<?xml version="1.0" encoding="UTF-8"?>
<testsuite xmlns:xsi="http://www.w3.org/2001/XMLSchema-instance" xsi:noNamespaceSchemaLocation="https://maven.apache.org/surefire/maven-surefire-plugin/xsd/surefire-test-report.xsd" name="org.apache.hadoop.ozone.client.rpc.TestDeleteWithSlowFollower" time="45.297" tests="1" errors="0" skipped="0" failures="1">
  <properties>
    <property name="awt.toolkit" value="sun.awt.X11.XToolkit"/>
    <property name="file.encoding.pkg" value="sun.io"/>
    <property name="java.specification.version" value="1.8"/>
    <property name="sun.cpu.isalist" value=""/>
    <property name="sun.jnu.encoding" value="UTF-8"/>
    <property name="java.class.path" value="/home/runner/work/ozone/ozone/hadoop-ozone/integration-test/target/test-classes:/home/runner/work/ozone/ozone/hadoop-ozone/integration-test/target/classes:/home/runner/.m2/repository/org/apache/ozone/ozone-common/1.3.0-SNAPSHOT/ozone-common-1.3.0-SNAPSHOT.jar:/home/runner/.m2/repository/org/apache/commons/commons-compress/1.21/commons-compress-1.21.jar:/home/runner/.m2/repository/org/apache/ozone/hdds-common/1.3.0-SNAPSHOT/hdds-common-1.3.0-SNAPSHOT.jar:/home/runner/.m2/repository/org/apache/ozone/hdds-client/1.3.0-SNAPSHOT/hdds-client-1.3.0-SNAPSHOT.jar:/home/runner/.m2/repository/org/apache/ozone/ozone-interface-client/1.3.0-SNAPSHOT/ozone-interface-client-1.3.0-SNAPSHOT.jar:/home/runner/.m2/repository/org/apache/ozone/hdds-test-utils/1.3.0-SNAPSHOT/hdds-test-utils-1.3.0-SNAPSHOT.jar:/home/runner/.m2/repository/com/google/guava/guava/30.1.1-jre/guava-30.1.1-jre.jar:/home/runner/.m2/repository/com/google/guava/failureaccess/1.0.1/failureaccess-1.0.1.jar:/home/runner/.m2/repository/com/google/guava/listenablefuture/9999.0-empty-to-avoid-conflict-with-guava/listenablefuture-9999.0-empty-to-avoid-conflict-with-guava.jar:/home/runner/.m2/repository/com/google/code/findbugs/jsr305/3.0.0/jsr305-3.0.0.jar:/home/runner/.m2/repository/org/checkerframework/checker-qual/3.8.0/checker-qual-3.8.0.jar:/home/runner/.m2/repository/com/google/errorprone/error_prone_annotations/2.2.0/error_prone_annotations-2.2.0.jar:/home/runner/.m2/repository/com/google/j2objc/j2objc-annotations/1.3/j2objc-annotations-1.3.jar:/home/runner/.m2/repository/commons-io/commons-io/2.11.0/commons-io-2.11.0.jar:/home/runner/.m2/repository/commons-logging/commons-logging/1.2/commons-logging-1.2.jar:/home/runner/.m2/repository/log4j/log4j/1.2.17/log4j-1.2.17.jar:/home/runner/.m2/repository/org/slf4j/slf4j-api/1.7.30/slf4j-api-1.7.30.jar:/home/runner/.m2/repository/org/apache/ozone/hdds-server-scm/1.3.0-SNAPSHOT/hdds-server-scm-1.3.0-SNAPSHOT.jar:/home/runner/.m2/repository/org/apache/ozone/hdds-container-service/1.3.0-SNAPSHOT/hdds-container-service-1.3.0-SNAPSHOT.jar:/home/runner/.m2/repository/org/apache/ozone/hdds-hadoop-dependency-server/1.3.0-SNAPSHOT/hdds-hadoop-dependency-server-1.3.0-SNAPSHOT.jar:/home/runner/.m2/repository/org/apache/hadoop/hadoop-hdfs/3.3.1/hadoop-hdfs-3.3.1.jar:/home/runner/.m2/repository/org/apache/ozone/hdds-server-framework/1.3.0-SNAPSHOT/hdds-server-framework-1.3.0-SNAPSHOT.jar:/home/runner/.m2/repository/org/apache/ozone/hdds-interface-server/1.3.0-SNAPSHOT/hdds-interface-server-1.3.0-SNAPSHOT.jar:/home/runner/.m2/repository/org/eclipse/jetty/jetty-servlet/9.4.43.v20210629/jetty-servlet-9.4.43.v20210629.jar:/home/runner/.m2/repository/org/eclipse/jetty/jetty-security/9.4.43.v20210629/jetty-security-9.4.43.v20210629.jar:/home/runner/.m2/repository/org/rocksdb/rocksdbjni/6.25.3/rocksdbjni-6.25.3.jar:/home/runner/.m2/repository/io/prometheus/simpleclient_dropwizard/0.7.0/simpleclient_dropwizard-0.7.0.jar:/home/runner/.m2/repository/io/prometheus/simpleclient/0.7.0/simpleclient-0.7.0.jar:/home/runner/.m2/repository/io/prometheus/simpleclient_common/0.7.0/simpleclient_common-0.7.0.jar:/home/runner/.m2/repository/com/fasterxml/jackson/datatype/jackson-datatype-jsr310/2.12.1/jackson-datatype-jsr310-2.12.1.jar:/home/runner/.m2/repository/io/dropwizard/metrics/metrics-core/3.2.4/metrics-core-3.2.4.jar:/home/runner/.m2/repository/org/apache/hadoop/hadoop-hdfs-client/3.3.1/hadoop-hdfs-client-3.3.1.jar:/home/runner/.m2/repository/org/bouncycastle/bcprov-jdk15on/1.67/bcprov-jdk15on-1.67.jar:/home/runner/.m2/repository/com/google/protobuf/protobuf-java/2.5.0/protobuf-java-2.5.0.jar:/home/runner/.m2/repository/org/apache/ozone/ozone-manager/1.3.0-SNAPSHOT/ozone-manager-1.3.0-SNAPSHOT.jar:/home/runner/.m2/repository/org/aspectj/aspectjrt/1.9.7/aspectjrt-1.9.7.jar:/home/runner/.m2/repository/org/aspectj/aspectjweaver/1.9.7/aspectjweaver-1.9.7.jar:/home/runner/.m2/repository/org/apache/ozone/hdds-interface-client/1.3.0-SNAPSHOT/hdds-interface-client-1.3.0-SNAPSHOT.jar:/home/runner/.m2/repository/org/apache/hadoop/thirdparty/hadoop-shaded-protobuf_3_7/1.1.1/hadoop-shaded-protobuf_3_7-1.1.1.jar:/home/runner/.m2/repository/org/apache/ozone/ozone-interface-storage/1.3.0-SNAPSHOT/ozone-interface-storage-1.3.0-SNAPSHOT.jar:/home/runner/.m2/repository/org/reflections/reflections/0.9.11/reflections-0.9.11.jar:/home/runner/.m2/repository/org/apache/hadoop/hadoop-minikdc/3.3.1/hadoop-minikdc-3.3.1.jar:/home/runner/.m2/repository/org/apache/kerby/kerb-simplekdc/1.0.1/kerb-simplekdc-1.0.1.jar:/home/runner/.m2/repository/org/apache/kerby/kerb-client/1.0.1/kerb-client-1.0.1.jar:/home/runner/.m2/repository/org/apache/kerby/kerby-config/1.0.1/kerby-config-1.0.1.jar:/home/runner/.m2/repository/org/apache/kerby/kerb-common/1.0.1/kerb-common-1.0.1.jar:/home/runner/.m2/repository/org/apache/kerby/kerb-crypto/1.0.1/kerb-crypto-1.0.1.jar:/home/runner/.m2/repository/org/apache/kerby/kerb-util/1.0.1/kerb-util-1.0.1.jar:/home/runner/.m2/repository/org/apache/kerby/token-provider/1.0.1/token-provider-1.0.1.jar:/home/runner/.m2/repository/org/apache/kerby/kerb-admin/1.0.1/kerb-admin-1.0.1.jar:/home/runner/.m2/repository/org/apache/kerby/kerb-server/1.0.1/kerb-server-1.0.1.jar:/home/runner/.m2/repository/org/apache/kerby/kerb-identity/1.0.1/kerb-identity-1.0.1.jar:/home/runner/.m2/repository/org/apache/kerby/kerby-xdr/1.0.1/kerby-xdr-1.0.1.jar:/home/runner/.m2/repository/org/slf4j/slf4j-log4j12/1.7.30/slf4j-log4j12-1.7.30.jar:/home/runner/.m2/repository/org/apache/ozone/ozone-s3gateway/1.3.0-SNAPSHOT/ozone-s3gateway-1.3.0-SNAPSHOT.jar:/home/runner/.m2/repository/org/javassist/javassist/3.21.0-GA/javassist-3.21.0-GA.jar:/home/runner/.m2/repository/org/jboss/weld/servlet/weld-servlet/2.4.7.Final/weld-servlet-2.4.7.Final.jar:/home/runner/.m2/repository/org/glassfish/jersey/containers/jersey-container-servlet-core/2.33/jersey-container-servlet-core-2.33.jar:/home/runner/.m2/repository/org/glassfish/hk2/external/jakarta.inject/2.6.1/jakarta.inject-2.6.1.jar:/home/runner/.m2/repository/org/glassfish/jersey/core/jersey-common/2.33/jersey-common-2.33.jar:/home/runner/.m2/repository/jakarta/ws/rs/jakarta.ws.rs-api/2.1.6/jakarta.ws.rs-api-2.1.6.jar:/home/runner/.m2/repository/org/glassfish/jersey/ext/cdi/jersey-cdi1x/2.33/jersey-cdi1x-2.33.jar:/home/runner/.m2/repository/org/glassfish/jersey/inject/jersey-hk2/2.33/jersey-hk2-2.33.jar:/home/runner/.m2/repository/org/glassfish/hk2/hk2-locator/2.6.1/hk2-locator-2.6.1.jar:/home/runner/.m2/repository/org/glassfish/jersey/media/jersey-media-jaxb/2.33/jersey-media-jaxb-2.33.jar:/home/runner/.m2/repository/org/glassfish/hk2/osgi-resource-locator/1.0.3/osgi-resource-locator-1.0.3.jar:/home/runner/.m2/repository/org/glassfish/hk2/hk2-api/2.5.0/hk2-api-2.5.0.jar:/home/runner/.m2/repository/org/glassfish/hk2/hk2-utils/2.5.0/hk2-utils-2.5.0.jar:/home/runner/.m2/repository/org/glassfish/hk2/external/aopalliance-repackaged/2.5.0/aopalliance-repackaged-2.5.0.jar:/home/runner/.m2/repository/com/fasterxml/jackson/dataformat/jackson-dataformat-xml/2.12.1/jackson-dataformat-xml-2.12.1.jar:/home/runner/.m2/repository/com/fasterxml/jackson/core/jackson-core/2.12.1/jackson-core-2.12.1.jar:/home/runner/.m2/repository/com/fasterxml/jackson/module/jackson-module-jaxb-annotations/2.12.1/jackson-module-jaxb-annotations-2.12.1.jar:/home/runner/.m2/repository/jakarta/xml/bind/jakarta.xml.bind-api/2.3.2/jakarta.xml.bind-api-2.3.2.jar:/home/runner/.m2/repository/org/codehaus/woodstox/stax2-api/3.1.4/stax2-api-3.1.4.jar:/home/runner/.m2/repository/com/fasterxml/woodstox/woodstox-core/5.0.3/woodstox-core-5.0.3.jar:/home/runner/.m2/repository/javax/enterprise/cdi-api/1.2/cdi-api-1.2.jar:/home/runner/.m2/repository/javax/el/javax.el-api/3.0.0/javax.el-api-3.0.0.jar:/home/runner/.m2/repository/javax/interceptor/javax.interceptor-api/1.2/javax.interceptor-api-1.2.jar:/home/runner/.m2/repository/javax/inject/javax.inject/1/javax.inject-1.jar:/home/runner/.m2/repository/javax/xml/bind/jaxb-api/2.3.0/jaxb-api-2.3.0.jar:/home/runner/.m2/repository/org/glassfish/jaxb/jaxb-runtime/2.3.0.1/jaxb-runtime-2.3.0.1.jar:/home/runner/.m2/repository/org/glassfish/jaxb/jaxb-core/2.3.0.1/jaxb-core-2.3.0.1.jar:/home/runner/.m2/repository/org/glassfish/jaxb/txw2/2.3.0.1/txw2-2.3.0.1.jar:/home/runner/.m2/repository/com/sun/istack/istack-commons-runtime/3.0.5/istack-commons-runtime-3.0.5.jar:/home/runner/.m2/repository/org/jvnet/staxex/stax-ex/1.7.8/stax-ex-1.7.8.jar:/home/runner/.m2/repository/com/sun/xml/fastinfoset/FastInfoset/1.2.13/FastInfoset-1.2.13.jar:/home/runner/.m2/repository/javax/activation/activation/1.1.1/activation-1.1.1.jar:/home/runner/.m2/repository/org/apache/ozone/ozone-csi/1.3.0-SNAPSHOT/ozone-csi-1.3.0-SNAPSHOT.jar:/home/runner/.m2/repository/com/google/protobuf/protobuf-java-util/3.12.0/protobuf-java-util-3.12.0.jar:/home/runner/.m2/repository/com/google/code/gson/gson/2.2.4/gson-2.2.4.jar:/home/runner/.m2/repository/org/apache/ozone/hdds-config/1.3.0-SNAPSHOT/hdds-config-1.3.0-SNAPSHOT.jar:/home/runner/.m2/repository/io/grpc/grpc-netty/1.33.0/grpc-netty-1.33.0.jar:/home/runner/.m2/repository/io/grpc/grpc-core/1.33.0/grpc-core-1.33.0.jar:/home/runner/.m2/repository/com/google/android/annotations/4.1.1.4/annotations-4.1.1.4.jar:/home/runner/.m2/repository/io/netty/netty-codec-http2/4.1.63.Final/netty-codec-http2-4.1.63.Final.jar:/home/runner/.m2/repository/io/netty/netty-codec-http/4.1.63.Final/netty-codec-http-4.1.63.Final.jar:/home/runner/.m2/repository/io/netty/netty-handler-proxy/4.1.63.Final/netty-handler-proxy-4.1.63.Final.jar:/home/runner/.m2/repository/io/netty/netty-codec-socks/4.1.63.Final/netty-codec-socks-4.1.63.Final.jar:/home/runner/.m2/repository/io/perfmark/perfmark-api/0.19.0/perfmark-api-0.19.0.jar:/home/runner/.m2/repository/org/codehaus/mojo/animal-sniffer-annotations/1.18/animal-sniffer-annotations-1.18.jar:/home/runner/.m2/repository/io/netty/netty-transport-native-epoll/4.1.63.Final/netty-transport-native-epoll-4.1.63.Final.jar:/home/runner/.m2/repository/io/netty/netty-common/4.1.63.Final/netty-common-4.1.63.Final.jar:/home/runner/.m2/repository/io/netty/netty-buffer/4.1.63.Final/netty-buffer-4.1.63.Final.jar:/home/runner/.m2/repository/io/netty/netty-transport-native-unix-common/4.1.63.Final/netty-transport-native-unix-common-4.1.63.Final.jar:/home/runner/.m2/repository/io/grpc/grpc-protobuf/1.33.0/grpc-protobuf-1.33.0.jar:/home/runner/.m2/repository/io/grpc/grpc-api/1.33.0/grpc-api-1.33.0.jar:/home/runner/.m2/repository/io/grpc/grpc-context/1.33.0/grpc-context-1.33.0.jar:/home/runner/.m2/repository/com/google/api/grpc/proto-google-common-protos/1.17.0/proto-google-common-protos-1.17.0.jar:/home/runner/.m2/repository/io/grpc/grpc-protobuf-lite/1.33.0/grpc-protobuf-lite-1.33.0.jar:/home/runner/.m2/repository/io/grpc/grpc-stub/1.33.0/grpc-stub-1.33.0.jar:/home/runner/.m2/repository/org/apache/ozone/ozone-recon/1.3.0-SNAPSHOT/ozone-recon-1.3.0-SNAPSHOT.jar:/home/runner/.m2/repository/org/apache/ozone/ozone-reconcodegen/1.3.0-SNAPSHOT/ozone-reconcodegen-1.3.0-SNAPSHOT.jar:/home/runner/.m2/repository/com/google/inject/extensions/guice-multibindings/4.0/guice-multibindings-4.0.jar:/home/runner/.m2/repository/com/google/inject/guice/4.0/guice-4.0.jar:/home/runner/.m2/repository/aopalliance/aopalliance/1.0/aopalliance-1.0.jar:/home/runner/.m2/repository/com/google/inject/extensions/guice-assistedinject/4.0/guice-assistedinject-4.0.jar:/home/runner/.m2/repository/com/google/inject/extensions/guice-servlet/4.0/guice-servlet-4.0.jar:/home/runner/.m2/repository/org/glassfish/jersey/containers/jersey-container-servlet/2.33/jersey-container-servlet-2.33.jar:/home/runner/.m2/repository/org/glassfish/hk2/guice-bridge/2.5.0/guice-bridge-2.5.0.jar:/home/runner/.m2/repository/org/glassfish/jersey/core/jersey-server/2.33/jersey-server-2.33.jar:/home/runner/.m2/repository/org/glassfish/jersey/core/jersey-client/2.33/jersey-client-2.33.jar:/home/runner/.m2/repository/jakarta/annotation/jakarta.annotation-api/1.3.5/jakarta.annotation-api-1.3.5.jar:/home/runner/.m2/repository/jakarta/validation/jakarta.validation-api/2.0.2/jakarta.validation-api-2.0.2.jar:/home/runner/.m2/repository/org/glassfish/jersey/media/jersey-media-json-jackson/2.33/jersey-media-json-jackson-2.33.jar:/home/runner/.m2/repository/org/glassfish/jersey/ext/jersey-entity-filtering/2.33/jersey-entity-filtering-2.33.jar:/home/runner/.m2/repository/org/jooq/jooq/3.11.10/jooq-3.11.10.jar:/home/runner/.m2/repository/org/jooq/jooq-meta/3.11.10/jooq-meta-3.11.10.jar:/home/runner/.m2/repository/org/jooq/jooq-codegen/3.11.10/jooq-codegen-3.11.10.jar:/home/runner/.m2/repository/com/jolbox/bonecp/0.8.0.RELEASE/bonecp-0.8.0.RELEASE.jar:/home/runner/.m2/repository/org/apache/derby/derby/10.14.2.0/derby-10.14.2.0.jar:/home/runner/.m2/repository/org/xerial/sqlite-jdbc/3.25.2/sqlite-jdbc-3.25.2.jar:/home/runner/.m2/repository/org/springframework/spring-jdbc/5.2.18.RELEASE/spring-jdbc-5.2.18.RELEASE.jar:/home/runner/.m2/repository/org/springframework/spring-beans/5.2.18.RELEASE/spring-beans-5.2.18.RELEASE.jar:/home/runner/.m2/repository/org/springframework/spring-core/5.2.18.RELEASE/spring-core-5.2.18.RELEASE.jar:/home/runner/.m2/repository/org/springframework/spring-jcl/5.2.18.RELEASE/spring-jcl-5.2.18.RELEASE.jar:/home/runner/.m2/repository/org/springframework/spring-tx/5.2.18.RELEASE/spring-tx-5.2.18.RELEASE.jar:/home/runner/.m2/repository/org/apache/ozone/ozone-client/1.3.0-SNAPSHOT/ozone-client-1.3.0-SNAPSHOT.jar:/home/runner/.m2/repository/org/apache/ozone/ozone-filesystem/1.3.0-SNAPSHOT/ozone-filesystem-1.3.0-SNAPSHOT.jar:/home/runner/.m2/repository/org/apache/ozone/ozone-filesystem-common/1.3.0-SNAPSHOT/ozone-filesystem-common-1.3.0-SNAPSHOT.jar:/home/runner/.m2/repository/org/apache/ozone/ozone-tools/1.3.0-SNAPSHOT/ozone-tools-1.3.0-SNAPSHOT.jar:/home/runner/.m2/repository/org/apache/ratis/ratis-tools/2.2.0/ratis-tools-2.2.0.jar:/home/runner/.m2/repository/com/amazonaws/aws-java-sdk-core/1.12.124/aws-java-sdk-core-1.12.124.jar:/home/runner/.m2/repository/org/apache/httpcomponents/httpclient/4.5.13/httpclient-4.5.13.jar:/home/runner/.m2/repository/org/apache/httpcomponents/httpcore/4.4.13/httpcore-4.4.13.jar:/home/runner/.m2/repository/software/amazon/ion/ion-java/1.0.2/ion-java-1.0.2.jar:/home/runner/.m2/repository/com/fasterxml/jackson/dataformat/jackson-dataformat-cbor/2.12.1/jackson-dataformat-cbor-2.12.1.jar:/home/runner/.m2/repository/joda-time/joda-time/2.8.1/joda-time-2.8.1.jar:/home/runner/.m2/repository/com/amazonaws/aws-java-sdk-s3/1.12.124/aws-java-sdk-s3-1.12.124.jar:/home/runner/.m2/repository/com/amazonaws/aws-java-sdk-kms/1.12.124/aws-java-sdk-kms-1.12.124.jar:/home/runner/.m2/repository/com/amazonaws/jmespath-java/1.12.124/jmespath-java-1.12.124.jar:/home/runner/.m2/repository/org/kohsuke/metainf-services/metainf-services/1.8/metainf-services-1.8.jar:/home/runner/.m2/repository/org/apache/ozone/hdds-tools/1.3.0-SNAPSHOT/hdds-tools-1.3.0-SNAPSHOT.jar:/home/runner/.m2/repository/commons-cli/commons-cli/1.2/commons-cli-1.2.jar:/home/runner/.m2/repository/org/apache/commons/commons-lang3/3.7/commons-lang3-3.7.jar:/home/runner/.m2/repository/org/apache/ozone/ozone-manager/1.3.0-SNAPSHOT/ozone-manager-1.3.0-SNAPSHOT-tests.jar:/home/runner/.m2/repository/org/apache/ozone/hdds-common/1.3.0-SNAPSHOT/hdds-common-1.3.0-SNAPSHOT-tests.jar:/home/runner/.m2/repository/org/apache/ozone/hdds-hadoop-dependency-client/1.3.0-SNAPSHOT/hdds-hadoop-dependency-client-1.3.0-SNAPSHOT.jar:/home/runner/.m2/repository/info/picocli/picocli/4.6.1/picocli-4.6.1.jar:/home/runner/.m2/repository/com/fasterxml/jackson/core/jackson-annotations/2.12.1/jackson-annotations-2.12.1.jar:/home/runner/.m2/repository/javax/annotation/javax.annotation-api/1.2/javax.annotation-api-1.2.jar:/home/runner/.m2/repository/org/apache/ratis/ratis-server/2.2.0/ratis-server-2.2.0.jar:/home/runner/.m2/repository/org/apache/ratis/ratis-client/2.2.0/ratis-client-2.2.0.jar:/home/runner/.m2/repository/org/apache/ratis/ratis-server-api/2.2.0/ratis-server-api-2.2.0.jar:/home/runner/.m2/repository/org/apache/ratis/ratis-metrics/2.2.0/ratis-metrics-2.2.0.jar:/home/runner/.m2/repository/org/apache/ratis/ratis-netty/2.2.0/ratis-netty-2.2.0.jar:/home/runner/.m2/repository/org/apache/ratis/ratis-grpc/2.2.0/ratis-grpc-2.2.0.jar:/home/runner/.m2/repository/org/apache/logging/log4j/log4j-api/2.17.1/log4j-api-2.17.1.jar:/home/runner/.m2/repository/org/apache/logging/log4j/log4j-core/2.17.1/log4j-core-2.17.1.jar:/home/runner/.m2/repository/com/lmax/disruptor/3.4.2/disruptor-3.4.2.jar:/home/runner/.m2/repository/org/apache/commons/commons-pool2/2.6.0/commons-pool2-2.6.0.jar:/home/runner/.m2/repository/org/bouncycastle/bcpkix-jdk15on/1.67/bcpkix-jdk15on-1.67.jar:/home/runner/.m2/repository/commons-validator/commons-validator/1.6/commons-validator-1.6.jar:/home/runner/.m2/repository/commons-beanutils/commons-beanutils/1.9.4/commons-beanutils-1.9.4.jar:/home/runner/.m2/repository/commons-digester/commons-digester/1.8.1/commons-digester-1.8.1.jar:/home/runner/.m2/repository/commons-collections/commons-collections/3.2.2/commons-collections-3.2.2.jar:/home/runner/.m2/repository/io/jaegertracing/jaeger-client/1.6.0/jaeger-client-1.6.0.jar:/home/runner/.m2/repository/io/jaegertracing/jaeger-thrift/1.6.0/jaeger-thrift-1.6.0.jar:/home/runner/.m2/repository/org/apache/thrift/libthrift/0.14.1/libthrift-0.14.1.jar:/home/runner/.m2/repository/com/squareup/okhttp3/okhttp/4.9.0/okhttp-4.9.0.jar:/home/runner/.m2/repository/com/squareup/okio/okio/2.8.0/okio-2.8.0.jar:/home/runner/.m2/repository/io/jaegertracing/jaeger-core/1.6.0/jaeger-core-1.6.0.jar:/home/runner/.m2/repository/io/jaegertracing/jaeger-tracerresolver/1.6.0/jaeger-tracerresolver-1.6.0.jar:/home/runner/.m2/repository/io/opentracing/contrib/opentracing-tracerresolver/0.1.8/opentracing-tracerresolver-0.1.8.jar:/home/runner/.m2/repository/org/jetbrains/kotlin/kotlin-stdlib/1.4.31/kotlin-stdlib-1.4.31.jar:/home/runner/.m2/repository/org/jetbrains/kotlin/kotlin-stdlib-common/1.4.31/kotlin-stdlib-common-1.4.31.jar:/home/runner/.m2/repository/org/jetbrains/annotations/13.0/annotations-13.0.jar:/home/runner/.m2/repository/io/opentracing/opentracing-util/0.33.0/opentracing-util-0.33.0.jar:/home/runner/.m2/repository/io/opentracing/opentracing-api/0.33.0/opentracing-api-0.33.0.jar:/home/runner/.m2/repository/io/opentracing/opentracing-noop/0.33.0/opentracing-noop-0.33.0.jar:/home/runner/.m2/repository/org/yaml/snakeyaml/1.26/snakeyaml-1.26.jar:/home/runner/.m2/repository/org/apache/ozone/hdds-interface-admin/1.3.0-SNAPSHOT/hdds-interface-admin-1.3.0-SNAPSHOT.jar:/home/runner/.m2/repository/junit/junit/4.13.1/junit-4.13.1.jar:/home/runner/.m2/repository/org/hamcrest/hamcrest-core/1.3/hamcrest-core-1.3.jar:/home/runner/.m2/repository/org/junit/jupiter/junit-jupiter-api/5.7.0/junit-jupiter-api-5.7.0.jar:/home/runner/.m2/repository/org/apiguardian/apiguardian-api/1.1.0/apiguardian-api-1.1.0.jar:/home/runner/.m2/repository/org/opentest4j/opentest4j/1.2.0/opentest4j-1.2.0.jar:/home/runner/.m2/repository/org/junit/platform/junit-platform-commons/1.7.0/junit-platform-commons-1.7.0.jar:/home/runner/.m2/repository/org/junit/jupiter/junit-jupiter-engine/5.7.0/junit-jupiter-engine-5.7.0.jar:/home/runner/.m2/repository/org/junit/platform/junit-platform-engine/1.7.0/junit-platform-engine-1.7.0.jar:/home/runner/.m2/repository/org/junit/vintage/junit-vintage-engine/5.7.0/junit-vintage-engine-5.7.0.jar:/home/runner/.m2/repository/org/junit/platform/junit-platform-launcher/1.7.0/junit-platform-launcher-1.7.0.jar:/home/runner/.m2/repository/org/openjdk/jmh/jmh-core/1.19/jmh-core-1.19.jar:/home/runner/.m2/repository/net/sf/jopt-simple/jopt-simple/4.6/jopt-simple-4.6.jar:/home/runner/.m2/repository/org/apache/commons/commons-math3/3.1.1/commons-math3-3.1.1.jar:/home/runner/.m2/repository/org/openjdk/jmh/jmh-generator-annprocess/1.19/jmh-generator-annprocess-1.19.jar:/home/runner/.m2/repository/org/mockito/mockito-core/2.28.2/mockito-core-2.28.2.jar:/home/runner/.m2/repository/net/bytebuddy/byte-buddy/1.9.10/byte-buddy-1.9.10.jar:/home/runner/.m2/repository/net/bytebuddy/byte-buddy-agent/1.9.10/byte-buddy-agent-1.9.10.jar:/home/runner/.m2/repository/org/objenesis/objenesis/1.0/objenesis-1.0.jar:/home/runner/.m2/repository/org/apache/hadoop/hadoop-kms/3.3.1/hadoop-kms-3.3.1.jar:/home/runner/.m2/repository/org/apache/hadoop/hadoop-auth/3.3.1/hadoop-auth-3.3.1.jar:/home/runner/.m2/repository/com/nimbusds/nimbus-jose-jwt/7.9/nimbus-jose-jwt-7.9.jar:/home/runner/.m2/repository/com/github/stephenc/jcip/jcip-annotations/1.0-1/jcip-annotations-1.0-1.jar:/home/runner/.m2/repository/net/minidev/json-smart/2.3.1/json-smart-2.3.1.jar:/home/runner/.m2/repository/net/minidev/accessors-smart/2.3.1/accessors-smart-2.3.1.jar:/home/runner/.m2/repository/org/ow2/asm/asm/5.0.4/asm-5.0.4.jar:/home/runner/.m2/repository/org/apache/zookeeper/zookeeper/3.5.6/zookeeper-3.5.6.jar:/home/runner/.m2/repository/org/apache/zookeeper/zookeeper-jute/3.5.6/zookeeper-jute-3.5.6.jar:/home/runner/.m2/repository/org/apache/yetus/audience-annotations/0.5.0/audience-annotations-0.5.0.jar:/home/runner/.m2/repository/org/apache/curator/curator-framework/4.2.0/curator-framework-4.2.0.jar:/home/runner/.m2/repository/org/apache/hadoop/thirdparty/hadoop-shaded-guava/1.1.1/hadoop-shaded-guava-1.1.1.jar:/home/runner/.m2/repository/com/sun/jersey/jersey-core/1.19/jersey-core-1.19.jar:/home/runner/.m2/repository/javax/ws/rs/jsr311-api/1.1.1/jsr311-api-1.1.1.jar:/home/runner/.m2/repository/com/sun/jersey/jersey-server/1.19/jersey-server-1.19.jar:/home/runner/.m2/repository/javax/servlet/javax.servlet-api/3.1.0/javax.servlet-api-3.1.0.jar:/home/runner/.m2/repository/org/eclipse/jetty/jetty-server/9.4.43.v20210629/jetty-server-9.4.43.v20210629.jar:/home/runner/.m2/repository/org/eclipse/jetty/jetty-http/9.4.43.v20210629/jetty-http-9.4.43.v20210629.jar:/home/runner/.m2/repository/org/eclipse/jetty/jetty-io/9.4.43.v20210629/jetty-io-9.4.43.v20210629.jar:/home/runner/.m2/repository/org/eclipse/jetty/jetty-webapp/9.4.43.v20210629/jetty-webapp-9.4.43.v20210629.jar:/home/runner/.m2/repository/org/eclipse/jetty/jetty-xml/9.4.43.v20210629/jetty-xml-9.4.43.v20210629.jar:/home/runner/.m2/repository/org/apache/hadoop/hadoop-common/3.3.1/hadoop-common-3.3.1.jar:/home/runner/.m2/repository/commons-net/commons-net/3.6/commons-net-3.6.jar:/home/runner/.m2/repository/jakarta/activation/jakarta.activation-api/1.2.1/jakarta.activation-api-1.2.1.jar:/home/runner/.m2/repository/com/sun/jersey/jersey-servlet/1.19/jersey-servlet-1.19.jar:/home/runner/.m2/repository/com/sun/jersey/jersey-json/1.19/jersey-json-1.19.jar:/home/runner/.m2/repository/org/codehaus/jettison/jettison/1.1/jettison-1.1.jar:/home/runner/.m2/repository/com/sun/xml/bind/jaxb-impl/2.2.3-1/jaxb-impl-2.2.3-1.jar:/home/runner/.m2/repository/org/codehaus/jackson/jackson-jaxrs/1.9.2/jackson-jaxrs-1.9.2.jar:/home/runner/.m2/repository/org/codehaus/jackson/jackson-xc/1.9.2/jackson-xc-1.9.2.jar:/home/runner/.m2/repository/org/apache/commons/commons-configuration2/2.1.1/commons-configuration2-2.1.1.jar:/home/runner/.m2/repository/org/apache/commons/commons-text/1.4/commons-text-1.4.jar:/home/runner/.m2/repository/com/google/re2j/re2j/1.1/re2j-1.1.jar:/home/runner/.m2/repository/com/jcraft/jsch/0.1.54/jsch-0.1.54.jar:/home/runner/.m2/repository/org/apache/curator/curator-client/4.2.0/curator-client-4.2.0.jar:/home/runner/.m2/repository/org/apache/curator/curator-recipes/4.2.0/curator-recipes-4.2.0.jar:/home/runner/.m2/repository/org/apache/kerby/kerb-core/1.0.1/kerb-core-1.0.1.jar:/home/runner/.m2/repository/org/apache/kerby/kerby-pkix/1.0.1/kerby-pkix-1.0.1.jar:/home/runner/.m2/repository/org/apache/kerby/kerby-asn1/1.0.1/kerby-asn1-1.0.1.jar:/home/runner/.m2/repository/org/apache/kerby/kerby-util/1.0.1/kerby-util-1.0.1.jar:/home/runner/.m2/repository/dnsjava/dnsjava/2.1.7/dnsjava-2.1.7.jar:/home/runner/.m2/repository/org/xerial/snappy/snappy-java/1.1.8.2/snappy-java-1.1.8.2.jar:/home/runner/.m2/repository/org/slf4j/jul-to-slf4j/1.7.30/jul-to-slf4j-1.7.30.jar:/home/runner/.m2/repository/org/eclipse/jetty/jetty-util/9.4.43.v20210629/jetty-util-9.4.43.v20210629.jar:/home/runner/.m2/repository/com/fasterxml/jackson/core/jackson-databind/2.12.1/jackson-databind-2.12.1.jar:/home/runner/.m2/repository/org/apache/hadoop/hadoop-kms/3.3.1/hadoop-kms-3.3.1-tests.jar:/home/runner/.m2/repository/org/apache/ozone/hdds-server-scm/1.3.0-SNAPSHOT/hdds-server-scm-1.3.0-SNAPSHOT-tests.jar:/home/runner/.m2/repository/org/apache/ozone/hdds-container-service/1.3.0-SNAPSHOT/hdds-container-service-1.3.0-SNAPSHOT-tests.jar:/home/runner/.m2/repository/commons-codec/commons-codec/1.11/commons-codec-1.11.jar:/home/runner/.m2/repository/io/netty/netty-transport/4.1.63.Final/netty-transport-4.1.63.Final.jar:/home/runner/.m2/repository/io/netty/netty-resolver/4.1.63.Final/netty-resolver-4.1.63.Final.jar:/home/runner/.m2/repository/io/netty/netty-codec/4.1.63.Final/netty-codec-4.1.63.Final.jar:/home/runner/.m2/repository/io/netty/netty-handler/4.1.63.Final/netty-handler-4.1.63.Final.jar:/home/runner/.m2/repository/org/apache/ozone/hdds-hadoop-dependency-test/1.3.0-SNAPSHOT/hdds-hadoop-dependency-test-1.3.0-SNAPSHOT.jar:/home/runner/.m2/repository/org/apache/hadoop/hadoop-common/3.3.1/hadoop-common-3.3.1-tests.jar:/home/runner/.m2/repository/org/assertj/assertj-core/3.12.2/assertj-core-3.12.2.jar:/home/runner/.m2/repository/org/apache/hadoop/hadoop-hdfs/3.3.1/hadoop-hdfs-3.3.1-tests.jar:/home/runner/.m2/repository/org/eclipse/jetty/jetty-util-ajax/9.4.43.v20210629/jetty-util-ajax-9.4.43.v20210629.jar:/home/runner/.m2/repository/commons-daemon/commons-daemon/1.0.13/commons-daemon-1.0.13.jar:/home/runner/.m2/repository/io/netty/netty/3.10.6.Final/netty-3.10.6.Final.jar:/home/runner/.m2/repository/io/netty/netty-all/4.1.63.Final/netty-all-4.1.63.Final.jar:/home/runner/.m2/repository/org/apache/htrace/htrace-core4/4.1.0-incubating/htrace-core4-4.1.0-incubating.jar:/home/runner/.m2/repository/org/fusesource/leveldbjni/leveldbjni-all/1.8/leveldbjni-all-1.8.jar:/home/runner/.m2/repository/org/apache/hadoop/hadoop-distcp/3.3.1/hadoop-distcp-3.3.1.jar:/home/runner/.m2/repository/org/apache/hadoop/hadoop-mapreduce-client-jobclient/3.3.1/hadoop-mapreduce-client-jobclient-3.3.1.jar:/home/runner/.m2/repository/org/apache/hadoop/hadoop-mapreduce-client-common/3.3.1/hadoop-mapreduce-client-common-3.3.1.jar:/home/runner/.m2/repository/org/apache/hadoop/hadoop-yarn-common/3.3.1/hadoop-yarn-common-3.3.1.jar:/home/runner/.m2/repository/org/apache/hadoop/hadoop-yarn-api/3.3.1/hadoop-yarn-api-3.3.1.jar:/home/runner/.m2/repository/com/sun/jersey/jersey-client/1.19/jersey-client-1.19.jar:/home/runner/.m2/repository/com/sun/jersey/contribs/jersey-guice/1.19/jersey-guice-1.19.jar:/home/runner/.m2/repository/com/fasterxml/jackson/jaxrs/jackson-jaxrs-json-provider/2.12.1/jackson-jaxrs-json-provider-2.12.1.jar:/home/runner/.m2/repository/com/fasterxml/jackson/jaxrs/jackson-jaxrs-base/2.12.1/jackson-jaxrs-base-2.12.1.jar:/home/runner/.m2/repository/org/apache/hadoop/hadoop-yarn-client/3.3.1/hadoop-yarn-client-3.3.1.jar:/home/runner/.m2/repository/org/eclipse/jetty/websocket/websocket-client/9.4.40.v20210413/websocket-client-9.4.40.v20210413.jar:/home/runner/.m2/repository/org/eclipse/jetty/jetty-client/9.4.40.v20210413/jetty-client-9.4.40.v20210413.jar:/home/runner/.m2/repository/org/eclipse/jetty/websocket/websocket-common/9.4.40.v20210413/websocket-common-9.4.40.v20210413.jar:/home/runner/.m2/repository/org/eclipse/jetty/websocket/websocket-api/9.4.40.v20210413/websocket-api-9.4.40.v20210413.jar:/home/runner/.m2/repository/org/jline/jline/3.9.0/jline-3.9.0.jar:/home/runner/.m2/repository/org/apache/hadoop/hadoop-mapreduce-client-core/3.3.1/hadoop-mapreduce-client-core-3.3.1.jar:/home/runner/.m2/repository/org/apache/avro/avro/1.7.7/avro-1.7.7.jar:/home/runner/.m2/repository/org/codehaus/jackson/jackson-core-asl/1.9.13/jackson-core-asl-1.9.13.jar:/home/runner/.m2/repository/org/codehaus/jackson/jackson-mapper-asl/1.9.13/jackson-mapper-asl-1.9.13.jar:/home/runner/.m2/repository/com/thoughtworks/paranamer/paranamer/2.3/paranamer-2.3.jar:/home/runner/.m2/repository/org/apache/hadoop/hadoop-annotations/3.3.1/hadoop-annotations-3.3.1.jar:/usr/lib/jvm/adoptopenjdk-8-hotspot-amd64/jre/../lib/tools.jar:/home/runner/.m2/repository/org/apache/hadoop/hadoop-distcp/3.3.1/hadoop-distcp-3.3.1-tests.jar:/home/runner/.m2/repository/org/apache/ratis/ratis-common/2.2.0/ratis-common-2.2.0.jar:/home/runner/.m2/repository/org/apache/ratis/ratis-thirdparty-misc/0.7.0/ratis-thirdparty-misc-0.7.0.jar:/home/runner/.m2/repository/org/apache/ratis/ratis-proto/2.2.0/ratis-proto-2.2.0.jar:"/>
    <property name="java.vm.vendor" value="AdoptOpenJDK"/>
    <property name="sun.arch.data.model" value="64"/>
    <property name="test.build.dir" value="/home/runner/work/ozone/ozone/hadoop-ozone/integration-test/target/test-dir"/>
    <property name="test.cache.data" value=""/>
    <property name="java.vendor.url" value="https://adoptopenjdk.net/"/>
    <property name="user.timezone" value=""/>
    <property name="java.vm.specification.version" value="1.8"/>
    <property name="os.name" value="Linux"/>
    <property name="test.build.data" value="/home/runner/work/ozone/ozone/hadoop-ozone/integration-test/target/test-dir"/>
    <property name="sun.java.launcher" value="SUN_STANDARD"/>
    <property name="sun.boot.library.path" value="/usr/lib/jvm/adoptopenjdk-8-hotspot-amd64/jre/lib/amd64"/>
    <property name="sun.java.command" value="/home/runner/work/ozone/ozone/hadoop-ozone/integration-test/target/surefire/surefirebooter4849356903306393961.jar /home/runner/work/ozone/ozone/hadoop-ozone/integration-test/target/surefire 2022-01-07T00-55-46_822-jvmRun1 surefire7416775426840422044tmp surefire_167701403105105346190tmp"/>
    <property name="surefire.test.class.path" value="/home/runner/work/ozone/ozone/hadoop-ozone/integration-test/target/test-classes:/home/runner/work/ozone/ozone/hadoop-ozone/integration-test/target/classes:/home/runner/.m2/repository/org/apache/ozone/ozone-common/1.3.0-SNAPSHOT/ozone-common-1.3.0-SNAPSHOT.jar:/home/runner/.m2/repository/org/apache/commons/commons-compress/1.21/commons-compress-1.21.jar:/home/runner/.m2/repository/org/apache/ozone/hdds-common/1.3.0-SNAPSHOT/hdds-common-1.3.0-SNAPSHOT.jar:/home/runner/.m2/repository/org/apache/ozone/hdds-client/1.3.0-SNAPSHOT/hdds-client-1.3.0-SNAPSHOT.jar:/home/runner/.m2/repository/org/apache/ozone/ozone-interface-client/1.3.0-SNAPSHOT/ozone-interface-client-1.3.0-SNAPSHOT.jar:/home/runner/.m2/repository/org/apache/ozone/hdds-test-utils/1.3.0-SNAPSHOT/hdds-test-utils-1.3.0-SNAPSHOT.jar:/home/runner/.m2/repository/com/google/guava/guava/30.1.1-jre/guava-30.1.1-jre.jar:/home/runner/.m2/repository/com/google/guava/failureaccess/1.0.1/failureaccess-1.0.1.jar:/home/runner/.m2/repository/com/google/guava/listenablefuture/9999.0-empty-to-avoid-conflict-with-guava/listenablefuture-9999.0-empty-to-avoid-conflict-with-guava.jar:/home/runner/.m2/repository/com/google/code/findbugs/jsr305/3.0.0/jsr305-3.0.0.jar:/home/runner/.m2/repository/org/checkerframework/checker-qual/3.8.0/checker-qual-3.8.0.jar:/home/runner/.m2/repository/com/google/errorprone/error_prone_annotations/2.2.0/error_prone_annotations-2.2.0.jar:/home/runner/.m2/repository/com/google/j2objc/j2objc-annotations/1.3/j2objc-annotations-1.3.jar:/home/runner/.m2/repository/commons-io/commons-io/2.11.0/commons-io-2.11.0.jar:/home/runner/.m2/repository/commons-logging/commons-logging/1.2/commons-logging-1.2.jar:/home/runner/.m2/repository/log4j/log4j/1.2.17/log4j-1.2.17.jar:/home/runner/.m2/repository/org/slf4j/slf4j-api/1.7.30/slf4j-api-1.7.30.jar:/home/runner/.m2/repository/org/apache/ozone/hdds-server-scm/1.3.0-SNAPSHOT/hdds-server-scm-1.3.0-SNAPSHOT.jar:/home/runner/.m2/repository/org/apache/ozone/hdds-container-service/1.3.0-SNAPSHOT/hdds-container-service-1.3.0-SNAPSHOT.jar:/home/runner/.m2/repository/org/apache/ozone/hdds-hadoop-dependency-server/1.3.0-SNAPSHOT/hdds-hadoop-dependency-server-1.3.0-SNAPSHOT.jar:/home/runner/.m2/repository/org/apache/hadoop/hadoop-hdfs/3.3.1/hadoop-hdfs-3.3.1.jar:/home/runner/.m2/repository/org/apache/ozone/hdds-server-framework/1.3.0-SNAPSHOT/hdds-server-framework-1.3.0-SNAPSHOT.jar:/home/runner/.m2/repository/org/apache/ozone/hdds-interface-server/1.3.0-SNAPSHOT/hdds-interface-server-1.3.0-SNAPSHOT.jar:/home/runner/.m2/repository/org/eclipse/jetty/jetty-servlet/9.4.43.v20210629/jetty-servlet-9.4.43.v20210629.jar:/home/runner/.m2/repository/org/eclipse/jetty/jetty-security/9.4.43.v20210629/jetty-security-9.4.43.v20210629.jar:/home/runner/.m2/repository/org/rocksdb/rocksdbjni/6.25.3/rocksdbjni-6.25.3.jar:/home/runner/.m2/repository/io/prometheus/simpleclient_dropwizard/0.7.0/simpleclient_dropwizard-0.7.0.jar:/home/runner/.m2/repository/io/prometheus/simpleclient/0.7.0/simpleclient-0.7.0.jar:/home/runner/.m2/repository/io/prometheus/simpleclient_common/0.7.0/simpleclient_common-0.7.0.jar:/home/runner/.m2/repository/com/fasterxml/jackson/datatype/jackson-datatype-jsr310/2.12.1/jackson-datatype-jsr310-2.12.1.jar:/home/runner/.m2/repository/io/dropwizard/metrics/metrics-core/3.2.4/metrics-core-3.2.4.jar:/home/runner/.m2/repository/org/apache/hadoop/hadoop-hdfs-client/3.3.1/hadoop-hdfs-client-3.3.1.jar:/home/runner/.m2/repository/org/bouncycastle/bcprov-jdk15on/1.67/bcprov-jdk15on-1.67.jar:/home/runner/.m2/repository/com/google/protobuf/protobuf-java/2.5.0/protobuf-java-2.5.0.jar:/home/runner/.m2/repository/org/apache/ozone/ozone-manager/1.3.0-SNAPSHOT/ozone-manager-1.3.0-SNAPSHOT.jar:/home/runner/.m2/repository/org/aspectj/aspectjrt/1.9.7/aspectjrt-1.9.7.jar:/home/runner/.m2/repository/org/aspectj/aspectjweaver/1.9.7/aspectjweaver-1.9.7.jar:/home/runner/.m2/repository/org/apache/ozone/hdds-interface-client/1.3.0-SNAPSHOT/hdds-interface-client-1.3.0-SNAPSHOT.jar:/home/runner/.m2/repository/org/apache/hadoop/thirdparty/hadoop-shaded-protobuf_3_7/1.1.1/hadoop-shaded-protobuf_3_7-1.1.1.jar:/home/runner/.m2/repository/org/apache/ozone/ozone-interface-storage/1.3.0-SNAPSHOT/ozone-interface-storage-1.3.0-SNAPSHOT.jar:/home/runner/.m2/repository/org/reflections/reflections/0.9.11/reflections-0.9.11.jar:/home/runner/.m2/repository/org/apache/hadoop/hadoop-minikdc/3.3.1/hadoop-minikdc-3.3.1.jar:/home/runner/.m2/repository/org/apache/kerby/kerb-simplekdc/1.0.1/kerb-simplekdc-1.0.1.jar:/home/runner/.m2/repository/org/apache/kerby/kerb-client/1.0.1/kerb-client-1.0.1.jar:/home/runner/.m2/repository/org/apache/kerby/kerby-config/1.0.1/kerby-config-1.0.1.jar:/home/runner/.m2/repository/org/apache/kerby/kerb-common/1.0.1/kerb-common-1.0.1.jar:/home/runner/.m2/repository/org/apache/kerby/kerb-crypto/1.0.1/kerb-crypto-1.0.1.jar:/home/runner/.m2/repository/org/apache/kerby/kerb-util/1.0.1/kerb-util-1.0.1.jar:/home/runner/.m2/repository/org/apache/kerby/token-provider/1.0.1/token-provider-1.0.1.jar:/home/runner/.m2/repository/org/apache/kerby/kerb-admin/1.0.1/kerb-admin-1.0.1.jar:/home/runner/.m2/repository/org/apache/kerby/kerb-server/1.0.1/kerb-server-1.0.1.jar:/home/runner/.m2/repository/org/apache/kerby/kerb-identity/1.0.1/kerb-identity-1.0.1.jar:/home/runner/.m2/repository/org/apache/kerby/kerby-xdr/1.0.1/kerby-xdr-1.0.1.jar:/home/runner/.m2/repository/org/slf4j/slf4j-log4j12/1.7.30/slf4j-log4j12-1.7.30.jar:/home/runner/.m2/repository/org/apache/ozone/ozone-s3gateway/1.3.0-SNAPSHOT/ozone-s3gateway-1.3.0-SNAPSHOT.jar:/home/runner/.m2/repository/org/javassist/javassist/3.21.0-GA/javassist-3.21.0-GA.jar:/home/runner/.m2/repository/org/jboss/weld/servlet/weld-servlet/2.4.7.Final/weld-servlet-2.4.7.Final.jar:/home/runner/.m2/repository/org/glassfish/jersey/containers/jersey-container-servlet-core/2.33/jersey-container-servlet-core-2.33.jar:/home/runner/.m2/repository/org/glassfish/hk2/external/jakarta.inject/2.6.1/jakarta.inject-2.6.1.jar:/home/runner/.m2/repository/org/glassfish/jersey/core/jersey-common/2.33/jersey-common-2.33.jar:/home/runner/.m2/repository/jakarta/ws/rs/jakarta.ws.rs-api/2.1.6/jakarta.ws.rs-api-2.1.6.jar:/home/runner/.m2/repository/org/glassfish/jersey/ext/cdi/jersey-cdi1x/2.33/jersey-cdi1x-2.33.jar:/home/runner/.m2/repository/org/glassfish/jersey/inject/jersey-hk2/2.33/jersey-hk2-2.33.jar:/home/runner/.m2/repository/org/glassfish/hk2/hk2-locator/2.6.1/hk2-locator-2.6.1.jar:/home/runner/.m2/repository/org/glassfish/jersey/media/jersey-media-jaxb/2.33/jersey-media-jaxb-2.33.jar:/home/runner/.m2/repository/org/glassfish/hk2/osgi-resource-locator/1.0.3/osgi-resource-locator-1.0.3.jar:/home/runner/.m2/repository/org/glassfish/hk2/hk2-api/2.5.0/hk2-api-2.5.0.jar:/home/runner/.m2/repository/org/glassfish/hk2/hk2-utils/2.5.0/hk2-utils-2.5.0.jar:/home/runner/.m2/repository/org/glassfish/hk2/external/aopalliance-repackaged/2.5.0/aopalliance-repackaged-2.5.0.jar:/home/runner/.m2/repository/com/fasterxml/jackson/dataformat/jackson-dataformat-xml/2.12.1/jackson-dataformat-xml-2.12.1.jar:/home/runner/.m2/repository/com/fasterxml/jackson/core/jackson-core/2.12.1/jackson-core-2.12.1.jar:/home/runner/.m2/repository/com/fasterxml/jackson/module/jackson-module-jaxb-annotations/2.12.1/jackson-module-jaxb-annotations-2.12.1.jar:/home/runner/.m2/repository/jakarta/xml/bind/jakarta.xml.bind-api/2.3.2/jakarta.xml.bind-api-2.3.2.jar:/home/runner/.m2/repository/org/codehaus/woodstox/stax2-api/3.1.4/stax2-api-3.1.4.jar:/home/runner/.m2/repository/com/fasterxml/woodstox/woodstox-core/5.0.3/woodstox-core-5.0.3.jar:/home/runner/.m2/repository/javax/enterprise/cdi-api/1.2/cdi-api-1.2.jar:/home/runner/.m2/repository/javax/el/javax.el-api/3.0.0/javax.el-api-3.0.0.jar:/home/runner/.m2/repository/javax/interceptor/javax.interceptor-api/1.2/javax.interceptor-api-1.2.jar:/home/runner/.m2/repository/javax/inject/javax.inject/1/javax.inject-1.jar:/home/runner/.m2/repository/javax/xml/bind/jaxb-api/2.3.0/jaxb-api-2.3.0.jar:/home/runner/.m2/repository/org/glassfish/jaxb/jaxb-runtime/2.3.0.1/jaxb-runtime-2.3.0.1.jar:/home/runner/.m2/repository/org/glassfish/jaxb/jaxb-core/2.3.0.1/jaxb-core-2.3.0.1.jar:/home/runner/.m2/repository/org/glassfish/jaxb/txw2/2.3.0.1/txw2-2.3.0.1.jar:/home/runner/.m2/repository/com/sun/istack/istack-commons-runtime/3.0.5/istack-commons-runtime-3.0.5.jar:/home/runner/.m2/repository/org/jvnet/staxex/stax-ex/1.7.8/stax-ex-1.7.8.jar:/home/runner/.m2/repository/com/sun/xml/fastinfoset/FastInfoset/1.2.13/FastInfoset-1.2.13.jar:/home/runner/.m2/repository/javax/activation/activation/1.1.1/activation-1.1.1.jar:/home/runner/.m2/repository/org/apache/ozone/ozone-csi/1.3.0-SNAPSHOT/ozone-csi-1.3.0-SNAPSHOT.jar:/home/runner/.m2/repository/com/google/protobuf/protobuf-java-util/3.12.0/protobuf-java-util-3.12.0.jar:/home/runner/.m2/repository/com/google/code/gson/gson/2.2.4/gson-2.2.4.jar:/home/runner/.m2/repository/org/apache/ozone/hdds-config/1.3.0-SNAPSHOT/hdds-config-1.3.0-SNAPSHOT.jar:/home/runner/.m2/repository/io/grpc/grpc-netty/1.33.0/grpc-netty-1.33.0.jar:/home/runner/.m2/repository/io/grpc/grpc-core/1.33.0/grpc-core-1.33.0.jar:/home/runner/.m2/repository/com/google/android/annotations/4.1.1.4/annotations-4.1.1.4.jar:/home/runner/.m2/repository/io/netty/netty-codec-http2/4.1.63.Final/netty-codec-http2-4.1.63.Final.jar:/home/runner/.m2/repository/io/netty/netty-codec-http/4.1.63.Final/netty-codec-http-4.1.63.Final.jar:/home/runner/.m2/repository/io/netty/netty-handler-proxy/4.1.63.Final/netty-handler-proxy-4.1.63.Final.jar:/home/runner/.m2/repository/io/netty/netty-codec-socks/4.1.63.Final/netty-codec-socks-4.1.63.Final.jar:/home/runner/.m2/repository/io/perfmark/perfmark-api/0.19.0/perfmark-api-0.19.0.jar:/home/runner/.m2/repository/org/codehaus/mojo/animal-sniffer-annotations/1.18/animal-sniffer-annotations-1.18.jar:/home/runner/.m2/repository/io/netty/netty-transport-native-epoll/4.1.63.Final/netty-transport-native-epoll-4.1.63.Final.jar:/home/runner/.m2/repository/io/netty/netty-common/4.1.63.Final/netty-common-4.1.63.Final.jar:/home/runner/.m2/repository/io/netty/netty-buffer/4.1.63.Final/netty-buffer-4.1.63.Final.jar:/home/runner/.m2/repository/io/netty/netty-transport-native-unix-common/4.1.63.Final/netty-transport-native-unix-common-4.1.63.Final.jar:/home/runner/.m2/repository/io/grpc/grpc-protobuf/1.33.0/grpc-protobuf-1.33.0.jar:/home/runner/.m2/repository/io/grpc/grpc-api/1.33.0/grpc-api-1.33.0.jar:/home/runner/.m2/repository/io/grpc/grpc-context/1.33.0/grpc-context-1.33.0.jar:/home/runner/.m2/repository/com/google/api/grpc/proto-google-common-protos/1.17.0/proto-google-common-protos-1.17.0.jar:/home/runner/.m2/repository/io/grpc/grpc-protobuf-lite/1.33.0/grpc-protobuf-lite-1.33.0.jar:/home/runner/.m2/repository/io/grpc/grpc-stub/1.33.0/grpc-stub-1.33.0.jar:/home/runner/.m2/repository/org/apache/ozone/ozone-recon/1.3.0-SNAPSHOT/ozone-recon-1.3.0-SNAPSHOT.jar:/home/runner/.m2/repository/org/apache/ozone/ozone-reconcodegen/1.3.0-SNAPSHOT/ozone-reconcodegen-1.3.0-SNAPSHOT.jar:/home/runner/.m2/repository/com/google/inject/extensions/guice-multibindings/4.0/guice-multibindings-4.0.jar:/home/runner/.m2/repository/com/google/inject/guice/4.0/guice-4.0.jar:/home/runner/.m2/repository/aopalliance/aopalliance/1.0/aopalliance-1.0.jar:/home/runner/.m2/repository/com/google/inject/extensions/guice-assistedinject/4.0/guice-assistedinject-4.0.jar:/home/runner/.m2/repository/com/google/inject/extensions/guice-servlet/4.0/guice-servlet-4.0.jar:/home/runner/.m2/repository/org/glassfish/jersey/containers/jersey-container-servlet/2.33/jersey-container-servlet-2.33.jar:/home/runner/.m2/repository/org/glassfish/hk2/guice-bridge/2.5.0/guice-bridge-2.5.0.jar:/home/runner/.m2/repository/org/glassfish/jersey/core/jersey-server/2.33/jersey-server-2.33.jar:/home/runner/.m2/repository/org/glassfish/jersey/core/jersey-client/2.33/jersey-client-2.33.jar:/home/runner/.m2/repository/jakarta/annotation/jakarta.annotation-api/1.3.5/jakarta.annotation-api-1.3.5.jar:/home/runner/.m2/repository/jakarta/validation/jakarta.validation-api/2.0.2/jakarta.validation-api-2.0.2.jar:/home/runner/.m2/repository/org/glassfish/jersey/media/jersey-media-json-jackson/2.33/jersey-media-json-jackson-2.33.jar:/home/runner/.m2/repository/org/glassfish/jersey/ext/jersey-entity-filtering/2.33/jersey-entity-filtering-2.33.jar:/home/runner/.m2/repository/org/jooq/jooq/3.11.10/jooq-3.11.10.jar:/home/runner/.m2/repository/org/jooq/jooq-meta/3.11.10/jooq-meta-3.11.10.jar:/home/runner/.m2/repository/org/jooq/jooq-codegen/3.11.10/jooq-codegen-3.11.10.jar:/home/runner/.m2/repository/com/jolbox/bonecp/0.8.0.RELEASE/bonecp-0.8.0.RELEASE.jar:/home/runner/.m2/repository/org/apache/derby/derby/10.14.2.0/derby-10.14.2.0.jar:/home/runner/.m2/repository/org/xerial/sqlite-jdbc/3.25.2/sqlite-jdbc-3.25.2.jar:/home/runner/.m2/repository/org/springframework/spring-jdbc/5.2.18.RELEASE/spring-jdbc-5.2.18.RELEASE.jar:/home/runner/.m2/repository/org/springframework/spring-beans/5.2.18.RELEASE/spring-beans-5.2.18.RELEASE.jar:/home/runner/.m2/repository/org/springframework/spring-core/5.2.18.RELEASE/spring-core-5.2.18.RELEASE.jar:/home/runner/.m2/repository/org/springframework/spring-jcl/5.2.18.RELEASE/spring-jcl-5.2.18.RELEASE.jar:/home/runner/.m2/repository/org/springframework/spring-tx/5.2.18.RELEASE/spring-tx-5.2.18.RELEASE.jar:/home/runner/.m2/repository/org/apache/ozone/ozone-client/1.3.0-SNAPSHOT/ozone-client-1.3.0-SNAPSHOT.jar:/home/runner/.m2/repository/org/apache/ozone/ozone-filesystem/1.3.0-SNAPSHOT/ozone-filesystem-1.3.0-SNAPSHOT.jar:/home/runner/.m2/repository/org/apache/ozone/ozone-filesystem-common/1.3.0-SNAPSHOT/ozone-filesystem-common-1.3.0-SNAPSHOT.jar:/home/runner/.m2/repository/org/apache/ozone/ozone-tools/1.3.0-SNAPSHOT/ozone-tools-1.3.0-SNAPSHOT.jar:/home/runner/.m2/repository/org/apache/ratis/ratis-tools/2.2.0/ratis-tools-2.2.0.jar:/home/runner/.m2/repository/com/amazonaws/aws-java-sdk-core/1.12.124/aws-java-sdk-core-1.12.124.jar:/home/runner/.m2/repository/org/apache/httpcomponents/httpclient/4.5.13/httpclient-4.5.13.jar:/home/runner/.m2/repository/org/apache/httpcomponents/httpcore/4.4.13/httpcore-4.4.13.jar:/home/runner/.m2/repository/software/amazon/ion/ion-java/1.0.2/ion-java-1.0.2.jar:/home/runner/.m2/repository/com/fasterxml/jackson/dataformat/jackson-dataformat-cbor/2.12.1/jackson-dataformat-cbor-2.12.1.jar:/home/runner/.m2/repository/joda-time/joda-time/2.8.1/joda-time-2.8.1.jar:/home/runner/.m2/repository/com/amazonaws/aws-java-sdk-s3/1.12.124/aws-java-sdk-s3-1.12.124.jar:/home/runner/.m2/repository/com/amazonaws/aws-java-sdk-kms/1.12.124/aws-java-sdk-kms-1.12.124.jar:/home/runner/.m2/repository/com/amazonaws/jmespath-java/1.12.124/jmespath-java-1.12.124.jar:/home/runner/.m2/repository/org/kohsuke/metainf-services/metainf-services/1.8/metainf-services-1.8.jar:/home/runner/.m2/repository/org/apache/ozone/hdds-tools/1.3.0-SNAPSHOT/hdds-tools-1.3.0-SNAPSHOT.jar:/home/runner/.m2/repository/commons-cli/commons-cli/1.2/commons-cli-1.2.jar:/home/runner/.m2/repository/org/apache/commons/commons-lang3/3.7/commons-lang3-3.7.jar:/home/runner/.m2/repository/org/apache/ozone/ozone-manager/1.3.0-SNAPSHOT/ozone-manager-1.3.0-SNAPSHOT-tests.jar:/home/runner/.m2/repository/org/apache/ozone/hdds-common/1.3.0-SNAPSHOT/hdds-common-1.3.0-SNAPSHOT-tests.jar:/home/runner/.m2/repository/org/apache/ozone/hdds-hadoop-dependency-client/1.3.0-SNAPSHOT/hdds-hadoop-dependency-client-1.3.0-SNAPSHOT.jar:/home/runner/.m2/repository/info/picocli/picocli/4.6.1/picocli-4.6.1.jar:/home/runner/.m2/repository/com/fasterxml/jackson/core/jackson-annotations/2.12.1/jackson-annotations-2.12.1.jar:/home/runner/.m2/repository/javax/annotation/javax.annotation-api/1.2/javax.annotation-api-1.2.jar:/home/runner/.m2/repository/org/apache/ratis/ratis-server/2.2.0/ratis-server-2.2.0.jar:/home/runner/.m2/repository/org/apache/ratis/ratis-client/2.2.0/ratis-client-2.2.0.jar:/home/runner/.m2/repository/org/apache/ratis/ratis-server-api/2.2.0/ratis-server-api-2.2.0.jar:/home/runner/.m2/repository/org/apache/ratis/ratis-metrics/2.2.0/ratis-metrics-2.2.0.jar:/home/runner/.m2/repository/org/apache/ratis/ratis-netty/2.2.0/ratis-netty-2.2.0.jar:/home/runner/.m2/repository/org/apache/ratis/ratis-grpc/2.2.0/ratis-grpc-2.2.0.jar:/home/runner/.m2/repository/org/apache/logging/log4j/log4j-api/2.17.1/log4j-api-2.17.1.jar:/home/runner/.m2/repository/org/apache/logging/log4j/log4j-core/2.17.1/log4j-core-2.17.1.jar:/home/runner/.m2/repository/com/lmax/disruptor/3.4.2/disruptor-3.4.2.jar:/home/runner/.m2/repository/org/apache/commons/commons-pool2/2.6.0/commons-pool2-2.6.0.jar:/home/runner/.m2/repository/org/bouncycastle/bcpkix-jdk15on/1.67/bcpkix-jdk15on-1.67.jar:/home/runner/.m2/repository/commons-validator/commons-validator/1.6/commons-validator-1.6.jar:/home/runner/.m2/repository/commons-beanutils/commons-beanutils/1.9.4/commons-beanutils-1.9.4.jar:/home/runner/.m2/repository/commons-digester/commons-digester/1.8.1/commons-digester-1.8.1.jar:/home/runner/.m2/repository/commons-collections/commons-collections/3.2.2/commons-collections-3.2.2.jar:/home/runner/.m2/repository/io/jaegertracing/jaeger-client/1.6.0/jaeger-client-1.6.0.jar:/home/runner/.m2/repository/io/jaegertracing/jaeger-thrift/1.6.0/jaeger-thrift-1.6.0.jar:/home/runner/.m2/repository/org/apache/thrift/libthrift/0.14.1/libthrift-0.14.1.jar:/home/runner/.m2/repository/com/squareup/okhttp3/okhttp/4.9.0/okhttp-4.9.0.jar:/home/runner/.m2/repository/com/squareup/okio/okio/2.8.0/okio-2.8.0.jar:/home/runner/.m2/repository/io/jaegertracing/jaeger-core/1.6.0/jaeger-core-1.6.0.jar:/home/runner/.m2/repository/io/jaegertracing/jaeger-tracerresolver/1.6.0/jaeger-tracerresolver-1.6.0.jar:/home/runner/.m2/repository/io/opentracing/contrib/opentracing-tracerresolver/0.1.8/opentracing-tracerresolver-0.1.8.jar:/home/runner/.m2/repository/org/jetbrains/kotlin/kotlin-stdlib/1.4.31/kotlin-stdlib-1.4.31.jar:/home/runner/.m2/repository/org/jetbrains/kotlin/kotlin-stdlib-common/1.4.31/kotlin-stdlib-common-1.4.31.jar:/home/runner/.m2/repository/org/jetbrains/annotations/13.0/annotations-13.0.jar:/home/runner/.m2/repository/io/opentracing/opentracing-util/0.33.0/opentracing-util-0.33.0.jar:/home/runner/.m2/repository/io/opentracing/opentracing-api/0.33.0/opentracing-api-0.33.0.jar:/home/runner/.m2/repository/io/opentracing/opentracing-noop/0.33.0/opentracing-noop-0.33.0.jar:/home/runner/.m2/repository/org/yaml/snakeyaml/1.26/snakeyaml-1.26.jar:/home/runner/.m2/repository/org/apache/ozone/hdds-interface-admin/1.3.0-SNAPSHOT/hdds-interface-admin-1.3.0-SNAPSHOT.jar:/home/runner/.m2/repository/junit/junit/4.13.1/junit-4.13.1.jar:/home/runner/.m2/repository/org/hamcrest/hamcrest-core/1.3/hamcrest-core-1.3.jar:/home/runner/.m2/repository/org/junit/jupiter/junit-jupiter-api/5.7.0/junit-jupiter-api-5.7.0.jar:/home/runner/.m2/repository/org/apiguardian/apiguardian-api/1.1.0/apiguardian-api-1.1.0.jar:/home/runner/.m2/repository/org/opentest4j/opentest4j/1.2.0/opentest4j-1.2.0.jar:/home/runner/.m2/repository/org/junit/platform/junit-platform-commons/1.7.0/junit-platform-commons-1.7.0.jar:/home/runner/.m2/repository/org/junit/jupiter/junit-jupiter-engine/5.7.0/junit-jupiter-engine-5.7.0.jar:/home/runner/.m2/repository/org/junit/platform/junit-platform-engine/1.7.0/junit-platform-engine-1.7.0.jar:/home/runner/.m2/repository/org/junit/vintage/junit-vintage-engine/5.7.0/junit-vintage-engine-5.7.0.jar:/home/runner/.m2/repository/org/junit/platform/junit-platform-launcher/1.7.0/junit-platform-launcher-1.7.0.jar:/home/runner/.m2/repository/org/openjdk/jmh/jmh-core/1.19/jmh-core-1.19.jar:/home/runner/.m2/repository/net/sf/jopt-simple/jopt-simple/4.6/jopt-simple-4.6.jar:/home/runner/.m2/repository/org/apache/commons/commons-math3/3.1.1/commons-math3-3.1.1.jar:/home/runner/.m2/repository/org/openjdk/jmh/jmh-generator-annprocess/1.19/jmh-generator-annprocess-1.19.jar:/home/runner/.m2/repository/org/mockito/mockito-core/2.28.2/mockito-core-2.28.2.jar:/home/runner/.m2/repository/net/bytebuddy/byte-buddy/1.9.10/byte-buddy-1.9.10.jar:/home/runner/.m2/repository/net/bytebuddy/byte-buddy-agent/1.9.10/byte-buddy-agent-1.9.10.jar:/home/runner/.m2/repository/org/objenesis/objenesis/1.0/objenesis-1.0.jar:/home/runner/.m2/repository/org/apache/hadoop/hadoop-kms/3.3.1/hadoop-kms-3.3.1.jar:/home/runner/.m2/repository/org/apache/hadoop/hadoop-auth/3.3.1/hadoop-auth-3.3.1.jar:/home/runner/.m2/repository/com/nimbusds/nimbus-jose-jwt/7.9/nimbus-jose-jwt-7.9.jar:/home/runner/.m2/repository/com/github/stephenc/jcip/jcip-annotations/1.0-1/jcip-annotations-1.0-1.jar:/home/runner/.m2/repository/net/minidev/json-smart/2.3.1/json-smart-2.3.1.jar:/home/runner/.m2/repository/net/minidev/accessors-smart/2.3.1/accessors-smart-2.3.1.jar:/home/runner/.m2/repository/org/ow2/asm/asm/5.0.4/asm-5.0.4.jar:/home/runner/.m2/repository/org/apache/zookeeper/zookeeper/3.5.6/zookeeper-3.5.6.jar:/home/runner/.m2/repository/org/apache/zookeeper/zookeeper-jute/3.5.6/zookeeper-jute-3.5.6.jar:/home/runner/.m2/repository/org/apache/yetus/audience-annotations/0.5.0/audience-annotations-0.5.0.jar:/home/runner/.m2/repository/org/apache/curator/curator-framework/4.2.0/curator-framework-4.2.0.jar:/home/runner/.m2/repository/org/apache/hadoop/thirdparty/hadoop-shaded-guava/1.1.1/hadoop-shaded-guava-1.1.1.jar:/home/runner/.m2/repository/com/sun/jersey/jersey-core/1.19/jersey-core-1.19.jar:/home/runner/.m2/repository/javax/ws/rs/jsr311-api/1.1.1/jsr311-api-1.1.1.jar:/home/runner/.m2/repository/com/sun/jersey/jersey-server/1.19/jersey-server-1.19.jar:/home/runner/.m2/repository/javax/servlet/javax.servlet-api/3.1.0/javax.servlet-api-3.1.0.jar:/home/runner/.m2/repository/org/eclipse/jetty/jetty-server/9.4.43.v20210629/jetty-server-9.4.43.v20210629.jar:/home/runner/.m2/repository/org/eclipse/jetty/jetty-http/9.4.43.v20210629/jetty-http-9.4.43.v20210629.jar:/home/runner/.m2/repository/org/eclipse/jetty/jetty-io/9.4.43.v20210629/jetty-io-9.4.43.v20210629.jar:/home/runner/.m2/repository/org/eclipse/jetty/jetty-webapp/9.4.43.v20210629/jetty-webapp-9.4.43.v20210629.jar:/home/runner/.m2/repository/org/eclipse/jetty/jetty-xml/9.4.43.v20210629/jetty-xml-9.4.43.v20210629.jar:/home/runner/.m2/repository/org/apache/hadoop/hadoop-common/3.3.1/hadoop-common-3.3.1.jar:/home/runner/.m2/repository/commons-net/commons-net/3.6/commons-net-3.6.jar:/home/runner/.m2/repository/jakarta/activation/jakarta.activation-api/1.2.1/jakarta.activation-api-1.2.1.jar:/home/runner/.m2/repository/com/sun/jersey/jersey-servlet/1.19/jersey-servlet-1.19.jar:/home/runner/.m2/repository/com/sun/jersey/jersey-json/1.19/jersey-json-1.19.jar:/home/runner/.m2/repository/org/codehaus/jettison/jettison/1.1/jettison-1.1.jar:/home/runner/.m2/repository/com/sun/xml/bind/jaxb-impl/2.2.3-1/jaxb-impl-2.2.3-1.jar:/home/runner/.m2/repository/org/codehaus/jackson/jackson-jaxrs/1.9.2/jackson-jaxrs-1.9.2.jar:/home/runner/.m2/repository/org/codehaus/jackson/jackson-xc/1.9.2/jackson-xc-1.9.2.jar:/home/runner/.m2/repository/org/apache/commons/commons-configuration2/2.1.1/commons-configuration2-2.1.1.jar:/home/runner/.m2/repository/org/apache/commons/commons-text/1.4/commons-text-1.4.jar:/home/runner/.m2/repository/com/google/re2j/re2j/1.1/re2j-1.1.jar:/home/runner/.m2/repository/com/jcraft/jsch/0.1.54/jsch-0.1.54.jar:/home/runner/.m2/repository/org/apache/curator/curator-client/4.2.0/curator-client-4.2.0.jar:/home/runner/.m2/repository/org/apache/curator/curator-recipes/4.2.0/curator-recipes-4.2.0.jar:/home/runner/.m2/repository/org/apache/kerby/kerb-core/1.0.1/kerb-core-1.0.1.jar:/home/runner/.m2/repository/org/apache/kerby/kerby-pkix/1.0.1/kerby-pkix-1.0.1.jar:/home/runner/.m2/repository/org/apache/kerby/kerby-asn1/1.0.1/kerby-asn1-1.0.1.jar:/home/runner/.m2/repository/org/apache/kerby/kerby-util/1.0.1/kerby-util-1.0.1.jar:/home/runner/.m2/repository/dnsjava/dnsjava/2.1.7/dnsjava-2.1.7.jar:/home/runner/.m2/repository/org/xerial/snappy/snappy-java/1.1.8.2/snappy-java-1.1.8.2.jar:/home/runner/.m2/repository/org/slf4j/jul-to-slf4j/1.7.30/jul-to-slf4j-1.7.30.jar:/home/runner/.m2/repository/org/eclipse/jetty/jetty-util/9.4.43.v20210629/jetty-util-9.4.43.v20210629.jar:/home/runner/.m2/repository/com/fasterxml/jackson/core/jackson-databind/2.12.1/jackson-databind-2.12.1.jar:/home/runner/.m2/repository/org/apache/hadoop/hadoop-kms/3.3.1/hadoop-kms-3.3.1-tests.jar:/home/runner/.m2/repository/org/apache/ozone/hdds-server-scm/1.3.0-SNAPSHOT/hdds-server-scm-1.3.0-SNAPSHOT-tests.jar:/home/runner/.m2/repository/org/apache/ozone/hdds-container-service/1.3.0-SNAPSHOT/hdds-container-service-1.3.0-SNAPSHOT-tests.jar:/home/runner/.m2/repository/commons-codec/commons-codec/1.11/commons-codec-1.11.jar:/home/runner/.m2/repository/io/netty/netty-transport/4.1.63.Final/netty-transport-4.1.63.Final.jar:/home/runner/.m2/repository/io/netty/netty-resolver/4.1.63.Final/netty-resolver-4.1.63.Final.jar:/home/runner/.m2/repository/io/netty/netty-codec/4.1.63.Final/netty-codec-4.1.63.Final.jar:/home/runner/.m2/repository/io/netty/netty-handler/4.1.63.Final/netty-handler-4.1.63.Final.jar:/home/runner/.m2/repository/org/apache/ozone/hdds-hadoop-dependency-test/1.3.0-SNAPSHOT/hdds-hadoop-dependency-test-1.3.0-SNAPSHOT.jar:/home/runner/.m2/repository/org/apache/hadoop/hadoop-common/3.3.1/hadoop-common-3.3.1-tests.jar:/home/runner/.m2/repository/org/assertj/assertj-core/3.12.2/assertj-core-3.12.2.jar:/home/runner/.m2/repository/org/apache/hadoop/hadoop-hdfs/3.3.1/hadoop-hdfs-3.3.1-tests.jar:/home/runner/.m2/repository/org/eclipse/jetty/jetty-util-ajax/9.4.43.v20210629/jetty-util-ajax-9.4.43.v20210629.jar:/home/runner/.m2/repository/commons-daemon/commons-daemon/1.0.13/commons-daemon-1.0.13.jar:/home/runner/.m2/repository/io/netty/netty/3.10.6.Final/netty-3.10.6.Final.jar:/home/runner/.m2/repository/io/netty/netty-all/4.1.63.Final/netty-all-4.1.63.Final.jar:/home/runner/.m2/repository/org/apache/htrace/htrace-core4/4.1.0-incubating/htrace-core4-4.1.0-incubating.jar:/home/runner/.m2/repository/org/fusesource/leveldbjni/leveldbjni-all/1.8/leveldbjni-all-1.8.jar:/home/runner/.m2/repository/org/apache/hadoop/hadoop-distcp/3.3.1/hadoop-distcp-3.3.1.jar:/home/runner/.m2/repository/org/apache/hadoop/hadoop-mapreduce-client-jobclient/3.3.1/hadoop-mapreduce-client-jobclient-3.3.1.jar:/home/runner/.m2/repository/org/apache/hadoop/hadoop-mapreduce-client-common/3.3.1/hadoop-mapreduce-client-common-3.3.1.jar:/home/runner/.m2/repository/org/apache/hadoop/hadoop-yarn-common/3.3.1/hadoop-yarn-common-3.3.1.jar:/home/runner/.m2/repository/org/apache/hadoop/hadoop-yarn-api/3.3.1/hadoop-yarn-api-3.3.1.jar:/home/runner/.m2/repository/com/sun/jersey/jersey-client/1.19/jersey-client-1.19.jar:/home/runner/.m2/repository/com/sun/jersey/contribs/jersey-guice/1.19/jersey-guice-1.19.jar:/home/runner/.m2/repository/com/fasterxml/jackson/jaxrs/jackson-jaxrs-json-provider/2.12.1/jackson-jaxrs-json-provider-2.12.1.jar:/home/runner/.m2/repository/com/fasterxml/jackson/jaxrs/jackson-jaxrs-base/2.12.1/jackson-jaxrs-base-2.12.1.jar:/home/runner/.m2/repository/org/apache/hadoop/hadoop-yarn-client/3.3.1/hadoop-yarn-client-3.3.1.jar:/home/runner/.m2/repository/org/eclipse/jetty/websocket/websocket-client/9.4.40.v20210413/websocket-client-9.4.40.v20210413.jar:/home/runner/.m2/repository/org/eclipse/jetty/jetty-client/9.4.40.v20210413/jetty-client-9.4.40.v20210413.jar:/home/runner/.m2/repository/org/eclipse/jetty/websocket/websocket-common/9.4.40.v20210413/websocket-common-9.4.40.v20210413.jar:/home/runner/.m2/repository/org/eclipse/jetty/websocket/websocket-api/9.4.40.v20210413/websocket-api-9.4.40.v20210413.jar:/home/runner/.m2/repository/org/jline/jline/3.9.0/jline-3.9.0.jar:/home/runner/.m2/repository/org/apache/hadoop/hadoop-mapreduce-client-core/3.3.1/hadoop-mapreduce-client-core-3.3.1.jar:/home/runner/.m2/repository/org/apache/avro/avro/1.7.7/avro-1.7.7.jar:/home/runner/.m2/repository/org/codehaus/jackson/jackson-core-asl/1.9.13/jackson-core-asl-1.9.13.jar:/home/runner/.m2/repository/org/codehaus/jackson/jackson-mapper-asl/1.9.13/jackson-mapper-asl-1.9.13.jar:/home/runner/.m2/repository/com/thoughtworks/paranamer/paranamer/2.3/paranamer-2.3.jar:/home/runner/.m2/repository/org/apache/hadoop/hadoop-annotations/3.3.1/hadoop-annotations-3.3.1.jar:/usr/lib/jvm/adoptopenjdk-8-hotspot-amd64/jre/../lib/tools.jar:/home/runner/.m2/repository/org/apache/hadoop/hadoop-distcp/3.3.1/hadoop-distcp-3.3.1-tests.jar:/home/runner/.m2/repository/org/apache/ratis/ratis-common/2.2.0/ratis-common-2.2.0.jar:/home/runner/.m2/repository/org/apache/ratis/ratis-thirdparty-misc/0.7.0/ratis-thirdparty-misc-0.7.0.jar:/home/runner/.m2/repository/org/apache/ratis/ratis-proto/2.2.0/ratis-proto-2.2.0.jar:"/>
    <property name="sun.cpu.endian" value="little"/>
    <property name="user.home" value="/home/runner"/>
    <property name="user.language" value="en"/>
    <property name="java.specification.vendor" value="Oracle Corporation"/>
    <property name="java.home" value="/usr/lib/jvm/adoptopenjdk-8-hotspot-amd64/jre"/>
    <property name="java.security.krb5.conf" value="/home/runner/work/ozone/ozone/hadoop-ozone/integration-test/target/test-classes/krb5.conf"/>
    <property name="basedir" value="/home/runner/work/ozone/ozone/hadoop-ozone/integration-test"/>
    <property name="file.separator" value="/"/>
    <property name="line.separator" value="&#10;"/>
    <property name="java.vm.specification.vendor" value="Oracle Corporation"/>
    <property name="java.specification.name" value="Java Platform API Specification"/>
    <property name="java.awt.graphicsenv" value="sun.awt.X11GraphicsEnvironment"/>
    <property name="skip.installnpx" value="true"/>
    <property name="surefire.real.class.path" value="/home/runner/work/ozone/ozone/hadoop-ozone/integration-test/target/surefire/surefirebooter4849356903306393961.jar:/home/runner/.m2/repository/org/jacoco/org.jacoco.agent/0.8.5/org.jacoco.agent-0.8.5-runtime.jar"/>
    <property name="hadoop.log.dir" value="/home/runner/work/ozone/ozone/hadoop-ozone/integration-test/target/log"/>
    <property name="sun.boot.class.path" value="/usr/lib/jvm/adoptopenjdk-8-hotspot-amd64/jre/lib/resources.jar:/usr/lib/jvm/adoptopenjdk-8-hotspot-amd64/jre/lib/rt.jar:/usr/lib/jvm/adoptopenjdk-8-hotspot-amd64/jre/lib/sunrsasign.jar:/usr/lib/jvm/adoptopenjdk-8-hotspot-amd64/jre/lib/jsse.jar:/usr/lib/jvm/adoptopenjdk-8-hotspot-amd64/jre/lib/jce.jar:/usr/lib/jvm/adoptopenjdk-8-hotspot-amd64/jre/lib/charsets.jar:/usr/lib/jvm/adoptopenjdk-8-hotspot-amd64/jre/lib/jfr.jar:/usr/lib/jvm/adoptopenjdk-8-hotspot-amd64/jre/classes"/>
    <property name="sun.management.compiler" value="HotSpot 64-Bit Tiered Compilers"/>
    <property name="skip.npx" value="true"/>
    <property name="java.runtime.version" value="1.8.0_292-b10"/>
    <property name="java.net.preferIPv4Stack" value="true"/>
    <property name="user.name" value="runner"/>
    <property name="path.separator" value=":"/>
    <property name="java.security.egd" value="file:///dev/urandom"/>
    <property name="os.version" value="5.4.0-1064-azure"/>
    <property name="java.endorsed.dirs" value="/usr/lib/jvm/adoptopenjdk-8-hotspot-amd64/jre/lib/endorsed"/>
    <property name="java.runtime.name" value="OpenJDK Runtime Environment"/>
    <property name="file.encoding" value="UTF-8"/>
    <property name="java.vm.name" value="OpenJDK 64-Bit Server VM"/>
    <property name="test.build.webapps" value=""/>
    <property name="localRepository" value="/home/runner/.m2/repository"/>
    <property name="java.vendor.url.bug" value="https://github.com/AdoptOpenJDK/openjdk-support/issues"/>
    <property name="java.io.tmpdir" value="/tmp"/>
    <property name="require.test.libhadoop" value=""/>
    <property name="java.version" value="1.8.0_292"/>
    <property name="user.dir" value="/home/runner/work/ozone/ozone/hadoop-ozone/integration-test"/>
    <property name="os.arch" value="amd64"/>
    <property name="java.vm.specification.name" value="Java Virtual Machine Specification"/>
    <property name="test.build.classes" value="/home/runner/work/ozone/ozone/hadoop-ozone/integration-test/target/test-classes"/>
    <property name="java.awt.printerjob" value="sun.print.PSPrinterJob"/>
    <property name="sun.os.patch.level" value="unknown"/>
    <property name="hadoop.tmp.dir" value="/home/runner/work/ozone/ozone/hadoop-ozone/integration-test/target/tmp"/>
    <property name="java.library.path" value="/usr/java/packages/lib/amd64:/usr/lib64:/lib64:/lib:/usr/lib"/>
    <property name="java.vm.info" value="mixed mode"/>
    <property name="java.vendor" value="AdoptOpenJDK"/>
    <property name="java.vm.version" value="25.292-b10"/>
    <property name="java.ext.dirs" value="/usr/lib/jvm/adoptopenjdk-8-hotspot-amd64/jre/lib/ext:/usr/java/packages/lib/ext"/>
    <property name="sun.io.unicode.encoding" value="UnicodeLittle"/>
    <property name="java.class.version" value="52.0"/>
  </properties>
  <testcase name="testDeleteKeyWithSlowFollower" classname="org.apache.hadoop.ozone.client.rpc.TestDeleteWithSlowFollower" time="0.193">
    <failure type="java.lang.AssertionError">java.lang.AssertionError
	at org.junit.Assert.fail(Assert.java:87)
	at org.junit.Assert.assertTrue(Assert.java:42)
	at org.junit.Assert.assertNotNull(Assert.java:713)
	at org.junit.Assert.assertNotNull(Assert.java:723)
	at org.apache.hadoop.ozone.client.rpc.TestDeleteWithSlowFollower.testDeleteKeyWithSlowFollower(TestDeleteWithSlowFollower.java:237)
	at sun.reflect.NativeMethodAccessorImpl.invoke0(Native Method)
	at sun.reflect.NativeMethodAccessorImpl.invoke(NativeMethodAccessorImpl.java:62)
	at sun.reflect.DelegatingMethodAccessorImpl.invoke(DelegatingMethodAccessorImpl.java:43)
	at java.lang.reflect.Method.invoke(Method.java:498)
	at org.junit.runners.model.FrameworkMethod$1.runReflectiveCall(FrameworkMethod.java:59)
	at org.junit.internal.runners.model.ReflectiveCallable.run(ReflectiveCallable.java:12)
	at org.junit.runners.model.FrameworkMethod.invokeExplosively(FrameworkMethod.java:56)
	at org.junit.internal.runners.statements.InvokeMethod.evaluate(InvokeMethod.java:17)
	at org.junit.runners.ParentRunner$3.evaluate(ParentRunner.java:306)
	at org.junit.runners.BlockJUnit4ClassRunner$1.evaluate(BlockJUnit4ClassRunner.java:100)
	at org.junit.runners.ParentRunner.runLeaf(ParentRunner.java:366)
	at org.junit.runners.BlockJUnit4ClassRunner.runChild(BlockJUnit4ClassRunner.java:103)
	at org.junit.runners.BlockJUnit4ClassRunner.runChild(BlockJUnit4ClassRunner.java:63)
	at org.junit.runners.ParentRunner$4.run(ParentRunner.java:331)
	at org.junit.runners.ParentRunner$1.schedule(ParentRunner.java:79)
	at org.junit.runners.ParentRunner.runChildren(ParentRunner.java:329)
	at org.junit.runners.ParentRunner.access$100(ParentRunner.java:66)
	at org.junit.runners.ParentRunner$2.evaluate(ParentRunner.java:293)
	at org.junit.internal.runners.statements.RunBefores.evaluate(RunBefores.java:26)
	at org.junit.internal.runners.statements.RunAfters.evaluate(RunAfters.java:27)
	at org.junit.runners.ParentRunner$3.evaluate(ParentRunner.java:306)
	at org.junit.runners.ParentRunner.run(ParentRunner.java:413)
	at org.junit.runner.JUnitCore.run(JUnitCore.java:137)
	at org.junit.runner.JUnitCore.run(JUnitCore.java:115)
	at org.junit.vintage.engine.execution.RunnerExecutor.execute(RunnerExecutor.java:43)
	at java.util.stream.ForEachOps$ForEachOp$OfRef.accept(ForEachOps.java:183)
	at java.util.stream.ReferencePipeline$3$1.accept(ReferencePipeline.java:193)
	at java.util.Iterator.forEachRemaining(Iterator.java:116)
	at java.util.Spliterators$IteratorSpliterator.forEachRemaining(Spliterators.java:1801)
	at java.util.stream.AbstractPipeline.copyInto(AbstractPipeline.java:482)
	at java.util.stream.AbstractPipeline.wrapAndCopyInto(AbstractPipeline.java:472)
	at java.util.stream.ForEachOps$ForEachOp.evaluateSequential(ForEachOps.java:150)
	at java.util.stream.ForEachOps$ForEachOp$OfRef.evaluateSequential(ForEachOps.java:173)
	at java.util.stream.AbstractPipeline.evaluate(AbstractPipeline.java:234)
	at java.util.stream.ReferencePipeline.forEach(ReferencePipeline.java:485)
	at org.junit.vintage.engine.VintageTestEngine.executeAllChildren(VintageTestEngine.java:82)
	at org.junit.vintage.engine.VintageTestEngine.execute(VintageTestEngine.java:73)
	at org.junit.platform.launcher.core.EngineExecutionOrchestrator.execute(EngineExecutionOrchestrator.java:108)
	at org.junit.platform.launcher.core.EngineExecutionOrchestrator.execute(EngineExecutionOrchestrator.java:88)
	at org.junit.platform.launcher.core.EngineExecutionOrchestrator.lambda$execute$0(EngineExecutionOrchestrator.java:54)
	at org.junit.platform.launcher.core.EngineExecutionOrchestrator.withInterceptedStreams(EngineExecutionOrchestrator.java:67)
	at org.junit.platform.launcher.core.EngineExecutionOrchestrator.execute(EngineExecutionOrchestrator.java:52)
	at org.junit.platform.launcher.core.DefaultLauncher.execute(DefaultLauncher.java:96)
	at org.junit.platform.launcher.core.DefaultLauncher.execute(DefaultLauncher.java:75)
	at org.apache.maven.surefire.junitplatform.JUnitPlatformProvider.invokeAllTests(JUnitPlatformProvider.java:142)
	at org.apache.maven.surefire.junitplatform.JUnitPlatformProvider.invoke(JUnitPlatformProvider.java:113)
	at org.apache.maven.surefire.booter.ForkedBooter.invokeProviderInSameClassLoader(ForkedBooter.java:384)
	at org.apache.maven.surefire.booter.ForkedBooter.runSuitesInProcess(ForkedBooter.java:345)
	at org.apache.maven.surefire.booter.ForkedBooter.execute(ForkedBooter.java:126)
	at org.apache.maven.surefire.booter.ForkedBooter.main(ForkedBooter.java:418)
</failure>
    <system-out><![CDATA[2022-01-07 01:23:44,675 [main] WARN  server.ServerUtils (ServerUtils.java:getScmDbDir(148)) - ozone.scm.db.dirs is not configured. We recommend adding this setting. Falling back to ozone.metadata.dirs instead.
2022-01-07 01:23:44,784 [main] INFO  ha.SCMHANodeDetails (SCMHANodeDetails.java:loadSCMHAConfig(157)) - ServiceID for StorageContainerManager is null
2022-01-07 01:23:44,793 [main] INFO  ha.SCMHANodeDetails (SCMHANodeDetails.java:loadSCMHAConfig(162)) - ozone.scm.default.service.id is not defined, falling back to ozone.scm.service.ids to find serviceID for StorageContainerManager if it is HA enabled cluster
2022-01-07 01:23:44,938 [main] WARN  server.ServerUtils (ServerUtils.java:getScmDbDir(148)) - ozone.scm.db.dirs is not configured. We recommend adding this setting. Falling back to ozone.metadata.dirs instead.
2022-01-07 01:23:44,941 [main] INFO  upgrade.AbstractLayoutVersionManager (AbstractLayoutVersionManager.java:init(79)) - Initializing Layout version manager with metadata layout = SCM_HA (version = 2), software layout = SCM_HA (version = 2)
2022-01-07 01:23:45,211 [main] INFO  reflections.Reflections (Reflections.java:scan(232)) - Reflections took 165 ms to scan 7 urls, producing 119 keys and 279 values 
2022-01-07 01:23:45,844 [main] WARN  utils.HAUtils (HAUtils.java:getMetaDir(342)) - ozone.scm.db.dirs is not configured. We recommend adding this setting. Falling back to ozone.metadata.dirs instead.
2022-01-07 01:23:46,000 [main] WARN  db.DBStoreBuilder (DBStoreBuilder.java:applyDBDefinition(145)) - ozone.scm.db.dirs is not configured. We recommend adding this setting. Falling back to ozone.metadata.dirs instead.
2022-01-07 01:23:46,160 [main] INFO  net.NodeSchemaLoader (NodeSchemaLoader.java:loadSchemaFromFile(129)) - Loading schema from [jar:file:/home/runner/.m2/repository/org/apache/ozone/hdds-common/1.3.0-SNAPSHOT/hdds-common-1.3.0-SNAPSHOT.jar!/network-topology-default.xml]
2022-01-07 01:23:46,162 [main] INFO  net.NodeSchemaLoader (NodeSchemaLoader.java:loadSchema(176)) - Loading network topology layer schema file
2022-01-07 01:23:46,202 [main] INFO  metrics.MetricRegistries (MetricRegistriesLoader.java:load(64)) - Loaded MetricRegistries class org.apache.ratis.metrics.impl.MetricRegistriesImpl
2022-01-07 01:23:46,217 [main] INFO  ha.SequenceIdGenerator (SequenceIdGenerator.java:upgradeToSequenceId(347)) - upgrade localId to 109611004723200000
2022-01-07 01:23:46,217 [main] INFO  ha.SequenceIdGenerator (SequenceIdGenerator.java:upgradeToSequenceId(357)) - upgrade delTxnId to 0
2022-01-07 01:23:46,220 [main] INFO  ha.SequenceIdGenerator (SequenceIdGenerator.java:upgradeToSequenceId(371)) - upgrade containerId to 0
2022-01-07 01:23:46,222 [main] INFO  ha.SequenceIdGenerator (SequenceIdGenerator.java:<init>(218)) - Init the HA SequenceIdGenerator.
2022-01-07 01:23:46,258 [main] WARN  server.ServerUtils (ServerUtils.java:sanitizeUserArgs(73)) - ozone.scm.stale.node.interval value = 1000000 is larger than max = 100000 based on the key value of ozone.scm.heartbeat.thread.interval, reset to the max value 100000.
2022-01-07 01:23:46,259 [main] WARN  server.ServerUtils (ServerUtils.java:sanitizeUserArgs(73)) - ozone.scm.stale.node.interval value = 1000000 is larger than max = 100000 based on the key value of ozone.scm.heartbeat.thread.interval, reset to the max value 100000.
2022-01-07 01:23:46,264 [main] INFO  node.SCMNodeManager (SCMNodeManager.java:<init>(144)) - Entering startup safe mode.
2022-01-07 01:23:46,316 [main] INFO  algorithms.ContainerPlacementPolicyFactory (ContainerPlacementPolicyFactory.java:getPolicy(60)) - Create container placement policy of type org.apache.hadoop.hdds.scm.container.placement.algorithms.SCMContainerPlacementRandom
2022-01-07 01:23:46,325 [main] INFO  pipeline.PipelineStateManagerImpl (PipelineStateManagerImpl.java:initialize(78)) - No pipeline exists in current db
2022-01-07 01:23:46,356 [main] INFO  algorithms.LeaderChoosePolicyFactory (LeaderChoosePolicyFactory.java:getPolicy(57)) - Create leader choose policy of type org.apache.hadoop.hdds.scm.pipeline.leader.choose.algorithms.MinLeaderCountChoosePolicy
2022-01-07 01:23:46,361 [main] INFO  ha.SCMServiceManager (SCMServiceManager.java:register(43)) - Registering service BackgroundPipelineCreator.
2022-01-07 01:23:46,361 [main] INFO  pipeline.BackgroundPipelineCreator (BackgroundPipelineCreator.java:start(130)) - Starting RatisPipelineUtilsThread.
2022-01-07 01:23:46,391 [main] INFO  algorithms.PipelineChoosePolicyFactory (PipelineChoosePolicyFactory.java:createPipelineChoosePolicyFromClass(73)) - Create pipeline choose policy of type org.apache.hadoop.hdds.scm.pipeline.choose.algorithms.RandomPipelineChoosePolicy
2022-01-07 01:23:46,408 [main] INFO  ha.SCMServiceManager (SCMServiceManager.java:register(43)) - Registering service SCMBlockDeletingService.
2022-01-07 01:23:46,432 [main] INFO  ha.SCMServiceManager (SCMServiceManager.java:register(43)) - Registering service ReplicationManager.
2022-01-07 01:23:46,435 [main] INFO  container.ReplicationManager (ReplicationManager.java:start(319)) - Starting Replication Monitor Thread.
2022-01-07 01:23:46,445 [main] INFO  safemode.ContainerSafeModeRule (ContainerSafeModeRule.java:<init>(89)) - containers with one replica threshold count 0
2022-01-07 01:23:46,445 [ReplicationMonitor] INFO  container.ReplicationManager (ReplicationManager.java:processAll(371)) - Replication Monitor Thread took 0 milliseconds for processing 0 containers.
2022-01-07 01:23:46,449 [main] INFO  safemode.HealthyPipelineSafeModeRule (HealthyPipelineSafeModeRule.java:initializeRule(156)) - Total pipeline count is 0, healthy pipeline threshold count is 1
2022-01-07 01:23:46,451 [main] INFO  safemode.OneReplicaPipelineSafeModeRule (OneReplicaPipelineSafeModeRule.java:initializeRule(180)) - Total pipeline count is 0, pipeline's with at least one datanode reported threshold count is 0
2022-01-07 01:23:46,825 [main] INFO  ipc.CallQueueManager (CallQueueManager.java:<init>(90)) - Using callQueue: class java.util.concurrent.LinkedBlockingQueue, queueCapacity: 2000, scheduler: class org.apache.hadoop.ipc.DefaultRpcScheduler, ipcBackoff: false.
2022-01-07 01:23:46,863 [Socket Reader #1 for port 0] INFO  ipc.Server (Server.java:run(1265)) - Starting Socket Reader #1 for port 0
2022-01-07 01:23:46,911 [Listener at 0.0.0.0/43925] INFO  ipc.CallQueueManager (CallQueueManager.java:<init>(90)) - Using callQueue: class java.util.concurrent.LinkedBlockingQueue, queueCapacity: 2000, scheduler: class org.apache.hadoop.ipc.DefaultRpcScheduler, ipcBackoff: false.
2022-01-07 01:23:46,913 [Socket Reader #1 for port 0] INFO  ipc.Server (Server.java:run(1265)) - Starting Socket Reader #1 for port 0
2022-01-07 01:23:46,930 [Listener at 0.0.0.0/44905] INFO  ipc.CallQueueManager (CallQueueManager.java:<init>(90)) - Using callQueue: class java.util.concurrent.LinkedBlockingQueue, queueCapacity: 2000, scheduler: class org.apache.hadoop.ipc.DefaultRpcScheduler, ipcBackoff: false.
2022-01-07 01:23:46,931 [Socket Reader #1 for port 0] INFO  ipc.Server (Server.java:run(1265)) - Starting Socket Reader #1 for port 0
2022-01-07 01:23:46,974 [Listener at 0.0.0.0/36205] INFO  algorithms.ContainerPlacementPolicyFactory (ContainerPlacementPolicyFactory.java:getPolicy(60)) - Create container placement policy of type org.apache.hadoop.hdds.scm.container.placement.algorithms.SCMContainerPlacementRandom
2022-01-07 01:23:46,983 [Listener at 0.0.0.0/36205] INFO  server.StorageContainerManager (StorageContainerManager.java:<init>(388)) - 
Container Balancer status:
Key                            Value
Running                        false
Container Balancer Configuration values:
Key                                                Value
Threshold                                          0.1
Max Datanodes to Involve per Iteration(ratio)      0.2
Max Size to Move per Iteration                     30GB
Max Size Entering Target per Iteration             26GB
Max Size Leaving Source per Iteration              26GB

2022-01-07 01:23:46,983 [Listener at 0.0.0.0/36205] WARN  events.EventQueue (EventQueue.java:fireEvent(194)) - No event handler registered for event TypedEvent{payloadType=SafeModeStatus, name='Safe mode status'}
2022-01-07 01:23:46,983 [Listener at 0.0.0.0/36205] INFO  ha.SCMContext (SCMContext.java:updateSafeModeStatus(211)) - Update SafeModeStatus from SafeModeStatus{safeModeStatus=true, preCheckPassed=false} to SafeModeStatus{safeModeStatus=true, preCheckPassed=false}.
2022-01-07 01:23:46,986 [Listener at 0.0.0.0/36205] INFO  server.StorageContainerManager (StorageContainerManager.java:start(1303)) - StorageContainerLocationProtocol RPC server is listening at /0.0.0.0:36205
2022-01-07 01:23:47,056 [Listener at 0.0.0.0/36205] WARN  impl.MetricsConfig (MetricsConfig.java:loadFirst(136)) - Cannot locate configuration: tried hadoop-metrics2-storagecontainermanager.properties,hadoop-metrics2.properties
2022-01-07 01:23:47,078 [Listener at 0.0.0.0/36205] INFO  impl.MetricsSystemImpl (MetricsSystemImpl.java:startTimer(378)) - Scheduled Metric snapshot period at 10 second(s).
2022-01-07 01:23:47,078 [Listener at 0.0.0.0/36205] INFO  impl.MetricsSystemImpl (MetricsSystemImpl.java:start(191)) - StorageContainerManager metrics system started
2022-01-07 01:23:47,433 [Listener at 0.0.0.0/36205] INFO  server.SCMClientProtocolServer (SCMClientProtocolServer.java:start(164)) - RPC server for Client  is listening at /0.0.0.0:36205
2022-01-07 01:23:47,434 [IPC Server Responder] INFO  ipc.Server (Server.java:run(1507)) - IPC Server Responder: starting
2022-01-07 01:23:47,435 [IPC Server listener on 0] INFO  ipc.Server (Server.java:run(1344)) - IPC Server listener on 0: starting
2022-01-07 01:23:47,442 [Listener at 0.0.0.0/36205] INFO  server.StorageContainerManager (StorageContainerManager.java:start(1318)) - ScmBlockLocationProtocol RPC server is listening at /0.0.0.0:44905
2022-01-07 01:23:47,442 [Listener at 0.0.0.0/36205] INFO  server.SCMBlockProtocolServer (SCMBlockProtocolServer.java:start(151)) - RPC server for Block Protocol is listening at /0.0.0.0:44905
2022-01-07 01:23:47,443 [IPC Server Responder] INFO  ipc.Server (Server.java:run(1507)) - IPC Server Responder: starting
2022-01-07 01:23:47,444 [IPC Server listener on 0] INFO  ipc.Server (Server.java:run(1344)) - IPC Server listener on 0: starting
2022-01-07 01:23:47,447 [Listener at 0.0.0.0/36205] INFO  server.SCMDatanodeProtocolServer (SCMDatanodeProtocolServer.java:start(181)) - ScmDatanodeProtocol RPC server for DataNodes is listening at /0.0.0.0:43925
2022-01-07 01:23:47,448 [IPC Server Responder] INFO  ipc.Server (Server.java:run(1507)) - IPC Server Responder: starting
2022-01-07 01:23:47,448 [IPC Server listener on 0] INFO  ipc.Server (Server.java:run(1344)) - IPC Server listener on 0: starting
2022-01-07 01:23:47,462 [org.apache.hadoop.util.JvmPauseMonitor$Monitor@3a917017] INFO  util.JvmPauseMonitor (JvmPauseMonitor.java:run(188)) - Starting JVM pause monitor
2022-01-07 01:23:47,481 [Listener at 0.0.0.0/36205] INFO  http.BaseHttpServer (BaseHttpServer.java:newHttpServer2BuilderForOzone(209)) - Starting Web-server for scm at: http://0.0.0.0:0
2022-01-07 01:23:47,481 [Listener at 0.0.0.0/36205] INFO  http.BaseHttpServer (BaseHttpServer.java:<init>(107)) - Hadoop Security Enabled: false Ozone Security Enabled: false Ozone HTTP Security Enabled: false 
2022-01-07 01:23:47,509 [Listener at 0.0.0.0/36205] INFO  util.log (Log.java:initialized(170)) - Logging initialized @4291ms to org.eclipse.jetty.util.log.Slf4jLog
2022-01-07 01:23:47,616 [Listener at 0.0.0.0/36205] INFO  server.AuthenticationFilter (AuthenticationFilter.java:constructSecretProvider(240)) - Unable to initialize FileSignerSecretProvider, falling back to use random secrets.
2022-01-07 01:23:47,625 [Listener at 0.0.0.0/36205] WARN  http.HttpRequestLog (HttpRequestLog.java:getRequestLog(103)) - Jetty request log can only be enabled using Log4j
2022-01-07 01:23:47,630 [Listener at 0.0.0.0/36205] INFO  http.HttpServer2 (HttpServer2.java:addGlobalFilter(1030)) - Added global filter 'safety' (class=org.apache.hadoop.hdds.server.http.HttpServer2$QuotingInputFilter)
2022-01-07 01:23:47,633 [Listener at 0.0.0.0/36205] INFO  http.HttpServer2 (HttpServer2.java:addFilter(1006)) - Added filter static_user_filter (class=org.apache.hadoop.http.lib.StaticUserWebFilter$StaticUserFilter) to context scm
2022-01-07 01:23:47,633 [Listener at 0.0.0.0/36205] INFO  http.HttpServer2 (HttpServer2.java:addFilter(1014)) - Added filter static_user_filter (class=org.apache.hadoop.http.lib.StaticUserWebFilter$StaticUserFilter) to context logs
2022-01-07 01:23:47,633 [Listener at 0.0.0.0/36205] INFO  http.HttpServer2 (HttpServer2.java:addFilter(1014)) - Added filter static_user_filter (class=org.apache.hadoop.http.lib.StaticUserWebFilter$StaticUserFilter) to context static
2022-01-07 01:23:47,674 [Listener at 0.0.0.0/36205] INFO  http.HttpServer2 (HttpServer2.java:bindListener(1249)) - Jetty bound to port 39335
2022-01-07 01:23:47,675 [Listener at 0.0.0.0/36205] INFO  server.Server (Server.java:doStart(375)) - jetty-9.4.43.v20210629; built: 2021-06-30T11:07:22.254Z; git: 526006ecfa3af7f1a27ef3a288e2bef7ea9dd7e8; jvm 1.8.0_292-b10
2022-01-07 01:23:47,704 [Listener at 0.0.0.0/36205] INFO  server.session (DefaultSessionIdManager.java:doStart(334)) - DefaultSessionIdManager workerName=node0
2022-01-07 01:23:47,705 [Listener at 0.0.0.0/36205] INFO  server.session (DefaultSessionIdManager.java:doStart(339)) - No SessionScavenger set, using defaults
2022-01-07 01:23:47,707 [Listener at 0.0.0.0/36205] INFO  server.session (HouseKeeper.java:startScavenging(132)) - node0 Scavenging every 660000ms
2022-01-07 01:23:47,720 [Listener at 0.0.0.0/36205] INFO  handler.ContextHandler (ContextHandler.java:doStart(915)) - Started o.e.j.s.ServletContextHandler@4cd51e4e{logs,/logs,file:///home/runner/work/ozone/ozone/hadoop-ozone/integration-test/target/log,AVAILABLE}
2022-01-07 01:23:47,720 [Listener at 0.0.0.0/36205] INFO  handler.ContextHandler (ContextHandler.java:doStart(915)) - Started o.e.j.s.ServletContextHandler@115a7e51{static,/static,file:///home/runner/work/ozone/ozone/hadoop-ozone/integration-test/target/test-classes/webapps/static,AVAILABLE}
2022-01-07 01:23:47,764 [Listener at 0.0.0.0/36205] INFO  handler.ContextHandler (ContextHandler.java:doStart(915)) - Started o.e.j.w.WebAppContext@5c7e55a4{scm,/,file:///home/runner/work/ozone/ozone/hadoop-ozone/integration-test/target/test-classes/webapps/scm/,AVAILABLE}{file:/home/runner/work/ozone/ozone/hadoop-ozone/integration-test/target/test-classes/webapps/scm}
2022-01-07 01:23:47,774 [Listener at 0.0.0.0/36205] INFO  server.AbstractConnector (AbstractConnector.java:doStart(331)) - Started ServerConnector@3ccefe1b{HTTP/1.1, (http/1.1)}{0.0.0.0:39335}
2022-01-07 01:23:47,775 [Listener at 0.0.0.0/36205] INFO  server.Server (Server.java:doStart(415)) - Started @4557ms
2022-01-07 01:23:47,777 [Listener at 0.0.0.0/36205] INFO  impl.MetricsSinkAdapter (MetricsSinkAdapter.java:start(204)) - Sink prometheus started
2022-01-07 01:23:47,777 [Listener at 0.0.0.0/36205] INFO  impl.MetricsSystemImpl (MetricsSystemImpl.java:registerSink(305)) - Registered sink prometheus
2022-01-07 01:23:47,778 [Listener at 0.0.0.0/36205] INFO  http.BaseHttpServer (BaseHttpServer.java:updateConnectorAddress(329)) - HTTP server of scm listening at http://0.0.0.0:39335
2022-01-07 01:23:47,780 [Listener at 0.0.0.0/36205] WARN  server.ServerUtils (ServerUtils.java:getDBPath(225)) - ozone.om.db.dirs is not configured. We recommend adding this setting. Falling back to ozone.metadata.dirs instead.
2022-01-07 01:23:47,895 [Listener at 0.0.0.0/36205] INFO  ha.OMHANodeDetails (OMHANodeDetails.java:loadOMHAConfig(112)) - ozone.om.internal.service.id is not defined, falling back to ozone.om.service.ids to find serviceID for OzoneManager if it is HA enabled cluster
2022-01-07 01:23:47,898 [Listener at 0.0.0.0/36205] INFO  ha.OMHANodeDetails (OMHANodeDetails.java:loadOMHAConfig(218)) - Configuration does not have ozone.om.address set. Falling back to the default OM address /127.0.0.1:0
2022-01-07 01:23:47,898 [Listener at 0.0.0.0/36205] INFO  ha.OMHANodeDetails (OMHANodeDetails.java:getOMNodeDetailsForNonHA(246)) - OM Service ID is not set. Setting it to the default ID: omServiceIdDefault
2022-01-07 01:23:47,899 [Listener at 0.0.0.0/36205] INFO  ha.OMHANodeDetails (OMHANodeDetails.java:getOMNodeDetailsForNonHA(253)) - OM Node ID is not set. Setting it to the default ID: om1
2022-01-07 01:23:47,903 [Listener at 0.0.0.0/36205] WARN  server.ServerUtils (ServerUtils.java:getDBPath(225)) - ozone.om.db.dirs is not configured. We recommend adding this setting. Falling back to ozone.metadata.dirs instead.
2022-01-07 01:23:47,904 [Listener at 0.0.0.0/36205] INFO  upgrade.AbstractLayoutVersionManager (AbstractLayoutVersionManager.java:init(79)) - Initializing Layout version manager with metadata layout = INITIAL_VERSION (version = 0), software layout = INITIAL_VERSION (version = 0)
2022-01-07 01:23:48,022 [Listener at 0.0.0.0/36205] INFO  reflections.Reflections (Reflections.java:scan(232)) - Reflections took 109 ms to scan 2 urls, producing 133 keys and 345 values [using 2 cores]
2022-01-07 01:23:48,027 [Listener at 0.0.0.0/36205] INFO  upgrade.OMLayoutVersionManager (OMLayoutVersionManager.java:lambda$0(115)) - Skipping Upgrade Action MockOmUpgradeAction since it has been finalized.
2022-01-07 01:23:48,029 [Listener at 0.0.0.0/36205] WARN  server.ServerUtils (ServerUtils.java:getDBPath(225)) - ozone.om.db.dirs is not configured. We recommend adding this setting. Falling back to ozone.metadata.dirs instead.
2022-01-07 01:23:48,465 [Listener at 0.0.0.0/36205] WARN  server.ServerUtils (ServerUtils.java:getDBPath(225)) - ozone.om.db.dirs is not configured. We recommend adding this setting. Falling back to ozone.metadata.dirs instead.
2022-01-07 01:23:48,473 [Listener at 0.0.0.0/36205] INFO  codec.OmKeyInfoCodec (OmKeyInfoCodec.java:<init>(50)) - OmKeyInfoCodec ignorePipeline = true
2022-01-07 01:23:48,475 [Listener at 0.0.0.0/36205] INFO  codec.RepeatedOmKeyInfoCodec (RepeatedOmKeyInfoCodec.java:<init>(42)) - RepeatedOmKeyInfoCodec ignorePipeline = true
2022-01-07 01:23:48,713 [Listener at 0.0.0.0/36205] INFO  om.OzoneManager (OzoneManager.java:addS3GVolumeToDB(3728)) - Created Volume s3v With Owner runner required for S3Gateway operations.
2022-01-07 01:23:48,759 [Listener at 0.0.0.0/36205] WARN  server.ServerUtils (ServerUtils.java:getDefaultRatisDirectory(237)) - Storage directory for Ratis is not configured. It is a good idea to map this to an SSD disk. Falling back to ozone.metadata.dirs
2022-01-07 01:23:48,759 [Listener at 0.0.0.0/36205] WARN  utils.OzoneManagerRatisUtils (OzoneManagerRatisUtils.java:getOMRatisSnapshotDirectory(323)) - ozone.om.ratis.snapshot.dir is not configured. Falling back to ozone.metadata.dirs config
2022-01-07 01:23:48,783 [Listener at 0.0.0.0/36205] WARN  server.ServerUtils (ServerUtils.java:getDefaultRatisDirectory(237)) - Storage directory for Ratis is not configured. It is a good idea to map this to an SSD disk. Falling back to ozone.metadata.dirs
2022-01-07 01:23:48,817 [Listener at 0.0.0.0/36205] INFO  ratis.OzoneManagerRatisServer (OzoneManagerRatisServer.java:<init>(159)) - Instantiating OM Ratis server with groupID: omServiceIdDefault and peers: localhost:9872
2022-01-07 01:23:48,827 [Listener at 0.0.0.0/36205] INFO  ratis.OzoneManagerStateMachine (OzoneManagerStateMachine.java:loadSnapshotInfoFromDB(605)) - LastAppliedIndex is set from TransactionInfo from OM DB as (t:0, i:~)
2022-01-07 01:23:48,866 [Listener at 0.0.0.0/36205] INFO  server.RaftServer (ConfUtils.java:logGet(44)) - raft.rpc.type = GRPC (default)
2022-01-07 01:23:48,952 [Listener at 0.0.0.0/36205] INFO  grpc.GrpcFactory (GrpcFactory.java:checkPooledByteBufAllocatorUseCacheForAllThreads(48)) - PERFORMANCE WARNING: useCacheForAllThreads is true that may cause Netty to create a lot garbage objects and, as a result, trigger GC.
	It is recommended to disable useCacheForAllThreads by setting -Dorg.apache.ratis.thirdparty.io.netty.allocator.useCacheForAllThreads=false in command line.
2022-01-07 01:23:48,956 [Listener at 0.0.0.0/36205] INFO  grpc.GrpcConfigKeys (ConfUtils.java:logGet(44)) - raft.grpc.admin.port = -1 (default)
2022-01-07 01:23:48,957 [Listener at 0.0.0.0/36205] INFO  grpc.GrpcConfigKeys (ConfUtils.java:logGet(44)) - raft.grpc.server.port = 9872 (custom)
2022-01-07 01:23:48,958 [Listener at 0.0.0.0/36205] INFO  grpc.GrpcConfigKeys (ConfUtils.java:logGet(44)) - raft.grpc.client.port = -1 (default)
2022-01-07 01:23:48,958 [Listener at 0.0.0.0/36205] INFO  grpc.GrpcConfigKeys (ConfUtils.java:logGet(44)) - raft.grpc.server.port = 9872 (custom)
2022-01-07 01:23:48,958 [Listener at 0.0.0.0/36205] INFO  grpc.GrpcConfigKeys (ConfUtils.java:logGet(44)) - raft.grpc.server.port = 9872 (custom)
2022-01-07 01:23:48,959 [Listener at 0.0.0.0/36205] INFO  server.GrpcService (ConfUtils.java:logGet(44)) - raft.grpc.message.size.max = 33554432 (custom)
2022-01-07 01:23:48,960 [Listener at 0.0.0.0/36205] INFO  server.RaftServerConfigKeys (ConfUtils.java:logGet(44)) - raft.server.log.appender.buffer.byte-limit = 33554432 (custom)
2022-01-07 01:23:48,961 [Listener at 0.0.0.0/36205] INFO  server.GrpcService (ConfUtils.java:logGet(44)) - raft.grpc.flow.control.window = 1MB (=1048576) (default)
2022-01-07 01:23:48,962 [Listener at 0.0.0.0/36205] INFO  server.RaftServerConfigKeys (ConfUtils.java:logGet(44)) - raft.server.rpc.request.timeout = 3000ms (default)
2022-01-07 01:23:49,293 [Listener at 0.0.0.0/36205] INFO  impl.DataStreamServerImpl (ConfUtils.java:logGet(44)) - raft.datastream.type = DISABLED (default)
2022-01-07 01:23:49,295 [Listener at 0.0.0.0/36205] INFO  server.RaftServerConfigKeys (ConfUtils.java:logGet(44)) - raft.server.rpc.slowness.timeout = 120s (custom)
2022-01-07 01:23:49,296 [Listener at 0.0.0.0/36205] INFO  server.RaftServerConfigKeys (ConfUtils.java:logGet(44)) - raft.server.leaderelection.leader.step-down.wait-time = 10s (default)
2022-01-07 01:23:49,314 [Listener at 0.0.0.0/36205] INFO  server.RaftServerConfigKeys (ConfUtils.java:logGet(44)) - raft.server.storage.dir = [/home/runner/work/ozone/ozone/hadoop-ozone/integration-test/target/test-dir/MiniOzoneClusterImpl-6d259c07-df50-4cf8-9c74-d0697ceae933/ozone-meta/ratis] (custom)
2022-01-07 01:23:49,320 [Listener at 0.0.0.0/36205] INFO  server.RaftServer (RaftServerProxy.java:addNew(95)) - om1: addNew group-C5BA1605619E:[om1|rpc:localhost:9872|priority:0] returns group-C5BA1605619E:java.util.concurrent.CompletableFuture@65cfd565[Not completed]
2022-01-07 01:23:49,320 [Listener at 0.0.0.0/36205] INFO  om.OzoneManager (OzoneManager.java:initializeRatisServer(1834)) - OzoneManager Ratis server initialized at port 9872
2022-01-07 01:23:49,353 [Listener at 0.0.0.0/36205] INFO  ipc.CallQueueManager (CallQueueManager.java:<init>(90)) - Using callQueue: class java.util.concurrent.LinkedBlockingQueue, queueCapacity: 2000, scheduler: class org.apache.hadoop.ipc.DefaultRpcScheduler, ipcBackoff: false.
2022-01-07 01:23:49,357 [pool-39-thread-1] INFO  server.RaftServer$Division (RaftServerImpl.java:<init>(184)) - om1: new RaftServerImpl for group-C5BA1605619E:[om1|rpc:localhost:9872|priority:0] with OzoneManagerStateMachine:uninitialized
2022-01-07 01:23:49,367 [Socket Reader #1 for port 0] INFO  ipc.Server (Server.java:run(1265)) - Starting Socket Reader #1 for port 0
2022-01-07 01:23:49,363 [pool-39-thread-1] INFO  server.RaftServerConfigKeys (ConfUtils.java:logGet(44)) - raft.server.rpc.timeout.min = 1s (custom)
2022-01-07 01:23:49,373 [pool-39-thread-1] INFO  server.RaftServerConfigKeys (ConfUtils.java:logGet(44)) - raft.server.rpc.timeout.max = 1200ms (custom)
2022-01-07 01:23:49,373 [pool-39-thread-1] INFO  server.RaftServerConfigKeys (ConfUtils.java:logGet(44)) - raft.server.rpc.sleep.time = 25ms (default)
2022-01-07 01:23:49,374 [pool-39-thread-1] INFO  server.RaftServerConfigKeys (ConfUtils.java:logGet(44)) - raft.server.rpc.slowness.timeout = 120s (custom)
2022-01-07 01:23:49,374 [pool-39-thread-1] INFO  server.RaftServerConfigKeys (ConfUtils.java:logGet(44)) - raft.server.leaderelection.leader.step-down.wait-time = 10s (default)
2022-01-07 01:23:49,374 [pool-39-thread-1] INFO  server.RaftServerConfigKeys (ConfUtils.java:logGet(44)) - raft.server.sleep.deviation.threshold = 300ms (default)
2022-01-07 01:23:49,375 [pool-39-thread-1] INFO  server.RaftServerConfigKeys (ConfUtils.java:logGet(44)) - raft.server.log.appender.install.snapshot.enabled = false (custom)
2022-01-07 01:23:49,380 [pool-39-thread-1] INFO  server.RaftServer$Division (ServerState.java:<init>(105)) - om1@group-C5BA1605619E: ConfigurationManager, init=-1: [om1|rpc:localhost:9872|priority:0], old=null, confs=<EMPTY_MAP>
2022-01-07 01:23:49,385 [pool-39-thread-1] INFO  server.RaftServerConfigKeys (ConfUtils.java:logGet(44)) - raft.server.storage.dir = [/home/runner/work/ozone/ozone/hadoop-ozone/integration-test/target/test-dir/MiniOzoneClusterImpl-6d259c07-df50-4cf8-9c74-d0697ceae933/ozone-meta/ratis] (custom)
2022-01-07 01:23:49,397 [pool-39-thread-1] INFO  server.RaftServerConfigKeys (ConfUtils.java:logGet(44)) - raft.server.log.corruption.policy = EXCEPTION (default)
2022-01-07 01:23:49,397 [pool-39-thread-1] INFO  server.RaftServerConfigKeys (ConfUtils.java:logGet(44)) - raft.server.storage.free-space.min = 0MB (=0) (default)
2022-01-07 01:23:49,399 [pool-39-thread-1] INFO  storage.RaftStorageDirectory (RaftStorageDirectoryImpl.java:analyzeStorage(135)) - The storage directory /home/runner/work/ozone/ozone/hadoop-ozone/integration-test/target/test-dir/MiniOzoneClusterImpl-6d259c07-df50-4cf8-9c74-d0697ceae933/ozone-meta/ratis/bf265839-605b-3f16-9796-c5ba1605619e does not exist. Creating ...
2022-01-07 01:23:49,410 [pool-39-thread-1] INFO  storage.RaftStorageDirectory (RaftStorageDirectoryImpl.java:tryLock(230)) - Lock on /home/runner/work/ozone/ozone/hadoop-ozone/integration-test/target/test-dir/MiniOzoneClusterImpl-6d259c07-df50-4cf8-9c74-d0697ceae933/ozone-meta/ratis/bf265839-605b-3f16-9796-c5ba1605619e/in_use.lock acquired by nodename 5368@fv-az291-366
2022-01-07 01:23:49,414 [Listener at 127.0.0.1/40673] INFO  impl.MetricsSystemImpl (MetricsSystemImpl.java:init(158)) - OzoneManager metrics system started (again)
2022-01-07 01:23:49,423 [pool-39-thread-1] INFO  storage.RaftStorage (RaftStorageImpl.java:format(89)) - Storage directory /home/runner/work/ozone/ozone/hadoop-ozone/integration-test/target/test-dir/MiniOzoneClusterImpl-6d259c07-df50-4cf8-9c74-d0697ceae933/ozone-meta/ratis/bf265839-605b-3f16-9796-c5ba1605619e has been successfully formatted.
2022-01-07 01:23:49,434 [Listener at 127.0.0.1/40673] INFO  om.OzoneManager (OzoneManager.java:start(1365)) - OzoneManager RPC server is listening at localhost/127.0.0.1:40673
2022-01-07 01:23:49,435 [pool-39-thread-1] INFO  server.RaftServerConfigKeys (ConfUtils.java:logGet(44)) - raft.server.notification.no-leader.timeout = 120s (custom)
2022-01-07 01:23:49,437 [pool-39-thread-1] INFO  server.RaftServerConfigKeys (ConfUtils.java:logGet(44)) - raft.server.log.use.memory = false (default)
2022-01-07 01:23:49,441 [Listener at 127.0.0.1/40673] INFO  ratis.OzoneManagerRatisServer (OzoneManagerRatisServer.java:start(554)) - Starting OzoneManagerRatisServer om1 at port 9872
2022-01-07 01:23:49,448 [pool-39-thread-1] INFO  server.RaftServerConfigKeys (ConfUtils.java:logGet(44)) - raft.server.log.purge.gap = 1000000 (custom)
2022-01-07 01:23:49,448 [pool-39-thread-1] INFO  server.RaftServerConfigKeys (ConfUtils.java:logGet(44)) - raft.server.log.appender.buffer.byte-limit = 33554432 (custom)
2022-01-07 01:23:49,467 [pool-39-thread-1] INFO  server.RaftServerConfigKeys (ConfUtils.java:logGet(44)) - raft.server.log.segment.size.max = 4194304 (custom)
2022-01-07 01:23:49,480 [pool-39-thread-1] INFO  server.RaftServerConfigKeys (ConfUtils.java:logGet(44)) - raft.server.log.segment.cache.num.max = 2 (custom)
2022-01-07 01:23:49,481 [pool-39-thread-1] INFO  server.RaftServerConfigKeys (ConfUtils.java:logGet(44)) - raft.server.log.segment.cache.size.max = 200MB (=209715200) (default)
2022-01-07 01:23:49,489 [pool-39-thread-1] INFO  segmented.SegmentedRaftLogWorker (SegmentedRaftLogWorker.java:<init>(182)) - new om1@group-C5BA1605619E-SegmentedRaftLogWorker for RaftStorageImpl:Storage Directory /home/runner/work/ozone/ozone/hadoop-ozone/integration-test/target/test-dir/MiniOzoneClusterImpl-6d259c07-df50-4cf8-9c74-d0697ceae933/ozone-meta/ratis/bf265839-605b-3f16-9796-c5ba1605619e
2022-01-07 01:23:49,489 [pool-39-thread-1] INFO  server.RaftServerConfigKeys (ConfUtils.java:logGet(44)) - raft.server.log.queue.byte-limit = 64MB (=67108864) (default)
2022-01-07 01:23:49,490 [pool-39-thread-1] INFO  server.RaftServerConfigKeys (ConfUtils.java:logGet(44)) - raft.server.log.queue.element-limit = 4096 (default)
2022-01-07 01:23:49,491 [pool-39-thread-1] INFO  server.RaftServerConfigKeys (ConfUtils.java:logGet(44)) - raft.server.log.segment.size.max = 4194304 (custom)
2022-01-07 01:23:49,491 [pool-39-thread-1] INFO  server.RaftServerConfigKeys (ConfUtils.java:logGet(44)) - raft.server.log.preallocated.size = 4194304 (custom)
2022-01-07 01:23:49,492 [pool-39-thread-1] INFO  server.RaftServerConfigKeys (ConfUtils.java:logGet(44)) - raft.server.log.force.sync.num = 128 (default)
2022-01-07 01:23:49,494 [pool-39-thread-1] INFO  server.RaftServerConfigKeys (ConfUtils.java:logGet(44)) - raft.server.log.statemachine.data.sync = true (default)
2022-01-07 01:23:49,494 [pool-39-thread-1] INFO  server.RaftServerConfigKeys (ConfUtils.java:logGet(44)) - raft.server.log.statemachine.data.sync.timeout = 10s (default)
2022-01-07 01:23:49,494 [pool-39-thread-1] INFO  server.RaftServerConfigKeys (ConfUtils.java:logGet(44)) - raft.server.log.statemachine.data.sync.timeout.retry = -1 (default)
2022-01-07 01:23:49,506 [pool-39-thread-1] INFO  server.RaftServerConfigKeys (ConfUtils.java:logGet(44)) - raft.server.log.write.buffer.size = 64KB (=65536) (default)
2022-01-07 01:23:49,506 [pool-39-thread-1] INFO  server.RaftServerConfigKeys (ConfUtils.java:logGet(44)) - raft.server.log.statemachine.data.caching.enabled = false (default)
2022-01-07 01:23:49,515 [pool-39-thread-1] INFO  segmented.SegmentedRaftLogWorker (SegmentedRaftLogWorker.java:lambda$new$0(133)) - om1@group-C5BA1605619E-SegmentedRaftLogWorker: flushIndex: setUnconditionally 0 -> -1
2022-01-07 01:23:49,515 [pool-39-thread-1] INFO  segmented.SegmentedRaftLogWorker (SegmentedRaftLogWorker.java:lambda$new$0(133)) - om1@group-C5BA1605619E-SegmentedRaftLogWorker: safeCacheEvictIndex: setUnconditionally 0 -> -1
2022-01-07 01:23:49,520 [pool-39-thread-1] INFO  server.RaftServerConfigKeys (ConfUtils.java:logGet(44)) - raft.server.snapshot.auto.trigger.enabled = true (custom)
2022-01-07 01:23:49,520 [pool-39-thread-1] INFO  server.RaftServerConfigKeys (ConfUtils.java:logGet(44)) - raft.server.snapshot.auto.trigger.threshold = 400000 (default)
2022-01-07 01:23:49,521 [pool-39-thread-1] INFO  server.RaftServerConfigKeys (ConfUtils.java:logGet(44)) - raft.server.snapshot.retention.file.num = -1 (default)
2022-01-07 01:23:49,522 [pool-39-thread-1] INFO  server.RaftServerConfigKeys (ConfUtils.java:logGet(44)) - raft.server.log.purge.upto.snapshot.index = true (custom)
2022-01-07 01:23:49,523 [pool-39-thread-1] INFO  server.RaftServerConfigKeys (ConfUtils.java:logGet(44)) - raft.server.retrycache.expirytime = 300s (custom)
2022-01-07 01:23:49,523 [pool-39-thread-1] INFO  server.RaftServerConfigKeys (ConfUtils.java:logGet(44)) - raft.server.retrycache.statistics.expirytime = 100μs (default)
2022-01-07 01:23:49,565 [Listener at 127.0.0.1/40673] INFO  server.RaftServer$Division (RaftServerImpl.java:start(301)) - om1@group-C5BA1605619E: start as a follower, conf=-1: [om1|rpc:localhost:9872|priority:0], old=null
2022-01-07 01:23:49,567 [Listener at 127.0.0.1/40673] INFO  server.RaftServer$Division (RaftServerImpl.java:setRole(290)) - om1@group-C5BA1605619E: changes role from      null to FOLLOWER at term 0 for startAsFollower
2022-01-07 01:23:49,568 [Listener at 127.0.0.1/40673] INFO  impl.RoleInfo (RoleInfo.java:updateAndGet(130)) - om1: start om1@group-C5BA1605619E-FollowerState
2022-01-07 01:23:49,570 [Listener at 127.0.0.1/40673] INFO  util.JmxRegister (JmxRegister.java:tryRegister(44)) - Successfully registered JMX Bean with object name Ratis:service=RaftServer,group=group-C5BA1605619E,id=om1
2022-01-07 01:23:49,574 [Listener at 127.0.0.1/40673] INFO  server.RaftServer (RaftServerProxy.java:lambda$start$5(374)) - om1: start RPC server
2022-01-07 01:23:49,652 [Listener at 127.0.0.1/40673] INFO  server.GrpcService (GrpcService.java:startImpl(253)) - om1: GrpcService started, listening on 9872
2022-01-07 01:23:49,659 [Listener at 127.0.0.1/40673] INFO  om.OzoneManager (OzoneManager.java:start(1381)) - Version File has different layout version (0) than OM DB (null). That is expected if this OM has never been finalized to a newer layout version.
2022-01-07 01:23:49,661 [org.apache.ratis.util.JvmPauseMonitor$$Lambda$529/262958410@57e15f2d] INFO  util.JvmPauseMonitor (JvmPauseMonitor.java:run(103)) - JvmPauseMonitor-om1: Started
2022-01-07 01:23:49,667 [Listener at 127.0.0.1/40673] INFO  http.BaseHttpServer (BaseHttpServer.java:newHttpServer2BuilderForOzone(209)) - Starting Web-server for ozoneManager at: http://0.0.0.0:0
2022-01-07 01:23:49,667 [Listener at 127.0.0.1/40673] INFO  http.BaseHttpServer (BaseHttpServer.java:<init>(107)) - Hadoop Security Enabled: false Ozone Security Enabled: false Ozone HTTP Security Enabled: false 
2022-01-07 01:23:49,668 [Listener at 127.0.0.1/40673] INFO  server.AuthenticationFilter (AuthenticationFilter.java:constructSecretProvider(240)) - Unable to initialize FileSignerSecretProvider, falling back to use random secrets.
2022-01-07 01:23:49,670 [Listener at 127.0.0.1/40673] WARN  http.HttpRequestLog (HttpRequestLog.java:getRequestLog(103)) - Jetty request log can only be enabled using Log4j
2022-01-07 01:23:49,672 [Listener at 127.0.0.1/40673] INFO  http.HttpServer2 (HttpServer2.java:addGlobalFilter(1030)) - Added global filter 'safety' (class=org.apache.hadoop.hdds.server.http.HttpServer2$QuotingInputFilter)
2022-01-07 01:23:49,673 [Listener at 127.0.0.1/40673] INFO  http.HttpServer2 (HttpServer2.java:addFilter(1006)) - Added filter static_user_filter (class=org.apache.hadoop.http.lib.StaticUserWebFilter$StaticUserFilter) to context ozoneManager
2022-01-07 01:23:49,674 [Listener at 127.0.0.1/40673] INFO  http.HttpServer2 (HttpServer2.java:addFilter(1014)) - Added filter static_user_filter (class=org.apache.hadoop.http.lib.StaticUserWebFilter$StaticUserFilter) to context static
2022-01-07 01:23:49,674 [Listener at 127.0.0.1/40673] INFO  http.HttpServer2 (HttpServer2.java:addFilter(1014)) - Added filter static_user_filter (class=org.apache.hadoop.http.lib.StaticUserWebFilter$StaticUserFilter) to context logs
2022-01-07 01:23:49,678 [Listener at 127.0.0.1/40673] INFO  http.HttpServer2 (HttpServer2.java:bindListener(1249)) - Jetty bound to port 42133
2022-01-07 01:23:49,678 [Listener at 127.0.0.1/40673] INFO  server.Server (Server.java:doStart(375)) - jetty-9.4.43.v20210629; built: 2021-06-30T11:07:22.254Z; git: 526006ecfa3af7f1a27ef3a288e2bef7ea9dd7e8; jvm 1.8.0_292-b10
2022-01-07 01:23:49,685 [Listener at 127.0.0.1/40673] INFO  server.session (DefaultSessionIdManager.java:doStart(334)) - DefaultSessionIdManager workerName=node0
2022-01-07 01:23:49,685 [Listener at 127.0.0.1/40673] INFO  server.session (DefaultSessionIdManager.java:doStart(339)) - No SessionScavenger set, using defaults
2022-01-07 01:23:49,685 [Listener at 127.0.0.1/40673] INFO  server.session (HouseKeeper.java:startScavenging(132)) - node0 Scavenging every 600000ms
2022-01-07 01:23:49,686 [Listener at 127.0.0.1/40673] INFO  handler.ContextHandler (ContextHandler.java:doStart(915)) - Started o.e.j.s.ServletContextHandler@25892fe3{logs,/logs,file:///home/runner/work/ozone/ozone/hadoop-ozone/integration-test/target/log,AVAILABLE}
2022-01-07 01:23:49,687 [Listener at 127.0.0.1/40673] INFO  handler.ContextHandler (ContextHandler.java:doStart(915)) - Started o.e.j.s.ServletContextHandler@17fac5b2{static,/static,file:///home/runner/work/ozone/ozone/hadoop-ozone/integration-test/target/test-classes/webapps/static,AVAILABLE}
2022-01-07 01:23:49,690 [Listener at 127.0.0.1/40673] INFO  handler.ContextHandler (ContextHandler.java:doStart(915)) - Started o.e.j.w.WebAppContext@58b53c53{ozoneManager,/,file:///home/runner/work/ozone/ozone/hadoop-ozone/integration-test/target/test-classes/webapps/ozoneManager/,AVAILABLE}{file:/home/runner/work/ozone/ozone/hadoop-ozone/integration-test/target/test-classes/webapps/ozoneManager}
2022-01-07 01:23:49,697 [Listener at 127.0.0.1/40673] INFO  server.AbstractConnector (AbstractConnector.java:doStart(331)) - Started ServerConnector@475ca2c6{HTTP/1.1, (http/1.1)}{0.0.0.0:42133}
2022-01-07 01:23:49,698 [Listener at 127.0.0.1/40673] INFO  server.Server (Server.java:doStart(415)) - Started @6480ms
2022-01-07 01:23:49,698 [Listener at 127.0.0.1/40673] WARN  impl.MetricsSystemImpl (MetricsSystemImpl.java:register(279)) - Sink prometheus already exists!
2022-01-07 01:23:49,699 [Listener at 127.0.0.1/40673] INFO  http.BaseHttpServer (BaseHttpServer.java:updateConnectorAddress(329)) - HTTP server of ozoneManager listening at http://0.0.0.0:42133
2022-01-07 01:23:49,700 [IPC Server Responder] INFO  ipc.Server (Server.java:run(1507)) - IPC Server Responder: starting
2022-01-07 01:23:49,700 [IPC Server listener on 0] INFO  ipc.Server (Server.java:run(1344)) - IPC Server listener on 0: starting
2022-01-07 01:23:49,710 [Listener at 127.0.0.1/40673] INFO  om.OzoneManager (OzoneManager.java:startTrashEmptier(1792)) - Trash Interval set to 0. Files deleted will not move to trash
2022-01-07 01:23:49,721 [org.apache.hadoop.util.JvmPauseMonitor$Monitor@3dc455f6] INFO  util.JvmPauseMonitor (JvmPauseMonitor.java:run(188)) - Starting JVM pause monitor
2022-01-07 01:23:49,854 [Listener at 127.0.0.1/40673] WARN  impl.MetricRegistriesImpl (MetricRegistriesImpl.java:addReporterRegistration(111)) - New reporters are added after registries were created. Some metrics will be missing from the reporter. Please add reporter before adding any new registry.
2022-01-07 01:23:49,854 [Listener at 127.0.0.1/40673] WARN  impl.MetricRegistriesImpl (MetricRegistriesImpl.java:addReporterRegistration(111)) - New reporters are added after registries were created. Some metrics will be missing from the reporter. Please add reporter before adding any new registry.
2022-01-07 01:23:49,855 [Listener at 127.0.0.1/40673] INFO  impl.MetricsSystemImpl (MetricsSystemImpl.java:init(158)) - HddsDatanode metrics system started (again)
2022-01-07 01:23:49,873 [Listener at 127.0.0.1/40673] INFO  ozone.HddsDatanodeService (HddsDatanodeService.java:start(234)) - HddsDatanodeService host:fv-az291-366.wgnan5asplgejimfprtllbpdch.jx.internal.cloudapp.net ip:10.1.0.7
2022-01-07 01:23:49,910 [Listener at 127.0.0.1/40673] INFO  upgrade.AbstractLayoutVersionManager (AbstractLayoutVersionManager.java:init(79)) - Initializing Layout version manager with metadata layout = SCM_HA (version = 2), software layout = SCM_HA (version = 2)
2022-01-07 01:23:49,976 [Listener at 127.0.0.1/40673] INFO  reflections.Reflections (Reflections.java:scan(232)) - Reflections took 64 ms to scan 7 urls, producing 119 keys and 279 values 
2022-01-07 01:23:49,983 [Listener at 127.0.0.1/40673] INFO  statemachine.DatanodeStateMachine (DatanodeStateMachine.java:getEndPointTaskThreadPoolSize(219)) - Datanode State Machine Task Thread Pool size 2
2022-01-07 01:23:50,053 [Listener at 127.0.0.1/40673] INFO  volume.HddsVolume (HddsVolume.java:<init>(120)) - Creating HddsVolume: /home/runner/work/ozone/ozone/hadoop-ozone/integration-test/target/test-dir/MiniOzoneClusterImpl-6d259c07-df50-4cf8-9c74-d0697ceae933/datanode-0/data-0/containers/hdds of storage type : DISK capacity : 9223372036854775807
2022-01-07 01:23:50,056 [Listener at 127.0.0.1/40673] INFO  volume.MutableVolumeSet (MutableVolumeSet.java:initializeVolumeSet(168)) - Added Volume : /home/runner/work/ozone/ozone/hadoop-ozone/integration-test/target/test-dir/MiniOzoneClusterImpl-6d259c07-df50-4cf8-9c74-d0697ceae933/datanode-0/data-0/containers/hdds to VolumeSet
2022-01-07 01:23:50,057 [Listener at 127.0.0.1/40673] INFO  volume.ThrottledAsyncChecker (ThrottledAsyncChecker.java:schedule(141)) - Scheduling a check for /home/runner/work/ozone/ozone/hadoop-ozone/integration-test/target/test-dir/MiniOzoneClusterImpl-6d259c07-df50-4cf8-9c74-d0697ceae933/datanode-0/data-0/containers/hdds
2022-01-07 01:23:50,074 [Listener at 127.0.0.1/40673] INFO  volume.StorageVolumeChecker (StorageVolumeChecker.java:checkAllVolumes(202)) - Scheduled health check for volume /home/runner/work/ozone/ozone/hadoop-ozone/integration-test/target/test-dir/MiniOzoneClusterImpl-6d259c07-df50-4cf8-9c74-d0697ceae933/datanode-0/data-0/containers/hdds
2022-01-07 01:23:50,099 [Listener at 127.0.0.1/40673] INFO  volume.MutableVolumeSet (MutableVolumeSet.java:initializeVolumeSet(168)) - Added Volume : /home/runner/work/ozone/ozone/hadoop-ozone/integration-test/target/test-dir/MiniOzoneClusterImpl-6d259c07-df50-4cf8-9c74-d0697ceae933/datanode-0/data/ratis to VolumeSet
2022-01-07 01:23:50,100 [Listener at 127.0.0.1/40673] INFO  volume.ThrottledAsyncChecker (ThrottledAsyncChecker.java:schedule(141)) - Scheduling a check for /home/runner/work/ozone/ozone/hadoop-ozone/integration-test/target/test-dir/MiniOzoneClusterImpl-6d259c07-df50-4cf8-9c74-d0697ceae933/datanode-0/data/ratis
2022-01-07 01:23:50,100 [Listener at 127.0.0.1/40673] INFO  volume.StorageVolumeChecker (StorageVolumeChecker.java:checkAllVolumes(202)) - Scheduled health check for volume /home/runner/work/ozone/ozone/hadoop-ozone/integration-test/target/test-dir/MiniOzoneClusterImpl-6d259c07-df50-4cf8-9c74-d0697ceae933/datanode-0/data/ratis
2022-01-07 01:23:50,134 [Thread-129] INFO  ozoneimpl.ContainerReader (ContainerReader.java:readVolume(172)) - Finish verifying containers on volume /home/runner/work/ozone/ozone/hadoop-ozone/integration-test/target/test-dir/MiniOzoneClusterImpl-6d259c07-df50-4cf8-9c74-d0697ceae933/datanode-0/data-0/containers/hdds
2022-01-07 01:23:50,134 [Listener at 127.0.0.1/40673] INFO  ozoneimpl.OzoneContainer (OzoneContainer.java:buildContainerSet(237)) - Build ContainerSet costs 0s
2022-01-07 01:23:50,214 [Listener at 127.0.0.1/40673] INFO  server.RaftServer (ConfUtils.java:logGet(44)) - raft.rpc.type = GRPC (default)
2022-01-07 01:23:50,214 [Listener at 127.0.0.1/40673] INFO  grpc.GrpcFactory (GrpcFactory.java:checkPooledByteBufAllocatorUseCacheForAllThreads(48)) - PERFORMANCE WARNING: useCacheForAllThreads is true that may cause Netty to create a lot garbage objects and, as a result, trigger GC.
	It is recommended to disable useCacheForAllThreads by setting -Dorg.apache.ratis.thirdparty.io.netty.allocator.useCacheForAllThreads=false in command line.
2022-01-07 01:23:50,215 [Listener at 127.0.0.1/40673] INFO  grpc.GrpcConfigKeys (ConfUtils.java:logGet(44)) - raft.grpc.admin.port = 0 (custom)
2022-01-07 01:23:50,215 [Listener at 127.0.0.1/40673] INFO  grpc.GrpcConfigKeys (ConfUtils.java:logGet(44)) - raft.grpc.client.port = 0 (custom)
2022-01-07 01:23:50,215 [Listener at 127.0.0.1/40673] INFO  grpc.GrpcConfigKeys (ConfUtils.java:logGet(44)) - raft.grpc.server.port = 0 (default)
2022-01-07 01:23:50,215 [Listener at 127.0.0.1/40673] INFO  server.GrpcService (ConfUtils.java:logGet(44)) - raft.grpc.message.size.max = 32MB (=33554432) (custom)
2022-01-07 01:23:50,215 [Listener at 127.0.0.1/40673] INFO  server.RaftServerConfigKeys (ConfUtils.java:logGet(44)) - raft.server.log.appender.buffer.byte-limit = 33554432 (custom)
2022-01-07 01:23:50,216 [Listener at 127.0.0.1/40673] INFO  server.GrpcService (ConfUtils.java:logGet(44)) - raft.grpc.flow.control.window = 5MB (=5242880) (custom)
2022-01-07 01:23:50,216 [Listener at 127.0.0.1/40673] INFO  server.RaftServerConfigKeys (ConfUtils.java:logGet(44)) - raft.server.rpc.request.timeout = 3000ms (default)
2022-01-07 01:23:50,217 [Listener at 127.0.0.1/40673] INFO  impl.DataStreamServerImpl (ConfUtils.java:logGet(44)) - raft.datastream.type = DISABLED (default)
2022-01-07 01:23:50,217 [Listener at 127.0.0.1/40673] INFO  server.RaftServerConfigKeys (ConfUtils.java:logGet(44)) - raft.server.rpc.slowness.timeout = 1000000ms (custom)
2022-01-07 01:23:50,218 [Listener at 127.0.0.1/40673] INFO  server.RaftServerConfigKeys (ConfUtils.java:logGet(44)) - raft.server.leaderelection.leader.step-down.wait-time = 10s (default)
2022-01-07 01:23:50,218 [Listener at 127.0.0.1/40673] INFO  server.RaftServerConfigKeys (ConfUtils.java:logGet(44)) - raft.server.storage.dir = [/home/runner/work/ozone/ozone/hadoop-ozone/integration-test/target/test-dir/MiniOzoneClusterImpl-6d259c07-df50-4cf8-9c74-d0697ceae933/datanode-0/data/ratis] (custom)
2022-01-07 01:23:50,237 [Listener at 127.0.0.1/40673] INFO  server.XceiverServerGrpc (XceiverServerGrpc.java:<init>(132)) - GrpcServer channel type EpollServerSocketChannel
2022-01-07 01:23:50,288 [Listener at 127.0.0.1/40673] INFO  http.BaseHttpServer (BaseHttpServer.java:newHttpServer2BuilderForOzone(209)) - Starting Web-server for hddsDatanode at: http://0.0.0.0:0
2022-01-07 01:23:50,289 [Listener at 127.0.0.1/40673] INFO  http.BaseHttpServer (BaseHttpServer.java:<init>(107)) - Hadoop Security Enabled: false Ozone Security Enabled: false Ozone HTTP Security Enabled: false 
2022-01-07 01:23:50,291 [Listener at 127.0.0.1/40673] INFO  server.AuthenticationFilter (AuthenticationFilter.java:constructSecretProvider(240)) - Unable to initialize FileSignerSecretProvider, falling back to use random secrets.
2022-01-07 01:23:50,293 [Listener at 127.0.0.1/40673] WARN  http.HttpRequestLog (HttpRequestLog.java:getRequestLog(103)) - Jetty request log can only be enabled using Log4j
2022-01-07 01:23:50,295 [Listener at 127.0.0.1/40673] INFO  http.HttpServer2 (HttpServer2.java:addGlobalFilter(1030)) - Added global filter 'safety' (class=org.apache.hadoop.hdds.server.http.HttpServer2$QuotingInputFilter)
2022-01-07 01:23:50,296 [Listener at 127.0.0.1/40673] INFO  http.HttpServer2 (HttpServer2.java:addFilter(1006)) - Added filter static_user_filter (class=org.apache.hadoop.http.lib.StaticUserWebFilter$StaticUserFilter) to context hddsDatanode
2022-01-07 01:23:50,297 [Listener at 127.0.0.1/40673] INFO  http.HttpServer2 (HttpServer2.java:addFilter(1014)) - Added filter static_user_filter (class=org.apache.hadoop.http.lib.StaticUserWebFilter$StaticUserFilter) to context logs
2022-01-07 01:23:50,297 [Listener at 127.0.0.1/40673] INFO  http.HttpServer2 (HttpServer2.java:addFilter(1014)) - Added filter static_user_filter (class=org.apache.hadoop.http.lib.StaticUserWebFilter$StaticUserFilter) to context static
2022-01-07 01:23:50,298 [Listener at 127.0.0.1/40673] INFO  http.HttpServer2 (HttpServer2.java:bindListener(1249)) - Jetty bound to port 43895
2022-01-07 01:23:50,298 [Listener at 127.0.0.1/40673] INFO  server.Server (Server.java:doStart(375)) - jetty-9.4.43.v20210629; built: 2021-06-30T11:07:22.254Z; git: 526006ecfa3af7f1a27ef3a288e2bef7ea9dd7e8; jvm 1.8.0_292-b10
2022-01-07 01:23:50,301 [Listener at 127.0.0.1/40673] INFO  server.session (DefaultSessionIdManager.java:doStart(334)) - DefaultSessionIdManager workerName=node0
2022-01-07 01:23:50,301 [Listener at 127.0.0.1/40673] INFO  server.session (DefaultSessionIdManager.java:doStart(339)) - No SessionScavenger set, using defaults
2022-01-07 01:23:50,302 [Listener at 127.0.0.1/40673] INFO  server.session (HouseKeeper.java:startScavenging(132)) - node0 Scavenging every 660000ms
2022-01-07 01:23:50,303 [Listener at 127.0.0.1/40673] INFO  handler.ContextHandler (ContextHandler.java:doStart(915)) - Started o.e.j.s.ServletContextHandler@82b778b{logs,/logs,file:///home/runner/work/ozone/ozone/hadoop-ozone/integration-test/target/log,AVAILABLE}
2022-01-07 01:23:50,303 [Listener at 127.0.0.1/40673] INFO  handler.ContextHandler (ContextHandler.java:doStart(915)) - Started o.e.j.s.ServletContextHandler@6b5e1db0{static,/static,jar:file:/home/runner/.m2/repository/org/apache/ozone/hdds-container-service/1.3.0-SNAPSHOT/hdds-container-service-1.3.0-SNAPSHOT.jar!/webapps/static,AVAILABLE}
2022-01-07 01:23:50,367 [Listener at 127.0.0.1/40673] INFO  handler.ContextHandler (ContextHandler.java:doStart(915)) - Started o.e.j.w.WebAppContext@473c1e53{hddsDatanode,/,file:///tmp/jetty-0_0_0_0-43895-hdds-container-service-1_3_0-SNAPSHOT_jar-_-any-8290092394758662970/webapp/,AVAILABLE}{jar:file:/home/runner/.m2/repository/org/apache/ozone/hdds-container-service/1.3.0-SNAPSHOT/hdds-container-service-1.3.0-SNAPSHOT.jar!/webapps/hddsDatanode}
2022-01-07 01:23:50,369 [Listener at 127.0.0.1/40673] INFO  server.AbstractConnector (AbstractConnector.java:doStart(331)) - Started ServerConnector@463e66c2{HTTP/1.1, (http/1.1)}{0.0.0.0:43895}
2022-01-07 01:23:50,370 [Listener at 127.0.0.1/40673] INFO  server.Server (Server.java:doStart(415)) - Started @7152ms
2022-01-07 01:23:50,370 [Listener at 127.0.0.1/40673] WARN  impl.MetricsSystemImpl (MetricsSystemImpl.java:register(279)) - Sink prometheus already exists!
2022-01-07 01:23:50,371 [Listener at 127.0.0.1/40673] INFO  http.BaseHttpServer (BaseHttpServer.java:updateConnectorAddress(329)) - HTTP server of hddsDatanode listening at http://0.0.0.0:43895
2022-01-07 01:23:50,374 [Listener at 127.0.0.1/40673] WARN  impl.MetricRegistriesImpl (MetricRegistriesImpl.java:addReporterRegistration(111)) - New reporters are added after registries were created. Some metrics will be missing from the reporter. Please add reporter before adding any new registry.
2022-01-07 01:23:50,374 [Listener at 127.0.0.1/40673] WARN  impl.MetricRegistriesImpl (MetricRegistriesImpl.java:addReporterRegistration(111)) - New reporters are added after registries were created. Some metrics will be missing from the reporter. Please add reporter before adding any new registry.
2022-01-07 01:23:50,374 [Listener at 127.0.0.1/40673] INFO  impl.MetricsSystemImpl (MetricsSystemImpl.java:init(158)) - HddsDatanode metrics system started (again)
2022-01-07 01:23:50,382 [Datanode State Machine Daemon Thread] INFO  statemachine.DatanodeStateMachine (DatanodeStateMachine.java:lambda$startDaemon$0(467)) - Ozone container server started.
2022-01-07 01:23:50,410 [Listener at 127.0.0.1/40673] INFO  ozone.HddsDatanodeService (HddsDatanodeService.java:start(234)) - HddsDatanodeService host:fv-az291-366.wgnan5asplgejimfprtllbpdch.jx.internal.cloudapp.net ip:10.1.0.7
2022-01-07 01:23:50,411 [org.apache.hadoop.util.JvmPauseMonitor$Monitor@3e5fdba0] INFO  util.JvmPauseMonitor (JvmPauseMonitor.java:run(188)) - Starting JVM pause monitor
2022-01-07 01:23:50,462 [Listener at 127.0.0.1/40673] INFO  upgrade.AbstractLayoutVersionManager (AbstractLayoutVersionManager.java:init(79)) - Initializing Layout version manager with metadata layout = SCM_HA (version = 2), software layout = SCM_HA (version = 2)
2022-01-07 01:23:50,548 [Listener at 127.0.0.1/40673] INFO  reflections.Reflections (Reflections.java:scan(232)) - Reflections took 68 ms to scan 7 urls, producing 119 keys and 279 values 
2022-01-07 01:23:50,556 [Listener at 127.0.0.1/40673] INFO  statemachine.DatanodeStateMachine (DatanodeStateMachine.java:getEndPointTaskThreadPoolSize(219)) - Datanode State Machine Task Thread Pool size 2
2022-01-07 01:23:50,560 [Datanode State Machine Task Thread - 0] INFO  datanode.InitDatanodeState (InitDatanodeState.java:persistContainerDatanodeDetails(145)) - DatanodeDetails is persisted to /home/runner/work/ozone/ozone/hadoop-ozone/integration-test/target/test-dir/MiniOzoneClusterImpl-6d259c07-df50-4cf8-9c74-d0697ceae933/datanode-0/meta/datanode.id
2022-01-07 01:23:50,566 [Listener at 127.0.0.1/40673] INFO  volume.HddsVolume (HddsVolume.java:<init>(120)) - Creating HddsVolume: /home/runner/work/ozone/ozone/hadoop-ozone/integration-test/target/test-dir/MiniOzoneClusterImpl-6d259c07-df50-4cf8-9c74-d0697ceae933/datanode-1/data-0/containers/hdds of storage type : DISK capacity : 9223372036854775807
2022-01-07 01:23:50,568 [Listener at 127.0.0.1/40673] INFO  volume.MutableVolumeSet (MutableVolumeSet.java:initializeVolumeSet(168)) - Added Volume : /home/runner/work/ozone/ozone/hadoop-ozone/integration-test/target/test-dir/MiniOzoneClusterImpl-6d259c07-df50-4cf8-9c74-d0697ceae933/datanode-1/data-0/containers/hdds to VolumeSet
2022-01-07 01:23:50,568 [Listener at 127.0.0.1/40673] INFO  volume.ThrottledAsyncChecker (ThrottledAsyncChecker.java:schedule(141)) - Scheduling a check for /home/runner/work/ozone/ozone/hadoop-ozone/integration-test/target/test-dir/MiniOzoneClusterImpl-6d259c07-df50-4cf8-9c74-d0697ceae933/datanode-1/data-0/containers/hdds
2022-01-07 01:23:50,569 [Listener at 127.0.0.1/40673] INFO  volume.StorageVolumeChecker (StorageVolumeChecker.java:checkAllVolumes(202)) - Scheduled health check for volume /home/runner/work/ozone/ozone/hadoop-ozone/integration-test/target/test-dir/MiniOzoneClusterImpl-6d259c07-df50-4cf8-9c74-d0697ceae933/datanode-1/data-0/containers/hdds
2022-01-07 01:23:50,591 [Listener at 127.0.0.1/40673] INFO  volume.MutableVolumeSet (MutableVolumeSet.java:initializeVolumeSet(168)) - Added Volume : /home/runner/work/ozone/ozone/hadoop-ozone/integration-test/target/test-dir/MiniOzoneClusterImpl-6d259c07-df50-4cf8-9c74-d0697ceae933/datanode-1/data/ratis to VolumeSet
2022-01-07 01:23:50,591 [Listener at 127.0.0.1/40673] INFO  volume.ThrottledAsyncChecker (ThrottledAsyncChecker.java:schedule(141)) - Scheduling a check for /home/runner/work/ozone/ozone/hadoop-ozone/integration-test/target/test-dir/MiniOzoneClusterImpl-6d259c07-df50-4cf8-9c74-d0697ceae933/datanode-1/data/ratis
2022-01-07 01:23:50,599 [Listener at 127.0.0.1/40673] INFO  volume.StorageVolumeChecker (StorageVolumeChecker.java:checkAllVolumes(202)) - Scheduled health check for volume /home/runner/work/ozone/ozone/hadoop-ozone/integration-test/target/test-dir/MiniOzoneClusterImpl-6d259c07-df50-4cf8-9c74-d0697ceae933/datanode-1/data/ratis
2022-01-07 01:23:50,621 [Thread-141] INFO  ozoneimpl.ContainerReader (ContainerReader.java:readVolume(172)) - Finish verifying containers on volume /home/runner/work/ozone/ozone/hadoop-ozone/integration-test/target/test-dir/MiniOzoneClusterImpl-6d259c07-df50-4cf8-9c74-d0697ceae933/datanode-1/data-0/containers/hdds
2022-01-07 01:23:50,622 [Listener at 127.0.0.1/40673] INFO  ozoneimpl.OzoneContainer (OzoneContainer.java:buildContainerSet(237)) - Build ContainerSet costs 0s
2022-01-07 01:23:50,627 [Listener at 127.0.0.1/40673] INFO  server.RaftServer (ConfUtils.java:logGet(44)) - raft.rpc.type = GRPC (default)
2022-01-07 01:23:50,627 [Listener at 127.0.0.1/40673] INFO  grpc.GrpcFactory (GrpcFactory.java:checkPooledByteBufAllocatorUseCacheForAllThreads(48)) - PERFORMANCE WARNING: useCacheForAllThreads is true that may cause Netty to create a lot garbage objects and, as a result, trigger GC.
	It is recommended to disable useCacheForAllThreads by setting -Dorg.apache.ratis.thirdparty.io.netty.allocator.useCacheForAllThreads=false in command line.
2022-01-07 01:23:50,628 [Listener at 127.0.0.1/40673] INFO  grpc.GrpcConfigKeys (ConfUtils.java:logGet(44)) - raft.grpc.admin.port = 0 (custom)
2022-01-07 01:23:50,629 [Listener at 127.0.0.1/40673] INFO  grpc.GrpcConfigKeys (ConfUtils.java:logGet(44)) - raft.grpc.client.port = 0 (custom)
2022-01-07 01:23:50,630 [Listener at 127.0.0.1/40673] INFO  grpc.GrpcConfigKeys (ConfUtils.java:logGet(44)) - raft.grpc.server.port = 0 (default)
2022-01-07 01:23:50,630 [Listener at 127.0.0.1/40673] INFO  server.GrpcService (ConfUtils.java:logGet(44)) - raft.grpc.message.size.max = 32MB (=33554432) (custom)
2022-01-07 01:23:50,630 [Listener at 127.0.0.1/40673] INFO  server.RaftServerConfigKeys (ConfUtils.java:logGet(44)) - raft.server.log.appender.buffer.byte-limit = 33554432 (custom)
2022-01-07 01:23:50,630 [Listener at 127.0.0.1/40673] INFO  server.GrpcService (ConfUtils.java:logGet(44)) - raft.grpc.flow.control.window = 5MB (=5242880) (custom)
2022-01-07 01:23:50,631 [Listener at 127.0.0.1/40673] INFO  server.RaftServerConfigKeys (ConfUtils.java:logGet(44)) - raft.server.rpc.request.timeout = 3000ms (default)
2022-01-07 01:23:50,633 [Listener at 127.0.0.1/40673] INFO  impl.DataStreamServerImpl (ConfUtils.java:logGet(44)) - raft.datastream.type = DISABLED (default)
2022-01-07 01:23:50,633 [Listener at 127.0.0.1/40673] INFO  server.RaftServerConfigKeys (ConfUtils.java:logGet(44)) - raft.server.rpc.slowness.timeout = 1000000ms (custom)
2022-01-07 01:23:50,634 [Listener at 127.0.0.1/40673] INFO  server.RaftServerConfigKeys (ConfUtils.java:logGet(44)) - raft.server.leaderelection.leader.step-down.wait-time = 10s (default)
2022-01-07 01:23:50,634 [Listener at 127.0.0.1/40673] INFO  server.RaftServerConfigKeys (ConfUtils.java:logGet(44)) - raft.server.storage.dir = [/home/runner/work/ozone/ozone/hadoop-ozone/integration-test/target/test-dir/MiniOzoneClusterImpl-6d259c07-df50-4cf8-9c74-d0697ceae933/datanode-1/data/ratis] (custom)
2022-01-07 01:23:50,636 [Listener at 127.0.0.1/40673] INFO  server.XceiverServerGrpc (XceiverServerGrpc.java:<init>(132)) - GrpcServer channel type EpollServerSocketChannel
2022-01-07 01:23:50,641 [Listener at 127.0.0.1/40673] INFO  http.BaseHttpServer (BaseHttpServer.java:newHttpServer2BuilderForOzone(209)) - Starting Web-server for hddsDatanode at: http://0.0.0.0:0
2022-01-07 01:23:50,641 [Listener at 127.0.0.1/40673] INFO  http.BaseHttpServer (BaseHttpServer.java:<init>(107)) - Hadoop Security Enabled: false Ozone Security Enabled: false Ozone HTTP Security Enabled: false 
2022-01-07 01:23:50,642 [Listener at 127.0.0.1/40673] INFO  server.AuthenticationFilter (AuthenticationFilter.java:constructSecretProvider(240)) - Unable to initialize FileSignerSecretProvider, falling back to use random secrets.
2022-01-07 01:23:50,643 [Listener at 127.0.0.1/40673] WARN  http.HttpRequestLog (HttpRequestLog.java:getRequestLog(103)) - Jetty request log can only be enabled using Log4j
2022-01-07 01:23:50,644 [Listener at 127.0.0.1/40673] INFO  http.HttpServer2 (HttpServer2.java:addGlobalFilter(1030)) - Added global filter 'safety' (class=org.apache.hadoop.hdds.server.http.HttpServer2$QuotingInputFilter)
2022-01-07 01:23:50,645 [Listener at 127.0.0.1/40673] INFO  http.HttpServer2 (HttpServer2.java:addFilter(1006)) - Added filter static_user_filter (class=org.apache.hadoop.http.lib.StaticUserWebFilter$StaticUserFilter) to context hddsDatanode
2022-01-07 01:23:50,645 [Listener at 127.0.0.1/40673] INFO  http.HttpServer2 (HttpServer2.java:addFilter(1014)) - Added filter static_user_filter (class=org.apache.hadoop.http.lib.StaticUserWebFilter$StaticUserFilter) to context static
2022-01-07 01:23:50,645 [Listener at 127.0.0.1/40673] INFO  http.HttpServer2 (HttpServer2.java:addFilter(1014)) - Added filter static_user_filter (class=org.apache.hadoop.http.lib.StaticUserWebFilter$StaticUserFilter) to context logs
2022-01-07 01:23:50,646 [Listener at 127.0.0.1/40673] INFO  http.HttpServer2 (HttpServer2.java:bindListener(1249)) - Jetty bound to port 41607
2022-01-07 01:23:50,646 [Listener at 127.0.0.1/40673] INFO  server.Server (Server.java:doStart(375)) - jetty-9.4.43.v20210629; built: 2021-06-30T11:07:22.254Z; git: 526006ecfa3af7f1a27ef3a288e2bef7ea9dd7e8; jvm 1.8.0_292-b10
2022-01-07 01:23:50,647 [Listener at 127.0.0.1/40673] INFO  server.session (DefaultSessionIdManager.java:doStart(334)) - DefaultSessionIdManager workerName=node0
2022-01-07 01:23:50,647 [Listener at 127.0.0.1/40673] INFO  server.session (DefaultSessionIdManager.java:doStart(339)) - No SessionScavenger set, using defaults
2022-01-07 01:23:50,648 [Listener at 127.0.0.1/40673] INFO  server.session (HouseKeeper.java:startScavenging(132)) - node0 Scavenging every 600000ms
2022-01-07 01:23:50,649 [Listener at 127.0.0.1/40673] INFO  handler.ContextHandler (ContextHandler.java:doStart(915)) - Started o.e.j.s.ServletContextHandler@15c8bb25{logs,/logs,file:///home/runner/work/ozone/ozone/hadoop-ozone/integration-test/target/log,AVAILABLE}
2022-01-07 01:23:50,649 [Listener at 127.0.0.1/40673] INFO  handler.ContextHandler (ContextHandler.java:doStart(915)) - Started o.e.j.s.ServletContextHandler@52bf434b{static,/static,jar:file:/home/runner/.m2/repository/org/apache/ozone/hdds-container-service/1.3.0-SNAPSHOT/hdds-container-service-1.3.0-SNAPSHOT.jar!/webapps/static,AVAILABLE}
2022-01-07 01:23:50,679 [om1@group-C5BA1605619E-FollowerState] INFO  impl.FollowerState (FollowerState.java:run(134)) - om1@group-C5BA1605619E-FollowerState: change to CANDIDATE, lastRpcElapsedTime:1110785985ns, electionTimeout:1106ms
2022-01-07 01:23:50,680 [om1@group-C5BA1605619E-FollowerState] INFO  impl.RoleInfo (RoleInfo.java:shutdownFollowerState(108)) - om1: shutdown om1@group-C5BA1605619E-FollowerState
2022-01-07 01:23:50,680 [om1@group-C5BA1605619E-FollowerState] INFO  server.RaftServer$Division (RaftServerImpl.java:setRole(290)) - om1@group-C5BA1605619E: changes role from  FOLLOWER to CANDIDATE at term 0 for changeToCandidate
2022-01-07 01:23:50,685 [om1@group-C5BA1605619E-FollowerState] INFO  server.RaftServerConfigKeys (ConfUtils.java:logGet(44)) - raft.server.leaderelection.pre-vote = false (custom)
2022-01-07 01:23:50,685 [om1@group-C5BA1605619E-FollowerState] INFO  impl.RoleInfo (RoleInfo.java:updateAndGet(130)) - om1: start om1@group-C5BA1605619E-LeaderElection1
2022-01-07 01:23:50,733 [om1@group-C5BA1605619E-LeaderElection1] INFO  impl.LeaderElection (LeaderElection.java:askForVotes(306)) - om1@group-C5BA1605619E-LeaderElection1 ELECTION round 0: submit vote requests at term 1 for -1: [om1|rpc:localhost:9872|priority:0], old=null
2022-01-07 01:23:50,734 [om1@group-C5BA1605619E-LeaderElection1] INFO  impl.LeaderElection (LeaderElection.java:askForVotes(308)) - om1@group-C5BA1605619E-LeaderElection1 ELECTION round 0: result PASSED (term=1)
2022-01-07 01:23:50,737 [om1@group-C5BA1605619E-LeaderElection1] INFO  impl.RoleInfo (RoleInfo.java:shutdownLeaderElection(121)) - om1: shutdown om1@group-C5BA1605619E-LeaderElection1
2022-01-07 01:23:50,741 [om1@group-C5BA1605619E-LeaderElection1] INFO  server.RaftServer$Division (RaftServerImpl.java:setRole(290)) - om1@group-C5BA1605619E: changes role from CANDIDATE to LEADER at term 1 for changeToLeader
2022-01-07 01:23:50,741 [om1@group-C5BA1605619E-LeaderElection1] INFO  server.RaftServer$Division (ServerState.java:setLeader(285)) - om1@group-C5BA1605619E: change Leader from null to om1 at term 1 for becomeLeader, leader elected after 1306ms
2022-01-07 01:23:50,745 [Listener at 127.0.0.1/40673] INFO  handler.ContextHandler (ContextHandler.java:doStart(915)) - Started o.e.j.w.WebAppContext@14f03098{hddsDatanode,/,file:///tmp/jetty-0_0_0_0-41607-hdds-container-service-1_3_0-SNAPSHOT_jar-_-any-5432767497038505849/webapp/,AVAILABLE}{jar:file:/home/runner/.m2/repository/org/apache/ozone/hdds-container-service/1.3.0-SNAPSHOT/hdds-container-service-1.3.0-SNAPSHOT.jar!/webapps/hddsDatanode}
2022-01-07 01:23:50,750 [Listener at 127.0.0.1/40673] INFO  server.AbstractConnector (AbstractConnector.java:doStart(331)) - Started ServerConnector@7335164e{HTTP/1.1, (http/1.1)}{0.0.0.0:41607}
2022-01-07 01:23:50,751 [Listener at 127.0.0.1/40673] INFO  server.Server (Server.java:doStart(415)) - Started @7533ms
2022-01-07 01:23:50,751 [Listener at 127.0.0.1/40673] WARN  impl.MetricsSystemImpl (MetricsSystemImpl.java:register(279)) - Sink prometheus already exists!
2022-01-07 01:23:50,752 [Listener at 127.0.0.1/40673] INFO  http.BaseHttpServer (BaseHttpServer.java:updateConnectorAddress(329)) - HTTP server of hddsDatanode listening at http://0.0.0.0:41607
2022-01-07 01:23:50,753 [Listener at 127.0.0.1/40673] WARN  impl.MetricRegistriesImpl (MetricRegistriesImpl.java:addReporterRegistration(111)) - New reporters are added after registries were created. Some metrics will be missing from the reporter. Please add reporter before adding any new registry.
2022-01-07 01:23:50,754 [Listener at 127.0.0.1/40673] WARN  impl.MetricRegistriesImpl (MetricRegistriesImpl.java:addReporterRegistration(111)) - New reporters are added after registries were created. Some metrics will be missing from the reporter. Please add reporter before adding any new registry.
2022-01-07 01:23:50,754 [Listener at 127.0.0.1/40673] INFO  impl.MetricsSystemImpl (MetricsSystemImpl.java:init(158)) - HddsDatanode metrics system started (again)
2022-01-07 01:23:50,754 [om1@group-C5BA1605619E-LeaderElection1] INFO  server.RaftServerConfigKeys (ConfUtils.java:logGet(44)) - raft.server.staging.catchup.gap = 1000 (default)
2022-01-07 01:23:50,759 [om1@group-C5BA1605619E-LeaderElection1] INFO  server.RaftServerConfigKeys (ConfUtils.java:logGet(44)) - raft.server.write.element-limit = 4096 (default)
2022-01-07 01:23:50,760 [om1@group-C5BA1605619E-LeaderElection1] INFO  server.RaftServerConfigKeys (ConfUtils.java:logGet(44)) - raft.server.write.byte-limit = 64MB (=67108864) (default)
2022-01-07 01:23:50,763 [Datanode State Machine Daemon Thread] INFO  statemachine.DatanodeStateMachine (DatanodeStateMachine.java:lambda$startDaemon$0(467)) - Ozone container server started.
2022-01-07 01:23:50,773 [Listener at 127.0.0.1/40673] INFO  ozone.HddsDatanodeService (HddsDatanodeService.java:start(234)) - HddsDatanodeService host:fv-az291-366.wgnan5asplgejimfprtllbpdch.jx.internal.cloudapp.net ip:10.1.0.7
2022-01-07 01:23:50,778 [om1@group-C5BA1605619E-LeaderElection1] INFO  server.RaftServerConfigKeys (ConfUtils.java:logGet(44)) - raft.server.watch.timeout = 10s (default)
2022-01-07 01:23:50,779 [om1@group-C5BA1605619E-LeaderElection1] INFO  server.RaftServerConfigKeys (ConfUtils.java:logGet(44)) - raft.server.watch.timeout.denomination = 1s (default)
2022-01-07 01:23:50,780 [om1@group-C5BA1605619E-LeaderElection1] INFO  server.RaftServerConfigKeys (ConfUtils.java:logGet(44)) - raft.server.watch.element-limit = 65536 (default)
2022-01-07 01:23:50,784 [om1@group-C5BA1605619E-LeaderElection1] INFO  server.RaftServerConfigKeys (ConfUtils.java:logGet(44)) - raft.server.write.element-limit = 4096 (default)
2022-01-07 01:23:50,788 [om1@group-C5BA1605619E-LeaderElection1] INFO  server.RaftServerConfigKeys (ConfUtils.java:logGet(44)) - raft.server.write.follower.gap.ratio.max = -1.0 (default)
2022-01-07 01:23:50,790 [om1@group-C5BA1605619E-LeaderElection1] INFO  impl.RoleInfo (RoleInfo.java:updateAndGet(130)) - om1: start om1@group-C5BA1605619E-LeaderStateImpl
2022-01-07 01:23:50,970 [org.apache.hadoop.util.JvmPauseMonitor$Monitor@4d8272dd] INFO  util.JvmPauseMonitor (JvmPauseMonitor.java:run(188)) - Starting JVM pause monitor
2022-01-07 01:23:50,970 [Listener at 127.0.0.1/40673] INFO  upgrade.AbstractLayoutVersionManager (AbstractLayoutVersionManager.java:init(79)) - Initializing Layout version manager with metadata layout = SCM_HA (version = 2), software layout = SCM_HA (version = 2)
2022-01-07 01:23:50,996 [om1@group-C5BA1605619E-LeaderElection1] INFO  segmented.SegmentedRaftLogWorker (SegmentedRaftLogWorker.java:startLogSegment(394)) - om1@group-C5BA1605619E-SegmentedRaftLogWorker: Starting segment from index:0
2022-01-07 01:23:51,045 [Datanode State Machine Task Thread - 0] INFO  datanode.InitDatanodeState (InitDatanodeState.java:persistContainerDatanodeDetails(145)) - DatanodeDetails is persisted to /home/runner/work/ozone/ozone/hadoop-ozone/integration-test/target/test-dir/MiniOzoneClusterImpl-6d259c07-df50-4cf8-9c74-d0697ceae933/datanode-1/meta/datanode.id
2022-01-07 01:23:51,092 [om1@group-C5BA1605619E-LeaderElection1] INFO  server.RaftServer$Division (ServerState.java:setRaftConf(387)) - om1@group-C5BA1605619E: set configuration 0: [om1|rpc:localhost:9872|admin:|client:|dataStream:|priority:0], old=null
2022-01-07 01:23:51,099 [Listener at 127.0.0.1/40673] INFO  reflections.Reflections (Reflections.java:scan(232)) - Reflections took 127 ms to scan 7 urls, producing 119 keys and 279 values 
2022-01-07 01:23:51,110 [Listener at 127.0.0.1/40673] INFO  statemachine.DatanodeStateMachine (DatanodeStateMachine.java:getEndPointTaskThreadPoolSize(219)) - Datanode State Machine Task Thread Pool size 2
2022-01-07 01:23:51,122 [Listener at 127.0.0.1/40673] INFO  volume.HddsVolume (HddsVolume.java:<init>(120)) - Creating HddsVolume: /home/runner/work/ozone/ozone/hadoop-ozone/integration-test/target/test-dir/MiniOzoneClusterImpl-6d259c07-df50-4cf8-9c74-d0697ceae933/datanode-2/data-0/containers/hdds of storage type : DISK capacity : 9223372036854775807
2022-01-07 01:23:51,122 [Listener at 127.0.0.1/40673] INFO  volume.MutableVolumeSet (MutableVolumeSet.java:initializeVolumeSet(168)) - Added Volume : /home/runner/work/ozone/ozone/hadoop-ozone/integration-test/target/test-dir/MiniOzoneClusterImpl-6d259c07-df50-4cf8-9c74-d0697ceae933/datanode-2/data-0/containers/hdds to VolumeSet
2022-01-07 01:23:51,123 [Listener at 127.0.0.1/40673] INFO  volume.ThrottledAsyncChecker (ThrottledAsyncChecker.java:schedule(141)) - Scheduling a check for /home/runner/work/ozone/ozone/hadoop-ozone/integration-test/target/test-dir/MiniOzoneClusterImpl-6d259c07-df50-4cf8-9c74-d0697ceae933/datanode-2/data-0/containers/hdds
2022-01-07 01:23:51,141 [Listener at 127.0.0.1/40673] INFO  volume.StorageVolumeChecker (StorageVolumeChecker.java:checkAllVolumes(202)) - Scheduled health check for volume /home/runner/work/ozone/ozone/hadoop-ozone/integration-test/target/test-dir/MiniOzoneClusterImpl-6d259c07-df50-4cf8-9c74-d0697ceae933/datanode-2/data-0/containers/hdds
2022-01-07 01:23:51,181 [Listener at 127.0.0.1/40673] INFO  volume.MutableVolumeSet (MutableVolumeSet.java:initializeVolumeSet(168)) - Added Volume : /home/runner/work/ozone/ozone/hadoop-ozone/integration-test/target/test-dir/MiniOzoneClusterImpl-6d259c07-df50-4cf8-9c74-d0697ceae933/datanode-2/data/ratis to VolumeSet
2022-01-07 01:23:51,181 [Listener at 127.0.0.1/40673] INFO  volume.ThrottledAsyncChecker (ThrottledAsyncChecker.java:schedule(141)) - Scheduling a check for /home/runner/work/ozone/ozone/hadoop-ozone/integration-test/target/test-dir/MiniOzoneClusterImpl-6d259c07-df50-4cf8-9c74-d0697ceae933/datanode-2/data/ratis
2022-01-07 01:23:51,182 [Listener at 127.0.0.1/40673] INFO  volume.StorageVolumeChecker (StorageVolumeChecker.java:checkAllVolumes(202)) - Scheduled health check for volume /home/runner/work/ozone/ozone/hadoop-ozone/integration-test/target/test-dir/MiniOzoneClusterImpl-6d259c07-df50-4cf8-9c74-d0697ceae933/datanode-2/data/ratis
2022-01-07 01:23:51,186 [om1@group-C5BA1605619E-SegmentedRaftLogWorker] INFO  segmented.SegmentedRaftLogWorker (SegmentedRaftLogWorker.java:execute(601)) - om1@group-C5BA1605619E-SegmentedRaftLogWorker: created new log segment /home/runner/work/ozone/ozone/hadoop-ozone/integration-test/target/test-dir/MiniOzoneClusterImpl-6d259c07-df50-4cf8-9c74-d0697ceae933/ozone-meta/ratis/bf265839-605b-3f16-9796-c5ba1605619e/current/log_inprogress_0
2022-01-07 01:23:51,226 [Thread-155] INFO  ozoneimpl.ContainerReader (ContainerReader.java:readVolume(172)) - Finish verifying containers on volume /home/runner/work/ozone/ozone/hadoop-ozone/integration-test/target/test-dir/MiniOzoneClusterImpl-6d259c07-df50-4cf8-9c74-d0697ceae933/datanode-2/data-0/containers/hdds
2022-01-07 01:23:51,229 [Listener at 127.0.0.1/40673] INFO  ozoneimpl.OzoneContainer (OzoneContainer.java:buildContainerSet(237)) - Build ContainerSet costs 0s
2022-01-07 01:23:51,234 [Listener at 127.0.0.1/40673] INFO  server.RaftServer (ConfUtils.java:logGet(44)) - raft.rpc.type = GRPC (default)
2022-01-07 01:23:51,235 [Listener at 127.0.0.1/40673] INFO  grpc.GrpcFactory (GrpcFactory.java:checkPooledByteBufAllocatorUseCacheForAllThreads(48)) - PERFORMANCE WARNING: useCacheForAllThreads is true that may cause Netty to create a lot garbage objects and, as a result, trigger GC.
	It is recommended to disable useCacheForAllThreads by setting -Dorg.apache.ratis.thirdparty.io.netty.allocator.useCacheForAllThreads=false in command line.
2022-01-07 01:23:51,235 [Listener at 127.0.0.1/40673] INFO  grpc.GrpcConfigKeys (ConfUtils.java:logGet(44)) - raft.grpc.admin.port = 0 (custom)
2022-01-07 01:23:51,235 [Listener at 127.0.0.1/40673] INFO  grpc.GrpcConfigKeys (ConfUtils.java:logGet(44)) - raft.grpc.client.port = 0 (custom)
2022-01-07 01:23:51,235 [Listener at 127.0.0.1/40673] INFO  grpc.GrpcConfigKeys (ConfUtils.java:logGet(44)) - raft.grpc.server.port = 0 (default)
2022-01-07 01:23:51,235 [Listener at 127.0.0.1/40673] INFO  server.GrpcService (ConfUtils.java:logGet(44)) - raft.grpc.message.size.max = 32MB (=33554432) (custom)
2022-01-07 01:23:51,236 [Listener at 127.0.0.1/40673] INFO  server.RaftServerConfigKeys (ConfUtils.java:logGet(44)) - raft.server.log.appender.buffer.byte-limit = 33554432 (custom)
2022-01-07 01:23:51,236 [Listener at 127.0.0.1/40673] INFO  server.GrpcService (ConfUtils.java:logGet(44)) - raft.grpc.flow.control.window = 5MB (=5242880) (custom)
2022-01-07 01:23:51,236 [Listener at 127.0.0.1/40673] INFO  server.RaftServerConfigKeys (ConfUtils.java:logGet(44)) - raft.server.rpc.request.timeout = 3000ms (default)
2022-01-07 01:23:51,239 [Listener at 127.0.0.1/40673] INFO  impl.DataStreamServerImpl (ConfUtils.java:logGet(44)) - raft.datastream.type = DISABLED (default)
2022-01-07 01:23:51,239 [Listener at 127.0.0.1/40673] INFO  server.RaftServerConfigKeys (ConfUtils.java:logGet(44)) - raft.server.rpc.slowness.timeout = 1000000ms (custom)
2022-01-07 01:23:51,239 [Listener at 127.0.0.1/40673] INFO  server.RaftServerConfigKeys (ConfUtils.java:logGet(44)) - raft.server.leaderelection.leader.step-down.wait-time = 10s (default)
2022-01-07 01:23:51,240 [Listener at 127.0.0.1/40673] INFO  server.RaftServerConfigKeys (ConfUtils.java:logGet(44)) - raft.server.storage.dir = [/home/runner/work/ozone/ozone/hadoop-ozone/integration-test/target/test-dir/MiniOzoneClusterImpl-6d259c07-df50-4cf8-9c74-d0697ceae933/datanode-2/data/ratis] (custom)
2022-01-07 01:23:51,241 [Listener at 127.0.0.1/40673] INFO  server.XceiverServerGrpc (XceiverServerGrpc.java:<init>(132)) - GrpcServer channel type EpollServerSocketChannel
2022-01-07 01:23:51,246 [Listener at 127.0.0.1/40673] INFO  http.BaseHttpServer (BaseHttpServer.java:newHttpServer2BuilderForOzone(209)) - Starting Web-server for hddsDatanode at: http://0.0.0.0:0
2022-01-07 01:23:51,246 [Listener at 127.0.0.1/40673] INFO  http.BaseHttpServer (BaseHttpServer.java:<init>(107)) - Hadoop Security Enabled: false Ozone Security Enabled: false Ozone HTTP Security Enabled: false 
2022-01-07 01:23:51,248 [Listener at 127.0.0.1/40673] INFO  server.AuthenticationFilter (AuthenticationFilter.java:constructSecretProvider(240)) - Unable to initialize FileSignerSecretProvider, falling back to use random secrets.
2022-01-07 01:23:51,253 [Listener at 127.0.0.1/40673] WARN  http.HttpRequestLog (HttpRequestLog.java:getRequestLog(103)) - Jetty request log can only be enabled using Log4j
2022-01-07 01:23:51,254 [Listener at 127.0.0.1/40673] INFO  http.HttpServer2 (HttpServer2.java:addGlobalFilter(1030)) - Added global filter 'safety' (class=org.apache.hadoop.hdds.server.http.HttpServer2$QuotingInputFilter)
2022-01-07 01:23:51,255 [Listener at 127.0.0.1/40673] INFO  http.HttpServer2 (HttpServer2.java:addFilter(1006)) - Added filter static_user_filter (class=org.apache.hadoop.http.lib.StaticUserWebFilter$StaticUserFilter) to context hddsDatanode
2022-01-07 01:23:51,255 [Listener at 127.0.0.1/40673] INFO  http.HttpServer2 (HttpServer2.java:addFilter(1014)) - Added filter static_user_filter (class=org.apache.hadoop.http.lib.StaticUserWebFilter$StaticUserFilter) to context static
2022-01-07 01:23:51,255 [Listener at 127.0.0.1/40673] INFO  http.HttpServer2 (HttpServer2.java:addFilter(1014)) - Added filter static_user_filter (class=org.apache.hadoop.http.lib.StaticUserWebFilter$StaticUserFilter) to context logs
2022-01-07 01:23:51,256 [Listener at 127.0.0.1/40673] INFO  http.HttpServer2 (HttpServer2.java:bindListener(1249)) - Jetty bound to port 38445
2022-01-07 01:23:51,256 [Listener at 127.0.0.1/40673] INFO  server.Server (Server.java:doStart(375)) - jetty-9.4.43.v20210629; built: 2021-06-30T11:07:22.254Z; git: 526006ecfa3af7f1a27ef3a288e2bef7ea9dd7e8; jvm 1.8.0_292-b10
2022-01-07 01:23:51,273 [Listener at 127.0.0.1/40673] INFO  server.session (DefaultSessionIdManager.java:doStart(334)) - DefaultSessionIdManager workerName=node0
2022-01-07 01:23:51,273 [Listener at 127.0.0.1/40673] INFO  server.session (DefaultSessionIdManager.java:doStart(339)) - No SessionScavenger set, using defaults
2022-01-07 01:23:51,273 [Listener at 127.0.0.1/40673] INFO  server.session (HouseKeeper.java:startScavenging(132)) - node0 Scavenging every 600000ms
2022-01-07 01:23:51,275 [Listener at 127.0.0.1/40673] INFO  handler.ContextHandler (ContextHandler.java:doStart(915)) - Started o.e.j.s.ServletContextHandler@59c68ed3{logs,/logs,file:///home/runner/work/ozone/ozone/hadoop-ozone/integration-test/target/log,AVAILABLE}
2022-01-07 01:23:51,275 [Listener at 127.0.0.1/40673] INFO  handler.ContextHandler (ContextHandler.java:doStart(915)) - Started o.e.j.s.ServletContextHandler@7459002d{static,/static,jar:file:/home/runner/.m2/repository/org/apache/ozone/hdds-container-service/1.3.0-SNAPSHOT/hdds-container-service-1.3.0-SNAPSHOT.jar!/webapps/static,AVAILABLE}
2022-01-07 01:23:51,302 [om1@group-C5BA1605619E-StateMachineUpdater] INFO  ratis.OzoneManagerStateMachine (OzoneManagerStateMachine.java:notifyConfigurationChanged(188)) - Received Configuration change notification from Ratis. New Peer list:
[id: "om1"
address: "localhost:9872"
]
2022-01-07 01:23:51,329 [Listener at 127.0.0.1/40673] INFO  handler.ContextHandler (ContextHandler.java:doStart(915)) - Started o.e.j.w.WebAppContext@5eea3f69{hddsDatanode,/,file:///tmp/jetty-0_0_0_0-38445-hdds-container-service-1_3_0-SNAPSHOT_jar-_-any-3877335181702221961/webapp/,AVAILABLE}{jar:file:/home/runner/.m2/repository/org/apache/ozone/hdds-container-service/1.3.0-SNAPSHOT/hdds-container-service-1.3.0-SNAPSHOT.jar!/webapps/hddsDatanode}
2022-01-07 01:23:51,330 [Listener at 127.0.0.1/40673] INFO  server.AbstractConnector (AbstractConnector.java:doStart(331)) - Started ServerConnector@29025b1a{HTTP/1.1, (http/1.1)}{0.0.0.0:38445}
2022-01-07 01:23:51,330 [Listener at 127.0.0.1/40673] INFO  server.Server (Server.java:doStart(415)) - Started @8112ms
2022-01-07 01:23:51,330 [Listener at 127.0.0.1/40673] WARN  impl.MetricsSystemImpl (MetricsSystemImpl.java:register(279)) - Sink prometheus already exists!
2022-01-07 01:23:51,331 [Listener at 127.0.0.1/40673] INFO  http.BaseHttpServer (BaseHttpServer.java:updateConnectorAddress(329)) - HTTP server of hddsDatanode listening at http://0.0.0.0:38445
2022-01-07 01:23:51,340 [Listener at 127.0.0.1/40673] INFO  ozone.MiniOzoneClusterImpl (MiniOzoneClusterImpl.java:lambda$waitForClusterToBeReady$0(235)) - Waiting for nodes to be ready. Got 0 of 3 DN Heartbeats.
2022-01-07 01:23:51,340 [Listener at 127.0.0.1/40673] INFO  ozone.MiniOzoneClusterImpl (MiniOzoneClusterImpl.java:lambda$waitForClusterToBeReady$0(238)) - Waiting for cluster to exit safe mode
2022-01-07 01:23:51,340 [Listener at 127.0.0.1/40673] INFO  ozone.MiniOzoneClusterImpl (MiniOzoneClusterImpl.java:lambda$waitForClusterToBeReady$0(240)) - SCM became leader
2022-01-07 01:23:51,340 [Datanode State Machine Daemon Thread] INFO  statemachine.DatanodeStateMachine (DatanodeStateMachine.java:lambda$startDaemon$0(467)) - Ozone container server started.
2022-01-07 01:23:51,345 [org.apache.hadoop.util.JvmPauseMonitor$Monitor@6e30f13e] INFO  util.JvmPauseMonitor (JvmPauseMonitor.java:run(188)) - Starting JVM pause monitor
2022-01-07 01:23:51,347 [Datanode State Machine Task Thread - 0] INFO  datanode.InitDatanodeState (InitDatanodeState.java:persistContainerDatanodeDetails(145)) - DatanodeDetails is persisted to /home/runner/work/ozone/ozone/hadoop-ozone/integration-test/target/test-dir/MiniOzoneClusterImpl-6d259c07-df50-4cf8-9c74-d0697ceae933/datanode-2/meta/datanode.id
2022-01-07 01:23:52,341 [Listener at 127.0.0.1/40673] INFO  ozone.MiniOzoneClusterImpl (MiniOzoneClusterImpl.java:lambda$waitForClusterToBeReady$0(235)) - Waiting for nodes to be ready. Got 0 of 3 DN Heartbeats.
2022-01-07 01:23:52,342 [Listener at 127.0.0.1/40673] INFO  ozone.MiniOzoneClusterImpl (MiniOzoneClusterImpl.java:lambda$waitForClusterToBeReady$0(238)) - Waiting for cluster to exit safe mode
2022-01-07 01:23:52,342 [Listener at 127.0.0.1/40673] INFO  ozone.MiniOzoneClusterImpl (MiniOzoneClusterImpl.java:lambda$waitForClusterToBeReady$0(240)) - SCM became leader
2022-01-07 01:23:52,473 [EndpointStateMachine task thread for /0.0.0.0:43925 - 0 ] INFO  ozoneimpl.OzoneContainer (OzoneContainer.java:start(315)) - Attempting to start container services.
2022-01-07 01:23:52,476 [EndpointStateMachine task thread for /0.0.0.0:43925 - 0 ] INFO  ozoneimpl.OzoneContainer (OzoneContainer.java:startContainerScrub(250)) - Background container scanner has been disabled.
2022-01-07 01:23:52,478 [EndpointStateMachine task thread for /0.0.0.0:43925 - 0 ] INFO  replication.ReplicationServer (ReplicationServer.java:start(107)) - ReplicationServer is started using port 33507
2022-01-07 01:23:52,480 [EndpointStateMachine task thread for /0.0.0.0:43925 - 0 ] INFO  ratis.XceiverServerRatis (XceiverServerRatis.java:start(484)) - Starting XceiverServerRatis baceac6d-bbfe-42b4-9bde-396690ef56d9
2022-01-07 01:23:52,481 [EndpointStateMachine task thread for /0.0.0.0:43925 - 0 ] INFO  server.RaftServer (RaftServerProxy.java:lambda$start$5(374)) - baceac6d-bbfe-42b4-9bde-396690ef56d9: start RPC server
2022-01-07 01:23:52,486 [EndpointStateMachine task thread for /0.0.0.0:43925 - 0 ] INFO  server.GrpcService (GrpcService.java:startImpl(253)) - baceac6d-bbfe-42b4-9bde-396690ef56d9: GrpcService started, listening on 38573
2022-01-07 01:23:52,486 [EndpointStateMachine task thread for /0.0.0.0:43925 - 0 ] INFO  ratis.XceiverServerRatis (XceiverServerRatis.java:getRealPort(505)) - XceiverServerRatis baceac6d-bbfe-42b4-9bde-396690ef56d9 is started using port 38573 for RATIS
2022-01-07 01:23:52,487 [EndpointStateMachine task thread for /0.0.0.0:43925 - 0 ] INFO  ratis.XceiverServerRatis (XceiverServerRatis.java:getRealPort(505)) - XceiverServerRatis baceac6d-bbfe-42b4-9bde-396690ef56d9 is started using port 38573 for RATIS_ADMIN
2022-01-07 01:23:52,487 [EndpointStateMachine task thread for /0.0.0.0:43925 - 0 ] INFO  ratis.XceiverServerRatis (XceiverServerRatis.java:getRealPort(505)) - XceiverServerRatis baceac6d-bbfe-42b4-9bde-396690ef56d9 is started using port 38573 for RATIS_SERVER
2022-01-07 01:23:52,487 [org.apache.ratis.util.JvmPauseMonitor$$Lambda$529/262958410@5b0bde53] INFO  util.JvmPauseMonitor (JvmPauseMonitor.java:run(103)) - JvmPauseMonitor-baceac6d-bbfe-42b4-9bde-396690ef56d9: Started
2022-01-07 01:23:52,490 [EndpointStateMachine task thread for /0.0.0.0:43925 - 0 ] INFO  server.XceiverServerGrpc (XceiverServerGrpc.java:start(180)) - XceiverServerGrpc baceac6d-bbfe-42b4-9bde-396690ef56d9 is started using port 39301
2022-01-07 01:23:52,976 [EndpointStateMachine task thread for /0.0.0.0:43925 - 0 ] INFO  ozoneimpl.OzoneContainer (OzoneContainer.java:start(315)) - Attempting to start container services.
2022-01-07 01:23:52,977 [EndpointStateMachine task thread for /0.0.0.0:43925 - 0 ] INFO  ozoneimpl.OzoneContainer (OzoneContainer.java:startContainerScrub(250)) - Background container scanner has been disabled.
2022-01-07 01:23:52,978 [EndpointStateMachine task thread for /0.0.0.0:43925 - 0 ] INFO  replication.ReplicationServer (ReplicationServer.java:start(107)) - ReplicationServer is started using port 46707
2022-01-07 01:23:52,979 [EndpointStateMachine task thread for /0.0.0.0:43925 - 0 ] INFO  ratis.XceiverServerRatis (XceiverServerRatis.java:start(484)) - Starting XceiverServerRatis c7514957-7287-4cfe-8c11-55f780daee7f
2022-01-07 01:23:52,984 [EndpointStateMachine task thread for /0.0.0.0:43925 - 0 ] INFO  server.RaftServer (RaftServerProxy.java:lambda$start$5(374)) - c7514957-7287-4cfe-8c11-55f780daee7f: start RPC server
2022-01-07 01:23:52,985 [EndpointStateMachine task thread for /0.0.0.0:43925 - 0 ] INFO  server.GrpcService (GrpcService.java:startImpl(253)) - c7514957-7287-4cfe-8c11-55f780daee7f: GrpcService started, listening on 42065
2022-01-07 01:23:52,986 [EndpointStateMachine task thread for /0.0.0.0:43925 - 0 ] INFO  ratis.XceiverServerRatis (XceiverServerRatis.java:getRealPort(505)) - XceiverServerRatis c7514957-7287-4cfe-8c11-55f780daee7f is started using port 42065 for RATIS
2022-01-07 01:23:52,986 [EndpointStateMachine task thread for /0.0.0.0:43925 - 0 ] INFO  ratis.XceiverServerRatis (XceiverServerRatis.java:getRealPort(505)) - XceiverServerRatis c7514957-7287-4cfe-8c11-55f780daee7f is started using port 42065 for RATIS_ADMIN
2022-01-07 01:23:52,986 [EndpointStateMachine task thread for /0.0.0.0:43925 - 0 ] INFO  ratis.XceiverServerRatis (XceiverServerRatis.java:getRealPort(505)) - XceiverServerRatis c7514957-7287-4cfe-8c11-55f780daee7f is started using port 42065 for RATIS_SERVER
2022-01-07 01:23:52,986 [org.apache.ratis.util.JvmPauseMonitor$$Lambda$529/262958410@2a0d93eb] INFO  util.JvmPauseMonitor (JvmPauseMonitor.java:run(103)) - JvmPauseMonitor-c7514957-7287-4cfe-8c11-55f780daee7f: Started
2022-01-07 01:23:52,987 [EndpointStateMachine task thread for /0.0.0.0:43925 - 0 ] INFO  server.XceiverServerGrpc (XceiverServerGrpc.java:start(180)) - XceiverServerGrpc c7514957-7287-4cfe-8c11-55f780daee7f is started using port 44563
2022-01-07 01:23:53,342 [Listener at 127.0.0.1/40673] INFO  ozone.MiniOzoneClusterImpl (MiniOzoneClusterImpl.java:lambda$waitForClusterToBeReady$0(235)) - Waiting for nodes to be ready. Got 0 of 3 DN Heartbeats.
2022-01-07 01:23:53,343 [Listener at 127.0.0.1/40673] INFO  ozone.MiniOzoneClusterImpl (MiniOzoneClusterImpl.java:lambda$waitForClusterToBeReady$0(238)) - Waiting for cluster to exit safe mode
2022-01-07 01:23:53,343 [Listener at 127.0.0.1/40673] INFO  ozone.MiniOzoneClusterImpl (MiniOzoneClusterImpl.java:lambda$waitForClusterToBeReady$0(240)) - SCM became leader
2022-01-07 01:23:53,357 [EndpointStateMachine task thread for /0.0.0.0:43925 - 0 ] INFO  ozoneimpl.OzoneContainer (OzoneContainer.java:start(315)) - Attempting to start container services.
2022-01-07 01:23:53,357 [EndpointStateMachine task thread for /0.0.0.0:43925 - 0 ] INFO  ozoneimpl.OzoneContainer (OzoneContainer.java:startContainerScrub(250)) - Background container scanner has been disabled.
2022-01-07 01:23:53,359 [EndpointStateMachine task thread for /0.0.0.0:43925 - 0 ] INFO  replication.ReplicationServer (ReplicationServer.java:start(107)) - ReplicationServer is started using port 43065
2022-01-07 01:23:53,359 [EndpointStateMachine task thread for /0.0.0.0:43925 - 0 ] INFO  ratis.XceiverServerRatis (XceiverServerRatis.java:start(484)) - Starting XceiverServerRatis 18b95dfb-8ef7-4011-a842-0dc8d0be8521
2022-01-07 01:23:53,360 [EndpointStateMachine task thread for /0.0.0.0:43925 - 0 ] INFO  server.RaftServer (RaftServerProxy.java:lambda$start$5(374)) - 18b95dfb-8ef7-4011-a842-0dc8d0be8521: start RPC server
2022-01-07 01:23:53,366 [EndpointStateMachine task thread for /0.0.0.0:43925 - 0 ] INFO  server.GrpcService (GrpcService.java:startImpl(253)) - 18b95dfb-8ef7-4011-a842-0dc8d0be8521: GrpcService started, listening on 39307
2022-01-07 01:23:53,366 [EndpointStateMachine task thread for /0.0.0.0:43925 - 0 ] INFO  ratis.XceiverServerRatis (XceiverServerRatis.java:getRealPort(505)) - XceiverServerRatis 18b95dfb-8ef7-4011-a842-0dc8d0be8521 is started using port 39307 for RATIS
2022-01-07 01:23:53,366 [EndpointStateMachine task thread for /0.0.0.0:43925 - 0 ] INFO  ratis.XceiverServerRatis (XceiverServerRatis.java:getRealPort(505)) - XceiverServerRatis 18b95dfb-8ef7-4011-a842-0dc8d0be8521 is started using port 39307 for RATIS_ADMIN
2022-01-07 01:23:53,366 [EndpointStateMachine task thread for /0.0.0.0:43925 - 0 ] INFO  ratis.XceiverServerRatis (XceiverServerRatis.java:getRealPort(505)) - XceiverServerRatis 18b95dfb-8ef7-4011-a842-0dc8d0be8521 is started using port 39307 for RATIS_SERVER
2022-01-07 01:23:53,366 [org.apache.ratis.util.JvmPauseMonitor$$Lambda$529/262958410@4d382023] INFO  util.JvmPauseMonitor (JvmPauseMonitor.java:run(103)) - JvmPauseMonitor-18b95dfb-8ef7-4011-a842-0dc8d0be8521: Started
2022-01-07 01:23:53,368 [EndpointStateMachine task thread for /0.0.0.0:43925 - 0 ] INFO  server.XceiverServerGrpc (XceiverServerGrpc.java:start(180)) - XceiverServerGrpc 18b95dfb-8ef7-4011-a842-0dc8d0be8521 is started using port 36969
2022-01-07 01:23:54,343 [Listener at 127.0.0.1/40673] INFO  ozone.MiniOzoneClusterImpl (MiniOzoneClusterImpl.java:lambda$waitForClusterToBeReady$0(235)) - Waiting for nodes to be ready. Got 0 of 3 DN Heartbeats.
2022-01-07 01:23:54,344 [Listener at 127.0.0.1/40673] INFO  ozone.MiniOzoneClusterImpl (MiniOzoneClusterImpl.java:lambda$waitForClusterToBeReady$0(238)) - Waiting for cluster to exit safe mode
2022-01-07 01:23:54,344 [Listener at 127.0.0.1/40673] INFO  ozone.MiniOzoneClusterImpl (MiniOzoneClusterImpl.java:lambda$waitForClusterToBeReady$0(240)) - SCM became leader
2022-01-07 01:23:54,452 [IPC Server handler 16 on default port 43925] INFO  net.NetworkTopologyImpl (NetworkTopologyImpl.java:add(112)) - Added a new node: /default-rack/baceac6d-bbfe-42b4-9bde-396690ef56d9
2022-01-07 01:23:54,455 [IPC Server handler 16 on default port 43925] INFO  node.SCMNodeManager (SCMNodeManager.java:register(389)) - Registered Data node : baceac6d-bbfe-42b4-9bde-396690ef56d9{ip: 10.1.0.7, host: fv-az291-366.wgnan5asplgejimfprtllbpdch.jx.internal.cloudapp.net, ports: [REPLICATION=33507, RATIS=38573, RATIS_ADMIN=38573, RATIS_SERVER=38573, STANDALONE=39301], networkLocation: /default-rack, certSerialId: null, persistedOpState: null, persistedOpStateExpiryEpochSec: 0}
2022-01-07 01:23:54,459 [EventQueue-NewNodeForNewNodeHandler] INFO  pipeline.BackgroundPipelineCreator (BackgroundPipelineCreator.java:notifyEventTriggered(285)) - trigger a one-shot run on RatisPipelineUtilsThread.
2022-01-07 01:23:54,466 [EventQueue-NodeRegistrationContainerReportForDataNodeSafeModeRule] INFO  safemode.SCMSafeModeManager (DataNodeSafeModeRule.java:process(71)) - SCM in safe mode. 1 DataNodes registered, 3 required.
2022-01-07 01:23:54,466 [EventQueue-NodeRegistrationContainerReportForContainerSafeModeRule] INFO  safemode.SCMSafeModeManager (SCMSafeModeManager.java:validateSafeModeExitRules(204)) - ContainerSafeModeRule rule is successfully validated
2022-01-07 01:23:54,471 [EventQueue-PipelineReportForOneReplicaPipelineSafeModeRule] INFO  safemode.SCMSafeModeManager (SCMSafeModeManager.java:validateSafeModeExitRules(204)) - AtleastOneDatanodeReportedRule rule is successfully validated
2022-01-07 01:23:54,476 [RatisPipelineUtilsThread - 0] INFO  pipeline.RatisPipelineProvider (RatisPipelineProvider.java:lambda$create$0(183)) - Sending CreatePipelineCommand for pipeline:PipelineID=0376a128-31d4-4558-95ae-e1cd86cf2bd9 to datanode:baceac6d-bbfe-42b4-9bde-396690ef56d9
2022-01-07 01:23:54,489 [RatisPipelineUtilsThread - 0] INFO  pipeline.PipelineStateManagerImpl (PipelineStateManagerImpl.java:addPipeline(101)) - Created pipeline Pipeline[ Id: 0376a128-31d4-4558-95ae-e1cd86cf2bd9, Nodes: baceac6d-bbfe-42b4-9bde-396690ef56d9{ip: 10.1.0.7, host: fv-az291-366.wgnan5asplgejimfprtllbpdch.jx.internal.cloudapp.net, ports: [REPLICATION=33507, RATIS=38573, RATIS_ADMIN=38573, RATIS_SERVER=38573, STANDALONE=39301], networkLocation: /default-rack, certSerialId: null, persistedOpState: IN_SERVICE, persistedOpStateExpiryEpochSec: 0}, ReplicationConfig: RATIS/ONE, State:ALLOCATED, leaderId:, CreationTimestamp2022-01-07T01:23:54.468Z[Etc/UTC]].
2022-01-07 01:23:54,973 [IPC Server handler 18 on default port 43925] INFO  net.NetworkTopologyImpl (NetworkTopologyImpl.java:add(112)) - Added a new node: /default-rack/c7514957-7287-4cfe-8c11-55f780daee7f
2022-01-07 01:23:54,973 [IPC Server handler 18 on default port 43925] INFO  node.SCMNodeManager (SCMNodeManager.java:register(389)) - Registered Data node : c7514957-7287-4cfe-8c11-55f780daee7f{ip: 10.1.0.7, host: fv-az291-366.wgnan5asplgejimfprtllbpdch.jx.internal.cloudapp.net, ports: [REPLICATION=46707, RATIS=42065, RATIS_ADMIN=42065, RATIS_SERVER=42065, STANDALONE=44563], networkLocation: /default-rack, certSerialId: null, persistedOpState: null, persistedOpStateExpiryEpochSec: 0}
2022-01-07 01:23:54,974 [EventQueue-NewNodeForNewNodeHandler] INFO  pipeline.BackgroundPipelineCreator (BackgroundPipelineCreator.java:notifyEventTriggered(285)) - trigger a one-shot run on RatisPipelineUtilsThread.
2022-01-07 01:23:54,974 [EventQueue-NodeRegistrationContainerReportForDataNodeSafeModeRule] INFO  safemode.SCMSafeModeManager (DataNodeSafeModeRule.java:process(71)) - SCM in safe mode. 2 DataNodes registered, 3 required.
2022-01-07 01:23:54,977 [RatisPipelineUtilsThread - 0] INFO  pipeline.RatisPipelineProvider (RatisPipelineProvider.java:lambda$create$0(183)) - Sending CreatePipelineCommand for pipeline:PipelineID=3b3cbe4d-f572-470c-badf-eb759fd8adde to datanode:c7514957-7287-4cfe-8c11-55f780daee7f
2022-01-07 01:23:54,978 [RatisPipelineUtilsThread - 0] INFO  pipeline.PipelineStateManagerImpl (PipelineStateManagerImpl.java:addPipeline(101)) - Created pipeline Pipeline[ Id: 3b3cbe4d-f572-470c-badf-eb759fd8adde, Nodes: c7514957-7287-4cfe-8c11-55f780daee7f{ip: 10.1.0.7, host: fv-az291-366.wgnan5asplgejimfprtllbpdch.jx.internal.cloudapp.net, ports: [REPLICATION=46707, RATIS=42065, RATIS_ADMIN=42065, RATIS_SERVER=42065, STANDALONE=44563], networkLocation: /default-rack, certSerialId: null, persistedOpState: IN_SERVICE, persistedOpStateExpiryEpochSec: 0}, ReplicationConfig: RATIS/ONE, State:ALLOCATED, leaderId:, CreationTimestamp2022-01-07T01:23:54.977Z[Etc/UTC]].
2022-01-07 01:23:55,344 [Listener at 127.0.0.1/40673] INFO  ozone.MiniOzoneClusterImpl (MiniOzoneClusterImpl.java:lambda$waitForClusterToBeReady$0(235)) - Waiting for nodes to be ready. Got 2 of 3 DN Heartbeats.
2022-01-07 01:23:55,345 [Listener at 127.0.0.1/40673] INFO  ozone.MiniOzoneClusterImpl (MiniOzoneClusterImpl.java:lambda$waitForClusterToBeReady$0(238)) - Waiting for cluster to exit safe mode
2022-01-07 01:23:55,345 [Listener at 127.0.0.1/40673] INFO  ozone.MiniOzoneClusterImpl (MiniOzoneClusterImpl.java:lambda$waitForClusterToBeReady$0(240)) - SCM became leader
2022-01-07 01:23:55,346 [IPC Server handler 17 on default port 43925] INFO  net.NetworkTopologyImpl (NetworkTopologyImpl.java:add(112)) - Added a new node: /default-rack/18b95dfb-8ef7-4011-a842-0dc8d0be8521
2022-01-07 01:23:55,347 [IPC Server handler 17 on default port 43925] INFO  node.SCMNodeManager (SCMNodeManager.java:register(389)) - Registered Data node : 18b95dfb-8ef7-4011-a842-0dc8d0be8521{ip: 10.1.0.7, host: fv-az291-366.wgnan5asplgejimfprtllbpdch.jx.internal.cloudapp.net, ports: [REPLICATION=43065, RATIS=39307, RATIS_ADMIN=39307, RATIS_SERVER=39307, STANDALONE=36969], networkLocation: /default-rack, certSerialId: null, persistedOpState: null, persistedOpStateExpiryEpochSec: 0}
2022-01-07 01:23:55,348 [EventQueue-NewNodeForNewNodeHandler] INFO  pipeline.BackgroundPipelineCreator (BackgroundPipelineCreator.java:notifyEventTriggered(285)) - trigger a one-shot run on RatisPipelineUtilsThread.
2022-01-07 01:23:55,349 [RatisPipelineUtilsThread - 0] INFO  pipeline.RatisPipelineProvider (RatisPipelineProvider.java:lambda$create$0(183)) - Sending CreatePipelineCommand for pipeline:PipelineID=3850a7de-5881-4a8d-b5b7-5ffb55c75c07 to datanode:18b95dfb-8ef7-4011-a842-0dc8d0be8521
2022-01-07 01:23:55,350 [RatisPipelineUtilsThread - 0] INFO  pipeline.PipelineStateManagerImpl (PipelineStateManagerImpl.java:addPipeline(101)) - Created pipeline Pipeline[ Id: 3850a7de-5881-4a8d-b5b7-5ffb55c75c07, Nodes: 18b95dfb-8ef7-4011-a842-0dc8d0be8521{ip: 10.1.0.7, host: fv-az291-366.wgnan5asplgejimfprtllbpdch.jx.internal.cloudapp.net, ports: [REPLICATION=43065, RATIS=39307, RATIS_ADMIN=39307, RATIS_SERVER=39307, STANDALONE=36969], networkLocation: /default-rack, certSerialId: null, persistedOpState: IN_SERVICE, persistedOpStateExpiryEpochSec: 0}, ReplicationConfig: RATIS/ONE, State:ALLOCATED, leaderId:, CreationTimestamp2022-01-07T01:23:55.349Z[Etc/UTC]].
2022-01-07 01:23:55,350 [EventQueue-NodeRegistrationContainerReportForDataNodeSafeModeRule] INFO  safemode.SCMSafeModeManager (DataNodeSafeModeRule.java:process(71)) - SCM in safe mode. 3 DataNodes registered, 3 required.
2022-01-07 01:23:55,350 [EventQueue-NodeRegistrationContainerReportForDataNodeSafeModeRule] INFO  safemode.SCMSafeModeManager (SCMSafeModeManager.java:validateSafeModeExitRules(204)) - DataNodeSafeModeRule rule is successfully validated
2022-01-07 01:23:55,350 [EventQueue-NodeRegistrationContainerReportForDataNodeSafeModeRule] INFO  safemode.SCMSafeModeManager (SCMSafeModeManager.java:completePreCheck(233)) - All SCM safe mode pre check rules have passed
2022-01-07 01:23:55,350 [EventQueue-NodeRegistrationContainerReportForDataNodeSafeModeRule] WARN  events.EventQueue (EventQueue.java:fireEvent(194)) - No event handler registered for event TypedEvent{payloadType=SafeModeStatus, name='Safe mode status'}
2022-01-07 01:23:55,350 [EventQueue-NodeRegistrationContainerReportForDataNodeSafeModeRule] INFO  ha.SCMContext (SCMContext.java:updateSafeModeStatus(211)) - Update SafeModeStatus from SafeModeStatus{safeModeStatus=true, preCheckPassed=false} to SafeModeStatus{safeModeStatus=true, preCheckPassed=true}.
2022-01-07 01:23:55,351 [EventQueue-NodeRegistrationContainerReportForDataNodeSafeModeRule] INFO  pipeline.BackgroundPipelineCreator (BackgroundPipelineCreator.java:notifyEventTriggered(285)) - trigger a one-shot run on RatisPipelineUtilsThread.
2022-01-07 01:23:55,354 [RatisPipelineUtilsThread - 0] INFO  pipeline.RatisPipelineProvider (RatisPipelineProvider.java:lambda$create$0(183)) - Sending CreatePipelineCommand for pipeline:PipelineID=b1f049ef-67e6-4b7d-89d8-9eecfc4a6075 to datanode:c7514957-7287-4cfe-8c11-55f780daee7f
2022-01-07 01:23:55,355 [RatisPipelineUtilsThread - 0] INFO  pipeline.RatisPipelineProvider (RatisPipelineProvider.java:lambda$create$0(183)) - Sending CreatePipelineCommand for pipeline:PipelineID=b1f049ef-67e6-4b7d-89d8-9eecfc4a6075 to datanode:baceac6d-bbfe-42b4-9bde-396690ef56d9
2022-01-07 01:23:55,355 [RatisPipelineUtilsThread - 0] INFO  pipeline.RatisPipelineProvider (RatisPipelineProvider.java:lambda$create$0(183)) - Sending CreatePipelineCommand for pipeline:PipelineID=b1f049ef-67e6-4b7d-89d8-9eecfc4a6075 to datanode:18b95dfb-8ef7-4011-a842-0dc8d0be8521
2022-01-07 01:23:55,356 [RatisPipelineUtilsThread - 0] INFO  pipeline.PipelineStateManagerImpl (PipelineStateManagerImpl.java:addPipeline(101)) - Created pipeline Pipeline[ Id: b1f049ef-67e6-4b7d-89d8-9eecfc4a6075, Nodes: c7514957-7287-4cfe-8c11-55f780daee7f{ip: 10.1.0.7, host: fv-az291-366.wgnan5asplgejimfprtllbpdch.jx.internal.cloudapp.net, ports: [REPLICATION=46707, RATIS=42065, RATIS_ADMIN=42065, RATIS_SERVER=42065, STANDALONE=44563], networkLocation: /default-rack, certSerialId: null, persistedOpState: IN_SERVICE, persistedOpStateExpiryEpochSec: 0}baceac6d-bbfe-42b4-9bde-396690ef56d9{ip: 10.1.0.7, host: fv-az291-366.wgnan5asplgejimfprtllbpdch.jx.internal.cloudapp.net, ports: [REPLICATION=33507, RATIS=38573, RATIS_ADMIN=38573, RATIS_SERVER=38573, STANDALONE=39301], networkLocation: /default-rack, certSerialId: null, persistedOpState: IN_SERVICE, persistedOpStateExpiryEpochSec: 0}18b95dfb-8ef7-4011-a842-0dc8d0be8521{ip: 10.1.0.7, host: fv-az291-366.wgnan5asplgejimfprtllbpdch.jx.internal.cloudapp.net, ports: [REPLICATION=43065, RATIS=39307, RATIS_ADMIN=39307, RATIS_SERVER=39307, STANDALONE=36969], networkLocation: /default-rack, certSerialId: null, persistedOpState: IN_SERVICE, persistedOpStateExpiryEpochSec: 0}, ReplicationConfig: RATIS/THREE, State:ALLOCATED, leaderId:, CreationTimestamp2022-01-07T01:23:55.354Z[Etc/UTC]].
2022-01-07 01:23:56,345 [Listener at 127.0.0.1/40673] INFO  ozone.MiniOzoneClusterImpl (MiniOzoneClusterImpl.java:lambda$waitForClusterToBeReady$0(235)) - Nodes are ready. Got 3 of 3 DN Heartbeats.
2022-01-07 01:23:56,345 [Listener at 127.0.0.1/40673] INFO  ozone.MiniOzoneClusterImpl (MiniOzoneClusterImpl.java:lambda$waitForClusterToBeReady$0(238)) - Waiting for cluster to exit safe mode
2022-01-07 01:23:56,345 [Listener at 127.0.0.1/40673] INFO  ozone.MiniOzoneClusterImpl (MiniOzoneClusterImpl.java:lambda$waitForClusterToBeReady$0(240)) - SCM became leader
2022-01-07 01:23:57,346 [Listener at 127.0.0.1/40673] INFO  ozone.MiniOzoneClusterImpl (MiniOzoneClusterImpl.java:lambda$waitForClusterToBeReady$0(235)) - Nodes are ready. Got 3 of 3 DN Heartbeats.
2022-01-07 01:23:57,346 [Listener at 127.0.0.1/40673] INFO  ozone.MiniOzoneClusterImpl (MiniOzoneClusterImpl.java:lambda$waitForClusterToBeReady$0(238)) - Waiting for cluster to exit safe mode
2022-01-07 01:23:57,346 [Listener at 127.0.0.1/40673] INFO  ozone.MiniOzoneClusterImpl (MiniOzoneClusterImpl.java:lambda$waitForClusterToBeReady$0(240)) - SCM became leader
2022-01-07 01:23:57,434 [Command processor thread] INFO  server.RaftServer (RaftServerProxy.java:addNew(95)) - baceac6d-bbfe-42b4-9bde-396690ef56d9: addNew group-E1CD86CF2BD9:[baceac6d-bbfe-42b4-9bde-396690ef56d9|rpc:10.1.0.7:38573|priority:1] returns group-E1CD86CF2BD9:java.util.concurrent.CompletableFuture@588bd6f[Not completed]
2022-01-07 01:23:57,449 [pool-55-thread-1] INFO  server.RaftServer$Division (RaftServerImpl.java:<init>(184)) - baceac6d-bbfe-42b4-9bde-396690ef56d9: new RaftServerImpl for group-E1CD86CF2BD9:[baceac6d-bbfe-42b4-9bde-396690ef56d9|rpc:10.1.0.7:38573|priority:1] with ContainerStateMachine:uninitialized
2022-01-07 01:23:57,449 [pool-55-thread-1] INFO  server.RaftServerConfigKeys (ConfUtils.java:logGet(44)) - raft.server.rpc.timeout.min = 5s (custom)
2022-01-07 01:23:57,449 [pool-55-thread-1] INFO  server.RaftServerConfigKeys (ConfUtils.java:logGet(44)) - raft.server.rpc.timeout.max = 5200ms (custom)
2022-01-07 01:23:57,449 [pool-55-thread-1] INFO  server.RaftServerConfigKeys (ConfUtils.java:logGet(44)) - raft.server.rpc.sleep.time = 25ms (default)
2022-01-07 01:23:57,450 [pool-55-thread-1] INFO  server.RaftServerConfigKeys (ConfUtils.java:logGet(44)) - raft.server.rpc.slowness.timeout = 1000000ms (custom)
2022-01-07 01:23:57,450 [pool-55-thread-1] INFO  server.RaftServerConfigKeys (ConfUtils.java:logGet(44)) - raft.server.leaderelection.leader.step-down.wait-time = 10s (default)
2022-01-07 01:23:57,450 [pool-55-thread-1] INFO  server.RaftServerConfigKeys (ConfUtils.java:logGet(44)) - raft.server.sleep.deviation.threshold = 300ms (default)
2022-01-07 01:23:57,450 [pool-55-thread-1] INFO  server.RaftServerConfigKeys (ConfUtils.java:logGet(44)) - raft.server.log.appender.install.snapshot.enabled = false (custom)
2022-01-07 01:23:57,450 [pool-55-thread-1] INFO  server.RaftServer$Division (ServerState.java:<init>(105)) - baceac6d-bbfe-42b4-9bde-396690ef56d9@group-E1CD86CF2BD9: ConfigurationManager, init=-1: [baceac6d-bbfe-42b4-9bde-396690ef56d9|rpc:10.1.0.7:38573|priority:1], old=null, confs=<EMPTY_MAP>
2022-01-07 01:23:57,450 [pool-55-thread-1] INFO  server.RaftServerConfigKeys (ConfUtils.java:logGet(44)) - raft.server.storage.dir = [/home/runner/work/ozone/ozone/hadoop-ozone/integration-test/target/test-dir/MiniOzoneClusterImpl-6d259c07-df50-4cf8-9c74-d0697ceae933/datanode-0/data/ratis] (custom)
2022-01-07 01:23:57,450 [pool-55-thread-1] INFO  server.RaftServerConfigKeys (ConfUtils.java:logGet(44)) - raft.server.log.corruption.policy = EXCEPTION (default)
2022-01-07 01:23:57,450 [pool-55-thread-1] INFO  server.RaftServerConfigKeys (ConfUtils.java:logGet(44)) - raft.server.storage.free-space.min = 0MB (=0) (default)
2022-01-07 01:23:57,450 [pool-55-thread-1] INFO  storage.RaftStorageDirectory (RaftStorageDirectoryImpl.java:analyzeStorage(135)) - The storage directory /home/runner/work/ozone/ozone/hadoop-ozone/integration-test/target/test-dir/MiniOzoneClusterImpl-6d259c07-df50-4cf8-9c74-d0697ceae933/datanode-0/data/ratis/0376a128-31d4-4558-95ae-e1cd86cf2bd9 does not exist. Creating ...
2022-01-07 01:23:57,452 [pool-55-thread-1] INFO  storage.RaftStorageDirectory (RaftStorageDirectoryImpl.java:tryLock(230)) - Lock on /home/runner/work/ozone/ozone/hadoop-ozone/integration-test/target/test-dir/MiniOzoneClusterImpl-6d259c07-df50-4cf8-9c74-d0697ceae933/datanode-0/data/ratis/0376a128-31d4-4558-95ae-e1cd86cf2bd9/in_use.lock acquired by nodename 5368@fv-az291-366
2022-01-07 01:23:57,453 [pool-55-thread-1] INFO  storage.RaftStorage (RaftStorageImpl.java:format(89)) - Storage directory /home/runner/work/ozone/ozone/hadoop-ozone/integration-test/target/test-dir/MiniOzoneClusterImpl-6d259c07-df50-4cf8-9c74-d0697ceae933/datanode-0/data/ratis/0376a128-31d4-4558-95ae-e1cd86cf2bd9 has been successfully formatted.
2022-01-07 01:23:57,457 [pool-55-thread-1] INFO  ratis.ContainerStateMachine (ContainerStateMachine.java:loadSnapshot(231)) - group-E1CD86CF2BD9: The snapshot info is null. Setting the last applied indexto:(t:0, i:~)
2022-01-07 01:23:57,458 [pool-55-thread-1] INFO  server.RaftServerConfigKeys (ConfUtils.java:logGet(44)) - raft.server.notification.no-leader.timeout = 1000000ms (custom)
2022-01-07 01:23:57,458 [pool-55-thread-1] INFO  server.RaftServerConfigKeys (ConfUtils.java:logGet(44)) - raft.server.log.use.memory = false (default)
2022-01-07 01:23:57,460 [EventQueue-PipelineReportForPipelineReportHandler] INFO  pipeline.PipelineManagerImpl (PipelineManagerImpl.java:openPipeline(291)) - Pipeline Pipeline[ Id: 0376a128-31d4-4558-95ae-e1cd86cf2bd9, Nodes: baceac6d-bbfe-42b4-9bde-396690ef56d9{ip: 10.1.0.7, host: fv-az291-366.wgnan5asplgejimfprtllbpdch.jx.internal.cloudapp.net, ports: [REPLICATION=33507, RATIS=38573, RATIS_ADMIN=38573, RATIS_SERVER=38573, STANDALONE=39301], networkLocation: /default-rack, certSerialId: null, persistedOpState: IN_SERVICE, persistedOpStateExpiryEpochSec: 0}, ReplicationConfig: RATIS/ONE, State:ALLOCATED, leaderId:baceac6d-bbfe-42b4-9bde-396690ef56d9, CreationTimestamp2022-01-07T01:23:54.468Z[Etc/UTC]] moved to OPEN state
2022-01-07 01:23:57,461 [pool-55-thread-1] INFO  server.RaftServerConfigKeys (ConfUtils.java:logGet(44)) - raft.server.log.purge.gap = 1000000 (custom)
2022-01-07 01:23:57,461 [pool-55-thread-1] INFO  server.RaftServerConfigKeys (ConfUtils.java:logGet(44)) - raft.server.log.appender.buffer.byte-limit = 33554432 (custom)
2022-01-07 01:23:57,462 [EventQueue-OpenPipelineForHealthyPipelineSafeModeRule] INFO  safemode.SCMSafeModeManager (HealthyPipelineSafeModeRule.java:process(124)) - SCM in safe mode. Healthy pipelines reported count is 0, required healthy pipeline reported count is 1
2022-01-07 01:23:57,468 [pool-55-thread-1] INFO  server.RaftServerConfigKeys (ConfUtils.java:logGet(44)) - raft.server.log.segment.size.max = 1048576 (custom)
2022-01-07 01:23:57,469 [pool-55-thread-1] INFO  server.RaftServerConfigKeys (ConfUtils.java:logGet(44)) - raft.server.log.segment.cache.num.max = 2 (custom)
2022-01-07 01:23:57,469 [pool-55-thread-1] INFO  server.RaftServerConfigKeys (ConfUtils.java:logGet(44)) - raft.server.log.segment.cache.size.max = 200MB (=209715200) (default)
2022-01-07 01:23:57,469 [pool-55-thread-1] INFO  segmented.SegmentedRaftLogWorker (SegmentedRaftLogWorker.java:<init>(182)) - new baceac6d-bbfe-42b4-9bde-396690ef56d9@group-E1CD86CF2BD9-SegmentedRaftLogWorker for RaftStorageImpl:Storage Directory /home/runner/work/ozone/ozone/hadoop-ozone/integration-test/target/test-dir/MiniOzoneClusterImpl-6d259c07-df50-4cf8-9c74-d0697ceae933/datanode-0/data/ratis/0376a128-31d4-4558-95ae-e1cd86cf2bd9
2022-01-07 01:23:57,470 [pool-55-thread-1] INFO  server.RaftServerConfigKeys (ConfUtils.java:logGet(44)) - raft.server.log.queue.byte-limit = 2147483647 (custom)
2022-01-07 01:23:57,470 [pool-55-thread-1] INFO  server.RaftServerConfigKeys (ConfUtils.java:logGet(44)) - raft.server.log.queue.element-limit = 1024 (custom)
2022-01-07 01:23:57,470 [pool-55-thread-1] INFO  server.RaftServerConfigKeys (ConfUtils.java:logGet(44)) - raft.server.log.segment.size.max = 1048576 (custom)
2022-01-07 01:23:57,470 [pool-55-thread-1] INFO  server.RaftServerConfigKeys (ConfUtils.java:logGet(44)) - raft.server.log.preallocated.size = 16384 (custom)
2022-01-07 01:23:57,470 [pool-55-thread-1] INFO  server.RaftServerConfigKeys (ConfUtils.java:logGet(44)) - raft.server.log.force.sync.num = 128 (default)
2022-01-07 01:23:57,470 [pool-55-thread-1] INFO  server.RaftServerConfigKeys (ConfUtils.java:logGet(44)) - raft.server.log.statemachine.data.sync = true (default)
2022-01-07 01:23:57,470 [pool-55-thread-1] INFO  server.RaftServerConfigKeys (ConfUtils.java:logGet(44)) - raft.server.log.statemachine.data.sync.timeout = 10s (default)
2022-01-07 01:23:57,470 [pool-55-thread-1] INFO  server.RaftServerConfigKeys (ConfUtils.java:logGet(44)) - raft.server.log.statemachine.data.sync.timeout.retry = -1 (default)
2022-01-07 01:23:57,472 [pool-55-thread-1] INFO  server.RaftServerConfigKeys (ConfUtils.java:logGet(44)) - raft.server.log.write.buffer.size = 1048576 (custom)
2022-01-07 01:23:57,472 [pool-55-thread-1] INFO  server.RaftServerConfigKeys (ConfUtils.java:logGet(44)) - raft.server.log.statemachine.data.caching.enabled = true (custom)
2022-01-07 01:23:57,473 [pool-55-thread-1] INFO  segmented.SegmentedRaftLogWorker (SegmentedRaftLogWorker.java:lambda$new$0(133)) - baceac6d-bbfe-42b4-9bde-396690ef56d9@group-E1CD86CF2BD9-SegmentedRaftLogWorker: flushIndex: setUnconditionally 0 -> -1
2022-01-07 01:23:57,473 [pool-55-thread-1] INFO  segmented.SegmentedRaftLogWorker (SegmentedRaftLogWorker.java:lambda$new$0(133)) - baceac6d-bbfe-42b4-9bde-396690ef56d9@group-E1CD86CF2BD9-SegmentedRaftLogWorker: safeCacheEvictIndex: setUnconditionally 0 -> -1
2022-01-07 01:23:57,477 [pool-55-thread-1] INFO  server.RaftServerConfigKeys (ConfUtils.java:logGet(44)) - raft.server.snapshot.auto.trigger.enabled = true (custom)
2022-01-07 01:23:57,478 [pool-55-thread-1] INFO  server.RaftServerConfigKeys (ConfUtils.java:logGet(44)) - raft.server.snapshot.auto.trigger.threshold = 10000 (custom)
2022-01-07 01:23:57,478 [pool-55-thread-1] INFO  server.RaftServerConfigKeys (ConfUtils.java:logGet(44)) - raft.server.snapshot.retention.file.num = 5 (custom)
2022-01-07 01:23:57,478 [pool-55-thread-1] INFO  server.RaftServerConfigKeys (ConfUtils.java:logGet(44)) - raft.server.log.purge.upto.snapshot.index = false (default)
2022-01-07 01:23:57,478 [pool-55-thread-1] INFO  server.RaftServerConfigKeys (ConfUtils.java:logGet(44)) - raft.server.retrycache.expirytime = 600000ms (custom)
2022-01-07 01:23:57,478 [pool-55-thread-1] INFO  server.RaftServerConfigKeys (ConfUtils.java:logGet(44)) - raft.server.retrycache.statistics.expirytime = 100μs (default)
2022-01-07 01:23:57,480 [pool-55-thread-1] INFO  server.RaftServer$Division (RaftServerImpl.java:start(301)) - baceac6d-bbfe-42b4-9bde-396690ef56d9@group-E1CD86CF2BD9: start as a follower, conf=-1: [baceac6d-bbfe-42b4-9bde-396690ef56d9|rpc:10.1.0.7:38573|priority:1], old=null
2022-01-07 01:23:57,480 [pool-55-thread-1] INFO  server.RaftServer$Division (RaftServerImpl.java:setRole(290)) - baceac6d-bbfe-42b4-9bde-396690ef56d9@group-E1CD86CF2BD9: changes role from      null to FOLLOWER at term 0 for startAsFollower
2022-01-07 01:23:57,481 [pool-55-thread-1] INFO  impl.RoleInfo (RoleInfo.java:updateAndGet(130)) - baceac6d-bbfe-42b4-9bde-396690ef56d9: start baceac6d-bbfe-42b4-9bde-396690ef56d9@group-E1CD86CF2BD9-FollowerState
2022-01-07 01:23:57,481 [pool-55-thread-1] INFO  util.JmxRegister (JmxRegister.java:tryRegister(44)) - Successfully registered JMX Bean with object name Ratis:service=RaftServer,group=group-E1CD86CF2BD9,id=baceac6d-bbfe-42b4-9bde-396690ef56d9
2022-01-07 01:23:57,491 [Command processor thread] INFO  ratis.XceiverServerRatis (XceiverServerRatis.java:addGroup(768)) - Created group PipelineID=0376a128-31d4-4558-95ae-e1cd86cf2bd9
2022-01-07 01:23:57,492 [Command processor thread] INFO  commandhandler.CreatePipelineCommandHandler (CreatePipelineCommandHandler.java:handle(106)) - Created Pipeline RATIS ONE PipelineID=0376a128-31d4-4558-95ae-e1cd86cf2bd9.
2022-01-07 01:23:57,492 [Command processor thread] INFO  server.RaftServer (RaftServerProxy.java:addNew(95)) - baceac6d-bbfe-42b4-9bde-396690ef56d9: addNew group-9EECFC4A6075:[18b95dfb-8ef7-4011-a842-0dc8d0be8521|rpc:10.1.0.7:39307|priority:1, c7514957-7287-4cfe-8c11-55f780daee7f|rpc:10.1.0.7:42065|priority:0, baceac6d-bbfe-42b4-9bde-396690ef56d9|rpc:10.1.0.7:38573|priority:0] returns group-9EECFC4A6075:java.util.concurrent.CompletableFuture@623a7808[Not completed]
2022-01-07 01:23:57,493 [pool-55-thread-1] INFO  server.RaftServer$Division (RaftServerImpl.java:<init>(184)) - baceac6d-bbfe-42b4-9bde-396690ef56d9: new RaftServerImpl for group-9EECFC4A6075:[18b95dfb-8ef7-4011-a842-0dc8d0be8521|rpc:10.1.0.7:39307|priority:1, c7514957-7287-4cfe-8c11-55f780daee7f|rpc:10.1.0.7:42065|priority:0, baceac6d-bbfe-42b4-9bde-396690ef56d9|rpc:10.1.0.7:38573|priority:0] with ContainerStateMachine:uninitialized
2022-01-07 01:23:57,494 [pool-55-thread-1] INFO  server.RaftServerConfigKeys (ConfUtils.java:logGet(44)) - raft.server.rpc.timeout.min = 5s (custom)
2022-01-07 01:23:57,494 [pool-55-thread-1] INFO  server.RaftServerConfigKeys (ConfUtils.java:logGet(44)) - raft.server.rpc.timeout.max = 5200ms (custom)
2022-01-07 01:23:57,494 [pool-55-thread-1] INFO  server.RaftServerConfigKeys (ConfUtils.java:logGet(44)) - raft.server.rpc.sleep.time = 25ms (default)
2022-01-07 01:23:57,494 [pool-55-thread-1] INFO  server.RaftServerConfigKeys (ConfUtils.java:logGet(44)) - raft.server.rpc.slowness.timeout = 1000000ms (custom)
2022-01-07 01:23:57,494 [pool-55-thread-1] INFO  server.RaftServerConfigKeys (ConfUtils.java:logGet(44)) - raft.server.leaderelection.leader.step-down.wait-time = 10s (default)
2022-01-07 01:23:57,494 [pool-55-thread-1] INFO  server.RaftServerConfigKeys (ConfUtils.java:logGet(44)) - raft.server.sleep.deviation.threshold = 300ms (default)
2022-01-07 01:23:57,494 [pool-55-thread-1] INFO  server.RaftServerConfigKeys (ConfUtils.java:logGet(44)) - raft.server.log.appender.install.snapshot.enabled = false (custom)
2022-01-07 01:23:57,494 [pool-55-thread-1] INFO  server.RaftServer$Division (ServerState.java:<init>(105)) - baceac6d-bbfe-42b4-9bde-396690ef56d9@group-9EECFC4A6075: ConfigurationManager, init=-1: [18b95dfb-8ef7-4011-a842-0dc8d0be8521|rpc:10.1.0.7:39307|priority:1, c7514957-7287-4cfe-8c11-55f780daee7f|rpc:10.1.0.7:42065|priority:0, baceac6d-bbfe-42b4-9bde-396690ef56d9|rpc:10.1.0.7:38573|priority:0], old=null, confs=<EMPTY_MAP>
2022-01-07 01:23:57,495 [pool-55-thread-1] INFO  server.RaftServerConfigKeys (ConfUtils.java:logGet(44)) - raft.server.storage.dir = [/home/runner/work/ozone/ozone/hadoop-ozone/integration-test/target/test-dir/MiniOzoneClusterImpl-6d259c07-df50-4cf8-9c74-d0697ceae933/datanode-0/data/ratis] (custom)
2022-01-07 01:23:57,495 [pool-55-thread-1] INFO  server.RaftServerConfigKeys (ConfUtils.java:logGet(44)) - raft.server.log.corruption.policy = EXCEPTION (default)
2022-01-07 01:23:57,495 [pool-55-thread-1] INFO  server.RaftServerConfigKeys (ConfUtils.java:logGet(44)) - raft.server.storage.free-space.min = 0MB (=0) (default)
2022-01-07 01:23:57,495 [pool-55-thread-1] INFO  storage.RaftStorageDirectory (RaftStorageDirectoryImpl.java:analyzeStorage(135)) - The storage directory /home/runner/work/ozone/ozone/hadoop-ozone/integration-test/target/test-dir/MiniOzoneClusterImpl-6d259c07-df50-4cf8-9c74-d0697ceae933/datanode-0/data/ratis/b1f049ef-67e6-4b7d-89d8-9eecfc4a6075 does not exist. Creating ...
2022-01-07 01:23:57,497 [pool-55-thread-1] INFO  storage.RaftStorageDirectory (RaftStorageDirectoryImpl.java:tryLock(230)) - Lock on /home/runner/work/ozone/ozone/hadoop-ozone/integration-test/target/test-dir/MiniOzoneClusterImpl-6d259c07-df50-4cf8-9c74-d0697ceae933/datanode-0/data/ratis/b1f049ef-67e6-4b7d-89d8-9eecfc4a6075/in_use.lock acquired by nodename 5368@fv-az291-366
2022-01-07 01:23:57,498 [pool-55-thread-1] INFO  storage.RaftStorage (RaftStorageImpl.java:format(89)) - Storage directory /home/runner/work/ozone/ozone/hadoop-ozone/integration-test/target/test-dir/MiniOzoneClusterImpl-6d259c07-df50-4cf8-9c74-d0697ceae933/datanode-0/data/ratis/b1f049ef-67e6-4b7d-89d8-9eecfc4a6075 has been successfully formatted.
2022-01-07 01:23:57,499 [pool-55-thread-1] INFO  ratis.ContainerStateMachine (ContainerStateMachine.java:loadSnapshot(231)) - group-9EECFC4A6075: The snapshot info is null. Setting the last applied indexto:(t:0, i:~)
2022-01-07 01:23:57,499 [pool-55-thread-1] INFO  server.RaftServerConfigKeys (ConfUtils.java:logGet(44)) - raft.server.notification.no-leader.timeout = 1000000ms (custom)
2022-01-07 01:23:57,499 [pool-55-thread-1] INFO  server.RaftServerConfigKeys (ConfUtils.java:logGet(44)) - raft.server.log.use.memory = false (default)
2022-01-07 01:23:57,499 [pool-55-thread-1] INFO  server.RaftServerConfigKeys (ConfUtils.java:logGet(44)) - raft.server.log.purge.gap = 1000000 (custom)
2022-01-07 01:23:57,499 [pool-55-thread-1] INFO  server.RaftServerConfigKeys (ConfUtils.java:logGet(44)) - raft.server.log.appender.buffer.byte-limit = 33554432 (custom)
2022-01-07 01:23:57,501 [EventQueue-OpenPipelineForHealthyPipelineSafeModeRule] INFO  safemode.SCMSafeModeManager (HealthyPipelineSafeModeRule.java:process(124)) - SCM in safe mode. Healthy pipelines reported count is 0, required healthy pipeline reported count is 1
2022-01-07 01:23:57,502 [pool-55-thread-1] INFO  server.RaftServerConfigKeys (ConfUtils.java:logGet(44)) - raft.server.log.segment.size.max = 1048576 (custom)
2022-01-07 01:23:57,503 [pool-55-thread-1] INFO  server.RaftServerConfigKeys (ConfUtils.java:logGet(44)) - raft.server.log.segment.cache.num.max = 2 (custom)
2022-01-07 01:23:57,503 [pool-55-thread-1] INFO  server.RaftServerConfigKeys (ConfUtils.java:logGet(44)) - raft.server.log.segment.cache.size.max = 200MB (=209715200) (default)
2022-01-07 01:23:57,503 [pool-55-thread-1] INFO  segmented.SegmentedRaftLogWorker (SegmentedRaftLogWorker.java:<init>(182)) - new baceac6d-bbfe-42b4-9bde-396690ef56d9@group-9EECFC4A6075-SegmentedRaftLogWorker for RaftStorageImpl:Storage Directory /home/runner/work/ozone/ozone/hadoop-ozone/integration-test/target/test-dir/MiniOzoneClusterImpl-6d259c07-df50-4cf8-9c74-d0697ceae933/datanode-0/data/ratis/b1f049ef-67e6-4b7d-89d8-9eecfc4a6075
2022-01-07 01:23:57,503 [pool-55-thread-1] INFO  server.RaftServerConfigKeys (ConfUtils.java:logGet(44)) - raft.server.log.queue.byte-limit = 2147483647 (custom)
2022-01-07 01:23:57,503 [pool-55-thread-1] INFO  server.RaftServerConfigKeys (ConfUtils.java:logGet(44)) - raft.server.log.queue.element-limit = 1024 (custom)
2022-01-07 01:23:57,503 [pool-55-thread-1] INFO  server.RaftServerConfigKeys (ConfUtils.java:logGet(44)) - raft.server.log.segment.size.max = 1048576 (custom)
2022-01-07 01:23:57,503 [pool-55-thread-1] INFO  server.RaftServerConfigKeys (ConfUtils.java:logGet(44)) - raft.server.log.preallocated.size = 16384 (custom)
2022-01-07 01:23:57,503 [pool-55-thread-1] INFO  server.RaftServerConfigKeys (ConfUtils.java:logGet(44)) - raft.server.log.force.sync.num = 128 (default)
2022-01-07 01:23:57,503 [pool-55-thread-1] INFO  server.RaftServerConfigKeys (ConfUtils.java:logGet(44)) - raft.server.log.statemachine.data.sync = true (default)
2022-01-07 01:23:57,503 [pool-55-thread-1] INFO  server.RaftServerConfigKeys (ConfUtils.java:logGet(44)) - raft.server.log.statemachine.data.sync.timeout = 10s (default)
2022-01-07 01:23:57,503 [pool-55-thread-1] INFO  server.RaftServerConfigKeys (ConfUtils.java:logGet(44)) - raft.server.log.statemachine.data.sync.timeout.retry = -1 (default)
2022-01-07 01:23:57,504 [pool-55-thread-1] INFO  server.RaftServerConfigKeys (ConfUtils.java:logGet(44)) - raft.server.log.write.buffer.size = 1048576 (custom)
2022-01-07 01:23:57,505 [pool-55-thread-1] INFO  server.RaftServerConfigKeys (ConfUtils.java:logGet(44)) - raft.server.log.statemachine.data.caching.enabled = true (custom)
2022-01-07 01:23:57,505 [pool-55-thread-1] INFO  segmented.SegmentedRaftLogWorker (SegmentedRaftLogWorker.java:lambda$new$0(133)) - baceac6d-bbfe-42b4-9bde-396690ef56d9@group-9EECFC4A6075-SegmentedRaftLogWorker: flushIndex: setUnconditionally 0 -> -1
2022-01-07 01:23:57,505 [pool-55-thread-1] INFO  segmented.SegmentedRaftLogWorker (SegmentedRaftLogWorker.java:lambda$new$0(133)) - baceac6d-bbfe-42b4-9bde-396690ef56d9@group-9EECFC4A6075-SegmentedRaftLogWorker: safeCacheEvictIndex: setUnconditionally 0 -> -1
2022-01-07 01:23:57,506 [pool-55-thread-1] INFO  server.RaftServerConfigKeys (ConfUtils.java:logGet(44)) - raft.server.snapshot.auto.trigger.enabled = true (custom)
2022-01-07 01:23:57,506 [pool-55-thread-1] INFO  server.RaftServerConfigKeys (ConfUtils.java:logGet(44)) - raft.server.snapshot.auto.trigger.threshold = 10000 (custom)
2022-01-07 01:23:57,506 [pool-55-thread-1] INFO  server.RaftServerConfigKeys (ConfUtils.java:logGet(44)) - raft.server.snapshot.retention.file.num = 5 (custom)
2022-01-07 01:23:57,506 [pool-55-thread-1] INFO  server.RaftServerConfigKeys (ConfUtils.java:logGet(44)) - raft.server.log.purge.upto.snapshot.index = false (default)
2022-01-07 01:23:57,506 [pool-55-thread-1] INFO  server.RaftServerConfigKeys (ConfUtils.java:logGet(44)) - raft.server.retrycache.expirytime = 600000ms (custom)
2022-01-07 01:23:57,506 [pool-55-thread-1] INFO  server.RaftServerConfigKeys (ConfUtils.java:logGet(44)) - raft.server.retrycache.statistics.expirytime = 100μs (default)
2022-01-07 01:23:57,508 [pool-55-thread-1] INFO  server.RaftServer$Division (RaftServerImpl.java:start(301)) - baceac6d-bbfe-42b4-9bde-396690ef56d9@group-9EECFC4A6075: start as a follower, conf=-1: [18b95dfb-8ef7-4011-a842-0dc8d0be8521|rpc:10.1.0.7:39307|priority:1, c7514957-7287-4cfe-8c11-55f780daee7f|rpc:10.1.0.7:42065|priority:0, baceac6d-bbfe-42b4-9bde-396690ef56d9|rpc:10.1.0.7:38573|priority:0], old=null
2022-01-07 01:23:57,508 [pool-55-thread-1] INFO  server.RaftServer$Division (RaftServerImpl.java:setRole(290)) - baceac6d-bbfe-42b4-9bde-396690ef56d9@group-9EECFC4A6075: changes role from      null to FOLLOWER at term 0 for startAsFollower
2022-01-07 01:23:57,508 [pool-55-thread-1] INFO  impl.RoleInfo (RoleInfo.java:updateAndGet(130)) - baceac6d-bbfe-42b4-9bde-396690ef56d9: start baceac6d-bbfe-42b4-9bde-396690ef56d9@group-9EECFC4A6075-FollowerState
2022-01-07 01:23:57,508 [pool-55-thread-1] INFO  util.JmxRegister (JmxRegister.java:tryRegister(44)) - Successfully registered JMX Bean with object name Ratis:service=RaftServer,group=group-9EECFC4A6075,id=baceac6d-bbfe-42b4-9bde-396690ef56d9
2022-01-07 01:23:57,509 [Command processor thread] INFO  ratis.XceiverServerRatis (XceiverServerRatis.java:addGroup(768)) - Created group PipelineID=b1f049ef-67e6-4b7d-89d8-9eecfc4a6075
2022-01-07 01:23:57,977 [Command processor thread] INFO  server.RaftServer (RaftServerProxy.java:addNew(95)) - c7514957-7287-4cfe-8c11-55f780daee7f: addNew group-EB759FD8ADDE:[c7514957-7287-4cfe-8c11-55f780daee7f|rpc:10.1.0.7:42065|priority:1] returns group-EB759FD8ADDE:java.util.concurrent.CompletableFuture@7f3afad9[Not completed]
2022-01-07 01:23:57,979 [pool-76-thread-1] INFO  server.RaftServer$Division (RaftServerImpl.java:<init>(184)) - c7514957-7287-4cfe-8c11-55f780daee7f: new RaftServerImpl for group-EB759FD8ADDE:[c7514957-7287-4cfe-8c11-55f780daee7f|rpc:10.1.0.7:42065|priority:1] with ContainerStateMachine:uninitialized
2022-01-07 01:23:57,985 [pool-76-thread-1] INFO  server.RaftServerConfigKeys (ConfUtils.java:logGet(44)) - raft.server.rpc.timeout.min = 5s (custom)
2022-01-07 01:23:57,985 [pool-76-thread-1] INFO  server.RaftServerConfigKeys (ConfUtils.java:logGet(44)) - raft.server.rpc.timeout.max = 5200ms (custom)
2022-01-07 01:23:57,985 [pool-76-thread-1] INFO  server.RaftServerConfigKeys (ConfUtils.java:logGet(44)) - raft.server.rpc.sleep.time = 25ms (default)
2022-01-07 01:23:57,985 [pool-76-thread-1] INFO  server.RaftServerConfigKeys (ConfUtils.java:logGet(44)) - raft.server.rpc.slowness.timeout = 1000000ms (custom)
2022-01-07 01:23:57,986 [pool-76-thread-1] INFO  server.RaftServerConfigKeys (ConfUtils.java:logGet(44)) - raft.server.leaderelection.leader.step-down.wait-time = 10s (default)
2022-01-07 01:23:57,986 [pool-76-thread-1] INFO  server.RaftServerConfigKeys (ConfUtils.java:logGet(44)) - raft.server.sleep.deviation.threshold = 300ms (default)
2022-01-07 01:23:57,986 [pool-76-thread-1] INFO  server.RaftServerConfigKeys (ConfUtils.java:logGet(44)) - raft.server.log.appender.install.snapshot.enabled = false (custom)
2022-01-07 01:23:57,986 [pool-76-thread-1] INFO  server.RaftServer$Division (ServerState.java:<init>(105)) - c7514957-7287-4cfe-8c11-55f780daee7f@group-EB759FD8ADDE: ConfigurationManager, init=-1: [c7514957-7287-4cfe-8c11-55f780daee7f|rpc:10.1.0.7:42065|priority:1], old=null, confs=<EMPTY_MAP>
2022-01-07 01:23:57,986 [pool-76-thread-1] INFO  server.RaftServerConfigKeys (ConfUtils.java:logGet(44)) - raft.server.storage.dir = [/home/runner/work/ozone/ozone/hadoop-ozone/integration-test/target/test-dir/MiniOzoneClusterImpl-6d259c07-df50-4cf8-9c74-d0697ceae933/datanode-1/data/ratis] (custom)
2022-01-07 01:23:57,986 [pool-76-thread-1] INFO  server.RaftServerConfigKeys (ConfUtils.java:logGet(44)) - raft.server.log.corruption.policy = EXCEPTION (default)
2022-01-07 01:23:57,986 [pool-76-thread-1] INFO  server.RaftServerConfigKeys (ConfUtils.java:logGet(44)) - raft.server.storage.free-space.min = 0MB (=0) (default)
2022-01-07 01:23:57,986 [pool-76-thread-1] INFO  storage.RaftStorageDirectory (RaftStorageDirectoryImpl.java:analyzeStorage(135)) - The storage directory /home/runner/work/ozone/ozone/hadoop-ozone/integration-test/target/test-dir/MiniOzoneClusterImpl-6d259c07-df50-4cf8-9c74-d0697ceae933/datanode-1/data/ratis/3b3cbe4d-f572-470c-badf-eb759fd8adde does not exist. Creating ...
2022-01-07 01:23:57,987 [pool-76-thread-1] INFO  storage.RaftStorageDirectory (RaftStorageDirectoryImpl.java:tryLock(230)) - Lock on /home/runner/work/ozone/ozone/hadoop-ozone/integration-test/target/test-dir/MiniOzoneClusterImpl-6d259c07-df50-4cf8-9c74-d0697ceae933/datanode-1/data/ratis/3b3cbe4d-f572-470c-badf-eb759fd8adde/in_use.lock acquired by nodename 5368@fv-az291-366
2022-01-07 01:23:57,990 [pool-76-thread-1] INFO  storage.RaftStorage (RaftStorageImpl.java:format(89)) - Storage directory /home/runner/work/ozone/ozone/hadoop-ozone/integration-test/target/test-dir/MiniOzoneClusterImpl-6d259c07-df50-4cf8-9c74-d0697ceae933/datanode-1/data/ratis/3b3cbe4d-f572-470c-badf-eb759fd8adde has been successfully formatted.
2022-01-07 01:23:58,000 [EventQueue-PipelineReportForPipelineReportHandler] INFO  pipeline.PipelineManagerImpl (PipelineManagerImpl.java:openPipeline(291)) - Pipeline Pipeline[ Id: 3b3cbe4d-f572-470c-badf-eb759fd8adde, Nodes: c7514957-7287-4cfe-8c11-55f780daee7f{ip: 10.1.0.7, host: fv-az291-366.wgnan5asplgejimfprtllbpdch.jx.internal.cloudapp.net, ports: [REPLICATION=46707, RATIS=42065, RATIS_ADMIN=42065, RATIS_SERVER=42065, STANDALONE=44563], networkLocation: /default-rack, certSerialId: null, persistedOpState: IN_SERVICE, persistedOpStateExpiryEpochSec: 0}, ReplicationConfig: RATIS/ONE, State:ALLOCATED, leaderId:c7514957-7287-4cfe-8c11-55f780daee7f, CreationTimestamp2022-01-07T01:23:54.977Z[Etc/UTC]] moved to OPEN state
2022-01-07 01:23:58,000 [EventQueue-OpenPipelineForHealthyPipelineSafeModeRule] INFO  safemode.SCMSafeModeManager (HealthyPipelineSafeModeRule.java:process(124)) - SCM in safe mode. Healthy pipelines reported count is 0, required healthy pipeline reported count is 1
2022-01-07 01:23:57,998 [pool-76-thread-1] INFO  ratis.ContainerStateMachine (ContainerStateMachine.java:loadSnapshot(231)) - group-EB759FD8ADDE: The snapshot info is null. Setting the last applied indexto:(t:0, i:~)
2022-01-07 01:23:58,003 [pool-76-thread-1] INFO  server.RaftServerConfigKeys (ConfUtils.java:logGet(44)) - raft.server.notification.no-leader.timeout = 1000000ms (custom)
2022-01-07 01:23:58,004 [pool-76-thread-1] INFO  server.RaftServerConfigKeys (ConfUtils.java:logGet(44)) - raft.server.log.use.memory = false (default)
2022-01-07 01:23:58,004 [pool-76-thread-1] INFO  server.RaftServerConfigKeys (ConfUtils.java:logGet(44)) - raft.server.log.purge.gap = 1000000 (custom)
2022-01-07 01:23:58,004 [pool-76-thread-1] INFO  server.RaftServerConfigKeys (ConfUtils.java:logGet(44)) - raft.server.log.appender.buffer.byte-limit = 33554432 (custom)
2022-01-07 01:23:58,004 [pool-76-thread-1] INFO  server.RaftServerConfigKeys (ConfUtils.java:logGet(44)) - raft.server.log.segment.size.max = 1048576 (custom)
2022-01-07 01:23:58,005 [pool-76-thread-1] INFO  server.RaftServerConfigKeys (ConfUtils.java:logGet(44)) - raft.server.log.segment.cache.num.max = 2 (custom)
2022-01-07 01:23:58,008 [pool-76-thread-1] INFO  server.RaftServerConfigKeys (ConfUtils.java:logGet(44)) - raft.server.log.segment.cache.size.max = 200MB (=209715200) (default)
2022-01-07 01:23:58,008 [pool-76-thread-1] INFO  segmented.SegmentedRaftLogWorker (SegmentedRaftLogWorker.java:<init>(182)) - new c7514957-7287-4cfe-8c11-55f780daee7f@group-EB759FD8ADDE-SegmentedRaftLogWorker for RaftStorageImpl:Storage Directory /home/runner/work/ozone/ozone/hadoop-ozone/integration-test/target/test-dir/MiniOzoneClusterImpl-6d259c07-df50-4cf8-9c74-d0697ceae933/datanode-1/data/ratis/3b3cbe4d-f572-470c-badf-eb759fd8adde
2022-01-07 01:23:58,009 [pool-76-thread-1] INFO  server.RaftServerConfigKeys (ConfUtils.java:logGet(44)) - raft.server.log.queue.byte-limit = 2147483647 (custom)
2022-01-07 01:23:58,009 [pool-76-thread-1] INFO  server.RaftServerConfigKeys (ConfUtils.java:logGet(44)) - raft.server.log.queue.element-limit = 1024 (custom)
2022-01-07 01:23:58,009 [pool-76-thread-1] INFO  server.RaftServerConfigKeys (ConfUtils.java:logGet(44)) - raft.server.log.segment.size.max = 1048576 (custom)
2022-01-07 01:23:58,009 [pool-76-thread-1] INFO  server.RaftServerConfigKeys (ConfUtils.java:logGet(44)) - raft.server.log.preallocated.size = 16384 (custom)
2022-01-07 01:23:58,009 [pool-76-thread-1] INFO  server.RaftServerConfigKeys (ConfUtils.java:logGet(44)) - raft.server.log.force.sync.num = 128 (default)
2022-01-07 01:23:58,009 [pool-76-thread-1] INFO  server.RaftServerConfigKeys (ConfUtils.java:logGet(44)) - raft.server.log.statemachine.data.sync = true (default)
2022-01-07 01:23:58,009 [pool-76-thread-1] INFO  server.RaftServerConfigKeys (ConfUtils.java:logGet(44)) - raft.server.log.statemachine.data.sync.timeout = 10s (default)
2022-01-07 01:23:58,009 [pool-76-thread-1] INFO  server.RaftServerConfigKeys (ConfUtils.java:logGet(44)) - raft.server.log.statemachine.data.sync.timeout.retry = -1 (default)
2022-01-07 01:23:58,012 [pool-76-thread-1] INFO  server.RaftServerConfigKeys (ConfUtils.java:logGet(44)) - raft.server.log.write.buffer.size = 1048576 (custom)
2022-01-07 01:23:58,013 [pool-76-thread-1] INFO  server.RaftServerConfigKeys (ConfUtils.java:logGet(44)) - raft.server.log.statemachine.data.caching.enabled = true (custom)
2022-01-07 01:23:58,013 [pool-76-thread-1] INFO  segmented.SegmentedRaftLogWorker (SegmentedRaftLogWorker.java:lambda$new$0(133)) - c7514957-7287-4cfe-8c11-55f780daee7f@group-EB759FD8ADDE-SegmentedRaftLogWorker: flushIndex: setUnconditionally 0 -> -1
2022-01-07 01:23:58,014 [pool-76-thread-1] INFO  segmented.SegmentedRaftLogWorker (SegmentedRaftLogWorker.java:lambda$new$0(133)) - c7514957-7287-4cfe-8c11-55f780daee7f@group-EB759FD8ADDE-SegmentedRaftLogWorker: safeCacheEvictIndex: setUnconditionally 0 -> -1
2022-01-07 01:23:58,016 [pool-76-thread-1] INFO  server.RaftServerConfigKeys (ConfUtils.java:logGet(44)) - raft.server.snapshot.auto.trigger.enabled = true (custom)
2022-01-07 01:23:58,017 [pool-76-thread-1] INFO  server.RaftServerConfigKeys (ConfUtils.java:logGet(44)) - raft.server.snapshot.auto.trigger.threshold = 10000 (custom)
2022-01-07 01:23:58,017 [pool-76-thread-1] INFO  server.RaftServerConfigKeys (ConfUtils.java:logGet(44)) - raft.server.snapshot.retention.file.num = 5 (custom)
2022-01-07 01:23:58,017 [pool-76-thread-1] INFO  server.RaftServerConfigKeys (ConfUtils.java:logGet(44)) - raft.server.log.purge.upto.snapshot.index = false (default)
2022-01-07 01:23:58,017 [pool-76-thread-1] INFO  server.RaftServerConfigKeys (ConfUtils.java:logGet(44)) - raft.server.retrycache.expirytime = 600000ms (custom)
2022-01-07 01:23:58,017 [pool-76-thread-1] INFO  server.RaftServerConfigKeys (ConfUtils.java:logGet(44)) - raft.server.retrycache.statistics.expirytime = 100μs (default)
2022-01-07 01:23:58,031 [pool-76-thread-1] INFO  server.RaftServer$Division (RaftServerImpl.java:start(301)) - c7514957-7287-4cfe-8c11-55f780daee7f@group-EB759FD8ADDE: start as a follower, conf=-1: [c7514957-7287-4cfe-8c11-55f780daee7f|rpc:10.1.0.7:42065|priority:1], old=null
2022-01-07 01:23:58,033 [pool-76-thread-1] INFO  server.RaftServer$Division (RaftServerImpl.java:setRole(290)) - c7514957-7287-4cfe-8c11-55f780daee7f@group-EB759FD8ADDE: changes role from      null to FOLLOWER at term 0 for startAsFollower
2022-01-07 01:23:58,033 [pool-76-thread-1] INFO  impl.RoleInfo (RoleInfo.java:updateAndGet(130)) - c7514957-7287-4cfe-8c11-55f780daee7f: start c7514957-7287-4cfe-8c11-55f780daee7f@group-EB759FD8ADDE-FollowerState
2022-01-07 01:23:58,038 [pool-76-thread-1] INFO  util.JmxRegister (JmxRegister.java:tryRegister(44)) - Successfully registered JMX Bean with object name Ratis:service=RaftServer,group=group-EB759FD8ADDE,id=c7514957-7287-4cfe-8c11-55f780daee7f
2022-01-07 01:23:58,041 [Command processor thread] INFO  ratis.XceiverServerRatis (XceiverServerRatis.java:addGroup(768)) - Created group PipelineID=3b3cbe4d-f572-470c-badf-eb759fd8adde
2022-01-07 01:23:58,041 [Command processor thread] INFO  commandhandler.CreatePipelineCommandHandler (CreatePipelineCommandHandler.java:handle(106)) - Created Pipeline RATIS ONE PipelineID=3b3cbe4d-f572-470c-badf-eb759fd8adde.
2022-01-07 01:23:58,058 [Command processor thread] INFO  server.RaftServer (RaftServerProxy.java:addNew(95)) - c7514957-7287-4cfe-8c11-55f780daee7f: addNew group-9EECFC4A6075:[18b95dfb-8ef7-4011-a842-0dc8d0be8521|rpc:10.1.0.7:39307|priority:1, c7514957-7287-4cfe-8c11-55f780daee7f|rpc:10.1.0.7:42065|priority:0, baceac6d-bbfe-42b4-9bde-396690ef56d9|rpc:10.1.0.7:38573|priority:0] returns group-9EECFC4A6075:java.util.concurrent.CompletableFuture@7b0561e6[Not completed]
2022-01-07 01:23:58,059 [pool-76-thread-1] INFO  server.RaftServer$Division (RaftServerImpl.java:<init>(184)) - c7514957-7287-4cfe-8c11-55f780daee7f: new RaftServerImpl for group-9EECFC4A6075:[18b95dfb-8ef7-4011-a842-0dc8d0be8521|rpc:10.1.0.7:39307|priority:1, c7514957-7287-4cfe-8c11-55f780daee7f|rpc:10.1.0.7:42065|priority:0, baceac6d-bbfe-42b4-9bde-396690ef56d9|rpc:10.1.0.7:38573|priority:0] with ContainerStateMachine:uninitialized
2022-01-07 01:23:58,060 [pool-76-thread-1] INFO  server.RaftServerConfigKeys (ConfUtils.java:logGet(44)) - raft.server.rpc.timeout.min = 5s (custom)
2022-01-07 01:23:58,060 [pool-76-thread-1] INFO  server.RaftServerConfigKeys (ConfUtils.java:logGet(44)) - raft.server.rpc.timeout.max = 5200ms (custom)
2022-01-07 01:23:58,060 [pool-76-thread-1] INFO  server.RaftServerConfigKeys (ConfUtils.java:logGet(44)) - raft.server.rpc.sleep.time = 25ms (default)
2022-01-07 01:23:58,060 [pool-76-thread-1] INFO  server.RaftServerConfigKeys (ConfUtils.java:logGet(44)) - raft.server.rpc.slowness.timeout = 1000000ms (custom)
2022-01-07 01:23:58,060 [pool-76-thread-1] INFO  server.RaftServerConfigKeys (ConfUtils.java:logGet(44)) - raft.server.leaderelection.leader.step-down.wait-time = 10s (default)
2022-01-07 01:23:58,060 [pool-76-thread-1] INFO  server.RaftServerConfigKeys (ConfUtils.java:logGet(44)) - raft.server.sleep.deviation.threshold = 300ms (default)
2022-01-07 01:23:58,060 [pool-76-thread-1] INFO  server.RaftServerConfigKeys (ConfUtils.java:logGet(44)) - raft.server.log.appender.install.snapshot.enabled = false (custom)
2022-01-07 01:23:58,060 [pool-76-thread-1] INFO  server.RaftServer$Division (ServerState.java:<init>(105)) - c7514957-7287-4cfe-8c11-55f780daee7f@group-9EECFC4A6075: ConfigurationManager, init=-1: [18b95dfb-8ef7-4011-a842-0dc8d0be8521|rpc:10.1.0.7:39307|priority:1, c7514957-7287-4cfe-8c11-55f780daee7f|rpc:10.1.0.7:42065|priority:0, baceac6d-bbfe-42b4-9bde-396690ef56d9|rpc:10.1.0.7:38573|priority:0], old=null, confs=<EMPTY_MAP>
2022-01-07 01:23:58,060 [pool-76-thread-1] INFO  server.RaftServerConfigKeys (ConfUtils.java:logGet(44)) - raft.server.storage.dir = [/home/runner/work/ozone/ozone/hadoop-ozone/integration-test/target/test-dir/MiniOzoneClusterImpl-6d259c07-df50-4cf8-9c74-d0697ceae933/datanode-1/data/ratis] (custom)
2022-01-07 01:23:58,060 [pool-76-thread-1] INFO  server.RaftServerConfigKeys (ConfUtils.java:logGet(44)) - raft.server.log.corruption.policy = EXCEPTION (default)
2022-01-07 01:23:58,060 [pool-76-thread-1] INFO  server.RaftServerConfigKeys (ConfUtils.java:logGet(44)) - raft.server.storage.free-space.min = 0MB (=0) (default)
2022-01-07 01:23:58,061 [pool-76-thread-1] INFO  storage.RaftStorageDirectory (RaftStorageDirectoryImpl.java:analyzeStorage(135)) - The storage directory /home/runner/work/ozone/ozone/hadoop-ozone/integration-test/target/test-dir/MiniOzoneClusterImpl-6d259c07-df50-4cf8-9c74-d0697ceae933/datanode-1/data/ratis/b1f049ef-67e6-4b7d-89d8-9eecfc4a6075 does not exist. Creating ...
2022-01-07 01:23:58,062 [pool-76-thread-1] INFO  storage.RaftStorageDirectory (RaftStorageDirectoryImpl.java:tryLock(230)) - Lock on /home/runner/work/ozone/ozone/hadoop-ozone/integration-test/target/test-dir/MiniOzoneClusterImpl-6d259c07-df50-4cf8-9c74-d0697ceae933/datanode-1/data/ratis/b1f049ef-67e6-4b7d-89d8-9eecfc4a6075/in_use.lock acquired by nodename 5368@fv-az291-366
2022-01-07 01:23:58,063 [pool-76-thread-1] INFO  storage.RaftStorage (RaftStorageImpl.java:format(89)) - Storage directory /home/runner/work/ozone/ozone/hadoop-ozone/integration-test/target/test-dir/MiniOzoneClusterImpl-6d259c07-df50-4cf8-9c74-d0697ceae933/datanode-1/data/ratis/b1f049ef-67e6-4b7d-89d8-9eecfc4a6075 has been successfully formatted.
2022-01-07 01:23:58,064 [pool-76-thread-1] INFO  ratis.ContainerStateMachine (ContainerStateMachine.java:loadSnapshot(231)) - group-9EECFC4A6075: The snapshot info is null. Setting the last applied indexto:(t:0, i:~)
2022-01-07 01:23:58,064 [pool-76-thread-1] INFO  server.RaftServerConfigKeys (ConfUtils.java:logGet(44)) - raft.server.notification.no-leader.timeout = 1000000ms (custom)
2022-01-07 01:23:58,064 [pool-76-thread-1] INFO  server.RaftServerConfigKeys (ConfUtils.java:logGet(44)) - raft.server.log.use.memory = false (default)
2022-01-07 01:23:58,064 [pool-76-thread-1] INFO  server.RaftServerConfigKeys (ConfUtils.java:logGet(44)) - raft.server.log.purge.gap = 1000000 (custom)
2022-01-07 01:23:58,064 [pool-76-thread-1] INFO  server.RaftServerConfigKeys (ConfUtils.java:logGet(44)) - raft.server.log.appender.buffer.byte-limit = 33554432 (custom)
2022-01-07 01:23:58,065 [EventQueue-OpenPipelineForHealthyPipelineSafeModeRule] INFO  safemode.SCMSafeModeManager (HealthyPipelineSafeModeRule.java:process(124)) - SCM in safe mode. Healthy pipelines reported count is 0, required healthy pipeline reported count is 1
2022-01-07 01:23:58,065 [pool-76-thread-1] INFO  server.RaftServerConfigKeys (ConfUtils.java:logGet(44)) - raft.server.log.segment.size.max = 1048576 (custom)
2022-01-07 01:23:58,066 [pool-76-thread-1] INFO  server.RaftServerConfigKeys (ConfUtils.java:logGet(44)) - raft.server.log.segment.cache.num.max = 2 (custom)
2022-01-07 01:23:58,066 [pool-76-thread-1] INFO  server.RaftServerConfigKeys (ConfUtils.java:logGet(44)) - raft.server.log.segment.cache.size.max = 200MB (=209715200) (default)
2022-01-07 01:23:58,066 [pool-76-thread-1] INFO  segmented.SegmentedRaftLogWorker (SegmentedRaftLogWorker.java:<init>(182)) - new c7514957-7287-4cfe-8c11-55f780daee7f@group-9EECFC4A6075-SegmentedRaftLogWorker for RaftStorageImpl:Storage Directory /home/runner/work/ozone/ozone/hadoop-ozone/integration-test/target/test-dir/MiniOzoneClusterImpl-6d259c07-df50-4cf8-9c74-d0697ceae933/datanode-1/data/ratis/b1f049ef-67e6-4b7d-89d8-9eecfc4a6075
2022-01-07 01:23:58,066 [pool-76-thread-1] INFO  server.RaftServerConfigKeys (ConfUtils.java:logGet(44)) - raft.server.log.queue.byte-limit = 2147483647 (custom)
2022-01-07 01:23:58,066 [pool-76-thread-1] INFO  server.RaftServerConfigKeys (ConfUtils.java:logGet(44)) - raft.server.log.queue.element-limit = 1024 (custom)
2022-01-07 01:23:58,066 [pool-76-thread-1] INFO  server.RaftServerConfigKeys (ConfUtils.java:logGet(44)) - raft.server.log.segment.size.max = 1048576 (custom)
2022-01-07 01:23:58,066 [pool-76-thread-1] INFO  server.RaftServerConfigKeys (ConfUtils.java:logGet(44)) - raft.server.log.preallocated.size = 16384 (custom)
2022-01-07 01:23:58,067 [pool-76-thread-1] INFO  server.RaftServerConfigKeys (ConfUtils.java:logGet(44)) - raft.server.log.force.sync.num = 128 (default)
2022-01-07 01:23:58,067 [pool-76-thread-1] INFO  server.RaftServerConfigKeys (ConfUtils.java:logGet(44)) - raft.server.log.statemachine.data.sync = true (default)
2022-01-07 01:23:58,067 [pool-76-thread-1] INFO  server.RaftServerConfigKeys (ConfUtils.java:logGet(44)) - raft.server.log.statemachine.data.sync.timeout = 10s (default)
2022-01-07 01:23:58,067 [pool-76-thread-1] INFO  server.RaftServerConfigKeys (ConfUtils.java:logGet(44)) - raft.server.log.statemachine.data.sync.timeout.retry = -1 (default)
2022-01-07 01:23:58,068 [pool-76-thread-1] INFO  server.RaftServerConfigKeys (ConfUtils.java:logGet(44)) - raft.server.log.write.buffer.size = 1048576 (custom)
2022-01-07 01:23:58,069 [pool-76-thread-1] INFO  server.RaftServerConfigKeys (ConfUtils.java:logGet(44)) - raft.server.log.statemachine.data.caching.enabled = true (custom)
2022-01-07 01:23:58,069 [pool-76-thread-1] INFO  segmented.SegmentedRaftLogWorker (SegmentedRaftLogWorker.java:lambda$new$0(133)) - c7514957-7287-4cfe-8c11-55f780daee7f@group-9EECFC4A6075-SegmentedRaftLogWorker: flushIndex: setUnconditionally 0 -> -1
2022-01-07 01:23:58,069 [pool-76-thread-1] INFO  segmented.SegmentedRaftLogWorker (SegmentedRaftLogWorker.java:lambda$new$0(133)) - c7514957-7287-4cfe-8c11-55f780daee7f@group-9EECFC4A6075-SegmentedRaftLogWorker: safeCacheEvictIndex: setUnconditionally 0 -> -1
2022-01-07 01:23:58,076 [pool-76-thread-1] INFO  server.RaftServerConfigKeys (ConfUtils.java:logGet(44)) - raft.server.snapshot.auto.trigger.enabled = true (custom)
2022-01-07 01:23:58,076 [pool-76-thread-1] INFO  server.RaftServerConfigKeys (ConfUtils.java:logGet(44)) - raft.server.snapshot.auto.trigger.threshold = 10000 (custom)
2022-01-07 01:23:58,077 [pool-76-thread-1] INFO  server.RaftServerConfigKeys (ConfUtils.java:logGet(44)) - raft.server.snapshot.retention.file.num = 5 (custom)
2022-01-07 01:23:58,077 [pool-76-thread-1] INFO  server.RaftServerConfigKeys (ConfUtils.java:logGet(44)) - raft.server.log.purge.upto.snapshot.index = false (default)
2022-01-07 01:23:58,077 [pool-76-thread-1] INFO  server.RaftServerConfigKeys (ConfUtils.java:logGet(44)) - raft.server.retrycache.expirytime = 600000ms (custom)
2022-01-07 01:23:58,077 [pool-76-thread-1] INFO  server.RaftServerConfigKeys (ConfUtils.java:logGet(44)) - raft.server.retrycache.statistics.expirytime = 100μs (default)
2022-01-07 01:23:58,078 [pool-76-thread-1] INFO  server.RaftServer$Division (RaftServerImpl.java:start(301)) - c7514957-7287-4cfe-8c11-55f780daee7f@group-9EECFC4A6075: start as a follower, conf=-1: [18b95dfb-8ef7-4011-a842-0dc8d0be8521|rpc:10.1.0.7:39307|priority:1, c7514957-7287-4cfe-8c11-55f780daee7f|rpc:10.1.0.7:42065|priority:0, baceac6d-bbfe-42b4-9bde-396690ef56d9|rpc:10.1.0.7:38573|priority:0], old=null
2022-01-07 01:23:58,078 [pool-76-thread-1] INFO  server.RaftServer$Division (RaftServerImpl.java:setRole(290)) - c7514957-7287-4cfe-8c11-55f780daee7f@group-9EECFC4A6075: changes role from      null to FOLLOWER at term 0 for startAsFollower
2022-01-07 01:23:58,078 [pool-76-thread-1] INFO  impl.RoleInfo (RoleInfo.java:updateAndGet(130)) - c7514957-7287-4cfe-8c11-55f780daee7f: start c7514957-7287-4cfe-8c11-55f780daee7f@group-9EECFC4A6075-FollowerState
2022-01-07 01:23:58,082 [pool-76-thread-1] INFO  util.JmxRegister (JmxRegister.java:tryRegister(44)) - Successfully registered JMX Bean with object name Ratis:service=RaftServer,group=group-9EECFC4A6075,id=c7514957-7287-4cfe-8c11-55f780daee7f
2022-01-07 01:23:58,118 [Command processor thread] INFO  ratis.XceiverServerRatis (XceiverServerRatis.java:addGroup(768)) - Created group PipelineID=b1f049ef-67e6-4b7d-89d8-9eecfc4a6075
2022-01-07 01:23:58,240 [grpc-default-executor-0] INFO  server.RaftServer (RaftServerProxy.java:addNew(95)) - 18b95dfb-8ef7-4011-a842-0dc8d0be8521: addNew group-9EECFC4A6075:[18b95dfb-8ef7-4011-a842-0dc8d0be8521|rpc:10.1.0.7:39307|dataStream:|priority:1, c7514957-7287-4cfe-8c11-55f780daee7f|rpc:10.1.0.7:42065|dataStream:|priority:0, baceac6d-bbfe-42b4-9bde-396690ef56d9|rpc:10.1.0.7:38573|dataStream:|priority:0] returns group-9EECFC4A6075:java.util.concurrent.CompletableFuture@55605032[Not completed]
2022-01-07 01:23:58,248 [pool-97-thread-1] INFO  server.RaftServer$Division (RaftServerImpl.java:<init>(184)) - 18b95dfb-8ef7-4011-a842-0dc8d0be8521: new RaftServerImpl for group-9EECFC4A6075:[18b95dfb-8ef7-4011-a842-0dc8d0be8521|rpc:10.1.0.7:39307|dataStream:|priority:1, c7514957-7287-4cfe-8c11-55f780daee7f|rpc:10.1.0.7:42065|dataStream:|priority:0, baceac6d-bbfe-42b4-9bde-396690ef56d9|rpc:10.1.0.7:38573|dataStream:|priority:0] with ContainerStateMachine:uninitialized
2022-01-07 01:23:58,257 [pool-97-thread-1] INFO  server.RaftServerConfigKeys (ConfUtils.java:logGet(44)) - raft.server.rpc.timeout.min = 5s (custom)
2022-01-07 01:23:58,258 [pool-97-thread-1] INFO  server.RaftServerConfigKeys (ConfUtils.java:logGet(44)) - raft.server.rpc.timeout.max = 5200ms (custom)
2022-01-07 01:23:58,258 [pool-97-thread-1] INFO  server.RaftServerConfigKeys (ConfUtils.java:logGet(44)) - raft.server.rpc.sleep.time = 25ms (default)
2022-01-07 01:23:58,258 [pool-97-thread-1] INFO  server.RaftServerConfigKeys (ConfUtils.java:logGet(44)) - raft.server.rpc.slowness.timeout = 1000000ms (custom)
2022-01-07 01:23:58,258 [pool-97-thread-1] INFO  server.RaftServerConfigKeys (ConfUtils.java:logGet(44)) - raft.server.leaderelection.leader.step-down.wait-time = 10s (default)
2022-01-07 01:23:58,258 [pool-97-thread-1] INFO  server.RaftServerConfigKeys (ConfUtils.java:logGet(44)) - raft.server.sleep.deviation.threshold = 300ms (default)
2022-01-07 01:23:58,258 [pool-97-thread-1] INFO  server.RaftServerConfigKeys (ConfUtils.java:logGet(44)) - raft.server.log.appender.install.snapshot.enabled = false (custom)
2022-01-07 01:23:58,258 [pool-97-thread-1] INFO  server.RaftServer$Division (ServerState.java:<init>(105)) - 18b95dfb-8ef7-4011-a842-0dc8d0be8521@group-9EECFC4A6075: ConfigurationManager, init=-1: [18b95dfb-8ef7-4011-a842-0dc8d0be8521|rpc:10.1.0.7:39307|dataStream:|priority:1, c7514957-7287-4cfe-8c11-55f780daee7f|rpc:10.1.0.7:42065|dataStream:|priority:0, baceac6d-bbfe-42b4-9bde-396690ef56d9|rpc:10.1.0.7:38573|dataStream:|priority:0], old=null, confs=<EMPTY_MAP>
2022-01-07 01:23:58,259 [pool-97-thread-1] INFO  server.RaftServerConfigKeys (ConfUtils.java:logGet(44)) - raft.server.storage.dir = [/home/runner/work/ozone/ozone/hadoop-ozone/integration-test/target/test-dir/MiniOzoneClusterImpl-6d259c07-df50-4cf8-9c74-d0697ceae933/datanode-2/data/ratis] (custom)
2022-01-07 01:23:58,259 [pool-97-thread-1] INFO  server.RaftServerConfigKeys (ConfUtils.java:logGet(44)) - raft.server.log.corruption.policy = EXCEPTION (default)
2022-01-07 01:23:58,259 [pool-97-thread-1] INFO  server.RaftServerConfigKeys (ConfUtils.java:logGet(44)) - raft.server.storage.free-space.min = 0MB (=0) (default)
2022-01-07 01:23:58,259 [pool-97-thread-1] INFO  storage.RaftStorageDirectory (RaftStorageDirectoryImpl.java:analyzeStorage(135)) - The storage directory /home/runner/work/ozone/ozone/hadoop-ozone/integration-test/target/test-dir/MiniOzoneClusterImpl-6d259c07-df50-4cf8-9c74-d0697ceae933/datanode-2/data/ratis/b1f049ef-67e6-4b7d-89d8-9eecfc4a6075 does not exist. Creating ...
2022-01-07 01:23:58,260 [pool-97-thread-1] INFO  storage.RaftStorageDirectory (RaftStorageDirectoryImpl.java:tryLock(230)) - Lock on /home/runner/work/ozone/ozone/hadoop-ozone/integration-test/target/test-dir/MiniOzoneClusterImpl-6d259c07-df50-4cf8-9c74-d0697ceae933/datanode-2/data/ratis/b1f049ef-67e6-4b7d-89d8-9eecfc4a6075/in_use.lock acquired by nodename 5368@fv-az291-366
2022-01-07 01:23:58,262 [Command processor thread] INFO  commandhandler.CreatePipelineCommandHandler (CreatePipelineCommandHandler.java:handle(106)) - Created Pipeline RATIS THREE PipelineID=b1f049ef-67e6-4b7d-89d8-9eecfc4a6075.
2022-01-07 01:23:58,263 [pool-97-thread-1] INFO  storage.RaftStorage (RaftStorageImpl.java:format(89)) - Storage directory /home/runner/work/ozone/ozone/hadoop-ozone/integration-test/target/test-dir/MiniOzoneClusterImpl-6d259c07-df50-4cf8-9c74-d0697ceae933/datanode-2/data/ratis/b1f049ef-67e6-4b7d-89d8-9eecfc4a6075 has been successfully formatted.
2022-01-07 01:23:58,264 [pool-97-thread-1] INFO  ratis.ContainerStateMachine (ContainerStateMachine.java:loadSnapshot(231)) - group-9EECFC4A6075: The snapshot info is null. Setting the last applied indexto:(t:0, i:~)
2022-01-07 01:23:58,264 [pool-97-thread-1] INFO  server.RaftServerConfigKeys (ConfUtils.java:logGet(44)) - raft.server.notification.no-leader.timeout = 1000000ms (custom)
2022-01-07 01:23:58,264 [pool-97-thread-1] INFO  server.RaftServerConfigKeys (ConfUtils.java:logGet(44)) - raft.server.log.use.memory = false (default)
2022-01-07 01:23:58,264 [pool-97-thread-1] INFO  server.RaftServerConfigKeys (ConfUtils.java:logGet(44)) - raft.server.log.purge.gap = 1000000 (custom)
2022-01-07 01:23:58,264 [pool-97-thread-1] INFO  server.RaftServerConfigKeys (ConfUtils.java:logGet(44)) - raft.server.log.appender.buffer.byte-limit = 33554432 (custom)
2022-01-07 01:23:58,265 [pool-97-thread-1] INFO  server.RaftServerConfigKeys (ConfUtils.java:logGet(44)) - raft.server.log.segment.size.max = 1048576 (custom)
2022-01-07 01:23:58,266 [pool-97-thread-1] INFO  server.RaftServerConfigKeys (ConfUtils.java:logGet(44)) - raft.server.log.segment.cache.num.max = 2 (custom)
2022-01-07 01:23:58,266 [pool-97-thread-1] INFO  server.RaftServerConfigKeys (ConfUtils.java:logGet(44)) - raft.server.log.segment.cache.size.max = 200MB (=209715200) (default)
2022-01-07 01:23:58,266 [pool-97-thread-1] INFO  segmented.SegmentedRaftLogWorker (SegmentedRaftLogWorker.java:<init>(182)) - new 18b95dfb-8ef7-4011-a842-0dc8d0be8521@group-9EECFC4A6075-SegmentedRaftLogWorker for RaftStorageImpl:Storage Directory /home/runner/work/ozone/ozone/hadoop-ozone/integration-test/target/test-dir/MiniOzoneClusterImpl-6d259c07-df50-4cf8-9c74-d0697ceae933/datanode-2/data/ratis/b1f049ef-67e6-4b7d-89d8-9eecfc4a6075
2022-01-07 01:23:58,266 [pool-97-thread-1] INFO  server.RaftServerConfigKeys (ConfUtils.java:logGet(44)) - raft.server.log.queue.byte-limit = 2147483647 (custom)
2022-01-07 01:23:58,266 [pool-97-thread-1] INFO  server.RaftServerConfigKeys (ConfUtils.java:logGet(44)) - raft.server.log.queue.element-limit = 1024 (custom)
2022-01-07 01:23:58,266 [pool-97-thread-1] INFO  server.RaftServerConfigKeys (ConfUtils.java:logGet(44)) - raft.server.log.segment.size.max = 1048576 (custom)
2022-01-07 01:23:58,266 [pool-97-thread-1] INFO  server.RaftServerConfigKeys (ConfUtils.java:logGet(44)) - raft.server.log.preallocated.size = 16384 (custom)
2022-01-07 01:23:58,266 [pool-97-thread-1] INFO  server.RaftServerConfigKeys (ConfUtils.java:logGet(44)) - raft.server.log.force.sync.num = 128 (default)
2022-01-07 01:23:58,266 [pool-97-thread-1] INFO  server.RaftServerConfigKeys (ConfUtils.java:logGet(44)) - raft.server.log.statemachine.data.sync = true (default)
2022-01-07 01:23:58,266 [pool-97-thread-1] INFO  server.RaftServerConfigKeys (ConfUtils.java:logGet(44)) - raft.server.log.statemachine.data.sync.timeout = 10s (default)
2022-01-07 01:23:58,267 [pool-97-thread-1] INFO  server.RaftServerConfigKeys (ConfUtils.java:logGet(44)) - raft.server.log.statemachine.data.sync.timeout.retry = -1 (default)
2022-01-07 01:23:58,268 [pool-97-thread-1] INFO  server.RaftServerConfigKeys (ConfUtils.java:logGet(44)) - raft.server.log.write.buffer.size = 1048576 (custom)
2022-01-07 01:23:58,268 [pool-97-thread-1] INFO  server.RaftServerConfigKeys (ConfUtils.java:logGet(44)) - raft.server.log.statemachine.data.caching.enabled = true (custom)
2022-01-07 01:23:58,268 [pool-97-thread-1] INFO  segmented.SegmentedRaftLogWorker (SegmentedRaftLogWorker.java:lambda$new$0(133)) - 18b95dfb-8ef7-4011-a842-0dc8d0be8521@group-9EECFC4A6075-SegmentedRaftLogWorker: flushIndex: setUnconditionally 0 -> -1
2022-01-07 01:23:58,268 [pool-97-thread-1] INFO  segmented.SegmentedRaftLogWorker (SegmentedRaftLogWorker.java:lambda$new$0(133)) - 18b95dfb-8ef7-4011-a842-0dc8d0be8521@group-9EECFC4A6075-SegmentedRaftLogWorker: safeCacheEvictIndex: setUnconditionally 0 -> -1
2022-01-07 01:23:58,268 [pool-97-thread-1] INFO  server.RaftServerConfigKeys (ConfUtils.java:logGet(44)) - raft.server.snapshot.auto.trigger.enabled = true (custom)
2022-01-07 01:23:58,269 [pool-97-thread-1] INFO  server.RaftServerConfigKeys (ConfUtils.java:logGet(44)) - raft.server.snapshot.auto.trigger.threshold = 10000 (custom)
2022-01-07 01:23:58,269 [pool-97-thread-1] INFO  server.RaftServerConfigKeys (ConfUtils.java:logGet(44)) - raft.server.snapshot.retention.file.num = 5 (custom)
2022-01-07 01:23:58,269 [pool-97-thread-1] INFO  server.RaftServerConfigKeys (ConfUtils.java:logGet(44)) - raft.server.log.purge.upto.snapshot.index = false (default)
2022-01-07 01:23:58,269 [pool-97-thread-1] INFO  server.RaftServerConfigKeys (ConfUtils.java:logGet(44)) - raft.server.retrycache.expirytime = 600000ms (custom)
2022-01-07 01:23:58,269 [pool-97-thread-1] INFO  server.RaftServerConfigKeys (ConfUtils.java:logGet(44)) - raft.server.retrycache.statistics.expirytime = 100μs (default)
2022-01-07 01:23:58,270 [pool-97-thread-1] INFO  server.RaftServer$Division (RaftServerImpl.java:start(301)) - 18b95dfb-8ef7-4011-a842-0dc8d0be8521@group-9EECFC4A6075: start as a follower, conf=-1: [18b95dfb-8ef7-4011-a842-0dc8d0be8521|rpc:10.1.0.7:39307|dataStream:|priority:1, c7514957-7287-4cfe-8c11-55f780daee7f|rpc:10.1.0.7:42065|dataStream:|priority:0, baceac6d-bbfe-42b4-9bde-396690ef56d9|rpc:10.1.0.7:38573|dataStream:|priority:0], old=null
2022-01-07 01:23:58,270 [pool-97-thread-1] INFO  server.RaftServer$Division (RaftServerImpl.java:setRole(290)) - 18b95dfb-8ef7-4011-a842-0dc8d0be8521@group-9EECFC4A6075: changes role from      null to FOLLOWER at term 0 for startAsFollower
2022-01-07 01:23:58,270 [pool-97-thread-1] INFO  impl.RoleInfo (RoleInfo.java:updateAndGet(130)) - 18b95dfb-8ef7-4011-a842-0dc8d0be8521: start 18b95dfb-8ef7-4011-a842-0dc8d0be8521@group-9EECFC4A6075-FollowerState
2022-01-07 01:23:58,274 [pool-97-thread-1] INFO  util.JmxRegister (JmxRegister.java:tryRegister(44)) - Successfully registered JMX Bean with object name Ratis:service=RaftServer,group=group-9EECFC4A6075,id=18b95dfb-8ef7-4011-a842-0dc8d0be8521
2022-01-07 01:23:58,306 [Command processor thread] INFO  commandhandler.CreatePipelineCommandHandler (CreatePipelineCommandHandler.java:handle(106)) - Created Pipeline RATIS THREE PipelineID=b1f049ef-67e6-4b7d-89d8-9eecfc4a6075.
2022-01-07 01:23:58,344 [Command processor thread] INFO  server.RaftServer (RaftServerProxy.java:addNew(95)) - 18b95dfb-8ef7-4011-a842-0dc8d0be8521: addNew group-5FFB55C75C07:[18b95dfb-8ef7-4011-a842-0dc8d0be8521|rpc:10.1.0.7:39307|priority:1] returns group-5FFB55C75C07:java.util.concurrent.CompletableFuture@67e85fa0[Not completed]
2022-01-07 01:23:58,346 [pool-97-thread-1] INFO  server.RaftServer$Division (RaftServerImpl.java:<init>(184)) - 18b95dfb-8ef7-4011-a842-0dc8d0be8521: new RaftServerImpl for group-5FFB55C75C07:[18b95dfb-8ef7-4011-a842-0dc8d0be8521|rpc:10.1.0.7:39307|priority:1] with ContainerStateMachine:uninitialized
2022-01-07 01:23:58,346 [pool-97-thread-1] INFO  server.RaftServerConfigKeys (ConfUtils.java:logGet(44)) - raft.server.rpc.timeout.min = 5s (custom)
2022-01-07 01:23:58,346 [pool-97-thread-1] INFO  server.RaftServerConfigKeys (ConfUtils.java:logGet(44)) - raft.server.rpc.timeout.max = 5200ms (custom)
2022-01-07 01:23:58,346 [pool-97-thread-1] INFO  server.RaftServerConfigKeys (ConfUtils.java:logGet(44)) - raft.server.rpc.sleep.time = 25ms (default)
2022-01-07 01:23:58,346 [pool-97-thread-1] INFO  server.RaftServerConfigKeys (ConfUtils.java:logGet(44)) - raft.server.rpc.slowness.timeout = 1000000ms (custom)
2022-01-07 01:23:58,346 [pool-97-thread-1] INFO  server.RaftServerConfigKeys (ConfUtils.java:logGet(44)) - raft.server.leaderelection.leader.step-down.wait-time = 10s (default)
2022-01-07 01:23:58,346 [pool-97-thread-1] INFO  server.RaftServerConfigKeys (ConfUtils.java:logGet(44)) - raft.server.sleep.deviation.threshold = 300ms (default)
2022-01-07 01:23:58,346 [pool-97-thread-1] INFO  server.RaftServerConfigKeys (ConfUtils.java:logGet(44)) - raft.server.log.appender.install.snapshot.enabled = false (custom)
2022-01-07 01:23:58,346 [Listener at 127.0.0.1/40673] INFO  ozone.MiniOzoneClusterImpl (MiniOzoneClusterImpl.java:lambda$waitForClusterToBeReady$0(235)) - Nodes are ready. Got 3 of 3 DN Heartbeats.
2022-01-07 01:23:58,347 [Listener at 127.0.0.1/40673] INFO  ozone.MiniOzoneClusterImpl (MiniOzoneClusterImpl.java:lambda$waitForClusterToBeReady$0(238)) - Waiting for cluster to exit safe mode
2022-01-07 01:23:58,347 [Listener at 127.0.0.1/40673] INFO  ozone.MiniOzoneClusterImpl (MiniOzoneClusterImpl.java:lambda$waitForClusterToBeReady$0(240)) - SCM became leader
2022-01-07 01:23:58,346 [pool-97-thread-1] INFO  server.RaftServer$Division (ServerState.java:<init>(105)) - 18b95dfb-8ef7-4011-a842-0dc8d0be8521@group-5FFB55C75C07: ConfigurationManager, init=-1: [18b95dfb-8ef7-4011-a842-0dc8d0be8521|rpc:10.1.0.7:39307|priority:1], old=null, confs=<EMPTY_MAP>
2022-01-07 01:23:58,349 [pool-97-thread-1] INFO  server.RaftServerConfigKeys (ConfUtils.java:logGet(44)) - raft.server.storage.dir = [/home/runner/work/ozone/ozone/hadoop-ozone/integration-test/target/test-dir/MiniOzoneClusterImpl-6d259c07-df50-4cf8-9c74-d0697ceae933/datanode-2/data/ratis] (custom)
2022-01-07 01:23:58,349 [pool-97-thread-1] INFO  server.RaftServerConfigKeys (ConfUtils.java:logGet(44)) - raft.server.log.corruption.policy = EXCEPTION (default)
2022-01-07 01:23:58,349 [pool-97-thread-1] INFO  server.RaftServerConfigKeys (ConfUtils.java:logGet(44)) - raft.server.storage.free-space.min = 0MB (=0) (default)
2022-01-07 01:23:58,349 [pool-97-thread-1] INFO  storage.RaftStorageDirectory (RaftStorageDirectoryImpl.java:analyzeStorage(135)) - The storage directory /home/runner/work/ozone/ozone/hadoop-ozone/integration-test/target/test-dir/MiniOzoneClusterImpl-6d259c07-df50-4cf8-9c74-d0697ceae933/datanode-2/data/ratis/3850a7de-5881-4a8d-b5b7-5ffb55c75c07 does not exist. Creating ...
2022-01-07 01:23:58,350 [pool-97-thread-1] INFO  storage.RaftStorageDirectory (RaftStorageDirectoryImpl.java:tryLock(230)) - Lock on /home/runner/work/ozone/ozone/hadoop-ozone/integration-test/target/test-dir/MiniOzoneClusterImpl-6d259c07-df50-4cf8-9c74-d0697ceae933/datanode-2/data/ratis/3850a7de-5881-4a8d-b5b7-5ffb55c75c07/in_use.lock acquired by nodename 5368@fv-az291-366
2022-01-07 01:23:58,352 [pool-97-thread-1] INFO  storage.RaftStorage (RaftStorageImpl.java:format(89)) - Storage directory /home/runner/work/ozone/ozone/hadoop-ozone/integration-test/target/test-dir/MiniOzoneClusterImpl-6d259c07-df50-4cf8-9c74-d0697ceae933/datanode-2/data/ratis/3850a7de-5881-4a8d-b5b7-5ffb55c75c07 has been successfully formatted.
2022-01-07 01:23:58,352 [pool-97-thread-1] INFO  ratis.ContainerStateMachine (ContainerStateMachine.java:loadSnapshot(231)) - group-5FFB55C75C07: The snapshot info is null. Setting the last applied indexto:(t:0, i:~)
2022-01-07 01:23:58,352 [pool-97-thread-1] INFO  server.RaftServerConfigKeys (ConfUtils.java:logGet(44)) - raft.server.notification.no-leader.timeout = 1000000ms (custom)
2022-01-07 01:23:58,353 [pool-97-thread-1] INFO  server.RaftServerConfigKeys (ConfUtils.java:logGet(44)) - raft.server.log.use.memory = false (default)
2022-01-07 01:23:58,353 [pool-97-thread-1] INFO  server.RaftServerConfigKeys (ConfUtils.java:logGet(44)) - raft.server.log.purge.gap = 1000000 (custom)
2022-01-07 01:23:58,353 [pool-97-thread-1] INFO  server.RaftServerConfigKeys (ConfUtils.java:logGet(44)) - raft.server.log.appender.buffer.byte-limit = 33554432 (custom)
2022-01-07 01:23:58,353 [pool-97-thread-1] INFO  server.RaftServerConfigKeys (ConfUtils.java:logGet(44)) - raft.server.log.segment.size.max = 1048576 (custom)
2022-01-07 01:23:58,354 [pool-97-thread-1] INFO  server.RaftServerConfigKeys (ConfUtils.java:logGet(44)) - raft.server.log.segment.cache.num.max = 2 (custom)
2022-01-07 01:23:58,354 [EventQueue-PipelineReportForPipelineReportHandler] INFO  pipeline.PipelineManagerImpl (PipelineManagerImpl.java:openPipeline(291)) - Pipeline Pipeline[ Id: 3850a7de-5881-4a8d-b5b7-5ffb55c75c07, Nodes: 18b95dfb-8ef7-4011-a842-0dc8d0be8521{ip: 10.1.0.7, host: fv-az291-366.wgnan5asplgejimfprtllbpdch.jx.internal.cloudapp.net, ports: [REPLICATION=43065, RATIS=39307, RATIS_ADMIN=39307, RATIS_SERVER=39307, STANDALONE=36969], networkLocation: /default-rack, certSerialId: null, persistedOpState: IN_SERVICE, persistedOpStateExpiryEpochSec: 0}, ReplicationConfig: RATIS/ONE, State:ALLOCATED, leaderId:18b95dfb-8ef7-4011-a842-0dc8d0be8521, CreationTimestamp2022-01-07T01:23:55.349Z[Etc/UTC]] moved to OPEN state
2022-01-07 01:23:58,356 [EventQueue-OpenPipelineForHealthyPipelineSafeModeRule] INFO  safemode.SCMSafeModeManager (HealthyPipelineSafeModeRule.java:process(124)) - SCM in safe mode. Healthy pipelines reported count is 0, required healthy pipeline reported count is 1
2022-01-07 01:23:58,357 [pool-97-thread-1] INFO  server.RaftServerConfigKeys (ConfUtils.java:logGet(44)) - raft.server.log.segment.cache.size.max = 200MB (=209715200) (default)
2022-01-07 01:23:58,363 [pool-97-thread-1] INFO  segmented.SegmentedRaftLogWorker (SegmentedRaftLogWorker.java:<init>(182)) - new 18b95dfb-8ef7-4011-a842-0dc8d0be8521@group-5FFB55C75C07-SegmentedRaftLogWorker for RaftStorageImpl:Storage Directory /home/runner/work/ozone/ozone/hadoop-ozone/integration-test/target/test-dir/MiniOzoneClusterImpl-6d259c07-df50-4cf8-9c74-d0697ceae933/datanode-2/data/ratis/3850a7de-5881-4a8d-b5b7-5ffb55c75c07
2022-01-07 01:23:58,363 [pool-97-thread-1] INFO  server.RaftServerConfigKeys (ConfUtils.java:logGet(44)) - raft.server.log.queue.byte-limit = 2147483647 (custom)
2022-01-07 01:23:58,363 [pool-97-thread-1] INFO  server.RaftServerConfigKeys (ConfUtils.java:logGet(44)) - raft.server.log.queue.element-limit = 1024 (custom)
2022-01-07 01:23:58,363 [pool-97-thread-1] INFO  server.RaftServerConfigKeys (ConfUtils.java:logGet(44)) - raft.server.log.segment.size.max = 1048576 (custom)
2022-01-07 01:23:58,363 [pool-97-thread-1] INFO  server.RaftServerConfigKeys (ConfUtils.java:logGet(44)) - raft.server.log.preallocated.size = 16384 (custom)
2022-01-07 01:23:58,363 [pool-97-thread-1] INFO  server.RaftServerConfigKeys (ConfUtils.java:logGet(44)) - raft.server.log.force.sync.num = 128 (default)
2022-01-07 01:23:58,363 [pool-97-thread-1] INFO  server.RaftServerConfigKeys (ConfUtils.java:logGet(44)) - raft.server.log.statemachine.data.sync = true (default)
2022-01-07 01:23:58,363 [pool-97-thread-1] INFO  server.RaftServerConfigKeys (ConfUtils.java:logGet(44)) - raft.server.log.statemachine.data.sync.timeout = 10s (default)
2022-01-07 01:23:58,363 [pool-97-thread-1] INFO  server.RaftServerConfigKeys (ConfUtils.java:logGet(44)) - raft.server.log.statemachine.data.sync.timeout.retry = -1 (default)
2022-01-07 01:23:58,364 [pool-97-thread-1] INFO  server.RaftServerConfigKeys (ConfUtils.java:logGet(44)) - raft.server.log.write.buffer.size = 1048576 (custom)
2022-01-07 01:23:58,365 [pool-97-thread-1] INFO  server.RaftServerConfigKeys (ConfUtils.java:logGet(44)) - raft.server.log.statemachine.data.caching.enabled = true (custom)
2022-01-07 01:23:58,366 [pool-97-thread-1] INFO  segmented.SegmentedRaftLogWorker (SegmentedRaftLogWorker.java:lambda$new$0(133)) - 18b95dfb-8ef7-4011-a842-0dc8d0be8521@group-5FFB55C75C07-SegmentedRaftLogWorker: flushIndex: setUnconditionally 0 -> -1
2022-01-07 01:23:58,366 [pool-97-thread-1] INFO  segmented.SegmentedRaftLogWorker (SegmentedRaftLogWorker.java:lambda$new$0(133)) - 18b95dfb-8ef7-4011-a842-0dc8d0be8521@group-5FFB55C75C07-SegmentedRaftLogWorker: safeCacheEvictIndex: setUnconditionally 0 -> -1
2022-01-07 01:23:58,366 [pool-97-thread-1] INFO  server.RaftServerConfigKeys (ConfUtils.java:logGet(44)) - raft.server.snapshot.auto.trigger.enabled = true (custom)
2022-01-07 01:23:58,366 [pool-97-thread-1] INFO  server.RaftServerConfigKeys (ConfUtils.java:logGet(44)) - raft.server.snapshot.auto.trigger.threshold = 10000 (custom)
2022-01-07 01:23:58,366 [pool-97-thread-1] INFO  server.RaftServerConfigKeys (ConfUtils.java:logGet(44)) - raft.server.snapshot.retention.file.num = 5 (custom)
2022-01-07 01:23:58,367 [pool-97-thread-1] INFO  server.RaftServerConfigKeys (ConfUtils.java:logGet(44)) - raft.server.log.purge.upto.snapshot.index = false (default)
2022-01-07 01:23:58,367 [pool-97-thread-1] INFO  server.RaftServerConfigKeys (ConfUtils.java:logGet(44)) - raft.server.retrycache.expirytime = 600000ms (custom)
2022-01-07 01:23:58,367 [pool-97-thread-1] INFO  server.RaftServerConfigKeys (ConfUtils.java:logGet(44)) - raft.server.retrycache.statistics.expirytime = 100μs (default)
2022-01-07 01:23:58,368 [pool-97-thread-1] INFO  server.RaftServer$Division (RaftServerImpl.java:start(301)) - 18b95dfb-8ef7-4011-a842-0dc8d0be8521@group-5FFB55C75C07: start as a follower, conf=-1: [18b95dfb-8ef7-4011-a842-0dc8d0be8521|rpc:10.1.0.7:39307|priority:1], old=null
2022-01-07 01:23:58,368 [pool-97-thread-1] INFO  server.RaftServer$Division (RaftServerImpl.java:setRole(290)) - 18b95dfb-8ef7-4011-a842-0dc8d0be8521@group-5FFB55C75C07: changes role from      null to FOLLOWER at term 0 for startAsFollower
2022-01-07 01:23:58,368 [pool-97-thread-1] INFO  impl.RoleInfo (RoleInfo.java:updateAndGet(130)) - 18b95dfb-8ef7-4011-a842-0dc8d0be8521: start 18b95dfb-8ef7-4011-a842-0dc8d0be8521@group-5FFB55C75C07-FollowerState
2022-01-07 01:23:58,370 [pool-97-thread-1] INFO  util.JmxRegister (JmxRegister.java:tryRegister(44)) - Successfully registered JMX Bean with object name Ratis:service=RaftServer,group=group-5FFB55C75C07,id=18b95dfb-8ef7-4011-a842-0dc8d0be8521
2022-01-07 01:23:58,371 [Command processor thread] INFO  ratis.XceiverServerRatis (XceiverServerRatis.java:addGroup(768)) - Created group PipelineID=3850a7de-5881-4a8d-b5b7-5ffb55c75c07
2022-01-07 01:23:58,372 [Command processor thread] INFO  commandhandler.CreatePipelineCommandHandler (CreatePipelineCommandHandler.java:handle(106)) - Created Pipeline RATIS ONE PipelineID=3850a7de-5881-4a8d-b5b7-5ffb55c75c07.
2022-01-07 01:23:59,347 [Listener at 127.0.0.1/40673] INFO  ozone.MiniOzoneClusterImpl (MiniOzoneClusterImpl.java:lambda$waitForClusterToBeReady$0(235)) - Nodes are ready. Got 3 of 3 DN Heartbeats.
2022-01-07 01:23:59,347 [Listener at 127.0.0.1/40673] INFO  ozone.MiniOzoneClusterImpl (MiniOzoneClusterImpl.java:lambda$waitForClusterToBeReady$0(238)) - Waiting for cluster to exit safe mode
2022-01-07 01:23:59,348 [Listener at 127.0.0.1/40673] INFO  ozone.MiniOzoneClusterImpl (MiniOzoneClusterImpl.java:lambda$waitForClusterToBeReady$0(240)) - SCM became leader
2022-01-07 01:24:00,348 [Listener at 127.0.0.1/40673] INFO  ozone.MiniOzoneClusterImpl (MiniOzoneClusterImpl.java:lambda$waitForClusterToBeReady$0(235)) - Nodes are ready. Got 3 of 3 DN Heartbeats.
2022-01-07 01:24:00,348 [Listener at 127.0.0.1/40673] INFO  ozone.MiniOzoneClusterImpl (MiniOzoneClusterImpl.java:lambda$waitForClusterToBeReady$0(238)) - Waiting for cluster to exit safe mode
2022-01-07 01:24:00,348 [Listener at 127.0.0.1/40673] INFO  ozone.MiniOzoneClusterImpl (MiniOzoneClusterImpl.java:lambda$waitForClusterToBeReady$0(240)) - SCM became leader
2022-01-07 01:24:01,349 [Listener at 127.0.0.1/40673] INFO  ozone.MiniOzoneClusterImpl (MiniOzoneClusterImpl.java:lambda$waitForClusterToBeReady$0(235)) - Nodes are ready. Got 3 of 3 DN Heartbeats.
2022-01-07 01:24:01,349 [Listener at 127.0.0.1/40673] INFO  ozone.MiniOzoneClusterImpl (MiniOzoneClusterImpl.java:lambda$waitForClusterToBeReady$0(238)) - Waiting for cluster to exit safe mode
2022-01-07 01:24:01,349 [Listener at 127.0.0.1/40673] INFO  ozone.MiniOzoneClusterImpl (MiniOzoneClusterImpl.java:lambda$waitForClusterToBeReady$0(240)) - SCM became leader
2022-01-07 01:24:02,350 [Listener at 127.0.0.1/40673] INFO  ozone.MiniOzoneClusterImpl (MiniOzoneClusterImpl.java:lambda$waitForClusterToBeReady$0(235)) - Nodes are ready. Got 3 of 3 DN Heartbeats.
2022-01-07 01:24:02,350 [Listener at 127.0.0.1/40673] INFO  ozone.MiniOzoneClusterImpl (MiniOzoneClusterImpl.java:lambda$waitForClusterToBeReady$0(238)) - Waiting for cluster to exit safe mode
2022-01-07 01:24:02,350 [Listener at 127.0.0.1/40673] INFO  ozone.MiniOzoneClusterImpl (MiniOzoneClusterImpl.java:lambda$waitForClusterToBeReady$0(240)) - SCM became leader
2022-01-07 01:24:02,519 [baceac6d-bbfe-42b4-9bde-396690ef56d9@group-E1CD86CF2BD9-FollowerState] INFO  impl.FollowerState (FollowerState.java:run(134)) - baceac6d-bbfe-42b4-9bde-396690ef56d9@group-E1CD86CF2BD9-FollowerState: change to CANDIDATE, lastRpcElapsedTime:5038684921ns, electionTimeout:5038ms
2022-01-07 01:24:02,520 [baceac6d-bbfe-42b4-9bde-396690ef56d9@group-E1CD86CF2BD9-FollowerState] INFO  impl.RoleInfo (RoleInfo.java:shutdownFollowerState(108)) - baceac6d-bbfe-42b4-9bde-396690ef56d9: shutdown baceac6d-bbfe-42b4-9bde-396690ef56d9@group-E1CD86CF2BD9-FollowerState
2022-01-07 01:24:02,520 [baceac6d-bbfe-42b4-9bde-396690ef56d9@group-E1CD86CF2BD9-FollowerState] INFO  server.RaftServer$Division (RaftServerImpl.java:setRole(290)) - baceac6d-bbfe-42b4-9bde-396690ef56d9@group-E1CD86CF2BD9: changes role from  FOLLOWER to CANDIDATE at term 0 for changeToCandidate
2022-01-07 01:24:02,520 [baceac6d-bbfe-42b4-9bde-396690ef56d9@group-E1CD86CF2BD9-FollowerState] INFO  server.RaftServerConfigKeys (ConfUtils.java:logGet(44)) - raft.server.leaderelection.pre-vote = false (custom)
2022-01-07 01:24:02,520 [baceac6d-bbfe-42b4-9bde-396690ef56d9@group-E1CD86CF2BD9-FollowerState] INFO  impl.RoleInfo (RoleInfo.java:updateAndGet(130)) - baceac6d-bbfe-42b4-9bde-396690ef56d9: start baceac6d-bbfe-42b4-9bde-396690ef56d9@group-E1CD86CF2BD9-LeaderElection2
2022-01-07 01:24:02,526 [baceac6d-bbfe-42b4-9bde-396690ef56d9@group-E1CD86CF2BD9-LeaderElection2] INFO  impl.LeaderElection (LeaderElection.java:askForVotes(306)) - baceac6d-bbfe-42b4-9bde-396690ef56d9@group-E1CD86CF2BD9-LeaderElection2 ELECTION round 0: submit vote requests at term 1 for -1: [baceac6d-bbfe-42b4-9bde-396690ef56d9|rpc:10.1.0.7:38573|priority:1], old=null
2022-01-07 01:24:02,526 [baceac6d-bbfe-42b4-9bde-396690ef56d9@group-E1CD86CF2BD9-LeaderElection2] INFO  impl.LeaderElection (LeaderElection.java:askForVotes(308)) - baceac6d-bbfe-42b4-9bde-396690ef56d9@group-E1CD86CF2BD9-LeaderElection2 ELECTION round 0: result PASSED (term=1)
2022-01-07 01:24:02,526 [baceac6d-bbfe-42b4-9bde-396690ef56d9@group-E1CD86CF2BD9-LeaderElection2] INFO  impl.RoleInfo (RoleInfo.java:shutdownLeaderElection(121)) - baceac6d-bbfe-42b4-9bde-396690ef56d9: shutdown baceac6d-bbfe-42b4-9bde-396690ef56d9@group-E1CD86CF2BD9-LeaderElection2
2022-01-07 01:24:02,526 [baceac6d-bbfe-42b4-9bde-396690ef56d9@group-E1CD86CF2BD9-LeaderElection2] INFO  server.RaftServer$Division (RaftServerImpl.java:setRole(290)) - baceac6d-bbfe-42b4-9bde-396690ef56d9@group-E1CD86CF2BD9: changes role from CANDIDATE to LEADER at term 1 for changeToLeader
2022-01-07 01:24:02,526 [baceac6d-bbfe-42b4-9bde-396690ef56d9@group-E1CD86CF2BD9-LeaderElection2] INFO  ratis.XceiverServerRatis (XceiverServerRatis.java:handleLeaderChangedNotification(866)) - Leader change notification received for group: group-E1CD86CF2BD9 with new leaderId: baceac6d-bbfe-42b4-9bde-396690ef56d9
2022-01-07 01:24:02,526 [baceac6d-bbfe-42b4-9bde-396690ef56d9@group-E1CD86CF2BD9-LeaderElection2] INFO  server.RaftServer$Division (ServerState.java:setLeader(285)) - baceac6d-bbfe-42b4-9bde-396690ef56d9@group-E1CD86CF2BD9: change Leader from null to baceac6d-bbfe-42b4-9bde-396690ef56d9 at term 1 for becomeLeader, leader elected after 5068ms
2022-01-07 01:24:02,526 [baceac6d-bbfe-42b4-9bde-396690ef56d9@group-E1CD86CF2BD9-LeaderElection2] INFO  server.RaftServerConfigKeys (ConfUtils.java:logGet(44)) - raft.server.staging.catchup.gap = 1000 (default)
2022-01-07 01:24:02,527 [baceac6d-bbfe-42b4-9bde-396690ef56d9@group-E1CD86CF2BD9-LeaderElection2] INFO  server.RaftServerConfigKeys (ConfUtils.java:logGet(44)) - raft.server.write.element-limit = 1024 (custom)
2022-01-07 01:24:02,527 [baceac6d-bbfe-42b4-9bde-396690ef56d9@group-E1CD86CF2BD9-LeaderElection2] INFO  server.RaftServerConfigKeys (ConfUtils.java:logGet(44)) - raft.server.write.byte-limit = 1024 M (=1073741824) (custom)
2022-01-07 01:24:02,527 [baceac6d-bbfe-42b4-9bde-396690ef56d9@group-E1CD86CF2BD9-LeaderElection2] INFO  server.RaftServerConfigKeys (ConfUtils.java:logGet(44)) - raft.server.watch.timeout = 3000ms (custom)
2022-01-07 01:24:02,530 [EventQueue-OpenPipelineForHealthyPipelineSafeModeRule] INFO  safemode.SCMSafeModeManager (HealthyPipelineSafeModeRule.java:process(124)) - SCM in safe mode. Healthy pipelines reported count is 0, required healthy pipeline reported count is 1
2022-01-07 01:24:02,531 [baceac6d-bbfe-42b4-9bde-396690ef56d9@group-E1CD86CF2BD9-LeaderElection2] INFO  server.RaftServerConfigKeys (ConfUtils.java:logGet(44)) - raft.server.watch.timeout.denomination = 1s (default)
2022-01-07 01:24:02,531 [baceac6d-bbfe-42b4-9bde-396690ef56d9@group-E1CD86CF2BD9-LeaderElection2] INFO  server.RaftServerConfigKeys (ConfUtils.java:logGet(44)) - raft.server.watch.element-limit = 65536 (default)
2022-01-07 01:24:02,531 [baceac6d-bbfe-42b4-9bde-396690ef56d9@group-E1CD86CF2BD9-LeaderElection2] INFO  server.RaftServerConfigKeys (ConfUtils.java:logGet(44)) - raft.server.write.element-limit = 1024 (custom)
2022-01-07 01:24:02,531 [baceac6d-bbfe-42b4-9bde-396690ef56d9@group-E1CD86CF2BD9-LeaderElection2] INFO  server.RaftServerConfigKeys (ConfUtils.java:logGet(44)) - raft.server.write.follower.gap.ratio.max = -1.0 (default)
2022-01-07 01:24:02,531 [baceac6d-bbfe-42b4-9bde-396690ef56d9@group-E1CD86CF2BD9-LeaderElection2] INFO  impl.RoleInfo (RoleInfo.java:updateAndGet(130)) - baceac6d-bbfe-42b4-9bde-396690ef56d9: start baceac6d-bbfe-42b4-9bde-396690ef56d9@group-E1CD86CF2BD9-LeaderStateImpl
2022-01-07 01:24:02,532 [baceac6d-bbfe-42b4-9bde-396690ef56d9@group-E1CD86CF2BD9-LeaderElection2] INFO  segmented.SegmentedRaftLogWorker (SegmentedRaftLogWorker.java:startLogSegment(394)) - baceac6d-bbfe-42b4-9bde-396690ef56d9@group-E1CD86CF2BD9-SegmentedRaftLogWorker: Starting segment from index:0
2022-01-07 01:24:02,533 [baceac6d-bbfe-42b4-9bde-396690ef56d9@group-E1CD86CF2BD9-SegmentedRaftLogWorker] INFO  segmented.SegmentedRaftLogWorker (SegmentedRaftLogWorker.java:execute(601)) - baceac6d-bbfe-42b4-9bde-396690ef56d9@group-E1CD86CF2BD9-SegmentedRaftLogWorker: created new log segment /home/runner/work/ozone/ozone/hadoop-ozone/integration-test/target/test-dir/MiniOzoneClusterImpl-6d259c07-df50-4cf8-9c74-d0697ceae933/datanode-0/data/ratis/0376a128-31d4-4558-95ae-e1cd86cf2bd9/current/log_inprogress_0
2022-01-07 01:24:02,536 [baceac6d-bbfe-42b4-9bde-396690ef56d9@group-E1CD86CF2BD9-LeaderElection2] INFO  server.RaftServer$Division (ServerState.java:setRaftConf(387)) - baceac6d-bbfe-42b4-9bde-396690ef56d9@group-E1CD86CF2BD9: set configuration 0: [baceac6d-bbfe-42b4-9bde-396690ef56d9|rpc:10.1.0.7:38573|dataStream:|priority:1], old=null
2022-01-07 01:24:02,570 [baceac6d-bbfe-42b4-9bde-396690ef56d9@group-9EECFC4A6075-FollowerState] INFO  impl.FollowerState (FollowerState.java:run(134)) - baceac6d-bbfe-42b4-9bde-396690ef56d9@group-9EECFC4A6075-FollowerState: change to CANDIDATE, lastRpcElapsedTime:5062341950ns, electionTimeout:5061ms
2022-01-07 01:24:02,571 [baceac6d-bbfe-42b4-9bde-396690ef56d9@group-9EECFC4A6075-FollowerState] INFO  impl.RoleInfo (RoleInfo.java:shutdownFollowerState(108)) - baceac6d-bbfe-42b4-9bde-396690ef56d9: shutdown baceac6d-bbfe-42b4-9bde-396690ef56d9@group-9EECFC4A6075-FollowerState
2022-01-07 01:24:02,571 [baceac6d-bbfe-42b4-9bde-396690ef56d9@group-9EECFC4A6075-FollowerState] INFO  server.RaftServer$Division (RaftServerImpl.java:setRole(290)) - baceac6d-bbfe-42b4-9bde-396690ef56d9@group-9EECFC4A6075: changes role from  FOLLOWER to CANDIDATE at term 0 for changeToCandidate
2022-01-07 01:24:02,571 [baceac6d-bbfe-42b4-9bde-396690ef56d9@group-9EECFC4A6075-FollowerState] INFO  server.RaftServerConfigKeys (ConfUtils.java:logGet(44)) - raft.server.leaderelection.pre-vote = false (custom)
2022-01-07 01:24:02,572 [baceac6d-bbfe-42b4-9bde-396690ef56d9@group-9EECFC4A6075-FollowerState] INFO  impl.RoleInfo (RoleInfo.java:updateAndGet(130)) - baceac6d-bbfe-42b4-9bde-396690ef56d9: start baceac6d-bbfe-42b4-9bde-396690ef56d9@group-9EECFC4A6075-LeaderElection3
2022-01-07 01:24:02,574 [baceac6d-bbfe-42b4-9bde-396690ef56d9@group-9EECFC4A6075-LeaderElection3] INFO  impl.LeaderElection (LeaderElection.java:askForVotes(306)) - baceac6d-bbfe-42b4-9bde-396690ef56d9@group-9EECFC4A6075-LeaderElection3 ELECTION round 0: submit vote requests at term 1 for -1: [18b95dfb-8ef7-4011-a842-0dc8d0be8521|rpc:10.1.0.7:39307|priority:1, c7514957-7287-4cfe-8c11-55f780daee7f|rpc:10.1.0.7:42065|priority:0, baceac6d-bbfe-42b4-9bde-396690ef56d9|rpc:10.1.0.7:38573|priority:0], old=null
2022-01-07 01:24:02,605 [grpc-default-executor-0] INFO  server.RaftServer$Division (RaftServerImpl.java:requestVote(1046)) - c7514957-7287-4cfe-8c11-55f780daee7f@group-9EECFC4A6075: receive requestVote(ELECTION, baceac6d-bbfe-42b4-9bde-396690ef56d9, group-9EECFC4A6075, 1, (t:0, i:0))
2022-01-07 01:24:02,608 [grpc-default-executor-0] INFO  impl.VoteContext (VoteContext.java:log(48)) - c7514957-7287-4cfe-8c11-55f780daee7f@group-9EECFC4A6075-FOLLOWER: accept ELECTION from baceac6d-bbfe-42b4-9bde-396690ef56d9: our priority 0 <= candidate's priority 0
2022-01-07 01:24:02,608 [grpc-default-executor-0] INFO  server.RaftServer$Division (RaftServerImpl.java:setRole(290)) - c7514957-7287-4cfe-8c11-55f780daee7f@group-9EECFC4A6075: changes role from  FOLLOWER to FOLLOWER at term 1 for candidate:baceac6d-bbfe-42b4-9bde-396690ef56d9
2022-01-07 01:24:02,616 [grpc-default-executor-0] INFO  impl.RoleInfo (RoleInfo.java:shutdownFollowerState(108)) - c7514957-7287-4cfe-8c11-55f780daee7f: shutdown c7514957-7287-4cfe-8c11-55f780daee7f@group-9EECFC4A6075-FollowerState
2022-01-07 01:24:02,617 [c7514957-7287-4cfe-8c11-55f780daee7f@group-9EECFC4A6075-FollowerState] INFO  impl.FollowerState (FollowerState.java:run(143)) - c7514957-7287-4cfe-8c11-55f780daee7f@group-9EECFC4A6075-FollowerState was interrupted: {}
java.lang.InterruptedException: sleep interrupted
	at java.lang.Thread.sleep(Native Method)
	at java.lang.Thread.sleep(Thread.java:340)
	at java.util.concurrent.TimeUnit.sleep(TimeUnit.java:386)
	at org.apache.ratis.util.TimeDuration.sleep(TimeDuration.java:324)
	at org.apache.ratis.util.TimeDuration.sleep(TimeDuration.java:309)
	at org.apache.ratis.server.impl.FollowerState.run(FollowerState.java:118)
2022-01-07 01:24:02,617 [grpc-default-executor-0] INFO  impl.RoleInfo (RoleInfo.java:updateAndGet(130)) - c7514957-7287-4cfe-8c11-55f780daee7f: start c7514957-7287-4cfe-8c11-55f780daee7f@group-9EECFC4A6075-FollowerState
2022-01-07 01:24:02,621 [grpc-default-executor-1] INFO  server.RaftServer$Division (RaftServerImpl.java:requestVote(1046)) - 18b95dfb-8ef7-4011-a842-0dc8d0be8521@group-9EECFC4A6075: receive requestVote(ELECTION, baceac6d-bbfe-42b4-9bde-396690ef56d9, group-9EECFC4A6075, 1, (t:0, i:0))
2022-01-07 01:24:02,621 [grpc-default-executor-1] INFO  impl.VoteContext (VoteContext.java:log(48)) - 18b95dfb-8ef7-4011-a842-0dc8d0be8521@group-9EECFC4A6075-FOLLOWER: reject ELECTION from baceac6d-bbfe-42b4-9bde-396690ef56d9: our priority 1 > candidate's priority 0
2022-01-07 01:24:02,621 [grpc-default-executor-1] INFO  server.RaftServer$Division (RaftServerImpl.java:setRole(290)) - 18b95dfb-8ef7-4011-a842-0dc8d0be8521@group-9EECFC4A6075: changes role from  FOLLOWER to FOLLOWER at term 1 for candidate:baceac6d-bbfe-42b4-9bde-396690ef56d9
2022-01-07 01:24:02,622 [grpc-default-executor-1] INFO  impl.RoleInfo (RoleInfo.java:shutdownFollowerState(108)) - 18b95dfb-8ef7-4011-a842-0dc8d0be8521: shutdown 18b95dfb-8ef7-4011-a842-0dc8d0be8521@group-9EECFC4A6075-FollowerState
2022-01-07 01:24:02,622 [grpc-default-executor-1] INFO  impl.RoleInfo (RoleInfo.java:updateAndGet(130)) - 18b95dfb-8ef7-4011-a842-0dc8d0be8521: start 18b95dfb-8ef7-4011-a842-0dc8d0be8521@group-9EECFC4A6075-FollowerState
2022-01-07 01:24:02,622 [18b95dfb-8ef7-4011-a842-0dc8d0be8521@group-9EECFC4A6075-FollowerState] INFO  impl.FollowerState (FollowerState.java:run(143)) - 18b95dfb-8ef7-4011-a842-0dc8d0be8521@group-9EECFC4A6075-FollowerState was interrupted: {}
java.lang.InterruptedException: sleep interrupted
	at java.lang.Thread.sleep(Native Method)
	at java.lang.Thread.sleep(Thread.java:340)
	at java.util.concurrent.TimeUnit.sleep(TimeUnit.java:386)
	at org.apache.ratis.util.TimeDuration.sleep(TimeDuration.java:324)
	at org.apache.ratis.util.TimeDuration.sleep(TimeDuration.java:309)
	at org.apache.ratis.server.impl.FollowerState.run(FollowerState.java:118)
2022-01-07 01:24:02,625 [grpc-default-executor-0] INFO  server.RaftServer$Division (RaftServerImpl.java:requestVote(1078)) - c7514957-7287-4cfe-8c11-55f780daee7f@group-9EECFC4A6075 replies to ELECTION vote request: baceac6d-bbfe-42b4-9bde-396690ef56d9<-c7514957-7287-4cfe-8c11-55f780daee7f#0:OK-t1. Peer's state: c7514957-7287-4cfe-8c11-55f780daee7f@group-9EECFC4A6075:t1, leader=null, voted=baceac6d-bbfe-42b4-9bde-396690ef56d9, raftlog=c7514957-7287-4cfe-8c11-55f780daee7f@group-9EECFC4A6075-SegmentedRaftLog:OPENED:c-1, conf=-1: [18b95dfb-8ef7-4011-a842-0dc8d0be8521|rpc:10.1.0.7:39307|priority:1, c7514957-7287-4cfe-8c11-55f780daee7f|rpc:10.1.0.7:42065|priority:0, baceac6d-bbfe-42b4-9bde-396690ef56d9|rpc:10.1.0.7:38573|priority:0], old=null
2022-01-07 01:24:02,626 [grpc-default-executor-1] INFO  server.RaftServer$Division (RaftServerImpl.java:requestVote(1078)) - 18b95dfb-8ef7-4011-a842-0dc8d0be8521@group-9EECFC4A6075 replies to ELECTION vote request: baceac6d-bbfe-42b4-9bde-396690ef56d9<-18b95dfb-8ef7-4011-a842-0dc8d0be8521#0:FAIL-t1. Peer's state: 18b95dfb-8ef7-4011-a842-0dc8d0be8521@group-9EECFC4A6075:t1, leader=null, voted=null, raftlog=18b95dfb-8ef7-4011-a842-0dc8d0be8521@group-9EECFC4A6075-SegmentedRaftLog:OPENED:c-1, conf=-1: [18b95dfb-8ef7-4011-a842-0dc8d0be8521|rpc:10.1.0.7:39307|dataStream:|priority:1, c7514957-7287-4cfe-8c11-55f780daee7f|rpc:10.1.0.7:42065|dataStream:|priority:0, baceac6d-bbfe-42b4-9bde-396690ef56d9|rpc:10.1.0.7:38573|dataStream:|priority:0], old=null
2022-01-07 01:24:02,636 [baceac6d-bbfe-42b4-9bde-396690ef56d9@group-9EECFC4A6075-LeaderElection3] INFO  impl.LeaderElection (LeaderElection.java:logAndReturn(89)) - baceac6d-bbfe-42b4-9bde-396690ef56d9@group-9EECFC4A6075-LeaderElection3: ELECTION REJECTED received 1 response(s) and 0 exception(s):
2022-01-07 01:24:02,637 [baceac6d-bbfe-42b4-9bde-396690ef56d9@group-9EECFC4A6075-LeaderElection3] INFO  impl.LeaderElection (LeaderElection.java:logAndReturn(93)) -   Response 0: baceac6d-bbfe-42b4-9bde-396690ef56d9<-18b95dfb-8ef7-4011-a842-0dc8d0be8521#0:FAIL-t1
2022-01-07 01:24:02,637 [baceac6d-bbfe-42b4-9bde-396690ef56d9@group-9EECFC4A6075-LeaderElection3] INFO  impl.LeaderElection (LeaderElection.java:askForVotes(308)) - baceac6d-bbfe-42b4-9bde-396690ef56d9@group-9EECFC4A6075-LeaderElection3 ELECTION round 0: result REJECTED
2022-01-07 01:24:02,637 [baceac6d-bbfe-42b4-9bde-396690ef56d9@group-9EECFC4A6075-LeaderElection3] INFO  server.RaftServer$Division (RaftServerImpl.java:setRole(290)) - baceac6d-bbfe-42b4-9bde-396690ef56d9@group-9EECFC4A6075: changes role from CANDIDATE to FOLLOWER at term 1 for REJECTED
2022-01-07 01:24:02,637 [baceac6d-bbfe-42b4-9bde-396690ef56d9@group-9EECFC4A6075-LeaderElection3] INFO  impl.RoleInfo (RoleInfo.java:shutdownLeaderElection(121)) - baceac6d-bbfe-42b4-9bde-396690ef56d9: shutdown baceac6d-bbfe-42b4-9bde-396690ef56d9@group-9EECFC4A6075-LeaderElection3
2022-01-07 01:24:02,637 [baceac6d-bbfe-42b4-9bde-396690ef56d9@group-9EECFC4A6075-LeaderElection3] INFO  impl.RoleInfo (RoleInfo.java:updateAndGet(130)) - baceac6d-bbfe-42b4-9bde-396690ef56d9: start baceac6d-bbfe-42b4-9bde-396690ef56d9@group-9EECFC4A6075-FollowerState
2022-01-07 01:24:03,201 [c7514957-7287-4cfe-8c11-55f780daee7f@group-EB759FD8ADDE-FollowerState] INFO  impl.FollowerState (FollowerState.java:run(134)) - c7514957-7287-4cfe-8c11-55f780daee7f@group-EB759FD8ADDE-FollowerState: change to CANDIDATE, lastRpcElapsedTime:5168457265ns, electionTimeout:5140ms
2022-01-07 01:24:03,202 [c7514957-7287-4cfe-8c11-55f780daee7f@group-EB759FD8ADDE-FollowerState] INFO  impl.RoleInfo (RoleInfo.java:shutdownFollowerState(108)) - c7514957-7287-4cfe-8c11-55f780daee7f: shutdown c7514957-7287-4cfe-8c11-55f780daee7f@group-EB759FD8ADDE-FollowerState
2022-01-07 01:24:03,202 [c7514957-7287-4cfe-8c11-55f780daee7f@group-EB759FD8ADDE-FollowerState] INFO  server.RaftServer$Division (RaftServerImpl.java:setRole(290)) - c7514957-7287-4cfe-8c11-55f780daee7f@group-EB759FD8ADDE: changes role from  FOLLOWER to CANDIDATE at term 0 for changeToCandidate
2022-01-07 01:24:03,203 [c7514957-7287-4cfe-8c11-55f780daee7f@group-EB759FD8ADDE-FollowerState] INFO  server.RaftServerConfigKeys (ConfUtils.java:logGet(44)) - raft.server.leaderelection.pre-vote = false (custom)
2022-01-07 01:24:03,203 [c7514957-7287-4cfe-8c11-55f780daee7f@group-EB759FD8ADDE-FollowerState] INFO  impl.RoleInfo (RoleInfo.java:updateAndGet(130)) - c7514957-7287-4cfe-8c11-55f780daee7f: start c7514957-7287-4cfe-8c11-55f780daee7f@group-EB759FD8ADDE-LeaderElection4
2022-01-07 01:24:03,205 [c7514957-7287-4cfe-8c11-55f780daee7f@group-EB759FD8ADDE-LeaderElection4] INFO  impl.LeaderElection (LeaderElection.java:askForVotes(306)) - c7514957-7287-4cfe-8c11-55f780daee7f@group-EB759FD8ADDE-LeaderElection4 ELECTION round 0: submit vote requests at term 1 for -1: [c7514957-7287-4cfe-8c11-55f780daee7f|rpc:10.1.0.7:42065|priority:1], old=null
2022-01-07 01:24:03,206 [c7514957-7287-4cfe-8c11-55f780daee7f@group-EB759FD8ADDE-LeaderElection4] INFO  impl.LeaderElection (LeaderElection.java:askForVotes(308)) - c7514957-7287-4cfe-8c11-55f780daee7f@group-EB759FD8ADDE-LeaderElection4 ELECTION round 0: result PASSED (term=1)
2022-01-07 01:24:03,206 [c7514957-7287-4cfe-8c11-55f780daee7f@group-EB759FD8ADDE-LeaderElection4] INFO  impl.RoleInfo (RoleInfo.java:shutdownLeaderElection(121)) - c7514957-7287-4cfe-8c11-55f780daee7f: shutdown c7514957-7287-4cfe-8c11-55f780daee7f@group-EB759FD8ADDE-LeaderElection4
2022-01-07 01:24:03,206 [c7514957-7287-4cfe-8c11-55f780daee7f@group-EB759FD8ADDE-LeaderElection4] INFO  server.RaftServer$Division (RaftServerImpl.java:setRole(290)) - c7514957-7287-4cfe-8c11-55f780daee7f@group-EB759FD8ADDE: changes role from CANDIDATE to LEADER at term 1 for changeToLeader
2022-01-07 01:24:03,206 [c7514957-7287-4cfe-8c11-55f780daee7f@group-EB759FD8ADDE-LeaderElection4] INFO  ratis.XceiverServerRatis (XceiverServerRatis.java:handleLeaderChangedNotification(866)) - Leader change notification received for group: group-EB759FD8ADDE with new leaderId: c7514957-7287-4cfe-8c11-55f780daee7f
2022-01-07 01:24:03,206 [c7514957-7287-4cfe-8c11-55f780daee7f@group-EB759FD8ADDE-LeaderElection4] INFO  server.RaftServer$Division (ServerState.java:setLeader(285)) - c7514957-7287-4cfe-8c11-55f780daee7f@group-EB759FD8ADDE: change Leader from null to c7514957-7287-4cfe-8c11-55f780daee7f at term 1 for becomeLeader, leader elected after 5202ms
2022-01-07 01:24:03,206 [c7514957-7287-4cfe-8c11-55f780daee7f@group-EB759FD8ADDE-LeaderElection4] INFO  server.RaftServerConfigKeys (ConfUtils.java:logGet(44)) - raft.server.staging.catchup.gap = 1000 (default)
2022-01-07 01:24:03,206 [c7514957-7287-4cfe-8c11-55f780daee7f@group-EB759FD8ADDE-LeaderElection4] INFO  server.RaftServerConfigKeys (ConfUtils.java:logGet(44)) - raft.server.write.element-limit = 1024 (custom)
2022-01-07 01:24:03,207 [c7514957-7287-4cfe-8c11-55f780daee7f@group-EB759FD8ADDE-LeaderElection4] INFO  server.RaftServerConfigKeys (ConfUtils.java:logGet(44)) - raft.server.write.byte-limit = 1024 M (=1073741824) (custom)
2022-01-07 01:24:03,207 [c7514957-7287-4cfe-8c11-55f780daee7f@group-EB759FD8ADDE-LeaderElection4] INFO  server.RaftServerConfigKeys (ConfUtils.java:logGet(44)) - raft.server.watch.timeout = 3000ms (custom)
2022-01-07 01:24:03,207 [c7514957-7287-4cfe-8c11-55f780daee7f@group-EB759FD8ADDE-LeaderElection4] INFO  server.RaftServerConfigKeys (ConfUtils.java:logGet(44)) - raft.server.watch.timeout.denomination = 1s (default)
2022-01-07 01:24:03,207 [c7514957-7287-4cfe-8c11-55f780daee7f@group-EB759FD8ADDE-LeaderElection4] INFO  server.RaftServerConfigKeys (ConfUtils.java:logGet(44)) - raft.server.watch.element-limit = 65536 (default)
2022-01-07 01:24:03,207 [c7514957-7287-4cfe-8c11-55f780daee7f@group-EB759FD8ADDE-LeaderElection4] INFO  server.RaftServerConfigKeys (ConfUtils.java:logGet(44)) - raft.server.write.element-limit = 1024 (custom)
2022-01-07 01:24:03,208 [c7514957-7287-4cfe-8c11-55f780daee7f@group-EB759FD8ADDE-LeaderElection4] INFO  server.RaftServerConfigKeys (ConfUtils.java:logGet(44)) - raft.server.write.follower.gap.ratio.max = -1.0 (default)
2022-01-07 01:24:03,208 [c7514957-7287-4cfe-8c11-55f780daee7f@group-EB759FD8ADDE-LeaderElection4] INFO  impl.RoleInfo (RoleInfo.java:updateAndGet(130)) - c7514957-7287-4cfe-8c11-55f780daee7f: start c7514957-7287-4cfe-8c11-55f780daee7f@group-EB759FD8ADDE-LeaderStateImpl
2022-01-07 01:24:03,208 [c7514957-7287-4cfe-8c11-55f780daee7f@group-EB759FD8ADDE-LeaderElection4] INFO  segmented.SegmentedRaftLogWorker (SegmentedRaftLogWorker.java:startLogSegment(394)) - c7514957-7287-4cfe-8c11-55f780daee7f@group-EB759FD8ADDE-SegmentedRaftLogWorker: Starting segment from index:0
2022-01-07 01:24:03,210 [EventQueue-OpenPipelineForHealthyPipelineSafeModeRule] INFO  safemode.SCMSafeModeManager (HealthyPipelineSafeModeRule.java:process(124)) - SCM in safe mode. Healthy pipelines reported count is 0, required healthy pipeline reported count is 1
2022-01-07 01:24:03,211 [c7514957-7287-4cfe-8c11-55f780daee7f@group-EB759FD8ADDE-SegmentedRaftLogWorker] INFO  segmented.SegmentedRaftLogWorker (SegmentedRaftLogWorker.java:execute(601)) - c7514957-7287-4cfe-8c11-55f780daee7f@group-EB759FD8ADDE-SegmentedRaftLogWorker: created new log segment /home/runner/work/ozone/ozone/hadoop-ozone/integration-test/target/test-dir/MiniOzoneClusterImpl-6d259c07-df50-4cf8-9c74-d0697ceae933/datanode-1/data/ratis/3b3cbe4d-f572-470c-badf-eb759fd8adde/current/log_inprogress_0
2022-01-07 01:24:03,212 [c7514957-7287-4cfe-8c11-55f780daee7f@group-EB759FD8ADDE-LeaderElection4] INFO  server.RaftServer$Division (ServerState.java:setRaftConf(387)) - c7514957-7287-4cfe-8c11-55f780daee7f@group-EB759FD8ADDE: set configuration 0: [c7514957-7287-4cfe-8c11-55f780daee7f|rpc:10.1.0.7:42065|dataStream:|priority:1], old=null
2022-01-07 01:24:03,350 [Listener at 127.0.0.1/40673] INFO  ozone.MiniOzoneClusterImpl (MiniOzoneClusterImpl.java:lambda$waitForClusterToBeReady$0(235)) - Nodes are ready. Got 3 of 3 DN Heartbeats.
2022-01-07 01:24:03,351 [Listener at 127.0.0.1/40673] INFO  ozone.MiniOzoneClusterImpl (MiniOzoneClusterImpl.java:lambda$waitForClusterToBeReady$0(238)) - Waiting for cluster to exit safe mode
2022-01-07 01:24:03,351 [Listener at 127.0.0.1/40673] INFO  ozone.MiniOzoneClusterImpl (MiniOzoneClusterImpl.java:lambda$waitForClusterToBeReady$0(240)) - SCM became leader
2022-01-07 01:24:03,530 [18b95dfb-8ef7-4011-a842-0dc8d0be8521@group-5FFB55C75C07-FollowerState] INFO  impl.FollowerState (FollowerState.java:run(134)) - 18b95dfb-8ef7-4011-a842-0dc8d0be8521@group-5FFB55C75C07-FollowerState: change to CANDIDATE, lastRpcElapsedTime:5161615146ns, electionTimeout:5158ms
2022-01-07 01:24:03,530 [18b95dfb-8ef7-4011-a842-0dc8d0be8521@group-5FFB55C75C07-FollowerState] INFO  impl.RoleInfo (RoleInfo.java:shutdownFollowerState(108)) - 18b95dfb-8ef7-4011-a842-0dc8d0be8521: shutdown 18b95dfb-8ef7-4011-a842-0dc8d0be8521@group-5FFB55C75C07-FollowerState
2022-01-07 01:24:03,530 [18b95dfb-8ef7-4011-a842-0dc8d0be8521@group-5FFB55C75C07-FollowerState] INFO  server.RaftServer$Division (RaftServerImpl.java:setRole(290)) - 18b95dfb-8ef7-4011-a842-0dc8d0be8521@group-5FFB55C75C07: changes role from  FOLLOWER to CANDIDATE at term 0 for changeToCandidate
2022-01-07 01:24:03,530 [18b95dfb-8ef7-4011-a842-0dc8d0be8521@group-5FFB55C75C07-FollowerState] INFO  server.RaftServerConfigKeys (ConfUtils.java:logGet(44)) - raft.server.leaderelection.pre-vote = false (custom)
2022-01-07 01:24:03,530 [18b95dfb-8ef7-4011-a842-0dc8d0be8521@group-5FFB55C75C07-FollowerState] INFO  impl.RoleInfo (RoleInfo.java:updateAndGet(130)) - 18b95dfb-8ef7-4011-a842-0dc8d0be8521: start 18b95dfb-8ef7-4011-a842-0dc8d0be8521@group-5FFB55C75C07-LeaderElection5
2022-01-07 01:24:03,534 [18b95dfb-8ef7-4011-a842-0dc8d0be8521@group-5FFB55C75C07-LeaderElection5] INFO  impl.LeaderElection (LeaderElection.java:askForVotes(306)) - 18b95dfb-8ef7-4011-a842-0dc8d0be8521@group-5FFB55C75C07-LeaderElection5 ELECTION round 0: submit vote requests at term 1 for -1: [18b95dfb-8ef7-4011-a842-0dc8d0be8521|rpc:10.1.0.7:39307|priority:1], old=null
2022-01-07 01:24:03,534 [18b95dfb-8ef7-4011-a842-0dc8d0be8521@group-5FFB55C75C07-LeaderElection5] INFO  impl.LeaderElection (LeaderElection.java:askForVotes(308)) - 18b95dfb-8ef7-4011-a842-0dc8d0be8521@group-5FFB55C75C07-LeaderElection5 ELECTION round 0: result PASSED (term=1)
2022-01-07 01:24:03,534 [18b95dfb-8ef7-4011-a842-0dc8d0be8521@group-5FFB55C75C07-LeaderElection5] INFO  impl.RoleInfo (RoleInfo.java:shutdownLeaderElection(121)) - 18b95dfb-8ef7-4011-a842-0dc8d0be8521: shutdown 18b95dfb-8ef7-4011-a842-0dc8d0be8521@group-5FFB55C75C07-LeaderElection5
2022-01-07 01:24:03,534 [18b95dfb-8ef7-4011-a842-0dc8d0be8521@group-5FFB55C75C07-LeaderElection5] INFO  server.RaftServer$Division (RaftServerImpl.java:setRole(290)) - 18b95dfb-8ef7-4011-a842-0dc8d0be8521@group-5FFB55C75C07: changes role from CANDIDATE to LEADER at term 1 for changeToLeader
2022-01-07 01:24:03,534 [18b95dfb-8ef7-4011-a842-0dc8d0be8521@group-5FFB55C75C07-LeaderElection5] INFO  ratis.XceiverServerRatis (XceiverServerRatis.java:handleLeaderChangedNotification(866)) - Leader change notification received for group: group-5FFB55C75C07 with new leaderId: 18b95dfb-8ef7-4011-a842-0dc8d0be8521
2022-01-07 01:24:03,534 [18b95dfb-8ef7-4011-a842-0dc8d0be8521@group-5FFB55C75C07-LeaderElection5] INFO  server.RaftServer$Division (ServerState.java:setLeader(285)) - 18b95dfb-8ef7-4011-a842-0dc8d0be8521@group-5FFB55C75C07: change Leader from null to 18b95dfb-8ef7-4011-a842-0dc8d0be8521 at term 1 for becomeLeader, leader elected after 5181ms
2022-01-07 01:24:03,534 [18b95dfb-8ef7-4011-a842-0dc8d0be8521@group-5FFB55C75C07-LeaderElection5] INFO  server.RaftServerConfigKeys (ConfUtils.java:logGet(44)) - raft.server.staging.catchup.gap = 1000 (default)
2022-01-07 01:24:03,535 [18b95dfb-8ef7-4011-a842-0dc8d0be8521@group-5FFB55C75C07-LeaderElection5] INFO  server.RaftServerConfigKeys (ConfUtils.java:logGet(44)) - raft.server.write.element-limit = 1024 (custom)
2022-01-07 01:24:03,535 [18b95dfb-8ef7-4011-a842-0dc8d0be8521@group-5FFB55C75C07-LeaderElection5] INFO  server.RaftServerConfigKeys (ConfUtils.java:logGet(44)) - raft.server.write.byte-limit = 1024 M (=1073741824) (custom)
2022-01-07 01:24:03,535 [18b95dfb-8ef7-4011-a842-0dc8d0be8521@group-5FFB55C75C07-LeaderElection5] INFO  server.RaftServerConfigKeys (ConfUtils.java:logGet(44)) - raft.server.watch.timeout = 3000ms (custom)
2022-01-07 01:24:03,535 [18b95dfb-8ef7-4011-a842-0dc8d0be8521@group-5FFB55C75C07-LeaderElection5] INFO  server.RaftServerConfigKeys (ConfUtils.java:logGet(44)) - raft.server.watch.timeout.denomination = 1s (default)
2022-01-07 01:24:03,535 [18b95dfb-8ef7-4011-a842-0dc8d0be8521@group-5FFB55C75C07-LeaderElection5] INFO  server.RaftServerConfigKeys (ConfUtils.java:logGet(44)) - raft.server.watch.element-limit = 65536 (default)
2022-01-07 01:24:03,535 [18b95dfb-8ef7-4011-a842-0dc8d0be8521@group-5FFB55C75C07-LeaderElection5] INFO  server.RaftServerConfigKeys (ConfUtils.java:logGet(44)) - raft.server.write.element-limit = 1024 (custom)
2022-01-07 01:24:03,535 [18b95dfb-8ef7-4011-a842-0dc8d0be8521@group-5FFB55C75C07-LeaderElection5] INFO  server.RaftServerConfigKeys (ConfUtils.java:logGet(44)) - raft.server.write.follower.gap.ratio.max = -1.0 (default)
2022-01-07 01:24:03,535 [18b95dfb-8ef7-4011-a842-0dc8d0be8521@group-5FFB55C75C07-LeaderElection5] INFO  impl.RoleInfo (RoleInfo.java:updateAndGet(130)) - 18b95dfb-8ef7-4011-a842-0dc8d0be8521: start 18b95dfb-8ef7-4011-a842-0dc8d0be8521@group-5FFB55C75C07-LeaderStateImpl
2022-01-07 01:24:03,536 [18b95dfb-8ef7-4011-a842-0dc8d0be8521@group-5FFB55C75C07-LeaderElection5] INFO  segmented.SegmentedRaftLogWorker (SegmentedRaftLogWorker.java:startLogSegment(394)) - 18b95dfb-8ef7-4011-a842-0dc8d0be8521@group-5FFB55C75C07-SegmentedRaftLogWorker: Starting segment from index:0
2022-01-07 01:24:03,538 [EventQueue-OpenPipelineForHealthyPipelineSafeModeRule] INFO  safemode.SCMSafeModeManager (HealthyPipelineSafeModeRule.java:process(124)) - SCM in safe mode. Healthy pipelines reported count is 0, required healthy pipeline reported count is 1
2022-01-07 01:24:03,538 [18b95dfb-8ef7-4011-a842-0dc8d0be8521@group-5FFB55C75C07-SegmentedRaftLogWorker] INFO  segmented.SegmentedRaftLogWorker (SegmentedRaftLogWorker.java:execute(601)) - 18b95dfb-8ef7-4011-a842-0dc8d0be8521@group-5FFB55C75C07-SegmentedRaftLogWorker: created new log segment /home/runner/work/ozone/ozone/hadoop-ozone/integration-test/target/test-dir/MiniOzoneClusterImpl-6d259c07-df50-4cf8-9c74-d0697ceae933/datanode-2/data/ratis/3850a7de-5881-4a8d-b5b7-5ffb55c75c07/current/log_inprogress_0
2022-01-07 01:24:03,542 [18b95dfb-8ef7-4011-a842-0dc8d0be8521@group-5FFB55C75C07-LeaderElection5] INFO  server.RaftServer$Division (ServerState.java:setRaftConf(387)) - 18b95dfb-8ef7-4011-a842-0dc8d0be8521@group-5FFB55C75C07: set configuration 0: [18b95dfb-8ef7-4011-a842-0dc8d0be8521|rpc:10.1.0.7:39307|dataStream:|priority:1], old=null
2022-01-07 01:24:04,351 [Listener at 127.0.0.1/40673] INFO  ozone.MiniOzoneClusterImpl (MiniOzoneClusterImpl.java:lambda$waitForClusterToBeReady$0(235)) - Nodes are ready. Got 3 of 3 DN Heartbeats.
2022-01-07 01:24:04,351 [Listener at 127.0.0.1/40673] INFO  ozone.MiniOzoneClusterImpl (MiniOzoneClusterImpl.java:lambda$waitForClusterToBeReady$0(238)) - Waiting for cluster to exit safe mode
2022-01-07 01:24:04,351 [Listener at 127.0.0.1/40673] INFO  ozone.MiniOzoneClusterImpl (MiniOzoneClusterImpl.java:lambda$waitForClusterToBeReady$0(240)) - SCM became leader
2022-01-07 01:24:05,351 [Listener at 127.0.0.1/40673] INFO  ozone.MiniOzoneClusterImpl (MiniOzoneClusterImpl.java:lambda$waitForClusterToBeReady$0(235)) - Nodes are ready. Got 3 of 3 DN Heartbeats.
2022-01-07 01:24:05,352 [Listener at 127.0.0.1/40673] INFO  ozone.MiniOzoneClusterImpl (MiniOzoneClusterImpl.java:lambda$waitForClusterToBeReady$0(238)) - Waiting for cluster to exit safe mode
2022-01-07 01:24:05,352 [Listener at 127.0.0.1/40673] INFO  ozone.MiniOzoneClusterImpl (MiniOzoneClusterImpl.java:lambda$waitForClusterToBeReady$0(240)) - SCM became leader
2022-01-07 01:24:06,352 [Listener at 127.0.0.1/40673] INFO  ozone.MiniOzoneClusterImpl (MiniOzoneClusterImpl.java:lambda$waitForClusterToBeReady$0(235)) - Nodes are ready. Got 3 of 3 DN Heartbeats.
2022-01-07 01:24:06,353 [Listener at 127.0.0.1/40673] INFO  ozone.MiniOzoneClusterImpl (MiniOzoneClusterImpl.java:lambda$waitForClusterToBeReady$0(238)) - Waiting for cluster to exit safe mode
2022-01-07 01:24:06,353 [Listener at 127.0.0.1/40673] INFO  ozone.MiniOzoneClusterImpl (MiniOzoneClusterImpl.java:lambda$waitForClusterToBeReady$0(240)) - SCM became leader
2022-01-07 01:24:07,353 [Listener at 127.0.0.1/40673] INFO  ozone.MiniOzoneClusterImpl (MiniOzoneClusterImpl.java:lambda$waitForClusterToBeReady$0(235)) - Nodes are ready. Got 3 of 3 DN Heartbeats.
2022-01-07 01:24:07,353 [Listener at 127.0.0.1/40673] INFO  ozone.MiniOzoneClusterImpl (MiniOzoneClusterImpl.java:lambda$waitForClusterToBeReady$0(238)) - Waiting for cluster to exit safe mode
2022-01-07 01:24:07,353 [Listener at 127.0.0.1/40673] INFO  ozone.MiniOzoneClusterImpl (MiniOzoneClusterImpl.java:lambda$waitForClusterToBeReady$0(240)) - SCM became leader
2022-01-07 01:24:07,769 [18b95dfb-8ef7-4011-a842-0dc8d0be8521@group-9EECFC4A6075-FollowerState] INFO  impl.FollowerState (FollowerState.java:run(134)) - 18b95dfb-8ef7-4011-a842-0dc8d0be8521@group-9EECFC4A6075-FollowerState: change to CANDIDATE, lastRpcElapsedTime:5147378635ns, electionTimeout:5135ms
2022-01-07 01:24:07,769 [18b95dfb-8ef7-4011-a842-0dc8d0be8521@group-9EECFC4A6075-FollowerState] INFO  impl.RoleInfo (RoleInfo.java:shutdownFollowerState(108)) - 18b95dfb-8ef7-4011-a842-0dc8d0be8521: shutdown 18b95dfb-8ef7-4011-a842-0dc8d0be8521@group-9EECFC4A6075-FollowerState
2022-01-07 01:24:07,769 [18b95dfb-8ef7-4011-a842-0dc8d0be8521@group-9EECFC4A6075-FollowerState] INFO  server.RaftServer$Division (RaftServerImpl.java:setRole(290)) - 18b95dfb-8ef7-4011-a842-0dc8d0be8521@group-9EECFC4A6075: changes role from  FOLLOWER to CANDIDATE at term 1 for changeToCandidate
2022-01-07 01:24:07,770 [18b95dfb-8ef7-4011-a842-0dc8d0be8521@group-9EECFC4A6075-FollowerState] INFO  server.RaftServerConfigKeys (ConfUtils.java:logGet(44)) - raft.server.leaderelection.pre-vote = false (custom)
2022-01-07 01:24:07,770 [18b95dfb-8ef7-4011-a842-0dc8d0be8521@group-9EECFC4A6075-FollowerState] INFO  impl.RoleInfo (RoleInfo.java:updateAndGet(130)) - 18b95dfb-8ef7-4011-a842-0dc8d0be8521: start 18b95dfb-8ef7-4011-a842-0dc8d0be8521@group-9EECFC4A6075-LeaderElection6
2022-01-07 01:24:07,772 [18b95dfb-8ef7-4011-a842-0dc8d0be8521@group-9EECFC4A6075-LeaderElection6] INFO  impl.LeaderElection (LeaderElection.java:askForVotes(306)) - 18b95dfb-8ef7-4011-a842-0dc8d0be8521@group-9EECFC4A6075-LeaderElection6 ELECTION round 0: submit vote requests at term 2 for -1: [18b95dfb-8ef7-4011-a842-0dc8d0be8521|rpc:10.1.0.7:39307|dataStream:|priority:1, c7514957-7287-4cfe-8c11-55f780daee7f|rpc:10.1.0.7:42065|dataStream:|priority:0, baceac6d-bbfe-42b4-9bde-396690ef56d9|rpc:10.1.0.7:38573|dataStream:|priority:0], old=null
2022-01-07 01:24:07,792 [grpc-default-executor-0] INFO  server.RaftServer$Division (RaftServerImpl.java:requestVote(1046)) - c7514957-7287-4cfe-8c11-55f780daee7f@group-9EECFC4A6075: receive requestVote(ELECTION, 18b95dfb-8ef7-4011-a842-0dc8d0be8521, group-9EECFC4A6075, 2, (t:0, i:0))
2022-01-07 01:24:07,792 [grpc-default-executor-0] INFO  impl.VoteContext (VoteContext.java:log(48)) - c7514957-7287-4cfe-8c11-55f780daee7f@group-9EECFC4A6075-FOLLOWER: accept ELECTION from 18b95dfb-8ef7-4011-a842-0dc8d0be8521: our priority 0 <= candidate's priority 1
2022-01-07 01:24:07,793 [grpc-default-executor-0] INFO  server.RaftServer$Division (RaftServerImpl.java:setRole(290)) - c7514957-7287-4cfe-8c11-55f780daee7f@group-9EECFC4A6075: changes role from  FOLLOWER to FOLLOWER at term 2 for candidate:18b95dfb-8ef7-4011-a842-0dc8d0be8521
2022-01-07 01:24:07,793 [grpc-default-executor-0] INFO  impl.RoleInfo (RoleInfo.java:shutdownFollowerState(108)) - c7514957-7287-4cfe-8c11-55f780daee7f: shutdown c7514957-7287-4cfe-8c11-55f780daee7f@group-9EECFC4A6075-FollowerState
2022-01-07 01:24:07,793 [grpc-default-executor-0] INFO  impl.RoleInfo (RoleInfo.java:updateAndGet(130)) - c7514957-7287-4cfe-8c11-55f780daee7f: start c7514957-7287-4cfe-8c11-55f780daee7f@group-9EECFC4A6075-FollowerState
2022-01-07 01:24:07,794 [grpc-default-executor-0] INFO  server.RaftServer$Division (RaftServerImpl.java:requestVote(1078)) - c7514957-7287-4cfe-8c11-55f780daee7f@group-9EECFC4A6075 replies to ELECTION vote request: 18b95dfb-8ef7-4011-a842-0dc8d0be8521<-c7514957-7287-4cfe-8c11-55f780daee7f#0:OK-t2. Peer's state: c7514957-7287-4cfe-8c11-55f780daee7f@group-9EECFC4A6075:t2, leader=null, voted=18b95dfb-8ef7-4011-a842-0dc8d0be8521, raftlog=c7514957-7287-4cfe-8c11-55f780daee7f@group-9EECFC4A6075-SegmentedRaftLog:OPENED:c-1, conf=-1: [18b95dfb-8ef7-4011-a842-0dc8d0be8521|rpc:10.1.0.7:39307|priority:1, c7514957-7287-4cfe-8c11-55f780daee7f|rpc:10.1.0.7:42065|priority:0, baceac6d-bbfe-42b4-9bde-396690ef56d9|rpc:10.1.0.7:38573|priority:0], old=null
2022-01-07 01:24:07,795 [c7514957-7287-4cfe-8c11-55f780daee7f@group-9EECFC4A6075-FollowerState] INFO  impl.FollowerState (FollowerState.java:run(134)) - c7514957-7287-4cfe-8c11-55f780daee7f@group-9EECFC4A6075-FollowerState: change to CANDIDATE, lastRpcElapsedTime:5172276476ns, electionTimeout:5172ms
2022-01-07 01:24:07,796 [c7514957-7287-4cfe-8c11-55f780daee7f@group-9EECFC4A6075-FollowerState] INFO  impl.RoleInfo (RoleInfo.java:shutdownFollowerState(108)) - c7514957-7287-4cfe-8c11-55f780daee7f: shutdown c7514957-7287-4cfe-8c11-55f780daee7f@group-9EECFC4A6075-FollowerState
2022-01-07 01:24:07,796 [c7514957-7287-4cfe-8c11-55f780daee7f@group-9EECFC4A6075-FollowerState] INFO  server.RaftServer$Division (RaftServerImpl.java:setRole(290)) - c7514957-7287-4cfe-8c11-55f780daee7f@group-9EECFC4A6075: changes role from  FOLLOWER to CANDIDATE at term 2 for changeToCandidate
2022-01-07 01:24:07,796 [c7514957-7287-4cfe-8c11-55f780daee7f@group-9EECFC4A6075-FollowerState] INFO  server.RaftServerConfigKeys (ConfUtils.java:logGet(44)) - raft.server.leaderelection.pre-vote = false (custom)
2022-01-07 01:24:07,796 [c7514957-7287-4cfe-8c11-55f780daee7f@group-9EECFC4A6075-FollowerState] INFO  impl.RoleInfo (RoleInfo.java:updateAndGet(130)) - c7514957-7287-4cfe-8c11-55f780daee7f: start c7514957-7287-4cfe-8c11-55f780daee7f@group-9EECFC4A6075-LeaderElection7
2022-01-07 01:24:07,796 [c7514957-7287-4cfe-8c11-55f780daee7f@group-9EECFC4A6075-FollowerState] INFO  impl.FollowerState (FollowerState.java:run(143)) - c7514957-7287-4cfe-8c11-55f780daee7f@group-9EECFC4A6075-FollowerState was interrupted: {}
java.lang.InterruptedException: sleep interrupted
	at java.lang.Thread.sleep(Native Method)
	at java.lang.Thread.sleep(Thread.java:340)
	at java.util.concurrent.TimeUnit.sleep(TimeUnit.java:386)
	at org.apache.ratis.util.TimeDuration.sleep(TimeDuration.java:324)
	at org.apache.ratis.util.TimeDuration.sleep(TimeDuration.java:309)
	at org.apache.ratis.server.impl.FollowerState.run(FollowerState.java:118)
2022-01-07 01:24:07,805 [c7514957-7287-4cfe-8c11-55f780daee7f@group-9EECFC4A6075-LeaderElection7] INFO  impl.LeaderElection (LeaderElection.java:askForVotes(306)) - c7514957-7287-4cfe-8c11-55f780daee7f@group-9EECFC4A6075-LeaderElection7 ELECTION round 0: submit vote requests at term 3 for -1: [18b95dfb-8ef7-4011-a842-0dc8d0be8521|rpc:10.1.0.7:39307|priority:1, c7514957-7287-4cfe-8c11-55f780daee7f|rpc:10.1.0.7:42065|priority:0, baceac6d-bbfe-42b4-9bde-396690ef56d9|rpc:10.1.0.7:38573|priority:0], old=null
2022-01-07 01:24:07,805 [18b95dfb-8ef7-4011-a842-0dc8d0be8521@group-9EECFC4A6075-LeaderElection6] INFO  impl.LeaderElection (LeaderElection.java:logAndReturn(89)) - 18b95dfb-8ef7-4011-a842-0dc8d0be8521@group-9EECFC4A6075-LeaderElection6: ELECTION PASSED received 1 response(s) and 0 exception(s):
2022-01-07 01:24:07,806 [18b95dfb-8ef7-4011-a842-0dc8d0be8521@group-9EECFC4A6075-LeaderElection6] INFO  impl.LeaderElection (LeaderElection.java:logAndReturn(93)) -   Response 0: 18b95dfb-8ef7-4011-a842-0dc8d0be8521<-c7514957-7287-4cfe-8c11-55f780daee7f#0:OK-t2
2022-01-07 01:24:07,813 [18b95dfb-8ef7-4011-a842-0dc8d0be8521@group-9EECFC4A6075-LeaderElection6] INFO  impl.LeaderElection (LeaderElection.java:askForVotes(308)) - 18b95dfb-8ef7-4011-a842-0dc8d0be8521@group-9EECFC4A6075-LeaderElection6 ELECTION round 0: result PASSED
2022-01-07 01:24:07,813 [18b95dfb-8ef7-4011-a842-0dc8d0be8521@group-9EECFC4A6075-LeaderElection6] INFO  impl.RoleInfo (RoleInfo.java:shutdownLeaderElection(121)) - 18b95dfb-8ef7-4011-a842-0dc8d0be8521: shutdown 18b95dfb-8ef7-4011-a842-0dc8d0be8521@group-9EECFC4A6075-LeaderElection6
2022-01-07 01:24:07,814 [18b95dfb-8ef7-4011-a842-0dc8d0be8521@group-9EECFC4A6075-LeaderElection6] INFO  server.RaftServer$Division (RaftServerImpl.java:setRole(290)) - 18b95dfb-8ef7-4011-a842-0dc8d0be8521@group-9EECFC4A6075: changes role from CANDIDATE to LEADER at term 2 for changeToLeader
2022-01-07 01:24:07,814 [grpc-default-executor-0] INFO  server.RaftServer$Division (RaftServerImpl.java:requestVote(1046)) - baceac6d-bbfe-42b4-9bde-396690ef56d9@group-9EECFC4A6075: receive requestVote(ELECTION, 18b95dfb-8ef7-4011-a842-0dc8d0be8521, group-9EECFC4A6075, 2, (t:0, i:0))
2022-01-07 01:24:07,814 [grpc-default-executor-0] INFO  impl.VoteContext (VoteContext.java:log(48)) - baceac6d-bbfe-42b4-9bde-396690ef56d9@group-9EECFC4A6075-FOLLOWER: accept ELECTION from 18b95dfb-8ef7-4011-a842-0dc8d0be8521: our priority 0 <= candidate's priority 1
2022-01-07 01:24:07,814 [grpc-default-executor-0] INFO  server.RaftServer$Division (RaftServerImpl.java:setRole(290)) - baceac6d-bbfe-42b4-9bde-396690ef56d9@group-9EECFC4A6075: changes role from  FOLLOWER to FOLLOWER at term 2 for candidate:18b95dfb-8ef7-4011-a842-0dc8d0be8521
2022-01-07 01:24:07,814 [grpc-default-executor-0] INFO  impl.RoleInfo (RoleInfo.java:shutdownFollowerState(108)) - baceac6d-bbfe-42b4-9bde-396690ef56d9: shutdown baceac6d-bbfe-42b4-9bde-396690ef56d9@group-9EECFC4A6075-FollowerState
2022-01-07 01:24:07,814 [18b95dfb-8ef7-4011-a842-0dc8d0be8521@group-9EECFC4A6075-LeaderElection6] INFO  ratis.XceiverServerRatis (XceiverServerRatis.java:handleLeaderChangedNotification(866)) - Leader change notification received for group: group-9EECFC4A6075 with new leaderId: 18b95dfb-8ef7-4011-a842-0dc8d0be8521
2022-01-07 01:24:07,815 [18b95dfb-8ef7-4011-a842-0dc8d0be8521@group-9EECFC4A6075-LeaderElection6] INFO  server.RaftServer$Division (ServerState.java:setLeader(285)) - 18b95dfb-8ef7-4011-a842-0dc8d0be8521@group-9EECFC4A6075: change Leader from null to 18b95dfb-8ef7-4011-a842-0dc8d0be8521 at term 2 for becomeLeader, leader elected after 9549ms
2022-01-07 01:24:07,815 [18b95dfb-8ef7-4011-a842-0dc8d0be8521@group-9EECFC4A6075-LeaderElection6] INFO  server.RaftServerConfigKeys (ConfUtils.java:logGet(44)) - raft.server.staging.catchup.gap = 1000 (default)
2022-01-07 01:24:07,815 [18b95dfb-8ef7-4011-a842-0dc8d0be8521@group-9EECFC4A6075-LeaderElection6] INFO  server.RaftServerConfigKeys (ConfUtils.java:logGet(44)) - raft.server.write.element-limit = 1024 (custom)
2022-01-07 01:24:07,815 [18b95dfb-8ef7-4011-a842-0dc8d0be8521@group-9EECFC4A6075-LeaderElection6] INFO  server.RaftServerConfigKeys (ConfUtils.java:logGet(44)) - raft.server.write.byte-limit = 1024 M (=1073741824) (custom)
2022-01-07 01:24:07,815 [18b95dfb-8ef7-4011-a842-0dc8d0be8521@group-9EECFC4A6075-LeaderElection6] INFO  server.RaftServerConfigKeys (ConfUtils.java:logGet(44)) - raft.server.watch.timeout = 3000ms (custom)
2022-01-07 01:24:07,815 [18b95dfb-8ef7-4011-a842-0dc8d0be8521@group-9EECFC4A6075-LeaderElection6] INFO  server.RaftServerConfigKeys (ConfUtils.java:logGet(44)) - raft.server.watch.timeout.denomination = 1s (default)
2022-01-07 01:24:07,816 [18b95dfb-8ef7-4011-a842-0dc8d0be8521@group-9EECFC4A6075-LeaderElection6] INFO  server.RaftServerConfigKeys (ConfUtils.java:logGet(44)) - raft.server.watch.element-limit = 65536 (default)
2022-01-07 01:24:07,816 [18b95dfb-8ef7-4011-a842-0dc8d0be8521@group-9EECFC4A6075-LeaderElection6] INFO  server.RaftServerConfigKeys (ConfUtils.java:logGet(44)) - raft.server.write.element-limit = 1024 (custom)
2022-01-07 01:24:07,816 [18b95dfb-8ef7-4011-a842-0dc8d0be8521@group-9EECFC4A6075-LeaderElection6] INFO  server.RaftServerConfigKeys (ConfUtils.java:logGet(44)) - raft.server.write.follower.gap.ratio.max = -1.0 (default)
2022-01-07 01:24:07,816 [grpc-default-executor-0] INFO  impl.RoleInfo (RoleInfo.java:updateAndGet(130)) - baceac6d-bbfe-42b4-9bde-396690ef56d9: start baceac6d-bbfe-42b4-9bde-396690ef56d9@group-9EECFC4A6075-FollowerState
2022-01-07 01:24:07,817 [baceac6d-bbfe-42b4-9bde-396690ef56d9@group-9EECFC4A6075-FollowerState] INFO  impl.FollowerState (FollowerState.java:run(143)) - baceac6d-bbfe-42b4-9bde-396690ef56d9@group-9EECFC4A6075-FollowerState was interrupted: {}
java.lang.InterruptedException: sleep interrupted
	at java.lang.Thread.sleep(Native Method)
	at java.lang.Thread.sleep(Thread.java:340)
	at java.util.concurrent.TimeUnit.sleep(TimeUnit.java:386)
	at org.apache.ratis.util.TimeDuration.sleep(TimeDuration.java:324)
	at org.apache.ratis.util.TimeDuration.sleep(TimeDuration.java:309)
	at org.apache.ratis.server.impl.FollowerState.run(FollowerState.java:118)
2022-01-07 01:24:07,818 [EventQueue-PipelineReportForPipelineReportHandler] INFO  pipeline.PipelineManagerImpl (PipelineManagerImpl.java:openPipeline(291)) - Pipeline Pipeline[ Id: b1f049ef-67e6-4b7d-89d8-9eecfc4a6075, Nodes: c7514957-7287-4cfe-8c11-55f780daee7f{ip: 10.1.0.7, host: fv-az291-366.wgnan5asplgejimfprtllbpdch.jx.internal.cloudapp.net, ports: [REPLICATION=46707, RATIS=42065, RATIS_ADMIN=42065, RATIS_SERVER=42065, STANDALONE=44563], networkLocation: /default-rack, certSerialId: null, persistedOpState: IN_SERVICE, persistedOpStateExpiryEpochSec: 0}baceac6d-bbfe-42b4-9bde-396690ef56d9{ip: 10.1.0.7, host: fv-az291-366.wgnan5asplgejimfprtllbpdch.jx.internal.cloudapp.net, ports: [REPLICATION=33507, RATIS=38573, RATIS_ADMIN=38573, RATIS_SERVER=38573, STANDALONE=39301], networkLocation: /default-rack, certSerialId: null, persistedOpState: IN_SERVICE, persistedOpStateExpiryEpochSec: 0}18b95dfb-8ef7-4011-a842-0dc8d0be8521{ip: 10.1.0.7, host: fv-az291-366.wgnan5asplgejimfprtllbpdch.jx.internal.cloudapp.net, ports: [REPLICATION=43065, RATIS=39307, RATIS_ADMIN=39307, RATIS_SERVER=39307, STANDALONE=36969], networkLocation: /default-rack, certSerialId: null, persistedOpState: IN_SERVICE, persistedOpStateExpiryEpochSec: 0}, ReplicationConfig: RATIS/THREE, State:ALLOCATED, leaderId:18b95dfb-8ef7-4011-a842-0dc8d0be8521, CreationTimestamp2022-01-07T01:23:55.354Z[Etc/UTC]] moved to OPEN state
2022-01-07 01:24:07,819 [EventQueue-OpenPipelineForHealthyPipelineSafeModeRule] INFO  safemode.SCMSafeModeManager (HealthyPipelineSafeModeRule.java:process(124)) - SCM in safe mode. Healthy pipelines reported count is 0, required healthy pipeline reported count is 1
2022-01-07 01:24:07,819 [EventQueue-OpenPipelineForHealthyPipelineSafeModeRule] INFO  safemode.SCMSafeModeManager (HealthyPipelineSafeModeRule.java:process(124)) - SCM in safe mode. Healthy pipelines reported count is 1, required healthy pipeline reported count is 1
2022-01-07 01:24:07,819 [EventQueue-OpenPipelineForHealthyPipelineSafeModeRule] INFO  safemode.SCMSafeModeManager (SCMSafeModeManager.java:validateSafeModeExitRules(204)) - HealthyPipelineSafeModeRule rule is successfully validated
2022-01-07 01:24:07,819 [EventQueue-OpenPipelineForHealthyPipelineSafeModeRule] INFO  safemode.SCMSafeModeManager (SCMSafeModeManager.java:validateSafeModeExitRules(219)) - ScmSafeModeManager, all rules are successfully validated
2022-01-07 01:24:07,819 [EventQueue-OpenPipelineForHealthyPipelineSafeModeRule] INFO  safemode.SCMSafeModeManager (SCMSafeModeManager.java:exitSafeMode(248)) - SCM exiting safe mode.
2022-01-07 01:24:07,819 [EventQueue-OpenPipelineForHealthyPipelineSafeModeRule] WARN  events.EventQueue (EventQueue.java:fireEvent(194)) - No event handler registered for event TypedEvent{payloadType=SafeModeStatus, name='Safe mode status'}
2022-01-07 01:24:07,819 [EventQueue-OpenPipelineForHealthyPipelineSafeModeRule] INFO  ha.SCMContext (SCMContext.java:updateSafeModeStatus(211)) - Update SafeModeStatus from SafeModeStatus{safeModeStatus=true, preCheckPassed=true} to SafeModeStatus{safeModeStatus=false, preCheckPassed=true}.
2022-01-07 01:24:07,819 [EventQueue-OpenPipelineForHealthyPipelineSafeModeRule] INFO  pipeline.BackgroundPipelineCreator (BackgroundPipelineCreator.java:notifyStatusChanged(264)) - Service BackgroundPipelineCreator transitions to RUNNING.
2022-01-07 01:24:07,819 [EventQueue-OpenPipelineForHealthyPipelineSafeModeRule] INFO  container.ReplicationManager (ReplicationManager.java:notifyStatusChanged(1758)) - Service ReplicationManager transitions to RUNNING.
2022-01-07 01:24:07,820 [grpc-default-executor-0] INFO  server.RaftServer$Division (RaftServerImpl.java:requestVote(1078)) - baceac6d-bbfe-42b4-9bde-396690ef56d9@group-9EECFC4A6075 replies to ELECTION vote request: 18b95dfb-8ef7-4011-a842-0dc8d0be8521<-baceac6d-bbfe-42b4-9bde-396690ef56d9#0:OK-t2. Peer's state: baceac6d-bbfe-42b4-9bde-396690ef56d9@group-9EECFC4A6075:t2, leader=null, voted=18b95dfb-8ef7-4011-a842-0dc8d0be8521, raftlog=baceac6d-bbfe-42b4-9bde-396690ef56d9@group-9EECFC4A6075-SegmentedRaftLog:OPENED:c-1, conf=-1: [18b95dfb-8ef7-4011-a842-0dc8d0be8521|rpc:10.1.0.7:39307|priority:1, c7514957-7287-4cfe-8c11-55f780daee7f|rpc:10.1.0.7:42065|priority:0, baceac6d-bbfe-42b4-9bde-396690ef56d9|rpc:10.1.0.7:38573|priority:0], old=null
2022-01-07 01:24:07,831 [grpc-default-executor-0] INFO  server.RaftServer$Division (RaftServerImpl.java:requestVote(1046)) - 18b95dfb-8ef7-4011-a842-0dc8d0be8521@group-9EECFC4A6075: receive requestVote(ELECTION, c7514957-7287-4cfe-8c11-55f780daee7f, group-9EECFC4A6075, 3, (t:0, i:0))
2022-01-07 01:24:07,835 [18b95dfb-8ef7-4011-a842-0dc8d0be8521@group-9EECFC4A6075-LeaderElection6] INFO  server.RaftServerConfigKeys (ConfUtils.java:logGet(44)) - raft.server.log.appender.snapshot.chunk.size.max = 16MB (=16777216) (default)
2022-01-07 01:24:07,836 [18b95dfb-8ef7-4011-a842-0dc8d0be8521@group-9EECFC4A6075-LeaderElection6] INFO  server.RaftServerConfigKeys (ConfUtils.java:logGet(44)) - raft.server.log.appender.buffer.byte-limit = 33554432 (custom)
2022-01-07 01:24:07,836 [18b95dfb-8ef7-4011-a842-0dc8d0be8521@group-9EECFC4A6075-LeaderElection6] INFO  server.RaftServerConfigKeys (ConfUtils.java:logGet(44)) - raft.server.log.appender.buffer.element-limit = 1 (custom)
2022-01-07 01:24:07,839 [18b95dfb-8ef7-4011-a842-0dc8d0be8521@group-9EECFC4A6075-LeaderElection6] INFO  grpc.GrpcConfigKeys (ConfUtils.java:logGet(44)) - raft.grpc.server.leader.outstanding.appends.max = 128 (default)
2022-01-07 01:24:07,839 [18b95dfb-8ef7-4011-a842-0dc8d0be8521@group-9EECFC4A6075-LeaderElection6] INFO  server.RaftServerConfigKeys (ConfUtils.java:logGet(44)) - raft.server.rpc.request.timeout = 3000ms (default)
2022-01-07 01:24:07,840 [18b95dfb-8ef7-4011-a842-0dc8d0be8521@group-9EECFC4A6075-LeaderElection6] INFO  server.RaftServerConfigKeys (ConfUtils.java:logGet(44)) - raft.server.log.appender.install.snapshot.enabled = false (custom)
2022-01-07 01:24:07,841 [grpc-default-executor-2] INFO  server.RaftServer$Division (RaftServerImpl.java:requestVote(1046)) - baceac6d-bbfe-42b4-9bde-396690ef56d9@group-9EECFC4A6075: receive requestVote(ELECTION, c7514957-7287-4cfe-8c11-55f780daee7f, group-9EECFC4A6075, 3, (t:0, i:0))
2022-01-07 01:24:07,841 [grpc-default-executor-2] INFO  impl.VoteContext (VoteContext.java:log(48)) - baceac6d-bbfe-42b4-9bde-396690ef56d9@group-9EECFC4A6075-FOLLOWER: accept ELECTION from c7514957-7287-4cfe-8c11-55f780daee7f: our priority 0 <= candidate's priority 0
2022-01-07 01:24:07,841 [grpc-default-executor-2] INFO  server.RaftServer$Division (RaftServerImpl.java:setRole(290)) - baceac6d-bbfe-42b4-9bde-396690ef56d9@group-9EECFC4A6075: changes role from  FOLLOWER to FOLLOWER at term 3 for candidate:c7514957-7287-4cfe-8c11-55f780daee7f
2022-01-07 01:24:07,841 [grpc-default-executor-2] INFO  impl.RoleInfo (RoleInfo.java:shutdownFollowerState(108)) - baceac6d-bbfe-42b4-9bde-396690ef56d9: shutdown baceac6d-bbfe-42b4-9bde-396690ef56d9@group-9EECFC4A6075-FollowerState
2022-01-07 01:24:07,841 [grpc-default-executor-2] INFO  impl.RoleInfo (RoleInfo.java:updateAndGet(130)) - baceac6d-bbfe-42b4-9bde-396690ef56d9: start baceac6d-bbfe-42b4-9bde-396690ef56d9@group-9EECFC4A6075-FollowerState
2022-01-07 01:24:07,842 [baceac6d-bbfe-42b4-9bde-396690ef56d9@group-9EECFC4A6075-FollowerState] INFO  impl.FollowerState (FollowerState.java:run(143)) - baceac6d-bbfe-42b4-9bde-396690ef56d9@group-9EECFC4A6075-FollowerState was interrupted: {}
java.lang.InterruptedException: sleep interrupted
	at java.lang.Thread.sleep(Native Method)
	at java.lang.Thread.sleep(Thread.java:340)
	at java.util.concurrent.TimeUnit.sleep(TimeUnit.java:386)
	at org.apache.ratis.util.TimeDuration.sleep(TimeDuration.java:324)
	at org.apache.ratis.util.TimeDuration.sleep(TimeDuration.java:309)
	at org.apache.ratis.server.impl.FollowerState.run(FollowerState.java:118)
2022-01-07 01:24:07,844 [18b95dfb-8ef7-4011-a842-0dc8d0be8521@group-9EECFC4A6075-LeaderElection6] INFO  server.RaftServerConfigKeys (ConfUtils.java:logGet(44)) - raft.server.log.appender.snapshot.chunk.size.max = 16MB (=16777216) (default)
2022-01-07 01:24:07,844 [18b95dfb-8ef7-4011-a842-0dc8d0be8521@group-9EECFC4A6075-LeaderElection6] INFO  server.RaftServerConfigKeys (ConfUtils.java:logGet(44)) - raft.server.log.appender.buffer.byte-limit = 33554432 (custom)
2022-01-07 01:24:07,844 [18b95dfb-8ef7-4011-a842-0dc8d0be8521@group-9EECFC4A6075-LeaderElection6] INFO  server.RaftServerConfigKeys (ConfUtils.java:logGet(44)) - raft.server.log.appender.buffer.element-limit = 1 (custom)
2022-01-07 01:24:07,845 [18b95dfb-8ef7-4011-a842-0dc8d0be8521@group-9EECFC4A6075-LeaderElection6] INFO  grpc.GrpcConfigKeys (ConfUtils.java:logGet(44)) - raft.grpc.server.leader.outstanding.appends.max = 128 (default)
2022-01-07 01:24:07,850 [18b95dfb-8ef7-4011-a842-0dc8d0be8521@group-9EECFC4A6075-LeaderElection6] INFO  server.RaftServerConfigKeys (ConfUtils.java:logGet(44)) - raft.server.rpc.request.timeout = 3000ms (default)
2022-01-07 01:24:07,850 [grpc-default-executor-2] INFO  server.RaftServer$Division (RaftServerImpl.java:requestVote(1078)) - baceac6d-bbfe-42b4-9bde-396690ef56d9@group-9EECFC4A6075 replies to ELECTION vote request: c7514957-7287-4cfe-8c11-55f780daee7f<-baceac6d-bbfe-42b4-9bde-396690ef56d9#0:OK-t3. Peer's state: baceac6d-bbfe-42b4-9bde-396690ef56d9@group-9EECFC4A6075:t3, leader=null, voted=c7514957-7287-4cfe-8c11-55f780daee7f, raftlog=baceac6d-bbfe-42b4-9bde-396690ef56d9@group-9EECFC4A6075-SegmentedRaftLog:OPENED:c-1, conf=-1: [18b95dfb-8ef7-4011-a842-0dc8d0be8521|rpc:10.1.0.7:39307|priority:1, c7514957-7287-4cfe-8c11-55f780daee7f|rpc:10.1.0.7:42065|priority:0, baceac6d-bbfe-42b4-9bde-396690ef56d9|rpc:10.1.0.7:38573|priority:0], old=null
2022-01-07 01:24:07,850 [18b95dfb-8ef7-4011-a842-0dc8d0be8521@group-9EECFC4A6075-LeaderElection6] INFO  server.RaftServerConfigKeys (ConfUtils.java:logGet(44)) - raft.server.log.appender.install.snapshot.enabled = false (custom)
2022-01-07 01:24:07,852 [18b95dfb-8ef7-4011-a842-0dc8d0be8521@group-9EECFC4A6075-LeaderElection6] INFO  impl.RoleInfo (RoleInfo.java:updateAndGet(130)) - 18b95dfb-8ef7-4011-a842-0dc8d0be8521: start 18b95dfb-8ef7-4011-a842-0dc8d0be8521@group-9EECFC4A6075-LeaderStateImpl
2022-01-07 01:24:07,852 [18b95dfb-8ef7-4011-a842-0dc8d0be8521@group-9EECFC4A6075-LeaderElection6] INFO  segmented.SegmentedRaftLogWorker (SegmentedRaftLogWorker.java:startLogSegment(394)) - 18b95dfb-8ef7-4011-a842-0dc8d0be8521@group-9EECFC4A6075-SegmentedRaftLogWorker: Starting segment from index:0
2022-01-07 01:24:07,862 [18b95dfb-8ef7-4011-a842-0dc8d0be8521@group-9EECFC4A6075-SegmentedRaftLogWorker] INFO  segmented.SegmentedRaftLogWorker (SegmentedRaftLogWorker.java:execute(601)) - 18b95dfb-8ef7-4011-a842-0dc8d0be8521@group-9EECFC4A6075-SegmentedRaftLogWorker: created new log segment /home/runner/work/ozone/ozone/hadoop-ozone/integration-test/target/test-dir/MiniOzoneClusterImpl-6d259c07-df50-4cf8-9c74-d0697ceae933/datanode-2/data/ratis/b1f049ef-67e6-4b7d-89d8-9eecfc4a6075/current/log_inprogress_0
2022-01-07 01:24:07,867 [18b95dfb-8ef7-4011-a842-0dc8d0be8521@group-9EECFC4A6075-LeaderElection6] INFO  server.RaftServer$Division (ServerState.java:setRaftConf(387)) - 18b95dfb-8ef7-4011-a842-0dc8d0be8521@group-9EECFC4A6075: set configuration 0: [18b95dfb-8ef7-4011-a842-0dc8d0be8521|rpc:10.1.0.7:39307|dataStream:|priority:1, c7514957-7287-4cfe-8c11-55f780daee7f|rpc:10.1.0.7:42065|dataStream:|priority:0, baceac6d-bbfe-42b4-9bde-396690ef56d9|rpc:10.1.0.7:38573|dataStream:|priority:0], old=null
2022-01-07 01:24:07,868 [grpc-default-executor-0] INFO  impl.VoteContext (VoteContext.java:log(48)) - 18b95dfb-8ef7-4011-a842-0dc8d0be8521@group-9EECFC4A6075-LEADER: reject ELECTION from c7514957-7287-4cfe-8c11-55f780daee7f: our last entry (t:2, i:0) > candidate's last entry (t:0, i:0)
2022-01-07 01:24:07,868 [grpc-default-executor-0] INFO  server.RaftServer$Division (ServerState.java:setLeader(285)) - 18b95dfb-8ef7-4011-a842-0dc8d0be8521@group-9EECFC4A6075: change Leader from 18b95dfb-8ef7-4011-a842-0dc8d0be8521 to null at term 3 for updateCurrentTerm
2022-01-07 01:24:07,868 [grpc-default-executor-0] INFO  server.RaftServer$Division (RaftServerImpl.java:setRole(290)) - 18b95dfb-8ef7-4011-a842-0dc8d0be8521@group-9EECFC4A6075: changes role from    LEADER to FOLLOWER at term 3 for candidate:c7514957-7287-4cfe-8c11-55f780daee7f
2022-01-07 01:24:07,868 [grpc-default-executor-0] INFO  impl.RoleInfo (RoleInfo.java:shutdownLeaderState(91)) - 18b95dfb-8ef7-4011-a842-0dc8d0be8521: shutdown 18b95dfb-8ef7-4011-a842-0dc8d0be8521@group-9EECFC4A6075-LeaderStateImpl
2022-01-07 01:24:07,869 [grpc-default-executor-0] INFO  impl.PendingRequests (PendingRequests.java:sendNotLeaderResponses(282)) - 18b95dfb-8ef7-4011-a842-0dc8d0be8521@group-9EECFC4A6075-PendingRequests: sendNotLeaderResponses
2022-01-07 01:24:07,870 [grpc-default-executor-0] INFO  impl.RoleInfo (RoleInfo.java:updateAndGet(130)) - 18b95dfb-8ef7-4011-a842-0dc8d0be8521: start 18b95dfb-8ef7-4011-a842-0dc8d0be8521@group-9EECFC4A6075-FollowerState
2022-01-07 01:24:07,875 [grpc-default-executor-0] INFO  server.RaftServer$Division (RaftServerImpl.java:requestVote(1078)) - 18b95dfb-8ef7-4011-a842-0dc8d0be8521@group-9EECFC4A6075 replies to ELECTION vote request: c7514957-7287-4cfe-8c11-55f780daee7f<-18b95dfb-8ef7-4011-a842-0dc8d0be8521#0:FAIL-t3. Peer's state: 18b95dfb-8ef7-4011-a842-0dc8d0be8521@group-9EECFC4A6075:t3, leader=null, voted=null, raftlog=18b95dfb-8ef7-4011-a842-0dc8d0be8521@group-9EECFC4A6075-SegmentedRaftLog:OPENED:c0, conf=0: [18b95dfb-8ef7-4011-a842-0dc8d0be8521|rpc:10.1.0.7:39307|dataStream:|priority:1, c7514957-7287-4cfe-8c11-55f780daee7f|rpc:10.1.0.7:42065|dataStream:|priority:0, baceac6d-bbfe-42b4-9bde-396690ef56d9|rpc:10.1.0.7:38573|dataStream:|priority:0], old=null
2022-01-07 01:24:07,882 [c7514957-7287-4cfe-8c11-55f780daee7f@group-9EECFC4A6075-LeaderElection7] INFO  impl.LeaderElection (LeaderElection.java:logAndReturn(89)) - c7514957-7287-4cfe-8c11-55f780daee7f@group-9EECFC4A6075-LeaderElection7: ELECTION REJECTED received 2 response(s) and 0 exception(s):
2022-01-07 01:24:07,882 [c7514957-7287-4cfe-8c11-55f780daee7f@group-9EECFC4A6075-LeaderElection7] INFO  impl.LeaderElection (LeaderElection.java:logAndReturn(93)) -   Response 0: c7514957-7287-4cfe-8c11-55f780daee7f<-18b95dfb-8ef7-4011-a842-0dc8d0be8521#0:FAIL-t3
2022-01-07 01:24:07,882 [c7514957-7287-4cfe-8c11-55f780daee7f@group-9EECFC4A6075-LeaderElection7] INFO  impl.LeaderElection (LeaderElection.java:logAndReturn(93)) -   Response 1: c7514957-7287-4cfe-8c11-55f780daee7f<-baceac6d-bbfe-42b4-9bde-396690ef56d9#0:OK-t3
2022-01-07 01:24:07,883 [c7514957-7287-4cfe-8c11-55f780daee7f@group-9EECFC4A6075-LeaderElection7] INFO  impl.LeaderElection (LeaderElection.java:askForVotes(308)) - c7514957-7287-4cfe-8c11-55f780daee7f@group-9EECFC4A6075-LeaderElection7 ELECTION round 0: result REJECTED
2022-01-07 01:24:07,883 [c7514957-7287-4cfe-8c11-55f780daee7f@group-9EECFC4A6075-LeaderElection7] INFO  server.RaftServer$Division (RaftServerImpl.java:setRole(290)) - c7514957-7287-4cfe-8c11-55f780daee7f@group-9EECFC4A6075: changes role from CANDIDATE to FOLLOWER at term 3 for REJECTED
2022-01-07 01:24:07,883 [c7514957-7287-4cfe-8c11-55f780daee7f@group-9EECFC4A6075-LeaderElection7] INFO  impl.RoleInfo (RoleInfo.java:shutdownLeaderElection(121)) - c7514957-7287-4cfe-8c11-55f780daee7f: shutdown c7514957-7287-4cfe-8c11-55f780daee7f@group-9EECFC4A6075-LeaderElection7
2022-01-07 01:24:07,883 [c7514957-7287-4cfe-8c11-55f780daee7f@group-9EECFC4A6075-LeaderElection7] INFO  impl.RoleInfo (RoleInfo.java:updateAndGet(130)) - c7514957-7287-4cfe-8c11-55f780daee7f: start c7514957-7287-4cfe-8c11-55f780daee7f@group-9EECFC4A6075-FollowerState
2022-01-07 01:24:07,887 [grpc-default-executor-1] INFO  server.GrpcServerProtocolService (GrpcServerProtocolService.java:onCompleted(140)) - baceac6d-bbfe-42b4-9bde-396690ef56d9: Completed APPEND_ENTRIES, lastRequest: null
2022-01-07 01:24:07,891 [grpc-default-executor-0] INFO  server.GrpcLogAppender (GrpcLogAppender.java:onCompleted(346)) - 18b95dfb-8ef7-4011-a842-0dc8d0be8521@group-9EECFC4A6075->baceac6d-bbfe-42b4-9bde-396690ef56d9-AppendLogResponseHandler: follower responses appendEntries COMPLETED
2022-01-07 01:24:07,891 [grpc-default-executor-2] INFO  server.GrpcServerProtocolService (GrpcServerProtocolService.java:onCompleted(140)) - c7514957-7287-4cfe-8c11-55f780daee7f: Completed APPEND_ENTRIES, lastRequest: null
2022-01-07 01:24:07,895 [grpc-default-executor-0] INFO  leader.FollowerInfo (FollowerInfoImpl.java:lambda$new$0(47)) - 18b95dfb-8ef7-4011-a842-0dc8d0be8521@group-9EECFC4A6075->baceac6d-bbfe-42b4-9bde-396690ef56d9: nextIndex: updateUnconditionally 0 -> 0
2022-01-07 01:24:07,895 [grpc-default-executor-2] INFO  server.GrpcLogAppender (GrpcLogAppender.java:onCompleted(346)) - 18b95dfb-8ef7-4011-a842-0dc8d0be8521@group-9EECFC4A6075->c7514957-7287-4cfe-8c11-55f780daee7f-AppendLogResponseHandler: follower responses appendEntries COMPLETED
2022-01-07 01:24:07,896 [grpc-default-executor-2] INFO  leader.FollowerInfo (FollowerInfoImpl.java:lambda$new$0(47)) - 18b95dfb-8ef7-4011-a842-0dc8d0be8521@group-9EECFC4A6075->c7514957-7287-4cfe-8c11-55f780daee7f: nextIndex: updateUnconditionally 0 -> 0
2022-01-07 01:24:08,354 [Listener at 127.0.0.1/40673] INFO  ozone.MiniOzoneClusterImpl (MiniOzoneClusterImpl.java:lambda$waitForClusterToBeReady$0(235)) - Nodes are ready. Got 3 of 3 DN Heartbeats.
2022-01-07 01:24:08,354 [Listener at 127.0.0.1/40673] INFO  ozone.MiniOzoneClusterImpl (MiniOzoneClusterImpl.java:lambda$waitForClusterToBeReady$0(238)) - Cluster exits safe mode
2022-01-07 01:24:08,354 [Listener at 127.0.0.1/40673] INFO  ozone.MiniOzoneClusterImpl (MiniOzoneClusterImpl.java:lambda$waitForClusterToBeReady$0(240)) - SCM became leader
2022-01-07 01:24:08,606 [Listener at 127.0.0.1/40673] INFO  rpc.RpcClient (RpcClient.java:createVolume(389)) - Creating Volume: testcontainerstatemachinefailures, with runner as owner and space quota set to -1 bytes, counts quota set to -1
2022-01-07 01:24:08,900 [OM StateMachine ApplyTransaction Thread - 0] INFO  volume.OMVolumeCreateRequest (OMVolumeCreateRequest.java:validateAndUpdateCache(195)) - created volume:testcontainerstatemachinefailures for user:runner
2022-01-07 01:24:08,921 [Listener at 127.0.0.1/40673] INFO  rpc.RpcClient (RpcClient.java:createBucket(552)) - Creating Bucket: testcontainerstatemachinefailures/testcontainerstatemachinefailures, with runner as owner and Versioning false and Storage Type set to DISK and Encryption set to false 
2022-01-07 01:24:09,035 [IPC Server handler 14 on default port 44905] INFO  ha.SequenceIdGenerator (SequenceIdGenerator.java:getNextId(127)) - Allocate a batch for containerId, change lastId from 0 to 1000.
2022-01-07 01:24:09,048 [IPC Server handler 14 on default port 44905] WARN  ha.SequenceIdGenerator (SequenceIdGenerator.java:allocateBatch(235)) - Failed to allocate a batch for localId, expected lastId is 0, actual lastId is 109611004723200000.
2022-01-07 01:24:09,048 [IPC Server handler 14 on default port 44905] INFO  ha.SequenceIdGenerator (SequenceIdGenerator.java:getNextId(127)) - Allocate a batch for localId, change lastId from 109611004723200000 to 109611004723201000.
2022-01-07 01:24:09,128 [Listener at 127.0.0.1/40673] INFO  impl.MetricsSystemImpl (MetricsSystemImpl.java:init(158)) - XceiverClientMetrics metrics system started (again)
]]></system-out>
  </testcase>
</testsuite>