<?xml version="1.0" encoding="UTF-8"?>
<testsuite xmlns:xsi="http://www.w3.org/2001/XMLSchema-instance" xsi:noNamespaceSchemaLocation="https://maven.apache.org/surefire/maven-surefire-plugin/xsd/surefire-test-report.xsd" name="org.apache.hadoop.hdds.scm.pipeline.TestSCMRestart" time="31.976" tests="1" errors="0" skipped="0" failures="1">
  <properties>
    <property name="awt.toolkit" value="sun.awt.X11.XToolkit"/>
    <property name="file.encoding.pkg" value="sun.io"/>
    <property name="java.specification.version" value="1.8"/>
    <property name="sun.cpu.isalist" value=""/>
    <property name="sun.jnu.encoding" value="ANSI_X3.4-1968"/>
    <property name="java.class.path" value="/github/workspace/mnt/ozone/hadoop-ozone/integration-test/target/test-classes:/github/workspace/mnt/ozone/hadoop-ozone/integration-test/target/classes:/home/user/.m2/repository/org/apache/hadoop/hadoop-ozone-common/1.1.0-SNAPSHOT/hadoop-ozone-common-1.1.0-SNAPSHOT.jar:/home/user/.m2/repository/org/apache/commons/commons-compress/1.4.1/commons-compress-1.4.1.jar:/home/user/.m2/repository/org/tukaani/xz/1.0/xz-1.0.jar:/home/user/.m2/repository/org/apache/hadoop/hadoop-hdds-common/1.1.0-SNAPSHOT/hadoop-hdds-common-1.1.0-SNAPSHOT.jar:/home/user/.m2/repository/org/apache/hadoop/hadoop-hdds-client/1.1.0-SNAPSHOT/hadoop-hdds-client-1.1.0-SNAPSHOT.jar:/home/user/.m2/repository/org/apache/hadoop/hadoop-ozone-interface-client/1.1.0-SNAPSHOT/hadoop-ozone-interface-client-1.1.0-SNAPSHOT.jar:/home/user/.m2/repository/org/apache/hadoop/hadoop-hdds-test-utils/1.1.0-SNAPSHOT/hadoop-hdds-test-utils-1.1.0-SNAPSHOT.jar:/home/user/.m2/repository/com/google/guava/guava/28.2-jre/guava-28.2-jre.jar:/home/user/.m2/repository/com/google/guava/failureaccess/1.0.1/failureaccess-1.0.1.jar:/home/user/.m2/repository/com/google/guava/listenablefuture/9999.0-empty-to-avoid-conflict-with-guava/listenablefuture-9999.0-empty-to-avoid-conflict-with-guava.jar:/home/user/.m2/repository/com/google/code/findbugs/jsr305/3.0.0/jsr305-3.0.0.jar:/home/user/.m2/repository/org/checkerframework/checker-qual/2.10.0/checker-qual-2.10.0.jar:/home/user/.m2/repository/com/google/errorprone/error_prone_annotations/2.2.0/error_prone_annotations-2.2.0.jar:/home/user/.m2/repository/com/google/j2objc/j2objc-annotations/1.3/j2objc-annotations-1.3.jar:/home/user/.m2/repository/commons-io/commons-io/2.5/commons-io-2.5.jar:/home/user/.m2/repository/commons-logging/commons-logging/1.2/commons-logging-1.2.jar:/home/user/.m2/repository/log4j/log4j/1.2.17/log4j-1.2.17.jar:/home/user/.m2/repository/org/slf4j/slf4j-api/1.7.30/slf4j-api-1.7.30.jar:/home/user/.m2/repository/org/apache/hadoop/hadoop-hdds-server-scm/1.1.0-SNAPSHOT/hadoop-hdds-server-scm-1.1.0-SNAPSHOT.jar:/home/user/.m2/repository/org/apache/hadoop/hadoop-hdds-container-service/1.1.0-SNAPSHOT/hadoop-hdds-container-service-1.1.0-SNAPSHOT.jar:/home/user/.m2/repository/org/apache/hadoop/hadoop-hdds-hadoop-dependency-server/1.1.0-SNAPSHOT/hadoop-hdds-hadoop-dependency-server-1.1.0-SNAPSHOT.jar:/home/user/.m2/repository/org/apache/hadoop/hadoop-hdfs/3.2.1/hadoop-hdfs-3.2.1.jar:/home/user/.m2/repository/org/apache/hadoop/hadoop-hdds-server-framework/1.1.0-SNAPSHOT/hadoop-hdds-server-framework-1.1.0-SNAPSHOT.jar:/home/user/.m2/repository/org/apache/hadoop/hadoop-hdds-interface-server/1.1.0-SNAPSHOT/hadoop-hdds-interface-server-1.1.0-SNAPSHOT.jar:/home/user/.m2/repository/org/apache/hadoop/hadoop-hdds-interface-admin/1.1.0-SNAPSHOT/hadoop-hdds-interface-admin-1.1.0-SNAPSHOT.jar:/home/user/.m2/repository/org/eclipse/jetty/jetty-servlet/9.4.34.v20201102/jetty-servlet-9.4.34.v20201102.jar:/home/user/.m2/repository/org/eclipse/jetty/jetty-security/9.4.34.v20201102/jetty-security-9.4.34.v20201102.jar:/home/user/.m2/repository/org/rocksdb/rocksdbjni/6.8.1/rocksdbjni-6.8.1.jar:/home/user/.m2/repository/io/prometheus/simpleclient_dropwizard/0.7.0/simpleclient_dropwizard-0.7.0.jar:/home/user/.m2/repository/io/prometheus/simpleclient/0.7.0/simpleclient-0.7.0.jar:/home/user/.m2/repository/io/prometheus/simpleclient_common/0.7.0/simpleclient_common-0.7.0.jar:/home/user/.m2/repository/com/fasterxml/jackson/datatype/jackson-datatype-jsr310/2.10.3/jackson-datatype-jsr310-2.10.3.jar:/home/user/.m2/repository/io/dropwizard/metrics/metrics-core/3.2.4/metrics-core-3.2.4.jar:/home/user/.m2/repository/org/apache/hadoop/hadoop-hdfs-client/3.2.1/hadoop-hdfs-client-3.2.1.jar:/home/user/.m2/repository/org/bouncycastle/bcprov-jdk15on/1.67/bcprov-jdk15on-1.67.jar:/home/user/.m2/repository/org/apache/hadoop/hadoop-ozone-ozone-manager/1.1.0-SNAPSHOT/hadoop-ozone-ozone-manager-1.1.0-SNAPSHOT.jar:/home/user/.m2/repository/org/apache/hadoop/hadoop-hdds-interface-client/1.1.0-SNAPSHOT/hadoop-hdds-interface-client-1.1.0-SNAPSHOT.jar:/home/user/.m2/repository/org/apache/ratis/ratis-thirdparty-misc/0.6.0-SNAPSHOT/ratis-thirdparty-misc-0.6.0-SNAPSHOT.jar:/home/user/.m2/repository/org/apache/hadoop/hadoop-ozone-interface-storage/1.1.0-SNAPSHOT/hadoop-ozone-interface-storage-1.1.0-SNAPSHOT.jar:/home/user/.m2/repository/org/apache/hadoop/hadoop-minikdc/3.2.1/hadoop-minikdc-3.2.1.jar:/home/user/.m2/repository/org/apache/kerby/kerb-simplekdc/1.0.1/kerb-simplekdc-1.0.1.jar:/home/user/.m2/repository/org/apache/kerby/kerb-client/1.0.1/kerb-client-1.0.1.jar:/home/user/.m2/repository/org/apache/kerby/kerby-config/1.0.1/kerby-config-1.0.1.jar:/home/user/.m2/repository/org/apache/kerby/kerb-core/1.0.1/kerb-core-1.0.1.jar:/home/user/.m2/repository/org/apache/kerby/kerby-pkix/1.0.1/kerby-pkix-1.0.1.jar:/home/user/.m2/repository/org/apache/kerby/kerby-asn1/1.0.1/kerby-asn1-1.0.1.jar:/home/user/.m2/repository/org/apache/kerby/kerby-util/1.0.1/kerby-util-1.0.1.jar:/home/user/.m2/repository/org/apache/kerby/kerb-common/1.0.1/kerb-common-1.0.1.jar:/home/user/.m2/repository/org/apache/kerby/kerb-crypto/1.0.1/kerb-crypto-1.0.1.jar:/home/user/.m2/repository/org/apache/kerby/kerb-util/1.0.1/kerb-util-1.0.1.jar:/home/user/.m2/repository/org/apache/kerby/token-provider/1.0.1/token-provider-1.0.1.jar:/home/user/.m2/repository/org/apache/kerby/kerb-admin/1.0.1/kerb-admin-1.0.1.jar:/home/user/.m2/repository/org/apache/kerby/kerb-server/1.0.1/kerb-server-1.0.1.jar:/home/user/.m2/repository/org/apache/kerby/kerb-identity/1.0.1/kerb-identity-1.0.1.jar:/home/user/.m2/repository/org/apache/kerby/kerby-xdr/1.0.1/kerby-xdr-1.0.1.jar:/home/user/.m2/repository/org/slf4j/slf4j-log4j12/1.7.30/slf4j-log4j12-1.7.30.jar:/home/user/.m2/repository/org/apache/hadoop/hadoop-ozone-s3gateway/1.1.0-SNAPSHOT/hadoop-ozone-s3gateway-1.1.0-SNAPSHOT.jar:/home/user/.m2/repository/org/jboss/weld/servlet/weld-servlet/2.4.7.Final/weld-servlet-2.4.7.Final.jar:/home/user/.m2/repository/org/glassfish/jersey/containers/jersey-container-servlet-core/2.27/jersey-container-servlet-core-2.27.jar:/home/user/.m2/repository/org/glassfish/hk2/external/javax.inject/2.5.0-b42/javax.inject-2.5.0-b42.jar:/home/user/.m2/repository/org/glassfish/jersey/core/jersey-common/2.27/jersey-common-2.27.jar:/home/user/.m2/repository/org/glassfish/hk2/osgi-resource-locator/1.0.1/osgi-resource-locator-1.0.1.jar:/home/user/.m2/repository/javax/ws/rs/javax.ws.rs-api/2.1/javax.ws.rs-api-2.1.jar:/home/user/.m2/repository/org/glassfish/jersey/ext/cdi/jersey-cdi1x/2.27/jersey-cdi1x-2.27.jar:/home/user/.m2/repository/org/glassfish/jersey/inject/jersey-hk2/2.27/jersey-hk2-2.27.jar:/home/user/.m2/repository/org/glassfish/hk2/hk2-locator/2.5.0-b42/hk2-locator-2.5.0-b42.jar:/home/user/.m2/repository/org/javassist/javassist/3.22.0-CR2/javassist-3.22.0-CR2.jar:/home/user/.m2/repository/org/glassfish/hk2/hk2-api/2.5.0/hk2-api-2.5.0.jar:/home/user/.m2/repository/org/glassfish/hk2/external/jakarta.inject/2.5.0/jakarta.inject-2.5.0.jar:/home/user/.m2/repository/org/glassfish/hk2/hk2-utils/2.5.0/hk2-utils-2.5.0.jar:/home/user/.m2/repository/jakarta/annotation/jakarta.annotation-api/1.3.4/jakarta.annotation-api-1.3.4.jar:/home/user/.m2/repository/org/glassfish/hk2/external/aopalliance-repackaged/2.5.0/aopalliance-repackaged-2.5.0.jar:/home/user/.m2/repository/com/fasterxml/jackson/dataformat/jackson-dataformat-xml/2.10.3/jackson-dataformat-xml-2.10.3.jar:/home/user/.m2/repository/com/fasterxml/jackson/core/jackson-core/2.10.3/jackson-core-2.10.3.jar:/home/user/.m2/repository/com/fasterxml/jackson/module/jackson-module-jaxb-annotations/2.10.3/jackson-module-jaxb-annotations-2.10.3.jar:/home/user/.m2/repository/jakarta/xml/bind/jakarta.xml.bind-api/2.3.2/jakarta.xml.bind-api-2.3.2.jar:/home/user/.m2/repository/jakarta/activation/jakarta.activation-api/1.2.1/jakarta.activation-api-1.2.1.jar:/home/user/.m2/repository/org/codehaus/woodstox/stax2-api/3.1.4/stax2-api-3.1.4.jar:/home/user/.m2/repository/com/fasterxml/woodstox/woodstox-core/5.0.3/woodstox-core-5.0.3.jar:/home/user/.m2/repository/javax/enterprise/cdi-api/1.2/cdi-api-1.2.jar:/home/user/.m2/repository/javax/el/javax.el-api/3.0.0/javax.el-api-3.0.0.jar:/home/user/.m2/repository/javax/interceptor/javax.interceptor-api/1.2/javax.interceptor-api-1.2.jar:/home/user/.m2/repository/javax/inject/javax.inject/1/javax.inject-1.jar:/home/user/.m2/repository/com/sun/xml/bind/jaxb-impl/2.3.0.1/jaxb-impl-2.3.0.1.jar:/home/user/.m2/repository/com/sun/xml/bind/jaxb-core/2.3.0.1/jaxb-core-2.3.0.1.jar:/home/user/.m2/repository/javax/xml/bind/jaxb-api/2.3.0/jaxb-api-2.3.0.jar:/home/user/.m2/repository/javax/activation/activation/1.1.1/activation-1.1.1.jar:/home/user/.m2/repository/org/apache/hadoop/hadoop-ozone-csi/1.1.0-SNAPSHOT/hadoop-ozone-csi-1.1.0-SNAPSHOT.jar:/home/user/.m2/repository/com/google/protobuf/protobuf-java-util/3.11.0/protobuf-java-util-3.11.0.jar:/home/user/.m2/repository/com/google/code/gson/gson/2.2.4/gson-2.2.4.jar:/home/user/.m2/repository/org/apache/hadoop/hadoop-hdds-config/1.1.0-SNAPSHOT/hadoop-hdds-config-1.1.0-SNAPSHOT.jar:/home/user/.m2/repository/com/google/protobuf/protobuf-java/2.5.0/protobuf-java-2.5.0.jar:/home/user/.m2/repository/io/grpc/grpc-netty/1.29.0/grpc-netty-1.29.0.jar:/home/user/.m2/repository/io/grpc/grpc-core/1.29.0/grpc-core-1.29.0.jar:/home/user/.m2/repository/com/google/android/annotations/4.1.1.4/annotations-4.1.1.4.jar:/home/user/.m2/repository/io/perfmark/perfmark-api/0.19.0/perfmark-api-0.19.0.jar:/home/user/.m2/repository/io/netty/netty-codec-http2/4.1.48.Final/netty-codec-http2-4.1.48.Final.jar:/home/user/.m2/repository/io/netty/netty-codec/4.1.48.Final/netty-codec-4.1.48.Final.jar:/home/user/.m2/repository/io/netty/netty-handler/4.1.48.Final/netty-handler-4.1.48.Final.jar:/home/user/.m2/repository/io/netty/netty-codec-http/4.1.48.Final/netty-codec-http-4.1.48.Final.jar:/home/user/.m2/repository/io/netty/netty-handler-proxy/4.1.48.Final/netty-handler-proxy-4.1.48.Final.jar:/home/user/.m2/repository/io/netty/netty-codec-socks/4.1.48.Final/netty-codec-socks-4.1.48.Final.jar:/home/user/.m2/repository/io/netty/netty-transport-native-epoll/4.1.48.Final/netty-transport-native-epoll-4.1.48.Final.jar:/home/user/.m2/repository/io/netty/netty-common/4.1.48.Final/netty-common-4.1.48.Final.jar:/home/user/.m2/repository/io/netty/netty-buffer/4.1.48.Final/netty-buffer-4.1.48.Final.jar:/home/user/.m2/repository/io/netty/netty-transport/4.1.48.Final/netty-transport-4.1.48.Final.jar:/home/user/.m2/repository/io/netty/netty-resolver/4.1.48.Final/netty-resolver-4.1.48.Final.jar:/home/user/.m2/repository/io/netty/netty-transport-native-unix-common/4.1.48.Final/netty-transport-native-unix-common-4.1.48.Final.jar:/home/user/.m2/repository/io/grpc/grpc-protobuf/1.29.0/grpc-protobuf-1.29.0.jar:/home/user/.m2/repository/io/grpc/grpc-api/1.29.0/grpc-api-1.29.0.jar:/home/user/.m2/repository/io/grpc/grpc-context/1.29.0/grpc-context-1.29.0.jar:/home/user/.m2/repository/org/codehaus/mojo/animal-sniffer-annotations/1.18/animal-sniffer-annotations-1.18.jar:/home/user/.m2/repository/com/google/api/grpc/proto-google-common-protos/1.17.0/proto-google-common-protos-1.17.0.jar:/home/user/.m2/repository/io/grpc/grpc-protobuf-lite/1.29.0/grpc-protobuf-lite-1.29.0.jar:/home/user/.m2/repository/io/grpc/grpc-stub/1.29.0/grpc-stub-1.29.0.jar:/home/user/.m2/repository/org/apache/hadoop/hadoop-ozone-recon/1.1.0-SNAPSHOT/hadoop-ozone-recon-1.1.0-SNAPSHOT.jar:/home/user/.m2/repository/org/apache/hadoop/hadoop-ozone-reconcodegen/1.1.0-SNAPSHOT/hadoop-ozone-reconcodegen-1.1.0-SNAPSHOT.jar:/home/user/.m2/repository/com/google/inject/extensions/guice-multibindings/4.0/guice-multibindings-4.0.jar:/home/user/.m2/repository/com/google/inject/guice/4.0/guice-4.0.jar:/home/user/.m2/repository/aopalliance/aopalliance/1.0/aopalliance-1.0.jar:/home/user/.m2/repository/com/google/inject/extensions/guice-assistedinject/4.0/guice-assistedinject-4.0.jar:/home/user/.m2/repository/com/google/inject/extensions/guice-servlet/4.0/guice-servlet-4.0.jar:/home/user/.m2/repository/org/glassfish/jersey/containers/jersey-container-servlet/2.27/jersey-container-servlet-2.27.jar:/home/user/.m2/repository/org/glassfish/hk2/guice-bridge/2.5.0/guice-bridge-2.5.0.jar:/home/user/.m2/repository/org/glassfish/jersey/core/jersey-server/2.27/jersey-server-2.27.jar:/home/user/.m2/repository/org/glassfish/jersey/core/jersey-client/2.27/jersey-client-2.27.jar:/home/user/.m2/repository/org/glassfish/jersey/media/jersey-media-jaxb/2.27/jersey-media-jaxb-2.27.jar:/home/user/.m2/repository/javax/validation/validation-api/1.1.0.Final/validation-api-1.1.0.Final.jar:/home/user/.m2/repository/org/glassfish/jersey/media/jersey-media-json-jackson/2.27/jersey-media-json-jackson-2.27.jar:/home/user/.m2/repository/org/glassfish/jersey/ext/jersey-entity-filtering/2.27/jersey-entity-filtering-2.27.jar:/home/user/.m2/repository/org/jooq/jooq/3.11.10/jooq-3.11.10.jar:/home/user/.m2/repository/org/jooq/jooq-meta/3.11.10/jooq-meta-3.11.10.jar:/home/user/.m2/repository/org/jooq/jooq-codegen/3.11.10/jooq-codegen-3.11.10.jar:/home/user/.m2/repository/com/jolbox/bonecp/0.8.0.RELEASE/bonecp-0.8.0.RELEASE.jar:/home/user/.m2/repository/org/apache/derby/derby/10.14.2.0/derby-10.14.2.0.jar:/home/user/.m2/repository/org/xerial/sqlite-jdbc/3.25.2/sqlite-jdbc-3.25.2.jar:/home/user/.m2/repository/org/springframework/spring-jdbc/5.2.11.RELEASE/spring-jdbc-5.2.11.RELEASE.jar:/home/user/.m2/repository/org/springframework/spring-beans/5.2.11.RELEASE/spring-beans-5.2.11.RELEASE.jar:/home/user/.m2/repository/org/springframework/spring-core/5.2.11.RELEASE/spring-core-5.2.11.RELEASE.jar:/home/user/.m2/repository/org/springframework/spring-jcl/5.2.11.RELEASE/spring-jcl-5.2.11.RELEASE.jar:/home/user/.m2/repository/org/springframework/spring-tx/5.2.11.RELEASE/spring-tx-5.2.11.RELEASE.jar:/home/user/.m2/repository/org/apache/hadoop/hadoop-ozone-client/1.1.0-SNAPSHOT/hadoop-ozone-client-1.1.0-SNAPSHOT.jar:/home/user/.m2/repository/org/apache/hadoop/hadoop-ozone-filesystem/1.1.0-SNAPSHOT/hadoop-ozone-filesystem-1.1.0-SNAPSHOT.jar:/home/user/.m2/repository/org/apache/hadoop/hadoop-ozone-filesystem-common/1.1.0-SNAPSHOT/hadoop-ozone-filesystem-common-1.1.0-SNAPSHOT.jar:/home/user/.m2/repository/org/apache/hadoop/hadoop-ozone-tools/1.1.0-SNAPSHOT/hadoop-ozone-tools-1.1.0-SNAPSHOT.jar:/home/user/.m2/repository/org/apache/ratis/ratis-tools/1.1.0-35f17fa-SNAPSHOT/ratis-tools-1.1.0-35f17fa-SNAPSHOT.jar:/home/user/.m2/repository/org/apache/ratis/ratis-proto/1.1.0-35f17fa-SNAPSHOT/ratis-proto-1.1.0-35f17fa-SNAPSHOT.jar:/home/user/.m2/repository/org/apache/ratis/ratis-common/1.1.0-35f17fa-SNAPSHOT/ratis-common-1.1.0-35f17fa-SNAPSHOT.jar:/home/user/.m2/repository/com/amazonaws/aws-java-sdk-core/1.11.901/aws-java-sdk-core-1.11.901.jar:/home/user/.m2/repository/org/apache/httpcomponents/httpclient/4.5.13/httpclient-4.5.13.jar:/home/user/.m2/repository/org/apache/httpcomponents/httpcore/4.4.13/httpcore-4.4.13.jar:/home/user/.m2/repository/software/amazon/ion/ion-java/1.0.2/ion-java-1.0.2.jar:/home/user/.m2/repository/com/fasterxml/jackson/dataformat/jackson-dataformat-cbor/2.10.3/jackson-dataformat-cbor-2.10.3.jar:/home/user/.m2/repository/joda-time/joda-time/2.8.1/joda-time-2.8.1.jar:/home/user/.m2/repository/com/amazonaws/aws-java-sdk-s3/1.11.901/aws-java-sdk-s3-1.11.901.jar:/home/user/.m2/repository/com/amazonaws/aws-java-sdk-kms/1.11.901/aws-java-sdk-kms-1.11.901.jar:/home/user/.m2/repository/com/amazonaws/jmespath-java/1.11.901/jmespath-java-1.11.901.jar:/home/user/.m2/repository/org/kohsuke/metainf-services/metainf-services/1.8/metainf-services-1.8.jar:/home/user/.m2/repository/org/apache/hadoop/hadoop-hdds-tools/1.1.0-SNAPSHOT/hadoop-hdds-tools-1.1.0-SNAPSHOT.jar:/home/user/.m2/repository/commons-cli/commons-cli/1.2/commons-cli-1.2.jar:/home/user/.m2/repository/org/apache/commons/commons-lang3/3.7/commons-lang3-3.7.jar:/home/user/.m2/repository/org/apache/hadoop/hadoop-ozone-ozone-manager/1.1.0-SNAPSHOT/hadoop-ozone-ozone-manager-1.1.0-SNAPSHOT-tests.jar:/home/user/.m2/repository/org/apache/hadoop/hadoop-hdds-common/1.1.0-SNAPSHOT/hadoop-hdds-common-1.1.0-SNAPSHOT-tests.jar:/home/user/.m2/repository/org/apache/hadoop/hadoop-hdds-hadoop-dependency-client/1.1.0-SNAPSHOT/hadoop-hdds-hadoop-dependency-client-1.1.0-SNAPSHOT.jar:/home/user/.m2/repository/info/picocli/picocli/4.4.0/picocli-4.4.0.jar:/home/user/.m2/repository/com/fasterxml/jackson/core/jackson-annotations/2.10.3/jackson-annotations-2.10.3.jar:/home/user/.m2/repository/javax/annotation/javax.annotation-api/1.2/javax.annotation-api-1.2.jar:/home/user/.m2/repository/org/fusesource/leveldbjni/leveldbjni-all/1.8/leveldbjni-all-1.8.jar:/home/user/.m2/repository/org/apache/ratis/ratis-server/1.1.0-35f17fa-SNAPSHOT/ratis-server-1.1.0-35f17fa-SNAPSHOT.jar:/home/user/.m2/repository/org/apache/ratis/ratis-client/1.1.0-35f17fa-SNAPSHOT/ratis-client-1.1.0-35f17fa-SNAPSHOT.jar:/home/user/.m2/repository/org/apache/ratis/ratis-server-api/1.1.0-35f17fa-SNAPSHOT/ratis-server-api-1.1.0-35f17fa-SNAPSHOT.jar:/home/user/.m2/repository/org/apache/ratis/ratis-metrics/1.1.0-35f17fa-SNAPSHOT/ratis-metrics-1.1.0-35f17fa-SNAPSHOT.jar:/home/user/.m2/repository/org/apache/ratis/ratis-netty/1.1.0-35f17fa-SNAPSHOT/ratis-netty-1.1.0-35f17fa-SNAPSHOT.jar:/home/user/.m2/repository/org/apache/ratis/ratis-grpc/1.1.0-35f17fa-SNAPSHOT/ratis-grpc-1.1.0-35f17fa-SNAPSHOT.jar:/home/user/.m2/repository/org/apache/logging/log4j/log4j-api/2.13.3/log4j-api-2.13.3.jar:/home/user/.m2/repository/org/apache/logging/log4j/log4j-core/2.13.3/log4j-core-2.13.3.jar:/home/user/.m2/repository/com/lmax/disruptor/3.4.2/disruptor-3.4.2.jar:/home/user/.m2/repository/org/apache/commons/commons-pool2/2.6.0/commons-pool2-2.6.0.jar:/home/user/.m2/repository/org/bouncycastle/bcpkix-jdk15on/1.67/bcpkix-jdk15on-1.67.jar:/home/user/.m2/repository/commons-validator/commons-validator/1.6/commons-validator-1.6.jar:/home/user/.m2/repository/commons-beanutils/commons-beanutils/1.9.4/commons-beanutils-1.9.4.jar:/home/user/.m2/repository/commons-digester/commons-digester/1.8.1/commons-digester-1.8.1.jar:/home/user/.m2/repository/commons-collections/commons-collections/3.2.2/commons-collections-3.2.2.jar:/home/user/.m2/repository/io/jaegertracing/jaeger-client/1.2.0/jaeger-client-1.2.0.jar:/home/user/.m2/repository/io/jaegertracing/jaeger-thrift/1.2.0/jaeger-thrift-1.2.0.jar:/home/user/.m2/repository/org/apache/thrift/libthrift/0.13.0/libthrift-0.13.0.jar:/home/user/.m2/repository/com/squareup/okhttp3/okhttp/4.2.2/okhttp-4.2.2.jar:/home/user/.m2/repository/com/squareup/okio/okio/2.2.2/okio-2.2.2.jar:/home/user/.m2/repository/org/jetbrains/kotlin/kotlin-stdlib/1.3.50/kotlin-stdlib-1.3.50.jar:/home/user/.m2/repository/org/jetbrains/kotlin/kotlin-stdlib-common/1.3.50/kotlin-stdlib-common-1.3.50.jar:/home/user/.m2/repository/org/jetbrains/annotations/13.0/annotations-13.0.jar:/home/user/.m2/repository/io/jaegertracing/jaeger-core/1.2.0/jaeger-core-1.2.0.jar:/home/user/.m2/repository/io/jaegertracing/jaeger-tracerresolver/1.2.0/jaeger-tracerresolver-1.2.0.jar:/home/user/.m2/repository/io/opentracing/contrib/opentracing-tracerresolver/0.1.8/opentracing-tracerresolver-0.1.8.jar:/home/user/.m2/repository/io/opentracing/opentracing-util/0.33.0/opentracing-util-0.33.0.jar:/home/user/.m2/repository/io/opentracing/opentracing-api/0.33.0/opentracing-api-0.33.0.jar:/home/user/.m2/repository/io/opentracing/opentracing-noop/0.33.0/opentracing-noop-0.33.0.jar:/home/user/.m2/repository/org/yaml/snakeyaml/1.26/snakeyaml-1.26.jar:/home/user/.m2/repository/junit/junit/4.11/junit-4.11.jar:/home/user/.m2/repository/org/hamcrest/hamcrest-core/1.3/hamcrest-core-1.3.jar:/home/user/.m2/repository/org/openjdk/jmh/jmh-core/1.19/jmh-core-1.19.jar:/home/user/.m2/repository/net/sf/jopt-simple/jopt-simple/4.6/jopt-simple-4.6.jar:/home/user/.m2/repository/org/apache/commons/commons-math3/3.1.1/commons-math3-3.1.1.jar:/home/user/.m2/repository/org/openjdk/jmh/jmh-generator-annprocess/1.19/jmh-generator-annprocess-1.19.jar:/home/user/.m2/repository/org/mockito/mockito-all/1.8.5/mockito-all-1.8.5.jar:/home/user/.m2/repository/org/apache/hadoop/hadoop-kms/3.2.1/hadoop-kms-3.2.1.jar:/home/user/.m2/repository/org/apache/hadoop/hadoop-auth/3.2.1/hadoop-auth-3.2.1.jar:/home/user/.m2/repository/com/nimbusds/nimbus-jose-jwt/7.9/nimbus-jose-jwt-7.9.jar:/home/user/.m2/repository/com/github/stephenc/jcip/jcip-annotations/1.0-1/jcip-annotations-1.0-1.jar:/home/user/.m2/repository/net/minidev/json-smart/2.3/json-smart-2.3.jar:/home/user/.m2/repository/net/minidev/accessors-smart/1.2/accessors-smart-1.2.jar:/home/user/.m2/repository/org/ow2/asm/asm/5.0.4/asm-5.0.4.jar:/home/user/.m2/repository/org/apache/zookeeper/zookeeper/3.4.13/zookeeper-3.4.13.jar:/home/user/.m2/repository/org/apache/yetus/audience-annotations/0.5.0/audience-annotations-0.5.0.jar:/home/user/.m2/repository/org/apache/curator/curator-framework/2.13.0/curator-framework-2.13.0.jar:/home/user/.m2/repository/com/sun/jersey/jersey-core/1.19/jersey-core-1.19.jar:/home/user/.m2/repository/javax/ws/rs/jsr311-api/1.1.1/jsr311-api-1.1.1.jar:/home/user/.m2/repository/com/sun/jersey/jersey-server/1.19/jersey-server-1.19.jar:/home/user/.m2/repository/javax/servlet/javax.servlet-api/3.1.0/javax.servlet-api-3.1.0.jar:/home/user/.m2/repository/org/eclipse/jetty/jetty-server/9.4.34.v20201102/jetty-server-9.4.34.v20201102.jar:/home/user/.m2/repository/org/eclipse/jetty/jetty-http/9.4.34.v20201102/jetty-http-9.4.34.v20201102.jar:/home/user/.m2/repository/org/eclipse/jetty/jetty-io/9.4.34.v20201102/jetty-io-9.4.34.v20201102.jar:/home/user/.m2/repository/org/eclipse/jetty/jetty-webapp/9.4.34.v20201102/jetty-webapp-9.4.34.v20201102.jar:/home/user/.m2/repository/org/eclipse/jetty/jetty-xml/9.4.34.v20201102/jetty-xml-9.4.34.v20201102.jar:/home/user/.m2/repository/org/apache/hadoop/hadoop-common/3.2.1/hadoop-common-3.2.1.jar:/home/user/.m2/repository/commons-net/commons-net/3.6/commons-net-3.6.jar:/home/user/.m2/repository/com/sun/jersey/jersey-servlet/1.19/jersey-servlet-1.19.jar:/home/user/.m2/repository/com/sun/jersey/jersey-json/1.19/jersey-json-1.19.jar:/home/user/.m2/repository/org/codehaus/jettison/jettison/1.1/jettison-1.1.jar:/home/user/.m2/repository/org/codehaus/jackson/jackson-jaxrs/1.9.2/jackson-jaxrs-1.9.2.jar:/home/user/.m2/repository/org/codehaus/jackson/jackson-xc/1.9.2/jackson-xc-1.9.2.jar:/home/user/.m2/repository/org/apache/commons/commons-configuration2/2.1.1/commons-configuration2-2.1.1.jar:/home/user/.m2/repository/org/apache/commons/commons-text/1.4/commons-text-1.4.jar:/home/user/.m2/repository/com/google/re2j/re2j/1.1/re2j-1.1.jar:/home/user/.m2/repository/com/jcraft/jsch/0.1.54/jsch-0.1.54.jar:/home/user/.m2/repository/org/apache/curator/curator-client/2.13.0/curator-client-2.13.0.jar:/home/user/.m2/repository/org/apache/curator/curator-recipes/2.13.0/curator-recipes-2.13.0.jar:/home/user/.m2/repository/dnsjava/dnsjava/2.1.7/dnsjava-2.1.7.jar:/home/user/.m2/repository/org/slf4j/jul-to-slf4j/1.7.30/jul-to-slf4j-1.7.30.jar:/home/user/.m2/repository/org/eclipse/jetty/jetty-util/9.4.34.v20201102/jetty-util-9.4.34.v20201102.jar:/home/user/.m2/repository/com/fasterxml/jackson/core/jackson-databind/2.10.3/jackson-databind-2.10.3.jar:/home/user/.m2/repository/org/apache/hadoop/hadoop-kms/3.2.1/hadoop-kms-3.2.1-tests.jar:/home/user/.m2/repository/org/apache/hadoop/hadoop-hdds-server-scm/1.1.0-SNAPSHOT/hadoop-hdds-server-scm-1.1.0-SNAPSHOT-tests.jar:/home/user/.m2/repository/org/apache/hadoop/hadoop-hdds-container-service/1.1.0-SNAPSHOT/hadoop-hdds-container-service-1.1.0-SNAPSHOT-tests.jar:/home/user/.m2/repository/commons-codec/commons-codec/1.11/commons-codec-1.11.jar:/home/user/.m2/repository/org/apache/hadoop/hadoop-hdds-hadoop-dependency-test/1.1.0-SNAPSHOT/hadoop-hdds-hadoop-dependency-test-1.1.0-SNAPSHOT.jar:/home/user/.m2/repository/org/apache/hadoop/hadoop-common/3.2.1/hadoop-common-3.2.1-tests.jar:/home/user/.m2/repository/org/apache/hadoop/hadoop-hdfs/3.2.1/hadoop-hdfs-3.2.1-tests.jar:/home/user/.m2/repository/org/eclipse/jetty/jetty-util-ajax/9.4.34.v20201102/jetty-util-ajax-9.4.34.v20201102.jar:/home/user/.m2/repository/commons-daemon/commons-daemon/1.0.13/commons-daemon-1.0.13.jar:/home/user/.m2/repository/io/netty/netty/3.10.5.Final/netty-3.10.5.Final.jar:/home/user/.m2/repository/io/netty/netty-all/4.1.48.Final/netty-all-4.1.48.Final.jar:/home/user/.m2/repository/org/apache/htrace/htrace-core4/4.1.0-incubating/htrace-core4-4.1.0-incubating.jar:/home/user/.m2/repository/org/apache/hadoop/hadoop-distcp/3.2.1/hadoop-distcp-3.2.1.jar:/home/user/.m2/repository/org/apache/hadoop/hadoop-mapreduce-client-jobclient/3.2.1/hadoop-mapreduce-client-jobclient-3.2.1.jar:/home/user/.m2/repository/org/apache/hadoop/hadoop-mapreduce-client-common/3.2.1/hadoop-mapreduce-client-common-3.2.1.jar:/home/user/.m2/repository/org/apache/hadoop/hadoop-yarn-common/3.2.1/hadoop-yarn-common-3.2.1.jar:/home/user/.m2/repository/org/apache/hadoop/hadoop-yarn-api/3.2.1/hadoop-yarn-api-3.2.1.jar:/home/user/.m2/repository/com/sun/jersey/jersey-client/1.19/jersey-client-1.19.jar:/home/user/.m2/repository/com/sun/jersey/contribs/jersey-guice/1.19/jersey-guice-1.19.jar:/home/user/.m2/repository/com/fasterxml/jackson/jaxrs/jackson-jaxrs-json-provider/2.10.3/jackson-jaxrs-json-provider-2.10.3.jar:/home/user/.m2/repository/com/fasterxml/jackson/jaxrs/jackson-jaxrs-base/2.10.3/jackson-jaxrs-base-2.10.3.jar:/home/user/.m2/repository/org/apache/hadoop/hadoop-yarn-client/3.2.1/hadoop-yarn-client-3.2.1.jar:/home/user/.m2/repository/org/apache/hadoop/hadoop-mapreduce-client-core/3.2.1/hadoop-mapreduce-client-core-3.2.1.jar:/home/user/.m2/repository/org/apache/avro/avro/1.7.7/avro-1.7.7.jar:/home/user/.m2/repository/org/codehaus/jackson/jackson-core-asl/1.9.13/jackson-core-asl-1.9.13.jar:/home/user/.m2/repository/org/codehaus/jackson/jackson-mapper-asl/1.9.13/jackson-mapper-asl-1.9.13.jar:/home/user/.m2/repository/com/thoughtworks/paranamer/paranamer/2.3/paranamer-2.3.jar:/home/user/.m2/repository/org/xerial/snappy/snappy-java/1.0.5/snappy-java-1.0.5.jar:/home/user/.m2/repository/org/apache/hadoop/hadoop-annotations/3.2.1/hadoop-annotations-3.2.1.jar:/usr/lib/jvm/java-1.8.0-openjdk-1.8.0.232.b09-0.el7_7.x86_64/jre/../lib/tools.jar:/home/user/.m2/repository/org/apache/hadoop/hadoop-distcp/3.2.1/hadoop-distcp-3.2.1-tests.jar:"/>
    <property name="java.vm.vendor" value="Oracle Corporation"/>
    <property name="sun.arch.data.model" value="64"/>
    <property name="test.build.dir" value="/github/workspace/mnt/ozone/hadoop-ozone/integration-test/target/test-dir"/>
    <property name="test.cache.data" value=""/>
    <property name="java.vendor.url" value="http://java.oracle.com/"/>
    <property name="user.timezone" value=""/>
    <property name="java.vm.specification.version" value="1.8"/>
    <property name="os.name" value="Linux"/>
    <property name="test.build.data" value="/github/workspace/mnt/ozone/hadoop-ozone/integration-test/target/test-dir"/>
    <property name="user.country" value="US"/>
    <property name="sun.java.launcher" value="SUN_STANDARD"/>
    <property name="sun.boot.library.path" value="/usr/lib/jvm/java-1.8.0-openjdk-1.8.0.232.b09-0.el7_7.x86_64/jre/lib/amd64"/>
    <property name="sun.java.command" value="/github/workspace/mnt/ozone/hadoop-ozone/integration-test/target/surefire/surefirebooter4472836523039954455.jar /github/workspace/mnt/ozone/hadoop-ozone/integration-test/target/surefire 2021-01-12T13-29-43_962-jvmRun1 surefire7563037446417855877tmp surefire_294600410324504318370tmp"/>
    <property name="surefire.test.class.path" value="/github/workspace/mnt/ozone/hadoop-ozone/integration-test/target/test-classes:/github/workspace/mnt/ozone/hadoop-ozone/integration-test/target/classes:/home/user/.m2/repository/org/apache/hadoop/hadoop-ozone-common/1.1.0-SNAPSHOT/hadoop-ozone-common-1.1.0-SNAPSHOT.jar:/home/user/.m2/repository/org/apache/commons/commons-compress/1.4.1/commons-compress-1.4.1.jar:/home/user/.m2/repository/org/tukaani/xz/1.0/xz-1.0.jar:/home/user/.m2/repository/org/apache/hadoop/hadoop-hdds-common/1.1.0-SNAPSHOT/hadoop-hdds-common-1.1.0-SNAPSHOT.jar:/home/user/.m2/repository/org/apache/hadoop/hadoop-hdds-client/1.1.0-SNAPSHOT/hadoop-hdds-client-1.1.0-SNAPSHOT.jar:/home/user/.m2/repository/org/apache/hadoop/hadoop-ozone-interface-client/1.1.0-SNAPSHOT/hadoop-ozone-interface-client-1.1.0-SNAPSHOT.jar:/home/user/.m2/repository/org/apache/hadoop/hadoop-hdds-test-utils/1.1.0-SNAPSHOT/hadoop-hdds-test-utils-1.1.0-SNAPSHOT.jar:/home/user/.m2/repository/com/google/guava/guava/28.2-jre/guava-28.2-jre.jar:/home/user/.m2/repository/com/google/guava/failureaccess/1.0.1/failureaccess-1.0.1.jar:/home/user/.m2/repository/com/google/guava/listenablefuture/9999.0-empty-to-avoid-conflict-with-guava/listenablefuture-9999.0-empty-to-avoid-conflict-with-guava.jar:/home/user/.m2/repository/com/google/code/findbugs/jsr305/3.0.0/jsr305-3.0.0.jar:/home/user/.m2/repository/org/checkerframework/checker-qual/2.10.0/checker-qual-2.10.0.jar:/home/user/.m2/repository/com/google/errorprone/error_prone_annotations/2.2.0/error_prone_annotations-2.2.0.jar:/home/user/.m2/repository/com/google/j2objc/j2objc-annotations/1.3/j2objc-annotations-1.3.jar:/home/user/.m2/repository/commons-io/commons-io/2.5/commons-io-2.5.jar:/home/user/.m2/repository/commons-logging/commons-logging/1.2/commons-logging-1.2.jar:/home/user/.m2/repository/log4j/log4j/1.2.17/log4j-1.2.17.jar:/home/user/.m2/repository/org/slf4j/slf4j-api/1.7.30/slf4j-api-1.7.30.jar:/home/user/.m2/repository/org/apache/hadoop/hadoop-hdds-server-scm/1.1.0-SNAPSHOT/hadoop-hdds-server-scm-1.1.0-SNAPSHOT.jar:/home/user/.m2/repository/org/apache/hadoop/hadoop-hdds-container-service/1.1.0-SNAPSHOT/hadoop-hdds-container-service-1.1.0-SNAPSHOT.jar:/home/user/.m2/repository/org/apache/hadoop/hadoop-hdds-hadoop-dependency-server/1.1.0-SNAPSHOT/hadoop-hdds-hadoop-dependency-server-1.1.0-SNAPSHOT.jar:/home/user/.m2/repository/org/apache/hadoop/hadoop-hdfs/3.2.1/hadoop-hdfs-3.2.1.jar:/home/user/.m2/repository/org/apache/hadoop/hadoop-hdds-server-framework/1.1.0-SNAPSHOT/hadoop-hdds-server-framework-1.1.0-SNAPSHOT.jar:/home/user/.m2/repository/org/apache/hadoop/hadoop-hdds-interface-server/1.1.0-SNAPSHOT/hadoop-hdds-interface-server-1.1.0-SNAPSHOT.jar:/home/user/.m2/repository/org/apache/hadoop/hadoop-hdds-interface-admin/1.1.0-SNAPSHOT/hadoop-hdds-interface-admin-1.1.0-SNAPSHOT.jar:/home/user/.m2/repository/org/eclipse/jetty/jetty-servlet/9.4.34.v20201102/jetty-servlet-9.4.34.v20201102.jar:/home/user/.m2/repository/org/eclipse/jetty/jetty-security/9.4.34.v20201102/jetty-security-9.4.34.v20201102.jar:/home/user/.m2/repository/org/rocksdb/rocksdbjni/6.8.1/rocksdbjni-6.8.1.jar:/home/user/.m2/repository/io/prometheus/simpleclient_dropwizard/0.7.0/simpleclient_dropwizard-0.7.0.jar:/home/user/.m2/repository/io/prometheus/simpleclient/0.7.0/simpleclient-0.7.0.jar:/home/user/.m2/repository/io/prometheus/simpleclient_common/0.7.0/simpleclient_common-0.7.0.jar:/home/user/.m2/repository/com/fasterxml/jackson/datatype/jackson-datatype-jsr310/2.10.3/jackson-datatype-jsr310-2.10.3.jar:/home/user/.m2/repository/io/dropwizard/metrics/metrics-core/3.2.4/metrics-core-3.2.4.jar:/home/user/.m2/repository/org/apache/hadoop/hadoop-hdfs-client/3.2.1/hadoop-hdfs-client-3.2.1.jar:/home/user/.m2/repository/org/bouncycastle/bcprov-jdk15on/1.67/bcprov-jdk15on-1.67.jar:/home/user/.m2/repository/org/apache/hadoop/hadoop-ozone-ozone-manager/1.1.0-SNAPSHOT/hadoop-ozone-ozone-manager-1.1.0-SNAPSHOT.jar:/home/user/.m2/repository/org/apache/hadoop/hadoop-hdds-interface-client/1.1.0-SNAPSHOT/hadoop-hdds-interface-client-1.1.0-SNAPSHOT.jar:/home/user/.m2/repository/org/apache/ratis/ratis-thirdparty-misc/0.6.0-SNAPSHOT/ratis-thirdparty-misc-0.6.0-SNAPSHOT.jar:/home/user/.m2/repository/org/apache/hadoop/hadoop-ozone-interface-storage/1.1.0-SNAPSHOT/hadoop-ozone-interface-storage-1.1.0-SNAPSHOT.jar:/home/user/.m2/repository/org/apache/hadoop/hadoop-minikdc/3.2.1/hadoop-minikdc-3.2.1.jar:/home/user/.m2/repository/org/apache/kerby/kerb-simplekdc/1.0.1/kerb-simplekdc-1.0.1.jar:/home/user/.m2/repository/org/apache/kerby/kerb-client/1.0.1/kerb-client-1.0.1.jar:/home/user/.m2/repository/org/apache/kerby/kerby-config/1.0.1/kerby-config-1.0.1.jar:/home/user/.m2/repository/org/apache/kerby/kerb-core/1.0.1/kerb-core-1.0.1.jar:/home/user/.m2/repository/org/apache/kerby/kerby-pkix/1.0.1/kerby-pkix-1.0.1.jar:/home/user/.m2/repository/org/apache/kerby/kerby-asn1/1.0.1/kerby-asn1-1.0.1.jar:/home/user/.m2/repository/org/apache/kerby/kerby-util/1.0.1/kerby-util-1.0.1.jar:/home/user/.m2/repository/org/apache/kerby/kerb-common/1.0.1/kerb-common-1.0.1.jar:/home/user/.m2/repository/org/apache/kerby/kerb-crypto/1.0.1/kerb-crypto-1.0.1.jar:/home/user/.m2/repository/org/apache/kerby/kerb-util/1.0.1/kerb-util-1.0.1.jar:/home/user/.m2/repository/org/apache/kerby/token-provider/1.0.1/token-provider-1.0.1.jar:/home/user/.m2/repository/org/apache/kerby/kerb-admin/1.0.1/kerb-admin-1.0.1.jar:/home/user/.m2/repository/org/apache/kerby/kerb-server/1.0.1/kerb-server-1.0.1.jar:/home/user/.m2/repository/org/apache/kerby/kerb-identity/1.0.1/kerb-identity-1.0.1.jar:/home/user/.m2/repository/org/apache/kerby/kerby-xdr/1.0.1/kerby-xdr-1.0.1.jar:/home/user/.m2/repository/org/slf4j/slf4j-log4j12/1.7.30/slf4j-log4j12-1.7.30.jar:/home/user/.m2/repository/org/apache/hadoop/hadoop-ozone-s3gateway/1.1.0-SNAPSHOT/hadoop-ozone-s3gateway-1.1.0-SNAPSHOT.jar:/home/user/.m2/repository/org/jboss/weld/servlet/weld-servlet/2.4.7.Final/weld-servlet-2.4.7.Final.jar:/home/user/.m2/repository/org/glassfish/jersey/containers/jersey-container-servlet-core/2.27/jersey-container-servlet-core-2.27.jar:/home/user/.m2/repository/org/glassfish/hk2/external/javax.inject/2.5.0-b42/javax.inject-2.5.0-b42.jar:/home/user/.m2/repository/org/glassfish/jersey/core/jersey-common/2.27/jersey-common-2.27.jar:/home/user/.m2/repository/org/glassfish/hk2/osgi-resource-locator/1.0.1/osgi-resource-locator-1.0.1.jar:/home/user/.m2/repository/javax/ws/rs/javax.ws.rs-api/2.1/javax.ws.rs-api-2.1.jar:/home/user/.m2/repository/org/glassfish/jersey/ext/cdi/jersey-cdi1x/2.27/jersey-cdi1x-2.27.jar:/home/user/.m2/repository/org/glassfish/jersey/inject/jersey-hk2/2.27/jersey-hk2-2.27.jar:/home/user/.m2/repository/org/glassfish/hk2/hk2-locator/2.5.0-b42/hk2-locator-2.5.0-b42.jar:/home/user/.m2/repository/org/javassist/javassist/3.22.0-CR2/javassist-3.22.0-CR2.jar:/home/user/.m2/repository/org/glassfish/hk2/hk2-api/2.5.0/hk2-api-2.5.0.jar:/home/user/.m2/repository/org/glassfish/hk2/external/jakarta.inject/2.5.0/jakarta.inject-2.5.0.jar:/home/user/.m2/repository/org/glassfish/hk2/hk2-utils/2.5.0/hk2-utils-2.5.0.jar:/home/user/.m2/repository/jakarta/annotation/jakarta.annotation-api/1.3.4/jakarta.annotation-api-1.3.4.jar:/home/user/.m2/repository/org/glassfish/hk2/external/aopalliance-repackaged/2.5.0/aopalliance-repackaged-2.5.0.jar:/home/user/.m2/repository/com/fasterxml/jackson/dataformat/jackson-dataformat-xml/2.10.3/jackson-dataformat-xml-2.10.3.jar:/home/user/.m2/repository/com/fasterxml/jackson/core/jackson-core/2.10.3/jackson-core-2.10.3.jar:/home/user/.m2/repository/com/fasterxml/jackson/module/jackson-module-jaxb-annotations/2.10.3/jackson-module-jaxb-annotations-2.10.3.jar:/home/user/.m2/repository/jakarta/xml/bind/jakarta.xml.bind-api/2.3.2/jakarta.xml.bind-api-2.3.2.jar:/home/user/.m2/repository/jakarta/activation/jakarta.activation-api/1.2.1/jakarta.activation-api-1.2.1.jar:/home/user/.m2/repository/org/codehaus/woodstox/stax2-api/3.1.4/stax2-api-3.1.4.jar:/home/user/.m2/repository/com/fasterxml/woodstox/woodstox-core/5.0.3/woodstox-core-5.0.3.jar:/home/user/.m2/repository/javax/enterprise/cdi-api/1.2/cdi-api-1.2.jar:/home/user/.m2/repository/javax/el/javax.el-api/3.0.0/javax.el-api-3.0.0.jar:/home/user/.m2/repository/javax/interceptor/javax.interceptor-api/1.2/javax.interceptor-api-1.2.jar:/home/user/.m2/repository/javax/inject/javax.inject/1/javax.inject-1.jar:/home/user/.m2/repository/com/sun/xml/bind/jaxb-impl/2.3.0.1/jaxb-impl-2.3.0.1.jar:/home/user/.m2/repository/com/sun/xml/bind/jaxb-core/2.3.0.1/jaxb-core-2.3.0.1.jar:/home/user/.m2/repository/javax/xml/bind/jaxb-api/2.3.0/jaxb-api-2.3.0.jar:/home/user/.m2/repository/javax/activation/activation/1.1.1/activation-1.1.1.jar:/home/user/.m2/repository/org/apache/hadoop/hadoop-ozone-csi/1.1.0-SNAPSHOT/hadoop-ozone-csi-1.1.0-SNAPSHOT.jar:/home/user/.m2/repository/com/google/protobuf/protobuf-java-util/3.11.0/protobuf-java-util-3.11.0.jar:/home/user/.m2/repository/com/google/code/gson/gson/2.2.4/gson-2.2.4.jar:/home/user/.m2/repository/org/apache/hadoop/hadoop-hdds-config/1.1.0-SNAPSHOT/hadoop-hdds-config-1.1.0-SNAPSHOT.jar:/home/user/.m2/repository/com/google/protobuf/protobuf-java/2.5.0/protobuf-java-2.5.0.jar:/home/user/.m2/repository/io/grpc/grpc-netty/1.29.0/grpc-netty-1.29.0.jar:/home/user/.m2/repository/io/grpc/grpc-core/1.29.0/grpc-core-1.29.0.jar:/home/user/.m2/repository/com/google/android/annotations/4.1.1.4/annotations-4.1.1.4.jar:/home/user/.m2/repository/io/perfmark/perfmark-api/0.19.0/perfmark-api-0.19.0.jar:/home/user/.m2/repository/io/netty/netty-codec-http2/4.1.48.Final/netty-codec-http2-4.1.48.Final.jar:/home/user/.m2/repository/io/netty/netty-codec/4.1.48.Final/netty-codec-4.1.48.Final.jar:/home/user/.m2/repository/io/netty/netty-handler/4.1.48.Final/netty-handler-4.1.48.Final.jar:/home/user/.m2/repository/io/netty/netty-codec-http/4.1.48.Final/netty-codec-http-4.1.48.Final.jar:/home/user/.m2/repository/io/netty/netty-handler-proxy/4.1.48.Final/netty-handler-proxy-4.1.48.Final.jar:/home/user/.m2/repository/io/netty/netty-codec-socks/4.1.48.Final/netty-codec-socks-4.1.48.Final.jar:/home/user/.m2/repository/io/netty/netty-transport-native-epoll/4.1.48.Final/netty-transport-native-epoll-4.1.48.Final.jar:/home/user/.m2/repository/io/netty/netty-common/4.1.48.Final/netty-common-4.1.48.Final.jar:/home/user/.m2/repository/io/netty/netty-buffer/4.1.48.Final/netty-buffer-4.1.48.Final.jar:/home/user/.m2/repository/io/netty/netty-transport/4.1.48.Final/netty-transport-4.1.48.Final.jar:/home/user/.m2/repository/io/netty/netty-resolver/4.1.48.Final/netty-resolver-4.1.48.Final.jar:/home/user/.m2/repository/io/netty/netty-transport-native-unix-common/4.1.48.Final/netty-transport-native-unix-common-4.1.48.Final.jar:/home/user/.m2/repository/io/grpc/grpc-protobuf/1.29.0/grpc-protobuf-1.29.0.jar:/home/user/.m2/repository/io/grpc/grpc-api/1.29.0/grpc-api-1.29.0.jar:/home/user/.m2/repository/io/grpc/grpc-context/1.29.0/grpc-context-1.29.0.jar:/home/user/.m2/repository/org/codehaus/mojo/animal-sniffer-annotations/1.18/animal-sniffer-annotations-1.18.jar:/home/user/.m2/repository/com/google/api/grpc/proto-google-common-protos/1.17.0/proto-google-common-protos-1.17.0.jar:/home/user/.m2/repository/io/grpc/grpc-protobuf-lite/1.29.0/grpc-protobuf-lite-1.29.0.jar:/home/user/.m2/repository/io/grpc/grpc-stub/1.29.0/grpc-stub-1.29.0.jar:/home/user/.m2/repository/org/apache/hadoop/hadoop-ozone-recon/1.1.0-SNAPSHOT/hadoop-ozone-recon-1.1.0-SNAPSHOT.jar:/home/user/.m2/repository/org/apache/hadoop/hadoop-ozone-reconcodegen/1.1.0-SNAPSHOT/hadoop-ozone-reconcodegen-1.1.0-SNAPSHOT.jar:/home/user/.m2/repository/com/google/inject/extensions/guice-multibindings/4.0/guice-multibindings-4.0.jar:/home/user/.m2/repository/com/google/inject/guice/4.0/guice-4.0.jar:/home/user/.m2/repository/aopalliance/aopalliance/1.0/aopalliance-1.0.jar:/home/user/.m2/repository/com/google/inject/extensions/guice-assistedinject/4.0/guice-assistedinject-4.0.jar:/home/user/.m2/repository/com/google/inject/extensions/guice-servlet/4.0/guice-servlet-4.0.jar:/home/user/.m2/repository/org/glassfish/jersey/containers/jersey-container-servlet/2.27/jersey-container-servlet-2.27.jar:/home/user/.m2/repository/org/glassfish/hk2/guice-bridge/2.5.0/guice-bridge-2.5.0.jar:/home/user/.m2/repository/org/glassfish/jersey/core/jersey-server/2.27/jersey-server-2.27.jar:/home/user/.m2/repository/org/glassfish/jersey/core/jersey-client/2.27/jersey-client-2.27.jar:/home/user/.m2/repository/org/glassfish/jersey/media/jersey-media-jaxb/2.27/jersey-media-jaxb-2.27.jar:/home/user/.m2/repository/javax/validation/validation-api/1.1.0.Final/validation-api-1.1.0.Final.jar:/home/user/.m2/repository/org/glassfish/jersey/media/jersey-media-json-jackson/2.27/jersey-media-json-jackson-2.27.jar:/home/user/.m2/repository/org/glassfish/jersey/ext/jersey-entity-filtering/2.27/jersey-entity-filtering-2.27.jar:/home/user/.m2/repository/org/jooq/jooq/3.11.10/jooq-3.11.10.jar:/home/user/.m2/repository/org/jooq/jooq-meta/3.11.10/jooq-meta-3.11.10.jar:/home/user/.m2/repository/org/jooq/jooq-codegen/3.11.10/jooq-codegen-3.11.10.jar:/home/user/.m2/repository/com/jolbox/bonecp/0.8.0.RELEASE/bonecp-0.8.0.RELEASE.jar:/home/user/.m2/repository/org/apache/derby/derby/10.14.2.0/derby-10.14.2.0.jar:/home/user/.m2/repository/org/xerial/sqlite-jdbc/3.25.2/sqlite-jdbc-3.25.2.jar:/home/user/.m2/repository/org/springframework/spring-jdbc/5.2.11.RELEASE/spring-jdbc-5.2.11.RELEASE.jar:/home/user/.m2/repository/org/springframework/spring-beans/5.2.11.RELEASE/spring-beans-5.2.11.RELEASE.jar:/home/user/.m2/repository/org/springframework/spring-core/5.2.11.RELEASE/spring-core-5.2.11.RELEASE.jar:/home/user/.m2/repository/org/springframework/spring-jcl/5.2.11.RELEASE/spring-jcl-5.2.11.RELEASE.jar:/home/user/.m2/repository/org/springframework/spring-tx/5.2.11.RELEASE/spring-tx-5.2.11.RELEASE.jar:/home/user/.m2/repository/org/apache/hadoop/hadoop-ozone-client/1.1.0-SNAPSHOT/hadoop-ozone-client-1.1.0-SNAPSHOT.jar:/home/user/.m2/repository/org/apache/hadoop/hadoop-ozone-filesystem/1.1.0-SNAPSHOT/hadoop-ozone-filesystem-1.1.0-SNAPSHOT.jar:/home/user/.m2/repository/org/apache/hadoop/hadoop-ozone-filesystem-common/1.1.0-SNAPSHOT/hadoop-ozone-filesystem-common-1.1.0-SNAPSHOT.jar:/home/user/.m2/repository/org/apache/hadoop/hadoop-ozone-tools/1.1.0-SNAPSHOT/hadoop-ozone-tools-1.1.0-SNAPSHOT.jar:/home/user/.m2/repository/org/apache/ratis/ratis-tools/1.1.0-35f17fa-SNAPSHOT/ratis-tools-1.1.0-35f17fa-SNAPSHOT.jar:/home/user/.m2/repository/org/apache/ratis/ratis-proto/1.1.0-35f17fa-SNAPSHOT/ratis-proto-1.1.0-35f17fa-SNAPSHOT.jar:/home/user/.m2/repository/org/apache/ratis/ratis-common/1.1.0-35f17fa-SNAPSHOT/ratis-common-1.1.0-35f17fa-SNAPSHOT.jar:/home/user/.m2/repository/com/amazonaws/aws-java-sdk-core/1.11.901/aws-java-sdk-core-1.11.901.jar:/home/user/.m2/repository/org/apache/httpcomponents/httpclient/4.5.13/httpclient-4.5.13.jar:/home/user/.m2/repository/org/apache/httpcomponents/httpcore/4.4.13/httpcore-4.4.13.jar:/home/user/.m2/repository/software/amazon/ion/ion-java/1.0.2/ion-java-1.0.2.jar:/home/user/.m2/repository/com/fasterxml/jackson/dataformat/jackson-dataformat-cbor/2.10.3/jackson-dataformat-cbor-2.10.3.jar:/home/user/.m2/repository/joda-time/joda-time/2.8.1/joda-time-2.8.1.jar:/home/user/.m2/repository/com/amazonaws/aws-java-sdk-s3/1.11.901/aws-java-sdk-s3-1.11.901.jar:/home/user/.m2/repository/com/amazonaws/aws-java-sdk-kms/1.11.901/aws-java-sdk-kms-1.11.901.jar:/home/user/.m2/repository/com/amazonaws/jmespath-java/1.11.901/jmespath-java-1.11.901.jar:/home/user/.m2/repository/org/kohsuke/metainf-services/metainf-services/1.8/metainf-services-1.8.jar:/home/user/.m2/repository/org/apache/hadoop/hadoop-hdds-tools/1.1.0-SNAPSHOT/hadoop-hdds-tools-1.1.0-SNAPSHOT.jar:/home/user/.m2/repository/commons-cli/commons-cli/1.2/commons-cli-1.2.jar:/home/user/.m2/repository/org/apache/commons/commons-lang3/3.7/commons-lang3-3.7.jar:/home/user/.m2/repository/org/apache/hadoop/hadoop-ozone-ozone-manager/1.1.0-SNAPSHOT/hadoop-ozone-ozone-manager-1.1.0-SNAPSHOT-tests.jar:/home/user/.m2/repository/org/apache/hadoop/hadoop-hdds-common/1.1.0-SNAPSHOT/hadoop-hdds-common-1.1.0-SNAPSHOT-tests.jar:/home/user/.m2/repository/org/apache/hadoop/hadoop-hdds-hadoop-dependency-client/1.1.0-SNAPSHOT/hadoop-hdds-hadoop-dependency-client-1.1.0-SNAPSHOT.jar:/home/user/.m2/repository/info/picocli/picocli/4.4.0/picocli-4.4.0.jar:/home/user/.m2/repository/com/fasterxml/jackson/core/jackson-annotations/2.10.3/jackson-annotations-2.10.3.jar:/home/user/.m2/repository/javax/annotation/javax.annotation-api/1.2/javax.annotation-api-1.2.jar:/home/user/.m2/repository/org/fusesource/leveldbjni/leveldbjni-all/1.8/leveldbjni-all-1.8.jar:/home/user/.m2/repository/org/apache/ratis/ratis-server/1.1.0-35f17fa-SNAPSHOT/ratis-server-1.1.0-35f17fa-SNAPSHOT.jar:/home/user/.m2/repository/org/apache/ratis/ratis-client/1.1.0-35f17fa-SNAPSHOT/ratis-client-1.1.0-35f17fa-SNAPSHOT.jar:/home/user/.m2/repository/org/apache/ratis/ratis-server-api/1.1.0-35f17fa-SNAPSHOT/ratis-server-api-1.1.0-35f17fa-SNAPSHOT.jar:/home/user/.m2/repository/org/apache/ratis/ratis-metrics/1.1.0-35f17fa-SNAPSHOT/ratis-metrics-1.1.0-35f17fa-SNAPSHOT.jar:/home/user/.m2/repository/org/apache/ratis/ratis-netty/1.1.0-35f17fa-SNAPSHOT/ratis-netty-1.1.0-35f17fa-SNAPSHOT.jar:/home/user/.m2/repository/org/apache/ratis/ratis-grpc/1.1.0-35f17fa-SNAPSHOT/ratis-grpc-1.1.0-35f17fa-SNAPSHOT.jar:/home/user/.m2/repository/org/apache/logging/log4j/log4j-api/2.13.3/log4j-api-2.13.3.jar:/home/user/.m2/repository/org/apache/logging/log4j/log4j-core/2.13.3/log4j-core-2.13.3.jar:/home/user/.m2/repository/com/lmax/disruptor/3.4.2/disruptor-3.4.2.jar:/home/user/.m2/repository/org/apache/commons/commons-pool2/2.6.0/commons-pool2-2.6.0.jar:/home/user/.m2/repository/org/bouncycastle/bcpkix-jdk15on/1.67/bcpkix-jdk15on-1.67.jar:/home/user/.m2/repository/commons-validator/commons-validator/1.6/commons-validator-1.6.jar:/home/user/.m2/repository/commons-beanutils/commons-beanutils/1.9.4/commons-beanutils-1.9.4.jar:/home/user/.m2/repository/commons-digester/commons-digester/1.8.1/commons-digester-1.8.1.jar:/home/user/.m2/repository/commons-collections/commons-collections/3.2.2/commons-collections-3.2.2.jar:/home/user/.m2/repository/io/jaegertracing/jaeger-client/1.2.0/jaeger-client-1.2.0.jar:/home/user/.m2/repository/io/jaegertracing/jaeger-thrift/1.2.0/jaeger-thrift-1.2.0.jar:/home/user/.m2/repository/org/apache/thrift/libthrift/0.13.0/libthrift-0.13.0.jar:/home/user/.m2/repository/com/squareup/okhttp3/okhttp/4.2.2/okhttp-4.2.2.jar:/home/user/.m2/repository/com/squareup/okio/okio/2.2.2/okio-2.2.2.jar:/home/user/.m2/repository/org/jetbrains/kotlin/kotlin-stdlib/1.3.50/kotlin-stdlib-1.3.50.jar:/home/user/.m2/repository/org/jetbrains/kotlin/kotlin-stdlib-common/1.3.50/kotlin-stdlib-common-1.3.50.jar:/home/user/.m2/repository/org/jetbrains/annotations/13.0/annotations-13.0.jar:/home/user/.m2/repository/io/jaegertracing/jaeger-core/1.2.0/jaeger-core-1.2.0.jar:/home/user/.m2/repository/io/jaegertracing/jaeger-tracerresolver/1.2.0/jaeger-tracerresolver-1.2.0.jar:/home/user/.m2/repository/io/opentracing/contrib/opentracing-tracerresolver/0.1.8/opentracing-tracerresolver-0.1.8.jar:/home/user/.m2/repository/io/opentracing/opentracing-util/0.33.0/opentracing-util-0.33.0.jar:/home/user/.m2/repository/io/opentracing/opentracing-api/0.33.0/opentracing-api-0.33.0.jar:/home/user/.m2/repository/io/opentracing/opentracing-noop/0.33.0/opentracing-noop-0.33.0.jar:/home/user/.m2/repository/org/yaml/snakeyaml/1.26/snakeyaml-1.26.jar:/home/user/.m2/repository/junit/junit/4.11/junit-4.11.jar:/home/user/.m2/repository/org/hamcrest/hamcrest-core/1.3/hamcrest-core-1.3.jar:/home/user/.m2/repository/org/openjdk/jmh/jmh-core/1.19/jmh-core-1.19.jar:/home/user/.m2/repository/net/sf/jopt-simple/jopt-simple/4.6/jopt-simple-4.6.jar:/home/user/.m2/repository/org/apache/commons/commons-math3/3.1.1/commons-math3-3.1.1.jar:/home/user/.m2/repository/org/openjdk/jmh/jmh-generator-annprocess/1.19/jmh-generator-annprocess-1.19.jar:/home/user/.m2/repository/org/mockito/mockito-all/1.8.5/mockito-all-1.8.5.jar:/home/user/.m2/repository/org/apache/hadoop/hadoop-kms/3.2.1/hadoop-kms-3.2.1.jar:/home/user/.m2/repository/org/apache/hadoop/hadoop-auth/3.2.1/hadoop-auth-3.2.1.jar:/home/user/.m2/repository/com/nimbusds/nimbus-jose-jwt/7.9/nimbus-jose-jwt-7.9.jar:/home/user/.m2/repository/com/github/stephenc/jcip/jcip-annotations/1.0-1/jcip-annotations-1.0-1.jar:/home/user/.m2/repository/net/minidev/json-smart/2.3/json-smart-2.3.jar:/home/user/.m2/repository/net/minidev/accessors-smart/1.2/accessors-smart-1.2.jar:/home/user/.m2/repository/org/ow2/asm/asm/5.0.4/asm-5.0.4.jar:/home/user/.m2/repository/org/apache/zookeeper/zookeeper/3.4.13/zookeeper-3.4.13.jar:/home/user/.m2/repository/org/apache/yetus/audience-annotations/0.5.0/audience-annotations-0.5.0.jar:/home/user/.m2/repository/org/apache/curator/curator-framework/2.13.0/curator-framework-2.13.0.jar:/home/user/.m2/repository/com/sun/jersey/jersey-core/1.19/jersey-core-1.19.jar:/home/user/.m2/repository/javax/ws/rs/jsr311-api/1.1.1/jsr311-api-1.1.1.jar:/home/user/.m2/repository/com/sun/jersey/jersey-server/1.19/jersey-server-1.19.jar:/home/user/.m2/repository/javax/servlet/javax.servlet-api/3.1.0/javax.servlet-api-3.1.0.jar:/home/user/.m2/repository/org/eclipse/jetty/jetty-server/9.4.34.v20201102/jetty-server-9.4.34.v20201102.jar:/home/user/.m2/repository/org/eclipse/jetty/jetty-http/9.4.34.v20201102/jetty-http-9.4.34.v20201102.jar:/home/user/.m2/repository/org/eclipse/jetty/jetty-io/9.4.34.v20201102/jetty-io-9.4.34.v20201102.jar:/home/user/.m2/repository/org/eclipse/jetty/jetty-webapp/9.4.34.v20201102/jetty-webapp-9.4.34.v20201102.jar:/home/user/.m2/repository/org/eclipse/jetty/jetty-xml/9.4.34.v20201102/jetty-xml-9.4.34.v20201102.jar:/home/user/.m2/repository/org/apache/hadoop/hadoop-common/3.2.1/hadoop-common-3.2.1.jar:/home/user/.m2/repository/commons-net/commons-net/3.6/commons-net-3.6.jar:/home/user/.m2/repository/com/sun/jersey/jersey-servlet/1.19/jersey-servlet-1.19.jar:/home/user/.m2/repository/com/sun/jersey/jersey-json/1.19/jersey-json-1.19.jar:/home/user/.m2/repository/org/codehaus/jettison/jettison/1.1/jettison-1.1.jar:/home/user/.m2/repository/org/codehaus/jackson/jackson-jaxrs/1.9.2/jackson-jaxrs-1.9.2.jar:/home/user/.m2/repository/org/codehaus/jackson/jackson-xc/1.9.2/jackson-xc-1.9.2.jar:/home/user/.m2/repository/org/apache/commons/commons-configuration2/2.1.1/commons-configuration2-2.1.1.jar:/home/user/.m2/repository/org/apache/commons/commons-text/1.4/commons-text-1.4.jar:/home/user/.m2/repository/com/google/re2j/re2j/1.1/re2j-1.1.jar:/home/user/.m2/repository/com/jcraft/jsch/0.1.54/jsch-0.1.54.jar:/home/user/.m2/repository/org/apache/curator/curator-client/2.13.0/curator-client-2.13.0.jar:/home/user/.m2/repository/org/apache/curator/curator-recipes/2.13.0/curator-recipes-2.13.0.jar:/home/user/.m2/repository/dnsjava/dnsjava/2.1.7/dnsjava-2.1.7.jar:/home/user/.m2/repository/org/slf4j/jul-to-slf4j/1.7.30/jul-to-slf4j-1.7.30.jar:/home/user/.m2/repository/org/eclipse/jetty/jetty-util/9.4.34.v20201102/jetty-util-9.4.34.v20201102.jar:/home/user/.m2/repository/com/fasterxml/jackson/core/jackson-databind/2.10.3/jackson-databind-2.10.3.jar:/home/user/.m2/repository/org/apache/hadoop/hadoop-kms/3.2.1/hadoop-kms-3.2.1-tests.jar:/home/user/.m2/repository/org/apache/hadoop/hadoop-hdds-server-scm/1.1.0-SNAPSHOT/hadoop-hdds-server-scm-1.1.0-SNAPSHOT-tests.jar:/home/user/.m2/repository/org/apache/hadoop/hadoop-hdds-container-service/1.1.0-SNAPSHOT/hadoop-hdds-container-service-1.1.0-SNAPSHOT-tests.jar:/home/user/.m2/repository/commons-codec/commons-codec/1.11/commons-codec-1.11.jar:/home/user/.m2/repository/org/apache/hadoop/hadoop-hdds-hadoop-dependency-test/1.1.0-SNAPSHOT/hadoop-hdds-hadoop-dependency-test-1.1.0-SNAPSHOT.jar:/home/user/.m2/repository/org/apache/hadoop/hadoop-common/3.2.1/hadoop-common-3.2.1-tests.jar:/home/user/.m2/repository/org/apache/hadoop/hadoop-hdfs/3.2.1/hadoop-hdfs-3.2.1-tests.jar:/home/user/.m2/repository/org/eclipse/jetty/jetty-util-ajax/9.4.34.v20201102/jetty-util-ajax-9.4.34.v20201102.jar:/home/user/.m2/repository/commons-daemon/commons-daemon/1.0.13/commons-daemon-1.0.13.jar:/home/user/.m2/repository/io/netty/netty/3.10.5.Final/netty-3.10.5.Final.jar:/home/user/.m2/repository/io/netty/netty-all/4.1.48.Final/netty-all-4.1.48.Final.jar:/home/user/.m2/repository/org/apache/htrace/htrace-core4/4.1.0-incubating/htrace-core4-4.1.0-incubating.jar:/home/user/.m2/repository/org/apache/hadoop/hadoop-distcp/3.2.1/hadoop-distcp-3.2.1.jar:/home/user/.m2/repository/org/apache/hadoop/hadoop-mapreduce-client-jobclient/3.2.1/hadoop-mapreduce-client-jobclient-3.2.1.jar:/home/user/.m2/repository/org/apache/hadoop/hadoop-mapreduce-client-common/3.2.1/hadoop-mapreduce-client-common-3.2.1.jar:/home/user/.m2/repository/org/apache/hadoop/hadoop-yarn-common/3.2.1/hadoop-yarn-common-3.2.1.jar:/home/user/.m2/repository/org/apache/hadoop/hadoop-yarn-api/3.2.1/hadoop-yarn-api-3.2.1.jar:/home/user/.m2/repository/com/sun/jersey/jersey-client/1.19/jersey-client-1.19.jar:/home/user/.m2/repository/com/sun/jersey/contribs/jersey-guice/1.19/jersey-guice-1.19.jar:/home/user/.m2/repository/com/fasterxml/jackson/jaxrs/jackson-jaxrs-json-provider/2.10.3/jackson-jaxrs-json-provider-2.10.3.jar:/home/user/.m2/repository/com/fasterxml/jackson/jaxrs/jackson-jaxrs-base/2.10.3/jackson-jaxrs-base-2.10.3.jar:/home/user/.m2/repository/org/apache/hadoop/hadoop-yarn-client/3.2.1/hadoop-yarn-client-3.2.1.jar:/home/user/.m2/repository/org/apache/hadoop/hadoop-mapreduce-client-core/3.2.1/hadoop-mapreduce-client-core-3.2.1.jar:/home/user/.m2/repository/org/apache/avro/avro/1.7.7/avro-1.7.7.jar:/home/user/.m2/repository/org/codehaus/jackson/jackson-core-asl/1.9.13/jackson-core-asl-1.9.13.jar:/home/user/.m2/repository/org/codehaus/jackson/jackson-mapper-asl/1.9.13/jackson-mapper-asl-1.9.13.jar:/home/user/.m2/repository/com/thoughtworks/paranamer/paranamer/2.3/paranamer-2.3.jar:/home/user/.m2/repository/org/xerial/snappy/snappy-java/1.0.5/snappy-java-1.0.5.jar:/home/user/.m2/repository/org/apache/hadoop/hadoop-annotations/3.2.1/hadoop-annotations-3.2.1.jar:/usr/lib/jvm/java-1.8.0-openjdk-1.8.0.232.b09-0.el7_7.x86_64/jre/../lib/tools.jar:/home/user/.m2/repository/org/apache/hadoop/hadoop-distcp/3.2.1/hadoop-distcp-3.2.1-tests.jar:"/>
    <property name="sun.cpu.endian" value="little"/>
    <property name="user.home" value="/home/user"/>
    <property name="user.language" value="en"/>
    <property name="java.specification.vendor" value="Oracle Corporation"/>
    <property name="java.home" value="/usr/lib/jvm/java-1.8.0-openjdk-1.8.0.232.b09-0.el7_7.x86_64/jre"/>
    <property name="java.security.krb5.conf" value="/github/workspace/mnt/ozone/hadoop-ozone/integration-test/target/test-classes/krb5.conf"/>
    <property name="basedir" value="/github/workspace/mnt/ozone/hadoop-ozone/integration-test"/>
    <property name="file.separator" value="/"/>
    <property name="line.separator" value="&#10;"/>
    <property name="java.vm.specification.vendor" value="Oracle Corporation"/>
    <property name="java.specification.name" value="Java Platform API Specification"/>
    <property name="java.awt.graphicsenv" value="sun.awt.X11GraphicsEnvironment"/>
    <property name="skip.installnpx" value="true"/>
    <property name="surefire.real.class.path" value="/github/workspace/mnt/ozone/hadoop-ozone/integration-test/target/surefire/surefirebooter4472836523039954455.jar:/home/user/.m2/repository/org/jacoco/org.jacoco.agent/0.8.5/org.jacoco.agent-0.8.5-runtime.jar"/>
    <property name="hadoop.log.dir" value="/github/workspace/mnt/ozone/hadoop-ozone/integration-test/target/log"/>
    <property name="sun.boot.class.path" value="/usr/lib/jvm/java-1.8.0-openjdk-1.8.0.232.b09-0.el7_7.x86_64/jre/lib/resources.jar:/usr/lib/jvm/java-1.8.0-openjdk-1.8.0.232.b09-0.el7_7.x86_64/jre/lib/rt.jar:/usr/lib/jvm/java-1.8.0-openjdk-1.8.0.232.b09-0.el7_7.x86_64/jre/lib/sunrsasign.jar:/usr/lib/jvm/java-1.8.0-openjdk-1.8.0.232.b09-0.el7_7.x86_64/jre/lib/jsse.jar:/usr/lib/jvm/java-1.8.0-openjdk-1.8.0.232.b09-0.el7_7.x86_64/jre/lib/jce.jar:/usr/lib/jvm/java-1.8.0-openjdk-1.8.0.232.b09-0.el7_7.x86_64/jre/lib/charsets.jar:/usr/lib/jvm/java-1.8.0-openjdk-1.8.0.232.b09-0.el7_7.x86_64/jre/lib/jfr.jar:/usr/lib/jvm/java-1.8.0-openjdk-1.8.0.232.b09-0.el7_7.x86_64/jre/classes"/>
    <property name="sun.management.compiler" value="HotSpot 64-Bit Tiered Compilers"/>
    <property name="skip.npx" value="true"/>
    <property name="java.runtime.version" value="1.8.0_232-b09"/>
    <property name="java.net.preferIPv4Stack" value="true"/>
    <property name="user.name" value="jenkins1001"/>
    <property name="path.separator" value=":"/>
    <property name="java.security.egd" value="file:///dev/urandom"/>
    <property name="os.version" value="5.4.0-1032-azure"/>
    <property name="java.endorsed.dirs" value="/usr/lib/jvm/java-1.8.0-openjdk-1.8.0.232.b09-0.el7_7.x86_64/jre/lib/endorsed"/>
    <property name="java.runtime.name" value="OpenJDK Runtime Environment"/>
    <property name="file.encoding" value="ANSI_X3.4-1968"/>
    <property name="java.vm.name" value="OpenJDK 64-Bit Server VM"/>
    <property name="test.build.webapps" value=""/>
    <property name="localRepository" value="/home/user/.m2/repository"/>
    <property name="java.vendor.url.bug" value="http://bugreport.sun.com/bugreport/"/>
    <property name="java.io.tmpdir" value="/tmp"/>
    <property name="require.test.libhadoop" value=""/>
    <property name="java.version" value="1.8.0_232"/>
    <property name="user.dir" value="/github/workspace/mnt/ozone/hadoop-ozone/integration-test"/>
    <property name="os.arch" value="amd64"/>
    <property name="java.vm.specification.name" value="Java Virtual Machine Specification"/>
    <property name="test.build.classes" value="/github/workspace/mnt/ozone/hadoop-ozone/integration-test/target/test-classes"/>
    <property name="java.awt.printerjob" value="sun.print.PSPrinterJob"/>
    <property name="sun.os.patch.level" value="unknown"/>
    <property name="hadoop.tmp.dir" value="/github/workspace/mnt/ozone/hadoop-ozone/integration-test/target/tmp"/>
    <property name="java.library.path" value="/usr/lib:/usr/java/packages/lib/amd64:/usr/lib64:/lib64:/lib:/usr/lib"/>
    <property name="java.vm.info" value="mixed mode"/>
    <property name="java.vendor" value="Oracle Corporation"/>
    <property name="java.vm.version" value="25.232-b09"/>
    <property name="java.ext.dirs" value="/usr/lib/jvm/java-1.8.0-openjdk-1.8.0.232.b09-0.el7_7.x86_64/jre/lib/ext:/usr/java/packages/lib/ext"/>
    <property name="sun.io.unicode.encoding" value="UnicodeLittle"/>
    <property name="java.class.version" value="52.0"/>
  </properties>
  <testcase name="testPipelineWithScmRestart" classname="org.apache.hadoop.hdds.scm.pipeline.TestSCMRestart" time="0.01">
    <failure message="expected:&lt;PipelineID=84d01728-7484-4ac8-9900-94ffbef8c967&gt; but was:&lt;PipelineID=c057a116-1d16-4def-985c-1c39482078eb&gt;" type="java.lang.AssertionError"><![CDATA[java.lang.AssertionError: expected:<PipelineID=84d01728-7484-4ac8-9900-94ffbef8c967> but was:<PipelineID=c057a116-1d16-4def-985c-1c39482078eb>
	at org.junit.Assert.fail(Assert.java:88)
	at org.junit.Assert.failNotEquals(Assert.java:743)
	at org.junit.Assert.assertEquals(Assert.java:118)
	at org.junit.Assert.assertEquals(Assert.java:144)
	at org.apache.hadoop.hdds.scm.pipeline.TestSCMRestart.testPipelineWithScmRestart(TestSCMRestart.java:127)
	at sun.reflect.NativeMethodAccessorImpl.invoke0(Native Method)
	at sun.reflect.NativeMethodAccessorImpl.invoke(NativeMethodAccessorImpl.java:62)
	at sun.reflect.DelegatingMethodAccessorImpl.invoke(DelegatingMethodAccessorImpl.java:43)
	at java.lang.reflect.Method.invoke(Method.java:498)
	at org.junit.runners.model.FrameworkMethod$1.runReflectiveCall(FrameworkMethod.java:47)
	at org.junit.internal.runners.model.ReflectiveCallable.run(ReflectiveCallable.java:12)
	at org.junit.runners.model.FrameworkMethod.invokeExplosively(FrameworkMethod.java:44)
	at org.junit.internal.runners.statements.InvokeMethod.evaluate(InvokeMethod.java:17)
	at org.junit.internal.runners.statements.FailOnTimeout$StatementThread.run(FailOnTimeout.java:74)
]]></failure>
    <system-out><![CDATA[2021-01-12 14:06:59,828 [main] WARN  server.ServerUtils (ServerUtils.java:getScmDbDir(148)) - ozone.scm.db.dirs is not configured. We recommend adding this setting. Falling back to ozone.metadata.dirs instead.
2021-01-12 14:06:59,889 [main] WARN  server.ServerUtils (ServerUtils.java:getScmDbDir(148)) - ozone.scm.db.dirs is not configured. We recommend adding this setting. Falling back to ozone.metadata.dirs instead.
2021-01-12 14:07:00,037 [main] WARN  db.DBStoreBuilder (DBStoreBuilder.java:applyDBDefinition(145)) - ozone.scm.db.dirs is not configured. We recommend adding this setting. Falling back to ozone.metadata.dirs instead.
2021-01-12 14:07:00,189 [main] INFO  net.NodeSchemaLoader (NodeSchemaLoader.java:loadSchemaFromFile(126)) - Loading file from sun.misc.CompoundEnumeration@773cbf4f
2021-01-12 14:07:00,191 [main] INFO  net.NodeSchemaLoader (NodeSchemaLoader.java:loadSchema(172)) - Loading network topology layer schema file
2021-01-12 14:07:00,265 [main] INFO  node.SCMNodeManager (SCMNodeManager.java:<init>(123)) - Entering startup safe mode.
2021-01-12 14:07:00,362 [main] INFO  algorithms.ContainerPlacementPolicyFactory (ContainerPlacementPolicyFactory.java:getPolicy(60)) - Create container placement policy of type org.apache.hadoop.hdds.scm.container.placement.algorithms.SCMContainerPlacementRandom
2021-01-12 14:07:00,392 [main] INFO  algorithms.LeaderChoosePolicyFactory (LeaderChoosePolicyFactory.java:getPolicy(57)) - Create leader choose policy of type org.apache.hadoop.hdds.scm.pipeline.leader.choose.algorithms.MinLeaderCountChoosePolicy
2021-01-12 14:07:00,393 [main] INFO  pipeline.SCMPipelineManager (SCMPipelineManager.java:initializePipelineState(161)) - No pipeline exists in current db
2021-01-12 14:07:00,412 [main] INFO  algorithms.PipelineChoosePolicyFactory (PipelineChoosePolicyFactory.java:createPipelineChoosePolicyFromClass(75)) - Create pipeline choose policy of type org.apache.hadoop.hdds.scm.pipeline.choose.algorithms.RandomPipelineChoosePolicy
2021-01-12 14:07:00,465 [main] INFO  safemode.HealthyPipelineSafeModeRule (HealthyPipelineSafeModeRule.java:<init>(89)) - Total pipeline count is 0, healthy pipeline threshold count is 0
2021-01-12 14:07:00,468 [main] INFO  safemode.OneReplicaPipelineSafeModeRule (OneReplicaPipelineSafeModeRule.java:<init>(85)) - Total pipeline count is 0, pipeline's with at least one datanode reported threshold count is 0
2021-01-12 14:07:00,924 [main] INFO  ipc.CallQueueManager (CallQueueManager.java:<init>(84)) - Using callQueue: class java.util.concurrent.LinkedBlockingQueue, queueCapacity: 2000, scheduler: class org.apache.hadoop.ipc.DefaultRpcScheduler, ipcBackoff: false.
2021-01-12 14:07:00,946 [Socket Reader #1 for port 0] INFO  ipc.Server (Server.java:run(1219)) - Starting Socket Reader #1 for port 0
2021-01-12 14:07:00,973 [Listener at 0.0.0.0/44309] INFO  ipc.CallQueueManager (CallQueueManager.java:<init>(84)) - Using callQueue: class java.util.concurrent.LinkedBlockingQueue, queueCapacity: 2000, scheduler: class org.apache.hadoop.ipc.DefaultRpcScheduler, ipcBackoff: false.
2021-01-12 14:07:00,976 [Socket Reader #1 for port 0] INFO  ipc.Server (Server.java:run(1219)) - Starting Socket Reader #1 for port 0
2021-01-12 14:07:00,990 [Listener at 0.0.0.0/42169] INFO  ipc.CallQueueManager (CallQueueManager.java:<init>(84)) - Using callQueue: class java.util.concurrent.LinkedBlockingQueue, queueCapacity: 2000, scheduler: class org.apache.hadoop.ipc.DefaultRpcScheduler, ipcBackoff: false.
2021-01-12 14:07:00,991 [Socket Reader #1 for port 0] INFO  ipc.Server (Server.java:run(1219)) - Starting Socket Reader #1 for port 0
2021-01-12 14:07:01,009 [Listener at 0.0.0.0/36115] INFO  http.BaseHttpServer (BaseHttpServer.java:newHttpServer2BuilderForOzone(207)) - Starting Web-server for scm at: http://0.0.0.0:0
2021-01-12 14:07:01,009 [Listener at 0.0.0.0/36115] INFO  http.BaseHttpServer (BaseHttpServer.java:<init>(106)) - Hadoop Security Enabled: false Ozone Security Enabled: false Ozone HTTP Security Enabled: false 
2021-01-12 14:07:01,036 [Listener at 0.0.0.0/36115] INFO  util.log (Log.java:initialized(169)) - Logging initialized @2231ms to org.eclipse.jetty.util.log.Slf4jLog
2021-01-12 14:07:01,161 [Listener at 0.0.0.0/36115] INFO  server.AuthenticationFilter (AuthenticationFilter.java:constructSecretProvider(240)) - Unable to initialize FileSignerSecretProvider, falling back to use random secrets.
2021-01-12 14:07:01,174 [Listener at 0.0.0.0/36115] WARN  http.HttpRequestLog (HttpRequestLog.java:getRequestLog(103)) - Jetty request log can only be enabled using Log4j
2021-01-12 14:07:01,182 [Listener at 0.0.0.0/36115] INFO  http.HttpServer2 (HttpServer2.java:addGlobalFilter(1020)) - Added global filter 'safety' (class=org.apache.hadoop.hdds.server.http.HttpServer2$QuotingInputFilter)
2021-01-12 14:07:01,186 [Listener at 0.0.0.0/36115] INFO  http.HttpServer2 (HttpServer2.java:addFilter(996)) - Added filter static_user_filter (class=org.apache.hadoop.http.lib.StaticUserWebFilter$StaticUserFilter) to context scm
2021-01-12 14:07:01,187 [Listener at 0.0.0.0/36115] INFO  http.HttpServer2 (HttpServer2.java:addFilter(1004)) - Added filter static_user_filter (class=org.apache.hadoop.http.lib.StaticUserWebFilter$StaticUserFilter) to context static
2021-01-12 14:07:01,187 [Listener at 0.0.0.0/36115] INFO  http.HttpServer2 (HttpServer2.java:addFilter(1004)) - Added filter static_user_filter (class=org.apache.hadoop.http.lib.StaticUserWebFilter$StaticUserFilter) to context logs
2021-01-12 14:07:01,248 [Listener at 0.0.0.0/36115] INFO  server.StorageContainerManager (StorageContainerManager.java:start(789)) - StorageContainerLocationProtocol RPC server is listening at /0.0.0.0:36115
2021-01-12 14:07:01,304 [Listener at 0.0.0.0/36115] WARN  impl.MetricsConfig (MetricsConfig.java:loadFirst(134)) - Cannot locate configuration: tried hadoop-metrics2-storagecontainermanager.properties,hadoop-metrics2.properties
2021-01-12 14:07:01,319 [Listener at 0.0.0.0/36115] INFO  impl.MetricsSystemImpl (MetricsSystemImpl.java:startTimer(374)) - Scheduled Metric snapshot period at 10 second(s).
2021-01-12 14:07:01,319 [Listener at 0.0.0.0/36115] INFO  impl.MetricsSystemImpl (MetricsSystemImpl.java:start(191)) - StorageContainerManager metrics system started
2021-01-12 14:07:01,526 [Listener at 0.0.0.0/36115] INFO  server.SCMClientProtocolServer (SCMClientProtocolServer.java:start(159)) - RPC server for Client  is listening at /0.0.0.0:36115
2021-01-12 14:07:01,527 [IPC Server Responder] INFO  ipc.Server (Server.java:run(1460)) - IPC Server Responder: starting
2021-01-12 14:07:01,528 [IPC Server listener on 0] INFO  ipc.Server (Server.java:run(1298)) - IPC Server listener on 0: starting
2021-01-12 14:07:01,531 [Listener at 0.0.0.0/36115] INFO  server.StorageContainerManager (StorageContainerManager.java:start(801)) - ScmBlockLocationProtocol RPC server is listening at /0.0.0.0:42169
2021-01-12 14:07:01,531 [Listener at 0.0.0.0/36115] INFO  server.SCMBlockProtocolServer (SCMBlockProtocolServer.java:start(150)) - RPC server for Block Protocol is listening at /0.0.0.0:42169
2021-01-12 14:07:01,532 [IPC Server Responder] INFO  ipc.Server (Server.java:run(1460)) - IPC Server Responder: starting
2021-01-12 14:07:01,532 [IPC Server listener on 0] INFO  ipc.Server (Server.java:run(1298)) - IPC Server listener on 0: starting
2021-01-12 14:07:01,535 [Listener at 0.0.0.0/36115] INFO  server.StorageContainerManager (StorageContainerManager.java:start(807)) - ScmDatanodeProtocl RPC server is listening at /0.0.0.0:44309
2021-01-12 14:07:01,535 [Listener at 0.0.0.0/36115] INFO  server.SCMDatanodeProtocolServer (SCMDatanodeProtocolServer.java:start(174)) - RPC server for DataNodes is listening at /0.0.0.0:44309
2021-01-12 14:07:01,536 [IPC Server Responder] INFO  ipc.Server (Server.java:run(1460)) - IPC Server Responder: starting
2021-01-12 14:07:01,536 [IPC Server listener on 0] INFO  ipc.Server (Server.java:run(1298)) - IPC Server listener on 0: starting
2021-01-12 14:07:01,539 [Listener at 0.0.0.0/36115] INFO  http.HttpServer2 (HttpServer2.java:bindListener(1238)) - Jetty bound to port 34099
2021-01-12 14:07:01,541 [Listener at 0.0.0.0/36115] INFO  server.Server (Server.java:doStart(375)) - jetty-9.4.34.v20201102; built: 2020-11-02T14:15:39.302Z; git: e46af88704a893fc12cb0e3bf46e2c7b48a009e7; jvm 1.8.0_232-b09
2021-01-12 14:07:01,575 [Listener at 0.0.0.0/36115] INFO  server.session (DefaultSessionIdManager.java:doStart(334)) - DefaultSessionIdManager workerName=node0
2021-01-12 14:07:01,576 [Listener at 0.0.0.0/36115] INFO  server.session (DefaultSessionIdManager.java:doStart(339)) - No SessionScavenger set, using defaults
2021-01-12 14:07:01,577 [Listener at 0.0.0.0/36115] INFO  server.session (HouseKeeper.java:startScavenging(132)) - node0 Scavenging every 600000ms
2021-01-12 14:07:01,593 [Listener at 0.0.0.0/36115] INFO  handler.ContextHandler (ContextHandler.java:doStart(916)) - Started o.e.j.s.ServletContextHandler@261bd7b{logs,/logs,file:///github/workspace/mnt/ozone/hadoop-ozone/integration-test/target/log,AVAILABLE}
2021-01-12 14:07:01,593 [Listener at 0.0.0.0/36115] INFO  handler.ContextHandler (ContextHandler.java:doStart(916)) - Started o.e.j.s.ServletContextHandler@588545ac{static,/static,file:///github/workspace/mnt/ozone/hadoop-ozone/integration-test/target/test-classes/webapps/static,AVAILABLE}
2021-01-12 14:07:01,631 [Listener at 0.0.0.0/36115] INFO  handler.ContextHandler (ContextHandler.java:doStart(916)) - Started o.e.j.w.WebAppContext@6b1321b7{scm,/,file:///github/workspace/mnt/ozone/hadoop-ozone/integration-test/target/test-classes/webapps/scm/,AVAILABLE}{file:/github/workspace/mnt/ozone/hadoop-ozone/integration-test/target/test-classes/webapps/scm}
2021-01-12 14:07:01,638 [Listener at 0.0.0.0/36115] INFO  server.AbstractConnector (AbstractConnector.java:doStart(331)) - Started ServerConnector@37a0ec3c{HTTP/1.1, (http/1.1)}{0.0.0.0:34099}
2021-01-12 14:07:01,638 [Listener at 0.0.0.0/36115] INFO  server.Server (Server.java:doStart(415)) - Started @2833ms
2021-01-12 14:07:01,640 [Listener at 0.0.0.0/36115] INFO  impl.MetricsSinkAdapter (MetricsSinkAdapter.java:start(204)) - Sink prometheus started
2021-01-12 14:07:01,640 [Listener at 0.0.0.0/36115] INFO  impl.MetricsSystemImpl (MetricsSystemImpl.java:registerSink(301)) - Registered sink prometheus
2021-01-12 14:07:01,644 [Listener at 0.0.0.0/36115] INFO  http.BaseHttpServer (BaseHttpServer.java:updateConnectorAddress(327)) - HTTP server of scm listening at http://0.0.0.0:34099
2021-01-12 14:07:01,657 [Listener at 0.0.0.0/36115] WARN  server.ServerUtils (ServerUtils.java:getDBPath(225)) - ozone.om.db.dirs is not configured. We recommend adding this setting. Falling back to ozone.metadata.dirs instead.
2021-01-12 14:07:01,668 [org.apache.hadoop.util.JvmPauseMonitor$Monitor@544e3679] INFO  util.JvmPauseMonitor (JvmPauseMonitor.java:run(188)) - Starting JVM pause monitor
2021-01-12 14:07:01,760 [Listener at 0.0.0.0/36115] INFO  ha.OMHANodeDetails (OMHANodeDetails.java:loadOMHAConfig(104)) - ozone.om.internal.service.id is not defined, falling back to ozone.om.service.ids to find serviceID for OzoneManager if it is HA enabled cluster
2021-01-12 14:07:01,763 [Listener at 0.0.0.0/36115] INFO  ha.OMHANodeDetails (OMHANodeDetails.java:loadOMHAConfig(210)) - Configuration either no ozone.om.address set. Falling back to the default OM address /127.0.0.1:0
2021-01-12 14:07:01,764 [Listener at 0.0.0.0/36115] INFO  ha.OMHANodeDetails (OMHANodeDetails.java:getOMNodeDetails(238)) - OM Service ID is not set. Setting it to the default ID: omServiceIdDefault
2021-01-12 14:07:01,768 [Listener at 0.0.0.0/36115] WARN  server.ServerUtils (ServerUtils.java:getDBPath(225)) - ozone.om.db.dirs is not configured. We recommend adding this setting. Falling back to ozone.metadata.dirs instead.
2021-01-12 14:07:01,769 [Listener at 0.0.0.0/36115] WARN  server.ServerUtils (ServerUtils.java:getDBPath(225)) - ozone.om.db.dirs is not configured. We recommend adding this setting. Falling back to ozone.metadata.dirs instead.
2021-01-12 14:07:02,466 [Listener at 0.0.0.0/36115] WARN  server.ServerUtils (ServerUtils.java:getDBPath(225)) - ozone.om.db.dirs is not configured. We recommend adding this setting. Falling back to ozone.metadata.dirs instead.
2021-01-12 14:07:02,472 [Listener at 0.0.0.0/36115] INFO  codec.OmKeyInfoCodec (OmKeyInfoCodec.java:<init>(41)) - OmKeyInfoCodec ignorePipeline = true
2021-01-12 14:07:02,473 [Listener at 0.0.0.0/36115] INFO  codec.RepeatedOmKeyInfoCodec (RepeatedOmKeyInfoCodec.java:<init>(40)) - RepeatedOmKeyInfoCodec ignorePipeline = true
2021-01-12 14:07:02,597 [Listener at 0.0.0.0/36115] INFO  om.OzoneManager (OzoneManager.java:addS3GVolumeToDB(3738)) - Created Volume s3v With Owner jenkins1001 required for S3Gateway operations.
2021-01-12 14:07:02,632 [Listener at 0.0.0.0/36115] INFO  ipc.CallQueueManager (CallQueueManager.java:<init>(84)) - Using callQueue: class java.util.concurrent.LinkedBlockingQueue, queueCapacity: 2000, scheduler: class org.apache.hadoop.ipc.DefaultRpcScheduler, ipcBackoff: false.
2021-01-12 14:07:02,632 [Socket Reader #1 for port 0] INFO  ipc.Server (Server.java:run(1219)) - Starting Socket Reader #1 for port 0
2021-01-12 14:07:02,661 [Listener at 127.0.0.1/33907] INFO  impl.MetricsSystemImpl (MetricsSystemImpl.java:init(158)) - OzoneManager metrics system started (again)
2021-01-12 14:07:02,663 [Listener at 127.0.0.1/33907] INFO  om.OzoneManager (OzoneManager.java:start(1160)) - OzoneManager RPC server is listening at localhost/127.0.0.1:33907
2021-01-12 14:07:02,695 [Listener at 127.0.0.1/33907] INFO  http.BaseHttpServer (BaseHttpServer.java:newHttpServer2BuilderForOzone(207)) - Starting Web-server for ozoneManager at: http://0.0.0.0:0
2021-01-12 14:07:02,695 [Listener at 127.0.0.1/33907] INFO  http.BaseHttpServer (BaseHttpServer.java:<init>(106)) - Hadoop Security Enabled: false Ozone Security Enabled: false Ozone HTTP Security Enabled: false 
2021-01-12 14:07:02,697 [Listener at 127.0.0.1/33907] INFO  server.AuthenticationFilter (AuthenticationFilter.java:constructSecretProvider(240)) - Unable to initialize FileSignerSecretProvider, falling back to use random secrets.
2021-01-12 14:07:02,697 [Listener at 127.0.0.1/33907] WARN  http.HttpRequestLog (HttpRequestLog.java:getRequestLog(103)) - Jetty request log can only be enabled using Log4j
2021-01-12 14:07:02,698 [Listener at 127.0.0.1/33907] INFO  http.HttpServer2 (HttpServer2.java:addGlobalFilter(1020)) - Added global filter 'safety' (class=org.apache.hadoop.hdds.server.http.HttpServer2$QuotingInputFilter)
2021-01-12 14:07:02,699 [Listener at 127.0.0.1/33907] INFO  http.HttpServer2 (HttpServer2.java:addFilter(996)) - Added filter static_user_filter (class=org.apache.hadoop.http.lib.StaticUserWebFilter$StaticUserFilter) to context ozoneManager
2021-01-12 14:07:02,699 [Listener at 127.0.0.1/33907] INFO  http.HttpServer2 (HttpServer2.java:addFilter(1004)) - Added filter static_user_filter (class=org.apache.hadoop.http.lib.StaticUserWebFilter$StaticUserFilter) to context static
2021-01-12 14:07:02,699 [Listener at 127.0.0.1/33907] INFO  http.HttpServer2 (HttpServer2.java:addFilter(1004)) - Added filter static_user_filter (class=org.apache.hadoop.http.lib.StaticUserWebFilter$StaticUserFilter) to context logs
2021-01-12 14:07:02,703 [Listener at 127.0.0.1/33907] INFO  http.HttpServer2 (HttpServer2.java:bindListener(1238)) - Jetty bound to port 44457
2021-01-12 14:07:02,703 [Listener at 127.0.0.1/33907] INFO  server.Server (Server.java:doStart(375)) - jetty-9.4.34.v20201102; built: 2020-11-02T14:15:39.302Z; git: e46af88704a893fc12cb0e3bf46e2c7b48a009e7; jvm 1.8.0_232-b09
2021-01-12 14:07:02,705 [Listener at 127.0.0.1/33907] INFO  server.session (DefaultSessionIdManager.java:doStart(334)) - DefaultSessionIdManager workerName=node0
2021-01-12 14:07:02,705 [Listener at 127.0.0.1/33907] INFO  server.session (DefaultSessionIdManager.java:doStart(339)) - No SessionScavenger set, using defaults
2021-01-12 14:07:02,706 [Listener at 127.0.0.1/33907] INFO  server.session (HouseKeeper.java:startScavenging(132)) - node0 Scavenging every 660000ms
2021-01-12 14:07:02,708 [Listener at 127.0.0.1/33907] INFO  handler.ContextHandler (ContextHandler.java:doStart(916)) - Started o.e.j.s.ServletContextHandler@24d73c51{logs,/logs,file:///github/workspace/mnt/ozone/hadoop-ozone/integration-test/target/log,AVAILABLE}
2021-01-12 14:07:02,708 [Listener at 127.0.0.1/33907] INFO  handler.ContextHandler (ContextHandler.java:doStart(916)) - Started o.e.j.s.ServletContextHandler@f26cd76{static,/static,file:///github/workspace/mnt/ozone/hadoop-ozone/integration-test/target/test-classes/webapps/static,AVAILABLE}
2021-01-12 14:07:02,713 [Listener at 127.0.0.1/33907] INFO  handler.ContextHandler (ContextHandler.java:doStart(916)) - Started o.e.j.w.WebAppContext@1f3dafd4{ozoneManager,/,file:///github/workspace/mnt/ozone/hadoop-ozone/integration-test/target/test-classes/webapps/ozoneManager/,AVAILABLE}{file:/github/workspace/mnt/ozone/hadoop-ozone/integration-test/target/test-classes/webapps/ozoneManager}
2021-01-12 14:07:02,715 [Listener at 127.0.0.1/33907] INFO  server.AbstractConnector (AbstractConnector.java:doStart(331)) - Started ServerConnector@113cc14d{HTTP/1.1, (http/1.1)}{0.0.0.0:44457}
2021-01-12 14:07:02,715 [Listener at 127.0.0.1/33907] INFO  server.Server (Server.java:doStart(415)) - Started @3910ms
2021-01-12 14:07:02,715 [Listener at 127.0.0.1/33907] WARN  impl.MetricsSystemImpl (MetricsSystemImpl.java:register(276)) - Sink prometheus already exists!
2021-01-12 14:07:02,718 [Listener at 127.0.0.1/33907] INFO  http.BaseHttpServer (BaseHttpServer.java:updateConnectorAddress(327)) - HTTP server of ozoneManager listening at http://0.0.0.0:44457
2021-01-12 14:07:02,718 [IPC Server Responder] INFO  ipc.Server (Server.java:run(1460)) - IPC Server Responder: starting
2021-01-12 14:07:02,719 [IPC Server listener on 0] INFO  ipc.Server (Server.java:run(1298)) - IPC Server listener on 0: starting
2021-01-12 14:07:02,722 [Listener at 127.0.0.1/33907] INFO  om.OzoneManager (OzoneManager.java:startTrashEmptier(1281)) - Trash Interval set to 0. Files deleted will not move to trash
2021-01-12 14:07:02,731 [org.apache.hadoop.util.JvmPauseMonitor$Monitor@d60cbad] INFO  util.JvmPauseMonitor (JvmPauseMonitor.java:run(188)) - Starting JVM pause monitor
2021-01-12 14:07:02,914 [Listener at 127.0.0.1/33907] INFO  metrics.MetricRegistries (MetricRegistriesLoader.java:load(64)) - Loaded MetricRegistries class org.apache.ratis.metrics.impl.MetricRegistriesImpl
2021-01-12 14:07:02,918 [Listener at 127.0.0.1/33907] INFO  impl.MetricsSystemImpl (MetricsSystemImpl.java:init(158)) - HddsDatanode metrics system started (again)
2021-01-12 14:07:02,922 [Listener at 127.0.0.1/33907] INFO  ozone.HddsDatanodeService (HddsDatanodeService.java:start(215)) - HddsDatanodeService host:e47597c41fba ip:172.17.0.2
2021-01-12 14:07:03,018 [Listener at 127.0.0.1/33907] INFO  volume.HddsVolume (HddsVolume.java:<init>(176)) - Creating Volume: /github/workspace/mnt/ozone/hadoop-ozone/integration-test/target/test-dir/MiniOzoneClusterImpl-43cf099b-0e8c-46dd-87e7-7f7fde2b07fc/datanode-0/data-0/containers/hdds of storage type : DISK and capacity : 9223372036854775807
2021-01-12 14:07:03,020 [Listener at 127.0.0.1/33907] INFO  volume.MutableVolumeSet (MutableVolumeSet.java:initializeVolumeSet(179)) - Added Volume : /github/workspace/mnt/ozone/hadoop-ozone/integration-test/target/test-dir/MiniOzoneClusterImpl-43cf099b-0e8c-46dd-87e7-7f7fde2b07fc/datanode-0/data-0/containers/hdds to VolumeSet
2021-01-12 14:07:03,021 [Listener at 127.0.0.1/33907] INFO  volume.ThrottledAsyncChecker (ThrottledAsyncChecker.java:schedule(141)) - Scheduling a check for /github/workspace/mnt/ozone/hadoop-ozone/integration-test/target/test-dir/MiniOzoneClusterImpl-43cf099b-0e8c-46dd-87e7-7f7fde2b07fc/datanode-0/data-0/containers/hdds
2021-01-12 14:07:03,040 [Listener at 127.0.0.1/33907] INFO  volume.HddsVolumeChecker (HddsVolumeChecker.java:checkAllVolumes(200)) - Scheduled health check for volume /github/workspace/mnt/ozone/hadoop-ozone/integration-test/target/test-dir/MiniOzoneClusterImpl-43cf099b-0e8c-46dd-87e7-7f7fde2b07fc/datanode-0/data-0/containers/hdds
2021-01-12 14:07:03,084 [Thread-128] INFO  ozoneimpl.ContainerReader (ContainerReader.java:readVolume(123)) - Start to verify containers on volume /github/workspace/mnt/ozone/hadoop-ozone/integration-test/target/test-dir/MiniOzoneClusterImpl-43cf099b-0e8c-46dd-87e7-7f7fde2b07fc/datanode-0/data-0/containers/hdds
2021-01-12 14:07:03,084 [Thread-128] INFO  ozoneimpl.ContainerReader (ContainerReader.java:readVolume(148)) - Finish verifying containers on volume /github/workspace/mnt/ozone/hadoop-ozone/integration-test/target/test-dir/MiniOzoneClusterImpl-43cf099b-0e8c-46dd-87e7-7f7fde2b07fc/datanode-0/data-0/containers/hdds
2021-01-12 14:07:03,085 [Listener at 127.0.0.1/33907] INFO  ozoneimpl.OzoneContainer (OzoneContainer.java:buildContainerSet(206)) - Build ContainerSet costs 0s
2021-01-12 14:07:03,273 [Listener at 127.0.0.1/33907] INFO  server.RaftServer (ConfUtils.java:logGet(44)) - raft.rpc.type = GRPC (default)
2021-01-12 14:07:03,361 [Listener at 127.0.0.1/33907] INFO  grpc.GrpcFactory (GrpcFactory.java:checkPooledByteBufAllocatorUseCacheForAllThreads(48)) - PERFORMANCE WARNING: useCacheForAllThreads is true that may cause Netty to create a lot garbage objects and, as a result, trigger GC.
	It is recommended to disable useCacheForAllThreads by setting -Dorg.apache.ratis.thirdparty.io.netty.allocator.useCacheForAllThreads=false in command line.
2021-01-12 14:07:03,366 [Listener at 127.0.0.1/33907] INFO  grpc.GrpcConfigKeys (ConfUtils.java:logGet(44)) - raft.grpc.server.port = 0 (default)
2021-01-12 14:07:03,367 [Listener at 127.0.0.1/33907] INFO  server.GrpcService (ConfUtils.java:logGet(44)) - raft.grpc.message.size.max = 32MB (=33554432) (custom)
2021-01-12 14:07:03,369 [Listener at 127.0.0.1/33907] INFO  server.RaftServerConfigKeys (ConfUtils.java:logGet(44)) - raft.server.log.appender.buffer.byte-limit = 33554432 (custom)
2021-01-12 14:07:03,370 [Listener at 127.0.0.1/33907] INFO  server.GrpcService (ConfUtils.java:logGet(44)) - raft.grpc.flow.control.window = 5MB (=5242880) (custom)
2021-01-12 14:07:03,371 [Listener at 127.0.0.1/33907] INFO  server.RaftServerConfigKeys (ConfUtils.java:logGet(44)) - raft.server.rpc.request.timeout = 60s (custom)
2021-01-12 14:07:03,534 [Listener at 127.0.0.1/33907] INFO  impl.DataStreamServerImpl (ConfUtils.java:logGet(44)) - raft.datastream.type = DISABLED (default)
2021-01-12 14:07:03,536 [Listener at 127.0.0.1/33907] INFO  server.RaftServerConfigKeys (ConfUtils.java:logGet(44)) - raft.server.rpc.slowness.timeout = 300s (custom)
2021-01-12 14:07:03,537 [Listener at 127.0.0.1/33907] INFO  server.RaftServerConfigKeys (ConfUtils.java:logGet(44)) - raft.server.leaderelection.leader.step-down.wait-time = 10s (default)
2021-01-12 14:07:03,549 [Listener at 127.0.0.1/33907] INFO  server.RaftServerConfigKeys (ConfUtils.java:logGet(44)) - raft.server.storage.dir = [/github/workspace/mnt/ozone/hadoop-ozone/integration-test/target/test-dir/MiniOzoneClusterImpl-43cf099b-0e8c-46dd-87e7-7f7fde2b07fc/datanode-0/data/ratis] (custom)
2021-01-12 14:07:03,650 [Listener at 127.0.0.1/33907] INFO  http.BaseHttpServer (BaseHttpServer.java:newHttpServer2BuilderForOzone(207)) - Starting Web-server for hddsDatanode at: http://0.0.0.0:0
2021-01-12 14:07:03,650 [Listener at 127.0.0.1/33907] INFO  http.BaseHttpServer (BaseHttpServer.java:<init>(106)) - Hadoop Security Enabled: false Ozone Security Enabled: false Ozone HTTP Security Enabled: false 
2021-01-12 14:07:03,652 [Listener at 127.0.0.1/33907] INFO  server.AuthenticationFilter (AuthenticationFilter.java:constructSecretProvider(240)) - Unable to initialize FileSignerSecretProvider, falling back to use random secrets.
2021-01-12 14:07:03,653 [Listener at 127.0.0.1/33907] WARN  http.HttpRequestLog (HttpRequestLog.java:getRequestLog(103)) - Jetty request log can only be enabled using Log4j
2021-01-12 14:07:03,655 [Listener at 127.0.0.1/33907] INFO  http.HttpServer2 (HttpServer2.java:addGlobalFilter(1020)) - Added global filter 'safety' (class=org.apache.hadoop.hdds.server.http.HttpServer2$QuotingInputFilter)
2021-01-12 14:07:03,656 [Listener at 127.0.0.1/33907] INFO  http.HttpServer2 (HttpServer2.java:addFilter(996)) - Added filter static_user_filter (class=org.apache.hadoop.http.lib.StaticUserWebFilter$StaticUserFilter) to context hddsDatanode
2021-01-12 14:07:03,656 [Listener at 127.0.0.1/33907] INFO  http.HttpServer2 (HttpServer2.java:addFilter(1004)) - Added filter static_user_filter (class=org.apache.hadoop.http.lib.StaticUserWebFilter$StaticUserFilter) to context logs
2021-01-12 14:07:03,657 [Listener at 127.0.0.1/33907] INFO  http.HttpServer2 (HttpServer2.java:addFilter(1004)) - Added filter static_user_filter (class=org.apache.hadoop.http.lib.StaticUserWebFilter$StaticUserFilter) to context static
2021-01-12 14:07:03,658 [Listener at 127.0.0.1/33907] INFO  http.HttpServer2 (HttpServer2.java:bindListener(1238)) - Jetty bound to port 37171
2021-01-12 14:07:03,658 [Listener at 127.0.0.1/33907] INFO  server.Server (Server.java:doStart(375)) - jetty-9.4.34.v20201102; built: 2020-11-02T14:15:39.302Z; git: e46af88704a893fc12cb0e3bf46e2c7b48a009e7; jvm 1.8.0_232-b09
2021-01-12 14:07:03,664 [Listener at 127.0.0.1/33907] INFO  server.session (DefaultSessionIdManager.java:doStart(334)) - DefaultSessionIdManager workerName=node0
2021-01-12 14:07:03,664 [Listener at 127.0.0.1/33907] INFO  server.session (DefaultSessionIdManager.java:doStart(339)) - No SessionScavenger set, using defaults
2021-01-12 14:07:03,664 [Listener at 127.0.0.1/33907] INFO  server.session (HouseKeeper.java:startScavenging(132)) - node0 Scavenging every 660000ms
2021-01-12 14:07:03,666 [Listener at 127.0.0.1/33907] INFO  handler.ContextHandler (ContextHandler.java:doStart(916)) - Started o.e.j.s.ServletContextHandler@34fe89a5{logs,/logs,file:///github/workspace/mnt/ozone/hadoop-ozone/integration-test/target/log,AVAILABLE}
2021-01-12 14:07:03,666 [Listener at 127.0.0.1/33907] INFO  handler.ContextHandler (ContextHandler.java:doStart(916)) - Started o.e.j.s.ServletContextHandler@3705e3fb{static,/static,jar:file:/home/user/.m2/repository/org/apache/hadoop/hadoop-hdds-container-service/1.1.0-SNAPSHOT/hadoop-hdds-container-service-1.1.0-SNAPSHOT.jar!/webapps/static,AVAILABLE}
2021-01-12 14:07:03,871 [Listener at 127.0.0.1/33907] INFO  handler.ContextHandler (ContextHandler.java:doStart(916)) - Started o.e.j.w.WebAppContext@202ed88d{hddsDatanode,/,file:///tmp/jetty-0_0_0_0-37171-hadoop-hdds-container-service-1_1_0-SNAPSHOT_jar-_-any-7205504002220661041/webapp/,AVAILABLE}{jar:file:/home/user/.m2/repository/org/apache/hadoop/hadoop-hdds-container-service/1.1.0-SNAPSHOT/hadoop-hdds-container-service-1.1.0-SNAPSHOT.jar!/webapps/hddsDatanode}
2021-01-12 14:07:03,873 [Listener at 127.0.0.1/33907] INFO  server.AbstractConnector (AbstractConnector.java:doStart(331)) - Started ServerConnector@1a819769{HTTP/1.1, (http/1.1)}{0.0.0.0:37171}
2021-01-12 14:07:03,874 [Listener at 127.0.0.1/33907] INFO  server.Server (Server.java:doStart(415)) - Started @5069ms
2021-01-12 14:07:03,874 [Listener at 127.0.0.1/33907] WARN  impl.MetricsSystemImpl (MetricsSystemImpl.java:register(276)) - Sink prometheus already exists!
2021-01-12 14:07:03,915 [Listener at 127.0.0.1/33907] INFO  http.BaseHttpServer (BaseHttpServer.java:updateConnectorAddress(327)) - HTTP server of hddsDatanode listening at http://0.0.0.0:37171
2021-01-12 14:07:03,919 [Listener at 127.0.0.1/33907] INFO  impl.MetricsSystemImpl (MetricsSystemImpl.java:init(158)) - HddsDatanode metrics system started (again)
2021-01-12 14:07:03,920 [Listener at 127.0.0.1/33907] INFO  ozone.HddsDatanodeService (HddsDatanodeService.java:start(215)) - HddsDatanodeService host:e47597c41fba ip:172.17.0.2
2021-01-12 14:07:03,924 [Listener at 127.0.0.1/33907] INFO  volume.HddsVolume (HddsVolume.java:<init>(176)) - Creating Volume: /github/workspace/mnt/ozone/hadoop-ozone/integration-test/target/test-dir/MiniOzoneClusterImpl-43cf099b-0e8c-46dd-87e7-7f7fde2b07fc/datanode-1/data-0/containers/hdds of storage type : DISK and capacity : 9223372036854775807
2021-01-12 14:07:03,924 [Listener at 127.0.0.1/33907] INFO  volume.MutableVolumeSet (MutableVolumeSet.java:initializeVolumeSet(179)) - Added Volume : /github/workspace/mnt/ozone/hadoop-ozone/integration-test/target/test-dir/MiniOzoneClusterImpl-43cf099b-0e8c-46dd-87e7-7f7fde2b07fc/datanode-1/data-0/containers/hdds to VolumeSet
2021-01-12 14:07:03,925 [Listener at 127.0.0.1/33907] INFO  volume.ThrottledAsyncChecker (ThrottledAsyncChecker.java:schedule(141)) - Scheduling a check for /github/workspace/mnt/ozone/hadoop-ozone/integration-test/target/test-dir/MiniOzoneClusterImpl-43cf099b-0e8c-46dd-87e7-7f7fde2b07fc/datanode-1/data-0/containers/hdds
2021-01-12 14:07:03,926 [Listener at 127.0.0.1/33907] INFO  volume.HddsVolumeChecker (HddsVolumeChecker.java:checkAllVolumes(200)) - Scheduled health check for volume /github/workspace/mnt/ozone/hadoop-ozone/integration-test/target/test-dir/MiniOzoneClusterImpl-43cf099b-0e8c-46dd-87e7-7f7fde2b07fc/datanode-1/data-0/containers/hdds
2021-01-12 14:07:03,956 [org.apache.hadoop.util.JvmPauseMonitor$Monitor@98854e1] INFO  util.JvmPauseMonitor (JvmPauseMonitor.java:run(188)) - Starting JVM pause monitor
2021-01-12 14:07:03,964 [Thread-137] INFO  ozoneimpl.ContainerReader (ContainerReader.java:readVolume(123)) - Start to verify containers on volume /github/workspace/mnt/ozone/hadoop-ozone/integration-test/target/test-dir/MiniOzoneClusterImpl-43cf099b-0e8c-46dd-87e7-7f7fde2b07fc/datanode-1/data-0/containers/hdds
2021-01-12 14:07:03,964 [Thread-137] INFO  ozoneimpl.ContainerReader (ContainerReader.java:readVolume(148)) - Finish verifying containers on volume /github/workspace/mnt/ozone/hadoop-ozone/integration-test/target/test-dir/MiniOzoneClusterImpl-43cf099b-0e8c-46dd-87e7-7f7fde2b07fc/datanode-1/data-0/containers/hdds
2021-01-12 14:07:03,964 [Listener at 127.0.0.1/33907] INFO  ozoneimpl.OzoneContainer (OzoneContainer.java:buildContainerSet(206)) - Build ContainerSet costs 0s
2021-01-12 14:07:03,967 [Listener at 127.0.0.1/33907] INFO  server.RaftServer (ConfUtils.java:logGet(44)) - raft.rpc.type = GRPC (default)
2021-01-12 14:07:03,967 [Listener at 127.0.0.1/33907] INFO  grpc.GrpcFactory (GrpcFactory.java:checkPooledByteBufAllocatorUseCacheForAllThreads(48)) - PERFORMANCE WARNING: useCacheForAllThreads is true that may cause Netty to create a lot garbage objects and, as a result, trigger GC.
	It is recommended to disable useCacheForAllThreads by setting -Dorg.apache.ratis.thirdparty.io.netty.allocator.useCacheForAllThreads=false in command line.
2021-01-12 14:07:03,967 [Listener at 127.0.0.1/33907] INFO  grpc.GrpcConfigKeys (ConfUtils.java:logGet(44)) - raft.grpc.server.port = 0 (default)
2021-01-12 14:07:03,967 [Listener at 127.0.0.1/33907] INFO  server.GrpcService (ConfUtils.java:logGet(44)) - raft.grpc.message.size.max = 32MB (=33554432) (custom)
2021-01-12 14:07:03,967 [Listener at 127.0.0.1/33907] INFO  server.RaftServerConfigKeys (ConfUtils.java:logGet(44)) - raft.server.log.appender.buffer.byte-limit = 33554432 (custom)
2021-01-12 14:07:03,967 [Listener at 127.0.0.1/33907] INFO  server.GrpcService (ConfUtils.java:logGet(44)) - raft.grpc.flow.control.window = 5MB (=5242880) (custom)
2021-01-12 14:07:03,968 [Listener at 127.0.0.1/33907] INFO  server.RaftServerConfigKeys (ConfUtils.java:logGet(44)) - raft.server.rpc.request.timeout = 60s (custom)
2021-01-12 14:07:03,969 [Listener at 127.0.0.1/33907] INFO  impl.DataStreamServerImpl (ConfUtils.java:logGet(44)) - raft.datastream.type = DISABLED (default)
2021-01-12 14:07:03,969 [Listener at 127.0.0.1/33907] INFO  server.RaftServerConfigKeys (ConfUtils.java:logGet(44)) - raft.server.rpc.slowness.timeout = 300s (custom)
2021-01-12 14:07:03,969 [Listener at 127.0.0.1/33907] INFO  server.RaftServerConfigKeys (ConfUtils.java:logGet(44)) - raft.server.leaderelection.leader.step-down.wait-time = 10s (default)
2021-01-12 14:07:03,970 [Listener at 127.0.0.1/33907] INFO  server.RaftServerConfigKeys (ConfUtils.java:logGet(44)) - raft.server.storage.dir = [/github/workspace/mnt/ozone/hadoop-ozone/integration-test/target/test-dir/MiniOzoneClusterImpl-43cf099b-0e8c-46dd-87e7-7f7fde2b07fc/datanode-1/data/ratis] (custom)
2021-01-12 14:07:03,986 [Listener at 127.0.0.1/33907] INFO  http.BaseHttpServer (BaseHttpServer.java:newHttpServer2BuilderForOzone(207)) - Starting Web-server for hddsDatanode at: http://0.0.0.0:0
2021-01-12 14:07:03,986 [Listener at 127.0.0.1/33907] INFO  http.BaseHttpServer (BaseHttpServer.java:<init>(106)) - Hadoop Security Enabled: false Ozone Security Enabled: false Ozone HTTP Security Enabled: false 
2021-01-12 14:07:03,988 [Listener at 127.0.0.1/33907] INFO  server.AuthenticationFilter (AuthenticationFilter.java:constructSecretProvider(240)) - Unable to initialize FileSignerSecretProvider, falling back to use random secrets.
2021-01-12 14:07:03,996 [Listener at 127.0.0.1/33907] WARN  http.HttpRequestLog (HttpRequestLog.java:getRequestLog(103)) - Jetty request log can only be enabled using Log4j
2021-01-12 14:07:03,996 [Listener at 127.0.0.1/33907] INFO  http.HttpServer2 (HttpServer2.java:addGlobalFilter(1020)) - Added global filter 'safety' (class=org.apache.hadoop.hdds.server.http.HttpServer2$QuotingInputFilter)
2021-01-12 14:07:03,998 [Listener at 127.0.0.1/33907] INFO  http.HttpServer2 (HttpServer2.java:addFilter(996)) - Added filter static_user_filter (class=org.apache.hadoop.http.lib.StaticUserWebFilter$StaticUserFilter) to context hddsDatanode
2021-01-12 14:07:03,998 [Listener at 127.0.0.1/33907] INFO  http.HttpServer2 (HttpServer2.java:addFilter(1004)) - Added filter static_user_filter (class=org.apache.hadoop.http.lib.StaticUserWebFilter$StaticUserFilter) to context static
2021-01-12 14:07:03,998 [Listener at 127.0.0.1/33907] INFO  http.HttpServer2 (HttpServer2.java:addFilter(1004)) - Added filter static_user_filter (class=org.apache.hadoop.http.lib.StaticUserWebFilter$StaticUserFilter) to context logs
2021-01-12 14:07:03,999 [Listener at 127.0.0.1/33907] INFO  http.HttpServer2 (HttpServer2.java:bindListener(1238)) - Jetty bound to port 33219
2021-01-12 14:07:04,000 [Listener at 127.0.0.1/33907] INFO  server.Server (Server.java:doStart(375)) - jetty-9.4.34.v20201102; built: 2020-11-02T14:15:39.302Z; git: e46af88704a893fc12cb0e3bf46e2c7b48a009e7; jvm 1.8.0_232-b09
2021-01-12 14:07:04,054 [Listener at 127.0.0.1/33907] INFO  server.session (DefaultSessionIdManager.java:doStart(334)) - DefaultSessionIdManager workerName=node0
2021-01-12 14:07:04,054 [Listener at 127.0.0.1/33907] INFO  server.session (DefaultSessionIdManager.java:doStart(339)) - No SessionScavenger set, using defaults
2021-01-12 14:07:04,054 [Listener at 127.0.0.1/33907] INFO  server.session (HouseKeeper.java:startScavenging(132)) - node0 Scavenging every 660000ms
2021-01-12 14:07:04,064 [Listener at 127.0.0.1/33907] INFO  handler.ContextHandler (ContextHandler.java:doStart(916)) - Started o.e.j.s.ServletContextHandler@5a4a8a33{logs,/logs,file:///github/workspace/mnt/ozone/hadoop-ozone/integration-test/target/log,AVAILABLE}
2021-01-12 14:07:04,064 [Listener at 127.0.0.1/33907] INFO  handler.ContextHandler (ContextHandler.java:doStart(916)) - Started o.e.j.s.ServletContextHandler@63cf6497{static,/static,jar:file:/home/user/.m2/repository/org/apache/hadoop/hadoop-hdds-container-service/1.1.0-SNAPSHOT/hadoop-hdds-container-service-1.1.0-SNAPSHOT.jar!/webapps/static,AVAILABLE}
2021-01-12 14:07:04,089 [Datanode State Machine Task Thread - 0] INFO  datanode.InitDatanodeState (InitDatanodeState.java:persistContainerDatanodeDetails(145)) - DatanodeDetails is persisted to /github/workspace/mnt/ozone/hadoop-ozone/integration-test/target/test-dir/MiniOzoneClusterImpl-43cf099b-0e8c-46dd-87e7-7f7fde2b07fc/datanode-0/meta/datanode.id
2021-01-12 14:07:04,232 [Listener at 127.0.0.1/33907] INFO  handler.ContextHandler (ContextHandler.java:doStart(916)) - Started o.e.j.w.WebAppContext@5eaab295{hddsDatanode,/,file:///tmp/jetty-0_0_0_0-33219-hadoop-hdds-container-service-1_1_0-SNAPSHOT_jar-_-any-5473595447958106289/webapp/,AVAILABLE}{jar:file:/home/user/.m2/repository/org/apache/hadoop/hadoop-hdds-container-service/1.1.0-SNAPSHOT/hadoop-hdds-container-service-1.1.0-SNAPSHOT.jar!/webapps/hddsDatanode}
2021-01-12 14:07:04,236 [Listener at 127.0.0.1/33907] INFO  server.AbstractConnector (AbstractConnector.java:doStart(331)) - Started ServerConnector@5dce3e82{HTTP/1.1, (http/1.1)}{0.0.0.0:33219}
2021-01-12 14:07:04,236 [Listener at 127.0.0.1/33907] INFO  server.Server (Server.java:doStart(415)) - Started @5431ms
2021-01-12 14:07:04,236 [Listener at 127.0.0.1/33907] WARN  impl.MetricsSystemImpl (MetricsSystemImpl.java:register(276)) - Sink prometheus already exists!
2021-01-12 14:07:04,239 [Listener at 127.0.0.1/33907] INFO  http.BaseHttpServer (BaseHttpServer.java:updateConnectorAddress(327)) - HTTP server of hddsDatanode listening at http://0.0.0.0:33219
2021-01-12 14:07:04,240 [Listener at 127.0.0.1/33907] INFO  impl.MetricsSystemImpl (MetricsSystemImpl.java:init(158)) - HddsDatanode metrics system started (again)
2021-01-12 14:07:04,241 [Listener at 127.0.0.1/33907] INFO  ozone.HddsDatanodeService (HddsDatanodeService.java:start(215)) - HddsDatanodeService host:e47597c41fba ip:172.17.0.2
2021-01-12 14:07:04,245 [Listener at 127.0.0.1/33907] INFO  volume.HddsVolume (HddsVolume.java:<init>(176)) - Creating Volume: /github/workspace/mnt/ozone/hadoop-ozone/integration-test/target/test-dir/MiniOzoneClusterImpl-43cf099b-0e8c-46dd-87e7-7f7fde2b07fc/datanode-2/data-0/containers/hdds of storage type : DISK and capacity : 9223372036854775807
2021-01-12 14:07:04,246 [Listener at 127.0.0.1/33907] INFO  volume.MutableVolumeSet (MutableVolumeSet.java:initializeVolumeSet(179)) - Added Volume : /github/workspace/mnt/ozone/hadoop-ozone/integration-test/target/test-dir/MiniOzoneClusterImpl-43cf099b-0e8c-46dd-87e7-7f7fde2b07fc/datanode-2/data-0/containers/hdds to VolumeSet
2021-01-12 14:07:04,246 [Listener at 127.0.0.1/33907] INFO  volume.ThrottledAsyncChecker (ThrottledAsyncChecker.java:schedule(141)) - Scheduling a check for /github/workspace/mnt/ozone/hadoop-ozone/integration-test/target/test-dir/MiniOzoneClusterImpl-43cf099b-0e8c-46dd-87e7-7f7fde2b07fc/datanode-2/data-0/containers/hdds
2021-01-12 14:07:04,247 [Listener at 127.0.0.1/33907] INFO  volume.HddsVolumeChecker (HddsVolumeChecker.java:checkAllVolumes(200)) - Scheduled health check for volume /github/workspace/mnt/ozone/hadoop-ozone/integration-test/target/test-dir/MiniOzoneClusterImpl-43cf099b-0e8c-46dd-87e7-7f7fde2b07fc/datanode-2/data-0/containers/hdds
2021-01-12 14:07:04,272 [org.apache.hadoop.util.JvmPauseMonitor$Monitor@3eff639a] INFO  util.JvmPauseMonitor (JvmPauseMonitor.java:run(188)) - Starting JVM pause monitor
2021-01-12 14:07:04,282 [Datanode State Machine Task Thread - 0] INFO  datanode.InitDatanodeState (InitDatanodeState.java:persistContainerDatanodeDetails(145)) - DatanodeDetails is persisted to /github/workspace/mnt/ozone/hadoop-ozone/integration-test/target/test-dir/MiniOzoneClusterImpl-43cf099b-0e8c-46dd-87e7-7f7fde2b07fc/datanode-1/meta/datanode.id
2021-01-12 14:07:04,282 [Thread-148] INFO  ozoneimpl.ContainerReader (ContainerReader.java:readVolume(123)) - Start to verify containers on volume /github/workspace/mnt/ozone/hadoop-ozone/integration-test/target/test-dir/MiniOzoneClusterImpl-43cf099b-0e8c-46dd-87e7-7f7fde2b07fc/datanode-2/data-0/containers/hdds
2021-01-12 14:07:04,282 [Thread-148] INFO  ozoneimpl.ContainerReader (ContainerReader.java:readVolume(148)) - Finish verifying containers on volume /github/workspace/mnt/ozone/hadoop-ozone/integration-test/target/test-dir/MiniOzoneClusterImpl-43cf099b-0e8c-46dd-87e7-7f7fde2b07fc/datanode-2/data-0/containers/hdds
2021-01-12 14:07:04,283 [Listener at 127.0.0.1/33907] INFO  ozoneimpl.OzoneContainer (OzoneContainer.java:buildContainerSet(206)) - Build ContainerSet costs 0s
2021-01-12 14:07:04,286 [Listener at 127.0.0.1/33907] INFO  server.RaftServer (ConfUtils.java:logGet(44)) - raft.rpc.type = GRPC (default)
2021-01-12 14:07:04,286 [Listener at 127.0.0.1/33907] INFO  grpc.GrpcFactory (GrpcFactory.java:checkPooledByteBufAllocatorUseCacheForAllThreads(48)) - PERFORMANCE WARNING: useCacheForAllThreads is true that may cause Netty to create a lot garbage objects and, as a result, trigger GC.
	It is recommended to disable useCacheForAllThreads by setting -Dorg.apache.ratis.thirdparty.io.netty.allocator.useCacheForAllThreads=false in command line.
2021-01-12 14:07:04,286 [Listener at 127.0.0.1/33907] INFO  grpc.GrpcConfigKeys (ConfUtils.java:logGet(44)) - raft.grpc.server.port = 0 (default)
2021-01-12 14:07:04,287 [Listener at 127.0.0.1/33907] INFO  server.GrpcService (ConfUtils.java:logGet(44)) - raft.grpc.message.size.max = 32MB (=33554432) (custom)
2021-01-12 14:07:04,287 [Listener at 127.0.0.1/33907] INFO  server.RaftServerConfigKeys (ConfUtils.java:logGet(44)) - raft.server.log.appender.buffer.byte-limit = 33554432 (custom)
2021-01-12 14:07:04,287 [Listener at 127.0.0.1/33907] INFO  server.GrpcService (ConfUtils.java:logGet(44)) - raft.grpc.flow.control.window = 5MB (=5242880) (custom)
2021-01-12 14:07:04,287 [Listener at 127.0.0.1/33907] INFO  server.RaftServerConfigKeys (ConfUtils.java:logGet(44)) - raft.server.rpc.request.timeout = 60s (custom)
2021-01-12 14:07:04,290 [Listener at 127.0.0.1/33907] INFO  impl.DataStreamServerImpl (ConfUtils.java:logGet(44)) - raft.datastream.type = DISABLED (default)
2021-01-12 14:07:04,290 [Listener at 127.0.0.1/33907] INFO  server.RaftServerConfigKeys (ConfUtils.java:logGet(44)) - raft.server.rpc.slowness.timeout = 300s (custom)
2021-01-12 14:07:04,290 [Listener at 127.0.0.1/33907] INFO  server.RaftServerConfigKeys (ConfUtils.java:logGet(44)) - raft.server.leaderelection.leader.step-down.wait-time = 10s (default)
2021-01-12 14:07:04,290 [Listener at 127.0.0.1/33907] INFO  server.RaftServerConfigKeys (ConfUtils.java:logGet(44)) - raft.server.storage.dir = [/github/workspace/mnt/ozone/hadoop-ozone/integration-test/target/test-dir/MiniOzoneClusterImpl-43cf099b-0e8c-46dd-87e7-7f7fde2b07fc/datanode-2/data/ratis] (custom)
2021-01-12 14:07:04,296 [Listener at 127.0.0.1/33907] INFO  http.BaseHttpServer (BaseHttpServer.java:newHttpServer2BuilderForOzone(207)) - Starting Web-server for hddsDatanode at: http://0.0.0.0:0
2021-01-12 14:07:04,296 [Listener at 127.0.0.1/33907] INFO  http.BaseHttpServer (BaseHttpServer.java:<init>(106)) - Hadoop Security Enabled: false Ozone Security Enabled: false Ozone HTTP Security Enabled: false 
2021-01-12 14:07:04,298 [Listener at 127.0.0.1/33907] INFO  server.AuthenticationFilter (AuthenticationFilter.java:constructSecretProvider(240)) - Unable to initialize FileSignerSecretProvider, falling back to use random secrets.
2021-01-12 14:07:04,298 [Listener at 127.0.0.1/33907] WARN  http.HttpRequestLog (HttpRequestLog.java:getRequestLog(103)) - Jetty request log can only be enabled using Log4j
2021-01-12 14:07:04,299 [Listener at 127.0.0.1/33907] INFO  http.HttpServer2 (HttpServer2.java:addGlobalFilter(1020)) - Added global filter 'safety' (class=org.apache.hadoop.hdds.server.http.HttpServer2$QuotingInputFilter)
2021-01-12 14:07:04,300 [Listener at 127.0.0.1/33907] INFO  http.HttpServer2 (HttpServer2.java:addFilter(996)) - Added filter static_user_filter (class=org.apache.hadoop.http.lib.StaticUserWebFilter$StaticUserFilter) to context hddsDatanode
2021-01-12 14:07:04,300 [Listener at 127.0.0.1/33907] INFO  http.HttpServer2 (HttpServer2.java:addFilter(1004)) - Added filter static_user_filter (class=org.apache.hadoop.http.lib.StaticUserWebFilter$StaticUserFilter) to context logs
2021-01-12 14:07:04,300 [Listener at 127.0.0.1/33907] INFO  http.HttpServer2 (HttpServer2.java:addFilter(1004)) - Added filter static_user_filter (class=org.apache.hadoop.http.lib.StaticUserWebFilter$StaticUserFilter) to context static
2021-01-12 14:07:04,301 [Listener at 127.0.0.1/33907] INFO  http.HttpServer2 (HttpServer2.java:bindListener(1238)) - Jetty bound to port 43773
2021-01-12 14:07:04,301 [Listener at 127.0.0.1/33907] INFO  server.Server (Server.java:doStart(375)) - jetty-9.4.34.v20201102; built: 2020-11-02T14:15:39.302Z; git: e46af88704a893fc12cb0e3bf46e2c7b48a009e7; jvm 1.8.0_232-b09
2021-01-12 14:07:04,305 [Listener at 127.0.0.1/33907] INFO  server.session (DefaultSessionIdManager.java:doStart(334)) - DefaultSessionIdManager workerName=node0
2021-01-12 14:07:04,305 [Listener at 127.0.0.1/33907] INFO  server.session (DefaultSessionIdManager.java:doStart(339)) - No SessionScavenger set, using defaults
2021-01-12 14:07:04,305 [Listener at 127.0.0.1/33907] INFO  server.session (HouseKeeper.java:startScavenging(132)) - node0 Scavenging every 600000ms
2021-01-12 14:07:04,307 [Listener at 127.0.0.1/33907] INFO  handler.ContextHandler (ContextHandler.java:doStart(916)) - Started o.e.j.s.ServletContextHandler@1d63c523{logs,/logs,file:///github/workspace/mnt/ozone/hadoop-ozone/integration-test/target/log,AVAILABLE}
2021-01-12 14:07:04,307 [Listener at 127.0.0.1/33907] INFO  handler.ContextHandler (ContextHandler.java:doStart(916)) - Started o.e.j.s.ServletContextHandler@336b6e93{static,/static,jar:file:/home/user/.m2/repository/org/apache/hadoop/hadoop-hdds-container-service/1.1.0-SNAPSHOT/hadoop-hdds-container-service-1.1.0-SNAPSHOT.jar!/webapps/static,AVAILABLE}
2021-01-12 14:07:04,474 [Listener at 127.0.0.1/33907] INFO  handler.ContextHandler (ContextHandler.java:doStart(916)) - Started o.e.j.w.WebAppContext@6e925a46{hddsDatanode,/,file:///tmp/jetty-0_0_0_0-43773-hadoop-hdds-container-service-1_1_0-SNAPSHOT_jar-_-any-1733036344274888687/webapp/,AVAILABLE}{jar:file:/home/user/.m2/repository/org/apache/hadoop/hadoop-hdds-container-service/1.1.0-SNAPSHOT/hadoop-hdds-container-service-1.1.0-SNAPSHOT.jar!/webapps/hddsDatanode}
2021-01-12 14:07:04,475 [Listener at 127.0.0.1/33907] INFO  server.AbstractConnector (AbstractConnector.java:doStart(331)) - Started ServerConnector@2ab0ca04{HTTP/1.1, (http/1.1)}{0.0.0.0:43773}
2021-01-12 14:07:04,476 [Listener at 127.0.0.1/33907] INFO  server.Server (Server.java:doStart(415)) - Started @5671ms
2021-01-12 14:07:04,476 [Listener at 127.0.0.1/33907] WARN  impl.MetricsSystemImpl (MetricsSystemImpl.java:register(276)) - Sink prometheus already exists!
2021-01-12 14:07:04,479 [Listener at 127.0.0.1/33907] INFO  http.BaseHttpServer (BaseHttpServer.java:updateConnectorAddress(327)) - HTTP server of hddsDatanode listening at http://0.0.0.0:43773
2021-01-12 14:07:04,480 [Listener at 127.0.0.1/33907] INFO  impl.MetricsSystemImpl (MetricsSystemImpl.java:init(158)) - HddsDatanode metrics system started (again)
2021-01-12 14:07:04,481 [Listener at 127.0.0.1/33907] INFO  ozone.HddsDatanodeService (HddsDatanodeService.java:start(215)) - HddsDatanodeService host:e47597c41fba ip:172.17.0.2
2021-01-12 14:07:04,483 [Listener at 127.0.0.1/33907] INFO  volume.HddsVolume (HddsVolume.java:<init>(176)) - Creating Volume: /github/workspace/mnt/ozone/hadoop-ozone/integration-test/target/test-dir/MiniOzoneClusterImpl-43cf099b-0e8c-46dd-87e7-7f7fde2b07fc/datanode-3/data-0/containers/hdds of storage type : DISK and capacity : 9223372036854775807
2021-01-12 14:07:04,483 [Listener at 127.0.0.1/33907] INFO  volume.MutableVolumeSet (MutableVolumeSet.java:initializeVolumeSet(179)) - Added Volume : /github/workspace/mnt/ozone/hadoop-ozone/integration-test/target/test-dir/MiniOzoneClusterImpl-43cf099b-0e8c-46dd-87e7-7f7fde2b07fc/datanode-3/data-0/containers/hdds to VolumeSet
2021-01-12 14:07:04,483 [Listener at 127.0.0.1/33907] INFO  volume.ThrottledAsyncChecker (ThrottledAsyncChecker.java:schedule(141)) - Scheduling a check for /github/workspace/mnt/ozone/hadoop-ozone/integration-test/target/test-dir/MiniOzoneClusterImpl-43cf099b-0e8c-46dd-87e7-7f7fde2b07fc/datanode-3/data-0/containers/hdds
2021-01-12 14:07:04,484 [Listener at 127.0.0.1/33907] INFO  volume.HddsVolumeChecker (HddsVolumeChecker.java:checkAllVolumes(200)) - Scheduled health check for volume /github/workspace/mnt/ozone/hadoop-ozone/integration-test/target/test-dir/MiniOzoneClusterImpl-43cf099b-0e8c-46dd-87e7-7f7fde2b07fc/datanode-3/data-0/containers/hdds
2021-01-12 14:07:04,492 [org.apache.hadoop.util.JvmPauseMonitor$Monitor@4391fe37] INFO  util.JvmPauseMonitor (JvmPauseMonitor.java:run(188)) - Starting JVM pause monitor
2021-01-12 14:07:04,495 [Datanode State Machine Task Thread - 0] INFO  datanode.InitDatanodeState (InitDatanodeState.java:persistContainerDatanodeDetails(145)) - DatanodeDetails is persisted to /github/workspace/mnt/ozone/hadoop-ozone/integration-test/target/test-dir/MiniOzoneClusterImpl-43cf099b-0e8c-46dd-87e7-7f7fde2b07fc/datanode-2/meta/datanode.id
2021-01-12 14:07:04,506 [Thread-161] INFO  ozoneimpl.ContainerReader (ContainerReader.java:readVolume(123)) - Start to verify containers on volume /github/workspace/mnt/ozone/hadoop-ozone/integration-test/target/test-dir/MiniOzoneClusterImpl-43cf099b-0e8c-46dd-87e7-7f7fde2b07fc/datanode-3/data-0/containers/hdds
2021-01-12 14:07:04,507 [Thread-161] INFO  ozoneimpl.ContainerReader (ContainerReader.java:readVolume(148)) - Finish verifying containers on volume /github/workspace/mnt/ozone/hadoop-ozone/integration-test/target/test-dir/MiniOzoneClusterImpl-43cf099b-0e8c-46dd-87e7-7f7fde2b07fc/datanode-3/data-0/containers/hdds
2021-01-12 14:07:04,507 [Listener at 127.0.0.1/33907] INFO  ozoneimpl.OzoneContainer (OzoneContainer.java:buildContainerSet(206)) - Build ContainerSet costs 0s
2021-01-12 14:07:04,510 [Listener at 127.0.0.1/33907] INFO  server.RaftServer (ConfUtils.java:logGet(44)) - raft.rpc.type = GRPC (default)
2021-01-12 14:07:04,510 [Listener at 127.0.0.1/33907] INFO  grpc.GrpcFactory (GrpcFactory.java:checkPooledByteBufAllocatorUseCacheForAllThreads(48)) - PERFORMANCE WARNING: useCacheForAllThreads is true that may cause Netty to create a lot garbage objects and, as a result, trigger GC.
	It is recommended to disable useCacheForAllThreads by setting -Dorg.apache.ratis.thirdparty.io.netty.allocator.useCacheForAllThreads=false in command line.
2021-01-12 14:07:04,512 [Listener at 127.0.0.1/33907] INFO  grpc.GrpcConfigKeys (ConfUtils.java:logGet(44)) - raft.grpc.server.port = 0 (default)
2021-01-12 14:07:04,512 [Listener at 127.0.0.1/33907] INFO  server.GrpcService (ConfUtils.java:logGet(44)) - raft.grpc.message.size.max = 32MB (=33554432) (custom)
2021-01-12 14:07:04,512 [Listener at 127.0.0.1/33907] INFO  server.RaftServerConfigKeys (ConfUtils.java:logGet(44)) - raft.server.log.appender.buffer.byte-limit = 33554432 (custom)
2021-01-12 14:07:04,513 [Listener at 127.0.0.1/33907] INFO  server.GrpcService (ConfUtils.java:logGet(44)) - raft.grpc.flow.control.window = 5MB (=5242880) (custom)
2021-01-12 14:07:04,513 [Listener at 127.0.0.1/33907] INFO  server.RaftServerConfigKeys (ConfUtils.java:logGet(44)) - raft.server.rpc.request.timeout = 60s (custom)
2021-01-12 14:07:04,514 [Listener at 127.0.0.1/33907] INFO  impl.DataStreamServerImpl (ConfUtils.java:logGet(44)) - raft.datastream.type = DISABLED (default)
2021-01-12 14:07:04,515 [Listener at 127.0.0.1/33907] INFO  server.RaftServerConfigKeys (ConfUtils.java:logGet(44)) - raft.server.rpc.slowness.timeout = 300s (custom)
2021-01-12 14:07:04,515 [Listener at 127.0.0.1/33907] INFO  server.RaftServerConfigKeys (ConfUtils.java:logGet(44)) - raft.server.leaderelection.leader.step-down.wait-time = 10s (default)
2021-01-12 14:07:04,516 [Listener at 127.0.0.1/33907] INFO  server.RaftServerConfigKeys (ConfUtils.java:logGet(44)) - raft.server.storage.dir = [/github/workspace/mnt/ozone/hadoop-ozone/integration-test/target/test-dir/MiniOzoneClusterImpl-43cf099b-0e8c-46dd-87e7-7f7fde2b07fc/datanode-3/data/ratis] (custom)
2021-01-12 14:07:04,522 [Listener at 127.0.0.1/33907] INFO  http.BaseHttpServer (BaseHttpServer.java:newHttpServer2BuilderForOzone(207)) - Starting Web-server for hddsDatanode at: http://0.0.0.0:0
2021-01-12 14:07:04,523 [Listener at 127.0.0.1/33907] INFO  http.BaseHttpServer (BaseHttpServer.java:<init>(106)) - Hadoop Security Enabled: false Ozone Security Enabled: false Ozone HTTP Security Enabled: false 
2021-01-12 14:07:04,525 [Listener at 127.0.0.1/33907] INFO  server.AuthenticationFilter (AuthenticationFilter.java:constructSecretProvider(240)) - Unable to initialize FileSignerSecretProvider, falling back to use random secrets.
2021-01-12 14:07:04,525 [Listener at 127.0.0.1/33907] WARN  http.HttpRequestLog (HttpRequestLog.java:getRequestLog(103)) - Jetty request log can only be enabled using Log4j
2021-01-12 14:07:04,526 [Listener at 127.0.0.1/33907] INFO  http.HttpServer2 (HttpServer2.java:addGlobalFilter(1020)) - Added global filter 'safety' (class=org.apache.hadoop.hdds.server.http.HttpServer2$QuotingInputFilter)
2021-01-12 14:07:04,527 [Listener at 127.0.0.1/33907] INFO  http.HttpServer2 (HttpServer2.java:addFilter(996)) - Added filter static_user_filter (class=org.apache.hadoop.http.lib.StaticUserWebFilter$StaticUserFilter) to context hddsDatanode
2021-01-12 14:07:04,527 [Listener at 127.0.0.1/33907] INFO  http.HttpServer2 (HttpServer2.java:addFilter(1004)) - Added filter static_user_filter (class=org.apache.hadoop.http.lib.StaticUserWebFilter$StaticUserFilter) to context logs
2021-01-12 14:07:04,527 [Listener at 127.0.0.1/33907] INFO  http.HttpServer2 (HttpServer2.java:addFilter(1004)) - Added filter static_user_filter (class=org.apache.hadoop.http.lib.StaticUserWebFilter$StaticUserFilter) to context static
2021-01-12 14:07:04,528 [Listener at 127.0.0.1/33907] INFO  http.HttpServer2 (HttpServer2.java:bindListener(1238)) - Jetty bound to port 41177
2021-01-12 14:07:04,528 [Listener at 127.0.0.1/33907] INFO  server.Server (Server.java:doStart(375)) - jetty-9.4.34.v20201102; built: 2020-11-02T14:15:39.302Z; git: e46af88704a893fc12cb0e3bf46e2c7b48a009e7; jvm 1.8.0_232-b09
2021-01-12 14:07:04,530 [Listener at 127.0.0.1/33907] INFO  server.session (DefaultSessionIdManager.java:doStart(334)) - DefaultSessionIdManager workerName=node0
2021-01-12 14:07:04,530 [Listener at 127.0.0.1/33907] INFO  server.session (DefaultSessionIdManager.java:doStart(339)) - No SessionScavenger set, using defaults
2021-01-12 14:07:04,531 [Listener at 127.0.0.1/33907] INFO  server.session (HouseKeeper.java:startScavenging(132)) - node0 Scavenging every 600000ms
2021-01-12 14:07:04,531 [Listener at 127.0.0.1/33907] INFO  handler.ContextHandler (ContextHandler.java:doStart(916)) - Started o.e.j.s.ServletContextHandler@6c152246{logs,/logs,file:///github/workspace/mnt/ozone/hadoop-ozone/integration-test/target/log,AVAILABLE}
2021-01-12 14:07:04,532 [Listener at 127.0.0.1/33907] INFO  handler.ContextHandler (ContextHandler.java:doStart(916)) - Started o.e.j.s.ServletContextHandler@2380e8d4{static,/static,jar:file:/home/user/.m2/repository/org/apache/hadoop/hadoop-hdds-container-service/1.1.0-SNAPSHOT/hadoop-hdds-container-service-1.1.0-SNAPSHOT.jar!/webapps/static,AVAILABLE}
2021-01-12 14:07:04,686 [Listener at 127.0.0.1/33907] INFO  handler.ContextHandler (ContextHandler.java:doStart(916)) - Started o.e.j.w.WebAppContext@7c0b83af{hddsDatanode,/,file:///tmp/jetty-0_0_0_0-41177-hadoop-hdds-container-service-1_1_0-SNAPSHOT_jar-_-any-3744238820072628310/webapp/,AVAILABLE}{jar:file:/home/user/.m2/repository/org/apache/hadoop/hadoop-hdds-container-service/1.1.0-SNAPSHOT/hadoop-hdds-container-service-1.1.0-SNAPSHOT.jar!/webapps/hddsDatanode}
2021-01-12 14:07:04,688 [Listener at 127.0.0.1/33907] INFO  server.AbstractConnector (AbstractConnector.java:doStart(331)) - Started ServerConnector@679f3e12{HTTP/1.1, (http/1.1)}{0.0.0.0:41177}
2021-01-12 14:07:04,689 [Listener at 127.0.0.1/33907] INFO  server.Server (Server.java:doStart(415)) - Started @5884ms
2021-01-12 14:07:04,689 [Listener at 127.0.0.1/33907] WARN  impl.MetricsSystemImpl (MetricsSystemImpl.java:register(276)) - Sink prometheus already exists!
2021-01-12 14:07:04,692 [Listener at 127.0.0.1/33907] INFO  http.BaseHttpServer (BaseHttpServer.java:updateConnectorAddress(327)) - HTTP server of hddsDatanode listening at http://0.0.0.0:41177
2021-01-12 14:07:04,697 [Listener at 127.0.0.1/33907] INFO  ozone.MiniOzoneClusterImpl (MiniOzoneClusterImpl.java:lambda$waitForClusterToBeReady$0(179)) - Waiting for nodes to be ready. Got 0 of 4 DN Heartbeats.
2021-01-12 14:07:04,697 [Listener at 127.0.0.1/33907] INFO  ozone.MiniOzoneClusterImpl (MiniOzoneClusterImpl.java:lambda$waitForClusterToBeReady$0(182)) - Waiting for cluster to exit safe mode
2021-01-12 14:07:04,708 [org.apache.hadoop.util.JvmPauseMonitor$Monitor@75eae235] INFO  util.JvmPauseMonitor (JvmPauseMonitor.java:run(188)) - Starting JVM pause monitor
2021-01-12 14:07:04,710 [Datanode State Machine Task Thread - 0] INFO  datanode.InitDatanodeState (InitDatanodeState.java:persistContainerDatanodeDetails(145)) - DatanodeDetails is persisted to /github/workspace/mnt/ozone/hadoop-ozone/integration-test/target/test-dir/MiniOzoneClusterImpl-43cf099b-0e8c-46dd-87e7-7f7fde2b07fc/datanode-3/meta/datanode.id
2021-01-12 14:07:05,698 [Listener at 127.0.0.1/33907] INFO  ozone.MiniOzoneClusterImpl (MiniOzoneClusterImpl.java:lambda$waitForClusterToBeReady$0(179)) - Waiting for nodes to be ready. Got 0 of 4 DN Heartbeats.
2021-01-12 14:07:05,698 [Listener at 127.0.0.1/33907] INFO  ozone.MiniOzoneClusterImpl (MiniOzoneClusterImpl.java:lambda$waitForClusterToBeReady$0(182)) - Waiting for cluster to exit safe mode
2021-01-12 14:07:06,027 [EndpointStateMachine task thread for /0.0.0.0:44309 - 0 ] INFO  ozoneimpl.OzoneContainer (OzoneContainer.java:start(255)) - Attempting to start container services.
2021-01-12 14:07:06,028 [EndpointStateMachine task thread for /0.0.0.0:44309 - 0 ] INFO  ozoneimpl.OzoneContainer (OzoneContainer.java:startContainerScrub(219)) - Background container scanner has been disabled.
2021-01-12 14:07:06,114 [EndpointStateMachine task thread for /0.0.0.0:44309 - 0 ] INFO  replication.ReplicationServer (ReplicationServer.java:start(111)) - ReplicationServer is started using port 35867
2021-01-12 14:07:06,115 [EndpointStateMachine task thread for /0.0.0.0:44309 - 0 ] INFO  ratis.XceiverServerRatis (XceiverServerRatis.java:start(455)) - Starting XceiverServerRatis e91d73f6-08d2-44aa-8f25-e39c88d9a3b1 at port 0
2021-01-12 14:07:06,138 [EndpointStateMachine task thread for /0.0.0.0:44309 - 0 ] INFO  server.RaftServer (RaftServerProxy.java:lambda$start$5(372)) - e91d73f6-08d2-44aa-8f25-e39c88d9a3b1: start RPC server
2021-01-12 14:07:06,141 [EndpointStateMachine task thread for /0.0.0.0:44309 - 0 ] INFO  server.GrpcService (GrpcService.java:startImpl(176)) - e91d73f6-08d2-44aa-8f25-e39c88d9a3b1: GrpcService started, listening on 0.0.0.0/0.0.0.0:40635
2021-01-12 14:07:06,148 [EndpointStateMachine task thread for /0.0.0.0:44309 - 0 ] INFO  ratis.XceiverServerRatis (XceiverServerRatis.java:start(467)) - XceiverServerRatis e91d73f6-08d2-44aa-8f25-e39c88d9a3b1 is started using port 40635
2021-01-12 14:07:06,149 [org.apache.ratis.util.JvmPauseMonitor$$Lambda$222/121358087@68cfdb3e] INFO  util.JvmPauseMonitor (JvmPauseMonitor.java:run(103)) - JvmPauseMonitor-e91d73f6-08d2-44aa-8f25-e39c88d9a3b1: Started
2021-01-12 14:07:06,150 [EndpointStateMachine task thread for /0.0.0.0:44309 - 0 ] INFO  server.XceiverServerGrpc (XceiverServerGrpc.java:start(139)) - XceiverServerGrpc e91d73f6-08d2-44aa-8f25-e39c88d9a3b1 is started using port 46303
2021-01-12 14:07:06,281 [EndpointStateMachine task thread for /0.0.0.0:44309 - 0 ] INFO  ozoneimpl.OzoneContainer (OzoneContainer.java:start(255)) - Attempting to start container services.
2021-01-12 14:07:06,284 [EndpointStateMachine task thread for /0.0.0.0:44309 - 0 ] INFO  ozoneimpl.OzoneContainer (OzoneContainer.java:startContainerScrub(219)) - Background container scanner has been disabled.
2021-01-12 14:07:06,287 [EndpointStateMachine task thread for /0.0.0.0:44309 - 0 ] INFO  replication.ReplicationServer (ReplicationServer.java:start(111)) - ReplicationServer is started using port 44925
2021-01-12 14:07:06,288 [EndpointStateMachine task thread for /0.0.0.0:44309 - 0 ] INFO  ratis.XceiverServerRatis (XceiverServerRatis.java:start(455)) - Starting XceiverServerRatis 3e740cc2-f7d4-4c62-8f61-84a01f098730 at port 0
2021-01-12 14:07:06,298 [EndpointStateMachine task thread for /0.0.0.0:44309 - 0 ] INFO  server.RaftServer (RaftServerProxy.java:lambda$start$5(372)) - 3e740cc2-f7d4-4c62-8f61-84a01f098730: start RPC server
2021-01-12 14:07:06,299 [EndpointStateMachine task thread for /0.0.0.0:44309 - 0 ] INFO  server.GrpcService (GrpcService.java:startImpl(176)) - 3e740cc2-f7d4-4c62-8f61-84a01f098730: GrpcService started, listening on 0.0.0.0/0.0.0.0:33313
2021-01-12 14:07:06,300 [EndpointStateMachine task thread for /0.0.0.0:44309 - 0 ] INFO  ratis.XceiverServerRatis (XceiverServerRatis.java:start(467)) - XceiverServerRatis 3e740cc2-f7d4-4c62-8f61-84a01f098730 is started using port 33313
2021-01-12 14:07:06,305 [org.apache.ratis.util.JvmPauseMonitor$$Lambda$222/121358087@607d803e] INFO  util.JvmPauseMonitor (JvmPauseMonitor.java:run(103)) - JvmPauseMonitor-3e740cc2-f7d4-4c62-8f61-84a01f098730: Started
2021-01-12 14:07:06,306 [EndpointStateMachine task thread for /0.0.0.0:44309 - 0 ] INFO  server.XceiverServerGrpc (XceiverServerGrpc.java:start(139)) - XceiverServerGrpc 3e740cc2-f7d4-4c62-8f61-84a01f098730 is started using port 45909
2021-01-12 14:07:06,497 [EndpointStateMachine task thread for /0.0.0.0:44309 - 0 ] INFO  ozoneimpl.OzoneContainer (OzoneContainer.java:start(255)) - Attempting to start container services.
2021-01-12 14:07:06,498 [EndpointStateMachine task thread for /0.0.0.0:44309 - 0 ] INFO  ozoneimpl.OzoneContainer (OzoneContainer.java:startContainerScrub(219)) - Background container scanner has been disabled.
2021-01-12 14:07:06,505 [EndpointStateMachine task thread for /0.0.0.0:44309 - 0 ] INFO  replication.ReplicationServer (ReplicationServer.java:start(111)) - ReplicationServer is started using port 44907
2021-01-12 14:07:06,505 [EndpointStateMachine task thread for /0.0.0.0:44309 - 0 ] INFO  ratis.XceiverServerRatis (XceiverServerRatis.java:start(455)) - Starting XceiverServerRatis 4274b414-dae9-48b1-8d41-4b70e5f2a60a at port 0
2021-01-12 14:07:06,512 [EndpointStateMachine task thread for /0.0.0.0:44309 - 0 ] INFO  server.RaftServer (RaftServerProxy.java:lambda$start$5(372)) - 4274b414-dae9-48b1-8d41-4b70e5f2a60a: start RPC server
2021-01-12 14:07:06,512 [EndpointStateMachine task thread for /0.0.0.0:44309 - 0 ] INFO  server.GrpcService (GrpcService.java:startImpl(176)) - 4274b414-dae9-48b1-8d41-4b70e5f2a60a: GrpcService started, listening on 0.0.0.0/0.0.0.0:45333
2021-01-12 14:07:06,514 [EndpointStateMachine task thread for /0.0.0.0:44309 - 0 ] INFO  ratis.XceiverServerRatis (XceiverServerRatis.java:start(467)) - XceiverServerRatis 4274b414-dae9-48b1-8d41-4b70e5f2a60a is started using port 45333
2021-01-12 14:07:06,517 [org.apache.ratis.util.JvmPauseMonitor$$Lambda$222/121358087@52e5a41] INFO  util.JvmPauseMonitor (JvmPauseMonitor.java:run(103)) - JvmPauseMonitor-4274b414-dae9-48b1-8d41-4b70e5f2a60a: Started
2021-01-12 14:07:06,518 [EndpointStateMachine task thread for /0.0.0.0:44309 - 0 ] INFO  server.XceiverServerGrpc (XceiverServerGrpc.java:start(139)) - XceiverServerGrpc 4274b414-dae9-48b1-8d41-4b70e5f2a60a is started using port 39653
2021-01-12 14:07:06,698 [Listener at 127.0.0.1/33907] INFO  ozone.MiniOzoneClusterImpl (MiniOzoneClusterImpl.java:lambda$waitForClusterToBeReady$0(179)) - Waiting for nodes to be ready. Got 0 of 4 DN Heartbeats.
2021-01-12 14:07:06,699 [Listener at 127.0.0.1/33907] INFO  ozone.MiniOzoneClusterImpl (MiniOzoneClusterImpl.java:lambda$waitForClusterToBeReady$0(182)) - Waiting for cluster to exit safe mode
2021-01-12 14:07:06,713 [EndpointStateMachine task thread for /0.0.0.0:44309 - 0 ] INFO  ozoneimpl.OzoneContainer (OzoneContainer.java:start(255)) - Attempting to start container services.
2021-01-12 14:07:06,713 [EndpointStateMachine task thread for /0.0.0.0:44309 - 0 ] INFO  ozoneimpl.OzoneContainer (OzoneContainer.java:startContainerScrub(219)) - Background container scanner has been disabled.
2021-01-12 14:07:06,715 [EndpointStateMachine task thread for /0.0.0.0:44309 - 0 ] INFO  replication.ReplicationServer (ReplicationServer.java:start(111)) - ReplicationServer is started using port 33143
2021-01-12 14:07:06,715 [EndpointStateMachine task thread for /0.0.0.0:44309 - 0 ] INFO  ratis.XceiverServerRatis (XceiverServerRatis.java:start(455)) - Starting XceiverServerRatis 2cbfbd9c-cb14-493e-a971-9cbbc5aab087 at port 0
2021-01-12 14:07:06,721 [EndpointStateMachine task thread for /0.0.0.0:44309 - 0 ] INFO  server.RaftServer (RaftServerProxy.java:lambda$start$5(372)) - 2cbfbd9c-cb14-493e-a971-9cbbc5aab087: start RPC server
2021-01-12 14:07:06,722 [EndpointStateMachine task thread for /0.0.0.0:44309 - 0 ] INFO  server.GrpcService (GrpcService.java:startImpl(176)) - 2cbfbd9c-cb14-493e-a971-9cbbc5aab087: GrpcService started, listening on 0.0.0.0/0.0.0.0:40883
2021-01-12 14:07:06,722 [EndpointStateMachine task thread for /0.0.0.0:44309 - 0 ] INFO  ratis.XceiverServerRatis (XceiverServerRatis.java:start(467)) - XceiverServerRatis 2cbfbd9c-cb14-493e-a971-9cbbc5aab087 is started using port 40883
2021-01-12 14:07:06,724 [org.apache.ratis.util.JvmPauseMonitor$$Lambda$222/121358087@343018d0] INFO  util.JvmPauseMonitor (JvmPauseMonitor.java:run(103)) - JvmPauseMonitor-2cbfbd9c-cb14-493e-a971-9cbbc5aab087: Started
2021-01-12 14:07:06,724 [EndpointStateMachine task thread for /0.0.0.0:44309 - 0 ] INFO  server.XceiverServerGrpc (XceiverServerGrpc.java:start(139)) - XceiverServerGrpc 2cbfbd9c-cb14-493e-a971-9cbbc5aab087 is started using port 35095
2021-01-12 14:07:07,699 [Listener at 127.0.0.1/33907] INFO  ozone.MiniOzoneClusterImpl (MiniOzoneClusterImpl.java:lambda$waitForClusterToBeReady$0(179)) - Waiting for nodes to be ready. Got 0 of 4 DN Heartbeats.
2021-01-12 14:07:07,700 [Listener at 127.0.0.1/33907] INFO  ozone.MiniOzoneClusterImpl (MiniOzoneClusterImpl.java:lambda$waitForClusterToBeReady$0(182)) - Waiting for cluster to exit safe mode
2021-01-12 14:07:07,986 [IPC Server handler 1 on default port 44309] INFO  net.NetworkTopologyImpl (NetworkTopologyImpl.java:add(111)) - Added a new node: /default-rack/e91d73f6-08d2-44aa-8f25-e39c88d9a3b1
2021-01-12 14:07:07,988 [IPC Server handler 1 on default port 44309] INFO  node.SCMNodeManager (SCMNodeManager.java:register(341)) - Registered Data node : e91d73f6-08d2-44aa-8f25-e39c88d9a3b1{ip: 172.17.0.2, host: e47597c41fba, networkLocation: /default-rack, certSerialId: null, persistedOpState: IN_SERVICE, persistedOpStateExpiryEpochSec: 0}
2021-01-12 14:07:07,993 [EventQueue-NodeRegistrationContainerReportForContainerSafeModeRule] INFO  safemode.SCMSafeModeManager (SCMSafeModeManager.java:validateSafeModeExitRules(214)) - ContainerSafeModeRule rule is successfully validated
2021-01-12 14:07:07,993 [EventQueue-NodeRegistrationContainerReportForDataNodeSafeModeRule] INFO  safemode.SCMSafeModeManager (DataNodeSafeModeRule.java:process(71)) - SCM in safe mode. 1 DataNodes registered, 1 required.
2021-01-12 14:07:07,993 [EventQueue-NodeRegistrationContainerReportForDataNodeSafeModeRule] INFO  safemode.SCMSafeModeManager (SCMSafeModeManager.java:validateSafeModeExitRules(214)) - DataNodeSafeModeRule rule is successfully validated
2021-01-12 14:07:07,993 [EventQueue-NodeRegistrationContainerReportForDataNodeSafeModeRule] INFO  safemode.SCMSafeModeManager (SCMSafeModeManager.java:completePreCheck(242)) - All SCM safe mode pre check rules have passed
2021-01-12 14:07:08,005 [EventQueue-PipelineReportForOneReplicaPipelineSafeModeRule] INFO  safemode.SCMSafeModeManager (SCMSafeModeManager.java:validateSafeModeExitRules(214)) - AtleastOneDatanodeReportedRule rule is successfully validated
2021-01-12 14:07:08,010 [RatisPipelineUtilsThread] INFO  pipeline.RatisPipelineProvider (RatisPipelineProvider.java:lambda$create$0(161)) - Sending CreatePipelineCommand for pipeline:PipelineID=cf00f8bd-212e-4c44-a92d-d9c9492a4824 to datanode:e91d73f6-08d2-44aa-8f25-e39c88d9a3b1
2021-01-12 14:07:08,025 [RatisPipelineUtilsThread] INFO  pipeline.PipelineStateManager (PipelineStateManager.java:addPipeline(54)) - Created pipeline Pipeline[ Id: cf00f8bd-212e-4c44-a92d-d9c9492a4824, Nodes: e91d73f6-08d2-44aa-8f25-e39c88d9a3b1{ip: 172.17.0.2, host: e47597c41fba, networkLocation: /default-rack, certSerialId: null, persistedOpState: IN_SERVICE, persistedOpStateExpiryEpochSec: 0}, Type:RATIS, Factor:ONE, State:ALLOCATED, leaderId:, CreationTimestamp2021-01-12T14:07:08.007Z]
2021-01-12 14:07:08,028 [RatisPipelineUtilsThread] WARN  pipeline.PipelinePlacementPolicy (PipelinePlacementPolicy.java:filterViableNodes(142)) - Pipeline creation failed due to no sufficient healthy datanodes. Required 3. Found 1.
2021-01-12 14:07:08,274 [IPC Server handler 2 on default port 44309] INFO  net.NetworkTopologyImpl (NetworkTopologyImpl.java:add(111)) - Added a new node: /default-rack/3e740cc2-f7d4-4c62-8f61-84a01f098730
2021-01-12 14:07:08,274 [IPC Server handler 2 on default port 44309] INFO  node.SCMNodeManager (SCMNodeManager.java:register(341)) - Registered Data node : 3e740cc2-f7d4-4c62-8f61-84a01f098730{ip: 172.17.0.2, host: e47597c41fba, networkLocation: /default-rack, certSerialId: null, persistedOpState: IN_SERVICE, persistedOpStateExpiryEpochSec: 0}
2021-01-12 14:07:08,274 [EventQueue-NodeRegistrationContainerReportForContainerSafeModeRule] INFO  safemode.SCMSafeModeManager (SCMSafeModeManager.java:validateSafeModeExitRules(214)) - ContainerSafeModeRule rule is successfully validated
2021-01-12 14:07:08,274 [EventQueue-NodeRegistrationContainerReportForDataNodeSafeModeRule] INFO  safemode.SCMSafeModeManager (SCMSafeModeManager.java:validateSafeModeExitRules(214)) - DataNodeSafeModeRule rule is successfully validated
2021-01-12 14:07:08,275 [EventQueue-PipelineReportForOneReplicaPipelineSafeModeRule] INFO  safemode.SCMSafeModeManager (SCMSafeModeManager.java:validateSafeModeExitRules(214)) - AtleastOneDatanodeReportedRule rule is successfully validated
2021-01-12 14:07:08,276 [RatisPipelineUtilsThread] INFO  pipeline.RatisPipelineProvider (RatisPipelineProvider.java:lambda$create$0(161)) - Sending CreatePipelineCommand for pipeline:PipelineID=46ad2407-f375-49a5-a8a5-121d8b1b1650 to datanode:3e740cc2-f7d4-4c62-8f61-84a01f098730
2021-01-12 14:07:08,276 [RatisPipelineUtilsThread] INFO  pipeline.PipelineStateManager (PipelineStateManager.java:addPipeline(54)) - Created pipeline Pipeline[ Id: 46ad2407-f375-49a5-a8a5-121d8b1b1650, Nodes: 3e740cc2-f7d4-4c62-8f61-84a01f098730{ip: 172.17.0.2, host: e47597c41fba, networkLocation: /default-rack, certSerialId: null, persistedOpState: IN_SERVICE, persistedOpStateExpiryEpochSec: 0}, Type:RATIS, Factor:ONE, State:ALLOCATED, leaderId:, CreationTimestamp2021-01-12T14:07:08.276Z]
2021-01-12 14:07:08,277 [RatisPipelineUtilsThread] WARN  pipeline.PipelinePlacementPolicy (PipelinePlacementPolicy.java:filterViableNodes(142)) - Pipeline creation failed due to no sufficient healthy datanodes. Required 3. Found 2.
2021-01-12 14:07:08,494 [IPC Server handler 3 on default port 44309] INFO  net.NetworkTopologyImpl (NetworkTopologyImpl.java:add(111)) - Added a new node: /default-rack/4274b414-dae9-48b1-8d41-4b70e5f2a60a
2021-01-12 14:07:08,495 [IPC Server handler 3 on default port 44309] INFO  node.SCMNodeManager (SCMNodeManager.java:register(341)) - Registered Data node : 4274b414-dae9-48b1-8d41-4b70e5f2a60a{ip: 172.17.0.2, host: e47597c41fba, networkLocation: /default-rack, certSerialId: null, persistedOpState: IN_SERVICE, persistedOpStateExpiryEpochSec: 0}
2021-01-12 14:07:08,496 [EventQueue-NodeRegistrationContainerReportForContainerSafeModeRule] INFO  safemode.SCMSafeModeManager (SCMSafeModeManager.java:validateSafeModeExitRules(214)) - ContainerSafeModeRule rule is successfully validated
2021-01-12 14:07:08,496 [EventQueue-PipelineReportForOneReplicaPipelineSafeModeRule] INFO  safemode.SCMSafeModeManager (SCMSafeModeManager.java:validateSafeModeExitRules(214)) - AtleastOneDatanodeReportedRule rule is successfully validated
2021-01-12 14:07:08,496 [EventQueue-NodeRegistrationContainerReportForDataNodeSafeModeRule] INFO  safemode.SCMSafeModeManager (SCMSafeModeManager.java:validateSafeModeExitRules(214)) - DataNodeSafeModeRule rule is successfully validated
2021-01-12 14:07:08,499 [RatisPipelineUtilsThread] INFO  pipeline.RatisPipelineProvider (RatisPipelineProvider.java:lambda$create$0(161)) - Sending CreatePipelineCommand for pipeline:PipelineID=36c059fa-6461-462a-b12e-a46d7f28d3d6 to datanode:4274b414-dae9-48b1-8d41-4b70e5f2a60a
2021-01-12 14:07:08,499 [RatisPipelineUtilsThread] INFO  pipeline.PipelineStateManager (PipelineStateManager.java:addPipeline(54)) - Created pipeline Pipeline[ Id: 36c059fa-6461-462a-b12e-a46d7f28d3d6, Nodes: 4274b414-dae9-48b1-8d41-4b70e5f2a60a{ip: 172.17.0.2, host: e47597c41fba, networkLocation: /default-rack, certSerialId: null, persistedOpState: IN_SERVICE, persistedOpStateExpiryEpochSec: 0}, Type:RATIS, Factor:ONE, State:ALLOCATED, leaderId:, CreationTimestamp2021-01-12T14:07:08.499Z]
2021-01-12 14:07:08,507 [RatisPipelineUtilsThread] INFO  pipeline.RatisPipelineProvider (RatisPipelineProvider.java:lambda$create$0(161)) - Sending CreatePipelineCommand for pipeline:PipelineID=c057a116-1d16-4def-985c-1c39482078eb to datanode:4274b414-dae9-48b1-8d41-4b70e5f2a60a
2021-01-12 14:07:08,507 [RatisPipelineUtilsThread] INFO  pipeline.RatisPipelineProvider (RatisPipelineProvider.java:lambda$create$0(161)) - Sending CreatePipelineCommand for pipeline:PipelineID=c057a116-1d16-4def-985c-1c39482078eb to datanode:e91d73f6-08d2-44aa-8f25-e39c88d9a3b1
2021-01-12 14:07:08,507 [RatisPipelineUtilsThread] INFO  pipeline.RatisPipelineProvider (RatisPipelineProvider.java:lambda$create$0(161)) - Sending CreatePipelineCommand for pipeline:PipelineID=c057a116-1d16-4def-985c-1c39482078eb to datanode:3e740cc2-f7d4-4c62-8f61-84a01f098730
2021-01-12 14:07:08,508 [RatisPipelineUtilsThread] INFO  pipeline.PipelineStateManager (PipelineStateManager.java:addPipeline(54)) - Created pipeline Pipeline[ Id: c057a116-1d16-4def-985c-1c39482078eb, Nodes: 4274b414-dae9-48b1-8d41-4b70e5f2a60a{ip: 172.17.0.2, host: e47597c41fba, networkLocation: /default-rack, certSerialId: null, persistedOpState: IN_SERVICE, persistedOpStateExpiryEpochSec: 0}e91d73f6-08d2-44aa-8f25-e39c88d9a3b1{ip: 172.17.0.2, host: e47597c41fba, networkLocation: /default-rack, certSerialId: null, persistedOpState: IN_SERVICE, persistedOpStateExpiryEpochSec: 0}3e740cc2-f7d4-4c62-8f61-84a01f098730{ip: 172.17.0.2, host: e47597c41fba, networkLocation: /default-rack, certSerialId: null, persistedOpState: IN_SERVICE, persistedOpStateExpiryEpochSec: 0}, Type:RATIS, Factor:THREE, State:ALLOCATED, leaderId:, CreationTimestamp2021-01-12T14:07:08.507Z]
2021-01-12 14:07:08,508 [RatisPipelineUtilsThread] INFO  pipeline.RatisPipelineProvider (RatisPipelineProvider.java:lambda$create$0(161)) - Sending CreatePipelineCommand for pipeline:PipelineID=84d01728-7484-4ac8-9900-94ffbef8c967 to datanode:4274b414-dae9-48b1-8d41-4b70e5f2a60a
2021-01-12 14:07:08,509 [RatisPipelineUtilsThread] INFO  pipeline.RatisPipelineProvider (RatisPipelineProvider.java:lambda$create$0(161)) - Sending CreatePipelineCommand for pipeline:PipelineID=84d01728-7484-4ac8-9900-94ffbef8c967 to datanode:e91d73f6-08d2-44aa-8f25-e39c88d9a3b1
2021-01-12 14:07:08,509 [RatisPipelineUtilsThread] INFO  pipeline.RatisPipelineProvider (RatisPipelineProvider.java:lambda$create$0(161)) - Sending CreatePipelineCommand for pipeline:PipelineID=84d01728-7484-4ac8-9900-94ffbef8c967 to datanode:3e740cc2-f7d4-4c62-8f61-84a01f098730
2021-01-12 14:07:08,509 [RatisPipelineUtilsThread] INFO  pipeline.PipelineStateManager (PipelineStateManager.java:addPipeline(54)) - Created pipeline Pipeline[ Id: 84d01728-7484-4ac8-9900-94ffbef8c967, Nodes: 4274b414-dae9-48b1-8d41-4b70e5f2a60a{ip: 172.17.0.2, host: e47597c41fba, networkLocation: /default-rack, certSerialId: null, persistedOpState: IN_SERVICE, persistedOpStateExpiryEpochSec: 0}e91d73f6-08d2-44aa-8f25-e39c88d9a3b1{ip: 172.17.0.2, host: e47597c41fba, networkLocation: /default-rack, certSerialId: null, persistedOpState: IN_SERVICE, persistedOpStateExpiryEpochSec: 0}3e740cc2-f7d4-4c62-8f61-84a01f098730{ip: 172.17.0.2, host: e47597c41fba, networkLocation: /default-rack, certSerialId: null, persistedOpState: IN_SERVICE, persistedOpStateExpiryEpochSec: 0}, Type:RATIS, Factor:THREE, State:ALLOCATED, leaderId:, CreationTimestamp2021-01-12T14:07:08.508Z]
2021-01-12 14:07:08,509 [RatisPipelineUtilsThread] INFO  pipeline.SCMPipelineManager (SCMPipelineManager.java:recordMetricsForPipeline(243)) - Pipeline: PipelineID=84d01728-7484-4ac8-9900-94ffbef8c967 contains same datanodes as previous pipelines: PipelineID=c057a116-1d16-4def-985c-1c39482078eb nodeIds: 4274b414-dae9-48b1-8d41-4b70e5f2a60a, e91d73f6-08d2-44aa-8f25-e39c88d9a3b1, 3e740cc2-f7d4-4c62-8f61-84a01f098730
2021-01-12 14:07:08,700 [Listener at 127.0.0.1/33907] INFO  ozone.MiniOzoneClusterImpl (MiniOzoneClusterImpl.java:lambda$waitForClusterToBeReady$0(179)) - Waiting for nodes to be ready. Got 3 of 4 DN Heartbeats.
2021-01-12 14:07:08,701 [Listener at 127.0.0.1/33907] INFO  ozone.MiniOzoneClusterImpl (MiniOzoneClusterImpl.java:lambda$waitForClusterToBeReady$0(182)) - Waiting for cluster to exit safe mode
2021-01-12 14:07:08,711 [IPC Server handler 0 on default port 44309] INFO  net.NetworkTopologyImpl (NetworkTopologyImpl.java:add(111)) - Added a new node: /default-rack/2cbfbd9c-cb14-493e-a971-9cbbc5aab087
2021-01-12 14:07:08,711 [IPC Server handler 0 on default port 44309] INFO  node.SCMNodeManager (SCMNodeManager.java:register(341)) - Registered Data node : 2cbfbd9c-cb14-493e-a971-9cbbc5aab087{ip: 172.17.0.2, host: e47597c41fba, networkLocation: /default-rack, certSerialId: null, persistedOpState: IN_SERVICE, persistedOpStateExpiryEpochSec: 0}
2021-01-12 14:07:08,712 [RatisPipelineUtilsThread] INFO  pipeline.RatisPipelineProvider (RatisPipelineProvider.java:lambda$create$0(161)) - Sending CreatePipelineCommand for pipeline:PipelineID=fc70f051-27d2-4faa-901b-9d935603f9f7 to datanode:2cbfbd9c-cb14-493e-a971-9cbbc5aab087
2021-01-12 14:07:08,713 [RatisPipelineUtilsThread] INFO  pipeline.PipelineStateManager (PipelineStateManager.java:addPipeline(54)) - Created pipeline Pipeline[ Id: fc70f051-27d2-4faa-901b-9d935603f9f7, Nodes: 2cbfbd9c-cb14-493e-a971-9cbbc5aab087{ip: 172.17.0.2, host: e47597c41fba, networkLocation: /default-rack, certSerialId: null, persistedOpState: IN_SERVICE, persistedOpStateExpiryEpochSec: 0}, Type:RATIS, Factor:ONE, State:ALLOCATED, leaderId:, CreationTimestamp2021-01-12T14:07:08.712Z]
2021-01-12 14:07:08,714 [EventQueue-NodeRegistrationContainerReportForContainerSafeModeRule] INFO  safemode.SCMSafeModeManager (SCMSafeModeManager.java:validateSafeModeExitRules(214)) - ContainerSafeModeRule rule is successfully validated
2021-01-12 14:07:08,714 [EventQueue-NodeRegistrationContainerReportForDataNodeSafeModeRule] INFO  safemode.SCMSafeModeManager (SCMSafeModeManager.java:validateSafeModeExitRules(214)) - DataNodeSafeModeRule rule is successfully validated
2021-01-12 14:07:08,714 [EventQueue-PipelineReportForOneReplicaPipelineSafeModeRule] INFO  safemode.SCMSafeModeManager (SCMSafeModeManager.java:validateSafeModeExitRules(214)) - AtleastOneDatanodeReportedRule rule is successfully validated
2021-01-12 14:07:09,702 [Listener at 127.0.0.1/33907] INFO  ozone.MiniOzoneClusterImpl (MiniOzoneClusterImpl.java:lambda$waitForClusterToBeReady$0(179)) - Nodes are ready. Got 4 of 4 DN Heartbeats.
2021-01-12 14:07:09,702 [Listener at 127.0.0.1/33907] INFO  ozone.MiniOzoneClusterImpl (MiniOzoneClusterImpl.java:lambda$waitForClusterToBeReady$0(182)) - Waiting for cluster to exit safe mode
2021-01-12 14:07:09,996 [EventQueue-PipelineReportForOneReplicaPipelineSafeModeRule] INFO  safemode.SCMSafeModeManager (SCMSafeModeManager.java:validateSafeModeExitRules(214)) - AtleastOneDatanodeReportedRule rule is successfully validated
2021-01-12 14:07:10,274 [EventQueue-PipelineReportForOneReplicaPipelineSafeModeRule] INFO  safemode.SCMSafeModeManager (SCMSafeModeManager.java:validateSafeModeExitRules(214)) - AtleastOneDatanodeReportedRule rule is successfully validated
2021-01-12 14:07:10,498 [EventQueue-PipelineReportForOneReplicaPipelineSafeModeRule] INFO  safemode.SCMSafeModeManager (SCMSafeModeManager.java:validateSafeModeExitRules(214)) - AtleastOneDatanodeReportedRule rule is successfully validated
2021-01-12 14:07:10,703 [Listener at 127.0.0.1/33907] INFO  ozone.MiniOzoneClusterImpl (MiniOzoneClusterImpl.java:lambda$waitForClusterToBeReady$0(179)) - Nodes are ready. Got 4 of 4 DN Heartbeats.
2021-01-12 14:07:10,703 [Listener at 127.0.0.1/33907] INFO  ozone.MiniOzoneClusterImpl (MiniOzoneClusterImpl.java:lambda$waitForClusterToBeReady$0(182)) - Waiting for cluster to exit safe mode
2021-01-12 14:07:10,711 [EventQueue-PipelineReportForOneReplicaPipelineSafeModeRule] INFO  safemode.SCMSafeModeManager (SCMSafeModeManager.java:validateSafeModeExitRules(214)) - AtleastOneDatanodeReportedRule rule is successfully validated
2021-01-12 14:07:10,959 [EventQueue-PipelineReportForOneReplicaPipelineSafeModeRule] INFO  safemode.SCMSafeModeManager (SCMSafeModeManager.java:validateSafeModeExitRules(214)) - AtleastOneDatanodeReportedRule rule is successfully validated
2021-01-12 14:07:10,979 [Command processor thread] INFO  server.RaftServer (RaftServerProxy.java:addNew(95)) - e91d73f6-08d2-44aa-8f25-e39c88d9a3b1: addNew group-D9C9492A4824:[e91d73f6-08d2-44aa-8f25-e39c88d9a3b1|rpc:172.17.0.2:40635|priority:1] returns group-D9C9492A4824:java.util.concurrent.CompletableFuture@73b7fc74[Not completed]
2021-01-12 14:07:11,008 [pool-34-thread-1] INFO  server.RaftServer$Division (RaftServerImpl.java:<init>(179)) - e91d73f6-08d2-44aa-8f25-e39c88d9a3b1: new RaftServerImpl for group-D9C9492A4824:[e91d73f6-08d2-44aa-8f25-e39c88d9a3b1|rpc:172.17.0.2:40635|priority:1] with ContainerStateMachine:uninitialized
2021-01-12 14:07:11,010 [pool-34-thread-1] INFO  server.RaftServerConfigKeys (ConfUtils.java:logGet(44)) - raft.server.rpc.timeout.min = 5s (custom)
2021-01-12 14:07:11,010 [pool-34-thread-1] INFO  server.RaftServerConfigKeys (ConfUtils.java:logGet(44)) - raft.server.rpc.timeout.max = 5200ms (custom)
2021-01-12 14:07:11,010 [pool-34-thread-1] INFO  server.RaftServerConfigKeys (ConfUtils.java:logGet(44)) - raft.server.rpc.sleep.time = 25ms (default)
2021-01-12 14:07:11,010 [pool-34-thread-1] INFO  server.RaftServerConfigKeys (ConfUtils.java:logGet(44)) - raft.server.rpc.slowness.timeout = 300s (custom)
2021-01-12 14:07:11,011 [pool-34-thread-1] INFO  server.RaftServerConfigKeys (ConfUtils.java:logGet(44)) - raft.server.leaderelection.leader.step-down.wait-time = 10s (default)
2021-01-12 14:07:11,015 [pool-34-thread-1] INFO  server.RaftServerConfigKeys (ConfUtils.java:logGet(44)) - raft.server.sleep.deviation.threshold = 300ms (default)
2021-01-12 14:07:11,015 [pool-34-thread-1] INFO  server.RaftServerConfigKeys (ConfUtils.java:logGet(44)) - raft.server.log.appender.install.snapshot.enabled = false (custom)
2021-01-12 14:07:11,020 [pool-34-thread-1] INFO  server.RaftServer$Division (ServerState.java:<init>(103)) - e91d73f6-08d2-44aa-8f25-e39c88d9a3b1@group-D9C9492A4824: ConfigurationManager, init=-1: [e91d73f6-08d2-44aa-8f25-e39c88d9a3b1|rpc:172.17.0.2:40635|priority:1], old=null, confs=<EMPTY_MAP>
2021-01-12 14:07:11,021 [pool-34-thread-1] INFO  server.RaftServerConfigKeys (ConfUtils.java:logGet(44)) - raft.server.storage.dir = [/github/workspace/mnt/ozone/hadoop-ozone/integration-test/target/test-dir/MiniOzoneClusterImpl-43cf099b-0e8c-46dd-87e7-7f7fde2b07fc/datanode-0/data/ratis] (custom)
2021-01-12 14:07:11,029 [pool-34-thread-1] INFO  server.RaftServerConfigKeys (ConfUtils.java:logGet(44)) - raft.server.log.corruption.policy = EXCEPTION (default)
2021-01-12 14:07:11,031 [pool-34-thread-1] INFO  storage.RaftStorageDirectory (RaftStorageDirectoryImpl.java:analyzeStorage(132)) - The storage directory /github/workspace/mnt/ozone/hadoop-ozone/integration-test/target/test-dir/MiniOzoneClusterImpl-43cf099b-0e8c-46dd-87e7-7f7fde2b07fc/datanode-0/data/ratis/cf00f8bd-212e-4c44-a92d-d9c9492a4824 does not exist. Creating ...
2021-01-12 14:07:11,035 [pool-34-thread-1] INFO  storage.RaftStorageDirectory (RaftStorageDirectoryImpl.java:tryLock(215)) - Lock on /github/workspace/mnt/ozone/hadoop-ozone/integration-test/target/test-dir/MiniOzoneClusterImpl-43cf099b-0e8c-46dd-87e7-7f7fde2b07fc/datanode-0/data/ratis/cf00f8bd-212e-4c44-a92d-d9c9492a4824/in_use.lock acquired by nodename 9907@e47597c41fba
2021-01-12 14:07:11,042 [pool-34-thread-1] INFO  storage.RaftStorage (RaftStorageImpl.java:format(87)) - Storage directory /github/workspace/mnt/ozone/hadoop-ozone/integration-test/target/test-dir/MiniOzoneClusterImpl-43cf099b-0e8c-46dd-87e7-7f7fde2b07fc/datanode-0/data/ratis/cf00f8bd-212e-4c44-a92d-d9c9492a4824 has been successfully formatted.
2021-01-12 14:07:11,046 [pool-34-thread-1] INFO  ratis.ContainerStateMachine (ContainerStateMachine.java:loadSnapshot(223)) - group-D9C9492A4824: The snapshot info is null. Setting the last applied indexto:(t:0, i:~)
2021-01-12 14:07:11,046 [pool-34-thread-1] ERROR storage.RaftStorage (RaftStorageImpl.java:readRaftConfiguration(147)) - Failed reading configuration from file:/github/workspace/mnt/ozone/hadoop-ozone/integration-test/target/test-dir/MiniOzoneClusterImpl-43cf099b-0e8c-46dd-87e7-7f7fde2b07fc/datanode-0/data/ratis/cf00f8bd-212e-4c44-a92d-d9c9492a4824/current/raft-meta.conf
java.io.FileNotFoundException: /github/workspace/mnt/ozone/hadoop-ozone/integration-test/target/test-dir/MiniOzoneClusterImpl-43cf099b-0e8c-46dd-87e7-7f7fde2b07fc/datanode-0/data/ratis/cf00f8bd-212e-4c44-a92d-d9c9492a4824/current/raft-meta.conf (No such file or directory)
	at java.io.FileInputStream.open0(Native Method)
	at java.io.FileInputStream.open(FileInputStream.java:195)
	at java.io.FileInputStream.<init>(FileInputStream.java:138)
	at org.apache.ratis.server.storage.RaftStorageImpl.readRaftConfiguration(RaftStorageImpl.java:143)
	at org.apache.ratis.server.impl.ServerState.<init>(ServerState.java:113)
	at org.apache.ratis.server.impl.RaftServerImpl.<init>(RaftServerImpl.java:192)
	at org.apache.ratis.server.impl.RaftServerProxy.lambda$newRaftServerImpl$4(RaftServerProxy.java:266)
	at java.util.concurrent.CompletableFuture$AsyncSupply.run(CompletableFuture.java:1604)
	at java.util.concurrent.ThreadPoolExecutor.runWorker(ThreadPoolExecutor.java:1149)
	at java.util.concurrent.ThreadPoolExecutor$Worker.run(ThreadPoolExecutor.java:624)
	at java.lang.Thread.run(Thread.java:748)
2021-01-12 14:07:11,047 [EventQueue-PipelineReportForOneReplicaPipelineSafeModeRule] INFO  safemode.SCMSafeModeManager (SCMSafeModeManager.java:validateSafeModeExitRules(214)) - AtleastOneDatanodeReportedRule rule is successfully validated
2021-01-12 14:07:11,047 [EventQueue-PipelineReportForPipelineReportHandler] INFO  pipeline.PipelineStateManager (PipelineStateManager.java:openPipeline(132)) - Pipeline Pipeline[ Id: cf00f8bd-212e-4c44-a92d-d9c9492a4824, Nodes: e91d73f6-08d2-44aa-8f25-e39c88d9a3b1{ip: 172.17.0.2, host: e47597c41fba, networkLocation: /default-rack, certSerialId: null, persistedOpState: IN_SERVICE, persistedOpStateExpiryEpochSec: 0}, Type:RATIS, Factor:ONE, State:ALLOCATED, leaderId:e91d73f6-08d2-44aa-8f25-e39c88d9a3b1, CreationTimestamp2021-01-12T14:07:08.007Z] moved to OPEN state
2021-01-12 14:07:11,055 [pool-34-thread-1] INFO  server.RaftServerConfigKeys (ConfUtils.java:logGet(44)) - raft.server.notification.no-leader.timeout = 300s (custom)
2021-01-12 14:07:11,057 [pool-34-thread-1] INFO  server.RaftServerConfigKeys (ConfUtils.java:logGet(44)) - raft.server.log.use.memory = false (default)
2021-01-12 14:07:11,061 [EventQueue-OpenPipelineForHealthyPipelineSafeModeRule] INFO  safemode.SCMSafeModeManager (HealthyPipelineSafeModeRule.java:process(128)) - SCM in safe mode. Healthy pipelines reported count is 0, required healthy pipeline reported count is 1
2021-01-12 14:07:11,067 [pool-34-thread-1] INFO  server.RaftServerConfigKeys (ConfUtils.java:logGet(44)) - raft.server.log.purge.gap = 1000000 (custom)
2021-01-12 14:07:11,067 [pool-34-thread-1] INFO  server.RaftServerConfigKeys (ConfUtils.java:logGet(44)) - raft.server.log.appender.buffer.byte-limit = 33554432 (custom)
2021-01-12 14:07:11,071 [pool-34-thread-1] INFO  metrics.RatisMetrics (RatisMetrics.java:lambda$create$0(36)) - Creating Metrics Registry : ratis.log_worker.e91d73f6-08d2-44aa-8f25-e39c88d9a3b1@group-D9C9492A4824
2021-01-12 14:07:11,087 [pool-34-thread-1] INFO  server.RaftServerConfigKeys (ConfUtils.java:logGet(44)) - raft.server.log.segment.size.max = 1048576 (custom)
2021-01-12 14:07:11,094 [pool-34-thread-1] INFO  server.RaftServerConfigKeys (ConfUtils.java:logGet(44)) - raft.server.log.segment.cache.num.max = 2 (custom)
2021-01-12 14:07:11,094 [pool-34-thread-1] INFO  server.RaftServerConfigKeys (ConfUtils.java:logGet(44)) - raft.server.log.segment.cache.size.max = 200MB (=209715200) (default)
2021-01-12 14:07:11,100 [pool-34-thread-1] INFO  segmented.SegmentedRaftLogWorker (SegmentedRaftLogWorker.java:<init>(181)) - new e91d73f6-08d2-44aa-8f25-e39c88d9a3b1@group-D9C9492A4824-SegmentedRaftLogWorker for RaftStorageImpl:Storage Directory /github/workspace/mnt/ozone/hadoop-ozone/integration-test/target/test-dir/MiniOzoneClusterImpl-43cf099b-0e8c-46dd-87e7-7f7fde2b07fc/datanode-0/data/ratis/cf00f8bd-212e-4c44-a92d-d9c9492a4824
2021-01-12 14:07:11,101 [pool-34-thread-1] INFO  server.RaftServerConfigKeys (ConfUtils.java:logGet(44)) - raft.server.log.queue.byte-limit = 2147483647 (custom)
2021-01-12 14:07:11,101 [pool-34-thread-1] INFO  server.RaftServerConfigKeys (ConfUtils.java:logGet(44)) - raft.server.log.queue.element-limit = 1024 (custom)
2021-01-12 14:07:11,102 [pool-34-thread-1] INFO  server.RaftServerConfigKeys (ConfUtils.java:logGet(44)) - raft.server.log.segment.size.max = 1048576 (custom)
2021-01-12 14:07:11,102 [pool-34-thread-1] INFO  server.RaftServerConfigKeys (ConfUtils.java:logGet(44)) - raft.server.log.preallocated.size = 16384 (custom)
2021-01-12 14:07:11,103 [pool-34-thread-1] INFO  server.RaftServerConfigKeys (ConfUtils.java:logGet(44)) - raft.server.log.force.sync.num = 128 (default)
2021-01-12 14:07:11,104 [pool-34-thread-1] INFO  server.RaftServerConfigKeys (ConfUtils.java:logGet(44)) - raft.server.log.statemachine.data.sync = true (default)
2021-01-12 14:07:11,104 [pool-34-thread-1] INFO  server.RaftServerConfigKeys (ConfUtils.java:logGet(44)) - raft.server.log.statemachine.data.sync.timeout = 10s (default)
2021-01-12 14:07:11,104 [pool-34-thread-1] INFO  server.RaftServerConfigKeys (ConfUtils.java:logGet(44)) - raft.server.log.statemachine.data.sync.timeout.retry = -1 (default)
2021-01-12 14:07:11,118 [pool-34-thread-1] INFO  server.RaftServerConfigKeys (ConfUtils.java:logGet(44)) - raft.server.log.write.buffer.size = 1048576 (custom)
2021-01-12 14:07:11,118 [pool-34-thread-1] INFO  server.RaftServerConfigKeys (ConfUtils.java:logGet(44)) - raft.server.log.statemachine.data.caching.enabled = true (custom)
2021-01-12 14:07:11,124 [pool-34-thread-1] INFO  segmented.SegmentedRaftLogWorker (SegmentedRaftLogWorker.java:lambda$new$0(132)) - e91d73f6-08d2-44aa-8f25-e39c88d9a3b1@group-D9C9492A4824-SegmentedRaftLogWorker: flushIndex: setUnconditionally 0 -> -1
2021-01-12 14:07:11,124 [pool-34-thread-1] INFO  segmented.SegmentedRaftLogWorker (SegmentedRaftLogWorker.java:lambda$new$0(132)) - e91d73f6-08d2-44aa-8f25-e39c88d9a3b1@group-D9C9492A4824-SegmentedRaftLogWorker: safeCacheEvictIndex: setUnconditionally 0 -> -1
2021-01-12 14:07:11,131 [pool-34-thread-1] INFO  server.RaftServerConfigKeys (ConfUtils.java:logGet(44)) - raft.server.snapshot.auto.trigger.enabled = true (custom)
2021-01-12 14:07:11,132 [pool-34-thread-1] INFO  server.RaftServerConfigKeys (ConfUtils.java:logGet(44)) - raft.server.snapshot.auto.trigger.threshold = 10000 (custom)
2021-01-12 14:07:11,132 [pool-34-thread-1] INFO  server.RaftServerConfigKeys (ConfUtils.java:logGet(44)) - raft.server.snapshot.retention.file.num = 5 (custom)
2021-01-12 14:07:11,133 [pool-34-thread-1] INFO  server.RaftServerConfigKeys (ConfUtils.java:logGet(44)) - raft.server.log.purge.upto.snapshot.index = false (default)
2021-01-12 14:07:11,134 [pool-34-thread-1] INFO  server.RaftServerConfigKeys (ConfUtils.java:logGet(44)) - raft.server.retrycache.expirytime = 600000ms (custom)
2021-01-12 14:07:11,134 [pool-34-thread-1] INFO  server.RaftServerConfigKeys (ConfUtils.java:logGet(44)) - raft.server.retrycache.statistics.expirytime = 100?s (default)
2021-01-12 14:07:11,153 [pool-34-thread-1] INFO  metrics.RatisMetrics (RatisMetrics.java:lambda$create$0(36)) - Creating Metrics Registry : ratis.leader_election.e91d73f6-08d2-44aa-8f25-e39c88d9a3b1@group-D9C9492A4824
2021-01-12 14:07:11,157 [pool-34-thread-1] INFO  metrics.RatisMetrics (RatisMetrics.java:lambda$create$0(36)) - Creating Metrics Registry : ratis.server.e91d73f6-08d2-44aa-8f25-e39c88d9a3b1@group-D9C9492A4824
2021-01-12 14:07:11,166 [pool-34-thread-1] INFO  server.RaftServer$Division (RaftServerImpl.java:start(294)) - e91d73f6-08d2-44aa-8f25-e39c88d9a3b1@group-D9C9492A4824: start as a follower, conf=-1: [e91d73f6-08d2-44aa-8f25-e39c88d9a3b1|rpc:172.17.0.2:40635|priority:1], old=null
2021-01-12 14:07:11,167 [pool-34-thread-1] INFO  server.RaftServer$Division (RaftServerImpl.java:setRole(283)) - e91d73f6-08d2-44aa-8f25-e39c88d9a3b1@group-D9C9492A4824: changes role from      null to FOLLOWER at term 0 for startAsFollower
2021-01-12 14:07:11,168 [pool-34-thread-1] INFO  impl.RoleInfo (RoleInfo.java:updateAndGet(130)) - e91d73f6-08d2-44aa-8f25-e39c88d9a3b1: start e91d73f6-08d2-44aa-8f25-e39c88d9a3b1@group-D9C9492A4824-FollowerState
2021-01-12 14:07:11,174 [pool-34-thread-1] INFO  util.JmxRegister (JmxRegister.java:tryRegister(44)) - Successfully registered JMX Bean with object name Ratis:service=RaftServer,group=group-D9C9492A4824,id=e91d73f6-08d2-44aa-8f25-e39c88d9a3b1
2021-01-12 14:07:11,175 [pool-34-thread-1] INFO  metrics.RatisMetrics (RatisMetrics.java:lambda$create$0(36)) - Creating Metrics Registry : ratis.state_machine.e91d73f6-08d2-44aa-8f25-e39c88d9a3b1@group-D9C9492A4824
2021-01-12 14:07:11,191 [Command processor thread] INFO  commandhandler.CreatePipelineCommandHandler (CreatePipelineCommandHandler.java:handle(106)) - Created Pipeline RATIS ONE PipelineID=cf00f8bd-212e-4c44-a92d-d9c9492a4824.
2021-01-12 14:07:11,191 [Command processor thread] INFO  server.RaftServer (RaftServerProxy.java:addNew(95)) - e91d73f6-08d2-44aa-8f25-e39c88d9a3b1: addNew group-1C39482078EB:[3e740cc2-f7d4-4c62-8f61-84a01f098730|rpc:172.17.0.2:33313|priority:0, e91d73f6-08d2-44aa-8f25-e39c88d9a3b1|rpc:172.17.0.2:40635|priority:0, 4274b414-dae9-48b1-8d41-4b70e5f2a60a|rpc:172.17.0.2:45333|priority:1] returns group-1C39482078EB:java.util.concurrent.CompletableFuture@dc0bd88[Not completed]
2021-01-12 14:07:11,195 [pool-34-thread-1] INFO  server.RaftServer$Division (RaftServerImpl.java:<init>(179)) - e91d73f6-08d2-44aa-8f25-e39c88d9a3b1: new RaftServerImpl for group-1C39482078EB:[3e740cc2-f7d4-4c62-8f61-84a01f098730|rpc:172.17.0.2:33313|priority:0, e91d73f6-08d2-44aa-8f25-e39c88d9a3b1|rpc:172.17.0.2:40635|priority:0, 4274b414-dae9-48b1-8d41-4b70e5f2a60a|rpc:172.17.0.2:45333|priority:1] with ContainerStateMachine:uninitialized
2021-01-12 14:07:11,195 [pool-34-thread-1] INFO  server.RaftServerConfigKeys (ConfUtils.java:logGet(44)) - raft.server.rpc.timeout.min = 5s (custom)
2021-01-12 14:07:11,196 [pool-34-thread-1] INFO  server.RaftServerConfigKeys (ConfUtils.java:logGet(44)) - raft.server.rpc.timeout.max = 5200ms (custom)
2021-01-12 14:07:11,196 [pool-34-thread-1] INFO  server.RaftServerConfigKeys (ConfUtils.java:logGet(44)) - raft.server.rpc.sleep.time = 25ms (default)
2021-01-12 14:07:11,196 [pool-34-thread-1] INFO  server.RaftServerConfigKeys (ConfUtils.java:logGet(44)) - raft.server.rpc.slowness.timeout = 300s (custom)
2021-01-12 14:07:11,197 [pool-34-thread-1] INFO  server.RaftServerConfigKeys (ConfUtils.java:logGet(44)) - raft.server.leaderelection.leader.step-down.wait-time = 10s (default)
2021-01-12 14:07:11,197 [pool-34-thread-1] INFO  server.RaftServerConfigKeys (ConfUtils.java:logGet(44)) - raft.server.sleep.deviation.threshold = 300ms (default)
2021-01-12 14:07:11,197 [pool-34-thread-1] INFO  server.RaftServerConfigKeys (ConfUtils.java:logGet(44)) - raft.server.log.appender.install.snapshot.enabled = false (custom)
2021-01-12 14:07:11,197 [pool-34-thread-1] INFO  server.RaftServer$Division (ServerState.java:<init>(103)) - e91d73f6-08d2-44aa-8f25-e39c88d9a3b1@group-1C39482078EB: ConfigurationManager, init=-1: [3e740cc2-f7d4-4c62-8f61-84a01f098730|rpc:172.17.0.2:33313|priority:0, e91d73f6-08d2-44aa-8f25-e39c88d9a3b1|rpc:172.17.0.2:40635|priority:0, 4274b414-dae9-48b1-8d41-4b70e5f2a60a|rpc:172.17.0.2:45333|priority:1], old=null, confs=<EMPTY_MAP>
2021-01-12 14:07:11,197 [pool-34-thread-1] INFO  server.RaftServerConfigKeys (ConfUtils.java:logGet(44)) - raft.server.storage.dir = [/github/workspace/mnt/ozone/hadoop-ozone/integration-test/target/test-dir/MiniOzoneClusterImpl-43cf099b-0e8c-46dd-87e7-7f7fde2b07fc/datanode-0/data/ratis] (custom)
2021-01-12 14:07:11,197 [pool-34-thread-1] INFO  server.RaftServerConfigKeys (ConfUtils.java:logGet(44)) - raft.server.log.corruption.policy = EXCEPTION (default)
2021-01-12 14:07:11,197 [pool-34-thread-1] INFO  storage.RaftStorageDirectory (RaftStorageDirectoryImpl.java:analyzeStorage(132)) - The storage directory /github/workspace/mnt/ozone/hadoop-ozone/integration-test/target/test-dir/MiniOzoneClusterImpl-43cf099b-0e8c-46dd-87e7-7f7fde2b07fc/datanode-0/data/ratis/c057a116-1d16-4def-985c-1c39482078eb does not exist. Creating ...
2021-01-12 14:07:11,198 [pool-34-thread-1] INFO  storage.RaftStorageDirectory (RaftStorageDirectoryImpl.java:tryLock(215)) - Lock on /github/workspace/mnt/ozone/hadoop-ozone/integration-test/target/test-dir/MiniOzoneClusterImpl-43cf099b-0e8c-46dd-87e7-7f7fde2b07fc/datanode-0/data/ratis/c057a116-1d16-4def-985c-1c39482078eb/in_use.lock acquired by nodename 9907@e47597c41fba
2021-01-12 14:07:11,200 [pool-34-thread-1] INFO  storage.RaftStorage (RaftStorageImpl.java:format(87)) - Storage directory /github/workspace/mnt/ozone/hadoop-ozone/integration-test/target/test-dir/MiniOzoneClusterImpl-43cf099b-0e8c-46dd-87e7-7f7fde2b07fc/datanode-0/data/ratis/c057a116-1d16-4def-985c-1c39482078eb has been successfully formatted.
2021-01-12 14:07:11,203 [pool-34-thread-1] INFO  ratis.ContainerStateMachine (ContainerStateMachine.java:loadSnapshot(223)) - group-1C39482078EB: The snapshot info is null. Setting the last applied indexto:(t:0, i:~)
2021-01-12 14:07:11,203 [pool-34-thread-1] ERROR storage.RaftStorage (RaftStorageImpl.java:readRaftConfiguration(147)) - Failed reading configuration from file:/github/workspace/mnt/ozone/hadoop-ozone/integration-test/target/test-dir/MiniOzoneClusterImpl-43cf099b-0e8c-46dd-87e7-7f7fde2b07fc/datanode-0/data/ratis/c057a116-1d16-4def-985c-1c39482078eb/current/raft-meta.conf
java.io.FileNotFoundException: /github/workspace/mnt/ozone/hadoop-ozone/integration-test/target/test-dir/MiniOzoneClusterImpl-43cf099b-0e8c-46dd-87e7-7f7fde2b07fc/datanode-0/data/ratis/c057a116-1d16-4def-985c-1c39482078eb/current/raft-meta.conf (No such file or directory)
	at java.io.FileInputStream.open0(Native Method)
	at java.io.FileInputStream.open(FileInputStream.java:195)
	at java.io.FileInputStream.<init>(FileInputStream.java:138)
	at org.apache.ratis.server.storage.RaftStorageImpl.readRaftConfiguration(RaftStorageImpl.java:143)
	at org.apache.ratis.server.impl.ServerState.<init>(ServerState.java:113)
	at org.apache.ratis.server.impl.RaftServerImpl.<init>(RaftServerImpl.java:192)
	at org.apache.ratis.server.impl.RaftServerProxy.lambda$newRaftServerImpl$4(RaftServerProxy.java:266)
	at java.util.concurrent.CompletableFuture$AsyncSupply.run(CompletableFuture.java:1604)
	at java.util.concurrent.ThreadPoolExecutor.runWorker(ThreadPoolExecutor.java:1149)
	at java.util.concurrent.ThreadPoolExecutor$Worker.run(ThreadPoolExecutor.java:624)
	at java.lang.Thread.run(Thread.java:748)
2021-01-12 14:07:11,203 [EventQueue-PipelineReportForOneReplicaPipelineSafeModeRule] INFO  safemode.SCMSafeModeManager (SCMSafeModeManager.java:validateSafeModeExitRules(214)) - AtleastOneDatanodeReportedRule rule is successfully validated
2021-01-12 14:07:11,205 [EventQueue-OpenPipelineForHealthyPipelineSafeModeRule] INFO  safemode.SCMSafeModeManager (HealthyPipelineSafeModeRule.java:process(128)) - SCM in safe mode. Healthy pipelines reported count is 0, required healthy pipeline reported count is 1
2021-01-12 14:07:11,206 [pool-34-thread-1] INFO  server.RaftServerConfigKeys (ConfUtils.java:logGet(44)) - raft.server.notification.no-leader.timeout = 300s (custom)
2021-01-12 14:07:11,206 [pool-34-thread-1] INFO  server.RaftServerConfigKeys (ConfUtils.java:logGet(44)) - raft.server.log.use.memory = false (default)
2021-01-12 14:07:11,206 [pool-34-thread-1] INFO  server.RaftServerConfigKeys (ConfUtils.java:logGet(44)) - raft.server.log.purge.gap = 1000000 (custom)
2021-01-12 14:07:11,206 [pool-34-thread-1] INFO  server.RaftServerConfigKeys (ConfUtils.java:logGet(44)) - raft.server.log.appender.buffer.byte-limit = 33554432 (custom)
2021-01-12 14:07:11,206 [pool-34-thread-1] INFO  metrics.RatisMetrics (RatisMetrics.java:lambda$create$0(36)) - Creating Metrics Registry : ratis.log_worker.e91d73f6-08d2-44aa-8f25-e39c88d9a3b1@group-1C39482078EB
2021-01-12 14:07:11,207 [pool-34-thread-1] INFO  server.RaftServerConfigKeys (ConfUtils.java:logGet(44)) - raft.server.log.segment.size.max = 1048576 (custom)
2021-01-12 14:07:11,208 [pool-34-thread-1] INFO  server.RaftServerConfigKeys (ConfUtils.java:logGet(44)) - raft.server.log.segment.cache.num.max = 2 (custom)
2021-01-12 14:07:11,209 [pool-34-thread-1] INFO  server.RaftServerConfigKeys (ConfUtils.java:logGet(44)) - raft.server.log.segment.cache.size.max = 200MB (=209715200) (default)
2021-01-12 14:07:11,209 [pool-34-thread-1] INFO  segmented.SegmentedRaftLogWorker (SegmentedRaftLogWorker.java:<init>(181)) - new e91d73f6-08d2-44aa-8f25-e39c88d9a3b1@group-1C39482078EB-SegmentedRaftLogWorker for RaftStorageImpl:Storage Directory /github/workspace/mnt/ozone/hadoop-ozone/integration-test/target/test-dir/MiniOzoneClusterImpl-43cf099b-0e8c-46dd-87e7-7f7fde2b07fc/datanode-0/data/ratis/c057a116-1d16-4def-985c-1c39482078eb
2021-01-12 14:07:11,209 [pool-34-thread-1] INFO  server.RaftServerConfigKeys (ConfUtils.java:logGet(44)) - raft.server.log.queue.byte-limit = 2147483647 (custom)
2021-01-12 14:07:11,209 [pool-34-thread-1] INFO  server.RaftServerConfigKeys (ConfUtils.java:logGet(44)) - raft.server.log.queue.element-limit = 1024 (custom)
2021-01-12 14:07:11,209 [pool-34-thread-1] INFO  server.RaftServerConfigKeys (ConfUtils.java:logGet(44)) - raft.server.log.segment.size.max = 1048576 (custom)
2021-01-12 14:07:11,209 [pool-34-thread-1] INFO  server.RaftServerConfigKeys (ConfUtils.java:logGet(44)) - raft.server.log.preallocated.size = 16384 (custom)
2021-01-12 14:07:11,209 [pool-34-thread-1] INFO  server.RaftServerConfigKeys (ConfUtils.java:logGet(44)) - raft.server.log.force.sync.num = 128 (default)
2021-01-12 14:07:11,209 [pool-34-thread-1] INFO  server.RaftServerConfigKeys (ConfUtils.java:logGet(44)) - raft.server.log.statemachine.data.sync = true (default)
2021-01-12 14:07:11,209 [pool-34-thread-1] INFO  server.RaftServerConfigKeys (ConfUtils.java:logGet(44)) - raft.server.log.statemachine.data.sync.timeout = 10s (default)
2021-01-12 14:07:11,210 [pool-34-thread-1] INFO  server.RaftServerConfigKeys (ConfUtils.java:logGet(44)) - raft.server.log.statemachine.data.sync.timeout.retry = -1 (default)
2021-01-12 14:07:11,214 [pool-34-thread-1] INFO  server.RaftServerConfigKeys (ConfUtils.java:logGet(44)) - raft.server.log.write.buffer.size = 1048576 (custom)
2021-01-12 14:07:11,215 [pool-34-thread-1] INFO  server.RaftServerConfigKeys (ConfUtils.java:logGet(44)) - raft.server.log.statemachine.data.caching.enabled = true (custom)
2021-01-12 14:07:11,215 [pool-34-thread-1] INFO  segmented.SegmentedRaftLogWorker (SegmentedRaftLogWorker.java:lambda$new$0(132)) - e91d73f6-08d2-44aa-8f25-e39c88d9a3b1@group-1C39482078EB-SegmentedRaftLogWorker: flushIndex: setUnconditionally 0 -> -1
2021-01-12 14:07:11,215 [pool-34-thread-1] INFO  segmented.SegmentedRaftLogWorker (SegmentedRaftLogWorker.java:lambda$new$0(132)) - e91d73f6-08d2-44aa-8f25-e39c88d9a3b1@group-1C39482078EB-SegmentedRaftLogWorker: safeCacheEvictIndex: setUnconditionally 0 -> -1
2021-01-12 14:07:11,220 [pool-34-thread-1] INFO  server.RaftServerConfigKeys (ConfUtils.java:logGet(44)) - raft.server.snapshot.auto.trigger.enabled = true (custom)
2021-01-12 14:07:11,220 [pool-34-thread-1] INFO  server.RaftServerConfigKeys (ConfUtils.java:logGet(44)) - raft.server.snapshot.auto.trigger.threshold = 10000 (custom)
2021-01-12 14:07:11,220 [pool-34-thread-1] INFO  server.RaftServerConfigKeys (ConfUtils.java:logGet(44)) - raft.server.snapshot.retention.file.num = 5 (custom)
2021-01-12 14:07:11,220 [pool-34-thread-1] INFO  server.RaftServerConfigKeys (ConfUtils.java:logGet(44)) - raft.server.log.purge.upto.snapshot.index = false (default)
2021-01-12 14:07:11,220 [pool-34-thread-1] INFO  server.RaftServerConfigKeys (ConfUtils.java:logGet(44)) - raft.server.retrycache.expirytime = 600000ms (custom)
2021-01-12 14:07:11,220 [pool-34-thread-1] INFO  server.RaftServerConfigKeys (ConfUtils.java:logGet(44)) - raft.server.retrycache.statistics.expirytime = 100?s (default)
2021-01-12 14:07:11,220 [pool-34-thread-1] INFO  metrics.RatisMetrics (RatisMetrics.java:lambda$create$0(36)) - Creating Metrics Registry : ratis.leader_election.e91d73f6-08d2-44aa-8f25-e39c88d9a3b1@group-1C39482078EB
2021-01-12 14:07:11,221 [pool-34-thread-1] INFO  metrics.RatisMetrics (RatisMetrics.java:lambda$create$0(36)) - Creating Metrics Registry : ratis.server.e91d73f6-08d2-44aa-8f25-e39c88d9a3b1@group-1C39482078EB
2021-01-12 14:07:11,226 [pool-34-thread-1] INFO  server.RaftServer$Division (RaftServerImpl.java:start(294)) - e91d73f6-08d2-44aa-8f25-e39c88d9a3b1@group-1C39482078EB: start as a follower, conf=-1: [3e740cc2-f7d4-4c62-8f61-84a01f098730|rpc:172.17.0.2:33313|priority:0, e91d73f6-08d2-44aa-8f25-e39c88d9a3b1|rpc:172.17.0.2:40635|priority:0, 4274b414-dae9-48b1-8d41-4b70e5f2a60a|rpc:172.17.0.2:45333|priority:1], old=null
2021-01-12 14:07:11,227 [pool-34-thread-1] INFO  server.RaftServer$Division (RaftServerImpl.java:setRole(283)) - e91d73f6-08d2-44aa-8f25-e39c88d9a3b1@group-1C39482078EB: changes role from      null to FOLLOWER at term 0 for startAsFollower
2021-01-12 14:07:11,227 [pool-34-thread-1] INFO  impl.RoleInfo (RoleInfo.java:updateAndGet(130)) - e91d73f6-08d2-44aa-8f25-e39c88d9a3b1: start e91d73f6-08d2-44aa-8f25-e39c88d9a3b1@group-1C39482078EB-FollowerState
2021-01-12 14:07:11,229 [pool-34-thread-1] INFO  util.JmxRegister (JmxRegister.java:tryRegister(44)) - Successfully registered JMX Bean with object name Ratis:service=RaftServer,group=group-1C39482078EB,id=e91d73f6-08d2-44aa-8f25-e39c88d9a3b1
2021-01-12 14:07:11,229 [pool-34-thread-1] INFO  metrics.RatisMetrics (RatisMetrics.java:lambda$create$0(36)) - Creating Metrics Registry : ratis.state_machine.e91d73f6-08d2-44aa-8f25-e39c88d9a3b1@group-1C39482078EB
2021-01-12 14:07:11,280 [Command processor thread] INFO  server.RaftServer (RaftServerProxy.java:addNew(95)) - 3e740cc2-f7d4-4c62-8f61-84a01f098730: addNew group-121D8B1B1650:[3e740cc2-f7d4-4c62-8f61-84a01f098730|rpc:172.17.0.2:33313|priority:1] returns group-121D8B1B1650:java.util.concurrent.CompletableFuture@46e4e1de[Not completed]
2021-01-12 14:07:11,288 [EventQueue-PipelineReportForOneReplicaPipelineSafeModeRule] INFO  safemode.SCMSafeModeManager (SCMSafeModeManager.java:validateSafeModeExitRules(214)) - AtleastOneDatanodeReportedRule rule is successfully validated
2021-01-12 14:07:11,294 [pool-49-thread-1] INFO  server.RaftServer$Division (RaftServerImpl.java:<init>(179)) - 3e740cc2-f7d4-4c62-8f61-84a01f098730: new RaftServerImpl for group-121D8B1B1650:[3e740cc2-f7d4-4c62-8f61-84a01f098730|rpc:172.17.0.2:33313|priority:1] with ContainerStateMachine:uninitialized
2021-01-12 14:07:11,295 [pool-49-thread-1] INFO  server.RaftServerConfigKeys (ConfUtils.java:logGet(44)) - raft.server.rpc.timeout.min = 5s (custom)
2021-01-12 14:07:11,295 [pool-49-thread-1] INFO  server.RaftServerConfigKeys (ConfUtils.java:logGet(44)) - raft.server.rpc.timeout.max = 5200ms (custom)
2021-01-12 14:07:11,295 [pool-49-thread-1] INFO  server.RaftServerConfigKeys (ConfUtils.java:logGet(44)) - raft.server.rpc.sleep.time = 25ms (default)
2021-01-12 14:07:11,295 [pool-49-thread-1] INFO  server.RaftServerConfigKeys (ConfUtils.java:logGet(44)) - raft.server.rpc.slowness.timeout = 300s (custom)
2021-01-12 14:07:11,295 [pool-49-thread-1] INFO  server.RaftServerConfigKeys (ConfUtils.java:logGet(44)) - raft.server.leaderelection.leader.step-down.wait-time = 10s (default)
2021-01-12 14:07:11,295 [pool-49-thread-1] INFO  server.RaftServerConfigKeys (ConfUtils.java:logGet(44)) - raft.server.sleep.deviation.threshold = 300ms (default)
2021-01-12 14:07:11,296 [pool-49-thread-1] INFO  server.RaftServerConfigKeys (ConfUtils.java:logGet(44)) - raft.server.log.appender.install.snapshot.enabled = false (custom)
2021-01-12 14:07:11,296 [pool-49-thread-1] INFO  server.RaftServer$Division (ServerState.java:<init>(103)) - 3e740cc2-f7d4-4c62-8f61-84a01f098730@group-121D8B1B1650: ConfigurationManager, init=-1: [3e740cc2-f7d4-4c62-8f61-84a01f098730|rpc:172.17.0.2:33313|priority:1], old=null, confs=<EMPTY_MAP>
2021-01-12 14:07:11,296 [pool-49-thread-1] INFO  server.RaftServerConfigKeys (ConfUtils.java:logGet(44)) - raft.server.storage.dir = [/github/workspace/mnt/ozone/hadoop-ozone/integration-test/target/test-dir/MiniOzoneClusterImpl-43cf099b-0e8c-46dd-87e7-7f7fde2b07fc/datanode-1/data/ratis] (custom)
2021-01-12 14:07:11,296 [pool-49-thread-1] INFO  server.RaftServerConfigKeys (ConfUtils.java:logGet(44)) - raft.server.log.corruption.policy = EXCEPTION (default)
2021-01-12 14:07:11,296 [pool-49-thread-1] INFO  storage.RaftStorageDirectory (RaftStorageDirectoryImpl.java:analyzeStorage(132)) - The storage directory /github/workspace/mnt/ozone/hadoop-ozone/integration-test/target/test-dir/MiniOzoneClusterImpl-43cf099b-0e8c-46dd-87e7-7f7fde2b07fc/datanode-1/data/ratis/46ad2407-f375-49a5-a8a5-121d8b1b1650 does not exist. Creating ...
2021-01-12 14:07:11,302 [pool-49-thread-1] INFO  storage.RaftStorageDirectory (RaftStorageDirectoryImpl.java:tryLock(215)) - Lock on /github/workspace/mnt/ozone/hadoop-ozone/integration-test/target/test-dir/MiniOzoneClusterImpl-43cf099b-0e8c-46dd-87e7-7f7fde2b07fc/datanode-1/data/ratis/46ad2407-f375-49a5-a8a5-121d8b1b1650/in_use.lock acquired by nodename 9907@e47597c41fba
2021-01-12 14:07:11,303 [pool-49-thread-1] INFO  storage.RaftStorage (RaftStorageImpl.java:format(87)) - Storage directory /github/workspace/mnt/ozone/hadoop-ozone/integration-test/target/test-dir/MiniOzoneClusterImpl-43cf099b-0e8c-46dd-87e7-7f7fde2b07fc/datanode-1/data/ratis/46ad2407-f375-49a5-a8a5-121d8b1b1650 has been successfully formatted.
2021-01-12 14:07:11,307 [EventQueue-PipelineReportForPipelineReportHandler] INFO  pipeline.PipelineStateManager (PipelineStateManager.java:openPipeline(132)) - Pipeline Pipeline[ Id: 46ad2407-f375-49a5-a8a5-121d8b1b1650, Nodes: 3e740cc2-f7d4-4c62-8f61-84a01f098730{ip: 172.17.0.2, host: e47597c41fba, networkLocation: /default-rack, certSerialId: null, persistedOpState: IN_SERVICE, persistedOpStateExpiryEpochSec: 0}, Type:RATIS, Factor:ONE, State:ALLOCATED, leaderId:3e740cc2-f7d4-4c62-8f61-84a01f098730, CreationTimestamp2021-01-12T14:07:08.276Z] moved to OPEN state
2021-01-12 14:07:11,308 [EventQueue-PipelineReportForOneReplicaPipelineSafeModeRule] INFO  safemode.SCMSafeModeManager (SCMSafeModeManager.java:validateSafeModeExitRules(214)) - AtleastOneDatanodeReportedRule rule is successfully validated
2021-01-12 14:07:11,308 [EventQueue-OpenPipelineForHealthyPipelineSafeModeRule] INFO  safemode.SCMSafeModeManager (HealthyPipelineSafeModeRule.java:process(128)) - SCM in safe mode. Healthy pipelines reported count is 0, required healthy pipeline reported count is 1
2021-01-12 14:07:11,304 [pool-49-thread-1] INFO  ratis.ContainerStateMachine (ContainerStateMachine.java:loadSnapshot(223)) - group-121D8B1B1650: The snapshot info is null. Setting the last applied indexto:(t:0, i:~)
2021-01-12 14:07:11,310 [pool-49-thread-1] ERROR storage.RaftStorage (RaftStorageImpl.java:readRaftConfiguration(147)) - Failed reading configuration from file:/github/workspace/mnt/ozone/hadoop-ozone/integration-test/target/test-dir/MiniOzoneClusterImpl-43cf099b-0e8c-46dd-87e7-7f7fde2b07fc/datanode-1/data/ratis/46ad2407-f375-49a5-a8a5-121d8b1b1650/current/raft-meta.conf
java.io.FileNotFoundException: /github/workspace/mnt/ozone/hadoop-ozone/integration-test/target/test-dir/MiniOzoneClusterImpl-43cf099b-0e8c-46dd-87e7-7f7fde2b07fc/datanode-1/data/ratis/46ad2407-f375-49a5-a8a5-121d8b1b1650/current/raft-meta.conf (No such file or directory)
	at java.io.FileInputStream.open0(Native Method)
	at java.io.FileInputStream.open(FileInputStream.java:195)
	at java.io.FileInputStream.<init>(FileInputStream.java:138)
	at org.apache.ratis.server.storage.RaftStorageImpl.readRaftConfiguration(RaftStorageImpl.java:143)
	at org.apache.ratis.server.impl.ServerState.<init>(ServerState.java:113)
	at org.apache.ratis.server.impl.RaftServerImpl.<init>(RaftServerImpl.java:192)
	at org.apache.ratis.server.impl.RaftServerProxy.lambda$newRaftServerImpl$4(RaftServerProxy.java:266)
	at java.util.concurrent.CompletableFuture$AsyncSupply.run(CompletableFuture.java:1604)
	at java.util.concurrent.ThreadPoolExecutor.runWorker(ThreadPoolExecutor.java:1149)
	at java.util.concurrent.ThreadPoolExecutor$Worker.run(ThreadPoolExecutor.java:624)
	at java.lang.Thread.run(Thread.java:748)
2021-01-12 14:07:11,310 [pool-49-thread-1] INFO  server.RaftServerConfigKeys (ConfUtils.java:logGet(44)) - raft.server.notification.no-leader.timeout = 300s (custom)
2021-01-12 14:07:11,311 [pool-49-thread-1] INFO  server.RaftServerConfigKeys (ConfUtils.java:logGet(44)) - raft.server.log.use.memory = false (default)
2021-01-12 14:07:11,311 [pool-49-thread-1] INFO  server.RaftServerConfigKeys (ConfUtils.java:logGet(44)) - raft.server.log.purge.gap = 1000000 (custom)
2021-01-12 14:07:11,311 [pool-49-thread-1] INFO  server.RaftServerConfigKeys (ConfUtils.java:logGet(44)) - raft.server.log.appender.buffer.byte-limit = 33554432 (custom)
2021-01-12 14:07:11,312 [pool-49-thread-1] INFO  metrics.RatisMetrics (RatisMetrics.java:lambda$create$0(36)) - Creating Metrics Registry : ratis.log_worker.3e740cc2-f7d4-4c62-8f61-84a01f098730@group-121D8B1B1650
2021-01-12 14:07:11,312 [pool-49-thread-1] INFO  server.RaftServerConfigKeys (ConfUtils.java:logGet(44)) - raft.server.log.segment.size.max = 1048576 (custom)
2021-01-12 14:07:11,314 [pool-49-thread-1] INFO  server.RaftServerConfigKeys (ConfUtils.java:logGet(44)) - raft.server.log.segment.cache.num.max = 2 (custom)
2021-01-12 14:07:11,314 [pool-49-thread-1] INFO  server.RaftServerConfigKeys (ConfUtils.java:logGet(44)) - raft.server.log.segment.cache.size.max = 200MB (=209715200) (default)
2021-01-12 14:07:11,314 [pool-49-thread-1] INFO  segmented.SegmentedRaftLogWorker (SegmentedRaftLogWorker.java:<init>(181)) - new 3e740cc2-f7d4-4c62-8f61-84a01f098730@group-121D8B1B1650-SegmentedRaftLogWorker for RaftStorageImpl:Storage Directory /github/workspace/mnt/ozone/hadoop-ozone/integration-test/target/test-dir/MiniOzoneClusterImpl-43cf099b-0e8c-46dd-87e7-7f7fde2b07fc/datanode-1/data/ratis/46ad2407-f375-49a5-a8a5-121d8b1b1650
2021-01-12 14:07:11,315 [pool-49-thread-1] INFO  server.RaftServerConfigKeys (ConfUtils.java:logGet(44)) - raft.server.log.queue.byte-limit = 2147483647 (custom)
2021-01-12 14:07:11,315 [pool-49-thread-1] INFO  server.RaftServerConfigKeys (ConfUtils.java:logGet(44)) - raft.server.log.queue.element-limit = 1024 (custom)
2021-01-12 14:07:11,315 [pool-49-thread-1] INFO  server.RaftServerConfigKeys (ConfUtils.java:logGet(44)) - raft.server.log.segment.size.max = 1048576 (custom)
2021-01-12 14:07:11,315 [pool-49-thread-1] INFO  server.RaftServerConfigKeys (ConfUtils.java:logGet(44)) - raft.server.log.preallocated.size = 16384 (custom)
2021-01-12 14:07:11,315 [pool-49-thread-1] INFO  server.RaftServerConfigKeys (ConfUtils.java:logGet(44)) - raft.server.log.force.sync.num = 128 (default)
2021-01-12 14:07:11,315 [pool-49-thread-1] INFO  server.RaftServerConfigKeys (ConfUtils.java:logGet(44)) - raft.server.log.statemachine.data.sync = true (default)
2021-01-12 14:07:11,315 [pool-49-thread-1] INFO  server.RaftServerConfigKeys (ConfUtils.java:logGet(44)) - raft.server.log.statemachine.data.sync.timeout = 10s (default)
2021-01-12 14:07:11,315 [pool-49-thread-1] INFO  server.RaftServerConfigKeys (ConfUtils.java:logGet(44)) - raft.server.log.statemachine.data.sync.timeout.retry = -1 (default)
2021-01-12 14:07:11,320 [pool-49-thread-1] INFO  server.RaftServerConfigKeys (ConfUtils.java:logGet(44)) - raft.server.log.write.buffer.size = 1048576 (custom)
2021-01-12 14:07:11,321 [pool-49-thread-1] INFO  server.RaftServerConfigKeys (ConfUtils.java:logGet(44)) - raft.server.log.statemachine.data.caching.enabled = true (custom)
2021-01-12 14:07:11,321 [pool-49-thread-1] INFO  segmented.SegmentedRaftLogWorker (SegmentedRaftLogWorker.java:lambda$new$0(132)) - 3e740cc2-f7d4-4c62-8f61-84a01f098730@group-121D8B1B1650-SegmentedRaftLogWorker: flushIndex: setUnconditionally 0 -> -1
2021-01-12 14:07:11,321 [pool-49-thread-1] INFO  segmented.SegmentedRaftLogWorker (SegmentedRaftLogWorker.java:lambda$new$0(132)) - 3e740cc2-f7d4-4c62-8f61-84a01f098730@group-121D8B1B1650-SegmentedRaftLogWorker: safeCacheEvictIndex: setUnconditionally 0 -> -1
2021-01-12 14:07:11,322 [pool-49-thread-1] INFO  server.RaftServerConfigKeys (ConfUtils.java:logGet(44)) - raft.server.snapshot.auto.trigger.enabled = true (custom)
2021-01-12 14:07:11,322 [pool-49-thread-1] INFO  server.RaftServerConfigKeys (ConfUtils.java:logGet(44)) - raft.server.snapshot.auto.trigger.threshold = 10000 (custom)
2021-01-12 14:07:11,322 [pool-49-thread-1] INFO  server.RaftServerConfigKeys (ConfUtils.java:logGet(44)) - raft.server.snapshot.retention.file.num = 5 (custom)
2021-01-12 14:07:11,326 [pool-49-thread-1] INFO  server.RaftServerConfigKeys (ConfUtils.java:logGet(44)) - raft.server.log.purge.upto.snapshot.index = false (default)
2021-01-12 14:07:11,326 [pool-49-thread-1] INFO  server.RaftServerConfigKeys (ConfUtils.java:logGet(44)) - raft.server.retrycache.expirytime = 600000ms (custom)
2021-01-12 14:07:11,326 [pool-49-thread-1] INFO  server.RaftServerConfigKeys (ConfUtils.java:logGet(44)) - raft.server.retrycache.statistics.expirytime = 100?s (default)
2021-01-12 14:07:11,326 [pool-49-thread-1] INFO  metrics.RatisMetrics (RatisMetrics.java:lambda$create$0(36)) - Creating Metrics Registry : ratis.leader_election.3e740cc2-f7d4-4c62-8f61-84a01f098730@group-121D8B1B1650
2021-01-12 14:07:11,326 [pool-49-thread-1] INFO  metrics.RatisMetrics (RatisMetrics.java:lambda$create$0(36)) - Creating Metrics Registry : ratis.server.3e740cc2-f7d4-4c62-8f61-84a01f098730@group-121D8B1B1650
2021-01-12 14:07:11,327 [pool-49-thread-1] INFO  server.RaftServer$Division (RaftServerImpl.java:start(294)) - 3e740cc2-f7d4-4c62-8f61-84a01f098730@group-121D8B1B1650: start as a follower, conf=-1: [3e740cc2-f7d4-4c62-8f61-84a01f098730|rpc:172.17.0.2:33313|priority:1], old=null
2021-01-12 14:07:11,327 [pool-49-thread-1] INFO  server.RaftServer$Division (RaftServerImpl.java:setRole(283)) - 3e740cc2-f7d4-4c62-8f61-84a01f098730@group-121D8B1B1650: changes role from      null to FOLLOWER at term 0 for startAsFollower
2021-01-12 14:07:11,325 [Command processor thread] INFO  metrics.RatisMetrics (RatisMetrics.java:lambda$create$0(36)) - Creating Metrics Registry : ratis.client_message_metrics.client-40B41CD7DEAC->4274b414-dae9-48b1-8d41-4b70e5f2a60a
2021-01-12 14:07:11,327 [pool-49-thread-1] INFO  impl.RoleInfo (RoleInfo.java:updateAndGet(130)) - 3e740cc2-f7d4-4c62-8f61-84a01f098730: start 3e740cc2-f7d4-4c62-8f61-84a01f098730@group-121D8B1B1650-FollowerState
2021-01-12 14:07:11,340 [pool-49-thread-1] INFO  util.JmxRegister (JmxRegister.java:tryRegister(44)) - Successfully registered JMX Bean with object name Ratis:service=RaftServer,group=group-121D8B1B1650,id=3e740cc2-f7d4-4c62-8f61-84a01f098730
2021-01-12 14:07:11,348 [pool-49-thread-1] INFO  metrics.RatisMetrics (RatisMetrics.java:lambda$create$0(36)) - Creating Metrics Registry : ratis.state_machine.3e740cc2-f7d4-4c62-8f61-84a01f098730@group-121D8B1B1650
2021-01-12 14:07:11,351 [Command processor thread] INFO  commandhandler.CreatePipelineCommandHandler (CreatePipelineCommandHandler.java:handle(106)) - Created Pipeline RATIS ONE PipelineID=46ad2407-f375-49a5-a8a5-121d8b1b1650.
2021-01-12 14:07:11,368 [Command processor thread] INFO  server.RaftServer (RaftServerProxy.java:addNew(95)) - 3e740cc2-f7d4-4c62-8f61-84a01f098730: addNew group-1C39482078EB:[3e740cc2-f7d4-4c62-8f61-84a01f098730|rpc:172.17.0.2:33313|priority:0, e91d73f6-08d2-44aa-8f25-e39c88d9a3b1|rpc:172.17.0.2:40635|priority:0, 4274b414-dae9-48b1-8d41-4b70e5f2a60a|rpc:172.17.0.2:45333|priority:1] returns group-1C39482078EB:java.util.concurrent.CompletableFuture@42db6dda[Not completed]
2021-01-12 14:07:11,436 [pool-49-thread-1] INFO  server.RaftServer$Division (RaftServerImpl.java:<init>(179)) - 3e740cc2-f7d4-4c62-8f61-84a01f098730: new RaftServerImpl for group-1C39482078EB:[3e740cc2-f7d4-4c62-8f61-84a01f098730|rpc:172.17.0.2:33313|priority:0, e91d73f6-08d2-44aa-8f25-e39c88d9a3b1|rpc:172.17.0.2:40635|priority:0, 4274b414-dae9-48b1-8d41-4b70e5f2a60a|rpc:172.17.0.2:45333|priority:1] with ContainerStateMachine:uninitialized
2021-01-12 14:07:11,436 [pool-49-thread-1] INFO  server.RaftServerConfigKeys (ConfUtils.java:logGet(44)) - raft.server.rpc.timeout.min = 5s (custom)
2021-01-12 14:07:11,437 [pool-49-thread-1] INFO  server.RaftServerConfigKeys (ConfUtils.java:logGet(44)) - raft.server.rpc.timeout.max = 5200ms (custom)
2021-01-12 14:07:11,437 [pool-49-thread-1] INFO  server.RaftServerConfigKeys (ConfUtils.java:logGet(44)) - raft.server.rpc.sleep.time = 25ms (default)
2021-01-12 14:07:11,437 [pool-49-thread-1] INFO  server.RaftServerConfigKeys (ConfUtils.java:logGet(44)) - raft.server.rpc.slowness.timeout = 300s (custom)
2021-01-12 14:07:11,437 [pool-49-thread-1] INFO  server.RaftServerConfigKeys (ConfUtils.java:logGet(44)) - raft.server.leaderelection.leader.step-down.wait-time = 10s (default)
2021-01-12 14:07:11,437 [pool-49-thread-1] INFO  server.RaftServerConfigKeys (ConfUtils.java:logGet(44)) - raft.server.sleep.deviation.threshold = 300ms (default)
2021-01-12 14:07:11,437 [pool-49-thread-1] INFO  server.RaftServerConfigKeys (ConfUtils.java:logGet(44)) - raft.server.log.appender.install.snapshot.enabled = false (custom)
2021-01-12 14:07:11,437 [pool-49-thread-1] INFO  server.RaftServer$Division (ServerState.java:<init>(103)) - 3e740cc2-f7d4-4c62-8f61-84a01f098730@group-1C39482078EB: ConfigurationManager, init=-1: [3e740cc2-f7d4-4c62-8f61-84a01f098730|rpc:172.17.0.2:33313|priority:0, e91d73f6-08d2-44aa-8f25-e39c88d9a3b1|rpc:172.17.0.2:40635|priority:0, 4274b414-dae9-48b1-8d41-4b70e5f2a60a|rpc:172.17.0.2:45333|priority:1], old=null, confs=<EMPTY_MAP>
2021-01-12 14:07:11,437 [pool-49-thread-1] INFO  server.RaftServerConfigKeys (ConfUtils.java:logGet(44)) - raft.server.storage.dir = [/github/workspace/mnt/ozone/hadoop-ozone/integration-test/target/test-dir/MiniOzoneClusterImpl-43cf099b-0e8c-46dd-87e7-7f7fde2b07fc/datanode-1/data/ratis] (custom)
2021-01-12 14:07:11,437 [pool-49-thread-1] INFO  server.RaftServerConfigKeys (ConfUtils.java:logGet(44)) - raft.server.log.corruption.policy = EXCEPTION (default)
2021-01-12 14:07:11,437 [pool-49-thread-1] INFO  storage.RaftStorageDirectory (RaftStorageDirectoryImpl.java:analyzeStorage(132)) - The storage directory /github/workspace/mnt/ozone/hadoop-ozone/integration-test/target/test-dir/MiniOzoneClusterImpl-43cf099b-0e8c-46dd-87e7-7f7fde2b07fc/datanode-1/data/ratis/c057a116-1d16-4def-985c-1c39482078eb does not exist. Creating ...
2021-01-12 14:07:11,439 [pool-49-thread-1] INFO  storage.RaftStorageDirectory (RaftStorageDirectoryImpl.java:tryLock(215)) - Lock on /github/workspace/mnt/ozone/hadoop-ozone/integration-test/target/test-dir/MiniOzoneClusterImpl-43cf099b-0e8c-46dd-87e7-7f7fde2b07fc/datanode-1/data/ratis/c057a116-1d16-4def-985c-1c39482078eb/in_use.lock acquired by nodename 9907@e47597c41fba
2021-01-12 14:07:11,440 [pool-49-thread-1] INFO  storage.RaftStorage (RaftStorageImpl.java:format(87)) - Storage directory /github/workspace/mnt/ozone/hadoop-ozone/integration-test/target/test-dir/MiniOzoneClusterImpl-43cf099b-0e8c-46dd-87e7-7f7fde2b07fc/datanode-1/data/ratis/c057a116-1d16-4def-985c-1c39482078eb has been successfully formatted.
2021-01-12 14:07:11,441 [pool-49-thread-1] INFO  ratis.ContainerStateMachine (ContainerStateMachine.java:loadSnapshot(223)) - group-1C39482078EB: The snapshot info is null. Setting the last applied indexto:(t:0, i:~)
2021-01-12 14:07:11,443 [pool-49-thread-1] ERROR storage.RaftStorage (RaftStorageImpl.java:readRaftConfiguration(147)) - Failed reading configuration from file:/github/workspace/mnt/ozone/hadoop-ozone/integration-test/target/test-dir/MiniOzoneClusterImpl-43cf099b-0e8c-46dd-87e7-7f7fde2b07fc/datanode-1/data/ratis/c057a116-1d16-4def-985c-1c39482078eb/current/raft-meta.conf
java.io.FileNotFoundException: /github/workspace/mnt/ozone/hadoop-ozone/integration-test/target/test-dir/MiniOzoneClusterImpl-43cf099b-0e8c-46dd-87e7-7f7fde2b07fc/datanode-1/data/ratis/c057a116-1d16-4def-985c-1c39482078eb/current/raft-meta.conf (No such file or directory)
	at java.io.FileInputStream.open0(Native Method)
	at java.io.FileInputStream.open(FileInputStream.java:195)
	at java.io.FileInputStream.<init>(FileInputStream.java:138)
	at org.apache.ratis.server.storage.RaftStorageImpl.readRaftConfiguration(RaftStorageImpl.java:143)
	at org.apache.ratis.server.impl.ServerState.<init>(ServerState.java:113)
	at org.apache.ratis.server.impl.RaftServerImpl.<init>(RaftServerImpl.java:192)
	at org.apache.ratis.server.impl.RaftServerProxy.lambda$newRaftServerImpl$4(RaftServerProxy.java:266)
	at java.util.concurrent.CompletableFuture$AsyncSupply.run(CompletableFuture.java:1604)
	at java.util.concurrent.ThreadPoolExecutor.runWorker(ThreadPoolExecutor.java:1149)
	at java.util.concurrent.ThreadPoolExecutor$Worker.run(ThreadPoolExecutor.java:624)
	at java.lang.Thread.run(Thread.java:748)
2021-01-12 14:07:11,443 [pool-49-thread-1] INFO  server.RaftServerConfigKeys (ConfUtils.java:logGet(44)) - raft.server.notification.no-leader.timeout = 300s (custom)
2021-01-12 14:07:11,443 [pool-49-thread-1] INFO  server.RaftServerConfigKeys (ConfUtils.java:logGet(44)) - raft.server.log.use.memory = false (default)
2021-01-12 14:07:11,443 [pool-49-thread-1] INFO  server.RaftServerConfigKeys (ConfUtils.java:logGet(44)) - raft.server.log.purge.gap = 1000000 (custom)
2021-01-12 14:07:11,443 [pool-49-thread-1] INFO  server.RaftServerConfigKeys (ConfUtils.java:logGet(44)) - raft.server.log.appender.buffer.byte-limit = 33554432 (custom)
2021-01-12 14:07:11,444 [pool-49-thread-1] INFO  metrics.RatisMetrics (RatisMetrics.java:lambda$create$0(36)) - Creating Metrics Registry : ratis.log_worker.3e740cc2-f7d4-4c62-8f61-84a01f098730@group-1C39482078EB
2021-01-12 14:07:11,444 [pool-49-thread-1] INFO  server.RaftServerConfigKeys (ConfUtils.java:logGet(44)) - raft.server.log.segment.size.max = 1048576 (custom)
2021-01-12 14:07:11,444 [pool-49-thread-1] INFO  server.RaftServerConfigKeys (ConfUtils.java:logGet(44)) - raft.server.log.segment.cache.num.max = 2 (custom)
2021-01-12 14:07:11,444 [pool-49-thread-1] INFO  server.RaftServerConfigKeys (ConfUtils.java:logGet(44)) - raft.server.log.segment.cache.size.max = 200MB (=209715200) (default)
2021-01-12 14:07:11,444 [pool-49-thread-1] INFO  segmented.SegmentedRaftLogWorker (SegmentedRaftLogWorker.java:<init>(181)) - new 3e740cc2-f7d4-4c62-8f61-84a01f098730@group-1C39482078EB-SegmentedRaftLogWorker for RaftStorageImpl:Storage Directory /github/workspace/mnt/ozone/hadoop-ozone/integration-test/target/test-dir/MiniOzoneClusterImpl-43cf099b-0e8c-46dd-87e7-7f7fde2b07fc/datanode-1/data/ratis/c057a116-1d16-4def-985c-1c39482078eb
2021-01-12 14:07:11,445 [pool-49-thread-1] INFO  server.RaftServerConfigKeys (ConfUtils.java:logGet(44)) - raft.server.log.queue.byte-limit = 2147483647 (custom)
2021-01-12 14:07:11,445 [pool-49-thread-1] INFO  server.RaftServerConfigKeys (ConfUtils.java:logGet(44)) - raft.server.log.queue.element-limit = 1024 (custom)
2021-01-12 14:07:11,445 [pool-49-thread-1] INFO  server.RaftServerConfigKeys (ConfUtils.java:logGet(44)) - raft.server.log.segment.size.max = 1048576 (custom)
2021-01-12 14:07:11,445 [pool-49-thread-1] INFO  server.RaftServerConfigKeys (ConfUtils.java:logGet(44)) - raft.server.log.preallocated.size = 16384 (custom)
2021-01-12 14:07:11,445 [pool-49-thread-1] INFO  server.RaftServerConfigKeys (ConfUtils.java:logGet(44)) - raft.server.log.force.sync.num = 128 (default)
2021-01-12 14:07:11,445 [pool-49-thread-1] INFO  server.RaftServerConfigKeys (ConfUtils.java:logGet(44)) - raft.server.log.statemachine.data.sync = true (default)
2021-01-12 14:07:11,445 [pool-49-thread-1] INFO  server.RaftServerConfigKeys (ConfUtils.java:logGet(44)) - raft.server.log.statemachine.data.sync.timeout = 10s (default)
2021-01-12 14:07:11,445 [pool-49-thread-1] INFO  server.RaftServerConfigKeys (ConfUtils.java:logGet(44)) - raft.server.log.statemachine.data.sync.timeout.retry = -1 (default)
2021-01-12 14:07:11,446 [pool-49-thread-1] INFO  server.RaftServerConfigKeys (ConfUtils.java:logGet(44)) - raft.server.log.write.buffer.size = 1048576 (custom)
2021-01-12 14:07:11,456 [pool-49-thread-1] INFO  server.RaftServerConfigKeys (ConfUtils.java:logGet(44)) - raft.server.log.statemachine.data.caching.enabled = true (custom)
2021-01-12 14:07:11,458 [pool-49-thread-1] INFO  segmented.SegmentedRaftLogWorker (SegmentedRaftLogWorker.java:lambda$new$0(132)) - 3e740cc2-f7d4-4c62-8f61-84a01f098730@group-1C39482078EB-SegmentedRaftLogWorker: flushIndex: setUnconditionally 0 -> -1
2021-01-12 14:07:11,462 [pool-49-thread-1] INFO  segmented.SegmentedRaftLogWorker (SegmentedRaftLogWorker.java:lambda$new$0(132)) - 3e740cc2-f7d4-4c62-8f61-84a01f098730@group-1C39482078EB-SegmentedRaftLogWorker: safeCacheEvictIndex: setUnconditionally 0 -> -1
2021-01-12 14:07:11,460 [EventQueue-OpenPipelineForHealthyPipelineSafeModeRule] INFO  safemode.SCMSafeModeManager (HealthyPipelineSafeModeRule.java:process(128)) - SCM in safe mode. Healthy pipelines reported count is 0, required healthy pipeline reported count is 1
2021-01-12 14:07:11,459 [EventQueue-PipelineReportForOneReplicaPipelineSafeModeRule] INFO  safemode.SCMSafeModeManager (SCMSafeModeManager.java:validateSafeModeExitRules(214)) - AtleastOneDatanodeReportedRule rule is successfully validated
2021-01-12 14:07:11,470 [pool-49-thread-1] INFO  server.RaftServerConfigKeys (ConfUtils.java:logGet(44)) - raft.server.snapshot.auto.trigger.enabled = true (custom)
2021-01-12 14:07:11,470 [pool-49-thread-1] INFO  server.RaftServerConfigKeys (ConfUtils.java:logGet(44)) - raft.server.snapshot.auto.trigger.threshold = 10000 (custom)
2021-01-12 14:07:11,470 [pool-49-thread-1] INFO  server.RaftServerConfigKeys (ConfUtils.java:logGet(44)) - raft.server.snapshot.retention.file.num = 5 (custom)
2021-01-12 14:07:11,470 [pool-49-thread-1] INFO  server.RaftServerConfigKeys (ConfUtils.java:logGet(44)) - raft.server.log.purge.upto.snapshot.index = false (default)
2021-01-12 14:07:11,470 [pool-49-thread-1] INFO  server.RaftServerConfigKeys (ConfUtils.java:logGet(44)) - raft.server.retrycache.expirytime = 600000ms (custom)
2021-01-12 14:07:11,470 [pool-49-thread-1] INFO  server.RaftServerConfigKeys (ConfUtils.java:logGet(44)) - raft.server.retrycache.statistics.expirytime = 100?s (default)
2021-01-12 14:07:11,470 [pool-49-thread-1] INFO  metrics.RatisMetrics (RatisMetrics.java:lambda$create$0(36)) - Creating Metrics Registry : ratis.leader_election.3e740cc2-f7d4-4c62-8f61-84a01f098730@group-1C39482078EB
2021-01-12 14:07:11,471 [pool-49-thread-1] INFO  metrics.RatisMetrics (RatisMetrics.java:lambda$create$0(36)) - Creating Metrics Registry : ratis.server.3e740cc2-f7d4-4c62-8f61-84a01f098730@group-1C39482078EB
2021-01-12 14:07:11,472 [pool-49-thread-1] INFO  server.RaftServer$Division (RaftServerImpl.java:start(294)) - 3e740cc2-f7d4-4c62-8f61-84a01f098730@group-1C39482078EB: start as a follower, conf=-1: [3e740cc2-f7d4-4c62-8f61-84a01f098730|rpc:172.17.0.2:33313|priority:0, e91d73f6-08d2-44aa-8f25-e39c88d9a3b1|rpc:172.17.0.2:40635|priority:0, 4274b414-dae9-48b1-8d41-4b70e5f2a60a|rpc:172.17.0.2:45333|priority:1], old=null
2021-01-12 14:07:11,472 [pool-49-thread-1] INFO  server.RaftServer$Division (RaftServerImpl.java:setRole(283)) - 3e740cc2-f7d4-4c62-8f61-84a01f098730@group-1C39482078EB: changes role from      null to FOLLOWER at term 0 for startAsFollower
2021-01-12 14:07:11,472 [pool-49-thread-1] INFO  impl.RoleInfo (RoleInfo.java:updateAndGet(130)) - 3e740cc2-f7d4-4c62-8f61-84a01f098730: start 3e740cc2-f7d4-4c62-8f61-84a01f098730@group-1C39482078EB-FollowerState
2021-01-12 14:07:11,480 [pool-49-thread-1] INFO  util.JmxRegister (JmxRegister.java:tryRegister(44)) - Successfully registered JMX Bean with object name Ratis:service=RaftServer,group=group-1C39482078EB,id=3e740cc2-f7d4-4c62-8f61-84a01f098730
2021-01-12 14:07:11,480 [pool-49-thread-1] INFO  metrics.RatisMetrics (RatisMetrics.java:lambda$create$0(36)) - Creating Metrics Registry : ratis.state_machine.3e740cc2-f7d4-4c62-8f61-84a01f098730@group-1C39482078EB
2021-01-12 14:07:11,490 [Command processor thread] INFO  metrics.RatisMetrics (RatisMetrics.java:lambda$create$0(36)) - Creating Metrics Registry : ratis.client_message_metrics.client-525D3A494426->4274b414-dae9-48b1-8d41-4b70e5f2a60a
2021-01-12 14:07:11,494 [Command processor thread] INFO  server.RaftServer (RaftServerProxy.java:addNew(95)) - 4274b414-dae9-48b1-8d41-4b70e5f2a60a: addNew group-A46D7F28D3D6:[4274b414-dae9-48b1-8d41-4b70e5f2a60a|rpc:172.17.0.2:45333|priority:1] returns group-A46D7F28D3D6:java.util.concurrent.CompletableFuture@792dab8b[Not completed]
2021-01-12 14:07:11,500 [EventQueue-PipelineReportForOneReplicaPipelineSafeModeRule] INFO  safemode.SCMSafeModeManager (SCMSafeModeManager.java:validateSafeModeExitRules(214)) - AtleastOneDatanodeReportedRule rule is successfully validated
2021-01-12 14:07:11,557 [pool-66-thread-1] INFO  server.RaftServer$Division (RaftServerImpl.java:<init>(179)) - 4274b414-dae9-48b1-8d41-4b70e5f2a60a: new RaftServerImpl for group-A46D7F28D3D6:[4274b414-dae9-48b1-8d41-4b70e5f2a60a|rpc:172.17.0.2:45333|priority:1] with ContainerStateMachine:uninitialized
2021-01-12 14:07:11,558 [pool-66-thread-1] INFO  server.RaftServerConfigKeys (ConfUtils.java:logGet(44)) - raft.server.rpc.timeout.min = 5s (custom)
2021-01-12 14:07:11,558 [pool-66-thread-1] INFO  server.RaftServerConfigKeys (ConfUtils.java:logGet(44)) - raft.server.rpc.timeout.max = 5200ms (custom)
2021-01-12 14:07:11,558 [pool-66-thread-1] INFO  server.RaftServerConfigKeys (ConfUtils.java:logGet(44)) - raft.server.rpc.sleep.time = 25ms (default)
2021-01-12 14:07:11,558 [pool-66-thread-1] INFO  server.RaftServerConfigKeys (ConfUtils.java:logGet(44)) - raft.server.rpc.slowness.timeout = 300s (custom)
2021-01-12 14:07:11,558 [pool-66-thread-1] INFO  server.RaftServerConfigKeys (ConfUtils.java:logGet(44)) - raft.server.leaderelection.leader.step-down.wait-time = 10s (default)
2021-01-12 14:07:11,558 [pool-66-thread-1] INFO  server.RaftServerConfigKeys (ConfUtils.java:logGet(44)) - raft.server.sleep.deviation.threshold = 300ms (default)
2021-01-12 14:07:11,558 [pool-66-thread-1] INFO  server.RaftServerConfigKeys (ConfUtils.java:logGet(44)) - raft.server.log.appender.install.snapshot.enabled = false (custom)
2021-01-12 14:07:11,558 [pool-66-thread-1] INFO  server.RaftServer$Division (ServerState.java:<init>(103)) - 4274b414-dae9-48b1-8d41-4b70e5f2a60a@group-A46D7F28D3D6: ConfigurationManager, init=-1: [4274b414-dae9-48b1-8d41-4b70e5f2a60a|rpc:172.17.0.2:45333|priority:1], old=null, confs=<EMPTY_MAP>
2021-01-12 14:07:11,558 [pool-66-thread-1] INFO  server.RaftServerConfigKeys (ConfUtils.java:logGet(44)) - raft.server.storage.dir = [/github/workspace/mnt/ozone/hadoop-ozone/integration-test/target/test-dir/MiniOzoneClusterImpl-43cf099b-0e8c-46dd-87e7-7f7fde2b07fc/datanode-2/data/ratis] (custom)
2021-01-12 14:07:11,558 [pool-66-thread-1] INFO  server.RaftServerConfigKeys (ConfUtils.java:logGet(44)) - raft.server.log.corruption.policy = EXCEPTION (default)
2021-01-12 14:07:11,558 [pool-66-thread-1] INFO  storage.RaftStorageDirectory (RaftStorageDirectoryImpl.java:analyzeStorage(132)) - The storage directory /github/workspace/mnt/ozone/hadoop-ozone/integration-test/target/test-dir/MiniOzoneClusterImpl-43cf099b-0e8c-46dd-87e7-7f7fde2b07fc/datanode-2/data/ratis/36c059fa-6461-462a-b12e-a46d7f28d3d6 does not exist. Creating ...
2021-01-12 14:07:11,564 [pool-66-thread-1] INFO  storage.RaftStorageDirectory (RaftStorageDirectoryImpl.java:tryLock(215)) - Lock on /github/workspace/mnt/ozone/hadoop-ozone/integration-test/target/test-dir/MiniOzoneClusterImpl-43cf099b-0e8c-46dd-87e7-7f7fde2b07fc/datanode-2/data/ratis/36c059fa-6461-462a-b12e-a46d7f28d3d6/in_use.lock acquired by nodename 9907@e47597c41fba
2021-01-12 14:07:11,566 [pool-66-thread-1] INFO  storage.RaftStorage (RaftStorageImpl.java:format(87)) - Storage directory /github/workspace/mnt/ozone/hadoop-ozone/integration-test/target/test-dir/MiniOzoneClusterImpl-43cf099b-0e8c-46dd-87e7-7f7fde2b07fc/datanode-2/data/ratis/36c059fa-6461-462a-b12e-a46d7f28d3d6 has been successfully formatted.
2021-01-12 14:07:11,566 [pool-66-thread-1] INFO  ratis.ContainerStateMachine (ContainerStateMachine.java:loadSnapshot(223)) - group-A46D7F28D3D6: The snapshot info is null. Setting the last applied indexto:(t:0, i:~)
2021-01-12 14:07:11,566 [pool-66-thread-1] ERROR storage.RaftStorage (RaftStorageImpl.java:readRaftConfiguration(147)) - Failed reading configuration from file:/github/workspace/mnt/ozone/hadoop-ozone/integration-test/target/test-dir/MiniOzoneClusterImpl-43cf099b-0e8c-46dd-87e7-7f7fde2b07fc/datanode-2/data/ratis/36c059fa-6461-462a-b12e-a46d7f28d3d6/current/raft-meta.conf
java.io.FileNotFoundException: /github/workspace/mnt/ozone/hadoop-ozone/integration-test/target/test-dir/MiniOzoneClusterImpl-43cf099b-0e8c-46dd-87e7-7f7fde2b07fc/datanode-2/data/ratis/36c059fa-6461-462a-b12e-a46d7f28d3d6/current/raft-meta.conf (No such file or directory)
	at java.io.FileInputStream.open0(Native Method)
	at java.io.FileInputStream.open(FileInputStream.java:195)
	at java.io.FileInputStream.<init>(FileInputStream.java:138)
	at org.apache.ratis.server.storage.RaftStorageImpl.readRaftConfiguration(RaftStorageImpl.java:143)
	at org.apache.ratis.server.impl.ServerState.<init>(ServerState.java:113)
	at org.apache.ratis.server.impl.RaftServerImpl.<init>(RaftServerImpl.java:192)
	at org.apache.ratis.server.impl.RaftServerProxy.lambda$newRaftServerImpl$4(RaftServerProxy.java:266)
	at java.util.concurrent.CompletableFuture$AsyncSupply.run(CompletableFuture.java:1604)
	at java.util.concurrent.ThreadPoolExecutor.runWorker(ThreadPoolExecutor.java:1149)
	at java.util.concurrent.ThreadPoolExecutor$Worker.run(ThreadPoolExecutor.java:624)
	at java.lang.Thread.run(Thread.java:748)
2021-01-12 14:07:11,567 [pool-66-thread-1] INFO  server.RaftServerConfigKeys (ConfUtils.java:logGet(44)) - raft.server.notification.no-leader.timeout = 300s (custom)
2021-01-12 14:07:11,567 [pool-66-thread-1] INFO  server.RaftServerConfigKeys (ConfUtils.java:logGet(44)) - raft.server.log.use.memory = false (default)
2021-01-12 14:07:11,567 [pool-66-thread-1] INFO  server.RaftServerConfigKeys (ConfUtils.java:logGet(44)) - raft.server.log.purge.gap = 1000000 (custom)
2021-01-12 14:07:11,567 [pool-66-thread-1] INFO  server.RaftServerConfigKeys (ConfUtils.java:logGet(44)) - raft.server.log.appender.buffer.byte-limit = 33554432 (custom)
2021-01-12 14:07:11,567 [pool-66-thread-1] INFO  metrics.RatisMetrics (RatisMetrics.java:lambda$create$0(36)) - Creating Metrics Registry : ratis.log_worker.4274b414-dae9-48b1-8d41-4b70e5f2a60a@group-A46D7F28D3D6
2021-01-12 14:07:11,567 [pool-66-thread-1] INFO  server.RaftServerConfigKeys (ConfUtils.java:logGet(44)) - raft.server.log.segment.size.max = 1048576 (custom)
2021-01-12 14:07:11,569 [EventQueue-PipelineReportForOneReplicaPipelineSafeModeRule] INFO  safemode.SCMSafeModeManager (SCMSafeModeManager.java:validateSafeModeExitRules(214)) - AtleastOneDatanodeReportedRule rule is successfully validated
2021-01-12 14:07:11,569 [pool-66-thread-1] INFO  server.RaftServerConfigKeys (ConfUtils.java:logGet(44)) - raft.server.log.segment.cache.num.max = 2 (custom)
2021-01-12 14:07:11,570 [pool-66-thread-1] INFO  server.RaftServerConfigKeys (ConfUtils.java:logGet(44)) - raft.server.log.segment.cache.size.max = 200MB (=209715200) (default)
2021-01-12 14:07:11,570 [pool-66-thread-1] INFO  segmented.SegmentedRaftLogWorker (SegmentedRaftLogWorker.java:<init>(181)) - new 4274b414-dae9-48b1-8d41-4b70e5f2a60a@group-A46D7F28D3D6-SegmentedRaftLogWorker for RaftStorageImpl:Storage Directory /github/workspace/mnt/ozone/hadoop-ozone/integration-test/target/test-dir/MiniOzoneClusterImpl-43cf099b-0e8c-46dd-87e7-7f7fde2b07fc/datanode-2/data/ratis/36c059fa-6461-462a-b12e-a46d7f28d3d6
2021-01-12 14:07:11,570 [pool-66-thread-1] INFO  server.RaftServerConfigKeys (ConfUtils.java:logGet(44)) - raft.server.log.queue.byte-limit = 2147483647 (custom)
2021-01-12 14:07:11,570 [pool-66-thread-1] INFO  server.RaftServerConfigKeys (ConfUtils.java:logGet(44)) - raft.server.log.queue.element-limit = 1024 (custom)
2021-01-12 14:07:11,570 [pool-66-thread-1] INFO  server.RaftServerConfigKeys (ConfUtils.java:logGet(44)) - raft.server.log.segment.size.max = 1048576 (custom)
2021-01-12 14:07:11,570 [pool-66-thread-1] INFO  server.RaftServerConfigKeys (ConfUtils.java:logGet(44)) - raft.server.log.preallocated.size = 16384 (custom)
2021-01-12 14:07:11,570 [pool-66-thread-1] INFO  server.RaftServerConfigKeys (ConfUtils.java:logGet(44)) - raft.server.log.force.sync.num = 128 (default)
2021-01-12 14:07:11,570 [pool-66-thread-1] INFO  server.RaftServerConfigKeys (ConfUtils.java:logGet(44)) - raft.server.log.statemachine.data.sync = true (default)
2021-01-12 14:07:11,570 [pool-66-thread-1] INFO  server.RaftServerConfigKeys (ConfUtils.java:logGet(44)) - raft.server.log.statemachine.data.sync.timeout = 10s (default)
2021-01-12 14:07:11,570 [pool-66-thread-1] INFO  server.RaftServerConfigKeys (ConfUtils.java:logGet(44)) - raft.server.log.statemachine.data.sync.timeout.retry = -1 (default)
2021-01-12 14:07:11,571 [pool-66-thread-1] INFO  server.RaftServerConfigKeys (ConfUtils.java:logGet(44)) - raft.server.log.write.buffer.size = 1048576 (custom)
2021-01-12 14:07:11,572 [pool-66-thread-1] INFO  server.RaftServerConfigKeys (ConfUtils.java:logGet(44)) - raft.server.log.statemachine.data.caching.enabled = true (custom)
2021-01-12 14:07:11,572 [pool-66-thread-1] INFO  segmented.SegmentedRaftLogWorker (SegmentedRaftLogWorker.java:lambda$new$0(132)) - 4274b414-dae9-48b1-8d41-4b70e5f2a60a@group-A46D7F28D3D6-SegmentedRaftLogWorker: flushIndex: setUnconditionally 0 -> -1
2021-01-12 14:07:11,572 [pool-66-thread-1] INFO  segmented.SegmentedRaftLogWorker (SegmentedRaftLogWorker.java:lambda$new$0(132)) - 4274b414-dae9-48b1-8d41-4b70e5f2a60a@group-A46D7F28D3D6-SegmentedRaftLogWorker: safeCacheEvictIndex: setUnconditionally 0 -> -1
2021-01-12 14:07:11,572 [EventQueue-PipelineReportForPipelineReportHandler] INFO  pipeline.PipelineStateManager (PipelineStateManager.java:openPipeline(132)) - Pipeline Pipeline[ Id: 36c059fa-6461-462a-b12e-a46d7f28d3d6, Nodes: 4274b414-dae9-48b1-8d41-4b70e5f2a60a{ip: 172.17.0.2, host: e47597c41fba, networkLocation: /default-rack, certSerialId: null, persistedOpState: IN_SERVICE, persistedOpStateExpiryEpochSec: 0}, Type:RATIS, Factor:ONE, State:ALLOCATED, leaderId:4274b414-dae9-48b1-8d41-4b70e5f2a60a, CreationTimestamp2021-01-12T14:07:08.499Z] moved to OPEN state
2021-01-12 14:07:11,573 [EventQueue-OpenPipelineForHealthyPipelineSafeModeRule] INFO  safemode.SCMSafeModeManager (HealthyPipelineSafeModeRule.java:process(128)) - SCM in safe mode. Healthy pipelines reported count is 0, required healthy pipeline reported count is 1
2021-01-12 14:07:11,574 [pool-66-thread-1] INFO  server.RaftServerConfigKeys (ConfUtils.java:logGet(44)) - raft.server.snapshot.auto.trigger.enabled = true (custom)
2021-01-12 14:07:11,580 [pool-66-thread-1] INFO  server.RaftServerConfigKeys (ConfUtils.java:logGet(44)) - raft.server.snapshot.auto.trigger.threshold = 10000 (custom)
2021-01-12 14:07:11,580 [pool-66-thread-1] INFO  server.RaftServerConfigKeys (ConfUtils.java:logGet(44)) - raft.server.snapshot.retention.file.num = 5 (custom)
2021-01-12 14:07:11,580 [pool-66-thread-1] INFO  server.RaftServerConfigKeys (ConfUtils.java:logGet(44)) - raft.server.log.purge.upto.snapshot.index = false (default)
2021-01-12 14:07:11,580 [pool-66-thread-1] INFO  server.RaftServerConfigKeys (ConfUtils.java:logGet(44)) - raft.server.retrycache.expirytime = 600000ms (custom)
2021-01-12 14:07:11,580 [pool-66-thread-1] INFO  server.RaftServerConfigKeys (ConfUtils.java:logGet(44)) - raft.server.retrycache.statistics.expirytime = 100?s (default)
2021-01-12 14:07:11,580 [pool-66-thread-1] INFO  metrics.RatisMetrics (RatisMetrics.java:lambda$create$0(36)) - Creating Metrics Registry : ratis.leader_election.4274b414-dae9-48b1-8d41-4b70e5f2a60a@group-A46D7F28D3D6
2021-01-12 14:07:11,581 [pool-66-thread-1] INFO  metrics.RatisMetrics (RatisMetrics.java:lambda$create$0(36)) - Creating Metrics Registry : ratis.server.4274b414-dae9-48b1-8d41-4b70e5f2a60a@group-A46D7F28D3D6
2021-01-12 14:07:11,581 [pool-66-thread-1] INFO  server.RaftServer$Division (RaftServerImpl.java:start(294)) - 4274b414-dae9-48b1-8d41-4b70e5f2a60a@group-A46D7F28D3D6: start as a follower, conf=-1: [4274b414-dae9-48b1-8d41-4b70e5f2a60a|rpc:172.17.0.2:45333|priority:1], old=null
2021-01-12 14:07:11,582 [pool-66-thread-1] INFO  server.RaftServer$Division (RaftServerImpl.java:setRole(283)) - 4274b414-dae9-48b1-8d41-4b70e5f2a60a@group-A46D7F28D3D6: changes role from      null to FOLLOWER at term 0 for startAsFollower
2021-01-12 14:07:11,582 [pool-66-thread-1] INFO  impl.RoleInfo (RoleInfo.java:updateAndGet(130)) - 4274b414-dae9-48b1-8d41-4b70e5f2a60a: start 4274b414-dae9-48b1-8d41-4b70e5f2a60a@group-A46D7F28D3D6-FollowerState
2021-01-12 14:07:11,588 [pool-66-thread-1] INFO  util.JmxRegister (JmxRegister.java:tryRegister(44)) - Successfully registered JMX Bean with object name Ratis:service=RaftServer,group=group-A46D7F28D3D6,id=4274b414-dae9-48b1-8d41-4b70e5f2a60a
2021-01-12 14:07:11,588 [pool-66-thread-1] INFO  metrics.RatisMetrics (RatisMetrics.java:lambda$create$0(36)) - Creating Metrics Registry : ratis.state_machine.4274b414-dae9-48b1-8d41-4b70e5f2a60a@group-A46D7F28D3D6
2021-01-12 14:07:11,597 [Command processor thread] INFO  commandhandler.CreatePipelineCommandHandler (CreatePipelineCommandHandler.java:handle(106)) - Created Pipeline RATIS ONE PipelineID=36c059fa-6461-462a-b12e-a46d7f28d3d6.
2021-01-12 14:07:11,598 [Command processor thread] INFO  server.RaftServer (RaftServerProxy.java:addNew(95)) - 4274b414-dae9-48b1-8d41-4b70e5f2a60a: addNew group-1C39482078EB:[3e740cc2-f7d4-4c62-8f61-84a01f098730|rpc:172.17.0.2:33313|priority:0, e91d73f6-08d2-44aa-8f25-e39c88d9a3b1|rpc:172.17.0.2:40635|priority:0, 4274b414-dae9-48b1-8d41-4b70e5f2a60a|rpc:172.17.0.2:45333|priority:1] returns group-1C39482078EB:java.util.concurrent.CompletableFuture@7d122076[Not completed]
2021-01-12 14:07:11,599 [pool-66-thread-1] INFO  server.RaftServer$Division (RaftServerImpl.java:<init>(179)) - 4274b414-dae9-48b1-8d41-4b70e5f2a60a: new RaftServerImpl for group-1C39482078EB:[3e740cc2-f7d4-4c62-8f61-84a01f098730|rpc:172.17.0.2:33313|priority:0, e91d73f6-08d2-44aa-8f25-e39c88d9a3b1|rpc:172.17.0.2:40635|priority:0, 4274b414-dae9-48b1-8d41-4b70e5f2a60a|rpc:172.17.0.2:45333|priority:1] with ContainerStateMachine:uninitialized
2021-01-12 14:07:11,599 [pool-66-thread-1] INFO  server.RaftServerConfigKeys (ConfUtils.java:logGet(44)) - raft.server.rpc.timeout.min = 5s (custom)
2021-01-12 14:07:11,599 [pool-66-thread-1] INFO  server.RaftServerConfigKeys (ConfUtils.java:logGet(44)) - raft.server.rpc.timeout.max = 5200ms (custom)
2021-01-12 14:07:11,599 [pool-66-thread-1] INFO  server.RaftServerConfigKeys (ConfUtils.java:logGet(44)) - raft.server.rpc.sleep.time = 25ms (default)
2021-01-12 14:07:11,599 [pool-66-thread-1] INFO  server.RaftServerConfigKeys (ConfUtils.java:logGet(44)) - raft.server.rpc.slowness.timeout = 300s (custom)
2021-01-12 14:07:11,599 [pool-66-thread-1] INFO  server.RaftServerConfigKeys (ConfUtils.java:logGet(44)) - raft.server.leaderelection.leader.step-down.wait-time = 10s (default)
2021-01-12 14:07:11,599 [pool-66-thread-1] INFO  server.RaftServerConfigKeys (ConfUtils.java:logGet(44)) - raft.server.sleep.deviation.threshold = 300ms (default)
2021-01-12 14:07:11,599 [pool-66-thread-1] INFO  server.RaftServerConfigKeys (ConfUtils.java:logGet(44)) - raft.server.log.appender.install.snapshot.enabled = false (custom)
2021-01-12 14:07:11,599 [pool-66-thread-1] INFO  server.RaftServer$Division (ServerState.java:<init>(103)) - 4274b414-dae9-48b1-8d41-4b70e5f2a60a@group-1C39482078EB: ConfigurationManager, init=-1: [3e740cc2-f7d4-4c62-8f61-84a01f098730|rpc:172.17.0.2:33313|priority:0, e91d73f6-08d2-44aa-8f25-e39c88d9a3b1|rpc:172.17.0.2:40635|priority:0, 4274b414-dae9-48b1-8d41-4b70e5f2a60a|rpc:172.17.0.2:45333|priority:1], old=null, confs=<EMPTY_MAP>
2021-01-12 14:07:11,599 [pool-66-thread-1] INFO  server.RaftServerConfigKeys (ConfUtils.java:logGet(44)) - raft.server.storage.dir = [/github/workspace/mnt/ozone/hadoop-ozone/integration-test/target/test-dir/MiniOzoneClusterImpl-43cf099b-0e8c-46dd-87e7-7f7fde2b07fc/datanode-2/data/ratis] (custom)
2021-01-12 14:07:11,600 [pool-66-thread-1] INFO  server.RaftServerConfigKeys (ConfUtils.java:logGet(44)) - raft.server.log.corruption.policy = EXCEPTION (default)
2021-01-12 14:07:11,600 [pool-66-thread-1] INFO  storage.RaftStorageDirectory (RaftStorageDirectoryImpl.java:analyzeStorage(132)) - The storage directory /github/workspace/mnt/ozone/hadoop-ozone/integration-test/target/test-dir/MiniOzoneClusterImpl-43cf099b-0e8c-46dd-87e7-7f7fde2b07fc/datanode-2/data/ratis/c057a116-1d16-4def-985c-1c39482078eb does not exist. Creating ...
2021-01-12 14:07:11,601 [pool-66-thread-1] INFO  storage.RaftStorageDirectory (RaftStorageDirectoryImpl.java:tryLock(215)) - Lock on /github/workspace/mnt/ozone/hadoop-ozone/integration-test/target/test-dir/MiniOzoneClusterImpl-43cf099b-0e8c-46dd-87e7-7f7fde2b07fc/datanode-2/data/ratis/c057a116-1d16-4def-985c-1c39482078eb/in_use.lock acquired by nodename 9907@e47597c41fba
2021-01-12 14:07:11,602 [pool-66-thread-1] INFO  storage.RaftStorage (RaftStorageImpl.java:format(87)) - Storage directory /github/workspace/mnt/ozone/hadoop-ozone/integration-test/target/test-dir/MiniOzoneClusterImpl-43cf099b-0e8c-46dd-87e7-7f7fde2b07fc/datanode-2/data/ratis/c057a116-1d16-4def-985c-1c39482078eb has been successfully formatted.
2021-01-12 14:07:11,603 [pool-66-thread-1] INFO  ratis.ContainerStateMachine (ContainerStateMachine.java:loadSnapshot(223)) - group-1C39482078EB: The snapshot info is null. Setting the last applied indexto:(t:0, i:~)
2021-01-12 14:07:11,604 [pool-66-thread-1] ERROR storage.RaftStorage (RaftStorageImpl.java:readRaftConfiguration(147)) - Failed reading configuration from file:/github/workspace/mnt/ozone/hadoop-ozone/integration-test/target/test-dir/MiniOzoneClusterImpl-43cf099b-0e8c-46dd-87e7-7f7fde2b07fc/datanode-2/data/ratis/c057a116-1d16-4def-985c-1c39482078eb/current/raft-meta.conf
java.io.FileNotFoundException: /github/workspace/mnt/ozone/hadoop-ozone/integration-test/target/test-dir/MiniOzoneClusterImpl-43cf099b-0e8c-46dd-87e7-7f7fde2b07fc/datanode-2/data/ratis/c057a116-1d16-4def-985c-1c39482078eb/current/raft-meta.conf (No such file or directory)
	at java.io.FileInputStream.open0(Native Method)
	at java.io.FileInputStream.open(FileInputStream.java:195)
	at java.io.FileInputStream.<init>(FileInputStream.java:138)
	at org.apache.ratis.server.storage.RaftStorageImpl.readRaftConfiguration(RaftStorageImpl.java:143)
	at org.apache.ratis.server.impl.ServerState.<init>(ServerState.java:113)
	at org.apache.ratis.server.impl.RaftServerImpl.<init>(RaftServerImpl.java:192)
	at org.apache.ratis.server.impl.RaftServerProxy.lambda$newRaftServerImpl$4(RaftServerProxy.java:266)
	at java.util.concurrent.CompletableFuture$AsyncSupply.run(CompletableFuture.java:1604)
	at java.util.concurrent.ThreadPoolExecutor.runWorker(ThreadPoolExecutor.java:1149)
	at java.util.concurrent.ThreadPoolExecutor$Worker.run(ThreadPoolExecutor.java:624)
	at java.lang.Thread.run(Thread.java:748)
2021-01-12 14:07:11,604 [pool-66-thread-1] INFO  server.RaftServerConfigKeys (ConfUtils.java:logGet(44)) - raft.server.notification.no-leader.timeout = 300s (custom)
2021-01-12 14:07:11,604 [pool-66-thread-1] INFO  server.RaftServerConfigKeys (ConfUtils.java:logGet(44)) - raft.server.log.use.memory = false (default)
2021-01-12 14:07:11,604 [pool-66-thread-1] INFO  server.RaftServerConfigKeys (ConfUtils.java:logGet(44)) - raft.server.log.purge.gap = 1000000 (custom)
2021-01-12 14:07:11,604 [pool-66-thread-1] INFO  server.RaftServerConfigKeys (ConfUtils.java:logGet(44)) - raft.server.log.appender.buffer.byte-limit = 33554432 (custom)
2021-01-12 14:07:11,604 [pool-66-thread-1] INFO  metrics.RatisMetrics (RatisMetrics.java:lambda$create$0(36)) - Creating Metrics Registry : ratis.log_worker.4274b414-dae9-48b1-8d41-4b70e5f2a60a@group-1C39482078EB
2021-01-12 14:07:11,604 [pool-66-thread-1] INFO  server.RaftServerConfigKeys (ConfUtils.java:logGet(44)) - raft.server.log.segment.size.max = 1048576 (custom)
2021-01-12 14:07:11,605 [pool-66-thread-1] INFO  server.RaftServerConfigKeys (ConfUtils.java:logGet(44)) - raft.server.log.segment.cache.num.max = 2 (custom)
2021-01-12 14:07:11,605 [pool-66-thread-1] INFO  server.RaftServerConfigKeys (ConfUtils.java:logGet(44)) - raft.server.log.segment.cache.size.max = 200MB (=209715200) (default)
2021-01-12 14:07:11,605 [pool-66-thread-1] INFO  segmented.SegmentedRaftLogWorker (SegmentedRaftLogWorker.java:<init>(181)) - new 4274b414-dae9-48b1-8d41-4b70e5f2a60a@group-1C39482078EB-SegmentedRaftLogWorker for RaftStorageImpl:Storage Directory /github/workspace/mnt/ozone/hadoop-ozone/integration-test/target/test-dir/MiniOzoneClusterImpl-43cf099b-0e8c-46dd-87e7-7f7fde2b07fc/datanode-2/data/ratis/c057a116-1d16-4def-985c-1c39482078eb
2021-01-12 14:07:11,605 [pool-66-thread-1] INFO  server.RaftServerConfigKeys (ConfUtils.java:logGet(44)) - raft.server.log.queue.byte-limit = 2147483647 (custom)
2021-01-12 14:07:11,605 [pool-66-thread-1] INFO  server.RaftServerConfigKeys (ConfUtils.java:logGet(44)) - raft.server.log.queue.element-limit = 1024 (custom)
2021-01-12 14:07:11,605 [pool-66-thread-1] INFO  server.RaftServerConfigKeys (ConfUtils.java:logGet(44)) - raft.server.log.segment.size.max = 1048576 (custom)
2021-01-12 14:07:11,605 [pool-66-thread-1] INFO  server.RaftServerConfigKeys (ConfUtils.java:logGet(44)) - raft.server.log.preallocated.size = 16384 (custom)
2021-01-12 14:07:11,605 [pool-66-thread-1] INFO  server.RaftServerConfigKeys (ConfUtils.java:logGet(44)) - raft.server.log.force.sync.num = 128 (default)
2021-01-12 14:07:11,605 [pool-66-thread-1] INFO  server.RaftServerConfigKeys (ConfUtils.java:logGet(44)) - raft.server.log.statemachine.data.sync = true (default)
2021-01-12 14:07:11,605 [pool-66-thread-1] INFO  server.RaftServerConfigKeys (ConfUtils.java:logGet(44)) - raft.server.log.statemachine.data.sync.timeout = 10s (default)
2021-01-12 14:07:11,605 [pool-66-thread-1] INFO  server.RaftServerConfigKeys (ConfUtils.java:logGet(44)) - raft.server.log.statemachine.data.sync.timeout.retry = -1 (default)
2021-01-12 14:07:11,606 [pool-66-thread-1] INFO  server.RaftServerConfigKeys (ConfUtils.java:logGet(44)) - raft.server.log.write.buffer.size = 1048576 (custom)
2021-01-12 14:07:11,607 [pool-66-thread-1] INFO  server.RaftServerConfigKeys (ConfUtils.java:logGet(44)) - raft.server.log.statemachine.data.caching.enabled = true (custom)
2021-01-12 14:07:11,607 [pool-66-thread-1] INFO  segmented.SegmentedRaftLogWorker (SegmentedRaftLogWorker.java:lambda$new$0(132)) - 4274b414-dae9-48b1-8d41-4b70e5f2a60a@group-1C39482078EB-SegmentedRaftLogWorker: flushIndex: setUnconditionally 0 -> -1
2021-01-12 14:07:11,607 [pool-66-thread-1] INFO  segmented.SegmentedRaftLogWorker (SegmentedRaftLogWorker.java:lambda$new$0(132)) - 4274b414-dae9-48b1-8d41-4b70e5f2a60a@group-1C39482078EB-SegmentedRaftLogWorker: safeCacheEvictIndex: setUnconditionally 0 -> -1
2021-01-12 14:07:11,608 [EventQueue-PipelineReportForOneReplicaPipelineSafeModeRule] INFO  safemode.SCMSafeModeManager (SCMSafeModeManager.java:validateSafeModeExitRules(214)) - AtleastOneDatanodeReportedRule rule is successfully validated
2021-01-12 14:07:11,608 [EventQueue-OpenPipelineForHealthyPipelineSafeModeRule] INFO  safemode.SCMSafeModeManager (HealthyPipelineSafeModeRule.java:process(128)) - SCM in safe mode. Healthy pipelines reported count is 0, required healthy pipeline reported count is 1
2021-01-12 14:07:11,615 [pool-66-thread-1] INFO  server.RaftServerConfigKeys (ConfUtils.java:logGet(44)) - raft.server.snapshot.auto.trigger.enabled = true (custom)
2021-01-12 14:07:11,615 [pool-66-thread-1] INFO  server.RaftServerConfigKeys (ConfUtils.java:logGet(44)) - raft.server.snapshot.auto.trigger.threshold = 10000 (custom)
2021-01-12 14:07:11,615 [pool-66-thread-1] INFO  server.RaftServerConfigKeys (ConfUtils.java:logGet(44)) - raft.server.snapshot.retention.file.num = 5 (custom)
2021-01-12 14:07:11,615 [pool-66-thread-1] INFO  server.RaftServerConfigKeys (ConfUtils.java:logGet(44)) - raft.server.log.purge.upto.snapshot.index = false (default)
2021-01-12 14:07:11,616 [pool-66-thread-1] INFO  server.RaftServerConfigKeys (ConfUtils.java:logGet(44)) - raft.server.retrycache.expirytime = 600000ms (custom)
2021-01-12 14:07:11,616 [pool-66-thread-1] INFO  server.RaftServerConfigKeys (ConfUtils.java:logGet(44)) - raft.server.retrycache.statistics.expirytime = 100?s (default)
2021-01-12 14:07:11,616 [pool-66-thread-1] INFO  metrics.RatisMetrics (RatisMetrics.java:lambda$create$0(36)) - Creating Metrics Registry : ratis.leader_election.4274b414-dae9-48b1-8d41-4b70e5f2a60a@group-1C39482078EB
2021-01-12 14:07:11,616 [pool-66-thread-1] INFO  metrics.RatisMetrics (RatisMetrics.java:lambda$create$0(36)) - Creating Metrics Registry : ratis.server.4274b414-dae9-48b1-8d41-4b70e5f2a60a@group-1C39482078EB
2021-01-12 14:07:11,617 [pool-66-thread-1] INFO  server.RaftServer$Division (RaftServerImpl.java:start(294)) - 4274b414-dae9-48b1-8d41-4b70e5f2a60a@group-1C39482078EB: start as a follower, conf=-1: [3e740cc2-f7d4-4c62-8f61-84a01f098730|rpc:172.17.0.2:33313|priority:0, e91d73f6-08d2-44aa-8f25-e39c88d9a3b1|rpc:172.17.0.2:40635|priority:0, 4274b414-dae9-48b1-8d41-4b70e5f2a60a|rpc:172.17.0.2:45333|priority:1], old=null
2021-01-12 14:07:11,617 [pool-66-thread-1] INFO  server.RaftServer$Division (RaftServerImpl.java:setRole(283)) - 4274b414-dae9-48b1-8d41-4b70e5f2a60a@group-1C39482078EB: changes role from      null to FOLLOWER at term 0 for startAsFollower
2021-01-12 14:07:11,617 [pool-66-thread-1] INFO  impl.RoleInfo (RoleInfo.java:updateAndGet(130)) - 4274b414-dae9-48b1-8d41-4b70e5f2a60a: start 4274b414-dae9-48b1-8d41-4b70e5f2a60a@group-1C39482078EB-FollowerState
2021-01-12 14:07:11,623 [pool-66-thread-1] INFO  util.JmxRegister (JmxRegister.java:tryRegister(44)) - Successfully registered JMX Bean with object name Ratis:service=RaftServer,group=group-1C39482078EB,id=4274b414-dae9-48b1-8d41-4b70e5f2a60a
2021-01-12 14:07:11,623 [pool-66-thread-1] INFO  metrics.RatisMetrics (RatisMetrics.java:lambda$create$0(36)) - Creating Metrics Registry : ratis.state_machine.4274b414-dae9-48b1-8d41-4b70e5f2a60a@group-1C39482078EB
2021-01-12 14:07:11,643 [Command processor thread] INFO  metrics.RatisMetrics (RatisMetrics.java:lambda$create$0(36)) - Creating Metrics Registry : ratis.client_message_metrics.client-39C617FF60E8->e91d73f6-08d2-44aa-8f25-e39c88d9a3b1
2021-01-12 14:07:11,703 [Listener at 127.0.0.1/33907] INFO  ozone.MiniOzoneClusterImpl (MiniOzoneClusterImpl.java:lambda$waitForClusterToBeReady$0(179)) - Nodes are ready. Got 4 of 4 DN Heartbeats.
2021-01-12 14:07:11,703 [Listener at 127.0.0.1/33907] INFO  ozone.MiniOzoneClusterImpl (MiniOzoneClusterImpl.java:lambda$waitForClusterToBeReady$0(182)) - Waiting for cluster to exit safe mode
2021-01-12 14:07:11,720 [Command processor thread] INFO  server.RaftServer (RaftServerProxy.java:addNew(95)) - 2cbfbd9c-cb14-493e-a971-9cbbc5aab087: addNew group-9D935603F9F7:[2cbfbd9c-cb14-493e-a971-9cbbc5aab087|rpc:172.17.0.2:40883|priority:1] returns group-9D935603F9F7:java.util.concurrent.CompletableFuture@2c2703b0[Not completed]
2021-01-12 14:07:11,722 [EventQueue-PipelineReportForOneReplicaPipelineSafeModeRule] INFO  safemode.SCMSafeModeManager (SCMSafeModeManager.java:validateSafeModeExitRules(214)) - AtleastOneDatanodeReportedRule rule is successfully validated
2021-01-12 14:07:11,735 [pool-82-thread-1] INFO  server.RaftServer$Division (RaftServerImpl.java:<init>(179)) - 2cbfbd9c-cb14-493e-a971-9cbbc5aab087: new RaftServerImpl for group-9D935603F9F7:[2cbfbd9c-cb14-493e-a971-9cbbc5aab087|rpc:172.17.0.2:40883|priority:1] with ContainerStateMachine:uninitialized
2021-01-12 14:07:11,736 [pool-82-thread-1] INFO  server.RaftServerConfigKeys (ConfUtils.java:logGet(44)) - raft.server.rpc.timeout.min = 5s (custom)
2021-01-12 14:07:11,736 [pool-82-thread-1] INFO  server.RaftServerConfigKeys (ConfUtils.java:logGet(44)) - raft.server.rpc.timeout.max = 5200ms (custom)
2021-01-12 14:07:11,736 [pool-82-thread-1] INFO  server.RaftServerConfigKeys (ConfUtils.java:logGet(44)) - raft.server.rpc.sleep.time = 25ms (default)
2021-01-12 14:07:11,737 [pool-82-thread-1] INFO  server.RaftServerConfigKeys (ConfUtils.java:logGet(44)) - raft.server.rpc.slowness.timeout = 300s (custom)
2021-01-12 14:07:11,737 [pool-82-thread-1] INFO  server.RaftServerConfigKeys (ConfUtils.java:logGet(44)) - raft.server.leaderelection.leader.step-down.wait-time = 10s (default)
2021-01-12 14:07:11,740 [pool-82-thread-1] INFO  server.RaftServerConfigKeys (ConfUtils.java:logGet(44)) - raft.server.sleep.deviation.threshold = 300ms (default)
2021-01-12 14:07:11,740 [pool-82-thread-1] INFO  server.RaftServerConfigKeys (ConfUtils.java:logGet(44)) - raft.server.log.appender.install.snapshot.enabled = false (custom)
2021-01-12 14:07:11,740 [pool-82-thread-1] INFO  server.RaftServer$Division (ServerState.java:<init>(103)) - 2cbfbd9c-cb14-493e-a971-9cbbc5aab087@group-9D935603F9F7: ConfigurationManager, init=-1: [2cbfbd9c-cb14-493e-a971-9cbbc5aab087|rpc:172.17.0.2:40883|priority:1], old=null, confs=<EMPTY_MAP>
2021-01-12 14:07:11,740 [pool-82-thread-1] INFO  server.RaftServerConfigKeys (ConfUtils.java:logGet(44)) - raft.server.storage.dir = [/github/workspace/mnt/ozone/hadoop-ozone/integration-test/target/test-dir/MiniOzoneClusterImpl-43cf099b-0e8c-46dd-87e7-7f7fde2b07fc/datanode-3/data/ratis] (custom)
2021-01-12 14:07:11,742 [pool-82-thread-1] INFO  server.RaftServerConfigKeys (ConfUtils.java:logGet(44)) - raft.server.log.corruption.policy = EXCEPTION (default)
2021-01-12 14:07:11,742 [pool-82-thread-1] INFO  storage.RaftStorageDirectory (RaftStorageDirectoryImpl.java:analyzeStorage(132)) - The storage directory /github/workspace/mnt/ozone/hadoop-ozone/integration-test/target/test-dir/MiniOzoneClusterImpl-43cf099b-0e8c-46dd-87e7-7f7fde2b07fc/datanode-3/data/ratis/fc70f051-27d2-4faa-901b-9d935603f9f7 does not exist. Creating ...
2021-01-12 14:07:11,749 [pool-82-thread-1] INFO  storage.RaftStorageDirectory (RaftStorageDirectoryImpl.java:tryLock(215)) - Lock on /github/workspace/mnt/ozone/hadoop-ozone/integration-test/target/test-dir/MiniOzoneClusterImpl-43cf099b-0e8c-46dd-87e7-7f7fde2b07fc/datanode-3/data/ratis/fc70f051-27d2-4faa-901b-9d935603f9f7/in_use.lock acquired by nodename 9907@e47597c41fba
2021-01-12 14:07:11,751 [pool-82-thread-1] INFO  storage.RaftStorage (RaftStorageImpl.java:format(87)) - Storage directory /github/workspace/mnt/ozone/hadoop-ozone/integration-test/target/test-dir/MiniOzoneClusterImpl-43cf099b-0e8c-46dd-87e7-7f7fde2b07fc/datanode-3/data/ratis/fc70f051-27d2-4faa-901b-9d935603f9f7 has been successfully formatted.
2021-01-12 14:07:11,752 [pool-82-thread-1] INFO  ratis.ContainerStateMachine (ContainerStateMachine.java:loadSnapshot(223)) - group-9D935603F9F7: The snapshot info is null. Setting the last applied indexto:(t:0, i:~)
2021-01-12 14:07:11,752 [pool-82-thread-1] ERROR storage.RaftStorage (RaftStorageImpl.java:readRaftConfiguration(147)) - Failed reading configuration from file:/github/workspace/mnt/ozone/hadoop-ozone/integration-test/target/test-dir/MiniOzoneClusterImpl-43cf099b-0e8c-46dd-87e7-7f7fde2b07fc/datanode-3/data/ratis/fc70f051-27d2-4faa-901b-9d935603f9f7/current/raft-meta.conf
java.io.FileNotFoundException: /github/workspace/mnt/ozone/hadoop-ozone/integration-test/target/test-dir/MiniOzoneClusterImpl-43cf099b-0e8c-46dd-87e7-7f7fde2b07fc/datanode-3/data/ratis/fc70f051-27d2-4faa-901b-9d935603f9f7/current/raft-meta.conf (No such file or directory)
	at java.io.FileInputStream.open0(Native Method)
	at java.io.FileInputStream.open(FileInputStream.java:195)
	at java.io.FileInputStream.<init>(FileInputStream.java:138)
	at org.apache.ratis.server.storage.RaftStorageImpl.readRaftConfiguration(RaftStorageImpl.java:143)
	at org.apache.ratis.server.impl.ServerState.<init>(ServerState.java:113)
	at org.apache.ratis.server.impl.RaftServerImpl.<init>(RaftServerImpl.java:192)
	at org.apache.ratis.server.impl.RaftServerProxy.lambda$newRaftServerImpl$4(RaftServerProxy.java:266)
	at java.util.concurrent.CompletableFuture$AsyncSupply.run(CompletableFuture.java:1604)
	at java.util.concurrent.ThreadPoolExecutor.runWorker(ThreadPoolExecutor.java:1149)
	at java.util.concurrent.ThreadPoolExecutor$Worker.run(ThreadPoolExecutor.java:624)
	at java.lang.Thread.run(Thread.java:748)
2021-01-12 14:07:11,752 [pool-82-thread-1] INFO  server.RaftServerConfigKeys (ConfUtils.java:logGet(44)) - raft.server.notification.no-leader.timeout = 300s (custom)
2021-01-12 14:07:11,753 [EventQueue-PipelineReportForOneReplicaPipelineSafeModeRule] INFO  safemode.SCMSafeModeManager (SCMSafeModeManager.java:validateSafeModeExitRules(214)) - AtleastOneDatanodeReportedRule rule is successfully validated
2021-01-12 14:07:11,753 [EventQueue-PipelineReportForPipelineReportHandler] INFO  pipeline.PipelineStateManager (PipelineStateManager.java:openPipeline(132)) - Pipeline Pipeline[ Id: fc70f051-27d2-4faa-901b-9d935603f9f7, Nodes: 2cbfbd9c-cb14-493e-a971-9cbbc5aab087{ip: 172.17.0.2, host: e47597c41fba, networkLocation: /default-rack, certSerialId: null, persistedOpState: IN_SERVICE, persistedOpStateExpiryEpochSec: 0}, Type:RATIS, Factor:ONE, State:ALLOCATED, leaderId:2cbfbd9c-cb14-493e-a971-9cbbc5aab087, CreationTimestamp2021-01-12T14:07:08.712Z] moved to OPEN state
2021-01-12 14:07:11,760 [pool-82-thread-1] INFO  server.RaftServerConfigKeys (ConfUtils.java:logGet(44)) - raft.server.log.use.memory = false (default)
2021-01-12 14:07:11,760 [pool-82-thread-1] INFO  server.RaftServerConfigKeys (ConfUtils.java:logGet(44)) - raft.server.log.purge.gap = 1000000 (custom)
2021-01-12 14:07:11,760 [pool-82-thread-1] INFO  server.RaftServerConfigKeys (ConfUtils.java:logGet(44)) - raft.server.log.appender.buffer.byte-limit = 33554432 (custom)
2021-01-12 14:07:11,760 [EventQueue-OpenPipelineForHealthyPipelineSafeModeRule] INFO  safemode.SCMSafeModeManager (HealthyPipelineSafeModeRule.java:process(128)) - SCM in safe mode. Healthy pipelines reported count is 0, required healthy pipeline reported count is 1
2021-01-12 14:07:11,760 [pool-82-thread-1] INFO  metrics.RatisMetrics (RatisMetrics.java:lambda$create$0(36)) - Creating Metrics Registry : ratis.log_worker.2cbfbd9c-cb14-493e-a971-9cbbc5aab087@group-9D935603F9F7
2021-01-12 14:07:11,772 [pool-82-thread-1] INFO  server.RaftServerConfigKeys (ConfUtils.java:logGet(44)) - raft.server.log.segment.size.max = 1048576 (custom)
2021-01-12 14:07:11,772 [pool-82-thread-1] INFO  server.RaftServerConfigKeys (ConfUtils.java:logGet(44)) - raft.server.log.segment.cache.num.max = 2 (custom)
2021-01-12 14:07:11,772 [pool-82-thread-1] INFO  server.RaftServerConfigKeys (ConfUtils.java:logGet(44)) - raft.server.log.segment.cache.size.max = 200MB (=209715200) (default)
2021-01-12 14:07:11,772 [pool-82-thread-1] INFO  segmented.SegmentedRaftLogWorker (SegmentedRaftLogWorker.java:<init>(181)) - new 2cbfbd9c-cb14-493e-a971-9cbbc5aab087@group-9D935603F9F7-SegmentedRaftLogWorker for RaftStorageImpl:Storage Directory /github/workspace/mnt/ozone/hadoop-ozone/integration-test/target/test-dir/MiniOzoneClusterImpl-43cf099b-0e8c-46dd-87e7-7f7fde2b07fc/datanode-3/data/ratis/fc70f051-27d2-4faa-901b-9d935603f9f7
2021-01-12 14:07:11,772 [pool-82-thread-1] INFO  server.RaftServerConfigKeys (ConfUtils.java:logGet(44)) - raft.server.log.queue.byte-limit = 2147483647 (custom)
2021-01-12 14:07:11,772 [pool-82-thread-1] INFO  server.RaftServerConfigKeys (ConfUtils.java:logGet(44)) - raft.server.log.queue.element-limit = 1024 (custom)
2021-01-12 14:07:11,772 [pool-82-thread-1] INFO  server.RaftServerConfigKeys (ConfUtils.java:logGet(44)) - raft.server.log.segment.size.max = 1048576 (custom)
2021-01-12 14:07:11,773 [pool-82-thread-1] INFO  server.RaftServerConfigKeys (ConfUtils.java:logGet(44)) - raft.server.log.preallocated.size = 16384 (custom)
2021-01-12 14:07:11,773 [pool-82-thread-1] INFO  server.RaftServerConfigKeys (ConfUtils.java:logGet(44)) - raft.server.log.force.sync.num = 128 (default)
2021-01-12 14:07:11,773 [pool-82-thread-1] INFO  server.RaftServerConfigKeys (ConfUtils.java:logGet(44)) - raft.server.log.statemachine.data.sync = true (default)
2021-01-12 14:07:11,773 [pool-82-thread-1] INFO  server.RaftServerConfigKeys (ConfUtils.java:logGet(44)) - raft.server.log.statemachine.data.sync.timeout = 10s (default)
2021-01-12 14:07:11,773 [pool-82-thread-1] INFO  server.RaftServerConfigKeys (ConfUtils.java:logGet(44)) - raft.server.log.statemachine.data.sync.timeout.retry = -1 (default)
2021-01-12 14:07:11,773 [pool-82-thread-1] INFO  server.RaftServerConfigKeys (ConfUtils.java:logGet(44)) - raft.server.log.write.buffer.size = 1048576 (custom)
2021-01-12 14:07:11,774 [pool-82-thread-1] INFO  server.RaftServerConfigKeys (ConfUtils.java:logGet(44)) - raft.server.log.statemachine.data.caching.enabled = true (custom)
2021-01-12 14:07:11,775 [pool-82-thread-1] INFO  segmented.SegmentedRaftLogWorker (SegmentedRaftLogWorker.java:lambda$new$0(132)) - 2cbfbd9c-cb14-493e-a971-9cbbc5aab087@group-9D935603F9F7-SegmentedRaftLogWorker: flushIndex: setUnconditionally 0 -> -1
2021-01-12 14:07:11,775 [pool-82-thread-1] INFO  segmented.SegmentedRaftLogWorker (SegmentedRaftLogWorker.java:lambda$new$0(132)) - 2cbfbd9c-cb14-493e-a971-9cbbc5aab087@group-9D935603F9F7-SegmentedRaftLogWorker: safeCacheEvictIndex: setUnconditionally 0 -> -1
2021-01-12 14:07:11,784 [pool-82-thread-1] INFO  server.RaftServerConfigKeys (ConfUtils.java:logGet(44)) - raft.server.snapshot.auto.trigger.enabled = true (custom)
2021-01-12 14:07:11,784 [pool-82-thread-1] INFO  server.RaftServerConfigKeys (ConfUtils.java:logGet(44)) - raft.server.snapshot.auto.trigger.threshold = 10000 (custom)
2021-01-12 14:07:11,784 [pool-82-thread-1] INFO  server.RaftServerConfigKeys (ConfUtils.java:logGet(44)) - raft.server.snapshot.retention.file.num = 5 (custom)
2021-01-12 14:07:11,784 [pool-82-thread-1] INFO  server.RaftServerConfigKeys (ConfUtils.java:logGet(44)) - raft.server.log.purge.upto.snapshot.index = false (default)
2021-01-12 14:07:11,784 [pool-82-thread-1] INFO  server.RaftServerConfigKeys (ConfUtils.java:logGet(44)) - raft.server.retrycache.expirytime = 600000ms (custom)
2021-01-12 14:07:11,784 [pool-82-thread-1] INFO  server.RaftServerConfigKeys (ConfUtils.java:logGet(44)) - raft.server.retrycache.statistics.expirytime = 100?s (default)
2021-01-12 14:07:11,784 [pool-82-thread-1] INFO  metrics.RatisMetrics (RatisMetrics.java:lambda$create$0(36)) - Creating Metrics Registry : ratis.leader_election.2cbfbd9c-cb14-493e-a971-9cbbc5aab087@group-9D935603F9F7
2021-01-12 14:07:11,785 [pool-82-thread-1] INFO  metrics.RatisMetrics (RatisMetrics.java:lambda$create$0(36)) - Creating Metrics Registry : ratis.server.2cbfbd9c-cb14-493e-a971-9cbbc5aab087@group-9D935603F9F7
2021-01-12 14:07:11,785 [pool-82-thread-1] INFO  server.RaftServer$Division (RaftServerImpl.java:start(294)) - 2cbfbd9c-cb14-493e-a971-9cbbc5aab087@group-9D935603F9F7: start as a follower, conf=-1: [2cbfbd9c-cb14-493e-a971-9cbbc5aab087|rpc:172.17.0.2:40883|priority:1], old=null
2021-01-12 14:07:11,792 [pool-82-thread-1] INFO  server.RaftServer$Division (RaftServerImpl.java:setRole(283)) - 2cbfbd9c-cb14-493e-a971-9cbbc5aab087@group-9D935603F9F7: changes role from      null to FOLLOWER at term 0 for startAsFollower
2021-01-12 14:07:11,792 [pool-82-thread-1] INFO  impl.RoleInfo (RoleInfo.java:updateAndGet(130)) - 2cbfbd9c-cb14-493e-a971-9cbbc5aab087: start 2cbfbd9c-cb14-493e-a971-9cbbc5aab087@group-9D935603F9F7-FollowerState
2021-01-12 14:07:11,800 [pool-82-thread-1] INFO  util.JmxRegister (JmxRegister.java:tryRegister(44)) - Successfully registered JMX Bean with object name Ratis:service=RaftServer,group=group-9D935603F9F7,id=2cbfbd9c-cb14-493e-a971-9cbbc5aab087
2021-01-12 14:07:11,800 [pool-82-thread-1] INFO  metrics.RatisMetrics (RatisMetrics.java:lambda$create$0(36)) - Creating Metrics Registry : ratis.state_machine.2cbfbd9c-cb14-493e-a971-9cbbc5aab087@group-9D935603F9F7
2021-01-12 14:07:11,812 [Command processor thread] INFO  commandhandler.CreatePipelineCommandHandler (CreatePipelineCommandHandler.java:handle(106)) - Created Pipeline RATIS ONE PipelineID=fc70f051-27d2-4faa-901b-9d935603f9f7.
2021-01-12 14:07:11,836 [grpc-default-executor-0] INFO  metrics.RatisMetrics (RatisMetrics.java:lambda$create$0(36)) - Creating Metrics Registry : ratis.server_message_metrics.4274b414-dae9-48b1-8d41-4b70e5f2a60a
2021-01-12 14:07:11,839 [grpc-default-executor-2] INFO  metrics.RatisMetrics (RatisMetrics.java:lambda$create$0(36)) - Creating Metrics Registry : ratis.server_message_metrics.e91d73f6-08d2-44aa-8f25-e39c88d9a3b1
2021-01-12 14:07:12,114 [Command processor thread] INFO  metrics.RatisMetrics (RatisMetrics.java:lambda$create$0(36)) - Creating Metrics Registry : ratis.client_message_metrics.client-62DD92CB17E6->e91d73f6-08d2-44aa-8f25-e39c88d9a3b1
2021-01-12 14:07:12,118 [Command processor thread] INFO  metrics.RatisMetrics (RatisMetrics.java:lambda$create$0(36)) - Creating Metrics Registry : ratis.client_message_metrics.client-DB33C27119D8->3e740cc2-f7d4-4c62-8f61-84a01f098730
2021-01-12 14:07:12,125 [Command processor thread] INFO  metrics.RatisMetrics (RatisMetrics.java:lambda$create$0(36)) - Creating Metrics Registry : ratis.client_message_metrics.client-73FEAC2F98FE->3e740cc2-f7d4-4c62-8f61-84a01f098730
2021-01-12 14:07:12,137 [grpc-default-executor-1] INFO  metrics.RatisMetrics (RatisMetrics.java:lambda$create$0(36)) - Creating Metrics Registry : ratis.server_message_metrics.3e740cc2-f7d4-4c62-8f61-84a01f098730
2021-01-12 14:07:12,165 [Command processor thread] INFO  commandhandler.CreatePipelineCommandHandler (CreatePipelineCommandHandler.java:handle(106)) - Created Pipeline RATIS THREE PipelineID=c057a116-1d16-4def-985c-1c39482078eb.
2021-01-12 14:07:12,166 [Command processor thread] INFO  server.RaftServer (RaftServerProxy.java:addNew(95)) - e91d73f6-08d2-44aa-8f25-e39c88d9a3b1: addNew group-94FFBEF8C967:[3e740cc2-f7d4-4c62-8f61-84a01f098730|rpc:172.17.0.2:33313|priority:0, e91d73f6-08d2-44aa-8f25-e39c88d9a3b1|rpc:172.17.0.2:40635|priority:1, 4274b414-dae9-48b1-8d41-4b70e5f2a60a|rpc:172.17.0.2:45333|priority:0] returns group-94FFBEF8C967:java.util.concurrent.CompletableFuture@ab489e3[Not completed]
2021-01-12 14:07:12,167 [pool-34-thread-1] INFO  server.RaftServer$Division (RaftServerImpl.java:<init>(179)) - e91d73f6-08d2-44aa-8f25-e39c88d9a3b1: new RaftServerImpl for group-94FFBEF8C967:[3e740cc2-f7d4-4c62-8f61-84a01f098730|rpc:172.17.0.2:33313|priority:0, e91d73f6-08d2-44aa-8f25-e39c88d9a3b1|rpc:172.17.0.2:40635|priority:1, 4274b414-dae9-48b1-8d41-4b70e5f2a60a|rpc:172.17.0.2:45333|priority:0] with ContainerStateMachine:uninitialized
2021-01-12 14:07:12,167 [pool-34-thread-1] INFO  server.RaftServerConfigKeys (ConfUtils.java:logGet(44)) - raft.server.rpc.timeout.min = 5s (custom)
2021-01-12 14:07:12,167 [pool-34-thread-1] INFO  server.RaftServerConfigKeys (ConfUtils.java:logGet(44)) - raft.server.rpc.timeout.max = 5200ms (custom)
2021-01-12 14:07:12,167 [pool-34-thread-1] INFO  server.RaftServerConfigKeys (ConfUtils.java:logGet(44)) - raft.server.rpc.sleep.time = 25ms (default)
2021-01-12 14:07:12,167 [pool-34-thread-1] INFO  server.RaftServerConfigKeys (ConfUtils.java:logGet(44)) - raft.server.rpc.slowness.timeout = 300s (custom)
2021-01-12 14:07:12,167 [pool-34-thread-1] INFO  server.RaftServerConfigKeys (ConfUtils.java:logGet(44)) - raft.server.leaderelection.leader.step-down.wait-time = 10s (default)
2021-01-12 14:07:12,167 [pool-34-thread-1] INFO  server.RaftServerConfigKeys (ConfUtils.java:logGet(44)) - raft.server.sleep.deviation.threshold = 300ms (default)
2021-01-12 14:07:12,168 [pool-34-thread-1] INFO  server.RaftServerConfigKeys (ConfUtils.java:logGet(44)) - raft.server.log.appender.install.snapshot.enabled = false (custom)
2021-01-12 14:07:12,168 [pool-34-thread-1] INFO  server.RaftServer$Division (ServerState.java:<init>(103)) - e91d73f6-08d2-44aa-8f25-e39c88d9a3b1@group-94FFBEF8C967: ConfigurationManager, init=-1: [3e740cc2-f7d4-4c62-8f61-84a01f098730|rpc:172.17.0.2:33313|priority:0, e91d73f6-08d2-44aa-8f25-e39c88d9a3b1|rpc:172.17.0.2:40635|priority:1, 4274b414-dae9-48b1-8d41-4b70e5f2a60a|rpc:172.17.0.2:45333|priority:0], old=null, confs=<EMPTY_MAP>
2021-01-12 14:07:12,168 [pool-34-thread-1] INFO  server.RaftServerConfigKeys (ConfUtils.java:logGet(44)) - raft.server.storage.dir = [/github/workspace/mnt/ozone/hadoop-ozone/integration-test/target/test-dir/MiniOzoneClusterImpl-43cf099b-0e8c-46dd-87e7-7f7fde2b07fc/datanode-0/data/ratis] (custom)
2021-01-12 14:07:12,168 [pool-34-thread-1] INFO  server.RaftServerConfigKeys (ConfUtils.java:logGet(44)) - raft.server.log.corruption.policy = EXCEPTION (default)
2021-01-12 14:07:12,168 [pool-34-thread-1] INFO  storage.RaftStorageDirectory (RaftStorageDirectoryImpl.java:analyzeStorage(132)) - The storage directory /github/workspace/mnt/ozone/hadoop-ozone/integration-test/target/test-dir/MiniOzoneClusterImpl-43cf099b-0e8c-46dd-87e7-7f7fde2b07fc/datanode-0/data/ratis/84d01728-7484-4ac8-9900-94ffbef8c967 does not exist. Creating ...
2021-01-12 14:07:12,169 [pool-34-thread-1] INFO  storage.RaftStorageDirectory (RaftStorageDirectoryImpl.java:tryLock(215)) - Lock on /github/workspace/mnt/ozone/hadoop-ozone/integration-test/target/test-dir/MiniOzoneClusterImpl-43cf099b-0e8c-46dd-87e7-7f7fde2b07fc/datanode-0/data/ratis/84d01728-7484-4ac8-9900-94ffbef8c967/in_use.lock acquired by nodename 9907@e47597c41fba
2021-01-12 14:07:12,171 [pool-34-thread-1] INFO  storage.RaftStorage (RaftStorageImpl.java:format(87)) - Storage directory /github/workspace/mnt/ozone/hadoop-ozone/integration-test/target/test-dir/MiniOzoneClusterImpl-43cf099b-0e8c-46dd-87e7-7f7fde2b07fc/datanode-0/data/ratis/84d01728-7484-4ac8-9900-94ffbef8c967 has been successfully formatted.
2021-01-12 14:07:12,176 [pool-34-thread-1] INFO  ratis.ContainerStateMachine (ContainerStateMachine.java:loadSnapshot(223)) - group-94FFBEF8C967: The snapshot info is null. Setting the last applied indexto:(t:0, i:~)
2021-01-12 14:07:12,176 [pool-34-thread-1] ERROR storage.RaftStorage (RaftStorageImpl.java:readRaftConfiguration(147)) - Failed reading configuration from file:/github/workspace/mnt/ozone/hadoop-ozone/integration-test/target/test-dir/MiniOzoneClusterImpl-43cf099b-0e8c-46dd-87e7-7f7fde2b07fc/datanode-0/data/ratis/84d01728-7484-4ac8-9900-94ffbef8c967/current/raft-meta.conf
java.io.FileNotFoundException: /github/workspace/mnt/ozone/hadoop-ozone/integration-test/target/test-dir/MiniOzoneClusterImpl-43cf099b-0e8c-46dd-87e7-7f7fde2b07fc/datanode-0/data/ratis/84d01728-7484-4ac8-9900-94ffbef8c967/current/raft-meta.conf (No such file or directory)
	at java.io.FileInputStream.open0(Native Method)
	at java.io.FileInputStream.open(FileInputStream.java:195)
	at java.io.FileInputStream.<init>(FileInputStream.java:138)
	at org.apache.ratis.server.storage.RaftStorageImpl.readRaftConfiguration(RaftStorageImpl.java:143)
	at org.apache.ratis.server.impl.ServerState.<init>(ServerState.java:113)
	at org.apache.ratis.server.impl.RaftServerImpl.<init>(RaftServerImpl.java:192)
	at org.apache.ratis.server.impl.RaftServerProxy.lambda$newRaftServerImpl$4(RaftServerProxy.java:266)
	at java.util.concurrent.CompletableFuture$AsyncSupply.run(CompletableFuture.java:1604)
	at java.util.concurrent.ThreadPoolExecutor.runWorker(ThreadPoolExecutor.java:1149)
	at java.util.concurrent.ThreadPoolExecutor$Worker.run(ThreadPoolExecutor.java:624)
	at java.lang.Thread.run(Thread.java:748)
2021-01-12 14:07:12,177 [Command processor thread] INFO  commandhandler.CreatePipelineCommandHandler (CreatePipelineCommandHandler.java:handle(106)) - Created Pipeline RATIS THREE PipelineID=c057a116-1d16-4def-985c-1c39482078eb.
2021-01-12 14:07:12,177 [EventQueue-OpenPipelineForHealthyPipelineSafeModeRule] INFO  safemode.SCMSafeModeManager (HealthyPipelineSafeModeRule.java:process(128)) - SCM in safe mode. Healthy pipelines reported count is 0, required healthy pipeline reported count is 1
2021-01-12 14:07:12,179 [Command processor thread] INFO  server.RaftServer (RaftServerProxy.java:addNew(95)) - 4274b414-dae9-48b1-8d41-4b70e5f2a60a: addNew group-94FFBEF8C967:[3e740cc2-f7d4-4c62-8f61-84a01f098730|rpc:172.17.0.2:33313|priority:0, e91d73f6-08d2-44aa-8f25-e39c88d9a3b1|rpc:172.17.0.2:40635|priority:1, 4274b414-dae9-48b1-8d41-4b70e5f2a60a|rpc:172.17.0.2:45333|priority:0] returns group-94FFBEF8C967:java.util.concurrent.CompletableFuture@74d607fd[Not completed]
2021-01-12 14:07:12,177 [EventQueue-PipelineReportForOneReplicaPipelineSafeModeRule] INFO  safemode.SCMSafeModeManager (SCMSafeModeManager.java:validateSafeModeExitRules(214)) - AtleastOneDatanodeReportedRule rule is successfully validated
2021-01-12 14:07:12,179 [pool-34-thread-1] INFO  server.RaftServerConfigKeys (ConfUtils.java:logGet(44)) - raft.server.notification.no-leader.timeout = 300s (custom)
2021-01-12 14:07:12,179 [pool-34-thread-1] INFO  server.RaftServerConfigKeys (ConfUtils.java:logGet(44)) - raft.server.log.use.memory = false (default)
2021-01-12 14:07:12,179 [pool-34-thread-1] INFO  server.RaftServerConfigKeys (ConfUtils.java:logGet(44)) - raft.server.log.purge.gap = 1000000 (custom)
2021-01-12 14:07:12,179 [pool-34-thread-1] INFO  server.RaftServerConfigKeys (ConfUtils.java:logGet(44)) - raft.server.log.appender.buffer.byte-limit = 33554432 (custom)
2021-01-12 14:07:12,179 [pool-34-thread-1] INFO  metrics.RatisMetrics (RatisMetrics.java:lambda$create$0(36)) - Creating Metrics Registry : ratis.log_worker.e91d73f6-08d2-44aa-8f25-e39c88d9a3b1@group-94FFBEF8C967
2021-01-12 14:07:12,180 [pool-34-thread-1] INFO  server.RaftServerConfigKeys (ConfUtils.java:logGet(44)) - raft.server.log.segment.size.max = 1048576 (custom)
2021-01-12 14:07:12,180 [pool-34-thread-1] INFO  server.RaftServerConfigKeys (ConfUtils.java:logGet(44)) - raft.server.log.segment.cache.num.max = 2 (custom)
2021-01-12 14:07:12,180 [pool-66-thread-1] INFO  server.RaftServer$Division (RaftServerImpl.java:<init>(179)) - 4274b414-dae9-48b1-8d41-4b70e5f2a60a: new RaftServerImpl for group-94FFBEF8C967:[3e740cc2-f7d4-4c62-8f61-84a01f098730|rpc:172.17.0.2:33313|priority:0, e91d73f6-08d2-44aa-8f25-e39c88d9a3b1|rpc:172.17.0.2:40635|priority:1, 4274b414-dae9-48b1-8d41-4b70e5f2a60a|rpc:172.17.0.2:45333|priority:0] with ContainerStateMachine:uninitialized
2021-01-12 14:07:12,184 [pool-66-thread-1] INFO  server.RaftServerConfigKeys (ConfUtils.java:logGet(44)) - raft.server.rpc.timeout.min = 5s (custom)
2021-01-12 14:07:12,184 [pool-66-thread-1] INFO  server.RaftServerConfigKeys (ConfUtils.java:logGet(44)) - raft.server.rpc.timeout.max = 5200ms (custom)
2021-01-12 14:07:12,184 [pool-66-thread-1] INFO  server.RaftServerConfigKeys (ConfUtils.java:logGet(44)) - raft.server.rpc.sleep.time = 25ms (default)
2021-01-12 14:07:12,184 [pool-66-thread-1] INFO  server.RaftServerConfigKeys (ConfUtils.java:logGet(44)) - raft.server.rpc.slowness.timeout = 300s (custom)
2021-01-12 14:07:12,184 [pool-66-thread-1] INFO  server.RaftServerConfigKeys (ConfUtils.java:logGet(44)) - raft.server.leaderelection.leader.step-down.wait-time = 10s (default)
2021-01-12 14:07:12,184 [pool-66-thread-1] INFO  server.RaftServerConfigKeys (ConfUtils.java:logGet(44)) - raft.server.sleep.deviation.threshold = 300ms (default)
2021-01-12 14:07:12,184 [pool-66-thread-1] INFO  server.RaftServerConfigKeys (ConfUtils.java:logGet(44)) - raft.server.log.appender.install.snapshot.enabled = false (custom)
2021-01-12 14:07:12,184 [pool-66-thread-1] INFO  server.RaftServer$Division (ServerState.java:<init>(103)) - 4274b414-dae9-48b1-8d41-4b70e5f2a60a@group-94FFBEF8C967: ConfigurationManager, init=-1: [3e740cc2-f7d4-4c62-8f61-84a01f098730|rpc:172.17.0.2:33313|priority:0, e91d73f6-08d2-44aa-8f25-e39c88d9a3b1|rpc:172.17.0.2:40635|priority:1, 4274b414-dae9-48b1-8d41-4b70e5f2a60a|rpc:172.17.0.2:45333|priority:0], old=null, confs=<EMPTY_MAP>
2021-01-12 14:07:12,184 [pool-66-thread-1] INFO  server.RaftServerConfigKeys (ConfUtils.java:logGet(44)) - raft.server.storage.dir = [/github/workspace/mnt/ozone/hadoop-ozone/integration-test/target/test-dir/MiniOzoneClusterImpl-43cf099b-0e8c-46dd-87e7-7f7fde2b07fc/datanode-2/data/ratis] (custom)
2021-01-12 14:07:12,185 [pool-66-thread-1] INFO  server.RaftServerConfigKeys (ConfUtils.java:logGet(44)) - raft.server.log.corruption.policy = EXCEPTION (default)
2021-01-12 14:07:12,185 [pool-66-thread-1] INFO  storage.RaftStorageDirectory (RaftStorageDirectoryImpl.java:analyzeStorage(132)) - The storage directory /github/workspace/mnt/ozone/hadoop-ozone/integration-test/target/test-dir/MiniOzoneClusterImpl-43cf099b-0e8c-46dd-87e7-7f7fde2b07fc/datanode-2/data/ratis/84d01728-7484-4ac8-9900-94ffbef8c967 does not exist. Creating ...
2021-01-12 14:07:12,184 [pool-34-thread-1] INFO  server.RaftServerConfigKeys (ConfUtils.java:logGet(44)) - raft.server.log.segment.cache.size.max = 200MB (=209715200) (default)
2021-01-12 14:07:12,185 [pool-34-thread-1] INFO  segmented.SegmentedRaftLogWorker (SegmentedRaftLogWorker.java:<init>(181)) - new e91d73f6-08d2-44aa-8f25-e39c88d9a3b1@group-94FFBEF8C967-SegmentedRaftLogWorker for RaftStorageImpl:Storage Directory /github/workspace/mnt/ozone/hadoop-ozone/integration-test/target/test-dir/MiniOzoneClusterImpl-43cf099b-0e8c-46dd-87e7-7f7fde2b07fc/datanode-0/data/ratis/84d01728-7484-4ac8-9900-94ffbef8c967
2021-01-12 14:07:12,185 [pool-34-thread-1] INFO  server.RaftServerConfigKeys (ConfUtils.java:logGet(44)) - raft.server.log.queue.byte-limit = 2147483647 (custom)
2021-01-12 14:07:12,186 [pool-34-thread-1] INFO  server.RaftServerConfigKeys (ConfUtils.java:logGet(44)) - raft.server.log.queue.element-limit = 1024 (custom)
2021-01-12 14:07:12,186 [pool-34-thread-1] INFO  server.RaftServerConfigKeys (ConfUtils.java:logGet(44)) - raft.server.log.segment.size.max = 1048576 (custom)
2021-01-12 14:07:12,186 [pool-34-thread-1] INFO  server.RaftServerConfigKeys (ConfUtils.java:logGet(44)) - raft.server.log.preallocated.size = 16384 (custom)
2021-01-12 14:07:12,186 [pool-34-thread-1] INFO  server.RaftServerConfigKeys (ConfUtils.java:logGet(44)) - raft.server.log.force.sync.num = 128 (default)
2021-01-12 14:07:12,186 [pool-34-thread-1] INFO  server.RaftServerConfigKeys (ConfUtils.java:logGet(44)) - raft.server.log.statemachine.data.sync = true (default)
2021-01-12 14:07:12,186 [pool-34-thread-1] INFO  server.RaftServerConfigKeys (ConfUtils.java:logGet(44)) - raft.server.log.statemachine.data.sync.timeout = 10s (default)
2021-01-12 14:07:12,186 [pool-34-thread-1] INFO  server.RaftServerConfigKeys (ConfUtils.java:logGet(44)) - raft.server.log.statemachine.data.sync.timeout.retry = -1 (default)
2021-01-12 14:07:12,187 [pool-34-thread-1] INFO  server.RaftServerConfigKeys (ConfUtils.java:logGet(44)) - raft.server.log.write.buffer.size = 1048576 (custom)
2021-01-12 14:07:12,186 [pool-66-thread-1] INFO  storage.RaftStorageDirectory (RaftStorageDirectoryImpl.java:tryLock(215)) - Lock on /github/workspace/mnt/ozone/hadoop-ozone/integration-test/target/test-dir/MiniOzoneClusterImpl-43cf099b-0e8c-46dd-87e7-7f7fde2b07fc/datanode-2/data/ratis/84d01728-7484-4ac8-9900-94ffbef8c967/in_use.lock acquired by nodename 9907@e47597c41fba
2021-01-12 14:07:12,188 [pool-34-thread-1] INFO  server.RaftServerConfigKeys (ConfUtils.java:logGet(44)) - raft.server.log.statemachine.data.caching.enabled = true (custom)
2021-01-12 14:07:12,188 [pool-66-thread-1] INFO  storage.RaftStorage (RaftStorageImpl.java:format(87)) - Storage directory /github/workspace/mnt/ozone/hadoop-ozone/integration-test/target/test-dir/MiniOzoneClusterImpl-43cf099b-0e8c-46dd-87e7-7f7fde2b07fc/datanode-2/data/ratis/84d01728-7484-4ac8-9900-94ffbef8c967 has been successfully formatted.
2021-01-12 14:07:12,190 [pool-66-thread-1] INFO  ratis.ContainerStateMachine (ContainerStateMachine.java:loadSnapshot(223)) - group-94FFBEF8C967: The snapshot info is null. Setting the last applied indexto:(t:0, i:~)
2021-01-12 14:07:12,190 [pool-66-thread-1] ERROR storage.RaftStorage (RaftStorageImpl.java:readRaftConfiguration(147)) - Failed reading configuration from file:/github/workspace/mnt/ozone/hadoop-ozone/integration-test/target/test-dir/MiniOzoneClusterImpl-43cf099b-0e8c-46dd-87e7-7f7fde2b07fc/datanode-2/data/ratis/84d01728-7484-4ac8-9900-94ffbef8c967/current/raft-meta.conf
java.io.FileNotFoundException: /github/workspace/mnt/ozone/hadoop-ozone/integration-test/target/test-dir/MiniOzoneClusterImpl-43cf099b-0e8c-46dd-87e7-7f7fde2b07fc/datanode-2/data/ratis/84d01728-7484-4ac8-9900-94ffbef8c967/current/raft-meta.conf (No such file or directory)
	at java.io.FileInputStream.open0(Native Method)
	at java.io.FileInputStream.open(FileInputStream.java:195)
	at java.io.FileInputStream.<init>(FileInputStream.java:138)
	at org.apache.ratis.server.storage.RaftStorageImpl.readRaftConfiguration(RaftStorageImpl.java:143)
	at org.apache.ratis.server.impl.ServerState.<init>(ServerState.java:113)
	at org.apache.ratis.server.impl.RaftServerImpl.<init>(RaftServerImpl.java:192)
	at org.apache.ratis.server.impl.RaftServerProxy.lambda$newRaftServerImpl$4(RaftServerProxy.java:266)
	at java.util.concurrent.CompletableFuture$AsyncSupply.run(CompletableFuture.java:1604)
	at java.util.concurrent.ThreadPoolExecutor.runWorker(ThreadPoolExecutor.java:1149)
	at java.util.concurrent.ThreadPoolExecutor$Worker.run(ThreadPoolExecutor.java:624)
	at java.lang.Thread.run(Thread.java:748)
2021-01-12 14:07:12,190 [pool-66-thread-1] INFO  server.RaftServerConfigKeys (ConfUtils.java:logGet(44)) - raft.server.notification.no-leader.timeout = 300s (custom)
2021-01-12 14:07:12,190 [pool-66-thread-1] INFO  server.RaftServerConfigKeys (ConfUtils.java:logGet(44)) - raft.server.log.use.memory = false (default)
2021-01-12 14:07:12,190 [pool-66-thread-1] INFO  server.RaftServerConfigKeys (ConfUtils.java:logGet(44)) - raft.server.log.purge.gap = 1000000 (custom)
2021-01-12 14:07:12,190 [pool-66-thread-1] INFO  server.RaftServerConfigKeys (ConfUtils.java:logGet(44)) - raft.server.log.appender.buffer.byte-limit = 33554432 (custom)
2021-01-12 14:07:12,190 [pool-66-thread-1] INFO  metrics.RatisMetrics (RatisMetrics.java:lambda$create$0(36)) - Creating Metrics Registry : ratis.log_worker.4274b414-dae9-48b1-8d41-4b70e5f2a60a@group-94FFBEF8C967
2021-01-12 14:07:12,191 [pool-66-thread-1] INFO  server.RaftServerConfigKeys (ConfUtils.java:logGet(44)) - raft.server.log.segment.size.max = 1048576 (custom)
2021-01-12 14:07:12,191 [pool-66-thread-1] INFO  server.RaftServerConfigKeys (ConfUtils.java:logGet(44)) - raft.server.log.segment.cache.num.max = 2 (custom)
2021-01-12 14:07:12,191 [pool-66-thread-1] INFO  server.RaftServerConfigKeys (ConfUtils.java:logGet(44)) - raft.server.log.segment.cache.size.max = 200MB (=209715200) (default)
2021-01-12 14:07:12,191 [pool-66-thread-1] INFO  segmented.SegmentedRaftLogWorker (SegmentedRaftLogWorker.java:<init>(181)) - new 4274b414-dae9-48b1-8d41-4b70e5f2a60a@group-94FFBEF8C967-SegmentedRaftLogWorker for RaftStorageImpl:Storage Directory /github/workspace/mnt/ozone/hadoop-ozone/integration-test/target/test-dir/MiniOzoneClusterImpl-43cf099b-0e8c-46dd-87e7-7f7fde2b07fc/datanode-2/data/ratis/84d01728-7484-4ac8-9900-94ffbef8c967
2021-01-12 14:07:12,191 [pool-66-thread-1] INFO  server.RaftServerConfigKeys (ConfUtils.java:logGet(44)) - raft.server.log.queue.byte-limit = 2147483647 (custom)
2021-01-12 14:07:12,191 [pool-66-thread-1] INFO  server.RaftServerConfigKeys (ConfUtils.java:logGet(44)) - raft.server.log.queue.element-limit = 1024 (custom)
2021-01-12 14:07:12,191 [pool-66-thread-1] INFO  server.RaftServerConfigKeys (ConfUtils.java:logGet(44)) - raft.server.log.segment.size.max = 1048576 (custom)
2021-01-12 14:07:12,192 [pool-66-thread-1] INFO  server.RaftServerConfigKeys (ConfUtils.java:logGet(44)) - raft.server.log.preallocated.size = 16384 (custom)
2021-01-12 14:07:12,192 [pool-66-thread-1] INFO  server.RaftServerConfigKeys (ConfUtils.java:logGet(44)) - raft.server.log.force.sync.num = 128 (default)
2021-01-12 14:07:12,192 [pool-66-thread-1] INFO  server.RaftServerConfigKeys (ConfUtils.java:logGet(44)) - raft.server.log.statemachine.data.sync = true (default)
2021-01-12 14:07:12,192 [pool-66-thread-1] INFO  server.RaftServerConfigKeys (ConfUtils.java:logGet(44)) - raft.server.log.statemachine.data.sync.timeout = 10s (default)
2021-01-12 14:07:12,192 [pool-66-thread-1] INFO  server.RaftServerConfigKeys (ConfUtils.java:logGet(44)) - raft.server.log.statemachine.data.sync.timeout.retry = -1 (default)
2021-01-12 14:07:12,193 [pool-66-thread-1] INFO  server.RaftServerConfigKeys (ConfUtils.java:logGet(44)) - raft.server.log.write.buffer.size = 1048576 (custom)
2021-01-12 14:07:12,193 [pool-66-thread-1] INFO  server.RaftServerConfigKeys (ConfUtils.java:logGet(44)) - raft.server.log.statemachine.data.caching.enabled = true (custom)
2021-01-12 14:07:12,194 [pool-66-thread-1] INFO  segmented.SegmentedRaftLogWorker (SegmentedRaftLogWorker.java:lambda$new$0(132)) - 4274b414-dae9-48b1-8d41-4b70e5f2a60a@group-94FFBEF8C967-SegmentedRaftLogWorker: flushIndex: setUnconditionally 0 -> -1
2021-01-12 14:07:12,195 [pool-66-thread-1] INFO  segmented.SegmentedRaftLogWorker (SegmentedRaftLogWorker.java:lambda$new$0(132)) - 4274b414-dae9-48b1-8d41-4b70e5f2a60a@group-94FFBEF8C967-SegmentedRaftLogWorker: safeCacheEvictIndex: setUnconditionally 0 -> -1
2021-01-12 14:07:12,192 [pool-34-thread-1] INFO  segmented.SegmentedRaftLogWorker (SegmentedRaftLogWorker.java:lambda$new$0(132)) - e91d73f6-08d2-44aa-8f25-e39c88d9a3b1@group-94FFBEF8C967-SegmentedRaftLogWorker: flushIndex: setUnconditionally 0 -> -1
2021-01-12 14:07:12,195 [EventQueue-OpenPipelineForHealthyPipelineSafeModeRule] INFO  safemode.SCMSafeModeManager (HealthyPipelineSafeModeRule.java:process(128)) - SCM in safe mode. Healthy pipelines reported count is 0, required healthy pipeline reported count is 1
2021-01-12 14:07:12,195 [EventQueue-PipelineReportForOneReplicaPipelineSafeModeRule] INFO  safemode.SCMSafeModeManager (SCMSafeModeManager.java:validateSafeModeExitRules(214)) - AtleastOneDatanodeReportedRule rule is successfully validated
2021-01-12 14:07:12,195 [Command processor thread] INFO  commandhandler.CreatePipelineCommandHandler (CreatePipelineCommandHandler.java:handle(106)) - Created Pipeline RATIS THREE PipelineID=c057a116-1d16-4def-985c-1c39482078eb.
2021-01-12 14:07:12,197 [pool-34-thread-1] INFO  segmented.SegmentedRaftLogWorker (SegmentedRaftLogWorker.java:lambda$new$0(132)) - e91d73f6-08d2-44aa-8f25-e39c88d9a3b1@group-94FFBEF8C967-SegmentedRaftLogWorker: safeCacheEvictIndex: setUnconditionally 0 -> -1
2021-01-12 14:07:12,197 [Command processor thread] INFO  server.RaftServer (RaftServerProxy.java:addNew(95)) - 3e740cc2-f7d4-4c62-8f61-84a01f098730: addNew group-94FFBEF8C967:[3e740cc2-f7d4-4c62-8f61-84a01f098730|rpc:172.17.0.2:33313|priority:0, e91d73f6-08d2-44aa-8f25-e39c88d9a3b1|rpc:172.17.0.2:40635|priority:1, 4274b414-dae9-48b1-8d41-4b70e5f2a60a|rpc:172.17.0.2:45333|priority:0] returns group-94FFBEF8C967:java.util.concurrent.CompletableFuture@1ec9c512[Not completed]
2021-01-12 14:07:12,198 [pool-49-thread-1] INFO  server.RaftServer$Division (RaftServerImpl.java:<init>(179)) - 3e740cc2-f7d4-4c62-8f61-84a01f098730: new RaftServerImpl for group-94FFBEF8C967:[3e740cc2-f7d4-4c62-8f61-84a01f098730|rpc:172.17.0.2:33313|priority:0, e91d73f6-08d2-44aa-8f25-e39c88d9a3b1|rpc:172.17.0.2:40635|priority:1, 4274b414-dae9-48b1-8d41-4b70e5f2a60a|rpc:172.17.0.2:45333|priority:0] with ContainerStateMachine:uninitialized
2021-01-12 14:07:12,198 [pool-49-thread-1] INFO  server.RaftServerConfigKeys (ConfUtils.java:logGet(44)) - raft.server.rpc.timeout.min = 5s (custom)
2021-01-12 14:07:12,198 [pool-49-thread-1] INFO  server.RaftServerConfigKeys (ConfUtils.java:logGet(44)) - raft.server.rpc.timeout.max = 5200ms (custom)
2021-01-12 14:07:12,198 [pool-49-thread-1] INFO  server.RaftServerConfigKeys (ConfUtils.java:logGet(44)) - raft.server.rpc.sleep.time = 25ms (default)
2021-01-12 14:07:12,198 [pool-49-thread-1] INFO  server.RaftServerConfigKeys (ConfUtils.java:logGet(44)) - raft.server.rpc.slowness.timeout = 300s (custom)
2021-01-12 14:07:12,198 [pool-49-thread-1] INFO  server.RaftServerConfigKeys (ConfUtils.java:logGet(44)) - raft.server.leaderelection.leader.step-down.wait-time = 10s (default)
2021-01-12 14:07:12,198 [pool-49-thread-1] INFO  server.RaftServerConfigKeys (ConfUtils.java:logGet(44)) - raft.server.sleep.deviation.threshold = 300ms (default)
2021-01-12 14:07:12,199 [pool-49-thread-1] INFO  server.RaftServerConfigKeys (ConfUtils.java:logGet(44)) - raft.server.log.appender.install.snapshot.enabled = false (custom)
2021-01-12 14:07:12,199 [pool-49-thread-1] INFO  server.RaftServer$Division (ServerState.java:<init>(103)) - 3e740cc2-f7d4-4c62-8f61-84a01f098730@group-94FFBEF8C967: ConfigurationManager, init=-1: [3e740cc2-f7d4-4c62-8f61-84a01f098730|rpc:172.17.0.2:33313|priority:0, e91d73f6-08d2-44aa-8f25-e39c88d9a3b1|rpc:172.17.0.2:40635|priority:1, 4274b414-dae9-48b1-8d41-4b70e5f2a60a|rpc:172.17.0.2:45333|priority:0], old=null, confs=<EMPTY_MAP>
2021-01-12 14:07:12,199 [pool-49-thread-1] INFO  server.RaftServerConfigKeys (ConfUtils.java:logGet(44)) - raft.server.storage.dir = [/github/workspace/mnt/ozone/hadoop-ozone/integration-test/target/test-dir/MiniOzoneClusterImpl-43cf099b-0e8c-46dd-87e7-7f7fde2b07fc/datanode-1/data/ratis] (custom)
2021-01-12 14:07:12,199 [pool-49-thread-1] INFO  server.RaftServerConfigKeys (ConfUtils.java:logGet(44)) - raft.server.log.corruption.policy = EXCEPTION (default)
2021-01-12 14:07:12,199 [pool-49-thread-1] INFO  storage.RaftStorageDirectory (RaftStorageDirectoryImpl.java:analyzeStorage(132)) - The storage directory /github/workspace/mnt/ozone/hadoop-ozone/integration-test/target/test-dir/MiniOzoneClusterImpl-43cf099b-0e8c-46dd-87e7-7f7fde2b07fc/datanode-1/data/ratis/84d01728-7484-4ac8-9900-94ffbef8c967 does not exist. Creating ...
2021-01-12 14:07:12,200 [pool-49-thread-1] INFO  storage.RaftStorageDirectory (RaftStorageDirectoryImpl.java:tryLock(215)) - Lock on /github/workspace/mnt/ozone/hadoop-ozone/integration-test/target/test-dir/MiniOzoneClusterImpl-43cf099b-0e8c-46dd-87e7-7f7fde2b07fc/datanode-1/data/ratis/84d01728-7484-4ac8-9900-94ffbef8c967/in_use.lock acquired by nodename 9907@e47597c41fba
2021-01-12 14:07:12,201 [pool-66-thread-1] INFO  server.RaftServerConfigKeys (ConfUtils.java:logGet(44)) - raft.server.snapshot.auto.trigger.enabled = true (custom)
2021-01-12 14:07:12,201 [pool-66-thread-1] INFO  server.RaftServerConfigKeys (ConfUtils.java:logGet(44)) - raft.server.snapshot.auto.trigger.threshold = 10000 (custom)
2021-01-12 14:07:12,201 [pool-66-thread-1] INFO  server.RaftServerConfigKeys (ConfUtils.java:logGet(44)) - raft.server.snapshot.retention.file.num = 5 (custom)
2021-01-12 14:07:12,201 [pool-49-thread-1] INFO  storage.RaftStorage (RaftStorageImpl.java:format(87)) - Storage directory /github/workspace/mnt/ozone/hadoop-ozone/integration-test/target/test-dir/MiniOzoneClusterImpl-43cf099b-0e8c-46dd-87e7-7f7fde2b07fc/datanode-1/data/ratis/84d01728-7484-4ac8-9900-94ffbef8c967 has been successfully formatted.
2021-01-12 14:07:12,201 [pool-66-thread-1] INFO  server.RaftServerConfigKeys (ConfUtils.java:logGet(44)) - raft.server.log.purge.upto.snapshot.index = false (default)
2021-01-12 14:07:12,201 [pool-34-thread-1] INFO  server.RaftServerConfigKeys (ConfUtils.java:logGet(44)) - raft.server.snapshot.auto.trigger.enabled = true (custom)
2021-01-12 14:07:12,201 [pool-34-thread-1] INFO  server.RaftServerConfigKeys (ConfUtils.java:logGet(44)) - raft.server.snapshot.auto.trigger.threshold = 10000 (custom)
2021-01-12 14:07:12,201 [pool-34-thread-1] INFO  server.RaftServerConfigKeys (ConfUtils.java:logGet(44)) - raft.server.snapshot.retention.file.num = 5 (custom)
2021-01-12 14:07:12,202 [pool-34-thread-1] INFO  server.RaftServerConfigKeys (ConfUtils.java:logGet(44)) - raft.server.log.purge.upto.snapshot.index = false (default)
2021-01-12 14:07:12,202 [pool-34-thread-1] INFO  server.RaftServerConfigKeys (ConfUtils.java:logGet(44)) - raft.server.retrycache.expirytime = 600000ms (custom)
2021-01-12 14:07:12,202 [pool-34-thread-1] INFO  server.RaftServerConfigKeys (ConfUtils.java:logGet(44)) - raft.server.retrycache.statistics.expirytime = 100?s (default)
2021-01-12 14:07:12,202 [pool-34-thread-1] INFO  metrics.RatisMetrics (RatisMetrics.java:lambda$create$0(36)) - Creating Metrics Registry : ratis.leader_election.e91d73f6-08d2-44aa-8f25-e39c88d9a3b1@group-94FFBEF8C967
2021-01-12 14:07:12,202 [pool-34-thread-1] INFO  metrics.RatisMetrics (RatisMetrics.java:lambda$create$0(36)) - Creating Metrics Registry : ratis.server.e91d73f6-08d2-44aa-8f25-e39c88d9a3b1@group-94FFBEF8C967
2021-01-12 14:07:12,203 [pool-34-thread-1] INFO  server.RaftServer$Division (RaftServerImpl.java:start(294)) - e91d73f6-08d2-44aa-8f25-e39c88d9a3b1@group-94FFBEF8C967: start as a follower, conf=-1: [3e740cc2-f7d4-4c62-8f61-84a01f098730|rpc:172.17.0.2:33313|priority:0, e91d73f6-08d2-44aa-8f25-e39c88d9a3b1|rpc:172.17.0.2:40635|priority:1, 4274b414-dae9-48b1-8d41-4b70e5f2a60a|rpc:172.17.0.2:45333|priority:0], old=null
2021-01-12 14:07:12,203 [pool-34-thread-1] INFO  server.RaftServer$Division (RaftServerImpl.java:setRole(283)) - e91d73f6-08d2-44aa-8f25-e39c88d9a3b1@group-94FFBEF8C967: changes role from      null to FOLLOWER at term 0 for startAsFollower
2021-01-12 14:07:12,203 [pool-34-thread-1] INFO  impl.RoleInfo (RoleInfo.java:updateAndGet(130)) - e91d73f6-08d2-44aa-8f25-e39c88d9a3b1: start e91d73f6-08d2-44aa-8f25-e39c88d9a3b1@group-94FFBEF8C967-FollowerState
2021-01-12 14:07:12,203 [pool-34-thread-1] INFO  util.JmxRegister (JmxRegister.java:tryRegister(44)) - Successfully registered JMX Bean with object name Ratis:service=RaftServer,group=group-94FFBEF8C967,id=e91d73f6-08d2-44aa-8f25-e39c88d9a3b1
2021-01-12 14:07:12,203 [pool-34-thread-1] INFO  metrics.RatisMetrics (RatisMetrics.java:lambda$create$0(36)) - Creating Metrics Registry : ratis.state_machine.e91d73f6-08d2-44aa-8f25-e39c88d9a3b1@group-94FFBEF8C967
2021-01-12 14:07:12,204 [pool-49-thread-1] INFO  ratis.ContainerStateMachine (ContainerStateMachine.java:loadSnapshot(223)) - group-94FFBEF8C967: The snapshot info is null. Setting the last applied indexto:(t:0, i:~)
2021-01-12 14:07:12,204 [pool-49-thread-1] ERROR storage.RaftStorage (RaftStorageImpl.java:readRaftConfiguration(147)) - Failed reading configuration from file:/github/workspace/mnt/ozone/hadoop-ozone/integration-test/target/test-dir/MiniOzoneClusterImpl-43cf099b-0e8c-46dd-87e7-7f7fde2b07fc/datanode-1/data/ratis/84d01728-7484-4ac8-9900-94ffbef8c967/current/raft-meta.conf
java.io.FileNotFoundException: /github/workspace/mnt/ozone/hadoop-ozone/integration-test/target/test-dir/MiniOzoneClusterImpl-43cf099b-0e8c-46dd-87e7-7f7fde2b07fc/datanode-1/data/ratis/84d01728-7484-4ac8-9900-94ffbef8c967/current/raft-meta.conf (No such file or directory)
	at java.io.FileInputStream.open0(Native Method)
	at java.io.FileInputStream.open(FileInputStream.java:195)
	at java.io.FileInputStream.<init>(FileInputStream.java:138)
	at org.apache.ratis.server.storage.RaftStorageImpl.readRaftConfiguration(RaftStorageImpl.java:143)
	at org.apache.ratis.server.impl.ServerState.<init>(ServerState.java:113)
	at org.apache.ratis.server.impl.RaftServerImpl.<init>(RaftServerImpl.java:192)
	at org.apache.ratis.server.impl.RaftServerProxy.lambda$newRaftServerImpl$4(RaftServerProxy.java:266)
	at java.util.concurrent.CompletableFuture$AsyncSupply.run(CompletableFuture.java:1604)
	at java.util.concurrent.ThreadPoolExecutor.runWorker(ThreadPoolExecutor.java:1149)
	at java.util.concurrent.ThreadPoolExecutor$Worker.run(ThreadPoolExecutor.java:624)
	at java.lang.Thread.run(Thread.java:748)
2021-01-12 14:07:12,204 [pool-49-thread-1] INFO  server.RaftServerConfigKeys (ConfUtils.java:logGet(44)) - raft.server.notification.no-leader.timeout = 300s (custom)
2021-01-12 14:07:12,204 [pool-49-thread-1] INFO  server.RaftServerConfigKeys (ConfUtils.java:logGet(44)) - raft.server.log.use.memory = false (default)
2021-01-12 14:07:12,205 [pool-49-thread-1] INFO  server.RaftServerConfigKeys (ConfUtils.java:logGet(44)) - raft.server.log.purge.gap = 1000000 (custom)
2021-01-12 14:07:12,205 [pool-49-thread-1] INFO  server.RaftServerConfigKeys (ConfUtils.java:logGet(44)) - raft.server.log.appender.buffer.byte-limit = 33554432 (custom)
2021-01-12 14:07:12,205 [pool-49-thread-1] INFO  metrics.RatisMetrics (RatisMetrics.java:lambda$create$0(36)) - Creating Metrics Registry : ratis.log_worker.3e740cc2-f7d4-4c62-8f61-84a01f098730@group-94FFBEF8C967
2021-01-12 14:07:12,205 [pool-49-thread-1] INFO  server.RaftServerConfigKeys (ConfUtils.java:logGet(44)) - raft.server.log.segment.size.max = 1048576 (custom)
2021-01-12 14:07:12,205 [pool-49-thread-1] INFO  server.RaftServerConfigKeys (ConfUtils.java:logGet(44)) - raft.server.log.segment.cache.num.max = 2 (custom)
2021-01-12 14:07:12,205 [pool-49-thread-1] INFO  server.RaftServerConfigKeys (ConfUtils.java:logGet(44)) - raft.server.log.segment.cache.size.max = 200MB (=209715200) (default)
2021-01-12 14:07:12,205 [pool-49-thread-1] INFO  segmented.SegmentedRaftLogWorker (SegmentedRaftLogWorker.java:<init>(181)) - new 3e740cc2-f7d4-4c62-8f61-84a01f098730@group-94FFBEF8C967-SegmentedRaftLogWorker for RaftStorageImpl:Storage Directory /github/workspace/mnt/ozone/hadoop-ozone/integration-test/target/test-dir/MiniOzoneClusterImpl-43cf099b-0e8c-46dd-87e7-7f7fde2b07fc/datanode-1/data/ratis/84d01728-7484-4ac8-9900-94ffbef8c967
2021-01-12 14:07:12,205 [pool-49-thread-1] INFO  server.RaftServerConfigKeys (ConfUtils.java:logGet(44)) - raft.server.log.queue.byte-limit = 2147483647 (custom)
2021-01-12 14:07:12,205 [pool-49-thread-1] INFO  server.RaftServerConfigKeys (ConfUtils.java:logGet(44)) - raft.server.log.queue.element-limit = 1024 (custom)
2021-01-12 14:07:12,205 [pool-49-thread-1] INFO  server.RaftServerConfigKeys (ConfUtils.java:logGet(44)) - raft.server.log.segment.size.max = 1048576 (custom)
2021-01-12 14:07:12,205 [pool-49-thread-1] INFO  server.RaftServerConfigKeys (ConfUtils.java:logGet(44)) - raft.server.log.preallocated.size = 16384 (custom)
2021-01-12 14:07:12,205 [pool-49-thread-1] INFO  server.RaftServerConfigKeys (ConfUtils.java:logGet(44)) - raft.server.log.force.sync.num = 128 (default)
2021-01-12 14:07:12,205 [pool-49-thread-1] INFO  server.RaftServerConfigKeys (ConfUtils.java:logGet(44)) - raft.server.log.statemachine.data.sync = true (default)
2021-01-12 14:07:12,206 [pool-49-thread-1] INFO  server.RaftServerConfigKeys (ConfUtils.java:logGet(44)) - raft.server.log.statemachine.data.sync.timeout = 10s (default)
2021-01-12 14:07:12,206 [pool-49-thread-1] INFO  server.RaftServerConfigKeys (ConfUtils.java:logGet(44)) - raft.server.log.statemachine.data.sync.timeout.retry = -1 (default)
2021-01-12 14:07:12,206 [pool-49-thread-1] INFO  server.RaftServerConfigKeys (ConfUtils.java:logGet(44)) - raft.server.log.write.buffer.size = 1048576 (custom)
2021-01-12 14:07:12,206 [pool-49-thread-1] INFO  server.RaftServerConfigKeys (ConfUtils.java:logGet(44)) - raft.server.log.statemachine.data.caching.enabled = true (custom)
2021-01-12 14:07:12,206 [pool-49-thread-1] INFO  segmented.SegmentedRaftLogWorker (SegmentedRaftLogWorker.java:lambda$new$0(132)) - 3e740cc2-f7d4-4c62-8f61-84a01f098730@group-94FFBEF8C967-SegmentedRaftLogWorker: flushIndex: setUnconditionally 0 -> -1
2021-01-12 14:07:12,207 [pool-49-thread-1] INFO  segmented.SegmentedRaftLogWorker (SegmentedRaftLogWorker.java:lambda$new$0(132)) - 3e740cc2-f7d4-4c62-8f61-84a01f098730@group-94FFBEF8C967-SegmentedRaftLogWorker: safeCacheEvictIndex: setUnconditionally 0 -> -1
2021-01-12 14:07:12,208 [Command processor thread] INFO  metrics.RatisMetrics (RatisMetrics.java:lambda$create$0(36)) - Creating Metrics Registry : ratis.client_message_metrics.client-576A9AEFBD92->4274b414-dae9-48b1-8d41-4b70e5f2a60a
2021-01-12 14:07:12,210 [pool-49-thread-1] INFO  server.RaftServerConfigKeys (ConfUtils.java:logGet(44)) - raft.server.snapshot.auto.trigger.enabled = true (custom)
2021-01-12 14:07:12,210 [pool-49-thread-1] INFO  server.RaftServerConfigKeys (ConfUtils.java:logGet(44)) - raft.server.snapshot.auto.trigger.threshold = 10000 (custom)
2021-01-12 14:07:12,210 [pool-49-thread-1] INFO  server.RaftServerConfigKeys (ConfUtils.java:logGet(44)) - raft.server.snapshot.retention.file.num = 5 (custom)
2021-01-12 14:07:12,210 [pool-49-thread-1] INFO  server.RaftServerConfigKeys (ConfUtils.java:logGet(44)) - raft.server.log.purge.upto.snapshot.index = false (default)
2021-01-12 14:07:12,210 [pool-49-thread-1] INFO  server.RaftServerConfigKeys (ConfUtils.java:logGet(44)) - raft.server.retrycache.expirytime = 600000ms (custom)
2021-01-12 14:07:12,210 [pool-49-thread-1] INFO  server.RaftServerConfigKeys (ConfUtils.java:logGet(44)) - raft.server.retrycache.statistics.expirytime = 100?s (default)
2021-01-12 14:07:12,211 [pool-49-thread-1] INFO  metrics.RatisMetrics (RatisMetrics.java:lambda$create$0(36)) - Creating Metrics Registry : ratis.leader_election.3e740cc2-f7d4-4c62-8f61-84a01f098730@group-94FFBEF8C967
2021-01-12 14:07:12,211 [pool-49-thread-1] INFO  metrics.RatisMetrics (RatisMetrics.java:lambda$create$0(36)) - Creating Metrics Registry : ratis.server.3e740cc2-f7d4-4c62-8f61-84a01f098730@group-94FFBEF8C967
2021-01-12 14:07:12,211 [pool-49-thread-1] INFO  server.RaftServer$Division (RaftServerImpl.java:start(294)) - 3e740cc2-f7d4-4c62-8f61-84a01f098730@group-94FFBEF8C967: start as a follower, conf=-1: [3e740cc2-f7d4-4c62-8f61-84a01f098730|rpc:172.17.0.2:33313|priority:0, e91d73f6-08d2-44aa-8f25-e39c88d9a3b1|rpc:172.17.0.2:40635|priority:1, 4274b414-dae9-48b1-8d41-4b70e5f2a60a|rpc:172.17.0.2:45333|priority:0], old=null
2021-01-12 14:07:12,211 [pool-49-thread-1] INFO  server.RaftServer$Division (RaftServerImpl.java:setRole(283)) - 3e740cc2-f7d4-4c62-8f61-84a01f098730@group-94FFBEF8C967: changes role from      null to FOLLOWER at term 0 for startAsFollower
2021-01-12 14:07:12,211 [pool-49-thread-1] INFO  impl.RoleInfo (RoleInfo.java:updateAndGet(130)) - 3e740cc2-f7d4-4c62-8f61-84a01f098730: start 3e740cc2-f7d4-4c62-8f61-84a01f098730@group-94FFBEF8C967-FollowerState
2021-01-12 14:07:12,212 [pool-49-thread-1] INFO  util.JmxRegister (JmxRegister.java:tryRegister(44)) - Successfully registered JMX Bean with object name Ratis:service=RaftServer,group=group-94FFBEF8C967,id=3e740cc2-f7d4-4c62-8f61-84a01f098730
2021-01-12 14:07:12,212 [pool-49-thread-1] INFO  metrics.RatisMetrics (RatisMetrics.java:lambda$create$0(36)) - Creating Metrics Registry : ratis.state_machine.3e740cc2-f7d4-4c62-8f61-84a01f098730@group-94FFBEF8C967
2021-01-12 14:07:12,213 [pool-66-thread-1] INFO  server.RaftServerConfigKeys (ConfUtils.java:logGet(44)) - raft.server.retrycache.expirytime = 600000ms (custom)
2021-01-12 14:07:12,213 [pool-66-thread-1] INFO  server.RaftServerConfigKeys (ConfUtils.java:logGet(44)) - raft.server.retrycache.statistics.expirytime = 100?s (default)
2021-01-12 14:07:12,213 [pool-66-thread-1] INFO  metrics.RatisMetrics (RatisMetrics.java:lambda$create$0(36)) - Creating Metrics Registry : ratis.leader_election.4274b414-dae9-48b1-8d41-4b70e5f2a60a@group-94FFBEF8C967
2021-01-12 14:07:12,213 [pool-66-thread-1] INFO  metrics.RatisMetrics (RatisMetrics.java:lambda$create$0(36)) - Creating Metrics Registry : ratis.server.4274b414-dae9-48b1-8d41-4b70e5f2a60a@group-94FFBEF8C967
2021-01-12 14:07:12,213 [pool-66-thread-1] INFO  server.RaftServer$Division (RaftServerImpl.java:start(294)) - 4274b414-dae9-48b1-8d41-4b70e5f2a60a@group-94FFBEF8C967: start as a follower, conf=-1: [3e740cc2-f7d4-4c62-8f61-84a01f098730|rpc:172.17.0.2:33313|priority:0, e91d73f6-08d2-44aa-8f25-e39c88d9a3b1|rpc:172.17.0.2:40635|priority:1, 4274b414-dae9-48b1-8d41-4b70e5f2a60a|rpc:172.17.0.2:45333|priority:0], old=null
2021-01-12 14:07:12,213 [pool-66-thread-1] INFO  server.RaftServer$Division (RaftServerImpl.java:setRole(283)) - 4274b414-dae9-48b1-8d41-4b70e5f2a60a@group-94FFBEF8C967: changes role from      null to FOLLOWER at term 0 for startAsFollower
2021-01-12 14:07:12,214 [pool-66-thread-1] INFO  impl.RoleInfo (RoleInfo.java:updateAndGet(130)) - 4274b414-dae9-48b1-8d41-4b70e5f2a60a: start 4274b414-dae9-48b1-8d41-4b70e5f2a60a@group-94FFBEF8C967-FollowerState
2021-01-12 14:07:12,215 [Command processor thread] INFO  metrics.RatisMetrics (RatisMetrics.java:lambda$create$0(36)) - Creating Metrics Registry : ratis.client_message_metrics.client-02AC698638A6->4274b414-dae9-48b1-8d41-4b70e5f2a60a
2021-01-12 14:07:12,217 [pool-66-thread-1] INFO  util.JmxRegister (JmxRegister.java:tryRegister(44)) - Successfully registered JMX Bean with object name Ratis:service=RaftServer,group=group-94FFBEF8C967,id=4274b414-dae9-48b1-8d41-4b70e5f2a60a
2021-01-12 14:07:12,217 [pool-66-thread-1] INFO  metrics.RatisMetrics (RatisMetrics.java:lambda$create$0(36)) - Creating Metrics Registry : ratis.state_machine.4274b414-dae9-48b1-8d41-4b70e5f2a60a@group-94FFBEF8C967
2021-01-12 14:07:12,225 [Command processor thread] INFO  metrics.RatisMetrics (RatisMetrics.java:lambda$create$0(36)) - Creating Metrics Registry : ratis.client_message_metrics.client-B5DF4AB8B884->e91d73f6-08d2-44aa-8f25-e39c88d9a3b1
2021-01-12 14:07:12,226 [EventQueue-PipelineReportForOneReplicaPipelineSafeModeRule] INFO  safemode.SCMSafeModeManager (SCMSafeModeManager.java:validateSafeModeExitRules(214)) - AtleastOneDatanodeReportedRule rule is successfully validated
2021-01-12 14:07:12,227 [EventQueue-OpenPipelineForHealthyPipelineSafeModeRule] INFO  safemode.SCMSafeModeManager (HealthyPipelineSafeModeRule.java:process(128)) - SCM in safe mode. Healthy pipelines reported count is 0, required healthy pipeline reported count is 1
2021-01-12 14:07:12,264 [Command processor thread] INFO  metrics.RatisMetrics (RatisMetrics.java:lambda$create$0(36)) - Creating Metrics Registry : ratis.client_message_metrics.client-8B4BF332B4DB->3e740cc2-f7d4-4c62-8f61-84a01f098730
2021-01-12 14:07:12,280 [Command processor thread] INFO  metrics.RatisMetrics (RatisMetrics.java:lambda$create$0(36)) - Creating Metrics Registry : ratis.client_message_metrics.client-10F2E153C852->3e740cc2-f7d4-4c62-8f61-84a01f098730
2021-01-12 14:07:12,288 [Command processor thread] INFO  metrics.RatisMetrics (RatisMetrics.java:lambda$create$0(36)) - Creating Metrics Registry : ratis.client_message_metrics.client-1096A339213E->e91d73f6-08d2-44aa-8f25-e39c88d9a3b1
2021-01-12 14:07:12,324 [Command processor thread] INFO  commandhandler.CreatePipelineCommandHandler (CreatePipelineCommandHandler.java:handle(106)) - Created Pipeline RATIS THREE PipelineID=84d01728-7484-4ac8-9900-94ffbef8c967.
2021-01-12 14:07:12,328 [Command processor thread] INFO  commandhandler.CreatePipelineCommandHandler (CreatePipelineCommandHandler.java:handle(106)) - Created Pipeline RATIS THREE PipelineID=84d01728-7484-4ac8-9900-94ffbef8c967.
2021-01-12 14:07:12,332 [Command processor thread] INFO  commandhandler.CreatePipelineCommandHandler (CreatePipelineCommandHandler.java:handle(106)) - Created Pipeline RATIS THREE PipelineID=84d01728-7484-4ac8-9900-94ffbef8c967.
2021-01-12 14:07:12,704 [Listener at 127.0.0.1/33907] INFO  ozone.MiniOzoneClusterImpl (MiniOzoneClusterImpl.java:lambda$waitForClusterToBeReady$0(179)) - Nodes are ready. Got 4 of 4 DN Heartbeats.
2021-01-12 14:07:12,704 [Listener at 127.0.0.1/33907] INFO  ozone.MiniOzoneClusterImpl (MiniOzoneClusterImpl.java:lambda$waitForClusterToBeReady$0(182)) - Waiting for cluster to exit safe mode
2021-01-12 14:07:12,754 [EventQueue-PipelineReportForOneReplicaPipelineSafeModeRule] INFO  safemode.SCMSafeModeManager (SCMSafeModeManager.java:validateSafeModeExitRules(214)) - AtleastOneDatanodeReportedRule rule is successfully validated
2021-01-12 14:07:12,754 [EventQueue-OpenPipelineForHealthyPipelineSafeModeRule] INFO  safemode.SCMSafeModeManager (HealthyPipelineSafeModeRule.java:process(128)) - SCM in safe mode. Healthy pipelines reported count is 0, required healthy pipeline reported count is 1
2021-01-12 14:07:13,175 [EventQueue-PipelineReportForOneReplicaPipelineSafeModeRule] INFO  safemode.SCMSafeModeManager (SCMSafeModeManager.java:validateSafeModeExitRules(214)) - AtleastOneDatanodeReportedRule rule is successfully validated
2021-01-12 14:07:13,175 [EventQueue-OpenPipelineForHealthyPipelineSafeModeRule] INFO  safemode.SCMSafeModeManager (HealthyPipelineSafeModeRule.java:process(128)) - SCM in safe mode. Healthy pipelines reported count is 0, required healthy pipeline reported count is 1
2021-01-12 14:07:13,192 [EventQueue-PipelineReportForOneReplicaPipelineSafeModeRule] INFO  safemode.SCMSafeModeManager (SCMSafeModeManager.java:validateSafeModeExitRules(214)) - AtleastOneDatanodeReportedRule rule is successfully validated
2021-01-12 14:07:13,192 [EventQueue-OpenPipelineForHealthyPipelineSafeModeRule] INFO  safemode.SCMSafeModeManager (HealthyPipelineSafeModeRule.java:process(128)) - SCM in safe mode. Healthy pipelines reported count is 0, required healthy pipeline reported count is 1
2021-01-12 14:07:13,211 [EventQueue-OpenPipelineForHealthyPipelineSafeModeRule] INFO  safemode.SCMSafeModeManager (HealthyPipelineSafeModeRule.java:process(128)) - SCM in safe mode. Healthy pipelines reported count is 0, required healthy pipeline reported count is 1
2021-01-12 14:07:13,211 [EventQueue-PipelineReportForOneReplicaPipelineSafeModeRule] INFO  safemode.SCMSafeModeManager (SCMSafeModeManager.java:validateSafeModeExitRules(214)) - AtleastOneDatanodeReportedRule rule is successfully validated
2021-01-12 14:07:13,704 [Listener at 127.0.0.1/33907] INFO  ozone.MiniOzoneClusterImpl (MiniOzoneClusterImpl.java:lambda$waitForClusterToBeReady$0(179)) - Nodes are ready. Got 4 of 4 DN Heartbeats.
2021-01-12 14:07:13,705 [Listener at 127.0.0.1/33907] INFO  ozone.MiniOzoneClusterImpl (MiniOzoneClusterImpl.java:lambda$waitForClusterToBeReady$0(182)) - Waiting for cluster to exit safe mode
2021-01-12 14:07:13,754 [EventQueue-PipelineReportForOneReplicaPipelineSafeModeRule] INFO  safemode.SCMSafeModeManager (SCMSafeModeManager.java:validateSafeModeExitRules(214)) - AtleastOneDatanodeReportedRule rule is successfully validated
2021-01-12 14:07:13,754 [EventQueue-OpenPipelineForHealthyPipelineSafeModeRule] INFO  safemode.SCMSafeModeManager (HealthyPipelineSafeModeRule.java:process(128)) - SCM in safe mode. Healthy pipelines reported count is 0, required healthy pipeline reported count is 1
2021-01-12 14:07:14,182 [EventQueue-PipelineReportForOneReplicaPipelineSafeModeRule] INFO  safemode.SCMSafeModeManager (SCMSafeModeManager.java:validateSafeModeExitRules(214)) - AtleastOneDatanodeReportedRule rule is successfully validated
2021-01-12 14:07:14,182 [EventQueue-OpenPipelineForHealthyPipelineSafeModeRule] INFO  safemode.SCMSafeModeManager (HealthyPipelineSafeModeRule.java:process(128)) - SCM in safe mode. Healthy pipelines reported count is 0, required healthy pipeline reported count is 1
2021-01-12 14:07:14,192 [EventQueue-PipelineReportForOneReplicaPipelineSafeModeRule] INFO  safemode.SCMSafeModeManager (SCMSafeModeManager.java:validateSafeModeExitRules(214)) - AtleastOneDatanodeReportedRule rule is successfully validated
2021-01-12 14:07:14,192 [EventQueue-OpenPipelineForHealthyPipelineSafeModeRule] INFO  safemode.SCMSafeModeManager (HealthyPipelineSafeModeRule.java:process(128)) - SCM in safe mode. Healthy pipelines reported count is 0, required healthy pipeline reported count is 1
2021-01-12 14:07:14,211 [EventQueue-PipelineReportForOneReplicaPipelineSafeModeRule] INFO  safemode.SCMSafeModeManager (SCMSafeModeManager.java:validateSafeModeExitRules(214)) - AtleastOneDatanodeReportedRule rule is successfully validated
2021-01-12 14:07:14,211 [EventQueue-OpenPipelineForHealthyPipelineSafeModeRule] INFO  safemode.SCMSafeModeManager (HealthyPipelineSafeModeRule.java:process(128)) - SCM in safe mode. Healthy pipelines reported count is 0, required healthy pipeline reported count is 1
2021-01-12 14:07:14,705 [Listener at 127.0.0.1/33907] INFO  ozone.MiniOzoneClusterImpl (MiniOzoneClusterImpl.java:lambda$waitForClusterToBeReady$0(179)) - Nodes are ready. Got 4 of 4 DN Heartbeats.
2021-01-12 14:07:14,705 [Listener at 127.0.0.1/33907] INFO  ozone.MiniOzoneClusterImpl (MiniOzoneClusterImpl.java:lambda$waitForClusterToBeReady$0(182)) - Waiting for cluster to exit safe mode
2021-01-12 14:07:14,754 [EventQueue-PipelineReportForOneReplicaPipelineSafeModeRule] INFO  safemode.SCMSafeModeManager (SCMSafeModeManager.java:validateSafeModeExitRules(214)) - AtleastOneDatanodeReportedRule rule is successfully validated
2021-01-12 14:07:14,754 [EventQueue-OpenPipelineForHealthyPipelineSafeModeRule] INFO  safemode.SCMSafeModeManager (HealthyPipelineSafeModeRule.java:process(128)) - SCM in safe mode. Healthy pipelines reported count is 0, required healthy pipeline reported count is 1
2021-01-12 14:07:15,183 [EventQueue-PipelineReportForOneReplicaPipelineSafeModeRule] INFO  safemode.SCMSafeModeManager (SCMSafeModeManager.java:validateSafeModeExitRules(214)) - AtleastOneDatanodeReportedRule rule is successfully validated
2021-01-12 14:07:15,184 [EventQueue-OpenPipelineForHealthyPipelineSafeModeRule] INFO  safemode.SCMSafeModeManager (HealthyPipelineSafeModeRule.java:process(128)) - SCM in safe mode. Healthy pipelines reported count is 0, required healthy pipeline reported count is 1
2021-01-12 14:07:15,193 [EventQueue-OpenPipelineForHealthyPipelineSafeModeRule] INFO  safemode.SCMSafeModeManager (HealthyPipelineSafeModeRule.java:process(128)) - SCM in safe mode. Healthy pipelines reported count is 0, required healthy pipeline reported count is 1
2021-01-12 14:07:15,193 [EventQueue-PipelineReportForOneReplicaPipelineSafeModeRule] INFO  safemode.SCMSafeModeManager (SCMSafeModeManager.java:validateSafeModeExitRules(214)) - AtleastOneDatanodeReportedRule rule is successfully validated
2021-01-12 14:07:15,211 [EventQueue-OpenPipelineForHealthyPipelineSafeModeRule] INFO  safemode.SCMSafeModeManager (HealthyPipelineSafeModeRule.java:process(128)) - SCM in safe mode. Healthy pipelines reported count is 0, required healthy pipeline reported count is 1
2021-01-12 14:07:15,212 [EventQueue-PipelineReportForOneReplicaPipelineSafeModeRule] INFO  safemode.SCMSafeModeManager (SCMSafeModeManager.java:validateSafeModeExitRules(214)) - AtleastOneDatanodeReportedRule rule is successfully validated
2021-01-12 14:07:15,706 [Listener at 127.0.0.1/33907] INFO  ozone.MiniOzoneClusterImpl (MiniOzoneClusterImpl.java:lambda$waitForClusterToBeReady$0(179)) - Nodes are ready. Got 4 of 4 DN Heartbeats.
2021-01-12 14:07:15,706 [Listener at 127.0.0.1/33907] INFO  ozone.MiniOzoneClusterImpl (MiniOzoneClusterImpl.java:lambda$waitForClusterToBeReady$0(182)) - Waiting for cluster to exit safe mode
2021-01-12 14:07:15,756 [EventQueue-PipelineReportForOneReplicaPipelineSafeModeRule] INFO  safemode.SCMSafeModeManager (SCMSafeModeManager.java:validateSafeModeExitRules(214)) - AtleastOneDatanodeReportedRule rule is successfully validated
2021-01-12 14:07:15,757 [EventQueue-OpenPipelineForHealthyPipelineSafeModeRule] INFO  safemode.SCMSafeModeManager (HealthyPipelineSafeModeRule.java:process(128)) - SCM in safe mode. Healthy pipelines reported count is 0, required healthy pipeline reported count is 1
2021-01-12 14:07:16,186 [EventQueue-PipelineReportForOneReplicaPipelineSafeModeRule] INFO  safemode.SCMSafeModeManager (SCMSafeModeManager.java:validateSafeModeExitRules(214)) - AtleastOneDatanodeReportedRule rule is successfully validated
2021-01-12 14:07:16,186 [EventQueue-OpenPipelineForHealthyPipelineSafeModeRule] INFO  safemode.SCMSafeModeManager (HealthyPipelineSafeModeRule.java:process(128)) - SCM in safe mode. Healthy pipelines reported count is 0, required healthy pipeline reported count is 1
2021-01-12 14:07:16,192 [EventQueue-OpenPipelineForHealthyPipelineSafeModeRule] INFO  safemode.SCMSafeModeManager (HealthyPipelineSafeModeRule.java:process(128)) - SCM in safe mode. Healthy pipelines reported count is 0, required healthy pipeline reported count is 1
2021-01-12 14:07:16,192 [EventQueue-PipelineReportForOneReplicaPipelineSafeModeRule] INFO  safemode.SCMSafeModeManager (SCMSafeModeManager.java:validateSafeModeExitRules(214)) - AtleastOneDatanodeReportedRule rule is successfully validated
2021-01-12 14:07:16,211 [EventQueue-PipelineReportForOneReplicaPipelineSafeModeRule] INFO  safemode.SCMSafeModeManager (SCMSafeModeManager.java:validateSafeModeExitRules(214)) - AtleastOneDatanodeReportedRule rule is successfully validated
2021-01-12 14:07:16,211 [EventQueue-OpenPipelineForHealthyPipelineSafeModeRule] INFO  safemode.SCMSafeModeManager (HealthyPipelineSafeModeRule.java:process(128)) - SCM in safe mode. Healthy pipelines reported count is 0, required healthy pipeline reported count is 1
2021-01-12 14:07:16,217 [Thread-194] INFO  impl.FollowerState (FollowerState.java:run(133)) - e91d73f6-08d2-44aa-8f25-e39c88d9a3b1@group-D9C9492A4824-FollowerState: change to CANDIDATE, lastRpcElapsedTime:5048722425ns, electionTimeout:5039ms
2021-01-12 14:07:16,217 [Thread-194] INFO  impl.RoleInfo (RoleInfo.java:shutdownFollowerState(108)) - e91d73f6-08d2-44aa-8f25-e39c88d9a3b1: shutdown e91d73f6-08d2-44aa-8f25-e39c88d9a3b1@group-D9C9492A4824-FollowerState
2021-01-12 14:07:16,217 [Thread-194] INFO  server.RaftServer$Division (RaftServerImpl.java:setRole(283)) - e91d73f6-08d2-44aa-8f25-e39c88d9a3b1@group-D9C9492A4824: changes role from  FOLLOWER to CANDIDATE at term 0 for changeToCandidate
2021-01-12 14:07:16,220 [Thread-194] INFO  impl.RoleInfo (RoleInfo.java:updateAndGet(130)) - e91d73f6-08d2-44aa-8f25-e39c88d9a3b1: start e91d73f6-08d2-44aa-8f25-e39c88d9a3b1@group-D9C9492A4824-LeaderElection1
2021-01-12 14:07:16,222 [e91d73f6-08d2-44aa-8f25-e39c88d9a3b1@group-D9C9492A4824-LeaderElection1] INFO  impl.LeaderElection (LeaderElection.java:askForPreVotes(259)) - e91d73f6-08d2-44aa-8f25-e39c88d9a3b1@group-D9C9492A4824-LeaderElection1: begin a pre-vote at term 0 for -1: [e91d73f6-08d2-44aa-8f25-e39c88d9a3b1|rpc:172.17.0.2:40635|priority:1], old=null
2021-01-12 14:07:16,222 [e91d73f6-08d2-44aa-8f25-e39c88d9a3b1@group-D9C9492A4824-LeaderElection1] INFO  impl.LeaderElection (LeaderElection.java:askForPreVotes(261)) - e91d73f6-08d2-44aa-8f25-e39c88d9a3b1@group-D9C9492A4824-LeaderElection1 pre-vote result is PASSED.
2021-01-12 14:07:16,226 [e91d73f6-08d2-44aa-8f25-e39c88d9a3b1@group-D9C9492A4824-LeaderElection1] INFO  impl.LeaderElection (LeaderElection.java:askForVotes(308)) - e91d73f6-08d2-44aa-8f25-e39c88d9a3b1@group-D9C9492A4824-LeaderElection1: begin an election at term 1 for -1: [e91d73f6-08d2-44aa-8f25-e39c88d9a3b1|rpc:172.17.0.2:40635|priority:1], old=null
2021-01-12 14:07:16,226 [e91d73f6-08d2-44aa-8f25-e39c88d9a3b1@group-D9C9492A4824-LeaderElection1] INFO  impl.RoleInfo (RoleInfo.java:shutdownLeaderElection(121)) - e91d73f6-08d2-44aa-8f25-e39c88d9a3b1: shutdown e91d73f6-08d2-44aa-8f25-e39c88d9a3b1@group-D9C9492A4824-LeaderElection1
2021-01-12 14:07:16,227 [e91d73f6-08d2-44aa-8f25-e39c88d9a3b1@group-D9C9492A4824-LeaderElection1] INFO  server.RaftServer$Division (RaftServerImpl.java:setRole(283)) - e91d73f6-08d2-44aa-8f25-e39c88d9a3b1@group-D9C9492A4824: changes role from CANDIDATE to LEADER at term 1 for changeToLeader
2021-01-12 14:07:16,227 [e91d73f6-08d2-44aa-8f25-e39c88d9a3b1@group-D9C9492A4824-LeaderElection1] INFO  ratis.XceiverServerRatis (XceiverServerRatis.java:handleLeaderChangedNotification(868)) - Leader change notification received for group: group-D9C9492A4824 with new leaderId: e91d73f6-08d2-44aa-8f25-e39c88d9a3b1
2021-01-12 14:07:16,228 [e91d73f6-08d2-44aa-8f25-e39c88d9a3b1@group-D9C9492A4824-LeaderElection1] INFO  server.RaftServer$Division (ServerState.java:setLeader(249)) - e91d73f6-08d2-44aa-8f25-e39c88d9a3b1@group-D9C9492A4824: change Leader from null to e91d73f6-08d2-44aa-8f25-e39c88d9a3b1 at term 1 for becomeLeader, leader elected after 5173ms
2021-01-12 14:07:16,228 [EventQueue-PipelineReportForOneReplicaPipelineSafeModeRule] INFO  safemode.SCMSafeModeManager (SCMSafeModeManager.java:validateSafeModeExitRules(214)) - AtleastOneDatanodeReportedRule rule is successfully validated
2021-01-12 14:07:16,228 [EventQueue-OpenPipelineForHealthyPipelineSafeModeRule] INFO  safemode.SCMSafeModeManager (HealthyPipelineSafeModeRule.java:process(128)) - SCM in safe mode. Healthy pipelines reported count is 0, required healthy pipeline reported count is 1
2021-01-12 14:07:16,234 [e91d73f6-08d2-44aa-8f25-e39c88d9a3b1@group-D9C9492A4824-LeaderElection1] INFO  server.RaftServerConfigKeys (ConfUtils.java:logGet(44)) - raft.server.staging.catchup.gap = 1000 (default)
2021-01-12 14:07:16,237 [e91d73f6-08d2-44aa-8f25-e39c88d9a3b1@group-D9C9492A4824-LeaderElection1] INFO  metrics.RatisMetrics (RatisMetrics.java:lambda$create$0(36)) - Creating Metrics Registry : ratis.log_appender.e91d73f6-08d2-44aa-8f25-e39c88d9a3b1@group-D9C9492A4824
2021-01-12 14:07:16,239 [e91d73f6-08d2-44aa-8f25-e39c88d9a3b1@group-D9C9492A4824-LeaderElection1] INFO  server.RaftServerConfigKeys (ConfUtils.java:logGet(44)) - raft.server.write.element-limit = 1024 (custom)
2021-01-12 14:07:16,239 [e91d73f6-08d2-44aa-8f25-e39c88d9a3b1@group-D9C9492A4824-LeaderElection1] INFO  server.RaftServerConfigKeys (ConfUtils.java:logGet(44)) - raft.server.write.byte-limit = 1073741824 (custom)
2021-01-12 14:07:16,244 [e91d73f6-08d2-44aa-8f25-e39c88d9a3b1@group-D9C9492A4824-LeaderElection1] INFO  server.RaftServerConfigKeys (ConfUtils.java:logGet(44)) - raft.server.watch.timeout = 180s (custom)
2021-01-12 14:07:16,245 [e91d73f6-08d2-44aa-8f25-e39c88d9a3b1@group-D9C9492A4824-LeaderElection1] INFO  server.RaftServerConfigKeys (ConfUtils.java:logGet(44)) - raft.server.watch.timeout.denomination = 1s (default)
2021-01-12 14:07:16,245 [e91d73f6-08d2-44aa-8f25-e39c88d9a3b1@group-D9C9492A4824-LeaderElection1] INFO  server.RaftServerConfigKeys (ConfUtils.java:logGet(44)) - raft.server.watch.element-limit = 65536 (default)
2021-01-12 14:07:16,251 [e91d73f6-08d2-44aa-8f25-e39c88d9a3b1@group-D9C9492A4824-LeaderElection1] INFO  impl.RoleInfo (RoleInfo.java:updateAndGet(130)) - e91d73f6-08d2-44aa-8f25-e39c88d9a3b1: start e91d73f6-08d2-44aa-8f25-e39c88d9a3b1@group-D9C9492A4824-LeaderStateImpl
2021-01-12 14:07:16,264 [e91d73f6-08d2-44aa-8f25-e39c88d9a3b1@group-D9C9492A4824-LeaderElection1] INFO  segmented.SegmentedRaftLogWorker (SegmentedRaftLogWorker.java:startLogSegment(392)) - e91d73f6-08d2-44aa-8f25-e39c88d9a3b1@group-D9C9492A4824-SegmentedRaftLogWorker: Starting segment from index:0
2021-01-12 14:07:16,297 [e91d73f6-08d2-44aa-8f25-e39c88d9a3b1@group-D9C9492A4824-LeaderElection1] INFO  server.RaftServer$Division (ServerState.java:setRaftConf(368)) - e91d73f6-08d2-44aa-8f25-e39c88d9a3b1@group-D9C9492A4824: set configuration 0: [e91d73f6-08d2-44aa-8f25-e39c88d9a3b1|rpc:172.17.0.2:40635|dataStream:|priority:1], old=null
2021-01-12 14:07:16,376 [e91d73f6-08d2-44aa-8f25-e39c88d9a3b1@group-D9C9492A4824-SegmentedRaftLogWorker] INFO  segmented.SegmentedRaftLogWorker (SegmentedRaftLogWorker.java:execute(599)) - e91d73f6-08d2-44aa-8f25-e39c88d9a3b1@group-D9C9492A4824-SegmentedRaftLogWorker: created new log segment /github/workspace/mnt/ozone/hadoop-ozone/integration-test/target/test-dir/MiniOzoneClusterImpl-43cf099b-0e8c-46dd-87e7-7f7fde2b07fc/datanode-0/data/ratis/cf00f8bd-212e-4c44-a92d-d9c9492a4824/current/log_inprogress_0
2021-01-12 14:07:16,387 [Thread-198] INFO  impl.FollowerState (FollowerState.java:run(133)) - 3e740cc2-f7d4-4c62-8f61-84a01f098730@group-121D8B1B1650-FollowerState: change to CANDIDATE, lastRpcElapsedTime:5059835546ns, electionTimeout:5028ms
2021-01-12 14:07:16,389 [Thread-198] INFO  impl.RoleInfo (RoleInfo.java:shutdownFollowerState(108)) - 3e740cc2-f7d4-4c62-8f61-84a01f098730: shutdown 3e740cc2-f7d4-4c62-8f61-84a01f098730@group-121D8B1B1650-FollowerState
2021-01-12 14:07:16,389 [Thread-198] INFO  server.RaftServer$Division (RaftServerImpl.java:setRole(283)) - 3e740cc2-f7d4-4c62-8f61-84a01f098730@group-121D8B1B1650: changes role from  FOLLOWER to CANDIDATE at term 0 for changeToCandidate
2021-01-12 14:07:16,389 [Thread-198] INFO  impl.RoleInfo (RoleInfo.java:updateAndGet(130)) - 3e740cc2-f7d4-4c62-8f61-84a01f098730: start 3e740cc2-f7d4-4c62-8f61-84a01f098730@group-121D8B1B1650-LeaderElection2
2021-01-12 14:07:16,395 [3e740cc2-f7d4-4c62-8f61-84a01f098730@group-121D8B1B1650-LeaderElection2] INFO  impl.LeaderElection (LeaderElection.java:askForPreVotes(259)) - 3e740cc2-f7d4-4c62-8f61-84a01f098730@group-121D8B1B1650-LeaderElection2: begin a pre-vote at term 0 for -1: [3e740cc2-f7d4-4c62-8f61-84a01f098730|rpc:172.17.0.2:33313|priority:1], old=null
2021-01-12 14:07:16,396 [3e740cc2-f7d4-4c62-8f61-84a01f098730@group-121D8B1B1650-LeaderElection2] INFO  impl.LeaderElection (LeaderElection.java:askForPreVotes(261)) - 3e740cc2-f7d4-4c62-8f61-84a01f098730@group-121D8B1B1650-LeaderElection2 pre-vote result is PASSED.
2021-01-12 14:07:16,397 [3e740cc2-f7d4-4c62-8f61-84a01f098730@group-121D8B1B1650-LeaderElection2] INFO  impl.LeaderElection (LeaderElection.java:askForVotes(308)) - 3e740cc2-f7d4-4c62-8f61-84a01f098730@group-121D8B1B1650-LeaderElection2: begin an election at term 1 for -1: [3e740cc2-f7d4-4c62-8f61-84a01f098730|rpc:172.17.0.2:33313|priority:1], old=null
2021-01-12 14:07:16,397 [3e740cc2-f7d4-4c62-8f61-84a01f098730@group-121D8B1B1650-LeaderElection2] INFO  impl.RoleInfo (RoleInfo.java:shutdownLeaderElection(121)) - 3e740cc2-f7d4-4c62-8f61-84a01f098730: shutdown 3e740cc2-f7d4-4c62-8f61-84a01f098730@group-121D8B1B1650-LeaderElection2
2021-01-12 14:07:16,397 [3e740cc2-f7d4-4c62-8f61-84a01f098730@group-121D8B1B1650-LeaderElection2] INFO  server.RaftServer$Division (RaftServerImpl.java:setRole(283)) - 3e740cc2-f7d4-4c62-8f61-84a01f098730@group-121D8B1B1650: changes role from CANDIDATE to LEADER at term 1 for changeToLeader
2021-01-12 14:07:16,397 [3e740cc2-f7d4-4c62-8f61-84a01f098730@group-121D8B1B1650-LeaderElection2] INFO  ratis.XceiverServerRatis (XceiverServerRatis.java:handleLeaderChangedNotification(868)) - Leader change notification received for group: group-121D8B1B1650 with new leaderId: 3e740cc2-f7d4-4c62-8f61-84a01f098730
2021-01-12 14:07:16,399 [EventQueue-PipelineReportForOneReplicaPipelineSafeModeRule] INFO  safemode.SCMSafeModeManager (SCMSafeModeManager.java:validateSafeModeExitRules(214)) - AtleastOneDatanodeReportedRule rule is successfully validated
2021-01-12 14:07:16,399 [EventQueue-OpenPipelineForHealthyPipelineSafeModeRule] INFO  safemode.SCMSafeModeManager (HealthyPipelineSafeModeRule.java:process(128)) - SCM in safe mode. Healthy pipelines reported count is 0, required healthy pipeline reported count is 1
2021-01-12 14:07:16,399 [3e740cc2-f7d4-4c62-8f61-84a01f098730@group-121D8B1B1650-LeaderElection2] INFO  server.RaftServer$Division (ServerState.java:setLeader(249)) - 3e740cc2-f7d4-4c62-8f61-84a01f098730@group-121D8B1B1650: change Leader from null to 3e740cc2-f7d4-4c62-8f61-84a01f098730 at term 1 for becomeLeader, leader elected after 5087ms
2021-01-12 14:07:16,399 [3e740cc2-f7d4-4c62-8f61-84a01f098730@group-121D8B1B1650-LeaderElection2] INFO  server.RaftServerConfigKeys (ConfUtils.java:logGet(44)) - raft.server.staging.catchup.gap = 1000 (default)
2021-01-12 14:07:16,399 [3e740cc2-f7d4-4c62-8f61-84a01f098730@group-121D8B1B1650-LeaderElection2] INFO  metrics.RatisMetrics (RatisMetrics.java:lambda$create$0(36)) - Creating Metrics Registry : ratis.log_appender.3e740cc2-f7d4-4c62-8f61-84a01f098730@group-121D8B1B1650
2021-01-12 14:07:16,400 [3e740cc2-f7d4-4c62-8f61-84a01f098730@group-121D8B1B1650-LeaderElection2] INFO  server.RaftServerConfigKeys (ConfUtils.java:logGet(44)) - raft.server.write.element-limit = 1024 (custom)
2021-01-12 14:07:16,400 [3e740cc2-f7d4-4c62-8f61-84a01f098730@group-121D8B1B1650-LeaderElection2] INFO  server.RaftServerConfigKeys (ConfUtils.java:logGet(44)) - raft.server.write.byte-limit = 1073741824 (custom)
2021-01-12 14:07:16,401 [3e740cc2-f7d4-4c62-8f61-84a01f098730@group-121D8B1B1650-LeaderElection2] INFO  server.RaftServerConfigKeys (ConfUtils.java:logGet(44)) - raft.server.watch.timeout = 180s (custom)
2021-01-12 14:07:16,401 [3e740cc2-f7d4-4c62-8f61-84a01f098730@group-121D8B1B1650-LeaderElection2] INFO  server.RaftServerConfigKeys (ConfUtils.java:logGet(44)) - raft.server.watch.timeout.denomination = 1s (default)
2021-01-12 14:07:16,401 [3e740cc2-f7d4-4c62-8f61-84a01f098730@group-121D8B1B1650-LeaderElection2] INFO  server.RaftServerConfigKeys (ConfUtils.java:logGet(44)) - raft.server.watch.element-limit = 65536 (default)
2021-01-12 14:07:16,401 [3e740cc2-f7d4-4c62-8f61-84a01f098730@group-121D8B1B1650-LeaderElection2] INFO  impl.RoleInfo (RoleInfo.java:updateAndGet(130)) - 3e740cc2-f7d4-4c62-8f61-84a01f098730: start 3e740cc2-f7d4-4c62-8f61-84a01f098730@group-121D8B1B1650-LeaderStateImpl
2021-01-12 14:07:16,403 [3e740cc2-f7d4-4c62-8f61-84a01f098730@group-121D8B1B1650-LeaderElection2] INFO  segmented.SegmentedRaftLogWorker (SegmentedRaftLogWorker.java:startLogSegment(392)) - 3e740cc2-f7d4-4c62-8f61-84a01f098730@group-121D8B1B1650-SegmentedRaftLogWorker: Starting segment from index:0
2021-01-12 14:07:16,410 [Thread-196] INFO  impl.FollowerState (FollowerState.java:run(133)) - e91d73f6-08d2-44aa-8f25-e39c88d9a3b1@group-1C39482078EB-FollowerState: change to CANDIDATE, lastRpcElapsedTime:5183517583ns, electionTimeout:5178ms
2021-01-12 14:07:16,410 [3e740cc2-f7d4-4c62-8f61-84a01f098730@group-121D8B1B1650-LeaderElection2] INFO  server.RaftServer$Division (ServerState.java:setRaftConf(368)) - 3e740cc2-f7d4-4c62-8f61-84a01f098730@group-121D8B1B1650: set configuration 0: [3e740cc2-f7d4-4c62-8f61-84a01f098730|rpc:172.17.0.2:33313|dataStream:|priority:1], old=null
2021-01-12 14:07:16,410 [Thread-196] INFO  impl.RoleInfo (RoleInfo.java:shutdownFollowerState(108)) - e91d73f6-08d2-44aa-8f25-e39c88d9a3b1: shutdown e91d73f6-08d2-44aa-8f25-e39c88d9a3b1@group-1C39482078EB-FollowerState
2021-01-12 14:07:16,410 [Thread-196] INFO  server.RaftServer$Division (RaftServerImpl.java:setRole(283)) - e91d73f6-08d2-44aa-8f25-e39c88d9a3b1@group-1C39482078EB: changes role from  FOLLOWER to CANDIDATE at term 0 for changeToCandidate
2021-01-12 14:07:16,410 [Thread-196] INFO  impl.RoleInfo (RoleInfo.java:updateAndGet(130)) - e91d73f6-08d2-44aa-8f25-e39c88d9a3b1: start e91d73f6-08d2-44aa-8f25-e39c88d9a3b1@group-1C39482078EB-LeaderElection3
2021-01-12 14:07:16,411 [3e740cc2-f7d4-4c62-8f61-84a01f098730@group-121D8B1B1650-SegmentedRaftLogWorker] INFO  segmented.SegmentedRaftLogWorker (SegmentedRaftLogWorker.java:execute(599)) - 3e740cc2-f7d4-4c62-8f61-84a01f098730@group-121D8B1B1650-SegmentedRaftLogWorker: created new log segment /github/workspace/mnt/ozone/hadoop-ozone/integration-test/target/test-dir/MiniOzoneClusterImpl-43cf099b-0e8c-46dd-87e7-7f7fde2b07fc/datanode-1/data/ratis/46ad2407-f375-49a5-a8a5-121d8b1b1650/current/log_inprogress_0
2021-01-12 14:07:16,420 [e91d73f6-08d2-44aa-8f25-e39c88d9a3b1@group-1C39482078EB-LeaderElection3] INFO  impl.LeaderElection (LeaderElection.java:askForPreVotes(259)) - e91d73f6-08d2-44aa-8f25-e39c88d9a3b1@group-1C39482078EB-LeaderElection3: begin a pre-vote at term 0 for -1: [3e740cc2-f7d4-4c62-8f61-84a01f098730|rpc:172.17.0.2:33313|priority:0, e91d73f6-08d2-44aa-8f25-e39c88d9a3b1|rpc:172.17.0.2:40635|priority:0, 4274b414-dae9-48b1-8d41-4b70e5f2a60a|rpc:172.17.0.2:45333|priority:1], old=null
2021-01-12 14:07:16,445 [grpc-default-executor-0] INFO  server.RaftServer$Division (RaftServerImpl.java:requestPreVote(1060)) - 4274b414-dae9-48b1-8d41-4b70e5f2a60a@group-1C39482078EB: receive preVote(e91d73f6-08d2-44aa-8f25-e39c88d9a3b1, group-1C39482078EB, 0, (t:0, i:0))
2021-01-12 14:07:16,445 [grpc-default-executor-0] INFO  server.RaftServer$Division (RaftServerImpl.java:requestPreVote(1083)) - 4274b414-dae9-48b1-8d41-4b70e5f2a60a@group-1C39482078EB role: FOLLOWER reject pre-vote from:e91d73f6-08d2-44aa-8f25-e39c88d9a3b1 because compare:0 isCurrentLeaderValid:false
2021-01-12 14:07:16,451 [grpc-default-executor-0] INFO  server.RaftServer$Division (RaftServerImpl.java:requestPreVote(1099)) - 4274b414-dae9-48b1-8d41-4b70e5f2a60a@group-1C39482078EB replies to pre-vote request: e91d73f6-08d2-44aa-8f25-e39c88d9a3b1<-4274b414-dae9-48b1-8d41-4b70e5f2a60a#0:FAIL-t0. Peer's state: 4274b414-dae9-48b1-8d41-4b70e5f2a60a@group-1C39482078EB:t0, leader=null, voted=, raftlog=4274b414-dae9-48b1-8d41-4b70e5f2a60a@group-1C39482078EB-SegmentedRaftLog:OPENED:c-1,f-1,i0, conf=-1: [3e740cc2-f7d4-4c62-8f61-84a01f098730|rpc:172.17.0.2:33313|priority:0, e91d73f6-08d2-44aa-8f25-e39c88d9a3b1|rpc:172.17.0.2:40635|priority:0, 4274b414-dae9-48b1-8d41-4b70e5f2a60a|rpc:172.17.0.2:45333|priority:1], old=null
2021-01-12 14:07:16,453 [grpc-default-executor-2] INFO  server.RaftServer$Division (RaftServerImpl.java:requestPreVote(1060)) - 3e740cc2-f7d4-4c62-8f61-84a01f098730@group-1C39482078EB: receive preVote(e91d73f6-08d2-44aa-8f25-e39c88d9a3b1, group-1C39482078EB, 0, (t:0, i:0))
2021-01-12 14:07:16,453 [grpc-default-executor-2] INFO  server.RaftServer$Division (RaftServerImpl.java:requestPreVote(1081)) - 3e740cc2-f7d4-4c62-8f61-84a01f098730@group-1C39482078EB role: FOLLOWER allow pre-vote from:e91d73f6-08d2-44aa-8f25-e39c88d9a3b1
2021-01-12 14:07:16,456 [grpc-default-executor-2] INFO  server.RaftServer$Division (RaftServerImpl.java:requestPreVote(1099)) - 3e740cc2-f7d4-4c62-8f61-84a01f098730@group-1C39482078EB replies to pre-vote request: e91d73f6-08d2-44aa-8f25-e39c88d9a3b1<-3e740cc2-f7d4-4c62-8f61-84a01f098730#0:OK-t0. Peer's state: 3e740cc2-f7d4-4c62-8f61-84a01f098730@group-1C39482078EB:t0, leader=null, voted=, raftlog=3e740cc2-f7d4-4c62-8f61-84a01f098730@group-1C39482078EB-SegmentedRaftLog:OPENED:c-1,f-1,i0, conf=-1: [3e740cc2-f7d4-4c62-8f61-84a01f098730|rpc:172.17.0.2:33313|priority:0, e91d73f6-08d2-44aa-8f25-e39c88d9a3b1|rpc:172.17.0.2:40635|priority:0, 4274b414-dae9-48b1-8d41-4b70e5f2a60a|rpc:172.17.0.2:45333|priority:1], old=null
2021-01-12 14:07:16,464 [e91d73f6-08d2-44aa-8f25-e39c88d9a3b1@group-1C39482078EB-LeaderElection3] INFO  impl.LeaderElection (LeaderElection.java:logAndReturn(68)) - e91d73f6-08d2-44aa-8f25-e39c88d9a3b1@group-1C39482078EB-LeaderElection3: Pre-vote  REJECTED received 1 response(s):[e91d73f6-08d2-44aa-8f25-e39c88d9a3b1<-4274b414-dae9-48b1-8d41-4b70e5f2a60a#0:FAIL-t0]
2021-01-12 14:07:16,468 [e91d73f6-08d2-44aa-8f25-e39c88d9a3b1@group-1C39482078EB-LeaderElection3] INFO  impl.LeaderElection (LeaderElection.java:askForPreVotes(261)) - e91d73f6-08d2-44aa-8f25-e39c88d9a3b1@group-1C39482078EB-LeaderElection3 pre-vote result is REJECTED.
2021-01-12 14:07:16,468 [e91d73f6-08d2-44aa-8f25-e39c88d9a3b1@group-1C39482078EB-LeaderElection3] INFO  server.RaftServer$Division (RaftServerImpl.java:setRole(283)) - e91d73f6-08d2-44aa-8f25-e39c88d9a3b1@group-1C39482078EB: changes role from CANDIDATE to FOLLOWER at term 0 for REJECTED
2021-01-12 14:07:16,468 [e91d73f6-08d2-44aa-8f25-e39c88d9a3b1@group-1C39482078EB-LeaderElection3] INFO  impl.RoleInfo (RoleInfo.java:shutdownLeaderElection(121)) - e91d73f6-08d2-44aa-8f25-e39c88d9a3b1: shutdown e91d73f6-08d2-44aa-8f25-e39c88d9a3b1@group-1C39482078EB-LeaderElection3
2021-01-12 14:07:16,468 [e91d73f6-08d2-44aa-8f25-e39c88d9a3b1@group-1C39482078EB-LeaderElection3] INFO  impl.RoleInfo (RoleInfo.java:updateAndGet(130)) - e91d73f6-08d2-44aa-8f25-e39c88d9a3b1: start e91d73f6-08d2-44aa-8f25-e39c88d9a3b1@group-1C39482078EB-FollowerState
2021-01-12 14:07:16,668 [Thread-202] INFO  impl.FollowerState (FollowerState.java:run(133)) - 4274b414-dae9-48b1-8d41-4b70e5f2a60a@group-A46D7F28D3D6-FollowerState: change to CANDIDATE, lastRpcElapsedTime:5086363097ns, electionTimeout:5075ms
2021-01-12 14:07:16,669 [Thread-202] INFO  impl.RoleInfo (RoleInfo.java:shutdownFollowerState(108)) - 4274b414-dae9-48b1-8d41-4b70e5f2a60a: shutdown 4274b414-dae9-48b1-8d41-4b70e5f2a60a@group-A46D7F28D3D6-FollowerState
2021-01-12 14:07:16,669 [Thread-202] INFO  server.RaftServer$Division (RaftServerImpl.java:setRole(283)) - 4274b414-dae9-48b1-8d41-4b70e5f2a60a@group-A46D7F28D3D6: changes role from  FOLLOWER to CANDIDATE at term 0 for changeToCandidate
2021-01-12 14:07:16,669 [Thread-202] INFO  impl.RoleInfo (RoleInfo.java:updateAndGet(130)) - 4274b414-dae9-48b1-8d41-4b70e5f2a60a: start 4274b414-dae9-48b1-8d41-4b70e5f2a60a@group-A46D7F28D3D6-LeaderElection4
2021-01-12 14:07:16,671 [4274b414-dae9-48b1-8d41-4b70e5f2a60a@group-A46D7F28D3D6-LeaderElection4] INFO  impl.LeaderElection (LeaderElection.java:askForPreVotes(259)) - 4274b414-dae9-48b1-8d41-4b70e5f2a60a@group-A46D7F28D3D6-LeaderElection4: begin a pre-vote at term 0 for -1: [4274b414-dae9-48b1-8d41-4b70e5f2a60a|rpc:172.17.0.2:45333|priority:1], old=null
2021-01-12 14:07:16,671 [4274b414-dae9-48b1-8d41-4b70e5f2a60a@group-A46D7F28D3D6-LeaderElection4] INFO  impl.LeaderElection (LeaderElection.java:askForPreVotes(261)) - 4274b414-dae9-48b1-8d41-4b70e5f2a60a@group-A46D7F28D3D6-LeaderElection4 pre-vote result is PASSED.
2021-01-12 14:07:16,672 [4274b414-dae9-48b1-8d41-4b70e5f2a60a@group-A46D7F28D3D6-LeaderElection4] INFO  impl.LeaderElection (LeaderElection.java:askForVotes(308)) - 4274b414-dae9-48b1-8d41-4b70e5f2a60a@group-A46D7F28D3D6-LeaderElection4: begin an election at term 1 for -1: [4274b414-dae9-48b1-8d41-4b70e5f2a60a|rpc:172.17.0.2:45333|priority:1], old=null
2021-01-12 14:07:16,673 [4274b414-dae9-48b1-8d41-4b70e5f2a60a@group-A46D7F28D3D6-LeaderElection4] INFO  impl.RoleInfo (RoleInfo.java:shutdownLeaderElection(121)) - 4274b414-dae9-48b1-8d41-4b70e5f2a60a: shutdown 4274b414-dae9-48b1-8d41-4b70e5f2a60a@group-A46D7F28D3D6-LeaderElection4
2021-01-12 14:07:16,673 [4274b414-dae9-48b1-8d41-4b70e5f2a60a@group-A46D7F28D3D6-LeaderElection4] INFO  server.RaftServer$Division (RaftServerImpl.java:setRole(283)) - 4274b414-dae9-48b1-8d41-4b70e5f2a60a@group-A46D7F28D3D6: changes role from CANDIDATE to LEADER at term 1 for changeToLeader
2021-01-12 14:07:16,673 [4274b414-dae9-48b1-8d41-4b70e5f2a60a@group-A46D7F28D3D6-LeaderElection4] INFO  ratis.XceiverServerRatis (XceiverServerRatis.java:handleLeaderChangedNotification(868)) - Leader change notification received for group: group-A46D7F28D3D6 with new leaderId: 4274b414-dae9-48b1-8d41-4b70e5f2a60a
2021-01-12 14:07:16,674 [4274b414-dae9-48b1-8d41-4b70e5f2a60a@group-A46D7F28D3D6-LeaderElection4] INFO  server.RaftServer$Division (ServerState.java:setLeader(249)) - 4274b414-dae9-48b1-8d41-4b70e5f2a60a@group-A46D7F28D3D6: change Leader from null to 4274b414-dae9-48b1-8d41-4b70e5f2a60a at term 1 for becomeLeader, leader elected after 5106ms
2021-01-12 14:07:16,675 [4274b414-dae9-48b1-8d41-4b70e5f2a60a@group-A46D7F28D3D6-LeaderElection4] INFO  server.RaftServerConfigKeys (ConfUtils.java:logGet(44)) - raft.server.staging.catchup.gap = 1000 (default)
2021-01-12 14:07:16,675 [4274b414-dae9-48b1-8d41-4b70e5f2a60a@group-A46D7F28D3D6-LeaderElection4] INFO  metrics.RatisMetrics (RatisMetrics.java:lambda$create$0(36)) - Creating Metrics Registry : ratis.log_appender.4274b414-dae9-48b1-8d41-4b70e5f2a60a@group-A46D7F28D3D6
2021-01-12 14:07:16,675 [4274b414-dae9-48b1-8d41-4b70e5f2a60a@group-A46D7F28D3D6-LeaderElection4] INFO  server.RaftServerConfigKeys (ConfUtils.java:logGet(44)) - raft.server.write.element-limit = 1024 (custom)
2021-01-12 14:07:16,676 [4274b414-dae9-48b1-8d41-4b70e5f2a60a@group-A46D7F28D3D6-LeaderElection4] INFO  server.RaftServerConfigKeys (ConfUtils.java:logGet(44)) - raft.server.write.byte-limit = 1073741824 (custom)
2021-01-12 14:07:16,676 [4274b414-dae9-48b1-8d41-4b70e5f2a60a@group-A46D7F28D3D6-LeaderElection4] INFO  server.RaftServerConfigKeys (ConfUtils.java:logGet(44)) - raft.server.watch.timeout = 180s (custom)
2021-01-12 14:07:16,676 [4274b414-dae9-48b1-8d41-4b70e5f2a60a@group-A46D7F28D3D6-LeaderElection4] INFO  server.RaftServerConfigKeys (ConfUtils.java:logGet(44)) - raft.server.watch.timeout.denomination = 1s (default)
2021-01-12 14:07:16,676 [4274b414-dae9-48b1-8d41-4b70e5f2a60a@group-A46D7F28D3D6-LeaderElection4] INFO  server.RaftServerConfigKeys (ConfUtils.java:logGet(44)) - raft.server.watch.element-limit = 65536 (default)
2021-01-12 14:07:16,677 [4274b414-dae9-48b1-8d41-4b70e5f2a60a@group-A46D7F28D3D6-LeaderElection4] INFO  impl.RoleInfo (RoleInfo.java:updateAndGet(130)) - 4274b414-dae9-48b1-8d41-4b70e5f2a60a: start 4274b414-dae9-48b1-8d41-4b70e5f2a60a@group-A46D7F28D3D6-LeaderStateImpl
2021-01-12 14:07:16,677 [4274b414-dae9-48b1-8d41-4b70e5f2a60a@group-A46D7F28D3D6-LeaderElection4] INFO  segmented.SegmentedRaftLogWorker (SegmentedRaftLogWorker.java:startLogSegment(392)) - 4274b414-dae9-48b1-8d41-4b70e5f2a60a@group-A46D7F28D3D6-SegmentedRaftLogWorker: Starting segment from index:0
2021-01-12 14:07:16,677 [EventQueue-PipelineReportForOneReplicaPipelineSafeModeRule] INFO  safemode.SCMSafeModeManager (SCMSafeModeManager.java:validateSafeModeExitRules(214)) - AtleastOneDatanodeReportedRule rule is successfully validated
2021-01-12 14:07:16,678 [EventQueue-OpenPipelineForHealthyPipelineSafeModeRule] INFO  safemode.SCMSafeModeManager (HealthyPipelineSafeModeRule.java:process(128)) - SCM in safe mode. Healthy pipelines reported count is 0, required healthy pipeline reported count is 1
2021-01-12 14:07:16,678 [4274b414-dae9-48b1-8d41-4b70e5f2a60a@group-A46D7F28D3D6-SegmentedRaftLogWorker] INFO  segmented.SegmentedRaftLogWorker (SegmentedRaftLogWorker.java:execute(599)) - 4274b414-dae9-48b1-8d41-4b70e5f2a60a@group-A46D7F28D3D6-SegmentedRaftLogWorker: created new log segment /github/workspace/mnt/ozone/hadoop-ozone/integration-test/target/test-dir/MiniOzoneClusterImpl-43cf099b-0e8c-46dd-87e7-7f7fde2b07fc/datanode-2/data/ratis/36c059fa-6461-462a-b12e-a46d7f28d3d6/current/log_inprogress_0
2021-01-12 14:07:16,684 [4274b414-dae9-48b1-8d41-4b70e5f2a60a@group-A46D7F28D3D6-LeaderElection4] INFO  server.RaftServer$Division (ServerState.java:setRaftConf(368)) - 4274b414-dae9-48b1-8d41-4b70e5f2a60a@group-A46D7F28D3D6: set configuration 0: [4274b414-dae9-48b1-8d41-4b70e5f2a60a|rpc:172.17.0.2:45333|dataStream:|priority:1], old=null
2021-01-12 14:07:16,706 [Listener at 127.0.0.1/33907] INFO  ozone.MiniOzoneClusterImpl (MiniOzoneClusterImpl.java:lambda$waitForClusterToBeReady$0(179)) - Nodes are ready. Got 4 of 4 DN Heartbeats.
2021-01-12 14:07:16,706 [Listener at 127.0.0.1/33907] INFO  ozone.MiniOzoneClusterImpl (MiniOzoneClusterImpl.java:lambda$waitForClusterToBeReady$0(182)) - Waiting for cluster to exit safe mode
2021-01-12 14:07:16,756 [EventQueue-PipelineReportForOneReplicaPipelineSafeModeRule] INFO  safemode.SCMSafeModeManager (SCMSafeModeManager.java:validateSafeModeExitRules(214)) - AtleastOneDatanodeReportedRule rule is successfully validated
2021-01-12 14:07:16,756 [EventQueue-OpenPipelineForHealthyPipelineSafeModeRule] INFO  safemode.SCMSafeModeManager (HealthyPipelineSafeModeRule.java:process(128)) - SCM in safe mode. Healthy pipelines reported count is 0, required healthy pipeline reported count is 1
2021-01-12 14:07:16,757 [Thread-204] INFO  impl.FollowerState (FollowerState.java:run(133)) - 4274b414-dae9-48b1-8d41-4b70e5f2a60a@group-1C39482078EB-FollowerState: change to CANDIDATE, lastRpcElapsedTime:5140240899ns, electionTimeout:5134ms
2021-01-12 14:07:16,757 [Thread-204] INFO  impl.RoleInfo (RoleInfo.java:shutdownFollowerState(108)) - 4274b414-dae9-48b1-8d41-4b70e5f2a60a: shutdown 4274b414-dae9-48b1-8d41-4b70e5f2a60a@group-1C39482078EB-FollowerState
2021-01-12 14:07:16,758 [Thread-204] INFO  server.RaftServer$Division (RaftServerImpl.java:setRole(283)) - 4274b414-dae9-48b1-8d41-4b70e5f2a60a@group-1C39482078EB: changes role from  FOLLOWER to CANDIDATE at term 0 for changeToCandidate
2021-01-12 14:07:16,758 [Thread-204] INFO  impl.RoleInfo (RoleInfo.java:updateAndGet(130)) - 4274b414-dae9-48b1-8d41-4b70e5f2a60a: start 4274b414-dae9-48b1-8d41-4b70e5f2a60a@group-1C39482078EB-LeaderElection5
2021-01-12 14:07:16,761 [4274b414-dae9-48b1-8d41-4b70e5f2a60a@group-1C39482078EB-LeaderElection5] INFO  impl.LeaderElection (LeaderElection.java:askForPreVotes(259)) - 4274b414-dae9-48b1-8d41-4b70e5f2a60a@group-1C39482078EB-LeaderElection5: begin a pre-vote at term 0 for -1: [3e740cc2-f7d4-4c62-8f61-84a01f098730|rpc:172.17.0.2:33313|priority:0, e91d73f6-08d2-44aa-8f25-e39c88d9a3b1|rpc:172.17.0.2:40635|priority:0, 4274b414-dae9-48b1-8d41-4b70e5f2a60a|rpc:172.17.0.2:45333|priority:1], old=null
2021-01-12 14:07:16,773 [grpc-default-executor-2] INFO  server.RaftServer$Division (RaftServerImpl.java:requestPreVote(1060)) - 3e740cc2-f7d4-4c62-8f61-84a01f098730@group-1C39482078EB: receive preVote(4274b414-dae9-48b1-8d41-4b70e5f2a60a, group-1C39482078EB, 0, (t:0, i:0))
2021-01-12 14:07:16,773 [grpc-default-executor-2] INFO  server.RaftServer$Division (RaftServerImpl.java:requestPreVote(1081)) - 3e740cc2-f7d4-4c62-8f61-84a01f098730@group-1C39482078EB role: FOLLOWER allow pre-vote from:4274b414-dae9-48b1-8d41-4b70e5f2a60a
2021-01-12 14:07:16,774 [grpc-default-executor-2] INFO  server.RaftServer$Division (RaftServerImpl.java:requestPreVote(1099)) - 3e740cc2-f7d4-4c62-8f61-84a01f098730@group-1C39482078EB replies to pre-vote request: 4274b414-dae9-48b1-8d41-4b70e5f2a60a<-3e740cc2-f7d4-4c62-8f61-84a01f098730#0:OK-t0. Peer's state: 3e740cc2-f7d4-4c62-8f61-84a01f098730@group-1C39482078EB:t0, leader=null, voted=, raftlog=3e740cc2-f7d4-4c62-8f61-84a01f098730@group-1C39482078EB-SegmentedRaftLog:OPENED:c-1,f-1,i0, conf=-1: [3e740cc2-f7d4-4c62-8f61-84a01f098730|rpc:172.17.0.2:33313|priority:0, e91d73f6-08d2-44aa-8f25-e39c88d9a3b1|rpc:172.17.0.2:40635|priority:0, 4274b414-dae9-48b1-8d41-4b70e5f2a60a|rpc:172.17.0.2:45333|priority:1], old=null
2021-01-12 14:07:16,774 [grpc-default-executor-2] INFO  server.RaftServer$Division (RaftServerImpl.java:requestPreVote(1060)) - e91d73f6-08d2-44aa-8f25-e39c88d9a3b1@group-1C39482078EB: receive preVote(4274b414-dae9-48b1-8d41-4b70e5f2a60a, group-1C39482078EB, 0, (t:0, i:0))
2021-01-12 14:07:16,774 [grpc-default-executor-2] INFO  server.RaftServer$Division (RaftServerImpl.java:requestPreVote(1081)) - e91d73f6-08d2-44aa-8f25-e39c88d9a3b1@group-1C39482078EB role: FOLLOWER allow pre-vote from:4274b414-dae9-48b1-8d41-4b70e5f2a60a
2021-01-12 14:07:16,774 [grpc-default-executor-2] INFO  server.RaftServer$Division (RaftServerImpl.java:requestPreVote(1099)) - e91d73f6-08d2-44aa-8f25-e39c88d9a3b1@group-1C39482078EB replies to pre-vote request: 4274b414-dae9-48b1-8d41-4b70e5f2a60a<-e91d73f6-08d2-44aa-8f25-e39c88d9a3b1#0:OK-t0. Peer's state: e91d73f6-08d2-44aa-8f25-e39c88d9a3b1@group-1C39482078EB:t0, leader=null, voted=, raftlog=e91d73f6-08d2-44aa-8f25-e39c88d9a3b1@group-1C39482078EB-SegmentedRaftLog:OPENED:c-1,f-1,i0, conf=-1: [3e740cc2-f7d4-4c62-8f61-84a01f098730|rpc:172.17.0.2:33313|priority:0, e91d73f6-08d2-44aa-8f25-e39c88d9a3b1|rpc:172.17.0.2:40635|priority:0, 4274b414-dae9-48b1-8d41-4b70e5f2a60a|rpc:172.17.0.2:45333|priority:1], old=null
2021-01-12 14:07:16,776 [4274b414-dae9-48b1-8d41-4b70e5f2a60a@group-1C39482078EB-LeaderElection5] INFO  impl.LeaderElection (LeaderElection.java:logAndReturn(68)) - 4274b414-dae9-48b1-8d41-4b70e5f2a60a@group-1C39482078EB-LeaderElection5: Pre-vote  PASSED received 1 response(s):[4274b414-dae9-48b1-8d41-4b70e5f2a60a<-3e740cc2-f7d4-4c62-8f61-84a01f098730#0:OK-t0]
2021-01-12 14:07:16,784 [4274b414-dae9-48b1-8d41-4b70e5f2a60a@group-1C39482078EB-LeaderElection5] INFO  impl.LeaderElection (LeaderElection.java:askForPreVotes(261)) - 4274b414-dae9-48b1-8d41-4b70e5f2a60a@group-1C39482078EB-LeaderElection5 pre-vote result is PASSED.
2021-01-12 14:07:16,785 [4274b414-dae9-48b1-8d41-4b70e5f2a60a@group-1C39482078EB-LeaderElection5] INFO  impl.LeaderElection (LeaderElection.java:askForVotes(308)) - 4274b414-dae9-48b1-8d41-4b70e5f2a60a@group-1C39482078EB-LeaderElection5: begin an election at term 1 for -1: [3e740cc2-f7d4-4c62-8f61-84a01f098730|rpc:172.17.0.2:33313|priority:0, e91d73f6-08d2-44aa-8f25-e39c88d9a3b1|rpc:172.17.0.2:40635|priority:0, 4274b414-dae9-48b1-8d41-4b70e5f2a60a|rpc:172.17.0.2:45333|priority:1], old=null
2021-01-12 14:07:16,788 [grpc-default-executor-2] INFO  server.RaftServer$Division (RaftServerImpl.java:setRole(283)) - 3e740cc2-f7d4-4c62-8f61-84a01f098730@group-1C39482078EB: changes role from  FOLLOWER to FOLLOWER at term 1 for recognizeCandidate:4274b414-dae9-48b1-8d41-4b70e5f2a60a
2021-01-12 14:07:16,788 [grpc-default-executor-2] INFO  impl.RoleInfo (RoleInfo.java:shutdownFollowerState(108)) - 3e740cc2-f7d4-4c62-8f61-84a01f098730: shutdown 3e740cc2-f7d4-4c62-8f61-84a01f098730@group-1C39482078EB-FollowerState
2021-01-12 14:07:16,789 [grpc-default-executor-2] INFO  impl.RoleInfo (RoleInfo.java:updateAndGet(130)) - 3e740cc2-f7d4-4c62-8f61-84a01f098730: start 3e740cc2-f7d4-4c62-8f61-84a01f098730@group-1C39482078EB-FollowerState
2021-01-12 14:07:16,789 [Thread-200] INFO  impl.FollowerState (FollowerState.java:run(142)) - 3e740cc2-f7d4-4c62-8f61-84a01f098730@group-1C39482078EB-FollowerState was interrupted: {}
java.lang.InterruptedException: sleep interrupted
	at java.lang.Thread.sleep(Native Method)
	at java.lang.Thread.sleep(Thread.java:340)
	at java.util.concurrent.TimeUnit.sleep(TimeUnit.java:386)
	at org.apache.ratis.util.TimeDuration.sleep(TimeDuration.java:324)
	at org.apache.ratis.util.TimeDuration.sleep(TimeDuration.java:309)
	at org.apache.ratis.server.impl.FollowerState.run(FollowerState.java:117)
2021-01-12 14:07:16,789 [grpc-default-executor-2] INFO  server.RaftServer$Division (RaftServerImpl.java:requestVote(1137)) -  FOLLOWER 3e740cc2-f7d4-4c62-8f61-84a01f098730@group-1C39482078EB:t1, leader=null, voted=null, raftlog=3e740cc2-f7d4-4c62-8f61-84a01f098730@group-1C39482078EB-SegmentedRaftLog:OPENED:c-1,f-1,i0, conf=-1: [3e740cc2-f7d4-4c62-8f61-84a01f098730|rpc:172.17.0.2:33313|priority:0, e91d73f6-08d2-44aa-8f25-e39c88d9a3b1|rpc:172.17.0.2:40635|priority:0, 4274b414-dae9-48b1-8d41-4b70e5f2a60a|rpc:172.17.0.2:45333|priority:1], old=null RUNNING priority:0 candidate:4274b414-dae9-48b1-8d41-4b70e5f2a60a|rpc:172.17.0.2:45333|priority:1 candidatePriority:1 compare:0
2021-01-12 14:07:16,792 [grpc-default-executor-0] INFO  server.RaftServer$Division (RaftServerImpl.java:setRole(283)) - e91d73f6-08d2-44aa-8f25-e39c88d9a3b1@group-1C39482078EB: changes role from  FOLLOWER to FOLLOWER at term 1 for recognizeCandidate:4274b414-dae9-48b1-8d41-4b70e5f2a60a
2021-01-12 14:07:16,792 [grpc-default-executor-0] INFO  impl.RoleInfo (RoleInfo.java:shutdownFollowerState(108)) - e91d73f6-08d2-44aa-8f25-e39c88d9a3b1: shutdown e91d73f6-08d2-44aa-8f25-e39c88d9a3b1@group-1C39482078EB-FollowerState
2021-01-12 14:07:16,792 [grpc-default-executor-0] INFO  impl.RoleInfo (RoleInfo.java:updateAndGet(130)) - e91d73f6-08d2-44aa-8f25-e39c88d9a3b1: start e91d73f6-08d2-44aa-8f25-e39c88d9a3b1@group-1C39482078EB-FollowerState
2021-01-12 14:07:16,792 [Thread-232] INFO  impl.FollowerState (FollowerState.java:run(142)) - e91d73f6-08d2-44aa-8f25-e39c88d9a3b1@group-1C39482078EB-FollowerState was interrupted: {}
java.lang.InterruptedException: sleep interrupted
	at java.lang.Thread.sleep(Native Method)
	at java.lang.Thread.sleep(Thread.java:340)
	at java.util.concurrent.TimeUnit.sleep(TimeUnit.java:386)
	at org.apache.ratis.util.TimeDuration.sleep(TimeDuration.java:324)
	at org.apache.ratis.util.TimeDuration.sleep(TimeDuration.java:309)
	at org.apache.ratis.server.impl.FollowerState.run(FollowerState.java:117)
2021-01-12 14:07:16,794 [grpc-default-executor-0] INFO  server.RaftServer$Division (RaftServerImpl.java:requestVote(1137)) -  FOLLOWER e91d73f6-08d2-44aa-8f25-e39c88d9a3b1@group-1C39482078EB:t1, leader=null, voted=null, raftlog=e91d73f6-08d2-44aa-8f25-e39c88d9a3b1@group-1C39482078EB-SegmentedRaftLog:OPENED:c-1,f-1,i0, conf=-1: [3e740cc2-f7d4-4c62-8f61-84a01f098730|rpc:172.17.0.2:33313|priority:0, e91d73f6-08d2-44aa-8f25-e39c88d9a3b1|rpc:172.17.0.2:40635|priority:0, 4274b414-dae9-48b1-8d41-4b70e5f2a60a|rpc:172.17.0.2:45333|priority:1], old=null RUNNING priority:0 candidate:4274b414-dae9-48b1-8d41-4b70e5f2a60a|rpc:172.17.0.2:45333|priority:1 candidatePriority:1 compare:0
2021-01-12 14:07:16,797 [4274b414-dae9-48b1-8d41-4b70e5f2a60a@group-1C39482078EB-LeaderElection5] INFO  impl.LeaderElection (LeaderElection.java:logAndReturn(68)) - 4274b414-dae9-48b1-8d41-4b70e5f2a60a@group-1C39482078EB-LeaderElection5: Election  PASSED received 1 response(s):[4274b414-dae9-48b1-8d41-4b70e5f2a60a<-3e740cc2-f7d4-4c62-8f61-84a01f098730#0:OK-t1]
2021-01-12 14:07:16,797 [4274b414-dae9-48b1-8d41-4b70e5f2a60a@group-1C39482078EB-LeaderElection5] INFO  impl.RoleInfo (RoleInfo.java:shutdownLeaderElection(121)) - 4274b414-dae9-48b1-8d41-4b70e5f2a60a: shutdown 4274b414-dae9-48b1-8d41-4b70e5f2a60a@group-1C39482078EB-LeaderElection5
2021-01-12 14:07:16,797 [4274b414-dae9-48b1-8d41-4b70e5f2a60a@group-1C39482078EB-LeaderElection5] INFO  server.RaftServer$Division (RaftServerImpl.java:setRole(283)) - 4274b414-dae9-48b1-8d41-4b70e5f2a60a@group-1C39482078EB: changes role from CANDIDATE to LEADER at term 1 for changeToLeader
2021-01-12 14:07:16,797 [4274b414-dae9-48b1-8d41-4b70e5f2a60a@group-1C39482078EB-LeaderElection5] INFO  ratis.XceiverServerRatis (XceiverServerRatis.java:handleLeaderChangedNotification(868)) - Leader change notification received for group: group-1C39482078EB with new leaderId: 4274b414-dae9-48b1-8d41-4b70e5f2a60a
2021-01-12 14:07:16,798 [4274b414-dae9-48b1-8d41-4b70e5f2a60a@group-1C39482078EB-LeaderElection5] INFO  server.RaftServer$Division (ServerState.java:setLeader(249)) - 4274b414-dae9-48b1-8d41-4b70e5f2a60a@group-1C39482078EB: change Leader from null to 4274b414-dae9-48b1-8d41-4b70e5f2a60a at term 1 for becomeLeader, leader elected after 5193ms
2021-01-12 14:07:16,798 [4274b414-dae9-48b1-8d41-4b70e5f2a60a@group-1C39482078EB-LeaderElection5] INFO  server.RaftServerConfigKeys (ConfUtils.java:logGet(44)) - raft.server.staging.catchup.gap = 1000 (default)
2021-01-12 14:07:16,798 [4274b414-dae9-48b1-8d41-4b70e5f2a60a@group-1C39482078EB-LeaderElection5] INFO  metrics.RatisMetrics (RatisMetrics.java:lambda$create$0(36)) - Creating Metrics Registry : ratis.log_appender.4274b414-dae9-48b1-8d41-4b70e5f2a60a@group-1C39482078EB
2021-01-12 14:07:16,798 [4274b414-dae9-48b1-8d41-4b70e5f2a60a@group-1C39482078EB-LeaderElection5] INFO  server.RaftServerConfigKeys (ConfUtils.java:logGet(44)) - raft.server.write.element-limit = 1024 (custom)
2021-01-12 14:07:16,798 [4274b414-dae9-48b1-8d41-4b70e5f2a60a@group-1C39482078EB-LeaderElection5] INFO  server.RaftServerConfigKeys (ConfUtils.java:logGet(44)) - raft.server.write.byte-limit = 1073741824 (custom)
2021-01-12 14:07:16,798 [4274b414-dae9-48b1-8d41-4b70e5f2a60a@group-1C39482078EB-LeaderElection5] INFO  server.RaftServerConfigKeys (ConfUtils.java:logGet(44)) - raft.server.watch.timeout = 180s (custom)
2021-01-12 14:07:16,798 [4274b414-dae9-48b1-8d41-4b70e5f2a60a@group-1C39482078EB-LeaderElection5] INFO  server.RaftServerConfigKeys (ConfUtils.java:logGet(44)) - raft.server.watch.timeout.denomination = 1s (default)
2021-01-12 14:07:16,798 [4274b414-dae9-48b1-8d41-4b70e5f2a60a@group-1C39482078EB-LeaderElection5] INFO  server.RaftServerConfigKeys (ConfUtils.java:logGet(44)) - raft.server.watch.element-limit = 65536 (default)
2021-01-12 14:07:16,801 [EventQueue-PipelineReportForPipelineReportHandler] INFO  pipeline.PipelineStateManager (PipelineStateManager.java:openPipeline(132)) - Pipeline Pipeline[ Id: c057a116-1d16-4def-985c-1c39482078eb, Nodes: 4274b414-dae9-48b1-8d41-4b70e5f2a60a{ip: 172.17.0.2, host: e47597c41fba, networkLocation: /default-rack, certSerialId: null, persistedOpState: IN_SERVICE, persistedOpStateExpiryEpochSec: 0}e91d73f6-08d2-44aa-8f25-e39c88d9a3b1{ip: 172.17.0.2, host: e47597c41fba, networkLocation: /default-rack, certSerialId: null, persistedOpState: IN_SERVICE, persistedOpStateExpiryEpochSec: 0}3e740cc2-f7d4-4c62-8f61-84a01f098730{ip: 172.17.0.2, host: e47597c41fba, networkLocation: /default-rack, certSerialId: null, persistedOpState: IN_SERVICE, persistedOpStateExpiryEpochSec: 0}, Type:RATIS, Factor:THREE, State:ALLOCATED, leaderId:4274b414-dae9-48b1-8d41-4b70e5f2a60a, CreationTimestamp2021-01-12T14:07:08.507Z] moved to OPEN state
2021-01-12 14:07:16,806 [EventQueue-OpenPipelineForHealthyPipelineSafeModeRule] INFO  safemode.SCMSafeModeManager (HealthyPipelineSafeModeRule.java:process(128)) - SCM in safe mode. Healthy pipelines reported count is 1, required healthy pipeline reported count is 1
2021-01-12 14:07:16,801 [EventQueue-PipelineReportForOneReplicaPipelineSafeModeRule] INFO  safemode.SCMSafeModeManager (SCMSafeModeManager.java:validateSafeModeExitRules(214)) - AtleastOneDatanodeReportedRule rule is successfully validated
2021-01-12 14:07:16,807 [EventQueue-OpenPipelineForHealthyPipelineSafeModeRule] INFO  safemode.SCMSafeModeManager (SCMSafeModeManager.java:validateSafeModeExitRules(214)) - HealthyPipelineSafeModeRule rule is successfully validated
2021-01-12 14:07:16,807 [EventQueue-OpenPipelineForHealthyPipelineSafeModeRule] INFO  safemode.SCMSafeModeManager (SCMSafeModeManager.java:validateSafeModeExitRules(228)) - ScmSafeModeManager, all rules are successfully validated
2021-01-12 14:07:16,807 [EventQueue-OpenPipelineForHealthyPipelineSafeModeRule] INFO  safemode.SCMSafeModeManager (SCMSafeModeManager.java:exitSafeMode(257)) - SCM exiting safe mode.
2021-01-12 14:07:16,807 [4274b414-dae9-48b1-8d41-4b70e5f2a60a@group-1C39482078EB-LeaderElection5] INFO  server.RaftServerConfigKeys (ConfUtils.java:logGet(44)) - raft.server.log.appender.snapshot.chunk.size.max = 16MB (=16777216) (default)
2021-01-12 14:07:16,808 [4274b414-dae9-48b1-8d41-4b70e5f2a60a@group-1C39482078EB-LeaderElection5] INFO  server.RaftServerConfigKeys (ConfUtils.java:logGet(44)) - raft.server.log.appender.buffer.byte-limit = 33554432 (custom)
2021-01-12 14:07:16,808 [4274b414-dae9-48b1-8d41-4b70e5f2a60a@group-1C39482078EB-LeaderElection5] INFO  server.RaftServerConfigKeys (ConfUtils.java:logGet(44)) - raft.server.log.appender.buffer.element-limit = 1 (custom)
2021-01-12 14:07:16,811 [4274b414-dae9-48b1-8d41-4b70e5f2a60a@group-1C39482078EB-LeaderElection5] INFO  grpc.GrpcConfigKeys (ConfUtils.java:logGet(44)) - raft.grpc.server.leader.outstanding.appends.max = 128 (default)
2021-01-12 14:07:16,811 [4274b414-dae9-48b1-8d41-4b70e5f2a60a@group-1C39482078EB-LeaderElection5] INFO  server.RaftServerConfigKeys (ConfUtils.java:logGet(44)) - raft.server.rpc.request.timeout = 60s (custom)
2021-01-12 14:07:16,811 [4274b414-dae9-48b1-8d41-4b70e5f2a60a@group-1C39482078EB-LeaderElection5] INFO  server.RaftServerConfigKeys (ConfUtils.java:logGet(44)) - raft.server.log.appender.install.snapshot.enabled = false (custom)
2021-01-12 14:07:16,812 [4274b414-dae9-48b1-8d41-4b70e5f2a60a@group-1C39482078EB-LeaderElection5] INFO  metrics.RatisMetrics (RatisMetrics.java:lambda$create$0(36)) - Creating Metrics Registry : ratis_grpc.log_appender.4274b414-dae9-48b1-8d41-4b70e5f2a60a@group-1C39482078EB
2021-01-12 14:07:16,815 [4274b414-dae9-48b1-8d41-4b70e5f2a60a@group-1C39482078EB-LeaderElection5] INFO  server.RaftServerConfigKeys (ConfUtils.java:logGet(44)) - raft.server.log.appender.snapshot.chunk.size.max = 16MB (=16777216) (default)
2021-01-12 14:07:16,815 [4274b414-dae9-48b1-8d41-4b70e5f2a60a@group-1C39482078EB-LeaderElection5] INFO  server.RaftServerConfigKeys (ConfUtils.java:logGet(44)) - raft.server.log.appender.buffer.byte-limit = 33554432 (custom)
2021-01-12 14:07:16,815 [4274b414-dae9-48b1-8d41-4b70e5f2a60a@group-1C39482078EB-LeaderElection5] INFO  server.RaftServerConfigKeys (ConfUtils.java:logGet(44)) - raft.server.log.appender.buffer.element-limit = 1 (custom)
2021-01-12 14:07:16,815 [4274b414-dae9-48b1-8d41-4b70e5f2a60a@group-1C39482078EB-LeaderElection5] INFO  grpc.GrpcConfigKeys (ConfUtils.java:logGet(44)) - raft.grpc.server.leader.outstanding.appends.max = 128 (default)
2021-01-12 14:07:16,815 [4274b414-dae9-48b1-8d41-4b70e5f2a60a@group-1C39482078EB-LeaderElection5] INFO  server.RaftServerConfigKeys (ConfUtils.java:logGet(44)) - raft.server.rpc.request.timeout = 60s (custom)
2021-01-12 14:07:16,815 [4274b414-dae9-48b1-8d41-4b70e5f2a60a@group-1C39482078EB-LeaderElection5] INFO  server.RaftServerConfigKeys (ConfUtils.java:logGet(44)) - raft.server.log.appender.install.snapshot.enabled = false (custom)
2021-01-12 14:07:16,816 [4274b414-dae9-48b1-8d41-4b70e5f2a60a@group-1C39482078EB-LeaderElection5] INFO  impl.RoleInfo (RoleInfo.java:updateAndGet(130)) - 4274b414-dae9-48b1-8d41-4b70e5f2a60a: start 4274b414-dae9-48b1-8d41-4b70e5f2a60a@group-1C39482078EB-LeaderStateImpl
2021-01-12 14:07:16,817 [4274b414-dae9-48b1-8d41-4b70e5f2a60a@group-1C39482078EB-LeaderElection5] INFO  segmented.SegmentedRaftLogWorker (SegmentedRaftLogWorker.java:startLogSegment(392)) - 4274b414-dae9-48b1-8d41-4b70e5f2a60a@group-1C39482078EB-SegmentedRaftLogWorker: Starting segment from index:0
2021-01-12 14:07:16,818 [4274b414-dae9-48b1-8d41-4b70e5f2a60a@group-1C39482078EB-SegmentedRaftLogWorker] INFO  segmented.SegmentedRaftLogWorker (SegmentedRaftLogWorker.java:execute(599)) - 4274b414-dae9-48b1-8d41-4b70e5f2a60a@group-1C39482078EB-SegmentedRaftLogWorker: created new log segment /github/workspace/mnt/ozone/hadoop-ozone/integration-test/target/test-dir/MiniOzoneClusterImpl-43cf099b-0e8c-46dd-87e7-7f7fde2b07fc/datanode-2/data/ratis/c057a116-1d16-4def-985c-1c39482078eb/current/log_inprogress_0
2021-01-12 14:07:16,828 [4274b414-dae9-48b1-8d41-4b70e5f2a60a@group-1C39482078EB-LeaderElection5] INFO  server.RaftServer$Division (ServerState.java:setRaftConf(368)) - 4274b414-dae9-48b1-8d41-4b70e5f2a60a@group-1C39482078EB: set configuration 0: [3e740cc2-f7d4-4c62-8f61-84a01f098730|rpc:172.17.0.2:33313|dataStream:|priority:0, e91d73f6-08d2-44aa-8f25-e39c88d9a3b1|rpc:172.17.0.2:40635|dataStream:|priority:0, 4274b414-dae9-48b1-8d41-4b70e5f2a60a|rpc:172.17.0.2:45333|dataStream:|priority:1], old=null
2021-01-12 14:07:16,839 [grpc-default-executor-2] INFO  ratis.XceiverServerRatis (XceiverServerRatis.java:handleLeaderChangedNotification(868)) - Leader change notification received for group: group-1C39482078EB with new leaderId: 4274b414-dae9-48b1-8d41-4b70e5f2a60a
2021-01-12 14:07:16,843 [grpc-default-executor-2] INFO  server.RaftServer$Division (ServerState.java:setLeader(249)) - 3e740cc2-f7d4-4c62-8f61-84a01f098730@group-1C39482078EB: change Leader from null to 4274b414-dae9-48b1-8d41-4b70e5f2a60a at term 1 for appendEntries, leader elected after 5396ms
2021-01-12 14:07:16,853 [grpc-default-executor-1] INFO  ratis.XceiverServerRatis (XceiverServerRatis.java:handleLeaderChangedNotification(868)) - Leader change notification received for group: group-1C39482078EB with new leaderId: 4274b414-dae9-48b1-8d41-4b70e5f2a60a
2021-01-12 14:07:16,853 [grpc-default-executor-1] INFO  server.RaftServer$Division (ServerState.java:setLeader(249)) - e91d73f6-08d2-44aa-8f25-e39c88d9a3b1@group-1C39482078EB: change Leader from null to 4274b414-dae9-48b1-8d41-4b70e5f2a60a at term 1 for appendEntries, leader elected after 5649ms
2021-01-12 14:07:16,859 [grpc-default-executor-1] INFO  server.RaftServer$Division (ServerState.java:setRaftConf(368)) - e91d73f6-08d2-44aa-8f25-e39c88d9a3b1@group-1C39482078EB: set configuration 0: [3e740cc2-f7d4-4c62-8f61-84a01f098730|rpc:172.17.0.2:33313|dataStream:|priority:0, e91d73f6-08d2-44aa-8f25-e39c88d9a3b1|rpc:172.17.0.2:40635|dataStream:|priority:0, 4274b414-dae9-48b1-8d41-4b70e5f2a60a|rpc:172.17.0.2:45333|dataStream:|priority:1], old=null
2021-01-12 14:07:16,859 [grpc-default-executor-1] INFO  segmented.SegmentedRaftLogWorker (SegmentedRaftLogWorker.java:startLogSegment(392)) - e91d73f6-08d2-44aa-8f25-e39c88d9a3b1@group-1C39482078EB-SegmentedRaftLogWorker: Starting segment from index:0
2021-01-12 14:07:16,860 [e91d73f6-08d2-44aa-8f25-e39c88d9a3b1@group-1C39482078EB-SegmentedRaftLogWorker] INFO  segmented.SegmentedRaftLogWorker (SegmentedRaftLogWorker.java:execute(599)) - e91d73f6-08d2-44aa-8f25-e39c88d9a3b1@group-1C39482078EB-SegmentedRaftLogWorker: created new log segment /github/workspace/mnt/ozone/hadoop-ozone/integration-test/target/test-dir/MiniOzoneClusterImpl-43cf099b-0e8c-46dd-87e7-7f7fde2b07fc/datanode-0/data/ratis/c057a116-1d16-4def-985c-1c39482078eb/current/log_inprogress_0
2021-01-12 14:07:16,864 [grpc-default-executor-2] INFO  server.RaftServer$Division (ServerState.java:setRaftConf(368)) - 3e740cc2-f7d4-4c62-8f61-84a01f098730@group-1C39482078EB: set configuration 0: [3e740cc2-f7d4-4c62-8f61-84a01f098730|rpc:172.17.0.2:33313|dataStream:|priority:0, e91d73f6-08d2-44aa-8f25-e39c88d9a3b1|rpc:172.17.0.2:40635|dataStream:|priority:0, 4274b414-dae9-48b1-8d41-4b70e5f2a60a|rpc:172.17.0.2:45333|dataStream:|priority:1], old=null
2021-01-12 14:07:16,865 [grpc-default-executor-2] INFO  segmented.SegmentedRaftLogWorker (SegmentedRaftLogWorker.java:startLogSegment(392)) - 3e740cc2-f7d4-4c62-8f61-84a01f098730@group-1C39482078EB-SegmentedRaftLogWorker: Starting segment from index:0
2021-01-12 14:07:16,866 [3e740cc2-f7d4-4c62-8f61-84a01f098730@group-1C39482078EB-SegmentedRaftLogWorker] INFO  segmented.SegmentedRaftLogWorker (SegmentedRaftLogWorker.java:execute(599)) - 3e740cc2-f7d4-4c62-8f61-84a01f098730@group-1C39482078EB-SegmentedRaftLogWorker: created new log segment /github/workspace/mnt/ozone/hadoop-ozone/integration-test/target/test-dir/MiniOzoneClusterImpl-43cf099b-0e8c-46dd-87e7-7f7fde2b07fc/datanode-1/data/ratis/c057a116-1d16-4def-985c-1c39482078eb/current/log_inprogress_0
2021-01-12 14:07:16,946 [Thread-206] INFO  impl.FollowerState (FollowerState.java:run(133)) - 2cbfbd9c-cb14-493e-a971-9cbbc5aab087@group-9D935603F9F7-FollowerState: change to CANDIDATE, lastRpcElapsedTime:5154193726ns, electionTimeout:5146ms
2021-01-12 14:07:16,946 [Thread-206] INFO  impl.RoleInfo (RoleInfo.java:shutdownFollowerState(108)) - 2cbfbd9c-cb14-493e-a971-9cbbc5aab087: shutdown 2cbfbd9c-cb14-493e-a971-9cbbc5aab087@group-9D935603F9F7-FollowerState
2021-01-12 14:07:16,946 [Thread-206] INFO  server.RaftServer$Division (RaftServerImpl.java:setRole(283)) - 2cbfbd9c-cb14-493e-a971-9cbbc5aab087@group-9D935603F9F7: changes role from  FOLLOWER to CANDIDATE at term 0 for changeToCandidate
2021-01-12 14:07:16,947 [Thread-206] INFO  impl.RoleInfo (RoleInfo.java:updateAndGet(130)) - 2cbfbd9c-cb14-493e-a971-9cbbc5aab087: start 2cbfbd9c-cb14-493e-a971-9cbbc5aab087@group-9D935603F9F7-LeaderElection6
2021-01-12 14:07:16,948 [2cbfbd9c-cb14-493e-a971-9cbbc5aab087@group-9D935603F9F7-LeaderElection6] INFO  impl.LeaderElection (LeaderElection.java:askForPreVotes(259)) - 2cbfbd9c-cb14-493e-a971-9cbbc5aab087@group-9D935603F9F7-LeaderElection6: begin a pre-vote at term 0 for -1: [2cbfbd9c-cb14-493e-a971-9cbbc5aab087|rpc:172.17.0.2:40883|priority:1], old=null
2021-01-12 14:07:16,949 [2cbfbd9c-cb14-493e-a971-9cbbc5aab087@group-9D935603F9F7-LeaderElection6] INFO  impl.LeaderElection (LeaderElection.java:askForPreVotes(261)) - 2cbfbd9c-cb14-493e-a971-9cbbc5aab087@group-9D935603F9F7-LeaderElection6 pre-vote result is PASSED.
2021-01-12 14:07:16,950 [2cbfbd9c-cb14-493e-a971-9cbbc5aab087@group-9D935603F9F7-LeaderElection6] INFO  impl.LeaderElection (LeaderElection.java:askForVotes(308)) - 2cbfbd9c-cb14-493e-a971-9cbbc5aab087@group-9D935603F9F7-LeaderElection6: begin an election at term 1 for -1: [2cbfbd9c-cb14-493e-a971-9cbbc5aab087|rpc:172.17.0.2:40883|priority:1], old=null
2021-01-12 14:07:16,951 [2cbfbd9c-cb14-493e-a971-9cbbc5aab087@group-9D935603F9F7-LeaderElection6] INFO  impl.RoleInfo (RoleInfo.java:shutdownLeaderElection(121)) - 2cbfbd9c-cb14-493e-a971-9cbbc5aab087: shutdown 2cbfbd9c-cb14-493e-a971-9cbbc5aab087@group-9D935603F9F7-LeaderElection6
2021-01-12 14:07:16,951 [2cbfbd9c-cb14-493e-a971-9cbbc5aab087@group-9D935603F9F7-LeaderElection6] INFO  server.RaftServer$Division (RaftServerImpl.java:setRole(283)) - 2cbfbd9c-cb14-493e-a971-9cbbc5aab087@group-9D935603F9F7: changes role from CANDIDATE to LEADER at term 1 for changeToLeader
2021-01-12 14:07:16,951 [2cbfbd9c-cb14-493e-a971-9cbbc5aab087@group-9D935603F9F7-LeaderElection6] INFO  ratis.XceiverServerRatis (XceiverServerRatis.java:handleLeaderChangedNotification(868)) - Leader change notification received for group: group-9D935603F9F7 with new leaderId: 2cbfbd9c-cb14-493e-a971-9cbbc5aab087
2021-01-12 14:07:16,951 [2cbfbd9c-cb14-493e-a971-9cbbc5aab087@group-9D935603F9F7-LeaderElection6] INFO  server.RaftServer$Division (ServerState.java:setLeader(249)) - 2cbfbd9c-cb14-493e-a971-9cbbc5aab087@group-9D935603F9F7: change Leader from null to 2cbfbd9c-cb14-493e-a971-9cbbc5aab087 at term 1 for becomeLeader, leader elected after 5198ms
2021-01-12 14:07:16,951 [2cbfbd9c-cb14-493e-a971-9cbbc5aab087@group-9D935603F9F7-LeaderElection6] INFO  server.RaftServerConfigKeys (ConfUtils.java:logGet(44)) - raft.server.staging.catchup.gap = 1000 (default)
2021-01-12 14:07:16,952 [2cbfbd9c-cb14-493e-a971-9cbbc5aab087@group-9D935603F9F7-LeaderElection6] INFO  metrics.RatisMetrics (RatisMetrics.java:lambda$create$0(36)) - Creating Metrics Registry : ratis.log_appender.2cbfbd9c-cb14-493e-a971-9cbbc5aab087@group-9D935603F9F7
2021-01-12 14:07:16,953 [2cbfbd9c-cb14-493e-a971-9cbbc5aab087@group-9D935603F9F7-LeaderElection6] INFO  server.RaftServerConfigKeys (ConfUtils.java:logGet(44)) - raft.server.write.element-limit = 1024 (custom)
2021-01-12 14:07:16,953 [2cbfbd9c-cb14-493e-a971-9cbbc5aab087@group-9D935603F9F7-LeaderElection6] INFO  server.RaftServerConfigKeys (ConfUtils.java:logGet(44)) - raft.server.write.byte-limit = 1073741824 (custom)
2021-01-12 14:07:16,953 [2cbfbd9c-cb14-493e-a971-9cbbc5aab087@group-9D935603F9F7-LeaderElection6] INFO  server.RaftServerConfigKeys (ConfUtils.java:logGet(44)) - raft.server.watch.timeout = 180s (custom)
2021-01-12 14:07:16,953 [2cbfbd9c-cb14-493e-a971-9cbbc5aab087@group-9D935603F9F7-LeaderElection6] INFO  server.RaftServerConfigKeys (ConfUtils.java:logGet(44)) - raft.server.watch.timeout.denomination = 1s (default)
2021-01-12 14:07:16,954 [2cbfbd9c-cb14-493e-a971-9cbbc5aab087@group-9D935603F9F7-LeaderElection6] INFO  server.RaftServerConfigKeys (ConfUtils.java:logGet(44)) - raft.server.watch.element-limit = 65536 (default)
2021-01-12 14:07:16,954 [2cbfbd9c-cb14-493e-a971-9cbbc5aab087@group-9D935603F9F7-LeaderElection6] INFO  impl.RoleInfo (RoleInfo.java:updateAndGet(130)) - 2cbfbd9c-cb14-493e-a971-9cbbc5aab087: start 2cbfbd9c-cb14-493e-a971-9cbbc5aab087@group-9D935603F9F7-LeaderStateImpl
2021-01-12 14:07:16,954 [2cbfbd9c-cb14-493e-a971-9cbbc5aab087@group-9D935603F9F7-LeaderElection6] INFO  segmented.SegmentedRaftLogWorker (SegmentedRaftLogWorker.java:startLogSegment(392)) - 2cbfbd9c-cb14-493e-a971-9cbbc5aab087@group-9D935603F9F7-SegmentedRaftLogWorker: Starting segment from index:0
2021-01-12 14:07:16,955 [2cbfbd9c-cb14-493e-a971-9cbbc5aab087@group-9D935603F9F7-SegmentedRaftLogWorker] INFO  segmented.SegmentedRaftLogWorker (SegmentedRaftLogWorker.java:execute(599)) - 2cbfbd9c-cb14-493e-a971-9cbbc5aab087@group-9D935603F9F7-SegmentedRaftLogWorker: created new log segment /github/workspace/mnt/ozone/hadoop-ozone/integration-test/target/test-dir/MiniOzoneClusterImpl-43cf099b-0e8c-46dd-87e7-7f7fde2b07fc/datanode-3/data/ratis/fc70f051-27d2-4faa-901b-9d935603f9f7/current/log_inprogress_0
2021-01-12 14:07:16,956 [2cbfbd9c-cb14-493e-a971-9cbbc5aab087@group-9D935603F9F7-LeaderElection6] INFO  server.RaftServer$Division (ServerState.java:setRaftConf(368)) - 2cbfbd9c-cb14-493e-a971-9cbbc5aab087@group-9D935603F9F7: set configuration 0: [2cbfbd9c-cb14-493e-a971-9cbbc5aab087|rpc:172.17.0.2:40883|dataStream:|priority:1], old=null
2021-01-12 14:07:17,219 [Thread-218] INFO  impl.FollowerState (FollowerState.java:run(133)) - 4274b414-dae9-48b1-8d41-4b70e5f2a60a@group-94FFBEF8C967-FollowerState: change to CANDIDATE, lastRpcElapsedTime:5005903643ns, electionTimeout:5002ms
2021-01-12 14:07:17,221 [Thread-218] INFO  impl.RoleInfo (RoleInfo.java:shutdownFollowerState(108)) - 4274b414-dae9-48b1-8d41-4b70e5f2a60a: shutdown 4274b414-dae9-48b1-8d41-4b70e5f2a60a@group-94FFBEF8C967-FollowerState
2021-01-12 14:07:17,221 [Thread-218] INFO  server.RaftServer$Division (RaftServerImpl.java:setRole(283)) - 4274b414-dae9-48b1-8d41-4b70e5f2a60a@group-94FFBEF8C967: changes role from  FOLLOWER to CANDIDATE at term 0 for changeToCandidate
2021-01-12 14:07:17,221 [Thread-218] INFO  impl.RoleInfo (RoleInfo.java:updateAndGet(130)) - 4274b414-dae9-48b1-8d41-4b70e5f2a60a: start 4274b414-dae9-48b1-8d41-4b70e5f2a60a@group-94FFBEF8C967-LeaderElection7
2021-01-12 14:07:17,223 [4274b414-dae9-48b1-8d41-4b70e5f2a60a@group-94FFBEF8C967-LeaderElection7] INFO  impl.LeaderElection (LeaderElection.java:askForPreVotes(259)) - 4274b414-dae9-48b1-8d41-4b70e5f2a60a@group-94FFBEF8C967-LeaderElection7: begin a pre-vote at term 0 for -1: [3e740cc2-f7d4-4c62-8f61-84a01f098730|rpc:172.17.0.2:33313|priority:0, e91d73f6-08d2-44aa-8f25-e39c88d9a3b1|rpc:172.17.0.2:40635|priority:1, 4274b414-dae9-48b1-8d41-4b70e5f2a60a|rpc:172.17.0.2:45333|priority:0], old=null
2021-01-12 14:07:17,224 [Thread-215] INFO  impl.FollowerState (FollowerState.java:run(133)) - e91d73f6-08d2-44aa-8f25-e39c88d9a3b1@group-94FFBEF8C967-FollowerState: change to CANDIDATE, lastRpcElapsedTime:5021099173ns, electionTimeout:5020ms
2021-01-12 14:07:17,224 [Thread-215] INFO  impl.RoleInfo (RoleInfo.java:shutdownFollowerState(108)) - e91d73f6-08d2-44aa-8f25-e39c88d9a3b1: shutdown e91d73f6-08d2-44aa-8f25-e39c88d9a3b1@group-94FFBEF8C967-FollowerState
2021-01-12 14:07:17,224 [Thread-215] INFO  server.RaftServer$Division (RaftServerImpl.java:setRole(283)) - e91d73f6-08d2-44aa-8f25-e39c88d9a3b1@group-94FFBEF8C967: changes role from  FOLLOWER to CANDIDATE at term 0 for changeToCandidate
2021-01-12 14:07:17,228 [Thread-215] INFO  impl.RoleInfo (RoleInfo.java:updateAndGet(130)) - e91d73f6-08d2-44aa-8f25-e39c88d9a3b1: start e91d73f6-08d2-44aa-8f25-e39c88d9a3b1@group-94FFBEF8C967-LeaderElection8
2021-01-12 14:07:17,228 [grpc-default-executor-2] INFO  server.RaftServer$Division (RaftServerImpl.java:requestPreVote(1060)) - 3e740cc2-f7d4-4c62-8f61-84a01f098730@group-94FFBEF8C967: receive preVote(4274b414-dae9-48b1-8d41-4b70e5f2a60a, group-94FFBEF8C967, 0, (t:0, i:0))
2021-01-12 14:07:17,228 [grpc-default-executor-2] INFO  server.RaftServer$Division (RaftServerImpl.java:requestPreVote(1081)) - 3e740cc2-f7d4-4c62-8f61-84a01f098730@group-94FFBEF8C967 role: FOLLOWER allow pre-vote from:4274b414-dae9-48b1-8d41-4b70e5f2a60a
2021-01-12 14:07:17,229 [grpc-default-executor-2] INFO  server.RaftServer$Division (RaftServerImpl.java:requestPreVote(1099)) - 3e740cc2-f7d4-4c62-8f61-84a01f098730@group-94FFBEF8C967 replies to pre-vote request: 4274b414-dae9-48b1-8d41-4b70e5f2a60a<-3e740cc2-f7d4-4c62-8f61-84a01f098730#0:OK-t0. Peer's state: 3e740cc2-f7d4-4c62-8f61-84a01f098730@group-94FFBEF8C967:t0, leader=null, voted=, raftlog=3e740cc2-f7d4-4c62-8f61-84a01f098730@group-94FFBEF8C967-SegmentedRaftLog:OPENED:c-1,f-1,i0, conf=-1: [3e740cc2-f7d4-4c62-8f61-84a01f098730|rpc:172.17.0.2:33313|priority:0, e91d73f6-08d2-44aa-8f25-e39c88d9a3b1|rpc:172.17.0.2:40635|priority:1, 4274b414-dae9-48b1-8d41-4b70e5f2a60a|rpc:172.17.0.2:45333|priority:0], old=null
2021-01-12 14:07:17,233 [e91d73f6-08d2-44aa-8f25-e39c88d9a3b1@group-94FFBEF8C967-LeaderElection8] INFO  impl.LeaderElection (LeaderElection.java:askForPreVotes(259)) - e91d73f6-08d2-44aa-8f25-e39c88d9a3b1@group-94FFBEF8C967-LeaderElection8: begin a pre-vote at term 0 for -1: [3e740cc2-f7d4-4c62-8f61-84a01f098730|rpc:172.17.0.2:33313|priority:0, e91d73f6-08d2-44aa-8f25-e39c88d9a3b1|rpc:172.17.0.2:40635|priority:1, 4274b414-dae9-48b1-8d41-4b70e5f2a60a|rpc:172.17.0.2:45333|priority:0], old=null
2021-01-12 14:07:17,245 [grpc-default-executor-0] INFO  server.RaftServer$Division (RaftServerImpl.java:requestPreVote(1060)) - 4274b414-dae9-48b1-8d41-4b70e5f2a60a@group-94FFBEF8C967: receive preVote(e91d73f6-08d2-44aa-8f25-e39c88d9a3b1, group-94FFBEF8C967, 0, (t:0, i:0))
2021-01-12 14:07:17,246 [grpc-default-executor-0] INFO  server.RaftServer$Division (RaftServerImpl.java:requestPreVote(1081)) - 4274b414-dae9-48b1-8d41-4b70e5f2a60a@group-94FFBEF8C967 role:CANDIDATE allow pre-vote from:e91d73f6-08d2-44aa-8f25-e39c88d9a3b1
2021-01-12 14:07:17,246 [grpc-default-executor-0] INFO  server.RaftServer$Division (RaftServerImpl.java:requestPreVote(1099)) - 4274b414-dae9-48b1-8d41-4b70e5f2a60a@group-94FFBEF8C967 replies to pre-vote request: e91d73f6-08d2-44aa-8f25-e39c88d9a3b1<-4274b414-dae9-48b1-8d41-4b70e5f2a60a#0:OK-t0. Peer's state: 4274b414-dae9-48b1-8d41-4b70e5f2a60a@group-94FFBEF8C967:t0, leader=null, voted=, raftlog=4274b414-dae9-48b1-8d41-4b70e5f2a60a@group-94FFBEF8C967-SegmentedRaftLog:OPENED:c-1,f-1,i0, conf=-1: [3e740cc2-f7d4-4c62-8f61-84a01f098730|rpc:172.17.0.2:33313|priority:0, e91d73f6-08d2-44aa-8f25-e39c88d9a3b1|rpc:172.17.0.2:40635|priority:1, 4274b414-dae9-48b1-8d41-4b70e5f2a60a|rpc:172.17.0.2:45333|priority:0], old=null
2021-01-12 14:07:17,247 [e91d73f6-08d2-44aa-8f25-e39c88d9a3b1@group-94FFBEF8C967-LeaderElection8] INFO  impl.LeaderElection (LeaderElection.java:logAndReturn(68)) - e91d73f6-08d2-44aa-8f25-e39c88d9a3b1@group-94FFBEF8C967-LeaderElection8: Pre-vote  PASSED received 1 response(s):[e91d73f6-08d2-44aa-8f25-e39c88d9a3b1<-4274b414-dae9-48b1-8d41-4b70e5f2a60a#0:OK-t0]
2021-01-12 14:07:17,248 [e91d73f6-08d2-44aa-8f25-e39c88d9a3b1@group-94FFBEF8C967-LeaderElection8] INFO  impl.LeaderElection (LeaderElection.java:askForPreVotes(261)) - e91d73f6-08d2-44aa-8f25-e39c88d9a3b1@group-94FFBEF8C967-LeaderElection8 pre-vote result is PASSED.
2021-01-12 14:07:17,247 [grpc-default-executor-0] INFO  server.RaftServer$Division (RaftServerImpl.java:requestPreVote(1060)) - e91d73f6-08d2-44aa-8f25-e39c88d9a3b1@group-94FFBEF8C967: receive preVote(4274b414-dae9-48b1-8d41-4b70e5f2a60a, group-94FFBEF8C967, 0, (t:0, i:0))
2021-01-12 14:07:17,247 [grpc-default-executor-1] INFO  server.RaftServer$Division (RaftServerImpl.java:requestPreVote(1060)) - 3e740cc2-f7d4-4c62-8f61-84a01f098730@group-94FFBEF8C967: receive preVote(e91d73f6-08d2-44aa-8f25-e39c88d9a3b1, group-94FFBEF8C967, 0, (t:0, i:0))
2021-01-12 14:07:17,249 [grpc-default-executor-1] INFO  server.RaftServer$Division (RaftServerImpl.java:requestPreVote(1081)) - 3e740cc2-f7d4-4c62-8f61-84a01f098730@group-94FFBEF8C967 role: FOLLOWER allow pre-vote from:e91d73f6-08d2-44aa-8f25-e39c88d9a3b1
2021-01-12 14:07:17,250 [grpc-default-executor-1] INFO  server.RaftServer$Division (RaftServerImpl.java:requestPreVote(1099)) - 3e740cc2-f7d4-4c62-8f61-84a01f098730@group-94FFBEF8C967 replies to pre-vote request: e91d73f6-08d2-44aa-8f25-e39c88d9a3b1<-3e740cc2-f7d4-4c62-8f61-84a01f098730#0:OK-t0. Peer's state: 3e740cc2-f7d4-4c62-8f61-84a01f098730@group-94FFBEF8C967:t0, leader=null, voted=, raftlog=3e740cc2-f7d4-4c62-8f61-84a01f098730@group-94FFBEF8C967-SegmentedRaftLog:OPENED:c-1,f-1,i0, conf=-1: [3e740cc2-f7d4-4c62-8f61-84a01f098730|rpc:172.17.0.2:33313|priority:0, e91d73f6-08d2-44aa-8f25-e39c88d9a3b1|rpc:172.17.0.2:40635|priority:1, 4274b414-dae9-48b1-8d41-4b70e5f2a60a|rpc:172.17.0.2:45333|priority:0], old=null
2021-01-12 14:07:17,250 [e91d73f6-08d2-44aa-8f25-e39c88d9a3b1@group-94FFBEF8C967-LeaderElection8] INFO  impl.LeaderElection (LeaderElection.java:askForVotes(308)) - e91d73f6-08d2-44aa-8f25-e39c88d9a3b1@group-94FFBEF8C967-LeaderElection8: begin an election at term 1 for -1: [3e740cc2-f7d4-4c62-8f61-84a01f098730|rpc:172.17.0.2:33313|priority:0, e91d73f6-08d2-44aa-8f25-e39c88d9a3b1|rpc:172.17.0.2:40635|priority:1, 4274b414-dae9-48b1-8d41-4b70e5f2a60a|rpc:172.17.0.2:45333|priority:0], old=null
2021-01-12 14:07:17,250 [grpc-default-executor-0] INFO  server.RaftServer$Division (RaftServerImpl.java:requestPreVote(1083)) - e91d73f6-08d2-44aa-8f25-e39c88d9a3b1@group-94FFBEF8C967 role:CANDIDATE reject pre-vote from:4274b414-dae9-48b1-8d41-4b70e5f2a60a because compare:0 isCurrentLeaderValid:false
2021-01-12 14:07:17,261 [grpc-default-executor-0] INFO  server.RaftServer$Division (RaftServerImpl.java:requestPreVote(1099)) - e91d73f6-08d2-44aa-8f25-e39c88d9a3b1@group-94FFBEF8C967 replies to pre-vote request: 4274b414-dae9-48b1-8d41-4b70e5f2a60a<-e91d73f6-08d2-44aa-8f25-e39c88d9a3b1#0:FAIL-t1. Peer's state: e91d73f6-08d2-44aa-8f25-e39c88d9a3b1@group-94FFBEF8C967:t1, leader=null, voted=e91d73f6-08d2-44aa-8f25-e39c88d9a3b1, raftlog=e91d73f6-08d2-44aa-8f25-e39c88d9a3b1@group-94FFBEF8C967-SegmentedRaftLog:OPENED:c-1,f-1,i0, conf=-1: [3e740cc2-f7d4-4c62-8f61-84a01f098730|rpc:172.17.0.2:33313|priority:0, e91d73f6-08d2-44aa-8f25-e39c88d9a3b1|rpc:172.17.0.2:40635|priority:1, 4274b414-dae9-48b1-8d41-4b70e5f2a60a|rpc:172.17.0.2:45333|priority:0], old=null
2021-01-12 14:07:17,262 [grpc-default-executor-1] INFO  server.RaftServer$Division (RaftServerImpl.java:setRole(283)) - 3e740cc2-f7d4-4c62-8f61-84a01f098730@group-94FFBEF8C967: changes role from  FOLLOWER to FOLLOWER at term 1 for recognizeCandidate:e91d73f6-08d2-44aa-8f25-e39c88d9a3b1
2021-01-12 14:07:17,262 [grpc-default-executor-1] INFO  impl.RoleInfo (RoleInfo.java:shutdownFollowerState(108)) - 3e740cc2-f7d4-4c62-8f61-84a01f098730: shutdown 3e740cc2-f7d4-4c62-8f61-84a01f098730@group-94FFBEF8C967-FollowerState
2021-01-12 14:07:17,262 [grpc-default-executor-1] INFO  impl.RoleInfo (RoleInfo.java:updateAndGet(130)) - 3e740cc2-f7d4-4c62-8f61-84a01f098730: start 3e740cc2-f7d4-4c62-8f61-84a01f098730@group-94FFBEF8C967-FollowerState
2021-01-12 14:07:17,262 [Thread-217] INFO  impl.FollowerState (FollowerState.java:run(142)) - 3e740cc2-f7d4-4c62-8f61-84a01f098730@group-94FFBEF8C967-FollowerState was interrupted: {}
java.lang.InterruptedException: sleep interrupted
	at java.lang.Thread.sleep(Native Method)
	at java.lang.Thread.sleep(Thread.java:340)
	at java.util.concurrent.TimeUnit.sleep(TimeUnit.java:386)
	at org.apache.ratis.util.TimeDuration.sleep(TimeDuration.java:324)
	at org.apache.ratis.util.TimeDuration.sleep(TimeDuration.java:309)
	at org.apache.ratis.server.impl.FollowerState.run(FollowerState.java:117)
2021-01-12 14:07:17,263 [grpc-default-executor-2] INFO  server.RaftServer$Division (RaftServerImpl.java:setRole(283)) - 4274b414-dae9-48b1-8d41-4b70e5f2a60a@group-94FFBEF8C967: changes role from CANDIDATE to FOLLOWER at term 1 for recognizeCandidate:e91d73f6-08d2-44aa-8f25-e39c88d9a3b1
2021-01-12 14:07:17,267 [grpc-default-executor-2] INFO  impl.RoleInfo (RoleInfo.java:shutdownLeaderElection(121)) - 4274b414-dae9-48b1-8d41-4b70e5f2a60a: shutdown 4274b414-dae9-48b1-8d41-4b70e5f2a60a@group-94FFBEF8C967-LeaderElection7
2021-01-12 14:07:17,267 [grpc-default-executor-2] INFO  impl.RoleInfo (RoleInfo.java:updateAndGet(130)) - 4274b414-dae9-48b1-8d41-4b70e5f2a60a: start 4274b414-dae9-48b1-8d41-4b70e5f2a60a@group-94FFBEF8C967-FollowerState
2021-01-12 14:07:17,267 [4274b414-dae9-48b1-8d41-4b70e5f2a60a@group-94FFBEF8C967-LeaderElection7] INFO  impl.LeaderElection (LeaderElection.java:logAndReturn(68)) - 4274b414-dae9-48b1-8d41-4b70e5f2a60a@group-94FFBEF8C967-LeaderElection7: Pre-vote  REJECTED received 2 response(s):[4274b414-dae9-48b1-8d41-4b70e5f2a60a<-3e740cc2-f7d4-4c62-8f61-84a01f098730#0:OK-t0, 4274b414-dae9-48b1-8d41-4b70e5f2a60a<-e91d73f6-08d2-44aa-8f25-e39c88d9a3b1#0:FAIL-t1]
2021-01-12 14:07:17,268 [grpc-default-executor-2] INFO  server.RaftServer$Division (RaftServerImpl.java:requestVote(1137)) -  FOLLOWER 4274b414-dae9-48b1-8d41-4b70e5f2a60a@group-94FFBEF8C967:t1, leader=null, voted=null, raftlog=4274b414-dae9-48b1-8d41-4b70e5f2a60a@group-94FFBEF8C967-SegmentedRaftLog:OPENED:c-1,f-1,i0, conf=-1: [3e740cc2-f7d4-4c62-8f61-84a01f098730|rpc:172.17.0.2:33313|priority:0, e91d73f6-08d2-44aa-8f25-e39c88d9a3b1|rpc:172.17.0.2:40635|priority:1, 4274b414-dae9-48b1-8d41-4b70e5f2a60a|rpc:172.17.0.2:45333|priority:0], old=null RUNNING priority:0 candidate:e91d73f6-08d2-44aa-8f25-e39c88d9a3b1|rpc:172.17.0.2:40635|priority:1 candidatePriority:1 compare:0
2021-01-12 14:07:17,269 [4274b414-dae9-48b1-8d41-4b70e5f2a60a@group-94FFBEF8C967-LeaderElection7] INFO  impl.LeaderElection (LeaderElection.java:askForPreVotes(261)) - 4274b414-dae9-48b1-8d41-4b70e5f2a60a@group-94FFBEF8C967-LeaderElection7 pre-vote result is REJECTED.
2021-01-12 14:07:17,270 [e91d73f6-08d2-44aa-8f25-e39c88d9a3b1@group-94FFBEF8C967-LeaderElection8] INFO  impl.LeaderElection (LeaderElection.java:logAndReturn(68)) - e91d73f6-08d2-44aa-8f25-e39c88d9a3b1@group-94FFBEF8C967-LeaderElection8: Election  PASSED received 1 response(s):[e91d73f6-08d2-44aa-8f25-e39c88d9a3b1<-4274b414-dae9-48b1-8d41-4b70e5f2a60a#0:OK-t1]
2021-01-12 14:07:17,270 [grpc-default-executor-1] INFO  server.RaftServer$Division (RaftServerImpl.java:requestVote(1137)) -  FOLLOWER 3e740cc2-f7d4-4c62-8f61-84a01f098730@group-94FFBEF8C967:t1, leader=null, voted=null, raftlog=3e740cc2-f7d4-4c62-8f61-84a01f098730@group-94FFBEF8C967-SegmentedRaftLog:OPENED:c-1,f-1,i0, conf=-1: [3e740cc2-f7d4-4c62-8f61-84a01f098730|rpc:172.17.0.2:33313|priority:0, e91d73f6-08d2-44aa-8f25-e39c88d9a3b1|rpc:172.17.0.2:40635|priority:1, 4274b414-dae9-48b1-8d41-4b70e5f2a60a|rpc:172.17.0.2:45333|priority:0], old=null RUNNING priority:0 candidate:e91d73f6-08d2-44aa-8f25-e39c88d9a3b1|rpc:172.17.0.2:40635|priority:1 candidatePriority:1 compare:0
2021-01-12 14:07:17,271 [e91d73f6-08d2-44aa-8f25-e39c88d9a3b1@group-94FFBEF8C967-LeaderElection8] INFO  impl.RoleInfo (RoleInfo.java:shutdownLeaderElection(121)) - e91d73f6-08d2-44aa-8f25-e39c88d9a3b1: shutdown e91d73f6-08d2-44aa-8f25-e39c88d9a3b1@group-94FFBEF8C967-LeaderElection8
2021-01-12 14:07:17,272 [e91d73f6-08d2-44aa-8f25-e39c88d9a3b1@group-94FFBEF8C967-LeaderElection8] INFO  server.RaftServer$Division (RaftServerImpl.java:setRole(283)) - e91d73f6-08d2-44aa-8f25-e39c88d9a3b1@group-94FFBEF8C967: changes role from CANDIDATE to LEADER at term 1 for changeToLeader
2021-01-12 14:07:17,272 [e91d73f6-08d2-44aa-8f25-e39c88d9a3b1@group-94FFBEF8C967-LeaderElection8] INFO  ratis.XceiverServerRatis (XceiverServerRatis.java:handleLeaderChangedNotification(868)) - Leader change notification received for group: group-94FFBEF8C967 with new leaderId: e91d73f6-08d2-44aa-8f25-e39c88d9a3b1
2021-01-12 14:07:17,272 [e91d73f6-08d2-44aa-8f25-e39c88d9a3b1@group-94FFBEF8C967-LeaderElection8] INFO  server.RaftServer$Division (ServerState.java:setLeader(249)) - e91d73f6-08d2-44aa-8f25-e39c88d9a3b1@group-94FFBEF8C967: change Leader from null to e91d73f6-08d2-44aa-8f25-e39c88d9a3b1 at term 1 for becomeLeader, leader elected after 5092ms
2021-01-12 14:07:17,272 [e91d73f6-08d2-44aa-8f25-e39c88d9a3b1@group-94FFBEF8C967-LeaderElection8] INFO  server.RaftServerConfigKeys (ConfUtils.java:logGet(44)) - raft.server.staging.catchup.gap = 1000 (default)
2021-01-12 14:07:17,272 [e91d73f6-08d2-44aa-8f25-e39c88d9a3b1@group-94FFBEF8C967-LeaderElection8] INFO  metrics.RatisMetrics (RatisMetrics.java:lambda$create$0(36)) - Creating Metrics Registry : ratis.log_appender.e91d73f6-08d2-44aa-8f25-e39c88d9a3b1@group-94FFBEF8C967
2021-01-12 14:07:17,272 [e91d73f6-08d2-44aa-8f25-e39c88d9a3b1@group-94FFBEF8C967-LeaderElection8] INFO  server.RaftServerConfigKeys (ConfUtils.java:logGet(44)) - raft.server.write.element-limit = 1024 (custom)
2021-01-12 14:07:17,272 [e91d73f6-08d2-44aa-8f25-e39c88d9a3b1@group-94FFBEF8C967-LeaderElection8] INFO  server.RaftServerConfigKeys (ConfUtils.java:logGet(44)) - raft.server.write.byte-limit = 1073741824 (custom)
2021-01-12 14:07:17,273 [e91d73f6-08d2-44aa-8f25-e39c88d9a3b1@group-94FFBEF8C967-LeaderElection8] INFO  server.RaftServerConfigKeys (ConfUtils.java:logGet(44)) - raft.server.watch.timeout = 180s (custom)
2021-01-12 14:07:17,273 [e91d73f6-08d2-44aa-8f25-e39c88d9a3b1@group-94FFBEF8C967-LeaderElection8] INFO  server.RaftServerConfigKeys (ConfUtils.java:logGet(44)) - raft.server.watch.timeout.denomination = 1s (default)
2021-01-12 14:07:17,273 [e91d73f6-08d2-44aa-8f25-e39c88d9a3b1@group-94FFBEF8C967-LeaderElection8] INFO  server.RaftServerConfigKeys (ConfUtils.java:logGet(44)) - raft.server.watch.element-limit = 65536 (default)
2021-01-12 14:07:17,273 [e91d73f6-08d2-44aa-8f25-e39c88d9a3b1@group-94FFBEF8C967-LeaderElection8] INFO  server.RaftServerConfigKeys (ConfUtils.java:logGet(44)) - raft.server.log.appender.snapshot.chunk.size.max = 16MB (=16777216) (default)
2021-01-12 14:07:17,273 [e91d73f6-08d2-44aa-8f25-e39c88d9a3b1@group-94FFBEF8C967-LeaderElection8] INFO  server.RaftServerConfigKeys (ConfUtils.java:logGet(44)) - raft.server.log.appender.buffer.byte-limit = 33554432 (custom)
2021-01-12 14:07:17,273 [e91d73f6-08d2-44aa-8f25-e39c88d9a3b1@group-94FFBEF8C967-LeaderElection8] INFO  server.RaftServerConfigKeys (ConfUtils.java:logGet(44)) - raft.server.log.appender.buffer.element-limit = 1 (custom)
2021-01-12 14:07:17,273 [e91d73f6-08d2-44aa-8f25-e39c88d9a3b1@group-94FFBEF8C967-LeaderElection8] INFO  grpc.GrpcConfigKeys (ConfUtils.java:logGet(44)) - raft.grpc.server.leader.outstanding.appends.max = 128 (default)
2021-01-12 14:07:17,273 [e91d73f6-08d2-44aa-8f25-e39c88d9a3b1@group-94FFBEF8C967-LeaderElection8] INFO  server.RaftServerConfigKeys (ConfUtils.java:logGet(44)) - raft.server.rpc.request.timeout = 60s (custom)
2021-01-12 14:07:17,273 [e91d73f6-08d2-44aa-8f25-e39c88d9a3b1@group-94FFBEF8C967-LeaderElection8] INFO  server.RaftServerConfigKeys (ConfUtils.java:logGet(44)) - raft.server.log.appender.install.snapshot.enabled = false (custom)
2021-01-12 14:07:17,273 [e91d73f6-08d2-44aa-8f25-e39c88d9a3b1@group-94FFBEF8C967-LeaderElection8] INFO  metrics.RatisMetrics (RatisMetrics.java:lambda$create$0(36)) - Creating Metrics Registry : ratis_grpc.log_appender.e91d73f6-08d2-44aa-8f25-e39c88d9a3b1@group-94FFBEF8C967
2021-01-12 14:07:17,274 [e91d73f6-08d2-44aa-8f25-e39c88d9a3b1@group-94FFBEF8C967-LeaderElection8] INFO  server.RaftServerConfigKeys (ConfUtils.java:logGet(44)) - raft.server.log.appender.snapshot.chunk.size.max = 16MB (=16777216) (default)
2021-01-12 14:07:17,274 [e91d73f6-08d2-44aa-8f25-e39c88d9a3b1@group-94FFBEF8C967-LeaderElection8] INFO  server.RaftServerConfigKeys (ConfUtils.java:logGet(44)) - raft.server.log.appender.buffer.byte-limit = 33554432 (custom)
2021-01-12 14:07:17,274 [e91d73f6-08d2-44aa-8f25-e39c88d9a3b1@group-94FFBEF8C967-LeaderElection8] INFO  server.RaftServerConfigKeys (ConfUtils.java:logGet(44)) - raft.server.log.appender.buffer.element-limit = 1 (custom)
2021-01-12 14:07:17,274 [e91d73f6-08d2-44aa-8f25-e39c88d9a3b1@group-94FFBEF8C967-LeaderElection8] INFO  grpc.GrpcConfigKeys (ConfUtils.java:logGet(44)) - raft.grpc.server.leader.outstanding.appends.max = 128 (default)
2021-01-12 14:07:17,274 [e91d73f6-08d2-44aa-8f25-e39c88d9a3b1@group-94FFBEF8C967-LeaderElection8] INFO  server.RaftServerConfigKeys (ConfUtils.java:logGet(44)) - raft.server.rpc.request.timeout = 60s (custom)
2021-01-12 14:07:17,274 [e91d73f6-08d2-44aa-8f25-e39c88d9a3b1@group-94FFBEF8C967-LeaderElection8] INFO  server.RaftServerConfigKeys (ConfUtils.java:logGet(44)) - raft.server.log.appender.install.snapshot.enabled = false (custom)
2021-01-12 14:07:17,275 [e91d73f6-08d2-44aa-8f25-e39c88d9a3b1@group-94FFBEF8C967-LeaderElection8] INFO  impl.RoleInfo (RoleInfo.java:updateAndGet(130)) - e91d73f6-08d2-44aa-8f25-e39c88d9a3b1: start e91d73f6-08d2-44aa-8f25-e39c88d9a3b1@group-94FFBEF8C967-LeaderStateImpl
2021-01-12 14:07:17,275 [e91d73f6-08d2-44aa-8f25-e39c88d9a3b1@group-94FFBEF8C967-LeaderElection8] INFO  segmented.SegmentedRaftLogWorker (SegmentedRaftLogWorker.java:startLogSegment(392)) - e91d73f6-08d2-44aa-8f25-e39c88d9a3b1@group-94FFBEF8C967-SegmentedRaftLogWorker: Starting segment from index:0
2021-01-12 14:07:17,277 [EventQueue-PipelineReportForPipelineReportHandler] INFO  pipeline.PipelineStateManager (PipelineStateManager.java:openPipeline(132)) - Pipeline Pipeline[ Id: 84d01728-7484-4ac8-9900-94ffbef8c967, Nodes: 4274b414-dae9-48b1-8d41-4b70e5f2a60a{ip: 172.17.0.2, host: e47597c41fba, networkLocation: /default-rack, certSerialId: null, persistedOpState: IN_SERVICE, persistedOpStateExpiryEpochSec: 0}e91d73f6-08d2-44aa-8f25-e39c88d9a3b1{ip: 172.17.0.2, host: e47597c41fba, networkLocation: /default-rack, certSerialId: null, persistedOpState: IN_SERVICE, persistedOpStateExpiryEpochSec: 0}3e740cc2-f7d4-4c62-8f61-84a01f098730{ip: 172.17.0.2, host: e47597c41fba, networkLocation: /default-rack, certSerialId: null, persistedOpState: IN_SERVICE, persistedOpStateExpiryEpochSec: 0}, Type:RATIS, Factor:THREE, State:ALLOCATED, leaderId:e91d73f6-08d2-44aa-8f25-e39c88d9a3b1, CreationTimestamp2021-01-12T14:07:08.508Z] moved to OPEN state
2021-01-12 14:07:17,277 [e91d73f6-08d2-44aa-8f25-e39c88d9a3b1@group-94FFBEF8C967-SegmentedRaftLogWorker] INFO  segmented.SegmentedRaftLogWorker (SegmentedRaftLogWorker.java:execute(599)) - e91d73f6-08d2-44aa-8f25-e39c88d9a3b1@group-94FFBEF8C967-SegmentedRaftLogWorker: created new log segment /github/workspace/mnt/ozone/hadoop-ozone/integration-test/target/test-dir/MiniOzoneClusterImpl-43cf099b-0e8c-46dd-87e7-7f7fde2b07fc/datanode-0/data/ratis/84d01728-7484-4ac8-9900-94ffbef8c967/current/log_inprogress_0
2021-01-12 14:07:17,286 [e91d73f6-08d2-44aa-8f25-e39c88d9a3b1@group-94FFBEF8C967-LeaderElection8] INFO  server.RaftServer$Division (ServerState.java:setRaftConf(368)) - e91d73f6-08d2-44aa-8f25-e39c88d9a3b1@group-94FFBEF8C967: set configuration 0: [3e740cc2-f7d4-4c62-8f61-84a01f098730|rpc:172.17.0.2:33313|dataStream:|priority:0, e91d73f6-08d2-44aa-8f25-e39c88d9a3b1|rpc:172.17.0.2:40635|dataStream:|priority:1, 4274b414-dae9-48b1-8d41-4b70e5f2a60a|rpc:172.17.0.2:45333|dataStream:|priority:0], old=null
2021-01-12 14:07:17,294 [grpc-default-executor-1] INFO  ratis.XceiverServerRatis (XceiverServerRatis.java:handleLeaderChangedNotification(868)) - Leader change notification received for group: group-94FFBEF8C967 with new leaderId: e91d73f6-08d2-44aa-8f25-e39c88d9a3b1
2021-01-12 14:07:17,294 [grpc-default-executor-1] INFO  server.RaftServer$Division (ServerState.java:setLeader(249)) - 4274b414-dae9-48b1-8d41-4b70e5f2a60a@group-94FFBEF8C967: change Leader from null to e91d73f6-08d2-44aa-8f25-e39c88d9a3b1 at term 1 for appendEntries, leader elected after 5104ms
2021-01-12 14:07:17,296 [grpc-default-executor-2] INFO  ratis.XceiverServerRatis (XceiverServerRatis.java:handleLeaderChangedNotification(868)) - Leader change notification received for group: group-94FFBEF8C967 with new leaderId: e91d73f6-08d2-44aa-8f25-e39c88d9a3b1
2021-01-12 14:07:17,296 [grpc-default-executor-2] INFO  server.RaftServer$Division (ServerState.java:setLeader(249)) - 3e740cc2-f7d4-4c62-8f61-84a01f098730@group-94FFBEF8C967: change Leader from null to e91d73f6-08d2-44aa-8f25-e39c88d9a3b1 at term 1 for appendEntries, leader elected after 5091ms
2021-01-12 14:07:17,303 [grpc-default-executor-1] INFO  server.RaftServer$Division (ServerState.java:setRaftConf(368)) - 4274b414-dae9-48b1-8d41-4b70e5f2a60a@group-94FFBEF8C967: set configuration 0: [3e740cc2-f7d4-4c62-8f61-84a01f098730|rpc:172.17.0.2:33313|dataStream:|priority:0, e91d73f6-08d2-44aa-8f25-e39c88d9a3b1|rpc:172.17.0.2:40635|dataStream:|priority:1, 4274b414-dae9-48b1-8d41-4b70e5f2a60a|rpc:172.17.0.2:45333|dataStream:|priority:0], old=null
2021-01-12 14:07:17,304 [grpc-default-executor-1] INFO  segmented.SegmentedRaftLogWorker (SegmentedRaftLogWorker.java:startLogSegment(392)) - 4274b414-dae9-48b1-8d41-4b70e5f2a60a@group-94FFBEF8C967-SegmentedRaftLogWorker: Starting segment from index:0
2021-01-12 14:07:17,304 [grpc-default-executor-2] INFO  server.RaftServer$Division (ServerState.java:setRaftConf(368)) - 3e740cc2-f7d4-4c62-8f61-84a01f098730@group-94FFBEF8C967: set configuration 0: [3e740cc2-f7d4-4c62-8f61-84a01f098730|rpc:172.17.0.2:33313|dataStream:|priority:0, e91d73f6-08d2-44aa-8f25-e39c88d9a3b1|rpc:172.17.0.2:40635|dataStream:|priority:1, 4274b414-dae9-48b1-8d41-4b70e5f2a60a|rpc:172.17.0.2:45333|dataStream:|priority:0], old=null
2021-01-12 14:07:17,304 [grpc-default-executor-2] INFO  segmented.SegmentedRaftLogWorker (SegmentedRaftLogWorker.java:startLogSegment(392)) - 3e740cc2-f7d4-4c62-8f61-84a01f098730@group-94FFBEF8C967-SegmentedRaftLogWorker: Starting segment from index:0
2021-01-12 14:07:17,306 [3e740cc2-f7d4-4c62-8f61-84a01f098730@group-94FFBEF8C967-SegmentedRaftLogWorker] INFO  segmented.SegmentedRaftLogWorker (SegmentedRaftLogWorker.java:execute(599)) - 3e740cc2-f7d4-4c62-8f61-84a01f098730@group-94FFBEF8C967-SegmentedRaftLogWorker: created new log segment /github/workspace/mnt/ozone/hadoop-ozone/integration-test/target/test-dir/MiniOzoneClusterImpl-43cf099b-0e8c-46dd-87e7-7f7fde2b07fc/datanode-1/data/ratis/84d01728-7484-4ac8-9900-94ffbef8c967/current/log_inprogress_0
2021-01-12 14:07:17,307 [4274b414-dae9-48b1-8d41-4b70e5f2a60a@group-94FFBEF8C967-SegmentedRaftLogWorker] INFO  segmented.SegmentedRaftLogWorker (SegmentedRaftLogWorker.java:execute(599)) - 4274b414-dae9-48b1-8d41-4b70e5f2a60a@group-94FFBEF8C967-SegmentedRaftLogWorker: created new log segment /github/workspace/mnt/ozone/hadoop-ozone/integration-test/target/test-dir/MiniOzoneClusterImpl-43cf099b-0e8c-46dd-87e7-7f7fde2b07fc/datanode-2/data/ratis/84d01728-7484-4ac8-9900-94ffbef8c967/current/log_inprogress_0
2021-01-12 14:07:17,707 [Listener at 127.0.0.1/33907] INFO  ozone.MiniOzoneClusterImpl (MiniOzoneClusterImpl.java:lambda$waitForClusterToBeReady$0(179)) - Nodes are ready. Got 4 of 4 DN Heartbeats.
2021-01-12 14:07:17,707 [Listener at 127.0.0.1/33907] INFO  ozone.MiniOzoneClusterImpl (MiniOzoneClusterImpl.java:lambda$waitForClusterToBeReady$0(182)) - Cluster exits safe mode
2021-01-12 14:07:17,725 [Listener at 127.0.0.1/33907] INFO  server.StorageContainerManager (StorageContainerManager.java:stop(832)) - Stopping Replication Manager Service.
2021-01-12 14:07:17,725 [Listener at 127.0.0.1/33907] INFO  container.ReplicationManager (ReplicationManager.java:stop(234)) - Replication Monitor Thread is not running.
2021-01-12 14:07:17,725 [Listener at 127.0.0.1/33907] INFO  server.StorageContainerManager (StorageContainerManager.java:stop(839)) - Stopping the Datanode Admin Monitor.
2021-01-12 14:07:17,725 [Listener at 127.0.0.1/33907] INFO  server.StorageContainerManager (StorageContainerManager.java:stop(846)) - Stopping Lease Manager of the command watchers
2021-01-12 14:07:17,725 [Listener at 127.0.0.1/33907] INFO  server.StorageContainerManager (StorageContainerManager.java:stop(853)) - Stopping datanode service RPC server
2021-01-12 14:07:17,725 [Listener at 127.0.0.1/33907] INFO  server.SCMDatanodeProtocolServer (SCMDatanodeProtocolServer.java:stop(369)) - Stopping the RPC server for DataNodes
2021-01-12 14:07:17,725 [Listener at 127.0.0.1/33907] INFO  ipc.Server (Server.java:stop(3359)) - Stopping server on 44309
2021-01-12 14:07:17,728 [IPC Server listener on 0] INFO  ipc.Server (Server.java:run(1330)) - Stopping IPC Server listener on 0
2021-01-12 14:07:17,729 [IPC Server Responder] INFO  ipc.Server (Server.java:run(1465)) - Stopping IPC Server Responder
2021-01-12 14:07:17,804 [EndpointStateMachine task thread for /0.0.0.0:44309 - 0 ] WARN  statemachine.EndpointStateMachine (EndpointStateMachine.java:logIfNeeded(233)) - Unable to communicate to SCM server at 0.0.0.0:44309 for past 0 seconds.
java.io.EOFException: End of File Exception between local host is: "e47597c41fba/172.17.0.2"; destination host is: "0.0.0.0":44309; : java.io.EOFException; For more details see:  http://wiki.apache.org/hadoop/EOFException
	at sun.reflect.NativeConstructorAccessorImpl.newInstance0(Native Method)
	at sun.reflect.NativeConstructorAccessorImpl.newInstance(NativeConstructorAccessorImpl.java:62)
	at sun.reflect.DelegatingConstructorAccessorImpl.newInstance(DelegatingConstructorAccessorImpl.java:45)
	at java.lang.reflect.Constructor.newInstance(Constructor.java:423)
	at org.apache.hadoop.net.NetUtils.wrapWithMessage(NetUtils.java:833)
	at org.apache.hadoop.net.NetUtils.wrapException(NetUtils.java:791)
	at org.apache.hadoop.ipc.Client.getRpcResponse(Client.java:1549)
	at org.apache.hadoop.ipc.Client.call(Client.java:1491)
	at org.apache.hadoop.ipc.Client.call(Client.java:1388)
	at org.apache.hadoop.ipc.ProtobufRpcEngine$Invoker.invoke(ProtobufRpcEngine.java:233)
	at org.apache.hadoop.ipc.ProtobufRpcEngine$Invoker.invoke(ProtobufRpcEngine.java:118)
	at com.sun.proxy.$Proxy34.submitRequest(Unknown Source)
	at org.apache.hadoop.ozone.protocolPB.StorageContainerDatanodeProtocolClientSideTranslatorPB.submitRequest(StorageContainerDatanodeProtocolClientSideTranslatorPB.java:117)
	at org.apache.hadoop.ozone.protocolPB.StorageContainerDatanodeProtocolClientSideTranslatorPB.sendHeartbeat(StorageContainerDatanodeProtocolClientSideTranslatorPB.java:149)
	at org.apache.hadoop.ozone.container.common.states.endpoint.HeartbeatEndpointTask.call(HeartbeatEndpointTask.java:146)
	at org.apache.hadoop.ozone.container.common.states.endpoint.HeartbeatEndpointTask.call(HeartbeatEndpointTask.java:77)
	at java.util.concurrent.FutureTask.run(FutureTask.java:266)
	at java.util.concurrent.ThreadPoolExecutor.runWorker(ThreadPoolExecutor.java:1149)
	at java.util.concurrent.ThreadPoolExecutor$Worker.run(ThreadPoolExecutor.java:624)
	at java.lang.Thread.run(Thread.java:748)
Caused by: java.io.EOFException
	at java.io.DataInputStream.readInt(DataInputStream.java:392)
	at org.apache.hadoop.ipc.Client$IpcStreams.readResponse(Client.java:1850)
	at org.apache.hadoop.ipc.Client$Connection.receiveRpcResponse(Client.java:1183)
	at org.apache.hadoop.ipc.Client$Connection.run(Client.java:1079)
2021-01-12 14:07:18,270 [SCM Heartbeat Processing Thread - 0] WARN  node.NodeStateManager (NodeStateManager.java:scheduleNextHealthCheck(688)) - Current Thread is interrupted, shutting down HB processing thread for Node Manager.
2021-01-12 14:07:18,270 [Listener at 127.0.0.1/33907] INFO  server.StorageContainerManager (StorageContainerManager.java:stop(861)) - Stopping block service RPC server
2021-01-12 14:07:18,270 [Listener at 127.0.0.1/33907] INFO  server.SCMBlockProtocolServer (SCMBlockProtocolServer.java:stop(159)) - Stopping the RPC server for Block Protocol
2021-01-12 14:07:18,270 [Listener at 127.0.0.1/33907] INFO  ipc.Server (Server.java:stop(3359)) - Stopping server on 42169
2021-01-12 14:07:18,272 [Listener at 127.0.0.1/33907] INFO  server.StorageContainerManager (StorageContainerManager.java:stop(868)) - Stopping the StorageContainerLocationProtocol RPC server
2021-01-12 14:07:18,272 [Listener at 127.0.0.1/33907] INFO  server.SCMClientProtocolServer (SCMClientProtocolServer.java:stop(168)) - Stopping the RPC server for Client Protocol
2021-01-12 14:07:18,272 [Listener at 127.0.0.1/33907] INFO  ipc.Server (Server.java:stop(3359)) - Stopping server on 36115
2021-01-12 14:07:18,272 [IPC Server Responder] INFO  ipc.Server (Server.java:run(1465)) - Stopping IPC Server Responder
2021-01-12 14:07:18,273 [IPC Server listener on 0] INFO  ipc.Server (Server.java:run(1330)) - Stopping IPC Server listener on 0
2021-01-12 14:07:18,274 [Listener at 127.0.0.1/33907] INFO  server.StorageContainerManager (StorageContainerManager.java:stop(875)) - Stopping Storage Container Manager HTTP server.
2021-01-12 14:07:18,275 [IPC Server Responder] INFO  ipc.Server (Server.java:run(1465)) - Stopping IPC Server Responder
2021-01-12 14:07:18,276 [IPC Server listener on 0] INFO  ipc.Server (Server.java:run(1330)) - Stopping IPC Server listener on 0
2021-01-12 14:07:18,277 [Listener at 127.0.0.1/33907] INFO  handler.ContextHandler (ContextHandler.java:doStop(1154)) - Stopped o.e.j.w.WebAppContext@6b1321b7{scm,/,null,STOPPED}{file:/github/workspace/mnt/ozone/hadoop-ozone/integration-test/target/test-classes/webapps/scm}
2021-01-12 14:07:18,281 [Listener at 127.0.0.1/33907] INFO  server.AbstractConnector (AbstractConnector.java:doStop(381)) - Stopped ServerConnector@37a0ec3c{HTTP/1.1, (http/1.1)}{0.0.0.0:0}
2021-01-12 14:07:18,281 [Listener at 127.0.0.1/33907] INFO  server.session (HouseKeeper.java:stopScavenging(149)) - node0 Stopped scavenging
2021-01-12 14:07:18,281 [Listener at 127.0.0.1/33907] INFO  handler.ContextHandler (ContextHandler.java:doStop(1154)) - Stopped o.e.j.s.ServletContextHandler@588545ac{static,/static,file:///github/workspace/mnt/ozone/hadoop-ozone/integration-test/target/test-classes/webapps/static,STOPPED}
2021-01-12 14:07:18,281 [Listener at 127.0.0.1/33907] INFO  handler.ContextHandler (ContextHandler.java:doStop(1154)) - Stopped o.e.j.s.ServletContextHandler@261bd7b{logs,/logs,file:///github/workspace/mnt/ozone/hadoop-ozone/integration-test/target/log,STOPPED}
2021-01-12 14:07:18,284 [Listener at 127.0.0.1/33907] INFO  server.StorageContainerManager (StorageContainerManager.java:stop(886)) - Stopping Block Manager Service.
2021-01-12 14:07:18,285 [Listener at 127.0.0.1/33907] INFO  utils.BackgroundService (BackgroundService.java:shutdown(132)) - Shutting down service SCMBlockDeletingService
2021-01-12 14:07:18,285 [Listener at 127.0.0.1/33907] INFO  utils.BackgroundService (BackgroundService.java:shutdown(132)) - Shutting down service SCMBlockDeletingService
2021-01-12 14:07:18,285 [Listener at 127.0.0.1/33907] INFO  server.StorageContainerManager (StorageContainerManager.java:stop(911)) - Stopping SCM Event Queue.
2021-01-12 14:07:18,290 [Listener at 127.0.0.1/33907] INFO  impl.MetricsSystemImpl (MetricsSystemImpl.java:stop(210)) - Stopping HddsDatanode metrics system...
2021-01-12 14:07:18,297 [prometheus] INFO  impl.MetricsSinkAdapter (MetricsSinkAdapter.java:publishMetricsFromQueue(141)) - prometheus thread interrupted.
2021-01-12 14:07:18,297 [Listener at 127.0.0.1/33907] INFO  impl.MetricsSystemImpl (MetricsSystemImpl.java:stop(216)) - HddsDatanode metrics system stopped.
2021-01-12 14:07:18,298 [Listener at 127.0.0.1/33907] WARN  server.ServerUtils (ServerUtils.java:getScmDbDir(148)) - ozone.scm.db.dirs is not configured. We recommend adding this setting. Falling back to ozone.metadata.dirs instead.
2021-01-12 14:07:18,299 [Listener at 127.0.0.1/33907] WARN  db.DBStoreBuilder (DBStoreBuilder.java:applyDBDefinition(145)) - ozone.scm.db.dirs is not configured. We recommend adding this setting. Falling back to ozone.metadata.dirs instead.
2021-01-12 14:07:18,330 [Listener at 127.0.0.1/33907] INFO  net.NodeSchemaLoader (NodeSchemaLoader.java:loadSchemaFromFile(126)) - Loading file from sun.misc.CompoundEnumeration@f2e28c7
2021-01-12 14:07:18,331 [Listener at 127.0.0.1/33907] INFO  net.NodeSchemaLoader (NodeSchemaLoader.java:loadSchema(172)) - Loading network topology layer schema file
2021-01-12 14:07:18,337 [Listener at 127.0.0.1/33907] INFO  node.SCMNodeManager (SCMNodeManager.java:<init>(123)) - Entering startup safe mode.
2021-01-12 14:07:18,337 [Listener at 127.0.0.1/33907] INFO  algorithms.ContainerPlacementPolicyFactory (ContainerPlacementPolicyFactory.java:getPolicy(60)) - Create container placement policy of type org.apache.hadoop.hdds.scm.container.placement.algorithms.SCMContainerPlacementRandom
2021-01-12 14:07:18,338 [Listener at 127.0.0.1/33907] INFO  algorithms.LeaderChoosePolicyFactory (LeaderChoosePolicyFactory.java:getPolicy(57)) - Create leader choose policy of type org.apache.hadoop.hdds.scm.pipeline.leader.choose.algorithms.MinLeaderCountChoosePolicy
2021-01-12 14:07:18,340 [Listener at 127.0.0.1/33907] INFO  pipeline.PipelineStateManager (PipelineStateManager.java:addPipeline(54)) - Created pipeline Pipeline[ Id: 36c059fa-6461-462a-b12e-a46d7f28d3d6, Nodes: 4274b414-dae9-48b1-8d41-4b70e5f2a60a{ip: 172.17.0.2, host: e47597c41fba, networkLocation: /default-rack, certSerialId: null, persistedOpState: IN_SERVICE, persistedOpStateExpiryEpochSec: 0}, Type:RATIS, Factor:ONE, State:OPEN, leaderId:4274b414-dae9-48b1-8d41-4b70e5f2a60a, CreationTimestamp2021-01-12T14:07:18.339Z]
2021-01-12 14:07:18,340 [Listener at 127.0.0.1/33907] INFO  pipeline.PipelineStateManager (PipelineStateManager.java:addPipeline(54)) - Created pipeline Pipeline[ Id: 46ad2407-f375-49a5-a8a5-121d8b1b1650, Nodes: 3e740cc2-f7d4-4c62-8f61-84a01f098730{ip: 172.17.0.2, host: e47597c41fba, networkLocation: /default-rack, certSerialId: null, persistedOpState: IN_SERVICE, persistedOpStateExpiryEpochSec: 0}, Type:RATIS, Factor:ONE, State:OPEN, leaderId:3e740cc2-f7d4-4c62-8f61-84a01f098730, CreationTimestamp2021-01-12T14:07:18.340Z]
2021-01-12 14:07:18,341 [Listener at 127.0.0.1/33907] INFO  pipeline.PipelineStateManager (PipelineStateManager.java:addPipeline(54)) - Created pipeline Pipeline[ Id: 84d01728-7484-4ac8-9900-94ffbef8c967, Nodes: 4274b414-dae9-48b1-8d41-4b70e5f2a60a{ip: 172.17.0.2, host: e47597c41fba, networkLocation: /default-rack, certSerialId: null, persistedOpState: IN_SERVICE, persistedOpStateExpiryEpochSec: 0}e91d73f6-08d2-44aa-8f25-e39c88d9a3b1{ip: 172.17.0.2, host: e47597c41fba, networkLocation: /default-rack, certSerialId: null, persistedOpState: IN_SERVICE, persistedOpStateExpiryEpochSec: 0}3e740cc2-f7d4-4c62-8f61-84a01f098730{ip: 172.17.0.2, host: e47597c41fba, networkLocation: /default-rack, certSerialId: null, persistedOpState: IN_SERVICE, persistedOpStateExpiryEpochSec: 0}, Type:RATIS, Factor:THREE, State:OPEN, leaderId:e91d73f6-08d2-44aa-8f25-e39c88d9a3b1, CreationTimestamp2021-01-12T14:07:18.340Z]
2021-01-12 14:07:18,341 [Listener at 127.0.0.1/33907] INFO  pipeline.PipelineStateManager (PipelineStateManager.java:addPipeline(54)) - Created pipeline Pipeline[ Id: c057a116-1d16-4def-985c-1c39482078eb, Nodes: 4274b414-dae9-48b1-8d41-4b70e5f2a60a{ip: 172.17.0.2, host: e47597c41fba, networkLocation: /default-rack, certSerialId: null, persistedOpState: IN_SERVICE, persistedOpStateExpiryEpochSec: 0}e91d73f6-08d2-44aa-8f25-e39c88d9a3b1{ip: 172.17.0.2, host: e47597c41fba, networkLocation: /default-rack, certSerialId: null, persistedOpState: IN_SERVICE, persistedOpStateExpiryEpochSec: 0}3e740cc2-f7d4-4c62-8f61-84a01f098730{ip: 172.17.0.2, host: e47597c41fba, networkLocation: /default-rack, certSerialId: null, persistedOpState: IN_SERVICE, persistedOpStateExpiryEpochSec: 0}, Type:RATIS, Factor:THREE, State:OPEN, leaderId:4274b414-dae9-48b1-8d41-4b70e5f2a60a, CreationTimestamp2021-01-12T14:07:18.341Z]
2021-01-12 14:07:18,341 [Listener at 127.0.0.1/33907] INFO  pipeline.PipelineStateManager (PipelineStateManager.java:addPipeline(54)) - Created pipeline Pipeline[ Id: cf00f8bd-212e-4c44-a92d-d9c9492a4824, Nodes: e91d73f6-08d2-44aa-8f25-e39c88d9a3b1{ip: 172.17.0.2, host: e47597c41fba, networkLocation: /default-rack, certSerialId: null, persistedOpState: IN_SERVICE, persistedOpStateExpiryEpochSec: 0}, Type:RATIS, Factor:ONE, State:OPEN, leaderId:e91d73f6-08d2-44aa-8f25-e39c88d9a3b1, CreationTimestamp2021-01-12T14:07:18.341Z]
2021-01-12 14:07:18,342 [Listener at 127.0.0.1/33907] INFO  pipeline.PipelineStateManager (PipelineStateManager.java:addPipeline(54)) - Created pipeline Pipeline[ Id: fc70f051-27d2-4faa-901b-9d935603f9f7, Nodes: 2cbfbd9c-cb14-493e-a971-9cbbc5aab087{ip: 172.17.0.2, host: e47597c41fba, networkLocation: /default-rack, certSerialId: null, persistedOpState: IN_SERVICE, persistedOpStateExpiryEpochSec: 0}, Type:RATIS, Factor:ONE, State:OPEN, leaderId:2cbfbd9c-cb14-493e-a971-9cbbc5aab087, CreationTimestamp2021-01-12T14:07:18.342Z]
2021-01-12 14:07:18,343 [Listener at 127.0.0.1/33907] INFO  algorithms.PipelineChoosePolicyFactory (PipelineChoosePolicyFactory.java:createPipelineChoosePolicyFromClass(75)) - Create pipeline choose policy of type org.apache.hadoop.hdds.scm.pipeline.choose.algorithms.RandomPipelineChoosePolicy
2021-01-12 14:07:18,349 [Listener at 127.0.0.1/33907] INFO  safemode.HealthyPipelineSafeModeRule (HealthyPipelineSafeModeRule.java:<init>(89)) - Total pipeline count is 2, healthy pipeline threshold count is 1
2021-01-12 14:07:18,349 [Listener at 127.0.0.1/33907] INFO  safemode.OneReplicaPipelineSafeModeRule (OneReplicaPipelineSafeModeRule.java:<init>(85)) - Total pipeline count is 2, pipeline's with at least one datanode reported threshold count is 2
2021-01-12 14:07:18,351 [Listener at 127.0.0.1/33907] INFO  ipc.CallQueueManager (CallQueueManager.java:<init>(84)) - Using callQueue: class java.util.concurrent.LinkedBlockingQueue, queueCapacity: 2000, scheduler: class org.apache.hadoop.ipc.DefaultRpcScheduler, ipcBackoff: false.
2021-01-12 14:07:18,352 [Socket Reader #1 for port 44309] INFO  ipc.Server (Server.java:run(1219)) - Starting Socket Reader #1 for port 44309
2021-01-12 14:07:18,361 [Listener at 0.0.0.0/44309] INFO  ipc.CallQueueManager (CallQueueManager.java:<init>(84)) - Using callQueue: class java.util.concurrent.LinkedBlockingQueue, queueCapacity: 2000, scheduler: class org.apache.hadoop.ipc.DefaultRpcScheduler, ipcBackoff: false.
2021-01-12 14:07:18,366 [Socket Reader #1 for port 42169] INFO  ipc.Server (Server.java:run(1219)) - Starting Socket Reader #1 for port 42169
2021-01-12 14:07:18,367 [Listener at 0.0.0.0/42169] INFO  ipc.CallQueueManager (CallQueueManager.java:<init>(84)) - Using callQueue: class java.util.concurrent.LinkedBlockingQueue, queueCapacity: 2000, scheduler: class org.apache.hadoop.ipc.DefaultRpcScheduler, ipcBackoff: false.
2021-01-12 14:07:18,372 [Socket Reader #1 for port 36115] INFO  ipc.Server (Server.java:run(1219)) - Starting Socket Reader #1 for port 36115
2021-01-12 14:07:18,379 [Listener at 0.0.0.0/36115] INFO  http.BaseHttpServer (BaseHttpServer.java:newHttpServer2BuilderForOzone(207)) - Starting Web-server for scm at: http://0.0.0.0:34099
2021-01-12 14:07:18,379 [Listener at 0.0.0.0/36115] INFO  http.BaseHttpServer (BaseHttpServer.java:<init>(106)) - Hadoop Security Enabled: false Ozone Security Enabled: false Ozone HTTP Security Enabled: false 
2021-01-12 14:07:18,380 [Listener at 0.0.0.0/36115] INFO  server.AuthenticationFilter (AuthenticationFilter.java:constructSecretProvider(240)) - Unable to initialize FileSignerSecretProvider, falling back to use random secrets.
2021-01-12 14:07:18,384 [Listener at 0.0.0.0/36115] WARN  http.HttpRequestLog (HttpRequestLog.java:getRequestLog(103)) - Jetty request log can only be enabled using Log4j
2021-01-12 14:07:18,385 [Listener at 0.0.0.0/36115] INFO  http.HttpServer2 (HttpServer2.java:addGlobalFilter(1020)) - Added global filter 'safety' (class=org.apache.hadoop.hdds.server.http.HttpServer2$QuotingInputFilter)
2021-01-12 14:07:18,386 [Listener at 0.0.0.0/36115] INFO  http.HttpServer2 (HttpServer2.java:addFilter(996)) - Added filter static_user_filter (class=org.apache.hadoop.http.lib.StaticUserWebFilter$StaticUserFilter) to context scm
2021-01-12 14:07:18,386 [Listener at 0.0.0.0/36115] INFO  http.HttpServer2 (HttpServer2.java:addFilter(1004)) - Added filter static_user_filter (class=org.apache.hadoop.http.lib.StaticUserWebFilter$StaticUserFilter) to context static
2021-01-12 14:07:18,386 [Listener at 0.0.0.0/36115] INFO  http.HttpServer2 (HttpServer2.java:addFilter(1004)) - Added filter static_user_filter (class=org.apache.hadoop.http.lib.StaticUserWebFilter$StaticUserFilter) to context logs
2021-01-12 14:07:18,389 [Listener at 0.0.0.0/36115] INFO  server.StorageContainerManager (StorageContainerManager.java:start(789)) - StorageContainerLocationProtocol RPC server is listening at /0.0.0.0:36115
2021-01-12 14:07:18,390 [Listener at 0.0.0.0/36115] WARN  impl.MetricsConfig (MetricsConfig.java:loadFirst(134)) - Cannot locate configuration: tried hadoop-metrics2-storagecontainermanager.properties,hadoop-metrics2.properties
2021-01-12 14:07:18,392 [Listener at 0.0.0.0/36115] INFO  impl.MetricsSystemImpl (MetricsSystemImpl.java:startTimer(374)) - Scheduled Metric snapshot period at 10 second(s).
2021-01-12 14:07:18,392 [Listener at 0.0.0.0/36115] INFO  impl.MetricsSystemImpl (MetricsSystemImpl.java:start(191)) - StorageContainerManager metrics system started
2021-01-12 14:07:18,415 [Listener at 0.0.0.0/36115] WARN  impl.MetricsSystemImpl (MetricsSystemImpl.java:register(276)) - Sink prometheus already exists!
2021-01-12 14:07:18,433 [Listener at 0.0.0.0/36115] INFO  server.SCMClientProtocolServer (SCMClientProtocolServer.java:start(159)) - RPC server for Client  is listening at /0.0.0.0:36115
2021-01-12 14:07:18,433 [IPC Server Responder] INFO  ipc.Server (Server.java:run(1460)) - IPC Server Responder: starting
2021-01-12 14:07:18,434 [IPC Server listener on 36115] INFO  ipc.Server (Server.java:run(1298)) - IPC Server listener on 36115: starting
2021-01-12 14:07:18,444 [Listener at 0.0.0.0/36115] INFO  server.StorageContainerManager (StorageContainerManager.java:start(801)) - ScmBlockLocationProtocol RPC server is listening at /0.0.0.0:42169
2021-01-12 14:07:18,445 [Listener at 0.0.0.0/36115] INFO  server.SCMBlockProtocolServer (SCMBlockProtocolServer.java:start(150)) - RPC server for Block Protocol is listening at /0.0.0.0:42169
2021-01-12 14:07:18,445 [IPC Server Responder] INFO  ipc.Server (Server.java:run(1460)) - IPC Server Responder: starting
2021-01-12 14:07:18,445 [IPC Server listener on 42169] INFO  ipc.Server (Server.java:run(1298)) - IPC Server listener on 42169: starting
2021-01-12 14:07:18,451 [Listener at 0.0.0.0/36115] INFO  server.StorageContainerManager (StorageContainerManager.java:start(807)) - ScmDatanodeProtocl RPC server is listening at /0.0.0.0:44309
2021-01-12 14:07:18,451 [Listener at 0.0.0.0/36115] INFO  server.SCMDatanodeProtocolServer (SCMDatanodeProtocolServer.java:start(174)) - RPC server for DataNodes is listening at /0.0.0.0:44309
2021-01-12 14:07:18,451 [IPC Server Responder] INFO  ipc.Server (Server.java:run(1460)) - IPC Server Responder: starting
2021-01-12 14:07:18,452 [IPC Server listener on 44309] INFO  ipc.Server (Server.java:run(1298)) - IPC Server listener on 44309: starting
2021-01-12 14:07:18,455 [Listener at 0.0.0.0/36115] INFO  http.HttpServer2 (HttpServer2.java:bindListener(1238)) - Jetty bound to port 34099
2021-01-12 14:07:18,455 [Listener at 0.0.0.0/36115] INFO  server.Server (Server.java:doStart(375)) - jetty-9.4.34.v20201102; built: 2020-11-02T14:15:39.302Z; git: e46af88704a893fc12cb0e3bf46e2c7b48a009e7; jvm 1.8.0_232-b09
2021-01-12 14:07:18,457 [Listener at 0.0.0.0/36115] INFO  server.session (DefaultSessionIdManager.java:doStart(334)) - DefaultSessionIdManager workerName=node0
2021-01-12 14:07:18,457 [Listener at 0.0.0.0/36115] INFO  server.session (DefaultSessionIdManager.java:doStart(339)) - No SessionScavenger set, using defaults
2021-01-12 14:07:18,457 [Listener at 0.0.0.0/36115] INFO  server.session (HouseKeeper.java:startScavenging(132)) - node0 Scavenging every 600000ms
2021-01-12 14:07:18,458 [Listener at 0.0.0.0/36115] INFO  handler.ContextHandler (ContextHandler.java:doStart(916)) - Started o.e.j.s.ServletContextHandler@7da6e22a{logs,/logs,file:///github/workspace/mnt/ozone/hadoop-ozone/integration-test/target/log,AVAILABLE}
2021-01-12 14:07:18,459 [Listener at 0.0.0.0/36115] INFO  handler.ContextHandler (ContextHandler.java:doStart(916)) - Started o.e.j.s.ServletContextHandler@2aabd5a0{static,/static,file:///github/workspace/mnt/ozone/hadoop-ozone/integration-test/target/test-classes/webapps/static,AVAILABLE}
2021-01-12 14:07:18,462 [Listener at 0.0.0.0/36115] INFO  handler.ContextHandler (ContextHandler.java:doStart(916)) - Started o.e.j.w.WebAppContext@57fd3b57{scm,/,file:///github/workspace/mnt/ozone/hadoop-ozone/integration-test/target/test-classes/webapps/scm/,AVAILABLE}{file:/github/workspace/mnt/ozone/hadoop-ozone/integration-test/target/test-classes/webapps/scm}
2021-01-12 14:07:18,468 [Listener at 0.0.0.0/36115] INFO  server.AbstractConnector (AbstractConnector.java:doStart(331)) - Started ServerConnector@16dc12cf{HTTP/1.1, (http/1.1)}{0.0.0.0:34099}
2021-01-12 14:07:18,468 [Listener at 0.0.0.0/36115] INFO  server.Server (Server.java:doStart(415)) - Started @19663ms
2021-01-12 14:07:18,468 [Listener at 0.0.0.0/36115] WARN  impl.MetricsSystemImpl (MetricsSystemImpl.java:register(276)) - Sink prometheus already exists!
2021-01-12 14:07:18,472 [Listener at 0.0.0.0/36115] INFO  http.BaseHttpServer (BaseHttpServer.java:updateConnectorAddress(327)) - HTTP server of scm listening at http://0.0.0.0:34099
2021-01-12 14:07:18,473 [Listener at 0.0.0.0/36115] INFO  ozone.MiniOzoneClusterImpl (MiniOzoneClusterImpl.java:lambda$waitForClusterToBeReady$0(179)) - Waiting for nodes to be ready. Got 0 of 4 DN Heartbeats.
2021-01-12 14:07:18,473 [Listener at 0.0.0.0/36115] INFO  ozone.MiniOzoneClusterImpl (MiniOzoneClusterImpl.java:lambda$waitForClusterToBeReady$0(182)) - Waiting for cluster to exit safe mode
2021-01-12 14:07:18,473 [org.apache.hadoop.util.JvmPauseMonitor$Monitor@2f6fcc70] INFO  util.JvmPauseMonitor (JvmPauseMonitor.java:run(188)) - Starting JVM pause monitor
2021-01-12 14:07:18,957 [EndpointStateMachine task thread for /0.0.0.0:44309 - 0 ] INFO  ipc.Client (Client.java:handleConnectionFailure(958)) - Retrying connect to server: 0.0.0.0/0.0.0.0:44309. Already tried 0 time(s); retry policy is RetryUpToMaximumCountWithFixedSleep(maxRetries=15, sleepTime=1000 MILLISECONDS)
2021-01-12 14:07:18,962 [IPC Server handler 0 on default port 44309] INFO  server.SCMDatanodeHeartbeatDispatcher (SCMDatanodeHeartbeatDispatcher.java:dispatch(96)) - SCM received heartbeat from an unregistered datanode 2cbfbd9c-cb14-493e-a971-9cbbc5aab087{ip: 172.17.0.2, host: e47597c41fba, networkLocation: /default-rack, certSerialId: null, persistedOpState: null, persistedOpStateExpiryEpochSec: 0}. Asking datanode to re-register.
2021-01-12 14:07:18,963 [IPC Server handler 0 on default port 44309] INFO  server.SCMDatanodeHeartbeatDispatcher (SCMDatanodeHeartbeatDispatcher.java:dispatch(96)) - SCM received heartbeat from an unregistered datanode e91d73f6-08d2-44aa-8f25-e39c88d9a3b1{ip: 172.17.0.2, host: e47597c41fba, networkLocation: /default-rack, certSerialId: null, persistedOpState: null, persistedOpStateExpiryEpochSec: 0}. Asking datanode to re-register.
2021-01-12 14:07:18,964 [IPC Server handler 0 on default port 44309] INFO  server.SCMDatanodeHeartbeatDispatcher (SCMDatanodeHeartbeatDispatcher.java:dispatch(96)) - SCM received heartbeat from an unregistered datanode 3e740cc2-f7d4-4c62-8f61-84a01f098730{ip: 172.17.0.2, host: e47597c41fba, networkLocation: /default-rack, certSerialId: null, persistedOpState: null, persistedOpStateExpiryEpochSec: 0}. Asking datanode to re-register.
2021-01-12 14:07:18,964 [IPC Server handler 1 on default port 44309] INFO  server.SCMDatanodeHeartbeatDispatcher (SCMDatanodeHeartbeatDispatcher.java:dispatch(96)) - SCM received heartbeat from an unregistered datanode 4274b414-dae9-48b1-8d41-4b70e5f2a60a{ip: 172.17.0.2, host: e47597c41fba, networkLocation: /default-rack, certSerialId: null, persistedOpState: null, persistedOpStateExpiryEpochSec: 0}. Asking datanode to re-register.
2021-01-12 14:07:18,969 [IPC Server handler 4 on default port 44309] INFO  server.SCMDatanodeHeartbeatDispatcher (SCMDatanodeHeartbeatDispatcher.java:dispatch(96)) - SCM received heartbeat from an unregistered datanode 2cbfbd9c-cb14-493e-a971-9cbbc5aab087{ip: 172.17.0.2, host: e47597c41fba, networkLocation: /default-rack, certSerialId: null, persistedOpState: null, persistedOpStateExpiryEpochSec: 0}. Asking datanode to re-register.
2021-01-12 14:07:19,277 [IPC Server handler 5 on default port 44309] INFO  net.NetworkTopologyImpl (NetworkTopologyImpl.java:add(111)) - Added a new node: /default-rack/e91d73f6-08d2-44aa-8f25-e39c88d9a3b1
2021-01-12 14:07:19,279 [IPC Server handler 5 on default port 44309] INFO  node.SCMNodeManager (SCMNodeManager.java:register(341)) - Registered Data node : e91d73f6-08d2-44aa-8f25-e39c88d9a3b1{ip: 172.17.0.2, host: e47597c41fba, networkLocation: /default-rack, certSerialId: null, persistedOpState: IN_SERVICE, persistedOpStateExpiryEpochSec: 0}
2021-01-12 14:07:19,281 [EventQueue-NodeRegistrationContainerReportForContainerSafeModeRule] INFO  safemode.SCMSafeModeManager (SCMSafeModeManager.java:validateSafeModeExitRules(214)) - ContainerSafeModeRule rule is successfully validated
2021-01-12 14:07:19,281 [EventQueue-PipelineReportForOneReplicaPipelineSafeModeRule] INFO  safemode.SCMSafeModeManager (OneReplicaPipelineSafeModeRule.java:process(128)) - SCM in safe mode. Pipelines with at least one datanode reported count is 2, required at least one datanode reported per pipeline count is 2
2021-01-12 14:07:19,284 [EventQueue-NodeRegistrationContainerReportForDataNodeSafeModeRule] INFO  safemode.SCMSafeModeManager (DataNodeSafeModeRule.java:process(71)) - SCM in safe mode. 1 DataNodes registered, 1 required.
2021-01-12 14:07:19,284 [EventQueue-PipelineReportForOneReplicaPipelineSafeModeRule] INFO  safemode.SCMSafeModeManager (SCMSafeModeManager.java:validateSafeModeExitRules(214)) - AtleastOneDatanodeReportedRule rule is successfully validated
2021-01-12 14:07:19,285 [EventQueue-NodeRegistrationContainerReportForDataNodeSafeModeRule] INFO  safemode.SCMSafeModeManager (SCMSafeModeManager.java:validateSafeModeExitRules(214)) - DataNodeSafeModeRule rule is successfully validated
2021-01-12 14:07:19,285 [EventQueue-NodeRegistrationContainerReportForDataNodeSafeModeRule] INFO  safemode.SCMSafeModeManager (SCMSafeModeManager.java:completePreCheck(242)) - All SCM safe mode pre check rules have passed
2021-01-12 14:07:19,285 [EventQueue-OpenPipelineForHealthyPipelineSafeModeRule] INFO  safemode.SCMSafeModeManager (HealthyPipelineSafeModeRule.java:process(128)) - SCM in safe mode. Healthy pipelines reported count is 0, required healthy pipeline reported count is 1
2021-01-12 14:07:19,402 [IPC Server handler 6 on default port 44309] INFO  net.NetworkTopologyImpl (NetworkTopologyImpl.java:add(111)) - Added a new node: /default-rack/3e740cc2-f7d4-4c62-8f61-84a01f098730
2021-01-12 14:07:19,402 [IPC Server handler 6 on default port 44309] INFO  node.SCMNodeManager (SCMNodeManager.java:register(341)) - Registered Data node : 3e740cc2-f7d4-4c62-8f61-84a01f098730{ip: 172.17.0.2, host: e47597c41fba, networkLocation: /default-rack, certSerialId: null, persistedOpState: IN_SERVICE, persistedOpStateExpiryEpochSec: 0}
2021-01-12 14:07:19,402 [EventQueue-NodeRegistrationContainerReportForContainerSafeModeRule] INFO  safemode.SCMSafeModeManager (SCMSafeModeManager.java:validateSafeModeExitRules(214)) - ContainerSafeModeRule rule is successfully validated
2021-01-12 14:07:19,402 [EventQueue-PipelineReportForOneReplicaPipelineSafeModeRule] INFO  safemode.SCMSafeModeManager (SCMSafeModeManager.java:validateSafeModeExitRules(214)) - AtleastOneDatanodeReportedRule rule is successfully validated
2021-01-12 14:07:19,402 [EventQueue-NodeRegistrationContainerReportForDataNodeSafeModeRule] INFO  safemode.SCMSafeModeManager (SCMSafeModeManager.java:validateSafeModeExitRules(214)) - DataNodeSafeModeRule rule is successfully validated
2021-01-12 14:07:19,403 [EventQueue-OpenPipelineForHealthyPipelineSafeModeRule] INFO  safemode.SCMSafeModeManager (HealthyPipelineSafeModeRule.java:process(128)) - SCM in safe mode. Healthy pipelines reported count is 0, required healthy pipeline reported count is 1
2021-01-12 14:07:19,473 [Listener at 0.0.0.0/36115] INFO  ozone.MiniOzoneClusterImpl (MiniOzoneClusterImpl.java:lambda$waitForClusterToBeReady$0(179)) - Waiting for nodes to be ready. Got 2 of 4 DN Heartbeats.
2021-01-12 14:07:19,474 [Listener at 0.0.0.0/36115] INFO  ozone.MiniOzoneClusterImpl (MiniOzoneClusterImpl.java:lambda$waitForClusterToBeReady$0(182)) - Waiting for cluster to exit safe mode
2021-01-12 14:07:19,801 [IPC Server handler 1 on default port 44309] INFO  net.NetworkTopologyImpl (NetworkTopologyImpl.java:add(111)) - Added a new node: /default-rack/4274b414-dae9-48b1-8d41-4b70e5f2a60a
2021-01-12 14:07:19,801 [IPC Server handler 1 on default port 44309] INFO  node.SCMNodeManager (SCMNodeManager.java:register(341)) - Registered Data node : 4274b414-dae9-48b1-8d41-4b70e5f2a60a{ip: 172.17.0.2, host: e47597c41fba, networkLocation: /default-rack, certSerialId: null, persistedOpState: IN_SERVICE, persistedOpStateExpiryEpochSec: 0}
2021-01-12 14:07:19,801 [EventQueue-NodeRegistrationContainerReportForContainerSafeModeRule] INFO  safemode.SCMSafeModeManager (SCMSafeModeManager.java:validateSafeModeExitRules(214)) - ContainerSafeModeRule rule is successfully validated
2021-01-12 14:07:19,802 [EventQueue-NodeRegistrationContainerReportForDataNodeSafeModeRule] INFO  safemode.SCMSafeModeManager (SCMSafeModeManager.java:validateSafeModeExitRules(214)) - DataNodeSafeModeRule rule is successfully validated
2021-01-12 14:07:19,802 [EventQueue-OpenPipelineForHealthyPipelineSafeModeRule] INFO  safemode.SCMSafeModeManager (HealthyPipelineSafeModeRule.java:process(128)) - SCM in safe mode. Healthy pipelines reported count is 1, required healthy pipeline reported count is 1
2021-01-12 14:07:19,802 [EventQueue-OpenPipelineForHealthyPipelineSafeModeRule] INFO  safemode.SCMSafeModeManager (SCMSafeModeManager.java:validateSafeModeExitRules(214)) - HealthyPipelineSafeModeRule rule is successfully validated
2021-01-12 14:07:19,802 [EventQueue-OpenPipelineForHealthyPipelineSafeModeRule] INFO  safemode.SCMSafeModeManager (SCMSafeModeManager.java:validateSafeModeExitRules(228)) - ScmSafeModeManager, all rules are successfully validated
2021-01-12 14:07:19,802 [EventQueue-OpenPipelineForHealthyPipelineSafeModeRule] INFO  safemode.SCMSafeModeManager (SCMSafeModeManager.java:exitSafeMode(257)) - SCM exiting safe mode.
2021-01-12 14:07:19,803 [EventQueue-PipelineReportForOneReplicaPipelineSafeModeRule] INFO  safemode.SCMSafeModeManager (SCMSafeModeManager.java:validateSafeModeExitRules(214)) - AtleastOneDatanodeReportedRule rule is successfully validated
2021-01-12 14:07:19,803 [EventQueue-PipelineReportForOneReplicaPipelineSafeModeRule] INFO  safemode.SCMSafeModeManager (SCMSafeModeManager.java:validateSafeModeExitRules(228)) - ScmSafeModeManager, all rules are successfully validated
2021-01-12 14:07:19,803 [EventQueue-PipelineReportForOneReplicaPipelineSafeModeRule] INFO  safemode.SCMSafeModeManager (SCMSafeModeManager.java:exitSafeMode(257)) - SCM exiting safe mode.
2021-01-12 14:07:19,810 [Thread-243] WARN  events.EventQueue (EventQueue.java:fireEvent(150)) - Processing of TypedEvent{payloadType=SafeModeStatus, name='Delayed safe mode status'} is skipped, EventQueue is not running
2021-01-12 14:07:19,958 [IPC Server handler 0 on default port 44309] INFO  net.NetworkTopologyImpl (NetworkTopologyImpl.java:add(111)) - Added a new node: /default-rack/2cbfbd9c-cb14-493e-a971-9cbbc5aab087
2021-01-12 14:07:19,958 [IPC Server handler 0 on default port 44309] INFO  node.SCMNodeManager (SCMNodeManager.java:register(341)) - Registered Data node : 2cbfbd9c-cb14-493e-a971-9cbbc5aab087{ip: 172.17.0.2, host: e47597c41fba, networkLocation: /default-rack, certSerialId: null, persistedOpState: IN_SERVICE, persistedOpStateExpiryEpochSec: 0}
2021-01-12 14:07:20,474 [Listener at 0.0.0.0/36115] INFO  ozone.MiniOzoneClusterImpl (MiniOzoneClusterImpl.java:lambda$waitForClusterToBeReady$0(179)) - Nodes are ready. Got 4 of 4 DN Heartbeats.
2021-01-12 14:07:20,474 [Listener at 0.0.0.0/36115] INFO  ozone.MiniOzoneClusterImpl (MiniOzoneClusterImpl.java:lambda$waitForClusterToBeReady$0(182)) - Cluster exits safe mode
]]></system-out>
  </testcase>
</testsuite>