<?xml version="1.0" encoding="UTF-8"?>
<testsuite xmlns:xsi="http://www.w3.org/2001/XMLSchema-instance" xsi:noNamespaceSchemaLocation="https://maven.apache.org/surefire/maven-surefire-plugin/xsd/surefire-test-report.xsd" name="org.apache.hadoop.ozone.client.rpc.TestCloseContainerHandlingByClient" time="159.351" tests="7" errors="1" skipped="0" failures="0">
  <properties>
    <property name="awt.toolkit" value="sun.awt.X11.XToolkit"/>
    <property name="file.encoding.pkg" value="sun.io"/>
    <property name="java.specification.version" value="1.8"/>
    <property name="sun.cpu.isalist" value=""/>
    <property name="sun.jnu.encoding" value="UTF-8"/>
    <property name="java.class.path" value="/home/runner/work/ozone/ozone/mnt/ozone/hadoop-ozone/integration-test/target/test-classes:/home/runner/work/ozone/ozone/mnt/ozone/hadoop-ozone/integration-test/target/classes:/home/runner/.m2/repository/org/apache/ozone/ozone-common/1.2.0-SNAPSHOT/ozone-common-1.2.0-SNAPSHOT.jar:/home/runner/.m2/repository/org/apache/commons/commons-compress/1.20/commons-compress-1.20.jar:/home/runner/.m2/repository/org/apache/ozone/hdds-common/1.2.0-SNAPSHOT/hdds-common-1.2.0-SNAPSHOT.jar:/home/runner/.m2/repository/org/apache/ozone/hdds-client/1.2.0-SNAPSHOT/hdds-client-1.2.0-SNAPSHOT.jar:/home/runner/.m2/repository/org/apache/ozone/ozone-interface-client/1.2.0-SNAPSHOT/ozone-interface-client-1.2.0-SNAPSHOT.jar:/home/runner/.m2/repository/org/apache/ozone/hdds-server-framework/1.2.0-SNAPSHOT/hdds-server-framework-1.2.0-SNAPSHOT.jar:/home/runner/.m2/repository/org/apache/ozone/hdds-interface-server/1.2.0-SNAPSHOT/hdds-interface-server-1.2.0-SNAPSHOT.jar:/home/runner/.m2/repository/org/eclipse/jetty/jetty-servlet/9.4.35.v20201120/jetty-servlet-9.4.35.v20201120.jar:/home/runner/.m2/repository/org/eclipse/jetty/jetty-security/9.4.35.v20201120/jetty-security-9.4.35.v20201120.jar:/home/runner/.m2/repository/org/rocksdb/rocksdbjni/6.20.3/rocksdbjni-6.20.3.jar:/home/runner/.m2/repository/io/prometheus/simpleclient_dropwizard/0.7.0/simpleclient_dropwizard-0.7.0.jar:/home/runner/.m2/repository/io/prometheus/simpleclient/0.7.0/simpleclient-0.7.0.jar:/home/runner/.m2/repository/io/prometheus/simpleclient_common/0.7.0/simpleclient_common-0.7.0.jar:/home/runner/.m2/repository/com/fasterxml/jackson/datatype/jackson-datatype-jsr310/2.12.1/jackson-datatype-jsr310-2.12.1.jar:/home/runner/.m2/repository/org/apache/ozone/hdds-test-utils/1.2.0-SNAPSHOT/hdds-test-utils-1.2.0-SNAPSHOT.jar:/home/runner/.m2/repository/com/google/guava/guava/30.1.1-jre/guava-30.1.1-jre.jar:/home/runner/.m2/repository/com/google/guava/failureaccess/1.0.1/failureaccess-1.0.1.jar:/home/runner/.m2/repository/com/google/guava/listenablefuture/9999.0-empty-to-avoid-conflict-with-guava/listenablefuture-9999.0-empty-to-avoid-conflict-with-guava.jar:/home/runner/.m2/repository/com/google/code/findbugs/jsr305/3.0.0/jsr305-3.0.0.jar:/home/runner/.m2/repository/org/checkerframework/checker-qual/3.8.0/checker-qual-3.8.0.jar:/home/runner/.m2/repository/com/google/errorprone/error_prone_annotations/2.2.0/error_prone_annotations-2.2.0.jar:/home/runner/.m2/repository/com/google/j2objc/j2objc-annotations/1.3/j2objc-annotations-1.3.jar:/home/runner/.m2/repository/commons-io/commons-io/2.8.0/commons-io-2.8.0.jar:/home/runner/.m2/repository/commons-logging/commons-logging/1.2/commons-logging-1.2.jar:/home/runner/.m2/repository/log4j/log4j/1.2.17/log4j-1.2.17.jar:/home/runner/.m2/repository/org/slf4j/slf4j-api/1.7.30/slf4j-api-1.7.30.jar:/home/runner/.m2/repository/org/apache/ozone/hdds-server-scm/1.2.0-SNAPSHOT/hdds-server-scm-1.2.0-SNAPSHOT.jar:/home/runner/.m2/repository/org/apache/ozone/hdds-container-service/1.2.0-SNAPSHOT/hdds-container-service-1.2.0-SNAPSHOT.jar:/home/runner/.m2/repository/org/apache/ozone/hdds-hadoop-dependency-server/1.2.0-SNAPSHOT/hdds-hadoop-dependency-server-1.2.0-SNAPSHOT.jar:/home/runner/.m2/repository/org/apache/hadoop/hadoop-hdfs/3.3.1/hadoop-hdfs-3.3.1.jar:/home/runner/.m2/repository/io/dropwizard/metrics/metrics-core/3.2.4/metrics-core-3.2.4.jar:/home/runner/.m2/repository/org/apache/hadoop/hadoop-hdfs-client/3.3.1/hadoop-hdfs-client-3.3.1.jar:/home/runner/.m2/repository/org/bouncycastle/bcprov-jdk15on/1.67/bcprov-jdk15on-1.67.jar:/home/runner/.m2/repository/com/google/protobuf/protobuf-java/2.5.0/protobuf-java-2.5.0.jar:/home/runner/.m2/repository/org/apache/ozone/ozone-manager/1.2.0-SNAPSHOT/ozone-manager-1.2.0-SNAPSHOT.jar:/home/runner/.m2/repository/org/aspectj/aspectjrt/1.8.9/aspectjrt-1.8.9.jar:/home/runner/.m2/repository/org/aspectj/aspectjweaver/1.8.9/aspectjweaver-1.8.9.jar:/home/runner/.m2/repository/org/apache/ozone/hdds-interface-client/1.2.0-SNAPSHOT/hdds-interface-client-1.2.0-SNAPSHOT.jar:/home/runner/.m2/repository/org/apache/hadoop/thirdparty/hadoop-shaded-protobuf_3_7/1.1.1/hadoop-shaded-protobuf_3_7-1.1.1.jar:/home/runner/.m2/repository/org/apache/ratis/ratis-thirdparty-misc/0.7.0/ratis-thirdparty-misc-0.7.0.jar:/home/runner/.m2/repository/org/apache/ozone/ozone-interface-storage/1.2.0-SNAPSHOT/ozone-interface-storage-1.2.0-SNAPSHOT.jar:/home/runner/.m2/repository/org/reflections/reflections/0.9.11/reflections-0.9.11.jar:/home/runner/.m2/repository/org/apache/hadoop/hadoop-minikdc/3.3.1/hadoop-minikdc-3.3.1.jar:/home/runner/.m2/repository/org/apache/kerby/kerb-simplekdc/1.0.1/kerb-simplekdc-1.0.1.jar:/home/runner/.m2/repository/org/apache/kerby/kerb-client/1.0.1/kerb-client-1.0.1.jar:/home/runner/.m2/repository/org/apache/kerby/kerby-config/1.0.1/kerby-config-1.0.1.jar:/home/runner/.m2/repository/org/apache/kerby/kerb-common/1.0.1/kerb-common-1.0.1.jar:/home/runner/.m2/repository/org/apache/kerby/kerb-crypto/1.0.1/kerb-crypto-1.0.1.jar:/home/runner/.m2/repository/org/apache/kerby/kerb-util/1.0.1/kerb-util-1.0.1.jar:/home/runner/.m2/repository/org/apache/kerby/token-provider/1.0.1/token-provider-1.0.1.jar:/home/runner/.m2/repository/org/apache/kerby/kerb-admin/1.0.1/kerb-admin-1.0.1.jar:/home/runner/.m2/repository/org/apache/kerby/kerb-server/1.0.1/kerb-server-1.0.1.jar:/home/runner/.m2/repository/org/apache/kerby/kerb-identity/1.0.1/kerb-identity-1.0.1.jar:/home/runner/.m2/repository/org/apache/kerby/kerby-xdr/1.0.1/kerby-xdr-1.0.1.jar:/home/runner/.m2/repository/org/slf4j/slf4j-log4j12/1.7.30/slf4j-log4j12-1.7.30.jar:/home/runner/.m2/repository/org/apache/ozone/ozone-s3gateway/1.2.0-SNAPSHOT/ozone-s3gateway-1.2.0-SNAPSHOT.jar:/home/runner/.m2/repository/org/javassist/javassist/3.21.0-GA/javassist-3.21.0-GA.jar:/home/runner/.m2/repository/org/jboss/weld/servlet/weld-servlet/2.4.7.Final/weld-servlet-2.4.7.Final.jar:/home/runner/.m2/repository/org/glassfish/jersey/containers/jersey-container-servlet-core/2.33/jersey-container-servlet-core-2.33.jar:/home/runner/.m2/repository/org/glassfish/hk2/external/jakarta.inject/2.6.1/jakarta.inject-2.6.1.jar:/home/runner/.m2/repository/org/glassfish/jersey/core/jersey-common/2.33/jersey-common-2.33.jar:/home/runner/.m2/repository/jakarta/ws/rs/jakarta.ws.rs-api/2.1.6/jakarta.ws.rs-api-2.1.6.jar:/home/runner/.m2/repository/org/glassfish/jersey/ext/cdi/jersey-cdi1x/2.33/jersey-cdi1x-2.33.jar:/home/runner/.m2/repository/org/glassfish/jersey/inject/jersey-hk2/2.33/jersey-hk2-2.33.jar:/home/runner/.m2/repository/org/glassfish/hk2/hk2-locator/2.6.1/hk2-locator-2.6.1.jar:/home/runner/.m2/repository/org/glassfish/jersey/media/jersey-media-jaxb/2.33/jersey-media-jaxb-2.33.jar:/home/runner/.m2/repository/org/glassfish/hk2/osgi-resource-locator/1.0.3/osgi-resource-locator-1.0.3.jar:/home/runner/.m2/repository/org/glassfish/hk2/hk2-api/2.5.0/hk2-api-2.5.0.jar:/home/runner/.m2/repository/org/glassfish/hk2/hk2-utils/2.5.0/hk2-utils-2.5.0.jar:/home/runner/.m2/repository/org/glassfish/hk2/external/aopalliance-repackaged/2.5.0/aopalliance-repackaged-2.5.0.jar:/home/runner/.m2/repository/com/fasterxml/jackson/dataformat/jackson-dataformat-xml/2.12.1/jackson-dataformat-xml-2.12.1.jar:/home/runner/.m2/repository/com/fasterxml/jackson/core/jackson-core/2.12.1/jackson-core-2.12.1.jar:/home/runner/.m2/repository/com/fasterxml/jackson/module/jackson-module-jaxb-annotations/2.12.1/jackson-module-jaxb-annotations-2.12.1.jar:/home/runner/.m2/repository/jakarta/xml/bind/jakarta.xml.bind-api/2.3.2/jakarta.xml.bind-api-2.3.2.jar:/home/runner/.m2/repository/org/codehaus/woodstox/stax2-api/3.1.4/stax2-api-3.1.4.jar:/home/runner/.m2/repository/com/fasterxml/woodstox/woodstox-core/5.0.3/woodstox-core-5.0.3.jar:/home/runner/.m2/repository/javax/enterprise/cdi-api/1.2/cdi-api-1.2.jar:/home/runner/.m2/repository/javax/el/javax.el-api/3.0.0/javax.el-api-3.0.0.jar:/home/runner/.m2/repository/javax/interceptor/javax.interceptor-api/1.2/javax.interceptor-api-1.2.jar:/home/runner/.m2/repository/javax/inject/javax.inject/1/javax.inject-1.jar:/home/runner/.m2/repository/javax/xml/bind/jaxb-api/2.3.0/jaxb-api-2.3.0.jar:/home/runner/.m2/repository/org/glassfish/jaxb/jaxb-runtime/2.3.0.1/jaxb-runtime-2.3.0.1.jar:/home/runner/.m2/repository/org/glassfish/jaxb/jaxb-core/2.3.0.1/jaxb-core-2.3.0.1.jar:/home/runner/.m2/repository/org/glassfish/jaxb/txw2/2.3.0.1/txw2-2.3.0.1.jar:/home/runner/.m2/repository/com/sun/istack/istack-commons-runtime/3.0.5/istack-commons-runtime-3.0.5.jar:/home/runner/.m2/repository/org/jvnet/staxex/stax-ex/1.7.8/stax-ex-1.7.8.jar:/home/runner/.m2/repository/com/sun/xml/fastinfoset/FastInfoset/1.2.13/FastInfoset-1.2.13.jar:/home/runner/.m2/repository/javax/activation/activation/1.1.1/activation-1.1.1.jar:/home/runner/.m2/repository/org/apache/ozone/ozone-csi/1.2.0-SNAPSHOT/ozone-csi-1.2.0-SNAPSHOT.jar:/home/runner/.m2/repository/com/google/protobuf/protobuf-java-util/3.12.0/protobuf-java-util-3.12.0.jar:/home/runner/.m2/repository/com/google/code/gson/gson/2.2.4/gson-2.2.4.jar:/home/runner/.m2/repository/org/apache/ozone/hdds-config/1.2.0-SNAPSHOT/hdds-config-1.2.0-SNAPSHOT.jar:/home/runner/.m2/repository/io/grpc/grpc-netty/1.33.0/grpc-netty-1.33.0.jar:/home/runner/.m2/repository/io/grpc/grpc-core/1.33.0/grpc-core-1.33.0.jar:/home/runner/.m2/repository/com/google/android/annotations/4.1.1.4/annotations-4.1.1.4.jar:/home/runner/.m2/repository/io/netty/netty-codec-http2/4.1.63.Final/netty-codec-http2-4.1.63.Final.jar:/home/runner/.m2/repository/io/netty/netty-codec-http/4.1.63.Final/netty-codec-http-4.1.63.Final.jar:/home/runner/.m2/repository/io/netty/netty-handler-proxy/4.1.63.Final/netty-handler-proxy-4.1.63.Final.jar:/home/runner/.m2/repository/io/netty/netty-codec-socks/4.1.63.Final/netty-codec-socks-4.1.63.Final.jar:/home/runner/.m2/repository/io/perfmark/perfmark-api/0.19.0/perfmark-api-0.19.0.jar:/home/runner/.m2/repository/org/codehaus/mojo/animal-sniffer-annotations/1.18/animal-sniffer-annotations-1.18.jar:/home/runner/.m2/repository/io/netty/netty-transport-native-epoll/4.1.63.Final/netty-transport-native-epoll-4.1.63.Final.jar:/home/runner/.m2/repository/io/netty/netty-common/4.1.63.Final/netty-common-4.1.63.Final.jar:/home/runner/.m2/repository/io/netty/netty-buffer/4.1.63.Final/netty-buffer-4.1.63.Final.jar:/home/runner/.m2/repository/io/netty/netty-transport-native-unix-common/4.1.63.Final/netty-transport-native-unix-common-4.1.63.Final.jar:/home/runner/.m2/repository/io/grpc/grpc-protobuf/1.33.0/grpc-protobuf-1.33.0.jar:/home/runner/.m2/repository/io/grpc/grpc-api/1.33.0/grpc-api-1.33.0.jar:/home/runner/.m2/repository/io/grpc/grpc-context/1.33.0/grpc-context-1.33.0.jar:/home/runner/.m2/repository/com/google/api/grpc/proto-google-common-protos/1.17.0/proto-google-common-protos-1.17.0.jar:/home/runner/.m2/repository/io/grpc/grpc-protobuf-lite/1.33.0/grpc-protobuf-lite-1.33.0.jar:/home/runner/.m2/repository/io/grpc/grpc-stub/1.33.0/grpc-stub-1.33.0.jar:/home/runner/.m2/repository/org/apache/ozone/ozone-recon/1.2.0-SNAPSHOT/ozone-recon-1.2.0-SNAPSHOT.jar:/home/runner/.m2/repository/org/apache/ozone/ozone-reconcodegen/1.2.0-SNAPSHOT/ozone-reconcodegen-1.2.0-SNAPSHOT.jar:/home/runner/.m2/repository/com/google/inject/extensions/guice-multibindings/4.0/guice-multibindings-4.0.jar:/home/runner/.m2/repository/com/google/inject/guice/4.0/guice-4.0.jar:/home/runner/.m2/repository/aopalliance/aopalliance/1.0/aopalliance-1.0.jar:/home/runner/.m2/repository/com/google/inject/extensions/guice-assistedinject/4.0/guice-assistedinject-4.0.jar:/home/runner/.m2/repository/com/google/inject/extensions/guice-servlet/4.0/guice-servlet-4.0.jar:/home/runner/.m2/repository/org/glassfish/jersey/containers/jersey-container-servlet/2.33/jersey-container-servlet-2.33.jar:/home/runner/.m2/repository/org/glassfish/hk2/guice-bridge/2.5.0/guice-bridge-2.5.0.jar:/home/runner/.m2/repository/org/glassfish/jersey/core/jersey-server/2.33/jersey-server-2.33.jar:/home/runner/.m2/repository/org/glassfish/jersey/core/jersey-client/2.33/jersey-client-2.33.jar:/home/runner/.m2/repository/jakarta/annotation/jakarta.annotation-api/1.3.5/jakarta.annotation-api-1.3.5.jar:/home/runner/.m2/repository/jakarta/validation/jakarta.validation-api/2.0.2/jakarta.validation-api-2.0.2.jar:/home/runner/.m2/repository/org/glassfish/jersey/media/jersey-media-json-jackson/2.33/jersey-media-json-jackson-2.33.jar:/home/runner/.m2/repository/org/glassfish/jersey/ext/jersey-entity-filtering/2.33/jersey-entity-filtering-2.33.jar:/home/runner/.m2/repository/org/jooq/jooq/3.11.10/jooq-3.11.10.jar:/home/runner/.m2/repository/org/jooq/jooq-meta/3.11.10/jooq-meta-3.11.10.jar:/home/runner/.m2/repository/org/jooq/jooq-codegen/3.11.10/jooq-codegen-3.11.10.jar:/home/runner/.m2/repository/com/jolbox/bonecp/0.8.0.RELEASE/bonecp-0.8.0.RELEASE.jar:/home/runner/.m2/repository/org/apache/derby/derby/10.14.2.0/derby-10.14.2.0.jar:/home/runner/.m2/repository/org/xerial/sqlite-jdbc/3.25.2/sqlite-jdbc-3.25.2.jar:/home/runner/.m2/repository/org/springframework/spring-jdbc/5.2.11.RELEASE/spring-jdbc-5.2.11.RELEASE.jar:/home/runner/.m2/repository/org/springframework/spring-beans/5.2.11.RELEASE/spring-beans-5.2.11.RELEASE.jar:/home/runner/.m2/repository/org/springframework/spring-core/5.2.11.RELEASE/spring-core-5.2.11.RELEASE.jar:/home/runner/.m2/repository/org/springframework/spring-jcl/5.2.11.RELEASE/spring-jcl-5.2.11.RELEASE.jar:/home/runner/.m2/repository/org/springframework/spring-tx/5.2.11.RELEASE/spring-tx-5.2.11.RELEASE.jar:/home/runner/.m2/repository/org/apache/ozone/ozone-client/1.2.0-SNAPSHOT/ozone-client-1.2.0-SNAPSHOT.jar:/home/runner/.m2/repository/org/apache/ozone/ozone-filesystem/1.2.0-SNAPSHOT/ozone-filesystem-1.2.0-SNAPSHOT.jar:/home/runner/.m2/repository/org/apache/ozone/ozone-filesystem-common/1.2.0-SNAPSHOT/ozone-filesystem-common-1.2.0-SNAPSHOT.jar:/home/runner/.m2/repository/org/apache/ozone/ozone-tools/1.2.0-SNAPSHOT/ozone-tools-1.2.0-SNAPSHOT.jar:/home/runner/.m2/repository/org/apache/ratis/ratis-tools/2.1.0/ratis-tools-2.1.0.jar:/home/runner/.m2/repository/org/apache/ratis/ratis-proto/2.1.0/ratis-proto-2.1.0.jar:/home/runner/.m2/repository/org/apache/ratis/ratis-common/2.1.0/ratis-common-2.1.0.jar:/home/runner/.m2/repository/com/amazonaws/aws-java-sdk-core/1.11.901/aws-java-sdk-core-1.11.901.jar:/home/runner/.m2/repository/org/apache/httpcomponents/httpclient/4.5.13/httpclient-4.5.13.jar:/home/runner/.m2/repository/org/apache/httpcomponents/httpcore/4.4.13/httpcore-4.4.13.jar:/home/runner/.m2/repository/software/amazon/ion/ion-java/1.0.2/ion-java-1.0.2.jar:/home/runner/.m2/repository/com/fasterxml/jackson/dataformat/jackson-dataformat-cbor/2.12.1/jackson-dataformat-cbor-2.12.1.jar:/home/runner/.m2/repository/joda-time/joda-time/2.8.1/joda-time-2.8.1.jar:/home/runner/.m2/repository/com/amazonaws/aws-java-sdk-s3/1.11.901/aws-java-sdk-s3-1.11.901.jar:/home/runner/.m2/repository/com/amazonaws/aws-java-sdk-kms/1.11.901/aws-java-sdk-kms-1.11.901.jar:/home/runner/.m2/repository/com/amazonaws/jmespath-java/1.11.901/jmespath-java-1.11.901.jar:/home/runner/.m2/repository/org/kohsuke/metainf-services/metainf-services/1.8/metainf-services-1.8.jar:/home/runner/.m2/repository/org/apache/ozone/hdds-tools/1.2.0-SNAPSHOT/hdds-tools-1.2.0-SNAPSHOT.jar:/home/runner/.m2/repository/commons-cli/commons-cli/1.2/commons-cli-1.2.jar:/home/runner/.m2/repository/org/apache/commons/commons-lang3/3.7/commons-lang3-3.7.jar:/home/runner/.m2/repository/org/apache/ozone/ozone-manager/1.2.0-SNAPSHOT/ozone-manager-1.2.0-SNAPSHOT-tests.jar:/home/runner/.m2/repository/org/apache/ozone/hdds-common/1.2.0-SNAPSHOT/hdds-common-1.2.0-SNAPSHOT-tests.jar:/home/runner/.m2/repository/org/apache/ozone/hdds-hadoop-dependency-client/1.2.0-SNAPSHOT/hdds-hadoop-dependency-client-1.2.0-SNAPSHOT.jar:/home/runner/.m2/repository/info/picocli/picocli/4.4.0/picocli-4.4.0.jar:/home/runner/.m2/repository/com/fasterxml/jackson/core/jackson-annotations/2.12.1/jackson-annotations-2.12.1.jar:/home/runner/.m2/repository/javax/annotation/javax.annotation-api/1.2/javax.annotation-api-1.2.jar:/home/runner/.m2/repository/org/apache/ratis/ratis-server/2.1.0/ratis-server-2.1.0.jar:/home/runner/.m2/repository/org/apache/ratis/ratis-client/2.1.0/ratis-client-2.1.0.jar:/home/runner/.m2/repository/org/apache/ratis/ratis-server-api/2.1.0/ratis-server-api-2.1.0.jar:/home/runner/.m2/repository/org/apache/ratis/ratis-metrics/2.1.0/ratis-metrics-2.1.0.jar:/home/runner/.m2/repository/org/apache/ratis/ratis-netty/2.1.0/ratis-netty-2.1.0.jar:/home/runner/.m2/repository/org/apache/ratis/ratis-grpc/2.1.0/ratis-grpc-2.1.0.jar:/home/runner/.m2/repository/org/apache/logging/log4j/log4j-api/2.13.3/log4j-api-2.13.3.jar:/home/runner/.m2/repository/org/apache/logging/log4j/log4j-core/2.13.3/log4j-core-2.13.3.jar:/home/runner/.m2/repository/com/lmax/disruptor/3.4.2/disruptor-3.4.2.jar:/home/runner/.m2/repository/org/apache/commons/commons-pool2/2.6.0/commons-pool2-2.6.0.jar:/home/runner/.m2/repository/org/bouncycastle/bcpkix-jdk15on/1.67/bcpkix-jdk15on-1.67.jar:/home/runner/.m2/repository/commons-validator/commons-validator/1.6/commons-validator-1.6.jar:/home/runner/.m2/repository/commons-beanutils/commons-beanutils/1.9.4/commons-beanutils-1.9.4.jar:/home/runner/.m2/repository/commons-digester/commons-digester/1.8.1/commons-digester-1.8.1.jar:/home/runner/.m2/repository/commons-collections/commons-collections/3.2.2/commons-collections-3.2.2.jar:/home/runner/.m2/repository/io/jaegertracing/jaeger-client/1.6.0/jaeger-client-1.6.0.jar:/home/runner/.m2/repository/io/jaegertracing/jaeger-thrift/1.6.0/jaeger-thrift-1.6.0.jar:/home/runner/.m2/repository/org/apache/thrift/libthrift/0.14.1/libthrift-0.14.1.jar:/home/runner/.m2/repository/com/squareup/okhttp3/okhttp/4.9.0/okhttp-4.9.0.jar:/home/runner/.m2/repository/com/squareup/okio/okio/2.8.0/okio-2.8.0.jar:/home/runner/.m2/repository/io/jaegertracing/jaeger-core/1.6.0/jaeger-core-1.6.0.jar:/home/runner/.m2/repository/io/jaegertracing/jaeger-tracerresolver/1.6.0/jaeger-tracerresolver-1.6.0.jar:/home/runner/.m2/repository/io/opentracing/contrib/opentracing-tracerresolver/0.1.8/opentracing-tracerresolver-0.1.8.jar:/home/runner/.m2/repository/org/jetbrains/kotlin/kotlin-stdlib/1.4.31/kotlin-stdlib-1.4.31.jar:/home/runner/.m2/repository/org/jetbrains/kotlin/kotlin-stdlib-common/1.4.31/kotlin-stdlib-common-1.4.31.jar:/home/runner/.m2/repository/org/jetbrains/annotations/13.0/annotations-13.0.jar:/home/runner/.m2/repository/io/opentracing/opentracing-util/0.33.0/opentracing-util-0.33.0.jar:/home/runner/.m2/repository/io/opentracing/opentracing-api/0.33.0/opentracing-api-0.33.0.jar:/home/runner/.m2/repository/io/opentracing/opentracing-noop/0.33.0/opentracing-noop-0.33.0.jar:/home/runner/.m2/repository/org/yaml/snakeyaml/1.26/snakeyaml-1.26.jar:/home/runner/.m2/repository/org/apache/ozone/hdds-interface-admin/1.2.0-SNAPSHOT/hdds-interface-admin-1.2.0-SNAPSHOT.jar:/home/runner/.m2/repository/junit/junit/4.13.1/junit-4.13.1.jar:/home/runner/.m2/repository/org/hamcrest/hamcrest-core/1.3/hamcrest-core-1.3.jar:/home/runner/.m2/repository/org/junit/jupiter/junit-jupiter-api/5.7.0/junit-jupiter-api-5.7.0.jar:/home/runner/.m2/repository/org/apiguardian/apiguardian-api/1.1.0/apiguardian-api-1.1.0.jar:/home/runner/.m2/repository/org/opentest4j/opentest4j/1.2.0/opentest4j-1.2.0.jar:/home/runner/.m2/repository/org/junit/platform/junit-platform-commons/1.7.0/junit-platform-commons-1.7.0.jar:/home/runner/.m2/repository/org/junit/jupiter/junit-jupiter-engine/5.7.0/junit-jupiter-engine-5.7.0.jar:/home/runner/.m2/repository/org/junit/platform/junit-platform-engine/1.7.0/junit-platform-engine-1.7.0.jar:/home/runner/.m2/repository/org/junit/vintage/junit-vintage-engine/5.7.0/junit-vintage-engine-5.7.0.jar:/home/runner/.m2/repository/org/junit/platform/junit-platform-launcher/1.7.0/junit-platform-launcher-1.7.0.jar:/home/runner/.m2/repository/org/openjdk/jmh/jmh-core/1.19/jmh-core-1.19.jar:/home/runner/.m2/repository/net/sf/jopt-simple/jopt-simple/4.6/jopt-simple-4.6.jar:/home/runner/.m2/repository/org/apache/commons/commons-math3/3.1.1/commons-math3-3.1.1.jar:/home/runner/.m2/repository/org/openjdk/jmh/jmh-generator-annprocess/1.19/jmh-generator-annprocess-1.19.jar:/home/runner/.m2/repository/org/mockito/mockito-core/2.28.2/mockito-core-2.28.2.jar:/home/runner/.m2/repository/net/bytebuddy/byte-buddy/1.9.10/byte-buddy-1.9.10.jar:/home/runner/.m2/repository/net/bytebuddy/byte-buddy-agent/1.9.10/byte-buddy-agent-1.9.10.jar:/home/runner/.m2/repository/org/objenesis/objenesis/1.0/objenesis-1.0.jar:/home/runner/.m2/repository/org/apache/hadoop/hadoop-kms/3.3.1/hadoop-kms-3.3.1.jar:/home/runner/.m2/repository/org/apache/hadoop/hadoop-auth/3.3.1/hadoop-auth-3.3.1.jar:/home/runner/.m2/repository/com/nimbusds/nimbus-jose-jwt/7.9/nimbus-jose-jwt-7.9.jar:/home/runner/.m2/repository/com/github/stephenc/jcip/jcip-annotations/1.0-1/jcip-annotations-1.0-1.jar:/home/runner/.m2/repository/net/minidev/json-smart/2.3/json-smart-2.3.jar:/home/runner/.m2/repository/net/minidev/accessors-smart/1.2/accessors-smart-1.2.jar:/home/runner/.m2/repository/org/ow2/asm/asm/5.0.4/asm-5.0.4.jar:/home/runner/.m2/repository/org/apache/zookeeper/zookeeper/3.5.6/zookeeper-3.5.6.jar:/home/runner/.m2/repository/org/apache/zookeeper/zookeeper-jute/3.5.6/zookeeper-jute-3.5.6.jar:/home/runner/.m2/repository/org/apache/yetus/audience-annotations/0.5.0/audience-annotations-0.5.0.jar:/home/runner/.m2/repository/org/apache/curator/curator-framework/4.2.0/curator-framework-4.2.0.jar:/home/runner/.m2/repository/org/apache/hadoop/thirdparty/hadoop-shaded-guava/1.1.1/hadoop-shaded-guava-1.1.1.jar:/home/runner/.m2/repository/com/sun/jersey/jersey-core/1.19/jersey-core-1.19.jar:/home/runner/.m2/repository/javax/ws/rs/jsr311-api/1.1.1/jsr311-api-1.1.1.jar:/home/runner/.m2/repository/com/sun/jersey/jersey-server/1.19/jersey-server-1.19.jar:/home/runner/.m2/repository/javax/servlet/javax.servlet-api/3.1.0/javax.servlet-api-3.1.0.jar:/home/runner/.m2/repository/org/eclipse/jetty/jetty-server/9.4.35.v20201120/jetty-server-9.4.35.v20201120.jar:/home/runner/.m2/repository/org/eclipse/jetty/jetty-http/9.4.35.v20201120/jetty-http-9.4.35.v20201120.jar:/home/runner/.m2/repository/org/eclipse/jetty/jetty-io/9.4.35.v20201120/jetty-io-9.4.35.v20201120.jar:/home/runner/.m2/repository/org/eclipse/jetty/jetty-webapp/9.4.35.v20201120/jetty-webapp-9.4.35.v20201120.jar:/home/runner/.m2/repository/org/eclipse/jetty/jetty-xml/9.4.35.v20201120/jetty-xml-9.4.35.v20201120.jar:/home/runner/.m2/repository/org/apache/hadoop/hadoop-common/3.3.1/hadoop-common-3.3.1.jar:/home/runner/.m2/repository/commons-net/commons-net/3.6/commons-net-3.6.jar:/home/runner/.m2/repository/jakarta/activation/jakarta.activation-api/1.2.1/jakarta.activation-api-1.2.1.jar:/home/runner/.m2/repository/com/sun/jersey/jersey-servlet/1.19/jersey-servlet-1.19.jar:/home/runner/.m2/repository/com/sun/jersey/jersey-json/1.19/jersey-json-1.19.jar:/home/runner/.m2/repository/org/codehaus/jettison/jettison/1.1/jettison-1.1.jar:/home/runner/.m2/repository/com/sun/xml/bind/jaxb-impl/2.2.3-1/jaxb-impl-2.2.3-1.jar:/home/runner/.m2/repository/org/codehaus/jackson/jackson-jaxrs/1.9.2/jackson-jaxrs-1.9.2.jar:/home/runner/.m2/repository/org/codehaus/jackson/jackson-xc/1.9.2/jackson-xc-1.9.2.jar:/home/runner/.m2/repository/org/apache/commons/commons-configuration2/2.1.1/commons-configuration2-2.1.1.jar:/home/runner/.m2/repository/org/apache/commons/commons-text/1.4/commons-text-1.4.jar:/home/runner/.m2/repository/com/google/re2j/re2j/1.1/re2j-1.1.jar:/home/runner/.m2/repository/com/jcraft/jsch/0.1.54/jsch-0.1.54.jar:/home/runner/.m2/repository/org/apache/curator/curator-client/4.2.0/curator-client-4.2.0.jar:/home/runner/.m2/repository/org/apache/curator/curator-recipes/4.2.0/curator-recipes-4.2.0.jar:/home/runner/.m2/repository/org/apache/kerby/kerb-core/1.0.1/kerb-core-1.0.1.jar:/home/runner/.m2/repository/org/apache/kerby/kerby-pkix/1.0.1/kerby-pkix-1.0.1.jar:/home/runner/.m2/repository/org/apache/kerby/kerby-asn1/1.0.1/kerby-asn1-1.0.1.jar:/home/runner/.m2/repository/org/apache/kerby/kerby-util/1.0.1/kerby-util-1.0.1.jar:/home/runner/.m2/repository/dnsjava/dnsjava/2.1.7/dnsjava-2.1.7.jar:/home/runner/.m2/repository/org/xerial/snappy/snappy-java/1.1.8.2/snappy-java-1.1.8.2.jar:/home/runner/.m2/repository/org/slf4j/jul-to-slf4j/1.7.30/jul-to-slf4j-1.7.30.jar:/home/runner/.m2/repository/org/eclipse/jetty/jetty-util/9.4.35.v20201120/jetty-util-9.4.35.v20201120.jar:/home/runner/.m2/repository/com/fasterxml/jackson/core/jackson-databind/2.12.1/jackson-databind-2.12.1.jar:/home/runner/.m2/repository/org/apache/hadoop/hadoop-kms/3.3.1/hadoop-kms-3.3.1-tests.jar:/home/runner/.m2/repository/org/apache/ozone/hdds-server-scm/1.2.0-SNAPSHOT/hdds-server-scm-1.2.0-SNAPSHOT-tests.jar:/home/runner/.m2/repository/org/apache/ozone/hdds-container-service/1.2.0-SNAPSHOT/hdds-container-service-1.2.0-SNAPSHOT-tests.jar:/home/runner/.m2/repository/commons-codec/commons-codec/1.11/commons-codec-1.11.jar:/home/runner/.m2/repository/io/netty/netty-transport/4.1.63.Final/netty-transport-4.1.63.Final.jar:/home/runner/.m2/repository/io/netty/netty-resolver/4.1.63.Final/netty-resolver-4.1.63.Final.jar:/home/runner/.m2/repository/io/netty/netty-codec/4.1.63.Final/netty-codec-4.1.63.Final.jar:/home/runner/.m2/repository/io/netty/netty-handler/4.1.63.Final/netty-handler-4.1.63.Final.jar:/home/runner/.m2/repository/org/apache/ozone/hdds-hadoop-dependency-test/1.2.0-SNAPSHOT/hdds-hadoop-dependency-test-1.2.0-SNAPSHOT.jar:/home/runner/.m2/repository/org/apache/hadoop/hadoop-common/3.3.1/hadoop-common-3.3.1-tests.jar:/home/runner/.m2/repository/org/assertj/assertj-core/3.12.2/assertj-core-3.12.2.jar:/home/runner/.m2/repository/org/apache/hadoop/hadoop-hdfs/3.3.1/hadoop-hdfs-3.3.1-tests.jar:/home/runner/.m2/repository/org/eclipse/jetty/jetty-util-ajax/9.4.35.v20201120/jetty-util-ajax-9.4.35.v20201120.jar:/home/runner/.m2/repository/commons-daemon/commons-daemon/1.0.13/commons-daemon-1.0.13.jar:/home/runner/.m2/repository/io/netty/netty/3.10.6.Final/netty-3.10.6.Final.jar:/home/runner/.m2/repository/io/netty/netty-all/4.1.63.Final/netty-all-4.1.63.Final.jar:/home/runner/.m2/repository/org/apache/htrace/htrace-core4/4.1.0-incubating/htrace-core4-4.1.0-incubating.jar:/home/runner/.m2/repository/org/fusesource/leveldbjni/leveldbjni-all/1.8/leveldbjni-all-1.8.jar:/home/runner/.m2/repository/org/apache/hadoop/hadoop-distcp/3.3.1/hadoop-distcp-3.3.1.jar:/home/runner/.m2/repository/org/apache/hadoop/hadoop-mapreduce-client-jobclient/3.3.1/hadoop-mapreduce-client-jobclient-3.3.1.jar:/home/runner/.m2/repository/org/apache/hadoop/hadoop-mapreduce-client-common/3.3.1/hadoop-mapreduce-client-common-3.3.1.jar:/home/runner/.m2/repository/org/apache/hadoop/hadoop-yarn-common/3.3.1/hadoop-yarn-common-3.3.1.jar:/home/runner/.m2/repository/org/apache/hadoop/hadoop-yarn-api/3.3.1/hadoop-yarn-api-3.3.1.jar:/home/runner/.m2/repository/com/sun/jersey/jersey-client/1.19/jersey-client-1.19.jar:/home/runner/.m2/repository/com/sun/jersey/contribs/jersey-guice/1.19/jersey-guice-1.19.jar:/home/runner/.m2/repository/com/fasterxml/jackson/jaxrs/jackson-jaxrs-json-provider/2.12.1/jackson-jaxrs-json-provider-2.12.1.jar:/home/runner/.m2/repository/com/fasterxml/jackson/jaxrs/jackson-jaxrs-base/2.12.1/jackson-jaxrs-base-2.12.1.jar:/home/runner/.m2/repository/org/apache/hadoop/hadoop-yarn-client/3.3.1/hadoop-yarn-client-3.3.1.jar:/home/runner/.m2/repository/org/eclipse/jetty/websocket/websocket-client/9.4.40.v20210413/websocket-client-9.4.40.v20210413.jar:/home/runner/.m2/repository/org/eclipse/jetty/jetty-client/9.4.40.v20210413/jetty-client-9.4.40.v20210413.jar:/home/runner/.m2/repository/org/eclipse/jetty/websocket/websocket-common/9.4.40.v20210413/websocket-common-9.4.40.v20210413.jar:/home/runner/.m2/repository/org/eclipse/jetty/websocket/websocket-api/9.4.40.v20210413/websocket-api-9.4.40.v20210413.jar:/home/runner/.m2/repository/org/jline/jline/3.9.0/jline-3.9.0.jar:/home/runner/.m2/repository/org/apache/hadoop/hadoop-mapreduce-client-core/3.3.1/hadoop-mapreduce-client-core-3.3.1.jar:/home/runner/.m2/repository/org/apache/avro/avro/1.7.7/avro-1.7.7.jar:/home/runner/.m2/repository/org/codehaus/jackson/jackson-core-asl/1.9.13/jackson-core-asl-1.9.13.jar:/home/runner/.m2/repository/org/codehaus/jackson/jackson-mapper-asl/1.9.13/jackson-mapper-asl-1.9.13.jar:/home/runner/.m2/repository/com/thoughtworks/paranamer/paranamer/2.3/paranamer-2.3.jar:/home/runner/.m2/repository/org/apache/hadoop/hadoop-annotations/3.3.1/hadoop-annotations-3.3.1.jar:/usr/lib/jvm/adoptopenjdk-8-hotspot-amd64/jre/../lib/tools.jar:/home/runner/.m2/repository/org/apache/hadoop/hadoop-distcp/3.3.1/hadoop-distcp-3.3.1-tests.jar:"/>
    <property name="java.vm.vendor" value="AdoptOpenJDK"/>
    <property name="sun.arch.data.model" value="64"/>
    <property name="test.build.dir" value="/home/runner/work/ozone/ozone/mnt/ozone/hadoop-ozone/integration-test/target/test-dir"/>
    <property name="test.cache.data" value=""/>
    <property name="java.vendor.url" value="https://adoptopenjdk.net/"/>
    <property name="user.timezone" value=""/>
    <property name="java.vm.specification.version" value="1.8"/>
    <property name="os.name" value="Linux"/>
    <property name="test.build.data" value="/home/runner/work/ozone/ozone/mnt/ozone/hadoop-ozone/integration-test/target/test-dir"/>
    <property name="sun.java.launcher" value="SUN_STANDARD"/>
    <property name="sun.boot.library.path" value="/usr/lib/jvm/adoptopenjdk-8-hotspot-amd64/jre/lib/amd64"/>
    <property name="sun.java.command" value="/home/runner/work/ozone/ozone/mnt/ozone/hadoop-ozone/integration-test/target/surefire/surefirebooter2920959516813451172.jar /home/runner/work/ozone/ozone/mnt/ozone/hadoop-ozone/integration-test/target/surefire 2021-08-04T00-53-52_069-jvmRun1 surefire6052032532700034071tmp surefire_12564529277343418101tmp"/>
    <property name="surefire.test.class.path" value="/home/runner/work/ozone/ozone/mnt/ozone/hadoop-ozone/integration-test/target/test-classes:/home/runner/work/ozone/ozone/mnt/ozone/hadoop-ozone/integration-test/target/classes:/home/runner/.m2/repository/org/apache/ozone/ozone-common/1.2.0-SNAPSHOT/ozone-common-1.2.0-SNAPSHOT.jar:/home/runner/.m2/repository/org/apache/commons/commons-compress/1.20/commons-compress-1.20.jar:/home/runner/.m2/repository/org/apache/ozone/hdds-common/1.2.0-SNAPSHOT/hdds-common-1.2.0-SNAPSHOT.jar:/home/runner/.m2/repository/org/apache/ozone/hdds-client/1.2.0-SNAPSHOT/hdds-client-1.2.0-SNAPSHOT.jar:/home/runner/.m2/repository/org/apache/ozone/ozone-interface-client/1.2.0-SNAPSHOT/ozone-interface-client-1.2.0-SNAPSHOT.jar:/home/runner/.m2/repository/org/apache/ozone/hdds-server-framework/1.2.0-SNAPSHOT/hdds-server-framework-1.2.0-SNAPSHOT.jar:/home/runner/.m2/repository/org/apache/ozone/hdds-interface-server/1.2.0-SNAPSHOT/hdds-interface-server-1.2.0-SNAPSHOT.jar:/home/runner/.m2/repository/org/eclipse/jetty/jetty-servlet/9.4.35.v20201120/jetty-servlet-9.4.35.v20201120.jar:/home/runner/.m2/repository/org/eclipse/jetty/jetty-security/9.4.35.v20201120/jetty-security-9.4.35.v20201120.jar:/home/runner/.m2/repository/org/rocksdb/rocksdbjni/6.20.3/rocksdbjni-6.20.3.jar:/home/runner/.m2/repository/io/prometheus/simpleclient_dropwizard/0.7.0/simpleclient_dropwizard-0.7.0.jar:/home/runner/.m2/repository/io/prometheus/simpleclient/0.7.0/simpleclient-0.7.0.jar:/home/runner/.m2/repository/io/prometheus/simpleclient_common/0.7.0/simpleclient_common-0.7.0.jar:/home/runner/.m2/repository/com/fasterxml/jackson/datatype/jackson-datatype-jsr310/2.12.1/jackson-datatype-jsr310-2.12.1.jar:/home/runner/.m2/repository/org/apache/ozone/hdds-test-utils/1.2.0-SNAPSHOT/hdds-test-utils-1.2.0-SNAPSHOT.jar:/home/runner/.m2/repository/com/google/guava/guava/30.1.1-jre/guava-30.1.1-jre.jar:/home/runner/.m2/repository/com/google/guava/failureaccess/1.0.1/failureaccess-1.0.1.jar:/home/runner/.m2/repository/com/google/guava/listenablefuture/9999.0-empty-to-avoid-conflict-with-guava/listenablefuture-9999.0-empty-to-avoid-conflict-with-guava.jar:/home/runner/.m2/repository/com/google/code/findbugs/jsr305/3.0.0/jsr305-3.0.0.jar:/home/runner/.m2/repository/org/checkerframework/checker-qual/3.8.0/checker-qual-3.8.0.jar:/home/runner/.m2/repository/com/google/errorprone/error_prone_annotations/2.2.0/error_prone_annotations-2.2.0.jar:/home/runner/.m2/repository/com/google/j2objc/j2objc-annotations/1.3/j2objc-annotations-1.3.jar:/home/runner/.m2/repository/commons-io/commons-io/2.8.0/commons-io-2.8.0.jar:/home/runner/.m2/repository/commons-logging/commons-logging/1.2/commons-logging-1.2.jar:/home/runner/.m2/repository/log4j/log4j/1.2.17/log4j-1.2.17.jar:/home/runner/.m2/repository/org/slf4j/slf4j-api/1.7.30/slf4j-api-1.7.30.jar:/home/runner/.m2/repository/org/apache/ozone/hdds-server-scm/1.2.0-SNAPSHOT/hdds-server-scm-1.2.0-SNAPSHOT.jar:/home/runner/.m2/repository/org/apache/ozone/hdds-container-service/1.2.0-SNAPSHOT/hdds-container-service-1.2.0-SNAPSHOT.jar:/home/runner/.m2/repository/org/apache/ozone/hdds-hadoop-dependency-server/1.2.0-SNAPSHOT/hdds-hadoop-dependency-server-1.2.0-SNAPSHOT.jar:/home/runner/.m2/repository/org/apache/hadoop/hadoop-hdfs/3.3.1/hadoop-hdfs-3.3.1.jar:/home/runner/.m2/repository/io/dropwizard/metrics/metrics-core/3.2.4/metrics-core-3.2.4.jar:/home/runner/.m2/repository/org/apache/hadoop/hadoop-hdfs-client/3.3.1/hadoop-hdfs-client-3.3.1.jar:/home/runner/.m2/repository/org/bouncycastle/bcprov-jdk15on/1.67/bcprov-jdk15on-1.67.jar:/home/runner/.m2/repository/com/google/protobuf/protobuf-java/2.5.0/protobuf-java-2.5.0.jar:/home/runner/.m2/repository/org/apache/ozone/ozone-manager/1.2.0-SNAPSHOT/ozone-manager-1.2.0-SNAPSHOT.jar:/home/runner/.m2/repository/org/aspectj/aspectjrt/1.8.9/aspectjrt-1.8.9.jar:/home/runner/.m2/repository/org/aspectj/aspectjweaver/1.8.9/aspectjweaver-1.8.9.jar:/home/runner/.m2/repository/org/apache/ozone/hdds-interface-client/1.2.0-SNAPSHOT/hdds-interface-client-1.2.0-SNAPSHOT.jar:/home/runner/.m2/repository/org/apache/hadoop/thirdparty/hadoop-shaded-protobuf_3_7/1.1.1/hadoop-shaded-protobuf_3_7-1.1.1.jar:/home/runner/.m2/repository/org/apache/ratis/ratis-thirdparty-misc/0.7.0/ratis-thirdparty-misc-0.7.0.jar:/home/runner/.m2/repository/org/apache/ozone/ozone-interface-storage/1.2.0-SNAPSHOT/ozone-interface-storage-1.2.0-SNAPSHOT.jar:/home/runner/.m2/repository/org/reflections/reflections/0.9.11/reflections-0.9.11.jar:/home/runner/.m2/repository/org/apache/hadoop/hadoop-minikdc/3.3.1/hadoop-minikdc-3.3.1.jar:/home/runner/.m2/repository/org/apache/kerby/kerb-simplekdc/1.0.1/kerb-simplekdc-1.0.1.jar:/home/runner/.m2/repository/org/apache/kerby/kerb-client/1.0.1/kerb-client-1.0.1.jar:/home/runner/.m2/repository/org/apache/kerby/kerby-config/1.0.1/kerby-config-1.0.1.jar:/home/runner/.m2/repository/org/apache/kerby/kerb-common/1.0.1/kerb-common-1.0.1.jar:/home/runner/.m2/repository/org/apache/kerby/kerb-crypto/1.0.1/kerb-crypto-1.0.1.jar:/home/runner/.m2/repository/org/apache/kerby/kerb-util/1.0.1/kerb-util-1.0.1.jar:/home/runner/.m2/repository/org/apache/kerby/token-provider/1.0.1/token-provider-1.0.1.jar:/home/runner/.m2/repository/org/apache/kerby/kerb-admin/1.0.1/kerb-admin-1.0.1.jar:/home/runner/.m2/repository/org/apache/kerby/kerb-server/1.0.1/kerb-server-1.0.1.jar:/home/runner/.m2/repository/org/apache/kerby/kerb-identity/1.0.1/kerb-identity-1.0.1.jar:/home/runner/.m2/repository/org/apache/kerby/kerby-xdr/1.0.1/kerby-xdr-1.0.1.jar:/home/runner/.m2/repository/org/slf4j/slf4j-log4j12/1.7.30/slf4j-log4j12-1.7.30.jar:/home/runner/.m2/repository/org/apache/ozone/ozone-s3gateway/1.2.0-SNAPSHOT/ozone-s3gateway-1.2.0-SNAPSHOT.jar:/home/runner/.m2/repository/org/javassist/javassist/3.21.0-GA/javassist-3.21.0-GA.jar:/home/runner/.m2/repository/org/jboss/weld/servlet/weld-servlet/2.4.7.Final/weld-servlet-2.4.7.Final.jar:/home/runner/.m2/repository/org/glassfish/jersey/containers/jersey-container-servlet-core/2.33/jersey-container-servlet-core-2.33.jar:/home/runner/.m2/repository/org/glassfish/hk2/external/jakarta.inject/2.6.1/jakarta.inject-2.6.1.jar:/home/runner/.m2/repository/org/glassfish/jersey/core/jersey-common/2.33/jersey-common-2.33.jar:/home/runner/.m2/repository/jakarta/ws/rs/jakarta.ws.rs-api/2.1.6/jakarta.ws.rs-api-2.1.6.jar:/home/runner/.m2/repository/org/glassfish/jersey/ext/cdi/jersey-cdi1x/2.33/jersey-cdi1x-2.33.jar:/home/runner/.m2/repository/org/glassfish/jersey/inject/jersey-hk2/2.33/jersey-hk2-2.33.jar:/home/runner/.m2/repository/org/glassfish/hk2/hk2-locator/2.6.1/hk2-locator-2.6.1.jar:/home/runner/.m2/repository/org/glassfish/jersey/media/jersey-media-jaxb/2.33/jersey-media-jaxb-2.33.jar:/home/runner/.m2/repository/org/glassfish/hk2/osgi-resource-locator/1.0.3/osgi-resource-locator-1.0.3.jar:/home/runner/.m2/repository/org/glassfish/hk2/hk2-api/2.5.0/hk2-api-2.5.0.jar:/home/runner/.m2/repository/org/glassfish/hk2/hk2-utils/2.5.0/hk2-utils-2.5.0.jar:/home/runner/.m2/repository/org/glassfish/hk2/external/aopalliance-repackaged/2.5.0/aopalliance-repackaged-2.5.0.jar:/home/runner/.m2/repository/com/fasterxml/jackson/dataformat/jackson-dataformat-xml/2.12.1/jackson-dataformat-xml-2.12.1.jar:/home/runner/.m2/repository/com/fasterxml/jackson/core/jackson-core/2.12.1/jackson-core-2.12.1.jar:/home/runner/.m2/repository/com/fasterxml/jackson/module/jackson-module-jaxb-annotations/2.12.1/jackson-module-jaxb-annotations-2.12.1.jar:/home/runner/.m2/repository/jakarta/xml/bind/jakarta.xml.bind-api/2.3.2/jakarta.xml.bind-api-2.3.2.jar:/home/runner/.m2/repository/org/codehaus/woodstox/stax2-api/3.1.4/stax2-api-3.1.4.jar:/home/runner/.m2/repository/com/fasterxml/woodstox/woodstox-core/5.0.3/woodstox-core-5.0.3.jar:/home/runner/.m2/repository/javax/enterprise/cdi-api/1.2/cdi-api-1.2.jar:/home/runner/.m2/repository/javax/el/javax.el-api/3.0.0/javax.el-api-3.0.0.jar:/home/runner/.m2/repository/javax/interceptor/javax.interceptor-api/1.2/javax.interceptor-api-1.2.jar:/home/runner/.m2/repository/javax/inject/javax.inject/1/javax.inject-1.jar:/home/runner/.m2/repository/javax/xml/bind/jaxb-api/2.3.0/jaxb-api-2.3.0.jar:/home/runner/.m2/repository/org/glassfish/jaxb/jaxb-runtime/2.3.0.1/jaxb-runtime-2.3.0.1.jar:/home/runner/.m2/repository/org/glassfish/jaxb/jaxb-core/2.3.0.1/jaxb-core-2.3.0.1.jar:/home/runner/.m2/repository/org/glassfish/jaxb/txw2/2.3.0.1/txw2-2.3.0.1.jar:/home/runner/.m2/repository/com/sun/istack/istack-commons-runtime/3.0.5/istack-commons-runtime-3.0.5.jar:/home/runner/.m2/repository/org/jvnet/staxex/stax-ex/1.7.8/stax-ex-1.7.8.jar:/home/runner/.m2/repository/com/sun/xml/fastinfoset/FastInfoset/1.2.13/FastInfoset-1.2.13.jar:/home/runner/.m2/repository/javax/activation/activation/1.1.1/activation-1.1.1.jar:/home/runner/.m2/repository/org/apache/ozone/ozone-csi/1.2.0-SNAPSHOT/ozone-csi-1.2.0-SNAPSHOT.jar:/home/runner/.m2/repository/com/google/protobuf/protobuf-java-util/3.12.0/protobuf-java-util-3.12.0.jar:/home/runner/.m2/repository/com/google/code/gson/gson/2.2.4/gson-2.2.4.jar:/home/runner/.m2/repository/org/apache/ozone/hdds-config/1.2.0-SNAPSHOT/hdds-config-1.2.0-SNAPSHOT.jar:/home/runner/.m2/repository/io/grpc/grpc-netty/1.33.0/grpc-netty-1.33.0.jar:/home/runner/.m2/repository/io/grpc/grpc-core/1.33.0/grpc-core-1.33.0.jar:/home/runner/.m2/repository/com/google/android/annotations/4.1.1.4/annotations-4.1.1.4.jar:/home/runner/.m2/repository/io/netty/netty-codec-http2/4.1.63.Final/netty-codec-http2-4.1.63.Final.jar:/home/runner/.m2/repository/io/netty/netty-codec-http/4.1.63.Final/netty-codec-http-4.1.63.Final.jar:/home/runner/.m2/repository/io/netty/netty-handler-proxy/4.1.63.Final/netty-handler-proxy-4.1.63.Final.jar:/home/runner/.m2/repository/io/netty/netty-codec-socks/4.1.63.Final/netty-codec-socks-4.1.63.Final.jar:/home/runner/.m2/repository/io/perfmark/perfmark-api/0.19.0/perfmark-api-0.19.0.jar:/home/runner/.m2/repository/org/codehaus/mojo/animal-sniffer-annotations/1.18/animal-sniffer-annotations-1.18.jar:/home/runner/.m2/repository/io/netty/netty-transport-native-epoll/4.1.63.Final/netty-transport-native-epoll-4.1.63.Final.jar:/home/runner/.m2/repository/io/netty/netty-common/4.1.63.Final/netty-common-4.1.63.Final.jar:/home/runner/.m2/repository/io/netty/netty-buffer/4.1.63.Final/netty-buffer-4.1.63.Final.jar:/home/runner/.m2/repository/io/netty/netty-transport-native-unix-common/4.1.63.Final/netty-transport-native-unix-common-4.1.63.Final.jar:/home/runner/.m2/repository/io/grpc/grpc-protobuf/1.33.0/grpc-protobuf-1.33.0.jar:/home/runner/.m2/repository/io/grpc/grpc-api/1.33.0/grpc-api-1.33.0.jar:/home/runner/.m2/repository/io/grpc/grpc-context/1.33.0/grpc-context-1.33.0.jar:/home/runner/.m2/repository/com/google/api/grpc/proto-google-common-protos/1.17.0/proto-google-common-protos-1.17.0.jar:/home/runner/.m2/repository/io/grpc/grpc-protobuf-lite/1.33.0/grpc-protobuf-lite-1.33.0.jar:/home/runner/.m2/repository/io/grpc/grpc-stub/1.33.0/grpc-stub-1.33.0.jar:/home/runner/.m2/repository/org/apache/ozone/ozone-recon/1.2.0-SNAPSHOT/ozone-recon-1.2.0-SNAPSHOT.jar:/home/runner/.m2/repository/org/apache/ozone/ozone-reconcodegen/1.2.0-SNAPSHOT/ozone-reconcodegen-1.2.0-SNAPSHOT.jar:/home/runner/.m2/repository/com/google/inject/extensions/guice-multibindings/4.0/guice-multibindings-4.0.jar:/home/runner/.m2/repository/com/google/inject/guice/4.0/guice-4.0.jar:/home/runner/.m2/repository/aopalliance/aopalliance/1.0/aopalliance-1.0.jar:/home/runner/.m2/repository/com/google/inject/extensions/guice-assistedinject/4.0/guice-assistedinject-4.0.jar:/home/runner/.m2/repository/com/google/inject/extensions/guice-servlet/4.0/guice-servlet-4.0.jar:/home/runner/.m2/repository/org/glassfish/jersey/containers/jersey-container-servlet/2.33/jersey-container-servlet-2.33.jar:/home/runner/.m2/repository/org/glassfish/hk2/guice-bridge/2.5.0/guice-bridge-2.5.0.jar:/home/runner/.m2/repository/org/glassfish/jersey/core/jersey-server/2.33/jersey-server-2.33.jar:/home/runner/.m2/repository/org/glassfish/jersey/core/jersey-client/2.33/jersey-client-2.33.jar:/home/runner/.m2/repository/jakarta/annotation/jakarta.annotation-api/1.3.5/jakarta.annotation-api-1.3.5.jar:/home/runner/.m2/repository/jakarta/validation/jakarta.validation-api/2.0.2/jakarta.validation-api-2.0.2.jar:/home/runner/.m2/repository/org/glassfish/jersey/media/jersey-media-json-jackson/2.33/jersey-media-json-jackson-2.33.jar:/home/runner/.m2/repository/org/glassfish/jersey/ext/jersey-entity-filtering/2.33/jersey-entity-filtering-2.33.jar:/home/runner/.m2/repository/org/jooq/jooq/3.11.10/jooq-3.11.10.jar:/home/runner/.m2/repository/org/jooq/jooq-meta/3.11.10/jooq-meta-3.11.10.jar:/home/runner/.m2/repository/org/jooq/jooq-codegen/3.11.10/jooq-codegen-3.11.10.jar:/home/runner/.m2/repository/com/jolbox/bonecp/0.8.0.RELEASE/bonecp-0.8.0.RELEASE.jar:/home/runner/.m2/repository/org/apache/derby/derby/10.14.2.0/derby-10.14.2.0.jar:/home/runner/.m2/repository/org/xerial/sqlite-jdbc/3.25.2/sqlite-jdbc-3.25.2.jar:/home/runner/.m2/repository/org/springframework/spring-jdbc/5.2.11.RELEASE/spring-jdbc-5.2.11.RELEASE.jar:/home/runner/.m2/repository/org/springframework/spring-beans/5.2.11.RELEASE/spring-beans-5.2.11.RELEASE.jar:/home/runner/.m2/repository/org/springframework/spring-core/5.2.11.RELEASE/spring-core-5.2.11.RELEASE.jar:/home/runner/.m2/repository/org/springframework/spring-jcl/5.2.11.RELEASE/spring-jcl-5.2.11.RELEASE.jar:/home/runner/.m2/repository/org/springframework/spring-tx/5.2.11.RELEASE/spring-tx-5.2.11.RELEASE.jar:/home/runner/.m2/repository/org/apache/ozone/ozone-client/1.2.0-SNAPSHOT/ozone-client-1.2.0-SNAPSHOT.jar:/home/runner/.m2/repository/org/apache/ozone/ozone-filesystem/1.2.0-SNAPSHOT/ozone-filesystem-1.2.0-SNAPSHOT.jar:/home/runner/.m2/repository/org/apache/ozone/ozone-filesystem-common/1.2.0-SNAPSHOT/ozone-filesystem-common-1.2.0-SNAPSHOT.jar:/home/runner/.m2/repository/org/apache/ozone/ozone-tools/1.2.0-SNAPSHOT/ozone-tools-1.2.0-SNAPSHOT.jar:/home/runner/.m2/repository/org/apache/ratis/ratis-tools/2.1.0/ratis-tools-2.1.0.jar:/home/runner/.m2/repository/org/apache/ratis/ratis-proto/2.1.0/ratis-proto-2.1.0.jar:/home/runner/.m2/repository/org/apache/ratis/ratis-common/2.1.0/ratis-common-2.1.0.jar:/home/runner/.m2/repository/com/amazonaws/aws-java-sdk-core/1.11.901/aws-java-sdk-core-1.11.901.jar:/home/runner/.m2/repository/org/apache/httpcomponents/httpclient/4.5.13/httpclient-4.5.13.jar:/home/runner/.m2/repository/org/apache/httpcomponents/httpcore/4.4.13/httpcore-4.4.13.jar:/home/runner/.m2/repository/software/amazon/ion/ion-java/1.0.2/ion-java-1.0.2.jar:/home/runner/.m2/repository/com/fasterxml/jackson/dataformat/jackson-dataformat-cbor/2.12.1/jackson-dataformat-cbor-2.12.1.jar:/home/runner/.m2/repository/joda-time/joda-time/2.8.1/joda-time-2.8.1.jar:/home/runner/.m2/repository/com/amazonaws/aws-java-sdk-s3/1.11.901/aws-java-sdk-s3-1.11.901.jar:/home/runner/.m2/repository/com/amazonaws/aws-java-sdk-kms/1.11.901/aws-java-sdk-kms-1.11.901.jar:/home/runner/.m2/repository/com/amazonaws/jmespath-java/1.11.901/jmespath-java-1.11.901.jar:/home/runner/.m2/repository/org/kohsuke/metainf-services/metainf-services/1.8/metainf-services-1.8.jar:/home/runner/.m2/repository/org/apache/ozone/hdds-tools/1.2.0-SNAPSHOT/hdds-tools-1.2.0-SNAPSHOT.jar:/home/runner/.m2/repository/commons-cli/commons-cli/1.2/commons-cli-1.2.jar:/home/runner/.m2/repository/org/apache/commons/commons-lang3/3.7/commons-lang3-3.7.jar:/home/runner/.m2/repository/org/apache/ozone/ozone-manager/1.2.0-SNAPSHOT/ozone-manager-1.2.0-SNAPSHOT-tests.jar:/home/runner/.m2/repository/org/apache/ozone/hdds-common/1.2.0-SNAPSHOT/hdds-common-1.2.0-SNAPSHOT-tests.jar:/home/runner/.m2/repository/org/apache/ozone/hdds-hadoop-dependency-client/1.2.0-SNAPSHOT/hdds-hadoop-dependency-client-1.2.0-SNAPSHOT.jar:/home/runner/.m2/repository/info/picocli/picocli/4.4.0/picocli-4.4.0.jar:/home/runner/.m2/repository/com/fasterxml/jackson/core/jackson-annotations/2.12.1/jackson-annotations-2.12.1.jar:/home/runner/.m2/repository/javax/annotation/javax.annotation-api/1.2/javax.annotation-api-1.2.jar:/home/runner/.m2/repository/org/apache/ratis/ratis-server/2.1.0/ratis-server-2.1.0.jar:/home/runner/.m2/repository/org/apache/ratis/ratis-client/2.1.0/ratis-client-2.1.0.jar:/home/runner/.m2/repository/org/apache/ratis/ratis-server-api/2.1.0/ratis-server-api-2.1.0.jar:/home/runner/.m2/repository/org/apache/ratis/ratis-metrics/2.1.0/ratis-metrics-2.1.0.jar:/home/runner/.m2/repository/org/apache/ratis/ratis-netty/2.1.0/ratis-netty-2.1.0.jar:/home/runner/.m2/repository/org/apache/ratis/ratis-grpc/2.1.0/ratis-grpc-2.1.0.jar:/home/runner/.m2/repository/org/apache/logging/log4j/log4j-api/2.13.3/log4j-api-2.13.3.jar:/home/runner/.m2/repository/org/apache/logging/log4j/log4j-core/2.13.3/log4j-core-2.13.3.jar:/home/runner/.m2/repository/com/lmax/disruptor/3.4.2/disruptor-3.4.2.jar:/home/runner/.m2/repository/org/apache/commons/commons-pool2/2.6.0/commons-pool2-2.6.0.jar:/home/runner/.m2/repository/org/bouncycastle/bcpkix-jdk15on/1.67/bcpkix-jdk15on-1.67.jar:/home/runner/.m2/repository/commons-validator/commons-validator/1.6/commons-validator-1.6.jar:/home/runner/.m2/repository/commons-beanutils/commons-beanutils/1.9.4/commons-beanutils-1.9.4.jar:/home/runner/.m2/repository/commons-digester/commons-digester/1.8.1/commons-digester-1.8.1.jar:/home/runner/.m2/repository/commons-collections/commons-collections/3.2.2/commons-collections-3.2.2.jar:/home/runner/.m2/repository/io/jaegertracing/jaeger-client/1.6.0/jaeger-client-1.6.0.jar:/home/runner/.m2/repository/io/jaegertracing/jaeger-thrift/1.6.0/jaeger-thrift-1.6.0.jar:/home/runner/.m2/repository/org/apache/thrift/libthrift/0.14.1/libthrift-0.14.1.jar:/home/runner/.m2/repository/com/squareup/okhttp3/okhttp/4.9.0/okhttp-4.9.0.jar:/home/runner/.m2/repository/com/squareup/okio/okio/2.8.0/okio-2.8.0.jar:/home/runner/.m2/repository/io/jaegertracing/jaeger-core/1.6.0/jaeger-core-1.6.0.jar:/home/runner/.m2/repository/io/jaegertracing/jaeger-tracerresolver/1.6.0/jaeger-tracerresolver-1.6.0.jar:/home/runner/.m2/repository/io/opentracing/contrib/opentracing-tracerresolver/0.1.8/opentracing-tracerresolver-0.1.8.jar:/home/runner/.m2/repository/org/jetbrains/kotlin/kotlin-stdlib/1.4.31/kotlin-stdlib-1.4.31.jar:/home/runner/.m2/repository/org/jetbrains/kotlin/kotlin-stdlib-common/1.4.31/kotlin-stdlib-common-1.4.31.jar:/home/runner/.m2/repository/org/jetbrains/annotations/13.0/annotations-13.0.jar:/home/runner/.m2/repository/io/opentracing/opentracing-util/0.33.0/opentracing-util-0.33.0.jar:/home/runner/.m2/repository/io/opentracing/opentracing-api/0.33.0/opentracing-api-0.33.0.jar:/home/runner/.m2/repository/io/opentracing/opentracing-noop/0.33.0/opentracing-noop-0.33.0.jar:/home/runner/.m2/repository/org/yaml/snakeyaml/1.26/snakeyaml-1.26.jar:/home/runner/.m2/repository/org/apache/ozone/hdds-interface-admin/1.2.0-SNAPSHOT/hdds-interface-admin-1.2.0-SNAPSHOT.jar:/home/runner/.m2/repository/junit/junit/4.13.1/junit-4.13.1.jar:/home/runner/.m2/repository/org/hamcrest/hamcrest-core/1.3/hamcrest-core-1.3.jar:/home/runner/.m2/repository/org/junit/jupiter/junit-jupiter-api/5.7.0/junit-jupiter-api-5.7.0.jar:/home/runner/.m2/repository/org/apiguardian/apiguardian-api/1.1.0/apiguardian-api-1.1.0.jar:/home/runner/.m2/repository/org/opentest4j/opentest4j/1.2.0/opentest4j-1.2.0.jar:/home/runner/.m2/repository/org/junit/platform/junit-platform-commons/1.7.0/junit-platform-commons-1.7.0.jar:/home/runner/.m2/repository/org/junit/jupiter/junit-jupiter-engine/5.7.0/junit-jupiter-engine-5.7.0.jar:/home/runner/.m2/repository/org/junit/platform/junit-platform-engine/1.7.0/junit-platform-engine-1.7.0.jar:/home/runner/.m2/repository/org/junit/vintage/junit-vintage-engine/5.7.0/junit-vintage-engine-5.7.0.jar:/home/runner/.m2/repository/org/junit/platform/junit-platform-launcher/1.7.0/junit-platform-launcher-1.7.0.jar:/home/runner/.m2/repository/org/openjdk/jmh/jmh-core/1.19/jmh-core-1.19.jar:/home/runner/.m2/repository/net/sf/jopt-simple/jopt-simple/4.6/jopt-simple-4.6.jar:/home/runner/.m2/repository/org/apache/commons/commons-math3/3.1.1/commons-math3-3.1.1.jar:/home/runner/.m2/repository/org/openjdk/jmh/jmh-generator-annprocess/1.19/jmh-generator-annprocess-1.19.jar:/home/runner/.m2/repository/org/mockito/mockito-core/2.28.2/mockito-core-2.28.2.jar:/home/runner/.m2/repository/net/bytebuddy/byte-buddy/1.9.10/byte-buddy-1.9.10.jar:/home/runner/.m2/repository/net/bytebuddy/byte-buddy-agent/1.9.10/byte-buddy-agent-1.9.10.jar:/home/runner/.m2/repository/org/objenesis/objenesis/1.0/objenesis-1.0.jar:/home/runner/.m2/repository/org/apache/hadoop/hadoop-kms/3.3.1/hadoop-kms-3.3.1.jar:/home/runner/.m2/repository/org/apache/hadoop/hadoop-auth/3.3.1/hadoop-auth-3.3.1.jar:/home/runner/.m2/repository/com/nimbusds/nimbus-jose-jwt/7.9/nimbus-jose-jwt-7.9.jar:/home/runner/.m2/repository/com/github/stephenc/jcip/jcip-annotations/1.0-1/jcip-annotations-1.0-1.jar:/home/runner/.m2/repository/net/minidev/json-smart/2.3/json-smart-2.3.jar:/home/runner/.m2/repository/net/minidev/accessors-smart/1.2/accessors-smart-1.2.jar:/home/runner/.m2/repository/org/ow2/asm/asm/5.0.4/asm-5.0.4.jar:/home/runner/.m2/repository/org/apache/zookeeper/zookeeper/3.5.6/zookeeper-3.5.6.jar:/home/runner/.m2/repository/org/apache/zookeeper/zookeeper-jute/3.5.6/zookeeper-jute-3.5.6.jar:/home/runner/.m2/repository/org/apache/yetus/audience-annotations/0.5.0/audience-annotations-0.5.0.jar:/home/runner/.m2/repository/org/apache/curator/curator-framework/4.2.0/curator-framework-4.2.0.jar:/home/runner/.m2/repository/org/apache/hadoop/thirdparty/hadoop-shaded-guava/1.1.1/hadoop-shaded-guava-1.1.1.jar:/home/runner/.m2/repository/com/sun/jersey/jersey-core/1.19/jersey-core-1.19.jar:/home/runner/.m2/repository/javax/ws/rs/jsr311-api/1.1.1/jsr311-api-1.1.1.jar:/home/runner/.m2/repository/com/sun/jersey/jersey-server/1.19/jersey-server-1.19.jar:/home/runner/.m2/repository/javax/servlet/javax.servlet-api/3.1.0/javax.servlet-api-3.1.0.jar:/home/runner/.m2/repository/org/eclipse/jetty/jetty-server/9.4.35.v20201120/jetty-server-9.4.35.v20201120.jar:/home/runner/.m2/repository/org/eclipse/jetty/jetty-http/9.4.35.v20201120/jetty-http-9.4.35.v20201120.jar:/home/runner/.m2/repository/org/eclipse/jetty/jetty-io/9.4.35.v20201120/jetty-io-9.4.35.v20201120.jar:/home/runner/.m2/repository/org/eclipse/jetty/jetty-webapp/9.4.35.v20201120/jetty-webapp-9.4.35.v20201120.jar:/home/runner/.m2/repository/org/eclipse/jetty/jetty-xml/9.4.35.v20201120/jetty-xml-9.4.35.v20201120.jar:/home/runner/.m2/repository/org/apache/hadoop/hadoop-common/3.3.1/hadoop-common-3.3.1.jar:/home/runner/.m2/repository/commons-net/commons-net/3.6/commons-net-3.6.jar:/home/runner/.m2/repository/jakarta/activation/jakarta.activation-api/1.2.1/jakarta.activation-api-1.2.1.jar:/home/runner/.m2/repository/com/sun/jersey/jersey-servlet/1.19/jersey-servlet-1.19.jar:/home/runner/.m2/repository/com/sun/jersey/jersey-json/1.19/jersey-json-1.19.jar:/home/runner/.m2/repository/org/codehaus/jettison/jettison/1.1/jettison-1.1.jar:/home/runner/.m2/repository/com/sun/xml/bind/jaxb-impl/2.2.3-1/jaxb-impl-2.2.3-1.jar:/home/runner/.m2/repository/org/codehaus/jackson/jackson-jaxrs/1.9.2/jackson-jaxrs-1.9.2.jar:/home/runner/.m2/repository/org/codehaus/jackson/jackson-xc/1.9.2/jackson-xc-1.9.2.jar:/home/runner/.m2/repository/org/apache/commons/commons-configuration2/2.1.1/commons-configuration2-2.1.1.jar:/home/runner/.m2/repository/org/apache/commons/commons-text/1.4/commons-text-1.4.jar:/home/runner/.m2/repository/com/google/re2j/re2j/1.1/re2j-1.1.jar:/home/runner/.m2/repository/com/jcraft/jsch/0.1.54/jsch-0.1.54.jar:/home/runner/.m2/repository/org/apache/curator/curator-client/4.2.0/curator-client-4.2.0.jar:/home/runner/.m2/repository/org/apache/curator/curator-recipes/4.2.0/curator-recipes-4.2.0.jar:/home/runner/.m2/repository/org/apache/kerby/kerb-core/1.0.1/kerb-core-1.0.1.jar:/home/runner/.m2/repository/org/apache/kerby/kerby-pkix/1.0.1/kerby-pkix-1.0.1.jar:/home/runner/.m2/repository/org/apache/kerby/kerby-asn1/1.0.1/kerby-asn1-1.0.1.jar:/home/runner/.m2/repository/org/apache/kerby/kerby-util/1.0.1/kerby-util-1.0.1.jar:/home/runner/.m2/repository/dnsjava/dnsjava/2.1.7/dnsjava-2.1.7.jar:/home/runner/.m2/repository/org/xerial/snappy/snappy-java/1.1.8.2/snappy-java-1.1.8.2.jar:/home/runner/.m2/repository/org/slf4j/jul-to-slf4j/1.7.30/jul-to-slf4j-1.7.30.jar:/home/runner/.m2/repository/org/eclipse/jetty/jetty-util/9.4.35.v20201120/jetty-util-9.4.35.v20201120.jar:/home/runner/.m2/repository/com/fasterxml/jackson/core/jackson-databind/2.12.1/jackson-databind-2.12.1.jar:/home/runner/.m2/repository/org/apache/hadoop/hadoop-kms/3.3.1/hadoop-kms-3.3.1-tests.jar:/home/runner/.m2/repository/org/apache/ozone/hdds-server-scm/1.2.0-SNAPSHOT/hdds-server-scm-1.2.0-SNAPSHOT-tests.jar:/home/runner/.m2/repository/org/apache/ozone/hdds-container-service/1.2.0-SNAPSHOT/hdds-container-service-1.2.0-SNAPSHOT-tests.jar:/home/runner/.m2/repository/commons-codec/commons-codec/1.11/commons-codec-1.11.jar:/home/runner/.m2/repository/io/netty/netty-transport/4.1.63.Final/netty-transport-4.1.63.Final.jar:/home/runner/.m2/repository/io/netty/netty-resolver/4.1.63.Final/netty-resolver-4.1.63.Final.jar:/home/runner/.m2/repository/io/netty/netty-codec/4.1.63.Final/netty-codec-4.1.63.Final.jar:/home/runner/.m2/repository/io/netty/netty-handler/4.1.63.Final/netty-handler-4.1.63.Final.jar:/home/runner/.m2/repository/org/apache/ozone/hdds-hadoop-dependency-test/1.2.0-SNAPSHOT/hdds-hadoop-dependency-test-1.2.0-SNAPSHOT.jar:/home/runner/.m2/repository/org/apache/hadoop/hadoop-common/3.3.1/hadoop-common-3.3.1-tests.jar:/home/runner/.m2/repository/org/assertj/assertj-core/3.12.2/assertj-core-3.12.2.jar:/home/runner/.m2/repository/org/apache/hadoop/hadoop-hdfs/3.3.1/hadoop-hdfs-3.3.1-tests.jar:/home/runner/.m2/repository/org/eclipse/jetty/jetty-util-ajax/9.4.35.v20201120/jetty-util-ajax-9.4.35.v20201120.jar:/home/runner/.m2/repository/commons-daemon/commons-daemon/1.0.13/commons-daemon-1.0.13.jar:/home/runner/.m2/repository/io/netty/netty/3.10.6.Final/netty-3.10.6.Final.jar:/home/runner/.m2/repository/io/netty/netty-all/4.1.63.Final/netty-all-4.1.63.Final.jar:/home/runner/.m2/repository/org/apache/htrace/htrace-core4/4.1.0-incubating/htrace-core4-4.1.0-incubating.jar:/home/runner/.m2/repository/org/fusesource/leveldbjni/leveldbjni-all/1.8/leveldbjni-all-1.8.jar:/home/runner/.m2/repository/org/apache/hadoop/hadoop-distcp/3.3.1/hadoop-distcp-3.3.1.jar:/home/runner/.m2/repository/org/apache/hadoop/hadoop-mapreduce-client-jobclient/3.3.1/hadoop-mapreduce-client-jobclient-3.3.1.jar:/home/runner/.m2/repository/org/apache/hadoop/hadoop-mapreduce-client-common/3.3.1/hadoop-mapreduce-client-common-3.3.1.jar:/home/runner/.m2/repository/org/apache/hadoop/hadoop-yarn-common/3.3.1/hadoop-yarn-common-3.3.1.jar:/home/runner/.m2/repository/org/apache/hadoop/hadoop-yarn-api/3.3.1/hadoop-yarn-api-3.3.1.jar:/home/runner/.m2/repository/com/sun/jersey/jersey-client/1.19/jersey-client-1.19.jar:/home/runner/.m2/repository/com/sun/jersey/contribs/jersey-guice/1.19/jersey-guice-1.19.jar:/home/runner/.m2/repository/com/fasterxml/jackson/jaxrs/jackson-jaxrs-json-provider/2.12.1/jackson-jaxrs-json-provider-2.12.1.jar:/home/runner/.m2/repository/com/fasterxml/jackson/jaxrs/jackson-jaxrs-base/2.12.1/jackson-jaxrs-base-2.12.1.jar:/home/runner/.m2/repository/org/apache/hadoop/hadoop-yarn-client/3.3.1/hadoop-yarn-client-3.3.1.jar:/home/runner/.m2/repository/org/eclipse/jetty/websocket/websocket-client/9.4.40.v20210413/websocket-client-9.4.40.v20210413.jar:/home/runner/.m2/repository/org/eclipse/jetty/jetty-client/9.4.40.v20210413/jetty-client-9.4.40.v20210413.jar:/home/runner/.m2/repository/org/eclipse/jetty/websocket/websocket-common/9.4.40.v20210413/websocket-common-9.4.40.v20210413.jar:/home/runner/.m2/repository/org/eclipse/jetty/websocket/websocket-api/9.4.40.v20210413/websocket-api-9.4.40.v20210413.jar:/home/runner/.m2/repository/org/jline/jline/3.9.0/jline-3.9.0.jar:/home/runner/.m2/repository/org/apache/hadoop/hadoop-mapreduce-client-core/3.3.1/hadoop-mapreduce-client-core-3.3.1.jar:/home/runner/.m2/repository/org/apache/avro/avro/1.7.7/avro-1.7.7.jar:/home/runner/.m2/repository/org/codehaus/jackson/jackson-core-asl/1.9.13/jackson-core-asl-1.9.13.jar:/home/runner/.m2/repository/org/codehaus/jackson/jackson-mapper-asl/1.9.13/jackson-mapper-asl-1.9.13.jar:/home/runner/.m2/repository/com/thoughtworks/paranamer/paranamer/2.3/paranamer-2.3.jar:/home/runner/.m2/repository/org/apache/hadoop/hadoop-annotations/3.3.1/hadoop-annotations-3.3.1.jar:/usr/lib/jvm/adoptopenjdk-8-hotspot-amd64/jre/../lib/tools.jar:/home/runner/.m2/repository/org/apache/hadoop/hadoop-distcp/3.3.1/hadoop-distcp-3.3.1-tests.jar:"/>
    <property name="sun.cpu.endian" value="little"/>
    <property name="user.home" value="/home/runner"/>
    <property name="user.language" value="en"/>
    <property name="java.specification.vendor" value="Oracle Corporation"/>
    <property name="java.home" value="/usr/lib/jvm/adoptopenjdk-8-hotspot-amd64/jre"/>
    <property name="java.security.krb5.conf" value="/home/runner/work/ozone/ozone/mnt/ozone/hadoop-ozone/integration-test/target/test-classes/krb5.conf"/>
    <property name="basedir" value="/home/runner/work/ozone/ozone/mnt/ozone/hadoop-ozone/integration-test"/>
    <property name="file.separator" value="/"/>
    <property name="line.separator" value="&#10;"/>
    <property name="java.vm.specification.vendor" value="Oracle Corporation"/>
    <property name="java.specification.name" value="Java Platform API Specification"/>
    <property name="java.awt.graphicsenv" value="sun.awt.X11GraphicsEnvironment"/>
    <property name="skip.installnpx" value="true"/>
    <property name="surefire.real.class.path" value="/home/runner/work/ozone/ozone/mnt/ozone/hadoop-ozone/integration-test/target/surefire/surefirebooter2920959516813451172.jar:/home/runner/.m2/repository/org/jacoco/org.jacoco.agent/0.8.5/org.jacoco.agent-0.8.5-runtime.jar"/>
    <property name="hadoop.log.dir" value="/home/runner/work/ozone/ozone/mnt/ozone/hadoop-ozone/integration-test/target/log"/>
    <property name="sun.boot.class.path" value="/usr/lib/jvm/adoptopenjdk-8-hotspot-amd64/jre/lib/resources.jar:/usr/lib/jvm/adoptopenjdk-8-hotspot-amd64/jre/lib/rt.jar:/usr/lib/jvm/adoptopenjdk-8-hotspot-amd64/jre/lib/sunrsasign.jar:/usr/lib/jvm/adoptopenjdk-8-hotspot-amd64/jre/lib/jsse.jar:/usr/lib/jvm/adoptopenjdk-8-hotspot-amd64/jre/lib/jce.jar:/usr/lib/jvm/adoptopenjdk-8-hotspot-amd64/jre/lib/charsets.jar:/usr/lib/jvm/adoptopenjdk-8-hotspot-amd64/jre/lib/jfr.jar:/usr/lib/jvm/adoptopenjdk-8-hotspot-amd64/jre/classes"/>
    <property name="sun.management.compiler" value="HotSpot 64-Bit Tiered Compilers"/>
    <property name="skip.npx" value="true"/>
    <property name="java.runtime.version" value="1.8.0_292-b10"/>
    <property name="java.net.preferIPv4Stack" value="true"/>
    <property name="user.name" value="runner"/>
    <property name="path.separator" value=":"/>
    <property name="java.security.egd" value="file:///dev/urandom"/>
    <property name="os.version" value="5.4.0-1055-azure"/>
    <property name="java.endorsed.dirs" value="/usr/lib/jvm/adoptopenjdk-8-hotspot-amd64/jre/lib/endorsed"/>
    <property name="java.runtime.name" value="OpenJDK Runtime Environment"/>
    <property name="file.encoding" value="UTF-8"/>
    <property name="java.vm.name" value="OpenJDK 64-Bit Server VM"/>
    <property name="test.build.webapps" value=""/>
    <property name="localRepository" value="/home/runner/.m2/repository"/>
    <property name="java.vendor.url.bug" value="https://github.com/AdoptOpenJDK/openjdk-support/issues"/>
    <property name="java.io.tmpdir" value="/tmp"/>
    <property name="require.test.libhadoop" value=""/>
    <property name="java.version" value="1.8.0_292"/>
    <property name="user.dir" value="/home/runner/work/ozone/ozone/mnt/ozone/hadoop-ozone/integration-test"/>
    <property name="os.arch" value="amd64"/>
    <property name="java.vm.specification.name" value="Java Virtual Machine Specification"/>
    <property name="test.build.classes" value="/home/runner/work/ozone/ozone/mnt/ozone/hadoop-ozone/integration-test/target/test-classes"/>
    <property name="java.awt.printerjob" value="sun.print.PSPrinterJob"/>
    <property name="sun.os.patch.level" value="unknown"/>
    <property name="hadoop.tmp.dir" value="/home/runner/work/ozone/ozone/mnt/ozone/hadoop-ozone/integration-test/target/tmp"/>
    <property name="java.library.path" value="/usr/java/packages/lib/amd64:/usr/lib64:/lib64:/lib:/usr/lib"/>
    <property name="java.vm.info" value="mixed mode"/>
    <property name="java.vendor" value="AdoptOpenJDK"/>
    <property name="java.vm.version" value="25.292-b10"/>
    <property name="java.ext.dirs" value="/usr/lib/jvm/adoptopenjdk-8-hotspot-amd64/jre/lib/ext:/usr/java/packages/lib/ext"/>
    <property name="sun.io.unicode.encoding" value="UnicodeLittle"/>
    <property name="java.class.version" value="52.0"/>
  </properties>
  <testcase name="testBlockWriteViaRatis" classname="org.apache.hadoop.ozone.client.rpc.TestCloseContainerHandlingByClient" time="3.246"/>
  <testcase name="testBlockWritesWithFlushAndClose" classname="org.apache.hadoop.ozone.client.rpc.TestCloseContainerHandlingByClient" time="1.789"/>
  <testcase name="testBlockWritesCloseConsistency" classname="org.apache.hadoop.ozone.client.rpc.TestCloseContainerHandlingByClient" time="8.197"/>
  <testcase name="testMultiBlockWrites" classname="org.apache.hadoop.ozone.client.rpc.TestCloseContainerHandlingByClient" time="4.954"/>
  <testcase name="testBlockWrites" classname="org.apache.hadoop.ozone.client.rpc.TestCloseContainerHandlingByClient" time="2.611"/>
  <testcase name="testMultiBlockWrites2" classname="org.apache.hadoop.ozone.client.rpc.TestCloseContainerHandlingByClient" time="3.972"/>
  <testcase name="testMultiBlockWrites3" classname="org.apache.hadoop.ozone.client.rpc.TestCloseContainerHandlingByClient" time="95.918">
    <error message="java.io.IOException: java.io.IOException: java.io.IOException: INTERNAL_ERROR org.apache.hadoop.ozone.om.exceptions.OMException: Allocated 0 blocks. Requested 1 blocks" type="java.io.IOException">java.io.IOException: java.io.IOException: java.io.IOException: java.io.IOException: INTERNAL_ERROR org.apache.hadoop.ozone.om.exceptions.OMException: Allocated 0 blocks. Requested 1 blocks
	at org.apache.hadoop.ozone.client.io.KeyOutputStream.handleWrite(KeyOutputStream.java:250)
	at org.apache.hadoop.ozone.client.io.KeyOutputStream.write(KeyOutputStream.java:220)
	at org.apache.hadoop.ozone.client.io.OzoneOutputStream.write(OzoneOutputStream.java:50)
	at java.io.OutputStream.write(OutputStream.java:75)
	at org.apache.hadoop.ozone.client.rpc.TestCloseContainerHandlingByClient.testMultiBlockWrites3(TestCloseContainerHandlingByClient.java:330)
	at sun.reflect.NativeMethodAccessorImpl.invoke0(Native Method)
	at sun.reflect.NativeMethodAccessorImpl.invoke(NativeMethodAccessorImpl.java:62)
	at sun.reflect.DelegatingMethodAccessorImpl.invoke(DelegatingMethodAccessorImpl.java:43)
	at java.lang.reflect.Method.invoke(Method.java:498)
	at org.junit.runners.model.FrameworkMethod$1.runReflectiveCall(FrameworkMethod.java:59)
	at org.junit.internal.runners.model.ReflectiveCallable.run(ReflectiveCallable.java:12)
	at org.junit.runners.model.FrameworkMethod.invokeExplosively(FrameworkMethod.java:56)
	at org.junit.internal.runners.statements.InvokeMethod.evaluate(InvokeMethod.java:17)
	at org.junit.internal.runners.statements.FailOnTimeout$CallableStatement.call(FailOnTimeout.java:288)
	at org.junit.internal.runners.statements.FailOnTimeout$CallableStatement.call(FailOnTimeout.java:282)
	at java.util.concurrent.FutureTask.run(FutureTask.java:266)
	at java.lang.Thread.run(Thread.java:748)
Caused by: java.io.IOException: java.io.IOException: java.io.IOException: INTERNAL_ERROR org.apache.hadoop.ozone.om.exceptions.OMException: Allocated 0 blocks. Requested 1 blocks
	at org.apache.hadoop.ozone.client.io.KeyOutputStream.handleWrite(KeyOutputStream.java:250)
	at org.apache.hadoop.ozone.client.io.KeyOutputStream.handleRetry(KeyOutputStream.java:423)
	at org.apache.hadoop.ozone.client.io.KeyOutputStream.handleException(KeyOutputStream.java:368)
	at org.apache.hadoop.ozone.client.io.KeyOutputStream.writeToOutputStream(KeyOutputStream.java:282)
	at org.apache.hadoop.ozone.client.io.KeyOutputStream.handleWrite(KeyOutputStream.java:240)
	... 16 more
Caused by: java.io.IOException: java.io.IOException: INTERNAL_ERROR org.apache.hadoop.ozone.om.exceptions.OMException: Allocated 0 blocks. Requested 1 blocks
	at org.apache.hadoop.ozone.client.io.KeyOutputStream.handleWrite(KeyOutputStream.java:250)
	at org.apache.hadoop.ozone.client.io.KeyOutputStream.handleRetry(KeyOutputStream.java:423)
	at org.apache.hadoop.ozone.client.io.KeyOutputStream.handleException(KeyOutputStream.java:368)
	at org.apache.hadoop.ozone.client.io.KeyOutputStream.writeToOutputStream(KeyOutputStream.java:282)
	at org.apache.hadoop.ozone.client.io.KeyOutputStream.handleWrite(KeyOutputStream.java:240)
	... 20 more
Caused by: java.io.IOException: INTERNAL_ERROR org.apache.hadoop.ozone.om.exceptions.OMException: Allocated 0 blocks. Requested 1 blocks
	at org.apache.hadoop.ozone.client.io.KeyOutputStream.handleWrite(KeyOutputStream.java:250)
	at org.apache.hadoop.ozone.client.io.KeyOutputStream.handleRetry(KeyOutputStream.java:423)
	at org.apache.hadoop.ozone.client.io.KeyOutputStream.handleException(KeyOutputStream.java:368)
	at org.apache.hadoop.ozone.client.io.KeyOutputStream.writeToOutputStream(KeyOutputStream.java:282)
	at org.apache.hadoop.ozone.client.io.KeyOutputStream.handleWrite(KeyOutputStream.java:240)
	... 24 more
Caused by: INTERNAL_ERROR org.apache.hadoop.ozone.om.exceptions.OMException: Allocated 0 blocks. Requested 1 blocks
	at org.apache.hadoop.ozone.om.protocolPB.OzoneManagerProtocolClientSideTranslatorPB.handleError(OzoneManagerProtocolClientSideTranslatorPB.java:613)
	at org.apache.hadoop.ozone.om.protocolPB.OzoneManagerProtocolClientSideTranslatorPB.allocateBlock(OzoneManagerProtocolClientSideTranslatorPB.java:643)
	at org.apache.hadoop.ozone.client.io.BlockOutputStreamEntryPool.allocateNewBlock(BlockOutputStreamEntryPool.java:243)
	at org.apache.hadoop.ozone.client.io.BlockOutputStreamEntryPool.allocateBlockIfNeeded(BlockOutputStreamEntryPool.java:289)
	at org.apache.hadoop.ozone.client.io.KeyOutputStream.handleWrite(KeyOutputStream.java:229)
	... 28 more
</error>
    <system-out><![CDATA[2021-08-04 01:15:41,561 [Datanode State Machine Thread - 0] WARN  statemachine.StateContext (StateContext.java:execute(621)) - No available thread in pool for past 1 seconds.
2021-08-04 01:15:41,561 [Datanode State Machine Thread - 0] WARN  statemachine.StateContext (StateContext.java:execute(621)) - No available thread in pool for past 1 seconds.
2021-08-04 01:15:41,704 [Datanode State Machine Thread - 0] WARN  statemachine.StateContext (StateContext.java:execute(621)) - No available thread in pool for past 1 seconds.
2021-08-04 01:15:41,713 [Datanode State Machine Thread - 0] WARN  statemachine.StateContext (StateContext.java:execute(621)) - No available thread in pool for past 1 seconds.
2021-08-04 01:15:41,846 [Datanode State Machine Thread - 0] WARN  statemachine.StateContext (StateContext.java:execute(621)) - No available thread in pool for past 1 seconds.
2021-08-04 01:15:41,849 [Datanode State Machine Thread - 0] WARN  statemachine.StateContext (StateContext.java:execute(621)) - No available thread in pool for past 1 seconds.
2021-08-04 01:15:41,856 [Datanode State Machine Thread - 0] WARN  statemachine.StateContext (StateContext.java:execute(621)) - No available thread in pool for past 1 seconds.
2021-08-04 01:15:41,950 [EventQueue-CloseContainerForCloseContainerEventHandler] INFO  container.CloseContainerEventHandler (CloseContainerEventHandler.java:onMessage(69)) - Close container Event triggered for container : #14
2021-08-04 01:15:41,951 [EventQueue-CloseContainerForCloseContainerEventHandler] INFO  container.CloseContainerEventHandler (CloseContainerEventHandler.java:onMessage(69)) - Close container Event triggered for container : #14
2021-08-04 01:15:41,951 [EventQueue-CloseContainerForCloseContainerEventHandler] INFO  container.CloseContainerEventHandler (CloseContainerEventHandler.java:onMessage(69)) - Close container Event triggered for container : #14
2021-08-04 01:15:41,951 [EventQueue-CloseContainerForCloseContainerEventHandler] INFO  container.CloseContainerEventHandler (CloseContainerEventHandler.java:onMessage(69)) - Close container Event triggered for container : #15
2021-08-04 01:15:41,951 [EventQueue-CloseContainerForCloseContainerEventHandler] INFO  container.CloseContainerEventHandler (CloseContainerEventHandler.java:onMessage(69)) - Close container Event triggered for container : #15
2021-08-04 01:15:41,951 [EventQueue-CloseContainerForCloseContainerEventHandler] INFO  container.CloseContainerEventHandler (CloseContainerEventHandler.java:onMessage(69)) - Close container Event triggered for container : #15
2021-08-04 01:15:41,951 [EventQueue-CloseContainerForCloseContainerEventHandler] INFO  container.CloseContainerEventHandler (CloseContainerEventHandler.java:onMessage(69)) - Close container Event triggered for container : #16
2021-08-04 01:15:41,951 [EventQueue-CloseContainerForCloseContainerEventHandler] INFO  container.CloseContainerEventHandler (CloseContainerEventHandler.java:onMessage(69)) - Close container Event triggered for container : #16
2021-08-04 01:15:41,951 [EventQueue-CloseContainerForCloseContainerEventHandler] INFO  container.CloseContainerEventHandler (CloseContainerEventHandler.java:onMessage(69)) - Close container Event triggered for container : #16
2021-08-04 01:15:41,951 [EventQueue-CloseContainerForCloseContainerEventHandler] INFO  container.CloseContainerEventHandler (CloseContainerEventHandler.java:onMessage(69)) - Close container Event triggered for container : #13
2021-08-04 01:15:41,951 [EventQueue-CloseContainerForCloseContainerEventHandler] INFO  container.CloseContainerEventHandler (CloseContainerEventHandler.java:onMessage(69)) - Close container Event triggered for container : #13
2021-08-04 01:15:41,952 [EventQueue-CloseContainerForCloseContainerEventHandler] INFO  container.CloseContainerEventHandler (CloseContainerEventHandler.java:onMessage(69)) - Close container Event triggered for container : #13
2021-08-04 01:15:42,713 [Datanode State Machine Thread - 0] WARN  statemachine.StateContext (StateContext.java:execute(621)) - No available thread in pool for past 1 seconds.
2021-08-04 01:15:42,725 [Datanode State Machine Thread - 0] WARN  statemachine.StateContext (StateContext.java:execute(621)) - No available thread in pool for past 1 seconds.
2021-08-04 01:15:42,730 [pool-176-thread-10] INFO  keyvalue.KeyValueContainer (KeyValueContainer.java:flushAndSyncDB(397)) - Container 14 is synced with bcsId 84.
2021-08-04 01:15:42,730 [pool-176-thread-10] INFO  keyvalue.KeyValueContainer (KeyValueContainer.java:flushAndSyncDB(397)) - Container 14 is synced with bcsId 84.
2021-08-04 01:15:42,732 [pool-178-thread-9] INFO  keyvalue.KeyValueContainer (KeyValueContainer.java:flushAndSyncDB(397)) - Container 14 is synced with bcsId 84.
2021-08-04 01:15:42,732 [pool-178-thread-9] INFO  keyvalue.KeyValueContainer (KeyValueContainer.java:flushAndSyncDB(397)) - Container 14 is synced with bcsId 84.
2021-08-04 01:15:42,732 [pool-176-thread-10] INFO  keyvalue.KeyValueContainer (KeyValueContainer.java:close(334)) - Container 14 is closed with bcsId 84.
2021-08-04 01:15:42,733 [Datanode State Machine Thread - 0] WARN  statemachine.StateContext (StateContext.java:execute(621)) - No available thread in pool for past 1 seconds.
2021-08-04 01:15:42,733 [Datanode State Machine Thread - 0] WARN  statemachine.StateContext (StateContext.java:execute(621)) - No available thread in pool for past 1 seconds.
2021-08-04 01:15:42,734 [pool-178-thread-9] INFO  keyvalue.KeyValueContainer (KeyValueContainer.java:close(334)) - Container 14 is closed with bcsId 84.
2021-08-04 01:15:42,735 [Datanode State Machine Thread - 0] WARN  statemachine.StateContext (StateContext.java:execute(621)) - No available thread in pool for past 1 seconds.
2021-08-04 01:15:42,734 [EventQueue-IncrementalContainerReportForIncrementalContainerReportHandler] INFO  container.IncrementalContainerReportHandler (AbstractContainerReportHandler.java:updateContainerState(223)) - Moving container #14 to CLOSED state, datanode 330f39ad-452e-4d36-afea-f42f10da75a6{ip: 10.1.0.49, host: fv-az59-81.csjynl4pkq3e1pkirw3ssqjfoh.cx.internal.cloudapp.net, ports: [REPLICATION=44421, RATIS=40811, RATIS_ADMIN=40811, RATIS_SERVER=40811, STANDALONE=34569], networkLocation: /default-rack, certSerialId: null, persistedOpState: IN_SERVICE, persistedOpStateExpiryEpochSec: 0} reported CLOSED replica.
2021-08-04 01:15:42,736 [pool-177-thread-10] INFO  keyvalue.KeyValueContainer (KeyValueContainer.java:flushAndSyncDB(397)) - Container 14 is synced with bcsId 84.
2021-08-04 01:15:42,736 [pool-177-thread-10] INFO  keyvalue.KeyValueContainer (KeyValueContainer.java:flushAndSyncDB(397)) - Container 14 is synced with bcsId 84.
2021-08-04 01:15:42,737 [pool-177-thread-10] INFO  keyvalue.KeyValueContainer (KeyValueContainer.java:close(334)) - Container 14 is closed with bcsId 84.
2021-08-04 01:15:43,700 [Datanode State Machine Thread - 0] WARN  statemachine.StateContext (StateContext.java:execute(621)) - No available thread in pool for past 1 seconds.
2021-08-04 01:15:43,705 [pool-172-thread-3] INFO  keyvalue.KeyValueContainer (KeyValueContainer.java:flushAndSyncDB(397)) - Container 15 is synced with bcsId 128.
2021-08-04 01:15:43,705 [pool-172-thread-3] INFO  keyvalue.KeyValueContainer (KeyValueContainer.java:flushAndSyncDB(397)) - Container 15 is synced with bcsId 128.
2021-08-04 01:15:43,707 [pool-172-thread-3] INFO  keyvalue.KeyValueContainer (KeyValueContainer.java:close(334)) - Container 15 is closed with bcsId 128.
2021-08-04 01:15:43,712 [Datanode State Machine Thread - 0] WARN  statemachine.StateContext (StateContext.java:execute(621)) - No available thread in pool for past 1 seconds.
2021-08-04 01:15:43,713 [Datanode State Machine Thread - 0] WARN  statemachine.StateContext (StateContext.java:execute(621)) - No available thread in pool for past 1 seconds.
2021-08-04 01:15:43,715 [EventQueue-IncrementalContainerReportForIncrementalContainerReportHandler] INFO  container.IncrementalContainerReportHandler (AbstractContainerReportHandler.java:updateContainerState(223)) - Moving container #15 to CLOSED state, datanode 229ac007-447d-49b5-a47f-edc07a9ec5fc{ip: 10.1.0.49, host: fv-az59-81.csjynl4pkq3e1pkirw3ssqjfoh.cx.internal.cloudapp.net, ports: [REPLICATION=46863, RATIS=45123, RATIS_ADMIN=45123, RATIS_SERVER=45123, STANDALONE=38315], networkLocation: /default-rack, certSerialId: null, persistedOpState: IN_SERVICE, persistedOpStateExpiryEpochSec: 0} reported CLOSED replica.
2021-08-04 01:15:43,716 [Datanode State Machine Thread - 0] WARN  statemachine.StateContext (StateContext.java:execute(621)) - No available thread in pool for past 1 seconds.
2021-08-04 01:15:43,717 [Datanode State Machine Thread - 0] WARN  statemachine.StateContext (StateContext.java:execute(621)) - No available thread in pool for past 1 seconds.
2021-08-04 01:15:43,719 [pool-174-thread-4] INFO  keyvalue.KeyValueContainer (KeyValueContainer.java:flushAndSyncDB(397)) - Container 15 is synced with bcsId 128.
2021-08-04 01:15:43,719 [pool-174-thread-4] INFO  keyvalue.KeyValueContainer (KeyValueContainer.java:flushAndSyncDB(397)) - Container 15 is synced with bcsId 128.
2021-08-04 01:15:43,721 [pool-174-thread-4] INFO  keyvalue.KeyValueContainer (KeyValueContainer.java:close(334)) - Container 15 is closed with bcsId 128.
2021-08-04 01:15:43,725 [Datanode State Machine Thread - 0] WARN  statemachine.StateContext (StateContext.java:execute(621)) - No available thread in pool for past 1 seconds.
2021-08-04 01:15:43,726 [Datanode State Machine Thread - 0] WARN  statemachine.StateContext (StateContext.java:execute(621)) - No available thread in pool for past 1 seconds.
2021-08-04 01:15:43,726 [Datanode State Machine Thread - 0] WARN  statemachine.StateContext (StateContext.java:execute(621)) - No available thread in pool for past 1 seconds.
2021-08-04 01:15:43,727 [pool-170-thread-6] INFO  keyvalue.KeyValueContainer (KeyValueContainer.java:flushAndSyncDB(397)) - Container 15 is synced with bcsId 128.
2021-08-04 01:15:43,727 [pool-170-thread-6] INFO  keyvalue.KeyValueContainer (KeyValueContainer.java:flushAndSyncDB(397)) - Container 15 is synced with bcsId 128.
2021-08-04 01:15:43,729 [pool-170-thread-6] INFO  keyvalue.KeyValueContainer (KeyValueContainer.java:close(334)) - Container 15 is closed with bcsId 128.
2021-08-04 01:15:43,737 [Datanode State Machine Thread - 0] WARN  statemachine.StateContext (StateContext.java:execute(621)) - No available thread in pool for past 1 seconds.
2021-08-04 01:15:43,738 [Datanode State Machine Thread - 0] WARN  statemachine.StateContext (StateContext.java:execute(621)) - No available thread in pool for past 1 seconds.
2021-08-04 01:15:43,739 [Datanode State Machine Thread - 0] WARN  statemachine.StateContext (StateContext.java:execute(621)) - No available thread in pool for past 1 seconds.
2021-08-04 01:15:43,741 [pool-172-thread-5] INFO  keyvalue.KeyValueContainer (KeyValueContainer.java:flushAndSyncDB(397)) - Container 16 is synced with bcsId 144.
2021-08-04 01:15:43,741 [pool-172-thread-5] INFO  keyvalue.KeyValueContainer (KeyValueContainer.java:flushAndSyncDB(397)) - Container 16 is synced with bcsId 144.
2021-08-04 01:15:43,742 [pool-174-thread-6] INFO  keyvalue.KeyValueContainer (KeyValueContainer.java:flushAndSyncDB(397)) - Container 16 is synced with bcsId 144.
2021-08-04 01:15:43,742 [pool-172-thread-5] INFO  keyvalue.KeyValueContainer (KeyValueContainer.java:close(334)) - Container 16 is closed with bcsId 144.
2021-08-04 01:15:43,742 [pool-174-thread-6] INFO  keyvalue.KeyValueContainer (KeyValueContainer.java:flushAndSyncDB(397)) - Container 16 is synced with bcsId 144.
2021-08-04 01:15:43,743 [pool-174-thread-6] INFO  keyvalue.KeyValueContainer (KeyValueContainer.java:close(334)) - Container 16 is closed with bcsId 144.
2021-08-04 01:15:43,746 [Datanode State Machine Thread - 0] WARN  statemachine.StateContext (StateContext.java:execute(621)) - No available thread in pool for past 1 seconds.
2021-08-04 01:15:43,746 [Datanode State Machine Thread - 0] WARN  statemachine.StateContext (StateContext.java:execute(621)) - No available thread in pool for past 1 seconds.
2021-08-04 01:15:43,747 [EventQueue-IncrementalContainerReportForIncrementalContainerReportHandler] INFO  container.IncrementalContainerReportHandler (AbstractContainerReportHandler.java:updateContainerState(223)) - Moving container #16 to CLOSED state, datanode ed1bec8e-0ca2-4b71-b1fc-16a76d95b664{ip: 10.1.0.49, host: fv-az59-81.csjynl4pkq3e1pkirw3ssqjfoh.cx.internal.cloudapp.net, ports: [REPLICATION=46177, RATIS=36883, RATIS_ADMIN=36883, RATIS_SERVER=36883, STANDALONE=34587], networkLocation: /default-rack, certSerialId: null, persistedOpState: IN_SERVICE, persistedOpStateExpiryEpochSec: 0} reported CLOSED replica.
2021-08-04 01:15:43,747 [pool-170-thread-5] INFO  keyvalue.KeyValueContainer (KeyValueContainer.java:flushAndSyncDB(397)) - Container 16 is synced with bcsId 144.
2021-08-04 01:15:43,748 [pool-170-thread-5] INFO  keyvalue.KeyValueContainer (KeyValueContainer.java:flushAndSyncDB(397)) - Container 16 is synced with bcsId 144.
2021-08-04 01:15:43,749 [pool-170-thread-5] INFO  keyvalue.KeyValueContainer (KeyValueContainer.java:close(334)) - Container 16 is closed with bcsId 144.
2021-08-04 01:15:43,749 [Datanode State Machine Thread - 0] WARN  statemachine.StateContext (StateContext.java:execute(621)) - No available thread in pool for past 1 seconds.
2021-08-04 01:15:43,749 [Datanode State Machine Thread - 0] WARN  statemachine.StateContext (StateContext.java:execute(621)) - No available thread in pool for past 1 seconds.
2021-08-04 01:15:43,755 [pool-172-thread-8] INFO  keyvalue.KeyValueContainer (KeyValueContainer.java:flushAndSyncDB(397)) - Container 13 is synced with bcsId 147.
2021-08-04 01:15:43,756 [pool-172-thread-8] INFO  keyvalue.KeyValueContainer (KeyValueContainer.java:flushAndSyncDB(397)) - Container 13 is synced with bcsId 147.
2021-08-04 01:15:43,757 [pool-172-thread-8] INFO  keyvalue.KeyValueContainer (KeyValueContainer.java:close(334)) - Container 13 is closed with bcsId 147.
2021-08-04 01:15:43,765 [EventQueue-IncrementalContainerReportForIncrementalContainerReportHandler] INFO  container.IncrementalContainerReportHandler (AbstractContainerReportHandler.java:updateContainerState(223)) - Moving container #13 to CLOSED state, datanode 229ac007-447d-49b5-a47f-edc07a9ec5fc{ip: 10.1.0.49, host: fv-az59-81.csjynl4pkq3e1pkirw3ssqjfoh.cx.internal.cloudapp.net, ports: [REPLICATION=46863, RATIS=45123, RATIS_ADMIN=45123, RATIS_SERVER=45123, STANDALONE=38315], networkLocation: /default-rack, certSerialId: null, persistedOpState: IN_SERVICE, persistedOpStateExpiryEpochSec: 0} reported CLOSED replica.
2021-08-04 01:15:43,769 [pool-174-thread-5] INFO  keyvalue.KeyValueContainer (KeyValueContainer.java:flushAndSyncDB(397)) - Container 13 is synced with bcsId 147.
2021-08-04 01:15:43,769 [pool-170-thread-4] INFO  keyvalue.KeyValueContainer (KeyValueContainer.java:flushAndSyncDB(397)) - Container 13 is synced with bcsId 147.
2021-08-04 01:15:43,769 [pool-174-thread-5] INFO  keyvalue.KeyValueContainer (KeyValueContainer.java:flushAndSyncDB(397)) - Container 13 is synced with bcsId 147.
2021-08-04 01:15:43,769 [pool-170-thread-4] INFO  keyvalue.KeyValueContainer (KeyValueContainer.java:flushAndSyncDB(397)) - Container 13 is synced with bcsId 147.
2021-08-04 01:15:43,771 [pool-174-thread-5] INFO  keyvalue.KeyValueContainer (KeyValueContainer.java:close(334)) - Container 13 is closed with bcsId 147.
2021-08-04 01:15:43,771 [Datanode State Machine Thread - 0] WARN  statemachine.StateContext (StateContext.java:execute(621)) - No available thread in pool for past 1 seconds.
2021-08-04 01:15:43,772 [pool-170-thread-4] INFO  keyvalue.KeyValueContainer (KeyValueContainer.java:close(334)) - Container 13 is closed with bcsId 147.
2021-08-04 01:15:43,772 [Datanode State Machine Thread - 0] WARN  statemachine.StateContext (StateContext.java:execute(621)) - No available thread in pool for past 1 seconds.
01:15:43.954 [grpc-default-executor-2] ERROR DNAudit - user=null | ip=null | op=WRITE_CHUNK {blockData=conID: 13 locID: 107544261427200020 bcsId: 147} | ret=FAILURE
org.apache.hadoop.hdds.scm.container.common.helpers.ContainerNotOpenException: Container 13 in CLOSED state
	at org.apache.hadoop.ozone.container.common.impl.HddsDispatcher.validateContainerCommand(HddsDispatcher.java:480) ~[hdds-container-service-1.2.0-SNAPSHOT.jar:?]
	at org.apache.hadoop.ozone.container.common.transport.server.ratis.ContainerStateMachine.startTransaction(ContainerStateMachine.java:317) ~[hdds-container-service-1.2.0-SNAPSHOT.jar:?]
	at org.apache.ratis.server.impl.RaftServerImpl.submitClientRequestAsync(RaftServerImpl.java:794) ~[ratis-server-2.1.0.jar:2.1.0]
	at org.apache.ratis.server.impl.RaftServerProxy.lambda$submitClientRequestAsync$9(RaftServerProxy.java:417) ~[ratis-server-2.1.0.jar:2.1.0]
	at org.apache.ratis.server.impl.RaftServerProxy.lambda$null$7(RaftServerProxy.java:412) ~[ratis-server-2.1.0.jar:2.1.0]
	at org.apache.ratis.util.JavaUtils.callAsUnchecked(JavaUtils.java:115) ~[ratis-common-2.1.0.jar:2.1.0]
	at org.apache.ratis.server.impl.RaftServerProxy.lambda$submitRequest$8(RaftServerProxy.java:412) ~[ratis-server-2.1.0.jar:2.1.0]
	at java.util.concurrent.CompletableFuture.uniComposeStage(CompletableFuture.java:995) ~[?:1.8.0_292]
	at java.util.concurrent.CompletableFuture.thenCompose(CompletableFuture.java:2137) ~[?:1.8.0_292]
	at org.apache.ratis.server.impl.RaftServerProxy.submitRequest(RaftServerProxy.java:411) ~[ratis-server-2.1.0.jar:2.1.0]
	at org.apache.ratis.server.impl.RaftServerProxy.submitClientRequestAsync(RaftServerProxy.java:417) ~[ratis-server-2.1.0.jar:2.1.0]
	at org.apache.ratis.grpc.client.GrpcClientProtocolService$RequestStreamObserver.processClientRequest(GrpcClientProtocolService.java:222) ~[ratis-grpc-2.1.0.jar:2.1.0]
	at org.apache.ratis.grpc.client.GrpcClientProtocolService$OrderedRequestStreamObserver.processClientRequest(GrpcClientProtocolService.java:328) ~[ratis-grpc-2.1.0.jar:2.1.0]
	at org.apache.ratis.util.SlidingWindow$Server.processRequestsFromHead(SlidingWindow.java:431) [ratis-common-2.1.0.jar:2.1.0]
	at org.apache.ratis.util.SlidingWindow$Server.receivedRequest(SlidingWindow.java:423) [ratis-common-2.1.0.jar:2.1.0]
	at org.apache.ratis.grpc.client.GrpcClientProtocolService$OrderedRequestStreamObserver.processClientRequest(GrpcClientProtocolService.java:352) [ratis-grpc-2.1.0.jar:2.1.0]
	at org.apache.ratis.grpc.client.GrpcClientProtocolService$RequestStreamObserver.onNext(GrpcClientProtocolService.java:242) [ratis-grpc-2.1.0.jar:2.1.0]
	at org.apache.ratis.grpc.client.GrpcClientProtocolService$RequestStreamObserver.onNext(GrpcClientProtocolService.java:165) [ratis-grpc-2.1.0.jar:2.1.0]
	at org.apache.ratis.thirdparty.io.grpc.stub.ServerCalls$StreamingServerCallHandler$StreamingServerCallListener.onMessage(ServerCalls.java:255) [ratis-thirdparty-misc-0.7.0.jar:0.7.0]
	at org.apache.ratis.thirdparty.io.grpc.ForwardingServerCallListener.onMessage(ForwardingServerCallListener.java:33) [ratis-thirdparty-misc-0.7.0.jar:0.7.0]
	at org.apache.ratis.thirdparty.io.grpc.internal.ServerCallImpl$ServerStreamListenerImpl.messagesAvailableInternal(ServerCallImpl.java:309) [ratis-thirdparty-misc-0.7.0.jar:0.7.0]
	at org.apache.ratis.thirdparty.io.grpc.internal.ServerCallImpl$ServerStreamListenerImpl.messagesAvailable(ServerCallImpl.java:292) [ratis-thirdparty-misc-0.7.0.jar:0.7.0]
	at org.apache.ratis.thirdparty.io.grpc.internal.ServerImpl$JumpToApplicationThreadServerStreamListener$1MessagesAvailable.runInContext(ServerImpl.java:782) [ratis-thirdparty-misc-0.7.0.jar:0.7.0]
	at org.apache.ratis.thirdparty.io.grpc.internal.ContextRunnable.run(ContextRunnable.java:37) [ratis-thirdparty-misc-0.7.0.jar:0.7.0]
	at org.apache.ratis.thirdparty.io.grpc.internal.SerializingExecutor.run(SerializingExecutor.java:123) [ratis-thirdparty-misc-0.7.0.jar:0.7.0]
	at java.util.concurrent.ThreadPoolExecutor.runWorker(ThreadPoolExecutor.java:1149) [?:1.8.0_292]
	at java.util.concurrent.ThreadPoolExecutor$Worker.run(ThreadPoolExecutor.java:624) [?:1.8.0_292]
	at java.lang.Thread.run(Thread.java:748) [?:1.8.0_292]
01:15:43.958 [grpc-default-executor-2] ERROR DNAudit - user=null | ip=null | op=PUT_BLOCK {blockData=[blockId=conID: 13 locID: 107544261427200020 bcsId: 0, size=2097152]} | ret=FAILURE
org.apache.hadoop.hdds.scm.container.common.helpers.ContainerNotOpenException: Container 13 in CLOSED state
	at org.apache.hadoop.ozone.container.common.impl.HddsDispatcher.validateContainerCommand(HddsDispatcher.java:480) ~[hdds-container-service-1.2.0-SNAPSHOT.jar:?]
	at org.apache.hadoop.ozone.container.common.transport.server.ratis.ContainerStateMachine.startTransaction(ContainerStateMachine.java:317) ~[hdds-container-service-1.2.0-SNAPSHOT.jar:?]
	at org.apache.ratis.server.impl.RaftServerImpl.submitClientRequestAsync(RaftServerImpl.java:794) ~[ratis-server-2.1.0.jar:2.1.0]
	at org.apache.ratis.server.impl.RaftServerProxy.lambda$submitClientRequestAsync$9(RaftServerProxy.java:417) ~[ratis-server-2.1.0.jar:2.1.0]
	at org.apache.ratis.server.impl.RaftServerProxy.lambda$null$7(RaftServerProxy.java:412) ~[ratis-server-2.1.0.jar:2.1.0]
	at org.apache.ratis.util.JavaUtils.callAsUnchecked(JavaUtils.java:115) ~[ratis-common-2.1.0.jar:2.1.0]
	at org.apache.ratis.server.impl.RaftServerProxy.lambda$submitRequest$8(RaftServerProxy.java:412) ~[ratis-server-2.1.0.jar:2.1.0]
	at java.util.concurrent.CompletableFuture.uniComposeStage(CompletableFuture.java:995) ~[?:1.8.0_292]
	at java.util.concurrent.CompletableFuture.thenCompose(CompletableFuture.java:2137) ~[?:1.8.0_292]
	at org.apache.ratis.server.impl.RaftServerProxy.submitRequest(RaftServerProxy.java:411) ~[ratis-server-2.1.0.jar:2.1.0]
	at org.apache.ratis.server.impl.RaftServerProxy.submitClientRequestAsync(RaftServerProxy.java:417) ~[ratis-server-2.1.0.jar:2.1.0]
	at org.apache.ratis.grpc.client.GrpcClientProtocolService$RequestStreamObserver.processClientRequest(GrpcClientProtocolService.java:222) ~[ratis-grpc-2.1.0.jar:2.1.0]
	at org.apache.ratis.grpc.client.GrpcClientProtocolService$OrderedRequestStreamObserver.processClientRequest(GrpcClientProtocolService.java:328) ~[ratis-grpc-2.1.0.jar:2.1.0]
	at org.apache.ratis.util.SlidingWindow$Server.processRequestsFromHead(SlidingWindow.java:431) [ratis-common-2.1.0.jar:2.1.0]
	at org.apache.ratis.util.SlidingWindow$Server.receivedRequest(SlidingWindow.java:423) [ratis-common-2.1.0.jar:2.1.0]
	at org.apache.ratis.grpc.client.GrpcClientProtocolService$OrderedRequestStreamObserver.processClientRequest(GrpcClientProtocolService.java:352) [ratis-grpc-2.1.0.jar:2.1.0]
	at org.apache.ratis.grpc.client.GrpcClientProtocolService$RequestStreamObserver.onNext(GrpcClientProtocolService.java:242) [ratis-grpc-2.1.0.jar:2.1.0]
	at org.apache.ratis.grpc.client.GrpcClientProtocolService$RequestStreamObserver.onNext(GrpcClientProtocolService.java:165) [ratis-grpc-2.1.0.jar:2.1.0]
	at org.apache.ratis.thirdparty.io.grpc.stub.ServerCalls$StreamingServerCallHandler$StreamingServerCallListener.onMessage(ServerCalls.java:255) [ratis-thirdparty-misc-0.7.0.jar:0.7.0]
	at org.apache.ratis.thirdparty.io.grpc.ForwardingServerCallListener.onMessage(ForwardingServerCallListener.java:33) [ratis-thirdparty-misc-0.7.0.jar:0.7.0]
	at org.apache.ratis.thirdparty.io.grpc.internal.ServerCallImpl$ServerStreamListenerImpl.messagesAvailableInternal(ServerCallImpl.java:309) [ratis-thirdparty-misc-0.7.0.jar:0.7.0]
	at org.apache.ratis.thirdparty.io.grpc.internal.ServerCallImpl$ServerStreamListenerImpl.messagesAvailable(ServerCallImpl.java:292) [ratis-thirdparty-misc-0.7.0.jar:0.7.0]
	at org.apache.ratis.thirdparty.io.grpc.internal.ServerImpl$JumpToApplicationThreadServerStreamListener$1MessagesAvailable.runInContext(ServerImpl.java:782) [ratis-thirdparty-misc-0.7.0.jar:0.7.0]
	at org.apache.ratis.thirdparty.io.grpc.internal.ContextRunnable.run(ContextRunnable.java:37) [ratis-thirdparty-misc-0.7.0.jar:0.7.0]
	at org.apache.ratis.thirdparty.io.grpc.internal.SerializingExecutor.run(SerializingExecutor.java:123) [ratis-thirdparty-misc-0.7.0.jar:0.7.0]
	at java.util.concurrent.ThreadPoolExecutor.runWorker(ThreadPoolExecutor.java:1149) [?:1.8.0_292]
	at java.util.concurrent.ThreadPoolExecutor$Worker.run(ThreadPoolExecutor.java:624) [?:1.8.0_292]
	at java.lang.Thread.run(Thread.java:748) [?:1.8.0_292]
2021-08-04 01:15:44,020 [Datanode State Machine Thread - 0] WARN  statemachine.StateContext (StateContext.java:execute(621)) - No available thread in pool for past 1 seconds.
2021-08-04 01:15:44,051 [pool-174-thread-7] INFO  keyvalue.KeyValueHandler (ContainerUtils.java:logAndReturnError(89)) - Operation: PutBlock , Trace ID:  , Message: Put Key failed , Result: IO_EXCEPTION , StorageContainerException Occurred.
org.apache.hadoop.hdds.scm.container.common.helpers.StorageContainerException: Put Key failed
	at org.apache.hadoop.ozone.container.keyvalue.KeyValueHandler.handlePutBlock(KeyValueHandler.java:449)
	at org.apache.hadoop.ozone.container.keyvalue.KeyValueHandler.dispatchRequest(KeyValueHandler.java:194)
	at org.apache.hadoop.ozone.container.keyvalue.KeyValueHandler.handle(KeyValueHandler.java:170)
	at org.apache.hadoop.ozone.container.common.impl.HddsDispatcher.dispatchRequest(HddsDispatcher.java:307)
	at org.apache.hadoop.ozone.container.common.impl.HddsDispatcher.lambda$dispatch$0(HddsDispatcher.java:169)
	at org.apache.hadoop.hdds.server.OzoneProtocolMessageDispatcher.processRequest(OzoneProtocolMessageDispatcher.java:87)
	at org.apache.hadoop.ozone.container.common.impl.HddsDispatcher.dispatch(HddsDispatcher.java:168)
	at org.apache.hadoop.ozone.container.common.transport.server.ratis.ContainerStateMachine.dispatchCommand(ContainerStateMachine.java:398)
	at org.apache.hadoop.ozone.container.common.transport.server.ratis.ContainerStateMachine.runCommand(ContainerStateMachine.java:408)
	at org.apache.hadoop.ozone.container.common.transport.server.ratis.ContainerStateMachine.lambda$submitTask$6(ContainerStateMachine.java:722)
	at org.apache.ratis.util.TaskQueue.lambda$submit$0(TaskQueue.java:110)
	at org.apache.ratis.util.LogUtils.runAndLog(LogUtils.java:38)
	at org.apache.ratis.util.LogUtils$1.run(LogUtils.java:79)
	at java.util.concurrent.Executors$RunnableAdapter.call(Executors.java:511)
	at java.util.concurrent.FutureTask.run(FutureTask.java:266)
	at java.util.concurrent.ThreadPoolExecutor.runWorker(ThreadPoolExecutor.java:1149)
	at java.util.concurrent.ThreadPoolExecutor$Worker.run(ThreadPoolExecutor.java:624)
	at java.lang.Thread.run(Thread.java:748)
Caused by: java.io.IOException: Unable to write the batch.
	at org.apache.hadoop.hdds.utils.db.RDBBatchOperation.commit(RDBBatchOperation.java:48)
	at org.apache.hadoop.hdds.utils.db.RDBStore.commitBatchOperation(RDBStore.java:278)
	at org.apache.hadoop.ozone.container.keyvalue.impl.BlockManagerImpl.persistPutBlock(BlockManagerImpl.java:173)
	at org.apache.hadoop.ozone.container.keyvalue.impl.BlockManagerImpl.putBlock(BlockManagerImpl.java:106)
	at org.apache.hadoop.ozone.container.keyvalue.KeyValueHandler.handlePutBlock(KeyValueHandler.java:440)
	... 17 more
Caused by: org.rocksdb.RocksDBException: While appending to file: /home/runner/work/ozone/ozone/mnt/ozone/hadoop-ozone/integration-test/target/test-dir/MiniOzoneClusterImpl-e5186c5f-1b64-46e6-9930-7a8733b94f9c/datanode-2/data-0/containers/hdds/e5186c5f-1b64-46e6-9930-7a8733b94f9c/current/containerDir0/17/metadata/17-dn-container.db/000005.log: No space left on device
	at org.rocksdb.RocksDB.write0(Native Method)
	at org.rocksdb.RocksDB.write(RocksDB.java:1784)
	at org.apache.hadoop.hdds.utils.db.RDBBatchOperation.commit(RDBBatchOperation.java:46)
	... 21 more
2021-08-04 01:15:44,052 [pool-170-thread-7] INFO  keyvalue.KeyValueHandler (ContainerUtils.java:logAndReturnError(89)) - Operation: PutBlock , Trace ID:  , Message: Put Key failed , Result: IO_EXCEPTION , StorageContainerException Occurred.
org.apache.hadoop.hdds.scm.container.common.helpers.StorageContainerException: Put Key failed
	at org.apache.hadoop.ozone.container.keyvalue.KeyValueHandler.handlePutBlock(KeyValueHandler.java:449)
	at org.apache.hadoop.ozone.container.keyvalue.KeyValueHandler.dispatchRequest(KeyValueHandler.java:194)
	at org.apache.hadoop.ozone.container.keyvalue.KeyValueHandler.handle(KeyValueHandler.java:170)
	at org.apache.hadoop.ozone.container.common.impl.HddsDispatcher.dispatchRequest(HddsDispatcher.java:307)
	at org.apache.hadoop.ozone.container.common.impl.HddsDispatcher.lambda$dispatch$0(HddsDispatcher.java:169)
	at org.apache.hadoop.hdds.server.OzoneProtocolMessageDispatcher.processRequest(OzoneProtocolMessageDispatcher.java:87)
	at org.apache.hadoop.ozone.container.common.impl.HddsDispatcher.dispatch(HddsDispatcher.java:168)
	at org.apache.hadoop.ozone.container.common.transport.server.ratis.ContainerStateMachine.dispatchCommand(ContainerStateMachine.java:398)
	at org.apache.hadoop.ozone.container.common.transport.server.ratis.ContainerStateMachine.runCommand(ContainerStateMachine.java:408)
	at org.apache.hadoop.ozone.container.common.transport.server.ratis.ContainerStateMachine.lambda$submitTask$6(ContainerStateMachine.java:722)
	at org.apache.ratis.util.TaskQueue.lambda$submit$0(TaskQueue.java:110)
	at org.apache.ratis.util.LogUtils.runAndLog(LogUtils.java:38)
	at org.apache.ratis.util.LogUtils$1.run(LogUtils.java:79)
	at java.util.concurrent.Executors$RunnableAdapter.call(Executors.java:511)
	at java.util.concurrent.FutureTask.run(FutureTask.java:266)
	at java.util.concurrent.ThreadPoolExecutor.runWorker(ThreadPoolExecutor.java:1149)
	at java.util.concurrent.ThreadPoolExecutor$Worker.run(ThreadPoolExecutor.java:624)
	at java.lang.Thread.run(Thread.java:748)
Caused by: java.io.IOException: Unable to write the batch.
	at org.apache.hadoop.hdds.utils.db.RDBBatchOperation.commit(RDBBatchOperation.java:48)
	at org.apache.hadoop.hdds.utils.db.RDBStore.commitBatchOperation(RDBStore.java:278)
	at org.apache.hadoop.ozone.container.keyvalue.impl.BlockManagerImpl.persistPutBlock(BlockManagerImpl.java:173)
	at org.apache.hadoop.ozone.container.keyvalue.impl.BlockManagerImpl.putBlock(BlockManagerImpl.java:106)
	at org.apache.hadoop.ozone.container.keyvalue.KeyValueHandler.handlePutBlock(KeyValueHandler.java:440)
	... 17 more
Caused by: org.rocksdb.RocksDBException: While appending to file: /home/runner/work/ozone/ozone/mnt/ozone/hadoop-ozone/integration-test/target/test-dir/MiniOzoneClusterImpl-e5186c5f-1b64-46e6-9930-7a8733b94f9c/datanode-0/data-0/containers/hdds/e5186c5f-1b64-46e6-9930-7a8733b94f9c/current/containerDir0/17/metadata/17-dn-container.db/000005.log: No space left on device
	at org.rocksdb.RocksDB.write0(Native Method)
	at org.rocksdb.RocksDB.write(RocksDB.java:1784)
	at org.apache.hadoop.hdds.utils.db.RDBBatchOperation.commit(RDBBatchOperation.java:46)
	... 21 more
2021-08-04 01:15:44,057 [pool-170-thread-7] ERROR ratis.ContainerStateMachine (ContainerStateMachine.java:lambda$applyTransaction$7(768)) - gid group-18AE257E314A : ApplyTransaction failed. cmd PutBlock logIndex 156 exception {}
org.yaml.snakeyaml.error.YAMLException: java.io.IOException: No space left on device
	at org.yaml.snakeyaml.Yaml.dumpAll(Yaml.java:280)
	at org.yaml.snakeyaml.Yaml.dump(Yaml.java:256)
	at org.apache.hadoop.ozone.container.common.impl.ContainerDataYaml.createContainerFile(ContainerDataYaml.java:96)
	at org.apache.hadoop.ozone.container.keyvalue.KeyValueContainer.writeToContainerFile(KeyValueContainer.java:220)
	at org.apache.hadoop.ozone.container.keyvalue.KeyValueContainer.updateContainerFile(KeyValueContainer.java:255)
	at org.apache.hadoop.ozone.container.keyvalue.KeyValueContainer.updateContainerData(KeyValueContainer.java:366)
	at org.apache.hadoop.ozone.container.keyvalue.KeyValueContainer.markContainerUnhealthy(KeyValueContainer.java:297)
	at org.apache.hadoop.ozone.container.keyvalue.KeyValueHandler.markContainerUnhealthy(KeyValueHandler.java:947)
	at org.apache.hadoop.ozone.container.common.impl.HddsDispatcher.dispatchRequest(HddsDispatcher.java:350)
	at org.apache.hadoop.ozone.container.common.impl.HddsDispatcher.lambda$dispatch$0(HddsDispatcher.java:169)
	at org.apache.hadoop.hdds.server.OzoneProtocolMessageDispatcher.processRequest(OzoneProtocolMessageDispatcher.java:87)
	at org.apache.hadoop.ozone.container.common.impl.HddsDispatcher.dispatch(HddsDispatcher.java:168)
	at org.apache.hadoop.ozone.container.common.transport.server.ratis.ContainerStateMachine.dispatchCommand(ContainerStateMachine.java:398)
	at org.apache.hadoop.ozone.container.common.transport.server.ratis.ContainerStateMachine.runCommand(ContainerStateMachine.java:408)
	at org.apache.hadoop.ozone.container.common.transport.server.ratis.ContainerStateMachine.lambda$submitTask$6(ContainerStateMachine.java:722)
	at org.apache.ratis.util.TaskQueue.lambda$submit$0(TaskQueue.java:110)
	at org.apache.ratis.util.LogUtils.runAndLog(LogUtils.java:38)
	at org.apache.ratis.util.LogUtils$1.run(LogUtils.java:79)
	at java.util.concurrent.Executors$RunnableAdapter.call(Executors.java:511)
	at java.util.concurrent.FutureTask.run(FutureTask.java:266)
	at java.util.concurrent.ThreadPoolExecutor.runWorker(ThreadPoolExecutor.java:1149)
	at java.util.concurrent.ThreadPoolExecutor$Worker.run(ThreadPoolExecutor.java:624)
	at java.lang.Thread.run(Thread.java:748)
Caused by: java.io.IOException: No space left on device
	at java.io.FileOutputStream.writeBytes(Native Method)
	at java.io.FileOutputStream.write(FileOutputStream.java:326)
	at sun.nio.cs.StreamEncoder.writeBytes(StreamEncoder.java:221)
	at sun.nio.cs.StreamEncoder.implFlushBuffer(StreamEncoder.java:291)
	at sun.nio.cs.StreamEncoder.implFlush(StreamEncoder.java:295)
	at sun.nio.cs.StreamEncoder.flush(StreamEncoder.java:141)
	at java.io.OutputStreamWriter.flush(OutputStreamWriter.java:229)
	at org.yaml.snakeyaml.emitter.Emitter.flushStream(Emitter.java:1078)
	at org.yaml.snakeyaml.emitter.Emitter$ExpectDocumentEnd.expect(Emitter.java:368)
	at org.yaml.snakeyaml.emitter.Emitter.emit(Emitter.java:220)
	at org.yaml.snakeyaml.serializer.Serializer.serialize(Serializer.java:115)
	at org.yaml.snakeyaml.Yaml.dumpAll(Yaml.java:276)
	... 22 more
2021-08-04 01:15:44,058 [pool-170-thread-7] ERROR ratis.ContainerStateMachine (ContainerStateMachine.java:lambda$applyTransaction$9(832)) - gid group-18AE257E314A : ApplyTransaction failed. cmd PutBlock logIndex 156 exception {}
java.util.concurrent.CompletionException: org.yaml.snakeyaml.error.YAMLException: java.io.IOException: No space left on device
	at java.util.concurrent.CompletableFuture.encodeThrowable(CompletableFuture.java:292)
	at java.util.concurrent.CompletableFuture.completeThrowable(CompletableFuture.java:308)
	at java.util.concurrent.CompletableFuture.uniApply(CompletableFuture.java:607)
	at java.util.concurrent.CompletableFuture$UniApply.tryFire(CompletableFuture.java:591)
	at java.util.concurrent.CompletableFuture.postComplete(CompletableFuture.java:488)
	at java.util.concurrent.CompletableFuture.completeExceptionally(CompletableFuture.java:1990)
	at org.apache.ratis.util.TaskQueue.lambda$submit$0(TaskQueue.java:112)
	at org.apache.ratis.util.LogUtils.runAndLog(LogUtils.java:38)
	at org.apache.ratis.util.LogUtils$1.run(LogUtils.java:79)
	at java.util.concurrent.Executors$RunnableAdapter.call(Executors.java:511)
	at java.util.concurrent.FutureTask.run(FutureTask.java:266)
	at java.util.concurrent.ThreadPoolExecutor.runWorker(ThreadPoolExecutor.java:1149)
	at java.util.concurrent.ThreadPoolExecutor$Worker.run(ThreadPoolExecutor.java:624)
	at java.lang.Thread.run(Thread.java:748)
Caused by: org.yaml.snakeyaml.error.YAMLException: java.io.IOException: No space left on device
	at org.yaml.snakeyaml.Yaml.dumpAll(Yaml.java:280)
	at org.yaml.snakeyaml.Yaml.dump(Yaml.java:256)
	at org.apache.hadoop.ozone.container.common.impl.ContainerDataYaml.createContainerFile(ContainerDataYaml.java:96)
	at org.apache.hadoop.ozone.container.keyvalue.KeyValueContainer.writeToContainerFile(KeyValueContainer.java:220)
	at org.apache.hadoop.ozone.container.keyvalue.KeyValueContainer.updateContainerFile(KeyValueContainer.java:255)
	at org.apache.hadoop.ozone.container.keyvalue.KeyValueContainer.updateContainerData(KeyValueContainer.java:366)
	at org.apache.hadoop.ozone.container.keyvalue.KeyValueContainer.markContainerUnhealthy(KeyValueContainer.java:297)
	at org.apache.hadoop.ozone.container.keyvalue.KeyValueHandler.markContainerUnhealthy(KeyValueHandler.java:947)
	at org.apache.hadoop.ozone.container.common.impl.HddsDispatcher.dispatchRequest(HddsDispatcher.java:350)
	at org.apache.hadoop.ozone.container.common.impl.HddsDispatcher.lambda$dispatch$0(HddsDispatcher.java:169)
	at org.apache.hadoop.hdds.server.OzoneProtocolMessageDispatcher.processRequest(OzoneProtocolMessageDispatcher.java:87)
	at org.apache.hadoop.ozone.container.common.impl.HddsDispatcher.dispatch(HddsDispatcher.java:168)
	at org.apache.hadoop.ozone.container.common.transport.server.ratis.ContainerStateMachine.dispatchCommand(ContainerStateMachine.java:398)
	at org.apache.hadoop.ozone.container.common.transport.server.ratis.ContainerStateMachine.runCommand(ContainerStateMachine.java:408)
	at org.apache.hadoop.ozone.container.common.transport.server.ratis.ContainerStateMachine.lambda$submitTask$6(ContainerStateMachine.java:722)
	at org.apache.ratis.util.TaskQueue.lambda$submit$0(TaskQueue.java:110)
	... 7 more
Caused by: java.io.IOException: No space left on device
	at java.io.FileOutputStream.writeBytes(Native Method)
	at java.io.FileOutputStream.write(FileOutputStream.java:326)
	at sun.nio.cs.StreamEncoder.writeBytes(StreamEncoder.java:221)
	at sun.nio.cs.StreamEncoder.implFlushBuffer(StreamEncoder.java:291)
	at sun.nio.cs.StreamEncoder.implFlush(StreamEncoder.java:295)
	at sun.nio.cs.StreamEncoder.flush(StreamEncoder.java:141)
	at java.io.OutputStreamWriter.flush(OutputStreamWriter.java:229)
	at org.yaml.snakeyaml.emitter.Emitter.flushStream(Emitter.java:1078)
	at org.yaml.snakeyaml.emitter.Emitter$ExpectDocumentEnd.expect(Emitter.java:368)
	at org.yaml.snakeyaml.emitter.Emitter.emit(Emitter.java:220)
	at org.yaml.snakeyaml.serializer.Serializer.serialize(Serializer.java:115)
	at org.yaml.snakeyaml.Yaml.dumpAll(Yaml.java:276)
	... 22 more
2021-08-04 01:15:44,059 [EventQueue-IncrementalContainerReportForIncrementalContainerReportHandler] WARN  container.IncrementalContainerReportHandler (AbstractContainerReportHandler.java:updateContainerState(190)) - Container #17 is in OPEN state, but the datanode 0d029702-8202-42d6-8df9-3bfc59f4c9fe{ip: 10.1.0.49, host: fv-az59-81.csjynl4pkq3e1pkirw3ssqjfoh.cx.internal.cloudapp.net, ports: [REPLICATION=33067, RATIS=46551, RATIS_ADMIN=46551, RATIS_SERVER=46551, STANDALONE=43191], networkLocation: /default-rack, certSerialId: null, persistedOpState: IN_SERVICE, persistedOpStateExpiryEpochSec: 0} reports an UNHEALTHY replica.
2021-08-04 01:15:44,062 [pool-174-thread-7] ERROR ratis.ContainerStateMachine (ContainerStateMachine.java:lambda$applyTransaction$7(768)) - gid group-18AE257E314A : ApplyTransaction failed. cmd PutBlock logIndex 156 exception {}
org.yaml.snakeyaml.error.YAMLException: java.io.IOException: No space left on device
	at org.yaml.snakeyaml.Yaml.dumpAll(Yaml.java:280)
	at org.yaml.snakeyaml.Yaml.dump(Yaml.java:256)
	at org.apache.hadoop.ozone.container.common.impl.ContainerDataYaml.createContainerFile(ContainerDataYaml.java:96)
	at org.apache.hadoop.ozone.container.keyvalue.KeyValueContainer.writeToContainerFile(KeyValueContainer.java:220)
	at org.apache.hadoop.ozone.container.keyvalue.KeyValueContainer.updateContainerFile(KeyValueContainer.java:255)
	at org.apache.hadoop.ozone.container.keyvalue.KeyValueContainer.updateContainerData(KeyValueContainer.java:366)
	at org.apache.hadoop.ozone.container.keyvalue.KeyValueContainer.markContainerUnhealthy(KeyValueContainer.java:297)
	at org.apache.hadoop.ozone.container.keyvalue.KeyValueHandler.markContainerUnhealthy(KeyValueHandler.java:947)
	at org.apache.hadoop.ozone.container.common.impl.HddsDispatcher.dispatchRequest(HddsDispatcher.java:350)
	at org.apache.hadoop.ozone.container.common.impl.HddsDispatcher.lambda$dispatch$0(HddsDispatcher.java:169)
	at org.apache.hadoop.hdds.server.OzoneProtocolMessageDispatcher.processRequest(OzoneProtocolMessageDispatcher.java:87)
	at org.apache.hadoop.ozone.container.common.impl.HddsDispatcher.dispatch(HddsDispatcher.java:168)
	at org.apache.hadoop.ozone.container.common.transport.server.ratis.ContainerStateMachine.dispatchCommand(ContainerStateMachine.java:398)
	at org.apache.hadoop.ozone.container.common.transport.server.ratis.ContainerStateMachine.runCommand(ContainerStateMachine.java:408)
	at org.apache.hadoop.ozone.container.common.transport.server.ratis.ContainerStateMachine.lambda$submitTask$6(ContainerStateMachine.java:722)
	at org.apache.ratis.util.TaskQueue.lambda$submit$0(TaskQueue.java:110)
	at org.apache.ratis.util.LogUtils.runAndLog(LogUtils.java:38)
	at org.apache.ratis.util.LogUtils$1.run(LogUtils.java:79)
	at java.util.concurrent.Executors$RunnableAdapter.call(Executors.java:511)
	at java.util.concurrent.FutureTask.run(FutureTask.java:266)
	at java.util.concurrent.ThreadPoolExecutor.runWorker(ThreadPoolExecutor.java:1149)
	at java.util.concurrent.ThreadPoolExecutor$Worker.run(ThreadPoolExecutor.java:624)
	at java.lang.Thread.run(Thread.java:748)
Caused by: java.io.IOException: No space left on device
	at java.io.FileOutputStream.writeBytes(Native Method)
	at java.io.FileOutputStream.write(FileOutputStream.java:326)
	at sun.nio.cs.StreamEncoder.writeBytes(StreamEncoder.java:221)
	at sun.nio.cs.StreamEncoder.implFlushBuffer(StreamEncoder.java:291)
	at sun.nio.cs.StreamEncoder.implFlush(StreamEncoder.java:295)
	at sun.nio.cs.StreamEncoder.flush(StreamEncoder.java:141)
	at java.io.OutputStreamWriter.flush(OutputStreamWriter.java:229)
	at org.yaml.snakeyaml.emitter.Emitter.flushStream(Emitter.java:1078)
	at org.yaml.snakeyaml.emitter.Emitter$ExpectDocumentEnd.expect(Emitter.java:368)
	at org.yaml.snakeyaml.emitter.Emitter.emit(Emitter.java:220)
	at org.yaml.snakeyaml.serializer.Serializer.serialize(Serializer.java:115)
	at org.yaml.snakeyaml.Yaml.dumpAll(Yaml.java:276)
	... 22 more
2021-08-04 01:15:44,063 [pool-174-thread-7] ERROR ratis.ContainerStateMachine (ContainerStateMachine.java:lambda$applyTransaction$9(832)) - gid group-18AE257E314A : ApplyTransaction failed. cmd PutBlock logIndex 156 exception {}
java.util.concurrent.CompletionException: org.yaml.snakeyaml.error.YAMLException: java.io.IOException: No space left on device
	at java.util.concurrent.CompletableFuture.encodeThrowable(CompletableFuture.java:292)
	at java.util.concurrent.CompletableFuture.completeThrowable(CompletableFuture.java:308)
	at java.util.concurrent.CompletableFuture.uniApply(CompletableFuture.java:607)
	at java.util.concurrent.CompletableFuture$UniApply.tryFire(CompletableFuture.java:591)
	at java.util.concurrent.CompletableFuture.postComplete(CompletableFuture.java:488)
	at java.util.concurrent.CompletableFuture.completeExceptionally(CompletableFuture.java:1990)
	at org.apache.ratis.util.TaskQueue.lambda$submit$0(TaskQueue.java:112)
	at org.apache.ratis.util.LogUtils.runAndLog(LogUtils.java:38)
	at org.apache.ratis.util.LogUtils$1.run(LogUtils.java:79)
	at java.util.concurrent.Executors$RunnableAdapter.call(Executors.java:511)
	at java.util.concurrent.FutureTask.run(FutureTask.java:266)
	at java.util.concurrent.ThreadPoolExecutor.runWorker(ThreadPoolExecutor.java:1149)
	at java.util.concurrent.ThreadPoolExecutor$Worker.run(ThreadPoolExecutor.java:624)
	at java.lang.Thread.run(Thread.java:748)
Caused by: org.yaml.snakeyaml.error.YAMLException: java.io.IOException: No space left on device
	at org.yaml.snakeyaml.Yaml.dumpAll(Yaml.java:280)
	at org.yaml.snakeyaml.Yaml.dump(Yaml.java:256)
	at org.apache.hadoop.ozone.container.common.impl.ContainerDataYaml.createContainerFile(ContainerDataYaml.java:96)
	at org.apache.hadoop.ozone.container.keyvalue.KeyValueContainer.writeToContainerFile(KeyValueContainer.java:220)
	at org.apache.hadoop.ozone.container.keyvalue.KeyValueContainer.updateContainerFile(KeyValueContainer.java:255)
	at org.apache.hadoop.ozone.container.keyvalue.KeyValueContainer.updateContainerData(KeyValueContainer.java:366)
	at org.apache.hadoop.ozone.container.keyvalue.KeyValueContainer.markContainerUnhealthy(KeyValueContainer.java:297)
	at org.apache.hadoop.ozone.container.keyvalue.KeyValueHandler.markContainerUnhealthy(KeyValueHandler.java:947)
	at org.apache.hadoop.ozone.container.common.impl.HddsDispatcher.dispatchRequest(HddsDispatcher.java:350)
	at org.apache.hadoop.ozone.container.common.impl.HddsDispatcher.lambda$dispatch$0(HddsDispatcher.java:169)
	at org.apache.hadoop.hdds.server.OzoneProtocolMessageDispatcher.processRequest(OzoneProtocolMessageDispatcher.java:87)
	at org.apache.hadoop.ozone.container.common.impl.HddsDispatcher.dispatch(HddsDispatcher.java:168)
	at org.apache.hadoop.ozone.container.common.transport.server.ratis.ContainerStateMachine.dispatchCommand(ContainerStateMachine.java:398)
	at org.apache.hadoop.ozone.container.common.transport.server.ratis.ContainerStateMachine.runCommand(ContainerStateMachine.java:408)
	at org.apache.hadoop.ozone.container.common.transport.server.ratis.ContainerStateMachine.lambda$submitTask$6(ContainerStateMachine.java:722)
	at org.apache.ratis.util.TaskQueue.lambda$submit$0(TaskQueue.java:110)
	... 7 more
Caused by: java.io.IOException: No space left on device
	at java.io.FileOutputStream.writeBytes(Native Method)
	at java.io.FileOutputStream.write(FileOutputStream.java:326)
	at sun.nio.cs.StreamEncoder.writeBytes(StreamEncoder.java:221)
	at sun.nio.cs.StreamEncoder.implFlushBuffer(StreamEncoder.java:291)
	at sun.nio.cs.StreamEncoder.implFlush(StreamEncoder.java:295)
	at sun.nio.cs.StreamEncoder.flush(StreamEncoder.java:141)
	at java.io.OutputStreamWriter.flush(OutputStreamWriter.java:229)
	at org.yaml.snakeyaml.emitter.Emitter.flushStream(Emitter.java:1078)
	at org.yaml.snakeyaml.emitter.Emitter$ExpectDocumentEnd.expect(Emitter.java:368)
	at org.yaml.snakeyaml.emitter.Emitter.emit(Emitter.java:220)
	at org.yaml.snakeyaml.serializer.Serializer.serialize(Serializer.java:115)
	at org.yaml.snakeyaml.Yaml.dumpAll(Yaml.java:276)
	... 22 more
2021-08-04 01:15:44,063 [Datanode State Machine Thread - 0] WARN  statemachine.StateContext (StateContext.java:execute(621)) - No available thread in pool for past 1 seconds.
2021-08-04 01:15:44,057 [Datanode State Machine Thread - 0] WARN  statemachine.StateContext (StateContext.java:execute(621)) - No available thread in pool for past 1 seconds.
2021-08-04 01:15:44,066 [EventQueue-IncrementalContainerReportForIncrementalContainerReportHandler] WARN  container.IncrementalContainerReportHandler (AbstractContainerReportHandler.java:updateContainerState(190)) - Container #17 is in OPEN state, but the datanode ed1bec8e-0ca2-4b71-b1fc-16a76d95b664{ip: 10.1.0.49, host: fv-az59-81.csjynl4pkq3e1pkirw3ssqjfoh.cx.internal.cloudapp.net, ports: [REPLICATION=46177, RATIS=36883, RATIS_ADMIN=36883, RATIS_SERVER=36883, STANDALONE=34587], networkLocation: /default-rack, certSerialId: null, persistedOpState: IN_SERVICE, persistedOpStateExpiryEpochSec: 0} reports an UNHEALTHY replica.
2021-08-04 01:15:44,072 [ChunkWriter-3-0] INFO  keyvalue.KeyValueHandler (ContainerUtils.java:logAndReturnError(89)) - Operation: WriteChunk , Trace ID:  , Message: java.io.IOException: No space left on device , Result: IO_EXCEPTION , StorageContainerException Occurred.
org.apache.hadoop.hdds.scm.container.common.helpers.StorageContainerException: java.io.IOException: No space left on device
	at org.apache.hadoop.ozone.container.keyvalue.helpers.ChunkUtils.wrapInStorageContainerException(ChunkUtils.java:357)
	at org.apache.hadoop.ozone.container.keyvalue.helpers.ChunkUtils.writeData(ChunkUtils.java:128)
	at org.apache.hadoop.ozone.container.keyvalue.helpers.ChunkUtils.writeData(ChunkUtils.java:112)
	at org.apache.hadoop.ozone.container.keyvalue.impl.FilePerBlockStrategy.writeChunk(FilePerBlockStrategy.java:138)
	at org.apache.hadoop.ozone.container.keyvalue.impl.ChunkManagerDispatcher.writeChunk(ChunkManagerDispatcher.java:74)
	at org.apache.hadoop.ozone.container.keyvalue.KeyValueHandler.handleWriteChunk(KeyValueHandler.java:703)
	at org.apache.hadoop.ozone.container.keyvalue.KeyValueHandler.dispatchRequest(KeyValueHandler.java:206)
	at org.apache.hadoop.ozone.container.keyvalue.KeyValueHandler.handle(KeyValueHandler.java:170)
	at org.apache.hadoop.ozone.container.common.impl.HddsDispatcher.dispatchRequest(HddsDispatcher.java:307)
	at org.apache.hadoop.ozone.container.common.impl.HddsDispatcher.lambda$dispatch$0(HddsDispatcher.java:169)
	at org.apache.hadoop.hdds.server.OzoneProtocolMessageDispatcher.processRequest(OzoneProtocolMessageDispatcher.java:87)
	at org.apache.hadoop.ozone.container.common.impl.HddsDispatcher.dispatch(HddsDispatcher.java:168)
	at org.apache.hadoop.ozone.container.common.transport.server.ratis.ContainerStateMachine.dispatchCommand(ContainerStateMachine.java:398)
	at org.apache.hadoop.ozone.container.common.transport.server.ratis.ContainerStateMachine.runCommand(ContainerStateMachine.java:408)
	at org.apache.hadoop.ozone.container.common.transport.server.ratis.ContainerStateMachine.lambda$handleWriteChunk$1(ContainerStateMachine.java:439)
	at java.util.concurrent.CompletableFuture$AsyncSupply.run(CompletableFuture.java:1604)
	at java.util.concurrent.ThreadPoolExecutor.runWorker(ThreadPoolExecutor.java:1149)
	at java.util.concurrent.ThreadPoolExecutor$Worker.run(ThreadPoolExecutor.java:624)
	at java.lang.Thread.run(Thread.java:748)
Caused by: java.io.IOException: No space left on device
	at sun.nio.ch.FileDispatcherImpl.writev0(Native Method)
	at sun.nio.ch.FileDispatcherImpl.writev(FileDispatcherImpl.java:72)
	at sun.nio.ch.IOUtil.write(IOUtil.java:148)
	at sun.nio.ch.FileChannelImpl.write(FileChannelImpl.java:239)
	at java.nio.channels.FileChannel.write(FileChannel.java:414)
	at org.apache.hadoop.ozone.common.ChunkBufferImplWithByteBufferList.writeTo(ChunkBufferImplWithByteBufferList.java:213)
	at org.apache.hadoop.ozone.container.keyvalue.helpers.ChunkUtils.writeDataToChannel(ChunkUtils.java:168)
	at org.apache.hadoop.ozone.container.keyvalue.helpers.ChunkUtils.lambda$writeData$1(ChunkUtils.java:113)
	at org.apache.hadoop.ozone.container.keyvalue.helpers.ChunkUtils.writeData(ChunkUtils.java:125)
	... 17 more
01:15:44.075 [grpc-default-executor-2] ERROR DNAudit - user=null | ip=null | op=PUT_BLOCK {blockData=[blockId=conID: 17 locID: 107544261427200021 bcsId: 0, size=3145728]} | ret=FAILURE
org.apache.hadoop.hdds.scm.container.common.helpers.ContainerNotOpenException: Container 17 in UNHEALTHY state
	at org.apache.hadoop.ozone.container.common.impl.HddsDispatcher.validateContainerCommand(HddsDispatcher.java:480) ~[hdds-container-service-1.2.0-SNAPSHOT.jar:?]
	at org.apache.hadoop.ozone.container.common.transport.server.ratis.ContainerStateMachine.startTransaction(ContainerStateMachine.java:317) ~[hdds-container-service-1.2.0-SNAPSHOT.jar:?]
	at org.apache.ratis.server.impl.RaftServerImpl.submitClientRequestAsync(RaftServerImpl.java:794) ~[ratis-server-2.1.0.jar:2.1.0]
	at org.apache.ratis.server.impl.RaftServerProxy.lambda$submitClientRequestAsync$9(RaftServerProxy.java:417) ~[ratis-server-2.1.0.jar:2.1.0]
	at org.apache.ratis.server.impl.RaftServerProxy.lambda$null$7(RaftServerProxy.java:412) ~[ratis-server-2.1.0.jar:2.1.0]
	at org.apache.ratis.util.JavaUtils.callAsUnchecked(JavaUtils.java:115) ~[ratis-common-2.1.0.jar:2.1.0]
	at org.apache.ratis.server.impl.RaftServerProxy.lambda$submitRequest$8(RaftServerProxy.java:412) ~[ratis-server-2.1.0.jar:2.1.0]
	at java.util.concurrent.CompletableFuture.uniComposeStage(CompletableFuture.java:995) ~[?:1.8.0_292]
	at java.util.concurrent.CompletableFuture.thenCompose(CompletableFuture.java:2137) ~[?:1.8.0_292]
	at org.apache.ratis.server.impl.RaftServerProxy.submitRequest(RaftServerProxy.java:411) ~[ratis-server-2.1.0.jar:2.1.0]
	at org.apache.ratis.server.impl.RaftServerProxy.submitClientRequestAsync(RaftServerProxy.java:417) ~[ratis-server-2.1.0.jar:2.1.0]
	at org.apache.ratis.grpc.client.GrpcClientProtocolService$RequestStreamObserver.processClientRequest(GrpcClientProtocolService.java:222) ~[ratis-grpc-2.1.0.jar:2.1.0]
	at org.apache.ratis.grpc.client.GrpcClientProtocolService$OrderedRequestStreamObserver.processClientRequest(GrpcClientProtocolService.java:328) ~[ratis-grpc-2.1.0.jar:2.1.0]
	at org.apache.ratis.util.SlidingWindow$Server.processRequestsFromHead(SlidingWindow.java:431) [ratis-common-2.1.0.jar:2.1.0]
	at org.apache.ratis.util.SlidingWindow$Server.receivedRequest(SlidingWindow.java:423) [ratis-common-2.1.0.jar:2.1.0]
	at org.apache.ratis.grpc.client.GrpcClientProtocolService$OrderedRequestStreamObserver.processClientRequest(GrpcClientProtocolService.java:352) [ratis-grpc-2.1.0.jar:2.1.0]
	at org.apache.ratis.grpc.client.GrpcClientProtocolService$RequestStreamObserver.onNext(GrpcClientProtocolService.java:242) [ratis-grpc-2.1.0.jar:2.1.0]
	at org.apache.ratis.grpc.client.GrpcClientProtocolService$RequestStreamObserver.onNext(GrpcClientProtocolService.java:165) [ratis-grpc-2.1.0.jar:2.1.0]
	at org.apache.ratis.thirdparty.io.grpc.stub.ServerCalls$StreamingServerCallHandler$StreamingServerCallListener.onMessage(ServerCalls.java:255) [ratis-thirdparty-misc-0.7.0.jar:0.7.0]
	at org.apache.ratis.thirdparty.io.grpc.ForwardingServerCallListener.onMessage(ForwardingServerCallListener.java:33) [ratis-thirdparty-misc-0.7.0.jar:0.7.0]
	at org.apache.ratis.thirdparty.io.grpc.internal.ServerCallImpl$ServerStreamListenerImpl.messagesAvailableInternal(ServerCallImpl.java:309) [ratis-thirdparty-misc-0.7.0.jar:0.7.0]
	at org.apache.ratis.thirdparty.io.grpc.internal.ServerCallImpl$ServerStreamListenerImpl.messagesAvailable(ServerCallImpl.java:292) [ratis-thirdparty-misc-0.7.0.jar:0.7.0]
	at org.apache.ratis.thirdparty.io.grpc.internal.ServerImpl$JumpToApplicationThreadServerStreamListener$1MessagesAvailable.runInContext(ServerImpl.java:782) [ratis-thirdparty-misc-0.7.0.jar:0.7.0]
	at org.apache.ratis.thirdparty.io.grpc.internal.ContextRunnable.run(ContextRunnable.java:37) [ratis-thirdparty-misc-0.7.0.jar:0.7.0]
	at org.apache.ratis.thirdparty.io.grpc.internal.SerializingExecutor.run(SerializingExecutor.java:123) [ratis-thirdparty-misc-0.7.0.jar:0.7.0]
	at java.util.concurrent.ThreadPoolExecutor.runWorker(ThreadPoolExecutor.java:1149) [?:1.8.0_292]
	at java.util.concurrent.ThreadPoolExecutor$Worker.run(ThreadPoolExecutor.java:624) [?:1.8.0_292]
	at java.lang.Thread.run(Thread.java:748) [?:1.8.0_292]
2021-08-04 01:15:44,077 [Datanode State Machine Thread - 0] WARN  statemachine.StateContext (StateContext.java:execute(621)) - No available thread in pool for past 1 seconds.
2021-08-04 01:15:44,077 [ChunkWriter-3-0] ERROR ratis.ContainerStateMachine (ContainerStateMachine.java:lambda$handleWriteChunk$1(441)) - group-18AE257E314A: writeChunk writeStateMachineData failed: blockIdcontainerID: 17
localID: 107544261427200021
blockCommitSequenceId: 158
 logIndex 161 chunkName 107544261427200021_chunk_3
org.yaml.snakeyaml.error.YAMLException: java.io.IOException: No space left on device
	at org.yaml.snakeyaml.Yaml.dumpAll(Yaml.java:280)
	at org.yaml.snakeyaml.Yaml.dump(Yaml.java:256)
	at org.apache.hadoop.ozone.container.common.impl.ContainerDataYaml.createContainerFile(ContainerDataYaml.java:96)
	at org.apache.hadoop.ozone.container.keyvalue.KeyValueContainer.writeToContainerFile(KeyValueContainer.java:220)
	at org.apache.hadoop.ozone.container.keyvalue.KeyValueContainer.updateContainerFile(KeyValueContainer.java:255)
	at org.apache.hadoop.ozone.container.keyvalue.KeyValueContainer.updateContainerData(KeyValueContainer.java:366)
	at org.apache.hadoop.ozone.container.keyvalue.KeyValueContainer.markContainerUnhealthy(KeyValueContainer.java:297)
	at org.apache.hadoop.ozone.container.keyvalue.KeyValueHandler.markContainerUnhealthy(KeyValueHandler.java:947)
	at org.apache.hadoop.ozone.container.common.impl.HddsDispatcher.dispatchRequest(HddsDispatcher.java:350)
	at org.apache.hadoop.ozone.container.common.impl.HddsDispatcher.lambda$dispatch$0(HddsDispatcher.java:169)
	at org.apache.hadoop.hdds.server.OzoneProtocolMessageDispatcher.processRequest(OzoneProtocolMessageDispatcher.java:87)
	at org.apache.hadoop.ozone.container.common.impl.HddsDispatcher.dispatch(HddsDispatcher.java:168)
	at org.apache.hadoop.ozone.container.common.transport.server.ratis.ContainerStateMachine.dispatchCommand(ContainerStateMachine.java:398)
	at org.apache.hadoop.ozone.container.common.transport.server.ratis.ContainerStateMachine.runCommand(ContainerStateMachine.java:408)
	at org.apache.hadoop.ozone.container.common.transport.server.ratis.ContainerStateMachine.lambda$handleWriteChunk$1(ContainerStateMachine.java:439)
	at java.util.concurrent.CompletableFuture$AsyncSupply.run(CompletableFuture.java:1604)
	at java.util.concurrent.ThreadPoolExecutor.runWorker(ThreadPoolExecutor.java:1149)
	at java.util.concurrent.ThreadPoolExecutor$Worker.run(ThreadPoolExecutor.java:624)
	at java.lang.Thread.run(Thread.java:748)
Caused by: java.io.IOException: No space left on device
	at java.io.FileOutputStream.writeBytes(Native Method)
	at java.io.FileOutputStream.write(FileOutputStream.java:326)
	at sun.nio.cs.StreamEncoder.writeBytes(StreamEncoder.java:221)
	at sun.nio.cs.StreamEncoder.implFlushBuffer(StreamEncoder.java:291)
	at sun.nio.cs.StreamEncoder.implFlush(StreamEncoder.java:295)
	at sun.nio.cs.StreamEncoder.flush(StreamEncoder.java:141)
	at java.io.OutputStreamWriter.flush(OutputStreamWriter.java:229)
	at org.yaml.snakeyaml.emitter.Emitter.flushStream(Emitter.java:1078)
	at org.yaml.snakeyaml.emitter.Emitter$ExpectDocumentEnd.expect(Emitter.java:368)
	at org.yaml.snakeyaml.emitter.Emitter.emit(Emitter.java:220)
	at org.yaml.snakeyaml.serializer.Serializer.serialize(Serializer.java:115)
	at org.yaml.snakeyaml.Yaml.dumpAll(Yaml.java:276)
	... 18 more
2021-08-04 01:15:44,083 [EventQueue-IncrementalContainerReportForIncrementalContainerReportHandler] WARN  container.IncrementalContainerReportHandler (AbstractContainerReportHandler.java:updateContainerState(190)) - Container #17 is in OPEN state, but the datanode 229ac007-447d-49b5-a47f-edc07a9ec5fc{ip: 10.1.0.49, host: fv-az59-81.csjynl4pkq3e1pkirw3ssqjfoh.cx.internal.cloudapp.net, ports: [REPLICATION=46863, RATIS=45123, RATIS_ADMIN=45123, RATIS_SERVER=45123, STANDALONE=38315], networkLocation: /default-rack, certSerialId: null, persistedOpState: IN_SERVICE, persistedOpStateExpiryEpochSec: 0} reports an UNHEALTHY replica.
2021-08-04 01:15:44,084 [ChunkWriter-3-0] INFO  keyvalue.KeyValueHandler (ContainerUtils.java:logAndReturnError(89)) - Operation: WriteChunk , Trace ID:  , Message: Requested operation not allowed as ContainerState is UNHEALTHY , Result: CONTAINER_UNHEALTHY , StorageContainerException Occurred.
org.apache.hadoop.hdds.scm.container.common.helpers.StorageContainerException: Requested operation not allowed as ContainerState is UNHEALTHY
	at org.apache.hadoop.ozone.container.keyvalue.KeyValueHandler.checkContainerOpen(KeyValueHandler.java:894)
	at org.apache.hadoop.ozone.container.keyvalue.KeyValueHandler.handleWriteChunk(KeyValueHandler.java:683)
	at org.apache.hadoop.ozone.container.keyvalue.KeyValueHandler.dispatchRequest(KeyValueHandler.java:206)
	at org.apache.hadoop.ozone.container.keyvalue.KeyValueHandler.handle(KeyValueHandler.java:170)
	at org.apache.hadoop.ozone.container.common.impl.HddsDispatcher.dispatchRequest(HddsDispatcher.java:307)
	at org.apache.hadoop.ozone.container.common.impl.HddsDispatcher.lambda$dispatch$0(HddsDispatcher.java:169)
	at org.apache.hadoop.hdds.server.OzoneProtocolMessageDispatcher.processRequest(OzoneProtocolMessageDispatcher.java:87)
	at org.apache.hadoop.ozone.container.common.impl.HddsDispatcher.dispatch(HddsDispatcher.java:168)
	at org.apache.hadoop.ozone.container.common.transport.server.ratis.ContainerStateMachine.dispatchCommand(ContainerStateMachine.java:398)
	at org.apache.hadoop.ozone.container.common.transport.server.ratis.ContainerStateMachine.runCommand(ContainerStateMachine.java:408)
	at org.apache.hadoop.ozone.container.common.transport.server.ratis.ContainerStateMachine.lambda$handleWriteChunk$1(ContainerStateMachine.java:439)
	at java.util.concurrent.CompletableFuture$AsyncSupply.run(CompletableFuture.java:1604)
	at java.util.concurrent.ThreadPoolExecutor.runWorker(ThreadPoolExecutor.java:1149)
	at java.util.concurrent.ThreadPoolExecutor$Worker.run(ThreadPoolExecutor.java:624)
	at java.lang.Thread.run(Thread.java:748)
01:15:44.084 [ChunkWriter-3-0] ERROR DNAudit - user=null | ip=null | op=WRITE_CHUNK {blockData=conID: 17 locID: 107544261427200021 bcsId: 158} | ret=FAILURE
java.lang.Exception: Requested operation not allowed as ContainerState is UNHEALTHY
	at org.apache.hadoop.ozone.container.common.impl.HddsDispatcher.dispatchRequest(HddsDispatcher.java:368) ~[hdds-container-service-1.2.0-SNAPSHOT.jar:?]
	at org.apache.hadoop.ozone.container.common.impl.HddsDispatcher.lambda$dispatch$0(HddsDispatcher.java:169) ~[hdds-container-service-1.2.0-SNAPSHOT.jar:?]
	at org.apache.hadoop.hdds.server.OzoneProtocolMessageDispatcher.processRequest(OzoneProtocolMessageDispatcher.java:87) ~[hdds-server-framework-1.2.0-SNAPSHOT.jar:?]
	at org.apache.hadoop.ozone.container.common.impl.HddsDispatcher.dispatch(HddsDispatcher.java:168) ~[hdds-container-service-1.2.0-SNAPSHOT.jar:?]
	at org.apache.hadoop.ozone.container.common.transport.server.ratis.ContainerStateMachine.dispatchCommand(ContainerStateMachine.java:398) ~[hdds-container-service-1.2.0-SNAPSHOT.jar:?]
	at org.apache.hadoop.ozone.container.common.transport.server.ratis.ContainerStateMachine.runCommand(ContainerStateMachine.java:408) ~[hdds-container-service-1.2.0-SNAPSHOT.jar:?]
	at org.apache.hadoop.ozone.container.common.transport.server.ratis.ContainerStateMachine.lambda$handleWriteChunk$1(ContainerStateMachine.java:439) ~[hdds-container-service-1.2.0-SNAPSHOT.jar:?]
	at java.util.concurrent.CompletableFuture$AsyncSupply.run(CompletableFuture.java:1604) [?:1.8.0_292]
	at java.util.concurrent.ThreadPoolExecutor.runWorker(ThreadPoolExecutor.java:1149) [?:1.8.0_292]
	at java.util.concurrent.ThreadPoolExecutor$Worker.run(ThreadPoolExecutor.java:624) [?:1.8.0_292]
	at java.lang.Thread.run(Thread.java:748) [?:1.8.0_292]
2021-08-04 01:15:44,085 [ChunkWriter-3-0] ERROR ratis.ContainerStateMachine (ContainerStateMachine.java:lambda$handleWriteChunk$2(467)) - group-18AE257E314A: writeChunk writeStateMachineData failed: blockIdcontainerID: 17
localID: 107544261427200021
blockCommitSequenceId: 158
 logIndex 161 chunkName 107544261427200021_chunk_3 Error message: Requested operation not allowed as ContainerState is UNHEALTHY Container Result: CONTAINER_UNHEALTHY
2021-08-04 01:15:44,089 [ChunkWriter-3-0] INFO  keyvalue.KeyValueHandler (ContainerUtils.java:logAndReturnError(89)) - Operation: WriteChunk , Trace ID:  , Message: Requested operation not allowed as ContainerState is UNHEALTHY , Result: CONTAINER_UNHEALTHY , StorageContainerException Occurred.
org.apache.hadoop.hdds.scm.container.common.helpers.StorageContainerException: Requested operation not allowed as ContainerState is UNHEALTHY
	at org.apache.hadoop.ozone.container.keyvalue.KeyValueHandler.checkContainerOpen(KeyValueHandler.java:894)
	at org.apache.hadoop.ozone.container.keyvalue.KeyValueHandler.handleWriteChunk(KeyValueHandler.java:683)
	at org.apache.hadoop.ozone.container.keyvalue.KeyValueHandler.dispatchRequest(KeyValueHandler.java:206)
	at org.apache.hadoop.ozone.container.keyvalue.KeyValueHandler.handle(KeyValueHandler.java:170)
	at org.apache.hadoop.ozone.container.common.impl.HddsDispatcher.dispatchRequest(HddsDispatcher.java:307)
	at org.apache.hadoop.ozone.container.common.impl.HddsDispatcher.lambda$dispatch$0(HddsDispatcher.java:169)
	at org.apache.hadoop.hdds.server.OzoneProtocolMessageDispatcher.processRequest(OzoneProtocolMessageDispatcher.java:87)
	at org.apache.hadoop.ozone.container.common.impl.HddsDispatcher.dispatch(HddsDispatcher.java:168)
	at org.apache.hadoop.ozone.container.common.transport.server.ratis.ContainerStateMachine.dispatchCommand(ContainerStateMachine.java:398)
	at org.apache.hadoop.ozone.container.common.transport.server.ratis.ContainerStateMachine.runCommand(ContainerStateMachine.java:408)
	at org.apache.hadoop.ozone.container.common.transport.server.ratis.ContainerStateMachine.lambda$handleWriteChunk$1(ContainerStateMachine.java:439)
	at java.util.concurrent.CompletableFuture$AsyncSupply.run(CompletableFuture.java:1604)
	at java.util.concurrent.ThreadPoolExecutor.runWorker(ThreadPoolExecutor.java:1149)
	at java.util.concurrent.ThreadPoolExecutor$Worker.run(ThreadPoolExecutor.java:624)
	at java.lang.Thread.run(Thread.java:748)
01:15:44.089 [ChunkWriter-3-0] ERROR DNAudit - user=null | ip=null | op=WRITE_CHUNK {blockData=conID: 17 locID: 107544261427200021 bcsId: 158} | ret=FAILURE
java.lang.Exception: Requested operation not allowed as ContainerState is UNHEALTHY
	at org.apache.hadoop.ozone.container.common.impl.HddsDispatcher.dispatchRequest(HddsDispatcher.java:368) ~[hdds-container-service-1.2.0-SNAPSHOT.jar:?]
	at org.apache.hadoop.ozone.container.common.impl.HddsDispatcher.lambda$dispatch$0(HddsDispatcher.java:169) ~[hdds-container-service-1.2.0-SNAPSHOT.jar:?]
	at org.apache.hadoop.hdds.server.OzoneProtocolMessageDispatcher.processRequest(OzoneProtocolMessageDispatcher.java:87) ~[hdds-server-framework-1.2.0-SNAPSHOT.jar:?]
	at org.apache.hadoop.ozone.container.common.impl.HddsDispatcher.dispatch(HddsDispatcher.java:168) ~[hdds-container-service-1.2.0-SNAPSHOT.jar:?]
	at org.apache.hadoop.ozone.container.common.transport.server.ratis.ContainerStateMachine.dispatchCommand(ContainerStateMachine.java:398) ~[hdds-container-service-1.2.0-SNAPSHOT.jar:?]
	at org.apache.hadoop.ozone.container.common.transport.server.ratis.ContainerStateMachine.runCommand(ContainerStateMachine.java:408) ~[hdds-container-service-1.2.0-SNAPSHOT.jar:?]
	at org.apache.hadoop.ozone.container.common.transport.server.ratis.ContainerStateMachine.lambda$handleWriteChunk$1(ContainerStateMachine.java:439) ~[hdds-container-service-1.2.0-SNAPSHOT.jar:?]
	at java.util.concurrent.CompletableFuture$AsyncSupply.run(CompletableFuture.java:1604) [?:1.8.0_292]
	at java.util.concurrent.ThreadPoolExecutor.runWorker(ThreadPoolExecutor.java:1149) [?:1.8.0_292]
	at java.util.concurrent.ThreadPoolExecutor$Worker.run(ThreadPoolExecutor.java:624) [?:1.8.0_292]
	at java.lang.Thread.run(Thread.java:748) [?:1.8.0_292]
2021-08-04 01:15:44,089 [ChunkWriter-3-0] ERROR ratis.ContainerStateMachine (ContainerStateMachine.java:lambda$handleWriteChunk$2(467)) - group-18AE257E314A: writeChunk writeStateMachineData failed: blockIdcontainerID: 17
localID: 107544261427200021
blockCommitSequenceId: 158
 logIndex 161 chunkName 107544261427200021_chunk_3 Error message: Requested operation not allowed as ContainerState is UNHEALTHY Container Result: CONTAINER_UNHEALTHY
2021-08-04 01:15:44,093 [0d029702-8202-42d6-8df9-3bfc59f4c9fe@group-18AE257E314A-SegmentedRaftLogWorker] ERROR ratis.XceiverServerRatis (XceiverServerRatis.java:triggerPipelineClose(672)) - pipeline Action CLOSE on pipeline PipelineID=d3dfecff-b576-4436-83fc-18ae257e314a.Reason : Requested operation not allowed as ContainerState is UNHEALTHY
2021-08-04 01:15:44,093 [Datanode State Machine Thread - 0] WARN  statemachine.StateContext (StateContext.java:execute(621)) - No available thread in pool for past 1 seconds.
2021-08-04 01:15:44,099 [EventQueue-CloseContainerForCloseContainerEventHandler] INFO  container.CloseContainerEventHandler (CloseContainerEventHandler.java:onMessage(69)) - Close container Event triggered for container : #17
2021-08-04 01:15:44,105 [229ac007-447d-49b5-a47f-edc07a9ec5fc@group-18AE257E314A-SegmentedRaftLogWorker] ERROR ratis.XceiverServerRatis (XceiverServerRatis.java:triggerPipelineClose(672)) - pipeline Action CLOSE on pipeline PipelineID=d3dfecff-b576-4436-83fc-18ae257e314a.Reason : org.yaml.snakeyaml.error.YAMLException: java.io.IOException: No space left on device
2021-08-04 01:15:44,109 [ed1bec8e-0ca2-4b71-b1fc-16a76d95b664@group-18AE257E314A-SegmentedRaftLogWorker] ERROR ratis.XceiverServerRatis (XceiverServerRatis.java:triggerPipelineClose(672)) - pipeline Action CLOSE on pipeline PipelineID=d3dfecff-b576-4436-83fc-18ae257e314a.Reason : Requested operation not allowed as ContainerState is UNHEALTHY
2021-08-04 01:15:44,110 [Datanode State Machine Thread - 0] WARN  statemachine.StateContext (StateContext.java:execute(621)) - No available thread in pool for past 1 seconds.
2021-08-04 01:15:44,110 [Datanode State Machine Thread - 0] WARN  statemachine.StateContext (StateContext.java:execute(621)) - No available thread in pool for past 1 seconds.
2021-08-04 01:15:44,118 [EventQueue-PipelineActionsForPipelineActionHandler] INFO  pipeline.PipelineActionHandler (PipelineActionHandler.java:processPipelineAction(82)) - Received pipeline action CLOSE for PipelineID=d3dfecff-b576-4436-83fc-18ae257e314a from datanode 0d029702-8202-42d6-8df9-3bfc59f4c9fe. Reason : Requested operation not allowed as ContainerState is UNHEALTHY
2021-08-04 01:15:44,118 [EventQueue-PipelineActionsForPipelineActionHandler] INFO  pipeline.PipelineManagerV2Impl (PipelineManagerV2Impl.java:closePipeline(343)) - Pipeline Pipeline[ Id: d3dfecff-b576-4436-83fc-18ae257e314a, Nodes: 229ac007-447d-49b5-a47f-edc07a9ec5fc{ip: 10.1.0.49, host: fv-az59-81.csjynl4pkq3e1pkirw3ssqjfoh.cx.internal.cloudapp.net, ports: [REPLICATION=46863, RATIS=45123, RATIS_ADMIN=45123, RATIS_SERVER=45123, STANDALONE=38315], networkLocation: /default-rack, certSerialId: null, persistedOpState: IN_SERVICE, persistedOpStateExpiryEpochSec: 0}ed1bec8e-0ca2-4b71-b1fc-16a76d95b664{ip: 10.1.0.49, host: fv-az59-81.csjynl4pkq3e1pkirw3ssqjfoh.cx.internal.cloudapp.net, ports: [REPLICATION=46177, RATIS=36883, RATIS_ADMIN=36883, RATIS_SERVER=36883, STANDALONE=34587], networkLocation: /default-rack, certSerialId: null, persistedOpState: IN_SERVICE, persistedOpStateExpiryEpochSec: 0}0d029702-8202-42d6-8df9-3bfc59f4c9fe{ip: 10.1.0.49, host: fv-az59-81.csjynl4pkq3e1pkirw3ssqjfoh.cx.internal.cloudapp.net, ports: [REPLICATION=33067, RATIS=46551, RATIS_ADMIN=46551, RATIS_SERVER=46551, STANDALONE=43191], networkLocation: /default-rack, certSerialId: null, persistedOpState: IN_SERVICE, persistedOpStateExpiryEpochSec: 0}, ReplicationConfig: RATIS/THREE, State:OPEN, leaderId:229ac007-447d-49b5-a47f-edc07a9ec5fc, CreationTimestamp2021-08-04T01:15:07.159Z[Etc/UTC]] moved to CLOSED state
2021-08-04 01:15:44,119 [EventQueue-PipelineActionsForPipelineActionHandler] INFO  pipeline.RatisPipelineProvider (RatisPipelineProvider.java:lambda$close$1(222)) - Send pipeline:PipelineID=d3dfecff-b576-4436-83fc-18ae257e314a close command to datanode 229ac007-447d-49b5-a47f-edc07a9ec5fc
2021-08-04 01:15:44,119 [EventQueue-PipelineActionsForPipelineActionHandler] INFO  pipeline.RatisPipelineProvider (RatisPipelineProvider.java:lambda$close$1(222)) - Send pipeline:PipelineID=d3dfecff-b576-4436-83fc-18ae257e314a close command to datanode ed1bec8e-0ca2-4b71-b1fc-16a76d95b664
2021-08-04 01:15:44,119 [EventQueue-PipelineActionsForPipelineActionHandler] INFO  pipeline.RatisPipelineProvider (RatisPipelineProvider.java:lambda$close$1(222)) - Send pipeline:PipelineID=d3dfecff-b576-4436-83fc-18ae257e314a close command to datanode 0d029702-8202-42d6-8df9-3bfc59f4c9fe
2021-08-04 01:15:44,126 [EventQueue-CloseContainerForCloseContainerEventHandler] INFO  container.CloseContainerEventHandler (CloseContainerEventHandler.java:onMessage(69)) - Close container Event triggered for container : #17
2021-08-04 01:15:44,130 [EventQueue-PipelineActionsForPipelineActionHandler] INFO  pipeline.PipelineStateManager (PipelineStateManagerV2Impl.java:removePipeline(211)) - Pipeline Pipeline[ Id: d3dfecff-b576-4436-83fc-18ae257e314a, Nodes: 229ac007-447d-49b5-a47f-edc07a9ec5fc{ip: 10.1.0.49, host: fv-az59-81.csjynl4pkq3e1pkirw3ssqjfoh.cx.internal.cloudapp.net, ports: [REPLICATION=46863, RATIS=45123, RATIS_ADMIN=45123, RATIS_SERVER=45123, STANDALONE=38315], networkLocation: /default-rack, certSerialId: null, persistedOpState: IN_SERVICE, persistedOpStateExpiryEpochSec: 0}ed1bec8e-0ca2-4b71-b1fc-16a76d95b664{ip: 10.1.0.49, host: fv-az59-81.csjynl4pkq3e1pkirw3ssqjfoh.cx.internal.cloudapp.net, ports: [REPLICATION=46177, RATIS=36883, RATIS_ADMIN=36883, RATIS_SERVER=36883, STANDALONE=34587], networkLocation: /default-rack, certSerialId: null, persistedOpState: IN_SERVICE, persistedOpStateExpiryEpochSec: 0}0d029702-8202-42d6-8df9-3bfc59f4c9fe{ip: 10.1.0.49, host: fv-az59-81.csjynl4pkq3e1pkirw3ssqjfoh.cx.internal.cloudapp.net, ports: [REPLICATION=33067, RATIS=46551, RATIS_ADMIN=46551, RATIS_SERVER=46551, STANDALONE=43191], networkLocation: /default-rack, certSerialId: null, persistedOpState: IN_SERVICE, persistedOpStateExpiryEpochSec: 0}, ReplicationConfig: RATIS/THREE, State:CLOSED, leaderId:229ac007-447d-49b5-a47f-edc07a9ec5fc, CreationTimestamp2021-08-04T01:15:07.159Z[Etc/UTC]] removed.
2021-08-04 01:15:44,131 [EventQueue-PipelineActionsForPipelineActionHandler] INFO  pipeline.PipelineActionHandler (PipelineActionHandler.java:processPipelineAction(82)) - Received pipeline action CLOSE for PipelineID=d3dfecff-b576-4436-83fc-18ae257e314a from datanode 229ac007-447d-49b5-a47f-edc07a9ec5fc. Reason : org.yaml.snakeyaml.error.YAMLException: java.io.IOException: No space left on device
2021-08-04 01:15:44,136 [EventQueue-PipelineActionsForPipelineActionHandler] WARN  pipeline.PipelineActionHandler (PipelineActionHandler.java:processPipelineAction(93)) - Pipeline action CLOSE received for unknown pipeline PipelineID=d3dfecff-b576-4436-83fc-18ae257e314a, firing close pipeline event.
2021-08-04 01:15:44,136 [EventQueue-PipelineActionsForPipelineActionHandler] INFO  pipeline.PipelineActionHandler (PipelineActionHandler.java:processPipelineAction(82)) - Received pipeline action CLOSE for PipelineID=d3dfecff-b576-4436-83fc-18ae257e314a from datanode ed1bec8e-0ca2-4b71-b1fc-16a76d95b664. Reason : Requested operation not allowed as ContainerState is UNHEALTHY
2021-08-04 01:15:44,136 [EventQueue-PipelineActionsForPipelineActionHandler] WARN  pipeline.PipelineActionHandler (PipelineActionHandler.java:processPipelineAction(93)) - Pipeline action CLOSE received for unknown pipeline PipelineID=d3dfecff-b576-4436-83fc-18ae257e314a, firing close pipeline event.
2021-08-04 01:15:45,737 [Command processor thread] INFO  server.RaftServer (RaftServerProxy.java:remove(106)) - ed1bec8e-0ca2-4b71-b1fc-16a76d95b664: remove  FOLLOWER ed1bec8e-0ca2-4b71-b1fc-16a76d95b664@group-18AE257E314A:t4, leader=229ac007-447d-49b5-a47f-edc07a9ec5fc, voted=229ac007-447d-49b5-a47f-edc07a9ec5fc, raftlog=ed1bec8e-0ca2-4b71-b1fc-16a76d95b664@group-18AE257E314A-SegmentedRaftLog:OPENED:c156,f160,i161, conf=1: [0d029702-8202-42d6-8df9-3bfc59f4c9fe|rpc:10.1.0.49:46551|dataStream:|priority:0, ed1bec8e-0ca2-4b71-b1fc-16a76d95b664|rpc:10.1.0.49:36883|dataStream:|priority:0, 229ac007-447d-49b5-a47f-edc07a9ec5fc|rpc:10.1.0.49:45123|dataStream:|priority:1], old=null RUNNING
2021-08-04 01:15:45,738 [Command processor thread] INFO  server.RaftServer (RaftServerProxy.java:remove(106)) - 0d029702-8202-42d6-8df9-3bfc59f4c9fe: remove  FOLLOWER 0d029702-8202-42d6-8df9-3bfc59f4c9fe@group-18AE257E314A:t4, leader=229ac007-447d-49b5-a47f-edc07a9ec5fc, voted=229ac007-447d-49b5-a47f-edc07a9ec5fc, raftlog=0d029702-8202-42d6-8df9-3bfc59f4c9fe@group-18AE257E314A-SegmentedRaftLog:OPENED:c156,f160,i161, conf=1: [0d029702-8202-42d6-8df9-3bfc59f4c9fe|rpc:10.1.0.49:46551|dataStream:|priority:0, ed1bec8e-0ca2-4b71-b1fc-16a76d95b664|rpc:10.1.0.49:36883|dataStream:|priority:0, 229ac007-447d-49b5-a47f-edc07a9ec5fc|rpc:10.1.0.49:45123|dataStream:|priority:1], old=null RUNNING
2021-08-04 01:15:45,739 [Command processor thread] INFO  server.RaftServer$Division (RaftServerImpl.java:lambda$close$4(407)) - 0d029702-8202-42d6-8df9-3bfc59f4c9fe@group-18AE257E314A: shutdown
2021-08-04 01:15:45,739 [Command processor thread] INFO  util.JmxRegister (JmxRegister.java:unregister(73)) - Successfully un-registered JMX Bean with object name Ratis:service=RaftServer,group=group-18AE257E314A,id=0d029702-8202-42d6-8df9-3bfc59f4c9fe
2021-08-04 01:15:45,739 [Command processor thread] INFO  impl.RoleInfo (RoleInfo.java:shutdownFollowerState(108)) - 0d029702-8202-42d6-8df9-3bfc59f4c9fe: shutdown 0d029702-8202-42d6-8df9-3bfc59f4c9fe@group-18AE257E314A-FollowerState
2021-08-04 01:15:45,739 [Command processor thread] INFO  impl.StateMachineUpdater (StateMachineUpdater.java:stopAndJoin(149)) - 0d029702-8202-42d6-8df9-3bfc59f4c9fe@group-18AE257E314A-StateMachineUpdater: set stopIndex = 156
2021-08-04 01:15:45,739 [0d029702-8202-42d6-8df9-3bfc59f4c9fe@group-18AE257E314A-StateMachineUpdater] ERROR ratis.ContainerStateMachine (ContainerStateMachine.java:takeSnapshot(285)) - Failed to take snapshot  for group-18AE257E314A as the stateMachine is unhealthy. The last applied index is at (t:4, i:155)
2021-08-04 01:15:45,739 [Command processor thread] INFO  server.RaftServer$Division (RaftServerImpl.java:lambda$close$4(407)) - ed1bec8e-0ca2-4b71-b1fc-16a76d95b664@group-18AE257E314A: shutdown
2021-08-04 01:15:45,739 [Command processor thread] INFO  util.JmxRegister (JmxRegister.java:unregister(73)) - Successfully un-registered JMX Bean with object name Ratis:service=RaftServer,group=group-18AE257E314A,id=ed1bec8e-0ca2-4b71-b1fc-16a76d95b664
2021-08-04 01:15:45,740 [Command processor thread] INFO  impl.RoleInfo (RoleInfo.java:shutdownFollowerState(108)) - ed1bec8e-0ca2-4b71-b1fc-16a76d95b664: shutdown ed1bec8e-0ca2-4b71-b1fc-16a76d95b664@group-18AE257E314A-FollowerState
2021-08-04 01:15:45,740 [ed1bec8e-0ca2-4b71-b1fc-16a76d95b664@group-18AE257E314A-FollowerState] INFO  impl.FollowerState (FollowerState.java:run(143)) - ed1bec8e-0ca2-4b71-b1fc-16a76d95b664@group-18AE257E314A-FollowerState was interrupted: {}
java.lang.InterruptedException: sleep interrupted
	at java.lang.Thread.sleep(Native Method)
	at java.lang.Thread.sleep(Thread.java:340)
	at java.util.concurrent.TimeUnit.sleep(TimeUnit.java:386)
	at org.apache.ratis.util.TimeDuration.sleep(TimeDuration.java:324)
	at org.apache.ratis.util.TimeDuration.sleep(TimeDuration.java:309)
	at org.apache.ratis.server.impl.FollowerState.run(FollowerState.java:118)
2021-08-04 01:15:45,741 [0d029702-8202-42d6-8df9-3bfc59f4c9fe@group-18AE257E314A-FollowerState] INFO  impl.FollowerState (FollowerState.java:run(143)) - 0d029702-8202-42d6-8df9-3bfc59f4c9fe@group-18AE257E314A-FollowerState was interrupted: {}
java.lang.InterruptedException: sleep interrupted
	at java.lang.Thread.sleep(Native Method)
	at java.lang.Thread.sleep(Thread.java:340)
	at java.util.concurrent.TimeUnit.sleep(TimeUnit.java:386)
	at org.apache.ratis.util.TimeDuration.sleep(TimeDuration.java:324)
	at org.apache.ratis.util.TimeDuration.sleep(TimeDuration.java:309)
	at org.apache.ratis.server.impl.FollowerState.run(FollowerState.java:118)
2021-08-04 01:15:45,744 [ed1bec8e-0ca2-4b71-b1fc-16a76d95b664@group-18AE257E314A-StateMachineUpdater] ERROR ratis.ContainerStateMachine (ContainerStateMachine.java:takeSnapshot(285)) - Failed to take snapshot  for group-18AE257E314A as the stateMachine is unhealthy. The last applied index is at (t:4, i:155)
2021-08-04 01:15:45,739 [0d029702-8202-42d6-8df9-3bfc59f4c9fe@group-18AE257E314A-StateMachineUpdater] ERROR impl.StateMachineUpdater (StateMachineUpdater.java:takeSnapshot(276)) - 0d029702-8202-42d6-8df9-3bfc59f4c9fe@group-18AE257E314A-StateMachineUpdater: Failed to take snapshot
org.apache.ratis.protocol.exceptions.StateMachineException: Failed to take snapshot  for group-18AE257E314A as the stateMachine is unhealthy. The last applied index is at (t:4, i:155)
	at org.apache.hadoop.ozone.container.common.transport.server.ratis.ContainerStateMachine.takeSnapshot(ContainerStateMachine.java:284)
	at org.apache.ratis.server.impl.StateMachineUpdater.takeSnapshot(StateMachineUpdater.java:265)
	at org.apache.ratis.server.impl.StateMachineUpdater.checkAndTakeSnapshot(StateMachineUpdater.java:257)
	at org.apache.ratis.server.impl.StateMachineUpdater.run(StateMachineUpdater.java:180)
	at java.lang.Thread.run(Thread.java:748)
2021-08-04 01:15:45,745 [0d029702-8202-42d6-8df9-3bfc59f4c9fe@group-18AE257E314A-StateMachineUpdater] ERROR ratis.ContainerStateMachine (ContainerStateMachine.java:takeSnapshot(285)) - Failed to take snapshot  for group-18AE257E314A as the stateMachine is unhealthy. The last applied index is at (t:4, i:155)
2021-08-04 01:15:45,745 [0d029702-8202-42d6-8df9-3bfc59f4c9fe@group-18AE257E314A-StateMachineUpdater] ERROR impl.StateMachineUpdater (StateMachineUpdater.java:takeSnapshot(276)) - 0d029702-8202-42d6-8df9-3bfc59f4c9fe@group-18AE257E314A-StateMachineUpdater: Failed to take snapshot
org.apache.ratis.protocol.exceptions.StateMachineException: Failed to take snapshot  for group-18AE257E314A as the stateMachine is unhealthy. The last applied index is at (t:4, i:155)
	at org.apache.hadoop.ozone.container.common.transport.server.ratis.ContainerStateMachine.takeSnapshot(ContainerStateMachine.java:284)
	at org.apache.ratis.server.impl.StateMachineUpdater.takeSnapshot(StateMachineUpdater.java:265)
	at org.apache.ratis.server.impl.StateMachineUpdater.checkAndTakeSnapshot(StateMachineUpdater.java:257)
	at org.apache.ratis.server.impl.StateMachineUpdater.run(StateMachineUpdater.java:183)
	at java.lang.Thread.run(Thread.java:748)
2021-08-04 01:15:45,744 [ed1bec8e-0ca2-4b71-b1fc-16a76d95b664@group-18AE257E314A-StateMachineUpdater] ERROR impl.StateMachineUpdater (StateMachineUpdater.java:takeSnapshot(276)) - ed1bec8e-0ca2-4b71-b1fc-16a76d95b664@group-18AE257E314A-StateMachineUpdater: Failed to take snapshot
org.apache.ratis.protocol.exceptions.StateMachineException: Failed to take snapshot  for group-18AE257E314A as the stateMachine is unhealthy. The last applied index is at (t:4, i:155)
	at org.apache.hadoop.ozone.container.common.transport.server.ratis.ContainerStateMachine.takeSnapshot(ContainerStateMachine.java:284)
	at org.apache.ratis.server.impl.StateMachineUpdater.takeSnapshot(StateMachineUpdater.java:265)
	at org.apache.ratis.server.impl.StateMachineUpdater.checkAndTakeSnapshot(StateMachineUpdater.java:257)
	at org.apache.ratis.server.impl.StateMachineUpdater.run(StateMachineUpdater.java:180)
	at java.lang.Thread.run(Thread.java:748)
2021-08-04 01:15:45,746 [ed1bec8e-0ca2-4b71-b1fc-16a76d95b664@group-18AE257E314A-StateMachineUpdater] ERROR ratis.ContainerStateMachine (ContainerStateMachine.java:takeSnapshot(285)) - Failed to take snapshot  for group-18AE257E314A as the stateMachine is unhealthy. The last applied index is at (t:4, i:155)
2021-08-04 01:15:45,746 [ed1bec8e-0ca2-4b71-b1fc-16a76d95b664@group-18AE257E314A-StateMachineUpdater] ERROR impl.StateMachineUpdater (StateMachineUpdater.java:takeSnapshot(276)) - ed1bec8e-0ca2-4b71-b1fc-16a76d95b664@group-18AE257E314A-StateMachineUpdater: Failed to take snapshot
org.apache.ratis.protocol.exceptions.StateMachineException: Failed to take snapshot  for group-18AE257E314A as the stateMachine is unhealthy. The last applied index is at (t:4, i:155)
	at org.apache.hadoop.ozone.container.common.transport.server.ratis.ContainerStateMachine.takeSnapshot(ContainerStateMachine.java:284)
	at org.apache.ratis.server.impl.StateMachineUpdater.takeSnapshot(StateMachineUpdater.java:265)
	at org.apache.ratis.server.impl.StateMachineUpdater.checkAndTakeSnapshot(StateMachineUpdater.java:257)
	at org.apache.ratis.server.impl.StateMachineUpdater.run(StateMachineUpdater.java:183)
	at java.lang.Thread.run(Thread.java:748)
2021-08-04 01:15:45,747 [Command processor thread] INFO  server.RaftServer$Division (ServerState.java:close(419)) - 0d029702-8202-42d6-8df9-3bfc59f4c9fe@group-18AE257E314A: closes. applyIndex: 155
2021-08-04 01:15:45,744 [Command processor thread] INFO  impl.StateMachineUpdater (StateMachineUpdater.java:stopAndJoin(149)) - ed1bec8e-0ca2-4b71-b1fc-16a76d95b664@group-18AE257E314A-StateMachineUpdater: set stopIndex = 156
2021-08-04 01:15:45,747 [Command processor thread] INFO  server.RaftServer$Division (ServerState.java:close(419)) - ed1bec8e-0ca2-4b71-b1fc-16a76d95b664@group-18AE257E314A: closes. applyIndex: 155
2021-08-04 01:15:45,748 [0d029702-8202-42d6-8df9-3bfc59f4c9fe@group-18AE257E314A-SegmentedRaftLogWorker] INFO  segmented.SegmentedRaftLogWorker (SegmentedRaftLogWorker.java:run(327)) - 0d029702-8202-42d6-8df9-3bfc59f4c9fe@group-18AE257E314A-SegmentedRaftLogWorker was interrupted, exiting. There are 0 tasks remaining in the queue.
2021-08-04 01:15:45,748 [ed1bec8e-0ca2-4b71-b1fc-16a76d95b664@group-18AE257E314A-SegmentedRaftLogWorker] INFO  segmented.SegmentedRaftLogWorker (SegmentedRaftLogWorker.java:run(327)) - ed1bec8e-0ca2-4b71-b1fc-16a76d95b664@group-18AE257E314A-SegmentedRaftLogWorker was interrupted, exiting. There are 0 tasks remaining in the queue.
2021-08-04 01:15:45,748 [Command processor thread] INFO  segmented.SegmentedRaftLogWorker (SegmentedRaftLogWorker.java:close(237)) - 0d029702-8202-42d6-8df9-3bfc59f4c9fe@group-18AE257E314A-SegmentedRaftLogWorker close()
2021-08-04 01:15:45,749 [Command processor thread] INFO  segmented.SegmentedRaftLogWorker (SegmentedRaftLogWorker.java:close(237)) - ed1bec8e-0ca2-4b71-b1fc-16a76d95b664@group-18AE257E314A-SegmentedRaftLogWorker close()
2021-08-04 01:15:45,750 [Command processor thread] INFO  server.RaftServer (RaftServerProxy.java:remove(106)) - 229ac007-447d-49b5-a47f-edc07a9ec5fc: remove    LEADER 229ac007-447d-49b5-a47f-edc07a9ec5fc@group-18AE257E314A:t4, leader=229ac007-447d-49b5-a47f-edc07a9ec5fc, voted=229ac007-447d-49b5-a47f-edc07a9ec5fc, raftlog=229ac007-447d-49b5-a47f-edc07a9ec5fc@group-18AE257E314A-SegmentedRaftLog:OPENED:c160,f160,i161, conf=1: [0d029702-8202-42d6-8df9-3bfc59f4c9fe|rpc:10.1.0.49:46551|dataStream:|priority:0, ed1bec8e-0ca2-4b71-b1fc-16a76d95b664|rpc:10.1.0.49:36883|dataStream:|priority:0, 229ac007-447d-49b5-a47f-edc07a9ec5fc|rpc:10.1.0.49:45123|dataStream:|priority:1], old=null RUNNING
2021-08-04 01:15:45,750 [Command processor thread] INFO  server.RaftServer$Division (RaftServerImpl.java:lambda$close$4(407)) - 229ac007-447d-49b5-a47f-edc07a9ec5fc@group-18AE257E314A: shutdown
2021-08-04 01:15:45,750 [Command processor thread] INFO  util.JmxRegister (JmxRegister.java:unregister(73)) - Successfully un-registered JMX Bean with object name Ratis:service=RaftServer,group=group-18AE257E314A,id=229ac007-447d-49b5-a47f-edc07a9ec5fc
2021-08-04 01:15:45,750 [Command processor thread] INFO  impl.RoleInfo (RoleInfo.java:shutdownLeaderState(91)) - 229ac007-447d-49b5-a47f-edc07a9ec5fc: shutdown 229ac007-447d-49b5-a47f-edc07a9ec5fc@group-18AE257E314A-LeaderStateImpl
2021-08-04 01:15:45,750 [229ac007-447d-49b5-a47f-edc07a9ec5fc@group-18AE257E314A->0d029702-8202-42d6-8df9-3bfc59f4c9fe-GrpcLogAppender-LogAppenderDaemon] WARN  server.GrpcLogAppender (GrpcLogAppender.java:mayWait(175)) - 229ac007-447d-49b5-a47f-edc07a9ec5fc@group-18AE257E314A->0d029702-8202-42d6-8df9-3bfc59f4c9fe-GrpcLogAppender: Wait interrupted by java.lang.InterruptedException
2021-08-04 01:15:45,750 [229ac007-447d-49b5-a47f-edc07a9ec5fc@group-18AE257E314A->ed1bec8e-0ca2-4b71-b1fc-16a76d95b664-GrpcLogAppender-LogAppenderDaemon] WARN  server.GrpcLogAppender (GrpcLogAppender.java:mayWait(175)) - 229ac007-447d-49b5-a47f-edc07a9ec5fc@group-18AE257E314A->ed1bec8e-0ca2-4b71-b1fc-16a76d95b664-GrpcLogAppender: Wait interrupted by java.lang.InterruptedException
2021-08-04 01:15:45,750 [Command processor thread] INFO  impl.PendingRequests (PendingRequests.java:sendNotLeaderResponses(249)) - 229ac007-447d-49b5-a47f-edc07a9ec5fc@group-18AE257E314A-PendingRequests: sendNotLeaderResponses
2021-08-04 01:15:45,751 [grpc-default-executor-2] INFO  server.GrpcServerProtocolService (GrpcServerProtocolService.java:onCompleted(140)) - ed1bec8e-0ca2-4b71-b1fc-16a76d95b664: Completed APPEND_ENTRIES, lastRequest: 229ac007-447d-49b5-a47f-edc07a9ec5fc->ed1bec8e-0ca2-4b71-b1fc-16a76d95b664#2103-t4,previous=(t:4, i:160),leaderCommit=160,initializing? true,entries: size=1, first=(t:4, i:161), STATEMACHINELOGENTRY, 165@client-7CACFBFF8CBB
2021-08-04 01:15:45,751 [grpc-default-executor-4] INFO  server.GrpcServerProtocolService (GrpcServerProtocolService.java:onCompleted(140)) - 0d029702-8202-42d6-8df9-3bfc59f4c9fe: Completed APPEND_ENTRIES, lastRequest: 229ac007-447d-49b5-a47f-edc07a9ec5fc->0d029702-8202-42d6-8df9-3bfc59f4c9fe#2112-t4,previous=(t:4, i:160),leaderCommit=160,initializing? true,entries: size=1, first=(t:4, i:161), STATEMACHINELOGENTRY, 165@client-7CACFBFF8CBB
2021-08-04 01:15:45,753 [grpc-default-executor-2] INFO  server.GrpcLogAppender (GrpcLogAppender.java:onCompleted(344)) - 229ac007-447d-49b5-a47f-edc07a9ec5fc@group-18AE257E314A->ed1bec8e-0ca2-4b71-b1fc-16a76d95b664-AppendLogResponseHandler: follower responses appendEntries COMPLETED
2021-08-04 01:15:45,753 [grpc-default-executor-2] INFO  leader.FollowerInfo (FollowerInfoImpl.java:lambda$new$0(46)) - 229ac007-447d-49b5-a47f-edc07a9ec5fc@group-18AE257E314A->ed1bec8e-0ca2-4b71-b1fc-16a76d95b664: nextIndex: updateUnconditionally 162 -> 161
2021-08-04 01:15:45,753 [grpc-default-executor-4] INFO  server.GrpcLogAppender (GrpcLogAppender.java:onCompleted(344)) - 229ac007-447d-49b5-a47f-edc07a9ec5fc@group-18AE257E314A->0d029702-8202-42d6-8df9-3bfc59f4c9fe-AppendLogResponseHandler: follower responses appendEntries COMPLETED
2021-08-04 01:15:45,753 [grpc-default-executor-4] INFO  leader.FollowerInfo (FollowerInfoImpl.java:lambda$new$0(46)) - 229ac007-447d-49b5-a47f-edc07a9ec5fc@group-18AE257E314A->0d029702-8202-42d6-8df9-3bfc59f4c9fe: nextIndex: updateUnconditionally 162 -> 161
2021-08-04 01:15:45,765 [Command processor thread] INFO  impl.StateMachineUpdater (StateMachineUpdater.java:stopAndJoin(149)) - 229ac007-447d-49b5-a47f-edc07a9ec5fc@group-18AE257E314A-StateMachineUpdater: set stopIndex = 160
2021-08-04 01:15:45,765 [229ac007-447d-49b5-a47f-edc07a9ec5fc@group-18AE257E314A-StateMachineUpdater] ERROR ratis.ContainerStateMachine (ContainerStateMachine.java:takeSnapshot(285)) - Failed to take snapshot  for group-18AE257E314A as the stateMachine is unhealthy. The last applied index is at (t:4, i:160)
2021-08-04 01:15:45,765 [229ac007-447d-49b5-a47f-edc07a9ec5fc@group-18AE257E314A-StateMachineUpdater] ERROR impl.StateMachineUpdater (StateMachineUpdater.java:takeSnapshot(276)) - 229ac007-447d-49b5-a47f-edc07a9ec5fc@group-18AE257E314A-StateMachineUpdater: Failed to take snapshot
org.apache.ratis.protocol.exceptions.StateMachineException: Failed to take snapshot  for group-18AE257E314A as the stateMachine is unhealthy. The last applied index is at (t:4, i:160)
	at org.apache.hadoop.ozone.container.common.transport.server.ratis.ContainerStateMachine.takeSnapshot(ContainerStateMachine.java:284)
	at org.apache.ratis.server.impl.StateMachineUpdater.takeSnapshot(StateMachineUpdater.java:265)
	at org.apache.ratis.server.impl.StateMachineUpdater.checkAndTakeSnapshot(StateMachineUpdater.java:257)
	at org.apache.ratis.server.impl.StateMachineUpdater.run(StateMachineUpdater.java:180)
	at java.lang.Thread.run(Thread.java:748)
2021-08-04 01:15:45,765 [229ac007-447d-49b5-a47f-edc07a9ec5fc@group-18AE257E314A-StateMachineUpdater] ERROR ratis.ContainerStateMachine (ContainerStateMachine.java:takeSnapshot(285)) - Failed to take snapshot  for group-18AE257E314A as the stateMachine is unhealthy. The last applied index is at (t:4, i:160)
2021-08-04 01:15:45,765 [229ac007-447d-49b5-a47f-edc07a9ec5fc@group-18AE257E314A-StateMachineUpdater] ERROR impl.StateMachineUpdater (StateMachineUpdater.java:takeSnapshot(276)) - 229ac007-447d-49b5-a47f-edc07a9ec5fc@group-18AE257E314A-StateMachineUpdater: Failed to take snapshot
org.apache.ratis.protocol.exceptions.StateMachineException: Failed to take snapshot  for group-18AE257E314A as the stateMachine is unhealthy. The last applied index is at (t:4, i:160)
	at org.apache.hadoop.ozone.container.common.transport.server.ratis.ContainerStateMachine.takeSnapshot(ContainerStateMachine.java:284)
	at org.apache.ratis.server.impl.StateMachineUpdater.takeSnapshot(StateMachineUpdater.java:265)
	at org.apache.ratis.server.impl.StateMachineUpdater.checkAndTakeSnapshot(StateMachineUpdater.java:257)
	at org.apache.ratis.server.impl.StateMachineUpdater.run(StateMachineUpdater.java:183)
	at java.lang.Thread.run(Thread.java:748)
2021-08-04 01:15:45,767 [Command processor thread] INFO  server.RaftServer$Division (RaftServerImpl.java:groupRemove(377)) - 0d029702-8202-42d6-8df9-3bfc59f4c9fe@group-18AE257E314A: Succeed to remove RaftStorageDirectory Storage Directory /home/runner/work/ozone/ozone/mnt/ozone/hadoop-ozone/integration-test/target/test-dir/MiniOzoneClusterImpl-e5186c5f-1b64-46e6-9930-7a8733b94f9c/datanode-0/data/ratis/d3dfecff-b576-4436-83fc-18ae257e314a
2021-08-04 01:15:45,767 [Command processor thread] INFO  commandhandler.ClosePipelineCommandHandler (ClosePipelineCommandHandler.java:handle(75)) - Close Pipeline PipelineID=d3dfecff-b576-4436-83fc-18ae257e314a command on datanode 0d029702-8202-42d6-8df9-3bfc59f4c9fe.
2021-08-04 01:15:45,768 [Command processor thread] INFO  server.RaftServer$Division (RaftServerImpl.java:groupRemove(377)) - ed1bec8e-0ca2-4b71-b1fc-16a76d95b664@group-18AE257E314A: Succeed to remove RaftStorageDirectory Storage Directory /home/runner/work/ozone/ozone/mnt/ozone/hadoop-ozone/integration-test/target/test-dir/MiniOzoneClusterImpl-e5186c5f-1b64-46e6-9930-7a8733b94f9c/datanode-2/data/ratis/d3dfecff-b576-4436-83fc-18ae257e314a
2021-08-04 01:15:45,769 [Command processor thread] INFO  server.RaftServer$Division (ServerState.java:close(419)) - 229ac007-447d-49b5-a47f-edc07a9ec5fc@group-18AE257E314A: closes. applyIndex: 160
2021-08-04 01:15:45,769 [229ac007-447d-49b5-a47f-edc07a9ec5fc@group-18AE257E314A-SegmentedRaftLogWorker] INFO  segmented.SegmentedRaftLogWorker (SegmentedRaftLogWorker.java:run(327)) - 229ac007-447d-49b5-a47f-edc07a9ec5fc@group-18AE257E314A-SegmentedRaftLogWorker was interrupted, exiting. There are 0 tasks remaining in the queue.
2021-08-04 01:15:45,769 [Command processor thread] INFO  segmented.SegmentedRaftLogWorker (SegmentedRaftLogWorker.java:close(237)) - 229ac007-447d-49b5-a47f-edc07a9ec5fc@group-18AE257E314A-SegmentedRaftLogWorker close()
2021-08-04 01:15:45,768 [Command processor thread] INFO  commandhandler.ClosePipelineCommandHandler (ClosePipelineCommandHandler.java:handle(75)) - Close Pipeline PipelineID=d3dfecff-b576-4436-83fc-18ae257e314a command on datanode ed1bec8e-0ca2-4b71-b1fc-16a76d95b664.
2021-08-04 01:15:45,777 [Command processor thread] WARN  server.RaftServer (RaftServerProxy.java:remove(101)) - ed1bec8e-0ca2-4b71-b1fc-16a76d95b664: does not contain group: group-18AE257E314A
2021-08-04 01:15:45,777 [Command processor thread] ERROR commandhandler.ClosePipelineCommandHandler (ClosePipelineCommandHandler.java:handle(78)) - Can't close pipeline PipelineID=d3dfecff-b576-4436-83fc-18ae257e314a
java.io.IOException: ed1bec8e-0ca2-4b71-b1fc-16a76d95b664: Group group-18AE257E314A not found.
	at org.apache.hadoop.ozone.container.common.transport.server.ratis.XceiverServerRatis.removeGroup(XceiverServerRatis.java:777)
	at org.apache.hadoop.ozone.container.common.statemachine.commandhandler.ClosePipelineCommandHandler.handle(ClosePipelineCommandHandler.java:74)
	at org.apache.hadoop.ozone.container.common.statemachine.commandhandler.CommandDispatcher.handle(CommandDispatcher.java:99)
	at org.apache.hadoop.ozone.container.common.statemachine.DatanodeStateMachine.lambda$initCommandHandlerThread$2(DatanodeStateMachine.java:555)
	at java.lang.Thread.run(Thread.java:748)
Caused by: org.apache.ratis.protocol.exceptions.GroupMismatchException: ed1bec8e-0ca2-4b71-b1fc-16a76d95b664: Group group-18AE257E314A not found.
	at org.apache.ratis.server.impl.RaftServerProxy.groupRemoveAsync(RaftServerProxy.java:504)
	at org.apache.ratis.server.impl.RaftServerProxy.groupManagementAsync(RaftServerProxy.java:460)
	at org.apache.ratis.server.impl.RaftServerProxy.groupManagement(RaftServerProxy.java:440)
	at org.apache.hadoop.ozone.container.common.transport.server.ratis.XceiverServerRatis.removeGroup(XceiverServerRatis.java:775)
	... 4 more
2021-08-04 01:15:45,778 [Command processor thread] INFO  server.RaftServer$Division (RaftServerImpl.java:groupRemove(377)) - 229ac007-447d-49b5-a47f-edc07a9ec5fc@group-18AE257E314A: Succeed to remove RaftStorageDirectory Storage Directory /home/runner/work/ozone/ozone/mnt/ozone/hadoop-ozone/integration-test/target/test-dir/MiniOzoneClusterImpl-e5186c5f-1b64-46e6-9930-7a8733b94f9c/datanode-1/data/ratis/d3dfecff-b576-4436-83fc-18ae257e314a
2021-08-04 01:15:45,778 [Command processor thread] INFO  commandhandler.ClosePipelineCommandHandler (ClosePipelineCommandHandler.java:handle(75)) - Close Pipeline PipelineID=d3dfecff-b576-4436-83fc-18ae257e314a command on datanode 229ac007-447d-49b5-a47f-edc07a9ec5fc.
2021-08-04 01:15:45,778 [Command processor thread] WARN  server.RaftServer (RaftServerProxy.java:remove(101)) - 229ac007-447d-49b5-a47f-edc07a9ec5fc: does not contain group: group-18AE257E314A
2021-08-04 01:15:45,778 [Command processor thread] ERROR commandhandler.ClosePipelineCommandHandler (ClosePipelineCommandHandler.java:handle(78)) - Can't close pipeline PipelineID=d3dfecff-b576-4436-83fc-18ae257e314a
java.io.IOException: 229ac007-447d-49b5-a47f-edc07a9ec5fc: Group group-18AE257E314A not found.
	at org.apache.hadoop.ozone.container.common.transport.server.ratis.XceiverServerRatis.removeGroup(XceiverServerRatis.java:777)
	at org.apache.hadoop.ozone.container.common.statemachine.commandhandler.ClosePipelineCommandHandler.handle(ClosePipelineCommandHandler.java:74)
	at org.apache.hadoop.ozone.container.common.statemachine.commandhandler.CommandDispatcher.handle(CommandDispatcher.java:99)
	at org.apache.hadoop.ozone.container.common.statemachine.DatanodeStateMachine.lambda$initCommandHandlerThread$2(DatanodeStateMachine.java:555)
	at java.lang.Thread.run(Thread.java:748)
Caused by: org.apache.ratis.protocol.exceptions.GroupMismatchException: 229ac007-447d-49b5-a47f-edc07a9ec5fc: Group group-18AE257E314A not found.
	at org.apache.ratis.server.impl.RaftServerProxy.groupRemoveAsync(RaftServerProxy.java:504)
	at org.apache.ratis.server.impl.RaftServerProxy.groupManagementAsync(RaftServerProxy.java:460)
	at org.apache.ratis.server.impl.RaftServerProxy.groupManagement(RaftServerProxy.java:440)
	at org.apache.hadoop.ozone.container.common.transport.server.ratis.XceiverServerRatis.removeGroup(XceiverServerRatis.java:775)
	... 4 more
2021-08-04 01:15:48,411 [Time-limited test] WARN  io.KeyOutputStream (KeyOutputStream.java:handleException(318)) - Encountered exception java.io.IOException: Unexpected Storage Container Exception: java.util.concurrent.CompletionException: Failed to write chunk 107544261427200021_chunk_3 into block conID: 17 locID: 107544261427200021 bcsId: 158 on the pipeline Pipeline[ Id: d3dfecff-b576-4436-83fc-18ae257e314a, Nodes: 229ac007-447d-49b5-a47f-edc07a9ec5fc{ip: 10.1.0.49, host: fv-az59-81.csjynl4pkq3e1pkirw3ssqjfoh.cx.internal.cloudapp.net, ports: [REPLICATION=46863, RATIS=45123, RATIS_ADMIN=45123, RATIS_SERVER=45123, STANDALONE=38315], networkLocation: /default-rack, certSerialId: null, persistedOpState: IN_SERVICE, persistedOpStateExpiryEpochSec: 0}ed1bec8e-0ca2-4b71-b1fc-16a76d95b664{ip: 10.1.0.49, host: fv-az59-81.csjynl4pkq3e1pkirw3ssqjfoh.cx.internal.cloudapp.net, ports: [REPLICATION=46177, RATIS=36883, RATIS_ADMIN=36883, RATIS_SERVER=36883, STANDALONE=34587], networkLocation: /default-rack, certSerialId: null, persistedOpState: IN_SERVICE, persistedOpStateExpiryEpochSec: 0}0d029702-8202-42d6-8df9-3bfc59f4c9fe{ip: 10.1.0.49, host: fv-az59-81.csjynl4pkq3e1pkirw3ssqjfoh.cx.internal.cloudapp.net, ports: [REPLICATION=33067, RATIS=46551, RATIS_ADMIN=46551, RATIS_SERVER=46551, STANDALONE=43191], networkLocation: /default-rack, certSerialId: null, persistedOpState: IN_SERVICE, persistedOpStateExpiryEpochSec: 0}, ReplicationConfig: RATIS/THREE, State:OPEN, leaderId:229ac007-447d-49b5-a47f-edc07a9ec5fc, CreationTimestamp2021-08-04T01:15:07.159Z[Etc/UTC]]. The last committed block length is 1048576, uncommitted data length is 2097152 retry count 0
2021-08-04 01:15:48,424 [ChunkWriter-1-0] INFO  keyvalue.KeyValueHandler (ContainerUtils.java:logAndReturnError(89)) - Operation: CreateContainer , Trace ID:  , Message: Container creation failed. Failed init RocksDB, db path : /home/runner/work/ozone/ozone/mnt/ozone/hadoop-ozone/integration-test/target/test-dir/MiniOzoneClusterImpl-e5186c5f-1b64-46e6-9930-7a8733b94f9c/datanode-3/data-0/containers/hdds/e5186c5f-1b64-46e6-9930-7a8733b94f9c/current/containerDir0/18/metadata/18-dn-container.db, exception :org.rocksdb.RocksDBException While appending to file: /home/runner/work/ozone/ozone/mnt/ozone/hadoop-ozone/integration-test/target/test-dir/MiniOzoneClusterImpl-e5186c5f-1b64-46e6-9930-7a8733b94f9c/datanode-3/data-0/containers/hdds/e5186c5f-1b64-46e6-9930-7a8733b94f9c/current/containerDir0/18/metadata/18-dn-container.db/MANIFEST-000001: No space left on device; status : IOError(NoSpace); message : While appending to file: /home/runner/work/ozone/ozone/mnt/ozone/hadoop-ozone/integration-test/target/test-dir/MiniOzoneClusterImpl-e5186c5f-1b64-46e6-9930-7a8733b94f9c/datanode-3/data-0/containers/hdds/e5186c5f-1b64-46e6-9930-7a8733b94f9c/current/containerDir0/18/metadata/18-dn-container.db/MANIFEST-000001: No space left on device , Result: CONTAINER_INTERNAL_ERROR , StorageContainerException Occurred.
org.apache.hadoop.hdds.scm.container.common.helpers.StorageContainerException: Container creation failed. Failed init RocksDB, db path : /home/runner/work/ozone/ozone/mnt/ozone/hadoop-ozone/integration-test/target/test-dir/MiniOzoneClusterImpl-e5186c5f-1b64-46e6-9930-7a8733b94f9c/datanode-3/data-0/containers/hdds/e5186c5f-1b64-46e6-9930-7a8733b94f9c/current/containerDir0/18/metadata/18-dn-container.db, exception :org.rocksdb.RocksDBException While appending to file: /home/runner/work/ozone/ozone/mnt/ozone/hadoop-ozone/integration-test/target/test-dir/MiniOzoneClusterImpl-e5186c5f-1b64-46e6-9930-7a8733b94f9c/datanode-3/data-0/containers/hdds/e5186c5f-1b64-46e6-9930-7a8733b94f9c/current/containerDir0/18/metadata/18-dn-container.db/MANIFEST-000001: No space left on device; status : IOError(NoSpace); message : While appending to file: /home/runner/work/ozone/ozone/mnt/ozone/hadoop-ozone/integration-test/target/test-dir/MiniOzoneClusterImpl-e5186c5f-1b64-46e6-9930-7a8733b94f9c/datanode-3/data-0/containers/hdds/e5186c5f-1b64-46e6-9930-7a8733b94f9c/current/containerDir0/18/metadata/18-dn-container.db/MANIFEST-000001: No space left on device
	at org.apache.hadoop.ozone.container.keyvalue.KeyValueContainer.create(KeyValueContainer.java:171)
	at org.apache.hadoop.ozone.container.keyvalue.KeyValueHandler.handleCreateContainer(KeyValueHandler.java:265)
	at org.apache.hadoop.ozone.container.keyvalue.KeyValueHandler.dispatchRequest(KeyValueHandler.java:182)
	at org.apache.hadoop.ozone.container.keyvalue.KeyValueHandler.handle(KeyValueHandler.java:170)
	at org.apache.hadoop.ozone.container.common.impl.HddsDispatcher.createContainer(HddsDispatcher.java:423)
	at org.apache.hadoop.ozone.container.common.impl.HddsDispatcher.dispatchRequest(HddsDispatcher.java:258)
	at org.apache.hadoop.ozone.container.common.impl.HddsDispatcher.lambda$dispatch$0(HddsDispatcher.java:169)
	at org.apache.hadoop.hdds.server.OzoneProtocolMessageDispatcher.processRequest(OzoneProtocolMessageDispatcher.java:87)
	at org.apache.hadoop.ozone.container.common.impl.HddsDispatcher.dispatch(HddsDispatcher.java:168)
	at org.apache.hadoop.ozone.container.common.transport.server.ratis.ContainerStateMachine.dispatchCommand(ContainerStateMachine.java:398)
	at org.apache.hadoop.ozone.container.common.transport.server.ratis.ContainerStateMachine.runCommand(ContainerStateMachine.java:408)
	at org.apache.hadoop.ozone.container.common.transport.server.ratis.ContainerStateMachine.lambda$handleWriteChunk$1(ContainerStateMachine.java:439)
	at java.util.concurrent.CompletableFuture$AsyncSupply.run(CompletableFuture.java:1604)
	at java.util.concurrent.ThreadPoolExecutor.runWorker(ThreadPoolExecutor.java:1149)
	at java.util.concurrent.ThreadPoolExecutor$Worker.run(ThreadPoolExecutor.java:624)
	at java.lang.Thread.run(Thread.java:748)
Caused by: java.io.IOException: Failed init RocksDB, db path : /home/runner/work/ozone/ozone/mnt/ozone/hadoop-ozone/integration-test/target/test-dir/MiniOzoneClusterImpl-e5186c5f-1b64-46e6-9930-7a8733b94f9c/datanode-3/data-0/containers/hdds/e5186c5f-1b64-46e6-9930-7a8733b94f9c/current/containerDir0/18/metadata/18-dn-container.db, exception :org.rocksdb.RocksDBException While appending to file: /home/runner/work/ozone/ozone/mnt/ozone/hadoop-ozone/integration-test/target/test-dir/MiniOzoneClusterImpl-e5186c5f-1b64-46e6-9930-7a8733b94f9c/datanode-3/data-0/containers/hdds/e5186c5f-1b64-46e6-9930-7a8733b94f9c/current/containerDir0/18/metadata/18-dn-container.db/MANIFEST-000001: No space left on device; status : IOError(NoSpace); message : While appending to file: /home/runner/work/ozone/ozone/mnt/ozone/hadoop-ozone/integration-test/target/test-dir/MiniOzoneClusterImpl-e5186c5f-1b64-46e6-9930-7a8733b94f9c/datanode-3/data-0/containers/hdds/e5186c5f-1b64-46e6-9930-7a8733b94f9c/current/containerDir0/18/metadata/18-dn-container.db/MANIFEST-000001: No space left on device
	at org.apache.hadoop.hdds.utils.HddsServerUtil.toIOException(HddsServerUtil.java:564)
	at org.apache.hadoop.hdds.utils.db.RDBStore.<init>(RDBStore.java:164)
	at org.apache.hadoop.hdds.utils.db.DBStoreBuilder.build(DBStoreBuilder.java:191)
	at org.apache.hadoop.ozone.container.metadata.AbstractDatanodeStore.start(AbstractDatanodeStore.java:118)
	at org.apache.hadoop.ozone.container.metadata.AbstractDatanodeStore.<init>(AbstractDatanodeStore.java:93)
	at org.apache.hadoop.ozone.container.metadata.DatanodeStoreSchemaTwoImpl.<init>(DatanodeStoreSchemaTwoImpl.java:48)
	at org.apache.hadoop.ozone.container.keyvalue.helpers.KeyValueContainerUtil.createContainerMetaData(KeyValueContainerUtil.java:112)
	at org.apache.hadoop.ozone.container.keyvalue.KeyValueContainer.create(KeyValueContainer.java:139)
	... 15 more
Caused by: org.rocksdb.RocksDBException: While appending to file: /home/runner/work/ozone/ozone/mnt/ozone/hadoop-ozone/integration-test/target/test-dir/MiniOzoneClusterImpl-e5186c5f-1b64-46e6-9930-7a8733b94f9c/datanode-3/data-0/containers/hdds/e5186c5f-1b64-46e6-9930-7a8733b94f9c/current/containerDir0/18/metadata/18-dn-container.db/MANIFEST-000001: No space left on device
	at org.rocksdb.RocksDB.open(Native Method)
	at org.rocksdb.RocksDB.open(RocksDB.java:306)
	at org.apache.hadoop.hdds.utils.db.RDBStore.<init>(RDBStore.java:119)
	... 21 more
01:15:48.429 [ChunkWriter-1-0] ERROR DNAudit - user=null | ip=null | op=WRITE_CHUNK {blockData=conID: 18 locID: 107544261427200022 bcsId: 0} | ret=FAILURE
org.apache.hadoop.hdds.scm.container.common.helpers.StorageContainerException: ContainerID 18 creation failed
	at org.apache.hadoop.ozone.container.common.impl.HddsDispatcher.dispatchRequest(HddsDispatcher.java:262) ~[hdds-container-service-1.2.0-SNAPSHOT.jar:?]
	at org.apache.hadoop.ozone.container.common.impl.HddsDispatcher.lambda$dispatch$0(HddsDispatcher.java:169) ~[hdds-container-service-1.2.0-SNAPSHOT.jar:?]
	at org.apache.hadoop.hdds.server.OzoneProtocolMessageDispatcher.processRequest(OzoneProtocolMessageDispatcher.java:87) ~[hdds-server-framework-1.2.0-SNAPSHOT.jar:?]
	at org.apache.hadoop.ozone.container.common.impl.HddsDispatcher.dispatch(HddsDispatcher.java:168) ~[hdds-container-service-1.2.0-SNAPSHOT.jar:?]
	at org.apache.hadoop.ozone.container.common.transport.server.ratis.ContainerStateMachine.dispatchCommand(ContainerStateMachine.java:398) ~[hdds-container-service-1.2.0-SNAPSHOT.jar:?]
	at org.apache.hadoop.ozone.container.common.transport.server.ratis.ContainerStateMachine.runCommand(ContainerStateMachine.java:408) ~[hdds-container-service-1.2.0-SNAPSHOT.jar:?]
	at org.apache.hadoop.ozone.container.common.transport.server.ratis.ContainerStateMachine.lambda$handleWriteChunk$1(ContainerStateMachine.java:439) ~[hdds-container-service-1.2.0-SNAPSHOT.jar:?]
	at java.util.concurrent.CompletableFuture$AsyncSupply.run(CompletableFuture.java:1604) [?:1.8.0_292]
	at java.util.concurrent.ThreadPoolExecutor.runWorker(ThreadPoolExecutor.java:1149) [?:1.8.0_292]
	at java.util.concurrent.ThreadPoolExecutor$Worker.run(ThreadPoolExecutor.java:624) [?:1.8.0_292]
	at java.lang.Thread.run(Thread.java:748) [?:1.8.0_292]
2021-08-04 01:15:48,429 [ChunkWriter-1-0] INFO  impl.HddsDispatcher (ContainerUtils.java:logAndReturnError(89)) - Operation: WriteChunk , Trace ID:  , Message: ContainerID 18 creation failed , Result: CONTAINER_INTERNAL_ERROR , StorageContainerException Occurred.
org.apache.hadoop.hdds.scm.container.common.helpers.StorageContainerException: ContainerID 18 creation failed
	at org.apache.hadoop.ozone.container.common.impl.HddsDispatcher.dispatchRequest(HddsDispatcher.java:262)
	at org.apache.hadoop.ozone.container.common.impl.HddsDispatcher.lambda$dispatch$0(HddsDispatcher.java:169)
	at org.apache.hadoop.hdds.server.OzoneProtocolMessageDispatcher.processRequest(OzoneProtocolMessageDispatcher.java:87)
	at org.apache.hadoop.ozone.container.common.impl.HddsDispatcher.dispatch(HddsDispatcher.java:168)
	at org.apache.hadoop.ozone.container.common.transport.server.ratis.ContainerStateMachine.dispatchCommand(ContainerStateMachine.java:398)
	at org.apache.hadoop.ozone.container.common.transport.server.ratis.ContainerStateMachine.runCommand(ContainerStateMachine.java:408)
	at org.apache.hadoop.ozone.container.common.transport.server.ratis.ContainerStateMachine.lambda$handleWriteChunk$1(ContainerStateMachine.java:439)
	at java.util.concurrent.CompletableFuture$AsyncSupply.run(CompletableFuture.java:1604)
	at java.util.concurrent.ThreadPoolExecutor.runWorker(ThreadPoolExecutor.java:1149)
	at java.util.concurrent.ThreadPoolExecutor$Worker.run(ThreadPoolExecutor.java:624)
	at java.lang.Thread.run(Thread.java:748)
2021-08-04 01:15:48,430 [ChunkWriter-1-0] ERROR ratis.ContainerStateMachine (ContainerStateMachine.java:lambda$handleWriteChunk$2(467)) - group-B2EACA72A2EE: writeChunk writeStateMachineData failed: blockIdcontainerID: 18
localID: 107544261427200022
blockCommitSequenceId: 0
 logIndex 88 chunkName 107544261427200022_chunk_1 Error message: ContainerID 18 creation failed Container Result: CONTAINER_INTERNAL_ERROR
2021-08-04 01:15:48,428 [ChunkWriter-1-0] ERROR helpers.KeyValueContainerUtil (KeyValueContainerUtil.java:createContainerMetaData(90)) - Unable to create directory for metadata storage. Path: /home/runner/work/ozone/ozone/mnt/ozone/hadoop-ozone/integration-test/target/test-dir/MiniOzoneClusterImpl-e5186c5f-1b64-46e6-9930-7a8733b94f9c/datanode-4/data-0/containers/hdds/e5186c5f-1b64-46e6-9930-7a8733b94f9c/current/containerDir0/18/metadata
2021-08-04 01:15:48,430 [ChunkWriter-1-0] INFO  keyvalue.KeyValueHandler (ContainerUtils.java:logAndReturnError(89)) - Operation: CreateContainer , Trace ID:  , Message: Container creation failed. Unable to create directory for metadata storage. Path: /home/runner/work/ozone/ozone/mnt/ozone/hadoop-ozone/integration-test/target/test-dir/MiniOzoneClusterImpl-e5186c5f-1b64-46e6-9930-7a8733b94f9c/datanode-4/data-0/containers/hdds/e5186c5f-1b64-46e6-9930-7a8733b94f9c/current/containerDir0/18/metadata , Result: CONTAINER_INTERNAL_ERROR , StorageContainerException Occurred.
org.apache.hadoop.hdds.scm.container.common.helpers.StorageContainerException: Container creation failed. Unable to create directory for metadata storage. Path: /home/runner/work/ozone/ozone/mnt/ozone/hadoop-ozone/integration-test/target/test-dir/MiniOzoneClusterImpl-e5186c5f-1b64-46e6-9930-7a8733b94f9c/datanode-4/data-0/containers/hdds/e5186c5f-1b64-46e6-9930-7a8733b94f9c/current/containerDir0/18/metadata
	at org.apache.hadoop.ozone.container.keyvalue.KeyValueContainer.create(KeyValueContainer.java:171)
	at org.apache.hadoop.ozone.container.keyvalue.KeyValueHandler.handleCreateContainer(KeyValueHandler.java:265)
	at org.apache.hadoop.ozone.container.keyvalue.KeyValueHandler.dispatchRequest(KeyValueHandler.java:182)
	at org.apache.hadoop.ozone.container.keyvalue.KeyValueHandler.handle(KeyValueHandler.java:170)
	at org.apache.hadoop.ozone.container.common.impl.HddsDispatcher.createContainer(HddsDispatcher.java:423)
	at org.apache.hadoop.ozone.container.common.impl.HddsDispatcher.dispatchRequest(HddsDispatcher.java:258)
	at org.apache.hadoop.ozone.container.common.impl.HddsDispatcher.lambda$dispatch$0(HddsDispatcher.java:169)
	at org.apache.hadoop.hdds.server.OzoneProtocolMessageDispatcher.processRequest(OzoneProtocolMessageDispatcher.java:87)
	at org.apache.hadoop.ozone.container.common.impl.HddsDispatcher.dispatch(HddsDispatcher.java:168)
	at org.apache.hadoop.ozone.container.common.transport.server.ratis.ContainerStateMachine.dispatchCommand(ContainerStateMachine.java:398)
	at org.apache.hadoop.ozone.container.common.transport.server.ratis.ContainerStateMachine.runCommand(ContainerStateMachine.java:408)
	at org.apache.hadoop.ozone.container.common.transport.server.ratis.ContainerStateMachine.lambda$handleWriteChunk$1(ContainerStateMachine.java:439)
	at java.util.concurrent.CompletableFuture$AsyncSupply.run(CompletableFuture.java:1604)
	at java.util.concurrent.ThreadPoolExecutor.runWorker(ThreadPoolExecutor.java:1149)
	at java.util.concurrent.ThreadPoolExecutor$Worker.run(ThreadPoolExecutor.java:624)
	at java.lang.Thread.run(Thread.java:748)
Caused by: java.io.IOException: Unable to create directory for metadata storage. Path: /home/runner/work/ozone/ozone/mnt/ozone/hadoop-ozone/integration-test/target/test-dir/MiniOzoneClusterImpl-e5186c5f-1b64-46e6-9930-7a8733b94f9c/datanode-4/data-0/containers/hdds/e5186c5f-1b64-46e6-9930-7a8733b94f9c/current/containerDir0/18/metadata
	at org.apache.hadoop.ozone.container.keyvalue.helpers.KeyValueContainerUtil.createContainerMetaData(KeyValueContainerUtil.java:92)
	at org.apache.hadoop.ozone.container.keyvalue.KeyValueContainer.create(KeyValueContainer.java:139)
	... 15 more
01:15:48.430 [ChunkWriter-1-0] ERROR DNAudit - user=null | ip=null | op=WRITE_CHUNK {blockData=conID: 18 locID: 107544261427200022 bcsId: 0} | ret=FAILURE
org.apache.hadoop.hdds.scm.container.common.helpers.StorageContainerException: ContainerID 18 creation failed
	at org.apache.hadoop.ozone.container.common.impl.HddsDispatcher.dispatchRequest(HddsDispatcher.java:262) ~[hdds-container-service-1.2.0-SNAPSHOT.jar:?]
	at org.apache.hadoop.ozone.container.common.impl.HddsDispatcher.lambda$dispatch$0(HddsDispatcher.java:169) ~[hdds-container-service-1.2.0-SNAPSHOT.jar:?]
	at org.apache.hadoop.hdds.server.OzoneProtocolMessageDispatcher.processRequest(OzoneProtocolMessageDispatcher.java:87) ~[hdds-server-framework-1.2.0-SNAPSHOT.jar:?]
	at org.apache.hadoop.ozone.container.common.impl.HddsDispatcher.dispatch(HddsDispatcher.java:168) ~[hdds-container-service-1.2.0-SNAPSHOT.jar:?]
	at org.apache.hadoop.ozone.container.common.transport.server.ratis.ContainerStateMachine.dispatchCommand(ContainerStateMachine.java:398) ~[hdds-container-service-1.2.0-SNAPSHOT.jar:?]
	at org.apache.hadoop.ozone.container.common.transport.server.ratis.ContainerStateMachine.runCommand(ContainerStateMachine.java:408) ~[hdds-container-service-1.2.0-SNAPSHOT.jar:?]
	at org.apache.hadoop.ozone.container.common.transport.server.ratis.ContainerStateMachine.lambda$handleWriteChunk$1(ContainerStateMachine.java:439) ~[hdds-container-service-1.2.0-SNAPSHOT.jar:?]
	at java.util.concurrent.CompletableFuture$AsyncSupply.run(CompletableFuture.java:1604) [?:1.8.0_292]
	at java.util.concurrent.ThreadPoolExecutor.runWorker(ThreadPoolExecutor.java:1149) [?:1.8.0_292]
	at java.util.concurrent.ThreadPoolExecutor$Worker.run(ThreadPoolExecutor.java:624) [?:1.8.0_292]
	at java.lang.Thread.run(Thread.java:748) [?:1.8.0_292]
2021-08-04 01:15:48,429 [ChunkWriter-1-0] INFO  keyvalue.KeyValueHandler (ContainerUtils.java:logAndReturnError(89)) - Operation: CreateContainer , Trace ID:  , Message: Container creation failed. Failed init RocksDB, db path : /home/runner/work/ozone/ozone/mnt/ozone/hadoop-ozone/integration-test/target/test-dir/MiniOzoneClusterImpl-e5186c5f-1b64-46e6-9930-7a8733b94f9c/datanode-5/data-0/containers/hdds/e5186c5f-1b64-46e6-9930-7a8733b94f9c/current/containerDir0/18/metadata/18-dn-container.db, exception :org.rocksdb.RocksDBException While appending to file: /home/runner/work/ozone/ozone/mnt/ozone/hadoop-ozone/integration-test/target/test-dir/MiniOzoneClusterImpl-e5186c5f-1b64-46e6-9930-7a8733b94f9c/datanode-5/data-0/containers/hdds/e5186c5f-1b64-46e6-9930-7a8733b94f9c/current/containerDir0/18/metadata/18-dn-container.db/MANIFEST-000001: No space left on device; status : IOError(NoSpace); message : While appending to file: /home/runner/work/ozone/ozone/mnt/ozone/hadoop-ozone/integration-test/target/test-dir/MiniOzoneClusterImpl-e5186c5f-1b64-46e6-9930-7a8733b94f9c/datanode-5/data-0/containers/hdds/e5186c5f-1b64-46e6-9930-7a8733b94f9c/current/containerDir0/18/metadata/18-dn-container.db/MANIFEST-000001: No space left on device , Result: CONTAINER_INTERNAL_ERROR , StorageContainerException Occurred.
org.apache.hadoop.hdds.scm.container.common.helpers.StorageContainerException: Container creation failed. Failed init RocksDB, db path : /home/runner/work/ozone/ozone/mnt/ozone/hadoop-ozone/integration-test/target/test-dir/MiniOzoneClusterImpl-e5186c5f-1b64-46e6-9930-7a8733b94f9c/datanode-5/data-0/containers/hdds/e5186c5f-1b64-46e6-9930-7a8733b94f9c/current/containerDir0/18/metadata/18-dn-container.db, exception :org.rocksdb.RocksDBException While appending to file: /home/runner/work/ozone/ozone/mnt/ozone/hadoop-ozone/integration-test/target/test-dir/MiniOzoneClusterImpl-e5186c5f-1b64-46e6-9930-7a8733b94f9c/datanode-5/data-0/containers/hdds/e5186c5f-1b64-46e6-9930-7a8733b94f9c/current/containerDir0/18/metadata/18-dn-container.db/MANIFEST-000001: No space left on device; status : IOError(NoSpace); message : While appending to file: /home/runner/work/ozone/ozone/mnt/ozone/hadoop-ozone/integration-test/target/test-dir/MiniOzoneClusterImpl-e5186c5f-1b64-46e6-9930-7a8733b94f9c/datanode-5/data-0/containers/hdds/e5186c5f-1b64-46e6-9930-7a8733b94f9c/current/containerDir0/18/metadata/18-dn-container.db/MANIFEST-000001: No space left on device
	at org.apache.hadoop.ozone.container.keyvalue.KeyValueContainer.create(KeyValueContainer.java:171)
	at org.apache.hadoop.ozone.container.keyvalue.KeyValueHandler.handleCreateContainer(KeyValueHandler.java:265)
	at org.apache.hadoop.ozone.container.keyvalue.KeyValueHandler.dispatchRequest(KeyValueHandler.java:182)
	at org.apache.hadoop.ozone.container.keyvalue.KeyValueHandler.handle(KeyValueHandler.java:170)
	at org.apache.hadoop.ozone.container.common.impl.HddsDispatcher.createContainer(HddsDispatcher.java:423)
	at org.apache.hadoop.ozone.container.common.impl.HddsDispatcher.dispatchRequest(HddsDispatcher.java:258)
	at org.apache.hadoop.ozone.container.common.impl.HddsDispatcher.lambda$dispatch$0(HddsDispatcher.java:169)
	at org.apache.hadoop.hdds.server.OzoneProtocolMessageDispatcher.processRequest(OzoneProtocolMessageDispatcher.java:87)
	at org.apache.hadoop.ozone.container.common.impl.HddsDispatcher.dispatch(HddsDispatcher.java:168)
	at org.apache.hadoop.ozone.container.common.transport.server.ratis.ContainerStateMachine.dispatchCommand(ContainerStateMachine.java:398)
	at org.apache.hadoop.ozone.container.common.transport.server.ratis.ContainerStateMachine.runCommand(ContainerStateMachine.java:408)
	at org.apache.hadoop.ozone.container.common.transport.server.ratis.ContainerStateMachine.lambda$handleWriteChunk$1(ContainerStateMachine.java:439)
	at java.util.concurrent.CompletableFuture$AsyncSupply.run(CompletableFuture.java:1604)
	at java.util.concurrent.ThreadPoolExecutor.runWorker(ThreadPoolExecutor.java:1149)
	at java.util.concurrent.ThreadPoolExecutor$Worker.run(ThreadPoolExecutor.java:624)
	at java.lang.Thread.run(Thread.java:748)
Caused by: java.io.IOException: Failed init RocksDB, db path : /home/runner/work/ozone/ozone/mnt/ozone/hadoop-ozone/integration-test/target/test-dir/MiniOzoneClusterImpl-e5186c5f-1b64-46e6-9930-7a8733b94f9c/datanode-5/data-0/containers/hdds/e5186c5f-1b64-46e6-9930-7a8733b94f9c/current/containerDir0/18/metadata/18-dn-container.db, exception :org.rocksdb.RocksDBException While appending to file: /home/runner/work/ozone/ozone/mnt/ozone/hadoop-ozone/integration-test/target/test-dir/MiniOzoneClusterImpl-e5186c5f-1b64-46e6-9930-7a8733b94f9c/datanode-5/data-0/containers/hdds/e5186c5f-1b64-46e6-9930-7a8733b94f9c/current/containerDir0/18/metadata/18-dn-container.db/MANIFEST-000001: No space left on device; status : IOError(NoSpace); message : While appending to file: /home/runner/work/ozone/ozone/mnt/ozone/hadoop-ozone/integration-test/target/test-dir/MiniOzoneClusterImpl-e5186c5f-1b64-46e6-9930-7a8733b94f9c/datanode-5/data-0/containers/hdds/e5186c5f-1b64-46e6-9930-7a8733b94f9c/current/containerDir0/18/metadata/18-dn-container.db/MANIFEST-000001: No space left on device
	at org.apache.hadoop.hdds.utils.HddsServerUtil.toIOException(HddsServerUtil.java:564)
	at org.apache.hadoop.hdds.utils.db.RDBStore.<init>(RDBStore.java:164)
	at org.apache.hadoop.hdds.utils.db.DBStoreBuilder.build(DBStoreBuilder.java:191)
	at org.apache.hadoop.ozone.container.metadata.AbstractDatanodeStore.start(AbstractDatanodeStore.java:118)
	at org.apache.hadoop.ozone.container.metadata.AbstractDatanodeStore.<init>(AbstractDatanodeStore.java:93)
	at org.apache.hadoop.ozone.container.metadata.DatanodeStoreSchemaTwoImpl.<init>(DatanodeStoreSchemaTwoImpl.java:48)
	at org.apache.hadoop.ozone.container.keyvalue.helpers.KeyValueContainerUtil.createContainerMetaData(KeyValueContainerUtil.java:112)
	at org.apache.hadoop.ozone.container.keyvalue.KeyValueContainer.create(KeyValueContainer.java:139)
	... 15 more
Caused by: org.rocksdb.RocksDBException: While appending to file: /home/runner/work/ozone/ozone/mnt/ozone/hadoop-ozone/integration-test/target/test-dir/MiniOzoneClusterImpl-e5186c5f-1b64-46e6-9930-7a8733b94f9c/datanode-5/data-0/containers/hdds/e5186c5f-1b64-46e6-9930-7a8733b94f9c/current/containerDir0/18/metadata/18-dn-container.db/MANIFEST-000001: No space left on device
	at org.rocksdb.RocksDB.open(Native Method)
	at org.rocksdb.RocksDB.open(RocksDB.java:306)
	at org.apache.hadoop.hdds.utils.db.RDBStore.<init>(RDBStore.java:119)
	... 21 more
2021-08-04 01:15:48,439 [EventQueue-PipelineActionsForPipelineActionHandler] INFO  pipeline.PipelineActionHandler (PipelineActionHandler.java:processPipelineAction(82)) - Received pipeline action CLOSE for PipelineID=20d9769d-dae4-47c1-acd2-b2eaca72a2ee from datanode 330f39ad-452e-4d36-afea-f42f10da75a6. Reason : ContainerID 18 creation failed
2021-08-04 01:15:48,439 [EventQueue-PipelineActionsForPipelineActionHandler] INFO  pipeline.PipelineManagerV2Impl (PipelineManagerV2Impl.java:closePipeline(343)) - Pipeline Pipeline[ Id: 20d9769d-dae4-47c1-acd2-b2eaca72a2ee, Nodes: bec42fdf-bcea-489b-ba0a-157c670b1e12{ip: 10.1.0.49, host: fv-az59-81.csjynl4pkq3e1pkirw3ssqjfoh.cx.internal.cloudapp.net, ports: [REPLICATION=36091, RATIS=35701, RATIS_ADMIN=35701, RATIS_SERVER=35701, STANDALONE=36541], networkLocation: /default-rack, certSerialId: null, persistedOpState: IN_SERVICE, persistedOpStateExpiryEpochSec: 0}ff759bcd-5af0-4000-a28c-396c4eee979e{ip: 10.1.0.49, host: fv-az59-81.csjynl4pkq3e1pkirw3ssqjfoh.cx.internal.cloudapp.net, ports: [REPLICATION=41041, RATIS=35933, RATIS_ADMIN=35933, RATIS_SERVER=35933, STANDALONE=45077], networkLocation: /default-rack, certSerialId: null, persistedOpState: IN_SERVICE, persistedOpStateExpiryEpochSec: 0}330f39ad-452e-4d36-afea-f42f10da75a6{ip: 10.1.0.49, host: fv-az59-81.csjynl4pkq3e1pkirw3ssqjfoh.cx.internal.cloudapp.net, ports: [REPLICATION=44421, RATIS=40811, RATIS_ADMIN=40811, RATIS_SERVER=40811, STANDALONE=34569], networkLocation: /default-rack, certSerialId: null, persistedOpState: IN_SERVICE, persistedOpStateExpiryEpochSec: 0}, ReplicationConfig: RATIS/THREE, State:OPEN, leaderId:330f39ad-452e-4d36-afea-f42f10da75a6, CreationTimestamp2021-08-04T01:15:07.981Z[Etc/UTC]] moved to CLOSED state
2021-08-04 01:15:48,439 [EventQueue-CloseContainerForCloseContainerEventHandler] INFO  container.CloseContainerEventHandler (CloseContainerEventHandler.java:onMessage(69)) - Close container Event triggered for container : #2
2021-08-04 01:15:48,438 [330f39ad-452e-4d36-afea-f42f10da75a6@group-B2EACA72A2EE-SegmentedRaftLogWorker] ERROR ratis.XceiverServerRatis (XceiverServerRatis.java:triggerPipelineClose(672)) - pipeline Action CLOSE on pipeline PipelineID=20d9769d-dae4-47c1-acd2-b2eaca72a2ee.Reason : ContainerID 18 creation failed
2021-08-04 01:15:48,440 [EventQueue-CloseContainerForCloseContainerEventHandler] INFO  container.CloseContainerEventHandler (CloseContainerEventHandler.java:onMessage(69)) - Close container Event triggered for container : #4
2021-08-04 01:15:48,440 [330f39ad-452e-4d36-afea-f42f10da75a6@group-B2EACA72A2EE-SegmentedRaftLogWorker] ERROR ratis.XceiverServerRatis (XceiverServerRatis.java:triggerPipelineClose(672)) - pipeline Action CLOSE on pipeline PipelineID=20d9769d-dae4-47c1-acd2-b2eaca72a2ee.Reason : Log already failed at index 88 for task WriteLog:88: (t:1, i:88), STATEMACHINELOGENTRY, cmdType: WriteChunk traceID: "" containerID: 18 datanodeUuid: "bec42fdf-bcea-489b-ba0a-157c670b1e12" pipelineID: "20d9769d-dae4-47c1-acd2-b2eaca72a2ee" writeChunk { blockID { containerID: 18 localID: 107544261427200022 blockCommitSequenceId: 0 } chunkData { chunkName: "107544261427200022_chunk_1" offset: 0 len: 1048576 checksumData { type: NONE bytesPerChecksum: 1048576 } } }, container path=nonexistent
2021-08-04 01:15:48,440 [330f39ad-452e-4d36-afea-f42f10da75a6@group-B2EACA72A2EE-SegmentedRaftLogWorker] ERROR ratis.XceiverServerRatis (XceiverServerRatis.java:triggerPipelineClose(672)) - pipeline Action CLOSE on pipeline PipelineID=20d9769d-dae4-47c1-acd2-b2eaca72a2ee.Reason : Log already failed at index 88 for task WriteLog:88: (t:1, i:88), STATEMACHINELOGENTRY, cmdType: WriteChunk traceID: "" containerID: 18 datanodeUuid: "bec42fdf-bcea-489b-ba0a-157c670b1e12" pipelineID: "20d9769d-dae4-47c1-acd2-b2eaca72a2ee" writeChunk { blockID { containerID: 18 localID: 107544261427200022 blockCommitSequenceId: 0 } chunkData { chunkName: "107544261427200022_chunk_1" offset: 0 len: 1048576 checksumData { type: NONE bytesPerChecksum: 1048576 } } }, container path=nonexistent
2021-08-04 01:15:48,440 [330f39ad-452e-4d36-afea-f42f10da75a6@group-B2EACA72A2EE-SegmentedRaftLogWorker] ERROR ratis.XceiverServerRatis (XceiverServerRatis.java:triggerPipelineClose(672)) - pipeline Action CLOSE on pipeline PipelineID=20d9769d-dae4-47c1-acd2-b2eaca72a2ee.Reason : Log already failed at index 88 for task WriteLog:88: (t:1, i:88), STATEMACHINELOGENTRY, cmdType: WriteChunk traceID: "" containerID: 18 datanodeUuid: "bec42fdf-bcea-489b-ba0a-157c670b1e12" pipelineID: "20d9769d-dae4-47c1-acd2-b2eaca72a2ee" writeChunk { blockID { containerID: 18 localID: 107544261427200022 blockCommitSequenceId: 0 } chunkData { chunkName: "107544261427200022_chunk_1" offset: 0 len: 1048576 checksumData { type: NONE bytesPerChecksum: 1048576 } } }, container path=nonexistent
2021-08-04 01:15:48,431 [ChunkWriter-1-0] INFO  impl.HddsDispatcher (ContainerUtils.java:logAndReturnError(89)) - Operation: WriteChunk , Trace ID:  , Message: ContainerID 18 creation failed , Result: CONTAINER_INTERNAL_ERROR , StorageContainerException Occurred.
org.apache.hadoop.hdds.scm.container.common.helpers.StorageContainerException: ContainerID 18 creation failed
	at org.apache.hadoop.ozone.container.common.impl.HddsDispatcher.dispatchRequest(HddsDispatcher.java:262)
	at org.apache.hadoop.ozone.container.common.impl.HddsDispatcher.lambda$dispatch$0(HddsDispatcher.java:169)
	at org.apache.hadoop.hdds.server.OzoneProtocolMessageDispatcher.processRequest(OzoneProtocolMessageDispatcher.java:87)
	at org.apache.hadoop.ozone.container.common.impl.HddsDispatcher.dispatch(HddsDispatcher.java:168)
	at org.apache.hadoop.ozone.container.common.transport.server.ratis.ContainerStateMachine.dispatchCommand(ContainerStateMachine.java:398)
	at org.apache.hadoop.ozone.container.common.transport.server.ratis.ContainerStateMachine.runCommand(ContainerStateMachine.java:408)
	at org.apache.hadoop.ozone.container.common.transport.server.ratis.ContainerStateMachine.lambda$handleWriteChunk$1(ContainerStateMachine.java:439)
	at java.util.concurrent.CompletableFuture$AsyncSupply.run(CompletableFuture.java:1604)
	at java.util.concurrent.ThreadPoolExecutor.runWorker(ThreadPoolExecutor.java:1149)
	at java.util.concurrent.ThreadPoolExecutor$Worker.run(ThreadPoolExecutor.java:624)
	at java.lang.Thread.run(Thread.java:748)
2021-08-04 01:15:48,441 [ChunkWriter-1-0] ERROR ratis.ContainerStateMachine (ContainerStateMachine.java:lambda$handleWriteChunk$2(467)) - group-B2EACA72A2EE: writeChunk writeStateMachineData failed: blockIdcontainerID: 18
localID: 107544261427200022
blockCommitSequenceId: 0
 logIndex 88 chunkName 107544261427200022_chunk_1 Error message: ContainerID 18 creation failed Container Result: CONTAINER_INTERNAL_ERROR
2021-08-04 01:15:48,440 [EventQueue-CloseContainerForCloseContainerEventHandler] INFO  container.CloseContainerEventHandler (CloseContainerEventHandler.java:onMessage(69)) - Close container Event triggered for container : #18
2021-08-04 01:15:48,439 [EventQueue-PipelineActionsForPipelineActionHandler] INFO  pipeline.RatisPipelineProvider (RatisPipelineProvider.java:lambda$close$1(222)) - Send pipeline:PipelineID=20d9769d-dae4-47c1-acd2-b2eaca72a2ee close command to datanode bec42fdf-bcea-489b-ba0a-157c670b1e12
2021-08-04 01:15:48,441 [EventQueue-PipelineActionsForPipelineActionHandler] INFO  pipeline.RatisPipelineProvider (RatisPipelineProvider.java:lambda$close$1(222)) - Send pipeline:PipelineID=20d9769d-dae4-47c1-acd2-b2eaca72a2ee close command to datanode ff759bcd-5af0-4000-a28c-396c4eee979e
2021-08-04 01:15:48,441 [EventQueue-PipelineActionsForPipelineActionHandler] INFO  pipeline.RatisPipelineProvider (RatisPipelineProvider.java:lambda$close$1(222)) - Send pipeline:PipelineID=20d9769d-dae4-47c1-acd2-b2eaca72a2ee close command to datanode 330f39ad-452e-4d36-afea-f42f10da75a6
2021-08-04 01:15:48,441 [EventQueue-PipelineActionsForPipelineActionHandler] INFO  pipeline.PipelineStateManager (PipelineStateManagerV2Impl.java:removePipeline(211)) - Pipeline Pipeline[ Id: 20d9769d-dae4-47c1-acd2-b2eaca72a2ee, Nodes: bec42fdf-bcea-489b-ba0a-157c670b1e12{ip: 10.1.0.49, host: fv-az59-81.csjynl4pkq3e1pkirw3ssqjfoh.cx.internal.cloudapp.net, ports: [REPLICATION=36091, RATIS=35701, RATIS_ADMIN=35701, RATIS_SERVER=35701, STANDALONE=36541], networkLocation: /default-rack, certSerialId: null, persistedOpState: IN_SERVICE, persistedOpStateExpiryEpochSec: 0}ff759bcd-5af0-4000-a28c-396c4eee979e{ip: 10.1.0.49, host: fv-az59-81.csjynl4pkq3e1pkirw3ssqjfoh.cx.internal.cloudapp.net, ports: [REPLICATION=41041, RATIS=35933, RATIS_ADMIN=35933, RATIS_SERVER=35933, STANDALONE=45077], networkLocation: /default-rack, certSerialId: null, persistedOpState: IN_SERVICE, persistedOpStateExpiryEpochSec: 0}330f39ad-452e-4d36-afea-f42f10da75a6{ip: 10.1.0.49, host: fv-az59-81.csjynl4pkq3e1pkirw3ssqjfoh.cx.internal.cloudapp.net, ports: [REPLICATION=44421, RATIS=40811, RATIS_ADMIN=40811, RATIS_SERVER=40811, STANDALONE=34569], networkLocation: /default-rack, certSerialId: null, persistedOpState: IN_SERVICE, persistedOpStateExpiryEpochSec: 0}, ReplicationConfig: RATIS/THREE, State:CLOSED, leaderId:330f39ad-452e-4d36-afea-f42f10da75a6, CreationTimestamp2021-08-04T01:15:07.981Z[Etc/UTC]] removed.
2021-08-04 01:15:48,445 [ff759bcd-5af0-4000-a28c-396c4eee979e@group-B2EACA72A2EE-SegmentedRaftLogWorker] ERROR ratis.XceiverServerRatis (XceiverServerRatis.java:triggerPipelineClose(672)) - pipeline Action CLOSE on pipeline PipelineID=20d9769d-dae4-47c1-acd2-b2eaca72a2ee.Reason : ContainerID 18 creation failed
01:15:48.439 [ChunkWriter-1-0] ERROR DNAudit - user=null | ip=null | op=WRITE_CHUNK {blockData=conID: 18 locID: 107544261427200022 bcsId: 0} | ret=FAILURE
org.apache.hadoop.hdds.scm.container.common.helpers.StorageContainerException: ContainerID 18 creation failed
	at org.apache.hadoop.ozone.container.common.impl.HddsDispatcher.dispatchRequest(HddsDispatcher.java:262) ~[hdds-container-service-1.2.0-SNAPSHOT.jar:?]
	at org.apache.hadoop.ozone.container.common.impl.HddsDispatcher.lambda$dispatch$0(HddsDispatcher.java:169) ~[hdds-container-service-1.2.0-SNAPSHOT.jar:?]
	at org.apache.hadoop.hdds.server.OzoneProtocolMessageDispatcher.processRequest(OzoneProtocolMessageDispatcher.java:87) ~[hdds-server-framework-1.2.0-SNAPSHOT.jar:?]
	at org.apache.hadoop.ozone.container.common.impl.HddsDispatcher.dispatch(HddsDispatcher.java:168) ~[hdds-container-service-1.2.0-SNAPSHOT.jar:?]
	at org.apache.hadoop.ozone.container.common.transport.server.ratis.ContainerStateMachine.dispatchCommand(ContainerStateMachine.java:398) ~[hdds-container-service-1.2.0-SNAPSHOT.jar:?]
	at org.apache.hadoop.ozone.container.common.transport.server.ratis.ContainerStateMachine.runCommand(ContainerStateMachine.java:408) ~[hdds-container-service-1.2.0-SNAPSHOT.jar:?]
	at org.apache.hadoop.ozone.container.common.transport.server.ratis.ContainerStateMachine.lambda$handleWriteChunk$1(ContainerStateMachine.java:439) ~[hdds-container-service-1.2.0-SNAPSHOT.jar:?]
	at java.util.concurrent.CompletableFuture$AsyncSupply.run(CompletableFuture.java:1604) [?:1.8.0_292]
	at java.util.concurrent.ThreadPoolExecutor.runWorker(ThreadPoolExecutor.java:1149) [?:1.8.0_292]
	at java.util.concurrent.ThreadPoolExecutor$Worker.run(ThreadPoolExecutor.java:624) [?:1.8.0_292]
	at java.lang.Thread.run(Thread.java:748) [?:1.8.0_292]
2021-08-04 01:15:48,446 [ChunkWriter-1-0] INFO  keyvalue.KeyValueHandler (ContainerUtils.java:logAndReturnError(89)) - Operation: CreateContainer , Trace ID:  , Message: Container creation failed. Failed init RocksDB, db path : /home/runner/work/ozone/ozone/mnt/ozone/hadoop-ozone/integration-test/target/test-dir/MiniOzoneClusterImpl-e5186c5f-1b64-46e6-9930-7a8733b94f9c/datanode-4/data-0/containers/hdds/e5186c5f-1b64-46e6-9930-7a8733b94f9c/current/containerDir0/18/metadata/18-dn-container.db, exception :org.rocksdb.RocksDBException While appending to file: /home/runner/work/ozone/ozone/mnt/ozone/hadoop-ozone/integration-test/target/test-dir/MiniOzoneClusterImpl-e5186c5f-1b64-46e6-9930-7a8733b94f9c/datanode-4/data-0/containers/hdds/e5186c5f-1b64-46e6-9930-7a8733b94f9c/current/containerDir0/18/metadata/18-dn-container.db/000000.dbtmp: No space left on device; status : IOError(NoSpace); message : While appending to file: /home/runner/work/ozone/ozone/mnt/ozone/hadoop-ozone/integration-test/target/test-dir/MiniOzoneClusterImpl-e5186c5f-1b64-46e6-9930-7a8733b94f9c/datanode-4/data-0/containers/hdds/e5186c5f-1b64-46e6-9930-7a8733b94f9c/current/containerDir0/18/metadata/18-dn-container.db/000000.dbtmp: No space left on device , Result: CONTAINER_INTERNAL_ERROR , StorageContainerException Occurred.
org.apache.hadoop.hdds.scm.container.common.helpers.StorageContainerException: Container creation failed. Failed init RocksDB, db path : /home/runner/work/ozone/ozone/mnt/ozone/hadoop-ozone/integration-test/target/test-dir/MiniOzoneClusterImpl-e5186c5f-1b64-46e6-9930-7a8733b94f9c/datanode-4/data-0/containers/hdds/e5186c5f-1b64-46e6-9930-7a8733b94f9c/current/containerDir0/18/metadata/18-dn-container.db, exception :org.rocksdb.RocksDBException While appending to file: /home/runner/work/ozone/ozone/mnt/ozone/hadoop-ozone/integration-test/target/test-dir/MiniOzoneClusterImpl-e5186c5f-1b64-46e6-9930-7a8733b94f9c/datanode-4/data-0/containers/hdds/e5186c5f-1b64-46e6-9930-7a8733b94f9c/current/containerDir0/18/metadata/18-dn-container.db/000000.dbtmp: No space left on device; status : IOError(NoSpace); message : While appending to file: /home/runner/work/ozone/ozone/mnt/ozone/hadoop-ozone/integration-test/target/test-dir/MiniOzoneClusterImpl-e5186c5f-1b64-46e6-9930-7a8733b94f9c/datanode-4/data-0/containers/hdds/e5186c5f-1b64-46e6-9930-7a8733b94f9c/current/containerDir0/18/metadata/18-dn-container.db/000000.dbtmp: No space left on device
	at org.apache.hadoop.ozone.container.keyvalue.KeyValueContainer.create(KeyValueContainer.java:171)
	at org.apache.hadoop.ozone.container.keyvalue.KeyValueHandler.handleCreateContainer(KeyValueHandler.java:265)
	at org.apache.hadoop.ozone.container.keyvalue.KeyValueHandler.dispatchRequest(KeyValueHandler.java:182)
	at org.apache.hadoop.ozone.container.keyvalue.KeyValueHandler.handle(KeyValueHandler.java:170)
	at org.apache.hadoop.ozone.container.common.impl.HddsDispatcher.createContainer(HddsDispatcher.java:423)
	at org.apache.hadoop.ozone.container.common.impl.HddsDispatcher.dispatchRequest(HddsDispatcher.java:258)
	at org.apache.hadoop.ozone.container.common.impl.HddsDispatcher.lambda$dispatch$0(HddsDispatcher.java:169)
	at org.apache.hadoop.hdds.server.OzoneProtocolMessageDispatcher.processRequest(OzoneProtocolMessageDispatcher.java:87)
	at org.apache.hadoop.ozone.container.common.impl.HddsDispatcher.dispatch(HddsDispatcher.java:168)
	at org.apache.hadoop.ozone.container.common.transport.server.ratis.ContainerStateMachine.dispatchCommand(ContainerStateMachine.java:398)
	at org.apache.hadoop.ozone.container.common.transport.server.ratis.ContainerStateMachine.runCommand(ContainerStateMachine.java:408)
	at org.apache.hadoop.ozone.container.common.transport.server.ratis.ContainerStateMachine.lambda$handleWriteChunk$1(ContainerStateMachine.java:439)
	at java.util.concurrent.CompletableFuture$AsyncSupply.run(CompletableFuture.java:1604)
	at java.util.concurrent.ThreadPoolExecutor.runWorker(ThreadPoolExecutor.java:1149)
	at java.util.concurrent.ThreadPoolExecutor$Worker.run(ThreadPoolExecutor.java:624)
	at java.lang.Thread.run(Thread.java:748)
Caused by: java.io.IOException: Failed init RocksDB, db path : /home/runner/work/ozone/ozone/mnt/ozone/hadoop-ozone/integration-test/target/test-dir/MiniOzoneClusterImpl-e5186c5f-1b64-46e6-9930-7a8733b94f9c/datanode-4/data-0/containers/hdds/e5186c5f-1b64-46e6-9930-7a8733b94f9c/current/containerDir0/18/metadata/18-dn-container.db, exception :org.rocksdb.RocksDBException While appending to file: /home/runner/work/ozone/ozone/mnt/ozone/hadoop-ozone/integration-test/target/test-dir/MiniOzoneClusterImpl-e5186c5f-1b64-46e6-9930-7a8733b94f9c/datanode-4/data-0/containers/hdds/e5186c5f-1b64-46e6-9930-7a8733b94f9c/current/containerDir0/18/metadata/18-dn-container.db/000000.dbtmp: No space left on device; status : IOError(NoSpace); message : While appending to file: /home/runner/work/ozone/ozone/mnt/ozone/hadoop-ozone/integration-test/target/test-dir/MiniOzoneClusterImpl-e5186c5f-1b64-46e6-9930-7a8733b94f9c/datanode-4/data-0/containers/hdds/e5186c5f-1b64-46e6-9930-7a8733b94f9c/current/containerDir0/18/metadata/18-dn-container.db/000000.dbtmp: No space left on device
	at org.apache.hadoop.hdds.utils.HddsServerUtil.toIOException(HddsServerUtil.java:564)
	at org.apache.hadoop.hdds.utils.db.RDBStore.<init>(RDBStore.java:164)
	at org.apache.hadoop.hdds.utils.db.DBStoreBuilder.build(DBStoreBuilder.java:191)
	at org.apache.hadoop.ozone.container.metadata.AbstractDatanodeStore.start(AbstractDatanodeStore.java:118)
	at org.apache.hadoop.ozone.container.metadata.AbstractDatanodeStore.<init>(AbstractDatanodeStore.java:93)
	at org.apache.hadoop.ozone.container.metadata.DatanodeStoreSchemaTwoImpl.<init>(DatanodeStoreSchemaTwoImpl.java:48)
	at org.apache.hadoop.ozone.container.keyvalue.helpers.KeyValueContainerUtil.createContainerMetaData(KeyValueContainerUtil.java:112)
	at org.apache.hadoop.ozone.container.keyvalue.KeyValueContainer.create(KeyValueContainer.java:139)
	... 15 more
Caused by: org.rocksdb.RocksDBException: While appending to file: /home/runner/work/ozone/ozone/mnt/ozone/hadoop-ozone/integration-test/target/test-dir/MiniOzoneClusterImpl-e5186c5f-1b64-46e6-9930-7a8733b94f9c/datanode-4/data-0/containers/hdds/e5186c5f-1b64-46e6-9930-7a8733b94f9c/current/containerDir0/18/metadata/18-dn-container.db/000000.dbtmp: No space left on device
	at org.rocksdb.RocksDB.open(Native Method)
	at org.rocksdb.RocksDB.open(RocksDB.java:306)
	at org.apache.hadoop.hdds.utils.db.RDBStore.<init>(RDBStore.java:119)
	... 21 more
01:15:48.454 [ChunkWriter-1-0] ERROR DNAudit - user=null | ip=null | op=WRITE_CHUNK {blockData=conID: 18 locID: 107544261427200022 bcsId: 0} | ret=FAILURE
org.apache.hadoop.hdds.scm.container.common.helpers.StorageContainerException: ContainerID 18 creation failed
	at org.apache.hadoop.ozone.container.common.impl.HddsDispatcher.dispatchRequest(HddsDispatcher.java:262) ~[hdds-container-service-1.2.0-SNAPSHOT.jar:?]
	at org.apache.hadoop.ozone.container.common.impl.HddsDispatcher.lambda$dispatch$0(HddsDispatcher.java:169) ~[hdds-container-service-1.2.0-SNAPSHOT.jar:?]
	at org.apache.hadoop.hdds.server.OzoneProtocolMessageDispatcher.processRequest(OzoneProtocolMessageDispatcher.java:87) ~[hdds-server-framework-1.2.0-SNAPSHOT.jar:?]
	at org.apache.hadoop.ozone.container.common.impl.HddsDispatcher.dispatch(HddsDispatcher.java:168) ~[hdds-container-service-1.2.0-SNAPSHOT.jar:?]
	at org.apache.hadoop.ozone.container.common.transport.server.ratis.ContainerStateMachine.dispatchCommand(ContainerStateMachine.java:398) ~[hdds-container-service-1.2.0-SNAPSHOT.jar:?]
	at org.apache.hadoop.ozone.container.common.transport.server.ratis.ContainerStateMachine.runCommand(ContainerStateMachine.java:408) ~[hdds-container-service-1.2.0-SNAPSHOT.jar:?]
	at org.apache.hadoop.ozone.container.common.transport.server.ratis.ContainerStateMachine.lambda$handleWriteChunk$1(ContainerStateMachine.java:439) ~[hdds-container-service-1.2.0-SNAPSHOT.jar:?]
	at java.util.concurrent.CompletableFuture$AsyncSupply.run(CompletableFuture.java:1604) [?:1.8.0_292]
	at java.util.concurrent.ThreadPoolExecutor.runWorker(ThreadPoolExecutor.java:1149) [?:1.8.0_292]
	at java.util.concurrent.ThreadPoolExecutor$Worker.run(ThreadPoolExecutor.java:624) [?:1.8.0_292]
	at java.lang.Thread.run(Thread.java:748) [?:1.8.0_292]
2021-08-04 01:15:48,455 [ChunkWriter-1-0] INFO  impl.HddsDispatcher (ContainerUtils.java:logAndReturnError(89)) - Operation: WriteChunk , Trace ID:  , Message: ContainerID 18 creation failed , Result: CONTAINER_INTERNAL_ERROR , StorageContainerException Occurred.
org.apache.hadoop.hdds.scm.container.common.helpers.StorageContainerException: ContainerID 18 creation failed
	at org.apache.hadoop.ozone.container.common.impl.HddsDispatcher.dispatchRequest(HddsDispatcher.java:262)
	at org.apache.hadoop.ozone.container.common.impl.HddsDispatcher.lambda$dispatch$0(HddsDispatcher.java:169)
	at org.apache.hadoop.hdds.server.OzoneProtocolMessageDispatcher.processRequest(OzoneProtocolMessageDispatcher.java:87)
	at org.apache.hadoop.ozone.container.common.impl.HddsDispatcher.dispatch(HddsDispatcher.java:168)
	at org.apache.hadoop.ozone.container.common.transport.server.ratis.ContainerStateMachine.dispatchCommand(ContainerStateMachine.java:398)
	at org.apache.hadoop.ozone.container.common.transport.server.ratis.ContainerStateMachine.runCommand(ContainerStateMachine.java:408)
	at org.apache.hadoop.ozone.container.common.transport.server.ratis.ContainerStateMachine.lambda$handleWriteChunk$1(ContainerStateMachine.java:439)
	at java.util.concurrent.CompletableFuture$AsyncSupply.run(CompletableFuture.java:1604)
	at java.util.concurrent.ThreadPoolExecutor.runWorker(ThreadPoolExecutor.java:1149)
	at java.util.concurrent.ThreadPoolExecutor$Worker.run(ThreadPoolExecutor.java:624)
	at java.lang.Thread.run(Thread.java:748)
2021-08-04 01:15:48,455 [ChunkWriter-1-0] ERROR ratis.ContainerStateMachine (ContainerStateMachine.java:lambda$handleWriteChunk$2(467)) - group-B2EACA72A2EE: writeChunk writeStateMachineData failed: blockIdcontainerID: 18
localID: 107544261427200022
blockCommitSequenceId: 0
 logIndex 90 chunkName 107544261427200022_chunk_2 Error message: ContainerID 18 creation failed Container Result: CONTAINER_INTERNAL_ERROR
2021-08-04 01:15:48,454 [ChunkWriter-1-0] INFO  impl.HddsDispatcher (ContainerUtils.java:logAndReturnError(89)) - Operation: WriteChunk , Trace ID:  , Message: ContainerID 18 creation failed , Result: CONTAINER_INTERNAL_ERROR , StorageContainerException Occurred.
org.apache.hadoop.hdds.scm.container.common.helpers.StorageContainerException: ContainerID 18 creation failed
	at org.apache.hadoop.ozone.container.common.impl.HddsDispatcher.dispatchRequest(HddsDispatcher.java:262)
	at org.apache.hadoop.ozone.container.common.impl.HddsDispatcher.lambda$dispatch$0(HddsDispatcher.java:169)
	at org.apache.hadoop.hdds.server.OzoneProtocolMessageDispatcher.processRequest(OzoneProtocolMessageDispatcher.java:87)
	at org.apache.hadoop.ozone.container.common.impl.HddsDispatcher.dispatch(HddsDispatcher.java:168)
	at org.apache.hadoop.ozone.container.common.transport.server.ratis.ContainerStateMachine.dispatchCommand(ContainerStateMachine.java:398)
	at org.apache.hadoop.ozone.container.common.transport.server.ratis.ContainerStateMachine.runCommand(ContainerStateMachine.java:408)
	at org.apache.hadoop.ozone.container.common.transport.server.ratis.ContainerStateMachine.lambda$handleWriteChunk$1(ContainerStateMachine.java:439)
	at java.util.concurrent.CompletableFuture$AsyncSupply.run(CompletableFuture.java:1604)
	at java.util.concurrent.ThreadPoolExecutor.runWorker(ThreadPoolExecutor.java:1149)
	at java.util.concurrent.ThreadPoolExecutor$Worker.run(ThreadPoolExecutor.java:624)
	at java.lang.Thread.run(Thread.java:748)
2021-08-04 01:15:48,455 [ChunkWriter-1-0] ERROR ratis.ContainerStateMachine (ContainerStateMachine.java:lambda$handleWriteChunk$2(467)) - group-B2EACA72A2EE: writeChunk writeStateMachineData failed: blockIdcontainerID: 18
localID: 107544261427200022
blockCommitSequenceId: 0
 logIndex 88 chunkName 107544261427200022_chunk_1 Error message: ContainerID 18 creation failed Container Result: CONTAINER_INTERNAL_ERROR
2021-08-04 01:15:48,455 [EventQueue-PipelineActionsForPipelineActionHandler] INFO  pipeline.PipelineActionHandler (PipelineActionHandler.java:processPipelineAction(82)) - Received pipeline action CLOSE for PipelineID=20d9769d-dae4-47c1-acd2-b2eaca72a2ee from datanode 330f39ad-452e-4d36-afea-f42f10da75a6. Reason : Log already failed at index 88 for task WriteLog:88: (t:1, i:88), STATEMACHINELOGENTRY, cmdType: WriteChunk traceID: "" containerID: 18 datanodeUuid: "bec42fdf-bcea-489b-ba0a-157c670b1e12" pipelineID: "20d9769d-dae4-47c1-acd2-b2eaca72a2ee" writeChunk { blockID { containerID: 18 localID: 107544261427200022 blockCommitSequenceId: 0 } chunkData { chunkName: "107544261427200022_chunk_1" offset: 0 len: 1048576 checksumData { type: NONE bytesPerChecksum: 1048576 } } }, container path=nonexistent
2021-08-04 01:15:48,455 [EventQueue-PipelineActionsForPipelineActionHandler] WARN  pipeline.PipelineActionHandler (PipelineActionHandler.java:processPipelineAction(93)) - Pipeline action CLOSE received for unknown pipeline PipelineID=20d9769d-dae4-47c1-acd2-b2eaca72a2ee, firing close pipeline event.
2021-08-04 01:15:48,455 [EventQueue-PipelineActionsForPipelineActionHandler] INFO  pipeline.PipelineActionHandler (PipelineActionHandler.java:processPipelineAction(82)) - Received pipeline action CLOSE for PipelineID=20d9769d-dae4-47c1-acd2-b2eaca72a2ee from datanode ff759bcd-5af0-4000-a28c-396c4eee979e. Reason : ContainerID 18 creation failed
2021-08-04 01:15:48,455 [EventQueue-PipelineActionsForPipelineActionHandler] WARN  pipeline.PipelineActionHandler (PipelineActionHandler.java:processPipelineAction(93)) - Pipeline action CLOSE received for unknown pipeline PipelineID=20d9769d-dae4-47c1-acd2-b2eaca72a2ee, firing close pipeline event.
2021-08-04 01:15:48,456 [bec42fdf-bcea-489b-ba0a-157c670b1e12@group-B2EACA72A2EE-SegmentedRaftLogWorker] ERROR ratis.XceiverServerRatis (XceiverServerRatis.java:triggerPipelineClose(672)) - pipeline Action CLOSE on pipeline PipelineID=20d9769d-dae4-47c1-acd2-b2eaca72a2ee.Reason : ContainerID 18 creation failed
2021-08-04 01:15:48,456 [Datanode State Machine Thread - 0] WARN  statemachine.StateContext (StateContext.java:execute(621)) - No available thread in pool for past 1 seconds.
2021-08-04 01:15:48,457 [ff759bcd-5af0-4000-a28c-396c4eee979e@group-B2EACA72A2EE-SegmentedRaftLogWorker] ERROR ratis.XceiverServerRatis (XceiverServerRatis.java:triggerPipelineClose(672)) - pipeline Action CLOSE on pipeline PipelineID=20d9769d-dae4-47c1-acd2-b2eaca72a2ee.Reason : Log already failed at index 88 for task WriteLog:88: (t:1, i:88), STATEMACHINELOGENTRY, cmdType: WriteChunk traceID: "" containerID: 18 datanodeUuid: "bec42fdf-bcea-489b-ba0a-157c670b1e12" pipelineID: "20d9769d-dae4-47c1-acd2-b2eaca72a2ee" writeChunk { blockID { containerID: 18 localID: 107544261427200022 blockCommitSequenceId: 0 } chunkData { chunkName: "107544261427200022_chunk_1" offset: 0 len: 1048576 checksumData { type: NONE bytesPerChecksum: 1048576 } } }, container path=nonexistent
2021-08-04 01:15:48,458 [EventQueue-PipelineActionsForPipelineActionHandler] INFO  pipeline.PipelineActionHandler (PipelineActionHandler.java:processPipelineAction(82)) - Received pipeline action CLOSE for PipelineID=20d9769d-dae4-47c1-acd2-b2eaca72a2ee from datanode bec42fdf-bcea-489b-ba0a-157c670b1e12. Reason : ContainerID 18 creation failed
2021-08-04 01:15:48,458 [EventQueue-PipelineActionsForPipelineActionHandler] WARN  pipeline.PipelineActionHandler (PipelineActionHandler.java:processPipelineAction(93)) - Pipeline action CLOSE received for unknown pipeline PipelineID=20d9769d-dae4-47c1-acd2-b2eaca72a2ee, firing close pipeline event.
2021-08-04 01:15:48,458 [ff759bcd-5af0-4000-a28c-396c4eee979e@group-B2EACA72A2EE-SegmentedRaftLogWorker] ERROR ratis.XceiverServerRatis (XceiverServerRatis.java:triggerPipelineClose(672)) - pipeline Action CLOSE on pipeline PipelineID=20d9769d-dae4-47c1-acd2-b2eaca72a2ee.Reason : Log already failed at index 88 for task WriteLog:88: (t:1, i:88), STATEMACHINELOGENTRY, cmdType: WriteChunk traceID: "" containerID: 18 datanodeUuid: "bec42fdf-bcea-489b-ba0a-157c670b1e12" pipelineID: "20d9769d-dae4-47c1-acd2-b2eaca72a2ee" writeChunk { blockID { containerID: 18 localID: 107544261427200022 blockCommitSequenceId: 0 } chunkData { chunkName: "107544261427200022_chunk_1" offset: 0 len: 1048576 checksumData { type: NONE bytesPerChecksum: 1048576 } } }, container path=nonexistent
2021-08-04 01:15:48,458 [ff759bcd-5af0-4000-a28c-396c4eee979e@group-B2EACA72A2EE-SegmentedRaftLogWorker] ERROR ratis.XceiverServerRatis (XceiverServerRatis.java:triggerPipelineClose(672)) - pipeline Action CLOSE on pipeline PipelineID=20d9769d-dae4-47c1-acd2-b2eaca72a2ee.Reason : Log already failed at index 88 for task WriteLog:88: (t:1, i:88), STATEMACHINELOGENTRY, cmdType: WriteChunk traceID: "" containerID: 18 datanodeUuid: "bec42fdf-bcea-489b-ba0a-157c670b1e12" pipelineID: "20d9769d-dae4-47c1-acd2-b2eaca72a2ee" writeChunk { blockID { containerID: 18 localID: 107544261427200022 blockCommitSequenceId: 0 } chunkData { chunkName: "107544261427200022_chunk_1" offset: 0 len: 1048576 checksumData { type: NONE bytesPerChecksum: 1048576 } } }, container path=nonexistent
2021-08-04 01:15:48,460 [ChunkWriter-1-0] INFO  keyvalue.KeyValueHandler (ContainerUtils.java:logAndReturnError(89)) - Operation: CreateContainer , Trace ID:  , Message: Container creation failed. Failed init RocksDB, db path : /home/runner/work/ozone/ozone/mnt/ozone/hadoop-ozone/integration-test/target/test-dir/MiniOzoneClusterImpl-e5186c5f-1b64-46e6-9930-7a8733b94f9c/datanode-3/data-0/containers/hdds/e5186c5f-1b64-46e6-9930-7a8733b94f9c/current/containerDir0/18/metadata/18-dn-container.db, exception :org.rocksdb.RocksDBException While appending to file: /home/runner/work/ozone/ozone/mnt/ozone/hadoop-ozone/integration-test/target/test-dir/MiniOzoneClusterImpl-e5186c5f-1b64-46e6-9930-7a8733b94f9c/datanode-3/data-0/containers/hdds/e5186c5f-1b64-46e6-9930-7a8733b94f9c/current/containerDir0/18/metadata/18-dn-container.db/000000.dbtmp: No space left on device; status : IOError(NoSpace); message : While appending to file: /home/runner/work/ozone/ozone/mnt/ozone/hadoop-ozone/integration-test/target/test-dir/MiniOzoneClusterImpl-e5186c5f-1b64-46e6-9930-7a8733b94f9c/datanode-3/data-0/containers/hdds/e5186c5f-1b64-46e6-9930-7a8733b94f9c/current/containerDir0/18/metadata/18-dn-container.db/000000.dbtmp: No space left on device , Result: CONTAINER_INTERNAL_ERROR , StorageContainerException Occurred.
org.apache.hadoop.hdds.scm.container.common.helpers.StorageContainerException: Container creation failed. Failed init RocksDB, db path : /home/runner/work/ozone/ozone/mnt/ozone/hadoop-ozone/integration-test/target/test-dir/MiniOzoneClusterImpl-e5186c5f-1b64-46e6-9930-7a8733b94f9c/datanode-3/data-0/containers/hdds/e5186c5f-1b64-46e6-9930-7a8733b94f9c/current/containerDir0/18/metadata/18-dn-container.db, exception :org.rocksdb.RocksDBException While appending to file: /home/runner/work/ozone/ozone/mnt/ozone/hadoop-ozone/integration-test/target/test-dir/MiniOzoneClusterImpl-e5186c5f-1b64-46e6-9930-7a8733b94f9c/datanode-3/data-0/containers/hdds/e5186c5f-1b64-46e6-9930-7a8733b94f9c/current/containerDir0/18/metadata/18-dn-container.db/000000.dbtmp: No space left on device; status : IOError(NoSpace); message : While appending to file: /home/runner/work/ozone/ozone/mnt/ozone/hadoop-ozone/integration-test/target/test-dir/MiniOzoneClusterImpl-e5186c5f-1b64-46e6-9930-7a8733b94f9c/datanode-3/data-0/containers/hdds/e5186c5f-1b64-46e6-9930-7a8733b94f9c/current/containerDir0/18/metadata/18-dn-container.db/000000.dbtmp: No space left on device
	at org.apache.hadoop.ozone.container.keyvalue.KeyValueContainer.create(KeyValueContainer.java:171)
	at org.apache.hadoop.ozone.container.keyvalue.KeyValueHandler.handleCreateContainer(KeyValueHandler.java:265)
	at org.apache.hadoop.ozone.container.keyvalue.KeyValueHandler.dispatchRequest(KeyValueHandler.java:182)
	at org.apache.hadoop.ozone.container.keyvalue.KeyValueHandler.handle(KeyValueHandler.java:170)
	at org.apache.hadoop.ozone.container.common.impl.HddsDispatcher.createContainer(HddsDispatcher.java:423)
	at org.apache.hadoop.ozone.container.common.impl.HddsDispatcher.dispatchRequest(HddsDispatcher.java:258)
	at org.apache.hadoop.ozone.container.common.impl.HddsDispatcher.lambda$dispatch$0(HddsDispatcher.java:169)
	at org.apache.hadoop.hdds.server.OzoneProtocolMessageDispatcher.processRequest(OzoneProtocolMessageDispatcher.java:87)
	at org.apache.hadoop.ozone.container.common.impl.HddsDispatcher.dispatch(HddsDispatcher.java:168)
	at org.apache.hadoop.ozone.container.common.transport.server.ratis.ContainerStateMachine.dispatchCommand(ContainerStateMachine.java:398)
	at org.apache.hadoop.ozone.container.common.transport.server.ratis.ContainerStateMachine.runCommand(ContainerStateMachine.java:408)
	at org.apache.hadoop.ozone.container.common.transport.server.ratis.ContainerStateMachine.lambda$handleWriteChunk$1(ContainerStateMachine.java:439)
	at java.util.concurrent.CompletableFuture$AsyncSupply.run(CompletableFuture.java:1604)
	at java.util.concurrent.ThreadPoolExecutor.runWorker(ThreadPoolExecutor.java:1149)
	at java.util.concurrent.ThreadPoolExecutor$Worker.run(ThreadPoolExecutor.java:624)
	at java.lang.Thread.run(Thread.java:748)
Caused by: java.io.IOException: Failed init RocksDB, db path : /home/runner/work/ozone/ozone/mnt/ozone/hadoop-ozone/integration-test/target/test-dir/MiniOzoneClusterImpl-e5186c5f-1b64-46e6-9930-7a8733b94f9c/datanode-3/data-0/containers/hdds/e5186c5f-1b64-46e6-9930-7a8733b94f9c/current/containerDir0/18/metadata/18-dn-container.db, exception :org.rocksdb.RocksDBException While appending to file: /home/runner/work/ozone/ozone/mnt/ozone/hadoop-ozone/integration-test/target/test-dir/MiniOzoneClusterImpl-e5186c5f-1b64-46e6-9930-7a8733b94f9c/datanode-3/data-0/containers/hdds/e5186c5f-1b64-46e6-9930-7a8733b94f9c/current/containerDir0/18/metadata/18-dn-container.db/000000.dbtmp: No space left on device; status : IOError(NoSpace); message : While appending to file: /home/runner/work/ozone/ozone/mnt/ozone/hadoop-ozone/integration-test/target/test-dir/MiniOzoneClusterImpl-e5186c5f-1b64-46e6-9930-7a8733b94f9c/datanode-3/data-0/containers/hdds/e5186c5f-1b64-46e6-9930-7a8733b94f9c/current/containerDir0/18/metadata/18-dn-container.db/000000.dbtmp: No space left on device
	at org.apache.hadoop.hdds.utils.HddsServerUtil.toIOException(HddsServerUtil.java:564)
	at org.apache.hadoop.hdds.utils.db.RDBStore.<init>(RDBStore.java:164)
	at org.apache.hadoop.hdds.utils.db.DBStoreBuilder.build(DBStoreBuilder.java:191)
	at org.apache.hadoop.ozone.container.metadata.AbstractDatanodeStore.start(AbstractDatanodeStore.java:118)
	at org.apache.hadoop.ozone.container.metadata.AbstractDatanodeStore.<init>(AbstractDatanodeStore.java:93)
	at org.apache.hadoop.ozone.container.metadata.DatanodeStoreSchemaTwoImpl.<init>(DatanodeStoreSchemaTwoImpl.java:48)
	at org.apache.hadoop.ozone.container.keyvalue.helpers.KeyValueContainerUtil.createContainerMetaData(KeyValueContainerUtil.java:112)
	at org.apache.hadoop.ozone.container.keyvalue.KeyValueContainer.create(KeyValueContainer.java:139)
	... 15 more
Caused by: org.rocksdb.RocksDBException: While appending to file: /home/runner/work/ozone/ozone/mnt/ozone/hadoop-ozone/integration-test/target/test-dir/MiniOzoneClusterImpl-e5186c5f-1b64-46e6-9930-7a8733b94f9c/datanode-3/data-0/containers/hdds/e5186c5f-1b64-46e6-9930-7a8733b94f9c/current/containerDir0/18/metadata/18-dn-container.db/000000.dbtmp: No space left on device
	at org.rocksdb.RocksDB.open(Native Method)
	at org.rocksdb.RocksDB.open(RocksDB.java:306)
	at org.apache.hadoop.hdds.utils.db.RDBStore.<init>(RDBStore.java:119)
	... 21 more
2021-08-04 01:15:48,463 [bec42fdf-bcea-489b-ba0a-157c670b1e12@group-B2EACA72A2EE-SegmentedRaftLogWorker] ERROR ratis.XceiverServerRatis (XceiverServerRatis.java:triggerPipelineClose(672)) - pipeline Action CLOSE on pipeline PipelineID=20d9769d-dae4-47c1-acd2-b2eaca72a2ee.Reason : Log already failed at index 88 for task WriteLog:88: (t:1, i:88), STATEMACHINELOGENTRY, cmdType: WriteChunk traceID: "" containerID: 18 datanodeUuid: "bec42fdf-bcea-489b-ba0a-157c670b1e12" pipelineID: "20d9769d-dae4-47c1-acd2-b2eaca72a2ee" writeChunk { blockID { containerID: 18 localID: 107544261427200022 blockCommitSequenceId: 0 } chunkData { chunkName: "107544261427200022_chunk_1" offset: 0 len: 1048576 checksumData { type: NONE bytesPerChecksum: 1048576 } } }, container path=nonexistent
01:15:48.463 [ChunkWriter-1-0] ERROR DNAudit - user=null | ip=null | op=WRITE_CHUNK {blockData=conID: 18 locID: 107544261427200022 bcsId: 0} | ret=FAILURE
org.apache.hadoop.hdds.scm.container.common.helpers.StorageContainerException: ContainerID 18 creation failed
	at org.apache.hadoop.ozone.container.common.impl.HddsDispatcher.dispatchRequest(HddsDispatcher.java:262) ~[hdds-container-service-1.2.0-SNAPSHOT.jar:?]
	at org.apache.hadoop.ozone.container.common.impl.HddsDispatcher.lambda$dispatch$0(HddsDispatcher.java:169) ~[hdds-container-service-1.2.0-SNAPSHOT.jar:?]
	at org.apache.hadoop.hdds.server.OzoneProtocolMessageDispatcher.processRequest(OzoneProtocolMessageDispatcher.java:87) ~[hdds-server-framework-1.2.0-SNAPSHOT.jar:?]
	at org.apache.hadoop.ozone.container.common.impl.HddsDispatcher.dispatch(HddsDispatcher.java:168) ~[hdds-container-service-1.2.0-SNAPSHOT.jar:?]
	at org.apache.hadoop.ozone.container.common.transport.server.ratis.ContainerStateMachine.dispatchCommand(ContainerStateMachine.java:398) ~[hdds-container-service-1.2.0-SNAPSHOT.jar:?]
	at org.apache.hadoop.ozone.container.common.transport.server.ratis.ContainerStateMachine.runCommand(ContainerStateMachine.java:408) ~[hdds-container-service-1.2.0-SNAPSHOT.jar:?]
	at org.apache.hadoop.ozone.container.common.transport.server.ratis.ContainerStateMachine.lambda$handleWriteChunk$1(ContainerStateMachine.java:439) ~[hdds-container-service-1.2.0-SNAPSHOT.jar:?]
	at java.util.concurrent.CompletableFuture$AsyncSupply.run(CompletableFuture.java:1604) [?:1.8.0_292]
	at java.util.concurrent.ThreadPoolExecutor.runWorker(ThreadPoolExecutor.java:1149) [?:1.8.0_292]
	at java.util.concurrent.ThreadPoolExecutor$Worker.run(ThreadPoolExecutor.java:624) [?:1.8.0_292]
	at java.lang.Thread.run(Thread.java:748) [?:1.8.0_292]
2021-08-04 01:15:48,463 [ChunkWriter-1-0] INFO  impl.HddsDispatcher (ContainerUtils.java:logAndReturnError(89)) - Operation: WriteChunk , Trace ID:  , Message: ContainerID 18 creation failed , Result: CONTAINER_INTERNAL_ERROR , StorageContainerException Occurred.
org.apache.hadoop.hdds.scm.container.common.helpers.StorageContainerException: ContainerID 18 creation failed
	at org.apache.hadoop.ozone.container.common.impl.HddsDispatcher.dispatchRequest(HddsDispatcher.java:262)
	at org.apache.hadoop.ozone.container.common.impl.HddsDispatcher.lambda$dispatch$0(HddsDispatcher.java:169)
	at org.apache.hadoop.hdds.server.OzoneProtocolMessageDispatcher.processRequest(OzoneProtocolMessageDispatcher.java:87)
	at org.apache.hadoop.ozone.container.common.impl.HddsDispatcher.dispatch(HddsDispatcher.java:168)
	at org.apache.hadoop.ozone.container.common.transport.server.ratis.ContainerStateMachine.dispatchCommand(ContainerStateMachine.java:398)
	at org.apache.hadoop.ozone.container.common.transport.server.ratis.ContainerStateMachine.runCommand(ContainerStateMachine.java:408)
	at org.apache.hadoop.ozone.container.common.transport.server.ratis.ContainerStateMachine.lambda$handleWriteChunk$1(ContainerStateMachine.java:439)
	at java.util.concurrent.CompletableFuture$AsyncSupply.run(CompletableFuture.java:1604)
	at java.util.concurrent.ThreadPoolExecutor.runWorker(ThreadPoolExecutor.java:1149)
	at java.util.concurrent.ThreadPoolExecutor$Worker.run(ThreadPoolExecutor.java:624)
	at java.lang.Thread.run(Thread.java:748)
2021-08-04 01:15:48,466 [ChunkWriter-1-0] ERROR ratis.ContainerStateMachine (ContainerStateMachine.java:lambda$handleWriteChunk$2(467)) - group-B2EACA72A2EE: writeChunk writeStateMachineData failed: blockIdcontainerID: 18
localID: 107544261427200022
blockCommitSequenceId: 0
 logIndex 90 chunkName 107544261427200022_chunk_2 Error message: ContainerID 18 creation failed Container Result: CONTAINER_INTERNAL_ERROR
2021-08-04 01:15:48,464 [EventQueue-PipelineActionsForPipelineActionHandler] INFO  pipeline.PipelineActionHandler (PipelineActionHandler.java:processPipelineAction(82)) - Received pipeline action CLOSE for PipelineID=20d9769d-dae4-47c1-acd2-b2eaca72a2ee from datanode bec42fdf-bcea-489b-ba0a-157c670b1e12. Reason : Log already failed at index 88 for task WriteLog:88: (t:1, i:88), STATEMACHINELOGENTRY, cmdType: WriteChunk traceID: "" containerID: 18 datanodeUuid: "bec42fdf-bcea-489b-ba0a-157c670b1e12" pipelineID: "20d9769d-dae4-47c1-acd2-b2eaca72a2ee" writeChunk { blockID { containerID: 18 localID: 107544261427200022 blockCommitSequenceId: 0 } chunkData { chunkName: "107544261427200022_chunk_1" offset: 0 len: 1048576 checksumData { type: NONE bytesPerChecksum: 1048576 } } }, container path=nonexistent
2021-08-04 01:15:48,466 [EventQueue-PipelineActionsForPipelineActionHandler] WARN  pipeline.PipelineActionHandler (PipelineActionHandler.java:processPipelineAction(93)) - Pipeline action CLOSE received for unknown pipeline PipelineID=20d9769d-dae4-47c1-acd2-b2eaca72a2ee, firing close pipeline event.
2021-08-04 01:15:48,466 [EventQueue-PipelineActionsForPipelineActionHandler] INFO  pipeline.PipelineActionHandler (PipelineActionHandler.java:processPipelineAction(82)) - Received pipeline action CLOSE for PipelineID=20d9769d-dae4-47c1-acd2-b2eaca72a2ee from datanode ff759bcd-5af0-4000-a28c-396c4eee979e. Reason : Log already failed at index 88 for task WriteLog:88: (t:1, i:88), STATEMACHINELOGENTRY, cmdType: WriteChunk traceID: "" containerID: 18 datanodeUuid: "bec42fdf-bcea-489b-ba0a-157c670b1e12" pipelineID: "20d9769d-dae4-47c1-acd2-b2eaca72a2ee" writeChunk { blockID { containerID: 18 localID: 107544261427200022 blockCommitSequenceId: 0 } chunkData { chunkName: "107544261427200022_chunk_1" offset: 0 len: 1048576 checksumData { type: NONE bytesPerChecksum: 1048576 } } }, container path=nonexistent
2021-08-04 01:15:48,466 [EventQueue-PipelineActionsForPipelineActionHandler] WARN  pipeline.PipelineActionHandler (PipelineActionHandler.java:processPipelineAction(93)) - Pipeline action CLOSE received for unknown pipeline PipelineID=20d9769d-dae4-47c1-acd2-b2eaca72a2ee, firing close pipeline event.
2021-08-04 01:15:48,466 [ChunkWriter-1-0] INFO  keyvalue.KeyValueHandler (ContainerUtils.java:logAndReturnError(89)) - Operation: CreateContainer , Trace ID:  , Message: Container creation failed. Failed init RocksDB, db path : /home/runner/work/ozone/ozone/mnt/ozone/hadoop-ozone/integration-test/target/test-dir/MiniOzoneClusterImpl-e5186c5f-1b64-46e6-9930-7a8733b94f9c/datanode-5/data-0/containers/hdds/e5186c5f-1b64-46e6-9930-7a8733b94f9c/current/containerDir0/18/metadata/18-dn-container.db, exception :org.rocksdb.RocksDBException While appending to file: /home/runner/work/ozone/ozone/mnt/ozone/hadoop-ozone/integration-test/target/test-dir/MiniOzoneClusterImpl-e5186c5f-1b64-46e6-9930-7a8733b94f9c/datanode-5/data-0/containers/hdds/e5186c5f-1b64-46e6-9930-7a8733b94f9c/current/containerDir0/18/metadata/18-dn-container.db/000000.dbtmp: No space left on device; status : IOError(NoSpace); message : While appending to file: /home/runner/work/ozone/ozone/mnt/ozone/hadoop-ozone/integration-test/target/test-dir/MiniOzoneClusterImpl-e5186c5f-1b64-46e6-9930-7a8733b94f9c/datanode-5/data-0/containers/hdds/e5186c5f-1b64-46e6-9930-7a8733b94f9c/current/containerDir0/18/metadata/18-dn-container.db/000000.dbtmp: No space left on device , Result: CONTAINER_INTERNAL_ERROR , StorageContainerException Occurred.
org.apache.hadoop.hdds.scm.container.common.helpers.StorageContainerException: Container creation failed. Failed init RocksDB, db path : /home/runner/work/ozone/ozone/mnt/ozone/hadoop-ozone/integration-test/target/test-dir/MiniOzoneClusterImpl-e5186c5f-1b64-46e6-9930-7a8733b94f9c/datanode-5/data-0/containers/hdds/e5186c5f-1b64-46e6-9930-7a8733b94f9c/current/containerDir0/18/metadata/18-dn-container.db, exception :org.rocksdb.RocksDBException While appending to file: /home/runner/work/ozone/ozone/mnt/ozone/hadoop-ozone/integration-test/target/test-dir/MiniOzoneClusterImpl-e5186c5f-1b64-46e6-9930-7a8733b94f9c/datanode-5/data-0/containers/hdds/e5186c5f-1b64-46e6-9930-7a8733b94f9c/current/containerDir0/18/metadata/18-dn-container.db/000000.dbtmp: No space left on device; status : IOError(NoSpace); message : While appending to file: /home/runner/work/ozone/ozone/mnt/ozone/hadoop-ozone/integration-test/target/test-dir/MiniOzoneClusterImpl-e5186c5f-1b64-46e6-9930-7a8733b94f9c/datanode-5/data-0/containers/hdds/e5186c5f-1b64-46e6-9930-7a8733b94f9c/current/containerDir0/18/metadata/18-dn-container.db/000000.dbtmp: No space left on device
	at org.apache.hadoop.ozone.container.keyvalue.KeyValueContainer.create(KeyValueContainer.java:171)
	at org.apache.hadoop.ozone.container.keyvalue.KeyValueHandler.handleCreateContainer(KeyValueHandler.java:265)
	at org.apache.hadoop.ozone.container.keyvalue.KeyValueHandler.dispatchRequest(KeyValueHandler.java:182)
	at org.apache.hadoop.ozone.container.keyvalue.KeyValueHandler.handle(KeyValueHandler.java:170)
	at org.apache.hadoop.ozone.container.common.impl.HddsDispatcher.createContainer(HddsDispatcher.java:423)
	at org.apache.hadoop.ozone.container.common.impl.HddsDispatcher.dispatchRequest(HddsDispatcher.java:258)
	at org.apache.hadoop.ozone.container.common.impl.HddsDispatcher.lambda$dispatch$0(HddsDispatcher.java:169)
	at org.apache.hadoop.hdds.server.OzoneProtocolMessageDispatcher.processRequest(OzoneProtocolMessageDispatcher.java:87)
	at org.apache.hadoop.ozone.container.common.impl.HddsDispatcher.dispatch(HddsDispatcher.java:168)
	at org.apache.hadoop.ozone.container.common.transport.server.ratis.ContainerStateMachine.dispatchCommand(ContainerStateMachine.java:398)
	at org.apache.hadoop.ozone.container.common.transport.server.ratis.ContainerStateMachine.runCommand(ContainerStateMachine.java:408)
	at org.apache.hadoop.ozone.container.common.transport.server.ratis.ContainerStateMachine.lambda$handleWriteChunk$1(ContainerStateMachine.java:439)
	at java.util.concurrent.CompletableFuture$AsyncSupply.run(CompletableFuture.java:1604)
	at java.util.concurrent.ThreadPoolExecutor.runWorker(ThreadPoolExecutor.java:1149)
	at java.util.concurrent.ThreadPoolExecutor$Worker.run(ThreadPoolExecutor.java:624)
	at java.lang.Thread.run(Thread.java:748)
Caused by: java.io.IOException: Failed init RocksDB, db path : /home/runner/work/ozone/ozone/mnt/ozone/hadoop-ozone/integration-test/target/test-dir/MiniOzoneClusterImpl-e5186c5f-1b64-46e6-9930-7a8733b94f9c/datanode-5/data-0/containers/hdds/e5186c5f-1b64-46e6-9930-7a8733b94f9c/current/containerDir0/18/metadata/18-dn-container.db, exception :org.rocksdb.RocksDBException While appending to file: /home/runner/work/ozone/ozone/mnt/ozone/hadoop-ozone/integration-test/target/test-dir/MiniOzoneClusterImpl-e5186c5f-1b64-46e6-9930-7a8733b94f9c/datanode-5/data-0/containers/hdds/e5186c5f-1b64-46e6-9930-7a8733b94f9c/current/containerDir0/18/metadata/18-dn-container.db/000000.dbtmp: No space left on device; status : IOError(NoSpace); message : While appending to file: /home/runner/work/ozone/ozone/mnt/ozone/hadoop-ozone/integration-test/target/test-dir/MiniOzoneClusterImpl-e5186c5f-1b64-46e6-9930-7a8733b94f9c/datanode-5/data-0/containers/hdds/e5186c5f-1b64-46e6-9930-7a8733b94f9c/current/containerDir0/18/metadata/18-dn-container.db/000000.dbtmp: No space left on device
	at org.apache.hadoop.hdds.utils.HddsServerUtil.toIOException(HddsServerUtil.java:564)
	at org.apache.hadoop.hdds.utils.db.RDBStore.<init>(RDBStore.java:164)
	at org.apache.hadoop.hdds.utils.db.DBStoreBuilder.build(DBStoreBuilder.java:191)
	at org.apache.hadoop.ozone.container.metadata.AbstractDatanodeStore.start(AbstractDatanodeStore.java:118)
	at org.apache.hadoop.ozone.container.metadata.AbstractDatanodeStore.<init>(AbstractDatanodeStore.java:93)
	at org.apache.hadoop.ozone.container.metadata.DatanodeStoreSchemaTwoImpl.<init>(DatanodeStoreSchemaTwoImpl.java:48)
	at org.apache.hadoop.ozone.container.keyvalue.helpers.KeyValueContainerUtil.createContainerMetaData(KeyValueContainerUtil.java:112)
	at org.apache.hadoop.ozone.container.keyvalue.KeyValueContainer.create(KeyValueContainer.java:139)
	... 15 more
Caused by: org.rocksdb.RocksDBException: While appending to file: /home/runner/work/ozone/ozone/mnt/ozone/hadoop-ozone/integration-test/target/test-dir/MiniOzoneClusterImpl-e5186c5f-1b64-46e6-9930-7a8733b94f9c/datanode-5/data-0/containers/hdds/e5186c5f-1b64-46e6-9930-7a8733b94f9c/current/containerDir0/18/metadata/18-dn-container.db/000000.dbtmp: No space left on device
	at org.rocksdb.RocksDB.open(Native Method)
	at org.rocksdb.RocksDB.open(RocksDB.java:306)
	at org.apache.hadoop.hdds.utils.db.RDBStore.<init>(RDBStore.java:119)
	... 21 more
2021-08-04 01:15:48,463 [bec42fdf-bcea-489b-ba0a-157c670b1e12@group-B2EACA72A2EE-SegmentedRaftLogWorker] ERROR ratis.XceiverServerRatis (XceiverServerRatis.java:triggerPipelineClose(672)) - pipeline Action CLOSE on pipeline PipelineID=20d9769d-dae4-47c1-acd2-b2eaca72a2ee.Reason : Log already failed at index 88 for task WriteLog:88: (t:1, i:88), STATEMACHINELOGENTRY, cmdType: WriteChunk traceID: "" containerID: 18 datanodeUuid: "bec42fdf-bcea-489b-ba0a-157c670b1e12" pipelineID: "20d9769d-dae4-47c1-acd2-b2eaca72a2ee" writeChunk { blockID { containerID: 18 localID: 107544261427200022 blockCommitSequenceId: 0 } chunkData { chunkName: "107544261427200022_chunk_1" offset: 0 len: 1048576 checksumData { type: NONE bytesPerChecksum: 1048576 } } }, container path=nonexistent
2021-08-04 01:15:48,463 [Datanode State Machine Thread - 0] WARN  statemachine.StateContext (StateContext.java:execute(621)) - No available thread in pool for past 1 seconds.
01:15:48.470 [ChunkWriter-1-0] ERROR DNAudit - user=null | ip=null | op=WRITE_CHUNK {blockData=conID: 18 locID: 107544261427200022 bcsId: 0} | ret=FAILURE
org.apache.hadoop.hdds.scm.container.common.helpers.StorageContainerException: ContainerID 18 creation failed
	at org.apache.hadoop.ozone.container.common.impl.HddsDispatcher.dispatchRequest(HddsDispatcher.java:262) ~[hdds-container-service-1.2.0-SNAPSHOT.jar:?]
	at org.apache.hadoop.ozone.container.common.impl.HddsDispatcher.lambda$dispatch$0(HddsDispatcher.java:169) ~[hdds-container-service-1.2.0-SNAPSHOT.jar:?]
	at org.apache.hadoop.hdds.server.OzoneProtocolMessageDispatcher.processRequest(OzoneProtocolMessageDispatcher.java:87) ~[hdds-server-framework-1.2.0-SNAPSHOT.jar:?]
	at org.apache.hadoop.ozone.container.common.impl.HddsDispatcher.dispatch(HddsDispatcher.java:168) ~[hdds-container-service-1.2.0-SNAPSHOT.jar:?]
	at org.apache.hadoop.ozone.container.common.transport.server.ratis.ContainerStateMachine.dispatchCommand(ContainerStateMachine.java:398) ~[hdds-container-service-1.2.0-SNAPSHOT.jar:?]
	at org.apache.hadoop.ozone.container.common.transport.server.ratis.ContainerStateMachine.runCommand(ContainerStateMachine.java:408) ~[hdds-container-service-1.2.0-SNAPSHOT.jar:?]
	at org.apache.hadoop.ozone.container.common.transport.server.ratis.ContainerStateMachine.lambda$handleWriteChunk$1(ContainerStateMachine.java:439) ~[hdds-container-service-1.2.0-SNAPSHOT.jar:?]
	at java.util.concurrent.CompletableFuture$AsyncSupply.run(CompletableFuture.java:1604) [?:1.8.0_292]
	at java.util.concurrent.ThreadPoolExecutor.runWorker(ThreadPoolExecutor.java:1149) [?:1.8.0_292]
	at java.util.concurrent.ThreadPoolExecutor$Worker.run(ThreadPoolExecutor.java:624) [?:1.8.0_292]
	at java.lang.Thread.run(Thread.java:748) [?:1.8.0_292]
2021-08-04 01:15:48,470 [ChunkWriter-1-0] INFO  impl.HddsDispatcher (ContainerUtils.java:logAndReturnError(89)) - Operation: WriteChunk , Trace ID:  , Message: ContainerID 18 creation failed , Result: CONTAINER_INTERNAL_ERROR , StorageContainerException Occurred.
org.apache.hadoop.hdds.scm.container.common.helpers.StorageContainerException: ContainerID 18 creation failed
	at org.apache.hadoop.ozone.container.common.impl.HddsDispatcher.dispatchRequest(HddsDispatcher.java:262)
	at org.apache.hadoop.ozone.container.common.impl.HddsDispatcher.lambda$dispatch$0(HddsDispatcher.java:169)
	at org.apache.hadoop.hdds.server.OzoneProtocolMessageDispatcher.processRequest(OzoneProtocolMessageDispatcher.java:87)
	at org.apache.hadoop.ozone.container.common.impl.HddsDispatcher.dispatch(HddsDispatcher.java:168)
	at org.apache.hadoop.ozone.container.common.transport.server.ratis.ContainerStateMachine.dispatchCommand(ContainerStateMachine.java:398)
	at org.apache.hadoop.ozone.container.common.transport.server.ratis.ContainerStateMachine.runCommand(ContainerStateMachine.java:408)
	at org.apache.hadoop.ozone.container.common.transport.server.ratis.ContainerStateMachine.lambda$handleWriteChunk$1(ContainerStateMachine.java:439)
	at java.util.concurrent.CompletableFuture$AsyncSupply.run(CompletableFuture.java:1604)
	at java.util.concurrent.ThreadPoolExecutor.runWorker(ThreadPoolExecutor.java:1149)
	at java.util.concurrent.ThreadPoolExecutor$Worker.run(ThreadPoolExecutor.java:624)
	at java.lang.Thread.run(Thread.java:748)
2021-08-04 01:15:48,471 [ChunkWriter-1-0] ERROR ratis.ContainerStateMachine (ContainerStateMachine.java:lambda$handleWriteChunk$2(467)) - group-B2EACA72A2EE: writeChunk writeStateMachineData failed: blockIdcontainerID: 18
localID: 107544261427200022
blockCommitSequenceId: 0
 logIndex 90 chunkName 107544261427200022_chunk_2 Error message: ContainerID 18 creation failed Container Result: CONTAINER_INTERNAL_ERROR
2021-08-04 01:15:48,471 [bec42fdf-bcea-489b-ba0a-157c670b1e12@group-B2EACA72A2EE-SegmentedRaftLogWorker] ERROR ratis.XceiverServerRatis (XceiverServerRatis.java:triggerPipelineClose(672)) - pipeline Action CLOSE on pipeline PipelineID=20d9769d-dae4-47c1-acd2-b2eaca72a2ee.Reason : Log already failed at index 88 for task WriteLog:88: (t:1, i:88), STATEMACHINELOGENTRY, cmdType: WriteChunk traceID: "" containerID: 18 datanodeUuid: "bec42fdf-bcea-489b-ba0a-157c670b1e12" pipelineID: "20d9769d-dae4-47c1-acd2-b2eaca72a2ee" writeChunk { blockID { containerID: 18 localID: 107544261427200022 blockCommitSequenceId: 0 } chunkData { chunkName: "107544261427200022_chunk_1" offset: 0 len: 1048576 checksumData { type: NONE bytesPerChecksum: 1048576 } } }, container path=nonexistent
2021-08-04 01:15:48,473 [EventQueue-PipelineActionsForPipelineActionHandler] INFO  pipeline.PipelineActionHandler (PipelineActionHandler.java:processPipelineAction(82)) - Received pipeline action CLOSE for PipelineID=20d9769d-dae4-47c1-acd2-b2eaca72a2ee from datanode bec42fdf-bcea-489b-ba0a-157c670b1e12. Reason : Log already failed at index 88 for task WriteLog:88: (t:1, i:88), STATEMACHINELOGENTRY, cmdType: WriteChunk traceID: "" containerID: 18 datanodeUuid: "bec42fdf-bcea-489b-ba0a-157c670b1e12" pipelineID: "20d9769d-dae4-47c1-acd2-b2eaca72a2ee" writeChunk { blockID { containerID: 18 localID: 107544261427200022 blockCommitSequenceId: 0 } chunkData { chunkName: "107544261427200022_chunk_1" offset: 0 len: 1048576 checksumData { type: NONE bytesPerChecksum: 1048576 } } }, container path=nonexistent
2021-08-04 01:15:48,473 [EventQueue-PipelineActionsForPipelineActionHandler] WARN  pipeline.PipelineActionHandler (PipelineActionHandler.java:processPipelineAction(93)) - Pipeline action CLOSE received for unknown pipeline PipelineID=20d9769d-dae4-47c1-acd2-b2eaca72a2ee, firing close pipeline event.
2021-08-04 01:15:48,737 [Datanode State Machine Thread - 0] WARN  statemachine.StateContext (StateContext.java:execute(621)) - No available thread in pool for past 1 seconds.
2021-08-04 01:15:48,737 [330f39ad-452e-4d36-afea-f42f10da75a6@group-B2EACA72A2EE-SegmentedRaftLogWorker] ERROR ratis.XceiverServerRatis (XceiverServerRatis.java:triggerPipelineClose(672)) - pipeline Action CLOSE on pipeline PipelineID=20d9769d-dae4-47c1-acd2-b2eaca72a2ee.Reason : Log already failed at index 88 for task WriteLog:88: (t:1, i:88), STATEMACHINELOGENTRY, cmdType: WriteChunk traceID: "" containerID: 18 datanodeUuid: "bec42fdf-bcea-489b-ba0a-157c670b1e12" pipelineID: "20d9769d-dae4-47c1-acd2-b2eaca72a2ee" writeChunk { blockID { containerID: 18 localID: 107544261427200022 blockCommitSequenceId: 0 } chunkData { chunkName: "107544261427200022_chunk_1" offset: 0 len: 1048576 checksumData { type: NONE bytesPerChecksum: 1048576 } } }, container path=nonexistent
2021-08-04 01:15:48,738 [Datanode State Machine Thread - 0] WARN  statemachine.StateContext (StateContext.java:execute(621)) - No available thread in pool for past 1 seconds.
2021-08-04 01:15:48,738 [ff759bcd-5af0-4000-a28c-396c4eee979e@group-B2EACA72A2EE-SegmentedRaftLogWorker] ERROR ratis.XceiverServerRatis (XceiverServerRatis.java:triggerPipelineClose(672)) - pipeline Action CLOSE on pipeline PipelineID=20d9769d-dae4-47c1-acd2-b2eaca72a2ee.Reason : Log already failed at index 88 for task WriteLog:88: (t:1, i:88), STATEMACHINELOGENTRY, cmdType: WriteChunk traceID: "" containerID: 18 datanodeUuid: "bec42fdf-bcea-489b-ba0a-157c670b1e12" pipelineID: "20d9769d-dae4-47c1-acd2-b2eaca72a2ee" writeChunk { blockID { containerID: 18 localID: 107544261427200022 blockCommitSequenceId: 0 } chunkData { chunkName: "107544261427200022_chunk_1" offset: 0 len: 1048576 checksumData { type: NONE bytesPerChecksum: 1048576 } } }, container path=nonexistent
2021-08-04 01:15:48,740 [EventQueue-PipelineActionsForPipelineActionHandler] INFO  pipeline.PipelineActionHandler (PipelineActionHandler.java:processPipelineAction(82)) - Received pipeline action CLOSE for PipelineID=20d9769d-dae4-47c1-acd2-b2eaca72a2ee from datanode ff759bcd-5af0-4000-a28c-396c4eee979e. Reason : Log already failed at index 88 for task WriteLog:88: (t:1, i:88), STATEMACHINELOGENTRY, cmdType: WriteChunk traceID: "" containerID: 18 datanodeUuid: "bec42fdf-bcea-489b-ba0a-157c670b1e12" pipelineID: "20d9769d-dae4-47c1-acd2-b2eaca72a2ee" writeChunk { blockID { containerID: 18 localID: 107544261427200022 blockCommitSequenceId: 0 } chunkData { chunkName: "107544261427200022_chunk_1" offset: 0 len: 1048576 checksumData { type: NONE bytesPerChecksum: 1048576 } } }, container path=nonexistent
2021-08-04 01:15:48,740 [bec42fdf-bcea-489b-ba0a-157c670b1e12@group-B2EACA72A2EE-SegmentedRaftLogWorker] ERROR ratis.XceiverServerRatis (XceiverServerRatis.java:triggerPipelineClose(672)) - pipeline Action CLOSE on pipeline PipelineID=20d9769d-dae4-47c1-acd2-b2eaca72a2ee.Reason : Log already failed at index 88 for task WriteLog:88: (t:1, i:88), STATEMACHINELOGENTRY, cmdType: WriteChunk traceID: "" containerID: 18 datanodeUuid: "bec42fdf-bcea-489b-ba0a-157c670b1e12" pipelineID: "20d9769d-dae4-47c1-acd2-b2eaca72a2ee" writeChunk { blockID { containerID: 18 localID: 107544261427200022 blockCommitSequenceId: 0 } chunkData { chunkName: "107544261427200022_chunk_1" offset: 0 len: 1048576 checksumData { type: NONE bytesPerChecksum: 1048576 } } }, container path=nonexistent
2021-08-04 01:15:48,740 [Datanode State Machine Thread - 0] WARN  statemachine.StateContext (StateContext.java:execute(621)) - No available thread in pool for past 1 seconds.
2021-08-04 01:15:48,740 [EventQueue-PipelineActionsForPipelineActionHandler] WARN  pipeline.PipelineActionHandler (PipelineActionHandler.java:processPipelineAction(93)) - Pipeline action CLOSE received for unknown pipeline PipelineID=20d9769d-dae4-47c1-acd2-b2eaca72a2ee, firing close pipeline event.
2021-08-04 01:15:48,740 [EventQueue-PipelineActionsForPipelineActionHandler] INFO  pipeline.PipelineActionHandler (PipelineActionHandler.java:processPipelineAction(82)) - Received pipeline action CLOSE for PipelineID=20d9769d-dae4-47c1-acd2-b2eaca72a2ee from datanode 330f39ad-452e-4d36-afea-f42f10da75a6. Reason : Log already failed at index 88 for task WriteLog:88: (t:1, i:88), STATEMACHINELOGENTRY, cmdType: WriteChunk traceID: "" containerID: 18 datanodeUuid: "bec42fdf-bcea-489b-ba0a-157c670b1e12" pipelineID: "20d9769d-dae4-47c1-acd2-b2eaca72a2ee" writeChunk { blockID { containerID: 18 localID: 107544261427200022 blockCommitSequenceId: 0 } chunkData { chunkName: "107544261427200022_chunk_1" offset: 0 len: 1048576 checksumData { type: NONE bytesPerChecksum: 1048576 } } }, container path=nonexistent
2021-08-04 01:15:48,741 [EventQueue-PipelineActionsForPipelineActionHandler] WARN  pipeline.PipelineActionHandler (PipelineActionHandler.java:processPipelineAction(93)) - Pipeline action CLOSE received for unknown pipeline PipelineID=20d9769d-dae4-47c1-acd2-b2eaca72a2ee, firing close pipeline event.
2021-08-04 01:15:48,741 [EventQueue-PipelineActionsForPipelineActionHandler] INFO  pipeline.PipelineActionHandler (PipelineActionHandler.java:processPipelineAction(82)) - Received pipeline action CLOSE for PipelineID=20d9769d-dae4-47c1-acd2-b2eaca72a2ee from datanode bec42fdf-bcea-489b-ba0a-157c670b1e12. Reason : Log already failed at index 88 for task WriteLog:88: (t:1, i:88), STATEMACHINELOGENTRY, cmdType: WriteChunk traceID: "" containerID: 18 datanodeUuid: "bec42fdf-bcea-489b-ba0a-157c670b1e12" pipelineID: "20d9769d-dae4-47c1-acd2-b2eaca72a2ee" writeChunk { blockID { containerID: 18 localID: 107544261427200022 blockCommitSequenceId: 0 } chunkData { chunkName: "107544261427200022_chunk_1" offset: 0 len: 1048576 checksumData { type: NONE bytesPerChecksum: 1048576 } } }, container path=nonexistent
2021-08-04 01:15:48,741 [EventQueue-PipelineActionsForPipelineActionHandler] WARN  pipeline.PipelineActionHandler (PipelineActionHandler.java:processPipelineAction(93)) - Pipeline action CLOSE received for unknown pipeline PipelineID=20d9769d-dae4-47c1-acd2-b2eaca72a2ee, firing close pipeline event.
2021-08-04 01:15:48,743 [Datanode State Machine Thread - 0] WARN  statemachine.StateContext (StateContext.java:execute(621)) - No available thread in pool for past 1 seconds.
2021-08-04 01:15:48,744 [Command processor thread] ERROR commandhandler.CloseContainerCommandHandler (CloseContainerCommandHandler.java:handle(85)) - Container #18 does not exist in datanode. Container close failed.
2021-08-04 01:15:48,745 [Command processor thread] INFO  server.RaftServer (RaftServerProxy.java:remove(106)) - bec42fdf-bcea-489b-ba0a-157c670b1e12: remove  FOLLOWER bec42fdf-bcea-489b-ba0a-157c670b1e12@group-B2EACA72A2EE:t1, leader=330f39ad-452e-4d36-afea-f42f10da75a6, voted=330f39ad-452e-4d36-afea-f42f10da75a6, raftlog=bec42fdf-bcea-489b-ba0a-157c670b1e12@group-B2EACA72A2EE-SegmentedRaftLog:OPENED:c87,f87,i92, conf=0: [bec42fdf-bcea-489b-ba0a-157c670b1e12|rpc:10.1.0.49:35701|dataStream:|priority:0, 330f39ad-452e-4d36-afea-f42f10da75a6|rpc:10.1.0.49:40811|dataStream:|priority:1, ff759bcd-5af0-4000-a28c-396c4eee979e|rpc:10.1.0.49:35933|dataStream:|priority:0], old=null RUNNING
2021-08-04 01:15:48,745 [Command processor thread] INFO  server.RaftServer$Division (RaftServerImpl.java:lambda$close$4(407)) - bec42fdf-bcea-489b-ba0a-157c670b1e12@group-B2EACA72A2EE: shutdown
2021-08-04 01:15:48,745 [Command processor thread] INFO  util.JmxRegister (JmxRegister.java:unregister(73)) - Successfully un-registered JMX Bean with object name Ratis:service=RaftServer,group=group-B2EACA72A2EE,id=bec42fdf-bcea-489b-ba0a-157c670b1e12
2021-08-04 01:15:48,745 [Command processor thread] INFO  impl.RoleInfo (RoleInfo.java:shutdownFollowerState(108)) - bec42fdf-bcea-489b-ba0a-157c670b1e12: shutdown bec42fdf-bcea-489b-ba0a-157c670b1e12@group-B2EACA72A2EE-FollowerState
2021-08-04 01:15:48,745 [bec42fdf-bcea-489b-ba0a-157c670b1e12@group-B2EACA72A2EE-FollowerState] INFO  impl.FollowerState (FollowerState.java:run(143)) - bec42fdf-bcea-489b-ba0a-157c670b1e12@group-B2EACA72A2EE-FollowerState was interrupted: {}
java.lang.InterruptedException: sleep interrupted
	at java.lang.Thread.sleep(Native Method)
	at java.lang.Thread.sleep(Thread.java:340)
	at java.util.concurrent.TimeUnit.sleep(TimeUnit.java:386)
	at org.apache.ratis.util.TimeDuration.sleep(TimeDuration.java:324)
	at org.apache.ratis.util.TimeDuration.sleep(TimeDuration.java:309)
	at org.apache.ratis.server.impl.FollowerState.run(FollowerState.java:118)
2021-08-04 01:15:48,745 [bec42fdf-bcea-489b-ba0a-157c670b1e12@group-B2EACA72A2EE-StateMachineUpdater] ERROR ratis.ContainerStateMachine (ContainerStateMachine.java:takeSnapshot(285)) - Failed to take snapshot  for group-B2EACA72A2EE as the stateMachine is unhealthy. The last applied index is at (t:1, i:87)
2021-08-04 01:15:48,745 [bec42fdf-bcea-489b-ba0a-157c670b1e12@group-B2EACA72A2EE-StateMachineUpdater] ERROR impl.StateMachineUpdater (StateMachineUpdater.java:takeSnapshot(276)) - bec42fdf-bcea-489b-ba0a-157c670b1e12@group-B2EACA72A2EE-StateMachineUpdater: Failed to take snapshot
org.apache.ratis.protocol.exceptions.StateMachineException: Failed to take snapshot  for group-B2EACA72A2EE as the stateMachine is unhealthy. The last applied index is at (t:1, i:87)
	at org.apache.hadoop.ozone.container.common.transport.server.ratis.ContainerStateMachine.takeSnapshot(ContainerStateMachine.java:284)
	at org.apache.ratis.server.impl.StateMachineUpdater.takeSnapshot(StateMachineUpdater.java:265)
	at org.apache.ratis.server.impl.StateMachineUpdater.checkAndTakeSnapshot(StateMachineUpdater.java:257)
	at org.apache.ratis.server.impl.StateMachineUpdater.run(StateMachineUpdater.java:180)
	at java.lang.Thread.run(Thread.java:748)
2021-08-04 01:15:48,745 [bec42fdf-bcea-489b-ba0a-157c670b1e12@group-B2EACA72A2EE-StateMachineUpdater] ERROR ratis.ContainerStateMachine (ContainerStateMachine.java:takeSnapshot(285)) - Failed to take snapshot  for group-B2EACA72A2EE as the stateMachine is unhealthy. The last applied index is at (t:1, i:87)
2021-08-04 01:15:48,745 [bec42fdf-bcea-489b-ba0a-157c670b1e12@group-B2EACA72A2EE-StateMachineUpdater] ERROR impl.StateMachineUpdater (StateMachineUpdater.java:takeSnapshot(276)) - bec42fdf-bcea-489b-ba0a-157c670b1e12@group-B2EACA72A2EE-StateMachineUpdater: Failed to take snapshot
org.apache.ratis.protocol.exceptions.StateMachineException: Failed to take snapshot  for group-B2EACA72A2EE as the stateMachine is unhealthy. The last applied index is at (t:1, i:87)
	at org.apache.hadoop.ozone.container.common.transport.server.ratis.ContainerStateMachine.takeSnapshot(ContainerStateMachine.java:284)
	at org.apache.ratis.server.impl.StateMachineUpdater.takeSnapshot(StateMachineUpdater.java:265)
	at org.apache.ratis.server.impl.StateMachineUpdater.checkAndTakeSnapshot(StateMachineUpdater.java:257)
	at org.apache.ratis.server.impl.StateMachineUpdater.run(StateMachineUpdater.java:183)
	at java.lang.Thread.run(Thread.java:748)
2021-08-04 01:15:48,745 [Datanode State Machine Thread - 0] WARN  statemachine.StateContext (StateContext.java:execute(621)) - No available thread in pool for past 1 seconds.
2021-08-04 01:15:48,747 [Command processor thread] INFO  impl.StateMachineUpdater (StateMachineUpdater.java:stopAndJoin(149)) - bec42fdf-bcea-489b-ba0a-157c670b1e12@group-B2EACA72A2EE-StateMachineUpdater: set stopIndex = 87
2021-08-04 01:15:48,747 [Command processor thread] INFO  server.RaftServer$Division (ServerState.java:close(419)) - bec42fdf-bcea-489b-ba0a-157c670b1e12@group-B2EACA72A2EE: closes. applyIndex: 87
2021-08-04 01:15:48,747 [bec42fdf-bcea-489b-ba0a-157c670b1e12@group-B2EACA72A2EE-SegmentedRaftLogWorker] INFO  segmented.SegmentedRaftLogWorker (SegmentedRaftLogWorker.java:run(327)) - bec42fdf-bcea-489b-ba0a-157c670b1e12@group-B2EACA72A2EE-SegmentedRaftLogWorker was interrupted, exiting. There are 0 tasks remaining in the queue.
2021-08-04 01:15:48,747 [Command processor thread] INFO  segmented.SegmentedRaftLogWorker (SegmentedRaftLogWorker.java:close(237)) - bec42fdf-bcea-489b-ba0a-157c670b1e12@group-B2EACA72A2EE-SegmentedRaftLogWorker close()
2021-08-04 01:15:48,749 [Command processor thread] INFO  keyvalue.KeyValueContainer (KeyValueContainer.java:flushAndSyncDB(397)) - Container 2 is synced with bcsId 48.
2021-08-04 01:15:48,749 [Command processor thread] INFO  keyvalue.KeyValueContainer (KeyValueContainer.java:flushAndSyncDB(397)) - Container 2 is synced with bcsId 48.
2021-08-04 01:15:48,751 [Datanode State Machine Thread - 0] WARN  statemachine.StateContext (StateContext.java:execute(621)) - No available thread in pool for past 1 seconds.
2021-08-04 01:15:48,751 [EventQueue-IncrementalContainerReportForIncrementalContainerReportHandler] INFO  container.IncrementalContainerReportHandler (AbstractContainerReportHandler.java:updateContainerState(216)) - Moving container #2 to QUASI_CLOSED state, datanode bec42fdf-bcea-489b-ba0a-157c670b1e12{ip: 10.1.0.49, host: fv-az59-81.csjynl4pkq3e1pkirw3ssqjfoh.cx.internal.cloudapp.net, ports: [REPLICATION=36091, RATIS=35701, RATIS_ADMIN=35701, RATIS_SERVER=35701, STANDALONE=36541], networkLocation: /default-rack, certSerialId: null, persistedOpState: IN_SERVICE, persistedOpStateExpiryEpochSec: 0} reported QUASI_CLOSED replica.
2021-08-04 01:15:48,752 [Command processor thread] INFO  keyvalue.KeyValueContainer (KeyValueContainer.java:flushAndSyncDB(397)) - Container 4 is synced with bcsId 60.
2021-08-04 01:15:48,753 [Command processor thread] INFO  keyvalue.KeyValueContainer (KeyValueContainer.java:flushAndSyncDB(397)) - Container 4 is synced with bcsId 60.
2021-08-04 01:15:48,757 [EventQueue-IncrementalContainerReportForIncrementalContainerReportHandler] INFO  container.IncrementalContainerReportHandler (AbstractContainerReportHandler.java:updateContainerState(216)) - Moving container #4 to QUASI_CLOSED state, datanode bec42fdf-bcea-489b-ba0a-157c670b1e12{ip: 10.1.0.49, host: fv-az59-81.csjynl4pkq3e1pkirw3ssqjfoh.cx.internal.cloudapp.net, ports: [REPLICATION=36091, RATIS=35701, RATIS_ADMIN=35701, RATIS_SERVER=35701, STANDALONE=36541], networkLocation: /default-rack, certSerialId: null, persistedOpState: IN_SERVICE, persistedOpStateExpiryEpochSec: 0} reported QUASI_CLOSED replica.
2021-08-04 01:15:48,758 [Command processor thread] INFO  server.RaftServer$Division (RaftServerImpl.java:groupRemove(377)) - bec42fdf-bcea-489b-ba0a-157c670b1e12@group-B2EACA72A2EE: Succeed to remove RaftStorageDirectory Storage Directory /home/runner/work/ozone/ozone/mnt/ozone/hadoop-ozone/integration-test/target/test-dir/MiniOzoneClusterImpl-e5186c5f-1b64-46e6-9930-7a8733b94f9c/datanode-5/data/ratis/20d9769d-dae4-47c1-acd2-b2eaca72a2ee
2021-08-04 01:15:48,758 [Command processor thread] INFO  commandhandler.ClosePipelineCommandHandler (ClosePipelineCommandHandler.java:handle(75)) - Close Pipeline PipelineID=20d9769d-dae4-47c1-acd2-b2eaca72a2ee command on datanode bec42fdf-bcea-489b-ba0a-157c670b1e12.
2021-08-04 01:15:48,759 [Command processor thread] WARN  server.RaftServer (RaftServerProxy.java:remove(101)) - bec42fdf-bcea-489b-ba0a-157c670b1e12: does not contain group: group-B2EACA72A2EE
2021-08-04 01:15:48,759 [Command processor thread] ERROR commandhandler.ClosePipelineCommandHandler (ClosePipelineCommandHandler.java:handle(78)) - Can't close pipeline PipelineID=20d9769d-dae4-47c1-acd2-b2eaca72a2ee
java.io.IOException: bec42fdf-bcea-489b-ba0a-157c670b1e12: Group group-B2EACA72A2EE not found.
	at org.apache.hadoop.ozone.container.common.transport.server.ratis.XceiverServerRatis.removeGroup(XceiverServerRatis.java:777)
	at org.apache.hadoop.ozone.container.common.statemachine.commandhandler.ClosePipelineCommandHandler.handle(ClosePipelineCommandHandler.java:74)
	at org.apache.hadoop.ozone.container.common.statemachine.commandhandler.CommandDispatcher.handle(CommandDispatcher.java:99)
	at org.apache.hadoop.ozone.container.common.statemachine.DatanodeStateMachine.lambda$initCommandHandlerThread$2(DatanodeStateMachine.java:555)
	at java.lang.Thread.run(Thread.java:748)
Caused by: org.apache.ratis.protocol.exceptions.GroupMismatchException: bec42fdf-bcea-489b-ba0a-157c670b1e12: Group group-B2EACA72A2EE not found.
	at org.apache.ratis.server.impl.RaftServerProxy.groupRemoveAsync(RaftServerProxy.java:504)
	at org.apache.ratis.server.impl.RaftServerProxy.groupManagementAsync(RaftServerProxy.java:460)
	at org.apache.ratis.server.impl.RaftServerProxy.groupManagement(RaftServerProxy.java:440)
	at org.apache.hadoop.ozone.container.common.transport.server.ratis.XceiverServerRatis.removeGroup(XceiverServerRatis.java:775)
	... 4 more
2021-08-04 01:15:48,759 [Command processor thread] WARN  server.RaftServer (RaftServerProxy.java:remove(101)) - bec42fdf-bcea-489b-ba0a-157c670b1e12: does not contain group: group-B2EACA72A2EE
2021-08-04 01:15:48,759 [Command processor thread] ERROR commandhandler.ClosePipelineCommandHandler (ClosePipelineCommandHandler.java:handle(78)) - Can't close pipeline PipelineID=20d9769d-dae4-47c1-acd2-b2eaca72a2ee
java.io.IOException: bec42fdf-bcea-489b-ba0a-157c670b1e12: Group group-B2EACA72A2EE not found.
	at org.apache.hadoop.ozone.container.common.transport.server.ratis.XceiverServerRatis.removeGroup(XceiverServerRatis.java:777)
	at org.apache.hadoop.ozone.container.common.statemachine.commandhandler.ClosePipelineCommandHandler.handle(ClosePipelineCommandHandler.java:74)
	at org.apache.hadoop.ozone.container.common.statemachine.commandhandler.CommandDispatcher.handle(CommandDispatcher.java:99)
	at org.apache.hadoop.ozone.container.common.statemachine.DatanodeStateMachine.lambda$initCommandHandlerThread$2(DatanodeStateMachine.java:555)
	at java.lang.Thread.run(Thread.java:748)
Caused by: org.apache.ratis.protocol.exceptions.GroupMismatchException: bec42fdf-bcea-489b-ba0a-157c670b1e12: Group group-B2EACA72A2EE not found.
	at org.apache.ratis.server.impl.RaftServerProxy.groupRemoveAsync(RaftServerProxy.java:504)
	at org.apache.ratis.server.impl.RaftServerProxy.groupManagementAsync(RaftServerProxy.java:460)
	at org.apache.ratis.server.impl.RaftServerProxy.groupManagement(RaftServerProxy.java:440)
	at org.apache.hadoop.ozone.container.common.transport.server.ratis.XceiverServerRatis.removeGroup(XceiverServerRatis.java:775)
	... 4 more
2021-08-04 01:15:48,759 [Command processor thread] WARN  server.RaftServer (RaftServerProxy.java:remove(101)) - bec42fdf-bcea-489b-ba0a-157c670b1e12: does not contain group: group-B2EACA72A2EE
2021-08-04 01:15:48,759 [Command processor thread] ERROR commandhandler.ClosePipelineCommandHandler (ClosePipelineCommandHandler.java:handle(78)) - Can't close pipeline PipelineID=20d9769d-dae4-47c1-acd2-b2eaca72a2ee
java.io.IOException: bec42fdf-bcea-489b-ba0a-157c670b1e12: Group group-B2EACA72A2EE not found.
	at org.apache.hadoop.ozone.container.common.transport.server.ratis.XceiverServerRatis.removeGroup(XceiverServerRatis.java:777)
	at org.apache.hadoop.ozone.container.common.statemachine.commandhandler.ClosePipelineCommandHandler.handle(ClosePipelineCommandHandler.java:74)
	at org.apache.hadoop.ozone.container.common.statemachine.commandhandler.CommandDispatcher.handle(CommandDispatcher.java:99)
	at org.apache.hadoop.ozone.container.common.statemachine.DatanodeStateMachine.lambda$initCommandHandlerThread$2(DatanodeStateMachine.java:555)
	at java.lang.Thread.run(Thread.java:748)
Caused by: org.apache.ratis.protocol.exceptions.GroupMismatchException: bec42fdf-bcea-489b-ba0a-157c670b1e12: Group group-B2EACA72A2EE not found.
	at org.apache.ratis.server.impl.RaftServerProxy.groupRemoveAsync(RaftServerProxy.java:504)
	at org.apache.ratis.server.impl.RaftServerProxy.groupManagementAsync(RaftServerProxy.java:460)
	at org.apache.ratis.server.impl.RaftServerProxy.groupManagement(RaftServerProxy.java:440)
	at org.apache.hadoop.ozone.container.common.transport.server.ratis.XceiverServerRatis.removeGroup(XceiverServerRatis.java:775)
	... 4 more
2021-08-04 01:15:48,759 [Command processor thread] WARN  server.RaftServer (RaftServerProxy.java:remove(101)) - bec42fdf-bcea-489b-ba0a-157c670b1e12: does not contain group: group-B2EACA72A2EE
2021-08-04 01:15:48,759 [Command processor thread] ERROR commandhandler.ClosePipelineCommandHandler (ClosePipelineCommandHandler.java:handle(78)) - Can't close pipeline PipelineID=20d9769d-dae4-47c1-acd2-b2eaca72a2ee
java.io.IOException: bec42fdf-bcea-489b-ba0a-157c670b1e12: Group group-B2EACA72A2EE not found.
	at org.apache.hadoop.ozone.container.common.transport.server.ratis.XceiverServerRatis.removeGroup(XceiverServerRatis.java:777)
	at org.apache.hadoop.ozone.container.common.statemachine.commandhandler.ClosePipelineCommandHandler.handle(ClosePipelineCommandHandler.java:74)
	at org.apache.hadoop.ozone.container.common.statemachine.commandhandler.CommandDispatcher.handle(CommandDispatcher.java:99)
	at org.apache.hadoop.ozone.container.common.statemachine.DatanodeStateMachine.lambda$initCommandHandlerThread$2(DatanodeStateMachine.java:555)
	at java.lang.Thread.run(Thread.java:748)
Caused by: org.apache.ratis.protocol.exceptions.GroupMismatchException: bec42fdf-bcea-489b-ba0a-157c670b1e12: Group group-B2EACA72A2EE not found.
	at org.apache.ratis.server.impl.RaftServerProxy.groupRemoveAsync(RaftServerProxy.java:504)
	at org.apache.ratis.server.impl.RaftServerProxy.groupManagementAsync(RaftServerProxy.java:460)
	at org.apache.ratis.server.impl.RaftServerProxy.groupManagement(RaftServerProxy.java:440)
	at org.apache.hadoop.ozone.container.common.transport.server.ratis.XceiverServerRatis.removeGroup(XceiverServerRatis.java:775)
	... 4 more
2021-08-04 01:15:49,736 [Datanode State Machine Thread - 0] WARN  statemachine.StateContext (StateContext.java:execute(621)) - No available thread in pool for past 1 seconds.
2021-08-04 01:15:49,740 [Datanode State Machine Thread - 0] WARN  statemachine.StateContext (StateContext.java:execute(621)) - No available thread in pool for past 1 seconds.
2021-08-04 01:15:49,739 [Command processor thread] ERROR commandhandler.CloseContainerCommandHandler (CloseContainerCommandHandler.java:handle(85)) - Container #18 does not exist in datanode. Container close failed.
2021-08-04 01:15:49,741 [Command processor thread] INFO  server.RaftServer (RaftServerProxy.java:remove(106)) - ff759bcd-5af0-4000-a28c-396c4eee979e: remove  FOLLOWER ff759bcd-5af0-4000-a28c-396c4eee979e@group-B2EACA72A2EE:t1, leader=330f39ad-452e-4d36-afea-f42f10da75a6, voted=330f39ad-452e-4d36-afea-f42f10da75a6, raftlog=ff759bcd-5af0-4000-a28c-396c4eee979e@group-B2EACA72A2EE-SegmentedRaftLog:OPENED:c87,f87,i92, conf=0: [bec42fdf-bcea-489b-ba0a-157c670b1e12|rpc:10.1.0.49:35701|dataStream:|priority:0, 330f39ad-452e-4d36-afea-f42f10da75a6|rpc:10.1.0.49:40811|dataStream:|priority:1, ff759bcd-5af0-4000-a28c-396c4eee979e|rpc:10.1.0.49:35933|dataStream:|priority:0], old=null RUNNING
2021-08-04 01:15:49,741 [Command processor thread] INFO  server.RaftServer$Division (RaftServerImpl.java:lambda$close$4(407)) - ff759bcd-5af0-4000-a28c-396c4eee979e@group-B2EACA72A2EE: shutdown
2021-08-04 01:15:49,741 [Command processor thread] INFO  util.JmxRegister (JmxRegister.java:unregister(73)) - Successfully un-registered JMX Bean with object name Ratis:service=RaftServer,group=group-B2EACA72A2EE,id=ff759bcd-5af0-4000-a28c-396c4eee979e
2021-08-04 01:15:49,741 [Command processor thread] INFO  impl.RoleInfo (RoleInfo.java:shutdownFollowerState(108)) - ff759bcd-5af0-4000-a28c-396c4eee979e: shutdown ff759bcd-5af0-4000-a28c-396c4eee979e@group-B2EACA72A2EE-FollowerState
2021-08-04 01:15:49,741 [Command processor thread] INFO  impl.StateMachineUpdater (StateMachineUpdater.java:stopAndJoin(149)) - ff759bcd-5af0-4000-a28c-396c4eee979e@group-B2EACA72A2EE-StateMachineUpdater: set stopIndex = 87
2021-08-04 01:15:49,741 [ff759bcd-5af0-4000-a28c-396c4eee979e@group-B2EACA72A2EE-FollowerState] INFO  impl.FollowerState (FollowerState.java:run(143)) - ff759bcd-5af0-4000-a28c-396c4eee979e@group-B2EACA72A2EE-FollowerState was interrupted: {}
java.lang.InterruptedException: sleep interrupted
	at java.lang.Thread.sleep(Native Method)
	at java.lang.Thread.sleep(Thread.java:340)
	at java.util.concurrent.TimeUnit.sleep(TimeUnit.java:386)
	at org.apache.ratis.util.TimeDuration.sleep(TimeDuration.java:324)
	at org.apache.ratis.util.TimeDuration.sleep(TimeDuration.java:309)
	at org.apache.ratis.server.impl.FollowerState.run(FollowerState.java:118)
2021-08-04 01:15:49,742 [ff759bcd-5af0-4000-a28c-396c4eee979e@group-B2EACA72A2EE-StateMachineUpdater] ERROR ratis.ContainerStateMachine (ContainerStateMachine.java:takeSnapshot(285)) - Failed to take snapshot  for group-B2EACA72A2EE as the stateMachine is unhealthy. The last applied index is at (t:1, i:87)
2021-08-04 01:15:49,742 [ff759bcd-5af0-4000-a28c-396c4eee979e@group-B2EACA72A2EE-StateMachineUpdater] ERROR impl.StateMachineUpdater (StateMachineUpdater.java:takeSnapshot(276)) - ff759bcd-5af0-4000-a28c-396c4eee979e@group-B2EACA72A2EE-StateMachineUpdater: Failed to take snapshot
org.apache.ratis.protocol.exceptions.StateMachineException: Failed to take snapshot  for group-B2EACA72A2EE as the stateMachine is unhealthy. The last applied index is at (t:1, i:87)
	at org.apache.hadoop.ozone.container.common.transport.server.ratis.ContainerStateMachine.takeSnapshot(ContainerStateMachine.java:284)
	at org.apache.ratis.server.impl.StateMachineUpdater.takeSnapshot(StateMachineUpdater.java:265)
	at org.apache.ratis.server.impl.StateMachineUpdater.checkAndTakeSnapshot(StateMachineUpdater.java:257)
	at org.apache.ratis.server.impl.StateMachineUpdater.run(StateMachineUpdater.java:180)
	at java.lang.Thread.run(Thread.java:748)
2021-08-04 01:15:49,742 [ff759bcd-5af0-4000-a28c-396c4eee979e@group-B2EACA72A2EE-StateMachineUpdater] ERROR ratis.ContainerStateMachine (ContainerStateMachine.java:takeSnapshot(285)) - Failed to take snapshot  for group-B2EACA72A2EE as the stateMachine is unhealthy. The last applied index is at (t:1, i:87)
2021-08-04 01:15:49,742 [ff759bcd-5af0-4000-a28c-396c4eee979e@group-B2EACA72A2EE-StateMachineUpdater] ERROR impl.StateMachineUpdater (StateMachineUpdater.java:takeSnapshot(276)) - ff759bcd-5af0-4000-a28c-396c4eee979e@group-B2EACA72A2EE-StateMachineUpdater: Failed to take snapshot
org.apache.ratis.protocol.exceptions.StateMachineException: Failed to take snapshot  for group-B2EACA72A2EE as the stateMachine is unhealthy. The last applied index is at (t:1, i:87)
	at org.apache.hadoop.ozone.container.common.transport.server.ratis.ContainerStateMachine.takeSnapshot(ContainerStateMachine.java:284)
	at org.apache.ratis.server.impl.StateMachineUpdater.takeSnapshot(StateMachineUpdater.java:265)
	at org.apache.ratis.server.impl.StateMachineUpdater.checkAndTakeSnapshot(StateMachineUpdater.java:257)
	at org.apache.ratis.server.impl.StateMachineUpdater.run(StateMachineUpdater.java:183)
	at java.lang.Thread.run(Thread.java:748)
2021-08-04 01:15:49,742 [Command processor thread] INFO  server.RaftServer$Division (ServerState.java:close(419)) - ff759bcd-5af0-4000-a28c-396c4eee979e@group-B2EACA72A2EE: closes. applyIndex: 87
2021-08-04 01:15:49,743 [ff759bcd-5af0-4000-a28c-396c4eee979e@group-B2EACA72A2EE-SegmentedRaftLogWorker] INFO  segmented.SegmentedRaftLogWorker (SegmentedRaftLogWorker.java:run(327)) - ff759bcd-5af0-4000-a28c-396c4eee979e@group-B2EACA72A2EE-SegmentedRaftLogWorker was interrupted, exiting. There are 0 tasks remaining in the queue.
2021-08-04 01:15:49,743 [Command processor thread] INFO  segmented.SegmentedRaftLogWorker (SegmentedRaftLogWorker.java:close(237)) - ff759bcd-5af0-4000-a28c-396c4eee979e@group-B2EACA72A2EE-SegmentedRaftLogWorker close()
2021-08-04 01:15:49,744 [Command processor thread] INFO  keyvalue.KeyValueContainer (KeyValueContainer.java:flushAndSyncDB(397)) - Container 2 is synced with bcsId 48.
2021-08-04 01:15:49,744 [Command processor thread] INFO  keyvalue.KeyValueContainer (KeyValueContainer.java:flushAndSyncDB(397)) - Container 2 is synced with bcsId 48.
2021-08-04 01:15:49,745 [Datanode State Machine Thread - 0] WARN  statemachine.StateContext (StateContext.java:execute(621)) - No available thread in pool for past 1 seconds.
2021-08-04 01:15:49,746 [Command processor thread] INFO  keyvalue.KeyValueContainer (KeyValueContainer.java:flushAndSyncDB(397)) - Container 4 is synced with bcsId 60.
2021-08-04 01:15:49,746 [Command processor thread] INFO  keyvalue.KeyValueContainer (KeyValueContainer.java:flushAndSyncDB(397)) - Container 4 is synced with bcsId 60.
2021-08-04 01:15:49,748 [Command processor thread] INFO  server.RaftServer$Division (RaftServerImpl.java:groupRemove(377)) - ff759bcd-5af0-4000-a28c-396c4eee979e@group-B2EACA72A2EE: Succeed to remove RaftStorageDirectory Storage Directory /home/runner/work/ozone/ozone/mnt/ozone/hadoop-ozone/integration-test/target/test-dir/MiniOzoneClusterImpl-e5186c5f-1b64-46e6-9930-7a8733b94f9c/datanode-4/data/ratis/20d9769d-dae4-47c1-acd2-b2eaca72a2ee
2021-08-04 01:15:49,748 [Command processor thread] INFO  commandhandler.ClosePipelineCommandHandler (ClosePipelineCommandHandler.java:handle(75)) - Close Pipeline PipelineID=20d9769d-dae4-47c1-acd2-b2eaca72a2ee command on datanode ff759bcd-5af0-4000-a28c-396c4eee979e.
2021-08-04 01:15:49,748 [Command processor thread] WARN  server.RaftServer (RaftServerProxy.java:remove(101)) - ff759bcd-5af0-4000-a28c-396c4eee979e: does not contain group: group-B2EACA72A2EE
2021-08-04 01:15:49,748 [Command processor thread] ERROR commandhandler.ClosePipelineCommandHandler (ClosePipelineCommandHandler.java:handle(78)) - Can't close pipeline PipelineID=20d9769d-dae4-47c1-acd2-b2eaca72a2ee
java.io.IOException: ff759bcd-5af0-4000-a28c-396c4eee979e: Group group-B2EACA72A2EE not found.
	at org.apache.hadoop.ozone.container.common.transport.server.ratis.XceiverServerRatis.removeGroup(XceiverServerRatis.java:777)
	at org.apache.hadoop.ozone.container.common.statemachine.commandhandler.ClosePipelineCommandHandler.handle(ClosePipelineCommandHandler.java:74)
	at org.apache.hadoop.ozone.container.common.statemachine.commandhandler.CommandDispatcher.handle(CommandDispatcher.java:99)
	at org.apache.hadoop.ozone.container.common.statemachine.DatanodeStateMachine.lambda$initCommandHandlerThread$2(DatanodeStateMachine.java:555)
	at java.lang.Thread.run(Thread.java:748)
Caused by: org.apache.ratis.protocol.exceptions.GroupMismatchException: ff759bcd-5af0-4000-a28c-396c4eee979e: Group group-B2EACA72A2EE not found.
	at org.apache.ratis.server.impl.RaftServerProxy.groupRemoveAsync(RaftServerProxy.java:504)
	at org.apache.ratis.server.impl.RaftServerProxy.groupManagementAsync(RaftServerProxy.java:460)
	at org.apache.ratis.server.impl.RaftServerProxy.groupManagement(RaftServerProxy.java:440)
	at org.apache.hadoop.ozone.container.common.transport.server.ratis.XceiverServerRatis.removeGroup(XceiverServerRatis.java:775)
	... 4 more
2021-08-04 01:15:49,748 [Command processor thread] WARN  server.RaftServer (RaftServerProxy.java:remove(101)) - ff759bcd-5af0-4000-a28c-396c4eee979e: does not contain group: group-B2EACA72A2EE
2021-08-04 01:15:49,748 [Command processor thread] ERROR commandhandler.ClosePipelineCommandHandler (ClosePipelineCommandHandler.java:handle(78)) - Can't close pipeline PipelineID=20d9769d-dae4-47c1-acd2-b2eaca72a2ee
java.io.IOException: ff759bcd-5af0-4000-a28c-396c4eee979e: Group group-B2EACA72A2EE not found.
	at org.apache.hadoop.ozone.container.common.transport.server.ratis.XceiverServerRatis.removeGroup(XceiverServerRatis.java:777)
	at org.apache.hadoop.ozone.container.common.statemachine.commandhandler.ClosePipelineCommandHandler.handle(ClosePipelineCommandHandler.java:74)
	at org.apache.hadoop.ozone.container.common.statemachine.commandhandler.CommandDispatcher.handle(CommandDispatcher.java:99)
	at org.apache.hadoop.ozone.container.common.statemachine.DatanodeStateMachine.lambda$initCommandHandlerThread$2(DatanodeStateMachine.java:555)
	at java.lang.Thread.run(Thread.java:748)
Caused by: org.apache.ratis.protocol.exceptions.GroupMismatchException: ff759bcd-5af0-4000-a28c-396c4eee979e: Group group-B2EACA72A2EE not found.
	at org.apache.ratis.server.impl.RaftServerProxy.groupRemoveAsync(RaftServerProxy.java:504)
	at org.apache.ratis.server.impl.RaftServerProxy.groupManagementAsync(RaftServerProxy.java:460)
	at org.apache.ratis.server.impl.RaftServerProxy.groupManagement(RaftServerProxy.java:440)
	at org.apache.hadoop.ozone.container.common.transport.server.ratis.XceiverServerRatis.removeGroup(XceiverServerRatis.java:775)
	... 4 more
2021-08-04 01:15:49,748 [Command processor thread] WARN  server.RaftServer (RaftServerProxy.java:remove(101)) - ff759bcd-5af0-4000-a28c-396c4eee979e: does not contain group: group-B2EACA72A2EE
2021-08-04 01:15:49,748 [Command processor thread] ERROR commandhandler.ClosePipelineCommandHandler (ClosePipelineCommandHandler.java:handle(78)) - Can't close pipeline PipelineID=20d9769d-dae4-47c1-acd2-b2eaca72a2ee
java.io.IOException: ff759bcd-5af0-4000-a28c-396c4eee979e: Group group-B2EACA72A2EE not found.
	at org.apache.hadoop.ozone.container.common.transport.server.ratis.XceiverServerRatis.removeGroup(XceiverServerRatis.java:777)
	at org.apache.hadoop.ozone.container.common.statemachine.commandhandler.ClosePipelineCommandHandler.handle(ClosePipelineCommandHandler.java:74)
	at org.apache.hadoop.ozone.container.common.statemachine.commandhandler.CommandDispatcher.handle(CommandDispatcher.java:99)
	at org.apache.hadoop.ozone.container.common.statemachine.DatanodeStateMachine.lambda$initCommandHandlerThread$2(DatanodeStateMachine.java:555)
	at java.lang.Thread.run(Thread.java:748)
Caused by: org.apache.ratis.protocol.exceptions.GroupMismatchException: ff759bcd-5af0-4000-a28c-396c4eee979e: Group group-B2EACA72A2EE not found.
	at org.apache.ratis.server.impl.RaftServerProxy.groupRemoveAsync(RaftServerProxy.java:504)
	at org.apache.ratis.server.impl.RaftServerProxy.groupManagementAsync(RaftServerProxy.java:460)
	at org.apache.ratis.server.impl.RaftServerProxy.groupManagement(RaftServerProxy.java:440)
	at org.apache.hadoop.ozone.container.common.transport.server.ratis.XceiverServerRatis.removeGroup(XceiverServerRatis.java:775)
	... 4 more
2021-08-04 01:15:53,132 [330f39ad-452e-4d36-afea-f42f10da75a6@group-B2EACA72A2EE-LeaderStateImpl] WARN  server.RaftServer$Division (LeaderStateImpl.java:checkLeadership(944)) - 330f39ad-452e-4d36-afea-f42f10da75a6@group-B2EACA72A2EE-LeaderStateImpl: Lost leadership on term: 1. Election timeout: 5200ms. In charge for: 37438ms. Conf: 0: [bec42fdf-bcea-489b-ba0a-157c670b1e12|rpc:10.1.0.49:35701|dataStream:|priority:0, 330f39ad-452e-4d36-afea-f42f10da75a6|rpc:10.1.0.49:40811|dataStream:|priority:1, ff759bcd-5af0-4000-a28c-396c4eee979e|rpc:10.1.0.49:35933|dataStream:|priority:0], old=null
2021-08-04 01:15:53,133 [330f39ad-452e-4d36-afea-f42f10da75a6@group-B2EACA72A2EE-LeaderStateImpl] WARN  server.RaftServer$Division (LeaderStateImpl.java:lambda$checkLeadership$15(948)) - Follower 330f39ad-452e-4d36-afea-f42f10da75a6@group-B2EACA72A2EE->bec42fdf-bcea-489b-ba0a-157c670b1e12(c87,m87,n93, attendVote=true, lastRpcSendTime=1893, lastRpcResponseTime=5399)
2021-08-04 01:15:53,133 [330f39ad-452e-4d36-afea-f42f10da75a6@group-B2EACA72A2EE-LeaderStateImpl] WARN  server.RaftServer$Division (LeaderStateImpl.java:lambda$checkLeadership$15(948)) - Follower 330f39ad-452e-4d36-afea-f42f10da75a6@group-B2EACA72A2EE->ff759bcd-5af0-4000-a28c-396c4eee979e(c87,m87,n93, attendVote=true, lastRpcSendTime=1893, lastRpcResponseTime=5399)
2021-08-04 01:15:53,133 [330f39ad-452e-4d36-afea-f42f10da75a6@group-B2EACA72A2EE-LeaderStateImpl] INFO  server.RaftServer$Division (RaftServerImpl.java:setRole(285)) - 330f39ad-452e-4d36-afea-f42f10da75a6@group-B2EACA72A2EE: changes role from    LEADER to FOLLOWER at term 1 for StepDownReason:LOST_MAJORITY_HEARTBEATS
2021-08-04 01:15:53,133 [330f39ad-452e-4d36-afea-f42f10da75a6@group-B2EACA72A2EE-LeaderStateImpl] INFO  impl.RoleInfo (RoleInfo.java:shutdownLeaderState(91)) - 330f39ad-452e-4d36-afea-f42f10da75a6: shutdown 330f39ad-452e-4d36-afea-f42f10da75a6@group-B2EACA72A2EE-LeaderStateImpl
2021-08-04 01:15:53,133 [330f39ad-452e-4d36-afea-f42f10da75a6@group-B2EACA72A2EE->bec42fdf-bcea-489b-ba0a-157c670b1e12-GrpcLogAppender-LogAppenderDaemon] WARN  server.GrpcLogAppender (GrpcLogAppender.java:mayWait(175)) - 330f39ad-452e-4d36-afea-f42f10da75a6@group-B2EACA72A2EE->bec42fdf-bcea-489b-ba0a-157c670b1e12-GrpcLogAppender: Wait interrupted by java.lang.InterruptedException
2021-08-04 01:15:53,133 [330f39ad-452e-4d36-afea-f42f10da75a6@group-B2EACA72A2EE-LeaderStateImpl] INFO  impl.PendingRequests (PendingRequests.java:sendNotLeaderResponses(249)) - 330f39ad-452e-4d36-afea-f42f10da75a6@group-B2EACA72A2EE-PendingRequests: sendNotLeaderResponses
2021-08-04 01:15:53,134 [grpc-default-executor-2] INFO  server.GrpcServerProtocolService (GrpcServerProtocolService.java:onCompleted(140)) - bec42fdf-bcea-489b-ba0a-157c670b1e12: Completed APPEND_ENTRIES, lastRequest: 330f39ad-452e-4d36-afea-f42f10da75a6->bec42fdf-bcea-489b-ba0a-157c670b1e12#2068-t1,previous=(t:1, i:91),leaderCommit=87,initializing? true,entries: size=1, first=(t:1, i:92), STATEMACHINELOGENTRY, 102@client-338A19302CCF
2021-08-04 01:15:53,134 [330f39ad-452e-4d36-afea-f42f10da75a6@group-B2EACA72A2EE->ff759bcd-5af0-4000-a28c-396c4eee979e-GrpcLogAppender-LogAppenderDaemon] WARN  server.GrpcLogAppender (GrpcLogAppender.java:mayWait(175)) - 330f39ad-452e-4d36-afea-f42f10da75a6@group-B2EACA72A2EE->ff759bcd-5af0-4000-a28c-396c4eee979e-GrpcLogAppender: Wait interrupted by java.lang.InterruptedException
2021-08-04 01:15:53,135 [grpc-default-executor-4] INFO  server.GrpcLogAppender (GrpcLogAppender.java:onCompleted(344)) - 330f39ad-452e-4d36-afea-f42f10da75a6@group-B2EACA72A2EE->bec42fdf-bcea-489b-ba0a-157c670b1e12-AppendLogResponseHandler: follower responses appendEntries COMPLETED
2021-08-04 01:15:53,135 [grpc-default-executor-4] INFO  leader.FollowerInfo (FollowerInfoImpl.java:lambda$new$0(46)) - 330f39ad-452e-4d36-afea-f42f10da75a6@group-B2EACA72A2EE->bec42fdf-bcea-489b-ba0a-157c670b1e12: nextIndex: updateUnconditionally 93 -> 88
2021-08-04 01:15:53,135 [grpc-default-executor-2] INFO  server.GrpcServerProtocolService (GrpcServerProtocolService.java:onCompleted(140)) - ff759bcd-5af0-4000-a28c-396c4eee979e: Completed APPEND_ENTRIES, lastRequest: 330f39ad-452e-4d36-afea-f42f10da75a6->ff759bcd-5af0-4000-a28c-396c4eee979e#2078-t1,previous=(t:1, i:91),leaderCommit=87,initializing? true,entries: size=1, first=(t:1, i:92), STATEMACHINELOGENTRY, 102@client-338A19302CCF
2021-08-04 01:15:53,135 [grpc-default-executor-4] INFO  server.GrpcLogAppender (GrpcLogAppender.java:onCompleted(344)) - 330f39ad-452e-4d36-afea-f42f10da75a6@group-B2EACA72A2EE->ff759bcd-5af0-4000-a28c-396c4eee979e-AppendLogResponseHandler: follower responses appendEntries COMPLETED
2021-08-04 01:15:53,136 [grpc-default-executor-4] INFO  leader.FollowerInfo (FollowerInfoImpl.java:lambda$new$0(46)) - 330f39ad-452e-4d36-afea-f42f10da75a6@group-B2EACA72A2EE->ff759bcd-5af0-4000-a28c-396c4eee979e: nextIndex: updateUnconditionally 93 -> 88
2021-08-04 01:15:53,139 [330f39ad-452e-4d36-afea-f42f10da75a6@group-B2EACA72A2EE-LeaderStateImpl] INFO  impl.RoleInfo (RoleInfo.java:updateAndGet(130)) - 330f39ad-452e-4d36-afea-f42f10da75a6: start 330f39ad-452e-4d36-afea-f42f10da75a6@group-B2EACA72A2EE-FollowerState
2021-08-04 01:15:53,143 [Datanode State Machine Thread - 0] WARN  statemachine.StateContext (StateContext.java:execute(621)) - No available thread in pool for past 1 seconds.
2021-08-04 01:15:53,143 [Command processor thread] ERROR commandhandler.CloseContainerCommandHandler (CloseContainerCommandHandler.java:handle(85)) - Container #18 does not exist in datanode. Container close failed.
2021-08-04 01:15:53,143 [Command processor thread] INFO  server.RaftServer (RaftServerProxy.java:remove(106)) - 330f39ad-452e-4d36-afea-f42f10da75a6: remove  FOLLOWER 330f39ad-452e-4d36-afea-f42f10da75a6@group-B2EACA72A2EE:t1, leader=330f39ad-452e-4d36-afea-f42f10da75a6, voted=330f39ad-452e-4d36-afea-f42f10da75a6, raftlog=330f39ad-452e-4d36-afea-f42f10da75a6@group-B2EACA72A2EE-SegmentedRaftLog:OPENED:c87,f87,i92, conf=0: [bec42fdf-bcea-489b-ba0a-157c670b1e12|rpc:10.1.0.49:35701|dataStream:|priority:0, 330f39ad-452e-4d36-afea-f42f10da75a6|rpc:10.1.0.49:40811|dataStream:|priority:1, ff759bcd-5af0-4000-a28c-396c4eee979e|rpc:10.1.0.49:35933|dataStream:|priority:0], old=null RUNNING
2021-08-04 01:15:53,143 [Command processor thread] INFO  server.RaftServer$Division (RaftServerImpl.java:lambda$close$4(407)) - 330f39ad-452e-4d36-afea-f42f10da75a6@group-B2EACA72A2EE: shutdown
2021-08-04 01:15:53,143 [Command processor thread] INFO  util.JmxRegister (JmxRegister.java:unregister(73)) - Successfully un-registered JMX Bean with object name Ratis:service=RaftServer,group=group-B2EACA72A2EE,id=330f39ad-452e-4d36-afea-f42f10da75a6
2021-08-04 01:15:53,143 [Command processor thread] INFO  impl.RoleInfo (RoleInfo.java:shutdownFollowerState(108)) - 330f39ad-452e-4d36-afea-f42f10da75a6: shutdown 330f39ad-452e-4d36-afea-f42f10da75a6@group-B2EACA72A2EE-FollowerState
2021-08-04 01:15:53,143 [Command processor thread] INFO  impl.StateMachineUpdater (StateMachineUpdater.java:stopAndJoin(149)) - 330f39ad-452e-4d36-afea-f42f10da75a6@group-B2EACA72A2EE-StateMachineUpdater: set stopIndex = 87
2021-08-04 01:15:53,143 [330f39ad-452e-4d36-afea-f42f10da75a6@group-B2EACA72A2EE-StateMachineUpdater] ERROR ratis.ContainerStateMachine (ContainerStateMachine.java:takeSnapshot(285)) - Failed to take snapshot  for group-B2EACA72A2EE as the stateMachine is unhealthy. The last applied index is at (t:1, i:87)
2021-08-04 01:15:53,143 [330f39ad-452e-4d36-afea-f42f10da75a6@group-B2EACA72A2EE-StateMachineUpdater] ERROR impl.StateMachineUpdater (StateMachineUpdater.java:takeSnapshot(276)) - 330f39ad-452e-4d36-afea-f42f10da75a6@group-B2EACA72A2EE-StateMachineUpdater: Failed to take snapshot
org.apache.ratis.protocol.exceptions.StateMachineException: Failed to take snapshot  for group-B2EACA72A2EE as the stateMachine is unhealthy. The last applied index is at (t:1, i:87)
	at org.apache.hadoop.ozone.container.common.transport.server.ratis.ContainerStateMachine.takeSnapshot(ContainerStateMachine.java:284)
	at org.apache.ratis.server.impl.StateMachineUpdater.takeSnapshot(StateMachineUpdater.java:265)
	at org.apache.ratis.server.impl.StateMachineUpdater.checkAndTakeSnapshot(StateMachineUpdater.java:257)
	at org.apache.ratis.server.impl.StateMachineUpdater.run(StateMachineUpdater.java:180)
	at java.lang.Thread.run(Thread.java:748)
2021-08-04 01:15:53,144 [330f39ad-452e-4d36-afea-f42f10da75a6@group-B2EACA72A2EE-StateMachineUpdater] ERROR ratis.ContainerStateMachine (ContainerStateMachine.java:takeSnapshot(285)) - Failed to take snapshot  for group-B2EACA72A2EE as the stateMachine is unhealthy. The last applied index is at (t:1, i:87)
2021-08-04 01:15:53,144 [330f39ad-452e-4d36-afea-f42f10da75a6@group-B2EACA72A2EE-StateMachineUpdater] ERROR impl.StateMachineUpdater (StateMachineUpdater.java:takeSnapshot(276)) - 330f39ad-452e-4d36-afea-f42f10da75a6@group-B2EACA72A2EE-StateMachineUpdater: Failed to take snapshot
org.apache.ratis.protocol.exceptions.StateMachineException: Failed to take snapshot  for group-B2EACA72A2EE as the stateMachine is unhealthy. The last applied index is at (t:1, i:87)
	at org.apache.hadoop.ozone.container.common.transport.server.ratis.ContainerStateMachine.takeSnapshot(ContainerStateMachine.java:284)
	at org.apache.ratis.server.impl.StateMachineUpdater.takeSnapshot(StateMachineUpdater.java:265)
	at org.apache.ratis.server.impl.StateMachineUpdater.checkAndTakeSnapshot(StateMachineUpdater.java:257)
	at org.apache.ratis.server.impl.StateMachineUpdater.run(StateMachineUpdater.java:183)
	at java.lang.Thread.run(Thread.java:748)
2021-08-04 01:15:53,144 [Command processor thread] INFO  server.RaftServer$Division (ServerState.java:close(419)) - 330f39ad-452e-4d36-afea-f42f10da75a6@group-B2EACA72A2EE: closes. applyIndex: 87
2021-08-04 01:15:53,144 [330f39ad-452e-4d36-afea-f42f10da75a6@group-B2EACA72A2EE-SegmentedRaftLogWorker] INFO  segmented.SegmentedRaftLogWorker (SegmentedRaftLogWorker.java:run(327)) - 330f39ad-452e-4d36-afea-f42f10da75a6@group-B2EACA72A2EE-SegmentedRaftLogWorker was interrupted, exiting. There are 0 tasks remaining in the queue.
2021-08-04 01:15:53,144 [Command processor thread] INFO  segmented.SegmentedRaftLogWorker (SegmentedRaftLogWorker.java:close(237)) - 330f39ad-452e-4d36-afea-f42f10da75a6@group-B2EACA72A2EE-SegmentedRaftLogWorker close()
2021-08-04 01:15:53,147 [330f39ad-452e-4d36-afea-f42f10da75a6@group-B2EACA72A2EE-FollowerState] INFO  impl.FollowerState (FollowerState.java:run(143)) - 330f39ad-452e-4d36-afea-f42f10da75a6@group-B2EACA72A2EE-FollowerState was interrupted: {}
java.lang.InterruptedException: sleep interrupted
	at java.lang.Thread.sleep(Native Method)
	at java.lang.Thread.sleep(Thread.java:340)
	at java.util.concurrent.TimeUnit.sleep(TimeUnit.java:386)
	at org.apache.ratis.util.TimeDuration.sleep(TimeDuration.java:324)
	at org.apache.ratis.util.TimeDuration.sleep(TimeDuration.java:309)
	at org.apache.ratis.server.impl.FollowerState.run(FollowerState.java:118)
2021-08-04 01:15:53,148 [Command processor thread] INFO  keyvalue.KeyValueContainer (KeyValueContainer.java:flushAndSyncDB(397)) - Container 2 is synced with bcsId 48.
2021-08-04 01:15:53,148 [Command processor thread] INFO  keyvalue.KeyValueContainer (KeyValueContainer.java:flushAndSyncDB(397)) - Container 2 is synced with bcsId 48.
2021-08-04 01:15:53,150 [Command processor thread] INFO  keyvalue.KeyValueContainer (KeyValueContainer.java:flushAndSyncDB(397)) - Container 4 is synced with bcsId 60.
2021-08-04 01:15:53,150 [Command processor thread] INFO  keyvalue.KeyValueContainer (KeyValueContainer.java:flushAndSyncDB(397)) - Container 4 is synced with bcsId 60.
2021-08-04 01:15:53,158 [Datanode State Machine Thread - 0] WARN  statemachine.StateContext (StateContext.java:execute(621)) - No available thread in pool for past 1 seconds.
2021-08-04 01:15:53,158 [Command processor thread] INFO  server.RaftServer$Division (RaftServerImpl.java:groupRemove(377)) - 330f39ad-452e-4d36-afea-f42f10da75a6@group-B2EACA72A2EE: Succeed to remove RaftStorageDirectory Storage Directory /home/runner/work/ozone/ozone/mnt/ozone/hadoop-ozone/integration-test/target/test-dir/MiniOzoneClusterImpl-e5186c5f-1b64-46e6-9930-7a8733b94f9c/datanode-3/data/ratis/20d9769d-dae4-47c1-acd2-b2eaca72a2ee
2021-08-04 01:15:53,158 [Command processor thread] INFO  commandhandler.ClosePipelineCommandHandler (ClosePipelineCommandHandler.java:handle(75)) - Close Pipeline PipelineID=20d9769d-dae4-47c1-acd2-b2eaca72a2ee command on datanode 330f39ad-452e-4d36-afea-f42f10da75a6.
2021-08-04 01:15:53,158 [Command processor thread] WARN  server.RaftServer (RaftServerProxy.java:remove(101)) - 330f39ad-452e-4d36-afea-f42f10da75a6: does not contain group: group-B2EACA72A2EE
2021-08-04 01:15:53,159 [Command processor thread] ERROR commandhandler.ClosePipelineCommandHandler (ClosePipelineCommandHandler.java:handle(78)) - Can't close pipeline PipelineID=20d9769d-dae4-47c1-acd2-b2eaca72a2ee
java.io.IOException: 330f39ad-452e-4d36-afea-f42f10da75a6: Group group-B2EACA72A2EE not found.
	at org.apache.hadoop.ozone.container.common.transport.server.ratis.XceiverServerRatis.removeGroup(XceiverServerRatis.java:777)
	at org.apache.hadoop.ozone.container.common.statemachine.commandhandler.ClosePipelineCommandHandler.handle(ClosePipelineCommandHandler.java:74)
	at org.apache.hadoop.ozone.container.common.statemachine.commandhandler.CommandDispatcher.handle(CommandDispatcher.java:99)
	at org.apache.hadoop.ozone.container.common.statemachine.DatanodeStateMachine.lambda$initCommandHandlerThread$2(DatanodeStateMachine.java:555)
	at java.lang.Thread.run(Thread.java:748)
Caused by: org.apache.ratis.protocol.exceptions.GroupMismatchException: 330f39ad-452e-4d36-afea-f42f10da75a6: Group group-B2EACA72A2EE not found.
	at org.apache.ratis.server.impl.RaftServerProxy.groupRemoveAsync(RaftServerProxy.java:504)
	at org.apache.ratis.server.impl.RaftServerProxy.groupManagementAsync(RaftServerProxy.java:460)
	at org.apache.ratis.server.impl.RaftServerProxy.groupManagement(RaftServerProxy.java:440)
	at org.apache.hadoop.ozone.container.common.transport.server.ratis.XceiverServerRatis.removeGroup(XceiverServerRatis.java:775)
	... 4 more
2021-08-04 01:15:53,159 [Command processor thread] WARN  server.RaftServer (RaftServerProxy.java:remove(101)) - 330f39ad-452e-4d36-afea-f42f10da75a6: does not contain group: group-B2EACA72A2EE
2021-08-04 01:15:53,159 [Command processor thread] ERROR commandhandler.ClosePipelineCommandHandler (ClosePipelineCommandHandler.java:handle(78)) - Can't close pipeline PipelineID=20d9769d-dae4-47c1-acd2-b2eaca72a2ee
java.io.IOException: 330f39ad-452e-4d36-afea-f42f10da75a6: Group group-B2EACA72A2EE not found.
	at org.apache.hadoop.ozone.container.common.transport.server.ratis.XceiverServerRatis.removeGroup(XceiverServerRatis.java:777)
	at org.apache.hadoop.ozone.container.common.statemachine.commandhandler.ClosePipelineCommandHandler.handle(ClosePipelineCommandHandler.java:74)
	at org.apache.hadoop.ozone.container.common.statemachine.commandhandler.CommandDispatcher.handle(CommandDispatcher.java:99)
	at org.apache.hadoop.ozone.container.common.statemachine.DatanodeStateMachine.lambda$initCommandHandlerThread$2(DatanodeStateMachine.java:555)
	at java.lang.Thread.run(Thread.java:748)
Caused by: org.apache.ratis.protocol.exceptions.GroupMismatchException: 330f39ad-452e-4d36-afea-f42f10da75a6: Group group-B2EACA72A2EE not found.
	at org.apache.ratis.server.impl.RaftServerProxy.groupRemoveAsync(RaftServerProxy.java:504)
	at org.apache.ratis.server.impl.RaftServerProxy.groupManagementAsync(RaftServerProxy.java:460)
	at org.apache.ratis.server.impl.RaftServerProxy.groupManagement(RaftServerProxy.java:440)
	at org.apache.hadoop.ozone.container.common.transport.server.ratis.XceiverServerRatis.removeGroup(XceiverServerRatis.java:775)
	... 4 more
2021-08-04 01:15:57,125 [Time-limited test] WARN  io.KeyOutputStream (KeyOutputStream.java:handleException(318)) - Encountered exception java.io.IOException: Unexpected Storage Container Exception: java.util.concurrent.CompletionException: Failed to write chunk 107544261427200022_chunk_1 into block conID: 18 locID: 107544261427200022 bcsId: 0 on the pipeline Pipeline[ Id: 20d9769d-dae4-47c1-acd2-b2eaca72a2ee, Nodes: bec42fdf-bcea-489b-ba0a-157c670b1e12{ip: 10.1.0.49, host: fv-az59-81.csjynl4pkq3e1pkirw3ssqjfoh.cx.internal.cloudapp.net, ports: [REPLICATION=36091, RATIS=35701, RATIS_ADMIN=35701, RATIS_SERVER=35701, STANDALONE=36541], networkLocation: /default-rack, certSerialId: null, persistedOpState: IN_SERVICE, persistedOpStateExpiryEpochSec: 0}ff759bcd-5af0-4000-a28c-396c4eee979e{ip: 10.1.0.49, host: fv-az59-81.csjynl4pkq3e1pkirw3ssqjfoh.cx.internal.cloudapp.net, ports: [REPLICATION=41041, RATIS=35933, RATIS_ADMIN=35933, RATIS_SERVER=35933, STANDALONE=45077], networkLocation: /default-rack, certSerialId: null, persistedOpState: IN_SERVICE, persistedOpStateExpiryEpochSec: 0}330f39ad-452e-4d36-afea-f42f10da75a6{ip: 10.1.0.49, host: fv-az59-81.csjynl4pkq3e1pkirw3ssqjfoh.cx.internal.cloudapp.net, ports: [REPLICATION=44421, RATIS=40811, RATIS_ADMIN=40811, RATIS_SERVER=40811, STANDALONE=34569], networkLocation: /default-rack, certSerialId: null, persistedOpState: IN_SERVICE, persistedOpStateExpiryEpochSec: 0}, ReplicationConfig: RATIS/THREE, State:OPEN, leaderId:330f39ad-452e-4d36-afea-f42f10da75a6, CreationTimestamp2021-08-04T01:15:07.981Z[Etc/UTC]]. The last committed block length is 0, uncommitted data length is 2097152 retry count 1
2021-08-04 01:15:57,127 [IPC Server handler 3 on default port 43083] INFO  pipeline.RatisPipelineProvider (RatisPipelineProvider.java:lambda$create$0(183)) - Sending CreatePipelineCommand for pipeline:PipelineID=15c6eabd-df23-453a-a7ae-c16a233f4b74 to datanode:ed1bec8e-0ca2-4b71-b1fc-16a76d95b664
2021-08-04 01:15:57,127 [IPC Server handler 3 on default port 43083] INFO  pipeline.RatisPipelineProvider (RatisPipelineProvider.java:lambda$create$0(183)) - Sending CreatePipelineCommand for pipeline:PipelineID=15c6eabd-df23-453a-a7ae-c16a233f4b74 to datanode:0d029702-8202-42d6-8df9-3bfc59f4c9fe
2021-08-04 01:15:57,127 [IPC Server handler 3 on default port 43083] INFO  pipeline.RatisPipelineProvider (RatisPipelineProvider.java:lambda$create$0(183)) - Sending CreatePipelineCommand for pipeline:PipelineID=15c6eabd-df23-453a-a7ae-c16a233f4b74 to datanode:330f39ad-452e-4d36-afea-f42f10da75a6
2021-08-04 01:15:57,128 [IPC Server handler 3 on default port 43083] INFO  pipeline.PipelineStateManager (PipelineStateManagerV2Impl.java:addPipeline(101)) - Created pipeline Pipeline[ Id: 15c6eabd-df23-453a-a7ae-c16a233f4b74, Nodes: ed1bec8e-0ca2-4b71-b1fc-16a76d95b664{ip: 10.1.0.49, host: fv-az59-81.csjynl4pkq3e1pkirw3ssqjfoh.cx.internal.cloudapp.net, ports: [REPLICATION=46177, RATIS=36883, RATIS_ADMIN=36883, RATIS_SERVER=36883, STANDALONE=34587], networkLocation: /default-rack, certSerialId: null, persistedOpState: IN_SERVICE, persistedOpStateExpiryEpochSec: 0}0d029702-8202-42d6-8df9-3bfc59f4c9fe{ip: 10.1.0.49, host: fv-az59-81.csjynl4pkq3e1pkirw3ssqjfoh.cx.internal.cloudapp.net, ports: [REPLICATION=33067, RATIS=46551, RATIS_ADMIN=46551, RATIS_SERVER=46551, STANDALONE=43191], networkLocation: /default-rack, certSerialId: null, persistedOpState: IN_SERVICE, persistedOpStateExpiryEpochSec: 0}330f39ad-452e-4d36-afea-f42f10da75a6{ip: 10.1.0.49, host: fv-az59-81.csjynl4pkq3e1pkirw3ssqjfoh.cx.internal.cloudapp.net, ports: [REPLICATION=44421, RATIS=40811, RATIS_ADMIN=40811, RATIS_SERVER=40811, STANDALONE=34569], networkLocation: /default-rack, certSerialId: null, persistedOpState: IN_SERVICE, persistedOpStateExpiryEpochSec: 0}, ReplicationConfig: RATIS/THREE, State:ALLOCATED, leaderId:, CreationTimestamp2021-08-04T01:15:57.127Z[Etc/UTC]].
2021-08-04 01:15:59,097 [Command processor thread] INFO  server.RaftServer (RaftServerProxy.java:addNew(95)) - 0d029702-8202-42d6-8df9-3bfc59f4c9fe: addNew group-C16A233F4B74:[0d029702-8202-42d6-8df9-3bfc59f4c9fe|rpc:10.1.0.49:46551|priority:0, ed1bec8e-0ca2-4b71-b1fc-16a76d95b664|rpc:10.1.0.49:36883|priority:0, 330f39ad-452e-4d36-afea-f42f10da75a6|rpc:10.1.0.49:40811|priority:1] returns group-C16A233F4B74:java.util.concurrent.CompletableFuture@7dd07546[Not completed]
2021-08-04 01:15:59,098 [pool-54-thread-1] INFO  server.RaftServer$Division (RaftServerImpl.java:<init>(181)) - 0d029702-8202-42d6-8df9-3bfc59f4c9fe: new RaftServerImpl for group-C16A233F4B74:[0d029702-8202-42d6-8df9-3bfc59f4c9fe|rpc:10.1.0.49:46551|priority:0, ed1bec8e-0ca2-4b71-b1fc-16a76d95b664|rpc:10.1.0.49:36883|priority:0, 330f39ad-452e-4d36-afea-f42f10da75a6|rpc:10.1.0.49:40811|priority:1] with ContainerStateMachine:uninitialized
2021-08-04 01:15:59,098 [pool-54-thread-1] INFO  server.RaftServerConfigKeys (ConfUtils.java:logGet(44)) - raft.server.rpc.timeout.min = 5s (custom)
2021-08-04 01:15:59,098 [pool-54-thread-1] INFO  server.RaftServerConfigKeys (ConfUtils.java:logGet(44)) - raft.server.rpc.timeout.max = 5200ms (custom)
2021-08-04 01:15:59,098 [pool-54-thread-1] INFO  server.RaftServerConfigKeys (ConfUtils.java:logGet(44)) - raft.server.rpc.sleep.time = 25ms (default)
2021-08-04 01:15:59,098 [pool-54-thread-1] INFO  server.RaftServerConfigKeys (ConfUtils.java:logGet(44)) - raft.server.rpc.slowness.timeout = 300s (custom)
2021-08-04 01:15:59,098 [pool-54-thread-1] INFO  server.RaftServerConfigKeys (ConfUtils.java:logGet(44)) - raft.server.leaderelection.leader.step-down.wait-time = 10s (default)
2021-08-04 01:15:59,098 [pool-54-thread-1] INFO  server.RaftServerConfigKeys (ConfUtils.java:logGet(44)) - raft.server.sleep.deviation.threshold = 300ms (default)
2021-08-04 01:15:59,098 [pool-54-thread-1] INFO  server.RaftServerConfigKeys (ConfUtils.java:logGet(44)) - raft.server.log.appender.install.snapshot.enabled = false (custom)
2021-08-04 01:15:59,098 [pool-54-thread-1] INFO  server.RaftServer$Division (ServerState.java:<init>(105)) - 0d029702-8202-42d6-8df9-3bfc59f4c9fe@group-C16A233F4B74: ConfigurationManager, init=-1: [0d029702-8202-42d6-8df9-3bfc59f4c9fe|rpc:10.1.0.49:46551|priority:0, ed1bec8e-0ca2-4b71-b1fc-16a76d95b664|rpc:10.1.0.49:36883|priority:0, 330f39ad-452e-4d36-afea-f42f10da75a6|rpc:10.1.0.49:40811|priority:1], old=null, confs=<EMPTY_MAP>
2021-08-04 01:15:59,098 [pool-54-thread-1] INFO  server.RaftServerConfigKeys (ConfUtils.java:logGet(44)) - raft.server.storage.dir = [/home/runner/work/ozone/ozone/mnt/ozone/hadoop-ozone/integration-test/target/test-dir/MiniOzoneClusterImpl-e5186c5f-1b64-46e6-9930-7a8733b94f9c/datanode-0/data/ratis] (custom)
2021-08-04 01:15:59,099 [pool-54-thread-1] INFO  server.RaftServerConfigKeys (ConfUtils.java:logGet(44)) - raft.server.log.corruption.policy = EXCEPTION (default)
2021-08-04 01:15:59,099 [pool-54-thread-1] INFO  server.RaftServerConfigKeys (ConfUtils.java:logGet(44)) - raft.server.storage.free-space.min = 0MB (=0) (default)
2021-08-04 01:15:59,099 [pool-54-thread-1] INFO  storage.RaftStorageDirectory (RaftStorageDirectoryImpl.java:analyzeStorage(135)) - The storage directory /home/runner/work/ozone/ozone/mnt/ozone/hadoop-ozone/integration-test/target/test-dir/MiniOzoneClusterImpl-e5186c5f-1b64-46e6-9930-7a8733b94f9c/datanode-0/data/ratis/15c6eabd-df23-453a-a7ae-c16a233f4b74 does not exist. Creating ...
2021-08-04 01:15:59,100 [pool-54-thread-1] INFO  storage.RaftStorageDirectory (RaftStorageDirectoryImpl.java:tryLock(230)) - Lock on /home/runner/work/ozone/ozone/mnt/ozone/hadoop-ozone/integration-test/target/test-dir/MiniOzoneClusterImpl-e5186c5f-1b64-46e6-9930-7a8733b94f9c/datanode-0/data/ratis/15c6eabd-df23-453a-a7ae-c16a233f4b74/in_use.lock acquired by nodename 4744@fv-az59-81
2021-08-04 01:15:59,102 [pool-54-thread-1] INFO  storage.RaftStorage (RaftStorageImpl.java:format(89)) - Storage directory /home/runner/work/ozone/ozone/mnt/ozone/hadoop-ozone/integration-test/target/test-dir/MiniOzoneClusterImpl-e5186c5f-1b64-46e6-9930-7a8733b94f9c/datanode-0/data/ratis/15c6eabd-df23-453a-a7ae-c16a233f4b74 has been successfully formatted.
2021-08-04 01:15:59,102 [pool-54-thread-1] INFO  ratis.ContainerStateMachine (ContainerStateMachine.java:loadSnapshot(223)) - group-C16A233F4B74: The snapshot info is null. Setting the last applied indexto:(t:0, i:~)
2021-08-04 01:15:59,103 [pool-54-thread-1] INFO  server.RaftServerConfigKeys (ConfUtils.java:logGet(44)) - raft.server.notification.no-leader.timeout = 300s (custom)
2021-08-04 01:15:59,103 [pool-54-thread-1] INFO  server.RaftServerConfigKeys (ConfUtils.java:logGet(44)) - raft.server.log.use.memory = false (default)
2021-08-04 01:15:59,103 [pool-54-thread-1] INFO  server.RaftServerConfigKeys (ConfUtils.java:logGet(44)) - raft.server.log.purge.gap = 1000000 (custom)
2021-08-04 01:15:59,103 [pool-54-thread-1] INFO  server.RaftServerConfigKeys (ConfUtils.java:logGet(44)) - raft.server.log.appender.buffer.byte-limit = 33554432 (custom)
2021-08-04 01:15:59,103 [pool-54-thread-1] INFO  server.RaftServerConfigKeys (ConfUtils.java:logGet(44)) - raft.server.log.segment.size.max = 1048576 (custom)
2021-08-04 01:15:59,103 [pool-54-thread-1] INFO  server.RaftServerConfigKeys (ConfUtils.java:logGet(44)) - raft.server.log.segment.cache.num.max = 2 (custom)
2021-08-04 01:15:59,103 [pool-54-thread-1] INFO  server.RaftServerConfigKeys (ConfUtils.java:logGet(44)) - raft.server.log.segment.cache.size.max = 200MB (=209715200) (default)
2021-08-04 01:15:59,103 [pool-54-thread-1] INFO  segmented.SegmentedRaftLogWorker (SegmentedRaftLogWorker.java:<init>(182)) - new 0d029702-8202-42d6-8df9-3bfc59f4c9fe@group-C16A233F4B74-SegmentedRaftLogWorker for RaftStorageImpl:Storage Directory /home/runner/work/ozone/ozone/mnt/ozone/hadoop-ozone/integration-test/target/test-dir/MiniOzoneClusterImpl-e5186c5f-1b64-46e6-9930-7a8733b94f9c/datanode-0/data/ratis/15c6eabd-df23-453a-a7ae-c16a233f4b74
2021-08-04 01:15:59,103 [pool-54-thread-1] INFO  server.RaftServerConfigKeys (ConfUtils.java:logGet(44)) - raft.server.log.queue.byte-limit = 2147483647 (custom)
2021-08-04 01:15:59,103 [pool-54-thread-1] INFO  server.RaftServerConfigKeys (ConfUtils.java:logGet(44)) - raft.server.log.queue.element-limit = 1024 (custom)
2021-08-04 01:15:59,103 [pool-54-thread-1] INFO  server.RaftServerConfigKeys (ConfUtils.java:logGet(44)) - raft.server.log.segment.size.max = 1048576 (custom)
2021-08-04 01:15:59,103 [pool-54-thread-1] INFO  server.RaftServerConfigKeys (ConfUtils.java:logGet(44)) - raft.server.log.preallocated.size = 16384 (custom)
2021-08-04 01:15:59,103 [pool-54-thread-1] INFO  server.RaftServerConfigKeys (ConfUtils.java:logGet(44)) - raft.server.log.force.sync.num = 128 (default)
2021-08-04 01:15:59,104 [pool-54-thread-1] INFO  server.RaftServerConfigKeys (ConfUtils.java:logGet(44)) - raft.server.log.statemachine.data.sync = true (default)
2021-08-04 01:15:59,104 [pool-54-thread-1] INFO  server.RaftServerConfigKeys (ConfUtils.java:logGet(44)) - raft.server.log.statemachine.data.sync.timeout = 10s (default)
2021-08-04 01:15:59,104 [pool-54-thread-1] INFO  server.RaftServerConfigKeys (ConfUtils.java:logGet(44)) - raft.server.log.statemachine.data.sync.timeout.retry = -1 (default)
2021-08-04 01:15:59,104 [pool-54-thread-1] INFO  server.RaftServerConfigKeys (ConfUtils.java:logGet(44)) - raft.server.log.write.buffer.size = 1048576 (custom)
2021-08-04 01:15:59,105 [pool-54-thread-1] INFO  server.RaftServerConfigKeys (ConfUtils.java:logGet(44)) - raft.server.log.statemachine.data.caching.enabled = true (custom)
2021-08-04 01:15:59,105 [pool-54-thread-1] INFO  segmented.SegmentedRaftLogWorker (SegmentedRaftLogWorker.java:lambda$new$0(133)) - 0d029702-8202-42d6-8df9-3bfc59f4c9fe@group-C16A233F4B74-SegmentedRaftLogWorker: flushIndex: setUnconditionally 0 -> -1
2021-08-04 01:15:59,105 [pool-54-thread-1] INFO  segmented.SegmentedRaftLogWorker (SegmentedRaftLogWorker.java:lambda$new$0(133)) - 0d029702-8202-42d6-8df9-3bfc59f4c9fe@group-C16A233F4B74-SegmentedRaftLogWorker: safeCacheEvictIndex: setUnconditionally 0 -> -1
2021-08-04 01:15:59,105 [pool-54-thread-1] INFO  server.RaftServerConfigKeys (ConfUtils.java:logGet(44)) - raft.server.snapshot.auto.trigger.enabled = true (custom)
2021-08-04 01:15:59,105 [pool-54-thread-1] INFO  server.RaftServerConfigKeys (ConfUtils.java:logGet(44)) - raft.server.snapshot.auto.trigger.threshold = 10000 (custom)
2021-08-04 01:15:59,105 [pool-54-thread-1] INFO  server.RaftServerConfigKeys (ConfUtils.java:logGet(44)) - raft.server.snapshot.retention.file.num = 5 (custom)
2021-08-04 01:15:59,105 [pool-54-thread-1] INFO  server.RaftServerConfigKeys (ConfUtils.java:logGet(44)) - raft.server.log.purge.upto.snapshot.index = false (default)
2021-08-04 01:15:59,105 [pool-54-thread-1] INFO  server.RaftServerConfigKeys (ConfUtils.java:logGet(44)) - raft.server.retrycache.expirytime = 600000ms (custom)
2021-08-04 01:15:59,105 [pool-54-thread-1] INFO  server.RaftServerConfigKeys (ConfUtils.java:logGet(44)) - raft.server.retrycache.statistics.expirytime = 100μs (default)
2021-08-04 01:15:59,106 [pool-54-thread-1] INFO  server.RaftServer$Division (RaftServerImpl.java:start(296)) - 0d029702-8202-42d6-8df9-3bfc59f4c9fe@group-C16A233F4B74: start as a follower, conf=-1: [0d029702-8202-42d6-8df9-3bfc59f4c9fe|rpc:10.1.0.49:46551|priority:0, ed1bec8e-0ca2-4b71-b1fc-16a76d95b664|rpc:10.1.0.49:36883|priority:0, 330f39ad-452e-4d36-afea-f42f10da75a6|rpc:10.1.0.49:40811|priority:1], old=null
2021-08-04 01:15:59,106 [pool-54-thread-1] INFO  server.RaftServer$Division (RaftServerImpl.java:setRole(285)) - 0d029702-8202-42d6-8df9-3bfc59f4c9fe@group-C16A233F4B74: changes role from      null to FOLLOWER at term 0 for startAsFollower
2021-08-04 01:15:59,106 [pool-54-thread-1] INFO  impl.RoleInfo (RoleInfo.java:updateAndGet(130)) - 0d029702-8202-42d6-8df9-3bfc59f4c9fe: start 0d029702-8202-42d6-8df9-3bfc59f4c9fe@group-C16A233F4B74-FollowerState
2021-08-04 01:15:59,106 [pool-54-thread-1] INFO  util.JmxRegister (JmxRegister.java:tryRegister(44)) - Successfully registered JMX Bean with object name Ratis:service=RaftServer,group=group-C16A233F4B74,id=0d029702-8202-42d6-8df9-3bfc59f4c9fe
2021-08-04 01:15:59,110 [Command processor thread] INFO  ratis.XceiverServerRatis (XceiverServerRatis.java:addGroup(759)) - Created group PipelineID=15c6eabd-df23-453a-a7ae-c16a233f4b74
2021-08-04 01:15:59,114 [Command processor thread] INFO  server.RaftServer (RaftServerProxy.java:addNew(95)) - ed1bec8e-0ca2-4b71-b1fc-16a76d95b664: addNew group-C16A233F4B74:[0d029702-8202-42d6-8df9-3bfc59f4c9fe|rpc:10.1.0.49:46551|priority:0, ed1bec8e-0ca2-4b71-b1fc-16a76d95b664|rpc:10.1.0.49:36883|priority:0, 330f39ad-452e-4d36-afea-f42f10da75a6|rpc:10.1.0.49:40811|priority:1] returns group-C16A233F4B74:java.util.concurrent.CompletableFuture@1f31b8a8[Not completed]
2021-08-04 01:15:59,115 [pool-90-thread-1] INFO  server.RaftServer$Division (RaftServerImpl.java:<init>(181)) - ed1bec8e-0ca2-4b71-b1fc-16a76d95b664: new RaftServerImpl for group-C16A233F4B74:[0d029702-8202-42d6-8df9-3bfc59f4c9fe|rpc:10.1.0.49:46551|priority:0, ed1bec8e-0ca2-4b71-b1fc-16a76d95b664|rpc:10.1.0.49:36883|priority:0, 330f39ad-452e-4d36-afea-f42f10da75a6|rpc:10.1.0.49:40811|priority:1] with ContainerStateMachine:uninitialized
2021-08-04 01:15:59,115 [pool-90-thread-1] INFO  server.RaftServerConfigKeys (ConfUtils.java:logGet(44)) - raft.server.rpc.timeout.min = 5s (custom)
2021-08-04 01:15:59,115 [pool-90-thread-1] INFO  server.RaftServerConfigKeys (ConfUtils.java:logGet(44)) - raft.server.rpc.timeout.max = 5200ms (custom)
2021-08-04 01:15:59,115 [pool-90-thread-1] INFO  server.RaftServerConfigKeys (ConfUtils.java:logGet(44)) - raft.server.rpc.sleep.time = 25ms (default)
2021-08-04 01:15:59,115 [pool-90-thread-1] INFO  server.RaftServerConfigKeys (ConfUtils.java:logGet(44)) - raft.server.rpc.slowness.timeout = 300s (custom)
2021-08-04 01:15:59,115 [pool-90-thread-1] INFO  server.RaftServerConfigKeys (ConfUtils.java:logGet(44)) - raft.server.leaderelection.leader.step-down.wait-time = 10s (default)
2021-08-04 01:15:59,115 [pool-90-thread-1] INFO  server.RaftServerConfigKeys (ConfUtils.java:logGet(44)) - raft.server.sleep.deviation.threshold = 300ms (default)
2021-08-04 01:15:59,115 [pool-90-thread-1] INFO  server.RaftServerConfigKeys (ConfUtils.java:logGet(44)) - raft.server.log.appender.install.snapshot.enabled = false (custom)
2021-08-04 01:15:59,115 [pool-90-thread-1] INFO  server.RaftServer$Division (ServerState.java:<init>(105)) - ed1bec8e-0ca2-4b71-b1fc-16a76d95b664@group-C16A233F4B74: ConfigurationManager, init=-1: [0d029702-8202-42d6-8df9-3bfc59f4c9fe|rpc:10.1.0.49:46551|priority:0, ed1bec8e-0ca2-4b71-b1fc-16a76d95b664|rpc:10.1.0.49:36883|priority:0, 330f39ad-452e-4d36-afea-f42f10da75a6|rpc:10.1.0.49:40811|priority:1], old=null, confs=<EMPTY_MAP>
2021-08-04 01:15:59,115 [pool-90-thread-1] INFO  server.RaftServerConfigKeys (ConfUtils.java:logGet(44)) - raft.server.storage.dir = [/home/runner/work/ozone/ozone/mnt/ozone/hadoop-ozone/integration-test/target/test-dir/MiniOzoneClusterImpl-e5186c5f-1b64-46e6-9930-7a8733b94f9c/datanode-2/data/ratis] (custom)
2021-08-04 01:15:59,115 [pool-90-thread-1] INFO  server.RaftServerConfigKeys (ConfUtils.java:logGet(44)) - raft.server.log.corruption.policy = EXCEPTION (default)
2021-08-04 01:15:59,115 [pool-90-thread-1] INFO  server.RaftServerConfigKeys (ConfUtils.java:logGet(44)) - raft.server.storage.free-space.min = 0MB (=0) (default)
2021-08-04 01:15:59,115 [pool-90-thread-1] INFO  storage.RaftStorageDirectory (RaftStorageDirectoryImpl.java:analyzeStorage(135)) - The storage directory /home/runner/work/ozone/ozone/mnt/ozone/hadoop-ozone/integration-test/target/test-dir/MiniOzoneClusterImpl-e5186c5f-1b64-46e6-9930-7a8733b94f9c/datanode-2/data/ratis/15c6eabd-df23-453a-a7ae-c16a233f4b74 does not exist. Creating ...
2021-08-04 01:15:59,118 [pool-90-thread-1] INFO  storage.RaftStorageDirectory (RaftStorageDirectoryImpl.java:tryLock(230)) - Lock on /home/runner/work/ozone/ozone/mnt/ozone/hadoop-ozone/integration-test/target/test-dir/MiniOzoneClusterImpl-e5186c5f-1b64-46e6-9930-7a8733b94f9c/datanode-2/data/ratis/15c6eabd-df23-453a-a7ae-c16a233f4b74/in_use.lock acquired by nodename 4744@fv-az59-81
2021-08-04 01:15:59,120 [pool-90-thread-1] INFO  storage.RaftStorage (RaftStorageImpl.java:format(89)) - Storage directory /home/runner/work/ozone/ozone/mnt/ozone/hadoop-ozone/integration-test/target/test-dir/MiniOzoneClusterImpl-e5186c5f-1b64-46e6-9930-7a8733b94f9c/datanode-2/data/ratis/15c6eabd-df23-453a-a7ae-c16a233f4b74 has been successfully formatted.
2021-08-04 01:15:59,122 [pool-90-thread-1] INFO  ratis.ContainerStateMachine (ContainerStateMachine.java:loadSnapshot(223)) - group-C16A233F4B74: The snapshot info is null. Setting the last applied indexto:(t:0, i:~)
2021-08-04 01:15:59,122 [pool-90-thread-1] INFO  server.RaftServerConfigKeys (ConfUtils.java:logGet(44)) - raft.server.notification.no-leader.timeout = 300s (custom)
2021-08-04 01:15:59,122 [pool-90-thread-1] INFO  server.RaftServerConfigKeys (ConfUtils.java:logGet(44)) - raft.server.log.use.memory = false (default)
2021-08-04 01:15:59,122 [pool-90-thread-1] INFO  server.RaftServerConfigKeys (ConfUtils.java:logGet(44)) - raft.server.log.purge.gap = 1000000 (custom)
2021-08-04 01:15:59,122 [pool-90-thread-1] INFO  server.RaftServerConfigKeys (ConfUtils.java:logGet(44)) - raft.server.log.appender.buffer.byte-limit = 33554432 (custom)
2021-08-04 01:15:59,122 [pool-90-thread-1] INFO  server.RaftServerConfigKeys (ConfUtils.java:logGet(44)) - raft.server.log.segment.size.max = 1048576 (custom)
2021-08-04 01:15:59,123 [pool-90-thread-1] INFO  server.RaftServerConfigKeys (ConfUtils.java:logGet(44)) - raft.server.log.segment.cache.num.max = 2 (custom)
2021-08-04 01:15:59,123 [pool-90-thread-1] INFO  server.RaftServerConfigKeys (ConfUtils.java:logGet(44)) - raft.server.log.segment.cache.size.max = 200MB (=209715200) (default)
2021-08-04 01:15:59,123 [pool-90-thread-1] INFO  segmented.SegmentedRaftLogWorker (SegmentedRaftLogWorker.java:<init>(182)) - new ed1bec8e-0ca2-4b71-b1fc-16a76d95b664@group-C16A233F4B74-SegmentedRaftLogWorker for RaftStorageImpl:Storage Directory /home/runner/work/ozone/ozone/mnt/ozone/hadoop-ozone/integration-test/target/test-dir/MiniOzoneClusterImpl-e5186c5f-1b64-46e6-9930-7a8733b94f9c/datanode-2/data/ratis/15c6eabd-df23-453a-a7ae-c16a233f4b74
2021-08-04 01:15:59,123 [pool-90-thread-1] INFO  server.RaftServerConfigKeys (ConfUtils.java:logGet(44)) - raft.server.log.queue.byte-limit = 2147483647 (custom)
2021-08-04 01:15:59,123 [pool-90-thread-1] INFO  server.RaftServerConfigKeys (ConfUtils.java:logGet(44)) - raft.server.log.queue.element-limit = 1024 (custom)
2021-08-04 01:15:59,123 [pool-90-thread-1] INFO  server.RaftServerConfigKeys (ConfUtils.java:logGet(44)) - raft.server.log.segment.size.max = 1048576 (custom)
2021-08-04 01:15:59,123 [pool-90-thread-1] INFO  server.RaftServerConfigKeys (ConfUtils.java:logGet(44)) - raft.server.log.preallocated.size = 16384 (custom)
2021-08-04 01:15:59,123 [pool-90-thread-1] INFO  server.RaftServerConfigKeys (ConfUtils.java:logGet(44)) - raft.server.log.force.sync.num = 128 (default)
2021-08-04 01:15:59,123 [pool-90-thread-1] INFO  server.RaftServerConfigKeys (ConfUtils.java:logGet(44)) - raft.server.log.statemachine.data.sync = true (default)
2021-08-04 01:15:59,123 [pool-90-thread-1] INFO  server.RaftServerConfigKeys (ConfUtils.java:logGet(44)) - raft.server.log.statemachine.data.sync.timeout = 10s (default)
2021-08-04 01:15:59,123 [pool-90-thread-1] INFO  server.RaftServerConfigKeys (ConfUtils.java:logGet(44)) - raft.server.log.statemachine.data.sync.timeout.retry = -1 (default)
2021-08-04 01:15:59,123 [Datanode State Machine Thread - 0] WARN  statemachine.StateContext (StateContext.java:execute(621)) - No available thread in pool for past 1 seconds.
2021-08-04 01:15:59,123 [pool-90-thread-1] INFO  server.RaftServerConfigKeys (ConfUtils.java:logGet(44)) - raft.server.log.write.buffer.size = 1048576 (custom)
2021-08-04 01:15:59,126 [pool-90-thread-1] INFO  server.RaftServerConfigKeys (ConfUtils.java:logGet(44)) - raft.server.log.statemachine.data.caching.enabled = true (custom)
2021-08-04 01:15:59,126 [pool-90-thread-1] INFO  segmented.SegmentedRaftLogWorker (SegmentedRaftLogWorker.java:lambda$new$0(133)) - ed1bec8e-0ca2-4b71-b1fc-16a76d95b664@group-C16A233F4B74-SegmentedRaftLogWorker: flushIndex: setUnconditionally 0 -> -1
2021-08-04 01:15:59,127 [pool-90-thread-1] INFO  segmented.SegmentedRaftLogWorker (SegmentedRaftLogWorker.java:lambda$new$0(133)) - ed1bec8e-0ca2-4b71-b1fc-16a76d95b664@group-C16A233F4B74-SegmentedRaftLogWorker: safeCacheEvictIndex: setUnconditionally 0 -> -1
2021-08-04 01:15:59,128 [pool-90-thread-1] INFO  server.RaftServerConfigKeys (ConfUtils.java:logGet(44)) - raft.server.snapshot.auto.trigger.enabled = true (custom)
2021-08-04 01:15:59,128 [pool-90-thread-1] INFO  server.RaftServerConfigKeys (ConfUtils.java:logGet(44)) - raft.server.snapshot.auto.trigger.threshold = 10000 (custom)
2021-08-04 01:15:59,128 [pool-90-thread-1] INFO  server.RaftServerConfigKeys (ConfUtils.java:logGet(44)) - raft.server.snapshot.retention.file.num = 5 (custom)
2021-08-04 01:15:59,128 [pool-90-thread-1] INFO  server.RaftServerConfigKeys (ConfUtils.java:logGet(44)) - raft.server.log.purge.upto.snapshot.index = false (default)
2021-08-04 01:15:59,128 [pool-90-thread-1] INFO  server.RaftServerConfigKeys (ConfUtils.java:logGet(44)) - raft.server.retrycache.expirytime = 600000ms (custom)
2021-08-04 01:15:59,128 [pool-90-thread-1] INFO  server.RaftServerConfigKeys (ConfUtils.java:logGet(44)) - raft.server.retrycache.statistics.expirytime = 100μs (default)
2021-08-04 01:15:59,128 [pool-90-thread-1] INFO  server.RaftServer$Division (RaftServerImpl.java:start(296)) - ed1bec8e-0ca2-4b71-b1fc-16a76d95b664@group-C16A233F4B74: start as a follower, conf=-1: [0d029702-8202-42d6-8df9-3bfc59f4c9fe|rpc:10.1.0.49:46551|priority:0, ed1bec8e-0ca2-4b71-b1fc-16a76d95b664|rpc:10.1.0.49:36883|priority:0, 330f39ad-452e-4d36-afea-f42f10da75a6|rpc:10.1.0.49:40811|priority:1], old=null
2021-08-04 01:15:59,128 [pool-90-thread-1] INFO  server.RaftServer$Division (RaftServerImpl.java:setRole(285)) - ed1bec8e-0ca2-4b71-b1fc-16a76d95b664@group-C16A233F4B74: changes role from      null to FOLLOWER at term 0 for startAsFollower
2021-08-04 01:15:59,129 [pool-90-thread-1] INFO  impl.RoleInfo (RoleInfo.java:updateAndGet(130)) - ed1bec8e-0ca2-4b71-b1fc-16a76d95b664: start ed1bec8e-0ca2-4b71-b1fc-16a76d95b664@group-C16A233F4B74-FollowerState
2021-08-04 01:15:59,133 [pool-90-thread-1] INFO  util.JmxRegister (JmxRegister.java:tryRegister(44)) - Successfully registered JMX Bean with object name Ratis:service=RaftServer,group=group-C16A233F4B74,id=ed1bec8e-0ca2-4b71-b1fc-16a76d95b664
2021-08-04 01:15:59,138 [Command processor thread] INFO  ratis.XceiverServerRatis (XceiverServerRatis.java:addGroup(759)) - Created group PipelineID=15c6eabd-df23-453a-a7ae-c16a233f4b74
2021-08-04 01:15:59,152 [grpc-default-executor-2] INFO  server.RaftServer (RaftServerProxy.java:addNew(95)) - 330f39ad-452e-4d36-afea-f42f10da75a6: addNew group-C16A233F4B74:[0d029702-8202-42d6-8df9-3bfc59f4c9fe|rpc:10.1.0.49:46551|dataStream:|priority:0, ed1bec8e-0ca2-4b71-b1fc-16a76d95b664|rpc:10.1.0.49:36883|dataStream:|priority:0, 330f39ad-452e-4d36-afea-f42f10da75a6|rpc:10.1.0.49:40811|dataStream:|priority:1] returns group-C16A233F4B74:java.util.concurrent.CompletableFuture@27ac867b[Not completed]
2021-08-04 01:15:59,152 [pool-108-thread-1] INFO  server.RaftServer$Division (RaftServerImpl.java:<init>(181)) - 330f39ad-452e-4d36-afea-f42f10da75a6: new RaftServerImpl for group-C16A233F4B74:[0d029702-8202-42d6-8df9-3bfc59f4c9fe|rpc:10.1.0.49:46551|dataStream:|priority:0, ed1bec8e-0ca2-4b71-b1fc-16a76d95b664|rpc:10.1.0.49:36883|dataStream:|priority:0, 330f39ad-452e-4d36-afea-f42f10da75a6|rpc:10.1.0.49:40811|dataStream:|priority:1] with ContainerStateMachine:uninitialized
2021-08-04 01:15:59,152 [pool-108-thread-1] INFO  server.RaftServerConfigKeys (ConfUtils.java:logGet(44)) - raft.server.rpc.timeout.min = 5s (custom)
2021-08-04 01:15:59,153 [pool-108-thread-1] INFO  server.RaftServerConfigKeys (ConfUtils.java:logGet(44)) - raft.server.rpc.timeout.max = 5200ms (custom)
2021-08-04 01:15:59,153 [pool-108-thread-1] INFO  server.RaftServerConfigKeys (ConfUtils.java:logGet(44)) - raft.server.rpc.sleep.time = 25ms (default)
2021-08-04 01:15:59,153 [pool-108-thread-1] INFO  server.RaftServerConfigKeys (ConfUtils.java:logGet(44)) - raft.server.rpc.slowness.timeout = 300s (custom)
2021-08-04 01:15:59,153 [pool-108-thread-1] INFO  server.RaftServerConfigKeys (ConfUtils.java:logGet(44)) - raft.server.leaderelection.leader.step-down.wait-time = 10s (default)
2021-08-04 01:15:59,153 [pool-108-thread-1] INFO  server.RaftServerConfigKeys (ConfUtils.java:logGet(44)) - raft.server.sleep.deviation.threshold = 300ms (default)
2021-08-04 01:15:59,153 [pool-108-thread-1] INFO  server.RaftServerConfigKeys (ConfUtils.java:logGet(44)) - raft.server.log.appender.install.snapshot.enabled = false (custom)
2021-08-04 01:15:59,153 [pool-108-thread-1] INFO  server.RaftServer$Division (ServerState.java:<init>(105)) - 330f39ad-452e-4d36-afea-f42f10da75a6@group-C16A233F4B74: ConfigurationManager, init=-1: [0d029702-8202-42d6-8df9-3bfc59f4c9fe|rpc:10.1.0.49:46551|dataStream:|priority:0, ed1bec8e-0ca2-4b71-b1fc-16a76d95b664|rpc:10.1.0.49:36883|dataStream:|priority:0, 330f39ad-452e-4d36-afea-f42f10da75a6|rpc:10.1.0.49:40811|dataStream:|priority:1], old=null, confs=<EMPTY_MAP>
2021-08-04 01:15:59,153 [pool-108-thread-1] INFO  server.RaftServerConfigKeys (ConfUtils.java:logGet(44)) - raft.server.storage.dir = [/home/runner/work/ozone/ozone/mnt/ozone/hadoop-ozone/integration-test/target/test-dir/MiniOzoneClusterImpl-e5186c5f-1b64-46e6-9930-7a8733b94f9c/datanode-3/data/ratis] (custom)
2021-08-04 01:15:59,153 [pool-108-thread-1] INFO  server.RaftServerConfigKeys (ConfUtils.java:logGet(44)) - raft.server.log.corruption.policy = EXCEPTION (default)
2021-08-04 01:15:59,153 [pool-108-thread-1] INFO  server.RaftServerConfigKeys (ConfUtils.java:logGet(44)) - raft.server.storage.free-space.min = 0MB (=0) (default)
2021-08-04 01:15:59,153 [pool-108-thread-1] INFO  storage.RaftStorageDirectory (RaftStorageDirectoryImpl.java:analyzeStorage(135)) - The storage directory /home/runner/work/ozone/ozone/mnt/ozone/hadoop-ozone/integration-test/target/test-dir/MiniOzoneClusterImpl-e5186c5f-1b64-46e6-9930-7a8733b94f9c/datanode-3/data/ratis/15c6eabd-df23-453a-a7ae-c16a233f4b74 does not exist. Creating ...
2021-08-04 01:15:59,155 [pool-108-thread-1] INFO  storage.RaftStorageDirectory (RaftStorageDirectoryImpl.java:tryLock(230)) - Lock on /home/runner/work/ozone/ozone/mnt/ozone/hadoop-ozone/integration-test/target/test-dir/MiniOzoneClusterImpl-e5186c5f-1b64-46e6-9930-7a8733b94f9c/datanode-3/data/ratis/15c6eabd-df23-453a-a7ae-c16a233f4b74/in_use.lock acquired by nodename 4744@fv-az59-81
2021-08-04 01:15:59,156 [pool-108-thread-1] INFO  storage.RaftStorage (RaftStorageImpl.java:format(89)) - Storage directory /home/runner/work/ozone/ozone/mnt/ozone/hadoop-ozone/integration-test/target/test-dir/MiniOzoneClusterImpl-e5186c5f-1b64-46e6-9930-7a8733b94f9c/datanode-3/data/ratis/15c6eabd-df23-453a-a7ae-c16a233f4b74 has been successfully formatted.
2021-08-04 01:15:59,157 [pool-108-thread-1] INFO  ratis.ContainerStateMachine (ContainerStateMachine.java:loadSnapshot(223)) - group-C16A233F4B74: The snapshot info is null. Setting the last applied indexto:(t:0, i:~)
2021-08-04 01:15:59,157 [pool-108-thread-1] INFO  server.RaftServerConfigKeys (ConfUtils.java:logGet(44)) - raft.server.notification.no-leader.timeout = 300s (custom)
2021-08-04 01:15:59,157 [pool-108-thread-1] INFO  server.RaftServerConfigKeys (ConfUtils.java:logGet(44)) - raft.server.log.use.memory = false (default)
2021-08-04 01:15:59,157 [pool-108-thread-1] INFO  server.RaftServerConfigKeys (ConfUtils.java:logGet(44)) - raft.server.log.purge.gap = 1000000 (custom)
2021-08-04 01:15:59,157 [pool-108-thread-1] INFO  server.RaftServerConfigKeys (ConfUtils.java:logGet(44)) - raft.server.log.appender.buffer.byte-limit = 33554432 (custom)
2021-08-04 01:15:59,157 [pool-108-thread-1] INFO  server.RaftServerConfigKeys (ConfUtils.java:logGet(44)) - raft.server.log.segment.size.max = 1048576 (custom)
2021-08-04 01:15:59,157 [pool-108-thread-1] INFO  server.RaftServerConfigKeys (ConfUtils.java:logGet(44)) - raft.server.log.segment.cache.num.max = 2 (custom)
2021-08-04 01:15:59,157 [pool-108-thread-1] INFO  server.RaftServerConfigKeys (ConfUtils.java:logGet(44)) - raft.server.log.segment.cache.size.max = 200MB (=209715200) (default)
2021-08-04 01:15:59,157 [pool-108-thread-1] INFO  segmented.SegmentedRaftLogWorker (SegmentedRaftLogWorker.java:<init>(182)) - new 330f39ad-452e-4d36-afea-f42f10da75a6@group-C16A233F4B74-SegmentedRaftLogWorker for RaftStorageImpl:Storage Directory /home/runner/work/ozone/ozone/mnt/ozone/hadoop-ozone/integration-test/target/test-dir/MiniOzoneClusterImpl-e5186c5f-1b64-46e6-9930-7a8733b94f9c/datanode-3/data/ratis/15c6eabd-df23-453a-a7ae-c16a233f4b74
2021-08-04 01:15:59,157 [pool-108-thread-1] INFO  server.RaftServerConfigKeys (ConfUtils.java:logGet(44)) - raft.server.log.queue.byte-limit = 2147483647 (custom)
2021-08-04 01:15:59,157 [pool-108-thread-1] INFO  server.RaftServerConfigKeys (ConfUtils.java:logGet(44)) - raft.server.log.queue.element-limit = 1024 (custom)
2021-08-04 01:15:59,157 [pool-108-thread-1] INFO  server.RaftServerConfigKeys (ConfUtils.java:logGet(44)) - raft.server.log.segment.size.max = 1048576 (custom)
2021-08-04 01:15:59,157 [pool-108-thread-1] INFO  server.RaftServerConfigKeys (ConfUtils.java:logGet(44)) - raft.server.log.preallocated.size = 16384 (custom)
2021-08-04 01:15:59,157 [pool-108-thread-1] INFO  server.RaftServerConfigKeys (ConfUtils.java:logGet(44)) - raft.server.log.force.sync.num = 128 (default)
2021-08-04 01:15:59,157 [pool-108-thread-1] INFO  server.RaftServerConfigKeys (ConfUtils.java:logGet(44)) - raft.server.log.statemachine.data.sync = true (default)
2021-08-04 01:15:59,158 [pool-108-thread-1] INFO  server.RaftServerConfigKeys (ConfUtils.java:logGet(44)) - raft.server.log.statemachine.data.sync.timeout = 10s (default)
2021-08-04 01:15:59,158 [pool-108-thread-1] INFO  server.RaftServerConfigKeys (ConfUtils.java:logGet(44)) - raft.server.log.statemachine.data.sync.timeout.retry = -1 (default)
2021-08-04 01:15:59,159 [pool-108-thread-1] INFO  server.RaftServerConfigKeys (ConfUtils.java:logGet(44)) - raft.server.log.write.buffer.size = 1048576 (custom)
2021-08-04 01:15:59,160 [pool-108-thread-1] INFO  server.RaftServerConfigKeys (ConfUtils.java:logGet(44)) - raft.server.log.statemachine.data.caching.enabled = true (custom)
2021-08-04 01:15:59,164 [pool-108-thread-1] INFO  segmented.SegmentedRaftLogWorker (SegmentedRaftLogWorker.java:lambda$new$0(133)) - 330f39ad-452e-4d36-afea-f42f10da75a6@group-C16A233F4B74-SegmentedRaftLogWorker: flushIndex: setUnconditionally 0 -> -1
2021-08-04 01:15:59,164 [pool-108-thread-1] INFO  segmented.SegmentedRaftLogWorker (SegmentedRaftLogWorker.java:lambda$new$0(133)) - 330f39ad-452e-4d36-afea-f42f10da75a6@group-C16A233F4B74-SegmentedRaftLogWorker: safeCacheEvictIndex: setUnconditionally 0 -> -1
2021-08-04 01:15:59,168 [pool-108-thread-1] INFO  server.RaftServerConfigKeys (ConfUtils.java:logGet(44)) - raft.server.snapshot.auto.trigger.enabled = true (custom)
2021-08-04 01:15:59,168 [pool-108-thread-1] INFO  server.RaftServerConfigKeys (ConfUtils.java:logGet(44)) - raft.server.snapshot.auto.trigger.threshold = 10000 (custom)
2021-08-04 01:15:59,168 [pool-108-thread-1] INFO  server.RaftServerConfigKeys (ConfUtils.java:logGet(44)) - raft.server.snapshot.retention.file.num = 5 (custom)
2021-08-04 01:15:59,169 [pool-108-thread-1] INFO  server.RaftServerConfigKeys (ConfUtils.java:logGet(44)) - raft.server.log.purge.upto.snapshot.index = false (default)
2021-08-04 01:15:59,169 [pool-108-thread-1] INFO  server.RaftServerConfigKeys (ConfUtils.java:logGet(44)) - raft.server.retrycache.expirytime = 600000ms (custom)
2021-08-04 01:15:59,169 [pool-108-thread-1] INFO  server.RaftServerConfigKeys (ConfUtils.java:logGet(44)) - raft.server.retrycache.statistics.expirytime = 100μs (default)
2021-08-04 01:15:59,170 [pool-108-thread-1] INFO  server.RaftServer$Division (RaftServerImpl.java:start(296)) - 330f39ad-452e-4d36-afea-f42f10da75a6@group-C16A233F4B74: start as a follower, conf=-1: [0d029702-8202-42d6-8df9-3bfc59f4c9fe|rpc:10.1.0.49:46551|dataStream:|priority:0, ed1bec8e-0ca2-4b71-b1fc-16a76d95b664|rpc:10.1.0.49:36883|dataStream:|priority:0, 330f39ad-452e-4d36-afea-f42f10da75a6|rpc:10.1.0.49:40811|dataStream:|priority:1], old=null
2021-08-04 01:15:59,170 [pool-108-thread-1] INFO  server.RaftServer$Division (RaftServerImpl.java:setRole(285)) - 330f39ad-452e-4d36-afea-f42f10da75a6@group-C16A233F4B74: changes role from      null to FOLLOWER at term 0 for startAsFollower
2021-08-04 01:15:59,170 [pool-108-thread-1] INFO  impl.RoleInfo (RoleInfo.java:updateAndGet(130)) - 330f39ad-452e-4d36-afea-f42f10da75a6: start 330f39ad-452e-4d36-afea-f42f10da75a6@group-C16A233F4B74-FollowerState
2021-08-04 01:15:59,173 [pool-108-thread-1] INFO  util.JmxRegister (JmxRegister.java:tryRegister(44)) - Successfully registered JMX Bean with object name Ratis:service=RaftServer,group=group-C16A233F4B74,id=330f39ad-452e-4d36-afea-f42f10da75a6
2021-08-04 01:15:59,191 [Command processor thread] INFO  commandhandler.CreatePipelineCommandHandler (CreatePipelineCommandHandler.java:handle(106)) - Created Pipeline RATIS THREE PipelineID=15c6eabd-df23-453a-a7ae-c16a233f4b74.
2021-08-04 01:15:59,193 [Command processor thread] INFO  commandhandler.CreatePipelineCommandHandler (CreatePipelineCommandHandler.java:handle(106)) - Created Pipeline RATIS THREE PipelineID=15c6eabd-df23-453a-a7ae-c16a233f4b74.
2021-08-04 01:16:04,237 [ed1bec8e-0ca2-4b71-b1fc-16a76d95b664@group-C16A233F4B74-FollowerState] INFO  impl.FollowerState (FollowerState.java:run(134)) - ed1bec8e-0ca2-4b71-b1fc-16a76d95b664@group-C16A233F4B74-FollowerState: change to CANDIDATE, lastRpcElapsedTime:5108724878ns, electionTimeout:5104ms
2021-08-04 01:16:04,238 [ed1bec8e-0ca2-4b71-b1fc-16a76d95b664@group-C16A233F4B74-FollowerState] INFO  impl.RoleInfo (RoleInfo.java:shutdownFollowerState(108)) - ed1bec8e-0ca2-4b71-b1fc-16a76d95b664: shutdown ed1bec8e-0ca2-4b71-b1fc-16a76d95b664@group-C16A233F4B74-FollowerState
2021-08-04 01:16:04,238 [ed1bec8e-0ca2-4b71-b1fc-16a76d95b664@group-C16A233F4B74-FollowerState] INFO  server.RaftServer$Division (RaftServerImpl.java:setRole(285)) - ed1bec8e-0ca2-4b71-b1fc-16a76d95b664@group-C16A233F4B74: changes role from  FOLLOWER to CANDIDATE at term 0 for changeToCandidate
2021-08-04 01:16:04,238 [ed1bec8e-0ca2-4b71-b1fc-16a76d95b664@group-C16A233F4B74-FollowerState] INFO  server.RaftServerConfigKeys (ConfUtils.java:logGet(44)) - raft.server.leaderelection.pre-vote = false (custom)
2021-08-04 01:16:04,238 [ed1bec8e-0ca2-4b71-b1fc-16a76d95b664@group-C16A233F4B74-FollowerState] INFO  impl.RoleInfo (RoleInfo.java:updateAndGet(130)) - ed1bec8e-0ca2-4b71-b1fc-16a76d95b664: start ed1bec8e-0ca2-4b71-b1fc-16a76d95b664@group-C16A233F4B74-LeaderElection14
2021-08-04 01:16:04,240 [0d029702-8202-42d6-8df9-3bfc59f4c9fe@group-C16A233F4B74-FollowerState] INFO  impl.FollowerState (FollowerState.java:run(134)) - 0d029702-8202-42d6-8df9-3bfc59f4c9fe@group-C16A233F4B74-FollowerState: change to CANDIDATE, lastRpcElapsedTime:5133850494ns, electionTimeout:5133ms
2021-08-04 01:16:04,240 [0d029702-8202-42d6-8df9-3bfc59f4c9fe@group-C16A233F4B74-FollowerState] INFO  impl.RoleInfo (RoleInfo.java:shutdownFollowerState(108)) - 0d029702-8202-42d6-8df9-3bfc59f4c9fe: shutdown 0d029702-8202-42d6-8df9-3bfc59f4c9fe@group-C16A233F4B74-FollowerState
2021-08-04 01:16:04,240 [0d029702-8202-42d6-8df9-3bfc59f4c9fe@group-C16A233F4B74-FollowerState] INFO  server.RaftServer$Division (RaftServerImpl.java:setRole(285)) - 0d029702-8202-42d6-8df9-3bfc59f4c9fe@group-C16A233F4B74: changes role from  FOLLOWER to CANDIDATE at term 0 for changeToCandidate
2021-08-04 01:16:04,240 [0d029702-8202-42d6-8df9-3bfc59f4c9fe@group-C16A233F4B74-FollowerState] INFO  server.RaftServerConfigKeys (ConfUtils.java:logGet(44)) - raft.server.leaderelection.pre-vote = false (custom)
2021-08-04 01:16:04,240 [0d029702-8202-42d6-8df9-3bfc59f4c9fe@group-C16A233F4B74-FollowerState] INFO  impl.RoleInfo (RoleInfo.java:updateAndGet(130)) - 0d029702-8202-42d6-8df9-3bfc59f4c9fe: start 0d029702-8202-42d6-8df9-3bfc59f4c9fe@group-C16A233F4B74-LeaderElection15
2021-08-04 01:16:04,249 [ed1bec8e-0ca2-4b71-b1fc-16a76d95b664@group-C16A233F4B74-LeaderElection14] INFO  impl.LeaderElection (LeaderElection.java:askForVotes(306)) - ed1bec8e-0ca2-4b71-b1fc-16a76d95b664@group-C16A233F4B74-LeaderElection14 ELECTION round 0: submit vote requests at term 1 for -1: [0d029702-8202-42d6-8df9-3bfc59f4c9fe|rpc:10.1.0.49:46551|priority:0, ed1bec8e-0ca2-4b71-b1fc-16a76d95b664|rpc:10.1.0.49:36883|priority:0, 330f39ad-452e-4d36-afea-f42f10da75a6|rpc:10.1.0.49:40811|priority:1], old=null
2021-08-04 01:16:04,251 [0d029702-8202-42d6-8df9-3bfc59f4c9fe@group-C16A233F4B74-LeaderElection15] INFO  impl.LeaderElection (LeaderElection.java:askForVotes(306)) - 0d029702-8202-42d6-8df9-3bfc59f4c9fe@group-C16A233F4B74-LeaderElection15 ELECTION round 0: submit vote requests at term 1 for -1: [0d029702-8202-42d6-8df9-3bfc59f4c9fe|rpc:10.1.0.49:46551|priority:0, ed1bec8e-0ca2-4b71-b1fc-16a76d95b664|rpc:10.1.0.49:36883|priority:0, 330f39ad-452e-4d36-afea-f42f10da75a6|rpc:10.1.0.49:40811|priority:1], old=null
2021-08-04 01:16:04,256 [grpc-default-executor-2] INFO  server.RaftServer$Division (RaftServerImpl.java:requestVote(1043)) - ed1bec8e-0ca2-4b71-b1fc-16a76d95b664@group-C16A233F4B74: receive requestVote(ELECTION, 0d029702-8202-42d6-8df9-3bfc59f4c9fe, group-C16A233F4B74, 1, (t:0, i:0))
2021-08-04 01:16:04,256 [grpc-default-executor-2] INFO  impl.VoteContext (VoteContext.java:log(48)) - ed1bec8e-0ca2-4b71-b1fc-16a76d95b664@group-C16A233F4B74-CANDIDATE: reject ELECTION from 0d029702-8202-42d6-8df9-3bfc59f4c9fe: already has voted for ed1bec8e-0ca2-4b71-b1fc-16a76d95b664 at current term 1
2021-08-04 01:16:04,256 [grpc-default-executor-2] INFO  server.RaftServer$Division (RaftServerImpl.java:requestVote(1075)) - ed1bec8e-0ca2-4b71-b1fc-16a76d95b664@group-C16A233F4B74 replies to ELECTION vote request: 0d029702-8202-42d6-8df9-3bfc59f4c9fe<-ed1bec8e-0ca2-4b71-b1fc-16a76d95b664#0:FAIL-t1. Peer's state: ed1bec8e-0ca2-4b71-b1fc-16a76d95b664@group-C16A233F4B74:t1, leader=null, voted=ed1bec8e-0ca2-4b71-b1fc-16a76d95b664, raftlog=ed1bec8e-0ca2-4b71-b1fc-16a76d95b664@group-C16A233F4B74-SegmentedRaftLog:OPENED:c-1,f-1,i0, conf=-1: [0d029702-8202-42d6-8df9-3bfc59f4c9fe|rpc:10.1.0.49:46551|priority:0, ed1bec8e-0ca2-4b71-b1fc-16a76d95b664|rpc:10.1.0.49:36883|priority:0, 330f39ad-452e-4d36-afea-f42f10da75a6|rpc:10.1.0.49:40811|priority:1], old=null
2021-08-04 01:16:04,257 [grpc-default-executor-2] INFO  server.RaftServer$Division (RaftServerImpl.java:requestVote(1043)) - 0d029702-8202-42d6-8df9-3bfc59f4c9fe@group-C16A233F4B74: receive requestVote(ELECTION, ed1bec8e-0ca2-4b71-b1fc-16a76d95b664, group-C16A233F4B74, 1, (t:0, i:0))
2021-08-04 01:16:04,257 [grpc-default-executor-2] INFO  impl.VoteContext (VoteContext.java:log(48)) - 0d029702-8202-42d6-8df9-3bfc59f4c9fe@group-C16A233F4B74-CANDIDATE: reject ELECTION from ed1bec8e-0ca2-4b71-b1fc-16a76d95b664: already has voted for 0d029702-8202-42d6-8df9-3bfc59f4c9fe at current term 1
2021-08-04 01:16:04,257 [grpc-default-executor-2] INFO  server.RaftServer$Division (RaftServerImpl.java:requestVote(1075)) - 0d029702-8202-42d6-8df9-3bfc59f4c9fe@group-C16A233F4B74 replies to ELECTION vote request: ed1bec8e-0ca2-4b71-b1fc-16a76d95b664<-0d029702-8202-42d6-8df9-3bfc59f4c9fe#0:FAIL-t1. Peer's state: 0d029702-8202-42d6-8df9-3bfc59f4c9fe@group-C16A233F4B74:t1, leader=null, voted=0d029702-8202-42d6-8df9-3bfc59f4c9fe, raftlog=0d029702-8202-42d6-8df9-3bfc59f4c9fe@group-C16A233F4B74-SegmentedRaftLog:OPENED:c-1,f-1,i0, conf=-1: [0d029702-8202-42d6-8df9-3bfc59f4c9fe|rpc:10.1.0.49:46551|priority:0, ed1bec8e-0ca2-4b71-b1fc-16a76d95b664|rpc:10.1.0.49:36883|priority:0, 330f39ad-452e-4d36-afea-f42f10da75a6|rpc:10.1.0.49:40811|priority:1], old=null
2021-08-04 01:16:04,258 [grpc-default-executor-4] INFO  server.RaftServer$Division (RaftServerImpl.java:requestVote(1043)) - 330f39ad-452e-4d36-afea-f42f10da75a6@group-C16A233F4B74: receive requestVote(ELECTION, ed1bec8e-0ca2-4b71-b1fc-16a76d95b664, group-C16A233F4B74, 1, (t:0, i:0))
2021-08-04 01:16:04,258 [grpc-default-executor-4] INFO  impl.VoteContext (VoteContext.java:log(48)) - 330f39ad-452e-4d36-afea-f42f10da75a6@group-C16A233F4B74-FOLLOWER: reject ELECTION from ed1bec8e-0ca2-4b71-b1fc-16a76d95b664: our priority 1 > candidate's priority 0
2021-08-04 01:16:04,258 [grpc-default-executor-4] INFO  server.RaftServer$Division (RaftServerImpl.java:setRole(285)) - 330f39ad-452e-4d36-afea-f42f10da75a6@group-C16A233F4B74: changes role from  FOLLOWER to FOLLOWER at term 1 for candidate:ed1bec8e-0ca2-4b71-b1fc-16a76d95b664
2021-08-04 01:16:04,259 [grpc-default-executor-4] INFO  impl.RoleInfo (RoleInfo.java:shutdownFollowerState(108)) - 330f39ad-452e-4d36-afea-f42f10da75a6: shutdown 330f39ad-452e-4d36-afea-f42f10da75a6@group-C16A233F4B74-FollowerState
2021-08-04 01:16:04,259 [grpc-default-executor-4] INFO  impl.RoleInfo (RoleInfo.java:updateAndGet(130)) - 330f39ad-452e-4d36-afea-f42f10da75a6: start 330f39ad-452e-4d36-afea-f42f10da75a6@group-C16A233F4B74-FollowerState
2021-08-04 01:16:04,259 [330f39ad-452e-4d36-afea-f42f10da75a6@group-C16A233F4B74-FollowerState] INFO  impl.FollowerState (FollowerState.java:run(143)) - 330f39ad-452e-4d36-afea-f42f10da75a6@group-C16A233F4B74-FollowerState was interrupted: {}
java.lang.InterruptedException: sleep interrupted
	at java.lang.Thread.sleep(Native Method)
	at java.lang.Thread.sleep(Thread.java:340)
	at java.util.concurrent.TimeUnit.sleep(TimeUnit.java:386)
	at org.apache.ratis.util.TimeDuration.sleep(TimeDuration.java:324)
	at org.apache.ratis.util.TimeDuration.sleep(TimeDuration.java:309)
	at org.apache.ratis.server.impl.FollowerState.run(FollowerState.java:118)
2021-08-04 01:16:04,266 [grpc-default-executor-4] INFO  server.RaftServer$Division (RaftServerImpl.java:requestVote(1075)) - 330f39ad-452e-4d36-afea-f42f10da75a6@group-C16A233F4B74 replies to ELECTION vote request: ed1bec8e-0ca2-4b71-b1fc-16a76d95b664<-330f39ad-452e-4d36-afea-f42f10da75a6#0:FAIL-t1. Peer's state: 330f39ad-452e-4d36-afea-f42f10da75a6@group-C16A233F4B74:t1, leader=null, voted=null, raftlog=330f39ad-452e-4d36-afea-f42f10da75a6@group-C16A233F4B74-SegmentedRaftLog:OPENED:c-1,f-1,i0, conf=-1: [0d029702-8202-42d6-8df9-3bfc59f4c9fe|rpc:10.1.0.49:46551|dataStream:|priority:0, ed1bec8e-0ca2-4b71-b1fc-16a76d95b664|rpc:10.1.0.49:36883|dataStream:|priority:0, 330f39ad-452e-4d36-afea-f42f10da75a6|rpc:10.1.0.49:40811|dataStream:|priority:1], old=null
2021-08-04 01:16:04,267 [ed1bec8e-0ca2-4b71-b1fc-16a76d95b664@group-C16A233F4B74-LeaderElection14] INFO  impl.LeaderElection (LeaderElection.java:logAndReturn(89)) - ed1bec8e-0ca2-4b71-b1fc-16a76d95b664@group-C16A233F4B74-LeaderElection14: ELECTION REJECTED received 2 response(s) and 0 exception(s):
2021-08-04 01:16:04,267 [ed1bec8e-0ca2-4b71-b1fc-16a76d95b664@group-C16A233F4B74-LeaderElection14] INFO  impl.LeaderElection (LeaderElection.java:logAndReturn(93)) -   Response 0: ed1bec8e-0ca2-4b71-b1fc-16a76d95b664<-0d029702-8202-42d6-8df9-3bfc59f4c9fe#0:FAIL-t1
2021-08-04 01:16:04,267 [ed1bec8e-0ca2-4b71-b1fc-16a76d95b664@group-C16A233F4B74-LeaderElection14] INFO  impl.LeaderElection (LeaderElection.java:logAndReturn(93)) -   Response 1: ed1bec8e-0ca2-4b71-b1fc-16a76d95b664<-330f39ad-452e-4d36-afea-f42f10da75a6#0:FAIL-t1
2021-08-04 01:16:04,267 [ed1bec8e-0ca2-4b71-b1fc-16a76d95b664@group-C16A233F4B74-LeaderElection14] INFO  impl.LeaderElection (LeaderElection.java:askForVotes(308)) - ed1bec8e-0ca2-4b71-b1fc-16a76d95b664@group-C16A233F4B74-LeaderElection14 ELECTION round 0: result REJECTED
2021-08-04 01:16:04,267 [ed1bec8e-0ca2-4b71-b1fc-16a76d95b664@group-C16A233F4B74-LeaderElection14] INFO  server.RaftServer$Division (RaftServerImpl.java:setRole(285)) - ed1bec8e-0ca2-4b71-b1fc-16a76d95b664@group-C16A233F4B74: changes role from CANDIDATE to FOLLOWER at term 1 for REJECTED
2021-08-04 01:16:04,267 [ed1bec8e-0ca2-4b71-b1fc-16a76d95b664@group-C16A233F4B74-LeaderElection14] INFO  impl.RoleInfo (RoleInfo.java:shutdownLeaderElection(121)) - ed1bec8e-0ca2-4b71-b1fc-16a76d95b664: shutdown ed1bec8e-0ca2-4b71-b1fc-16a76d95b664@group-C16A233F4B74-LeaderElection14
2021-08-04 01:16:04,267 [ed1bec8e-0ca2-4b71-b1fc-16a76d95b664@group-C16A233F4B74-LeaderElection14] INFO  impl.RoleInfo (RoleInfo.java:updateAndGet(130)) - ed1bec8e-0ca2-4b71-b1fc-16a76d95b664: start ed1bec8e-0ca2-4b71-b1fc-16a76d95b664@group-C16A233F4B74-FollowerState
2021-08-04 01:16:04,274 [grpc-default-executor-4] INFO  server.RaftServer$Division (RaftServerImpl.java:requestVote(1043)) - 330f39ad-452e-4d36-afea-f42f10da75a6@group-C16A233F4B74: receive requestVote(ELECTION, 0d029702-8202-42d6-8df9-3bfc59f4c9fe, group-C16A233F4B74, 1, (t:0, i:0))
2021-08-04 01:16:04,274 [grpc-default-executor-4] INFO  impl.VoteContext (VoteContext.java:log(48)) - 330f39ad-452e-4d36-afea-f42f10da75a6@group-C16A233F4B74-FOLLOWER: reject ELECTION from 0d029702-8202-42d6-8df9-3bfc59f4c9fe: our priority 1 > candidate's priority 0
2021-08-04 01:16:04,274 [grpc-default-executor-4] INFO  server.RaftServer$Division (RaftServerImpl.java:setRole(285)) - 330f39ad-452e-4d36-afea-f42f10da75a6@group-C16A233F4B74: changes role from  FOLLOWER to FOLLOWER at term 1 for candidate:0d029702-8202-42d6-8df9-3bfc59f4c9fe
2021-08-04 01:16:04,274 [grpc-default-executor-4] INFO  impl.RoleInfo (RoleInfo.java:shutdownFollowerState(108)) - 330f39ad-452e-4d36-afea-f42f10da75a6: shutdown 330f39ad-452e-4d36-afea-f42f10da75a6@group-C16A233F4B74-FollowerState
2021-08-04 01:16:04,274 [grpc-default-executor-4] INFO  impl.RoleInfo (RoleInfo.java:updateAndGet(130)) - 330f39ad-452e-4d36-afea-f42f10da75a6: start 330f39ad-452e-4d36-afea-f42f10da75a6@group-C16A233F4B74-FollowerState
2021-08-04 01:16:04,274 [330f39ad-452e-4d36-afea-f42f10da75a6@group-C16A233F4B74-FollowerState] INFO  impl.FollowerState (FollowerState.java:run(143)) - 330f39ad-452e-4d36-afea-f42f10da75a6@group-C16A233F4B74-FollowerState was interrupted: {}
java.lang.InterruptedException: sleep interrupted
	at java.lang.Thread.sleep(Native Method)
	at java.lang.Thread.sleep(Thread.java:340)
	at java.util.concurrent.TimeUnit.sleep(TimeUnit.java:386)
	at org.apache.ratis.util.TimeDuration.sleep(TimeDuration.java:324)
	at org.apache.ratis.util.TimeDuration.sleep(TimeDuration.java:309)
	at org.apache.ratis.server.impl.FollowerState.run(FollowerState.java:118)
2021-08-04 01:16:04,275 [grpc-default-executor-4] INFO  server.RaftServer$Division (RaftServerImpl.java:requestVote(1075)) - 330f39ad-452e-4d36-afea-f42f10da75a6@group-C16A233F4B74 replies to ELECTION vote request: 0d029702-8202-42d6-8df9-3bfc59f4c9fe<-330f39ad-452e-4d36-afea-f42f10da75a6#0:FAIL-t1. Peer's state: 330f39ad-452e-4d36-afea-f42f10da75a6@group-C16A233F4B74:t1, leader=null, voted=null, raftlog=330f39ad-452e-4d36-afea-f42f10da75a6@group-C16A233F4B74-SegmentedRaftLog:OPENED:c-1,f-1,i0, conf=-1: [0d029702-8202-42d6-8df9-3bfc59f4c9fe|rpc:10.1.0.49:46551|dataStream:|priority:0, ed1bec8e-0ca2-4b71-b1fc-16a76d95b664|rpc:10.1.0.49:36883|dataStream:|priority:0, 330f39ad-452e-4d36-afea-f42f10da75a6|rpc:10.1.0.49:40811|dataStream:|priority:1], old=null
2021-08-04 01:16:04,276 [0d029702-8202-42d6-8df9-3bfc59f4c9fe@group-C16A233F4B74-LeaderElection15] INFO  impl.LeaderElection (LeaderElection.java:logAndReturn(89)) - 0d029702-8202-42d6-8df9-3bfc59f4c9fe@group-C16A233F4B74-LeaderElection15: ELECTION REJECTED received 2 response(s) and 0 exception(s):
2021-08-04 01:16:04,276 [0d029702-8202-42d6-8df9-3bfc59f4c9fe@group-C16A233F4B74-LeaderElection15] INFO  impl.LeaderElection (LeaderElection.java:logAndReturn(93)) -   Response 0: 0d029702-8202-42d6-8df9-3bfc59f4c9fe<-ed1bec8e-0ca2-4b71-b1fc-16a76d95b664#0:FAIL-t1
2021-08-04 01:16:04,276 [0d029702-8202-42d6-8df9-3bfc59f4c9fe@group-C16A233F4B74-LeaderElection15] INFO  impl.LeaderElection (LeaderElection.java:logAndReturn(93)) -   Response 1: 0d029702-8202-42d6-8df9-3bfc59f4c9fe<-330f39ad-452e-4d36-afea-f42f10da75a6#0:FAIL-t1
2021-08-04 01:16:04,276 [0d029702-8202-42d6-8df9-3bfc59f4c9fe@group-C16A233F4B74-LeaderElection15] INFO  impl.LeaderElection (LeaderElection.java:askForVotes(308)) - 0d029702-8202-42d6-8df9-3bfc59f4c9fe@group-C16A233F4B74-LeaderElection15 ELECTION round 0: result REJECTED
2021-08-04 01:16:04,276 [0d029702-8202-42d6-8df9-3bfc59f4c9fe@group-C16A233F4B74-LeaderElection15] INFO  server.RaftServer$Division (RaftServerImpl.java:setRole(285)) - 0d029702-8202-42d6-8df9-3bfc59f4c9fe@group-C16A233F4B74: changes role from CANDIDATE to FOLLOWER at term 1 for REJECTED
2021-08-04 01:16:04,276 [0d029702-8202-42d6-8df9-3bfc59f4c9fe@group-C16A233F4B74-LeaderElection15] INFO  impl.RoleInfo (RoleInfo.java:shutdownLeaderElection(121)) - 0d029702-8202-42d6-8df9-3bfc59f4c9fe: shutdown 0d029702-8202-42d6-8df9-3bfc59f4c9fe@group-C16A233F4B74-LeaderElection15
2021-08-04 01:16:04,276 [0d029702-8202-42d6-8df9-3bfc59f4c9fe@group-C16A233F4B74-LeaderElection15] INFO  impl.RoleInfo (RoleInfo.java:updateAndGet(130)) - 0d029702-8202-42d6-8df9-3bfc59f4c9fe: start 0d029702-8202-42d6-8df9-3bfc59f4c9fe@group-C16A233F4B74-FollowerState
2021-08-04 01:16:09,321 [330f39ad-452e-4d36-afea-f42f10da75a6@group-C16A233F4B74-FollowerState] INFO  impl.FollowerState (FollowerState.java:run(134)) - 330f39ad-452e-4d36-afea-f42f10da75a6@group-C16A233F4B74-FollowerState: change to CANDIDATE, lastRpcElapsedTime:5046439859ns, electionTimeout:5043ms
2021-08-04 01:16:09,321 [330f39ad-452e-4d36-afea-f42f10da75a6@group-C16A233F4B74-FollowerState] INFO  impl.RoleInfo (RoleInfo.java:shutdownFollowerState(108)) - 330f39ad-452e-4d36-afea-f42f10da75a6: shutdown 330f39ad-452e-4d36-afea-f42f10da75a6@group-C16A233F4B74-FollowerState
2021-08-04 01:16:09,321 [330f39ad-452e-4d36-afea-f42f10da75a6@group-C16A233F4B74-FollowerState] INFO  server.RaftServer$Division (RaftServerImpl.java:setRole(285)) - 330f39ad-452e-4d36-afea-f42f10da75a6@group-C16A233F4B74: changes role from  FOLLOWER to CANDIDATE at term 1 for changeToCandidate
2021-08-04 01:16:09,321 [330f39ad-452e-4d36-afea-f42f10da75a6@group-C16A233F4B74-FollowerState] INFO  server.RaftServerConfigKeys (ConfUtils.java:logGet(44)) - raft.server.leaderelection.pre-vote = false (custom)
2021-08-04 01:16:09,321 [330f39ad-452e-4d36-afea-f42f10da75a6@group-C16A233F4B74-FollowerState] INFO  impl.RoleInfo (RoleInfo.java:updateAndGet(130)) - 330f39ad-452e-4d36-afea-f42f10da75a6: start 330f39ad-452e-4d36-afea-f42f10da75a6@group-C16A233F4B74-LeaderElection16
2021-08-04 01:16:09,324 [330f39ad-452e-4d36-afea-f42f10da75a6@group-C16A233F4B74-LeaderElection16] INFO  impl.LeaderElection (LeaderElection.java:askForVotes(306)) - 330f39ad-452e-4d36-afea-f42f10da75a6@group-C16A233F4B74-LeaderElection16 ELECTION round 0: submit vote requests at term 2 for -1: [0d029702-8202-42d6-8df9-3bfc59f4c9fe|rpc:10.1.0.49:46551|dataStream:|priority:0, ed1bec8e-0ca2-4b71-b1fc-16a76d95b664|rpc:10.1.0.49:36883|dataStream:|priority:0, 330f39ad-452e-4d36-afea-f42f10da75a6|rpc:10.1.0.49:40811|dataStream:|priority:1], old=null
2021-08-04 01:16:09,332 [grpc-default-executor-4] INFO  server.RaftServer$Division (RaftServerImpl.java:requestVote(1043)) - 0d029702-8202-42d6-8df9-3bfc59f4c9fe@group-C16A233F4B74: receive requestVote(ELECTION, 330f39ad-452e-4d36-afea-f42f10da75a6, group-C16A233F4B74, 2, (t:0, i:0))
2021-08-04 01:16:09,332 [grpc-default-executor-4] INFO  impl.VoteContext (VoteContext.java:log(48)) - 0d029702-8202-42d6-8df9-3bfc59f4c9fe@group-C16A233F4B74-FOLLOWER: accept ELECTION from 330f39ad-452e-4d36-afea-f42f10da75a6: our priority 0 <= candidate's priority 1
2021-08-04 01:16:09,332 [grpc-default-executor-4] INFO  server.RaftServer$Division (RaftServerImpl.java:setRole(285)) - 0d029702-8202-42d6-8df9-3bfc59f4c9fe@group-C16A233F4B74: changes role from  FOLLOWER to FOLLOWER at term 2 for candidate:330f39ad-452e-4d36-afea-f42f10da75a6
2021-08-04 01:16:09,332 [grpc-default-executor-4] INFO  impl.RoleInfo (RoleInfo.java:shutdownFollowerState(108)) - 0d029702-8202-42d6-8df9-3bfc59f4c9fe: shutdown 0d029702-8202-42d6-8df9-3bfc59f4c9fe@group-C16A233F4B74-FollowerState
2021-08-04 01:16:09,332 [grpc-default-executor-4] INFO  impl.RoleInfo (RoleInfo.java:updateAndGet(130)) - 0d029702-8202-42d6-8df9-3bfc59f4c9fe: start 0d029702-8202-42d6-8df9-3bfc59f4c9fe@group-C16A233F4B74-FollowerState
2021-08-04 01:16:09,332 [0d029702-8202-42d6-8df9-3bfc59f4c9fe@group-C16A233F4B74-FollowerState] INFO  impl.FollowerState (FollowerState.java:run(143)) - 0d029702-8202-42d6-8df9-3bfc59f4c9fe@group-C16A233F4B74-FollowerState was interrupted: {}
java.lang.InterruptedException: sleep interrupted
	at java.lang.Thread.sleep(Native Method)
	at java.lang.Thread.sleep(Thread.java:340)
	at java.util.concurrent.TimeUnit.sleep(TimeUnit.java:386)
	at org.apache.ratis.util.TimeDuration.sleep(TimeDuration.java:324)
	at org.apache.ratis.util.TimeDuration.sleep(TimeDuration.java:309)
	at org.apache.ratis.server.impl.FollowerState.run(FollowerState.java:118)
2021-08-04 01:16:09,332 [grpc-default-executor-2] INFO  server.RaftServer$Division (RaftServerImpl.java:requestVote(1043)) - ed1bec8e-0ca2-4b71-b1fc-16a76d95b664@group-C16A233F4B74: receive requestVote(ELECTION, 330f39ad-452e-4d36-afea-f42f10da75a6, group-C16A233F4B74, 2, (t:0, i:0))
2021-08-04 01:16:09,332 [grpc-default-executor-2] INFO  impl.VoteContext (VoteContext.java:log(48)) - ed1bec8e-0ca2-4b71-b1fc-16a76d95b664@group-C16A233F4B74-FOLLOWER: accept ELECTION from 330f39ad-452e-4d36-afea-f42f10da75a6: our priority 0 <= candidate's priority 1
2021-08-04 01:16:09,332 [grpc-default-executor-2] INFO  server.RaftServer$Division (RaftServerImpl.java:setRole(285)) - ed1bec8e-0ca2-4b71-b1fc-16a76d95b664@group-C16A233F4B74: changes role from  FOLLOWER to FOLLOWER at term 2 for candidate:330f39ad-452e-4d36-afea-f42f10da75a6
2021-08-04 01:16:09,332 [grpc-default-executor-2] INFO  impl.RoleInfo (RoleInfo.java:shutdownFollowerState(108)) - ed1bec8e-0ca2-4b71-b1fc-16a76d95b664: shutdown ed1bec8e-0ca2-4b71-b1fc-16a76d95b664@group-C16A233F4B74-FollowerState
2021-08-04 01:16:09,334 [grpc-default-executor-2] INFO  impl.RoleInfo (RoleInfo.java:updateAndGet(130)) - ed1bec8e-0ca2-4b71-b1fc-16a76d95b664: start ed1bec8e-0ca2-4b71-b1fc-16a76d95b664@group-C16A233F4B74-FollowerState
2021-08-04 01:16:09,334 [ed1bec8e-0ca2-4b71-b1fc-16a76d95b664@group-C16A233F4B74-FollowerState] INFO  impl.FollowerState (FollowerState.java:run(143)) - ed1bec8e-0ca2-4b71-b1fc-16a76d95b664@group-C16A233F4B74-FollowerState was interrupted: {}
java.lang.InterruptedException: sleep interrupted
	at java.lang.Thread.sleep(Native Method)
	at java.lang.Thread.sleep(Thread.java:340)
	at java.util.concurrent.TimeUnit.sleep(TimeUnit.java:386)
	at org.apache.ratis.util.TimeDuration.sleep(TimeDuration.java:324)
	at org.apache.ratis.util.TimeDuration.sleep(TimeDuration.java:309)
	at org.apache.ratis.server.impl.FollowerState.run(FollowerState.java:118)
2021-08-04 01:16:09,338 [grpc-default-executor-4] INFO  server.RaftServer$Division (RaftServerImpl.java:requestVote(1075)) - 0d029702-8202-42d6-8df9-3bfc59f4c9fe@group-C16A233F4B74 replies to ELECTION vote request: 330f39ad-452e-4d36-afea-f42f10da75a6<-0d029702-8202-42d6-8df9-3bfc59f4c9fe#0:OK-t2. Peer's state: 0d029702-8202-42d6-8df9-3bfc59f4c9fe@group-C16A233F4B74:t2, leader=null, voted=330f39ad-452e-4d36-afea-f42f10da75a6, raftlog=0d029702-8202-42d6-8df9-3bfc59f4c9fe@group-C16A233F4B74-SegmentedRaftLog:OPENED:c-1,f-1,i0, conf=-1: [0d029702-8202-42d6-8df9-3bfc59f4c9fe|rpc:10.1.0.49:46551|priority:0, ed1bec8e-0ca2-4b71-b1fc-16a76d95b664|rpc:10.1.0.49:36883|priority:0, 330f39ad-452e-4d36-afea-f42f10da75a6|rpc:10.1.0.49:40811|priority:1], old=null
2021-08-04 01:16:09,339 [330f39ad-452e-4d36-afea-f42f10da75a6@group-C16A233F4B74-LeaderElection16] INFO  impl.LeaderElection (LeaderElection.java:logAndReturn(89)) - 330f39ad-452e-4d36-afea-f42f10da75a6@group-C16A233F4B74-LeaderElection16: ELECTION PASSED received 1 response(s) and 0 exception(s):
2021-08-04 01:16:09,339 [330f39ad-452e-4d36-afea-f42f10da75a6@group-C16A233F4B74-LeaderElection16] INFO  impl.LeaderElection (LeaderElection.java:logAndReturn(93)) -   Response 0: 330f39ad-452e-4d36-afea-f42f10da75a6<-0d029702-8202-42d6-8df9-3bfc59f4c9fe#0:OK-t2
2021-08-04 01:16:09,339 [330f39ad-452e-4d36-afea-f42f10da75a6@group-C16A233F4B74-LeaderElection16] INFO  impl.LeaderElection (LeaderElection.java:askForVotes(308)) - 330f39ad-452e-4d36-afea-f42f10da75a6@group-C16A233F4B74-LeaderElection16 ELECTION round 0: result PASSED
2021-08-04 01:16:09,339 [330f39ad-452e-4d36-afea-f42f10da75a6@group-C16A233F4B74-LeaderElection16] INFO  impl.RoleInfo (RoleInfo.java:shutdownLeaderElection(121)) - 330f39ad-452e-4d36-afea-f42f10da75a6: shutdown 330f39ad-452e-4d36-afea-f42f10da75a6@group-C16A233F4B74-LeaderElection16
2021-08-04 01:16:09,339 [330f39ad-452e-4d36-afea-f42f10da75a6@group-C16A233F4B74-LeaderElection16] INFO  server.RaftServer$Division (RaftServerImpl.java:setRole(285)) - 330f39ad-452e-4d36-afea-f42f10da75a6@group-C16A233F4B74: changes role from CANDIDATE to LEADER at term 2 for changeToLeader
2021-08-04 01:16:09,339 [330f39ad-452e-4d36-afea-f42f10da75a6@group-C16A233F4B74-LeaderElection16] INFO  ratis.XceiverServerRatis (XceiverServerRatis.java:handleLeaderChangedNotification(857)) - Leader change notification received for group: group-C16A233F4B74 with new leaderId: 330f39ad-452e-4d36-afea-f42f10da75a6
2021-08-04 01:16:09,339 [330f39ad-452e-4d36-afea-f42f10da75a6@group-C16A233F4B74-LeaderElection16] INFO  server.RaftServer$Division (ServerState.java:setLeader(285)) - 330f39ad-452e-4d36-afea-f42f10da75a6@group-C16A233F4B74: change Leader from null to 330f39ad-452e-4d36-afea-f42f10da75a6 at term 2 for becomeLeader, leader elected after 10182ms
2021-08-04 01:16:09,339 [330f39ad-452e-4d36-afea-f42f10da75a6@group-C16A233F4B74-LeaderElection16] INFO  server.RaftServerConfigKeys (ConfUtils.java:logGet(44)) - raft.server.staging.catchup.gap = 1000 (default)
2021-08-04 01:16:09,339 [Datanode State Machine Thread - 0] WARN  statemachine.StateContext (StateContext.java:execute(621)) - No available thread in pool for past 1 seconds.
2021-08-04 01:16:09,339 [330f39ad-452e-4d36-afea-f42f10da75a6@group-C16A233F4B74-LeaderElection16] INFO  server.RaftServerConfigKeys (ConfUtils.java:logGet(44)) - raft.server.write.element-limit = 1024 (custom)
2021-08-04 01:16:09,339 [330f39ad-452e-4d36-afea-f42f10da75a6@group-C16A233F4B74-LeaderElection16] INFO  server.RaftServerConfigKeys (ConfUtils.java:logGet(44)) - raft.server.write.byte-limit = 1073741824 (custom)
2021-08-04 01:16:09,340 [330f39ad-452e-4d36-afea-f42f10da75a6@group-C16A233F4B74-LeaderElection16] INFO  server.RaftServerConfigKeys (ConfUtils.java:logGet(44)) - raft.server.watch.timeout = 180s (custom)
2021-08-04 01:16:09,340 [330f39ad-452e-4d36-afea-f42f10da75a6@group-C16A233F4B74-LeaderElection16] INFO  server.RaftServerConfigKeys (ConfUtils.java:logGet(44)) - raft.server.watch.timeout.denomination = 1s (default)
2021-08-04 01:16:09,340 [330f39ad-452e-4d36-afea-f42f10da75a6@group-C16A233F4B74-LeaderElection16] INFO  server.RaftServerConfigKeys (ConfUtils.java:logGet(44)) - raft.server.watch.element-limit = 65536 (default)
2021-08-04 01:16:09,340 [330f39ad-452e-4d36-afea-f42f10da75a6@group-C16A233F4B74-LeaderElection16] INFO  server.RaftServerConfigKeys (ConfUtils.java:logGet(44)) - raft.server.log.appender.snapshot.chunk.size.max = 16MB (=16777216) (default)
2021-08-04 01:16:09,340 [330f39ad-452e-4d36-afea-f42f10da75a6@group-C16A233F4B74-LeaderElection16] INFO  server.RaftServerConfigKeys (ConfUtils.java:logGet(44)) - raft.server.log.appender.buffer.byte-limit = 33554432 (custom)
2021-08-04 01:16:09,340 [330f39ad-452e-4d36-afea-f42f10da75a6@group-C16A233F4B74-LeaderElection16] INFO  server.RaftServerConfigKeys (ConfUtils.java:logGet(44)) - raft.server.log.appender.buffer.element-limit = 1 (custom)
2021-08-04 01:16:09,340 [330f39ad-452e-4d36-afea-f42f10da75a6@group-C16A233F4B74-LeaderElection16] INFO  grpc.GrpcConfigKeys (ConfUtils.java:logGet(44)) - raft.grpc.server.leader.outstanding.appends.max = 128 (default)
2021-08-04 01:16:09,340 [330f39ad-452e-4d36-afea-f42f10da75a6@group-C16A233F4B74-LeaderElection16] INFO  server.RaftServerConfigKeys (ConfUtils.java:logGet(44)) - raft.server.rpc.request.timeout = 60s (custom)
2021-08-04 01:16:09,340 [330f39ad-452e-4d36-afea-f42f10da75a6@group-C16A233F4B74-LeaderElection16] INFO  server.RaftServerConfigKeys (ConfUtils.java:logGet(44)) - raft.server.log.appender.install.snapshot.enabled = false (custom)
2021-08-04 01:16:09,341 [330f39ad-452e-4d36-afea-f42f10da75a6@group-C16A233F4B74-LeaderElection16] INFO  server.RaftServerConfigKeys (ConfUtils.java:logGet(44)) - raft.server.log.appender.snapshot.chunk.size.max = 16MB (=16777216) (default)
2021-08-04 01:16:09,341 [330f39ad-452e-4d36-afea-f42f10da75a6@group-C16A233F4B74-LeaderElection16] INFO  server.RaftServerConfigKeys (ConfUtils.java:logGet(44)) - raft.server.log.appender.buffer.byte-limit = 33554432 (custom)
2021-08-04 01:16:09,341 [330f39ad-452e-4d36-afea-f42f10da75a6@group-C16A233F4B74-LeaderElection16] INFO  server.RaftServerConfigKeys (ConfUtils.java:logGet(44)) - raft.server.log.appender.buffer.element-limit = 1 (custom)
2021-08-04 01:16:09,341 [330f39ad-452e-4d36-afea-f42f10da75a6@group-C16A233F4B74-LeaderElection16] INFO  grpc.GrpcConfigKeys (ConfUtils.java:logGet(44)) - raft.grpc.server.leader.outstanding.appends.max = 128 (default)
2021-08-04 01:16:09,341 [330f39ad-452e-4d36-afea-f42f10da75a6@group-C16A233F4B74-LeaderElection16] INFO  server.RaftServerConfigKeys (ConfUtils.java:logGet(44)) - raft.server.rpc.request.timeout = 60s (custom)
2021-08-04 01:16:09,341 [330f39ad-452e-4d36-afea-f42f10da75a6@group-C16A233F4B74-LeaderElection16] INFO  server.RaftServerConfigKeys (ConfUtils.java:logGet(44)) - raft.server.log.appender.install.snapshot.enabled = false (custom)
2021-08-04 01:16:09,341 [330f39ad-452e-4d36-afea-f42f10da75a6@group-C16A233F4B74-LeaderElection16] INFO  impl.RoleInfo (RoleInfo.java:updateAndGet(130)) - 330f39ad-452e-4d36-afea-f42f10da75a6: start 330f39ad-452e-4d36-afea-f42f10da75a6@group-C16A233F4B74-LeaderStateImpl
2021-08-04 01:16:09,342 [EventQueue-PipelineReportForPipelineReportHandler] INFO  pipeline.PipelineManagerV2Impl (PipelineManagerV2Impl.java:openPipeline(283)) - Pipeline Pipeline[ Id: 15c6eabd-df23-453a-a7ae-c16a233f4b74, Nodes: ed1bec8e-0ca2-4b71-b1fc-16a76d95b664{ip: 10.1.0.49, host: fv-az59-81.csjynl4pkq3e1pkirw3ssqjfoh.cx.internal.cloudapp.net, ports: [REPLICATION=46177, RATIS=36883, RATIS_ADMIN=36883, RATIS_SERVER=36883, STANDALONE=34587], networkLocation: /default-rack, certSerialId: null, persistedOpState: IN_SERVICE, persistedOpStateExpiryEpochSec: 0}0d029702-8202-42d6-8df9-3bfc59f4c9fe{ip: 10.1.0.49, host: fv-az59-81.csjynl4pkq3e1pkirw3ssqjfoh.cx.internal.cloudapp.net, ports: [REPLICATION=33067, RATIS=46551, RATIS_ADMIN=46551, RATIS_SERVER=46551, STANDALONE=43191], networkLocation: /default-rack, certSerialId: null, persistedOpState: IN_SERVICE, persistedOpStateExpiryEpochSec: 0}330f39ad-452e-4d36-afea-f42f10da75a6{ip: 10.1.0.49, host: fv-az59-81.csjynl4pkq3e1pkirw3ssqjfoh.cx.internal.cloudapp.net, ports: [REPLICATION=44421, RATIS=40811, RATIS_ADMIN=40811, RATIS_SERVER=40811, STANDALONE=34569], networkLocation: /default-rack, certSerialId: null, persistedOpState: IN_SERVICE, persistedOpStateExpiryEpochSec: 0}, ReplicationConfig: RATIS/THREE, State:ALLOCATED, leaderId:330f39ad-452e-4d36-afea-f42f10da75a6, CreationTimestamp2021-08-04T01:15:57.127Z[Etc/UTC]] moved to OPEN state
2021-08-04 01:16:09,342 [330f39ad-452e-4d36-afea-f42f10da75a6@group-C16A233F4B74-LeaderElection16] INFO  segmented.SegmentedRaftLogWorker (SegmentedRaftLogWorker.java:startLogSegment(394)) - 330f39ad-452e-4d36-afea-f42f10da75a6@group-C16A233F4B74-SegmentedRaftLogWorker: Starting segment from index:0
2021-08-04 01:16:09,343 [grpc-default-executor-2] INFO  server.RaftServer$Division (RaftServerImpl.java:requestVote(1075)) - ed1bec8e-0ca2-4b71-b1fc-16a76d95b664@group-C16A233F4B74 replies to ELECTION vote request: 330f39ad-452e-4d36-afea-f42f10da75a6<-ed1bec8e-0ca2-4b71-b1fc-16a76d95b664#0:OK-t2. Peer's state: ed1bec8e-0ca2-4b71-b1fc-16a76d95b664@group-C16A233F4B74:t2, leader=null, voted=330f39ad-452e-4d36-afea-f42f10da75a6, raftlog=ed1bec8e-0ca2-4b71-b1fc-16a76d95b664@group-C16A233F4B74-SegmentedRaftLog:OPENED:c-1,f-1,i0, conf=-1: [0d029702-8202-42d6-8df9-3bfc59f4c9fe|rpc:10.1.0.49:46551|priority:0, ed1bec8e-0ca2-4b71-b1fc-16a76d95b664|rpc:10.1.0.49:36883|priority:0, 330f39ad-452e-4d36-afea-f42f10da75a6|rpc:10.1.0.49:40811|priority:1], old=null
2021-08-04 01:16:09,344 [330f39ad-452e-4d36-afea-f42f10da75a6@group-C16A233F4B74-SegmentedRaftLogWorker] INFO  segmented.SegmentedRaftLogWorker (SegmentedRaftLogWorker.java:execute(601)) - 330f39ad-452e-4d36-afea-f42f10da75a6@group-C16A233F4B74-SegmentedRaftLogWorker: created new log segment /home/runner/work/ozone/ozone/mnt/ozone/hadoop-ozone/integration-test/target/test-dir/MiniOzoneClusterImpl-e5186c5f-1b64-46e6-9930-7a8733b94f9c/datanode-3/data/ratis/15c6eabd-df23-453a-a7ae-c16a233f4b74/current/log_inprogress_0
2021-08-04 01:16:09,345 [grpc-default-executor-4] INFO  ratis.XceiverServerRatis (XceiverServerRatis.java:handleLeaderChangedNotification(857)) - Leader change notification received for group: group-C16A233F4B74 with new leaderId: 330f39ad-452e-4d36-afea-f42f10da75a6
2021-08-04 01:16:09,345 [grpc-default-executor-4] INFO  server.RaftServer$Division (ServerState.java:setLeader(285)) - 0d029702-8202-42d6-8df9-3bfc59f4c9fe@group-C16A233F4B74: change Leader from null to 330f39ad-452e-4d36-afea-f42f10da75a6 at term 2 for appendEntries, leader elected after 10242ms
2021-08-04 01:16:09,352 [330f39ad-452e-4d36-afea-f42f10da75a6@group-C16A233F4B74-LeaderElection16] INFO  server.RaftServer$Division (ServerState.java:setRaftConf(387)) - 330f39ad-452e-4d36-afea-f42f10da75a6@group-C16A233F4B74: set configuration 0: [0d029702-8202-42d6-8df9-3bfc59f4c9fe|rpc:10.1.0.49:46551|dataStream:|priority:0, ed1bec8e-0ca2-4b71-b1fc-16a76d95b664|rpc:10.1.0.49:36883|dataStream:|priority:0, 330f39ad-452e-4d36-afea-f42f10da75a6|rpc:10.1.0.49:40811|dataStream:|priority:1], old=null
2021-08-04 01:16:09,374 [grpc-default-executor-3] INFO  server.RaftServer$Division (ServerState.java:setRaftConf(387)) - 0d029702-8202-42d6-8df9-3bfc59f4c9fe@group-C16A233F4B74: set configuration 0: [0d029702-8202-42d6-8df9-3bfc59f4c9fe|rpc:10.1.0.49:46551|dataStream:|priority:0, ed1bec8e-0ca2-4b71-b1fc-16a76d95b664|rpc:10.1.0.49:36883|dataStream:|priority:0, 330f39ad-452e-4d36-afea-f42f10da75a6|rpc:10.1.0.49:40811|dataStream:|priority:1], old=null
2021-08-04 01:16:09,375 [grpc-default-executor-3] INFO  segmented.SegmentedRaftLogWorker (SegmentedRaftLogWorker.java:startLogSegment(394)) - 0d029702-8202-42d6-8df9-3bfc59f4c9fe@group-C16A233F4B74-SegmentedRaftLogWorker: Starting segment from index:0
2021-08-04 01:16:09,379 [grpc-default-executor-2] INFO  ratis.XceiverServerRatis (XceiverServerRatis.java:handleLeaderChangedNotification(857)) - Leader change notification received for group: group-C16A233F4B74 with new leaderId: 330f39ad-452e-4d36-afea-f42f10da75a6
2021-08-04 01:16:09,379 [grpc-default-executor-2] INFO  server.RaftServer$Division (ServerState.java:setLeader(285)) - ed1bec8e-0ca2-4b71-b1fc-16a76d95b664@group-C16A233F4B74: change Leader from null to 330f39ad-452e-4d36-afea-f42f10da75a6 at term 2 for appendEntries, leader elected after 10256ms
2021-08-04 01:16:09,379 [330f39ad-452e-4d36-afea-f42f10da75a6@group-C16A233F4B74-StateMachineUpdater] ERROR storage.RaftStorage (RaftStorageImpl.java:writeRaftConfiguration(141)) - Failed writing configuration to file:/home/runner/work/ozone/ozone/mnt/ozone/hadoop-ozone/integration-test/target/test-dir/MiniOzoneClusterImpl-e5186c5f-1b64-46e6-9930-7a8733b94f9c/datanode-3/data/ratis/15c6eabd-df23-453a-a7ae-c16a233f4b74/current/raft-meta.conf
java.io.IOException: No space left on device
	at java.io.FileOutputStream.writeBytes(Native Method)
	at java.io.FileOutputStream.write(FileOutputStream.java:326)
	at org.apache.ratis.thirdparty.com.google.protobuf.CodedOutputStream$OutputStreamEncoder.doFlush(CodedOutputStream.java:3062)
	at org.apache.ratis.thirdparty.com.google.protobuf.CodedOutputStream$OutputStreamEncoder.flush(CodedOutputStream.java:2974)
	at org.apache.ratis.thirdparty.com.google.protobuf.AbstractMessageLite.writeTo(AbstractMessageLite.java:84)
	at org.apache.ratis.server.storage.RaftStorageImpl.writeRaftConfiguration(RaftStorageImpl.java:139)
	at org.apache.ratis.server.impl.ServerState.writeRaftConfiguration(ServerState.java:188)
	at org.apache.ratis.server.impl.RaftServerImpl.applyLogToStateMachine(RaftServerImpl.java:1675)
	at org.apache.ratis.server.impl.StateMachineUpdater.applyLog(StateMachineUpdater.java:234)
	at org.apache.ratis.server.impl.StateMachineUpdater.run(StateMachineUpdater.java:179)
	at java.lang.Thread.run(Thread.java:748)
2021-08-04 01:16:09,384 [0d029702-8202-42d6-8df9-3bfc59f4c9fe@group-C16A233F4B74-SegmentedRaftLogWorker] ERROR ratis.XceiverServerRatis (XceiverServerRatis.java:triggerPipelineClose(672)) - pipeline Action CLOSE on pipeline PipelineID=15c6eabd-df23-453a-a7ae-c16a233f4b74.Reason : Log already failed at index 0 for task StartLogSegment:0
2021-08-04 01:16:09,384 [Datanode State Machine Thread - 0] WARN  statemachine.StateContext (StateContext.java:execute(621)) - No available thread in pool for past 1 seconds.
2021-08-04 01:16:09,385 [grpc-default-executor-2] INFO  server.RaftServer$Division (ServerState.java:setRaftConf(387)) - ed1bec8e-0ca2-4b71-b1fc-16a76d95b664@group-C16A233F4B74: set configuration 0: [0d029702-8202-42d6-8df9-3bfc59f4c9fe|rpc:10.1.0.49:46551|dataStream:|priority:0, ed1bec8e-0ca2-4b71-b1fc-16a76d95b664|rpc:10.1.0.49:36883|dataStream:|priority:0, 330f39ad-452e-4d36-afea-f42f10da75a6|rpc:10.1.0.49:40811|dataStream:|priority:1], old=null
2021-08-04 01:16:09,386 [grpc-default-executor-2] INFO  segmented.SegmentedRaftLogWorker (SegmentedRaftLogWorker.java:startLogSegment(394)) - ed1bec8e-0ca2-4b71-b1fc-16a76d95b664@group-C16A233F4B74-SegmentedRaftLogWorker: Starting segment from index:0
2021-08-04 01:16:09,386 [ed1bec8e-0ca2-4b71-b1fc-16a76d95b664@group-C16A233F4B74-SegmentedRaftLogWorker] ERROR ratis.XceiverServerRatis (XceiverServerRatis.java:triggerPipelineClose(672)) - pipeline Action CLOSE on pipeline PipelineID=15c6eabd-df23-453a-a7ae-c16a233f4b74.Reason : Log already failed at index 0 for task StartLogSegment:0
2021-08-04 01:16:09,390 [EventQueue-PipelineActionsForPipelineActionHandler] INFO  pipeline.PipelineActionHandler (PipelineActionHandler.java:processPipelineAction(82)) - Received pipeline action CLOSE for PipelineID=15c6eabd-df23-453a-a7ae-c16a233f4b74 from datanode 0d029702-8202-42d6-8df9-3bfc59f4c9fe. Reason : Log already failed at index 0 for task StartLogSegment:0
2021-08-04 01:16:09,393 [EventQueue-PipelineActionsForPipelineActionHandler] INFO  pipeline.PipelineManagerV2Impl (PipelineManagerV2Impl.java:closePipeline(343)) - Pipeline Pipeline[ Id: 15c6eabd-df23-453a-a7ae-c16a233f4b74, Nodes: ed1bec8e-0ca2-4b71-b1fc-16a76d95b664{ip: 10.1.0.49, host: fv-az59-81.csjynl4pkq3e1pkirw3ssqjfoh.cx.internal.cloudapp.net, ports: [REPLICATION=46177, RATIS=36883, RATIS_ADMIN=36883, RATIS_SERVER=36883, STANDALONE=34587], networkLocation: /default-rack, certSerialId: null, persistedOpState: IN_SERVICE, persistedOpStateExpiryEpochSec: 0}0d029702-8202-42d6-8df9-3bfc59f4c9fe{ip: 10.1.0.49, host: fv-az59-81.csjynl4pkq3e1pkirw3ssqjfoh.cx.internal.cloudapp.net, ports: [REPLICATION=33067, RATIS=46551, RATIS_ADMIN=46551, RATIS_SERVER=46551, STANDALONE=43191], networkLocation: /default-rack, certSerialId: null, persistedOpState: IN_SERVICE, persistedOpStateExpiryEpochSec: 0}330f39ad-452e-4d36-afea-f42f10da75a6{ip: 10.1.0.49, host: fv-az59-81.csjynl4pkq3e1pkirw3ssqjfoh.cx.internal.cloudapp.net, ports: [REPLICATION=44421, RATIS=40811, RATIS_ADMIN=40811, RATIS_SERVER=40811, STANDALONE=34569], networkLocation: /default-rack, certSerialId: null, persistedOpState: IN_SERVICE, persistedOpStateExpiryEpochSec: 0}, ReplicationConfig: RATIS/THREE, State:OPEN, leaderId:330f39ad-452e-4d36-afea-f42f10da75a6, CreationTimestamp2021-08-04T01:15:57.127Z[Etc/UTC]] moved to CLOSED state
2021-08-04 01:16:09,393 [EventQueue-CloseContainerForCloseContainerEventHandler] INFO  container.CloseContainerEventHandler (CloseContainerEventHandler.java:onMessage(69)) - Close container Event triggered for container : #19
2021-08-04 01:16:09,393 [EventQueue-PipelineActionsForPipelineActionHandler] INFO  pipeline.RatisPipelineProvider (RatisPipelineProvider.java:lambda$close$1(222)) - Send pipeline:PipelineID=15c6eabd-df23-453a-a7ae-c16a233f4b74 close command to datanode ed1bec8e-0ca2-4b71-b1fc-16a76d95b664
2021-08-04 01:16:09,394 [EventQueue-PipelineActionsForPipelineActionHandler] INFO  pipeline.RatisPipelineProvider (RatisPipelineProvider.java:lambda$close$1(222)) - Send pipeline:PipelineID=15c6eabd-df23-453a-a7ae-c16a233f4b74 close command to datanode 0d029702-8202-42d6-8df9-3bfc59f4c9fe
2021-08-04 01:16:09,394 [EventQueue-PipelineActionsForPipelineActionHandler] INFO  pipeline.RatisPipelineProvider (RatisPipelineProvider.java:lambda$close$1(222)) - Send pipeline:PipelineID=15c6eabd-df23-453a-a7ae-c16a233f4b74 close command to datanode 330f39ad-452e-4d36-afea-f42f10da75a6
2021-08-04 01:16:09,394 [EventQueue-PipelineActionsForPipelineActionHandler] INFO  pipeline.PipelineStateManager (PipelineStateManagerV2Impl.java:removePipeline(211)) - Pipeline Pipeline[ Id: 15c6eabd-df23-453a-a7ae-c16a233f4b74, Nodes: ed1bec8e-0ca2-4b71-b1fc-16a76d95b664{ip: 10.1.0.49, host: fv-az59-81.csjynl4pkq3e1pkirw3ssqjfoh.cx.internal.cloudapp.net, ports: [REPLICATION=46177, RATIS=36883, RATIS_ADMIN=36883, RATIS_SERVER=36883, STANDALONE=34587], networkLocation: /default-rack, certSerialId: null, persistedOpState: IN_SERVICE, persistedOpStateExpiryEpochSec: 0}0d029702-8202-42d6-8df9-3bfc59f4c9fe{ip: 10.1.0.49, host: fv-az59-81.csjynl4pkq3e1pkirw3ssqjfoh.cx.internal.cloudapp.net, ports: [REPLICATION=33067, RATIS=46551, RATIS_ADMIN=46551, RATIS_SERVER=46551, STANDALONE=43191], networkLocation: /default-rack, certSerialId: null, persistedOpState: IN_SERVICE, persistedOpStateExpiryEpochSec: 0}330f39ad-452e-4d36-afea-f42f10da75a6{ip: 10.1.0.49, host: fv-az59-81.csjynl4pkq3e1pkirw3ssqjfoh.cx.internal.cloudapp.net, ports: [REPLICATION=44421, RATIS=40811, RATIS_ADMIN=40811, RATIS_SERVER=40811, STANDALONE=34569], networkLocation: /default-rack, certSerialId: null, persistedOpState: IN_SERVICE, persistedOpStateExpiryEpochSec: 0}, ReplicationConfig: RATIS/THREE, State:CLOSED, leaderId:330f39ad-452e-4d36-afea-f42f10da75a6, CreationTimestamp2021-08-04T01:15:57.127Z[Etc/UTC]] removed.
2021-08-04 01:16:09,394 [EventQueue-CloseContainerForCloseContainerEventHandler] INFO  pipeline.PipelineStateManager (PipelineStateManagerV2Impl.java:removeContainerFromPipeline(237)) - Pipeline PipelineID=15c6eabd-df23-453a-a7ae-c16a233f4b74 is not found in the pipeline2ContainerMap. Pipeline may have been closed already.
2021-08-04 01:16:09,400 [EventQueue-PipelineActionsForPipelineActionHandler] INFO  pipeline.PipelineActionHandler (PipelineActionHandler.java:processPipelineAction(82)) - Received pipeline action CLOSE for PipelineID=15c6eabd-df23-453a-a7ae-c16a233f4b74 from datanode ed1bec8e-0ca2-4b71-b1fc-16a76d95b664. Reason : Log already failed at index 0 for task StartLogSegment:0
2021-08-04 01:16:09,400 [EventQueue-PipelineActionsForPipelineActionHandler] WARN  pipeline.PipelineActionHandler (PipelineActionHandler.java:processPipelineAction(93)) - Pipeline action CLOSE received for unknown pipeline PipelineID=15c6eabd-df23-453a-a7ae-c16a233f4b74, firing close pipeline event.
2021-08-04 01:16:11,102 [Command processor thread] INFO  server.RaftServer (RaftServerProxy.java:remove(106)) - 0d029702-8202-42d6-8df9-3bfc59f4c9fe: remove  FOLLOWER 0d029702-8202-42d6-8df9-3bfc59f4c9fe@group-C16A233F4B74:t2, leader=330f39ad-452e-4d36-afea-f42f10da75a6, voted=330f39ad-452e-4d36-afea-f42f10da75a6, raftlog=0d029702-8202-42d6-8df9-3bfc59f4c9fe@group-C16A233F4B74-SegmentedRaftLog:OPENED:c-1,f-1,i0, conf=0: [0d029702-8202-42d6-8df9-3bfc59f4c9fe|rpc:10.1.0.49:46551|dataStream:|priority:0, ed1bec8e-0ca2-4b71-b1fc-16a76d95b664|rpc:10.1.0.49:36883|dataStream:|priority:0, 330f39ad-452e-4d36-afea-f42f10da75a6|rpc:10.1.0.49:40811|dataStream:|priority:1], old=null RUNNING
2021-08-04 01:16:11,102 [Command processor thread] INFO  server.RaftServer$Division (RaftServerImpl.java:lambda$close$4(407)) - 0d029702-8202-42d6-8df9-3bfc59f4c9fe@group-C16A233F4B74: shutdown
2021-08-04 01:16:11,103 [Command processor thread] INFO  util.JmxRegister (JmxRegister.java:unregister(73)) - Successfully un-registered JMX Bean with object name Ratis:service=RaftServer,group=group-C16A233F4B74,id=0d029702-8202-42d6-8df9-3bfc59f4c9fe
2021-08-04 01:16:11,103 [Command processor thread] INFO  impl.RoleInfo (RoleInfo.java:shutdownFollowerState(108)) - 0d029702-8202-42d6-8df9-3bfc59f4c9fe: shutdown 0d029702-8202-42d6-8df9-3bfc59f4c9fe@group-C16A233F4B74-FollowerState
2021-08-04 01:16:11,103 [Command processor thread] INFO  impl.StateMachineUpdater (StateMachineUpdater.java:stopAndJoin(149)) - 0d029702-8202-42d6-8df9-3bfc59f4c9fe@group-C16A233F4B74-StateMachineUpdater: set stopIndex = -1
2021-08-04 01:16:11,104 [0d029702-8202-42d6-8df9-3bfc59f4c9fe@group-C16A233F4B74-FollowerState] INFO  impl.FollowerState (FollowerState.java:run(143)) - 0d029702-8202-42d6-8df9-3bfc59f4c9fe@group-C16A233F4B74-FollowerState was interrupted: {}
java.lang.InterruptedException: sleep interrupted
	at java.lang.Thread.sleep(Native Method)
	at java.lang.Thread.sleep(Thread.java:340)
	at java.util.concurrent.TimeUnit.sleep(TimeUnit.java:386)
	at org.apache.ratis.util.TimeDuration.sleep(TimeDuration.java:324)
	at org.apache.ratis.util.TimeDuration.sleep(TimeDuration.java:309)
	at org.apache.ratis.server.impl.FollowerState.run(FollowerState.java:118)
2021-08-04 01:16:11,104 [Command processor thread] INFO  server.RaftServer$Division (ServerState.java:close(419)) - 0d029702-8202-42d6-8df9-3bfc59f4c9fe@group-C16A233F4B74: closes. applyIndex: -1
2021-08-04 01:16:11,105 [0d029702-8202-42d6-8df9-3bfc59f4c9fe@group-C16A233F4B74-SegmentedRaftLogWorker] INFO  segmented.SegmentedRaftLogWorker (SegmentedRaftLogWorker.java:run(327)) - 0d029702-8202-42d6-8df9-3bfc59f4c9fe@group-C16A233F4B74-SegmentedRaftLogWorker was interrupted, exiting. There are 0 tasks remaining in the queue.
2021-08-04 01:16:11,105 [Command processor thread] INFO  segmented.SegmentedRaftLogWorker (SegmentedRaftLogWorker.java:close(237)) - 0d029702-8202-42d6-8df9-3bfc59f4c9fe@group-C16A233F4B74-SegmentedRaftLogWorker close()
2021-08-04 01:16:11,106 [Command processor thread] INFO  server.RaftServer$Division (RaftServerImpl.java:groupRemove(377)) - 0d029702-8202-42d6-8df9-3bfc59f4c9fe@group-C16A233F4B74: Succeed to remove RaftStorageDirectory Storage Directory /home/runner/work/ozone/ozone/mnt/ozone/hadoop-ozone/integration-test/target/test-dir/MiniOzoneClusterImpl-e5186c5f-1b64-46e6-9930-7a8733b94f9c/datanode-0/data/ratis/15c6eabd-df23-453a-a7ae-c16a233f4b74
2021-08-04 01:16:11,106 [Command processor thread] INFO  commandhandler.ClosePipelineCommandHandler (ClosePipelineCommandHandler.java:handle(75)) - Close Pipeline PipelineID=15c6eabd-df23-453a-a7ae-c16a233f4b74 command on datanode 0d029702-8202-42d6-8df9-3bfc59f4c9fe.
2021-08-04 01:16:11,125 [Command processor thread] INFO  server.RaftServer (RaftServerProxy.java:remove(106)) - ed1bec8e-0ca2-4b71-b1fc-16a76d95b664: remove  FOLLOWER ed1bec8e-0ca2-4b71-b1fc-16a76d95b664@group-C16A233F4B74:t2, leader=330f39ad-452e-4d36-afea-f42f10da75a6, voted=330f39ad-452e-4d36-afea-f42f10da75a6, raftlog=ed1bec8e-0ca2-4b71-b1fc-16a76d95b664@group-C16A233F4B74-SegmentedRaftLog:OPENED:c-1,f-1,i0, conf=0: [0d029702-8202-42d6-8df9-3bfc59f4c9fe|rpc:10.1.0.49:46551|dataStream:|priority:0, ed1bec8e-0ca2-4b71-b1fc-16a76d95b664|rpc:10.1.0.49:36883|dataStream:|priority:0, 330f39ad-452e-4d36-afea-f42f10da75a6|rpc:10.1.0.49:40811|dataStream:|priority:1], old=null RUNNING
2021-08-04 01:16:11,125 [Command processor thread] INFO  server.RaftServer$Division (RaftServerImpl.java:lambda$close$4(407)) - ed1bec8e-0ca2-4b71-b1fc-16a76d95b664@group-C16A233F4B74: shutdown
2021-08-04 01:16:11,125 [Command processor thread] INFO  util.JmxRegister (JmxRegister.java:unregister(73)) - Successfully un-registered JMX Bean with object name Ratis:service=RaftServer,group=group-C16A233F4B74,id=ed1bec8e-0ca2-4b71-b1fc-16a76d95b664
2021-08-04 01:16:11,125 [Command processor thread] INFO  impl.RoleInfo (RoleInfo.java:shutdownFollowerState(108)) - ed1bec8e-0ca2-4b71-b1fc-16a76d95b664: shutdown ed1bec8e-0ca2-4b71-b1fc-16a76d95b664@group-C16A233F4B74-FollowerState
2021-08-04 01:16:11,125 [Command processor thread] INFO  impl.StateMachineUpdater (StateMachineUpdater.java:stopAndJoin(149)) - ed1bec8e-0ca2-4b71-b1fc-16a76d95b664@group-C16A233F4B74-StateMachineUpdater: set stopIndex = -1
2021-08-04 01:16:11,125 [ed1bec8e-0ca2-4b71-b1fc-16a76d95b664@group-C16A233F4B74-FollowerState] INFO  impl.FollowerState (FollowerState.java:run(143)) - ed1bec8e-0ca2-4b71-b1fc-16a76d95b664@group-C16A233F4B74-FollowerState was interrupted: {}
java.lang.InterruptedException: sleep interrupted
	at java.lang.Thread.sleep(Native Method)
	at java.lang.Thread.sleep(Thread.java:340)
	at java.util.concurrent.TimeUnit.sleep(TimeUnit.java:386)
	at org.apache.ratis.util.TimeDuration.sleep(TimeDuration.java:324)
	at org.apache.ratis.util.TimeDuration.sleep(TimeDuration.java:309)
	at org.apache.ratis.server.impl.FollowerState.run(FollowerState.java:118)
2021-08-04 01:16:11,129 [Command processor thread] INFO  server.RaftServer$Division (ServerState.java:close(419)) - ed1bec8e-0ca2-4b71-b1fc-16a76d95b664@group-C16A233F4B74: closes. applyIndex: -1
2021-08-04 01:16:11,129 [ed1bec8e-0ca2-4b71-b1fc-16a76d95b664@group-C16A233F4B74-SegmentedRaftLogWorker] INFO  segmented.SegmentedRaftLogWorker (SegmentedRaftLogWorker.java:run(327)) - ed1bec8e-0ca2-4b71-b1fc-16a76d95b664@group-C16A233F4B74-SegmentedRaftLogWorker was interrupted, exiting. There are 0 tasks remaining in the queue.
2021-08-04 01:16:11,129 [Command processor thread] INFO  segmented.SegmentedRaftLogWorker (SegmentedRaftLogWorker.java:close(237)) - ed1bec8e-0ca2-4b71-b1fc-16a76d95b664@group-C16A233F4B74-SegmentedRaftLogWorker close()
2021-08-04 01:16:11,130 [Command processor thread] INFO  server.RaftServer$Division (RaftServerImpl.java:groupRemove(377)) - ed1bec8e-0ca2-4b71-b1fc-16a76d95b664@group-C16A233F4B74: Succeed to remove RaftStorageDirectory Storage Directory /home/runner/work/ozone/ozone/mnt/ozone/hadoop-ozone/integration-test/target/test-dir/MiniOzoneClusterImpl-e5186c5f-1b64-46e6-9930-7a8733b94f9c/datanode-2/data/ratis/15c6eabd-df23-453a-a7ae-c16a233f4b74
2021-08-04 01:16:11,130 [Command processor thread] INFO  commandhandler.ClosePipelineCommandHandler (ClosePipelineCommandHandler.java:handle(75)) - Close Pipeline PipelineID=15c6eabd-df23-453a-a7ae-c16a233f4b74 command on datanode ed1bec8e-0ca2-4b71-b1fc-16a76d95b664.
2021-08-04 01:16:11,130 [Command processor thread] WARN  server.RaftServer (RaftServerProxy.java:remove(101)) - ed1bec8e-0ca2-4b71-b1fc-16a76d95b664: does not contain group: group-C16A233F4B74
2021-08-04 01:16:11,130 [Command processor thread] ERROR commandhandler.ClosePipelineCommandHandler (ClosePipelineCommandHandler.java:handle(78)) - Can't close pipeline PipelineID=15c6eabd-df23-453a-a7ae-c16a233f4b74
java.io.IOException: ed1bec8e-0ca2-4b71-b1fc-16a76d95b664: Group group-C16A233F4B74 not found.
	at org.apache.hadoop.ozone.container.common.transport.server.ratis.XceiverServerRatis.removeGroup(XceiverServerRatis.java:777)
	at org.apache.hadoop.ozone.container.common.statemachine.commandhandler.ClosePipelineCommandHandler.handle(ClosePipelineCommandHandler.java:74)
	at org.apache.hadoop.ozone.container.common.statemachine.commandhandler.CommandDispatcher.handle(CommandDispatcher.java:99)
	at org.apache.hadoop.ozone.container.common.statemachine.DatanodeStateMachine.lambda$initCommandHandlerThread$2(DatanodeStateMachine.java:555)
	at java.lang.Thread.run(Thread.java:748)
Caused by: org.apache.ratis.protocol.exceptions.GroupMismatchException: ed1bec8e-0ca2-4b71-b1fc-16a76d95b664: Group group-C16A233F4B74 not found.
	at org.apache.ratis.server.impl.RaftServerProxy.groupRemoveAsync(RaftServerProxy.java:504)
	at org.apache.ratis.server.impl.RaftServerProxy.groupManagementAsync(RaftServerProxy.java:460)
	at org.apache.ratis.server.impl.RaftServerProxy.groupManagement(RaftServerProxy.java:440)
	at org.apache.hadoop.ozone.container.common.transport.server.ratis.XceiverServerRatis.removeGroup(XceiverServerRatis.java:775)
	... 4 more
2021-08-04 01:16:11,161 [Command processor thread] INFO  server.RaftServer (RaftServerProxy.java:remove(106)) - 330f39ad-452e-4d36-afea-f42f10da75a6: remove    LEADER 330f39ad-452e-4d36-afea-f42f10da75a6@group-C16A233F4B74:t2, leader=330f39ad-452e-4d36-afea-f42f10da75a6, voted=330f39ad-452e-4d36-afea-f42f10da75a6, raftlog=330f39ad-452e-4d36-afea-f42f10da75a6@group-C16A233F4B74-SegmentedRaftLog:OPENED:c0,f0,i0, conf=0: [0d029702-8202-42d6-8df9-3bfc59f4c9fe|rpc:10.1.0.49:46551|dataStream:|priority:0, ed1bec8e-0ca2-4b71-b1fc-16a76d95b664|rpc:10.1.0.49:36883|dataStream:|priority:0, 330f39ad-452e-4d36-afea-f42f10da75a6|rpc:10.1.0.49:40811|dataStream:|priority:1], old=null RUNNING
2021-08-04 01:16:11,161 [Command processor thread] INFO  server.RaftServer$Division (RaftServerImpl.java:lambda$close$4(407)) - 330f39ad-452e-4d36-afea-f42f10da75a6@group-C16A233F4B74: shutdown
2021-08-04 01:16:11,161 [Command processor thread] INFO  util.JmxRegister (JmxRegister.java:unregister(73)) - Successfully un-registered JMX Bean with object name Ratis:service=RaftServer,group=group-C16A233F4B74,id=330f39ad-452e-4d36-afea-f42f10da75a6
2021-08-04 01:16:11,161 [Command processor thread] INFO  impl.RoleInfo (RoleInfo.java:shutdownLeaderState(91)) - 330f39ad-452e-4d36-afea-f42f10da75a6: shutdown 330f39ad-452e-4d36-afea-f42f10da75a6@group-C16A233F4B74-LeaderStateImpl
2021-08-04 01:16:11,162 [Command processor thread] INFO  impl.PendingRequests (PendingRequests.java:sendNotLeaderResponses(249)) - 330f39ad-452e-4d36-afea-f42f10da75a6@group-C16A233F4B74-PendingRequests: sendNotLeaderResponses
2021-08-04 01:16:11,162 [330f39ad-452e-4d36-afea-f42f10da75a6@group-C16A233F4B74->0d029702-8202-42d6-8df9-3bfc59f4c9fe-GrpcLogAppender-LogAppenderDaemon] WARN  server.GrpcLogAppender (GrpcLogAppender.java:mayWait(175)) - 330f39ad-452e-4d36-afea-f42f10da75a6@group-C16A233F4B74->0d029702-8202-42d6-8df9-3bfc59f4c9fe-GrpcLogAppender: Wait interrupted by java.lang.InterruptedException
2021-08-04 01:16:11,162 [330f39ad-452e-4d36-afea-f42f10da75a6@group-C16A233F4B74->ed1bec8e-0ca2-4b71-b1fc-16a76d95b664-GrpcLogAppender-LogAppenderDaemon] WARN  server.GrpcLogAppender (GrpcLogAppender.java:mayWait(175)) - 330f39ad-452e-4d36-afea-f42f10da75a6@group-C16A233F4B74->ed1bec8e-0ca2-4b71-b1fc-16a76d95b664-GrpcLogAppender: Wait interrupted by java.lang.InterruptedException
2021-08-04 01:16:11,162 [grpc-default-executor-4] INFO  server.GrpcServerProtocolService (GrpcServerProtocolService.java:onCompleted(140)) - 0d029702-8202-42d6-8df9-3bfc59f4c9fe: Completed APPEND_ENTRIES, lastRequest: 330f39ad-452e-4d36-afea-f42f10da75a6->0d029702-8202-42d6-8df9-3bfc59f4c9fe#1-t2,previous=(t:0, i:0),leaderCommit=-1,initializing? true,entries: size=1, first=(t:2, i:0), CONFIGURATIONENTRY
2021-08-04 01:16:11,162 [grpc-default-executor-2] INFO  server.GrpcServerProtocolService (GrpcServerProtocolService.java:onCompleted(140)) - ed1bec8e-0ca2-4b71-b1fc-16a76d95b664: Completed APPEND_ENTRIES, lastRequest: 330f39ad-452e-4d36-afea-f42f10da75a6->ed1bec8e-0ca2-4b71-b1fc-16a76d95b664#1-t2,previous=(t:0, i:0),leaderCommit=0,initializing? true,entries: size=1, first=(t:2, i:0), CONFIGURATIONENTRY
2021-08-04 01:16:11,163 [grpc-default-executor-4] INFO  server.GrpcLogAppender (GrpcLogAppender.java:onCompleted(344)) - 330f39ad-452e-4d36-afea-f42f10da75a6@group-C16A233F4B74->ed1bec8e-0ca2-4b71-b1fc-16a76d95b664-AppendLogResponseHandler: follower responses appendEntries COMPLETED
2021-08-04 01:16:11,163 [grpc-default-executor-4] INFO  leader.FollowerInfo (FollowerInfoImpl.java:lambda$new$0(46)) - 330f39ad-452e-4d36-afea-f42f10da75a6@group-C16A233F4B74->ed1bec8e-0ca2-4b71-b1fc-16a76d95b664: nextIndex: updateUnconditionally 1 -> 0
2021-08-04 01:16:11,163 [grpc-default-executor-2] INFO  server.GrpcLogAppender (GrpcLogAppender.java:onCompleted(344)) - 330f39ad-452e-4d36-afea-f42f10da75a6@group-C16A233F4B74->0d029702-8202-42d6-8df9-3bfc59f4c9fe-AppendLogResponseHandler: follower responses appendEntries COMPLETED
2021-08-04 01:16:11,163 [grpc-default-executor-2] INFO  leader.FollowerInfo (FollowerInfoImpl.java:lambda$new$0(46)) - 330f39ad-452e-4d36-afea-f42f10da75a6@group-C16A233F4B74->0d029702-8202-42d6-8df9-3bfc59f4c9fe: nextIndex: updateUnconditionally 1 -> 0
2021-08-04 01:16:11,169 [Command processor thread] INFO  impl.StateMachineUpdater (StateMachineUpdater.java:stopAndJoin(149)) - 330f39ad-452e-4d36-afea-f42f10da75a6@group-C16A233F4B74-StateMachineUpdater: set stopIndex = 0
2021-08-04 01:16:11,169 [330f39ad-452e-4d36-afea-f42f10da75a6@group-C16A233F4B74-StateMachineUpdater] INFO  ratis.ContainerStateMachine (ContainerStateMachine.java:takeSnapshot(291)) - group-C16A233F4B74: Taking a snapshot at:(t:2, i:0) file /home/runner/work/ozone/ozone/mnt/ozone/hadoop-ozone/integration-test/target/test-dir/MiniOzoneClusterImpl-e5186c5f-1b64-46e6-9930-7a8733b94f9c/datanode-3/data/ratis/15c6eabd-df23-453a-a7ae-c16a233f4b74/sm/snapshot.2_0
2021-08-04 01:16:11,178 [330f39ad-452e-4d36-afea-f42f10da75a6@group-C16A233F4B74-StateMachineUpdater] INFO  ratis.ContainerStateMachine (ContainerStateMachine.java:takeSnapshot(302)) - group-C16A233F4B74: Finished taking a snapshot at:(t:2, i:0) file:/home/runner/work/ozone/ozone/mnt/ozone/hadoop-ozone/integration-test/target/test-dir/MiniOzoneClusterImpl-e5186c5f-1b64-46e6-9930-7a8733b94f9c/datanode-3/data/ratis/15c6eabd-df23-453a-a7ae-c16a233f4b74/sm/snapshot.2_0 took: 9 ms
2021-08-04 01:16:11,179 [330f39ad-452e-4d36-afea-f42f10da75a6@group-C16A233F4B74-StateMachineUpdater] INFO  impl.StateMachineUpdater (StateMachineUpdater.java:takeSnapshot(281)) - 330f39ad-452e-4d36-afea-f42f10da75a6@group-C16A233F4B74-StateMachineUpdater: Took a snapshot at index 0
2021-08-04 01:16:11,179 [330f39ad-452e-4d36-afea-f42f10da75a6@group-C16A233F4B74-StateMachineUpdater] INFO  impl.StateMachineUpdater (StateMachineUpdater.java:lambda$new$0(89)) - 330f39ad-452e-4d36-afea-f42f10da75a6@group-C16A233F4B74-StateMachineUpdater: snapshotIndex: updateIncreasingly -1 -> 0
2021-08-04 01:16:11,183 [Command processor thread] INFO  server.RaftServer$Division (ServerState.java:close(419)) - 330f39ad-452e-4d36-afea-f42f10da75a6@group-C16A233F4B74: closes. applyIndex: 0
2021-08-04 01:16:11,183 [330f39ad-452e-4d36-afea-f42f10da75a6@group-C16A233F4B74-SegmentedRaftLogWorker] INFO  segmented.SegmentedRaftLogWorker (SegmentedRaftLogWorker.java:run(327)) - 330f39ad-452e-4d36-afea-f42f10da75a6@group-C16A233F4B74-SegmentedRaftLogWorker was interrupted, exiting. There are 0 tasks remaining in the queue.
2021-08-04 01:16:11,183 [Command processor thread] INFO  segmented.SegmentedRaftLogWorker (SegmentedRaftLogWorker.java:close(237)) - 330f39ad-452e-4d36-afea-f42f10da75a6@group-C16A233F4B74-SegmentedRaftLogWorker close()
2021-08-04 01:16:11,184 [Command processor thread] INFO  server.RaftServer$Division (RaftServerImpl.java:groupRemove(377)) - 330f39ad-452e-4d36-afea-f42f10da75a6@group-C16A233F4B74: Succeed to remove RaftStorageDirectory Storage Directory /home/runner/work/ozone/ozone/mnt/ozone/hadoop-ozone/integration-test/target/test-dir/MiniOzoneClusterImpl-e5186c5f-1b64-46e6-9930-7a8733b94f9c/datanode-3/data/ratis/15c6eabd-df23-453a-a7ae-c16a233f4b74
2021-08-04 01:16:11,184 [Command processor thread] INFO  commandhandler.ClosePipelineCommandHandler (ClosePipelineCommandHandler.java:handle(75)) - Close Pipeline PipelineID=15c6eabd-df23-453a-a7ae-c16a233f4b74 command on datanode 330f39ad-452e-4d36-afea-f42f10da75a6.
2021-08-04 01:16:17,142 [Time-limited test] WARN  io.KeyOutputStream (KeyOutputStream.java:handleException(318)) - Encountered exception java.io.IOException: Unexpected Storage Container Exception: java.util.concurrent.CompletionException: Failed to write chunk 107544261427200023_chunk_1 into block conID: 19 locID: 107544261427200023 bcsId: 0 on the pipeline Pipeline[ Id: 15c6eabd-df23-453a-a7ae-c16a233f4b74, Nodes: ed1bec8e-0ca2-4b71-b1fc-16a76d95b664{ip: 10.1.0.49, host: fv-az59-81.csjynl4pkq3e1pkirw3ssqjfoh.cx.internal.cloudapp.net, ports: [REPLICATION=46177, RATIS=36883, RATIS_ADMIN=36883, RATIS_SERVER=36883, STANDALONE=34587], networkLocation: /default-rack, certSerialId: null, persistedOpState: IN_SERVICE, persistedOpStateExpiryEpochSec: 0}0d029702-8202-42d6-8df9-3bfc59f4c9fe{ip: 10.1.0.49, host: fv-az59-81.csjynl4pkq3e1pkirw3ssqjfoh.cx.internal.cloudapp.net, ports: [REPLICATION=33067, RATIS=46551, RATIS_ADMIN=46551, RATIS_SERVER=46551, STANDALONE=43191], networkLocation: /default-rack, certSerialId: null, persistedOpState: IN_SERVICE, persistedOpStateExpiryEpochSec: 0}330f39ad-452e-4d36-afea-f42f10da75a6{ip: 10.1.0.49, host: fv-az59-81.csjynl4pkq3e1pkirw3ssqjfoh.cx.internal.cloudapp.net, ports: [REPLICATION=44421, RATIS=40811, RATIS_ADMIN=40811, RATIS_SERVER=40811, STANDALONE=34569], networkLocation: /default-rack, certSerialId: null, persistedOpState: IN_SERVICE, persistedOpStateExpiryEpochSec: 0}, ReplicationConfig: RATIS/THREE, State:OPEN, leaderId:330f39ad-452e-4d36-afea-f42f10da75a6, CreationTimestamp2021-08-04T01:15:57.127Z[Etc/UTC]]. The last committed block length is 0, uncommitted data length is 2097152 retry count 2
2021-08-04 01:16:17,151 [IPC Server handler 3 on default port 43083] INFO  pipeline.RatisPipelineProvider (RatisPipelineProvider.java:lambda$create$0(183)) - Sending CreatePipelineCommand for pipeline:PipelineID=19147f17-e203-47e6-a41e-6017bfc51f05 to datanode:0d029702-8202-42d6-8df9-3bfc59f4c9fe
2021-08-04 01:16:17,151 [IPC Server handler 3 on default port 43083] INFO  pipeline.RatisPipelineProvider (RatisPipelineProvider.java:lambda$create$0(183)) - Sending CreatePipelineCommand for pipeline:PipelineID=19147f17-e203-47e6-a41e-6017bfc51f05 to datanode:229ac007-447d-49b5-a47f-edc07a9ec5fc
2021-08-04 01:16:17,151 [IPC Server handler 3 on default port 43083] INFO  pipeline.RatisPipelineProvider (RatisPipelineProvider.java:lambda$create$0(183)) - Sending CreatePipelineCommand for pipeline:PipelineID=19147f17-e203-47e6-a41e-6017bfc51f05 to datanode:bec42fdf-bcea-489b-ba0a-157c670b1e12
2021-08-04 01:16:17,151 [IPC Server handler 3 on default port 43083] INFO  pipeline.PipelineStateManager (PipelineStateManagerV2Impl.java:addPipeline(101)) - Created pipeline Pipeline[ Id: 19147f17-e203-47e6-a41e-6017bfc51f05, Nodes: 0d029702-8202-42d6-8df9-3bfc59f4c9fe{ip: 10.1.0.49, host: fv-az59-81.csjynl4pkq3e1pkirw3ssqjfoh.cx.internal.cloudapp.net, ports: [REPLICATION=33067, RATIS=46551, RATIS_ADMIN=46551, RATIS_SERVER=46551, STANDALONE=43191], networkLocation: /default-rack, certSerialId: null, persistedOpState: IN_SERVICE, persistedOpStateExpiryEpochSec: 0}229ac007-447d-49b5-a47f-edc07a9ec5fc{ip: 10.1.0.49, host: fv-az59-81.csjynl4pkq3e1pkirw3ssqjfoh.cx.internal.cloudapp.net, ports: [REPLICATION=46863, RATIS=45123, RATIS_ADMIN=45123, RATIS_SERVER=45123, STANDALONE=38315], networkLocation: /default-rack, certSerialId: null, persistedOpState: IN_SERVICE, persistedOpStateExpiryEpochSec: 0}bec42fdf-bcea-489b-ba0a-157c670b1e12{ip: 10.1.0.49, host: fv-az59-81.csjynl4pkq3e1pkirw3ssqjfoh.cx.internal.cloudapp.net, ports: [REPLICATION=36091, RATIS=35701, RATIS_ADMIN=35701, RATIS_SERVER=35701, STANDALONE=36541], networkLocation: /default-rack, certSerialId: null, persistedOpState: IN_SERVICE, persistedOpStateExpiryEpochSec: 0}, ReplicationConfig: RATIS/THREE, State:ALLOCATED, leaderId:, CreationTimestamp2021-08-04T01:16:17.151Z[Etc/UTC]].
2021-08-04 01:16:18,385 [Command processor thread] INFO  server.RaftServer (RaftServerProxy.java:addNew(95)) - 0d029702-8202-42d6-8df9-3bfc59f4c9fe: addNew group-6017BFC51F05:[0d029702-8202-42d6-8df9-3bfc59f4c9fe|rpc:10.1.0.49:46551|priority:0, bec42fdf-bcea-489b-ba0a-157c670b1e12|rpc:10.1.0.49:35701|priority:1, 229ac007-447d-49b5-a47f-edc07a9ec5fc|rpc:10.1.0.49:45123|priority:0] returns group-6017BFC51F05:java.util.concurrent.CompletableFuture@6563e1e3[Not completed]
2021-08-04 01:16:18,387 [pool-54-thread-1] INFO  server.RaftServer$Division (RaftServerImpl.java:<init>(181)) - 0d029702-8202-42d6-8df9-3bfc59f4c9fe: new RaftServerImpl for group-6017BFC51F05:[0d029702-8202-42d6-8df9-3bfc59f4c9fe|rpc:10.1.0.49:46551|priority:0, bec42fdf-bcea-489b-ba0a-157c670b1e12|rpc:10.1.0.49:35701|priority:1, 229ac007-447d-49b5-a47f-edc07a9ec5fc|rpc:10.1.0.49:45123|priority:0] with ContainerStateMachine:uninitialized
2021-08-04 01:16:18,387 [pool-54-thread-1] INFO  server.RaftServerConfigKeys (ConfUtils.java:logGet(44)) - raft.server.rpc.timeout.min = 5s (custom)
2021-08-04 01:16:18,387 [pool-54-thread-1] INFO  server.RaftServerConfigKeys (ConfUtils.java:logGet(44)) - raft.server.rpc.timeout.max = 5200ms (custom)
2021-08-04 01:16:18,387 [pool-54-thread-1] INFO  server.RaftServerConfigKeys (ConfUtils.java:logGet(44)) - raft.server.rpc.sleep.time = 25ms (default)
2021-08-04 01:16:18,387 [pool-54-thread-1] INFO  server.RaftServerConfigKeys (ConfUtils.java:logGet(44)) - raft.server.rpc.slowness.timeout = 300s (custom)
2021-08-04 01:16:18,387 [pool-54-thread-1] INFO  server.RaftServerConfigKeys (ConfUtils.java:logGet(44)) - raft.server.leaderelection.leader.step-down.wait-time = 10s (default)
2021-08-04 01:16:18,387 [pool-54-thread-1] INFO  server.RaftServerConfigKeys (ConfUtils.java:logGet(44)) - raft.server.sleep.deviation.threshold = 300ms (default)
2021-08-04 01:16:18,387 [pool-54-thread-1] INFO  server.RaftServerConfigKeys (ConfUtils.java:logGet(44)) - raft.server.log.appender.install.snapshot.enabled = false (custom)
2021-08-04 01:16:18,387 [pool-54-thread-1] INFO  server.RaftServer$Division (ServerState.java:<init>(105)) - 0d029702-8202-42d6-8df9-3bfc59f4c9fe@group-6017BFC51F05: ConfigurationManager, init=-1: [0d029702-8202-42d6-8df9-3bfc59f4c9fe|rpc:10.1.0.49:46551|priority:0, bec42fdf-bcea-489b-ba0a-157c670b1e12|rpc:10.1.0.49:35701|priority:1, 229ac007-447d-49b5-a47f-edc07a9ec5fc|rpc:10.1.0.49:45123|priority:0], old=null, confs=<EMPTY_MAP>
2021-08-04 01:16:18,387 [pool-54-thread-1] INFO  server.RaftServerConfigKeys (ConfUtils.java:logGet(44)) - raft.server.storage.dir = [/home/runner/work/ozone/ozone/mnt/ozone/hadoop-ozone/integration-test/target/test-dir/MiniOzoneClusterImpl-e5186c5f-1b64-46e6-9930-7a8733b94f9c/datanode-0/data/ratis] (custom)
2021-08-04 01:16:18,387 [pool-54-thread-1] INFO  server.RaftServerConfigKeys (ConfUtils.java:logGet(44)) - raft.server.log.corruption.policy = EXCEPTION (default)
2021-08-04 01:16:18,387 [pool-54-thread-1] INFO  server.RaftServerConfigKeys (ConfUtils.java:logGet(44)) - raft.server.storage.free-space.min = 0MB (=0) (default)
2021-08-04 01:16:18,387 [pool-54-thread-1] INFO  storage.RaftStorageDirectory (RaftStorageDirectoryImpl.java:analyzeStorage(135)) - The storage directory /home/runner/work/ozone/ozone/mnt/ozone/hadoop-ozone/integration-test/target/test-dir/MiniOzoneClusterImpl-e5186c5f-1b64-46e6-9930-7a8733b94f9c/datanode-0/data/ratis/19147f17-e203-47e6-a41e-6017bfc51f05 does not exist. Creating ...
2021-08-04 01:16:18,389 [pool-54-thread-1] INFO  storage.RaftStorageDirectory (RaftStorageDirectoryImpl.java:tryLock(230)) - Lock on /home/runner/work/ozone/ozone/mnt/ozone/hadoop-ozone/integration-test/target/test-dir/MiniOzoneClusterImpl-e5186c5f-1b64-46e6-9930-7a8733b94f9c/datanode-0/data/ratis/19147f17-e203-47e6-a41e-6017bfc51f05/in_use.lock acquired by nodename 4744@fv-az59-81
2021-08-04 01:16:18,389 [pool-54-thread-1] WARN  util.FileUtils (LogUtils.java:runAndLog(43)) - Failed to Files.createDirectories /home/runner/work/ozone/ozone/mnt/ozone/hadoop-ozone/integration-test/target/test-dir/MiniOzoneClusterImpl-e5186c5f-1b64-46e6-9930-7a8733b94f9c/datanode-0/data/ratis/19147f17-e203-47e6-a41e-6017bfc51f05/current: java.nio.file.FileSystemException: /home/runner/work/ozone/ozone/mnt/ozone/hadoop-ozone/integration-test/target/test-dir/MiniOzoneClusterImpl-e5186c5f-1b64-46e6-9930-7a8733b94f9c/datanode-0/data/ratis/19147f17-e203-47e6-a41e-6017bfc51f05/current: No space left on device
2021-08-04 01:16:18,390 [pool-54-thread-1] WARN  server.RaftServer$Division (ServerState.java:<init>(121)) - Failed to init RaftStorage under /home/runner/work/ozone/ozone/mnt/ozone/hadoop-ozone/integration-test/target/test-dir/MiniOzoneClusterImpl-e5186c5f-1b64-46e6-9930-7a8733b94f9c/datanode-0/data/ratis for 19147f17-e203-47e6-a41e-6017bfc51f05: {}
java.nio.file.FileSystemException: /home/runner/work/ozone/ozone/mnt/ozone/hadoop-ozone/integration-test/target/test-dir/MiniOzoneClusterImpl-e5186c5f-1b64-46e6-9930-7a8733b94f9c/datanode-0/data/ratis/19147f17-e203-47e6-a41e-6017bfc51f05/current: No space left on device
	at sun.nio.fs.UnixException.translateToIOException(UnixException.java:91)
	at sun.nio.fs.UnixException.rethrowAsIOException(UnixException.java:102)
	at sun.nio.fs.UnixException.rethrowAsIOException(UnixException.java:107)
	at sun.nio.fs.UnixFileSystemProvider.createDirectory(UnixFileSystemProvider.java:384)
	at java.nio.file.Files.createDirectory(Files.java:674)
	at java.nio.file.Files.createAndCheckIsDirectory(Files.java:781)
	at java.nio.file.Files.createDirectories(Files.java:767)
	at org.apache.ratis.util.FileUtils.lambda$createDirectories$4(FileUtils.java:71)
	at org.apache.ratis.util.LogUtils.runAndLog(LogUtils.java:38)
	at org.apache.ratis.util.FileUtils.createDirectories(FileUtils.java:70)
	at org.apache.ratis.util.FileUtils.createDirectories(FileUtils.java:66)
	at org.apache.ratis.server.storage.RaftStorageDirectoryImpl.clearDirectory(RaftStorageDirectoryImpl.java:90)
	at org.apache.ratis.server.storage.RaftStorageDirectoryImpl.clearDirectory(RaftStorageDirectoryImpl.java:81)
	at org.apache.ratis.server.storage.RaftStorageImpl.format(RaftStorageImpl.java:86)
	at org.apache.ratis.server.storage.RaftStorageImpl.analyzeAndRecoverStorage(RaftStorageImpl.java:114)
	at org.apache.ratis.server.storage.RaftStorageImpl.<init>(RaftStorageImpl.java:67)
	at org.apache.ratis.server.storage.RaftStorageImpl.<init>(RaftStorageImpl.java:52)
	at org.apache.ratis.server.impl.ServerState.<init>(ServerState.java:114)
	at org.apache.ratis.server.impl.RaftServerImpl.<init>(RaftServerImpl.java:194)
	at org.apache.ratis.server.impl.RaftServerProxy.lambda$newRaftServerImpl$4(RaftServerProxy.java:266)
	at java.util.concurrent.CompletableFuture$AsyncSupply.run(CompletableFuture.java:1604)
	at java.util.concurrent.ThreadPoolExecutor.runWorker(ThreadPoolExecutor.java:1149)
	at java.util.concurrent.ThreadPoolExecutor$Worker.run(ThreadPoolExecutor.java:624)
	at java.lang.Thread.run(Thread.java:748)
2021-08-04 01:16:18,390 [pool-54-thread-1] INFO  server.RaftServerConfigKeys (ConfUtils.java:logGet(44)) - raft.server.storage.dir = [/home/runner/work/ozone/ozone/mnt/ozone/hadoop-ozone/integration-test/target/test-dir/MiniOzoneClusterImpl-e5186c5f-1b64-46e6-9930-7a8733b94f9c/datanode-0/data/ratis] (custom)
2021-08-04 01:16:18,391 [Command processor thread] ERROR commandhandler.CreatePipelineCommandHandler (CreatePipelineCommandHandler.java:handle(111)) - Can't create pipeline RATIS THREE PipelineID=19147f17-e203-47e6-a41e-6017bfc51f05
java.io.IOException: No healthy directories found for RaftStorage among: [/home/runner/work/ozone/ozone/mnt/ozone/hadoop-ozone/integration-test/target/test-dir/MiniOzoneClusterImpl-e5186c5f-1b64-46e6-9930-7a8733b94f9c/datanode-0/data/ratis]
	at org.apache.hadoop.ozone.container.common.transport.server.ratis.XceiverServerRatis.addGroup(XceiverServerRatis.java:756)
	at org.apache.hadoop.ozone.container.common.statemachine.commandhandler.CreatePipelineCommandHandler.handle(CreatePipelineCommandHandler.java:92)
	at org.apache.hadoop.ozone.container.common.statemachine.commandhandler.CommandDispatcher.handle(CommandDispatcher.java:99)
	at org.apache.hadoop.ozone.container.common.statemachine.DatanodeStateMachine.lambda$initCommandHandlerThread$2(DatanodeStateMachine.java:555)
	at java.lang.Thread.run(Thread.java:748)
Caused by: java.io.IOException: No healthy directories found for RaftStorage among: [/home/runner/work/ozone/ozone/mnt/ozone/hadoop-ozone/integration-test/target/test-dir/MiniOzoneClusterImpl-e5186c5f-1b64-46e6-9930-7a8733b94f9c/datanode-0/data/ratis]
	at org.apache.ratis.server.impl.ServerState.<init>(ServerState.java:129)
	at org.apache.ratis.server.impl.RaftServerImpl.<init>(RaftServerImpl.java:194)
	at org.apache.ratis.server.impl.RaftServerProxy.lambda$newRaftServerImpl$4(RaftServerProxy.java:266)
	at java.util.concurrent.CompletableFuture$AsyncSupply.run(CompletableFuture.java:1604)
	at java.util.concurrent.ThreadPoolExecutor.runWorker(ThreadPoolExecutor.java:1149)
	at java.util.concurrent.ThreadPoolExecutor$Worker.run(ThreadPoolExecutor.java:624)
	... 1 more
2021-08-04 01:16:18,763 [Command processor thread] INFO  server.RaftServer (RaftServerProxy.java:addNew(95)) - bec42fdf-bcea-489b-ba0a-157c670b1e12: addNew group-6017BFC51F05:[0d029702-8202-42d6-8df9-3bfc59f4c9fe|rpc:10.1.0.49:46551|priority:0, bec42fdf-bcea-489b-ba0a-157c670b1e12|rpc:10.1.0.49:35701|priority:1, 229ac007-447d-49b5-a47f-edc07a9ec5fc|rpc:10.1.0.49:45123|priority:0] returns group-6017BFC51F05:java.util.concurrent.CompletableFuture@725c1680[Not completed]
2021-08-04 01:16:18,764 [pool-144-thread-1] INFO  server.RaftServer$Division (RaftServerImpl.java:<init>(181)) - bec42fdf-bcea-489b-ba0a-157c670b1e12: new RaftServerImpl for group-6017BFC51F05:[0d029702-8202-42d6-8df9-3bfc59f4c9fe|rpc:10.1.0.49:46551|priority:0, bec42fdf-bcea-489b-ba0a-157c670b1e12|rpc:10.1.0.49:35701|priority:1, 229ac007-447d-49b5-a47f-edc07a9ec5fc|rpc:10.1.0.49:45123|priority:0] with ContainerStateMachine:uninitialized
2021-08-04 01:16:18,764 [pool-144-thread-1] INFO  server.RaftServerConfigKeys (ConfUtils.java:logGet(44)) - raft.server.rpc.timeout.min = 5s (custom)
2021-08-04 01:16:18,764 [pool-144-thread-1] INFO  server.RaftServerConfigKeys (ConfUtils.java:logGet(44)) - raft.server.rpc.timeout.max = 5200ms (custom)
2021-08-04 01:16:18,764 [pool-144-thread-1] INFO  server.RaftServerConfigKeys (ConfUtils.java:logGet(44)) - raft.server.rpc.sleep.time = 25ms (default)
2021-08-04 01:16:18,764 [pool-144-thread-1] INFO  server.RaftServerConfigKeys (ConfUtils.java:logGet(44)) - raft.server.rpc.slowness.timeout = 300s (custom)
2021-08-04 01:16:18,764 [pool-144-thread-1] INFO  server.RaftServerConfigKeys (ConfUtils.java:logGet(44)) - raft.server.leaderelection.leader.step-down.wait-time = 10s (default)
2021-08-04 01:16:18,764 [pool-144-thread-1] INFO  server.RaftServerConfigKeys (ConfUtils.java:logGet(44)) - raft.server.sleep.deviation.threshold = 300ms (default)
2021-08-04 01:16:18,764 [pool-144-thread-1] INFO  server.RaftServerConfigKeys (ConfUtils.java:logGet(44)) - raft.server.log.appender.install.snapshot.enabled = false (custom)
2021-08-04 01:16:18,764 [pool-144-thread-1] INFO  server.RaftServer$Division (ServerState.java:<init>(105)) - bec42fdf-bcea-489b-ba0a-157c670b1e12@group-6017BFC51F05: ConfigurationManager, init=-1: [0d029702-8202-42d6-8df9-3bfc59f4c9fe|rpc:10.1.0.49:46551|priority:0, bec42fdf-bcea-489b-ba0a-157c670b1e12|rpc:10.1.0.49:35701|priority:1, 229ac007-447d-49b5-a47f-edc07a9ec5fc|rpc:10.1.0.49:45123|priority:0], old=null, confs=<EMPTY_MAP>
2021-08-04 01:16:18,764 [pool-144-thread-1] INFO  server.RaftServerConfigKeys (ConfUtils.java:logGet(44)) - raft.server.storage.dir = [/home/runner/work/ozone/ozone/mnt/ozone/hadoop-ozone/integration-test/target/test-dir/MiniOzoneClusterImpl-e5186c5f-1b64-46e6-9930-7a8733b94f9c/datanode-5/data/ratis] (custom)
2021-08-04 01:16:18,764 [pool-144-thread-1] INFO  server.RaftServerConfigKeys (ConfUtils.java:logGet(44)) - raft.server.log.corruption.policy = EXCEPTION (default)
2021-08-04 01:16:18,764 [pool-144-thread-1] INFO  server.RaftServerConfigKeys (ConfUtils.java:logGet(44)) - raft.server.storage.free-space.min = 0MB (=0) (default)
2021-08-04 01:16:18,764 [pool-144-thread-1] INFO  storage.RaftStorageDirectory (RaftStorageDirectoryImpl.java:analyzeStorage(135)) - The storage directory /home/runner/work/ozone/ozone/mnt/ozone/hadoop-ozone/integration-test/target/test-dir/MiniOzoneClusterImpl-e5186c5f-1b64-46e6-9930-7a8733b94f9c/datanode-5/data/ratis/19147f17-e203-47e6-a41e-6017bfc51f05 does not exist. Creating ...
2021-08-04 01:16:18,765 [pool-144-thread-1] WARN  util.FileUtils (LogUtils.java:runAndLog(43)) - Failed to Files.createDirectories /home/runner/work/ozone/ozone/mnt/ozone/hadoop-ozone/integration-test/target/test-dir/MiniOzoneClusterImpl-e5186c5f-1b64-46e6-9930-7a8733b94f9c/datanode-5/data/ratis/19147f17-e203-47e6-a41e-6017bfc51f05: java.nio.file.FileSystemException: /home/runner/work/ozone/ozone/mnt/ozone/hadoop-ozone/integration-test/target/test-dir/MiniOzoneClusterImpl-e5186c5f-1b64-46e6-9930-7a8733b94f9c/datanode-5/data/ratis/19147f17-e203-47e6-a41e-6017bfc51f05: No space left on device
2021-08-04 01:16:18,768 [pool-144-thread-1] WARN  server.RaftServer$Division (ServerState.java:<init>(121)) - Failed to init RaftStorage under /home/runner/work/ozone/ozone/mnt/ozone/hadoop-ozone/integration-test/target/test-dir/MiniOzoneClusterImpl-e5186c5f-1b64-46e6-9930-7a8733b94f9c/datanode-5/data/ratis for 19147f17-e203-47e6-a41e-6017bfc51f05: {}
java.nio.file.FileSystemException: /home/runner/work/ozone/ozone/mnt/ozone/hadoop-ozone/integration-test/target/test-dir/MiniOzoneClusterImpl-e5186c5f-1b64-46e6-9930-7a8733b94f9c/datanode-5/data/ratis/19147f17-e203-47e6-a41e-6017bfc51f05: No space left on device
	at sun.nio.fs.UnixException.translateToIOException(UnixException.java:91)
	at sun.nio.fs.UnixException.rethrowAsIOException(UnixException.java:102)
	at sun.nio.fs.UnixException.rethrowAsIOException(UnixException.java:107)
	at sun.nio.fs.UnixFileSystemProvider.createDirectory(UnixFileSystemProvider.java:384)
	at java.nio.file.Files.createDirectory(Files.java:674)
	at java.nio.file.Files.createAndCheckIsDirectory(Files.java:781)
	at java.nio.file.Files.createDirectories(Files.java:767)
	at org.apache.ratis.util.FileUtils.lambda$createDirectories$4(FileUtils.java:71)
	at org.apache.ratis.util.LogUtils.runAndLog(LogUtils.java:38)
	at org.apache.ratis.util.FileUtils.createDirectories(FileUtils.java:70)
	at org.apache.ratis.util.FileUtils.createDirectories(FileUtils.java:66)
	at org.apache.ratis.server.storage.RaftStorageDirectoryImpl.analyzeStorage(RaftStorageDirectoryImpl.java:136)
	at org.apache.ratis.server.storage.RaftStorageImpl.analyzeAndRecoverStorage(RaftStorageImpl.java:97)
	at org.apache.ratis.server.storage.RaftStorageImpl.<init>(RaftStorageImpl.java:67)
	at org.apache.ratis.server.storage.RaftStorageImpl.<init>(RaftStorageImpl.java:52)
	at org.apache.ratis.server.impl.ServerState.<init>(ServerState.java:114)
	at org.apache.ratis.server.impl.RaftServerImpl.<init>(RaftServerImpl.java:194)
	at org.apache.ratis.server.impl.RaftServerProxy.lambda$newRaftServerImpl$4(RaftServerProxy.java:266)
	at java.util.concurrent.CompletableFuture$AsyncSupply.run(CompletableFuture.java:1604)
	at java.util.concurrent.ThreadPoolExecutor.runWorker(ThreadPoolExecutor.java:1149)
	at java.util.concurrent.ThreadPoolExecutor$Worker.run(ThreadPoolExecutor.java:624)
	at java.lang.Thread.run(Thread.java:748)
2021-08-04 01:16:18,769 [pool-144-thread-1] INFO  server.RaftServerConfigKeys (ConfUtils.java:logGet(44)) - raft.server.storage.dir = [/home/runner/work/ozone/ozone/mnt/ozone/hadoop-ozone/integration-test/target/test-dir/MiniOzoneClusterImpl-e5186c5f-1b64-46e6-9930-7a8733b94f9c/datanode-5/data/ratis] (custom)
2021-08-04 01:16:18,772 [Command processor thread] ERROR commandhandler.CreatePipelineCommandHandler (CreatePipelineCommandHandler.java:handle(111)) - Can't create pipeline RATIS THREE PipelineID=19147f17-e203-47e6-a41e-6017bfc51f05
java.io.IOException: No healthy directories found for RaftStorage among: [/home/runner/work/ozone/ozone/mnt/ozone/hadoop-ozone/integration-test/target/test-dir/MiniOzoneClusterImpl-e5186c5f-1b64-46e6-9930-7a8733b94f9c/datanode-5/data/ratis]
	at org.apache.hadoop.ozone.container.common.transport.server.ratis.XceiverServerRatis.addGroup(XceiverServerRatis.java:756)
	at org.apache.hadoop.ozone.container.common.statemachine.commandhandler.CreatePipelineCommandHandler.handle(CreatePipelineCommandHandler.java:92)
	at org.apache.hadoop.ozone.container.common.statemachine.commandhandler.CommandDispatcher.handle(CommandDispatcher.java:99)
	at org.apache.hadoop.ozone.container.common.statemachine.DatanodeStateMachine.lambda$initCommandHandlerThread$2(DatanodeStateMachine.java:555)
	at java.lang.Thread.run(Thread.java:748)
Caused by: java.io.IOException: No healthy directories found for RaftStorage among: [/home/runner/work/ozone/ozone/mnt/ozone/hadoop-ozone/integration-test/target/test-dir/MiniOzoneClusterImpl-e5186c5f-1b64-46e6-9930-7a8733b94f9c/datanode-5/data/ratis]
	at org.apache.ratis.server.impl.ServerState.<init>(ServerState.java:129)
	at org.apache.ratis.server.impl.RaftServerImpl.<init>(RaftServerImpl.java:194)
	at org.apache.ratis.server.impl.RaftServerProxy.lambda$newRaftServerImpl$4(RaftServerProxy.java:266)
	at java.util.concurrent.CompletableFuture$AsyncSupply.run(CompletableFuture.java:1604)
	at java.util.concurrent.ThreadPoolExecutor.runWorker(ThreadPoolExecutor.java:1149)
	at java.util.concurrent.ThreadPoolExecutor$Worker.run(ThreadPoolExecutor.java:624)
	... 1 more
2021-08-04 01:16:19,112 [Command processor thread] INFO  server.RaftServer (RaftServerProxy.java:addNew(95)) - 229ac007-447d-49b5-a47f-edc07a9ec5fc: addNew group-6017BFC51F05:[0d029702-8202-42d6-8df9-3bfc59f4c9fe|rpc:10.1.0.49:46551|priority:0, bec42fdf-bcea-489b-ba0a-157c670b1e12|rpc:10.1.0.49:35701|priority:1, 229ac007-447d-49b5-a47f-edc07a9ec5fc|rpc:10.1.0.49:45123|priority:0] returns group-6017BFC51F05:java.util.concurrent.CompletableFuture@2a44007[Not completed]
2021-08-04 01:16:19,113 [pool-72-thread-1] INFO  server.RaftServer$Division (RaftServerImpl.java:<init>(181)) - 229ac007-447d-49b5-a47f-edc07a9ec5fc: new RaftServerImpl for group-6017BFC51F05:[0d029702-8202-42d6-8df9-3bfc59f4c9fe|rpc:10.1.0.49:46551|priority:0, bec42fdf-bcea-489b-ba0a-157c670b1e12|rpc:10.1.0.49:35701|priority:1, 229ac007-447d-49b5-a47f-edc07a9ec5fc|rpc:10.1.0.49:45123|priority:0] with ContainerStateMachine:uninitialized
2021-08-04 01:16:19,114 [pool-72-thread-1] INFO  server.RaftServerConfigKeys (ConfUtils.java:logGet(44)) - raft.server.rpc.timeout.min = 5s (custom)
2021-08-04 01:16:19,115 [pool-72-thread-1] INFO  server.RaftServerConfigKeys (ConfUtils.java:logGet(44)) - raft.server.rpc.timeout.max = 5200ms (custom)
2021-08-04 01:16:19,115 [pool-72-thread-1] INFO  server.RaftServerConfigKeys (ConfUtils.java:logGet(44)) - raft.server.rpc.sleep.time = 25ms (default)
2021-08-04 01:16:19,115 [pool-72-thread-1] INFO  server.RaftServerConfigKeys (ConfUtils.java:logGet(44)) - raft.server.rpc.slowness.timeout = 300s (custom)
2021-08-04 01:16:19,115 [pool-72-thread-1] INFO  server.RaftServerConfigKeys (ConfUtils.java:logGet(44)) - raft.server.leaderelection.leader.step-down.wait-time = 10s (default)
2021-08-04 01:16:19,115 [pool-72-thread-1] INFO  server.RaftServerConfigKeys (ConfUtils.java:logGet(44)) - raft.server.sleep.deviation.threshold = 300ms (default)
2021-08-04 01:16:19,115 [pool-72-thread-1] INFO  server.RaftServerConfigKeys (ConfUtils.java:logGet(44)) - raft.server.log.appender.install.snapshot.enabled = false (custom)
2021-08-04 01:16:19,115 [pool-72-thread-1] INFO  server.RaftServer$Division (ServerState.java:<init>(105)) - 229ac007-447d-49b5-a47f-edc07a9ec5fc@group-6017BFC51F05: ConfigurationManager, init=-1: [0d029702-8202-42d6-8df9-3bfc59f4c9fe|rpc:10.1.0.49:46551|priority:0, bec42fdf-bcea-489b-ba0a-157c670b1e12|rpc:10.1.0.49:35701|priority:1, 229ac007-447d-49b5-a47f-edc07a9ec5fc|rpc:10.1.0.49:45123|priority:0], old=null, confs=<EMPTY_MAP>
2021-08-04 01:16:19,115 [pool-72-thread-1] INFO  server.RaftServerConfigKeys (ConfUtils.java:logGet(44)) - raft.server.storage.dir = [/home/runner/work/ozone/ozone/mnt/ozone/hadoop-ozone/integration-test/target/test-dir/MiniOzoneClusterImpl-e5186c5f-1b64-46e6-9930-7a8733b94f9c/datanode-1/data/ratis] (custom)
2021-08-04 01:16:19,115 [pool-72-thread-1] INFO  server.RaftServerConfigKeys (ConfUtils.java:logGet(44)) - raft.server.log.corruption.policy = EXCEPTION (default)
2021-08-04 01:16:19,115 [pool-72-thread-1] INFO  server.RaftServerConfigKeys (ConfUtils.java:logGet(44)) - raft.server.storage.free-space.min = 0MB (=0) (default)
2021-08-04 01:16:19,115 [pool-72-thread-1] INFO  storage.RaftStorageDirectory (RaftStorageDirectoryImpl.java:analyzeStorage(135)) - The storage directory /home/runner/work/ozone/ozone/mnt/ozone/hadoop-ozone/integration-test/target/test-dir/MiniOzoneClusterImpl-e5186c5f-1b64-46e6-9930-7a8733b94f9c/datanode-1/data/ratis/19147f17-e203-47e6-a41e-6017bfc51f05 does not exist. Creating ...
2021-08-04 01:16:19,116 [pool-72-thread-1] WARN  util.FileUtils (LogUtils.java:runAndLog(43)) - Failed to Files.createDirectories /home/runner/work/ozone/ozone/mnt/ozone/hadoop-ozone/integration-test/target/test-dir/MiniOzoneClusterImpl-e5186c5f-1b64-46e6-9930-7a8733b94f9c/datanode-1/data/ratis/19147f17-e203-47e6-a41e-6017bfc51f05: java.nio.file.FileSystemException: /home/runner/work/ozone/ozone/mnt/ozone/hadoop-ozone/integration-test/target/test-dir/MiniOzoneClusterImpl-e5186c5f-1b64-46e6-9930-7a8733b94f9c/datanode-1/data/ratis/19147f17-e203-47e6-a41e-6017bfc51f05: No space left on device
2021-08-04 01:16:19,116 [pool-72-thread-1] WARN  server.RaftServer$Division (ServerState.java:<init>(121)) - Failed to init RaftStorage under /home/runner/work/ozone/ozone/mnt/ozone/hadoop-ozone/integration-test/target/test-dir/MiniOzoneClusterImpl-e5186c5f-1b64-46e6-9930-7a8733b94f9c/datanode-1/data/ratis for 19147f17-e203-47e6-a41e-6017bfc51f05: {}
java.nio.file.FileSystemException: /home/runner/work/ozone/ozone/mnt/ozone/hadoop-ozone/integration-test/target/test-dir/MiniOzoneClusterImpl-e5186c5f-1b64-46e6-9930-7a8733b94f9c/datanode-1/data/ratis/19147f17-e203-47e6-a41e-6017bfc51f05: No space left on device
	at sun.nio.fs.UnixException.translateToIOException(UnixException.java:91)
	at sun.nio.fs.UnixException.rethrowAsIOException(UnixException.java:102)
	at sun.nio.fs.UnixException.rethrowAsIOException(UnixException.java:107)
	at sun.nio.fs.UnixFileSystemProvider.createDirectory(UnixFileSystemProvider.java:384)
	at java.nio.file.Files.createDirectory(Files.java:674)
	at java.nio.file.Files.createAndCheckIsDirectory(Files.java:781)
	at java.nio.file.Files.createDirectories(Files.java:767)
	at org.apache.ratis.util.FileUtils.lambda$createDirectories$4(FileUtils.java:71)
	at org.apache.ratis.util.LogUtils.runAndLog(LogUtils.java:38)
	at org.apache.ratis.util.FileUtils.createDirectories(FileUtils.java:70)
	at org.apache.ratis.util.FileUtils.createDirectories(FileUtils.java:66)
	at org.apache.ratis.server.storage.RaftStorageDirectoryImpl.analyzeStorage(RaftStorageDirectoryImpl.java:136)
	at org.apache.ratis.server.storage.RaftStorageImpl.analyzeAndRecoverStorage(RaftStorageImpl.java:97)
	at org.apache.ratis.server.storage.RaftStorageImpl.<init>(RaftStorageImpl.java:67)
	at org.apache.ratis.server.storage.RaftStorageImpl.<init>(RaftStorageImpl.java:52)
	at org.apache.ratis.server.impl.ServerState.<init>(ServerState.java:114)
	at org.apache.ratis.server.impl.RaftServerImpl.<init>(RaftServerImpl.java:194)
	at org.apache.ratis.server.impl.RaftServerProxy.lambda$newRaftServerImpl$4(RaftServerProxy.java:266)
	at java.util.concurrent.CompletableFuture$AsyncSupply.run(CompletableFuture.java:1604)
	at java.util.concurrent.ThreadPoolExecutor.runWorker(ThreadPoolExecutor.java:1149)
	at java.util.concurrent.ThreadPoolExecutor$Worker.run(ThreadPoolExecutor.java:624)
	at java.lang.Thread.run(Thread.java:748)
2021-08-04 01:16:19,116 [pool-72-thread-1] INFO  server.RaftServerConfigKeys (ConfUtils.java:logGet(44)) - raft.server.storage.dir = [/home/runner/work/ozone/ozone/mnt/ozone/hadoop-ozone/integration-test/target/test-dir/MiniOzoneClusterImpl-e5186c5f-1b64-46e6-9930-7a8733b94f9c/datanode-1/data/ratis] (custom)
2021-08-04 01:16:19,117 [Command processor thread] ERROR commandhandler.CreatePipelineCommandHandler (CreatePipelineCommandHandler.java:handle(111)) - Can't create pipeline RATIS THREE PipelineID=19147f17-e203-47e6-a41e-6017bfc51f05
java.io.IOException: No healthy directories found for RaftStorage among: [/home/runner/work/ozone/ozone/mnt/ozone/hadoop-ozone/integration-test/target/test-dir/MiniOzoneClusterImpl-e5186c5f-1b64-46e6-9930-7a8733b94f9c/datanode-1/data/ratis]
	at org.apache.hadoop.ozone.container.common.transport.server.ratis.XceiverServerRatis.addGroup(XceiverServerRatis.java:756)
	at org.apache.hadoop.ozone.container.common.statemachine.commandhandler.CreatePipelineCommandHandler.handle(CreatePipelineCommandHandler.java:92)
	at org.apache.hadoop.ozone.container.common.statemachine.commandhandler.CommandDispatcher.handle(CommandDispatcher.java:99)
	at org.apache.hadoop.ozone.container.common.statemachine.DatanodeStateMachine.lambda$initCommandHandlerThread$2(DatanodeStateMachine.java:555)
	at java.lang.Thread.run(Thread.java:748)
Caused by: java.io.IOException: No healthy directories found for RaftStorage among: [/home/runner/work/ozone/ozone/mnt/ozone/hadoop-ozone/integration-test/target/test-dir/MiniOzoneClusterImpl-e5186c5f-1b64-46e6-9930-7a8733b94f9c/datanode-1/data/ratis]
	at org.apache.ratis.server.impl.ServerState.<init>(ServerState.java:129)
	at org.apache.ratis.server.impl.RaftServerImpl.<init>(RaftServerImpl.java:194)
	at org.apache.ratis.server.impl.RaftServerProxy.lambda$newRaftServerImpl$4(RaftServerProxy.java:266)
	at java.util.concurrent.CompletableFuture$AsyncSupply.run(CompletableFuture.java:1604)
	at java.util.concurrent.ThreadPoolExecutor.runWorker(ThreadPoolExecutor.java:1149)
	at java.util.concurrent.ThreadPoolExecutor$Worker.run(ThreadPoolExecutor.java:624)
	... 1 more
2021-08-04 01:17:08,123 [RatisPipelineUtilsThread - 0] INFO  pipeline.RatisPipelineProvider (RatisPipelineProvider.java:lambda$create$0(183)) - Sending CreatePipelineCommand for pipeline:PipelineID=ae48ede7-4a33-4626-9d9d-7089a3b83903 to datanode:ed1bec8e-0ca2-4b71-b1fc-16a76d95b664
2021-08-04 01:17:08,123 [RatisPipelineUtilsThread - 0] INFO  pipeline.RatisPipelineProvider (RatisPipelineProvider.java:lambda$create$0(183)) - Sending CreatePipelineCommand for pipeline:PipelineID=ae48ede7-4a33-4626-9d9d-7089a3b83903 to datanode:07f4a1f0-1da9-4997-84c7-c089c66a3072
2021-08-04 01:17:08,123 [RatisPipelineUtilsThread - 0] INFO  pipeline.RatisPipelineProvider (RatisPipelineProvider.java:lambda$create$0(183)) - Sending CreatePipelineCommand for pipeline:PipelineID=ae48ede7-4a33-4626-9d9d-7089a3b83903 to datanode:ff759bcd-5af0-4000-a28c-396c4eee979e
2021-08-04 01:17:08,124 [RatisPipelineUtilsThread - 0] INFO  pipeline.PipelineStateManager (PipelineStateManagerV2Impl.java:addPipeline(101)) - Created pipeline Pipeline[ Id: ae48ede7-4a33-4626-9d9d-7089a3b83903, Nodes: ed1bec8e-0ca2-4b71-b1fc-16a76d95b664{ip: 10.1.0.49, host: fv-az59-81.csjynl4pkq3e1pkirw3ssqjfoh.cx.internal.cloudapp.net, ports: [REPLICATION=46177, RATIS=36883, RATIS_ADMIN=36883, RATIS_SERVER=36883, STANDALONE=34587], networkLocation: /default-rack, certSerialId: null, persistedOpState: IN_SERVICE, persistedOpStateExpiryEpochSec: 0}07f4a1f0-1da9-4997-84c7-c089c66a3072{ip: 10.1.0.49, host: fv-az59-81.csjynl4pkq3e1pkirw3ssqjfoh.cx.internal.cloudapp.net, ports: [REPLICATION=44609, RATIS=40677, RATIS_ADMIN=40677, RATIS_SERVER=40677, STANDALONE=41855], networkLocation: /default-rack, certSerialId: null, persistedOpState: IN_SERVICE, persistedOpStateExpiryEpochSec: 0}ff759bcd-5af0-4000-a28c-396c4eee979e{ip: 10.1.0.49, host: fv-az59-81.csjynl4pkq3e1pkirw3ssqjfoh.cx.internal.cloudapp.net, ports: [REPLICATION=41041, RATIS=35933, RATIS_ADMIN=35933, RATIS_SERVER=35933, STANDALONE=45077], networkLocation: /default-rack, certSerialId: null, persistedOpState: IN_SERVICE, persistedOpStateExpiryEpochSec: 0}, ReplicationConfig: RATIS/THREE, State:ALLOCATED, leaderId:, CreationTimestamp2021-08-04T01:17:08.123Z[Etc/UTC]].
2021-08-04 01:17:10,242 [Command processor thread] INFO  server.RaftServer (RaftServerProxy.java:addNew(95)) - 07f4a1f0-1da9-4997-84c7-c089c66a3072: addNew group-7089A3B83903:[ed1bec8e-0ca2-4b71-b1fc-16a76d95b664|rpc:10.1.0.49:36883|priority:0, ff759bcd-5af0-4000-a28c-396c4eee979e|rpc:10.1.0.49:35933|priority:1, 07f4a1f0-1da9-4997-84c7-c089c66a3072|rpc:10.1.0.49:40677|priority:0] returns group-7089A3B83903:java.util.concurrent.CompletableFuture@7e77390[Not completed]
2021-08-04 01:17:10,243 [pool-162-thread-1] INFO  server.RaftServer$Division (RaftServerImpl.java:<init>(181)) - 07f4a1f0-1da9-4997-84c7-c089c66a3072: new RaftServerImpl for group-7089A3B83903:[ed1bec8e-0ca2-4b71-b1fc-16a76d95b664|rpc:10.1.0.49:36883|priority:0, ff759bcd-5af0-4000-a28c-396c4eee979e|rpc:10.1.0.49:35933|priority:1, 07f4a1f0-1da9-4997-84c7-c089c66a3072|rpc:10.1.0.49:40677|priority:0] with ContainerStateMachine:uninitialized
2021-08-04 01:17:10,243 [pool-162-thread-1] INFO  server.RaftServerConfigKeys (ConfUtils.java:logGet(44)) - raft.server.rpc.timeout.min = 5s (custom)
2021-08-04 01:17:10,243 [pool-162-thread-1] INFO  server.RaftServerConfigKeys (ConfUtils.java:logGet(44)) - raft.server.rpc.timeout.max = 5200ms (custom)
2021-08-04 01:17:10,243 [pool-162-thread-1] INFO  server.RaftServerConfigKeys (ConfUtils.java:logGet(44)) - raft.server.rpc.sleep.time = 25ms (default)
2021-08-04 01:17:10,243 [pool-162-thread-1] INFO  server.RaftServerConfigKeys (ConfUtils.java:logGet(44)) - raft.server.rpc.slowness.timeout = 300s (custom)
2021-08-04 01:17:10,243 [pool-162-thread-1] INFO  server.RaftServerConfigKeys (ConfUtils.java:logGet(44)) - raft.server.leaderelection.leader.step-down.wait-time = 10s (default)
2021-08-04 01:17:10,243 [pool-162-thread-1] INFO  server.RaftServerConfigKeys (ConfUtils.java:logGet(44)) - raft.server.sleep.deviation.threshold = 300ms (default)
2021-08-04 01:17:10,243 [pool-162-thread-1] INFO  server.RaftServerConfigKeys (ConfUtils.java:logGet(44)) - raft.server.log.appender.install.snapshot.enabled = false (custom)
2021-08-04 01:17:10,243 [pool-162-thread-1] INFO  server.RaftServer$Division (ServerState.java:<init>(105)) - 07f4a1f0-1da9-4997-84c7-c089c66a3072@group-7089A3B83903: ConfigurationManager, init=-1: [ed1bec8e-0ca2-4b71-b1fc-16a76d95b664|rpc:10.1.0.49:36883|priority:0, ff759bcd-5af0-4000-a28c-396c4eee979e|rpc:10.1.0.49:35933|priority:1, 07f4a1f0-1da9-4997-84c7-c089c66a3072|rpc:10.1.0.49:40677|priority:0], old=null, confs=<EMPTY_MAP>
2021-08-04 01:17:10,243 [pool-162-thread-1] INFO  server.RaftServerConfigKeys (ConfUtils.java:logGet(44)) - raft.server.storage.dir = [/home/runner/work/ozone/ozone/mnt/ozone/hadoop-ozone/integration-test/target/test-dir/MiniOzoneClusterImpl-e5186c5f-1b64-46e6-9930-7a8733b94f9c/datanode-6/data/ratis] (custom)
2021-08-04 01:17:10,243 [pool-162-thread-1] INFO  server.RaftServerConfigKeys (ConfUtils.java:logGet(44)) - raft.server.log.corruption.policy = EXCEPTION (default)
2021-08-04 01:17:10,244 [pool-162-thread-1] INFO  server.RaftServerConfigKeys (ConfUtils.java:logGet(44)) - raft.server.storage.free-space.min = 0MB (=0) (default)
2021-08-04 01:17:10,244 [pool-162-thread-1] INFO  storage.RaftStorageDirectory (RaftStorageDirectoryImpl.java:analyzeStorage(135)) - The storage directory /home/runner/work/ozone/ozone/mnt/ozone/hadoop-ozone/integration-test/target/test-dir/MiniOzoneClusterImpl-e5186c5f-1b64-46e6-9930-7a8733b94f9c/datanode-6/data/ratis/ae48ede7-4a33-4626-9d9d-7089a3b83903 does not exist. Creating ...
2021-08-04 01:17:10,244 [pool-162-thread-1] WARN  util.FileUtils (LogUtils.java:runAndLog(43)) - Failed to Files.createDirectories /home/runner/work/ozone/ozone/mnt/ozone/hadoop-ozone/integration-test/target/test-dir/MiniOzoneClusterImpl-e5186c5f-1b64-46e6-9930-7a8733b94f9c/datanode-6/data/ratis/ae48ede7-4a33-4626-9d9d-7089a3b83903: java.nio.file.FileSystemException: /home/runner/work/ozone/ozone/mnt/ozone/hadoop-ozone/integration-test/target/test-dir/MiniOzoneClusterImpl-e5186c5f-1b64-46e6-9930-7a8733b94f9c/datanode-6/data/ratis/ae48ede7-4a33-4626-9d9d-7089a3b83903: No space left on device
2021-08-04 01:17:10,244 [pool-162-thread-1] WARN  server.RaftServer$Division (ServerState.java:<init>(121)) - Failed to init RaftStorage under /home/runner/work/ozone/ozone/mnt/ozone/hadoop-ozone/integration-test/target/test-dir/MiniOzoneClusterImpl-e5186c5f-1b64-46e6-9930-7a8733b94f9c/datanode-6/data/ratis for ae48ede7-4a33-4626-9d9d-7089a3b83903: {}
java.nio.file.FileSystemException: /home/runner/work/ozone/ozone/mnt/ozone/hadoop-ozone/integration-test/target/test-dir/MiniOzoneClusterImpl-e5186c5f-1b64-46e6-9930-7a8733b94f9c/datanode-6/data/ratis/ae48ede7-4a33-4626-9d9d-7089a3b83903: No space left on device
	at sun.nio.fs.UnixException.translateToIOException(UnixException.java:91)
	at sun.nio.fs.UnixException.rethrowAsIOException(UnixException.java:102)
	at sun.nio.fs.UnixException.rethrowAsIOException(UnixException.java:107)
	at sun.nio.fs.UnixFileSystemProvider.createDirectory(UnixFileSystemProvider.java:384)
	at java.nio.file.Files.createDirectory(Files.java:674)
	at java.nio.file.Files.createAndCheckIsDirectory(Files.java:781)
	at java.nio.file.Files.createDirectories(Files.java:767)
	at org.apache.ratis.util.FileUtils.lambda$createDirectories$4(FileUtils.java:71)
	at org.apache.ratis.util.LogUtils.runAndLog(LogUtils.java:38)
	at org.apache.ratis.util.FileUtils.createDirectories(FileUtils.java:70)
	at org.apache.ratis.util.FileUtils.createDirectories(FileUtils.java:66)
	at org.apache.ratis.server.storage.RaftStorageDirectoryImpl.analyzeStorage(RaftStorageDirectoryImpl.java:136)
	at org.apache.ratis.server.storage.RaftStorageImpl.analyzeAndRecoverStorage(RaftStorageImpl.java:97)
	at org.apache.ratis.server.storage.RaftStorageImpl.<init>(RaftStorageImpl.java:67)
	at org.apache.ratis.server.storage.RaftStorageImpl.<init>(RaftStorageImpl.java:52)
	at org.apache.ratis.server.impl.ServerState.<init>(ServerState.java:114)
	at org.apache.ratis.server.impl.RaftServerImpl.<init>(RaftServerImpl.java:194)
	at org.apache.ratis.server.impl.RaftServerProxy.lambda$newRaftServerImpl$4(RaftServerProxy.java:266)
	at java.util.concurrent.CompletableFuture$AsyncSupply.run(CompletableFuture.java:1604)
	at java.util.concurrent.ThreadPoolExecutor.runWorker(ThreadPoolExecutor.java:1149)
	at java.util.concurrent.ThreadPoolExecutor$Worker.run(ThreadPoolExecutor.java:624)
	at java.lang.Thread.run(Thread.java:748)
2021-08-04 01:17:10,244 [pool-162-thread-1] INFO  server.RaftServerConfigKeys (ConfUtils.java:logGet(44)) - raft.server.storage.dir = [/home/runner/work/ozone/ozone/mnt/ozone/hadoop-ozone/integration-test/target/test-dir/MiniOzoneClusterImpl-e5186c5f-1b64-46e6-9930-7a8733b94f9c/datanode-6/data/ratis] (custom)
2021-08-04 01:17:10,245 [Command processor thread] ERROR commandhandler.CreatePipelineCommandHandler (CreatePipelineCommandHandler.java:handle(111)) - Can't create pipeline RATIS THREE PipelineID=ae48ede7-4a33-4626-9d9d-7089a3b83903
java.io.IOException: No healthy directories found for RaftStorage among: [/home/runner/work/ozone/ozone/mnt/ozone/hadoop-ozone/integration-test/target/test-dir/MiniOzoneClusterImpl-e5186c5f-1b64-46e6-9930-7a8733b94f9c/datanode-6/data/ratis]
	at org.apache.hadoop.ozone.container.common.transport.server.ratis.XceiverServerRatis.addGroup(XceiverServerRatis.java:756)
	at org.apache.hadoop.ozone.container.common.statemachine.commandhandler.CreatePipelineCommandHandler.handle(CreatePipelineCommandHandler.java:92)
	at org.apache.hadoop.ozone.container.common.statemachine.commandhandler.CommandDispatcher.handle(CommandDispatcher.java:99)
	at org.apache.hadoop.ozone.container.common.statemachine.DatanodeStateMachine.lambda$initCommandHandlerThread$2(DatanodeStateMachine.java:555)
	at java.lang.Thread.run(Thread.java:748)
Caused by: java.io.IOException: No healthy directories found for RaftStorage among: [/home/runner/work/ozone/ozone/mnt/ozone/hadoop-ozone/integration-test/target/test-dir/MiniOzoneClusterImpl-e5186c5f-1b64-46e6-9930-7a8733b94f9c/datanode-6/data/ratis]
	at org.apache.ratis.server.impl.ServerState.<init>(ServerState.java:129)
	at org.apache.ratis.server.impl.RaftServerImpl.<init>(RaftServerImpl.java:194)
	at org.apache.ratis.server.impl.RaftServerProxy.lambda$newRaftServerImpl$4(RaftServerProxy.java:266)
	at java.util.concurrent.CompletableFuture$AsyncSupply.run(CompletableFuture.java:1604)
	at java.util.concurrent.ThreadPoolExecutor.runWorker(ThreadPoolExecutor.java:1149)
	at java.util.concurrent.ThreadPoolExecutor$Worker.run(ThreadPoolExecutor.java:624)
	... 1 more
2021-08-04 01:17:10,395 [Command processor thread] INFO  server.RaftServer (RaftServerProxy.java:addNew(95)) - ed1bec8e-0ca2-4b71-b1fc-16a76d95b664: addNew group-7089A3B83903:[ed1bec8e-0ca2-4b71-b1fc-16a76d95b664|rpc:10.1.0.49:36883|priority:0, ff759bcd-5af0-4000-a28c-396c4eee979e|rpc:10.1.0.49:35933|priority:1, 07f4a1f0-1da9-4997-84c7-c089c66a3072|rpc:10.1.0.49:40677|priority:0] returns group-7089A3B83903:java.util.concurrent.CompletableFuture@3f5aaff[Not completed]
2021-08-04 01:17:10,396 [pool-90-thread-1] INFO  server.RaftServer$Division (RaftServerImpl.java:<init>(181)) - ed1bec8e-0ca2-4b71-b1fc-16a76d95b664: new RaftServerImpl for group-7089A3B83903:[ed1bec8e-0ca2-4b71-b1fc-16a76d95b664|rpc:10.1.0.49:36883|priority:0, ff759bcd-5af0-4000-a28c-396c4eee979e|rpc:10.1.0.49:35933|priority:1, 07f4a1f0-1da9-4997-84c7-c089c66a3072|rpc:10.1.0.49:40677|priority:0] with ContainerStateMachine:uninitialized
2021-08-04 01:17:10,396 [pool-90-thread-1] INFO  server.RaftServerConfigKeys (ConfUtils.java:logGet(44)) - raft.server.rpc.timeout.min = 5s (custom)
2021-08-04 01:17:10,396 [pool-90-thread-1] INFO  server.RaftServerConfigKeys (ConfUtils.java:logGet(44)) - raft.server.rpc.timeout.max = 5200ms (custom)
2021-08-04 01:17:10,396 [pool-90-thread-1] INFO  server.RaftServerConfigKeys (ConfUtils.java:logGet(44)) - raft.server.rpc.sleep.time = 25ms (default)
2021-08-04 01:17:10,396 [pool-90-thread-1] INFO  server.RaftServerConfigKeys (ConfUtils.java:logGet(44)) - raft.server.rpc.slowness.timeout = 300s (custom)
2021-08-04 01:17:10,396 [pool-90-thread-1] INFO  server.RaftServerConfigKeys (ConfUtils.java:logGet(44)) - raft.server.leaderelection.leader.step-down.wait-time = 10s (default)
2021-08-04 01:17:10,396 [pool-90-thread-1] INFO  server.RaftServerConfigKeys (ConfUtils.java:logGet(44)) - raft.server.sleep.deviation.threshold = 300ms (default)
2021-08-04 01:17:10,396 [pool-90-thread-1] INFO  server.RaftServerConfigKeys (ConfUtils.java:logGet(44)) - raft.server.log.appender.install.snapshot.enabled = false (custom)
2021-08-04 01:17:10,396 [pool-90-thread-1] INFO  server.RaftServer$Division (ServerState.java:<init>(105)) - ed1bec8e-0ca2-4b71-b1fc-16a76d95b664@group-7089A3B83903: ConfigurationManager, init=-1: [ed1bec8e-0ca2-4b71-b1fc-16a76d95b664|rpc:10.1.0.49:36883|priority:0, ff759bcd-5af0-4000-a28c-396c4eee979e|rpc:10.1.0.49:35933|priority:1, 07f4a1f0-1da9-4997-84c7-c089c66a3072|rpc:10.1.0.49:40677|priority:0], old=null, confs=<EMPTY_MAP>
2021-08-04 01:17:10,396 [pool-90-thread-1] INFO  server.RaftServerConfigKeys (ConfUtils.java:logGet(44)) - raft.server.storage.dir = [/home/runner/work/ozone/ozone/mnt/ozone/hadoop-ozone/integration-test/target/test-dir/MiniOzoneClusterImpl-e5186c5f-1b64-46e6-9930-7a8733b94f9c/datanode-2/data/ratis] (custom)
2021-08-04 01:17:10,397 [pool-90-thread-1] INFO  server.RaftServerConfigKeys (ConfUtils.java:logGet(44)) - raft.server.log.corruption.policy = EXCEPTION (default)
2021-08-04 01:17:10,397 [pool-90-thread-1] INFO  server.RaftServerConfigKeys (ConfUtils.java:logGet(44)) - raft.server.storage.free-space.min = 0MB (=0) (default)
2021-08-04 01:17:10,397 [pool-90-thread-1] INFO  storage.RaftStorageDirectory (RaftStorageDirectoryImpl.java:analyzeStorage(135)) - The storage directory /home/runner/work/ozone/ozone/mnt/ozone/hadoop-ozone/integration-test/target/test-dir/MiniOzoneClusterImpl-e5186c5f-1b64-46e6-9930-7a8733b94f9c/datanode-2/data/ratis/ae48ede7-4a33-4626-9d9d-7089a3b83903 does not exist. Creating ...
2021-08-04 01:17:10,397 [pool-90-thread-1] WARN  util.FileUtils (LogUtils.java:runAndLog(43)) - Failed to Files.createDirectories /home/runner/work/ozone/ozone/mnt/ozone/hadoop-ozone/integration-test/target/test-dir/MiniOzoneClusterImpl-e5186c5f-1b64-46e6-9930-7a8733b94f9c/datanode-2/data/ratis/ae48ede7-4a33-4626-9d9d-7089a3b83903: java.nio.file.FileSystemException: /home/runner/work/ozone/ozone/mnt/ozone/hadoop-ozone/integration-test/target/test-dir/MiniOzoneClusterImpl-e5186c5f-1b64-46e6-9930-7a8733b94f9c/datanode-2/data/ratis/ae48ede7-4a33-4626-9d9d-7089a3b83903: No space left on device
2021-08-04 01:17:10,397 [pool-90-thread-1] WARN  server.RaftServer$Division (ServerState.java:<init>(121)) - Failed to init RaftStorage under /home/runner/work/ozone/ozone/mnt/ozone/hadoop-ozone/integration-test/target/test-dir/MiniOzoneClusterImpl-e5186c5f-1b64-46e6-9930-7a8733b94f9c/datanode-2/data/ratis for ae48ede7-4a33-4626-9d9d-7089a3b83903: {}
java.nio.file.FileSystemException: /home/runner/work/ozone/ozone/mnt/ozone/hadoop-ozone/integration-test/target/test-dir/MiniOzoneClusterImpl-e5186c5f-1b64-46e6-9930-7a8733b94f9c/datanode-2/data/ratis/ae48ede7-4a33-4626-9d9d-7089a3b83903: No space left on device
	at sun.nio.fs.UnixException.translateToIOException(UnixException.java:91)
	at sun.nio.fs.UnixException.rethrowAsIOException(UnixException.java:102)
	at sun.nio.fs.UnixException.rethrowAsIOException(UnixException.java:107)
	at sun.nio.fs.UnixFileSystemProvider.createDirectory(UnixFileSystemProvider.java:384)
	at java.nio.file.Files.createDirectory(Files.java:674)
	at java.nio.file.Files.createAndCheckIsDirectory(Files.java:781)
	at java.nio.file.Files.createDirectories(Files.java:767)
	at org.apache.ratis.util.FileUtils.lambda$createDirectories$4(FileUtils.java:71)
	at org.apache.ratis.util.LogUtils.runAndLog(LogUtils.java:38)
	at org.apache.ratis.util.FileUtils.createDirectories(FileUtils.java:70)
	at org.apache.ratis.util.FileUtils.createDirectories(FileUtils.java:66)
	at org.apache.ratis.server.storage.RaftStorageDirectoryImpl.analyzeStorage(RaftStorageDirectoryImpl.java:136)
	at org.apache.ratis.server.storage.RaftStorageImpl.analyzeAndRecoverStorage(RaftStorageImpl.java:97)
	at org.apache.ratis.server.storage.RaftStorageImpl.<init>(RaftStorageImpl.java:67)
	at org.apache.ratis.server.storage.RaftStorageImpl.<init>(RaftStorageImpl.java:52)
	at org.apache.ratis.server.impl.ServerState.<init>(ServerState.java:114)
	at org.apache.ratis.server.impl.RaftServerImpl.<init>(RaftServerImpl.java:194)
	at org.apache.ratis.server.impl.RaftServerProxy.lambda$newRaftServerImpl$4(RaftServerProxy.java:266)
	at java.util.concurrent.CompletableFuture$AsyncSupply.run(CompletableFuture.java:1604)
	at java.util.concurrent.ThreadPoolExecutor.runWorker(ThreadPoolExecutor.java:1149)
	at java.util.concurrent.ThreadPoolExecutor$Worker.run(ThreadPoolExecutor.java:624)
	at java.lang.Thread.run(Thread.java:748)
2021-08-04 01:17:10,397 [pool-90-thread-1] INFO  server.RaftServerConfigKeys (ConfUtils.java:logGet(44)) - raft.server.storage.dir = [/home/runner/work/ozone/ozone/mnt/ozone/hadoop-ozone/integration-test/target/test-dir/MiniOzoneClusterImpl-e5186c5f-1b64-46e6-9930-7a8733b94f9c/datanode-2/data/ratis] (custom)
2021-08-04 01:17:10,398 [Command processor thread] ERROR commandhandler.CreatePipelineCommandHandler (CreatePipelineCommandHandler.java:handle(111)) - Can't create pipeline RATIS THREE PipelineID=ae48ede7-4a33-4626-9d9d-7089a3b83903
java.io.IOException: No healthy directories found for RaftStorage among: [/home/runner/work/ozone/ozone/mnt/ozone/hadoop-ozone/integration-test/target/test-dir/MiniOzoneClusterImpl-e5186c5f-1b64-46e6-9930-7a8733b94f9c/datanode-2/data/ratis]
	at org.apache.hadoop.ozone.container.common.transport.server.ratis.XceiverServerRatis.addGroup(XceiverServerRatis.java:756)
	at org.apache.hadoop.ozone.container.common.statemachine.commandhandler.CreatePipelineCommandHandler.handle(CreatePipelineCommandHandler.java:92)
	at org.apache.hadoop.ozone.container.common.statemachine.commandhandler.CommandDispatcher.handle(CommandDispatcher.java:99)
	at org.apache.hadoop.ozone.container.common.statemachine.DatanodeStateMachine.lambda$initCommandHandlerThread$2(DatanodeStateMachine.java:555)
	at java.lang.Thread.run(Thread.java:748)
Caused by: java.io.IOException: No healthy directories found for RaftStorage among: [/home/runner/work/ozone/ozone/mnt/ozone/hadoop-ozone/integration-test/target/test-dir/MiniOzoneClusterImpl-e5186c5f-1b64-46e6-9930-7a8733b94f9c/datanode-2/data/ratis]
	at org.apache.ratis.server.impl.ServerState.<init>(ServerState.java:129)
	at org.apache.ratis.server.impl.RaftServerImpl.<init>(RaftServerImpl.java:194)
	at org.apache.ratis.server.impl.RaftServerProxy.lambda$newRaftServerImpl$4(RaftServerProxy.java:266)
	at java.util.concurrent.CompletableFuture$AsyncSupply.run(CompletableFuture.java:1604)
	at java.util.concurrent.ThreadPoolExecutor.runWorker(ThreadPoolExecutor.java:1149)
	at java.util.concurrent.ThreadPoolExecutor$Worker.run(ThreadPoolExecutor.java:624)
	... 1 more
2021-08-04 01:17:10,764 [Command processor thread] INFO  server.RaftServer (RaftServerProxy.java:addNew(95)) - ff759bcd-5af0-4000-a28c-396c4eee979e: addNew group-7089A3B83903:[ed1bec8e-0ca2-4b71-b1fc-16a76d95b664|rpc:10.1.0.49:36883|priority:0, ff759bcd-5af0-4000-a28c-396c4eee979e|rpc:10.1.0.49:35933|priority:1, 07f4a1f0-1da9-4997-84c7-c089c66a3072|rpc:10.1.0.49:40677|priority:0] returns group-7089A3B83903:java.util.concurrent.CompletableFuture@44ccbc0e[Not completed]
2021-08-04 01:17:10,765 [pool-126-thread-1] INFO  server.RaftServer$Division (RaftServerImpl.java:<init>(181)) - ff759bcd-5af0-4000-a28c-396c4eee979e: new RaftServerImpl for group-7089A3B83903:[ed1bec8e-0ca2-4b71-b1fc-16a76d95b664|rpc:10.1.0.49:36883|priority:0, ff759bcd-5af0-4000-a28c-396c4eee979e|rpc:10.1.0.49:35933|priority:1, 07f4a1f0-1da9-4997-84c7-c089c66a3072|rpc:10.1.0.49:40677|priority:0] with ContainerStateMachine:uninitialized
2021-08-04 01:17:10,766 [pool-126-thread-1] INFO  server.RaftServerConfigKeys (ConfUtils.java:logGet(44)) - raft.server.rpc.timeout.min = 5s (custom)
2021-08-04 01:17:10,766 [pool-126-thread-1] INFO  server.RaftServerConfigKeys (ConfUtils.java:logGet(44)) - raft.server.rpc.timeout.max = 5200ms (custom)
2021-08-04 01:17:10,766 [pool-126-thread-1] INFO  server.RaftServerConfigKeys (ConfUtils.java:logGet(44)) - raft.server.rpc.sleep.time = 25ms (default)
2021-08-04 01:17:10,766 [pool-126-thread-1] INFO  server.RaftServerConfigKeys (ConfUtils.java:logGet(44)) - raft.server.rpc.slowness.timeout = 300s (custom)
2021-08-04 01:17:10,766 [pool-126-thread-1] INFO  server.RaftServerConfigKeys (ConfUtils.java:logGet(44)) - raft.server.leaderelection.leader.step-down.wait-time = 10s (default)
2021-08-04 01:17:10,766 [pool-126-thread-1] INFO  server.RaftServerConfigKeys (ConfUtils.java:logGet(44)) - raft.server.sleep.deviation.threshold = 300ms (default)
2021-08-04 01:17:10,766 [pool-126-thread-1] INFO  server.RaftServerConfigKeys (ConfUtils.java:logGet(44)) - raft.server.log.appender.install.snapshot.enabled = false (custom)
2021-08-04 01:17:10,766 [pool-126-thread-1] INFO  server.RaftServer$Division (ServerState.java:<init>(105)) - ff759bcd-5af0-4000-a28c-396c4eee979e@group-7089A3B83903: ConfigurationManager, init=-1: [ed1bec8e-0ca2-4b71-b1fc-16a76d95b664|rpc:10.1.0.49:36883|priority:0, ff759bcd-5af0-4000-a28c-396c4eee979e|rpc:10.1.0.49:35933|priority:1, 07f4a1f0-1da9-4997-84c7-c089c66a3072|rpc:10.1.0.49:40677|priority:0], old=null, confs=<EMPTY_MAP>
2021-08-04 01:17:10,766 [pool-126-thread-1] INFO  server.RaftServerConfigKeys (ConfUtils.java:logGet(44)) - raft.server.storage.dir = [/home/runner/work/ozone/ozone/mnt/ozone/hadoop-ozone/integration-test/target/test-dir/MiniOzoneClusterImpl-e5186c5f-1b64-46e6-9930-7a8733b94f9c/datanode-4/data/ratis] (custom)
2021-08-04 01:17:10,766 [pool-126-thread-1] INFO  server.RaftServerConfigKeys (ConfUtils.java:logGet(44)) - raft.server.log.corruption.policy = EXCEPTION (default)
2021-08-04 01:17:10,766 [pool-126-thread-1] INFO  server.RaftServerConfigKeys (ConfUtils.java:logGet(44)) - raft.server.storage.free-space.min = 0MB (=0) (default)
2021-08-04 01:17:10,766 [pool-126-thread-1] INFO  storage.RaftStorageDirectory (RaftStorageDirectoryImpl.java:analyzeStorage(135)) - The storage directory /home/runner/work/ozone/ozone/mnt/ozone/hadoop-ozone/integration-test/target/test-dir/MiniOzoneClusterImpl-e5186c5f-1b64-46e6-9930-7a8733b94f9c/datanode-4/data/ratis/ae48ede7-4a33-4626-9d9d-7089a3b83903 does not exist. Creating ...
2021-08-04 01:17:10,766 [pool-126-thread-1] WARN  util.FileUtils (LogUtils.java:runAndLog(43)) - Failed to Files.createDirectories /home/runner/work/ozone/ozone/mnt/ozone/hadoop-ozone/integration-test/target/test-dir/MiniOzoneClusterImpl-e5186c5f-1b64-46e6-9930-7a8733b94f9c/datanode-4/data/ratis/ae48ede7-4a33-4626-9d9d-7089a3b83903: java.nio.file.FileSystemException: /home/runner/work/ozone/ozone/mnt/ozone/hadoop-ozone/integration-test/target/test-dir/MiniOzoneClusterImpl-e5186c5f-1b64-46e6-9930-7a8733b94f9c/datanode-4/data/ratis/ae48ede7-4a33-4626-9d9d-7089a3b83903: No space left on device
2021-08-04 01:17:10,766 [pool-126-thread-1] WARN  server.RaftServer$Division (ServerState.java:<init>(121)) - Failed to init RaftStorage under /home/runner/work/ozone/ozone/mnt/ozone/hadoop-ozone/integration-test/target/test-dir/MiniOzoneClusterImpl-e5186c5f-1b64-46e6-9930-7a8733b94f9c/datanode-4/data/ratis for ae48ede7-4a33-4626-9d9d-7089a3b83903: {}
java.nio.file.FileSystemException: /home/runner/work/ozone/ozone/mnt/ozone/hadoop-ozone/integration-test/target/test-dir/MiniOzoneClusterImpl-e5186c5f-1b64-46e6-9930-7a8733b94f9c/datanode-4/data/ratis/ae48ede7-4a33-4626-9d9d-7089a3b83903: No space left on device
	at sun.nio.fs.UnixException.translateToIOException(UnixException.java:91)
	at sun.nio.fs.UnixException.rethrowAsIOException(UnixException.java:102)
	at sun.nio.fs.UnixException.rethrowAsIOException(UnixException.java:107)
	at sun.nio.fs.UnixFileSystemProvider.createDirectory(UnixFileSystemProvider.java:384)
	at java.nio.file.Files.createDirectory(Files.java:674)
	at java.nio.file.Files.createAndCheckIsDirectory(Files.java:781)
	at java.nio.file.Files.createDirectories(Files.java:767)
	at org.apache.ratis.util.FileUtils.lambda$createDirectories$4(FileUtils.java:71)
	at org.apache.ratis.util.LogUtils.runAndLog(LogUtils.java:38)
	at org.apache.ratis.util.FileUtils.createDirectories(FileUtils.java:70)
	at org.apache.ratis.util.FileUtils.createDirectories(FileUtils.java:66)
	at org.apache.ratis.server.storage.RaftStorageDirectoryImpl.analyzeStorage(RaftStorageDirectoryImpl.java:136)
	at org.apache.ratis.server.storage.RaftStorageImpl.analyzeAndRecoverStorage(RaftStorageImpl.java:97)
	at org.apache.ratis.server.storage.RaftStorageImpl.<init>(RaftStorageImpl.java:67)
	at org.apache.ratis.server.storage.RaftStorageImpl.<init>(RaftStorageImpl.java:52)
	at org.apache.ratis.server.impl.ServerState.<init>(ServerState.java:114)
	at org.apache.ratis.server.impl.RaftServerImpl.<init>(RaftServerImpl.java:194)
	at org.apache.ratis.server.impl.RaftServerProxy.lambda$newRaftServerImpl$4(RaftServerProxy.java:266)
	at java.util.concurrent.CompletableFuture$AsyncSupply.run(CompletableFuture.java:1604)
	at java.util.concurrent.ThreadPoolExecutor.runWorker(ThreadPoolExecutor.java:1149)
	at java.util.concurrent.ThreadPoolExecutor$Worker.run(ThreadPoolExecutor.java:624)
	at java.lang.Thread.run(Thread.java:748)
2021-08-04 01:17:10,767 [pool-126-thread-1] INFO  server.RaftServerConfigKeys (ConfUtils.java:logGet(44)) - raft.server.storage.dir = [/home/runner/work/ozone/ozone/mnt/ozone/hadoop-ozone/integration-test/target/test-dir/MiniOzoneClusterImpl-e5186c5f-1b64-46e6-9930-7a8733b94f9c/datanode-4/data/ratis] (custom)
2021-08-04 01:17:10,770 [Command processor thread] ERROR commandhandler.CreatePipelineCommandHandler (CreatePipelineCommandHandler.java:handle(111)) - Can't create pipeline RATIS THREE PipelineID=ae48ede7-4a33-4626-9d9d-7089a3b83903
java.io.IOException: No healthy directories found for RaftStorage among: [/home/runner/work/ozone/ozone/mnt/ozone/hadoop-ozone/integration-test/target/test-dir/MiniOzoneClusterImpl-e5186c5f-1b64-46e6-9930-7a8733b94f9c/datanode-4/data/ratis]
	at org.apache.hadoop.ozone.container.common.transport.server.ratis.XceiverServerRatis.addGroup(XceiverServerRatis.java:756)
	at org.apache.hadoop.ozone.container.common.statemachine.commandhandler.CreatePipelineCommandHandler.handle(CreatePipelineCommandHandler.java:92)
	at org.apache.hadoop.ozone.container.common.statemachine.commandhandler.CommandDispatcher.handle(CommandDispatcher.java:99)
	at org.apache.hadoop.ozone.container.common.statemachine.DatanodeStateMachine.lambda$initCommandHandlerThread$2(DatanodeStateMachine.java:555)
	at java.lang.Thread.run(Thread.java:748)
Caused by: java.io.IOException: No healthy directories found for RaftStorage among: [/home/runner/work/ozone/ozone/mnt/ozone/hadoop-ozone/integration-test/target/test-dir/MiniOzoneClusterImpl-e5186c5f-1b64-46e6-9930-7a8733b94f9c/datanode-4/data/ratis]
	at org.apache.ratis.server.impl.ServerState.<init>(ServerState.java:129)
	at org.apache.ratis.server.impl.RaftServerImpl.<init>(RaftServerImpl.java:194)
	at org.apache.ratis.server.impl.RaftServerProxy.lambda$newRaftServerImpl$4(RaftServerProxy.java:266)
	at java.util.concurrent.CompletableFuture$AsyncSupply.run(CompletableFuture.java:1604)
	at java.util.concurrent.ThreadPoolExecutor.runWorker(ThreadPoolExecutor.java:1149)
	at java.util.concurrent.ThreadPoolExecutor$Worker.run(ThreadPoolExecutor.java:624)
	... 1 more
2021-08-04 01:17:17,248 [IPC Server handler 3 on default port 43083] WARN  pipeline.WritableRatisContainerProvider (WritableRatisContainerProvider.java:getContainer(111)) - Pipeline creation failed for repConfig: RATIS/THREE. Retrying get pipelines call once.
java.io.IOException: Pipeline PipelineID=19147f17-e203-47e6-a41e-6017bfc51f05 is not ready in 60000 ms
	at org.apache.hadoop.hdds.scm.pipeline.PipelineManagerV2Impl.waitPipelineReady(PipelineManagerV2Impl.java:495)
	at org.apache.hadoop.hdds.scm.pipeline.WritableRatisContainerProvider.getContainer(WritableRatisContainerProvider.java:105)
	at org.apache.hadoop.hdds.scm.pipeline.WritableContainerFactory.getContainer(WritableContainerFactory.java:52)
	at org.apache.hadoop.hdds.scm.block.BlockManagerImpl.allocateBlock(BlockManagerImpl.java:182)
	at org.apache.hadoop.hdds.scm.server.SCMBlockProtocolServer.allocateBlock(SCMBlockProtocolServer.java:194)
	at org.apache.hadoop.hdds.scm.protocol.ScmBlockLocationProtocolServerSideTranslatorPB.allocateScmBlock(ScmBlockLocationProtocolServerSideTranslatorPB.java:180)
	at org.apache.hadoop.hdds.scm.protocol.ScmBlockLocationProtocolServerSideTranslatorPB.processMessage(ScmBlockLocationProtocolServerSideTranslatorPB.java:130)
	at org.apache.hadoop.hdds.server.OzoneProtocolMessageDispatcher.processRequest(OzoneProtocolMessageDispatcher.java:87)
	at org.apache.hadoop.hdds.scm.protocol.ScmBlockLocationProtocolServerSideTranslatorPB.send(ScmBlockLocationProtocolServerSideTranslatorPB.java:112)
	at org.apache.hadoop.hdds.protocol.proto.ScmBlockLocationProtocolProtos$ScmBlockLocationProtocolService$2.callBlockingMethod(ScmBlockLocationProtocolProtos.java:13937)
	at org.apache.hadoop.ipc.ProtobufRpcEngine$Server.processCall(ProtobufRpcEngine.java:466)
	at org.apache.hadoop.ipc.ProtobufRpcEngine2$Server$ProtoBufRpcInvoker.call(ProtobufRpcEngine2.java:574)
	at org.apache.hadoop.ipc.ProtobufRpcEngine2$Server$ProtoBufRpcInvoker.call(ProtobufRpcEngine2.java:552)
	at org.apache.hadoop.ipc.RPC$Server.call(RPC.java:1093)
	at org.apache.hadoop.ipc.Server$RpcCall.run(Server.java:1035)
	at org.apache.hadoop.ipc.Server$RpcCall.run(Server.java:963)
	at java.security.AccessController.doPrivileged(Native Method)
	at javax.security.auth.Subject.doAs(Subject.java:422)
	at org.apache.hadoop.security.UserGroupInformation.doAs(UserGroupInformation.java:1878)
	at org.apache.hadoop.ipc.Server$Handler.run(Server.java:2966)
2021-08-04 01:17:17,248 [IPC Server handler 3 on default port 43083] INFO  pipeline.WritableRatisContainerProvider (WritableRatisContainerProvider.java:getContainer(123)) - Could not find available pipeline of repConfig: RATIS/THREE even after retrying
2021-08-04 01:17:17,248 [IPC Server handler 3 on default port 43083] ERROR pipeline.WritableRatisContainerProvider (WritableRatisContainerProvider.java:getContainer(152)) - Unable to allocate a block for the size: 4194304, repConfig: RATIS/THREE
2021-08-04 01:17:17,248 [IPC Server handler 3 on default port 43083] ERROR block.BlockManagerImpl (BlockManagerImpl.java:allocateBlock(190)) - Unable to allocate a block for the size: 4194304, replicationConfig: RATIS/THREE
]]></system-out>
  </testcase>
</testsuite>