<?xml version="1.0" encoding="UTF-8"?>
<testsuite xmlns:xsi="http://www.w3.org/2001/XMLSchema-instance" xsi:noNamespaceSchemaLocation="https://maven.apache.org/surefire/maven-surefire-plugin/xsd/surefire-test-report.xsd" name="org.apache.hadoop.ozone.freon.TestDataValidateWithUnsafeByteOperations" time="633.398" tests="2" errors="2" skipped="0" failures="0">
  <properties>
    <property name="awt.toolkit" value="sun.awt.X11.XToolkit"/>
    <property name="file.encoding.pkg" value="sun.io"/>
    <property name="java.specification.version" value="1.8"/>
    <property name="sun.cpu.isalist" value=""/>
    <property name="sun.jnu.encoding" value="ANSI_X3.4-1968"/>
    <property name="java.class.path" value="/github/workspace/mnt/ozone/hadoop-ozone/integration-test/target/test-classes:/github/workspace/mnt/ozone/hadoop-ozone/integration-test/target/classes:/home/user/.m2/repository/org/apache/hadoop/hadoop-ozone-common/0.6.0-SNAPSHOT/hadoop-ozone-common-0.6.0-SNAPSHOT.jar:/home/user/.m2/repository/org/apache/commons/commons-compress/1.4.1/commons-compress-1.4.1.jar:/home/user/.m2/repository/org/tukaani/xz/1.0/xz-1.0.jar:/home/user/.m2/repository/org/apache/hadoop/hadoop-hdds-common/0.6.0-SNAPSHOT/hadoop-hdds-common-0.6.0-SNAPSHOT.jar:/home/user/.m2/repository/org/apache/hadoop/hadoop-hdds-hadoop-dependency-client/0.6.0-SNAPSHOT/hadoop-hdds-hadoop-dependency-client-0.6.0-SNAPSHOT.jar:/home/user/.m2/repository/info/picocli/picocli/3.9.6/picocli-3.9.6.jar:/home/user/.m2/repository/com/fasterxml/jackson/core/jackson-annotations/2.10.3/jackson-annotations-2.10.3.jar:/home/user/.m2/repository/javax/annotation/javax.annotation-api/1.2/javax.annotation-api-1.2.jar:/home/user/.m2/repository/org/apache/ratis/ratis-server/0.6.0-cac3336-SNAPSHOT/ratis-server-0.6.0-cac3336-SNAPSHOT.jar:/home/user/.m2/repository/org/apache/ratis/ratis-client/0.6.0-cac3336-SNAPSHOT/ratis-client-0.6.0-cac3336-SNAPSHOT.jar:/home/user/.m2/repository/org/apache/ratis/ratis-metrics/0.6.0-cac3336-SNAPSHOT/ratis-metrics-0.6.0-cac3336-SNAPSHOT.jar:/home/user/.m2/repository/org/apache/ratis/ratis-netty/0.6.0-cac3336-SNAPSHOT/ratis-netty-0.6.0-cac3336-SNAPSHOT.jar:/home/user/.m2/repository/org/apache/ratis/ratis-grpc/0.6.0-cac3336-SNAPSHOT/ratis-grpc-0.6.0-cac3336-SNAPSHOT.jar:/home/user/.m2/repository/org/apache/logging/log4j/log4j-api/2.11.0/log4j-api-2.11.0.jar:/home/user/.m2/repository/org/apache/logging/log4j/log4j-core/2.11.0/log4j-core-2.11.0.jar:/home/user/.m2/repository/com/lmax/disruptor/3.4.2/disruptor-3.4.2.jar:/home/user/.m2/repository/org/apache/commons/commons-pool2/2.6.0/commons-pool2-2.6.0.jar:/home/user/.m2/repository/org/bouncycastle/bcpkix-jdk15on/1.60/bcpkix-jdk15on-1.60.jar:/home/user/.m2/repository/commons-validator/commons-validator/1.6/commons-validator-1.6.jar:/home/user/.m2/repository/commons-digester/commons-digester/1.8.1/commons-digester-1.8.1.jar:/home/user/.m2/repository/io/jaegertracing/jaeger-client/1.2.0/jaeger-client-1.2.0.jar:/home/user/.m2/repository/io/jaegertracing/jaeger-thrift/1.2.0/jaeger-thrift-1.2.0.jar:/home/user/.m2/repository/org/apache/thrift/libthrift/0.13.0/libthrift-0.13.0.jar:/home/user/.m2/repository/com/squareup/okhttp3/okhttp/4.2.2/okhttp-4.2.2.jar:/home/user/.m2/repository/com/squareup/okio/okio/2.2.2/okio-2.2.2.jar:/home/user/.m2/repository/org/jetbrains/kotlin/kotlin-stdlib/1.3.50/kotlin-stdlib-1.3.50.jar:/home/user/.m2/repository/org/jetbrains/kotlin/kotlin-stdlib-common/1.3.50/kotlin-stdlib-common-1.3.50.jar:/home/user/.m2/repository/org/jetbrains/annotations/13.0/annotations-13.0.jar:/home/user/.m2/repository/io/jaegertracing/jaeger-core/1.2.0/jaeger-core-1.2.0.jar:/home/user/.m2/repository/io/jaegertracing/jaeger-tracerresolver/1.2.0/jaeger-tracerresolver-1.2.0.jar:/home/user/.m2/repository/io/opentracing/contrib/opentracing-tracerresolver/0.1.8/opentracing-tracerresolver-0.1.8.jar:/home/user/.m2/repository/io/opentracing/opentracing-util/0.33.0/opentracing-util-0.33.0.jar:/home/user/.m2/repository/io/opentracing/opentracing-api/0.33.0/opentracing-api-0.33.0.jar:/home/user/.m2/repository/io/opentracing/opentracing-noop/0.33.0/opentracing-noop-0.33.0.jar:/home/user/.m2/repository/org/apache/hadoop/hadoop-hdds-client/0.6.0-SNAPSHOT/hadoop-hdds-client-0.6.0-SNAPSHOT.jar:/home/user/.m2/repository/org/apache/hadoop/hadoop-hdds-test-utils/0.6.0-SNAPSHOT/hadoop-hdds-test-utils-0.6.0-SNAPSHOT.jar:/home/user/.m2/repository/com/google/guava/guava/28.2-jre/guava-28.2-jre.jar:/home/user/.m2/repository/com/google/guava/failureaccess/1.0.1/failureaccess-1.0.1.jar:/home/user/.m2/repository/com/google/guava/listenablefuture/9999.0-empty-to-avoid-conflict-with-guava/listenablefuture-9999.0-empty-to-avoid-conflict-with-guava.jar:/home/user/.m2/repository/com/google/code/findbugs/jsr305/3.0.0/jsr305-3.0.0.jar:/home/user/.m2/repository/org/checkerframework/checker-qual/2.10.0/checker-qual-2.10.0.jar:/home/user/.m2/repository/com/google/errorprone/error_prone_annotations/2.2.0/error_prone_annotations-2.2.0.jar:/home/user/.m2/repository/com/google/j2objc/j2objc-annotations/1.3/j2objc-annotations-1.3.jar:/home/user/.m2/repository/commons-io/commons-io/2.5/commons-io-2.5.jar:/home/user/.m2/repository/commons-logging/commons-logging/1.2/commons-logging-1.2.jar:/home/user/.m2/repository/log4j/log4j/1.2.17/log4j-1.2.17.jar:/home/user/.m2/repository/org/slf4j/slf4j-api/1.7.25/slf4j-api-1.7.25.jar:/home/user/.m2/repository/org/apache/hadoop/hadoop-hdds-server-scm/0.6.0-SNAPSHOT/hadoop-hdds-server-scm-0.6.0-SNAPSHOT.jar:/home/user/.m2/repository/org/apache/hadoop/hadoop-hdds-container-service/0.6.0-SNAPSHOT/hadoop-hdds-container-service-0.6.0-SNAPSHOT.jar:/home/user/.m2/repository/org/apache/hadoop/hadoop-hdds-hadoop-dependency-server/0.6.0-SNAPSHOT/hadoop-hdds-hadoop-dependency-server-0.6.0-SNAPSHOT.jar:/home/user/.m2/repository/org/apache/hadoop/hadoop-hdds-server-framework/0.6.0-SNAPSHOT/hadoop-hdds-server-framework-0.6.0-SNAPSHOT.jar:/home/user/.m2/repository/org/apache/hadoop/hadoop-hdds-interface-server/0.6.0-SNAPSHOT/hadoop-hdds-interface-server-0.6.0-SNAPSHOT.jar:/home/user/.m2/repository/org/apache/hadoop/hadoop-hdds-interface-admin/0.6.0-SNAPSHOT/hadoop-hdds-interface-admin-0.6.0-SNAPSHOT.jar:/home/user/.m2/repository/org/rocksdb/rocksdbjni/6.6.4/rocksdbjni-6.6.4.jar:/home/user/.m2/repository/io/prometheus/simpleclient_dropwizard/0.7.0/simpleclient_dropwizard-0.7.0.jar:/home/user/.m2/repository/io/prometheus/simpleclient/0.7.0/simpleclient-0.7.0.jar:/home/user/.m2/repository/io/prometheus/simpleclient_common/0.7.0/simpleclient_common-0.7.0.jar:/home/user/.m2/repository/com/fasterxml/jackson/datatype/jackson-datatype-jsr310/2.10.3/jackson-datatype-jsr310-2.10.3.jar:/home/user/.m2/repository/org/apache/hadoop/hadoop-hdds-docs/0.6.0-SNAPSHOT/hadoop-hdds-docs-0.6.0-SNAPSHOT.jar:/home/user/.m2/repository/io/dropwizard/metrics/metrics-core/3.2.4/metrics-core-3.2.4.jar:/home/user/.m2/repository/org/apache/hadoop/hadoop-hdfs-client/3.2.1/hadoop-hdfs-client-3.2.1.jar:/home/user/.m2/repository/org/bouncycastle/bcprov-jdk15on/1.60/bcprov-jdk15on-1.60.jar:/home/user/.m2/repository/org/apache/hadoop/hadoop-ozone-ozone-manager/0.6.0-SNAPSHOT/hadoop-ozone-ozone-manager-0.6.0-SNAPSHOT.jar:/home/user/.m2/repository/org/apache/hadoop/hadoop-hdds-interface-client/0.6.0-SNAPSHOT/hadoop-hdds-interface-client-0.6.0-SNAPSHOT.jar:/home/user/.m2/repository/org/apache/ratis/ratis-thirdparty-misc/0.4.0/ratis-thirdparty-misc-0.4.0.jar:/home/user/.m2/repository/org/apache/hadoop/hadoop-minikdc/3.2.1/hadoop-minikdc-3.2.1.jar:/home/user/.m2/repository/org/apache/kerby/kerb-simplekdc/1.0.1/kerb-simplekdc-1.0.1.jar:/home/user/.m2/repository/org/apache/kerby/kerb-client/1.0.1/kerb-client-1.0.1.jar:/home/user/.m2/repository/org/apache/kerby/kerby-config/1.0.1/kerby-config-1.0.1.jar:/home/user/.m2/repository/org/apache/kerby/kerb-core/1.0.1/kerb-core-1.0.1.jar:/home/user/.m2/repository/org/apache/kerby/kerby-pkix/1.0.1/kerby-pkix-1.0.1.jar:/home/user/.m2/repository/org/apache/kerby/kerby-asn1/1.0.1/kerby-asn1-1.0.1.jar:/home/user/.m2/repository/org/apache/kerby/kerby-util/1.0.1/kerby-util-1.0.1.jar:/home/user/.m2/repository/org/apache/kerby/kerb-common/1.0.1/kerb-common-1.0.1.jar:/home/user/.m2/repository/org/apache/kerby/kerb-crypto/1.0.1/kerb-crypto-1.0.1.jar:/home/user/.m2/repository/org/apache/kerby/kerb-util/1.0.1/kerb-util-1.0.1.jar:/home/user/.m2/repository/org/apache/kerby/token-provider/1.0.1/token-provider-1.0.1.jar:/home/user/.m2/repository/org/apache/kerby/kerb-admin/1.0.1/kerb-admin-1.0.1.jar:/home/user/.m2/repository/org/apache/kerby/kerb-server/1.0.1/kerb-server-1.0.1.jar:/home/user/.m2/repository/org/apache/kerby/kerb-identity/1.0.1/kerb-identity-1.0.1.jar:/home/user/.m2/repository/org/apache/kerby/kerby-xdr/1.0.1/kerby-xdr-1.0.1.jar:/home/user/.m2/repository/org/slf4j/slf4j-log4j12/1.7.25/slf4j-log4j12-1.7.25.jar:/home/user/.m2/repository/org/apache/hadoop/hadoop-ozone-s3gateway/0.6.0-SNAPSHOT/hadoop-ozone-s3gateway-0.6.0-SNAPSHOT.jar:/home/user/.m2/repository/org/jboss/weld/servlet/weld-servlet/2.4.7.Final/weld-servlet-2.4.7.Final.jar:/home/user/.m2/repository/org/glassfish/jersey/containers/jersey-container-servlet-core/2.27/jersey-container-servlet-core-2.27.jar:/home/user/.m2/repository/org/glassfish/hk2/external/javax.inject/2.5.0-b42/javax.inject-2.5.0-b42.jar:/home/user/.m2/repository/org/glassfish/jersey/core/jersey-common/2.27/jersey-common-2.27.jar:/home/user/.m2/repository/org/glassfish/hk2/osgi-resource-locator/1.0.1/osgi-resource-locator-1.0.1.jar:/home/user/.m2/repository/javax/ws/rs/javax.ws.rs-api/2.1/javax.ws.rs-api-2.1.jar:/home/user/.m2/repository/org/glassfish/jersey/ext/cdi/jersey-cdi1x/2.27/jersey-cdi1x-2.27.jar:/home/user/.m2/repository/org/glassfish/jersey/inject/jersey-hk2/2.27/jersey-hk2-2.27.jar:/home/user/.m2/repository/org/glassfish/hk2/hk2-locator/2.5.0-b42/hk2-locator-2.5.0-b42.jar:/home/user/.m2/repository/org/javassist/javassist/3.22.0-CR2/javassist-3.22.0-CR2.jar:/home/user/.m2/repository/org/glassfish/hk2/hk2-api/2.5.0/hk2-api-2.5.0.jar:/home/user/.m2/repository/org/glassfish/hk2/external/jakarta.inject/2.5.0/jakarta.inject-2.5.0.jar:/home/user/.m2/repository/org/glassfish/hk2/hk2-utils/2.5.0/hk2-utils-2.5.0.jar:/home/user/.m2/repository/jakarta/annotation/jakarta.annotation-api/1.3.4/jakarta.annotation-api-1.3.4.jar:/home/user/.m2/repository/org/glassfish/hk2/external/aopalliance-repackaged/2.5.0/aopalliance-repackaged-2.5.0.jar:/home/user/.m2/repository/com/fasterxml/jackson/dataformat/jackson-dataformat-xml/2.10.3/jackson-dataformat-xml-2.10.3.jar:/home/user/.m2/repository/com/fasterxml/jackson/core/jackson-core/2.10.3/jackson-core-2.10.3.jar:/home/user/.m2/repository/com/fasterxml/jackson/module/jackson-module-jaxb-annotations/2.10.3/jackson-module-jaxb-annotations-2.10.3.jar:/home/user/.m2/repository/jakarta/xml/bind/jakarta.xml.bind-api/2.3.2/jakarta.xml.bind-api-2.3.2.jar:/home/user/.m2/repository/jakarta/activation/jakarta.activation-api/1.2.1/jakarta.activation-api-1.2.1.jar:/home/user/.m2/repository/org/codehaus/woodstox/stax2-api/3.1.4/stax2-api-3.1.4.jar:/home/user/.m2/repository/com/fasterxml/woodstox/woodstox-core/5.0.3/woodstox-core-5.0.3.jar:/home/user/.m2/repository/javax/enterprise/cdi-api/1.2/cdi-api-1.2.jar:/home/user/.m2/repository/javax/el/javax.el-api/3.0.0/javax.el-api-3.0.0.jar:/home/user/.m2/repository/javax/interceptor/javax.interceptor-api/1.2/javax.interceptor-api-1.2.jar:/home/user/.m2/repository/javax/inject/javax.inject/1/javax.inject-1.jar:/home/user/.m2/repository/com/sun/xml/bind/jaxb-impl/2.3.0.1/jaxb-impl-2.3.0.1.jar:/home/user/.m2/repository/com/sun/xml/bind/jaxb-core/2.3.0.1/jaxb-core-2.3.0.1.jar:/home/user/.m2/repository/javax/xml/bind/jaxb-api/2.3.0/jaxb-api-2.3.0.jar:/home/user/.m2/repository/javax/activation/activation/1.1.1/activation-1.1.1.jar:/home/user/.m2/repository/org/apache/hadoop/hadoop-ozone-csi/0.6.0-SNAPSHOT/hadoop-ozone-csi-0.6.0-SNAPSHOT.jar:/home/user/.m2/repository/com/google/protobuf/protobuf-java-util/3.11.0/protobuf-java-util-3.11.0.jar:/home/user/.m2/repository/com/google/code/gson/gson/2.2.4/gson-2.2.4.jar:/home/user/.m2/repository/org/apache/hadoop/hadoop-hdds-config/0.6.0-SNAPSHOT/hadoop-hdds-config-0.6.0-SNAPSHOT.jar:/home/user/.m2/repository/com/google/protobuf/protobuf-java/2.5.0/protobuf-java-2.5.0.jar:/home/user/.m2/repository/io/grpc/grpc-netty/1.29.0/grpc-netty-1.29.0.jar:/home/user/.m2/repository/io/grpc/grpc-core/1.29.0/grpc-core-1.29.0.jar:/home/user/.m2/repository/com/google/android/annotations/4.1.1.4/annotations-4.1.1.4.jar:/home/user/.m2/repository/io/perfmark/perfmark-api/0.19.0/perfmark-api-0.19.0.jar:/home/user/.m2/repository/io/netty/netty-codec-http2/4.1.48.Final/netty-codec-http2-4.1.48.Final.jar:/home/user/.m2/repository/io/netty/netty-codec/4.1.48.Final/netty-codec-4.1.48.Final.jar:/home/user/.m2/repository/io/netty/netty-handler/4.1.48.Final/netty-handler-4.1.48.Final.jar:/home/user/.m2/repository/io/netty/netty-codec-http/4.1.48.Final/netty-codec-http-4.1.48.Final.jar:/home/user/.m2/repository/io/netty/netty-handler-proxy/4.1.48.Final/netty-handler-proxy-4.1.48.Final.jar:/home/user/.m2/repository/io/netty/netty-codec-socks/4.1.48.Final/netty-codec-socks-4.1.48.Final.jar:/home/user/.m2/repository/io/netty/netty-transport-native-epoll/4.1.48.Final/netty-transport-native-epoll-4.1.48.Final.jar:/home/user/.m2/repository/io/netty/netty-common/4.1.48.Final/netty-common-4.1.48.Final.jar:/home/user/.m2/repository/io/netty/netty-buffer/4.1.48.Final/netty-buffer-4.1.48.Final.jar:/home/user/.m2/repository/io/netty/netty-transport/4.1.48.Final/netty-transport-4.1.48.Final.jar:/home/user/.m2/repository/io/netty/netty-resolver/4.1.48.Final/netty-resolver-4.1.48.Final.jar:/home/user/.m2/repository/io/netty/netty-transport-native-unix-common/4.1.48.Final/netty-transport-native-unix-common-4.1.48.Final.jar:/home/user/.m2/repository/io/grpc/grpc-protobuf/1.29.0/grpc-protobuf-1.29.0.jar:/home/user/.m2/repository/io/grpc/grpc-api/1.29.0/grpc-api-1.29.0.jar:/home/user/.m2/repository/io/grpc/grpc-context/1.29.0/grpc-context-1.29.0.jar:/home/user/.m2/repository/org/codehaus/mojo/animal-sniffer-annotations/1.18/animal-sniffer-annotations-1.18.jar:/home/user/.m2/repository/com/google/api/grpc/proto-google-common-protos/1.17.0/proto-google-common-protos-1.17.0.jar:/home/user/.m2/repository/io/grpc/grpc-protobuf-lite/1.29.0/grpc-protobuf-lite-1.29.0.jar:/home/user/.m2/repository/io/grpc/grpc-stub/1.29.0/grpc-stub-1.29.0.jar:/home/user/.m2/repository/org/apache/hadoop/hadoop-ozone-recon/0.6.0-SNAPSHOT/hadoop-ozone-recon-0.6.0-SNAPSHOT.jar:/home/user/.m2/repository/org/apache/hadoop/hadoop-ozone-reconcodegen/0.6.0-SNAPSHOT/hadoop-ozone-reconcodegen-0.6.0-SNAPSHOT.jar:/home/user/.m2/repository/com/google/inject/extensions/guice-multibindings/4.0/guice-multibindings-4.0.jar:/home/user/.m2/repository/com/google/inject/guice/4.0/guice-4.0.jar:/home/user/.m2/repository/aopalliance/aopalliance/1.0/aopalliance-1.0.jar:/home/user/.m2/repository/com/google/inject/extensions/guice-assistedinject/4.0/guice-assistedinject-4.0.jar:/home/user/.m2/repository/com/google/inject/extensions/guice-servlet/4.0/guice-servlet-4.0.jar:/home/user/.m2/repository/org/glassfish/jersey/containers/jersey-container-servlet/2.27/jersey-container-servlet-2.27.jar:/home/user/.m2/repository/org/glassfish/hk2/guice-bridge/2.5.0/guice-bridge-2.5.0.jar:/home/user/.m2/repository/org/glassfish/jersey/core/jersey-server/2.27/jersey-server-2.27.jar:/home/user/.m2/repository/org/glassfish/jersey/core/jersey-client/2.27/jersey-client-2.27.jar:/home/user/.m2/repository/org/glassfish/jersey/media/jersey-media-jaxb/2.27/jersey-media-jaxb-2.27.jar:/home/user/.m2/repository/javax/validation/validation-api/1.1.0.Final/validation-api-1.1.0.Final.jar:/home/user/.m2/repository/org/glassfish/jersey/media/jersey-media-json-jackson/2.27/jersey-media-json-jackson-2.27.jar:/home/user/.m2/repository/org/glassfish/jersey/ext/jersey-entity-filtering/2.27/jersey-entity-filtering-2.27.jar:/home/user/.m2/repository/org/jooq/jooq/3.11.10/jooq-3.11.10.jar:/home/user/.m2/repository/org/jooq/jooq-meta/3.11.10/jooq-meta-3.11.10.jar:/home/user/.m2/repository/org/jooq/jooq-codegen/3.11.10/jooq-codegen-3.11.10.jar:/home/user/.m2/repository/com/jolbox/bonecp/0.8.0.RELEASE/bonecp-0.8.0.RELEASE.jar:/home/user/.m2/repository/org/apache/derby/derby/10.14.2.0/derby-10.14.2.0.jar:/home/user/.m2/repository/org/xerial/sqlite-jdbc/3.25.2/sqlite-jdbc-3.25.2.jar:/home/user/.m2/repository/org/springframework/spring-jdbc/5.2.5.RELEASE/spring-jdbc-5.2.5.RELEASE.jar:/home/user/.m2/repository/org/springframework/spring-beans/5.2.5.RELEASE/spring-beans-5.2.5.RELEASE.jar:/home/user/.m2/repository/org/springframework/spring-core/5.2.5.RELEASE/spring-core-5.2.5.RELEASE.jar:/home/user/.m2/repository/org/springframework/spring-jcl/5.2.5.RELEASE/spring-jcl-5.2.5.RELEASE.jar:/home/user/.m2/repository/org/springframework/spring-tx/5.2.5.RELEASE/spring-tx-5.2.5.RELEASE.jar:/home/user/.m2/repository/org/apache/hadoop/hadoop-ozone-client/0.6.0-SNAPSHOT/hadoop-ozone-client-0.6.0-SNAPSHOT.jar:/home/user/.m2/repository/org/apache/hadoop/hadoop-ozone-filesystem/0.6.0-SNAPSHOT/hadoop-ozone-filesystem-0.6.0-SNAPSHOT.jar:/home/user/.m2/repository/org/apache/hadoop/hadoop-ozone-filesystem-common/0.6.0-SNAPSHOT/hadoop-ozone-filesystem-common-0.6.0-SNAPSHOT.jar:/home/user/.m2/repository/org/apache/hadoop/hadoop-ozone-tools/0.6.0-SNAPSHOT/hadoop-ozone-tools-0.6.0-SNAPSHOT.jar:/home/user/.m2/repository/org/apache/hadoop/hadoop-hdfs/3.2.1/hadoop-hdfs-3.2.1.jar:/home/user/.m2/repository/org/apache/ratis/ratis-tools/0.6.0-cac3336-SNAPSHOT/ratis-tools-0.6.0-cac3336-SNAPSHOT.jar:/home/user/.m2/repository/org/apache/ratis/ratis-proto/0.6.0-cac3336-SNAPSHOT/ratis-proto-0.6.0-cac3336-SNAPSHOT.jar:/home/user/.m2/repository/org/apache/ratis/ratis-common/0.6.0-cac3336-SNAPSHOT/ratis-common-0.6.0-cac3336-SNAPSHOT.jar:/home/user/.m2/repository/com/amazonaws/aws-java-sdk-core/1.11.615/aws-java-sdk-core-1.11.615.jar:/home/user/.m2/repository/org/apache/httpcomponents/httpclient/4.5.2/httpclient-4.5.2.jar:/home/user/.m2/repository/org/apache/httpcomponents/httpcore/4.4.4/httpcore-4.4.4.jar:/home/user/.m2/repository/software/amazon/ion/ion-java/1.0.2/ion-java-1.0.2.jar:/home/user/.m2/repository/com/fasterxml/jackson/dataformat/jackson-dataformat-cbor/2.10.3/jackson-dataformat-cbor-2.10.3.jar:/home/user/.m2/repository/joda-time/joda-time/2.8.1/joda-time-2.8.1.jar:/home/user/.m2/repository/com/amazonaws/aws-java-sdk-s3/1.11.615/aws-java-sdk-s3-1.11.615.jar:/home/user/.m2/repository/com/amazonaws/aws-java-sdk-kms/1.11.615/aws-java-sdk-kms-1.11.615.jar:/home/user/.m2/repository/com/amazonaws/jmespath-java/1.11.615/jmespath-java-1.11.615.jar:/home/user/.m2/repository/org/apache/hadoop/hadoop-hdds-tools/0.6.0-SNAPSHOT/hadoop-hdds-tools-0.6.0-SNAPSHOT.jar:/home/user/.m2/repository/commons-cli/commons-cli/1.2/commons-cli-1.2.jar:/home/user/.m2/repository/org/apache/commons/commons-lang3/3.7/commons-lang3-3.7.jar:/home/user/.m2/repository/org/apache/hadoop/hadoop-ozone-ozone-manager/0.6.0-SNAPSHOT/hadoop-ozone-ozone-manager-0.6.0-SNAPSHOT-tests.jar:/home/user/.m2/repository/junit/junit/4.11/junit-4.11.jar:/home/user/.m2/repository/org/hamcrest/hamcrest-core/1.3/hamcrest-core-1.3.jar:/home/user/.m2/repository/org/openjdk/jmh/jmh-core/1.19/jmh-core-1.19.jar:/home/user/.m2/repository/net/sf/jopt-simple/jopt-simple/4.6/jopt-simple-4.6.jar:/home/user/.m2/repository/org/apache/commons/commons-math3/3.1.1/commons-math3-3.1.1.jar:/home/user/.m2/repository/org/openjdk/jmh/jmh-generator-annprocess/1.19/jmh-generator-annprocess-1.19.jar:/home/user/.m2/repository/org/mockito/mockito-all/1.8.5/mockito-all-1.8.5.jar:/home/user/.m2/repository/org/apache/hadoop/hadoop-kms/3.2.1/hadoop-kms-3.2.1.jar:/home/user/.m2/repository/org/apache/hadoop/hadoop-auth/3.2.1/hadoop-auth-3.2.1.jar:/home/user/.m2/repository/com/nimbusds/nimbus-jose-jwt/7.9/nimbus-jose-jwt-7.9.jar:/home/user/.m2/repository/com/github/stephenc/jcip/jcip-annotations/1.0-1/jcip-annotations-1.0-1.jar:/home/user/.m2/repository/net/minidev/json-smart/2.3/json-smart-2.3.jar:/home/user/.m2/repository/net/minidev/accessors-smart/1.2/accessors-smart-1.2.jar:/home/user/.m2/repository/org/ow2/asm/asm/5.0.4/asm-5.0.4.jar:/home/user/.m2/repository/org/apache/zookeeper/zookeeper/3.4.13/zookeeper-3.4.13.jar:/home/user/.m2/repository/org/apache/yetus/audience-annotations/0.5.0/audience-annotations-0.5.0.jar:/home/user/.m2/repository/org/apache/curator/curator-framework/2.13.0/curator-framework-2.13.0.jar:/home/user/.m2/repository/com/sun/jersey/jersey-core/1.19/jersey-core-1.19.jar:/home/user/.m2/repository/javax/ws/rs/jsr311-api/1.1.1/jsr311-api-1.1.1.jar:/home/user/.m2/repository/com/sun/jersey/jersey-server/1.19/jersey-server-1.19.jar:/home/user/.m2/repository/javax/servlet/javax.servlet-api/3.1.0/javax.servlet-api-3.1.0.jar:/home/user/.m2/repository/org/eclipse/jetty/jetty-server/9.4.26.v20200117/jetty-server-9.4.26.v20200117.jar:/home/user/.m2/repository/org/eclipse/jetty/jetty-http/9.4.26.v20200117/jetty-http-9.4.26.v20200117.jar:/home/user/.m2/repository/org/eclipse/jetty/jetty-io/9.4.26.v20200117/jetty-io-9.4.26.v20200117.jar:/home/user/.m2/repository/org/eclipse/jetty/jetty-webapp/9.4.26.v20200117/jetty-webapp-9.4.26.v20200117.jar:/home/user/.m2/repository/org/eclipse/jetty/jetty-xml/9.4.26.v20200117/jetty-xml-9.4.26.v20200117.jar:/home/user/.m2/repository/org/eclipse/jetty/jetty-servlet/9.4.26.v20200117/jetty-servlet-9.4.26.v20200117.jar:/home/user/.m2/repository/org/eclipse/jetty/jetty-security/9.4.26.v20200117/jetty-security-9.4.26.v20200117.jar:/home/user/.m2/repository/org/apache/hadoop/hadoop-common/3.2.1/hadoop-common-3.2.1.jar:/home/user/.m2/repository/commons-net/commons-net/3.6/commons-net-3.6.jar:/home/user/.m2/repository/commons-collections/commons-collections/3.2.2/commons-collections-3.2.2.jar:/home/user/.m2/repository/com/sun/jersey/jersey-servlet/1.19/jersey-servlet-1.19.jar:/home/user/.m2/repository/com/sun/jersey/jersey-json/1.19/jersey-json-1.19.jar:/home/user/.m2/repository/org/codehaus/jettison/jettison/1.1/jettison-1.1.jar:/home/user/.m2/repository/org/codehaus/jackson/jackson-jaxrs/1.9.2/jackson-jaxrs-1.9.2.jar:/home/user/.m2/repository/org/codehaus/jackson/jackson-xc/1.9.2/jackson-xc-1.9.2.jar:/home/user/.m2/repository/commons-beanutils/commons-beanutils/1.9.4/commons-beanutils-1.9.4.jar:/home/user/.m2/repository/org/apache/commons/commons-configuration2/2.1.1/commons-configuration2-2.1.1.jar:/home/user/.m2/repository/org/apache/commons/commons-text/1.4/commons-text-1.4.jar:/home/user/.m2/repository/com/google/re2j/re2j/1.1/re2j-1.1.jar:/home/user/.m2/repository/com/jcraft/jsch/0.1.54/jsch-0.1.54.jar:/home/user/.m2/repository/org/apache/curator/curator-client/2.13.0/curator-client-2.13.0.jar:/home/user/.m2/repository/org/apache/curator/curator-recipes/2.13.0/curator-recipes-2.13.0.jar:/home/user/.m2/repository/dnsjava/dnsjava/2.1.7/dnsjava-2.1.7.jar:/home/user/.m2/repository/org/slf4j/jul-to-slf4j/1.7.25/jul-to-slf4j-1.7.25.jar:/home/user/.m2/repository/org/eclipse/jetty/jetty-util/9.4.26.v20200117/jetty-util-9.4.26.v20200117.jar:/home/user/.m2/repository/com/fasterxml/jackson/core/jackson-databind/2.10.3/jackson-databind-2.10.3.jar:/home/user/.m2/repository/org/apache/hadoop/hadoop-kms/3.2.1/hadoop-kms-3.2.1-tests.jar:/home/user/.m2/repository/org/apache/hadoop/hadoop-hdds-server-scm/0.6.0-SNAPSHOT/hadoop-hdds-server-scm-0.6.0-SNAPSHOT-tests.jar:/home/user/.m2/repository/org/apache/hadoop/hadoop-hdds-container-service/0.6.0-SNAPSHOT/hadoop-hdds-container-service-0.6.0-SNAPSHOT-tests.jar:/home/user/.m2/repository/org/apache/hadoop/hadoop-hdds-common/0.6.0-SNAPSHOT/hadoop-hdds-common-0.6.0-SNAPSHOT-tests.jar:/home/user/.m2/repository/org/yaml/snakeyaml/1.16/snakeyaml-1.16.jar:/home/user/.m2/repository/org/apache/hadoop/hadoop-hdds-hadoop-dependency-test/0.6.0-SNAPSHOT/hadoop-hdds-hadoop-dependency-test-0.6.0-SNAPSHOT.jar:/home/user/.m2/repository/org/apache/hadoop/hadoop-common/3.2.1/hadoop-common-3.2.1-tests.jar:/home/user/.m2/repository/javax/servlet/jsp/jsp-api/2.1/jsp-api-2.1.jar:/home/user/.m2/repository/org/apache/hadoop/hadoop-hdfs/3.2.1/hadoop-hdfs-3.2.1-tests.jar:/home/user/.m2/repository/org/eclipse/jetty/jetty-util-ajax/9.4.26.v20200117/jetty-util-ajax-9.4.26.v20200117.jar:/home/user/.m2/repository/commons-codec/commons-codec/1.11/commons-codec-1.11.jar:/home/user/.m2/repository/commons-daemon/commons-daemon/1.0.13/commons-daemon-1.0.13.jar:/home/user/.m2/repository/io/netty/netty/3.10.5.Final/netty-3.10.5.Final.jar:/home/user/.m2/repository/io/netty/netty-all/4.1.48.Final/netty-all-4.1.48.Final.jar:/home/user/.m2/repository/org/apache/htrace/htrace-core4/4.1.0-incubating/htrace-core4-4.1.0-incubating.jar:/home/user/.m2/repository/org/fusesource/leveldbjni/leveldbjni-all/1.8/leveldbjni-all-1.8.jar:/home/user/.m2/repository/org/apache/hadoop/hadoop-distcp/3.2.1/hadoop-distcp-3.2.1.jar:/home/user/.m2/repository/org/apache/hadoop/hadoop-mapreduce-client-jobclient/3.2.1/hadoop-mapreduce-client-jobclient-3.2.1.jar:/home/user/.m2/repository/org/apache/hadoop/hadoop-mapreduce-client-common/3.2.1/hadoop-mapreduce-client-common-3.2.1.jar:/home/user/.m2/repository/org/apache/hadoop/hadoop-yarn-common/3.2.1/hadoop-yarn-common-3.2.1.jar:/home/user/.m2/repository/org/apache/hadoop/hadoop-yarn-api/3.2.1/hadoop-yarn-api-3.2.1.jar:/home/user/.m2/repository/com/sun/jersey/jersey-client/1.19/jersey-client-1.19.jar:/home/user/.m2/repository/com/sun/jersey/contribs/jersey-guice/1.19/jersey-guice-1.19.jar:/home/user/.m2/repository/com/fasterxml/jackson/jaxrs/jackson-jaxrs-json-provider/2.10.3/jackson-jaxrs-json-provider-2.10.3.jar:/home/user/.m2/repository/com/fasterxml/jackson/jaxrs/jackson-jaxrs-base/2.10.3/jackson-jaxrs-base-2.10.3.jar:/home/user/.m2/repository/org/apache/hadoop/hadoop-yarn-client/3.2.1/hadoop-yarn-client-3.2.1.jar:/home/user/.m2/repository/org/apache/hadoop/hadoop-mapreduce-client-core/3.2.1/hadoop-mapreduce-client-core-3.2.1.jar:/home/user/.m2/repository/org/apache/avro/avro/1.7.7/avro-1.7.7.jar:/home/user/.m2/repository/org/codehaus/jackson/jackson-core-asl/1.9.13/jackson-core-asl-1.9.13.jar:/home/user/.m2/repository/org/codehaus/jackson/jackson-mapper-asl/1.9.13/jackson-mapper-asl-1.9.13.jar:/home/user/.m2/repository/com/thoughtworks/paranamer/paranamer/2.3/paranamer-2.3.jar:/home/user/.m2/repository/org/xerial/snappy/snappy-java/1.0.5/snappy-java-1.0.5.jar:/home/user/.m2/repository/org/apache/hadoop/hadoop-annotations/3.2.1/hadoop-annotations-3.2.1.jar:/usr/lib/jvm/java-1.8.0-openjdk-1.8.0.232.b09-0.el7_7.x86_64/jre/../lib/tools.jar:/home/user/.m2/repository/org/apache/hadoop/hadoop-distcp/3.2.1/hadoop-distcp-3.2.1-tests.jar:"/>
    <property name="java.vm.vendor" value="Oracle Corporation"/>
    <property name="sun.arch.data.model" value="64"/>
    <property name="test.build.dir" value="/github/workspace/mnt/ozone/hadoop-ozone/integration-test/target/test-dir"/>
    <property name="test.cache.data" value=""/>
    <property name="java.vendor.url" value="http://java.oracle.com/"/>
    <property name="user.timezone" value=""/>
    <property name="java.vm.specification.version" value="1.8"/>
    <property name="os.name" value="Linux"/>
    <property name="test.build.data" value="/github/workspace/mnt/ozone/hadoop-ozone/integration-test/target/test-dir"/>
    <property name="user.country" value="US"/>
    <property name="sun.java.launcher" value="SUN_STANDARD"/>
    <property name="sun.boot.library.path" value="/usr/lib/jvm/java-1.8.0-openjdk-1.8.0.232.b09-0.el7_7.x86_64/jre/lib/amd64"/>
    <property name="sun.java.command" value="/github/workspace/mnt/ozone/hadoop-ozone/integration-test/target/surefire/surefirebooter2128107800690505465.jar /github/workspace/mnt/ozone/hadoop-ozone/integration-test/target/surefire 2020-06-05T16-03-30_859-jvmRun1 surefire3325207914491423121tmp surefire_6116635001408090560tmp"/>
    <property name="surefire.test.class.path" value="/github/workspace/mnt/ozone/hadoop-ozone/integration-test/target/test-classes:/github/workspace/mnt/ozone/hadoop-ozone/integration-test/target/classes:/home/user/.m2/repository/org/apache/hadoop/hadoop-ozone-common/0.6.0-SNAPSHOT/hadoop-ozone-common-0.6.0-SNAPSHOT.jar:/home/user/.m2/repository/org/apache/commons/commons-compress/1.4.1/commons-compress-1.4.1.jar:/home/user/.m2/repository/org/tukaani/xz/1.0/xz-1.0.jar:/home/user/.m2/repository/org/apache/hadoop/hadoop-hdds-common/0.6.0-SNAPSHOT/hadoop-hdds-common-0.6.0-SNAPSHOT.jar:/home/user/.m2/repository/org/apache/hadoop/hadoop-hdds-hadoop-dependency-client/0.6.0-SNAPSHOT/hadoop-hdds-hadoop-dependency-client-0.6.0-SNAPSHOT.jar:/home/user/.m2/repository/info/picocli/picocli/3.9.6/picocli-3.9.6.jar:/home/user/.m2/repository/com/fasterxml/jackson/core/jackson-annotations/2.10.3/jackson-annotations-2.10.3.jar:/home/user/.m2/repository/javax/annotation/javax.annotation-api/1.2/javax.annotation-api-1.2.jar:/home/user/.m2/repository/org/apache/ratis/ratis-server/0.6.0-cac3336-SNAPSHOT/ratis-server-0.6.0-cac3336-SNAPSHOT.jar:/home/user/.m2/repository/org/apache/ratis/ratis-client/0.6.0-cac3336-SNAPSHOT/ratis-client-0.6.0-cac3336-SNAPSHOT.jar:/home/user/.m2/repository/org/apache/ratis/ratis-metrics/0.6.0-cac3336-SNAPSHOT/ratis-metrics-0.6.0-cac3336-SNAPSHOT.jar:/home/user/.m2/repository/org/apache/ratis/ratis-netty/0.6.0-cac3336-SNAPSHOT/ratis-netty-0.6.0-cac3336-SNAPSHOT.jar:/home/user/.m2/repository/org/apache/ratis/ratis-grpc/0.6.0-cac3336-SNAPSHOT/ratis-grpc-0.6.0-cac3336-SNAPSHOT.jar:/home/user/.m2/repository/org/apache/logging/log4j/log4j-api/2.11.0/log4j-api-2.11.0.jar:/home/user/.m2/repository/org/apache/logging/log4j/log4j-core/2.11.0/log4j-core-2.11.0.jar:/home/user/.m2/repository/com/lmax/disruptor/3.4.2/disruptor-3.4.2.jar:/home/user/.m2/repository/org/apache/commons/commons-pool2/2.6.0/commons-pool2-2.6.0.jar:/home/user/.m2/repository/org/bouncycastle/bcpkix-jdk15on/1.60/bcpkix-jdk15on-1.60.jar:/home/user/.m2/repository/commons-validator/commons-validator/1.6/commons-validator-1.6.jar:/home/user/.m2/repository/commons-digester/commons-digester/1.8.1/commons-digester-1.8.1.jar:/home/user/.m2/repository/io/jaegertracing/jaeger-client/1.2.0/jaeger-client-1.2.0.jar:/home/user/.m2/repository/io/jaegertracing/jaeger-thrift/1.2.0/jaeger-thrift-1.2.0.jar:/home/user/.m2/repository/org/apache/thrift/libthrift/0.13.0/libthrift-0.13.0.jar:/home/user/.m2/repository/com/squareup/okhttp3/okhttp/4.2.2/okhttp-4.2.2.jar:/home/user/.m2/repository/com/squareup/okio/okio/2.2.2/okio-2.2.2.jar:/home/user/.m2/repository/org/jetbrains/kotlin/kotlin-stdlib/1.3.50/kotlin-stdlib-1.3.50.jar:/home/user/.m2/repository/org/jetbrains/kotlin/kotlin-stdlib-common/1.3.50/kotlin-stdlib-common-1.3.50.jar:/home/user/.m2/repository/org/jetbrains/annotations/13.0/annotations-13.0.jar:/home/user/.m2/repository/io/jaegertracing/jaeger-core/1.2.0/jaeger-core-1.2.0.jar:/home/user/.m2/repository/io/jaegertracing/jaeger-tracerresolver/1.2.0/jaeger-tracerresolver-1.2.0.jar:/home/user/.m2/repository/io/opentracing/contrib/opentracing-tracerresolver/0.1.8/opentracing-tracerresolver-0.1.8.jar:/home/user/.m2/repository/io/opentracing/opentracing-util/0.33.0/opentracing-util-0.33.0.jar:/home/user/.m2/repository/io/opentracing/opentracing-api/0.33.0/opentracing-api-0.33.0.jar:/home/user/.m2/repository/io/opentracing/opentracing-noop/0.33.0/opentracing-noop-0.33.0.jar:/home/user/.m2/repository/org/apache/hadoop/hadoop-hdds-client/0.6.0-SNAPSHOT/hadoop-hdds-client-0.6.0-SNAPSHOT.jar:/home/user/.m2/repository/org/apache/hadoop/hadoop-hdds-test-utils/0.6.0-SNAPSHOT/hadoop-hdds-test-utils-0.6.0-SNAPSHOT.jar:/home/user/.m2/repository/com/google/guava/guava/28.2-jre/guava-28.2-jre.jar:/home/user/.m2/repository/com/google/guava/failureaccess/1.0.1/failureaccess-1.0.1.jar:/home/user/.m2/repository/com/google/guava/listenablefuture/9999.0-empty-to-avoid-conflict-with-guava/listenablefuture-9999.0-empty-to-avoid-conflict-with-guava.jar:/home/user/.m2/repository/com/google/code/findbugs/jsr305/3.0.0/jsr305-3.0.0.jar:/home/user/.m2/repository/org/checkerframework/checker-qual/2.10.0/checker-qual-2.10.0.jar:/home/user/.m2/repository/com/google/errorprone/error_prone_annotations/2.2.0/error_prone_annotations-2.2.0.jar:/home/user/.m2/repository/com/google/j2objc/j2objc-annotations/1.3/j2objc-annotations-1.3.jar:/home/user/.m2/repository/commons-io/commons-io/2.5/commons-io-2.5.jar:/home/user/.m2/repository/commons-logging/commons-logging/1.2/commons-logging-1.2.jar:/home/user/.m2/repository/log4j/log4j/1.2.17/log4j-1.2.17.jar:/home/user/.m2/repository/org/slf4j/slf4j-api/1.7.25/slf4j-api-1.7.25.jar:/home/user/.m2/repository/org/apache/hadoop/hadoop-hdds-server-scm/0.6.0-SNAPSHOT/hadoop-hdds-server-scm-0.6.0-SNAPSHOT.jar:/home/user/.m2/repository/org/apache/hadoop/hadoop-hdds-container-service/0.6.0-SNAPSHOT/hadoop-hdds-container-service-0.6.0-SNAPSHOT.jar:/home/user/.m2/repository/org/apache/hadoop/hadoop-hdds-hadoop-dependency-server/0.6.0-SNAPSHOT/hadoop-hdds-hadoop-dependency-server-0.6.0-SNAPSHOT.jar:/home/user/.m2/repository/org/apache/hadoop/hadoop-hdds-server-framework/0.6.0-SNAPSHOT/hadoop-hdds-server-framework-0.6.0-SNAPSHOT.jar:/home/user/.m2/repository/org/apache/hadoop/hadoop-hdds-interface-server/0.6.0-SNAPSHOT/hadoop-hdds-interface-server-0.6.0-SNAPSHOT.jar:/home/user/.m2/repository/org/apache/hadoop/hadoop-hdds-interface-admin/0.6.0-SNAPSHOT/hadoop-hdds-interface-admin-0.6.0-SNAPSHOT.jar:/home/user/.m2/repository/org/rocksdb/rocksdbjni/6.6.4/rocksdbjni-6.6.4.jar:/home/user/.m2/repository/io/prometheus/simpleclient_dropwizard/0.7.0/simpleclient_dropwizard-0.7.0.jar:/home/user/.m2/repository/io/prometheus/simpleclient/0.7.0/simpleclient-0.7.0.jar:/home/user/.m2/repository/io/prometheus/simpleclient_common/0.7.0/simpleclient_common-0.7.0.jar:/home/user/.m2/repository/com/fasterxml/jackson/datatype/jackson-datatype-jsr310/2.10.3/jackson-datatype-jsr310-2.10.3.jar:/home/user/.m2/repository/org/apache/hadoop/hadoop-hdds-docs/0.6.0-SNAPSHOT/hadoop-hdds-docs-0.6.0-SNAPSHOT.jar:/home/user/.m2/repository/io/dropwizard/metrics/metrics-core/3.2.4/metrics-core-3.2.4.jar:/home/user/.m2/repository/org/apache/hadoop/hadoop-hdfs-client/3.2.1/hadoop-hdfs-client-3.2.1.jar:/home/user/.m2/repository/org/bouncycastle/bcprov-jdk15on/1.60/bcprov-jdk15on-1.60.jar:/home/user/.m2/repository/org/apache/hadoop/hadoop-ozone-ozone-manager/0.6.0-SNAPSHOT/hadoop-ozone-ozone-manager-0.6.0-SNAPSHOT.jar:/home/user/.m2/repository/org/apache/hadoop/hadoop-hdds-interface-client/0.6.0-SNAPSHOT/hadoop-hdds-interface-client-0.6.0-SNAPSHOT.jar:/home/user/.m2/repository/org/apache/ratis/ratis-thirdparty-misc/0.4.0/ratis-thirdparty-misc-0.4.0.jar:/home/user/.m2/repository/org/apache/hadoop/hadoop-minikdc/3.2.1/hadoop-minikdc-3.2.1.jar:/home/user/.m2/repository/org/apache/kerby/kerb-simplekdc/1.0.1/kerb-simplekdc-1.0.1.jar:/home/user/.m2/repository/org/apache/kerby/kerb-client/1.0.1/kerb-client-1.0.1.jar:/home/user/.m2/repository/org/apache/kerby/kerby-config/1.0.1/kerby-config-1.0.1.jar:/home/user/.m2/repository/org/apache/kerby/kerb-core/1.0.1/kerb-core-1.0.1.jar:/home/user/.m2/repository/org/apache/kerby/kerby-pkix/1.0.1/kerby-pkix-1.0.1.jar:/home/user/.m2/repository/org/apache/kerby/kerby-asn1/1.0.1/kerby-asn1-1.0.1.jar:/home/user/.m2/repository/org/apache/kerby/kerby-util/1.0.1/kerby-util-1.0.1.jar:/home/user/.m2/repository/org/apache/kerby/kerb-common/1.0.1/kerb-common-1.0.1.jar:/home/user/.m2/repository/org/apache/kerby/kerb-crypto/1.0.1/kerb-crypto-1.0.1.jar:/home/user/.m2/repository/org/apache/kerby/kerb-util/1.0.1/kerb-util-1.0.1.jar:/home/user/.m2/repository/org/apache/kerby/token-provider/1.0.1/token-provider-1.0.1.jar:/home/user/.m2/repository/org/apache/kerby/kerb-admin/1.0.1/kerb-admin-1.0.1.jar:/home/user/.m2/repository/org/apache/kerby/kerb-server/1.0.1/kerb-server-1.0.1.jar:/home/user/.m2/repository/org/apache/kerby/kerb-identity/1.0.1/kerb-identity-1.0.1.jar:/home/user/.m2/repository/org/apache/kerby/kerby-xdr/1.0.1/kerby-xdr-1.0.1.jar:/home/user/.m2/repository/org/slf4j/slf4j-log4j12/1.7.25/slf4j-log4j12-1.7.25.jar:/home/user/.m2/repository/org/apache/hadoop/hadoop-ozone-s3gateway/0.6.0-SNAPSHOT/hadoop-ozone-s3gateway-0.6.0-SNAPSHOT.jar:/home/user/.m2/repository/org/jboss/weld/servlet/weld-servlet/2.4.7.Final/weld-servlet-2.4.7.Final.jar:/home/user/.m2/repository/org/glassfish/jersey/containers/jersey-container-servlet-core/2.27/jersey-container-servlet-core-2.27.jar:/home/user/.m2/repository/org/glassfish/hk2/external/javax.inject/2.5.0-b42/javax.inject-2.5.0-b42.jar:/home/user/.m2/repository/org/glassfish/jersey/core/jersey-common/2.27/jersey-common-2.27.jar:/home/user/.m2/repository/org/glassfish/hk2/osgi-resource-locator/1.0.1/osgi-resource-locator-1.0.1.jar:/home/user/.m2/repository/javax/ws/rs/javax.ws.rs-api/2.1/javax.ws.rs-api-2.1.jar:/home/user/.m2/repository/org/glassfish/jersey/ext/cdi/jersey-cdi1x/2.27/jersey-cdi1x-2.27.jar:/home/user/.m2/repository/org/glassfish/jersey/inject/jersey-hk2/2.27/jersey-hk2-2.27.jar:/home/user/.m2/repository/org/glassfish/hk2/hk2-locator/2.5.0-b42/hk2-locator-2.5.0-b42.jar:/home/user/.m2/repository/org/javassist/javassist/3.22.0-CR2/javassist-3.22.0-CR2.jar:/home/user/.m2/repository/org/glassfish/hk2/hk2-api/2.5.0/hk2-api-2.5.0.jar:/home/user/.m2/repository/org/glassfish/hk2/external/jakarta.inject/2.5.0/jakarta.inject-2.5.0.jar:/home/user/.m2/repository/org/glassfish/hk2/hk2-utils/2.5.0/hk2-utils-2.5.0.jar:/home/user/.m2/repository/jakarta/annotation/jakarta.annotation-api/1.3.4/jakarta.annotation-api-1.3.4.jar:/home/user/.m2/repository/org/glassfish/hk2/external/aopalliance-repackaged/2.5.0/aopalliance-repackaged-2.5.0.jar:/home/user/.m2/repository/com/fasterxml/jackson/dataformat/jackson-dataformat-xml/2.10.3/jackson-dataformat-xml-2.10.3.jar:/home/user/.m2/repository/com/fasterxml/jackson/core/jackson-core/2.10.3/jackson-core-2.10.3.jar:/home/user/.m2/repository/com/fasterxml/jackson/module/jackson-module-jaxb-annotations/2.10.3/jackson-module-jaxb-annotations-2.10.3.jar:/home/user/.m2/repository/jakarta/xml/bind/jakarta.xml.bind-api/2.3.2/jakarta.xml.bind-api-2.3.2.jar:/home/user/.m2/repository/jakarta/activation/jakarta.activation-api/1.2.1/jakarta.activation-api-1.2.1.jar:/home/user/.m2/repository/org/codehaus/woodstox/stax2-api/3.1.4/stax2-api-3.1.4.jar:/home/user/.m2/repository/com/fasterxml/woodstox/woodstox-core/5.0.3/woodstox-core-5.0.3.jar:/home/user/.m2/repository/javax/enterprise/cdi-api/1.2/cdi-api-1.2.jar:/home/user/.m2/repository/javax/el/javax.el-api/3.0.0/javax.el-api-3.0.0.jar:/home/user/.m2/repository/javax/interceptor/javax.interceptor-api/1.2/javax.interceptor-api-1.2.jar:/home/user/.m2/repository/javax/inject/javax.inject/1/javax.inject-1.jar:/home/user/.m2/repository/com/sun/xml/bind/jaxb-impl/2.3.0.1/jaxb-impl-2.3.0.1.jar:/home/user/.m2/repository/com/sun/xml/bind/jaxb-core/2.3.0.1/jaxb-core-2.3.0.1.jar:/home/user/.m2/repository/javax/xml/bind/jaxb-api/2.3.0/jaxb-api-2.3.0.jar:/home/user/.m2/repository/javax/activation/activation/1.1.1/activation-1.1.1.jar:/home/user/.m2/repository/org/apache/hadoop/hadoop-ozone-csi/0.6.0-SNAPSHOT/hadoop-ozone-csi-0.6.0-SNAPSHOT.jar:/home/user/.m2/repository/com/google/protobuf/protobuf-java-util/3.11.0/protobuf-java-util-3.11.0.jar:/home/user/.m2/repository/com/google/code/gson/gson/2.2.4/gson-2.2.4.jar:/home/user/.m2/repository/org/apache/hadoop/hadoop-hdds-config/0.6.0-SNAPSHOT/hadoop-hdds-config-0.6.0-SNAPSHOT.jar:/home/user/.m2/repository/com/google/protobuf/protobuf-java/2.5.0/protobuf-java-2.5.0.jar:/home/user/.m2/repository/io/grpc/grpc-netty/1.29.0/grpc-netty-1.29.0.jar:/home/user/.m2/repository/io/grpc/grpc-core/1.29.0/grpc-core-1.29.0.jar:/home/user/.m2/repository/com/google/android/annotations/4.1.1.4/annotations-4.1.1.4.jar:/home/user/.m2/repository/io/perfmark/perfmark-api/0.19.0/perfmark-api-0.19.0.jar:/home/user/.m2/repository/io/netty/netty-codec-http2/4.1.48.Final/netty-codec-http2-4.1.48.Final.jar:/home/user/.m2/repository/io/netty/netty-codec/4.1.48.Final/netty-codec-4.1.48.Final.jar:/home/user/.m2/repository/io/netty/netty-handler/4.1.48.Final/netty-handler-4.1.48.Final.jar:/home/user/.m2/repository/io/netty/netty-codec-http/4.1.48.Final/netty-codec-http-4.1.48.Final.jar:/home/user/.m2/repository/io/netty/netty-handler-proxy/4.1.48.Final/netty-handler-proxy-4.1.48.Final.jar:/home/user/.m2/repository/io/netty/netty-codec-socks/4.1.48.Final/netty-codec-socks-4.1.48.Final.jar:/home/user/.m2/repository/io/netty/netty-transport-native-epoll/4.1.48.Final/netty-transport-native-epoll-4.1.48.Final.jar:/home/user/.m2/repository/io/netty/netty-common/4.1.48.Final/netty-common-4.1.48.Final.jar:/home/user/.m2/repository/io/netty/netty-buffer/4.1.48.Final/netty-buffer-4.1.48.Final.jar:/home/user/.m2/repository/io/netty/netty-transport/4.1.48.Final/netty-transport-4.1.48.Final.jar:/home/user/.m2/repository/io/netty/netty-resolver/4.1.48.Final/netty-resolver-4.1.48.Final.jar:/home/user/.m2/repository/io/netty/netty-transport-native-unix-common/4.1.48.Final/netty-transport-native-unix-common-4.1.48.Final.jar:/home/user/.m2/repository/io/grpc/grpc-protobuf/1.29.0/grpc-protobuf-1.29.0.jar:/home/user/.m2/repository/io/grpc/grpc-api/1.29.0/grpc-api-1.29.0.jar:/home/user/.m2/repository/io/grpc/grpc-context/1.29.0/grpc-context-1.29.0.jar:/home/user/.m2/repository/org/codehaus/mojo/animal-sniffer-annotations/1.18/animal-sniffer-annotations-1.18.jar:/home/user/.m2/repository/com/google/api/grpc/proto-google-common-protos/1.17.0/proto-google-common-protos-1.17.0.jar:/home/user/.m2/repository/io/grpc/grpc-protobuf-lite/1.29.0/grpc-protobuf-lite-1.29.0.jar:/home/user/.m2/repository/io/grpc/grpc-stub/1.29.0/grpc-stub-1.29.0.jar:/home/user/.m2/repository/org/apache/hadoop/hadoop-ozone-recon/0.6.0-SNAPSHOT/hadoop-ozone-recon-0.6.0-SNAPSHOT.jar:/home/user/.m2/repository/org/apache/hadoop/hadoop-ozone-reconcodegen/0.6.0-SNAPSHOT/hadoop-ozone-reconcodegen-0.6.0-SNAPSHOT.jar:/home/user/.m2/repository/com/google/inject/extensions/guice-multibindings/4.0/guice-multibindings-4.0.jar:/home/user/.m2/repository/com/google/inject/guice/4.0/guice-4.0.jar:/home/user/.m2/repository/aopalliance/aopalliance/1.0/aopalliance-1.0.jar:/home/user/.m2/repository/com/google/inject/extensions/guice-assistedinject/4.0/guice-assistedinject-4.0.jar:/home/user/.m2/repository/com/google/inject/extensions/guice-servlet/4.0/guice-servlet-4.0.jar:/home/user/.m2/repository/org/glassfish/jersey/containers/jersey-container-servlet/2.27/jersey-container-servlet-2.27.jar:/home/user/.m2/repository/org/glassfish/hk2/guice-bridge/2.5.0/guice-bridge-2.5.0.jar:/home/user/.m2/repository/org/glassfish/jersey/core/jersey-server/2.27/jersey-server-2.27.jar:/home/user/.m2/repository/org/glassfish/jersey/core/jersey-client/2.27/jersey-client-2.27.jar:/home/user/.m2/repository/org/glassfish/jersey/media/jersey-media-jaxb/2.27/jersey-media-jaxb-2.27.jar:/home/user/.m2/repository/javax/validation/validation-api/1.1.0.Final/validation-api-1.1.0.Final.jar:/home/user/.m2/repository/org/glassfish/jersey/media/jersey-media-json-jackson/2.27/jersey-media-json-jackson-2.27.jar:/home/user/.m2/repository/org/glassfish/jersey/ext/jersey-entity-filtering/2.27/jersey-entity-filtering-2.27.jar:/home/user/.m2/repository/org/jooq/jooq/3.11.10/jooq-3.11.10.jar:/home/user/.m2/repository/org/jooq/jooq-meta/3.11.10/jooq-meta-3.11.10.jar:/home/user/.m2/repository/org/jooq/jooq-codegen/3.11.10/jooq-codegen-3.11.10.jar:/home/user/.m2/repository/com/jolbox/bonecp/0.8.0.RELEASE/bonecp-0.8.0.RELEASE.jar:/home/user/.m2/repository/org/apache/derby/derby/10.14.2.0/derby-10.14.2.0.jar:/home/user/.m2/repository/org/xerial/sqlite-jdbc/3.25.2/sqlite-jdbc-3.25.2.jar:/home/user/.m2/repository/org/springframework/spring-jdbc/5.2.5.RELEASE/spring-jdbc-5.2.5.RELEASE.jar:/home/user/.m2/repository/org/springframework/spring-beans/5.2.5.RELEASE/spring-beans-5.2.5.RELEASE.jar:/home/user/.m2/repository/org/springframework/spring-core/5.2.5.RELEASE/spring-core-5.2.5.RELEASE.jar:/home/user/.m2/repository/org/springframework/spring-jcl/5.2.5.RELEASE/spring-jcl-5.2.5.RELEASE.jar:/home/user/.m2/repository/org/springframework/spring-tx/5.2.5.RELEASE/spring-tx-5.2.5.RELEASE.jar:/home/user/.m2/repository/org/apache/hadoop/hadoop-ozone-client/0.6.0-SNAPSHOT/hadoop-ozone-client-0.6.0-SNAPSHOT.jar:/home/user/.m2/repository/org/apache/hadoop/hadoop-ozone-filesystem/0.6.0-SNAPSHOT/hadoop-ozone-filesystem-0.6.0-SNAPSHOT.jar:/home/user/.m2/repository/org/apache/hadoop/hadoop-ozone-filesystem-common/0.6.0-SNAPSHOT/hadoop-ozone-filesystem-common-0.6.0-SNAPSHOT.jar:/home/user/.m2/repository/org/apache/hadoop/hadoop-ozone-tools/0.6.0-SNAPSHOT/hadoop-ozone-tools-0.6.0-SNAPSHOT.jar:/home/user/.m2/repository/org/apache/hadoop/hadoop-hdfs/3.2.1/hadoop-hdfs-3.2.1.jar:/home/user/.m2/repository/org/apache/ratis/ratis-tools/0.6.0-cac3336-SNAPSHOT/ratis-tools-0.6.0-cac3336-SNAPSHOT.jar:/home/user/.m2/repository/org/apache/ratis/ratis-proto/0.6.0-cac3336-SNAPSHOT/ratis-proto-0.6.0-cac3336-SNAPSHOT.jar:/home/user/.m2/repository/org/apache/ratis/ratis-common/0.6.0-cac3336-SNAPSHOT/ratis-common-0.6.0-cac3336-SNAPSHOT.jar:/home/user/.m2/repository/com/amazonaws/aws-java-sdk-core/1.11.615/aws-java-sdk-core-1.11.615.jar:/home/user/.m2/repository/org/apache/httpcomponents/httpclient/4.5.2/httpclient-4.5.2.jar:/home/user/.m2/repository/org/apache/httpcomponents/httpcore/4.4.4/httpcore-4.4.4.jar:/home/user/.m2/repository/software/amazon/ion/ion-java/1.0.2/ion-java-1.0.2.jar:/home/user/.m2/repository/com/fasterxml/jackson/dataformat/jackson-dataformat-cbor/2.10.3/jackson-dataformat-cbor-2.10.3.jar:/home/user/.m2/repository/joda-time/joda-time/2.8.1/joda-time-2.8.1.jar:/home/user/.m2/repository/com/amazonaws/aws-java-sdk-s3/1.11.615/aws-java-sdk-s3-1.11.615.jar:/home/user/.m2/repository/com/amazonaws/aws-java-sdk-kms/1.11.615/aws-java-sdk-kms-1.11.615.jar:/home/user/.m2/repository/com/amazonaws/jmespath-java/1.11.615/jmespath-java-1.11.615.jar:/home/user/.m2/repository/org/apache/hadoop/hadoop-hdds-tools/0.6.0-SNAPSHOT/hadoop-hdds-tools-0.6.0-SNAPSHOT.jar:/home/user/.m2/repository/commons-cli/commons-cli/1.2/commons-cli-1.2.jar:/home/user/.m2/repository/org/apache/commons/commons-lang3/3.7/commons-lang3-3.7.jar:/home/user/.m2/repository/org/apache/hadoop/hadoop-ozone-ozone-manager/0.6.0-SNAPSHOT/hadoop-ozone-ozone-manager-0.6.0-SNAPSHOT-tests.jar:/home/user/.m2/repository/junit/junit/4.11/junit-4.11.jar:/home/user/.m2/repository/org/hamcrest/hamcrest-core/1.3/hamcrest-core-1.3.jar:/home/user/.m2/repository/org/openjdk/jmh/jmh-core/1.19/jmh-core-1.19.jar:/home/user/.m2/repository/net/sf/jopt-simple/jopt-simple/4.6/jopt-simple-4.6.jar:/home/user/.m2/repository/org/apache/commons/commons-math3/3.1.1/commons-math3-3.1.1.jar:/home/user/.m2/repository/org/openjdk/jmh/jmh-generator-annprocess/1.19/jmh-generator-annprocess-1.19.jar:/home/user/.m2/repository/org/mockito/mockito-all/1.8.5/mockito-all-1.8.5.jar:/home/user/.m2/repository/org/apache/hadoop/hadoop-kms/3.2.1/hadoop-kms-3.2.1.jar:/home/user/.m2/repository/org/apache/hadoop/hadoop-auth/3.2.1/hadoop-auth-3.2.1.jar:/home/user/.m2/repository/com/nimbusds/nimbus-jose-jwt/7.9/nimbus-jose-jwt-7.9.jar:/home/user/.m2/repository/com/github/stephenc/jcip/jcip-annotations/1.0-1/jcip-annotations-1.0-1.jar:/home/user/.m2/repository/net/minidev/json-smart/2.3/json-smart-2.3.jar:/home/user/.m2/repository/net/minidev/accessors-smart/1.2/accessors-smart-1.2.jar:/home/user/.m2/repository/org/ow2/asm/asm/5.0.4/asm-5.0.4.jar:/home/user/.m2/repository/org/apache/zookeeper/zookeeper/3.4.13/zookeeper-3.4.13.jar:/home/user/.m2/repository/org/apache/yetus/audience-annotations/0.5.0/audience-annotations-0.5.0.jar:/home/user/.m2/repository/org/apache/curator/curator-framework/2.13.0/curator-framework-2.13.0.jar:/home/user/.m2/repository/com/sun/jersey/jersey-core/1.19/jersey-core-1.19.jar:/home/user/.m2/repository/javax/ws/rs/jsr311-api/1.1.1/jsr311-api-1.1.1.jar:/home/user/.m2/repository/com/sun/jersey/jersey-server/1.19/jersey-server-1.19.jar:/home/user/.m2/repository/javax/servlet/javax.servlet-api/3.1.0/javax.servlet-api-3.1.0.jar:/home/user/.m2/repository/org/eclipse/jetty/jetty-server/9.4.26.v20200117/jetty-server-9.4.26.v20200117.jar:/home/user/.m2/repository/org/eclipse/jetty/jetty-http/9.4.26.v20200117/jetty-http-9.4.26.v20200117.jar:/home/user/.m2/repository/org/eclipse/jetty/jetty-io/9.4.26.v20200117/jetty-io-9.4.26.v20200117.jar:/home/user/.m2/repository/org/eclipse/jetty/jetty-webapp/9.4.26.v20200117/jetty-webapp-9.4.26.v20200117.jar:/home/user/.m2/repository/org/eclipse/jetty/jetty-xml/9.4.26.v20200117/jetty-xml-9.4.26.v20200117.jar:/home/user/.m2/repository/org/eclipse/jetty/jetty-servlet/9.4.26.v20200117/jetty-servlet-9.4.26.v20200117.jar:/home/user/.m2/repository/org/eclipse/jetty/jetty-security/9.4.26.v20200117/jetty-security-9.4.26.v20200117.jar:/home/user/.m2/repository/org/apache/hadoop/hadoop-common/3.2.1/hadoop-common-3.2.1.jar:/home/user/.m2/repository/commons-net/commons-net/3.6/commons-net-3.6.jar:/home/user/.m2/repository/commons-collections/commons-collections/3.2.2/commons-collections-3.2.2.jar:/home/user/.m2/repository/com/sun/jersey/jersey-servlet/1.19/jersey-servlet-1.19.jar:/home/user/.m2/repository/com/sun/jersey/jersey-json/1.19/jersey-json-1.19.jar:/home/user/.m2/repository/org/codehaus/jettison/jettison/1.1/jettison-1.1.jar:/home/user/.m2/repository/org/codehaus/jackson/jackson-jaxrs/1.9.2/jackson-jaxrs-1.9.2.jar:/home/user/.m2/repository/org/codehaus/jackson/jackson-xc/1.9.2/jackson-xc-1.9.2.jar:/home/user/.m2/repository/commons-beanutils/commons-beanutils/1.9.4/commons-beanutils-1.9.4.jar:/home/user/.m2/repository/org/apache/commons/commons-configuration2/2.1.1/commons-configuration2-2.1.1.jar:/home/user/.m2/repository/org/apache/commons/commons-text/1.4/commons-text-1.4.jar:/home/user/.m2/repository/com/google/re2j/re2j/1.1/re2j-1.1.jar:/home/user/.m2/repository/com/jcraft/jsch/0.1.54/jsch-0.1.54.jar:/home/user/.m2/repository/org/apache/curator/curator-client/2.13.0/curator-client-2.13.0.jar:/home/user/.m2/repository/org/apache/curator/curator-recipes/2.13.0/curator-recipes-2.13.0.jar:/home/user/.m2/repository/dnsjava/dnsjava/2.1.7/dnsjava-2.1.7.jar:/home/user/.m2/repository/org/slf4j/jul-to-slf4j/1.7.25/jul-to-slf4j-1.7.25.jar:/home/user/.m2/repository/org/eclipse/jetty/jetty-util/9.4.26.v20200117/jetty-util-9.4.26.v20200117.jar:/home/user/.m2/repository/com/fasterxml/jackson/core/jackson-databind/2.10.3/jackson-databind-2.10.3.jar:/home/user/.m2/repository/org/apache/hadoop/hadoop-kms/3.2.1/hadoop-kms-3.2.1-tests.jar:/home/user/.m2/repository/org/apache/hadoop/hadoop-hdds-server-scm/0.6.0-SNAPSHOT/hadoop-hdds-server-scm-0.6.0-SNAPSHOT-tests.jar:/home/user/.m2/repository/org/apache/hadoop/hadoop-hdds-container-service/0.6.0-SNAPSHOT/hadoop-hdds-container-service-0.6.0-SNAPSHOT-tests.jar:/home/user/.m2/repository/org/apache/hadoop/hadoop-hdds-common/0.6.0-SNAPSHOT/hadoop-hdds-common-0.6.0-SNAPSHOT-tests.jar:/home/user/.m2/repository/org/yaml/snakeyaml/1.16/snakeyaml-1.16.jar:/home/user/.m2/repository/org/apache/hadoop/hadoop-hdds-hadoop-dependency-test/0.6.0-SNAPSHOT/hadoop-hdds-hadoop-dependency-test-0.6.0-SNAPSHOT.jar:/home/user/.m2/repository/org/apache/hadoop/hadoop-common/3.2.1/hadoop-common-3.2.1-tests.jar:/home/user/.m2/repository/javax/servlet/jsp/jsp-api/2.1/jsp-api-2.1.jar:/home/user/.m2/repository/org/apache/hadoop/hadoop-hdfs/3.2.1/hadoop-hdfs-3.2.1-tests.jar:/home/user/.m2/repository/org/eclipse/jetty/jetty-util-ajax/9.4.26.v20200117/jetty-util-ajax-9.4.26.v20200117.jar:/home/user/.m2/repository/commons-codec/commons-codec/1.11/commons-codec-1.11.jar:/home/user/.m2/repository/commons-daemon/commons-daemon/1.0.13/commons-daemon-1.0.13.jar:/home/user/.m2/repository/io/netty/netty/3.10.5.Final/netty-3.10.5.Final.jar:/home/user/.m2/repository/io/netty/netty-all/4.1.48.Final/netty-all-4.1.48.Final.jar:/home/user/.m2/repository/org/apache/htrace/htrace-core4/4.1.0-incubating/htrace-core4-4.1.0-incubating.jar:/home/user/.m2/repository/org/fusesource/leveldbjni/leveldbjni-all/1.8/leveldbjni-all-1.8.jar:/home/user/.m2/repository/org/apache/hadoop/hadoop-distcp/3.2.1/hadoop-distcp-3.2.1.jar:/home/user/.m2/repository/org/apache/hadoop/hadoop-mapreduce-client-jobclient/3.2.1/hadoop-mapreduce-client-jobclient-3.2.1.jar:/home/user/.m2/repository/org/apache/hadoop/hadoop-mapreduce-client-common/3.2.1/hadoop-mapreduce-client-common-3.2.1.jar:/home/user/.m2/repository/org/apache/hadoop/hadoop-yarn-common/3.2.1/hadoop-yarn-common-3.2.1.jar:/home/user/.m2/repository/org/apache/hadoop/hadoop-yarn-api/3.2.1/hadoop-yarn-api-3.2.1.jar:/home/user/.m2/repository/com/sun/jersey/jersey-client/1.19/jersey-client-1.19.jar:/home/user/.m2/repository/com/sun/jersey/contribs/jersey-guice/1.19/jersey-guice-1.19.jar:/home/user/.m2/repository/com/fasterxml/jackson/jaxrs/jackson-jaxrs-json-provider/2.10.3/jackson-jaxrs-json-provider-2.10.3.jar:/home/user/.m2/repository/com/fasterxml/jackson/jaxrs/jackson-jaxrs-base/2.10.3/jackson-jaxrs-base-2.10.3.jar:/home/user/.m2/repository/org/apache/hadoop/hadoop-yarn-client/3.2.1/hadoop-yarn-client-3.2.1.jar:/home/user/.m2/repository/org/apache/hadoop/hadoop-mapreduce-client-core/3.2.1/hadoop-mapreduce-client-core-3.2.1.jar:/home/user/.m2/repository/org/apache/avro/avro/1.7.7/avro-1.7.7.jar:/home/user/.m2/repository/org/codehaus/jackson/jackson-core-asl/1.9.13/jackson-core-asl-1.9.13.jar:/home/user/.m2/repository/org/codehaus/jackson/jackson-mapper-asl/1.9.13/jackson-mapper-asl-1.9.13.jar:/home/user/.m2/repository/com/thoughtworks/paranamer/paranamer/2.3/paranamer-2.3.jar:/home/user/.m2/repository/org/xerial/snappy/snappy-java/1.0.5/snappy-java-1.0.5.jar:/home/user/.m2/repository/org/apache/hadoop/hadoop-annotations/3.2.1/hadoop-annotations-3.2.1.jar:/usr/lib/jvm/java-1.8.0-openjdk-1.8.0.232.b09-0.el7_7.x86_64/jre/../lib/tools.jar:/home/user/.m2/repository/org/apache/hadoop/hadoop-distcp/3.2.1/hadoop-distcp-3.2.1-tests.jar:"/>
    <property name="sun.cpu.endian" value="little"/>
    <property name="user.home" value="/home/user"/>
    <property name="user.language" value="en"/>
    <property name="java.specification.vendor" value="Oracle Corporation"/>
    <property name="java.home" value="/usr/lib/jvm/java-1.8.0-openjdk-1.8.0.232.b09-0.el7_7.x86_64/jre"/>
    <property name="java.security.krb5.conf" value="/github/workspace/mnt/ozone/hadoop-ozone/integration-test/target/test-classes/krb5.conf"/>
    <property name="basedir" value="/github/workspace/mnt/ozone/hadoop-ozone/integration-test"/>
    <property name="file.separator" value="/"/>
    <property name="line.separator" value="&#10;"/>
    <property name="java.vm.specification.vendor" value="Oracle Corporation"/>
    <property name="java.specification.name" value="Java Platform API Specification"/>
    <property name="java.awt.graphicsenv" value="sun.awt.X11GraphicsEnvironment"/>
    <property name="surefire.real.class.path" value="/github/workspace/mnt/ozone/hadoop-ozone/integration-test/target/surefire/surefirebooter2128107800690505465.jar:/home/user/.m2/repository/org/jacoco/org.jacoco.agent/0.8.5/org.jacoco.agent-0.8.5-runtime.jar"/>
    <property name="hadoop.log.dir" value="/github/workspace/mnt/ozone/hadoop-ozone/integration-test/target/log"/>
    <property name="sun.boot.class.path" value="/usr/lib/jvm/java-1.8.0-openjdk-1.8.0.232.b09-0.el7_7.x86_64/jre/lib/resources.jar:/usr/lib/jvm/java-1.8.0-openjdk-1.8.0.232.b09-0.el7_7.x86_64/jre/lib/rt.jar:/usr/lib/jvm/java-1.8.0-openjdk-1.8.0.232.b09-0.el7_7.x86_64/jre/lib/sunrsasign.jar:/usr/lib/jvm/java-1.8.0-openjdk-1.8.0.232.b09-0.el7_7.x86_64/jre/lib/jsse.jar:/usr/lib/jvm/java-1.8.0-openjdk-1.8.0.232.b09-0.el7_7.x86_64/jre/lib/jce.jar:/usr/lib/jvm/java-1.8.0-openjdk-1.8.0.232.b09-0.el7_7.x86_64/jre/lib/charsets.jar:/usr/lib/jvm/java-1.8.0-openjdk-1.8.0.232.b09-0.el7_7.x86_64/jre/lib/jfr.jar:/usr/lib/jvm/java-1.8.0-openjdk-1.8.0.232.b09-0.el7_7.x86_64/jre/classes"/>
    <property name="sun.management.compiler" value="HotSpot 64-Bit Tiered Compilers"/>
    <property name="java.runtime.version" value="1.8.0_232-b09"/>
    <property name="java.net.preferIPv4Stack" value="true"/>
    <property name="user.name" value="jenkins1001"/>
    <property name="path.separator" value=":"/>
    <property name="java.security.egd" value="file:///dev/urandom"/>
    <property name="os.version" value="5.3.0-1020-azure"/>
    <property name="java.endorsed.dirs" value="/usr/lib/jvm/java-1.8.0-openjdk-1.8.0.232.b09-0.el7_7.x86_64/jre/lib/endorsed"/>
    <property name="java.runtime.name" value="OpenJDK Runtime Environment"/>
    <property name="file.encoding" value="ANSI_X3.4-1968"/>
    <property name="java.vm.name" value="OpenJDK 64-Bit Server VM"/>
    <property name="test.build.webapps" value=""/>
    <property name="localRepository" value="/home/user/.m2/repository"/>
    <property name="java.vendor.url.bug" value="http://bugreport.sun.com/bugreport/"/>
    <property name="java.io.tmpdir" value="/tmp"/>
    <property name="require.test.libhadoop" value=""/>
    <property name="java.version" value="1.8.0_232"/>
    <property name="user.dir" value="/github/workspace/mnt/ozone/hadoop-ozone/integration-test"/>
    <property name="os.arch" value="amd64"/>
    <property name="java.vm.specification.name" value="Java Virtual Machine Specification"/>
    <property name="test.build.classes" value="/github/workspace/mnt/ozone/hadoop-ozone/integration-test/target/test-classes"/>
    <property name="java.awt.printerjob" value="sun.print.PSPrinterJob"/>
    <property name="sun.os.patch.level" value="unknown"/>
    <property name="hadoop.tmp.dir" value="/github/workspace/mnt/ozone/hadoop-ozone/integration-test/target/tmp"/>
    <property name="java.library.path" value="/usr/lib:/usr/java/packages/lib/amd64:/usr/lib64:/lib64:/lib:/usr/lib"/>
    <property name="java.vm.info" value="mixed mode"/>
    <property name="java.vendor" value="Oracle Corporation"/>
    <property name="java.vm.version" value="25.232-b09"/>
    <property name="java.ext.dirs" value="/usr/lib/jvm/java-1.8.0-openjdk-1.8.0.232.b09-0.el7_7.x86_64/jre/lib/ext:/usr/java/packages/lib/ext"/>
    <property name="sun.io.unicode.encoding" value="UnicodeLittle"/>
    <property name="java.class.version" value="52.0"/>
  </properties>
  <testcase name="ratisTestLargeKey" classname="org.apache.hadoop.ozone.freon.TestDataValidateWithUnsafeByteOperations" time="300.011">
    <error message="test timed out after 300000 milliseconds" type="java.lang.Exception">java.lang.Exception: test timed out after 300000 milliseconds
	at java.lang.Thread.sleep(Native Method)
	at org.apache.hadoop.ozone.freon.RandomKeyGenerator.call(RandomKeyGenerator.java:330)
	at org.apache.hadoop.ozone.freon.TestDataValidate.ratisTestLargeKey(TestDataValidate.java:82)
	at sun.reflect.NativeMethodAccessorImpl.invoke0(Native Method)
	at sun.reflect.NativeMethodAccessorImpl.invoke(NativeMethodAccessorImpl.java:62)
	at sun.reflect.DelegatingMethodAccessorImpl.invoke(DelegatingMethodAccessorImpl.java:43)
	at java.lang.reflect.Method.invoke(Method.java:498)
	at org.junit.runners.model.FrameworkMethod$1.runReflectiveCall(FrameworkMethod.java:47)
	at org.junit.internal.runners.model.ReflectiveCallable.run(ReflectiveCallable.java:12)
	at org.junit.runners.model.FrameworkMethod.invokeExplosively(FrameworkMethod.java:44)
	at org.junit.internal.runners.statements.InvokeMethod.evaluate(InvokeMethod.java:17)
	at org.junit.internal.runners.statements.FailOnTimeout$StatementThread.run(FailOnTimeout.java:74)
</error>
    <system-out><![CDATA[2020-06-05 16:07:30,193 [main] WARN  server.ServerUtils (ServerUtils.java:getScmDbDir(148)) - ozone.scm.db.dirs is not configured. We recommend adding this setting. Falling back to ozone.metadata.dirs instead.
2020-06-05 16:07:30,285 [main] WARN  server.ServerUtils (ServerUtils.java:getScmDbDir(148)) - ozone.scm.db.dirs is not configured. We recommend adding this setting. Falling back to ozone.metadata.dirs instead.
2020-06-05 16:07:30,430 [main] WARN  db.DBStoreBuilder (DBStoreBuilder.java:createDBStoreBuilder(277)) - ozone.scm.db.dirs is not configured. We recommend adding this setting. Falling back to ozone.metadata.dirs instead.
2020-06-05 16:07:30,598 [main] INFO  net.NodeSchemaLoader (NodeSchemaLoader.java:loadSchemaFromFile(126)) - Loading file from sun.misc.CompoundEnumeration@3a3e4aff
2020-06-05 16:07:30,599 [main] INFO  net.NodeSchemaLoader (NodeSchemaLoader.java:loadSchema(172)) - Loading network topology layer schema file
2020-06-05 16:07:30,672 [main] WARN  server.ServerUtils (ServerUtils.java:sanitizeUserArgs(73)) - ozone.scm.stale.node.interval value = 300000 is larger than max = 100000 based on the key value of ozone.scm.heartbeat.thread.interval, reset to the max value 100000.
2020-06-05 16:07:30,672 [main] WARN  server.ServerUtils (ServerUtils.java:sanitizeUserArgs(73)) - ozone.scm.stale.node.interval value = 300000 is larger than max = 100000 based on the key value of ozone.scm.heartbeat.thread.interval, reset to the max value 100000.
2020-06-05 16:07:30,675 [main] INFO  node.SCMNodeManager (SCMNodeManager.java:<init>(116)) - Entering startup safe mode.
2020-06-05 16:07:30,795 [main] INFO  algorithms.ContainerPlacementPolicyFactory (ContainerPlacementPolicyFactory.java:getPolicy(60)) - Create container placement policy of type org.apache.hadoop.hdds.scm.container.placement.algorithms.SCMContainerPlacementRandom
2020-06-05 16:07:30,827 [main] INFO  pipeline.SCMPipelineManager (SCMPipelineManager.java:initializePipelineState(158)) - No pipeline exists in current db
2020-06-05 16:07:30,901 [main] INFO  safemode.HealthyPipelineSafeModeRule (HealthyPipelineSafeModeRule.java:<init>(89)) - Total pipeline count is 0, healthy pipeline threshold count is 0
2020-06-05 16:07:30,905 [main] INFO  safemode.OneReplicaPipelineSafeModeRule (OneReplicaPipelineSafeModeRule.java:<init>(79)) - Total pipeline count is 0, pipeline's with at least one datanode reported threshold count is 0
2020-06-05 16:07:30,969 [RatisPipelineUtilsThread] ERROR pipeline.SCMPipelineManager (SCMPipelineManager.java:createPipeline(222)) - Failed to create pipeline of type RATIS and factor ONE. Exception: Cannot create pipeline of factor 1 using 0 nodes. Used 0 nodes. Healthy nodes 0
2020-06-05 16:07:31,358 [main] INFO  ipc.CallQueueManager (CallQueueManager.java:<init>(84)) - Using callQueue: class java.util.concurrent.LinkedBlockingQueue, queueCapacity: 2000, scheduler: class org.apache.hadoop.ipc.DefaultRpcScheduler, ipcBackoff: false.
2020-06-05 16:07:31,383 [Socket Reader #1 for port 0] INFO  ipc.Server (Server.java:run(1219)) - Starting Socket Reader #1 for port 0
2020-06-05 16:07:31,419 [Listener at 0.0.0.0/41279] INFO  ipc.CallQueueManager (CallQueueManager.java:<init>(84)) - Using callQueue: class java.util.concurrent.LinkedBlockingQueue, queueCapacity: 2000, scheduler: class org.apache.hadoop.ipc.DefaultRpcScheduler, ipcBackoff: false.
2020-06-05 16:07:31,422 [Socket Reader #1 for port 0] INFO  ipc.Server (Server.java:run(1219)) - Starting Socket Reader #1 for port 0
2020-06-05 16:07:31,438 [Listener at 0.0.0.0/36429] INFO  ipc.CallQueueManager (CallQueueManager.java:<init>(84)) - Using callQueue: class java.util.concurrent.LinkedBlockingQueue, queueCapacity: 2000, scheduler: class org.apache.hadoop.ipc.DefaultRpcScheduler, ipcBackoff: false.
2020-06-05 16:07:31,439 [Socket Reader #1 for port 0] INFO  ipc.Server (Server.java:run(1219)) - Starting Socket Reader #1 for port 0
2020-06-05 16:07:31,463 [Listener at 0.0.0.0/38891] INFO  http.BaseHttpServer (BaseHttpServer.java:newHttpServer2BuilderForOzone(205)) - Starting Web-server for scm at: http://0.0.0.0:0
2020-06-05 16:07:31,463 [Listener at 0.0.0.0/38891] INFO  http.BaseHttpServer (BaseHttpServer.java:<init>(106)) - Hadoop Security Enabled: false Ozone Security Enabled: false Ozone HTTP Security Enabled: false 
2020-06-05 16:07:31,491 [Listener at 0.0.0.0/38891] INFO  util.log (Log.java:initialized(169)) - Logging initialized @2404ms to org.eclipse.jetty.util.log.Slf4jLog
2020-06-05 16:07:31,635 [Listener at 0.0.0.0/38891] INFO  server.AuthenticationFilter (AuthenticationFilter.java:constructSecretProvider(240)) - Unable to initialize FileSignerSecretProvider, falling back to use random secrets.
2020-06-05 16:07:31,650 [Listener at 0.0.0.0/38891] WARN  http.HttpRequestLog (HttpRequestLog.java:getRequestLog(103)) - Jetty request log can only be enabled using Log4j
2020-06-05 16:07:31,657 [Listener at 0.0.0.0/38891] INFO  http.HttpServer2 (HttpServer2.java:addGlobalFilter(993)) - Added global filter 'safety' (class=org.apache.hadoop.hdds.server.http.HttpServer2$QuotingInputFilter)
2020-06-05 16:07:31,661 [Listener at 0.0.0.0/38891] INFO  http.HttpServer2 (HttpServer2.java:addFilter(969)) - Added filter authentication (class=org.apache.hadoop.security.authentication.server.AuthenticationFilter) to context scm
2020-06-05 16:07:31,661 [Listener at 0.0.0.0/38891] INFO  http.HttpServer2 (HttpServer2.java:addFilter(977)) - Added filter authentication (class=org.apache.hadoop.security.authentication.server.AuthenticationFilter) to context logs
2020-06-05 16:07:31,661 [Listener at 0.0.0.0/38891] INFO  http.HttpServer2 (HttpServer2.java:addFilter(977)) - Added filter authentication (class=org.apache.hadoop.security.authentication.server.AuthenticationFilter) to context static
2020-06-05 16:07:31,721 [Listener at 0.0.0.0/38891] INFO  server.StorageContainerManager (StorageContainerManager.java:start(780)) - StorageContainerLocationProtocol RPC server is listening at /0.0.0.0:38891
2020-06-05 16:07:31,780 [Listener at 0.0.0.0/38891] WARN  impl.MetricsConfig (MetricsConfig.java:loadFirst(134)) - Cannot locate configuration: tried hadoop-metrics2-storagecontainermanager.properties,hadoop-metrics2.properties
2020-06-05 16:07:31,797 [Listener at 0.0.0.0/38891] INFO  impl.MetricsSystemImpl (MetricsSystemImpl.java:startTimer(374)) - Scheduled Metric snapshot period at 10 second(s).
2020-06-05 16:07:31,797 [Listener at 0.0.0.0/38891] INFO  impl.MetricsSystemImpl (MetricsSystemImpl.java:start(191)) - StorageContainerManager metrics system started
2020-06-05 16:07:32,067 [Listener at 0.0.0.0/38891] INFO  server.SCMClientProtocolServer (SCMClientProtocolServer.java:start(157)) - RPC server for Client  is listening at /0.0.0.0:38891
2020-06-05 16:07:32,068 [IPC Server Responder] INFO  ipc.Server (Server.java:run(1460)) - IPC Server Responder: starting
2020-06-05 16:07:32,069 [IPC Server listener on 0] INFO  ipc.Server (Server.java:run(1298)) - IPC Server listener on 0: starting
2020-06-05 16:07:32,083 [Listener at 0.0.0.0/38891] INFO  server.StorageContainerManager (StorageContainerManager.java:start(792)) - ScmBlockLocationProtocol RPC server is listening at /0.0.0.0:36429
2020-06-05 16:07:32,084 [Listener at 0.0.0.0/38891] INFO  server.SCMBlockProtocolServer (SCMBlockProtocolServer.java:start(149)) - RPC server for Block Protocol is listening at /0.0.0.0:36429
2020-06-05 16:07:32,085 [IPC Server Responder] INFO  ipc.Server (Server.java:run(1460)) - IPC Server Responder: starting
2020-06-05 16:07:32,087 [IPC Server listener on 0] INFO  ipc.Server (Server.java:run(1298)) - IPC Server listener on 0: starting
2020-06-05 16:07:32,092 [Listener at 0.0.0.0/38891] INFO  server.StorageContainerManager (StorageContainerManager.java:start(798)) - ScmDatanodeProtocl RPC server is listening at /0.0.0.0:41279
2020-06-05 16:07:32,092 [Listener at 0.0.0.0/38891] INFO  server.SCMDatanodeProtocolServer (SCMDatanodeProtocolServer.java:start(172)) - RPC server for DataNodes is listening at /0.0.0.0:41279
2020-06-05 16:07:32,093 [IPC Server Responder] INFO  ipc.Server (Server.java:run(1460)) - IPC Server Responder: starting
2020-06-05 16:07:32,093 [IPC Server listener on 0] INFO  ipc.Server (Server.java:run(1298)) - IPC Server listener on 0: starting
2020-06-05 16:07:32,098 [Listener at 0.0.0.0/38891] INFO  http.HttpServer2 (HttpServer2.java:bindListener(1211)) - Jetty bound to port 40171
2020-06-05 16:07:32,100 [Listener at 0.0.0.0/38891] INFO  server.Server (Server.java:doStart(359)) - jetty-9.4.26.v20200117; built: 2020-01-17T12:35:33.676Z; git: 7b38981d25d14afb4a12ff1f2596756144edf695; jvm 1.8.0_232-b09
2020-06-05 16:07:32,135 [Listener at 0.0.0.0/38891] INFO  server.session (DefaultSessionIdManager.java:doStart(333)) - DefaultSessionIdManager workerName=node0
2020-06-05 16:07:32,135 [Listener at 0.0.0.0/38891] INFO  server.session (DefaultSessionIdManager.java:doStart(338)) - No SessionScavenger set, using defaults
2020-06-05 16:07:32,137 [Listener at 0.0.0.0/38891] INFO  server.session (HouseKeeper.java:startScavenging(140)) - node0 Scavenging every 660000ms
2020-06-05 16:07:32,150 [Listener at 0.0.0.0/38891] INFO  server.AuthenticationFilter (AuthenticationFilter.java:constructSecretProvider(240)) - Unable to initialize FileSignerSecretProvider, falling back to use random secrets.
2020-06-05 16:07:32,154 [Listener at 0.0.0.0/38891] INFO  handler.ContextHandler (ContextHandler.java:doStart(825)) - Started o.e.j.s.ServletContextHandler@78422efb{logs,/logs,file:///github/workspace/mnt/ozone/hadoop-ozone/integration-test/target/log,AVAILABLE}
2020-06-05 16:07:32,154 [Listener at 0.0.0.0/38891] INFO  handler.ContextHandler (ContextHandler.java:doStart(825)) - Started o.e.j.s.ServletContextHandler@158ae284{static,/static,file:///github/workspace/mnt/ozone/hadoop-ozone/integration-test/target/test-classes/webapps/static,AVAILABLE}
2020-06-05 16:07:32,198 [Listener at 0.0.0.0/38891] INFO  handler.ContextHandler (ContextHandler.java:doStart(825)) - Started o.e.j.w.WebAppContext@2506e949{scm,/,file:///github/workspace/mnt/ozone/hadoop-ozone/integration-test/target/test-classes/webapps/scm/,AVAILABLE}{file:/github/workspace/mnt/ozone/hadoop-ozone/integration-test/target/test-classes/webapps/scm}
2020-06-05 16:07:32,207 [Listener at 0.0.0.0/38891] INFO  server.AbstractConnector (AbstractConnector.java:doStart(330)) - Started ServerConnector@427a12b6{HTTP/1.1,[http/1.1]}{0.0.0.0:40171}
2020-06-05 16:07:32,207 [Listener at 0.0.0.0/38891] INFO  server.Server (Server.java:doStart(399)) - Started @3120ms
2020-06-05 16:07:32,211 [Listener at 0.0.0.0/38891] INFO  impl.MetricsSinkAdapter (MetricsSinkAdapter.java:start(204)) - Sink prometheus started
2020-06-05 16:07:32,211 [Listener at 0.0.0.0/38891] INFO  impl.MetricsSystemImpl (MetricsSystemImpl.java:registerSink(301)) - Registered sink prometheus
2020-06-05 16:07:32,217 [Listener at 0.0.0.0/38891] INFO  http.BaseHttpServer (BaseHttpServer.java:updateConnectorAddress(325)) - HTTP server of scm listening at http://0.0.0.0:40171
2020-06-05 16:07:32,225 [Listener at 0.0.0.0/38891] WARN  server.ServerUtils (ServerUtils.java:getDBPath(225)) - ozone.om.db.dirs is not configured. We recommend adding this setting. Falling back to ozone.metadata.dirs instead.
2020-06-05 16:07:32,233 [org.apache.hadoop.util.JvmPauseMonitor$Monitor@a54acec] INFO  util.JvmPauseMonitor (JvmPauseMonitor.java:run(188)) - Starting JVM pause monitor
2020-06-05 16:07:32,343 [Listener at 0.0.0.0/38891] INFO  ha.OMHANodeDetails (OMHANodeDetails.java:loadOMHAConfig(104)) - ozone.om.internal.service.id is not defined, falling back to ozone.om.service.ids to find serviceID for OzoneManager if it is HA enabled cluster
2020-06-05 16:07:32,347 [Listener at 0.0.0.0/38891] INFO  ha.OMHANodeDetails (OMHANodeDetails.java:loadOMHAConfig(213)) - Configuration either no ozone.om.address set. Falling back to the default OM address /127.0.0.1:0
2020-06-05 16:07:32,347 [Listener at 0.0.0.0/38891] INFO  ha.OMHANodeDetails (OMHANodeDetails.java:getOMNodeDetails(241)) - OM Service ID is not set. Setting it to the default ID: omServiceIdDefault
2020-06-05 16:07:32,349 [Listener at 0.0.0.0/38891] WARN  server.ServerUtils (ServerUtils.java:getDBPath(225)) - ozone.om.db.dirs is not configured. We recommend adding this setting. Falling back to ozone.metadata.dirs instead.
2020-06-05 16:07:32,350 [Listener at 0.0.0.0/38891] WARN  server.ServerUtils (ServerUtils.java:getDBPath(225)) - ozone.om.db.dirs is not configured. We recommend adding this setting. Falling back to ozone.metadata.dirs instead.
2020-06-05 16:07:33,119 [Listener at 0.0.0.0/38891] WARN  server.ServerUtils (ServerUtils.java:getDBPath(225)) - ozone.om.db.dirs is not configured. We recommend adding this setting. Falling back to ozone.metadata.dirs instead.
2020-06-05 16:07:33,264 [Listener at 0.0.0.0/38891] INFO  ipc.CallQueueManager (CallQueueManager.java:<init>(84)) - Using callQueue: class java.util.concurrent.LinkedBlockingQueue, queueCapacity: 2000, scheduler: class org.apache.hadoop.ipc.DefaultRpcScheduler, ipcBackoff: false.
2020-06-05 16:07:33,265 [Socket Reader #1 for port 0] INFO  ipc.Server (Server.java:run(1219)) - Starting Socket Reader #1 for port 0
2020-06-05 16:07:33,301 [Listener at 127.0.0.1/41627] INFO  impl.MetricsSystemImpl (MetricsSystemImpl.java:init(158)) - OzoneManager metrics system started (again)
2020-06-05 16:07:33,305 [Listener at 127.0.0.1/41627] INFO  om.OzoneManager (OzoneManager.java:start(1099)) - OzoneManager RPC server is listening at localhost/127.0.0.1:41627
2020-06-05 16:07:33,327 [IPC Server Responder] INFO  ipc.Server (Server.java:run(1460)) - IPC Server Responder: starting
2020-06-05 16:07:33,327 [IPC Server listener on 0] INFO  ipc.Server (Server.java:run(1298)) - IPC Server listener on 0: starting
2020-06-05 16:07:33,340 [Listener at 127.0.0.1/41627] INFO  http.BaseHttpServer (BaseHttpServer.java:newHttpServer2BuilderForOzone(205)) - Starting Web-server for ozoneManager at: http://0.0.0.0:0
2020-06-05 16:07:33,341 [Listener at 127.0.0.1/41627] INFO  http.BaseHttpServer (BaseHttpServer.java:<init>(106)) - Hadoop Security Enabled: false Ozone Security Enabled: false Ozone HTTP Security Enabled: false 
2020-06-05 16:07:33,342 [Listener at 127.0.0.1/41627] INFO  server.AuthenticationFilter (AuthenticationFilter.java:constructSecretProvider(240)) - Unable to initialize FileSignerSecretProvider, falling back to use random secrets.
2020-06-05 16:07:33,343 [Listener at 127.0.0.1/41627] WARN  http.HttpRequestLog (HttpRequestLog.java:getRequestLog(103)) - Jetty request log can only be enabled using Log4j
2020-06-05 16:07:33,344 [Listener at 127.0.0.1/41627] INFO  http.HttpServer2 (HttpServer2.java:addGlobalFilter(993)) - Added global filter 'safety' (class=org.apache.hadoop.hdds.server.http.HttpServer2$QuotingInputFilter)
2020-06-05 16:07:33,345 [Listener at 127.0.0.1/41627] INFO  http.HttpServer2 (HttpServer2.java:addFilter(969)) - Added filter authentication (class=org.apache.hadoop.security.authentication.server.AuthenticationFilter) to context ozoneManager
2020-06-05 16:07:33,345 [Listener at 127.0.0.1/41627] INFO  http.HttpServer2 (HttpServer2.java:addFilter(977)) - Added filter authentication (class=org.apache.hadoop.security.authentication.server.AuthenticationFilter) to context logs
2020-06-05 16:07:33,346 [Listener at 127.0.0.1/41627] INFO  http.HttpServer2 (HttpServer2.java:addFilter(977)) - Added filter authentication (class=org.apache.hadoop.security.authentication.server.AuthenticationFilter) to context static
2020-06-05 16:07:33,348 [Listener at 127.0.0.1/41627] INFO  http.HttpServer2 (HttpServer2.java:bindListener(1211)) - Jetty bound to port 43743
2020-06-05 16:07:33,349 [Listener at 127.0.0.1/41627] INFO  server.Server (Server.java:doStart(359)) - jetty-9.4.26.v20200117; built: 2020-01-17T12:35:33.676Z; git: 7b38981d25d14afb4a12ff1f2596756144edf695; jvm 1.8.0_232-b09
2020-06-05 16:07:33,351 [Listener at 127.0.0.1/41627] INFO  server.session (DefaultSessionIdManager.java:doStart(333)) - DefaultSessionIdManager workerName=node0
2020-06-05 16:07:33,351 [Listener at 127.0.0.1/41627] INFO  server.session (DefaultSessionIdManager.java:doStart(338)) - No SessionScavenger set, using defaults
2020-06-05 16:07:33,352 [Listener at 127.0.0.1/41627] INFO  server.session (HouseKeeper.java:startScavenging(140)) - node0 Scavenging every 600000ms
2020-06-05 16:07:33,352 [Listener at 127.0.0.1/41627] INFO  server.AuthenticationFilter (AuthenticationFilter.java:constructSecretProvider(240)) - Unable to initialize FileSignerSecretProvider, falling back to use random secrets.
2020-06-05 16:07:33,353 [Listener at 127.0.0.1/41627] INFO  handler.ContextHandler (ContextHandler.java:doStart(825)) - Started o.e.j.s.ServletContextHandler@4e343265{logs,/logs,file:///github/workspace/mnt/ozone/hadoop-ozone/integration-test/target/log,AVAILABLE}
2020-06-05 16:07:33,354 [Listener at 127.0.0.1/41627] INFO  handler.ContextHandler (ContextHandler.java:doStart(825)) - Started o.e.j.s.ServletContextHandler@73dd0f23{static,/static,file:///github/workspace/mnt/ozone/hadoop-ozone/integration-test/target/test-classes/webapps/static,AVAILABLE}
2020-06-05 16:07:33,361 [Listener at 127.0.0.1/41627] INFO  handler.ContextHandler (ContextHandler.java:doStart(825)) - Started o.e.j.w.WebAppContext@40edc64e{ozoneManager,/,file:///github/workspace/mnt/ozone/hadoop-ozone/integration-test/target/test-classes/webapps/ozoneManager/,AVAILABLE}{file:/github/workspace/mnt/ozone/hadoop-ozone/integration-test/target/test-classes/webapps/ozoneManager}
2020-06-05 16:07:33,362 [Listener at 127.0.0.1/41627] INFO  server.AbstractConnector (AbstractConnector.java:doStart(330)) - Started ServerConnector@2a8e30e3{HTTP/1.1,[http/1.1]}{0.0.0.0:43743}
2020-06-05 16:07:33,362 [Listener at 127.0.0.1/41627] INFO  server.Server (Server.java:doStart(399)) - Started @4276ms
2020-06-05 16:07:33,362 [Listener at 127.0.0.1/41627] WARN  impl.MetricsSystemImpl (MetricsSystemImpl.java:register(276)) - Sink prometheus already exists!
2020-06-05 16:07:33,369 [Listener at 127.0.0.1/41627] INFO  http.BaseHttpServer (BaseHttpServer.java:updateConnectorAddress(325)) - HTTP server of ozoneManager listening at http://0.0.0.0:43743
2020-06-05 16:07:33,383 [org.apache.hadoop.util.JvmPauseMonitor$Monitor@6c2f8ecb] INFO  util.JvmPauseMonitor (JvmPauseMonitor.java:run(188)) - Starting JVM pause monitor
2020-06-05 16:07:33,514 [Listener at 127.0.0.1/41627] INFO  metrics.MetricRegistries (MetricRegistriesLoader.java:load(64)) - Loaded MetricRegistries class org.apache.ratis.metrics.impl.MetricRegistriesImpl
2020-06-05 16:07:33,516 [Listener at 127.0.0.1/41627] INFO  impl.MetricsSystemImpl (MetricsSystemImpl.java:init(158)) - HddsDatanode metrics system started (again)
2020-06-05 16:07:33,522 [Listener at 127.0.0.1/41627] INFO  ozone.HddsDatanodeService (HddsDatanodeService.java:start(205)) - HddsDatanodeService host:7ac93f77682e ip:172.17.0.2
2020-06-05 16:07:33,607 [Listener at 127.0.0.1/41627] INFO  volume.HddsVolume (HddsVolume.java:<init>(176)) - Creating Volume: /github/workspace/mnt/ozone/hadoop-ozone/integration-test/target/test-dir/MiniOzoneClusterImpl-6eb41c3d-d065-4553-9f67-aae7eb4bf1fa/datanode-0/data-0/containers/hdds of storage type : DISK and capacity : 9223372036854775807
2020-06-05 16:07:33,610 [Listener at 127.0.0.1/41627] INFO  volume.MutableVolumeSet (MutableVolumeSet.java:initializeVolumeSet(181)) - Added Volume : /github/workspace/mnt/ozone/hadoop-ozone/integration-test/target/test-dir/MiniOzoneClusterImpl-6eb41c3d-d065-4553-9f67-aae7eb4bf1fa/datanode-0/data-0/containers/hdds to VolumeSet
2020-06-05 16:07:33,611 [Listener at 127.0.0.1/41627] INFO  volume.ThrottledAsyncChecker (ThrottledAsyncChecker.java:schedule(141)) - Scheduling a check for /github/workspace/mnt/ozone/hadoop-ozone/integration-test/target/test-dir/MiniOzoneClusterImpl-6eb41c3d-d065-4553-9f67-aae7eb4bf1fa/datanode-0/data-0/containers/hdds
2020-06-05 16:07:33,638 [Listener at 127.0.0.1/41627] INFO  volume.HddsVolumeChecker (HddsVolumeChecker.java:checkAllVolumes(200)) - Scheduled health check for volume /github/workspace/mnt/ozone/hadoop-ozone/integration-test/target/test-dir/MiniOzoneClusterImpl-6eb41c3d-d065-4553-9f67-aae7eb4bf1fa/datanode-0/data-0/containers/hdds
2020-06-05 16:07:33,837 [Listener at 127.0.0.1/41627] INFO  impl.RaftServerProxy (ConfUtils.java:logGet(44)) - raft.rpc.type = GRPC (default)
2020-06-05 16:07:33,915 [Listener at 127.0.0.1/41627] INFO  grpc.GrpcFactory (GrpcFactory.java:checkPooledByteBufAllocatorUseCacheForAllThreads(45)) - PERFORMANCE WARNING: useCacheForAllThreads is true that may cause Netty to create a lot garbage objects and, as a result, trigger GC.
	It is recommended to disable useCacheForAllThreads by setting -Dorg.apache.ratis.thirdparty.io.netty.allocator.useCacheForAllThreads=false in command line.
2020-06-05 16:07:33,919 [Listener at 127.0.0.1/41627] INFO  grpc.GrpcConfigKeys (ConfUtils.java:logGet(44)) - raft.grpc.server.port = 0 (default)
2020-06-05 16:07:33,920 [Listener at 127.0.0.1/41627] INFO  server.GrpcService (ConfUtils.java:logGet(44)) - raft.grpc.message.size.max = 32MB (=33554432) (custom)
2020-06-05 16:07:33,921 [Listener at 127.0.0.1/41627] INFO  server.RaftServerConfigKeys (ConfUtils.java:logGet(44)) - raft.server.log.appender.buffer.byte-limit = 33554432 (custom)
2020-06-05 16:07:33,922 [Listener at 127.0.0.1/41627] INFO  server.GrpcService (ConfUtils.java:logGet(44)) - raft.grpc.flow.control.window = 5MB (=5242880) (custom)
2020-06-05 16:07:33,923 [Listener at 127.0.0.1/41627] INFO  server.RaftServerConfigKeys (ConfUtils.java:logGet(44)) - raft.server.rpc.request.timeout = 3s (default)
2020-06-05 16:07:34,120 [Listener at 127.0.0.1/41627] INFO  server.RaftServerConfigKeys (ConfUtils.java:logGet(44)) - raft.server.storage.dir = [/github/workspace/mnt/ozone/hadoop-ozone/integration-test/target/test-dir/MiniOzoneClusterImpl-6eb41c3d-d065-4553-9f67-aae7eb4bf1fa/datanode-0/data/ratis] (custom)
2020-06-05 16:07:34,237 [Listener at 127.0.0.1/41627] INFO  http.BaseHttpServer (BaseHttpServer.java:newHttpServer2BuilderForOzone(205)) - Starting Web-server for hddsDatanode at: http://0.0.0.0:0
2020-06-05 16:07:34,238 [Listener at 127.0.0.1/41627] INFO  http.BaseHttpServer (BaseHttpServer.java:<init>(106)) - Hadoop Security Enabled: false Ozone Security Enabled: false Ozone HTTP Security Enabled: false 
2020-06-05 16:07:34,239 [Listener at 127.0.0.1/41627] INFO  server.AuthenticationFilter (AuthenticationFilter.java:constructSecretProvider(240)) - Unable to initialize FileSignerSecretProvider, falling back to use random secrets.
2020-06-05 16:07:34,240 [Listener at 127.0.0.1/41627] WARN  http.HttpRequestLog (HttpRequestLog.java:getRequestLog(103)) - Jetty request log can only be enabled using Log4j
2020-06-05 16:07:34,241 [Listener at 127.0.0.1/41627] INFO  http.HttpServer2 (HttpServer2.java:addGlobalFilter(993)) - Added global filter 'safety' (class=org.apache.hadoop.hdds.server.http.HttpServer2$QuotingInputFilter)
2020-06-05 16:07:34,242 [Listener at 127.0.0.1/41627] INFO  http.HttpServer2 (HttpServer2.java:addFilter(969)) - Added filter authentication (class=org.apache.hadoop.security.authentication.server.AuthenticationFilter) to context hddsDatanode
2020-06-05 16:07:34,242 [Listener at 127.0.0.1/41627] INFO  http.HttpServer2 (HttpServer2.java:addFilter(977)) - Added filter authentication (class=org.apache.hadoop.security.authentication.server.AuthenticationFilter) to context logs
2020-06-05 16:07:34,242 [Listener at 127.0.0.1/41627] INFO  http.HttpServer2 (HttpServer2.java:addFilter(977)) - Added filter authentication (class=org.apache.hadoop.security.authentication.server.AuthenticationFilter) to context static
2020-06-05 16:07:34,242 [Listener at 127.0.0.1/41627] INFO  http.HttpServer2 (HttpServer2.java:bindListener(1211)) - Jetty bound to port 44845
2020-06-05 16:07:34,243 [Listener at 127.0.0.1/41627] INFO  server.Server (Server.java:doStart(359)) - jetty-9.4.26.v20200117; built: 2020-01-17T12:35:33.676Z; git: 7b38981d25d14afb4a12ff1f2596756144edf695; jvm 1.8.0_232-b09
2020-06-05 16:07:34,247 [Listener at 127.0.0.1/41627] INFO  server.session (DefaultSessionIdManager.java:doStart(333)) - DefaultSessionIdManager workerName=node0
2020-06-05 16:07:34,247 [Listener at 127.0.0.1/41627] INFO  server.session (DefaultSessionIdManager.java:doStart(338)) - No SessionScavenger set, using defaults
2020-06-05 16:07:34,248 [Listener at 127.0.0.1/41627] INFO  server.session (HouseKeeper.java:startScavenging(140)) - node0 Scavenging every 660000ms
2020-06-05 16:07:34,250 [Listener at 127.0.0.1/41627] INFO  server.AuthenticationFilter (AuthenticationFilter.java:constructSecretProvider(240)) - Unable to initialize FileSignerSecretProvider, falling back to use random secrets.
2020-06-05 16:07:34,251 [Listener at 127.0.0.1/41627] INFO  handler.ContextHandler (ContextHandler.java:doStart(825)) - Started o.e.j.s.ServletContextHandler@207358ad{logs,/logs,file:///github/workspace/mnt/ozone/hadoop-ozone/integration-test/target/log,AVAILABLE}
2020-06-05 16:07:34,251 [Listener at 127.0.0.1/41627] INFO  handler.ContextHandler (ContextHandler.java:doStart(825)) - Started o.e.j.s.ServletContextHandler@62d818c6{static,/static,jar:file:/home/user/.m2/repository/org/apache/hadoop/hadoop-hdds-container-service/0.6.0-SNAPSHOT/hadoop-hdds-container-service-0.6.0-SNAPSHOT.jar!/webapps/static,AVAILABLE}
2020-06-05 16:07:34,281 [Listener at 127.0.0.1/41627] INFO  handler.ContextHandler (ContextHandler.java:doStart(825)) - Started o.e.j.w.WebAppContext@5457123a{hddsDatanode,/,file:///tmp/jetty-0_0_0_0-44845-hadoop-hdds-container-service-0_6_0-SNAPSHOT_jar-_-any-8745980455195661220.dir/webapp/,AVAILABLE}{jar:file:/home/user/.m2/repository/org/apache/hadoop/hadoop-hdds-container-service/0.6.0-SNAPSHOT/hadoop-hdds-container-service-0.6.0-SNAPSHOT.jar!/webapps/hddsDatanode}
2020-06-05 16:07:34,282 [Listener at 127.0.0.1/41627] INFO  server.AbstractConnector (AbstractConnector.java:doStart(330)) - Started ServerConnector@4667c6d9{HTTP/1.1,[http/1.1]}{0.0.0.0:44845}
2020-06-05 16:07:34,284 [Listener at 127.0.0.1/41627] INFO  server.Server (Server.java:doStart(399)) - Started @5197ms
2020-06-05 16:07:34,284 [Listener at 127.0.0.1/41627] WARN  impl.MetricsSystemImpl (MetricsSystemImpl.java:register(276)) - Sink prometheus already exists!
2020-06-05 16:07:34,292 [Listener at 127.0.0.1/41627] INFO  http.BaseHttpServer (BaseHttpServer.java:updateConnectorAddress(325)) - HTTP server of hddsDatanode listening at http://0.0.0.0:44845
2020-06-05 16:07:34,293 [Listener at 127.0.0.1/41627] INFO  impl.MetricsSystemImpl (MetricsSystemImpl.java:init(158)) - HddsDatanode metrics system started (again)
2020-06-05 16:07:34,294 [Listener at 127.0.0.1/41627] INFO  ozone.HddsDatanodeService (HddsDatanodeService.java:start(205)) - HddsDatanodeService host:7ac93f77682e ip:172.17.0.2
2020-06-05 16:07:34,299 [Listener at 127.0.0.1/41627] INFO  volume.HddsVolume (HddsVolume.java:<init>(176)) - Creating Volume: /github/workspace/mnt/ozone/hadoop-ozone/integration-test/target/test-dir/MiniOzoneClusterImpl-6eb41c3d-d065-4553-9f67-aae7eb4bf1fa/datanode-1/data-0/containers/hdds of storage type : DISK and capacity : 9223372036854775807
2020-06-05 16:07:34,299 [Listener at 127.0.0.1/41627] INFO  volume.MutableVolumeSet (MutableVolumeSet.java:initializeVolumeSet(181)) - Added Volume : /github/workspace/mnt/ozone/hadoop-ozone/integration-test/target/test-dir/MiniOzoneClusterImpl-6eb41c3d-d065-4553-9f67-aae7eb4bf1fa/datanode-1/data-0/containers/hdds to VolumeSet
2020-06-05 16:07:34,300 [Listener at 127.0.0.1/41627] INFO  volume.ThrottledAsyncChecker (ThrottledAsyncChecker.java:schedule(141)) - Scheduling a check for /github/workspace/mnt/ozone/hadoop-ozone/integration-test/target/test-dir/MiniOzoneClusterImpl-6eb41c3d-d065-4553-9f67-aae7eb4bf1fa/datanode-1/data-0/containers/hdds
2020-06-05 16:07:34,301 [Listener at 127.0.0.1/41627] INFO  volume.HddsVolumeChecker (HddsVolumeChecker.java:checkAllVolumes(200)) - Scheduled health check for volume /github/workspace/mnt/ozone/hadoop-ozone/integration-test/target/test-dir/MiniOzoneClusterImpl-6eb41c3d-d065-4553-9f67-aae7eb4bf1fa/datanode-1/data-0/containers/hdds
2020-06-05 16:07:34,331 [org.apache.hadoop.util.JvmPauseMonitor$Monitor@764dc5d4] INFO  util.JvmPauseMonitor (JvmPauseMonitor.java:run(188)) - Starting JVM pause monitor
2020-06-05 16:07:34,342 [Listener at 127.0.0.1/41627] INFO  impl.RaftServerProxy (ConfUtils.java:logGet(44)) - raft.rpc.type = GRPC (default)
2020-06-05 16:07:34,343 [Listener at 127.0.0.1/41627] INFO  grpc.GrpcFactory (GrpcFactory.java:checkPooledByteBufAllocatorUseCacheForAllThreads(45)) - PERFORMANCE WARNING: useCacheForAllThreads is true that may cause Netty to create a lot garbage objects and, as a result, trigger GC.
	It is recommended to disable useCacheForAllThreads by setting -Dorg.apache.ratis.thirdparty.io.netty.allocator.useCacheForAllThreads=false in command line.
2020-06-05 16:07:34,343 [Listener at 127.0.0.1/41627] INFO  grpc.GrpcConfigKeys (ConfUtils.java:logGet(44)) - raft.grpc.server.port = 0 (default)
2020-06-05 16:07:34,343 [Listener at 127.0.0.1/41627] INFO  server.GrpcService (ConfUtils.java:logGet(44)) - raft.grpc.message.size.max = 32MB (=33554432) (custom)
2020-06-05 16:07:34,343 [Listener at 127.0.0.1/41627] INFO  server.RaftServerConfigKeys (ConfUtils.java:logGet(44)) - raft.server.log.appender.buffer.byte-limit = 33554432 (custom)
2020-06-05 16:07:34,344 [Listener at 127.0.0.1/41627] INFO  server.GrpcService (ConfUtils.java:logGet(44)) - raft.grpc.flow.control.window = 5MB (=5242880) (custom)
2020-06-05 16:07:34,345 [Listener at 127.0.0.1/41627] INFO  server.RaftServerConfigKeys (ConfUtils.java:logGet(44)) - raft.server.rpc.request.timeout = 3s (default)
2020-06-05 16:07:34,346 [Listener at 127.0.0.1/41627] INFO  server.RaftServerConfigKeys (ConfUtils.java:logGet(44)) - raft.server.storage.dir = [/github/workspace/mnt/ozone/hadoop-ozone/integration-test/target/test-dir/MiniOzoneClusterImpl-6eb41c3d-d065-4553-9f67-aae7eb4bf1fa/datanode-1/data/ratis] (custom)
2020-06-05 16:07:34,358 [Listener at 127.0.0.1/41627] INFO  http.BaseHttpServer (BaseHttpServer.java:newHttpServer2BuilderForOzone(205)) - Starting Web-server for hddsDatanode at: http://0.0.0.0:0
2020-06-05 16:07:34,359 [Listener at 127.0.0.1/41627] INFO  http.BaseHttpServer (BaseHttpServer.java:<init>(106)) - Hadoop Security Enabled: false Ozone Security Enabled: false Ozone HTTP Security Enabled: false 
2020-06-05 16:07:34,360 [Listener at 127.0.0.1/41627] INFO  server.AuthenticationFilter (AuthenticationFilter.java:constructSecretProvider(240)) - Unable to initialize FileSignerSecretProvider, falling back to use random secrets.
2020-06-05 16:07:34,371 [Listener at 127.0.0.1/41627] WARN  http.HttpRequestLog (HttpRequestLog.java:getRequestLog(103)) - Jetty request log can only be enabled using Log4j
2020-06-05 16:07:34,372 [Listener at 127.0.0.1/41627] INFO  http.HttpServer2 (HttpServer2.java:addGlobalFilter(993)) - Added global filter 'safety' (class=org.apache.hadoop.hdds.server.http.HttpServer2$QuotingInputFilter)
2020-06-05 16:07:34,373 [Listener at 127.0.0.1/41627] INFO  http.HttpServer2 (HttpServer2.java:addFilter(969)) - Added filter authentication (class=org.apache.hadoop.security.authentication.server.AuthenticationFilter) to context hddsDatanode
2020-06-05 16:07:34,373 [Listener at 127.0.0.1/41627] INFO  http.HttpServer2 (HttpServer2.java:addFilter(977)) - Added filter authentication (class=org.apache.hadoop.security.authentication.server.AuthenticationFilter) to context logs
2020-06-05 16:07:34,373 [Listener at 127.0.0.1/41627] INFO  http.HttpServer2 (HttpServer2.java:addFilter(977)) - Added filter authentication (class=org.apache.hadoop.security.authentication.server.AuthenticationFilter) to context static
2020-06-05 16:07:34,374 [Listener at 127.0.0.1/41627] INFO  http.HttpServer2 (HttpServer2.java:bindListener(1211)) - Jetty bound to port 37283
2020-06-05 16:07:34,374 [Listener at 127.0.0.1/41627] INFO  server.Server (Server.java:doStart(359)) - jetty-9.4.26.v20200117; built: 2020-01-17T12:35:33.676Z; git: 7b38981d25d14afb4a12ff1f2596756144edf695; jvm 1.8.0_232-b09
2020-06-05 16:07:34,384 [Listener at 127.0.0.1/41627] INFO  server.session (DefaultSessionIdManager.java:doStart(333)) - DefaultSessionIdManager workerName=node0
2020-06-05 16:07:34,385 [Listener at 127.0.0.1/41627] INFO  server.session (DefaultSessionIdManager.java:doStart(338)) - No SessionScavenger set, using defaults
2020-06-05 16:07:34,385 [Listener at 127.0.0.1/41627] INFO  server.session (HouseKeeper.java:startScavenging(140)) - node0 Scavenging every 600000ms
2020-06-05 16:07:34,386 [Listener at 127.0.0.1/41627] INFO  server.AuthenticationFilter (AuthenticationFilter.java:constructSecretProvider(240)) - Unable to initialize FileSignerSecretProvider, falling back to use random secrets.
2020-06-05 16:07:34,386 [Listener at 127.0.0.1/41627] INFO  handler.ContextHandler (ContextHandler.java:doStart(825)) - Started o.e.j.s.ServletContextHandler@3f6fd33b{logs,/logs,file:///github/workspace/mnt/ozone/hadoop-ozone/integration-test/target/log,AVAILABLE}
2020-06-05 16:07:34,387 [Listener at 127.0.0.1/41627] INFO  handler.ContextHandler (ContextHandler.java:doStart(825)) - Started o.e.j.s.ServletContextHandler@7ecf4608{static,/static,jar:file:/home/user/.m2/repository/org/apache/hadoop/hadoop-hdds-container-service/0.6.0-SNAPSHOT/hadoop-hdds-container-service-0.6.0-SNAPSHOT.jar!/webapps/static,AVAILABLE}
2020-06-05 16:07:34,405 [Listener at 127.0.0.1/41627] INFO  handler.ContextHandler (ContextHandler.java:doStart(825)) - Started o.e.j.w.WebAppContext@27ea7c8f{hddsDatanode,/,file:///tmp/jetty-0_0_0_0-37283-hadoop-hdds-container-service-0_6_0-SNAPSHOT_jar-_-any-9165062990597652796.dir/webapp/,AVAILABLE}{jar:file:/home/user/.m2/repository/org/apache/hadoop/hadoop-hdds-container-service/0.6.0-SNAPSHOT/hadoop-hdds-container-service-0.6.0-SNAPSHOT.jar!/webapps/hddsDatanode}
2020-06-05 16:07:34,411 [Listener at 127.0.0.1/41627] INFO  server.AbstractConnector (AbstractConnector.java:doStart(330)) - Started ServerConnector@3fecdd00{HTTP/1.1,[http/1.1]}{0.0.0.0:37283}
2020-06-05 16:07:34,412 [Listener at 127.0.0.1/41627] INFO  server.Server (Server.java:doStart(399)) - Started @5325ms
2020-06-05 16:07:34,412 [Listener at 127.0.0.1/41627] WARN  impl.MetricsSystemImpl (MetricsSystemImpl.java:register(276)) - Sink prometheus already exists!
2020-06-05 16:07:34,416 [Listener at 127.0.0.1/41627] INFO  http.BaseHttpServer (BaseHttpServer.java:updateConnectorAddress(325)) - HTTP server of hddsDatanode listening at http://0.0.0.0:37283
2020-06-05 16:07:34,423 [Listener at 127.0.0.1/41627] INFO  impl.MetricsSystemImpl (MetricsSystemImpl.java:init(158)) - HddsDatanode metrics system started (again)
2020-06-05 16:07:34,431 [Listener at 127.0.0.1/41627] INFO  ozone.HddsDatanodeService (HddsDatanodeService.java:start(205)) - HddsDatanodeService host:7ac93f77682e ip:172.17.0.2
2020-06-05 16:07:34,447 [org.apache.hadoop.util.JvmPauseMonitor$Monitor@5be99326] INFO  util.JvmPauseMonitor (JvmPauseMonitor.java:run(188)) - Starting JVM pause monitor
2020-06-05 16:07:34,463 [Listener at 127.0.0.1/41627] INFO  volume.HddsVolume (HddsVolume.java:<init>(176)) - Creating Volume: /github/workspace/mnt/ozone/hadoop-ozone/integration-test/target/test-dir/MiniOzoneClusterImpl-6eb41c3d-d065-4553-9f67-aae7eb4bf1fa/datanode-2/data-0/containers/hdds of storage type : DISK and capacity : 9223372036854775807
2020-06-05 16:07:34,463 [Listener at 127.0.0.1/41627] INFO  volume.MutableVolumeSet (MutableVolumeSet.java:initializeVolumeSet(181)) - Added Volume : /github/workspace/mnt/ozone/hadoop-ozone/integration-test/target/test-dir/MiniOzoneClusterImpl-6eb41c3d-d065-4553-9f67-aae7eb4bf1fa/datanode-2/data-0/containers/hdds to VolumeSet
2020-06-05 16:07:34,463 [Listener at 127.0.0.1/41627] INFO  volume.ThrottledAsyncChecker (ThrottledAsyncChecker.java:schedule(141)) - Scheduling a check for /github/workspace/mnt/ozone/hadoop-ozone/integration-test/target/test-dir/MiniOzoneClusterImpl-6eb41c3d-d065-4553-9f67-aae7eb4bf1fa/datanode-2/data-0/containers/hdds
2020-06-05 16:07:34,466 [Listener at 127.0.0.1/41627] INFO  volume.HddsVolumeChecker (HddsVolumeChecker.java:checkAllVolumes(200)) - Scheduled health check for volume /github/workspace/mnt/ozone/hadoop-ozone/integration-test/target/test-dir/MiniOzoneClusterImpl-6eb41c3d-d065-4553-9f67-aae7eb4bf1fa/datanode-2/data-0/containers/hdds
2020-06-05 16:07:34,502 [Datanode State Machine Thread - 0] INFO  datanode.InitDatanodeState (InitDatanodeState.java:persistContainerDatanodeDetails(145)) - DatanodeDetails is persisted to /github/workspace/mnt/ozone/hadoop-ozone/integration-test/target/test-dir/MiniOzoneClusterImpl-6eb41c3d-d065-4553-9f67-aae7eb4bf1fa/datanode-0/meta/datanode.id
2020-06-05 16:07:34,506 [Listener at 127.0.0.1/41627] INFO  impl.RaftServerProxy (ConfUtils.java:logGet(44)) - raft.rpc.type = GRPC (default)
2020-06-05 16:07:34,507 [Listener at 127.0.0.1/41627] INFO  grpc.GrpcFactory (GrpcFactory.java:checkPooledByteBufAllocatorUseCacheForAllThreads(45)) - PERFORMANCE WARNING: useCacheForAllThreads is true that may cause Netty to create a lot garbage objects and, as a result, trigger GC.
	It is recommended to disable useCacheForAllThreads by setting -Dorg.apache.ratis.thirdparty.io.netty.allocator.useCacheForAllThreads=false in command line.
2020-06-05 16:07:34,507 [Listener at 127.0.0.1/41627] INFO  grpc.GrpcConfigKeys (ConfUtils.java:logGet(44)) - raft.grpc.server.port = 0 (default)
2020-06-05 16:07:34,508 [Listener at 127.0.0.1/41627] INFO  server.GrpcService (ConfUtils.java:logGet(44)) - raft.grpc.message.size.max = 32MB (=33554432) (custom)
2020-06-05 16:07:34,508 [Datanode State Machine Thread - 0] INFO  datanode.InitDatanodeState (InitDatanodeState.java:persistContainerDatanodeDetails(145)) - DatanodeDetails is persisted to /github/workspace/mnt/ozone/hadoop-ozone/integration-test/target/test-dir/MiniOzoneClusterImpl-6eb41c3d-d065-4553-9f67-aae7eb4bf1fa/datanode-1/meta/datanode.id
2020-06-05 16:07:34,509 [Listener at 127.0.0.1/41627] INFO  server.RaftServerConfigKeys (ConfUtils.java:logGet(44)) - raft.server.log.appender.buffer.byte-limit = 33554432 (custom)
2020-06-05 16:07:34,509 [Listener at 127.0.0.1/41627] INFO  server.GrpcService (ConfUtils.java:logGet(44)) - raft.grpc.flow.control.window = 5MB (=5242880) (custom)
2020-06-05 16:07:34,509 [Listener at 127.0.0.1/41627] INFO  server.RaftServerConfigKeys (ConfUtils.java:logGet(44)) - raft.server.rpc.request.timeout = 3s (default)
2020-06-05 16:07:34,510 [Listener at 127.0.0.1/41627] INFO  server.RaftServerConfigKeys (ConfUtils.java:logGet(44)) - raft.server.storage.dir = [/github/workspace/mnt/ozone/hadoop-ozone/integration-test/target/test-dir/MiniOzoneClusterImpl-6eb41c3d-d065-4553-9f67-aae7eb4bf1fa/datanode-2/data/ratis] (custom)
2020-06-05 16:07:34,517 [Listener at 127.0.0.1/41627] INFO  http.BaseHttpServer (BaseHttpServer.java:newHttpServer2BuilderForOzone(205)) - Starting Web-server for hddsDatanode at: http://0.0.0.0:0
2020-06-05 16:07:34,517 [Listener at 127.0.0.1/41627] INFO  http.BaseHttpServer (BaseHttpServer.java:<init>(106)) - Hadoop Security Enabled: false Ozone Security Enabled: false Ozone HTTP Security Enabled: false 
2020-06-05 16:07:34,519 [Listener at 127.0.0.1/41627] INFO  server.AuthenticationFilter (AuthenticationFilter.java:constructSecretProvider(240)) - Unable to initialize FileSignerSecretProvider, falling back to use random secrets.
2020-06-05 16:07:34,519 [Listener at 127.0.0.1/41627] WARN  http.HttpRequestLog (HttpRequestLog.java:getRequestLog(103)) - Jetty request log can only be enabled using Log4j
2020-06-05 16:07:34,520 [Listener at 127.0.0.1/41627] INFO  http.HttpServer2 (HttpServer2.java:addGlobalFilter(993)) - Added global filter 'safety' (class=org.apache.hadoop.hdds.server.http.HttpServer2$QuotingInputFilter)
2020-06-05 16:07:34,521 [Listener at 127.0.0.1/41627] INFO  http.HttpServer2 (HttpServer2.java:addFilter(969)) - Added filter authentication (class=org.apache.hadoop.security.authentication.server.AuthenticationFilter) to context hddsDatanode
2020-06-05 16:07:34,521 [Listener at 127.0.0.1/41627] INFO  http.HttpServer2 (HttpServer2.java:addFilter(977)) - Added filter authentication (class=org.apache.hadoop.security.authentication.server.AuthenticationFilter) to context static
2020-06-05 16:07:34,521 [Listener at 127.0.0.1/41627] INFO  http.HttpServer2 (HttpServer2.java:addFilter(977)) - Added filter authentication (class=org.apache.hadoop.security.authentication.server.AuthenticationFilter) to context logs
2020-06-05 16:07:34,522 [Listener at 127.0.0.1/41627] INFO  http.HttpServer2 (HttpServer2.java:bindListener(1211)) - Jetty bound to port 33495
2020-06-05 16:07:34,522 [Listener at 127.0.0.1/41627] INFO  server.Server (Server.java:doStart(359)) - jetty-9.4.26.v20200117; built: 2020-01-17T12:35:33.676Z; git: 7b38981d25d14afb4a12ff1f2596756144edf695; jvm 1.8.0_232-b09
2020-06-05 16:07:34,524 [Listener at 127.0.0.1/41627] INFO  server.session (DefaultSessionIdManager.java:doStart(333)) - DefaultSessionIdManager workerName=node0
2020-06-05 16:07:34,524 [Listener at 127.0.0.1/41627] INFO  server.session (DefaultSessionIdManager.java:doStart(338)) - No SessionScavenger set, using defaults
2020-06-05 16:07:34,524 [Listener at 127.0.0.1/41627] INFO  server.session (HouseKeeper.java:startScavenging(140)) - node0 Scavenging every 660000ms
2020-06-05 16:07:34,528 [Listener at 127.0.0.1/41627] INFO  server.AuthenticationFilter (AuthenticationFilter.java:constructSecretProvider(240)) - Unable to initialize FileSignerSecretProvider, falling back to use random secrets.
2020-06-05 16:07:34,529 [Listener at 127.0.0.1/41627] INFO  handler.ContextHandler (ContextHandler.java:doStart(825)) - Started o.e.j.s.ServletContextHandler@74214ac3{logs,/logs,file:///github/workspace/mnt/ozone/hadoop-ozone/integration-test/target/log,AVAILABLE}
2020-06-05 16:07:34,529 [Listener at 127.0.0.1/41627] INFO  handler.ContextHandler (ContextHandler.java:doStart(825)) - Started o.e.j.s.ServletContextHandler@b2db8bc{static,/static,jar:file:/home/user/.m2/repository/org/apache/hadoop/hadoop-hdds-container-service/0.6.0-SNAPSHOT/hadoop-hdds-container-service-0.6.0-SNAPSHOT.jar!/webapps/static,AVAILABLE}
2020-06-05 16:07:34,551 [Listener at 127.0.0.1/41627] INFO  handler.ContextHandler (ContextHandler.java:doStart(825)) - Started o.e.j.w.WebAppContext@5e9a9683{hddsDatanode,/,file:///tmp/jetty-0_0_0_0-33495-hadoop-hdds-container-service-0_6_0-SNAPSHOT_jar-_-any-956893166068129655.dir/webapp/,AVAILABLE}{jar:file:/home/user/.m2/repository/org/apache/hadoop/hadoop-hdds-container-service/0.6.0-SNAPSHOT/hadoop-hdds-container-service-0.6.0-SNAPSHOT.jar!/webapps/hddsDatanode}
2020-06-05 16:07:34,554 [Listener at 127.0.0.1/41627] INFO  server.AbstractConnector (AbstractConnector.java:doStart(330)) - Started ServerConnector@3b45a3e6{HTTP/1.1,[http/1.1]}{0.0.0.0:33495}
2020-06-05 16:07:34,554 [Listener at 127.0.0.1/41627] INFO  server.Server (Server.java:doStart(399)) - Started @5468ms
2020-06-05 16:07:34,555 [Listener at 127.0.0.1/41627] WARN  impl.MetricsSystemImpl (MetricsSystemImpl.java:register(276)) - Sink prometheus already exists!
2020-06-05 16:07:34,560 [Listener at 127.0.0.1/41627] INFO  http.BaseHttpServer (BaseHttpServer.java:updateConnectorAddress(325)) - HTTP server of hddsDatanode listening at http://0.0.0.0:33495
2020-06-05 16:07:34,560 [Listener at 127.0.0.1/41627] INFO  impl.MetricsSystemImpl (MetricsSystemImpl.java:init(158)) - HddsDatanode metrics system started (again)
2020-06-05 16:07:34,562 [Listener at 127.0.0.1/41627] INFO  ozone.HddsDatanodeService (HddsDatanodeService.java:start(205)) - HddsDatanodeService host:7ac93f77682e ip:172.17.0.2
2020-06-05 16:07:34,565 [Listener at 127.0.0.1/41627] INFO  volume.HddsVolume (HddsVolume.java:<init>(176)) - Creating Volume: /github/workspace/mnt/ozone/hadoop-ozone/integration-test/target/test-dir/MiniOzoneClusterImpl-6eb41c3d-d065-4553-9f67-aae7eb4bf1fa/datanode-3/data-0/containers/hdds of storage type : DISK and capacity : 9223372036854775807
2020-06-05 16:07:34,565 [Listener at 127.0.0.1/41627] INFO  volume.MutableVolumeSet (MutableVolumeSet.java:initializeVolumeSet(181)) - Added Volume : /github/workspace/mnt/ozone/hadoop-ozone/integration-test/target/test-dir/MiniOzoneClusterImpl-6eb41c3d-d065-4553-9f67-aae7eb4bf1fa/datanode-3/data-0/containers/hdds to VolumeSet
2020-06-05 16:07:34,565 [Listener at 127.0.0.1/41627] INFO  volume.ThrottledAsyncChecker (ThrottledAsyncChecker.java:schedule(141)) - Scheduling a check for /github/workspace/mnt/ozone/hadoop-ozone/integration-test/target/test-dir/MiniOzoneClusterImpl-6eb41c3d-d065-4553-9f67-aae7eb4bf1fa/datanode-3/data-0/containers/hdds
2020-06-05 16:07:34,567 [Listener at 127.0.0.1/41627] INFO  volume.HddsVolumeChecker (HddsVolumeChecker.java:checkAllVolumes(200)) - Scheduled health check for volume /github/workspace/mnt/ozone/hadoop-ozone/integration-test/target/test-dir/MiniOzoneClusterImpl-6eb41c3d-d065-4553-9f67-aae7eb4bf1fa/datanode-3/data-0/containers/hdds
2020-06-05 16:07:34,600 [org.apache.hadoop.util.JvmPauseMonitor$Monitor@126518c3] INFO  util.JvmPauseMonitor (JvmPauseMonitor.java:run(188)) - Starting JVM pause monitor
2020-06-05 16:07:34,604 [Datanode State Machine Thread - 0] INFO  datanode.InitDatanodeState (InitDatanodeState.java:persistContainerDatanodeDetails(145)) - DatanodeDetails is persisted to /github/workspace/mnt/ozone/hadoop-ozone/integration-test/target/test-dir/MiniOzoneClusterImpl-6eb41c3d-d065-4553-9f67-aae7eb4bf1fa/datanode-2/meta/datanode.id
2020-06-05 16:07:34,610 [Listener at 127.0.0.1/41627] INFO  impl.RaftServerProxy (ConfUtils.java:logGet(44)) - raft.rpc.type = GRPC (default)
2020-06-05 16:07:34,610 [Listener at 127.0.0.1/41627] INFO  grpc.GrpcFactory (GrpcFactory.java:checkPooledByteBufAllocatorUseCacheForAllThreads(45)) - PERFORMANCE WARNING: useCacheForAllThreads is true that may cause Netty to create a lot garbage objects and, as a result, trigger GC.
	It is recommended to disable useCacheForAllThreads by setting -Dorg.apache.ratis.thirdparty.io.netty.allocator.useCacheForAllThreads=false in command line.
2020-06-05 16:07:34,610 [Listener at 127.0.0.1/41627] INFO  grpc.GrpcConfigKeys (ConfUtils.java:logGet(44)) - raft.grpc.server.port = 0 (default)
2020-06-05 16:07:34,611 [Listener at 127.0.0.1/41627] INFO  server.GrpcService (ConfUtils.java:logGet(44)) - raft.grpc.message.size.max = 32MB (=33554432) (custom)
2020-06-05 16:07:34,611 [Listener at 127.0.0.1/41627] INFO  server.RaftServerConfigKeys (ConfUtils.java:logGet(44)) - raft.server.log.appender.buffer.byte-limit = 33554432 (custom)
2020-06-05 16:07:34,611 [Listener at 127.0.0.1/41627] INFO  server.GrpcService (ConfUtils.java:logGet(44)) - raft.grpc.flow.control.window = 5MB (=5242880) (custom)
2020-06-05 16:07:34,611 [Listener at 127.0.0.1/41627] INFO  server.RaftServerConfigKeys (ConfUtils.java:logGet(44)) - raft.server.rpc.request.timeout = 3s (default)
2020-06-05 16:07:34,612 [Listener at 127.0.0.1/41627] INFO  server.RaftServerConfigKeys (ConfUtils.java:logGet(44)) - raft.server.storage.dir = [/github/workspace/mnt/ozone/hadoop-ozone/integration-test/target/test-dir/MiniOzoneClusterImpl-6eb41c3d-d065-4553-9f67-aae7eb4bf1fa/datanode-3/data/ratis] (custom)
2020-06-05 16:07:34,618 [Listener at 127.0.0.1/41627] INFO  http.BaseHttpServer (BaseHttpServer.java:newHttpServer2BuilderForOzone(205)) - Starting Web-server for hddsDatanode at: http://0.0.0.0:0
2020-06-05 16:07:34,618 [Listener at 127.0.0.1/41627] INFO  http.BaseHttpServer (BaseHttpServer.java:<init>(106)) - Hadoop Security Enabled: false Ozone Security Enabled: false Ozone HTTP Security Enabled: false 
2020-06-05 16:07:34,620 [Listener at 127.0.0.1/41627] INFO  server.AuthenticationFilter (AuthenticationFilter.java:constructSecretProvider(240)) - Unable to initialize FileSignerSecretProvider, falling back to use random secrets.
2020-06-05 16:07:34,621 [Listener at 127.0.0.1/41627] WARN  http.HttpRequestLog (HttpRequestLog.java:getRequestLog(103)) - Jetty request log can only be enabled using Log4j
2020-06-05 16:07:34,622 [Listener at 127.0.0.1/41627] INFO  http.HttpServer2 (HttpServer2.java:addGlobalFilter(993)) - Added global filter 'safety' (class=org.apache.hadoop.hdds.server.http.HttpServer2$QuotingInputFilter)
2020-06-05 16:07:34,625 [Listener at 127.0.0.1/41627] INFO  http.HttpServer2 (HttpServer2.java:addFilter(969)) - Added filter authentication (class=org.apache.hadoop.security.authentication.server.AuthenticationFilter) to context hddsDatanode
2020-06-05 16:07:34,625 [Listener at 127.0.0.1/41627] INFO  http.HttpServer2 (HttpServer2.java:addFilter(977)) - Added filter authentication (class=org.apache.hadoop.security.authentication.server.AuthenticationFilter) to context static
2020-06-05 16:07:34,626 [Listener at 127.0.0.1/41627] INFO  http.HttpServer2 (HttpServer2.java:addFilter(977)) - Added filter authentication (class=org.apache.hadoop.security.authentication.server.AuthenticationFilter) to context logs
2020-06-05 16:07:34,626 [Listener at 127.0.0.1/41627] INFO  http.HttpServer2 (HttpServer2.java:bindListener(1211)) - Jetty bound to port 40235
2020-06-05 16:07:34,627 [Listener at 127.0.0.1/41627] INFO  server.Server (Server.java:doStart(359)) - jetty-9.4.26.v20200117; built: 2020-01-17T12:35:33.676Z; git: 7b38981d25d14afb4a12ff1f2596756144edf695; jvm 1.8.0_232-b09
2020-06-05 16:07:34,640 [Listener at 127.0.0.1/41627] INFO  server.session (DefaultSessionIdManager.java:doStart(333)) - DefaultSessionIdManager workerName=node0
2020-06-05 16:07:34,641 [Listener at 127.0.0.1/41627] INFO  server.session (DefaultSessionIdManager.java:doStart(338)) - No SessionScavenger set, using defaults
2020-06-05 16:07:34,641 [Listener at 127.0.0.1/41627] INFO  server.session (HouseKeeper.java:startScavenging(140)) - node0 Scavenging every 600000ms
2020-06-05 16:07:34,642 [Listener at 127.0.0.1/41627] INFO  server.AuthenticationFilter (AuthenticationFilter.java:constructSecretProvider(240)) - Unable to initialize FileSignerSecretProvider, falling back to use random secrets.
2020-06-05 16:07:34,643 [Listener at 127.0.0.1/41627] INFO  handler.ContextHandler (ContextHandler.java:doStart(825)) - Started o.e.j.s.ServletContextHandler@12f32f99{logs,/logs,file:///github/workspace/mnt/ozone/hadoop-ozone/integration-test/target/log,AVAILABLE}
2020-06-05 16:07:34,643 [Listener at 127.0.0.1/41627] INFO  handler.ContextHandler (ContextHandler.java:doStart(825)) - Started o.e.j.s.ServletContextHandler@234dfc8e{static,/static,jar:file:/home/user/.m2/repository/org/apache/hadoop/hadoop-hdds-container-service/0.6.0-SNAPSHOT/hadoop-hdds-container-service-0.6.0-SNAPSHOT.jar!/webapps/static,AVAILABLE}
2020-06-05 16:07:34,665 [Listener at 127.0.0.1/41627] INFO  handler.ContextHandler (ContextHandler.java:doStart(825)) - Started o.e.j.w.WebAppContext@684a34f4{hddsDatanode,/,file:///tmp/jetty-0_0_0_0-40235-hadoop-hdds-container-service-0_6_0-SNAPSHOT_jar-_-any-5757586938216515935.dir/webapp/,AVAILABLE}{jar:file:/home/user/.m2/repository/org/apache/hadoop/hadoop-hdds-container-service/0.6.0-SNAPSHOT/hadoop-hdds-container-service-0.6.0-SNAPSHOT.jar!/webapps/hddsDatanode}
2020-06-05 16:07:34,668 [Listener at 127.0.0.1/41627] INFO  server.AbstractConnector (AbstractConnector.java:doStart(330)) - Started ServerConnector@5fa0943d{HTTP/1.1,[http/1.1]}{0.0.0.0:40235}
2020-06-05 16:07:34,669 [Listener at 127.0.0.1/41627] INFO  server.Server (Server.java:doStart(399)) - Started @5582ms
2020-06-05 16:07:34,669 [Listener at 127.0.0.1/41627] WARN  impl.MetricsSystemImpl (MetricsSystemImpl.java:register(276)) - Sink prometheus already exists!
2020-06-05 16:07:34,673 [Listener at 127.0.0.1/41627] INFO  http.BaseHttpServer (BaseHttpServer.java:updateConnectorAddress(325)) - HTTP server of hddsDatanode listening at http://0.0.0.0:40235
2020-06-05 16:07:34,674 [Listener at 127.0.0.1/41627] INFO  impl.MetricsSystemImpl (MetricsSystemImpl.java:init(158)) - HddsDatanode metrics system started (again)
2020-06-05 16:07:34,676 [Listener at 127.0.0.1/41627] INFO  ozone.HddsDatanodeService (HddsDatanodeService.java:start(205)) - HddsDatanodeService host:7ac93f77682e ip:172.17.0.2
2020-06-05 16:07:34,677 [Listener at 127.0.0.1/41627] INFO  volume.HddsVolume (HddsVolume.java:<init>(176)) - Creating Volume: /github/workspace/mnt/ozone/hadoop-ozone/integration-test/target/test-dir/MiniOzoneClusterImpl-6eb41c3d-d065-4553-9f67-aae7eb4bf1fa/datanode-4/data-0/containers/hdds of storage type : DISK and capacity : 9223372036854775807
2020-06-05 16:07:34,678 [Listener at 127.0.0.1/41627] INFO  volume.MutableVolumeSet (MutableVolumeSet.java:initializeVolumeSet(181)) - Added Volume : /github/workspace/mnt/ozone/hadoop-ozone/integration-test/target/test-dir/MiniOzoneClusterImpl-6eb41c3d-d065-4553-9f67-aae7eb4bf1fa/datanode-4/data-0/containers/hdds to VolumeSet
2020-06-05 16:07:34,678 [Listener at 127.0.0.1/41627] INFO  volume.ThrottledAsyncChecker (ThrottledAsyncChecker.java:schedule(141)) - Scheduling a check for /github/workspace/mnt/ozone/hadoop-ozone/integration-test/target/test-dir/MiniOzoneClusterImpl-6eb41c3d-d065-4553-9f67-aae7eb4bf1fa/datanode-4/data-0/containers/hdds
2020-06-05 16:07:34,679 [Listener at 127.0.0.1/41627] INFO  volume.HddsVolumeChecker (HddsVolumeChecker.java:checkAllVolumes(200)) - Scheduled health check for volume /github/workspace/mnt/ozone/hadoop-ozone/integration-test/target/test-dir/MiniOzoneClusterImpl-6eb41c3d-d065-4553-9f67-aae7eb4bf1fa/datanode-4/data-0/containers/hdds
2020-06-05 16:07:34,709 [org.apache.hadoop.util.JvmPauseMonitor$Monitor@5f4caf7a] INFO  util.JvmPauseMonitor (JvmPauseMonitor.java:run(188)) - Starting JVM pause monitor
2020-06-05 16:07:34,712 [Datanode State Machine Thread - 0] INFO  datanode.InitDatanodeState (InitDatanodeState.java:persistContainerDatanodeDetails(145)) - DatanodeDetails is persisted to /github/workspace/mnt/ozone/hadoop-ozone/integration-test/target/test-dir/MiniOzoneClusterImpl-6eb41c3d-d065-4553-9f67-aae7eb4bf1fa/datanode-3/meta/datanode.id
2020-06-05 16:07:34,718 [Listener at 127.0.0.1/41627] INFO  impl.RaftServerProxy (ConfUtils.java:logGet(44)) - raft.rpc.type = GRPC (default)
2020-06-05 16:07:34,718 [Listener at 127.0.0.1/41627] INFO  grpc.GrpcFactory (GrpcFactory.java:checkPooledByteBufAllocatorUseCacheForAllThreads(45)) - PERFORMANCE WARNING: useCacheForAllThreads is true that may cause Netty to create a lot garbage objects and, as a result, trigger GC.
	It is recommended to disable useCacheForAllThreads by setting -Dorg.apache.ratis.thirdparty.io.netty.allocator.useCacheForAllThreads=false in command line.
2020-06-05 16:07:34,719 [Listener at 127.0.0.1/41627] INFO  grpc.GrpcConfigKeys (ConfUtils.java:logGet(44)) - raft.grpc.server.port = 0 (default)
2020-06-05 16:07:34,719 [Listener at 127.0.0.1/41627] INFO  server.GrpcService (ConfUtils.java:logGet(44)) - raft.grpc.message.size.max = 32MB (=33554432) (custom)
2020-06-05 16:07:34,719 [Listener at 127.0.0.1/41627] INFO  server.RaftServerConfigKeys (ConfUtils.java:logGet(44)) - raft.server.log.appender.buffer.byte-limit = 33554432 (custom)
2020-06-05 16:07:34,719 [Listener at 127.0.0.1/41627] INFO  server.GrpcService (ConfUtils.java:logGet(44)) - raft.grpc.flow.control.window = 5MB (=5242880) (custom)
2020-06-05 16:07:34,720 [Listener at 127.0.0.1/41627] INFO  server.RaftServerConfigKeys (ConfUtils.java:logGet(44)) - raft.server.rpc.request.timeout = 3s (default)
2020-06-05 16:07:34,721 [Listener at 127.0.0.1/41627] INFO  server.RaftServerConfigKeys (ConfUtils.java:logGet(44)) - raft.server.storage.dir = [/github/workspace/mnt/ozone/hadoop-ozone/integration-test/target/test-dir/MiniOzoneClusterImpl-6eb41c3d-d065-4553-9f67-aae7eb4bf1fa/datanode-4/data/ratis] (custom)
2020-06-05 16:07:34,726 [Listener at 127.0.0.1/41627] INFO  http.BaseHttpServer (BaseHttpServer.java:newHttpServer2BuilderForOzone(205)) - Starting Web-server for hddsDatanode at: http://0.0.0.0:0
2020-06-05 16:07:34,727 [Listener at 127.0.0.1/41627] INFO  http.BaseHttpServer (BaseHttpServer.java:<init>(106)) - Hadoop Security Enabled: false Ozone Security Enabled: false Ozone HTTP Security Enabled: false 
2020-06-05 16:07:34,728 [Listener at 127.0.0.1/41627] INFO  server.AuthenticationFilter (AuthenticationFilter.java:constructSecretProvider(240)) - Unable to initialize FileSignerSecretProvider, falling back to use random secrets.
2020-06-05 16:07:34,729 [Listener at 127.0.0.1/41627] WARN  http.HttpRequestLog (HttpRequestLog.java:getRequestLog(103)) - Jetty request log can only be enabled using Log4j
2020-06-05 16:07:34,730 [Listener at 127.0.0.1/41627] INFO  http.HttpServer2 (HttpServer2.java:addGlobalFilter(993)) - Added global filter 'safety' (class=org.apache.hadoop.hdds.server.http.HttpServer2$QuotingInputFilter)
2020-06-05 16:07:34,731 [Listener at 127.0.0.1/41627] INFO  http.HttpServer2 (HttpServer2.java:addFilter(969)) - Added filter authentication (class=org.apache.hadoop.security.authentication.server.AuthenticationFilter) to context hddsDatanode
2020-06-05 16:07:34,731 [Listener at 127.0.0.1/41627] INFO  http.HttpServer2 (HttpServer2.java:addFilter(977)) - Added filter authentication (class=org.apache.hadoop.security.authentication.server.AuthenticationFilter) to context logs
2020-06-05 16:07:34,731 [Listener at 127.0.0.1/41627] INFO  http.HttpServer2 (HttpServer2.java:addFilter(977)) - Added filter authentication (class=org.apache.hadoop.security.authentication.server.AuthenticationFilter) to context static
2020-06-05 16:07:34,732 [Listener at 127.0.0.1/41627] INFO  http.HttpServer2 (HttpServer2.java:bindListener(1211)) - Jetty bound to port 43619
2020-06-05 16:07:34,733 [Listener at 127.0.0.1/41627] INFO  server.Server (Server.java:doStart(359)) - jetty-9.4.26.v20200117; built: 2020-01-17T12:35:33.676Z; git: 7b38981d25d14afb4a12ff1f2596756144edf695; jvm 1.8.0_232-b09
2020-06-05 16:07:34,737 [Listener at 127.0.0.1/41627] INFO  server.session (DefaultSessionIdManager.java:doStart(333)) - DefaultSessionIdManager workerName=node0
2020-06-05 16:07:34,737 [Listener at 127.0.0.1/41627] INFO  server.session (DefaultSessionIdManager.java:doStart(338)) - No SessionScavenger set, using defaults
2020-06-05 16:07:34,737 [Listener at 127.0.0.1/41627] INFO  server.session (HouseKeeper.java:startScavenging(140)) - node0 Scavenging every 600000ms
2020-06-05 16:07:34,738 [Listener at 127.0.0.1/41627] INFO  server.AuthenticationFilter (AuthenticationFilter.java:constructSecretProvider(240)) - Unable to initialize FileSignerSecretProvider, falling back to use random secrets.
2020-06-05 16:07:34,739 [Listener at 127.0.0.1/41627] INFO  handler.ContextHandler (ContextHandler.java:doStart(825)) - Started o.e.j.s.ServletContextHandler@71c2cb26{logs,/logs,file:///github/workspace/mnt/ozone/hadoop-ozone/integration-test/target/log,AVAILABLE}
2020-06-05 16:07:34,740 [Listener at 127.0.0.1/41627] INFO  handler.ContextHandler (ContextHandler.java:doStart(825)) - Started o.e.j.s.ServletContextHandler@5220e6ff{static,/static,jar:file:/home/user/.m2/repository/org/apache/hadoop/hadoop-hdds-container-service/0.6.0-SNAPSHOT/hadoop-hdds-container-service-0.6.0-SNAPSHOT.jar!/webapps/static,AVAILABLE}
2020-06-05 16:07:34,760 [Listener at 127.0.0.1/41627] INFO  handler.ContextHandler (ContextHandler.java:doStart(825)) - Started o.e.j.w.WebAppContext@7976d382{hddsDatanode,/,file:///tmp/jetty-0_0_0_0-43619-hadoop-hdds-container-service-0_6_0-SNAPSHOT_jar-_-any-2049928856594574368.dir/webapp/,AVAILABLE}{jar:file:/home/user/.m2/repository/org/apache/hadoop/hadoop-hdds-container-service/0.6.0-SNAPSHOT/hadoop-hdds-container-service-0.6.0-SNAPSHOT.jar!/webapps/hddsDatanode}
2020-06-05 16:07:34,762 [Listener at 127.0.0.1/41627] INFO  server.AbstractConnector (AbstractConnector.java:doStart(330)) - Started ServerConnector@62109320{HTTP/1.1,[http/1.1]}{0.0.0.0:43619}
2020-06-05 16:07:34,762 [Listener at 127.0.0.1/41627] INFO  server.Server (Server.java:doStart(399)) - Started @5676ms
2020-06-05 16:07:34,762 [Listener at 127.0.0.1/41627] WARN  impl.MetricsSystemImpl (MetricsSystemImpl.java:register(276)) - Sink prometheus already exists!
2020-06-05 16:07:34,771 [Listener at 127.0.0.1/41627] INFO  http.BaseHttpServer (BaseHttpServer.java:updateConnectorAddress(325)) - HTTP server of hddsDatanode listening at http://0.0.0.0:43619
2020-06-05 16:07:34,774 [Listener at 127.0.0.1/41627] INFO  ozone.MiniOzoneClusterImpl (MiniOzoneClusterImpl.java:lambda$waitForClusterToBeReady$0(177)) - Waiting for nodes to be ready. Got 0 of 5 DN Heartbeats.
2020-06-05 16:07:34,774 [Listener at 127.0.0.1/41627] INFO  ozone.MiniOzoneClusterImpl (MiniOzoneClusterImpl.java:lambda$waitForClusterToBeReady$0(180)) - Waiting for cluster to exit safe mode
2020-06-05 16:07:34,783 [org.apache.hadoop.util.JvmPauseMonitor$Monitor@4228f958] INFO  util.JvmPauseMonitor (JvmPauseMonitor.java:run(188)) - Starting JVM pause monitor
2020-06-05 16:07:34,787 [Datanode State Machine Thread - 0] INFO  datanode.InitDatanodeState (InitDatanodeState.java:persistContainerDatanodeDetails(145)) - DatanodeDetails is persisted to /github/workspace/mnt/ozone/hadoop-ozone/integration-test/target/test-dir/MiniOzoneClusterImpl-6eb41c3d-d065-4553-9f67-aae7eb4bf1fa/datanode-4/meta/datanode.id
2020-06-05 16:07:35,774 [Listener at 127.0.0.1/41627] INFO  ozone.MiniOzoneClusterImpl (MiniOzoneClusterImpl.java:lambda$waitForClusterToBeReady$0(177)) - Waiting for nodes to be ready. Got 0 of 5 DN Heartbeats.
2020-06-05 16:07:35,774 [Listener at 127.0.0.1/41627] INFO  ozone.MiniOzoneClusterImpl (MiniOzoneClusterImpl.java:lambda$waitForClusterToBeReady$0(180)) - Waiting for cluster to exit safe mode
2020-06-05 16:07:36,415 [Datanode State Machine Thread - 0] INFO  ozoneimpl.OzoneContainer (OzoneContainer.java:start(232)) - Attempting to start container services.
2020-06-05 16:07:36,416 [Datanode State Machine Thread - 0] INFO  ozoneimpl.OzoneContainer (OzoneContainer.java:startContainerScrub(196)) - Background container scanner has been disabled.
2020-06-05 16:07:36,416 [Datanode State Machine Thread - 0] INFO  ratis.XceiverServerRatis (XceiverServerRatis.java:start(425)) - Starting XceiverServerRatis 902fabd4-5f55-4bcb-bd45-7818ae89d354 at port 0
2020-06-05 16:07:36,426 [Datanode State Machine Thread - 0] INFO  impl.RaftServerProxy (RaftServerProxy.java:lambda$start$3(299)) - 902fabd4-5f55-4bcb-bd45-7818ae89d354: start RPC server
2020-06-05 16:07:36,451 [Datanode State Machine Thread - 0] INFO  ozoneimpl.OzoneContainer (OzoneContainer.java:start(232)) - Attempting to start container services.
2020-06-05 16:07:36,462 [Datanode State Machine Thread - 0] INFO  ozoneimpl.OzoneContainer (OzoneContainer.java:startContainerScrub(196)) - Background container scanner has been disabled.
2020-06-05 16:07:36,462 [Datanode State Machine Thread - 0] INFO  ratis.XceiverServerRatis (XceiverServerRatis.java:start(425)) - Starting XceiverServerRatis a0aacd28-4468-409f-aa57-a8c1d52d114c at port 0
2020-06-05 16:07:36,463 [Datanode State Machine Thread - 0] INFO  impl.RaftServerProxy (RaftServerProxy.java:lambda$start$3(299)) - a0aacd28-4468-409f-aa57-a8c1d52d114c: start RPC server
2020-06-05 16:07:36,510 [Datanode State Machine Thread - 0] INFO  server.GrpcService (GrpcService.java:startImpl(159)) - a0aacd28-4468-409f-aa57-a8c1d52d114c: GrpcService started, listening on 0.0.0.0/0.0.0.0:32975
2020-06-05 16:07:36,510 [Datanode State Machine Thread - 0] INFO  ratis.XceiverServerRatis (XceiverServerRatis.java:start(437)) - XceiverServerRatis a0aacd28-4468-409f-aa57-a8c1d52d114c is started using port 32975
2020-06-05 16:07:36,513 [Datanode State Machine Thread - 0] INFO  server.GrpcService (GrpcService.java:startImpl(159)) - 902fabd4-5f55-4bcb-bd45-7818ae89d354: GrpcService started, listening on 0.0.0.0/0.0.0.0:36677
2020-06-05 16:07:36,513 [Datanode State Machine Thread - 0] INFO  ratis.XceiverServerRatis (XceiverServerRatis.java:start(437)) - XceiverServerRatis 902fabd4-5f55-4bcb-bd45-7818ae89d354 is started using port 36677
2020-06-05 16:07:36,515 [Datanode State Machine Thread - 0] INFO  server.XceiverServerGrpc (XceiverServerGrpc.java:start(145)) - XceiverServerGrpc a0aacd28-4468-409f-aa57-a8c1d52d114c is started using port 39515
2020-06-05 16:07:36,516 [Datanode State Machine Thread - 0] INFO  server.XceiverServerGrpc (XceiverServerGrpc.java:start(145)) - XceiverServerGrpc 902fabd4-5f55-4bcb-bd45-7818ae89d354 is started using port 43125
2020-06-05 16:07:36,595 [Datanode State Machine Thread - 0] INFO  ozoneimpl.OzoneContainer (OzoneContainer.java:start(232)) - Attempting to start container services.
2020-06-05 16:07:36,596 [Datanode State Machine Thread - 0] INFO  ozoneimpl.OzoneContainer (OzoneContainer.java:startContainerScrub(196)) - Background container scanner has been disabled.
2020-06-05 16:07:36,596 [Datanode State Machine Thread - 0] INFO  ratis.XceiverServerRatis (XceiverServerRatis.java:start(425)) - Starting XceiverServerRatis 46a0c3d8-0862-44f9-974b-4404c1ab61a7 at port 0
2020-06-05 16:07:36,597 [Datanode State Machine Thread - 0] INFO  impl.RaftServerProxy (RaftServerProxy.java:lambda$start$3(299)) - 46a0c3d8-0862-44f9-974b-4404c1ab61a7: start RPC server
2020-06-05 16:07:36,611 [Datanode State Machine Thread - 0] INFO  server.GrpcService (GrpcService.java:startImpl(159)) - 46a0c3d8-0862-44f9-974b-4404c1ab61a7: GrpcService started, listening on 0.0.0.0/0.0.0.0:45511
2020-06-05 16:07:36,611 [Datanode State Machine Thread - 0] INFO  ratis.XceiverServerRatis (XceiverServerRatis.java:start(437)) - XceiverServerRatis 46a0c3d8-0862-44f9-974b-4404c1ab61a7 is started using port 45511
2020-06-05 16:07:36,612 [Datanode State Machine Thread - 0] INFO  server.XceiverServerGrpc (XceiverServerGrpc.java:start(145)) - XceiverServerGrpc 46a0c3d8-0862-44f9-974b-4404c1ab61a7 is started using port 41941
2020-06-05 16:07:36,711 [Datanode State Machine Thread - 0] INFO  ozoneimpl.OzoneContainer (OzoneContainer.java:start(232)) - Attempting to start container services.
2020-06-05 16:07:36,711 [Datanode State Machine Thread - 0] INFO  ozoneimpl.OzoneContainer (OzoneContainer.java:startContainerScrub(196)) - Background container scanner has been disabled.
2020-06-05 16:07:36,711 [Datanode State Machine Thread - 0] INFO  ratis.XceiverServerRatis (XceiverServerRatis.java:start(425)) - Starting XceiverServerRatis 2e460caa-4a9b-49fd-a238-aca4d6f6d8f6 at port 0
2020-06-05 16:07:36,712 [Datanode State Machine Thread - 0] INFO  impl.RaftServerProxy (RaftServerProxy.java:lambda$start$3(299)) - 2e460caa-4a9b-49fd-a238-aca4d6f6d8f6: start RPC server
2020-06-05 16:07:36,725 [Datanode State Machine Thread - 0] INFO  server.GrpcService (GrpcService.java:startImpl(159)) - 2e460caa-4a9b-49fd-a238-aca4d6f6d8f6: GrpcService started, listening on 0.0.0.0/0.0.0.0:40821
2020-06-05 16:07:36,725 [Datanode State Machine Thread - 0] INFO  ratis.XceiverServerRatis (XceiverServerRatis.java:start(437)) - XceiverServerRatis 2e460caa-4a9b-49fd-a238-aca4d6f6d8f6 is started using port 40821
2020-06-05 16:07:36,726 [Datanode State Machine Thread - 0] INFO  server.XceiverServerGrpc (XceiverServerGrpc.java:start(145)) - XceiverServerGrpc 2e460caa-4a9b-49fd-a238-aca4d6f6d8f6 is started using port 41637
2020-06-05 16:07:36,775 [Listener at 127.0.0.1/41627] INFO  ozone.MiniOzoneClusterImpl (MiniOzoneClusterImpl.java:lambda$waitForClusterToBeReady$0(177)) - Waiting for nodes to be ready. Got 0 of 5 DN Heartbeats.
2020-06-05 16:07:36,775 [Listener at 127.0.0.1/41627] INFO  ozone.MiniOzoneClusterImpl (MiniOzoneClusterImpl.java:lambda$waitForClusterToBeReady$0(180)) - Waiting for cluster to exit safe mode
2020-06-05 16:07:36,786 [Datanode State Machine Thread - 0] INFO  ozoneimpl.OzoneContainer (OzoneContainer.java:start(232)) - Attempting to start container services.
2020-06-05 16:07:36,786 [Datanode State Machine Thread - 0] INFO  ozoneimpl.OzoneContainer (OzoneContainer.java:startContainerScrub(196)) - Background container scanner has been disabled.
2020-06-05 16:07:36,786 [Datanode State Machine Thread - 0] INFO  ratis.XceiverServerRatis (XceiverServerRatis.java:start(425)) - Starting XceiverServerRatis f3af17fa-cec2-46bb-a406-aecb763dcc03 at port 0
2020-06-05 16:07:36,788 [Datanode State Machine Thread - 0] INFO  impl.RaftServerProxy (RaftServerProxy.java:lambda$start$3(299)) - f3af17fa-cec2-46bb-a406-aecb763dcc03: start RPC server
2020-06-05 16:07:36,804 [Datanode State Machine Thread - 0] INFO  server.GrpcService (GrpcService.java:startImpl(159)) - f3af17fa-cec2-46bb-a406-aecb763dcc03: GrpcService started, listening on 0.0.0.0/0.0.0.0:41913
2020-06-05 16:07:36,804 [Datanode State Machine Thread - 0] INFO  ratis.XceiverServerRatis (XceiverServerRatis.java:start(437)) - XceiverServerRatis f3af17fa-cec2-46bb-a406-aecb763dcc03 is started using port 41913
2020-06-05 16:07:36,806 [Datanode State Machine Thread - 0] INFO  server.XceiverServerGrpc (XceiverServerGrpc.java:start(145)) - XceiverServerGrpc f3af17fa-cec2-46bb-a406-aecb763dcc03 is started using port 34255
2020-06-05 16:07:37,775 [Listener at 127.0.0.1/41627] INFO  ozone.MiniOzoneClusterImpl (MiniOzoneClusterImpl.java:lambda$waitForClusterToBeReady$0(177)) - Waiting for nodes to be ready. Got 0 of 5 DN Heartbeats.
2020-06-05 16:07:37,776 [Listener at 127.0.0.1/41627] INFO  ozone.MiniOzoneClusterImpl (MiniOzoneClusterImpl.java:lambda$waitForClusterToBeReady$0(180)) - Waiting for cluster to exit safe mode
2020-06-05 16:07:38,362 [IPC Server handler 2 on default port 41279] INFO  net.NetworkTopology (NetworkTopologyImpl.java:add(111)) - Added a new node: /default-rack/902fabd4-5f55-4bcb-bd45-7818ae89d354
2020-06-05 16:07:38,363 [IPC Server handler 2 on default port 41279] INFO  node.SCMNodeManager (SCMNodeManager.java:register(268)) - Registered Data node : 902fabd4-5f55-4bcb-bd45-7818ae89d354{ip: 172.17.0.2, host: 7ac93f77682e, networkLocation: /default-rack, certSerialId: null}
2020-06-05 16:07:38,369 [EventQueue-NodeRegistrationContainerReportForContainerSafeModeRule] INFO  safemode.SCMSafeModeManager (SCMSafeModeManager.java:validateSafeModeExitRules(213)) - ContainerSafeModeRule rule is successfully validated
2020-06-05 16:07:38,370 [EventQueue-NodeRegistrationContainerReportForDataNodeSafeModeRule] INFO  safemode.SCMSafeModeManager (DataNodeSafeModeRule.java:process(71)) - SCM in safe mode. 1 DataNodes registered, 1 required.
2020-06-05 16:07:38,370 [EventQueue-NodeRegistrationContainerReportForDataNodeSafeModeRule] INFO  safemode.SCMSafeModeManager (SCMSafeModeManager.java:validateSafeModeExitRules(213)) - DataNodeSafeModeRule rule is successfully validated
2020-06-05 16:07:38,370 [EventQueue-NodeRegistrationContainerReportForDataNodeSafeModeRule] INFO  safemode.SCMSafeModeManager (SCMSafeModeManager.java:completePreCheck(241)) - All SCM safe mode pre check rules have passed
2020-06-05 16:07:38,384 [RatisPipelineUtilsThread] INFO  pipeline.RatisPipelineProvider (RatisPipelineProvider.java:lambda$create$0(138)) - Sending CreatePipelineCommand for pipeline:PipelineID=7b8ddc99-f961-4689-9225-de6d8316cf0f to datanode:902fabd4-5f55-4bcb-bd45-7818ae89d354
2020-06-05 16:07:38,397 [RatisPipelineUtilsThread] INFO  pipeline.PipelineStateManager (PipelineStateManager.java:addPipeline(54)) - Created pipeline Pipeline[ Id: 7b8ddc99-f961-4689-9225-de6d8316cf0f, Nodes: 902fabd4-5f55-4bcb-bd45-7818ae89d354{ip: 172.17.0.2, host: 7ac93f77682e, networkLocation: /default-rack, certSerialId: null}, Type:RATIS, Factor:ONE, State:ALLOCATED, leaderId:null, CreationTimestamp2020-06-05T16:07:38.378Z]
2020-06-05 16:07:38,401 [RatisPipelineUtilsThread] ERROR pipeline.SCMPipelineManager (SCMPipelineManager.java:createPipeline(222)) - Failed to create pipeline of type RATIS and factor ONE. Exception: Cannot create pipeline of factor 1 using 0 nodes. Used 1 nodes. Healthy nodes 1
2020-06-05 16:07:38,401 [RatisPipelineUtilsThread] WARN  pipeline.PipelinePlacementPolicy (PipelinePlacementPolicy.java:filterViableNodes(133)) - Pipeline creation failed due to no sufficient healthy datanodes. Required 3. Found 1.
2020-06-05 16:07:38,401 [RatisPipelineUtilsThread] ERROR pipeline.SCMPipelineManager (SCMPipelineManager.java:createPipeline(222)) - Failed to create pipeline of type RATIS and factor THREE. Exception: Pipeline creation failed due to no sufficient healthy datanodes. Required 3. Found 1.
2020-06-05 16:07:38,450 [IPC Server handler 1 on default port 41279] INFO  net.NetworkTopology (NetworkTopologyImpl.java:add(111)) - Added a new node: /default-rack/a0aacd28-4468-409f-aa57-a8c1d52d114c
2020-06-05 16:07:38,450 [IPC Server handler 1 on default port 41279] INFO  node.SCMNodeManager (SCMNodeManager.java:register(268)) - Registered Data node : a0aacd28-4468-409f-aa57-a8c1d52d114c{ip: 172.17.0.2, host: 7ac93f77682e, networkLocation: /default-rack, certSerialId: null}
2020-06-05 16:07:38,450 [EventQueue-NodeRegistrationContainerReportForContainerSafeModeRule] INFO  safemode.SCMSafeModeManager (SCMSafeModeManager.java:validateSafeModeExitRules(213)) - ContainerSafeModeRule rule is successfully validated
2020-06-05 16:07:38,451 [EventQueue-NodeRegistrationContainerReportForDataNodeSafeModeRule] INFO  safemode.SCMSafeModeManager (SCMSafeModeManager.java:validateSafeModeExitRules(213)) - DataNodeSafeModeRule rule is successfully validated
2020-06-05 16:07:38,455 [RatisPipelineUtilsThread] INFO  pipeline.RatisPipelineProvider (RatisPipelineProvider.java:lambda$create$0(138)) - Sending CreatePipelineCommand for pipeline:PipelineID=59f2d8ee-f4e7-4dde-9bf6-b47274244063 to datanode:a0aacd28-4468-409f-aa57-a8c1d52d114c
2020-06-05 16:07:38,455 [RatisPipelineUtilsThread] INFO  pipeline.PipelineStateManager (PipelineStateManager.java:addPipeline(54)) - Created pipeline Pipeline[ Id: 59f2d8ee-f4e7-4dde-9bf6-b47274244063, Nodes: a0aacd28-4468-409f-aa57-a8c1d52d114c{ip: 172.17.0.2, host: 7ac93f77682e, networkLocation: /default-rack, certSerialId: null}, Type:RATIS, Factor:ONE, State:ALLOCATED, leaderId:null, CreationTimestamp2020-06-05T16:07:38.454Z]
2020-06-05 16:07:38,455 [RatisPipelineUtilsThread] ERROR pipeline.SCMPipelineManager (SCMPipelineManager.java:createPipeline(222)) - Failed to create pipeline of type RATIS and factor ONE. Exception: Cannot create pipeline of factor 1 using 0 nodes. Used 2 nodes. Healthy nodes 2
2020-06-05 16:07:38,456 [RatisPipelineUtilsThread] WARN  pipeline.PipelinePlacementPolicy (PipelinePlacementPolicy.java:filterViableNodes(133)) - Pipeline creation failed due to no sufficient healthy datanodes. Required 3. Found 2.
2020-06-05 16:07:38,456 [RatisPipelineUtilsThread] ERROR pipeline.SCMPipelineManager (SCMPipelineManager.java:createPipeline(222)) - Failed to create pipeline of type RATIS and factor THREE. Exception: Pipeline creation failed due to no sufficient healthy datanodes. Required 3. Found 2.
2020-06-05 16:07:38,593 [IPC Server handler 0 on default port 41279] INFO  net.NetworkTopology (NetworkTopologyImpl.java:add(111)) - Added a new node: /default-rack/46a0c3d8-0862-44f9-974b-4404c1ab61a7
2020-06-05 16:07:38,593 [IPC Server handler 0 on default port 41279] INFO  node.SCMNodeManager (SCMNodeManager.java:register(268)) - Registered Data node : 46a0c3d8-0862-44f9-974b-4404c1ab61a7{ip: 172.17.0.2, host: 7ac93f77682e, networkLocation: /default-rack, certSerialId: null}
2020-06-05 16:07:38,594 [EventQueue-NodeRegistrationContainerReportForContainerSafeModeRule] INFO  safemode.SCMSafeModeManager (SCMSafeModeManager.java:validateSafeModeExitRules(213)) - ContainerSafeModeRule rule is successfully validated
2020-06-05 16:07:38,594 [EventQueue-NodeRegistrationContainerReportForDataNodeSafeModeRule] INFO  safemode.SCMSafeModeManager (SCMSafeModeManager.java:validateSafeModeExitRules(213)) - DataNodeSafeModeRule rule is successfully validated
2020-06-05 16:07:38,595 [RatisPipelineUtilsThread] INFO  pipeline.RatisPipelineProvider (RatisPipelineProvider.java:lambda$create$0(138)) - Sending CreatePipelineCommand for pipeline:PipelineID=30b2387c-d9dc-4941-ba1f-44fd5f73072c to datanode:46a0c3d8-0862-44f9-974b-4404c1ab61a7
2020-06-05 16:07:38,595 [RatisPipelineUtilsThread] INFO  pipeline.PipelineStateManager (PipelineStateManager.java:addPipeline(54)) - Created pipeline Pipeline[ Id: 30b2387c-d9dc-4941-ba1f-44fd5f73072c, Nodes: 46a0c3d8-0862-44f9-974b-4404c1ab61a7{ip: 172.17.0.2, host: 7ac93f77682e, networkLocation: /default-rack, certSerialId: null}, Type:RATIS, Factor:ONE, State:ALLOCATED, leaderId:null, CreationTimestamp2020-06-05T16:07:38.595Z]
2020-06-05 16:07:38,596 [RatisPipelineUtilsThread] ERROR pipeline.SCMPipelineManager (SCMPipelineManager.java:createPipeline(222)) - Failed to create pipeline of type RATIS and factor ONE. Exception: Cannot create pipeline of factor 1 using 0 nodes. Used 3 nodes. Healthy nodes 3
2020-06-05 16:07:38,600 [RatisPipelineUtilsThread] INFO  pipeline.RatisPipelineProvider (RatisPipelineProvider.java:lambda$create$0(138)) - Sending CreatePipelineCommand for pipeline:PipelineID=33b5c055-b114-48f3-abeb-097dd4a676aa to datanode:46a0c3d8-0862-44f9-974b-4404c1ab61a7
2020-06-05 16:07:38,600 [RatisPipelineUtilsThread] INFO  pipeline.RatisPipelineProvider (RatisPipelineProvider.java:lambda$create$0(138)) - Sending CreatePipelineCommand for pipeline:PipelineID=33b5c055-b114-48f3-abeb-097dd4a676aa to datanode:a0aacd28-4468-409f-aa57-a8c1d52d114c
2020-06-05 16:07:38,600 [RatisPipelineUtilsThread] INFO  pipeline.RatisPipelineProvider (RatisPipelineProvider.java:lambda$create$0(138)) - Sending CreatePipelineCommand for pipeline:PipelineID=33b5c055-b114-48f3-abeb-097dd4a676aa to datanode:902fabd4-5f55-4bcb-bd45-7818ae89d354
2020-06-05 16:07:38,601 [RatisPipelineUtilsThread] INFO  pipeline.PipelineStateManager (PipelineStateManager.java:addPipeline(54)) - Created pipeline Pipeline[ Id: 33b5c055-b114-48f3-abeb-097dd4a676aa, Nodes: 46a0c3d8-0862-44f9-974b-4404c1ab61a7{ip: 172.17.0.2, host: 7ac93f77682e, networkLocation: /default-rack, certSerialId: null}a0aacd28-4468-409f-aa57-a8c1d52d114c{ip: 172.17.0.2, host: 7ac93f77682e, networkLocation: /default-rack, certSerialId: null}902fabd4-5f55-4bcb-bd45-7818ae89d354{ip: 172.17.0.2, host: 7ac93f77682e, networkLocation: /default-rack, certSerialId: null}, Type:RATIS, Factor:THREE, State:ALLOCATED, leaderId:null, CreationTimestamp2020-06-05T16:07:38.600Z]
2020-06-05 16:07:38,601 [RatisPipelineUtilsThread] ERROR pipeline.SCMPipelineManager (SCMPipelineManager.java:createPipeline(222)) - Failed to create pipeline of type RATIS and factor THREE. Exception: Pipeline creation failed because nodes are engaged in other pipelines and every node can only be engaged in max 2 pipelines. Required 3. Found 0
2020-06-05 16:07:38,709 [IPC Server handler 3 on default port 41279] INFO  net.NetworkTopology (NetworkTopologyImpl.java:add(111)) - Added a new node: /default-rack/2e460caa-4a9b-49fd-a238-aca4d6f6d8f6
2020-06-05 16:07:38,710 [IPC Server handler 3 on default port 41279] INFO  node.SCMNodeManager (SCMNodeManager.java:register(268)) - Registered Data node : 2e460caa-4a9b-49fd-a238-aca4d6f6d8f6{ip: 172.17.0.2, host: 7ac93f77682e, networkLocation: /default-rack, certSerialId: null}
2020-06-05 16:07:38,711 [EventQueue-NodeRegistrationContainerReportForContainerSafeModeRule] INFO  safemode.SCMSafeModeManager (SCMSafeModeManager.java:validateSafeModeExitRules(213)) - ContainerSafeModeRule rule is successfully validated
2020-06-05 16:07:38,711 [EventQueue-NodeRegistrationContainerReportForDataNodeSafeModeRule] INFO  safemode.SCMSafeModeManager (SCMSafeModeManager.java:validateSafeModeExitRules(213)) - DataNodeSafeModeRule rule is successfully validated
2020-06-05 16:07:38,712 [RatisPipelineUtilsThread] INFO  pipeline.RatisPipelineProvider (RatisPipelineProvider.java:lambda$create$0(138)) - Sending CreatePipelineCommand for pipeline:PipelineID=7378171f-dd05-458c-90a2-f63e2698c887 to datanode:2e460caa-4a9b-49fd-a238-aca4d6f6d8f6
2020-06-05 16:07:38,712 [RatisPipelineUtilsThread] INFO  pipeline.PipelineStateManager (PipelineStateManager.java:addPipeline(54)) - Created pipeline Pipeline[ Id: 7378171f-dd05-458c-90a2-f63e2698c887, Nodes: 2e460caa-4a9b-49fd-a238-aca4d6f6d8f6{ip: 172.17.0.2, host: 7ac93f77682e, networkLocation: /default-rack, certSerialId: null}, Type:RATIS, Factor:ONE, State:ALLOCATED, leaderId:null, CreationTimestamp2020-06-05T16:07:38.712Z]
2020-06-05 16:07:38,713 [RatisPipelineUtilsThread] ERROR pipeline.SCMPipelineManager (SCMPipelineManager.java:createPipeline(222)) - Failed to create pipeline of type RATIS and factor ONE. Exception: Cannot create pipeline of factor 1 using 0 nodes. Used 4 nodes. Healthy nodes 4
2020-06-05 16:07:38,713 [RatisPipelineUtilsThread] ERROR pipeline.SCMPipelineManager (SCMPipelineManager.java:createPipeline(222)) - Failed to create pipeline of type RATIS and factor THREE. Exception: Pipeline creation failed because nodes are engaged in other pipelines and every node can only be engaged in max 2 pipelines. Required 3. Found 1
2020-06-05 16:07:38,776 [Listener at 127.0.0.1/41627] INFO  ozone.MiniOzoneClusterImpl (MiniOzoneClusterImpl.java:lambda$waitForClusterToBeReady$0(177)) - Waiting for nodes to be ready. Got 4 of 5 DN Heartbeats.
2020-06-05 16:07:38,776 [Listener at 127.0.0.1/41627] INFO  ozone.MiniOzoneClusterImpl (MiniOzoneClusterImpl.java:lambda$waitForClusterToBeReady$0(180)) - Waiting for cluster to exit safe mode
2020-06-05 16:07:38,785 [IPC Server handler 5 on default port 41279] INFO  net.NetworkTopology (NetworkTopologyImpl.java:add(111)) - Added a new node: /default-rack/f3af17fa-cec2-46bb-a406-aecb763dcc03
2020-06-05 16:07:38,785 [IPC Server handler 5 on default port 41279] INFO  node.SCMNodeManager (SCMNodeManager.java:register(268)) - Registered Data node : f3af17fa-cec2-46bb-a406-aecb763dcc03{ip: 172.17.0.2, host: 7ac93f77682e, networkLocation: /default-rack, certSerialId: null}
2020-06-05 16:07:38,786 [EventQueue-NodeRegistrationContainerReportForContainerSafeModeRule] INFO  safemode.SCMSafeModeManager (SCMSafeModeManager.java:validateSafeModeExitRules(213)) - ContainerSafeModeRule rule is successfully validated
2020-06-05 16:07:38,786 [EventQueue-NodeRegistrationContainerReportForDataNodeSafeModeRule] INFO  safemode.SCMSafeModeManager (SCMSafeModeManager.java:validateSafeModeExitRules(213)) - DataNodeSafeModeRule rule is successfully validated
2020-06-05 16:07:38,786 [RatisPipelineUtilsThread] INFO  pipeline.RatisPipelineProvider (RatisPipelineProvider.java:lambda$create$0(138)) - Sending CreatePipelineCommand for pipeline:PipelineID=a6b4ed0d-463f-4c37-ad15-52231f824989 to datanode:f3af17fa-cec2-46bb-a406-aecb763dcc03
2020-06-05 16:07:38,787 [RatisPipelineUtilsThread] INFO  pipeline.PipelineStateManager (PipelineStateManager.java:addPipeline(54)) - Created pipeline Pipeline[ Id: a6b4ed0d-463f-4c37-ad15-52231f824989, Nodes: f3af17fa-cec2-46bb-a406-aecb763dcc03{ip: 172.17.0.2, host: 7ac93f77682e, networkLocation: /default-rack, certSerialId: null}, Type:RATIS, Factor:ONE, State:ALLOCATED, leaderId:null, CreationTimestamp2020-06-05T16:07:38.786Z]
2020-06-05 16:07:38,787 [RatisPipelineUtilsThread] ERROR pipeline.SCMPipelineManager (SCMPipelineManager.java:createPipeline(222)) - Failed to create pipeline of type RATIS and factor ONE. Exception: Cannot create pipeline of factor 1 using 0 nodes. Used 5 nodes. Healthy nodes 5
2020-06-05 16:07:38,788 [RatisPipelineUtilsThread] ERROR pipeline.SCMPipelineManager (SCMPipelineManager.java:createPipeline(222)) - Failed to create pipeline of type RATIS and factor THREE. Exception: Pipeline creation failed because nodes are engaged in other pipelines and every node can only be engaged in max 2 pipelines. Required 3. Found 2
2020-06-05 16:07:39,777 [Listener at 127.0.0.1/41627] INFO  ozone.MiniOzoneClusterImpl (MiniOzoneClusterImpl.java:lambda$waitForClusterToBeReady$0(177)) - Nodes are ready. Got 5 of 5 DN Heartbeats.
2020-06-05 16:07:39,777 [Listener at 127.0.0.1/41627] INFO  ozone.MiniOzoneClusterImpl (MiniOzoneClusterImpl.java:lambda$waitForClusterToBeReady$0(180)) - Waiting for cluster to exit safe mode
2020-06-05 16:07:40,777 [Listener at 127.0.0.1/41627] INFO  ozone.MiniOzoneClusterImpl (MiniOzoneClusterImpl.java:lambda$waitForClusterToBeReady$0(177)) - Nodes are ready. Got 5 of 5 DN Heartbeats.
2020-06-05 16:07:40,777 [Listener at 127.0.0.1/41627] INFO  ozone.MiniOzoneClusterImpl (MiniOzoneClusterImpl.java:lambda$waitForClusterToBeReady$0(180)) - Waiting for cluster to exit safe mode
2020-06-05 16:07:41,351 [Command processor thread] INFO  impl.RaftServerProxy (RaftServerProxy.java:addNew(89)) - 902fabd4-5f55-4bcb-bd45-7818ae89d354: addNew group-DE6D8316CF0F:[902fabd4-5f55-4bcb-bd45-7818ae89d354:172.17.0.2:36677] returns group-DE6D8316CF0F:java.util.concurrent.CompletableFuture@7d47cc5c[Not completed]
2020-06-05 16:07:41,378 [pool-35-thread-1] INFO  impl.RaftServerImpl (RaftServerImpl.java:<init>(98)) - 902fabd4-5f55-4bcb-bd45-7818ae89d354: new RaftServerImpl for group-DE6D8316CF0F:[902fabd4-5f55-4bcb-bd45-7818ae89d354:172.17.0.2:36677] with ContainerStateMachine:uninitialized
2020-06-05 16:07:41,381 [pool-35-thread-1] INFO  server.RaftServerConfigKeys (ConfUtils.java:logGet(44)) - raft.server.rpc.timeout.min = 5s (custom)
2020-06-05 16:07:41,381 [pool-35-thread-1] INFO  server.RaftServerConfigKeys (ConfUtils.java:logGet(44)) - raft.server.rpc.timeout.max = 5200ms (custom)
2020-06-05 16:07:41,381 [pool-35-thread-1] INFO  server.RaftServerConfigKeys (ConfUtils.java:logGet(44)) - raft.server.rpcslowness.timeout = 300s (custom)
2020-06-05 16:07:41,382 [pool-35-thread-1] INFO  server.RaftServerConfigKeys (ConfUtils.java:logGet(44)) - raft.server.sleep.deviation.threshold = 300 (default)
2020-06-05 16:07:41,383 [pool-35-thread-1] INFO  server.RaftServerConfigKeys (ConfUtils.java:logGet(44)) - raft.server.log.appender.install.snapshot.enabled = false (custom)
2020-06-05 16:07:41,388 [pool-35-thread-1] INFO  impl.RaftServerImpl (ServerState.java:<init>(103)) - 902fabd4-5f55-4bcb-bd45-7818ae89d354@group-DE6D8316CF0F: ConfigurationManager, init=-1: [902fabd4-5f55-4bcb-bd45-7818ae89d354:172.17.0.2:36677], old=null, confs=<EMPTY_MAP>
2020-06-05 16:07:41,388 [pool-35-thread-1] INFO  server.RaftServerConfigKeys (ConfUtils.java:logGet(44)) - raft.server.storage.dir = [/github/workspace/mnt/ozone/hadoop-ozone/integration-test/target/test-dir/MiniOzoneClusterImpl-6eb41c3d-d065-4553-9f67-aae7eb4bf1fa/datanode-0/data/ratis] (custom)
2020-06-05 16:07:41,394 [pool-35-thread-1] INFO  server.RaftServerConfigKeys (ConfUtils.java:logGet(44)) - raft.server.log.corruption.policy = EXCEPTION (default)
2020-06-05 16:07:41,396 [pool-35-thread-1] INFO  storage.RaftStorageDirectory (RaftStorageDirectory.java:analyzeStorage(261)) - The storage directory /github/workspace/mnt/ozone/hadoop-ozone/integration-test/target/test-dir/MiniOzoneClusterImpl-6eb41c3d-d065-4553-9f67-aae7eb4bf1fa/datanode-0/data/ratis/7b8ddc99-f961-4689-9225-de6d8316cf0f does not exist. Creating ...
2020-06-05 16:07:41,402 [pool-35-thread-1] INFO  storage.RaftStorageDirectory (RaftStorageDirectory.java:tryLock(343)) - Lock on /github/workspace/mnt/ozone/hadoop-ozone/integration-test/target/test-dir/MiniOzoneClusterImpl-6eb41c3d-d065-4553-9f67-aae7eb4bf1fa/datanode-0/data/ratis/7b8ddc99-f961-4689-9225-de6d8316cf0f/in_use.lock acquired by nodename 6524@7ac93f77682e
2020-06-05 16:07:41,406 [pool-35-thread-1] INFO  storage.RaftStorage (RaftStorage.java:format(84)) - Storage directory /github/workspace/mnt/ozone/hadoop-ozone/integration-test/target/test-dir/MiniOzoneClusterImpl-6eb41c3d-d065-4553-9f67-aae7eb4bf1fa/datanode-0/data/ratis/7b8ddc99-f961-4689-9225-de6d8316cf0f has been successfully formatted.
2020-06-05 16:07:41,411 [pool-35-thread-1] INFO  ratis.ContainerStateMachine (ContainerStateMachine.java:loadSnapshot(226)) - group-DE6D8316CF0F: The snapshot info is null. Setting the last applied indexto:(t:0, i:~)
2020-06-05 16:07:41,412 [pool-35-thread-1] INFO  server.RaftServerConfigKeys (ConfUtils.java:logGet(44)) - raft.server.notification.no-leader.timeout = 60s (default)
2020-06-05 16:07:41,416 [pool-35-thread-1] INFO  server.RaftServerConfigKeys (ConfUtils.java:logGet(44)) - raft.server.log.use.memory = false (default)
2020-06-05 16:07:41,424 [pool-35-thread-1] INFO  server.RaftServerConfigKeys (ConfUtils.java:logGet(44)) - raft.server.log.purge.gap = 1000000 (custom)
2020-06-05 16:07:41,424 [pool-35-thread-1] INFO  server.RaftServerConfigKeys (ConfUtils.java:logGet(44)) - raft.server.log.appender.buffer.byte-limit = 33554432 (custom)
2020-06-05 16:07:41,426 [pool-35-thread-1] INFO  server.RaftServerConfigKeys (ConfUtils.java:logGet(44)) - raft.server.log.segment.size.max = 1048576 (custom)
2020-06-05 16:07:41,430 [pool-35-thread-1] INFO  metrics.RatisMetrics (RatisMetrics.java:lambda$create$0(39)) - Creating Metrics Registry : ratis.log_worker.902fabd4-5f55-4bcb-bd45-7818ae89d354
2020-06-05 16:07:41,445 [EventQueue-PipelineReportForPipelineReportHandler] INFO  pipeline.PipelineStateManager (PipelineStateManager.java:openPipeline(131)) - Pipeline Pipeline[ Id: 7b8ddc99-f961-4689-9225-de6d8316cf0f, Nodes: 902fabd4-5f55-4bcb-bd45-7818ae89d354{ip: 172.17.0.2, host: 7ac93f77682e, networkLocation: /default-rack, certSerialId: null}, Type:RATIS, Factor:ONE, State:ALLOCATED, leaderId:902fabd4-5f55-4bcb-bd45-7818ae89d354, CreationTimestamp2020-06-05T16:07:38.378Z] moved to OPEN state
2020-06-05 16:07:41,455 [Command processor thread] INFO  impl.RaftServerProxy (RaftServerProxy.java:addNew(89)) - a0aacd28-4468-409f-aa57-a8c1d52d114c: addNew group-B47274244063:[a0aacd28-4468-409f-aa57-a8c1d52d114c:172.17.0.2:32975] returns group-B47274244063:java.util.concurrent.CompletableFuture@7575da2d[Not completed]
2020-06-05 16:07:41,455 [EventQueue-OpenPipelineForHealthyPipelineSafeModeRule] INFO  safemode.SCMSafeModeManager (HealthyPipelineSafeModeRule.java:process(132)) - SCM in safe mode. Healthy pipelines reported count is 0, required healthy pipeline reported count is 1
2020-06-05 16:07:41,458 [EventQueue-OpenPipelineForOneReplicaPipelineSafeModeRule] INFO  safemode.SCMSafeModeManager (SCMSafeModeManager.java:validateSafeModeExitRules(213)) - AtleastOneDatanodeReportedRule rule is successfully validated
2020-06-05 16:07:41,459 [pool-35-thread-1] INFO  server.RaftServerConfigKeys (ConfUtils.java:logGet(44)) - raft.server.log.segment.cache.num.max = 2 (custom)
2020-06-05 16:07:41,465 [pool-35-thread-1] INFO  segmented.SegmentedRaftLogWorker (SegmentedRaftLogWorker.java:<init>(176)) - new 902fabd4-5f55-4bcb-bd45-7818ae89d354@group-DE6D8316CF0F-SegmentedRaftLogWorker for RaftStorage:Storage Directory /github/workspace/mnt/ozone/hadoop-ozone/integration-test/target/test-dir/MiniOzoneClusterImpl-6eb41c3d-d065-4553-9f67-aae7eb4bf1fa/datanode-0/data/ratis/7b8ddc99-f961-4689-9225-de6d8316cf0f
2020-06-05 16:07:41,466 [pool-35-thread-1] INFO  server.RaftServerConfigKeys (ConfUtils.java:logGet(44)) - raft.server.log.queue.byte-limit = 2147483647 (custom)
2020-06-05 16:07:41,466 [pool-35-thread-1] INFO  server.RaftServerConfigKeys (ConfUtils.java:logGet(44)) - raft.server.log.queue.element-limit = 1024 (custom)
2020-06-05 16:07:41,469 [pool-35-thread-1] INFO  server.RaftServerConfigKeys (ConfUtils.java:logGet(44)) - raft.server.log.segment.size.max = 1048576 (custom)
2020-06-05 16:07:41,469 [pool-35-thread-1] INFO  server.RaftServerConfigKeys (ConfUtils.java:logGet(44)) - raft.server.log.preallocated.size = 16384 (custom)
2020-06-05 16:07:41,470 [pool-35-thread-1] INFO  server.RaftServerConfigKeys (ConfUtils.java:logGet(44)) - raft.server.log.write.buffer.size = 1048576 (custom)
2020-06-05 16:07:41,470 [pool-35-thread-1] INFO  server.RaftServerConfigKeys (ConfUtils.java:logGet(44)) - raft.server.log.force.sync.num = 128 (default)
2020-06-05 16:07:41,471 [pool-35-thread-1] INFO  server.RaftServerConfigKeys (ConfUtils.java:logGet(44)) - raft.server.log.statemachine.data.sync = true (default)
2020-06-05 16:07:41,472 [pool-35-thread-1] INFO  server.RaftServerConfigKeys (ConfUtils.java:logGet(44)) - raft.server.log.statemachine.data.sync.timeout = 10s (default)
2020-06-05 16:07:41,472 [pool-35-thread-1] INFO  server.RaftServerConfigKeys (ConfUtils.java:logGet(44)) - raft.server.log.statemachine.data.sync.timeout.retry = -1 (default)
2020-06-05 16:07:41,472 [pool-51-thread-1] INFO  impl.RaftServerImpl (RaftServerImpl.java:<init>(98)) - a0aacd28-4468-409f-aa57-a8c1d52d114c: new RaftServerImpl for group-B47274244063:[a0aacd28-4468-409f-aa57-a8c1d52d114c:172.17.0.2:32975] with ContainerStateMachine:uninitialized
2020-06-05 16:07:41,475 [pool-51-thread-1] INFO  server.RaftServerConfigKeys (ConfUtils.java:logGet(44)) - raft.server.rpc.timeout.min = 5s (custom)
2020-06-05 16:07:41,475 [pool-51-thread-1] INFO  server.RaftServerConfigKeys (ConfUtils.java:logGet(44)) - raft.server.rpc.timeout.max = 5200ms (custom)
2020-06-05 16:07:41,478 [pool-51-thread-1] INFO  server.RaftServerConfigKeys (ConfUtils.java:logGet(44)) - raft.server.rpcslowness.timeout = 300s (custom)
2020-06-05 16:07:41,478 [pool-51-thread-1] INFO  server.RaftServerConfigKeys (ConfUtils.java:logGet(44)) - raft.server.sleep.deviation.threshold = 300 (default)
2020-06-05 16:07:41,479 [pool-51-thread-1] INFO  server.RaftServerConfigKeys (ConfUtils.java:logGet(44)) - raft.server.log.appender.install.snapshot.enabled = false (custom)
2020-06-05 16:07:41,479 [pool-51-thread-1] INFO  impl.RaftServerImpl (ServerState.java:<init>(103)) - a0aacd28-4468-409f-aa57-a8c1d52d114c@group-B47274244063: ConfigurationManager, init=-1: [a0aacd28-4468-409f-aa57-a8c1d52d114c:172.17.0.2:32975], old=null, confs=<EMPTY_MAP>
2020-06-05 16:07:41,479 [pool-51-thread-1] INFO  server.RaftServerConfigKeys (ConfUtils.java:logGet(44)) - raft.server.storage.dir = [/github/workspace/mnt/ozone/hadoop-ozone/integration-test/target/test-dir/MiniOzoneClusterImpl-6eb41c3d-d065-4553-9f67-aae7eb4bf1fa/datanode-1/data/ratis] (custom)
2020-06-05 16:07:41,480 [pool-51-thread-1] INFO  server.RaftServerConfigKeys (ConfUtils.java:logGet(44)) - raft.server.log.corruption.policy = EXCEPTION (default)
2020-06-05 16:07:41,480 [pool-51-thread-1] INFO  storage.RaftStorageDirectory (RaftStorageDirectory.java:analyzeStorage(261)) - The storage directory /github/workspace/mnt/ozone/hadoop-ozone/integration-test/target/test-dir/MiniOzoneClusterImpl-6eb41c3d-d065-4553-9f67-aae7eb4bf1fa/datanode-1/data/ratis/59f2d8ee-f4e7-4dde-9bf6-b47274244063 does not exist. Creating ...
2020-06-05 16:07:41,485 [pool-51-thread-1] INFO  storage.RaftStorageDirectory (RaftStorageDirectory.java:tryLock(343)) - Lock on /github/workspace/mnt/ozone/hadoop-ozone/integration-test/target/test-dir/MiniOzoneClusterImpl-6eb41c3d-d065-4553-9f67-aae7eb4bf1fa/datanode-1/data/ratis/59f2d8ee-f4e7-4dde-9bf6-b47274244063/in_use.lock acquired by nodename 6524@7ac93f77682e
2020-06-05 16:07:41,487 [pool-51-thread-1] INFO  storage.RaftStorage (RaftStorage.java:format(84)) - Storage directory /github/workspace/mnt/ozone/hadoop-ozone/integration-test/target/test-dir/MiniOzoneClusterImpl-6eb41c3d-d065-4553-9f67-aae7eb4bf1fa/datanode-1/data/ratis/59f2d8ee-f4e7-4dde-9bf6-b47274244063 has been successfully formatted.
2020-06-05 16:07:41,491 [pool-51-thread-1] INFO  ratis.ContainerStateMachine (ContainerStateMachine.java:loadSnapshot(226)) - group-B47274244063: The snapshot info is null. Setting the last applied indexto:(t:0, i:~)
2020-06-05 16:07:41,492 [pool-51-thread-1] INFO  server.RaftServerConfigKeys (ConfUtils.java:logGet(44)) - raft.server.notification.no-leader.timeout = 60s (default)
2020-06-05 16:07:41,492 [pool-51-thread-1] INFO  server.RaftServerConfigKeys (ConfUtils.java:logGet(44)) - raft.server.log.use.memory = false (default)
2020-06-05 16:07:41,492 [pool-51-thread-1] INFO  server.RaftServerConfigKeys (ConfUtils.java:logGet(44)) - raft.server.log.purge.gap = 1000000 (custom)
2020-06-05 16:07:41,492 [pool-51-thread-1] INFO  server.RaftServerConfigKeys (ConfUtils.java:logGet(44)) - raft.server.log.appender.buffer.byte-limit = 33554432 (custom)
2020-06-05 16:07:41,493 [pool-51-thread-1] INFO  server.RaftServerConfigKeys (ConfUtils.java:logGet(44)) - raft.server.log.segment.size.max = 1048576 (custom)
2020-06-05 16:07:41,493 [pool-51-thread-1] INFO  metrics.RatisMetrics (RatisMetrics.java:lambda$create$0(39)) - Creating Metrics Registry : ratis.log_worker.a0aacd28-4468-409f-aa57-a8c1d52d114c
2020-06-05 16:07:41,496 [pool-51-thread-1] INFO  server.RaftServerConfigKeys (ConfUtils.java:logGet(44)) - raft.server.log.segment.cache.num.max = 2 (custom)
2020-06-05 16:07:41,497 [EventQueue-PipelineReportForPipelineReportHandler] INFO  pipeline.PipelineStateManager (PipelineStateManager.java:openPipeline(131)) - Pipeline Pipeline[ Id: 59f2d8ee-f4e7-4dde-9bf6-b47274244063, Nodes: a0aacd28-4468-409f-aa57-a8c1d52d114c{ip: 172.17.0.2, host: 7ac93f77682e, networkLocation: /default-rack, certSerialId: null}, Type:RATIS, Factor:ONE, State:ALLOCATED, leaderId:a0aacd28-4468-409f-aa57-a8c1d52d114c, CreationTimestamp2020-06-05T16:07:38.454Z] moved to OPEN state
2020-06-05 16:07:41,497 [EventQueue-OpenPipelineForOneReplicaPipelineSafeModeRule] INFO  safemode.SCMSafeModeManager (SCMSafeModeManager.java:validateSafeModeExitRules(213)) - AtleastOneDatanodeReportedRule rule is successfully validated
2020-06-05 16:07:41,497 [EventQueue-OpenPipelineForHealthyPipelineSafeModeRule] INFO  safemode.SCMSafeModeManager (HealthyPipelineSafeModeRule.java:process(132)) - SCM in safe mode. Healthy pipelines reported count is 0, required healthy pipeline reported count is 1
2020-06-05 16:07:41,497 [pool-51-thread-1] INFO  segmented.SegmentedRaftLogWorker (SegmentedRaftLogWorker.java:<init>(176)) - new a0aacd28-4468-409f-aa57-a8c1d52d114c@group-B47274244063-SegmentedRaftLogWorker for RaftStorage:Storage Directory /github/workspace/mnt/ozone/hadoop-ozone/integration-test/target/test-dir/MiniOzoneClusterImpl-6eb41c3d-d065-4553-9f67-aae7eb4bf1fa/datanode-1/data/ratis/59f2d8ee-f4e7-4dde-9bf6-b47274244063
2020-06-05 16:07:41,498 [pool-51-thread-1] INFO  server.RaftServerConfigKeys (ConfUtils.java:logGet(44)) - raft.server.log.queue.byte-limit = 2147483647 (custom)
2020-06-05 16:07:41,498 [pool-51-thread-1] INFO  server.RaftServerConfigKeys (ConfUtils.java:logGet(44)) - raft.server.log.queue.element-limit = 1024 (custom)
2020-06-05 16:07:41,498 [pool-51-thread-1] INFO  server.RaftServerConfigKeys (ConfUtils.java:logGet(44)) - raft.server.log.segment.size.max = 1048576 (custom)
2020-06-05 16:07:41,498 [pool-51-thread-1] INFO  server.RaftServerConfigKeys (ConfUtils.java:logGet(44)) - raft.server.log.preallocated.size = 16384 (custom)
2020-06-05 16:07:41,499 [pool-51-thread-1] INFO  server.RaftServerConfigKeys (ConfUtils.java:logGet(44)) - raft.server.log.write.buffer.size = 1048576 (custom)
2020-06-05 16:07:41,499 [pool-51-thread-1] INFO  server.RaftServerConfigKeys (ConfUtils.java:logGet(44)) - raft.server.log.force.sync.num = 128 (default)
2020-06-05 16:07:41,499 [pool-51-thread-1] INFO  server.RaftServerConfigKeys (ConfUtils.java:logGet(44)) - raft.server.log.statemachine.data.sync = true (default)
2020-06-05 16:07:41,499 [pool-51-thread-1] INFO  server.RaftServerConfigKeys (ConfUtils.java:logGet(44)) - raft.server.log.statemachine.data.sync.timeout = 10s (default)
2020-06-05 16:07:41,499 [pool-51-thread-1] INFO  server.RaftServerConfigKeys (ConfUtils.java:logGet(44)) - raft.server.log.statemachine.data.sync.timeout.retry = -1 (default)
2020-06-05 16:07:41,502 [pool-51-thread-1] INFO  server.RaftServerConfigKeys (ConfUtils.java:logGet(44)) - raft.server.log.statemachine.data.caching.enabled = true (custom)
2020-06-05 16:07:41,504 [pool-35-thread-1] INFO  server.RaftServerConfigKeys (ConfUtils.java:logGet(44)) - raft.server.log.statemachine.data.caching.enabled = true (custom)
2020-06-05 16:07:41,515 [pool-35-thread-1] INFO  segmented.SegmentedRaftLogWorker (SegmentedRaftLogWorker.java:lambda$new$0(129)) - 902fabd4-5f55-4bcb-bd45-7818ae89d354@group-DE6D8316CF0F-SegmentedRaftLogWorker: flushIndex: setUnconditionally 0 -> -1
2020-06-05 16:07:41,516 [pool-51-thread-1] INFO  segmented.SegmentedRaftLogWorker (SegmentedRaftLogWorker.java:lambda$new$0(129)) - a0aacd28-4468-409f-aa57-a8c1d52d114c@group-B47274244063-SegmentedRaftLogWorker: flushIndex: setUnconditionally 0 -> -1
2020-06-05 16:07:41,521 [pool-35-thread-1] INFO  server.RaftServerConfigKeys (ConfUtils.java:logGet(44)) - raft.server.snapshot.auto.trigger.enabled = true (custom)
2020-06-05 16:07:41,522 [pool-35-thread-1] INFO  server.RaftServerConfigKeys (ConfUtils.java:logGet(44)) - raft.server.snapshot.auto.trigger.threshold = 10000 (custom)
2020-06-05 16:07:41,523 [pool-35-thread-1] INFO  server.RaftServerConfigKeys (ConfUtils.java:logGet(44)) - raft.server.snapshot.retention.file.num = 5 (custom)
2020-06-05 16:07:41,524 [pool-35-thread-1] INFO  server.RaftServerConfigKeys (ConfUtils.java:logGet(44)) - raft.server.log.purge.upto.snapshot.index = false (default)
2020-06-05 16:07:41,524 [pool-51-thread-1] INFO  server.RaftServerConfigKeys (ConfUtils.java:logGet(44)) - raft.server.snapshot.auto.trigger.enabled = true (custom)
2020-06-05 16:07:41,524 [pool-51-thread-1] INFO  server.RaftServerConfigKeys (ConfUtils.java:logGet(44)) - raft.server.snapshot.auto.trigger.threshold = 10000 (custom)
2020-06-05 16:07:41,524 [pool-51-thread-1] INFO  server.RaftServerConfigKeys (ConfUtils.java:logGet(44)) - raft.server.snapshot.retention.file.num = 5 (custom)
2020-06-05 16:07:41,525 [pool-51-thread-1] INFO  server.RaftServerConfigKeys (ConfUtils.java:logGet(44)) - raft.server.log.purge.upto.snapshot.index = false (default)
2020-06-05 16:07:41,525 [pool-51-thread-1] INFO  server.RaftServerConfigKeys (ConfUtils.java:logGet(44)) - raft.server.retrycache.expirytime = 600000ms (custom)
2020-06-05 16:07:41,535 [pool-35-thread-1] INFO  server.RaftServerConfigKeys (ConfUtils.java:logGet(44)) - raft.server.retrycache.expirytime = 600000ms (custom)
2020-06-05 16:07:41,554 [pool-51-thread-1] INFO  metrics.RatisMetrics (RatisMetrics.java:lambda$create$0(39)) - Creating Metrics Registry : ratis.leader_election.a0aacd28-4468-409f-aa57-a8c1d52d114c@group-B47274244063
2020-06-05 16:07:41,554 [pool-35-thread-1] INFO  metrics.RatisMetrics (RatisMetrics.java:lambda$create$0(39)) - Creating Metrics Registry : ratis.leader_election.902fabd4-5f55-4bcb-bd45-7818ae89d354@group-DE6D8316CF0F
2020-06-05 16:07:41,557 [pool-35-thread-1] INFO  metrics.RatisMetrics (RatisMetrics.java:lambda$create$0(39)) - Creating Metrics Registry : ratis.server.902fabd4-5f55-4bcb-bd45-7818ae89d354@group-DE6D8316CF0F
2020-06-05 16:07:41,558 [pool-51-thread-1] INFO  metrics.RatisMetrics (RatisMetrics.java:lambda$create$0(39)) - Creating Metrics Registry : ratis.server.a0aacd28-4468-409f-aa57-a8c1d52d114c@group-B47274244063
2020-06-05 16:07:41,565 [pool-35-thread-1] INFO  impl.RaftServerImpl (RaftServerImpl.java:start(184)) - 902fabd4-5f55-4bcb-bd45-7818ae89d354@group-DE6D8316CF0F: start as a follower, conf=-1: [902fabd4-5f55-4bcb-bd45-7818ae89d354:172.17.0.2:36677], old=null
2020-06-05 16:07:41,566 [pool-35-thread-1] INFO  impl.RaftServerImpl (RaftServerImpl.java:setRole(173)) - 902fabd4-5f55-4bcb-bd45-7818ae89d354@group-DE6D8316CF0F: changes role from      null to FOLLOWER at term 0 for startAsFollower
2020-06-05 16:07:41,569 [pool-35-thread-1] INFO  impl.RoleInfo (RoleInfo.java:updateAndGet(143)) - 902fabd4-5f55-4bcb-bd45-7818ae89d354: start FollowerState
2020-06-05 16:07:41,568 [pool-51-thread-1] INFO  impl.RaftServerImpl (RaftServerImpl.java:start(184)) - a0aacd28-4468-409f-aa57-a8c1d52d114c@group-B47274244063: start as a follower, conf=-1: [a0aacd28-4468-409f-aa57-a8c1d52d114c:172.17.0.2:32975], old=null
2020-06-05 16:07:41,569 [pool-51-thread-1] INFO  impl.RaftServerImpl (RaftServerImpl.java:setRole(173)) - a0aacd28-4468-409f-aa57-a8c1d52d114c@group-B47274244063: changes role from      null to FOLLOWER at term 0 for startAsFollower
2020-06-05 16:07:41,572 [pool-35-thread-1] INFO  util.JmxRegister (JmxRegister.java:tryRegister(44)) - Successfully registered JMX Bean with object name Ratis:service=RaftServer,group=group-DE6D8316CF0F,id=902fabd4-5f55-4bcb-bd45-7818ae89d354
2020-06-05 16:07:41,572 [pool-51-thread-1] INFO  impl.RoleInfo (RoleInfo.java:updateAndGet(143)) - a0aacd28-4468-409f-aa57-a8c1d52d114c: start FollowerState
2020-06-05 16:07:41,578 [pool-35-thread-1] INFO  metrics.RatisMetrics (RatisMetrics.java:lambda$create$0(39)) - Creating Metrics Registry : ratis.state_machine.902fabd4-5f55-4bcb-bd45-7818ae89d354@group-DE6D8316CF0F
2020-06-05 16:07:41,576 [pool-51-thread-1] INFO  util.JmxRegister (JmxRegister.java:tryRegister(44)) - Successfully registered JMX Bean with object name Ratis:service=RaftServer,group=group-B47274244063,id=a0aacd28-4468-409f-aa57-a8c1d52d114c
2020-06-05 16:07:41,582 [pool-51-thread-1] INFO  metrics.RatisMetrics (RatisMetrics.java:lambda$create$0(39)) - Creating Metrics Registry : ratis.state_machine.a0aacd28-4468-409f-aa57-a8c1d52d114c@group-B47274244063
2020-06-05 16:07:41,599 [Command processor thread] INFO  impl.RaftServerProxy (RaftServerProxy.java:addNew(89)) - 46a0c3d8-0862-44f9-974b-4404c1ab61a7: addNew group-44FD5F73072C:[46a0c3d8-0862-44f9-974b-4404c1ab61a7:172.17.0.2:45511] returns group-44FD5F73072C:java.util.concurrent.CompletableFuture@555b6ffd[Not completed]
2020-06-05 16:07:41,606 [Command processor thread] INFO  commandhandler.CreatePipelineCommandHandler (CreatePipelineCommandHandler.java:handle(109)) - Created Pipeline RATIS ONE #id: "59f2d8ee-f4e7-4dde-9bf6-b47274244063"
.
2020-06-05 16:07:41,606 [Command processor thread] INFO  impl.RaftServerProxy (RaftServerProxy.java:addNew(89)) - a0aacd28-4468-409f-aa57-a8c1d52d114c: addNew group-097DD4A676AA:[46a0c3d8-0862-44f9-974b-4404c1ab61a7:172.17.0.2:45511, a0aacd28-4468-409f-aa57-a8c1d52d114c:172.17.0.2:32975, 902fabd4-5f55-4bcb-bd45-7818ae89d354:172.17.0.2:36677] returns group-097DD4A676AA:java.util.concurrent.CompletableFuture@5b64391[Not completed]
2020-06-05 16:07:41,608 [pool-51-thread-1] INFO  impl.RaftServerImpl (RaftServerImpl.java:<init>(98)) - a0aacd28-4468-409f-aa57-a8c1d52d114c: new RaftServerImpl for group-097DD4A676AA:[46a0c3d8-0862-44f9-974b-4404c1ab61a7:172.17.0.2:45511, a0aacd28-4468-409f-aa57-a8c1d52d114c:172.17.0.2:32975, 902fabd4-5f55-4bcb-bd45-7818ae89d354:172.17.0.2:36677] with ContainerStateMachine:uninitialized
2020-06-05 16:07:41,608 [pool-51-thread-1] INFO  server.RaftServerConfigKeys (ConfUtils.java:logGet(44)) - raft.server.rpc.timeout.min = 5s (custom)
2020-06-05 16:07:41,608 [pool-51-thread-1] INFO  server.RaftServerConfigKeys (ConfUtils.java:logGet(44)) - raft.server.rpc.timeout.max = 5200ms (custom)
2020-06-05 16:07:41,608 [pool-51-thread-1] INFO  server.RaftServerConfigKeys (ConfUtils.java:logGet(44)) - raft.server.rpcslowness.timeout = 300s (custom)
2020-06-05 16:07:41,608 [pool-51-thread-1] INFO  server.RaftServerConfigKeys (ConfUtils.java:logGet(44)) - raft.server.sleep.deviation.threshold = 300 (default)
2020-06-05 16:07:41,608 [pool-51-thread-1] INFO  server.RaftServerConfigKeys (ConfUtils.java:logGet(44)) - raft.server.log.appender.install.snapshot.enabled = false (custom)
2020-06-05 16:07:41,608 [pool-51-thread-1] INFO  impl.RaftServerImpl (ServerState.java:<init>(103)) - a0aacd28-4468-409f-aa57-a8c1d52d114c@group-097DD4A676AA: ConfigurationManager, init=-1: [46a0c3d8-0862-44f9-974b-4404c1ab61a7:172.17.0.2:45511, a0aacd28-4468-409f-aa57-a8c1d52d114c:172.17.0.2:32975, 902fabd4-5f55-4bcb-bd45-7818ae89d354:172.17.0.2:36677], old=null, confs=<EMPTY_MAP>
2020-06-05 16:07:41,608 [pool-51-thread-1] INFO  server.RaftServerConfigKeys (ConfUtils.java:logGet(44)) - raft.server.storage.dir = [/github/workspace/mnt/ozone/hadoop-ozone/integration-test/target/test-dir/MiniOzoneClusterImpl-6eb41c3d-d065-4553-9f67-aae7eb4bf1fa/datanode-1/data/ratis] (custom)
2020-06-05 16:07:41,609 [pool-51-thread-1] INFO  server.RaftServerConfigKeys (ConfUtils.java:logGet(44)) - raft.server.log.corruption.policy = EXCEPTION (default)
2020-06-05 16:07:41,609 [pool-51-thread-1] INFO  storage.RaftStorageDirectory (RaftStorageDirectory.java:analyzeStorage(261)) - The storage directory /github/workspace/mnt/ozone/hadoop-ozone/integration-test/target/test-dir/MiniOzoneClusterImpl-6eb41c3d-d065-4553-9f67-aae7eb4bf1fa/datanode-1/data/ratis/33b5c055-b114-48f3-abeb-097dd4a676aa does not exist. Creating ...
2020-06-05 16:07:41,611 [Command processor thread] INFO  commandhandler.CreatePipelineCommandHandler (CreatePipelineCommandHandler.java:handle(109)) - Created Pipeline RATIS ONE #id: "7b8ddc99-f961-4689-9225-de6d8316cf0f"
.
2020-06-05 16:07:41,612 [Command processor thread] INFO  impl.RaftServerProxy (RaftServerProxy.java:addNew(89)) - 902fabd4-5f55-4bcb-bd45-7818ae89d354: addNew group-097DD4A676AA:[46a0c3d8-0862-44f9-974b-4404c1ab61a7:172.17.0.2:45511, a0aacd28-4468-409f-aa57-a8c1d52d114c:172.17.0.2:32975, 902fabd4-5f55-4bcb-bd45-7818ae89d354:172.17.0.2:36677] returns group-097DD4A676AA:java.util.concurrent.CompletableFuture@3295a01f[Not completed]
2020-06-05 16:07:41,615 [pool-51-thread-1] INFO  storage.RaftStorageDirectory (RaftStorageDirectory.java:tryLock(343)) - Lock on /github/workspace/mnt/ozone/hadoop-ozone/integration-test/target/test-dir/MiniOzoneClusterImpl-6eb41c3d-d065-4553-9f67-aae7eb4bf1fa/datanode-1/data/ratis/33b5c055-b114-48f3-abeb-097dd4a676aa/in_use.lock acquired by nodename 6524@7ac93f77682e
2020-06-05 16:07:41,620 [pool-51-thread-1] INFO  storage.RaftStorage (RaftStorage.java:format(84)) - Storage directory /github/workspace/mnt/ozone/hadoop-ozone/integration-test/target/test-dir/MiniOzoneClusterImpl-6eb41c3d-d065-4553-9f67-aae7eb4bf1fa/datanode-1/data/ratis/33b5c055-b114-48f3-abeb-097dd4a676aa has been successfully formatted.
2020-06-05 16:07:41,622 [pool-51-thread-1] INFO  ratis.ContainerStateMachine (ContainerStateMachine.java:loadSnapshot(226)) - group-097DD4A676AA: The snapshot info is null. Setting the last applied indexto:(t:0, i:~)
2020-06-05 16:07:41,622 [pool-51-thread-1] INFO  server.RaftServerConfigKeys (ConfUtils.java:logGet(44)) - raft.server.notification.no-leader.timeout = 60s (default)
2020-06-05 16:07:41,622 [pool-51-thread-1] INFO  server.RaftServerConfigKeys (ConfUtils.java:logGet(44)) - raft.server.log.use.memory = false (default)
2020-06-05 16:07:41,623 [pool-51-thread-1] INFO  server.RaftServerConfigKeys (ConfUtils.java:logGet(44)) - raft.server.log.purge.gap = 1000000 (custom)
2020-06-05 16:07:41,623 [pool-51-thread-1] INFO  server.RaftServerConfigKeys (ConfUtils.java:logGet(44)) - raft.server.log.appender.buffer.byte-limit = 33554432 (custom)
2020-06-05 16:07:41,622 [pool-35-thread-1] INFO  impl.RaftServerImpl (RaftServerImpl.java:<init>(98)) - 902fabd4-5f55-4bcb-bd45-7818ae89d354: new RaftServerImpl for group-097DD4A676AA:[46a0c3d8-0862-44f9-974b-4404c1ab61a7:172.17.0.2:45511, a0aacd28-4468-409f-aa57-a8c1d52d114c:172.17.0.2:32975, 902fabd4-5f55-4bcb-bd45-7818ae89d354:172.17.0.2:36677] with ContainerStateMachine:uninitialized
2020-06-05 16:07:41,621 [pool-67-thread-1] INFO  impl.RaftServerImpl (RaftServerImpl.java:<init>(98)) - 46a0c3d8-0862-44f9-974b-4404c1ab61a7: new RaftServerImpl for group-44FD5F73072C:[46a0c3d8-0862-44f9-974b-4404c1ab61a7:172.17.0.2:45511] with ContainerStateMachine:uninitialized
2020-06-05 16:07:41,624 [pool-35-thread-1] INFO  server.RaftServerConfigKeys (ConfUtils.java:logGet(44)) - raft.server.rpc.timeout.min = 5s (custom)
2020-06-05 16:07:41,627 [pool-35-thread-1] INFO  server.RaftServerConfigKeys (ConfUtils.java:logGet(44)) - raft.server.rpc.timeout.max = 5200ms (custom)
2020-06-05 16:07:41,627 [pool-35-thread-1] INFO  server.RaftServerConfigKeys (ConfUtils.java:logGet(44)) - raft.server.rpcslowness.timeout = 300s (custom)
2020-06-05 16:07:41,628 [pool-35-thread-1] INFO  server.RaftServerConfigKeys (ConfUtils.java:logGet(44)) - raft.server.sleep.deviation.threshold = 300 (default)
2020-06-05 16:07:41,628 [pool-35-thread-1] INFO  server.RaftServerConfigKeys (ConfUtils.java:logGet(44)) - raft.server.log.appender.install.snapshot.enabled = false (custom)
2020-06-05 16:07:41,628 [pool-35-thread-1] INFO  impl.RaftServerImpl (ServerState.java:<init>(103)) - 902fabd4-5f55-4bcb-bd45-7818ae89d354@group-097DD4A676AA: ConfigurationManager, init=-1: [46a0c3d8-0862-44f9-974b-4404c1ab61a7:172.17.0.2:45511, a0aacd28-4468-409f-aa57-a8c1d52d114c:172.17.0.2:32975, 902fabd4-5f55-4bcb-bd45-7818ae89d354:172.17.0.2:36677], old=null, confs=<EMPTY_MAP>
2020-06-05 16:07:41,629 [pool-35-thread-1] INFO  server.RaftServerConfigKeys (ConfUtils.java:logGet(44)) - raft.server.storage.dir = [/github/workspace/mnt/ozone/hadoop-ozone/integration-test/target/test-dir/MiniOzoneClusterImpl-6eb41c3d-d065-4553-9f67-aae7eb4bf1fa/datanode-0/data/ratis] (custom)
2020-06-05 16:07:41,629 [pool-35-thread-1] INFO  server.RaftServerConfigKeys (ConfUtils.java:logGet(44)) - raft.server.log.corruption.policy = EXCEPTION (default)
2020-06-05 16:07:41,629 [pool-35-thread-1] INFO  storage.RaftStorageDirectory (RaftStorageDirectory.java:analyzeStorage(261)) - The storage directory /github/workspace/mnt/ozone/hadoop-ozone/integration-test/target/test-dir/MiniOzoneClusterImpl-6eb41c3d-d065-4553-9f67-aae7eb4bf1fa/datanode-0/data/ratis/33b5c055-b114-48f3-abeb-097dd4a676aa does not exist. Creating ...
2020-06-05 16:07:41,627 [pool-67-thread-1] INFO  server.RaftServerConfigKeys (ConfUtils.java:logGet(44)) - raft.server.rpc.timeout.min = 5s (custom)
2020-06-05 16:07:41,630 [pool-67-thread-1] INFO  server.RaftServerConfigKeys (ConfUtils.java:logGet(44)) - raft.server.rpc.timeout.max = 5200ms (custom)
2020-06-05 16:07:41,630 [pool-67-thread-1] INFO  server.RaftServerConfigKeys (ConfUtils.java:logGet(44)) - raft.server.rpcslowness.timeout = 300s (custom)
2020-06-05 16:07:41,630 [pool-67-thread-1] INFO  server.RaftServerConfigKeys (ConfUtils.java:logGet(44)) - raft.server.sleep.deviation.threshold = 300 (default)
2020-06-05 16:07:41,630 [pool-67-thread-1] INFO  server.RaftServerConfigKeys (ConfUtils.java:logGet(44)) - raft.server.log.appender.install.snapshot.enabled = false (custom)
2020-06-05 16:07:41,630 [pool-67-thread-1] INFO  impl.RaftServerImpl (ServerState.java:<init>(103)) - 46a0c3d8-0862-44f9-974b-4404c1ab61a7@group-44FD5F73072C: ConfigurationManager, init=-1: [46a0c3d8-0862-44f9-974b-4404c1ab61a7:172.17.0.2:45511], old=null, confs=<EMPTY_MAP>
2020-06-05 16:07:41,630 [pool-67-thread-1] INFO  server.RaftServerConfigKeys (ConfUtils.java:logGet(44)) - raft.server.storage.dir = [/github/workspace/mnt/ozone/hadoop-ozone/integration-test/target/test-dir/MiniOzoneClusterImpl-6eb41c3d-d065-4553-9f67-aae7eb4bf1fa/datanode-2/data/ratis] (custom)
2020-06-05 16:07:41,627 [pool-51-thread-1] INFO  server.RaftServerConfigKeys (ConfUtils.java:logGet(44)) - raft.server.log.segment.size.max = 1048576 (custom)
2020-06-05 16:07:41,631 [pool-67-thread-1] INFO  server.RaftServerConfigKeys (ConfUtils.java:logGet(44)) - raft.server.log.corruption.policy = EXCEPTION (default)
2020-06-05 16:07:41,631 [pool-51-thread-1] INFO  server.RaftServerConfigKeys (ConfUtils.java:logGet(44)) - raft.server.log.segment.cache.num.max = 2 (custom)
2020-06-05 16:07:41,631 [pool-51-thread-1] INFO  segmented.SegmentedRaftLogWorker (SegmentedRaftLogWorker.java:<init>(176)) - new a0aacd28-4468-409f-aa57-a8c1d52d114c@group-097DD4A676AA-SegmentedRaftLogWorker for RaftStorage:Storage Directory /github/workspace/mnt/ozone/hadoop-ozone/integration-test/target/test-dir/MiniOzoneClusterImpl-6eb41c3d-d065-4553-9f67-aae7eb4bf1fa/datanode-1/data/ratis/33b5c055-b114-48f3-abeb-097dd4a676aa
2020-06-05 16:07:41,631 [pool-51-thread-1] INFO  server.RaftServerConfigKeys (ConfUtils.java:logGet(44)) - raft.server.log.queue.byte-limit = 2147483647 (custom)
2020-06-05 16:07:41,631 [pool-51-thread-1] INFO  server.RaftServerConfigKeys (ConfUtils.java:logGet(44)) - raft.server.log.queue.element-limit = 1024 (custom)
2020-06-05 16:07:41,631 [pool-51-thread-1] INFO  server.RaftServerConfigKeys (ConfUtils.java:logGet(44)) - raft.server.log.segment.size.max = 1048576 (custom)
2020-06-05 16:07:41,631 [pool-51-thread-1] INFO  server.RaftServerConfigKeys (ConfUtils.java:logGet(44)) - raft.server.log.preallocated.size = 16384 (custom)
2020-06-05 16:07:41,632 [pool-51-thread-1] INFO  server.RaftServerConfigKeys (ConfUtils.java:logGet(44)) - raft.server.log.write.buffer.size = 1048576 (custom)
2020-06-05 16:07:41,632 [pool-51-thread-1] INFO  server.RaftServerConfigKeys (ConfUtils.java:logGet(44)) - raft.server.log.force.sync.num = 128 (default)
2020-06-05 16:07:41,632 [pool-51-thread-1] INFO  server.RaftServerConfigKeys (ConfUtils.java:logGet(44)) - raft.server.log.statemachine.data.sync = true (default)
2020-06-05 16:07:41,631 [pool-67-thread-1] INFO  storage.RaftStorageDirectory (RaftStorageDirectory.java:analyzeStorage(261)) - The storage directory /github/workspace/mnt/ozone/hadoop-ozone/integration-test/target/test-dir/MiniOzoneClusterImpl-6eb41c3d-d065-4553-9f67-aae7eb4bf1fa/datanode-2/data/ratis/30b2387c-d9dc-4941-ba1f-44fd5f73072c does not exist. Creating ...
2020-06-05 16:07:41,633 [pool-67-thread-1] INFO  storage.RaftStorageDirectory (RaftStorageDirectory.java:tryLock(343)) - Lock on /github/workspace/mnt/ozone/hadoop-ozone/integration-test/target/test-dir/MiniOzoneClusterImpl-6eb41c3d-d065-4553-9f67-aae7eb4bf1fa/datanode-2/data/ratis/30b2387c-d9dc-4941-ba1f-44fd5f73072c/in_use.lock acquired by nodename 6524@7ac93f77682e
2020-06-05 16:07:41,634 [pool-67-thread-1] INFO  storage.RaftStorage (RaftStorage.java:format(84)) - Storage directory /github/workspace/mnt/ozone/hadoop-ozone/integration-test/target/test-dir/MiniOzoneClusterImpl-6eb41c3d-d065-4553-9f67-aae7eb4bf1fa/datanode-2/data/ratis/30b2387c-d9dc-4941-ba1f-44fd5f73072c has been successfully formatted.
2020-06-05 16:07:41,632 [pool-51-thread-1] INFO  server.RaftServerConfigKeys (ConfUtils.java:logGet(44)) - raft.server.log.statemachine.data.sync.timeout = 10s (default)
2020-06-05 16:07:41,635 [pool-51-thread-1] INFO  server.RaftServerConfigKeys (ConfUtils.java:logGet(44)) - raft.server.log.statemachine.data.sync.timeout.retry = -1 (default)
2020-06-05 16:07:41,631 [pool-35-thread-1] INFO  storage.RaftStorageDirectory (RaftStorageDirectory.java:tryLock(343)) - Lock on /github/workspace/mnt/ozone/hadoop-ozone/integration-test/target/test-dir/MiniOzoneClusterImpl-6eb41c3d-d065-4553-9f67-aae7eb4bf1fa/datanode-0/data/ratis/33b5c055-b114-48f3-abeb-097dd4a676aa/in_use.lock acquired by nodename 6524@7ac93f77682e
2020-06-05 16:07:41,636 [pool-51-thread-1] INFO  server.RaftServerConfigKeys (ConfUtils.java:logGet(44)) - raft.server.log.statemachine.data.caching.enabled = true (custom)
2020-06-05 16:07:41,637 [pool-51-thread-1] INFO  segmented.SegmentedRaftLogWorker (SegmentedRaftLogWorker.java:lambda$new$0(129)) - a0aacd28-4468-409f-aa57-a8c1d52d114c@group-097DD4A676AA-SegmentedRaftLogWorker: flushIndex: setUnconditionally 0 -> -1
2020-06-05 16:07:41,636 [EventQueue-PipelineReportForPipelineReportHandler] INFO  pipeline.PipelineStateManager (PipelineStateManager.java:openPipeline(131)) - Pipeline Pipeline[ Id: 30b2387c-d9dc-4941-ba1f-44fd5f73072c, Nodes: 46a0c3d8-0862-44f9-974b-4404c1ab61a7{ip: 172.17.0.2, host: 7ac93f77682e, networkLocation: /default-rack, certSerialId: null}, Type:RATIS, Factor:ONE, State:ALLOCATED, leaderId:46a0c3d8-0862-44f9-974b-4404c1ab61a7, CreationTimestamp2020-06-05T16:07:38.595Z] moved to OPEN state
2020-06-05 16:07:41,634 [pool-67-thread-1] INFO  ratis.ContainerStateMachine (ContainerStateMachine.java:loadSnapshot(226)) - group-44FD5F73072C: The snapshot info is null. Setting the last applied indexto:(t:0, i:~)
2020-06-05 16:07:41,637 [EventQueue-OpenPipelineForOneReplicaPipelineSafeModeRule] INFO  safemode.SCMSafeModeManager (SCMSafeModeManager.java:validateSafeModeExitRules(213)) - AtleastOneDatanodeReportedRule rule is successfully validated
2020-06-05 16:07:41,637 [EventQueue-OpenPipelineForHealthyPipelineSafeModeRule] INFO  safemode.SCMSafeModeManager (HealthyPipelineSafeModeRule.java:process(132)) - SCM in safe mode. Healthy pipelines reported count is 0, required healthy pipeline reported count is 1
2020-06-05 16:07:41,637 [pool-51-thread-1] INFO  server.RaftServerConfigKeys (ConfUtils.java:logGet(44)) - raft.server.snapshot.auto.trigger.enabled = true (custom)
2020-06-05 16:07:41,638 [pool-51-thread-1] INFO  server.RaftServerConfigKeys (ConfUtils.java:logGet(44)) - raft.server.snapshot.auto.trigger.threshold = 10000 (custom)
2020-06-05 16:07:41,638 [pool-51-thread-1] INFO  server.RaftServerConfigKeys (ConfUtils.java:logGet(44)) - raft.server.snapshot.retention.file.num = 5 (custom)
2020-06-05 16:07:41,638 [pool-51-thread-1] INFO  server.RaftServerConfigKeys (ConfUtils.java:logGet(44)) - raft.server.log.purge.upto.snapshot.index = false (default)
2020-06-05 16:07:41,638 [pool-51-thread-1] INFO  server.RaftServerConfigKeys (ConfUtils.java:logGet(44)) - raft.server.retrycache.expirytime = 600000ms (custom)
2020-06-05 16:07:41,638 [pool-51-thread-1] INFO  metrics.RatisMetrics (RatisMetrics.java:lambda$create$0(39)) - Creating Metrics Registry : ratis.leader_election.a0aacd28-4468-409f-aa57-a8c1d52d114c@group-097DD4A676AA
2020-06-05 16:07:41,637 [pool-67-thread-1] INFO  server.RaftServerConfigKeys (ConfUtils.java:logGet(44)) - raft.server.notification.no-leader.timeout = 60s (default)
2020-06-05 16:07:41,639 [pool-67-thread-1] INFO  server.RaftServerConfigKeys (ConfUtils.java:logGet(44)) - raft.server.log.use.memory = false (default)
2020-06-05 16:07:41,639 [pool-67-thread-1] INFO  server.RaftServerConfigKeys (ConfUtils.java:logGet(44)) - raft.server.log.purge.gap = 1000000 (custom)
2020-06-05 16:07:41,639 [pool-67-thread-1] INFO  server.RaftServerConfigKeys (ConfUtils.java:logGet(44)) - raft.server.log.appender.buffer.byte-limit = 33554432 (custom)
2020-06-05 16:07:41,639 [pool-67-thread-1] INFO  server.RaftServerConfigKeys (ConfUtils.java:logGet(44)) - raft.server.log.segment.size.max = 1048576 (custom)
2020-06-05 16:07:41,640 [pool-67-thread-1] INFO  metrics.RatisMetrics (RatisMetrics.java:lambda$create$0(39)) - Creating Metrics Registry : ratis.log_worker.46a0c3d8-0862-44f9-974b-4404c1ab61a7
2020-06-05 16:07:41,640 [pool-67-thread-1] INFO  server.RaftServerConfigKeys (ConfUtils.java:logGet(44)) - raft.server.log.segment.cache.num.max = 2 (custom)
2020-06-05 16:07:41,640 [pool-67-thread-1] INFO  segmented.SegmentedRaftLogWorker (SegmentedRaftLogWorker.java:<init>(176)) - new 46a0c3d8-0862-44f9-974b-4404c1ab61a7@group-44FD5F73072C-SegmentedRaftLogWorker for RaftStorage:Storage Directory /github/workspace/mnt/ozone/hadoop-ozone/integration-test/target/test-dir/MiniOzoneClusterImpl-6eb41c3d-d065-4553-9f67-aae7eb4bf1fa/datanode-2/data/ratis/30b2387c-d9dc-4941-ba1f-44fd5f73072c
2020-06-05 16:07:41,640 [pool-67-thread-1] INFO  server.RaftServerConfigKeys (ConfUtils.java:logGet(44)) - raft.server.log.queue.byte-limit = 2147483647 (custom)
2020-06-05 16:07:41,640 [pool-67-thread-1] INFO  server.RaftServerConfigKeys (ConfUtils.java:logGet(44)) - raft.server.log.queue.element-limit = 1024 (custom)
2020-06-05 16:07:41,641 [pool-67-thread-1] INFO  server.RaftServerConfigKeys (ConfUtils.java:logGet(44)) - raft.server.log.segment.size.max = 1048576 (custom)
2020-06-05 16:07:41,641 [pool-67-thread-1] INFO  server.RaftServerConfigKeys (ConfUtils.java:logGet(44)) - raft.server.log.preallocated.size = 16384 (custom)
2020-06-05 16:07:41,641 [pool-67-thread-1] INFO  server.RaftServerConfigKeys (ConfUtils.java:logGet(44)) - raft.server.log.write.buffer.size = 1048576 (custom)
2020-06-05 16:07:41,641 [pool-67-thread-1] INFO  server.RaftServerConfigKeys (ConfUtils.java:logGet(44)) - raft.server.log.force.sync.num = 128 (default)
2020-06-05 16:07:41,638 [pool-35-thread-1] INFO  storage.RaftStorage (RaftStorage.java:format(84)) - Storage directory /github/workspace/mnt/ozone/hadoop-ozone/integration-test/target/test-dir/MiniOzoneClusterImpl-6eb41c3d-d065-4553-9f67-aae7eb4bf1fa/datanode-0/data/ratis/33b5c055-b114-48f3-abeb-097dd4a676aa has been successfully formatted.
2020-06-05 16:07:41,641 [pool-35-thread-1] INFO  ratis.ContainerStateMachine (ContainerStateMachine.java:loadSnapshot(226)) - group-097DD4A676AA: The snapshot info is null. Setting the last applied indexto:(t:0, i:~)
2020-06-05 16:07:41,642 [pool-35-thread-1] INFO  server.RaftServerConfigKeys (ConfUtils.java:logGet(44)) - raft.server.notification.no-leader.timeout = 60s (default)
2020-06-05 16:07:41,642 [pool-35-thread-1] INFO  server.RaftServerConfigKeys (ConfUtils.java:logGet(44)) - raft.server.log.use.memory = false (default)
2020-06-05 16:07:41,642 [pool-35-thread-1] INFO  server.RaftServerConfigKeys (ConfUtils.java:logGet(44)) - raft.server.log.purge.gap = 1000000 (custom)
2020-06-05 16:07:41,640 [pool-51-thread-1] INFO  metrics.RatisMetrics (RatisMetrics.java:lambda$create$0(39)) - Creating Metrics Registry : ratis.server.a0aacd28-4468-409f-aa57-a8c1d52d114c@group-097DD4A676AA
2020-06-05 16:07:41,645 [pool-51-thread-1] INFO  impl.RaftServerImpl (RaftServerImpl.java:start(184)) - a0aacd28-4468-409f-aa57-a8c1d52d114c@group-097DD4A676AA: start as a follower, conf=-1: [46a0c3d8-0862-44f9-974b-4404c1ab61a7:172.17.0.2:45511, a0aacd28-4468-409f-aa57-a8c1d52d114c:172.17.0.2:32975, 902fabd4-5f55-4bcb-bd45-7818ae89d354:172.17.0.2:36677], old=null
2020-06-05 16:07:41,645 [pool-51-thread-1] INFO  impl.RaftServerImpl (RaftServerImpl.java:setRole(173)) - a0aacd28-4468-409f-aa57-a8c1d52d114c@group-097DD4A676AA: changes role from      null to FOLLOWER at term 0 for startAsFollower
2020-06-05 16:07:41,645 [pool-51-thread-1] INFO  impl.RoleInfo (RoleInfo.java:updateAndGet(143)) - a0aacd28-4468-409f-aa57-a8c1d52d114c: start FollowerState
2020-06-05 16:07:41,643 [pool-67-thread-1] INFO  server.RaftServerConfigKeys (ConfUtils.java:logGet(44)) - raft.server.log.statemachine.data.sync = true (default)
2020-06-05 16:07:41,646 [pool-67-thread-1] INFO  server.RaftServerConfigKeys (ConfUtils.java:logGet(44)) - raft.server.log.statemachine.data.sync.timeout = 10s (default)
2020-06-05 16:07:41,646 [pool-67-thread-1] INFO  server.RaftServerConfigKeys (ConfUtils.java:logGet(44)) - raft.server.log.statemachine.data.sync.timeout.retry = -1 (default)
2020-06-05 16:07:41,642 [pool-35-thread-1] INFO  server.RaftServerConfigKeys (ConfUtils.java:logGet(44)) - raft.server.log.appender.buffer.byte-limit = 33554432 (custom)
2020-06-05 16:07:41,646 [pool-35-thread-1] INFO  server.RaftServerConfigKeys (ConfUtils.java:logGet(44)) - raft.server.log.segment.size.max = 1048576 (custom)
2020-06-05 16:07:41,646 [pool-35-thread-1] INFO  server.RaftServerConfigKeys (ConfUtils.java:logGet(44)) - raft.server.log.segment.cache.num.max = 2 (custom)
2020-06-05 16:07:41,646 [pool-35-thread-1] INFO  segmented.SegmentedRaftLogWorker (SegmentedRaftLogWorker.java:<init>(176)) - new 902fabd4-5f55-4bcb-bd45-7818ae89d354@group-097DD4A676AA-SegmentedRaftLogWorker for RaftStorage:Storage Directory /github/workspace/mnt/ozone/hadoop-ozone/integration-test/target/test-dir/MiniOzoneClusterImpl-6eb41c3d-d065-4553-9f67-aae7eb4bf1fa/datanode-0/data/ratis/33b5c055-b114-48f3-abeb-097dd4a676aa
2020-06-05 16:07:41,646 [pool-35-thread-1] INFO  server.RaftServerConfigKeys (ConfUtils.java:logGet(44)) - raft.server.log.queue.byte-limit = 2147483647 (custom)
2020-06-05 16:07:41,646 [pool-35-thread-1] INFO  server.RaftServerConfigKeys (ConfUtils.java:logGet(44)) - raft.server.log.queue.element-limit = 1024 (custom)
2020-06-05 16:07:41,647 [pool-35-thread-1] INFO  server.RaftServerConfigKeys (ConfUtils.java:logGet(44)) - raft.server.log.segment.size.max = 1048576 (custom)
2020-06-05 16:07:41,647 [pool-35-thread-1] INFO  server.RaftServerConfigKeys (ConfUtils.java:logGet(44)) - raft.server.log.preallocated.size = 16384 (custom)
2020-06-05 16:07:41,647 [pool-35-thread-1] INFO  server.RaftServerConfigKeys (ConfUtils.java:logGet(44)) - raft.server.log.write.buffer.size = 1048576 (custom)
2020-06-05 16:07:41,647 [pool-35-thread-1] INFO  server.RaftServerConfigKeys (ConfUtils.java:logGet(44)) - raft.server.log.force.sync.num = 128 (default)
2020-06-05 16:07:41,647 [pool-35-thread-1] INFO  server.RaftServerConfigKeys (ConfUtils.java:logGet(44)) - raft.server.log.statemachine.data.sync = true (default)
2020-06-05 16:07:41,647 [pool-35-thread-1] INFO  server.RaftServerConfigKeys (ConfUtils.java:logGet(44)) - raft.server.log.statemachine.data.sync.timeout = 10s (default)
2020-06-05 16:07:41,647 [pool-35-thread-1] INFO  server.RaftServerConfigKeys (ConfUtils.java:logGet(44)) - raft.server.log.statemachine.data.sync.timeout.retry = -1 (default)
2020-06-05 16:07:41,654 [pool-35-thread-1] INFO  server.RaftServerConfigKeys (ConfUtils.java:logGet(44)) - raft.server.log.statemachine.data.caching.enabled = true (custom)
2020-06-05 16:07:41,655 [pool-35-thread-1] INFO  segmented.SegmentedRaftLogWorker (SegmentedRaftLogWorker.java:lambda$new$0(129)) - 902fabd4-5f55-4bcb-bd45-7818ae89d354@group-097DD4A676AA-SegmentedRaftLogWorker: flushIndex: setUnconditionally 0 -> -1
2020-06-05 16:07:41,653 [pool-51-thread-1] INFO  util.JmxRegister (JmxRegister.java:tryRegister(44)) - Successfully registered JMX Bean with object name Ratis:service=RaftServer,group=group-097DD4A676AA,id=a0aacd28-4468-409f-aa57-a8c1d52d114c
2020-06-05 16:07:41,655 [pool-51-thread-1] INFO  metrics.RatisMetrics (RatisMetrics.java:lambda$create$0(39)) - Creating Metrics Registry : ratis.state_machine.a0aacd28-4468-409f-aa57-a8c1d52d114c@group-097DD4A676AA
2020-06-05 16:07:41,657 [pool-67-thread-1] INFO  server.RaftServerConfigKeys (ConfUtils.java:logGet(44)) - raft.server.log.statemachine.data.caching.enabled = true (custom)
2020-06-05 16:07:41,658 [pool-67-thread-1] INFO  segmented.SegmentedRaftLogWorker (SegmentedRaftLogWorker.java:lambda$new$0(129)) - 46a0c3d8-0862-44f9-974b-4404c1ab61a7@group-44FD5F73072C-SegmentedRaftLogWorker: flushIndex: setUnconditionally 0 -> -1
2020-06-05 16:07:41,655 [pool-35-thread-1] INFO  server.RaftServerConfigKeys (ConfUtils.java:logGet(44)) - raft.server.snapshot.auto.trigger.enabled = true (custom)
2020-06-05 16:07:41,658 [pool-35-thread-1] INFO  server.RaftServerConfigKeys (ConfUtils.java:logGet(44)) - raft.server.snapshot.auto.trigger.threshold = 10000 (custom)
2020-06-05 16:07:41,658 [pool-35-thread-1] INFO  server.RaftServerConfigKeys (ConfUtils.java:logGet(44)) - raft.server.snapshot.retention.file.num = 5 (custom)
2020-06-05 16:07:41,658 [pool-35-thread-1] INFO  server.RaftServerConfigKeys (ConfUtils.java:logGet(44)) - raft.server.log.purge.upto.snapshot.index = false (default)
2020-06-05 16:07:41,660 [pool-35-thread-1] INFO  server.RaftServerConfigKeys (ConfUtils.java:logGet(44)) - raft.server.retrycache.expirytime = 600000ms (custom)
2020-06-05 16:07:41,660 [pool-35-thread-1] INFO  metrics.RatisMetrics (RatisMetrics.java:lambda$create$0(39)) - Creating Metrics Registry : ratis.leader_election.902fabd4-5f55-4bcb-bd45-7818ae89d354@group-097DD4A676AA
2020-06-05 16:07:41,661 [pool-35-thread-1] INFO  metrics.RatisMetrics (RatisMetrics.java:lambda$create$0(39)) - Creating Metrics Registry : ratis.server.902fabd4-5f55-4bcb-bd45-7818ae89d354@group-097DD4A676AA
2020-06-05 16:07:41,662 [pool-35-thread-1] INFO  impl.RaftServerImpl (RaftServerImpl.java:start(184)) - 902fabd4-5f55-4bcb-bd45-7818ae89d354@group-097DD4A676AA: start as a follower, conf=-1: [46a0c3d8-0862-44f9-974b-4404c1ab61a7:172.17.0.2:45511, a0aacd28-4468-409f-aa57-a8c1d52d114c:172.17.0.2:32975, 902fabd4-5f55-4bcb-bd45-7818ae89d354:172.17.0.2:36677], old=null
2020-06-05 16:07:41,669 [pool-35-thread-1] INFO  impl.RaftServerImpl (RaftServerImpl.java:setRole(173)) - 902fabd4-5f55-4bcb-bd45-7818ae89d354@group-097DD4A676AA: changes role from      null to FOLLOWER at term 0 for startAsFollower
2020-06-05 16:07:41,669 [pool-35-thread-1] INFO  impl.RoleInfo (RoleInfo.java:updateAndGet(143)) - 902fabd4-5f55-4bcb-bd45-7818ae89d354: start FollowerState
2020-06-05 16:07:41,668 [pool-67-thread-1] INFO  server.RaftServerConfigKeys (ConfUtils.java:logGet(44)) - raft.server.snapshot.auto.trigger.enabled = true (custom)
2020-06-05 16:07:41,669 [pool-67-thread-1] INFO  server.RaftServerConfigKeys (ConfUtils.java:logGet(44)) - raft.server.snapshot.auto.trigger.threshold = 10000 (custom)
2020-06-05 16:07:41,669 [pool-67-thread-1] INFO  server.RaftServerConfigKeys (ConfUtils.java:logGet(44)) - raft.server.snapshot.retention.file.num = 5 (custom)
2020-06-05 16:07:41,670 [pool-67-thread-1] INFO  server.RaftServerConfigKeys (ConfUtils.java:logGet(44)) - raft.server.log.purge.upto.snapshot.index = false (default)
2020-06-05 16:07:41,676 [pool-35-thread-1] INFO  util.JmxRegister (JmxRegister.java:tryRegister(44)) - Successfully registered JMX Bean with object name Ratis:service=RaftServer,group=group-097DD4A676AA,id=902fabd4-5f55-4bcb-bd45-7818ae89d354
2020-06-05 16:07:41,676 [pool-35-thread-1] INFO  metrics.RatisMetrics (RatisMetrics.java:lambda$create$0(39)) - Creating Metrics Registry : ratis.state_machine.902fabd4-5f55-4bcb-bd45-7818ae89d354@group-097DD4A676AA
2020-06-05 16:07:41,676 [pool-67-thread-1] INFO  server.RaftServerConfigKeys (ConfUtils.java:logGet(44)) - raft.server.retrycache.expirytime = 600000ms (custom)
2020-06-05 16:07:41,676 [pool-67-thread-1] INFO  metrics.RatisMetrics (RatisMetrics.java:lambda$create$0(39)) - Creating Metrics Registry : ratis.leader_election.46a0c3d8-0862-44f9-974b-4404c1ab61a7@group-44FD5F73072C
2020-06-05 16:07:41,677 [pool-67-thread-1] INFO  metrics.RatisMetrics (RatisMetrics.java:lambda$create$0(39)) - Creating Metrics Registry : ratis.server.46a0c3d8-0862-44f9-974b-4404c1ab61a7@group-44FD5F73072C
2020-06-05 16:07:41,679 [pool-67-thread-1] INFO  impl.RaftServerImpl (RaftServerImpl.java:start(184)) - 46a0c3d8-0862-44f9-974b-4404c1ab61a7@group-44FD5F73072C: start as a follower, conf=-1: [46a0c3d8-0862-44f9-974b-4404c1ab61a7:172.17.0.2:45511], old=null
2020-06-05 16:07:41,679 [pool-67-thread-1] INFO  impl.RaftServerImpl (RaftServerImpl.java:setRole(173)) - 46a0c3d8-0862-44f9-974b-4404c1ab61a7@group-44FD5F73072C: changes role from      null to FOLLOWER at term 0 for startAsFollower
2020-06-05 16:07:41,679 [pool-67-thread-1] INFO  impl.RoleInfo (RoleInfo.java:updateAndGet(143)) - 46a0c3d8-0862-44f9-974b-4404c1ab61a7: start FollowerState
2020-06-05 16:07:41,679 [pool-67-thread-1] INFO  util.JmxRegister (JmxRegister.java:tryRegister(44)) - Successfully registered JMX Bean with object name Ratis:service=RaftServer,group=group-44FD5F73072C,id=46a0c3d8-0862-44f9-974b-4404c1ab61a7
2020-06-05 16:07:41,679 [pool-67-thread-1] INFO  metrics.RatisMetrics (RatisMetrics.java:lambda$create$0(39)) - Creating Metrics Registry : ratis.state_machine.46a0c3d8-0862-44f9-974b-4404c1ab61a7@group-44FD5F73072C
2020-06-05 16:07:41,692 [Command processor thread] INFO  commandhandler.CreatePipelineCommandHandler (CreatePipelineCommandHandler.java:handle(109)) - Created Pipeline RATIS ONE #id: "30b2387c-d9dc-4941-ba1f-44fd5f73072c"
.
2020-06-05 16:07:41,692 [Command processor thread] INFO  impl.RaftServerProxy (RaftServerProxy.java:addNew(89)) - 46a0c3d8-0862-44f9-974b-4404c1ab61a7: addNew group-097DD4A676AA:[46a0c3d8-0862-44f9-974b-4404c1ab61a7:172.17.0.2:45511, a0aacd28-4468-409f-aa57-a8c1d52d114c:172.17.0.2:32975, 902fabd4-5f55-4bcb-bd45-7818ae89d354:172.17.0.2:36677] returns group-097DD4A676AA:java.util.concurrent.CompletableFuture@5164e18e[Not completed]
2020-06-05 16:07:41,693 [pool-67-thread-1] INFO  impl.RaftServerImpl (RaftServerImpl.java:<init>(98)) - 46a0c3d8-0862-44f9-974b-4404c1ab61a7: new RaftServerImpl for group-097DD4A676AA:[46a0c3d8-0862-44f9-974b-4404c1ab61a7:172.17.0.2:45511, a0aacd28-4468-409f-aa57-a8c1d52d114c:172.17.0.2:32975, 902fabd4-5f55-4bcb-bd45-7818ae89d354:172.17.0.2:36677] with ContainerStateMachine:uninitialized
2020-06-05 16:07:41,693 [pool-67-thread-1] INFO  server.RaftServerConfigKeys (ConfUtils.java:logGet(44)) - raft.server.rpc.timeout.min = 5s (custom)
2020-06-05 16:07:41,693 [pool-67-thread-1] INFO  server.RaftServerConfigKeys (ConfUtils.java:logGet(44)) - raft.server.rpc.timeout.max = 5200ms (custom)
2020-06-05 16:07:41,694 [pool-67-thread-1] INFO  server.RaftServerConfigKeys (ConfUtils.java:logGet(44)) - raft.server.rpcslowness.timeout = 300s (custom)
2020-06-05 16:07:41,694 [pool-67-thread-1] INFO  server.RaftServerConfigKeys (ConfUtils.java:logGet(44)) - raft.server.sleep.deviation.threshold = 300 (default)
2020-06-05 16:07:41,694 [pool-67-thread-1] INFO  server.RaftServerConfigKeys (ConfUtils.java:logGet(44)) - raft.server.log.appender.install.snapshot.enabled = false (custom)
2020-06-05 16:07:41,694 [pool-67-thread-1] INFO  impl.RaftServerImpl (ServerState.java:<init>(103)) - 46a0c3d8-0862-44f9-974b-4404c1ab61a7@group-097DD4A676AA: ConfigurationManager, init=-1: [46a0c3d8-0862-44f9-974b-4404c1ab61a7:172.17.0.2:45511, a0aacd28-4468-409f-aa57-a8c1d52d114c:172.17.0.2:32975, 902fabd4-5f55-4bcb-bd45-7818ae89d354:172.17.0.2:36677], old=null, confs=<EMPTY_MAP>
2020-06-05 16:07:41,694 [pool-67-thread-1] INFO  server.RaftServerConfigKeys (ConfUtils.java:logGet(44)) - raft.server.storage.dir = [/github/workspace/mnt/ozone/hadoop-ozone/integration-test/target/test-dir/MiniOzoneClusterImpl-6eb41c3d-d065-4553-9f67-aae7eb4bf1fa/datanode-2/data/ratis] (custom)
2020-06-05 16:07:41,694 [pool-67-thread-1] INFO  server.RaftServerConfigKeys (ConfUtils.java:logGet(44)) - raft.server.log.corruption.policy = EXCEPTION (default)
2020-06-05 16:07:41,694 [pool-67-thread-1] INFO  storage.RaftStorageDirectory (RaftStorageDirectory.java:analyzeStorage(261)) - The storage directory /github/workspace/mnt/ozone/hadoop-ozone/integration-test/target/test-dir/MiniOzoneClusterImpl-6eb41c3d-d065-4553-9f67-aae7eb4bf1fa/datanode-2/data/ratis/33b5c055-b114-48f3-abeb-097dd4a676aa does not exist. Creating ...
2020-06-05 16:07:41,703 [pool-67-thread-1] INFO  storage.RaftStorageDirectory (RaftStorageDirectory.java:tryLock(343)) - Lock on /github/workspace/mnt/ozone/hadoop-ozone/integration-test/target/test-dir/MiniOzoneClusterImpl-6eb41c3d-d065-4553-9f67-aae7eb4bf1fa/datanode-2/data/ratis/33b5c055-b114-48f3-abeb-097dd4a676aa/in_use.lock acquired by nodename 6524@7ac93f77682e
2020-06-05 16:07:41,705 [pool-67-thread-1] INFO  storage.RaftStorage (RaftStorage.java:format(84)) - Storage directory /github/workspace/mnt/ozone/hadoop-ozone/integration-test/target/test-dir/MiniOzoneClusterImpl-6eb41c3d-d065-4553-9f67-aae7eb4bf1fa/datanode-2/data/ratis/33b5c055-b114-48f3-abeb-097dd4a676aa has been successfully formatted.
2020-06-05 16:07:41,705 [pool-67-thread-1] INFO  ratis.ContainerStateMachine (ContainerStateMachine.java:loadSnapshot(226)) - group-097DD4A676AA: The snapshot info is null. Setting the last applied indexto:(t:0, i:~)
2020-06-05 16:07:41,705 [pool-67-thread-1] INFO  server.RaftServerConfigKeys (ConfUtils.java:logGet(44)) - raft.server.notification.no-leader.timeout = 60s (default)
2020-06-05 16:07:41,705 [pool-67-thread-1] INFO  server.RaftServerConfigKeys (ConfUtils.java:logGet(44)) - raft.server.log.use.memory = false (default)
2020-06-05 16:07:41,705 [pool-67-thread-1] INFO  server.RaftServerConfigKeys (ConfUtils.java:logGet(44)) - raft.server.log.purge.gap = 1000000 (custom)
2020-06-05 16:07:41,706 [pool-67-thread-1] INFO  server.RaftServerConfigKeys (ConfUtils.java:logGet(44)) - raft.server.log.appender.buffer.byte-limit = 33554432 (custom)
2020-06-05 16:07:41,706 [pool-67-thread-1] INFO  server.RaftServerConfigKeys (ConfUtils.java:logGet(44)) - raft.server.log.segment.size.max = 1048576 (custom)
2020-06-05 16:07:41,706 [pool-67-thread-1] INFO  server.RaftServerConfigKeys (ConfUtils.java:logGet(44)) - raft.server.log.segment.cache.num.max = 2 (custom)
2020-06-05 16:07:41,706 [pool-67-thread-1] INFO  segmented.SegmentedRaftLogWorker (SegmentedRaftLogWorker.java:<init>(176)) - new 46a0c3d8-0862-44f9-974b-4404c1ab61a7@group-097DD4A676AA-SegmentedRaftLogWorker for RaftStorage:Storage Directory /github/workspace/mnt/ozone/hadoop-ozone/integration-test/target/test-dir/MiniOzoneClusterImpl-6eb41c3d-d065-4553-9f67-aae7eb4bf1fa/datanode-2/data/ratis/33b5c055-b114-48f3-abeb-097dd4a676aa
2020-06-05 16:07:41,706 [pool-67-thread-1] INFO  server.RaftServerConfigKeys (ConfUtils.java:logGet(44)) - raft.server.log.queue.byte-limit = 2147483647 (custom)
2020-06-05 16:07:41,706 [pool-67-thread-1] INFO  server.RaftServerConfigKeys (ConfUtils.java:logGet(44)) - raft.server.log.queue.element-limit = 1024 (custom)
2020-06-05 16:07:41,706 [pool-67-thread-1] INFO  server.RaftServerConfigKeys (ConfUtils.java:logGet(44)) - raft.server.log.segment.size.max = 1048576 (custom)
2020-06-05 16:07:41,706 [pool-67-thread-1] INFO  server.RaftServerConfigKeys (ConfUtils.java:logGet(44)) - raft.server.log.preallocated.size = 16384 (custom)
2020-06-05 16:07:41,706 [pool-67-thread-1] INFO  server.RaftServerConfigKeys (ConfUtils.java:logGet(44)) - raft.server.log.write.buffer.size = 1048576 (custom)
2020-06-05 16:07:41,706 [pool-67-thread-1] INFO  server.RaftServerConfigKeys (ConfUtils.java:logGet(44)) - raft.server.log.force.sync.num = 128 (default)
2020-06-05 16:07:41,706 [pool-67-thread-1] INFO  server.RaftServerConfigKeys (ConfUtils.java:logGet(44)) - raft.server.log.statemachine.data.sync = true (default)
2020-06-05 16:07:41,706 [pool-67-thread-1] INFO  server.RaftServerConfigKeys (ConfUtils.java:logGet(44)) - raft.server.log.statemachine.data.sync.timeout = 10s (default)
2020-06-05 16:07:41,706 [pool-67-thread-1] INFO  server.RaftServerConfigKeys (ConfUtils.java:logGet(44)) - raft.server.log.statemachine.data.sync.timeout.retry = -1 (default)
2020-06-05 16:07:41,708 [Command processor thread] INFO  impl.RaftServerProxy (RaftServerProxy.java:addNew(89)) - 2e460caa-4a9b-49fd-a238-aca4d6f6d8f6: addNew group-F63E2698C887:[2e460caa-4a9b-49fd-a238-aca4d6f6d8f6:172.17.0.2:40821] returns group-F63E2698C887:java.util.concurrent.CompletableFuture@11ed4573[Not completed]
2020-06-05 16:07:41,719 [pool-67-thread-1] INFO  server.RaftServerConfigKeys (ConfUtils.java:logGet(44)) - raft.server.log.statemachine.data.caching.enabled = true (custom)
2020-06-05 16:07:41,719 [pool-67-thread-1] INFO  segmented.SegmentedRaftLogWorker (SegmentedRaftLogWorker.java:lambda$new$0(129)) - 46a0c3d8-0862-44f9-974b-4404c1ab61a7@group-097DD4A676AA-SegmentedRaftLogWorker: flushIndex: setUnconditionally 0 -> -1
2020-06-05 16:07:41,722 [pool-83-thread-1] INFO  impl.RaftServerImpl (RaftServerImpl.java:<init>(98)) - 2e460caa-4a9b-49fd-a238-aca4d6f6d8f6: new RaftServerImpl for group-F63E2698C887:[2e460caa-4a9b-49fd-a238-aca4d6f6d8f6:172.17.0.2:40821] with ContainerStateMachine:uninitialized
2020-06-05 16:07:41,722 [pool-67-thread-1] INFO  server.RaftServerConfigKeys (ConfUtils.java:logGet(44)) - raft.server.snapshot.auto.trigger.enabled = true (custom)
2020-06-05 16:07:41,722 [pool-67-thread-1] INFO  server.RaftServerConfigKeys (ConfUtils.java:logGet(44)) - raft.server.snapshot.auto.trigger.threshold = 10000 (custom)
2020-06-05 16:07:41,722 [pool-67-thread-1] INFO  server.RaftServerConfigKeys (ConfUtils.java:logGet(44)) - raft.server.snapshot.retention.file.num = 5 (custom)
2020-06-05 16:07:41,722 [pool-67-thread-1] INFO  server.RaftServerConfigKeys (ConfUtils.java:logGet(44)) - raft.server.log.purge.upto.snapshot.index = false (default)
2020-06-05 16:07:41,722 [pool-67-thread-1] INFO  server.RaftServerConfigKeys (ConfUtils.java:logGet(44)) - raft.server.retrycache.expirytime = 600000ms (custom)
2020-06-05 16:07:41,722 [pool-67-thread-1] INFO  metrics.RatisMetrics (RatisMetrics.java:lambda$create$0(39)) - Creating Metrics Registry : ratis.leader_election.46a0c3d8-0862-44f9-974b-4404c1ab61a7@group-097DD4A676AA
2020-06-05 16:07:41,723 [pool-67-thread-1] INFO  metrics.RatisMetrics (RatisMetrics.java:lambda$create$0(39)) - Creating Metrics Registry : ratis.server.46a0c3d8-0862-44f9-974b-4404c1ab61a7@group-097DD4A676AA
2020-06-05 16:07:41,724 [pool-67-thread-1] INFO  impl.RaftServerImpl (RaftServerImpl.java:start(184)) - 46a0c3d8-0862-44f9-974b-4404c1ab61a7@group-097DD4A676AA: start as a follower, conf=-1: [46a0c3d8-0862-44f9-974b-4404c1ab61a7:172.17.0.2:45511, a0aacd28-4468-409f-aa57-a8c1d52d114c:172.17.0.2:32975, 902fabd4-5f55-4bcb-bd45-7818ae89d354:172.17.0.2:36677], old=null
2020-06-05 16:07:41,724 [pool-67-thread-1] INFO  impl.RaftServerImpl (RaftServerImpl.java:setRole(173)) - 46a0c3d8-0862-44f9-974b-4404c1ab61a7@group-097DD4A676AA: changes role from      null to FOLLOWER at term 0 for startAsFollower
2020-06-05 16:07:41,724 [pool-67-thread-1] INFO  impl.RoleInfo (RoleInfo.java:updateAndGet(143)) - 46a0c3d8-0862-44f9-974b-4404c1ab61a7: start FollowerState
2020-06-05 16:07:41,729 [pool-67-thread-1] INFO  util.JmxRegister (JmxRegister.java:tryRegister(44)) - Successfully registered JMX Bean with object name Ratis:service=RaftServer,group=group-097DD4A676AA,id=46a0c3d8-0862-44f9-974b-4404c1ab61a7
2020-06-05 16:07:41,729 [pool-67-thread-1] INFO  metrics.RatisMetrics (RatisMetrics.java:lambda$create$0(39)) - Creating Metrics Registry : ratis.state_machine.46a0c3d8-0862-44f9-974b-4404c1ab61a7@group-097DD4A676AA
2020-06-05 16:07:41,733 [pool-83-thread-1] INFO  server.RaftServerConfigKeys (ConfUtils.java:logGet(44)) - raft.server.rpc.timeout.min = 5s (custom)
2020-06-05 16:07:41,733 [pool-83-thread-1] INFO  server.RaftServerConfigKeys (ConfUtils.java:logGet(44)) - raft.server.rpc.timeout.max = 5200ms (custom)
2020-06-05 16:07:41,734 [pool-83-thread-1] INFO  server.RaftServerConfigKeys (ConfUtils.java:logGet(44)) - raft.server.rpcslowness.timeout = 300s (custom)
2020-06-05 16:07:41,734 [pool-83-thread-1] INFO  server.RaftServerConfigKeys (ConfUtils.java:logGet(44)) - raft.server.sleep.deviation.threshold = 300 (default)
2020-06-05 16:07:41,734 [pool-83-thread-1] INFO  server.RaftServerConfigKeys (ConfUtils.java:logGet(44)) - raft.server.log.appender.install.snapshot.enabled = false (custom)
2020-06-05 16:07:41,734 [pool-83-thread-1] INFO  impl.RaftServerImpl (ServerState.java:<init>(103)) - 2e460caa-4a9b-49fd-a238-aca4d6f6d8f6@group-F63E2698C887: ConfigurationManager, init=-1: [2e460caa-4a9b-49fd-a238-aca4d6f6d8f6:172.17.0.2:40821], old=null, confs=<EMPTY_MAP>
2020-06-05 16:07:41,734 [pool-83-thread-1] INFO  server.RaftServerConfigKeys (ConfUtils.java:logGet(44)) - raft.server.storage.dir = [/github/workspace/mnt/ozone/hadoop-ozone/integration-test/target/test-dir/MiniOzoneClusterImpl-6eb41c3d-d065-4553-9f67-aae7eb4bf1fa/datanode-3/data/ratis] (custom)
2020-06-05 16:07:41,734 [pool-83-thread-1] INFO  server.RaftServerConfigKeys (ConfUtils.java:logGet(44)) - raft.server.log.corruption.policy = EXCEPTION (default)
2020-06-05 16:07:41,734 [pool-83-thread-1] INFO  storage.RaftStorageDirectory (RaftStorageDirectory.java:analyzeStorage(261)) - The storage directory /github/workspace/mnt/ozone/hadoop-ozone/integration-test/target/test-dir/MiniOzoneClusterImpl-6eb41c3d-d065-4553-9f67-aae7eb4bf1fa/datanode-3/data/ratis/7378171f-dd05-458c-90a2-f63e2698c887 does not exist. Creating ...
2020-06-05 16:07:41,737 [pool-83-thread-1] INFO  storage.RaftStorageDirectory (RaftStorageDirectory.java:tryLock(343)) - Lock on /github/workspace/mnt/ozone/hadoop-ozone/integration-test/target/test-dir/MiniOzoneClusterImpl-6eb41c3d-d065-4553-9f67-aae7eb4bf1fa/datanode-3/data/ratis/7378171f-dd05-458c-90a2-f63e2698c887/in_use.lock acquired by nodename 6524@7ac93f77682e
2020-06-05 16:07:41,739 [pool-83-thread-1] INFO  storage.RaftStorage (RaftStorage.java:format(84)) - Storage directory /github/workspace/mnt/ozone/hadoop-ozone/integration-test/target/test-dir/MiniOzoneClusterImpl-6eb41c3d-d065-4553-9f67-aae7eb4bf1fa/datanode-3/data/ratis/7378171f-dd05-458c-90a2-f63e2698c887 has been successfully formatted.
2020-06-05 16:07:41,740 [pool-83-thread-1] INFO  ratis.ContainerStateMachine (ContainerStateMachine.java:loadSnapshot(226)) - group-F63E2698C887: The snapshot info is null. Setting the last applied indexto:(t:0, i:~)
2020-06-05 16:07:41,740 [pool-83-thread-1] INFO  server.RaftServerConfigKeys (ConfUtils.java:logGet(44)) - raft.server.notification.no-leader.timeout = 60s (default)
2020-06-05 16:07:41,740 [pool-83-thread-1] INFO  server.RaftServerConfigKeys (ConfUtils.java:logGet(44)) - raft.server.log.use.memory = false (default)
2020-06-05 16:07:41,740 [pool-83-thread-1] INFO  server.RaftServerConfigKeys (ConfUtils.java:logGet(44)) - raft.server.log.purge.gap = 1000000 (custom)
2020-06-05 16:07:41,740 [pool-83-thread-1] INFO  server.RaftServerConfigKeys (ConfUtils.java:logGet(44)) - raft.server.log.appender.buffer.byte-limit = 33554432 (custom)
2020-06-05 16:07:41,740 [pool-83-thread-1] INFO  server.RaftServerConfigKeys (ConfUtils.java:logGet(44)) - raft.server.log.segment.size.max = 1048576 (custom)
2020-06-05 16:07:41,740 [pool-83-thread-1] INFO  metrics.RatisMetrics (RatisMetrics.java:lambda$create$0(39)) - Creating Metrics Registry : ratis.log_worker.2e460caa-4a9b-49fd-a238-aca4d6f6d8f6
2020-06-05 16:07:41,742 [pool-83-thread-1] INFO  server.RaftServerConfigKeys (ConfUtils.java:logGet(44)) - raft.server.log.segment.cache.num.max = 2 (custom)
2020-06-05 16:07:41,742 [pool-83-thread-1] INFO  segmented.SegmentedRaftLogWorker (SegmentedRaftLogWorker.java:<init>(176)) - new 2e460caa-4a9b-49fd-a238-aca4d6f6d8f6@group-F63E2698C887-SegmentedRaftLogWorker for RaftStorage:Storage Directory /github/workspace/mnt/ozone/hadoop-ozone/integration-test/target/test-dir/MiniOzoneClusterImpl-6eb41c3d-d065-4553-9f67-aae7eb4bf1fa/datanode-3/data/ratis/7378171f-dd05-458c-90a2-f63e2698c887
2020-06-05 16:07:41,742 [pool-83-thread-1] INFO  server.RaftServerConfigKeys (ConfUtils.java:logGet(44)) - raft.server.log.queue.byte-limit = 2147483647 (custom)
2020-06-05 16:07:41,742 [pool-83-thread-1] INFO  server.RaftServerConfigKeys (ConfUtils.java:logGet(44)) - raft.server.log.queue.element-limit = 1024 (custom)
2020-06-05 16:07:41,742 [pool-83-thread-1] INFO  server.RaftServerConfigKeys (ConfUtils.java:logGet(44)) - raft.server.log.segment.size.max = 1048576 (custom)
2020-06-05 16:07:41,742 [pool-83-thread-1] INFO  server.RaftServerConfigKeys (ConfUtils.java:logGet(44)) - raft.server.log.preallocated.size = 16384 (custom)
2020-06-05 16:07:41,742 [pool-83-thread-1] INFO  server.RaftServerConfigKeys (ConfUtils.java:logGet(44)) - raft.server.log.write.buffer.size = 1048576 (custom)
2020-06-05 16:07:41,742 [pool-83-thread-1] INFO  server.RaftServerConfigKeys (ConfUtils.java:logGet(44)) - raft.server.log.force.sync.num = 128 (default)
2020-06-05 16:07:41,742 [pool-83-thread-1] INFO  server.RaftServerConfigKeys (ConfUtils.java:logGet(44)) - raft.server.log.statemachine.data.sync = true (default)
2020-06-05 16:07:41,742 [pool-83-thread-1] INFO  server.RaftServerConfigKeys (ConfUtils.java:logGet(44)) - raft.server.log.statemachine.data.sync.timeout = 10s (default)
2020-06-05 16:07:41,742 [pool-83-thread-1] INFO  server.RaftServerConfigKeys (ConfUtils.java:logGet(44)) - raft.server.log.statemachine.data.sync.timeout.retry = -1 (default)
2020-06-05 16:07:41,745 [pool-83-thread-1] INFO  server.RaftServerConfigKeys (ConfUtils.java:logGet(44)) - raft.server.log.statemachine.data.caching.enabled = true (custom)
2020-06-05 16:07:41,745 [EventQueue-PipelineReportForPipelineReportHandler] INFO  pipeline.PipelineStateManager (PipelineStateManager.java:openPipeline(131)) - Pipeline Pipeline[ Id: 7378171f-dd05-458c-90a2-f63e2698c887, Nodes: 2e460caa-4a9b-49fd-a238-aca4d6f6d8f6{ip: 172.17.0.2, host: 7ac93f77682e, networkLocation: /default-rack, certSerialId: null}, Type:RATIS, Factor:ONE, State:ALLOCATED, leaderId:2e460caa-4a9b-49fd-a238-aca4d6f6d8f6, CreationTimestamp2020-06-05T16:07:38.712Z] moved to OPEN state
2020-06-05 16:07:41,745 [EventQueue-OpenPipelineForHealthyPipelineSafeModeRule] INFO  safemode.SCMSafeModeManager (HealthyPipelineSafeModeRule.java:process(132)) - SCM in safe mode. Healthy pipelines reported count is 0, required healthy pipeline reported count is 1
2020-06-05 16:07:41,745 [EventQueue-OpenPipelineForOneReplicaPipelineSafeModeRule] INFO  safemode.SCMSafeModeManager (SCMSafeModeManager.java:validateSafeModeExitRules(213)) - AtleastOneDatanodeReportedRule rule is successfully validated
2020-06-05 16:07:41,746 [pool-83-thread-1] INFO  segmented.SegmentedRaftLogWorker (SegmentedRaftLogWorker.java:lambda$new$0(129)) - 2e460caa-4a9b-49fd-a238-aca4d6f6d8f6@group-F63E2698C887-SegmentedRaftLogWorker: flushIndex: setUnconditionally 0 -> -1
2020-06-05 16:07:41,746 [pool-83-thread-1] INFO  server.RaftServerConfigKeys (ConfUtils.java:logGet(44)) - raft.server.snapshot.auto.trigger.enabled = true (custom)
2020-06-05 16:07:41,746 [pool-83-thread-1] INFO  server.RaftServerConfigKeys (ConfUtils.java:logGet(44)) - raft.server.snapshot.auto.trigger.threshold = 10000 (custom)
2020-06-05 16:07:41,746 [pool-83-thread-1] INFO  server.RaftServerConfigKeys (ConfUtils.java:logGet(44)) - raft.server.snapshot.retention.file.num = 5 (custom)
2020-06-05 16:07:41,746 [pool-83-thread-1] INFO  server.RaftServerConfigKeys (ConfUtils.java:logGet(44)) - raft.server.log.purge.upto.snapshot.index = false (default)
2020-06-05 16:07:41,746 [pool-83-thread-1] INFO  server.RaftServerConfigKeys (ConfUtils.java:logGet(44)) - raft.server.retrycache.expirytime = 600000ms (custom)
2020-06-05 16:07:41,746 [pool-83-thread-1] INFO  metrics.RatisMetrics (RatisMetrics.java:lambda$create$0(39)) - Creating Metrics Registry : ratis.leader_election.2e460caa-4a9b-49fd-a238-aca4d6f6d8f6@group-F63E2698C887
2020-06-05 16:07:41,747 [pool-83-thread-1] INFO  metrics.RatisMetrics (RatisMetrics.java:lambda$create$0(39)) - Creating Metrics Registry : ratis.server.2e460caa-4a9b-49fd-a238-aca4d6f6d8f6@group-F63E2698C887
2020-06-05 16:07:41,748 [pool-83-thread-1] INFO  impl.RaftServerImpl (RaftServerImpl.java:start(184)) - 2e460caa-4a9b-49fd-a238-aca4d6f6d8f6@group-F63E2698C887: start as a follower, conf=-1: [2e460caa-4a9b-49fd-a238-aca4d6f6d8f6:172.17.0.2:40821], old=null
2020-06-05 16:07:41,748 [pool-83-thread-1] INFO  impl.RaftServerImpl (RaftServerImpl.java:setRole(173)) - 2e460caa-4a9b-49fd-a238-aca4d6f6d8f6@group-F63E2698C887: changes role from      null to FOLLOWER at term 0 for startAsFollower
2020-06-05 16:07:41,748 [pool-83-thread-1] INFO  impl.RoleInfo (RoleInfo.java:updateAndGet(143)) - 2e460caa-4a9b-49fd-a238-aca4d6f6d8f6: start FollowerState
2020-06-05 16:07:41,772 [pool-83-thread-1] INFO  util.JmxRegister (JmxRegister.java:tryRegister(44)) - Successfully registered JMX Bean with object name Ratis:service=RaftServer,group=group-F63E2698C887,id=2e460caa-4a9b-49fd-a238-aca4d6f6d8f6
2020-06-05 16:07:41,772 [pool-83-thread-1] INFO  metrics.RatisMetrics (RatisMetrics.java:lambda$create$0(39)) - Creating Metrics Registry : ratis.state_machine.2e460caa-4a9b-49fd-a238-aca4d6f6d8f6@group-F63E2698C887
2020-06-05 16:07:41,778 [Listener at 127.0.0.1/41627] INFO  ozone.MiniOzoneClusterImpl (MiniOzoneClusterImpl.java:lambda$waitForClusterToBeReady$0(177)) - Nodes are ready. Got 5 of 5 DN Heartbeats.
2020-06-05 16:07:41,778 [Listener at 127.0.0.1/41627] INFO  ozone.MiniOzoneClusterImpl (MiniOzoneClusterImpl.java:lambda$waitForClusterToBeReady$0(180)) - Waiting for cluster to exit safe mode
2020-06-05 16:07:41,786 [Command processor thread] INFO  commandhandler.CreatePipelineCommandHandler (CreatePipelineCommandHandler.java:handle(109)) - Created Pipeline RATIS ONE #id: "7378171f-dd05-458c-90a2-f63e2698c887"
.
2020-06-05 16:07:41,798 [Command processor thread] INFO  impl.RaftServerProxy (RaftServerProxy.java:addNew(89)) - f3af17fa-cec2-46bb-a406-aecb763dcc03: addNew group-52231F824989:[f3af17fa-cec2-46bb-a406-aecb763dcc03:172.17.0.2:41913] returns group-52231F824989:java.util.concurrent.CompletableFuture@8d11b0[Not completed]
2020-06-05 16:07:41,904 [pool-99-thread-1] INFO  impl.RaftServerImpl (RaftServerImpl.java:<init>(98)) - f3af17fa-cec2-46bb-a406-aecb763dcc03: new RaftServerImpl for group-52231F824989:[f3af17fa-cec2-46bb-a406-aecb763dcc03:172.17.0.2:41913] with ContainerStateMachine:uninitialized
2020-06-05 16:07:41,908 [pool-99-thread-1] INFO  server.RaftServerConfigKeys (ConfUtils.java:logGet(44)) - raft.server.rpc.timeout.min = 5s (custom)
2020-06-05 16:07:41,908 [pool-99-thread-1] INFO  server.RaftServerConfigKeys (ConfUtils.java:logGet(44)) - raft.server.rpc.timeout.max = 5200ms (custom)
2020-06-05 16:07:41,908 [pool-99-thread-1] INFO  server.RaftServerConfigKeys (ConfUtils.java:logGet(44)) - raft.server.rpcslowness.timeout = 300s (custom)
2020-06-05 16:07:41,908 [pool-99-thread-1] INFO  server.RaftServerConfigKeys (ConfUtils.java:logGet(44)) - raft.server.sleep.deviation.threshold = 300 (default)
2020-06-05 16:07:41,908 [pool-99-thread-1] INFO  server.RaftServerConfigKeys (ConfUtils.java:logGet(44)) - raft.server.log.appender.install.snapshot.enabled = false (custom)
2020-06-05 16:07:41,908 [pool-99-thread-1] INFO  impl.RaftServerImpl (ServerState.java:<init>(103)) - f3af17fa-cec2-46bb-a406-aecb763dcc03@group-52231F824989: ConfigurationManager, init=-1: [f3af17fa-cec2-46bb-a406-aecb763dcc03:172.17.0.2:41913], old=null, confs=<EMPTY_MAP>
2020-06-05 16:07:41,909 [pool-99-thread-1] INFO  server.RaftServerConfigKeys (ConfUtils.java:logGet(44)) - raft.server.storage.dir = [/github/workspace/mnt/ozone/hadoop-ozone/integration-test/target/test-dir/MiniOzoneClusterImpl-6eb41c3d-d065-4553-9f67-aae7eb4bf1fa/datanode-4/data/ratis] (custom)
2020-06-05 16:07:41,909 [pool-99-thread-1] INFO  server.RaftServerConfigKeys (ConfUtils.java:logGet(44)) - raft.server.log.corruption.policy = EXCEPTION (default)
2020-06-05 16:07:41,909 [pool-99-thread-1] INFO  storage.RaftStorageDirectory (RaftStorageDirectory.java:analyzeStorage(261)) - The storage directory /github/workspace/mnt/ozone/hadoop-ozone/integration-test/target/test-dir/MiniOzoneClusterImpl-6eb41c3d-d065-4553-9f67-aae7eb4bf1fa/datanode-4/data/ratis/a6b4ed0d-463f-4c37-ad15-52231f824989 does not exist. Creating ...
2020-06-05 16:07:41,910 [pool-99-thread-1] INFO  storage.RaftStorageDirectory (RaftStorageDirectory.java:tryLock(343)) - Lock on /github/workspace/mnt/ozone/hadoop-ozone/integration-test/target/test-dir/MiniOzoneClusterImpl-6eb41c3d-d065-4553-9f67-aae7eb4bf1fa/datanode-4/data/ratis/a6b4ed0d-463f-4c37-ad15-52231f824989/in_use.lock acquired by nodename 6524@7ac93f77682e
2020-06-05 16:07:41,911 [pool-99-thread-1] INFO  storage.RaftStorage (RaftStorage.java:format(84)) - Storage directory /github/workspace/mnt/ozone/hadoop-ozone/integration-test/target/test-dir/MiniOzoneClusterImpl-6eb41c3d-d065-4553-9f67-aae7eb4bf1fa/datanode-4/data/ratis/a6b4ed0d-463f-4c37-ad15-52231f824989 has been successfully formatted.
2020-06-05 16:07:41,937 [pool-99-thread-1] INFO  ratis.ContainerStateMachine (ContainerStateMachine.java:loadSnapshot(226)) - group-52231F824989: The snapshot info is null. Setting the last applied indexto:(t:0, i:~)
2020-06-05 16:07:41,938 [pool-99-thread-1] INFO  server.RaftServerConfigKeys (ConfUtils.java:logGet(44)) - raft.server.notification.no-leader.timeout = 60s (default)
2020-06-05 16:07:41,938 [pool-99-thread-1] INFO  server.RaftServerConfigKeys (ConfUtils.java:logGet(44)) - raft.server.log.use.memory = false (default)
2020-06-05 16:07:41,938 [pool-99-thread-1] INFO  server.RaftServerConfigKeys (ConfUtils.java:logGet(44)) - raft.server.log.purge.gap = 1000000 (custom)
2020-06-05 16:07:41,938 [pool-99-thread-1] INFO  server.RaftServerConfigKeys (ConfUtils.java:logGet(44)) - raft.server.log.appender.buffer.byte-limit = 33554432 (custom)
2020-06-05 16:07:41,938 [pool-99-thread-1] INFO  server.RaftServerConfigKeys (ConfUtils.java:logGet(44)) - raft.server.log.segment.size.max = 1048576 (custom)
2020-06-05 16:07:41,938 [pool-99-thread-1] INFO  metrics.RatisMetrics (RatisMetrics.java:lambda$create$0(39)) - Creating Metrics Registry : ratis.log_worker.f3af17fa-cec2-46bb-a406-aecb763dcc03
2020-06-05 16:07:41,938 [pool-99-thread-1] INFO  server.RaftServerConfigKeys (ConfUtils.java:logGet(44)) - raft.server.log.segment.cache.num.max = 2 (custom)
2020-06-05 16:07:41,938 [pool-99-thread-1] INFO  segmented.SegmentedRaftLogWorker (SegmentedRaftLogWorker.java:<init>(176)) - new f3af17fa-cec2-46bb-a406-aecb763dcc03@group-52231F824989-SegmentedRaftLogWorker for RaftStorage:Storage Directory /github/workspace/mnt/ozone/hadoop-ozone/integration-test/target/test-dir/MiniOzoneClusterImpl-6eb41c3d-d065-4553-9f67-aae7eb4bf1fa/datanode-4/data/ratis/a6b4ed0d-463f-4c37-ad15-52231f824989
2020-06-05 16:07:41,938 [pool-99-thread-1] INFO  server.RaftServerConfigKeys (ConfUtils.java:logGet(44)) - raft.server.log.queue.byte-limit = 2147483647 (custom)
2020-06-05 16:07:41,938 [pool-99-thread-1] INFO  server.RaftServerConfigKeys (ConfUtils.java:logGet(44)) - raft.server.log.queue.element-limit = 1024 (custom)
2020-06-05 16:07:41,939 [pool-99-thread-1] INFO  server.RaftServerConfigKeys (ConfUtils.java:logGet(44)) - raft.server.log.segment.size.max = 1048576 (custom)
2020-06-05 16:07:41,939 [pool-99-thread-1] INFO  server.RaftServerConfigKeys (ConfUtils.java:logGet(44)) - raft.server.log.preallocated.size = 16384 (custom)
2020-06-05 16:07:41,947 [pool-99-thread-1] INFO  server.RaftServerConfigKeys (ConfUtils.java:logGet(44)) - raft.server.log.write.buffer.size = 1048576 (custom)
2020-06-05 16:07:41,947 [pool-99-thread-1] INFO  server.RaftServerConfigKeys (ConfUtils.java:logGet(44)) - raft.server.log.force.sync.num = 128 (default)
2020-06-05 16:07:41,947 [pool-99-thread-1] INFO  server.RaftServerConfigKeys (ConfUtils.java:logGet(44)) - raft.server.log.statemachine.data.sync = true (default)
2020-06-05 16:07:41,947 [pool-99-thread-1] INFO  server.RaftServerConfigKeys (ConfUtils.java:logGet(44)) - raft.server.log.statemachine.data.sync.timeout = 10s (default)
2020-06-05 16:07:41,947 [pool-99-thread-1] INFO  server.RaftServerConfigKeys (ConfUtils.java:logGet(44)) - raft.server.log.statemachine.data.sync.timeout.retry = -1 (default)
2020-06-05 16:07:41,957 [pool-99-thread-1] INFO  server.RaftServerConfigKeys (ConfUtils.java:logGet(44)) - raft.server.log.statemachine.data.caching.enabled = true (custom)
2020-06-05 16:07:41,958 [EventQueue-PipelineReportForPipelineReportHandler] INFO  pipeline.PipelineStateManager (PipelineStateManager.java:openPipeline(131)) - Pipeline Pipeline[ Id: a6b4ed0d-463f-4c37-ad15-52231f824989, Nodes: f3af17fa-cec2-46bb-a406-aecb763dcc03{ip: 172.17.0.2, host: 7ac93f77682e, networkLocation: /default-rack, certSerialId: null}, Type:RATIS, Factor:ONE, State:ALLOCATED, leaderId:f3af17fa-cec2-46bb-a406-aecb763dcc03, CreationTimestamp2020-06-05T16:07:38.786Z] moved to OPEN state
2020-06-05 16:07:41,958 [EventQueue-OpenPipelineForHealthyPipelineSafeModeRule] INFO  safemode.SCMSafeModeManager (HealthyPipelineSafeModeRule.java:process(132)) - SCM in safe mode. Healthy pipelines reported count is 0, required healthy pipeline reported count is 1
2020-06-05 16:07:41,958 [EventQueue-OpenPipelineForOneReplicaPipelineSafeModeRule] INFO  safemode.SCMSafeModeManager (SCMSafeModeManager.java:validateSafeModeExitRules(213)) - AtleastOneDatanodeReportedRule rule is successfully validated
2020-06-05 16:07:41,959 [pool-99-thread-1] INFO  segmented.SegmentedRaftLogWorker (SegmentedRaftLogWorker.java:lambda$new$0(129)) - f3af17fa-cec2-46bb-a406-aecb763dcc03@group-52231F824989-SegmentedRaftLogWorker: flushIndex: setUnconditionally 0 -> -1
2020-06-05 16:07:41,966 [pool-99-thread-1] INFO  server.RaftServerConfigKeys (ConfUtils.java:logGet(44)) - raft.server.snapshot.auto.trigger.enabled = true (custom)
2020-06-05 16:07:41,966 [pool-99-thread-1] INFO  server.RaftServerConfigKeys (ConfUtils.java:logGet(44)) - raft.server.snapshot.auto.trigger.threshold = 10000 (custom)
2020-06-05 16:07:41,966 [pool-99-thread-1] INFO  server.RaftServerConfigKeys (ConfUtils.java:logGet(44)) - raft.server.snapshot.retention.file.num = 5 (custom)
2020-06-05 16:07:41,966 [pool-99-thread-1] INFO  server.RaftServerConfigKeys (ConfUtils.java:logGet(44)) - raft.server.log.purge.upto.snapshot.index = false (default)
2020-06-05 16:07:41,967 [pool-99-thread-1] INFO  server.RaftServerConfigKeys (ConfUtils.java:logGet(44)) - raft.server.retrycache.expirytime = 600000ms (custom)
2020-06-05 16:07:41,972 [pool-99-thread-1] INFO  metrics.RatisMetrics (RatisMetrics.java:lambda$create$0(39)) - Creating Metrics Registry : ratis.leader_election.f3af17fa-cec2-46bb-a406-aecb763dcc03@group-52231F824989
2020-06-05 16:07:41,972 [pool-99-thread-1] INFO  metrics.RatisMetrics (RatisMetrics.java:lambda$create$0(39)) - Creating Metrics Registry : ratis.server.f3af17fa-cec2-46bb-a406-aecb763dcc03@group-52231F824989
2020-06-05 16:07:41,974 [pool-99-thread-1] INFO  impl.RaftServerImpl (RaftServerImpl.java:start(184)) - f3af17fa-cec2-46bb-a406-aecb763dcc03@group-52231F824989: start as a follower, conf=-1: [f3af17fa-cec2-46bb-a406-aecb763dcc03:172.17.0.2:41913], old=null
2020-06-05 16:07:41,974 [pool-99-thread-1] INFO  impl.RaftServerImpl (RaftServerImpl.java:setRole(173)) - f3af17fa-cec2-46bb-a406-aecb763dcc03@group-52231F824989: changes role from      null to FOLLOWER at term 0 for startAsFollower
2020-06-05 16:07:41,974 [pool-99-thread-1] INFO  impl.RoleInfo (RoleInfo.java:updateAndGet(143)) - f3af17fa-cec2-46bb-a406-aecb763dcc03: start FollowerState
2020-06-05 16:07:41,974 [pool-99-thread-1] INFO  util.JmxRegister (JmxRegister.java:tryRegister(44)) - Successfully registered JMX Bean with object name Ratis:service=RaftServer,group=group-52231F824989,id=f3af17fa-cec2-46bb-a406-aecb763dcc03
2020-06-05 16:07:41,974 [pool-99-thread-1] INFO  metrics.RatisMetrics (RatisMetrics.java:lambda$create$0(39)) - Creating Metrics Registry : ratis.state_machine.f3af17fa-cec2-46bb-a406-aecb763dcc03@group-52231F824989
2020-06-05 16:07:41,975 [Command processor thread] INFO  commandhandler.CreatePipelineCommandHandler (CreatePipelineCommandHandler.java:handle(109)) - Created Pipeline RATIS ONE #id: "a6b4ed0d-463f-4c37-ad15-52231f824989"
.
2020-06-05 16:07:42,367 [Command processor thread] INFO  commandhandler.CreatePipelineCommandHandler (CreatePipelineCommandHandler.java:handle(109)) - Created Pipeline RATIS THREE #id: "33b5c055-b114-48f3-abeb-097dd4a676aa"
.
2020-06-05 16:07:42,374 [Command processor thread] INFO  commandhandler.CreatePipelineCommandHandler (CreatePipelineCommandHandler.java:handle(109)) - Created Pipeline RATIS THREE #id: "33b5c055-b114-48f3-abeb-097dd4a676aa"
.
2020-06-05 16:07:42,378 [Command processor thread] INFO  commandhandler.CreatePipelineCommandHandler (CreatePipelineCommandHandler.java:handle(109)) - Created Pipeline RATIS THREE #id: "33b5c055-b114-48f3-abeb-097dd4a676aa"
.
2020-06-05 16:07:42,778 [Listener at 127.0.0.1/41627] INFO  ozone.MiniOzoneClusterImpl (MiniOzoneClusterImpl.java:lambda$waitForClusterToBeReady$0(177)) - Nodes are ready. Got 5 of 5 DN Heartbeats.
2020-06-05 16:07:42,778 [Listener at 127.0.0.1/41627] INFO  ozone.MiniOzoneClusterImpl (MiniOzoneClusterImpl.java:lambda$waitForClusterToBeReady$0(180)) - Waiting for cluster to exit safe mode
2020-06-05 16:07:43,779 [Listener at 127.0.0.1/41627] INFO  ozone.MiniOzoneClusterImpl (MiniOzoneClusterImpl.java:lambda$waitForClusterToBeReady$0(177)) - Nodes are ready. Got 5 of 5 DN Heartbeats.
2020-06-05 16:07:43,779 [Listener at 127.0.0.1/41627] INFO  ozone.MiniOzoneClusterImpl (MiniOzoneClusterImpl.java:lambda$waitForClusterToBeReady$0(180)) - Waiting for cluster to exit safe mode
2020-06-05 16:07:44,779 [Listener at 127.0.0.1/41627] INFO  ozone.MiniOzoneClusterImpl (MiniOzoneClusterImpl.java:lambda$waitForClusterToBeReady$0(177)) - Nodes are ready. Got 5 of 5 DN Heartbeats.
2020-06-05 16:07:44,779 [Listener at 127.0.0.1/41627] INFO  ozone.MiniOzoneClusterImpl (MiniOzoneClusterImpl.java:lambda$waitForClusterToBeReady$0(180)) - Waiting for cluster to exit safe mode
2020-06-05 16:07:45,779 [Listener at 127.0.0.1/41627] INFO  ozone.MiniOzoneClusterImpl (MiniOzoneClusterImpl.java:lambda$waitForClusterToBeReady$0(177)) - Nodes are ready. Got 5 of 5 DN Heartbeats.
2020-06-05 16:07:45,780 [Listener at 127.0.0.1/41627] INFO  ozone.MiniOzoneClusterImpl (MiniOzoneClusterImpl.java:lambda$waitForClusterToBeReady$0(180)) - Waiting for cluster to exit safe mode
2020-06-05 16:07:46,636 [Thread-206] INFO  impl.FollowerState (FollowerState.java:run(108)) - a0aacd28-4468-409f-aa57-a8c1d52d114c@group-B47274244063-FollowerState: change to CANDIDATE, lastRpcTime:5063ms, electionTimeout:5056ms
2020-06-05 16:07:46,638 [Thread-206] INFO  impl.RoleInfo (RoleInfo.java:shutdownFollowerState(121)) - a0aacd28-4468-409f-aa57-a8c1d52d114c: shutdown FollowerState
2020-06-05 16:07:46,638 [Thread-206] INFO  impl.RaftServerImpl (RaftServerImpl.java:setRole(173)) - a0aacd28-4468-409f-aa57-a8c1d52d114c@group-B47274244063: changes role from  FOLLOWER to CANDIDATE at term 0 for changeToCandidate
2020-06-05 16:07:46,641 [Thread-206] INFO  impl.RoleInfo (RoleInfo.java:updateAndGet(143)) - a0aacd28-4468-409f-aa57-a8c1d52d114c: start LeaderElection
2020-06-05 16:07:46,646 [a0aacd28-4468-409f-aa57-a8c1d52d114c@group-B47274244063-LeaderElection1] INFO  impl.LeaderElection (LeaderElection.java:askForVotes(206)) - a0aacd28-4468-409f-aa57-a8c1d52d114c@group-B47274244063-LeaderElection1: begin an election at term 1 for -1: [a0aacd28-4468-409f-aa57-a8c1d52d114c:172.17.0.2:32975], old=null
2020-06-05 16:07:46,647 [a0aacd28-4468-409f-aa57-a8c1d52d114c@group-B47274244063-LeaderElection1] INFO  impl.RoleInfo (RoleInfo.java:shutdownLeaderElection(134)) - a0aacd28-4468-409f-aa57-a8c1d52d114c: shutdown LeaderElection
2020-06-05 16:07:46,648 [a0aacd28-4468-409f-aa57-a8c1d52d114c@group-B47274244063-LeaderElection1] INFO  impl.RaftServerImpl (RaftServerImpl.java:setRole(173)) - a0aacd28-4468-409f-aa57-a8c1d52d114c@group-B47274244063: changes role from CANDIDATE to LEADER at term 1 for changeToLeader
2020-06-05 16:07:46,648 [a0aacd28-4468-409f-aa57-a8c1d52d114c@group-B47274244063-LeaderElection1] INFO  ratis.XceiverServerRatis (XceiverServerRatis.java:handleLeaderChangedNotification(762)) - Leader change notification received for group: group-B47274244063 with new leaderId: a0aacd28-4468-409f-aa57-a8c1d52d114c
2020-06-05 16:07:46,648 [a0aacd28-4468-409f-aa57-a8c1d52d114c@group-B47274244063-LeaderElection1] INFO  impl.RaftServerImpl (ServerState.java:setLeader(255)) - a0aacd28-4468-409f-aa57-a8c1d52d114c@group-B47274244063: change Leader from null to a0aacd28-4468-409f-aa57-a8c1d52d114c at term 1 for becomeLeader, leader elected after 5155ms
2020-06-05 16:07:46,650 [Thread-205] INFO  impl.FollowerState (FollowerState.java:run(108)) - 902fabd4-5f55-4bcb-bd45-7818ae89d354@group-DE6D8316CF0F-FollowerState: change to CANDIDATE, lastRpcTime:5081ms, electionTimeout:5073ms
2020-06-05 16:07:46,651 [Thread-205] INFO  impl.RoleInfo (RoleInfo.java:shutdownFollowerState(121)) - 902fabd4-5f55-4bcb-bd45-7818ae89d354: shutdown FollowerState
2020-06-05 16:07:46,651 [Thread-205] INFO  impl.RaftServerImpl (RaftServerImpl.java:setRole(173)) - 902fabd4-5f55-4bcb-bd45-7818ae89d354@group-DE6D8316CF0F: changes role from  FOLLOWER to CANDIDATE at term 0 for changeToCandidate
2020-06-05 16:07:46,651 [Thread-205] INFO  impl.RoleInfo (RoleInfo.java:updateAndGet(143)) - 902fabd4-5f55-4bcb-bd45-7818ae89d354: start LeaderElection
2020-06-05 16:07:46,652 [a0aacd28-4468-409f-aa57-a8c1d52d114c@group-B47274244063-LeaderElection1] INFO  server.RaftServerConfigKeys (ConfUtils.java:logGet(44)) - raft.server.staging.catchup.gap = 1000 (default)
2020-06-05 16:07:46,652 [a0aacd28-4468-409f-aa57-a8c1d52d114c@group-B47274244063-LeaderElection1] INFO  server.RaftServerConfigKeys (ConfUtils.java:logGet(44)) - raft.server.rpc.sleep.time = 25ms (default)
2020-06-05 16:07:46,656 [a0aacd28-4468-409f-aa57-a8c1d52d114c@group-B47274244063-LeaderElection1] INFO  metrics.RatisMetrics (RatisMetrics.java:lambda$create$0(39)) - Creating Metrics Registry : ratis.log_appender.a0aacd28-4468-409f-aa57-a8c1d52d114c@group-B47274244063
2020-06-05 16:07:46,657 [a0aacd28-4468-409f-aa57-a8c1d52d114c@group-B47274244063-LeaderElection1] INFO  server.RaftServerConfigKeys (ConfUtils.java:logGet(44)) - raft.server.write.element-limit = 1024 (custom)
2020-06-05 16:07:46,657 [a0aacd28-4468-409f-aa57-a8c1d52d114c@group-B47274244063-LeaderElection1] INFO  server.RaftServerConfigKeys (ConfUtils.java:logGet(44)) - raft.server.write.byte-limit = 1073741824 (custom)
2020-06-05 16:07:46,664 [a0aacd28-4468-409f-aa57-a8c1d52d114c@group-B47274244063-LeaderElection1] INFO  server.RaftServerConfigKeys (ConfUtils.java:logGet(44)) - raft.server.watch.timeout = 10s (default)
2020-06-05 16:07:46,664 [a0aacd28-4468-409f-aa57-a8c1d52d114c@group-B47274244063-LeaderElection1] INFO  server.RaftServerConfigKeys (ConfUtils.java:logGet(44)) - raft.server.watch.timeout.denomination = 1s (default)
2020-06-05 16:07:46,665 [902fabd4-5f55-4bcb-bd45-7818ae89d354@group-DE6D8316CF0F-LeaderElection2] INFO  impl.LeaderElection (LeaderElection.java:askForVotes(206)) - 902fabd4-5f55-4bcb-bd45-7818ae89d354@group-DE6D8316CF0F-LeaderElection2: begin an election at term 1 for -1: [902fabd4-5f55-4bcb-bd45-7818ae89d354:172.17.0.2:36677], old=null
2020-06-05 16:07:46,665 [902fabd4-5f55-4bcb-bd45-7818ae89d354@group-DE6D8316CF0F-LeaderElection2] INFO  impl.RoleInfo (RoleInfo.java:shutdownLeaderElection(134)) - 902fabd4-5f55-4bcb-bd45-7818ae89d354: shutdown LeaderElection
2020-06-05 16:07:46,665 [902fabd4-5f55-4bcb-bd45-7818ae89d354@group-DE6D8316CF0F-LeaderElection2] INFO  impl.RaftServerImpl (RaftServerImpl.java:setRole(173)) - 902fabd4-5f55-4bcb-bd45-7818ae89d354@group-DE6D8316CF0F: changes role from CANDIDATE to LEADER at term 1 for changeToLeader
2020-06-05 16:07:46,665 [902fabd4-5f55-4bcb-bd45-7818ae89d354@group-DE6D8316CF0F-LeaderElection2] INFO  ratis.XceiverServerRatis (XceiverServerRatis.java:handleLeaderChangedNotification(762)) - Leader change notification received for group: group-DE6D8316CF0F with new leaderId: 902fabd4-5f55-4bcb-bd45-7818ae89d354
2020-06-05 16:07:46,666 [902fabd4-5f55-4bcb-bd45-7818ae89d354@group-DE6D8316CF0F-LeaderElection2] INFO  impl.RaftServerImpl (ServerState.java:setLeader(255)) - 902fabd4-5f55-4bcb-bd45-7818ae89d354@group-DE6D8316CF0F: change Leader from null to 902fabd4-5f55-4bcb-bd45-7818ae89d354 at term 1 for becomeLeader, leader elected after 5253ms
2020-06-05 16:07:46,666 [902fabd4-5f55-4bcb-bd45-7818ae89d354@group-DE6D8316CF0F-LeaderElection2] INFO  server.RaftServerConfigKeys (ConfUtils.java:logGet(44)) - raft.server.staging.catchup.gap = 1000 (default)
2020-06-05 16:07:46,666 [902fabd4-5f55-4bcb-bd45-7818ae89d354@group-DE6D8316CF0F-LeaderElection2] INFO  server.RaftServerConfigKeys (ConfUtils.java:logGet(44)) - raft.server.rpc.sleep.time = 25ms (default)
2020-06-05 16:07:46,666 [902fabd4-5f55-4bcb-bd45-7818ae89d354@group-DE6D8316CF0F-LeaderElection2] INFO  metrics.RatisMetrics (RatisMetrics.java:lambda$create$0(39)) - Creating Metrics Registry : ratis.log_appender.902fabd4-5f55-4bcb-bd45-7818ae89d354@group-DE6D8316CF0F
2020-06-05 16:07:46,666 [902fabd4-5f55-4bcb-bd45-7818ae89d354@group-DE6D8316CF0F-LeaderElection2] INFO  server.RaftServerConfigKeys (ConfUtils.java:logGet(44)) - raft.server.write.element-limit = 1024 (custom)
2020-06-05 16:07:46,666 [902fabd4-5f55-4bcb-bd45-7818ae89d354@group-DE6D8316CF0F-LeaderElection2] INFO  server.RaftServerConfigKeys (ConfUtils.java:logGet(44)) - raft.server.write.byte-limit = 1073741824 (custom)
2020-06-05 16:07:46,667 [902fabd4-5f55-4bcb-bd45-7818ae89d354@group-DE6D8316CF0F-LeaderElection2] INFO  server.RaftServerConfigKeys (ConfUtils.java:logGet(44)) - raft.server.watch.timeout = 10s (default)
2020-06-05 16:07:46,667 [902fabd4-5f55-4bcb-bd45-7818ae89d354@group-DE6D8316CF0F-LeaderElection2] INFO  server.RaftServerConfigKeys (ConfUtils.java:logGet(44)) - raft.server.watch.timeout.denomination = 1s (default)
2020-06-05 16:07:46,668 [902fabd4-5f55-4bcb-bd45-7818ae89d354@group-DE6D8316CF0F-LeaderElection2] INFO  server.RaftServerConfigKeys (ConfUtils.java:logGet(44)) - raft.server.watch.element-limit = 65536 (default)
2020-06-05 16:07:46,675 [a0aacd28-4468-409f-aa57-a8c1d52d114c@group-B47274244063-LeaderElection1] INFO  server.RaftServerConfigKeys (ConfUtils.java:logGet(44)) - raft.server.watch.element-limit = 65536 (default)
2020-06-05 16:07:46,675 [a0aacd28-4468-409f-aa57-a8c1d52d114c@group-B47274244063-LeaderElection1] INFO  impl.RoleInfo (RoleInfo.java:updateAndGet(143)) - a0aacd28-4468-409f-aa57-a8c1d52d114c: start LeaderState
2020-06-05 16:07:46,678 [902fabd4-5f55-4bcb-bd45-7818ae89d354@group-DE6D8316CF0F-LeaderElection2] INFO  impl.RoleInfo (RoleInfo.java:updateAndGet(143)) - 902fabd4-5f55-4bcb-bd45-7818ae89d354: start LeaderState
2020-06-05 16:07:46,691 [902fabd4-5f55-4bcb-bd45-7818ae89d354@group-DE6D8316CF0F-LeaderElection2] INFO  segmented.SegmentedRaftLogWorker (SegmentedRaftLogWorker.java:startLogSegment(391)) - 902fabd4-5f55-4bcb-bd45-7818ae89d354@group-DE6D8316CF0F-SegmentedRaftLogWorker: Starting segment from index:0
2020-06-05 16:07:46,691 [a0aacd28-4468-409f-aa57-a8c1d52d114c@group-B47274244063-LeaderElection1] INFO  segmented.SegmentedRaftLogWorker (SegmentedRaftLogWorker.java:startLogSegment(391)) - a0aacd28-4468-409f-aa57-a8c1d52d114c@group-B47274244063-SegmentedRaftLogWorker: Starting segment from index:0
2020-06-05 16:07:46,700 [a0aacd28-4468-409f-aa57-a8c1d52d114c@group-B47274244063-LeaderElection1] INFO  impl.RaftServerImpl (ServerState.java:setRaftConf(356)) - a0aacd28-4468-409f-aa57-a8c1d52d114c@group-B47274244063: set configuration 0: [a0aacd28-4468-409f-aa57-a8c1d52d114c:172.17.0.2:32975], old=null at 0
2020-06-05 16:07:46,707 [902fabd4-5f55-4bcb-bd45-7818ae89d354@group-DE6D8316CF0F-LeaderElection2] INFO  impl.RaftServerImpl (ServerState.java:setRaftConf(356)) - 902fabd4-5f55-4bcb-bd45-7818ae89d354@group-DE6D8316CF0F: set configuration 0: [902fabd4-5f55-4bcb-bd45-7818ae89d354:172.17.0.2:36677], old=null at 0
2020-06-05 16:07:46,746 [Thread-210] INFO  impl.FollowerState (FollowerState.java:run(108)) - 902fabd4-5f55-4bcb-bd45-7818ae89d354@group-097DD4A676AA-FollowerState: change to CANDIDATE, lastRpcTime:5077ms, electionTimeout:5068ms
2020-06-05 16:07:46,747 [Thread-210] INFO  impl.RoleInfo (RoleInfo.java:shutdownFollowerState(121)) - 902fabd4-5f55-4bcb-bd45-7818ae89d354: shutdown FollowerState
2020-06-05 16:07:46,747 [Thread-210] INFO  impl.RaftServerImpl (RaftServerImpl.java:setRole(173)) - 902fabd4-5f55-4bcb-bd45-7818ae89d354@group-097DD4A676AA: changes role from  FOLLOWER to CANDIDATE at term 0 for changeToCandidate
2020-06-05 16:07:46,747 [Thread-210] INFO  impl.RoleInfo (RoleInfo.java:updateAndGet(143)) - 902fabd4-5f55-4bcb-bd45-7818ae89d354: start LeaderElection
2020-06-05 16:07:46,763 [Thread-212] INFO  impl.FollowerState (FollowerState.java:run(108)) - 46a0c3d8-0862-44f9-974b-4404c1ab61a7@group-44FD5F73072C-FollowerState: change to CANDIDATE, lastRpcTime:5083ms, electionTimeout:5082ms
2020-06-05 16:07:46,763 [Thread-212] INFO  impl.RoleInfo (RoleInfo.java:shutdownFollowerState(121)) - 46a0c3d8-0862-44f9-974b-4404c1ab61a7: shutdown FollowerState
2020-06-05 16:07:46,763 [Thread-212] INFO  impl.RaftServerImpl (RaftServerImpl.java:setRole(173)) - 46a0c3d8-0862-44f9-974b-4404c1ab61a7@group-44FD5F73072C: changes role from  FOLLOWER to CANDIDATE at term 0 for changeToCandidate
2020-06-05 16:07:46,763 [Thread-212] INFO  impl.RoleInfo (RoleInfo.java:updateAndGet(143)) - 46a0c3d8-0862-44f9-974b-4404c1ab61a7: start LeaderElection
2020-06-05 16:07:46,764 [902fabd4-5f55-4bcb-bd45-7818ae89d354@group-097DD4A676AA-LeaderElection3] INFO  impl.LeaderElection (LeaderElection.java:askForVotes(206)) - 902fabd4-5f55-4bcb-bd45-7818ae89d354@group-097DD4A676AA-LeaderElection3: begin an election at term 1 for -1: [46a0c3d8-0862-44f9-974b-4404c1ab61a7:172.17.0.2:45511, a0aacd28-4468-409f-aa57-a8c1d52d114c:172.17.0.2:32975, 902fabd4-5f55-4bcb-bd45-7818ae89d354:172.17.0.2:36677], old=null
2020-06-05 16:07:46,781 [Listener at 127.0.0.1/41627] INFO  ozone.MiniOzoneClusterImpl (MiniOzoneClusterImpl.java:lambda$waitForClusterToBeReady$0(177)) - Nodes are ready. Got 5 of 5 DN Heartbeats.
2020-06-05 16:07:46,781 [Listener at 127.0.0.1/41627] INFO  ozone.MiniOzoneClusterImpl (MiniOzoneClusterImpl.java:lambda$waitForClusterToBeReady$0(180)) - Waiting for cluster to exit safe mode
2020-06-05 16:07:46,784 [Thread-208] INFO  impl.FollowerState (FollowerState.java:run(108)) - a0aacd28-4468-409f-aa57-a8c1d52d114c@group-097DD4A676AA-FollowerState: change to CANDIDATE, lastRpcTime:5138ms, electionTimeout:5130ms
2020-06-05 16:07:46,784 [Thread-208] INFO  impl.RoleInfo (RoleInfo.java:shutdownFollowerState(121)) - a0aacd28-4468-409f-aa57-a8c1d52d114c: shutdown FollowerState
2020-06-05 16:07:46,784 [Thread-208] INFO  impl.RaftServerImpl (RaftServerImpl.java:setRole(173)) - a0aacd28-4468-409f-aa57-a8c1d52d114c@group-097DD4A676AA: changes role from  FOLLOWER to CANDIDATE at term 0 for changeToCandidate
2020-06-05 16:07:46,784 [Thread-208] INFO  impl.RoleInfo (RoleInfo.java:updateAndGet(143)) - a0aacd28-4468-409f-aa57-a8c1d52d114c: start LeaderElection
2020-06-05 16:07:46,785 [46a0c3d8-0862-44f9-974b-4404c1ab61a7@group-44FD5F73072C-LeaderElection4] INFO  impl.LeaderElection (LeaderElection.java:askForVotes(206)) - 46a0c3d8-0862-44f9-974b-4404c1ab61a7@group-44FD5F73072C-LeaderElection4: begin an election at term 1 for -1: [46a0c3d8-0862-44f9-974b-4404c1ab61a7:172.17.0.2:45511], old=null
2020-06-05 16:07:46,785 [46a0c3d8-0862-44f9-974b-4404c1ab61a7@group-44FD5F73072C-LeaderElection4] INFO  impl.RoleInfo (RoleInfo.java:shutdownLeaderElection(134)) - 46a0c3d8-0862-44f9-974b-4404c1ab61a7: shutdown LeaderElection
2020-06-05 16:07:46,785 [46a0c3d8-0862-44f9-974b-4404c1ab61a7@group-44FD5F73072C-LeaderElection4] INFO  impl.RaftServerImpl (RaftServerImpl.java:setRole(173)) - 46a0c3d8-0862-44f9-974b-4404c1ab61a7@group-44FD5F73072C: changes role from CANDIDATE to LEADER at term 1 for changeToLeader
2020-06-05 16:07:46,785 [46a0c3d8-0862-44f9-974b-4404c1ab61a7@group-44FD5F73072C-LeaderElection4] INFO  ratis.XceiverServerRatis (XceiverServerRatis.java:handleLeaderChangedNotification(762)) - Leader change notification received for group: group-44FD5F73072C with new leaderId: 46a0c3d8-0862-44f9-974b-4404c1ab61a7
2020-06-05 16:07:46,785 [46a0c3d8-0862-44f9-974b-4404c1ab61a7@group-44FD5F73072C-LeaderElection4] INFO  impl.RaftServerImpl (ServerState.java:setLeader(255)) - 46a0c3d8-0862-44f9-974b-4404c1ab61a7@group-44FD5F73072C: change Leader from null to 46a0c3d8-0862-44f9-974b-4404c1ab61a7 at term 1 for becomeLeader, leader elected after 5147ms
2020-06-05 16:07:46,785 [46a0c3d8-0862-44f9-974b-4404c1ab61a7@group-44FD5F73072C-LeaderElection4] INFO  server.RaftServerConfigKeys (ConfUtils.java:logGet(44)) - raft.server.staging.catchup.gap = 1000 (default)
2020-06-05 16:07:46,785 [46a0c3d8-0862-44f9-974b-4404c1ab61a7@group-44FD5F73072C-LeaderElection4] INFO  server.RaftServerConfigKeys (ConfUtils.java:logGet(44)) - raft.server.rpc.sleep.time = 25ms (default)
2020-06-05 16:07:46,785 [46a0c3d8-0862-44f9-974b-4404c1ab61a7@group-44FD5F73072C-LeaderElection4] INFO  metrics.RatisMetrics (RatisMetrics.java:lambda$create$0(39)) - Creating Metrics Registry : ratis.log_appender.46a0c3d8-0862-44f9-974b-4404c1ab61a7@group-44FD5F73072C
2020-06-05 16:07:46,785 [46a0c3d8-0862-44f9-974b-4404c1ab61a7@group-44FD5F73072C-LeaderElection4] INFO  server.RaftServerConfigKeys (ConfUtils.java:logGet(44)) - raft.server.write.element-limit = 1024 (custom)
2020-06-05 16:07:46,785 [46a0c3d8-0862-44f9-974b-4404c1ab61a7@group-44FD5F73072C-LeaderElection4] INFO  server.RaftServerConfigKeys (ConfUtils.java:logGet(44)) - raft.server.write.byte-limit = 1073741824 (custom)
2020-06-05 16:07:46,786 [46a0c3d8-0862-44f9-974b-4404c1ab61a7@group-44FD5F73072C-LeaderElection4] INFO  server.RaftServerConfigKeys (ConfUtils.java:logGet(44)) - raft.server.watch.timeout = 10s (default)
2020-06-05 16:07:46,786 [46a0c3d8-0862-44f9-974b-4404c1ab61a7@group-44FD5F73072C-LeaderElection4] INFO  server.RaftServerConfigKeys (ConfUtils.java:logGet(44)) - raft.server.watch.timeout.denomination = 1s (default)
2020-06-05 16:07:46,786 [46a0c3d8-0862-44f9-974b-4404c1ab61a7@group-44FD5F73072C-LeaderElection4] INFO  server.RaftServerConfigKeys (ConfUtils.java:logGet(44)) - raft.server.watch.element-limit = 65536 (default)
2020-06-05 16:07:46,786 [46a0c3d8-0862-44f9-974b-4404c1ab61a7@group-44FD5F73072C-LeaderElection4] INFO  impl.RoleInfo (RoleInfo.java:updateAndGet(143)) - 46a0c3d8-0862-44f9-974b-4404c1ab61a7: start LeaderState
2020-06-05 16:07:46,787 [46a0c3d8-0862-44f9-974b-4404c1ab61a7@group-44FD5F73072C-LeaderElection4] INFO  segmented.SegmentedRaftLogWorker (SegmentedRaftLogWorker.java:startLogSegment(391)) - 46a0c3d8-0862-44f9-974b-4404c1ab61a7@group-44FD5F73072C-SegmentedRaftLogWorker: Starting segment from index:0
2020-06-05 16:07:46,788 [46a0c3d8-0862-44f9-974b-4404c1ab61a7@group-44FD5F73072C-LeaderElection4] INFO  impl.RaftServerImpl (ServerState.java:setRaftConf(356)) - 46a0c3d8-0862-44f9-974b-4404c1ab61a7@group-44FD5F73072C: set configuration 0: [46a0c3d8-0862-44f9-974b-4404c1ab61a7:172.17.0.2:45511], old=null at 0
2020-06-05 16:07:46,814 [a0aacd28-4468-409f-aa57-a8c1d52d114c@group-097DD4A676AA-LeaderElection5] INFO  impl.LeaderElection (LeaderElection.java:askForVotes(206)) - a0aacd28-4468-409f-aa57-a8c1d52d114c@group-097DD4A676AA-LeaderElection5: begin an election at term 1 for -1: [46a0c3d8-0862-44f9-974b-4404c1ab61a7:172.17.0.2:45511, a0aacd28-4468-409f-aa57-a8c1d52d114c:172.17.0.2:32975, 902fabd4-5f55-4bcb-bd45-7818ae89d354:172.17.0.2:36677], old=null
2020-06-05 16:07:46,829 [grpc-default-executor-2] INFO  impl.RaftServerImpl (RaftServerImpl.java:setRole(173)) - 46a0c3d8-0862-44f9-974b-4404c1ab61a7@group-097DD4A676AA: changes role from  FOLLOWER to FOLLOWER at term 1 for recognizeCandidate:a0aacd28-4468-409f-aa57-a8c1d52d114c
2020-06-05 16:07:46,829 [grpc-default-executor-2] INFO  impl.RoleInfo (RoleInfo.java:shutdownFollowerState(121)) - 46a0c3d8-0862-44f9-974b-4404c1ab61a7: shutdown FollowerState
2020-06-05 16:07:46,830 [grpc-default-executor-2] INFO  impl.RoleInfo (RoleInfo.java:updateAndGet(143)) - 46a0c3d8-0862-44f9-974b-4404c1ab61a7: start FollowerState
2020-06-05 16:07:46,830 [Thread-214] INFO  impl.FollowerState (FollowerState.java:run(117)) - 46a0c3d8-0862-44f9-974b-4404c1ab61a7@group-097DD4A676AA-FollowerState was interrupted: java.lang.InterruptedException: sleep interrupted
2020-06-05 16:07:46,856 [902fabd4-5f55-4bcb-bd45-7818ae89d354@group-097DD4A676AA-LeaderElection3] INFO  impl.LeaderElection (LeaderElection.java:logAndReturn(61)) - 902fabd4-5f55-4bcb-bd45-7818ae89d354@group-097DD4A676AA-LeaderElection3: Election REJECTED; received 2 response(s) [902fabd4-5f55-4bcb-bd45-7818ae89d354<-46a0c3d8-0862-44f9-974b-4404c1ab61a7#0:FAIL-t1, 902fabd4-5f55-4bcb-bd45-7818ae89d354<-a0aacd28-4468-409f-aa57-a8c1d52d114c#0:FAIL-t1] and 0 exception(s); 902fabd4-5f55-4bcb-bd45-7818ae89d354@group-097DD4A676AA:t1, leader=null, voted=902fabd4-5f55-4bcb-bd45-7818ae89d354, raftlog=902fabd4-5f55-4bcb-bd45-7818ae89d354@group-097DD4A676AA-SegmentedRaftLog:OPENED:c-1,f-1,i0, conf=-1: [46a0c3d8-0862-44f9-974b-4404c1ab61a7:172.17.0.2:45511, a0aacd28-4468-409f-aa57-a8c1d52d114c:172.17.0.2:32975, 902fabd4-5f55-4bcb-bd45-7818ae89d354:172.17.0.2:36677], old=null
2020-06-05 16:07:46,856 [902fabd4-5f55-4bcb-bd45-7818ae89d354@group-097DD4A676AA-LeaderElection3] INFO  impl.RaftServerImpl (RaftServerImpl.java:setRole(173)) - 902fabd4-5f55-4bcb-bd45-7818ae89d354@group-097DD4A676AA: changes role from CANDIDATE to FOLLOWER at term 1 for DISCOVERED_A_NEW_TERM
2020-06-05 16:07:46,856 [902fabd4-5f55-4bcb-bd45-7818ae89d354@group-097DD4A676AA-LeaderElection3] INFO  impl.RoleInfo (RoleInfo.java:shutdownLeaderElection(134)) - 902fabd4-5f55-4bcb-bd45-7818ae89d354: shutdown LeaderElection
2020-06-05 16:07:46,856 [902fabd4-5f55-4bcb-bd45-7818ae89d354@group-097DD4A676AA-LeaderElection3] INFO  impl.RoleInfo (RoleInfo.java:updateAndGet(143)) - 902fabd4-5f55-4bcb-bd45-7818ae89d354: start FollowerState
2020-06-05 16:07:46,871 [a0aacd28-4468-409f-aa57-a8c1d52d114c@group-097DD4A676AA-LeaderElection5] INFO  impl.LeaderElection (LeaderElection.java:logAndReturn(61)) - a0aacd28-4468-409f-aa57-a8c1d52d114c@group-097DD4A676AA-LeaderElection5: Election PASSED; received 1 response(s) [a0aacd28-4468-409f-aa57-a8c1d52d114c<-46a0c3d8-0862-44f9-974b-4404c1ab61a7#0:OK-t1] and 0 exception(s); a0aacd28-4468-409f-aa57-a8c1d52d114c@group-097DD4A676AA:t1, leader=null, voted=a0aacd28-4468-409f-aa57-a8c1d52d114c, raftlog=a0aacd28-4468-409f-aa57-a8c1d52d114c@group-097DD4A676AA-SegmentedRaftLog:OPENED:c-1,f-1,i0, conf=-1: [46a0c3d8-0862-44f9-974b-4404c1ab61a7:172.17.0.2:45511, a0aacd28-4468-409f-aa57-a8c1d52d114c:172.17.0.2:32975, 902fabd4-5f55-4bcb-bd45-7818ae89d354:172.17.0.2:36677], old=null
2020-06-05 16:07:46,871 [a0aacd28-4468-409f-aa57-a8c1d52d114c@group-097DD4A676AA-LeaderElection5] INFO  impl.RoleInfo (RoleInfo.java:shutdownLeaderElection(134)) - a0aacd28-4468-409f-aa57-a8c1d52d114c: shutdown LeaderElection
2020-06-05 16:07:46,876 [a0aacd28-4468-409f-aa57-a8c1d52d114c@group-097DD4A676AA-LeaderElection5] INFO  impl.RaftServerImpl (RaftServerImpl.java:setRole(173)) - a0aacd28-4468-409f-aa57-a8c1d52d114c@group-097DD4A676AA: changes role from CANDIDATE to LEADER at term 1 for changeToLeader
2020-06-05 16:07:46,876 [a0aacd28-4468-409f-aa57-a8c1d52d114c@group-097DD4A676AA-LeaderElection5] INFO  ratis.XceiverServerRatis (XceiverServerRatis.java:handleLeaderChangedNotification(762)) - Leader change notification received for group: group-097DD4A676AA with new leaderId: a0aacd28-4468-409f-aa57-a8c1d52d114c
2020-06-05 16:07:46,876 [a0aacd28-4468-409f-aa57-a8c1d52d114c@group-097DD4A676AA-LeaderElection5] INFO  impl.RaftServerImpl (ServerState.java:setLeader(255)) - a0aacd28-4468-409f-aa57-a8c1d52d114c@group-097DD4A676AA: change Leader from null to a0aacd28-4468-409f-aa57-a8c1d52d114c at term 1 for becomeLeader, leader elected after 5253ms
2020-06-05 16:07:46,876 [a0aacd28-4468-409f-aa57-a8c1d52d114c@group-097DD4A676AA-LeaderElection5] INFO  server.RaftServerConfigKeys (ConfUtils.java:logGet(44)) - raft.server.staging.catchup.gap = 1000 (default)
2020-06-05 16:07:46,876 [a0aacd28-4468-409f-aa57-a8c1d52d114c@group-097DD4A676AA-LeaderElection5] INFO  server.RaftServerConfigKeys (ConfUtils.java:logGet(44)) - raft.server.rpc.sleep.time = 25ms (default)
2020-06-05 16:07:46,876 [a0aacd28-4468-409f-aa57-a8c1d52d114c@group-097DD4A676AA-LeaderElection5] INFO  metrics.RatisMetrics (RatisMetrics.java:lambda$create$0(39)) - Creating Metrics Registry : ratis.log_appender.a0aacd28-4468-409f-aa57-a8c1d52d114c@group-097DD4A676AA
2020-06-05 16:07:46,876 [a0aacd28-4468-409f-aa57-a8c1d52d114c@group-097DD4A676AA-LeaderElection5] INFO  server.RaftServerConfigKeys (ConfUtils.java:logGet(44)) - raft.server.write.element-limit = 1024 (custom)
2020-06-05 16:07:46,877 [a0aacd28-4468-409f-aa57-a8c1d52d114c@group-097DD4A676AA-LeaderElection5] INFO  server.RaftServerConfigKeys (ConfUtils.java:logGet(44)) - raft.server.write.byte-limit = 1073741824 (custom)
2020-06-05 16:07:46,877 [a0aacd28-4468-409f-aa57-a8c1d52d114c@group-097DD4A676AA-LeaderElection5] INFO  server.RaftServerConfigKeys (ConfUtils.java:logGet(44)) - raft.server.watch.timeout = 10s (default)
2020-06-05 16:07:46,877 [a0aacd28-4468-409f-aa57-a8c1d52d114c@group-097DD4A676AA-LeaderElection5] INFO  server.RaftServerConfigKeys (ConfUtils.java:logGet(44)) - raft.server.watch.timeout.denomination = 1s (default)
2020-06-05 16:07:46,877 [a0aacd28-4468-409f-aa57-a8c1d52d114c@group-097DD4A676AA-LeaderElection5] INFO  server.RaftServerConfigKeys (ConfUtils.java:logGet(44)) - raft.server.watch.element-limit = 65536 (default)
2020-06-05 16:07:46,877 [EventQueue-PipelineReportForPipelineReportHandler] INFO  pipeline.PipelineStateManager (PipelineStateManager.java:openPipeline(131)) - Pipeline Pipeline[ Id: 33b5c055-b114-48f3-abeb-097dd4a676aa, Nodes: 46a0c3d8-0862-44f9-974b-4404c1ab61a7{ip: 172.17.0.2, host: 7ac93f77682e, networkLocation: /default-rack, certSerialId: null}a0aacd28-4468-409f-aa57-a8c1d52d114c{ip: 172.17.0.2, host: 7ac93f77682e, networkLocation: /default-rack, certSerialId: null}902fabd4-5f55-4bcb-bd45-7818ae89d354{ip: 172.17.0.2, host: 7ac93f77682e, networkLocation: /default-rack, certSerialId: null}, Type:RATIS, Factor:THREE, State:ALLOCATED, leaderId:a0aacd28-4468-409f-aa57-a8c1d52d114c, CreationTimestamp2020-06-05T16:07:38.600Z] moved to OPEN state
2020-06-05 16:07:46,881 [EventQueue-OpenPipelineForHealthyPipelineSafeModeRule] INFO  safemode.SCMSafeModeManager (HealthyPipelineSafeModeRule.java:process(132)) - SCM in safe mode. Healthy pipelines reported count is 1, required healthy pipeline reported count is 1
2020-06-05 16:07:46,881 [EventQueue-OpenPipelineForHealthyPipelineSafeModeRule] INFO  safemode.SCMSafeModeManager (SCMSafeModeManager.java:validateSafeModeExitRules(213)) - HealthyPipelineSafeModeRule rule is successfully validated
2020-06-05 16:07:46,881 [EventQueue-OpenPipelineForHealthyPipelineSafeModeRule] INFO  safemode.SCMSafeModeManager (SCMSafeModeManager.java:validateSafeModeExitRules(227)) - ScmSafeModeManager, all rules are successfully validated
2020-06-05 16:07:46,881 [EventQueue-OpenPipelineForHealthyPipelineSafeModeRule] INFO  safemode.SCMSafeModeManager (SCMSafeModeManager.java:exitSafeMode(256)) - SCM exiting safe mode.
2020-06-05 16:07:46,884 [a0aacd28-4468-409f-aa57-a8c1d52d114c@group-097DD4A676AA-LeaderElection5] INFO  server.RaftServerConfigKeys (ConfUtils.java:logGet(44)) - raft.server.log.appender.snapshot.chunk.size.max = 16MB (=16777216) (default)
2020-06-05 16:07:46,887 [a0aacd28-4468-409f-aa57-a8c1d52d114c@group-097DD4A676AA-LeaderElection5] INFO  server.RaftServerConfigKeys (ConfUtils.java:logGet(44)) - raft.server.log.appender.buffer.byte-limit = 33554432 (custom)
2020-06-05 16:07:46,885 [46a0c3d8-0862-44f9-974b-4404c1ab61a7@group-44FD5F73072C-SegmentedRaftLogWorker] INFO  segmented.SegmentedRaftLogWorker (SegmentedRaftLogWorker.java:execute(583)) - 46a0c3d8-0862-44f9-974b-4404c1ab61a7@group-44FD5F73072C-SegmentedRaftLogWorker: created new log segment /github/workspace/mnt/ozone/hadoop-ozone/integration-test/target/test-dir/MiniOzoneClusterImpl-6eb41c3d-d065-4553-9f67-aae7eb4bf1fa/datanode-2/data/ratis/30b2387c-d9dc-4941-ba1f-44fd5f73072c/current/log_inprogress_0
2020-06-05 16:07:46,888 [a0aacd28-4468-409f-aa57-a8c1d52d114c@group-097DD4A676AA-LeaderElection5] INFO  server.RaftServerConfigKeys (ConfUtils.java:logGet(44)) - raft.server.log.appender.buffer.element-limit = 1 (custom)
2020-06-05 16:07:46,885 [902fabd4-5f55-4bcb-bd45-7818ae89d354@group-DE6D8316CF0F-SegmentedRaftLogWorker] INFO  segmented.SegmentedRaftLogWorker (SegmentedRaftLogWorker.java:execute(583)) - 902fabd4-5f55-4bcb-bd45-7818ae89d354@group-DE6D8316CF0F-SegmentedRaftLogWorker: created new log segment /github/workspace/mnt/ozone/hadoop-ozone/integration-test/target/test-dir/MiniOzoneClusterImpl-6eb41c3d-d065-4553-9f67-aae7eb4bf1fa/datanode-0/data/ratis/7b8ddc99-f961-4689-9225-de6d8316cf0f/current/log_inprogress_0
2020-06-05 16:07:46,884 [a0aacd28-4468-409f-aa57-a8c1d52d114c@group-B47274244063-SegmentedRaftLogWorker] INFO  segmented.SegmentedRaftLogWorker (SegmentedRaftLogWorker.java:execute(583)) - a0aacd28-4468-409f-aa57-a8c1d52d114c@group-B47274244063-SegmentedRaftLogWorker: created new log segment /github/workspace/mnt/ozone/hadoop-ozone/integration-test/target/test-dir/MiniOzoneClusterImpl-6eb41c3d-d065-4553-9f67-aae7eb4bf1fa/datanode-1/data/ratis/59f2d8ee-f4e7-4dde-9bf6-b47274244063/current/log_inprogress_0
2020-06-05 16:07:46,899 [Thread-216] INFO  impl.FollowerState (FollowerState.java:run(108)) - 2e460caa-4a9b-49fd-a238-aca4d6f6d8f6@group-F63E2698C887-FollowerState: change to CANDIDATE, lastRpcTime:5150ms, electionTimeout:5127ms
2020-06-05 16:07:46,898 [a0aacd28-4468-409f-aa57-a8c1d52d114c@group-097DD4A676AA-LeaderElection5] INFO  grpc.GrpcConfigKeys (ConfUtils.java:logGet(44)) - raft.grpc.server.leader.outstanding.appends.max = 128 (default)
2020-06-05 16:07:46,899 [Thread-216] INFO  impl.RoleInfo (RoleInfo.java:shutdownFollowerState(121)) - 2e460caa-4a9b-49fd-a238-aca4d6f6d8f6: shutdown FollowerState
2020-06-05 16:07:46,900 [Thread-216] INFO  impl.RaftServerImpl (RaftServerImpl.java:setRole(173)) - 2e460caa-4a9b-49fd-a238-aca4d6f6d8f6@group-F63E2698C887: changes role from  FOLLOWER to CANDIDATE at term 0 for changeToCandidate
2020-06-05 16:07:46,900 [Thread-216] INFO  impl.RoleInfo (RoleInfo.java:updateAndGet(143)) - 2e460caa-4a9b-49fd-a238-aca4d6f6d8f6: start LeaderElection
2020-06-05 16:07:46,900 [a0aacd28-4468-409f-aa57-a8c1d52d114c@group-097DD4A676AA-LeaderElection5] INFO  server.RaftServerConfigKeys (ConfUtils.java:logGet(44)) - raft.server.rpc.request.timeout = 3s (default)
2020-06-05 16:07:46,900 [a0aacd28-4468-409f-aa57-a8c1d52d114c@group-097DD4A676AA-LeaderElection5] INFO  server.RaftServerConfigKeys (ConfUtils.java:logGet(44)) - raft.server.log.appender.install.snapshot.enabled = false (custom)
2020-06-05 16:07:46,904 [a0aacd28-4468-409f-aa57-a8c1d52d114c@group-097DD4A676AA-LeaderElection5] INFO  server.RaftServerConfigKeys (ConfUtils.java:logGet(44)) - raft.server.log.appender.snapshot.chunk.size.max = 16MB (=16777216) (default)
2020-06-05 16:07:46,904 [a0aacd28-4468-409f-aa57-a8c1d52d114c@group-097DD4A676AA-LeaderElection5] INFO  server.RaftServerConfigKeys (ConfUtils.java:logGet(44)) - raft.server.log.appender.buffer.byte-limit = 33554432 (custom)
2020-06-05 16:07:46,905 [a0aacd28-4468-409f-aa57-a8c1d52d114c@group-097DD4A676AA-LeaderElection5] INFO  server.RaftServerConfigKeys (ConfUtils.java:logGet(44)) - raft.server.log.appender.buffer.element-limit = 1 (custom)
2020-06-05 16:07:46,905 [a0aacd28-4468-409f-aa57-a8c1d52d114c@group-097DD4A676AA-LeaderElection5] INFO  grpc.GrpcConfigKeys (ConfUtils.java:logGet(44)) - raft.grpc.server.leader.outstanding.appends.max = 128 (default)
2020-06-05 16:07:46,906 [a0aacd28-4468-409f-aa57-a8c1d52d114c@group-097DD4A676AA-LeaderElection5] INFO  server.RaftServerConfigKeys (ConfUtils.java:logGet(44)) - raft.server.rpc.request.timeout = 3s (default)
2020-06-05 16:07:46,906 [a0aacd28-4468-409f-aa57-a8c1d52d114c@group-097DD4A676AA-LeaderElection5] INFO  server.RaftServerConfigKeys (ConfUtils.java:logGet(44)) - raft.server.log.appender.install.snapshot.enabled = false (custom)
2020-06-05 16:07:46,912 [a0aacd28-4468-409f-aa57-a8c1d52d114c@group-097DD4A676AA-LeaderElection5] INFO  impl.RoleInfo (RoleInfo.java:updateAndGet(143)) - a0aacd28-4468-409f-aa57-a8c1d52d114c: start LeaderState
2020-06-05 16:07:46,913 [a0aacd28-4468-409f-aa57-a8c1d52d114c@group-097DD4A676AA-LeaderElection5] INFO  segmented.SegmentedRaftLogWorker (SegmentedRaftLogWorker.java:startLogSegment(391)) - a0aacd28-4468-409f-aa57-a8c1d52d114c@group-097DD4A676AA-SegmentedRaftLogWorker: Starting segment from index:0
2020-06-05 16:07:46,914 [a0aacd28-4468-409f-aa57-a8c1d52d114c@group-097DD4A676AA-SegmentedRaftLogWorker] INFO  segmented.SegmentedRaftLogWorker (SegmentedRaftLogWorker.java:execute(583)) - a0aacd28-4468-409f-aa57-a8c1d52d114c@group-097DD4A676AA-SegmentedRaftLogWorker: created new log segment /github/workspace/mnt/ozone/hadoop-ozone/integration-test/target/test-dir/MiniOzoneClusterImpl-6eb41c3d-d065-4553-9f67-aae7eb4bf1fa/datanode-1/data/ratis/33b5c055-b114-48f3-abeb-097dd4a676aa/current/log_inprogress_0
2020-06-05 16:07:46,927 [a0aacd28-4468-409f-aa57-a8c1d52d114c@group-097DD4A676AA-LeaderElection5] INFO  impl.RaftServerImpl (ServerState.java:setRaftConf(356)) - a0aacd28-4468-409f-aa57-a8c1d52d114c@group-097DD4A676AA: set configuration 0: [46a0c3d8-0862-44f9-974b-4404c1ab61a7:172.17.0.2:45511, a0aacd28-4468-409f-aa57-a8c1d52d114c:172.17.0.2:32975, 902fabd4-5f55-4bcb-bd45-7818ae89d354:172.17.0.2:36677], old=null at 0
2020-06-05 16:07:46,936 [2e460caa-4a9b-49fd-a238-aca4d6f6d8f6@group-F63E2698C887-LeaderElection6] INFO  impl.LeaderElection (LeaderElection.java:askForVotes(206)) - 2e460caa-4a9b-49fd-a238-aca4d6f6d8f6@group-F63E2698C887-LeaderElection6: begin an election at term 1 for -1: [2e460caa-4a9b-49fd-a238-aca4d6f6d8f6:172.17.0.2:40821], old=null
2020-06-05 16:07:46,937 [2e460caa-4a9b-49fd-a238-aca4d6f6d8f6@group-F63E2698C887-LeaderElection6] INFO  impl.RoleInfo (RoleInfo.java:shutdownLeaderElection(134)) - 2e460caa-4a9b-49fd-a238-aca4d6f6d8f6: shutdown LeaderElection
2020-06-05 16:07:46,937 [2e460caa-4a9b-49fd-a238-aca4d6f6d8f6@group-F63E2698C887-LeaderElection6] INFO  impl.RaftServerImpl (RaftServerImpl.java:setRole(173)) - 2e460caa-4a9b-49fd-a238-aca4d6f6d8f6@group-F63E2698C887: changes role from CANDIDATE to LEADER at term 1 for changeToLeader
2020-06-05 16:07:46,937 [2e460caa-4a9b-49fd-a238-aca4d6f6d8f6@group-F63E2698C887-LeaderElection6] INFO  ratis.XceiverServerRatis (XceiverServerRatis.java:handleLeaderChangedNotification(762)) - Leader change notification received for group: group-F63E2698C887 with new leaderId: 2e460caa-4a9b-49fd-a238-aca4d6f6d8f6
2020-06-05 16:07:46,937 [2e460caa-4a9b-49fd-a238-aca4d6f6d8f6@group-F63E2698C887-LeaderElection6] INFO  impl.RaftServerImpl (ServerState.java:setLeader(255)) - 2e460caa-4a9b-49fd-a238-aca4d6f6d8f6@group-F63E2698C887: change Leader from null to 2e460caa-4a9b-49fd-a238-aca4d6f6d8f6 at term 1 for becomeLeader, leader elected after 5196ms
2020-06-05 16:07:46,937 [2e460caa-4a9b-49fd-a238-aca4d6f6d8f6@group-F63E2698C887-LeaderElection6] INFO  server.RaftServerConfigKeys (ConfUtils.java:logGet(44)) - raft.server.staging.catchup.gap = 1000 (default)
2020-06-05 16:07:46,939 [2e460caa-4a9b-49fd-a238-aca4d6f6d8f6@group-F63E2698C887-LeaderElection6] INFO  server.RaftServerConfigKeys (ConfUtils.java:logGet(44)) - raft.server.rpc.sleep.time = 25ms (default)
2020-06-05 16:07:46,939 [2e460caa-4a9b-49fd-a238-aca4d6f6d8f6@group-F63E2698C887-LeaderElection6] INFO  metrics.RatisMetrics (RatisMetrics.java:lambda$create$0(39)) - Creating Metrics Registry : ratis.log_appender.2e460caa-4a9b-49fd-a238-aca4d6f6d8f6@group-F63E2698C887
2020-06-05 16:07:46,939 [2e460caa-4a9b-49fd-a238-aca4d6f6d8f6@group-F63E2698C887-LeaderElection6] INFO  server.RaftServerConfigKeys (ConfUtils.java:logGet(44)) - raft.server.write.element-limit = 1024 (custom)
2020-06-05 16:07:46,939 [2e460caa-4a9b-49fd-a238-aca4d6f6d8f6@group-F63E2698C887-LeaderElection6] INFO  server.RaftServerConfigKeys (ConfUtils.java:logGet(44)) - raft.server.write.byte-limit = 1073741824 (custom)
2020-06-05 16:07:46,943 [2e460caa-4a9b-49fd-a238-aca4d6f6d8f6@group-F63E2698C887-LeaderElection6] INFO  server.RaftServerConfigKeys (ConfUtils.java:logGet(44)) - raft.server.watch.timeout = 10s (default)
2020-06-05 16:07:46,943 [2e460caa-4a9b-49fd-a238-aca4d6f6d8f6@group-F63E2698C887-LeaderElection6] INFO  server.RaftServerConfigKeys (ConfUtils.java:logGet(44)) - raft.server.watch.timeout.denomination = 1s (default)
2020-06-05 16:07:46,943 [2e460caa-4a9b-49fd-a238-aca4d6f6d8f6@group-F63E2698C887-LeaderElection6] INFO  server.RaftServerConfigKeys (ConfUtils.java:logGet(44)) - raft.server.watch.element-limit = 65536 (default)
2020-06-05 16:07:46,944 [2e460caa-4a9b-49fd-a238-aca4d6f6d8f6@group-F63E2698C887-LeaderElection6] INFO  impl.RoleInfo (RoleInfo.java:updateAndGet(143)) - 2e460caa-4a9b-49fd-a238-aca4d6f6d8f6: start LeaderState
2020-06-05 16:07:46,944 [2e460caa-4a9b-49fd-a238-aca4d6f6d8f6@group-F63E2698C887-LeaderElection6] INFO  segmented.SegmentedRaftLogWorker (SegmentedRaftLogWorker.java:startLogSegment(391)) - 2e460caa-4a9b-49fd-a238-aca4d6f6d8f6@group-F63E2698C887-SegmentedRaftLogWorker: Starting segment from index:0
2020-06-05 16:07:46,945 [2e460caa-4a9b-49fd-a238-aca4d6f6d8f6@group-F63E2698C887-SegmentedRaftLogWorker] INFO  segmented.SegmentedRaftLogWorker (SegmentedRaftLogWorker.java:execute(583)) - 2e460caa-4a9b-49fd-a238-aca4d6f6d8f6@group-F63E2698C887-SegmentedRaftLogWorker: created new log segment /github/workspace/mnt/ozone/hadoop-ozone/integration-test/target/test-dir/MiniOzoneClusterImpl-6eb41c3d-d065-4553-9f67-aae7eb4bf1fa/datanode-3/data/ratis/7378171f-dd05-458c-90a2-f63e2698c887/current/log_inprogress_0
2020-06-05 16:07:46,950 [2e460caa-4a9b-49fd-a238-aca4d6f6d8f6@group-F63E2698C887-LeaderElection6] INFO  impl.RaftServerImpl (ServerState.java:setRaftConf(356)) - 2e460caa-4a9b-49fd-a238-aca4d6f6d8f6@group-F63E2698C887: set configuration 0: [2e460caa-4a9b-49fd-a238-aca4d6f6d8f6:172.17.0.2:40821], old=null at 0
2020-06-05 16:07:46,961 [grpc-default-executor-1] INFO  ratis.XceiverServerRatis (XceiverServerRatis.java:handleLeaderChangedNotification(762)) - Leader change notification received for group: group-097DD4A676AA with new leaderId: a0aacd28-4468-409f-aa57-a8c1d52d114c
2020-06-05 16:07:46,961 [grpc-default-executor-1] INFO  impl.RaftServerImpl (ServerState.java:setLeader(255)) - 46a0c3d8-0862-44f9-974b-4404c1ab61a7@group-097DD4A676AA: change Leader from null to a0aacd28-4468-409f-aa57-a8c1d52d114c at term 1 for appendEntries, leader elected after 5256ms
2020-06-05 16:07:46,967 [grpc-default-executor-3] INFO  ratis.XceiverServerRatis (XceiverServerRatis.java:handleLeaderChangedNotification(762)) - Leader change notification received for group: group-097DD4A676AA with new leaderId: a0aacd28-4468-409f-aa57-a8c1d52d114c
2020-06-05 16:07:46,967 [grpc-default-executor-3] INFO  impl.RaftServerImpl (ServerState.java:setLeader(255)) - 902fabd4-5f55-4bcb-bd45-7818ae89d354@group-097DD4A676AA: change Leader from null to a0aacd28-4468-409f-aa57-a8c1d52d114c at term 1 for appendEntries, leader elected after 5325ms
2020-06-05 16:07:46,975 [grpc-default-executor-3] INFO  impl.RaftServerImpl (ServerState.java:setRaftConf(356)) - 902fabd4-5f55-4bcb-bd45-7818ae89d354@group-097DD4A676AA: set configuration 0: [46a0c3d8-0862-44f9-974b-4404c1ab61a7:172.17.0.2:45511, a0aacd28-4468-409f-aa57-a8c1d52d114c:172.17.0.2:32975, 902fabd4-5f55-4bcb-bd45-7818ae89d354:172.17.0.2:36677], old=null at 0
2020-06-05 16:07:46,975 [grpc-default-executor-3] INFO  segmented.SegmentedRaftLogWorker (SegmentedRaftLogWorker.java:startLogSegment(391)) - 902fabd4-5f55-4bcb-bd45-7818ae89d354@group-097DD4A676AA-SegmentedRaftLogWorker: Starting segment from index:0
2020-06-05 16:07:46,977 [grpc-default-executor-1] INFO  impl.RaftServerImpl (ServerState.java:setRaftConf(356)) - 46a0c3d8-0862-44f9-974b-4404c1ab61a7@group-097DD4A676AA: set configuration 0: [46a0c3d8-0862-44f9-974b-4404c1ab61a7:172.17.0.2:45511, a0aacd28-4468-409f-aa57-a8c1d52d114c:172.17.0.2:32975, 902fabd4-5f55-4bcb-bd45-7818ae89d354:172.17.0.2:36677], old=null at 0
2020-06-05 16:07:46,977 [grpc-default-executor-1] INFO  segmented.SegmentedRaftLogWorker (SegmentedRaftLogWorker.java:startLogSegment(391)) - 46a0c3d8-0862-44f9-974b-4404c1ab61a7@group-097DD4A676AA-SegmentedRaftLogWorker: Starting segment from index:0
2020-06-05 16:07:46,977 [902fabd4-5f55-4bcb-bd45-7818ae89d354@group-097DD4A676AA-SegmentedRaftLogWorker] INFO  segmented.SegmentedRaftLogWorker (SegmentedRaftLogWorker.java:execute(583)) - 902fabd4-5f55-4bcb-bd45-7818ae89d354@group-097DD4A676AA-SegmentedRaftLogWorker: created new log segment /github/workspace/mnt/ozone/hadoop-ozone/integration-test/target/test-dir/MiniOzoneClusterImpl-6eb41c3d-d065-4553-9f67-aae7eb4bf1fa/datanode-0/data/ratis/33b5c055-b114-48f3-abeb-097dd4a676aa/current/log_inprogress_0
2020-06-05 16:07:46,978 [46a0c3d8-0862-44f9-974b-4404c1ab61a7@group-097DD4A676AA-SegmentedRaftLogWorker] INFO  segmented.SegmentedRaftLogWorker (SegmentedRaftLogWorker.java:execute(583)) - 46a0c3d8-0862-44f9-974b-4404c1ab61a7@group-097DD4A676AA-SegmentedRaftLogWorker: created new log segment /github/workspace/mnt/ozone/hadoop-ozone/integration-test/target/test-dir/MiniOzoneClusterImpl-6eb41c3d-d065-4553-9f67-aae7eb4bf1fa/datanode-2/data/ratis/33b5c055-b114-48f3-abeb-097dd4a676aa/current/log_inprogress_0
2020-06-05 16:07:47,169 [Thread-218] INFO  impl.FollowerState (FollowerState.java:run(108)) - f3af17fa-cec2-46bb-a406-aecb763dcc03@group-52231F824989-FollowerState: change to CANDIDATE, lastRpcTime:5195ms, electionTimeout:5194ms
2020-06-05 16:07:47,169 [Thread-218] INFO  impl.RoleInfo (RoleInfo.java:shutdownFollowerState(121)) - f3af17fa-cec2-46bb-a406-aecb763dcc03: shutdown FollowerState
2020-06-05 16:07:47,170 [Thread-218] INFO  impl.RaftServerImpl (RaftServerImpl.java:setRole(173)) - f3af17fa-cec2-46bb-a406-aecb763dcc03@group-52231F824989: changes role from  FOLLOWER to CANDIDATE at term 0 for changeToCandidate
2020-06-05 16:07:47,170 [Thread-218] INFO  impl.RoleInfo (RoleInfo.java:updateAndGet(143)) - f3af17fa-cec2-46bb-a406-aecb763dcc03: start LeaderElection
2020-06-05 16:07:47,175 [f3af17fa-cec2-46bb-a406-aecb763dcc03@group-52231F824989-LeaderElection7] INFO  impl.LeaderElection (LeaderElection.java:askForVotes(206)) - f3af17fa-cec2-46bb-a406-aecb763dcc03@group-52231F824989-LeaderElection7: begin an election at term 1 for -1: [f3af17fa-cec2-46bb-a406-aecb763dcc03:172.17.0.2:41913], old=null
2020-06-05 16:07:47,175 [f3af17fa-cec2-46bb-a406-aecb763dcc03@group-52231F824989-LeaderElection7] INFO  impl.RoleInfo (RoleInfo.java:shutdownLeaderElection(134)) - f3af17fa-cec2-46bb-a406-aecb763dcc03: shutdown LeaderElection
2020-06-05 16:07:47,175 [f3af17fa-cec2-46bb-a406-aecb763dcc03@group-52231F824989-LeaderElection7] INFO  impl.RaftServerImpl (RaftServerImpl.java:setRole(173)) - f3af17fa-cec2-46bb-a406-aecb763dcc03@group-52231F824989: changes role from CANDIDATE to LEADER at term 1 for changeToLeader
2020-06-05 16:07:47,176 [f3af17fa-cec2-46bb-a406-aecb763dcc03@group-52231F824989-LeaderElection7] INFO  ratis.XceiverServerRatis (XceiverServerRatis.java:handleLeaderChangedNotification(762)) - Leader change notification received for group: group-52231F824989 with new leaderId: f3af17fa-cec2-46bb-a406-aecb763dcc03
2020-06-05 16:07:47,176 [f3af17fa-cec2-46bb-a406-aecb763dcc03@group-52231F824989-LeaderElection7] INFO  impl.RaftServerImpl (ServerState.java:setLeader(255)) - f3af17fa-cec2-46bb-a406-aecb763dcc03@group-52231F824989: change Leader from null to f3af17fa-cec2-46bb-a406-aecb763dcc03 at term 1 for becomeLeader, leader elected after 5237ms
2020-06-05 16:07:47,177 [f3af17fa-cec2-46bb-a406-aecb763dcc03@group-52231F824989-LeaderElection7] INFO  server.RaftServerConfigKeys (ConfUtils.java:logGet(44)) - raft.server.staging.catchup.gap = 1000 (default)
2020-06-05 16:07:47,177 [f3af17fa-cec2-46bb-a406-aecb763dcc03@group-52231F824989-LeaderElection7] INFO  server.RaftServerConfigKeys (ConfUtils.java:logGet(44)) - raft.server.rpc.sleep.time = 25ms (default)
2020-06-05 16:07:47,178 [f3af17fa-cec2-46bb-a406-aecb763dcc03@group-52231F824989-LeaderElection7] INFO  metrics.RatisMetrics (RatisMetrics.java:lambda$create$0(39)) - Creating Metrics Registry : ratis.log_appender.f3af17fa-cec2-46bb-a406-aecb763dcc03@group-52231F824989
2020-06-05 16:07:47,178 [f3af17fa-cec2-46bb-a406-aecb763dcc03@group-52231F824989-LeaderElection7] INFO  server.RaftServerConfigKeys (ConfUtils.java:logGet(44)) - raft.server.write.element-limit = 1024 (custom)
2020-06-05 16:07:47,178 [f3af17fa-cec2-46bb-a406-aecb763dcc03@group-52231F824989-LeaderElection7] INFO  server.RaftServerConfigKeys (ConfUtils.java:logGet(44)) - raft.server.write.byte-limit = 1073741824 (custom)
2020-06-05 16:07:47,179 [f3af17fa-cec2-46bb-a406-aecb763dcc03@group-52231F824989-LeaderElection7] INFO  server.RaftServerConfigKeys (ConfUtils.java:logGet(44)) - raft.server.watch.timeout = 10s (default)
2020-06-05 16:07:47,179 [f3af17fa-cec2-46bb-a406-aecb763dcc03@group-52231F824989-LeaderElection7] INFO  server.RaftServerConfigKeys (ConfUtils.java:logGet(44)) - raft.server.watch.timeout.denomination = 1s (default)
2020-06-05 16:07:47,179 [f3af17fa-cec2-46bb-a406-aecb763dcc03@group-52231F824989-LeaderElection7] INFO  server.RaftServerConfigKeys (ConfUtils.java:logGet(44)) - raft.server.watch.element-limit = 65536 (default)
2020-06-05 16:07:47,179 [f3af17fa-cec2-46bb-a406-aecb763dcc03@group-52231F824989-LeaderElection7] INFO  impl.RoleInfo (RoleInfo.java:updateAndGet(143)) - f3af17fa-cec2-46bb-a406-aecb763dcc03: start LeaderState
2020-06-05 16:07:47,180 [f3af17fa-cec2-46bb-a406-aecb763dcc03@group-52231F824989-LeaderElection7] INFO  segmented.SegmentedRaftLogWorker (SegmentedRaftLogWorker.java:startLogSegment(391)) - f3af17fa-cec2-46bb-a406-aecb763dcc03@group-52231F824989-SegmentedRaftLogWorker: Starting segment from index:0
2020-06-05 16:07:47,180 [f3af17fa-cec2-46bb-a406-aecb763dcc03@group-52231F824989-LeaderElection7] INFO  impl.RaftServerImpl (ServerState.java:setRaftConf(356)) - f3af17fa-cec2-46bb-a406-aecb763dcc03@group-52231F824989: set configuration 0: [f3af17fa-cec2-46bb-a406-aecb763dcc03:172.17.0.2:41913], old=null at 0
2020-06-05 16:07:47,181 [f3af17fa-cec2-46bb-a406-aecb763dcc03@group-52231F824989-SegmentedRaftLogWorker] INFO  segmented.SegmentedRaftLogWorker (SegmentedRaftLogWorker.java:execute(583)) - f3af17fa-cec2-46bb-a406-aecb763dcc03@group-52231F824989-SegmentedRaftLogWorker: created new log segment /github/workspace/mnt/ozone/hadoop-ozone/integration-test/target/test-dir/MiniOzoneClusterImpl-6eb41c3d-d065-4553-9f67-aae7eb4bf1fa/datanode-4/data/ratis/a6b4ed0d-463f-4c37-ad15-52231f824989/current/log_inprogress_0
2020-06-05 16:07:47,781 [Listener at 127.0.0.1/41627] INFO  ozone.MiniOzoneClusterImpl (MiniOzoneClusterImpl.java:lambda$waitForClusterToBeReady$0(177)) - Nodes are ready. Got 5 of 5 DN Heartbeats.
2020-06-05 16:07:47,781 [Listener at 127.0.0.1/41627] INFO  ozone.MiniOzoneClusterImpl (MiniOzoneClusterImpl.java:lambda$waitForClusterToBeReady$0(180)) - Cluster exits safe mode
2020-06-05 16:07:48,597 [Thread-252] INFO  freon.RandomKeyGenerator (RandomKeyGenerator.java:call(292)) - Number of Threads: 10
2020-06-05 16:07:48,598 [Thread-252] INFO  freon.RandomKeyGenerator (RandomKeyGenerator.java:call(297)) - Number of Volumes: 1.
2020-06-05 16:07:48,598 [Thread-252] INFO  freon.RandomKeyGenerator (RandomKeyGenerator.java:call(298)) - Number of Buckets per Volume: 1.
2020-06-05 16:07:48,598 [Thread-252] INFO  freon.RandomKeyGenerator (RandomKeyGenerator.java:call(299)) - Number of Keys per Bucket: 1.
2020-06-05 16:07:48,598 [Thread-252] INFO  freon.RandomKeyGenerator (RandomKeyGenerator.java:call(300)) - Key size: 20971520 bytes
2020-06-05 16:07:48,598 [Thread-252] INFO  freon.RandomKeyGenerator (RandomKeyGenerator.java:call(301)) - Buffer size: 4096 bytes
2020-06-05 16:07:48,598 [Thread-252] INFO  freon.RandomKeyGenerator (RandomKeyGenerator.java:call(302)) - validateWrites : true
2020-06-05 16:07:48,612 [Thread-252] INFO  freon.RandomKeyGenerator (RandomKeyGenerator.java:call(316)) - Data validation is enabled.
2020-06-05 16:07:48,614 [Thread-252] INFO  freon.RandomKeyGenerator (RandomKeyGenerator.java:call(322)) - Starting progress bar Thread.
2020-06-05 16:07:48,615 [Thread-258] INFO  freon.ProgressBar (ProgressBar.java:logProgressBar(163)) - Progress: 0.00 % (0 out of 1)
2020-06-05 16:07:48,626 [pool-107-thread-1] INFO  rpc.RpcClient (RpcClient.java:createVolume(310)) - Creating Volume: vol-0-23301, with jenkins1001 as owner.
2020-06-05 16:07:48,696 [IPC Server handler 10 on default port 41627] INFO  volume.OMVolumeCreateRequest (OMVolumeCreateRequest.java:validateAndUpdateCache(204)) - created volume:vol-0-23301 for user:jenkins1001
2020-06-05 16:07:48,734 [pool-107-thread-2] INFO  rpc.RpcClient (RpcClient.java:createBucket(450)) - Creating Bucket: vol-0-23301/bucket-0-28207, with Versioning false and Storage Type set to DISK and Encryption set to false 
2020-06-05 16:07:48,936 [pool-107-thread-4] INFO  impl.MetricsSystemImpl (MetricsSystemImpl.java:init(158)) - XceiverClientMetrics metrics system started (again)
2020-06-05 16:07:49,616 [Thread-258] INFO  freon.ProgressBar (ProgressBar.java:logProgressBar(163)) - Progress: 0.00 % (0 out of 1)
2020-06-05 16:07:49,901 [EventQueue-Delayed safe mode statusForReplicationManager] INFO  container.ReplicationManager (ReplicationManager.java:start(167)) - Starting Replication Monitor Thread.
2020-06-05 16:07:49,907 [ReplicationMonitor] INFO  container.ReplicationManager (ReplicationManager.java:run(231)) - Replication Monitor Thread took 5 milliseconds for processing 3 containers.
2020-06-05 16:07:49,907 [EventQueue-CloseContainerForCloseContainerEventHandler] INFO  container.CloseContainerEventHandler (CloseContainerEventHandler.java:onMessage(61)) - Close container Event triggered for container : #2
2020-06-05 16:07:49,908 [EventQueue-CloseContainerForCloseContainerEventHandler] INFO  container.CloseContainerEventHandler (CloseContainerEventHandler.java:onMessage(61)) - Close container Event triggered for container : #3
2020-06-05 16:07:49,968 [java.util.concurrent.ThreadPoolExecutor$Worker@3721c642[State = -1, empty queue]] WARN  server.GrpcLogAppender (GrpcLogAppender.java:timeoutAppendRequest(213)) - a0aacd28-4468-409f-aa57-a8c1d52d114c@group-097DD4A676AA->46a0c3d8-0862-44f9-974b-4404c1ab61a7-GrpcLogAppender:  appendEntries Timeout, request=AppendEntriesRequest:cid=1,entriesCount=1,lastEntry=(t:1, i:0)
2020-06-05 16:07:49,970 [java.util.concurrent.ThreadPoolExecutor$Worker@3721c642[State = -1, empty queue]] WARN  server.GrpcLogAppender (GrpcLogAppender.java:timeoutAppendRequest(213)) - a0aacd28-4468-409f-aa57-a8c1d52d114c@group-097DD4A676AA->902fabd4-5f55-4bcb-bd45-7818ae89d354-GrpcLogAppender:  appendEntries Timeout, request=AppendEntriesRequest:cid=1,entriesCount=1,lastEntry=(t:1, i:0)
2020-06-05 16:07:50,616 [Thread-258] INFO  freon.ProgressBar (ProgressBar.java:logProgressBar(163)) - Progress: 0.00 % (0 out of 1)
2020-06-05 16:07:50,667 [Command processor thread] ERROR commandhandler.CloseContainerCommandHandler (CloseContainerCommandHandler.java:handle(85)) - Container #2 does not exist in datanode. Container close failed.
2020-06-05 16:07:50,667 [Command processor thread] ERROR commandhandler.CloseContainerCommandHandler (CloseContainerCommandHandler.java:handle(85)) - Container #3 does not exist in datanode. Container close failed.
2020-06-05 16:07:50,788 [Command processor thread] ERROR commandhandler.CloseContainerCommandHandler (CloseContainerCommandHandler.java:handle(85)) - Container #2 does not exist in datanode. Container close failed.
2020-06-05 16:07:50,789 [Command processor thread] ERROR commandhandler.CloseContainerCommandHandler (CloseContainerCommandHandler.java:handle(85)) - Container #3 does not exist in datanode. Container close failed.
2020-06-05 16:07:50,876 [Command processor thread] ERROR commandhandler.CloseContainerCommandHandler (CloseContainerCommandHandler.java:handle(85)) - Container #2 does not exist in datanode. Container close failed.
2020-06-05 16:07:50,876 [Command processor thread] ERROR commandhandler.CloseContainerCommandHandler (CloseContainerCommandHandler.java:handle(85)) - Container #3 does not exist in datanode. Container close failed.
2020-06-05 16:07:51,616 [Thread-258] INFO  freon.ProgressBar (ProgressBar.java:logProgressBar(163)) - Progress: 0.00 % (0 out of 1)
2020-06-05 16:07:52,617 [Thread-258] INFO  freon.ProgressBar (ProgressBar.java:logProgressBar(163)) - Progress: 0.00 % (0 out of 1)
2020-06-05 16:07:53,617 [Thread-258] INFO  freon.ProgressBar (ProgressBar.java:logProgressBar(163)) - Progress: 0.00 % (0 out of 1)
2020-06-05 16:07:54,618 [Thread-258] INFO  freon.ProgressBar (ProgressBar.java:logProgressBar(163)) - Progress: 0.00 % (0 out of 1)
2020-06-05 16:07:55,618 [Thread-258] INFO  freon.ProgressBar (ProgressBar.java:logProgressBar(163)) - Progress: 0.00 % (0 out of 1)
2020-06-05 16:07:56,619 [Thread-258] INFO  freon.ProgressBar (ProgressBar.java:logProgressBar(163)) - Progress: 0.00 % (0 out of 1)
2020-06-05 16:07:57,150 [java.util.concurrent.ThreadPoolExecutor$Worker@3721c642[State = -1, empty queue]] WARN  server.GrpcLogAppender (GrpcLogAppender.java:timeoutAppendRequest(213)) - a0aacd28-4468-409f-aa57-a8c1d52d114c@group-097DD4A676AA->46a0c3d8-0862-44f9-974b-4404c1ab61a7-GrpcLogAppender:  appendEntries Timeout, request=AppendEntriesRequest:cid=2,entriesCount=1,lastEntry=(t:1, i:1)
2020-06-05 16:07:57,151 [java.util.concurrent.ThreadPoolExecutor$Worker@3721c642[State = -1, empty queue]] WARN  server.GrpcLogAppender (GrpcLogAppender.java:timeoutAppendRequest(213)) - a0aacd28-4468-409f-aa57-a8c1d52d114c@group-097DD4A676AA->902fabd4-5f55-4bcb-bd45-7818ae89d354-GrpcLogAppender:  appendEntries Timeout, request=AppendEntriesRequest:cid=2,entriesCount=1,lastEntry=(t:1, i:1)
2020-06-05 16:07:57,151 [java.util.concurrent.ThreadPoolExecutor$Worker@3721c642[State = -1, empty queue]] WARN  server.GrpcLogAppender (GrpcLogAppender.java:timeoutAppendRequest(213)) - a0aacd28-4468-409f-aa57-a8c1d52d114c@group-097DD4A676AA->46a0c3d8-0862-44f9-974b-4404c1ab61a7-GrpcLogAppender:  appendEntries Timeout, request=AppendEntriesRequest:cid=3,entriesCount=1,lastEntry=(t:1, i:2)
2020-06-05 16:07:57,151 [java.util.concurrent.ThreadPoolExecutor$Worker@3721c642[State = -1, empty queue]] WARN  server.GrpcLogAppender (GrpcLogAppender.java:timeoutAppendRequest(213)) - a0aacd28-4468-409f-aa57-a8c1d52d114c@group-097DD4A676AA->902fabd4-5f55-4bcb-bd45-7818ae89d354-GrpcLogAppender:  appendEntries Timeout, request=AppendEntriesRequest:cid=3,entriesCount=1,lastEntry=(t:1, i:2)
2020-06-05 16:07:57,151 [java.util.concurrent.ThreadPoolExecutor$Worker@3721c642[State = -1, empty queue]] WARN  server.GrpcLogAppender (GrpcLogAppender.java:timeoutAppendRequest(213)) - a0aacd28-4468-409f-aa57-a8c1d52d114c@group-097DD4A676AA->46a0c3d8-0862-44f9-974b-4404c1ab61a7-GrpcLogAppender:  appendEntries Timeout, request=AppendEntriesRequest:cid=4,entriesCount=1,lastEntry=(t:1, i:3)
2020-06-05 16:07:57,151 [java.util.concurrent.ThreadPoolExecutor$Worker@3721c642[State = -1, empty queue]] WARN  server.GrpcLogAppender (GrpcLogAppender.java:timeoutAppendRequest(213)) - a0aacd28-4468-409f-aa57-a8c1d52d114c@group-097DD4A676AA->902fabd4-5f55-4bcb-bd45-7818ae89d354-GrpcLogAppender:  appendEntries Timeout, request=AppendEntriesRequest:cid=4,entriesCount=1,lastEntry=(t:1, i:3)
2020-06-05 16:07:57,151 [java.util.concurrent.ThreadPoolExecutor$Worker@3721c642[State = -1, empty queue]] WARN  server.GrpcLogAppender (GrpcLogAppender.java:timeoutAppendRequest(213)) - a0aacd28-4468-409f-aa57-a8c1d52d114c@group-097DD4A676AA->46a0c3d8-0862-44f9-974b-4404c1ab61a7-GrpcLogAppender:  appendEntries Timeout, request=AppendEntriesRequest:cid=5,entriesCount=1,lastEntry=(t:1, i:4)
2020-06-05 16:07:57,151 [java.util.concurrent.ThreadPoolExecutor$Worker@3721c642[State = -1, empty queue]] WARN  server.GrpcLogAppender (GrpcLogAppender.java:timeoutAppendRequest(213)) - a0aacd28-4468-409f-aa57-a8c1d52d114c@group-097DD4A676AA->902fabd4-5f55-4bcb-bd45-7818ae89d354-GrpcLogAppender:  appendEntries Timeout, request=AppendEntriesRequest:cid=5,entriesCount=1,lastEntry=(t:1, i:4)
2020-06-05 16:07:57,619 [Thread-258] INFO  freon.ProgressBar (ProgressBar.java:logProgressBar(163)) - Progress: 0.00 % (0 out of 1)
2020-06-05 16:07:58,620 [Thread-258] INFO  freon.ProgressBar (ProgressBar.java:logProgressBar(163)) - Progress: 0.00 % (0 out of 1)
2020-06-05 16:07:59,620 [Thread-258] INFO  freon.ProgressBar (ProgressBar.java:logProgressBar(163)) - Progress: 0.00 % (0 out of 1)
2020-06-05 16:08:00,620 [Thread-258] INFO  freon.ProgressBar (ProgressBar.java:logProgressBar(163)) - Progress: 0.00 % (0 out of 1)
2020-06-05 16:08:01,621 [Thread-258] INFO  freon.ProgressBar (ProgressBar.java:logProgressBar(163)) - Progress: 0.00 % (0 out of 1)
2020-06-05 16:08:02,621 [Thread-258] INFO  freon.ProgressBar (ProgressBar.java:logProgressBar(163)) - Progress: 0.00 % (0 out of 1)
2020-06-05 16:08:03,622 [Thread-258] INFO  freon.ProgressBar (ProgressBar.java:logProgressBar(163)) - Progress: 0.00 % (0 out of 1)
2020-06-05 16:08:04,622 [Thread-258] INFO  freon.ProgressBar (ProgressBar.java:logProgressBar(163)) - Progress: 0.00 % (0 out of 1)
2020-06-05 16:08:05,623 [Thread-258] INFO  freon.ProgressBar (ProgressBar.java:logProgressBar(163)) - Progress: 0.00 % (0 out of 1)
2020-06-05 16:08:06,623 [Thread-258] INFO  freon.ProgressBar (ProgressBar.java:logProgressBar(163)) - Progress: 0.00 % (0 out of 1)
2020-06-05 16:08:07,623 [Thread-258] INFO  freon.ProgressBar (ProgressBar.java:logProgressBar(163)) - Progress: 0.00 % (0 out of 1)
2020-06-05 16:08:08,624 [Thread-258] INFO  freon.ProgressBar (ProgressBar.java:logProgressBar(163)) - Progress: 0.00 % (0 out of 1)
2020-06-05 16:08:09,624 [Thread-258] INFO  freon.ProgressBar (ProgressBar.java:logProgressBar(163)) - Progress: 0.00 % (0 out of 1)
2020-06-05 16:08:10,625 [Thread-258] INFO  freon.ProgressBar (ProgressBar.java:logProgressBar(163)) - Progress: 0.00 % (0 out of 1)
2020-06-05 16:08:11,625 [Thread-258] INFO  freon.ProgressBar (ProgressBar.java:logProgressBar(163)) - Progress: 0.00 % (0 out of 1)
2020-06-05 16:08:12,626 [Thread-258] INFO  freon.ProgressBar (ProgressBar.java:logProgressBar(163)) - Progress: 0.00 % (0 out of 1)
2020-06-05 16:08:13,626 [Thread-258] INFO  freon.ProgressBar (ProgressBar.java:logProgressBar(163)) - Progress: 0.00 % (0 out of 1)
2020-06-05 16:08:14,626 [Thread-258] INFO  freon.ProgressBar (ProgressBar.java:logProgressBar(163)) - Progress: 0.00 % (0 out of 1)
2020-06-05 16:08:15,627 [Thread-258] INFO  freon.ProgressBar (ProgressBar.java:logProgressBar(163)) - Progress: 0.00 % (0 out of 1)
2020-06-05 16:08:16,627 [Thread-258] INFO  freon.ProgressBar (ProgressBar.java:logProgressBar(163)) - Progress: 0.00 % (0 out of 1)
2020-06-05 16:08:17,628 [Thread-258] INFO  freon.ProgressBar (ProgressBar.java:logProgressBar(163)) - Progress: 0.00 % (0 out of 1)
2020-06-05 16:08:18,628 [Thread-258] INFO  freon.ProgressBar (ProgressBar.java:logProgressBar(163)) - Progress: 0.00 % (0 out of 1)
2020-06-05 16:08:19,628 [Thread-258] INFO  freon.ProgressBar (ProgressBar.java:logProgressBar(163)) - Progress: 0.00 % (0 out of 1)
2020-06-05 16:08:20,629 [Thread-258] INFO  freon.ProgressBar (ProgressBar.java:logProgressBar(163)) - Progress: 0.00 % (0 out of 1)
2020-06-05 16:08:21,630 [Thread-258] INFO  freon.ProgressBar (ProgressBar.java:logProgressBar(163)) - Progress: 0.00 % (0 out of 1)
2020-06-05 16:08:22,630 [Thread-258] INFO  freon.ProgressBar (ProgressBar.java:logProgressBar(163)) - Progress: 0.00 % (0 out of 1)
2020-06-05 16:08:23,631 [Thread-258] INFO  freon.ProgressBar (ProgressBar.java:logProgressBar(163)) - Progress: 0.00 % (0 out of 1)
2020-06-05 16:08:24,631 [Thread-258] INFO  freon.ProgressBar (ProgressBar.java:logProgressBar(163)) - Progress: 0.00 % (0 out of 1)
2020-06-05 16:08:25,632 [Thread-258] INFO  freon.ProgressBar (ProgressBar.java:logProgressBar(163)) - Progress: 0.00 % (0 out of 1)
2020-06-05 16:08:26,633 [Thread-258] INFO  freon.ProgressBar (ProgressBar.java:logProgressBar(163)) - Progress: 0.00 % (0 out of 1)
2020-06-05 16:08:27,634 [Thread-258] INFO  freon.ProgressBar (ProgressBar.java:logProgressBar(163)) - Progress: 0.00 % (0 out of 1)
2020-06-05 16:08:28,634 [Thread-258] INFO  freon.ProgressBar (ProgressBar.java:logProgressBar(163)) - Progress: 0.00 % (0 out of 1)
2020-06-05 16:08:29,634 [Thread-258] INFO  freon.ProgressBar (ProgressBar.java:logProgressBar(163)) - Progress: 0.00 % (0 out of 1)
2020-06-05 16:08:30,635 [Thread-258] INFO  freon.ProgressBar (ProgressBar.java:logProgressBar(163)) - Progress: 0.00 % (0 out of 1)
2020-06-05 16:08:31,635 [Thread-258] INFO  freon.ProgressBar (ProgressBar.java:logProgressBar(163)) - Progress: 0.00 % (0 out of 1)
2020-06-05 16:08:32,636 [Thread-258] INFO  freon.ProgressBar (ProgressBar.java:logProgressBar(163)) - Progress: 0.00 % (0 out of 1)
2020-06-05 16:08:33,636 [Thread-258] INFO  freon.ProgressBar (ProgressBar.java:logProgressBar(163)) - Progress: 0.00 % (0 out of 1)
2020-06-05 16:08:34,637 [Thread-258] INFO  freon.ProgressBar (ProgressBar.java:logProgressBar(163)) - Progress: 0.00 % (0 out of 1)
2020-06-05 16:08:35,637 [Thread-258] INFO  freon.ProgressBar (ProgressBar.java:logProgressBar(163)) - Progress: 0.00 % (0 out of 1)
2020-06-05 16:08:36,638 [Thread-258] INFO  freon.ProgressBar (ProgressBar.java:logProgressBar(163)) - Progress: 0.00 % (0 out of 1)
2020-06-05 16:08:37,638 [Thread-258] INFO  freon.ProgressBar (ProgressBar.java:logProgressBar(163)) - Progress: 0.00 % (0 out of 1)
2020-06-05 16:08:38,638 [Thread-258] INFO  freon.ProgressBar (ProgressBar.java:logProgressBar(163)) - Progress: 0.00 % (0 out of 1)
2020-06-05 16:08:39,639 [Thread-258] INFO  freon.ProgressBar (ProgressBar.java:logProgressBar(163)) - Progress: 0.00 % (0 out of 1)
2020-06-05 16:08:40,639 [Thread-258] INFO  freon.ProgressBar (ProgressBar.java:logProgressBar(163)) - Progress: 0.00 % (0 out of 1)
2020-06-05 16:08:41,639 [Thread-258] INFO  freon.ProgressBar (ProgressBar.java:logProgressBar(163)) - Progress: 0.00 % (0 out of 1)
2020-06-05 16:08:42,640 [Thread-258] INFO  freon.ProgressBar (ProgressBar.java:logProgressBar(163)) - Progress: 0.00 % (0 out of 1)
2020-06-05 16:08:43,640 [Thread-258] INFO  freon.ProgressBar (ProgressBar.java:logProgressBar(163)) - Progress: 0.00 % (0 out of 1)
2020-06-05 16:08:44,641 [Thread-258] INFO  freon.ProgressBar (ProgressBar.java:logProgressBar(163)) - Progress: 0.00 % (0 out of 1)
2020-06-05 16:08:45,641 [Thread-258] INFO  freon.ProgressBar (ProgressBar.java:logProgressBar(163)) - Progress: 0.00 % (0 out of 1)
2020-06-05 16:08:46,642 [Thread-258] INFO  freon.ProgressBar (ProgressBar.java:logProgressBar(163)) - Progress: 0.00 % (0 out of 1)
2020-06-05 16:08:47,642 [Thread-258] INFO  freon.ProgressBar (ProgressBar.java:logProgressBar(163)) - Progress: 0.00 % (0 out of 1)
2020-06-05 16:08:48,643 [Thread-258] INFO  freon.ProgressBar (ProgressBar.java:logProgressBar(163)) - Progress: 0.00 % (0 out of 1)
2020-06-05 16:08:49,643 [Thread-258] INFO  freon.ProgressBar (ProgressBar.java:logProgressBar(163)) - Progress: 0.00 % (0 out of 1)
2020-06-05 16:08:50,643 [Thread-258] INFO  freon.ProgressBar (ProgressBar.java:logProgressBar(163)) - Progress: 0.00 % (0 out of 1)
2020-06-05 16:08:51,644 [Thread-258] INFO  freon.ProgressBar (ProgressBar.java:logProgressBar(163)) - Progress: 0.00 % (0 out of 1)
2020-06-05 16:08:52,644 [Thread-258] INFO  freon.ProgressBar (ProgressBar.java:logProgressBar(163)) - Progress: 0.00 % (0 out of 1)
2020-06-05 16:08:53,645 [Thread-258] INFO  freon.ProgressBar (ProgressBar.java:logProgressBar(163)) - Progress: 0.00 % (0 out of 1)
2020-06-05 16:08:54,645 [Thread-258] INFO  freon.ProgressBar (ProgressBar.java:logProgressBar(163)) - Progress: 0.00 % (0 out of 1)
2020-06-05 16:08:55,645 [Thread-258] INFO  freon.ProgressBar (ProgressBar.java:logProgressBar(163)) - Progress: 0.00 % (0 out of 1)
2020-06-05 16:08:56,646 [Thread-258] INFO  freon.ProgressBar (ProgressBar.java:logProgressBar(163)) - Progress: 0.00 % (0 out of 1)
2020-06-05 16:08:57,646 [Thread-258] INFO  freon.ProgressBar (ProgressBar.java:logProgressBar(163)) - Progress: 0.00 % (0 out of 1)
2020-06-05 16:08:58,646 [Thread-258] INFO  freon.ProgressBar (ProgressBar.java:logProgressBar(163)) - Progress: 0.00 % (0 out of 1)
2020-06-05 16:08:59,647 [Thread-258] INFO  freon.ProgressBar (ProgressBar.java:logProgressBar(163)) - Progress: 0.00 % (0 out of 1)
2020-06-05 16:09:00,647 [Thread-258] INFO  freon.ProgressBar (ProgressBar.java:logProgressBar(163)) - Progress: 0.00 % (0 out of 1)
2020-06-05 16:09:01,647 [Thread-258] INFO  freon.ProgressBar (ProgressBar.java:logProgressBar(163)) - Progress: 0.00 % (0 out of 1)
2020-06-05 16:09:02,648 [Thread-258] INFO  freon.ProgressBar (ProgressBar.java:logProgressBar(163)) - Progress: 0.00 % (0 out of 1)
2020-06-05 16:09:03,648 [Thread-258] INFO  freon.ProgressBar (ProgressBar.java:logProgressBar(163)) - Progress: 0.00 % (0 out of 1)
2020-06-05 16:09:04,649 [Thread-258] INFO  freon.ProgressBar (ProgressBar.java:logProgressBar(163)) - Progress: 0.00 % (0 out of 1)
2020-06-05 16:09:05,649 [Thread-258] INFO  freon.ProgressBar (ProgressBar.java:logProgressBar(163)) - Progress: 0.00 % (0 out of 1)
2020-06-05 16:09:06,649 [Thread-258] INFO  freon.ProgressBar (ProgressBar.java:logProgressBar(163)) - Progress: 0.00 % (0 out of 1)
2020-06-05 16:09:07,649 [Thread-258] INFO  freon.ProgressBar (ProgressBar.java:logProgressBar(163)) - Progress: 0.00 % (0 out of 1)
2020-06-05 16:09:08,650 [Thread-258] INFO  freon.ProgressBar (ProgressBar.java:logProgressBar(163)) - Progress: 0.00 % (0 out of 1)
2020-06-05 16:09:09,650 [Thread-258] INFO  freon.ProgressBar (ProgressBar.java:logProgressBar(163)) - Progress: 0.00 % (0 out of 1)
2020-06-05 16:09:10,651 [Thread-258] INFO  freon.ProgressBar (ProgressBar.java:logProgressBar(163)) - Progress: 0.00 % (0 out of 1)
2020-06-05 16:09:11,651 [Thread-258] INFO  freon.ProgressBar (ProgressBar.java:logProgressBar(163)) - Progress: 0.00 % (0 out of 1)
2020-06-05 16:09:12,652 [Thread-258] INFO  freon.ProgressBar (ProgressBar.java:logProgressBar(163)) - Progress: 0.00 % (0 out of 1)
2020-06-05 16:09:13,652 [Thread-258] INFO  freon.ProgressBar (ProgressBar.java:logProgressBar(163)) - Progress: 0.00 % (0 out of 1)
2020-06-05 16:09:14,653 [Thread-258] INFO  freon.ProgressBar (ProgressBar.java:logProgressBar(163)) - Progress: 0.00 % (0 out of 1)
2020-06-05 16:09:15,653 [Thread-258] INFO  freon.ProgressBar (ProgressBar.java:logProgressBar(163)) - Progress: 0.00 % (0 out of 1)
2020-06-05 16:09:16,653 [Thread-258] INFO  freon.ProgressBar (ProgressBar.java:logProgressBar(163)) - Progress: 0.00 % (0 out of 1)
2020-06-05 16:09:17,654 [Thread-258] INFO  freon.ProgressBar (ProgressBar.java:logProgressBar(163)) - Progress: 0.00 % (0 out of 1)
2020-06-05 16:09:18,654 [Thread-258] INFO  freon.ProgressBar (ProgressBar.java:logProgressBar(163)) - Progress: 0.00 % (0 out of 1)
2020-06-05 16:09:19,655 [Thread-258] INFO  freon.ProgressBar (ProgressBar.java:logProgressBar(163)) - Progress: 0.00 % (0 out of 1)
2020-06-05 16:09:20,655 [Thread-258] INFO  freon.ProgressBar (ProgressBar.java:logProgressBar(163)) - Progress: 0.00 % (0 out of 1)
2020-06-05 16:09:21,655 [Thread-258] INFO  freon.ProgressBar (ProgressBar.java:logProgressBar(163)) - Progress: 0.00 % (0 out of 1)
2020-06-05 16:09:22,656 [Thread-258] INFO  freon.ProgressBar (ProgressBar.java:logProgressBar(163)) - Progress: 0.00 % (0 out of 1)
2020-06-05 16:09:23,656 [Thread-258] INFO  freon.ProgressBar (ProgressBar.java:logProgressBar(163)) - Progress: 0.00 % (0 out of 1)
2020-06-05 16:09:24,657 [Thread-258] INFO  freon.ProgressBar (ProgressBar.java:logProgressBar(163)) - Progress: 0.00 % (0 out of 1)
2020-06-05 16:09:25,657 [Thread-258] INFO  freon.ProgressBar (ProgressBar.java:logProgressBar(163)) - Progress: 0.00 % (0 out of 1)
2020-06-05 16:09:26,657 [Thread-258] INFO  freon.ProgressBar (ProgressBar.java:logProgressBar(163)) - Progress: 0.00 % (0 out of 1)
2020-06-05 16:09:27,658 [Thread-258] INFO  freon.ProgressBar (ProgressBar.java:logProgressBar(163)) - Progress: 0.00 % (0 out of 1)
2020-06-05 16:09:28,658 [Thread-258] INFO  freon.ProgressBar (ProgressBar.java:logProgressBar(163)) - Progress: 0.00 % (0 out of 1)
2020-06-05 16:09:29,659 [Thread-258] INFO  freon.ProgressBar (ProgressBar.java:logProgressBar(163)) - Progress: 0.00 % (0 out of 1)
2020-06-05 16:09:30,659 [Thread-258] INFO  freon.ProgressBar (ProgressBar.java:logProgressBar(163)) - Progress: 0.00 % (0 out of 1)
2020-06-05 16:09:30,970 [RatisPipelineUtilsThread] ERROR pipeline.SCMPipelineManager (SCMPipelineManager.java:createPipeline(222)) - Failed to create pipeline of type RATIS and factor ONE. Exception: Cannot create pipeline of factor 1 using 0 nodes. Used 5 nodes. Healthy nodes 5
2020-06-05 16:09:30,971 [RatisPipelineUtilsThread] ERROR pipeline.SCMPipelineManager (SCMPipelineManager.java:createPipeline(222)) - Failed to create pipeline of type RATIS and factor THREE. Exception: Pipeline creation failed because nodes are engaged in other pipelines and every node can only be engaged in max 2 pipelines. Required 3. Found 2
2020-06-05 16:09:31,660 [Thread-258] INFO  freon.ProgressBar (ProgressBar.java:logProgressBar(163)) - Progress: 0.00 % (0 out of 1)
2020-06-05 16:09:32,660 [Thread-258] INFO  freon.ProgressBar (ProgressBar.java:logProgressBar(163)) - Progress: 0.00 % (0 out of 1)
2020-06-05 16:09:33,660 [Thread-258] INFO  freon.ProgressBar (ProgressBar.java:logProgressBar(163)) - Progress: 0.00 % (0 out of 1)
2020-06-05 16:09:34,661 [Thread-258] INFO  freon.ProgressBar (ProgressBar.java:logProgressBar(163)) - Progress: 0.00 % (0 out of 1)
2020-06-05 16:09:35,661 [Thread-258] INFO  freon.ProgressBar (ProgressBar.java:logProgressBar(163)) - Progress: 0.00 % (0 out of 1)
2020-06-05 16:09:36,662 [Thread-258] INFO  freon.ProgressBar (ProgressBar.java:logProgressBar(163)) - Progress: 0.00 % (0 out of 1)
2020-06-05 16:09:37,662 [Thread-258] INFO  freon.ProgressBar (ProgressBar.java:logProgressBar(163)) - Progress: 0.00 % (0 out of 1)
2020-06-05 16:09:38,662 [Thread-258] INFO  freon.ProgressBar (ProgressBar.java:logProgressBar(163)) - Progress: 0.00 % (0 out of 1)
2020-06-05 16:09:39,663 [Thread-258] INFO  freon.ProgressBar (ProgressBar.java:logProgressBar(163)) - Progress: 0.00 % (0 out of 1)
2020-06-05 16:09:40,663 [Thread-258] INFO  freon.ProgressBar (ProgressBar.java:logProgressBar(163)) - Progress: 0.00 % (0 out of 1)
2020-06-05 16:09:41,663 [Thread-258] INFO  freon.ProgressBar (ProgressBar.java:logProgressBar(163)) - Progress: 0.00 % (0 out of 1)
2020-06-05 16:09:42,664 [Thread-258] INFO  freon.ProgressBar (ProgressBar.java:logProgressBar(163)) - Progress: 0.00 % (0 out of 1)
2020-06-05 16:09:43,664 [Thread-258] INFO  freon.ProgressBar (ProgressBar.java:logProgressBar(163)) - Progress: 0.00 % (0 out of 1)
2020-06-05 16:09:44,665 [Thread-258] INFO  freon.ProgressBar (ProgressBar.java:logProgressBar(163)) - Progress: 0.00 % (0 out of 1)
2020-06-05 16:09:45,665 [Thread-258] INFO  freon.ProgressBar (ProgressBar.java:logProgressBar(163)) - Progress: 0.00 % (0 out of 1)
2020-06-05 16:09:46,666 [Thread-258] INFO  freon.ProgressBar (ProgressBar.java:logProgressBar(163)) - Progress: 0.00 % (0 out of 1)
2020-06-05 16:09:47,666 [Thread-258] INFO  freon.ProgressBar (ProgressBar.java:logProgressBar(163)) - Progress: 0.00 % (0 out of 1)
2020-06-05 16:09:48,666 [Thread-258] INFO  freon.ProgressBar (ProgressBar.java:logProgressBar(163)) - Progress: 0.00 % (0 out of 1)
2020-06-05 16:09:49,667 [Thread-258] INFO  freon.ProgressBar (ProgressBar.java:logProgressBar(163)) - Progress: 0.00 % (0 out of 1)
2020-06-05 16:09:50,667 [Thread-258] INFO  freon.ProgressBar (ProgressBar.java:logProgressBar(163)) - Progress: 0.00 % (0 out of 1)
2020-06-05 16:09:51,667 [Thread-258] INFO  freon.ProgressBar (ProgressBar.java:logProgressBar(163)) - Progress: 0.00 % (0 out of 1)
2020-06-05 16:09:52,668 [Thread-258] INFO  freon.ProgressBar (ProgressBar.java:logProgressBar(163)) - Progress: 0.00 % (0 out of 1)
2020-06-05 16:09:53,668 [Thread-258] INFO  freon.ProgressBar (ProgressBar.java:logProgressBar(163)) - Progress: 0.00 % (0 out of 1)
2020-06-05 16:09:54,669 [Thread-258] INFO  freon.ProgressBar (ProgressBar.java:logProgressBar(163)) - Progress: 0.00 % (0 out of 1)
2020-06-05 16:09:55,669 [Thread-258] INFO  freon.ProgressBar (ProgressBar.java:logProgressBar(163)) - Progress: 0.00 % (0 out of 1)
2020-06-05 16:09:56,669 [Thread-258] INFO  freon.ProgressBar (ProgressBar.java:logProgressBar(163)) - Progress: 0.00 % (0 out of 1)
2020-06-05 16:09:57,670 [Thread-258] INFO  freon.ProgressBar (ProgressBar.java:logProgressBar(163)) - Progress: 0.00 % (0 out of 1)
2020-06-05 16:09:58,670 [Thread-258] INFO  freon.ProgressBar (ProgressBar.java:logProgressBar(163)) - Progress: 0.00 % (0 out of 1)
2020-06-05 16:09:59,671 [Thread-258] INFO  freon.ProgressBar (ProgressBar.java:logProgressBar(163)) - Progress: 0.00 % (0 out of 1)
2020-06-05 16:10:00,671 [Thread-258] INFO  freon.ProgressBar (ProgressBar.java:logProgressBar(163)) - Progress: 0.00 % (0 out of 1)
2020-06-05 16:10:01,671 [Thread-258] INFO  freon.ProgressBar (ProgressBar.java:logProgressBar(163)) - Progress: 0.00 % (0 out of 1)
2020-06-05 16:10:02,672 [Thread-258] INFO  freon.ProgressBar (ProgressBar.java:logProgressBar(163)) - Progress: 0.00 % (0 out of 1)
2020-06-05 16:10:03,672 [Thread-258] INFO  freon.ProgressBar (ProgressBar.java:logProgressBar(163)) - Progress: 0.00 % (0 out of 1)
2020-06-05 16:10:04,673 [Thread-258] INFO  freon.ProgressBar (ProgressBar.java:logProgressBar(163)) - Progress: 0.00 % (0 out of 1)
2020-06-05 16:10:05,673 [Thread-258] INFO  freon.ProgressBar (ProgressBar.java:logProgressBar(163)) - Progress: 0.00 % (0 out of 1)
2020-06-05 16:10:06,673 [Thread-258] INFO  freon.ProgressBar (ProgressBar.java:logProgressBar(163)) - Progress: 0.00 % (0 out of 1)
2020-06-05 16:10:07,674 [Thread-258] INFO  freon.ProgressBar (ProgressBar.java:logProgressBar(163)) - Progress: 0.00 % (0 out of 1)
2020-06-05 16:10:08,674 [Thread-258] INFO  freon.ProgressBar (ProgressBar.java:logProgressBar(163)) - Progress: 0.00 % (0 out of 1)
2020-06-05 16:10:09,674 [Thread-258] INFO  freon.ProgressBar (ProgressBar.java:logProgressBar(163)) - Progress: 0.00 % (0 out of 1)
2020-06-05 16:10:10,675 [Thread-258] INFO  freon.ProgressBar (ProgressBar.java:logProgressBar(163)) - Progress: 0.00 % (0 out of 1)
2020-06-05 16:10:11,675 [Thread-258] INFO  freon.ProgressBar (ProgressBar.java:logProgressBar(163)) - Progress: 0.00 % (0 out of 1)
2020-06-05 16:10:12,675 [Thread-258] INFO  freon.ProgressBar (ProgressBar.java:logProgressBar(163)) - Progress: 0.00 % (0 out of 1)
2020-06-05 16:10:13,676 [Thread-258] INFO  freon.ProgressBar (ProgressBar.java:logProgressBar(163)) - Progress: 0.00 % (0 out of 1)
2020-06-05 16:10:14,676 [Thread-258] INFO  freon.ProgressBar (ProgressBar.java:logProgressBar(163)) - Progress: 0.00 % (0 out of 1)
2020-06-05 16:10:15,676 [Thread-258] INFO  freon.ProgressBar (ProgressBar.java:logProgressBar(163)) - Progress: 0.00 % (0 out of 1)
2020-06-05 16:10:16,677 [Thread-258] INFO  freon.ProgressBar (ProgressBar.java:logProgressBar(163)) - Progress: 0.00 % (0 out of 1)
2020-06-05 16:10:17,677 [Thread-258] INFO  freon.ProgressBar (ProgressBar.java:logProgressBar(163)) - Progress: 0.00 % (0 out of 1)
2020-06-05 16:10:18,678 [Thread-258] INFO  freon.ProgressBar (ProgressBar.java:logProgressBar(163)) - Progress: 0.00 % (0 out of 1)
2020-06-05 16:10:19,678 [Thread-258] INFO  freon.ProgressBar (ProgressBar.java:logProgressBar(163)) - Progress: 0.00 % (0 out of 1)
2020-06-05 16:10:20,678 [Thread-258] INFO  freon.ProgressBar (ProgressBar.java:logProgressBar(163)) - Progress: 0.00 % (0 out of 1)
2020-06-05 16:10:21,679 [Thread-258] INFO  freon.ProgressBar (ProgressBar.java:logProgressBar(163)) - Progress: 0.00 % (0 out of 1)
2020-06-05 16:10:22,679 [Thread-258] INFO  freon.ProgressBar (ProgressBar.java:logProgressBar(163)) - Progress: 0.00 % (0 out of 1)
2020-06-05 16:10:23,680 [Thread-258] INFO  freon.ProgressBar (ProgressBar.java:logProgressBar(163)) - Progress: 0.00 % (0 out of 1)
2020-06-05 16:10:24,680 [Thread-258] INFO  freon.ProgressBar (ProgressBar.java:logProgressBar(163)) - Progress: 0.00 % (0 out of 1)
2020-06-05 16:10:25,680 [Thread-258] INFO  freon.ProgressBar (ProgressBar.java:logProgressBar(163)) - Progress: 0.00 % (0 out of 1)
2020-06-05 16:10:26,681 [Thread-258] INFO  freon.ProgressBar (ProgressBar.java:logProgressBar(163)) - Progress: 0.00 % (0 out of 1)
2020-06-05 16:10:27,681 [Thread-258] INFO  freon.ProgressBar (ProgressBar.java:logProgressBar(163)) - Progress: 0.00 % (0 out of 1)
2020-06-05 16:10:28,682 [Thread-258] INFO  freon.ProgressBar (ProgressBar.java:logProgressBar(163)) - Progress: 0.00 % (0 out of 1)
2020-06-05 16:10:29,682 [Thread-258] INFO  freon.ProgressBar (ProgressBar.java:logProgressBar(163)) - Progress: 0.00 % (0 out of 1)
2020-06-05 16:10:30,682 [Thread-258] INFO  freon.ProgressBar (ProgressBar.java:logProgressBar(163)) - Progress: 0.00 % (0 out of 1)
2020-06-05 16:10:31,683 [Thread-258] INFO  freon.ProgressBar (ProgressBar.java:logProgressBar(163)) - Progress: 0.00 % (0 out of 1)
2020-06-05 16:10:32,683 [Thread-258] INFO  freon.ProgressBar (ProgressBar.java:logProgressBar(163)) - Progress: 0.00 % (0 out of 1)
2020-06-05 16:10:33,683 [Thread-258] INFO  freon.ProgressBar (ProgressBar.java:logProgressBar(163)) - Progress: 0.00 % (0 out of 1)
2020-06-05 16:10:34,684 [Thread-258] INFO  freon.ProgressBar (ProgressBar.java:logProgressBar(163)) - Progress: 0.00 % (0 out of 1)
2020-06-05 16:10:35,684 [Thread-258] INFO  freon.ProgressBar (ProgressBar.java:logProgressBar(163)) - Progress: 0.00 % (0 out of 1)
2020-06-05 16:10:36,685 [Thread-258] INFO  freon.ProgressBar (ProgressBar.java:logProgressBar(163)) - Progress: 0.00 % (0 out of 1)
2020-06-05 16:10:37,685 [Thread-258] INFO  freon.ProgressBar (ProgressBar.java:logProgressBar(163)) - Progress: 0.00 % (0 out of 1)
2020-06-05 16:10:38,685 [Thread-258] INFO  freon.ProgressBar (ProgressBar.java:logProgressBar(163)) - Progress: 0.00 % (0 out of 1)
2020-06-05 16:10:39,686 [Thread-258] INFO  freon.ProgressBar (ProgressBar.java:logProgressBar(163)) - Progress: 0.00 % (0 out of 1)
2020-06-05 16:10:40,686 [Thread-258] INFO  freon.ProgressBar (ProgressBar.java:logProgressBar(163)) - Progress: 0.00 % (0 out of 1)
2020-06-05 16:10:41,686 [Thread-258] INFO  freon.ProgressBar (ProgressBar.java:logProgressBar(163)) - Progress: 0.00 % (0 out of 1)
2020-06-05 16:10:42,687 [Thread-258] INFO  freon.ProgressBar (ProgressBar.java:logProgressBar(163)) - Progress: 0.00 % (0 out of 1)
2020-06-05 16:10:43,687 [Thread-258] INFO  freon.ProgressBar (ProgressBar.java:logProgressBar(163)) - Progress: 0.00 % (0 out of 1)
2020-06-05 16:10:44,687 [Thread-258] INFO  freon.ProgressBar (ProgressBar.java:logProgressBar(163)) - Progress: 0.00 % (0 out of 1)
2020-06-05 16:10:45,688 [Thread-258] INFO  freon.ProgressBar (ProgressBar.java:logProgressBar(163)) - Progress: 0.00 % (0 out of 1)
2020-06-05 16:10:46,688 [Thread-258] INFO  freon.ProgressBar (ProgressBar.java:logProgressBar(163)) - Progress: 0.00 % (0 out of 1)
2020-06-05 16:10:47,688 [Thread-258] INFO  freon.ProgressBar (ProgressBar.java:logProgressBar(163)) - Progress: 0.00 % (0 out of 1)
2020-06-05 16:10:48,689 [Thread-258] INFO  freon.ProgressBar (ProgressBar.java:logProgressBar(163)) - Progress: 0.00 % (0 out of 1)
2020-06-05 16:10:49,690 [Thread-258] INFO  freon.ProgressBar (ProgressBar.java:logProgressBar(163)) - Progress: 0.00 % (0 out of 1)
2020-06-05 16:10:50,690 [Thread-258] INFO  freon.ProgressBar (ProgressBar.java:logProgressBar(163)) - Progress: 0.00 % (0 out of 1)
2020-06-05 16:10:51,691 [Thread-258] INFO  freon.ProgressBar (ProgressBar.java:logProgressBar(163)) - Progress: 0.00 % (0 out of 1)
2020-06-05 16:10:52,691 [Thread-258] INFO  freon.ProgressBar (ProgressBar.java:logProgressBar(163)) - Progress: 0.00 % (0 out of 1)
2020-06-05 16:10:53,692 [Thread-258] INFO  freon.ProgressBar (ProgressBar.java:logProgressBar(163)) - Progress: 0.00 % (0 out of 1)
2020-06-05 16:10:54,692 [Thread-258] INFO  freon.ProgressBar (ProgressBar.java:logProgressBar(163)) - Progress: 0.00 % (0 out of 1)
2020-06-05 16:10:55,693 [Thread-258] INFO  freon.ProgressBar (ProgressBar.java:logProgressBar(163)) - Progress: 0.00 % (0 out of 1)
2020-06-05 16:10:56,693 [Thread-258] INFO  freon.ProgressBar (ProgressBar.java:logProgressBar(163)) - Progress: 0.00 % (0 out of 1)
2020-06-05 16:10:57,693 [Thread-258] INFO  freon.ProgressBar (ProgressBar.java:logProgressBar(163)) - Progress: 0.00 % (0 out of 1)
2020-06-05 16:10:58,694 [Thread-258] INFO  freon.ProgressBar (ProgressBar.java:logProgressBar(163)) - Progress: 0.00 % (0 out of 1)
2020-06-05 16:10:59,694 [Thread-258] INFO  freon.ProgressBar (ProgressBar.java:logProgressBar(163)) - Progress: 0.00 % (0 out of 1)
2020-06-05 16:11:00,695 [Thread-258] INFO  freon.ProgressBar (ProgressBar.java:logProgressBar(163)) - Progress: 0.00 % (0 out of 1)
2020-06-05 16:11:01,695 [Thread-258] INFO  freon.ProgressBar (ProgressBar.java:logProgressBar(163)) - Progress: 0.00 % (0 out of 1)
2020-06-05 16:11:02,696 [Thread-258] INFO  freon.ProgressBar (ProgressBar.java:logProgressBar(163)) - Progress: 0.00 % (0 out of 1)
2020-06-05 16:11:03,696 [Thread-258] INFO  freon.ProgressBar (ProgressBar.java:logProgressBar(163)) - Progress: 0.00 % (0 out of 1)
2020-06-05 16:11:04,697 [Thread-258] INFO  freon.ProgressBar (ProgressBar.java:logProgressBar(163)) - Progress: 0.00 % (0 out of 1)
2020-06-05 16:11:05,697 [Thread-258] INFO  freon.ProgressBar (ProgressBar.java:logProgressBar(163)) - Progress: 0.00 % (0 out of 1)
2020-06-05 16:11:06,697 [Thread-258] INFO  freon.ProgressBar (ProgressBar.java:logProgressBar(163)) - Progress: 0.00 % (0 out of 1)
2020-06-05 16:11:07,698 [Thread-258] INFO  freon.ProgressBar (ProgressBar.java:logProgressBar(163)) - Progress: 0.00 % (0 out of 1)
2020-06-05 16:11:08,698 [Thread-258] INFO  freon.ProgressBar (ProgressBar.java:logProgressBar(163)) - Progress: 0.00 % (0 out of 1)
2020-06-05 16:11:09,699 [Thread-258] INFO  freon.ProgressBar (ProgressBar.java:logProgressBar(163)) - Progress: 0.00 % (0 out of 1)
2020-06-05 16:11:10,699 [Thread-258] INFO  freon.ProgressBar (ProgressBar.java:logProgressBar(163)) - Progress: 0.00 % (0 out of 1)
2020-06-05 16:11:11,699 [Thread-258] INFO  freon.ProgressBar (ProgressBar.java:logProgressBar(163)) - Progress: 0.00 % (0 out of 1)
2020-06-05 16:11:12,700 [Thread-258] INFO  freon.ProgressBar (ProgressBar.java:logProgressBar(163)) - Progress: 0.00 % (0 out of 1)
2020-06-05 16:11:13,700 [Thread-258] INFO  freon.ProgressBar (ProgressBar.java:logProgressBar(163)) - Progress: 0.00 % (0 out of 1)
2020-06-05 16:11:14,700 [Thread-258] INFO  freon.ProgressBar (ProgressBar.java:logProgressBar(163)) - Progress: 0.00 % (0 out of 1)
2020-06-05 16:11:15,701 [Thread-258] INFO  freon.ProgressBar (ProgressBar.java:logProgressBar(163)) - Progress: 0.00 % (0 out of 1)
2020-06-05 16:11:16,701 [Thread-258] INFO  freon.ProgressBar (ProgressBar.java:logProgressBar(163)) - Progress: 0.00 % (0 out of 1)
2020-06-05 16:11:17,701 [Thread-258] INFO  freon.ProgressBar (ProgressBar.java:logProgressBar(163)) - Progress: 0.00 % (0 out of 1)
2020-06-05 16:11:18,702 [Thread-258] INFO  freon.ProgressBar (ProgressBar.java:logProgressBar(163)) - Progress: 0.00 % (0 out of 1)
2020-06-05 16:11:19,702 [Thread-258] INFO  freon.ProgressBar (ProgressBar.java:logProgressBar(163)) - Progress: 0.00 % (0 out of 1)
2020-06-05 16:11:20,703 [Thread-258] INFO  freon.ProgressBar (ProgressBar.java:logProgressBar(163)) - Progress: 0.00 % (0 out of 1)
2020-06-05 16:11:21,703 [Thread-258] INFO  freon.ProgressBar (ProgressBar.java:logProgressBar(163)) - Progress: 0.00 % (0 out of 1)
2020-06-05 16:11:22,703 [Thread-258] INFO  freon.ProgressBar (ProgressBar.java:logProgressBar(163)) - Progress: 0.00 % (0 out of 1)
2020-06-05 16:11:23,704 [Thread-258] INFO  freon.ProgressBar (ProgressBar.java:logProgressBar(163)) - Progress: 0.00 % (0 out of 1)
2020-06-05 16:11:24,704 [Thread-258] INFO  freon.ProgressBar (ProgressBar.java:logProgressBar(163)) - Progress: 0.00 % (0 out of 1)
2020-06-05 16:11:25,705 [Thread-258] INFO  freon.ProgressBar (ProgressBar.java:logProgressBar(163)) - Progress: 0.00 % (0 out of 1)
2020-06-05 16:11:26,705 [Thread-258] INFO  freon.ProgressBar (ProgressBar.java:logProgressBar(163)) - Progress: 0.00 % (0 out of 1)
2020-06-05 16:11:27,706 [Thread-258] INFO  freon.ProgressBar (ProgressBar.java:logProgressBar(163)) - Progress: 0.00 % (0 out of 1)
2020-06-05 16:11:28,706 [Thread-258] INFO  freon.ProgressBar (ProgressBar.java:logProgressBar(163)) - Progress: 0.00 % (0 out of 1)
2020-06-05 16:11:29,706 [Thread-258] INFO  freon.ProgressBar (ProgressBar.java:logProgressBar(163)) - Progress: 0.00 % (0 out of 1)
2020-06-05 16:11:30,707 [Thread-258] INFO  freon.ProgressBar (ProgressBar.java:logProgressBar(163)) - Progress: 0.00 % (0 out of 1)
2020-06-05 16:11:30,972 [RatisPipelineUtilsThread] ERROR pipeline.SCMPipelineManager (SCMPipelineManager.java:createPipeline(222)) - Failed to create pipeline of type RATIS and factor ONE. Exception: Cannot create pipeline of factor 1 using 0 nodes. Used 5 nodes. Healthy nodes 5
2020-06-05 16:11:30,972 [RatisPipelineUtilsThread] ERROR pipeline.SCMPipelineManager (SCMPipelineManager.java:createPipeline(222)) - Failed to create pipeline of type RATIS and factor THREE. Exception: Pipeline creation failed because nodes are engaged in other pipelines and every node can only be engaged in max 2 pipelines. Required 3. Found 2
2020-06-05 16:11:31,707 [Thread-258] INFO  freon.ProgressBar (ProgressBar.java:logProgressBar(163)) - Progress: 0.00 % (0 out of 1)
2020-06-05 16:11:32,707 [Thread-258] INFO  freon.ProgressBar (ProgressBar.java:logProgressBar(163)) - Progress: 0.00 % (0 out of 1)
2020-06-05 16:11:33,708 [Thread-258] INFO  freon.ProgressBar (ProgressBar.java:logProgressBar(163)) - Progress: 0.00 % (0 out of 1)
2020-06-05 16:11:34,708 [Thread-258] INFO  freon.ProgressBar (ProgressBar.java:logProgressBar(163)) - Progress: 0.00 % (0 out of 1)
2020-06-05 16:11:35,708 [Thread-258] INFO  freon.ProgressBar (ProgressBar.java:logProgressBar(163)) - Progress: 0.00 % (0 out of 1)
2020-06-05 16:11:36,709 [Thread-258] INFO  freon.ProgressBar (ProgressBar.java:logProgressBar(163)) - Progress: 0.00 % (0 out of 1)
2020-06-05 16:11:37,709 [Thread-258] INFO  freon.ProgressBar (ProgressBar.java:logProgressBar(163)) - Progress: 0.00 % (0 out of 1)
2020-06-05 16:11:38,709 [Thread-258] INFO  freon.ProgressBar (ProgressBar.java:logProgressBar(163)) - Progress: 0.00 % (0 out of 1)
2020-06-05 16:11:39,710 [Thread-258] INFO  freon.ProgressBar (ProgressBar.java:logProgressBar(163)) - Progress: 0.00 % (0 out of 1)
2020-06-05 16:11:40,710 [Thread-258] INFO  freon.ProgressBar (ProgressBar.java:logProgressBar(163)) - Progress: 0.00 % (0 out of 1)
2020-06-05 16:11:41,710 [Thread-258] INFO  freon.ProgressBar (ProgressBar.java:logProgressBar(163)) - Progress: 0.00 % (0 out of 1)
2020-06-05 16:11:42,711 [Thread-258] INFO  freon.ProgressBar (ProgressBar.java:logProgressBar(163)) - Progress: 0.00 % (0 out of 1)
2020-06-05 16:11:43,711 [Thread-258] INFO  freon.ProgressBar (ProgressBar.java:logProgressBar(163)) - Progress: 0.00 % (0 out of 1)
2020-06-05 16:11:44,712 [Thread-258] INFO  freon.ProgressBar (ProgressBar.java:logProgressBar(163)) - Progress: 0.00 % (0 out of 1)
2020-06-05 16:11:45,712 [Thread-258] INFO  freon.ProgressBar (ProgressBar.java:logProgressBar(163)) - Progress: 0.00 % (0 out of 1)
2020-06-05 16:11:46,712 [Thread-258] INFO  freon.ProgressBar (ProgressBar.java:logProgressBar(163)) - Progress: 0.00 % (0 out of 1)
2020-06-05 16:11:47,713 [Thread-258] INFO  freon.ProgressBar (ProgressBar.java:logProgressBar(163)) - Progress: 0.00 % (0 out of 1)
2020-06-05 16:11:48,713 [Thread-258] INFO  freon.ProgressBar (ProgressBar.java:logProgressBar(163)) - Progress: 0.00 % (0 out of 1)
2020-06-05 16:11:49,713 [Thread-258] INFO  freon.ProgressBar (ProgressBar.java:logProgressBar(163)) - Progress: 0.00 % (0 out of 1)
2020-06-05 16:11:50,714 [Thread-258] INFO  freon.ProgressBar (ProgressBar.java:logProgressBar(163)) - Progress: 0.00 % (0 out of 1)
2020-06-05 16:11:51,714 [Thread-258] INFO  freon.ProgressBar (ProgressBar.java:logProgressBar(163)) - Progress: 0.00 % (0 out of 1)
2020-06-05 16:11:52,714 [Thread-258] INFO  freon.ProgressBar (ProgressBar.java:logProgressBar(163)) - Progress: 0.00 % (0 out of 1)
2020-06-05 16:11:53,714 [Thread-258] INFO  freon.ProgressBar (ProgressBar.java:logProgressBar(163)) - Progress: 0.00 % (0 out of 1)
2020-06-05 16:11:54,715 [Thread-258] INFO  freon.ProgressBar (ProgressBar.java:logProgressBar(163)) - Progress: 0.00 % (0 out of 1)
2020-06-05 16:11:55,715 [Thread-258] INFO  freon.ProgressBar (ProgressBar.java:logProgressBar(163)) - Progress: 0.00 % (0 out of 1)
2020-06-05 16:11:56,715 [Thread-258] INFO  freon.ProgressBar (ProgressBar.java:logProgressBar(163)) - Progress: 0.00 % (0 out of 1)
2020-06-05 16:11:57,716 [Thread-258] INFO  freon.ProgressBar (ProgressBar.java:logProgressBar(163)) - Progress: 0.00 % (0 out of 1)
2020-06-05 16:11:58,716 [Thread-258] INFO  freon.ProgressBar (ProgressBar.java:logProgressBar(163)) - Progress: 0.00 % (0 out of 1)
2020-06-05 16:11:59,717 [Thread-258] INFO  freon.ProgressBar (ProgressBar.java:logProgressBar(163)) - Progress: 0.00 % (0 out of 1)
2020-06-05 16:12:00,717 [Thread-258] INFO  freon.ProgressBar (ProgressBar.java:logProgressBar(163)) - Progress: 0.00 % (0 out of 1)
2020-06-05 16:12:01,717 [Thread-258] INFO  freon.ProgressBar (ProgressBar.java:logProgressBar(163)) - Progress: 0.00 % (0 out of 1)
2020-06-05 16:12:02,718 [Thread-258] INFO  freon.ProgressBar (ProgressBar.java:logProgressBar(163)) - Progress: 0.00 % (0 out of 1)
2020-06-05 16:12:03,718 [Thread-258] INFO  freon.ProgressBar (ProgressBar.java:logProgressBar(163)) - Progress: 0.00 % (0 out of 1)
2020-06-05 16:12:04,719 [Thread-258] INFO  freon.ProgressBar (ProgressBar.java:logProgressBar(163)) - Progress: 0.00 % (0 out of 1)
2020-06-05 16:12:05,719 [Thread-258] INFO  freon.ProgressBar (ProgressBar.java:logProgressBar(163)) - Progress: 0.00 % (0 out of 1)
2020-06-05 16:12:06,719 [Thread-258] INFO  freon.ProgressBar (ProgressBar.java:logProgressBar(163)) - Progress: 0.00 % (0 out of 1)
2020-06-05 16:12:07,720 [Thread-258] INFO  freon.ProgressBar (ProgressBar.java:logProgressBar(163)) - Progress: 0.00 % (0 out of 1)
2020-06-05 16:12:08,720 [Thread-258] INFO  freon.ProgressBar (ProgressBar.java:logProgressBar(163)) - Progress: 0.00 % (0 out of 1)
2020-06-05 16:12:09,720 [Thread-258] INFO  freon.ProgressBar (ProgressBar.java:logProgressBar(163)) - Progress: 0.00 % (0 out of 1)
2020-06-05 16:12:10,721 [Thread-258] INFO  freon.ProgressBar (ProgressBar.java:logProgressBar(163)) - Progress: 0.00 % (0 out of 1)
2020-06-05 16:12:11,721 [Thread-258] INFO  freon.ProgressBar (ProgressBar.java:logProgressBar(163)) - Progress: 0.00 % (0 out of 1)
2020-06-05 16:12:12,721 [Thread-258] INFO  freon.ProgressBar (ProgressBar.java:logProgressBar(163)) - Progress: 0.00 % (0 out of 1)
2020-06-05 16:12:13,722 [Thread-258] INFO  freon.ProgressBar (ProgressBar.java:logProgressBar(163)) - Progress: 0.00 % (0 out of 1)
2020-06-05 16:12:14,722 [Thread-258] INFO  freon.ProgressBar (ProgressBar.java:logProgressBar(163)) - Progress: 0.00 % (0 out of 1)
2020-06-05 16:12:15,722 [Thread-258] INFO  freon.ProgressBar (ProgressBar.java:logProgressBar(163)) - Progress: 0.00 % (0 out of 1)
2020-06-05 16:12:16,723 [Thread-258] INFO  freon.ProgressBar (ProgressBar.java:logProgressBar(163)) - Progress: 0.00 % (0 out of 1)
2020-06-05 16:12:17,723 [Thread-258] INFO  freon.ProgressBar (ProgressBar.java:logProgressBar(163)) - Progress: 0.00 % (0 out of 1)
2020-06-05 16:12:18,723 [Thread-258] INFO  freon.ProgressBar (ProgressBar.java:logProgressBar(163)) - Progress: 0.00 % (0 out of 1)
2020-06-05 16:12:19,724 [Thread-258] INFO  freon.ProgressBar (ProgressBar.java:logProgressBar(163)) - Progress: 0.00 % (0 out of 1)
2020-06-05 16:12:20,724 [Thread-258] INFO  freon.ProgressBar (ProgressBar.java:logProgressBar(163)) - Progress: 0.00 % (0 out of 1)
2020-06-05 16:12:21,725 [Thread-258] INFO  freon.ProgressBar (ProgressBar.java:logProgressBar(163)) - Progress: 0.00 % (0 out of 1)
2020-06-05 16:12:22,725 [Thread-258] INFO  freon.ProgressBar (ProgressBar.java:logProgressBar(163)) - Progress: 0.00 % (0 out of 1)
2020-06-05 16:12:23,725 [Thread-258] INFO  freon.ProgressBar (ProgressBar.java:logProgressBar(163)) - Progress: 0.00 % (0 out of 1)
2020-06-05 16:12:24,726 [Thread-258] INFO  freon.ProgressBar (ProgressBar.java:logProgressBar(163)) - Progress: 0.00 % (0 out of 1)
2020-06-05 16:12:25,726 [Thread-258] INFO  freon.ProgressBar (ProgressBar.java:logProgressBar(163)) - Progress: 0.00 % (0 out of 1)
2020-06-05 16:12:26,726 [Thread-258] INFO  freon.ProgressBar (ProgressBar.java:logProgressBar(163)) - Progress: 0.00 % (0 out of 1)
2020-06-05 16:12:27,726 [Thread-258] INFO  freon.ProgressBar (ProgressBar.java:logProgressBar(163)) - Progress: 0.00 % (0 out of 1)
2020-06-05 16:12:28,727 [Thread-258] INFO  freon.ProgressBar (ProgressBar.java:logProgressBar(163)) - Progress: 0.00 % (0 out of 1)
2020-06-05 16:12:29,727 [Thread-258] INFO  freon.ProgressBar (ProgressBar.java:logProgressBar(163)) - Progress: 0.00 % (0 out of 1)
2020-06-05 16:12:30,727 [Thread-258] INFO  freon.ProgressBar (ProgressBar.java:logProgressBar(163)) - Progress: 0.00 % (0 out of 1)
2020-06-05 16:12:31,728 [Thread-258] INFO  freon.ProgressBar (ProgressBar.java:logProgressBar(163)) - Progress: 0.00 % (0 out of 1)
2020-06-05 16:12:32,728 [Thread-258] INFO  freon.ProgressBar (ProgressBar.java:logProgressBar(163)) - Progress: 0.00 % (0 out of 1)
2020-06-05 16:12:33,729 [Thread-258] INFO  freon.ProgressBar (ProgressBar.java:logProgressBar(163)) - Progress: 0.00 % (0 out of 1)
2020-06-05 16:12:34,729 [Thread-258] INFO  freon.ProgressBar (ProgressBar.java:logProgressBar(163)) - Progress: 0.00 % (0 out of 1)
2020-06-05 16:12:35,730 [Thread-258] INFO  freon.ProgressBar (ProgressBar.java:logProgressBar(163)) - Progress: 0.00 % (0 out of 1)
2020-06-05 16:12:36,730 [Thread-258] INFO  freon.ProgressBar (ProgressBar.java:logProgressBar(163)) - Progress: 0.00 % (0 out of 1)
2020-06-05 16:12:37,730 [Thread-258] INFO  freon.ProgressBar (ProgressBar.java:logProgressBar(163)) - Progress: 0.00 % (0 out of 1)
2020-06-05 16:12:38,730 [Thread-258] INFO  freon.ProgressBar (ProgressBar.java:logProgressBar(163)) - Progress: 0.00 % (0 out of 1)
2020-06-05 16:12:39,731 [Thread-258] INFO  freon.ProgressBar (ProgressBar.java:logProgressBar(163)) - Progress: 0.00 % (0 out of 1)
2020-06-05 16:12:40,731 [Thread-258] INFO  freon.ProgressBar (ProgressBar.java:logProgressBar(163)) - Progress: 0.00 % (0 out of 1)
2020-06-05 16:12:41,732 [Thread-258] INFO  freon.ProgressBar (ProgressBar.java:logProgressBar(163)) - Progress: 0.00 % (0 out of 1)
2020-06-05 16:12:42,732 [Thread-258] INFO  freon.ProgressBar (ProgressBar.java:logProgressBar(163)) - Progress: 0.00 % (0 out of 1)
2020-06-05 16:12:43,732 [Thread-258] INFO  freon.ProgressBar (ProgressBar.java:logProgressBar(163)) - Progress: 0.00 % (0 out of 1)
2020-06-05 16:12:44,733 [Thread-258] INFO  freon.ProgressBar (ProgressBar.java:logProgressBar(163)) - Progress: 0.00 % (0 out of 1)
2020-06-05 16:12:45,733 [Thread-258] INFO  freon.ProgressBar (ProgressBar.java:logProgressBar(163)) - Progress: 0.00 % (0 out of 1)
2020-06-05 16:12:46,733 [Thread-258] INFO  freon.ProgressBar (ProgressBar.java:logProgressBar(163)) - Progress: 0.00 % (0 out of 1)
2020-06-05 16:12:47,734 [Thread-258] INFO  freon.ProgressBar (ProgressBar.java:logProgressBar(163)) - Progress: 0.00 % (0 out of 1)
]]></system-out>
    <system-err><![CDATA[ERROR StatusLogger No Log4j 2 configuration file found. Using default configuration (logging only errors to the console), or user programmatically provided configurations. Set system property 'log4j2.debug' to show Log4j 2 internal initialization logging. See https://logging.apache.org/log4j/2.x/manual/configuration.html for instructions on how to configure Log4j 2
]]></system-err>
  </testcase>
  <testcase name="validateWriteTest" classname="org.apache.hadoop.ozone.freon.TestDataValidateWithUnsafeByteOperations" time="300">
    <error message="test timed out after 300000 milliseconds" type="java.lang.Exception">java.lang.Exception: test timed out after 300000 milliseconds
	at java.lang.Thread.sleep(Native Method)
	at org.apache.hadoop.ozone.freon.RandomKeyGenerator.call(RandomKeyGenerator.java:330)
	at org.apache.hadoop.ozone.freon.TestDataValidate.validateWriteTest(TestDataValidate.java:99)
	at sun.reflect.NativeMethodAccessorImpl.invoke0(Native Method)
	at sun.reflect.NativeMethodAccessorImpl.invoke(NativeMethodAccessorImpl.java:62)
	at sun.reflect.DelegatingMethodAccessorImpl.invoke(DelegatingMethodAccessorImpl.java:43)
	at java.lang.reflect.Method.invoke(Method.java:498)
	at org.junit.runners.model.FrameworkMethod$1.runReflectiveCall(FrameworkMethod.java:47)
	at org.junit.internal.runners.model.ReflectiveCallable.run(ReflectiveCallable.java:12)
	at org.junit.runners.model.FrameworkMethod.invokeExplosively(FrameworkMethod.java:44)
	at org.junit.internal.runners.statements.InvokeMethod.evaluate(InvokeMethod.java:17)
	at org.junit.internal.runners.statements.FailOnTimeout$StatementThread.run(FailOnTimeout.java:74)
</error>
    <system-out><![CDATA[2020-06-05 16:12:47,848 [Thread-635] INFO  freon.RandomKeyGenerator (RandomKeyGenerator.java:call(292)) - Number of Threads: 10
2020-06-05 16:12:47,848 [Thread-635] INFO  freon.RandomKeyGenerator (RandomKeyGenerator.java:call(297)) - Number of Volumes: 2.
2020-06-05 16:12:47,848 [Thread-635] INFO  freon.RandomKeyGenerator (RandomKeyGenerator.java:call(298)) - Number of Buckets per Volume: 5.
2020-06-05 16:12:47,848 [Thread-635] INFO  freon.RandomKeyGenerator (RandomKeyGenerator.java:call(299)) - Number of Keys per Bucket: 10.
2020-06-05 16:12:47,848 [Thread-635] INFO  freon.RandomKeyGenerator (RandomKeyGenerator.java:call(300)) - Key size: 10240 bytes
2020-06-05 16:12:47,848 [Thread-635] INFO  freon.RandomKeyGenerator (RandomKeyGenerator.java:call(301)) - Buffer size: 4096 bytes
2020-06-05 16:12:47,848 [Thread-635] INFO  freon.RandomKeyGenerator (RandomKeyGenerator.java:call(302)) - validateWrites : true
2020-06-05 16:12:47,851 [pool-109-thread-1] INFO  rpc.RpcClient (RpcClient.java:createVolume(310)) - Creating Volume: vol-0-59208, with jenkins1001 as owner.
2020-06-05 16:12:47,856 [pool-109-thread-2] INFO  rpc.RpcClient (RpcClient.java:createVolume(310)) - Creating Volume: vol-1-32486, with jenkins1001 as owner.
2020-06-05 16:12:47,861 [IPC Server handler 7 on default port 41627] INFO  volume.OMVolumeCreateRequest (OMVolumeCreateRequest.java:validateAndUpdateCache(204)) - created volume:vol-0-59208 for user:jenkins1001
2020-06-05 16:12:47,863 [Thread-635] INFO  freon.RandomKeyGenerator (RandomKeyGenerator.java:call(316)) - Data validation is enabled.
2020-06-05 16:12:47,863 [Thread-635] INFO  freon.RandomKeyGenerator (RandomKeyGenerator.java:call(322)) - Starting progress bar Thread.
2020-06-05 16:12:47,867 [Thread-640] INFO  freon.ProgressBar (ProgressBar.java:logProgressBar(163)) - Progress: 0.00 % (0 out of 100)
2020-06-05 16:12:47,868 [pool-109-thread-1] INFO  rpc.RpcClient (RpcClient.java:createBucket(450)) - Creating Bucket: vol-0-59208/bucket-4-58219, with Versioning false and Storage Type set to DISK and Encryption set to false 
2020-06-05 16:12:47,868 [IPC Server handler 9 on default port 41627] INFO  volume.OMVolumeCreateRequest (OMVolumeCreateRequest.java:validateAndUpdateCache(204)) - created volume:vol-1-32486 for user:jenkins1001
2020-06-05 16:12:47,874 [pool-109-thread-9] INFO  rpc.RpcClient (RpcClient.java:createBucket(450)) - Creating Bucket: vol-0-59208/bucket-2-19241, with Versioning false and Storage Type set to DISK and Encryption set to false 
2020-06-05 16:12:47,875 [pool-109-thread-2] INFO  rpc.RpcClient (RpcClient.java:createBucket(450)) - Creating Bucket: vol-1-32486/bucket-4-88406, with Versioning false and Storage Type set to DISK and Encryption set to false 
2020-06-05 16:12:47,877 [pool-109-thread-5] INFO  rpc.RpcClient (RpcClient.java:createBucket(450)) - Creating Bucket: vol-1-32486/bucket-0-60558, with Versioning false and Storage Type set to DISK and Encryption set to false 
2020-06-05 16:12:47,877 [pool-109-thread-6] INFO  rpc.RpcClient (RpcClient.java:createBucket(450)) - Creating Bucket: vol-0-59208/bucket-1-33755, with Versioning false and Storage Type set to DISK and Encryption set to false 
2020-06-05 16:12:47,877 [pool-109-thread-3] INFO  rpc.RpcClient (RpcClient.java:createBucket(450)) - Creating Bucket: vol-0-59208/bucket-0-62325, with Versioning false and Storage Type set to DISK and Encryption set to false 
2020-06-05 16:12:47,881 [pool-109-thread-10] INFO  rpc.RpcClient (RpcClient.java:createBucket(450)) - Creating Bucket: vol-0-59208/bucket-3-25009, with Versioning false and Storage Type set to DISK and Encryption set to false 
2020-06-05 16:12:47,882 [pool-109-thread-8] INFO  rpc.RpcClient (RpcClient.java:createBucket(450)) - Creating Bucket: vol-1-32486/bucket-1-79309, with Versioning false and Storage Type set to DISK and Encryption set to false 
2020-06-05 16:12:47,883 [pool-109-thread-7] INFO  rpc.RpcClient (RpcClient.java:createBucket(450)) - Creating Bucket: vol-1-32486/bucket-2-57273, with Versioning false and Storage Type set to DISK and Encryption set to false 
2020-06-05 16:12:47,884 [pool-109-thread-4] INFO  rpc.RpcClient (RpcClient.java:createBucket(450)) - Creating Bucket: vol-1-32486/bucket-3-42536, with Versioning false and Storage Type set to DISK and Encryption set to false 
2020-06-05 16:12:48,734 [Thread-258] INFO  freon.ProgressBar (ProgressBar.java:logProgressBar(163)) - Progress: 0.00 % (0 out of 1)
2020-06-05 16:12:48,868 [Thread-640] INFO  freon.ProgressBar (ProgressBar.java:logProgressBar(163)) - Progress: 10.00 % (10 out of 100)
2020-06-05 16:12:49,734 [Thread-258] INFO  freon.ProgressBar (ProgressBar.java:logProgressBar(163)) - Progress: 0.00 % (0 out of 1)
2020-06-05 16:12:49,868 [Thread-640] INFO  freon.ProgressBar (ProgressBar.java:logProgressBar(163)) - Progress: 10.00 % (10 out of 100)
2020-06-05 16:12:49,908 [ReplicationMonitor] INFO  container.ReplicationManager (ReplicationManager.java:run(231)) - Replication Monitor Thread took 1 milliseconds for processing 5 containers.
2020-06-05 16:12:50,735 [Thread-258] INFO  freon.ProgressBar (ProgressBar.java:logProgressBar(163)) - Progress: 0.00 % (0 out of 1)
2020-06-05 16:12:50,869 [Thread-640] INFO  freon.ProgressBar (ProgressBar.java:logProgressBar(163)) - Progress: 10.00 % (10 out of 100)
2020-06-05 16:12:51,735 [Thread-258] INFO  freon.ProgressBar (ProgressBar.java:logProgressBar(163)) - Progress: 0.00 % (0 out of 1)
2020-06-05 16:12:51,869 [Thread-640] INFO  freon.ProgressBar (ProgressBar.java:logProgressBar(163)) - Progress: 10.00 % (10 out of 100)
2020-06-05 16:12:52,735 [Thread-258] INFO  freon.ProgressBar (ProgressBar.java:logProgressBar(163)) - Progress: 0.00 % (0 out of 1)
2020-06-05 16:12:52,869 [Thread-640] INFO  freon.ProgressBar (ProgressBar.java:logProgressBar(163)) - Progress: 10.00 % (10 out of 100)
2020-06-05 16:12:53,736 [Thread-258] INFO  freon.ProgressBar (ProgressBar.java:logProgressBar(163)) - Progress: 0.00 % (0 out of 1)
2020-06-05 16:12:53,870 [Thread-640] INFO  freon.ProgressBar (ProgressBar.java:logProgressBar(163)) - Progress: 10.00 % (10 out of 100)
2020-06-05 16:12:54,736 [Thread-258] INFO  freon.ProgressBar (ProgressBar.java:logProgressBar(163)) - Progress: 0.00 % (0 out of 1)
2020-06-05 16:12:54,870 [Thread-640] INFO  freon.ProgressBar (ProgressBar.java:logProgressBar(163)) - Progress: 10.00 % (10 out of 100)
2020-06-05 16:12:55,737 [Thread-258] INFO  freon.ProgressBar (ProgressBar.java:logProgressBar(163)) - Progress: 0.00 % (0 out of 1)
2020-06-05 16:12:55,870 [Thread-640] INFO  freon.ProgressBar (ProgressBar.java:logProgressBar(163)) - Progress: 10.00 % (10 out of 100)
2020-06-05 16:12:56,737 [Thread-258] INFO  freon.ProgressBar (ProgressBar.java:logProgressBar(163)) - Progress: 0.00 % (0 out of 1)
2020-06-05 16:12:56,871 [Thread-640] INFO  freon.ProgressBar (ProgressBar.java:logProgressBar(163)) - Progress: 10.00 % (10 out of 100)
2020-06-05 16:12:57,737 [Thread-258] INFO  freon.ProgressBar (ProgressBar.java:logProgressBar(163)) - Progress: 0.00 % (0 out of 1)
2020-06-05 16:12:57,871 [Thread-640] INFO  freon.ProgressBar (ProgressBar.java:logProgressBar(163)) - Progress: 10.00 % (10 out of 100)
2020-06-05 16:12:58,738 [Thread-258] INFO  freon.ProgressBar (ProgressBar.java:logProgressBar(163)) - Progress: 0.00 % (0 out of 1)
2020-06-05 16:12:58,871 [Thread-640] INFO  freon.ProgressBar (ProgressBar.java:logProgressBar(163)) - Progress: 10.00 % (10 out of 100)
2020-06-05 16:12:59,738 [Thread-258] INFO  freon.ProgressBar (ProgressBar.java:logProgressBar(163)) - Progress: 0.00 % (0 out of 1)
2020-06-05 16:12:59,872 [Thread-640] INFO  freon.ProgressBar (ProgressBar.java:logProgressBar(163)) - Progress: 10.00 % (10 out of 100)
2020-06-05 16:12:59,979 [java.util.concurrent.ThreadPoolExecutor$Worker@73a8b84e[State = -1, empty queue]] WARN  server.GrpcLogAppender (GrpcLogAppender.java:timeoutAppendRequest(213)) - a0aacd28-4468-409f-aa57-a8c1d52d114c@group-097DD4A676AA->902fabd4-5f55-4bcb-bd45-7818ae89d354-GrpcLogAppender:  appendEntries Timeout, request=AppendEntriesRequest:cid=125,entriesCount=1,lastEntry=(t:1, i:5)
2020-06-05 16:12:59,980 [java.util.concurrent.ThreadPoolExecutor$Worker@73a8b84e[State = -1, empty queue]] WARN  server.GrpcLogAppender (GrpcLogAppender.java:timeoutAppendRequest(213)) - a0aacd28-4468-409f-aa57-a8c1d52d114c@group-097DD4A676AA->46a0c3d8-0862-44f9-974b-4404c1ab61a7-GrpcLogAppender:  appendEntries Timeout, request=AppendEntriesRequest:cid=125,entriesCount=1,lastEntry=(t:1, i:5)
2020-06-05 16:12:59,980 [java.util.concurrent.ThreadPoolExecutor$Worker@73a8b84e[State = -1, empty queue]] WARN  server.GrpcLogAppender (GrpcLogAppender.java:timeoutAppendRequest(213)) - a0aacd28-4468-409f-aa57-a8c1d52d114c@group-097DD4A676AA->902fabd4-5f55-4bcb-bd45-7818ae89d354-GrpcLogAppender:  appendEntries Timeout, request=AppendEntriesRequest:cid=126,entriesCount=1,lastEntry=(t:1, i:6)
2020-06-05 16:12:59,980 [java.util.concurrent.ThreadPoolExecutor$Worker@73a8b84e[State = -1, empty queue]] WARN  server.GrpcLogAppender (GrpcLogAppender.java:timeoutAppendRequest(213)) - a0aacd28-4468-409f-aa57-a8c1d52d114c@group-097DD4A676AA->46a0c3d8-0862-44f9-974b-4404c1ab61a7-GrpcLogAppender:  appendEntries Timeout, request=AppendEntriesRequest:cid=126,entriesCount=1,lastEntry=(t:1, i:6)
2020-06-05 16:12:59,980 [java.util.concurrent.ThreadPoolExecutor$Worker@73a8b84e[State = -1, empty queue]] WARN  server.GrpcLogAppender (GrpcLogAppender.java:timeoutAppendRequest(213)) - a0aacd28-4468-409f-aa57-a8c1d52d114c@group-097DD4A676AA->902fabd4-5f55-4bcb-bd45-7818ae89d354-GrpcLogAppender:  appendEntries Timeout, request=AppendEntriesRequest:cid=127,entriesCount=1,lastEntry=(t:1, i:7)
2020-06-05 16:12:59,980 [java.util.concurrent.ThreadPoolExecutor$Worker@73a8b84e[State = -1, empty queue]] WARN  server.GrpcLogAppender (GrpcLogAppender.java:timeoutAppendRequest(213)) - a0aacd28-4468-409f-aa57-a8c1d52d114c@group-097DD4A676AA->46a0c3d8-0862-44f9-974b-4404c1ab61a7-GrpcLogAppender:  appendEntries Timeout, request=AppendEntriesRequest:cid=127,entriesCount=1,lastEntry=(t:1, i:7)
2020-06-05 16:12:59,981 [java.util.concurrent.ThreadPoolExecutor$Worker@73a8b84e[State = -1, empty queue]] WARN  server.GrpcLogAppender (GrpcLogAppender.java:timeoutAppendRequest(213)) - a0aacd28-4468-409f-aa57-a8c1d52d114c@group-097DD4A676AA->902fabd4-5f55-4bcb-bd45-7818ae89d354-GrpcLogAppender:  appendEntries Timeout, request=AppendEntriesRequest:cid=128,entriesCount=1,lastEntry=(t:1, i:8)
2020-06-05 16:12:59,981 [java.util.concurrent.ThreadPoolExecutor$Worker@73a8b84e[State = -1, empty queue]] WARN  server.GrpcLogAppender (GrpcLogAppender.java:timeoutAppendRequest(213)) - a0aacd28-4468-409f-aa57-a8c1d52d114c@group-097DD4A676AA->46a0c3d8-0862-44f9-974b-4404c1ab61a7-GrpcLogAppender:  appendEntries Timeout, request=AppendEntriesRequest:cid=128,entriesCount=1,lastEntry=(t:1, i:8)
2020-06-05 16:12:59,981 [java.util.concurrent.ThreadPoolExecutor$Worker@73a8b84e[State = -1, empty queue]] WARN  server.GrpcLogAppender (GrpcLogAppender.java:timeoutAppendRequest(213)) - a0aacd28-4468-409f-aa57-a8c1d52d114c@group-097DD4A676AA->902fabd4-5f55-4bcb-bd45-7818ae89d354-GrpcLogAppender:  appendEntries Timeout, request=AppendEntriesRequest:cid=129,entriesCount=1,lastEntry=(t:1, i:9)
2020-06-05 16:12:59,981 [java.util.concurrent.ThreadPoolExecutor$Worker@73a8b84e[State = -1, empty queue]] WARN  server.GrpcLogAppender (GrpcLogAppender.java:timeoutAppendRequest(213)) - a0aacd28-4468-409f-aa57-a8c1d52d114c@group-097DD4A676AA->46a0c3d8-0862-44f9-974b-4404c1ab61a7-GrpcLogAppender:  appendEntries Timeout, request=AppendEntriesRequest:cid=129,entriesCount=1,lastEntry=(t:1, i:9)
2020-06-05 16:12:59,981 [java.util.concurrent.ThreadPoolExecutor$Worker@73a8b84e[State = -1, empty queue]] WARN  server.GrpcLogAppender (GrpcLogAppender.java:timeoutAppendRequest(213)) - a0aacd28-4468-409f-aa57-a8c1d52d114c@group-097DD4A676AA->902fabd4-5f55-4bcb-bd45-7818ae89d354-GrpcLogAppender:  appendEntries Timeout, request=AppendEntriesRequest:cid=130,entriesCount=1,lastEntry=(t:1, i:10)
2020-06-05 16:12:59,981 [java.util.concurrent.ThreadPoolExecutor$Worker@73a8b84e[State = -1, empty queue]] WARN  server.GrpcLogAppender (GrpcLogAppender.java:timeoutAppendRequest(213)) - a0aacd28-4468-409f-aa57-a8c1d52d114c@group-097DD4A676AA->46a0c3d8-0862-44f9-974b-4404c1ab61a7-GrpcLogAppender:  appendEntries Timeout, request=AppendEntriesRequest:cid=130,entriesCount=1,lastEntry=(t:1, i:10)
2020-06-05 16:12:59,981 [java.util.concurrent.ThreadPoolExecutor$Worker@73a8b84e[State = -1, empty queue]] WARN  server.GrpcLogAppender (GrpcLogAppender.java:timeoutAppendRequest(213)) - a0aacd28-4468-409f-aa57-a8c1d52d114c@group-097DD4A676AA->902fabd4-5f55-4bcb-bd45-7818ae89d354-GrpcLogAppender:  appendEntries Timeout, request=AppendEntriesRequest:cid=131,entriesCount=1,lastEntry=(t:1, i:11)
2020-06-05 16:12:59,981 [java.util.concurrent.ThreadPoolExecutor$Worker@73a8b84e[State = -1, empty queue]] WARN  server.GrpcLogAppender (GrpcLogAppender.java:timeoutAppendRequest(213)) - a0aacd28-4468-409f-aa57-a8c1d52d114c@group-097DD4A676AA->46a0c3d8-0862-44f9-974b-4404c1ab61a7-GrpcLogAppender:  appendEntries Timeout, request=AppendEntriesRequest:cid=131,entriesCount=1,lastEntry=(t:1, i:11)
2020-06-05 16:12:59,981 [java.util.concurrent.ThreadPoolExecutor$Worker@73a8b84e[State = -1, empty queue]] WARN  server.GrpcLogAppender (GrpcLogAppender.java:timeoutAppendRequest(213)) - a0aacd28-4468-409f-aa57-a8c1d52d114c@group-097DD4A676AA->46a0c3d8-0862-44f9-974b-4404c1ab61a7-GrpcLogAppender:  appendEntries Timeout, request=AppendEntriesRequest:cid=132,entriesCount=1,lastEntry=(t:1, i:12)
2020-06-05 16:12:59,981 [java.util.concurrent.ThreadPoolExecutor$Worker@73a8b84e[State = -1, empty queue]] WARN  server.GrpcLogAppender (GrpcLogAppender.java:timeoutAppendRequest(213)) - a0aacd28-4468-409f-aa57-a8c1d52d114c@group-097DD4A676AA->902fabd4-5f55-4bcb-bd45-7818ae89d354-GrpcLogAppender:  appendEntries Timeout, request=AppendEntriesRequest:cid=132,entriesCount=1,lastEntry=(t:1, i:12)
2020-06-05 16:12:59,981 [java.util.concurrent.ThreadPoolExecutor$Worker@73a8b84e[State = -1, empty queue]] WARN  server.GrpcLogAppender (GrpcLogAppender.java:timeoutAppendRequest(213)) - a0aacd28-4468-409f-aa57-a8c1d52d114c@group-097DD4A676AA->902fabd4-5f55-4bcb-bd45-7818ae89d354-GrpcLogAppender:  appendEntries Timeout, request=AppendEntriesRequest:cid=133,entriesCount=1,lastEntry=(t:1, i:13)
2020-06-05 16:12:59,981 [java.util.concurrent.ThreadPoolExecutor$Worker@73a8b84e[State = -1, empty queue]] WARN  server.GrpcLogAppender (GrpcLogAppender.java:timeoutAppendRequest(213)) - a0aacd28-4468-409f-aa57-a8c1d52d114c@group-097DD4A676AA->46a0c3d8-0862-44f9-974b-4404c1ab61a7-GrpcLogAppender:  appendEntries Timeout, request=AppendEntriesRequest:cid=133,entriesCount=1,lastEntry=(t:1, i:13)
2020-06-05 16:12:59,981 [java.util.concurrent.ThreadPoolExecutor$Worker@73a8b84e[State = -1, empty queue]] WARN  server.GrpcLogAppender (GrpcLogAppender.java:timeoutAppendRequest(213)) - a0aacd28-4468-409f-aa57-a8c1d52d114c@group-097DD4A676AA->902fabd4-5f55-4bcb-bd45-7818ae89d354-GrpcLogAppender:  appendEntries Timeout, request=AppendEntriesRequest:cid=134,entriesCount=1,lastEntry=(t:1, i:14)
2020-06-05 16:12:59,982 [java.util.concurrent.ThreadPoolExecutor$Worker@73a8b84e[State = -1, empty queue]] WARN  server.GrpcLogAppender (GrpcLogAppender.java:timeoutAppendRequest(213)) - a0aacd28-4468-409f-aa57-a8c1d52d114c@group-097DD4A676AA->46a0c3d8-0862-44f9-974b-4404c1ab61a7-GrpcLogAppender:  appendEntries Timeout, request=AppendEntriesRequest:cid=134,entriesCount=1,lastEntry=(t:1, i:14)
2020-06-05 16:12:59,982 [java.util.concurrent.ThreadPoolExecutor$Worker@73a8b84e[State = -1, empty queue]] WARN  server.GrpcLogAppender (GrpcLogAppender.java:timeoutAppendRequest(213)) - a0aacd28-4468-409f-aa57-a8c1d52d114c@group-097DD4A676AA->46a0c3d8-0862-44f9-974b-4404c1ab61a7-GrpcLogAppender:  appendEntries Timeout, request=AppendEntriesRequest:cid=135,entriesCount=1,lastEntry=(t:1, i:15)
2020-06-05 16:12:59,982 [java.util.concurrent.ThreadPoolExecutor$Worker@73a8b84e[State = -1, empty queue]] WARN  server.GrpcLogAppender (GrpcLogAppender.java:timeoutAppendRequest(213)) - a0aacd28-4468-409f-aa57-a8c1d52d114c@group-097DD4A676AA->902fabd4-5f55-4bcb-bd45-7818ae89d354-GrpcLogAppender:  appendEntries Timeout, request=AppendEntriesRequest:cid=135,entriesCount=1,lastEntry=(t:1, i:15)
2020-06-05 16:12:59,982 [java.util.concurrent.ThreadPoolExecutor$Worker@73a8b84e[State = -1, empty queue]] WARN  server.GrpcLogAppender (GrpcLogAppender.java:timeoutAppendRequest(213)) - a0aacd28-4468-409f-aa57-a8c1d52d114c@group-097DD4A676AA->902fabd4-5f55-4bcb-bd45-7818ae89d354-GrpcLogAppender:  appendEntries Timeout, request=AppendEntriesRequest:cid=136,entriesCount=1,lastEntry=(t:1, i:16)
2020-06-05 16:12:59,982 [java.util.concurrent.ThreadPoolExecutor$Worker@73a8b84e[State = -1, empty queue]] WARN  server.GrpcLogAppender (GrpcLogAppender.java:timeoutAppendRequest(213)) - a0aacd28-4468-409f-aa57-a8c1d52d114c@group-097DD4A676AA->46a0c3d8-0862-44f9-974b-4404c1ab61a7-GrpcLogAppender:  appendEntries Timeout, request=AppendEntriesRequest:cid=136,entriesCount=1,lastEntry=(t:1, i:16)
2020-06-05 16:12:59,982 [java.util.concurrent.ThreadPoolExecutor$Worker@73a8b84e[State = -1, empty queue]] WARN  server.GrpcLogAppender (GrpcLogAppender.java:timeoutAppendRequest(213)) - a0aacd28-4468-409f-aa57-a8c1d52d114c@group-097DD4A676AA->902fabd4-5f55-4bcb-bd45-7818ae89d354-GrpcLogAppender:  appendEntries Timeout, request=AppendEntriesRequest:cid=137,entriesCount=1,lastEntry=(t:1, i:17)
2020-06-05 16:12:59,982 [java.util.concurrent.ThreadPoolExecutor$Worker@73a8b84e[State = -1, empty queue]] WARN  server.GrpcLogAppender (GrpcLogAppender.java:timeoutAppendRequest(213)) - a0aacd28-4468-409f-aa57-a8c1d52d114c@group-097DD4A676AA->46a0c3d8-0862-44f9-974b-4404c1ab61a7-GrpcLogAppender:  appendEntries Timeout, request=AppendEntriesRequest:cid=137,entriesCount=1,lastEntry=(t:1, i:17)
2020-06-05 16:12:59,982 [java.util.concurrent.ThreadPoolExecutor$Worker@73a8b84e[State = -1, empty queue]] WARN  server.GrpcLogAppender (GrpcLogAppender.java:timeoutAppendRequest(213)) - a0aacd28-4468-409f-aa57-a8c1d52d114c@group-097DD4A676AA->902fabd4-5f55-4bcb-bd45-7818ae89d354-GrpcLogAppender:  appendEntries Timeout, request=AppendEntriesRequest:cid=138,entriesCount=1,lastEntry=(t:1, i:18)
2020-06-05 16:12:59,982 [java.util.concurrent.ThreadPoolExecutor$Worker@73a8b84e[State = -1, empty queue]] WARN  server.GrpcLogAppender (GrpcLogAppender.java:timeoutAppendRequest(213)) - a0aacd28-4468-409f-aa57-a8c1d52d114c@group-097DD4A676AA->46a0c3d8-0862-44f9-974b-4404c1ab61a7-GrpcLogAppender:  appendEntries Timeout, request=AppendEntriesRequest:cid=138,entriesCount=1,lastEntry=(t:1, i:18)
2020-06-05 16:12:59,982 [java.util.concurrent.ThreadPoolExecutor$Worker@73a8b84e[State = -1, empty queue]] WARN  server.GrpcLogAppender (GrpcLogAppender.java:timeoutAppendRequest(213)) - a0aacd28-4468-409f-aa57-a8c1d52d114c@group-097DD4A676AA->46a0c3d8-0862-44f9-974b-4404c1ab61a7-GrpcLogAppender:  appendEntries Timeout, request=AppendEntriesRequest:cid=139,entriesCount=1,lastEntry=(t:1, i:19)
2020-06-05 16:12:59,982 [java.util.concurrent.ThreadPoolExecutor$Worker@73a8b84e[State = -1, empty queue]] WARN  server.GrpcLogAppender (GrpcLogAppender.java:timeoutAppendRequest(213)) - a0aacd28-4468-409f-aa57-a8c1d52d114c@group-097DD4A676AA->902fabd4-5f55-4bcb-bd45-7818ae89d354-GrpcLogAppender:  appendEntries Timeout, request=AppendEntriesRequest:cid=139,entriesCount=1,lastEntry=(t:1, i:19)
2020-06-05 16:12:59,982 [java.util.concurrent.ThreadPoolExecutor$Worker@73a8b84e[State = -1, empty queue]] WARN  server.GrpcLogAppender (GrpcLogAppender.java:timeoutAppendRequest(213)) - a0aacd28-4468-409f-aa57-a8c1d52d114c@group-097DD4A676AA->902fabd4-5f55-4bcb-bd45-7818ae89d354-GrpcLogAppender:  appendEntries Timeout, request=AppendEntriesRequest:cid=140,entriesCount=1,lastEntry=(t:1, i:20)
2020-06-05 16:12:59,982 [java.util.concurrent.ThreadPoolExecutor$Worker@73a8b84e[State = -1, empty queue]] WARN  server.GrpcLogAppender (GrpcLogAppender.java:timeoutAppendRequest(213)) - a0aacd28-4468-409f-aa57-a8c1d52d114c@group-097DD4A676AA->46a0c3d8-0862-44f9-974b-4404c1ab61a7-GrpcLogAppender:  appendEntries Timeout, request=AppendEntriesRequest:cid=140,entriesCount=1,lastEntry=(t:1, i:20)
2020-06-05 16:12:59,982 [java.util.concurrent.ThreadPoolExecutor$Worker@73a8b84e[State = -1, empty queue]] WARN  server.GrpcLogAppender (GrpcLogAppender.java:timeoutAppendRequest(213)) - a0aacd28-4468-409f-aa57-a8c1d52d114c@group-097DD4A676AA->902fabd4-5f55-4bcb-bd45-7818ae89d354-GrpcLogAppender:  appendEntries Timeout, request=AppendEntriesRequest:cid=141,entriesCount=1,lastEntry=(t:1, i:21)
2020-06-05 16:12:59,982 [java.util.concurrent.ThreadPoolExecutor$Worker@73a8b84e[State = -1, empty queue]] WARN  server.GrpcLogAppender (GrpcLogAppender.java:timeoutAppendRequest(213)) - a0aacd28-4468-409f-aa57-a8c1d52d114c@group-097DD4A676AA->46a0c3d8-0862-44f9-974b-4404c1ab61a7-GrpcLogAppender:  appendEntries Timeout, request=AppendEntriesRequest:cid=141,entriesCount=1,lastEntry=(t:1, i:21)
2020-06-05 16:12:59,983 [java.util.concurrent.ThreadPoolExecutor$Worker@73a8b84e[State = -1, empty queue]] WARN  server.GrpcLogAppender (GrpcLogAppender.java:timeoutAppendRequest(213)) - a0aacd28-4468-409f-aa57-a8c1d52d114c@group-097DD4A676AA->902fabd4-5f55-4bcb-bd45-7818ae89d354-GrpcLogAppender:  appendEntries Timeout, request=AppendEntriesRequest:cid=142,entriesCount=1,lastEntry=(t:1, i:22)
2020-06-05 16:12:59,983 [java.util.concurrent.ThreadPoolExecutor$Worker@73a8b84e[State = -1, empty queue]] WARN  server.GrpcLogAppender (GrpcLogAppender.java:timeoutAppendRequest(213)) - a0aacd28-4468-409f-aa57-a8c1d52d114c@group-097DD4A676AA->902fabd4-5f55-4bcb-bd45-7818ae89d354-GrpcLogAppender:  appendEntries Timeout, request=AppendEntriesRequest:cid=143,entriesCount=1,lastEntry=(t:1, i:23)
2020-06-05 16:12:59,983 [java.util.concurrent.ThreadPoolExecutor$Worker@73a8b84e[State = -1, empty queue]] WARN  server.GrpcLogAppender (GrpcLogAppender.java:timeoutAppendRequest(213)) - a0aacd28-4468-409f-aa57-a8c1d52d114c@group-097DD4A676AA->46a0c3d8-0862-44f9-974b-4404c1ab61a7-GrpcLogAppender:  appendEntries Timeout, request=AppendEntriesRequest:cid=142,entriesCount=1,lastEntry=(t:1, i:22)
2020-06-05 16:12:59,983 [java.util.concurrent.ThreadPoolExecutor$Worker@73a8b84e[State = -1, empty queue]] WARN  server.GrpcLogAppender (GrpcLogAppender.java:timeoutAppendRequest(213)) - a0aacd28-4468-409f-aa57-a8c1d52d114c@group-097DD4A676AA->46a0c3d8-0862-44f9-974b-4404c1ab61a7-GrpcLogAppender:  appendEntries Timeout, request=AppendEntriesRequest:cid=143,entriesCount=1,lastEntry=(t:1, i:23)
2020-06-05 16:12:59,983 [java.util.concurrent.ThreadPoolExecutor$Worker@73a8b84e[State = -1, empty queue]] WARN  server.GrpcLogAppender (GrpcLogAppender.java:timeoutAppendRequest(213)) - a0aacd28-4468-409f-aa57-a8c1d52d114c@group-097DD4A676AA->902fabd4-5f55-4bcb-bd45-7818ae89d354-GrpcLogAppender:  appendEntries Timeout, request=AppendEntriesRequest:cid=144,entriesCount=1,lastEntry=(t:1, i:24)
2020-06-05 16:12:59,983 [java.util.concurrent.ThreadPoolExecutor$Worker@73a8b84e[State = -1, empty queue]] WARN  server.GrpcLogAppender (GrpcLogAppender.java:timeoutAppendRequest(213)) - a0aacd28-4468-409f-aa57-a8c1d52d114c@group-097DD4A676AA->46a0c3d8-0862-44f9-974b-4404c1ab61a7-GrpcLogAppender:  appendEntries Timeout, request=AppendEntriesRequest:cid=144,entriesCount=1,lastEntry=(t:1, i:24)
2020-06-05 16:13:00,738 [Thread-258] INFO  freon.ProgressBar (ProgressBar.java:logProgressBar(163)) - Progress: 0.00 % (0 out of 1)
2020-06-05 16:13:00,872 [Thread-640] INFO  freon.ProgressBar (ProgressBar.java:logProgressBar(163)) - Progress: 10.00 % (10 out of 100)
2020-06-05 16:13:01,739 [Thread-258] INFO  freon.ProgressBar (ProgressBar.java:logProgressBar(163)) - Progress: 0.00 % (0 out of 1)
2020-06-05 16:13:01,872 [Thread-640] INFO  freon.ProgressBar (ProgressBar.java:logProgressBar(163)) - Progress: 10.00 % (10 out of 100)
2020-06-05 16:13:02,739 [Thread-258] INFO  freon.ProgressBar (ProgressBar.java:logProgressBar(163)) - Progress: 0.00 % (0 out of 1)
2020-06-05 16:13:02,873 [Thread-640] INFO  freon.ProgressBar (ProgressBar.java:logProgressBar(163)) - Progress: 10.00 % (10 out of 100)
2020-06-05 16:13:03,740 [Thread-258] INFO  freon.ProgressBar (ProgressBar.java:logProgressBar(163)) - Progress: 0.00 % (0 out of 1)
2020-06-05 16:13:03,873 [Thread-640] INFO  freon.ProgressBar (ProgressBar.java:logProgressBar(163)) - Progress: 10.00 % (10 out of 100)
2020-06-05 16:13:04,740 [Thread-258] INFO  freon.ProgressBar (ProgressBar.java:logProgressBar(163)) - Progress: 0.00 % (0 out of 1)
2020-06-05 16:13:04,874 [Thread-640] INFO  freon.ProgressBar (ProgressBar.java:logProgressBar(163)) - Progress: 10.00 % (10 out of 100)
2020-06-05 16:13:05,740 [Thread-258] INFO  freon.ProgressBar (ProgressBar.java:logProgressBar(163)) - Progress: 0.00 % (0 out of 1)
2020-06-05 16:13:05,874 [Thread-640] INFO  freon.ProgressBar (ProgressBar.java:logProgressBar(163)) - Progress: 10.00 % (10 out of 100)
2020-06-05 16:13:06,741 [Thread-258] INFO  freon.ProgressBar (ProgressBar.java:logProgressBar(163)) - Progress: 0.00 % (0 out of 1)
2020-06-05 16:13:06,874 [Thread-640] INFO  freon.ProgressBar (ProgressBar.java:logProgressBar(163)) - Progress: 10.00 % (10 out of 100)
2020-06-05 16:13:07,741 [Thread-258] INFO  freon.ProgressBar (ProgressBar.java:logProgressBar(163)) - Progress: 0.00 % (0 out of 1)
2020-06-05 16:13:07,875 [Thread-640] INFO  freon.ProgressBar (ProgressBar.java:logProgressBar(163)) - Progress: 10.00 % (10 out of 100)
2020-06-05 16:13:08,741 [Thread-258] INFO  freon.ProgressBar (ProgressBar.java:logProgressBar(163)) - Progress: 0.00 % (0 out of 1)
2020-06-05 16:13:08,875 [Thread-640] INFO  freon.ProgressBar (ProgressBar.java:logProgressBar(163)) - Progress: 10.00 % (10 out of 100)
2020-06-05 16:13:09,742 [Thread-258] INFO  freon.ProgressBar (ProgressBar.java:logProgressBar(163)) - Progress: 0.00 % (0 out of 1)
2020-06-05 16:13:09,875 [Thread-640] INFO  freon.ProgressBar (ProgressBar.java:logProgressBar(163)) - Progress: 10.00 % (10 out of 100)
2020-06-05 16:13:10,742 [Thread-258] INFO  freon.ProgressBar (ProgressBar.java:logProgressBar(163)) - Progress: 0.00 % (0 out of 1)
2020-06-05 16:13:10,876 [Thread-640] INFO  freon.ProgressBar (ProgressBar.java:logProgressBar(163)) - Progress: 10.00 % (10 out of 100)
2020-06-05 16:13:11,742 [Thread-258] INFO  freon.ProgressBar (ProgressBar.java:logProgressBar(163)) - Progress: 0.00 % (0 out of 1)
2020-06-05 16:13:11,876 [Thread-640] INFO  freon.ProgressBar (ProgressBar.java:logProgressBar(163)) - Progress: 10.00 % (10 out of 100)
2020-06-05 16:13:12,743 [Thread-258] INFO  freon.ProgressBar (ProgressBar.java:logProgressBar(163)) - Progress: 0.00 % (0 out of 1)
2020-06-05 16:13:12,876 [Thread-640] INFO  freon.ProgressBar (ProgressBar.java:logProgressBar(163)) - Progress: 10.00 % (10 out of 100)
2020-06-05 16:13:13,743 [Thread-258] INFO  freon.ProgressBar (ProgressBar.java:logProgressBar(163)) - Progress: 0.00 % (0 out of 1)
2020-06-05 16:13:13,877 [Thread-640] INFO  freon.ProgressBar (ProgressBar.java:logProgressBar(163)) - Progress: 10.00 % (10 out of 100)
2020-06-05 16:13:14,744 [Thread-258] INFO  freon.ProgressBar (ProgressBar.java:logProgressBar(163)) - Progress: 0.00 % (0 out of 1)
2020-06-05 16:13:14,877 [Thread-640] INFO  freon.ProgressBar (ProgressBar.java:logProgressBar(163)) - Progress: 10.00 % (10 out of 100)
2020-06-05 16:13:15,744 [Thread-258] INFO  freon.ProgressBar (ProgressBar.java:logProgressBar(163)) - Progress: 0.00 % (0 out of 1)
2020-06-05 16:13:15,877 [Thread-640] INFO  freon.ProgressBar (ProgressBar.java:logProgressBar(163)) - Progress: 10.00 % (10 out of 100)
2020-06-05 16:13:16,744 [Thread-258] INFO  freon.ProgressBar (ProgressBar.java:logProgressBar(163)) - Progress: 0.00 % (0 out of 1)
2020-06-05 16:13:16,878 [Thread-640] INFO  freon.ProgressBar (ProgressBar.java:logProgressBar(163)) - Progress: 10.00 % (10 out of 100)
2020-06-05 16:13:17,745 [Thread-258] INFO  freon.ProgressBar (ProgressBar.java:logProgressBar(163)) - Progress: 0.00 % (0 out of 1)
2020-06-05 16:13:17,878 [Thread-640] INFO  freon.ProgressBar (ProgressBar.java:logProgressBar(163)) - Progress: 10.00 % (10 out of 100)
2020-06-05 16:13:18,745 [Thread-258] INFO  freon.ProgressBar (ProgressBar.java:logProgressBar(163)) - Progress: 0.00 % (0 out of 1)
2020-06-05 16:13:18,879 [Thread-640] INFO  freon.ProgressBar (ProgressBar.java:logProgressBar(163)) - Progress: 10.00 % (10 out of 100)
2020-06-05 16:13:19,745 [Thread-258] INFO  freon.ProgressBar (ProgressBar.java:logProgressBar(163)) - Progress: 0.00 % (0 out of 1)
2020-06-05 16:13:19,879 [Thread-640] INFO  freon.ProgressBar (ProgressBar.java:logProgressBar(163)) - Progress: 10.00 % (10 out of 100)
2020-06-05 16:13:20,746 [Thread-258] INFO  freon.ProgressBar (ProgressBar.java:logProgressBar(163)) - Progress: 0.00 % (0 out of 1)
2020-06-05 16:13:20,879 [Thread-640] INFO  freon.ProgressBar (ProgressBar.java:logProgressBar(163)) - Progress: 10.00 % (10 out of 100)
2020-06-05 16:13:21,746 [Thread-258] INFO  freon.ProgressBar (ProgressBar.java:logProgressBar(163)) - Progress: 0.00 % (0 out of 1)
2020-06-05 16:13:21,880 [Thread-640] INFO  freon.ProgressBar (ProgressBar.java:logProgressBar(163)) - Progress: 10.00 % (10 out of 100)
2020-06-05 16:13:22,746 [Thread-258] INFO  freon.ProgressBar (ProgressBar.java:logProgressBar(163)) - Progress: 0.00 % (0 out of 1)
2020-06-05 16:13:22,880 [Thread-640] INFO  freon.ProgressBar (ProgressBar.java:logProgressBar(163)) - Progress: 10.00 % (10 out of 100)
2020-06-05 16:13:23,747 [Thread-258] INFO  freon.ProgressBar (ProgressBar.java:logProgressBar(163)) - Progress: 0.00 % (0 out of 1)
2020-06-05 16:13:23,881 [Thread-640] INFO  freon.ProgressBar (ProgressBar.java:logProgressBar(163)) - Progress: 10.00 % (10 out of 100)
2020-06-05 16:13:24,747 [Thread-258] INFO  freon.ProgressBar (ProgressBar.java:logProgressBar(163)) - Progress: 0.00 % (0 out of 1)
2020-06-05 16:13:24,881 [Thread-640] INFO  freon.ProgressBar (ProgressBar.java:logProgressBar(163)) - Progress: 10.00 % (10 out of 100)
2020-06-05 16:13:25,747 [Thread-258] INFO  freon.ProgressBar (ProgressBar.java:logProgressBar(163)) - Progress: 0.00 % (0 out of 1)
2020-06-05 16:13:25,881 [Thread-640] INFO  freon.ProgressBar (ProgressBar.java:logProgressBar(163)) - Progress: 10.00 % (10 out of 100)
2020-06-05 16:13:26,748 [Thread-258] INFO  freon.ProgressBar (ProgressBar.java:logProgressBar(163)) - Progress: 0.00 % (0 out of 1)
2020-06-05 16:13:26,882 [Thread-640] INFO  freon.ProgressBar (ProgressBar.java:logProgressBar(163)) - Progress: 10.00 % (10 out of 100)
2020-06-05 16:13:27,748 [Thread-258] INFO  freon.ProgressBar (ProgressBar.java:logProgressBar(163)) - Progress: 0.00 % (0 out of 1)
2020-06-05 16:13:27,882 [Thread-640] INFO  freon.ProgressBar (ProgressBar.java:logProgressBar(163)) - Progress: 10.00 % (10 out of 100)
2020-06-05 16:13:28,748 [Thread-258] INFO  freon.ProgressBar (ProgressBar.java:logProgressBar(163)) - Progress: 0.00 % (0 out of 1)
2020-06-05 16:13:28,882 [Thread-640] INFO  freon.ProgressBar (ProgressBar.java:logProgressBar(163)) - Progress: 10.00 % (10 out of 100)
2020-06-05 16:13:29,749 [Thread-258] INFO  freon.ProgressBar (ProgressBar.java:logProgressBar(163)) - Progress: 0.00 % (0 out of 1)
2020-06-05 16:13:29,883 [Thread-640] INFO  freon.ProgressBar (ProgressBar.java:logProgressBar(163)) - Progress: 10.00 % (10 out of 100)
2020-06-05 16:13:30,749 [Thread-258] INFO  freon.ProgressBar (ProgressBar.java:logProgressBar(163)) - Progress: 0.00 % (0 out of 1)
2020-06-05 16:13:30,883 [Thread-640] INFO  freon.ProgressBar (ProgressBar.java:logProgressBar(163)) - Progress: 10.00 % (10 out of 100)
2020-06-05 16:13:30,973 [RatisPipelineUtilsThread] ERROR pipeline.SCMPipelineManager (SCMPipelineManager.java:createPipeline(222)) - Failed to create pipeline of type RATIS and factor ONE. Exception: Cannot create pipeline of factor 1 using 0 nodes. Used 5 nodes. Healthy nodes 5
2020-06-05 16:13:30,973 [RatisPipelineUtilsThread] ERROR pipeline.SCMPipelineManager (SCMPipelineManager.java:createPipeline(222)) - Failed to create pipeline of type RATIS and factor THREE. Exception: Pipeline creation failed because nodes are engaged in other pipelines and every node can only be engaged in max 2 pipelines. Required 3. Found 2
2020-06-05 16:13:31,750 [Thread-258] INFO  freon.ProgressBar (ProgressBar.java:logProgressBar(163)) - Progress: 0.00 % (0 out of 1)
2020-06-05 16:13:31,884 [Thread-640] INFO  freon.ProgressBar (ProgressBar.java:logProgressBar(163)) - Progress: 10.00 % (10 out of 100)
2020-06-05 16:13:32,750 [Thread-258] INFO  freon.ProgressBar (ProgressBar.java:logProgressBar(163)) - Progress: 0.00 % (0 out of 1)
2020-06-05 16:13:32,884 [Thread-640] INFO  freon.ProgressBar (ProgressBar.java:logProgressBar(163)) - Progress: 10.00 % (10 out of 100)
2020-06-05 16:13:33,750 [Thread-258] INFO  freon.ProgressBar (ProgressBar.java:logProgressBar(163)) - Progress: 0.00 % (0 out of 1)
2020-06-05 16:13:33,884 [Thread-640] INFO  freon.ProgressBar (ProgressBar.java:logProgressBar(163)) - Progress: 10.00 % (10 out of 100)
2020-06-05 16:13:34,751 [Thread-258] INFO  freon.ProgressBar (ProgressBar.java:logProgressBar(163)) - Progress: 0.00 % (0 out of 1)
2020-06-05 16:13:34,885 [Thread-640] INFO  freon.ProgressBar (ProgressBar.java:logProgressBar(163)) - Progress: 10.00 % (10 out of 100)
2020-06-05 16:13:35,751 [Thread-258] INFO  freon.ProgressBar (ProgressBar.java:logProgressBar(163)) - Progress: 0.00 % (0 out of 1)
2020-06-05 16:13:35,885 [Thread-640] INFO  freon.ProgressBar (ProgressBar.java:logProgressBar(163)) - Progress: 10.00 % (10 out of 100)
2020-06-05 16:13:36,751 [Thread-258] INFO  freon.ProgressBar (ProgressBar.java:logProgressBar(163)) - Progress: 0.00 % (0 out of 1)
2020-06-05 16:13:36,885 [Thread-640] INFO  freon.ProgressBar (ProgressBar.java:logProgressBar(163)) - Progress: 10.00 % (10 out of 100)
2020-06-05 16:13:37,752 [Thread-258] INFO  freon.ProgressBar (ProgressBar.java:logProgressBar(163)) - Progress: 0.00 % (0 out of 1)
2020-06-05 16:13:37,886 [Thread-640] INFO  freon.ProgressBar (ProgressBar.java:logProgressBar(163)) - Progress: 10.00 % (10 out of 100)
2020-06-05 16:13:38,753 [Thread-258] INFO  freon.ProgressBar (ProgressBar.java:logProgressBar(163)) - Progress: 0.00 % (0 out of 1)
2020-06-05 16:13:38,886 [Thread-640] INFO  freon.ProgressBar (ProgressBar.java:logProgressBar(163)) - Progress: 10.00 % (10 out of 100)
2020-06-05 16:13:39,753 [Thread-258] INFO  freon.ProgressBar (ProgressBar.java:logProgressBar(163)) - Progress: 0.00 % (0 out of 1)
2020-06-05 16:13:39,886 [Thread-640] INFO  freon.ProgressBar (ProgressBar.java:logProgressBar(163)) - Progress: 10.00 % (10 out of 100)
2020-06-05 16:13:40,753 [Thread-258] INFO  freon.ProgressBar (ProgressBar.java:logProgressBar(163)) - Progress: 0.00 % (0 out of 1)
2020-06-05 16:13:40,887 [Thread-640] INFO  freon.ProgressBar (ProgressBar.java:logProgressBar(163)) - Progress: 10.00 % (10 out of 100)
2020-06-05 16:13:41,754 [Thread-258] INFO  freon.ProgressBar (ProgressBar.java:logProgressBar(163)) - Progress: 0.00 % (0 out of 1)
2020-06-05 16:13:41,887 [Thread-640] INFO  freon.ProgressBar (ProgressBar.java:logProgressBar(163)) - Progress: 10.00 % (10 out of 100)
2020-06-05 16:13:42,754 [Thread-258] INFO  freon.ProgressBar (ProgressBar.java:logProgressBar(163)) - Progress: 0.00 % (0 out of 1)
2020-06-05 16:13:42,887 [Thread-640] INFO  freon.ProgressBar (ProgressBar.java:logProgressBar(163)) - Progress: 10.00 % (10 out of 100)
2020-06-05 16:13:43,755 [Thread-258] INFO  freon.ProgressBar (ProgressBar.java:logProgressBar(163)) - Progress: 0.00 % (0 out of 1)
2020-06-05 16:13:43,888 [Thread-640] INFO  freon.ProgressBar (ProgressBar.java:logProgressBar(163)) - Progress: 10.00 % (10 out of 100)
2020-06-05 16:13:44,755 [Thread-258] INFO  freon.ProgressBar (ProgressBar.java:logProgressBar(163)) - Progress: 0.00 % (0 out of 1)
2020-06-05 16:13:44,888 [Thread-640] INFO  freon.ProgressBar (ProgressBar.java:logProgressBar(163)) - Progress: 10.00 % (10 out of 100)
2020-06-05 16:13:45,755 [Thread-258] INFO  freon.ProgressBar (ProgressBar.java:logProgressBar(163)) - Progress: 0.00 % (0 out of 1)
2020-06-05 16:13:45,888 [Thread-640] INFO  freon.ProgressBar (ProgressBar.java:logProgressBar(163)) - Progress: 10.00 % (10 out of 100)
2020-06-05 16:13:46,756 [Thread-258] INFO  freon.ProgressBar (ProgressBar.java:logProgressBar(163)) - Progress: 0.00 % (0 out of 1)
2020-06-05 16:13:46,889 [Thread-640] INFO  freon.ProgressBar (ProgressBar.java:logProgressBar(163)) - Progress: 10.00 % (10 out of 100)
2020-06-05 16:13:47,756 [Thread-258] INFO  freon.ProgressBar (ProgressBar.java:logProgressBar(163)) - Progress: 0.00 % (0 out of 1)
2020-06-05 16:13:47,889 [Thread-640] INFO  freon.ProgressBar (ProgressBar.java:logProgressBar(163)) - Progress: 10.00 % (10 out of 100)
2020-06-05 16:13:48,756 [Thread-258] INFO  freon.ProgressBar (ProgressBar.java:logProgressBar(163)) - Progress: 0.00 % (0 out of 1)
2020-06-05 16:13:48,889 [Thread-640] INFO  freon.ProgressBar (ProgressBar.java:logProgressBar(163)) - Progress: 10.00 % (10 out of 100)
2020-06-05 16:13:49,757 [Thread-258] INFO  freon.ProgressBar (ProgressBar.java:logProgressBar(163)) - Progress: 0.00 % (0 out of 1)
2020-06-05 16:13:49,890 [Thread-640] INFO  freon.ProgressBar (ProgressBar.java:logProgressBar(163)) - Progress: 10.00 % (10 out of 100)
2020-06-05 16:13:50,757 [Thread-258] INFO  freon.ProgressBar (ProgressBar.java:logProgressBar(163)) - Progress: 0.00 % (0 out of 1)
2020-06-05 16:13:50,890 [Thread-640] INFO  freon.ProgressBar (ProgressBar.java:logProgressBar(163)) - Progress: 10.00 % (10 out of 100)
2020-06-05 16:13:51,757 [Thread-258] INFO  freon.ProgressBar (ProgressBar.java:logProgressBar(163)) - Progress: 0.00 % (0 out of 1)
2020-06-05 16:13:51,890 [Thread-640] INFO  freon.ProgressBar (ProgressBar.java:logProgressBar(163)) - Progress: 10.00 % (10 out of 100)
2020-06-05 16:13:52,758 [Thread-258] INFO  freon.ProgressBar (ProgressBar.java:logProgressBar(163)) - Progress: 0.00 % (0 out of 1)
2020-06-05 16:13:52,891 [Thread-640] INFO  freon.ProgressBar (ProgressBar.java:logProgressBar(163)) - Progress: 10.00 % (10 out of 100)
2020-06-05 16:13:53,758 [Thread-258] INFO  freon.ProgressBar (ProgressBar.java:logProgressBar(163)) - Progress: 0.00 % (0 out of 1)
2020-06-05 16:13:53,891 [Thread-640] INFO  freon.ProgressBar (ProgressBar.java:logProgressBar(163)) - Progress: 10.00 % (10 out of 100)
2020-06-05 16:13:54,758 [Thread-258] INFO  freon.ProgressBar (ProgressBar.java:logProgressBar(163)) - Progress: 0.00 % (0 out of 1)
2020-06-05 16:13:54,892 [Thread-640] INFO  freon.ProgressBar (ProgressBar.java:logProgressBar(163)) - Progress: 10.00 % (10 out of 100)
2020-06-05 16:13:55,759 [Thread-258] INFO  freon.ProgressBar (ProgressBar.java:logProgressBar(163)) - Progress: 0.00 % (0 out of 1)
2020-06-05 16:13:55,892 [Thread-640] INFO  freon.ProgressBar (ProgressBar.java:logProgressBar(163)) - Progress: 10.00 % (10 out of 100)
2020-06-05 16:13:56,759 [Thread-258] INFO  freon.ProgressBar (ProgressBar.java:logProgressBar(163)) - Progress: 0.00 % (0 out of 1)
2020-06-05 16:13:56,892 [Thread-640] INFO  freon.ProgressBar (ProgressBar.java:logProgressBar(163)) - Progress: 10.00 % (10 out of 100)
2020-06-05 16:13:57,759 [Thread-258] INFO  freon.ProgressBar (ProgressBar.java:logProgressBar(163)) - Progress: 0.00 % (0 out of 1)
2020-06-05 16:13:57,893 [Thread-640] INFO  freon.ProgressBar (ProgressBar.java:logProgressBar(163)) - Progress: 10.00 % (10 out of 100)
2020-06-05 16:13:58,760 [Thread-258] INFO  freon.ProgressBar (ProgressBar.java:logProgressBar(163)) - Progress: 0.00 % (0 out of 1)
2020-06-05 16:13:58,893 [Thread-640] INFO  freon.ProgressBar (ProgressBar.java:logProgressBar(163)) - Progress: 10.00 % (10 out of 100)
2020-06-05 16:13:59,760 [Thread-258] INFO  freon.ProgressBar (ProgressBar.java:logProgressBar(163)) - Progress: 0.00 % (0 out of 1)
2020-06-05 16:13:59,893 [Thread-640] INFO  freon.ProgressBar (ProgressBar.java:logProgressBar(163)) - Progress: 10.00 % (10 out of 100)
2020-06-05 16:14:00,760 [Thread-258] INFO  freon.ProgressBar (ProgressBar.java:logProgressBar(163)) - Progress: 0.00 % (0 out of 1)
2020-06-05 16:14:00,894 [Thread-640] INFO  freon.ProgressBar (ProgressBar.java:logProgressBar(163)) - Progress: 10.00 % (10 out of 100)
2020-06-05 16:14:01,761 [Thread-258] INFO  freon.ProgressBar (ProgressBar.java:logProgressBar(163)) - Progress: 0.00 % (0 out of 1)
2020-06-05 16:14:01,894 [Thread-640] INFO  freon.ProgressBar (ProgressBar.java:logProgressBar(163)) - Progress: 10.00 % (10 out of 100)
2020-06-05 16:14:02,761 [Thread-258] INFO  freon.ProgressBar (ProgressBar.java:logProgressBar(163)) - Progress: 0.00 % (0 out of 1)
2020-06-05 16:14:02,894 [Thread-640] INFO  freon.ProgressBar (ProgressBar.java:logProgressBar(163)) - Progress: 10.00 % (10 out of 100)
2020-06-05 16:14:03,761 [Thread-258] INFO  freon.ProgressBar (ProgressBar.java:logProgressBar(163)) - Progress: 0.00 % (0 out of 1)
2020-06-05 16:14:03,895 [Thread-640] INFO  freon.ProgressBar (ProgressBar.java:logProgressBar(163)) - Progress: 10.00 % (10 out of 100)
2020-06-05 16:14:04,762 [Thread-258] INFO  freon.ProgressBar (ProgressBar.java:logProgressBar(163)) - Progress: 0.00 % (0 out of 1)
2020-06-05 16:14:04,895 [Thread-640] INFO  freon.ProgressBar (ProgressBar.java:logProgressBar(163)) - Progress: 10.00 % (10 out of 100)
2020-06-05 16:14:05,762 [Thread-258] INFO  freon.ProgressBar (ProgressBar.java:logProgressBar(163)) - Progress: 0.00 % (0 out of 1)
2020-06-05 16:14:05,895 [Thread-640] INFO  freon.ProgressBar (ProgressBar.java:logProgressBar(163)) - Progress: 10.00 % (10 out of 100)
2020-06-05 16:14:06,763 [Thread-258] INFO  freon.ProgressBar (ProgressBar.java:logProgressBar(163)) - Progress: 0.00 % (0 out of 1)
2020-06-05 16:14:06,896 [Thread-640] INFO  freon.ProgressBar (ProgressBar.java:logProgressBar(163)) - Progress: 10.00 % (10 out of 100)
2020-06-05 16:14:07,763 [Thread-258] INFO  freon.ProgressBar (ProgressBar.java:logProgressBar(163)) - Progress: 0.00 % (0 out of 1)
2020-06-05 16:14:07,896 [Thread-640] INFO  freon.ProgressBar (ProgressBar.java:logProgressBar(163)) - Progress: 10.00 % (10 out of 100)
2020-06-05 16:14:08,763 [Thread-258] INFO  freon.ProgressBar (ProgressBar.java:logProgressBar(163)) - Progress: 0.00 % (0 out of 1)
2020-06-05 16:14:08,896 [Thread-640] INFO  freon.ProgressBar (ProgressBar.java:logProgressBar(163)) - Progress: 10.00 % (10 out of 100)
2020-06-05 16:14:09,763 [Thread-258] INFO  freon.ProgressBar (ProgressBar.java:logProgressBar(163)) - Progress: 0.00 % (0 out of 1)
2020-06-05 16:14:09,897 [Thread-640] INFO  freon.ProgressBar (ProgressBar.java:logProgressBar(163)) - Progress: 10.00 % (10 out of 100)
2020-06-05 16:14:10,764 [Thread-258] INFO  freon.ProgressBar (ProgressBar.java:logProgressBar(163)) - Progress: 0.00 % (0 out of 1)
2020-06-05 16:14:10,897 [Thread-640] INFO  freon.ProgressBar (ProgressBar.java:logProgressBar(163)) - Progress: 10.00 % (10 out of 100)
2020-06-05 16:14:11,764 [Thread-258] INFO  freon.ProgressBar (ProgressBar.java:logProgressBar(163)) - Progress: 0.00 % (0 out of 1)
2020-06-05 16:14:11,897 [Thread-640] INFO  freon.ProgressBar (ProgressBar.java:logProgressBar(163)) - Progress: 10.00 % (10 out of 100)
2020-06-05 16:14:12,765 [Thread-258] INFO  freon.ProgressBar (ProgressBar.java:logProgressBar(163)) - Progress: 0.00 % (0 out of 1)
2020-06-05 16:14:12,898 [Thread-640] INFO  freon.ProgressBar (ProgressBar.java:logProgressBar(163)) - Progress: 10.00 % (10 out of 100)
2020-06-05 16:14:13,765 [Thread-258] INFO  freon.ProgressBar (ProgressBar.java:logProgressBar(163)) - Progress: 0.00 % (0 out of 1)
2020-06-05 16:14:13,898 [Thread-640] INFO  freon.ProgressBar (ProgressBar.java:logProgressBar(163)) - Progress: 10.00 % (10 out of 100)
2020-06-05 16:14:14,765 [Thread-258] INFO  freon.ProgressBar (ProgressBar.java:logProgressBar(163)) - Progress: 0.00 % (0 out of 1)
2020-06-05 16:14:14,898 [Thread-640] INFO  freon.ProgressBar (ProgressBar.java:logProgressBar(163)) - Progress: 10.00 % (10 out of 100)
2020-06-05 16:14:15,766 [Thread-258] INFO  freon.ProgressBar (ProgressBar.java:logProgressBar(163)) - Progress: 0.00 % (0 out of 1)
2020-06-05 16:14:15,899 [Thread-640] INFO  freon.ProgressBar (ProgressBar.java:logProgressBar(163)) - Progress: 10.00 % (10 out of 100)
2020-06-05 16:14:16,766 [Thread-258] INFO  freon.ProgressBar (ProgressBar.java:logProgressBar(163)) - Progress: 0.00 % (0 out of 1)
2020-06-05 16:14:16,899 [Thread-640] INFO  freon.ProgressBar (ProgressBar.java:logProgressBar(163)) - Progress: 10.00 % (10 out of 100)
2020-06-05 16:14:17,766 [Thread-258] INFO  freon.ProgressBar (ProgressBar.java:logProgressBar(163)) - Progress: 0.00 % (0 out of 1)
2020-06-05 16:14:17,899 [Thread-640] INFO  freon.ProgressBar (ProgressBar.java:logProgressBar(163)) - Progress: 10.00 % (10 out of 100)
2020-06-05 16:14:18,767 [Thread-258] INFO  freon.ProgressBar (ProgressBar.java:logProgressBar(163)) - Progress: 0.00 % (0 out of 1)
2020-06-05 16:14:18,900 [Thread-640] INFO  freon.ProgressBar (ProgressBar.java:logProgressBar(163)) - Progress: 10.00 % (10 out of 100)
2020-06-05 16:14:19,767 [Thread-258] INFO  freon.ProgressBar (ProgressBar.java:logProgressBar(163)) - Progress: 0.00 % (0 out of 1)
2020-06-05 16:14:19,900 [Thread-640] INFO  freon.ProgressBar (ProgressBar.java:logProgressBar(163)) - Progress: 10.00 % (10 out of 100)
2020-06-05 16:14:20,767 [Thread-258] INFO  freon.ProgressBar (ProgressBar.java:logProgressBar(163)) - Progress: 0.00 % (0 out of 1)
2020-06-05 16:14:20,900 [Thread-640] INFO  freon.ProgressBar (ProgressBar.java:logProgressBar(163)) - Progress: 10.00 % (10 out of 100)
2020-06-05 16:14:21,768 [Thread-258] INFO  freon.ProgressBar (ProgressBar.java:logProgressBar(163)) - Progress: 0.00 % (0 out of 1)
2020-06-05 16:14:21,901 [Thread-640] INFO  freon.ProgressBar (ProgressBar.java:logProgressBar(163)) - Progress: 10.00 % (10 out of 100)
2020-06-05 16:14:22,768 [Thread-258] INFO  freon.ProgressBar (ProgressBar.java:logProgressBar(163)) - Progress: 0.00 % (0 out of 1)
2020-06-05 16:14:22,901 [Thread-640] INFO  freon.ProgressBar (ProgressBar.java:logProgressBar(163)) - Progress: 10.00 % (10 out of 100)
2020-06-05 16:14:23,768 [Thread-258] INFO  freon.ProgressBar (ProgressBar.java:logProgressBar(163)) - Progress: 0.00 % (0 out of 1)
2020-06-05 16:14:23,901 [Thread-640] INFO  freon.ProgressBar (ProgressBar.java:logProgressBar(163)) - Progress: 10.00 % (10 out of 100)
2020-06-05 16:14:24,769 [Thread-258] INFO  freon.ProgressBar (ProgressBar.java:logProgressBar(163)) - Progress: 0.00 % (0 out of 1)
2020-06-05 16:14:24,902 [Thread-640] INFO  freon.ProgressBar (ProgressBar.java:logProgressBar(163)) - Progress: 10.00 % (10 out of 100)
2020-06-05 16:14:25,769 [Thread-258] INFO  freon.ProgressBar (ProgressBar.java:logProgressBar(163)) - Progress: 0.00 % (0 out of 1)
2020-06-05 16:14:25,902 [Thread-640] INFO  freon.ProgressBar (ProgressBar.java:logProgressBar(163)) - Progress: 10.00 % (10 out of 100)
2020-06-05 16:14:26,769 [Thread-258] INFO  freon.ProgressBar (ProgressBar.java:logProgressBar(163)) - Progress: 0.00 % (0 out of 1)
2020-06-05 16:14:26,903 [Thread-640] INFO  freon.ProgressBar (ProgressBar.java:logProgressBar(163)) - Progress: 10.00 % (10 out of 100)
2020-06-05 16:14:27,770 [Thread-258] INFO  freon.ProgressBar (ProgressBar.java:logProgressBar(163)) - Progress: 0.00 % (0 out of 1)
2020-06-05 16:14:27,903 [Thread-640] INFO  freon.ProgressBar (ProgressBar.java:logProgressBar(163)) - Progress: 10.00 % (10 out of 100)
2020-06-05 16:14:28,770 [Thread-258] INFO  freon.ProgressBar (ProgressBar.java:logProgressBar(163)) - Progress: 0.00 % (0 out of 1)
2020-06-05 16:14:28,903 [Thread-640] INFO  freon.ProgressBar (ProgressBar.java:logProgressBar(163)) - Progress: 10.00 % (10 out of 100)
2020-06-05 16:14:29,770 [Thread-258] INFO  freon.ProgressBar (ProgressBar.java:logProgressBar(163)) - Progress: 0.00 % (0 out of 1)
2020-06-05 16:14:29,904 [Thread-640] INFO  freon.ProgressBar (ProgressBar.java:logProgressBar(163)) - Progress: 10.00 % (10 out of 100)
2020-06-05 16:14:30,771 [Thread-258] INFO  freon.ProgressBar (ProgressBar.java:logProgressBar(163)) - Progress: 0.00 % (0 out of 1)
2020-06-05 16:14:30,904 [Thread-640] INFO  freon.ProgressBar (ProgressBar.java:logProgressBar(163)) - Progress: 10.00 % (10 out of 100)
2020-06-05 16:14:31,771 [Thread-258] INFO  freon.ProgressBar (ProgressBar.java:logProgressBar(163)) - Progress: 0.00 % (0 out of 1)
2020-06-05 16:14:31,904 [Thread-640] INFO  freon.ProgressBar (ProgressBar.java:logProgressBar(163)) - Progress: 10.00 % (10 out of 100)
2020-06-05 16:14:32,772 [Thread-258] INFO  freon.ProgressBar (ProgressBar.java:logProgressBar(163)) - Progress: 0.00 % (0 out of 1)
2020-06-05 16:14:32,905 [Thread-640] INFO  freon.ProgressBar (ProgressBar.java:logProgressBar(163)) - Progress: 10.00 % (10 out of 100)
2020-06-05 16:14:33,773 [Thread-258] INFO  freon.ProgressBar (ProgressBar.java:logProgressBar(163)) - Progress: 0.00 % (0 out of 1)
2020-06-05 16:14:33,905 [Thread-640] INFO  freon.ProgressBar (ProgressBar.java:logProgressBar(163)) - Progress: 10.00 % (10 out of 100)
2020-06-05 16:14:34,773 [Thread-258] INFO  freon.ProgressBar (ProgressBar.java:logProgressBar(163)) - Progress: 0.00 % (0 out of 1)
2020-06-05 16:14:34,905 [Thread-640] INFO  freon.ProgressBar (ProgressBar.java:logProgressBar(163)) - Progress: 10.00 % (10 out of 100)
2020-06-05 16:14:35,773 [Thread-258] INFO  freon.ProgressBar (ProgressBar.java:logProgressBar(163)) - Progress: 0.00 % (0 out of 1)
2020-06-05 16:14:35,906 [Thread-640] INFO  freon.ProgressBar (ProgressBar.java:logProgressBar(163)) - Progress: 10.00 % (10 out of 100)
2020-06-05 16:14:36,774 [Thread-258] INFO  freon.ProgressBar (ProgressBar.java:logProgressBar(163)) - Progress: 0.00 % (0 out of 1)
2020-06-05 16:14:36,906 [Thread-640] INFO  freon.ProgressBar (ProgressBar.java:logProgressBar(163)) - Progress: 10.00 % (10 out of 100)
2020-06-05 16:14:37,774 [Thread-258] INFO  freon.ProgressBar (ProgressBar.java:logProgressBar(163)) - Progress: 0.00 % (0 out of 1)
2020-06-05 16:14:37,906 [Thread-640] INFO  freon.ProgressBar (ProgressBar.java:logProgressBar(163)) - Progress: 10.00 % (10 out of 100)
2020-06-05 16:14:38,774 [Thread-258] INFO  freon.ProgressBar (ProgressBar.java:logProgressBar(163)) - Progress: 0.00 % (0 out of 1)
2020-06-05 16:14:38,907 [Thread-640] INFO  freon.ProgressBar (ProgressBar.java:logProgressBar(163)) - Progress: 10.00 % (10 out of 100)
2020-06-05 16:14:39,775 [Thread-258] INFO  freon.ProgressBar (ProgressBar.java:logProgressBar(163)) - Progress: 0.00 % (0 out of 1)
2020-06-05 16:14:39,907 [Thread-640] INFO  freon.ProgressBar (ProgressBar.java:logProgressBar(163)) - Progress: 10.00 % (10 out of 100)
2020-06-05 16:14:40,775 [Thread-258] INFO  freon.ProgressBar (ProgressBar.java:logProgressBar(163)) - Progress: 0.00 % (0 out of 1)
2020-06-05 16:14:40,907 [Thread-640] INFO  freon.ProgressBar (ProgressBar.java:logProgressBar(163)) - Progress: 10.00 % (10 out of 100)
2020-06-05 16:14:41,775 [Thread-258] INFO  freon.ProgressBar (ProgressBar.java:logProgressBar(163)) - Progress: 0.00 % (0 out of 1)
2020-06-05 16:14:41,907 [Thread-640] INFO  freon.ProgressBar (ProgressBar.java:logProgressBar(163)) - Progress: 10.00 % (10 out of 100)
2020-06-05 16:14:42,775 [Thread-258] INFO  freon.ProgressBar (ProgressBar.java:logProgressBar(163)) - Progress: 0.00 % (0 out of 1)
2020-06-05 16:14:42,908 [Thread-640] INFO  freon.ProgressBar (ProgressBar.java:logProgressBar(163)) - Progress: 10.00 % (10 out of 100)
2020-06-05 16:14:43,776 [Thread-258] INFO  freon.ProgressBar (ProgressBar.java:logProgressBar(163)) - Progress: 0.00 % (0 out of 1)
2020-06-05 16:14:43,908 [Thread-640] INFO  freon.ProgressBar (ProgressBar.java:logProgressBar(163)) - Progress: 10.00 % (10 out of 100)
2020-06-05 16:14:44,776 [Thread-258] INFO  freon.ProgressBar (ProgressBar.java:logProgressBar(163)) - Progress: 0.00 % (0 out of 1)
2020-06-05 16:14:44,909 [Thread-640] INFO  freon.ProgressBar (ProgressBar.java:logProgressBar(163)) - Progress: 10.00 % (10 out of 100)
2020-06-05 16:14:45,776 [Thread-258] INFO  freon.ProgressBar (ProgressBar.java:logProgressBar(163)) - Progress: 0.00 % (0 out of 1)
2020-06-05 16:14:45,909 [Thread-640] INFO  freon.ProgressBar (ProgressBar.java:logProgressBar(163)) - Progress: 10.00 % (10 out of 100)
2020-06-05 16:14:46,777 [Thread-258] INFO  freon.ProgressBar (ProgressBar.java:logProgressBar(163)) - Progress: 0.00 % (0 out of 1)
2020-06-05 16:14:46,909 [Thread-640] INFO  freon.ProgressBar (ProgressBar.java:logProgressBar(163)) - Progress: 10.00 % (10 out of 100)
2020-06-05 16:14:47,777 [Thread-258] INFO  freon.ProgressBar (ProgressBar.java:logProgressBar(163)) - Progress: 0.00 % (0 out of 1)
2020-06-05 16:14:47,910 [Thread-640] INFO  freon.ProgressBar (ProgressBar.java:logProgressBar(163)) - Progress: 10.00 % (10 out of 100)
2020-06-05 16:14:48,777 [Thread-258] INFO  freon.ProgressBar (ProgressBar.java:logProgressBar(163)) - Progress: 0.00 % (0 out of 1)
2020-06-05 16:14:48,910 [Thread-640] INFO  freon.ProgressBar (ProgressBar.java:logProgressBar(163)) - Progress: 10.00 % (10 out of 100)
2020-06-05 16:14:49,777 [Thread-258] INFO  freon.ProgressBar (ProgressBar.java:logProgressBar(163)) - Progress: 0.00 % (0 out of 1)
2020-06-05 16:14:49,910 [Thread-640] INFO  freon.ProgressBar (ProgressBar.java:logProgressBar(163)) - Progress: 10.00 % (10 out of 100)
2020-06-05 16:14:50,778 [Thread-258] INFO  freon.ProgressBar (ProgressBar.java:logProgressBar(163)) - Progress: 0.00 % (0 out of 1)
2020-06-05 16:14:50,911 [Thread-640] INFO  freon.ProgressBar (ProgressBar.java:logProgressBar(163)) - Progress: 10.00 % (10 out of 100)
2020-06-05 16:14:51,778 [Thread-258] INFO  freon.ProgressBar (ProgressBar.java:logProgressBar(163)) - Progress: 0.00 % (0 out of 1)
2020-06-05 16:14:51,911 [Thread-640] INFO  freon.ProgressBar (ProgressBar.java:logProgressBar(163)) - Progress: 10.00 % (10 out of 100)
2020-06-05 16:14:52,779 [Thread-258] INFO  freon.ProgressBar (ProgressBar.java:logProgressBar(163)) - Progress: 0.00 % (0 out of 1)
2020-06-05 16:14:52,911 [Thread-640] INFO  freon.ProgressBar (ProgressBar.java:logProgressBar(163)) - Progress: 10.00 % (10 out of 100)
2020-06-05 16:14:53,779 [Thread-258] INFO  freon.ProgressBar (ProgressBar.java:logProgressBar(163)) - Progress: 0.00 % (0 out of 1)
2020-06-05 16:14:53,912 [Thread-640] INFO  freon.ProgressBar (ProgressBar.java:logProgressBar(163)) - Progress: 10.00 % (10 out of 100)
2020-06-05 16:14:54,779 [Thread-258] INFO  freon.ProgressBar (ProgressBar.java:logProgressBar(163)) - Progress: 0.00 % (0 out of 1)
2020-06-05 16:14:54,912 [Thread-640] INFO  freon.ProgressBar (ProgressBar.java:logProgressBar(163)) - Progress: 10.00 % (10 out of 100)
2020-06-05 16:14:55,780 [Thread-258] INFO  freon.ProgressBar (ProgressBar.java:logProgressBar(163)) - Progress: 0.00 % (0 out of 1)
2020-06-05 16:14:55,912 [Thread-640] INFO  freon.ProgressBar (ProgressBar.java:logProgressBar(163)) - Progress: 10.00 % (10 out of 100)
2020-06-05 16:14:56,780 [Thread-258] INFO  freon.ProgressBar (ProgressBar.java:logProgressBar(163)) - Progress: 0.00 % (0 out of 1)
2020-06-05 16:14:56,913 [Thread-640] INFO  freon.ProgressBar (ProgressBar.java:logProgressBar(163)) - Progress: 10.00 % (10 out of 100)
2020-06-05 16:14:57,781 [Thread-258] INFO  freon.ProgressBar (ProgressBar.java:logProgressBar(163)) - Progress: 0.00 % (0 out of 1)
2020-06-05 16:14:57,913 [Thread-640] INFO  freon.ProgressBar (ProgressBar.java:logProgressBar(163)) - Progress: 10.00 % (10 out of 100)
2020-06-05 16:14:58,781 [Thread-258] INFO  freon.ProgressBar (ProgressBar.java:logProgressBar(163)) - Progress: 0.00 % (0 out of 1)
2020-06-05 16:14:58,913 [Thread-640] INFO  freon.ProgressBar (ProgressBar.java:logProgressBar(163)) - Progress: 10.00 % (10 out of 100)
2020-06-05 16:14:59,781 [Thread-258] INFO  freon.ProgressBar (ProgressBar.java:logProgressBar(163)) - Progress: 0.00 % (0 out of 1)
2020-06-05 16:14:59,913 [Thread-640] INFO  freon.ProgressBar (ProgressBar.java:logProgressBar(163)) - Progress: 10.00 % (10 out of 100)
2020-06-05 16:15:00,782 [Thread-258] INFO  freon.ProgressBar (ProgressBar.java:logProgressBar(163)) - Progress: 0.00 % (0 out of 1)
2020-06-05 16:15:00,914 [Thread-640] INFO  freon.ProgressBar (ProgressBar.java:logProgressBar(163)) - Progress: 10.00 % (10 out of 100)
2020-06-05 16:15:01,782 [Thread-258] INFO  freon.ProgressBar (ProgressBar.java:logProgressBar(163)) - Progress: 0.00 % (0 out of 1)
2020-06-05 16:15:01,914 [Thread-640] INFO  freon.ProgressBar (ProgressBar.java:logProgressBar(163)) - Progress: 10.00 % (10 out of 100)
2020-06-05 16:15:02,783 [Thread-258] INFO  freon.ProgressBar (ProgressBar.java:logProgressBar(163)) - Progress: 0.00 % (0 out of 1)
2020-06-05 16:15:02,915 [Thread-640] INFO  freon.ProgressBar (ProgressBar.java:logProgressBar(163)) - Progress: 10.00 % (10 out of 100)
2020-06-05 16:15:03,783 [Thread-258] INFO  freon.ProgressBar (ProgressBar.java:logProgressBar(163)) - Progress: 0.00 % (0 out of 1)
2020-06-05 16:15:03,915 [Thread-640] INFO  freon.ProgressBar (ProgressBar.java:logProgressBar(163)) - Progress: 10.00 % (10 out of 100)
2020-06-05 16:15:04,783 [Thread-258] INFO  freon.ProgressBar (ProgressBar.java:logProgressBar(163)) - Progress: 0.00 % (0 out of 1)
2020-06-05 16:15:04,915 [Thread-640] INFO  freon.ProgressBar (ProgressBar.java:logProgressBar(163)) - Progress: 10.00 % (10 out of 100)
2020-06-05 16:15:05,783 [Thread-258] INFO  freon.ProgressBar (ProgressBar.java:logProgressBar(163)) - Progress: 0.00 % (0 out of 1)
2020-06-05 16:15:05,916 [Thread-640] INFO  freon.ProgressBar (ProgressBar.java:logProgressBar(163)) - Progress: 10.00 % (10 out of 100)
2020-06-05 16:15:06,784 [Thread-258] INFO  freon.ProgressBar (ProgressBar.java:logProgressBar(163)) - Progress: 0.00 % (0 out of 1)
2020-06-05 16:15:06,916 [Thread-640] INFO  freon.ProgressBar (ProgressBar.java:logProgressBar(163)) - Progress: 10.00 % (10 out of 100)
2020-06-05 16:15:07,784 [Thread-258] INFO  freon.ProgressBar (ProgressBar.java:logProgressBar(163)) - Progress: 0.00 % (0 out of 1)
2020-06-05 16:15:07,916 [Thread-640] INFO  freon.ProgressBar (ProgressBar.java:logProgressBar(163)) - Progress: 10.00 % (10 out of 100)
2020-06-05 16:15:08,784 [Thread-258] INFO  freon.ProgressBar (ProgressBar.java:logProgressBar(163)) - Progress: 0.00 % (0 out of 1)
2020-06-05 16:15:08,917 [Thread-640] INFO  freon.ProgressBar (ProgressBar.java:logProgressBar(163)) - Progress: 10.00 % (10 out of 100)
2020-06-05 16:15:09,785 [Thread-258] INFO  freon.ProgressBar (ProgressBar.java:logProgressBar(163)) - Progress: 0.00 % (0 out of 1)
2020-06-05 16:15:09,917 [Thread-640] INFO  freon.ProgressBar (ProgressBar.java:logProgressBar(163)) - Progress: 10.00 % (10 out of 100)
2020-06-05 16:15:10,785 [Thread-258] INFO  freon.ProgressBar (ProgressBar.java:logProgressBar(163)) - Progress: 0.00 % (0 out of 1)
2020-06-05 16:15:10,917 [Thread-640] INFO  freon.ProgressBar (ProgressBar.java:logProgressBar(163)) - Progress: 10.00 % (10 out of 100)
2020-06-05 16:15:11,786 [Thread-258] INFO  freon.ProgressBar (ProgressBar.java:logProgressBar(163)) - Progress: 0.00 % (0 out of 1)
2020-06-05 16:15:11,918 [Thread-640] INFO  freon.ProgressBar (ProgressBar.java:logProgressBar(163)) - Progress: 10.00 % (10 out of 100)
2020-06-05 16:15:12,786 [Thread-258] INFO  freon.ProgressBar (ProgressBar.java:logProgressBar(163)) - Progress: 0.00 % (0 out of 1)
2020-06-05 16:15:12,918 [Thread-640] INFO  freon.ProgressBar (ProgressBar.java:logProgressBar(163)) - Progress: 10.00 % (10 out of 100)
2020-06-05 16:15:13,786 [Thread-258] INFO  freon.ProgressBar (ProgressBar.java:logProgressBar(163)) - Progress: 0.00 % (0 out of 1)
2020-06-05 16:15:13,918 [Thread-640] INFO  freon.ProgressBar (ProgressBar.java:logProgressBar(163)) - Progress: 10.00 % (10 out of 100)
2020-06-05 16:15:14,787 [Thread-258] INFO  freon.ProgressBar (ProgressBar.java:logProgressBar(163)) - Progress: 0.00 % (0 out of 1)
2020-06-05 16:15:14,919 [Thread-640] INFO  freon.ProgressBar (ProgressBar.java:logProgressBar(163)) - Progress: 10.00 % (10 out of 100)
2020-06-05 16:15:15,787 [Thread-258] INFO  freon.ProgressBar (ProgressBar.java:logProgressBar(163)) - Progress: 0.00 % (0 out of 1)
2020-06-05 16:15:15,919 [Thread-640] INFO  freon.ProgressBar (ProgressBar.java:logProgressBar(163)) - Progress: 10.00 % (10 out of 100)
2020-06-05 16:15:16,787 [Thread-258] INFO  freon.ProgressBar (ProgressBar.java:logProgressBar(163)) - Progress: 0.00 % (0 out of 1)
2020-06-05 16:15:16,919 [Thread-640] INFO  freon.ProgressBar (ProgressBar.java:logProgressBar(163)) - Progress: 10.00 % (10 out of 100)
2020-06-05 16:15:17,788 [Thread-258] INFO  freon.ProgressBar (ProgressBar.java:logProgressBar(163)) - Progress: 0.00 % (0 out of 1)
2020-06-05 16:15:17,920 [Thread-640] INFO  freon.ProgressBar (ProgressBar.java:logProgressBar(163)) - Progress: 10.00 % (10 out of 100)
2020-06-05 16:15:18,788 [Thread-258] INFO  freon.ProgressBar (ProgressBar.java:logProgressBar(163)) - Progress: 0.00 % (0 out of 1)
2020-06-05 16:15:18,920 [Thread-640] INFO  freon.ProgressBar (ProgressBar.java:logProgressBar(163)) - Progress: 10.00 % (10 out of 100)
2020-06-05 16:15:19,788 [Thread-258] INFO  freon.ProgressBar (ProgressBar.java:logProgressBar(163)) - Progress: 0.00 % (0 out of 1)
2020-06-05 16:15:19,920 [Thread-640] INFO  freon.ProgressBar (ProgressBar.java:logProgressBar(163)) - Progress: 10.00 % (10 out of 100)
2020-06-05 16:15:20,789 [Thread-258] INFO  freon.ProgressBar (ProgressBar.java:logProgressBar(163)) - Progress: 0.00 % (0 out of 1)
2020-06-05 16:15:20,921 [Thread-640] INFO  freon.ProgressBar (ProgressBar.java:logProgressBar(163)) - Progress: 10.00 % (10 out of 100)
2020-06-05 16:15:21,789 [Thread-258] INFO  freon.ProgressBar (ProgressBar.java:logProgressBar(163)) - Progress: 0.00 % (0 out of 1)
2020-06-05 16:15:21,921 [Thread-640] INFO  freon.ProgressBar (ProgressBar.java:logProgressBar(163)) - Progress: 10.00 % (10 out of 100)
2020-06-05 16:15:22,789 [Thread-258] INFO  freon.ProgressBar (ProgressBar.java:logProgressBar(163)) - Progress: 0.00 % (0 out of 1)
2020-06-05 16:15:22,921 [Thread-640] INFO  freon.ProgressBar (ProgressBar.java:logProgressBar(163)) - Progress: 10.00 % (10 out of 100)
2020-06-05 16:15:23,790 [Thread-258] INFO  freon.ProgressBar (ProgressBar.java:logProgressBar(163)) - Progress: 0.00 % (0 out of 1)
2020-06-05 16:15:23,922 [Thread-640] INFO  freon.ProgressBar (ProgressBar.java:logProgressBar(163)) - Progress: 10.00 % (10 out of 100)
2020-06-05 16:15:24,790 [Thread-258] INFO  freon.ProgressBar (ProgressBar.java:logProgressBar(163)) - Progress: 0.00 % (0 out of 1)
2020-06-05 16:15:24,922 [Thread-640] INFO  freon.ProgressBar (ProgressBar.java:logProgressBar(163)) - Progress: 10.00 % (10 out of 100)
2020-06-05 16:15:25,790 [Thread-258] INFO  freon.ProgressBar (ProgressBar.java:logProgressBar(163)) - Progress: 0.00 % (0 out of 1)
2020-06-05 16:15:25,922 [Thread-640] INFO  freon.ProgressBar (ProgressBar.java:logProgressBar(163)) - Progress: 10.00 % (10 out of 100)
2020-06-05 16:15:26,791 [Thread-258] INFO  freon.ProgressBar (ProgressBar.java:logProgressBar(163)) - Progress: 0.00 % (0 out of 1)
2020-06-05 16:15:26,922 [Thread-640] INFO  freon.ProgressBar (ProgressBar.java:logProgressBar(163)) - Progress: 10.00 % (10 out of 100)
2020-06-05 16:15:27,791 [Thread-258] INFO  freon.ProgressBar (ProgressBar.java:logProgressBar(163)) - Progress: 0.00 % (0 out of 1)
2020-06-05 16:15:27,923 [Thread-640] INFO  freon.ProgressBar (ProgressBar.java:logProgressBar(163)) - Progress: 10.00 % (10 out of 100)
2020-06-05 16:15:28,791 [Thread-258] INFO  freon.ProgressBar (ProgressBar.java:logProgressBar(163)) - Progress: 0.00 % (0 out of 1)
2020-06-05 16:15:28,923 [Thread-640] INFO  freon.ProgressBar (ProgressBar.java:logProgressBar(163)) - Progress: 10.00 % (10 out of 100)
2020-06-05 16:15:29,792 [Thread-258] INFO  freon.ProgressBar (ProgressBar.java:logProgressBar(163)) - Progress: 0.00 % (0 out of 1)
2020-06-05 16:15:29,923 [Thread-640] INFO  freon.ProgressBar (ProgressBar.java:logProgressBar(163)) - Progress: 10.00 % (10 out of 100)
2020-06-05 16:15:30,792 [Thread-258] INFO  freon.ProgressBar (ProgressBar.java:logProgressBar(163)) - Progress: 0.00 % (0 out of 1)
2020-06-05 16:15:30,924 [Thread-640] INFO  freon.ProgressBar (ProgressBar.java:logProgressBar(163)) - Progress: 10.00 % (10 out of 100)
2020-06-05 16:15:30,974 [RatisPipelineUtilsThread] ERROR pipeline.SCMPipelineManager (SCMPipelineManager.java:createPipeline(222)) - Failed to create pipeline of type RATIS and factor ONE. Exception: Cannot create pipeline of factor 1 using 0 nodes. Used 5 nodes. Healthy nodes 5
2020-06-05 16:15:30,974 [RatisPipelineUtilsThread] ERROR pipeline.SCMPipelineManager (SCMPipelineManager.java:createPipeline(222)) - Failed to create pipeline of type RATIS and factor THREE. Exception: Pipeline creation failed because nodes are engaged in other pipelines and every node can only be engaged in max 2 pipelines. Required 3. Found 2
2020-06-05 16:15:31,792 [Thread-258] INFO  freon.ProgressBar (ProgressBar.java:logProgressBar(163)) - Progress: 0.00 % (0 out of 1)
2020-06-05 16:15:31,924 [Thread-640] INFO  freon.ProgressBar (ProgressBar.java:logProgressBar(163)) - Progress: 10.00 % (10 out of 100)
2020-06-05 16:15:32,793 [Thread-258] INFO  freon.ProgressBar (ProgressBar.java:logProgressBar(163)) - Progress: 0.00 % (0 out of 1)
2020-06-05 16:15:32,924 [Thread-640] INFO  freon.ProgressBar (ProgressBar.java:logProgressBar(163)) - Progress: 10.00 % (10 out of 100)
2020-06-05 16:15:33,793 [Thread-258] INFO  freon.ProgressBar (ProgressBar.java:logProgressBar(163)) - Progress: 0.00 % (0 out of 1)
2020-06-05 16:15:33,925 [Thread-640] INFO  freon.ProgressBar (ProgressBar.java:logProgressBar(163)) - Progress: 10.00 % (10 out of 100)
2020-06-05 16:15:34,793 [Thread-258] INFO  freon.ProgressBar (ProgressBar.java:logProgressBar(163)) - Progress: 0.00 % (0 out of 1)
2020-06-05 16:15:34,925 [Thread-640] INFO  freon.ProgressBar (ProgressBar.java:logProgressBar(163)) - Progress: 10.00 % (10 out of 100)
2020-06-05 16:15:35,793 [Thread-258] INFO  freon.ProgressBar (ProgressBar.java:logProgressBar(163)) - Progress: 0.00 % (0 out of 1)
2020-06-05 16:15:35,925 [Thread-640] INFO  freon.ProgressBar (ProgressBar.java:logProgressBar(163)) - Progress: 10.00 % (10 out of 100)
2020-06-05 16:15:36,794 [Thread-258] INFO  freon.ProgressBar (ProgressBar.java:logProgressBar(163)) - Progress: 0.00 % (0 out of 1)
2020-06-05 16:15:36,925 [Thread-640] INFO  freon.ProgressBar (ProgressBar.java:logProgressBar(163)) - Progress: 10.00 % (10 out of 100)
2020-06-05 16:15:37,794 [Thread-258] INFO  freon.ProgressBar (ProgressBar.java:logProgressBar(163)) - Progress: 0.00 % (0 out of 1)
2020-06-05 16:15:37,926 [Thread-640] INFO  freon.ProgressBar (ProgressBar.java:logProgressBar(163)) - Progress: 10.00 % (10 out of 100)
2020-06-05 16:15:38,794 [Thread-258] INFO  freon.ProgressBar (ProgressBar.java:logProgressBar(163)) - Progress: 0.00 % (0 out of 1)
2020-06-05 16:15:38,926 [Thread-640] INFO  freon.ProgressBar (ProgressBar.java:logProgressBar(163)) - Progress: 10.00 % (10 out of 100)
2020-06-05 16:15:39,795 [Thread-258] INFO  freon.ProgressBar (ProgressBar.java:logProgressBar(163)) - Progress: 0.00 % (0 out of 1)
2020-06-05 16:15:39,926 [Thread-640] INFO  freon.ProgressBar (ProgressBar.java:logProgressBar(163)) - Progress: 10.00 % (10 out of 100)
2020-06-05 16:15:40,795 [Thread-258] INFO  freon.ProgressBar (ProgressBar.java:logProgressBar(163)) - Progress: 0.00 % (0 out of 1)
2020-06-05 16:15:40,927 [Thread-640] INFO  freon.ProgressBar (ProgressBar.java:logProgressBar(163)) - Progress: 10.00 % (10 out of 100)
2020-06-05 16:15:41,795 [Thread-258] INFO  freon.ProgressBar (ProgressBar.java:logProgressBar(163)) - Progress: 0.00 % (0 out of 1)
2020-06-05 16:15:41,927 [Thread-640] INFO  freon.ProgressBar (ProgressBar.java:logProgressBar(163)) - Progress: 10.00 % (10 out of 100)
2020-06-05 16:15:42,796 [Thread-258] INFO  freon.ProgressBar (ProgressBar.java:logProgressBar(163)) - Progress: 0.00 % (0 out of 1)
2020-06-05 16:15:42,927 [Thread-640] INFO  freon.ProgressBar (ProgressBar.java:logProgressBar(163)) - Progress: 10.00 % (10 out of 100)
2020-06-05 16:15:43,796 [Thread-258] INFO  freon.ProgressBar (ProgressBar.java:logProgressBar(163)) - Progress: 0.00 % (0 out of 1)
2020-06-05 16:15:43,928 [Thread-640] INFO  freon.ProgressBar (ProgressBar.java:logProgressBar(163)) - Progress: 10.00 % (10 out of 100)
2020-06-05 16:15:44,796 [Thread-258] INFO  freon.ProgressBar (ProgressBar.java:logProgressBar(163)) - Progress: 0.00 % (0 out of 1)
2020-06-05 16:15:44,928 [Thread-640] INFO  freon.ProgressBar (ProgressBar.java:logProgressBar(163)) - Progress: 10.00 % (10 out of 100)
2020-06-05 16:15:45,797 [Thread-258] INFO  freon.ProgressBar (ProgressBar.java:logProgressBar(163)) - Progress: 0.00 % (0 out of 1)
2020-06-05 16:15:45,928 [Thread-640] INFO  freon.ProgressBar (ProgressBar.java:logProgressBar(163)) - Progress: 10.00 % (10 out of 100)
2020-06-05 16:15:46,797 [Thread-258] INFO  freon.ProgressBar (ProgressBar.java:logProgressBar(163)) - Progress: 0.00 % (0 out of 1)
2020-06-05 16:15:46,928 [Thread-640] INFO  freon.ProgressBar (ProgressBar.java:logProgressBar(163)) - Progress: 10.00 % (10 out of 100)
2020-06-05 16:15:47,798 [Thread-258] INFO  freon.ProgressBar (ProgressBar.java:logProgressBar(163)) - Progress: 0.00 % (0 out of 1)
2020-06-05 16:15:47,929 [Thread-640] INFO  freon.ProgressBar (ProgressBar.java:logProgressBar(163)) - Progress: 10.00 % (10 out of 100)
2020-06-05 16:15:48,798 [Thread-258] INFO  freon.ProgressBar (ProgressBar.java:logProgressBar(163)) - Progress: 0.00 % (0 out of 1)
2020-06-05 16:15:48,929 [Thread-640] INFO  freon.ProgressBar (ProgressBar.java:logProgressBar(163)) - Progress: 10.00 % (10 out of 100)
2020-06-05 16:15:49,798 [Thread-258] INFO  freon.ProgressBar (ProgressBar.java:logProgressBar(163)) - Progress: 0.00 % (0 out of 1)
2020-06-05 16:15:49,929 [Thread-640] INFO  freon.ProgressBar (ProgressBar.java:logProgressBar(163)) - Progress: 10.00 % (10 out of 100)
2020-06-05 16:15:50,799 [Thread-258] INFO  freon.ProgressBar (ProgressBar.java:logProgressBar(163)) - Progress: 0.00 % (0 out of 1)
2020-06-05 16:15:50,930 [Thread-640] INFO  freon.ProgressBar (ProgressBar.java:logProgressBar(163)) - Progress: 10.00 % (10 out of 100)
2020-06-05 16:15:51,799 [Thread-258] INFO  freon.ProgressBar (ProgressBar.java:logProgressBar(163)) - Progress: 0.00 % (0 out of 1)
2020-06-05 16:15:51,930 [Thread-640] INFO  freon.ProgressBar (ProgressBar.java:logProgressBar(163)) - Progress: 10.00 % (10 out of 100)
2020-06-05 16:15:52,800 [Thread-258] INFO  freon.ProgressBar (ProgressBar.java:logProgressBar(163)) - Progress: 0.00 % (0 out of 1)
2020-06-05 16:15:52,930 [Thread-640] INFO  freon.ProgressBar (ProgressBar.java:logProgressBar(163)) - Progress: 10.00 % (10 out of 100)
2020-06-05 16:15:53,800 [Thread-258] INFO  freon.ProgressBar (ProgressBar.java:logProgressBar(163)) - Progress: 0.00 % (0 out of 1)
2020-06-05 16:15:53,931 [Thread-640] INFO  freon.ProgressBar (ProgressBar.java:logProgressBar(163)) - Progress: 10.00 % (10 out of 100)
2020-06-05 16:15:54,800 [Thread-258] INFO  freon.ProgressBar (ProgressBar.java:logProgressBar(163)) - Progress: 0.00 % (0 out of 1)
2020-06-05 16:15:54,931 [Thread-640] INFO  freon.ProgressBar (ProgressBar.java:logProgressBar(163)) - Progress: 10.00 % (10 out of 100)
2020-06-05 16:15:55,801 [Thread-258] INFO  freon.ProgressBar (ProgressBar.java:logProgressBar(163)) - Progress: 0.00 % (0 out of 1)
2020-06-05 16:15:55,931 [Thread-640] INFO  freon.ProgressBar (ProgressBar.java:logProgressBar(163)) - Progress: 10.00 % (10 out of 100)
2020-06-05 16:15:56,801 [Thread-258] INFO  freon.ProgressBar (ProgressBar.java:logProgressBar(163)) - Progress: 0.00 % (0 out of 1)
2020-06-05 16:15:56,932 [Thread-640] INFO  freon.ProgressBar (ProgressBar.java:logProgressBar(163)) - Progress: 10.00 % (10 out of 100)
2020-06-05 16:15:57,801 [Thread-258] INFO  freon.ProgressBar (ProgressBar.java:logProgressBar(163)) - Progress: 0.00 % (0 out of 1)
2020-06-05 16:15:57,932 [Thread-640] INFO  freon.ProgressBar (ProgressBar.java:logProgressBar(163)) - Progress: 10.00 % (10 out of 100)
2020-06-05 16:15:58,802 [Thread-258] INFO  freon.ProgressBar (ProgressBar.java:logProgressBar(163)) - Progress: 0.00 % (0 out of 1)
2020-06-05 16:15:58,932 [Thread-640] INFO  freon.ProgressBar (ProgressBar.java:logProgressBar(163)) - Progress: 10.00 % (10 out of 100)
2020-06-05 16:15:59,802 [Thread-258] INFO  freon.ProgressBar (ProgressBar.java:logProgressBar(163)) - Progress: 0.00 % (0 out of 1)
2020-06-05 16:15:59,933 [Thread-640] INFO  freon.ProgressBar (ProgressBar.java:logProgressBar(163)) - Progress: 10.00 % (10 out of 100)
2020-06-05 16:16:00,802 [Thread-258] INFO  freon.ProgressBar (ProgressBar.java:logProgressBar(163)) - Progress: 0.00 % (0 out of 1)
2020-06-05 16:16:00,933 [Thread-640] INFO  freon.ProgressBar (ProgressBar.java:logProgressBar(163)) - Progress: 10.00 % (10 out of 100)
2020-06-05 16:16:01,803 [Thread-258] INFO  freon.ProgressBar (ProgressBar.java:logProgressBar(163)) - Progress: 0.00 % (0 out of 1)
2020-06-05 16:16:01,933 [Thread-640] INFO  freon.ProgressBar (ProgressBar.java:logProgressBar(163)) - Progress: 10.00 % (10 out of 100)
2020-06-05 16:16:02,803 [Thread-258] INFO  freon.ProgressBar (ProgressBar.java:logProgressBar(163)) - Progress: 0.00 % (0 out of 1)
2020-06-05 16:16:02,933 [Thread-640] INFO  freon.ProgressBar (ProgressBar.java:logProgressBar(163)) - Progress: 10.00 % (10 out of 100)
2020-06-05 16:16:03,803 [Thread-258] INFO  freon.ProgressBar (ProgressBar.java:logProgressBar(163)) - Progress: 0.00 % (0 out of 1)
2020-06-05 16:16:03,934 [Thread-640] INFO  freon.ProgressBar (ProgressBar.java:logProgressBar(163)) - Progress: 10.00 % (10 out of 100)
2020-06-05 16:16:04,804 [Thread-258] INFO  freon.ProgressBar (ProgressBar.java:logProgressBar(163)) - Progress: 0.00 % (0 out of 1)
2020-06-05 16:16:04,934 [Thread-640] INFO  freon.ProgressBar (ProgressBar.java:logProgressBar(163)) - Progress: 10.00 % (10 out of 100)
2020-06-05 16:16:05,804 [Thread-258] INFO  freon.ProgressBar (ProgressBar.java:logProgressBar(163)) - Progress: 0.00 % (0 out of 1)
2020-06-05 16:16:05,934 [Thread-640] INFO  freon.ProgressBar (ProgressBar.java:logProgressBar(163)) - Progress: 10.00 % (10 out of 100)
2020-06-05 16:16:06,804 [Thread-258] INFO  freon.ProgressBar (ProgressBar.java:logProgressBar(163)) - Progress: 0.00 % (0 out of 1)
2020-06-05 16:16:06,935 [Thread-640] INFO  freon.ProgressBar (ProgressBar.java:logProgressBar(163)) - Progress: 10.00 % (10 out of 100)
2020-06-05 16:16:07,805 [Thread-258] INFO  freon.ProgressBar (ProgressBar.java:logProgressBar(163)) - Progress: 0.00 % (0 out of 1)
2020-06-05 16:16:07,935 [Thread-640] INFO  freon.ProgressBar (ProgressBar.java:logProgressBar(163)) - Progress: 10.00 % (10 out of 100)
2020-06-05 16:16:08,805 [Thread-258] INFO  freon.ProgressBar (ProgressBar.java:logProgressBar(163)) - Progress: 0.00 % (0 out of 1)
2020-06-05 16:16:08,935 [Thread-640] INFO  freon.ProgressBar (ProgressBar.java:logProgressBar(163)) - Progress: 10.00 % (10 out of 100)
2020-06-05 16:16:09,805 [Thread-258] INFO  freon.ProgressBar (ProgressBar.java:logProgressBar(163)) - Progress: 0.00 % (0 out of 1)
2020-06-05 16:16:09,936 [Thread-640] INFO  freon.ProgressBar (ProgressBar.java:logProgressBar(163)) - Progress: 10.00 % (10 out of 100)
2020-06-05 16:16:10,806 [Thread-258] INFO  freon.ProgressBar (ProgressBar.java:logProgressBar(163)) - Progress: 0.00 % (0 out of 1)
2020-06-05 16:16:10,936 [Thread-640] INFO  freon.ProgressBar (ProgressBar.java:logProgressBar(163)) - Progress: 10.00 % (10 out of 100)
2020-06-05 16:16:11,806 [Thread-258] INFO  freon.ProgressBar (ProgressBar.java:logProgressBar(163)) - Progress: 0.00 % (0 out of 1)
2020-06-05 16:16:11,936 [Thread-640] INFO  freon.ProgressBar (ProgressBar.java:logProgressBar(163)) - Progress: 10.00 % (10 out of 100)
2020-06-05 16:16:12,806 [Thread-258] INFO  freon.ProgressBar (ProgressBar.java:logProgressBar(163)) - Progress: 0.00 % (0 out of 1)
2020-06-05 16:16:12,937 [Thread-640] INFO  freon.ProgressBar (ProgressBar.java:logProgressBar(163)) - Progress: 10.00 % (10 out of 100)
2020-06-05 16:16:13,807 [Thread-258] INFO  freon.ProgressBar (ProgressBar.java:logProgressBar(163)) - Progress: 0.00 % (0 out of 1)
2020-06-05 16:16:13,937 [Thread-640] INFO  freon.ProgressBar (ProgressBar.java:logProgressBar(163)) - Progress: 10.00 % (10 out of 100)
2020-06-05 16:16:14,807 [Thread-258] INFO  freon.ProgressBar (ProgressBar.java:logProgressBar(163)) - Progress: 0.00 % (0 out of 1)
2020-06-05 16:16:14,937 [Thread-640] INFO  freon.ProgressBar (ProgressBar.java:logProgressBar(163)) - Progress: 10.00 % (10 out of 100)
2020-06-05 16:16:15,808 [Thread-258] INFO  freon.ProgressBar (ProgressBar.java:logProgressBar(163)) - Progress: 0.00 % (0 out of 1)
2020-06-05 16:16:15,938 [Thread-640] INFO  freon.ProgressBar (ProgressBar.java:logProgressBar(163)) - Progress: 10.00 % (10 out of 100)
2020-06-05 16:16:16,808 [Thread-258] INFO  freon.ProgressBar (ProgressBar.java:logProgressBar(163)) - Progress: 0.00 % (0 out of 1)
2020-06-05 16:16:16,938 [Thread-640] INFO  freon.ProgressBar (ProgressBar.java:logProgressBar(163)) - Progress: 10.00 % (10 out of 100)
2020-06-05 16:16:17,808 [Thread-258] INFO  freon.ProgressBar (ProgressBar.java:logProgressBar(163)) - Progress: 0.00 % (0 out of 1)
2020-06-05 16:16:17,938 [Thread-640] INFO  freon.ProgressBar (ProgressBar.java:logProgressBar(163)) - Progress: 10.00 % (10 out of 100)
2020-06-05 16:16:18,809 [Thread-258] INFO  freon.ProgressBar (ProgressBar.java:logProgressBar(163)) - Progress: 0.00 % (0 out of 1)
2020-06-05 16:16:18,938 [Thread-640] INFO  freon.ProgressBar (ProgressBar.java:logProgressBar(163)) - Progress: 10.00 % (10 out of 100)
2020-06-05 16:16:19,809 [Thread-258] INFO  freon.ProgressBar (ProgressBar.java:logProgressBar(163)) - Progress: 0.00 % (0 out of 1)
2020-06-05 16:16:19,939 [Thread-640] INFO  freon.ProgressBar (ProgressBar.java:logProgressBar(163)) - Progress: 10.00 % (10 out of 100)
2020-06-05 16:16:20,809 [Thread-258] INFO  freon.ProgressBar (ProgressBar.java:logProgressBar(163)) - Progress: 0.00 % (0 out of 1)
2020-06-05 16:16:20,939 [Thread-640] INFO  freon.ProgressBar (ProgressBar.java:logProgressBar(163)) - Progress: 10.00 % (10 out of 100)
2020-06-05 16:16:21,810 [Thread-258] INFO  freon.ProgressBar (ProgressBar.java:logProgressBar(163)) - Progress: 0.00 % (0 out of 1)
2020-06-05 16:16:21,939 [Thread-640] INFO  freon.ProgressBar (ProgressBar.java:logProgressBar(163)) - Progress: 10.00 % (10 out of 100)
2020-06-05 16:16:22,810 [Thread-258] INFO  freon.ProgressBar (ProgressBar.java:logProgressBar(163)) - Progress: 0.00 % (0 out of 1)
2020-06-05 16:16:22,940 [Thread-640] INFO  freon.ProgressBar (ProgressBar.java:logProgressBar(163)) - Progress: 10.00 % (10 out of 100)
2020-06-05 16:16:23,810 [Thread-258] INFO  freon.ProgressBar (ProgressBar.java:logProgressBar(163)) - Progress: 0.00 % (0 out of 1)
2020-06-05 16:16:23,940 [Thread-640] INFO  freon.ProgressBar (ProgressBar.java:logProgressBar(163)) - Progress: 10.00 % (10 out of 100)
2020-06-05 16:16:24,810 [Thread-258] INFO  freon.ProgressBar (ProgressBar.java:logProgressBar(163)) - Progress: 0.00 % (0 out of 1)
2020-06-05 16:16:24,940 [Thread-640] INFO  freon.ProgressBar (ProgressBar.java:logProgressBar(163)) - Progress: 10.00 % (10 out of 100)
2020-06-05 16:16:25,811 [Thread-258] INFO  freon.ProgressBar (ProgressBar.java:logProgressBar(163)) - Progress: 0.00 % (0 out of 1)
2020-06-05 16:16:25,941 [Thread-640] INFO  freon.ProgressBar (ProgressBar.java:logProgressBar(163)) - Progress: 10.00 % (10 out of 100)
2020-06-05 16:16:26,811 [Thread-258] INFO  freon.ProgressBar (ProgressBar.java:logProgressBar(163)) - Progress: 0.00 % (0 out of 1)
2020-06-05 16:16:26,941 [Thread-640] INFO  freon.ProgressBar (ProgressBar.java:logProgressBar(163)) - Progress: 10.00 % (10 out of 100)
2020-06-05 16:16:27,811 [Thread-258] INFO  freon.ProgressBar (ProgressBar.java:logProgressBar(163)) - Progress: 0.00 % (0 out of 1)
2020-06-05 16:16:27,941 [Thread-640] INFO  freon.ProgressBar (ProgressBar.java:logProgressBar(163)) - Progress: 10.00 % (10 out of 100)
2020-06-05 16:16:28,812 [Thread-258] INFO  freon.ProgressBar (ProgressBar.java:logProgressBar(163)) - Progress: 0.00 % (0 out of 1)
2020-06-05 16:16:28,942 [Thread-640] INFO  freon.ProgressBar (ProgressBar.java:logProgressBar(163)) - Progress: 10.00 % (10 out of 100)
2020-06-05 16:16:29,812 [Thread-258] INFO  freon.ProgressBar (ProgressBar.java:logProgressBar(163)) - Progress: 0.00 % (0 out of 1)
2020-06-05 16:16:29,942 [Thread-640] INFO  freon.ProgressBar (ProgressBar.java:logProgressBar(163)) - Progress: 10.00 % (10 out of 100)
2020-06-05 16:16:30,813 [Thread-258] INFO  freon.ProgressBar (ProgressBar.java:logProgressBar(163)) - Progress: 0.00 % (0 out of 1)
2020-06-05 16:16:30,942 [Thread-640] INFO  freon.ProgressBar (ProgressBar.java:logProgressBar(163)) - Progress: 10.00 % (10 out of 100)
2020-06-05 16:16:31,813 [Thread-258] INFO  freon.ProgressBar (ProgressBar.java:logProgressBar(163)) - Progress: 0.00 % (0 out of 1)
2020-06-05 16:16:31,943 [Thread-640] INFO  freon.ProgressBar (ProgressBar.java:logProgressBar(163)) - Progress: 10.00 % (10 out of 100)
2020-06-05 16:16:32,813 [Thread-258] INFO  freon.ProgressBar (ProgressBar.java:logProgressBar(163)) - Progress: 0.00 % (0 out of 1)
2020-06-05 16:16:32,943 [Thread-640] INFO  freon.ProgressBar (ProgressBar.java:logProgressBar(163)) - Progress: 10.00 % (10 out of 100)
2020-06-05 16:16:33,814 [Thread-258] INFO  freon.ProgressBar (ProgressBar.java:logProgressBar(163)) - Progress: 0.00 % (0 out of 1)
2020-06-05 16:16:33,943 [Thread-640] INFO  freon.ProgressBar (ProgressBar.java:logProgressBar(163)) - Progress: 10.00 % (10 out of 100)
2020-06-05 16:16:34,814 [Thread-258] INFO  freon.ProgressBar (ProgressBar.java:logProgressBar(163)) - Progress: 0.00 % (0 out of 1)
2020-06-05 16:16:34,944 [Thread-640] INFO  freon.ProgressBar (ProgressBar.java:logProgressBar(163)) - Progress: 10.00 % (10 out of 100)
2020-06-05 16:16:35,814 [Thread-258] INFO  freon.ProgressBar (ProgressBar.java:logProgressBar(163)) - Progress: 0.00 % (0 out of 1)
2020-06-05 16:16:35,944 [Thread-640] INFO  freon.ProgressBar (ProgressBar.java:logProgressBar(163)) - Progress: 10.00 % (10 out of 100)
2020-06-05 16:16:36,815 [Thread-258] INFO  freon.ProgressBar (ProgressBar.java:logProgressBar(163)) - Progress: 0.00 % (0 out of 1)
2020-06-05 16:16:36,944 [Thread-640] INFO  freon.ProgressBar (ProgressBar.java:logProgressBar(163)) - Progress: 10.00 % (10 out of 100)
2020-06-05 16:16:37,815 [Thread-258] INFO  freon.ProgressBar (ProgressBar.java:logProgressBar(163)) - Progress: 0.00 % (0 out of 1)
2020-06-05 16:16:37,945 [Thread-640] INFO  freon.ProgressBar (ProgressBar.java:logProgressBar(163)) - Progress: 10.00 % (10 out of 100)
2020-06-05 16:16:38,815 [Thread-258] INFO  freon.ProgressBar (ProgressBar.java:logProgressBar(163)) - Progress: 0.00 % (0 out of 1)
2020-06-05 16:16:38,945 [Thread-640] INFO  freon.ProgressBar (ProgressBar.java:logProgressBar(163)) - Progress: 10.00 % (10 out of 100)
2020-06-05 16:16:39,816 [Thread-258] INFO  freon.ProgressBar (ProgressBar.java:logProgressBar(163)) - Progress: 0.00 % (0 out of 1)
2020-06-05 16:16:39,945 [Thread-640] INFO  freon.ProgressBar (ProgressBar.java:logProgressBar(163)) - Progress: 10.00 % (10 out of 100)
2020-06-05 16:16:40,816 [Thread-258] INFO  freon.ProgressBar (ProgressBar.java:logProgressBar(163)) - Progress: 0.00 % (0 out of 1)
2020-06-05 16:16:40,946 [Thread-640] INFO  freon.ProgressBar (ProgressBar.java:logProgressBar(163)) - Progress: 10.00 % (10 out of 100)
2020-06-05 16:16:41,816 [Thread-258] INFO  freon.ProgressBar (ProgressBar.java:logProgressBar(163)) - Progress: 0.00 % (0 out of 1)
2020-06-05 16:16:41,946 [Thread-640] INFO  freon.ProgressBar (ProgressBar.java:logProgressBar(163)) - Progress: 10.00 % (10 out of 100)
2020-06-05 16:16:42,817 [Thread-258] INFO  freon.ProgressBar (ProgressBar.java:logProgressBar(163)) - Progress: 0.00 % (0 out of 1)
2020-06-05 16:16:42,946 [Thread-640] INFO  freon.ProgressBar (ProgressBar.java:logProgressBar(163)) - Progress: 10.00 % (10 out of 100)
2020-06-05 16:16:43,817 [Thread-258] INFO  freon.ProgressBar (ProgressBar.java:logProgressBar(163)) - Progress: 0.00 % (0 out of 1)
2020-06-05 16:16:43,947 [Thread-640] INFO  freon.ProgressBar (ProgressBar.java:logProgressBar(163)) - Progress: 10.00 % (10 out of 100)
2020-06-05 16:16:44,817 [Thread-258] INFO  freon.ProgressBar (ProgressBar.java:logProgressBar(163)) - Progress: 0.00 % (0 out of 1)
2020-06-05 16:16:44,947 [Thread-640] INFO  freon.ProgressBar (ProgressBar.java:logProgressBar(163)) - Progress: 10.00 % (10 out of 100)
2020-06-05 16:16:45,818 [Thread-258] INFO  freon.ProgressBar (ProgressBar.java:logProgressBar(163)) - Progress: 0.00 % (0 out of 1)
2020-06-05 16:16:45,947 [Thread-640] INFO  freon.ProgressBar (ProgressBar.java:logProgressBar(163)) - Progress: 10.00 % (10 out of 100)
2020-06-05 16:16:46,818 [Thread-258] INFO  freon.ProgressBar (ProgressBar.java:logProgressBar(163)) - Progress: 0.00 % (0 out of 1)
2020-06-05 16:16:46,948 [Thread-640] INFO  freon.ProgressBar (ProgressBar.java:logProgressBar(163)) - Progress: 10.00 % (10 out of 100)
2020-06-05 16:16:47,818 [Thread-258] INFO  freon.ProgressBar (ProgressBar.java:logProgressBar(163)) - Progress: 0.00 % (0 out of 1)
2020-06-05 16:16:47,948 [Thread-640] INFO  freon.ProgressBar (ProgressBar.java:logProgressBar(163)) - Progress: 10.00 % (10 out of 100)
2020-06-05 16:16:48,819 [Thread-258] INFO  freon.ProgressBar (ProgressBar.java:logProgressBar(163)) - Progress: 0.00 % (0 out of 1)
2020-06-05 16:16:48,948 [Thread-640] INFO  freon.ProgressBar (ProgressBar.java:logProgressBar(163)) - Progress: 10.00 % (10 out of 100)
2020-06-05 16:16:49,819 [Thread-258] INFO  freon.ProgressBar (ProgressBar.java:logProgressBar(163)) - Progress: 0.00 % (0 out of 1)
2020-06-05 16:16:49,949 [Thread-640] INFO  freon.ProgressBar (ProgressBar.java:logProgressBar(163)) - Progress: 10.00 % (10 out of 100)
2020-06-05 16:16:50,819 [Thread-258] INFO  freon.ProgressBar (ProgressBar.java:logProgressBar(163)) - Progress: 0.00 % (0 out of 1)
2020-06-05 16:16:50,949 [Thread-640] INFO  freon.ProgressBar (ProgressBar.java:logProgressBar(163)) - Progress: 10.00 % (10 out of 100)
2020-06-05 16:16:51,820 [Thread-258] INFO  freon.ProgressBar (ProgressBar.java:logProgressBar(163)) - Progress: 0.00 % (0 out of 1)
2020-06-05 16:16:51,949 [Thread-640] INFO  freon.ProgressBar (ProgressBar.java:logProgressBar(163)) - Progress: 10.00 % (10 out of 100)
2020-06-05 16:16:52,820 [Thread-258] INFO  freon.ProgressBar (ProgressBar.java:logProgressBar(163)) - Progress: 0.00 % (0 out of 1)
2020-06-05 16:16:52,950 [Thread-640] INFO  freon.ProgressBar (ProgressBar.java:logProgressBar(163)) - Progress: 10.00 % (10 out of 100)
2020-06-05 16:16:53,820 [Thread-258] INFO  freon.ProgressBar (ProgressBar.java:logProgressBar(163)) - Progress: 0.00 % (0 out of 1)
2020-06-05 16:16:53,950 [Thread-640] INFO  freon.ProgressBar (ProgressBar.java:logProgressBar(163)) - Progress: 10.00 % (10 out of 100)
2020-06-05 16:16:54,821 [Thread-258] INFO  freon.ProgressBar (ProgressBar.java:logProgressBar(163)) - Progress: 0.00 % (0 out of 1)
2020-06-05 16:16:54,950 [Thread-640] INFO  freon.ProgressBar (ProgressBar.java:logProgressBar(163)) - Progress: 10.00 % (10 out of 100)
2020-06-05 16:16:55,821 [Thread-258] INFO  freon.ProgressBar (ProgressBar.java:logProgressBar(163)) - Progress: 0.00 % (0 out of 1)
2020-06-05 16:16:55,951 [Thread-640] INFO  freon.ProgressBar (ProgressBar.java:logProgressBar(163)) - Progress: 10.00 % (10 out of 100)
2020-06-05 16:16:56,821 [Thread-258] INFO  freon.ProgressBar (ProgressBar.java:logProgressBar(163)) - Progress: 0.00 % (0 out of 1)
2020-06-05 16:16:56,951 [Thread-640] INFO  freon.ProgressBar (ProgressBar.java:logProgressBar(163)) - Progress: 10.00 % (10 out of 100)
2020-06-05 16:16:57,822 [Thread-258] INFO  freon.ProgressBar (ProgressBar.java:logProgressBar(163)) - Progress: 0.00 % (0 out of 1)
2020-06-05 16:16:57,951 [Thread-640] INFO  freon.ProgressBar (ProgressBar.java:logProgressBar(163)) - Progress: 10.00 % (10 out of 100)
2020-06-05 16:16:58,822 [Thread-258] INFO  freon.ProgressBar (ProgressBar.java:logProgressBar(163)) - Progress: 0.00 % (0 out of 1)
2020-06-05 16:16:58,952 [Thread-640] INFO  freon.ProgressBar (ProgressBar.java:logProgressBar(163)) - Progress: 10.00 % (10 out of 100)
2020-06-05 16:16:59,822 [Thread-258] INFO  freon.ProgressBar (ProgressBar.java:logProgressBar(163)) - Progress: 0.00 % (0 out of 1)
2020-06-05 16:16:59,952 [Thread-640] INFO  freon.ProgressBar (ProgressBar.java:logProgressBar(163)) - Progress: 10.00 % (10 out of 100)
2020-06-05 16:17:00,823 [Thread-258] INFO  freon.ProgressBar (ProgressBar.java:logProgressBar(163)) - Progress: 0.00 % (0 out of 1)
2020-06-05 16:17:00,952 [Thread-640] INFO  freon.ProgressBar (ProgressBar.java:logProgressBar(163)) - Progress: 10.00 % (10 out of 100)
2020-06-05 16:17:01,823 [Thread-258] INFO  freon.ProgressBar (ProgressBar.java:logProgressBar(163)) - Progress: 0.00 % (0 out of 1)
2020-06-05 16:17:01,953 [Thread-640] INFO  freon.ProgressBar (ProgressBar.java:logProgressBar(163)) - Progress: 10.00 % (10 out of 100)
2020-06-05 16:17:02,823 [Thread-258] INFO  freon.ProgressBar (ProgressBar.java:logProgressBar(163)) - Progress: 0.00 % (0 out of 1)
2020-06-05 16:17:02,953 [Thread-640] INFO  freon.ProgressBar (ProgressBar.java:logProgressBar(163)) - Progress: 10.00 % (10 out of 100)
2020-06-05 16:17:03,824 [Thread-258] INFO  freon.ProgressBar (ProgressBar.java:logProgressBar(163)) - Progress: 0.00 % (0 out of 1)
2020-06-05 16:17:03,953 [Thread-640] INFO  freon.ProgressBar (ProgressBar.java:logProgressBar(163)) - Progress: 10.00 % (10 out of 100)
2020-06-05 16:17:04,824 [Thread-258] INFO  freon.ProgressBar (ProgressBar.java:logProgressBar(163)) - Progress: 0.00 % (0 out of 1)
2020-06-05 16:17:04,953 [Thread-640] INFO  freon.ProgressBar (ProgressBar.java:logProgressBar(163)) - Progress: 10.00 % (10 out of 100)
2020-06-05 16:17:05,824 [Thread-258] INFO  freon.ProgressBar (ProgressBar.java:logProgressBar(163)) - Progress: 0.00 % (0 out of 1)
2020-06-05 16:17:05,954 [Thread-640] INFO  freon.ProgressBar (ProgressBar.java:logProgressBar(163)) - Progress: 10.00 % (10 out of 100)
2020-06-05 16:17:06,824 [Thread-258] INFO  freon.ProgressBar (ProgressBar.java:logProgressBar(163)) - Progress: 0.00 % (0 out of 1)
2020-06-05 16:17:06,954 [Thread-640] INFO  freon.ProgressBar (ProgressBar.java:logProgressBar(163)) - Progress: 10.00 % (10 out of 100)
2020-06-05 16:17:07,825 [Thread-258] INFO  freon.ProgressBar (ProgressBar.java:logProgressBar(163)) - Progress: 0.00 % (0 out of 1)
2020-06-05 16:17:07,954 [Thread-640] INFO  freon.ProgressBar (ProgressBar.java:logProgressBar(163)) - Progress: 10.00 % (10 out of 100)
2020-06-05 16:17:08,825 [Thread-258] INFO  freon.ProgressBar (ProgressBar.java:logProgressBar(163)) - Progress: 0.00 % (0 out of 1)
2020-06-05 16:17:08,955 [Thread-640] INFO  freon.ProgressBar (ProgressBar.java:logProgressBar(163)) - Progress: 10.00 % (10 out of 100)
2020-06-05 16:17:09,826 [Thread-258] INFO  freon.ProgressBar (ProgressBar.java:logProgressBar(163)) - Progress: 0.00 % (0 out of 1)
2020-06-05 16:17:09,955 [Thread-640] INFO  freon.ProgressBar (ProgressBar.java:logProgressBar(163)) - Progress: 10.00 % (10 out of 100)
2020-06-05 16:17:10,826 [Thread-258] INFO  freon.ProgressBar (ProgressBar.java:logProgressBar(163)) - Progress: 0.00 % (0 out of 1)
2020-06-05 16:17:10,955 [Thread-640] INFO  freon.ProgressBar (ProgressBar.java:logProgressBar(163)) - Progress: 10.00 % (10 out of 100)
2020-06-05 16:17:11,826 [Thread-258] INFO  freon.ProgressBar (ProgressBar.java:logProgressBar(163)) - Progress: 0.00 % (0 out of 1)
2020-06-05 16:17:11,956 [Thread-640] INFO  freon.ProgressBar (ProgressBar.java:logProgressBar(163)) - Progress: 10.00 % (10 out of 100)
2020-06-05 16:17:12,827 [Thread-258] INFO  freon.ProgressBar (ProgressBar.java:logProgressBar(163)) - Progress: 0.00 % (0 out of 1)
2020-06-05 16:17:12,956 [Thread-640] INFO  freon.ProgressBar (ProgressBar.java:logProgressBar(163)) - Progress: 10.00 % (10 out of 100)
2020-06-05 16:17:13,827 [Thread-258] INFO  freon.ProgressBar (ProgressBar.java:logProgressBar(163)) - Progress: 0.00 % (0 out of 1)
2020-06-05 16:17:13,956 [Thread-640] INFO  freon.ProgressBar (ProgressBar.java:logProgressBar(163)) - Progress: 10.00 % (10 out of 100)
2020-06-05 16:17:14,827 [Thread-258] INFO  freon.ProgressBar (ProgressBar.java:logProgressBar(163)) - Progress: 0.00 % (0 out of 1)
2020-06-05 16:17:14,956 [Thread-640] INFO  freon.ProgressBar (ProgressBar.java:logProgressBar(163)) - Progress: 10.00 % (10 out of 100)
2020-06-05 16:17:15,828 [Thread-258] INFO  freon.ProgressBar (ProgressBar.java:logProgressBar(163)) - Progress: 0.00 % (0 out of 1)
2020-06-05 16:17:15,957 [Thread-640] INFO  freon.ProgressBar (ProgressBar.java:logProgressBar(163)) - Progress: 10.00 % (10 out of 100)
2020-06-05 16:17:16,828 [Thread-258] INFO  freon.ProgressBar (ProgressBar.java:logProgressBar(163)) - Progress: 0.00 % (0 out of 1)
2020-06-05 16:17:16,957 [Thread-640] INFO  freon.ProgressBar (ProgressBar.java:logProgressBar(163)) - Progress: 10.00 % (10 out of 100)
2020-06-05 16:17:17,828 [Thread-258] INFO  freon.ProgressBar (ProgressBar.java:logProgressBar(163)) - Progress: 0.00 % (0 out of 1)
2020-06-05 16:17:17,957 [Thread-640] INFO  freon.ProgressBar (ProgressBar.java:logProgressBar(163)) - Progress: 10.00 % (10 out of 100)
2020-06-05 16:17:18,829 [Thread-258] INFO  freon.ProgressBar (ProgressBar.java:logProgressBar(163)) - Progress: 0.00 % (0 out of 1)
2020-06-05 16:17:18,958 [Thread-640] INFO  freon.ProgressBar (ProgressBar.java:logProgressBar(163)) - Progress: 10.00 % (10 out of 100)
2020-06-05 16:17:19,829 [Thread-258] INFO  freon.ProgressBar (ProgressBar.java:logProgressBar(163)) - Progress: 0.00 % (0 out of 1)
2020-06-05 16:17:19,958 [Thread-640] INFO  freon.ProgressBar (ProgressBar.java:logProgressBar(163)) - Progress: 10.00 % (10 out of 100)
2020-06-05 16:17:20,829 [Thread-258] INFO  freon.ProgressBar (ProgressBar.java:logProgressBar(163)) - Progress: 0.00 % (0 out of 1)
2020-06-05 16:17:20,958 [Thread-640] INFO  freon.ProgressBar (ProgressBar.java:logProgressBar(163)) - Progress: 10.00 % (10 out of 100)
2020-06-05 16:17:21,829 [Thread-258] INFO  freon.ProgressBar (ProgressBar.java:logProgressBar(163)) - Progress: 0.00 % (0 out of 1)
2020-06-05 16:17:21,959 [Thread-640] INFO  freon.ProgressBar (ProgressBar.java:logProgressBar(163)) - Progress: 10.00 % (10 out of 100)
2020-06-05 16:17:22,830 [Thread-258] INFO  freon.ProgressBar (ProgressBar.java:logProgressBar(163)) - Progress: 0.00 % (0 out of 1)
2020-06-05 16:17:22,959 [Thread-640] INFO  freon.ProgressBar (ProgressBar.java:logProgressBar(163)) - Progress: 10.00 % (10 out of 100)
2020-06-05 16:17:23,830 [Thread-258] INFO  freon.ProgressBar (ProgressBar.java:logProgressBar(163)) - Progress: 0.00 % (0 out of 1)
2020-06-05 16:17:23,959 [Thread-640] INFO  freon.ProgressBar (ProgressBar.java:logProgressBar(163)) - Progress: 10.00 % (10 out of 100)
2020-06-05 16:17:24,830 [Thread-258] INFO  freon.ProgressBar (ProgressBar.java:logProgressBar(163)) - Progress: 0.00 % (0 out of 1)
2020-06-05 16:17:24,960 [Thread-640] INFO  freon.ProgressBar (ProgressBar.java:logProgressBar(163)) - Progress: 10.00 % (10 out of 100)
2020-06-05 16:17:25,831 [Thread-258] INFO  freon.ProgressBar (ProgressBar.java:logProgressBar(163)) - Progress: 0.00 % (0 out of 1)
2020-06-05 16:17:25,960 [Thread-640] INFO  freon.ProgressBar (ProgressBar.java:logProgressBar(163)) - Progress: 10.00 % (10 out of 100)
2020-06-05 16:17:26,831 [Thread-258] INFO  freon.ProgressBar (ProgressBar.java:logProgressBar(163)) - Progress: 0.00 % (0 out of 1)
2020-06-05 16:17:26,960 [Thread-640] INFO  freon.ProgressBar (ProgressBar.java:logProgressBar(163)) - Progress: 10.00 % (10 out of 100)
2020-06-05 16:17:27,831 [Thread-258] INFO  freon.ProgressBar (ProgressBar.java:logProgressBar(163)) - Progress: 0.00 % (0 out of 1)
2020-06-05 16:17:27,961 [Thread-640] INFO  freon.ProgressBar (ProgressBar.java:logProgressBar(163)) - Progress: 10.00 % (10 out of 100)
2020-06-05 16:17:28,832 [Thread-258] INFO  freon.ProgressBar (ProgressBar.java:logProgressBar(163)) - Progress: 0.00 % (0 out of 1)
2020-06-05 16:17:28,961 [Thread-640] INFO  freon.ProgressBar (ProgressBar.java:logProgressBar(163)) - Progress: 10.00 % (10 out of 100)
2020-06-05 16:17:29,832 [Thread-258] INFO  freon.ProgressBar (ProgressBar.java:logProgressBar(163)) - Progress: 0.00 % (0 out of 1)
2020-06-05 16:17:29,961 [Thread-640] INFO  freon.ProgressBar (ProgressBar.java:logProgressBar(163)) - Progress: 10.00 % (10 out of 100)
2020-06-05 16:17:30,832 [Thread-258] INFO  freon.ProgressBar (ProgressBar.java:logProgressBar(163)) - Progress: 0.00 % (0 out of 1)
2020-06-05 16:17:30,961 [Thread-640] INFO  freon.ProgressBar (ProgressBar.java:logProgressBar(163)) - Progress: 10.00 % (10 out of 100)
2020-06-05 16:17:30,975 [RatisPipelineUtilsThread] ERROR pipeline.SCMPipelineManager (SCMPipelineManager.java:createPipeline(222)) - Failed to create pipeline of type RATIS and factor ONE. Exception: Cannot create pipeline of factor 1 using 0 nodes. Used 5 nodes. Healthy nodes 5
2020-06-05 16:17:30,975 [RatisPipelineUtilsThread] ERROR pipeline.SCMPipelineManager (SCMPipelineManager.java:createPipeline(222)) - Failed to create pipeline of type RATIS and factor THREE. Exception: Pipeline creation failed because nodes are engaged in other pipelines and every node can only be engaged in max 2 pipelines. Required 3. Found 2
2020-06-05 16:17:31,833 [Thread-258] INFO  freon.ProgressBar (ProgressBar.java:logProgressBar(163)) - Progress: 0.00 % (0 out of 1)
2020-06-05 16:17:31,962 [Thread-640] INFO  freon.ProgressBar (ProgressBar.java:logProgressBar(163)) - Progress: 10.00 % (10 out of 100)
2020-06-05 16:17:32,833 [Thread-258] INFO  freon.ProgressBar (ProgressBar.java:logProgressBar(163)) - Progress: 0.00 % (0 out of 1)
2020-06-05 16:17:32,962 [Thread-640] INFO  freon.ProgressBar (ProgressBar.java:logProgressBar(163)) - Progress: 10.00 % (10 out of 100)
2020-06-05 16:17:33,833 [Thread-258] INFO  freon.ProgressBar (ProgressBar.java:logProgressBar(163)) - Progress: 0.00 % (0 out of 1)
2020-06-05 16:17:33,963 [Thread-640] INFO  freon.ProgressBar (ProgressBar.java:logProgressBar(163)) - Progress: 10.00 % (10 out of 100)
2020-06-05 16:17:34,834 [Thread-258] INFO  freon.ProgressBar (ProgressBar.java:logProgressBar(163)) - Progress: 0.00 % (0 out of 1)
2020-06-05 16:17:34,963 [Thread-640] INFO  freon.ProgressBar (ProgressBar.java:logProgressBar(163)) - Progress: 10.00 % (10 out of 100)
2020-06-05 16:17:35,834 [Thread-258] INFO  freon.ProgressBar (ProgressBar.java:logProgressBar(163)) - Progress: 0.00 % (0 out of 1)
2020-06-05 16:17:35,963 [Thread-640] INFO  freon.ProgressBar (ProgressBar.java:logProgressBar(163)) - Progress: 10.00 % (10 out of 100)
2020-06-05 16:17:36,834 [Thread-258] INFO  freon.ProgressBar (ProgressBar.java:logProgressBar(163)) - Progress: 0.00 % (0 out of 1)
2020-06-05 16:17:36,964 [Thread-640] INFO  freon.ProgressBar (ProgressBar.java:logProgressBar(163)) - Progress: 10.00 % (10 out of 100)
2020-06-05 16:17:37,834 [Thread-258] INFO  freon.ProgressBar (ProgressBar.java:logProgressBar(163)) - Progress: 0.00 % (0 out of 1)
2020-06-05 16:17:37,964 [Thread-640] INFO  freon.ProgressBar (ProgressBar.java:logProgressBar(163)) - Progress: 10.00 % (10 out of 100)
2020-06-05 16:17:38,835 [Thread-258] INFO  freon.ProgressBar (ProgressBar.java:logProgressBar(163)) - Progress: 0.00 % (0 out of 1)
2020-06-05 16:17:38,964 [Thread-640] INFO  freon.ProgressBar (ProgressBar.java:logProgressBar(163)) - Progress: 10.00 % (10 out of 100)
2020-06-05 16:17:39,835 [Thread-258] INFO  freon.ProgressBar (ProgressBar.java:logProgressBar(163)) - Progress: 0.00 % (0 out of 1)
2020-06-05 16:17:39,964 [Thread-640] INFO  freon.ProgressBar (ProgressBar.java:logProgressBar(163)) - Progress: 10.00 % (10 out of 100)
2020-06-05 16:17:40,836 [Thread-258] INFO  freon.ProgressBar (ProgressBar.java:logProgressBar(163)) - Progress: 0.00 % (0 out of 1)
2020-06-05 16:17:40,965 [Thread-640] INFO  freon.ProgressBar (ProgressBar.java:logProgressBar(163)) - Progress: 10.00 % (10 out of 100)
2020-06-05 16:17:41,836 [Thread-258] INFO  freon.ProgressBar (ProgressBar.java:logProgressBar(163)) - Progress: 0.00 % (0 out of 1)
2020-06-05 16:17:41,965 [Thread-640] INFO  freon.ProgressBar (ProgressBar.java:logProgressBar(163)) - Progress: 10.00 % (10 out of 100)
2020-06-05 16:17:42,836 [Thread-258] INFO  freon.ProgressBar (ProgressBar.java:logProgressBar(163)) - Progress: 0.00 % (0 out of 1)
2020-06-05 16:17:42,965 [Thread-640] INFO  freon.ProgressBar (ProgressBar.java:logProgressBar(163)) - Progress: 10.00 % (10 out of 100)
2020-06-05 16:17:43,837 [Thread-258] INFO  freon.ProgressBar (ProgressBar.java:logProgressBar(163)) - Progress: 0.00 % (0 out of 1)
2020-06-05 16:17:43,966 [Thread-640] INFO  freon.ProgressBar (ProgressBar.java:logProgressBar(163)) - Progress: 10.00 % (10 out of 100)
2020-06-05 16:17:44,837 [Thread-258] INFO  freon.ProgressBar (ProgressBar.java:logProgressBar(163)) - Progress: 0.00 % (0 out of 1)
2020-06-05 16:17:44,966 [Thread-640] INFO  freon.ProgressBar (ProgressBar.java:logProgressBar(163)) - Progress: 10.00 % (10 out of 100)
2020-06-05 16:17:45,837 [Thread-258] INFO  freon.ProgressBar (ProgressBar.java:logProgressBar(163)) - Progress: 0.00 % (0 out of 1)
2020-06-05 16:17:45,966 [Thread-640] INFO  freon.ProgressBar (ProgressBar.java:logProgressBar(163)) - Progress: 10.00 % (10 out of 100)
2020-06-05 16:17:46,838 [Thread-258] INFO  freon.ProgressBar (ProgressBar.java:logProgressBar(163)) - Progress: 0.00 % (0 out of 1)
2020-06-05 16:17:46,967 [Thread-640] INFO  freon.ProgressBar (ProgressBar.java:logProgressBar(163)) - Progress: 10.00 % (10 out of 100)
]]></system-out>
    <system-err><![CDATA[====> TEST TIMED OUT. PRINTING THREAD DUMP. <====

Timestamp: 2020-06-05 04:12:47,795

"IPC Server handler 16 on default port 41279" daemon prio=5 tid=91 timed_waiting
java.lang.Thread.State: TIMED_WAITING
        at sun.misc.Unsafe.park(Native Method)
        at java.util.concurrent.locks.LockSupport.parkNanos(LockSupport.java:215)
        at java.util.concurrent.locks.AbstractQueuedSynchronizer$ConditionObject.awaitNanos(AbstractQueuedSynchronizer.java:2078)
        at java.util.concurrent.LinkedBlockingQueue.poll(LinkedBlockingQueue.java:467)
        at org.apache.hadoop.ipc.CallQueueManager.take(CallQueueManager.java:295)
        at org.apache.hadoop.ipc.Server$Handler.run(Server.java:2881)
"qtp917987811-147" daemon prio=5 tid=147 timed_waiting
java.lang.Thread.State: TIMED_WAITING
        at sun.misc.Unsafe.park(Native Method)
        at java.util.concurrent.locks.LockSupport.parkNanos(LockSupport.java:215)
        at java.util.concurrent.locks.AbstractQueuedSynchronizer$ConditionObject.awaitNanos(AbstractQueuedSynchronizer.java:2078)
        at org.eclipse.jetty.util.BlockingArrayQueue.poll(BlockingArrayQueue.java:382)
        at org.eclipse.jetty.util.thread.QueuedThreadPool$Runner.idleJobPoll(QueuedThreadPool.java:875)
        at org.eclipse.jetty.util.thread.QueuedThreadPool$Runner.run(QueuedThreadPool.java:925)
        at java.lang.Thread.run(Thread.java:748)
"Thread-239" daemon prio=5 tid=368 timed_waiting
java.lang.Thread.State: TIMED_WAITING
        at sun.misc.Unsafe.park(Native Method)
        at java.util.concurrent.locks.LockSupport.parkNanos(LockSupport.java:215)
        at java.util.concurrent.locks.AbstractQueuedSynchronizer$ConditionObject.awaitNanos(AbstractQueuedSynchronizer.java:2078)
        at java.util.concurrent.ArrayBlockingQueue.poll(ArrayBlockingQueue.java:418)
        at org.apache.ratis.server.impl.LeaderState$EventQueue.poll(LeaderState.java:121)
        at org.apache.ratis.server.impl.LeaderState$EventProcessor.run(LeaderState.java:496)
"a0aacd28-4468-409f-aa57-a8c1d52d114c@group-097DD4A676AA-SegmentedRaftLogWorker"  prio=5 tid=322 timed_waiting
java.lang.Thread.State: TIMED_WAITING
        at sun.misc.Unsafe.park(Native Method)
        at java.util.concurrent.locks.LockSupport.parkNanos(LockSupport.java:215)
        at java.util.concurrent.locks.AbstractQueuedSynchronizer$ConditionObject.awaitNanos(AbstractQueuedSynchronizer.java:2078)
        at org.apache.ratis.util.DataBlockingQueue.poll(DataBlockingQueue.java:137)
        at org.apache.ratis.server.raftlog.segmented.SegmentedRaftLogWorker.run(SegmentedRaftLogWorker.java:287)
        at java.lang.Thread.run(Thread.java:748)
"Datanode ReportManager Thread - 2" daemon prio=5 tid=196 timed_waiting
java.lang.Thread.State: TIMED_WAITING
        at sun.misc.Unsafe.park(Native Method)
        at java.util.concurrent.locks.LockSupport.parkNanos(LockSupport.java:215)
        at java.util.concurrent.locks.AbstractQueuedSynchronizer$ConditionObject.awaitNanos(AbstractQueuedSynchronizer.java:2078)
        at java.util.concurrent.ScheduledThreadPoolExecutor$DelayedWorkQueue.take(ScheduledThreadPoolExecutor.java:1093)
        at java.util.concurrent.ScheduledThreadPoolExecutor$DelayedWorkQueue.take(ScheduledThreadPoolExecutor.java:809)
        at java.util.concurrent.ThreadPoolExecutor.getTask(ThreadPoolExecutor.java:1074)
        at java.util.concurrent.ThreadPoolExecutor.runWorker(ThreadPoolExecutor.java:1134)
        at java.util.concurrent.ThreadPoolExecutor$Worker.run(ThreadPoolExecutor.java:624)
        at java.lang.Thread.run(Thread.java:748)
"EventQueue-Delayed safe mode statusForReplicationManager"  prio=5 tid=31 in Object.wait()
java.lang.Thread.State: WAITING (on object monitor)
        at sun.misc.Unsafe.park(Native Method)
        at java.util.concurrent.locks.LockSupport.park(LockSupport.java:175)
        at java.util.concurrent.locks.AbstractQueuedSynchronizer$ConditionObject.await(AbstractQueuedSynchronizer.java:2039)
        at java.util.concurrent.LinkedBlockingQueue.take(LinkedBlockingQueue.java:442)
        at java.util.concurrent.ThreadPoolExecutor.getTask(ThreadPoolExecutor.java:1074)
        at java.util.concurrent.ThreadPoolExecutor.runWorker(ThreadPoolExecutor.java:1134)
        at java.util.concurrent.ThreadPoolExecutor$Worker.run(ThreadPoolExecutor.java:624)
        at java.lang.Thread.run(Thread.java:748)
"902fabd4-5f55-4bcb-bd45-7818ae89d354@group-097DD4A676AA-StateMachineUpdater" daemon prio=5 tid=327 in Object.wait()
java.lang.Thread.State: WAITING (on object monitor)
        at java.lang.Object.wait(Native Method)
        at java.lang.Object.wait(Object.java:502)
        at org.apache.ratis.server.impl.StateMachineUpdater.waitForCommit(StateMachineUpdater.java:200)
        at org.apache.ratis.server.impl.StateMachineUpdater.run(StateMachineUpdater.java:165)
        at java.lang.Thread.run(Thread.java:748)
"EventQueue-NodeRegistrationContainerReportForDataNodeSafeModeRule" daemon prio=5 tid=307 in Object.wait()
java.lang.Thread.State: WAITING (on object monitor)
        at sun.misc.Unsafe.park(Native Method)
        at java.util.concurrent.locks.LockSupport.park(LockSupport.java:175)
        at java.util.concurrent.locks.AbstractQueuedSynchronizer$ConditionObject.await(AbstractQueuedSynchronizer.java:2039)
        at java.util.concurrent.LinkedBlockingQueue.take(LinkedBlockingQueue.java:442)
        at java.util.concurrent.ThreadPoolExecutor.getTask(ThreadPoolExecutor.java:1074)
        at java.util.concurrent.ThreadPoolExecutor.runWorker(ThreadPoolExecutor.java:1134)
        at java.util.concurrent.ThreadPoolExecutor$Worker.run(ThreadPoolExecutor.java:624)
        at java.lang.Thread.run(Thread.java:748)
"Datanode ReportManager Thread - 1" daemon prio=5 tid=194 in Object.wait()
java.lang.Thread.State: WAITING (on object monitor)
        at sun.misc.Unsafe.park(Native Method)
        at java.util.concurrent.locks.LockSupport.park(LockSupport.java:175)
        at java.util.concurrent.locks.AbstractQueuedSynchronizer$ConditionObject.await(AbstractQueuedSynchronizer.java:2039)
        at java.util.concurrent.ScheduledThreadPoolExecutor$DelayedWorkQueue.take(ScheduledThreadPoolExecutor.java:1088)
        at java.util.concurrent.ScheduledThreadPoolExecutor$DelayedWorkQueue.take(ScheduledThreadPoolExecutor.java:809)
        at java.util.concurrent.ThreadPoolExecutor.getTask(ThreadPoolExecutor.java:1074)
        at java.util.concurrent.ThreadPoolExecutor.runWorker(ThreadPoolExecutor.java:1134)
        at java.util.concurrent.ThreadPoolExecutor$Worker.run(ThreadPoolExecutor.java:624)
        at java.lang.Thread.run(Thread.java:748)
"BlockDeletingService#1" daemon prio=5 tid=291 in Object.wait()
java.lang.Thread.State: WAITING (on object monitor)
        at sun.misc.Unsafe.park(Native Method)
        at java.util.concurrent.locks.LockSupport.park(LockSupport.java:175)
        at java.util.concurrent.locks.AbstractQueuedSynchronizer$ConditionObject.await(AbstractQueuedSynchronizer.java:2039)
        at java.util.concurrent.ScheduledThreadPoolExecutor$DelayedWorkQueue.take(ScheduledThreadPoolExecutor.java:1088)
        at java.util.concurrent.ScheduledThreadPoolExecutor$DelayedWorkQueue.take(ScheduledThreadPoolExecutor.java:809)
        at java.util.concurrent.ThreadPoolExecutor.getTask(ThreadPoolExecutor.java:1074)
        at java.util.concurrent.ThreadPoolExecutor.runWorker(ThreadPoolExecutor.java:1134)
        at java.util.concurrent.ThreadPoolExecutor$Worker.run(ThreadPoolExecutor.java:624)
        at java.lang.Thread.run(Thread.java:748)
"BlockDeletingService#6" daemon prio=5 tid=771 in Object.wait()
java.lang.Thread.State: WAITING (on object monitor)
        at sun.misc.Unsafe.park(Native Method)
        at java.util.concurrent.locks.LockSupport.park(LockSupport.java:175)
        at java.util.concurrent.locks.AbstractQueuedSynchronizer$ConditionObject.await(AbstractQueuedSynchronizer.java:2039)
        at java.util.concurrent.ScheduledThreadPoolExecutor$DelayedWorkQueue.take(ScheduledThreadPoolExecutor.java:1088)
        at java.util.concurrent.ScheduledThreadPoolExecutor$DelayedWorkQueue.take(ScheduledThreadPoolExecutor.java:809)
        at java.util.concurrent.ThreadPoolExecutor.getTask(ThreadPoolExecutor.java:1074)
        at java.util.concurrent.ThreadPoolExecutor.runWorker(ThreadPoolExecutor.java:1134)
        at java.util.concurrent.ThreadPoolExecutor$Worker.run(ThreadPoolExecutor.java:624)
        at java.lang.Thread.run(Thread.java:748)
"BlockDeletingService#5" daemon prio=5 tid=697 in Object.wait()
java.lang.Thread.State: WAITING (on object monitor)
        at sun.misc.Unsafe.park(Native Method)
        at java.util.concurrent.locks.LockSupport.park(LockSupport.java:175)
        at java.util.concurrent.locks.AbstractQueuedSynchronizer$ConditionObject.await(AbstractQueuedSynchronizer.java:2039)
        at java.util.concurrent.ScheduledThreadPoolExecutor$DelayedWorkQueue.take(ScheduledThreadPoolExecutor.java:1088)
        at java.util.concurrent.ScheduledThreadPoolExecutor$DelayedWorkQueue.take(ScheduledThreadPoolExecutor.java:809)
        at java.util.concurrent.ThreadPoolExecutor.getTask(ThreadPoolExecutor.java:1074)
        at java.util.concurrent.ThreadPoolExecutor.runWorker(ThreadPoolExecutor.java:1134)
        at java.util.concurrent.ThreadPoolExecutor$Worker.run(ThreadPoolExecutor.java:624)
        at java.lang.Thread.run(Thread.java:748)
"46a0c3d8-0862-44f9-974b-4404c1ab61a7@group-44FD5F73072C-SegmentedRaftLogWorker"  prio=5 tid=325 timed_waiting
java.lang.Thread.State: TIMED_WAITING
        at sun.misc.Unsafe.park(Native Method)
        at java.util.concurrent.locks.LockSupport.parkNanos(LockSupport.java:215)
        at java.util.concurrent.locks.AbstractQueuedSynchronizer$ConditionObject.awaitNanos(AbstractQueuedSynchronizer.java:2078)
        at org.apache.ratis.util.DataBlockingQueue.poll(DataBlockingQueue.java:137)
        at org.apache.ratis.server.raftlog.segmented.SegmentedRaftLogWorker.run(SegmentedRaftLogWorker.java:287)
        at java.lang.Thread.run(Thread.java:748)
"IPC Server handler 2 on default port 41279" daemon prio=5 tid=77 timed_waiting
java.lang.Thread.State: TIMED_WAITING
        at sun.misc.Unsafe.park(Native Method)
        at java.util.concurrent.locks.LockSupport.parkNanos(LockSupport.java:215)
        at java.util.concurrent.locks.AbstractQueuedSynchronizer$ConditionObject.awaitNanos(AbstractQueuedSynchronizer.java:2078)
        at java.util.concurrent.LinkedBlockingQueue.poll(LinkedBlockingQueue.java:467)
        at org.apache.hadoop.ipc.CallQueueManager.take(CallQueueManager.java:295)
        at org.apache.hadoop.ipc.Server$Handler.run(Server.java:2881)
"BlockDeletingService#4" daemon prio=5 tid=625 in Object.wait()
java.lang.Thread.State: WAITING (on object monitor)
        at sun.misc.Unsafe.park(Native Method)
        at java.util.concurrent.locks.LockSupport.park(LockSupport.java:175)
        at java.util.concurrent.locks.AbstractQueuedSynchronizer$ConditionObject.await(AbstractQueuedSynchronizer.java:2039)
        at java.util.concurrent.ScheduledThreadPoolExecutor$DelayedWorkQueue.take(ScheduledThreadPoolExecutor.java:1088)
        at java.util.concurrent.ScheduledThreadPoolExecutor$DelayedWorkQueue.take(ScheduledThreadPoolExecutor.java:809)
        at java.util.concurrent.ThreadPoolExecutor.getTask(ThreadPoolExecutor.java:1074)
        at java.util.concurrent.ThreadPoolExecutor.runWorker(ThreadPoolExecutor.java:1134)
        at java.util.concurrent.ThreadPoolExecutor$Worker.run(ThreadPoolExecutor.java:624)
        at java.lang.Thread.run(Thread.java:748)
"Datanode ReportManager Thread - 2" daemon prio=5 tid=247 timed_waiting
java.lang.Thread.State: TIMED_WAITING
        at sun.misc.Unsafe.park(Native Method)
        at java.util.concurrent.locks.LockSupport.parkNanos(LockSupport.java:215)
        at java.util.concurrent.locks.AbstractQueuedSynchronizer$ConditionObject.awaitNanos(AbstractQueuedSynchronizer.java:2078)
        at java.util.concurrent.ScheduledThreadPoolExecutor$DelayedWorkQueue.take(ScheduledThreadPoolExecutor.java:1093)
        at java.util.concurrent.ScheduledThreadPoolExecutor$DelayedWorkQueue.take(ScheduledThreadPoolExecutor.java:809)
        at java.util.concurrent.ThreadPoolExecutor.getTask(ThreadPoolExecutor.java:1074)
        at java.util.concurrent.ThreadPoolExecutor.runWorker(ThreadPoolExecutor.java:1134)
        at java.util.concurrent.ThreadPoolExecutor$Worker.run(ThreadPoolExecutor.java:624)
        at java.lang.Thread.run(Thread.java:748)
"qtp1227983914-209" daemon prio=5 tid=209 timed_waiting
java.lang.Thread.State: TIMED_WAITING
        at sun.misc.Unsafe.park(Native Method)
        at java.util.concurrent.locks.LockSupport.parkNanos(LockSupport.java:215)
        at java.util.concurrent.locks.AbstractQueuedSynchronizer$ConditionObject.awaitNanos(AbstractQueuedSynchronizer.java:2078)
        at org.eclipse.jetty.util.BlockingArrayQueue.poll(BlockingArrayQueue.java:382)
        at org.eclipse.jetty.util.thread.QueuedThreadPool$Runner.idleJobPoll(QueuedThreadPool.java:875)
        at org.eclipse.jetty.util.thread.QueuedThreadPool$Runner.run(QueuedThreadPool.java:925)
        at java.lang.Thread.run(Thread.java:748)
"IPC Server handler 2 on default port 36429" daemon prio=5 tid=57 timed_waiting
java.lang.Thread.State: TIMED_WAITING
        at sun.misc.Unsafe.park(Native Method)
        at java.util.concurrent.locks.LockSupport.parkNanos(LockSupport.java:215)
        at java.util.concurrent.locks.AbstractQueuedSynchronizer$ConditionObject.awaitNanos(AbstractQueuedSynchronizer.java:2078)
        at java.util.concurrent.LinkedBlockingQueue.poll(LinkedBlockingQueue.java:467)
        at org.apache.hadoop.ipc.CallQueueManager.take(CallQueueManager.java:295)
        at org.apache.hadoop.ipc.Server$Handler.run(Server.java:2881)
"qtp1227983914-207-acceptor-0@4697c686-ServerConnector@3b45a3e6{HTTP/1.1,[http/1.1]}{0.0.0.0:33495}" daemon prio=3 tid=207 runnable
java.lang.Thread.State: RUNNABLE
        at sun.nio.ch.ServerSocketChannelImpl.accept0(Native Method)
        at sun.nio.ch.ServerSocketChannelImpl.accept(ServerSocketChannelImpl.java:422)
        at sun.nio.ch.ServerSocketChannelImpl.accept(ServerSocketChannelImpl.java:250)
        at org.eclipse.jetty.server.ServerConnector.accept(ServerConnector.java:385)
        at org.eclipse.jetty.server.AbstractConnector$Acceptor.run(AbstractConnector.java:701)
        at org.eclipse.jetty.util.thread.QueuedThreadPool.runJob(QueuedThreadPool.java:806)
        at org.eclipse.jetty.util.thread.QueuedThreadPool$Runner.run(QueuedThreadPool.java:938)
        at java.lang.Thread.run(Thread.java:748)
"IPC Server handler 16 on default port 38891" daemon prio=5 tid=51 timed_waiting
java.lang.Thread.State: TIMED_WAITING
        at sun.misc.Unsafe.park(Native Method)
        at java.util.concurrent.locks.LockSupport.parkNanos(LockSupport.java:215)
        at java.util.concurrent.locks.AbstractQueuedSynchronizer$ConditionObject.awaitNanos(AbstractQueuedSynchronizer.java:2078)
        at java.util.concurrent.LinkedBlockingQueue.poll(LinkedBlockingQueue.java:467)
        at org.apache.hadoop.ipc.CallQueueManager.take(CallQueueManager.java:295)
        at org.apache.hadoop.ipc.Server$Handler.run(Server.java:2881)
"Session-HouseKeeper-65384249-1"  prio=5 tid=190 timed_waiting
java.lang.Thread.State: TIMED_WAITING
        at sun.misc.Unsafe.park(Native Method)
        at java.util.concurrent.locks.LockSupport.parkNanos(LockSupport.java:215)
        at java.util.concurrent.locks.AbstractQueuedSynchronizer$ConditionObject.awaitNanos(AbstractQueuedSynchronizer.java:2078)
        at java.util.concurrent.ScheduledThreadPoolExecutor$DelayedWorkQueue.take(ScheduledThreadPoolExecutor.java:1093)
        at java.util.concurrent.ScheduledThreadPoolExecutor$DelayedWorkQueue.take(ScheduledThreadPoolExecutor.java:809)
        at java.util.concurrent.ThreadPoolExecutor.getTask(ThreadPoolExecutor.java:1074)
        at java.util.concurrent.ThreadPoolExecutor.runWorker(ThreadPoolExecutor.java:1134)
        at java.util.concurrent.ThreadPoolExecutor$Worker.run(ThreadPoolExecutor.java:624)
        at java.lang.Thread.run(Thread.java:748)
"46a0c3d8-0862-44f9-974b-4404c1ab61a7@group-097DD4A676AA-SegmentedRaftLogWorker"  prio=5 tid=331 timed_waiting
java.lang.Thread.State: TIMED_WAITING
        at sun.misc.Unsafe.park(Native Method)
        at java.util.concurrent.locks.LockSupport.parkNanos(LockSupport.java:215)
        at java.util.concurrent.locks.AbstractQueuedSynchronizer$ConditionObject.awaitNanos(AbstractQueuedSynchronizer.java:2078)
        at org.apache.ratis.util.DataBlockingQueue.poll(DataBlockingQueue.java:137)
        at org.apache.ratis.server.raftlog.segmented.SegmentedRaftLogWorker.run(SegmentedRaftLogWorker.java:287)
        at java.lang.Thread.run(Thread.java:748)
"qtp1227983914-212" daemon prio=5 tid=212 timed_waiting
java.lang.Thread.State: TIMED_WAITING
        at sun.misc.Unsafe.park(Native Method)
        at java.util.concurrent.locks.LockSupport.parkNanos(LockSupport.java:215)
        at java.util.concurrent.locks.AbstractQueuedSynchronizer$ConditionObject.awaitNanos(AbstractQueuedSynchronizer.java:2078)
        at org.eclipse.jetty.util.BlockingArrayQueue.poll(BlockingArrayQueue.java:382)
        at org.eclipse.jetty.util.thread.QueuedThreadPool$Runner.idleJobPoll(QueuedThreadPool.java:875)
        at org.eclipse.jetty.util.thread.QueuedThreadPool$Runner.run(QueuedThreadPool.java:925)
        at java.lang.Thread.run(Thread.java:748)
"Datanode ReportManager Thread - 0" daemon prio=5 tid=193 in Object.wait()
java.lang.Thread.State: WAITING (on object monitor)
        at sun.misc.Unsafe.park(Native Method)
        at java.util.concurrent.locks.LockSupport.park(LockSupport.java:175)
        at java.util.concurrent.locks.AbstractQueuedSynchronizer$ConditionObject.await(AbstractQueuedSynchronizer.java:2039)
        at java.util.concurrent.ScheduledThreadPoolExecutor$DelayedWorkQueue.take(ScheduledThreadPoolExecutor.java:1088)
        at java.util.concurrent.ScheduledThreadPoolExecutor$DelayedWorkQueue.take(ScheduledThreadPoolExecutor.java:809)
        at java.util.concurrent.ThreadPoolExecutor.getTask(ThreadPoolExecutor.java:1074)
        at java.util.concurrent.ThreadPoolExecutor.runWorker(ThreadPoolExecutor.java:1134)
        at java.util.concurrent.ThreadPoolExecutor$Worker.run(ThreadPoolExecutor.java:624)
        at java.lang.Thread.run(Thread.java:748)
"IPC Server handler 5 on default port 41627" daemon prio=5 tid=124 timed_waiting
java.lang.Thread.State: TIMED_WAITING
        at sun.misc.Unsafe.park(Native Method)
        at java.util.concurrent.locks.LockSupport.parkNanos(LockSupport.java:215)
        at java.util.concurrent.locks.AbstractQueuedSynchronizer$ConditionObject.awaitNanos(AbstractQueuedSynchronizer.java:2078)
        at java.util.concurrent.LinkedBlockingQueue.poll(LinkedBlockingQueue.java:467)
        at org.apache.hadoop.ipc.CallQueueManager.take(CallQueueManager.java:295)
        at org.apache.hadoop.ipc.Server$Handler.run(Server.java:2881)
"IPC Server handler 9 on default port 41279" daemon prio=5 tid=84 timed_waiting
java.lang.Thread.State: TIMED_WAITING
        at sun.misc.Unsafe.park(Native Method)
        at java.util.concurrent.locks.LockSupport.parkNanos(LockSupport.java:215)
        at java.util.concurrent.locks.AbstractQueuedSynchronizer$ConditionObject.awaitNanos(AbstractQueuedSynchronizer.java:2078)
        at java.util.concurrent.LinkedBlockingQueue.poll(LinkedBlockingQueue.java:467)
        at org.apache.hadoop.ipc.CallQueueManager.take(CallQueueManager.java:295)
        at org.apache.hadoop.ipc.Server$Handler.run(Server.java:2881)
"qtp1004931143-188" daemon prio=5 tid=188 timed_waiting
java.lang.Thread.State: TIMED_WAITING
        at sun.misc.Unsafe.park(Native Method)
        at java.util.concurrent.locks.LockSupport.parkNanos(LockSupport.java:215)
        at java.util.concurrent.locks.AbstractQueuedSynchronizer$ConditionObject.awaitNanos(AbstractQueuedSynchronizer.java:2078)
        at org.eclipse.jetty.util.BlockingArrayQueue.poll(BlockingArrayQueue.java:382)
        at org.eclipse.jetty.util.thread.QueuedThreadPool$Runner.idleJobPoll(QueuedThreadPool.java:875)
        at org.eclipse.jetty.util.thread.QueuedThreadPool$Runner.run(QueuedThreadPool.java:925)
        at java.lang.Thread.run(Thread.java:748)
"IPC Server handler 6 on default port 41279" daemon prio=5 tid=81 timed_waiting
java.lang.Thread.State: TIMED_WAITING
        at sun.misc.Unsafe.park(Native Method)
        at java.util.concurrent.locks.LockSupport.parkNanos(LockSupport.java:215)
        at java.util.concurrent.locks.AbstractQueuedSynchronizer$ConditionObject.awaitNanos(AbstractQueuedSynchronizer.java:2078)
        at java.util.concurrent.LinkedBlockingQueue.poll(LinkedBlockingQueue.java:467)
        at org.apache.hadoop.ipc.CallQueueManager.take(CallQueueManager.java:295)
        at org.apache.hadoop.ipc.Server$Handler.run(Server.java:2881)
"BlockDeletingService#3" daemon prio=5 tid=548 timed_waiting
java.lang.Thread.State: TIMED_WAITING
        at sun.misc.Unsafe.park(Native Method)
        at java.util.concurrent.locks.LockSupport.parkNanos(LockSupport.java:215)
        at java.util.concurrent.locks.AbstractQueuedSynchronizer$ConditionObject.awaitNanos(AbstractQueuedSynchronizer.java:2078)
        at java.util.concurrent.ScheduledThreadPoolExecutor$DelayedWorkQueue.take(ScheduledThreadPoolExecutor.java:1093)
        at java.util.concurrent.ScheduledThreadPoolExecutor$DelayedWorkQueue.take(ScheduledThreadPoolExecutor.java:809)
        at java.util.concurrent.ThreadPoolExecutor.getTask(ThreadPoolExecutor.java:1074)
        at java.util.concurrent.ThreadPoolExecutor.runWorker(ThreadPoolExecutor.java:1134)
        at java.util.concurrent.ThreadPoolExecutor$Worker.run(ThreadPoolExecutor.java:624)
        at java.lang.Thread.run(Thread.java:748)
"org.apache.ratis.server.impl.LogAppender$AppenderDaemon$$Lambda$454/438744550@4feb3181" daemon prio=5 tid=372 timed_waiting
java.lang.Thread.State: TIMED_WAITING
        at java.lang.Object.wait(Native Method)
        at org.apache.ratis.grpc.server.GrpcLogAppender.mayWait(GrpcLogAppender.java:151)
        at org.apache.ratis.grpc.server.GrpcLogAppender.runAppenderImpl(GrpcLogAppender.java:105)
        at org.apache.ratis.server.impl.LogAppender$AppenderDaemon.run(LogAppender.java:77)
        at org.apache.ratis.server.impl.LogAppender$AppenderDaemon$$Lambda$454/438744550.run(Unknown Source)
        at java.lang.Thread.run(Thread.java:748)
"IPC Client (1629241006) connection to /0.0.0.0:41279 from jenkins1001" daemon prio=5 tid=272 timed_waiting
java.lang.Thread.State: TIMED_WAITING
        at java.lang.Object.wait(Native Method)
        at org.apache.hadoop.ipc.Client$Connection.waitForWork(Client.java:1034)
        at org.apache.hadoop.ipc.Client$Connection.run(Client.java:1078)
"pool-107-thread-1"  prio=5 tid=386 in Object.wait()
java.lang.Thread.State: WAITING (on object monitor)
        at sun.misc.Unsafe.park(Native Method)
        at java.util.concurrent.locks.LockSupport.park(LockSupport.java:175)
        at java.util.concurrent.locks.AbstractQueuedSynchronizer$ConditionObject.await(AbstractQueuedSynchronizer.java:2039)
        at java.util.concurrent.LinkedBlockingQueue.take(LinkedBlockingQueue.java:442)
        at java.util.concurrent.ThreadPoolExecutor.getTask(ThreadPoolExecutor.java:1074)
        at java.util.concurrent.ThreadPoolExecutor.runWorker(ThreadPoolExecutor.java:1134)
        at java.util.concurrent.ThreadPoolExecutor$Worker.run(ThreadPoolExecutor.java:624)
        at java.lang.Thread.run(Thread.java:748)
"ChunkWriter-1-0" daemon prio=5 tid=278 in Object.wait()
java.lang.Thread.State: WAITING (on object monitor)
        at sun.misc.Unsafe.park(Native Method)
        at java.util.concurrent.locks.LockSupport.park(LockSupport.java:175)
        at java.util.concurrent.locks.AbstractQueuedSynchronizer$ConditionObject.await(AbstractQueuedSynchronizer.java:2039)
        at java.util.concurrent.LinkedBlockingDeque.takeFirst(LinkedBlockingDeque.java:492)
        at java.util.concurrent.LinkedBlockingDeque.take(LinkedBlockingDeque.java:680)
        at java.util.concurrent.ThreadPoolExecutor.getTask(ThreadPoolExecutor.java:1074)
        at java.util.concurrent.ThreadPoolExecutor.runWorker(ThreadPoolExecutor.java:1134)
        at java.util.concurrent.ThreadPoolExecutor$Worker.run(ThreadPoolExecutor.java:624)
        at java.lang.Thread.run(Thread.java:748)
"surefire-forkedjvm-ping-30s" daemon prio=5 tid=10 timed_waiting
java.lang.Thread.State: TIMED_WAITING
        at sun.misc.Unsafe.park(Native Method)
        at java.util.concurrent.locks.LockSupport.parkNanos(LockSupport.java:215)
        at java.util.concurrent.locks.AbstractQueuedSynchronizer$ConditionObject.awaitNanos(AbstractQueuedSynchronizer.java:2078)
        at java.util.concurrent.ScheduledThreadPoolExecutor$DelayedWorkQueue.take(ScheduledThreadPoolExecutor.java:1093)
        at java.util.concurrent.ScheduledThreadPoolExecutor$DelayedWorkQueue.take(ScheduledThreadPoolExecutor.java:809)
        at java.util.concurrent.ThreadPoolExecutor.getTask(ThreadPoolExecutor.java:1074)
        at java.util.concurrent.ThreadPoolExecutor.runWorker(ThreadPoolExecutor.java:1134)
        at java.util.concurrent.ThreadPoolExecutor$Worker.run(ThreadPoolExecutor.java:624)
        at java.lang.Thread.run(Thread.java:748)
"IPC Server handler 1 on default port 36429" daemon prio=5 tid=56 timed_waiting
java.lang.Thread.State: TIMED_WAITING
        at sun.misc.Unsafe.park(Native Method)
        at java.util.concurrent.locks.LockSupport.parkNanos(LockSupport.java:215)
        at java.util.concurrent.locks.AbstractQueuedSynchronizer$ConditionObject.awaitNanos(AbstractQueuedSynchronizer.java:2078)
        at java.util.concurrent.LinkedBlockingQueue.poll(LinkedBlockingQueue.java:467)
        at org.apache.hadoop.ipc.CallQueueManager.take(CallQueueManager.java:295)
        at org.apache.hadoop.ipc.Server$Handler.run(Server.java:2881)
"IPC Server handler 1 on default port 41279" daemon prio=5 tid=76 timed_waiting
java.lang.Thread.State: TIMED_WAITING
        at sun.misc.Unsafe.park(Native Method)
        at java.util.concurrent.locks.LockSupport.parkNanos(LockSupport.java:215)
        at java.util.concurrent.locks.AbstractQueuedSynchronizer$ConditionObject.awaitNanos(AbstractQueuedSynchronizer.java:2078)
        at java.util.concurrent.LinkedBlockingQueue.poll(LinkedBlockingQueue.java:467)
        at org.apache.hadoop.ipc.CallQueueManager.take(CallQueueManager.java:295)
        at org.apache.hadoop.ipc.Server$Handler.run(Server.java:2881)
"Socket Reader #1 for port 0"  prio=5 tid=17 runnable
java.lang.Thread.State: RUNNABLE
        at sun.nio.ch.EPollArrayWrapper.epollWait(Native Method)
        at sun.nio.ch.EPollArrayWrapper.poll(EPollArrayWrapper.java:269)
        at sun.nio.ch.EPollSelectorImpl.doSelect(EPollSelectorImpl.java:93)
        at sun.nio.ch.SelectorImpl.lockAndDoSelect(SelectorImpl.java:86)
        at sun.nio.ch.SelectorImpl.select(SelectorImpl.java:97)
        at sun.nio.ch.SelectorImpl.select(SelectorImpl.java:101)
        at org.apache.hadoop.ipc.Server$Listener$Reader.doRunLoop(Server.java:1242)
        at org.apache.hadoop.ipc.Server$Listener$Reader.run(Server.java:1221)
"java.util.concurrent.ThreadPoolExecutor$Worker@73a8b84e[State = -1, empty queue]" daemon prio=5 tid=786 timed_waiting
java.lang.Thread.State: TIMED_WAITING
        at sun.misc.Unsafe.park(Native Method)
        at java.util.concurrent.locks.LockSupport.parkNanos(LockSupport.java:215)
        at java.util.concurrent.locks.AbstractQueuedSynchronizer$ConditionObject.awaitNanos(AbstractQueuedSynchronizer.java:2078)
        at java.util.concurrent.ScheduledThreadPoolExecutor$DelayedWorkQueue.take(ScheduledThreadPoolExecutor.java:1093)
        at java.util.concurrent.ScheduledThreadPoolExecutor$DelayedWorkQueue.take(ScheduledThreadPoolExecutor.java:809)
        at java.util.concurrent.ThreadPoolExecutor.getTask(ThreadPoolExecutor.java:1074)
        at java.util.concurrent.ThreadPoolExecutor.runWorker(ThreadPoolExecutor.java:1134)
        at java.util.concurrent.ThreadPoolExecutor$Worker.run(ThreadPoolExecutor.java:624)
        at java.lang.Thread.run(Thread.java:748)
"pool-107-thread-4"  prio=5 tid=389 in Object.wait()
java.lang.Thread.State: WAITING (on object monitor)
        at sun.misc.Unsafe.park(Native Method)
        at java.util.concurrent.locks.LockSupport.park(LockSupport.java:175)
        at java.util.concurrent.CompletableFuture$Signaller.block(CompletableFuture.java:1707)
        at java.util.concurrent.ForkJoinPool.managedBlock(ForkJoinPool.java:3323)
        at java.util.concurrent.CompletableFuture.waitingGet(CompletableFuture.java:1742)
        at java.util.concurrent.CompletableFuture.get(CompletableFuture.java:1908)
        at org.apache.hadoop.hdds.scm.storage.BlockOutputStream.waitOnFlushFutures(BlockOutputStream.java:537)
        at org.apache.hadoop.hdds.scm.storage.BlockOutputStream.handleFullBuffer(BlockOutputStream.java:320)
        at org.apache.hadoop.hdds.scm.storage.BlockOutputStream.write(BlockOutputStream.java:251)
        at org.apache.hadoop.ozone.client.io.BlockOutputStreamEntry.write(BlockOutputStreamEntry.java:135)
        at org.apache.hadoop.ozone.client.io.KeyOutputStream.writeToOutputStream(KeyOutputStream.java:242)
        at org.apache.hadoop.ozone.client.io.KeyOutputStream.handleWrite(KeyOutputStream.java:220)
        at org.apache.hadoop.ozone.client.io.KeyOutputStream.write(KeyOutputStream.java:200)
        at org.apache.hadoop.ozone.client.io.OzoneOutputStream.write(OzoneOutputStream.java:49)
        at org.apache.hadoop.ozone.freon.RandomKeyGenerator.createKey(RandomKeyGenerator.java:709)
        at org.apache.hadoop.ozone.freon.RandomKeyGenerator.access$1100(RandomKeyGenerator.java:87)
        at org.apache.hadoop.ozone.freon.RandomKeyGenerator$ObjectCreator.run(RandomKeyGenerator.java:614)
        at java.util.concurrent.ThreadPoolExecutor.runWorker(ThreadPoolExecutor.java:1149)
        at java.util.concurrent.ThreadPoolExecutor$Worker.run(ThreadPoolExecutor.java:624)
        at java.lang.Thread.run(Thread.java:748)
"qtp437671997-261" daemon prio=5 tid=261 timed_waiting
java.lang.Thread.State: TIMED_WAITING
        at sun.misc.Unsafe.park(Native Method)
        at java.util.concurrent.locks.LockSupport.parkNanos(LockSupport.java:215)
        at java.util.concurrent.locks.AbstractQueuedSynchronizer$ConditionObject.awaitNanos(AbstractQueuedSynchronizer.java:2078)
        at org.eclipse.jetty.util.BlockingArrayQueue.poll(BlockingArrayQueue.java:382)
        at org.eclipse.jetty.util.thread.QueuedThreadPool$Runner.idleJobPoll(QueuedThreadPool.java:875)
        at org.eclipse.jetty.util.thread.QueuedThreadPool$Runner.run(QueuedThreadPool.java:925)
        at java.lang.Thread.run(Thread.java:748)
"pool-71-thread-1"  prio=5 tid=205 timed_waiting
java.lang.Thread.State: TIMED_WAITING
        at sun.misc.Unsafe.park(Native Method)
        at java.util.concurrent.locks.LockSupport.parkNanos(LockSupport.java:215)
        at java.util.concurrent.locks.AbstractQueuedSynchronizer$ConditionObject.awaitNanos(AbstractQueuedSynchronizer.java:2078)
        at java.util.concurrent.ScheduledThreadPoolExecutor$DelayedWorkQueue.take(ScheduledThreadPoolExecutor.java:1093)
        at java.util.concurrent.ScheduledThreadPoolExecutor$DelayedWorkQueue.take(ScheduledThreadPoolExecutor.java:809)
        at java.util.concurrent.ThreadPoolExecutor.getTask(ThreadPoolExecutor.java:1074)
        at java.util.concurrent.ThreadPoolExecutor.runWorker(ThreadPoolExecutor.java:1134)
        at java.util.concurrent.ThreadPoolExecutor$Worker.run(ThreadPoolExecutor.java:624)
        at java.lang.Thread.run(Thread.java:748)
"pool-76-thread-1" daemon prio=5 tid=220 timed_waiting
java.lang.Thread.State: TIMED_WAITING
        at sun.misc.Unsafe.park(Native Method)
        at java.util.concurrent.locks.LockSupport.parkNanos(LockSupport.java:215)
        at java.util.concurrent.locks.AbstractQueuedSynchronizer$ConditionObject.awaitNanos(AbstractQueuedSynchronizer.java:2078)
        at java.util.concurrent.ScheduledThreadPoolExecutor$DelayedWorkQueue.take(ScheduledThreadPoolExecutor.java:1093)
        at java.util.concurrent.ScheduledThreadPoolExecutor$DelayedWorkQueue.take(ScheduledThreadPoolExecutor.java:809)
        at java.util.concurrent.ThreadPoolExecutor.getTask(ThreadPoolExecutor.java:1074)
        at java.util.concurrent.ThreadPoolExecutor.runWorker(ThreadPoolExecutor.java:1134)
        at java.util.concurrent.ThreadPoolExecutor$Worker.run(ThreadPoolExecutor.java:624)
        at java.lang.Thread.run(Thread.java:748)
"BlockDeletingService#3" daemon prio=5 tid=552 timed_waiting
java.lang.Thread.State: TIMED_WAITING
        at sun.misc.Unsafe.park(Native Method)
        at java.util.concurrent.locks.LockSupport.parkNanos(LockSupport.java:215)
        at java.util.concurrent.locks.AbstractQueuedSynchronizer$ConditionObject.awaitNanos(AbstractQueuedSynchronizer.java:2078)
        at java.util.concurrent.ScheduledThreadPoolExecutor$DelayedWorkQueue.take(ScheduledThreadPoolExecutor.java:1093)
        at java.util.concurrent.ScheduledThreadPoolExecutor$DelayedWorkQueue.take(ScheduledThreadPoolExecutor.java:809)
        at java.util.concurrent.ThreadPoolExecutor.getTask(ThreadPoolExecutor.java:1074)
        at java.util.concurrent.ThreadPoolExecutor.runWorker(ThreadPoolExecutor.java:1134)
        at java.util.concurrent.ThreadPoolExecutor$Worker.run(ThreadPoolExecutor.java:624)
        at java.lang.Thread.run(Thread.java:748)
"BlockDeletingService#0" daemon prio=5 tid=302 in Object.wait()
java.lang.Thread.State: WAITING (on object monitor)
        at sun.misc.Unsafe.park(Native Method)
        at java.util.concurrent.locks.LockSupport.park(LockSupport.java:175)
        at java.util.concurrent.locks.AbstractQueuedSynchronizer$ConditionObject.await(AbstractQueuedSynchronizer.java:2039)
        at java.util.concurrent.ScheduledThreadPoolExecutor$DelayedWorkQueue.take(ScheduledThreadPoolExecutor.java:1088)
        at java.util.concurrent.ScheduledThreadPoolExecutor$DelayedWorkQueue.take(ScheduledThreadPoolExecutor.java:809)
        at java.util.concurrent.ThreadPoolExecutor.getTask(ThreadPoolExecutor.java:1074)
        at java.util.concurrent.ThreadPoolExecutor.runWorker(ThreadPoolExecutor.java:1134)
        at java.util.concurrent.ThreadPoolExecutor$Worker.run(ThreadPoolExecutor.java:624)
        at java.lang.Thread.run(Thread.java:748)
"BlockDeletingService#4" daemon prio=5 tid=623 in Object.wait()
java.lang.Thread.State: WAITING (on object monitor)
        at sun.misc.Unsafe.park(Native Method)
        at java.util.concurrent.locks.LockSupport.park(LockSupport.java:175)
        at java.util.concurrent.locks.AbstractQueuedSynchronizer$ConditionObject.await(AbstractQueuedSynchronizer.java:2039)
        at java.util.concurrent.ScheduledThreadPoolExecutor$DelayedWorkQueue.take(ScheduledThreadPoolExecutor.java:1088)
        at java.util.concurrent.ScheduledThreadPoolExecutor$DelayedWorkQueue.take(ScheduledThreadPoolExecutor.java:809)
        at java.util.concurrent.ThreadPoolExecutor.getTask(ThreadPoolExecutor.java:1074)
        at java.util.concurrent.ThreadPoolExecutor.runWorker(ThreadPoolExecutor.java:1134)
        at java.util.concurrent.ThreadPoolExecutor$Worker.run(ThreadPoolExecutor.java:624)
        at java.lang.Thread.run(Thread.java:748)
"Thread-251" daemon prio=5 tid=381 timed_waiting
java.lang.Thread.State: TIMED_WAITING
        at sun.misc.Unsafe.park(Native Method)
        at java.util.concurrent.locks.LockSupport.parkNanos(LockSupport.java:215)
        at java.util.concurrent.locks.AbstractQueuedSynchronizer$ConditionObject.awaitNanos(AbstractQueuedSynchronizer.java:2078)
        at java.util.concurrent.ArrayBlockingQueue.poll(ArrayBlockingQueue.java:418)
        at org.apache.ratis.server.impl.LeaderState$EventQueue.poll(LeaderState.java:121)
        at org.apache.ratis.server.impl.LeaderState$EventProcessor.run(LeaderState.java:496)
"Session-HouseKeeper-2f6f2d91-1"  prio=5 tid=214 timed_waiting
java.lang.Thread.State: TIMED_WAITING
        at sun.misc.Unsafe.park(Native Method)
        at java.util.concurrent.locks.LockSupport.parkNanos(LockSupport.java:215)
        at java.util.concurrent.locks.AbstractQueuedSynchronizer$ConditionObject.awaitNanos(AbstractQueuedSynchronizer.java:2078)
        at java.util.concurrent.ScheduledThreadPoolExecutor$DelayedWorkQueue.take(ScheduledThreadPoolExecutor.java:1093)
        at java.util.concurrent.ScheduledThreadPoolExecutor$DelayedWorkQueue.take(ScheduledThreadPoolExecutor.java:809)
        at java.util.concurrent.ThreadPoolExecutor.getTask(ThreadPoolExecutor.java:1074)
        at java.util.concurrent.ThreadPoolExecutor.runWorker(ThreadPoolExecutor.java:1134)
        at java.util.concurrent.ThreadPoolExecutor$Worker.run(ThreadPoolExecutor.java:624)
        at java.lang.Thread.run(Thread.java:748)
"BlockDeletingService#6" daemon prio=5 tid=772 in Object.wait()
java.lang.Thread.State: WAITING (on object monitor)
        at sun.misc.Unsafe.park(Native Method)
        at java.util.concurrent.locks.LockSupport.park(LockSupport.java:175)
        at java.util.concurrent.locks.AbstractQueuedSynchronizer$ConditionObject.await(AbstractQueuedSynchronizer.java:2039)
        at java.util.concurrent.ScheduledThreadPoolExecutor$DelayedWorkQueue.take(ScheduledThreadPoolExecutor.java:1088)
        at java.util.concurrent.ScheduledThreadPoolExecutor$DelayedWorkQueue.take(ScheduledThreadPoolExecutor.java:809)
        at java.util.concurrent.ThreadPoolExecutor.getTask(ThreadPoolExecutor.java:1074)
        at java.util.concurrent.ThreadPoolExecutor.runWorker(ThreadPoolExecutor.java:1134)
        at java.util.concurrent.ThreadPoolExecutor$Worker.run(ThreadPoolExecutor.java:624)
        at java.lang.Thread.run(Thread.java:748)
"ChunkWriter-0-0" daemon prio=5 tid=292 in Object.wait()
java.lang.Thread.State: WAITING (on object monitor)
        at sun.misc.Unsafe.park(Native Method)
        at java.util.concurrent.locks.LockSupport.park(LockSupport.java:175)
        at java.util.concurrent.locks.AbstractQueuedSynchronizer$ConditionObject.await(AbstractQueuedSynchronizer.java:2039)
        at java.util.concurrent.LinkedBlockingDeque.takeFirst(LinkedBlockingDeque.java:492)
        at java.util.concurrent.LinkedBlockingDeque.take(LinkedBlockingDeque.java:680)
        at java.util.concurrent.ThreadPoolExecutor.getTask(ThreadPoolExecutor.java:1074)
        at java.util.concurrent.ThreadPoolExecutor.runWorker(ThreadPoolExecutor.java:1134)
        at java.util.concurrent.ThreadPoolExecutor$Worker.run(ThreadPoolExecutor.java:624)
        at java.lang.Thread.run(Thread.java:748)
"BlockDeletingService#5" daemon prio=5 tid=699 in Object.wait()
java.lang.Thread.State: WAITING (on object monitor)
        at sun.misc.Unsafe.park(Native Method)
        at java.util.concurrent.locks.LockSupport.park(LockSupport.java:175)
        at java.util.concurrent.locks.AbstractQueuedSynchronizer$ConditionObject.await(AbstractQueuedSynchronizer.java:2039)
        at java.util.concurrent.ScheduledThreadPoolExecutor$DelayedWorkQueue.take(ScheduledThreadPoolExecutor.java:1088)
        at java.util.concurrent.ScheduledThreadPoolExecutor$DelayedWorkQueue.take(ScheduledThreadPoolExecutor.java:809)
        at java.util.concurrent.ThreadPoolExecutor.getTask(ThreadPoolExecutor.java:1074)
        at java.util.concurrent.ThreadPoolExecutor.runWorker(ThreadPoolExecutor.java:1134)
        at java.util.concurrent.ThreadPoolExecutor$Worker.run(ThreadPoolExecutor.java:624)
        at java.lang.Thread.run(Thread.java:748)
"Datanode State Machine Thread - 0" daemon prio=5 tid=240 timed_waiting
java.lang.Thread.State: TIMED_WAITING
        at java.lang.Thread.sleep(Native Method)
        at org.apache.hadoop.ozone.container.common.statemachine.DatanodeStateMachine.start(DatanodeStateMachine.java:213)
        at org.apache.hadoop.ozone.container.common.statemachine.DatanodeStateMachine.lambda$startDaemon$0(DatanodeStateMachine.java:375)
        at org.apache.hadoop.ozone.container.common.statemachine.DatanodeStateMachine$$Lambda$170/603092020.run(Unknown Source)
        at java.lang.Thread.run(Thread.java:748)
"IPC Server handler 18 on default port 38891" daemon prio=5 tid=53 timed_waiting
java.lang.Thread.State: TIMED_WAITING
        at sun.misc.Unsafe.park(Native Method)
        at java.util.concurrent.locks.LockSupport.parkNanos(LockSupport.java:215)
        at java.util.concurrent.locks.AbstractQueuedSynchronizer$ConditionObject.awaitNanos(AbstractQueuedSynchronizer.java:2078)
        at java.util.concurrent.LinkedBlockingQueue.poll(LinkedBlockingQueue.java:467)
        at org.apache.hadoop.ipc.CallQueueManager.take(CallQueueManager.java:295)
        at org.apache.hadoop.ipc.Server$Handler.run(Server.java:2881)
"46a0c3d8-0862-44f9-974b-4404c1ab61a7@group-097DD4A676AA-StateMachineUpdater" daemon prio=5 tid=333 in Object.wait()
java.lang.Thread.State: WAITING (on object monitor)
        at java.lang.Object.wait(Native Method)
        at java.lang.Object.wait(Object.java:502)
        at org.apache.ratis.server.impl.StateMachineUpdater.waitForCommit(StateMachineUpdater.java:200)
        at org.apache.ratis.server.impl.StateMachineUpdater.run(StateMachineUpdater.java:165)
        at java.lang.Thread.run(Thread.java:748)
"Socket Reader #1 for port 0"  prio=5 tid=25 runnable
java.lang.Thread.State: RUNNABLE
        at sun.nio.ch.EPollArrayWrapper.epollWait(Native Method)
        at sun.nio.ch.EPollArrayWrapper.poll(EPollArrayWrapper.java:269)
        at sun.nio.ch.EPollSelectorImpl.doSelect(EPollSelectorImpl.java:93)
        at sun.nio.ch.SelectorImpl.lockAndDoSelect(SelectorImpl.java:86)
        at sun.nio.ch.SelectorImpl.select(SelectorImpl.java:97)
        at sun.nio.ch.SelectorImpl.select(SelectorImpl.java:101)
        at org.apache.hadoop.ipc.Server$Listener$Reader.doRunLoop(Server.java:1242)
        at org.apache.hadoop.ipc.Server$Listener$Reader.run(Server.java:1221)
"Datanode ReportManager Thread - 0" daemon prio=5 tid=221 in Object.wait()
java.lang.Thread.State: WAITING (on object monitor)
        at sun.misc.Unsafe.park(Native Method)
        at java.util.concurrent.locks.LockSupport.park(LockSupport.java:175)
        at java.util.concurrent.locks.AbstractQueuedSynchronizer$ConditionObject.await(AbstractQueuedSynchronizer.java:2039)
        at java.util.concurrent.ScheduledThreadPoolExecutor$DelayedWorkQueue.take(ScheduledThreadPoolExecutor.java:1088)
        at java.util.concurrent.ScheduledThreadPoolExecutor$DelayedWorkQueue.take(ScheduledThreadPoolExecutor.java:809)
        at java.util.concurrent.ThreadPoolExecutor.getTask(ThreadPoolExecutor.java:1074)
        at java.util.concurrent.ThreadPoolExecutor.runWorker(ThreadPoolExecutor.java:1134)
        at java.util.concurrent.ThreadPoolExecutor$Worker.run(ThreadPoolExecutor.java:624)
        at java.lang.Thread.run(Thread.java:748)
"IPC Server handler 7 on default port 36429" daemon prio=5 tid=62 timed_waiting
java.lang.Thread.State: TIMED_WAITING
        at sun.misc.Unsafe.park(Native Method)
        at java.util.concurrent.locks.LockSupport.parkNanos(LockSupport.java:215)
        at java.util.concurrent.locks.AbstractQueuedSynchronizer$ConditionObject.awaitNanos(AbstractQueuedSynchronizer.java:2078)
        at java.util.concurrent.LinkedBlockingQueue.poll(LinkedBlockingQueue.java:467)
        at org.apache.hadoop.ipc.CallQueueManager.take(CallQueueManager.java:295)
        at org.apache.hadoop.ipc.Server$Handler.run(Server.java:2881)
"902fabd4-5f55-4bcb-bd45-7818ae89d354@group-DE6D8316CF0F-StateMachineUpdater" daemon prio=5 tid=318 in Object.wait()
java.lang.Thread.State: WAITING (on object monitor)
        at java.lang.Object.wait(Native Method)
        at java.lang.Object.wait(Object.java:502)
        at org.apache.ratis.server.impl.StateMachineUpdater.waitForCommit(StateMachineUpdater.java:200)
        at org.apache.ratis.server.impl.StateMachineUpdater.run(StateMachineUpdater.java:165)
        at java.lang.Thread.run(Thread.java:748)
"qtp408132785-101" daemon prio=5 tid=101 timed_waiting
java.lang.Thread.State: TIMED_WAITING
        at sun.misc.Unsafe.park(Native Method)
        at java.util.concurrent.locks.LockSupport.parkNanos(LockSupport.java:215)
        at java.util.concurrent.locks.AbstractQueuedSynchronizer$ConditionObject.awaitNanos(AbstractQueuedSynchronizer.java:2078)
        at org.eclipse.jetty.util.BlockingArrayQueue.poll(BlockingArrayQueue.java:382)
        at org.eclipse.jetty.util.thread.QueuedThreadPool$Runner.idleJobPoll(QueuedThreadPool.java:875)
        at org.eclipse.jetty.util.thread.QueuedThreadPool$Runner.run(QueuedThreadPool.java:925)
        at java.lang.Thread.run(Thread.java:748)
"IPC Server handler 15 on default port 41279" daemon prio=5 tid=90 timed_waiting
java.lang.Thread.State: TIMED_WAITING
        at sun.misc.Unsafe.park(Native Method)
        at java.util.concurrent.locks.LockSupport.parkNanos(LockSupport.java:215)
        at java.util.concurrent.locks.AbstractQueuedSynchronizer$ConditionObject.awaitNanos(AbstractQueuedSynchronizer.java:2078)
        at java.util.concurrent.LinkedBlockingQueue.poll(LinkedBlockingQueue.java:467)
        at org.apache.hadoop.ipc.CallQueueManager.take(CallQueueManager.java:295)
        at org.apache.hadoop.ipc.Server$Handler.run(Server.java:2881)
"IPC Server handler 0 on default port 36429" daemon prio=5 tid=55 timed_waiting
java.lang.Thread.State: TIMED_WAITING
        at sun.misc.Unsafe.park(Native Method)
        at java.util.concurrent.locks.LockSupport.parkNanos(LockSupport.java:215)
        at java.util.concurrent.locks.AbstractQueuedSynchronizer$ConditionObject.awaitNanos(AbstractQueuedSynchronizer.java:2078)
        at java.util.concurrent.LinkedBlockingQueue.poll(LinkedBlockingQueue.java:467)
        at org.apache.hadoop.ipc.CallQueueManager.take(CallQueueManager.java:295)
        at org.apache.hadoop.ipc.Server$Handler.run(Server.java:2881)
"Timer for 'StorageContainerManager' metrics system" daemon prio=5 tid=33 timed_waiting
java.lang.Thread.State: TIMED_WAITING
        at java.lang.Object.wait(Native Method)
        at java.util.TimerThread.mainLoop(Timer.java:552)
        at java.util.TimerThread.run(Timer.java:505)
"IPC Server handler 15 on default port 36429" daemon prio=5 tid=70 timed_waiting
java.lang.Thread.State: TIMED_WAITING
        at sun.misc.Unsafe.park(Native Method)
        at java.util.concurrent.locks.LockSupport.parkNanos(LockSupport.java:215)
        at java.util.concurrent.locks.AbstractQueuedSynchronizer$ConditionObject.awaitNanos(AbstractQueuedSynchronizer.java:2078)
        at java.util.concurrent.LinkedBlockingQueue.poll(LinkedBlockingQueue.java:467)
        at org.apache.hadoop.ipc.CallQueueManager.take(CallQueueManager.java:295)
        at org.apache.hadoop.ipc.Server$Handler.run(Server.java:2881)
"qtp437671997-258" daemon prio=5 tid=258 timed_waiting
java.lang.Thread.State: TIMED_WAITING
        at sun.misc.Unsafe.park(Native Method)
        at java.util.concurrent.locks.LockSupport.parkNanos(LockSupport.java:215)
        at java.util.concurrent.locks.AbstractQueuedSynchronizer$ConditionObject.awaitNanos(AbstractQueuedSynchronizer.java:2078)
        at org.eclipse.jetty.util.BlockingArrayQueue.poll(BlockingArrayQueue.java:382)
        at org.eclipse.jetty.util.thread.QueuedThreadPool$Runner.idleJobPoll(QueuedThreadPool.java:875)
        at org.eclipse.jetty.util.thread.QueuedThreadPool$Runner.run(QueuedThreadPool.java:925)
        at java.lang.Thread.run(Thread.java:748)
"IPC Server handler 18 on default port 36429" daemon prio=5 tid=73 timed_waiting
java.lang.Thread.State: TIMED_WAITING
        at sun.misc.Unsafe.park(Native Method)
        at java.util.concurrent.locks.LockSupport.parkNanos(LockSupport.java:215)
        at java.util.concurrent.locks.AbstractQueuedSynchronizer$ConditionObject.awaitNanos(AbstractQueuedSynchronizer.java:2078)
        at java.util.concurrent.LinkedBlockingQueue.poll(LinkedBlockingQueue.java:467)
        at org.apache.hadoop.ipc.CallQueueManager.take(CallQueueManager.java:295)
        at org.apache.hadoop.ipc.Server$Handler.run(Server.java:2881)
"EventQueue-ContainerReportForContainerReportHandler" daemon prio=5 tid=305 in Object.wait()
java.lang.Thread.State: WAITING (on object monitor)
        at sun.misc.Unsafe.park(Native Method)
        at java.util.concurrent.locks.LockSupport.park(LockSupport.java:175)
        at java.util.concurrent.locks.AbstractQueuedSynchronizer$ConditionObject.await(AbstractQueuedSynchronizer.java:2039)
        at java.util.concurrent.LinkedBlockingQueue.take(LinkedBlockingQueue.java:442)
        at java.util.concurrent.ThreadPoolExecutor.getTask(ThreadPoolExecutor.java:1074)
        at java.util.concurrent.ThreadPoolExecutor.runWorker(ThreadPoolExecutor.java:1134)
        at java.util.concurrent.ThreadPoolExecutor$Worker.run(ThreadPoolExecutor.java:624)
        at java.lang.Thread.run(Thread.java:748)
"2e460caa-4a9b-49fd-a238-aca4d6f6d8f6@group-F63E2698C887-SegmentedRaftLogWorker"  prio=5 tid=335 timed_waiting
java.lang.Thread.State: TIMED_WAITING
        at sun.misc.Unsafe.park(Native Method)
        at java.util.concurrent.locks.LockSupport.parkNanos(LockSupport.java:215)
        at java.util.concurrent.locks.AbstractQueuedSynchronizer$ConditionObject.awaitNanos(AbstractQueuedSynchronizer.java:2078)
        at org.apache.ratis.util.DataBlockingQueue.poll(DataBlockingQueue.java:137)
        at org.apache.ratis.server.raftlog.segmented.SegmentedRaftLogWorker.run(SegmentedRaftLogWorker.java:287)
        at java.lang.Thread.run(Thread.java:748)
"qtp408132785-97" daemon prio=5 tid=97 timed_waiting
java.lang.Thread.State: TIMED_WAITING
        at sun.misc.Unsafe.park(Native Method)
        at java.util.concurrent.locks.LockSupport.parkNanos(LockSupport.java:215)
        at java.util.concurrent.locks.AbstractQueuedSynchronizer$ConditionObject.awaitNanos(AbstractQueuedSynchronizer.java:2078)
        at org.eclipse.jetty.util.BlockingArrayQueue.poll(BlockingArrayQueue.java:382)
        at org.eclipse.jetty.util.thread.QueuedThreadPool$Runner.idleJobPoll(QueuedThreadPool.java:875)
        at org.eclipse.jetty.util.thread.QueuedThreadPool$Runner.run(QueuedThreadPool.java:925)
        at java.lang.Thread.run(Thread.java:748)
"IPC Server handler 17 on default port 41279" daemon prio=5 tid=92 timed_waiting
java.lang.Thread.State: TIMED_WAITING
        at sun.misc.Unsafe.park(Native Method)
        at java.util.concurrent.locks.LockSupport.parkNanos(LockSupport.java:215)
        at java.util.concurrent.locks.AbstractQueuedSynchronizer$ConditionObject.awaitNanos(AbstractQueuedSynchronizer.java:2078)
        at java.util.concurrent.LinkedBlockingQueue.poll(LinkedBlockingQueue.java:467)
        at org.apache.hadoop.ipc.CallQueueManager.take(CallQueueManager.java:295)
        at org.apache.hadoop.ipc.Server$Handler.run(Server.java:2881)
"PartialTableCache Cleanup Thread - 0" daemon prio=5 tid=407 in Object.wait()
java.lang.Thread.State: WAITING (on object monitor)
        at sun.misc.Unsafe.park(Native Method)
        at java.util.concurrent.locks.LockSupport.park(LockSupport.java:175)
        at java.util.concurrent.locks.AbstractQueuedSynchronizer$ConditionObject.await(AbstractQueuedSynchronizer.java:2039)
        at java.util.concurrent.LinkedBlockingQueue.take(LinkedBlockingQueue.java:442)
        at java.util.concurrent.ThreadPoolExecutor.getTask(ThreadPoolExecutor.java:1074)
        at java.util.concurrent.ThreadPoolExecutor.runWorker(ThreadPoolExecutor.java:1134)
        at java.util.concurrent.ThreadPoolExecutor$Worker.run(ThreadPoolExecutor.java:624)
        at java.lang.Thread.run(Thread.java:748)
"IPC Server handler 9 on default port 38891" daemon prio=5 tid=44 timed_waiting
java.lang.Thread.State: TIMED_WAITING
        at sun.misc.Unsafe.park(Native Method)
        at java.util.concurrent.locks.LockSupport.parkNanos(LockSupport.java:215)
        at java.util.concurrent.locks.AbstractQueuedSynchronizer$ConditionObject.awaitNanos(AbstractQueuedSynchronizer.java:2078)
        at java.util.concurrent.LinkedBlockingQueue.poll(LinkedBlockingQueue.java:467)
        at org.apache.hadoop.ipc.CallQueueManager.take(CallQueueManager.java:295)
        at org.apache.hadoop.ipc.Server$Handler.run(Server.java:2881)
"Periodic HDDS volume checker" daemon prio=5 tid=242 timed_waiting
java.lang.Thread.State: TIMED_WAITING
        at sun.misc.Unsafe.park(Native Method)
        at java.util.concurrent.locks.LockSupport.parkNanos(LockSupport.java:215)
        at java.util.concurrent.locks.AbstractQueuedSynchronizer$ConditionObject.awaitNanos(AbstractQueuedSynchronizer.java:2078)
        at java.util.concurrent.ScheduledThreadPoolExecutor$DelayedWorkQueue.take(ScheduledThreadPoolExecutor.java:1093)
        at java.util.concurrent.ScheduledThreadPoolExecutor$DelayedWorkQueue.take(ScheduledThreadPoolExecutor.java:809)
        at java.util.concurrent.ThreadPoolExecutor.getTask(ThreadPoolExecutor.java:1074)
        at java.util.concurrent.ThreadPoolExecutor.runWorker(ThreadPoolExecutor.java:1134)
        at java.util.concurrent.ThreadPoolExecutor$Worker.run(ThreadPoolExecutor.java:624)
        at java.lang.Thread.run(Thread.java:748)
"Thread-258"  prio=5 tid=398 timed_waiting
java.lang.Thread.State: TIMED_WAITING
        at java.lang.Thread.sleep(Native Method)
        at org.apache.hadoop.ozone.freon.ProgressBar.lambda$getProgressBar$0(ProgressBar.java:130)
        at org.apache.hadoop.ozone.freon.ProgressBar$$Lambda$538/1097606771.run(Unknown Source)
        at java.lang.Thread.run(Thread.java:748)
"IPC Parameter Sending Thread #0" daemon prio=5 tid=110 timed_waiting
java.lang.Thread.State: TIMED_WAITING
        at sun.misc.Unsafe.park(Native Method)
        at java.util.concurrent.locks.LockSupport.parkNanos(LockSupport.java:215)
        at java.util.concurrent.SynchronousQueue$TransferStack.awaitFulfill(SynchronousQueue.java:460)
        at java.util.concurrent.SynchronousQueue$TransferStack.transfer(SynchronousQueue.java:362)
        at java.util.concurrent.SynchronousQueue.poll(SynchronousQueue.java:941)
        at java.util.concurrent.ThreadPoolExecutor.getTask(ThreadPoolExecutor.java:1073)
        at java.util.concurrent.ThreadPoolExecutor.runWorker(ThreadPoolExecutor.java:1134)
        at java.util.concurrent.ThreadPoolExecutor$Worker.run(ThreadPoolExecutor.java:624)
        at java.lang.Thread.run(Thread.java:748)
"Datanode State Machine Thread - 0" daemon prio=5 tid=216 timed_waiting
java.lang.Thread.State: TIMED_WAITING
        at java.lang.Thread.sleep(Native Method)
        at org.apache.hadoop.ozone.container.common.statemachine.DatanodeStateMachine.start(DatanodeStateMachine.java:213)
        at org.apache.hadoop.ozone.container.common.statemachine.DatanodeStateMachine.lambda$startDaemon$0(DatanodeStateMachine.java:375)
        at org.apache.hadoop.ozone.container.common.statemachine.DatanodeStateMachine$$Lambda$170/603092020.run(Unknown Source)
        at java.lang.Thread.run(Thread.java:748)
"grpc-default-executor-3" daemon prio=5 tid=374 timed_waiting
java.lang.Thread.State: TIMED_WAITING
        at sun.misc.Unsafe.park(Native Method)
        at java.util.concurrent.locks.LockSupport.parkNanos(LockSupport.java:215)
        at java.util.concurrent.SynchronousQueue$TransferStack.awaitFulfill(SynchronousQueue.java:460)
        at java.util.concurrent.SynchronousQueue$TransferStack.transfer(SynchronousQueue.java:362)
        at java.util.concurrent.SynchronousQueue.poll(SynchronousQueue.java:941)
        at java.util.concurrent.ThreadPoolExecutor.getTask(ThreadPoolExecutor.java:1073)
        at java.util.concurrent.ThreadPoolExecutor.runWorker(ThreadPoolExecutor.java:1134)
        at java.util.concurrent.ThreadPoolExecutor$Worker.run(ThreadPoolExecutor.java:624)
        at java.lang.Thread.run(Thread.java:748)
"BlockDeletingService#0" daemon prio=5 tid=290 in Object.wait()
java.lang.Thread.State: WAITING (on object monitor)
        at sun.misc.Unsafe.park(Native Method)
        at java.util.concurrent.locks.LockSupport.park(LockSupport.java:175)
        at java.util.concurrent.locks.AbstractQueuedSynchronizer$ConditionObject.await(AbstractQueuedSynchronizer.java:2039)
        at java.util.concurrent.ScheduledThreadPoolExecutor$DelayedWorkQueue.take(ScheduledThreadPoolExecutor.java:1088)
        at java.util.concurrent.ScheduledThreadPoolExecutor$DelayedWorkQueue.take(ScheduledThreadPoolExecutor.java:809)
        at java.util.concurrent.ThreadPoolExecutor.getTask(ThreadPoolExecutor.java:1074)
        at java.util.concurrent.ThreadPoolExecutor.runWorker(ThreadPoolExecutor.java:1134)
        at java.util.concurrent.ThreadPoolExecutor$Worker.run(ThreadPoolExecutor.java:624)
        at java.lang.Thread.run(Thread.java:748)
"ChunkWriter-3-0" daemon prio=5 tid=280 in Object.wait()
java.lang.Thread.State: WAITING (on object monitor)
        at sun.misc.Unsafe.park(Native Method)
        at java.util.concurrent.locks.LockSupport.park(LockSupport.java:175)
        at java.util.concurrent.locks.AbstractQueuedSynchronizer$ConditionObject.await(AbstractQueuedSynchronizer.java:2039)
        at java.util.concurrent.LinkedBlockingDeque.takeFirst(LinkedBlockingDeque.java:492)
        at java.util.concurrent.LinkedBlockingDeque.take(LinkedBlockingDeque.java:680)
        at java.util.concurrent.ThreadPoolExecutor.getTask(ThreadPoolExecutor.java:1074)
        at java.util.concurrent.ThreadPoolExecutor.runWorker(ThreadPoolExecutor.java:1134)
        at java.util.concurrent.ThreadPoolExecutor$Worker.run(ThreadPoolExecutor.java:624)
        at java.lang.Thread.run(Thread.java:748)
"qtp917987811-143" daemon prio=5 tid=143 timed_waiting
java.lang.Thread.State: TIMED_WAITING
        at sun.misc.Unsafe.park(Native Method)
        at java.util.concurrent.locks.LockSupport.parkNanos(LockSupport.java:215)
        at java.util.concurrent.locks.AbstractQueuedSynchronizer$ConditionObject.awaitNanos(AbstractQueuedSynchronizer.java:2078)
        at org.eclipse.jetty.util.BlockingArrayQueue.poll(BlockingArrayQueue.java:382)
        at org.eclipse.jetty.util.thread.QueuedThreadPool$Runner.idleJobPoll(QueuedThreadPool.java:875)
        at org.eclipse.jetty.util.thread.QueuedThreadPool$Runner.run(QueuedThreadPool.java:925)
        at java.lang.Thread.run(Thread.java:748)
"IPC Server handler 4 on default port 38891" daemon prio=5 tid=39 timed_waiting
java.lang.Thread.State: TIMED_WAITING
        at sun.misc.Unsafe.park(Native Method)
        at java.util.concurrent.locks.LockSupport.parkNanos(LockSupport.java:215)
        at java.util.concurrent.locks.AbstractQueuedSynchronizer$ConditionObject.awaitNanos(AbstractQueuedSynchronizer.java:2078)
        at java.util.concurrent.LinkedBlockingQueue.poll(LinkedBlockingQueue.java:467)
        at org.apache.hadoop.ipc.CallQueueManager.take(CallQueueManager.java:295)
        at org.apache.hadoop.ipc.Server$Handler.run(Server.java:2881)
"pool-10-thread-1"  prio=5 tid=104 timed_waiting
java.lang.Thread.State: TIMED_WAITING
        at sun.misc.Unsafe.park(Native Method)
        at java.util.concurrent.locks.LockSupport.parkNanos(LockSupport.java:215)
        at java.util.concurrent.locks.AbstractQueuedSynchronizer$ConditionObject.awaitNanos(AbstractQueuedSynchronizer.java:2078)
        at java.util.concurrent.ScheduledThreadPoolExecutor$DelayedWorkQueue.take(ScheduledThreadPoolExecutor.java:1093)
        at java.util.concurrent.ScheduledThreadPoolExecutor$DelayedWorkQueue.take(ScheduledThreadPoolExecutor.java:809)
        at java.util.concurrent.ThreadPoolExecutor.getTask(ThreadPoolExecutor.java:1074)
        at java.util.concurrent.ThreadPoolExecutor.runWorker(ThreadPoolExecutor.java:1134)
        at java.util.concurrent.ThreadPoolExecutor$Worker.run(ThreadPoolExecutor.java:624)
        at java.lang.Thread.run(Thread.java:748)
"qtp1004931143-187" daemon prio=5 tid=187 timed_waiting
java.lang.Thread.State: TIMED_WAITING
        at sun.misc.Unsafe.park(Native Method)
        at java.util.concurrent.locks.LockSupport.parkNanos(LockSupport.java:215)
        at java.util.concurrent.locks.AbstractQueuedSynchronizer$ConditionObject.awaitNanos(AbstractQueuedSynchronizer.java:2078)
        at org.eclipse.jetty.util.BlockingArrayQueue.poll(BlockingArrayQueue.java:382)
        at org.eclipse.jetty.util.thread.QueuedThreadPool$Runner.idleJobPoll(QueuedThreadPool.java:875)
        at org.eclipse.jetty.util.thread.QueuedThreadPool$Runner.run(QueuedThreadPool.java:925)
        at java.lang.Thread.run(Thread.java:748)
"qtp1523093869-160" daemon prio=5 tid=160 timed_waiting
java.lang.Thread.State: TIMED_WAITING
        at sun.misc.Unsafe.park(Native Method)
        at java.util.concurrent.locks.LockSupport.parkNanos(LockSupport.java:215)
        at java.util.concurrent.locks.AbstractQueuedSynchronizer$ConditionObject.awaitNanos(AbstractQueuedSynchronizer.java:2078)
        at org.eclipse.jetty.util.BlockingArrayQueue.poll(BlockingArrayQueue.java:382)
        at org.eclipse.jetty.util.thread.QueuedThreadPool$Runner.idleJobPoll(QueuedThreadPool.java:875)
        at org.eclipse.jetty.util.thread.QueuedThreadPool$Runner.run(QueuedThreadPool.java:925)
        at java.lang.Thread.run(Thread.java:748)
"BlockDeletingService#2" daemon prio=5 tid=477 in Object.wait()
java.lang.Thread.State: WAITING (on object monitor)
        at sun.misc.Unsafe.park(Native Method)
        at java.util.concurrent.locks.LockSupport.park(LockSupport.java:175)
        at java.util.concurrent.locks.AbstractQueuedSynchronizer$ConditionObject.await(AbstractQueuedSynchronizer.java:2039)
        at java.util.concurrent.ScheduledThreadPoolExecutor$DelayedWorkQueue.take(ScheduledThreadPoolExecutor.java:1088)
        at java.util.concurrent.ScheduledThreadPoolExecutor$DelayedWorkQueue.take(ScheduledThreadPoolExecutor.java:809)
        at java.util.concurrent.ThreadPoolExecutor.getTask(ThreadPoolExecutor.java:1074)
        at java.util.concurrent.ThreadPoolExecutor.runWorker(ThreadPoolExecutor.java:1134)
        at java.util.concurrent.ThreadPoolExecutor$Worker.run(ThreadPoolExecutor.java:624)
        at java.lang.Thread.run(Thread.java:748)
"pool-8-thread-1"  prio=5 tid=28 timed_waiting
java.lang.Thread.State: TIMED_WAITING
        at sun.misc.Unsafe.park(Native Method)
        at java.util.concurrent.locks.LockSupport.parkNanos(LockSupport.java:215)
        at java.util.concurrent.locks.AbstractQueuedSynchronizer$ConditionObject.awaitNanos(AbstractQueuedSynchronizer.java:2078)
        at java.util.concurrent.ScheduledThreadPoolExecutor$DelayedWorkQueue.take(ScheduledThreadPoolExecutor.java:1093)
        at java.util.concurrent.ScheduledThreadPoolExecutor$DelayedWorkQueue.take(ScheduledThreadPoolExecutor.java:809)
        at java.util.concurrent.ThreadPoolExecutor.getTask(ThreadPoolExecutor.java:1074)
        at java.util.concurrent.ThreadPoolExecutor.runWorker(ThreadPoolExecutor.java:1134)
        at java.util.concurrent.ThreadPoolExecutor$Worker.run(ThreadPoolExecutor.java:624)
        at java.lang.Thread.run(Thread.java:748)
"IPC Server Responder" daemon prio=5 tid=23 runnable
java.lang.Thread.State: RUNNABLE
        at sun.nio.ch.EPollArrayWrapper.epollWait(Native Method)
        at sun.nio.ch.EPollArrayWrapper.poll(EPollArrayWrapper.java:269)
        at sun.nio.ch.EPollSelectorImpl.doSelect(EPollSelectorImpl.java:93)
        at sun.nio.ch.SelectorImpl.lockAndDoSelect(SelectorImpl.java:86)
        at sun.nio.ch.SelectorImpl.select(SelectorImpl.java:97)
        at org.apache.hadoop.ipc.Server$Responder.doRunLoop(Server.java:1480)
        at org.apache.hadoop.ipc.Server$Responder.run(Server.java:1463)
"IPC Server listener on 0" daemon prio=5 tid=24 runnable
java.lang.Thread.State: RUNNABLE
        at sun.nio.ch.EPollArrayWrapper.epollWait(Native Method)
        at sun.nio.ch.EPollArrayWrapper.poll(EPollArrayWrapper.java:269)
        at sun.nio.ch.EPollSelectorImpl.doSelect(EPollSelectorImpl.java:93)
        at sun.nio.ch.SelectorImpl.lockAndDoSelect(SelectorImpl.java:86)
        at sun.nio.ch.SelectorImpl.select(SelectorImpl.java:97)
        at sun.nio.ch.SelectorImpl.select(SelectorImpl.java:101)
        at org.apache.hadoop.ipc.Server$Listener.run(Server.java:1304)
"Datanode State Machine Thread - 0" daemon prio=5 tid=192 timed_waiting
java.lang.Thread.State: TIMED_WAITING
        at java.lang.Thread.sleep(Native Method)
        at org.apache.hadoop.ozone.container.common.statemachine.DatanodeStateMachine.start(DatanodeStateMachine.java:213)
        at org.apache.hadoop.ozone.container.common.statemachine.DatanodeStateMachine.lambda$startDaemon$0(DatanodeStateMachine.java:375)
        at org.apache.hadoop.ozone.container.common.statemachine.DatanodeStateMachine$$Lambda$170/603092020.run(Unknown Source)
        at java.lang.Thread.run(Thread.java:748)
"pool-28-thread-1" daemon prio=5 tid=155 timed_waiting
java.lang.Thread.State: TIMED_WAITING
        at sun.misc.Unsafe.park(Native Method)
        at java.util.concurrent.locks.LockSupport.parkNanos(LockSupport.java:215)
        at java.util.concurrent.locks.AbstractQueuedSynchronizer$ConditionObject.awaitNanos(AbstractQueuedSynchronizer.java:2078)
        at java.util.concurrent.ScheduledThreadPoolExecutor$DelayedWorkQueue.take(ScheduledThreadPoolExecutor.java:1093)
        at java.util.concurrent.ScheduledThreadPoolExecutor$DelayedWorkQueue.take(ScheduledThreadPoolExecutor.java:809)
        at java.util.concurrent.ThreadPoolExecutor.getTask(ThreadPoolExecutor.java:1074)
        at java.util.concurrent.ThreadPoolExecutor.runWorker(ThreadPoolExecutor.java:1134)
        at java.util.concurrent.ThreadPoolExecutor$Worker.run(ThreadPoolExecutor.java:624)
        at java.lang.Thread.run(Thread.java:748)
"ChunkWriter-1-0" daemon prio=5 tid=299 in Object.wait()
java.lang.Thread.State: WAITING (on object monitor)
        at sun.misc.Unsafe.park(Native Method)
        at java.util.concurrent.locks.LockSupport.park(LockSupport.java:175)
        at java.util.concurrent.locks.AbstractQueuedSynchronizer$ConditionObject.await(AbstractQueuedSynchronizer.java:2039)
        at java.util.concurrent.LinkedBlockingDeque.takeFirst(LinkedBlockingDeque.java:492)
        at java.util.concurrent.LinkedBlockingDeque.take(LinkedBlockingDeque.java:680)
        at java.util.concurrent.ThreadPoolExecutor.getTask(ThreadPoolExecutor.java:1074)
        at java.util.concurrent.ThreadPoolExecutor.runWorker(ThreadPoolExecutor.java:1134)
        at java.util.concurrent.ThreadPoolExecutor$Worker.run(ThreadPoolExecutor.java:624)
        at java.lang.Thread.run(Thread.java:748)
"org.apache.hadoop.util.JvmPauseMonitor$Monitor@4228f958" daemon prio=5 tid=270 timed_waiting
java.lang.Thread.State: TIMED_WAITING
        at java.lang.Thread.sleep(Native Method)
        at org.apache.hadoop.util.JvmPauseMonitor$Monitor.run(JvmPauseMonitor.java:192)
        at java.lang.Thread.run(Thread.java:748)
"46a0c3d8-0862-44f9-974b-4404c1ab61a7@group-44FD5F73072C-StateMachineUpdater" daemon prio=5 tid=329 in Object.wait()
java.lang.Thread.State: WAITING (on object monitor)
        at java.lang.Object.wait(Native Method)
        at java.lang.Object.wait(Object.java:502)
        at org.apache.ratis.server.impl.StateMachineUpdater.waitForCommit(StateMachineUpdater.java:200)
        at org.apache.ratis.server.impl.StateMachineUpdater.run(StateMachineUpdater.java:165)
        at java.lang.Thread.run(Thread.java:748)
"pool-104-thread-1"  prio=5 tid=263 timed_waiting
java.lang.Thread.State: TIMED_WAITING
        at sun.misc.Unsafe.park(Native Method)
        at java.util.concurrent.locks.LockSupport.parkNanos(LockSupport.java:215)
        at java.util.concurrent.locks.AbstractQueuedSynchronizer$ConditionObject.awaitNanos(AbstractQueuedSynchronizer.java:2078)
        at java.util.concurrent.ScheduledThreadPoolExecutor$DelayedWorkQueue.take(ScheduledThreadPoolExecutor.java:1093)
        at java.util.concurrent.ScheduledThreadPoolExecutor$DelayedWorkQueue.take(ScheduledThreadPoolExecutor.java:809)
        at java.util.concurrent.ThreadPoolExecutor.getTask(ThreadPoolExecutor.java:1074)
        at java.util.concurrent.ThreadPoolExecutor.runWorker(ThreadPoolExecutor.java:1134)
        at java.util.concurrent.ThreadPoolExecutor$Worker.run(ThreadPoolExecutor.java:624)
        at java.lang.Thread.run(Thread.java:748)
"Periodic HDDS volume checker" daemon prio=5 tid=170 timed_waiting
java.lang.Thread.State: TIMED_WAITING
        at sun.misc.Unsafe.park(Native Method)
        at java.util.concurrent.locks.LockSupport.parkNanos(LockSupport.java:215)
        at java.util.concurrent.locks.AbstractQueuedSynchronizer$ConditionObject.awaitNanos(AbstractQueuedSynchronizer.java:2078)
        at java.util.concurrent.ScheduledThreadPoolExecutor$DelayedWorkQueue.take(ScheduledThreadPoolExecutor.java:1093)
        at java.util.concurrent.ScheduledThreadPoolExecutor$DelayedWorkQueue.take(ScheduledThreadPoolExecutor.java:809)
        at java.util.concurrent.ThreadPoolExecutor.getTask(ThreadPoolExecutor.java:1074)
        at java.util.concurrent.ThreadPoolExecutor.runWorker(ThreadPoolExecutor.java:1134)
        at java.util.concurrent.ThreadPoolExecutor$Worker.run(ThreadPoolExecutor.java:624)
        at java.lang.Thread.run(Thread.java:748)
"qtp408132785-98" daemon prio=5 tid=98 timed_waiting
java.lang.Thread.State: TIMED_WAITING
        at sun.misc.Unsafe.park(Native Method)
        at java.util.concurrent.locks.LockSupport.parkNanos(LockSupport.java:215)
        at java.util.concurrent.locks.AbstractQueuedSynchronizer$ConditionObject.awaitNanos(AbstractQueuedSynchronizer.java:2078)
        at org.eclipse.jetty.util.BlockingArrayQueue.poll(BlockingArrayQueue.java:382)
        at org.eclipse.jetty.util.thread.QueuedThreadPool$Runner.idleJobPoll(QueuedThreadPool.java:875)
        at org.eclipse.jetty.util.thread.QueuedThreadPool$Runner.run(QueuedThreadPool.java:925)
        at java.lang.Thread.run(Thread.java:748)
"IPC Server handler 14 on default port 38891" daemon prio=5 tid=49 timed_waiting
java.lang.Thread.State: TIMED_WAITING
        at sun.misc.Unsafe.park(Native Method)
        at java.util.concurrent.locks.LockSupport.parkNanos(LockSupport.java:215)
        at java.util.concurrent.locks.AbstractQueuedSynchronizer$ConditionObject.awaitNanos(AbstractQueuedSynchronizer.java:2078)
        at java.util.concurrent.LinkedBlockingQueue.poll(LinkedBlockingQueue.java:467)
        at org.apache.hadoop.ipc.CallQueueManager.take(CallQueueManager.java:295)
        at org.apache.hadoop.ipc.Server$Handler.run(Server.java:2881)
"SCM Heartbeat Processing Thread - 0" daemon prio=5 tid=14 timed_waiting
java.lang.Thread.State: TIMED_WAITING
        at sun.misc.Unsafe.park(Native Method)
        at java.util.concurrent.locks.LockSupport.parkNanos(LockSupport.java:215)
        at java.util.concurrent.locks.AbstractQueuedSynchronizer$ConditionObject.awaitNanos(AbstractQueuedSynchronizer.java:2078)
        at java.util.concurrent.ScheduledThreadPoolExecutor$DelayedWorkQueue.take(ScheduledThreadPoolExecutor.java:1093)
        at java.util.concurrent.ScheduledThreadPoolExecutor$DelayedWorkQueue.take(ScheduledThreadPoolExecutor.java:809)
        at java.util.concurrent.ThreadPoolExecutor.getTask(ThreadPoolExecutor.java:1074)
        at java.util.concurrent.ThreadPoolExecutor.runWorker(ThreadPoolExecutor.java:1134)
        at java.util.concurrent.ThreadPoolExecutor$Worker.run(ThreadPoolExecutor.java:624)
        at java.lang.Thread.run(Thread.java:748)
"Datanode ReportManager Thread - 1" daemon prio=5 tid=246 in Object.wait()
java.lang.Thread.State: WAITING (on object monitor)
        at sun.misc.Unsafe.park(Native Method)
        at java.util.concurrent.locks.LockSupport.park(LockSupport.java:175)
        at java.util.concurrent.locks.AbstractQueuedSynchronizer$ConditionObject.await(AbstractQueuedSynchronizer.java:2039)
        at java.util.concurrent.ScheduledThreadPoolExecutor$DelayedWorkQueue.take(ScheduledThreadPoolExecutor.java:1088)
        at java.util.concurrent.ScheduledThreadPoolExecutor$DelayedWorkQueue.take(ScheduledThreadPoolExecutor.java:809)
        at java.util.concurrent.ThreadPoolExecutor.getTask(ThreadPoolExecutor.java:1074)
        at java.util.concurrent.ThreadPoolExecutor.runWorker(ThreadPoolExecutor.java:1134)
        at java.util.concurrent.ThreadPoolExecutor$Worker.run(ThreadPoolExecutor.java:624)
        at java.lang.Thread.run(Thread.java:748)
"PartialTableCache Cleanup Thread - 0" daemon prio=5 tid=406 in Object.wait()
java.lang.Thread.State: WAITING (on object monitor)
        at sun.misc.Unsafe.park(Native Method)
        at java.util.concurrent.locks.LockSupport.park(LockSupport.java:175)
        at java.util.concurrent.locks.AbstractQueuedSynchronizer$ConditionObject.await(AbstractQueuedSynchronizer.java:2039)
        at java.util.concurrent.LinkedBlockingQueue.take(LinkedBlockingQueue.java:442)
        at java.util.concurrent.ThreadPoolExecutor.getTask(ThreadPoolExecutor.java:1074)
        at java.util.concurrent.ThreadPoolExecutor.runWorker(ThreadPoolExecutor.java:1134)
        at java.util.concurrent.ThreadPoolExecutor$Worker.run(ThreadPoolExecutor.java:624)
        at java.lang.Thread.run(Thread.java:748)
"KeyDeletingService#0" daemon prio=5 tid=118 timed_waiting
java.lang.Thread.State: TIMED_WAITING
        at sun.misc.Unsafe.park(Native Method)
        at java.util.concurrent.locks.LockSupport.parkNanos(LockSupport.java:215)
        at java.util.concurrent.locks.AbstractQueuedSynchronizer$ConditionObject.awaitNanos(AbstractQueuedSynchronizer.java:2078)
        at java.util.concurrent.ScheduledThreadPoolExecutor$DelayedWorkQueue.take(ScheduledThreadPoolExecutor.java:1093)
        at java.util.concurrent.ScheduledThreadPoolExecutor$DelayedWorkQueue.take(ScheduledThreadPoolExecutor.java:809)
        at java.util.concurrent.ThreadPoolExecutor.getTask(ThreadPoolExecutor.java:1074)
        at java.util.concurrent.ThreadPoolExecutor.runWorker(ThreadPoolExecutor.java:1134)
        at java.util.concurrent.ThreadPoolExecutor$Worker.run(ThreadPoolExecutor.java:624)
        at java.lang.Thread.run(Thread.java:748)
"EventQueue-Delayed safe mode statusForSCMPipelineManager"  prio=5 tid=32 in Object.wait()
java.lang.Thread.State: WAITING (on object monitor)
        at sun.misc.Unsafe.park(Native Method)
        at java.util.concurrent.locks.LockSupport.park(LockSupport.java:175)
        at java.util.concurrent.locks.AbstractQueuedSynchronizer$ConditionObject.await(AbstractQueuedSynchronizer.java:2039)
        at java.util.concurrent.LinkedBlockingQueue.take(LinkedBlockingQueue.java:442)
        at java.util.concurrent.ThreadPoolExecutor.getTask(ThreadPoolExecutor.java:1074)
        at java.util.concurrent.ThreadPoolExecutor.runWorker(ThreadPoolExecutor.java:1134)
        at java.util.concurrent.ThreadPoolExecutor$Worker.run(ThreadPoolExecutor.java:624)
        at java.lang.Thread.run(Thread.java:748)
"org.apache.hadoop.util.JvmPauseMonitor$Monitor@764dc5d4" daemon prio=5 tid=178 timed_waiting
java.lang.Thread.State: TIMED_WAITING
        at java.lang.Thread.sleep(Native Method)
        at org.apache.hadoop.util.JvmPauseMonitor$Monitor.run(JvmPauseMonitor.java:192)
        at java.lang.Thread.run(Thread.java:748)
"qtp607690808-235" daemon prio=5 tid=235 timed_waiting
java.lang.Thread.State: TIMED_WAITING
        at sun.misc.Unsafe.park(Native Method)
        at java.util.concurrent.locks.LockSupport.parkNanos(LockSupport.java:215)
        at java.util.concurrent.locks.AbstractQueuedSynchronizer$ConditionObject.awaitNanos(AbstractQueuedSynchronizer.java:2078)
        at org.eclipse.jetty.util.BlockingArrayQueue.poll(BlockingArrayQueue.java:382)
        at org.eclipse.jetty.util.thread.QueuedThreadPool$Runner.idleJobPoll(QueuedThreadPool.java:875)
        at org.eclipse.jetty.util.thread.QueuedThreadPool$Runner.run(QueuedThreadPool.java:925)
        at java.lang.Thread.run(Thread.java:748)
"IPC Server handler 1 on default port 38891" daemon prio=5 tid=36 timed_waiting
java.lang.Thread.State: TIMED_WAITING
        at sun.misc.Unsafe.park(Native Method)
        at java.util.concurrent.locks.LockSupport.parkNanos(LockSupport.java:215)
        at java.util.concurrent.locks.AbstractQueuedSynchronizer$ConditionObject.awaitNanos(AbstractQueuedSynchronizer.java:2078)
        at java.util.concurrent.LinkedBlockingQueue.poll(LinkedBlockingQueue.java:467)
        at org.apache.hadoop.ipc.CallQueueManager.take(CallQueueManager.java:295)
        at org.apache.hadoop.ipc.Server$Handler.run(Server.java:2881)
"process reaper" daemon prio=10 tid=11 timed_waiting
java.lang.Thread.State: TIMED_WAITING
        at sun.misc.Unsafe.park(Native Method)
        at java.util.concurrent.locks.LockSupport.parkNanos(LockSupport.java:215)
        at java.util.concurrent.SynchronousQueue$TransferStack.awaitFulfill(SynchronousQueue.java:460)
        at java.util.concurrent.SynchronousQueue$TransferStack.transfer(SynchronousQueue.java:362)
        at java.util.concurrent.SynchronousQueue.poll(SynchronousQueue.java:941)
        at java.util.concurrent.ThreadPoolExecutor.getTask(ThreadPoolExecutor.java:1073)
        at java.util.concurrent.ThreadPoolExecutor.runWorker(ThreadPoolExecutor.java:1134)
        at java.util.concurrent.ThreadPoolExecutor$Worker.run(ThreadPoolExecutor.java:624)
        at java.lang.Thread.run(Thread.java:748)
"pool-107-thread-10"  prio=5 tid=395 in Object.wait()
java.lang.Thread.State: WAITING (on object monitor)
        at sun.misc.Unsafe.park(Native Method)
        at java.util.concurrent.locks.LockSupport.park(LockSupport.java:175)
        at java.util.concurrent.locks.AbstractQueuedSynchronizer$ConditionObject.await(AbstractQueuedSynchronizer.java:2039)
        at java.util.concurrent.LinkedBlockingQueue.take(LinkedBlockingQueue.java:442)
        at java.util.concurrent.ThreadPoolExecutor.getTask(ThreadPoolExecutor.java:1074)
        at java.util.concurrent.ThreadPoolExecutor.runWorker(ThreadPoolExecutor.java:1134)
        at java.util.concurrent.ThreadPoolExecutor$Worker.run(ThreadPoolExecutor.java:624)
        at java.lang.Thread.run(Thread.java:748)
"EventQueue-OpenPipelineForOneReplicaPipelineSafeModeRule" daemon prio=5 tid=313 in Object.wait()
java.lang.Thread.State: WAITING (on object monitor)
        at sun.misc.Unsafe.park(Native Method)
        at java.util.concurrent.locks.LockSupport.park(LockSupport.java:175)
        at java.util.concurrent.locks.AbstractQueuedSynchronizer$ConditionObject.await(AbstractQueuedSynchronizer.java:2039)
        at java.util.concurrent.LinkedBlockingQueue.take(LinkedBlockingQueue.java:442)
        at java.util.concurrent.ThreadPoolExecutor.getTask(ThreadPoolExecutor.java:1074)
        at java.util.concurrent.ThreadPoolExecutor.runWorker(ThreadPoolExecutor.java:1134)
        at java.util.concurrent.ThreadPoolExecutor$Worker.run(ThreadPoolExecutor.java:624)
        at java.lang.Thread.run(Thread.java:748)
"pool-25-thread-1"  prio=5 tid=150 timed_waiting
java.lang.Thread.State: TIMED_WAITING
        at sun.misc.Unsafe.park(Native Method)
        at java.util.concurrent.locks.LockSupport.parkNanos(LockSupport.java:215)
        at java.util.concurrent.locks.AbstractQueuedSynchronizer$ConditionObject.awaitNanos(AbstractQueuedSynchronizer.java:2078)
        at java.util.concurrent.ScheduledThreadPoolExecutor$DelayedWorkQueue.take(ScheduledThreadPoolExecutor.java:1093)
        at java.util.concurrent.ScheduledThreadPoolExecutor$DelayedWorkQueue.take(ScheduledThreadPoolExecutor.java:809)
        at java.util.concurrent.ThreadPoolExecutor.getTask(ThreadPoolExecutor.java:1074)
        at java.util.concurrent.ThreadPoolExecutor.runWorker(ThreadPoolExecutor.java:1134)
        at java.util.concurrent.ThreadPoolExecutor$Worker.run(ThreadPoolExecutor.java:624)
        at java.lang.Thread.run(Thread.java:748)
"pool-107-thread-9"  prio=5 tid=394 in Object.wait()
java.lang.Thread.State: WAITING (on object monitor)
        at sun.misc.Unsafe.park(Native Method)
        at java.util.concurrent.locks.LockSupport.park(LockSupport.java:175)
        at java.util.concurrent.locks.AbstractQueuedSynchronizer$ConditionObject.await(AbstractQueuedSynchronizer.java:2039)
        at java.util.concurrent.LinkedBlockingQueue.take(LinkedBlockingQueue.java:442)
        at java.util.concurrent.ThreadPoolExecutor.getTask(ThreadPoolExecutor.java:1074)
        at java.util.concurrent.ThreadPoolExecutor.runWorker(ThreadPoolExecutor.java:1134)
        at java.util.concurrent.ThreadPoolExecutor$Worker.run(ThreadPoolExecutor.java:624)
        at java.lang.Thread.run(Thread.java:748)
"qtp1004931143-184" daemon prio=5 tid=184 timed_waiting
java.lang.Thread.State: TIMED_WAITING
        at sun.misc.Unsafe.park(Native Method)
        at java.util.concurrent.locks.LockSupport.parkNanos(LockSupport.java:215)
        at java.util.concurrent.locks.AbstractQueuedSynchronizer$ConditionObject.awaitNanos(AbstractQueuedSynchronizer.java:2078)
        at org.eclipse.jetty.util.BlockingArrayQueue.poll(BlockingArrayQueue.java:382)
        at org.eclipse.jetty.util.thread.QueuedThreadPool$Runner.idleJobPoll(QueuedThreadPool.java:875)
        at org.eclipse.jetty.util.thread.QueuedThreadPool$Runner.run(QueuedThreadPool.java:925)
        at java.lang.Thread.run(Thread.java:748)
"IPC Server handler 9 on default port 36429" daemon prio=5 tid=64 timed_waiting
java.lang.Thread.State: TIMED_WAITING
        at sun.misc.Unsafe.park(Native Method)
        at java.util.concurrent.locks.LockSupport.parkNanos(LockSupport.java:215)
        at java.util.concurrent.locks.AbstractQueuedSynchronizer$ConditionObject.awaitNanos(AbstractQueuedSynchronizer.java:2078)
        at java.util.concurrent.LinkedBlockingQueue.poll(LinkedBlockingQueue.java:467)
        at org.apache.hadoop.ipc.CallQueueManager.take(CallQueueManager.java:295)
        at org.apache.hadoop.ipc.Server$Handler.run(Server.java:2881)
"f3af17fa-cec2-46bb-a406-aecb763dcc03@group-52231F824989-SegmentedRaftLogWorker"  prio=5 tid=344 timed_waiting
java.lang.Thread.State: TIMED_WAITING
        at sun.misc.Unsafe.park(Native Method)
        at java.util.concurrent.locks.LockSupport.parkNanos(LockSupport.java:215)
        at java.util.concurrent.locks.AbstractQueuedSynchronizer$ConditionObject.awaitNanos(AbstractQueuedSynchronizer.java:2078)
        at org.apache.ratis.util.DataBlockingQueue.poll(DataBlockingQueue.java:137)
        at org.apache.ratis.server.raftlog.segmented.SegmentedRaftLogWorker.run(SegmentedRaftLogWorker.java:287)
        at java.lang.Thread.run(Thread.java:748)
"EventQueue-NodeRegistrationContainerReportForContainerSafeModeRule" daemon prio=5 tid=306 in Object.wait()
java.lang.Thread.State: WAITING (on object monitor)
        at sun.misc.Unsafe.park(Native Method)
        at java.util.concurrent.locks.LockSupport.park(LockSupport.java:175)
        at java.util.concurrent.locks.AbstractQueuedSynchronizer$ConditionObject.await(AbstractQueuedSynchronizer.java:2039)
        at java.util.concurrent.LinkedBlockingQueue.take(LinkedBlockingQueue.java:442)
        at java.util.concurrent.ThreadPoolExecutor.getTask(ThreadPoolExecutor.java:1074)
        at java.util.concurrent.ThreadPoolExecutor.runWorker(ThreadPoolExecutor.java:1134)
        at java.util.concurrent.ThreadPoolExecutor$Worker.run(ThreadPoolExecutor.java:624)
        at java.lang.Thread.run(Thread.java:748)
"grpc-default-executor-5" daemon prio=5 tid=684 timed_waiting
java.lang.Thread.State: TIMED_WAITING
        at sun.misc.Unsafe.park(Native Method)
        at java.util.concurrent.locks.LockSupport.parkNanos(LockSupport.java:215)
        at java.util.concurrent.SynchronousQueue$TransferStack.awaitFulfill(SynchronousQueue.java:460)
        at java.util.concurrent.SynchronousQueue$TransferStack.transfer(SynchronousQueue.java:362)
        at java.util.concurrent.SynchronousQueue.poll(SynchronousQueue.java:941)
        at java.util.concurrent.ThreadPoolExecutor.getTask(ThreadPoolExecutor.java:1073)
        at java.util.concurrent.ThreadPoolExecutor.runWorker(ThreadPoolExecutor.java:1134)
        at java.util.concurrent.ThreadPoolExecutor$Worker.run(ThreadPoolExecutor.java:624)
        at java.lang.Thread.run(Thread.java:748)
"org.apache.ratis.server.impl.LogAppender$AppenderDaemon$$Lambda$454/438744550@52195b54" daemon prio=5 tid=370 timed_waiting
java.lang.Thread.State: TIMED_WAITING
        at java.lang.Object.wait(Native Method)
        at org.apache.ratis.grpc.server.GrpcLogAppender.mayWait(GrpcLogAppender.java:151)
        at org.apache.ratis.grpc.server.GrpcLogAppender.runAppenderImpl(GrpcLogAppender.java:105)
        at org.apache.ratis.server.impl.LogAppender$AppenderDaemon.run(LogAppender.java:77)
        at org.apache.ratis.server.impl.LogAppender$AppenderDaemon$$Lambda$454/438744550.run(Unknown Source)
        at java.lang.Thread.run(Thread.java:748)
"qtp1004931143-186" daemon prio=5 tid=186 timed_waiting
java.lang.Thread.State: TIMED_WAITING
        at sun.misc.Unsafe.park(Native Method)
        at java.util.concurrent.locks.LockSupport.parkNanos(LockSupport.java:215)
        at java.util.concurrent.locks.AbstractQueuedSynchronizer$ConditionObject.awaitNanos(AbstractQueuedSynchronizer.java:2078)
        at org.eclipse.jetty.util.BlockingArrayQueue.poll(BlockingArrayQueue.java:382)
        at org.eclipse.jetty.util.thread.QueuedThreadPool$Runner.idleJobPoll(QueuedThreadPool.java:875)
        at org.eclipse.jetty.util.thread.QueuedThreadPool$Runner.run(QueuedThreadPool.java:925)
        at java.lang.Thread.run(Thread.java:748)
"BlockDeletingService#1" daemon prio=5 tid=285 in Object.wait()
java.lang.Thread.State: WAITING (on object monitor)
        at sun.misc.Unsafe.park(Native Method)
        at java.util.concurrent.locks.LockSupport.park(LockSupport.java:175)
        at java.util.concurrent.locks.AbstractQueuedSynchronizer$ConditionObject.await(AbstractQueuedSynchronizer.java:2039)
        at java.util.concurrent.ScheduledThreadPoolExecutor$DelayedWorkQueue.take(ScheduledThreadPoolExecutor.java:1088)
        at java.util.concurrent.ScheduledThreadPoolExecutor$DelayedWorkQueue.take(ScheduledThreadPoolExecutor.java:809)
        at java.util.concurrent.ThreadPoolExecutor.getTask(ThreadPoolExecutor.java:1074)
        at java.util.concurrent.ThreadPoolExecutor.runWorker(ThreadPoolExecutor.java:1134)
        at java.util.concurrent.ThreadPoolExecutor$Worker.run(ThreadPoolExecutor.java:624)
        at java.lang.Thread.run(Thread.java:748)
"Periodic HDDS volume checker" daemon prio=5 tid=201 timed_waiting
java.lang.Thread.State: TIMED_WAITING
        at sun.misc.Unsafe.park(Native Method)
        at java.util.concurrent.locks.LockSupport.parkNanos(LockSupport.java:215)
        at java.util.concurrent.locks.AbstractQueuedSynchronizer$ConditionObject.awaitNanos(AbstractQueuedSynchronizer.java:2078)
        at java.util.concurrent.ScheduledThreadPoolExecutor$DelayedWorkQueue.take(ScheduledThreadPoolExecutor.java:1093)
        at java.util.concurrent.ScheduledThreadPoolExecutor$DelayedWorkQueue.take(ScheduledThreadPoolExecutor.java:809)
        at java.util.concurrent.ThreadPoolExecutor.getTask(ThreadPoolExecutor.java:1074)
        at java.util.concurrent.ThreadPoolExecutor.runWorker(ThreadPoolExecutor.java:1134)
        at java.util.concurrent.ThreadPoolExecutor$Worker.run(ThreadPoolExecutor.java:624)
        at java.lang.Thread.run(Thread.java:748)
"IPC Server handler 16 on default port 36429" daemon prio=5 tid=71 timed_waiting
java.lang.Thread.State: TIMED_WAITING
        at sun.misc.Unsafe.park(Native Method)
        at java.util.concurrent.locks.LockSupport.parkNanos(LockSupport.java:215)
        at java.util.concurrent.locks.AbstractQueuedSynchronizer$ConditionObject.awaitNanos(AbstractQueuedSynchronizer.java:2078)
        at java.util.concurrent.LinkedBlockingQueue.poll(LinkedBlockingQueue.java:467)
        at org.apache.hadoop.ipc.CallQueueManager.take(CallQueueManager.java:295)
        at org.apache.hadoop.ipc.Server$Handler.run(Server.java:2881)
"EventQueue-IncrementalContainerReportForIncrementalContainerReportHandler" daemon prio=5 tid=411 in Object.wait()
java.lang.Thread.State: WAITING (on object monitor)
        at sun.misc.Unsafe.park(Native Method)
        at java.util.concurrent.locks.LockSupport.park(LockSupport.java:175)
        at java.util.concurrent.locks.AbstractQueuedSynchronizer$ConditionObject.await(AbstractQueuedSynchronizer.java:2039)
        at java.util.concurrent.LinkedBlockingQueue.take(LinkedBlockingQueue.java:442)
        at java.util.concurrent.ThreadPoolExecutor.getTask(ThreadPoolExecutor.java:1074)
        at java.util.concurrent.ThreadPoolExecutor.runWorker(ThreadPoolExecutor.java:1134)
        at java.util.concurrent.ThreadPoolExecutor$Worker.run(ThreadPoolExecutor.java:624)
        at java.lang.Thread.run(Thread.java:748)
"Session-HouseKeeper-5c059a68-1"  prio=5 tid=103 timed_waiting
java.lang.Thread.State: TIMED_WAITING
        at sun.misc.Unsafe.park(Native Method)
        at java.util.concurrent.locks.LockSupport.parkNanos(LockSupport.java:215)
        at java.util.concurrent.locks.AbstractQueuedSynchronizer$ConditionObject.awaitNanos(AbstractQueuedSynchronizer.java:2078)
        at java.util.concurrent.ScheduledThreadPoolExecutor$DelayedWorkQueue.take(ScheduledThreadPoolExecutor.java:1093)
        at java.util.concurrent.ScheduledThreadPoolExecutor$DelayedWorkQueue.take(ScheduledThreadPoolExecutor.java:809)
        at java.util.concurrent.ThreadPoolExecutor.getTask(ThreadPoolExecutor.java:1074)
        at java.util.concurrent.ThreadPoolExecutor.runWorker(ThreadPoolExecutor.java:1134)
        at java.util.concurrent.ThreadPoolExecutor$Worker.run(ThreadPoolExecutor.java:624)
        at java.lang.Thread.run(Thread.java:748)
"pool-83-thread-1"  prio=5 tid=332 in Object.wait()
java.lang.Thread.State: WAITING (on object monitor)
        at sun.misc.Unsafe.park(Native Method)
        at java.util.concurrent.locks.LockSupport.park(LockSupport.java:175)
        at java.util.concurrent.locks.AbstractQueuedSynchronizer$ConditionObject.await(AbstractQueuedSynchronizer.java:2039)
        at java.util.concurrent.LinkedBlockingQueue.take(LinkedBlockingQueue.java:442)
        at java.util.concurrent.ThreadPoolExecutor.getTask(ThreadPoolExecutor.java:1074)
        at java.util.concurrent.ThreadPoolExecutor.runWorker(ThreadPoolExecutor.java:1134)
        at java.util.concurrent.ThreadPoolExecutor$Worker.run(ThreadPoolExecutor.java:624)
        at java.lang.Thread.run(Thread.java:748)
"ChunkWriter-2-0" daemon prio=5 tid=275 in Object.wait()
java.lang.Thread.State: WAITING (on object monitor)
        at sun.misc.Unsafe.park(Native Method)
        at java.util.concurrent.locks.LockSupport.park(LockSupport.java:175)
        at java.util.concurrent.locks.AbstractQueuedSynchronizer$ConditionObject.await(AbstractQueuedSynchronizer.java:2039)
        at java.util.concurrent.LinkedBlockingDeque.takeFirst(LinkedBlockingDeque.java:492)
        at java.util.concurrent.LinkedBlockingDeque.take(LinkedBlockingDeque.java:680)
        at java.util.concurrent.ThreadPoolExecutor.getTask(ThreadPoolExecutor.java:1074)
        at java.util.concurrent.ThreadPoolExecutor.runWorker(ThreadPoolExecutor.java:1134)
        at java.util.concurrent.ThreadPoolExecutor$Worker.run(ThreadPoolExecutor.java:624)
        at java.lang.Thread.run(Thread.java:748)
"org.apache.hadoop.util.JvmPauseMonitor$Monitor@6c2f8ecb" daemon prio=5 tid=151 timed_waiting
java.lang.Thread.State: TIMED_WAITING
        at java.lang.Thread.sleep(Native Method)
        at org.apache.hadoop.util.JvmPauseMonitor$Monitor.run(JvmPauseMonitor.java:192)
        at java.lang.Thread.run(Thread.java:748)
"IPC Server handler 3 on default port 41279" daemon prio=5 tid=78 timed_waiting
java.lang.Thread.State: TIMED_WAITING
        at sun.misc.Unsafe.park(Native Method)
        at java.util.concurrent.locks.LockSupport.parkNanos(LockSupport.java:215)
        at java.util.concurrent.locks.AbstractQueuedSynchronizer$ConditionObject.awaitNanos(AbstractQueuedSynchronizer.java:2078)
        at java.util.concurrent.LinkedBlockingQueue.poll(LinkedBlockingQueue.java:467)
        at org.apache.hadoop.ipc.CallQueueManager.take(CallQueueManager.java:295)
        at org.apache.hadoop.ipc.Server$Handler.run(Server.java:2881)
"IPC Server handler 2 on default port 38891" daemon prio=5 tid=37 timed_waiting
java.lang.Thread.State: TIMED_WAITING
        at sun.misc.Unsafe.park(Native Method)
        at java.util.concurrent.locks.LockSupport.parkNanos(LockSupport.java:215)
        at java.util.concurrent.locks.AbstractQueuedSynchronizer$ConditionObject.awaitNanos(AbstractQueuedSynchronizer.java:2078)
        at java.util.concurrent.LinkedBlockingQueue.poll(LinkedBlockingQueue.java:467)
        at org.apache.hadoop.ipc.CallQueueManager.take(CallQueueManager.java:295)
        at org.apache.hadoop.ipc.Server$Handler.run(Server.java:2881)
"java.util.concurrent.ThreadPoolExecutor$Worker@5a55c412[State = -1, empty queue]" daemon prio=5 tid=784 timed_waiting
java.lang.Thread.State: TIMED_WAITING
        at sun.misc.Unsafe.park(Native Method)
        at java.util.concurrent.locks.LockSupport.parkNanos(LockSupport.java:215)
        at java.util.concurrent.locks.AbstractQueuedSynchronizer$ConditionObject.awaitNanos(AbstractQueuedSynchronizer.java:2078)
        at java.util.concurrent.ScheduledThreadPoolExecutor$DelayedWorkQueue.take(ScheduledThreadPoolExecutor.java:1093)
        at java.util.concurrent.ScheduledThreadPoolExecutor$DelayedWorkQueue.take(ScheduledThreadPoolExecutor.java:809)
        at java.util.concurrent.ThreadPoolExecutor.getTask(ThreadPoolExecutor.java:1074)
        at java.util.concurrent.ThreadPoolExecutor.runWorker(ThreadPoolExecutor.java:1134)
        at java.util.concurrent.ThreadPoolExecutor$Worker.run(ThreadPoolExecutor.java:624)
        at java.lang.Thread.run(Thread.java:748)
"BlockDeletingService#1" daemon prio=5 tid=284 in Object.wait()
java.lang.Thread.State: WAITING (on object monitor)
        at sun.misc.Unsafe.park(Native Method)
        at java.util.concurrent.locks.LockSupport.park(LockSupport.java:175)
        at java.util.concurrent.locks.AbstractQueuedSynchronizer$ConditionObject.await(AbstractQueuedSynchronizer.java:2039)
        at java.util.concurrent.ScheduledThreadPoolExecutor$DelayedWorkQueue.take(ScheduledThreadPoolExecutor.java:1088)
        at java.util.concurrent.ScheduledThreadPoolExecutor$DelayedWorkQueue.take(ScheduledThreadPoolExecutor.java:809)
        at java.util.concurrent.ThreadPoolExecutor.getTask(ThreadPoolExecutor.java:1074)
        at java.util.concurrent.ThreadPoolExecutor.runWorker(ThreadPoolExecutor.java:1134)
        at java.util.concurrent.ThreadPoolExecutor$Worker.run(ThreadPoolExecutor.java:624)
        at java.lang.Thread.run(Thread.java:748)
"Thread-244" daemon prio=5 tid=373 timed_waiting
java.lang.Thread.State: TIMED_WAITING
        at sun.misc.Unsafe.park(Native Method)
        at java.util.concurrent.locks.LockSupport.parkNanos(LockSupport.java:215)
        at java.util.concurrent.locks.AbstractQueuedSynchronizer$ConditionObject.awaitNanos(AbstractQueuedSynchronizer.java:2078)
        at java.util.concurrent.ArrayBlockingQueue.poll(ArrayBlockingQueue.java:418)
        at org.apache.ratis.server.impl.LeaderState$EventQueue.poll(LeaderState.java:121)
        at org.apache.ratis.server.impl.LeaderState$EventProcessor.run(LeaderState.java:496)
"a0aacd28-4468-409f-aa57-a8c1d52d114c@group-097DD4A676AA-StateMachineUpdater" daemon prio=5 tid=323 in Object.wait()
java.lang.Thread.State: WAITING (on object monitor)
        at java.lang.Object.wait(Native Method)
        at java.lang.Object.wait(Object.java:502)
        at org.apache.ratis.server.impl.StateMachineUpdater.waitForCommit(StateMachineUpdater.java:200)
        at org.apache.ratis.server.impl.StateMachineUpdater.run(StateMachineUpdater.java:165)
        at java.lang.Thread.run(Thread.java:748)
"IPC Server handler 10 on default port 41279" daemon prio=5 tid=85 timed_waiting
java.lang.Thread.State: TIMED_WAITING
        at sun.misc.Unsafe.park(Native Method)
        at java.util.concurrent.locks.LockSupport.parkNanos(LockSupport.java:215)
        at java.util.concurrent.locks.AbstractQueuedSynchronizer$ConditionObject.awaitNanos(AbstractQueuedSynchronizer.java:2078)
        at java.util.concurrent.LinkedBlockingQueue.poll(LinkedBlockingQueue.java:467)
        at org.apache.hadoop.ipc.CallQueueManager.take(CallQueueManager.java:295)
        at org.apache.hadoop.ipc.Server$Handler.run(Server.java:2881)
"KeyDeletingService#1" daemon prio=5 tid=139 in Object.wait()
java.lang.Thread.State: WAITING (on object monitor)
        at sun.misc.Unsafe.park(Native Method)
        at java.util.concurrent.locks.LockSupport.park(LockSupport.java:175)
        at java.util.concurrent.locks.AbstractQueuedSynchronizer$ConditionObject.await(AbstractQueuedSynchronizer.java:2039)
        at java.util.concurrent.ScheduledThreadPoolExecutor$DelayedWorkQueue.take(ScheduledThreadPoolExecutor.java:1088)
        at java.util.concurrent.ScheduledThreadPoolExecutor$DelayedWorkQueue.take(ScheduledThreadPoolExecutor.java:809)
        at java.util.concurrent.ThreadPoolExecutor.getTask(ThreadPoolExecutor.java:1074)
        at java.util.concurrent.ThreadPoolExecutor.runWorker(ThreadPoolExecutor.java:1134)
        at java.util.concurrent.ThreadPoolExecutor$Worker.run(ThreadPoolExecutor.java:624)
        at java.lang.Thread.run(Thread.java:748)
"qtp437671997-256" daemon prio=5 tid=256 timed_waiting
java.lang.Thread.State: TIMED_WAITING
        at sun.misc.Unsafe.park(Native Method)
        at java.util.concurrent.locks.LockSupport.parkNanos(LockSupport.java:215)
        at java.util.concurrent.locks.AbstractQueuedSynchronizer$ConditionObject.awaitNanos(AbstractQueuedSynchronizer.java:2078)
        at org.eclipse.jetty.util.BlockingArrayQueue.poll(BlockingArrayQueue.java:382)
        at org.eclipse.jetty.util.thread.QueuedThreadPool$Runner.idleJobPoll(QueuedThreadPool.java:875)
        at org.eclipse.jetty.util.thread.QueuedThreadPool$Runner.run(QueuedThreadPool.java:925)
        at java.lang.Thread.run(Thread.java:748)
"IPC Server handler 3 on default port 41627" daemon prio=5 tid=122 timed_waiting
java.lang.Thread.State: TIMED_WAITING
        at sun.misc.Unsafe.park(Native Method)
        at java.util.concurrent.locks.LockSupport.parkNanos(LockSupport.java:215)
        at java.util.concurrent.locks.AbstractQueuedSynchronizer$ConditionObject.awaitNanos(AbstractQueuedSynchronizer.java:2078)
        at java.util.concurrent.LinkedBlockingQueue.poll(LinkedBlockingQueue.java:467)
        at org.apache.hadoop.ipc.CallQueueManager.take(CallQueueManager.java:295)
        at org.apache.hadoop.ipc.Server$Handler.run(Server.java:2881)
"EventQueue-CloseContainerForCloseContainerEventHandler" daemon prio=5 tid=421 in Object.wait()
java.lang.Thread.State: WAITING (on object monitor)
        at sun.misc.Unsafe.park(Native Method)
        at java.util.concurrent.locks.LockSupport.park(LockSupport.java:175)
        at java.util.concurrent.locks.AbstractQueuedSynchronizer$ConditionObject.await(AbstractQueuedSynchronizer.java:2039)
        at java.util.concurrent.LinkedBlockingQueue.take(LinkedBlockingQueue.java:442)
        at java.util.concurrent.ThreadPoolExecutor.getTask(ThreadPoolExecutor.java:1074)
        at java.util.concurrent.ThreadPoolExecutor.runWorker(ThreadPoolExecutor.java:1134)
        at java.util.concurrent.ThreadPoolExecutor$Worker.run(ThreadPoolExecutor.java:624)
        at java.lang.Thread.run(Thread.java:748)
"IPC Server handler 11 on default port 41279" daemon prio=5 tid=86 timed_waiting
java.lang.Thread.State: TIMED_WAITING
        at sun.misc.Unsafe.park(Native Method)
        at java.util.concurrent.locks.LockSupport.parkNanos(LockSupport.java:215)
        at java.util.concurrent.locks.AbstractQueuedSynchronizer$ConditionObject.awaitNanos(AbstractQueuedSynchronizer.java:2078)
        at java.util.concurrent.LinkedBlockingQueue.poll(LinkedBlockingQueue.java:467)
        at org.apache.hadoop.ipc.CallQueueManager.take(CallQueueManager.java:295)
        at org.apache.hadoop.ipc.Server$Handler.run(Server.java:2881)
"BlockDeletingService#0" daemon prio=5 tid=282 in Object.wait()
java.lang.Thread.State: WAITING (on object monitor)
        at sun.misc.Unsafe.park(Native Method)
        at java.util.concurrent.locks.LockSupport.park(LockSupport.java:175)
        at java.util.concurrent.locks.AbstractQueuedSynchronizer$ConditionObject.await(AbstractQueuedSynchronizer.java:2039)
        at java.util.concurrent.ScheduledThreadPoolExecutor$DelayedWorkQueue.take(ScheduledThreadPoolExecutor.java:1088)
        at java.util.concurrent.ScheduledThreadPoolExecutor$DelayedWorkQueue.take(ScheduledThreadPoolExecutor.java:809)
        at java.util.concurrent.ThreadPoolExecutor.getTask(ThreadPoolExecutor.java:1074)
        at java.util.concurrent.ThreadPoolExecutor.runWorker(ThreadPoolExecutor.java:1134)
        at java.util.concurrent.ThreadPoolExecutor$Worker.run(ThreadPoolExecutor.java:624)
        at java.lang.Thread.run(Thread.java:748)
"Datanode ReportManager Thread - 3" daemon prio=5 tid=248 in Object.wait()
java.lang.Thread.State: WAITING (on object monitor)
        at sun.misc.Unsafe.park(Native Method)
        at java.util.concurrent.locks.LockSupport.park(LockSupport.java:175)
        at java.util.concurrent.locks.AbstractQueuedSynchronizer$ConditionObject.await(AbstractQueuedSynchronizer.java:2039)
        at java.util.concurrent.ScheduledThreadPoolExecutor$DelayedWorkQueue.take(ScheduledThreadPoolExecutor.java:1088)
        at java.util.concurrent.ScheduledThreadPoolExecutor$DelayedWorkQueue.take(ScheduledThreadPoolExecutor.java:809)
        at java.util.concurrent.ThreadPoolExecutor.getTask(ThreadPoolExecutor.java:1074)
        at java.util.concurrent.ThreadPoolExecutor.runWorker(ThreadPoolExecutor.java:1134)
        at java.util.concurrent.ThreadPoolExecutor$Worker.run(ThreadPoolExecutor.java:624)
        at java.lang.Thread.run(Thread.java:748)
"IPC Server handler 6 on default port 36429" daemon prio=5 tid=61 timed_waiting
java.lang.Thread.State: TIMED_WAITING
        at sun.misc.Unsafe.park(Native Method)
        at java.util.concurrent.locks.LockSupport.parkNanos(LockSupport.java:215)
        at java.util.concurrent.locks.AbstractQueuedSynchronizer$ConditionObject.awaitNanos(AbstractQueuedSynchronizer.java:2078)
        at java.util.concurrent.LinkedBlockingQueue.poll(LinkedBlockingQueue.java:467)
        at org.apache.hadoop.ipc.CallQueueManager.take(CallQueueManager.java:295)
        at org.apache.hadoop.ipc.Server$Handler.run(Server.java:2881)
"IPC Server handler 9 on default port 41627" daemon prio=5 tid=128 timed_waiting
java.lang.Thread.State: TIMED_WAITING
        at sun.misc.Unsafe.park(Native Method)
        at java.util.concurrent.locks.LockSupport.parkNanos(LockSupport.java:215)
        at java.util.concurrent.locks.AbstractQueuedSynchronizer$ConditionObject.awaitNanos(AbstractQueuedSynchronizer.java:2078)
        at java.util.concurrent.LinkedBlockingQueue.poll(LinkedBlockingQueue.java:467)
        at org.apache.hadoop.ipc.CallQueueManager.take(CallQueueManager.java:295)
        at org.apache.hadoop.ipc.Server$Handler.run(Server.java:2881)
"IPC Server handler 4 on default port 41279" daemon prio=5 tid=79 timed_waiting
java.lang.Thread.State: TIMED_WAITING
        at sun.misc.Unsafe.park(Native Method)
        at java.util.concurrent.locks.LockSupport.parkNanos(LockSupport.java:215)
        at java.util.concurrent.locks.AbstractQueuedSynchronizer$ConditionObject.awaitNanos(AbstractQueuedSynchronizer.java:2078)
        at java.util.concurrent.LinkedBlockingQueue.poll(LinkedBlockingQueue.java:467)
        at org.apache.hadoop.ipc.CallQueueManager.take(CallQueueManager.java:295)
        at org.apache.hadoop.ipc.Server$Handler.run(Server.java:2881)
"qtp607690808-230" daemon prio=5 tid=230 runnable
java.lang.Thread.State: RUNNABLE
        at sun.nio.ch.EPollArrayWrapper.epollWait(Native Method)
        at sun.nio.ch.EPollArrayWrapper.poll(EPollArrayWrapper.java:269)
        at sun.nio.ch.EPollSelectorImpl.doSelect(EPollSelectorImpl.java:93)
        at sun.nio.ch.SelectorImpl.lockAndDoSelect(SelectorImpl.java:86)
        at sun.nio.ch.SelectorImpl.select(SelectorImpl.java:97)
        at sun.nio.ch.SelectorImpl.select(SelectorImpl.java:101)
        at org.eclipse.jetty.io.ManagedSelector$SelectorProducer.select(ManagedSelector.java:472)
        at org.eclipse.jetty.io.ManagedSelector$SelectorProducer.produce(ManagedSelector.java:409)
        at org.eclipse.jetty.util.thread.strategy.EatWhatYouKill.produceTask(EatWhatYouKill.java:360)
        at org.eclipse.jetty.util.thread.strategy.EatWhatYouKill.doProduce(EatWhatYouKill.java:184)
        at org.eclipse.jetty.util.thread.strategy.EatWhatYouKill.tryProduce(EatWhatYouKill.java:171)
        at org.eclipse.jetty.util.thread.strategy.EatWhatYouKill.produce(EatWhatYouKill.java:135)
        at org.eclipse.jetty.io.ManagedSelector$$Lambda$72/490475818.run(Unknown Source)
        at org.eclipse.jetty.util.thread.QueuedThreadPool.runJob(QueuedThreadPool.java:806)
        at org.eclipse.jetty.util.thread.QueuedThreadPool$Runner.run(QueuedThreadPool.java:938)
        at java.lang.Thread.run(Thread.java:748)
"grpc-nio-boss-ELG-1-1" daemon prio=5 tid=281 runnable
java.lang.Thread.State: RUNNABLE
        at sun.nio.ch.EPollArrayWrapper.epollWait(Native Method)
        at sun.nio.ch.EPollArrayWrapper.poll(EPollArrayWrapper.java:269)
        at sun.nio.ch.EPollSelectorImpl.doSelect(EPollSelectorImpl.java:93)
        at sun.nio.ch.SelectorImpl.lockAndDoSelect(SelectorImpl.java:86)
        at sun.nio.ch.SelectorImpl.select(SelectorImpl.java:97)
        at sun.nio.ch.SelectorImpl.select(SelectorImpl.java:101)
        at org.apache.ratis.thirdparty.io.netty.channel.nio.SelectedSelectionKeySetSelector.select(SelectedSelectionKeySetSelector.java:68)
        at org.apache.ratis.thirdparty.io.netty.channel.nio.NioEventLoop.select(NioEventLoop.java:803)
        at org.apache.ratis.thirdparty.io.netty.channel.nio.NioEventLoop.run(NioEventLoop.java:457)
        at org.apache.ratis.thirdparty.io.netty.util.concurrent.SingleThreadEventExecutor$4.run(SingleThreadEventExecutor.java:989)
        at org.apache.ratis.thirdparty.io.netty.util.internal.ThreadExecutorMap$2.run(ThreadExecutorMap.java:74)
        at org.apache.ratis.thirdparty.io.netty.util.concurrent.FastThreadLocalRunnable.run(FastThreadLocalRunnable.java:30)
        at java.lang.Thread.run(Thread.java:748)
"grpc-nio-worker-ELG-3-1" daemon prio=5 tid=339 runnable
java.lang.Thread.State: RUNNABLE
        at sun.nio.ch.EPollArrayWrapper.epollWait(Native Method)
        at sun.nio.ch.EPollArrayWrapper.poll(EPollArrayWrapper.java:269)
        at sun.nio.ch.EPollSelectorImpl.doSelect(EPollSelectorImpl.java:93)
        at sun.nio.ch.SelectorImpl.lockAndDoSelect(SelectorImpl.java:86)
        at sun.nio.ch.SelectorImpl.select(SelectorImpl.java:97)
        at org.apache.ratis.thirdparty.io.netty.channel.nio.SelectedSelectionKeySetSelector.select(SelectedSelectionKeySetSelector.java:62)
        at org.apache.ratis.thirdparty.io.netty.channel.nio.NioEventLoop.select(NioEventLoop.java:807)
        at org.apache.ratis.thirdparty.io.netty.channel.nio.NioEventLoop.run(NioEventLoop.java:457)
        at org.apache.ratis.thirdparty.io.netty.util.concurrent.SingleThreadEventExecutor$4.run(SingleThreadEventExecutor.java:989)
        at org.apache.ratis.thirdparty.io.netty.util.internal.ThreadExecutorMap$2.run(ThreadExecutorMap.java:74)
        at org.apache.ratis.thirdparty.io.netty.util.concurrent.FastThreadLocalRunnable.run(FastThreadLocalRunnable.java:30)
        at java.lang.Thread.run(Thread.java:748)
"qtp1004931143-182" daemon prio=5 tid=182 runnable
java.lang.Thread.State: RUNNABLE
        at sun.nio.ch.EPollArrayWrapper.epollWait(Native Method)
        at sun.nio.ch.EPollArrayWrapper.poll(EPollArrayWrapper.java:269)
        at sun.nio.ch.EPollSelectorImpl.doSelect(EPollSelectorImpl.java:93)
        at sun.nio.ch.SelectorImpl.lockAndDoSelect(SelectorImpl.java:86)
        at sun.nio.ch.SelectorImpl.select(SelectorImpl.java:97)
        at sun.nio.ch.SelectorImpl.select(SelectorImpl.java:101)
        at org.eclipse.jetty.io.ManagedSelector$SelectorProducer.select(ManagedSelector.java:472)
        at org.eclipse.jetty.io.ManagedSelector$SelectorProducer.produce(ManagedSelector.java:409)
        at org.eclipse.jetty.util.thread.strategy.EatWhatYouKill.produceTask(EatWhatYouKill.java:360)
        at org.eclipse.jetty.util.thread.strategy.EatWhatYouKill.doProduce(EatWhatYouKill.java:184)
        at org.eclipse.jetty.util.thread.strategy.EatWhatYouKill.tryProduce(EatWhatYouKill.java:171)
        at org.eclipse.jetty.util.thread.strategy.EatWhatYouKill.produce(EatWhatYouKill.java:135)
        at org.eclipse.jetty.io.ManagedSelector$$Lambda$72/490475818.run(Unknown Source)
        at org.eclipse.jetty.util.thread.QueuedThreadPool.runJob(QueuedThreadPool.java:806)
        at org.eclipse.jetty.util.thread.QueuedThreadPool$Runner.run(QueuedThreadPool.java:938)
        at java.lang.Thread.run(Thread.java:748)
"pool-44-thread-1" daemon prio=5 tid=172 timed_waiting
java.lang.Thread.State: TIMED_WAITING
        at sun.misc.Unsafe.park(Native Method)
        at java.util.concurrent.locks.LockSupport.parkNanos(LockSupport.java:215)
        at java.util.concurrent.locks.AbstractQueuedSynchronizer$ConditionObject.awaitNanos(AbstractQueuedSynchronizer.java:2078)
        at java.util.concurrent.ScheduledThreadPoolExecutor$DelayedWorkQueue.take(ScheduledThreadPoolExecutor.java:1093)
        at java.util.concurrent.ScheduledThreadPoolExecutor$DelayedWorkQueue.take(ScheduledThreadPoolExecutor.java:809)
        at java.util.concurrent.ThreadPoolExecutor.getTask(ThreadPoolExecutor.java:1074)
        at java.util.concurrent.ThreadPoolExecutor.runWorker(ThreadPoolExecutor.java:1134)
        at java.util.concurrent.ThreadPoolExecutor$Worker.run(ThreadPoolExecutor.java:624)
        at java.lang.Thread.run(Thread.java:748)
"qtp1227983914-206" daemon prio=5 tid=206 runnable
java.lang.Thread.State: RUNNABLE
        at sun.nio.ch.EPollArrayWrapper.epollWait(Native Method)
        at sun.nio.ch.EPollArrayWrapper.poll(EPollArrayWrapper.java:269)
        at sun.nio.ch.EPollSelectorImpl.doSelect(EPollSelectorImpl.java:93)
        at sun.nio.ch.SelectorImpl.lockAndDoSelect(SelectorImpl.java:86)
        at sun.nio.ch.SelectorImpl.select(SelectorImpl.java:97)
        at sun.nio.ch.SelectorImpl.select(SelectorImpl.java:101)
        at org.eclipse.jetty.io.ManagedSelector$SelectorProducer.select(ManagedSelector.java:472)
        at org.eclipse.jetty.io.ManagedSelector$SelectorProducer.produce(ManagedSelector.java:409)
        at org.eclipse.jetty.util.thread.strategy.EatWhatYouKill.produceTask(EatWhatYouKill.java:360)
        at org.eclipse.jetty.util.thread.strategy.EatWhatYouKill.doProduce(EatWhatYouKill.java:184)
        at org.eclipse.jetty.util.thread.strategy.EatWhatYouKill.tryProduce(EatWhatYouKill.java:171)
        at org.eclipse.jetty.util.thread.strategy.EatWhatYouKill.produce(EatWhatYouKill.java:135)
        at org.eclipse.jetty.io.ManagedSelector$$Lambda$72/490475818.run(Unknown Source)
        at org.eclipse.jetty.util.thread.QueuedThreadPool.runJob(QueuedThreadPool.java:806)
        at org.eclipse.jetty.util.thread.QueuedThreadPool$Runner.run(QueuedThreadPool.java:938)
        at java.lang.Thread.run(Thread.java:748)
"ChunkWriter-0-0" daemon prio=5 tid=298 in Object.wait()
java.lang.Thread.State: WAITING (on object monitor)
        at sun.misc.Unsafe.park(Native Method)
        at java.util.concurrent.locks.LockSupport.park(LockSupport.java:175)
        at java.util.concurrent.locks.AbstractQueuedSynchronizer$ConditionObject.await(AbstractQueuedSynchronizer.java:2039)
        at java.util.concurrent.LinkedBlockingDeque.takeFirst(LinkedBlockingDeque.java:492)
        at java.util.concurrent.LinkedBlockingDeque.take(LinkedBlockingDeque.java:680)
        at java.util.concurrent.ThreadPoolExecutor.getTask(ThreadPoolExecutor.java:1074)
        at java.util.concurrent.ThreadPoolExecutor.runWorker(ThreadPoolExecutor.java:1134)
        at java.util.concurrent.ThreadPoolExecutor$Worker.run(ThreadPoolExecutor.java:624)
        at java.lang.Thread.run(Thread.java:748)
"IPC Server handler 11 on default port 41627" daemon prio=5 tid=130 timed_waiting
java.lang.Thread.State: TIMED_WAITING
        at sun.misc.Unsafe.park(Native Method)
        at java.util.concurrent.locks.LockSupport.parkNanos(LockSupport.java:215)
        at java.util.concurrent.locks.AbstractQueuedSynchronizer$ConditionObject.awaitNanos(AbstractQueuedSynchronizer.java:2078)
        at java.util.concurrent.LinkedBlockingQueue.poll(LinkedBlockingQueue.java:467)
        at org.apache.hadoop.ipc.CallQueueManager.take(CallQueueManager.java:295)
        at org.apache.hadoop.ipc.Server$Handler.run(Server.java:2881)
"IPC Server handler 13 on default port 36429" daemon prio=5 tid=68 timed_waiting
java.lang.Thread.State: TIMED_WAITING
        at sun.misc.Unsafe.park(Native Method)
        at java.util.concurrent.locks.LockSupport.parkNanos(LockSupport.java:215)
        at java.util.concurrent.locks.AbstractQueuedSynchronizer$ConditionObject.awaitNanos(AbstractQueuedSynchronizer.java:2078)
        at java.util.concurrent.LinkedBlockingQueue.poll(LinkedBlockingQueue.java:467)
        at org.apache.hadoop.ipc.CallQueueManager.take(CallQueueManager.java:295)
        at org.apache.hadoop.ipc.Server$Handler.run(Server.java:2881)
"IPC Server idle connection scanner for port 38891" daemon prio=5 tid=26 timed_waiting
java.lang.Thread.State: TIMED_WAITING
        at java.lang.Object.wait(Native Method)
        at java.util.TimerThread.mainLoop(Timer.java:552)
        at java.util.TimerThread.run(Timer.java:505)
"Datanode ReportManager Thread - 1" daemon prio=5 tid=222 in Object.wait()
java.lang.Thread.State: WAITING (on object monitor)
        at sun.misc.Unsafe.park(Native Method)
        at java.util.concurrent.locks.LockSupport.park(LockSupport.java:175)
        at java.util.concurrent.locks.AbstractQueuedSynchronizer$ConditionObject.await(AbstractQueuedSynchronizer.java:2039)
        at java.util.concurrent.ScheduledThreadPoolExecutor$DelayedWorkQueue.take(ScheduledThreadPoolExecutor.java:1088)
        at java.util.concurrent.ScheduledThreadPoolExecutor$DelayedWorkQueue.take(ScheduledThreadPoolExecutor.java:809)
        at java.util.concurrent.ThreadPoolExecutor.getTask(ThreadPoolExecutor.java:1074)
        at java.util.concurrent.ThreadPoolExecutor.runWorker(ThreadPoolExecutor.java:1134)
        at java.util.concurrent.ThreadPoolExecutor$Worker.run(ThreadPoolExecutor.java:624)
        at java.lang.Thread.run(Thread.java:748)
"SCMBlockDeletingService#1" daemon prio=5 tid=108 in Object.wait()
java.lang.Thread.State: WAITING (on object monitor)
        at sun.misc.Unsafe.park(Native Method)
        at java.util.concurrent.locks.LockSupport.park(LockSupport.java:175)
        at java.util.concurrent.locks.AbstractQueuedSynchronizer$ConditionObject.await(AbstractQueuedSynchronizer.java:2039)
        at java.util.concurrent.ScheduledThreadPoolExecutor$DelayedWorkQueue.take(ScheduledThreadPoolExecutor.java:1088)
        at java.util.concurrent.ScheduledThreadPoolExecutor$DelayedWorkQueue.take(ScheduledThreadPoolExecutor.java:809)
        at java.util.concurrent.ThreadPoolExecutor.getTask(ThreadPoolExecutor.java:1074)
        at java.util.concurrent.ThreadPoolExecutor.runWorker(ThreadPoolExecutor.java:1134)
        at java.util.concurrent.ThreadPoolExecutor$Worker.run(ThreadPoolExecutor.java:624)
        at java.lang.Thread.run(Thread.java:748)
"ChunkWriter-1-0" daemon prio=5 tid=287 in Object.wait()
java.lang.Thread.State: WAITING (on object monitor)
        at sun.misc.Unsafe.park(Native Method)
        at java.util.concurrent.locks.LockSupport.park(LockSupport.java:175)
        at java.util.concurrent.locks.AbstractQueuedSynchronizer$ConditionObject.await(AbstractQueuedSynchronizer.java:2039)
        at java.util.concurrent.LinkedBlockingDeque.takeFirst(LinkedBlockingDeque.java:492)
        at java.util.concurrent.LinkedBlockingDeque.take(LinkedBlockingDeque.java:680)
        at java.util.concurrent.ThreadPoolExecutor.getTask(ThreadPoolExecutor.java:1074)
        at java.util.concurrent.ThreadPoolExecutor.runWorker(ThreadPoolExecutor.java:1134)
        at java.util.concurrent.ThreadPoolExecutor$Worker.run(ThreadPoolExecutor.java:624)
        at java.lang.Thread.run(Thread.java:748)
"qtp1523093869-162" daemon prio=5 tid=162 timed_waiting
java.lang.Thread.State: TIMED_WAITING
        at sun.misc.Unsafe.park(Native Method)
        at java.util.concurrent.locks.LockSupport.parkNanos(LockSupport.java:215)
        at java.util.concurrent.locks.AbstractQueuedSynchronizer$ConditionObject.awaitNanos(AbstractQueuedSynchronizer.java:2078)
        at org.eclipse.jetty.util.BlockingArrayQueue.poll(BlockingArrayQueue.java:382)
        at org.eclipse.jetty.util.thread.QueuedThreadPool$Runner.idleJobPoll(QueuedThreadPool.java:875)
        at org.eclipse.jetty.util.thread.QueuedThreadPool$Runner.run(QueuedThreadPool.java:925)
        at java.lang.Thread.run(Thread.java:748)
"Periodic HDDS volume checker" daemon prio=5 tid=218 timed_waiting
java.lang.Thread.State: TIMED_WAITING
        at sun.misc.Unsafe.park(Native Method)
        at java.util.concurrent.locks.LockSupport.parkNanos(LockSupport.java:215)
        at java.util.concurrent.locks.AbstractQueuedSynchronizer$ConditionObject.awaitNanos(AbstractQueuedSynchronizer.java:2078)
        at java.util.concurrent.ScheduledThreadPoolExecutor$DelayedWorkQueue.take(ScheduledThreadPoolExecutor.java:1093)
        at java.util.concurrent.ScheduledThreadPoolExecutor$DelayedWorkQueue.take(ScheduledThreadPoolExecutor.java:809)
        at java.util.concurrent.ThreadPoolExecutor.getTask(ThreadPoolExecutor.java:1074)
        at java.util.concurrent.ThreadPoolExecutor.runWorker(ThreadPoolExecutor.java:1134)
        at java.util.concurrent.ThreadPoolExecutor$Worker.run(ThreadPoolExecutor.java:624)
        at java.lang.Thread.run(Thread.java:748)
"pool-88-thread-1"  prio=5 tid=239 timed_waiting
java.lang.Thread.State: TIMED_WAITING
        at sun.misc.Unsafe.park(Native Method)
        at java.util.concurrent.locks.LockSupport.parkNanos(LockSupport.java:215)
        at java.util.concurrent.locks.AbstractQueuedSynchronizer$ConditionObject.awaitNanos(AbstractQueuedSynchronizer.java:2078)
        at java.util.concurrent.ScheduledThreadPoolExecutor$DelayedWorkQueue.take(ScheduledThreadPoolExecutor.java:1093)
        at java.util.concurrent.ScheduledThreadPoolExecutor$DelayedWorkQueue.take(ScheduledThreadPoolExecutor.java:809)
        at java.util.concurrent.ThreadPoolExecutor.getTask(ThreadPoolExecutor.java:1074)
        at java.util.concurrent.ThreadPoolExecutor.runWorker(ThreadPoolExecutor.java:1134)
        at java.util.concurrent.ThreadPoolExecutor$Worker.run(ThreadPoolExecutor.java:624)
        at java.lang.Thread.run(Thread.java:748)
"BlockDeletingService#5" daemon prio=5 tid=698 in Object.wait()
java.lang.Thread.State: WAITING (on object monitor)
        at sun.misc.Unsafe.park(Native Method)
        at java.util.concurrent.locks.LockSupport.park(LockSupport.java:175)
        at java.util.concurrent.locks.AbstractQueuedSynchronizer$ConditionObject.await(AbstractQueuedSynchronizer.java:2039)
        at java.util.concurrent.ScheduledThreadPoolExecutor$DelayedWorkQueue.take(ScheduledThreadPoolExecutor.java:1088)
        at java.util.concurrent.ScheduledThreadPoolExecutor$DelayedWorkQueue.take(ScheduledThreadPoolExecutor.java:809)
        at java.util.concurrent.ThreadPoolExecutor.getTask(ThreadPoolExecutor.java:1074)
        at java.util.concurrent.ThreadPoolExecutor.runWorker(ThreadPoolExecutor.java:1134)
        at java.util.concurrent.ThreadPoolExecutor$Worker.run(ThreadPoolExecutor.java:624)
        at java.lang.Thread.run(Thread.java:748)
"Thread-257"  prio=5 tid=397 timed_waiting
java.lang.Thread.State: TIMED_WAITING
        at sun.misc.Unsafe.park(Native Method)
        at java.util.concurrent.locks.LockSupport.parkNanos(LockSupport.java:215)
        at java.util.concurrent.locks.AbstractQueuedSynchronizer$ConditionObject.awaitNanos(AbstractQueuedSynchronizer.java:2078)
        at java.util.concurrent.LinkedBlockingQueue.poll(LinkedBlockingQueue.java:467)
        at org.apache.hadoop.ozone.freon.RandomKeyGenerator$Validator.run(RandomKeyGenerator.java:1045)
        at java.lang.Thread.run(Thread.java:748)
"pool-107-thread-5"  prio=5 tid=390 in Object.wait()
java.lang.Thread.State: WAITING (on object monitor)
        at sun.misc.Unsafe.park(Native Method)
        at java.util.concurrent.locks.LockSupport.park(LockSupport.java:175)
        at java.util.concurrent.locks.AbstractQueuedSynchronizer$ConditionObject.await(AbstractQueuedSynchronizer.java:2039)
        at java.util.concurrent.LinkedBlockingQueue.take(LinkedBlockingQueue.java:442)
        at java.util.concurrent.ThreadPoolExecutor.getTask(ThreadPoolExecutor.java:1074)
        at java.util.concurrent.ThreadPoolExecutor.runWorker(ThreadPoolExecutor.java:1134)
        at java.util.concurrent.ThreadPoolExecutor$Worker.run(ThreadPoolExecutor.java:624)
        at java.lang.Thread.run(Thread.java:748)
"ChunkWriter-3-0" daemon prio=5 tid=295 in Object.wait()
java.lang.Thread.State: WAITING (on object monitor)
        at sun.misc.Unsafe.park(Native Method)
        at java.util.concurrent.locks.LockSupport.park(LockSupport.java:175)
        at java.util.concurrent.locks.AbstractQueuedSynchronizer$ConditionObject.await(AbstractQueuedSynchronizer.java:2039)
        at java.util.concurrent.LinkedBlockingDeque.takeFirst(LinkedBlockingDeque.java:492)
        at java.util.concurrent.LinkedBlockingDeque.take(LinkedBlockingDeque.java:680)
        at java.util.concurrent.ThreadPoolExecutor.getTask(ThreadPoolExecutor.java:1074)
        at java.util.concurrent.ThreadPoolExecutor.runWorker(ThreadPoolExecutor.java:1134)
        at java.util.concurrent.ThreadPoolExecutor$Worker.run(ThreadPoolExecutor.java:624)
        at java.lang.Thread.run(Thread.java:748)
"RatisPipelineUtilsThread"  prio=5 tid=15 timed_waiting
java.lang.Thread.State: TIMED_WAITING
        at sun.misc.Unsafe.park(Native Method)
        at java.util.concurrent.locks.LockSupport.parkNanos(LockSupport.java:215)
        at java.util.concurrent.locks.AbstractQueuedSynchronizer$ConditionObject.awaitNanos(AbstractQueuedSynchronizer.java:2078)
        at java.util.concurrent.ScheduledThreadPoolExecutor$DelayedWorkQueue.take(ScheduledThreadPoolExecutor.java:1093)
        at java.util.concurrent.ScheduledThreadPoolExecutor$DelayedWorkQueue.take(ScheduledThreadPoolExecutor.java:809)
        at java.util.concurrent.ThreadPoolExecutor.getTask(ThreadPoolExecutor.java:1074)
        at java.util.concurrent.ThreadPoolExecutor.runWorker(ThreadPoolExecutor.java:1134)
        at java.util.concurrent.ThreadPoolExecutor$Worker.run(ThreadPoolExecutor.java:624)
        at java.lang.Thread.run(Thread.java:748)
"PartialTableCache Cleanup Thread - 0" daemon prio=5 tid=400 in Object.wait()
java.lang.Thread.State: WAITING (on object monitor)
        at sun.misc.Unsafe.park(Native Method)
        at java.util.concurrent.locks.LockSupport.park(LockSupport.java:175)
        at java.util.concurrent.locks.AbstractQueuedSynchronizer$ConditionObject.await(AbstractQueuedSynchronizer.java:2039)
        at java.util.concurrent.LinkedBlockingQueue.take(LinkedBlockingQueue.java:442)
        at java.util.concurrent.ThreadPoolExecutor.getTask(ThreadPoolExecutor.java:1074)
        at java.util.concurrent.ThreadPoolExecutor.runWorker(ThreadPoolExecutor.java:1134)
        at java.util.concurrent.ThreadPoolExecutor$Worker.run(ThreadPoolExecutor.java:624)
        at java.lang.Thread.run(Thread.java:748)
"IPC Server handler 19 on default port 41627" daemon prio=5 tid=138 timed_waiting
java.lang.Thread.State: TIMED_WAITING
        at sun.misc.Unsafe.park(Native Method)
        at java.util.concurrent.locks.LockSupport.parkNanos(LockSupport.java:215)
        at java.util.concurrent.locks.AbstractQueuedSynchronizer$ConditionObject.awaitNanos(AbstractQueuedSynchronizer.java:2078)
        at java.util.concurrent.LinkedBlockingQueue.poll(LinkedBlockingQueue.java:467)
        at org.apache.hadoop.ipc.CallQueueManager.take(CallQueueManager.java:295)
        at org.apache.hadoop.ipc.Server$Handler.run(Server.java:2881)
"BlockDeletingService#5" daemon prio=5 tid=700 in Object.wait()
java.lang.Thread.State: WAITING (on object monitor)
        at sun.misc.Unsafe.park(Native Method)
        at java.util.concurrent.locks.LockSupport.park(LockSupport.java:175)
        at java.util.concurrent.locks.AbstractQueuedSynchronizer$ConditionObject.await(AbstractQueuedSynchronizer.java:2039)
        at java.util.concurrent.ScheduledThreadPoolExecutor$DelayedWorkQueue.take(ScheduledThreadPoolExecutor.java:1088)
        at java.util.concurrent.ScheduledThreadPoolExecutor$DelayedWorkQueue.take(ScheduledThreadPoolExecutor.java:809)
        at java.util.concurrent.ThreadPoolExecutor.getTask(ThreadPoolExecutor.java:1074)
        at java.util.concurrent.ThreadPoolExecutor.runWorker(ThreadPoolExecutor.java:1134)
        at java.util.concurrent.ThreadPoolExecutor$Worker.run(ThreadPoolExecutor.java:624)
        at java.lang.Thread.run(Thread.java:748)
"BlockDeletingService#0" daemon prio=5 tid=296 in Object.wait()
java.lang.Thread.State: WAITING (on object monitor)
        at sun.misc.Unsafe.park(Native Method)
        at java.util.concurrent.locks.LockSupport.park(LockSupport.java:175)
        at java.util.concurrent.locks.AbstractQueuedSynchronizer$ConditionObject.await(AbstractQueuedSynchronizer.java:2039)
        at java.util.concurrent.ScheduledThreadPoolExecutor$DelayedWorkQueue.take(ScheduledThreadPoolExecutor.java:1088)
        at java.util.concurrent.ScheduledThreadPoolExecutor$DelayedWorkQueue.take(ScheduledThreadPoolExecutor.java:809)
        at java.util.concurrent.ThreadPoolExecutor.getTask(ThreadPoolExecutor.java:1074)
        at java.util.concurrent.ThreadPoolExecutor.runWorker(ThreadPoolExecutor.java:1134)
        at java.util.concurrent.ThreadPoolExecutor$Worker.run(ThreadPoolExecutor.java:624)
        at java.lang.Thread.run(Thread.java:748)
"PartialTableCache Cleanup Thread - 0" daemon prio=5 tid=399 in Object.wait()
java.lang.Thread.State: WAITING (on object monitor)
        at sun.misc.Unsafe.park(Native Method)
        at java.util.concurrent.locks.LockSupport.park(LockSupport.java:175)
        at java.util.concurrent.locks.AbstractQueuedSynchronizer$ConditionObject.await(AbstractQueuedSynchronizer.java:2039)
        at java.util.concurrent.LinkedBlockingQueue.take(LinkedBlockingQueue.java:442)
        at java.util.concurrent.ThreadPoolExecutor.getTask(ThreadPoolExecutor.java:1074)
        at java.util.concurrent.ThreadPoolExecutor.runWorker(ThreadPoolExecutor.java:1134)
        at java.util.concurrent.ThreadPoolExecutor$Worker.run(ThreadPoolExecutor.java:624)
        at java.lang.Thread.run(Thread.java:748)
"PartialTableCache Cleanup Thread - 0" daemon prio=5 tid=405 in Object.wait()
java.lang.Thread.State: WAITING (on object monitor)
        at sun.misc.Unsafe.park(Native Method)
        at java.util.concurrent.locks.LockSupport.park(LockSupport.java:175)
        at java.util.concurrent.locks.AbstractQueuedSynchronizer$ConditionObject.await(AbstractQueuedSynchronizer.java:2039)
        at java.util.concurrent.LinkedBlockingQueue.take(LinkedBlockingQueue.java:442)
        at java.util.concurrent.ThreadPoolExecutor.getTask(ThreadPoolExecutor.java:1074)
        at java.util.concurrent.ThreadPoolExecutor.runWorker(ThreadPoolExecutor.java:1134)
        at java.util.concurrent.ThreadPoolExecutor$Worker.run(ThreadPoolExecutor.java:624)
        at java.lang.Thread.run(Thread.java:748)
"qtp917987811-144" daemon prio=5 tid=144 timed_waiting
java.lang.Thread.State: TIMED_WAITING
        at sun.misc.Unsafe.park(Native Method)
        at java.util.concurrent.locks.LockSupport.parkNanos(LockSupport.java:215)
        at java.util.concurrent.locks.AbstractQueuedSynchronizer$ConditionObject.awaitNanos(AbstractQueuedSynchronizer.java:2078)
        at org.eclipse.jetty.util.BlockingArrayQueue.poll(BlockingArrayQueue.java:382)
        at org.eclipse.jetty.util.thread.QueuedThreadPool$Runner.idleJobPoll(QueuedThreadPool.java:875)
        at org.eclipse.jetty.util.thread.QueuedThreadPool$Runner.run(QueuedThreadPool.java:925)
        at java.lang.Thread.run(Thread.java:748)
"surefire-forkedjvm-command-thread" daemon prio=5 tid=9 runnable
java.lang.Thread.State: RUNNABLE
        at java.io.FileInputStream.readBytes(Native Method)
        at java.io.FileInputStream.read(FileInputStream.java:255)
        at java.io.BufferedInputStream.fill(BufferedInputStream.java:246)
        at java.io.BufferedInputStream.read(BufferedInputStream.java:265)
        at java.io.DataInputStream.readInt(DataInputStream.java:387)
        at org.apache.maven.surefire.booter.MasterProcessCommand.decode(MasterProcessCommand.java:115)
        at org.apache.maven.surefire.booter.CommandReader$CommandRunnable.run(CommandReader.java:390)
        at java.lang.Thread.run(Thread.java:748)
"f3af17fa-cec2-46bb-a406-aecb763dcc03@group-52231F824989-StateMachineUpdater" daemon prio=5 tid=345 in Object.wait()
java.lang.Thread.State: WAITING (on object monitor)
        at java.lang.Object.wait(Native Method)
        at java.lang.Object.wait(Object.java:502)
        at org.apache.ratis.server.impl.StateMachineUpdater.waitForCommit(StateMachineUpdater.java:200)
        at org.apache.ratis.server.impl.StateMachineUpdater.run(StateMachineUpdater.java:165)
        at java.lang.Thread.run(Thread.java:748)
"Datanode State Machine Thread - 0" daemon prio=5 tid=227 timed_waiting
java.lang.Thread.State: TIMED_WAITING
        at sun.misc.Unsafe.park(Native Method)
        at java.util.concurrent.locks.LockSupport.parkNanos(LockSupport.java:215)
        at java.util.concurrent.SynchronousQueue$TransferStack.awaitFulfill(SynchronousQueue.java:460)
        at java.util.concurrent.SynchronousQueue$TransferStack.transfer(SynchronousQueue.java:362)
        at java.util.concurrent.SynchronousQueue.poll(SynchronousQueue.java:941)
        at java.util.concurrent.ThreadPoolExecutor.getTask(ThreadPoolExecutor.java:1073)
        at java.util.concurrent.ThreadPoolExecutor.runWorker(ThreadPoolExecutor.java:1134)
        at java.util.concurrent.ThreadPoolExecutor$Worker.run(ThreadPoolExecutor.java:624)
        at java.lang.Thread.run(Thread.java:748)
"qtp1227983914-213" daemon prio=5 tid=213 timed_waiting
java.lang.Thread.State: TIMED_WAITING
        at sun.misc.Unsafe.park(Native Method)
        at java.util.concurrent.locks.LockSupport.parkNanos(LockSupport.java:215)
        at java.util.concurrent.locks.AbstractQueuedSynchronizer$ConditionObject.awaitNanos(AbstractQueuedSynchronizer.java:2078)
        at org.eclipse.jetty.util.BlockingArrayQueue.poll(BlockingArrayQueue.java:382)
        at org.eclipse.jetty.util.thread.QueuedThreadPool$Runner.idleJobPoll(QueuedThreadPool.java:875)
        at org.eclipse.jetty.util.thread.QueuedThreadPool$Runner.run(QueuedThreadPool.java:925)
        at java.lang.Thread.run(Thread.java:748)
"Command processor thread" daemon prio=5 tid=225 timed_waiting
java.lang.Thread.State: TIMED_WAITING
        at java.lang.Thread.sleep(Native Method)
        at org.apache.hadoop.ozone.container.common.statemachine.DatanodeStateMachine.lambda$initCommandHandlerThread$1(DatanodeStateMachine.java:468)
        at org.apache.hadoop.ozone.container.common.statemachine.DatanodeStateMachine$$Lambda$171/1825412829.run(Unknown Source)
        at java.lang.Thread.run(Thread.java:748)
"Thread-234" daemon prio=5 tid=363 timed_waiting
java.lang.Thread.State: TIMED_WAITING
        at sun.misc.Unsafe.park(Native Method)
        at java.util.concurrent.locks.LockSupport.parkNanos(LockSupport.java:215)
        at java.util.concurrent.locks.AbstractQueuedSynchronizer$ConditionObject.awaitNanos(AbstractQueuedSynchronizer.java:2078)
        at java.util.concurrent.ArrayBlockingQueue.poll(ArrayBlockingQueue.java:418)
        at org.apache.ratis.server.impl.LeaderState$EventQueue.poll(LeaderState.java:121)
        at org.apache.ratis.server.impl.LeaderState$EventProcessor.run(LeaderState.java:496)
"CommandWatcher-LeaseManager#LeaseMonitor" daemon prio=5 tid=34 timed_waiting
java.lang.Thread.State: TIMED_WAITING
        at java.lang.Thread.sleep(Native Method)
        at org.apache.hadoop.ozone.lease.LeaseManager$LeaseMonitor.run(LeaseManager.java:234)
        at java.lang.Thread.run(Thread.java:748)
"ChunkWriter-1-0" daemon prio=5 tid=293 in Object.wait()
java.lang.Thread.State: WAITING (on object monitor)
        at sun.misc.Unsafe.park(Native Method)
        at java.util.concurrent.locks.LockSupport.park(LockSupport.java:175)
        at java.util.concurrent.locks.AbstractQueuedSynchronizer$ConditionObject.await(AbstractQueuedSynchronizer.java:2039)
        at java.util.concurrent.LinkedBlockingDeque.takeFirst(LinkedBlockingDeque.java:492)
        at java.util.concurrent.LinkedBlockingDeque.take(LinkedBlockingDeque.java:680)
        at java.util.concurrent.ThreadPoolExecutor.getTask(ThreadPoolExecutor.java:1074)
        at java.util.concurrent.ThreadPoolExecutor.runWorker(ThreadPoolExecutor.java:1134)
        at java.util.concurrent.ThreadPoolExecutor$Worker.run(ThreadPoolExecutor.java:624)
        at java.lang.Thread.run(Thread.java:748)
"qtp1227983914-210" daemon prio=5 tid=210 timed_waiting
java.lang.Thread.State: TIMED_WAITING
        at sun.misc.Unsafe.park(Native Method)
        at java.util.concurrent.locks.LockSupport.parkNanos(LockSupport.java:215)
        at java.util.concurrent.locks.AbstractQueuedSynchronizer$ConditionObject.awaitNanos(AbstractQueuedSynchronizer.java:2078)
        at org.eclipse.jetty.util.BlockingArrayQueue.poll(BlockingArrayQueue.java:382)
        at org.eclipse.jetty.util.thread.QueuedThreadPool$Runner.idleJobPoll(QueuedThreadPool.java:875)
        at org.eclipse.jetty.util.thread.QueuedThreadPool$Runner.run(QueuedThreadPool.java:925)
        at java.lang.Thread.run(Thread.java:748)
"pool-35-thread-1"  prio=5 tid=311 in Object.wait()
java.lang.Thread.State: WAITING (on object monitor)
        at sun.misc.Unsafe.park(Native Method)
        at java.util.concurrent.locks.LockSupport.park(LockSupport.java:175)
        at java.util.concurrent.locks.AbstractQueuedSynchronizer$ConditionObject.await(AbstractQueuedSynchronizer.java:2039)
        at java.util.concurrent.LinkedBlockingQueue.take(LinkedBlockingQueue.java:442)
        at java.util.concurrent.ThreadPoolExecutor.getTask(ThreadPoolExecutor.java:1074)
        at java.util.concurrent.ThreadPoolExecutor.runWorker(ThreadPoolExecutor.java:1134)
        at java.util.concurrent.ThreadPoolExecutor$Worker.run(ThreadPoolExecutor.java:624)
        at java.lang.Thread.run(Thread.java:748)
"IPC Server handler 3 on default port 36429" daemon prio=5 tid=58 timed_waiting
java.lang.Thread.State: TIMED_WAITING
        at sun.misc.Unsafe.park(Native Method)
        at java.util.concurrent.locks.LockSupport.parkNanos(LockSupport.java:215)
        at java.util.concurrent.locks.AbstractQueuedSynchronizer$ConditionObject.awaitNanos(AbstractQueuedSynchronizer.java:2078)
        at java.util.concurrent.LinkedBlockingQueue.poll(LinkedBlockingQueue.java:467)
        at org.apache.hadoop.ipc.CallQueueManager.take(CallQueueManager.java:295)
        at org.apache.hadoop.ipc.Server$Handler.run(Server.java:2881)
"grpc-nio-worker-ELG-3-2" daemon prio=5 tid=340 runnable
java.lang.Thread.State: RUNNABLE
        at sun.nio.ch.EPollArrayWrapper.epollWait(Native Method)
        at sun.nio.ch.EPollArrayWrapper.poll(EPollArrayWrapper.java:269)
        at sun.nio.ch.EPollSelectorImpl.doSelect(EPollSelectorImpl.java:93)
        at sun.nio.ch.SelectorImpl.lockAndDoSelect(SelectorImpl.java:86)
        at sun.nio.ch.SelectorImpl.select(SelectorImpl.java:97)
        at org.apache.ratis.thirdparty.io.netty.channel.nio.SelectedSelectionKeySetSelector.select(SelectedSelectionKeySetSelector.java:62)
        at org.apache.ratis.thirdparty.io.netty.channel.nio.NioEventLoop.select(NioEventLoop.java:807)
        at org.apache.ratis.thirdparty.io.netty.channel.nio.NioEventLoop.run(NioEventLoop.java:457)
        at org.apache.ratis.thirdparty.io.netty.util.concurrent.SingleThreadEventExecutor$4.run(SingleThreadEventExecutor.java:989)
        at org.apache.ratis.thirdparty.io.netty.util.internal.ThreadExecutorMap$2.run(ThreadExecutorMap.java:74)
        at org.apache.ratis.thirdparty.io.netty.util.concurrent.FastThreadLocalRunnable.run(FastThreadLocalRunnable.java:30)
        at java.lang.Thread.run(Thread.java:748)
"BlockDeletingService#5" daemon prio=5 tid=701 in Object.wait()
java.lang.Thread.State: WAITING (on object monitor)
        at sun.misc.Unsafe.park(Native Method)
        at java.util.concurrent.locks.LockSupport.park(LockSupport.java:175)
        at java.util.concurrent.locks.AbstractQueuedSynchronizer$ConditionObject.await(AbstractQueuedSynchronizer.java:2039)
        at java.util.concurrent.ScheduledThreadPoolExecutor$DelayedWorkQueue.take(ScheduledThreadPoolExecutor.java:1088)
        at java.util.concurrent.ScheduledThreadPoolExecutor$DelayedWorkQueue.take(ScheduledThreadPoolExecutor.java:809)
        at java.util.concurrent.ThreadPoolExecutor.getTask(ThreadPoolExecutor.java:1074)
        at java.util.concurrent.ThreadPoolExecutor.runWorker(ThreadPoolExecutor.java:1134)
        at java.util.concurrent.ThreadPoolExecutor$Worker.run(ThreadPoolExecutor.java:624)
        at java.lang.Thread.run(Thread.java:748)
"Datanode ReportManager Thread - 0" daemon prio=5 tid=173 in Object.wait()
java.lang.Thread.State: WAITING (on object monitor)
        at sun.misc.Unsafe.park(Native Method)
        at java.util.concurrent.locks.LockSupport.park(LockSupport.java:175)
        at java.util.concurrent.locks.AbstractQueuedSynchronizer$ConditionObject.await(AbstractQueuedSynchronizer.java:2039)
        at java.util.concurrent.ScheduledThreadPoolExecutor$DelayedWorkQueue.take(ScheduledThreadPoolExecutor.java:1088)
        at java.util.concurrent.ScheduledThreadPoolExecutor$DelayedWorkQueue.take(ScheduledThreadPoolExecutor.java:809)
        at java.util.concurrent.ThreadPoolExecutor.getTask(ThreadPoolExecutor.java:1074)
        at java.util.concurrent.ThreadPoolExecutor.runWorker(ThreadPoolExecutor.java:1134)
        at java.util.concurrent.ThreadPoolExecutor$Worker.run(ThreadPoolExecutor.java:624)
        at java.lang.Thread.run(Thread.java:748)
"IPC Server handler 6 on default port 41627" daemon prio=5 tid=125 timed_waiting
java.lang.Thread.State: TIMED_WAITING
        at sun.misc.Unsafe.park(Native Method)
        at java.util.concurrent.locks.LockSupport.parkNanos(LockSupport.java:215)
        at java.util.concurrent.locks.AbstractQueuedSynchronizer$ConditionObject.awaitNanos(AbstractQueuedSynchronizer.java:2078)
        at java.util.concurrent.LinkedBlockingQueue.poll(LinkedBlockingQueue.java:467)
        at org.apache.hadoop.ipc.CallQueueManager.take(CallQueueManager.java:295)
        at org.apache.hadoop.ipc.Server$Handler.run(Server.java:2881)
"qtp1523093869-163" daemon prio=5 tid=163 timed_waiting
java.lang.Thread.State: TIMED_WAITING
        at sun.misc.Unsafe.park(Native Method)
        at java.util.concurrent.locks.LockSupport.parkNanos(LockSupport.java:215)
        at java.util.concurrent.locks.AbstractQueuedSynchronizer$ConditionObject.awaitNanos(AbstractQueuedSynchronizer.java:2078)
        at org.eclipse.jetty.util.BlockingArrayQueue.poll(BlockingArrayQueue.java:382)
        at org.eclipse.jetty.util.thread.QueuedThreadPool$Runner.idleJobPoll(QueuedThreadPool.java:875)
        at org.eclipse.jetty.util.thread.QueuedThreadPool$Runner.run(QueuedThreadPool.java:925)
        at java.lang.Thread.run(Thread.java:748)
"IPC Server idle connection scanner for port 41279" daemon prio=5 tid=18 timed_waiting
java.lang.Thread.State: TIMED_WAITING
        at java.lang.Object.wait(Native Method)
        at java.util.TimerThread.mainLoop(Timer.java:552)
        at java.util.TimerThread.run(Timer.java:505)
"IPC Server handler 13 on default port 41279" daemon prio=5 tid=88 timed_waiting
java.lang.Thread.State: TIMED_WAITING
        at sun.misc.Unsafe.park(Native Method)
        at java.util.concurrent.locks.LockSupport.parkNanos(LockSupport.java:215)
        at java.util.concurrent.locks.AbstractQueuedSynchronizer$ConditionObject.awaitNanos(AbstractQueuedSynchronizer.java:2078)
        at java.util.concurrent.LinkedBlockingQueue.poll(LinkedBlockingQueue.java:467)
        at org.apache.hadoop.ipc.CallQueueManager.take(CallQueueManager.java:295)
        at org.apache.hadoop.ipc.Server$Handler.run(Server.java:2881)
"IPC Server handler 11 on default port 36429" daemon prio=5 tid=66 timed_waiting
java.lang.Thread.State: TIMED_WAITING
        at sun.misc.Unsafe.park(Native Method)
        at java.util.concurrent.locks.LockSupport.parkNanos(LockSupport.java:215)
        at java.util.concurrent.locks.AbstractQueuedSynchronizer$ConditionObject.awaitNanos(AbstractQueuedSynchronizer.java:2078)
        at java.util.concurrent.LinkedBlockingQueue.poll(LinkedBlockingQueue.java:467)
        at org.apache.hadoop.ipc.CallQueueManager.take(CallQueueManager.java:295)
        at org.apache.hadoop.ipc.Server$Handler.run(Server.java:2881)
"BlockDeletingService#4" daemon prio=5 tid=622 in Object.wait()
java.lang.Thread.State: WAITING (on object monitor)
        at sun.misc.Unsafe.park(Native Method)
        at java.util.concurrent.locks.LockSupport.park(LockSupport.java:175)
        at java.util.concurrent.locks.AbstractQueuedSynchronizer$ConditionObject.await(AbstractQueuedSynchronizer.java:2039)
        at java.util.concurrent.ScheduledThreadPoolExecutor$DelayedWorkQueue.take(ScheduledThreadPoolExecutor.java:1088)
        at java.util.concurrent.ScheduledThreadPoolExecutor$DelayedWorkQueue.take(ScheduledThreadPoolExecutor.java:809)
        at java.util.concurrent.ThreadPoolExecutor.getTask(ThreadPoolExecutor.java:1074)
        at java.util.concurrent.ThreadPoolExecutor.runWorker(ThreadPoolExecutor.java:1134)
        at java.util.concurrent.ThreadPoolExecutor$Worker.run(ThreadPoolExecutor.java:624)
        at java.lang.Thread.run(Thread.java:748)
"BlockDeletingService#4" daemon prio=5 tid=621 in Object.wait()
java.lang.Thread.State: WAITING (on object monitor)
        at sun.misc.Unsafe.park(Native Method)
        at java.util.concurrent.locks.LockSupport.park(LockSupport.java:175)
        at java.util.concurrent.locks.AbstractQueuedSynchronizer$ConditionObject.await(AbstractQueuedSynchronizer.java:2039)
        at java.util.concurrent.ScheduledThreadPoolExecutor$DelayedWorkQueue.take(ScheduledThreadPoolExecutor.java:1088)
        at java.util.concurrent.ScheduledThreadPoolExecutor$DelayedWorkQueue.take(ScheduledThreadPoolExecutor.java:809)
        at java.util.concurrent.ThreadPoolExecutor.getTask(ThreadPoolExecutor.java:1074)
        at java.util.concurrent.ThreadPoolExecutor.runWorker(ThreadPoolExecutor.java:1134)
        at java.util.concurrent.ThreadPoolExecutor$Worker.run(ThreadPoolExecutor.java:624)
        at java.lang.Thread.run(Thread.java:748)
"Datanode State Machine Thread - 0" daemon prio=5 tid=271 timed_waiting
java.lang.Thread.State: TIMED_WAITING
        at sun.misc.Unsafe.park(Native Method)
        at java.util.concurrent.locks.LockSupport.parkNanos(LockSupport.java:215)
        at java.util.concurrent.SynchronousQueue$TransferStack.awaitFulfill(SynchronousQueue.java:460)
        at java.util.concurrent.SynchronousQueue$TransferStack.transfer(SynchronousQueue.java:362)
        at java.util.concurrent.SynchronousQueue.poll(SynchronousQueue.java:941)
        at java.util.concurrent.ThreadPoolExecutor.getTask(ThreadPoolExecutor.java:1073)
        at java.util.concurrent.ThreadPoolExecutor.runWorker(ThreadPoolExecutor.java:1134)
        at java.util.concurrent.ThreadPoolExecutor$Worker.run(ThreadPoolExecutor.java:624)
        at java.lang.Thread.run(Thread.java:748)
"IPC Server handler 10 on default port 36429" daemon prio=5 tid=65 timed_waiting
java.lang.Thread.State: TIMED_WAITING
        at sun.misc.Unsafe.park(Native Method)
        at java.util.concurrent.locks.LockSupport.parkNanos(LockSupport.java:215)
        at java.util.concurrent.locks.AbstractQueuedSynchronizer$ConditionObject.awaitNanos(AbstractQueuedSynchronizer.java:2078)
        at java.util.concurrent.LinkedBlockingQueue.poll(LinkedBlockingQueue.java:467)
        at org.apache.hadoop.ipc.CallQueueManager.take(CallQueueManager.java:295)
        at org.apache.hadoop.ipc.Server$Handler.run(Server.java:2881)
"Datanode ReportManager Thread - 3" daemon prio=5 tid=268 in Object.wait()
java.lang.Thread.State: WAITING (on object monitor)
        at sun.misc.Unsafe.park(Native Method)
        at java.util.concurrent.locks.LockSupport.park(LockSupport.java:175)
        at java.util.concurrent.locks.AbstractQueuedSynchronizer$ConditionObject.await(AbstractQueuedSynchronizer.java:2039)
        at java.util.concurrent.ScheduledThreadPoolExecutor$DelayedWorkQueue.take(ScheduledThreadPoolExecutor.java:1088)
        at java.util.concurrent.ScheduledThreadPoolExecutor$DelayedWorkQueue.take(ScheduledThreadPoolExecutor.java:809)
        at java.util.concurrent.ThreadPoolExecutor.getTask(ThreadPoolExecutor.java:1074)
        at java.util.concurrent.ThreadPoolExecutor.runWorker(ThreadPoolExecutor.java:1134)
        at java.util.concurrent.ThreadPoolExecutor$Worker.run(ThreadPoolExecutor.java:624)
        at java.lang.Thread.run(Thread.java:748)
"Datanode ReportManager Thread - 3" daemon prio=5 tid=224 in Object.wait()
java.lang.Thread.State: WAITING (on object monitor)
        at sun.misc.Unsafe.park(Native Method)
        at java.util.concurrent.locks.LockSupport.park(LockSupport.java:175)
        at java.util.concurrent.locks.AbstractQueuedSynchronizer$ConditionObject.await(AbstractQueuedSynchronizer.java:2039)
        at java.util.concurrent.ScheduledThreadPoolExecutor$DelayedWorkQueue.take(ScheduledThreadPoolExecutor.java:1088)
        at java.util.concurrent.ScheduledThreadPoolExecutor$DelayedWorkQueue.take(ScheduledThreadPoolExecutor.java:809)
        at java.util.concurrent.ThreadPoolExecutor.getTask(ThreadPoolExecutor.java:1074)
        at java.util.concurrent.ThreadPoolExecutor.runWorker(ThreadPoolExecutor.java:1134)
        at java.util.concurrent.ThreadPoolExecutor$Worker.run(ThreadPoolExecutor.java:624)
        at java.lang.Thread.run(Thread.java:748)
"Datanode State Machine Thread - 0" daemon prio=5 tid=251 timed_waiting
java.lang.Thread.State: TIMED_WAITING
        at sun.misc.Unsafe.park(Native Method)
        at java.util.concurrent.locks.LockSupport.parkNanos(LockSupport.java:215)
        at java.util.concurrent.SynchronousQueue$TransferStack.awaitFulfill(SynchronousQueue.java:460)
        at java.util.concurrent.SynchronousQueue$TransferStack.transfer(SynchronousQueue.java:362)
        at java.util.concurrent.SynchronousQueue.poll(SynchronousQueue.java:941)
        at java.util.concurrent.ThreadPoolExecutor.getTask(ThreadPoolExecutor.java:1073)
        at java.util.concurrent.ThreadPoolExecutor.runWorker(ThreadPoolExecutor.java:1134)
        at java.util.concurrent.ThreadPoolExecutor$Worker.run(ThreadPoolExecutor.java:624)
        at java.lang.Thread.run(Thread.java:748)
"qtp917987811-142-acceptor-0@2fe8affd-ServerConnector@2a8e30e3{HTTP/1.1,[http/1.1]}{0.0.0.0:43743}" daemon prio=3 tid=142 runnable
java.lang.Thread.State: RUNNABLE
        at sun.nio.ch.ServerSocketChannelImpl.accept0(Native Method)
        at sun.nio.ch.ServerSocketChannelImpl.accept(ServerSocketChannelImpl.java:422)
        at sun.nio.ch.ServerSocketChannelImpl.accept(ServerSocketChannelImpl.java:250)
        at org.eclipse.jetty.server.ServerConnector.accept(ServerConnector.java:385)
        at org.eclipse.jetty.server.AbstractConnector$Acceptor.run(AbstractConnector.java:701)
        at org.eclipse.jetty.util.thread.QueuedThreadPool.runJob(QueuedThreadPool.java:806)
        at org.eclipse.jetty.util.thread.QueuedThreadPool$Runner.run(QueuedThreadPool.java:938)
        at java.lang.Thread.run(Thread.java:748)
"pool-24-thread-1"  prio=5 tid=140 timed_waiting
java.lang.Thread.State: TIMED_WAITING
        at sun.misc.Unsafe.park(Native Method)
        at java.util.concurrent.locks.LockSupport.parkNanos(LockSupport.java:215)
        at java.util.concurrent.locks.AbstractQueuedSynchronizer$ConditionObject.awaitNanos(AbstractQueuedSynchronizer.java:2078)
        at java.util.concurrent.ScheduledThreadPoolExecutor$DelayedWorkQueue.take(ScheduledThreadPoolExecutor.java:1093)
        at java.util.concurrent.ScheduledThreadPoolExecutor$DelayedWorkQueue.take(ScheduledThreadPoolExecutor.java:809)
        at java.util.concurrent.ThreadPoolExecutor.getTask(ThreadPoolExecutor.java:1074)
        at java.util.concurrent.ThreadPoolExecutor.runWorker(ThreadPoolExecutor.java:1134)
        at java.util.concurrent.ThreadPoolExecutor$Worker.run(ThreadPoolExecutor.java:624)
        at java.lang.Thread.run(Thread.java:748)
"IPC Server handler 14 on default port 41627" daemon prio=5 tid=133 timed_waiting
java.lang.Thread.State: TIMED_WAITING
        at sun.misc.Unsafe.park(Native Method)
        at java.util.concurrent.locks.LockSupport.parkNanos(LockSupport.java:215)
        at java.util.concurrent.locks.AbstractQueuedSynchronizer$ConditionObject.awaitNanos(AbstractQueuedSynchronizer.java:2078)
        at java.util.concurrent.LinkedBlockingQueue.poll(LinkedBlockingQueue.java:467)
        at org.apache.hadoop.ipc.CallQueueManager.take(CallQueueManager.java:295)
        at org.apache.hadoop.ipc.Server$Handler.run(Server.java:2881)
"EventQueue-NodeReportForNodeReportHandler" daemon prio=5 tid=473 in Object.wait()
java.lang.Thread.State: WAITING (on object monitor)
        at sun.misc.Unsafe.park(Native Method)
        at java.util.concurrent.locks.LockSupport.park(LockSupport.java:175)
        at java.util.concurrent.locks.AbstractQueuedSynchronizer$ConditionObject.await(AbstractQueuedSynchronizer.java:2039)
        at java.util.concurrent.LinkedBlockingQueue.take(LinkedBlockingQueue.java:442)
        at java.util.concurrent.ThreadPoolExecutor.getTask(ThreadPoolExecutor.java:1074)
        at java.util.concurrent.ThreadPoolExecutor.runWorker(ThreadPoolExecutor.java:1134)
        at java.util.concurrent.ThreadPoolExecutor$Worker.run(ThreadPoolExecutor.java:624)
        at java.lang.Thread.run(Thread.java:748)
"qtp607690808-233" daemon prio=5 tid=233 timed_waiting
java.lang.Thread.State: TIMED_WAITING
        at sun.misc.Unsafe.park(Native Method)
        at java.util.concurrent.locks.LockSupport.parkNanos(LockSupport.java:215)
        at java.util.concurrent.locks.AbstractQueuedSynchronizer$ConditionObject.awaitNanos(AbstractQueuedSynchronizer.java:2078)
        at org.eclipse.jetty.util.BlockingArrayQueue.poll(BlockingArrayQueue.java:382)
        at org.eclipse.jetty.util.thread.QueuedThreadPool$Runner.idleJobPoll(QueuedThreadPool.java:875)
        at org.eclipse.jetty.util.thread.QueuedThreadPool$Runner.run(QueuedThreadPool.java:925)
        at java.lang.Thread.run(Thread.java:748)
"qtp1523093869-164" daemon prio=5 tid=164 timed_waiting
java.lang.Thread.State: TIMED_WAITING
        at sun.misc.Unsafe.park(Native Method)
        at java.util.concurrent.locks.LockSupport.parkNanos(LockSupport.java:215)
        at java.util.concurrent.locks.AbstractQueuedSynchronizer$ConditionObject.awaitNanos(AbstractQueuedSynchronizer.java:2078)
        at org.eclipse.jetty.util.BlockingArrayQueue.poll(BlockingArrayQueue.java:382)
        at org.eclipse.jetty.util.thread.QueuedThreadPool$Runner.idleJobPoll(QueuedThreadPool.java:875)
        at org.eclipse.jetty.util.thread.QueuedThreadPool$Runner.run(QueuedThreadPool.java:925)
        at java.lang.Thread.run(Thread.java:748)
"Thread-238" daemon prio=5 tid=367 timed_waiting
java.lang.Thread.State: TIMED_WAITING
        at java.lang.Thread.sleep(Native Method)
        at org.apache.ratis.util.JavaUtils.sleep(JavaUtils.java:243)
        at org.apache.ratis.server.impl.FollowerState.run(FollowerState.java:97)
"BlockDeletingService#2" daemon prio=5 tid=475 in Object.wait()
java.lang.Thread.State: WAITING (on object monitor)
        at sun.misc.Unsafe.park(Native Method)
        at java.util.concurrent.locks.LockSupport.park(LockSupport.java:175)
        at java.util.concurrent.locks.AbstractQueuedSynchronizer$ConditionObject.await(AbstractQueuedSynchronizer.java:2039)
        at java.util.concurrent.ScheduledThreadPoolExecutor$DelayedWorkQueue.take(ScheduledThreadPoolExecutor.java:1088)
        at java.util.concurrent.ScheduledThreadPoolExecutor$DelayedWorkQueue.take(ScheduledThreadPoolExecutor.java:809)
        at java.util.concurrent.ThreadPoolExecutor.getTask(ThreadPoolExecutor.java:1074)
        at java.util.concurrent.ThreadPoolExecutor.runWorker(ThreadPoolExecutor.java:1134)
        at java.util.concurrent.ThreadPoolExecutor$Worker.run(ThreadPoolExecutor.java:624)
        at java.lang.Thread.run(Thread.java:748)
"Reference Handler" daemon prio=10 tid=2 in Object.wait()
java.lang.Thread.State: WAITING (on object monitor)
        at java.lang.Object.wait(Native Method)
        at java.lang.Object.wait(Object.java:502)
        at java.lang.ref.Reference.tryHandlePending(Reference.java:191)
        at java.lang.ref.Reference$ReferenceHandler.run(Reference.java:153)
"902fabd4-5f55-4bcb-bd45-7818ae89d354@group-097DD4A676AA-SegmentedRaftLogWorker"  prio=5 tid=326 timed_waiting
java.lang.Thread.State: TIMED_WAITING
        at sun.misc.Unsafe.park(Native Method)
        at java.util.concurrent.locks.LockSupport.parkNanos(LockSupport.java:215)
        at java.util.concurrent.locks.AbstractQueuedSynchronizer$ConditionObject.awaitNanos(AbstractQueuedSynchronizer.java:2078)
        at org.apache.ratis.util.DataBlockingQueue.poll(DataBlockingQueue.java:137)
        at org.apache.ratis.server.raftlog.segmented.SegmentedRaftLogWorker.run(SegmentedRaftLogWorker.java:287)
        at java.lang.Thread.run(Thread.java:748)
"EventQueue-Safe mode statusForSCMClientProtocolServer"  prio=5 tid=29 in Object.wait()
java.lang.Thread.State: WAITING (on object monitor)
        at sun.misc.Unsafe.park(Native Method)
        at java.util.concurrent.locks.LockSupport.park(LockSupport.java:175)
        at java.util.concurrent.locks.AbstractQueuedSynchronizer$ConditionObject.await(AbstractQueuedSynchronizer.java:2039)
        at java.util.concurrent.LinkedBlockingQueue.take(LinkedBlockingQueue.java:442)
        at java.util.concurrent.ThreadPoolExecutor.getTask(ThreadPoolExecutor.java:1074)
        at java.util.concurrent.ThreadPoolExecutor.runWorker(ThreadPoolExecutor.java:1134)
        at java.util.concurrent.ThreadPoolExecutor$Worker.run(ThreadPoolExecutor.java:624)
        at java.lang.Thread.run(Thread.java:748)
"PartialTableCache Cleanup Thread - 0" daemon prio=5 tid=404 in Object.wait()
java.lang.Thread.State: WAITING (on object monitor)
        at sun.misc.Unsafe.park(Native Method)
        at java.util.concurrent.locks.LockSupport.park(LockSupport.java:175)
        at java.util.concurrent.locks.AbstractQueuedSynchronizer$ConditionObject.await(AbstractQueuedSynchronizer.java:2039)
        at java.util.concurrent.LinkedBlockingQueue.take(LinkedBlockingQueue.java:442)
        at java.util.concurrent.ThreadPoolExecutor.getTask(ThreadPoolExecutor.java:1074)
        at java.util.concurrent.ThreadPoolExecutor.runWorker(ThreadPoolExecutor.java:1134)
        at java.util.concurrent.ThreadPoolExecutor$Worker.run(ThreadPoolExecutor.java:624)
        at java.lang.Thread.run(Thread.java:748)
"pool-56-thread-1"  prio=5 tid=191 timed_waiting
java.lang.Thread.State: TIMED_WAITING
        at sun.misc.Unsafe.park(Native Method)
        at java.util.concurrent.locks.LockSupport.parkNanos(LockSupport.java:215)
        at java.util.concurrent.locks.AbstractQueuedSynchronizer$ConditionObject.awaitNanos(AbstractQueuedSynchronizer.java:2078)
        at java.util.concurrent.ScheduledThreadPoolExecutor$DelayedWorkQueue.take(ScheduledThreadPoolExecutor.java:1093)
        at java.util.concurrent.ScheduledThreadPoolExecutor$DelayedWorkQueue.take(ScheduledThreadPoolExecutor.java:809)
        at java.util.concurrent.ThreadPoolExecutor.getTask(ThreadPoolExecutor.java:1074)
        at java.util.concurrent.ThreadPoolExecutor.runWorker(ThreadPoolExecutor.java:1134)
        at java.util.concurrent.ThreadPoolExecutor$Worker.run(ThreadPoolExecutor.java:624)
        at java.lang.Thread.run(Thread.java:748)
"902fabd4-5f55-4bcb-bd45-7818ae89d354@group-DE6D8316CF0F-SegmentedRaftLogWorker"  prio=5 tid=315 timed_waiting
java.lang.Thread.State: TIMED_WAITING
        at sun.misc.Unsafe.park(Native Method)
        at java.util.concurrent.locks.LockSupport.parkNanos(LockSupport.java:215)
        at java.util.concurrent.locks.AbstractQueuedSynchronizer$ConditionObject.awaitNanos(AbstractQueuedSynchronizer.java:2078)
        at org.apache.ratis.util.DataBlockingQueue.poll(DataBlockingQueue.java:137)
        at org.apache.ratis.server.raftlog.segmented.SegmentedRaftLogWorker.run(SegmentedRaftLogWorker.java:287)
        at java.lang.Thread.run(Thread.java:748)
"pool-107-thread-6"  prio=5 tid=391 in Object.wait()
java.lang.Thread.State: WAITING (on object monitor)
        at sun.misc.Unsafe.park(Native Method)
        at java.util.concurrent.locks.LockSupport.park(LockSupport.java:175)
        at java.util.concurrent.locks.AbstractQueuedSynchronizer$ConditionObject.await(AbstractQueuedSynchronizer.java:2039)
        at java.util.concurrent.LinkedBlockingQueue.take(LinkedBlockingQueue.java:442)
        at java.util.concurrent.ThreadPoolExecutor.getTask(ThreadPoolExecutor.java:1074)
        at java.util.concurrent.ThreadPoolExecutor.runWorker(ThreadPoolExecutor.java:1134)
        at java.util.concurrent.ThreadPoolExecutor$Worker.run(ThreadPoolExecutor.java:624)
        at java.lang.Thread.run(Thread.java:748)
"qtp607690808-232" daemon prio=5 tid=232 timed_waiting
java.lang.Thread.State: TIMED_WAITING
        at sun.misc.Unsafe.park(Native Method)
        at java.util.concurrent.locks.LockSupport.parkNanos(LockSupport.java:215)
        at java.util.concurrent.locks.AbstractQueuedSynchronizer$ConditionObject.awaitNanos(AbstractQueuedSynchronizer.java:2078)
        at org.eclipse.jetty.util.BlockingArrayQueue.poll(BlockingArrayQueue.java:382)
        at org.eclipse.jetty.util.thread.QueuedThreadPool$Runner.idleJobPoll(QueuedThreadPool.java:875)
        at org.eclipse.jetty.util.thread.QueuedThreadPool$Runner.run(QueuedThreadPool.java:925)
        at java.lang.Thread.run(Thread.java:748)
"qtp408132785-95" daemon prio=5 tid=95 runnable
java.lang.Thread.State: RUNNABLE
        at sun.nio.ch.EPollArrayWrapper.epollWait(Native Method)
        at sun.nio.ch.EPollArrayWrapper.poll(EPollArrayWrapper.java:269)
        at sun.nio.ch.EPollSelectorImpl.doSelect(EPollSelectorImpl.java:93)
        at sun.nio.ch.SelectorImpl.lockAndDoSelect(SelectorImpl.java:86)
        at sun.nio.ch.SelectorImpl.select(SelectorImpl.java:97)
        at sun.nio.ch.SelectorImpl.select(SelectorImpl.java:101)
        at org.eclipse.jetty.io.ManagedSelector$SelectorProducer.select(ManagedSelector.java:472)
        at org.eclipse.jetty.io.ManagedSelector$SelectorProducer.produce(ManagedSelector.java:409)
        at org.eclipse.jetty.util.thread.strategy.EatWhatYouKill.produceTask(EatWhatYouKill.java:360)
        at org.eclipse.jetty.util.thread.strategy.EatWhatYouKill.doProduce(EatWhatYouKill.java:184)
        at org.eclipse.jetty.util.thread.strategy.EatWhatYouKill.tryProduce(EatWhatYouKill.java:171)
        at org.eclipse.jetty.util.thread.strategy.EatWhatYouKill.produce(EatWhatYouKill.java:135)
        at org.eclipse.jetty.io.ManagedSelector$$Lambda$72/490475818.run(Unknown Source)
        at org.eclipse.jetty.util.thread.QueuedThreadPool.runJob(QueuedThreadPool.java:806)
        at org.eclipse.jetty.util.thread.QueuedThreadPool$Runner.run(QueuedThreadPool.java:938)
        at java.lang.Thread.run(Thread.java:748)
"Command processor thread" daemon prio=5 tid=249 timed_waiting
java.lang.Thread.State: TIMED_WAITING
        at java.lang.Thread.sleep(Native Method)
        at org.apache.hadoop.ozone.container.common.statemachine.DatanodeStateMachine.lambda$initCommandHandlerThread$1(DatanodeStateMachine.java:468)
        at org.apache.hadoop.ozone.container.common.statemachine.DatanodeStateMachine$$Lambda$171/1825412829.run(Unknown Source)
        at java.lang.Thread.run(Thread.java:748)
"IPC Server handler 10 on default port 38891" daemon prio=5 tid=45 timed_waiting
java.lang.Thread.State: TIMED_WAITING
        at sun.misc.Unsafe.park(Native Method)
        at java.util.concurrent.locks.LockSupport.parkNanos(LockSupport.java:215)
        at java.util.concurrent.locks.AbstractQueuedSynchronizer$ConditionObject.awaitNanos(AbstractQueuedSynchronizer.java:2078)
        at java.util.concurrent.LinkedBlockingQueue.poll(LinkedBlockingQueue.java:467)
        at org.apache.hadoop.ipc.CallQueueManager.take(CallQueueManager.java:295)
        at org.apache.hadoop.ipc.Server$Handler.run(Server.java:2881)
"Datanode ReportManager Thread - 3" daemon prio=5 tid=197 in Object.wait()
java.lang.Thread.State: WAITING (on object monitor)
        at sun.misc.Unsafe.park(Native Method)
        at java.util.concurrent.locks.LockSupport.park(LockSupport.java:175)
        at java.util.concurrent.locks.AbstractQueuedSynchronizer$ConditionObject.await(AbstractQueuedSynchronizer.java:2039)
        at java.util.concurrent.ScheduledThreadPoolExecutor$DelayedWorkQueue.take(ScheduledThreadPoolExecutor.java:1088)
        at java.util.concurrent.ScheduledThreadPoolExecutor$DelayedWorkQueue.take(ScheduledThreadPoolExecutor.java:809)
        at java.util.concurrent.ThreadPoolExecutor.getTask(ThreadPoolExecutor.java:1074)
        at java.util.concurrent.ThreadPoolExecutor.runWorker(ThreadPoolExecutor.java:1134)
        at java.util.concurrent.ThreadPoolExecutor$Worker.run(ThreadPoolExecutor.java:624)
        at java.lang.Thread.run(Thread.java:748)
"Datanode State Machine Thread - 0" daemon prio=5 tid=180 timed_waiting
java.lang.Thread.State: TIMED_WAITING
        at sun.misc.Unsafe.park(Native Method)
        at java.util.concurrent.locks.LockSupport.parkNanos(LockSupport.java:215)
        at java.util.concurrent.SynchronousQueue$TransferStack.awaitFulfill(SynchronousQueue.java:460)
        at java.util.concurrent.SynchronousQueue$TransferStack.transfer(SynchronousQueue.java:362)
        at java.util.concurrent.SynchronousQueue.poll(SynchronousQueue.java:941)
        at java.util.concurrent.ThreadPoolExecutor.getTask(ThreadPoolExecutor.java:1073)
        at java.util.concurrent.ThreadPoolExecutor.runWorker(ThreadPoolExecutor.java:1134)
        at java.util.concurrent.ThreadPoolExecutor$Worker.run(ThreadPoolExecutor.java:624)
        at java.lang.Thread.run(Thread.java:748)
"BlockDeletingService#3" daemon prio=5 tid=549 timed_waiting
java.lang.Thread.State: TIMED_WAITING
        at sun.misc.Unsafe.park(Native Method)
        at java.util.concurrent.locks.LockSupport.parkNanos(LockSupport.java:215)
        at java.util.concurrent.locks.AbstractQueuedSynchronizer$ConditionObject.awaitNanos(AbstractQueuedSynchronizer.java:2078)
        at java.util.concurrent.ScheduledThreadPoolExecutor$DelayedWorkQueue.take(ScheduledThreadPoolExecutor.java:1093)
        at java.util.concurrent.ScheduledThreadPoolExecutor$DelayedWorkQueue.take(ScheduledThreadPoolExecutor.java:809)
        at java.util.concurrent.ThreadPoolExecutor.getTask(ThreadPoolExecutor.java:1074)
        at java.util.concurrent.ThreadPoolExecutor.runWorker(ThreadPoolExecutor.java:1134)
        at java.util.concurrent.ThreadPoolExecutor$Worker.run(ThreadPoolExecutor.java:624)
        at java.lang.Thread.run(Thread.java:748)
"IPC Server handler 14 on default port 36429" daemon prio=5 tid=69 timed_waiting
java.lang.Thread.State: TIMED_WAITING
        at sun.misc.Unsafe.park(Native Method)
        at java.util.concurrent.locks.LockSupport.parkNanos(LockSupport.java:215)
        at java.util.concurrent.locks.AbstractQueuedSynchronizer$ConditionObject.awaitNanos(AbstractQueuedSynchronizer.java:2078)
        at java.util.concurrent.LinkedBlockingQueue.poll(LinkedBlockingQueue.java:467)
        at org.apache.hadoop.ipc.CallQueueManager.take(CallQueueManager.java:295)
        at org.apache.hadoop.ipc.Server$Handler.run(Server.java:2881)
"PartialTableCache Cleanup Thread - 0" daemon prio=5 tid=402 in Object.wait()
java.lang.Thread.State: WAITING (on object monitor)
        at sun.misc.Unsafe.park(Native Method)
        at java.util.concurrent.locks.LockSupport.park(LockSupport.java:175)
        at java.util.concurrent.locks.AbstractQueuedSynchronizer$ConditionObject.await(AbstractQueuedSynchronizer.java:2039)
        at java.util.concurrent.LinkedBlockingQueue.take(LinkedBlockingQueue.java:442)
        at java.util.concurrent.ThreadPoolExecutor.getTask(ThreadPoolExecutor.java:1074)
        at java.util.concurrent.ThreadPoolExecutor.runWorker(ThreadPoolExecutor.java:1134)
        at java.util.concurrent.ThreadPoolExecutor$Worker.run(ThreadPoolExecutor.java:624)
        at java.lang.Thread.run(Thread.java:748)
"org.apache.hadoop.util.JvmPauseMonitor$Monitor@a54acec" daemon prio=5 tid=107 timed_waiting
java.lang.Thread.State: TIMED_WAITING
        at java.lang.Thread.sleep(Native Method)
        at org.apache.hadoop.util.JvmPauseMonitor$Monitor.run(JvmPauseMonitor.java:192)
        at java.lang.Thread.run(Thread.java:748)
"EventQueue-OpenPipelineForHealthyPipelineSafeModeRule" daemon prio=5 tid=312 in Object.wait()
java.lang.Thread.State: WAITING (on object monitor)
        at sun.misc.Unsafe.park(Native Method)
        at java.util.concurrent.locks.LockSupport.park(LockSupport.java:175)
        at java.util.concurrent.locks.AbstractQueuedSynchronizer$ConditionObject.await(AbstractQueuedSynchronizer.java:2039)
        at java.util.concurrent.LinkedBlockingQueue.take(LinkedBlockingQueue.java:442)
        at java.util.concurrent.ThreadPoolExecutor.getTask(ThreadPoolExecutor.java:1074)
        at java.util.concurrent.ThreadPoolExecutor.runWorker(ThreadPoolExecutor.java:1134)
        at java.util.concurrent.ThreadPoolExecutor$Worker.run(ThreadPoolExecutor.java:624)
        at java.lang.Thread.run(Thread.java:748)
"qtp917987811-141" daemon prio=5 tid=141 runnable
java.lang.Thread.State: RUNNABLE
        at sun.nio.ch.EPollArrayWrapper.epollWait(Native Method)
        at sun.nio.ch.EPollArrayWrapper.poll(EPollArrayWrapper.java:269)
        at sun.nio.ch.EPollSelectorImpl.doSelect(EPollSelectorImpl.java:93)
        at sun.nio.ch.SelectorImpl.lockAndDoSelect(SelectorImpl.java:86)
        at sun.nio.ch.SelectorImpl.select(SelectorImpl.java:97)
        at sun.nio.ch.SelectorImpl.select(SelectorImpl.java:101)
        at org.eclipse.jetty.io.ManagedSelector$SelectorProducer.select(ManagedSelector.java:472)
        at org.eclipse.jetty.io.ManagedSelector$SelectorProducer.produce(ManagedSelector.java:409)
        at org.eclipse.jetty.util.thread.strategy.EatWhatYouKill.produceTask(EatWhatYouKill.java:360)
        at org.eclipse.jetty.util.thread.strategy.EatWhatYouKill.doProduce(EatWhatYouKill.java:184)
        at org.eclipse.jetty.util.thread.strategy.EatWhatYouKill.tryProduce(EatWhatYouKill.java:171)
        at org.eclipse.jetty.util.thread.strategy.EatWhatYouKill.produce(EatWhatYouKill.java:135)
        at org.eclipse.jetty.io.ManagedSelector$$Lambda$72/490475818.run(Unknown Source)
        at org.eclipse.jetty.util.thread.QueuedThreadPool.runJob(QueuedThreadPool.java:806)
        at org.eclipse.jetty.util.thread.QueuedThreadPool$Runner.run(QueuedThreadPool.java:938)
        at java.lang.Thread.run(Thread.java:748)
"IPC Server handler 8 on default port 41627" daemon prio=5 tid=127 timed_waiting
java.lang.Thread.State: TIMED_WAITING
        at sun.misc.Unsafe.park(Native Method)
        at java.util.concurrent.locks.LockSupport.parkNanos(LockSupport.java:215)
        at java.util.concurrent.locks.AbstractQueuedSynchronizer$ConditionObject.awaitNanos(AbstractQueuedSynchronizer.java:2078)
        at java.util.concurrent.LinkedBlockingQueue.poll(LinkedBlockingQueue.java:467)
        at org.apache.hadoop.ipc.CallQueueManager.take(CallQueueManager.java:295)
        at org.apache.hadoop.ipc.Server$Handler.run(Server.java:2881)
"BlockDeletingService#2" daemon prio=5 tid=476 in Object.wait()
java.lang.Thread.State: WAITING (on object monitor)
        at sun.misc.Unsafe.park(Native Method)
        at java.util.concurrent.locks.LockSupport.park(LockSupport.java:175)
        at java.util.concurrent.locks.AbstractQueuedSynchronizer$ConditionObject.await(AbstractQueuedSynchronizer.java:2039)
        at java.util.concurrent.ScheduledThreadPoolExecutor$DelayedWorkQueue.take(ScheduledThreadPoolExecutor.java:1088)
        at java.util.concurrent.ScheduledThreadPoolExecutor$DelayedWorkQueue.take(ScheduledThreadPoolExecutor.java:809)
        at java.util.concurrent.ThreadPoolExecutor.getTask(ThreadPoolExecutor.java:1074)
        at java.util.concurrent.ThreadPoolExecutor.runWorker(ThreadPoolExecutor.java:1134)
        at java.util.concurrent.ThreadPoolExecutor$Worker.run(ThreadPoolExecutor.java:624)
        at java.lang.Thread.run(Thread.java:748)
"Thread-227" daemon prio=5 tid=356 timed_waiting
java.lang.Thread.State: TIMED_WAITING
        at sun.misc.Unsafe.park(Native Method)
        at java.util.concurrent.locks.LockSupport.parkNanos(LockSupport.java:215)
        at java.util.concurrent.locks.AbstractQueuedSynchronizer$ConditionObject.awaitNanos(AbstractQueuedSynchronizer.java:2078)
        at java.util.concurrent.ArrayBlockingQueue.poll(ArrayBlockingQueue.java:418)
        at org.apache.ratis.server.impl.LeaderState$EventQueue.poll(LeaderState.java:121)
        at org.apache.ratis.server.impl.LeaderState$EventProcessor.run(LeaderState.java:496)
"qtp917987811-146" daemon prio=5 tid=146 timed_waiting
java.lang.Thread.State: TIMED_WAITING
        at sun.misc.Unsafe.park(Native Method)
        at java.util.concurrent.locks.LockSupport.parkNanos(LockSupport.java:215)
        at java.util.concurrent.locks.AbstractQueuedSynchronizer$ConditionObject.awaitNanos(AbstractQueuedSynchronizer.java:2078)
        at org.eclipse.jetty.util.BlockingArrayQueue.poll(BlockingArrayQueue.java:382)
        at org.eclipse.jetty.util.thread.QueuedThreadPool$Runner.idleJobPoll(QueuedThreadPool.java:875)
        at org.eclipse.jetty.util.thread.QueuedThreadPool$Runner.run(QueuedThreadPool.java:925)
        at java.lang.Thread.run(Thread.java:748)
"qtp437671997-255-acceptor-0@7cd4f1a0-ServerConnector@62109320{HTTP/1.1,[http/1.1]}{0.0.0.0:43619}" daemon prio=3 tid=255 runnable
java.lang.Thread.State: RUNNABLE
        at sun.nio.ch.ServerSocketChannelImpl.accept0(Native Method)
        at sun.nio.ch.ServerSocketChannelImpl.accept(ServerSocketChannelImpl.java:422)
        at sun.nio.ch.ServerSocketChannelImpl.accept(ServerSocketChannelImpl.java:250)
        at org.eclipse.jetty.server.ServerConnector.accept(ServerConnector.java:385)
        at org.eclipse.jetty.server.AbstractConnector$Acceptor.run(AbstractConnector.java:701)
        at org.eclipse.jetty.util.thread.QueuedThreadPool.runJob(QueuedThreadPool.java:806)
        at org.eclipse.jetty.util.thread.QueuedThreadPool$Runner.run(QueuedThreadPool.java:938)
        at java.lang.Thread.run(Thread.java:748)
"qtp1004931143-189" daemon prio=5 tid=189 timed_waiting
java.lang.Thread.State: TIMED_WAITING
        at sun.misc.Unsafe.park(Native Method)
        at java.util.concurrent.locks.LockSupport.parkNanos(LockSupport.java:215)
        at java.util.concurrent.locks.AbstractQueuedSynchronizer$ConditionObject.awaitNanos(AbstractQueuedSynchronizer.java:2078)
        at org.eclipse.jetty.util.BlockingArrayQueue.poll(BlockingArrayQueue.java:382)
        at org.eclipse.jetty.util.thread.QueuedThreadPool$Runner.idleJobPoll(QueuedThreadPool.java:875)
        at org.eclipse.jetty.util.thread.QueuedThreadPool$Runner.run(QueuedThreadPool.java:925)
        at java.lang.Thread.run(Thread.java:748)
"Datanode ReportManager Thread - 2" daemon prio=5 tid=175 timed_waiting
java.lang.Thread.State: TIMED_WAITING
        at sun.misc.Unsafe.park(Native Method)
        at java.util.concurrent.locks.LockSupport.parkNanos(LockSupport.java:215)
        at java.util.concurrent.locks.AbstractQueuedSynchronizer$ConditionObject.awaitNanos(AbstractQueuedSynchronizer.java:2078)
        at java.util.concurrent.ScheduledThreadPoolExecutor$DelayedWorkQueue.take(ScheduledThreadPoolExecutor.java:1093)
        at java.util.concurrent.ScheduledThreadPoolExecutor$DelayedWorkQueue.take(ScheduledThreadPoolExecutor.java:809)
        at java.util.concurrent.ThreadPoolExecutor.getTask(ThreadPoolExecutor.java:1074)
        at java.util.concurrent.ThreadPoolExecutor.runWorker(ThreadPoolExecutor.java:1134)
        at java.util.concurrent.ThreadPoolExecutor$Worker.run(ThreadPoolExecutor.java:624)
        at java.lang.Thread.run(Thread.java:748)
"IPC Server handler 16 on default port 41627" daemon prio=5 tid=135 timed_waiting
java.lang.Thread.State: TIMED_WAITING
        at sun.misc.Unsafe.park(Native Method)
        at java.util.concurrent.locks.LockSupport.parkNanos(LockSupport.java:215)
        at java.util.concurrent.locks.AbstractQueuedSynchronizer$ConditionObject.awaitNanos(AbstractQueuedSynchronizer.java:2078)
        at java.util.concurrent.LinkedBlockingQueue.poll(LinkedBlockingQueue.java:467)
        at org.apache.hadoop.ipc.CallQueueManager.take(CallQueueManager.java:295)
        at org.apache.hadoop.ipc.Server$Handler.run(Server.java:2881)
"BlockDeletingService#3" daemon prio=5 tid=550 timed_waiting
java.lang.Thread.State: TIMED_WAITING
        at sun.misc.Unsafe.park(Native Method)
        at java.util.concurrent.locks.LockSupport.parkNanos(LockSupport.java:215)
        at java.util.concurrent.locks.AbstractQueuedSynchronizer$ConditionObject.awaitNanos(AbstractQueuedSynchronizer.java:2078)
        at java.util.concurrent.ScheduledThreadPoolExecutor$DelayedWorkQueue.take(ScheduledThreadPoolExecutor.java:1093)
        at java.util.concurrent.ScheduledThreadPoolExecutor$DelayedWorkQueue.take(ScheduledThreadPoolExecutor.java:809)
        at java.util.concurrent.ThreadPoolExecutor.getTask(ThreadPoolExecutor.java:1074)
        at java.util.concurrent.ThreadPoolExecutor.runWorker(ThreadPoolExecutor.java:1134)
        at java.util.concurrent.ThreadPoolExecutor$Worker.run(ThreadPoolExecutor.java:624)
        at java.lang.Thread.run(Thread.java:748)
"qtp1523093869-159-acceptor-0@37af3ddd-ServerConnector@4667c6d9{HTTP/1.1,[http/1.1]}{0.0.0.0:44845}" daemon prio=3 tid=159 runnable
java.lang.Thread.State: RUNNABLE
        at sun.nio.ch.ServerSocketChannelImpl.accept0(Native Method)
        at sun.nio.ch.ServerSocketChannelImpl.accept(ServerSocketChannelImpl.java:422)
        at sun.nio.ch.ServerSocketChannelImpl.accept(ServerSocketChannelImpl.java:250)
        at org.eclipse.jetty.server.ServerConnector.accept(ServerConnector.java:385)
        at org.eclipse.jetty.server.AbstractConnector$Acceptor.run(AbstractConnector.java:701)
        at org.eclipse.jetty.util.thread.QueuedThreadPool.runJob(QueuedThreadPool.java:806)
        at org.eclipse.jetty.util.thread.QueuedThreadPool$Runner.run(QueuedThreadPool.java:938)
        at java.lang.Thread.run(Thread.java:748)
"IPC Server handler 4 on default port 36429" daemon prio=5 tid=59 timed_waiting
java.lang.Thread.State: TIMED_WAITING
        at sun.misc.Unsafe.park(Native Method)
        at java.util.concurrent.locks.LockSupport.parkNanos(LockSupport.java:215)
        at java.util.concurrent.locks.AbstractQueuedSynchronizer$ConditionObject.awaitNanos(AbstractQueuedSynchronizer.java:2078)
        at java.util.concurrent.LinkedBlockingQueue.poll(LinkedBlockingQueue.java:467)
        at org.apache.hadoop.ipc.CallQueueManager.take(CallQueueManager.java:295)
        at org.apache.hadoop.ipc.Server$Handler.run(Server.java:2881)
"Datanode ReportManager Thread - 1" daemon prio=5 tid=174 in Object.wait()
java.lang.Thread.State: WAITING (on object monitor)
        at sun.misc.Unsafe.park(Native Method)
        at java.util.concurrent.locks.LockSupport.park(LockSupport.java:175)
        at java.util.concurrent.locks.AbstractQueuedSynchronizer$ConditionObject.await(AbstractQueuedSynchronizer.java:2039)
        at java.util.concurrent.ScheduledThreadPoolExecutor$DelayedWorkQueue.take(ScheduledThreadPoolExecutor.java:1088)
        at java.util.concurrent.ScheduledThreadPoolExecutor$DelayedWorkQueue.take(ScheduledThreadPoolExecutor.java:809)
        at java.util.concurrent.ThreadPoolExecutor.getTask(ThreadPoolExecutor.java:1074)
        at java.util.concurrent.ThreadPoolExecutor.runWorker(ThreadPoolExecutor.java:1134)
        at java.util.concurrent.ThreadPoolExecutor$Worker.run(ThreadPoolExecutor.java:624)
        at java.lang.Thread.run(Thread.java:748)
"IPC Server handler 17 on default port 38891" daemon prio=5 tid=52 timed_waiting
java.lang.Thread.State: TIMED_WAITING
        at sun.misc.Unsafe.park(Native Method)
        at java.util.concurrent.locks.LockSupport.parkNanos(LockSupport.java:215)
        at java.util.concurrent.locks.AbstractQueuedSynchronizer$ConditionObject.awaitNanos(AbstractQueuedSynchronizer.java:2078)
        at java.util.concurrent.LinkedBlockingQueue.poll(LinkedBlockingQueue.java:467)
        at org.apache.hadoop.ipc.CallQueueManager.take(CallQueueManager.java:295)
        at org.apache.hadoop.ipc.Server$Handler.run(Server.java:2881)
"pool-92-thread-1" daemon prio=5 tid=244 timed_waiting
java.lang.Thread.State: TIMED_WAITING
        at sun.misc.Unsafe.park(Native Method)
        at java.util.concurrent.locks.LockSupport.parkNanos(LockSupport.java:215)
        at java.util.concurrent.locks.AbstractQueuedSynchronizer$ConditionObject.awaitNanos(AbstractQueuedSynchronizer.java:2078)
        at java.util.concurrent.ScheduledThreadPoolExecutor$DelayedWorkQueue.take(ScheduledThreadPoolExecutor.java:1093)
        at java.util.concurrent.ScheduledThreadPoolExecutor$DelayedWorkQueue.take(ScheduledThreadPoolExecutor.java:809)
        at java.util.concurrent.ThreadPoolExecutor.getTask(ThreadPoolExecutor.java:1074)
        at java.util.concurrent.ThreadPoolExecutor.runWorker(ThreadPoolExecutor.java:1134)
        at java.util.concurrent.ThreadPoolExecutor$Worker.run(ThreadPoolExecutor.java:624)
        at java.lang.Thread.run(Thread.java:748)
"EventQueue-Safe mode statusForBlockManagerImpl"  prio=5 tid=30 in Object.wait()
java.lang.Thread.State: WAITING (on object monitor)
        at sun.misc.Unsafe.park(Native Method)
        at java.util.concurrent.locks.LockSupport.park(LockSupport.java:175)
        at java.util.concurrent.locks.AbstractQueuedSynchronizer$ConditionObject.await(AbstractQueuedSynchronizer.java:2039)
        at java.util.concurrent.LinkedBlockingQueue.take(LinkedBlockingQueue.java:442)
        at java.util.concurrent.ThreadPoolExecutor.getTask(ThreadPoolExecutor.java:1074)
        at java.util.concurrent.ThreadPoolExecutor.runWorker(ThreadPoolExecutor.java:1134)
        at java.util.concurrent.ThreadPoolExecutor$Worker.run(ThreadPoolExecutor.java:624)
        at java.lang.Thread.run(Thread.java:748)
"qtp1004931143-183-acceptor-0@2fac157f-ServerConnector@3fecdd00{HTTP/1.1,[http/1.1]}{0.0.0.0:37283}" daemon prio=3 tid=183 runnable
java.lang.Thread.State: RUNNABLE
        at sun.nio.ch.ServerSocketChannelImpl.accept0(Native Method)
        at sun.nio.ch.ServerSocketChannelImpl.accept(ServerSocketChannelImpl.java:422)
        at sun.nio.ch.ServerSocketChannelImpl.accept(ServerSocketChannelImpl.java:250)
        at org.eclipse.jetty.server.ServerConnector.accept(ServerConnector.java:385)
        at org.eclipse.jetty.server.AbstractConnector$Acceptor.run(AbstractConnector.java:701)
        at org.eclipse.jetty.util.thread.QueuedThreadPool.runJob(QueuedThreadPool.java:806)
        at org.eclipse.jetty.util.thread.QueuedThreadPool$Runner.run(QueuedThreadPool.java:938)
        at java.lang.Thread.run(Thread.java:748)
"pool-67-thread-1"  prio=5 tid=321 in Object.wait()
java.lang.Thread.State: WAITING (on object monitor)
        at sun.misc.Unsafe.park(Native Method)
        at java.util.concurrent.locks.LockSupport.park(LockSupport.java:175)
        at java.util.concurrent.locks.AbstractQueuedSynchronizer$ConditionObject.await(AbstractQueuedSynchronizer.java:2039)
        at java.util.concurrent.LinkedBlockingQueue.take(LinkedBlockingQueue.java:442)
        at java.util.concurrent.ThreadPoolExecutor.getTask(ThreadPoolExecutor.java:1074)
        at java.util.concurrent.ThreadPoolExecutor.runWorker(ThreadPoolExecutor.java:1134)
        at java.util.concurrent.ThreadPoolExecutor$Worker.run(ThreadPoolExecutor.java:624)
        at java.lang.Thread.run(Thread.java:748)
"IPC Server handler 1 on default port 41627" daemon prio=5 tid=120 timed_waiting
java.lang.Thread.State: TIMED_WAITING
        at sun.misc.Unsafe.park(Native Method)
        at java.util.concurrent.locks.LockSupport.parkNanos(LockSupport.java:215)
        at java.util.concurrent.locks.AbstractQueuedSynchronizer$ConditionObject.awaitNanos(AbstractQueuedSynchronizer.java:2078)
        at java.util.concurrent.LinkedBlockingQueue.poll(LinkedBlockingQueue.java:467)
        at org.apache.hadoop.ipc.CallQueueManager.take(CallQueueManager.java:295)
        at org.apache.hadoop.ipc.Server$Handler.run(Server.java:2881)
"qtp607690808-237" daemon prio=5 tid=237 timed_waiting
java.lang.Thread.State: TIMED_WAITING
        at sun.misc.Unsafe.park(Native Method)
        at java.util.concurrent.locks.LockSupport.parkNanos(LockSupport.java:215)
        at java.util.concurrent.locks.AbstractQueuedSynchronizer$ConditionObject.awaitNanos(AbstractQueuedSynchronizer.java:2078)
        at org.eclipse.jetty.util.BlockingArrayQueue.poll(BlockingArrayQueue.java:382)
        at org.eclipse.jetty.util.thread.QueuedThreadPool$Runner.idleJobPoll(QueuedThreadPool.java:875)
        at org.eclipse.jetty.util.thread.QueuedThreadPool$Runner.run(QueuedThreadPool.java:925)
        at java.lang.Thread.run(Thread.java:748)
"qtp917987811-145" daemon prio=5 tid=145 timed_waiting
java.lang.Thread.State: TIMED_WAITING
        at sun.misc.Unsafe.park(Native Method)
        at java.util.concurrent.locks.LockSupport.parkNanos(LockSupport.java:215)
        at java.util.concurrent.locks.AbstractQueuedSynchronizer$ConditionObject.awaitNanos(AbstractQueuedSynchronizer.java:2078)
        at org.eclipse.jetty.util.BlockingArrayQueue.poll(BlockingArrayQueue.java:382)
        at org.eclipse.jetty.util.thread.QueuedThreadPool$Runner.idleJobPoll(QueuedThreadPool.java:875)
        at org.eclipse.jetty.util.thread.QueuedThreadPool$Runner.run(QueuedThreadPool.java:925)
        at java.lang.Thread.run(Thread.java:748)
"qtp1227983914-208" daemon prio=5 tid=208 timed_waiting
java.lang.Thread.State: TIMED_WAITING
        at sun.misc.Unsafe.park(Native Method)
        at java.util.concurrent.locks.LockSupport.parkNanos(LockSupport.java:215)
        at java.util.concurrent.locks.AbstractQueuedSynchronizer$ConditionObject.awaitNanos(AbstractQueuedSynchronizer.java:2078)
        at org.eclipse.jetty.util.BlockingArrayQueue.poll(BlockingArrayQueue.java:382)
        at org.eclipse.jetty.util.thread.QueuedThreadPool$Runner.idleJobPoll(QueuedThreadPool.java:875)
        at org.eclipse.jetty.util.thread.QueuedThreadPool$Runner.run(QueuedThreadPool.java:925)
        at java.lang.Thread.run(Thread.java:748)
"Command processor thread" daemon prio=5 tid=177 timed_waiting
java.lang.Thread.State: TIMED_WAITING
        at java.lang.Thread.sleep(Native Method)
        at org.apache.hadoop.ozone.container.common.statemachine.DatanodeStateMachine.lambda$initCommandHandlerThread$1(DatanodeStateMachine.java:468)
        at org.apache.hadoop.ozone.container.common.statemachine.DatanodeStateMachine$$Lambda$171/1825412829.run(Unknown Source)
        at java.lang.Thread.run(Thread.java:748)
"pool-99-thread-1"  prio=5 tid=338 in Object.wait()
java.lang.Thread.State: WAITING (on object monitor)
        at sun.misc.Unsafe.park(Native Method)
        at java.util.concurrent.locks.LockSupport.park(LockSupport.java:175)
        at java.util.concurrent.locks.AbstractQueuedSynchronizer$ConditionObject.await(AbstractQueuedSynchronizer.java:2039)
        at java.util.concurrent.LinkedBlockingQueue.take(LinkedBlockingQueue.java:442)
        at java.util.concurrent.ThreadPoolExecutor.getTask(ThreadPoolExecutor.java:1074)
        at java.util.concurrent.ThreadPoolExecutor.runWorker(ThreadPoolExecutor.java:1134)
        at java.util.concurrent.ThreadPoolExecutor$Worker.run(ThreadPoolExecutor.java:624)
        at java.lang.Thread.run(Thread.java:748)
"ChunkWriter-3-0" daemon prio=5 tid=276 in Object.wait()
java.lang.Thread.State: WAITING (on object monitor)
        at sun.misc.Unsafe.park(Native Method)
        at java.util.concurrent.locks.LockSupport.park(LockSupport.java:175)
        at java.util.concurrent.locks.AbstractQueuedSynchronizer$ConditionObject.await(AbstractQueuedSynchronizer.java:2039)
        at java.util.concurrent.LinkedBlockingDeque.takeFirst(LinkedBlockingDeque.java:492)
        at java.util.concurrent.LinkedBlockingDeque.take(LinkedBlockingDeque.java:680)
        at java.util.concurrent.ThreadPoolExecutor.getTask(ThreadPoolExecutor.java:1074)
        at java.util.concurrent.ThreadPoolExecutor.runWorker(ThreadPoolExecutor.java:1134)
        at java.util.concurrent.ThreadPoolExecutor$Worker.run(ThreadPoolExecutor.java:624)
        at java.lang.Thread.run(Thread.java:748)
"qtp408132785-102" daemon prio=5 tid=102 timed_waiting
java.lang.Thread.State: TIMED_WAITING
        at sun.misc.Unsafe.park(Native Method)
        at java.util.concurrent.locks.LockSupport.parkNanos(LockSupport.java:215)
        at java.util.concurrent.locks.AbstractQueuedSynchronizer$ConditionObject.awaitNanos(AbstractQueuedSynchronizer.java:2078)
        at org.eclipse.jetty.util.BlockingArrayQueue.poll(BlockingArrayQueue.java:382)
        at org.eclipse.jetty.util.thread.QueuedThreadPool$Runner.idleJobPoll(QueuedThreadPool.java:875)
        at org.eclipse.jetty.util.thread.QueuedThreadPool$Runner.run(QueuedThreadPool.java:925)
        at java.lang.Thread.run(Thread.java:748)
"IPC Server handler 19 on default port 41279" daemon prio=5 tid=94 timed_waiting
java.lang.Thread.State: TIMED_WAITING
        at sun.misc.Unsafe.park(Native Method)
        at java.util.concurrent.locks.LockSupport.parkNanos(LockSupport.java:215)
        at java.util.concurrent.locks.AbstractQueuedSynchronizer$ConditionObject.awaitNanos(AbstractQueuedSynchronizer.java:2078)
        at java.util.concurrent.LinkedBlockingQueue.poll(LinkedBlockingQueue.java:467)
        at org.apache.hadoop.ipc.CallQueueManager.take(CallQueueManager.java:295)
        at org.apache.hadoop.ipc.Server$Handler.run(Server.java:2881)
"pool-72-thread-1"  prio=5 tid=215 timed_waiting
java.lang.Thread.State: TIMED_WAITING
        at sun.misc.Unsafe.park(Native Method)
        at java.util.concurrent.locks.LockSupport.parkNanos(LockSupport.java:215)
        at java.util.concurrent.locks.AbstractQueuedSynchronizer$ConditionObject.awaitNanos(AbstractQueuedSynchronizer.java:2078)
        at java.util.concurrent.ScheduledThreadPoolExecutor$DelayedWorkQueue.take(ScheduledThreadPoolExecutor.java:1093)
        at java.util.concurrent.ScheduledThreadPoolExecutor$DelayedWorkQueue.take(ScheduledThreadPoolExecutor.java:809)
        at java.util.concurrent.ThreadPoolExecutor.getTask(ThreadPoolExecutor.java:1074)
        at java.util.concurrent.ThreadPoolExecutor.runWorker(ThreadPoolExecutor.java:1134)
        at java.util.concurrent.ThreadPoolExecutor$Worker.run(ThreadPoolExecutor.java:624)
        at java.lang.Thread.run(Thread.java:748)
"pool-39-thread-1"  prio=5 tid=157 timed_waiting
java.lang.Thread.State: TIMED_WAITING
        at sun.misc.Unsafe.park(Native Method)
        at java.util.concurrent.locks.LockSupport.parkNanos(LockSupport.java:215)
        at java.util.concurrent.locks.AbstractQueuedSynchronizer$ConditionObject.awaitNanos(AbstractQueuedSynchronizer.java:2078)
        at java.util.concurrent.ScheduledThreadPoolExecutor$DelayedWorkQueue.take(ScheduledThreadPoolExecutor.java:1093)
        at java.util.concurrent.ScheduledThreadPoolExecutor$DelayedWorkQueue.take(ScheduledThreadPoolExecutor.java:809)
        at java.util.concurrent.ThreadPoolExecutor.getTask(ThreadPoolExecutor.java:1074)
        at java.util.concurrent.ThreadPoolExecutor.runWorker(ThreadPoolExecutor.java:1134)
        at java.util.concurrent.ThreadPoolExecutor$Worker.run(ThreadPoolExecutor.java:624)
        at java.lang.Thread.run(Thread.java:748)
"IPC Server handler 5 on default port 41279" daemon prio=5 tid=80 timed_waiting
java.lang.Thread.State: TIMED_WAITING
        at sun.misc.Unsafe.park(Native Method)
        at java.util.concurrent.locks.LockSupport.parkNanos(LockSupport.java:215)
        at java.util.concurrent.locks.AbstractQueuedSynchronizer$ConditionObject.awaitNanos(AbstractQueuedSynchronizer.java:2078)
        at java.util.concurrent.LinkedBlockingQueue.poll(LinkedBlockingQueue.java:467)
        at org.apache.hadoop.ipc.CallQueueManager.take(CallQueueManager.java:295)
        at org.apache.hadoop.ipc.Server$Handler.run(Server.java:2881)
"BlockDeletingService#4" daemon prio=5 tid=624 in Object.wait()
java.lang.Thread.State: WAITING (on object monitor)
        at sun.misc.Unsafe.park(Native Method)
        at java.util.concurrent.locks.LockSupport.park(LockSupport.java:175)
        at java.util.concurrent.locks.AbstractQueuedSynchronizer$ConditionObject.await(AbstractQueuedSynchronizer.java:2039)
        at java.util.concurrent.ScheduledThreadPoolExecutor$DelayedWorkQueue.take(ScheduledThreadPoolExecutor.java:1088)
        at java.util.concurrent.ScheduledThreadPoolExecutor$DelayedWorkQueue.take(ScheduledThreadPoolExecutor.java:809)
        at java.util.concurrent.ThreadPoolExecutor.getTask(ThreadPoolExecutor.java:1074)
        at java.util.concurrent.ThreadPoolExecutor.runWorker(ThreadPoolExecutor.java:1134)
        at java.util.concurrent.ThreadPoolExecutor$Worker.run(ThreadPoolExecutor.java:624)
        at java.lang.Thread.run(Thread.java:748)
"a0aacd28-4468-409f-aa57-a8c1d52d114c@group-B47274244063-SegmentedRaftLogWorker"  prio=5 tid=316 timed_waiting
java.lang.Thread.State: TIMED_WAITING
        at sun.misc.Unsafe.park(Native Method)
        at java.util.concurrent.locks.LockSupport.parkNanos(LockSupport.java:215)
        at java.util.concurrent.locks.AbstractQueuedSynchronizer$ConditionObject.awaitNanos(AbstractQueuedSynchronizer.java:2078)
        at org.apache.ratis.util.DataBlockingQueue.poll(DataBlockingQueue.java:137)
        at org.apache.ratis.server.raftlog.segmented.SegmentedRaftLogWorker.run(SegmentedRaftLogWorker.java:287)
        at java.lang.Thread.run(Thread.java:748)
"IPC Server handler 13 on default port 41627" daemon prio=5 tid=132 timed_waiting
java.lang.Thread.State: TIMED_WAITING
        at sun.misc.Unsafe.park(Native Method)
        at java.util.concurrent.locks.LockSupport.parkNanos(LockSupport.java:215)
        at java.util.concurrent.locks.AbstractQueuedSynchronizer$ConditionObject.awaitNanos(AbstractQueuedSynchronizer.java:2078)
        at java.util.concurrent.LinkedBlockingQueue.poll(LinkedBlockingQueue.java:467)
        at org.apache.hadoop.ipc.CallQueueManager.take(CallQueueManager.java:295)
        at org.apache.hadoop.ipc.Server$Handler.run(Server.java:2881)
"Datanode ReportManager Thread - 1" daemon prio=5 tid=266 timed_waiting
java.lang.Thread.State: TIMED_WAITING
        at sun.misc.Unsafe.park(Native Method)
        at java.util.concurrent.locks.LockSupport.parkNanos(LockSupport.java:215)
        at java.util.concurrent.locks.AbstractQueuedSynchronizer$ConditionObject.awaitNanos(AbstractQueuedSynchronizer.java:2078)
        at java.util.concurrent.ScheduledThreadPoolExecutor$DelayedWorkQueue.take(ScheduledThreadPoolExecutor.java:1093)
        at java.util.concurrent.ScheduledThreadPoolExecutor$DelayedWorkQueue.take(ScheduledThreadPoolExecutor.java:809)
        at java.util.concurrent.ThreadPoolExecutor.getTask(ThreadPoolExecutor.java:1074)
        at java.util.concurrent.ThreadPoolExecutor.runWorker(ThreadPoolExecutor.java:1134)
        at java.util.concurrent.ThreadPoolExecutor$Worker.run(ThreadPoolExecutor.java:624)
        at java.lang.Thread.run(Thread.java:748)
"IPC Server handler 8 on default port 38891" daemon prio=5 tid=43 timed_waiting
java.lang.Thread.State: TIMED_WAITING
        at sun.misc.Unsafe.park(Native Method)
        at java.util.concurrent.locks.LockSupport.parkNanos(LockSupport.java:215)
        at java.util.concurrent.locks.AbstractQueuedSynchronizer$ConditionObject.awaitNanos(AbstractQueuedSynchronizer.java:2078)
        at java.util.concurrent.LinkedBlockingQueue.poll(LinkedBlockingQueue.java:467)
        at org.apache.hadoop.ipc.CallQueueManager.take(CallQueueManager.java:295)
        at org.apache.hadoop.ipc.Server$Handler.run(Server.java:2881)
"qtp1004931143-185" daemon prio=5 tid=185 timed_waiting
java.lang.Thread.State: TIMED_WAITING
        at sun.misc.Unsafe.park(Native Method)
        at java.util.concurrent.locks.LockSupport.parkNanos(LockSupport.java:215)
        at java.util.concurrent.locks.AbstractQueuedSynchronizer$ConditionObject.awaitNanos(AbstractQueuedSynchronizer.java:2078)
        at org.eclipse.jetty.util.BlockingArrayQueue.poll(BlockingArrayQueue.java:382)
        at org.eclipse.jetty.util.thread.QueuedThreadPool$Runner.idleJobPoll(QueuedThreadPool.java:875)
        at org.eclipse.jetty.util.thread.QueuedThreadPool$Runner.run(QueuedThreadPool.java:925)
        at java.lang.Thread.run(Thread.java:748)
"Datanode State Machine Thread - 0" daemon prio=5 tid=200 timed_waiting
java.lang.Thread.State: TIMED_WAITING
        at sun.misc.Unsafe.park(Native Method)
        at java.util.concurrent.locks.LockSupport.parkNanos(LockSupport.java:215)
        at java.util.concurrent.SynchronousQueue$TransferStack.awaitFulfill(SynchronousQueue.java:460)
        at java.util.concurrent.SynchronousQueue$TransferStack.transfer(SynchronousQueue.java:362)
        at java.util.concurrent.SynchronousQueue.poll(SynchronousQueue.java:941)
        at java.util.concurrent.ThreadPoolExecutor.getTask(ThreadPoolExecutor.java:1073)
        at java.util.concurrent.ThreadPoolExecutor.runWorker(ThreadPoolExecutor.java:1134)
        at java.util.concurrent.ThreadPoolExecutor$Worker.run(ThreadPoolExecutor.java:624)
        at java.lang.Thread.run(Thread.java:748)
"pool-55-thread-1"  prio=5 tid=181 timed_waiting
java.lang.Thread.State: TIMED_WAITING
        at sun.misc.Unsafe.park(Native Method)
        at java.util.concurrent.locks.LockSupport.parkNanos(LockSupport.java:215)
        at java.util.concurrent.locks.AbstractQueuedSynchronizer$ConditionObject.awaitNanos(AbstractQueuedSynchronizer.java:2078)
        at java.util.concurrent.ScheduledThreadPoolExecutor$DelayedWorkQueue.take(ScheduledThreadPoolExecutor.java:1093)
        at java.util.concurrent.ScheduledThreadPoolExecutor$DelayedWorkQueue.take(ScheduledThreadPoolExecutor.java:809)
        at java.util.concurrent.ThreadPoolExecutor.getTask(ThreadPoolExecutor.java:1074)
        at java.util.concurrent.ThreadPoolExecutor.runWorker(ThreadPoolExecutor.java:1134)
        at java.util.concurrent.ThreadPoolExecutor$Worker.run(ThreadPoolExecutor.java:624)
        at java.lang.Thread.run(Thread.java:748)
"IPC Server handler 13 on default port 38891" daemon prio=5 tid=48 timed_waiting
java.lang.Thread.State: TIMED_WAITING
        at sun.misc.Unsafe.park(Native Method)
        at java.util.concurrent.locks.LockSupport.parkNanos(LockSupport.java:215)
        at java.util.concurrent.locks.AbstractQueuedSynchronizer$ConditionObject.awaitNanos(AbstractQueuedSynchronizer.java:2078)
        at java.util.concurrent.LinkedBlockingQueue.poll(LinkedBlockingQueue.java:467)
        at org.apache.hadoop.ipc.CallQueueManager.take(CallQueueManager.java:295)
        at org.apache.hadoop.ipc.Server$Handler.run(Server.java:2881)
"IPC Server handler 17 on default port 41627" daemon prio=5 tid=136 timed_waiting
java.lang.Thread.State: TIMED_WAITING
        at sun.misc.Unsafe.park(Native Method)
        at java.util.concurrent.locks.LockSupport.parkNanos(LockSupport.java:215)
        at java.util.concurrent.locks.AbstractQueuedSynchronizer$ConditionObject.awaitNanos(AbstractQueuedSynchronizer.java:2078)
        at java.util.concurrent.LinkedBlockingQueue.poll(LinkedBlockingQueue.java:467)
        at org.apache.hadoop.ipc.CallQueueManager.take(CallQueueManager.java:295)
        at org.apache.hadoop.ipc.Server$Handler.run(Server.java:2881)
"IPC Server handler 6 on default port 38891" daemon prio=5 tid=41 timed_waiting
java.lang.Thread.State: TIMED_WAITING
        at sun.misc.Unsafe.park(Native Method)
        at java.util.concurrent.locks.LockSupport.parkNanos(LockSupport.java:215)
        at java.util.concurrent.locks.AbstractQueuedSynchronizer$ConditionObject.awaitNanos(AbstractQueuedSynchronizer.java:2078)
        at java.util.concurrent.LinkedBlockingQueue.poll(LinkedBlockingQueue.java:467)
        at org.apache.hadoop.ipc.CallQueueManager.take(CallQueueManager.java:295)
        at org.apache.hadoop.ipc.Server$Handler.run(Server.java:2881)
"ReplicationMonitor" daemon prio=5 tid=420 timed_waiting
java.lang.Thread.State: TIMED_WAITING
        at java.lang.Object.wait(Native Method)
        at org.apache.hadoop.hdds.scm.container.ReplicationManager.run(ReplicationManager.java:235)
        at org.apache.hadoop.hdds.scm.container.ReplicationManager$$Lambda$694/75324265.run(Unknown Source)
        at java.lang.Thread.run(Thread.java:748)
"IPC Server handler 7 on default port 38891" daemon prio=5 tid=42 timed_waiting
java.lang.Thread.State: TIMED_WAITING
        at sun.misc.Unsafe.park(Native Method)
        at java.util.concurrent.locks.LockSupport.parkNanos(LockSupport.java:215)
        at java.util.concurrent.locks.AbstractQueuedSynchronizer$ConditionObject.awaitNanos(AbstractQueuedSynchronizer.java:2078)
        at java.util.concurrent.LinkedBlockingQueue.poll(LinkedBlockingQueue.java:467)
        at org.apache.hadoop.ipc.CallQueueManager.take(CallQueueManager.java:295)
        at org.apache.hadoop.ipc.Server$Handler.run(Server.java:2881)
"Datanode ReportManager Thread - 3" daemon prio=5 tid=176 in Object.wait()
java.lang.Thread.State: WAITING (on object monitor)
        at sun.misc.Unsafe.park(Native Method)
        at java.util.concurrent.locks.LockSupport.park(LockSupport.java:175)
        at java.util.concurrent.locks.AbstractQueuedSynchronizer$ConditionObject.await(AbstractQueuedSynchronizer.java:2039)
        at java.util.concurrent.ScheduledThreadPoolExecutor$DelayedWorkQueue.take(ScheduledThreadPoolExecutor.java:1088)
        at java.util.concurrent.ScheduledThreadPoolExecutor$DelayedWorkQueue.take(ScheduledThreadPoolExecutor.java:809)
        at java.util.concurrent.ThreadPoolExecutor.getTask(ThreadPoolExecutor.java:1074)
        at java.util.concurrent.ThreadPoolExecutor.runWorker(ThreadPoolExecutor.java:1134)
        at java.util.concurrent.ThreadPoolExecutor$Worker.run(ThreadPoolExecutor.java:624)
        at java.lang.Thread.run(Thread.java:748)
"org.apache.hadoop.util.JvmPauseMonitor$Monitor@126518c3" daemon prio=5 tid=226 timed_waiting
java.lang.Thread.State: TIMED_WAITING
        at java.lang.Thread.sleep(Native Method)
        at org.apache.hadoop.util.JvmPauseMonitor$Monitor.run(JvmPauseMonitor.java:192)
        at java.lang.Thread.run(Thread.java:748)
"IPC Server handler 12 on default port 41279" daemon prio=5 tid=87 timed_waiting
java.lang.Thread.State: TIMED_WAITING
        at sun.misc.Unsafe.park(Native Method)
        at java.util.concurrent.locks.LockSupport.parkNanos(LockSupport.java:215)
        at java.util.concurrent.locks.AbstractQueuedSynchronizer$ConditionObject.awaitNanos(AbstractQueuedSynchronizer.java:2078)
        at java.util.concurrent.LinkedBlockingQueue.poll(LinkedBlockingQueue.java:467)
        at org.apache.hadoop.ipc.CallQueueManager.take(CallQueueManager.java:295)
        at org.apache.hadoop.ipc.Server$Handler.run(Server.java:2881)
"IPC Server listener on 0" daemon prio=5 tid=16 runnable
java.lang.Thread.State: RUNNABLE
        at sun.nio.ch.EPollArrayWrapper.epollWait(Native Method)
        at sun.nio.ch.EPollArrayWrapper.poll(EPollArrayWrapper.java:269)
        at sun.nio.ch.EPollSelectorImpl.doSelect(EPollSelectorImpl.java:93)
        at sun.nio.ch.SelectorImpl.lockAndDoSelect(SelectorImpl.java:86)
        at sun.nio.ch.SelectorImpl.select(SelectorImpl.java:97)
        at sun.nio.ch.SelectorImpl.select(SelectorImpl.java:101)
        at org.apache.hadoop.ipc.Server$Listener.run(Server.java:1304)
"IPC Server handler 11 on default port 38891" daemon prio=5 tid=46 timed_waiting
java.lang.Thread.State: TIMED_WAITING
        at sun.misc.Unsafe.park(Native Method)
        at java.util.concurrent.locks.LockSupport.parkNanos(LockSupport.java:215)
        at java.util.concurrent.locks.AbstractQueuedSynchronizer$ConditionObject.awaitNanos(AbstractQueuedSynchronizer.java:2078)
        at java.util.concurrent.LinkedBlockingQueue.poll(LinkedBlockingQueue.java:467)
        at org.apache.hadoop.ipc.CallQueueManager.take(CallQueueManager.java:295)
        at org.apache.hadoop.ipc.Server$Handler.run(Server.java:2881)
"BlockDeletingService#6" daemon prio=5 tid=768 in Object.wait()
java.lang.Thread.State: WAITING (on object monitor)
        at sun.misc.Unsafe.park(Native Method)
        at java.util.concurrent.locks.LockSupport.park(LockSupport.java:175)
        at java.util.concurrent.locks.AbstractQueuedSynchronizer$ConditionObject.await(AbstractQueuedSynchronizer.java:2039)
        at java.util.concurrent.ScheduledThreadPoolExecutor$DelayedWorkQueue.take(ScheduledThreadPoolExecutor.java:1088)
        at java.util.concurrent.ScheduledThreadPoolExecutor$DelayedWorkQueue.take(ScheduledThreadPoolExecutor.java:809)
        at java.util.concurrent.ThreadPoolExecutor.getTask(ThreadPoolExecutor.java:1074)
        at java.util.concurrent.ThreadPoolExecutor.runWorker(ThreadPoolExecutor.java:1134)
        at java.util.concurrent.ThreadPoolExecutor$Worker.run(ThreadPoolExecutor.java:624)
        at java.lang.Thread.run(Thread.java:748)
"IPC Server handler 12 on default port 36429" daemon prio=5 tid=67 timed_waiting
java.lang.Thread.State: TIMED_WAITING
        at sun.misc.Unsafe.park(Native Method)
        at java.util.concurrent.locks.LockSupport.parkNanos(LockSupport.java:215)
        at java.util.concurrent.locks.AbstractQueuedSynchronizer$ConditionObject.awaitNanos(AbstractQueuedSynchronizer.java:2078)
        at java.util.concurrent.LinkedBlockingQueue.poll(LinkedBlockingQueue.java:467)
        at org.apache.hadoop.ipc.CallQueueManager.take(CallQueueManager.java:295)
        at org.apache.hadoop.ipc.Server$Handler.run(Server.java:2881)
"IPC Server handler 8 on default port 36429" daemon prio=5 tid=63 timed_waiting
java.lang.Thread.State: TIMED_WAITING
        at sun.misc.Unsafe.park(Native Method)
        at java.util.concurrent.locks.LockSupport.parkNanos(LockSupport.java:215)
        at java.util.concurrent.locks.AbstractQueuedSynchronizer$ConditionObject.awaitNanos(AbstractQueuedSynchronizer.java:2078)
        at java.util.concurrent.LinkedBlockingQueue.poll(LinkedBlockingQueue.java:467)
        at org.apache.hadoop.ipc.CallQueueManager.take(CallQueueManager.java:295)
        at org.apache.hadoop.ipc.Server$Handler.run(Server.java:2881)
"EventQueue-NewNodeForNewNodeHandler" daemon prio=5 tid=304 in Object.wait()
java.lang.Thread.State: WAITING (on object monitor)
        at sun.misc.Unsafe.park(Native Method)
        at java.util.concurrent.locks.LockSupport.park(LockSupport.java:175)
        at java.util.concurrent.locks.AbstractQueuedSynchronizer$ConditionObject.await(AbstractQueuedSynchronizer.java:2039)
        at java.util.concurrent.LinkedBlockingQueue.take(LinkedBlockingQueue.java:442)
        at java.util.concurrent.ThreadPoolExecutor.getTask(ThreadPoolExecutor.java:1074)
        at java.util.concurrent.ThreadPoolExecutor.runWorker(ThreadPoolExecutor.java:1134)
        at java.util.concurrent.ThreadPoolExecutor$Worker.run(ThreadPoolExecutor.java:624)
        at java.lang.Thread.run(Thread.java:748)
"2e460caa-4a9b-49fd-a238-aca4d6f6d8f6@group-F63E2698C887-StateMachineUpdater" daemon prio=5 tid=336 in Object.wait()
java.lang.Thread.State: WAITING (on object monitor)
        at java.lang.Object.wait(Native Method)
        at java.lang.Object.wait(Object.java:502)
        at org.apache.ratis.server.impl.StateMachineUpdater.waitForCommit(StateMachineUpdater.java:200)
        at org.apache.ratis.server.impl.StateMachineUpdater.run(StateMachineUpdater.java:165)
        at java.lang.Thread.run(Thread.java:748)
"grpc-default-executor-4" daemon prio=5 tid=499 timed_waiting
java.lang.Thread.State: TIMED_WAITING
        at sun.misc.Unsafe.park(Native Method)
        at java.util.concurrent.locks.LockSupport.parkNanos(LockSupport.java:215)
        at java.util.concurrent.SynchronousQueue$TransferStack.awaitFulfill(SynchronousQueue.java:460)
        at java.util.concurrent.SynchronousQueue$TransferStack.transfer(SynchronousQueue.java:362)
        at java.util.concurrent.SynchronousQueue.poll(SynchronousQueue.java:941)
        at java.util.concurrent.ThreadPoolExecutor.getTask(ThreadPoolExecutor.java:1073)
        at java.util.concurrent.ThreadPoolExecutor.runWorker(ThreadPoolExecutor.java:1134)
        at java.util.concurrent.ThreadPoolExecutor$Worker.run(ThreadPoolExecutor.java:624)
        at java.lang.Thread.run(Thread.java:748)
"qtp408132785-99" daemon prio=5 tid=99 timed_waiting
java.lang.Thread.State: TIMED_WAITING
        at sun.misc.Unsafe.park(Native Method)
        at java.util.concurrent.locks.LockSupport.parkNanos(LockSupport.java:215)
        at java.util.concurrent.locks.AbstractQueuedSynchronizer$ConditionObject.awaitNanos(AbstractQueuedSynchronizer.java:2078)
        at org.eclipse.jetty.util.BlockingArrayQueue.poll(BlockingArrayQueue.java:382)
        at org.eclipse.jetty.util.thread.QueuedThreadPool$Runner.idleJobPoll(QueuedThreadPool.java:875)
        at org.eclipse.jetty.util.thread.QueuedThreadPool$Runner.run(QueuedThreadPool.java:925)
        at java.lang.Thread.run(Thread.java:748)
"Datanode State Machine Thread - 0" daemon prio=5 tid=168 timed_waiting
java.lang.Thread.State: TIMED_WAITING
        at java.lang.Thread.sleep(Native Method)
        at org.apache.hadoop.ozone.container.common.statemachine.DatanodeStateMachine.start(DatanodeStateMachine.java:213)
        at org.apache.hadoop.ozone.container.common.statemachine.DatanodeStateMachine.lambda$startDaemon$0(DatanodeStateMachine.java:375)
        at org.apache.hadoop.ozone.container.common.statemachine.DatanodeStateMachine$$Lambda$170/603092020.run(Unknown Source)
        at java.lang.Thread.run(Thread.java:748)
"qtp408132785-96-acceptor-0@1dc6cab9-ServerConnector@427a12b6{HTTP/1.1,[http/1.1]}{0.0.0.0:40171}" daemon prio=3 tid=96 runnable
java.lang.Thread.State: RUNNABLE
        at sun.nio.ch.ServerSocketChannelImpl.accept0(Native Method)
        at sun.nio.ch.ServerSocketChannelImpl.accept(ServerSocketChannelImpl.java:422)
        at sun.nio.ch.ServerSocketChannelImpl.accept(ServerSocketChannelImpl.java:250)
        at org.eclipse.jetty.server.ServerConnector.accept(ServerConnector.java:385)
        at org.eclipse.jetty.server.AbstractConnector$Acceptor.run(AbstractConnector.java:701)
        at org.eclipse.jetty.util.thread.QueuedThreadPool.runJob(QueuedThreadPool.java:806)
        at org.eclipse.jetty.util.thread.QueuedThreadPool$Runner.run(QueuedThreadPool.java:938)
        at java.lang.Thread.run(Thread.java:748)
"IPC Server handler 12 on default port 38891" daemon prio=5 tid=47 timed_waiting
java.lang.Thread.State: TIMED_WAITING
        at sun.misc.Unsafe.park(Native Method)
        at java.util.concurrent.locks.LockSupport.parkNanos(LockSupport.java:215)
        at java.util.concurrent.locks.AbstractQueuedSynchronizer$ConditionObject.awaitNanos(AbstractQueuedSynchronizer.java:2078)
        at java.util.concurrent.LinkedBlockingQueue.poll(LinkedBlockingQueue.java:467)
        at org.apache.hadoop.ipc.CallQueueManager.take(CallQueueManager.java:295)
        at org.apache.hadoop.ipc.Server$Handler.run(Server.java:2881)
"ChunkWriter-2-0" daemon prio=5 tid=294 in Object.wait()
java.lang.Thread.State: WAITING (on object monitor)
        at sun.misc.Unsafe.park(Native Method)
        at java.util.concurrent.locks.LockSupport.park(LockSupport.java:175)
        at java.util.concurrent.locks.AbstractQueuedSynchronizer$ConditionObject.await(AbstractQueuedSynchronizer.java:2039)
        at java.util.concurrent.LinkedBlockingDeque.takeFirst(LinkedBlockingDeque.java:492)
        at java.util.concurrent.LinkedBlockingDeque.take(LinkedBlockingDeque.java:680)
        at java.util.concurrent.ThreadPoolExecutor.getTask(ThreadPoolExecutor.java:1074)
        at java.util.concurrent.ThreadPoolExecutor.runWorker(ThreadPoolExecutor.java:1134)
        at java.util.concurrent.ThreadPoolExecutor$Worker.run(ThreadPoolExecutor.java:624)
        at java.lang.Thread.run(Thread.java:748)
"prometheus" daemon prio=5 tid=105 in Object.wait()
java.lang.Thread.State: WAITING (on object monitor)
        at java.lang.Object.wait(Native Method)
        at java.lang.Object.wait(Object.java:502)
        at org.apache.hadoop.metrics2.impl.SinkQueue.waitForData(SinkQueue.java:114)
        at org.apache.hadoop.metrics2.impl.SinkQueue.consumeAll(SinkQueue.java:83)
        at org.apache.hadoop.metrics2.impl.MetricsSinkAdapter.publishMetricsFromQueue(MetricsSinkAdapter.java:135)
        at org.apache.hadoop.metrics2.impl.MetricsSinkAdapter$1.run(MetricsSinkAdapter.java:89)
"ChunkWriter-3-0" daemon prio=5 tid=289 in Object.wait()
java.lang.Thread.State: WAITING (on object monitor)
        at sun.misc.Unsafe.park(Native Method)
        at java.util.concurrent.locks.LockSupport.park(LockSupport.java:175)
        at java.util.concurrent.locks.AbstractQueuedSynchronizer$ConditionObject.await(AbstractQueuedSynchronizer.java:2039)
        at java.util.concurrent.LinkedBlockingDeque.takeFirst(LinkedBlockingDeque.java:492)
        at java.util.concurrent.LinkedBlockingDeque.take(LinkedBlockingDeque.java:680)
        at java.util.concurrent.ThreadPoolExecutor.getTask(ThreadPoolExecutor.java:1074)
        at java.util.concurrent.ThreadPoolExecutor.runWorker(ThreadPoolExecutor.java:1134)
        at java.util.concurrent.ThreadPoolExecutor$Worker.run(ThreadPoolExecutor.java:624)
        at java.lang.Thread.run(Thread.java:748)
"IPC Server listener on 0" daemon prio=5 tid=112 runnable
java.lang.Thread.State: RUNNABLE
        at sun.nio.ch.EPollArrayWrapper.epollWait(Native Method)
        at sun.nio.ch.EPollArrayWrapper.poll(EPollArrayWrapper.java:269)
        at sun.nio.ch.EPollSelectorImpl.doSelect(EPollSelectorImpl.java:93)
        at sun.nio.ch.SelectorImpl.lockAndDoSelect(SelectorImpl.java:86)
        at sun.nio.ch.SelectorImpl.select(SelectorImpl.java:97)
        at sun.nio.ch.SelectorImpl.select(SelectorImpl.java:101)
        at org.apache.hadoop.ipc.Server$Listener.run(Server.java:1304)
"IPC Server listener on 0" daemon prio=5 tid=20 runnable
java.lang.Thread.State: RUNNABLE
        at sun.nio.ch.EPollArrayWrapper.epollWait(Native Method)
        at sun.nio.ch.EPollArrayWrapper.poll(EPollArrayWrapper.java:269)
        at sun.nio.ch.EPollSelectorImpl.doSelect(EPollSelectorImpl.java:93)
        at sun.nio.ch.SelectorImpl.lockAndDoSelect(SelectorImpl.java:86)
        at sun.nio.ch.SelectorImpl.select(SelectorImpl.java:97)
        at sun.nio.ch.SelectorImpl.select(SelectorImpl.java:101)
        at org.apache.hadoop.ipc.Server$Listener.run(Server.java:1304)
"IPC Server handler 18 on default port 41627" daemon prio=5 tid=137 timed_waiting
java.lang.Thread.State: TIMED_WAITING
        at sun.misc.Unsafe.park(Native Method)
        at java.util.concurrent.locks.LockSupport.parkNanos(LockSupport.java:215)
        at java.util.concurrent.locks.AbstractQueuedSynchronizer$ConditionObject.awaitNanos(AbstractQueuedSynchronizer.java:2078)
        at java.util.concurrent.LinkedBlockingQueue.poll(LinkedBlockingQueue.java:467)
        at org.apache.hadoop.ipc.CallQueueManager.take(CallQueueManager.java:295)
        at org.apache.hadoop.ipc.Server$Handler.run(Server.java:2881)
"BlockDeletingService#6" daemon prio=5 tid=770 in Object.wait()
java.lang.Thread.State: WAITING (on object monitor)
        at sun.misc.Unsafe.park(Native Method)
        at java.util.concurrent.locks.LockSupport.park(LockSupport.java:175)
        at java.util.concurrent.locks.AbstractQueuedSynchronizer$ConditionObject.await(AbstractQueuedSynchronizer.java:2039)
        at java.util.concurrent.ScheduledThreadPoolExecutor$DelayedWorkQueue.take(ScheduledThreadPoolExecutor.java:1088)
        at java.util.concurrent.ScheduledThreadPoolExecutor$DelayedWorkQueue.take(ScheduledThreadPoolExecutor.java:809)
        at java.util.concurrent.ThreadPoolExecutor.getTask(ThreadPoolExecutor.java:1074)
        at java.util.concurrent.ThreadPoolExecutor.runWorker(ThreadPoolExecutor.java:1134)
        at java.util.concurrent.ThreadPoolExecutor$Worker.run(ThreadPoolExecutor.java:624)
        at java.lang.Thread.run(Thread.java:748)
"IPC Server Responder" daemon prio=5 tid=19 runnable
java.lang.Thread.State: RUNNABLE
        at sun.nio.ch.EPollArrayWrapper.epollWait(Native Method)
        at sun.nio.ch.EPollArrayWrapper.poll(EPollArrayWrapper.java:269)
        at sun.nio.ch.EPollSelectorImpl.doSelect(EPollSelectorImpl.java:93)
        at sun.nio.ch.SelectorImpl.lockAndDoSelect(SelectorImpl.java:86)
        at sun.nio.ch.SelectorImpl.select(SelectorImpl.java:97)
        at org.apache.hadoop.ipc.Server$Responder.doRunLoop(Server.java:1480)
        at org.apache.hadoop.ipc.Server$Responder.run(Server.java:1463)
"BlockDeletingService#3" daemon prio=5 tid=551 timed_waiting
java.lang.Thread.State: TIMED_WAITING
        at sun.misc.Unsafe.park(Native Method)
        at java.util.concurrent.locks.LockSupport.parkNanos(LockSupport.java:215)
        at java.util.concurrent.locks.AbstractQueuedSynchronizer$ConditionObject.awaitNanos(AbstractQueuedSynchronizer.java:2078)
        at java.util.concurrent.ScheduledThreadPoolExecutor$DelayedWorkQueue.take(ScheduledThreadPoolExecutor.java:1093)
        at java.util.concurrent.ScheduledThreadPoolExecutor$DelayedWorkQueue.take(ScheduledThreadPoolExecutor.java:809)
        at java.util.concurrent.ThreadPoolExecutor.getTask(ThreadPoolExecutor.java:1074)
        at java.util.concurrent.ThreadPoolExecutor.runWorker(ThreadPoolExecutor.java:1134)
        at java.util.concurrent.ThreadPoolExecutor$Worker.run(ThreadPoolExecutor.java:624)
        at java.lang.Thread.run(Thread.java:748)
"qtp437671997-254" daemon prio=5 tid=254 runnable
java.lang.Thread.State: RUNNABLE
        at sun.nio.ch.EPollArrayWrapper.epollWait(Native Method)
        at sun.nio.ch.EPollArrayWrapper.poll(EPollArrayWrapper.java:269)
        at sun.nio.ch.EPollSelectorImpl.doSelect(EPollSelectorImpl.java:93)
        at sun.nio.ch.SelectorImpl.lockAndDoSelect(SelectorImpl.java:86)
        at sun.nio.ch.SelectorImpl.select(SelectorImpl.java:97)
        at sun.nio.ch.SelectorImpl.select(SelectorImpl.java:101)
        at org.eclipse.jetty.io.ManagedSelector$SelectorProducer.select(ManagedSelector.java:472)
        at org.eclipse.jetty.io.ManagedSelector$SelectorProducer.produce(ManagedSelector.java:409)
        at org.eclipse.jetty.util.thread.strategy.EatWhatYouKill.produceTask(EatWhatYouKill.java:360)
        at org.eclipse.jetty.util.thread.strategy.EatWhatYouKill.doProduce(EatWhatYouKill.java:184)
        at org.eclipse.jetty.util.thread.strategy.EatWhatYouKill.tryProduce(EatWhatYouKill.java:171)
        at org.eclipse.jetty.util.thread.strategy.EatWhatYouKill.produce(EatWhatYouKill.java:135)
        at org.eclipse.jetty.io.ManagedSelector$$Lambda$72/490475818.run(Unknown Source)
        at org.eclipse.jetty.util.thread.QueuedThreadPool.runJob(QueuedThreadPool.java:806)
        at org.eclipse.jetty.util.thread.QueuedThreadPool$Runner.run(QueuedThreadPool.java:938)
        at java.lang.Thread.run(Thread.java:748)
"Periodic HDDS volume checker" daemon prio=5 tid=153 timed_waiting
java.lang.Thread.State: TIMED_WAITING
        at sun.misc.Unsafe.park(Native Method)
        at java.util.concurrent.locks.LockSupport.parkNanos(LockSupport.java:215)
        at java.util.concurrent.locks.AbstractQueuedSynchronizer$ConditionObject.awaitNanos(AbstractQueuedSynchronizer.java:2078)
        at java.util.concurrent.ScheduledThreadPoolExecutor$DelayedWorkQueue.take(ScheduledThreadPoolExecutor.java:1093)
        at java.util.concurrent.ScheduledThreadPoolExecutor$DelayedWorkQueue.take(ScheduledThreadPoolExecutor.java:809)
        at java.util.concurrent.ThreadPoolExecutor.getTask(ThreadPoolExecutor.java:1074)
        at java.util.concurrent.ThreadPoolExecutor.runWorker(ThreadPoolExecutor.java:1134)
        at java.util.concurrent.ThreadPoolExecutor$Worker.run(ThreadPoolExecutor.java:624)
        at java.lang.Thread.run(Thread.java:748)
"pool-107-thread-2"  prio=5 tid=387 in Object.wait()
java.lang.Thread.State: WAITING (on object monitor)
        at sun.misc.Unsafe.park(Native Method)
        at java.util.concurrent.locks.LockSupport.park(LockSupport.java:175)
        at java.util.concurrent.locks.AbstractQueuedSynchronizer$ConditionObject.await(AbstractQueuedSynchronizer.java:2039)
        at java.util.concurrent.LinkedBlockingQueue.take(LinkedBlockingQueue.java:442)
        at java.util.concurrent.ThreadPoolExecutor.getTask(ThreadPoolExecutor.java:1074)
        at java.util.concurrent.ThreadPoolExecutor.runWorker(ThreadPoolExecutor.java:1134)
        at java.util.concurrent.ThreadPoolExecutor$Worker.run(ThreadPoolExecutor.java:624)
        at java.lang.Thread.run(Thread.java:748)
"IPC Server handler 15 on default port 38891" daemon prio=5 tid=50 timed_waiting
java.lang.Thread.State: TIMED_WAITING
        at sun.misc.Unsafe.park(Native Method)
        at java.util.concurrent.locks.LockSupport.parkNanos(LockSupport.java:215)
        at java.util.concurrent.locks.AbstractQueuedSynchronizer$ConditionObject.awaitNanos(AbstractQueuedSynchronizer.java:2078)
        at java.util.concurrent.LinkedBlockingQueue.poll(LinkedBlockingQueue.java:467)
        at org.apache.hadoop.ipc.CallQueueManager.take(CallQueueManager.java:295)
        at org.apache.hadoop.ipc.Server$Handler.run(Server.java:2881)
"Datanode ReportManager Thread - 0" daemon prio=5 tid=265 in Object.wait()
java.lang.Thread.State: WAITING (on object monitor)
        at sun.misc.Unsafe.park(Native Method)
        at java.util.concurrent.locks.LockSupport.park(LockSupport.java:175)
        at java.util.concurrent.locks.AbstractQueuedSynchronizer$ConditionObject.await(AbstractQueuedSynchronizer.java:2039)
        at java.util.concurrent.ScheduledThreadPoolExecutor$DelayedWorkQueue.take(ScheduledThreadPoolExecutor.java:1088)
        at java.util.concurrent.ScheduledThreadPoolExecutor$DelayedWorkQueue.take(ScheduledThreadPoolExecutor.java:809)
        at java.util.concurrent.ThreadPoolExecutor.getTask(ThreadPoolExecutor.java:1074)
        at java.util.concurrent.ThreadPoolExecutor.runWorker(ThreadPoolExecutor.java:1134)
        at java.util.concurrent.ThreadPoolExecutor$Worker.run(ThreadPoolExecutor.java:624)
        at java.lang.Thread.run(Thread.java:748)
"IPC Server handler 0 on default port 41279" daemon prio=5 tid=75 timed_waiting
java.lang.Thread.State: TIMED_WAITING
        at sun.misc.Unsafe.park(Native Method)
        at java.util.concurrent.locks.LockSupport.parkNanos(LockSupport.java:215)
        at java.util.concurrent.locks.AbstractQueuedSynchronizer$ConditionObject.awaitNanos(AbstractQueuedSynchronizer.java:2078)
        at java.util.concurrent.LinkedBlockingQueue.poll(LinkedBlockingQueue.java:467)
        at org.apache.hadoop.ipc.CallQueueManager.take(CallQueueManager.java:295)
        at org.apache.hadoop.ipc.Server$Handler.run(Server.java:2881)
"IPC Server handler 12 on default port 41627" daemon prio=5 tid=131 timed_waiting
java.lang.Thread.State: TIMED_WAITING
        at sun.misc.Unsafe.park(Native Method)
        at java.util.concurrent.locks.LockSupport.parkNanos(LockSupport.java:215)
        at java.util.concurrent.locks.AbstractQueuedSynchronizer$ConditionObject.awaitNanos(AbstractQueuedSynchronizer.java:2078)
        at java.util.concurrent.LinkedBlockingQueue.poll(LinkedBlockingQueue.java:467)
        at org.apache.hadoop.ipc.CallQueueManager.take(CallQueueManager.java:295)
        at org.apache.hadoop.ipc.Server$Handler.run(Server.java:2881)
"IPC Server Responder" daemon prio=5 tid=27 runnable
java.lang.Thread.State: RUNNABLE
        at sun.nio.ch.EPollArrayWrapper.epollWait(Native Method)
        at sun.nio.ch.EPollArrayWrapper.poll(EPollArrayWrapper.java:269)
        at sun.nio.ch.EPollSelectorImpl.doSelect(EPollSelectorImpl.java:93)
        at sun.nio.ch.SelectorImpl.lockAndDoSelect(SelectorImpl.java:86)
        at sun.nio.ch.SelectorImpl.select(SelectorImpl.java:97)
        at org.apache.hadoop.ipc.Server$Responder.doRunLoop(Server.java:1480)
        at org.apache.hadoop.ipc.Server$Responder.run(Server.java:1463)
"ChunkWriter-0-0" daemon prio=5 tid=286 in Object.wait()
java.lang.Thread.State: WAITING (on object monitor)
        at sun.misc.Unsafe.park(Native Method)
        at java.util.concurrent.locks.LockSupport.park(LockSupport.java:175)
        at java.util.concurrent.locks.AbstractQueuedSynchronizer$ConditionObject.await(AbstractQueuedSynchronizer.java:2039)
        at java.util.concurrent.LinkedBlockingDeque.takeFirst(LinkedBlockingDeque.java:492)
        at java.util.concurrent.LinkedBlockingDeque.take(LinkedBlockingDeque.java:680)
        at java.util.concurrent.ThreadPoolExecutor.getTask(ThreadPoolExecutor.java:1074)
        at java.util.concurrent.ThreadPoolExecutor.runWorker(ThreadPoolExecutor.java:1134)
        at java.util.concurrent.ThreadPoolExecutor$Worker.run(ThreadPoolExecutor.java:624)
        at java.lang.Thread.run(Thread.java:748)
"IPC Server handler 3 on default port 38891" daemon prio=5 tid=38 timed_waiting
java.lang.Thread.State: TIMED_WAITING
        at sun.misc.Unsafe.park(Native Method)
        at java.util.concurrent.locks.LockSupport.parkNanos(LockSupport.java:215)
        at java.util.concurrent.locks.AbstractQueuedSynchronizer$ConditionObject.awaitNanos(AbstractQueuedSynchronizer.java:2078)
        at java.util.concurrent.LinkedBlockingQueue.poll(LinkedBlockingQueue.java:467)
        at org.apache.hadoop.ipc.CallQueueManager.take(CallQueueManager.java:295)
        at org.apache.hadoop.ipc.Server$Handler.run(Server.java:2881)
"PartialTableCache Cleanup Thread - 0" daemon prio=5 tid=401 in Object.wait()
java.lang.Thread.State: WAITING (on object monitor)
        at sun.misc.Unsafe.park(Native Method)
        at java.util.concurrent.locks.LockSupport.park(LockSupport.java:175)
        at java.util.concurrent.locks.AbstractQueuedSynchronizer$ConditionObject.await(AbstractQueuedSynchronizer.java:2039)
        at java.util.concurrent.LinkedBlockingQueue.take(LinkedBlockingQueue.java:442)
        at java.util.concurrent.ThreadPoolExecutor.getTask(ThreadPoolExecutor.java:1074)
        at java.util.concurrent.ThreadPoolExecutor.runWorker(ThreadPoolExecutor.java:1134)
        at java.util.concurrent.ThreadPoolExecutor$Worker.run(ThreadPoolExecutor.java:624)
        at java.lang.Thread.run(Thread.java:748)
"BlockDeletingService#2" daemon prio=5 tid=474 in Object.wait()
java.lang.Thread.State: WAITING (on object monitor)
        at sun.misc.Unsafe.park(Native Method)
        at java.util.concurrent.locks.LockSupport.park(LockSupport.java:175)
        at java.util.concurrent.locks.AbstractQueuedSynchronizer$ConditionObject.await(AbstractQueuedSynchronizer.java:2039)
        at java.util.concurrent.ScheduledThreadPoolExecutor$DelayedWorkQueue.take(ScheduledThreadPoolExecutor.java:1088)
        at java.util.concurrent.ScheduledThreadPoolExecutor$DelayedWorkQueue.take(ScheduledThreadPoolExecutor.java:809)
        at java.util.concurrent.ThreadPoolExecutor.getTask(ThreadPoolExecutor.java:1074)
        at java.util.concurrent.ThreadPoolExecutor.runWorker(ThreadPoolExecutor.java:1134)
        at java.util.concurrent.ThreadPoolExecutor$Worker.run(ThreadPoolExecutor.java:624)
        at java.lang.Thread.run(Thread.java:748)
"qtp1523093869-161" daemon prio=5 tid=161 timed_waiting
java.lang.Thread.State: TIMED_WAITING
        at sun.misc.Unsafe.park(Native Method)
        at java.util.concurrent.locks.LockSupport.parkNanos(LockSupport.java:215)
        at java.util.concurrent.locks.AbstractQueuedSynchronizer$ConditionObject.awaitNanos(AbstractQueuedSynchronizer.java:2078)
        at org.eclipse.jetty.util.BlockingArrayQueue.poll(BlockingArrayQueue.java:382)
        at org.eclipse.jetty.util.thread.QueuedThreadPool$Runner.idleJobPoll(QueuedThreadPool.java:875)
        at org.eclipse.jetty.util.thread.QueuedThreadPool$Runner.run(QueuedThreadPool.java:925)
        at java.lang.Thread.run(Thread.java:748)
"pool-60-thread-1" daemon prio=5 tid=203 timed_waiting
java.lang.Thread.State: TIMED_WAITING
        at sun.misc.Unsafe.park(Native Method)
        at java.util.concurrent.locks.LockSupport.parkNanos(LockSupport.java:215)
        at java.util.concurrent.locks.AbstractQueuedSynchronizer$ConditionObject.awaitNanos(AbstractQueuedSynchronizer.java:2078)
        at java.util.concurrent.ScheduledThreadPoolExecutor$DelayedWorkQueue.take(ScheduledThreadPoolExecutor.java:1093)
        at java.util.concurrent.ScheduledThreadPoolExecutor$DelayedWorkQueue.take(ScheduledThreadPoolExecutor.java:809)
        at java.util.concurrent.ThreadPoolExecutor.getTask(ThreadPoolExecutor.java:1074)
        at java.util.concurrent.ThreadPoolExecutor.runWorker(ThreadPoolExecutor.java:1134)
        at java.util.concurrent.ThreadPoolExecutor$Worker.run(ThreadPoolExecutor.java:624)
        at java.lang.Thread.run(Thread.java:748)
"IPC Server handler 2 on default port 41627" daemon prio=5 tid=121 timed_waiting
java.lang.Thread.State: TIMED_WAITING
        at sun.misc.Unsafe.park(Native Method)
        at java.util.concurrent.locks.LockSupport.parkNanos(LockSupport.java:215)
        at java.util.concurrent.locks.AbstractQueuedSynchronizer$ConditionObject.awaitNanos(AbstractQueuedSynchronizer.java:2078)
        at java.util.concurrent.LinkedBlockingQueue.poll(LinkedBlockingQueue.java:467)
        at org.apache.hadoop.ipc.CallQueueManager.take(CallQueueManager.java:295)
        at org.apache.hadoop.ipc.Server$Handler.run(Server.java:2881)
"pool-51-thread-1"  prio=5 tid=314 in Object.wait()
java.lang.Thread.State: WAITING (on object monitor)
        at sun.misc.Unsafe.park(Native Method)
        at java.util.concurrent.locks.LockSupport.park(LockSupport.java:175)
        at java.util.concurrent.locks.AbstractQueuedSynchronizer$ConditionObject.await(AbstractQueuedSynchronizer.java:2039)
        at java.util.concurrent.LinkedBlockingQueue.take(LinkedBlockingQueue.java:442)
        at java.util.concurrent.ThreadPoolExecutor.getTask(ThreadPoolExecutor.java:1074)
        at java.util.concurrent.ThreadPoolExecutor.runWorker(ThreadPoolExecutor.java:1134)
        at java.util.concurrent.ThreadPoolExecutor$Worker.run(ThreadPoolExecutor.java:624)
        at java.lang.Thread.run(Thread.java:748)
"ChunkWriter-0-0" daemon prio=5 tid=277 in Object.wait()
java.lang.Thread.State: WAITING (on object monitor)
        at sun.misc.Unsafe.park(Native Method)
        at java.util.concurrent.locks.LockSupport.park(LockSupport.java:175)
        at java.util.concurrent.locks.AbstractQueuedSynchronizer$ConditionObject.await(AbstractQueuedSynchronizer.java:2039)
        at java.util.concurrent.LinkedBlockingDeque.takeFirst(LinkedBlockingDeque.java:492)
        at java.util.concurrent.LinkedBlockingDeque.take(LinkedBlockingDeque.java:680)
        at java.util.concurrent.ThreadPoolExecutor.getTask(ThreadPoolExecutor.java:1074)
        at java.util.concurrent.ThreadPoolExecutor.runWorker(ThreadPoolExecutor.java:1134)
        at java.util.concurrent.ThreadPoolExecutor$Worker.run(ThreadPoolExecutor.java:624)
        at java.lang.Thread.run(Thread.java:748)
"IPC Server handler 18 on default port 41279" daemon prio=5 tid=93 timed_waiting
java.lang.Thread.State: TIMED_WAITING
        at sun.misc.Unsafe.park(Native Method)
        at java.util.concurrent.locks.LockSupport.parkNanos(LockSupport.java:215)
        at java.util.concurrent.locks.AbstractQueuedSynchronizer$ConditionObject.awaitNanos(AbstractQueuedSynchronizer.java:2078)
        at java.util.concurrent.LinkedBlockingQueue.poll(LinkedBlockingQueue.java:467)
        at org.apache.hadoop.ipc.CallQueueManager.take(CallQueueManager.java:295)
        at org.apache.hadoop.ipc.Server$Handler.run(Server.java:2881)
"Datanode ReportManager Thread - 0" daemon prio=5 tid=245 in Object.wait()
java.lang.Thread.State: WAITING (on object monitor)
        at sun.misc.Unsafe.park(Native Method)
        at java.util.concurrent.locks.LockSupport.park(LockSupport.java:175)
        at java.util.concurrent.locks.AbstractQueuedSynchronizer$ConditionObject.await(AbstractQueuedSynchronizer.java:2039)
        at java.util.concurrent.ScheduledThreadPoolExecutor$DelayedWorkQueue.take(ScheduledThreadPoolExecutor.java:1088)
        at java.util.concurrent.ScheduledThreadPoolExecutor$DelayedWorkQueue.take(ScheduledThreadPoolExecutor.java:809)
        at java.util.concurrent.ThreadPoolExecutor.getTask(ThreadPoolExecutor.java:1074)
        at java.util.concurrent.ThreadPoolExecutor.runWorker(ThreadPoolExecutor.java:1134)
        at java.util.concurrent.ThreadPoolExecutor$Worker.run(ThreadPoolExecutor.java:624)
        at java.lang.Thread.run(Thread.java:748)
"org.apache.hadoop.util.JvmPauseMonitor$Monitor@5f4caf7a" daemon prio=5 tid=250 timed_waiting
java.lang.Thread.State: TIMED_WAITING
        at java.lang.Thread.sleep(Native Method)
        at org.apache.hadoop.util.JvmPauseMonitor$Monitor.run(JvmPauseMonitor.java:192)
        at java.lang.Thread.run(Thread.java:748)
"Finalizer" daemon prio=8 tid=3 in Object.wait()
java.lang.Thread.State: WAITING (on object monitor)
        at java.lang.Object.wait(Native Method)
        at java.lang.ref.ReferenceQueue.remove(ReferenceQueue.java:144)
        at java.lang.ref.ReferenceQueue.remove(ReferenceQueue.java:165)
        at java.lang.ref.Finalizer$FinalizerThread.run(Finalizer.java:216)
"Command processor thread" daemon prio=5 tid=198 timed_waiting
java.lang.Thread.State: TIMED_WAITING
        at java.lang.Thread.sleep(Native Method)
        at org.apache.hadoop.ozone.container.common.statemachine.DatanodeStateMachine.lambda$initCommandHandlerThread$1(DatanodeStateMachine.java:468)
        at org.apache.hadoop.ozone.container.common.statemachine.DatanodeStateMachine$$Lambda$171/1825412829.run(Unknown Source)
        at java.lang.Thread.run(Thread.java:748)
"IPC Server handler 0 on default port 41627" daemon prio=5 tid=119 timed_waiting
java.lang.Thread.State: TIMED_WAITING
        at sun.misc.Unsafe.park(Native Method)
        at java.util.concurrent.locks.LockSupport.parkNanos(LockSupport.java:215)
        at java.util.concurrent.locks.AbstractQueuedSynchronizer$ConditionObject.awaitNanos(AbstractQueuedSynchronizer.java:2078)
        at java.util.concurrent.LinkedBlockingQueue.poll(LinkedBlockingQueue.java:467)
        at org.apache.hadoop.ipc.CallQueueManager.take(CallQueueManager.java:295)
        at org.apache.hadoop.ipc.Server$Handler.run(Server.java:2881)
"Session-HouseKeeper-54519d74-1"  prio=5 tid=238 timed_waiting
java.lang.Thread.State: TIMED_WAITING
        at sun.misc.Unsafe.park(Native Method)
        at java.util.concurrent.locks.LockSupport.parkNanos(LockSupport.java:215)
        at java.util.concurrent.locks.AbstractQueuedSynchronizer$ConditionObject.awaitNanos(AbstractQueuedSynchronizer.java:2078)
        at java.util.concurrent.ScheduledThreadPoolExecutor$DelayedWorkQueue.take(ScheduledThreadPoolExecutor.java:1093)
        at java.util.concurrent.ScheduledThreadPoolExecutor$DelayedWorkQueue.take(ScheduledThreadPoolExecutor.java:809)
        at java.util.concurrent.ThreadPoolExecutor.getTask(ThreadPoolExecutor.java:1074)
        at java.util.concurrent.ThreadPoolExecutor.runWorker(ThreadPoolExecutor.java:1134)
        at java.util.concurrent.ThreadPoolExecutor$Worker.run(ThreadPoolExecutor.java:624)
        at java.lang.Thread.run(Thread.java:748)
"ChunkWriter-2-0" daemon prio=5 tid=279 in Object.wait()
java.lang.Thread.State: WAITING (on object monitor)
        at sun.misc.Unsafe.park(Native Method)
        at java.util.concurrent.locks.LockSupport.park(LockSupport.java:175)
        at java.util.concurrent.locks.AbstractQueuedSynchronizer$ConditionObject.await(AbstractQueuedSynchronizer.java:2039)
        at java.util.concurrent.LinkedBlockingDeque.takeFirst(LinkedBlockingDeque.java:492)
        at java.util.concurrent.LinkedBlockingDeque.take(LinkedBlockingDeque.java:680)
        at java.util.concurrent.ThreadPoolExecutor.getTask(ThreadPoolExecutor.java:1074)
        at java.util.concurrent.ThreadPoolExecutor.runWorker(ThreadPoolExecutor.java:1134)
        at java.util.concurrent.ThreadPoolExecutor$Worker.run(ThreadPoolExecutor.java:624)
        at java.lang.Thread.run(Thread.java:748)
"qtp1523093869-158" daemon prio=5 tid=158 runnable
java.lang.Thread.State: RUNNABLE
        at sun.nio.ch.EPollArrayWrapper.epollWait(Native Method)
        at sun.nio.ch.EPollArrayWrapper.poll(EPollArrayWrapper.java:269)
        at sun.nio.ch.EPollSelectorImpl.doSelect(EPollSelectorImpl.java:93)
        at sun.nio.ch.SelectorImpl.lockAndDoSelect(SelectorImpl.java:86)
        at sun.nio.ch.SelectorImpl.select(SelectorImpl.java:97)
        at sun.nio.ch.SelectorImpl.select(SelectorImpl.java:101)
        at org.eclipse.jetty.io.ManagedSelector$SelectorProducer.select(ManagedSelector.java:472)
        at org.eclipse.jetty.io.ManagedSelector$SelectorProducer.produce(ManagedSelector.java:409)
        at org.eclipse.jetty.util.thread.strategy.EatWhatYouKill.produceTask(EatWhatYouKill.java:360)
        at org.eclipse.jetty.util.thread.strategy.EatWhatYouKill.doProduce(EatWhatYouKill.java:184)
        at org.eclipse.jetty.util.thread.strategy.EatWhatYouKill.tryProduce(EatWhatYouKill.java:171)
        at org.eclipse.jetty.util.thread.strategy.EatWhatYouKill.produce(EatWhatYouKill.java:135)
        at org.eclipse.jetty.io.ManagedSelector$$Lambda$72/490475818.run(Unknown Source)
        at org.eclipse.jetty.util.thread.QueuedThreadPool.runJob(QueuedThreadPool.java:806)
        at org.eclipse.jetty.util.thread.QueuedThreadPool$Runner.run(QueuedThreadPool.java:938)
        at java.lang.Thread.run(Thread.java:748)
"BlockDeletingService#2" daemon prio=5 tid=478 in Object.wait()
java.lang.Thread.State: WAITING (on object monitor)
        at sun.misc.Unsafe.park(Native Method)
        at java.util.concurrent.locks.LockSupport.park(LockSupport.java:175)
        at java.util.concurrent.locks.AbstractQueuedSynchronizer$ConditionObject.await(AbstractQueuedSynchronizer.java:2039)
        at java.util.concurrent.ScheduledThreadPoolExecutor$DelayedWorkQueue.take(ScheduledThreadPoolExecutor.java:1088)
        at java.util.concurrent.ScheduledThreadPoolExecutor$DelayedWorkQueue.take(ScheduledThreadPoolExecutor.java:809)
        at java.util.concurrent.ThreadPoolExecutor.getTask(ThreadPoolExecutor.java:1074)
        at java.util.concurrent.ThreadPoolExecutor.runWorker(ThreadPoolExecutor.java:1134)
        at java.util.concurrent.ThreadPoolExecutor$Worker.run(ThreadPoolExecutor.java:624)
        at java.lang.Thread.run(Thread.java:748)
"Datanode ReportManager Thread - 2" daemon prio=5 tid=267 in Object.wait()
java.lang.Thread.State: WAITING (on object monitor)
        at sun.misc.Unsafe.park(Native Method)
        at java.util.concurrent.locks.LockSupport.park(LockSupport.java:175)
        at java.util.concurrent.locks.AbstractQueuedSynchronizer$ConditionObject.await(AbstractQueuedSynchronizer.java:2039)
        at java.util.concurrent.ScheduledThreadPoolExecutor$DelayedWorkQueue.take(ScheduledThreadPoolExecutor.java:1088)
        at java.util.concurrent.ScheduledThreadPoolExecutor$DelayedWorkQueue.take(ScheduledThreadPoolExecutor.java:809)
        at java.util.concurrent.ThreadPoolExecutor.getTask(ThreadPoolExecutor.java:1074)
        at java.util.concurrent.ThreadPoolExecutor.runWorker(ThreadPoolExecutor.java:1134)
        at java.util.concurrent.ThreadPoolExecutor$Worker.run(ThreadPoolExecutor.java:624)
        at java.lang.Thread.run(Thread.java:748)
"Thread-228" daemon prio=5 tid=357 timed_waiting
java.lang.Thread.State: TIMED_WAITING
        at sun.misc.Unsafe.park(Native Method)
        at java.util.concurrent.locks.LockSupport.parkNanos(LockSupport.java:215)
        at java.util.concurrent.locks.AbstractQueuedSynchronizer$ConditionObject.awaitNanos(AbstractQueuedSynchronizer.java:2078)
        at java.util.concurrent.ArrayBlockingQueue.poll(ArrayBlockingQueue.java:418)
        at org.apache.ratis.server.impl.LeaderState$EventQueue.poll(LeaderState.java:121)
        at org.apache.ratis.server.impl.LeaderState$EventProcessor.run(LeaderState.java:496)
"Session-HouseKeeper-24244ea-1"  prio=5 tid=262 timed_waiting
java.lang.Thread.State: TIMED_WAITING
        at sun.misc.Unsafe.park(Native Method)
        at java.util.concurrent.locks.LockSupport.parkNanos(LockSupport.java:215)
        at java.util.concurrent.locks.AbstractQueuedSynchronizer$ConditionObject.awaitNanos(AbstractQueuedSynchronizer.java:2078)
        at java.util.concurrent.ScheduledThreadPoolExecutor$DelayedWorkQueue.take(ScheduledThreadPoolExecutor.java:1093)
        at java.util.concurrent.ScheduledThreadPoolExecutor$DelayedWorkQueue.take(ScheduledThreadPoolExecutor.java:809)
        at java.util.concurrent.ThreadPoolExecutor.getTask(ThreadPoolExecutor.java:1074)
        at java.util.concurrent.ThreadPoolExecutor.runWorker(ThreadPoolExecutor.java:1134)
        at java.util.concurrent.ThreadPoolExecutor$Worker.run(ThreadPoolExecutor.java:624)
        at java.lang.Thread.run(Thread.java:748)
"qtp437671997-260" daemon prio=5 tid=260 timed_waiting
java.lang.Thread.State: TIMED_WAITING
        at sun.misc.Unsafe.park(Native Method)
        at java.util.concurrent.locks.LockSupport.parkNanos(LockSupport.java:215)
        at java.util.concurrent.locks.AbstractQueuedSynchronizer$ConditionObject.awaitNanos(AbstractQueuedSynchronizer.java:2078)
        at org.eclipse.jetty.util.BlockingArrayQueue.poll(BlockingArrayQueue.java:382)
        at org.eclipse.jetty.util.thread.QueuedThreadPool$Runner.idleJobPoll(QueuedThreadPool.java:875)
        at org.eclipse.jetty.util.thread.QueuedThreadPool$Runner.run(QueuedThreadPool.java:925)
        at java.lang.Thread.run(Thread.java:748)
"pool-40-thread-1"  prio=5 tid=167 timed_waiting
java.lang.Thread.State: TIMED_WAITING
        at sun.misc.Unsafe.park(Native Method)
        at java.util.concurrent.locks.LockSupport.parkNanos(LockSupport.java:215)
        at java.util.concurrent.locks.AbstractQueuedSynchronizer$ConditionObject.awaitNanos(AbstractQueuedSynchronizer.java:2078)
        at java.util.concurrent.ScheduledThreadPoolExecutor$DelayedWorkQueue.take(ScheduledThreadPoolExecutor.java:1093)
        at java.util.concurrent.ScheduledThreadPoolExecutor$DelayedWorkQueue.take(ScheduledThreadPoolExecutor.java:809)
        at java.util.concurrent.ThreadPoolExecutor.getTask(ThreadPoolExecutor.java:1074)
        at java.util.concurrent.ThreadPoolExecutor.runWorker(ThreadPoolExecutor.java:1134)
        at java.util.concurrent.ThreadPoolExecutor$Worker.run(ThreadPoolExecutor.java:624)
        at java.lang.Thread.run(Thread.java:748)
"Timer-0"  prio=5 tid=117 timed_waiting
java.lang.Thread.State: TIMED_WAITING
        at java.lang.Object.wait(Native Method)
        at java.util.TimerThread.mainLoop(Timer.java:552)
        at java.util.TimerThread.run(Timer.java:505)
"IPC Server handler 19 on default port 38891" daemon prio=5 tid=54 timed_waiting
java.lang.Thread.State: TIMED_WAITING
        at sun.misc.Unsafe.park(Native Method)
        at java.util.concurrent.locks.LockSupport.parkNanos(LockSupport.java:215)
        at java.util.concurrent.locks.AbstractQueuedSynchronizer$ConditionObject.awaitNanos(AbstractQueuedSynchronizer.java:2078)
        at java.util.concurrent.LinkedBlockingQueue.poll(LinkedBlockingQueue.java:467)
        at org.apache.hadoop.ipc.CallQueueManager.take(CallQueueManager.java:295)
        at org.apache.hadoop.ipc.Server$Handler.run(Server.java:2881)
"ChunkWriter-2-0" daemon prio=5 tid=300 in Object.wait()
java.lang.Thread.State: WAITING (on object monitor)
        at sun.misc.Unsafe.park(Native Method)
        at java.util.concurrent.locks.LockSupport.park(LockSupport.java:175)
        at java.util.concurrent.locks.AbstractQueuedSynchronizer$ConditionObject.await(AbstractQueuedSynchronizer.java:2039)
        at java.util.concurrent.LinkedBlockingDeque.takeFirst(LinkedBlockingDeque.java:492)
        at java.util.concurrent.LinkedBlockingDeque.take(LinkedBlockingDeque.java:680)
        at java.util.concurrent.ThreadPoolExecutor.getTask(ThreadPoolExecutor.java:1074)
        at java.util.concurrent.ThreadPoolExecutor.runWorker(ThreadPoolExecutor.java:1134)
        at java.util.concurrent.ThreadPoolExecutor$Worker.run(ThreadPoolExecutor.java:624)
        at java.lang.Thread.run(Thread.java:748)
"pool-107-thread-8"  prio=5 tid=393 in Object.wait()
java.lang.Thread.State: WAITING (on object monitor)
        at sun.misc.Unsafe.park(Native Method)
        at java.util.concurrent.locks.LockSupport.park(LockSupport.java:175)
        at java.util.concurrent.locks.AbstractQueuedSynchronizer$ConditionObject.await(AbstractQueuedSynchronizer.java:2039)
        at java.util.concurrent.LinkedBlockingQueue.take(LinkedBlockingQueue.java:442)
        at java.util.concurrent.ThreadPoolExecutor.getTask(ThreadPoolExecutor.java:1074)
        at java.util.concurrent.ThreadPoolExecutor.runWorker(ThreadPoolExecutor.java:1134)
        at java.util.concurrent.ThreadPoolExecutor$Worker.run(ThreadPoolExecutor.java:624)
        at java.lang.Thread.run(Thread.java:748)
"IPC Server handler 7 on default port 41627" daemon prio=5 tid=126 timed_waiting
java.lang.Thread.State: TIMED_WAITING
        at sun.misc.Unsafe.park(Native Method)
        at java.util.concurrent.locks.LockSupport.parkNanos(LockSupport.java:215)
        at java.util.concurrent.locks.AbstractQueuedSynchronizer$ConditionObject.awaitNanos(AbstractQueuedSynchronizer.java:2078)
        at java.util.concurrent.LinkedBlockingQueue.poll(LinkedBlockingQueue.java:467)
        at org.apache.hadoop.ipc.CallQueueManager.take(CallQueueManager.java:295)
        at org.apache.hadoop.ipc.Server$Handler.run(Server.java:2881)
"IPC Server handler 7 on default port 41279" daemon prio=5 tid=82 timed_waiting
java.lang.Thread.State: TIMED_WAITING
        at sun.misc.Unsafe.park(Native Method)
        at java.util.concurrent.locks.LockSupport.parkNanos(LockSupport.java:215)
        at java.util.concurrent.locks.AbstractQueuedSynchronizer$ConditionObject.awaitNanos(AbstractQueuedSynchronizer.java:2078)
        at java.util.concurrent.LinkedBlockingQueue.poll(LinkedBlockingQueue.java:467)
        at org.apache.hadoop.ipc.CallQueueManager.take(CallQueueManager.java:295)
        at org.apache.hadoop.ipc.Server$Handler.run(Server.java:2881)
"ChunkWriter-2-0" daemon prio=5 tid=288 in Object.wait()
java.lang.Thread.State: WAITING (on object monitor)
        at sun.misc.Unsafe.park(Native Method)
        at java.util.concurrent.locks.LockSupport.park(LockSupport.java:175)
        at java.util.concurrent.locks.AbstractQueuedSynchronizer$ConditionObject.await(AbstractQueuedSynchronizer.java:2039)
        at java.util.concurrent.LinkedBlockingDeque.takeFirst(LinkedBlockingDeque.java:492)
        at java.util.concurrent.LinkedBlockingDeque.take(LinkedBlockingDeque.java:680)
        at java.util.concurrent.ThreadPoolExecutor.getTask(ThreadPoolExecutor.java:1074)
        at java.util.concurrent.ThreadPoolExecutor.runWorker(ThreadPoolExecutor.java:1134)
        at java.util.concurrent.ThreadPoolExecutor$Worker.run(ThreadPoolExecutor.java:624)
        at java.lang.Thread.run(Thread.java:748)
"OMDoubleBufferFlushThread" daemon prio=5 tid=111 timed_waiting
java.lang.Thread.State: TIMED_WAITING
        at java.lang.Object.wait(Native Method)
        at org.apache.hadoop.ozone.om.ratis.OzoneManagerDoubleBuffer.canFlush(OzoneManagerDoubleBuffer.java:482)
        at org.apache.hadoop.ozone.om.ratis.OzoneManagerDoubleBuffer.flushTransactions(OzoneManagerDoubleBuffer.java:232)
        at org.apache.hadoop.ozone.om.ratis.OzoneManagerDoubleBuffer$$Lambda$80/2028630031.run(Unknown Source)
        at java.lang.Thread.run(Thread.java:748)
"org.apache.hadoop.util.JvmPauseMonitor$Monitor@5be99326" daemon prio=5 tid=199 timed_waiting
java.lang.Thread.State: TIMED_WAITING
        at java.lang.Thread.sleep(Native Method)
        at org.apache.hadoop.util.JvmPauseMonitor$Monitor.run(JvmPauseMonitor.java:192)
        at java.lang.Thread.run(Thread.java:748)
"PartialTableCache Cleanup Thread - 0" daemon prio=5 tid=408 in Object.wait()
java.lang.Thread.State: WAITING (on object monitor)
        at sun.misc.Unsafe.park(Native Method)
        at java.util.concurrent.locks.LockSupport.park(LockSupport.java:175)
        at java.util.concurrent.locks.AbstractQueuedSynchronizer$ConditionObject.await(AbstractQueuedSynchronizer.java:2039)
        at java.util.concurrent.LinkedBlockingQueue.take(LinkedBlockingQueue.java:442)
        at java.util.concurrent.ThreadPoolExecutor.getTask(ThreadPoolExecutor.java:1074)
        at java.util.concurrent.ThreadPoolExecutor.runWorker(ThreadPoolExecutor.java:1134)
        at java.util.concurrent.ThreadPoolExecutor$Worker.run(ThreadPoolExecutor.java:624)
        at java.lang.Thread.run(Thread.java:748)
"IPC Server handler 14 on default port 41279" daemon prio=5 tid=89 timed_waiting
java.lang.Thread.State: TIMED_WAITING
        at sun.misc.Unsafe.park(Native Method)
        at java.util.concurrent.locks.LockSupport.parkNanos(LockSupport.java:215)
        at java.util.concurrent.locks.AbstractQueuedSynchronizer$ConditionObject.awaitNanos(AbstractQueuedSynchronizer.java:2078)
        at java.util.concurrent.LinkedBlockingQueue.poll(LinkedBlockingQueue.java:467)
        at org.apache.hadoop.ipc.CallQueueManager.take(CallQueueManager.java:295)
        at org.apache.hadoop.ipc.Server$Handler.run(Server.java:2881)
"IPC Server handler 0 on default port 38891" daemon prio=5 tid=35 timed_waiting
java.lang.Thread.State: TIMED_WAITING
        at sun.misc.Unsafe.park(Native Method)
        at java.util.concurrent.locks.LockSupport.parkNanos(LockSupport.java:215)
        at java.util.concurrent.locks.AbstractQueuedSynchronizer$ConditionObject.awaitNanos(AbstractQueuedSynchronizer.java:2078)
        at java.util.concurrent.LinkedBlockingQueue.poll(LinkedBlockingQueue.java:467)
        at org.apache.hadoop.ipc.CallQueueManager.take(CallQueueManager.java:295)
        at org.apache.hadoop.ipc.Server$Handler.run(Server.java:2881)
"BlockDeletingService#6" daemon prio=5 tid=769 in Object.wait()
java.lang.Thread.State: WAITING (on object monitor)
        at sun.misc.Unsafe.park(Native Method)
        at java.util.concurrent.locks.LockSupport.park(LockSupport.java:175)
        at java.util.concurrent.locks.AbstractQueuedSynchronizer$ConditionObject.await(AbstractQueuedSynchronizer.java:2039)
        at java.util.concurrent.ScheduledThreadPoolExecutor$DelayedWorkQueue.take(ScheduledThreadPoolExecutor.java:1088)
        at java.util.concurrent.ScheduledThreadPoolExecutor$DelayedWorkQueue.take(ScheduledThreadPoolExecutor.java:809)
        at java.util.concurrent.ThreadPoolExecutor.getTask(ThreadPoolExecutor.java:1074)
        at java.util.concurrent.ThreadPoolExecutor.runWorker(ThreadPoolExecutor.java:1134)
        at java.util.concurrent.ThreadPoolExecutor$Worker.run(ThreadPoolExecutor.java:624)
        at java.lang.Thread.run(Thread.java:748)
"PartialTableCache Cleanup Thread - 0" daemon prio=5 tid=403 in Object.wait()
java.lang.Thread.State: WAITING (on object monitor)
        at sun.misc.Unsafe.park(Native Method)
        at java.util.concurrent.locks.LockSupport.park(LockSupport.java:175)
        at java.util.concurrent.locks.AbstractQueuedSynchronizer$ConditionObject.await(AbstractQueuedSynchronizer.java:2039)
        at java.util.concurrent.LinkedBlockingQueue.take(LinkedBlockingQueue.java:442)
        at java.util.concurrent.ThreadPoolExecutor.getTask(ThreadPoolExecutor.java:1074)
        at java.util.concurrent.ThreadPoolExecutor.runWorker(ThreadPoolExecutor.java:1134)
        at java.util.concurrent.ThreadPoolExecutor$Worker.run(ThreadPoolExecutor.java:624)
        at java.lang.Thread.run(Thread.java:748)
"EventQueue-DatanodeCommandForSCMNodeManager"  prio=5 tid=309 in Object.wait()
java.lang.Thread.State: WAITING (on object monitor)
        at sun.misc.Unsafe.park(Native Method)
        at java.util.concurrent.locks.LockSupport.park(LockSupport.java:175)
        at java.util.concurrent.locks.AbstractQueuedSynchronizer$ConditionObject.await(AbstractQueuedSynchronizer.java:2039)
        at java.util.concurrent.LinkedBlockingQueue.take(LinkedBlockingQueue.java:442)
        at java.util.concurrent.ThreadPoolExecutor.getTask(ThreadPoolExecutor.java:1074)
        at java.util.concurrent.ThreadPoolExecutor.runWorker(ThreadPoolExecutor.java:1134)
        at java.util.concurrent.ThreadPoolExecutor$Worker.run(ThreadPoolExecutor.java:624)
        at java.lang.Thread.run(Thread.java:748)
"pool-103-thread-1"  prio=5 tid=253 timed_waiting
java.lang.Thread.State: TIMED_WAITING
        at sun.misc.Unsafe.park(Native Method)
        at java.util.concurrent.locks.LockSupport.parkNanos(LockSupport.java:215)
        at java.util.concurrent.locks.AbstractQueuedSynchronizer$ConditionObject.awaitNanos(AbstractQueuedSynchronizer.java:2078)
        at java.util.concurrent.ScheduledThreadPoolExecutor$DelayedWorkQueue.take(ScheduledThreadPoolExecutor.java:1093)
        at java.util.concurrent.ScheduledThreadPoolExecutor$DelayedWorkQueue.take(ScheduledThreadPoolExecutor.java:809)
        at java.util.concurrent.ThreadPoolExecutor.getTask(ThreadPoolExecutor.java:1074)
        at java.util.concurrent.ThreadPoolExecutor.runWorker(ThreadPoolExecutor.java:1134)
        at java.util.concurrent.ThreadPoolExecutor$Worker.run(ThreadPoolExecutor.java:624)
        at java.lang.Thread.run(Thread.java:748)
"IPC Server handler 5 on default port 36429" daemon prio=5 tid=60 timed_waiting
java.lang.Thread.State: TIMED_WAITING
        at sun.misc.Unsafe.park(Native Method)
        at java.util.concurrent.locks.LockSupport.parkNanos(LockSupport.java:215)
        at java.util.concurrent.locks.AbstractQueuedSynchronizer$ConditionObject.awaitNanos(AbstractQueuedSynchronizer.java:2078)
        at java.util.concurrent.LinkedBlockingQueue.poll(LinkedBlockingQueue.java:467)
        at org.apache.hadoop.ipc.CallQueueManager.take(CallQueueManager.java:295)
        at org.apache.hadoop.ipc.Server$Handler.run(Server.java:2881)
"pool-87-thread-1"  prio=5 tid=229 timed_waiting
java.lang.Thread.State: TIMED_WAITING
        at sun.misc.Unsafe.park(Native Method)
        at java.util.concurrent.locks.LockSupport.parkNanos(LockSupport.java:215)
        at java.util.concurrent.locks.AbstractQueuedSynchronizer$ConditionObject.awaitNanos(AbstractQueuedSynchronizer.java:2078)
        at java.util.concurrent.ScheduledThreadPoolExecutor$DelayedWorkQueue.take(ScheduledThreadPoolExecutor.java:1093)
        at java.util.concurrent.ScheduledThreadPoolExecutor$DelayedWorkQueue.take(ScheduledThreadPoolExecutor.java:809)
        at java.util.concurrent.ThreadPoolExecutor.getTask(ThreadPoolExecutor.java:1074)
        at java.util.concurrent.ThreadPoolExecutor.runWorker(ThreadPoolExecutor.java:1134)
        at java.util.concurrent.ThreadPoolExecutor$Worker.run(ThreadPoolExecutor.java:624)
        at java.lang.Thread.run(Thread.java:748)
"qtp607690808-231-acceptor-0@4dd200be-ServerConnector@5fa0943d{HTTP/1.1,[http/1.1]}{0.0.0.0:40235}" daemon prio=3 tid=231 runnable
java.lang.Thread.State: RUNNABLE
        at sun.nio.ch.ServerSocketChannelImpl.accept0(Native Method)
        at sun.nio.ch.ServerSocketChannelImpl.accept(ServerSocketChannelImpl.java:422)
        at sun.nio.ch.ServerSocketChannelImpl.accept(ServerSocketChannelImpl.java:250)
        at org.eclipse.jetty.server.ServerConnector.accept(ServerConnector.java:385)
        at org.eclipse.jetty.server.AbstractConnector$Acceptor.run(AbstractConnector.java:701)
        at org.eclipse.jetty.util.thread.QueuedThreadPool.runJob(QueuedThreadPool.java:806)
        at org.eclipse.jetty.util.thread.QueuedThreadPool$Runner.run(QueuedThreadPool.java:938)
        at java.lang.Thread.run(Thread.java:748)
"qtp1523093869-165" daemon prio=5 tid=165 timed_waiting
java.lang.Thread.State: TIMED_WAITING
        at sun.misc.Unsafe.park(Native Method)
        at java.util.concurrent.locks.LockSupport.parkNanos(LockSupport.java:215)
        at java.util.concurrent.locks.AbstractQueuedSynchronizer$ConditionObject.awaitNanos(AbstractQueuedSynchronizer.java:2078)
        at org.eclipse.jetty.util.BlockingArrayQueue.poll(BlockingArrayQueue.java:382)
        at org.eclipse.jetty.util.thread.QueuedThreadPool$Runner.idleJobPoll(QueuedThreadPool.java:875)
        at org.eclipse.jetty.util.thread.QueuedThreadPool$Runner.run(QueuedThreadPool.java:925)
        at java.lang.Thread.run(Thread.java:748)
"BlockDeletingService#0" daemon prio=5 tid=283 in Object.wait()
java.lang.Thread.State: WAITING (on object monitor)
        at sun.misc.Unsafe.park(Native Method)
        at java.util.concurrent.locks.LockSupport.park(LockSupport.java:175)
        at java.util.concurrent.locks.AbstractQueuedSynchronizer$ConditionObject.await(AbstractQueuedSynchronizer.java:2039)
        at java.util.concurrent.ScheduledThreadPoolExecutor$DelayedWorkQueue.take(ScheduledThreadPoolExecutor.java:1088)
        at java.util.concurrent.ScheduledThreadPoolExecutor$DelayedWorkQueue.take(ScheduledThreadPoolExecutor.java:809)
        at java.util.concurrent.ThreadPoolExecutor.getTask(ThreadPoolExecutor.java:1074)
        at java.util.concurrent.ThreadPoolExecutor.runWorker(ThreadPoolExecutor.java:1134)
        at java.util.concurrent.ThreadPoolExecutor$Worker.run(ThreadPoolExecutor.java:624)
        at java.lang.Thread.run(Thread.java:748)
"SCMBlockDeletingService#0" daemon prio=5 tid=106 timed_waiting
java.lang.Thread.State: TIMED_WAITING
        at sun.misc.Unsafe.park(Native Method)
        at java.util.concurrent.locks.LockSupport.parkNanos(LockSupport.java:215)
        at java.util.concurrent.locks.AbstractQueuedSynchronizer$ConditionObject.awaitNanos(AbstractQueuedSynchronizer.java:2078)
        at java.util.concurrent.ScheduledThreadPoolExecutor$DelayedWorkQueue.take(ScheduledThreadPoolExecutor.java:1093)
        at java.util.concurrent.ScheduledThreadPoolExecutor$DelayedWorkQueue.take(ScheduledThreadPoolExecutor.java:809)
        at java.util.concurrent.ThreadPoolExecutor.getTask(ThreadPoolExecutor.java:1074)
        at java.util.concurrent.ThreadPoolExecutor.runWorker(ThreadPoolExecutor.java:1134)
        at java.util.concurrent.ThreadPoolExecutor$Worker.run(ThreadPoolExecutor.java:624)
        at java.lang.Thread.run(Thread.java:748)
"pool-107-thread-7"  prio=5 tid=392 in Object.wait()
java.lang.Thread.State: WAITING (on object monitor)
        at sun.misc.Unsafe.park(Native Method)
        at java.util.concurrent.locks.LockSupport.park(LockSupport.java:175)
        at java.util.concurrent.locks.AbstractQueuedSynchronizer$ConditionObject.await(AbstractQueuedSynchronizer.java:2039)
        at java.util.concurrent.LinkedBlockingQueue.take(LinkedBlockingQueue.java:442)
        at java.util.concurrent.ThreadPoolExecutor.getTask(ThreadPoolExecutor.java:1074)
        at java.util.concurrent.ThreadPoolExecutor.runWorker(ThreadPoolExecutor.java:1134)
        at java.util.concurrent.ThreadPoolExecutor$Worker.run(ThreadPoolExecutor.java:624)
        at java.lang.Thread.run(Thread.java:748)
"qtp437671997-259" daemon prio=5 tid=259 timed_waiting
java.lang.Thread.State: TIMED_WAITING
        at sun.misc.Unsafe.park(Native Method)
        at java.util.concurrent.locks.LockSupport.parkNanos(LockSupport.java:215)
        at java.util.concurrent.locks.AbstractQueuedSynchronizer$ConditionObject.awaitNanos(AbstractQueuedSynchronizer.java:2078)
        at org.eclipse.jetty.util.BlockingArrayQueue.poll(BlockingArrayQueue.java:382)
        at org.eclipse.jetty.util.thread.QueuedThreadPool$Runner.idleJobPoll(QueuedThreadPool.java:875)
        at org.eclipse.jetty.util.thread.QueuedThreadPool$Runner.run(QueuedThreadPool.java:925)
        at java.lang.Thread.run(Thread.java:748)
"Socket Reader #1 for port 0"  prio=5 tid=21 runnable
java.lang.Thread.State: RUNNABLE
        at sun.nio.ch.EPollArrayWrapper.epollWait(Native Method)
        at sun.nio.ch.EPollArrayWrapper.poll(EPollArrayWrapper.java:269)
        at sun.nio.ch.EPollSelectorImpl.doSelect(EPollSelectorImpl.java:93)
        at sun.nio.ch.SelectorImpl.lockAndDoSelect(SelectorImpl.java:86)
        at sun.nio.ch.SelectorImpl.select(SelectorImpl.java:97)
        at sun.nio.ch.SelectorImpl.select(SelectorImpl.java:101)
        at org.apache.hadoop.ipc.Server$Listener$Reader.doRunLoop(Server.java:1242)
        at org.apache.hadoop.ipc.Server$Listener$Reader.run(Server.java:1221)
"BlockDeletingService#1" daemon prio=5 tid=303 in Object.wait()
java.lang.Thread.State: WAITING (on object monitor)
        at sun.misc.Unsafe.park(Native Method)
        at java.util.concurrent.locks.LockSupport.park(LockSupport.java:175)
        at java.util.concurrent.locks.AbstractQueuedSynchronizer$ConditionObject.await(AbstractQueuedSynchronizer.java:2039)
        at java.util.concurrent.ScheduledThreadPoolExecutor$DelayedWorkQueue.take(ScheduledThreadPoolExecutor.java:1088)
        at java.util.concurrent.ScheduledThreadPoolExecutor$DelayedWorkQueue.take(ScheduledThreadPoolExecutor.java:809)
        at java.util.concurrent.ThreadPoolExecutor.getTask(ThreadPoolExecutor.java:1074)
        at java.util.concurrent.ThreadPoolExecutor.runWorker(ThreadPoolExecutor.java:1134)
        at java.util.concurrent.ThreadPoolExecutor$Worker.run(ThreadPoolExecutor.java:624)
        at java.lang.Thread.run(Thread.java:748)
"BlockDeletingService#1" daemon prio=5 tid=297 in Object.wait()
java.lang.Thread.State: WAITING (on object monitor)
        at sun.misc.Unsafe.park(Native Method)
        at java.util.concurrent.locks.LockSupport.park(LockSupport.java:175)
        at java.util.concurrent.locks.AbstractQueuedSynchronizer$ConditionObject.await(AbstractQueuedSynchronizer.java:2039)
        at java.util.concurrent.ScheduledThreadPoolExecutor$DelayedWorkQueue.take(ScheduledThreadPoolExecutor.java:1088)
        at java.util.concurrent.ScheduledThreadPoolExecutor$DelayedWorkQueue.take(ScheduledThreadPoolExecutor.java:809)
        at java.util.concurrent.ThreadPoolExecutor.getTask(ThreadPoolExecutor.java:1074)
        at java.util.concurrent.ThreadPoolExecutor.runWorker(ThreadPoolExecutor.java:1134)
        at java.util.concurrent.ThreadPoolExecutor$Worker.run(ThreadPoolExecutor.java:624)
        at java.lang.Thread.run(Thread.java:748)
"IPC Server handler 5 on default port 38891" daemon prio=5 tid=40 timed_waiting
java.lang.Thread.State: TIMED_WAITING
        at sun.misc.Unsafe.park(Native Method)
        at java.util.concurrent.locks.LockSupport.parkNanos(LockSupport.java:215)
        at java.util.concurrent.locks.AbstractQueuedSynchronizer$ConditionObject.awaitNanos(AbstractQueuedSynchronizer.java:2078)
        at java.util.concurrent.LinkedBlockingQueue.poll(LinkedBlockingQueue.java:467)
        at org.apache.hadoop.ipc.CallQueueManager.take(CallQueueManager.java:295)
        at org.apache.hadoop.ipc.Server$Handler.run(Server.java:2881)
"Session-HouseKeeper-7d6ccad7-1"  prio=5 tid=166 timed_waiting
java.lang.Thread.State: TIMED_WAITING
        at sun.misc.Unsafe.park(Native Method)
        at java.util.concurrent.locks.LockSupport.parkNanos(LockSupport.java:215)
        at java.util.concurrent.locks.AbstractQueuedSynchronizer$ConditionObject.awaitNanos(AbstractQueuedSynchronizer.java:2078)
        at java.util.concurrent.ScheduledThreadPoolExecutor$DelayedWorkQueue.take(ScheduledThreadPoolExecutor.java:1093)
        at java.util.concurrent.ScheduledThreadPoolExecutor$DelayedWorkQueue.take(ScheduledThreadPoolExecutor.java:809)
        at java.util.concurrent.ThreadPoolExecutor.getTask(ThreadPoolExecutor.java:1074)
        at java.util.concurrent.ThreadPoolExecutor.runWorker(ThreadPoolExecutor.java:1134)
        at java.util.concurrent.ThreadPoolExecutor$Worker.run(ThreadPoolExecutor.java:624)
        at java.lang.Thread.run(Thread.java:748)
"a0aacd28-4468-409f-aa57-a8c1d52d114c@group-B47274244063-StateMachineUpdater" daemon prio=5 tid=317 in Object.wait()
java.lang.Thread.State: WAITING (on object monitor)
        at java.lang.Object.wait(Native Method)
        at java.lang.Object.wait(Object.java:502)
        at org.apache.ratis.server.impl.StateMachineUpdater.waitForCommit(StateMachineUpdater.java:200)
        at org.apache.ratis.server.impl.StateMachineUpdater.run(StateMachineUpdater.java:165)
        at java.lang.Thread.run(Thread.java:748)
"IPC Server handler 15 on default port 41627" daemon prio=5 tid=134 timed_waiting
java.lang.Thread.State: TIMED_WAITING
        at sun.misc.Unsafe.park(Native Method)
        at java.util.concurrent.locks.LockSupport.parkNanos(LockSupport.java:215)
        at java.util.concurrent.locks.AbstractQueuedSynchronizer$ConditionObject.awaitNanos(AbstractQueuedSynchronizer.java:2078)
        at java.util.concurrent.LinkedBlockingQueue.poll(LinkedBlockingQueue.java:467)
        at org.apache.hadoop.ipc.CallQueueManager.take(CallQueueManager.java:295)
        at org.apache.hadoop.ipc.Server$Handler.run(Server.java:2881)
"IPC Server handler 8 on default port 41279" daemon prio=5 tid=83 timed_waiting
java.lang.Thread.State: TIMED_WAITING
        at sun.misc.Unsafe.park(Native Method)
        at java.util.concurrent.locks.LockSupport.parkNanos(LockSupport.java:215)
        at java.util.concurrent.locks.AbstractQueuedSynchronizer$ConditionObject.awaitNanos(AbstractQueuedSynchronizer.java:2078)
        at java.util.concurrent.LinkedBlockingQueue.poll(LinkedBlockingQueue.java:467)
        at org.apache.hadoop.ipc.CallQueueManager.take(CallQueueManager.java:295)
        at org.apache.hadoop.ipc.Server$Handler.run(Server.java:2881)
"Signal Dispatcher" daemon prio=9 tid=4 runnable
java.lang.Thread.State: RUNNABLE
"IPC Server handler 10 on default port 41627" daemon prio=5 tid=129 timed_waiting
java.lang.Thread.State: TIMED_WAITING
        at sun.misc.Unsafe.park(Native Method)
        at java.util.concurrent.locks.LockSupport.parkNanos(LockSupport.java:215)
        at java.util.concurrent.locks.AbstractQueuedSynchronizer$ConditionObject.awaitNanos(AbstractQueuedSynchronizer.java:2078)
        at java.util.concurrent.LinkedBlockingQueue.poll(LinkedBlockingQueue.java:467)
        at org.apache.hadoop.ipc.CallQueueManager.take(CallQueueManager.java:295)
        at org.apache.hadoop.ipc.Server$Handler.run(Server.java:2881)
"Socket Reader #1 for port 0"  prio=5 tid=113 runnable
java.lang.Thread.State: RUNNABLE
        at sun.nio.ch.EPollArrayWrapper.epollWait(Native Method)
        at sun.nio.ch.EPollArrayWrapper.poll(EPollArrayWrapper.java:269)
        at sun.nio.ch.EPollSelectorImpl.doSelect(EPollSelectorImpl.java:93)
        at sun.nio.ch.SelectorImpl.lockAndDoSelect(SelectorImpl.java:86)
        at sun.nio.ch.SelectorImpl.select(SelectorImpl.java:97)
        at sun.nio.ch.SelectorImpl.select(SelectorImpl.java:101)
        at org.apache.hadoop.ipc.Server$Listener$Reader.doRunLoop(Server.java:1242)
        at org.apache.hadoop.ipc.Server$Listener$Reader.run(Server.java:1221)
"qtp917987811-148" daemon prio=5 tid=148 timed_waiting
java.lang.Thread.State: TIMED_WAITING
        at sun.misc.Unsafe.park(Native Method)
        at java.util.concurrent.locks.LockSupport.parkNanos(LockSupport.java:215)
        at java.util.concurrent.locks.AbstractQueuedSynchronizer$ConditionObject.awaitNanos(AbstractQueuedSynchronizer.java:2078)
        at org.eclipse.jetty.util.BlockingArrayQueue.poll(BlockingArrayQueue.java:382)
        at org.eclipse.jetty.util.thread.QueuedThreadPool$Runner.idleJobPoll(QueuedThreadPool.java:875)
        at org.eclipse.jetty.util.thread.QueuedThreadPool$Runner.run(QueuedThreadPool.java:925)
        at java.lang.Thread.run(Thread.java:748)
"Listener at 127.0.0.1/41627"  prio=5 tid=1 runnable
java.lang.Thread.State: RUNNABLE
        at java.lang.Thread.dumpThreads(Native Method)
        at java.lang.Thread.getAllStackTraces(Thread.java:1610)
        at org.apache.hadoop.test.TimedOutTestsListener.buildThreadDump(TimedOutTestsListener.java:93)
        at org.apache.hadoop.test.TimedOutTestsListener.buildThreadDiagnosticString(TimedOutTestsListener.java:79)
        at org.apache.hadoop.test.TimedOutTestsListener.testFailure(TimedOutTestsListener.java:67)
        at org.junit.runner.notification.RunNotifier$4.notifyListener(RunNotifier.java:139)
        at org.junit.runner.notification.RunNotifier$SafeNotifier.run(RunNotifier.java:61)
        at org.junit.runner.notification.RunNotifier.fireTestFailures(RunNotifier.java:134)
        at org.junit.runner.notification.RunNotifier.fireTestFailure(RunNotifier.java:128)
        at org.apache.maven.surefire.common.junit4.Notifier.fireTestFailure(Notifier.java:114)
        at org.junit.internal.runners.model.EachTestNotifier.addFailure(EachTestNotifier.java:23)
        at org.junit.runners.ParentRunner.runLeaf(ParentRunner.java:275)
        at org.junit.runners.BlockJUnit4ClassRunner.runChild(BlockJUnit4ClassRunner.java:70)
        at org.junit.runners.BlockJUnit4ClassRunner.runChild(BlockJUnit4ClassRunner.java:50)
        at org.junit.runners.ParentRunner$3.run(ParentRunner.java:238)
        at org.junit.runners.ParentRunner$1.schedule(ParentRunner.java:63)
        at org.junit.runners.ParentRunner.runChildren(ParentRunner.java:236)
        at org.junit.runners.ParentRunner.access$000(ParentRunner.java:53)
        at org.junit.runners.ParentRunner$2.evaluate(ParentRunner.java:229)
        at org.junit.internal.runners.statements.RunBefores.evaluate(RunBefores.java:26)
        at org.junit.internal.runners.statements.RunAfters.evaluate(RunAfters.java:27)
        at org.junit.runners.ParentRunner.run(ParentRunner.java:309)
        at org.apache.maven.surefire.junit4.JUnit4Provider.execute(JUnit4Provider.java:365)
        at org.apache.maven.surefire.junit4.JUnit4Provider.executeWithRerun(JUnit4Provider.java:273)
        at org.apache.maven.surefire.junit4.JUnit4Provider.executeTestSet(JUnit4Provider.java:238)
        at org.apache.maven.surefire.junit4.JUnit4Provider.invoke(JUnit4Provider.java:159)
        at org.apache.maven.surefire.booter.ForkedBooter.invokeProviderInSameClassLoader(ForkedBooter.java:384)
        at org.apache.maven.surefire.booter.ForkedBooter.runSuitesInProcess(ForkedBooter.java:345)
        at org.apache.maven.surefire.booter.ForkedBooter.execute(ForkedBooter.java:126)
        at org.apache.maven.surefire.booter.ForkedBooter.main(ForkedBooter.java:418)
"EventQueue-PipelineReportForPipelineReportHandler" daemon prio=5 tid=308 in Object.wait()
java.lang.Thread.State: WAITING (on object monitor)
        at sun.misc.Unsafe.park(Native Method)
        at java.util.concurrent.locks.LockSupport.park(LockSupport.java:175)
        at java.util.concurrent.locks.AbstractQueuedSynchronizer$ConditionObject.await(AbstractQueuedSynchronizer.java:2039)
        at java.util.concurrent.LinkedBlockingQueue.take(LinkedBlockingQueue.java:442)
        at java.util.concurrent.ThreadPoolExecutor.getTask(ThreadPoolExecutor.java:1074)
        at java.util.concurrent.ThreadPoolExecutor.runWorker(ThreadPoolExecutor.java:1134)
        at java.util.concurrent.ThreadPoolExecutor$Worker.run(ThreadPoolExecutor.java:624)
        at java.lang.Thread.run(Thread.java:748)
"ChunkWriter-1-0" daemon prio=5 tid=274 in Object.wait()
java.lang.Thread.State: WAITING (on object monitor)
        at sun.misc.Unsafe.park(Native Method)
        at java.util.concurrent.locks.LockSupport.park(LockSupport.java:175)
        at java.util.concurrent.locks.AbstractQueuedSynchronizer$ConditionObject.await(AbstractQueuedSynchronizer.java:2039)
        at java.util.concurrent.LinkedBlockingDeque.takeFirst(LinkedBlockingDeque.java:492)
        at java.util.concurrent.LinkedBlockingDeque.take(LinkedBlockingDeque.java:680)
        at java.util.concurrent.ThreadPoolExecutor.getTask(ThreadPoolExecutor.java:1074)
        at java.util.concurrent.ThreadPoolExecutor.runWorker(ThreadPoolExecutor.java:1134)
        at java.util.concurrent.ThreadPoolExecutor$Worker.run(ThreadPoolExecutor.java:624)
        at java.lang.Thread.run(Thread.java:748)
"ChunkWriter-0-0" daemon prio=5 tid=273 in Object.wait()
java.lang.Thread.State: WAITING (on ob]]></system-err>
  </testcase>
</testsuite>