<?xml version="1.0" encoding="UTF-8"?>
<testsuite xmlns:xsi="http://www.w3.org/2001/XMLSchema-instance" xsi:noNamespaceSchemaLocation="https://maven.apache.org/surefire/maven-surefire-plugin/xsd/surefire-test-report-3.0.xsd" version="3.0" name="org.apache.hadoop.ozone.scm.node.TestDecommissionAndMaintenance" time="343.69" tests="8" errors="1" skipped="0" failures="0">
  <properties>
    <property name="awt.toolkit" value="sun.awt.X11.XToolkit"/>
    <property name="file.encoding.pkg" value="sun.io"/>
    <property name="java.specification.version" value="1.8"/>
    <property name="sun.cpu.isalist" value=""/>
    <property name="sun.jnu.encoding" value="UTF-8"/>
    <property name="java.class.path" value="/home/runner/work/ozone/ozone/hadoop-ozone/integration-test/target/test-classes:/home/runner/work/ozone/ozone/hadoop-ozone/integration-test/target/classes:/home/runner/.m2/repository/org/apache/ozone/ozone-common/1.3.0-SNAPSHOT/ozone-common-1.3.0-SNAPSHOT.jar:/home/runner/.m2/repository/io/grpc/grpc-netty/1.48.1/grpc-netty-1.48.1.jar:/home/runner/.m2/repository/io/grpc/grpc-core/1.48.1/grpc-core-1.48.1.jar:/home/runner/.m2/repository/com/google/android/annotations/4.1.1.4/annotations-4.1.1.4.jar:/home/runner/.m2/repository/org/codehaus/mojo/animal-sniffer-annotations/1.21/animal-sniffer-annotations-1.21.jar:/home/runner/.m2/repository/com/google/errorprone/error_prone_annotations/2.2.0/error_prone_annotations-2.2.0.jar:/home/runner/.m2/repository/io/perfmark/perfmark-api/0.25.0/perfmark-api-0.25.0.jar:/home/runner/.m2/repository/io/netty/netty-codec-http2/4.1.79.Final/netty-codec-http2-4.1.79.Final.jar:/home/runner/.m2/repository/io/netty/netty-common/4.1.79.Final/netty-common-4.1.79.Final.jar:/home/runner/.m2/repository/io/netty/netty-buffer/4.1.79.Final/netty-buffer-4.1.79.Final.jar:/home/runner/.m2/repository/io/netty/netty-codec-http/4.1.79.Final/netty-codec-http-4.1.79.Final.jar:/home/runner/.m2/repository/io/netty/netty-handler-proxy/4.1.79.Final/netty-handler-proxy-4.1.79.Final.jar:/home/runner/.m2/repository/io/netty/netty-codec-socks/4.1.79.Final/netty-codec-socks-4.1.79.Final.jar:/home/runner/.m2/repository/io/netty/netty-tcnative-boringssl-static/2.0.53.Final/netty-tcnative-boringssl-static-2.0.53.Final.jar:/home/runner/.m2/repository/io/netty/netty-tcnative-classes/2.0.53.Final/netty-tcnative-classes-2.0.53.Final.jar:/home/runner/.m2/repository/io/netty/netty-tcnative-boringssl-static/2.0.53.Final/netty-tcnative-boringssl-static-2.0.53.Final-linux-x86_64.jar:/home/runner/.m2/repository/io/netty/netty-tcnative-boringssl-static/2.0.53.Final/netty-tcnative-boringssl-static-2.0.53.Final-linux-aarch_64.jar:/home/runner/.m2/repository/io/netty/netty-tcnative-boringssl-static/2.0.53.Final/netty-tcnative-boringssl-static-2.0.53.Final-osx-x86_64.jar:/home/runner/.m2/repository/io/netty/netty-tcnative-boringssl-static/2.0.53.Final/netty-tcnative-boringssl-static-2.0.53.Final-osx-aarch_64.jar:/home/runner/.m2/repository/io/netty/netty-tcnative-boringssl-static/2.0.53.Final/netty-tcnative-boringssl-static-2.0.53.Final-windows-x86_64.jar:/home/runner/.m2/repository/org/apache/commons/commons-compress/1.21/commons-compress-1.21.jar:/home/runner/.m2/repository/org/apache/ozone/hdds-common/1.3.0-SNAPSHOT/hdds-common-1.3.0-SNAPSHOT.jar:/home/runner/.m2/repository/org/apache/ozone/hdds-client/1.3.0-SNAPSHOT/hdds-client-1.3.0-SNAPSHOT.jar:/home/runner/.m2/repository/org/apache/ozone/ozone-interface-client/1.3.0-SNAPSHOT/ozone-interface-client-1.3.0-SNAPSHOT.jar:/home/runner/.m2/repository/org/apache/ozone/hdds-test-utils/1.3.0-SNAPSHOT/hdds-test-utils-1.3.0-SNAPSHOT.jar:/home/runner/.m2/repository/com/google/guava/guava/31.1-jre/guava-31.1-jre.jar:/home/runner/.m2/repository/com/google/guava/failureaccess/1.0.1/failureaccess-1.0.1.jar:/home/runner/.m2/repository/com/google/guava/listenablefuture/9999.0-empty-to-avoid-conflict-with-guava/listenablefuture-9999.0-empty-to-avoid-conflict-with-guava.jar:/home/runner/.m2/repository/com/google/code/findbugs/jsr305/3.0.0/jsr305-3.0.0.jar:/home/runner/.m2/repository/org/checkerframework/checker-qual/3.12.0/checker-qual-3.12.0.jar:/home/runner/.m2/repository/com/google/j2objc/j2objc-annotations/1.3/j2objc-annotations-1.3.jar:/home/runner/.m2/repository/commons-io/commons-io/2.11.0/commons-io-2.11.0.jar:/home/runner/.m2/repository/commons-logging/commons-logging/1.2/commons-logging-1.2.jar:/home/runner/.m2/repository/log4j/log4j/1.2.17/log4j-1.2.17.jar:/home/runner/.m2/repository/org/slf4j/slf4j-api/1.7.30/slf4j-api-1.7.30.jar:/home/runner/.m2/repository/org/apache/ozone/hdds-server-scm/1.3.0-SNAPSHOT/hdds-server-scm-1.3.0-SNAPSHOT.jar:/home/runner/.m2/repository/org/apache/ozone/hdds-container-service/1.3.0-SNAPSHOT/hdds-container-service-1.3.0-SNAPSHOT.jar:/home/runner/.m2/repository/org/apache/ozone/hdds-hadoop-dependency-server/1.3.0-SNAPSHOT/hdds-hadoop-dependency-server-1.3.0-SNAPSHOT.jar:/home/runner/.m2/repository/org/apache/hadoop/hadoop-hdfs/3.3.1/hadoop-hdfs-3.3.1.jar:/home/runner/.m2/repository/org/apache/ozone/hdds-server-framework/1.3.0-SNAPSHOT/hdds-server-framework-1.3.0-SNAPSHOT.jar:/home/runner/.m2/repository/org/apache/ozone/hdds-interface-server/1.3.0-SNAPSHOT/hdds-interface-server-1.3.0-SNAPSHOT.jar:/home/runner/.m2/repository/org/apache/logging/log4j/log4j-core/2.17.1/log4j-core-2.17.1.jar:/home/runner/.m2/repository/com/lmax/disruptor/3.4.2/disruptor-3.4.2.jar:/home/runner/.m2/repository/org/eclipse/jetty/jetty-servlet/9.4.43.v20210629/jetty-servlet-9.4.43.v20210629.jar:/home/runner/.m2/repository/org/eclipse/jetty/jetty-security/9.4.43.v20210629/jetty-security-9.4.43.v20210629.jar:/home/runner/.m2/repository/org/rocksdb/rocksdbjni/7.4.5/rocksdbjni-7.4.5.jar:/home/runner/.m2/repository/io/prometheus/simpleclient_dropwizard/0.7.0/simpleclient_dropwizard-0.7.0.jar:/home/runner/.m2/repository/io/prometheus/simpleclient/0.7.0/simpleclient-0.7.0.jar:/home/runner/.m2/repository/io/prometheus/simpleclient_common/0.7.0/simpleclient_common-0.7.0.jar:/home/runner/.m2/repository/io/dropwizard/metrics/metrics-core/3.2.4/metrics-core-3.2.4.jar:/home/runner/.m2/repository/org/apache/hadoop/hadoop-hdfs-client/3.3.1/hadoop-hdfs-client-3.3.1.jar:/home/runner/.m2/repository/org/bouncycastle/bcprov-jdk15on/1.67/bcprov-jdk15on-1.67.jar:/home/runner/.m2/repository/com/google/protobuf/protobuf-java/2.5.0/protobuf-java-2.5.0.jar:/home/runner/.m2/repository/org/apache/ozone/ozone-manager/1.3.0-SNAPSHOT/ozone-manager-1.3.0-SNAPSHOT.jar:/home/runner/.m2/repository/org/aspectj/aspectjrt/1.9.7/aspectjrt-1.9.7.jar:/home/runner/.m2/repository/org/aspectj/aspectjweaver/1.9.7/aspectjweaver-1.9.7.jar:/home/runner/.m2/repository/org/apache/ozone/hdds-interface-client/1.3.0-SNAPSHOT/hdds-interface-client-1.3.0-SNAPSHOT.jar:/home/runner/.m2/repository/org/apache/hadoop/thirdparty/hadoop-shaded-protobuf_3_7/1.1.1/hadoop-shaded-protobuf_3_7-1.1.1.jar:/home/runner/.m2/repository/org/apache/ozone/ozone-interface-storage/1.3.0-SNAPSHOT/ozone-interface-storage-1.3.0-SNAPSHOT.jar:/home/runner/.m2/repository/org/reflections/reflections/0.9.11/reflections-0.9.11.jar:/home/runner/.m2/repository/com/sun/jersey/jersey-client/1.19/jersey-client-1.19.jar:/home/runner/.m2/repository/org/apache/ranger/ranger-intg/2.3.0/ranger-intg-2.3.0.jar:/home/runner/.m2/repository/org/apache/ranger/ranger-plugins-common/2.3.0/ranger-plugins-common-2.3.0.jar:/home/runner/.m2/repository/commons-lang/commons-lang/2.6/commons-lang-2.6.jar:/home/runner/.m2/repository/org/codehaus/jackson/jackson-jaxrs/1.9.13/jackson-jaxrs-1.9.13.jar:/home/runner/.m2/repository/org/apache/ranger/ranger-plugins-cred/2.3.0/ranger-plugins-cred-2.3.0.jar:/home/runner/.m2/repository/org/apache/ranger/ranger-plugins-audit/2.3.0/ranger-plugins-audit-2.3.0.jar:/home/runner/.m2/repository/org/eclipse/jetty/jetty-client/9.4.31.v20200723/jetty-client-9.4.31.v20200723.jar:/home/runner/.m2/repository/org/apache/httpcomponents/httpmime/4.5.6/httpmime-4.5.6.jar:/home/runner/.m2/repository/org/apache/httpcomponents/httpcore-nio/4.4.6/httpcore-nio-4.4.6.jar:/home/runner/.m2/repository/org/apache/httpcomponents/httpasyncclient/4.1.3/httpasyncclient-4.1.3.jar:/home/runner/.m2/repository/com/carrotsearch/hppc/0.8.0/hppc-0.8.0.jar:/home/runner/.m2/repository/org/apache/orc/orc-core/1.5.8/orc-core-1.5.8.jar:/home/runner/.m2/repository/net/java/dev/jna/jna/5.2.0/jna-5.2.0.jar:/home/runner/.m2/repository/net/java/dev/jna/jna-platform/5.2.0/jna-platform-5.2.0.jar:/home/runner/.m2/repository/com/kstruct/gethostname4j/0.0.2/gethostname4j-0.0.2.jar:/home/runner/.m2/repository/org/apache/ranger/ranger-plugin-classloader/2.3.0/ranger-plugin-classloader-2.3.0.jar:/home/runner/.m2/repository/org/apache/hadoop/hadoop-minikdc/3.3.1/hadoop-minikdc-3.3.1.jar:/home/runner/.m2/repository/org/apache/kerby/kerb-simplekdc/1.0.1/kerb-simplekdc-1.0.1.jar:/home/runner/.m2/repository/org/apache/kerby/kerb-client/1.0.1/kerb-client-1.0.1.jar:/home/runner/.m2/repository/org/apache/kerby/kerby-config/1.0.1/kerby-config-1.0.1.jar:/home/runner/.m2/repository/org/apache/kerby/kerb-common/1.0.1/kerb-common-1.0.1.jar:/home/runner/.m2/repository/org/apache/kerby/kerb-crypto/1.0.1/kerb-crypto-1.0.1.jar:/home/runner/.m2/repository/org/apache/kerby/kerb-util/1.0.1/kerb-util-1.0.1.jar:/home/runner/.m2/repository/org/apache/kerby/token-provider/1.0.1/token-provider-1.0.1.jar:/home/runner/.m2/repository/org/apache/kerby/kerb-admin/1.0.1/kerb-admin-1.0.1.jar:/home/runner/.m2/repository/org/apache/kerby/kerb-server/1.0.1/kerb-server-1.0.1.jar:/home/runner/.m2/repository/org/apache/kerby/kerb-identity/1.0.1/kerb-identity-1.0.1.jar:/home/runner/.m2/repository/org/apache/kerby/kerby-xdr/1.0.1/kerby-xdr-1.0.1.jar:/home/runner/.m2/repository/org/slf4j/slf4j-log4j12/1.7.30/slf4j-log4j12-1.7.30.jar:/home/runner/.m2/repository/org/apache/ozone/ozone-s3gateway/1.3.0-SNAPSHOT/ozone-s3gateway-1.3.0-SNAPSHOT.jar:/home/runner/.m2/repository/org/javassist/javassist/3.21.0-GA/javassist-3.21.0-GA.jar:/home/runner/.m2/repository/org/jboss/weld/servlet/weld-servlet/2.4.7.Final/weld-servlet-2.4.7.Final.jar:/home/runner/.m2/repository/org/glassfish/jersey/containers/jersey-container-servlet-core/2.33/jersey-container-servlet-core-2.33.jar:/home/runner/.m2/repository/org/glassfish/hk2/external/jakarta.inject/2.6.1/jakarta.inject-2.6.1.jar:/home/runner/.m2/repository/org/glassfish/jersey/core/jersey-common/2.33/jersey-common-2.33.jar:/home/runner/.m2/repository/jakarta/ws/rs/jakarta.ws.rs-api/2.1.6/jakarta.ws.rs-api-2.1.6.jar:/home/runner/.m2/repository/org/glassfish/jersey/ext/cdi/jersey-cdi1x/2.33/jersey-cdi1x-2.33.jar:/home/runner/.m2/repository/org/glassfish/jersey/inject/jersey-hk2/2.33/jersey-hk2-2.33.jar:/home/runner/.m2/repository/org/glassfish/hk2/hk2-locator/2.6.1/hk2-locator-2.6.1.jar:/home/runner/.m2/repository/org/glassfish/jersey/media/jersey-media-jaxb/2.33/jersey-media-jaxb-2.33.jar:/home/runner/.m2/repository/org/glassfish/hk2/osgi-resource-locator/1.0.3/osgi-resource-locator-1.0.3.jar:/home/runner/.m2/repository/org/glassfish/hk2/hk2-api/2.5.0/hk2-api-2.5.0.jar:/home/runner/.m2/repository/org/glassfish/hk2/hk2-utils/2.5.0/hk2-utils-2.5.0.jar:/home/runner/.m2/repository/org/glassfish/hk2/external/aopalliance-repackaged/2.5.0/aopalliance-repackaged-2.5.0.jar:/home/runner/.m2/repository/com/fasterxml/jackson/dataformat/jackson-dataformat-xml/2.13.2/jackson-dataformat-xml-2.13.2.jar:/home/runner/.m2/repository/com/fasterxml/jackson/core/jackson-core/2.13.2/jackson-core-2.13.2.jar:/home/runner/.m2/repository/org/codehaus/woodstox/stax2-api/3.1.4/stax2-api-3.1.4.jar:/home/runner/.m2/repository/com/fasterxml/woodstox/woodstox-core/5.0.3/woodstox-core-5.0.3.jar:/home/runner/.m2/repository/com/fasterxml/jackson/module/jackson-module-jaxb-annotations/2.13.2/jackson-module-jaxb-annotations-2.13.2.jar:/home/runner/.m2/repository/jakarta/xml/bind/jakarta.xml.bind-api/2.3.3/jakarta.xml.bind-api-2.3.3.jar:/home/runner/.m2/repository/jakarta/activation/jakarta.activation-api/1.2.1/jakarta.activation-api-1.2.1.jar:/home/runner/.m2/repository/javax/enterprise/cdi-api/1.2/cdi-api-1.2.jar:/home/runner/.m2/repository/javax/el/javax.el-api/3.0.0/javax.el-api-3.0.0.jar:/home/runner/.m2/repository/javax/interceptor/javax.interceptor-api/1.2/javax.interceptor-api-1.2.jar:/home/runner/.m2/repository/javax/inject/javax.inject/1/javax.inject-1.jar:/home/runner/.m2/repository/javax/xml/bind/jaxb-api/2.3.0/jaxb-api-2.3.0.jar:/home/runner/.m2/repository/org/glassfish/jaxb/jaxb-runtime/2.3.0.1/jaxb-runtime-2.3.0.1.jar:/home/runner/.m2/repository/org/glassfish/jaxb/jaxb-core/2.3.0.1/jaxb-core-2.3.0.1.jar:/home/runner/.m2/repository/org/glassfish/jaxb/txw2/2.3.0.1/txw2-2.3.0.1.jar:/home/runner/.m2/repository/com/sun/istack/istack-commons-runtime/3.0.5/istack-commons-runtime-3.0.5.jar:/home/runner/.m2/repository/org/jvnet/staxex/stax-ex/1.7.8/stax-ex-1.7.8.jar:/home/runner/.m2/repository/com/sun/xml/fastinfoset/FastInfoset/1.2.13/FastInfoset-1.2.13.jar:/home/runner/.m2/repository/javax/activation/activation/1.1.1/activation-1.1.1.jar:/home/runner/.m2/repository/io/grpc/grpc-protobuf/1.48.1/grpc-protobuf-1.48.1.jar:/home/runner/.m2/repository/io/grpc/grpc-api/1.48.1/grpc-api-1.48.1.jar:/home/runner/.m2/repository/io/grpc/grpc-context/1.48.1/grpc-context-1.48.1.jar:/home/runner/.m2/repository/com/google/api/grpc/proto-google-common-protos/2.9.0/proto-google-common-protos-2.9.0.jar:/home/runner/.m2/repository/io/grpc/grpc-protobuf-lite/1.48.1/grpc-protobuf-lite-1.48.1.jar:/home/runner/.m2/repository/io/grpc/grpc-stub/1.48.1/grpc-stub-1.48.1.jar:/home/runner/.m2/repository/io/netty/netty-transport/4.1.79.Final/netty-transport-4.1.79.Final.jar:/home/runner/.m2/repository/io/netty/netty-resolver/4.1.79.Final/netty-resolver-4.1.79.Final.jar:/home/runner/.m2/repository/org/apache/ozone/ozone-csi/1.3.0-SNAPSHOT/ozone-csi-1.3.0-SNAPSHOT.jar:/home/runner/.m2/repository/com/google/protobuf/protobuf-java-util/3.19.2/protobuf-java-util-3.19.2.jar:/home/runner/.m2/repository/com/google/code/gson/gson/2.9.0/gson-2.9.0.jar:/home/runner/.m2/repository/org/apache/ozone/hdds-config/1.3.0-SNAPSHOT/hdds-config-1.3.0-SNAPSHOT.jar:/home/runner/.m2/repository/io/netty/netty-transport-native-epoll/4.1.79.Final/netty-transport-native-epoll-4.1.79.Final-linux-x86_64.jar:/home/runner/.m2/repository/io/netty/netty-transport-classes-epoll/4.1.79.Final/netty-transport-classes-epoll-4.1.79.Final.jar:/home/runner/.m2/repository/io/netty/netty-transport-native-unix-common/4.1.79.Final/netty-transport-native-unix-common-4.1.79.Final.jar:/home/runner/.m2/repository/org/apache/ozone/ozone-recon/1.3.0-SNAPSHOT/ozone-recon-1.3.0-SNAPSHOT.jar:/home/runner/.m2/repository/org/apache/ozone/ozone-reconcodegen/1.3.0-SNAPSHOT/ozone-reconcodegen-1.3.0-SNAPSHOT.jar:/home/runner/.m2/repository/com/google/inject/extensions/guice-multibindings/4.0/guice-multibindings-4.0.jar:/home/runner/.m2/repository/com/google/inject/guice/4.0/guice-4.0.jar:/home/runner/.m2/repository/aopalliance/aopalliance/1.0/aopalliance-1.0.jar:/home/runner/.m2/repository/com/google/inject/extensions/guice-assistedinject/4.0/guice-assistedinject-4.0.jar:/home/runner/.m2/repository/com/google/inject/extensions/guice-servlet/4.0/guice-servlet-4.0.jar:/home/runner/.m2/repository/org/glassfish/jersey/containers/jersey-container-servlet/2.33/jersey-container-servlet-2.33.jar:/home/runner/.m2/repository/org/glassfish/hk2/guice-bridge/2.5.0/guice-bridge-2.5.0.jar:/home/runner/.m2/repository/org/glassfish/jersey/core/jersey-server/2.33/jersey-server-2.33.jar:/home/runner/.m2/repository/org/glassfish/jersey/core/jersey-client/2.33/jersey-client-2.33.jar:/home/runner/.m2/repository/jakarta/annotation/jakarta.annotation-api/1.3.5/jakarta.annotation-api-1.3.5.jar:/home/runner/.m2/repository/jakarta/validation/jakarta.validation-api/2.0.2/jakarta.validation-api-2.0.2.jar:/home/runner/.m2/repository/org/glassfish/jersey/media/jersey-media-json-jackson/2.33/jersey-media-json-jackson-2.33.jar:/home/runner/.m2/repository/org/glassfish/jersey/ext/jersey-entity-filtering/2.33/jersey-entity-filtering-2.33.jar:/home/runner/.m2/repository/org/jooq/jooq/3.11.10/jooq-3.11.10.jar:/home/runner/.m2/repository/org/jooq/jooq-meta/3.11.10/jooq-meta-3.11.10.jar:/home/runner/.m2/repository/org/jooq/jooq-codegen/3.11.10/jooq-codegen-3.11.10.jar:/home/runner/.m2/repository/com/jolbox/bonecp/0.8.0.RELEASE/bonecp-0.8.0.RELEASE.jar:/home/runner/.m2/repository/org/apache/derby/derby/10.14.2.0/derby-10.14.2.0.jar:/home/runner/.m2/repository/org/xerial/sqlite-jdbc/3.25.2/sqlite-jdbc-3.25.2.jar:/home/runner/.m2/repository/org/springframework/spring-jdbc/5.2.20.RELEASE/spring-jdbc-5.2.20.RELEASE.jar:/home/runner/.m2/repository/org/springframework/spring-beans/5.2.20.RELEASE/spring-beans-5.2.20.RELEASE.jar:/home/runner/.m2/repository/org/springframework/spring-core/5.2.20.RELEASE/spring-core-5.2.20.RELEASE.jar:/home/runner/.m2/repository/org/springframework/spring-jcl/5.2.20.RELEASE/spring-jcl-5.2.20.RELEASE.jar:/home/runner/.m2/repository/org/springframework/spring-tx/5.2.20.RELEASE/spring-tx-5.2.20.RELEASE.jar:/home/runner/.m2/repository/org/apache/ozone/ozone-client/1.3.0-SNAPSHOT/ozone-client-1.3.0-SNAPSHOT.jar:/home/runner/.m2/repository/org/apache/ozone/hdds-erasurecode/1.3.0-SNAPSHOT/hdds-erasurecode-1.3.0-SNAPSHOT.jar:/home/runner/.m2/repository/com/github/spotbugs/spotbugs-annotations/3.1.12/spotbugs-annotations-3.1.12.jar:/home/runner/.m2/repository/org/apache/ozone/ozone-filesystem/1.3.0-SNAPSHOT/ozone-filesystem-1.3.0-SNAPSHOT.jar:/home/runner/.m2/repository/org/apache/ozone/ozone-filesystem-common/1.3.0-SNAPSHOT/ozone-filesystem-common-1.3.0-SNAPSHOT.jar:/home/runner/.m2/repository/org/apache/ozone/ozone-tools/1.3.0-SNAPSHOT/ozone-tools-1.3.0-SNAPSHOT.jar:/home/runner/.m2/repository/org/apache/ratis/ratis-tools/2.3.0/ratis-tools-2.3.0.jar:/home/runner/.m2/repository/com/amazonaws/aws-java-sdk-core/1.12.261/aws-java-sdk-core-1.12.261.jar:/home/runner/.m2/repository/org/apache/httpcomponents/httpclient/4.5.13/httpclient-4.5.13.jar:/home/runner/.m2/repository/org/apache/httpcomponents/httpcore/4.4.13/httpcore-4.4.13.jar:/home/runner/.m2/repository/software/amazon/ion/ion-java/1.0.2/ion-java-1.0.2.jar:/home/runner/.m2/repository/com/fasterxml/jackson/dataformat/jackson-dataformat-cbor/2.13.2/jackson-dataformat-cbor-2.13.2.jar:/home/runner/.m2/repository/joda-time/joda-time/2.8.1/joda-time-2.8.1.jar:/home/runner/.m2/repository/com/amazonaws/aws-java-sdk-s3/1.12.261/aws-java-sdk-s3-1.12.261.jar:/home/runner/.m2/repository/com/amazonaws/aws-java-sdk-kms/1.12.261/aws-java-sdk-kms-1.12.261.jar:/home/runner/.m2/repository/com/amazonaws/jmespath-java/1.12.261/jmespath-java-1.12.261.jar:/home/runner/.m2/repository/org/kohsuke/metainf-services/metainf-services/1.8/metainf-services-1.8.jar:/home/runner/.m2/repository/org/apache/ozone/hdds-tools/1.3.0-SNAPSHOT/hdds-tools-1.3.0-SNAPSHOT.jar:/home/runner/.m2/repository/commons-cli/commons-cli/1.2/commons-cli-1.2.jar:/home/runner/.m2/repository/org/apache/commons/commons-lang3/3.7/commons-lang3-3.7.jar:/home/runner/.m2/repository/org/apache/ozone/ozone-manager/1.3.0-SNAPSHOT/ozone-manager-1.3.0-SNAPSHOT-tests.jar:/home/runner/.m2/repository/org/apache/ozone/hdds-common/1.3.0-SNAPSHOT/hdds-common-1.3.0-SNAPSHOT-tests.jar:/home/runner/.m2/repository/org/apache/ozone/hdds-hadoop-dependency-client/1.3.0-SNAPSHOT/hdds-hadoop-dependency-client-1.3.0-SNAPSHOT.jar:/home/runner/.m2/repository/info/picocli/picocli/4.6.1/picocli-4.6.1.jar:/home/runner/.m2/repository/com/fasterxml/jackson/core/jackson-annotations/2.13.2/jackson-annotations-2.13.2.jar:/home/runner/.m2/repository/com/fasterxml/jackson/datatype/jackson-datatype-jsr310/2.13.2/jackson-datatype-jsr310-2.13.2.jar:/home/runner/.m2/repository/javax/annotation/javax.annotation-api/1.2/javax.annotation-api-1.2.jar:/home/runner/.m2/repository/org/apache/ratis/ratis-server/2.3.0/ratis-server-2.3.0.jar:/home/runner/.m2/repository/org/apache/ratis/ratis-client/2.3.0/ratis-client-2.3.0.jar:/home/runner/.m2/repository/org/apache/ratis/ratis-server-api/2.3.0/ratis-server-api-2.3.0.jar:/home/runner/.m2/repository/org/apache/ratis/ratis-metrics/2.3.0/ratis-metrics-2.3.0.jar:/home/runner/.m2/repository/org/apache/ratis/ratis-netty/2.3.0/ratis-netty-2.3.0.jar:/home/runner/.m2/repository/org/apache/ratis/ratis-grpc/2.3.0/ratis-grpc-2.3.0.jar:/home/runner/.m2/repository/org/apache/logging/log4j/log4j-api/2.17.1/log4j-api-2.17.1.jar:/home/runner/.m2/repository/org/apache/commons/commons-pool2/2.6.0/commons-pool2-2.6.0.jar:/home/runner/.m2/repository/org/bouncycastle/bcpkix-jdk15on/1.67/bcpkix-jdk15on-1.67.jar:/home/runner/.m2/repository/commons-validator/commons-validator/1.6/commons-validator-1.6.jar:/home/runner/.m2/repository/commons-beanutils/commons-beanutils/1.9.4/commons-beanutils-1.9.4.jar:/home/runner/.m2/repository/commons-digester/commons-digester/1.8.1/commons-digester-1.8.1.jar:/home/runner/.m2/repository/commons-collections/commons-collections/3.2.2/commons-collections-3.2.2.jar:/home/runner/.m2/repository/io/jaegertracing/jaeger-client/1.6.0/jaeger-client-1.6.0.jar:/home/runner/.m2/repository/io/jaegertracing/jaeger-thrift/1.6.0/jaeger-thrift-1.6.0.jar:/home/runner/.m2/repository/org/apache/thrift/libthrift/0.14.1/libthrift-0.14.1.jar:/home/runner/.m2/repository/com/squareup/okhttp3/okhttp/4.9.0/okhttp-4.9.0.jar:/home/runner/.m2/repository/com/squareup/okio/okio/2.8.0/okio-2.8.0.jar:/home/runner/.m2/repository/io/jaegertracing/jaeger-core/1.6.0/jaeger-core-1.6.0.jar:/home/runner/.m2/repository/io/jaegertracing/jaeger-tracerresolver/1.6.0/jaeger-tracerresolver-1.6.0.jar:/home/runner/.m2/repository/io/opentracing/contrib/opentracing-tracerresolver/0.1.8/opentracing-tracerresolver-0.1.8.jar:/home/runner/.m2/repository/org/jetbrains/kotlin/kotlin-stdlib/1.6.21/kotlin-stdlib-1.6.21.jar:/home/runner/.m2/repository/org/jetbrains/kotlin/kotlin-stdlib-common/1.6.21/kotlin-stdlib-common-1.6.21.jar:/home/runner/.m2/repository/org/jetbrains/annotations/13.0/annotations-13.0.jar:/home/runner/.m2/repository/io/opentracing/opentracing-util/0.33.0/opentracing-util-0.33.0.jar:/home/runner/.m2/repository/io/opentracing/opentracing-api/0.33.0/opentracing-api-0.33.0.jar:/home/runner/.m2/repository/io/opentracing/opentracing-noop/0.33.0/opentracing-noop-0.33.0.jar:/home/runner/.m2/repository/org/yaml/snakeyaml/1.26/snakeyaml-1.26.jar:/home/runner/.m2/repository/org/apache/ozone/hdds-interface-admin/1.3.0-SNAPSHOT/hdds-interface-admin-1.3.0-SNAPSHOT.jar:/home/runner/.m2/repository/junit/junit/4.13.1/junit-4.13.1.jar:/home/runner/.m2/repository/org/hamcrest/hamcrest-core/1.3/hamcrest-core-1.3.jar:/home/runner/.m2/repository/org/junit/jupiter/junit-jupiter-api/5.8.2/junit-jupiter-api-5.8.2.jar:/home/runner/.m2/repository/org/opentest4j/opentest4j/1.2.0/opentest4j-1.2.0.jar:/home/runner/.m2/repository/org/junit/platform/junit-platform-commons/1.8.2/junit-platform-commons-1.8.2.jar:/home/runner/.m2/repository/org/apiguardian/apiguardian-api/1.1.2/apiguardian-api-1.1.2.jar:/home/runner/.m2/repository/org/junit/jupiter/junit-jupiter-params/5.8.2/junit-jupiter-params-5.8.2.jar:/home/runner/.m2/repository/org/junit/jupiter/junit-jupiter-migrationsupport/5.8.2/junit-jupiter-migrationsupport-5.8.2.jar:/home/runner/.m2/repository/org/junit/jupiter/junit-jupiter-engine/5.8.2/junit-jupiter-engine-5.8.2.jar:/home/runner/.m2/repository/org/junit/platform/junit-platform-engine/1.8.2/junit-platform-engine-1.8.2.jar:/home/runner/.m2/repository/org/junit/vintage/junit-vintage-engine/5.8.2/junit-vintage-engine-5.8.2.jar:/home/runner/.m2/repository/org/junit/platform/junit-platform-launcher/1.8.2/junit-platform-launcher-1.8.2.jar:/home/runner/.m2/repository/org/mockito/mockito-core/2.28.2/mockito-core-2.28.2.jar:/home/runner/.m2/repository/net/bytebuddy/byte-buddy/1.9.10/byte-buddy-1.9.10.jar:/home/runner/.m2/repository/net/bytebuddy/byte-buddy-agent/1.9.10/byte-buddy-agent-1.9.10.jar:/home/runner/.m2/repository/org/objenesis/objenesis/1.0/objenesis-1.0.jar:/home/runner/.m2/repository/org/apache/hadoop/hadoop-kms/3.3.1/hadoop-kms-3.3.1.jar:/home/runner/.m2/repository/org/apache/hadoop/hadoop-auth/3.3.1/hadoop-auth-3.3.1.jar:/home/runner/.m2/repository/com/nimbusds/nimbus-jose-jwt/7.9/nimbus-jose-jwt-7.9.jar:/home/runner/.m2/repository/com/github/stephenc/jcip/jcip-annotations/1.0-1/jcip-annotations-1.0-1.jar:/home/runner/.m2/repository/net/minidev/json-smart/2.4.7/json-smart-2.4.7.jar:/home/runner/.m2/repository/net/minidev/accessors-smart/2.4.7/accessors-smart-2.4.7.jar:/home/runner/.m2/repository/org/ow2/asm/asm/5.0.4/asm-5.0.4.jar:/home/runner/.m2/repository/org/apache/zookeeper/zookeeper/3.5.6/zookeeper-3.5.6.jar:/home/runner/.m2/repository/org/apache/zookeeper/zookeeper-jute/3.5.6/zookeeper-jute-3.5.6.jar:/home/runner/.m2/repository/org/apache/yetus/audience-annotations/0.5.0/audience-annotations-0.5.0.jar:/home/runner/.m2/repository/org/apache/curator/curator-framework/4.2.0/curator-framework-4.2.0.jar:/home/runner/.m2/repository/org/apache/hadoop/thirdparty/hadoop-shaded-guava/1.1.1/hadoop-shaded-guava-1.1.1.jar:/home/runner/.m2/repository/com/sun/jersey/jersey-core/1.19/jersey-core-1.19.jar:/home/runner/.m2/repository/javax/ws/rs/jsr311-api/1.1.1/jsr311-api-1.1.1.jar:/home/runner/.m2/repository/com/sun/jersey/jersey-server/1.19/jersey-server-1.19.jar:/home/runner/.m2/repository/javax/servlet/javax.servlet-api/3.1.0/javax.servlet-api-3.1.0.jar:/home/runner/.m2/repository/org/eclipse/jetty/jetty-server/9.4.43.v20210629/jetty-server-9.4.43.v20210629.jar:/home/runner/.m2/repository/org/eclipse/jetty/jetty-http/9.4.43.v20210629/jetty-http-9.4.43.v20210629.jar:/home/runner/.m2/repository/org/eclipse/jetty/jetty-io/9.4.43.v20210629/jetty-io-9.4.43.v20210629.jar:/home/runner/.m2/repository/org/eclipse/jetty/jetty-webapp/9.4.43.v20210629/jetty-webapp-9.4.43.v20210629.jar:/home/runner/.m2/repository/org/eclipse/jetty/jetty-xml/9.4.43.v20210629/jetty-xml-9.4.43.v20210629.jar:/home/runner/.m2/repository/org/apache/hadoop/hadoop-common/3.3.1/hadoop-common-3.3.1.jar:/home/runner/.m2/repository/org/apache/commons/commons-math3/3.1.1/commons-math3-3.1.1.jar:/home/runner/.m2/repository/commons-net/commons-net/3.6/commons-net-3.6.jar:/home/runner/.m2/repository/com/sun/jersey/jersey-servlet/1.19/jersey-servlet-1.19.jar:/home/runner/.m2/repository/com/sun/jersey/jersey-json/1.19/jersey-json-1.19.jar:/home/runner/.m2/repository/org/codehaus/jettison/jettison/1.1/jettison-1.1.jar:/home/runner/.m2/repository/com/sun/xml/bind/jaxb-impl/2.2.3-1/jaxb-impl-2.2.3-1.jar:/home/runner/.m2/repository/org/codehaus/jackson/jackson-xc/1.9.2/jackson-xc-1.9.2.jar:/home/runner/.m2/repository/org/apache/commons/commons-configuration2/2.1.1/commons-configuration2-2.1.1.jar:/home/runner/.m2/repository/org/apache/commons/commons-text/1.4/commons-text-1.4.jar:/home/runner/.m2/repository/com/google/re2j/re2j/1.1/re2j-1.1.jar:/home/runner/.m2/repository/com/jcraft/jsch/0.1.54/jsch-0.1.54.jar:/home/runner/.m2/repository/org/apache/curator/curator-client/4.2.0/curator-client-4.2.0.jar:/home/runner/.m2/repository/org/apache/curator/curator-recipes/4.2.0/curator-recipes-4.2.0.jar:/home/runner/.m2/repository/org/apache/kerby/kerb-core/1.0.1/kerb-core-1.0.1.jar:/home/runner/.m2/repository/org/apache/kerby/kerby-pkix/1.0.1/kerby-pkix-1.0.1.jar:/home/runner/.m2/repository/org/apache/kerby/kerby-asn1/1.0.1/kerby-asn1-1.0.1.jar:/home/runner/.m2/repository/org/apache/kerby/kerby-util/1.0.1/kerby-util-1.0.1.jar:/home/runner/.m2/repository/dnsjava/dnsjava/2.1.7/dnsjava-2.1.7.jar:/home/runner/.m2/repository/org/xerial/snappy/snappy-java/1.1.8.2/snappy-java-1.1.8.2.jar:/home/runner/.m2/repository/org/slf4j/jul-to-slf4j/1.7.30/jul-to-slf4j-1.7.30.jar:/home/runner/.m2/repository/org/eclipse/jetty/jetty-util/9.4.43.v20210629/jetty-util-9.4.43.v20210629.jar:/home/runner/.m2/repository/com/fasterxml/jackson/core/jackson-databind/2.13.2.2/jackson-databind-2.13.2.2.jar:/home/runner/.m2/repository/org/apache/hadoop/hadoop-kms/3.3.1/hadoop-kms-3.3.1-tests.jar:/home/runner/.m2/repository/org/apache/ozone/hdds-server-scm/1.3.0-SNAPSHOT/hdds-server-scm-1.3.0-SNAPSHOT-tests.jar:/home/runner/.m2/repository/org/apache/ozone/hdds-container-service/1.3.0-SNAPSHOT/hdds-container-service-1.3.0-SNAPSHOT-tests.jar:/home/runner/.m2/repository/commons-codec/commons-codec/1.11/commons-codec-1.11.jar:/home/runner/.m2/repository/io/netty/netty-codec/4.1.79.Final/netty-codec-4.1.79.Final.jar:/home/runner/.m2/repository/io/netty/netty-handler/4.1.79.Final/netty-handler-4.1.79.Final.jar:/home/runner/.m2/repository/org/apache/ozone/hdds-hadoop-dependency-test/1.3.0-SNAPSHOT/hdds-hadoop-dependency-test-1.3.0-SNAPSHOT.jar:/home/runner/.m2/repository/org/apache/hadoop/hadoop-common/3.3.1/hadoop-common-3.3.1-tests.jar:/home/runner/.m2/repository/org/assertj/assertj-core/3.12.2/assertj-core-3.12.2.jar:/home/runner/.m2/repository/org/apache/hadoop/hadoop-hdfs/3.3.1/hadoop-hdfs-3.3.1-tests.jar:/home/runner/.m2/repository/org/eclipse/jetty/jetty-util-ajax/9.4.43.v20210629/jetty-util-ajax-9.4.43.v20210629.jar:/home/runner/.m2/repository/commons-daemon/commons-daemon/1.0.13/commons-daemon-1.0.13.jar:/home/runner/.m2/repository/io/netty/netty/3.10.6.Final/netty-3.10.6.Final.jar:/home/runner/.m2/repository/io/netty/netty-all/4.1.79.Final/netty-all-4.1.79.Final.jar:/home/runner/.m2/repository/io/netty/netty-codec-dns/4.1.79.Final/netty-codec-dns-4.1.79.Final.jar:/home/runner/.m2/repository/io/netty/netty-codec-haproxy/4.1.79.Final/netty-codec-haproxy-4.1.79.Final.jar:/home/runner/.m2/repository/io/netty/netty-codec-memcache/4.1.79.Final/netty-codec-memcache-4.1.79.Final.jar:/home/runner/.m2/repository/io/netty/netty-codec-mqtt/4.1.79.Final/netty-codec-mqtt-4.1.79.Final.jar:/home/runner/.m2/repository/io/netty/netty-codec-redis/4.1.79.Final/netty-codec-redis-4.1.79.Final.jar:/home/runner/.m2/repository/io/netty/netty-codec-smtp/4.1.79.Final/netty-codec-smtp-4.1.79.Final.jar:/home/runner/.m2/repository/io/netty/netty-codec-stomp/4.1.79.Final/netty-codec-stomp-4.1.79.Final.jar:/home/runner/.m2/repository/io/netty/netty-codec-xml/4.1.79.Final/netty-codec-xml-4.1.79.Final.jar:/home/runner/.m2/repository/io/netty/netty-resolver-dns/4.1.79.Final/netty-resolver-dns-4.1.79.Final.jar:/home/runner/.m2/repository/io/netty/netty-transport-rxtx/4.1.79.Final/netty-transport-rxtx-4.1.79.Final.jar:/home/runner/.m2/repository/io/netty/netty-transport-sctp/4.1.79.Final/netty-transport-sctp-4.1.79.Final.jar:/home/runner/.m2/repository/io/netty/netty-transport-udt/4.1.79.Final/netty-transport-udt-4.1.79.Final.jar:/home/runner/.m2/repository/io/netty/netty-transport-classes-kqueue/4.1.79.Final/netty-transport-classes-kqueue-4.1.79.Final.jar:/home/runner/.m2/repository/io/netty/netty-resolver-dns-classes-macos/4.1.79.Final/netty-resolver-dns-classes-macos-4.1.79.Final.jar:/home/runner/.m2/repository/io/netty/netty-transport-native-epoll/4.1.79.Final/netty-transport-native-epoll-4.1.79.Final-linux-aarch_64.jar:/home/runner/.m2/repository/io/netty/netty-transport-native-kqueue/4.1.79.Final/netty-transport-native-kqueue-4.1.79.Final-osx-x86_64.jar:/home/runner/.m2/repository/io/netty/netty-transport-native-kqueue/4.1.79.Final/netty-transport-native-kqueue-4.1.79.Final-osx-aarch_64.jar:/home/runner/.m2/repository/io/netty/netty-resolver-dns-native-macos/4.1.79.Final/netty-resolver-dns-native-macos-4.1.79.Final-osx-x86_64.jar:/home/runner/.m2/repository/io/netty/netty-resolver-dns-native-macos/4.1.79.Final/netty-resolver-dns-native-macos-4.1.79.Final-osx-aarch_64.jar:/home/runner/.m2/repository/org/apache/htrace/htrace-core4/4.1.0-incubating/htrace-core4-4.1.0-incubating.jar:/home/runner/.m2/repository/org/fusesource/leveldbjni/leveldbjni-all/1.8/leveldbjni-all-1.8.jar:/home/runner/.m2/repository/org/apache/hadoop/hadoop-distcp/3.3.1/hadoop-distcp-3.3.1.jar:/home/runner/.m2/repository/org/apache/hadoop/hadoop-mapreduce-client-jobclient/3.3.1/hadoop-mapreduce-client-jobclient-3.3.1.jar:/home/runner/.m2/repository/org/apache/hadoop/hadoop-mapreduce-client-common/3.3.1/hadoop-mapreduce-client-common-3.3.1.jar:/home/runner/.m2/repository/org/apache/hadoop/hadoop-yarn-common/3.3.1/hadoop-yarn-common-3.3.1.jar:/home/runner/.m2/repository/org/apache/hadoop/hadoop-yarn-api/3.3.1/hadoop-yarn-api-3.3.1.jar:/home/runner/.m2/repository/com/sun/jersey/contribs/jersey-guice/1.19/jersey-guice-1.19.jar:/home/runner/.m2/repository/com/fasterxml/jackson/jaxrs/jackson-jaxrs-json-provider/2.13.2/jackson-jaxrs-json-provider-2.13.2.jar:/home/runner/.m2/repository/com/fasterxml/jackson/jaxrs/jackson-jaxrs-base/2.13.2/jackson-jaxrs-base-2.13.2.jar:/home/runner/.m2/repository/org/apache/hadoop/hadoop-yarn-client/3.3.1/hadoop-yarn-client-3.3.1.jar:/home/runner/.m2/repository/org/eclipse/jetty/websocket/websocket-client/9.4.40.v20210413/websocket-client-9.4.40.v20210413.jar:/home/runner/.m2/repository/org/eclipse/jetty/websocket/websocket-common/9.4.40.v20210413/websocket-common-9.4.40.v20210413.jar:/home/runner/.m2/repository/org/eclipse/jetty/websocket/websocket-api/9.4.40.v20210413/websocket-api-9.4.40.v20210413.jar:/home/runner/.m2/repository/org/jline/jline/3.9.0/jline-3.9.0.jar:/home/runner/.m2/repository/org/apache/hadoop/hadoop-mapreduce-client-core/3.3.1/hadoop-mapreduce-client-core-3.3.1.jar:/home/runner/.m2/repository/org/apache/avro/avro/1.7.7/avro-1.7.7.jar:/home/runner/.m2/repository/org/codehaus/jackson/jackson-core-asl/1.9.13/jackson-core-asl-1.9.13.jar:/home/runner/.m2/repository/org/codehaus/jackson/jackson-mapper-asl/1.9.13/jackson-mapper-asl-1.9.13.jar:/home/runner/.m2/repository/com/thoughtworks/paranamer/paranamer/2.3/paranamer-2.3.jar:/home/runner/.m2/repository/org/apache/hadoop/hadoop-annotations/3.3.1/hadoop-annotations-3.3.1.jar:/opt/hostedtoolcache/jdk/8.0.345/x64/jre/../lib/tools.jar:/home/runner/.m2/repository/org/apache/hadoop/hadoop-distcp/3.3.1/hadoop-distcp-3.3.1-tests.jar:/home/runner/.m2/repository/org/apache/ratis/ratis-common/2.3.0/ratis-common-2.3.0.jar:/home/runner/.m2/repository/org/apache/ratis/ratis-thirdparty-misc/1.0.0/ratis-thirdparty-misc-1.0.0.jar:/home/runner/.m2/repository/org/apache/ratis/ratis-proto/2.3.0/ratis-proto-2.3.0.jar:/home/runner/.m2/repository/org/apache/ozone/ozone-annotation-processing/1.3.0-SNAPSHOT/ozone-annotation-processing-1.3.0-SNAPSHOT.jar:"/>
    <property name="java.vm.vendor" value="Azul Systems, Inc."/>
    <property name="sun.arch.data.model" value="64"/>
    <property name="test.build.dir" value="/home/runner/work/ozone/ozone/hadoop-ozone/integration-test/target/test-dir"/>
    <property name="test.cache.data" value=""/>
    <property name="java.vendor.url" value="http://www.azul.com/"/>
    <property name="user.timezone" value="Etc/UTC"/>
    <property name="os.name" value="Linux"/>
    <property name="java.vm.specification.version" value="1.8"/>
    <property name="test.build.data" value="/home/runner/work/ozone/ozone/hadoop-ozone/integration-test/target/test-dir"/>
    <property name="sun.java.launcher" value="SUN_STANDARD"/>
    <property name="sun.boot.library.path" value="/opt/hostedtoolcache/jdk/8.0.345/x64/jre/lib/amd64"/>
    <property name="sun.java.command" value="/home/runner/work/ozone/ozone/hadoop-ozone/integration-test/target/surefire/surefirebooter4924986897950795479.jar /home/runner/work/ozone/ozone/hadoop-ozone/integration-test/target/surefire 2022-08-24T08-18-52_933-jvmRun1 surefire5626981217537565877tmp surefire_55939120697654701104tmp"/>
    <property name="surefire.test.class.path" value="/home/runner/work/ozone/ozone/hadoop-ozone/integration-test/target/test-classes:/home/runner/work/ozone/ozone/hadoop-ozone/integration-test/target/classes:/home/runner/.m2/repository/org/apache/ozone/ozone-common/1.3.0-SNAPSHOT/ozone-common-1.3.0-SNAPSHOT.jar:/home/runner/.m2/repository/io/grpc/grpc-netty/1.48.1/grpc-netty-1.48.1.jar:/home/runner/.m2/repository/io/grpc/grpc-core/1.48.1/grpc-core-1.48.1.jar:/home/runner/.m2/repository/com/google/android/annotations/4.1.1.4/annotations-4.1.1.4.jar:/home/runner/.m2/repository/org/codehaus/mojo/animal-sniffer-annotations/1.21/animal-sniffer-annotations-1.21.jar:/home/runner/.m2/repository/com/google/errorprone/error_prone_annotations/2.2.0/error_prone_annotations-2.2.0.jar:/home/runner/.m2/repository/io/perfmark/perfmark-api/0.25.0/perfmark-api-0.25.0.jar:/home/runner/.m2/repository/io/netty/netty-codec-http2/4.1.79.Final/netty-codec-http2-4.1.79.Final.jar:/home/runner/.m2/repository/io/netty/netty-common/4.1.79.Final/netty-common-4.1.79.Final.jar:/home/runner/.m2/repository/io/netty/netty-buffer/4.1.79.Final/netty-buffer-4.1.79.Final.jar:/home/runner/.m2/repository/io/netty/netty-codec-http/4.1.79.Final/netty-codec-http-4.1.79.Final.jar:/home/runner/.m2/repository/io/netty/netty-handler-proxy/4.1.79.Final/netty-handler-proxy-4.1.79.Final.jar:/home/runner/.m2/repository/io/netty/netty-codec-socks/4.1.79.Final/netty-codec-socks-4.1.79.Final.jar:/home/runner/.m2/repository/io/netty/netty-tcnative-boringssl-static/2.0.53.Final/netty-tcnative-boringssl-static-2.0.53.Final.jar:/home/runner/.m2/repository/io/netty/netty-tcnative-classes/2.0.53.Final/netty-tcnative-classes-2.0.53.Final.jar:/home/runner/.m2/repository/io/netty/netty-tcnative-boringssl-static/2.0.53.Final/netty-tcnative-boringssl-static-2.0.53.Final-linux-x86_64.jar:/home/runner/.m2/repository/io/netty/netty-tcnative-boringssl-static/2.0.53.Final/netty-tcnative-boringssl-static-2.0.53.Final-linux-aarch_64.jar:/home/runner/.m2/repository/io/netty/netty-tcnative-boringssl-static/2.0.53.Final/netty-tcnative-boringssl-static-2.0.53.Final-osx-x86_64.jar:/home/runner/.m2/repository/io/netty/netty-tcnative-boringssl-static/2.0.53.Final/netty-tcnative-boringssl-static-2.0.53.Final-osx-aarch_64.jar:/home/runner/.m2/repository/io/netty/netty-tcnative-boringssl-static/2.0.53.Final/netty-tcnative-boringssl-static-2.0.53.Final-windows-x86_64.jar:/home/runner/.m2/repository/org/apache/commons/commons-compress/1.21/commons-compress-1.21.jar:/home/runner/.m2/repository/org/apache/ozone/hdds-common/1.3.0-SNAPSHOT/hdds-common-1.3.0-SNAPSHOT.jar:/home/runner/.m2/repository/org/apache/ozone/hdds-client/1.3.0-SNAPSHOT/hdds-client-1.3.0-SNAPSHOT.jar:/home/runner/.m2/repository/org/apache/ozone/ozone-interface-client/1.3.0-SNAPSHOT/ozone-interface-client-1.3.0-SNAPSHOT.jar:/home/runner/.m2/repository/org/apache/ozone/hdds-test-utils/1.3.0-SNAPSHOT/hdds-test-utils-1.3.0-SNAPSHOT.jar:/home/runner/.m2/repository/com/google/guava/guava/31.1-jre/guava-31.1-jre.jar:/home/runner/.m2/repository/com/google/guava/failureaccess/1.0.1/failureaccess-1.0.1.jar:/home/runner/.m2/repository/com/google/guava/listenablefuture/9999.0-empty-to-avoid-conflict-with-guava/listenablefuture-9999.0-empty-to-avoid-conflict-with-guava.jar:/home/runner/.m2/repository/com/google/code/findbugs/jsr305/3.0.0/jsr305-3.0.0.jar:/home/runner/.m2/repository/org/checkerframework/checker-qual/3.12.0/checker-qual-3.12.0.jar:/home/runner/.m2/repository/com/google/j2objc/j2objc-annotations/1.3/j2objc-annotations-1.3.jar:/home/runner/.m2/repository/commons-io/commons-io/2.11.0/commons-io-2.11.0.jar:/home/runner/.m2/repository/commons-logging/commons-logging/1.2/commons-logging-1.2.jar:/home/runner/.m2/repository/log4j/log4j/1.2.17/log4j-1.2.17.jar:/home/runner/.m2/repository/org/slf4j/slf4j-api/1.7.30/slf4j-api-1.7.30.jar:/home/runner/.m2/repository/org/apache/ozone/hdds-server-scm/1.3.0-SNAPSHOT/hdds-server-scm-1.3.0-SNAPSHOT.jar:/home/runner/.m2/repository/org/apache/ozone/hdds-container-service/1.3.0-SNAPSHOT/hdds-container-service-1.3.0-SNAPSHOT.jar:/home/runner/.m2/repository/org/apache/ozone/hdds-hadoop-dependency-server/1.3.0-SNAPSHOT/hdds-hadoop-dependency-server-1.3.0-SNAPSHOT.jar:/home/runner/.m2/repository/org/apache/hadoop/hadoop-hdfs/3.3.1/hadoop-hdfs-3.3.1.jar:/home/runner/.m2/repository/org/apache/ozone/hdds-server-framework/1.3.0-SNAPSHOT/hdds-server-framework-1.3.0-SNAPSHOT.jar:/home/runner/.m2/repository/org/apache/ozone/hdds-interface-server/1.3.0-SNAPSHOT/hdds-interface-server-1.3.0-SNAPSHOT.jar:/home/runner/.m2/repository/org/apache/logging/log4j/log4j-core/2.17.1/log4j-core-2.17.1.jar:/home/runner/.m2/repository/com/lmax/disruptor/3.4.2/disruptor-3.4.2.jar:/home/runner/.m2/repository/org/eclipse/jetty/jetty-servlet/9.4.43.v20210629/jetty-servlet-9.4.43.v20210629.jar:/home/runner/.m2/repository/org/eclipse/jetty/jetty-security/9.4.43.v20210629/jetty-security-9.4.43.v20210629.jar:/home/runner/.m2/repository/org/rocksdb/rocksdbjni/7.4.5/rocksdbjni-7.4.5.jar:/home/runner/.m2/repository/io/prometheus/simpleclient_dropwizard/0.7.0/simpleclient_dropwizard-0.7.0.jar:/home/runner/.m2/repository/io/prometheus/simpleclient/0.7.0/simpleclient-0.7.0.jar:/home/runner/.m2/repository/io/prometheus/simpleclient_common/0.7.0/simpleclient_common-0.7.0.jar:/home/runner/.m2/repository/io/dropwizard/metrics/metrics-core/3.2.4/metrics-core-3.2.4.jar:/home/runner/.m2/repository/org/apache/hadoop/hadoop-hdfs-client/3.3.1/hadoop-hdfs-client-3.3.1.jar:/home/runner/.m2/repository/org/bouncycastle/bcprov-jdk15on/1.67/bcprov-jdk15on-1.67.jar:/home/runner/.m2/repository/com/google/protobuf/protobuf-java/2.5.0/protobuf-java-2.5.0.jar:/home/runner/.m2/repository/org/apache/ozone/ozone-manager/1.3.0-SNAPSHOT/ozone-manager-1.3.0-SNAPSHOT.jar:/home/runner/.m2/repository/org/aspectj/aspectjrt/1.9.7/aspectjrt-1.9.7.jar:/home/runner/.m2/repository/org/aspectj/aspectjweaver/1.9.7/aspectjweaver-1.9.7.jar:/home/runner/.m2/repository/org/apache/ozone/hdds-interface-client/1.3.0-SNAPSHOT/hdds-interface-client-1.3.0-SNAPSHOT.jar:/home/runner/.m2/repository/org/apache/hadoop/thirdparty/hadoop-shaded-protobuf_3_7/1.1.1/hadoop-shaded-protobuf_3_7-1.1.1.jar:/home/runner/.m2/repository/org/apache/ozone/ozone-interface-storage/1.3.0-SNAPSHOT/ozone-interface-storage-1.3.0-SNAPSHOT.jar:/home/runner/.m2/repository/org/reflections/reflections/0.9.11/reflections-0.9.11.jar:/home/runner/.m2/repository/com/sun/jersey/jersey-client/1.19/jersey-client-1.19.jar:/home/runner/.m2/repository/org/apache/ranger/ranger-intg/2.3.0/ranger-intg-2.3.0.jar:/home/runner/.m2/repository/org/apache/ranger/ranger-plugins-common/2.3.0/ranger-plugins-common-2.3.0.jar:/home/runner/.m2/repository/commons-lang/commons-lang/2.6/commons-lang-2.6.jar:/home/runner/.m2/repository/org/codehaus/jackson/jackson-jaxrs/1.9.13/jackson-jaxrs-1.9.13.jar:/home/runner/.m2/repository/org/apache/ranger/ranger-plugins-cred/2.3.0/ranger-plugins-cred-2.3.0.jar:/home/runner/.m2/repository/org/apache/ranger/ranger-plugins-audit/2.3.0/ranger-plugins-audit-2.3.0.jar:/home/runner/.m2/repository/org/eclipse/jetty/jetty-client/9.4.31.v20200723/jetty-client-9.4.31.v20200723.jar:/home/runner/.m2/repository/org/apache/httpcomponents/httpmime/4.5.6/httpmime-4.5.6.jar:/home/runner/.m2/repository/org/apache/httpcomponents/httpcore-nio/4.4.6/httpcore-nio-4.4.6.jar:/home/runner/.m2/repository/org/apache/httpcomponents/httpasyncclient/4.1.3/httpasyncclient-4.1.3.jar:/home/runner/.m2/repository/com/carrotsearch/hppc/0.8.0/hppc-0.8.0.jar:/home/runner/.m2/repository/org/apache/orc/orc-core/1.5.8/orc-core-1.5.8.jar:/home/runner/.m2/repository/net/java/dev/jna/jna/5.2.0/jna-5.2.0.jar:/home/runner/.m2/repository/net/java/dev/jna/jna-platform/5.2.0/jna-platform-5.2.0.jar:/home/runner/.m2/repository/com/kstruct/gethostname4j/0.0.2/gethostname4j-0.0.2.jar:/home/runner/.m2/repository/org/apache/ranger/ranger-plugin-classloader/2.3.0/ranger-plugin-classloader-2.3.0.jar:/home/runner/.m2/repository/org/apache/hadoop/hadoop-minikdc/3.3.1/hadoop-minikdc-3.3.1.jar:/home/runner/.m2/repository/org/apache/kerby/kerb-simplekdc/1.0.1/kerb-simplekdc-1.0.1.jar:/home/runner/.m2/repository/org/apache/kerby/kerb-client/1.0.1/kerb-client-1.0.1.jar:/home/runner/.m2/repository/org/apache/kerby/kerby-config/1.0.1/kerby-config-1.0.1.jar:/home/runner/.m2/repository/org/apache/kerby/kerb-common/1.0.1/kerb-common-1.0.1.jar:/home/runner/.m2/repository/org/apache/kerby/kerb-crypto/1.0.1/kerb-crypto-1.0.1.jar:/home/runner/.m2/repository/org/apache/kerby/kerb-util/1.0.1/kerb-util-1.0.1.jar:/home/runner/.m2/repository/org/apache/kerby/token-provider/1.0.1/token-provider-1.0.1.jar:/home/runner/.m2/repository/org/apache/kerby/kerb-admin/1.0.1/kerb-admin-1.0.1.jar:/home/runner/.m2/repository/org/apache/kerby/kerb-server/1.0.1/kerb-server-1.0.1.jar:/home/runner/.m2/repository/org/apache/kerby/kerb-identity/1.0.1/kerb-identity-1.0.1.jar:/home/runner/.m2/repository/org/apache/kerby/kerby-xdr/1.0.1/kerby-xdr-1.0.1.jar:/home/runner/.m2/repository/org/slf4j/slf4j-log4j12/1.7.30/slf4j-log4j12-1.7.30.jar:/home/runner/.m2/repository/org/apache/ozone/ozone-s3gateway/1.3.0-SNAPSHOT/ozone-s3gateway-1.3.0-SNAPSHOT.jar:/home/runner/.m2/repository/org/javassist/javassist/3.21.0-GA/javassist-3.21.0-GA.jar:/home/runner/.m2/repository/org/jboss/weld/servlet/weld-servlet/2.4.7.Final/weld-servlet-2.4.7.Final.jar:/home/runner/.m2/repository/org/glassfish/jersey/containers/jersey-container-servlet-core/2.33/jersey-container-servlet-core-2.33.jar:/home/runner/.m2/repository/org/glassfish/hk2/external/jakarta.inject/2.6.1/jakarta.inject-2.6.1.jar:/home/runner/.m2/repository/org/glassfish/jersey/core/jersey-common/2.33/jersey-common-2.33.jar:/home/runner/.m2/repository/jakarta/ws/rs/jakarta.ws.rs-api/2.1.6/jakarta.ws.rs-api-2.1.6.jar:/home/runner/.m2/repository/org/glassfish/jersey/ext/cdi/jersey-cdi1x/2.33/jersey-cdi1x-2.33.jar:/home/runner/.m2/repository/org/glassfish/jersey/inject/jersey-hk2/2.33/jersey-hk2-2.33.jar:/home/runner/.m2/repository/org/glassfish/hk2/hk2-locator/2.6.1/hk2-locator-2.6.1.jar:/home/runner/.m2/repository/org/glassfish/jersey/media/jersey-media-jaxb/2.33/jersey-media-jaxb-2.33.jar:/home/runner/.m2/repository/org/glassfish/hk2/osgi-resource-locator/1.0.3/osgi-resource-locator-1.0.3.jar:/home/runner/.m2/repository/org/glassfish/hk2/hk2-api/2.5.0/hk2-api-2.5.0.jar:/home/runner/.m2/repository/org/glassfish/hk2/hk2-utils/2.5.0/hk2-utils-2.5.0.jar:/home/runner/.m2/repository/org/glassfish/hk2/external/aopalliance-repackaged/2.5.0/aopalliance-repackaged-2.5.0.jar:/home/runner/.m2/repository/com/fasterxml/jackson/dataformat/jackson-dataformat-xml/2.13.2/jackson-dataformat-xml-2.13.2.jar:/home/runner/.m2/repository/com/fasterxml/jackson/core/jackson-core/2.13.2/jackson-core-2.13.2.jar:/home/runner/.m2/repository/org/codehaus/woodstox/stax2-api/3.1.4/stax2-api-3.1.4.jar:/home/runner/.m2/repository/com/fasterxml/woodstox/woodstox-core/5.0.3/woodstox-core-5.0.3.jar:/home/runner/.m2/repository/com/fasterxml/jackson/module/jackson-module-jaxb-annotations/2.13.2/jackson-module-jaxb-annotations-2.13.2.jar:/home/runner/.m2/repository/jakarta/xml/bind/jakarta.xml.bind-api/2.3.3/jakarta.xml.bind-api-2.3.3.jar:/home/runner/.m2/repository/jakarta/activation/jakarta.activation-api/1.2.1/jakarta.activation-api-1.2.1.jar:/home/runner/.m2/repository/javax/enterprise/cdi-api/1.2/cdi-api-1.2.jar:/home/runner/.m2/repository/javax/el/javax.el-api/3.0.0/javax.el-api-3.0.0.jar:/home/runner/.m2/repository/javax/interceptor/javax.interceptor-api/1.2/javax.interceptor-api-1.2.jar:/home/runner/.m2/repository/javax/inject/javax.inject/1/javax.inject-1.jar:/home/runner/.m2/repository/javax/xml/bind/jaxb-api/2.3.0/jaxb-api-2.3.0.jar:/home/runner/.m2/repository/org/glassfish/jaxb/jaxb-runtime/2.3.0.1/jaxb-runtime-2.3.0.1.jar:/home/runner/.m2/repository/org/glassfish/jaxb/jaxb-core/2.3.0.1/jaxb-core-2.3.0.1.jar:/home/runner/.m2/repository/org/glassfish/jaxb/txw2/2.3.0.1/txw2-2.3.0.1.jar:/home/runner/.m2/repository/com/sun/istack/istack-commons-runtime/3.0.5/istack-commons-runtime-3.0.5.jar:/home/runner/.m2/repository/org/jvnet/staxex/stax-ex/1.7.8/stax-ex-1.7.8.jar:/home/runner/.m2/repository/com/sun/xml/fastinfoset/FastInfoset/1.2.13/FastInfoset-1.2.13.jar:/home/runner/.m2/repository/javax/activation/activation/1.1.1/activation-1.1.1.jar:/home/runner/.m2/repository/io/grpc/grpc-protobuf/1.48.1/grpc-protobuf-1.48.1.jar:/home/runner/.m2/repository/io/grpc/grpc-api/1.48.1/grpc-api-1.48.1.jar:/home/runner/.m2/repository/io/grpc/grpc-context/1.48.1/grpc-context-1.48.1.jar:/home/runner/.m2/repository/com/google/api/grpc/proto-google-common-protos/2.9.0/proto-google-common-protos-2.9.0.jar:/home/runner/.m2/repository/io/grpc/grpc-protobuf-lite/1.48.1/grpc-protobuf-lite-1.48.1.jar:/home/runner/.m2/repository/io/grpc/grpc-stub/1.48.1/grpc-stub-1.48.1.jar:/home/runner/.m2/repository/io/netty/netty-transport/4.1.79.Final/netty-transport-4.1.79.Final.jar:/home/runner/.m2/repository/io/netty/netty-resolver/4.1.79.Final/netty-resolver-4.1.79.Final.jar:/home/runner/.m2/repository/org/apache/ozone/ozone-csi/1.3.0-SNAPSHOT/ozone-csi-1.3.0-SNAPSHOT.jar:/home/runner/.m2/repository/com/google/protobuf/protobuf-java-util/3.19.2/protobuf-java-util-3.19.2.jar:/home/runner/.m2/repository/com/google/code/gson/gson/2.9.0/gson-2.9.0.jar:/home/runner/.m2/repository/org/apache/ozone/hdds-config/1.3.0-SNAPSHOT/hdds-config-1.3.0-SNAPSHOT.jar:/home/runner/.m2/repository/io/netty/netty-transport-native-epoll/4.1.79.Final/netty-transport-native-epoll-4.1.79.Final-linux-x86_64.jar:/home/runner/.m2/repository/io/netty/netty-transport-classes-epoll/4.1.79.Final/netty-transport-classes-epoll-4.1.79.Final.jar:/home/runner/.m2/repository/io/netty/netty-transport-native-unix-common/4.1.79.Final/netty-transport-native-unix-common-4.1.79.Final.jar:/home/runner/.m2/repository/org/apache/ozone/ozone-recon/1.3.0-SNAPSHOT/ozone-recon-1.3.0-SNAPSHOT.jar:/home/runner/.m2/repository/org/apache/ozone/ozone-reconcodegen/1.3.0-SNAPSHOT/ozone-reconcodegen-1.3.0-SNAPSHOT.jar:/home/runner/.m2/repository/com/google/inject/extensions/guice-multibindings/4.0/guice-multibindings-4.0.jar:/home/runner/.m2/repository/com/google/inject/guice/4.0/guice-4.0.jar:/home/runner/.m2/repository/aopalliance/aopalliance/1.0/aopalliance-1.0.jar:/home/runner/.m2/repository/com/google/inject/extensions/guice-assistedinject/4.0/guice-assistedinject-4.0.jar:/home/runner/.m2/repository/com/google/inject/extensions/guice-servlet/4.0/guice-servlet-4.0.jar:/home/runner/.m2/repository/org/glassfish/jersey/containers/jersey-container-servlet/2.33/jersey-container-servlet-2.33.jar:/home/runner/.m2/repository/org/glassfish/hk2/guice-bridge/2.5.0/guice-bridge-2.5.0.jar:/home/runner/.m2/repository/org/glassfish/jersey/core/jersey-server/2.33/jersey-server-2.33.jar:/home/runner/.m2/repository/org/glassfish/jersey/core/jersey-client/2.33/jersey-client-2.33.jar:/home/runner/.m2/repository/jakarta/annotation/jakarta.annotation-api/1.3.5/jakarta.annotation-api-1.3.5.jar:/home/runner/.m2/repository/jakarta/validation/jakarta.validation-api/2.0.2/jakarta.validation-api-2.0.2.jar:/home/runner/.m2/repository/org/glassfish/jersey/media/jersey-media-json-jackson/2.33/jersey-media-json-jackson-2.33.jar:/home/runner/.m2/repository/org/glassfish/jersey/ext/jersey-entity-filtering/2.33/jersey-entity-filtering-2.33.jar:/home/runner/.m2/repository/org/jooq/jooq/3.11.10/jooq-3.11.10.jar:/home/runner/.m2/repository/org/jooq/jooq-meta/3.11.10/jooq-meta-3.11.10.jar:/home/runner/.m2/repository/org/jooq/jooq-codegen/3.11.10/jooq-codegen-3.11.10.jar:/home/runner/.m2/repository/com/jolbox/bonecp/0.8.0.RELEASE/bonecp-0.8.0.RELEASE.jar:/home/runner/.m2/repository/org/apache/derby/derby/10.14.2.0/derby-10.14.2.0.jar:/home/runner/.m2/repository/org/xerial/sqlite-jdbc/3.25.2/sqlite-jdbc-3.25.2.jar:/home/runner/.m2/repository/org/springframework/spring-jdbc/5.2.20.RELEASE/spring-jdbc-5.2.20.RELEASE.jar:/home/runner/.m2/repository/org/springframework/spring-beans/5.2.20.RELEASE/spring-beans-5.2.20.RELEASE.jar:/home/runner/.m2/repository/org/springframework/spring-core/5.2.20.RELEASE/spring-core-5.2.20.RELEASE.jar:/home/runner/.m2/repository/org/springframework/spring-jcl/5.2.20.RELEASE/spring-jcl-5.2.20.RELEASE.jar:/home/runner/.m2/repository/org/springframework/spring-tx/5.2.20.RELEASE/spring-tx-5.2.20.RELEASE.jar:/home/runner/.m2/repository/org/apache/ozone/ozone-client/1.3.0-SNAPSHOT/ozone-client-1.3.0-SNAPSHOT.jar:/home/runner/.m2/repository/org/apache/ozone/hdds-erasurecode/1.3.0-SNAPSHOT/hdds-erasurecode-1.3.0-SNAPSHOT.jar:/home/runner/.m2/repository/com/github/spotbugs/spotbugs-annotations/3.1.12/spotbugs-annotations-3.1.12.jar:/home/runner/.m2/repository/org/apache/ozone/ozone-filesystem/1.3.0-SNAPSHOT/ozone-filesystem-1.3.0-SNAPSHOT.jar:/home/runner/.m2/repository/org/apache/ozone/ozone-filesystem-common/1.3.0-SNAPSHOT/ozone-filesystem-common-1.3.0-SNAPSHOT.jar:/home/runner/.m2/repository/org/apache/ozone/ozone-tools/1.3.0-SNAPSHOT/ozone-tools-1.3.0-SNAPSHOT.jar:/home/runner/.m2/repository/org/apache/ratis/ratis-tools/2.3.0/ratis-tools-2.3.0.jar:/home/runner/.m2/repository/com/amazonaws/aws-java-sdk-core/1.12.261/aws-java-sdk-core-1.12.261.jar:/home/runner/.m2/repository/org/apache/httpcomponents/httpclient/4.5.13/httpclient-4.5.13.jar:/home/runner/.m2/repository/org/apache/httpcomponents/httpcore/4.4.13/httpcore-4.4.13.jar:/home/runner/.m2/repository/software/amazon/ion/ion-java/1.0.2/ion-java-1.0.2.jar:/home/runner/.m2/repository/com/fasterxml/jackson/dataformat/jackson-dataformat-cbor/2.13.2/jackson-dataformat-cbor-2.13.2.jar:/home/runner/.m2/repository/joda-time/joda-time/2.8.1/joda-time-2.8.1.jar:/home/runner/.m2/repository/com/amazonaws/aws-java-sdk-s3/1.12.261/aws-java-sdk-s3-1.12.261.jar:/home/runner/.m2/repository/com/amazonaws/aws-java-sdk-kms/1.12.261/aws-java-sdk-kms-1.12.261.jar:/home/runner/.m2/repository/com/amazonaws/jmespath-java/1.12.261/jmespath-java-1.12.261.jar:/home/runner/.m2/repository/org/kohsuke/metainf-services/metainf-services/1.8/metainf-services-1.8.jar:/home/runner/.m2/repository/org/apache/ozone/hdds-tools/1.3.0-SNAPSHOT/hdds-tools-1.3.0-SNAPSHOT.jar:/home/runner/.m2/repository/commons-cli/commons-cli/1.2/commons-cli-1.2.jar:/home/runner/.m2/repository/org/apache/commons/commons-lang3/3.7/commons-lang3-3.7.jar:/home/runner/.m2/repository/org/apache/ozone/ozone-manager/1.3.0-SNAPSHOT/ozone-manager-1.3.0-SNAPSHOT-tests.jar:/home/runner/.m2/repository/org/apache/ozone/hdds-common/1.3.0-SNAPSHOT/hdds-common-1.3.0-SNAPSHOT-tests.jar:/home/runner/.m2/repository/org/apache/ozone/hdds-hadoop-dependency-client/1.3.0-SNAPSHOT/hdds-hadoop-dependency-client-1.3.0-SNAPSHOT.jar:/home/runner/.m2/repository/info/picocli/picocli/4.6.1/picocli-4.6.1.jar:/home/runner/.m2/repository/com/fasterxml/jackson/core/jackson-annotations/2.13.2/jackson-annotations-2.13.2.jar:/home/runner/.m2/repository/com/fasterxml/jackson/datatype/jackson-datatype-jsr310/2.13.2/jackson-datatype-jsr310-2.13.2.jar:/home/runner/.m2/repository/javax/annotation/javax.annotation-api/1.2/javax.annotation-api-1.2.jar:/home/runner/.m2/repository/org/apache/ratis/ratis-server/2.3.0/ratis-server-2.3.0.jar:/home/runner/.m2/repository/org/apache/ratis/ratis-client/2.3.0/ratis-client-2.3.0.jar:/home/runner/.m2/repository/org/apache/ratis/ratis-server-api/2.3.0/ratis-server-api-2.3.0.jar:/home/runner/.m2/repository/org/apache/ratis/ratis-metrics/2.3.0/ratis-metrics-2.3.0.jar:/home/runner/.m2/repository/org/apache/ratis/ratis-netty/2.3.0/ratis-netty-2.3.0.jar:/home/runner/.m2/repository/org/apache/ratis/ratis-grpc/2.3.0/ratis-grpc-2.3.0.jar:/home/runner/.m2/repository/org/apache/logging/log4j/log4j-api/2.17.1/log4j-api-2.17.1.jar:/home/runner/.m2/repository/org/apache/commons/commons-pool2/2.6.0/commons-pool2-2.6.0.jar:/home/runner/.m2/repository/org/bouncycastle/bcpkix-jdk15on/1.67/bcpkix-jdk15on-1.67.jar:/home/runner/.m2/repository/commons-validator/commons-validator/1.6/commons-validator-1.6.jar:/home/runner/.m2/repository/commons-beanutils/commons-beanutils/1.9.4/commons-beanutils-1.9.4.jar:/home/runner/.m2/repository/commons-digester/commons-digester/1.8.1/commons-digester-1.8.1.jar:/home/runner/.m2/repository/commons-collections/commons-collections/3.2.2/commons-collections-3.2.2.jar:/home/runner/.m2/repository/io/jaegertracing/jaeger-client/1.6.0/jaeger-client-1.6.0.jar:/home/runner/.m2/repository/io/jaegertracing/jaeger-thrift/1.6.0/jaeger-thrift-1.6.0.jar:/home/runner/.m2/repository/org/apache/thrift/libthrift/0.14.1/libthrift-0.14.1.jar:/home/runner/.m2/repository/com/squareup/okhttp3/okhttp/4.9.0/okhttp-4.9.0.jar:/home/runner/.m2/repository/com/squareup/okio/okio/2.8.0/okio-2.8.0.jar:/home/runner/.m2/repository/io/jaegertracing/jaeger-core/1.6.0/jaeger-core-1.6.0.jar:/home/runner/.m2/repository/io/jaegertracing/jaeger-tracerresolver/1.6.0/jaeger-tracerresolver-1.6.0.jar:/home/runner/.m2/repository/io/opentracing/contrib/opentracing-tracerresolver/0.1.8/opentracing-tracerresolver-0.1.8.jar:/home/runner/.m2/repository/org/jetbrains/kotlin/kotlin-stdlib/1.6.21/kotlin-stdlib-1.6.21.jar:/home/runner/.m2/repository/org/jetbrains/kotlin/kotlin-stdlib-common/1.6.21/kotlin-stdlib-common-1.6.21.jar:/home/runner/.m2/repository/org/jetbrains/annotations/13.0/annotations-13.0.jar:/home/runner/.m2/repository/io/opentracing/opentracing-util/0.33.0/opentracing-util-0.33.0.jar:/home/runner/.m2/repository/io/opentracing/opentracing-api/0.33.0/opentracing-api-0.33.0.jar:/home/runner/.m2/repository/io/opentracing/opentracing-noop/0.33.0/opentracing-noop-0.33.0.jar:/home/runner/.m2/repository/org/yaml/snakeyaml/1.26/snakeyaml-1.26.jar:/home/runner/.m2/repository/org/apache/ozone/hdds-interface-admin/1.3.0-SNAPSHOT/hdds-interface-admin-1.3.0-SNAPSHOT.jar:/home/runner/.m2/repository/junit/junit/4.13.1/junit-4.13.1.jar:/home/runner/.m2/repository/org/hamcrest/hamcrest-core/1.3/hamcrest-core-1.3.jar:/home/runner/.m2/repository/org/junit/jupiter/junit-jupiter-api/5.8.2/junit-jupiter-api-5.8.2.jar:/home/runner/.m2/repository/org/opentest4j/opentest4j/1.2.0/opentest4j-1.2.0.jar:/home/runner/.m2/repository/org/junit/platform/junit-platform-commons/1.8.2/junit-platform-commons-1.8.2.jar:/home/runner/.m2/repository/org/apiguardian/apiguardian-api/1.1.2/apiguardian-api-1.1.2.jar:/home/runner/.m2/repository/org/junit/jupiter/junit-jupiter-params/5.8.2/junit-jupiter-params-5.8.2.jar:/home/runner/.m2/repository/org/junit/jupiter/junit-jupiter-migrationsupport/5.8.2/junit-jupiter-migrationsupport-5.8.2.jar:/home/runner/.m2/repository/org/junit/jupiter/junit-jupiter-engine/5.8.2/junit-jupiter-engine-5.8.2.jar:/home/runner/.m2/repository/org/junit/platform/junit-platform-engine/1.8.2/junit-platform-engine-1.8.2.jar:/home/runner/.m2/repository/org/junit/vintage/junit-vintage-engine/5.8.2/junit-vintage-engine-5.8.2.jar:/home/runner/.m2/repository/org/junit/platform/junit-platform-launcher/1.8.2/junit-platform-launcher-1.8.2.jar:/home/runner/.m2/repository/org/mockito/mockito-core/2.28.2/mockito-core-2.28.2.jar:/home/runner/.m2/repository/net/bytebuddy/byte-buddy/1.9.10/byte-buddy-1.9.10.jar:/home/runner/.m2/repository/net/bytebuddy/byte-buddy-agent/1.9.10/byte-buddy-agent-1.9.10.jar:/home/runner/.m2/repository/org/objenesis/objenesis/1.0/objenesis-1.0.jar:/home/runner/.m2/repository/org/apache/hadoop/hadoop-kms/3.3.1/hadoop-kms-3.3.1.jar:/home/runner/.m2/repository/org/apache/hadoop/hadoop-auth/3.3.1/hadoop-auth-3.3.1.jar:/home/runner/.m2/repository/com/nimbusds/nimbus-jose-jwt/7.9/nimbus-jose-jwt-7.9.jar:/home/runner/.m2/repository/com/github/stephenc/jcip/jcip-annotations/1.0-1/jcip-annotations-1.0-1.jar:/home/runner/.m2/repository/net/minidev/json-smart/2.4.7/json-smart-2.4.7.jar:/home/runner/.m2/repository/net/minidev/accessors-smart/2.4.7/accessors-smart-2.4.7.jar:/home/runner/.m2/repository/org/ow2/asm/asm/5.0.4/asm-5.0.4.jar:/home/runner/.m2/repository/org/apache/zookeeper/zookeeper/3.5.6/zookeeper-3.5.6.jar:/home/runner/.m2/repository/org/apache/zookeeper/zookeeper-jute/3.5.6/zookeeper-jute-3.5.6.jar:/home/runner/.m2/repository/org/apache/yetus/audience-annotations/0.5.0/audience-annotations-0.5.0.jar:/home/runner/.m2/repository/org/apache/curator/curator-framework/4.2.0/curator-framework-4.2.0.jar:/home/runner/.m2/repository/org/apache/hadoop/thirdparty/hadoop-shaded-guava/1.1.1/hadoop-shaded-guava-1.1.1.jar:/home/runner/.m2/repository/com/sun/jersey/jersey-core/1.19/jersey-core-1.19.jar:/home/runner/.m2/repository/javax/ws/rs/jsr311-api/1.1.1/jsr311-api-1.1.1.jar:/home/runner/.m2/repository/com/sun/jersey/jersey-server/1.19/jersey-server-1.19.jar:/home/runner/.m2/repository/javax/servlet/javax.servlet-api/3.1.0/javax.servlet-api-3.1.0.jar:/home/runner/.m2/repository/org/eclipse/jetty/jetty-server/9.4.43.v20210629/jetty-server-9.4.43.v20210629.jar:/home/runner/.m2/repository/org/eclipse/jetty/jetty-http/9.4.43.v20210629/jetty-http-9.4.43.v20210629.jar:/home/runner/.m2/repository/org/eclipse/jetty/jetty-io/9.4.43.v20210629/jetty-io-9.4.43.v20210629.jar:/home/runner/.m2/repository/org/eclipse/jetty/jetty-webapp/9.4.43.v20210629/jetty-webapp-9.4.43.v20210629.jar:/home/runner/.m2/repository/org/eclipse/jetty/jetty-xml/9.4.43.v20210629/jetty-xml-9.4.43.v20210629.jar:/home/runner/.m2/repository/org/apache/hadoop/hadoop-common/3.3.1/hadoop-common-3.3.1.jar:/home/runner/.m2/repository/org/apache/commons/commons-math3/3.1.1/commons-math3-3.1.1.jar:/home/runner/.m2/repository/commons-net/commons-net/3.6/commons-net-3.6.jar:/home/runner/.m2/repository/com/sun/jersey/jersey-servlet/1.19/jersey-servlet-1.19.jar:/home/runner/.m2/repository/com/sun/jersey/jersey-json/1.19/jersey-json-1.19.jar:/home/runner/.m2/repository/org/codehaus/jettison/jettison/1.1/jettison-1.1.jar:/home/runner/.m2/repository/com/sun/xml/bind/jaxb-impl/2.2.3-1/jaxb-impl-2.2.3-1.jar:/home/runner/.m2/repository/org/codehaus/jackson/jackson-xc/1.9.2/jackson-xc-1.9.2.jar:/home/runner/.m2/repository/org/apache/commons/commons-configuration2/2.1.1/commons-configuration2-2.1.1.jar:/home/runner/.m2/repository/org/apache/commons/commons-text/1.4/commons-text-1.4.jar:/home/runner/.m2/repository/com/google/re2j/re2j/1.1/re2j-1.1.jar:/home/runner/.m2/repository/com/jcraft/jsch/0.1.54/jsch-0.1.54.jar:/home/runner/.m2/repository/org/apache/curator/curator-client/4.2.0/curator-client-4.2.0.jar:/home/runner/.m2/repository/org/apache/curator/curator-recipes/4.2.0/curator-recipes-4.2.0.jar:/home/runner/.m2/repository/org/apache/kerby/kerb-core/1.0.1/kerb-core-1.0.1.jar:/home/runner/.m2/repository/org/apache/kerby/kerby-pkix/1.0.1/kerby-pkix-1.0.1.jar:/home/runner/.m2/repository/org/apache/kerby/kerby-asn1/1.0.1/kerby-asn1-1.0.1.jar:/home/runner/.m2/repository/org/apache/kerby/kerby-util/1.0.1/kerby-util-1.0.1.jar:/home/runner/.m2/repository/dnsjava/dnsjava/2.1.7/dnsjava-2.1.7.jar:/home/runner/.m2/repository/org/xerial/snappy/snappy-java/1.1.8.2/snappy-java-1.1.8.2.jar:/home/runner/.m2/repository/org/slf4j/jul-to-slf4j/1.7.30/jul-to-slf4j-1.7.30.jar:/home/runner/.m2/repository/org/eclipse/jetty/jetty-util/9.4.43.v20210629/jetty-util-9.4.43.v20210629.jar:/home/runner/.m2/repository/com/fasterxml/jackson/core/jackson-databind/2.13.2.2/jackson-databind-2.13.2.2.jar:/home/runner/.m2/repository/org/apache/hadoop/hadoop-kms/3.3.1/hadoop-kms-3.3.1-tests.jar:/home/runner/.m2/repository/org/apache/ozone/hdds-server-scm/1.3.0-SNAPSHOT/hdds-server-scm-1.3.0-SNAPSHOT-tests.jar:/home/runner/.m2/repository/org/apache/ozone/hdds-container-service/1.3.0-SNAPSHOT/hdds-container-service-1.3.0-SNAPSHOT-tests.jar:/home/runner/.m2/repository/commons-codec/commons-codec/1.11/commons-codec-1.11.jar:/home/runner/.m2/repository/io/netty/netty-codec/4.1.79.Final/netty-codec-4.1.79.Final.jar:/home/runner/.m2/repository/io/netty/netty-handler/4.1.79.Final/netty-handler-4.1.79.Final.jar:/home/runner/.m2/repository/org/apache/ozone/hdds-hadoop-dependency-test/1.3.0-SNAPSHOT/hdds-hadoop-dependency-test-1.3.0-SNAPSHOT.jar:/home/runner/.m2/repository/org/apache/hadoop/hadoop-common/3.3.1/hadoop-common-3.3.1-tests.jar:/home/runner/.m2/repository/org/assertj/assertj-core/3.12.2/assertj-core-3.12.2.jar:/home/runner/.m2/repository/org/apache/hadoop/hadoop-hdfs/3.3.1/hadoop-hdfs-3.3.1-tests.jar:/home/runner/.m2/repository/org/eclipse/jetty/jetty-util-ajax/9.4.43.v20210629/jetty-util-ajax-9.4.43.v20210629.jar:/home/runner/.m2/repository/commons-daemon/commons-daemon/1.0.13/commons-daemon-1.0.13.jar:/home/runner/.m2/repository/io/netty/netty/3.10.6.Final/netty-3.10.6.Final.jar:/home/runner/.m2/repository/io/netty/netty-all/4.1.79.Final/netty-all-4.1.79.Final.jar:/home/runner/.m2/repository/io/netty/netty-codec-dns/4.1.79.Final/netty-codec-dns-4.1.79.Final.jar:/home/runner/.m2/repository/io/netty/netty-codec-haproxy/4.1.79.Final/netty-codec-haproxy-4.1.79.Final.jar:/home/runner/.m2/repository/io/netty/netty-codec-memcache/4.1.79.Final/netty-codec-memcache-4.1.79.Final.jar:/home/runner/.m2/repository/io/netty/netty-codec-mqtt/4.1.79.Final/netty-codec-mqtt-4.1.79.Final.jar:/home/runner/.m2/repository/io/netty/netty-codec-redis/4.1.79.Final/netty-codec-redis-4.1.79.Final.jar:/home/runner/.m2/repository/io/netty/netty-codec-smtp/4.1.79.Final/netty-codec-smtp-4.1.79.Final.jar:/home/runner/.m2/repository/io/netty/netty-codec-stomp/4.1.79.Final/netty-codec-stomp-4.1.79.Final.jar:/home/runner/.m2/repository/io/netty/netty-codec-xml/4.1.79.Final/netty-codec-xml-4.1.79.Final.jar:/home/runner/.m2/repository/io/netty/netty-resolver-dns/4.1.79.Final/netty-resolver-dns-4.1.79.Final.jar:/home/runner/.m2/repository/io/netty/netty-transport-rxtx/4.1.79.Final/netty-transport-rxtx-4.1.79.Final.jar:/home/runner/.m2/repository/io/netty/netty-transport-sctp/4.1.79.Final/netty-transport-sctp-4.1.79.Final.jar:/home/runner/.m2/repository/io/netty/netty-transport-udt/4.1.79.Final/netty-transport-udt-4.1.79.Final.jar:/home/runner/.m2/repository/io/netty/netty-transport-classes-kqueue/4.1.79.Final/netty-transport-classes-kqueue-4.1.79.Final.jar:/home/runner/.m2/repository/io/netty/netty-resolver-dns-classes-macos/4.1.79.Final/netty-resolver-dns-classes-macos-4.1.79.Final.jar:/home/runner/.m2/repository/io/netty/netty-transport-native-epoll/4.1.79.Final/netty-transport-native-epoll-4.1.79.Final-linux-aarch_64.jar:/home/runner/.m2/repository/io/netty/netty-transport-native-kqueue/4.1.79.Final/netty-transport-native-kqueue-4.1.79.Final-osx-x86_64.jar:/home/runner/.m2/repository/io/netty/netty-transport-native-kqueue/4.1.79.Final/netty-transport-native-kqueue-4.1.79.Final-osx-aarch_64.jar:/home/runner/.m2/repository/io/netty/netty-resolver-dns-native-macos/4.1.79.Final/netty-resolver-dns-native-macos-4.1.79.Final-osx-x86_64.jar:/home/runner/.m2/repository/io/netty/netty-resolver-dns-native-macos/4.1.79.Final/netty-resolver-dns-native-macos-4.1.79.Final-osx-aarch_64.jar:/home/runner/.m2/repository/org/apache/htrace/htrace-core4/4.1.0-incubating/htrace-core4-4.1.0-incubating.jar:/home/runner/.m2/repository/org/fusesource/leveldbjni/leveldbjni-all/1.8/leveldbjni-all-1.8.jar:/home/runner/.m2/repository/org/apache/hadoop/hadoop-distcp/3.3.1/hadoop-distcp-3.3.1.jar:/home/runner/.m2/repository/org/apache/hadoop/hadoop-mapreduce-client-jobclient/3.3.1/hadoop-mapreduce-client-jobclient-3.3.1.jar:/home/runner/.m2/repository/org/apache/hadoop/hadoop-mapreduce-client-common/3.3.1/hadoop-mapreduce-client-common-3.3.1.jar:/home/runner/.m2/repository/org/apache/hadoop/hadoop-yarn-common/3.3.1/hadoop-yarn-common-3.3.1.jar:/home/runner/.m2/repository/org/apache/hadoop/hadoop-yarn-api/3.3.1/hadoop-yarn-api-3.3.1.jar:/home/runner/.m2/repository/com/sun/jersey/contribs/jersey-guice/1.19/jersey-guice-1.19.jar:/home/runner/.m2/repository/com/fasterxml/jackson/jaxrs/jackson-jaxrs-json-provider/2.13.2/jackson-jaxrs-json-provider-2.13.2.jar:/home/runner/.m2/repository/com/fasterxml/jackson/jaxrs/jackson-jaxrs-base/2.13.2/jackson-jaxrs-base-2.13.2.jar:/home/runner/.m2/repository/org/apache/hadoop/hadoop-yarn-client/3.3.1/hadoop-yarn-client-3.3.1.jar:/home/runner/.m2/repository/org/eclipse/jetty/websocket/websocket-client/9.4.40.v20210413/websocket-client-9.4.40.v20210413.jar:/home/runner/.m2/repository/org/eclipse/jetty/websocket/websocket-common/9.4.40.v20210413/websocket-common-9.4.40.v20210413.jar:/home/runner/.m2/repository/org/eclipse/jetty/websocket/websocket-api/9.4.40.v20210413/websocket-api-9.4.40.v20210413.jar:/home/runner/.m2/repository/org/jline/jline/3.9.0/jline-3.9.0.jar:/home/runner/.m2/repository/org/apache/hadoop/hadoop-mapreduce-client-core/3.3.1/hadoop-mapreduce-client-core-3.3.1.jar:/home/runner/.m2/repository/org/apache/avro/avro/1.7.7/avro-1.7.7.jar:/home/runner/.m2/repository/org/codehaus/jackson/jackson-core-asl/1.9.13/jackson-core-asl-1.9.13.jar:/home/runner/.m2/repository/org/codehaus/jackson/jackson-mapper-asl/1.9.13/jackson-mapper-asl-1.9.13.jar:/home/runner/.m2/repository/com/thoughtworks/paranamer/paranamer/2.3/paranamer-2.3.jar:/home/runner/.m2/repository/org/apache/hadoop/hadoop-annotations/3.3.1/hadoop-annotations-3.3.1.jar:/opt/hostedtoolcache/jdk/8.0.345/x64/jre/../lib/tools.jar:/home/runner/.m2/repository/org/apache/hadoop/hadoop-distcp/3.3.1/hadoop-distcp-3.3.1-tests.jar:/home/runner/.m2/repository/org/apache/ratis/ratis-common/2.3.0/ratis-common-2.3.0.jar:/home/runner/.m2/repository/org/apache/ratis/ratis-thirdparty-misc/1.0.0/ratis-thirdparty-misc-1.0.0.jar:/home/runner/.m2/repository/org/apache/ratis/ratis-proto/2.3.0/ratis-proto-2.3.0.jar:/home/runner/.m2/repository/org/apache/ozone/ozone-annotation-processing/1.3.0-SNAPSHOT/ozone-annotation-processing-1.3.0-SNAPSHOT.jar:"/>
    <property name="sun.cpu.endian" value="little"/>
    <property name="user.home" value="/home/runner"/>
    <property name="user.language" value="en"/>
    <property name="java.specification.vendor" value="Oracle Corporation"/>
    <property name="java.home" value="/opt/hostedtoolcache/jdk/8.0.345/x64/jre"/>
    <property name="java.security.krb5.conf" value="/home/runner/work/ozone/ozone/hadoop-ozone/integration-test/target/test-classes/krb5.conf"/>
    <property name="basedir" value="/home/runner/work/ozone/ozone/hadoop-ozone/integration-test"/>
    <property name="file.separator" value="/"/>
    <property name="line.separator" value="&#10;"/>
    <property name="jdk.vendor.version" value="Zulu 8.64.0.19-CA-linux64"/>
    <property name="java.vm.specification.vendor" value="Oracle Corporation"/>
    <property name="java.specification.name" value="Java Platform API Specification"/>
    <property name="java.awt.graphicsenv" value="sun.awt.X11GraphicsEnvironment"/>
    <property name="skip.installnpx" value="true"/>
    <property name="surefire.fork.timeout" value="3600"/>
    <property name="surefire.real.class.path" value="/home/runner/work/ozone/ozone/hadoop-ozone/integration-test/target/surefire/surefirebooter4924986897950795479.jar:/home/runner/.m2/repository/org/jacoco/org.jacoco.agent/0.8.5/org.jacoco.agent-0.8.5-runtime.jar"/>
    <property name="hadoop.log.dir" value="/home/runner/work/ozone/ozone/hadoop-ozone/integration-test/target/log"/>
    <property name="sun.boot.class.path" value="/opt/hostedtoolcache/jdk/8.0.345/x64/jre/lib/resources.jar:/opt/hostedtoolcache/jdk/8.0.345/x64/jre/lib/rt.jar:/opt/hostedtoolcache/jdk/8.0.345/x64/jre/lib/sunrsasign.jar:/opt/hostedtoolcache/jdk/8.0.345/x64/jre/lib/jsse.jar:/opt/hostedtoolcache/jdk/8.0.345/x64/jre/lib/jce.jar:/opt/hostedtoolcache/jdk/8.0.345/x64/jre/lib/charsets.jar:/opt/hostedtoolcache/jdk/8.0.345/x64/jre/lib/jfr.jar:/opt/hostedtoolcache/jdk/8.0.345/x64/jre/lib/cat.jar:/opt/hostedtoolcache/jdk/8.0.345/x64/jre/classes"/>
    <property name="sun.management.compiler" value="HotSpot 64-Bit Tiered Compilers"/>
    <property name="skip.npx" value="true"/>
    <property name="java.runtime.version" value="1.8.0_345-b01"/>
    <property name="java.net.preferIPv4Stack" value="true"/>
    <property name="user.name" value="runner"/>
    <property name="path.separator" value=":"/>
    <property name="java.security.egd" value="file:///dev/urandom"/>
    <property name="os.version" value="5.15.0-1017-azure"/>
    <property name="java.endorsed.dirs" value="/opt/hostedtoolcache/jdk/8.0.345/x64/jre/lib/endorsed"/>
    <property name="java.runtime.name" value="OpenJDK Runtime Environment"/>
    <property name="file.encoding" value="UTF-8"/>
    <property name="java.vm.name" value="OpenJDK 64-Bit Server VM"/>
    <property name="test.build.webapps" value=""/>
    <property name="localRepository" value="/home/runner/.m2/repository"/>
    <property name="jetty.git.hash" value="526006ecfa3af7f1a27ef3a288e2bef7ea9dd7e8"/>
    <property name="java.vendor.url.bug" value="http://www.azul.com/support/"/>
    <property name="java.io.tmpdir" value="/tmp"/>
    <property name="require.test.libhadoop" value=""/>
    <property name="surefire.rerunFailingTestsCount" value="5"/>
    <property name="java.version" value="1.8.0_345"/>
    <property name="user.dir" value="/home/runner/work/ozone/ozone/hadoop-ozone/integration-test"/>
    <property name="os.arch" value="amd64"/>
    <property name="java.vm.specification.name" value="Java Virtual Machine Specification"/>
    <property name="test.build.classes" value="/home/runner/work/ozone/ozone/hadoop-ozone/integration-test/target/test-classes"/>
    <property name="java.awt.printerjob" value="sun.print.PSPrinterJob"/>
    <property name="sun.os.patch.level" value="unknown"/>
    <property name="hadoop.tmp.dir" value="/home/runner/work/ozone/ozone/hadoop-ozone/integration-test/target/tmp"/>
    <property name="java.library.path" value="/usr/java/packages/lib/amd64:/usr/lib64:/lib64:/lib:/usr/lib"/>
    <property name="java.vm.info" value="mixed mode"/>
    <property name="java.vendor" value="Azul Systems, Inc."/>
    <property name="java.vm.version" value="25.345-b01"/>
    <property name="java.ext.dirs" value="/opt/hostedtoolcache/jdk/8.0.345/x64/jre/lib/ext:/usr/java/packages/lib/ext"/>
    <property name="sun.io.unicode.encoding" value="UnicodeLittle"/>
    <property name="java.class.version" value="52.0"/>
  </properties>
  <testcase name="testNodeWithOpenPipelineCanBeDecommissionedAndRecommissioned" classname="org.apache.hadoop.ozone.scm.node.TestDecommissionAndMaintenance" time="40.965">
    <error type="java.lang.IllegalStateException"><![CDATA[java.lang.IllegalStateException: zip file closed
	at java.util.zip.ZipFile.ensureOpen(ZipFile.java:701)
	at java.util.zip.ZipFile.access$200(ZipFile.java:61)
	at java.util.zip.ZipFile$ZipEntryIterator.hasNext(ZipFile.java:523)
	at java.util.zip.ZipFile$ZipEntryIterator.hasMoreElements(ZipFile.java:518)
	at java.util.jar.JarFile$JarEntryIterator.hasNext(JarFile.java:266)
	at java.util.jar.JarFile$JarEntryIterator.hasMoreElements(JarFile.java:275)
	at org.reflections.vfs.ZipDir$1$1.computeNext(ZipDir.java:30)
	at org.reflections.vfs.ZipDir$1$1.computeNext(ZipDir.java:26)
	at com.google.common.collect.AbstractIterator.tryToComputeNext(AbstractIterator.java:146)
	at com.google.common.collect.AbstractIterator.hasNext(AbstractIterator.java:141)
	at org.reflections.Reflections.scan(Reflections.java:243)
	at org.reflections.Reflections.scan(Reflections.java:202)
	at org.reflections.Reflections.<init>(Reflections.java:123)
	at org.reflections.Reflections.<init>(Reflections.java:168)
	at org.apache.hadoop.hdds.upgrade.HDDSLayoutVersionManager.registerUpgradeActions(HDDSLayoutVersionManager.java:64)
	at org.apache.hadoop.hdds.upgrade.HDDSLayoutVersionManager.<init>(HDDSLayoutVersionManager.java:51)
	at org.apache.hadoop.ozone.container.common.statemachine.DatanodeStateMachine.<init>(DatanodeStateMachine.java:144)
	at org.apache.hadoop.ozone.HddsDatanodeService.start(HddsDatanodeService.java:279)
	at org.apache.hadoop.ozone.HddsDatanodeService.start(HddsDatanodeService.java:209)
	at org.apache.hadoop.ozone.MiniOzoneClusterImpl.restartHddsDatanode(MiniOzoneClusterImpl.java:418)
	at org.apache.hadoop.ozone.scm.node.TestDecommissionAndMaintenance.testNodeWithOpenPipelineCanBeDecommissionedAndRecommissioned(TestDecommissionAndMaintenance.java:198)
	at sun.reflect.NativeMethodAccessorImpl.invoke0(Native Method)
	at sun.reflect.NativeMethodAccessorImpl.invoke(NativeMethodAccessorImpl.java:62)
	at sun.reflect.DelegatingMethodAccessorImpl.invoke(DelegatingMethodAccessorImpl.java:43)
	at java.lang.reflect.Method.invoke(Method.java:498)
	at org.junit.platform.commons.util.ReflectionUtils.invokeMethod(ReflectionUtils.java:725)
	at org.junit.jupiter.engine.execution.MethodInvocation.proceed(MethodInvocation.java:60)
	at org.junit.jupiter.engine.execution.InvocationInterceptorChain$ValidatingInvocation.proceed(InvocationInterceptorChain.java:131)
	at org.junit.jupiter.engine.extension.TimeoutExtension.intercept(TimeoutExtension.java:149)
	at org.junit.jupiter.engine.extension.TimeoutExtension.interceptTestableMethod(TimeoutExtension.java:140)
	at org.junit.jupiter.engine.extension.TimeoutExtension.interceptTestMethod(TimeoutExtension.java:84)
	at org.junit.jupiter.engine.execution.ExecutableInvoker$ReflectiveInterceptorCall.lambda$ofVoidMethod$0(ExecutableInvoker.java:115)
	at org.junit.jupiter.engine.execution.ExecutableInvoker.lambda$invoke$0(ExecutableInvoker.java:105)
	at org.junit.jupiter.engine.execution.InvocationInterceptorChain$InterceptedInvocation.proceed(InvocationInterceptorChain.java:106)
	at org.junit.jupiter.engine.execution.InvocationInterceptorChain.proceed(InvocationInterceptorChain.java:64)
	at org.junit.jupiter.engine.execution.InvocationInterceptorChain.chainAndInvoke(InvocationInterceptorChain.java:45)
	at org.junit.jupiter.engine.execution.InvocationInterceptorChain.invoke(InvocationInterceptorChain.java:37)
	at org.junit.jupiter.engine.execution.ExecutableInvoker.invoke(ExecutableInvoker.java:104)
	at org.junit.jupiter.engine.execution.ExecutableInvoker.invoke(ExecutableInvoker.java:98)
	at org.junit.jupiter.engine.descriptor.TestMethodTestDescriptor.lambda$invokeTestMethod$7(TestMethodTestDescriptor.java:214)
	at org.junit.platform.engine.support.hierarchical.ThrowableCollector.execute(ThrowableCollector.java:73)
	at org.junit.jupiter.engine.descriptor.TestMethodTestDescriptor.invokeTestMethod(TestMethodTestDescriptor.java:210)
	at org.junit.jupiter.engine.descriptor.TestMethodTestDescriptor.execute(TestMethodTestDescriptor.java:135)
	at org.junit.jupiter.engine.descriptor.TestMethodTestDescriptor.execute(TestMethodTestDescriptor.java:66)
	at org.junit.platform.engine.support.hierarchical.NodeTestTask.lambda$executeRecursively$6(NodeTestTask.java:151)
	at org.junit.platform.engine.support.hierarchical.ThrowableCollector.execute(ThrowableCollector.java:73)
	at org.junit.platform.engine.support.hierarchical.NodeTestTask.lambda$executeRecursively$8(NodeTestTask.java:141)
	at org.junit.platform.engine.support.hierarchical.Node.around(Node.java:137)
	at org.junit.platform.engine.support.hierarchical.NodeTestTask.lambda$executeRecursively$9(NodeTestTask.java:139)
	at org.junit.platform.engine.support.hierarchical.ThrowableCollector.execute(ThrowableCollector.java:73)
	at org.junit.platform.engine.support.hierarchical.NodeTestTask.executeRecursively(NodeTestTask.java:138)
	at org.junit.platform.engine.support.hierarchical.NodeTestTask.execute(NodeTestTask.java:95)
	at java.util.ArrayList.forEach(ArrayList.java:1259)
	at org.junit.platform.engine.support.hierarchical.SameThreadHierarchicalTestExecutorService.invokeAll(SameThreadHierarchicalTestExecutorService.java:41)
	at org.junit.platform.engine.support.hierarchical.NodeTestTask.lambda$executeRecursively$6(NodeTestTask.java:155)
	at org.junit.platform.engine.support.hierarchical.ThrowableCollector.execute(ThrowableCollector.java:73)
	at org.junit.platform.engine.support.hierarchical.NodeTestTask.lambda$executeRecursively$8(NodeTestTask.java:141)
	at org.junit.platform.engine.support.hierarchical.Node.around(Node.java:137)
	at org.junit.platform.engine.support.hierarchical.NodeTestTask.lambda$executeRecursively$9(NodeTestTask.java:139)
	at org.junit.platform.engine.support.hierarchical.ThrowableCollector.execute(ThrowableCollector.java:73)
	at org.junit.platform.engine.support.hierarchical.NodeTestTask.executeRecursively(NodeTestTask.java:138)
	at org.junit.platform.engine.support.hierarchical.NodeTestTask.execute(NodeTestTask.java:95)
	at java.util.ArrayList.forEach(ArrayList.java:1259)
	at org.junit.platform.engine.support.hierarchical.SameThreadHierarchicalTestExecutorService.invokeAll(SameThreadHierarchicalTestExecutorService.java:41)
	at org.junit.platform.engine.support.hierarchical.NodeTestTask.lambda$executeRecursively$6(NodeTestTask.java:155)
	at org.junit.platform.engine.support.hierarchical.ThrowableCollector.execute(ThrowableCollector.java:73)
	at org.junit.platform.engine.support.hierarchical.NodeTestTask.lambda$executeRecursively$8(NodeTestTask.java:141)
	at org.junit.platform.engine.support.hierarchical.Node.around(Node.java:137)
	at org.junit.platform.engine.support.hierarchical.NodeTestTask.lambda$executeRecursively$9(NodeTestTask.java:139)
	at org.junit.platform.engine.support.hierarchical.ThrowableCollector.execute(ThrowableCollector.java:73)
	at org.junit.platform.engine.support.hierarchical.NodeTestTask.executeRecursively(NodeTestTask.java:138)
	at org.junit.platform.engine.support.hierarchical.NodeTestTask.execute(NodeTestTask.java:95)
	at org.junit.platform.engine.support.hierarchical.SameThreadHierarchicalTestExecutorService.submit(SameThreadHierarchicalTestExecutorService.java:35)
	at org.junit.platform.engine.support.hierarchical.HierarchicalTestExecutor.execute(HierarchicalTestExecutor.java:57)
	at org.junit.platform.engine.support.hierarchical.HierarchicalTestEngine.execute(HierarchicalTestEngine.java:54)
	at org.junit.platform.launcher.core.EngineExecutionOrchestrator.execute(EngineExecutionOrchestrator.java:107)
	at org.junit.platform.launcher.core.EngineExecutionOrchestrator.execute(EngineExecutionOrchestrator.java:88)
	at org.junit.platform.launcher.core.EngineExecutionOrchestrator.lambda$execute$0(EngineExecutionOrchestrator.java:54)
	at org.junit.platform.launcher.core.EngineExecutionOrchestrator.withInterceptedStreams(EngineExecutionOrchestrator.java:67)
	at org.junit.platform.launcher.core.EngineExecutionOrchestrator.execute(EngineExecutionOrchestrator.java:52)
	at org.junit.platform.launcher.core.DefaultLauncher.execute(DefaultLauncher.java:114)
	at org.junit.platform.launcher.core.DefaultLauncher.execute(DefaultLauncher.java:86)
	at org.junit.platform.launcher.core.DefaultLauncherSession$DelegatingLauncher.execute(DefaultLauncherSession.java:86)
	at org.junit.platform.launcher.core.SessionPerRequestLauncher.execute(SessionPerRequestLauncher.java:53)
	at org.apache.maven.surefire.junitplatform.JUnitPlatformProvider.execute(JUnitPlatformProvider.java:188)
	at org.apache.maven.surefire.junitplatform.JUnitPlatformProvider.invokeAllTests(JUnitPlatformProvider.java:154)
	at org.apache.maven.surefire.junitplatform.JUnitPlatformProvider.invoke(JUnitPlatformProvider.java:124)
	at org.apache.maven.surefire.booter.ForkedBooter.runSuitesInProcess(ForkedBooter.java:428)
	at org.apache.maven.surefire.booter.ForkedBooter.execute(ForkedBooter.java:162)
	at org.apache.maven.surefire.booter.ForkedBooter.run(ForkedBooter.java:562)
	at org.apache.maven.surefire.booter.ForkedBooter.main(ForkedBooter.java:548)
]]></error>
    <system-out><![CDATA[2022-08-24 08:26:05,715 [Mini-Cluster-Provider-Create] WARN  server.ServerUtils (ServerUtils.java:getScmDbDir(148)) - ozone.scm.db.dirs is not configured. We recommend adding this setting. Falling back to ozone.metadata.dirs instead.
2022-08-24 08:26:05,775 [Mini-Cluster-Provider-Create] WARN  server.ServerUtils (ServerUtils.java:getScmDbDir(148)) - ozone.scm.db.dirs is not configured. We recommend adding this setting. Falling back to ozone.metadata.dirs instead.
2022-08-24 08:26:05,778 [Mini-Cluster-Provider-Create] INFO  ha.SCMHANodeDetails (SCMHANodeDetails.java:loadSCMHAConfig(209)) - ServiceID for StorageContainerManager is null
2022-08-24 08:26:05,787 [Mini-Cluster-Provider-Create] WARN  ha.SCMHANodeDetails (SCMHANodeDetails.java:validateSCMHAConfig(182)) - Invalid config ozone.scm.ratis.enable. The config was not specified, but the default value true conflicts with the expected config value false. Falling back to the expected value. Current State of SCM: SCM is running in Non-HA without Ratis Ratis SCM -> Non Ratis SCM or Non HA SCM -> HA SCM is not supported
2022-08-24 08:26:05,787 [Mini-Cluster-Provider-Create] INFO  ha.SCMHANodeDetails (SCMHANodeDetails.java:loadSCMHAConfig(214)) - ozone.scm.default.service.id is not defined, falling back to ozone.scm.service.ids to find serviceID for StorageContainerManager if it is HA enabled cluster
2022-08-24 08:26:06,256 [Mini-Cluster-Provider-Create] WARN  utils.HAUtils (HAUtils.java:getMetaDir(342)) - ozone.scm.db.dirs is not configured. We recommend adding this setting. Falling back to ozone.metadata.dirs instead.
2022-08-24 08:26:06,442 [Mini-Cluster-Provider-Create] WARN  db.DBStoreBuilder (DBStoreBuilder.java:applyDBDefinition(143)) - ozone.scm.db.dirs is not configured. We recommend adding this setting. Falling back to ozone.metadata.dirs instead.
2022-08-24 08:26:06,608 [Mini-Cluster-Provider-Create] INFO  net.NodeSchemaLoader (NodeSchemaLoader.java:loadSchemaFromFile(129)) - Loading schema from [jar:file:/home/runner/.m2/repository/org/apache/ozone/hdds-common/1.3.0-SNAPSHOT/hdds-common-1.3.0-SNAPSHOT.jar!/network-topology-default.xml]
2022-08-24 08:26:06,610 [Mini-Cluster-Provider-Create] INFO  net.NodeSchemaLoader (NodeSchemaLoader.java:loadSchema(176)) - Loading network topology layer schema file
2022-08-24 08:26:06,648 [Mini-Cluster-Provider-Create] INFO  metrics.MetricRegistries (MetricRegistriesLoader.java:load(64)) - Loaded MetricRegistries class org.apache.ratis.metrics.impl.MetricRegistriesImpl
2022-08-24 08:26:06,653 [Mini-Cluster-Provider-Create] INFO  upgrade.AbstractLayoutVersionManager (AbstractLayoutVersionManager.java:init(83)) - Initializing Layout version manager with metadata layout = DATANODE_SCHEMA_V3 (version = 4), software layout = DATANODE_SCHEMA_V3 (version = 4)
2022-08-24 08:26:06,818 [Mini-Cluster-Provider-Create] INFO  reflections.Reflections (Reflections.java:scan(232)) - Reflections took 107 ms to scan 7 urls, producing 133 keys and 322 values 
2022-08-24 08:26:06,903 [Mini-Cluster-Provider-Create] INFO  ha.SequenceIdGenerator (SequenceIdGenerator.java:upgradeToSequenceId(349)) - upgrade localId to 109611004723200000
2022-08-24 08:26:06,904 [Mini-Cluster-Provider-Create] INFO  ha.SequenceIdGenerator (SequenceIdGenerator.java:upgradeToSequenceId(359)) - upgrade delTxnId to 0
2022-08-24 08:26:06,907 [Mini-Cluster-Provider-Create] INFO  ha.SequenceIdGenerator (SequenceIdGenerator.java:upgradeToSequenceId(376)) - upgrade containerId to 0
2022-08-24 08:26:06,909 [Mini-Cluster-Provider-Create] INFO  ha.SequenceIdGenerator (SequenceIdGenerator.java:<init>(220)) - Init the HA SequenceIdGenerator.
2022-08-24 08:26:06,946 [Mini-Cluster-Provider-Create] INFO  node.SCMNodeManager (SCMNodeManager.java:<init>(149)) - Entering startup safe mode.
2022-08-24 08:26:07,016 [Mini-Cluster-Provider-Create] INFO  algorithms.ContainerPlacementPolicyFactory (ContainerPlacementPolicyFactory.java:getPolicyInternal(86)) - Create container placement policy of type org.apache.hadoop.hdds.scm.container.placement.algorithms.SCMContainerPlacementRandom
2022-08-24 08:26:07,018 [Mini-Cluster-Provider-Create] INFO  algorithms.ContainerPlacementPolicyFactory (ContainerPlacementPolicyFactory.java:getPolicyInternal(86)) - Create container placement policy of type org.apache.hadoop.hdds.scm.container.placement.algorithms.SCMContainerPlacementRackScatter
2022-08-24 08:26:07,027 [Mini-Cluster-Provider-Create] INFO  pipeline.PipelineStateManagerImpl (PipelineStateManagerImpl.java:initialize(78)) - No pipeline exists in current db
2022-08-24 08:26:07,059 [Mini-Cluster-Provider-Create] INFO  algorithms.LeaderChoosePolicyFactory (LeaderChoosePolicyFactory.java:getPolicy(57)) - Create leader choose policy of type org.apache.hadoop.hdds.scm.pipeline.leader.choose.algorithms.MinLeaderCountChoosePolicy
2022-08-24 08:26:07,060 [Mini-Cluster-Provider-Create] INFO  algorithms.ContainerPlacementPolicyFactory (ContainerPlacementPolicyFactory.java:getPolicyInternal(86)) - Create container placement policy of type org.apache.hadoop.hdds.scm.container.placement.algorithms.SCMContainerPlacementRackScatter
2022-08-24 08:26:07,065 [Mini-Cluster-Provider-Create] INFO  ha.SCMServiceManager (SCMServiceManager.java:register(42)) - Registering service BackgroundPipelineCreator.
2022-08-24 08:26:07,065 [Mini-Cluster-Provider-Create] INFO  pipeline.BackgroundPipelineCreator (BackgroundPipelineCreator.java:start(124)) - Starting RatisPipelineUtilsThread.
2022-08-24 08:26:07,068 [Mini-Cluster-Provider-Create] INFO  BackgroundPipelineScrubber (BackgroundSCMService.java:start(68)) - Starting BackgroundPipelineScrubber Service.
2022-08-24 08:26:07,070 [Mini-Cluster-Provider-Create] INFO  ha.SCMServiceManager (SCMServiceManager.java:register(42)) - Registering service BackgroundPipelineScrubber.
2022-08-24 08:26:07,076 [Mini-Cluster-Provider-Create] INFO  ExpiredContainerReplicaOpScrubber (BackgroundSCMService.java:start(68)) - Starting ExpiredContainerReplicaOpScrubber Service.
2022-08-24 08:26:07,078 [Mini-Cluster-Provider-Create] INFO  ha.SCMServiceManager (SCMServiceManager.java:register(42)) - Registering service ExpiredContainerReplicaOpScrubber.
2022-08-24 08:26:07,102 [Mini-Cluster-Provider-Create] INFO  algorithms.PipelineChoosePolicyFactory (PipelineChoosePolicyFactory.java:createPipelineChoosePolicyFromClass(73)) - Create pipeline choose policy of type org.apache.hadoop.hdds.scm.pipeline.choose.algorithms.RandomPipelineChoosePolicy
2022-08-24 08:26:07,118 [Mini-Cluster-Provider-Create] INFO  ha.SCMServiceManager (SCMServiceManager.java:register(42)) - Registering service SCMBlockDeletingService.
2022-08-24 08:26:07,152 [Mini-Cluster-Provider-Create] INFO  replication.ReplicationManager (ReplicationManager.java:start(206)) - Starting Replication Monitor Thread.
2022-08-24 08:26:07,158 [Mini-Cluster-Provider-Create] INFO  UnderReplicatedQueueThread (BackgroundSCMService.java:start(68)) - Starting UnderReplicatedQueueThread Service.
2022-08-24 08:26:07,158 [ReplicationMonitor] INFO  replication.ReplicationManager (ReplicationManager.java:processAll(255)) - Replication Manager is not ready to run until 3000ms after safemode exit
2022-08-24 08:26:07,158 [Mini-Cluster-Provider-Create] INFO  ha.SCMServiceManager (SCMServiceManager.java:register(42)) - Registering service UnderReplicatedQueueThread.
2022-08-24 08:26:07,159 [Mini-Cluster-Provider-Create] INFO  OverReplicatedQueueThread (BackgroundSCMService.java:start(68)) - Starting OverReplicatedQueueThread Service.
2022-08-24 08:26:07,160 [Mini-Cluster-Provider-Create] INFO  ha.SCMServiceManager (SCMServiceManager.java:register(42)) - Registering service OverReplicatedQueueThread.
2022-08-24 08:26:07,160 [Mini-Cluster-Provider-Create] INFO  ha.SCMServiceManager (SCMServiceManager.java:register(42)) - Registering service ReplicationManager.
2022-08-24 08:26:07,170 [Mini-Cluster-Provider-Create] INFO  safemode.ContainerSafeModeRule (ContainerSafeModeRule.java:<init>(89)) - containers with one replica threshold count 0
2022-08-24 08:26:07,173 [Mini-Cluster-Provider-Create] INFO  safemode.HealthyPipelineSafeModeRule (HealthyPipelineSafeModeRule.java:initializeRule(169)) - Total pipeline count is 0, healthy pipeline threshold count is 1
2022-08-24 08:26:07,175 [Mini-Cluster-Provider-Create] INFO  safemode.OneReplicaPipelineSafeModeRule (OneReplicaPipelineSafeModeRule.java:initializeRule(180)) - Total pipeline count is 0, pipeline's with at least one datanode reported threshold count is 0
2022-08-24 08:26:07,446 [Mini-Cluster-Provider-Create] INFO  audit.AuditLogger (AuditLogger.java:refreshDebugCmdSet(126)) - Refresh DebugCmdSet for SCMAudit to [].
2022-08-24 08:26:07,474 [Mini-Cluster-Provider-Create] INFO  ipc.CallQueueManager (CallQueueManager.java:<init>(90)) - Using callQueue: class java.util.concurrent.LinkedBlockingQueue, queueCapacity: 2000, scheduler: class org.apache.hadoop.ipc.DefaultRpcScheduler, ipcBackoff: false.
2022-08-24 08:26:07,507 [Socket Reader #1 for port 0] INFO  ipc.Server (Server.java:run(1265)) - Starting Socket Reader #1 for port 0
2022-08-24 08:26:07,561 [Listener at 0.0.0.0/38529] INFO  audit.AuditLogger (AuditLogger.java:refreshDebugCmdSet(126)) - Refresh DebugCmdSet for SCMAudit to [].
2022-08-24 08:26:07,567 [Listener at 0.0.0.0/38529] INFO  ipc.CallQueueManager (CallQueueManager.java:<init>(90)) - Using callQueue: class java.util.concurrent.LinkedBlockingQueue, queueCapacity: 2000, scheduler: class org.apache.hadoop.ipc.DefaultRpcScheduler, ipcBackoff: false.
2022-08-24 08:26:07,568 [Socket Reader #1 for port 0] INFO  ipc.Server (Server.java:run(1265)) - Starting Socket Reader #1 for port 0
2022-08-24 08:26:07,593 [Listener at 0.0.0.0/37617] INFO  audit.AuditLogger (AuditLogger.java:refreshDebugCmdSet(126)) - Refresh DebugCmdSet for SCMAudit to [].
2022-08-24 08:26:07,604 [Listener at 0.0.0.0/37617] INFO  ipc.CallQueueManager (CallQueueManager.java:<init>(90)) - Using callQueue: class java.util.concurrent.LinkedBlockingQueue, queueCapacity: 2000, scheduler: class org.apache.hadoop.ipc.DefaultRpcScheduler, ipcBackoff: false.
2022-08-24 08:26:07,604 [Socket Reader #1 for port 0] INFO  ipc.Server (Server.java:run(1265)) - Starting Socket Reader #1 for port 0
2022-08-24 08:26:07,672 [Listener at 0.0.0.0/40015] INFO  ha.SCMServiceManager (SCMServiceManager.java:register(42)) - Registering service ContainerBalancer.
2022-08-24 08:26:07,673 [Listener at 0.0.0.0/40015] INFO  server.StorageContainerManager (StorageContainerManager.java:<init>(406)) - 
Container Balancer status:
Key                            Value
Running                        false
Container Balancer Configuration values:
Key                                                Value
Threshold                                          10
Max Datanodes to Involve per Iteration(percent)    20
Max Size to Move per Iteration                     500GB
Max Size Entering Target per Iteration             26GB
Max Size Leaving Source per Iteration              26GB

2022-08-24 08:26:07,673 [Listener at 0.0.0.0/40015] WARN  events.EventQueue (EventQueue.java:fireEvent(216)) - No event handler registered for event TypedEvent{payloadType=SafeModeStatus, name='Safe mode status'}
2022-08-24 08:26:07,674 [Listener at 0.0.0.0/40015] INFO  ha.SCMContext (SCMContext.java:updateSafeModeStatus(228)) - Update SafeModeStatus from SafeModeStatus{safeModeStatus=true, preCheckPassed=false} to SafeModeStatus{safeModeStatus=true, preCheckPassed=false}.
2022-08-24 08:26:07,677 [Listener at 0.0.0.0/40015] INFO  server.StorageContainerManager (StorageContainerManager.java:start(1460)) - StorageContainerLocationProtocol RPC server is listening at /0.0.0.0:40015
2022-08-24 08:26:07,813 [Listener at 0.0.0.0/40015] WARN  impl.MetricsConfig (MetricsConfig.java:loadFirst(136)) - Cannot locate configuration: tried hadoop-metrics2-storagecontainermanager.properties,hadoop-metrics2.properties
2022-08-24 08:26:07,825 [Listener at 0.0.0.0/40015] INFO  impl.MetricsSystemImpl (MetricsSystemImpl.java:startTimer(378)) - Scheduled Metric snapshot period at 10 second(s).
2022-08-24 08:26:07,825 [Listener at 0.0.0.0/40015] INFO  impl.MetricsSystemImpl (MetricsSystemImpl.java:start(191)) - StorageContainerManager metrics system started
2022-08-24 08:26:08,033 [Listener at 0.0.0.0/40015] INFO  server.SCMClientProtocolServer (SCMClientProtocolServer.java:start(170)) - RPC server for Client  is listening at /0.0.0.0:40015
2022-08-24 08:26:08,034 [IPC Server Responder] INFO  ipc.Server (Server.java:run(1507)) - IPC Server Responder: starting
2022-08-24 08:26:08,042 [IPC Server listener on 0] INFO  ipc.Server (Server.java:run(1344)) - IPC Server listener on 0: starting
2022-08-24 08:26:08,045 [Listener at 0.0.0.0/40015] INFO  server.StorageContainerManager (StorageContainerManager.java:start(1475)) - ScmBlockLocationProtocol RPC server is listening at /0.0.0.0:37617
2022-08-24 08:26:08,046 [Listener at 0.0.0.0/40015] INFO  server.SCMBlockProtocolServer (SCMBlockProtocolServer.java:start(152)) - RPC server for Block Protocol is listening at /0.0.0.0:37617
2022-08-24 08:26:08,046 [IPC Server Responder] INFO  ipc.Server (Server.java:run(1507)) - IPC Server Responder: starting
2022-08-24 08:26:08,046 [IPC Server listener on 0] INFO  ipc.Server (Server.java:run(1344)) - IPC Server listener on 0: starting
2022-08-24 08:26:08,048 [Listener at 0.0.0.0/40015] INFO  server.SCMDatanodeProtocolServer (SCMDatanodeProtocolServer.java:start(186)) - ScmDatanodeProtocol RPC server for DataNodes is listening at /0.0.0.0:38529
2022-08-24 08:26:08,049 [IPC Server Responder] INFO  ipc.Server (Server.java:run(1507)) - IPC Server Responder: starting
2022-08-24 08:26:08,049 [IPC Server listener on 0] INFO  ipc.Server (Server.java:run(1344)) - IPC Server listener on 0: starting
2022-08-24 08:26:08,071 [org.apache.hadoop.util.JvmPauseMonitor$Monitor@362faa4c] INFO  util.JvmPauseMonitor (JvmPauseMonitor.java:run(188)) - Starting JVM pause monitor
2022-08-24 08:26:08,080 [Listener at 0.0.0.0/40015] INFO  http.BaseHttpServer (BaseHttpServer.java:newHttpServer2BuilderForOzone(209)) - Starting Web-server for scm at: http://0.0.0.0:0
2022-08-24 08:26:08,080 [Listener at 0.0.0.0/40015] INFO  http.BaseHttpServer (BaseHttpServer.java:<init>(107)) - Hadoop Security Enabled: false Ozone Security Enabled: false Ozone HTTP Security Enabled: false 
2022-08-24 08:26:08,105 [Listener at 0.0.0.0/40015] INFO  util.log (Log.java:initialized(170)) - Logging initialized @3831ms to org.eclipse.jetty.util.log.Slf4jLog
2022-08-24 08:26:08,159 [ReplicationMonitor] INFO  replication.ReplicationManager (ReplicationManager.java:processAll(255)) - Replication Manager is not ready to run until 3000ms after safemode exit
2022-08-24 08:26:08,199 [Listener at 0.0.0.0/40015] INFO  server.AuthenticationFilter (AuthenticationFilter.java:constructSecretProvider(240)) - Unable to initialize FileSignerSecretProvider, falling back to use random secrets.
2022-08-24 08:26:08,203 [Listener at 0.0.0.0/40015] WARN  http.HttpRequestLog (HttpRequestLog.java:getRequestLog(103)) - Jetty request log can only be enabled using Log4j
2022-08-24 08:26:08,208 [Listener at 0.0.0.0/40015] INFO  http.HttpServer2 (HttpServer2.java:addGlobalFilter(1029)) - Added global filter 'safety' (class=org.apache.hadoop.hdds.server.http.HttpServer2$QuotingInputFilter)
2022-08-24 08:26:08,210 [Listener at 0.0.0.0/40015] INFO  http.HttpServer2 (HttpServer2.java:addFilter(1005)) - Added filter static_user_filter (class=org.apache.hadoop.http.lib.StaticUserWebFilter$StaticUserFilter) to context scm
2022-08-24 08:26:08,210 [Listener at 0.0.0.0/40015] INFO  http.HttpServer2 (HttpServer2.java:addFilter(1013)) - Added filter static_user_filter (class=org.apache.hadoop.http.lib.StaticUserWebFilter$StaticUserFilter) to context logs
2022-08-24 08:26:08,210 [Listener at 0.0.0.0/40015] INFO  http.HttpServer2 (HttpServer2.java:addFilter(1013)) - Added filter static_user_filter (class=org.apache.hadoop.http.lib.StaticUserWebFilter$StaticUserFilter) to context static
2022-08-24 08:26:08,251 [Listener at 0.0.0.0/40015] INFO  http.HttpServer2 (HttpServer2.java:bindListener(1248)) - Jetty bound to port 33077
2022-08-24 08:26:08,252 [Listener at 0.0.0.0/40015] INFO  server.Server (Server.java:doStart(375)) - jetty-9.4.43.v20210629; built: 2021-06-30T11:07:22.254Z; git: 526006ecfa3af7f1a27ef3a288e2bef7ea9dd7e8; jvm 1.8.0_345-b01
2022-08-24 08:26:08,284 [Listener at 0.0.0.0/40015] INFO  server.session (DefaultSessionIdManager.java:doStart(334)) - DefaultSessionIdManager workerName=node0
2022-08-24 08:26:08,284 [Listener at 0.0.0.0/40015] INFO  server.session (DefaultSessionIdManager.java:doStart(339)) - No SessionScavenger set, using defaults
2022-08-24 08:26:08,286 [Listener at 0.0.0.0/40015] INFO  server.session (HouseKeeper.java:startScavenging(132)) - node0 Scavenging every 600000ms
2022-08-24 08:26:08,296 [Listener at 0.0.0.0/40015] INFO  handler.ContextHandler (ContextHandler.java:doStart(915)) - Started o.e.j.s.ServletContextHandler@10be58c8{logs,/logs,file:///home/runner/work/ozone/ozone/hadoop-ozone/integration-test/target/log,AVAILABLE}
2022-08-24 08:26:08,296 [Listener at 0.0.0.0/40015] INFO  handler.ContextHandler (ContextHandler.java:doStart(915)) - Started o.e.j.s.ServletContextHandler@57075541{static,/static,file:///home/runner/work/ozone/ozone/hadoop-ozone/integration-test/target/test-classes/webapps/static,AVAILABLE}
2022-08-24 08:26:08,333 [Listener at 0.0.0.0/40015] INFO  handler.ContextHandler (ContextHandler.java:doStart(915)) - Started o.e.j.w.WebAppContext@27b59c31{scm,/,file:///home/runner/work/ozone/ozone/hadoop-ozone/integration-test/target/test-classes/webapps/scm/,AVAILABLE}{file:/home/runner/work/ozone/ozone/hadoop-ozone/integration-test/target/test-classes/webapps/scm}
2022-08-24 08:26:08,342 [Listener at 0.0.0.0/40015] INFO  server.AbstractConnector (AbstractConnector.java:doStart(331)) - Started ServerConnector@7f46d6dd{HTTP/1.1, (http/1.1)}{0.0.0.0:33077}
2022-08-24 08:26:08,342 [Listener at 0.0.0.0/40015] INFO  server.Server (Server.java:doStart(415)) - Started @4069ms
2022-08-24 08:26:08,344 [Listener at 0.0.0.0/40015] INFO  impl.MetricsSinkAdapter (MetricsSinkAdapter.java:start(204)) - Sink prometheus started
2022-08-24 08:26:08,344 [Listener at 0.0.0.0/40015] INFO  impl.MetricsSystemImpl (MetricsSystemImpl.java:registerSink(305)) - Registered sink prometheus
2022-08-24 08:26:08,345 [Listener at 0.0.0.0/40015] INFO  http.BaseHttpServer (BaseHttpServer.java:updateConnectorAddress(329)) - HTTP server of scm listening at http://0.0.0.0:33077
2022-08-24 08:26:08,347 [Listener at 0.0.0.0/40015] WARN  server.ServerUtils (ServerUtils.java:getDBPath(225)) - ozone.om.db.dirs is not configured. We recommend adding this setting. Falling back to ozone.metadata.dirs instead.
2022-08-24 08:26:08,400 [Listener at 0.0.0.0/40015] INFO  audit.AuditLogger (AuditLogger.java:refreshDebugCmdSet(126)) - Refresh DebugCmdSet for OMAudit to [].
2022-08-24 08:26:08,469 [Listener at 0.0.0.0/40015] INFO  ha.OMHANodeDetails (OMHANodeDetails.java:loadOMHAConfig(115)) - ozone.om.internal.service.id is not defined, falling back to ozone.om.service.ids to find serviceID for OzoneManager if it is HA enabled cluster
2022-08-24 08:26:08,472 [Listener at 0.0.0.0/40015] INFO  ha.OMHANodeDetails (OMHANodeDetails.java:loadOMHAConfig(226)) - Configuration does not have ozone.om.address set. Falling back to the default OM address /127.0.0.1:0
2022-08-24 08:26:08,472 [Listener at 0.0.0.0/40015] INFO  ha.OMHANodeDetails (OMHANodeDetails.java:getOMNodeDetailsForNonHA(254)) - OM Service ID is not set. Setting it to the default ID: omServiceIdDefault
2022-08-24 08:26:08,472 [Listener at 0.0.0.0/40015] INFO  ha.OMHANodeDetails (OMHANodeDetails.java:getOMNodeDetailsForNonHA(261)) - OM Node ID is not set. Setting it to the default ID: om1
2022-08-24 08:26:08,475 [Listener at 0.0.0.0/40015] WARN  server.ServerUtils (ServerUtils.java:getDBPath(225)) - ozone.om.db.dirs is not configured. We recommend adding this setting. Falling back to ozone.metadata.dirs instead.
2022-08-24 08:26:08,477 [Listener at 0.0.0.0/40015] INFO  upgrade.AbstractLayoutVersionManager (AbstractLayoutVersionManager.java:init(83)) - Initializing Layout version manager with metadata layout = MULTITENANCY_SCHEMA (version = 3), software layout = MULTITENANCY_SCHEMA (version = 3)
2022-08-24 08:26:08,569 [Listener at 0.0.0.0/40015] INFO  reflections.Reflections (Reflections.java:scan(232)) - Reflections took 88 ms to scan 2 urls, producing 153 keys and 427 values [using 2 cores]
2022-08-24 08:26:08,573 [Listener at 0.0.0.0/40015] INFO  upgrade.OMLayoutVersionManager (OMLayoutVersionManager.java:lambda$0(115)) - Skipping Upgrade Action MockOmUpgradeAction since it has been finalized.
2022-08-24 08:26:08,573 [Listener at 0.0.0.0/40015] WARN  server.ServerUtils (ServerUtils.java:getDBPath(225)) - ozone.om.db.dirs is not configured. We recommend adding this setting. Falling back to ozone.metadata.dirs instead.
2022-08-24 08:26:08,726 [Listener at 0.0.0.0/40015] INFO  proxy.SCMBlockLocationFailoverProxyProvider (SCMBlockLocationFailoverProxyProvider.java:<init>(114)) - Created block location fail-over proxy with 1 nodes: [nodeId=scmNodeId,nodeAddress=/0.0.0.0:37617]
2022-08-24 08:26:08,750 [Listener at 0.0.0.0/40015] INFO  proxy.SCMBlockLocationFailoverProxyProvider (SCMBlockLocationFailoverProxyProvider.java:<init>(114)) - Created block location fail-over proxy with 1 nodes: [nodeId=scmNodeId,nodeAddress=/0.0.0.0:37617]
2022-08-24 08:26:08,948 [Listener at 0.0.0.0/40015] WARN  server.ServerUtils (ServerUtils.java:getDBPath(225)) - ozone.om.db.dirs is not configured. We recommend adding this setting. Falling back to ozone.metadata.dirs instead.
2022-08-24 08:26:08,953 [Listener at 0.0.0.0/40015] INFO  codec.OmKeyInfoCodec (OmKeyInfoCodec.java:<init>(49)) - OmKeyInfoCodec ignorePipeline = true
2022-08-24 08:26:08,954 [Listener at 0.0.0.0/40015] INFO  codec.RepeatedOmKeyInfoCodec (RepeatedOmKeyInfoCodec.java:<init>(41)) - RepeatedOmKeyInfoCodec ignorePipeline = true
2022-08-24 08:26:09,113 [Listener at 0.0.0.0/40015] INFO  om.OzoneManager (OzoneManager.java:instantiateServices(697)) - S3 Multi-Tenancy is disabled
2022-08-24 08:26:09,162 [ReplicationMonitor] INFO  replication.ReplicationManager (ReplicationManager.java:processAll(255)) - Replication Manager is not ready to run until 3000ms after safemode exit
2022-08-24 08:26:09,188 [Listener at 0.0.0.0/40015] INFO  om.OzoneManager (OzoneManager.java:addS3GVolumeToDB(4309)) - Created Volume s3v With Owner runner required for S3Gateway operations.
2022-08-24 08:26:09,247 [Listener at 0.0.0.0/40015] WARN  server.ServerUtils (ServerUtils.java:getDefaultRatisDirectory(237)) - Storage directory for Ratis is not configured. It is a good idea to map this to an SSD disk. Falling back to ozone.metadata.dirs
2022-08-24 08:26:09,250 [Listener at 0.0.0.0/40015] WARN  utils.OzoneManagerRatisUtils (OzoneManagerRatisUtils.java:getOMRatisSnapshotDirectory(434)) - ozone.om.ratis.snapshot.dir is not configured. Falling back to ozone.metadata.dirs config
2022-08-24 08:26:09,267 [Listener at 0.0.0.0/40015] WARN  server.ServerUtils (ServerUtils.java:getDefaultRatisDirectory(237)) - Storage directory for Ratis is not configured. It is a good idea to map this to an SSD disk. Falling back to ozone.metadata.dirs
2022-08-24 08:26:09,302 [Listener at 0.0.0.0/40015] INFO  ratis.OzoneManagerRatisServer (OzoneManagerRatisServer.java:<init>(159)) - Instantiating OM Ratis server with groupID: omServiceIdDefault and peers: localhost:40761
2022-08-24 08:26:09,310 [Listener at 0.0.0.0/40015] INFO  ratis.OzoneManagerStateMachine (OzoneManagerStateMachine.java:loadSnapshotInfoFromDB(632)) - LastAppliedIndex is set from TransactionInfo from OM DB as (t:0, i:~)
2022-08-24 08:26:09,362 [Listener at 0.0.0.0/40015] INFO  server.RaftServer (ConfUtils.java:logGet(46)) - raft.rpc.type = GRPC (default)
2022-08-24 08:26:09,437 [Listener at 0.0.0.0/40015] INFO  grpc.GrpcFactory (GrpcFactory.java:checkPooledByteBufAllocatorUseCacheForAllThreads(48)) - PERFORMANCE WARNING: useCacheForAllThreads is true that may cause Netty to create a lot garbage objects and, as a result, trigger GC.
	It is recommended to disable useCacheForAllThreads by setting -Dorg.apache.ratis.thirdparty.io.netty.allocator.useCacheForAllThreads=false in command line.
2022-08-24 08:26:09,443 [Listener at 0.0.0.0/40015] INFO  grpc.GrpcConfigKeys (ConfUtils.java:logGet(46)) - raft.grpc.admin.port = -1 (default)
2022-08-24 08:26:09,443 [Listener at 0.0.0.0/40015] INFO  grpc.GrpcConfigKeys (ConfUtils.java:logGet(46)) - raft.grpc.server.port = 40761 (custom)
2022-08-24 08:26:09,444 [Listener at 0.0.0.0/40015] INFO  grpc.GrpcConfigKeys (ConfUtils.java:logGet(46)) - raft.grpc.client.port = -1 (default)
2022-08-24 08:26:09,444 [Listener at 0.0.0.0/40015] INFO  grpc.GrpcConfigKeys (ConfUtils.java:logGet(46)) - raft.grpc.server.port = 40761 (custom)
2022-08-24 08:26:09,446 [Listener at 0.0.0.0/40015] INFO  grpc.GrpcConfigKeys (ConfUtils.java:logGet(46)) - raft.grpc.server.port = 40761 (custom)
2022-08-24 08:26:09,447 [Listener at 0.0.0.0/40015] INFO  server.GrpcService (ConfUtils.java:logGet(46)) - raft.grpc.message.size.max = 33554432 (custom)
2022-08-24 08:26:09,448 [Listener at 0.0.0.0/40015] INFO  server.RaftServerConfigKeys (ConfUtils.java:logGet(46)) - raft.server.log.appender.buffer.byte-limit = 33554432 (custom)
2022-08-24 08:26:09,449 [Listener at 0.0.0.0/40015] INFO  server.GrpcService (ConfUtils.java:logGet(46)) - raft.grpc.flow.control.window = 1MB (=1048576) (default)
2022-08-24 08:26:09,450 [Listener at 0.0.0.0/40015] INFO  server.RaftServerConfigKeys (ConfUtils.java:logGet(46)) - raft.server.rpc.request.timeout = 3000ms (default)
2022-08-24 08:26:09,465 [Listener at 0.0.0.0/40015] INFO  grpc.GrpcConfigKeys (ConfUtils.java:logGet(46)) - raft.grpc.server.async.request.thread.pool.cached = true (default)
2022-08-24 08:26:09,466 [Listener at 0.0.0.0/40015] INFO  grpc.GrpcConfigKeys (ConfUtils.java:logGet(46)) - raft.grpc.server.async.request.thread.pool.size = 32 (default)
2022-08-24 08:26:09,723 [Listener at 0.0.0.0/40015] INFO  impl.DataStreamServerImpl (ConfUtils.java:logGet(46)) - raft.datastream.type = DISABLED (default)
2022-08-24 08:26:09,726 [Listener at 0.0.0.0/40015] INFO  server.RaftServerConfigKeys (ConfUtils.java:logGet(46)) - raft.server.threadpool.proxy.cached = true (default)
2022-08-24 08:26:09,727 [Listener at 0.0.0.0/40015] INFO  server.RaftServerConfigKeys (ConfUtils.java:logGet(46)) - raft.server.threadpool.proxy.size = 0 (default)
2022-08-24 08:26:09,727 [Listener at 0.0.0.0/40015] INFO  server.RaftServerConfigKeys (ConfUtils.java:logGet(46)) - raft.server.rpc.slowness.timeout = 120s (custom)
2022-08-24 08:26:09,727 [Listener at 0.0.0.0/40015] INFO  server.RaftServerConfigKeys (ConfUtils.java:logGet(46)) - raft.server.leaderelection.leader.step-down.wait-time = 10s (default)
2022-08-24 08:26:09,730 [Listener at 0.0.0.0/40015] INFO  server.RaftServerConfigKeys (ConfUtils.java:logGet(46)) - raft.server.storage.dir = [/home/runner/work/ozone/ozone/hadoop-ozone/integration-test/target/test-dir/MiniOzoneClusterImpl-1336b647-fddb-4972-9c96-ba48238d1115/ozone-meta/ratis] (custom)
2022-08-24 08:26:09,740 [Listener at 0.0.0.0/40015] INFO  server.RaftServer (RaftServerProxy.java:addNew(96)) - om1: addNew group-C5BA1605619E:[om1|rpc:localhost:40761|priority:0] returns group-C5BA1605619E:java.util.concurrent.CompletableFuture@3b617a04[Not completed]
2022-08-24 08:26:09,740 [Listener at 0.0.0.0/40015] INFO  om.OzoneManager (OzoneManager.java:initializeRatisServer(1963)) - OzoneManager Ratis server initialized at port 40761
2022-08-24 08:26:09,757 [Listener at 0.0.0.0/40015] INFO  om.OzoneManager (OzoneManager.java:getRpcServer(1086)) - Creating RPC Server
2022-08-24 08:26:09,783 [pool-55-thread-1] INFO  server.RaftServer$Division (RaftServerImpl.java:<init>(190)) - om1: new RaftServerImpl for group-C5BA1605619E:[om1|rpc:localhost:40761|priority:0] with OzoneManagerStateMachine:uninitialized
2022-08-24 08:26:09,790 [pool-55-thread-1] INFO  server.RaftServerConfigKeys (ConfUtils.java:logGet(46)) - raft.server.rpc.timeout.min = 1s (custom)
2022-08-24 08:26:09,807 [pool-55-thread-1] INFO  server.RaftServerConfigKeys (ConfUtils.java:logGet(46)) - raft.server.rpc.timeout.max = 1200ms (custom)
2022-08-24 08:26:09,807 [pool-55-thread-1] INFO  server.RaftServerConfigKeys (ConfUtils.java:logGet(46)) - raft.server.rpc.sleep.time = 25ms (default)
2022-08-24 08:26:09,807 [pool-55-thread-1] INFO  server.RaftServerConfigKeys (ConfUtils.java:logGet(46)) - raft.server.rpc.slowness.timeout = 120s (custom)
2022-08-24 08:26:09,807 [pool-55-thread-1] INFO  server.RaftServerConfigKeys (ConfUtils.java:logGet(46)) - raft.server.leaderelection.leader.step-down.wait-time = 10s (default)
2022-08-24 08:26:09,807 [pool-55-thread-1] INFO  server.RaftServerConfigKeys (ConfUtils.java:logGet(46)) - raft.server.sleep.deviation.threshold = 300ms (default)
2022-08-24 08:26:09,814 [pool-55-thread-1] INFO  server.RaftServer$Division (ServerState.java:<init>(107)) - om1@group-C5BA1605619E: ConfigurationManager, init=-1: [om1|rpc:localhost:40761|priority:0], old=null, confs=<EMPTY_MAP>
2022-08-24 08:26:09,814 [pool-55-thread-1] INFO  server.RaftServerConfigKeys (ConfUtils.java:logGet(46)) - raft.server.storage.dir = [/home/runner/work/ozone/ozone/hadoop-ozone/integration-test/target/test-dir/MiniOzoneClusterImpl-1336b647-fddb-4972-9c96-ba48238d1115/ozone-meta/ratis] (custom)
2022-08-24 08:26:09,819 [pool-55-thread-1] INFO  server.RaftServerConfigKeys (ConfUtils.java:logGet(46)) - raft.server.log.corruption.policy = EXCEPTION (default)
2022-08-24 08:26:09,819 [pool-55-thread-1] INFO  server.RaftServerConfigKeys (ConfUtils.java:logGet(46)) - raft.server.storage.free-space.min = 0MB (=0) (default)
2022-08-24 08:26:09,820 [pool-55-thread-1] INFO  storage.RaftStorageDirectory (RaftStorageDirectoryImpl.java:analyzeStorage(135)) - The storage directory /home/runner/work/ozone/ozone/hadoop-ozone/integration-test/target/test-dir/MiniOzoneClusterImpl-1336b647-fddb-4972-9c96-ba48238d1115/ozone-meta/ratis/bf265839-605b-3f16-9796-c5ba1605619e does not exist. Creating ...
2022-08-24 08:26:09,835 [pool-55-thread-1] INFO  storage.RaftStorageDirectory (RaftStorageDirectoryImpl.java:tryLock(230)) - Lock on /home/runner/work/ozone/ozone/hadoop-ozone/integration-test/target/test-dir/MiniOzoneClusterImpl-1336b647-fddb-4972-9c96-ba48238d1115/ozone-meta/ratis/bf265839-605b-3f16-9796-c5ba1605619e/in_use.lock acquired by nodename 20331@fv-az96-669
2022-08-24 08:26:09,846 [pool-55-thread-1] INFO  storage.RaftStorage (RaftStorageImpl.java:format(89)) - Storage directory /home/runner/work/ozone/ozone/hadoop-ozone/integration-test/target/test-dir/MiniOzoneClusterImpl-1336b647-fddb-4972-9c96-ba48238d1115/ozone-meta/ratis/bf265839-605b-3f16-9796-c5ba1605619e has been successfully formatted.
2022-08-24 08:26:09,849 [pool-55-thread-1] INFO  server.RaftServerConfigKeys (ConfUtils.java:logGet(46)) - raft.server.notification.no-leader.timeout = 120s (custom)
2022-08-24 08:26:09,850 [pool-55-thread-1] INFO  server.RaftServerConfigKeys (ConfUtils.java:logGet(46)) - raft.server.log.use.memory = false (default)
2022-08-24 08:26:09,862 [pool-55-thread-1] INFO  server.RaftServerConfigKeys (ConfUtils.java:logGet(46)) - raft.server.log.purge.gap = 1000000 (custom)
2022-08-24 08:26:09,862 [pool-55-thread-1] INFO  server.RaftServerConfigKeys (ConfUtils.java:logGet(46)) - raft.server.log.appender.buffer.byte-limit = 33554432 (custom)
2022-08-24 08:26:09,867 [pool-55-thread-1] INFO  server.RaftServerConfigKeys (ConfUtils.java:logGet(46)) - raft.server.log.statemachine.data.read.timeout = 1000ms (default)
2022-08-24 08:26:09,886 [pool-55-thread-1] INFO  server.RaftServerConfigKeys (ConfUtils.java:logGet(46)) - raft.server.log.segment.size.max = 4194304 (custom)
2022-08-24 08:26:09,907 [pool-55-thread-1] INFO  server.RaftServerConfigKeys (ConfUtils.java:logGet(46)) - raft.server.log.segment.cache.num.max = 2 (custom)
2022-08-24 08:26:09,908 [pool-55-thread-1] INFO  server.RaftServerConfigKeys (ConfUtils.java:logGet(46)) - raft.server.log.segment.cache.size.max = 200MB (=209715200) (default)
2022-08-24 08:26:09,927 [pool-55-thread-1] INFO  segmented.SegmentedRaftLogWorker (SegmentedRaftLogWorker.java:<init>(187)) - new om1@group-C5BA1605619E-SegmentedRaftLogWorker for RaftStorageImpl:Storage Directory /home/runner/work/ozone/ozone/hadoop-ozone/integration-test/target/test-dir/MiniOzoneClusterImpl-1336b647-fddb-4972-9c96-ba48238d1115/ozone-meta/ratis/bf265839-605b-3f16-9796-c5ba1605619e
2022-08-24 08:26:09,928 [pool-55-thread-1] INFO  server.RaftServerConfigKeys (ConfUtils.java:logGet(46)) - raft.server.log.queue.byte-limit = 64MB (=67108864) (default)
2022-08-24 08:26:09,928 [pool-55-thread-1] INFO  server.RaftServerConfigKeys (ConfUtils.java:logGet(46)) - raft.server.log.queue.element-limit = 4096 (default)
2022-08-24 08:26:09,942 [pool-55-thread-1] INFO  server.RaftServerConfigKeys (ConfUtils.java:logGet(46)) - raft.server.log.segment.size.max = 4194304 (custom)
2022-08-24 08:26:09,943 [pool-55-thread-1] INFO  server.RaftServerConfigKeys (ConfUtils.java:logGet(46)) - raft.server.log.preallocated.size = 4194304 (custom)
2022-08-24 08:26:09,943 [pool-55-thread-1] INFO  server.RaftServerConfigKeys (ConfUtils.java:logGet(46)) - raft.server.log.force.sync.num = 128 (default)
2022-08-24 08:26:09,945 [pool-55-thread-1] INFO  server.RaftServerConfigKeys (ConfUtils.java:logGet(46)) - raft.server.log.statemachine.data.sync = true (default)
2022-08-24 08:26:09,945 [pool-55-thread-1] INFO  server.RaftServerConfigKeys (ConfUtils.java:logGet(46)) - raft.server.log.statemachine.data.sync.timeout = 10s (default)
2022-08-24 08:26:09,945 [pool-55-thread-1] INFO  server.RaftServerConfigKeys (ConfUtils.java:logGet(46)) - raft.server.log.statemachine.data.sync.timeout.retry = -1 (default)
2022-08-24 08:26:09,963 [pool-55-thread-1] INFO  server.RaftServerConfigKeys (ConfUtils.java:logGet(46)) - raft.server.log.write.buffer.size = 64KB (=65536) (default)
2022-08-24 08:26:09,963 [pool-55-thread-1] INFO  server.RaftServerConfigKeys (ConfUtils.java:logGet(46)) - raft.server.log.unsafe-flush.enabled = false (default)
2022-08-24 08:26:09,963 [pool-55-thread-1] INFO  server.RaftServerConfigKeys (ConfUtils.java:logGet(46)) - raft.server.log.statemachine.data.caching.enabled = false (default)
2022-08-24 08:26:09,999 [pool-55-thread-1] INFO  segmented.SegmentedRaftLogWorker (SegmentedRaftLogWorker.java:lambda$new$0(135)) - om1@group-C5BA1605619E-SegmentedRaftLogWorker: flushIndex: setUnconditionally 0 -> -1
2022-08-24 08:26:09,999 [pool-55-thread-1] INFO  segmented.SegmentedRaftLogWorker (SegmentedRaftLogWorker.java:lambda$new$0(135)) - om1@group-C5BA1605619E-SegmentedRaftLogWorker: safeCacheEvictIndex: setUnconditionally 0 -> -1
2022-08-24 08:26:10,013 [pool-55-thread-1] INFO  server.RaftServerConfigKeys (ConfUtils.java:logGet(46)) - raft.server.snapshot.auto.trigger.enabled = true (custom)
2022-08-24 08:26:10,014 [pool-55-thread-1] INFO  server.RaftServerConfigKeys (ConfUtils.java:logGet(46)) - raft.server.snapshot.auto.trigger.threshold = 400000 (default)
2022-08-24 08:26:10,022 [pool-55-thread-1] INFO  server.RaftServerConfigKeys (ConfUtils.java:logGet(46)) - raft.server.snapshot.retention.file.num = -1 (default)
2022-08-24 08:26:10,023 [pool-55-thread-1] INFO  server.RaftServerConfigKeys (ConfUtils.java:logGet(46)) - raft.server.log.purge.upto.snapshot.index = true (custom)
2022-08-24 08:26:10,025 [pool-55-thread-1] INFO  server.RaftServerConfigKeys (ConfUtils.java:logGet(46)) - raft.server.retrycache.expirytime = 300s (custom)
2022-08-24 08:26:10,025 [pool-55-thread-1] INFO  server.RaftServerConfigKeys (ConfUtils.java:logGet(46)) - raft.server.retrycache.statistics.expirytime = 100μs (default)
2022-08-24 08:26:10,124 [pool-55-thread-1] INFO  server.RaftServerConfigKeys (ConfUtils.java:logGet(46)) - raft.server.log.appender.install.snapshot.enabled = false (custom)
2022-08-24 08:26:10,124 [pool-55-thread-1] INFO  server.RaftServerConfigKeys (ConfUtils.java:logGet(46)) - raft.server.threadpool.server.cached = true (default)
2022-08-24 08:26:10,124 [pool-55-thread-1] INFO  server.RaftServerConfigKeys (ConfUtils.java:logGet(46)) - raft.server.threadpool.server.size = 0 (default)
2022-08-24 08:26:10,125 [pool-55-thread-1] INFO  server.RaftServerConfigKeys (ConfUtils.java:logGet(46)) - raft.server.threadpool.client.cached = true (default)
2022-08-24 08:26:10,125 [pool-55-thread-1] INFO  server.RaftServerConfigKeys (ConfUtils.java:logGet(46)) - raft.server.threadpool.client.size = 0 (default)
2022-08-24 08:26:10,163 [ReplicationMonitor] INFO  replication.ReplicationManager (ReplicationManager.java:processAll(255)) - Replication Manager is not ready to run until 3000ms after safemode exit
2022-08-24 08:26:10,462 [Listener at 0.0.0.0/40015] INFO  reflections.Reflections (Reflections.java:scan(232)) - Reflections took 605 ms to scan 19 urls, producing 67 keys and 4158 values [using 2 cores]
2022-08-24 08:26:10,776 [Listener at 0.0.0.0/40015] INFO  ipc.CallQueueManager (CallQueueManager.java:<init>(90)) - Using callQueue: class java.util.concurrent.LinkedBlockingQueue, queueCapacity: 2000, scheduler: class org.apache.hadoop.ipc.DefaultRpcScheduler, ipcBackoff: false.
2022-08-24 08:26:10,777 [Socket Reader #1 for port 0] INFO  ipc.Server (Server.java:run(1265)) - Starting Socket Reader #1 for port 0
2022-08-24 08:26:10,802 [Listener at 127.0.0.1/40737] INFO  impl.MetricsSystemImpl (MetricsSystemImpl.java:init(158)) - OzoneManager metrics system started (again)
2022-08-24 08:26:10,813 [Listener at 127.0.0.1/40737] INFO  om.OzoneManager (OzoneManager.java:start(1470)) - OzoneManager RPC server is listening at localhost/127.0.0.1:40737
2022-08-24 08:26:10,813 [Listener at 127.0.0.1/40737] INFO  ratis.OzoneManagerRatisServer (OzoneManagerRatisServer.java:start(554)) - Starting OzoneManagerRatisServer om1 at port 40761
2022-08-24 08:26:10,814 [om1-impl-thread1] INFO  server.RaftServer$Division (RaftServerImpl.java:start(310)) - om1@group-C5BA1605619E: start as a follower, conf=-1: [om1|rpc:localhost:40761|priority:0], old=null
2022-08-24 08:26:10,814 [om1-impl-thread1] INFO  server.RaftServer$Division (RaftServerImpl.java:setRole(299)) - om1@group-C5BA1605619E: changes role from      null to FOLLOWER at term 0 for startAsFollower
2022-08-24 08:26:10,815 [om1-impl-thread1] INFO  impl.RoleInfo (RoleInfo.java:updateAndGet(139)) - om1: start om1@group-C5BA1605619E-FollowerState
2022-08-24 08:26:10,819 [om1-impl-thread1] INFO  util.JmxRegister (JmxRegister.java:tryRegister(44)) - Successfully registered JMX Bean with object name Ratis:service=RaftServer,group=group-C5BA1605619E,id=om1
2022-08-24 08:26:10,821 [Listener at 127.0.0.1/40737] INFO  server.RaftServer (RaftServerProxy.java:lambda$start$6(382)) - om1: start RPC server
2022-08-24 08:26:10,874 [Listener at 127.0.0.1/40737] INFO  server.GrpcService (GrpcService.java:startImpl(260)) - om1: GrpcService started, listening on 40761
2022-08-24 08:26:10,879 [Listener at 127.0.0.1/40737] INFO  om.OzoneManager (OzoneManager.java:start(1486)) - Version File has different layout version (3) than OM DB (null). That is expected if this OM has never been finalized to a newer layout version.
2022-08-24 08:26:10,880 [org.apache.ratis.util.JvmPauseMonitor$$Lambda$715/492429123@262c1915] INFO  util.JvmPauseMonitor (JvmPauseMonitor.java:run(103)) - JvmPauseMonitor-om1: Started
2022-08-24 08:26:10,898 [Listener at 127.0.0.1/40737] INFO  http.BaseHttpServer (BaseHttpServer.java:newHttpServer2BuilderForOzone(209)) - Starting Web-server for ozoneManager at: http://0.0.0.0:0
2022-08-24 08:26:10,898 [Listener at 127.0.0.1/40737] INFO  http.BaseHttpServer (BaseHttpServer.java:<init>(107)) - Hadoop Security Enabled: false Ozone Security Enabled: false Ozone HTTP Security Enabled: false 
2022-08-24 08:26:10,899 [Listener at 127.0.0.1/40737] INFO  server.AuthenticationFilter (AuthenticationFilter.java:constructSecretProvider(240)) - Unable to initialize FileSignerSecretProvider, falling back to use random secrets.
2022-08-24 08:26:10,900 [Listener at 127.0.0.1/40737] WARN  http.HttpRequestLog (HttpRequestLog.java:getRequestLog(103)) - Jetty request log can only be enabled using Log4j
2022-08-24 08:26:10,902 [Listener at 127.0.0.1/40737] INFO  http.HttpServer2 (HttpServer2.java:addGlobalFilter(1029)) - Added global filter 'safety' (class=org.apache.hadoop.hdds.server.http.HttpServer2$QuotingInputFilter)
2022-08-24 08:26:10,903 [Listener at 127.0.0.1/40737] INFO  http.HttpServer2 (HttpServer2.java:addFilter(1005)) - Added filter static_user_filter (class=org.apache.hadoop.http.lib.StaticUserWebFilter$StaticUserFilter) to context ozoneManager
2022-08-24 08:26:10,903 [Listener at 127.0.0.1/40737] INFO  http.HttpServer2 (HttpServer2.java:addFilter(1013)) - Added filter static_user_filter (class=org.apache.hadoop.http.lib.StaticUserWebFilter$StaticUserFilter) to context logs
2022-08-24 08:26:10,903 [Listener at 127.0.0.1/40737] INFO  http.HttpServer2 (HttpServer2.java:addFilter(1013)) - Added filter static_user_filter (class=org.apache.hadoop.http.lib.StaticUserWebFilter$StaticUserFilter) to context static
2022-08-24 08:26:10,905 [Listener at 127.0.0.1/40737] INFO  http.HttpServer2 (HttpServer2.java:bindListener(1248)) - Jetty bound to port 37421
2022-08-24 08:26:10,905 [Listener at 127.0.0.1/40737] INFO  server.Server (Server.java:doStart(375)) - jetty-9.4.43.v20210629; built: 2021-06-30T11:07:22.254Z; git: 526006ecfa3af7f1a27ef3a288e2bef7ea9dd7e8; jvm 1.8.0_345-b01
2022-08-24 08:26:10,913 [Listener at 127.0.0.1/40737] INFO  server.session (DefaultSessionIdManager.java:doStart(334)) - DefaultSessionIdManager workerName=node0
2022-08-24 08:26:10,913 [Listener at 127.0.0.1/40737] INFO  server.session (DefaultSessionIdManager.java:doStart(339)) - No SessionScavenger set, using defaults
2022-08-24 08:26:10,913 [Listener at 127.0.0.1/40737] INFO  server.session (HouseKeeper.java:startScavenging(132)) - node0 Scavenging every 600000ms
2022-08-24 08:26:10,914 [Listener at 127.0.0.1/40737] INFO  handler.ContextHandler (ContextHandler.java:doStart(915)) - Started o.e.j.s.ServletContextHandler@4da3a420{logs,/logs,file:///home/runner/work/ozone/ozone/hadoop-ozone/integration-test/target/log,AVAILABLE}
2022-08-24 08:26:10,914 [Listener at 127.0.0.1/40737] INFO  handler.ContextHandler (ContextHandler.java:doStart(915)) - Started o.e.j.s.ServletContextHandler@49b14352{static,/static,file:///home/runner/work/ozone/ozone/hadoop-ozone/integration-test/target/test-classes/webapps/static,AVAILABLE}
2022-08-24 08:26:10,917 [Listener at 127.0.0.1/40737] INFO  handler.ContextHandler (ContextHandler.java:doStart(915)) - Started o.e.j.w.WebAppContext@34c0c2cc{ozoneManager,/,file:///home/runner/work/ozone/ozone/hadoop-ozone/integration-test/target/test-classes/webapps/ozoneManager/,AVAILABLE}{file:/home/runner/work/ozone/ozone/hadoop-ozone/integration-test/target/test-classes/webapps/ozoneManager}
2022-08-24 08:26:10,922 [Listener at 127.0.0.1/40737] INFO  server.AbstractConnector (AbstractConnector.java:doStart(331)) - Started ServerConnector@3274e518{HTTP/1.1, (http/1.1)}{0.0.0.0:37421}
2022-08-24 08:26:10,922 [Listener at 127.0.0.1/40737] INFO  server.Server (Server.java:doStart(415)) - Started @6649ms
2022-08-24 08:26:10,922 [Listener at 127.0.0.1/40737] WARN  impl.MetricsSystemImpl (MetricsSystemImpl.java:register(279)) - Sink prometheus already exists!
2022-08-24 08:26:10,923 [Listener at 127.0.0.1/40737] INFO  http.BaseHttpServer (BaseHttpServer.java:updateConnectorAddress(329)) - HTTP server of ozoneManager listening at http://0.0.0.0:37421
2022-08-24 08:26:10,923 [IPC Server Responder] INFO  ipc.Server (Server.java:run(1507)) - IPC Server Responder: starting
2022-08-24 08:26:10,927 [IPC Server listener on 0] INFO  ipc.Server (Server.java:run(1344)) - IPC Server listener on 0: starting
2022-08-24 08:26:10,932 [Listener at 127.0.0.1/40737] INFO  om.OzoneManager (OzoneManager.java:startTrashEmptier(1907)) - Trash Interval set to 0. Files deleted won't move to trash
2022-08-24 08:26:10,934 [org.apache.hadoop.util.JvmPauseMonitor$Monitor@577ca22] INFO  util.JvmPauseMonitor (JvmPauseMonitor.java:run(188)) - Starting JVM pause monitor
2022-08-24 08:26:11,077 [Listener at 127.0.0.1/40737] WARN  impl.MetricRegistriesImpl (MetricRegistriesImpl.java:addReporterRegistration(111)) - New reporters are added after registries were created. Some metrics will be missing from the reporter. Please add reporter before adding any new registry.
2022-08-24 08:26:11,077 [Listener at 127.0.0.1/40737] WARN  impl.MetricRegistriesImpl (MetricRegistriesImpl.java:addReporterRegistration(111)) - New reporters are added after registries were created. Some metrics will be missing from the reporter. Please add reporter before adding any new registry.
2022-08-24 08:26:11,077 [Listener at 127.0.0.1/40737] INFO  impl.MetricsSystemImpl (MetricsSystemImpl.java:init(158)) - HddsDatanode metrics system started (again)
2022-08-24 08:26:11,099 [Listener at 127.0.0.1/40737] INFO  ozone.HddsDatanodeService (HddsDatanodeService.java:start(236)) - HddsDatanodeService host:fv-az96-669.m4cgkdvplvgupd014rd20bgx3d.gx.internal.cloudapp.net ip:10.1.0.105
2022-08-24 08:26:11,130 [Listener at 127.0.0.1/40737] INFO  upgrade.AbstractLayoutVersionManager (AbstractLayoutVersionManager.java:init(83)) - Initializing Layout version manager with metadata layout = DATANODE_SCHEMA_V3 (version = 4), software layout = DATANODE_SCHEMA_V3 (version = 4)
2022-08-24 08:26:11,163 [ReplicationMonitor] INFO  replication.ReplicationManager (ReplicationManager.java:processAll(255)) - Replication Manager is not ready to run until 3000ms after safemode exit
2022-08-24 08:26:11,173 [Listener at 127.0.0.1/40737] INFO  reflections.Reflections (Reflections.java:scan(232)) - Reflections took 42 ms to scan 7 urls, producing 133 keys and 322 values 
2022-08-24 08:26:11,176 [Listener at 127.0.0.1/40737] INFO  statemachine.DatanodeStateMachine (DatanodeStateMachine.java:getEndPointTaskThreadPoolSize(237)) - Datanode State Machine Task Thread Pool size 2
2022-08-24 08:26:11,225 [Listener at 127.0.0.1/40737] INFO  volume.HddsVolume (HddsVolume.java:<init>(117)) - Creating HddsVolume: /home/runner/work/ozone/ozone/hadoop-ozone/integration-test/target/test-dir/MiniOzoneClusterImpl-1336b647-fddb-4972-9c96-ba48238d1115/datanode-0/data-0/containers/hdds of storage type : DISK capacity : 9223372036854775807
2022-08-24 08:26:11,227 [Listener at 127.0.0.1/40737] INFO  volume.MutableVolumeSet (MutableVolumeSet.java:initializeVolumeSet(174)) - Added Volume : /home/runner/work/ozone/ozone/hadoop-ozone/integration-test/target/test-dir/MiniOzoneClusterImpl-1336b647-fddb-4972-9c96-ba48238d1115/datanode-0/data-0/containers/hdds to VolumeSet
2022-08-24 08:26:11,228 [Listener at 127.0.0.1/40737] INFO  volume.ThrottledAsyncChecker (ThrottledAsyncChecker.java:schedule(141)) - Scheduling a check for /home/runner/work/ozone/ozone/hadoop-ozone/integration-test/target/test-dir/MiniOzoneClusterImpl-1336b647-fddb-4972-9c96-ba48238d1115/datanode-0/data-0/containers/hdds
2022-08-24 08:26:11,246 [Listener at 127.0.0.1/40737] INFO  volume.StorageVolumeChecker (StorageVolumeChecker.java:checkAllVolumes(202)) - Scheduled health check for volume /home/runner/work/ozone/ozone/hadoop-ozone/integration-test/target/test-dir/MiniOzoneClusterImpl-1336b647-fddb-4972-9c96-ba48238d1115/datanode-0/data-0/containers/hdds
2022-08-24 08:26:11,261 [Listener at 127.0.0.1/40737] INFO  volume.MutableVolumeSet (MutableVolumeSet.java:initializeVolumeSet(174)) - Added Volume : /home/runner/work/ozone/ozone/hadoop-ozone/integration-test/target/test-dir/MiniOzoneClusterImpl-1336b647-fddb-4972-9c96-ba48238d1115/datanode-0/data/ratis to VolumeSet
2022-08-24 08:26:11,261 [Listener at 127.0.0.1/40737] INFO  volume.ThrottledAsyncChecker (ThrottledAsyncChecker.java:schedule(141)) - Scheduling a check for /home/runner/work/ozone/ozone/hadoop-ozone/integration-test/target/test-dir/MiniOzoneClusterImpl-1336b647-fddb-4972-9c96-ba48238d1115/datanode-0/data/ratis
2022-08-24 08:26:11,262 [Listener at 127.0.0.1/40737] INFO  volume.StorageVolumeChecker (StorageVolumeChecker.java:checkAllVolumes(202)) - Scheduled health check for volume /home/runner/work/ozone/ozone/hadoop-ozone/integration-test/target/test-dir/MiniOzoneClusterImpl-1336b647-fddb-4972-9c96-ba48238d1115/datanode-0/data/ratis
2022-08-24 08:26:11,282 [Thread-138] INFO  ozoneimpl.ContainerReader (ContainerReader.java:readVolume(175)) - Finish verifying containers on volume /home/runner/work/ozone/ozone/hadoop-ozone/integration-test/target/test-dir/MiniOzoneClusterImpl-1336b647-fddb-4972-9c96-ba48238d1115/datanode-0/data-0/containers/hdds
2022-08-24 08:26:11,282 [Listener at 127.0.0.1/40737] INFO  ozoneimpl.OzoneContainer (OzoneContainer.java:buildContainerSet(299)) - Build ContainerSet costs 0s
2022-08-24 08:26:11,323 [Listener at 127.0.0.1/40737] INFO  audit.AuditLogger (AuditLogger.java:refreshDebugCmdSet(126)) - Refresh DebugCmdSet for DNAudit to [].
2022-08-24 08:26:11,348 [Listener at 127.0.0.1/40737] INFO  server.RaftServer (ConfUtils.java:logGet(46)) - raft.rpc.type = GRPC (default)
2022-08-24 08:26:11,348 [Listener at 127.0.0.1/40737] INFO  grpc.GrpcFactory (GrpcFactory.java:checkPooledByteBufAllocatorUseCacheForAllThreads(48)) - PERFORMANCE WARNING: useCacheForAllThreads is true that may cause Netty to create a lot garbage objects and, as a result, trigger GC.
	It is recommended to disable useCacheForAllThreads by setting -Dorg.apache.ratis.thirdparty.io.netty.allocator.useCacheForAllThreads=false in command line.
2022-08-24 08:26:11,348 [Listener at 127.0.0.1/40737] INFO  grpc.GrpcConfigKeys (ConfUtils.java:logGet(46)) - raft.grpc.admin.port = 0 (custom)
2022-08-24 08:26:11,348 [Listener at 127.0.0.1/40737] INFO  grpc.GrpcConfigKeys (ConfUtils.java:logGet(46)) - raft.grpc.client.port = 0 (custom)
2022-08-24 08:26:11,349 [Listener at 127.0.0.1/40737] INFO  grpc.GrpcConfigKeys (ConfUtils.java:logGet(46)) - raft.grpc.server.port = 0 (default)
2022-08-24 08:26:11,349 [Listener at 127.0.0.1/40737] INFO  server.GrpcService (ConfUtils.java:logGet(46)) - raft.grpc.message.size.max = 32MB (=33554432) (custom)
2022-08-24 08:26:11,349 [Listener at 127.0.0.1/40737] INFO  server.RaftServerConfigKeys (ConfUtils.java:logGet(46)) - raft.server.log.appender.buffer.byte-limit = 33554432 (custom)
2022-08-24 08:26:11,349 [Listener at 127.0.0.1/40737] INFO  server.GrpcService (ConfUtils.java:logGet(46)) - raft.grpc.flow.control.window = 5MB (=5242880) (custom)
2022-08-24 08:26:11,349 [Listener at 127.0.0.1/40737] INFO  server.RaftServerConfigKeys (ConfUtils.java:logGet(46)) - raft.server.rpc.request.timeout = 60s (custom)
2022-08-24 08:26:11,349 [Listener at 127.0.0.1/40737] INFO  grpc.GrpcConfigKeys (ConfUtils.java:logGet(46)) - raft.grpc.server.async.request.thread.pool.cached = true (default)
2022-08-24 08:26:11,349 [Listener at 127.0.0.1/40737] INFO  grpc.GrpcConfigKeys (ConfUtils.java:logGet(46)) - raft.grpc.server.async.request.thread.pool.size = 32 (default)
2022-08-24 08:26:11,350 [Listener at 127.0.0.1/40737] INFO  impl.DataStreamServerImpl (ConfUtils.java:logGet(46)) - raft.datastream.type = DISABLED (default)
2022-08-24 08:26:11,350 [Listener at 127.0.0.1/40737] INFO  server.RaftServerConfigKeys (ConfUtils.java:logGet(46)) - raft.server.threadpool.proxy.cached = true (default)
2022-08-24 08:26:11,350 [Listener at 127.0.0.1/40737] INFO  server.RaftServerConfigKeys (ConfUtils.java:logGet(46)) - raft.server.threadpool.proxy.size = 0 (default)
2022-08-24 08:26:11,350 [Listener at 127.0.0.1/40737] INFO  server.RaftServerConfigKeys (ConfUtils.java:logGet(46)) - raft.server.rpc.slowness.timeout = 300s (custom)
2022-08-24 08:26:11,351 [Listener at 127.0.0.1/40737] INFO  server.RaftServerConfigKeys (ConfUtils.java:logGet(46)) - raft.server.leaderelection.leader.step-down.wait-time = 10s (default)
2022-08-24 08:26:11,351 [Listener at 127.0.0.1/40737] INFO  server.RaftServerConfigKeys (ConfUtils.java:logGet(46)) - raft.server.storage.dir = [/home/runner/work/ozone/ozone/hadoop-ozone/integration-test/target/test-dir/MiniOzoneClusterImpl-1336b647-fddb-4972-9c96-ba48238d1115/datanode-0/data/ratis] (custom)
2022-08-24 08:26:11,366 [Listener at 127.0.0.1/40737] INFO  server.XceiverServerGrpc (XceiverServerGrpc.java:<init>(132)) - GrpcServer channel type EpollServerSocketChannel
2022-08-24 08:26:11,423 [Listener at 127.0.0.1/40737] INFO  http.BaseHttpServer (BaseHttpServer.java:newHttpServer2BuilderForOzone(209)) - Starting Web-server for hddsDatanode at: http://0.0.0.0:0
2022-08-24 08:26:11,423 [Listener at 127.0.0.1/40737] INFO  http.BaseHttpServer (BaseHttpServer.java:<init>(107)) - Hadoop Security Enabled: false Ozone Security Enabled: false Ozone HTTP Security Enabled: false 
2022-08-24 08:26:11,425 [Listener at 127.0.0.1/40737] INFO  server.AuthenticationFilter (AuthenticationFilter.java:constructSecretProvider(240)) - Unable to initialize FileSignerSecretProvider, falling back to use random secrets.
2022-08-24 08:26:11,426 [Listener at 127.0.0.1/40737] WARN  http.HttpRequestLog (HttpRequestLog.java:getRequestLog(103)) - Jetty request log can only be enabled using Log4j
2022-08-24 08:26:11,428 [Listener at 127.0.0.1/40737] INFO  http.HttpServer2 (HttpServer2.java:addGlobalFilter(1029)) - Added global filter 'safety' (class=org.apache.hadoop.hdds.server.http.HttpServer2$QuotingInputFilter)
2022-08-24 08:26:11,428 [Listener at 127.0.0.1/40737] INFO  http.HttpServer2 (HttpServer2.java:addFilter(1005)) - Added filter static_user_filter (class=org.apache.hadoop.http.lib.StaticUserWebFilter$StaticUserFilter) to context hddsDatanode
2022-08-24 08:26:11,428 [Listener at 127.0.0.1/40737] INFO  http.HttpServer2 (HttpServer2.java:addFilter(1013)) - Added filter static_user_filter (class=org.apache.hadoop.http.lib.StaticUserWebFilter$StaticUserFilter) to context logs
2022-08-24 08:26:11,429 [Listener at 127.0.0.1/40737] INFO  http.HttpServer2 (HttpServer2.java:addFilter(1013)) - Added filter static_user_filter (class=org.apache.hadoop.http.lib.StaticUserWebFilter$StaticUserFilter) to context static
2022-08-24 08:26:11,429 [Listener at 127.0.0.1/40737] INFO  http.HttpServer2 (HttpServer2.java:bindListener(1248)) - Jetty bound to port 44125
2022-08-24 08:26:11,429 [Listener at 127.0.0.1/40737] INFO  server.Server (Server.java:doStart(375)) - jetty-9.4.43.v20210629; built: 2021-06-30T11:07:22.254Z; git: 526006ecfa3af7f1a27ef3a288e2bef7ea9dd7e8; jvm 1.8.0_345-b01
2022-08-24 08:26:11,434 [Listener at 127.0.0.1/40737] INFO  server.session (DefaultSessionIdManager.java:doStart(334)) - DefaultSessionIdManager workerName=node0
2022-08-24 08:26:11,435 [Listener at 127.0.0.1/40737] INFO  server.session (DefaultSessionIdManager.java:doStart(339)) - No SessionScavenger set, using defaults
2022-08-24 08:26:11,435 [Listener at 127.0.0.1/40737] INFO  server.session (HouseKeeper.java:startScavenging(132)) - node0 Scavenging every 600000ms
2022-08-24 08:26:11,439 [Listener at 127.0.0.1/40737] INFO  handler.ContextHandler (ContextHandler.java:doStart(915)) - Started o.e.j.s.ServletContextHandler@2c9cc538{logs,/logs,file:///home/runner/work/ozone/ozone/hadoop-ozone/integration-test/target/log,AVAILABLE}
2022-08-24 08:26:11,439 [Listener at 127.0.0.1/40737] INFO  handler.ContextHandler (ContextHandler.java:doStart(915)) - Started o.e.j.s.ServletContextHandler@15fd5709{static,/static,jar:file:/home/runner/.m2/repository/org/apache/ozone/hdds-container-service/1.3.0-SNAPSHOT/hdds-container-service-1.3.0-SNAPSHOT.jar!/webapps/static,AVAILABLE}
2022-08-24 08:26:11,620 [Listener at 127.0.0.1/40737] INFO  handler.ContextHandler (ContextHandler.java:doStart(915)) - Started o.e.j.w.WebAppContext@392eec70{hddsDatanode,/,file:///tmp/jetty-0_0_0_0-44125-hdds-container-service-1_3_0-SNAPSHOT_jar-_-any-7823316623229554602/webapp/,AVAILABLE}{jar:file:/home/runner/.m2/repository/org/apache/ozone/hdds-container-service/1.3.0-SNAPSHOT/hdds-container-service-1.3.0-SNAPSHOT.jar!/webapps/hddsDatanode}
2022-08-24 08:26:11,625 [Listener at 127.0.0.1/40737] INFO  server.AbstractConnector (AbstractConnector.java:doStart(331)) - Started ServerConnector@2eec644b{HTTP/1.1, (http/1.1)}{0.0.0.0:44125}
2022-08-24 08:26:11,625 [Listener at 127.0.0.1/40737] INFO  server.Server (Server.java:doStart(415)) - Started @7352ms
2022-08-24 08:26:11,625 [Listener at 127.0.0.1/40737] WARN  impl.MetricsSystemImpl (MetricsSystemImpl.java:register(279)) - Sink prometheus already exists!
2022-08-24 08:26:11,626 [Listener at 127.0.0.1/40737] INFO  http.BaseHttpServer (BaseHttpServer.java:updateConnectorAddress(329)) - HTTP server of hddsDatanode listening at http://0.0.0.0:44125
2022-08-24 08:26:11,631 [Listener at 127.0.0.1/40737] WARN  impl.MetricRegistriesImpl (MetricRegistriesImpl.java:addReporterRegistration(111)) - New reporters are added after registries were created. Some metrics will be missing from the reporter. Please add reporter before adding any new registry.
2022-08-24 08:26:11,631 [Listener at 127.0.0.1/40737] WARN  impl.MetricRegistriesImpl (MetricRegistriesImpl.java:addReporterRegistration(111)) - New reporters are added after registries were created. Some metrics will be missing from the reporter. Please add reporter before adding any new registry.
2022-08-24 08:26:11,631 [Listener at 127.0.0.1/40737] INFO  impl.MetricsSystemImpl (MetricsSystemImpl.java:init(158)) - HddsDatanode metrics system started (again)
2022-08-24 08:26:11,639 [Datanode State Machine Daemon Thread] INFO  statemachine.DatanodeStateMachine (DatanodeStateMachine.java:lambda$startDaemon$0(492)) - Ozone container server started.
2022-08-24 08:26:11,644 [Listener at 127.0.0.1/40737] INFO  ozone.HddsDatanodeService (HddsDatanodeService.java:start(236)) - HddsDatanodeService host:fv-az96-669.m4cgkdvplvgupd014rd20bgx3d.gx.internal.cloudapp.net ip:10.1.0.105
2022-08-24 08:26:11,661 [org.apache.hadoop.util.JvmPauseMonitor$Monitor@f5dead2] INFO  util.JvmPauseMonitor (JvmPauseMonitor.java:run(188)) - Starting JVM pause monitor
2022-08-24 08:26:11,671 [Listener at 127.0.0.1/40737] INFO  upgrade.AbstractLayoutVersionManager (AbstractLayoutVersionManager.java:init(83)) - Initializing Layout version manager with metadata layout = DATANODE_SCHEMA_V3 (version = 4), software layout = DATANODE_SCHEMA_V3 (version = 4)
2022-08-24 08:26:11,727 [Listener at 127.0.0.1/40737] INFO  reflections.Reflections (Reflections.java:scan(232)) - Reflections took 54 ms to scan 7 urls, producing 133 keys and 322 values 
2022-08-24 08:26:11,731 [Listener at 127.0.0.1/40737] INFO  statemachine.DatanodeStateMachine (DatanodeStateMachine.java:getEndPointTaskThreadPoolSize(237)) - Datanode State Machine Task Thread Pool size 2
2022-08-24 08:26:11,734 [Listener at 127.0.0.1/40737] INFO  volume.HddsVolume (HddsVolume.java:<init>(117)) - Creating HddsVolume: /home/runner/work/ozone/ozone/hadoop-ozone/integration-test/target/test-dir/MiniOzoneClusterImpl-1336b647-fddb-4972-9c96-ba48238d1115/datanode-1/data-0/containers/hdds of storage type : DISK capacity : 9223372036854775807
2022-08-24 08:26:11,734 [Listener at 127.0.0.1/40737] INFO  volume.MutableVolumeSet (MutableVolumeSet.java:initializeVolumeSet(174)) - Added Volume : /home/runner/work/ozone/ozone/hadoop-ozone/integration-test/target/test-dir/MiniOzoneClusterImpl-1336b647-fddb-4972-9c96-ba48238d1115/datanode-1/data-0/containers/hdds to VolumeSet
2022-08-24 08:26:11,734 [Listener at 127.0.0.1/40737] INFO  volume.ThrottledAsyncChecker (ThrottledAsyncChecker.java:schedule(141)) - Scheduling a check for /home/runner/work/ozone/ozone/hadoop-ozone/integration-test/target/test-dir/MiniOzoneClusterImpl-1336b647-fddb-4972-9c96-ba48238d1115/datanode-1/data-0/containers/hdds
2022-08-24 08:26:11,736 [Listener at 127.0.0.1/40737] INFO  volume.StorageVolumeChecker (StorageVolumeChecker.java:checkAllVolumes(202)) - Scheduled health check for volume /home/runner/work/ozone/ozone/hadoop-ozone/integration-test/target/test-dir/MiniOzoneClusterImpl-1336b647-fddb-4972-9c96-ba48238d1115/datanode-1/data-0/containers/hdds
2022-08-24 08:26:11,749 [Listener at 127.0.0.1/40737] INFO  volume.MutableVolumeSet (MutableVolumeSet.java:initializeVolumeSet(174)) - Added Volume : /home/runner/work/ozone/ozone/hadoop-ozone/integration-test/target/test-dir/MiniOzoneClusterImpl-1336b647-fddb-4972-9c96-ba48238d1115/datanode-1/data/ratis to VolumeSet
2022-08-24 08:26:11,749 [Listener at 127.0.0.1/40737] INFO  volume.ThrottledAsyncChecker (ThrottledAsyncChecker.java:schedule(141)) - Scheduling a check for /home/runner/work/ozone/ozone/hadoop-ozone/integration-test/target/test-dir/MiniOzoneClusterImpl-1336b647-fddb-4972-9c96-ba48238d1115/datanode-1/data/ratis
2022-08-24 08:26:11,749 [Listener at 127.0.0.1/40737] INFO  volume.StorageVolumeChecker (StorageVolumeChecker.java:checkAllVolumes(202)) - Scheduled health check for volume /home/runner/work/ozone/ozone/hadoop-ozone/integration-test/target/test-dir/MiniOzoneClusterImpl-1336b647-fddb-4972-9c96-ba48238d1115/datanode-1/data/ratis
2022-08-24 08:26:11,776 [Thread-151] INFO  ozoneimpl.ContainerReader (ContainerReader.java:readVolume(175)) - Finish verifying containers on volume /home/runner/work/ozone/ozone/hadoop-ozone/integration-test/target/test-dir/MiniOzoneClusterImpl-1336b647-fddb-4972-9c96-ba48238d1115/datanode-1/data-0/containers/hdds
2022-08-24 08:26:11,782 [Listener at 127.0.0.1/40737] INFO  ozoneimpl.OzoneContainer (OzoneContainer.java:buildContainerSet(299)) - Build ContainerSet costs 0s
2022-08-24 08:26:11,785 [Listener at 127.0.0.1/40737] INFO  server.RaftServer (ConfUtils.java:logGet(46)) - raft.rpc.type = GRPC (default)
2022-08-24 08:26:11,786 [Listener at 127.0.0.1/40737] INFO  grpc.GrpcFactory (GrpcFactory.java:checkPooledByteBufAllocatorUseCacheForAllThreads(48)) - PERFORMANCE WARNING: useCacheForAllThreads is true that may cause Netty to create a lot garbage objects and, as a result, trigger GC.
	It is recommended to disable useCacheForAllThreads by setting -Dorg.apache.ratis.thirdparty.io.netty.allocator.useCacheForAllThreads=false in command line.
2022-08-24 08:26:11,786 [Listener at 127.0.0.1/40737] INFO  grpc.GrpcConfigKeys (ConfUtils.java:logGet(46)) - raft.grpc.admin.port = 0 (custom)
2022-08-24 08:26:11,786 [Listener at 127.0.0.1/40737] INFO  grpc.GrpcConfigKeys (ConfUtils.java:logGet(46)) - raft.grpc.client.port = 0 (custom)
2022-08-24 08:26:11,786 [Listener at 127.0.0.1/40737] INFO  grpc.GrpcConfigKeys (ConfUtils.java:logGet(46)) - raft.grpc.server.port = 0 (default)
2022-08-24 08:26:11,786 [Listener at 127.0.0.1/40737] INFO  server.GrpcService (ConfUtils.java:logGet(46)) - raft.grpc.message.size.max = 32MB (=33554432) (custom)
2022-08-24 08:26:11,786 [Listener at 127.0.0.1/40737] INFO  server.RaftServerConfigKeys (ConfUtils.java:logGet(46)) - raft.server.log.appender.buffer.byte-limit = 33554432 (custom)
2022-08-24 08:26:11,786 [Listener at 127.0.0.1/40737] INFO  server.GrpcService (ConfUtils.java:logGet(46)) - raft.grpc.flow.control.window = 5MB (=5242880) (custom)
2022-08-24 08:26:11,786 [Listener at 127.0.0.1/40737] INFO  server.RaftServerConfigKeys (ConfUtils.java:logGet(46)) - raft.server.rpc.request.timeout = 60s (custom)
2022-08-24 08:26:11,786 [Listener at 127.0.0.1/40737] INFO  grpc.GrpcConfigKeys (ConfUtils.java:logGet(46)) - raft.grpc.server.async.request.thread.pool.cached = true (default)
2022-08-24 08:26:11,786 [Listener at 127.0.0.1/40737] INFO  grpc.GrpcConfigKeys (ConfUtils.java:logGet(46)) - raft.grpc.server.async.request.thread.pool.size = 32 (default)
2022-08-24 08:26:11,787 [Listener at 127.0.0.1/40737] INFO  impl.DataStreamServerImpl (ConfUtils.java:logGet(46)) - raft.datastream.type = DISABLED (default)
2022-08-24 08:26:11,787 [Listener at 127.0.0.1/40737] INFO  server.RaftServerConfigKeys (ConfUtils.java:logGet(46)) - raft.server.threadpool.proxy.cached = true (default)
2022-08-24 08:26:11,787 [Listener at 127.0.0.1/40737] INFO  server.RaftServerConfigKeys (ConfUtils.java:logGet(46)) - raft.server.threadpool.proxy.size = 0 (default)
2022-08-24 08:26:11,788 [Listener at 127.0.0.1/40737] INFO  server.RaftServerConfigKeys (ConfUtils.java:logGet(46)) - raft.server.rpc.slowness.timeout = 300s (custom)
2022-08-24 08:26:11,788 [Listener at 127.0.0.1/40737] INFO  server.RaftServerConfigKeys (ConfUtils.java:logGet(46)) - raft.server.leaderelection.leader.step-down.wait-time = 10s (default)
2022-08-24 08:26:11,788 [Listener at 127.0.0.1/40737] INFO  server.RaftServerConfigKeys (ConfUtils.java:logGet(46)) - raft.server.storage.dir = [/home/runner/work/ozone/ozone/hadoop-ozone/integration-test/target/test-dir/MiniOzoneClusterImpl-1336b647-fddb-4972-9c96-ba48238d1115/datanode-1/data/ratis] (custom)
2022-08-24 08:26:11,823 [Listener at 127.0.0.1/40737] INFO  server.XceiverServerGrpc (XceiverServerGrpc.java:<init>(132)) - GrpcServer channel type EpollServerSocketChannel
2022-08-24 08:26:11,851 [Listener at 127.0.0.1/40737] INFO  http.BaseHttpServer (BaseHttpServer.java:newHttpServer2BuilderForOzone(209)) - Starting Web-server for hddsDatanode at: http://0.0.0.0:0
2022-08-24 08:26:11,851 [Listener at 127.0.0.1/40737] INFO  http.BaseHttpServer (BaseHttpServer.java:<init>(107)) - Hadoop Security Enabled: false Ozone Security Enabled: false Ozone HTTP Security Enabled: false 
2022-08-24 08:26:11,852 [Listener at 127.0.0.1/40737] INFO  server.AuthenticationFilter (AuthenticationFilter.java:constructSecretProvider(240)) - Unable to initialize FileSignerSecretProvider, falling back to use random secrets.
2022-08-24 08:26:11,854 [Listener at 127.0.0.1/40737] WARN  http.HttpRequestLog (HttpRequestLog.java:getRequestLog(103)) - Jetty request log can only be enabled using Log4j
2022-08-24 08:26:11,856 [Listener at 127.0.0.1/40737] INFO  http.HttpServer2 (HttpServer2.java:addGlobalFilter(1029)) - Added global filter 'safety' (class=org.apache.hadoop.hdds.server.http.HttpServer2$QuotingInputFilter)
2022-08-24 08:26:11,856 [Listener at 127.0.0.1/40737] INFO  http.HttpServer2 (HttpServer2.java:addFilter(1005)) - Added filter static_user_filter (class=org.apache.hadoop.http.lib.StaticUserWebFilter$StaticUserFilter) to context hddsDatanode
2022-08-24 08:26:11,856 [Listener at 127.0.0.1/40737] INFO  http.HttpServer2 (HttpServer2.java:addFilter(1013)) - Added filter static_user_filter (class=org.apache.hadoop.http.lib.StaticUserWebFilter$StaticUserFilter) to context logs
2022-08-24 08:26:11,856 [Listener at 127.0.0.1/40737] INFO  http.HttpServer2 (HttpServer2.java:addFilter(1013)) - Added filter static_user_filter (class=org.apache.hadoop.http.lib.StaticUserWebFilter$StaticUserFilter) to context static
2022-08-24 08:26:11,857 [Listener at 127.0.0.1/40737] INFO  http.HttpServer2 (HttpServer2.java:bindListener(1248)) - Jetty bound to port 39045
2022-08-24 08:26:11,857 [Listener at 127.0.0.1/40737] INFO  server.Server (Server.java:doStart(375)) - jetty-9.4.43.v20210629; built: 2021-06-30T11:07:22.254Z; git: 526006ecfa3af7f1a27ef3a288e2bef7ea9dd7e8; jvm 1.8.0_345-b01
2022-08-24 08:26:11,861 [Listener at 127.0.0.1/40737] INFO  server.session (DefaultSessionIdManager.java:doStart(334)) - DefaultSessionIdManager workerName=node0
2022-08-24 08:26:11,862 [Listener at 127.0.0.1/40737] INFO  server.session (DefaultSessionIdManager.java:doStart(339)) - No SessionScavenger set, using defaults
2022-08-24 08:26:11,862 [Listener at 127.0.0.1/40737] INFO  server.session (HouseKeeper.java:startScavenging(132)) - node0 Scavenging every 660000ms
2022-08-24 08:26:11,862 [Listener at 127.0.0.1/40737] INFO  handler.ContextHandler (ContextHandler.java:doStart(915)) - Started o.e.j.s.ServletContextHandler@31e8177d{logs,/logs,file:///home/runner/work/ozone/ozone/hadoop-ozone/integration-test/target/log,AVAILABLE}
2022-08-24 08:26:11,863 [Listener at 127.0.0.1/40737] INFO  handler.ContextHandler (ContextHandler.java:doStart(915)) - Started o.e.j.s.ServletContextHandler@4113399c{static,/static,jar:file:/home/runner/.m2/repository/org/apache/ozone/hdds-container-service/1.3.0-SNAPSHOT/hdds-container-service-1.3.0-SNAPSHOT.jar!/webapps/static,AVAILABLE}
2022-08-24 08:26:11,866 [Datanode State Machine Task Thread - 0] INFO  datanode.InitDatanodeState (InitDatanodeState.java:persistContainerDatanodeDetails(138)) - DatanodeDetails is persisted to /home/runner/work/ozone/ozone/hadoop-ozone/integration-test/target/test-dir/MiniOzoneClusterImpl-1336b647-fddb-4972-9c96-ba48238d1115/datanode-0/meta/datanode.id
2022-08-24 08:26:11,893 [om1@group-C5BA1605619E-FollowerState] INFO  impl.FollowerState (FollowerState.java:run(143)) - om1@group-C5BA1605619E-FollowerState: change to CANDIDATE, lastRpcElapsedTime:1078298167ns, electionTimeout:1074ms
2022-08-24 08:26:11,894 [om1@group-C5BA1605619E-FollowerState] INFO  impl.RoleInfo (RoleInfo.java:shutdownFollowerState(110)) - om1: shutdown om1@group-C5BA1605619E-FollowerState
2022-08-24 08:26:11,895 [om1@group-C5BA1605619E-FollowerState] INFO  server.RaftServer$Division (RaftServerImpl.java:setRole(299)) - om1@group-C5BA1605619E: changes role from  FOLLOWER to CANDIDATE at term 0 for changeToCandidate
2022-08-24 08:26:11,897 [om1@group-C5BA1605619E-FollowerState] INFO  server.RaftServerConfigKeys (ConfUtils.java:logGet(46)) - raft.server.leaderelection.pre-vote = false (custom)
2022-08-24 08:26:11,897 [om1@group-C5BA1605619E-FollowerState] INFO  impl.RoleInfo (RoleInfo.java:updateAndGet(139)) - om1: start om1@group-C5BA1605619E-LeaderElection1
2022-08-24 08:26:11,913 [om1@group-C5BA1605619E-LeaderElection1] INFO  impl.LeaderElection (LeaderElection.java:askForVotes(310)) - om1@group-C5BA1605619E-LeaderElection1 ELECTION round 0: submit vote requests at term 1 for -1: [om1|rpc:localhost:40761|priority:0], old=null
2022-08-24 08:26:11,914 [om1@group-C5BA1605619E-LeaderElection1] INFO  impl.LeaderElection (LeaderElection.java:askForVotes(312)) - om1@group-C5BA1605619E-LeaderElection1 ELECTION round 0: result PASSED (term=1)
2022-08-24 08:26:11,915 [om1@group-C5BA1605619E-LeaderElection1] INFO  impl.RoleInfo (RoleInfo.java:shutdownLeaderElection(130)) - om1: shutdown om1@group-C5BA1605619E-LeaderElection1
2022-08-24 08:26:11,916 [om1@group-C5BA1605619E-LeaderElection1] INFO  server.RaftServer$Division (RaftServerImpl.java:setRole(299)) - om1@group-C5BA1605619E: changes role from CANDIDATE to LEADER at term 1 for changeToLeader
2022-08-24 08:26:11,916 [om1@group-C5BA1605619E-LeaderElection1] INFO  server.RaftServer$Division (ServerState.java:setLeader(287)) - om1@group-C5BA1605619E: change Leader from null to om1 at term 1 for becomeLeader, leader elected after 2067ms
2022-08-24 08:26:11,921 [om1@group-C5BA1605619E-LeaderElection1] INFO  server.RaftServerConfigKeys (ConfUtils.java:logGet(46)) - raft.server.staging.catchup.gap = 1000 (default)
2022-08-24 08:26:11,934 [om1@group-C5BA1605619E-LeaderElection1] INFO  server.RaftServerConfigKeys (ConfUtils.java:logGet(46)) - raft.server.write.element-limit = 4096 (default)
2022-08-24 08:26:11,935 [om1@group-C5BA1605619E-LeaderElection1] INFO  server.RaftServerConfigKeys (ConfUtils.java:logGet(46)) - raft.server.write.byte-limit = 64MB (=67108864) (default)
2022-08-24 08:26:11,952 [om1@group-C5BA1605619E-LeaderElection1] INFO  server.RaftServerConfigKeys (ConfUtils.java:logGet(46)) - raft.server.watch.timeout = 10s (default)
2022-08-24 08:26:11,953 [om1@group-C5BA1605619E-LeaderElection1] INFO  server.RaftServerConfigKeys (ConfUtils.java:logGet(46)) - raft.server.watch.timeout.denomination = 1s (default)
2022-08-24 08:26:11,953 [om1@group-C5BA1605619E-LeaderElection1] INFO  server.RaftServerConfigKeys (ConfUtils.java:logGet(46)) - raft.server.watch.element-limit = 65536 (default)
2022-08-24 08:26:11,957 [om1@group-C5BA1605619E-LeaderElection1] INFO  server.RaftServerConfigKeys (ConfUtils.java:logGet(46)) - raft.server.write.element-limit = 4096 (default)
2022-08-24 08:26:11,960 [om1@group-C5BA1605619E-LeaderElection1] INFO  server.RaftServerConfigKeys (ConfUtils.java:logGet(46)) - raft.server.write.follower.gap.ratio.max = -1.0 (default)
2022-08-24 08:26:11,974 [om1@group-C5BA1605619E-LeaderElection1] INFO  impl.RoleInfo (RoleInfo.java:updateAndGet(139)) - om1: start om1@group-C5BA1605619E-LeaderStateImpl
2022-08-24 08:26:12,018 [om1@group-C5BA1605619E-LeaderElection1] INFO  segmented.SegmentedRaftLogWorker (SegmentedRaftLogWorker.java:startLogSegment(425)) - om1@group-C5BA1605619E-SegmentedRaftLogWorker: Starting segment from index:0
2022-08-24 08:26:12,070 [Listener at 127.0.0.1/40737] INFO  handler.ContextHandler (ContextHandler.java:doStart(915)) - Started o.e.j.w.WebAppContext@18766a9e{hddsDatanode,/,file:///tmp/jetty-0_0_0_0-39045-hdds-container-service-1_3_0-SNAPSHOT_jar-_-any-5449941407920463463/webapp/,AVAILABLE}{jar:file:/home/runner/.m2/repository/org/apache/ozone/hdds-container-service/1.3.0-SNAPSHOT/hdds-container-service-1.3.0-SNAPSHOT.jar!/webapps/hddsDatanode}
2022-08-24 08:26:12,079 [om1@group-C5BA1605619E-LeaderElection1] INFO  server.RaftServer$Division (ServerState.java:setRaftConf(393)) - om1@group-C5BA1605619E: set configuration 0: [om1|rpc:localhost:40761|admin:|client:|dataStream:|priority:0], old=null
2022-08-24 08:26:12,091 [Listener at 127.0.0.1/40737] INFO  server.AbstractConnector (AbstractConnector.java:doStart(331)) - Started ServerConnector@73a0256e{HTTP/1.1, (http/1.1)}{0.0.0.0:39045}
2022-08-24 08:26:12,091 [Listener at 127.0.0.1/40737] INFO  server.Server (Server.java:doStart(415)) - Started @7818ms
2022-08-24 08:26:12,091 [Listener at 127.0.0.1/40737] WARN  impl.MetricsSystemImpl (MetricsSystemImpl.java:register(279)) - Sink prometheus already exists!
2022-08-24 08:26:12,092 [Listener at 127.0.0.1/40737] INFO  http.BaseHttpServer (BaseHttpServer.java:updateConnectorAddress(329)) - HTTP server of hddsDatanode listening at http://0.0.0.0:39045
2022-08-24 08:26:12,095 [Listener at 127.0.0.1/40737] WARN  impl.MetricRegistriesImpl (MetricRegistriesImpl.java:addReporterRegistration(111)) - New reporters are added after registries were created. Some metrics will be missing from the reporter. Please add reporter before adding any new registry.
2022-08-24 08:26:12,095 [Listener at 127.0.0.1/40737] WARN  impl.MetricRegistriesImpl (MetricRegistriesImpl.java:addReporterRegistration(111)) - New reporters are added after registries were created. Some metrics will be missing from the reporter. Please add reporter before adding any new registry.
2022-08-24 08:26:12,095 [Listener at 127.0.0.1/40737] INFO  impl.MetricsSystemImpl (MetricsSystemImpl.java:init(158)) - HddsDatanode metrics system started (again)
2022-08-24 08:26:12,101 [Datanode State Machine Daemon Thread] INFO  statemachine.DatanodeStateMachine (DatanodeStateMachine.java:lambda$startDaemon$0(492)) - Ozone container server started.
2022-08-24 08:26:12,122 [org.apache.hadoop.util.JvmPauseMonitor$Monitor@31ad2234] INFO  util.JvmPauseMonitor (JvmPauseMonitor.java:run(188)) - Starting JVM pause monitor
2022-08-24 08:26:12,140 [Listener at 127.0.0.1/40737] INFO  ozone.HddsDatanodeService (HddsDatanodeService.java:start(236)) - HddsDatanodeService host:fv-az96-669.m4cgkdvplvgupd014rd20bgx3d.gx.internal.cloudapp.net ip:10.1.0.105
2022-08-24 08:26:12,143 [Datanode State Machine Task Thread - 0] INFO  datanode.InitDatanodeState (InitDatanodeState.java:persistContainerDatanodeDetails(138)) - DatanodeDetails is persisted to /home/runner/work/ozone/ozone/hadoop-ozone/integration-test/target/test-dir/MiniOzoneClusterImpl-1336b647-fddb-4972-9c96-ba48238d1115/datanode-1/meta/datanode.id
2022-08-24 08:26:12,158 [Listener at 127.0.0.1/40737] INFO  upgrade.AbstractLayoutVersionManager (AbstractLayoutVersionManager.java:init(83)) - Initializing Layout version manager with metadata layout = DATANODE_SCHEMA_V3 (version = 4), software layout = DATANODE_SCHEMA_V3 (version = 4)
2022-08-24 08:26:12,163 [ReplicationMonitor] INFO  replication.ReplicationManager (ReplicationManager.java:processAll(255)) - Replication Manager is not ready to run until 3000ms after safemode exit
2022-08-24 08:26:12,189 [om1@group-C5BA1605619E-SegmentedRaftLogWorker] INFO  segmented.SegmentedRaftLogWorker (SegmentedRaftLogWorker.java:execute(629)) - om1@group-C5BA1605619E-SegmentedRaftLogWorker: created new log segment /home/runner/work/ozone/ozone/hadoop-ozone/integration-test/target/test-dir/MiniOzoneClusterImpl-1336b647-fddb-4972-9c96-ba48238d1115/ozone-meta/ratis/bf265839-605b-3f16-9796-c5ba1605619e/current/log_inprogress_0
2022-08-24 08:26:12,226 [Listener at 127.0.0.1/40737] INFO  reflections.Reflections (Reflections.java:scan(232)) - Reflections took 67 ms to scan 7 urls, producing 133 keys and 322 values 
2022-08-24 08:26:12,227 [Listener at 127.0.0.1/40737] INFO  statemachine.DatanodeStateMachine (DatanodeStateMachine.java:getEndPointTaskThreadPoolSize(237)) - Datanode State Machine Task Thread Pool size 2
2022-08-24 08:26:12,235 [Listener at 127.0.0.1/40737] INFO  volume.HddsVolume (HddsVolume.java:<init>(117)) - Creating HddsVolume: /home/runner/work/ozone/ozone/hadoop-ozone/integration-test/target/test-dir/MiniOzoneClusterImpl-1336b647-fddb-4972-9c96-ba48238d1115/datanode-2/data-0/containers/hdds of storage type : DISK capacity : 9223372036854775807
2022-08-24 08:26:12,236 [Listener at 127.0.0.1/40737] INFO  volume.MutableVolumeSet (MutableVolumeSet.java:initializeVolumeSet(174)) - Added Volume : /home/runner/work/ozone/ozone/hadoop-ozone/integration-test/target/test-dir/MiniOzoneClusterImpl-1336b647-fddb-4972-9c96-ba48238d1115/datanode-2/data-0/containers/hdds to VolumeSet
2022-08-24 08:26:12,236 [Listener at 127.0.0.1/40737] INFO  volume.ThrottledAsyncChecker (ThrottledAsyncChecker.java:schedule(141)) - Scheduling a check for /home/runner/work/ozone/ozone/hadoop-ozone/integration-test/target/test-dir/MiniOzoneClusterImpl-1336b647-fddb-4972-9c96-ba48238d1115/datanode-2/data-0/containers/hdds
2022-08-24 08:26:12,254 [Listener at 127.0.0.1/40737] INFO  volume.StorageVolumeChecker (StorageVolumeChecker.java:checkAllVolumes(202)) - Scheduled health check for volume /home/runner/work/ozone/ozone/hadoop-ozone/integration-test/target/test-dir/MiniOzoneClusterImpl-1336b647-fddb-4972-9c96-ba48238d1115/datanode-2/data-0/containers/hdds
2022-08-24 08:26:12,265 [Listener at 127.0.0.1/40737] INFO  volume.MutableVolumeSet (MutableVolumeSet.java:initializeVolumeSet(174)) - Added Volume : /home/runner/work/ozone/ozone/hadoop-ozone/integration-test/target/test-dir/MiniOzoneClusterImpl-1336b647-fddb-4972-9c96-ba48238d1115/datanode-2/data/ratis to VolumeSet
2022-08-24 08:26:12,265 [Listener at 127.0.0.1/40737] INFO  volume.ThrottledAsyncChecker (ThrottledAsyncChecker.java:schedule(141)) - Scheduling a check for /home/runner/work/ozone/ozone/hadoop-ozone/integration-test/target/test-dir/MiniOzoneClusterImpl-1336b647-fddb-4972-9c96-ba48238d1115/datanode-2/data/ratis
2022-08-24 08:26:12,265 [Listener at 127.0.0.1/40737] INFO  volume.StorageVolumeChecker (StorageVolumeChecker.java:checkAllVolumes(202)) - Scheduled health check for volume /home/runner/work/ozone/ozone/hadoop-ozone/integration-test/target/test-dir/MiniOzoneClusterImpl-1336b647-fddb-4972-9c96-ba48238d1115/datanode-2/data/ratis
2022-08-24 08:26:12,275 [Thread-166] INFO  ozoneimpl.ContainerReader (ContainerReader.java:readVolume(175)) - Finish verifying containers on volume /home/runner/work/ozone/ozone/hadoop-ozone/integration-test/target/test-dir/MiniOzoneClusterImpl-1336b647-fddb-4972-9c96-ba48238d1115/datanode-2/data-0/containers/hdds
2022-08-24 08:26:12,275 [Listener at 127.0.0.1/40737] INFO  ozoneimpl.OzoneContainer (OzoneContainer.java:buildContainerSet(299)) - Build ContainerSet costs 0s
2022-08-24 08:26:12,277 [Listener at 127.0.0.1/40737] INFO  server.RaftServer (ConfUtils.java:logGet(46)) - raft.rpc.type = GRPC (default)
2022-08-24 08:26:12,277 [Listener at 127.0.0.1/40737] INFO  grpc.GrpcFactory (GrpcFactory.java:checkPooledByteBufAllocatorUseCacheForAllThreads(48)) - PERFORMANCE WARNING: useCacheForAllThreads is true that may cause Netty to create a lot garbage objects and, as a result, trigger GC.
	It is recommended to disable useCacheForAllThreads by setting -Dorg.apache.ratis.thirdparty.io.netty.allocator.useCacheForAllThreads=false in command line.
2022-08-24 08:26:12,278 [Listener at 127.0.0.1/40737] INFO  grpc.GrpcConfigKeys (ConfUtils.java:logGet(46)) - raft.grpc.admin.port = 0 (custom)
2022-08-24 08:26:12,278 [Listener at 127.0.0.1/40737] INFO  grpc.GrpcConfigKeys (ConfUtils.java:logGet(46)) - raft.grpc.client.port = 0 (custom)
2022-08-24 08:26:12,278 [Listener at 127.0.0.1/40737] INFO  grpc.GrpcConfigKeys (ConfUtils.java:logGet(46)) - raft.grpc.server.port = 0 (default)
2022-08-24 08:26:12,278 [Listener at 127.0.0.1/40737] INFO  server.GrpcService (ConfUtils.java:logGet(46)) - raft.grpc.message.size.max = 32MB (=33554432) (custom)
2022-08-24 08:26:12,278 [Listener at 127.0.0.1/40737] INFO  server.RaftServerConfigKeys (ConfUtils.java:logGet(46)) - raft.server.log.appender.buffer.byte-limit = 33554432 (custom)
2022-08-24 08:26:12,278 [Listener at 127.0.0.1/40737] INFO  server.GrpcService (ConfUtils.java:logGet(46)) - raft.grpc.flow.control.window = 5MB (=5242880) (custom)
2022-08-24 08:26:12,278 [Listener at 127.0.0.1/40737] INFO  server.RaftServerConfigKeys (ConfUtils.java:logGet(46)) - raft.server.rpc.request.timeout = 60s (custom)
2022-08-24 08:26:12,280 [Listener at 127.0.0.1/40737] INFO  grpc.GrpcConfigKeys (ConfUtils.java:logGet(46)) - raft.grpc.server.async.request.thread.pool.cached = true (default)
2022-08-24 08:26:12,280 [Listener at 127.0.0.1/40737] INFO  grpc.GrpcConfigKeys (ConfUtils.java:logGet(46)) - raft.grpc.server.async.request.thread.pool.size = 32 (default)
2022-08-24 08:26:12,281 [Listener at 127.0.0.1/40737] INFO  impl.DataStreamServerImpl (ConfUtils.java:logGet(46)) - raft.datastream.type = DISABLED (default)
2022-08-24 08:26:12,281 [Listener at 127.0.0.1/40737] INFO  server.RaftServerConfigKeys (ConfUtils.java:logGet(46)) - raft.server.threadpool.proxy.cached = true (default)
2022-08-24 08:26:12,281 [Listener at 127.0.0.1/40737] INFO  server.RaftServerConfigKeys (ConfUtils.java:logGet(46)) - raft.server.threadpool.proxy.size = 0 (default)
2022-08-24 08:26:12,281 [Listener at 127.0.0.1/40737] INFO  server.RaftServerConfigKeys (ConfUtils.java:logGet(46)) - raft.server.rpc.slowness.timeout = 300s (custom)
2022-08-24 08:26:12,281 [Listener at 127.0.0.1/40737] INFO  server.RaftServerConfigKeys (ConfUtils.java:logGet(46)) - raft.server.leaderelection.leader.step-down.wait-time = 10s (default)
2022-08-24 08:26:12,281 [Listener at 127.0.0.1/40737] INFO  server.RaftServerConfigKeys (ConfUtils.java:logGet(46)) - raft.server.storage.dir = [/home/runner/work/ozone/ozone/hadoop-ozone/integration-test/target/test-dir/MiniOzoneClusterImpl-1336b647-fddb-4972-9c96-ba48238d1115/datanode-2/data/ratis] (custom)
2022-08-24 08:26:12,283 [Listener at 127.0.0.1/40737] INFO  server.XceiverServerGrpc (XceiverServerGrpc.java:<init>(132)) - GrpcServer channel type EpollServerSocketChannel
2022-08-24 08:26:12,285 [Listener at 127.0.0.1/40737] INFO  http.BaseHttpServer (BaseHttpServer.java:newHttpServer2BuilderForOzone(209)) - Starting Web-server for hddsDatanode at: http://0.0.0.0:0
2022-08-24 08:26:12,285 [Listener at 127.0.0.1/40737] INFO  http.BaseHttpServer (BaseHttpServer.java:<init>(107)) - Hadoop Security Enabled: false Ozone Security Enabled: false Ozone HTTP Security Enabled: false 
2022-08-24 08:26:12,286 [Listener at 127.0.0.1/40737] INFO  server.AuthenticationFilter (AuthenticationFilter.java:constructSecretProvider(240)) - Unable to initialize FileSignerSecretProvider, falling back to use random secrets.
2022-08-24 08:26:12,287 [Listener at 127.0.0.1/40737] WARN  http.HttpRequestLog (HttpRequestLog.java:getRequestLog(103)) - Jetty request log can only be enabled using Log4j
2022-08-24 08:26:12,288 [Listener at 127.0.0.1/40737] INFO  http.HttpServer2 (HttpServer2.java:addGlobalFilter(1029)) - Added global filter 'safety' (class=org.apache.hadoop.hdds.server.http.HttpServer2$QuotingInputFilter)
2022-08-24 08:26:12,289 [Listener at 127.0.0.1/40737] INFO  http.HttpServer2 (HttpServer2.java:addFilter(1005)) - Added filter static_user_filter (class=org.apache.hadoop.http.lib.StaticUserWebFilter$StaticUserFilter) to context hddsDatanode
2022-08-24 08:26:12,289 [Listener at 127.0.0.1/40737] INFO  http.HttpServer2 (HttpServer2.java:addFilter(1013)) - Added filter static_user_filter (class=org.apache.hadoop.http.lib.StaticUserWebFilter$StaticUserFilter) to context logs
2022-08-24 08:26:12,289 [Listener at 127.0.0.1/40737] INFO  http.HttpServer2 (HttpServer2.java:addFilter(1013)) - Added filter static_user_filter (class=org.apache.hadoop.http.lib.StaticUserWebFilter$StaticUserFilter) to context static
2022-08-24 08:26:12,289 [Listener at 127.0.0.1/40737] INFO  http.HttpServer2 (HttpServer2.java:bindListener(1248)) - Jetty bound to port 42077
2022-08-24 08:26:12,289 [Listener at 127.0.0.1/40737] INFO  server.Server (Server.java:doStart(375)) - jetty-9.4.43.v20210629; built: 2021-06-30T11:07:22.254Z; git: 526006ecfa3af7f1a27ef3a288e2bef7ea9dd7e8; jvm 1.8.0_345-b01
2022-08-24 08:26:12,300 [om1@group-C5BA1605619E-StateMachineUpdater] INFO  ratis.OzoneManagerStateMachine (OzoneManagerStateMachine.java:notifyConfigurationChanged(192)) - Received Configuration change notification from Ratis. New Peer list:
[id: "om1"
address: "localhost:40761"
]
2022-08-24 08:26:12,315 [Listener at 127.0.0.1/40737] INFO  server.session (DefaultSessionIdManager.java:doStart(334)) - DefaultSessionIdManager workerName=node0
2022-08-24 08:26:12,316 [Listener at 127.0.0.1/40737] INFO  server.session (DefaultSessionIdManager.java:doStart(339)) - No SessionScavenger set, using defaults
2022-08-24 08:26:12,316 [Listener at 127.0.0.1/40737] INFO  server.session (HouseKeeper.java:startScavenging(132)) - node0 Scavenging every 660000ms
2022-08-24 08:26:12,316 [Listener at 127.0.0.1/40737] INFO  handler.ContextHandler (ContextHandler.java:doStart(915)) - Started o.e.j.s.ServletContextHandler@6cdd006c{logs,/logs,file:///home/runner/work/ozone/ozone/hadoop-ozone/integration-test/target/log,AVAILABLE}
2022-08-24 08:26:12,317 [Listener at 127.0.0.1/40737] INFO  handler.ContextHandler (ContextHandler.java:doStart(915)) - Started o.e.j.s.ServletContextHandler@6212d62e{static,/static,jar:file:/home/runner/.m2/repository/org/apache/ozone/hdds-container-service/1.3.0-SNAPSHOT/hdds-container-service-1.3.0-SNAPSHOT.jar!/webapps/static,AVAILABLE}
2022-08-24 08:26:12,485 [Listener at 127.0.0.1/40737] INFO  handler.ContextHandler (ContextHandler.java:doStart(915)) - Started o.e.j.w.WebAppContext@78017772{hddsDatanode,/,file:///tmp/jetty-0_0_0_0-42077-hdds-container-service-1_3_0-SNAPSHOT_jar-_-any-7508336016660345662/webapp/,AVAILABLE}{jar:file:/home/runner/.m2/repository/org/apache/ozone/hdds-container-service/1.3.0-SNAPSHOT/hdds-container-service-1.3.0-SNAPSHOT.jar!/webapps/hddsDatanode}
2022-08-24 08:26:12,487 [Listener at 127.0.0.1/40737] INFO  server.AbstractConnector (AbstractConnector.java:doStart(331)) - Started ServerConnector@6ac3ee97{HTTP/1.1, (http/1.1)}{0.0.0.0:42077}
2022-08-24 08:26:12,487 [Listener at 127.0.0.1/40737] INFO  server.Server (Server.java:doStart(415)) - Started @8214ms
2022-08-24 08:26:12,487 [Listener at 127.0.0.1/40737] WARN  impl.MetricsSystemImpl (MetricsSystemImpl.java:register(279)) - Sink prometheus already exists!
2022-08-24 08:26:12,487 [Listener at 127.0.0.1/40737] INFO  http.BaseHttpServer (BaseHttpServer.java:updateConnectorAddress(329)) - HTTP server of hddsDatanode listening at http://0.0.0.0:42077
2022-08-24 08:26:12,488 [Listener at 127.0.0.1/40737] WARN  impl.MetricRegistriesImpl (MetricRegistriesImpl.java:addReporterRegistration(111)) - New reporters are added after registries were created. Some metrics will be missing from the reporter. Please add reporter before adding any new registry.
2022-08-24 08:26:12,488 [Listener at 127.0.0.1/40737] WARN  impl.MetricRegistriesImpl (MetricRegistriesImpl.java:addReporterRegistration(111)) - New reporters are added after registries were created. Some metrics will be missing from the reporter. Please add reporter before adding any new registry.
2022-08-24 08:26:12,488 [Listener at 127.0.0.1/40737] INFO  impl.MetricsSystemImpl (MetricsSystemImpl.java:init(158)) - HddsDatanode metrics system started (again)
2022-08-24 08:26:12,490 [Datanode State Machine Daemon Thread] INFO  statemachine.DatanodeStateMachine (DatanodeStateMachine.java:lambda$startDaemon$0(492)) - Ozone container server started.
2022-08-24 08:26:12,499 [Listener at 127.0.0.1/40737] INFO  ozone.HddsDatanodeService (HddsDatanodeService.java:start(236)) - HddsDatanodeService host:fv-az96-669.m4cgkdvplvgupd014rd20bgx3d.gx.internal.cloudapp.net ip:10.1.0.105
2022-08-24 08:26:12,500 [org.apache.hadoop.util.JvmPauseMonitor$Monitor@58220250] INFO  util.JvmPauseMonitor (JvmPauseMonitor.java:run(188)) - Starting JVM pause monitor
2022-08-24 08:26:12,511 [Datanode State Machine Task Thread - 0] INFO  datanode.InitDatanodeState (InitDatanodeState.java:persistContainerDatanodeDetails(138)) - DatanodeDetails is persisted to /home/runner/work/ozone/ozone/hadoop-ozone/integration-test/target/test-dir/MiniOzoneClusterImpl-1336b647-fddb-4972-9c96-ba48238d1115/datanode-2/meta/datanode.id
2022-08-24 08:26:12,517 [Listener at 127.0.0.1/40737] INFO  upgrade.AbstractLayoutVersionManager (AbstractLayoutVersionManager.java:init(83)) - Initializing Layout version manager with metadata layout = DATANODE_SCHEMA_V3 (version = 4), software layout = DATANODE_SCHEMA_V3 (version = 4)
2022-08-24 08:26:12,558 [Listener at 127.0.0.1/40737] INFO  reflections.Reflections (Reflections.java:scan(232)) - Reflections took 41 ms to scan 7 urls, producing 133 keys and 322 values 
2022-08-24 08:26:12,559 [Listener at 127.0.0.1/40737] INFO  statemachine.DatanodeStateMachine (DatanodeStateMachine.java:getEndPointTaskThreadPoolSize(237)) - Datanode State Machine Task Thread Pool size 2
2022-08-24 08:26:12,563 [Listener at 127.0.0.1/40737] INFO  volume.HddsVolume (HddsVolume.java:<init>(117)) - Creating HddsVolume: /home/runner/work/ozone/ozone/hadoop-ozone/integration-test/target/test-dir/MiniOzoneClusterImpl-1336b647-fddb-4972-9c96-ba48238d1115/datanode-3/data-0/containers/hdds of storage type : DISK capacity : 9223372036854775807
2022-08-24 08:26:12,563 [Listener at 127.0.0.1/40737] INFO  volume.MutableVolumeSet (MutableVolumeSet.java:initializeVolumeSet(174)) - Added Volume : /home/runner/work/ozone/ozone/hadoop-ozone/integration-test/target/test-dir/MiniOzoneClusterImpl-1336b647-fddb-4972-9c96-ba48238d1115/datanode-3/data-0/containers/hdds to VolumeSet
2022-08-24 08:26:12,564 [Listener at 127.0.0.1/40737] INFO  volume.ThrottledAsyncChecker (ThrottledAsyncChecker.java:schedule(141)) - Scheduling a check for /home/runner/work/ozone/ozone/hadoop-ozone/integration-test/target/test-dir/MiniOzoneClusterImpl-1336b647-fddb-4972-9c96-ba48238d1115/datanode-3/data-0/containers/hdds
2022-08-24 08:26:12,566 [Listener at 127.0.0.1/40737] INFO  volume.StorageVolumeChecker (StorageVolumeChecker.java:checkAllVolumes(202)) - Scheduled health check for volume /home/runner/work/ozone/ozone/hadoop-ozone/integration-test/target/test-dir/MiniOzoneClusterImpl-1336b647-fddb-4972-9c96-ba48238d1115/datanode-3/data-0/containers/hdds
2022-08-24 08:26:12,576 [Listener at 127.0.0.1/40737] INFO  volume.MutableVolumeSet (MutableVolumeSet.java:initializeVolumeSet(174)) - Added Volume : /home/runner/work/ozone/ozone/hadoop-ozone/integration-test/target/test-dir/MiniOzoneClusterImpl-1336b647-fddb-4972-9c96-ba48238d1115/datanode-3/data/ratis to VolumeSet
2022-08-24 08:26:12,576 [Listener at 127.0.0.1/40737] INFO  volume.ThrottledAsyncChecker (ThrottledAsyncChecker.java:schedule(141)) - Scheduling a check for /home/runner/work/ozone/ozone/hadoop-ozone/integration-test/target/test-dir/MiniOzoneClusterImpl-1336b647-fddb-4972-9c96-ba48238d1115/datanode-3/data/ratis
2022-08-24 08:26:12,576 [Listener at 127.0.0.1/40737] INFO  volume.StorageVolumeChecker (StorageVolumeChecker.java:checkAllVolumes(202)) - Scheduled health check for volume /home/runner/work/ozone/ozone/hadoop-ozone/integration-test/target/test-dir/MiniOzoneClusterImpl-1336b647-fddb-4972-9c96-ba48238d1115/datanode-3/data/ratis
2022-08-24 08:26:12,586 [Thread-179] INFO  ozoneimpl.ContainerReader (ContainerReader.java:readVolume(175)) - Finish verifying containers on volume /home/runner/work/ozone/ozone/hadoop-ozone/integration-test/target/test-dir/MiniOzoneClusterImpl-1336b647-fddb-4972-9c96-ba48238d1115/datanode-3/data-0/containers/hdds
2022-08-24 08:26:12,586 [Listener at 127.0.0.1/40737] INFO  ozoneimpl.OzoneContainer (OzoneContainer.java:buildContainerSet(299)) - Build ContainerSet costs 0s
2022-08-24 08:26:12,589 [Listener at 127.0.0.1/40737] INFO  server.RaftServer (ConfUtils.java:logGet(46)) - raft.rpc.type = GRPC (default)
2022-08-24 08:26:12,589 [Listener at 127.0.0.1/40737] INFO  grpc.GrpcFactory (GrpcFactory.java:checkPooledByteBufAllocatorUseCacheForAllThreads(48)) - PERFORMANCE WARNING: useCacheForAllThreads is true that may cause Netty to create a lot garbage objects and, as a result, trigger GC.
	It is recommended to disable useCacheForAllThreads by setting -Dorg.apache.ratis.thirdparty.io.netty.allocator.useCacheForAllThreads=false in command line.
2022-08-24 08:26:12,589 [Listener at 127.0.0.1/40737] INFO  grpc.GrpcConfigKeys (ConfUtils.java:logGet(46)) - raft.grpc.admin.port = 0 (custom)
2022-08-24 08:26:12,589 [Listener at 127.0.0.1/40737] INFO  grpc.GrpcConfigKeys (ConfUtils.java:logGet(46)) - raft.grpc.client.port = 0 (custom)
2022-08-24 08:26:12,589 [Listener at 127.0.0.1/40737] INFO  grpc.GrpcConfigKeys (ConfUtils.java:logGet(46)) - raft.grpc.server.port = 0 (default)
2022-08-24 08:26:12,589 [Listener at 127.0.0.1/40737] INFO  server.GrpcService (ConfUtils.java:logGet(46)) - raft.grpc.message.size.max = 32MB (=33554432) (custom)
2022-08-24 08:26:12,589 [Listener at 127.0.0.1/40737] INFO  server.RaftServerConfigKeys (ConfUtils.java:logGet(46)) - raft.server.log.appender.buffer.byte-limit = 33554432 (custom)
2022-08-24 08:26:12,589 [Listener at 127.0.0.1/40737] INFO  server.GrpcService (ConfUtils.java:logGet(46)) - raft.grpc.flow.control.window = 5MB (=5242880) (custom)
2022-08-24 08:26:12,589 [Listener at 127.0.0.1/40737] INFO  server.RaftServerConfigKeys (ConfUtils.java:logGet(46)) - raft.server.rpc.request.timeout = 60s (custom)
2022-08-24 08:26:12,589 [Listener at 127.0.0.1/40737] INFO  grpc.GrpcConfigKeys (ConfUtils.java:logGet(46)) - raft.grpc.server.async.request.thread.pool.cached = true (default)
2022-08-24 08:26:12,589 [Listener at 127.0.0.1/40737] INFO  grpc.GrpcConfigKeys (ConfUtils.java:logGet(46)) - raft.grpc.server.async.request.thread.pool.size = 32 (default)
2022-08-24 08:26:12,590 [Listener at 127.0.0.1/40737] INFO  impl.DataStreamServerImpl (ConfUtils.java:logGet(46)) - raft.datastream.type = DISABLED (default)
2022-08-24 08:26:12,590 [Listener at 127.0.0.1/40737] INFO  server.RaftServerConfigKeys (ConfUtils.java:logGet(46)) - raft.server.threadpool.proxy.cached = true (default)
2022-08-24 08:26:12,590 [Listener at 127.0.0.1/40737] INFO  server.RaftServerConfigKeys (ConfUtils.java:logGet(46)) - raft.server.threadpool.proxy.size = 0 (default)
2022-08-24 08:26:12,591 [Listener at 127.0.0.1/40737] INFO  server.RaftServerConfigKeys (ConfUtils.java:logGet(46)) - raft.server.rpc.slowness.timeout = 300s (custom)
2022-08-24 08:26:12,591 [Listener at 127.0.0.1/40737] INFO  server.RaftServerConfigKeys (ConfUtils.java:logGet(46)) - raft.server.leaderelection.leader.step-down.wait-time = 10s (default)
2022-08-24 08:26:12,591 [Listener at 127.0.0.1/40737] INFO  server.RaftServerConfigKeys (ConfUtils.java:logGet(46)) - raft.server.storage.dir = [/home/runner/work/ozone/ozone/hadoop-ozone/integration-test/target/test-dir/MiniOzoneClusterImpl-1336b647-fddb-4972-9c96-ba48238d1115/datanode-3/data/ratis] (custom)
2022-08-24 08:26:12,592 [Listener at 127.0.0.1/40737] INFO  server.XceiverServerGrpc (XceiverServerGrpc.java:<init>(132)) - GrpcServer channel type EpollServerSocketChannel
2022-08-24 08:26:12,596 [Listener at 127.0.0.1/40737] INFO  http.BaseHttpServer (BaseHttpServer.java:newHttpServer2BuilderForOzone(209)) - Starting Web-server for hddsDatanode at: http://0.0.0.0:0
2022-08-24 08:26:12,596 [Listener at 127.0.0.1/40737] INFO  http.BaseHttpServer (BaseHttpServer.java:<init>(107)) - Hadoop Security Enabled: false Ozone Security Enabled: false Ozone HTTP Security Enabled: false 
2022-08-24 08:26:12,597 [Listener at 127.0.0.1/40737] INFO  server.AuthenticationFilter (AuthenticationFilter.java:constructSecretProvider(240)) - Unable to initialize FileSignerSecretProvider, falling back to use random secrets.
2022-08-24 08:26:12,598 [Listener at 127.0.0.1/40737] WARN  http.HttpRequestLog (HttpRequestLog.java:getRequestLog(103)) - Jetty request log can only be enabled using Log4j
2022-08-24 08:26:12,599 [Listener at 127.0.0.1/40737] INFO  http.HttpServer2 (HttpServer2.java:addGlobalFilter(1029)) - Added global filter 'safety' (class=org.apache.hadoop.hdds.server.http.HttpServer2$QuotingInputFilter)
2022-08-24 08:26:12,600 [Listener at 127.0.0.1/40737] INFO  http.HttpServer2 (HttpServer2.java:addFilter(1005)) - Added filter static_user_filter (class=org.apache.hadoop.http.lib.StaticUserWebFilter$StaticUserFilter) to context hddsDatanode
2022-08-24 08:26:12,600 [Listener at 127.0.0.1/40737] INFO  http.HttpServer2 (HttpServer2.java:addFilter(1013)) - Added filter static_user_filter (class=org.apache.hadoop.http.lib.StaticUserWebFilter$StaticUserFilter) to context static
2022-08-24 08:26:12,600 [Listener at 127.0.0.1/40737] INFO  http.HttpServer2 (HttpServer2.java:addFilter(1013)) - Added filter static_user_filter (class=org.apache.hadoop.http.lib.StaticUserWebFilter$StaticUserFilter) to context logs
2022-08-24 08:26:12,600 [Listener at 127.0.0.1/40737] INFO  http.HttpServer2 (HttpServer2.java:bindListener(1248)) - Jetty bound to port 34139
2022-08-24 08:26:12,600 [Listener at 127.0.0.1/40737] INFO  server.Server (Server.java:doStart(375)) - jetty-9.4.43.v20210629; built: 2021-06-30T11:07:22.254Z; git: 526006ecfa3af7f1a27ef3a288e2bef7ea9dd7e8; jvm 1.8.0_345-b01
2022-08-24 08:26:12,602 [Listener at 127.0.0.1/40737] INFO  server.session (DefaultSessionIdManager.java:doStart(334)) - DefaultSessionIdManager workerName=node0
2022-08-24 08:26:12,602 [Listener at 127.0.0.1/40737] INFO  server.session (DefaultSessionIdManager.java:doStart(339)) - No SessionScavenger set, using defaults
2022-08-24 08:26:12,603 [Listener at 127.0.0.1/40737] INFO  server.session (HouseKeeper.java:startScavenging(132)) - node0 Scavenging every 600000ms
2022-08-24 08:26:12,603 [Listener at 127.0.0.1/40737] INFO  handler.ContextHandler (ContextHandler.java:doStart(915)) - Started o.e.j.s.ServletContextHandler@3e0728d9{logs,/logs,file:///home/runner/work/ozone/ozone/hadoop-ozone/integration-test/target/log,AVAILABLE}
2022-08-24 08:26:12,603 [Listener at 127.0.0.1/40737] INFO  handler.ContextHandler (ContextHandler.java:doStart(915)) - Started o.e.j.s.ServletContextHandler@4bb5d38d{static,/static,jar:file:/home/runner/.m2/repository/org/apache/ozone/hdds-container-service/1.3.0-SNAPSHOT/hdds-container-service-1.3.0-SNAPSHOT.jar!/webapps/static,AVAILABLE}
2022-08-24 08:26:12,791 [Listener at 127.0.0.1/40737] INFO  handler.ContextHandler (ContextHandler.java:doStart(915)) - Started o.e.j.w.WebAppContext@323fda85{hddsDatanode,/,file:///tmp/jetty-0_0_0_0-34139-hdds-container-service-1_3_0-SNAPSHOT_jar-_-any-3616749827336811263/webapp/,AVAILABLE}{jar:file:/home/runner/.m2/repository/org/apache/ozone/hdds-container-service/1.3.0-SNAPSHOT/hdds-container-service-1.3.0-SNAPSHOT.jar!/webapps/hddsDatanode}
2022-08-24 08:26:12,792 [Listener at 127.0.0.1/40737] INFO  server.AbstractConnector (AbstractConnector.java:doStart(331)) - Started ServerConnector@6707bbe{HTTP/1.1, (http/1.1)}{0.0.0.0:34139}
2022-08-24 08:26:12,792 [Listener at 127.0.0.1/40737] INFO  server.Server (Server.java:doStart(415)) - Started @8519ms
2022-08-24 08:26:12,792 [Listener at 127.0.0.1/40737] WARN  impl.MetricsSystemImpl (MetricsSystemImpl.java:register(279)) - Sink prometheus already exists!
2022-08-24 08:26:12,793 [Listener at 127.0.0.1/40737] INFO  http.BaseHttpServer (BaseHttpServer.java:updateConnectorAddress(329)) - HTTP server of hddsDatanode listening at http://0.0.0.0:34139
2022-08-24 08:26:12,793 [Datanode State Machine Daemon Thread] INFO  statemachine.DatanodeStateMachine (DatanodeStateMachine.java:lambda$startDaemon$0(492)) - Ozone container server started.
2022-08-24 08:26:12,793 [Listener at 127.0.0.1/40737] WARN  impl.MetricRegistriesImpl (MetricRegistriesImpl.java:addReporterRegistration(111)) - New reporters are added after registries were created. Some metrics will be missing from the reporter. Please add reporter before adding any new registry.
2022-08-24 08:26:12,794 [Listener at 127.0.0.1/40737] WARN  impl.MetricRegistriesImpl (MetricRegistriesImpl.java:addReporterRegistration(111)) - New reporters are added after registries were created. Some metrics will be missing from the reporter. Please add reporter before adding any new registry.
2022-08-24 08:26:12,794 [Listener at 127.0.0.1/40737] INFO  impl.MetricsSystemImpl (MetricsSystemImpl.java:init(158)) - HddsDatanode metrics system started (again)
2022-08-24 08:26:12,805 [Listener at 127.0.0.1/40737] INFO  ozone.HddsDatanodeService (HddsDatanodeService.java:start(236)) - HddsDatanodeService host:fv-az96-669.m4cgkdvplvgupd014rd20bgx3d.gx.internal.cloudapp.net ip:10.1.0.105
2022-08-24 08:26:12,805 [org.apache.hadoop.util.JvmPauseMonitor$Monitor@7fbe945d] INFO  util.JvmPauseMonitor (JvmPauseMonitor.java:run(188)) - Starting JVM pause monitor
2022-08-24 08:26:12,808 [Datanode State Machine Task Thread - 0] INFO  datanode.InitDatanodeState (InitDatanodeState.java:persistContainerDatanodeDetails(138)) - DatanodeDetails is persisted to /home/runner/work/ozone/ozone/hadoop-ozone/integration-test/target/test-dir/MiniOzoneClusterImpl-1336b647-fddb-4972-9c96-ba48238d1115/datanode-3/meta/datanode.id
2022-08-24 08:26:12,820 [Listener at 127.0.0.1/40737] INFO  upgrade.AbstractLayoutVersionManager (AbstractLayoutVersionManager.java:init(83)) - Initializing Layout version manager with metadata layout = DATANODE_SCHEMA_V3 (version = 4), software layout = DATANODE_SCHEMA_V3 (version = 4)
2022-08-24 08:26:12,861 [Listener at 127.0.0.1/40737] INFO  reflections.Reflections (Reflections.java:scan(232)) - Reflections took 40 ms to scan 7 urls, producing 133 keys and 322 values 
2022-08-24 08:26:12,862 [Listener at 127.0.0.1/40737] INFO  statemachine.DatanodeStateMachine (DatanodeStateMachine.java:getEndPointTaskThreadPoolSize(237)) - Datanode State Machine Task Thread Pool size 2
2022-08-24 08:26:12,867 [Listener at 127.0.0.1/40737] INFO  volume.HddsVolume (HddsVolume.java:<init>(117)) - Creating HddsVolume: /home/runner/work/ozone/ozone/hadoop-ozone/integration-test/target/test-dir/MiniOzoneClusterImpl-1336b647-fddb-4972-9c96-ba48238d1115/datanode-4/data-0/containers/hdds of storage type : DISK capacity : 9223372036854775807
2022-08-24 08:26:12,867 [Listener at 127.0.0.1/40737] INFO  volume.MutableVolumeSet (MutableVolumeSet.java:initializeVolumeSet(174)) - Added Volume : /home/runner/work/ozone/ozone/hadoop-ozone/integration-test/target/test-dir/MiniOzoneClusterImpl-1336b647-fddb-4972-9c96-ba48238d1115/datanode-4/data-0/containers/hdds to VolumeSet
2022-08-24 08:26:12,868 [Listener at 127.0.0.1/40737] INFO  volume.ThrottledAsyncChecker (ThrottledAsyncChecker.java:schedule(141)) - Scheduling a check for /home/runner/work/ozone/ozone/hadoop-ozone/integration-test/target/test-dir/MiniOzoneClusterImpl-1336b647-fddb-4972-9c96-ba48238d1115/datanode-4/data-0/containers/hdds
2022-08-24 08:26:12,873 [Listener at 127.0.0.1/40737] INFO  volume.StorageVolumeChecker (StorageVolumeChecker.java:checkAllVolumes(202)) - Scheduled health check for volume /home/runner/work/ozone/ozone/hadoop-ozone/integration-test/target/test-dir/MiniOzoneClusterImpl-1336b647-fddb-4972-9c96-ba48238d1115/datanode-4/data-0/containers/hdds
2022-08-24 08:26:12,883 [Listener at 127.0.0.1/40737] INFO  volume.MutableVolumeSet (MutableVolumeSet.java:initializeVolumeSet(174)) - Added Volume : /home/runner/work/ozone/ozone/hadoop-ozone/integration-test/target/test-dir/MiniOzoneClusterImpl-1336b647-fddb-4972-9c96-ba48238d1115/datanode-4/data/ratis to VolumeSet
2022-08-24 08:26:12,883 [Listener at 127.0.0.1/40737] INFO  volume.ThrottledAsyncChecker (ThrottledAsyncChecker.java:schedule(141)) - Scheduling a check for /home/runner/work/ozone/ozone/hadoop-ozone/integration-test/target/test-dir/MiniOzoneClusterImpl-1336b647-fddb-4972-9c96-ba48238d1115/datanode-4/data/ratis
2022-08-24 08:26:12,884 [Listener at 127.0.0.1/40737] INFO  volume.StorageVolumeChecker (StorageVolumeChecker.java:checkAllVolumes(202)) - Scheduled health check for volume /home/runner/work/ozone/ozone/hadoop-ozone/integration-test/target/test-dir/MiniOzoneClusterImpl-1336b647-fddb-4972-9c96-ba48238d1115/datanode-4/data/ratis
2022-08-24 08:26:12,893 [Thread-192] INFO  ozoneimpl.ContainerReader (ContainerReader.java:readVolume(175)) - Finish verifying containers on volume /home/runner/work/ozone/ozone/hadoop-ozone/integration-test/target/test-dir/MiniOzoneClusterImpl-1336b647-fddb-4972-9c96-ba48238d1115/datanode-4/data-0/containers/hdds
2022-08-24 08:26:12,893 [Listener at 127.0.0.1/40737] INFO  ozoneimpl.OzoneContainer (OzoneContainer.java:buildContainerSet(299)) - Build ContainerSet costs 0s
2022-08-24 08:26:12,896 [Listener at 127.0.0.1/40737] INFO  server.RaftServer (ConfUtils.java:logGet(46)) - raft.rpc.type = GRPC (default)
2022-08-24 08:26:12,896 [Listener at 127.0.0.1/40737] INFO  grpc.GrpcFactory (GrpcFactory.java:checkPooledByteBufAllocatorUseCacheForAllThreads(48)) - PERFORMANCE WARNING: useCacheForAllThreads is true that may cause Netty to create a lot garbage objects and, as a result, trigger GC.
	It is recommended to disable useCacheForAllThreads by setting -Dorg.apache.ratis.thirdparty.io.netty.allocator.useCacheForAllThreads=false in command line.
2022-08-24 08:26:12,896 [Listener at 127.0.0.1/40737] INFO  grpc.GrpcConfigKeys (ConfUtils.java:logGet(46)) - raft.grpc.admin.port = 0 (custom)
2022-08-24 08:26:12,896 [Listener at 127.0.0.1/40737] INFO  grpc.GrpcConfigKeys (ConfUtils.java:logGet(46)) - raft.grpc.client.port = 0 (custom)
2022-08-24 08:26:12,896 [Listener at 127.0.0.1/40737] INFO  grpc.GrpcConfigKeys (ConfUtils.java:logGet(46)) - raft.grpc.server.port = 0 (default)
2022-08-24 08:26:12,896 [Listener at 127.0.0.1/40737] INFO  server.GrpcService (ConfUtils.java:logGet(46)) - raft.grpc.message.size.max = 32MB (=33554432) (custom)
2022-08-24 08:26:12,896 [Listener at 127.0.0.1/40737] INFO  server.RaftServerConfigKeys (ConfUtils.java:logGet(46)) - raft.server.log.appender.buffer.byte-limit = 33554432 (custom)
2022-08-24 08:26:12,896 [Listener at 127.0.0.1/40737] INFO  server.GrpcService (ConfUtils.java:logGet(46)) - raft.grpc.flow.control.window = 5MB (=5242880) (custom)
2022-08-24 08:26:12,896 [Listener at 127.0.0.1/40737] INFO  server.RaftServerConfigKeys (ConfUtils.java:logGet(46)) - raft.server.rpc.request.timeout = 60s (custom)
2022-08-24 08:26:12,896 [Listener at 127.0.0.1/40737] INFO  grpc.GrpcConfigKeys (ConfUtils.java:logGet(46)) - raft.grpc.server.async.request.thread.pool.cached = true (default)
2022-08-24 08:26:12,896 [Listener at 127.0.0.1/40737] INFO  grpc.GrpcConfigKeys (ConfUtils.java:logGet(46)) - raft.grpc.server.async.request.thread.pool.size = 32 (default)
2022-08-24 08:26:12,897 [Listener at 127.0.0.1/40737] INFO  impl.DataStreamServerImpl (ConfUtils.java:logGet(46)) - raft.datastream.type = DISABLED (default)
2022-08-24 08:26:12,897 [Listener at 127.0.0.1/40737] INFO  server.RaftServerConfigKeys (ConfUtils.java:logGet(46)) - raft.server.threadpool.proxy.cached = true (default)
2022-08-24 08:26:12,897 [Listener at 127.0.0.1/40737] INFO  server.RaftServerConfigKeys (ConfUtils.java:logGet(46)) - raft.server.threadpool.proxy.size = 0 (default)
2022-08-24 08:26:12,897 [Listener at 127.0.0.1/40737] INFO  server.RaftServerConfigKeys (ConfUtils.java:logGet(46)) - raft.server.rpc.slowness.timeout = 300s (custom)
2022-08-24 08:26:12,898 [Listener at 127.0.0.1/40737] INFO  server.RaftServerConfigKeys (ConfUtils.java:logGet(46)) - raft.server.leaderelection.leader.step-down.wait-time = 10s (default)
2022-08-24 08:26:12,898 [Listener at 127.0.0.1/40737] INFO  server.RaftServerConfigKeys (ConfUtils.java:logGet(46)) - raft.server.storage.dir = [/home/runner/work/ozone/ozone/hadoop-ozone/integration-test/target/test-dir/MiniOzoneClusterImpl-1336b647-fddb-4972-9c96-ba48238d1115/datanode-4/data/ratis] (custom)
2022-08-24 08:26:12,899 [Listener at 127.0.0.1/40737] INFO  server.XceiverServerGrpc (XceiverServerGrpc.java:<init>(132)) - GrpcServer channel type EpollServerSocketChannel
2022-08-24 08:26:12,903 [Listener at 127.0.0.1/40737] INFO  http.BaseHttpServer (BaseHttpServer.java:newHttpServer2BuilderForOzone(209)) - Starting Web-server for hddsDatanode at: http://0.0.0.0:0
2022-08-24 08:26:12,904 [Listener at 127.0.0.1/40737] INFO  http.BaseHttpServer (BaseHttpServer.java:<init>(107)) - Hadoop Security Enabled: false Ozone Security Enabled: false Ozone HTTP Security Enabled: false 
2022-08-24 08:26:12,905 [Listener at 127.0.0.1/40737] INFO  server.AuthenticationFilter (AuthenticationFilter.java:constructSecretProvider(240)) - Unable to initialize FileSignerSecretProvider, falling back to use random secrets.
2022-08-24 08:26:12,910 [Listener at 127.0.0.1/40737] WARN  http.HttpRequestLog (HttpRequestLog.java:getRequestLog(103)) - Jetty request log can only be enabled using Log4j
2022-08-24 08:26:12,911 [Listener at 127.0.0.1/40737] INFO  http.HttpServer2 (HttpServer2.java:addGlobalFilter(1029)) - Added global filter 'safety' (class=org.apache.hadoop.hdds.server.http.HttpServer2$QuotingInputFilter)
2022-08-24 08:26:12,912 [Listener at 127.0.0.1/40737] INFO  http.HttpServer2 (HttpServer2.java:addFilter(1005)) - Added filter static_user_filter (class=org.apache.hadoop.http.lib.StaticUserWebFilter$StaticUserFilter) to context hddsDatanode
2022-08-24 08:26:12,912 [Listener at 127.0.0.1/40737] INFO  http.HttpServer2 (HttpServer2.java:addFilter(1013)) - Added filter static_user_filter (class=org.apache.hadoop.http.lib.StaticUserWebFilter$StaticUserFilter) to context static
2022-08-24 08:26:12,912 [Listener at 127.0.0.1/40737] INFO  http.HttpServer2 (HttpServer2.java:addFilter(1013)) - Added filter static_user_filter (class=org.apache.hadoop.http.lib.StaticUserWebFilter$StaticUserFilter) to context logs
2022-08-24 08:26:12,913 [Listener at 127.0.0.1/40737] INFO  http.HttpServer2 (HttpServer2.java:bindListener(1248)) - Jetty bound to port 38861
2022-08-24 08:26:12,913 [Listener at 127.0.0.1/40737] INFO  server.Server (Server.java:doStart(375)) - jetty-9.4.43.v20210629; built: 2021-06-30T11:07:22.254Z; git: 526006ecfa3af7f1a27ef3a288e2bef7ea9dd7e8; jvm 1.8.0_345-b01
2022-08-24 08:26:12,916 [Listener at 127.0.0.1/40737] INFO  server.session (DefaultSessionIdManager.java:doStart(334)) - DefaultSessionIdManager workerName=node0
2022-08-24 08:26:12,916 [Listener at 127.0.0.1/40737] INFO  server.session (DefaultSessionIdManager.java:doStart(339)) - No SessionScavenger set, using defaults
2022-08-24 08:26:12,916 [Listener at 127.0.0.1/40737] INFO  server.session (HouseKeeper.java:startScavenging(132)) - node0 Scavenging every 660000ms
2022-08-24 08:26:12,918 [Listener at 127.0.0.1/40737] INFO  handler.ContextHandler (ContextHandler.java:doStart(915)) - Started o.e.j.s.ServletContextHandler@36be7c35{logs,/logs,file:///home/runner/work/ozone/ozone/hadoop-ozone/integration-test/target/log,AVAILABLE}
2022-08-24 08:26:12,918 [Listener at 127.0.0.1/40737] INFO  handler.ContextHandler (ContextHandler.java:doStart(915)) - Started o.e.j.s.ServletContextHandler@4c475432{static,/static,jar:file:/home/runner/.m2/repository/org/apache/ozone/hdds-container-service/1.3.0-SNAPSHOT/hdds-container-service-1.3.0-SNAPSHOT.jar!/webapps/static,AVAILABLE}
2022-08-24 08:26:13,086 [Listener at 127.0.0.1/40737] INFO  handler.ContextHandler (ContextHandler.java:doStart(915)) - Started o.e.j.w.WebAppContext@7c92aadc{hddsDatanode,/,file:///tmp/jetty-0_0_0_0-38861-hdds-container-service-1_3_0-SNAPSHOT_jar-_-any-2424188445950109166/webapp/,AVAILABLE}{jar:file:/home/runner/.m2/repository/org/apache/ozone/hdds-container-service/1.3.0-SNAPSHOT/hdds-container-service-1.3.0-SNAPSHOT.jar!/webapps/hddsDatanode}
2022-08-24 08:26:13,087 [Listener at 127.0.0.1/40737] INFO  server.AbstractConnector (AbstractConnector.java:doStart(331)) - Started ServerConnector@300cf3d1{HTTP/1.1, (http/1.1)}{0.0.0.0:38861}
2022-08-24 08:26:13,087 [Listener at 127.0.0.1/40737] INFO  server.Server (Server.java:doStart(415)) - Started @8814ms
2022-08-24 08:26:13,087 [Listener at 127.0.0.1/40737] WARN  impl.MetricsSystemImpl (MetricsSystemImpl.java:register(279)) - Sink prometheus already exists!
2022-08-24 08:26:13,088 [Listener at 127.0.0.1/40737] INFO  http.BaseHttpServer (BaseHttpServer.java:updateConnectorAddress(329)) - HTTP server of hddsDatanode listening at http://0.0.0.0:38861
2022-08-24 08:26:13,088 [Listener at 127.0.0.1/40737] WARN  impl.MetricRegistriesImpl (MetricRegistriesImpl.java:addReporterRegistration(111)) - New reporters are added after registries were created. Some metrics will be missing from the reporter. Please add reporter before adding any new registry.
2022-08-24 08:26:13,089 [Listener at 127.0.0.1/40737] WARN  impl.MetricRegistriesImpl (MetricRegistriesImpl.java:addReporterRegistration(111)) - New reporters are added after registries were created. Some metrics will be missing from the reporter. Please add reporter before adding any new registry.
2022-08-24 08:26:13,089 [Listener at 127.0.0.1/40737] INFO  impl.MetricsSystemImpl (MetricsSystemImpl.java:init(158)) - HddsDatanode metrics system started (again)
2022-08-24 08:26:13,091 [Datanode State Machine Daemon Thread] INFO  statemachine.DatanodeStateMachine (DatanodeStateMachine.java:lambda$startDaemon$0(492)) - Ozone container server started.
2022-08-24 08:26:13,103 [org.apache.hadoop.util.JvmPauseMonitor$Monitor@7880d319] INFO  util.JvmPauseMonitor (JvmPauseMonitor.java:run(188)) - Starting JVM pause monitor
2022-08-24 08:26:13,104 [Listener at 127.0.0.1/40737] INFO  ozone.HddsDatanodeService (HddsDatanodeService.java:start(236)) - HddsDatanodeService host:fv-az96-669.m4cgkdvplvgupd014rd20bgx3d.gx.internal.cloudapp.net ip:10.1.0.105
2022-08-24 08:26:13,111 [Datanode State Machine Task Thread - 0] INFO  datanode.InitDatanodeState (InitDatanodeState.java:persistContainerDatanodeDetails(138)) - DatanodeDetails is persisted to /home/runner/work/ozone/ozone/hadoop-ozone/integration-test/target/test-dir/MiniOzoneClusterImpl-1336b647-fddb-4972-9c96-ba48238d1115/datanode-4/meta/datanode.id
2022-08-24 08:26:13,124 [Listener at 127.0.0.1/40737] INFO  upgrade.AbstractLayoutVersionManager (AbstractLayoutVersionManager.java:init(83)) - Initializing Layout version manager with metadata layout = DATANODE_SCHEMA_V3 (version = 4), software layout = DATANODE_SCHEMA_V3 (version = 4)
2022-08-24 08:26:13,164 [ReplicationMonitor] INFO  replication.ReplicationManager (ReplicationManager.java:processAll(255)) - Replication Manager is not ready to run until 3000ms after safemode exit
2022-08-24 08:26:13,167 [Listener at 127.0.0.1/40737] INFO  reflections.Reflections (Reflections.java:scan(232)) - Reflections took 43 ms to scan 7 urls, producing 133 keys and 322 values 
2022-08-24 08:26:13,168 [Listener at 127.0.0.1/40737] INFO  statemachine.DatanodeStateMachine (DatanodeStateMachine.java:getEndPointTaskThreadPoolSize(237)) - Datanode State Machine Task Thread Pool size 2
2022-08-24 08:26:13,171 [Listener at 127.0.0.1/40737] INFO  volume.HddsVolume (HddsVolume.java:<init>(117)) - Creating HddsVolume: /home/runner/work/ozone/ozone/hadoop-ozone/integration-test/target/test-dir/MiniOzoneClusterImpl-1336b647-fddb-4972-9c96-ba48238d1115/datanode-5/data-0/containers/hdds of storage type : DISK capacity : 9223372036854775807
2022-08-24 08:26:13,171 [Listener at 127.0.0.1/40737] INFO  volume.MutableVolumeSet (MutableVolumeSet.java:initializeVolumeSet(174)) - Added Volume : /home/runner/work/ozone/ozone/hadoop-ozone/integration-test/target/test-dir/MiniOzoneClusterImpl-1336b647-fddb-4972-9c96-ba48238d1115/datanode-5/data-0/containers/hdds to VolumeSet
2022-08-24 08:26:13,172 [Listener at 127.0.0.1/40737] INFO  volume.ThrottledAsyncChecker (ThrottledAsyncChecker.java:schedule(141)) - Scheduling a check for /home/runner/work/ozone/ozone/hadoop-ozone/integration-test/target/test-dir/MiniOzoneClusterImpl-1336b647-fddb-4972-9c96-ba48238d1115/datanode-5/data-0/containers/hdds
2022-08-24 08:26:13,174 [Listener at 127.0.0.1/40737] INFO  volume.StorageVolumeChecker (StorageVolumeChecker.java:checkAllVolumes(202)) - Scheduled health check for volume /home/runner/work/ozone/ozone/hadoop-ozone/integration-test/target/test-dir/MiniOzoneClusterImpl-1336b647-fddb-4972-9c96-ba48238d1115/datanode-5/data-0/containers/hdds
2022-08-24 08:26:13,184 [Listener at 127.0.0.1/40737] INFO  volume.MutableVolumeSet (MutableVolumeSet.java:initializeVolumeSet(174)) - Added Volume : /home/runner/work/ozone/ozone/hadoop-ozone/integration-test/target/test-dir/MiniOzoneClusterImpl-1336b647-fddb-4972-9c96-ba48238d1115/datanode-5/data/ratis to VolumeSet
2022-08-24 08:26:13,184 [Listener at 127.0.0.1/40737] INFO  volume.ThrottledAsyncChecker (ThrottledAsyncChecker.java:schedule(141)) - Scheduling a check for /home/runner/work/ozone/ozone/hadoop-ozone/integration-test/target/test-dir/MiniOzoneClusterImpl-1336b647-fddb-4972-9c96-ba48238d1115/datanode-5/data/ratis
2022-08-24 08:26:13,185 [Listener at 127.0.0.1/40737] INFO  volume.StorageVolumeChecker (StorageVolumeChecker.java:checkAllVolumes(202)) - Scheduled health check for volume /home/runner/work/ozone/ozone/hadoop-ozone/integration-test/target/test-dir/MiniOzoneClusterImpl-1336b647-fddb-4972-9c96-ba48238d1115/datanode-5/data/ratis
2022-08-24 08:26:13,195 [Thread-205] INFO  ozoneimpl.ContainerReader (ContainerReader.java:readVolume(175)) - Finish verifying containers on volume /home/runner/work/ozone/ozone/hadoop-ozone/integration-test/target/test-dir/MiniOzoneClusterImpl-1336b647-fddb-4972-9c96-ba48238d1115/datanode-5/data-0/containers/hdds
2022-08-24 08:26:13,195 [Listener at 127.0.0.1/40737] INFO  ozoneimpl.OzoneContainer (OzoneContainer.java:buildContainerSet(299)) - Build ContainerSet costs 0s
2022-08-24 08:26:13,201 [Listener at 127.0.0.1/40737] INFO  server.RaftServer (ConfUtils.java:logGet(46)) - raft.rpc.type = GRPC (default)
2022-08-24 08:26:13,201 [Listener at 127.0.0.1/40737] INFO  grpc.GrpcFactory (GrpcFactory.java:checkPooledByteBufAllocatorUseCacheForAllThreads(48)) - PERFORMANCE WARNING: useCacheForAllThreads is true that may cause Netty to create a lot garbage objects and, as a result, trigger GC.
	It is recommended to disable useCacheForAllThreads by setting -Dorg.apache.ratis.thirdparty.io.netty.allocator.useCacheForAllThreads=false in command line.
2022-08-24 08:26:13,201 [Listener at 127.0.0.1/40737] INFO  grpc.GrpcConfigKeys (ConfUtils.java:logGet(46)) - raft.grpc.admin.port = 0 (custom)
2022-08-24 08:26:13,201 [Listener at 127.0.0.1/40737] INFO  grpc.GrpcConfigKeys (ConfUtils.java:logGet(46)) - raft.grpc.client.port = 0 (custom)
2022-08-24 08:26:13,201 [Listener at 127.0.0.1/40737] INFO  grpc.GrpcConfigKeys (ConfUtils.java:logGet(46)) - raft.grpc.server.port = 0 (default)
2022-08-24 08:26:13,201 [Listener at 127.0.0.1/40737] INFO  server.GrpcService (ConfUtils.java:logGet(46)) - raft.grpc.message.size.max = 32MB (=33554432) (custom)
2022-08-24 08:26:13,201 [Listener at 127.0.0.1/40737] INFO  server.RaftServerConfigKeys (ConfUtils.java:logGet(46)) - raft.server.log.appender.buffer.byte-limit = 33554432 (custom)
2022-08-24 08:26:13,201 [Listener at 127.0.0.1/40737] INFO  server.GrpcService (ConfUtils.java:logGet(46)) - raft.grpc.flow.control.window = 5MB (=5242880) (custom)
2022-08-24 08:26:13,201 [Listener at 127.0.0.1/40737] INFO  server.RaftServerConfigKeys (ConfUtils.java:logGet(46)) - raft.server.rpc.request.timeout = 60s (custom)
2022-08-24 08:26:13,202 [Listener at 127.0.0.1/40737] INFO  grpc.GrpcConfigKeys (ConfUtils.java:logGet(46)) - raft.grpc.server.async.request.thread.pool.cached = true (default)
2022-08-24 08:26:13,202 [Listener at 127.0.0.1/40737] INFO  grpc.GrpcConfigKeys (ConfUtils.java:logGet(46)) - raft.grpc.server.async.request.thread.pool.size = 32 (default)
2022-08-24 08:26:13,202 [Listener at 127.0.0.1/40737] INFO  impl.DataStreamServerImpl (ConfUtils.java:logGet(46)) - raft.datastream.type = DISABLED (default)
2022-08-24 08:26:13,203 [Listener at 127.0.0.1/40737] INFO  server.RaftServerConfigKeys (ConfUtils.java:logGet(46)) - raft.server.threadpool.proxy.cached = true (default)
2022-08-24 08:26:13,203 [Listener at 127.0.0.1/40737] INFO  server.RaftServerConfigKeys (ConfUtils.java:logGet(46)) - raft.server.threadpool.proxy.size = 0 (default)
2022-08-24 08:26:13,203 [Listener at 127.0.0.1/40737] INFO  server.RaftServerConfigKeys (ConfUtils.java:logGet(46)) - raft.server.rpc.slowness.timeout = 300s (custom)
2022-08-24 08:26:13,203 [Listener at 127.0.0.1/40737] INFO  server.RaftServerConfigKeys (ConfUtils.java:logGet(46)) - raft.server.leaderelection.leader.step-down.wait-time = 10s (default)
2022-08-24 08:26:13,203 [Listener at 127.0.0.1/40737] INFO  server.RaftServerConfigKeys (ConfUtils.java:logGet(46)) - raft.server.storage.dir = [/home/runner/work/ozone/ozone/hadoop-ozone/integration-test/target/test-dir/MiniOzoneClusterImpl-1336b647-fddb-4972-9c96-ba48238d1115/datanode-5/data/ratis] (custom)
2022-08-24 08:26:13,204 [Listener at 127.0.0.1/40737] INFO  server.XceiverServerGrpc (XceiverServerGrpc.java:<init>(132)) - GrpcServer channel type EpollServerSocketChannel
2022-08-24 08:26:13,207 [Listener at 127.0.0.1/40737] INFO  http.BaseHttpServer (BaseHttpServer.java:newHttpServer2BuilderForOzone(209)) - Starting Web-server for hddsDatanode at: http://0.0.0.0:0
2022-08-24 08:26:13,207 [Listener at 127.0.0.1/40737] INFO  http.BaseHttpServer (BaseHttpServer.java:<init>(107)) - Hadoop Security Enabled: false Ozone Security Enabled: false Ozone HTTP Security Enabled: false 
2022-08-24 08:26:13,208 [Listener at 127.0.0.1/40737] INFO  server.AuthenticationFilter (AuthenticationFilter.java:constructSecretProvider(240)) - Unable to initialize FileSignerSecretProvider, falling back to use random secrets.
2022-08-24 08:26:13,210 [Listener at 127.0.0.1/40737] WARN  http.HttpRequestLog (HttpRequestLog.java:getRequestLog(103)) - Jetty request log can only be enabled using Log4j
2022-08-24 08:26:13,211 [Listener at 127.0.0.1/40737] INFO  http.HttpServer2 (HttpServer2.java:addGlobalFilter(1029)) - Added global filter 'safety' (class=org.apache.hadoop.hdds.server.http.HttpServer2$QuotingInputFilter)
2022-08-24 08:26:13,212 [Listener at 127.0.0.1/40737] INFO  http.HttpServer2 (HttpServer2.java:addFilter(1005)) - Added filter static_user_filter (class=org.apache.hadoop.http.lib.StaticUserWebFilter$StaticUserFilter) to context hddsDatanode
2022-08-24 08:26:13,212 [Listener at 127.0.0.1/40737] INFO  http.HttpServer2 (HttpServer2.java:addFilter(1013)) - Added filter static_user_filter (class=org.apache.hadoop.http.lib.StaticUserWebFilter$StaticUserFilter) to context static
2022-08-24 08:26:13,212 [Listener at 127.0.0.1/40737] INFO  http.HttpServer2 (HttpServer2.java:addFilter(1013)) - Added filter static_user_filter (class=org.apache.hadoop.http.lib.StaticUserWebFilter$StaticUserFilter) to context logs
2022-08-24 08:26:13,213 [Listener at 127.0.0.1/40737] INFO  http.HttpServer2 (HttpServer2.java:bindListener(1248)) - Jetty bound to port 38443
2022-08-24 08:26:13,213 [Listener at 127.0.0.1/40737] INFO  server.Server (Server.java:doStart(375)) - jetty-9.4.43.v20210629; built: 2021-06-30T11:07:22.254Z; git: 526006ecfa3af7f1a27ef3a288e2bef7ea9dd7e8; jvm 1.8.0_345-b01
2022-08-24 08:26:13,214 [Listener at 127.0.0.1/40737] INFO  server.session (DefaultSessionIdManager.java:doStart(334)) - DefaultSessionIdManager workerName=node0
2022-08-24 08:26:13,214 [Listener at 127.0.0.1/40737] INFO  server.session (DefaultSessionIdManager.java:doStart(339)) - No SessionScavenger set, using defaults
2022-08-24 08:26:13,214 [Listener at 127.0.0.1/40737] INFO  server.session (HouseKeeper.java:startScavenging(132)) - node0 Scavenging every 660000ms
2022-08-24 08:26:13,214 [Listener at 127.0.0.1/40737] INFO  handler.ContextHandler (ContextHandler.java:doStart(915)) - Started o.e.j.s.ServletContextHandler@249e7231{logs,/logs,file:///home/runner/work/ozone/ozone/hadoop-ozone/integration-test/target/log,AVAILABLE}
2022-08-24 08:26:13,215 [Listener at 127.0.0.1/40737] INFO  handler.ContextHandler (ContextHandler.java:doStart(915)) - Started o.e.j.s.ServletContextHandler@425e7cd3{static,/static,jar:file:/home/runner/.m2/repository/org/apache/ozone/hdds-container-service/1.3.0-SNAPSHOT/hdds-container-service-1.3.0-SNAPSHOT.jar!/webapps/static,AVAILABLE}
2022-08-24 08:26:13,381 [Listener at 127.0.0.1/40737] INFO  handler.ContextHandler (ContextHandler.java:doStart(915)) - Started o.e.j.w.WebAppContext@5ba32cf1{hddsDatanode,/,file:///tmp/jetty-0_0_0_0-38443-hdds-container-service-1_3_0-SNAPSHOT_jar-_-any-8818048912255159226/webapp/,AVAILABLE}{jar:file:/home/runner/.m2/repository/org/apache/ozone/hdds-container-service/1.3.0-SNAPSHOT/hdds-container-service-1.3.0-SNAPSHOT.jar!/webapps/hddsDatanode}
2022-08-24 08:26:13,382 [Listener at 127.0.0.1/40737] INFO  server.AbstractConnector (AbstractConnector.java:doStart(331)) - Started ServerConnector@fcee909{HTTP/1.1, (http/1.1)}{0.0.0.0:38443}
2022-08-24 08:26:13,382 [Listener at 127.0.0.1/40737] INFO  server.Server (Server.java:doStart(415)) - Started @9109ms
2022-08-24 08:26:13,382 [Listener at 127.0.0.1/40737] WARN  impl.MetricsSystemImpl (MetricsSystemImpl.java:register(279)) - Sink prometheus already exists!
2022-08-24 08:26:13,383 [Listener at 127.0.0.1/40737] INFO  http.BaseHttpServer (BaseHttpServer.java:updateConnectorAddress(329)) - HTTP server of hddsDatanode listening at http://0.0.0.0:38443
2022-08-24 08:26:13,383 [Datanode State Machine Daemon Thread] INFO  statemachine.DatanodeStateMachine (DatanodeStateMachine.java:lambda$startDaemon$0(492)) - Ozone container server started.
2022-08-24 08:26:13,385 [Listener at 127.0.0.1/40737] INFO  ozone.MiniOzoneClusterImpl (MiniOzoneClusterImpl.java:lambda$waitForClusterToBeReady$0(216)) - Waiting for nodes to be ready. Got 0 of 6 DN Heartbeats.
2022-08-24 08:26:13,385 [Listener at 127.0.0.1/40737] INFO  ozone.MiniOzoneClusterImpl (MiniOzoneClusterImpl.java:lambda$waitForClusterToBeReady$0(219)) - Waiting for cluster to exit safe mode
2022-08-24 08:26:13,385 [Listener at 127.0.0.1/40737] INFO  ozone.MiniOzoneClusterImpl (MiniOzoneClusterImpl.java:lambda$waitForClusterToBeReady$0(221)) - SCM became leader
2022-08-24 08:26:13,398 [org.apache.hadoop.util.JvmPauseMonitor$Monitor@4fdaad1a] INFO  util.JvmPauseMonitor (JvmPauseMonitor.java:run(188)) - Starting JVM pause monitor
2022-08-24 08:26:13,400 [Datanode State Machine Task Thread - 0] INFO  datanode.InitDatanodeState (InitDatanodeState.java:persistContainerDatanodeDetails(138)) - DatanodeDetails is persisted to /home/runner/work/ozone/ozone/hadoop-ozone/integration-test/target/test-dir/MiniOzoneClusterImpl-1336b647-fddb-4972-9c96-ba48238d1115/datanode-5/meta/datanode.id
2022-08-24 08:26:13,747 [EndpointStateMachine task thread for /0.0.0.0:38529 - 0 ] INFO  volume.HddsVolume (HddsVolume.java:createDbStore(310)) - SchemaV3 db is created and loaded at /home/runner/work/ozone/ozone/hadoop-ozone/integration-test/target/test-dir/MiniOzoneClusterImpl-1336b647-fddb-4972-9c96-ba48238d1115/datanode-0/data-0/containers/hdds/1336b647-fddb-4972-9c96-ba48238d1115/DS-21c2fca1-cae4-494d-8f2c-ada8ff737bb5/container.db for volume DS-21c2fca1-cae4-494d-8f2c-ada8ff737bb5
2022-08-24 08:26:13,750 [EndpointStateMachine task thread for /0.0.0.0:38529 - 0 ] INFO  volume.HddsVolume (HddsVolume.java:closeDbStore(341)) - SchemaV3 db is stopped at /home/runner/work/ozone/ozone/hadoop-ozone/integration-test/target/test-dir/MiniOzoneClusterImpl-1336b647-fddb-4972-9c96-ba48238d1115/datanode-0/data-0/containers/hdds/1336b647-fddb-4972-9c96-ba48238d1115/DS-21c2fca1-cae4-494d-8f2c-ada8ff737bb5/container.db for volume DS-21c2fca1-cae4-494d-8f2c-ada8ff737bb5
2022-08-24 08:26:13,750 [EndpointStateMachine task thread for /0.0.0.0:38529 - 0 ] INFO  ozoneimpl.OzoneContainer (OzoneContainer.java:start(377)) - Attempting to start container services.
2022-08-24 08:26:13,751 [EndpointStateMachine task thread for /0.0.0.0:38529 - 0 ] INFO  ozoneimpl.OzoneContainer (OzoneContainer.java:startContainerScrub(312)) - Background container scanner has been disabled.
2022-08-24 08:26:13,755 [EndpointStateMachine task thread for /0.0.0.0:38529 - 0 ] INFO  replication.ReplicationServer (ReplicationServer.java:start(111)) - ReplicationServer is started using port 39737
2022-08-24 08:26:13,757 [EndpointStateMachine task thread for /0.0.0.0:38529 - 0 ] INFO  ratis.XceiverServerRatis (XceiverServerRatis.java:start(481)) - Starting XceiverServerRatis 6f59db56-2f90-4028-8d65-c4b769c679ae
2022-08-24 08:26:13,757 [EndpointStateMachine task thread for /0.0.0.0:38529 - 0 ] INFO  server.RaftServer (RaftServerProxy.java:lambda$start$6(382)) - 6f59db56-2f90-4028-8d65-c4b769c679ae: start RPC server
2022-08-24 08:26:13,759 [EndpointStateMachine task thread for /0.0.0.0:38529 - 0 ] INFO  server.GrpcService (GrpcService.java:startImpl(260)) - 6f59db56-2f90-4028-8d65-c4b769c679ae: GrpcService started, listening on 39133
2022-08-24 08:26:13,759 [EndpointStateMachine task thread for /0.0.0.0:38529 - 0 ] INFO  ratis.XceiverServerRatis (XceiverServerRatis.java:getRealPort(502)) - XceiverServerRatis 6f59db56-2f90-4028-8d65-c4b769c679ae is started using port 39133 for RATIS
2022-08-24 08:26:13,759 [org.apache.ratis.util.JvmPauseMonitor$$Lambda$715/492429123@1f949ec1] INFO  util.JvmPauseMonitor (JvmPauseMonitor.java:run(103)) - JvmPauseMonitor-6f59db56-2f90-4028-8d65-c4b769c679ae: Started
2022-08-24 08:26:13,760 [EndpointStateMachine task thread for /0.0.0.0:38529 - 0 ] INFO  ratis.XceiverServerRatis (XceiverServerRatis.java:getRealPort(502)) - XceiverServerRatis 6f59db56-2f90-4028-8d65-c4b769c679ae is started using port 39133 for RATIS_ADMIN
2022-08-24 08:26:13,760 [EndpointStateMachine task thread for /0.0.0.0:38529 - 0 ] INFO  ratis.XceiverServerRatis (XceiverServerRatis.java:getRealPort(502)) - XceiverServerRatis 6f59db56-2f90-4028-8d65-c4b769c679ae is started using port 39133 for RATIS_SERVER
2022-08-24 08:26:13,762 [EndpointStateMachine task thread for /0.0.0.0:38529 - 0 ] INFO  server.XceiverServerGrpc (XceiverServerGrpc.java:start(180)) - XceiverServerGrpc 6f59db56-2f90-4028-8d65-c4b769c679ae is started using port 35807
2022-08-24 08:26:14,149 [EndpointStateMachine task thread for /0.0.0.0:38529 - 0 ] INFO  volume.HddsVolume (HddsVolume.java:createDbStore(310)) - SchemaV3 db is created and loaded at /home/runner/work/ozone/ozone/hadoop-ozone/integration-test/target/test-dir/MiniOzoneClusterImpl-1336b647-fddb-4972-9c96-ba48238d1115/datanode-1/data-0/containers/hdds/1336b647-fddb-4972-9c96-ba48238d1115/DS-93d5efcb-124f-4ae5-acb3-6c5e0a0a35ee/container.db for volume DS-93d5efcb-124f-4ae5-acb3-6c5e0a0a35ee
2022-08-24 08:26:14,149 [EndpointStateMachine task thread for /0.0.0.0:38529 - 0 ] INFO  volume.HddsVolume (HddsVolume.java:closeDbStore(341)) - SchemaV3 db is stopped at /home/runner/work/ozone/ozone/hadoop-ozone/integration-test/target/test-dir/MiniOzoneClusterImpl-1336b647-fddb-4972-9c96-ba48238d1115/datanode-1/data-0/containers/hdds/1336b647-fddb-4972-9c96-ba48238d1115/DS-93d5efcb-124f-4ae5-acb3-6c5e0a0a35ee/container.db for volume DS-93d5efcb-124f-4ae5-acb3-6c5e0a0a35ee
2022-08-24 08:26:14,149 [EndpointStateMachine task thread for /0.0.0.0:38529 - 0 ] INFO  ozoneimpl.OzoneContainer (OzoneContainer.java:start(377)) - Attempting to start container services.
2022-08-24 08:26:14,149 [EndpointStateMachine task thread for /0.0.0.0:38529 - 0 ] INFO  ozoneimpl.OzoneContainer (OzoneContainer.java:startContainerScrub(312)) - Background container scanner has been disabled.
2022-08-24 08:26:14,151 [EndpointStateMachine task thread for /0.0.0.0:38529 - 0 ] INFO  replication.ReplicationServer (ReplicationServer.java:start(111)) - ReplicationServer is started using port 36517
2022-08-24 08:26:14,151 [EndpointStateMachine task thread for /0.0.0.0:38529 - 0 ] INFO  ratis.XceiverServerRatis (XceiverServerRatis.java:start(481)) - Starting XceiverServerRatis ebf2e152-759f-4d7c-8d06-3719d22af88c
2022-08-24 08:26:14,154 [EndpointStateMachine task thread for /0.0.0.0:38529 - 0 ] INFO  server.RaftServer (RaftServerProxy.java:lambda$start$6(382)) - ebf2e152-759f-4d7c-8d06-3719d22af88c: start RPC server
2022-08-24 08:26:14,156 [EndpointStateMachine task thread for /0.0.0.0:38529 - 0 ] INFO  server.GrpcService (GrpcService.java:startImpl(260)) - ebf2e152-759f-4d7c-8d06-3719d22af88c: GrpcService started, listening on 42289
2022-08-24 08:26:14,156 [EndpointStateMachine task thread for /0.0.0.0:38529 - 0 ] INFO  ratis.XceiverServerRatis (XceiverServerRatis.java:getRealPort(502)) - XceiverServerRatis ebf2e152-759f-4d7c-8d06-3719d22af88c is started using port 42289 for RATIS
2022-08-24 08:26:14,156 [org.apache.ratis.util.JvmPauseMonitor$$Lambda$715/492429123@1accf2cc] INFO  util.JvmPauseMonitor (JvmPauseMonitor.java:run(103)) - JvmPauseMonitor-ebf2e152-759f-4d7c-8d06-3719d22af88c: Started
2022-08-24 08:26:14,156 [EndpointStateMachine task thread for /0.0.0.0:38529 - 0 ] INFO  ratis.XceiverServerRatis (XceiverServerRatis.java:getRealPort(502)) - XceiverServerRatis ebf2e152-759f-4d7c-8d06-3719d22af88c is started using port 42289 for RATIS_ADMIN
2022-08-24 08:26:14,156 [EndpointStateMachine task thread for /0.0.0.0:38529 - 0 ] INFO  ratis.XceiverServerRatis (XceiverServerRatis.java:getRealPort(502)) - XceiverServerRatis ebf2e152-759f-4d7c-8d06-3719d22af88c is started using port 42289 for RATIS_SERVER
2022-08-24 08:26:14,158 [EndpointStateMachine task thread for /0.0.0.0:38529 - 0 ] INFO  server.XceiverServerGrpc (XceiverServerGrpc.java:start(180)) - XceiverServerGrpc ebf2e152-759f-4d7c-8d06-3719d22af88c is started using port 41517
2022-08-24 08:26:14,164 [ReplicationMonitor] INFO  replication.ReplicationManager (ReplicationManager.java:processAll(255)) - Replication Manager is not ready to run until 3000ms after safemode exit
2022-08-24 08:26:14,385 [Listener at 127.0.0.1/40737] INFO  ozone.MiniOzoneClusterImpl (MiniOzoneClusterImpl.java:lambda$waitForClusterToBeReady$0(216)) - Waiting for nodes to be ready. Got 0 of 6 DN Heartbeats.
2022-08-24 08:26:14,385 [Listener at 127.0.0.1/40737] INFO  ozone.MiniOzoneClusterImpl (MiniOzoneClusterImpl.java:lambda$waitForClusterToBeReady$0(219)) - Waiting for cluster to exit safe mode
2022-08-24 08:26:14,385 [Listener at 127.0.0.1/40737] INFO  ozone.MiniOzoneClusterImpl (MiniOzoneClusterImpl.java:lambda$waitForClusterToBeReady$0(221)) - SCM became leader
2022-08-24 08:26:14,522 [EndpointStateMachine task thread for /0.0.0.0:38529 - 0 ] INFO  volume.HddsVolume (HddsVolume.java:createDbStore(310)) - SchemaV3 db is created and loaded at /home/runner/work/ozone/ozone/hadoop-ozone/integration-test/target/test-dir/MiniOzoneClusterImpl-1336b647-fddb-4972-9c96-ba48238d1115/datanode-2/data-0/containers/hdds/1336b647-fddb-4972-9c96-ba48238d1115/DS-e6c62379-7579-4112-bb63-353e51f2d210/container.db for volume DS-e6c62379-7579-4112-bb63-353e51f2d210
2022-08-24 08:26:14,522 [EndpointStateMachine task thread for /0.0.0.0:38529 - 0 ] INFO  volume.HddsVolume (HddsVolume.java:closeDbStore(341)) - SchemaV3 db is stopped at /home/runner/work/ozone/ozone/hadoop-ozone/integration-test/target/test-dir/MiniOzoneClusterImpl-1336b647-fddb-4972-9c96-ba48238d1115/datanode-2/data-0/containers/hdds/1336b647-fddb-4972-9c96-ba48238d1115/DS-e6c62379-7579-4112-bb63-353e51f2d210/container.db for volume DS-e6c62379-7579-4112-bb63-353e51f2d210
2022-08-24 08:26:14,522 [EndpointStateMachine task thread for /0.0.0.0:38529 - 0 ] INFO  ozoneimpl.OzoneContainer (OzoneContainer.java:start(377)) - Attempting to start container services.
2022-08-24 08:26:14,523 [EndpointStateMachine task thread for /0.0.0.0:38529 - 0 ] INFO  ozoneimpl.OzoneContainer (OzoneContainer.java:startContainerScrub(312)) - Background container scanner has been disabled.
2022-08-24 08:26:14,524 [EndpointStateMachine task thread for /0.0.0.0:38529 - 0 ] INFO  replication.ReplicationServer (ReplicationServer.java:start(111)) - ReplicationServer is started using port 44711
2022-08-24 08:26:14,524 [EndpointStateMachine task thread for /0.0.0.0:38529 - 0 ] INFO  ratis.XceiverServerRatis (XceiverServerRatis.java:start(481)) - Starting XceiverServerRatis ca19929d-3998-403b-8228-cd97e90f4483
2022-08-24 08:26:14,525 [EndpointStateMachine task thread for /0.0.0.0:38529 - 0 ] INFO  server.RaftServer (RaftServerProxy.java:lambda$start$6(382)) - ca19929d-3998-403b-8228-cd97e90f4483: start RPC server
2022-08-24 08:26:14,526 [EndpointStateMachine task thread for /0.0.0.0:38529 - 0 ] INFO  server.GrpcService (GrpcService.java:startImpl(260)) - ca19929d-3998-403b-8228-cd97e90f4483: GrpcService started, listening on 38183
2022-08-24 08:26:14,527 [EndpointStateMachine task thread for /0.0.0.0:38529 - 0 ] INFO  ratis.XceiverServerRatis (XceiverServerRatis.java:getRealPort(502)) - XceiverServerRatis ca19929d-3998-403b-8228-cd97e90f4483 is started using port 38183 for RATIS
2022-08-24 08:26:14,527 [org.apache.ratis.util.JvmPauseMonitor$$Lambda$715/492429123@1a63c220] INFO  util.JvmPauseMonitor (JvmPauseMonitor.java:run(103)) - JvmPauseMonitor-ca19929d-3998-403b-8228-cd97e90f4483: Started
2022-08-24 08:26:14,527 [EndpointStateMachine task thread for /0.0.0.0:38529 - 0 ] INFO  ratis.XceiverServerRatis (XceiverServerRatis.java:getRealPort(502)) - XceiverServerRatis ca19929d-3998-403b-8228-cd97e90f4483 is started using port 38183 for RATIS_ADMIN
2022-08-24 08:26:14,528 [EndpointStateMachine task thread for /0.0.0.0:38529 - 0 ] INFO  ratis.XceiverServerRatis (XceiverServerRatis.java:getRealPort(502)) - XceiverServerRatis ca19929d-3998-403b-8228-cd97e90f4483 is started using port 38183 for RATIS_SERVER
2022-08-24 08:26:14,530 [EndpointStateMachine task thread for /0.0.0.0:38529 - 0 ] INFO  server.XceiverServerGrpc (XceiverServerGrpc.java:start(180)) - XceiverServerGrpc ca19929d-3998-403b-8228-cd97e90f4483 is started using port 46167
2022-08-24 08:26:14,828 [EndpointStateMachine task thread for /0.0.0.0:38529 - 0 ] INFO  volume.HddsVolume (HddsVolume.java:createDbStore(310)) - SchemaV3 db is created and loaded at /home/runner/work/ozone/ozone/hadoop-ozone/integration-test/target/test-dir/MiniOzoneClusterImpl-1336b647-fddb-4972-9c96-ba48238d1115/datanode-3/data-0/containers/hdds/1336b647-fddb-4972-9c96-ba48238d1115/DS-5773c68e-039e-4cbd-8b1e-38f172a9237d/container.db for volume DS-5773c68e-039e-4cbd-8b1e-38f172a9237d
2022-08-24 08:26:14,828 [EndpointStateMachine task thread for /0.0.0.0:38529 - 0 ] INFO  volume.HddsVolume (HddsVolume.java:closeDbStore(341)) - SchemaV3 db is stopped at /home/runner/work/ozone/ozone/hadoop-ozone/integration-test/target/test-dir/MiniOzoneClusterImpl-1336b647-fddb-4972-9c96-ba48238d1115/datanode-3/data-0/containers/hdds/1336b647-fddb-4972-9c96-ba48238d1115/DS-5773c68e-039e-4cbd-8b1e-38f172a9237d/container.db for volume DS-5773c68e-039e-4cbd-8b1e-38f172a9237d
2022-08-24 08:26:14,828 [EndpointStateMachine task thread for /0.0.0.0:38529 - 0 ] INFO  ozoneimpl.OzoneContainer (OzoneContainer.java:start(377)) - Attempting to start container services.
2022-08-24 08:26:14,828 [EndpointStateMachine task thread for /0.0.0.0:38529 - 0 ] INFO  ozoneimpl.OzoneContainer (OzoneContainer.java:startContainerScrub(312)) - Background container scanner has been disabled.
2022-08-24 08:26:14,830 [EndpointStateMachine task thread for /0.0.0.0:38529 - 0 ] INFO  replication.ReplicationServer (ReplicationServer.java:start(111)) - ReplicationServer is started using port 40487
2022-08-24 08:26:14,830 [EndpointStateMachine task thread for /0.0.0.0:38529 - 0 ] INFO  ratis.XceiverServerRatis (XceiverServerRatis.java:start(481)) - Starting XceiverServerRatis 9ebd5d49-d832-4a04-8d1f-29e9cf21918f
2022-08-24 08:26:14,834 [EndpointStateMachine task thread for /0.0.0.0:38529 - 0 ] INFO  server.RaftServer (RaftServerProxy.java:lambda$start$6(382)) - 9ebd5d49-d832-4a04-8d1f-29e9cf21918f: start RPC server
2022-08-24 08:26:14,836 [EndpointStateMachine task thread for /0.0.0.0:38529 - 0 ] INFO  server.GrpcService (GrpcService.java:startImpl(260)) - 9ebd5d49-d832-4a04-8d1f-29e9cf21918f: GrpcService started, listening on 38067
2022-08-24 08:26:14,836 [EndpointStateMachine task thread for /0.0.0.0:38529 - 0 ] INFO  ratis.XceiverServerRatis (XceiverServerRatis.java:getRealPort(502)) - XceiverServerRatis 9ebd5d49-d832-4a04-8d1f-29e9cf21918f is started using port 38067 for RATIS
2022-08-24 08:26:14,836 [EndpointStateMachine task thread for /0.0.0.0:38529 - 0 ] INFO  ratis.XceiverServerRatis (XceiverServerRatis.java:getRealPort(502)) - XceiverServerRatis 9ebd5d49-d832-4a04-8d1f-29e9cf21918f is started using port 38067 for RATIS_ADMIN
2022-08-24 08:26:14,836 [org.apache.ratis.util.JvmPauseMonitor$$Lambda$715/492429123@3858a8d7] INFO  util.JvmPauseMonitor (JvmPauseMonitor.java:run(103)) - JvmPauseMonitor-9ebd5d49-d832-4a04-8d1f-29e9cf21918f: Started
2022-08-24 08:26:14,836 [EndpointStateMachine task thread for /0.0.0.0:38529 - 0 ] INFO  ratis.XceiverServerRatis (XceiverServerRatis.java:getRealPort(502)) - XceiverServerRatis 9ebd5d49-d832-4a04-8d1f-29e9cf21918f is started using port 38067 for RATIS_SERVER
2022-08-24 08:26:14,838 [EndpointStateMachine task thread for /0.0.0.0:38529 - 0 ] INFO  server.XceiverServerGrpc (XceiverServerGrpc.java:start(180)) - XceiverServerGrpc 9ebd5d49-d832-4a04-8d1f-29e9cf21918f is started using port 38275
2022-08-24 08:26:15,126 [EndpointStateMachine task thread for /0.0.0.0:38529 - 0 ] INFO  volume.HddsVolume (HddsVolume.java:createDbStore(310)) - SchemaV3 db is created and loaded at /home/runner/work/ozone/ozone/hadoop-ozone/integration-test/target/test-dir/MiniOzoneClusterImpl-1336b647-fddb-4972-9c96-ba48238d1115/datanode-4/data-0/containers/hdds/1336b647-fddb-4972-9c96-ba48238d1115/DS-38a6e031-42c9-41fd-8a40-c0b1eb4abe57/container.db for volume DS-38a6e031-42c9-41fd-8a40-c0b1eb4abe57
2022-08-24 08:26:15,126 [EndpointStateMachine task thread for /0.0.0.0:38529 - 0 ] INFO  volume.HddsVolume (HddsVolume.java:closeDbStore(341)) - SchemaV3 db is stopped at /home/runner/work/ozone/ozone/hadoop-ozone/integration-test/target/test-dir/MiniOzoneClusterImpl-1336b647-fddb-4972-9c96-ba48238d1115/datanode-4/data-0/containers/hdds/1336b647-fddb-4972-9c96-ba48238d1115/DS-38a6e031-42c9-41fd-8a40-c0b1eb4abe57/container.db for volume DS-38a6e031-42c9-41fd-8a40-c0b1eb4abe57
2022-08-24 08:26:15,126 [EndpointStateMachine task thread for /0.0.0.0:38529 - 0 ] INFO  ozoneimpl.OzoneContainer (OzoneContainer.java:start(377)) - Attempting to start container services.
2022-08-24 08:26:15,126 [EndpointStateMachine task thread for /0.0.0.0:38529 - 0 ] INFO  ozoneimpl.OzoneContainer (OzoneContainer.java:startContainerScrub(312)) - Background container scanner has been disabled.
2022-08-24 08:26:15,128 [EndpointStateMachine task thread for /0.0.0.0:38529 - 0 ] INFO  replication.ReplicationServer (ReplicationServer.java:start(111)) - ReplicationServer is started using port 38073
2022-08-24 08:26:15,128 [EndpointStateMachine task thread for /0.0.0.0:38529 - 0 ] INFO  ratis.XceiverServerRatis (XceiverServerRatis.java:start(481)) - Starting XceiverServerRatis 7f7d2c84-d408-4e5a-9ef4-f1a050e9b97b
2022-08-24 08:26:15,129 [EndpointStateMachine task thread for /0.0.0.0:38529 - 0 ] INFO  server.RaftServer (RaftServerProxy.java:lambda$start$6(382)) - 7f7d2c84-d408-4e5a-9ef4-f1a050e9b97b: start RPC server
2022-08-24 08:26:15,131 [EndpointStateMachine task thread for /0.0.0.0:38529 - 0 ] INFO  server.GrpcService (GrpcService.java:startImpl(260)) - 7f7d2c84-d408-4e5a-9ef4-f1a050e9b97b: GrpcService started, listening on 42375
2022-08-24 08:26:15,131 [EndpointStateMachine task thread for /0.0.0.0:38529 - 0 ] INFO  ratis.XceiverServerRatis (XceiverServerRatis.java:getRealPort(502)) - XceiverServerRatis 7f7d2c84-d408-4e5a-9ef4-f1a050e9b97b is started using port 42375 for RATIS
2022-08-24 08:26:15,131 [EndpointStateMachine task thread for /0.0.0.0:38529 - 0 ] INFO  ratis.XceiverServerRatis (XceiverServerRatis.java:getRealPort(502)) - XceiverServerRatis 7f7d2c84-d408-4e5a-9ef4-f1a050e9b97b is started using port 42375 for RATIS_ADMIN
2022-08-24 08:26:15,131 [org.apache.ratis.util.JvmPauseMonitor$$Lambda$715/492429123@2be82b3c] INFO  util.JvmPauseMonitor (JvmPauseMonitor.java:run(103)) - JvmPauseMonitor-7f7d2c84-d408-4e5a-9ef4-f1a050e9b97b: Started
2022-08-24 08:26:15,131 [EndpointStateMachine task thread for /0.0.0.0:38529 - 0 ] INFO  ratis.XceiverServerRatis (XceiverServerRatis.java:getRealPort(502)) - XceiverServerRatis 7f7d2c84-d408-4e5a-9ef4-f1a050e9b97b is started using port 42375 for RATIS_SERVER
2022-08-24 08:26:15,133 [EndpointStateMachine task thread for /0.0.0.0:38529 - 0 ] INFO  server.XceiverServerGrpc (XceiverServerGrpc.java:start(180)) - XceiverServerGrpc 7f7d2c84-d408-4e5a-9ef4-f1a050e9b97b is started using port 41563
2022-08-24 08:26:15,164 [ReplicationMonitor] INFO  replication.ReplicationManager (ReplicationManager.java:processAll(255)) - Replication Manager is not ready to run until 3000ms after safemode exit
2022-08-24 08:26:15,386 [Listener at 127.0.0.1/40737] INFO  ozone.MiniOzoneClusterImpl (MiniOzoneClusterImpl.java:lambda$waitForClusterToBeReady$0(216)) - Waiting for nodes to be ready. Got 0 of 6 DN Heartbeats.
2022-08-24 08:26:15,386 [Listener at 127.0.0.1/40737] INFO  ozone.MiniOzoneClusterImpl (MiniOzoneClusterImpl.java:lambda$waitForClusterToBeReady$0(219)) - Waiting for cluster to exit safe mode
2022-08-24 08:26:15,386 [Listener at 127.0.0.1/40737] INFO  ozone.MiniOzoneClusterImpl (MiniOzoneClusterImpl.java:lambda$waitForClusterToBeReady$0(221)) - SCM became leader
2022-08-24 08:26:15,420 [EndpointStateMachine task thread for /0.0.0.0:38529 - 0 ] INFO  volume.HddsVolume (HddsVolume.java:createDbStore(310)) - SchemaV3 db is created and loaded at /home/runner/work/ozone/ozone/hadoop-ozone/integration-test/target/test-dir/MiniOzoneClusterImpl-1336b647-fddb-4972-9c96-ba48238d1115/datanode-5/data-0/containers/hdds/1336b647-fddb-4972-9c96-ba48238d1115/DS-e0de5431-093c-495f-a08b-578fef21b893/container.db for volume DS-e0de5431-093c-495f-a08b-578fef21b893
2022-08-24 08:26:15,420 [EndpointStateMachine task thread for /0.0.0.0:38529 - 0 ] INFO  volume.HddsVolume (HddsVolume.java:closeDbStore(341)) - SchemaV3 db is stopped at /home/runner/work/ozone/ozone/hadoop-ozone/integration-test/target/test-dir/MiniOzoneClusterImpl-1336b647-fddb-4972-9c96-ba48238d1115/datanode-5/data-0/containers/hdds/1336b647-fddb-4972-9c96-ba48238d1115/DS-e0de5431-093c-495f-a08b-578fef21b893/container.db for volume DS-e0de5431-093c-495f-a08b-578fef21b893
2022-08-24 08:26:15,421 [EndpointStateMachine task thread for /0.0.0.0:38529 - 0 ] INFO  ozoneimpl.OzoneContainer (OzoneContainer.java:start(377)) - Attempting to start container services.
2022-08-24 08:26:15,421 [EndpointStateMachine task thread for /0.0.0.0:38529 - 0 ] INFO  ozoneimpl.OzoneContainer (OzoneContainer.java:startContainerScrub(312)) - Background container scanner has been disabled.
2022-08-24 08:26:15,423 [EndpointStateMachine task thread for /0.0.0.0:38529 - 0 ] INFO  replication.ReplicationServer (ReplicationServer.java:start(111)) - ReplicationServer is started using port 33745
2022-08-24 08:26:15,424 [EndpointStateMachine task thread for /0.0.0.0:38529 - 0 ] INFO  ratis.XceiverServerRatis (XceiverServerRatis.java:start(481)) - Starting XceiverServerRatis 440b8e2f-1f04-4f01-a821-43dde6dd996e
2022-08-24 08:26:15,427 [EndpointStateMachine task thread for /0.0.0.0:38529 - 0 ] INFO  server.RaftServer (RaftServerProxy.java:lambda$start$6(382)) - 440b8e2f-1f04-4f01-a821-43dde6dd996e: start RPC server
2022-08-24 08:26:15,428 [EndpointStateMachine task thread for /0.0.0.0:38529 - 0 ] INFO  server.GrpcService (GrpcService.java:startImpl(260)) - 440b8e2f-1f04-4f01-a821-43dde6dd996e: GrpcService started, listening on 43463
2022-08-24 08:26:15,429 [EndpointStateMachine task thread for /0.0.0.0:38529 - 0 ] INFO  ratis.XceiverServerRatis (XceiverServerRatis.java:getRealPort(502)) - XceiverServerRatis 440b8e2f-1f04-4f01-a821-43dde6dd996e is started using port 43463 for RATIS
2022-08-24 08:26:15,429 [org.apache.ratis.util.JvmPauseMonitor$$Lambda$715/492429123@24a1767b] INFO  util.JvmPauseMonitor (JvmPauseMonitor.java:run(103)) - JvmPauseMonitor-440b8e2f-1f04-4f01-a821-43dde6dd996e: Started
2022-08-24 08:26:15,429 [EndpointStateMachine task thread for /0.0.0.0:38529 - 0 ] INFO  ratis.XceiverServerRatis (XceiverServerRatis.java:getRealPort(502)) - XceiverServerRatis 440b8e2f-1f04-4f01-a821-43dde6dd996e is started using port 43463 for RATIS_ADMIN
2022-08-24 08:26:15,429 [EndpointStateMachine task thread for /0.0.0.0:38529 - 0 ] INFO  ratis.XceiverServerRatis (XceiverServerRatis.java:getRealPort(502)) - XceiverServerRatis 440b8e2f-1f04-4f01-a821-43dde6dd996e is started using port 43463 for RATIS_SERVER
2022-08-24 08:26:15,431 [EndpointStateMachine task thread for /0.0.0.0:38529 - 0 ] INFO  server.XceiverServerGrpc (XceiverServerGrpc.java:start(180)) - XceiverServerGrpc 440b8e2f-1f04-4f01-a821-43dde6dd996e is started using port 38569
2022-08-24 08:26:15,705 [IPC Server handler 1 on default port 38529] INFO  net.NetworkTopologyImpl (NetworkTopologyImpl.java:add(112)) - Added a new node: /default-rack/6f59db56-2f90-4028-8d65-c4b769c679ae
2022-08-24 08:26:15,706 [IPC Server handler 1 on default port 38529] INFO  node.SCMNodeManager (SCMNodeManager.java:register(397)) - Registered Data node : 6f59db56-2f90-4028-8d65-c4b769c679ae{ip: 10.1.0.105, host: fv-az96-669.m4cgkdvplvgupd014rd20bgx3d.gx.internal.cloudapp.net, ports: [REPLICATION=39737, RATIS=39133, RATIS_ADMIN=39133, RATIS_SERVER=39133, STANDALONE=35807], networkLocation: /default-rack, certSerialId: null, persistedOpState: null, persistedOpStateExpiryEpochSec: 0}
2022-08-24 08:26:15,710 [EventQueue-NewNodeForNewNodeHandler] INFO  pipeline.BackgroundPipelineCreator (BackgroundPipelineCreator.java:notifyEventTriggered(276)) - trigger a one-shot run on RatisPipelineUtilsThread.
2022-08-24 08:26:15,714 [EventQueue-NodeRegistrationContainerReportForDataNodeSafeModeRule] INFO  safemode.SCMSafeModeManager (DataNodeSafeModeRule.java:process(71)) - SCM in safe mode. 1 DataNodes registered, 3 required.
2022-08-24 08:26:15,716 [RatisPipelineUtilsThread - 0] INFO  pipeline.RatisPipelineProvider (RatisPipelineProvider.java:lambda$create$0(195)) - Sending CreatePipelineCommand for pipeline:PipelineID=69eea161-a0ac-483f-9870-92f3fbcbaebd to datanode:6f59db56-2f90-4028-8d65-c4b769c679ae
2022-08-24 08:26:15,719 [EventQueue-NodeRegistrationContainerReportForContainerSafeModeRule] INFO  safemode.SCMSafeModeManager (SCMSafeModeManager.java:validateSafeModeExitRules(204)) - ContainerSafeModeRule rule is successfully validated
2022-08-24 08:26:15,725 [RatisPipelineUtilsThread - 0] INFO  pipeline.PipelineStateManagerImpl (PipelineStateManagerImpl.java:addPipeline(103)) - Created pipeline Pipeline[ Id: 69eea161-a0ac-483f-9870-92f3fbcbaebd, Nodes: 6f59db56-2f90-4028-8d65-c4b769c679ae{ip: 10.1.0.105, host: fv-az96-669.m4cgkdvplvgupd014rd20bgx3d.gx.internal.cloudapp.net, ports: [REPLICATION=39737, RATIS=39133, RATIS_ADMIN=39133, RATIS_SERVER=39133, STANDALONE=35807], networkLocation: /default-rack, certSerialId: null, persistedOpState: IN_SERVICE, persistedOpStateExpiryEpochSec: 0}, ReplicationConfig: RATIS/ONE, State:ALLOCATED, leaderId:, CreationTimestamp2022-08-24T08:26:15.715Z[Etc/UTC]].
2022-08-24 08:26:15,728 [EventQueue-PipelineReportForOneReplicaPipelineSafeModeRule] INFO  safemode.SCMSafeModeManager (SCMSafeModeManager.java:validateSafeModeExitRules(204)) - AtleastOneDatanodeReportedRule rule is successfully validated
2022-08-24 08:26:16,125 [IPC Server handler 2 on default port 38529] INFO  net.NetworkTopologyImpl (NetworkTopologyImpl.java:add(112)) - Added a new node: /default-rack/ebf2e152-759f-4d7c-8d06-3719d22af88c
2022-08-24 08:26:16,126 [IPC Server handler 2 on default port 38529] INFO  node.SCMNodeManager (SCMNodeManager.java:register(397)) - Registered Data node : ebf2e152-759f-4d7c-8d06-3719d22af88c{ip: 10.1.0.105, host: fv-az96-669.m4cgkdvplvgupd014rd20bgx3d.gx.internal.cloudapp.net, ports: [REPLICATION=36517, RATIS=42289, RATIS_ADMIN=42289, RATIS_SERVER=42289, STANDALONE=41517], networkLocation: /default-rack, certSerialId: null, persistedOpState: null, persistedOpStateExpiryEpochSec: 0}
2022-08-24 08:26:16,126 [EventQueue-NewNodeForNewNodeHandler] INFO  pipeline.BackgroundPipelineCreator (BackgroundPipelineCreator.java:notifyEventTriggered(276)) - trigger a one-shot run on RatisPipelineUtilsThread.
2022-08-24 08:26:16,126 [EventQueue-NodeRegistrationContainerReportForDataNodeSafeModeRule] INFO  safemode.SCMSafeModeManager (DataNodeSafeModeRule.java:process(71)) - SCM in safe mode. 2 DataNodes registered, 3 required.
2022-08-24 08:26:16,127 [RatisPipelineUtilsThread - 0] INFO  pipeline.RatisPipelineProvider (RatisPipelineProvider.java:lambda$create$0(195)) - Sending CreatePipelineCommand for pipeline:PipelineID=96799419-fab1-4728-9268-b1cfb5fb3e88 to datanode:ebf2e152-759f-4d7c-8d06-3719d22af88c
2022-08-24 08:26:16,128 [RatisPipelineUtilsThread - 0] INFO  pipeline.PipelineStateManagerImpl (PipelineStateManagerImpl.java:addPipeline(103)) - Created pipeline Pipeline[ Id: 96799419-fab1-4728-9268-b1cfb5fb3e88, Nodes: ebf2e152-759f-4d7c-8d06-3719d22af88c{ip: 10.1.0.105, host: fv-az96-669.m4cgkdvplvgupd014rd20bgx3d.gx.internal.cloudapp.net, ports: [REPLICATION=36517, RATIS=42289, RATIS_ADMIN=42289, RATIS_SERVER=42289, STANDALONE=41517], networkLocation: /default-rack, certSerialId: null, persistedOpState: IN_SERVICE, persistedOpStateExpiryEpochSec: 0}, ReplicationConfig: RATIS/ONE, State:ALLOCATED, leaderId:, CreationTimestamp2022-08-24T08:26:16.127Z[Etc/UTC]].
2022-08-24 08:26:16,164 [ReplicationMonitor] INFO  replication.ReplicationManager (ReplicationManager.java:processAll(255)) - Replication Manager is not ready to run until 3000ms after safemode exit
2022-08-24 08:26:16,386 [Listener at 127.0.0.1/40737] INFO  ozone.MiniOzoneClusterImpl (MiniOzoneClusterImpl.java:lambda$waitForClusterToBeReady$0(216)) - Waiting for nodes to be ready. Got 2 of 6 DN Heartbeats.
2022-08-24 08:26:16,387 [Listener at 127.0.0.1/40737] INFO  ozone.MiniOzoneClusterImpl (MiniOzoneClusterImpl.java:lambda$waitForClusterToBeReady$0(219)) - Waiting for cluster to exit safe mode
2022-08-24 08:26:16,387 [Listener at 127.0.0.1/40737] INFO  ozone.MiniOzoneClusterImpl (MiniOzoneClusterImpl.java:lambda$waitForClusterToBeReady$0(221)) - SCM became leader
2022-08-24 08:26:16,501 [IPC Server handler 1 on default port 38529] INFO  net.NetworkTopologyImpl (NetworkTopologyImpl.java:add(112)) - Added a new node: /default-rack/ca19929d-3998-403b-8228-cd97e90f4483
2022-08-24 08:26:16,501 [IPC Server handler 1 on default port 38529] INFO  node.SCMNodeManager (SCMNodeManager.java:register(397)) - Registered Data node : ca19929d-3998-403b-8228-cd97e90f4483{ip: 10.1.0.105, host: fv-az96-669.m4cgkdvplvgupd014rd20bgx3d.gx.internal.cloudapp.net, ports: [REPLICATION=44711, RATIS=38183, RATIS_ADMIN=38183, RATIS_SERVER=38183, STANDALONE=46167], networkLocation: /default-rack, certSerialId: null, persistedOpState: null, persistedOpStateExpiryEpochSec: 0}
2022-08-24 08:26:16,502 [EventQueue-NewNodeForNewNodeHandler] INFO  pipeline.BackgroundPipelineCreator (BackgroundPipelineCreator.java:notifyEventTriggered(276)) - trigger a one-shot run on RatisPipelineUtilsThread.
2022-08-24 08:26:16,502 [EventQueue-NodeRegistrationContainerReportForDataNodeSafeModeRule] INFO  safemode.SCMSafeModeManager (DataNodeSafeModeRule.java:process(71)) - SCM in safe mode. 3 DataNodes registered, 3 required.
2022-08-24 08:26:16,502 [EventQueue-NodeRegistrationContainerReportForDataNodeSafeModeRule] INFO  safemode.SCMSafeModeManager (SCMSafeModeManager.java:validateSafeModeExitRules(204)) - DataNodeSafeModeRule rule is successfully validated
2022-08-24 08:26:16,502 [EventQueue-NodeRegistrationContainerReportForDataNodeSafeModeRule] INFO  safemode.SCMSafeModeManager (SCMSafeModeManager.java:completePreCheck(233)) - All SCM safe mode pre check rules have passed
2022-08-24 08:26:16,502 [EventQueue-NodeRegistrationContainerReportForDataNodeSafeModeRule] WARN  events.EventQueue (EventQueue.java:fireEvent(216)) - No event handler registered for event TypedEvent{payloadType=SafeModeStatus, name='Safe mode status'}
2022-08-24 08:26:16,502 [EventQueue-NodeRegistrationContainerReportForDataNodeSafeModeRule] INFO  ha.SCMContext (SCMContext.java:updateSafeModeStatus(228)) - Update SafeModeStatus from SafeModeStatus{safeModeStatus=true, preCheckPassed=false} to SafeModeStatus{safeModeStatus=true, preCheckPassed=true}.
2022-08-24 08:26:16,502 [EventQueue-NodeRegistrationContainerReportForDataNodeSafeModeRule] INFO  pipeline.BackgroundPipelineCreator (BackgroundPipelineCreator.java:notifyEventTriggered(276)) - trigger a one-shot run on RatisPipelineUtilsThread.
2022-08-24 08:26:16,502 [RatisPipelineUtilsThread - 0] INFO  pipeline.RatisPipelineProvider (RatisPipelineProvider.java:lambda$create$0(195)) - Sending CreatePipelineCommand for pipeline:PipelineID=b89460e0-18b1-4f76-b6f4-43b9f3968498 to datanode:ca19929d-3998-403b-8228-cd97e90f4483
2022-08-24 08:26:16,503 [RatisPipelineUtilsThread - 0] INFO  pipeline.PipelineStateManagerImpl (PipelineStateManagerImpl.java:addPipeline(103)) - Created pipeline Pipeline[ Id: b89460e0-18b1-4f76-b6f4-43b9f3968498, Nodes: ca19929d-3998-403b-8228-cd97e90f4483{ip: 10.1.0.105, host: fv-az96-669.m4cgkdvplvgupd014rd20bgx3d.gx.internal.cloudapp.net, ports: [REPLICATION=44711, RATIS=38183, RATIS_ADMIN=38183, RATIS_SERVER=38183, STANDALONE=46167], networkLocation: /default-rack, certSerialId: null, persistedOpState: IN_SERVICE, persistedOpStateExpiryEpochSec: 0}, ReplicationConfig: RATIS/ONE, State:ALLOCATED, leaderId:, CreationTimestamp2022-08-24T08:26:16.502Z[Etc/UTC]].
2022-08-24 08:26:16,506 [RatisPipelineUtilsThread - 0] INFO  pipeline.RatisPipelineProvider (RatisPipelineProvider.java:lambda$create$0(195)) - Sending CreatePipelineCommand for pipeline:PipelineID=74e490e8-c85a-4b9a-a8c8-9be5fef10fea to datanode:ebf2e152-759f-4d7c-8d06-3719d22af88c
2022-08-24 08:26:16,506 [RatisPipelineUtilsThread - 0] INFO  pipeline.RatisPipelineProvider (RatisPipelineProvider.java:lambda$create$0(195)) - Sending CreatePipelineCommand for pipeline:PipelineID=74e490e8-c85a-4b9a-a8c8-9be5fef10fea to datanode:ca19929d-3998-403b-8228-cd97e90f4483
2022-08-24 08:26:16,506 [RatisPipelineUtilsThread - 0] INFO  pipeline.RatisPipelineProvider (RatisPipelineProvider.java:lambda$create$0(195)) - Sending CreatePipelineCommand for pipeline:PipelineID=74e490e8-c85a-4b9a-a8c8-9be5fef10fea to datanode:6f59db56-2f90-4028-8d65-c4b769c679ae
2022-08-24 08:26:16,507 [RatisPipelineUtilsThread - 0] INFO  pipeline.PipelineStateManagerImpl (PipelineStateManagerImpl.java:addPipeline(103)) - Created pipeline Pipeline[ Id: 74e490e8-c85a-4b9a-a8c8-9be5fef10fea, Nodes: ebf2e152-759f-4d7c-8d06-3719d22af88c{ip: 10.1.0.105, host: fv-az96-669.m4cgkdvplvgupd014rd20bgx3d.gx.internal.cloudapp.net, ports: [REPLICATION=36517, RATIS=42289, RATIS_ADMIN=42289, RATIS_SERVER=42289, STANDALONE=41517], networkLocation: /default-rack, certSerialId: null, persistedOpState: IN_SERVICE, persistedOpStateExpiryEpochSec: 0}ca19929d-3998-403b-8228-cd97e90f4483{ip: 10.1.0.105, host: fv-az96-669.m4cgkdvplvgupd014rd20bgx3d.gx.internal.cloudapp.net, ports: [REPLICATION=44711, RATIS=38183, RATIS_ADMIN=38183, RATIS_SERVER=38183, STANDALONE=46167], networkLocation: /default-rack, certSerialId: null, persistedOpState: IN_SERVICE, persistedOpStateExpiryEpochSec: 0}6f59db56-2f90-4028-8d65-c4b769c679ae{ip: 10.1.0.105, host: fv-az96-669.m4cgkdvplvgupd014rd20bgx3d.gx.internal.cloudapp.net, ports: [REPLICATION=39737, RATIS=39133, RATIS_ADMIN=39133, RATIS_SERVER=39133, STANDALONE=35807], networkLocation: /default-rack, certSerialId: null, persistedOpState: IN_SERVICE, persistedOpStateExpiryEpochSec: 0}, ReplicationConfig: RATIS/THREE, State:ALLOCATED, leaderId:, CreationTimestamp2022-08-24T08:26:16.506Z[Etc/UTC]].
2022-08-24 08:26:16,807 [IPC Server handler 3 on default port 38529] INFO  net.NetworkTopologyImpl (NetworkTopologyImpl.java:add(112)) - Added a new node: /default-rack/9ebd5d49-d832-4a04-8d1f-29e9cf21918f
2022-08-24 08:26:16,807 [IPC Server handler 3 on default port 38529] INFO  node.SCMNodeManager (SCMNodeManager.java:register(397)) - Registered Data node : 9ebd5d49-d832-4a04-8d1f-29e9cf21918f{ip: 10.1.0.105, host: fv-az96-669.m4cgkdvplvgupd014rd20bgx3d.gx.internal.cloudapp.net, ports: [REPLICATION=40487, RATIS=38067, RATIS_ADMIN=38067, RATIS_SERVER=38067, STANDALONE=38275], networkLocation: /default-rack, certSerialId: null, persistedOpState: null, persistedOpStateExpiryEpochSec: 0}
2022-08-24 08:26:16,808 [EventQueue-NewNodeForNewNodeHandler] INFO  pipeline.BackgroundPipelineCreator (BackgroundPipelineCreator.java:notifyEventTriggered(276)) - trigger a one-shot run on RatisPipelineUtilsThread.
2022-08-24 08:26:16,809 [RatisPipelineUtilsThread - 0] INFO  pipeline.RatisPipelineProvider (RatisPipelineProvider.java:lambda$create$0(195)) - Sending CreatePipelineCommand for pipeline:PipelineID=b41d43a7-cbf5-4f63-bd9c-fe4d791b4520 to datanode:9ebd5d49-d832-4a04-8d1f-29e9cf21918f
2022-08-24 08:26:16,809 [RatisPipelineUtilsThread - 0] INFO  pipeline.PipelineStateManagerImpl (PipelineStateManagerImpl.java:addPipeline(103)) - Created pipeline Pipeline[ Id: b41d43a7-cbf5-4f63-bd9c-fe4d791b4520, Nodes: 9ebd5d49-d832-4a04-8d1f-29e9cf21918f{ip: 10.1.0.105, host: fv-az96-669.m4cgkdvplvgupd014rd20bgx3d.gx.internal.cloudapp.net, ports: [REPLICATION=40487, RATIS=38067, RATIS_ADMIN=38067, RATIS_SERVER=38067, STANDALONE=38275], networkLocation: /default-rack, certSerialId: null, persistedOpState: IN_SERVICE, persistedOpStateExpiryEpochSec: 0}, ReplicationConfig: RATIS/ONE, State:ALLOCATED, leaderId:, CreationTimestamp2022-08-24T08:26:16.809Z[Etc/UTC]].
2022-08-24 08:26:17,105 [IPC Server handler 0 on default port 38529] INFO  net.NetworkTopologyImpl (NetworkTopologyImpl.java:add(112)) - Added a new node: /default-rack/7f7d2c84-d408-4e5a-9ef4-f1a050e9b97b
2022-08-24 08:26:17,105 [IPC Server handler 0 on default port 38529] INFO  node.SCMNodeManager (SCMNodeManager.java:register(397)) - Registered Data node : 7f7d2c84-d408-4e5a-9ef4-f1a050e9b97b{ip: 10.1.0.105, host: fv-az96-669.m4cgkdvplvgupd014rd20bgx3d.gx.internal.cloudapp.net, ports: [REPLICATION=38073, RATIS=42375, RATIS_ADMIN=42375, RATIS_SERVER=42375, STANDALONE=41563], networkLocation: /default-rack, certSerialId: null, persistedOpState: null, persistedOpStateExpiryEpochSec: 0}
2022-08-24 08:26:17,105 [EventQueue-NewNodeForNewNodeHandler] INFO  pipeline.BackgroundPipelineCreator (BackgroundPipelineCreator.java:notifyEventTriggered(276)) - trigger a one-shot run on RatisPipelineUtilsThread.
2022-08-24 08:26:17,106 [RatisPipelineUtilsThread - 0] INFO  pipeline.RatisPipelineProvider (RatisPipelineProvider.java:lambda$create$0(195)) - Sending CreatePipelineCommand for pipeline:PipelineID=3834d0e9-a4b3-4120-b01b-e95ce6fc247d to datanode:7f7d2c84-d408-4e5a-9ef4-f1a050e9b97b
2022-08-24 08:26:17,106 [RatisPipelineUtilsThread - 0] INFO  pipeline.PipelineStateManagerImpl (PipelineStateManagerImpl.java:addPipeline(103)) - Created pipeline Pipeline[ Id: 3834d0e9-a4b3-4120-b01b-e95ce6fc247d, Nodes: 7f7d2c84-d408-4e5a-9ef4-f1a050e9b97b{ip: 10.1.0.105, host: fv-az96-669.m4cgkdvplvgupd014rd20bgx3d.gx.internal.cloudapp.net, ports: [REPLICATION=38073, RATIS=42375, RATIS_ADMIN=42375, RATIS_SERVER=42375, STANDALONE=41563], networkLocation: /default-rack, certSerialId: null, persistedOpState: IN_SERVICE, persistedOpStateExpiryEpochSec: 0}, ReplicationConfig: RATIS/ONE, State:ALLOCATED, leaderId:, CreationTimestamp2022-08-24T08:26:17.106Z[Etc/UTC]].
2022-08-24 08:26:17,164 [ReplicationMonitor] INFO  replication.ReplicationManager (ReplicationManager.java:processAll(255)) - Replication Manager is not ready to run until 3000ms after safemode exit
2022-08-24 08:26:17,387 [Listener at 127.0.0.1/40737] INFO  ozone.MiniOzoneClusterImpl (MiniOzoneClusterImpl.java:lambda$waitForClusterToBeReady$0(216)) - Waiting for nodes to be ready. Got 5 of 6 DN Heartbeats.
2022-08-24 08:26:17,388 [Listener at 127.0.0.1/40737] INFO  ozone.MiniOzoneClusterImpl (MiniOzoneClusterImpl.java:lambda$waitForClusterToBeReady$0(219)) - Waiting for cluster to exit safe mode
2022-08-24 08:26:17,388 [Listener at 127.0.0.1/40737] INFO  ozone.MiniOzoneClusterImpl (MiniOzoneClusterImpl.java:lambda$waitForClusterToBeReady$0(221)) - SCM became leader
2022-08-24 08:26:17,400 [IPC Server handler 1 on default port 38529] INFO  net.NetworkTopologyImpl (NetworkTopologyImpl.java:add(112)) - Added a new node: /default-rack/440b8e2f-1f04-4f01-a821-43dde6dd996e
2022-08-24 08:26:17,400 [IPC Server handler 1 on default port 38529] INFO  node.SCMNodeManager (SCMNodeManager.java:register(397)) - Registered Data node : 440b8e2f-1f04-4f01-a821-43dde6dd996e{ip: 10.1.0.105, host: fv-az96-669.m4cgkdvplvgupd014rd20bgx3d.gx.internal.cloudapp.net, ports: [REPLICATION=33745, RATIS=43463, RATIS_ADMIN=43463, RATIS_SERVER=43463, STANDALONE=38569], networkLocation: /default-rack, certSerialId: null, persistedOpState: null, persistedOpStateExpiryEpochSec: 0}
2022-08-24 08:26:17,400 [EventQueue-NewNodeForNewNodeHandler] INFO  pipeline.BackgroundPipelineCreator (BackgroundPipelineCreator.java:notifyEventTriggered(276)) - trigger a one-shot run on RatisPipelineUtilsThread.
2022-08-24 08:26:17,401 [RatisPipelineUtilsThread - 0] INFO  pipeline.RatisPipelineProvider (RatisPipelineProvider.java:lambda$create$0(195)) - Sending CreatePipelineCommand for pipeline:PipelineID=0388249e-1292-47f4-b32d-1fd0a32ec9d7 to datanode:440b8e2f-1f04-4f01-a821-43dde6dd996e
2022-08-24 08:26:17,402 [RatisPipelineUtilsThread - 0] INFO  pipeline.PipelineStateManagerImpl (PipelineStateManagerImpl.java:addPipeline(103)) - Created pipeline Pipeline[ Id: 0388249e-1292-47f4-b32d-1fd0a32ec9d7, Nodes: 440b8e2f-1f04-4f01-a821-43dde6dd996e{ip: 10.1.0.105, host: fv-az96-669.m4cgkdvplvgupd014rd20bgx3d.gx.internal.cloudapp.net, ports: [REPLICATION=33745, RATIS=43463, RATIS_ADMIN=43463, RATIS_SERVER=43463, STANDALONE=38569], networkLocation: /default-rack, certSerialId: null, persistedOpState: IN_SERVICE, persistedOpStateExpiryEpochSec: 0}, ReplicationConfig: RATIS/ONE, State:ALLOCATED, leaderId:, CreationTimestamp2022-08-24T08:26:17.401Z[Etc/UTC]].
2022-08-24 08:26:17,402 [RatisPipelineUtilsThread - 0] INFO  pipeline.RatisPipelineProvider (RatisPipelineProvider.java:lambda$create$0(195)) - Sending CreatePipelineCommand for pipeline:PipelineID=22478b68-2caf-44d5-813e-ff7a1816ae2d to datanode:440b8e2f-1f04-4f01-a821-43dde6dd996e
2022-08-24 08:26:17,402 [RatisPipelineUtilsThread - 0] INFO  pipeline.RatisPipelineProvider (RatisPipelineProvider.java:lambda$create$0(195)) - Sending CreatePipelineCommand for pipeline:PipelineID=22478b68-2caf-44d5-813e-ff7a1816ae2d to datanode:7f7d2c84-d408-4e5a-9ef4-f1a050e9b97b
2022-08-24 08:26:17,402 [RatisPipelineUtilsThread - 0] INFO  pipeline.RatisPipelineProvider (RatisPipelineProvider.java:lambda$create$0(195)) - Sending CreatePipelineCommand for pipeline:PipelineID=22478b68-2caf-44d5-813e-ff7a1816ae2d to datanode:9ebd5d49-d832-4a04-8d1f-29e9cf21918f
2022-08-24 08:26:17,403 [RatisPipelineUtilsThread - 0] INFO  pipeline.PipelineStateManagerImpl (PipelineStateManagerImpl.java:addPipeline(103)) - Created pipeline Pipeline[ Id: 22478b68-2caf-44d5-813e-ff7a1816ae2d, Nodes: 440b8e2f-1f04-4f01-a821-43dde6dd996e{ip: 10.1.0.105, host: fv-az96-669.m4cgkdvplvgupd014rd20bgx3d.gx.internal.cloudapp.net, ports: [REPLICATION=33745, RATIS=43463, RATIS_ADMIN=43463, RATIS_SERVER=43463, STANDALONE=38569], networkLocation: /default-rack, certSerialId: null, persistedOpState: IN_SERVICE, persistedOpStateExpiryEpochSec: 0}7f7d2c84-d408-4e5a-9ef4-f1a050e9b97b{ip: 10.1.0.105, host: fv-az96-669.m4cgkdvplvgupd014rd20bgx3d.gx.internal.cloudapp.net, ports: [REPLICATION=38073, RATIS=42375, RATIS_ADMIN=42375, RATIS_SERVER=42375, STANDALONE=41563], networkLocation: /default-rack, certSerialId: null, persistedOpState: IN_SERVICE, persistedOpStateExpiryEpochSec: 0}9ebd5d49-d832-4a04-8d1f-29e9cf21918f{ip: 10.1.0.105, host: fv-az96-669.m4cgkdvplvgupd014rd20bgx3d.gx.internal.cloudapp.net, ports: [REPLICATION=40487, RATIS=38067, RATIS_ADMIN=38067, RATIS_SERVER=38067, STANDALONE=38275], networkLocation: /default-rack, certSerialId: null, persistedOpState: IN_SERVICE, persistedOpStateExpiryEpochSec: 0}, ReplicationConfig: RATIS/THREE, State:ALLOCATED, leaderId:, CreationTimestamp2022-08-24T08:26:17.402Z[Etc/UTC]].
2022-08-24 08:26:18,165 [ReplicationMonitor] INFO  replication.ReplicationManager (ReplicationManager.java:processAll(255)) - Replication Manager is not ready to run until 3000ms after safemode exit
2022-08-24 08:26:18,388 [Listener at 127.0.0.1/40737] INFO  ozone.MiniOzoneClusterImpl (MiniOzoneClusterImpl.java:lambda$waitForClusterToBeReady$0(216)) - Nodes are ready. Got 6 of 6 DN Heartbeats.
2022-08-24 08:26:18,389 [Listener at 127.0.0.1/40737] INFO  ozone.MiniOzoneClusterImpl (MiniOzoneClusterImpl.java:lambda$waitForClusterToBeReady$0(219)) - Waiting for cluster to exit safe mode
2022-08-24 08:26:18,389 [Listener at 127.0.0.1/40737] INFO  ozone.MiniOzoneClusterImpl (MiniOzoneClusterImpl.java:lambda$waitForClusterToBeReady$0(221)) - SCM became leader
2022-08-24 08:26:18,691 [Command processor thread] INFO  server.RaftServer (RaftServerProxy.java:addNew(96)) - 6f59db56-2f90-4028-8d65-c4b769c679ae: addNew group-92F3FBCBAEBD:[6f59db56-2f90-4028-8d65-c4b769c679ae|rpc:10.1.0.105:39133|priority:1] returns group-92F3FBCBAEBD:java.util.concurrent.CompletableFuture@2ced3c07[Not completed]
2022-08-24 08:26:18,699 [pool-72-thread-1] INFO  server.RaftServer$Division (RaftServerImpl.java:<init>(190)) - 6f59db56-2f90-4028-8d65-c4b769c679ae: new RaftServerImpl for group-92F3FBCBAEBD:[6f59db56-2f90-4028-8d65-c4b769c679ae|rpc:10.1.0.105:39133|priority:1] with ContainerStateMachine:uninitialized
2022-08-24 08:26:18,700 [pool-72-thread-1] INFO  server.RaftServerConfigKeys (ConfUtils.java:logGet(46)) - raft.server.rpc.timeout.min = 5s (custom)
2022-08-24 08:26:18,700 [pool-72-thread-1] INFO  server.RaftServerConfigKeys (ConfUtils.java:logGet(46)) - raft.server.rpc.timeout.max = 5200ms (custom)
2022-08-24 08:26:18,700 [pool-72-thread-1] INFO  server.RaftServerConfigKeys (ConfUtils.java:logGet(46)) - raft.server.rpc.sleep.time = 25ms (default)
2022-08-24 08:26:18,700 [pool-72-thread-1] INFO  server.RaftServerConfigKeys (ConfUtils.java:logGet(46)) - raft.server.rpc.slowness.timeout = 300s (custom)
2022-08-24 08:26:18,700 [pool-72-thread-1] INFO  server.RaftServerConfigKeys (ConfUtils.java:logGet(46)) - raft.server.leaderelection.leader.step-down.wait-time = 10s (default)
2022-08-24 08:26:18,700 [pool-72-thread-1] INFO  server.RaftServerConfigKeys (ConfUtils.java:logGet(46)) - raft.server.sleep.deviation.threshold = 300ms (default)
2022-08-24 08:26:18,700 [pool-72-thread-1] INFO  server.RaftServer$Division (ServerState.java:<init>(107)) - 6f59db56-2f90-4028-8d65-c4b769c679ae@group-92F3FBCBAEBD: ConfigurationManager, init=-1: [6f59db56-2f90-4028-8d65-c4b769c679ae|rpc:10.1.0.105:39133|priority:1], old=null, confs=<EMPTY_MAP>
2022-08-24 08:26:18,700 [pool-72-thread-1] INFO  server.RaftServerConfigKeys (ConfUtils.java:logGet(46)) - raft.server.storage.dir = [/home/runner/work/ozone/ozone/hadoop-ozone/integration-test/target/test-dir/MiniOzoneClusterImpl-1336b647-fddb-4972-9c96-ba48238d1115/datanode-0/data/ratis] (custom)
2022-08-24 08:26:18,700 [pool-72-thread-1] INFO  server.RaftServerConfigKeys (ConfUtils.java:logGet(46)) - raft.server.log.corruption.policy = EXCEPTION (default)
2022-08-24 08:26:18,700 [pool-72-thread-1] INFO  server.RaftServerConfigKeys (ConfUtils.java:logGet(46)) - raft.server.storage.free-space.min = 0MB (=0) (default)
2022-08-24 08:26:18,700 [pool-72-thread-1] INFO  storage.RaftStorageDirectory (RaftStorageDirectoryImpl.java:analyzeStorage(135)) - The storage directory /home/runner/work/ozone/ozone/hadoop-ozone/integration-test/target/test-dir/MiniOzoneClusterImpl-1336b647-fddb-4972-9c96-ba48238d1115/datanode-0/data/ratis/69eea161-a0ac-483f-9870-92f3fbcbaebd does not exist. Creating ...
2022-08-24 08:26:18,702 [pool-72-thread-1] INFO  storage.RaftStorageDirectory (RaftStorageDirectoryImpl.java:tryLock(230)) - Lock on /home/runner/work/ozone/ozone/hadoop-ozone/integration-test/target/test-dir/MiniOzoneClusterImpl-1336b647-fddb-4972-9c96-ba48238d1115/datanode-0/data/ratis/69eea161-a0ac-483f-9870-92f3fbcbaebd/in_use.lock acquired by nodename 20331@fv-az96-669
2022-08-24 08:26:18,703 [pool-72-thread-1] INFO  storage.RaftStorage (RaftStorageImpl.java:format(89)) - Storage directory /home/runner/work/ozone/ozone/hadoop-ozone/integration-test/target/test-dir/MiniOzoneClusterImpl-1336b647-fddb-4972-9c96-ba48238d1115/datanode-0/data/ratis/69eea161-a0ac-483f-9870-92f3fbcbaebd has been successfully formatted.
2022-08-24 08:26:18,704 [pool-72-thread-1] INFO  ratis.ContainerStateMachine (ContainerStateMachine.java:loadSnapshot(236)) - group-92F3FBCBAEBD: The snapshot info is null. Setting the last applied indexto:(t:0, i:~)
2022-08-24 08:26:18,705 [pool-72-thread-1] INFO  server.RaftServerConfigKeys (ConfUtils.java:logGet(46)) - raft.server.notification.no-leader.timeout = 300s (custom)
2022-08-24 08:26:18,705 [pool-72-thread-1] INFO  server.RaftServerConfigKeys (ConfUtils.java:logGet(46)) - raft.server.log.use.memory = false (default)
2022-08-24 08:26:18,706 [pool-72-thread-1] INFO  server.RaftServerConfigKeys (ConfUtils.java:logGet(46)) - raft.server.log.purge.gap = 1000000 (custom)
2022-08-24 08:26:18,706 [pool-72-thread-1] INFO  server.RaftServerConfigKeys (ConfUtils.java:logGet(46)) - raft.server.log.appender.buffer.byte-limit = 33554432 (custom)
2022-08-24 08:26:18,706 [pool-72-thread-1] INFO  server.RaftServerConfigKeys (ConfUtils.java:logGet(46)) - raft.server.log.statemachine.data.read.timeout = 1000ms (default)
2022-08-24 08:26:18,707 [pool-72-thread-1] INFO  server.RaftServerConfigKeys (ConfUtils.java:logGet(46)) - raft.server.log.segment.size.max = 1048576 (custom)
2022-08-24 08:26:18,707 [EventQueue-PipelineReportForPipelineReportHandler] INFO  pipeline.PipelineManagerImpl (PipelineManagerImpl.java:openPipeline(367)) - Pipeline Pipeline[ Id: 69eea161-a0ac-483f-9870-92f3fbcbaebd, Nodes: 6f59db56-2f90-4028-8d65-c4b769c679ae{ip: 10.1.0.105, host: fv-az96-669.m4cgkdvplvgupd014rd20bgx3d.gx.internal.cloudapp.net, ports: [REPLICATION=39737, RATIS=39133, RATIS_ADMIN=39133, RATIS_SERVER=39133, STANDALONE=35807], networkLocation: /default-rack, certSerialId: null, persistedOpState: IN_SERVICE, persistedOpStateExpiryEpochSec: 0}, ReplicationConfig: RATIS/ONE, State:ALLOCATED, leaderId:6f59db56-2f90-4028-8d65-c4b769c679ae, CreationTimestamp2022-08-24T08:26:15.715Z[Etc/UTC]] moved to OPEN state
2022-08-24 08:26:18,708 [pool-72-thread-1] INFO  server.RaftServerConfigKeys (ConfUtils.java:logGet(46)) - raft.server.log.segment.cache.num.max = 2 (custom)
2022-08-24 08:26:18,708 [pool-72-thread-1] INFO  server.RaftServerConfigKeys (ConfUtils.java:logGet(46)) - raft.server.log.segment.cache.size.max = 200MB (=209715200) (default)
2022-08-24 08:26:18,708 [pool-72-thread-1] INFO  segmented.SegmentedRaftLogWorker (SegmentedRaftLogWorker.java:<init>(187)) - new 6f59db56-2f90-4028-8d65-c4b769c679ae@group-92F3FBCBAEBD-SegmentedRaftLogWorker for RaftStorageImpl:Storage Directory /home/runner/work/ozone/ozone/hadoop-ozone/integration-test/target/test-dir/MiniOzoneClusterImpl-1336b647-fddb-4972-9c96-ba48238d1115/datanode-0/data/ratis/69eea161-a0ac-483f-9870-92f3fbcbaebd
2022-08-24 08:26:18,708 [pool-72-thread-1] INFO  server.RaftServerConfigKeys (ConfUtils.java:logGet(46)) - raft.server.log.queue.byte-limit = 4294967296 (custom)
2022-08-24 08:26:18,708 [pool-72-thread-1] INFO  server.RaftServerConfigKeys (ConfUtils.java:logGet(46)) - raft.server.log.queue.element-limit = 1024 (custom)
2022-08-24 08:26:18,708 [pool-72-thread-1] INFO  server.RaftServerConfigKeys (ConfUtils.java:logGet(46)) - raft.server.log.segment.size.max = 1048576 (custom)
2022-08-24 08:26:18,708 [pool-72-thread-1] INFO  server.RaftServerConfigKeys (ConfUtils.java:logGet(46)) - raft.server.log.preallocated.size = 16384 (custom)
2022-08-24 08:26:18,708 [pool-72-thread-1] INFO  server.RaftServerConfigKeys (ConfUtils.java:logGet(46)) - raft.server.log.force.sync.num = 128 (default)
2022-08-24 08:26:18,708 [pool-72-thread-1] INFO  server.RaftServerConfigKeys (ConfUtils.java:logGet(46)) - raft.server.log.statemachine.data.sync = true (default)
2022-08-24 08:26:18,708 [pool-72-thread-1] INFO  server.RaftServerConfigKeys (ConfUtils.java:logGet(46)) - raft.server.log.statemachine.data.sync.timeout = 10s (default)
2022-08-24 08:26:18,708 [pool-72-thread-1] INFO  server.RaftServerConfigKeys (ConfUtils.java:logGet(46)) - raft.server.log.statemachine.data.sync.timeout.retry = -1 (default)
2022-08-24 08:26:18,710 [EventQueue-OpenPipelineForHealthyPipelineSafeModeRule] INFO  safemode.SCMSafeModeManager (HealthyPipelineSafeModeRule.java:process(137)) - SCM in safe mode. Healthy pipelines reported count is 0, required healthy pipeline reported count is 1
2022-08-24 08:26:18,712 [pool-72-thread-1] INFO  server.RaftServerConfigKeys (ConfUtils.java:logGet(46)) - raft.server.log.write.buffer.size = 1048576 (custom)
2022-08-24 08:26:18,714 [pool-72-thread-1] INFO  server.RaftServerConfigKeys (ConfUtils.java:logGet(46)) - raft.server.log.unsafe-flush.enabled = false (default)
2022-08-24 08:26:18,714 [pool-72-thread-1] INFO  server.RaftServerConfigKeys (ConfUtils.java:logGet(46)) - raft.server.log.statemachine.data.caching.enabled = true (custom)
2022-08-24 08:26:18,714 [pool-72-thread-1] INFO  segmented.SegmentedRaftLogWorker (SegmentedRaftLogWorker.java:lambda$new$0(135)) - 6f59db56-2f90-4028-8d65-c4b769c679ae@group-92F3FBCBAEBD-SegmentedRaftLogWorker: flushIndex: setUnconditionally 0 -> -1
2022-08-24 08:26:18,714 [pool-72-thread-1] INFO  segmented.SegmentedRaftLogWorker (SegmentedRaftLogWorker.java:lambda$new$0(135)) - 6f59db56-2f90-4028-8d65-c4b769c679ae@group-92F3FBCBAEBD-SegmentedRaftLogWorker: safeCacheEvictIndex: setUnconditionally 0 -> -1
2022-08-24 08:26:18,714 [pool-72-thread-1] INFO  server.RaftServerConfigKeys (ConfUtils.java:logGet(46)) - raft.server.snapshot.auto.trigger.enabled = true (custom)
2022-08-24 08:26:18,714 [pool-72-thread-1] INFO  server.RaftServerConfigKeys (ConfUtils.java:logGet(46)) - raft.server.snapshot.auto.trigger.threshold = 10000 (custom)
2022-08-24 08:26:18,714 [pool-72-thread-1] INFO  server.RaftServerConfigKeys (ConfUtils.java:logGet(46)) - raft.server.snapshot.retention.file.num = 5 (custom)
2022-08-24 08:26:18,714 [pool-72-thread-1] INFO  server.RaftServerConfigKeys (ConfUtils.java:logGet(46)) - raft.server.log.purge.upto.snapshot.index = false (default)
2022-08-24 08:26:18,714 [pool-72-thread-1] INFO  server.RaftServerConfigKeys (ConfUtils.java:logGet(46)) - raft.server.retrycache.expirytime = 600000ms (custom)
2022-08-24 08:26:18,715 [pool-72-thread-1] INFO  server.RaftServerConfigKeys (ConfUtils.java:logGet(46)) - raft.server.retrycache.statistics.expirytime = 100μs (default)
2022-08-24 08:26:18,717 [pool-72-thread-1] INFO  server.RaftServerConfigKeys (ConfUtils.java:logGet(46)) - raft.server.log.appender.install.snapshot.enabled = false (custom)
2022-08-24 08:26:18,718 [pool-72-thread-1] INFO  server.RaftServerConfigKeys (ConfUtils.java:logGet(46)) - raft.server.threadpool.server.cached = true (default)
2022-08-24 08:26:18,718 [pool-72-thread-1] INFO  server.RaftServerConfigKeys (ConfUtils.java:logGet(46)) - raft.server.threadpool.server.size = 0 (default)
2022-08-24 08:26:18,718 [pool-72-thread-1] INFO  server.RaftServerConfigKeys (ConfUtils.java:logGet(46)) - raft.server.threadpool.client.cached = true (default)
2022-08-24 08:26:18,718 [pool-72-thread-1] INFO  server.RaftServerConfigKeys (ConfUtils.java:logGet(46)) - raft.server.threadpool.client.size = 0 (default)
2022-08-24 08:26:18,718 [pool-72-thread-1] INFO  server.RaftServer$Division (RaftServerImpl.java:start(310)) - 6f59db56-2f90-4028-8d65-c4b769c679ae@group-92F3FBCBAEBD: start as a follower, conf=-1: [6f59db56-2f90-4028-8d65-c4b769c679ae|rpc:10.1.0.105:39133|priority:1], old=null
2022-08-24 08:26:18,718 [pool-72-thread-1] INFO  server.RaftServer$Division (RaftServerImpl.java:setRole(299)) - 6f59db56-2f90-4028-8d65-c4b769c679ae@group-92F3FBCBAEBD: changes role from      null to FOLLOWER at term 0 for startAsFollower
2022-08-24 08:26:18,718 [pool-72-thread-1] INFO  impl.RoleInfo (RoleInfo.java:updateAndGet(139)) - 6f59db56-2f90-4028-8d65-c4b769c679ae: start 6f59db56-2f90-4028-8d65-c4b769c679ae@group-92F3FBCBAEBD-FollowerState
2022-08-24 08:26:18,718 [pool-72-thread-1] INFO  util.JmxRegister (JmxRegister.java:tryRegister(44)) - Successfully registered JMX Bean with object name Ratis:service=RaftServer,group=group-92F3FBCBAEBD,id=6f59db56-2f90-4028-8d65-c4b769c679ae
2022-08-24 08:26:18,734 [Command processor thread] INFO  ratis.XceiverServerRatis (XceiverServerRatis.java:addGroup(765)) - Created group PipelineID=69eea161-a0ac-483f-9870-92f3fbcbaebd
2022-08-24 08:26:18,734 [Command processor thread] INFO  commandhandler.CreatePipelineCommandHandler (CreatePipelineCommandHandler.java:handle(113)) - Created Pipeline RATIS ONE PipelineID=69eea161-a0ac-483f-9870-92f3fbcbaebd.
2022-08-24 08:26:18,734 [Command processor thread] INFO  server.RaftServer (RaftServerProxy.java:addNew(96)) - 6f59db56-2f90-4028-8d65-c4b769c679ae: addNew group-9BE5FEF10FEA:[ca19929d-3998-403b-8228-cd97e90f4483|rpc:10.1.0.105:38183|priority:1, 6f59db56-2f90-4028-8d65-c4b769c679ae|rpc:10.1.0.105:39133|priority:0, ebf2e152-759f-4d7c-8d06-3719d22af88c|rpc:10.1.0.105:42289|priority:0] returns group-9BE5FEF10FEA:java.util.concurrent.CompletableFuture@132d6069[Not completed]
2022-08-24 08:26:18,740 [pool-72-thread-1] INFO  server.RaftServer$Division (RaftServerImpl.java:<init>(190)) - 6f59db56-2f90-4028-8d65-c4b769c679ae: new RaftServerImpl for group-9BE5FEF10FEA:[ca19929d-3998-403b-8228-cd97e90f4483|rpc:10.1.0.105:38183|priority:1, 6f59db56-2f90-4028-8d65-c4b769c679ae|rpc:10.1.0.105:39133|priority:0, ebf2e152-759f-4d7c-8d06-3719d22af88c|rpc:10.1.0.105:42289|priority:0] with ContainerStateMachine:uninitialized
2022-08-24 08:26:18,740 [pool-72-thread-1] INFO  server.RaftServerConfigKeys (ConfUtils.java:logGet(46)) - raft.server.rpc.timeout.min = 5s (custom)
2022-08-24 08:26:18,740 [pool-72-thread-1] INFO  server.RaftServerConfigKeys (ConfUtils.java:logGet(46)) - raft.server.rpc.timeout.max = 5200ms (custom)
2022-08-24 08:26:18,741 [pool-72-thread-1] INFO  server.RaftServerConfigKeys (ConfUtils.java:logGet(46)) - raft.server.rpc.sleep.time = 25ms (default)
2022-08-24 08:26:18,741 [pool-72-thread-1] INFO  server.RaftServerConfigKeys (ConfUtils.java:logGet(46)) - raft.server.rpc.slowness.timeout = 300s (custom)
2022-08-24 08:26:18,741 [pool-72-thread-1] INFO  server.RaftServerConfigKeys (ConfUtils.java:logGet(46)) - raft.server.leaderelection.leader.step-down.wait-time = 10s (default)
2022-08-24 08:26:18,741 [pool-72-thread-1] INFO  server.RaftServerConfigKeys (ConfUtils.java:logGet(46)) - raft.server.sleep.deviation.threshold = 300ms (default)
2022-08-24 08:26:18,741 [pool-72-thread-1] INFO  server.RaftServer$Division (ServerState.java:<init>(107)) - 6f59db56-2f90-4028-8d65-c4b769c679ae@group-9BE5FEF10FEA: ConfigurationManager, init=-1: [ca19929d-3998-403b-8228-cd97e90f4483|rpc:10.1.0.105:38183|priority:1, 6f59db56-2f90-4028-8d65-c4b769c679ae|rpc:10.1.0.105:39133|priority:0, ebf2e152-759f-4d7c-8d06-3719d22af88c|rpc:10.1.0.105:42289|priority:0], old=null, confs=<EMPTY_MAP>
2022-08-24 08:26:18,741 [pool-72-thread-1] INFO  server.RaftServerConfigKeys (ConfUtils.java:logGet(46)) - raft.server.storage.dir = [/home/runner/work/ozone/ozone/hadoop-ozone/integration-test/target/test-dir/MiniOzoneClusterImpl-1336b647-fddb-4972-9c96-ba48238d1115/datanode-0/data/ratis] (custom)
2022-08-24 08:26:18,741 [pool-72-thread-1] INFO  server.RaftServerConfigKeys (ConfUtils.java:logGet(46)) - raft.server.log.corruption.policy = EXCEPTION (default)
2022-08-24 08:26:18,741 [pool-72-thread-1] INFO  server.RaftServerConfigKeys (ConfUtils.java:logGet(46)) - raft.server.storage.free-space.min = 0MB (=0) (default)
2022-08-24 08:26:18,741 [pool-72-thread-1] INFO  storage.RaftStorageDirectory (RaftStorageDirectoryImpl.java:analyzeStorage(135)) - The storage directory /home/runner/work/ozone/ozone/hadoop-ozone/integration-test/target/test-dir/MiniOzoneClusterImpl-1336b647-fddb-4972-9c96-ba48238d1115/datanode-0/data/ratis/74e490e8-c85a-4b9a-a8c8-9be5fef10fea does not exist. Creating ...
2022-08-24 08:26:18,742 [pool-72-thread-1] INFO  storage.RaftStorageDirectory (RaftStorageDirectoryImpl.java:tryLock(230)) - Lock on /home/runner/work/ozone/ozone/hadoop-ozone/integration-test/target/test-dir/MiniOzoneClusterImpl-1336b647-fddb-4972-9c96-ba48238d1115/datanode-0/data/ratis/74e490e8-c85a-4b9a-a8c8-9be5fef10fea/in_use.lock acquired by nodename 20331@fv-az96-669
2022-08-24 08:26:18,742 [pool-72-thread-1] INFO  storage.RaftStorage (RaftStorageImpl.java:format(89)) - Storage directory /home/runner/work/ozone/ozone/hadoop-ozone/integration-test/target/test-dir/MiniOzoneClusterImpl-1336b647-fddb-4972-9c96-ba48238d1115/datanode-0/data/ratis/74e490e8-c85a-4b9a-a8c8-9be5fef10fea has been successfully formatted.
2022-08-24 08:26:18,743 [pool-72-thread-1] INFO  ratis.ContainerStateMachine (ContainerStateMachine.java:loadSnapshot(236)) - group-9BE5FEF10FEA: The snapshot info is null. Setting the last applied indexto:(t:0, i:~)
2022-08-24 08:26:18,743 [pool-72-thread-1] INFO  server.RaftServerConfigKeys (ConfUtils.java:logGet(46)) - raft.server.notification.no-leader.timeout = 300s (custom)
2022-08-24 08:26:18,744 [EventQueue-OpenPipelineForHealthyPipelineSafeModeRule] INFO  safemode.SCMSafeModeManager (HealthyPipelineSafeModeRule.java:process(137)) - SCM in safe mode. Healthy pipelines reported count is 0, required healthy pipeline reported count is 1
2022-08-24 08:26:18,745 [pool-72-thread-1] INFO  server.RaftServerConfigKeys (ConfUtils.java:logGet(46)) - raft.server.log.use.memory = false (default)
2022-08-24 08:26:18,745 [pool-72-thread-1] INFO  server.RaftServerConfigKeys (ConfUtils.java:logGet(46)) - raft.server.log.purge.gap = 1000000 (custom)
2022-08-24 08:26:18,745 [pool-72-thread-1] INFO  server.RaftServerConfigKeys (ConfUtils.java:logGet(46)) - raft.server.log.appender.buffer.byte-limit = 33554432 (custom)
2022-08-24 08:26:18,745 [pool-72-thread-1] INFO  server.RaftServerConfigKeys (ConfUtils.java:logGet(46)) - raft.server.log.statemachine.data.read.timeout = 1000ms (default)
2022-08-24 08:26:18,745 [pool-72-thread-1] INFO  server.RaftServerConfigKeys (ConfUtils.java:logGet(46)) - raft.server.log.segment.size.max = 1048576 (custom)
2022-08-24 08:26:18,751 [pool-72-thread-1] INFO  server.RaftServerConfigKeys (ConfUtils.java:logGet(46)) - raft.server.log.segment.cache.num.max = 2 (custom)
2022-08-24 08:26:18,751 [pool-72-thread-1] INFO  server.RaftServerConfigKeys (ConfUtils.java:logGet(46)) - raft.server.log.segment.cache.size.max = 200MB (=209715200) (default)
2022-08-24 08:26:18,751 [pool-72-thread-1] INFO  segmented.SegmentedRaftLogWorker (SegmentedRaftLogWorker.java:<init>(187)) - new 6f59db56-2f90-4028-8d65-c4b769c679ae@group-9BE5FEF10FEA-SegmentedRaftLogWorker for RaftStorageImpl:Storage Directory /home/runner/work/ozone/ozone/hadoop-ozone/integration-test/target/test-dir/MiniOzoneClusterImpl-1336b647-fddb-4972-9c96-ba48238d1115/datanode-0/data/ratis/74e490e8-c85a-4b9a-a8c8-9be5fef10fea
2022-08-24 08:26:18,751 [pool-72-thread-1] INFO  server.RaftServerConfigKeys (ConfUtils.java:logGet(46)) - raft.server.log.queue.byte-limit = 4294967296 (custom)
2022-08-24 08:26:18,751 [pool-72-thread-1] INFO  server.RaftServerConfigKeys (ConfUtils.java:logGet(46)) - raft.server.log.queue.element-limit = 1024 (custom)
2022-08-24 08:26:18,751 [pool-72-thread-1] INFO  server.RaftServerConfigKeys (ConfUtils.java:logGet(46)) - raft.server.log.segment.size.max = 1048576 (custom)
2022-08-24 08:26:18,751 [pool-72-thread-1] INFO  server.RaftServerConfigKeys (ConfUtils.java:logGet(46)) - raft.server.log.preallocated.size = 16384 (custom)
2022-08-24 08:26:18,751 [pool-72-thread-1] INFO  server.RaftServerConfigKeys (ConfUtils.java:logGet(46)) - raft.server.log.force.sync.num = 128 (default)
2022-08-24 08:26:18,751 [pool-72-thread-1] INFO  server.RaftServerConfigKeys (ConfUtils.java:logGet(46)) - raft.server.log.statemachine.data.sync = true (default)
2022-08-24 08:26:18,751 [pool-72-thread-1] INFO  server.RaftServerConfigKeys (ConfUtils.java:logGet(46)) - raft.server.log.statemachine.data.sync.timeout = 10s (default)
2022-08-24 08:26:18,751 [pool-72-thread-1] INFO  server.RaftServerConfigKeys (ConfUtils.java:logGet(46)) - raft.server.log.statemachine.data.sync.timeout.retry = -1 (default)
2022-08-24 08:26:18,752 [pool-72-thread-1] INFO  server.RaftServerConfigKeys (ConfUtils.java:logGet(46)) - raft.server.log.write.buffer.size = 1048576 (custom)
2022-08-24 08:26:18,752 [pool-72-thread-1] INFO  server.RaftServerConfigKeys (ConfUtils.java:logGet(46)) - raft.server.log.unsafe-flush.enabled = false (default)
2022-08-24 08:26:18,753 [pool-72-thread-1] INFO  server.RaftServerConfigKeys (ConfUtils.java:logGet(46)) - raft.server.log.statemachine.data.caching.enabled = true (custom)
2022-08-24 08:26:18,753 [pool-72-thread-1] INFO  segmented.SegmentedRaftLogWorker (SegmentedRaftLogWorker.java:lambda$new$0(135)) - 6f59db56-2f90-4028-8d65-c4b769c679ae@group-9BE5FEF10FEA-SegmentedRaftLogWorker: flushIndex: setUnconditionally 0 -> -1
2022-08-24 08:26:18,753 [pool-72-thread-1] INFO  segmented.SegmentedRaftLogWorker (SegmentedRaftLogWorker.java:lambda$new$0(135)) - 6f59db56-2f90-4028-8d65-c4b769c679ae@group-9BE5FEF10FEA-SegmentedRaftLogWorker: safeCacheEvictIndex: setUnconditionally 0 -> -1
2022-08-24 08:26:18,754 [pool-72-thread-1] INFO  server.RaftServerConfigKeys (ConfUtils.java:logGet(46)) - raft.server.snapshot.auto.trigger.enabled = true (custom)
2022-08-24 08:26:18,754 [pool-72-thread-1] INFO  server.RaftServerConfigKeys (ConfUtils.java:logGet(46)) - raft.server.snapshot.auto.trigger.threshold = 10000 (custom)
2022-08-24 08:26:18,754 [pool-72-thread-1] INFO  server.RaftServerConfigKeys (ConfUtils.java:logGet(46)) - raft.server.snapshot.retention.file.num = 5 (custom)
2022-08-24 08:26:18,754 [pool-72-thread-1] INFO  server.RaftServerConfigKeys (ConfUtils.java:logGet(46)) - raft.server.log.purge.upto.snapshot.index = false (default)
2022-08-24 08:26:18,755 [pool-72-thread-1] INFO  server.RaftServerConfigKeys (ConfUtils.java:logGet(46)) - raft.server.retrycache.expirytime = 600000ms (custom)
2022-08-24 08:26:18,755 [pool-72-thread-1] INFO  server.RaftServerConfigKeys (ConfUtils.java:logGet(46)) - raft.server.retrycache.statistics.expirytime = 100μs (default)
2022-08-24 08:26:18,763 [pool-72-thread-1] INFO  server.RaftServerConfigKeys (ConfUtils.java:logGet(46)) - raft.server.log.appender.install.snapshot.enabled = false (custom)
2022-08-24 08:26:18,763 [pool-72-thread-1] INFO  server.RaftServerConfigKeys (ConfUtils.java:logGet(46)) - raft.server.threadpool.server.cached = true (default)
2022-08-24 08:26:18,763 [pool-72-thread-1] INFO  server.RaftServerConfigKeys (ConfUtils.java:logGet(46)) - raft.server.threadpool.server.size = 0 (default)
2022-08-24 08:26:18,763 [pool-72-thread-1] INFO  server.RaftServerConfigKeys (ConfUtils.java:logGet(46)) - raft.server.threadpool.client.cached = true (default)
2022-08-24 08:26:18,763 [pool-72-thread-1] INFO  server.RaftServerConfigKeys (ConfUtils.java:logGet(46)) - raft.server.threadpool.client.size = 0 (default)
2022-08-24 08:26:18,763 [pool-72-thread-1] INFO  server.RaftServer$Division (RaftServerImpl.java:start(310)) - 6f59db56-2f90-4028-8d65-c4b769c679ae@group-9BE5FEF10FEA: start as a follower, conf=-1: [ca19929d-3998-403b-8228-cd97e90f4483|rpc:10.1.0.105:38183|priority:1, 6f59db56-2f90-4028-8d65-c4b769c679ae|rpc:10.1.0.105:39133|priority:0, ebf2e152-759f-4d7c-8d06-3719d22af88c|rpc:10.1.0.105:42289|priority:0], old=null
2022-08-24 08:26:18,763 [pool-72-thread-1] INFO  server.RaftServer$Division (RaftServerImpl.java:setRole(299)) - 6f59db56-2f90-4028-8d65-c4b769c679ae@group-9BE5FEF10FEA: changes role from      null to FOLLOWER at term 0 for startAsFollower
2022-08-24 08:26:18,763 [pool-72-thread-1] INFO  impl.RoleInfo (RoleInfo.java:updateAndGet(139)) - 6f59db56-2f90-4028-8d65-c4b769c679ae: start 6f59db56-2f90-4028-8d65-c4b769c679ae@group-9BE5FEF10FEA-FollowerState
2022-08-24 08:26:18,765 [pool-72-thread-1] INFO  util.JmxRegister (JmxRegister.java:tryRegister(44)) - Successfully registered JMX Bean with object name Ratis:service=RaftServer,group=group-9BE5FEF10FEA,id=6f59db56-2f90-4028-8d65-c4b769c679ae
2022-08-24 08:26:18,767 [Command processor thread] INFO  ratis.XceiverServerRatis (XceiverServerRatis.java:addGroup(765)) - Created group PipelineID=74e490e8-c85a-4b9a-a8c8-9be5fef10fea
2022-08-24 08:26:19,126 [Command processor thread] INFO  server.RaftServer (RaftServerProxy.java:addNew(96)) - ebf2e152-759f-4d7c-8d06-3719d22af88c: addNew group-B1CFB5FB3E88:[ebf2e152-759f-4d7c-8d06-3719d22af88c|rpc:10.1.0.105:42289|priority:1] returns group-B1CFB5FB3E88:java.util.concurrent.CompletableFuture@50073b61[Not completed]
2022-08-24 08:26:19,132 [pool-95-thread-1] INFO  server.RaftServer$Division (RaftServerImpl.java:<init>(190)) - ebf2e152-759f-4d7c-8d06-3719d22af88c: new RaftServerImpl for group-B1CFB5FB3E88:[ebf2e152-759f-4d7c-8d06-3719d22af88c|rpc:10.1.0.105:42289|priority:1] with ContainerStateMachine:uninitialized
2022-08-24 08:26:19,132 [pool-95-thread-1] INFO  server.RaftServerConfigKeys (ConfUtils.java:logGet(46)) - raft.server.rpc.timeout.min = 5s (custom)
2022-08-24 08:26:19,132 [pool-95-thread-1] INFO  server.RaftServerConfigKeys (ConfUtils.java:logGet(46)) - raft.server.rpc.timeout.max = 5200ms (custom)
2022-08-24 08:26:19,137 [pool-95-thread-1] INFO  server.RaftServerConfigKeys (ConfUtils.java:logGet(46)) - raft.server.rpc.sleep.time = 25ms (default)
2022-08-24 08:26:19,138 [pool-95-thread-1] INFO  server.RaftServerConfigKeys (ConfUtils.java:logGet(46)) - raft.server.rpc.slowness.timeout = 300s (custom)
2022-08-24 08:26:19,138 [pool-95-thread-1] INFO  server.RaftServerConfigKeys (ConfUtils.java:logGet(46)) - raft.server.leaderelection.leader.step-down.wait-time = 10s (default)
2022-08-24 08:26:19,138 [pool-95-thread-1] INFO  server.RaftServerConfigKeys (ConfUtils.java:logGet(46)) - raft.server.sleep.deviation.threshold = 300ms (default)
2022-08-24 08:26:19,138 [pool-95-thread-1] INFO  server.RaftServer$Division (ServerState.java:<init>(107)) - ebf2e152-759f-4d7c-8d06-3719d22af88c@group-B1CFB5FB3E88: ConfigurationManager, init=-1: [ebf2e152-759f-4d7c-8d06-3719d22af88c|rpc:10.1.0.105:42289|priority:1], old=null, confs=<EMPTY_MAP>
2022-08-24 08:26:19,139 [pool-95-thread-1] INFO  server.RaftServerConfigKeys (ConfUtils.java:logGet(46)) - raft.server.storage.dir = [/home/runner/work/ozone/ozone/hadoop-ozone/integration-test/target/test-dir/MiniOzoneClusterImpl-1336b647-fddb-4972-9c96-ba48238d1115/datanode-1/data/ratis] (custom)
2022-08-24 08:26:19,139 [pool-95-thread-1] INFO  server.RaftServerConfigKeys (ConfUtils.java:logGet(46)) - raft.server.log.corruption.policy = EXCEPTION (default)
2022-08-24 08:26:19,139 [pool-95-thread-1] INFO  server.RaftServerConfigKeys (ConfUtils.java:logGet(46)) - raft.server.storage.free-space.min = 0MB (=0) (default)
2022-08-24 08:26:19,139 [pool-95-thread-1] INFO  storage.RaftStorageDirectory (RaftStorageDirectoryImpl.java:analyzeStorage(135)) - The storage directory /home/runner/work/ozone/ozone/hadoop-ozone/integration-test/target/test-dir/MiniOzoneClusterImpl-1336b647-fddb-4972-9c96-ba48238d1115/datanode-1/data/ratis/96799419-fab1-4728-9268-b1cfb5fb3e88 does not exist. Creating ...
2022-08-24 08:26:19,143 [pool-95-thread-1] INFO  storage.RaftStorageDirectory (RaftStorageDirectoryImpl.java:tryLock(230)) - Lock on /home/runner/work/ozone/ozone/hadoop-ozone/integration-test/target/test-dir/MiniOzoneClusterImpl-1336b647-fddb-4972-9c96-ba48238d1115/datanode-1/data/ratis/96799419-fab1-4728-9268-b1cfb5fb3e88/in_use.lock acquired by nodename 20331@fv-az96-669
2022-08-24 08:26:19,144 [pool-95-thread-1] INFO  storage.RaftStorage (RaftStorageImpl.java:format(89)) - Storage directory /home/runner/work/ozone/ozone/hadoop-ozone/integration-test/target/test-dir/MiniOzoneClusterImpl-1336b647-fddb-4972-9c96-ba48238d1115/datanode-1/data/ratis/96799419-fab1-4728-9268-b1cfb5fb3e88 has been successfully formatted.
2022-08-24 08:26:19,145 [pool-95-thread-1] INFO  ratis.ContainerStateMachine (ContainerStateMachine.java:loadSnapshot(236)) - group-B1CFB5FB3E88: The snapshot info is null. Setting the last applied indexto:(t:0, i:~)
2022-08-24 08:26:19,151 [EventQueue-PipelineReportForPipelineReportHandler] INFO  pipeline.PipelineManagerImpl (PipelineManagerImpl.java:openPipeline(367)) - Pipeline Pipeline[ Id: 96799419-fab1-4728-9268-b1cfb5fb3e88, Nodes: ebf2e152-759f-4d7c-8d06-3719d22af88c{ip: 10.1.0.105, host: fv-az96-669.m4cgkdvplvgupd014rd20bgx3d.gx.internal.cloudapp.net, ports: [REPLICATION=36517, RATIS=42289, RATIS_ADMIN=42289, RATIS_SERVER=42289, STANDALONE=41517], networkLocation: /default-rack, certSerialId: null, persistedOpState: IN_SERVICE, persistedOpStateExpiryEpochSec: 0}, ReplicationConfig: RATIS/ONE, State:ALLOCATED, leaderId:ebf2e152-759f-4d7c-8d06-3719d22af88c, CreationTimestamp2022-08-24T08:26:16.127Z[Etc/UTC]] moved to OPEN state
2022-08-24 08:26:19,152 [pool-95-thread-1] INFO  server.RaftServerConfigKeys (ConfUtils.java:logGet(46)) - raft.server.notification.no-leader.timeout = 300s (custom)
2022-08-24 08:26:19,152 [pool-95-thread-1] INFO  server.RaftServerConfigKeys (ConfUtils.java:logGet(46)) - raft.server.log.use.memory = false (default)
2022-08-24 08:26:19,152 [pool-95-thread-1] INFO  server.RaftServerConfigKeys (ConfUtils.java:logGet(46)) - raft.server.log.purge.gap = 1000000 (custom)
2022-08-24 08:26:19,153 [pool-95-thread-1] INFO  server.RaftServerConfigKeys (ConfUtils.java:logGet(46)) - raft.server.log.appender.buffer.byte-limit = 33554432 (custom)
2022-08-24 08:26:19,153 [pool-95-thread-1] INFO  server.RaftServerConfigKeys (ConfUtils.java:logGet(46)) - raft.server.log.statemachine.data.read.timeout = 1000ms (default)
2022-08-24 08:26:19,153 [EventQueue-OpenPipelineForHealthyPipelineSafeModeRule] INFO  safemode.SCMSafeModeManager (HealthyPipelineSafeModeRule.java:process(137)) - SCM in safe mode. Healthy pipelines reported count is 0, required healthy pipeline reported count is 1
2022-08-24 08:26:19,153 [pool-95-thread-1] INFO  server.RaftServerConfigKeys (ConfUtils.java:logGet(46)) - raft.server.log.segment.size.max = 1048576 (custom)
2022-08-24 08:26:19,155 [pool-95-thread-1] INFO  server.RaftServerConfigKeys (ConfUtils.java:logGet(46)) - raft.server.log.segment.cache.num.max = 2 (custom)
2022-08-24 08:26:19,155 [pool-95-thread-1] INFO  server.RaftServerConfigKeys (ConfUtils.java:logGet(46)) - raft.server.log.segment.cache.size.max = 200MB (=209715200) (default)
2022-08-24 08:26:19,155 [pool-95-thread-1] INFO  segmented.SegmentedRaftLogWorker (SegmentedRaftLogWorker.java:<init>(187)) - new ebf2e152-759f-4d7c-8d06-3719d22af88c@group-B1CFB5FB3E88-SegmentedRaftLogWorker for RaftStorageImpl:Storage Directory /home/runner/work/ozone/ozone/hadoop-ozone/integration-test/target/test-dir/MiniOzoneClusterImpl-1336b647-fddb-4972-9c96-ba48238d1115/datanode-1/data/ratis/96799419-fab1-4728-9268-b1cfb5fb3e88
2022-08-24 08:26:19,155 [pool-95-thread-1] INFO  server.RaftServerConfigKeys (ConfUtils.java:logGet(46)) - raft.server.log.queue.byte-limit = 4294967296 (custom)
2022-08-24 08:26:19,155 [pool-95-thread-1] INFO  server.RaftServerConfigKeys (ConfUtils.java:logGet(46)) - raft.server.log.queue.element-limit = 1024 (custom)
2022-08-24 08:26:19,155 [pool-95-thread-1] INFO  server.RaftServerConfigKeys (ConfUtils.java:logGet(46)) - raft.server.log.segment.size.max = 1048576 (custom)
2022-08-24 08:26:19,155 [pool-95-thread-1] INFO  server.RaftServerConfigKeys (ConfUtils.java:logGet(46)) - raft.server.log.preallocated.size = 16384 (custom)
2022-08-24 08:26:19,156 [pool-95-thread-1] INFO  server.RaftServerConfigKeys (ConfUtils.java:logGet(46)) - raft.server.log.force.sync.num = 128 (default)
2022-08-24 08:26:19,156 [pool-95-thread-1] INFO  server.RaftServerConfigKeys (ConfUtils.java:logGet(46)) - raft.server.log.statemachine.data.sync = true (default)
2022-08-24 08:26:19,156 [pool-95-thread-1] INFO  server.RaftServerConfigKeys (ConfUtils.java:logGet(46)) - raft.server.log.statemachine.data.sync.timeout = 10s (default)
2022-08-24 08:26:19,156 [pool-95-thread-1] INFO  server.RaftServerConfigKeys (ConfUtils.java:logGet(46)) - raft.server.log.statemachine.data.sync.timeout.retry = -1 (default)
2022-08-24 08:26:19,162 [pool-95-thread-1] INFO  server.RaftServerConfigKeys (ConfUtils.java:logGet(46)) - raft.server.log.write.buffer.size = 1048576 (custom)
2022-08-24 08:26:19,162 [pool-95-thread-1] INFO  server.RaftServerConfigKeys (ConfUtils.java:logGet(46)) - raft.server.log.unsafe-flush.enabled = false (default)
2022-08-24 08:26:19,162 [pool-95-thread-1] INFO  server.RaftServerConfigKeys (ConfUtils.java:logGet(46)) - raft.server.log.statemachine.data.caching.enabled = true (custom)
2022-08-24 08:26:19,162 [pool-95-thread-1] INFO  segmented.SegmentedRaftLogWorker (SegmentedRaftLogWorker.java:lambda$new$0(135)) - ebf2e152-759f-4d7c-8d06-3719d22af88c@group-B1CFB5FB3E88-SegmentedRaftLogWorker: flushIndex: setUnconditionally 0 -> -1
2022-08-24 08:26:19,162 [pool-95-thread-1] INFO  segmented.SegmentedRaftLogWorker (SegmentedRaftLogWorker.java:lambda$new$0(135)) - ebf2e152-759f-4d7c-8d06-3719d22af88c@group-B1CFB5FB3E88-SegmentedRaftLogWorker: safeCacheEvictIndex: setUnconditionally 0 -> -1
2022-08-24 08:26:19,163 [pool-95-thread-1] INFO  server.RaftServerConfigKeys (ConfUtils.java:logGet(46)) - raft.server.snapshot.auto.trigger.enabled = true (custom)
2022-08-24 08:26:19,163 [pool-95-thread-1] INFO  server.RaftServerConfigKeys (ConfUtils.java:logGet(46)) - raft.server.snapshot.auto.trigger.threshold = 10000 (custom)
2022-08-24 08:26:19,163 [pool-95-thread-1] INFO  server.RaftServerConfigKeys (ConfUtils.java:logGet(46)) - raft.server.snapshot.retention.file.num = 5 (custom)
2022-08-24 08:26:19,163 [pool-95-thread-1] INFO  server.RaftServerConfigKeys (ConfUtils.java:logGet(46)) - raft.server.log.purge.upto.snapshot.index = false (default)
2022-08-24 08:26:19,163 [pool-95-thread-1] INFO  server.RaftServerConfigKeys (ConfUtils.java:logGet(46)) - raft.server.retrycache.expirytime = 600000ms (custom)
2022-08-24 08:26:19,163 [pool-95-thread-1] INFO  server.RaftServerConfigKeys (ConfUtils.java:logGet(46)) - raft.server.retrycache.statistics.expirytime = 100μs (default)
2022-08-24 08:26:19,164 [pool-95-thread-1] INFO  server.RaftServerConfigKeys (ConfUtils.java:logGet(46)) - raft.server.log.appender.install.snapshot.enabled = false (custom)
2022-08-24 08:26:19,164 [pool-95-thread-1] INFO  server.RaftServerConfigKeys (ConfUtils.java:logGet(46)) - raft.server.threadpool.server.cached = true (default)
2022-08-24 08:26:19,164 [pool-95-thread-1] INFO  server.RaftServerConfigKeys (ConfUtils.java:logGet(46)) - raft.server.threadpool.server.size = 0 (default)
2022-08-24 08:26:19,164 [pool-95-thread-1] INFO  server.RaftServerConfigKeys (ConfUtils.java:logGet(46)) - raft.server.threadpool.client.cached = true (default)
2022-08-24 08:26:19,164 [pool-95-thread-1] INFO  server.RaftServerConfigKeys (ConfUtils.java:logGet(46)) - raft.server.threadpool.client.size = 0 (default)
2022-08-24 08:26:19,165 [pool-95-thread-1] INFO  server.RaftServer$Division (RaftServerImpl.java:start(310)) - ebf2e152-759f-4d7c-8d06-3719d22af88c@group-B1CFB5FB3E88: start as a follower, conf=-1: [ebf2e152-759f-4d7c-8d06-3719d22af88c|rpc:10.1.0.105:42289|priority:1], old=null
2022-08-24 08:26:19,165 [pool-95-thread-1] INFO  server.RaftServer$Division (RaftServerImpl.java:setRole(299)) - ebf2e152-759f-4d7c-8d06-3719d22af88c@group-B1CFB5FB3E88: changes role from      null to FOLLOWER at term 0 for startAsFollower
2022-08-24 08:26:19,165 [pool-95-thread-1] INFO  impl.RoleInfo (RoleInfo.java:updateAndGet(139)) - ebf2e152-759f-4d7c-8d06-3719d22af88c: start ebf2e152-759f-4d7c-8d06-3719d22af88c@group-B1CFB5FB3E88-FollowerState
2022-08-24 08:26:19,166 [ReplicationMonitor] INFO  replication.ReplicationManager (ReplicationManager.java:processAll(255)) - Replication Manager is not ready to run until 3000ms after safemode exit
2022-08-24 08:26:19,171 [pool-95-thread-1] INFO  util.JmxRegister (JmxRegister.java:tryRegister(44)) - Successfully registered JMX Bean with object name Ratis:service=RaftServer,group=group-B1CFB5FB3E88,id=ebf2e152-759f-4d7c-8d06-3719d22af88c
2022-08-24 08:26:19,175 [Command processor thread] INFO  ratis.XceiverServerRatis (XceiverServerRatis.java:addGroup(765)) - Created group PipelineID=96799419-fab1-4728-9268-b1cfb5fb3e88
2022-08-24 08:26:19,175 [Command processor thread] INFO  commandhandler.CreatePipelineCommandHandler (CreatePipelineCommandHandler.java:handle(113)) - Created Pipeline RATIS ONE PipelineID=96799419-fab1-4728-9268-b1cfb5fb3e88.
2022-08-24 08:26:19,176 [Command processor thread] INFO  server.RaftServer (RaftServerProxy.java:addNew(96)) - ebf2e152-759f-4d7c-8d06-3719d22af88c: addNew group-9BE5FEF10FEA:[ca19929d-3998-403b-8228-cd97e90f4483|rpc:10.1.0.105:38183|priority:1, 6f59db56-2f90-4028-8d65-c4b769c679ae|rpc:10.1.0.105:39133|priority:0, ebf2e152-759f-4d7c-8d06-3719d22af88c|rpc:10.1.0.105:42289|priority:0] returns group-9BE5FEF10FEA:java.util.concurrent.CompletableFuture@5438a5b9[Not completed]
2022-08-24 08:26:19,178 [pool-95-thread-1] INFO  server.RaftServer$Division (RaftServerImpl.java:<init>(190)) - ebf2e152-759f-4d7c-8d06-3719d22af88c: new RaftServerImpl for group-9BE5FEF10FEA:[ca19929d-3998-403b-8228-cd97e90f4483|rpc:10.1.0.105:38183|priority:1, 6f59db56-2f90-4028-8d65-c4b769c679ae|rpc:10.1.0.105:39133|priority:0, ebf2e152-759f-4d7c-8d06-3719d22af88c|rpc:10.1.0.105:42289|priority:0] with ContainerStateMachine:uninitialized
2022-08-24 08:26:19,178 [pool-95-thread-1] INFO  server.RaftServerConfigKeys (ConfUtils.java:logGet(46)) - raft.server.rpc.timeout.min = 5s (custom)
2022-08-24 08:26:19,178 [pool-95-thread-1] INFO  server.RaftServerConfigKeys (ConfUtils.java:logGet(46)) - raft.server.rpc.timeout.max = 5200ms (custom)
2022-08-24 08:26:19,179 [pool-95-thread-1] INFO  server.RaftServerConfigKeys (ConfUtils.java:logGet(46)) - raft.server.rpc.sleep.time = 25ms (default)
2022-08-24 08:26:19,179 [pool-95-thread-1] INFO  server.RaftServerConfigKeys (ConfUtils.java:logGet(46)) - raft.server.rpc.slowness.timeout = 300s (custom)
2022-08-24 08:26:19,179 [pool-95-thread-1] INFO  server.RaftServerConfigKeys (ConfUtils.java:logGet(46)) - raft.server.leaderelection.leader.step-down.wait-time = 10s (default)
2022-08-24 08:26:19,179 [pool-95-thread-1] INFO  server.RaftServerConfigKeys (ConfUtils.java:logGet(46)) - raft.server.sleep.deviation.threshold = 300ms (default)
2022-08-24 08:26:19,179 [pool-95-thread-1] INFO  server.RaftServer$Division (ServerState.java:<init>(107)) - ebf2e152-759f-4d7c-8d06-3719d22af88c@group-9BE5FEF10FEA: ConfigurationManager, init=-1: [ca19929d-3998-403b-8228-cd97e90f4483|rpc:10.1.0.105:38183|priority:1, 6f59db56-2f90-4028-8d65-c4b769c679ae|rpc:10.1.0.105:39133|priority:0, ebf2e152-759f-4d7c-8d06-3719d22af88c|rpc:10.1.0.105:42289|priority:0], old=null, confs=<EMPTY_MAP>
2022-08-24 08:26:19,179 [pool-95-thread-1] INFO  server.RaftServerConfigKeys (ConfUtils.java:logGet(46)) - raft.server.storage.dir = [/home/runner/work/ozone/ozone/hadoop-ozone/integration-test/target/test-dir/MiniOzoneClusterImpl-1336b647-fddb-4972-9c96-ba48238d1115/datanode-1/data/ratis] (custom)
2022-08-24 08:26:19,179 [pool-95-thread-1] INFO  server.RaftServerConfigKeys (ConfUtils.java:logGet(46)) - raft.server.log.corruption.policy = EXCEPTION (default)
2022-08-24 08:26:19,179 [pool-95-thread-1] INFO  server.RaftServerConfigKeys (ConfUtils.java:logGet(46)) - raft.server.storage.free-space.min = 0MB (=0) (default)
2022-08-24 08:26:19,179 [pool-95-thread-1] INFO  storage.RaftStorageDirectory (RaftStorageDirectoryImpl.java:analyzeStorage(135)) - The storage directory /home/runner/work/ozone/ozone/hadoop-ozone/integration-test/target/test-dir/MiniOzoneClusterImpl-1336b647-fddb-4972-9c96-ba48238d1115/datanode-1/data/ratis/74e490e8-c85a-4b9a-a8c8-9be5fef10fea does not exist. Creating ...
2022-08-24 08:26:19,181 [pool-95-thread-1] INFO  storage.RaftStorageDirectory (RaftStorageDirectoryImpl.java:tryLock(230)) - Lock on /home/runner/work/ozone/ozone/hadoop-ozone/integration-test/target/test-dir/MiniOzoneClusterImpl-1336b647-fddb-4972-9c96-ba48238d1115/datanode-1/data/ratis/74e490e8-c85a-4b9a-a8c8-9be5fef10fea/in_use.lock acquired by nodename 20331@fv-az96-669
2022-08-24 08:26:19,183 [pool-95-thread-1] INFO  storage.RaftStorage (RaftStorageImpl.java:format(89)) - Storage directory /home/runner/work/ozone/ozone/hadoop-ozone/integration-test/target/test-dir/MiniOzoneClusterImpl-1336b647-fddb-4972-9c96-ba48238d1115/datanode-1/data/ratis/74e490e8-c85a-4b9a-a8c8-9be5fef10fea has been successfully formatted.
2022-08-24 08:26:19,183 [pool-95-thread-1] INFO  ratis.ContainerStateMachine (ContainerStateMachine.java:loadSnapshot(236)) - group-9BE5FEF10FEA: The snapshot info is null. Setting the last applied indexto:(t:0, i:~)
2022-08-24 08:26:19,188 [EventQueue-OpenPipelineForHealthyPipelineSafeModeRule] INFO  safemode.SCMSafeModeManager (HealthyPipelineSafeModeRule.java:process(137)) - SCM in safe mode. Healthy pipelines reported count is 0, required healthy pipeline reported count is 1
2022-08-24 08:26:19,188 [pool-95-thread-1] INFO  server.RaftServerConfigKeys (ConfUtils.java:logGet(46)) - raft.server.notification.no-leader.timeout = 300s (custom)
2022-08-24 08:26:19,188 [pool-95-thread-1] INFO  server.RaftServerConfigKeys (ConfUtils.java:logGet(46)) - raft.server.log.use.memory = false (default)
2022-08-24 08:26:19,188 [pool-95-thread-1] INFO  server.RaftServerConfigKeys (ConfUtils.java:logGet(46)) - raft.server.log.purge.gap = 1000000 (custom)
2022-08-24 08:26:19,188 [pool-95-thread-1] INFO  server.RaftServerConfigKeys (ConfUtils.java:logGet(46)) - raft.server.log.appender.buffer.byte-limit = 33554432 (custom)
2022-08-24 08:26:19,188 [pool-95-thread-1] INFO  server.RaftServerConfigKeys (ConfUtils.java:logGet(46)) - raft.server.log.statemachine.data.read.timeout = 1000ms (default)
2022-08-24 08:26:19,188 [pool-95-thread-1] INFO  server.RaftServerConfigKeys (ConfUtils.java:logGet(46)) - raft.server.log.segment.size.max = 1048576 (custom)
2022-08-24 08:26:19,189 [pool-95-thread-1] INFO  server.RaftServerConfigKeys (ConfUtils.java:logGet(46)) - raft.server.log.segment.cache.num.max = 2 (custom)
2022-08-24 08:26:19,189 [pool-95-thread-1] INFO  server.RaftServerConfigKeys (ConfUtils.java:logGet(46)) - raft.server.log.segment.cache.size.max = 200MB (=209715200) (default)
2022-08-24 08:26:19,189 [pool-95-thread-1] INFO  segmented.SegmentedRaftLogWorker (SegmentedRaftLogWorker.java:<init>(187)) - new ebf2e152-759f-4d7c-8d06-3719d22af88c@group-9BE5FEF10FEA-SegmentedRaftLogWorker for RaftStorageImpl:Storage Directory /home/runner/work/ozone/ozone/hadoop-ozone/integration-test/target/test-dir/MiniOzoneClusterImpl-1336b647-fddb-4972-9c96-ba48238d1115/datanode-1/data/ratis/74e490e8-c85a-4b9a-a8c8-9be5fef10fea
2022-08-24 08:26:19,189 [pool-95-thread-1] INFO  server.RaftServerConfigKeys (ConfUtils.java:logGet(46)) - raft.server.log.queue.byte-limit = 4294967296 (custom)
2022-08-24 08:26:19,189 [pool-95-thread-1] INFO  server.RaftServerConfigKeys (ConfUtils.java:logGet(46)) - raft.server.log.queue.element-limit = 1024 (custom)
2022-08-24 08:26:19,189 [pool-95-thread-1] INFO  server.RaftServerConfigKeys (ConfUtils.java:logGet(46)) - raft.server.log.segment.size.max = 1048576 (custom)
2022-08-24 08:26:19,189 [pool-95-thread-1] INFO  server.RaftServerConfigKeys (ConfUtils.java:logGet(46)) - raft.server.log.preallocated.size = 16384 (custom)
2022-08-24 08:26:19,189 [pool-95-thread-1] INFO  server.RaftServerConfigKeys (ConfUtils.java:logGet(46)) - raft.server.log.force.sync.num = 128 (default)
2022-08-24 08:26:19,189 [pool-95-thread-1] INFO  server.RaftServerConfigKeys (ConfUtils.java:logGet(46)) - raft.server.log.statemachine.data.sync = true (default)
2022-08-24 08:26:19,189 [pool-95-thread-1] INFO  server.RaftServerConfigKeys (ConfUtils.java:logGet(46)) - raft.server.log.statemachine.data.sync.timeout = 10s (default)
2022-08-24 08:26:19,189 [pool-95-thread-1] INFO  server.RaftServerConfigKeys (ConfUtils.java:logGet(46)) - raft.server.log.statemachine.data.sync.timeout.retry = -1 (default)
2022-08-24 08:26:19,191 [pool-95-thread-1] INFO  server.RaftServerConfigKeys (ConfUtils.java:logGet(46)) - raft.server.log.write.buffer.size = 1048576 (custom)
2022-08-24 08:26:19,191 [pool-95-thread-1] INFO  server.RaftServerConfigKeys (ConfUtils.java:logGet(46)) - raft.server.log.unsafe-flush.enabled = false (default)
2022-08-24 08:26:19,192 [pool-95-thread-1] INFO  server.RaftServerConfigKeys (ConfUtils.java:logGet(46)) - raft.server.log.statemachine.data.caching.enabled = true (custom)
2022-08-24 08:26:19,192 [pool-95-thread-1] INFO  segmented.SegmentedRaftLogWorker (SegmentedRaftLogWorker.java:lambda$new$0(135)) - ebf2e152-759f-4d7c-8d06-3719d22af88c@group-9BE5FEF10FEA-SegmentedRaftLogWorker: flushIndex: setUnconditionally 0 -> -1
2022-08-24 08:26:19,192 [pool-95-thread-1] INFO  segmented.SegmentedRaftLogWorker (SegmentedRaftLogWorker.java:lambda$new$0(135)) - ebf2e152-759f-4d7c-8d06-3719d22af88c@group-9BE5FEF10FEA-SegmentedRaftLogWorker: safeCacheEvictIndex: setUnconditionally 0 -> -1
2022-08-24 08:26:19,194 [pool-95-thread-1] INFO  server.RaftServerConfigKeys (ConfUtils.java:logGet(46)) - raft.server.snapshot.auto.trigger.enabled = true (custom)
2022-08-24 08:26:19,194 [pool-95-thread-1] INFO  server.RaftServerConfigKeys (ConfUtils.java:logGet(46)) - raft.server.snapshot.auto.trigger.threshold = 10000 (custom)
2022-08-24 08:26:19,194 [pool-95-thread-1] INFO  server.RaftServerConfigKeys (ConfUtils.java:logGet(46)) - raft.server.snapshot.retention.file.num = 5 (custom)
2022-08-24 08:26:19,194 [pool-95-thread-1] INFO  server.RaftServerConfigKeys (ConfUtils.java:logGet(46)) - raft.server.log.purge.upto.snapshot.index = false (default)
2022-08-24 08:26:19,195 [pool-95-thread-1] INFO  server.RaftServerConfigKeys (ConfUtils.java:logGet(46)) - raft.server.retrycache.expirytime = 600000ms (custom)
2022-08-24 08:26:19,195 [pool-95-thread-1] INFO  server.RaftServerConfigKeys (ConfUtils.java:logGet(46)) - raft.server.retrycache.statistics.expirytime = 100μs (default)
2022-08-24 08:26:19,196 [pool-95-thread-1] INFO  server.RaftServerConfigKeys (ConfUtils.java:logGet(46)) - raft.server.log.appender.install.snapshot.enabled = false (custom)
2022-08-24 08:26:19,196 [pool-95-thread-1] INFO  server.RaftServerConfigKeys (ConfUtils.java:logGet(46)) - raft.server.threadpool.server.cached = true (default)
2022-08-24 08:26:19,196 [pool-95-thread-1] INFO  server.RaftServerConfigKeys (ConfUtils.java:logGet(46)) - raft.server.threadpool.server.size = 0 (default)
2022-08-24 08:26:19,196 [pool-95-thread-1] INFO  server.RaftServerConfigKeys (ConfUtils.java:logGet(46)) - raft.server.threadpool.client.cached = true (default)
2022-08-24 08:26:19,196 [pool-95-thread-1] INFO  server.RaftServerConfigKeys (ConfUtils.java:logGet(46)) - raft.server.threadpool.client.size = 0 (default)
2022-08-24 08:26:19,196 [pool-95-thread-1] INFO  server.RaftServer$Division (RaftServerImpl.java:start(310)) - ebf2e152-759f-4d7c-8d06-3719d22af88c@group-9BE5FEF10FEA: start as a follower, conf=-1: [ca19929d-3998-403b-8228-cd97e90f4483|rpc:10.1.0.105:38183|priority:1, 6f59db56-2f90-4028-8d65-c4b769c679ae|rpc:10.1.0.105:39133|priority:0, ebf2e152-759f-4d7c-8d06-3719d22af88c|rpc:10.1.0.105:42289|priority:0], old=null
2022-08-24 08:26:19,196 [pool-95-thread-1] INFO  server.RaftServer$Division (RaftServerImpl.java:setRole(299)) - ebf2e152-759f-4d7c-8d06-3719d22af88c@group-9BE5FEF10FEA: changes role from      null to FOLLOWER at term 0 for startAsFollower
2022-08-24 08:26:19,196 [pool-95-thread-1] INFO  impl.RoleInfo (RoleInfo.java:updateAndGet(139)) - ebf2e152-759f-4d7c-8d06-3719d22af88c: start ebf2e152-759f-4d7c-8d06-3719d22af88c@group-9BE5FEF10FEA-FollowerState
2022-08-24 08:26:19,206 [pool-95-thread-1] INFO  util.JmxRegister (JmxRegister.java:tryRegister(44)) - Successfully registered JMX Bean with object name Ratis:service=RaftServer,group=group-9BE5FEF10FEA,id=ebf2e152-759f-4d7c-8d06-3719d22af88c
2022-08-24 08:26:19,207 [Command processor thread] INFO  ratis.XceiverServerRatis (XceiverServerRatis.java:addGroup(765)) - Created group PipelineID=74e490e8-c85a-4b9a-a8c8-9be5fef10fea
2022-08-24 08:26:19,238 [grpc-default-executor-1] INFO  server.RaftServer (RaftServerProxy.java:addNew(96)) - ca19929d-3998-403b-8228-cd97e90f4483: addNew group-9BE5FEF10FEA:[ca19929d-3998-403b-8228-cd97e90f4483|rpc:10.1.0.105:38183|dataStream:|priority:1, 6f59db56-2f90-4028-8d65-c4b769c679ae|rpc:10.1.0.105:39133|dataStream:|priority:0, ebf2e152-759f-4d7c-8d06-3719d22af88c|rpc:10.1.0.105:42289|dataStream:|priority:0] returns group-9BE5FEF10FEA:java.util.concurrent.CompletableFuture@4083ec42[Not completed]
2022-08-24 08:26:19,239 [pool-118-thread-1] INFO  server.RaftServer$Division (RaftServerImpl.java:<init>(190)) - ca19929d-3998-403b-8228-cd97e90f4483: new RaftServerImpl for group-9BE5FEF10FEA:[ca19929d-3998-403b-8228-cd97e90f4483|rpc:10.1.0.105:38183|dataStream:|priority:1, 6f59db56-2f90-4028-8d65-c4b769c679ae|rpc:10.1.0.105:39133|dataStream:|priority:0, ebf2e152-759f-4d7c-8d06-3719d22af88c|rpc:10.1.0.105:42289|dataStream:|priority:0] with ContainerStateMachine:uninitialized
2022-08-24 08:26:19,239 [pool-118-thread-1] INFO  server.RaftServerConfigKeys (ConfUtils.java:logGet(46)) - raft.server.rpc.timeout.min = 5s (custom)
2022-08-24 08:26:19,240 [pool-118-thread-1] INFO  server.RaftServerConfigKeys (ConfUtils.java:logGet(46)) - raft.server.rpc.timeout.max = 5200ms (custom)
2022-08-24 08:26:19,240 [pool-118-thread-1] INFO  server.RaftServerConfigKeys (ConfUtils.java:logGet(46)) - raft.server.rpc.sleep.time = 25ms (default)
2022-08-24 08:26:19,240 [pool-118-thread-1] INFO  server.RaftServerConfigKeys (ConfUtils.java:logGet(46)) - raft.server.rpc.slowness.timeout = 300s (custom)
2022-08-24 08:26:19,240 [pool-118-thread-1] INFO  server.RaftServerConfigKeys (ConfUtils.java:logGet(46)) - raft.server.leaderelection.leader.step-down.wait-time = 10s (default)
2022-08-24 08:26:19,240 [pool-118-thread-1] INFO  server.RaftServerConfigKeys (ConfUtils.java:logGet(46)) - raft.server.sleep.deviation.threshold = 300ms (default)
2022-08-24 08:26:19,240 [pool-118-thread-1] INFO  server.RaftServer$Division (ServerState.java:<init>(107)) - ca19929d-3998-403b-8228-cd97e90f4483@group-9BE5FEF10FEA: ConfigurationManager, init=-1: [ca19929d-3998-403b-8228-cd97e90f4483|rpc:10.1.0.105:38183|dataStream:|priority:1, 6f59db56-2f90-4028-8d65-c4b769c679ae|rpc:10.1.0.105:39133|dataStream:|priority:0, ebf2e152-759f-4d7c-8d06-3719d22af88c|rpc:10.1.0.105:42289|dataStream:|priority:0], old=null, confs=<EMPTY_MAP>
2022-08-24 08:26:19,240 [pool-118-thread-1] INFO  server.RaftServerConfigKeys (ConfUtils.java:logGet(46)) - raft.server.storage.dir = [/home/runner/work/ozone/ozone/hadoop-ozone/integration-test/target/test-dir/MiniOzoneClusterImpl-1336b647-fddb-4972-9c96-ba48238d1115/datanode-2/data/ratis] (custom)
2022-08-24 08:26:19,240 [pool-118-thread-1] INFO  server.RaftServerConfigKeys (ConfUtils.java:logGet(46)) - raft.server.log.corruption.policy = EXCEPTION (default)
2022-08-24 08:26:19,240 [pool-118-thread-1] INFO  server.RaftServerConfigKeys (ConfUtils.java:logGet(46)) - raft.server.storage.free-space.min = 0MB (=0) (default)
2022-08-24 08:26:19,240 [pool-118-thread-1] INFO  storage.RaftStorageDirectory (RaftStorageDirectoryImpl.java:analyzeStorage(135)) - The storage directory /home/runner/work/ozone/ozone/hadoop-ozone/integration-test/target/test-dir/MiniOzoneClusterImpl-1336b647-fddb-4972-9c96-ba48238d1115/datanode-2/data/ratis/74e490e8-c85a-4b9a-a8c8-9be5fef10fea does not exist. Creating ...
2022-08-24 08:26:19,243 [pool-118-thread-1] INFO  storage.RaftStorageDirectory (RaftStorageDirectoryImpl.java:tryLock(230)) - Lock on /home/runner/work/ozone/ozone/hadoop-ozone/integration-test/target/test-dir/MiniOzoneClusterImpl-1336b647-fddb-4972-9c96-ba48238d1115/datanode-2/data/ratis/74e490e8-c85a-4b9a-a8c8-9be5fef10fea/in_use.lock acquired by nodename 20331@fv-az96-669
2022-08-24 08:26:19,244 [pool-118-thread-1] INFO  storage.RaftStorage (RaftStorageImpl.java:format(89)) - Storage directory /home/runner/work/ozone/ozone/hadoop-ozone/integration-test/target/test-dir/MiniOzoneClusterImpl-1336b647-fddb-4972-9c96-ba48238d1115/datanode-2/data/ratis/74e490e8-c85a-4b9a-a8c8-9be5fef10fea has been successfully formatted.
2022-08-24 08:26:19,246 [pool-118-thread-1] INFO  ratis.ContainerStateMachine (ContainerStateMachine.java:loadSnapshot(236)) - group-9BE5FEF10FEA: The snapshot info is null. Setting the last applied indexto:(t:0, i:~)
2022-08-24 08:26:19,250 [pool-118-thread-1] INFO  server.RaftServerConfigKeys (ConfUtils.java:logGet(46)) - raft.server.notification.no-leader.timeout = 300s (custom)
2022-08-24 08:26:19,250 [pool-118-thread-1] INFO  server.RaftServerConfigKeys (ConfUtils.java:logGet(46)) - raft.server.log.use.memory = false (default)
2022-08-24 08:26:19,251 [pool-118-thread-1] INFO  server.RaftServerConfigKeys (ConfUtils.java:logGet(46)) - raft.server.log.purge.gap = 1000000 (custom)
2022-08-24 08:26:19,251 [pool-118-thread-1] INFO  server.RaftServerConfigKeys (ConfUtils.java:logGet(46)) - raft.server.log.appender.buffer.byte-limit = 33554432 (custom)
2022-08-24 08:26:19,251 [pool-118-thread-1] INFO  server.RaftServerConfigKeys (ConfUtils.java:logGet(46)) - raft.server.log.statemachine.data.read.timeout = 1000ms (default)
2022-08-24 08:26:19,251 [pool-118-thread-1] INFO  server.RaftServerConfigKeys (ConfUtils.java:logGet(46)) - raft.server.log.segment.size.max = 1048576 (custom)
2022-08-24 08:26:19,251 [pool-118-thread-1] INFO  server.RaftServerConfigKeys (ConfUtils.java:logGet(46)) - raft.server.log.segment.cache.num.max = 2 (custom)
2022-08-24 08:26:19,251 [pool-118-thread-1] INFO  server.RaftServerConfigKeys (ConfUtils.java:logGet(46)) - raft.server.log.segment.cache.size.max = 200MB (=209715200) (default)
2022-08-24 08:26:19,251 [pool-118-thread-1] INFO  segmented.SegmentedRaftLogWorker (SegmentedRaftLogWorker.java:<init>(187)) - new ca19929d-3998-403b-8228-cd97e90f4483@group-9BE5FEF10FEA-SegmentedRaftLogWorker for RaftStorageImpl:Storage Directory /home/runner/work/ozone/ozone/hadoop-ozone/integration-test/target/test-dir/MiniOzoneClusterImpl-1336b647-fddb-4972-9c96-ba48238d1115/datanode-2/data/ratis/74e490e8-c85a-4b9a-a8c8-9be5fef10fea
2022-08-24 08:26:19,251 [pool-118-thread-1] INFO  server.RaftServerConfigKeys (ConfUtils.java:logGet(46)) - raft.server.log.queue.byte-limit = 4294967296 (custom)
2022-08-24 08:26:19,251 [pool-118-thread-1] INFO  server.RaftServerConfigKeys (ConfUtils.java:logGet(46)) - raft.server.log.queue.element-limit = 1024 (custom)
2022-08-24 08:26:19,251 [pool-118-thread-1] INFO  server.RaftServerConfigKeys (ConfUtils.java:logGet(46)) - raft.server.log.segment.size.max = 1048576 (custom)
2022-08-24 08:26:19,251 [pool-118-thread-1] INFO  server.RaftServerConfigKeys (ConfUtils.java:logGet(46)) - raft.server.log.preallocated.size = 16384 (custom)
2022-08-24 08:26:19,251 [pool-118-thread-1] INFO  server.RaftServerConfigKeys (ConfUtils.java:logGet(46)) - raft.server.log.force.sync.num = 128 (default)
2022-08-24 08:26:19,251 [pool-118-thread-1] INFO  server.RaftServerConfigKeys (ConfUtils.java:logGet(46)) - raft.server.log.statemachine.data.sync = true (default)
2022-08-24 08:26:19,251 [pool-118-thread-1] INFO  server.RaftServerConfigKeys (ConfUtils.java:logGet(46)) - raft.server.log.statemachine.data.sync.timeout = 10s (default)
2022-08-24 08:26:19,252 [pool-118-thread-1] INFO  server.RaftServerConfigKeys (ConfUtils.java:logGet(46)) - raft.server.log.statemachine.data.sync.timeout.retry = -1 (default)
2022-08-24 08:26:19,252 [pool-118-thread-1] INFO  server.RaftServerConfigKeys (ConfUtils.java:logGet(46)) - raft.server.log.write.buffer.size = 1048576 (custom)
2022-08-24 08:26:19,253 [pool-118-thread-1] INFO  server.RaftServerConfigKeys (ConfUtils.java:logGet(46)) - raft.server.log.unsafe-flush.enabled = false (default)
2022-08-24 08:26:19,253 [pool-118-thread-1] INFO  server.RaftServerConfigKeys (ConfUtils.java:logGet(46)) - raft.server.log.statemachine.data.caching.enabled = true (custom)
2022-08-24 08:26:19,253 [pool-118-thread-1] INFO  segmented.SegmentedRaftLogWorker (SegmentedRaftLogWorker.java:lambda$new$0(135)) - ca19929d-3998-403b-8228-cd97e90f4483@group-9BE5FEF10FEA-SegmentedRaftLogWorker: flushIndex: setUnconditionally 0 -> -1
2022-08-24 08:26:19,253 [pool-118-thread-1] INFO  segmented.SegmentedRaftLogWorker (SegmentedRaftLogWorker.java:lambda$new$0(135)) - ca19929d-3998-403b-8228-cd97e90f4483@group-9BE5FEF10FEA-SegmentedRaftLogWorker: safeCacheEvictIndex: setUnconditionally 0 -> -1
2022-08-24 08:26:19,258 [pool-118-thread-1] INFO  server.RaftServerConfigKeys (ConfUtils.java:logGet(46)) - raft.server.snapshot.auto.trigger.enabled = true (custom)
2022-08-24 08:26:19,258 [pool-118-thread-1] INFO  server.RaftServerConfigKeys (ConfUtils.java:logGet(46)) - raft.server.snapshot.auto.trigger.threshold = 10000 (custom)
2022-08-24 08:26:19,258 [pool-118-thread-1] INFO  server.RaftServerConfigKeys (ConfUtils.java:logGet(46)) - raft.server.snapshot.retention.file.num = 5 (custom)
2022-08-24 08:26:19,258 [pool-118-thread-1] INFO  server.RaftServerConfigKeys (ConfUtils.java:logGet(46)) - raft.server.log.purge.upto.snapshot.index = false (default)
2022-08-24 08:26:19,259 [pool-118-thread-1] INFO  server.RaftServerConfigKeys (ConfUtils.java:logGet(46)) - raft.server.retrycache.expirytime = 600000ms (custom)
2022-08-24 08:26:19,259 [pool-118-thread-1] INFO  server.RaftServerConfigKeys (ConfUtils.java:logGet(46)) - raft.server.retrycache.statistics.expirytime = 100μs (default)
2022-08-24 08:26:19,260 [pool-118-thread-1] INFO  server.RaftServerConfigKeys (ConfUtils.java:logGet(46)) - raft.server.log.appender.install.snapshot.enabled = false (custom)
2022-08-24 08:26:19,260 [pool-118-thread-1] INFO  server.RaftServerConfigKeys (ConfUtils.java:logGet(46)) - raft.server.threadpool.server.cached = true (default)
2022-08-24 08:26:19,260 [pool-118-thread-1] INFO  server.RaftServerConfigKeys (ConfUtils.java:logGet(46)) - raft.server.threadpool.server.size = 0 (default)
2022-08-24 08:26:19,260 [pool-118-thread-1] INFO  server.RaftServerConfigKeys (ConfUtils.java:logGet(46)) - raft.server.threadpool.client.cached = true (default)
2022-08-24 08:26:19,260 [pool-118-thread-1] INFO  server.RaftServerConfigKeys (ConfUtils.java:logGet(46)) - raft.server.threadpool.client.size = 0 (default)
2022-08-24 08:26:19,260 [pool-118-thread-1] INFO  server.RaftServer$Division (RaftServerImpl.java:start(310)) - ca19929d-3998-403b-8228-cd97e90f4483@group-9BE5FEF10FEA: start as a follower, conf=-1: [ca19929d-3998-403b-8228-cd97e90f4483|rpc:10.1.0.105:38183|dataStream:|priority:1, 6f59db56-2f90-4028-8d65-c4b769c679ae|rpc:10.1.0.105:39133|dataStream:|priority:0, ebf2e152-759f-4d7c-8d06-3719d22af88c|rpc:10.1.0.105:42289|dataStream:|priority:0], old=null
2022-08-24 08:26:19,260 [pool-118-thread-1] INFO  server.RaftServer$Division (RaftServerImpl.java:setRole(299)) - ca19929d-3998-403b-8228-cd97e90f4483@group-9BE5FEF10FEA: changes role from      null to FOLLOWER at term 0 for startAsFollower
2022-08-24 08:26:19,260 [pool-118-thread-1] INFO  impl.RoleInfo (RoleInfo.java:updateAndGet(139)) - ca19929d-3998-403b-8228-cd97e90f4483: start ca19929d-3998-403b-8228-cd97e90f4483@group-9BE5FEF10FEA-FollowerState
2022-08-24 08:26:19,262 [pool-118-thread-1] INFO  util.JmxRegister (JmxRegister.java:tryRegister(44)) - Successfully registered JMX Bean with object name Ratis:service=RaftServer,group=group-9BE5FEF10FEA,id=ca19929d-3998-403b-8228-cd97e90f4483
2022-08-24 08:26:19,341 [Command processor thread] INFO  commandhandler.CreatePipelineCommandHandler (CreatePipelineCommandHandler.java:handle(113)) - Created Pipeline RATIS THREE PipelineID=74e490e8-c85a-4b9a-a8c8-9be5fef10fea.
2022-08-24 08:26:19,355 [Command processor thread] INFO  commandhandler.CreatePipelineCommandHandler (CreatePipelineCommandHandler.java:handle(113)) - Created Pipeline RATIS THREE PipelineID=74e490e8-c85a-4b9a-a8c8-9be5fef10fea.
2022-08-24 08:26:19,389 [Listener at 127.0.0.1/40737] INFO  ozone.MiniOzoneClusterImpl (MiniOzoneClusterImpl.java:lambda$waitForClusterToBeReady$0(216)) - Nodes are ready. Got 6 of 6 DN Heartbeats.
2022-08-24 08:26:19,389 [Listener at 127.0.0.1/40737] INFO  ozone.MiniOzoneClusterImpl (MiniOzoneClusterImpl.java:lambda$waitForClusterToBeReady$0(219)) - Waiting for cluster to exit safe mode
2022-08-24 08:26:19,389 [Listener at 127.0.0.1/40737] INFO  ozone.MiniOzoneClusterImpl (MiniOzoneClusterImpl.java:lambda$waitForClusterToBeReady$0(221)) - SCM became leader
2022-08-24 08:26:19,500 [Command processor thread] INFO  server.RaftServer (RaftServerProxy.java:addNew(96)) - ca19929d-3998-403b-8228-cd97e90f4483: addNew group-43B9F3968498:[ca19929d-3998-403b-8228-cd97e90f4483|rpc:10.1.0.105:38183|priority:1] returns group-43B9F3968498:java.util.concurrent.CompletableFuture@dc3b75e[Not completed]
2022-08-24 08:26:19,501 [pool-118-thread-1] INFO  server.RaftServer$Division (RaftServerImpl.java:<init>(190)) - ca19929d-3998-403b-8228-cd97e90f4483: new RaftServerImpl for group-43B9F3968498:[ca19929d-3998-403b-8228-cd97e90f4483|rpc:10.1.0.105:38183|priority:1] with ContainerStateMachine:uninitialized
2022-08-24 08:26:19,501 [pool-118-thread-1] INFO  server.RaftServerConfigKeys (ConfUtils.java:logGet(46)) - raft.server.rpc.timeout.min = 5s (custom)
2022-08-24 08:26:19,501 [pool-118-thread-1] INFO  server.RaftServerConfigKeys (ConfUtils.java:logGet(46)) - raft.server.rpc.timeout.max = 5200ms (custom)
2022-08-24 08:26:19,501 [pool-118-thread-1] INFO  server.RaftServerConfigKeys (ConfUtils.java:logGet(46)) - raft.server.rpc.sleep.time = 25ms (default)
2022-08-24 08:26:19,501 [pool-118-thread-1] INFO  server.RaftServerConfigKeys (ConfUtils.java:logGet(46)) - raft.server.rpc.slowness.timeout = 300s (custom)
2022-08-24 08:26:19,501 [pool-118-thread-1] INFO  server.RaftServerConfigKeys (ConfUtils.java:logGet(46)) - raft.server.leaderelection.leader.step-down.wait-time = 10s (default)
2022-08-24 08:26:19,501 [pool-118-thread-1] INFO  server.RaftServerConfigKeys (ConfUtils.java:logGet(46)) - raft.server.sleep.deviation.threshold = 300ms (default)
2022-08-24 08:26:19,501 [pool-118-thread-1] INFO  server.RaftServer$Division (ServerState.java:<init>(107)) - ca19929d-3998-403b-8228-cd97e90f4483@group-43B9F3968498: ConfigurationManager, init=-1: [ca19929d-3998-403b-8228-cd97e90f4483|rpc:10.1.0.105:38183|priority:1], old=null, confs=<EMPTY_MAP>
2022-08-24 08:26:19,501 [pool-118-thread-1] INFO  server.RaftServerConfigKeys (ConfUtils.java:logGet(46)) - raft.server.storage.dir = [/home/runner/work/ozone/ozone/hadoop-ozone/integration-test/target/test-dir/MiniOzoneClusterImpl-1336b647-fddb-4972-9c96-ba48238d1115/datanode-2/data/ratis] (custom)
2022-08-24 08:26:19,501 [pool-118-thread-1] INFO  server.RaftServerConfigKeys (ConfUtils.java:logGet(46)) - raft.server.log.corruption.policy = EXCEPTION (default)
2022-08-24 08:26:19,501 [pool-118-thread-1] INFO  server.RaftServerConfigKeys (ConfUtils.java:logGet(46)) - raft.server.storage.free-space.min = 0MB (=0) (default)
2022-08-24 08:26:19,502 [pool-118-thread-1] INFO  storage.RaftStorageDirectory (RaftStorageDirectoryImpl.java:analyzeStorage(135)) - The storage directory /home/runner/work/ozone/ozone/hadoop-ozone/integration-test/target/test-dir/MiniOzoneClusterImpl-1336b647-fddb-4972-9c96-ba48238d1115/datanode-2/data/ratis/b89460e0-18b1-4f76-b6f4-43b9f3968498 does not exist. Creating ...
2022-08-24 08:26:19,505 [pool-118-thread-1] INFO  storage.RaftStorageDirectory (RaftStorageDirectoryImpl.java:tryLock(230)) - Lock on /home/runner/work/ozone/ozone/hadoop-ozone/integration-test/target/test-dir/MiniOzoneClusterImpl-1336b647-fddb-4972-9c96-ba48238d1115/datanode-2/data/ratis/b89460e0-18b1-4f76-b6f4-43b9f3968498/in_use.lock acquired by nodename 20331@fv-az96-669
2022-08-24 08:26:19,508 [pool-118-thread-1] INFO  storage.RaftStorage (RaftStorageImpl.java:format(89)) - Storage directory /home/runner/work/ozone/ozone/hadoop-ozone/integration-test/target/test-dir/MiniOzoneClusterImpl-1336b647-fddb-4972-9c96-ba48238d1115/datanode-2/data/ratis/b89460e0-18b1-4f76-b6f4-43b9f3968498 has been successfully formatted.
2022-08-24 08:26:19,508 [pool-118-thread-1] INFO  ratis.ContainerStateMachine (ContainerStateMachine.java:loadSnapshot(236)) - group-43B9F3968498: The snapshot info is null. Setting the last applied indexto:(t:0, i:~)
2022-08-24 08:26:19,508 [pool-118-thread-1] INFO  server.RaftServerConfigKeys (ConfUtils.java:logGet(46)) - raft.server.notification.no-leader.timeout = 300s (custom)
2022-08-24 08:26:19,509 [pool-118-thread-1] INFO  server.RaftServerConfigKeys (ConfUtils.java:logGet(46)) - raft.server.log.use.memory = false (default)
2022-08-24 08:26:19,509 [pool-118-thread-1] INFO  server.RaftServerConfigKeys (ConfUtils.java:logGet(46)) - raft.server.log.purge.gap = 1000000 (custom)
2022-08-24 08:26:19,509 [pool-118-thread-1] INFO  server.RaftServerConfigKeys (ConfUtils.java:logGet(46)) - raft.server.log.appender.buffer.byte-limit = 33554432 (custom)
2022-08-24 08:26:19,509 [pool-118-thread-1] INFO  server.RaftServerConfigKeys (ConfUtils.java:logGet(46)) - raft.server.log.statemachine.data.read.timeout = 1000ms (default)
2022-08-24 08:26:19,509 [pool-118-thread-1] INFO  server.RaftServerConfigKeys (ConfUtils.java:logGet(46)) - raft.server.log.segment.size.max = 1048576 (custom)
2022-08-24 08:26:19,509 [pool-118-thread-1] INFO  server.RaftServerConfigKeys (ConfUtils.java:logGet(46)) - raft.server.log.segment.cache.num.max = 2 (custom)
2022-08-24 08:26:19,509 [pool-118-thread-1] INFO  server.RaftServerConfigKeys (ConfUtils.java:logGet(46)) - raft.server.log.segment.cache.size.max = 200MB (=209715200) (default)
2022-08-24 08:26:19,509 [pool-118-thread-1] INFO  segmented.SegmentedRaftLogWorker (SegmentedRaftLogWorker.java:<init>(187)) - new ca19929d-3998-403b-8228-cd97e90f4483@group-43B9F3968498-SegmentedRaftLogWorker for RaftStorageImpl:Storage Directory /home/runner/work/ozone/ozone/hadoop-ozone/integration-test/target/test-dir/MiniOzoneClusterImpl-1336b647-fddb-4972-9c96-ba48238d1115/datanode-2/data/ratis/b89460e0-18b1-4f76-b6f4-43b9f3968498
2022-08-24 08:26:19,509 [pool-118-thread-1] INFO  server.RaftServerConfigKeys (ConfUtils.java:logGet(46)) - raft.server.log.queue.byte-limit = 4294967296 (custom)
2022-08-24 08:26:19,509 [pool-118-thread-1] INFO  server.RaftServerConfigKeys (ConfUtils.java:logGet(46)) - raft.server.log.queue.element-limit = 1024 (custom)
2022-08-24 08:26:19,509 [pool-118-thread-1] INFO  server.RaftServerConfigKeys (ConfUtils.java:logGet(46)) - raft.server.log.segment.size.max = 1048576 (custom)
2022-08-24 08:26:19,509 [pool-118-thread-1] INFO  server.RaftServerConfigKeys (ConfUtils.java:logGet(46)) - raft.server.log.preallocated.size = 16384 (custom)
2022-08-24 08:26:19,509 [pool-118-thread-1] INFO  server.RaftServerConfigKeys (ConfUtils.java:logGet(46)) - raft.server.log.force.sync.num = 128 (default)
2022-08-24 08:26:19,509 [pool-118-thread-1] INFO  server.RaftServerConfigKeys (ConfUtils.java:logGet(46)) - raft.server.log.statemachine.data.sync = true (default)
2022-08-24 08:26:19,510 [pool-118-thread-1] INFO  server.RaftServerConfigKeys (ConfUtils.java:logGet(46)) - raft.server.log.statemachine.data.sync.timeout = 10s (default)
2022-08-24 08:26:19,510 [pool-118-thread-1] INFO  server.RaftServerConfigKeys (ConfUtils.java:logGet(46)) - raft.server.log.statemachine.data.sync.timeout.retry = -1 (default)
2022-08-24 08:26:19,512 [EventQueue-PipelineReportForPipelineReportHandler] INFO  pipeline.PipelineManagerImpl (PipelineManagerImpl.java:openPipeline(367)) - Pipeline Pipeline[ Id: b89460e0-18b1-4f76-b6f4-43b9f3968498, Nodes: ca19929d-3998-403b-8228-cd97e90f4483{ip: 10.1.0.105, host: fv-az96-669.m4cgkdvplvgupd014rd20bgx3d.gx.internal.cloudapp.net, ports: [REPLICATION=44711, RATIS=38183, RATIS_ADMIN=38183, RATIS_SERVER=38183, STANDALONE=46167], networkLocation: /default-rack, certSerialId: null, persistedOpState: IN_SERVICE, persistedOpStateExpiryEpochSec: 0}, ReplicationConfig: RATIS/ONE, State:ALLOCATED, leaderId:ca19929d-3998-403b-8228-cd97e90f4483, CreationTimestamp2022-08-24T08:26:16.502Z[Etc/UTC]] moved to OPEN state
2022-08-24 08:26:19,512 [EventQueue-OpenPipelineForHealthyPipelineSafeModeRule] INFO  safemode.SCMSafeModeManager (HealthyPipelineSafeModeRule.java:process(137)) - SCM in safe mode. Healthy pipelines reported count is 0, required healthy pipeline reported count is 1
2022-08-24 08:26:19,512 [pool-118-thread-1] INFO  server.RaftServerConfigKeys (ConfUtils.java:logGet(46)) - raft.server.log.write.buffer.size = 1048576 (custom)
2022-08-24 08:26:19,513 [pool-118-thread-1] INFO  server.RaftServerConfigKeys (ConfUtils.java:logGet(46)) - raft.server.log.unsafe-flush.enabled = false (default)
2022-08-24 08:26:19,513 [pool-118-thread-1] INFO  server.RaftServerConfigKeys (ConfUtils.java:logGet(46)) - raft.server.log.statemachine.data.caching.enabled = true (custom)
2022-08-24 08:26:19,513 [pool-118-thread-1] INFO  segmented.SegmentedRaftLogWorker (SegmentedRaftLogWorker.java:lambda$new$0(135)) - ca19929d-3998-403b-8228-cd97e90f4483@group-43B9F3968498-SegmentedRaftLogWorker: flushIndex: setUnconditionally 0 -> -1
2022-08-24 08:26:19,514 [pool-118-thread-1] INFO  segmented.SegmentedRaftLogWorker (SegmentedRaftLogWorker.java:lambda$new$0(135)) - ca19929d-3998-403b-8228-cd97e90f4483@group-43B9F3968498-SegmentedRaftLogWorker: safeCacheEvictIndex: setUnconditionally 0 -> -1
2022-08-24 08:26:19,514 [pool-118-thread-1] INFO  server.RaftServerConfigKeys (ConfUtils.java:logGet(46)) - raft.server.snapshot.auto.trigger.enabled = true (custom)
2022-08-24 08:26:19,514 [pool-118-thread-1] INFO  server.RaftServerConfigKeys (ConfUtils.java:logGet(46)) - raft.server.snapshot.auto.trigger.threshold = 10000 (custom)
2022-08-24 08:26:19,514 [pool-118-thread-1] INFO  server.RaftServerConfigKeys (ConfUtils.java:logGet(46)) - raft.server.snapshot.retention.file.num = 5 (custom)
2022-08-24 08:26:19,514 [pool-118-thread-1] INFO  server.RaftServerConfigKeys (ConfUtils.java:logGet(46)) - raft.server.log.purge.upto.snapshot.index = false (default)
2022-08-24 08:26:19,514 [pool-118-thread-1] INFO  server.RaftServerConfigKeys (ConfUtils.java:logGet(46)) - raft.server.retrycache.expirytime = 600000ms (custom)
2022-08-24 08:26:19,514 [pool-118-thread-1] INFO  server.RaftServerConfigKeys (ConfUtils.java:logGet(46)) - raft.server.retrycache.statistics.expirytime = 100μs (default)
2022-08-24 08:26:19,515 [pool-118-thread-1] INFO  server.RaftServerConfigKeys (ConfUtils.java:logGet(46)) - raft.server.log.appender.install.snapshot.enabled = false (custom)
2022-08-24 08:26:19,515 [pool-118-thread-1] INFO  server.RaftServerConfigKeys (ConfUtils.java:logGet(46)) - raft.server.threadpool.server.cached = true (default)
2022-08-24 08:26:19,515 [pool-118-thread-1] INFO  server.RaftServerConfigKeys (ConfUtils.java:logGet(46)) - raft.server.threadpool.server.size = 0 (default)
2022-08-24 08:26:19,515 [pool-118-thread-1] INFO  server.RaftServerConfigKeys (ConfUtils.java:logGet(46)) - raft.server.threadpool.client.cached = true (default)
2022-08-24 08:26:19,515 [pool-118-thread-1] INFO  server.RaftServerConfigKeys (ConfUtils.java:logGet(46)) - raft.server.threadpool.client.size = 0 (default)
2022-08-24 08:26:19,515 [pool-118-thread-1] INFO  server.RaftServer$Division (RaftServerImpl.java:start(310)) - ca19929d-3998-403b-8228-cd97e90f4483@group-43B9F3968498: start as a follower, conf=-1: [ca19929d-3998-403b-8228-cd97e90f4483|rpc:10.1.0.105:38183|priority:1], old=null
2022-08-24 08:26:19,515 [pool-118-thread-1] INFO  server.RaftServer$Division (RaftServerImpl.java:setRole(299)) - ca19929d-3998-403b-8228-cd97e90f4483@group-43B9F3968498: changes role from      null to FOLLOWER at term 0 for startAsFollower
2022-08-24 08:26:19,515 [pool-118-thread-1] INFO  impl.RoleInfo (RoleInfo.java:updateAndGet(139)) - ca19929d-3998-403b-8228-cd97e90f4483: start ca19929d-3998-403b-8228-cd97e90f4483@group-43B9F3968498-FollowerState
2022-08-24 08:26:19,515 [pool-118-thread-1] INFO  util.JmxRegister (JmxRegister.java:tryRegister(44)) - Successfully registered JMX Bean with object name Ratis:service=RaftServer,group=group-43B9F3968498,id=ca19929d-3998-403b-8228-cd97e90f4483
2022-08-24 08:26:19,516 [Command processor thread] INFO  ratis.XceiverServerRatis (XceiverServerRatis.java:addGroup(765)) - Created group PipelineID=b89460e0-18b1-4f76-b6f4-43b9f3968498
2022-08-24 08:26:19,516 [Command processor thread] INFO  commandhandler.CreatePipelineCommandHandler (CreatePipelineCommandHandler.java:handle(113)) - Created Pipeline RATIS ONE PipelineID=b89460e0-18b1-4f76-b6f4-43b9f3968498.
2022-08-24 08:26:19,744 [EventQueue-OpenPipelineForHealthyPipelineSafeModeRule] INFO  safemode.SCMSafeModeManager (HealthyPipelineSafeModeRule.java:process(137)) - SCM in safe mode. Healthy pipelines reported count is 0, required healthy pipeline reported count is 1
2022-08-24 08:26:19,806 [Command processor thread] INFO  server.RaftServer (RaftServerProxy.java:addNew(96)) - 9ebd5d49-d832-4a04-8d1f-29e9cf21918f: addNew group-FE4D791B4520:[9ebd5d49-d832-4a04-8d1f-29e9cf21918f|rpc:10.1.0.105:38067|priority:1] returns group-FE4D791B4520:java.util.concurrent.CompletableFuture@6594df68[Not completed]
2022-08-24 08:26:19,809 [pool-141-thread-1] INFO  server.RaftServer$Division (RaftServerImpl.java:<init>(190)) - 9ebd5d49-d832-4a04-8d1f-29e9cf21918f: new RaftServerImpl for group-FE4D791B4520:[9ebd5d49-d832-4a04-8d1f-29e9cf21918f|rpc:10.1.0.105:38067|priority:1] with ContainerStateMachine:uninitialized
2022-08-24 08:26:19,809 [pool-141-thread-1] INFO  server.RaftServerConfigKeys (ConfUtils.java:logGet(46)) - raft.server.rpc.timeout.min = 5s (custom)
2022-08-24 08:26:19,809 [pool-141-thread-1] INFO  server.RaftServerConfigKeys (ConfUtils.java:logGet(46)) - raft.server.rpc.timeout.max = 5200ms (custom)
2022-08-24 08:26:19,809 [pool-141-thread-1] INFO  server.RaftServerConfigKeys (ConfUtils.java:logGet(46)) - raft.server.rpc.sleep.time = 25ms (default)
2022-08-24 08:26:19,809 [pool-141-thread-1] INFO  server.RaftServerConfigKeys (ConfUtils.java:logGet(46)) - raft.server.rpc.slowness.timeout = 300s (custom)
2022-08-24 08:26:19,809 [pool-141-thread-1] INFO  server.RaftServerConfigKeys (ConfUtils.java:logGet(46)) - raft.server.leaderelection.leader.step-down.wait-time = 10s (default)
2022-08-24 08:26:19,809 [pool-141-thread-1] INFO  server.RaftServerConfigKeys (ConfUtils.java:logGet(46)) - raft.server.sleep.deviation.threshold = 300ms (default)
2022-08-24 08:26:19,809 [pool-141-thread-1] INFO  server.RaftServer$Division (ServerState.java:<init>(107)) - 9ebd5d49-d832-4a04-8d1f-29e9cf21918f@group-FE4D791B4520: ConfigurationManager, init=-1: [9ebd5d49-d832-4a04-8d1f-29e9cf21918f|rpc:10.1.0.105:38067|priority:1], old=null, confs=<EMPTY_MAP>
2022-08-24 08:26:19,809 [pool-141-thread-1] INFO  server.RaftServerConfigKeys (ConfUtils.java:logGet(46)) - raft.server.storage.dir = [/home/runner/work/ozone/ozone/hadoop-ozone/integration-test/target/test-dir/MiniOzoneClusterImpl-1336b647-fddb-4972-9c96-ba48238d1115/datanode-3/data/ratis] (custom)
2022-08-24 08:26:19,809 [pool-141-thread-1] INFO  server.RaftServerConfigKeys (ConfUtils.java:logGet(46)) - raft.server.log.corruption.policy = EXCEPTION (default)
2022-08-24 08:26:19,809 [pool-141-thread-1] INFO  server.RaftServerConfigKeys (ConfUtils.java:logGet(46)) - raft.server.storage.free-space.min = 0MB (=0) (default)
2022-08-24 08:26:19,809 [pool-141-thread-1] INFO  storage.RaftStorageDirectory (RaftStorageDirectoryImpl.java:analyzeStorage(135)) - The storage directory /home/runner/work/ozone/ozone/hadoop-ozone/integration-test/target/test-dir/MiniOzoneClusterImpl-1336b647-fddb-4972-9c96-ba48238d1115/datanode-3/data/ratis/b41d43a7-cbf5-4f63-bd9c-fe4d791b4520 does not exist. Creating ...
2022-08-24 08:26:19,810 [pool-141-thread-1] INFO  storage.RaftStorageDirectory (RaftStorageDirectoryImpl.java:tryLock(230)) - Lock on /home/runner/work/ozone/ozone/hadoop-ozone/integration-test/target/test-dir/MiniOzoneClusterImpl-1336b647-fddb-4972-9c96-ba48238d1115/datanode-3/data/ratis/b41d43a7-cbf5-4f63-bd9c-fe4d791b4520/in_use.lock acquired by nodename 20331@fv-az96-669
2022-08-24 08:26:19,811 [pool-141-thread-1] INFO  storage.RaftStorage (RaftStorageImpl.java:format(89)) - Storage directory /home/runner/work/ozone/ozone/hadoop-ozone/integration-test/target/test-dir/MiniOzoneClusterImpl-1336b647-fddb-4972-9c96-ba48238d1115/datanode-3/data/ratis/b41d43a7-cbf5-4f63-bd9c-fe4d791b4520 has been successfully formatted.
2022-08-24 08:26:19,811 [pool-141-thread-1] INFO  ratis.ContainerStateMachine (ContainerStateMachine.java:loadSnapshot(236)) - group-FE4D791B4520: The snapshot info is null. Setting the last applied indexto:(t:0, i:~)
2022-08-24 08:26:19,811 [pool-141-thread-1] INFO  server.RaftServerConfigKeys (ConfUtils.java:logGet(46)) - raft.server.notification.no-leader.timeout = 300s (custom)
2022-08-24 08:26:19,811 [pool-141-thread-1] INFO  server.RaftServerConfigKeys (ConfUtils.java:logGet(46)) - raft.server.log.use.memory = false (default)
2022-08-24 08:26:19,813 [EventQueue-PipelineReportForPipelineReportHandler] INFO  pipeline.PipelineManagerImpl (PipelineManagerImpl.java:openPipeline(367)) - Pipeline Pipeline[ Id: b41d43a7-cbf5-4f63-bd9c-fe4d791b4520, Nodes: 9ebd5d49-d832-4a04-8d1f-29e9cf21918f{ip: 10.1.0.105, host: fv-az96-669.m4cgkdvplvgupd014rd20bgx3d.gx.internal.cloudapp.net, ports: [REPLICATION=40487, RATIS=38067, RATIS_ADMIN=38067, RATIS_SERVER=38067, STANDALONE=38275], networkLocation: /default-rack, certSerialId: null, persistedOpState: IN_SERVICE, persistedOpStateExpiryEpochSec: 0}, ReplicationConfig: RATIS/ONE, State:ALLOCATED, leaderId:9ebd5d49-d832-4a04-8d1f-29e9cf21918f, CreationTimestamp2022-08-24T08:26:16.809Z[Etc/UTC]] moved to OPEN state
2022-08-24 08:26:19,814 [EventQueue-OpenPipelineForHealthyPipelineSafeModeRule] INFO  safemode.SCMSafeModeManager (HealthyPipelineSafeModeRule.java:process(137)) - SCM in safe mode. Healthy pipelines reported count is 0, required healthy pipeline reported count is 1
2022-08-24 08:26:19,814 [pool-141-thread-1] INFO  server.RaftServerConfigKeys (ConfUtils.java:logGet(46)) - raft.server.log.purge.gap = 1000000 (custom)
2022-08-24 08:26:19,815 [pool-141-thread-1] INFO  server.RaftServerConfigKeys (ConfUtils.java:logGet(46)) - raft.server.log.appender.buffer.byte-limit = 33554432 (custom)
2022-08-24 08:26:19,815 [pool-141-thread-1] INFO  server.RaftServerConfigKeys (ConfUtils.java:logGet(46)) - raft.server.log.statemachine.data.read.timeout = 1000ms (default)
2022-08-24 08:26:19,815 [pool-141-thread-1] INFO  server.RaftServerConfigKeys (ConfUtils.java:logGet(46)) - raft.server.log.segment.size.max = 1048576 (custom)
2022-08-24 08:26:19,817 [pool-141-thread-1] INFO  server.RaftServerConfigKeys (ConfUtils.java:logGet(46)) - raft.server.log.segment.cache.num.max = 2 (custom)
2022-08-24 08:26:19,817 [pool-141-thread-1] INFO  server.RaftServerConfigKeys (ConfUtils.java:logGet(46)) - raft.server.log.segment.cache.size.max = 200MB (=209715200) (default)
2022-08-24 08:26:19,817 [pool-141-thread-1] INFO  segmented.SegmentedRaftLogWorker (SegmentedRaftLogWorker.java:<init>(187)) - new 9ebd5d49-d832-4a04-8d1f-29e9cf21918f@group-FE4D791B4520-SegmentedRaftLogWorker for RaftStorageImpl:Storage Directory /home/runner/work/ozone/ozone/hadoop-ozone/integration-test/target/test-dir/MiniOzoneClusterImpl-1336b647-fddb-4972-9c96-ba48238d1115/datanode-3/data/ratis/b41d43a7-cbf5-4f63-bd9c-fe4d791b4520
2022-08-24 08:26:19,817 [pool-141-thread-1] INFO  server.RaftServerConfigKeys (ConfUtils.java:logGet(46)) - raft.server.log.queue.byte-limit = 4294967296 (custom)
2022-08-24 08:26:19,817 [pool-141-thread-1] INFO  server.RaftServerConfigKeys (ConfUtils.java:logGet(46)) - raft.server.log.queue.element-limit = 1024 (custom)
2022-08-24 08:26:19,817 [pool-141-thread-1] INFO  server.RaftServerConfigKeys (ConfUtils.java:logGet(46)) - raft.server.log.segment.size.max = 1048576 (custom)
2022-08-24 08:26:19,817 [pool-141-thread-1] INFO  server.RaftServerConfigKeys (ConfUtils.java:logGet(46)) - raft.server.log.preallocated.size = 16384 (custom)
2022-08-24 08:26:19,817 [pool-141-thread-1] INFO  server.RaftServerConfigKeys (ConfUtils.java:logGet(46)) - raft.server.log.force.sync.num = 128 (default)
2022-08-24 08:26:19,817 [pool-141-thread-1] INFO  server.RaftServerConfigKeys (ConfUtils.java:logGet(46)) - raft.server.log.statemachine.data.sync = true (default)
2022-08-24 08:26:19,817 [pool-141-thread-1] INFO  server.RaftServerConfigKeys (ConfUtils.java:logGet(46)) - raft.server.log.statemachine.data.sync.timeout = 10s (default)
2022-08-24 08:26:19,817 [pool-141-thread-1] INFO  server.RaftServerConfigKeys (ConfUtils.java:logGet(46)) - raft.server.log.statemachine.data.sync.timeout.retry = -1 (default)
2022-08-24 08:26:19,818 [pool-141-thread-1] INFO  server.RaftServerConfigKeys (ConfUtils.java:logGet(46)) - raft.server.log.write.buffer.size = 1048576 (custom)
2022-08-24 08:26:19,819 [pool-141-thread-1] INFO  server.RaftServerConfigKeys (ConfUtils.java:logGet(46)) - raft.server.log.unsafe-flush.enabled = false (default)
2022-08-24 08:26:19,819 [pool-141-thread-1] INFO  server.RaftServerConfigKeys (ConfUtils.java:logGet(46)) - raft.server.log.statemachine.data.caching.enabled = true (custom)
2022-08-24 08:26:19,819 [pool-141-thread-1] INFO  segmented.SegmentedRaftLogWorker (SegmentedRaftLogWorker.java:lambda$new$0(135)) - 9ebd5d49-d832-4a04-8d1f-29e9cf21918f@group-FE4D791B4520-SegmentedRaftLogWorker: flushIndex: setUnconditionally 0 -> -1
2022-08-24 08:26:19,819 [pool-141-thread-1] INFO  segmented.SegmentedRaftLogWorker (SegmentedRaftLogWorker.java:lambda$new$0(135)) - 9ebd5d49-d832-4a04-8d1f-29e9cf21918f@group-FE4D791B4520-SegmentedRaftLogWorker: safeCacheEvictIndex: setUnconditionally 0 -> -1
2022-08-24 08:26:19,819 [pool-141-thread-1] INFO  server.RaftServerConfigKeys (ConfUtils.java:logGet(46)) - raft.server.snapshot.auto.trigger.enabled = true (custom)
2022-08-24 08:26:19,819 [pool-141-thread-1] INFO  server.RaftServerConfigKeys (ConfUtils.java:logGet(46)) - raft.server.snapshot.auto.trigger.threshold = 10000 (custom)
2022-08-24 08:26:19,819 [pool-141-thread-1] INFO  server.RaftServerConfigKeys (ConfUtils.java:logGet(46)) - raft.server.snapshot.retention.file.num = 5 (custom)
2022-08-24 08:26:19,819 [pool-141-thread-1] INFO  server.RaftServerConfigKeys (ConfUtils.java:logGet(46)) - raft.server.log.purge.upto.snapshot.index = false (default)
2022-08-24 08:26:19,819 [pool-141-thread-1] INFO  server.RaftServerConfigKeys (ConfUtils.java:logGet(46)) - raft.server.retrycache.expirytime = 600000ms (custom)
2022-08-24 08:26:19,819 [pool-141-thread-1] INFO  server.RaftServerConfigKeys (ConfUtils.java:logGet(46)) - raft.server.retrycache.statistics.expirytime = 100μs (default)
2022-08-24 08:26:19,820 [pool-141-thread-1] INFO  server.RaftServerConfigKeys (ConfUtils.java:logGet(46)) - raft.server.log.appender.install.snapshot.enabled = false (custom)
2022-08-24 08:26:19,820 [pool-141-thread-1] INFO  server.RaftServerConfigKeys (ConfUtils.java:logGet(46)) - raft.server.threadpool.server.cached = true (default)
2022-08-24 08:26:19,820 [pool-141-thread-1] INFO  server.RaftServerConfigKeys (ConfUtils.java:logGet(46)) - raft.server.threadpool.server.size = 0 (default)
2022-08-24 08:26:19,820 [pool-141-thread-1] INFO  server.RaftServerConfigKeys (ConfUtils.java:logGet(46)) - raft.server.threadpool.client.cached = true (default)
2022-08-24 08:26:19,820 [pool-141-thread-1] INFO  server.RaftServerConfigKeys (ConfUtils.java:logGet(46)) - raft.server.threadpool.client.size = 0 (default)
2022-08-24 08:26:19,821 [pool-141-thread-1] INFO  server.RaftServer$Division (RaftServerImpl.java:start(310)) - 9ebd5d49-d832-4a04-8d1f-29e9cf21918f@group-FE4D791B4520: start as a follower, conf=-1: [9ebd5d49-d832-4a04-8d1f-29e9cf21918f|rpc:10.1.0.105:38067|priority:1], old=null
2022-08-24 08:26:19,821 [pool-141-thread-1] INFO  server.RaftServer$Division (RaftServerImpl.java:setRole(299)) - 9ebd5d49-d832-4a04-8d1f-29e9cf21918f@group-FE4D791B4520: changes role from      null to FOLLOWER at term 0 for startAsFollower
2022-08-24 08:26:19,821 [pool-141-thread-1] INFO  impl.RoleInfo (RoleInfo.java:updateAndGet(139)) - 9ebd5d49-d832-4a04-8d1f-29e9cf21918f: start 9ebd5d49-d832-4a04-8d1f-29e9cf21918f@group-FE4D791B4520-FollowerState
2022-08-24 08:26:19,821 [pool-141-thread-1] INFO  util.JmxRegister (JmxRegister.java:tryRegister(44)) - Successfully registered JMX Bean with object name Ratis:service=RaftServer,group=group-FE4D791B4520,id=9ebd5d49-d832-4a04-8d1f-29e9cf21918f
2022-08-24 08:26:19,821 [Command processor thread] INFO  ratis.XceiverServerRatis (XceiverServerRatis.java:addGroup(765)) - Created group PipelineID=b41d43a7-cbf5-4f63-bd9c-fe4d791b4520
2022-08-24 08:26:19,821 [Command processor thread] INFO  commandhandler.CreatePipelineCommandHandler (CreatePipelineCommandHandler.java:handle(113)) - Created Pipeline RATIS ONE PipelineID=b41d43a7-cbf5-4f63-bd9c-fe4d791b4520.
2022-08-24 08:26:19,822 [Command processor thread] INFO  server.RaftServer (RaftServerProxy.java:addNew(96)) - 9ebd5d49-d832-4a04-8d1f-29e9cf21918f: addNew group-FF7A1816AE2D:[440b8e2f-1f04-4f01-a821-43dde6dd996e|rpc:10.1.0.105:43463|priority:0, 7f7d2c84-d408-4e5a-9ef4-f1a050e9b97b|rpc:10.1.0.105:42375|priority:0, 9ebd5d49-d832-4a04-8d1f-29e9cf21918f|rpc:10.1.0.105:38067|priority:1] returns group-FF7A1816AE2D:java.util.concurrent.CompletableFuture@61ab4702[Not completed]
2022-08-24 08:26:19,822 [pool-141-thread-1] INFO  server.RaftServer$Division (RaftServerImpl.java:<init>(190)) - 9ebd5d49-d832-4a04-8d1f-29e9cf21918f: new RaftServerImpl for group-FF7A1816AE2D:[440b8e2f-1f04-4f01-a821-43dde6dd996e|rpc:10.1.0.105:43463|priority:0, 7f7d2c84-d408-4e5a-9ef4-f1a050e9b97b|rpc:10.1.0.105:42375|priority:0, 9ebd5d49-d832-4a04-8d1f-29e9cf21918f|rpc:10.1.0.105:38067|priority:1] with ContainerStateMachine:uninitialized
2022-08-24 08:26:19,822 [pool-141-thread-1] INFO  server.RaftServerConfigKeys (ConfUtils.java:logGet(46)) - raft.server.rpc.timeout.min = 5s (custom)
2022-08-24 08:26:19,823 [pool-141-thread-1] INFO  server.RaftServerConfigKeys (ConfUtils.java:logGet(46)) - raft.server.rpc.timeout.max = 5200ms (custom)
2022-08-24 08:26:19,823 [pool-141-thread-1] INFO  server.RaftServerConfigKeys (ConfUtils.java:logGet(46)) - raft.server.rpc.sleep.time = 25ms (default)
2022-08-24 08:26:19,823 [pool-141-thread-1] INFO  server.RaftServerConfigKeys (ConfUtils.java:logGet(46)) - raft.server.rpc.slowness.timeout = 300s (custom)
2022-08-24 08:26:19,823 [pool-141-thread-1] INFO  server.RaftServerConfigKeys (ConfUtils.java:logGet(46)) - raft.server.leaderelection.leader.step-down.wait-time = 10s (default)
2022-08-24 08:26:19,823 [pool-141-thread-1] INFO  server.RaftServerConfigKeys (ConfUtils.java:logGet(46)) - raft.server.sleep.deviation.threshold = 300ms (default)
2022-08-24 08:26:19,823 [pool-141-thread-1] INFO  server.RaftServer$Division (ServerState.java:<init>(107)) - 9ebd5d49-d832-4a04-8d1f-29e9cf21918f@group-FF7A1816AE2D: ConfigurationManager, init=-1: [440b8e2f-1f04-4f01-a821-43dde6dd996e|rpc:10.1.0.105:43463|priority:0, 7f7d2c84-d408-4e5a-9ef4-f1a050e9b97b|rpc:10.1.0.105:42375|priority:0, 9ebd5d49-d832-4a04-8d1f-29e9cf21918f|rpc:10.1.0.105:38067|priority:1], old=null, confs=<EMPTY_MAP>
2022-08-24 08:26:19,823 [pool-141-thread-1] INFO  server.RaftServerConfigKeys (ConfUtils.java:logGet(46)) - raft.server.storage.dir = [/home/runner/work/ozone/ozone/hadoop-ozone/integration-test/target/test-dir/MiniOzoneClusterImpl-1336b647-fddb-4972-9c96-ba48238d1115/datanode-3/data/ratis] (custom)
2022-08-24 08:26:19,823 [pool-141-thread-1] INFO  server.RaftServerConfigKeys (ConfUtils.java:logGet(46)) - raft.server.log.corruption.policy = EXCEPTION (default)
2022-08-24 08:26:19,823 [pool-141-thread-1] INFO  server.RaftServerConfigKeys (ConfUtils.java:logGet(46)) - raft.server.storage.free-space.min = 0MB (=0) (default)
2022-08-24 08:26:19,823 [pool-141-thread-1] INFO  storage.RaftStorageDirectory (RaftStorageDirectoryImpl.java:analyzeStorage(135)) - The storage directory /home/runner/work/ozone/ozone/hadoop-ozone/integration-test/target/test-dir/MiniOzoneClusterImpl-1336b647-fddb-4972-9c96-ba48238d1115/datanode-3/data/ratis/22478b68-2caf-44d5-813e-ff7a1816ae2d does not exist. Creating ...
2022-08-24 08:26:19,824 [pool-141-thread-1] INFO  storage.RaftStorageDirectory (RaftStorageDirectoryImpl.java:tryLock(230)) - Lock on /home/runner/work/ozone/ozone/hadoop-ozone/integration-test/target/test-dir/MiniOzoneClusterImpl-1336b647-fddb-4972-9c96-ba48238d1115/datanode-3/data/ratis/22478b68-2caf-44d5-813e-ff7a1816ae2d/in_use.lock acquired by nodename 20331@fv-az96-669
2022-08-24 08:26:19,825 [pool-141-thread-1] INFO  storage.RaftStorage (RaftStorageImpl.java:format(89)) - Storage directory /home/runner/work/ozone/ozone/hadoop-ozone/integration-test/target/test-dir/MiniOzoneClusterImpl-1336b647-fddb-4972-9c96-ba48238d1115/datanode-3/data/ratis/22478b68-2caf-44d5-813e-ff7a1816ae2d has been successfully formatted.
2022-08-24 08:26:19,825 [pool-141-thread-1] INFO  ratis.ContainerStateMachine (ContainerStateMachine.java:loadSnapshot(236)) - group-FF7A1816AE2D: The snapshot info is null. Setting the last applied indexto:(t:0, i:~)
2022-08-24 08:26:19,825 [pool-141-thread-1] INFO  server.RaftServerConfigKeys (ConfUtils.java:logGet(46)) - raft.server.notification.no-leader.timeout = 300s (custom)
2022-08-24 08:26:19,826 [pool-141-thread-1] INFO  server.RaftServerConfigKeys (ConfUtils.java:logGet(46)) - raft.server.log.use.memory = false (default)
2022-08-24 08:26:19,826 [pool-141-thread-1] INFO  server.RaftServerConfigKeys (ConfUtils.java:logGet(46)) - raft.server.log.purge.gap = 1000000 (custom)
2022-08-24 08:26:19,826 [pool-141-thread-1] INFO  server.RaftServerConfigKeys (ConfUtils.java:logGet(46)) - raft.server.log.appender.buffer.byte-limit = 33554432 (custom)
2022-08-24 08:26:19,827 [EventQueue-OpenPipelineForHealthyPipelineSafeModeRule] INFO  safemode.SCMSafeModeManager (HealthyPipelineSafeModeRule.java:process(137)) - SCM in safe mode. Healthy pipelines reported count is 0, required healthy pipeline reported count is 1
2022-08-24 08:26:19,829 [pool-141-thread-1] INFO  server.RaftServerConfigKeys (ConfUtils.java:logGet(46)) - raft.server.log.statemachine.data.read.timeout = 1000ms (default)
2022-08-24 08:26:19,829 [pool-141-thread-1] INFO  server.RaftServerConfigKeys (ConfUtils.java:logGet(46)) - raft.server.log.segment.size.max = 1048576 (custom)
2022-08-24 08:26:19,829 [pool-141-thread-1] INFO  server.RaftServerConfigKeys (ConfUtils.java:logGet(46)) - raft.server.log.segment.cache.num.max = 2 (custom)
2022-08-24 08:26:19,829 [pool-141-thread-1] INFO  server.RaftServerConfigKeys (ConfUtils.java:logGet(46)) - raft.server.log.segment.cache.size.max = 200MB (=209715200) (default)
2022-08-24 08:26:19,829 [pool-141-thread-1] INFO  segmented.SegmentedRaftLogWorker (SegmentedRaftLogWorker.java:<init>(187)) - new 9ebd5d49-d832-4a04-8d1f-29e9cf21918f@group-FF7A1816AE2D-SegmentedRaftLogWorker for RaftStorageImpl:Storage Directory /home/runner/work/ozone/ozone/hadoop-ozone/integration-test/target/test-dir/MiniOzoneClusterImpl-1336b647-fddb-4972-9c96-ba48238d1115/datanode-3/data/ratis/22478b68-2caf-44d5-813e-ff7a1816ae2d
2022-08-24 08:26:19,829 [pool-141-thread-1] INFO  server.RaftServerConfigKeys (ConfUtils.java:logGet(46)) - raft.server.log.queue.byte-limit = 4294967296 (custom)
2022-08-24 08:26:19,829 [pool-141-thread-1] INFO  server.RaftServerConfigKeys (ConfUtils.java:logGet(46)) - raft.server.log.queue.element-limit = 1024 (custom)
2022-08-24 08:26:19,830 [pool-141-thread-1] INFO  server.RaftServerConfigKeys (ConfUtils.java:logGet(46)) - raft.server.log.segment.size.max = 1048576 (custom)
2022-08-24 08:26:19,830 [pool-141-thread-1] INFO  server.RaftServerConfigKeys (ConfUtils.java:logGet(46)) - raft.server.log.preallocated.size = 16384 (custom)
2022-08-24 08:26:19,830 [pool-141-thread-1] INFO  server.RaftServerConfigKeys (ConfUtils.java:logGet(46)) - raft.server.log.force.sync.num = 128 (default)
2022-08-24 08:26:19,830 [pool-141-thread-1] INFO  server.RaftServerConfigKeys (ConfUtils.java:logGet(46)) - raft.server.log.statemachine.data.sync = true (default)
2022-08-24 08:26:19,830 [pool-141-thread-1] INFO  server.RaftServerConfigKeys (ConfUtils.java:logGet(46)) - raft.server.log.statemachine.data.sync.timeout = 10s (default)
2022-08-24 08:26:19,830 [pool-141-thread-1] INFO  server.RaftServerConfigKeys (ConfUtils.java:logGet(46)) - raft.server.log.statemachine.data.sync.timeout.retry = -1 (default)
2022-08-24 08:26:19,830 [pool-141-thread-1] INFO  server.RaftServerConfigKeys (ConfUtils.java:logGet(46)) - raft.server.log.write.buffer.size = 1048576 (custom)
2022-08-24 08:26:19,831 [pool-141-thread-1] INFO  server.RaftServerConfigKeys (ConfUtils.java:logGet(46)) - raft.server.log.unsafe-flush.enabled = false (default)
2022-08-24 08:26:19,831 [pool-141-thread-1] INFO  server.RaftServerConfigKeys (ConfUtils.java:logGet(46)) - raft.server.log.statemachine.data.caching.enabled = true (custom)
2022-08-24 08:26:19,831 [pool-141-thread-1] INFO  segmented.SegmentedRaftLogWorker (SegmentedRaftLogWorker.java:lambda$new$0(135)) - 9ebd5d49-d832-4a04-8d1f-29e9cf21918f@group-FF7A1816AE2D-SegmentedRaftLogWorker: flushIndex: setUnconditionally 0 -> -1
2022-08-24 08:26:19,831 [pool-141-thread-1] INFO  segmented.SegmentedRaftLogWorker (SegmentedRaftLogWorker.java:lambda$new$0(135)) - 9ebd5d49-d832-4a04-8d1f-29e9cf21918f@group-FF7A1816AE2D-SegmentedRaftLogWorker: safeCacheEvictIndex: setUnconditionally 0 -> -1
2022-08-24 08:26:19,834 [pool-141-thread-1] INFO  server.RaftServerConfigKeys (ConfUtils.java:logGet(46)) - raft.server.snapshot.auto.trigger.enabled = true (custom)
2022-08-24 08:26:19,834 [pool-141-thread-1] INFO  server.RaftServerConfigKeys (ConfUtils.java:logGet(46)) - raft.server.snapshot.auto.trigger.threshold = 10000 (custom)
2022-08-24 08:26:19,835 [pool-141-thread-1] INFO  server.RaftServerConfigKeys (ConfUtils.java:logGet(46)) - raft.server.snapshot.retention.file.num = 5 (custom)
2022-08-24 08:26:19,835 [pool-141-thread-1] INFO  server.RaftServerConfigKeys (ConfUtils.java:logGet(46)) - raft.server.log.purge.upto.snapshot.index = false (default)
2022-08-24 08:26:19,835 [pool-141-thread-1] INFO  server.RaftServerConfigKeys (ConfUtils.java:logGet(46)) - raft.server.retrycache.expirytime = 600000ms (custom)
2022-08-24 08:26:19,835 [pool-141-thread-1] INFO  server.RaftServerConfigKeys (ConfUtils.java:logGet(46)) - raft.server.retrycache.statistics.expirytime = 100μs (default)
2022-08-24 08:26:19,837 [pool-141-thread-1] INFO  server.RaftServerConfigKeys (ConfUtils.java:logGet(46)) - raft.server.log.appender.install.snapshot.enabled = false (custom)
2022-08-24 08:26:19,837 [pool-141-thread-1] INFO  server.RaftServerConfigKeys (ConfUtils.java:logGet(46)) - raft.server.threadpool.server.cached = true (default)
2022-08-24 08:26:19,838 [pool-141-thread-1] INFO  server.RaftServerConfigKeys (ConfUtils.java:logGet(46)) - raft.server.threadpool.server.size = 0 (default)
2022-08-24 08:26:19,838 [pool-141-thread-1] INFO  server.RaftServerConfigKeys (ConfUtils.java:logGet(46)) - raft.server.threadpool.client.cached = true (default)
2022-08-24 08:26:19,838 [pool-141-thread-1] INFO  server.RaftServerConfigKeys (ConfUtils.java:logGet(46)) - raft.server.threadpool.client.size = 0 (default)
2022-08-24 08:26:19,838 [pool-141-thread-1] INFO  server.RaftServer$Division (RaftServerImpl.java:start(310)) - 9ebd5d49-d832-4a04-8d1f-29e9cf21918f@group-FF7A1816AE2D: start as a follower, conf=-1: [440b8e2f-1f04-4f01-a821-43dde6dd996e|rpc:10.1.0.105:43463|priority:0, 7f7d2c84-d408-4e5a-9ef4-f1a050e9b97b|rpc:10.1.0.105:42375|priority:0, 9ebd5d49-d832-4a04-8d1f-29e9cf21918f|rpc:10.1.0.105:38067|priority:1], old=null
2022-08-24 08:26:19,838 [pool-141-thread-1] INFO  server.RaftServer$Division (RaftServerImpl.java:setRole(299)) - 9ebd5d49-d832-4a04-8d1f-29e9cf21918f@group-FF7A1816AE2D: changes role from      null to FOLLOWER at term 0 for startAsFollower
2022-08-24 08:26:19,838 [pool-141-thread-1] INFO  impl.RoleInfo (RoleInfo.java:updateAndGet(139)) - 9ebd5d49-d832-4a04-8d1f-29e9cf21918f: start 9ebd5d49-d832-4a04-8d1f-29e9cf21918f@group-FF7A1816AE2D-FollowerState
2022-08-24 08:26:19,838 [pool-141-thread-1] INFO  util.JmxRegister (JmxRegister.java:tryRegister(44)) - Successfully registered JMX Bean with object name Ratis:service=RaftServer,group=group-FF7A1816AE2D,id=9ebd5d49-d832-4a04-8d1f-29e9cf21918f
2022-08-24 08:26:19,838 [Command processor thread] INFO  ratis.XceiverServerRatis (XceiverServerRatis.java:addGroup(765)) - Created group PipelineID=22478b68-2caf-44d5-813e-ff7a1816ae2d
2022-08-24 08:26:19,850 [grpc-default-executor-0] INFO  server.RaftServer (RaftServerProxy.java:addNew(96)) - 440b8e2f-1f04-4f01-a821-43dde6dd996e: addNew group-FF7A1816AE2D:[440b8e2f-1f04-4f01-a821-43dde6dd996e|rpc:10.1.0.105:43463|dataStream:|priority:0, 7f7d2c84-d408-4e5a-9ef4-f1a050e9b97b|rpc:10.1.0.105:42375|dataStream:|priority:0, 9ebd5d49-d832-4a04-8d1f-29e9cf21918f|rpc:10.1.0.105:38067|dataStream:|priority:1] returns group-FF7A1816AE2D:java.util.concurrent.CompletableFuture@389ff0e1[Not completed]
2022-08-24 08:26:19,852 [pool-187-thread-1] INFO  server.RaftServer$Division (RaftServerImpl.java:<init>(190)) - 440b8e2f-1f04-4f01-a821-43dde6dd996e: new RaftServerImpl for group-FF7A1816AE2D:[440b8e2f-1f04-4f01-a821-43dde6dd996e|rpc:10.1.0.105:43463|dataStream:|priority:0, 7f7d2c84-d408-4e5a-9ef4-f1a050e9b97b|rpc:10.1.0.105:42375|dataStream:|priority:0, 9ebd5d49-d832-4a04-8d1f-29e9cf21918f|rpc:10.1.0.105:38067|dataStream:|priority:1] with ContainerStateMachine:uninitialized
2022-08-24 08:26:19,853 [pool-187-thread-1] INFO  server.RaftServerConfigKeys (ConfUtils.java:logGet(46)) - raft.server.rpc.timeout.min = 5s (custom)
2022-08-24 08:26:19,853 [pool-187-thread-1] INFO  server.RaftServerConfigKeys (ConfUtils.java:logGet(46)) - raft.server.rpc.timeout.max = 5200ms (custom)
2022-08-24 08:26:19,853 [pool-187-thread-1] INFO  server.RaftServerConfigKeys (ConfUtils.java:logGet(46)) - raft.server.rpc.sleep.time = 25ms (default)
2022-08-24 08:26:19,853 [pool-187-thread-1] INFO  server.RaftServerConfigKeys (ConfUtils.java:logGet(46)) - raft.server.rpc.slowness.timeout = 300s (custom)
2022-08-24 08:26:19,853 [pool-187-thread-1] INFO  server.RaftServerConfigKeys (ConfUtils.java:logGet(46)) - raft.server.leaderelection.leader.step-down.wait-time = 10s (default)
2022-08-24 08:26:19,853 [pool-187-thread-1] INFO  server.RaftServerConfigKeys (ConfUtils.java:logGet(46)) - raft.server.sleep.deviation.threshold = 300ms (default)
2022-08-24 08:26:19,853 [pool-187-thread-1] INFO  server.RaftServer$Division (ServerState.java:<init>(107)) - 440b8e2f-1f04-4f01-a821-43dde6dd996e@group-FF7A1816AE2D: ConfigurationManager, init=-1: [440b8e2f-1f04-4f01-a821-43dde6dd996e|rpc:10.1.0.105:43463|dataStream:|priority:0, 7f7d2c84-d408-4e5a-9ef4-f1a050e9b97b|rpc:10.1.0.105:42375|dataStream:|priority:0, 9ebd5d49-d832-4a04-8d1f-29e9cf21918f|rpc:10.1.0.105:38067|dataStream:|priority:1], old=null, confs=<EMPTY_MAP>
2022-08-24 08:26:19,853 [pool-187-thread-1] INFO  server.RaftServerConfigKeys (ConfUtils.java:logGet(46)) - raft.server.storage.dir = [/home/runner/work/ozone/ozone/hadoop-ozone/integration-test/target/test-dir/MiniOzoneClusterImpl-1336b647-fddb-4972-9c96-ba48238d1115/datanode-5/data/ratis] (custom)
2022-08-24 08:26:19,853 [pool-187-thread-1] INFO  server.RaftServerConfigKeys (ConfUtils.java:logGet(46)) - raft.server.log.corruption.policy = EXCEPTION (default)
2022-08-24 08:26:19,853 [pool-187-thread-1] INFO  server.RaftServerConfigKeys (ConfUtils.java:logGet(46)) - raft.server.storage.free-space.min = 0MB (=0) (default)
2022-08-24 08:26:19,853 [pool-187-thread-1] INFO  storage.RaftStorageDirectory (RaftStorageDirectoryImpl.java:analyzeStorage(135)) - The storage directory /home/runner/work/ozone/ozone/hadoop-ozone/integration-test/target/test-dir/MiniOzoneClusterImpl-1336b647-fddb-4972-9c96-ba48238d1115/datanode-5/data/ratis/22478b68-2caf-44d5-813e-ff7a1816ae2d does not exist. Creating ...
2022-08-24 08:26:19,854 [pool-187-thread-1] INFO  storage.RaftStorageDirectory (RaftStorageDirectoryImpl.java:tryLock(230)) - Lock on /home/runner/work/ozone/ozone/hadoop-ozone/integration-test/target/test-dir/MiniOzoneClusterImpl-1336b647-fddb-4972-9c96-ba48238d1115/datanode-5/data/ratis/22478b68-2caf-44d5-813e-ff7a1816ae2d/in_use.lock acquired by nodename 20331@fv-az96-669
2022-08-24 08:26:19,856 [pool-187-thread-1] INFO  storage.RaftStorage (RaftStorageImpl.java:format(89)) - Storage directory /home/runner/work/ozone/ozone/hadoop-ozone/integration-test/target/test-dir/MiniOzoneClusterImpl-1336b647-fddb-4972-9c96-ba48238d1115/datanode-5/data/ratis/22478b68-2caf-44d5-813e-ff7a1816ae2d has been successfully formatted.
2022-08-24 08:26:19,856 [pool-187-thread-1] INFO  ratis.ContainerStateMachine (ContainerStateMachine.java:loadSnapshot(236)) - group-FF7A1816AE2D: The snapshot info is null. Setting the last applied indexto:(t:0, i:~)
2022-08-24 08:26:19,856 [pool-187-thread-1] INFO  server.RaftServerConfigKeys (ConfUtils.java:logGet(46)) - raft.server.notification.no-leader.timeout = 300s (custom)
2022-08-24 08:26:19,859 [pool-187-thread-1] INFO  server.RaftServerConfigKeys (ConfUtils.java:logGet(46)) - raft.server.log.use.memory = false (default)
2022-08-24 08:26:19,859 [pool-187-thread-1] INFO  server.RaftServerConfigKeys (ConfUtils.java:logGet(46)) - raft.server.log.purge.gap = 1000000 (custom)
2022-08-24 08:26:19,859 [pool-187-thread-1] INFO  server.RaftServerConfigKeys (ConfUtils.java:logGet(46)) - raft.server.log.appender.buffer.byte-limit = 33554432 (custom)
2022-08-24 08:26:19,859 [pool-187-thread-1] INFO  server.RaftServerConfigKeys (ConfUtils.java:logGet(46)) - raft.server.log.statemachine.data.read.timeout = 1000ms (default)
2022-08-24 08:26:19,860 [pool-187-thread-1] INFO  server.RaftServerConfigKeys (ConfUtils.java:logGet(46)) - raft.server.log.segment.size.max = 1048576 (custom)
2022-08-24 08:26:19,860 [pool-187-thread-1] INFO  server.RaftServerConfigKeys (ConfUtils.java:logGet(46)) - raft.server.log.segment.cache.num.max = 2 (custom)
2022-08-24 08:26:19,860 [pool-187-thread-1] INFO  server.RaftServerConfigKeys (ConfUtils.java:logGet(46)) - raft.server.log.segment.cache.size.max = 200MB (=209715200) (default)
2022-08-24 08:26:19,860 [pool-187-thread-1] INFO  segmented.SegmentedRaftLogWorker (SegmentedRaftLogWorker.java:<init>(187)) - new 440b8e2f-1f04-4f01-a821-43dde6dd996e@group-FF7A1816AE2D-SegmentedRaftLogWorker for RaftStorageImpl:Storage Directory /home/runner/work/ozone/ozone/hadoop-ozone/integration-test/target/test-dir/MiniOzoneClusterImpl-1336b647-fddb-4972-9c96-ba48238d1115/datanode-5/data/ratis/22478b68-2caf-44d5-813e-ff7a1816ae2d
2022-08-24 08:26:19,860 [pool-187-thread-1] INFO  server.RaftServerConfigKeys (ConfUtils.java:logGet(46)) - raft.server.log.queue.byte-limit = 4294967296 (custom)
2022-08-24 08:26:19,860 [pool-187-thread-1] INFO  server.RaftServerConfigKeys (ConfUtils.java:logGet(46)) - raft.server.log.queue.element-limit = 1024 (custom)
2022-08-24 08:26:19,860 [pool-187-thread-1] INFO  server.RaftServerConfigKeys (ConfUtils.java:logGet(46)) - raft.server.log.segment.size.max = 1048576 (custom)
2022-08-24 08:26:19,860 [pool-187-thread-1] INFO  server.RaftServerConfigKeys (ConfUtils.java:logGet(46)) - raft.server.log.preallocated.size = 16384 (custom)
2022-08-24 08:26:19,860 [pool-187-thread-1] INFO  server.RaftServerConfigKeys (ConfUtils.java:logGet(46)) - raft.server.log.force.sync.num = 128 (default)
2022-08-24 08:26:19,860 [pool-187-thread-1] INFO  server.RaftServerConfigKeys (ConfUtils.java:logGet(46)) - raft.server.log.statemachine.data.sync = true (default)
2022-08-24 08:26:19,860 [pool-187-thread-1] INFO  server.RaftServerConfigKeys (ConfUtils.java:logGet(46)) - raft.server.log.statemachine.data.sync.timeout = 10s (default)
2022-08-24 08:26:19,860 [pool-187-thread-1] INFO  server.RaftServerConfigKeys (ConfUtils.java:logGet(46)) - raft.server.log.statemachine.data.sync.timeout.retry = -1 (default)
2022-08-24 08:26:19,861 [pool-187-thread-1] INFO  server.RaftServerConfigKeys (ConfUtils.java:logGet(46)) - raft.server.log.write.buffer.size = 1048576 (custom)
2022-08-24 08:26:19,861 [pool-187-thread-1] INFO  server.RaftServerConfigKeys (ConfUtils.java:logGet(46)) - raft.server.log.unsafe-flush.enabled = false (default)
2022-08-24 08:26:19,861 [pool-187-thread-1] INFO  server.RaftServerConfigKeys (ConfUtils.java:logGet(46)) - raft.server.log.statemachine.data.caching.enabled = true (custom)
2022-08-24 08:26:19,861 [pool-187-thread-1] INFO  segmented.SegmentedRaftLogWorker (SegmentedRaftLogWorker.java:lambda$new$0(135)) - 440b8e2f-1f04-4f01-a821-43dde6dd996e@group-FF7A1816AE2D-SegmentedRaftLogWorker: flushIndex: setUnconditionally 0 -> -1
2022-08-24 08:26:19,861 [pool-187-thread-1] INFO  segmented.SegmentedRaftLogWorker (SegmentedRaftLogWorker.java:lambda$new$0(135)) - 440b8e2f-1f04-4f01-a821-43dde6dd996e@group-FF7A1816AE2D-SegmentedRaftLogWorker: safeCacheEvictIndex: setUnconditionally 0 -> -1
2022-08-24 08:26:19,862 [pool-187-thread-1] INFO  server.RaftServerConfigKeys (ConfUtils.java:logGet(46)) - raft.server.snapshot.auto.trigger.enabled = true (custom)
2022-08-24 08:26:19,862 [pool-187-thread-1] INFO  server.RaftServerConfigKeys (ConfUtils.java:logGet(46)) - raft.server.snapshot.auto.trigger.threshold = 10000 (custom)
2022-08-24 08:26:19,862 [pool-187-thread-1] INFO  server.RaftServerConfigKeys (ConfUtils.java:logGet(46)) - raft.server.snapshot.retention.file.num = 5 (custom)
2022-08-24 08:26:19,862 [pool-187-thread-1] INFO  server.RaftServerConfigKeys (ConfUtils.java:logGet(46)) - raft.server.log.purge.upto.snapshot.index = false (default)
2022-08-24 08:26:19,862 [pool-187-thread-1] INFO  server.RaftServerConfigKeys (ConfUtils.java:logGet(46)) - raft.server.retrycache.expirytime = 600000ms (custom)
2022-08-24 08:26:19,862 [pool-187-thread-1] INFO  server.RaftServerConfigKeys (ConfUtils.java:logGet(46)) - raft.server.retrycache.statistics.expirytime = 100μs (default)
2022-08-24 08:26:19,863 [pool-187-thread-1] INFO  server.RaftServerConfigKeys (ConfUtils.java:logGet(46)) - raft.server.log.appender.install.snapshot.enabled = false (custom)
2022-08-24 08:26:19,863 [pool-187-thread-1] INFO  server.RaftServerConfigKeys (ConfUtils.java:logGet(46)) - raft.server.threadpool.server.cached = true (default)
2022-08-24 08:26:19,863 [pool-187-thread-1] INFO  server.RaftServerConfigKeys (ConfUtils.java:logGet(46)) - raft.server.threadpool.server.size = 0 (default)
2022-08-24 08:26:19,864 [pool-187-thread-1] INFO  server.RaftServerConfigKeys (ConfUtils.java:logGet(46)) - raft.server.threadpool.client.cached = true (default)
2022-08-24 08:26:19,864 [pool-187-thread-1] INFO  server.RaftServerConfigKeys (ConfUtils.java:logGet(46)) - raft.server.threadpool.client.size = 0 (default)
2022-08-24 08:26:19,864 [pool-187-thread-1] INFO  server.RaftServer$Division (RaftServerImpl.java:start(310)) - 440b8e2f-1f04-4f01-a821-43dde6dd996e@group-FF7A1816AE2D: start as a follower, conf=-1: [440b8e2f-1f04-4f01-a821-43dde6dd996e|rpc:10.1.0.105:43463|dataStream:|priority:0, 7f7d2c84-d408-4e5a-9ef4-f1a050e9b97b|rpc:10.1.0.105:42375|dataStream:|priority:0, 9ebd5d49-d832-4a04-8d1f-29e9cf21918f|rpc:10.1.0.105:38067|dataStream:|priority:1], old=null
2022-08-24 08:26:19,864 [pool-187-thread-1] INFO  server.RaftServer$Division (RaftServerImpl.java:setRole(299)) - 440b8e2f-1f04-4f01-a821-43dde6dd996e@group-FF7A1816AE2D: changes role from      null to FOLLOWER at term 0 for startAsFollower
2022-08-24 08:26:19,864 [pool-187-thread-1] INFO  impl.RoleInfo (RoleInfo.java:updateAndGet(139)) - 440b8e2f-1f04-4f01-a821-43dde6dd996e: start 440b8e2f-1f04-4f01-a821-43dde6dd996e@group-FF7A1816AE2D-FollowerState
2022-08-24 08:26:19,865 [pool-187-thread-1] INFO  util.JmxRegister (JmxRegister.java:tryRegister(44)) - Successfully registered JMX Bean with object name Ratis:service=RaftServer,group=group-FF7A1816AE2D,id=440b8e2f-1f04-4f01-a821-43dde6dd996e
2022-08-24 08:26:19,890 [grpc-default-executor-0] INFO  server.RaftServer (RaftServerProxy.java:addNew(96)) - 7f7d2c84-d408-4e5a-9ef4-f1a050e9b97b: addNew group-FF7A1816AE2D:[440b8e2f-1f04-4f01-a821-43dde6dd996e|rpc:10.1.0.105:43463|dataStream:|priority:0, 7f7d2c84-d408-4e5a-9ef4-f1a050e9b97b|rpc:10.1.0.105:42375|dataStream:|priority:0, 9ebd5d49-d832-4a04-8d1f-29e9cf21918f|rpc:10.1.0.105:38067|dataStream:|priority:1] returns group-FF7A1816AE2D:java.util.concurrent.CompletableFuture@4d0f82d0[Not completed]
2022-08-24 08:26:19,893 [pool-164-thread-1] INFO  server.RaftServer$Division (RaftServerImpl.java:<init>(190)) - 7f7d2c84-d408-4e5a-9ef4-f1a050e9b97b: new RaftServerImpl for group-FF7A1816AE2D:[440b8e2f-1f04-4f01-a821-43dde6dd996e|rpc:10.1.0.105:43463|dataStream:|priority:0, 7f7d2c84-d408-4e5a-9ef4-f1a050e9b97b|rpc:10.1.0.105:42375|dataStream:|priority:0, 9ebd5d49-d832-4a04-8d1f-29e9cf21918f|rpc:10.1.0.105:38067|dataStream:|priority:1] with ContainerStateMachine:uninitialized
2022-08-24 08:26:19,893 [pool-164-thread-1] INFO  server.RaftServerConfigKeys (ConfUtils.java:logGet(46)) - raft.server.rpc.timeout.min = 5s (custom)
2022-08-24 08:26:19,893 [pool-164-thread-1] INFO  server.RaftServerConfigKeys (ConfUtils.java:logGet(46)) - raft.server.rpc.timeout.max = 5200ms (custom)
2022-08-24 08:26:19,893 [pool-164-thread-1] INFO  server.RaftServerConfigKeys (ConfUtils.java:logGet(46)) - raft.server.rpc.sleep.time = 25ms (default)
2022-08-24 08:26:19,894 [pool-164-thread-1] INFO  server.RaftServerConfigKeys (ConfUtils.java:logGet(46)) - raft.server.rpc.slowness.timeout = 300s (custom)
2022-08-24 08:26:19,894 [pool-164-thread-1] INFO  server.RaftServerConfigKeys (ConfUtils.java:logGet(46)) - raft.server.leaderelection.leader.step-down.wait-time = 10s (default)
2022-08-24 08:26:19,894 [pool-164-thread-1] INFO  server.RaftServerConfigKeys (ConfUtils.java:logGet(46)) - raft.server.sleep.deviation.threshold = 300ms (default)
2022-08-24 08:26:19,894 [pool-164-thread-1] INFO  server.RaftServer$Division (ServerState.java:<init>(107)) - 7f7d2c84-d408-4e5a-9ef4-f1a050e9b97b@group-FF7A1816AE2D: ConfigurationManager, init=-1: [440b8e2f-1f04-4f01-a821-43dde6dd996e|rpc:10.1.0.105:43463|dataStream:|priority:0, 7f7d2c84-d408-4e5a-9ef4-f1a050e9b97b|rpc:10.1.0.105:42375|dataStream:|priority:0, 9ebd5d49-d832-4a04-8d1f-29e9cf21918f|rpc:10.1.0.105:38067|dataStream:|priority:1], old=null, confs=<EMPTY_MAP>
2022-08-24 08:26:19,894 [pool-164-thread-1] INFO  server.RaftServerConfigKeys (ConfUtils.java:logGet(46)) - raft.server.storage.dir = [/home/runner/work/ozone/ozone/hadoop-ozone/integration-test/target/test-dir/MiniOzoneClusterImpl-1336b647-fddb-4972-9c96-ba48238d1115/datanode-4/data/ratis] (custom)
2022-08-24 08:26:19,894 [pool-164-thread-1] INFO  server.RaftServerConfigKeys (ConfUtils.java:logGet(46)) - raft.server.log.corruption.policy = EXCEPTION (default)
2022-08-24 08:26:19,894 [pool-164-thread-1] INFO  server.RaftServerConfigKeys (ConfUtils.java:logGet(46)) - raft.server.storage.free-space.min = 0MB (=0) (default)
2022-08-24 08:26:19,894 [pool-164-thread-1] INFO  storage.RaftStorageDirectory (RaftStorageDirectoryImpl.java:analyzeStorage(135)) - The storage directory /home/runner/work/ozone/ozone/hadoop-ozone/integration-test/target/test-dir/MiniOzoneClusterImpl-1336b647-fddb-4972-9c96-ba48238d1115/datanode-4/data/ratis/22478b68-2caf-44d5-813e-ff7a1816ae2d does not exist. Creating ...
2022-08-24 08:26:19,895 [pool-164-thread-1] INFO  storage.RaftStorageDirectory (RaftStorageDirectoryImpl.java:tryLock(230)) - Lock on /home/runner/work/ozone/ozone/hadoop-ozone/integration-test/target/test-dir/MiniOzoneClusterImpl-1336b647-fddb-4972-9c96-ba48238d1115/datanode-4/data/ratis/22478b68-2caf-44d5-813e-ff7a1816ae2d/in_use.lock acquired by nodename 20331@fv-az96-669
2022-08-24 08:26:19,895 [pool-164-thread-1] INFO  storage.RaftStorage (RaftStorageImpl.java:format(89)) - Storage directory /home/runner/work/ozone/ozone/hadoop-ozone/integration-test/target/test-dir/MiniOzoneClusterImpl-1336b647-fddb-4972-9c96-ba48238d1115/datanode-4/data/ratis/22478b68-2caf-44d5-813e-ff7a1816ae2d has been successfully formatted.
2022-08-24 08:26:19,896 [pool-164-thread-1] INFO  ratis.ContainerStateMachine (ContainerStateMachine.java:loadSnapshot(236)) - group-FF7A1816AE2D: The snapshot info is null. Setting the last applied indexto:(t:0, i:~)
2022-08-24 08:26:19,896 [pool-164-thread-1] INFO  server.RaftServerConfigKeys (ConfUtils.java:logGet(46)) - raft.server.notification.no-leader.timeout = 300s (custom)
2022-08-24 08:26:19,896 [pool-164-thread-1] INFO  server.RaftServerConfigKeys (ConfUtils.java:logGet(46)) - raft.server.log.use.memory = false (default)
2022-08-24 08:26:19,896 [pool-164-thread-1] INFO  server.RaftServerConfigKeys (ConfUtils.java:logGet(46)) - raft.server.log.purge.gap = 1000000 (custom)
2022-08-24 08:26:19,896 [pool-164-thread-1] INFO  server.RaftServerConfigKeys (ConfUtils.java:logGet(46)) - raft.server.log.appender.buffer.byte-limit = 33554432 (custom)
2022-08-24 08:26:19,896 [pool-164-thread-1] INFO  server.RaftServerConfigKeys (ConfUtils.java:logGet(46)) - raft.server.log.statemachine.data.read.timeout = 1000ms (default)
2022-08-24 08:26:19,896 [pool-164-thread-1] INFO  server.RaftServerConfigKeys (ConfUtils.java:logGet(46)) - raft.server.log.segment.size.max = 1048576 (custom)
2022-08-24 08:26:19,897 [pool-164-thread-1] INFO  server.RaftServerConfigKeys (ConfUtils.java:logGet(46)) - raft.server.log.segment.cache.num.max = 2 (custom)
2022-08-24 08:26:19,898 [pool-164-thread-1] INFO  server.RaftServerConfigKeys (ConfUtils.java:logGet(46)) - raft.server.log.segment.cache.size.max = 200MB (=209715200) (default)
2022-08-24 08:26:19,898 [pool-164-thread-1] INFO  segmented.SegmentedRaftLogWorker (SegmentedRaftLogWorker.java:<init>(187)) - new 7f7d2c84-d408-4e5a-9ef4-f1a050e9b97b@group-FF7A1816AE2D-SegmentedRaftLogWorker for RaftStorageImpl:Storage Directory /home/runner/work/ozone/ozone/hadoop-ozone/integration-test/target/test-dir/MiniOzoneClusterImpl-1336b647-fddb-4972-9c96-ba48238d1115/datanode-4/data/ratis/22478b68-2caf-44d5-813e-ff7a1816ae2d
2022-08-24 08:26:19,898 [pool-164-thread-1] INFO  server.RaftServerConfigKeys (ConfUtils.java:logGet(46)) - raft.server.log.queue.byte-limit = 4294967296 (custom)
2022-08-24 08:26:19,898 [pool-164-thread-1] INFO  server.RaftServerConfigKeys (ConfUtils.java:logGet(46)) - raft.server.log.queue.element-limit = 1024 (custom)
2022-08-24 08:26:19,898 [pool-164-thread-1] INFO  server.RaftServerConfigKeys (ConfUtils.java:logGet(46)) - raft.server.log.segment.size.max = 1048576 (custom)
2022-08-24 08:26:19,898 [pool-164-thread-1] INFO  server.RaftServerConfigKeys (ConfUtils.java:logGet(46)) - raft.server.log.preallocated.size = 16384 (custom)
2022-08-24 08:26:19,898 [pool-164-thread-1] INFO  server.RaftServerConfigKeys (ConfUtils.java:logGet(46)) - raft.server.log.force.sync.num = 128 (default)
2022-08-24 08:26:19,898 [pool-164-thread-1] INFO  server.RaftServerConfigKeys (ConfUtils.java:logGet(46)) - raft.server.log.statemachine.data.sync = true (default)
2022-08-24 08:26:19,898 [pool-164-thread-1] INFO  server.RaftServerConfigKeys (ConfUtils.java:logGet(46)) - raft.server.log.statemachine.data.sync.timeout = 10s (default)
2022-08-24 08:26:19,898 [pool-164-thread-1] INFO  server.RaftServerConfigKeys (ConfUtils.java:logGet(46)) - raft.server.log.statemachine.data.sync.timeout.retry = -1 (default)
2022-08-24 08:26:19,899 [pool-164-thread-1] INFO  server.RaftServerConfigKeys (ConfUtils.java:logGet(46)) - raft.server.log.write.buffer.size = 1048576 (custom)
2022-08-24 08:26:19,899 [pool-164-thread-1] INFO  server.RaftServerConfigKeys (ConfUtils.java:logGet(46)) - raft.server.log.unsafe-flush.enabled = false (default)
2022-08-24 08:26:19,899 [pool-164-thread-1] INFO  server.RaftServerConfigKeys (ConfUtils.java:logGet(46)) - raft.server.log.statemachine.data.caching.enabled = true (custom)
2022-08-24 08:26:19,899 [pool-164-thread-1] INFO  segmented.SegmentedRaftLogWorker (SegmentedRaftLogWorker.java:lambda$new$0(135)) - 7f7d2c84-d408-4e5a-9ef4-f1a050e9b97b@group-FF7A1816AE2D-SegmentedRaftLogWorker: flushIndex: setUnconditionally 0 -> -1
2022-08-24 08:26:19,899 [pool-164-thread-1] INFO  segmented.SegmentedRaftLogWorker (SegmentedRaftLogWorker.java:lambda$new$0(135)) - 7f7d2c84-d408-4e5a-9ef4-f1a050e9b97b@group-FF7A1816AE2D-SegmentedRaftLogWorker: safeCacheEvictIndex: setUnconditionally 0 -> -1
2022-08-24 08:26:19,899 [pool-164-thread-1] INFO  server.RaftServerConfigKeys (ConfUtils.java:logGet(46)) - raft.server.snapshot.auto.trigger.enabled = true (custom)
2022-08-24 08:26:19,900 [pool-164-thread-1] INFO  server.RaftServerConfigKeys (ConfUtils.java:logGet(46)) - raft.server.snapshot.auto.trigger.threshold = 10000 (custom)
2022-08-24 08:26:19,900 [pool-164-thread-1] INFO  server.RaftServerConfigKeys (ConfUtils.java:logGet(46)) - raft.server.snapshot.retention.file.num = 5 (custom)
2022-08-24 08:26:19,900 [pool-164-thread-1] INFO  server.RaftServerConfigKeys (ConfUtils.java:logGet(46)) - raft.server.log.purge.upto.snapshot.index = false (default)
2022-08-24 08:26:19,900 [pool-164-thread-1] INFO  server.RaftServerConfigKeys (ConfUtils.java:logGet(46)) - raft.server.retrycache.expirytime = 600000ms (custom)
2022-08-24 08:26:19,900 [pool-164-thread-1] INFO  server.RaftServerConfigKeys (ConfUtils.java:logGet(46)) - raft.server.retrycache.statistics.expirytime = 100μs (default)
2022-08-24 08:26:19,900 [pool-164-thread-1] INFO  server.RaftServerConfigKeys (ConfUtils.java:logGet(46)) - raft.server.log.appender.install.snapshot.enabled = false (custom)
2022-08-24 08:26:19,901 [pool-164-thread-1] INFO  server.RaftServerConfigKeys (ConfUtils.java:logGet(46)) - raft.server.threadpool.server.cached = true (default)
2022-08-24 08:26:19,901 [pool-164-thread-1] INFO  server.RaftServerConfigKeys (ConfUtils.java:logGet(46)) - raft.server.threadpool.server.size = 0 (default)
2022-08-24 08:26:19,901 [pool-164-thread-1] INFO  server.RaftServerConfigKeys (ConfUtils.java:logGet(46)) - raft.server.threadpool.client.cached = true (default)
2022-08-24 08:26:19,901 [pool-164-thread-1] INFO  server.RaftServerConfigKeys (ConfUtils.java:logGet(46)) - raft.server.threadpool.client.size = 0 (default)
2022-08-24 08:26:19,901 [pool-164-thread-1] INFO  server.RaftServer$Division (RaftServerImpl.java:start(310)) - 7f7d2c84-d408-4e5a-9ef4-f1a050e9b97b@group-FF7A1816AE2D: start as a follower, conf=-1: [440b8e2f-1f04-4f01-a821-43dde6dd996e|rpc:10.1.0.105:43463|dataStream:|priority:0, 7f7d2c84-d408-4e5a-9ef4-f1a050e9b97b|rpc:10.1.0.105:42375|dataStream:|priority:0, 9ebd5d49-d832-4a04-8d1f-29e9cf21918f|rpc:10.1.0.105:38067|dataStream:|priority:1], old=null
2022-08-24 08:26:19,902 [pool-164-thread-1] INFO  server.RaftServer$Division (RaftServerImpl.java:setRole(299)) - 7f7d2c84-d408-4e5a-9ef4-f1a050e9b97b@group-FF7A1816AE2D: changes role from      null to FOLLOWER at term 0 for startAsFollower
2022-08-24 08:26:19,902 [pool-164-thread-1] INFO  impl.RoleInfo (RoleInfo.java:updateAndGet(139)) - 7f7d2c84-d408-4e5a-9ef4-f1a050e9b97b: start 7f7d2c84-d408-4e5a-9ef4-f1a050e9b97b@group-FF7A1816AE2D-FollowerState
2022-08-24 08:26:19,902 [pool-164-thread-1] INFO  util.JmxRegister (JmxRegister.java:tryRegister(44)) - Successfully registered JMX Bean with object name Ratis:service=RaftServer,group=group-FF7A1816AE2D,id=7f7d2c84-d408-4e5a-9ef4-f1a050e9b97b
2022-08-24 08:26:19,908 [Command processor thread] INFO  commandhandler.CreatePipelineCommandHandler (CreatePipelineCommandHandler.java:handle(113)) - Created Pipeline RATIS THREE PipelineID=22478b68-2caf-44d5-813e-ff7a1816ae2d.
2022-08-24 08:26:20,103 [Command processor thread] INFO  server.RaftServer (RaftServerProxy.java:addNew(96)) - 7f7d2c84-d408-4e5a-9ef4-f1a050e9b97b: addNew group-E95CE6FC247D:[7f7d2c84-d408-4e5a-9ef4-f1a050e9b97b|rpc:10.1.0.105:42375|priority:1] returns group-E95CE6FC247D:java.util.concurrent.CompletableFuture@6e408377[Not completed]
2022-08-24 08:26:20,104 [pool-164-thread-1] INFO  server.RaftServer$Division (RaftServerImpl.java:<init>(190)) - 7f7d2c84-d408-4e5a-9ef4-f1a050e9b97b: new RaftServerImpl for group-E95CE6FC247D:[7f7d2c84-d408-4e5a-9ef4-f1a050e9b97b|rpc:10.1.0.105:42375|priority:1] with ContainerStateMachine:uninitialized
2022-08-24 08:26:20,104 [pool-164-thread-1] INFO  server.RaftServerConfigKeys (ConfUtils.java:logGet(46)) - raft.server.rpc.timeout.min = 5s (custom)
2022-08-24 08:26:20,104 [pool-164-thread-1] INFO  server.RaftServerConfigKeys (ConfUtils.java:logGet(46)) - raft.server.rpc.timeout.max = 5200ms (custom)
2022-08-24 08:26:20,104 [pool-164-thread-1] INFO  server.RaftServerConfigKeys (ConfUtils.java:logGet(46)) - raft.server.rpc.sleep.time = 25ms (default)
2022-08-24 08:26:20,104 [pool-164-thread-1] INFO  server.RaftServerConfigKeys (ConfUtils.java:logGet(46)) - raft.server.rpc.slowness.timeout = 300s (custom)
2022-08-24 08:26:20,104 [pool-164-thread-1] INFO  server.RaftServerConfigKeys (ConfUtils.java:logGet(46)) - raft.server.leaderelection.leader.step-down.wait-time = 10s (default)
2022-08-24 08:26:20,104 [pool-164-thread-1] INFO  server.RaftServerConfigKeys (ConfUtils.java:logGet(46)) - raft.server.sleep.deviation.threshold = 300ms (default)
2022-08-24 08:26:20,104 [pool-164-thread-1] INFO  server.RaftServer$Division (ServerState.java:<init>(107)) - 7f7d2c84-d408-4e5a-9ef4-f1a050e9b97b@group-E95CE6FC247D: ConfigurationManager, init=-1: [7f7d2c84-d408-4e5a-9ef4-f1a050e9b97b|rpc:10.1.0.105:42375|priority:1], old=null, confs=<EMPTY_MAP>
2022-08-24 08:26:20,104 [pool-164-thread-1] INFO  server.RaftServerConfigKeys (ConfUtils.java:logGet(46)) - raft.server.storage.dir = [/home/runner/work/ozone/ozone/hadoop-ozone/integration-test/target/test-dir/MiniOzoneClusterImpl-1336b647-fddb-4972-9c96-ba48238d1115/datanode-4/data/ratis] (custom)
2022-08-24 08:26:20,104 [pool-164-thread-1] INFO  server.RaftServerConfigKeys (ConfUtils.java:logGet(46)) - raft.server.log.corruption.policy = EXCEPTION (default)
2022-08-24 08:26:20,104 [pool-164-thread-1] INFO  server.RaftServerConfigKeys (ConfUtils.java:logGet(46)) - raft.server.storage.free-space.min = 0MB (=0) (default)
2022-08-24 08:26:20,104 [pool-164-thread-1] INFO  storage.RaftStorageDirectory (RaftStorageDirectoryImpl.java:analyzeStorage(135)) - The storage directory /home/runner/work/ozone/ozone/hadoop-ozone/integration-test/target/test-dir/MiniOzoneClusterImpl-1336b647-fddb-4972-9c96-ba48238d1115/datanode-4/data/ratis/3834d0e9-a4b3-4120-b01b-e95ce6fc247d does not exist. Creating ...
2022-08-24 08:26:20,105 [pool-164-thread-1] INFO  storage.RaftStorageDirectory (RaftStorageDirectoryImpl.java:tryLock(230)) - Lock on /home/runner/work/ozone/ozone/hadoop-ozone/integration-test/target/test-dir/MiniOzoneClusterImpl-1336b647-fddb-4972-9c96-ba48238d1115/datanode-4/data/ratis/3834d0e9-a4b3-4120-b01b-e95ce6fc247d/in_use.lock acquired by nodename 20331@fv-az96-669
2022-08-24 08:26:20,107 [pool-164-thread-1] INFO  storage.RaftStorage (RaftStorageImpl.java:format(89)) - Storage directory /home/runner/work/ozone/ozone/hadoop-ozone/integration-test/target/test-dir/MiniOzoneClusterImpl-1336b647-fddb-4972-9c96-ba48238d1115/datanode-4/data/ratis/3834d0e9-a4b3-4120-b01b-e95ce6fc247d has been successfully formatted.
2022-08-24 08:26:20,107 [pool-164-thread-1] INFO  ratis.ContainerStateMachine (ContainerStateMachine.java:loadSnapshot(236)) - group-E95CE6FC247D: The snapshot info is null. Setting the last applied indexto:(t:0, i:~)
2022-08-24 08:26:20,107 [pool-164-thread-1] INFO  server.RaftServerConfigKeys (ConfUtils.java:logGet(46)) - raft.server.notification.no-leader.timeout = 300s (custom)
2022-08-24 08:26:20,107 [pool-164-thread-1] INFO  server.RaftServerConfigKeys (ConfUtils.java:logGet(46)) - raft.server.log.use.memory = false (default)
2022-08-24 08:26:20,107 [pool-164-thread-1] INFO  server.RaftServerConfigKeys (ConfUtils.java:logGet(46)) - raft.server.log.purge.gap = 1000000 (custom)
2022-08-24 08:26:20,107 [pool-164-thread-1] INFO  server.RaftServerConfigKeys (ConfUtils.java:logGet(46)) - raft.server.log.appender.buffer.byte-limit = 33554432 (custom)
2022-08-24 08:26:20,107 [pool-164-thread-1] INFO  server.RaftServerConfigKeys (ConfUtils.java:logGet(46)) - raft.server.log.statemachine.data.read.timeout = 1000ms (default)
2022-08-24 08:26:20,107 [pool-164-thread-1] INFO  server.RaftServerConfigKeys (ConfUtils.java:logGet(46)) - raft.server.log.segment.size.max = 1048576 (custom)
2022-08-24 08:26:20,109 [EventQueue-PipelineReportForPipelineReportHandler] INFO  pipeline.PipelineManagerImpl (PipelineManagerImpl.java:openPipeline(367)) - Pipeline Pipeline[ Id: 3834d0e9-a4b3-4120-b01b-e95ce6fc247d, Nodes: 7f7d2c84-d408-4e5a-9ef4-f1a050e9b97b{ip: 10.1.0.105, host: fv-az96-669.m4cgkdvplvgupd014rd20bgx3d.gx.internal.cloudapp.net, ports: [REPLICATION=38073, RATIS=42375, RATIS_ADMIN=42375, RATIS_SERVER=42375, STANDALONE=41563], networkLocation: /default-rack, certSerialId: null, persistedOpState: IN_SERVICE, persistedOpStateExpiryEpochSec: 0}, ReplicationConfig: RATIS/ONE, State:ALLOCATED, leaderId:7f7d2c84-d408-4e5a-9ef4-f1a050e9b97b, CreationTimestamp2022-08-24T08:26:17.106Z[Etc/UTC]] moved to OPEN state
2022-08-24 08:26:20,110 [pool-164-thread-1] INFO  server.RaftServerConfigKeys (ConfUtils.java:logGet(46)) - raft.server.log.segment.cache.num.max = 2 (custom)
2022-08-24 08:26:20,110 [pool-164-thread-1] INFO  server.RaftServerConfigKeys (ConfUtils.java:logGet(46)) - raft.server.log.segment.cache.size.max = 200MB (=209715200) (default)
2022-08-24 08:26:20,110 [pool-164-thread-1] INFO  segmented.SegmentedRaftLogWorker (SegmentedRaftLogWorker.java:<init>(187)) - new 7f7d2c84-d408-4e5a-9ef4-f1a050e9b97b@group-E95CE6FC247D-SegmentedRaftLogWorker for RaftStorageImpl:Storage Directory /home/runner/work/ozone/ozone/hadoop-ozone/integration-test/target/test-dir/MiniOzoneClusterImpl-1336b647-fddb-4972-9c96-ba48238d1115/datanode-4/data/ratis/3834d0e9-a4b3-4120-b01b-e95ce6fc247d
2022-08-24 08:26:20,110 [pool-164-thread-1] INFO  server.RaftServerConfigKeys (ConfUtils.java:logGet(46)) - raft.server.log.queue.byte-limit = 4294967296 (custom)
2022-08-24 08:26:20,110 [pool-164-thread-1] INFO  server.RaftServerConfigKeys (ConfUtils.java:logGet(46)) - raft.server.log.queue.element-limit = 1024 (custom)
2022-08-24 08:26:20,110 [pool-164-thread-1] INFO  server.RaftServerConfigKeys (ConfUtils.java:logGet(46)) - raft.server.log.segment.size.max = 1048576 (custom)
2022-08-24 08:26:20,110 [pool-164-thread-1] INFO  server.RaftServerConfigKeys (ConfUtils.java:logGet(46)) - raft.server.log.preallocated.size = 16384 (custom)
2022-08-24 08:26:20,110 [pool-164-thread-1] INFO  server.RaftServerConfigKeys (ConfUtils.java:logGet(46)) - raft.server.log.force.sync.num = 128 (default)
2022-08-24 08:26:20,110 [pool-164-thread-1] INFO  server.RaftServerConfigKeys (ConfUtils.java:logGet(46)) - raft.server.log.statemachine.data.sync = true (default)
2022-08-24 08:26:20,110 [pool-164-thread-1] INFO  server.RaftServerConfigKeys (ConfUtils.java:logGet(46)) - raft.server.log.statemachine.data.sync.timeout = 10s (default)
2022-08-24 08:26:20,110 [pool-164-thread-1] INFO  server.RaftServerConfigKeys (ConfUtils.java:logGet(46)) - raft.server.log.statemachine.data.sync.timeout.retry = -1 (default)
2022-08-24 08:26:20,111 [pool-164-thread-1] INFO  server.RaftServerConfigKeys (ConfUtils.java:logGet(46)) - raft.server.log.write.buffer.size = 1048576 (custom)
2022-08-24 08:26:20,112 [pool-164-thread-1] INFO  server.RaftServerConfigKeys (ConfUtils.java:logGet(46)) - raft.server.log.unsafe-flush.enabled = false (default)
2022-08-24 08:26:20,112 [pool-164-thread-1] INFO  server.RaftServerConfigKeys (ConfUtils.java:logGet(46)) - raft.server.log.statemachine.data.caching.enabled = true (custom)
2022-08-24 08:26:20,112 [pool-164-thread-1] INFO  segmented.SegmentedRaftLogWorker (SegmentedRaftLogWorker.java:lambda$new$0(135)) - 7f7d2c84-d408-4e5a-9ef4-f1a050e9b97b@group-E95CE6FC247D-SegmentedRaftLogWorker: flushIndex: setUnconditionally 0 -> -1
2022-08-24 08:26:20,112 [pool-164-thread-1] INFO  segmented.SegmentedRaftLogWorker (SegmentedRaftLogWorker.java:lambda$new$0(135)) - 7f7d2c84-d408-4e5a-9ef4-f1a050e9b97b@group-E95CE6FC247D-SegmentedRaftLogWorker: safeCacheEvictIndex: setUnconditionally 0 -> -1
2022-08-24 08:26:20,112 [EventQueue-OpenPipelineForHealthyPipelineSafeModeRule] INFO  safemode.SCMSafeModeManager (HealthyPipelineSafeModeRule.java:process(137)) - SCM in safe mode. Healthy pipelines reported count is 0, required healthy pipeline reported count is 1
2022-08-24 08:26:20,113 [pool-164-thread-1] INFO  server.RaftServerConfigKeys (ConfUtils.java:logGet(46)) - raft.server.snapshot.auto.trigger.enabled = true (custom)
2022-08-24 08:26:20,113 [pool-164-thread-1] INFO  server.RaftServerConfigKeys (ConfUtils.java:logGet(46)) - raft.server.snapshot.auto.trigger.threshold = 10000 (custom)
2022-08-24 08:26:20,113 [pool-164-thread-1] INFO  server.RaftServerConfigKeys (ConfUtils.java:logGet(46)) - raft.server.snapshot.retention.file.num = 5 (custom)
2022-08-24 08:26:20,113 [pool-164-thread-1] INFO  server.RaftServerConfigKeys (ConfUtils.java:logGet(46)) - raft.server.log.purge.upto.snapshot.index = false (default)
2022-08-24 08:26:20,113 [pool-164-thread-1] INFO  server.RaftServerConfigKeys (ConfUtils.java:logGet(46)) - raft.server.retrycache.expirytime = 600000ms (custom)
2022-08-24 08:26:20,113 [pool-164-thread-1] INFO  server.RaftServerConfigKeys (ConfUtils.java:logGet(46)) - raft.server.retrycache.statistics.expirytime = 100μs (default)
2022-08-24 08:26:20,114 [pool-164-thread-1] INFO  server.RaftServerConfigKeys (ConfUtils.java:logGet(46)) - raft.server.log.appender.install.snapshot.enabled = false (custom)
2022-08-24 08:26:20,115 [pool-164-thread-1] INFO  server.RaftServerConfigKeys (ConfUtils.java:logGet(46)) - raft.server.threadpool.server.cached = true (default)
2022-08-24 08:26:20,117 [pool-164-thread-1] INFO  server.RaftServerConfigKeys (ConfUtils.java:logGet(46)) - raft.server.threadpool.server.size = 0 (default)
2022-08-24 08:26:20,117 [pool-164-thread-1] INFO  server.RaftServerConfigKeys (ConfUtils.java:logGet(46)) - raft.server.threadpool.client.cached = true (default)
2022-08-24 08:26:20,117 [pool-164-thread-1] INFO  server.RaftServerConfigKeys (ConfUtils.java:logGet(46)) - raft.server.threadpool.client.size = 0 (default)
2022-08-24 08:26:20,117 [pool-164-thread-1] INFO  server.RaftServer$Division (RaftServerImpl.java:start(310)) - 7f7d2c84-d408-4e5a-9ef4-f1a050e9b97b@group-E95CE6FC247D: start as a follower, conf=-1: [7f7d2c84-d408-4e5a-9ef4-f1a050e9b97b|rpc:10.1.0.105:42375|priority:1], old=null
2022-08-24 08:26:20,117 [pool-164-thread-1] INFO  server.RaftServer$Division (RaftServerImpl.java:setRole(299)) - 7f7d2c84-d408-4e5a-9ef4-f1a050e9b97b@group-E95CE6FC247D: changes role from      null to FOLLOWER at term 0 for startAsFollower
2022-08-24 08:26:20,117 [pool-164-thread-1] INFO  impl.RoleInfo (RoleInfo.java:updateAndGet(139)) - 7f7d2c84-d408-4e5a-9ef4-f1a050e9b97b: start 7f7d2c84-d408-4e5a-9ef4-f1a050e9b97b@group-E95CE6FC247D-FollowerState
2022-08-24 08:26:20,117 [pool-164-thread-1] INFO  util.JmxRegister (JmxRegister.java:tryRegister(44)) - Successfully registered JMX Bean with object name Ratis:service=RaftServer,group=group-E95CE6FC247D,id=7f7d2c84-d408-4e5a-9ef4-f1a050e9b97b
2022-08-24 08:26:20,118 [Command processor thread] INFO  ratis.XceiverServerRatis (XceiverServerRatis.java:addGroup(765)) - Created group PipelineID=3834d0e9-a4b3-4120-b01b-e95ce6fc247d
2022-08-24 08:26:20,118 [Command processor thread] INFO  commandhandler.CreatePipelineCommandHandler (CreatePipelineCommandHandler.java:handle(113)) - Created Pipeline RATIS ONE PipelineID=3834d0e9-a4b3-4120-b01b-e95ce6fc247d.
2022-08-24 08:26:20,166 [ReplicationMonitor] INFO  replication.ReplicationManager (ReplicationManager.java:processAll(255)) - Replication Manager is not ready to run until 3000ms after safemode exit
2022-08-24 08:26:20,184 [EventQueue-OpenPipelineForHealthyPipelineSafeModeRule] INFO  safemode.SCMSafeModeManager (HealthyPipelineSafeModeRule.java:process(137)) - SCM in safe mode. Healthy pipelines reported count is 0, required healthy pipeline reported count is 1
2022-08-24 08:26:20,389 [Listener at 127.0.0.1/40737] INFO  ozone.MiniOzoneClusterImpl (MiniOzoneClusterImpl.java:lambda$waitForClusterToBeReady$0(216)) - Nodes are ready. Got 6 of 6 DN Heartbeats.
2022-08-24 08:26:20,390 [Listener at 127.0.0.1/40737] INFO  ozone.MiniOzoneClusterImpl (MiniOzoneClusterImpl.java:lambda$waitForClusterToBeReady$0(219)) - Waiting for cluster to exit safe mode
2022-08-24 08:26:20,390 [Listener at 127.0.0.1/40737] INFO  ozone.MiniOzoneClusterImpl (MiniOzoneClusterImpl.java:lambda$waitForClusterToBeReady$0(221)) - SCM became leader
2022-08-24 08:26:20,398 [Command processor thread] INFO  server.RaftServer (RaftServerProxy.java:addNew(96)) - 440b8e2f-1f04-4f01-a821-43dde6dd996e: addNew group-1FD0A32EC9D7:[440b8e2f-1f04-4f01-a821-43dde6dd996e|rpc:10.1.0.105:43463|priority:1] returns group-1FD0A32EC9D7:java.util.concurrent.CompletableFuture@5fd67fd0[Not completed]
2022-08-24 08:26:20,399 [pool-187-thread-1] INFO  server.RaftServer$Division (RaftServerImpl.java:<init>(190)) - 440b8e2f-1f04-4f01-a821-43dde6dd996e: new RaftServerImpl for group-1FD0A32EC9D7:[440b8e2f-1f04-4f01-a821-43dde6dd996e|rpc:10.1.0.105:43463|priority:1] with ContainerStateMachine:uninitialized
2022-08-24 08:26:20,399 [pool-187-thread-1] INFO  server.RaftServerConfigKeys (ConfUtils.java:logGet(46)) - raft.server.rpc.timeout.min = 5s (custom)
2022-08-24 08:26:20,399 [pool-187-thread-1] INFO  server.RaftServerConfigKeys (ConfUtils.java:logGet(46)) - raft.server.rpc.timeout.max = 5200ms (custom)
2022-08-24 08:26:20,399 [pool-187-thread-1] INFO  server.RaftServerConfigKeys (ConfUtils.java:logGet(46)) - raft.server.rpc.sleep.time = 25ms (default)
2022-08-24 08:26:20,399 [pool-187-thread-1] INFO  server.RaftServerConfigKeys (ConfUtils.java:logGet(46)) - raft.server.rpc.slowness.timeout = 300s (custom)
2022-08-24 08:26:20,399 [pool-187-thread-1] INFO  server.RaftServerConfigKeys (ConfUtils.java:logGet(46)) - raft.server.leaderelection.leader.step-down.wait-time = 10s (default)
2022-08-24 08:26:20,399 [pool-187-thread-1] INFO  server.RaftServerConfigKeys (ConfUtils.java:logGet(46)) - raft.server.sleep.deviation.threshold = 300ms (default)
2022-08-24 08:26:20,399 [pool-187-thread-1] INFO  server.RaftServer$Division (ServerState.java:<init>(107)) - 440b8e2f-1f04-4f01-a821-43dde6dd996e@group-1FD0A32EC9D7: ConfigurationManager, init=-1: [440b8e2f-1f04-4f01-a821-43dde6dd996e|rpc:10.1.0.105:43463|priority:1], old=null, confs=<EMPTY_MAP>
2022-08-24 08:26:20,399 [pool-187-thread-1] INFO  server.RaftServerConfigKeys (ConfUtils.java:logGet(46)) - raft.server.storage.dir = [/home/runner/work/ozone/ozone/hadoop-ozone/integration-test/target/test-dir/MiniOzoneClusterImpl-1336b647-fddb-4972-9c96-ba48238d1115/datanode-5/data/ratis] (custom)
2022-08-24 08:26:20,399 [pool-187-thread-1] INFO  server.RaftServerConfigKeys (ConfUtils.java:logGet(46)) - raft.server.log.corruption.policy = EXCEPTION (default)
2022-08-24 08:26:20,399 [pool-187-thread-1] INFO  server.RaftServerConfigKeys (ConfUtils.java:logGet(46)) - raft.server.storage.free-space.min = 0MB (=0) (default)
2022-08-24 08:26:20,399 [pool-187-thread-1] INFO  storage.RaftStorageDirectory (RaftStorageDirectoryImpl.java:analyzeStorage(135)) - The storage directory /home/runner/work/ozone/ozone/hadoop-ozone/integration-test/target/test-dir/MiniOzoneClusterImpl-1336b647-fddb-4972-9c96-ba48238d1115/datanode-5/data/ratis/0388249e-1292-47f4-b32d-1fd0a32ec9d7 does not exist. Creating ...
2022-08-24 08:26:20,400 [pool-187-thread-1] INFO  storage.RaftStorageDirectory (RaftStorageDirectoryImpl.java:tryLock(230)) - Lock on /home/runner/work/ozone/ozone/hadoop-ozone/integration-test/target/test-dir/MiniOzoneClusterImpl-1336b647-fddb-4972-9c96-ba48238d1115/datanode-5/data/ratis/0388249e-1292-47f4-b32d-1fd0a32ec9d7/in_use.lock acquired by nodename 20331@fv-az96-669
2022-08-24 08:26:20,401 [pool-187-thread-1] INFO  storage.RaftStorage (RaftStorageImpl.java:format(89)) - Storage directory /home/runner/work/ozone/ozone/hadoop-ozone/integration-test/target/test-dir/MiniOzoneClusterImpl-1336b647-fddb-4972-9c96-ba48238d1115/datanode-5/data/ratis/0388249e-1292-47f4-b32d-1fd0a32ec9d7 has been successfully formatted.
2022-08-24 08:26:20,401 [pool-187-thread-1] INFO  ratis.ContainerStateMachine (ContainerStateMachine.java:loadSnapshot(236)) - group-1FD0A32EC9D7: The snapshot info is null. Setting the last applied indexto:(t:0, i:~)
2022-08-24 08:26:20,401 [pool-187-thread-1] INFO  server.RaftServerConfigKeys (ConfUtils.java:logGet(46)) - raft.server.notification.no-leader.timeout = 300s (custom)
2022-08-24 08:26:20,401 [pool-187-thread-1] INFO  server.RaftServerConfigKeys (ConfUtils.java:logGet(46)) - raft.server.log.use.memory = false (default)
2022-08-24 08:26:20,401 [pool-187-thread-1] INFO  server.RaftServerConfigKeys (ConfUtils.java:logGet(46)) - raft.server.log.purge.gap = 1000000 (custom)
2022-08-24 08:26:20,401 [pool-187-thread-1] INFO  server.RaftServerConfigKeys (ConfUtils.java:logGet(46)) - raft.server.log.appender.buffer.byte-limit = 33554432 (custom)
2022-08-24 08:26:20,401 [pool-187-thread-1] INFO  server.RaftServerConfigKeys (ConfUtils.java:logGet(46)) - raft.server.log.statemachine.data.read.timeout = 1000ms (default)
2022-08-24 08:26:20,402 [pool-187-thread-1] INFO  server.RaftServerConfigKeys (ConfUtils.java:logGet(46)) - raft.server.log.segment.size.max = 1048576 (custom)
2022-08-24 08:26:20,404 [pool-187-thread-1] INFO  server.RaftServerConfigKeys (ConfUtils.java:logGet(46)) - raft.server.log.segment.cache.num.max = 2 (custom)
2022-08-24 08:26:20,404 [pool-187-thread-1] INFO  server.RaftServerConfigKeys (ConfUtils.java:logGet(46)) - raft.server.log.segment.cache.size.max = 200MB (=209715200) (default)
2022-08-24 08:26:20,404 [pool-187-thread-1] INFO  segmented.SegmentedRaftLogWorker (SegmentedRaftLogWorker.java:<init>(187)) - new 440b8e2f-1f04-4f01-a821-43dde6dd996e@group-1FD0A32EC9D7-SegmentedRaftLogWorker for RaftStorageImpl:Storage Directory /home/runner/work/ozone/ozone/hadoop-ozone/integration-test/target/test-dir/MiniOzoneClusterImpl-1336b647-fddb-4972-9c96-ba48238d1115/datanode-5/data/ratis/0388249e-1292-47f4-b32d-1fd0a32ec9d7
2022-08-24 08:26:20,404 [pool-187-thread-1] INFO  server.RaftServerConfigKeys (ConfUtils.java:logGet(46)) - raft.server.log.queue.byte-limit = 4294967296 (custom)
2022-08-24 08:26:20,404 [pool-187-thread-1] INFO  server.RaftServerConfigKeys (ConfUtils.java:logGet(46)) - raft.server.log.queue.element-limit = 1024 (custom)
2022-08-24 08:26:20,404 [pool-187-thread-1] INFO  server.RaftServerConfigKeys (ConfUtils.java:logGet(46)) - raft.server.log.segment.size.max = 1048576 (custom)
2022-08-24 08:26:20,404 [pool-187-thread-1] INFO  server.RaftServerConfigKeys (ConfUtils.java:logGet(46)) - raft.server.log.preallocated.size = 16384 (custom)
2022-08-24 08:26:20,404 [pool-187-thread-1] INFO  server.RaftServerConfigKeys (ConfUtils.java:logGet(46)) - raft.server.log.force.sync.num = 128 (default)
2022-08-24 08:26:20,404 [pool-187-thread-1] INFO  server.RaftServerConfigKeys (ConfUtils.java:logGet(46)) - raft.server.log.statemachine.data.sync = true (default)
2022-08-24 08:26:20,404 [pool-187-thread-1] INFO  server.RaftServerConfigKeys (ConfUtils.java:logGet(46)) - raft.server.log.statemachine.data.sync.timeout = 10s (default)
2022-08-24 08:26:20,404 [pool-187-thread-1] INFO  server.RaftServerConfigKeys (ConfUtils.java:logGet(46)) - raft.server.log.statemachine.data.sync.timeout.retry = -1 (default)
2022-08-24 08:26:20,406 [EventQueue-PipelineReportForPipelineReportHandler] INFO  pipeline.PipelineManagerImpl (PipelineManagerImpl.java:openPipeline(367)) - Pipeline Pipeline[ Id: 0388249e-1292-47f4-b32d-1fd0a32ec9d7, Nodes: 440b8e2f-1f04-4f01-a821-43dde6dd996e{ip: 10.1.0.105, host: fv-az96-669.m4cgkdvplvgupd014rd20bgx3d.gx.internal.cloudapp.net, ports: [REPLICATION=33745, RATIS=43463, RATIS_ADMIN=43463, RATIS_SERVER=43463, STANDALONE=38569], networkLocation: /default-rack, certSerialId: null, persistedOpState: IN_SERVICE, persistedOpStateExpiryEpochSec: 0}, ReplicationConfig: RATIS/ONE, State:ALLOCATED, leaderId:440b8e2f-1f04-4f01-a821-43dde6dd996e, CreationTimestamp2022-08-24T08:26:17.401Z[Etc/UTC]] moved to OPEN state
2022-08-24 08:26:20,406 [EventQueue-OpenPipelineForHealthyPipelineSafeModeRule] INFO  safemode.SCMSafeModeManager (HealthyPipelineSafeModeRule.java:process(137)) - SCM in safe mode. Healthy pipelines reported count is 0, required healthy pipeline reported count is 1
2022-08-24 08:26:20,406 [pool-187-thread-1] INFO  server.RaftServerConfigKeys (ConfUtils.java:logGet(46)) - raft.server.log.write.buffer.size = 1048576 (custom)
2022-08-24 08:26:20,407 [pool-187-thread-1] INFO  server.RaftServerConfigKeys (ConfUtils.java:logGet(46)) - raft.server.log.unsafe-flush.enabled = false (default)
2022-08-24 08:26:20,407 [pool-187-thread-1] INFO  server.RaftServerConfigKeys (ConfUtils.java:logGet(46)) - raft.server.log.statemachine.data.caching.enabled = true (custom)
2022-08-24 08:26:20,408 [pool-187-thread-1] INFO  segmented.SegmentedRaftLogWorker (SegmentedRaftLogWorker.java:lambda$new$0(135)) - 440b8e2f-1f04-4f01-a821-43dde6dd996e@group-1FD0A32EC9D7-SegmentedRaftLogWorker: flushIndex: setUnconditionally 0 -> -1
2022-08-24 08:26:20,408 [pool-187-thread-1] INFO  segmented.SegmentedRaftLogWorker (SegmentedRaftLogWorker.java:lambda$new$0(135)) - 440b8e2f-1f04-4f01-a821-43dde6dd996e@group-1FD0A32EC9D7-SegmentedRaftLogWorker: safeCacheEvictIndex: setUnconditionally 0 -> -1
2022-08-24 08:26:20,408 [pool-187-thread-1] INFO  server.RaftServerConfigKeys (ConfUtils.java:logGet(46)) - raft.server.snapshot.auto.trigger.enabled = true (custom)
2022-08-24 08:26:20,408 [pool-187-thread-1] INFO  server.RaftServerConfigKeys (ConfUtils.java:logGet(46)) - raft.server.snapshot.auto.trigger.threshold = 10000 (custom)
2022-08-24 08:26:20,408 [pool-187-thread-1] INFO  server.RaftServerConfigKeys (ConfUtils.java:logGet(46)) - raft.server.snapshot.retention.file.num = 5 (custom)
2022-08-24 08:26:20,409 [pool-187-thread-1] INFO  server.RaftServerConfigKeys (ConfUtils.java:logGet(46)) - raft.server.log.purge.upto.snapshot.index = false (default)
2022-08-24 08:26:20,409 [pool-187-thread-1] INFO  server.RaftServerConfigKeys (ConfUtils.java:logGet(46)) - raft.server.retrycache.expirytime = 600000ms (custom)
2022-08-24 08:26:20,409 [pool-187-thread-1] INFO  server.RaftServerConfigKeys (ConfUtils.java:logGet(46)) - raft.server.retrycache.statistics.expirytime = 100μs (default)
2022-08-24 08:26:20,409 [pool-187-thread-1] INFO  server.RaftServerConfigKeys (ConfUtils.java:logGet(46)) - raft.server.log.appender.install.snapshot.enabled = false (custom)
2022-08-24 08:26:20,409 [pool-187-thread-1] INFO  server.RaftServerConfigKeys (ConfUtils.java:logGet(46)) - raft.server.threadpool.server.cached = true (default)
2022-08-24 08:26:20,409 [pool-187-thread-1] INFO  server.RaftServerConfigKeys (ConfUtils.java:logGet(46)) - raft.server.threadpool.server.size = 0 (default)
2022-08-24 08:26:20,410 [pool-187-thread-1] INFO  server.RaftServerConfigKeys (ConfUtils.java:logGet(46)) - raft.server.threadpool.client.cached = true (default)
2022-08-24 08:26:20,410 [pool-187-thread-1] INFO  server.RaftServerConfigKeys (ConfUtils.java:logGet(46)) - raft.server.threadpool.client.size = 0 (default)
2022-08-24 08:26:20,410 [pool-187-thread-1] INFO  server.RaftServer$Division (RaftServerImpl.java:start(310)) - 440b8e2f-1f04-4f01-a821-43dde6dd996e@group-1FD0A32EC9D7: start as a follower, conf=-1: [440b8e2f-1f04-4f01-a821-43dde6dd996e|rpc:10.1.0.105:43463|priority:1], old=null
2022-08-24 08:26:20,410 [pool-187-thread-1] INFO  server.RaftServer$Division (RaftServerImpl.java:setRole(299)) - 440b8e2f-1f04-4f01-a821-43dde6dd996e@group-1FD0A32EC9D7: changes role from      null to FOLLOWER at term 0 for startAsFollower
2022-08-24 08:26:20,410 [pool-187-thread-1] INFO  impl.RoleInfo (RoleInfo.java:updateAndGet(139)) - 440b8e2f-1f04-4f01-a821-43dde6dd996e: start 440b8e2f-1f04-4f01-a821-43dde6dd996e@group-1FD0A32EC9D7-FollowerState
2022-08-24 08:26:20,415 [pool-187-thread-1] INFO  util.JmxRegister (JmxRegister.java:tryRegister(44)) - Successfully registered JMX Bean with object name Ratis:service=RaftServer,group=group-1FD0A32EC9D7,id=440b8e2f-1f04-4f01-a821-43dde6dd996e
2022-08-24 08:26:20,415 [Command processor thread] INFO  ratis.XceiverServerRatis (XceiverServerRatis.java:addGroup(765)) - Created group PipelineID=0388249e-1292-47f4-b32d-1fd0a32ec9d7
2022-08-24 08:26:20,415 [Command processor thread] INFO  commandhandler.CreatePipelineCommandHandler (CreatePipelineCommandHandler.java:handle(113)) - Created Pipeline RATIS ONE PipelineID=0388249e-1292-47f4-b32d-1fd0a32ec9d7.
2022-08-24 08:26:20,745 [EventQueue-OpenPipelineForHealthyPipelineSafeModeRule] INFO  safemode.SCMSafeModeManager (HealthyPipelineSafeModeRule.java:process(137)) - SCM in safe mode. Healthy pipelines reported count is 0, required healthy pipeline reported count is 1
2022-08-24 08:26:21,109 [EventQueue-OpenPipelineForHealthyPipelineSafeModeRule] INFO  safemode.SCMSafeModeManager (HealthyPipelineSafeModeRule.java:process(137)) - SCM in safe mode. Healthy pipelines reported count is 0, required healthy pipeline reported count is 1
2022-08-24 08:26:21,166 [ReplicationMonitor] INFO  replication.ReplicationManager (ReplicationManager.java:processAll(255)) - Replication Manager is not ready to run until 3000ms after safemode exit
2022-08-24 08:26:21,390 [Listener at 127.0.0.1/40737] INFO  ozone.MiniOzoneClusterImpl (MiniOzoneClusterImpl.java:lambda$waitForClusterToBeReady$0(216)) - Nodes are ready. Got 6 of 6 DN Heartbeats.
2022-08-24 08:26:21,390 [Listener at 127.0.0.1/40737] INFO  ozone.MiniOzoneClusterImpl (MiniOzoneClusterImpl.java:lambda$waitForClusterToBeReady$0(219)) - Waiting for cluster to exit safe mode
2022-08-24 08:26:21,390 [Listener at 127.0.0.1/40737] INFO  ozone.MiniOzoneClusterImpl (MiniOzoneClusterImpl.java:lambda$waitForClusterToBeReady$0(221)) - SCM became leader
2022-08-24 08:26:21,402 [EventQueue-OpenPipelineForHealthyPipelineSafeModeRule] INFO  safemode.SCMSafeModeManager (HealthyPipelineSafeModeRule.java:process(137)) - SCM in safe mode. Healthy pipelines reported count is 0, required healthy pipeline reported count is 1
2022-08-24 08:26:21,510 [EventQueue-OpenPipelineForHealthyPipelineSafeModeRule] INFO  safemode.SCMSafeModeManager (HealthyPipelineSafeModeRule.java:process(137)) - SCM in safe mode. Healthy pipelines reported count is 0, required healthy pipeline reported count is 1
2022-08-24 08:26:21,744 [EventQueue-OpenPipelineForHealthyPipelineSafeModeRule] INFO  safemode.SCMSafeModeManager (HealthyPipelineSafeModeRule.java:process(137)) - SCM in safe mode. Healthy pipelines reported count is 0, required healthy pipeline reported count is 1
2022-08-24 08:26:21,827 [EventQueue-OpenPipelineForHealthyPipelineSafeModeRule] INFO  safemode.SCMSafeModeManager (HealthyPipelineSafeModeRule.java:process(137)) - SCM in safe mode. Healthy pipelines reported count is 0, required healthy pipeline reported count is 1
2022-08-24 08:26:22,166 [ReplicationMonitor] INFO  replication.ReplicationManager (ReplicationManager.java:processAll(255)) - Replication Manager is not ready to run until 3000ms after safemode exit
2022-08-24 08:26:22,183 [EventQueue-OpenPipelineForHealthyPipelineSafeModeRule] INFO  safemode.SCMSafeModeManager (HealthyPipelineSafeModeRule.java:process(137)) - SCM in safe mode. Healthy pipelines reported count is 0, required healthy pipeline reported count is 1
2022-08-24 08:26:22,390 [Listener at 127.0.0.1/40737] INFO  ozone.MiniOzoneClusterImpl (MiniOzoneClusterImpl.java:lambda$waitForClusterToBeReady$0(216)) - Nodes are ready. Got 6 of 6 DN Heartbeats.
2022-08-24 08:26:22,390 [Listener at 127.0.0.1/40737] INFO  ozone.MiniOzoneClusterImpl (MiniOzoneClusterImpl.java:lambda$waitForClusterToBeReady$0(219)) - Waiting for cluster to exit safe mode
2022-08-24 08:26:22,391 [Listener at 127.0.0.1/40737] INFO  ozone.MiniOzoneClusterImpl (MiniOzoneClusterImpl.java:lambda$waitForClusterToBeReady$0(221)) - SCM became leader
2022-08-24 08:26:23,108 [EventQueue-OpenPipelineForHealthyPipelineSafeModeRule] INFO  safemode.SCMSafeModeManager (HealthyPipelineSafeModeRule.java:process(137)) - SCM in safe mode. Healthy pipelines reported count is 0, required healthy pipeline reported count is 1
2022-08-24 08:26:23,167 [ReplicationMonitor] INFO  replication.ReplicationManager (ReplicationManager.java:processAll(255)) - Replication Manager is not ready to run until 3000ms after safemode exit
2022-08-24 08:26:23,184 [EventQueue-OpenPipelineForHealthyPipelineSafeModeRule] INFO  safemode.SCMSafeModeManager (HealthyPipelineSafeModeRule.java:process(137)) - SCM in safe mode. Healthy pipelines reported count is 0, required healthy pipeline reported count is 1
2022-08-24 08:26:23,391 [Listener at 127.0.0.1/40737] INFO  ozone.MiniOzoneClusterImpl (MiniOzoneClusterImpl.java:lambda$waitForClusterToBeReady$0(216)) - Nodes are ready. Got 6 of 6 DN Heartbeats.
2022-08-24 08:26:23,391 [Listener at 127.0.0.1/40737] INFO  ozone.MiniOzoneClusterImpl (MiniOzoneClusterImpl.java:lambda$waitForClusterToBeReady$0(219)) - Waiting for cluster to exit safe mode
2022-08-24 08:26:23,391 [Listener at 127.0.0.1/40737] INFO  ozone.MiniOzoneClusterImpl (MiniOzoneClusterImpl.java:lambda$waitForClusterToBeReady$0(221)) - SCM became leader
2022-08-24 08:26:23,403 [EventQueue-OpenPipelineForHealthyPipelineSafeModeRule] INFO  safemode.SCMSafeModeManager (HealthyPipelineSafeModeRule.java:process(137)) - SCM in safe mode. Healthy pipelines reported count is 0, required healthy pipeline reported count is 1
2022-08-24 08:26:23,510 [EventQueue-OpenPipelineForHealthyPipelineSafeModeRule] INFO  safemode.SCMSafeModeManager (HealthyPipelineSafeModeRule.java:process(137)) - SCM in safe mode. Healthy pipelines reported count is 0, required healthy pipeline reported count is 1
2022-08-24 08:26:23,728 [6f59db56-2f90-4028-8d65-c4b769c679ae@group-92F3FBCBAEBD-FollowerState] INFO  impl.FollowerState (FollowerState.java:run(143)) - 6f59db56-2f90-4028-8d65-c4b769c679ae@group-92F3FBCBAEBD-FollowerState: change to CANDIDATE, lastRpcElapsedTime:5010292625ns, electionTimeout:5005ms
2022-08-24 08:26:23,729 [6f59db56-2f90-4028-8d65-c4b769c679ae@group-92F3FBCBAEBD-FollowerState] INFO  impl.RoleInfo (RoleInfo.java:shutdownFollowerState(110)) - 6f59db56-2f90-4028-8d65-c4b769c679ae: shutdown 6f59db56-2f90-4028-8d65-c4b769c679ae@group-92F3FBCBAEBD-FollowerState
2022-08-24 08:26:23,729 [6f59db56-2f90-4028-8d65-c4b769c679ae@group-92F3FBCBAEBD-FollowerState] INFO  server.RaftServer$Division (RaftServerImpl.java:setRole(299)) - 6f59db56-2f90-4028-8d65-c4b769c679ae@group-92F3FBCBAEBD: changes role from  FOLLOWER to CANDIDATE at term 0 for changeToCandidate
2022-08-24 08:26:23,729 [6f59db56-2f90-4028-8d65-c4b769c679ae@group-92F3FBCBAEBD-FollowerState] INFO  server.RaftServerConfigKeys (ConfUtils.java:logGet(46)) - raft.server.leaderelection.pre-vote = false (custom)
2022-08-24 08:26:23,729 [6f59db56-2f90-4028-8d65-c4b769c679ae@group-92F3FBCBAEBD-FollowerState] INFO  impl.RoleInfo (RoleInfo.java:updateAndGet(139)) - 6f59db56-2f90-4028-8d65-c4b769c679ae: start 6f59db56-2f90-4028-8d65-c4b769c679ae@group-92F3FBCBAEBD-LeaderElection2
2022-08-24 08:26:23,732 [6f59db56-2f90-4028-8d65-c4b769c679ae@group-92F3FBCBAEBD-LeaderElection2] INFO  impl.LeaderElection (LeaderElection.java:askForVotes(310)) - 6f59db56-2f90-4028-8d65-c4b769c679ae@group-92F3FBCBAEBD-LeaderElection2 ELECTION round 0: submit vote requests at term 1 for -1: [6f59db56-2f90-4028-8d65-c4b769c679ae|rpc:10.1.0.105:39133|priority:1], old=null
2022-08-24 08:26:23,732 [6f59db56-2f90-4028-8d65-c4b769c679ae@group-92F3FBCBAEBD-LeaderElection2] INFO  impl.LeaderElection (LeaderElection.java:askForVotes(312)) - 6f59db56-2f90-4028-8d65-c4b769c679ae@group-92F3FBCBAEBD-LeaderElection2 ELECTION round 0: result PASSED (term=1)
2022-08-24 08:26:23,732 [6f59db56-2f90-4028-8d65-c4b769c679ae@group-92F3FBCBAEBD-LeaderElection2] INFO  impl.RoleInfo (RoleInfo.java:shutdownLeaderElection(130)) - 6f59db56-2f90-4028-8d65-c4b769c679ae: shutdown 6f59db56-2f90-4028-8d65-c4b769c679ae@group-92F3FBCBAEBD-LeaderElection2
2022-08-24 08:26:23,732 [6f59db56-2f90-4028-8d65-c4b769c679ae@group-92F3FBCBAEBD-LeaderElection2] INFO  server.RaftServer$Division (RaftServerImpl.java:setRole(299)) - 6f59db56-2f90-4028-8d65-c4b769c679ae@group-92F3FBCBAEBD: changes role from CANDIDATE to LEADER at term 1 for changeToLeader
2022-08-24 08:26:23,732 [6f59db56-2f90-4028-8d65-c4b769c679ae@group-92F3FBCBAEBD-LeaderElection2] INFO  ratis.XceiverServerRatis (XceiverServerRatis.java:handleLeaderChangedNotification(863)) - Leader change notification received for group: group-92F3FBCBAEBD with new leaderId: 6f59db56-2f90-4028-8d65-c4b769c679ae
2022-08-24 08:26:23,733 [6f59db56-2f90-4028-8d65-c4b769c679ae@group-92F3FBCBAEBD-LeaderElection2] INFO  server.RaftServer$Division (ServerState.java:setLeader(287)) - 6f59db56-2f90-4028-8d65-c4b769c679ae@group-92F3FBCBAEBD: change Leader from null to 6f59db56-2f90-4028-8d65-c4b769c679ae at term 1 for becomeLeader, leader elected after 5026ms
2022-08-24 08:26:23,733 [6f59db56-2f90-4028-8d65-c4b769c679ae@group-92F3FBCBAEBD-LeaderElection2] INFO  server.RaftServerConfigKeys (ConfUtils.java:logGet(46)) - raft.server.staging.catchup.gap = 1000 (default)
2022-08-24 08:26:23,734 [EventQueue-OpenPipelineForHealthyPipelineSafeModeRule] INFO  safemode.SCMSafeModeManager (HealthyPipelineSafeModeRule.java:process(137)) - SCM in safe mode. Healthy pipelines reported count is 0, required healthy pipeline reported count is 1
2022-08-24 08:26:23,734 [6f59db56-2f90-4028-8d65-c4b769c679ae@group-92F3FBCBAEBD-LeaderElection2] INFO  server.RaftServerConfigKeys (ConfUtils.java:logGet(46)) - raft.server.write.element-limit = 1024 (custom)
2022-08-24 08:26:23,734 [6f59db56-2f90-4028-8d65-c4b769c679ae@group-92F3FBCBAEBD-LeaderElection2] INFO  server.RaftServerConfigKeys (ConfUtils.java:logGet(46)) - raft.server.write.byte-limit = 1024 M (=1073741824) (custom)
2022-08-24 08:26:23,734 [6f59db56-2f90-4028-8d65-c4b769c679ae@group-92F3FBCBAEBD-LeaderElection2] INFO  server.RaftServerConfigKeys (ConfUtils.java:logGet(46)) - raft.server.watch.timeout = 180s (custom)
2022-08-24 08:26:23,734 [6f59db56-2f90-4028-8d65-c4b769c679ae@group-92F3FBCBAEBD-LeaderElection2] INFO  server.RaftServerConfigKeys (ConfUtils.java:logGet(46)) - raft.server.watch.timeout.denomination = 1s (default)
2022-08-24 08:26:23,734 [6f59db56-2f90-4028-8d65-c4b769c679ae@group-92F3FBCBAEBD-LeaderElection2] INFO  server.RaftServerConfigKeys (ConfUtils.java:logGet(46)) - raft.server.watch.element-limit = 65536 (default)
2022-08-24 08:26:23,734 [6f59db56-2f90-4028-8d65-c4b769c679ae@group-92F3FBCBAEBD-LeaderElection2] INFO  server.RaftServerConfigKeys (ConfUtils.java:logGet(46)) - raft.server.write.element-limit = 1024 (custom)
2022-08-24 08:26:23,734 [6f59db56-2f90-4028-8d65-c4b769c679ae@group-92F3FBCBAEBD-LeaderElection2] INFO  server.RaftServerConfigKeys (ConfUtils.java:logGet(46)) - raft.server.write.follower.gap.ratio.max = -1.0 (default)
2022-08-24 08:26:23,734 [6f59db56-2f90-4028-8d65-c4b769c679ae@group-92F3FBCBAEBD-LeaderElection2] INFO  impl.RoleInfo (RoleInfo.java:updateAndGet(139)) - 6f59db56-2f90-4028-8d65-c4b769c679ae: start 6f59db56-2f90-4028-8d65-c4b769c679ae@group-92F3FBCBAEBD-LeaderStateImpl
2022-08-24 08:26:23,735 [6f59db56-2f90-4028-8d65-c4b769c679ae@group-92F3FBCBAEBD-LeaderElection2] INFO  segmented.SegmentedRaftLogWorker (SegmentedRaftLogWorker.java:startLogSegment(425)) - 6f59db56-2f90-4028-8d65-c4b769c679ae@group-92F3FBCBAEBD-SegmentedRaftLogWorker: Starting segment from index:0
2022-08-24 08:26:23,736 [6f59db56-2f90-4028-8d65-c4b769c679ae@group-92F3FBCBAEBD-SegmentedRaftLogWorker] INFO  segmented.SegmentedRaftLogWorker (SegmentedRaftLogWorker.java:execute(629)) - 6f59db56-2f90-4028-8d65-c4b769c679ae@group-92F3FBCBAEBD-SegmentedRaftLogWorker: created new log segment /home/runner/work/ozone/ozone/hadoop-ozone/integration-test/target/test-dir/MiniOzoneClusterImpl-1336b647-fddb-4972-9c96-ba48238d1115/datanode-0/data/ratis/69eea161-a0ac-483f-9870-92f3fbcbaebd/current/log_inprogress_0
2022-08-24 08:26:23,737 [6f59db56-2f90-4028-8d65-c4b769c679ae@group-92F3FBCBAEBD-LeaderElection2] INFO  server.RaftServer$Division (ServerState.java:setRaftConf(393)) - 6f59db56-2f90-4028-8d65-c4b769c679ae@group-92F3FBCBAEBD: set configuration 0: [6f59db56-2f90-4028-8d65-c4b769c679ae|rpc:10.1.0.105:39133|dataStream:|priority:1], old=null
2022-08-24 08:26:23,827 [EventQueue-OpenPipelineForHealthyPipelineSafeModeRule] INFO  safemode.SCMSafeModeManager (HealthyPipelineSafeModeRule.java:process(137)) - SCM in safe mode. Healthy pipelines reported count is 0, required healthy pipeline reported count is 1
2022-08-24 08:26:23,949 [6f59db56-2f90-4028-8d65-c4b769c679ae@group-9BE5FEF10FEA-FollowerState] INFO  impl.FollowerState (FollowerState.java:run(143)) - 6f59db56-2f90-4028-8d65-c4b769c679ae@group-9BE5FEF10FEA-FollowerState: change to CANDIDATE, lastRpcElapsedTime:5186009873ns, electionTimeout:5184ms
2022-08-24 08:26:23,950 [6f59db56-2f90-4028-8d65-c4b769c679ae@group-9BE5FEF10FEA-FollowerState] INFO  impl.RoleInfo (RoleInfo.java:shutdownFollowerState(110)) - 6f59db56-2f90-4028-8d65-c4b769c679ae: shutdown 6f59db56-2f90-4028-8d65-c4b769c679ae@group-9BE5FEF10FEA-FollowerState
2022-08-24 08:26:23,950 [6f59db56-2f90-4028-8d65-c4b769c679ae@group-9BE5FEF10FEA-FollowerState] INFO  server.RaftServer$Division (RaftServerImpl.java:setRole(299)) - 6f59db56-2f90-4028-8d65-c4b769c679ae@group-9BE5FEF10FEA: changes role from  FOLLOWER to CANDIDATE at term 0 for changeToCandidate
2022-08-24 08:26:23,950 [6f59db56-2f90-4028-8d65-c4b769c679ae@group-9BE5FEF10FEA-FollowerState] INFO  server.RaftServerConfigKeys (ConfUtils.java:logGet(46)) - raft.server.leaderelection.pre-vote = false (custom)
2022-08-24 08:26:23,950 [6f59db56-2f90-4028-8d65-c4b769c679ae@group-9BE5FEF10FEA-FollowerState] INFO  impl.RoleInfo (RoleInfo.java:updateAndGet(139)) - 6f59db56-2f90-4028-8d65-c4b769c679ae: start 6f59db56-2f90-4028-8d65-c4b769c679ae@group-9BE5FEF10FEA-LeaderElection3
2022-08-24 08:26:23,952 [6f59db56-2f90-4028-8d65-c4b769c679ae@group-9BE5FEF10FEA-LeaderElection3] INFO  impl.LeaderElection (LeaderElection.java:askForVotes(310)) - 6f59db56-2f90-4028-8d65-c4b769c679ae@group-9BE5FEF10FEA-LeaderElection3 ELECTION round 0: submit vote requests at term 1 for -1: [ca19929d-3998-403b-8228-cd97e90f4483|rpc:10.1.0.105:38183|priority:1, 6f59db56-2f90-4028-8d65-c4b769c679ae|rpc:10.1.0.105:39133|priority:0, ebf2e152-759f-4d7c-8d06-3719d22af88c|rpc:10.1.0.105:42289|priority:0], old=null
2022-08-24 08:26:23,982 [grpc-default-executor-0] INFO  server.RaftServer$Division (RaftServerImpl.java:requestVote(1152)) - ebf2e152-759f-4d7c-8d06-3719d22af88c@group-9BE5FEF10FEA: receive requestVote(ELECTION, 6f59db56-2f90-4028-8d65-c4b769c679ae, group-9BE5FEF10FEA, 1, (t:0, i:0))
2022-08-24 08:26:23,983 [grpc-default-executor-0] INFO  impl.VoteContext (VoteContext.java:log(48)) - ebf2e152-759f-4d7c-8d06-3719d22af88c@group-9BE5FEF10FEA-FOLLOWER: accept ELECTION from 6f59db56-2f90-4028-8d65-c4b769c679ae: our priority 0 <= candidate's priority 0
2022-08-24 08:26:23,984 [grpc-default-executor-0] INFO  server.RaftServer$Division (RaftServerImpl.java:setRole(299)) - ebf2e152-759f-4d7c-8d06-3719d22af88c@group-9BE5FEF10FEA: changes role from  FOLLOWER to FOLLOWER at term 1 for candidate:6f59db56-2f90-4028-8d65-c4b769c679ae
2022-08-24 08:26:23,984 [grpc-default-executor-0] INFO  impl.RoleInfo (RoleInfo.java:shutdownFollowerState(110)) - ebf2e152-759f-4d7c-8d06-3719d22af88c: shutdown ebf2e152-759f-4d7c-8d06-3719d22af88c@group-9BE5FEF10FEA-FollowerState
2022-08-24 08:26:23,984 [grpc-default-executor-0] INFO  impl.RoleInfo (RoleInfo.java:updateAndGet(139)) - ebf2e152-759f-4d7c-8d06-3719d22af88c: start ebf2e152-759f-4d7c-8d06-3719d22af88c@group-9BE5FEF10FEA-FollowerState
2022-08-24 08:26:23,984 [ebf2e152-759f-4d7c-8d06-3719d22af88c@group-9BE5FEF10FEA-FollowerState] INFO  impl.FollowerState (FollowerState.java:run(152)) - ebf2e152-759f-4d7c-8d06-3719d22af88c@group-9BE5FEF10FEA-FollowerState was interrupted
2022-08-24 08:26:23,985 [grpc-default-executor-1] INFO  server.RaftServer$Division (RaftServerImpl.java:requestVote(1152)) - ca19929d-3998-403b-8228-cd97e90f4483@group-9BE5FEF10FEA: receive requestVote(ELECTION, 6f59db56-2f90-4028-8d65-c4b769c679ae, group-9BE5FEF10FEA, 1, (t:0, i:0))
2022-08-24 08:26:23,986 [grpc-default-executor-1] INFO  impl.VoteContext (VoteContext.java:log(48)) - ca19929d-3998-403b-8228-cd97e90f4483@group-9BE5FEF10FEA-FOLLOWER: reject ELECTION from 6f59db56-2f90-4028-8d65-c4b769c679ae: our priority 1 > candidate's priority 0
2022-08-24 08:26:23,987 [grpc-default-executor-1] INFO  server.RaftServer$Division (RaftServerImpl.java:setRole(299)) - ca19929d-3998-403b-8228-cd97e90f4483@group-9BE5FEF10FEA: changes role from  FOLLOWER to FOLLOWER at term 1 for candidate:6f59db56-2f90-4028-8d65-c4b769c679ae
2022-08-24 08:26:23,987 [grpc-default-executor-1] INFO  impl.RoleInfo (RoleInfo.java:shutdownFollowerState(110)) - ca19929d-3998-403b-8228-cd97e90f4483: shutdown ca19929d-3998-403b-8228-cd97e90f4483@group-9BE5FEF10FEA-FollowerState
2022-08-24 08:26:23,987 [grpc-default-executor-1] INFO  impl.RoleInfo (RoleInfo.java:updateAndGet(139)) - ca19929d-3998-403b-8228-cd97e90f4483: start ca19929d-3998-403b-8228-cd97e90f4483@group-9BE5FEF10FEA-FollowerState
2022-08-24 08:26:23,987 [ca19929d-3998-403b-8228-cd97e90f4483@group-9BE5FEF10FEA-FollowerState] INFO  impl.FollowerState (FollowerState.java:run(152)) - ca19929d-3998-403b-8228-cd97e90f4483@group-9BE5FEF10FEA-FollowerState was interrupted
2022-08-24 08:26:23,990 [grpc-default-executor-0] INFO  server.RaftServer$Division (RaftServerImpl.java:requestVote(1184)) - ebf2e152-759f-4d7c-8d06-3719d22af88c@group-9BE5FEF10FEA replies to ELECTION vote request: 6f59db56-2f90-4028-8d65-c4b769c679ae<-ebf2e152-759f-4d7c-8d06-3719d22af88c#0:OK-t1. Peer's state: ebf2e152-759f-4d7c-8d06-3719d22af88c@group-9BE5FEF10FEA:t1, leader=null, voted=6f59db56-2f90-4028-8d65-c4b769c679ae, raftlog=ebf2e152-759f-4d7c-8d06-3719d22af88c@group-9BE5FEF10FEA-SegmentedRaftLog:OPENED:c-1, conf=-1: [ca19929d-3998-403b-8228-cd97e90f4483|rpc:10.1.0.105:38183|priority:1, 6f59db56-2f90-4028-8d65-c4b769c679ae|rpc:10.1.0.105:39133|priority:0, ebf2e152-759f-4d7c-8d06-3719d22af88c|rpc:10.1.0.105:42289|priority:0], old=null
2022-08-24 08:26:23,995 [grpc-default-executor-1] INFO  server.RaftServer$Division (RaftServerImpl.java:requestVote(1184)) - ca19929d-3998-403b-8228-cd97e90f4483@group-9BE5FEF10FEA replies to ELECTION vote request: 6f59db56-2f90-4028-8d65-c4b769c679ae<-ca19929d-3998-403b-8228-cd97e90f4483#0:FAIL-t1. Peer's state: ca19929d-3998-403b-8228-cd97e90f4483@group-9BE5FEF10FEA:t1, leader=null, voted=null, raftlog=ca19929d-3998-403b-8228-cd97e90f4483@group-9BE5FEF10FEA-SegmentedRaftLog:OPENED:c-1, conf=-1: [ca19929d-3998-403b-8228-cd97e90f4483|rpc:10.1.0.105:38183|dataStream:|priority:1, 6f59db56-2f90-4028-8d65-c4b769c679ae|rpc:10.1.0.105:39133|dataStream:|priority:0, ebf2e152-759f-4d7c-8d06-3719d22af88c|rpc:10.1.0.105:42289|dataStream:|priority:0], old=null
2022-08-24 08:26:23,998 [6f59db56-2f90-4028-8d65-c4b769c679ae@group-9BE5FEF10FEA-LeaderElection3] INFO  impl.LeaderElection (LeaderElection.java:logAndReturn(90)) - 6f59db56-2f90-4028-8d65-c4b769c679ae@group-9BE5FEF10FEA-LeaderElection3: ELECTION REJECTED received 1 response(s) and 0 exception(s):
2022-08-24 08:26:23,998 [6f59db56-2f90-4028-8d65-c4b769c679ae@group-9BE5FEF10FEA-LeaderElection3] INFO  impl.LeaderElection (LeaderElection.java:logAndReturn(94)) -   Response 0: 6f59db56-2f90-4028-8d65-c4b769c679ae<-ca19929d-3998-403b-8228-cd97e90f4483#0:FAIL-t1
2022-08-24 08:26:23,998 [6f59db56-2f90-4028-8d65-c4b769c679ae@group-9BE5FEF10FEA-LeaderElection3] INFO  impl.LeaderElection (LeaderElection.java:askForVotes(312)) - 6f59db56-2f90-4028-8d65-c4b769c679ae@group-9BE5FEF10FEA-LeaderElection3 ELECTION round 0: result REJECTED
2022-08-24 08:26:23,998 [6f59db56-2f90-4028-8d65-c4b769c679ae@group-9BE5FEF10FEA-LeaderElection3] INFO  server.RaftServer$Division (RaftServerImpl.java:setRole(299)) - 6f59db56-2f90-4028-8d65-c4b769c679ae@group-9BE5FEF10FEA: changes role from CANDIDATE to FOLLOWER at term 1 for REJECTED
2022-08-24 08:26:23,998 [6f59db56-2f90-4028-8d65-c4b769c679ae@group-9BE5FEF10FEA-LeaderElection3] INFO  impl.RoleInfo (RoleInfo.java:shutdownLeaderElection(130)) - 6f59db56-2f90-4028-8d65-c4b769c679ae: shutdown 6f59db56-2f90-4028-8d65-c4b769c679ae@group-9BE5FEF10FEA-LeaderElection3
2022-08-24 08:26:23,998 [6f59db56-2f90-4028-8d65-c4b769c679ae@group-9BE5FEF10FEA-LeaderElection3] INFO  impl.RoleInfo (RoleInfo.java:updateAndGet(139)) - 6f59db56-2f90-4028-8d65-c4b769c679ae: start 6f59db56-2f90-4028-8d65-c4b769c679ae@group-9BE5FEF10FEA-FollowerState
2022-08-24 08:26:24,112 [EventQueue-OpenPipelineForHealthyPipelineSafeModeRule] INFO  safemode.SCMSafeModeManager (HealthyPipelineSafeModeRule.java:process(137)) - SCM in safe mode. Healthy pipelines reported count is 0, required healthy pipeline reported count is 1
2022-08-24 08:26:24,167 [ReplicationMonitor] INFO  replication.ReplicationManager (ReplicationManager.java:processAll(255)) - Replication Manager is not ready to run until 3000ms after safemode exit
2022-08-24 08:26:24,215 [ebf2e152-759f-4d7c-8d06-3719d22af88c@group-B1CFB5FB3E88-FollowerState] INFO  impl.FollowerState (FollowerState.java:run(143)) - ebf2e152-759f-4d7c-8d06-3719d22af88c@group-B1CFB5FB3E88-FollowerState: change to CANDIDATE, lastRpcElapsedTime:5049895333ns, electionTimeout:5035ms
2022-08-24 08:26:24,215 [ebf2e152-759f-4d7c-8d06-3719d22af88c@group-B1CFB5FB3E88-FollowerState] INFO  impl.RoleInfo (RoleInfo.java:shutdownFollowerState(110)) - ebf2e152-759f-4d7c-8d06-3719d22af88c: shutdown ebf2e152-759f-4d7c-8d06-3719d22af88c@group-B1CFB5FB3E88-FollowerState
2022-08-24 08:26:24,215 [ebf2e152-759f-4d7c-8d06-3719d22af88c@group-B1CFB5FB3E88-FollowerState] INFO  server.RaftServer$Division (RaftServerImpl.java:setRole(299)) - ebf2e152-759f-4d7c-8d06-3719d22af88c@group-B1CFB5FB3E88: changes role from  FOLLOWER to CANDIDATE at term 0 for changeToCandidate
2022-08-24 08:26:24,215 [ebf2e152-759f-4d7c-8d06-3719d22af88c@group-B1CFB5FB3E88-FollowerState] INFO  server.RaftServerConfigKeys (ConfUtils.java:logGet(46)) - raft.server.leaderelection.pre-vote = false (custom)
2022-08-24 08:26:24,215 [ebf2e152-759f-4d7c-8d06-3719d22af88c@group-B1CFB5FB3E88-FollowerState] INFO  impl.RoleInfo (RoleInfo.java:updateAndGet(139)) - ebf2e152-759f-4d7c-8d06-3719d22af88c: start ebf2e152-759f-4d7c-8d06-3719d22af88c@group-B1CFB5FB3E88-LeaderElection4
2022-08-24 08:26:24,217 [ebf2e152-759f-4d7c-8d06-3719d22af88c@group-B1CFB5FB3E88-LeaderElection4] INFO  impl.LeaderElection (LeaderElection.java:askForVotes(310)) - ebf2e152-759f-4d7c-8d06-3719d22af88c@group-B1CFB5FB3E88-LeaderElection4 ELECTION round 0: submit vote requests at term 1 for -1: [ebf2e152-759f-4d7c-8d06-3719d22af88c|rpc:10.1.0.105:42289|priority:1], old=null
2022-08-24 08:26:24,217 [ebf2e152-759f-4d7c-8d06-3719d22af88c@group-B1CFB5FB3E88-LeaderElection4] INFO  impl.LeaderElection (LeaderElection.java:askForVotes(312)) - ebf2e152-759f-4d7c-8d06-3719d22af88c@group-B1CFB5FB3E88-LeaderElection4 ELECTION round 0: result PASSED (term=1)
2022-08-24 08:26:24,217 [ebf2e152-759f-4d7c-8d06-3719d22af88c@group-B1CFB5FB3E88-LeaderElection4] INFO  impl.RoleInfo (RoleInfo.java:shutdownLeaderElection(130)) - ebf2e152-759f-4d7c-8d06-3719d22af88c: shutdown ebf2e152-759f-4d7c-8d06-3719d22af88c@group-B1CFB5FB3E88-LeaderElection4
2022-08-24 08:26:24,217 [ebf2e152-759f-4d7c-8d06-3719d22af88c@group-B1CFB5FB3E88-LeaderElection4] INFO  server.RaftServer$Division (RaftServerImpl.java:setRole(299)) - ebf2e152-759f-4d7c-8d06-3719d22af88c@group-B1CFB5FB3E88: changes role from CANDIDATE to LEADER at term 1 for changeToLeader
2022-08-24 08:26:24,217 [ebf2e152-759f-4d7c-8d06-3719d22af88c@group-B1CFB5FB3E88-LeaderElection4] INFO  ratis.XceiverServerRatis (XceiverServerRatis.java:handleLeaderChangedNotification(863)) - Leader change notification received for group: group-B1CFB5FB3E88 with new leaderId: ebf2e152-759f-4d7c-8d06-3719d22af88c
2022-08-24 08:26:24,217 [ebf2e152-759f-4d7c-8d06-3719d22af88c@group-B1CFB5FB3E88-LeaderElection4] INFO  server.RaftServer$Division (ServerState.java:setLeader(287)) - ebf2e152-759f-4d7c-8d06-3719d22af88c@group-B1CFB5FB3E88: change Leader from null to ebf2e152-759f-4d7c-8d06-3719d22af88c at term 1 for becomeLeader, leader elected after 5064ms
2022-08-24 08:26:24,217 [ebf2e152-759f-4d7c-8d06-3719d22af88c@group-B1CFB5FB3E88-LeaderElection4] INFO  server.RaftServerConfigKeys (ConfUtils.java:logGet(46)) - raft.server.staging.catchup.gap = 1000 (default)
2022-08-24 08:26:24,219 [EventQueue-OpenPipelineForHealthyPipelineSafeModeRule] INFO  safemode.SCMSafeModeManager (HealthyPipelineSafeModeRule.java:process(137)) - SCM in safe mode. Healthy pipelines reported count is 0, required healthy pipeline reported count is 1
2022-08-24 08:26:24,219 [ebf2e152-759f-4d7c-8d06-3719d22af88c@group-B1CFB5FB3E88-LeaderElection4] INFO  server.RaftServerConfigKeys (ConfUtils.java:logGet(46)) - raft.server.write.element-limit = 1024 (custom)
2022-08-24 08:26:24,219 [ebf2e152-759f-4d7c-8d06-3719d22af88c@group-B1CFB5FB3E88-LeaderElection4] INFO  server.RaftServerConfigKeys (ConfUtils.java:logGet(46)) - raft.server.write.byte-limit = 1024 M (=1073741824) (custom)
2022-08-24 08:26:24,219 [ebf2e152-759f-4d7c-8d06-3719d22af88c@group-B1CFB5FB3E88-LeaderElection4] INFO  server.RaftServerConfigKeys (ConfUtils.java:logGet(46)) - raft.server.watch.timeout = 180s (custom)
2022-08-24 08:26:24,219 [ebf2e152-759f-4d7c-8d06-3719d22af88c@group-B1CFB5FB3E88-LeaderElection4] INFO  server.RaftServerConfigKeys (ConfUtils.java:logGet(46)) - raft.server.watch.timeout.denomination = 1s (default)
2022-08-24 08:26:24,219 [ebf2e152-759f-4d7c-8d06-3719d22af88c@group-B1CFB5FB3E88-LeaderElection4] INFO  server.RaftServerConfigKeys (ConfUtils.java:logGet(46)) - raft.server.watch.element-limit = 65536 (default)
2022-08-24 08:26:24,219 [ebf2e152-759f-4d7c-8d06-3719d22af88c@group-B1CFB5FB3E88-LeaderElection4] INFO  server.RaftServerConfigKeys (ConfUtils.java:logGet(46)) - raft.server.write.element-limit = 1024 (custom)
2022-08-24 08:26:24,219 [ebf2e152-759f-4d7c-8d06-3719d22af88c@group-B1CFB5FB3E88-LeaderElection4] INFO  server.RaftServerConfigKeys (ConfUtils.java:logGet(46)) - raft.server.write.follower.gap.ratio.max = -1.0 (default)
2022-08-24 08:26:24,219 [ebf2e152-759f-4d7c-8d06-3719d22af88c@group-B1CFB5FB3E88-LeaderElection4] INFO  impl.RoleInfo (RoleInfo.java:updateAndGet(139)) - ebf2e152-759f-4d7c-8d06-3719d22af88c: start ebf2e152-759f-4d7c-8d06-3719d22af88c@group-B1CFB5FB3E88-LeaderStateImpl
2022-08-24 08:26:24,220 [ebf2e152-759f-4d7c-8d06-3719d22af88c@group-B1CFB5FB3E88-LeaderElection4] INFO  segmented.SegmentedRaftLogWorker (SegmentedRaftLogWorker.java:startLogSegment(425)) - ebf2e152-759f-4d7c-8d06-3719d22af88c@group-B1CFB5FB3E88-SegmentedRaftLogWorker: Starting segment from index:0
2022-08-24 08:26:24,221 [ebf2e152-759f-4d7c-8d06-3719d22af88c@group-B1CFB5FB3E88-SegmentedRaftLogWorker] INFO  segmented.SegmentedRaftLogWorker (SegmentedRaftLogWorker.java:execute(629)) - ebf2e152-759f-4d7c-8d06-3719d22af88c@group-B1CFB5FB3E88-SegmentedRaftLogWorker: created new log segment /home/runner/work/ozone/ozone/hadoop-ozone/integration-test/target/test-dir/MiniOzoneClusterImpl-1336b647-fddb-4972-9c96-ba48238d1115/datanode-1/data/ratis/96799419-fab1-4728-9268-b1cfb5fb3e88/current/log_inprogress_0
2022-08-24 08:26:24,221 [ebf2e152-759f-4d7c-8d06-3719d22af88c@group-B1CFB5FB3E88-LeaderElection4] INFO  server.RaftServer$Division (ServerState.java:setRaftConf(393)) - ebf2e152-759f-4d7c-8d06-3719d22af88c@group-B1CFB5FB3E88: set configuration 0: [ebf2e152-759f-4d7c-8d06-3719d22af88c|rpc:10.1.0.105:42289|dataStream:|priority:1], old=null
2022-08-24 08:26:24,391 [Listener at 127.0.0.1/40737] INFO  ozone.MiniOzoneClusterImpl (MiniOzoneClusterImpl.java:lambda$waitForClusterToBeReady$0(216)) - Nodes are ready. Got 6 of 6 DN Heartbeats.
2022-08-24 08:26:24,391 [Listener at 127.0.0.1/40737] INFO  ozone.MiniOzoneClusterImpl (MiniOzoneClusterImpl.java:lambda$waitForClusterToBeReady$0(219)) - Waiting for cluster to exit safe mode
2022-08-24 08:26:24,392 [Listener at 127.0.0.1/40737] INFO  ozone.MiniOzoneClusterImpl (MiniOzoneClusterImpl.java:lambda$waitForClusterToBeReady$0(221)) - SCM became leader
2022-08-24 08:26:24,403 [EventQueue-OpenPipelineForHealthyPipelineSafeModeRule] INFO  safemode.SCMSafeModeManager (HealthyPipelineSafeModeRule.java:process(137)) - SCM in safe mode. Healthy pipelines reported count is 0, required healthy pipeline reported count is 1
2022-08-24 08:26:24,588 [ca19929d-3998-403b-8228-cd97e90f4483@group-43B9F3968498-FollowerState] INFO  impl.FollowerState (FollowerState.java:run(143)) - ca19929d-3998-403b-8228-cd97e90f4483@group-43B9F3968498-FollowerState: change to CANDIDATE, lastRpcElapsedTime:5072840836ns, electionTimeout:5072ms
2022-08-24 08:26:24,589 [ca19929d-3998-403b-8228-cd97e90f4483@group-43B9F3968498-FollowerState] INFO  impl.RoleInfo (RoleInfo.java:shutdownFollowerState(110)) - ca19929d-3998-403b-8228-cd97e90f4483: shutdown ca19929d-3998-403b-8228-cd97e90f4483@group-43B9F3968498-FollowerState
2022-08-24 08:26:24,589 [ca19929d-3998-403b-8228-cd97e90f4483@group-43B9F3968498-FollowerState] INFO  server.RaftServer$Division (RaftServerImpl.java:setRole(299)) - ca19929d-3998-403b-8228-cd97e90f4483@group-43B9F3968498: changes role from  FOLLOWER to CANDIDATE at term 0 for changeToCandidate
2022-08-24 08:26:24,589 [ca19929d-3998-403b-8228-cd97e90f4483@group-43B9F3968498-FollowerState] INFO  server.RaftServerConfigKeys (ConfUtils.java:logGet(46)) - raft.server.leaderelection.pre-vote = false (custom)
2022-08-24 08:26:24,589 [ca19929d-3998-403b-8228-cd97e90f4483@group-43B9F3968498-FollowerState] INFO  impl.RoleInfo (RoleInfo.java:updateAndGet(139)) - ca19929d-3998-403b-8228-cd97e90f4483: start ca19929d-3998-403b-8228-cd97e90f4483@group-43B9F3968498-LeaderElection5
2022-08-24 08:26:24,591 [ca19929d-3998-403b-8228-cd97e90f4483@group-43B9F3968498-LeaderElection5] INFO  impl.LeaderElection (LeaderElection.java:askForVotes(310)) - ca19929d-3998-403b-8228-cd97e90f4483@group-43B9F3968498-LeaderElection5 ELECTION round 0: submit vote requests at term 1 for -1: [ca19929d-3998-403b-8228-cd97e90f4483|rpc:10.1.0.105:38183|priority:1], old=null
2022-08-24 08:26:24,591 [ca19929d-3998-403b-8228-cd97e90f4483@group-43B9F3968498-LeaderElection5] INFO  impl.LeaderElection (LeaderElection.java:askForVotes(312)) - ca19929d-3998-403b-8228-cd97e90f4483@group-43B9F3968498-LeaderElection5 ELECTION round 0: result PASSED (term=1)
2022-08-24 08:26:24,591 [ca19929d-3998-403b-8228-cd97e90f4483@group-43B9F3968498-LeaderElection5] INFO  impl.RoleInfo (RoleInfo.java:shutdownLeaderElection(130)) - ca19929d-3998-403b-8228-cd97e90f4483: shutdown ca19929d-3998-403b-8228-cd97e90f4483@group-43B9F3968498-LeaderElection5
2022-08-24 08:26:24,591 [ca19929d-3998-403b-8228-cd97e90f4483@group-43B9F3968498-LeaderElection5] INFO  server.RaftServer$Division (RaftServerImpl.java:setRole(299)) - ca19929d-3998-403b-8228-cd97e90f4483@group-43B9F3968498: changes role from CANDIDATE to LEADER at term 1 for changeToLeader
2022-08-24 08:26:24,591 [ca19929d-3998-403b-8228-cd97e90f4483@group-43B9F3968498-LeaderElection5] INFO  ratis.XceiverServerRatis (XceiverServerRatis.java:handleLeaderChangedNotification(863)) - Leader change notification received for group: group-43B9F3968498 with new leaderId: ca19929d-3998-403b-8228-cd97e90f4483
2022-08-24 08:26:24,591 [ca19929d-3998-403b-8228-cd97e90f4483@group-43B9F3968498-LeaderElection5] INFO  server.RaftServer$Division (ServerState.java:setLeader(287)) - ca19929d-3998-403b-8228-cd97e90f4483@group-43B9F3968498: change Leader from null to ca19929d-3998-403b-8228-cd97e90f4483 at term 1 for becomeLeader, leader elected after 5082ms
2022-08-24 08:26:24,591 [ca19929d-3998-403b-8228-cd97e90f4483@group-43B9F3968498-LeaderElection5] INFO  server.RaftServerConfigKeys (ConfUtils.java:logGet(46)) - raft.server.staging.catchup.gap = 1000 (default)
2022-08-24 08:26:24,592 [ca19929d-3998-403b-8228-cd97e90f4483@group-43B9F3968498-LeaderElection5] INFO  server.RaftServerConfigKeys (ConfUtils.java:logGet(46)) - raft.server.write.element-limit = 1024 (custom)
2022-08-24 08:26:24,592 [ca19929d-3998-403b-8228-cd97e90f4483@group-43B9F3968498-LeaderElection5] INFO  server.RaftServerConfigKeys (ConfUtils.java:logGet(46)) - raft.server.write.byte-limit = 1024 M (=1073741824) (custom)
2022-08-24 08:26:24,592 [ca19929d-3998-403b-8228-cd97e90f4483@group-43B9F3968498-LeaderElection5] INFO  server.RaftServerConfigKeys (ConfUtils.java:logGet(46)) - raft.server.watch.timeout = 180s (custom)
2022-08-24 08:26:24,592 [ca19929d-3998-403b-8228-cd97e90f4483@group-43B9F3968498-LeaderElection5] INFO  server.RaftServerConfigKeys (ConfUtils.java:logGet(46)) - raft.server.watch.timeout.denomination = 1s (default)
2022-08-24 08:26:24,592 [ca19929d-3998-403b-8228-cd97e90f4483@group-43B9F3968498-LeaderElection5] INFO  server.RaftServerConfigKeys (ConfUtils.java:logGet(46)) - raft.server.watch.element-limit = 65536 (default)
2022-08-24 08:26:24,592 [ca19929d-3998-403b-8228-cd97e90f4483@group-43B9F3968498-LeaderElection5] INFO  server.RaftServerConfigKeys (ConfUtils.java:logGet(46)) - raft.server.write.element-limit = 1024 (custom)
2022-08-24 08:26:24,592 [ca19929d-3998-403b-8228-cd97e90f4483@group-43B9F3968498-LeaderElection5] INFO  server.RaftServerConfigKeys (ConfUtils.java:logGet(46)) - raft.server.write.follower.gap.ratio.max = -1.0 (default)
2022-08-24 08:26:24,592 [ca19929d-3998-403b-8228-cd97e90f4483@group-43B9F3968498-LeaderElection5] INFO  impl.RoleInfo (RoleInfo.java:updateAndGet(139)) - ca19929d-3998-403b-8228-cd97e90f4483: start ca19929d-3998-403b-8228-cd97e90f4483@group-43B9F3968498-LeaderStateImpl
2022-08-24 08:26:24,593 [EventQueue-OpenPipelineForHealthyPipelineSafeModeRule] INFO  safemode.SCMSafeModeManager (HealthyPipelineSafeModeRule.java:process(137)) - SCM in safe mode. Healthy pipelines reported count is 0, required healthy pipeline reported count is 1
2022-08-24 08:26:24,593 [ca19929d-3998-403b-8228-cd97e90f4483@group-43B9F3968498-LeaderElection5] INFO  segmented.SegmentedRaftLogWorker (SegmentedRaftLogWorker.java:startLogSegment(425)) - ca19929d-3998-403b-8228-cd97e90f4483@group-43B9F3968498-SegmentedRaftLogWorker: Starting segment from index:0
2022-08-24 08:26:24,595 [ca19929d-3998-403b-8228-cd97e90f4483@group-43B9F3968498-LeaderElection5] INFO  server.RaftServer$Division (ServerState.java:setRaftConf(393)) - ca19929d-3998-403b-8228-cd97e90f4483@group-43B9F3968498: set configuration 0: [ca19929d-3998-403b-8228-cd97e90f4483|rpc:10.1.0.105:38183|dataStream:|priority:1], old=null
2022-08-24 08:26:24,595 [ca19929d-3998-403b-8228-cd97e90f4483@group-43B9F3968498-SegmentedRaftLogWorker] INFO  segmented.SegmentedRaftLogWorker (SegmentedRaftLogWorker.java:execute(629)) - ca19929d-3998-403b-8228-cd97e90f4483@group-43B9F3968498-SegmentedRaftLogWorker: created new log segment /home/runner/work/ozone/ozone/hadoop-ozone/integration-test/target/test-dir/MiniOzoneClusterImpl-1336b647-fddb-4972-9c96-ba48238d1115/datanode-2/data/ratis/b89460e0-18b1-4f76-b6f4-43b9f3968498/current/log_inprogress_0
2022-08-24 08:26:24,734 [EventQueue-OpenPipelineForHealthyPipelineSafeModeRule] INFO  safemode.SCMSafeModeManager (HealthyPipelineSafeModeRule.java:process(137)) - SCM in safe mode. Healthy pipelines reported count is 0, required healthy pipeline reported count is 1
2022-08-24 08:26:24,878 [9ebd5d49-d832-4a04-8d1f-29e9cf21918f@group-FF7A1816AE2D-FollowerState] INFO  impl.FollowerState (FollowerState.java:run(143)) - 9ebd5d49-d832-4a04-8d1f-29e9cf21918f@group-FF7A1816AE2D-FollowerState: change to CANDIDATE, lastRpcElapsedTime:5039730673ns, electionTimeout:5039ms
2022-08-24 08:26:24,878 [9ebd5d49-d832-4a04-8d1f-29e9cf21918f@group-FF7A1816AE2D-FollowerState] INFO  impl.RoleInfo (RoleInfo.java:shutdownFollowerState(110)) - 9ebd5d49-d832-4a04-8d1f-29e9cf21918f: shutdown 9ebd5d49-d832-4a04-8d1f-29e9cf21918f@group-FF7A1816AE2D-FollowerState
2022-08-24 08:26:24,878 [9ebd5d49-d832-4a04-8d1f-29e9cf21918f@group-FF7A1816AE2D-FollowerState] INFO  server.RaftServer$Division (RaftServerImpl.java:setRole(299)) - 9ebd5d49-d832-4a04-8d1f-29e9cf21918f@group-FF7A1816AE2D: changes role from  FOLLOWER to CANDIDATE at term 0 for changeToCandidate
2022-08-24 08:26:24,878 [9ebd5d49-d832-4a04-8d1f-29e9cf21918f@group-FF7A1816AE2D-FollowerState] INFO  server.RaftServerConfigKeys (ConfUtils.java:logGet(46)) - raft.server.leaderelection.pre-vote = false (custom)
2022-08-24 08:26:24,878 [9ebd5d49-d832-4a04-8d1f-29e9cf21918f@group-FF7A1816AE2D-FollowerState] INFO  impl.RoleInfo (RoleInfo.java:updateAndGet(139)) - 9ebd5d49-d832-4a04-8d1f-29e9cf21918f: start 9ebd5d49-d832-4a04-8d1f-29e9cf21918f@group-FF7A1816AE2D-LeaderElection6
2022-08-24 08:26:24,880 [9ebd5d49-d832-4a04-8d1f-29e9cf21918f@group-FF7A1816AE2D-LeaderElection6] INFO  impl.LeaderElection (LeaderElection.java:askForVotes(310)) - 9ebd5d49-d832-4a04-8d1f-29e9cf21918f@group-FF7A1816AE2D-LeaderElection6 ELECTION round 0: submit vote requests at term 1 for -1: [440b8e2f-1f04-4f01-a821-43dde6dd996e|rpc:10.1.0.105:43463|priority:0, 7f7d2c84-d408-4e5a-9ef4-f1a050e9b97b|rpc:10.1.0.105:42375|priority:0, 9ebd5d49-d832-4a04-8d1f-29e9cf21918f|rpc:10.1.0.105:38067|priority:1], old=null
2022-08-24 08:26:24,895 [grpc-default-executor-0] INFO  server.RaftServer$Division (RaftServerImpl.java:requestVote(1152)) - 7f7d2c84-d408-4e5a-9ef4-f1a050e9b97b@group-FF7A1816AE2D: receive requestVote(ELECTION, 9ebd5d49-d832-4a04-8d1f-29e9cf21918f, group-FF7A1816AE2D, 1, (t:0, i:0))
2022-08-24 08:26:24,895 [grpc-default-executor-0] INFO  impl.VoteContext (VoteContext.java:log(48)) - 7f7d2c84-d408-4e5a-9ef4-f1a050e9b97b@group-FF7A1816AE2D-FOLLOWER: accept ELECTION from 9ebd5d49-d832-4a04-8d1f-29e9cf21918f: our priority 0 <= candidate's priority 1
2022-08-24 08:26:24,895 [grpc-default-executor-0] INFO  server.RaftServer$Division (RaftServerImpl.java:setRole(299)) - 7f7d2c84-d408-4e5a-9ef4-f1a050e9b97b@group-FF7A1816AE2D: changes role from  FOLLOWER to FOLLOWER at term 1 for candidate:9ebd5d49-d832-4a04-8d1f-29e9cf21918f
2022-08-24 08:26:24,895 [grpc-default-executor-0] INFO  impl.RoleInfo (RoleInfo.java:shutdownFollowerState(110)) - 7f7d2c84-d408-4e5a-9ef4-f1a050e9b97b: shutdown 7f7d2c84-d408-4e5a-9ef4-f1a050e9b97b@group-FF7A1816AE2D-FollowerState
2022-08-24 08:26:24,895 [grpc-default-executor-0] INFO  impl.RoleInfo (RoleInfo.java:updateAndGet(139)) - 7f7d2c84-d408-4e5a-9ef4-f1a050e9b97b: start 7f7d2c84-d408-4e5a-9ef4-f1a050e9b97b@group-FF7A1816AE2D-FollowerState
2022-08-24 08:26:24,895 [7f7d2c84-d408-4e5a-9ef4-f1a050e9b97b@group-FF7A1816AE2D-FollowerState] INFO  impl.FollowerState (FollowerState.java:run(152)) - 7f7d2c84-d408-4e5a-9ef4-f1a050e9b97b@group-FF7A1816AE2D-FollowerState was interrupted
2022-08-24 08:26:24,897 [grpc-default-executor-0] INFO  server.RaftServer$Division (RaftServerImpl.java:requestVote(1184)) - 7f7d2c84-d408-4e5a-9ef4-f1a050e9b97b@group-FF7A1816AE2D replies to ELECTION vote request: 9ebd5d49-d832-4a04-8d1f-29e9cf21918f<-7f7d2c84-d408-4e5a-9ef4-f1a050e9b97b#0:OK-t1. Peer's state: 7f7d2c84-d408-4e5a-9ef4-f1a050e9b97b@group-FF7A1816AE2D:t1, leader=null, voted=9ebd5d49-d832-4a04-8d1f-29e9cf21918f, raftlog=7f7d2c84-d408-4e5a-9ef4-f1a050e9b97b@group-FF7A1816AE2D-SegmentedRaftLog:OPENED:c-1, conf=-1: [440b8e2f-1f04-4f01-a821-43dde6dd996e|rpc:10.1.0.105:43463|dataStream:|priority:0, 7f7d2c84-d408-4e5a-9ef4-f1a050e9b97b|rpc:10.1.0.105:42375|dataStream:|priority:0, 9ebd5d49-d832-4a04-8d1f-29e9cf21918f|rpc:10.1.0.105:38067|dataStream:|priority:1], old=null
2022-08-24 08:26:24,905 [9ebd5d49-d832-4a04-8d1f-29e9cf21918f@group-FF7A1816AE2D-LeaderElection6] INFO  impl.LeaderElection (LeaderElection.java:logAndReturn(90)) - 9ebd5d49-d832-4a04-8d1f-29e9cf21918f@group-FF7A1816AE2D-LeaderElection6: ELECTION PASSED received 1 response(s) and 0 exception(s):
2022-08-24 08:26:24,905 [9ebd5d49-d832-4a04-8d1f-29e9cf21918f@group-FF7A1816AE2D-LeaderElection6] INFO  impl.LeaderElection (LeaderElection.java:logAndReturn(94)) -   Response 0: 9ebd5d49-d832-4a04-8d1f-29e9cf21918f<-7f7d2c84-d408-4e5a-9ef4-f1a050e9b97b#0:OK-t1
2022-08-24 08:26:24,905 [9ebd5d49-d832-4a04-8d1f-29e9cf21918f@group-FF7A1816AE2D-LeaderElection6] INFO  impl.LeaderElection (LeaderElection.java:askForVotes(312)) - 9ebd5d49-d832-4a04-8d1f-29e9cf21918f@group-FF7A1816AE2D-LeaderElection6 ELECTION round 0: result PASSED
2022-08-24 08:26:24,905 [9ebd5d49-d832-4a04-8d1f-29e9cf21918f@group-FF7A1816AE2D-LeaderElection6] INFO  impl.RoleInfo (RoleInfo.java:shutdownLeaderElection(130)) - 9ebd5d49-d832-4a04-8d1f-29e9cf21918f: shutdown 9ebd5d49-d832-4a04-8d1f-29e9cf21918f@group-FF7A1816AE2D-LeaderElection6
2022-08-24 08:26:24,905 [9ebd5d49-d832-4a04-8d1f-29e9cf21918f@group-FF7A1816AE2D-LeaderElection6] INFO  server.RaftServer$Division (RaftServerImpl.java:setRole(299)) - 9ebd5d49-d832-4a04-8d1f-29e9cf21918f@group-FF7A1816AE2D: changes role from CANDIDATE to LEADER at term 1 for changeToLeader
2022-08-24 08:26:24,905 [9ebd5d49-d832-4a04-8d1f-29e9cf21918f@group-FF7A1816AE2D-LeaderElection6] INFO  ratis.XceiverServerRatis (XceiverServerRatis.java:handleLeaderChangedNotification(863)) - Leader change notification received for group: group-FF7A1816AE2D with new leaderId: 9ebd5d49-d832-4a04-8d1f-29e9cf21918f
2022-08-24 08:26:24,905 [9ebd5d49-d832-4a04-8d1f-29e9cf21918f@group-FF7A1816AE2D-LeaderElection6] INFO  server.RaftServer$Division (ServerState.java:setLeader(287)) - 9ebd5d49-d832-4a04-8d1f-29e9cf21918f@group-FF7A1816AE2D: change Leader from null to 9ebd5d49-d832-4a04-8d1f-29e9cf21918f at term 1 for becomeLeader, leader elected after 5079ms
2022-08-24 08:26:24,905 [9ebd5d49-d832-4a04-8d1f-29e9cf21918f@group-FF7A1816AE2D-LeaderElection6] INFO  server.RaftServerConfigKeys (ConfUtils.java:logGet(46)) - raft.server.staging.catchup.gap = 1000 (default)
2022-08-24 08:26:24,906 [9ebd5d49-d832-4a04-8d1f-29e9cf21918f@group-FF7A1816AE2D-LeaderElection6] INFO  server.RaftServerConfigKeys (ConfUtils.java:logGet(46)) - raft.server.write.element-limit = 1024 (custom)
2022-08-24 08:26:24,906 [9ebd5d49-d832-4a04-8d1f-29e9cf21918f@group-FF7A1816AE2D-LeaderElection6] INFO  server.RaftServerConfigKeys (ConfUtils.java:logGet(46)) - raft.server.write.byte-limit = 1024 M (=1073741824) (custom)
2022-08-24 08:26:24,906 [9ebd5d49-d832-4a04-8d1f-29e9cf21918f@group-FF7A1816AE2D-LeaderElection6] INFO  server.RaftServerConfigKeys (ConfUtils.java:logGet(46)) - raft.server.watch.timeout = 180s (custom)
2022-08-24 08:26:24,906 [9ebd5d49-d832-4a04-8d1f-29e9cf21918f@group-FF7A1816AE2D-LeaderElection6] INFO  server.RaftServerConfigKeys (ConfUtils.java:logGet(46)) - raft.server.watch.timeout.denomination = 1s (default)
2022-08-24 08:26:24,906 [9ebd5d49-d832-4a04-8d1f-29e9cf21918f@group-FF7A1816AE2D-LeaderElection6] INFO  server.RaftServerConfigKeys (ConfUtils.java:logGet(46)) - raft.server.watch.element-limit = 65536 (default)
2022-08-24 08:26:24,906 [9ebd5d49-d832-4a04-8d1f-29e9cf21918f@group-FF7A1816AE2D-LeaderElection6] INFO  server.RaftServerConfigKeys (ConfUtils.java:logGet(46)) - raft.server.write.element-limit = 1024 (custom)
2022-08-24 08:26:24,906 [9ebd5d49-d832-4a04-8d1f-29e9cf21918f@group-FF7A1816AE2D-LeaderElection6] INFO  server.RaftServerConfigKeys (ConfUtils.java:logGet(46)) - raft.server.write.follower.gap.ratio.max = -1.0 (default)
2022-08-24 08:26:24,908 [EventQueue-PipelineReportForPipelineReportHandler] INFO  pipeline.PipelineManagerImpl (PipelineManagerImpl.java:openPipeline(367)) - Pipeline Pipeline[ Id: 22478b68-2caf-44d5-813e-ff7a1816ae2d, Nodes: 440b8e2f-1f04-4f01-a821-43dde6dd996e{ip: 10.1.0.105, host: fv-az96-669.m4cgkdvplvgupd014rd20bgx3d.gx.internal.cloudapp.net, ports: [REPLICATION=33745, RATIS=43463, RATIS_ADMIN=43463, RATIS_SERVER=43463, STANDALONE=38569], networkLocation: /default-rack, certSerialId: null, persistedOpState: IN_SERVICE, persistedOpStateExpiryEpochSec: 0}7f7d2c84-d408-4e5a-9ef4-f1a050e9b97b{ip: 10.1.0.105, host: fv-az96-669.m4cgkdvplvgupd014rd20bgx3d.gx.internal.cloudapp.net, ports: [REPLICATION=38073, RATIS=42375, RATIS_ADMIN=42375, RATIS_SERVER=42375, STANDALONE=41563], networkLocation: /default-rack, certSerialId: null, persistedOpState: IN_SERVICE, persistedOpStateExpiryEpochSec: 0}9ebd5d49-d832-4a04-8d1f-29e9cf21918f{ip: 10.1.0.105, host: fv-az96-669.m4cgkdvplvgupd014rd20bgx3d.gx.internal.cloudapp.net, ports: [REPLICATION=40487, RATIS=38067, RATIS_ADMIN=38067, RATIS_SERVER=38067, STANDALONE=38275], networkLocation: /default-rack, certSerialId: null, persistedOpState: IN_SERVICE, persistedOpStateExpiryEpochSec: 0}, ReplicationConfig: RATIS/THREE, State:ALLOCATED, leaderId:9ebd5d49-d832-4a04-8d1f-29e9cf21918f, CreationTimestamp2022-08-24T08:26:17.402Z[Etc/UTC]] moved to OPEN state
2022-08-24 08:26:24,908 [EventQueue-OpenPipelineForHealthyPipelineSafeModeRule] INFO  safemode.SCMSafeModeManager (HealthyPipelineSafeModeRule.java:process(137)) - SCM in safe mode. Healthy pipelines reported count is 0, required healthy pipeline reported count is 1
2022-08-24 08:26:24,909 [EventQueue-OpenPipelineForHealthyPipelineSafeModeRule] INFO  safemode.SCMSafeModeManager (HealthyPipelineSafeModeRule.java:process(137)) - SCM in safe mode. Healthy pipelines reported count is 1, required healthy pipeline reported count is 1
2022-08-24 08:26:24,909 [EventQueue-OpenPipelineForHealthyPipelineSafeModeRule] INFO  safemode.SCMSafeModeManager (SCMSafeModeManager.java:validateSafeModeExitRules(204)) - HealthyPipelineSafeModeRule rule is successfully validated
2022-08-24 08:26:24,909 [EventQueue-OpenPipelineForHealthyPipelineSafeModeRule] INFO  safemode.SCMSafeModeManager (SCMSafeModeManager.java:validateSafeModeExitRules(219)) - ScmSafeModeManager, all rules are successfully validated
2022-08-24 08:26:24,909 [EventQueue-OpenPipelineForHealthyPipelineSafeModeRule] INFO  safemode.SCMSafeModeManager (SCMSafeModeManager.java:exitSafeMode(248)) - SCM exiting safe mode.
2022-08-24 08:26:24,909 [EventQueue-OpenPipelineForHealthyPipelineSafeModeRule] WARN  events.EventQueue (EventQueue.java:fireEvent(216)) - No event handler registered for event TypedEvent{payloadType=SafeModeStatus, name='Safe mode status'}
2022-08-24 08:26:24,911 [EventQueue-OpenPipelineForHealthyPipelineSafeModeRule] INFO  ha.SCMContext (SCMContext.java:updateSafeModeStatus(228)) - Update SafeModeStatus from SafeModeStatus{safeModeStatus=true, preCheckPassed=true} to SafeModeStatus{safeModeStatus=false, preCheckPassed=true}.
2022-08-24 08:26:24,911 [EventQueue-OpenPipelineForHealthyPipelineSafeModeRule] INFO  pipeline.BackgroundPipelineCreator (BackgroundPipelineCreator.java:notifyStatusChanged(254)) - Service BackgroundPipelineCreator transitions to RUNNING.
2022-08-24 08:26:24,911 [EventQueue-OpenPipelineForHealthyPipelineSafeModeRule] INFO  BackgroundPipelineScrubber (BackgroundSCMService.java:notifyStatusChanged(82)) - Service BackgroundPipelineScrubber transitions to RUNNING.
2022-08-24 08:26:24,911 [EventQueue-OpenPipelineForHealthyPipelineSafeModeRule] INFO  ExpiredContainerReplicaOpScrubber (BackgroundSCMService.java:notifyStatusChanged(82)) - Service ExpiredContainerReplicaOpScrubber transitions to RUNNING.
2022-08-24 08:26:24,911 [EventQueue-OpenPipelineForHealthyPipelineSafeModeRule] INFO  UnderReplicatedQueueThread (BackgroundSCMService.java:notifyStatusChanged(82)) - Service UnderReplicatedQueueThread transitions to RUNNING.
2022-08-24 08:26:24,911 [EventQueue-OpenPipelineForHealthyPipelineSafeModeRule] INFO  OverReplicatedQueueThread (BackgroundSCMService.java:notifyStatusChanged(82)) - Service OverReplicatedQueueThread transitions to RUNNING.
2022-08-24 08:26:24,911 [EventQueue-OpenPipelineForHealthyPipelineSafeModeRule] INFO  replication.ReplicationManager (ReplicationManager.java:notifyStatusChanged(719)) - Service ReplicationManager transitions to RUNNING.
2022-08-24 08:26:24,914 [EventQueue-OpenPipelineForHealthyPipelineSafeModeRule] WARN  balancer.ContainerBalancer (ContainerBalancer.java:shouldRun(904)) - Could not find persisted configuration for ContainerBalancer when checking if ContainerBalancer should run. ContainerBalancer should not run now.
2022-08-24 08:26:24,919 [grpc-default-executor-0] INFO  server.RaftServer$Division (RaftServerImpl.java:requestVote(1152)) - 440b8e2f-1f04-4f01-a821-43dde6dd996e@group-FF7A1816AE2D: receive requestVote(ELECTION, 9ebd5d49-d832-4a04-8d1f-29e9cf21918f, group-FF7A1816AE2D, 1, (t:0, i:0))
2022-08-24 08:26:24,923 [grpc-default-executor-0] INFO  impl.VoteContext (VoteContext.java:log(48)) - 440b8e2f-1f04-4f01-a821-43dde6dd996e@group-FF7A1816AE2D-FOLLOWER: accept ELECTION from 9ebd5d49-d832-4a04-8d1f-29e9cf21918f: our priority 0 <= candidate's priority 1
2022-08-24 08:26:24,923 [grpc-default-executor-0] INFO  server.RaftServer$Division (RaftServerImpl.java:setRole(299)) - 440b8e2f-1f04-4f01-a821-43dde6dd996e@group-FF7A1816AE2D: changes role from  FOLLOWER to FOLLOWER at term 1 for candidate:9ebd5d49-d832-4a04-8d1f-29e9cf21918f
2022-08-24 08:26:24,923 [grpc-default-executor-0] INFO  impl.RoleInfo (RoleInfo.java:shutdownFollowerState(110)) - 440b8e2f-1f04-4f01-a821-43dde6dd996e: shutdown 440b8e2f-1f04-4f01-a821-43dde6dd996e@group-FF7A1816AE2D-FollowerState
2022-08-24 08:26:24,923 [grpc-default-executor-0] INFO  impl.RoleInfo (RoleInfo.java:updateAndGet(139)) - 440b8e2f-1f04-4f01-a821-43dde6dd996e: start 440b8e2f-1f04-4f01-a821-43dde6dd996e@group-FF7A1816AE2D-FollowerState
2022-08-24 08:26:24,923 [440b8e2f-1f04-4f01-a821-43dde6dd996e@group-FF7A1816AE2D-FollowerState] INFO  impl.FollowerState (FollowerState.java:run(152)) - 440b8e2f-1f04-4f01-a821-43dde6dd996e@group-FF7A1816AE2D-FollowerState was interrupted
2022-08-24 08:26:24,920 [9ebd5d49-d832-4a04-8d1f-29e9cf21918f@group-FF7A1816AE2D-LeaderElection6] INFO  server.RaftServerConfigKeys (ConfUtils.java:logGet(46)) - raft.server.log.appender.snapshot.chunk.size.max = 16MB (=16777216) (default)
2022-08-24 08:26:24,924 [grpc-default-executor-0] INFO  server.RaftServer$Division (RaftServerImpl.java:requestVote(1184)) - 440b8e2f-1f04-4f01-a821-43dde6dd996e@group-FF7A1816AE2D replies to ELECTION vote request: 9ebd5d49-d832-4a04-8d1f-29e9cf21918f<-440b8e2f-1f04-4f01-a821-43dde6dd996e#0:OK-t1. Peer's state: 440b8e2f-1f04-4f01-a821-43dde6dd996e@group-FF7A1816AE2D:t1, leader=null, voted=9ebd5d49-d832-4a04-8d1f-29e9cf21918f, raftlog=440b8e2f-1f04-4f01-a821-43dde6dd996e@group-FF7A1816AE2D-SegmentedRaftLog:OPENED:c-1, conf=-1: [440b8e2f-1f04-4f01-a821-43dde6dd996e|rpc:10.1.0.105:43463|dataStream:|priority:0, 7f7d2c84-d408-4e5a-9ef4-f1a050e9b97b|rpc:10.1.0.105:42375|dataStream:|priority:0, 9ebd5d49-d832-4a04-8d1f-29e9cf21918f|rpc:10.1.0.105:38067|dataStream:|priority:1], old=null
2022-08-24 08:26:24,927 [9ebd5d49-d832-4a04-8d1f-29e9cf21918f@group-FF7A1816AE2D-LeaderElection6] INFO  server.RaftServerConfigKeys (ConfUtils.java:logGet(46)) - raft.server.log.appender.buffer.byte-limit = 33554432 (custom)
2022-08-24 08:26:24,927 [9ebd5d49-d832-4a04-8d1f-29e9cf21918f@group-FF7A1816AE2D-LeaderElection6] INFO  server.RaftServerConfigKeys (ConfUtils.java:logGet(46)) - raft.server.log.appender.buffer.element-limit = 1 (custom)
2022-08-24 08:26:24,931 [9ebd5d49-d832-4a04-8d1f-29e9cf21918f@group-FF7A1816AE2D-LeaderElection6] INFO  grpc.GrpcConfigKeys (ConfUtils.java:logGet(46)) - raft.grpc.server.leader.outstanding.appends.max = 128 (default)
2022-08-24 08:26:24,931 [9ebd5d49-d832-4a04-8d1f-29e9cf21918f@group-FF7A1816AE2D-LeaderElection6] INFO  server.RaftServerConfigKeys (ConfUtils.java:logGet(46)) - raft.server.rpc.request.timeout = 60s (custom)
2022-08-24 08:26:24,931 [9ebd5d49-d832-4a04-8d1f-29e9cf21918f@group-FF7A1816AE2D-LeaderElection6] INFO  server.RaftServerConfigKeys (ConfUtils.java:logGet(46)) - raft.server.log.appender.install.snapshot.enabled = false (custom)
2022-08-24 08:26:24,933 [9ebd5d49-d832-4a04-8d1f-29e9cf21918f@group-FF7A1816AE2D-LeaderElection6] INFO  server.RaftServerConfigKeys (ConfUtils.java:logGet(46)) - raft.server.log.appender.snapshot.chunk.size.max = 16MB (=16777216) (default)
2022-08-24 08:26:24,933 [9ebd5d49-d832-4a04-8d1f-29e9cf21918f@group-FF7A1816AE2D-LeaderElection6] INFO  server.RaftServerConfigKeys (ConfUtils.java:logGet(46)) - raft.server.log.appender.buffer.byte-limit = 33554432 (custom)
2022-08-24 08:26:24,933 [9ebd5d49-d832-4a04-8d1f-29e9cf21918f@group-FF7A1816AE2D-LeaderElection6] INFO  server.RaftServerConfigKeys (ConfUtils.java:logGet(46)) - raft.server.log.appender.buffer.element-limit = 1 (custom)
2022-08-24 08:26:24,933 [9ebd5d49-d832-4a04-8d1f-29e9cf21918f@group-FF7A1816AE2D-LeaderElection6] INFO  grpc.GrpcConfigKeys (ConfUtils.java:logGet(46)) - raft.grpc.server.leader.outstanding.appends.max = 128 (default)
2022-08-24 08:26:24,933 [9ebd5d49-d832-4a04-8d1f-29e9cf21918f@group-FF7A1816AE2D-LeaderElection6] INFO  server.RaftServerConfigKeys (ConfUtils.java:logGet(46)) - raft.server.rpc.request.timeout = 60s (custom)
2022-08-24 08:26:24,933 [9ebd5d49-d832-4a04-8d1f-29e9cf21918f@group-FF7A1816AE2D-LeaderElection6] INFO  server.RaftServerConfigKeys (ConfUtils.java:logGet(46)) - raft.server.log.appender.install.snapshot.enabled = false (custom)
2022-08-24 08:26:24,934 [9ebd5d49-d832-4a04-8d1f-29e9cf21918f@group-FF7A1816AE2D-LeaderElection6] INFO  impl.RoleInfo (RoleInfo.java:updateAndGet(139)) - 9ebd5d49-d832-4a04-8d1f-29e9cf21918f: start 9ebd5d49-d832-4a04-8d1f-29e9cf21918f@group-FF7A1816AE2D-LeaderStateImpl
2022-08-24 08:26:24,934 [9ebd5d49-d832-4a04-8d1f-29e9cf21918f@group-FF7A1816AE2D-LeaderElection6] INFO  segmented.SegmentedRaftLogWorker (SegmentedRaftLogWorker.java:startLogSegment(425)) - 9ebd5d49-d832-4a04-8d1f-29e9cf21918f@group-FF7A1816AE2D-SegmentedRaftLogWorker: Starting segment from index:0
2022-08-24 08:26:24,936 [9ebd5d49-d832-4a04-8d1f-29e9cf21918f@group-FF7A1816AE2D-SegmentedRaftLogWorker] INFO  segmented.SegmentedRaftLogWorker (SegmentedRaftLogWorker.java:execute(629)) - 9ebd5d49-d832-4a04-8d1f-29e9cf21918f@group-FF7A1816AE2D-SegmentedRaftLogWorker: created new log segment /home/runner/work/ozone/ozone/hadoop-ozone/integration-test/target/test-dir/MiniOzoneClusterImpl-1336b647-fddb-4972-9c96-ba48238d1115/datanode-3/data/ratis/22478b68-2caf-44d5-813e-ff7a1816ae2d/current/log_inprogress_0
2022-08-24 08:26:24,940 [9ebd5d49-d832-4a04-8d1f-29e9cf21918f@group-FF7A1816AE2D-LeaderElection6] INFO  server.RaftServer$Division (ServerState.java:setRaftConf(393)) - 9ebd5d49-d832-4a04-8d1f-29e9cf21918f@group-FF7A1816AE2D: set configuration 0: [440b8e2f-1f04-4f01-a821-43dde6dd996e|rpc:10.1.0.105:43463|dataStream:|priority:0, 7f7d2c84-d408-4e5a-9ef4-f1a050e9b97b|rpc:10.1.0.105:42375|dataStream:|priority:0, 9ebd5d49-d832-4a04-8d1f-29e9cf21918f|rpc:10.1.0.105:38067|dataStream:|priority:1], old=null
2022-08-24 08:26:24,973 [440b8e2f-1f04-4f01-a821-43dde6dd996e-server-thread1] INFO  ratis.XceiverServerRatis (XceiverServerRatis.java:handleLeaderChangedNotification(863)) - Leader change notification received for group: group-FF7A1816AE2D with new leaderId: 9ebd5d49-d832-4a04-8d1f-29e9cf21918f
2022-08-24 08:26:24,973 [440b8e2f-1f04-4f01-a821-43dde6dd996e-server-thread1] INFO  server.RaftServer$Division (ServerState.java:setLeader(287)) - 440b8e2f-1f04-4f01-a821-43dde6dd996e@group-FF7A1816AE2D: change Leader from null to 9ebd5d49-d832-4a04-8d1f-29e9cf21918f at term 1 for appendEntries, leader elected after 5117ms
2022-08-24 08:26:24,979 [7f7d2c84-d408-4e5a-9ef4-f1a050e9b97b-server-thread1] INFO  ratis.XceiverServerRatis (XceiverServerRatis.java:handleLeaderChangedNotification(863)) - Leader change notification received for group: group-FF7A1816AE2D with new leaderId: 9ebd5d49-d832-4a04-8d1f-29e9cf21918f
2022-08-24 08:26:24,979 [7f7d2c84-d408-4e5a-9ef4-f1a050e9b97b-server-thread1] INFO  server.RaftServer$Division (ServerState.java:setLeader(287)) - 7f7d2c84-d408-4e5a-9ef4-f1a050e9b97b@group-FF7A1816AE2D: change Leader from null to 9ebd5d49-d832-4a04-8d1f-29e9cf21918f at term 1 for appendEntries, leader elected after 5082ms
2022-08-24 08:26:24,983 [7f7d2c84-d408-4e5a-9ef4-f1a050e9b97b-server-thread1] INFO  server.RaftServer$Division (ServerState.java:setRaftConf(393)) - 7f7d2c84-d408-4e5a-9ef4-f1a050e9b97b@group-FF7A1816AE2D: set configuration 0: [440b8e2f-1f04-4f01-a821-43dde6dd996e|rpc:10.1.0.105:43463|dataStream:|priority:0, 7f7d2c84-d408-4e5a-9ef4-f1a050e9b97b|rpc:10.1.0.105:42375|dataStream:|priority:0, 9ebd5d49-d832-4a04-8d1f-29e9cf21918f|rpc:10.1.0.105:38067|dataStream:|priority:1], old=null
2022-08-24 08:26:24,983 [7f7d2c84-d408-4e5a-9ef4-f1a050e9b97b-server-thread1] INFO  segmented.SegmentedRaftLogWorker (SegmentedRaftLogWorker.java:startLogSegment(425)) - 7f7d2c84-d408-4e5a-9ef4-f1a050e9b97b@group-FF7A1816AE2D-SegmentedRaftLogWorker: Starting segment from index:0
2022-08-24 08:26:24,988 [7f7d2c84-d408-4e5a-9ef4-f1a050e9b97b@group-FF7A1816AE2D-SegmentedRaftLogWorker] INFO  segmented.SegmentedRaftLogWorker (SegmentedRaftLogWorker.java:execute(629)) - 7f7d2c84-d408-4e5a-9ef4-f1a050e9b97b@group-FF7A1816AE2D-SegmentedRaftLogWorker: created new log segment /home/runner/work/ozone/ozone/hadoop-ozone/integration-test/target/test-dir/MiniOzoneClusterImpl-1336b647-fddb-4972-9c96-ba48238d1115/datanode-4/data/ratis/22478b68-2caf-44d5-813e-ff7a1816ae2d/current/log_inprogress_0
2022-08-24 08:26:24,991 [440b8e2f-1f04-4f01-a821-43dde6dd996e-server-thread1] INFO  server.RaftServer$Division (ServerState.java:setRaftConf(393)) - 440b8e2f-1f04-4f01-a821-43dde6dd996e@group-FF7A1816AE2D: set configuration 0: [440b8e2f-1f04-4f01-a821-43dde6dd996e|rpc:10.1.0.105:43463|dataStream:|priority:0, 7f7d2c84-d408-4e5a-9ef4-f1a050e9b97b|rpc:10.1.0.105:42375|dataStream:|priority:0, 9ebd5d49-d832-4a04-8d1f-29e9cf21918f|rpc:10.1.0.105:38067|dataStream:|priority:1], old=null
2022-08-24 08:26:24,992 [440b8e2f-1f04-4f01-a821-43dde6dd996e-server-thread1] INFO  segmented.SegmentedRaftLogWorker (SegmentedRaftLogWorker.java:startLogSegment(425)) - 440b8e2f-1f04-4f01-a821-43dde6dd996e@group-FF7A1816AE2D-SegmentedRaftLogWorker: Starting segment from index:0
2022-08-24 08:26:24,992 [440b8e2f-1f04-4f01-a821-43dde6dd996e@group-FF7A1816AE2D-SegmentedRaftLogWorker] INFO  segmented.SegmentedRaftLogWorker (SegmentedRaftLogWorker.java:execute(629)) - 440b8e2f-1f04-4f01-a821-43dde6dd996e@group-FF7A1816AE2D-SegmentedRaftLogWorker: created new log segment /home/runner/work/ozone/ozone/hadoop-ozone/integration-test/target/test-dir/MiniOzoneClusterImpl-1336b647-fddb-4972-9c96-ba48238d1115/datanode-5/data/ratis/22478b68-2caf-44d5-813e-ff7a1816ae2d/current/log_inprogress_0
2022-08-24 08:26:25,014 [9ebd5d49-d832-4a04-8d1f-29e9cf21918f@group-FE4D791B4520-FollowerState] INFO  impl.FollowerState (FollowerState.java:run(143)) - 9ebd5d49-d832-4a04-8d1f-29e9cf21918f@group-FE4D791B4520-FollowerState: change to CANDIDATE, lastRpcElapsedTime:5193324349ns, electionTimeout:5193ms
2022-08-24 08:26:25,014 [9ebd5d49-d832-4a04-8d1f-29e9cf21918f@group-FE4D791B4520-FollowerState] INFO  impl.RoleInfo (RoleInfo.java:shutdownFollowerState(110)) - 9ebd5d49-d832-4a04-8d1f-29e9cf21918f: shutdown 9ebd5d49-d832-4a04-8d1f-29e9cf21918f@group-FE4D791B4520-FollowerState
2022-08-24 08:26:25,015 [9ebd5d49-d832-4a04-8d1f-29e9cf21918f@group-FE4D791B4520-FollowerState] INFO  server.RaftServer$Division (RaftServerImpl.java:setRole(299)) - 9ebd5d49-d832-4a04-8d1f-29e9cf21918f@group-FE4D791B4520: changes role from  FOLLOWER to CANDIDATE at term 0 for changeToCandidate
2022-08-24 08:26:25,015 [9ebd5d49-d832-4a04-8d1f-29e9cf21918f@group-FE4D791B4520-FollowerState] INFO  server.RaftServerConfigKeys (ConfUtils.java:logGet(46)) - raft.server.leaderelection.pre-vote = false (custom)
2022-08-24 08:26:25,015 [9ebd5d49-d832-4a04-8d1f-29e9cf21918f@group-FE4D791B4520-FollowerState] INFO  impl.RoleInfo (RoleInfo.java:updateAndGet(139)) - 9ebd5d49-d832-4a04-8d1f-29e9cf21918f: start 9ebd5d49-d832-4a04-8d1f-29e9cf21918f@group-FE4D791B4520-LeaderElection7
2022-08-24 08:26:25,016 [9ebd5d49-d832-4a04-8d1f-29e9cf21918f@group-FE4D791B4520-LeaderElection7] INFO  impl.LeaderElection (LeaderElection.java:askForVotes(310)) - 9ebd5d49-d832-4a04-8d1f-29e9cf21918f@group-FE4D791B4520-LeaderElection7 ELECTION round 0: submit vote requests at term 1 for -1: [9ebd5d49-d832-4a04-8d1f-29e9cf21918f|rpc:10.1.0.105:38067|priority:1], old=null
2022-08-24 08:26:25,016 [9ebd5d49-d832-4a04-8d1f-29e9cf21918f@group-FE4D791B4520-LeaderElection7] INFO  impl.LeaderElection (LeaderElection.java:askForVotes(312)) - 9ebd5d49-d832-4a04-8d1f-29e9cf21918f@group-FE4D791B4520-LeaderElection7 ELECTION round 0: result PASSED (term=1)
2022-08-24 08:26:25,016 [9ebd5d49-d832-4a04-8d1f-29e9cf21918f@group-FE4D791B4520-LeaderElection7] INFO  impl.RoleInfo (RoleInfo.java:shutdownLeaderElection(130)) - 9ebd5d49-d832-4a04-8d1f-29e9cf21918f: shutdown 9ebd5d49-d832-4a04-8d1f-29e9cf21918f@group-FE4D791B4520-LeaderElection7
2022-08-24 08:26:25,017 [9ebd5d49-d832-4a04-8d1f-29e9cf21918f@group-FE4D791B4520-LeaderElection7] INFO  server.RaftServer$Division (RaftServerImpl.java:setRole(299)) - 9ebd5d49-d832-4a04-8d1f-29e9cf21918f@group-FE4D791B4520: changes role from CANDIDATE to LEADER at term 1 for changeToLeader
2022-08-24 08:26:25,017 [9ebd5d49-d832-4a04-8d1f-29e9cf21918f@group-FE4D791B4520-LeaderElection7] INFO  ratis.XceiverServerRatis (XceiverServerRatis.java:handleLeaderChangedNotification(863)) - Leader change notification received for group: group-FE4D791B4520 with new leaderId: 9ebd5d49-d832-4a04-8d1f-29e9cf21918f
2022-08-24 08:26:25,017 [9ebd5d49-d832-4a04-8d1f-29e9cf21918f@group-FE4D791B4520-LeaderElection7] INFO  server.RaftServer$Division (ServerState.java:setLeader(287)) - 9ebd5d49-d832-4a04-8d1f-29e9cf21918f@group-FE4D791B4520: change Leader from null to 9ebd5d49-d832-4a04-8d1f-29e9cf21918f at term 1 for becomeLeader, leader elected after 5205ms
2022-08-24 08:26:25,017 [9ebd5d49-d832-4a04-8d1f-29e9cf21918f@group-FE4D791B4520-LeaderElection7] INFO  server.RaftServerConfigKeys (ConfUtils.java:logGet(46)) - raft.server.staging.catchup.gap = 1000 (default)
2022-08-24 08:26:25,017 [9ebd5d49-d832-4a04-8d1f-29e9cf21918f@group-FE4D791B4520-LeaderElection7] INFO  server.RaftServerConfigKeys (ConfUtils.java:logGet(46)) - raft.server.write.element-limit = 1024 (custom)
2022-08-24 08:26:25,017 [9ebd5d49-d832-4a04-8d1f-29e9cf21918f@group-FE4D791B4520-LeaderElection7] INFO  server.RaftServerConfigKeys (ConfUtils.java:logGet(46)) - raft.server.write.byte-limit = 1024 M (=1073741824) (custom)
2022-08-24 08:26:25,018 [9ebd5d49-d832-4a04-8d1f-29e9cf21918f@group-FE4D791B4520-LeaderElection7] INFO  server.RaftServerConfigKeys (ConfUtils.java:logGet(46)) - raft.server.watch.timeout = 180s (custom)
2022-08-24 08:26:25,018 [9ebd5d49-d832-4a04-8d1f-29e9cf21918f@group-FE4D791B4520-LeaderElection7] INFO  server.RaftServerConfigKeys (ConfUtils.java:logGet(46)) - raft.server.watch.timeout.denomination = 1s (default)
2022-08-24 08:26:25,018 [9ebd5d49-d832-4a04-8d1f-29e9cf21918f@group-FE4D791B4520-LeaderElection7] INFO  server.RaftServerConfigKeys (ConfUtils.java:logGet(46)) - raft.server.watch.element-limit = 65536 (default)
2022-08-24 08:26:25,018 [9ebd5d49-d832-4a04-8d1f-29e9cf21918f@group-FE4D791B4520-LeaderElection7] INFO  server.RaftServerConfigKeys (ConfUtils.java:logGet(46)) - raft.server.write.element-limit = 1024 (custom)
2022-08-24 08:26:25,018 [9ebd5d49-d832-4a04-8d1f-29e9cf21918f@group-FE4D791B4520-LeaderElection7] INFO  server.RaftServerConfigKeys (ConfUtils.java:logGet(46)) - raft.server.write.follower.gap.ratio.max = -1.0 (default)
2022-08-24 08:26:25,018 [9ebd5d49-d832-4a04-8d1f-29e9cf21918f@group-FE4D791B4520-LeaderElection7] INFO  impl.RoleInfo (RoleInfo.java:updateAndGet(139)) - 9ebd5d49-d832-4a04-8d1f-29e9cf21918f: start 9ebd5d49-d832-4a04-8d1f-29e9cf21918f@group-FE4D791B4520-LeaderStateImpl
2022-08-24 08:26:25,018 [9ebd5d49-d832-4a04-8d1f-29e9cf21918f@group-FE4D791B4520-LeaderElection7] INFO  segmented.SegmentedRaftLogWorker (SegmentedRaftLogWorker.java:startLogSegment(425)) - 9ebd5d49-d832-4a04-8d1f-29e9cf21918f@group-FE4D791B4520-SegmentedRaftLogWorker: Starting segment from index:0
2022-08-24 08:26:25,022 [9ebd5d49-d832-4a04-8d1f-29e9cf21918f@group-FE4D791B4520-SegmentedRaftLogWorker] INFO  segmented.SegmentedRaftLogWorker (SegmentedRaftLogWorker.java:execute(629)) - 9ebd5d49-d832-4a04-8d1f-29e9cf21918f@group-FE4D791B4520-SegmentedRaftLogWorker: created new log segment /home/runner/work/ozone/ozone/hadoop-ozone/integration-test/target/test-dir/MiniOzoneClusterImpl-1336b647-fddb-4972-9c96-ba48238d1115/datanode-3/data/ratis/b41d43a7-cbf5-4f63-bd9c-fe4d791b4520/current/log_inprogress_0
2022-08-24 08:26:25,022 [9ebd5d49-d832-4a04-8d1f-29e9cf21918f@group-FE4D791B4520-LeaderElection7] INFO  server.RaftServer$Division (ServerState.java:setRaftConf(393)) - 9ebd5d49-d832-4a04-8d1f-29e9cf21918f@group-FE4D791B4520: set configuration 0: [9ebd5d49-d832-4a04-8d1f-29e9cf21918f|rpc:10.1.0.105:38067|dataStream:|priority:1], old=null
2022-08-24 08:26:25,167 [ReplicationMonitor] INFO  replication.ReplicationManager (ReplicationManager.java:processAll(255)) - Replication Manager is not ready to run until 3000ms after safemode exit
2022-08-24 08:26:25,306 [7f7d2c84-d408-4e5a-9ef4-f1a050e9b97b@group-E95CE6FC247D-FollowerState] INFO  impl.FollowerState (FollowerState.java:run(143)) - 7f7d2c84-d408-4e5a-9ef4-f1a050e9b97b@group-E95CE6FC247D-FollowerState: change to CANDIDATE, lastRpcElapsedTime:5189321542ns, electionTimeout:5189ms
2022-08-24 08:26:25,306 [7f7d2c84-d408-4e5a-9ef4-f1a050e9b97b@group-E95CE6FC247D-FollowerState] INFO  impl.RoleInfo (RoleInfo.java:shutdownFollowerState(110)) - 7f7d2c84-d408-4e5a-9ef4-f1a050e9b97b: shutdown 7f7d2c84-d408-4e5a-9ef4-f1a050e9b97b@group-E95CE6FC247D-FollowerState
2022-08-24 08:26:25,307 [7f7d2c84-d408-4e5a-9ef4-f1a050e9b97b@group-E95CE6FC247D-FollowerState] INFO  server.RaftServer$Division (RaftServerImpl.java:setRole(299)) - 7f7d2c84-d408-4e5a-9ef4-f1a050e9b97b@group-E95CE6FC247D: changes role from  FOLLOWER to CANDIDATE at term 0 for changeToCandidate
2022-08-24 08:26:25,307 [7f7d2c84-d408-4e5a-9ef4-f1a050e9b97b@group-E95CE6FC247D-FollowerState] INFO  server.RaftServerConfigKeys (ConfUtils.java:logGet(46)) - raft.server.leaderelection.pre-vote = false (custom)
2022-08-24 08:26:25,307 [7f7d2c84-d408-4e5a-9ef4-f1a050e9b97b@group-E95CE6FC247D-FollowerState] INFO  impl.RoleInfo (RoleInfo.java:updateAndGet(139)) - 7f7d2c84-d408-4e5a-9ef4-f1a050e9b97b: start 7f7d2c84-d408-4e5a-9ef4-f1a050e9b97b@group-E95CE6FC247D-LeaderElection8
2022-08-24 08:26:25,312 [7f7d2c84-d408-4e5a-9ef4-f1a050e9b97b@group-E95CE6FC247D-LeaderElection8] INFO  impl.LeaderElection (LeaderElection.java:askForVotes(310)) - 7f7d2c84-d408-4e5a-9ef4-f1a050e9b97b@group-E95CE6FC247D-LeaderElection8 ELECTION round 0: submit vote requests at term 1 for -1: [7f7d2c84-d408-4e5a-9ef4-f1a050e9b97b|rpc:10.1.0.105:42375|priority:1], old=null
2022-08-24 08:26:25,312 [7f7d2c84-d408-4e5a-9ef4-f1a050e9b97b@group-E95CE6FC247D-LeaderElection8] INFO  impl.LeaderElection (LeaderElection.java:askForVotes(312)) - 7f7d2c84-d408-4e5a-9ef4-f1a050e9b97b@group-E95CE6FC247D-LeaderElection8 ELECTION round 0: result PASSED (term=1)
2022-08-24 08:26:25,312 [7f7d2c84-d408-4e5a-9ef4-f1a050e9b97b@group-E95CE6FC247D-LeaderElection8] INFO  impl.RoleInfo (RoleInfo.java:shutdownLeaderElection(130)) - 7f7d2c84-d408-4e5a-9ef4-f1a050e9b97b: shutdown 7f7d2c84-d408-4e5a-9ef4-f1a050e9b97b@group-E95CE6FC247D-LeaderElection8
2022-08-24 08:26:25,312 [7f7d2c84-d408-4e5a-9ef4-f1a050e9b97b@group-E95CE6FC247D-LeaderElection8] INFO  server.RaftServer$Division (RaftServerImpl.java:setRole(299)) - 7f7d2c84-d408-4e5a-9ef4-f1a050e9b97b@group-E95CE6FC247D: changes role from CANDIDATE to LEADER at term 1 for changeToLeader
2022-08-24 08:26:25,312 [7f7d2c84-d408-4e5a-9ef4-f1a050e9b97b@group-E95CE6FC247D-LeaderElection8] INFO  ratis.XceiverServerRatis (XceiverServerRatis.java:handleLeaderChangedNotification(863)) - Leader change notification received for group: group-E95CE6FC247D with new leaderId: 7f7d2c84-d408-4e5a-9ef4-f1a050e9b97b
2022-08-24 08:26:25,312 [7f7d2c84-d408-4e5a-9ef4-f1a050e9b97b@group-E95CE6FC247D-LeaderElection8] INFO  server.RaftServer$Division (ServerState.java:setLeader(287)) - 7f7d2c84-d408-4e5a-9ef4-f1a050e9b97b@group-E95CE6FC247D: change Leader from null to 7f7d2c84-d408-4e5a-9ef4-f1a050e9b97b at term 1 for becomeLeader, leader elected after 5204ms
2022-08-24 08:26:25,312 [7f7d2c84-d408-4e5a-9ef4-f1a050e9b97b@group-E95CE6FC247D-LeaderElection8] INFO  server.RaftServerConfigKeys (ConfUtils.java:logGet(46)) - raft.server.staging.catchup.gap = 1000 (default)
2022-08-24 08:26:25,313 [7f7d2c84-d408-4e5a-9ef4-f1a050e9b97b@group-E95CE6FC247D-LeaderElection8] INFO  server.RaftServerConfigKeys (ConfUtils.java:logGet(46)) - raft.server.write.element-limit = 1024 (custom)
2022-08-24 08:26:25,313 [7f7d2c84-d408-4e5a-9ef4-f1a050e9b97b@group-E95CE6FC247D-LeaderElection8] INFO  server.RaftServerConfigKeys (ConfUtils.java:logGet(46)) - raft.server.write.byte-limit = 1024 M (=1073741824) (custom)
2022-08-24 08:26:25,313 [7f7d2c84-d408-4e5a-9ef4-f1a050e9b97b@group-E95CE6FC247D-LeaderElection8] INFO  server.RaftServerConfigKeys (ConfUtils.java:logGet(46)) - raft.server.watch.timeout = 180s (custom)
2022-08-24 08:26:25,313 [7f7d2c84-d408-4e5a-9ef4-f1a050e9b97b@group-E95CE6FC247D-LeaderElection8] INFO  server.RaftServerConfigKeys (ConfUtils.java:logGet(46)) - raft.server.watch.timeout.denomination = 1s (default)
2022-08-24 08:26:25,313 [7f7d2c84-d408-4e5a-9ef4-f1a050e9b97b@group-E95CE6FC247D-LeaderElection8] INFO  server.RaftServerConfigKeys (ConfUtils.java:logGet(46)) - raft.server.watch.element-limit = 65536 (default)
2022-08-24 08:26:25,313 [7f7d2c84-d408-4e5a-9ef4-f1a050e9b97b@group-E95CE6FC247D-LeaderElection8] INFO  server.RaftServerConfigKeys (ConfUtils.java:logGet(46)) - raft.server.write.element-limit = 1024 (custom)
2022-08-24 08:26:25,313 [7f7d2c84-d408-4e5a-9ef4-f1a050e9b97b@group-E95CE6FC247D-LeaderElection8] INFO  server.RaftServerConfigKeys (ConfUtils.java:logGet(46)) - raft.server.write.follower.gap.ratio.max = -1.0 (default)
2022-08-24 08:26:25,313 [7f7d2c84-d408-4e5a-9ef4-f1a050e9b97b@group-E95CE6FC247D-LeaderElection8] INFO  impl.RoleInfo (RoleInfo.java:updateAndGet(139)) - 7f7d2c84-d408-4e5a-9ef4-f1a050e9b97b: start 7f7d2c84-d408-4e5a-9ef4-f1a050e9b97b@group-E95CE6FC247D-LeaderStateImpl
2022-08-24 08:26:25,314 [7f7d2c84-d408-4e5a-9ef4-f1a050e9b97b@group-E95CE6FC247D-LeaderElection8] INFO  segmented.SegmentedRaftLogWorker (SegmentedRaftLogWorker.java:startLogSegment(425)) - 7f7d2c84-d408-4e5a-9ef4-f1a050e9b97b@group-E95CE6FC247D-SegmentedRaftLogWorker: Starting segment from index:0
2022-08-24 08:26:25,315 [7f7d2c84-d408-4e5a-9ef4-f1a050e9b97b@group-E95CE6FC247D-SegmentedRaftLogWorker] INFO  segmented.SegmentedRaftLogWorker (SegmentedRaftLogWorker.java:execute(629)) - 7f7d2c84-d408-4e5a-9ef4-f1a050e9b97b@group-E95CE6FC247D-SegmentedRaftLogWorker: created new log segment /home/runner/work/ozone/ozone/hadoop-ozone/integration-test/target/test-dir/MiniOzoneClusterImpl-1336b647-fddb-4972-9c96-ba48238d1115/datanode-4/data/ratis/3834d0e9-a4b3-4120-b01b-e95ce6fc247d/current/log_inprogress_0
2022-08-24 08:26:25,315 [7f7d2c84-d408-4e5a-9ef4-f1a050e9b97b@group-E95CE6FC247D-LeaderElection8] INFO  server.RaftServer$Division (ServerState.java:setRaftConf(393)) - 7f7d2c84-d408-4e5a-9ef4-f1a050e9b97b@group-E95CE6FC247D: set configuration 0: [7f7d2c84-d408-4e5a-9ef4-f1a050e9b97b|rpc:10.1.0.105:42375|dataStream:|priority:1], old=null
2022-08-24 08:26:25,392 [Listener at 127.0.0.1/40737] INFO  ozone.MiniOzoneClusterImpl (MiniOzoneClusterImpl.java:lambda$waitForClusterToBeReady$0(216)) - Nodes are ready. Got 6 of 6 DN Heartbeats.
2022-08-24 08:26:25,392 [Listener at 127.0.0.1/40737] INFO  ozone.MiniOzoneClusterImpl (MiniOzoneClusterImpl.java:lambda$waitForClusterToBeReady$0(219)) - Cluster exits safe mode
2022-08-24 08:26:25,392 [Listener at 127.0.0.1/40737] INFO  ozone.MiniOzoneClusterImpl (MiniOzoneClusterImpl.java:lambda$waitForClusterToBeReady$0(221)) - SCM became leader
2022-08-24 08:26:25,423 [Listener at 127.0.0.1/40737] WARN  server.ServerUtils (ServerUtils.java:getScmDbDir(148)) - ozone.scm.db.dirs is not configured. We recommend adding this setting. Falling back to ozone.metadata.dirs instead.
2022-08-24 08:26:25,424 [Listener at 127.0.0.1/40737] WARN  server.ServerUtils (ServerUtils.java:getScmDbDir(148)) - ozone.scm.db.dirs is not configured. We recommend adding this setting. Falling back to ozone.metadata.dirs instead.
2022-08-24 08:26:25,425 [Listener at 127.0.0.1/40737] INFO  ha.SCMHANodeDetails (SCMHANodeDetails.java:loadSCMHAConfig(209)) - ServiceID for StorageContainerManager is null
2022-08-24 08:26:25,425 [Listener at 127.0.0.1/40737] INFO  ha.SCMHANodeDetails (SCMHANodeDetails.java:loadSCMHAConfig(214)) - ozone.scm.default.service.id is not defined, falling back to ozone.scm.service.ids to find serviceID for StorageContainerManager if it is HA enabled cluster
2022-08-24 08:26:25,426 [Listener at 127.0.0.1/40737] WARN  utils.HAUtils (HAUtils.java:getMetaDir(342)) - ozone.scm.db.dirs is not configured. We recommend adding this setting. Falling back to ozone.metadata.dirs instead.
2022-08-24 08:26:25,426 [Listener at 127.0.0.1/40737] WARN  db.DBStoreBuilder (DBStoreBuilder.java:applyDBDefinition(143)) - ozone.scm.db.dirs is not configured. We recommend adding this setting. Falling back to ozone.metadata.dirs instead.
2022-08-24 08:26:25,539 [440b8e2f-1f04-4f01-a821-43dde6dd996e@group-1FD0A32EC9D7-FollowerState] INFO  impl.FollowerState (FollowerState.java:run(143)) - 440b8e2f-1f04-4f01-a821-43dde6dd996e@group-1FD0A32EC9D7-FollowerState: change to CANDIDATE, lastRpcElapsedTime:5129501457ns, electionTimeout:5124ms
2022-08-24 08:26:25,539 [440b8e2f-1f04-4f01-a821-43dde6dd996e@group-1FD0A32EC9D7-FollowerState] INFO  impl.RoleInfo (RoleInfo.java:shutdownFollowerState(110)) - 440b8e2f-1f04-4f01-a821-43dde6dd996e: shutdown 440b8e2f-1f04-4f01-a821-43dde6dd996e@group-1FD0A32EC9D7-FollowerState
2022-08-24 08:26:25,540 [440b8e2f-1f04-4f01-a821-43dde6dd996e@group-1FD0A32EC9D7-FollowerState] INFO  server.RaftServer$Division (RaftServerImpl.java:setRole(299)) - 440b8e2f-1f04-4f01-a821-43dde6dd996e@group-1FD0A32EC9D7: changes role from  FOLLOWER to CANDIDATE at term 0 for changeToCandidate
2022-08-24 08:26:25,540 [440b8e2f-1f04-4f01-a821-43dde6dd996e@group-1FD0A32EC9D7-FollowerState] INFO  server.RaftServerConfigKeys (ConfUtils.java:logGet(46)) - raft.server.leaderelection.pre-vote = false (custom)
2022-08-24 08:26:25,540 [440b8e2f-1f04-4f01-a821-43dde6dd996e@group-1FD0A32EC9D7-FollowerState] INFO  impl.RoleInfo (RoleInfo.java:updateAndGet(139)) - 440b8e2f-1f04-4f01-a821-43dde6dd996e: start 440b8e2f-1f04-4f01-a821-43dde6dd996e@group-1FD0A32EC9D7-LeaderElection9
2022-08-24 08:26:25,559 [Listener at 127.0.0.1/40737] INFO  net.NodeSchemaLoader (NodeSchemaLoader.java:loadSchemaFromFile(129)) - Loading schema from [jar:file:/home/runner/.m2/repository/org/apache/ozone/hdds-common/1.3.0-SNAPSHOT/hdds-common-1.3.0-SNAPSHOT.jar!/network-topology-default.xml]
2022-08-24 08:26:25,559 [Listener at 127.0.0.1/40737] INFO  net.NodeSchemaLoader (NodeSchemaLoader.java:loadSchema(176)) - Loading network topology layer schema file
2022-08-24 08:26:25,562 [Listener at 127.0.0.1/40737] WARN  impl.MetricRegistriesImpl (MetricRegistriesImpl.java:addReporterRegistration(111)) - New reporters are added after registries were created. Some metrics will be missing from the reporter. Please add reporter before adding any new registry.
2022-08-24 08:26:25,562 [Listener at 127.0.0.1/40737] WARN  impl.MetricRegistriesImpl (MetricRegistriesImpl.java:addReporterRegistration(111)) - New reporters are added after registries were created. Some metrics will be missing from the reporter. Please add reporter before adding any new registry.
2022-08-24 08:26:25,562 [Listener at 127.0.0.1/40737] INFO  upgrade.AbstractLayoutVersionManager (AbstractLayoutVersionManager.java:init(83)) - Initializing Layout version manager with metadata layout = DATANODE_SCHEMA_V3 (version = 4), software layout = DATANODE_SCHEMA_V3 (version = 4)
2022-08-24 08:26:25,568 [440b8e2f-1f04-4f01-a821-43dde6dd996e@group-1FD0A32EC9D7-LeaderElection9] INFO  impl.LeaderElection (LeaderElection.java:askForVotes(310)) - 440b8e2f-1f04-4f01-a821-43dde6dd996e@group-1FD0A32EC9D7-LeaderElection9 ELECTION round 0: submit vote requests at term 1 for -1: [440b8e2f-1f04-4f01-a821-43dde6dd996e|rpc:10.1.0.105:43463|priority:1], old=null
2022-08-24 08:26:25,568 [440b8e2f-1f04-4f01-a821-43dde6dd996e@group-1FD0A32EC9D7-LeaderElection9] INFO  impl.LeaderElection (LeaderElection.java:askForVotes(312)) - 440b8e2f-1f04-4f01-a821-43dde6dd996e@group-1FD0A32EC9D7-LeaderElection9 ELECTION round 0: result PASSED (term=1)
2022-08-24 08:26:25,568 [440b8e2f-1f04-4f01-a821-43dde6dd996e@group-1FD0A32EC9D7-LeaderElection9] INFO  impl.RoleInfo (RoleInfo.java:shutdownLeaderElection(130)) - 440b8e2f-1f04-4f01-a821-43dde6dd996e: shutdown 440b8e2f-1f04-4f01-a821-43dde6dd996e@group-1FD0A32EC9D7-LeaderElection9
2022-08-24 08:26:25,568 [440b8e2f-1f04-4f01-a821-43dde6dd996e@group-1FD0A32EC9D7-LeaderElection9] INFO  server.RaftServer$Division (RaftServerImpl.java:setRole(299)) - 440b8e2f-1f04-4f01-a821-43dde6dd996e@group-1FD0A32EC9D7: changes role from CANDIDATE to LEADER at term 1 for changeToLeader
2022-08-24 08:26:25,568 [440b8e2f-1f04-4f01-a821-43dde6dd996e@group-1FD0A32EC9D7-LeaderElection9] INFO  ratis.XceiverServerRatis (XceiverServerRatis.java:handleLeaderChangedNotification(863)) - Leader change notification received for group: group-1FD0A32EC9D7 with new leaderId: 440b8e2f-1f04-4f01-a821-43dde6dd996e
2022-08-24 08:26:25,569 [440b8e2f-1f04-4f01-a821-43dde6dd996e@group-1FD0A32EC9D7-LeaderElection9] INFO  server.RaftServer$Division (ServerState.java:setLeader(287)) - 440b8e2f-1f04-4f01-a821-43dde6dd996e@group-1FD0A32EC9D7: change Leader from null to 440b8e2f-1f04-4f01-a821-43dde6dd996e at term 1 for becomeLeader, leader elected after 5167ms
2022-08-24 08:26:25,569 [440b8e2f-1f04-4f01-a821-43dde6dd996e@group-1FD0A32EC9D7-LeaderElection9] INFO  server.RaftServerConfigKeys (ConfUtils.java:logGet(46)) - raft.server.staging.catchup.gap = 1000 (default)
2022-08-24 08:26:25,569 [440b8e2f-1f04-4f01-a821-43dde6dd996e@group-1FD0A32EC9D7-LeaderElection9] INFO  server.RaftServerConfigKeys (ConfUtils.java:logGet(46)) - raft.server.write.element-limit = 1024 (custom)
2022-08-24 08:26:25,569 [440b8e2f-1f04-4f01-a821-43dde6dd996e@group-1FD0A32EC9D7-LeaderElection9] INFO  server.RaftServerConfigKeys (ConfUtils.java:logGet(46)) - raft.server.write.byte-limit = 1024 M (=1073741824) (custom)
2022-08-24 08:26:25,569 [440b8e2f-1f04-4f01-a821-43dde6dd996e@group-1FD0A32EC9D7-LeaderElection9] INFO  server.RaftServerConfigKeys (ConfUtils.java:logGet(46)) - raft.server.watch.timeout = 180s (custom)
2022-08-24 08:26:25,569 [440b8e2f-1f04-4f01-a821-43dde6dd996e@group-1FD0A32EC9D7-LeaderElection9] INFO  server.RaftServerConfigKeys (ConfUtils.java:logGet(46)) - raft.server.watch.timeout.denomination = 1s (default)
2022-08-24 08:26:25,569 [440b8e2f-1f04-4f01-a821-43dde6dd996e@group-1FD0A32EC9D7-LeaderElection9] INFO  server.RaftServerConfigKeys (ConfUtils.java:logGet(46)) - raft.server.watch.element-limit = 65536 (default)
2022-08-24 08:26:25,569 [440b8e2f-1f04-4f01-a821-43dde6dd996e@group-1FD0A32EC9D7-LeaderElection9] INFO  server.RaftServerConfigKeys (ConfUtils.java:logGet(46)) - raft.server.write.element-limit = 1024 (custom)
2022-08-24 08:26:25,569 [440b8e2f-1f04-4f01-a821-43dde6dd996e@group-1FD0A32EC9D7-LeaderElection9] INFO  server.RaftServerConfigKeys (ConfUtils.java:logGet(46)) - raft.server.write.follower.gap.ratio.max = -1.0 (default)
2022-08-24 08:26:25,570 [440b8e2f-1f04-4f01-a821-43dde6dd996e@group-1FD0A32EC9D7-LeaderElection9] INFO  impl.RoleInfo (RoleInfo.java:updateAndGet(139)) - 440b8e2f-1f04-4f01-a821-43dde6dd996e: start 440b8e2f-1f04-4f01-a821-43dde6dd996e@group-1FD0A32EC9D7-LeaderStateImpl
2022-08-24 08:26:25,571 [440b8e2f-1f04-4f01-a821-43dde6dd996e@group-1FD0A32EC9D7-LeaderElection9] INFO  segmented.SegmentedRaftLogWorker (SegmentedRaftLogWorker.java:startLogSegment(425)) - 440b8e2f-1f04-4f01-a821-43dde6dd996e@group-1FD0A32EC9D7-SegmentedRaftLogWorker: Starting segment from index:0
2022-08-24 08:26:25,573 [440b8e2f-1f04-4f01-a821-43dde6dd996e@group-1FD0A32EC9D7-SegmentedRaftLogWorker] INFO  segmented.SegmentedRaftLogWorker (SegmentedRaftLogWorker.java:execute(629)) - 440b8e2f-1f04-4f01-a821-43dde6dd996e@group-1FD0A32EC9D7-SegmentedRaftLogWorker: created new log segment /home/runner/work/ozone/ozone/hadoop-ozone/integration-test/target/test-dir/MiniOzoneClusterImpl-1336b647-fddb-4972-9c96-ba48238d1115/datanode-5/data/ratis/0388249e-1292-47f4-b32d-1fd0a32ec9d7/current/log_inprogress_0
2022-08-24 08:26:25,588 [440b8e2f-1f04-4f01-a821-43dde6dd996e@group-1FD0A32EC9D7-LeaderElection9] INFO  server.RaftServer$Division (ServerState.java:setRaftConf(393)) - 440b8e2f-1f04-4f01-a821-43dde6dd996e@group-1FD0A32EC9D7: set configuration 0: [440b8e2f-1f04-4f01-a821-43dde6dd996e|rpc:10.1.0.105:43463|dataStream:|priority:1], old=null
2022-08-24 08:26:25,678 [Listener at 127.0.0.1/40737] INFO  reflections.Reflections (Reflections.java:scan(232)) - Reflections took 115 ms to scan 7 urls, producing 133 keys and 322 values 
2022-08-24 08:26:25,680 [Listener at 127.0.0.1/40737] INFO  ha.SequenceIdGenerator (SequenceIdGenerator.java:upgradeToSequenceId(349)) - upgrade localId to 109611004723200000
2022-08-24 08:26:25,681 [Listener at 127.0.0.1/40737] INFO  ha.SequenceIdGenerator (SequenceIdGenerator.java:upgradeToSequenceId(359)) - upgrade delTxnId to 0
2022-08-24 08:26:25,681 [Listener at 127.0.0.1/40737] INFO  ha.SequenceIdGenerator (SequenceIdGenerator.java:upgradeToSequenceId(376)) - upgrade containerId to 0
2022-08-24 08:26:25,681 [Listener at 127.0.0.1/40737] INFO  ha.SequenceIdGenerator (SequenceIdGenerator.java:<init>(220)) - Init the HA SequenceIdGenerator.
2022-08-24 08:26:25,689 [Listener at 127.0.0.1/40737] INFO  node.SCMNodeManager (SCMNodeManager.java:<init>(149)) - Entering startup safe mode.
2022-08-24 08:26:25,690 [Listener at 127.0.0.1/40737] INFO  algorithms.ContainerPlacementPolicyFactory (ContainerPlacementPolicyFactory.java:getPolicyInternal(86)) - Create container placement policy of type org.apache.hadoop.hdds.scm.container.placement.algorithms.SCMContainerPlacementRandom
2022-08-24 08:26:25,690 [Listener at 127.0.0.1/40737] INFO  algorithms.ContainerPlacementPolicyFactory (ContainerPlacementPolicyFactory.java:getPolicyInternal(86)) - Create container placement policy of type org.apache.hadoop.hdds.scm.container.placement.algorithms.SCMContainerPlacementRackScatter
2022-08-24 08:26:25,690 [Listener at 127.0.0.1/40737] INFO  pipeline.PipelineStateManagerImpl (PipelineStateManagerImpl.java:initialize(78)) - No pipeline exists in current db
2022-08-24 08:26:25,690 [Listener at 127.0.0.1/40737] INFO  algorithms.LeaderChoosePolicyFactory (LeaderChoosePolicyFactory.java:getPolicy(57)) - Create leader choose policy of type org.apache.hadoop.hdds.scm.pipeline.leader.choose.algorithms.MinLeaderCountChoosePolicy
2022-08-24 08:26:25,690 [Listener at 127.0.0.1/40737] INFO  algorithms.ContainerPlacementPolicyFactory (ContainerPlacementPolicyFactory.java:getPolicyInternal(86)) - Create container placement policy of type org.apache.hadoop.hdds.scm.container.placement.algorithms.SCMContainerPlacementRackScatter
2022-08-24 08:26:25,690 [Listener at 127.0.0.1/40737] INFO  ha.SCMServiceManager (SCMServiceManager.java:register(42)) - Registering service BackgroundPipelineCreator.
2022-08-24 08:26:25,690 [Listener at 127.0.0.1/40737] INFO  pipeline.BackgroundPipelineCreator (BackgroundPipelineCreator.java:start(124)) - Starting RatisPipelineUtilsThread.
2022-08-24 08:26:25,693 [Listener at 127.0.0.1/40737] INFO  BackgroundPipelineScrubber (BackgroundSCMService.java:start(68)) - Starting BackgroundPipelineScrubber Service.
2022-08-24 08:26:25,694 [Listener at 127.0.0.1/40737] INFO  ha.SCMServiceManager (SCMServiceManager.java:register(42)) - Registering service BackgroundPipelineScrubber.
2022-08-24 08:26:25,694 [Listener at 127.0.0.1/40737] INFO  ExpiredContainerReplicaOpScrubber (BackgroundSCMService.java:start(68)) - Starting ExpiredContainerReplicaOpScrubber Service.
2022-08-24 08:26:25,698 [Listener at 127.0.0.1/40737] INFO  ha.SCMServiceManager (SCMServiceManager.java:register(42)) - Registering service ExpiredContainerReplicaOpScrubber.
2022-08-24 08:26:25,699 [Listener at 127.0.0.1/40737] INFO  algorithms.PipelineChoosePolicyFactory (PipelineChoosePolicyFactory.java:createPipelineChoosePolicyFromClass(73)) - Create pipeline choose policy of type org.apache.hadoop.hdds.scm.pipeline.choose.algorithms.RandomPipelineChoosePolicy
2022-08-24 08:26:25,699 [Listener at 127.0.0.1/40737] INFO  ha.SCMServiceManager (SCMServiceManager.java:register(42)) - Registering service SCMBlockDeletingService.
2022-08-24 08:26:25,699 [Listener at 127.0.0.1/40737] INFO  replication.ReplicationManager (ReplicationManager.java:start(206)) - Starting Replication Monitor Thread.
2022-08-24 08:26:25,701 [Listener at 127.0.0.1/40737] INFO  UnderReplicatedQueueThread (BackgroundSCMService.java:start(68)) - Starting UnderReplicatedQueueThread Service.
2022-08-24 08:26:25,701 [Listener at 127.0.0.1/40737] INFO  ha.SCMServiceManager (SCMServiceManager.java:register(42)) - Registering service UnderReplicatedQueueThread.
2022-08-24 08:26:25,701 [Listener at 127.0.0.1/40737] INFO  OverReplicatedQueueThread (BackgroundSCMService.java:start(68)) - Starting OverReplicatedQueueThread Service.
2022-08-24 08:26:25,701 [Listener at 127.0.0.1/40737] INFO  ha.SCMServiceManager (SCMServiceManager.java:register(42)) - Registering service OverReplicatedQueueThread.
2022-08-24 08:26:25,702 [Listener at 127.0.0.1/40737] INFO  ha.SCMServiceManager (SCMServiceManager.java:register(42)) - Registering service ReplicationManager.
2022-08-24 08:26:25,703 [ReplicationMonitor] INFO  replication.ReplicationManager (ReplicationManager.java:processAll(255)) - Replication Manager is not ready to run until 3000ms after safemode exit
2022-08-24 08:26:25,703 [Listener at 127.0.0.1/40737] INFO  safemode.ContainerSafeModeRule (ContainerSafeModeRule.java:<init>(89)) - containers with one replica threshold count 0
2022-08-24 08:26:25,704 [Listener at 127.0.0.1/40737] INFO  safemode.HealthyPipelineSafeModeRule (HealthyPipelineSafeModeRule.java:initializeRule(169)) - Total pipeline count is 0, healthy pipeline threshold count is 1
2022-08-24 08:26:25,708 [Listener at 127.0.0.1/40737] INFO  safemode.OneReplicaPipelineSafeModeRule (OneReplicaPipelineSafeModeRule.java:initializeRule(180)) - Total pipeline count is 0, pipeline's with at least one datanode reported threshold count is 0
2022-08-24 08:26:25,713 [Listener at 127.0.0.1/40737] INFO  ipc.CallQueueManager (CallQueueManager.java:<init>(90)) - Using callQueue: class java.util.concurrent.LinkedBlockingQueue, queueCapacity: 2000, scheduler: class org.apache.hadoop.ipc.DefaultRpcScheduler, ipcBackoff: false.
2022-08-24 08:26:25,718 [Socket Reader #1 for port 0] INFO  ipc.Server (Server.java:run(1265)) - Starting Socket Reader #1 for port 0
2022-08-24 08:26:25,723 [Listener at 0.0.0.0/38537] INFO  ipc.CallQueueManager (CallQueueManager.java:<init>(90)) - Using callQueue: class java.util.concurrent.LinkedBlockingQueue, queueCapacity: 2000, scheduler: class org.apache.hadoop.ipc.DefaultRpcScheduler, ipcBackoff: false.
2022-08-24 08:26:25,734 [Socket Reader #1 for port 0] INFO  ipc.Server (Server.java:run(1265)) - Starting Socket Reader #1 for port 0
2022-08-24 08:26:25,745 [Listener at 0.0.0.0/39033] INFO  ipc.CallQueueManager (CallQueueManager.java:<init>(90)) - Using callQueue: class java.util.concurrent.LinkedBlockingQueue, queueCapacity: 2000, scheduler: class org.apache.hadoop.ipc.DefaultRpcScheduler, ipcBackoff: false.
2022-08-24 08:26:25,750 [Socket Reader #1 for port 0] INFO  ipc.Server (Server.java:run(1265)) - Starting Socket Reader #1 for port 0
2022-08-24 08:26:25,796 [Listener at 0.0.0.0/41821] INFO  ha.SCMServiceManager (SCMServiceManager.java:register(42)) - Registering service ContainerBalancer.
2022-08-24 08:26:25,796 [Listener at 0.0.0.0/41821] INFO  server.StorageContainerManager (StorageContainerManager.java:<init>(406)) - 
Container Balancer status:
Key                            Value
Running                        false
Container Balancer Configuration values:
Key                                                Value
Threshold                                          10
Max Datanodes to Involve per Iteration(percent)    20
Max Size to Move per Iteration                     500GB
Max Size Entering Target per Iteration             26GB
Max Size Leaving Source per Iteration              26GB

2022-08-24 08:26:25,796 [Listener at 0.0.0.0/41821] WARN  events.EventQueue (EventQueue.java:fireEvent(216)) - No event handler registered for event TypedEvent{payloadType=SafeModeStatus, name='Safe mode status'}
2022-08-24 08:26:25,796 [Listener at 0.0.0.0/41821] INFO  ha.SCMContext (SCMContext.java:updateSafeModeStatus(228)) - Update SafeModeStatus from SafeModeStatus{safeModeStatus=true, preCheckPassed=false} to SafeModeStatus{safeModeStatus=true, preCheckPassed=false}.
2022-08-24 08:26:25,797 [Listener at 0.0.0.0/41821] INFO  server.StorageContainerManager (StorageContainerManager.java:start(1460)) - StorageContainerLocationProtocol RPC server is listening at /0.0.0.0:41821
2022-08-24 08:26:25,797 [Listener at 0.0.0.0/41821] INFO  impl.MetricsSystemImpl (MetricsSystemImpl.java:init(158)) - StorageContainerManager metrics system started (again)
2022-08-24 08:26:25,809 [Listener at 0.0.0.0/41821] INFO  server.SCMClientProtocolServer (SCMClientProtocolServer.java:start(170)) - RPC server for Client  is listening at /0.0.0.0:41821
2022-08-24 08:26:25,809 [IPC Server Responder] INFO  ipc.Server (Server.java:run(1507)) - IPC Server Responder: starting
2022-08-24 08:26:25,810 [IPC Server listener on 0] INFO  ipc.Server (Server.java:run(1344)) - IPC Server listener on 0: starting
2022-08-24 08:26:25,846 [Listener at 0.0.0.0/41821] INFO  server.StorageContainerManager (StorageContainerManager.java:start(1475)) - ScmBlockLocationProtocol RPC server is listening at /0.0.0.0:39033
2022-08-24 08:26:25,847 [Listener at 0.0.0.0/41821] INFO  server.SCMBlockProtocolServer (SCMBlockProtocolServer.java:start(152)) - RPC server for Block Protocol is listening at /0.0.0.0:39033
2022-08-24 08:26:25,847 [IPC Server Responder] INFO  ipc.Server (Server.java:run(1507)) - IPC Server Responder: starting
2022-08-24 08:26:25,847 [IPC Server listener on 0] INFO  ipc.Server (Server.java:run(1344)) - IPC Server listener on 0: starting
2022-08-24 08:26:25,850 [Listener at 0.0.0.0/41821] INFO  server.SCMDatanodeProtocolServer (SCMDatanodeProtocolServer.java:start(186)) - ScmDatanodeProtocol RPC server for DataNodes is listening at /0.0.0.0:38537
2022-08-24 08:26:25,852 [IPC Server Responder] INFO  ipc.Server (Server.java:run(1507)) - IPC Server Responder: starting
2022-08-24 08:26:25,853 [IPC Server listener on 0] INFO  ipc.Server (Server.java:run(1344)) - IPC Server listener on 0: starting
2022-08-24 08:26:25,863 [Listener at 0.0.0.0/41821] INFO  http.BaseHttpServer (BaseHttpServer.java:newHttpServer2BuilderForOzone(209)) - Starting Web-server for scm at: http://0.0.0.0:0
2022-08-24 08:26:25,863 [Listener at 0.0.0.0/41821] INFO  http.BaseHttpServer (BaseHttpServer.java:<init>(107)) - Hadoop Security Enabled: false Ozone Security Enabled: false Ozone HTTP Security Enabled: false 
2022-08-24 08:26:25,864 [Listener at 0.0.0.0/41821] INFO  server.AuthenticationFilter (AuthenticationFilter.java:constructSecretProvider(240)) - Unable to initialize FileSignerSecretProvider, falling back to use random secrets.
2022-08-24 08:26:25,868 [org.apache.hadoop.util.JvmPauseMonitor$Monitor@e52d2e6] INFO  util.JvmPauseMonitor (JvmPauseMonitor.java:run(188)) - Starting JVM pause monitor
2022-08-24 08:26:25,869 [Listener at 0.0.0.0/41821] WARN  http.HttpRequestLog (HttpRequestLog.java:getRequestLog(103)) - Jetty request log can only be enabled using Log4j
2022-08-24 08:26:25,876 [Listener at 0.0.0.0/41821] INFO  http.HttpServer2 (HttpServer2.java:addGlobalFilter(1029)) - Added global filter 'safety' (class=org.apache.hadoop.hdds.server.http.HttpServer2$QuotingInputFilter)
2022-08-24 08:26:25,877 [Listener at 0.0.0.0/41821] INFO  http.HttpServer2 (HttpServer2.java:addFilter(1005)) - Added filter static_user_filter (class=org.apache.hadoop.http.lib.StaticUserWebFilter$StaticUserFilter) to context scm
2022-08-24 08:26:25,877 [Listener at 0.0.0.0/41821] INFO  http.HttpServer2 (HttpServer2.java:addFilter(1013)) - Added filter static_user_filter (class=org.apache.hadoop.http.lib.StaticUserWebFilter$StaticUserFilter) to context logs
2022-08-24 08:26:25,877 [Listener at 0.0.0.0/41821] INFO  http.HttpServer2 (HttpServer2.java:addFilter(1013)) - Added filter static_user_filter (class=org.apache.hadoop.http.lib.StaticUserWebFilter$StaticUserFilter) to context static
2022-08-24 08:26:25,877 [Listener at 0.0.0.0/41821] INFO  http.HttpServer2 (HttpServer2.java:bindListener(1248)) - Jetty bound to port 37547
2022-08-24 08:26:25,877 [Listener at 0.0.0.0/41821] INFO  server.Server (Server.java:doStart(375)) - jetty-9.4.43.v20210629; built: 2021-06-30T11:07:22.254Z; git: 526006ecfa3af7f1a27ef3a288e2bef7ea9dd7e8; jvm 1.8.0_345-b01
2022-08-24 08:26:25,883 [Listener at 0.0.0.0/41821] INFO  server.session (DefaultSessionIdManager.java:doStart(334)) - DefaultSessionIdManager workerName=node0
2022-08-24 08:26:25,883 [Listener at 0.0.0.0/41821] INFO  server.session (DefaultSessionIdManager.java:doStart(339)) - No SessionScavenger set, using defaults
2022-08-24 08:26:25,883 [Listener at 0.0.0.0/41821] INFO  server.session (HouseKeeper.java:startScavenging(132)) - node0 Scavenging every 600000ms
2022-08-24 08:26:25,884 [Listener at 0.0.0.0/41821] INFO  handler.ContextHandler (ContextHandler.java:doStart(915)) - Started o.e.j.s.ServletContextHandler@381986a5{logs,/logs,file:///home/runner/work/ozone/ozone/hadoop-ozone/integration-test/target/log,AVAILABLE}
2022-08-24 08:26:25,884 [Listener at 0.0.0.0/41821] INFO  handler.ContextHandler (ContextHandler.java:doStart(915)) - Started o.e.j.s.ServletContextHandler@43dfead1{static,/static,file:///home/runner/work/ozone/ozone/hadoop-ozone/integration-test/target/test-classes/webapps/static,AVAILABLE}
2022-08-24 08:26:25,888 [Listener at 0.0.0.0/41821] INFO  handler.ContextHandler (ContextHandler.java:doStart(915)) - Started o.e.j.w.WebAppContext@15fd2fc1{scm,/,file:///home/runner/work/ozone/ozone/hadoop-ozone/integration-test/target/test-classes/webapps/scm/,AVAILABLE}{file:/home/runner/work/ozone/ozone/hadoop-ozone/integration-test/target/test-classes/webapps/scm}
2022-08-24 08:26:25,895 [Listener at 0.0.0.0/41821] INFO  server.AbstractConnector (AbstractConnector.java:doStart(331)) - Started ServerConnector@5e2e3871{HTTP/1.1, (http/1.1)}{0.0.0.0:37547}
2022-08-24 08:26:25,895 [Listener at 0.0.0.0/41821] INFO  server.Server (Server.java:doStart(415)) - Started @21622ms
2022-08-24 08:26:25,895 [Listener at 0.0.0.0/41821] WARN  impl.MetricsSystemImpl (MetricsSystemImpl.java:register(279)) - Sink prometheus already exists!
2022-08-24 08:26:25,896 [Listener at 0.0.0.0/41821] INFO  http.BaseHttpServer (BaseHttpServer.java:updateConnectorAddress(329)) - HTTP server of scm listening at http://0.0.0.0:37547
2022-08-24 08:26:25,896 [Listener at 0.0.0.0/41821] WARN  server.ServerUtils (ServerUtils.java:getDBPath(225)) - ozone.om.db.dirs is not configured. We recommend adding this setting. Falling back to ozone.metadata.dirs instead.
2022-08-24 08:26:25,897 [Listener at 0.0.0.0/41821] INFO  ha.OMHANodeDetails (OMHANodeDetails.java:loadOMHAConfig(115)) - ozone.om.internal.service.id is not defined, falling back to ozone.om.service.ids to find serviceID for OzoneManager if it is HA enabled cluster
2022-08-24 08:26:25,897 [Listener at 0.0.0.0/41821] INFO  ha.OMHANodeDetails (OMHANodeDetails.java:loadOMHAConfig(226)) - Configuration does not have ozone.om.address set. Falling back to the default OM address /127.0.0.1:0
2022-08-24 08:26:25,897 [Listener at 0.0.0.0/41821] INFO  ha.OMHANodeDetails (OMHANodeDetails.java:getOMNodeDetailsForNonHA(254)) - OM Service ID is not set. Setting it to the default ID: omServiceIdDefault
2022-08-24 08:26:25,897 [Listener at 0.0.0.0/41821] INFO  ha.OMHANodeDetails (OMHANodeDetails.java:getOMNodeDetailsForNonHA(261)) - OM Node ID is not set. Setting it to the default ID: om1
2022-08-24 08:26:25,898 [Listener at 0.0.0.0/41821] WARN  server.ServerUtils (ServerUtils.java:getDBPath(225)) - ozone.om.db.dirs is not configured. We recommend adding this setting. Falling back to ozone.metadata.dirs instead.
2022-08-24 08:26:25,898 [Listener at 0.0.0.0/41821] INFO  upgrade.AbstractLayoutVersionManager (AbstractLayoutVersionManager.java:init(83)) - Initializing Layout version manager with metadata layout = MULTITENANCY_SCHEMA (version = 3), software layout = MULTITENANCY_SCHEMA (version = 3)
2022-08-24 08:26:26,020 [Listener at 0.0.0.0/41821] INFO  reflections.Reflections (Reflections.java:scan(232)) - Reflections took 120 ms to scan 2 urls, producing 153 keys and 427 values [using 2 cores]
2022-08-24 08:26:26,021 [Listener at 0.0.0.0/41821] INFO  upgrade.OMLayoutVersionManager (OMLayoutVersionManager.java:lambda$0(115)) - Skipping Upgrade Action MockOmUpgradeAction since it has been finalized.
2022-08-24 08:26:26,021 [Listener at 0.0.0.0/41821] WARN  server.ServerUtils (ServerUtils.java:getDBPath(225)) - ozone.om.db.dirs is not configured. We recommend adding this setting. Falling back to ozone.metadata.dirs instead.
2022-08-24 08:26:26,021 [Listener at 0.0.0.0/41821] INFO  proxy.SCMBlockLocationFailoverProxyProvider (SCMBlockLocationFailoverProxyProvider.java:<init>(114)) - Created block location fail-over proxy with 1 nodes: [nodeId=scmNodeId,nodeAddress=/0.0.0.0:39033]
2022-08-24 08:26:26,022 [Listener at 0.0.0.0/41821] INFO  proxy.SCMBlockLocationFailoverProxyProvider (SCMBlockLocationFailoverProxyProvider.java:<init>(114)) - Created block location fail-over proxy with 1 nodes: [nodeId=scmNodeId,nodeAddress=/0.0.0.0:39033]
2022-08-24 08:26:26,042 [main] INFO  rpc.RpcClient (RpcClient.java:createVolume(471)) - Creating Volume: vol1, with user74595 as owner and space quota set to -1 bytes, counts quota set to -1
2022-08-24 08:26:26,046 [Listener at 0.0.0.0/41821] WARN  server.ServerUtils (ServerUtils.java:getDBPath(225)) - ozone.om.db.dirs is not configured. We recommend adding this setting. Falling back to ozone.metadata.dirs instead.
2022-08-24 08:26:26,046 [Listener at 0.0.0.0/41821] INFO  codec.OmKeyInfoCodec (OmKeyInfoCodec.java:<init>(49)) - OmKeyInfoCodec ignorePipeline = true
2022-08-24 08:26:26,047 [Listener at 0.0.0.0/41821] INFO  codec.RepeatedOmKeyInfoCodec (RepeatedOmKeyInfoCodec.java:<init>(41)) - RepeatedOmKeyInfoCodec ignorePipeline = true
2022-08-24 08:26:26,103 [OM StateMachine ApplyTransaction Thread - 0] INFO  volume.OMVolumeCreateRequest (OMVolumeCreateRequest.java:validateAndUpdateCache(195)) - created volume:vol1 for user:user74595
2022-08-24 08:26:26,125 [main] INFO  rpc.RpcClient (RpcClient.java:createBucket(674)) - Creating Bucket: vol1/bucket1, with bucket layout LEGACY, runner as owner, Versioning false, Storage Type set to DISK and Encryption set to false 
2022-08-24 08:26:26,142 [OM StateMachine ApplyTransaction Thread - 0] INFO  bucket.OMBucketCreateRequest (OMBucketCreateRequest.java:validateAndUpdateCache(260)) - created bucket: bucket1 of layout LEGACY in volume: vol1
2022-08-24 08:26:26,167 [ReplicationMonitor] INFO  replication.ReplicationManager (ReplicationManager.java:processAll(255)) - Replication Manager is not ready to run until 3000ms after safemode exit
2022-08-24 08:26:26,184 [Listener at 0.0.0.0/41821] INFO  om.OzoneManager (OzoneManager.java:instantiateServices(697)) - S3 Multi-Tenancy is disabled
2022-08-24 08:26:26,185 [Listener at 0.0.0.0/41821] INFO  om.OzoneManager (OzoneManager.java:addS3GVolumeToDB(4309)) - Created Volume s3v With Owner runner required for S3Gateway operations.
2022-08-24 08:26:26,185 [Listener at 0.0.0.0/41821] WARN  server.ServerUtils (ServerUtils.java:getDefaultRatisDirectory(237)) - Storage directory for Ratis is not configured. It is a good idea to map this to an SSD disk. Falling back to ozone.metadata.dirs
2022-08-24 08:26:26,185 [Listener at 0.0.0.0/41821] WARN  utils.OzoneManagerRatisUtils (OzoneManagerRatisUtils.java:getOMRatisSnapshotDirectory(434)) - ozone.om.ratis.snapshot.dir is not configured. Falling back to ozone.metadata.dirs config
2022-08-24 08:26:26,185 [Listener at 0.0.0.0/41821] WARN  impl.MetricRegistriesImpl (MetricRegistriesImpl.java:addReporterRegistration(111)) - New reporters are added after registries were created. Some metrics will be missing from the reporter. Please add reporter before adding any new registry.
2022-08-24 08:26:26,185 [Listener at 0.0.0.0/41821] WARN  impl.MetricRegistriesImpl (MetricRegistriesImpl.java:addReporterRegistration(111)) - New reporters are added after registries were created. Some metrics will be missing from the reporter. Please add reporter before adding any new registry.
2022-08-24 08:26:26,185 [Listener at 0.0.0.0/41821] WARN  server.ServerUtils (ServerUtils.java:getDefaultRatisDirectory(237)) - Storage directory for Ratis is not configured. It is a good idea to map this to an SSD disk. Falling back to ozone.metadata.dirs
2022-08-24 08:26:26,186 [Listener at 0.0.0.0/41821] INFO  ratis.OzoneManagerRatisServer (OzoneManagerRatisServer.java:<init>(159)) - Instantiating OM Ratis server with groupID: omServiceIdDefault and peers: localhost:33989
2022-08-24 08:26:26,187 [Listener at 0.0.0.0/41821] INFO  ratis.OzoneManagerStateMachine (OzoneManagerStateMachine.java:loadSnapshotInfoFromDB(632)) - LastAppliedIndex is set from TransactionInfo from OM DB as (t:0, i:~)
2022-08-24 08:26:26,187 [Listener at 0.0.0.0/41821] INFO  server.RaftServer (ConfUtils.java:logGet(46)) - raft.rpc.type = GRPC (default)
2022-08-24 08:26:26,187 [Listener at 0.0.0.0/41821] INFO  grpc.GrpcFactory (GrpcFactory.java:checkPooledByteBufAllocatorUseCacheForAllThreads(48)) - PERFORMANCE WARNING: useCacheForAllThreads is true that may cause Netty to create a lot garbage objects and, as a result, trigger GC.
	It is recommended to disable useCacheForAllThreads by setting -Dorg.apache.ratis.thirdparty.io.netty.allocator.useCacheForAllThreads=false in command line.
2022-08-24 08:26:26,187 [Listener at 0.0.0.0/41821] INFO  grpc.GrpcConfigKeys (ConfUtils.java:logGet(46)) - raft.grpc.admin.port = -1 (default)
2022-08-24 08:26:26,196 [Listener at 0.0.0.0/41821] INFO  grpc.GrpcConfigKeys (ConfUtils.java:logGet(46)) - raft.grpc.server.port = 33989 (custom)
2022-08-24 08:26:26,196 [Listener at 0.0.0.0/41821] INFO  grpc.GrpcConfigKeys (ConfUtils.java:logGet(46)) - raft.grpc.client.port = -1 (default)
2022-08-24 08:26:26,196 [Listener at 0.0.0.0/41821] INFO  grpc.GrpcConfigKeys (ConfUtils.java:logGet(46)) - raft.grpc.server.port = 33989 (custom)
2022-08-24 08:26:26,196 [Listener at 0.0.0.0/41821] INFO  grpc.GrpcConfigKeys (ConfUtils.java:logGet(46)) - raft.grpc.server.port = 33989 (custom)
2022-08-24 08:26:26,196 [Listener at 0.0.0.0/41821] INFO  server.GrpcService (ConfUtils.java:logGet(46)) - raft.grpc.message.size.max = 33554432 (custom)
2022-08-24 08:26:26,196 [Listener at 0.0.0.0/41821] INFO  server.RaftServerConfigKeys (ConfUtils.java:logGet(46)) - raft.server.log.appender.buffer.byte-limit = 33554432 (custom)
2022-08-24 08:26:26,196 [Listener at 0.0.0.0/41821] INFO  server.GrpcService (ConfUtils.java:logGet(46)) - raft.grpc.flow.control.window = 1MB (=1048576) (default)
2022-08-24 08:26:26,196 [Listener at 0.0.0.0/41821] INFO  server.RaftServerConfigKeys (ConfUtils.java:logGet(46)) - raft.server.rpc.request.timeout = 3000ms (default)
2022-08-24 08:26:26,196 [Listener at 0.0.0.0/41821] INFO  grpc.GrpcConfigKeys (ConfUtils.java:logGet(46)) - raft.grpc.server.async.request.thread.pool.cached = true (default)
2022-08-24 08:26:26,196 [Listener at 0.0.0.0/41821] INFO  grpc.GrpcConfigKeys (ConfUtils.java:logGet(46)) - raft.grpc.server.async.request.thread.pool.size = 32 (default)
2022-08-24 08:26:26,197 [Listener at 0.0.0.0/41821] INFO  impl.DataStreamServerImpl (ConfUtils.java:logGet(46)) - raft.datastream.type = DISABLED (default)
2022-08-24 08:26:26,197 [Listener at 0.0.0.0/41821] INFO  server.RaftServerConfigKeys (ConfUtils.java:logGet(46)) - raft.server.threadpool.proxy.cached = true (default)
2022-08-24 08:26:26,197 [Listener at 0.0.0.0/41821] INFO  server.RaftServerConfigKeys (ConfUtils.java:logGet(46)) - raft.server.threadpool.proxy.size = 0 (default)
2022-08-24 08:26:26,197 [Listener at 0.0.0.0/41821] INFO  server.RaftServerConfigKeys (ConfUtils.java:logGet(46)) - raft.server.rpc.slowness.timeout = 120s (custom)
2022-08-24 08:26:26,197 [Listener at 0.0.0.0/41821] INFO  server.RaftServerConfigKeys (ConfUtils.java:logGet(46)) - raft.server.leaderelection.leader.step-down.wait-time = 10s (default)
2022-08-24 08:26:26,197 [Listener at 0.0.0.0/41821] INFO  server.RaftServerConfigKeys (ConfUtils.java:logGet(46)) - raft.server.storage.dir = [/home/runner/work/ozone/ozone/hadoop-ozone/integration-test/target/test-dir/MiniOzoneClusterImpl-ef79d86f-cf98-4831-ba1c-bc14f6a33205/ozone-meta/ratis] (custom)
2022-08-24 08:26:26,200 [Listener at 0.0.0.0/41821] INFO  server.RaftServer (RaftServerProxy.java:addNew(96)) - om1: addNew group-C5BA1605619E:[om1|rpc:localhost:33989|priority:0] returns group-C5BA1605619E:java.util.concurrent.CompletableFuture@4f8cea73[Not completed]
2022-08-24 08:26:26,200 [Listener at 0.0.0.0/41821] INFO  om.OzoneManager (OzoneManager.java:initializeRatisServer(1963)) - OzoneManager Ratis server initialized at port 33989
2022-08-24 08:26:26,202 [Listener at 0.0.0.0/41821] INFO  om.OzoneManager (OzoneManager.java:getRpcServer(1086)) - Creating RPC Server
2022-08-24 08:26:26,202 [pool-286-thread-1] INFO  server.RaftServer$Division (RaftServerImpl.java:<init>(190)) - om1: new RaftServerImpl for group-C5BA1605619E:[om1|rpc:localhost:33989|priority:0] with OzoneManagerStateMachine:uninitialized
2022-08-24 08:26:26,202 [pool-286-thread-1] INFO  server.RaftServerConfigKeys (ConfUtils.java:logGet(46)) - raft.server.rpc.timeout.min = 1s (custom)
2022-08-24 08:26:26,202 [pool-286-thread-1] INFO  server.RaftServerConfigKeys (ConfUtils.java:logGet(46)) - raft.server.rpc.timeout.max = 1200ms (custom)
2022-08-24 08:26:26,203 [pool-286-thread-1] INFO  server.RaftServerConfigKeys (ConfUtils.java:logGet(46)) - raft.server.rpc.sleep.time = 25ms (default)
2022-08-24 08:26:26,203 [pool-286-thread-1] INFO  server.RaftServerConfigKeys (ConfUtils.java:logGet(46)) - raft.server.rpc.slowness.timeout = 120s (custom)
2022-08-24 08:26:26,203 [pool-286-thread-1] INFO  server.RaftServerConfigKeys (ConfUtils.java:logGet(46)) - raft.server.leaderelection.leader.step-down.wait-time = 10s (default)
2022-08-24 08:26:26,203 [pool-286-thread-1] INFO  server.RaftServerConfigKeys (ConfUtils.java:logGet(46)) - raft.server.sleep.deviation.threshold = 300ms (default)
2022-08-24 08:26:26,203 [pool-286-thread-1] INFO  server.RaftServer$Division (ServerState.java:<init>(107)) - om1@group-C5BA1605619E: ConfigurationManager, init=-1: [om1|rpc:localhost:33989|priority:0], old=null, confs=<EMPTY_MAP>
2022-08-24 08:26:26,203 [pool-286-thread-1] INFO  server.RaftServerConfigKeys (ConfUtils.java:logGet(46)) - raft.server.storage.dir = [/home/runner/work/ozone/ozone/hadoop-ozone/integration-test/target/test-dir/MiniOzoneClusterImpl-ef79d86f-cf98-4831-ba1c-bc14f6a33205/ozone-meta/ratis] (custom)
2022-08-24 08:26:26,203 [pool-286-thread-1] INFO  server.RaftServerConfigKeys (ConfUtils.java:logGet(46)) - raft.server.log.corruption.policy = EXCEPTION (default)
2022-08-24 08:26:26,203 [pool-286-thread-1] INFO  server.RaftServerConfigKeys (ConfUtils.java:logGet(46)) - raft.server.storage.free-space.min = 0MB (=0) (default)
2022-08-24 08:26:26,203 [pool-286-thread-1] INFO  storage.RaftStorageDirectory (RaftStorageDirectoryImpl.java:analyzeStorage(135)) - The storage directory /home/runner/work/ozone/ozone/hadoop-ozone/integration-test/target/test-dir/MiniOzoneClusterImpl-ef79d86f-cf98-4831-ba1c-bc14f6a33205/ozone-meta/ratis/bf265839-605b-3f16-9796-c5ba1605619e does not exist. Creating ...
2022-08-24 08:26:26,204 [pool-286-thread-1] INFO  storage.RaftStorageDirectory (RaftStorageDirectoryImpl.java:tryLock(230)) - Lock on /home/runner/work/ozone/ozone/hadoop-ozone/integration-test/target/test-dir/MiniOzoneClusterImpl-ef79d86f-cf98-4831-ba1c-bc14f6a33205/ozone-meta/ratis/bf265839-605b-3f16-9796-c5ba1605619e/in_use.lock acquired by nodename 20331@fv-az96-669
2022-08-24 08:26:26,210 [pool-286-thread-1] INFO  storage.RaftStorage (RaftStorageImpl.java:format(89)) - Storage directory /home/runner/work/ozone/ozone/hadoop-ozone/integration-test/target/test-dir/MiniOzoneClusterImpl-ef79d86f-cf98-4831-ba1c-bc14f6a33205/ozone-meta/ratis/bf265839-605b-3f16-9796-c5ba1605619e has been successfully formatted.
2022-08-24 08:26:26,211 [pool-286-thread-1] INFO  server.RaftServerConfigKeys (ConfUtils.java:logGet(46)) - raft.server.notification.no-leader.timeout = 120s (custom)
2022-08-24 08:26:26,211 [pool-286-thread-1] INFO  server.RaftServerConfigKeys (ConfUtils.java:logGet(46)) - raft.server.log.use.memory = false (default)
2022-08-24 08:26:26,211 [pool-286-thread-1] INFO  server.RaftServerConfigKeys (ConfUtils.java:logGet(46)) - raft.server.log.purge.gap = 1000000 (custom)
2022-08-24 08:26:26,211 [pool-286-thread-1] INFO  server.RaftServerConfigKeys (ConfUtils.java:logGet(46)) - raft.server.log.appender.buffer.byte-limit = 33554432 (custom)
2022-08-24 08:26:26,211 [pool-286-thread-1] INFO  server.RaftServerConfigKeys (ConfUtils.java:logGet(46)) - raft.server.log.statemachine.data.read.timeout = 1000ms (default)
2022-08-24 08:26:26,211 [pool-286-thread-1] INFO  server.RaftServerConfigKeys (ConfUtils.java:logGet(46)) - raft.server.log.segment.size.max = 4194304 (custom)
2022-08-24 08:26:26,211 [pool-286-thread-1] INFO  server.RaftServerConfigKeys (ConfUtils.java:logGet(46)) - raft.server.log.segment.cache.num.max = 2 (custom)
2022-08-24 08:26:26,211 [pool-286-thread-1] INFO  server.RaftServerConfigKeys (ConfUtils.java:logGet(46)) - raft.server.log.segment.cache.size.max = 200MB (=209715200) (default)
2022-08-24 08:26:26,211 [pool-286-thread-1] INFO  segmented.SegmentedRaftLogWorker (SegmentedRaftLogWorker.java:<init>(187)) - new om1@group-C5BA1605619E-SegmentedRaftLogWorker for RaftStorageImpl:Storage Directory /home/runner/work/ozone/ozone/hadoop-ozone/integration-test/target/test-dir/MiniOzoneClusterImpl-ef79d86f-cf98-4831-ba1c-bc14f6a33205/ozone-meta/ratis/bf265839-605b-3f16-9796-c5ba1605619e
2022-08-24 08:26:26,211 [pool-286-thread-1] INFO  server.RaftServerConfigKeys (ConfUtils.java:logGet(46)) - raft.server.log.queue.byte-limit = 64MB (=67108864) (default)
2022-08-24 08:26:26,211 [pool-286-thread-1] INFO  server.RaftServerConfigKeys (ConfUtils.java:logGet(46)) - raft.server.log.queue.element-limit = 4096 (default)
2022-08-24 08:26:26,211 [pool-286-thread-1] INFO  server.RaftServerConfigKeys (ConfUtils.java:logGet(46)) - raft.server.log.segment.size.max = 4194304 (custom)
2022-08-24 08:26:26,211 [pool-286-thread-1] INFO  server.RaftServerConfigKeys (ConfUtils.java:logGet(46)) - raft.server.log.preallocated.size = 4194304 (custom)
2022-08-24 08:26:26,211 [pool-286-thread-1] INFO  server.RaftServerConfigKeys (ConfUtils.java:logGet(46)) - raft.server.log.force.sync.num = 128 (default)
2022-08-24 08:26:26,211 [pool-286-thread-1] INFO  server.RaftServerConfigKeys (ConfUtils.java:logGet(46)) - raft.server.log.statemachine.data.sync = true (default)
2022-08-24 08:26:26,211 [pool-286-thread-1] INFO  server.RaftServerConfigKeys (ConfUtils.java:logGet(46)) - raft.server.log.statemachine.data.sync.timeout = 10s (default)
2022-08-24 08:26:26,211 [pool-286-thread-1] INFO  server.RaftServerConfigKeys (ConfUtils.java:logGet(46)) - raft.server.log.statemachine.data.sync.timeout.retry = -1 (default)
2022-08-24 08:26:26,211 [pool-286-thread-1] INFO  server.RaftServerConfigKeys (ConfUtils.java:logGet(46)) - raft.server.log.write.buffer.size = 64KB (=65536) (default)
2022-08-24 08:26:26,211 [pool-286-thread-1] INFO  server.RaftServerConfigKeys (ConfUtils.java:logGet(46)) - raft.server.log.unsafe-flush.enabled = false (default)
2022-08-24 08:26:26,211 [pool-286-thread-1] INFO  server.RaftServerConfigKeys (ConfUtils.java:logGet(46)) - raft.server.log.statemachine.data.caching.enabled = false (default)
2022-08-24 08:26:26,212 [pool-286-thread-1] INFO  segmented.SegmentedRaftLogWorker (SegmentedRaftLogWorker.java:lambda$new$0(135)) - om1@group-C5BA1605619E-SegmentedRaftLogWorker: flushIndex: setUnconditionally 0 -> -1
2022-08-24 08:26:26,212 [pool-286-thread-1] INFO  segmented.SegmentedRaftLogWorker (SegmentedRaftLogWorker.java:lambda$new$0(135)) - om1@group-C5BA1605619E-SegmentedRaftLogWorker: safeCacheEvictIndex: setUnconditionally 0 -> -1
2022-08-24 08:26:26,212 [pool-286-thread-1] INFO  server.RaftServerConfigKeys (ConfUtils.java:logGet(46)) - raft.server.snapshot.auto.trigger.enabled = true (custom)
2022-08-24 08:26:26,212 [pool-286-thread-1] INFO  server.RaftServerConfigKeys (ConfUtils.java:logGet(46)) - raft.server.snapshot.auto.trigger.threshold = 400000 (default)
2022-08-24 08:26:26,212 [pool-286-thread-1] INFO  server.RaftServerConfigKeys (ConfUtils.java:logGet(46)) - raft.server.snapshot.retention.file.num = -1 (default)
2022-08-24 08:26:26,212 [pool-286-thread-1] INFO  server.RaftServerConfigKeys (ConfUtils.java:logGet(46)) - raft.server.log.purge.upto.snapshot.index = true (custom)
2022-08-24 08:26:26,212 [pool-286-thread-1] INFO  server.RaftServerConfigKeys (ConfUtils.java:logGet(46)) - raft.server.retrycache.expirytime = 300s (custom)
2022-08-24 08:26:26,212 [pool-286-thread-1] INFO  server.RaftServerConfigKeys (ConfUtils.java:logGet(46)) - raft.server.retrycache.statistics.expirytime = 100μs (default)
2022-08-24 08:26:26,212 [pool-286-thread-1] INFO  server.RaftServerConfigKeys (ConfUtils.java:logGet(46)) - raft.server.log.appender.install.snapshot.enabled = false (custom)
2022-08-24 08:26:26,212 [pool-286-thread-1] INFO  server.RaftServerConfigKeys (ConfUtils.java:logGet(46)) - raft.server.threadpool.server.cached = true (default)
2022-08-24 08:26:26,212 [pool-286-thread-1] INFO  server.RaftServerConfigKeys (ConfUtils.java:logGet(46)) - raft.server.threadpool.server.size = 0 (default)
2022-08-24 08:26:26,212 [pool-286-thread-1] INFO  server.RaftServerConfigKeys (ConfUtils.java:logGet(46)) - raft.server.threadpool.client.cached = true (default)
2022-08-24 08:26:26,212 [pool-286-thread-1] INFO  server.RaftServerConfigKeys (ConfUtils.java:logGet(46)) - raft.server.threadpool.client.size = 0 (default)
2022-08-24 08:26:26,215 [IPC Server handler 0 on default port 37617] INFO  ha.SequenceIdGenerator (SequenceIdGenerator.java:getNextId(128)) - Allocate a batch for containerId, change lastId from 0 to 1000.
2022-08-24 08:26:26,234 [IPC Server handler 0 on default port 37617] WARN  ha.SequenceIdGenerator (SequenceIdGenerator.java:allocateBatch(237)) - Failed to allocate a batch for localId, expected lastId is 0, actual lastId is 109611004723200000.
2022-08-24 08:26:26,234 [IPC Server handler 0 on default port 37617] INFO  ha.SequenceIdGenerator (SequenceIdGenerator.java:getNextId(128)) - Allocate a batch for localId, change lastId from 109611004723200000 to 109611004723201000.
2022-08-24 08:26:26,382 [main] INFO  impl.MetricsSystemImpl (MetricsSystemImpl.java:init(158)) - XceiverClientMetrics metrics system started (again)
2022-08-24 08:26:26,703 [ReplicationMonitor] INFO  replication.ReplicationManager (ReplicationManager.java:processAll(255)) - Replication Manager is not ready to run until 3000ms after safemode exit
2022-08-24 08:26:26,906 [Listener at 0.0.0.0/41821] INFO  reflections.Reflections (Reflections.java:scan(232)) - Reflections took 704 ms to scan 19 urls, producing 67 keys and 4158 values [using 2 cores]
2022-08-24 08:26:26,907 [Listener at 0.0.0.0/41821] INFO  ipc.CallQueueManager (CallQueueManager.java:<init>(90)) - Using callQueue: class java.util.concurrent.LinkedBlockingQueue, queueCapacity: 2000, scheduler: class org.apache.hadoop.ipc.DefaultRpcScheduler, ipcBackoff: false.
2022-08-24 08:26:26,908 [Socket Reader #1 for port 0] INFO  ipc.Server (Server.java:run(1265)) - Starting Socket Reader #1 for port 0
2022-08-24 08:26:26,915 [org.apache.ratis.util.JvmPauseMonitor$$Lambda$715/492429123@1f949ec1] WARN  util.JvmPauseMonitor (JvmPauseMonitor.java:detectPause(124)) - JvmPauseMonitor-6f59db56-2f90-4028-8d65-c4b769c679ae: Detected pause in JVM or host machine (eg GC): pause of approximately 149398989ns.
GC pool 'PS MarkSweep' had collection(s): count=1 time=121ms
GC pool 'PS Scavenge' had collection(s): count=1 time=39ms
2022-08-24 08:26:26,941 [Listener at 127.0.0.1/39171] INFO  impl.MetricsSystemImpl (MetricsSystemImpl.java:init(158)) - OzoneManager metrics system started (again)
2022-08-24 08:26:26,967 [Listener at 127.0.0.1/39171] INFO  om.OzoneManager (OzoneManager.java:start(1470)) - OzoneManager RPC server is listening at localhost/127.0.0.1:39171
2022-08-24 08:26:26,967 [Listener at 127.0.0.1/39171] INFO  ratis.OzoneManagerRatisServer (OzoneManagerRatisServer.java:start(554)) - Starting OzoneManagerRatisServer om1 at port 33989
2022-08-24 08:26:26,967 [om1-impl-thread1] INFO  server.RaftServer$Division (RaftServerImpl.java:start(310)) - om1@group-C5BA1605619E: start as a follower, conf=-1: [om1|rpc:localhost:33989|priority:0], old=null
2022-08-24 08:26:26,971 [om1-impl-thread1] INFO  server.RaftServer$Division (RaftServerImpl.java:setRole(299)) - om1@group-C5BA1605619E: changes role from      null to FOLLOWER at term 0 for startAsFollower
2022-08-24 08:26:26,971 [om1-impl-thread1] INFO  impl.RoleInfo (RoleInfo.java:updateAndGet(139)) - om1: start om1@group-C5BA1605619E-FollowerState
2022-08-24 08:26:26,972 [om1-impl-thread1] ERROR util.JmxRegister (JmxRegister.java:tryRegister(40)) - Failed to register JMX Bean with name Ratis:service=RaftServer,group=group-C5BA1605619E,id=om1
javax.management.InstanceAlreadyExistsException: Ratis:service=RaftServer,group=group-C5BA1605619E,id=om1
	at com.sun.jmx.mbeanserver.Repository.addMBean(Repository.java:437)
	at com.sun.jmx.interceptor.DefaultMBeanServerInterceptor.registerWithRepository(DefaultMBeanServerInterceptor.java:1898)
	at com.sun.jmx.interceptor.DefaultMBeanServerInterceptor.registerDynamicMBean(DefaultMBeanServerInterceptor.java:966)
	at com.sun.jmx.interceptor.DefaultMBeanServerInterceptor.registerObject(DefaultMBeanServerInterceptor.java:900)
	at com.sun.jmx.interceptor.DefaultMBeanServerInterceptor.registerMBean(DefaultMBeanServerInterceptor.java:324)
	at com.sun.jmx.mbeanserver.JmxMBeanServer.registerMBean(JmxMBeanServer.java:522)
	at org.apache.ratis.util.JmxRegister.tryRegister(JmxRegister.java:38)
	at org.apache.ratis.util.JmxRegister.register(JmxRegister.java:56)
	at org.apache.ratis.server.impl.RaftServerImpl.registerMBean(RaftServerImpl.java:329)
	at org.apache.ratis.server.impl.RaftServerImpl.start(RaftServerImpl.java:320)
	at org.apache.ratis.util.ConcurrentUtils.lambda$null$3(ConcurrentUtils.java:162)
	at java.util.concurrent.ThreadPoolExecutor.runWorker(ThreadPoolExecutor.java:1149)
	at java.util.concurrent.ThreadPoolExecutor$Worker.run(ThreadPoolExecutor.java:624)
	at java.lang.Thread.run(Thread.java:750)
2022-08-24 08:26:26,974 [om1-impl-thread1] INFO  util.JmxRegister (JmxRegister.java:tryRegister(44)) - Successfully registered JMX Bean with object name Ratis:service=RaftServer,group=group-C5BA1605619E,id="om1"
2022-08-24 08:26:26,982 [Listener at 127.0.0.1/39171] INFO  server.RaftServer (RaftServerProxy.java:lambda$start$6(382)) - om1: start RPC server
2022-08-24 08:26:26,998 [Listener at 127.0.0.1/39171] INFO  server.GrpcService (GrpcService.java:startImpl(260)) - om1: GrpcService started, listening on 33989
2022-08-24 08:26:26,999 [Listener at 127.0.0.1/39171] INFO  om.OzoneManager (OzoneManager.java:start(1486)) - Version File has different layout version (3) than OM DB (null). That is expected if this OM has never been finalized to a newer layout version.
2022-08-24 08:26:26,999 [org.apache.ratis.util.JvmPauseMonitor$$Lambda$715/492429123@62fc9b9f] INFO  util.JvmPauseMonitor (JvmPauseMonitor.java:run(103)) - JvmPauseMonitor-om1: Started
2022-08-24 08:26:27,002 [Listener at 127.0.0.1/39171] INFO  http.BaseHttpServer (BaseHttpServer.java:newHttpServer2BuilderForOzone(209)) - Starting Web-server for ozoneManager at: http://0.0.0.0:0
2022-08-24 08:26:27,002 [Listener at 127.0.0.1/39171] INFO  http.BaseHttpServer (BaseHttpServer.java:<init>(107)) - Hadoop Security Enabled: false Ozone Security Enabled: false Ozone HTTP Security Enabled: false 
2022-08-24 08:26:27,003 [Listener at 127.0.0.1/39171] INFO  server.AuthenticationFilter (AuthenticationFilter.java:constructSecretProvider(240)) - Unable to initialize FileSignerSecretProvider, falling back to use random secrets.
2022-08-24 08:26:27,003 [Listener at 127.0.0.1/39171] WARN  http.HttpRequestLog (HttpRequestLog.java:getRequestLog(103)) - Jetty request log can only be enabled using Log4j
2022-08-24 08:26:27,005 [Listener at 127.0.0.1/39171] INFO  http.HttpServer2 (HttpServer2.java:addGlobalFilter(1029)) - Added global filter 'safety' (class=org.apache.hadoop.hdds.server.http.HttpServer2$QuotingInputFilter)
2022-08-24 08:26:27,006 [Listener at 127.0.0.1/39171] INFO  http.HttpServer2 (HttpServer2.java:addFilter(1005)) - Added filter static_user_filter (class=org.apache.hadoop.http.lib.StaticUserWebFilter$StaticUserFilter) to context ozoneManager
2022-08-24 08:26:27,006 [Listener at 127.0.0.1/39171] INFO  http.HttpServer2 (HttpServer2.java:addFilter(1013)) - Added filter static_user_filter (class=org.apache.hadoop.http.lib.StaticUserWebFilter$StaticUserFilter) to context logs
2022-08-24 08:26:27,006 [Listener at 127.0.0.1/39171] INFO  http.HttpServer2 (HttpServer2.java:addFilter(1013)) - Added filter static_user_filter (class=org.apache.hadoop.http.lib.StaticUserWebFilter$StaticUserFilter) to context static
2022-08-24 08:26:27,006 [Listener at 127.0.0.1/39171] INFO  http.HttpServer2 (HttpServer2.java:bindListener(1248)) - Jetty bound to port 37025
2022-08-24 08:26:27,006 [Listener at 127.0.0.1/39171] INFO  server.Server (Server.java:doStart(375)) - jetty-9.4.43.v20210629; built: 2021-06-30T11:07:22.254Z; git: 526006ecfa3af7f1a27ef3a288e2bef7ea9dd7e8; jvm 1.8.0_345-b01
2022-08-24 08:26:27,008 [Listener at 127.0.0.1/39171] INFO  server.session (DefaultSessionIdManager.java:doStart(334)) - DefaultSessionIdManager workerName=node0
2022-08-24 08:26:27,008 [Listener at 127.0.0.1/39171] INFO  server.session (DefaultSessionIdManager.java:doStart(339)) - No SessionScavenger set, using defaults
2022-08-24 08:26:27,009 [Listener at 127.0.0.1/39171] INFO  server.session (HouseKeeper.java:startScavenging(132)) - node0 Scavenging every 600000ms
2022-08-24 08:26:27,009 [Listener at 127.0.0.1/39171] INFO  handler.ContextHandler (ContextHandler.java:doStart(915)) - Started o.e.j.s.ServletContextHandler@162c54be{logs,/logs,file:///home/runner/work/ozone/ozone/hadoop-ozone/integration-test/target/log,AVAILABLE}
2022-08-24 08:26:27,009 [Listener at 127.0.0.1/39171] INFO  handler.ContextHandler (ContextHandler.java:doStart(915)) - Started o.e.j.s.ServletContextHandler@94055ca{static,/static,file:///home/runner/work/ozone/ozone/hadoop-ozone/integration-test/target/test-classes/webapps/static,AVAILABLE}
2022-08-24 08:26:27,012 [Listener at 127.0.0.1/39171] INFO  handler.ContextHandler (ContextHandler.java:doStart(915)) - Started o.e.j.w.WebAppContext@767bec58{ozoneManager,/,file:///home/runner/work/ozone/ozone/hadoop-ozone/integration-test/target/test-classes/webapps/ozoneManager/,AVAILABLE}{file:/home/runner/work/ozone/ozone/hadoop-ozone/integration-test/target/test-classes/webapps/ozoneManager}
2022-08-24 08:26:27,013 [Listener at 127.0.0.1/39171] INFO  server.AbstractConnector (AbstractConnector.java:doStart(331)) - Started ServerConnector@43adb9a3{HTTP/1.1, (http/1.1)}{0.0.0.0:37025}
2022-08-24 08:26:27,013 [Listener at 127.0.0.1/39171] INFO  server.Server (Server.java:doStart(415)) - Started @22740ms
2022-08-24 08:26:27,013 [Listener at 127.0.0.1/39171] WARN  impl.MetricsSystemImpl (MetricsSystemImpl.java:register(279)) - Sink prometheus already exists!
2022-08-24 08:26:27,014 [Listener at 127.0.0.1/39171] INFO  http.BaseHttpServer (BaseHttpServer.java:updateConnectorAddress(329)) - HTTP server of ozoneManager listening at http://0.0.0.0:37025
2022-08-24 08:26:27,014 [IPC Server Responder] INFO  ipc.Server (Server.java:run(1507)) - IPC Server Responder: starting
2022-08-24 08:26:27,014 [IPC Server listener on 0] INFO  ipc.Server (Server.java:run(1344)) - IPC Server listener on 0: starting
2022-08-24 08:26:27,030 [Listener at 127.0.0.1/39171] INFO  om.OzoneManager (OzoneManager.java:startTrashEmptier(1907)) - Trash Interval set to 0. Files deleted won't move to trash
2022-08-24 08:26:27,046 [org.apache.hadoop.util.JvmPauseMonitor$Monitor@5b20be42] INFO  util.JvmPauseMonitor (JvmPauseMonitor.java:run(188)) - Starting JVM pause monitor
2022-08-24 08:26:27,062 [Listener at 127.0.0.1/39171] WARN  impl.MetricRegistriesImpl (MetricRegistriesImpl.java:addReporterRegistration(111)) - New reporters are added after registries were created. Some metrics will be missing from the reporter. Please add reporter before adding any new registry.
2022-08-24 08:26:27,062 [Listener at 127.0.0.1/39171] WARN  impl.MetricRegistriesImpl (MetricRegistriesImpl.java:addReporterRegistration(111)) - New reporters are added after registries were created. Some metrics will be missing from the reporter. Please add reporter before adding any new registry.
2022-08-24 08:26:27,062 [Listener at 127.0.0.1/39171] INFO  impl.MetricsSystemImpl (MetricsSystemImpl.java:init(158)) - HddsDatanode metrics system started (again)
2022-08-24 08:26:27,073 [Listener at 127.0.0.1/39171] INFO  ozone.HddsDatanodeService (HddsDatanodeService.java:start(236)) - HddsDatanodeService host:fv-az96-669.m4cgkdvplvgupd014rd20bgx3d.gx.internal.cloudapp.net ip:10.1.0.105
2022-08-24 08:26:27,102 [Listener at 127.0.0.1/39171] INFO  upgrade.AbstractLayoutVersionManager (AbstractLayoutVersionManager.java:init(83)) - Initializing Layout version manager with metadata layout = DATANODE_SCHEMA_V3 (version = 4), software layout = DATANODE_SCHEMA_V3 (version = 4)
2022-08-24 08:26:27,168 [ReplicationMonitor] INFO  replication.ReplicationManager (ReplicationManager.java:processAll(255)) - Replication Manager is not ready to run until 3000ms after safemode exit
2022-08-24 08:26:27,207 [Listener at 127.0.0.1/39171] INFO  reflections.Reflections (Reflections.java:scan(232)) - Reflections took 105 ms to scan 7 urls, producing 133 keys and 322 values 
2022-08-24 08:26:27,208 [Listener at 127.0.0.1/39171] INFO  statemachine.DatanodeStateMachine (DatanodeStateMachine.java:getEndPointTaskThreadPoolSize(237)) - Datanode State Machine Task Thread Pool size 2
2022-08-24 08:26:27,212 [Listener at 127.0.0.1/39171] INFO  volume.HddsVolume (HddsVolume.java:<init>(117)) - Creating HddsVolume: /home/runner/work/ozone/ozone/hadoop-ozone/integration-test/target/test-dir/MiniOzoneClusterImpl-ef79d86f-cf98-4831-ba1c-bc14f6a33205/datanode-0/data-0/containers/hdds of storage type : DISK capacity : 9223372036854775807
2022-08-24 08:26:27,212 [Listener at 127.0.0.1/39171] INFO  volume.MutableVolumeSet (MutableVolumeSet.java:initializeVolumeSet(174)) - Added Volume : /home/runner/work/ozone/ozone/hadoop-ozone/integration-test/target/test-dir/MiniOzoneClusterImpl-ef79d86f-cf98-4831-ba1c-bc14f6a33205/datanode-0/data-0/containers/hdds to VolumeSet
2022-08-24 08:26:27,212 [Listener at 127.0.0.1/39171] INFO  volume.ThrottledAsyncChecker (ThrottledAsyncChecker.java:schedule(141)) - Scheduling a check for /home/runner/work/ozone/ozone/hadoop-ozone/integration-test/target/test-dir/MiniOzoneClusterImpl-ef79d86f-cf98-4831-ba1c-bc14f6a33205/datanode-0/data-0/containers/hdds
2022-08-24 08:26:27,219 [Listener at 127.0.0.1/39171] INFO  volume.StorageVolumeChecker (StorageVolumeChecker.java:checkAllVolumes(202)) - Scheduled health check for volume /home/runner/work/ozone/ozone/hadoop-ozone/integration-test/target/test-dir/MiniOzoneClusterImpl-ef79d86f-cf98-4831-ba1c-bc14f6a33205/datanode-0/data-0/containers/hdds
2022-08-24 08:26:27,240 [Listener at 127.0.0.1/39171] INFO  volume.MutableVolumeSet (MutableVolumeSet.java:initializeVolumeSet(174)) - Added Volume : /home/runner/work/ozone/ozone/hadoop-ozone/integration-test/target/test-dir/MiniOzoneClusterImpl-ef79d86f-cf98-4831-ba1c-bc14f6a33205/datanode-0/data/ratis to VolumeSet
2022-08-24 08:26:27,240 [Listener at 127.0.0.1/39171] INFO  volume.ThrottledAsyncChecker (ThrottledAsyncChecker.java:schedule(141)) - Scheduling a check for /home/runner/work/ozone/ozone/hadoop-ozone/integration-test/target/test-dir/MiniOzoneClusterImpl-ef79d86f-cf98-4831-ba1c-bc14f6a33205/datanode-0/data/ratis
2022-08-24 08:26:27,240 [Listener at 127.0.0.1/39171] INFO  volume.StorageVolumeChecker (StorageVolumeChecker.java:checkAllVolumes(202)) - Scheduled health check for volume /home/runner/work/ozone/ozone/hadoop-ozone/integration-test/target/test-dir/MiniOzoneClusterImpl-ef79d86f-cf98-4831-ba1c-bc14f6a33205/datanode-0/data/ratis
2022-08-24 08:26:27,255 [Thread-473] INFO  ozoneimpl.ContainerReader (ContainerReader.java:readVolume(175)) - Finish verifying containers on volume /home/runner/work/ozone/ozone/hadoop-ozone/integration-test/target/test-dir/MiniOzoneClusterImpl-ef79d86f-cf98-4831-ba1c-bc14f6a33205/datanode-0/data-0/containers/hdds
2022-08-24 08:26:27,256 [Listener at 127.0.0.1/39171] INFO  ozoneimpl.OzoneContainer (OzoneContainer.java:buildContainerSet(299)) - Build ContainerSet costs 0s
2022-08-24 08:26:27,257 [Listener at 127.0.0.1/39171] INFO  server.RaftServer (ConfUtils.java:logGet(46)) - raft.rpc.type = GRPC (default)
2022-08-24 08:26:27,258 [Listener at 127.0.0.1/39171] INFO  grpc.GrpcFactory (GrpcFactory.java:checkPooledByteBufAllocatorUseCacheForAllThreads(48)) - PERFORMANCE WARNING: useCacheForAllThreads is true that may cause Netty to create a lot garbage objects and, as a result, trigger GC.
	It is recommended to disable useCacheForAllThreads by setting -Dorg.apache.ratis.thirdparty.io.netty.allocator.useCacheForAllThreads=false in command line.
2022-08-24 08:26:27,258 [Listener at 127.0.0.1/39171] INFO  grpc.GrpcConfigKeys (ConfUtils.java:logGet(46)) - raft.grpc.admin.port = 0 (custom)
2022-08-24 08:26:27,258 [Listener at 127.0.0.1/39171] INFO  grpc.GrpcConfigKeys (ConfUtils.java:logGet(46)) - raft.grpc.client.port = 0 (custom)
2022-08-24 08:26:27,258 [Listener at 127.0.0.1/39171] INFO  grpc.GrpcConfigKeys (ConfUtils.java:logGet(46)) - raft.grpc.server.port = 0 (default)
2022-08-24 08:26:27,258 [Listener at 127.0.0.1/39171] INFO  server.GrpcService (ConfUtils.java:logGet(46)) - raft.grpc.message.size.max = 32MB (=33554432) (custom)
2022-08-24 08:26:27,258 [Listener at 127.0.0.1/39171] INFO  server.RaftServerConfigKeys (ConfUtils.java:logGet(46)) - raft.server.log.appender.buffer.byte-limit = 33554432 (custom)
2022-08-24 08:26:27,258 [Listener at 127.0.0.1/39171] INFO  server.GrpcService (ConfUtils.java:logGet(46)) - raft.grpc.flow.control.window = 5MB (=5242880) (custom)
2022-08-24 08:26:27,258 [Listener at 127.0.0.1/39171] INFO  server.RaftServerConfigKeys (ConfUtils.java:logGet(46)) - raft.server.rpc.request.timeout = 60s (custom)
2022-08-24 08:26:27,258 [Listener at 127.0.0.1/39171] INFO  grpc.GrpcConfigKeys (ConfUtils.java:logGet(46)) - raft.grpc.server.async.request.thread.pool.cached = true (default)
2022-08-24 08:26:27,258 [Listener at 127.0.0.1/39171] INFO  grpc.GrpcConfigKeys (ConfUtils.java:logGet(46)) - raft.grpc.server.async.request.thread.pool.size = 32 (default)
2022-08-24 08:26:27,259 [Listener at 127.0.0.1/39171] INFO  impl.DataStreamServerImpl (ConfUtils.java:logGet(46)) - raft.datastream.type = DISABLED (default)
2022-08-24 08:26:27,259 [Listener at 127.0.0.1/39171] INFO  server.RaftServerConfigKeys (ConfUtils.java:logGet(46)) - raft.server.threadpool.proxy.cached = true (default)
2022-08-24 08:26:27,259 [Listener at 127.0.0.1/39171] INFO  server.RaftServerConfigKeys (ConfUtils.java:logGet(46)) - raft.server.threadpool.proxy.size = 0 (default)
2022-08-24 08:26:27,259 [Listener at 127.0.0.1/39171] INFO  server.RaftServerConfigKeys (ConfUtils.java:logGet(46)) - raft.server.rpc.slowness.timeout = 300s (custom)
2022-08-24 08:26:27,259 [Listener at 127.0.0.1/39171] INFO  server.RaftServerConfigKeys (ConfUtils.java:logGet(46)) - raft.server.leaderelection.leader.step-down.wait-time = 10s (default)
2022-08-24 08:26:27,259 [Listener at 127.0.0.1/39171] INFO  server.RaftServerConfigKeys (ConfUtils.java:logGet(46)) - raft.server.storage.dir = [/home/runner/work/ozone/ozone/hadoop-ozone/integration-test/target/test-dir/MiniOzoneClusterImpl-ef79d86f-cf98-4831-ba1c-bc14f6a33205/datanode-0/data/ratis] (custom)
2022-08-24 08:26:27,260 [Listener at 127.0.0.1/39171] INFO  server.XceiverServerGrpc (XceiverServerGrpc.java:<init>(132)) - GrpcServer channel type EpollServerSocketChannel
2022-08-24 08:26:27,262 [Listener at 127.0.0.1/39171] INFO  http.BaseHttpServer (BaseHttpServer.java:newHttpServer2BuilderForOzone(209)) - Starting Web-server for hddsDatanode at: http://0.0.0.0:0
2022-08-24 08:26:27,263 [Listener at 127.0.0.1/39171] INFO  http.BaseHttpServer (BaseHttpServer.java:<init>(107)) - Hadoop Security Enabled: false Ozone Security Enabled: false Ozone HTTP Security Enabled: false 
2022-08-24 08:26:27,263 [Listener at 127.0.0.1/39171] INFO  server.AuthenticationFilter (AuthenticationFilter.java:constructSecretProvider(240)) - Unable to initialize FileSignerSecretProvider, falling back to use random secrets.
2022-08-24 08:26:27,270 [Listener at 127.0.0.1/39171] WARN  http.HttpRequestLog (HttpRequestLog.java:getRequestLog(103)) - Jetty request log can only be enabled using Log4j
2022-08-24 08:26:27,271 [Listener at 127.0.0.1/39171] INFO  http.HttpServer2 (HttpServer2.java:addGlobalFilter(1029)) - Added global filter 'safety' (class=org.apache.hadoop.hdds.server.http.HttpServer2$QuotingInputFilter)
2022-08-24 08:26:27,275 [Listener at 127.0.0.1/39171] INFO  http.HttpServer2 (HttpServer2.java:addFilter(1005)) - Added filter static_user_filter (class=org.apache.hadoop.http.lib.StaticUserWebFilter$StaticUserFilter) to context hddsDatanode
2022-08-24 08:26:27,275 [Listener at 127.0.0.1/39171] INFO  http.HttpServer2 (HttpServer2.java:addFilter(1013)) - Added filter static_user_filter (class=org.apache.hadoop.http.lib.StaticUserWebFilter$StaticUserFilter) to context static
2022-08-24 08:26:27,275 [Listener at 127.0.0.1/39171] INFO  http.HttpServer2 (HttpServer2.java:addFilter(1013)) - Added filter static_user_filter (class=org.apache.hadoop.http.lib.StaticUserWebFilter$StaticUserFilter) to context logs
2022-08-24 08:26:27,276 [Listener at 127.0.0.1/39171] INFO  http.HttpServer2 (HttpServer2.java:bindListener(1248)) - Jetty bound to port 39107
2022-08-24 08:26:27,276 [Listener at 127.0.0.1/39171] INFO  server.Server (Server.java:doStart(375)) - jetty-9.4.43.v20210629; built: 2021-06-30T11:07:22.254Z; git: 526006ecfa3af7f1a27ef3a288e2bef7ea9dd7e8; jvm 1.8.0_345-b01
2022-08-24 08:26:27,280 [Listener at 127.0.0.1/39171] INFO  server.session (DefaultSessionIdManager.java:doStart(334)) - DefaultSessionIdManager workerName=node0
2022-08-24 08:26:27,280 [Listener at 127.0.0.1/39171] INFO  server.session (DefaultSessionIdManager.java:doStart(339)) - No SessionScavenger set, using defaults
2022-08-24 08:26:27,280 [Listener at 127.0.0.1/39171] INFO  server.session (HouseKeeper.java:startScavenging(132)) - node0 Scavenging every 660000ms
2022-08-24 08:26:27,280 [Listener at 127.0.0.1/39171] INFO  handler.ContextHandler (ContextHandler.java:doStart(915)) - Started o.e.j.s.ServletContextHandler@3f424ecb{logs,/logs,file:///home/runner/work/ozone/ozone/hadoop-ozone/integration-test/target/log,AVAILABLE}
2022-08-24 08:26:27,281 [Listener at 127.0.0.1/39171] INFO  handler.ContextHandler (ContextHandler.java:doStart(915)) - Started o.e.j.s.ServletContextHandler@62ab7343{static,/static,jar:file:/home/runner/.m2/repository/org/apache/ozone/hdds-container-service/1.3.0-SNAPSHOT/hdds-container-service-1.3.0-SNAPSHOT.jar!/webapps/static,AVAILABLE}
2022-08-24 08:26:27,599 [Listener at 127.0.0.1/39171] INFO  handler.ContextHandler (ContextHandler.java:doStart(915)) - Started o.e.j.w.WebAppContext@25c2a170{hddsDatanode,/,file:///tmp/jetty-0_0_0_0-39107-hdds-container-service-1_3_0-SNAPSHOT_jar-_-any-3514941327500749912/webapp/,AVAILABLE}{jar:file:/home/runner/.m2/repository/org/apache/ozone/hdds-container-service/1.3.0-SNAPSHOT/hdds-container-service-1.3.0-SNAPSHOT.jar!/webapps/hddsDatanode}
2022-08-24 08:26:27,610 [Listener at 127.0.0.1/39171] INFO  server.AbstractConnector (AbstractConnector.java:doStart(331)) - Started ServerConnector@38a9ce05{HTTP/1.1, (http/1.1)}{0.0.0.0:39107}
2022-08-24 08:26:27,610 [Listener at 127.0.0.1/39171] INFO  server.Server (Server.java:doStart(415)) - Started @23337ms
2022-08-24 08:26:27,610 [Listener at 127.0.0.1/39171] WARN  impl.MetricsSystemImpl (MetricsSystemImpl.java:register(279)) - Sink prometheus already exists!
2022-08-24 08:26:27,611 [Listener at 127.0.0.1/39171] INFO  http.BaseHttpServer (BaseHttpServer.java:updateConnectorAddress(329)) - HTTP server of hddsDatanode listening at http://0.0.0.0:39107
2022-08-24 08:26:27,612 [Listener at 127.0.0.1/39171] WARN  impl.MetricRegistriesImpl (MetricRegistriesImpl.java:addReporterRegistration(111)) - New reporters are added after registries were created. Some metrics will be missing from the reporter. Please add reporter before adding any new registry.
2022-08-24 08:26:27,612 [Listener at 127.0.0.1/39171] WARN  impl.MetricRegistriesImpl (MetricRegistriesImpl.java:addReporterRegistration(111)) - New reporters are added after registries were created. Some metrics will be missing from the reporter. Please add reporter before adding any new registry.
2022-08-24 08:26:27,612 [Listener at 127.0.0.1/39171] INFO  impl.MetricsSystemImpl (MetricsSystemImpl.java:init(158)) - HddsDatanode metrics system started (again)
2022-08-24 08:26:27,616 [Datanode State Machine Daemon Thread] INFO  statemachine.DatanodeStateMachine (DatanodeStateMachine.java:lambda$startDaemon$0(492)) - Ozone container server started.
2022-08-24 08:26:27,627 [Listener at 127.0.0.1/39171] INFO  ozone.HddsDatanodeService (HddsDatanodeService.java:start(236)) - HddsDatanodeService host:fv-az96-669.m4cgkdvplvgupd014rd20bgx3d.gx.internal.cloudapp.net ip:10.1.0.105
2022-08-24 08:26:27,628 [org.apache.hadoop.util.JvmPauseMonitor$Monitor@2bbdbd5] INFO  util.JvmPauseMonitor (JvmPauseMonitor.java:run(188)) - Starting JVM pause monitor
2022-08-24 08:26:27,636 [Datanode State Machine Task Thread - 0] INFO  datanode.InitDatanodeState (InitDatanodeState.java:persistContainerDatanodeDetails(138)) - DatanodeDetails is persisted to /home/runner/work/ozone/ozone/hadoop-ozone/integration-test/target/test-dir/MiniOzoneClusterImpl-ef79d86f-cf98-4831-ba1c-bc14f6a33205/datanode-0/meta/datanode.id
2022-08-24 08:26:27,657 [Listener at 127.0.0.1/39171] INFO  upgrade.AbstractLayoutVersionManager (AbstractLayoutVersionManager.java:init(83)) - Initializing Layout version manager with metadata layout = DATANODE_SCHEMA_V3 (version = 4), software layout = DATANODE_SCHEMA_V3 (version = 4)
2022-08-24 08:26:27,703 [ReplicationMonitor] INFO  replication.ReplicationManager (ReplicationManager.java:processAll(255)) - Replication Manager is not ready to run until 3000ms after safemode exit
2022-08-24 08:26:27,736 [Listener at 127.0.0.1/39171] INFO  reflections.Reflections (Reflections.java:scan(232)) - Reflections took 78 ms to scan 7 urls, producing 133 keys and 322 values 
2022-08-24 08:26:27,737 [Listener at 127.0.0.1/39171] INFO  statemachine.DatanodeStateMachine (DatanodeStateMachine.java:getEndPointTaskThreadPoolSize(237)) - Datanode State Machine Task Thread Pool size 2
2022-08-24 08:26:27,745 [Listener at 127.0.0.1/39171] INFO  volume.HddsVolume (HddsVolume.java:<init>(117)) - Creating HddsVolume: /home/runner/work/ozone/ozone/hadoop-ozone/integration-test/target/test-dir/MiniOzoneClusterImpl-ef79d86f-cf98-4831-ba1c-bc14f6a33205/datanode-1/data-0/containers/hdds of storage type : DISK capacity : 9223372036854775807
2022-08-24 08:26:27,745 [Listener at 127.0.0.1/39171] INFO  volume.MutableVolumeSet (MutableVolumeSet.java:initializeVolumeSet(174)) - Added Volume : /home/runner/work/ozone/ozone/hadoop-ozone/integration-test/target/test-dir/MiniOzoneClusterImpl-ef79d86f-cf98-4831-ba1c-bc14f6a33205/datanode-1/data-0/containers/hdds to VolumeSet
2022-08-24 08:26:27,745 [Listener at 127.0.0.1/39171] INFO  volume.ThrottledAsyncChecker (ThrottledAsyncChecker.java:schedule(141)) - Scheduling a check for /home/runner/work/ozone/ozone/hadoop-ozone/integration-test/target/test-dir/MiniOzoneClusterImpl-ef79d86f-cf98-4831-ba1c-bc14f6a33205/datanode-1/data-0/containers/hdds
2022-08-24 08:26:27,750 [Listener at 127.0.0.1/39171] INFO  volume.StorageVolumeChecker (StorageVolumeChecker.java:checkAllVolumes(202)) - Scheduled health check for volume /home/runner/work/ozone/ozone/hadoop-ozone/integration-test/target/test-dir/MiniOzoneClusterImpl-ef79d86f-cf98-4831-ba1c-bc14f6a33205/datanode-1/data-0/containers/hdds
2022-08-24 08:26:27,768 [Listener at 127.0.0.1/39171] INFO  volume.MutableVolumeSet (MutableVolumeSet.java:initializeVolumeSet(174)) - Added Volume : /home/runner/work/ozone/ozone/hadoop-ozone/integration-test/target/test-dir/MiniOzoneClusterImpl-ef79d86f-cf98-4831-ba1c-bc14f6a33205/datanode-1/data/ratis to VolumeSet
2022-08-24 08:26:27,768 [Listener at 127.0.0.1/39171] INFO  volume.ThrottledAsyncChecker (ThrottledAsyncChecker.java:schedule(141)) - Scheduling a check for /home/runner/work/ozone/ozone/hadoop-ozone/integration-test/target/test-dir/MiniOzoneClusterImpl-ef79d86f-cf98-4831-ba1c-bc14f6a33205/datanode-1/data/ratis
2022-08-24 08:26:27,769 [Listener at 127.0.0.1/39171] INFO  volume.StorageVolumeChecker (StorageVolumeChecker.java:checkAllVolumes(202)) - Scheduled health check for volume /home/runner/work/ozone/ozone/hadoop-ozone/integration-test/target/test-dir/MiniOzoneClusterImpl-ef79d86f-cf98-4831-ba1c-bc14f6a33205/datanode-1/data/ratis
2022-08-24 08:26:27,782 [Thread-543] INFO  ozoneimpl.ContainerReader (ContainerReader.java:readVolume(175)) - Finish verifying containers on volume /home/runner/work/ozone/ozone/hadoop-ozone/integration-test/target/test-dir/MiniOzoneClusterImpl-ef79d86f-cf98-4831-ba1c-bc14f6a33205/datanode-1/data-0/containers/hdds
2022-08-24 08:26:27,782 [Listener at 127.0.0.1/39171] INFO  ozoneimpl.OzoneContainer (OzoneContainer.java:buildContainerSet(299)) - Build ContainerSet costs 0s
2022-08-24 08:26:27,784 [Listener at 127.0.0.1/39171] INFO  server.RaftServer (ConfUtils.java:logGet(46)) - raft.rpc.type = GRPC (default)
2022-08-24 08:26:27,784 [Listener at 127.0.0.1/39171] INFO  grpc.GrpcFactory (GrpcFactory.java:checkPooledByteBufAllocatorUseCacheForAllThreads(48)) - PERFORMANCE WARNING: useCacheForAllThreads is true that may cause Netty to create a lot garbage objects and, as a result, trigger GC.
	It is recommended to disable useCacheForAllThreads by setting -Dorg.apache.ratis.thirdparty.io.netty.allocator.useCacheForAllThreads=false in command line.
2022-08-24 08:26:27,784 [Listener at 127.0.0.1/39171] INFO  grpc.GrpcConfigKeys (ConfUtils.java:logGet(46)) - raft.grpc.admin.port = 0 (custom)
2022-08-24 08:26:27,784 [Listener at 127.0.0.1/39171] INFO  grpc.GrpcConfigKeys (ConfUtils.java:logGet(46)) - raft.grpc.client.port = 0 (custom)
2022-08-24 08:26:27,785 [Listener at 127.0.0.1/39171] INFO  grpc.GrpcConfigKeys (ConfUtils.java:logGet(46)) - raft.grpc.server.port = 0 (default)
2022-08-24 08:26:27,785 [Listener at 127.0.0.1/39171] INFO  server.GrpcService (ConfUtils.java:logGet(46)) - raft.grpc.message.size.max = 32MB (=33554432) (custom)
2022-08-24 08:26:27,785 [Listener at 127.0.0.1/39171] INFO  server.RaftServerConfigKeys (ConfUtils.java:logGet(46)) - raft.server.log.appender.buffer.byte-limit = 33554432 (custom)
2022-08-24 08:26:27,785 [Listener at 127.0.0.1/39171] INFO  server.GrpcService (ConfUtils.java:logGet(46)) - raft.grpc.flow.control.window = 5MB (=5242880) (custom)
2022-08-24 08:26:27,786 [Listener at 127.0.0.1/39171] INFO  server.RaftServerConfigKeys (ConfUtils.java:logGet(46)) - raft.server.rpc.request.timeout = 60s (custom)
2022-08-24 08:26:27,786 [Listener at 127.0.0.1/39171] INFO  grpc.GrpcConfigKeys (ConfUtils.java:logGet(46)) - raft.grpc.server.async.request.thread.pool.cached = true (default)
2022-08-24 08:26:27,786 [Listener at 127.0.0.1/39171] INFO  grpc.GrpcConfigKeys (ConfUtils.java:logGet(46)) - raft.grpc.server.async.request.thread.pool.size = 32 (default)
2022-08-24 08:26:27,787 [Listener at 127.0.0.1/39171] INFO  impl.DataStreamServerImpl (ConfUtils.java:logGet(46)) - raft.datastream.type = DISABLED (default)
2022-08-24 08:26:27,787 [Listener at 127.0.0.1/39171] INFO  server.RaftServerConfigKeys (ConfUtils.java:logGet(46)) - raft.server.threadpool.proxy.cached = true (default)
2022-08-24 08:26:27,787 [Listener at 127.0.0.1/39171] INFO  server.RaftServerConfigKeys (ConfUtils.java:logGet(46)) - raft.server.threadpool.proxy.size = 0 (default)
2022-08-24 08:26:27,788 [Listener at 127.0.0.1/39171] INFO  server.RaftServerConfigKeys (ConfUtils.java:logGet(46)) - raft.server.rpc.slowness.timeout = 300s (custom)
2022-08-24 08:26:27,788 [Listener at 127.0.0.1/39171] INFO  server.RaftServerConfigKeys (ConfUtils.java:logGet(46)) - raft.server.leaderelection.leader.step-down.wait-time = 10s (default)
2022-08-24 08:26:27,788 [Listener at 127.0.0.1/39171] INFO  server.RaftServerConfigKeys (ConfUtils.java:logGet(46)) - raft.server.storage.dir = [/home/runner/work/ozone/ozone/hadoop-ozone/integration-test/target/test-dir/MiniOzoneClusterImpl-ef79d86f-cf98-4831-ba1c-bc14f6a33205/datanode-1/data/ratis] (custom)
2022-08-24 08:26:27,789 [Listener at 127.0.0.1/39171] INFO  server.XceiverServerGrpc (XceiverServerGrpc.java:<init>(132)) - GrpcServer channel type EpollServerSocketChannel
2022-08-24 08:26:27,800 [Listener at 127.0.0.1/39171] INFO  http.BaseHttpServer (BaseHttpServer.java:newHttpServer2BuilderForOzone(209)) - Starting Web-server for hddsDatanode at: http://0.0.0.0:0
2022-08-24 08:26:27,800 [Listener at 127.0.0.1/39171] INFO  http.BaseHttpServer (BaseHttpServer.java:<init>(107)) - Hadoop Security Enabled: false Ozone Security Enabled: false Ozone HTTP Security Enabled: false 
2022-08-24 08:26:27,801 [Listener at 127.0.0.1/39171] INFO  server.AuthenticationFilter (AuthenticationFilter.java:constructSecretProvider(240)) - Unable to initialize FileSignerSecretProvider, falling back to use random secrets.
2022-08-24 08:26:27,808 [Listener at 127.0.0.1/39171] WARN  http.HttpRequestLog (HttpRequestLog.java:getRequestLog(103)) - Jetty request log can only be enabled using Log4j
2022-08-24 08:26:27,809 [Listener at 127.0.0.1/39171] INFO  http.HttpServer2 (HttpServer2.java:addGlobalFilter(1029)) - Added global filter 'safety' (class=org.apache.hadoop.hdds.server.http.HttpServer2$QuotingInputFilter)
2022-08-24 08:26:27,809 [Listener at 127.0.0.1/39171] INFO  http.HttpServer2 (HttpServer2.java:addFilter(1005)) - Added filter static_user_filter (class=org.apache.hadoop.http.lib.StaticUserWebFilter$StaticUserFilter) to context hddsDatanode
2022-08-24 08:26:27,809 [Listener at 127.0.0.1/39171] INFO  http.HttpServer2 (HttpServer2.java:addFilter(1013)) - Added filter static_user_filter (class=org.apache.hadoop.http.lib.StaticUserWebFilter$StaticUserFilter) to context logs
2022-08-24 08:26:27,809 [Listener at 127.0.0.1/39171] INFO  http.HttpServer2 (HttpServer2.java:addFilter(1013)) - Added filter static_user_filter (class=org.apache.hadoop.http.lib.StaticUserWebFilter$StaticUserFilter) to context static
2022-08-24 08:26:27,810 [Listener at 127.0.0.1/39171] INFO  http.HttpServer2 (HttpServer2.java:bindListener(1248)) - Jetty bound to port 37527
2022-08-24 08:26:27,810 [Listener at 127.0.0.1/39171] INFO  server.Server (Server.java:doStart(375)) - jetty-9.4.43.v20210629; built: 2021-06-30T11:07:22.254Z; git: 526006ecfa3af7f1a27ef3a288e2bef7ea9dd7e8; jvm 1.8.0_345-b01
2022-08-24 08:26:27,826 [Listener at 127.0.0.1/39171] INFO  server.session (DefaultSessionIdManager.java:doStart(334)) - DefaultSessionIdManager workerName=node0
2022-08-24 08:26:27,826 [Listener at 127.0.0.1/39171] INFO  server.session (DefaultSessionIdManager.java:doStart(339)) - No SessionScavenger set, using defaults
2022-08-24 08:26:27,826 [Listener at 127.0.0.1/39171] INFO  server.session (HouseKeeper.java:startScavenging(132)) - node0 Scavenging every 660000ms
2022-08-24 08:26:27,829 [Listener at 127.0.0.1/39171] INFO  handler.ContextHandler (ContextHandler.java:doStart(915)) - Started o.e.j.s.ServletContextHandler@353ef8f8{logs,/logs,file:///home/runner/work/ozone/ozone/hadoop-ozone/integration-test/target/log,AVAILABLE}
2022-08-24 08:26:27,829 [Listener at 127.0.0.1/39171] INFO  handler.ContextHandler (ContextHandler.java:doStart(915)) - Started o.e.j.s.ServletContextHandler@15e81df1{static,/static,jar:file:/home/runner/.m2/repository/org/apache/ozone/hdds-container-service/1.3.0-SNAPSHOT/hdds-container-service-1.3.0-SNAPSHOT.jar!/webapps/static,AVAILABLE}
2022-08-24 08:26:28,038 [om1@group-C5BA1605619E-FollowerState] INFO  impl.FollowerState (FollowerState.java:run(143)) - om1@group-C5BA1605619E-FollowerState: change to CANDIDATE, lastRpcElapsedTime:1066784433ns, electionTimeout:1055ms
2022-08-24 08:26:28,038 [om1@group-C5BA1605619E-FollowerState] INFO  impl.RoleInfo (RoleInfo.java:shutdownFollowerState(110)) - om1: shutdown om1@group-C5BA1605619E-FollowerState
2022-08-24 08:26:28,038 [om1@group-C5BA1605619E-FollowerState] INFO  server.RaftServer$Division (RaftServerImpl.java:setRole(299)) - om1@group-C5BA1605619E: changes role from  FOLLOWER to CANDIDATE at term 0 for changeToCandidate
2022-08-24 08:26:28,038 [om1@group-C5BA1605619E-FollowerState] INFO  server.RaftServerConfigKeys (ConfUtils.java:logGet(46)) - raft.server.leaderelection.pre-vote = false (custom)
2022-08-24 08:26:28,038 [om1@group-C5BA1605619E-FollowerState] INFO  impl.RoleInfo (RoleInfo.java:updateAndGet(139)) - om1: start om1@group-C5BA1605619E-LeaderElection10
2022-08-24 08:26:28,060 [om1@group-C5BA1605619E-LeaderElection10] INFO  impl.LeaderElection (LeaderElection.java:askForVotes(310)) - om1@group-C5BA1605619E-LeaderElection10 ELECTION round 0: submit vote requests at term 1 for -1: [om1|rpc:localhost:33989|priority:0], old=null
2022-08-24 08:26:28,063 [om1@group-C5BA1605619E-LeaderElection10] INFO  impl.LeaderElection (LeaderElection.java:askForVotes(312)) - om1@group-C5BA1605619E-LeaderElection10 ELECTION round 0: result PASSED (term=1)
2022-08-24 08:26:28,063 [om1@group-C5BA1605619E-LeaderElection10] INFO  impl.RoleInfo (RoleInfo.java:shutdownLeaderElection(130)) - om1: shutdown om1@group-C5BA1605619E-LeaderElection10
2022-08-24 08:26:28,064 [om1@group-C5BA1605619E-LeaderElection10] INFO  server.RaftServer$Division (RaftServerImpl.java:setRole(299)) - om1@group-C5BA1605619E: changes role from CANDIDATE to LEADER at term 1 for changeToLeader
2022-08-24 08:26:28,064 [om1@group-C5BA1605619E-LeaderElection10] INFO  server.RaftServer$Division (ServerState.java:setLeader(287)) - om1@group-C5BA1605619E: change Leader from null to om1 at term 1 for becomeLeader, leader elected after 1853ms
2022-08-24 08:26:28,064 [om1@group-C5BA1605619E-LeaderElection10] INFO  server.RaftServerConfigKeys (ConfUtils.java:logGet(46)) - raft.server.staging.catchup.gap = 1000 (default)
2022-08-24 08:26:28,064 [om1@group-C5BA1605619E-LeaderElection10] INFO  server.RaftServerConfigKeys (ConfUtils.java:logGet(46)) - raft.server.write.element-limit = 4096 (default)
2022-08-24 08:26:28,064 [om1@group-C5BA1605619E-LeaderElection10] INFO  server.RaftServerConfigKeys (ConfUtils.java:logGet(46)) - raft.server.write.byte-limit = 64MB (=67108864) (default)
2022-08-24 08:26:28,065 [om1@group-C5BA1605619E-LeaderElection10] INFO  server.RaftServerConfigKeys (ConfUtils.java:logGet(46)) - raft.server.watch.timeout = 10s (default)
2022-08-24 08:26:28,065 [om1@group-C5BA1605619E-LeaderElection10] INFO  server.RaftServerConfigKeys (ConfUtils.java:logGet(46)) - raft.server.watch.timeout.denomination = 1s (default)
2022-08-24 08:26:28,065 [om1@group-C5BA1605619E-LeaderElection10] INFO  server.RaftServerConfigKeys (ConfUtils.java:logGet(46)) - raft.server.watch.element-limit = 65536 (default)
2022-08-24 08:26:28,065 [om1@group-C5BA1605619E-LeaderElection10] INFO  server.RaftServerConfigKeys (ConfUtils.java:logGet(46)) - raft.server.write.element-limit = 4096 (default)
2022-08-24 08:26:28,065 [om1@group-C5BA1605619E-LeaderElection10] INFO  server.RaftServerConfigKeys (ConfUtils.java:logGet(46)) - raft.server.write.follower.gap.ratio.max = -1.0 (default)
2022-08-24 08:26:28,065 [om1@group-C5BA1605619E-LeaderElection10] INFO  impl.RoleInfo (RoleInfo.java:updateAndGet(139)) - om1: start om1@group-C5BA1605619E-LeaderStateImpl
2022-08-24 08:26:28,066 [om1@group-C5BA1605619E-LeaderElection10] INFO  segmented.SegmentedRaftLogWorker (SegmentedRaftLogWorker.java:startLogSegment(425)) - om1@group-C5BA1605619E-SegmentedRaftLogWorker: Starting segment from index:0
2022-08-24 08:26:28,077 [om1@group-C5BA1605619E-LeaderElection10] INFO  server.RaftServer$Division (ServerState.java:setRaftConf(393)) - om1@group-C5BA1605619E: set configuration 0: [om1|rpc:localhost:33989|admin:|client:|dataStream:|priority:0], old=null
2022-08-24 08:26:28,103 [om1@group-C5BA1605619E-SegmentedRaftLogWorker] INFO  segmented.SegmentedRaftLogWorker (SegmentedRaftLogWorker.java:execute(629)) - om1@group-C5BA1605619E-SegmentedRaftLogWorker: created new log segment /home/runner/work/ozone/ozone/hadoop-ozone/integration-test/target/test-dir/MiniOzoneClusterImpl-ef79d86f-cf98-4831-ba1c-bc14f6a33205/ozone-meta/ratis/bf265839-605b-3f16-9796-c5ba1605619e/current/log_inprogress_0
2022-08-24 08:26:28,107 [om1@group-C5BA1605619E-StateMachineUpdater] INFO  ratis.OzoneManagerStateMachine (OzoneManagerStateMachine.java:notifyConfigurationChanged(192)) - Received Configuration change notification from Ratis. New Peer list:
[id: "om1"
address: "localhost:33989"
]
2022-08-24 08:26:28,169 [ReplicationMonitor] INFO  replication.ReplicationManager (ReplicationManager.java:processAll(293)) - Replication Monitor Thread took 0 milliseconds for processing 3 containers.
2022-08-24 08:26:28,248 [Listener at 127.0.0.1/39171] INFO  handler.ContextHandler (ContextHandler.java:doStart(915)) - Started o.e.j.w.WebAppContext@6ee3ccac{hddsDatanode,/,file:///tmp/jetty-0_0_0_0-37527-hdds-container-service-1_3_0-SNAPSHOT_jar-_-any-8106300727897255722/webapp/,AVAILABLE}{jar:file:/home/runner/.m2/repository/org/apache/ozone/hdds-container-service/1.3.0-SNAPSHOT/hdds-container-service-1.3.0-SNAPSHOT.jar!/webapps/hddsDatanode}
2022-08-24 08:26:28,250 [Listener at 127.0.0.1/39171] INFO  server.AbstractConnector (AbstractConnector.java:doStart(331)) - Started ServerConnector@48dd1070{HTTP/1.1, (http/1.1)}{0.0.0.0:37527}
2022-08-24 08:26:28,250 [Listener at 127.0.0.1/39171] INFO  server.Server (Server.java:doStart(415)) - Started @23977ms
2022-08-24 08:26:28,250 [Listener at 127.0.0.1/39171] WARN  impl.MetricsSystemImpl (MetricsSystemImpl.java:register(279)) - Sink prometheus already exists!
2022-08-24 08:26:28,252 [Listener at 127.0.0.1/39171] INFO  http.BaseHttpServer (BaseHttpServer.java:updateConnectorAddress(329)) - HTTP server of hddsDatanode listening at http://0.0.0.0:37527
2022-08-24 08:26:28,254 [Listener at 127.0.0.1/39171] WARN  impl.MetricRegistriesImpl (MetricRegistriesImpl.java:addReporterRegistration(111)) - New reporters are added after registries were created. Some metrics will be missing from the reporter. Please add reporter before adding any new registry.
2022-08-24 08:26:28,254 [Listener at 127.0.0.1/39171] WARN  impl.MetricRegistriesImpl (MetricRegistriesImpl.java:addReporterRegistration(111)) - New reporters are added after registries were created. Some metrics will be missing from the reporter. Please add reporter before adding any new registry.
2022-08-24 08:26:28,255 [Listener at 127.0.0.1/39171] INFO  impl.MetricsSystemImpl (MetricsSystemImpl.java:init(158)) - HddsDatanode metrics system started (again)
2022-08-24 08:26:28,262 [Datanode State Machine Daemon Thread] INFO  statemachine.DatanodeStateMachine (DatanodeStateMachine.java:lambda$startDaemon$0(492)) - Ozone container server started.
2022-08-24 08:26:28,288 [org.apache.hadoop.util.JvmPauseMonitor$Monitor@4bf8ad15] INFO  util.JvmPauseMonitor (JvmPauseMonitor.java:run(188)) - Starting JVM pause monitor
2022-08-24 08:26:28,293 [Listener at 127.0.0.1/39171] INFO  ozone.HddsDatanodeService (HddsDatanodeService.java:start(236)) - HddsDatanodeService host:fv-az96-669.m4cgkdvplvgupd014rd20bgx3d.gx.internal.cloudapp.net ip:10.1.0.105
2022-08-24 08:26:28,296 [Datanode State Machine Task Thread - 0] INFO  datanode.InitDatanodeState (InitDatanodeState.java:persistContainerDatanodeDetails(138)) - DatanodeDetails is persisted to /home/runner/work/ozone/ozone/hadoop-ozone/integration-test/target/test-dir/MiniOzoneClusterImpl-ef79d86f-cf98-4831-ba1c-bc14f6a33205/datanode-1/meta/datanode.id
2022-08-24 08:26:28,326 [Listener at 127.0.0.1/39171] INFO  upgrade.AbstractLayoutVersionManager (AbstractLayoutVersionManager.java:init(83)) - Initializing Layout version manager with metadata layout = DATANODE_SCHEMA_V3 (version = 4), software layout = DATANODE_SCHEMA_V3 (version = 4)
2022-08-24 08:26:28,381 [Listener at 127.0.0.1/39171] INFO  reflections.Reflections (Reflections.java:scan(232)) - Reflections took 54 ms to scan 7 urls, producing 133 keys and 322 values 
2022-08-24 08:26:28,382 [Listener at 127.0.0.1/39171] INFO  statemachine.DatanodeStateMachine (DatanodeStateMachine.java:getEndPointTaskThreadPoolSize(237)) - Datanode State Machine Task Thread Pool size 2
2022-08-24 08:26:28,385 [Listener at 127.0.0.1/39171] INFO  volume.HddsVolume (HddsVolume.java:<init>(117)) - Creating HddsVolume: /home/runner/work/ozone/ozone/hadoop-ozone/integration-test/target/test-dir/MiniOzoneClusterImpl-ef79d86f-cf98-4831-ba1c-bc14f6a33205/datanode-2/data-0/containers/hdds of storage type : DISK capacity : 9223372036854775807
2022-08-24 08:26:28,385 [Listener at 127.0.0.1/39171] INFO  volume.MutableVolumeSet (MutableVolumeSet.java:initializeVolumeSet(174)) - Added Volume : /home/runner/work/ozone/ozone/hadoop-ozone/integration-test/target/test-dir/MiniOzoneClusterImpl-ef79d86f-cf98-4831-ba1c-bc14f6a33205/datanode-2/data-0/containers/hdds to VolumeSet
2022-08-24 08:26:28,385 [Listener at 127.0.0.1/39171] INFO  volume.ThrottledAsyncChecker (ThrottledAsyncChecker.java:schedule(141)) - Scheduling a check for /home/runner/work/ozone/ozone/hadoop-ozone/integration-test/target/test-dir/MiniOzoneClusterImpl-ef79d86f-cf98-4831-ba1c-bc14f6a33205/datanode-2/data-0/containers/hdds
2022-08-24 08:26:28,393 [Listener at 127.0.0.1/39171] INFO  volume.StorageVolumeChecker (StorageVolumeChecker.java:checkAllVolumes(202)) - Scheduled health check for volume /home/runner/work/ozone/ozone/hadoop-ozone/integration-test/target/test-dir/MiniOzoneClusterImpl-ef79d86f-cf98-4831-ba1c-bc14f6a33205/datanode-2/data-0/containers/hdds
2022-08-24 08:26:28,429 [Listener at 127.0.0.1/39171] INFO  volume.MutableVolumeSet (MutableVolumeSet.java:initializeVolumeSet(174)) - Added Volume : /home/runner/work/ozone/ozone/hadoop-ozone/integration-test/target/test-dir/MiniOzoneClusterImpl-ef79d86f-cf98-4831-ba1c-bc14f6a33205/datanode-2/data/ratis to VolumeSet
2022-08-24 08:26:28,429 [Listener at 127.0.0.1/39171] INFO  volume.ThrottledAsyncChecker (ThrottledAsyncChecker.java:schedule(141)) - Scheduling a check for /home/runner/work/ozone/ozone/hadoop-ozone/integration-test/target/test-dir/MiniOzoneClusterImpl-ef79d86f-cf98-4831-ba1c-bc14f6a33205/datanode-2/data/ratis
2022-08-24 08:26:28,437 [Listener at 127.0.0.1/39171] INFO  volume.StorageVolumeChecker (StorageVolumeChecker.java:checkAllVolumes(202)) - Scheduled health check for volume /home/runner/work/ozone/ozone/hadoop-ozone/integration-test/target/test-dir/MiniOzoneClusterImpl-ef79d86f-cf98-4831-ba1c-bc14f6a33205/datanode-2/data/ratis
2022-08-24 08:26:28,470 [Thread-636] INFO  ozoneimpl.ContainerReader (ContainerReader.java:readVolume(175)) - Finish verifying containers on volume /home/runner/work/ozone/ozone/hadoop-ozone/integration-test/target/test-dir/MiniOzoneClusterImpl-ef79d86f-cf98-4831-ba1c-bc14f6a33205/datanode-2/data-0/containers/hdds
2022-08-24 08:26:28,470 [Listener at 127.0.0.1/39171] INFO  ozoneimpl.OzoneContainer (OzoneContainer.java:buildContainerSet(299)) - Build ContainerSet costs 0s
2022-08-24 08:26:28,472 [Listener at 127.0.0.1/39171] INFO  server.RaftServer (ConfUtils.java:logGet(46)) - raft.rpc.type = GRPC (default)
2022-08-24 08:26:28,472 [Listener at 127.0.0.1/39171] INFO  grpc.GrpcFactory (GrpcFactory.java:checkPooledByteBufAllocatorUseCacheForAllThreads(48)) - PERFORMANCE WARNING: useCacheForAllThreads is true that may cause Netty to create a lot garbage objects and, as a result, trigger GC.
	It is recommended to disable useCacheForAllThreads by setting -Dorg.apache.ratis.thirdparty.io.netty.allocator.useCacheForAllThreads=false in command line.
2022-08-24 08:26:28,473 [Listener at 127.0.0.1/39171] INFO  grpc.GrpcConfigKeys (ConfUtils.java:logGet(46)) - raft.grpc.admin.port = 0 (custom)
2022-08-24 08:26:28,473 [Listener at 127.0.0.1/39171] INFO  grpc.GrpcConfigKeys (ConfUtils.java:logGet(46)) - raft.grpc.client.port = 0 (custom)
2022-08-24 08:26:28,473 [Listener at 127.0.0.1/39171] INFO  grpc.GrpcConfigKeys (ConfUtils.java:logGet(46)) - raft.grpc.server.port = 0 (default)
2022-08-24 08:26:28,473 [Listener at 127.0.0.1/39171] INFO  server.GrpcService (ConfUtils.java:logGet(46)) - raft.grpc.message.size.max = 32MB (=33554432) (custom)
2022-08-24 08:26:28,473 [Listener at 127.0.0.1/39171] INFO  server.RaftServerConfigKeys (ConfUtils.java:logGet(46)) - raft.server.log.appender.buffer.byte-limit = 33554432 (custom)
2022-08-24 08:26:28,473 [Listener at 127.0.0.1/39171] INFO  server.GrpcService (ConfUtils.java:logGet(46)) - raft.grpc.flow.control.window = 5MB (=5242880) (custom)
2022-08-24 08:26:28,473 [Listener at 127.0.0.1/39171] INFO  server.RaftServerConfigKeys (ConfUtils.java:logGet(46)) - raft.server.rpc.request.timeout = 60s (custom)
2022-08-24 08:26:28,473 [Listener at 127.0.0.1/39171] INFO  grpc.GrpcConfigKeys (ConfUtils.java:logGet(46)) - raft.grpc.server.async.request.thread.pool.cached = true (default)
2022-08-24 08:26:28,473 [Listener at 127.0.0.1/39171] INFO  grpc.GrpcConfigKeys (ConfUtils.java:logGet(46)) - raft.grpc.server.async.request.thread.pool.size = 32 (default)
2022-08-24 08:26:28,474 [Listener at 127.0.0.1/39171] INFO  impl.DataStreamServerImpl (ConfUtils.java:logGet(46)) - raft.datastream.type = DISABLED (default)
2022-08-24 08:26:28,474 [Listener at 127.0.0.1/39171] INFO  server.RaftServerConfigKeys (ConfUtils.java:logGet(46)) - raft.server.threadpool.proxy.cached = true (default)
2022-08-24 08:26:28,474 [Listener at 127.0.0.1/39171] INFO  server.RaftServerConfigKeys (ConfUtils.java:logGet(46)) - raft.server.threadpool.proxy.size = 0 (default)
2022-08-24 08:26:28,474 [Listener at 127.0.0.1/39171] INFO  server.RaftServerConfigKeys (ConfUtils.java:logGet(46)) - raft.server.rpc.slowness.timeout = 300s (custom)
2022-08-24 08:26:28,474 [Listener at 127.0.0.1/39171] INFO  server.RaftServerConfigKeys (ConfUtils.java:logGet(46)) - raft.server.leaderelection.leader.step-down.wait-time = 10s (default)
2022-08-24 08:26:28,475 [Listener at 127.0.0.1/39171] INFO  server.RaftServerConfigKeys (ConfUtils.java:logGet(46)) - raft.server.storage.dir = [/home/runner/work/ozone/ozone/hadoop-ozone/integration-test/target/test-dir/MiniOzoneClusterImpl-ef79d86f-cf98-4831-ba1c-bc14f6a33205/datanode-2/data/ratis] (custom)
2022-08-24 08:26:28,483 [Listener at 127.0.0.1/39171] INFO  server.XceiverServerGrpc (XceiverServerGrpc.java:<init>(132)) - GrpcServer channel type EpollServerSocketChannel
2022-08-24 08:26:28,486 [Listener at 127.0.0.1/39171] INFO  http.BaseHttpServer (BaseHttpServer.java:newHttpServer2BuilderForOzone(209)) - Starting Web-server for hddsDatanode at: http://0.0.0.0:0
2022-08-24 08:26:28,486 [Listener at 127.0.0.1/39171] INFO  http.BaseHttpServer (BaseHttpServer.java:<init>(107)) - Hadoop Security Enabled: false Ozone Security Enabled: false Ozone HTTP Security Enabled: false 
2022-08-24 08:26:28,487 [Listener at 127.0.0.1/39171] INFO  server.AuthenticationFilter (AuthenticationFilter.java:constructSecretProvider(240)) - Unable to initialize FileSignerSecretProvider, falling back to use random secrets.
2022-08-24 08:26:28,488 [Listener at 127.0.0.1/39171] WARN  http.HttpRequestLog (HttpRequestLog.java:getRequestLog(103)) - Jetty request log can only be enabled using Log4j
2022-08-24 08:26:28,489 [Listener at 127.0.0.1/39171] INFO  http.HttpServer2 (HttpServer2.java:addGlobalFilter(1029)) - Added global filter 'safety' (class=org.apache.hadoop.hdds.server.http.HttpServer2$QuotingInputFilter)
2022-08-24 08:26:28,489 [Listener at 127.0.0.1/39171] INFO  http.HttpServer2 (HttpServer2.java:addFilter(1005)) - Added filter static_user_filter (class=org.apache.hadoop.http.lib.StaticUserWebFilter$StaticUserFilter) to context hddsDatanode
2022-08-24 08:26:28,489 [Listener at 127.0.0.1/39171] INFO  http.HttpServer2 (HttpServer2.java:addFilter(1013)) - Added filter static_user_filter (class=org.apache.hadoop.http.lib.StaticUserWebFilter$StaticUserFilter) to context logs
2022-08-24 08:26:28,489 [Listener at 127.0.0.1/39171] INFO  http.HttpServer2 (HttpServer2.java:addFilter(1013)) - Added filter static_user_filter (class=org.apache.hadoop.http.lib.StaticUserWebFilter$StaticUserFilter) to context static
2022-08-24 08:26:28,490 [Listener at 127.0.0.1/39171] INFO  http.HttpServer2 (HttpServer2.java:bindListener(1248)) - Jetty bound to port 45907
2022-08-24 08:26:28,490 [Listener at 127.0.0.1/39171] INFO  server.Server (Server.java:doStart(375)) - jetty-9.4.43.v20210629; built: 2021-06-30T11:07:22.254Z; git: 526006ecfa3af7f1a27ef3a288e2bef7ea9dd7e8; jvm 1.8.0_345-b01
2022-08-24 08:26:28,491 [Listener at 127.0.0.1/39171] INFO  server.session (DefaultSessionIdManager.java:doStart(334)) - DefaultSessionIdManager workerName=node0
2022-08-24 08:26:28,492 [Listener at 127.0.0.1/39171] INFO  server.session (DefaultSessionIdManager.java:doStart(339)) - No SessionScavenger set, using defaults
2022-08-24 08:26:28,492 [Listener at 127.0.0.1/39171] INFO  server.session (HouseKeeper.java:startScavenging(132)) - node0 Scavenging every 660000ms
2022-08-24 08:26:28,493 [Listener at 127.0.0.1/39171] INFO  handler.ContextHandler (ContextHandler.java:doStart(915)) - Started o.e.j.s.ServletContextHandler@506d5505{logs,/logs,file:///home/runner/work/ozone/ozone/hadoop-ozone/integration-test/target/log,AVAILABLE}
2022-08-24 08:26:28,493 [Listener at 127.0.0.1/39171] INFO  handler.ContextHandler (ContextHandler.java:doStart(915)) - Started o.e.j.s.ServletContextHandler@46190c9{static,/static,jar:file:/home/runner/.m2/repository/org/apache/ozone/hdds-container-service/1.3.0-SNAPSHOT/hdds-container-service-1.3.0-SNAPSHOT.jar!/webapps/static,AVAILABLE}
2022-08-24 08:26:28,703 [ReplicationMonitor] INFO  replication.ReplicationManager (ReplicationManager.java:processAll(255)) - Replication Manager is not ready to run until 3000ms after safemode exit
2022-08-24 08:26:28,734 [Listener at 127.0.0.1/39171] INFO  handler.ContextHandler (ContextHandler.java:doStart(915)) - Started o.e.j.w.WebAppContext@6b15b635{hddsDatanode,/,file:///tmp/jetty-0_0_0_0-45907-hdds-container-service-1_3_0-SNAPSHOT_jar-_-any-8170578686245483932/webapp/,AVAILABLE}{jar:file:/home/runner/.m2/repository/org/apache/ozone/hdds-container-service/1.3.0-SNAPSHOT/hdds-container-service-1.3.0-SNAPSHOT.jar!/webapps/hddsDatanode}
2022-08-24 08:26:28,759 [Listener at 127.0.0.1/39171] INFO  server.AbstractConnector (AbstractConnector.java:doStart(331)) - Started ServerConnector@7670480{HTTP/1.1, (http/1.1)}{0.0.0.0:45907}
2022-08-24 08:26:28,759 [Listener at 127.0.0.1/39171] INFO  server.Server (Server.java:doStart(415)) - Started @24486ms
2022-08-24 08:26:28,759 [Listener at 127.0.0.1/39171] WARN  impl.MetricsSystemImpl (MetricsSystemImpl.java:register(279)) - Sink prometheus already exists!
2022-08-24 08:26:28,759 [Listener at 127.0.0.1/39171] INFO  http.BaseHttpServer (BaseHttpServer.java:updateConnectorAddress(329)) - HTTP server of hddsDatanode listening at http://0.0.0.0:45907
2022-08-24 08:26:28,770 [Datanode State Machine Daemon Thread] INFO  statemachine.DatanodeStateMachine (DatanodeStateMachine.java:lambda$startDaemon$0(492)) - Ozone container server started.
2022-08-24 08:26:28,770 [Listener at 127.0.0.1/39171] WARN  impl.MetricRegistriesImpl (MetricRegistriesImpl.java:addReporterRegistration(111)) - New reporters are added after registries were created. Some metrics will be missing from the reporter. Please add reporter before adding any new registry.
2022-08-24 08:26:28,779 [Listener at 127.0.0.1/39171] WARN  impl.MetricRegistriesImpl (MetricRegistriesImpl.java:addReporterRegistration(111)) - New reporters are added after registries were created. Some metrics will be missing from the reporter. Please add reporter before adding any new registry.
2022-08-24 08:26:28,779 [Listener at 127.0.0.1/39171] INFO  impl.MetricsSystemImpl (MetricsSystemImpl.java:init(158)) - HddsDatanode metrics system started (again)
2022-08-24 08:26:28,792 [Listener at 127.0.0.1/39171] INFO  ozone.HddsDatanodeService (HddsDatanodeService.java:start(236)) - HddsDatanodeService host:fv-az96-669.m4cgkdvplvgupd014rd20bgx3d.gx.internal.cloudapp.net ip:10.1.0.105
2022-08-24 08:26:28,819 [org.apache.hadoop.util.JvmPauseMonitor$Monitor@4bd1fb15] INFO  util.JvmPauseMonitor (JvmPauseMonitor.java:run(188)) - Starting JVM pause monitor
2022-08-24 08:26:28,826 [Datanode State Machine Task Thread - 0] INFO  datanode.InitDatanodeState (InitDatanodeState.java:persistContainerDatanodeDetails(138)) - DatanodeDetails is persisted to /home/runner/work/ozone/ozone/hadoop-ozone/integration-test/target/test-dir/MiniOzoneClusterImpl-ef79d86f-cf98-4831-ba1c-bc14f6a33205/datanode-2/meta/datanode.id
2022-08-24 08:26:28,838 [IPC Server handler 19 on default port 40015] INFO  node.NodeDecommissionManager (NodeDecommissionManager.java:startDecommission(272)) - Starting Decommission for node 440b8e2f-1f04-4f01-a821-43dde6dd996e{ip: 10.1.0.105, host: fv-az96-669.m4cgkdvplvgupd014rd20bgx3d.gx.internal.cloudapp.net, ports: [REPLICATION=33745, RATIS=43463, RATIS_ADMIN=43463, RATIS_SERVER=43463, STANDALONE=38569], networkLocation: /default-rack, certSerialId: null, persistedOpState: IN_SERVICE, persistedOpStateExpiryEpochSec: 0}
2022-08-24 08:26:28,844 [EventQueue-HealthyReadonlyToHealthyNodeForReadOnlyHealthyToHealthyNodeHandler] INFO  node.ReadOnlyHealthyToHealthyNodeHandler (ReadOnlyHealthyToHealthyNodeHandler.java:onMessage(51)) - Datanode 440b8e2f-1f04-4f01-a821-43dde6dd996e{ip: 10.1.0.105, host: fv-az96-669.m4cgkdvplvgupd014rd20bgx3d.gx.internal.cloudapp.net, ports: [REPLICATION=33745, RATIS=43463, RATIS_ADMIN=43463, RATIS_SERVER=43463, STANDALONE=38569], networkLocation: /default-rack, certSerialId: null, persistedOpState: IN_SERVICE, persistedOpStateExpiryEpochSec: 0} moved to HEALTHY state.
2022-08-24 08:26:28,844 [EventQueue-HealthyReadonlyToHealthyNodeForReadOnlyHealthyToHealthyNodeHandler] INFO  pipeline.BackgroundPipelineCreator (BackgroundPipelineCreator.java:notifyEventTriggered(276)) - trigger a one-shot run on RatisPipelineUtilsThread.
2022-08-24 08:26:28,845 [Listener at 127.0.0.1/39171] INFO  upgrade.AbstractLayoutVersionManager (AbstractLayoutVersionManager.java:init(83)) - Initializing Layout version manager with metadata layout = DATANODE_SCHEMA_V3 (version = 4), software layout = DATANODE_SCHEMA_V3 (version = 4)
2022-08-24 08:26:28,887 [Listener at 127.0.0.1/39171] INFO  reflections.Reflections (Reflections.java:scan(232)) - Reflections took 40 ms to scan 7 urls, producing 133 keys and 322 values 
2022-08-24 08:26:28,888 [Listener at 127.0.0.1/39171] INFO  statemachine.DatanodeStateMachine (DatanodeStateMachine.java:getEndPointTaskThreadPoolSize(237)) - Datanode State Machine Task Thread Pool size 2
2022-08-24 08:26:28,890 [Listener at 127.0.0.1/39171] INFO  volume.HddsVolume (HddsVolume.java:<init>(117)) - Creating HddsVolume: /home/runner/work/ozone/ozone/hadoop-ozone/integration-test/target/test-dir/MiniOzoneClusterImpl-ef79d86f-cf98-4831-ba1c-bc14f6a33205/datanode-3/data-0/containers/hdds of storage type : DISK capacity : 9223372036854775807
2022-08-24 08:26:28,890 [Listener at 127.0.0.1/39171] INFO  volume.MutableVolumeSet (MutableVolumeSet.java:initializeVolumeSet(174)) - Added Volume : /home/runner/work/ozone/ozone/hadoop-ozone/integration-test/target/test-dir/MiniOzoneClusterImpl-ef79d86f-cf98-4831-ba1c-bc14f6a33205/datanode-3/data-0/containers/hdds to VolumeSet
2022-08-24 08:26:28,890 [Listener at 127.0.0.1/39171] INFO  volume.ThrottledAsyncChecker (ThrottledAsyncChecker.java:schedule(141)) - Scheduling a check for /home/runner/work/ozone/ozone/hadoop-ozone/integration-test/target/test-dir/MiniOzoneClusterImpl-ef79d86f-cf98-4831-ba1c-bc14f6a33205/datanode-3/data-0/containers/hdds
2022-08-24 08:26:28,890 [Listener at 127.0.0.1/39171] INFO  volume.StorageVolumeChecker (StorageVolumeChecker.java:checkAllVolumes(202)) - Scheduled health check for volume /home/runner/work/ozone/ozone/hadoop-ozone/integration-test/target/test-dir/MiniOzoneClusterImpl-ef79d86f-cf98-4831-ba1c-bc14f6a33205/datanode-3/data-0/containers/hdds
2022-08-24 08:26:28,900 [Listener at 127.0.0.1/39171] INFO  volume.MutableVolumeSet (MutableVolumeSet.java:initializeVolumeSet(174)) - Added Volume : /home/runner/work/ozone/ozone/hadoop-ozone/integration-test/target/test-dir/MiniOzoneClusterImpl-ef79d86f-cf98-4831-ba1c-bc14f6a33205/datanode-3/data/ratis to VolumeSet
2022-08-24 08:26:28,901 [Listener at 127.0.0.1/39171] INFO  volume.ThrottledAsyncChecker (ThrottledAsyncChecker.java:schedule(141)) - Scheduling a check for /home/runner/work/ozone/ozone/hadoop-ozone/integration-test/target/test-dir/MiniOzoneClusterImpl-ef79d86f-cf98-4831-ba1c-bc14f6a33205/datanode-3/data/ratis
2022-08-24 08:26:28,901 [Listener at 127.0.0.1/39171] INFO  volume.StorageVolumeChecker (StorageVolumeChecker.java:checkAllVolumes(202)) - Scheduled health check for volume /home/runner/work/ozone/ozone/hadoop-ozone/integration-test/target/test-dir/MiniOzoneClusterImpl-ef79d86f-cf98-4831-ba1c-bc14f6a33205/datanode-3/data/ratis
2022-08-24 08:26:28,910 [Thread-671] INFO  ozoneimpl.ContainerReader (ContainerReader.java:readVolume(175)) - Finish verifying containers on volume /home/runner/work/ozone/ozone/hadoop-ozone/integration-test/target/test-dir/MiniOzoneClusterImpl-ef79d86f-cf98-4831-ba1c-bc14f6a33205/datanode-3/data-0/containers/hdds
2022-08-24 08:26:28,910 [Listener at 127.0.0.1/39171] INFO  ozoneimpl.OzoneContainer (OzoneContainer.java:buildContainerSet(299)) - Build ContainerSet costs 0s
2022-08-24 08:26:28,912 [Listener at 127.0.0.1/39171] INFO  server.RaftServer (ConfUtils.java:logGet(46)) - raft.rpc.type = GRPC (default)
2022-08-24 08:26:28,912 [Listener at 127.0.0.1/39171] INFO  grpc.GrpcFactory (GrpcFactory.java:checkPooledByteBufAllocatorUseCacheForAllThreads(48)) - PERFORMANCE WARNING: useCacheForAllThreads is true that may cause Netty to create a lot garbage objects and, as a result, trigger GC.
	It is recommended to disable useCacheForAllThreads by setting -Dorg.apache.ratis.thirdparty.io.netty.allocator.useCacheForAllThreads=false in command line.
2022-08-24 08:26:28,912 [Listener at 127.0.0.1/39171] INFO  grpc.GrpcConfigKeys (ConfUtils.java:logGet(46)) - raft.grpc.admin.port = 0 (custom)
2022-08-24 08:26:28,912 [Listener at 127.0.0.1/39171] INFO  grpc.GrpcConfigKeys (ConfUtils.java:logGet(46)) - raft.grpc.client.port = 0 (custom)
2022-08-24 08:26:28,912 [Listener at 127.0.0.1/39171] INFO  grpc.GrpcConfigKeys (ConfUtils.java:logGet(46)) - raft.grpc.server.port = 0 (default)
2022-08-24 08:26:28,912 [Listener at 127.0.0.1/39171] INFO  server.GrpcService (ConfUtils.java:logGet(46)) - raft.grpc.message.size.max = 32MB (=33554432) (custom)
2022-08-24 08:26:28,912 [Listener at 127.0.0.1/39171] INFO  server.RaftServerConfigKeys (ConfUtils.java:logGet(46)) - raft.server.log.appender.buffer.byte-limit = 33554432 (custom)
2022-08-24 08:26:28,913 [Listener at 127.0.0.1/39171] INFO  server.GrpcService (ConfUtils.java:logGet(46)) - raft.grpc.flow.control.window = 5MB (=5242880) (custom)
2022-08-24 08:26:28,913 [Listener at 127.0.0.1/39171] INFO  server.RaftServerConfigKeys (ConfUtils.java:logGet(46)) - raft.server.rpc.request.timeout = 60s (custom)
2022-08-24 08:26:28,913 [Listener at 127.0.0.1/39171] INFO  grpc.GrpcConfigKeys (ConfUtils.java:logGet(46)) - raft.grpc.server.async.request.thread.pool.cached = true (default)
2022-08-24 08:26:28,913 [Listener at 127.0.0.1/39171] INFO  grpc.GrpcConfigKeys (ConfUtils.java:logGet(46)) - raft.grpc.server.async.request.thread.pool.size = 32 (default)
2022-08-24 08:26:28,913 [Listener at 127.0.0.1/39171] INFO  impl.DataStreamServerImpl (ConfUtils.java:logGet(46)) - raft.datastream.type = DISABLED (default)
2022-08-24 08:26:28,914 [Listener at 127.0.0.1/39171] INFO  server.RaftServerConfigKeys (ConfUtils.java:logGet(46)) - raft.server.threadpool.proxy.cached = true (default)
2022-08-24 08:26:28,914 [Listener at 127.0.0.1/39171] INFO  server.RaftServerConfigKeys (ConfUtils.java:logGet(46)) - raft.server.threadpool.proxy.size = 0 (default)
2022-08-24 08:26:28,914 [Listener at 127.0.0.1/39171] INFO  server.RaftServerConfigKeys (ConfUtils.java:logGet(46)) - raft.server.rpc.slowness.timeout = 300s (custom)
2022-08-24 08:26:28,914 [Listener at 127.0.0.1/39171] INFO  server.RaftServerConfigKeys (ConfUtils.java:logGet(46)) - raft.server.leaderelection.leader.step-down.wait-time = 10s (default)
2022-08-24 08:26:28,914 [Listener at 127.0.0.1/39171] INFO  server.RaftServerConfigKeys (ConfUtils.java:logGet(46)) - raft.server.storage.dir = [/home/runner/work/ozone/ozone/hadoop-ozone/integration-test/target/test-dir/MiniOzoneClusterImpl-ef79d86f-cf98-4831-ba1c-bc14f6a33205/datanode-3/data/ratis] (custom)
2022-08-24 08:26:28,915 [Listener at 127.0.0.1/39171] INFO  server.XceiverServerGrpc (XceiverServerGrpc.java:<init>(132)) - GrpcServer channel type EpollServerSocketChannel
2022-08-24 08:26:28,918 [Listener at 127.0.0.1/39171] INFO  http.BaseHttpServer (BaseHttpServer.java:newHttpServer2BuilderForOzone(209)) - Starting Web-server for hddsDatanode at: http://0.0.0.0:0
2022-08-24 08:26:28,918 [Listener at 127.0.0.1/39171] INFO  http.BaseHttpServer (BaseHttpServer.java:<init>(107)) - Hadoop Security Enabled: false Ozone Security Enabled: false Ozone HTTP Security Enabled: false 
2022-08-24 08:26:28,919 [Listener at 127.0.0.1/39171] INFO  server.AuthenticationFilter (AuthenticationFilter.java:constructSecretProvider(240)) - Unable to initialize FileSignerSecretProvider, falling back to use random secrets.
2022-08-24 08:26:28,919 [Listener at 127.0.0.1/39171] WARN  http.HttpRequestLog (HttpRequestLog.java:getRequestLog(103)) - Jetty request log can only be enabled using Log4j
2022-08-24 08:26:28,920 [Listener at 127.0.0.1/39171] INFO  http.HttpServer2 (HttpServer2.java:addGlobalFilter(1029)) - Added global filter 'safety' (class=org.apache.hadoop.hdds.server.http.HttpServer2$QuotingInputFilter)
2022-08-24 08:26:28,920 [Listener at 127.0.0.1/39171] INFO  http.HttpServer2 (HttpServer2.java:addFilter(1005)) - Added filter static_user_filter (class=org.apache.hadoop.http.lib.StaticUserWebFilter$StaticUserFilter) to context hddsDatanode
2022-08-24 08:26:28,920 [Listener at 127.0.0.1/39171] INFO  http.HttpServer2 (HttpServer2.java:addFilter(1013)) - Added filter static_user_filter (class=org.apache.hadoop.http.lib.StaticUserWebFilter$StaticUserFilter) to context static
2022-08-24 08:26:28,920 [Listener at 127.0.0.1/39171] INFO  http.HttpServer2 (HttpServer2.java:addFilter(1013)) - Added filter static_user_filter (class=org.apache.hadoop.http.lib.StaticUserWebFilter$StaticUserFilter) to context logs
2022-08-24 08:26:28,921 [Listener at 127.0.0.1/39171] INFO  http.HttpServer2 (HttpServer2.java:bindListener(1248)) - Jetty bound to port 35501
2022-08-24 08:26:28,921 [Listener at 127.0.0.1/39171] INFO  server.Server (Server.java:doStart(375)) - jetty-9.4.43.v20210629; built: 2021-06-30T11:07:22.254Z; git: 526006ecfa3af7f1a27ef3a288e2bef7ea9dd7e8; jvm 1.8.0_345-b01
2022-08-24 08:26:28,924 [Listener at 127.0.0.1/39171] INFO  server.session (DefaultSessionIdManager.java:doStart(334)) - DefaultSessionIdManager workerName=node0
2022-08-24 08:26:28,924 [Listener at 127.0.0.1/39171] INFO  server.session (DefaultSessionIdManager.java:doStart(339)) - No SessionScavenger set, using defaults
2022-08-24 08:26:28,924 [Listener at 127.0.0.1/39171] INFO  server.session (HouseKeeper.java:startScavenging(132)) - node0 Scavenging every 660000ms
2022-08-24 08:26:28,924 [Listener at 127.0.0.1/39171] INFO  handler.ContextHandler (ContextHandler.java:doStart(915)) - Started o.e.j.s.ServletContextHandler@592bff95{logs,/logs,file:///home/runner/work/ozone/ozone/hadoop-ozone/integration-test/target/log,AVAILABLE}
2022-08-24 08:26:28,925 [Listener at 127.0.0.1/39171] INFO  handler.ContextHandler (ContextHandler.java:doStart(915)) - Started o.e.j.s.ServletContextHandler@61e4500f{static,/static,jar:file:/home/runner/.m2/repository/org/apache/ozone/hdds-container-service/1.3.0-SNAPSHOT/hdds-container-service-1.3.0-SNAPSHOT.jar!/webapps/static,AVAILABLE}
2022-08-24 08:26:29,005 [ca19929d-3998-403b-8228-cd97e90f4483@group-9BE5FEF10FEA-FollowerState] INFO  impl.FollowerState (FollowerState.java:run(143)) - ca19929d-3998-403b-8228-cd97e90f4483@group-9BE5FEF10FEA-FollowerState: change to CANDIDATE, lastRpcElapsedTime:5018196502ns, electionTimeout:5006ms
2022-08-24 08:26:29,005 [ca19929d-3998-403b-8228-cd97e90f4483@group-9BE5FEF10FEA-FollowerState] INFO  impl.RoleInfo (RoleInfo.java:shutdownFollowerState(110)) - ca19929d-3998-403b-8228-cd97e90f4483: shutdown ca19929d-3998-403b-8228-cd97e90f4483@group-9BE5FEF10FEA-FollowerState
2022-08-24 08:26:29,005 [ca19929d-3998-403b-8228-cd97e90f4483@group-9BE5FEF10FEA-FollowerState] INFO  server.RaftServer$Division (RaftServerImpl.java:setRole(299)) - ca19929d-3998-403b-8228-cd97e90f4483@group-9BE5FEF10FEA: changes role from  FOLLOWER to CANDIDATE at term 1 for changeToCandidate
2022-08-24 08:26:29,006 [ca19929d-3998-403b-8228-cd97e90f4483@group-9BE5FEF10FEA-FollowerState] INFO  server.RaftServerConfigKeys (ConfUtils.java:logGet(46)) - raft.server.leaderelection.pre-vote = false (custom)
2022-08-24 08:26:29,006 [ca19929d-3998-403b-8228-cd97e90f4483@group-9BE5FEF10FEA-FollowerState] INFO  impl.RoleInfo (RoleInfo.java:updateAndGet(139)) - ca19929d-3998-403b-8228-cd97e90f4483: start ca19929d-3998-403b-8228-cd97e90f4483@group-9BE5FEF10FEA-LeaderElection11
2022-08-24 08:26:29,010 [ca19929d-3998-403b-8228-cd97e90f4483@group-9BE5FEF10FEA-LeaderElection11] INFO  impl.LeaderElection (LeaderElection.java:askForVotes(310)) - ca19929d-3998-403b-8228-cd97e90f4483@group-9BE5FEF10FEA-LeaderElection11 ELECTION round 0: submit vote requests at term 2 for -1: [ca19929d-3998-403b-8228-cd97e90f4483|rpc:10.1.0.105:38183|dataStream:|priority:1, 6f59db56-2f90-4028-8d65-c4b769c679ae|rpc:10.1.0.105:39133|dataStream:|priority:0, ebf2e152-759f-4d7c-8d06-3719d22af88c|rpc:10.1.0.105:42289|dataStream:|priority:0], old=null
2022-08-24 08:26:29,023 [grpc-default-executor-1] INFO  server.RaftServer$Division (RaftServerImpl.java:requestVote(1152)) - 6f59db56-2f90-4028-8d65-c4b769c679ae@group-9BE5FEF10FEA: receive requestVote(ELECTION, ca19929d-3998-403b-8228-cd97e90f4483, group-9BE5FEF10FEA, 2, (t:0, i:0))
2022-08-24 08:26:29,023 [grpc-default-executor-1] INFO  impl.VoteContext (VoteContext.java:log(48)) - 6f59db56-2f90-4028-8d65-c4b769c679ae@group-9BE5FEF10FEA-FOLLOWER: accept ELECTION from ca19929d-3998-403b-8228-cd97e90f4483: our priority 0 <= candidate's priority 1
2022-08-24 08:26:29,023 [grpc-default-executor-1] INFO  server.RaftServer$Division (RaftServerImpl.java:setRole(299)) - 6f59db56-2f90-4028-8d65-c4b769c679ae@group-9BE5FEF10FEA: changes role from  FOLLOWER to FOLLOWER at term 2 for candidate:ca19929d-3998-403b-8228-cd97e90f4483
2022-08-24 08:26:29,023 [grpc-default-executor-1] INFO  impl.RoleInfo (RoleInfo.java:shutdownFollowerState(110)) - 6f59db56-2f90-4028-8d65-c4b769c679ae: shutdown 6f59db56-2f90-4028-8d65-c4b769c679ae@group-9BE5FEF10FEA-FollowerState
2022-08-24 08:26:29,023 [grpc-default-executor-1] INFO  impl.RoleInfo (RoleInfo.java:updateAndGet(139)) - 6f59db56-2f90-4028-8d65-c4b769c679ae: start 6f59db56-2f90-4028-8d65-c4b769c679ae@group-9BE5FEF10FEA-FollowerState
2022-08-24 08:26:29,023 [6f59db56-2f90-4028-8d65-c4b769c679ae@group-9BE5FEF10FEA-FollowerState] INFO  impl.FollowerState (FollowerState.java:run(152)) - 6f59db56-2f90-4028-8d65-c4b769c679ae@group-9BE5FEF10FEA-FollowerState was interrupted
2022-08-24 08:26:29,031 [grpc-default-executor-2] INFO  server.RaftServer$Division (RaftServerImpl.java:requestVote(1152)) - ebf2e152-759f-4d7c-8d06-3719d22af88c@group-9BE5FEF10FEA: receive requestVote(ELECTION, ca19929d-3998-403b-8228-cd97e90f4483, group-9BE5FEF10FEA, 2, (t:0, i:0))
2022-08-24 08:26:29,031 [grpc-default-executor-2] INFO  impl.VoteContext (VoteContext.java:log(48)) - ebf2e152-759f-4d7c-8d06-3719d22af88c@group-9BE5FEF10FEA-FOLLOWER: accept ELECTION from ca19929d-3998-403b-8228-cd97e90f4483: our priority 0 <= candidate's priority 1
2022-08-24 08:26:29,031 [grpc-default-executor-2] INFO  server.RaftServer$Division (RaftServerImpl.java:setRole(299)) - ebf2e152-759f-4d7c-8d06-3719d22af88c@group-9BE5FEF10FEA: changes role from  FOLLOWER to FOLLOWER at term 2 for candidate:ca19929d-3998-403b-8228-cd97e90f4483
2022-08-24 08:26:29,031 [grpc-default-executor-2] INFO  impl.RoleInfo (RoleInfo.java:shutdownFollowerState(110)) - ebf2e152-759f-4d7c-8d06-3719d22af88c: shutdown ebf2e152-759f-4d7c-8d06-3719d22af88c@group-9BE5FEF10FEA-FollowerState
2022-08-24 08:26:29,031 [grpc-default-executor-2] INFO  impl.RoleInfo (RoleInfo.java:updateAndGet(139)) - ebf2e152-759f-4d7c-8d06-3719d22af88c: start ebf2e152-759f-4d7c-8d06-3719d22af88c@group-9BE5FEF10FEA-FollowerState
2022-08-24 08:26:29,031 [ebf2e152-759f-4d7c-8d06-3719d22af88c@group-9BE5FEF10FEA-FollowerState] INFO  impl.FollowerState (FollowerState.java:run(152)) - ebf2e152-759f-4d7c-8d06-3719d22af88c@group-9BE5FEF10FEA-FollowerState was interrupted
2022-08-24 08:26:29,032 [grpc-default-executor-1] INFO  server.RaftServer$Division (RaftServerImpl.java:requestVote(1184)) - 6f59db56-2f90-4028-8d65-c4b769c679ae@group-9BE5FEF10FEA replies to ELECTION vote request: ca19929d-3998-403b-8228-cd97e90f4483<-6f59db56-2f90-4028-8d65-c4b769c679ae#0:OK-t2. Peer's state: 6f59db56-2f90-4028-8d65-c4b769c679ae@group-9BE5FEF10FEA:t2, leader=null, voted=ca19929d-3998-403b-8228-cd97e90f4483, raftlog=6f59db56-2f90-4028-8d65-c4b769c679ae@group-9BE5FEF10FEA-SegmentedRaftLog:OPENED:c-1, conf=-1: [ca19929d-3998-403b-8228-cd97e90f4483|rpc:10.1.0.105:38183|priority:1, 6f59db56-2f90-4028-8d65-c4b769c679ae|rpc:10.1.0.105:39133|priority:0, ebf2e152-759f-4d7c-8d06-3719d22af88c|rpc:10.1.0.105:42289|priority:0], old=null
2022-08-24 08:26:29,039 [ca19929d-3998-403b-8228-cd97e90f4483@group-9BE5FEF10FEA-LeaderElection11] INFO  impl.LeaderElection (LeaderElection.java:logAndReturn(90)) - ca19929d-3998-403b-8228-cd97e90f4483@group-9BE5FEF10FEA-LeaderElection11: ELECTION PASSED received 1 response(s) and 0 exception(s):
2022-08-24 08:26:29,039 [ca19929d-3998-403b-8228-cd97e90f4483@group-9BE5FEF10FEA-LeaderElection11] INFO  impl.LeaderElection (LeaderElection.java:logAndReturn(94)) -   Response 0: ca19929d-3998-403b-8228-cd97e90f4483<-6f59db56-2f90-4028-8d65-c4b769c679ae#0:OK-t2
2022-08-24 08:26:29,039 [grpc-default-executor-2] INFO  server.RaftServer$Division (RaftServerImpl.java:requestVote(1184)) - ebf2e152-759f-4d7c-8d06-3719d22af88c@group-9BE5FEF10FEA replies to ELECTION vote request: ca19929d-3998-403b-8228-cd97e90f4483<-ebf2e152-759f-4d7c-8d06-3719d22af88c#0:OK-t2. Peer's state: ebf2e152-759f-4d7c-8d06-3719d22af88c@group-9BE5FEF10FEA:t2, leader=null, voted=ca19929d-3998-403b-8228-cd97e90f4483, raftlog=ebf2e152-759f-4d7c-8d06-3719d22af88c@group-9BE5FEF10FEA-SegmentedRaftLog:OPENED:c-1, conf=-1: [ca19929d-3998-403b-8228-cd97e90f4483|rpc:10.1.0.105:38183|priority:1, 6f59db56-2f90-4028-8d65-c4b769c679ae|rpc:10.1.0.105:39133|priority:0, ebf2e152-759f-4d7c-8d06-3719d22af88c|rpc:10.1.0.105:42289|priority:0], old=null
2022-08-24 08:26:29,039 [ca19929d-3998-403b-8228-cd97e90f4483@group-9BE5FEF10FEA-LeaderElection11] INFO  impl.LeaderElection (LeaderElection.java:askForVotes(312)) - ca19929d-3998-403b-8228-cd97e90f4483@group-9BE5FEF10FEA-LeaderElection11 ELECTION round 0: result PASSED
2022-08-24 08:26:29,043 [ca19929d-3998-403b-8228-cd97e90f4483@group-9BE5FEF10FEA-LeaderElection11] INFO  impl.RoleInfo (RoleInfo.java:shutdownLeaderElection(130)) - ca19929d-3998-403b-8228-cd97e90f4483: shutdown ca19929d-3998-403b-8228-cd97e90f4483@group-9BE5FEF10FEA-LeaderElection11
2022-08-24 08:26:29,043 [ca19929d-3998-403b-8228-cd97e90f4483@group-9BE5FEF10FEA-LeaderElection11] INFO  server.RaftServer$Division (RaftServerImpl.java:setRole(299)) - ca19929d-3998-403b-8228-cd97e90f4483@group-9BE5FEF10FEA: changes role from CANDIDATE to LEADER at term 2 for changeToLeader
2022-08-24 08:26:29,043 [ca19929d-3998-403b-8228-cd97e90f4483@group-9BE5FEF10FEA-LeaderElection11] INFO  ratis.XceiverServerRatis (XceiverServerRatis.java:handleLeaderChangedNotification(863)) - Leader change notification received for group: group-9BE5FEF10FEA with new leaderId: ca19929d-3998-403b-8228-cd97e90f4483
2022-08-24 08:26:29,043 [ca19929d-3998-403b-8228-cd97e90f4483@group-9BE5FEF10FEA-LeaderElection11] INFO  server.RaftServer$Division (ServerState.java:setLeader(287)) - ca19929d-3998-403b-8228-cd97e90f4483@group-9BE5FEF10FEA: change Leader from null to ca19929d-3998-403b-8228-cd97e90f4483 at term 2 for becomeLeader, leader elected after 9796ms
2022-08-24 08:26:29,043 [ca19929d-3998-403b-8228-cd97e90f4483@group-9BE5FEF10FEA-LeaderElection11] INFO  server.RaftServerConfigKeys (ConfUtils.java:logGet(46)) - raft.server.staging.catchup.gap = 1000 (default)
2022-08-24 08:26:29,044 [ca19929d-3998-403b-8228-cd97e90f4483@group-9BE5FEF10FEA-LeaderElection11] INFO  server.RaftServerConfigKeys (ConfUtils.java:logGet(46)) - raft.server.write.element-limit = 1024 (custom)
2022-08-24 08:26:29,044 [ca19929d-3998-403b-8228-cd97e90f4483@group-9BE5FEF10FEA-LeaderElection11] INFO  server.RaftServerConfigKeys (ConfUtils.java:logGet(46)) - raft.server.write.byte-limit = 1024 M (=1073741824) (custom)
2022-08-24 08:26:29,044 [ca19929d-3998-403b-8228-cd97e90f4483@group-9BE5FEF10FEA-LeaderElection11] INFO  server.RaftServerConfigKeys (ConfUtils.java:logGet(46)) - raft.server.watch.timeout = 180s (custom)
2022-08-24 08:26:29,044 [ca19929d-3998-403b-8228-cd97e90f4483@group-9BE5FEF10FEA-LeaderElection11] INFO  server.RaftServerConfigKeys (ConfUtils.java:logGet(46)) - raft.server.watch.timeout.denomination = 1s (default)
2022-08-24 08:26:29,044 [ca19929d-3998-403b-8228-cd97e90f4483@group-9BE5FEF10FEA-LeaderElection11] INFO  server.RaftServerConfigKeys (ConfUtils.java:logGet(46)) - raft.server.watch.element-limit = 65536 (default)
2022-08-24 08:26:29,044 [ca19929d-3998-403b-8228-cd97e90f4483@group-9BE5FEF10FEA-LeaderElection11] INFO  server.RaftServerConfigKeys (ConfUtils.java:logGet(46)) - raft.server.write.element-limit = 1024 (custom)
2022-08-24 08:26:29,044 [ca19929d-3998-403b-8228-cd97e90f4483@group-9BE5FEF10FEA-LeaderElection11] INFO  server.RaftServerConfigKeys (ConfUtils.java:logGet(46)) - raft.server.write.follower.gap.ratio.max = -1.0 (default)
2022-08-24 08:26:29,045 [ca19929d-3998-403b-8228-cd97e90f4483@group-9BE5FEF10FEA-LeaderElection11] INFO  server.RaftServerConfigKeys (ConfUtils.java:logGet(46)) - raft.server.log.appender.snapshot.chunk.size.max = 16MB (=16777216) (default)
2022-08-24 08:26:29,045 [ca19929d-3998-403b-8228-cd97e90f4483@group-9BE5FEF10FEA-LeaderElection11] INFO  server.RaftServerConfigKeys (ConfUtils.java:logGet(46)) - raft.server.log.appender.buffer.byte-limit = 33554432 (custom)
2022-08-24 08:26:29,045 [ca19929d-3998-403b-8228-cd97e90f4483@group-9BE5FEF10FEA-LeaderElection11] INFO  server.RaftServerConfigKeys (ConfUtils.java:logGet(46)) - raft.server.log.appender.buffer.element-limit = 1 (custom)
2022-08-24 08:26:29,045 [ca19929d-3998-403b-8228-cd97e90f4483@group-9BE5FEF10FEA-LeaderElection11] INFO  grpc.GrpcConfigKeys (ConfUtils.java:logGet(46)) - raft.grpc.server.leader.outstanding.appends.max = 128 (default)
2022-08-24 08:26:29,045 [ca19929d-3998-403b-8228-cd97e90f4483@group-9BE5FEF10FEA-LeaderElection11] INFO  server.RaftServerConfigKeys (ConfUtils.java:logGet(46)) - raft.server.rpc.request.timeout = 60s (custom)
2022-08-24 08:26:29,045 [ca19929d-3998-403b-8228-cd97e90f4483@group-9BE5FEF10FEA-LeaderElection11] INFO  server.RaftServerConfigKeys (ConfUtils.java:logGet(46)) - raft.server.log.appender.install.snapshot.enabled = false (custom)
2022-08-24 08:26:29,046 [ca19929d-3998-403b-8228-cd97e90f4483@group-9BE5FEF10FEA-LeaderElection11] INFO  server.RaftServerConfigKeys (ConfUtils.java:logGet(46)) - raft.server.log.appender.snapshot.chunk.size.max = 16MB (=16777216) (default)
2022-08-24 08:26:29,046 [ca19929d-3998-403b-8228-cd97e90f4483@group-9BE5FEF10FEA-LeaderElection11] INFO  server.RaftServerConfigKeys (ConfUtils.java:logGet(46)) - raft.server.log.appender.buffer.byte-limit = 33554432 (custom)
2022-08-24 08:26:29,046 [ca19929d-3998-403b-8228-cd97e90f4483@group-9BE5FEF10FEA-LeaderElection11] INFO  server.RaftServerConfigKeys (ConfUtils.java:logGet(46)) - raft.server.log.appender.buffer.element-limit = 1 (custom)
2022-08-24 08:26:29,046 [ca19929d-3998-403b-8228-cd97e90f4483@group-9BE5FEF10FEA-LeaderElection11] INFO  grpc.GrpcConfigKeys (ConfUtils.java:logGet(46)) - raft.grpc.server.leader.outstanding.appends.max = 128 (default)
2022-08-24 08:26:29,046 [ca19929d-3998-403b-8228-cd97e90f4483@group-9BE5FEF10FEA-LeaderElection11] INFO  server.RaftServerConfigKeys (ConfUtils.java:logGet(46)) - raft.server.rpc.request.timeout = 60s (custom)
2022-08-24 08:26:29,046 [ca19929d-3998-403b-8228-cd97e90f4483@group-9BE5FEF10FEA-LeaderElection11] INFO  server.RaftServerConfigKeys (ConfUtils.java:logGet(46)) - raft.server.log.appender.install.snapshot.enabled = false (custom)
2022-08-24 08:26:29,048 [ca19929d-3998-403b-8228-cd97e90f4483@group-9BE5FEF10FEA-LeaderElection11] INFO  impl.RoleInfo (RoleInfo.java:updateAndGet(139)) - ca19929d-3998-403b-8228-cd97e90f4483: start ca19929d-3998-403b-8228-cd97e90f4483@group-9BE5FEF10FEA-LeaderStateImpl
2022-08-24 08:26:29,048 [ca19929d-3998-403b-8228-cd97e90f4483@group-9BE5FEF10FEA-LeaderElection11] INFO  segmented.SegmentedRaftLogWorker (SegmentedRaftLogWorker.java:startLogSegment(425)) - ca19929d-3998-403b-8228-cd97e90f4483@group-9BE5FEF10FEA-SegmentedRaftLogWorker: Starting segment from index:0
2022-08-24 08:26:29,049 [EventQueue-PipelineReportForPipelineReportHandler] INFO  pipeline.PipelineManagerImpl (PipelineManagerImpl.java:openPipeline(367)) - Pipeline Pipeline[ Id: 74e490e8-c85a-4b9a-a8c8-9be5fef10fea, Nodes: ebf2e152-759f-4d7c-8d06-3719d22af88c{ip: 10.1.0.105, host: fv-az96-669.m4cgkdvplvgupd014rd20bgx3d.gx.internal.cloudapp.net, ports: [REPLICATION=36517, RATIS=42289, RATIS_ADMIN=42289, RATIS_SERVER=42289, STANDALONE=41517], networkLocation: /default-rack, certSerialId: null, persistedOpState: IN_SERVICE, persistedOpStateExpiryEpochSec: 0}ca19929d-3998-403b-8228-cd97e90f4483{ip: 10.1.0.105, host: fv-az96-669.m4cgkdvplvgupd014rd20bgx3d.gx.internal.cloudapp.net, ports: [REPLICATION=44711, RATIS=38183, RATIS_ADMIN=38183, RATIS_SERVER=38183, STANDALONE=46167], networkLocation: /default-rack, certSerialId: null, persistedOpState: IN_SERVICE, persistedOpStateExpiryEpochSec: 0}6f59db56-2f90-4028-8d65-c4b769c679ae{ip: 10.1.0.105, host: fv-az96-669.m4cgkdvplvgupd014rd20bgx3d.gx.internal.cloudapp.net, ports: [REPLICATION=39737, RATIS=39133, RATIS_ADMIN=39133, RATIS_SERVER=39133, STANDALONE=35807], networkLocation: /default-rack, certSerialId: null, persistedOpState: IN_SERVICE, persistedOpStateExpiryEpochSec: 0}, ReplicationConfig: RATIS/THREE, State:ALLOCATED, leaderId:ca19929d-3998-403b-8228-cd97e90f4483, CreationTimestamp2022-08-24T08:26:16.506Z[Etc/UTC]] moved to OPEN state
2022-08-24 08:26:29,055 [ca19929d-3998-403b-8228-cd97e90f4483@group-9BE5FEF10FEA-LeaderElection11] INFO  server.RaftServer$Division (ServerState.java:setRaftConf(393)) - ca19929d-3998-403b-8228-cd97e90f4483@group-9BE5FEF10FEA: set configuration 0: [ca19929d-3998-403b-8228-cd97e90f4483|rpc:10.1.0.105:38183|dataStream:|priority:1, 6f59db56-2f90-4028-8d65-c4b769c679ae|rpc:10.1.0.105:39133|dataStream:|priority:0, ebf2e152-759f-4d7c-8d06-3719d22af88c|rpc:10.1.0.105:42289|dataStream:|priority:0], old=null
2022-08-24 08:26:29,056 [ca19929d-3998-403b-8228-cd97e90f4483@group-9BE5FEF10FEA-SegmentedRaftLogWorker] INFO  segmented.SegmentedRaftLogWorker (SegmentedRaftLogWorker.java:execute(629)) - ca19929d-3998-403b-8228-cd97e90f4483@group-9BE5FEF10FEA-SegmentedRaftLogWorker: created new log segment /home/runner/work/ozone/ozone/hadoop-ozone/integration-test/target/test-dir/MiniOzoneClusterImpl-1336b647-fddb-4972-9c96-ba48238d1115/datanode-2/data/ratis/74e490e8-c85a-4b9a-a8c8-9be5fef10fea/current/log_inprogress_0
2022-08-24 08:26:29,060 [6f59db56-2f90-4028-8d65-c4b769c679ae-server-thread1] INFO  ratis.XceiverServerRatis (XceiverServerRatis.java:handleLeaderChangedNotification(863)) - Leader change notification received for group: group-9BE5FEF10FEA with new leaderId: ca19929d-3998-403b-8228-cd97e90f4483
2022-08-24 08:26:29,060 [6f59db56-2f90-4028-8d65-c4b769c679ae-server-thread1] INFO  server.RaftServer$Division (ServerState.java:setLeader(287)) - 6f59db56-2f90-4028-8d65-c4b769c679ae@group-9BE5FEF10FEA: change Leader from null to ca19929d-3998-403b-8228-cd97e90f4483 at term 2 for appendEntries, leader elected after 10317ms
2022-08-24 08:26:29,063 [6f59db56-2f90-4028-8d65-c4b769c679ae-server-thread1] INFO  server.RaftServer$Division (ServerState.java:setRaftConf(393)) - 6f59db56-2f90-4028-8d65-c4b769c679ae@group-9BE5FEF10FEA: set configuration 0: [ca19929d-3998-403b-8228-cd97e90f4483|rpc:10.1.0.105:38183|dataStream:|priority:1, 6f59db56-2f90-4028-8d65-c4b769c679ae|rpc:10.1.0.105:39133|dataStream:|priority:0, ebf2e152-759f-4d7c-8d06-3719d22af88c|rpc:10.1.0.105:42289|dataStream:|priority:0], old=null
2022-08-24 08:26:29,063 [6f59db56-2f90-4028-8d65-c4b769c679ae-server-thread1] INFO  segmented.SegmentedRaftLogWorker (SegmentedRaftLogWorker.java:startLogSegment(425)) - 6f59db56-2f90-4028-8d65-c4b769c679ae@group-9BE5FEF10FEA-SegmentedRaftLogWorker: Starting segment from index:0
2022-08-24 08:26:29,064 [6f59db56-2f90-4028-8d65-c4b769c679ae@group-9BE5FEF10FEA-SegmentedRaftLogWorker] INFO  segmented.SegmentedRaftLogWorker (SegmentedRaftLogWorker.java:execute(629)) - 6f59db56-2f90-4028-8d65-c4b769c679ae@group-9BE5FEF10FEA-SegmentedRaftLogWorker: created new log segment /home/runner/work/ozone/ozone/hadoop-ozone/integration-test/target/test-dir/MiniOzoneClusterImpl-1336b647-fddb-4972-9c96-ba48238d1115/datanode-0/data/ratis/74e490e8-c85a-4b9a-a8c8-9be5fef10fea/current/log_inprogress_0
2022-08-24 08:26:29,069 [ebf2e152-759f-4d7c-8d06-3719d22af88c-server-thread1] INFO  ratis.XceiverServerRatis (XceiverServerRatis.java:handleLeaderChangedNotification(863)) - Leader change notification received for group: group-9BE5FEF10FEA with new leaderId: ca19929d-3998-403b-8228-cd97e90f4483
2022-08-24 08:26:29,069 [ebf2e152-759f-4d7c-8d06-3719d22af88c-server-thread1] INFO  server.RaftServer$Division (ServerState.java:setLeader(287)) - ebf2e152-759f-4d7c-8d06-3719d22af88c@group-9BE5FEF10FEA: change Leader from null to ca19929d-3998-403b-8228-cd97e90f4483 at term 2 for appendEntries, leader elected after 9885ms
2022-08-24 08:26:29,087 [ebf2e152-759f-4d7c-8d06-3719d22af88c-server-thread1] INFO  server.RaftServer$Division (ServerState.java:setRaftConf(393)) - ebf2e152-759f-4d7c-8d06-3719d22af88c@group-9BE5FEF10FEA: set configuration 0: [ca19929d-3998-403b-8228-cd97e90f4483|rpc:10.1.0.105:38183|dataStream:|priority:1, 6f59db56-2f90-4028-8d65-c4b769c679ae|rpc:10.1.0.105:39133|dataStream:|priority:0, ebf2e152-759f-4d7c-8d06-3719d22af88c|rpc:10.1.0.105:42289|dataStream:|priority:0], old=null
2022-08-24 08:26:29,087 [ebf2e152-759f-4d7c-8d06-3719d22af88c-server-thread1] INFO  segmented.SegmentedRaftLogWorker (SegmentedRaftLogWorker.java:startLogSegment(425)) - ebf2e152-759f-4d7c-8d06-3719d22af88c@group-9BE5FEF10FEA-SegmentedRaftLogWorker: Starting segment from index:0
2022-08-24 08:26:29,088 [ebf2e152-759f-4d7c-8d06-3719d22af88c@group-9BE5FEF10FEA-SegmentedRaftLogWorker] INFO  segmented.SegmentedRaftLogWorker (SegmentedRaftLogWorker.java:execute(629)) - ebf2e152-759f-4d7c-8d06-3719d22af88c@group-9BE5FEF10FEA-SegmentedRaftLogWorker: created new log segment /home/runner/work/ozone/ozone/hadoop-ozone/integration-test/target/test-dir/MiniOzoneClusterImpl-1336b647-fddb-4972-9c96-ba48238d1115/datanode-1/data/ratis/74e490e8-c85a-4b9a-a8c8-9be5fef10fea/current/log_inprogress_0
2022-08-24 08:26:29,142 [Listener at 127.0.0.1/39171] INFO  handler.ContextHandler (ContextHandler.java:doStart(915)) - Started o.e.j.w.WebAppContext@60c29e07{hddsDatanode,/,file:///tmp/jetty-0_0_0_0-35501-hdds-container-service-1_3_0-SNAPSHOT_jar-_-any-1278732838625191684/webapp/,AVAILABLE}{jar:file:/home/runner/.m2/repository/org/apache/ozone/hdds-container-service/1.3.0-SNAPSHOT/hdds-container-service-1.3.0-SNAPSHOT.jar!/webapps/hddsDatanode}
2022-08-24 08:26:29,144 [Listener at 127.0.0.1/39171] INFO  server.AbstractConnector (AbstractConnector.java:doStart(331)) - Started ServerConnector@7b4f8f4b{HTTP/1.1, (http/1.1)}{0.0.0.0:35501}
2022-08-24 08:26:29,144 [Listener at 127.0.0.1/39171] INFO  server.Server (Server.java:doStart(415)) - Started @24870ms
2022-08-24 08:26:29,144 [Listener at 127.0.0.1/39171] WARN  impl.MetricsSystemImpl (MetricsSystemImpl.java:register(279)) - Sink prometheus already exists!
2022-08-24 08:26:29,144 [Listener at 127.0.0.1/39171] INFO  http.BaseHttpServer (BaseHttpServer.java:updateConnectorAddress(329)) - HTTP server of hddsDatanode listening at http://0.0.0.0:35501
2022-08-24 08:26:29,144 [Listener at 127.0.0.1/39171] WARN  impl.MetricRegistriesImpl (MetricRegistriesImpl.java:addReporterRegistration(111)) - New reporters are added after registries were created. Some metrics will be missing from the reporter. Please add reporter before adding any new registry.
2022-08-24 08:26:29,145 [Listener at 127.0.0.1/39171] WARN  impl.MetricRegistriesImpl (MetricRegistriesImpl.java:addReporterRegistration(111)) - New reporters are added after registries were created. Some metrics will be missing from the reporter. Please add reporter before adding any new registry.
2022-08-24 08:26:29,145 [Listener at 127.0.0.1/39171] INFO  impl.MetricsSystemImpl (MetricsSystemImpl.java:init(158)) - HddsDatanode metrics system started (again)
2022-08-24 08:26:29,145 [Datanode State Machine Daemon Thread] INFO  statemachine.DatanodeStateMachine (DatanodeStateMachine.java:lambda$startDaemon$0(492)) - Ozone container server started.
2022-08-24 08:26:29,156 [Listener at 127.0.0.1/39171] INFO  ozone.HddsDatanodeService (HddsDatanodeService.java:start(236)) - HddsDatanodeService host:fv-az96-669.m4cgkdvplvgupd014rd20bgx3d.gx.internal.cloudapp.net ip:10.1.0.105
2022-08-24 08:26:29,157 [org.apache.hadoop.util.JvmPauseMonitor$Monitor@41281933] INFO  util.JvmPauseMonitor (JvmPauseMonitor.java:run(188)) - Starting JVM pause monitor
2022-08-24 08:26:29,159 [Datanode State Machine Task Thread - 0] INFO  datanode.InitDatanodeState (InitDatanodeState.java:persistContainerDatanodeDetails(138)) - DatanodeDetails is persisted to /home/runner/work/ozone/ozone/hadoop-ozone/integration-test/target/test-dir/MiniOzoneClusterImpl-ef79d86f-cf98-4831-ba1c-bc14f6a33205/datanode-3/meta/datanode.id
2022-08-24 08:26:29,170 [ReplicationMonitor] INFO  replication.ReplicationManager (ReplicationManager.java:processAll(293)) - Replication Monitor Thread took 0 milliseconds for processing 3 containers.
2022-08-24 08:26:29,174 [Listener at 127.0.0.1/39171] INFO  upgrade.AbstractLayoutVersionManager (AbstractLayoutVersionManager.java:init(83)) - Initializing Layout version manager with metadata layout = DATANODE_SCHEMA_V3 (version = 4), software layout = DATANODE_SCHEMA_V3 (version = 4)
2022-08-24 08:26:29,182 [DatanodeAdminManager-0] INFO  node.DatanodeAdminMonitorImpl (DatanodeAdminMonitorImpl.java:checkPipelinesClosedOnNode(279)) - Waiting for pipelines to close for 440b8e2f-1f04-4f01-a821-43dde6dd996e{ip: 10.1.0.105, host: fv-az96-669.m4cgkdvplvgupd014rd20bgx3d.gx.internal.cloudapp.net, ports: [REPLICATION=33745, RATIS=43463, RATIS_ADMIN=43463, RATIS_SERVER=43463, STANDALONE=38569], networkLocation: /default-rack, certSerialId: null, persistedOpState: IN_SERVICE, persistedOpStateExpiryEpochSec: 0}. There are 2 pipelines
2022-08-24 08:26:29,182 [DatanodeAdminManager-0] INFO  node.DatanodeAdminMonitorImpl (DatanodeAdminMonitorImpl.java:run(148)) - There are 1 nodes tracked for decommission and maintenance. 0 pending nodes.
2022-08-24 08:26:29,182 [EventQueue-StartAdminOnNodeForStartDatanodeAdminHandler] INFO  node.StartDatanodeAdminHandler (StartDatanodeAdminHandler.java:onMessage(57)) - Admin start on datanode 440b8e2f-1f04-4f01-a821-43dde6dd996e{ip: 10.1.0.105, host: fv-az96-669.m4cgkdvplvgupd014rd20bgx3d.gx.internal.cloudapp.net, ports: [REPLICATION=33745, RATIS=43463, RATIS_ADMIN=43463, RATIS_SERVER=43463, STANDALONE=38569], networkLocation: /default-rack, certSerialId: null, persistedOpState: IN_SERVICE, persistedOpStateExpiryEpochSec: 0}. Finalizing its pipelines [PipelineID=0388249e-1292-47f4-b32d-1fd0a32ec9d7, PipelineID=22478b68-2caf-44d5-813e-ff7a1816ae2d]
2022-08-24 08:26:29,185 [EventQueue-StartAdminOnNodeForStartDatanodeAdminHandler] INFO  pipeline.PipelineManagerImpl (PipelineManagerImpl.java:closePipeline(442)) - Pipeline Pipeline[ Id: 0388249e-1292-47f4-b32d-1fd0a32ec9d7, Nodes: 440b8e2f-1f04-4f01-a821-43dde6dd996e{ip: 10.1.0.105, host: fv-az96-669.m4cgkdvplvgupd014rd20bgx3d.gx.internal.cloudapp.net, ports: [REPLICATION=33745, RATIS=43463, RATIS_ADMIN=43463, RATIS_SERVER=43463, STANDALONE=38569], networkLocation: /default-rack, certSerialId: null, persistedOpState: IN_SERVICE, persistedOpStateExpiryEpochSec: 0}, ReplicationConfig: RATIS/ONE, State:OPEN, leaderId:440b8e2f-1f04-4f01-a821-43dde6dd996e, CreationTimestamp2022-08-24T08:26:17.401Z[Etc/UTC]] moved to CLOSED state
2022-08-24 08:26:29,186 [EventQueue-StartAdminOnNodeForStartDatanodeAdminHandler] INFO  pipeline.RatisPipelineProvider (RatisPipelineProvider.java:lambda$close$1(244)) - Send pipeline:PipelineID=0388249e-1292-47f4-b32d-1fd0a32ec9d7 close command to datanode 440b8e2f-1f04-4f01-a821-43dde6dd996e
2022-08-24 08:26:29,186 [EventQueue-StartAdminOnNodeForStartDatanodeAdminHandler] INFO  pipeline.PipelineStateManagerImpl (PipelineStateManagerImpl.java:removePipeline(245)) - Pipeline Pipeline[ Id: 0388249e-1292-47f4-b32d-1fd0a32ec9d7, Nodes: 440b8e2f-1f04-4f01-a821-43dde6dd996e{ip: 10.1.0.105, host: fv-az96-669.m4cgkdvplvgupd014rd20bgx3d.gx.internal.cloudapp.net, ports: [REPLICATION=33745, RATIS=43463, RATIS_ADMIN=43463, RATIS_SERVER=43463, STANDALONE=38569], networkLocation: /default-rack, certSerialId: null, persistedOpState: IN_SERVICE, persistedOpStateExpiryEpochSec: 0}, ReplicationConfig: RATIS/ONE, State:CLOSED, leaderId:440b8e2f-1f04-4f01-a821-43dde6dd996e, CreationTimestamp2022-08-24T08:26:17.401Z[Etc/UTC]] removed.
2022-08-24 08:26:29,195 [EventQueue-StartAdminOnNodeForStartDatanodeAdminHandler] INFO  pipeline.PipelineManagerImpl (PipelineManagerImpl.java:closeContainersForPipeline(421)) - Container #1 closed for pipeline=PipelineID=22478b68-2caf-44d5-813e-ff7a1816ae2d
2022-08-24 08:26:29,195 [EventQueue-StartAdminOnNodeForStartDatanodeAdminHandler] INFO  pipeline.PipelineManagerImpl (PipelineManagerImpl.java:closeContainersForPipeline(421)) - Container #2 closed for pipeline=PipelineID=22478b68-2caf-44d5-813e-ff7a1816ae2d
2022-08-24 08:26:29,195 [EventQueue-StartAdminOnNodeForStartDatanodeAdminHandler] INFO  pipeline.PipelineManagerImpl (PipelineManagerImpl.java:closeContainersForPipeline(421)) - Container #3 closed for pipeline=PipelineID=22478b68-2caf-44d5-813e-ff7a1816ae2d
2022-08-24 08:26:29,195 [EventQueue-StartAdminOnNodeForStartDatanodeAdminHandler] INFO  pipeline.PipelineManagerImpl (PipelineManagerImpl.java:closePipeline(442)) - Pipeline Pipeline[ Id: 22478b68-2caf-44d5-813e-ff7a1816ae2d, Nodes: 440b8e2f-1f04-4f01-a821-43dde6dd996e{ip: 10.1.0.105, host: fv-az96-669.m4cgkdvplvgupd014rd20bgx3d.gx.internal.cloudapp.net, ports: [REPLICATION=33745, RATIS=43463, RATIS_ADMIN=43463, RATIS_SERVER=43463, STANDALONE=38569], networkLocation: /default-rack, certSerialId: null, persistedOpState: IN_SERVICE, persistedOpStateExpiryEpochSec: 0}7f7d2c84-d408-4e5a-9ef4-f1a050e9b97b{ip: 10.1.0.105, host: fv-az96-669.m4cgkdvplvgupd014rd20bgx3d.gx.internal.cloudapp.net, ports: [REPLICATION=38073, RATIS=42375, RATIS_ADMIN=42375, RATIS_SERVER=42375, STANDALONE=41563], networkLocation: /default-rack, certSerialId: null, persistedOpState: IN_SERVICE, persistedOpStateExpiryEpochSec: 0}9ebd5d49-d832-4a04-8d1f-29e9cf21918f{ip: 10.1.0.105, host: fv-az96-669.m4cgkdvplvgupd014rd20bgx3d.gx.internal.cloudapp.net, ports: [REPLICATION=40487, RATIS=38067, RATIS_ADMIN=38067, RATIS_SERVER=38067, STANDALONE=38275], networkLocation: /default-rack, certSerialId: null, persistedOpState: IN_SERVICE, persistedOpStateExpiryEpochSec: 0}, ReplicationConfig: RATIS/THREE, State:OPEN, leaderId:9ebd5d49-d832-4a04-8d1f-29e9cf21918f, CreationTimestamp2022-08-24T08:26:17.402Z[Etc/UTC]] moved to CLOSED state
2022-08-24 08:26:29,195 [EventQueue-StartAdminOnNodeForStartDatanodeAdminHandler] INFO  pipeline.RatisPipelineProvider (RatisPipelineProvider.java:lambda$close$1(244)) - Send pipeline:PipelineID=22478b68-2caf-44d5-813e-ff7a1816ae2d close command to datanode 440b8e2f-1f04-4f01-a821-43dde6dd996e
2022-08-24 08:26:29,196 [EventQueue-StartAdminOnNodeForStartDatanodeAdminHandler] INFO  pipeline.RatisPipelineProvider (RatisPipelineProvider.java:lambda$close$1(244)) - Send pipeline:PipelineID=22478b68-2caf-44d5-813e-ff7a1816ae2d close command to datanode 7f7d2c84-d408-4e5a-9ef4-f1a050e9b97b
2022-08-24 08:26:29,196 [EventQueue-StartAdminOnNodeForStartDatanodeAdminHandler] INFO  pipeline.RatisPipelineProvider (RatisPipelineProvider.java:lambda$close$1(244)) - Send pipeline:PipelineID=22478b68-2caf-44d5-813e-ff7a1816ae2d close command to datanode 9ebd5d49-d832-4a04-8d1f-29e9cf21918f
2022-08-24 08:26:29,196 [EventQueue-StartAdminOnNodeForStartDatanodeAdminHandler] INFO  pipeline.PipelineStateManagerImpl (PipelineStateManagerImpl.java:removePipeline(245)) - Pipeline Pipeline[ Id: 22478b68-2caf-44d5-813e-ff7a1816ae2d, Nodes: 440b8e2f-1f04-4f01-a821-43dde6dd996e{ip: 10.1.0.105, host: fv-az96-669.m4cgkdvplvgupd014rd20bgx3d.gx.internal.cloudapp.net, ports: [REPLICATION=33745, RATIS=43463, RATIS_ADMIN=43463, RATIS_SERVER=43463, STANDALONE=38569], networkLocation: /default-rack, certSerialId: null, persistedOpState: IN_SERVICE, persistedOpStateExpiryEpochSec: 0}7f7d2c84-d408-4e5a-9ef4-f1a050e9b97b{ip: 10.1.0.105, host: fv-az96-669.m4cgkdvplvgupd014rd20bgx3d.gx.internal.cloudapp.net, ports: [REPLICATION=38073, RATIS=42375, RATIS_ADMIN=42375, RATIS_SERVER=42375, STANDALONE=41563], networkLocation: /default-rack, certSerialId: null, persistedOpState: IN_SERVICE, persistedOpStateExpiryEpochSec: 0}9ebd5d49-d832-4a04-8d1f-29e9cf21918f{ip: 10.1.0.105, host: fv-az96-669.m4cgkdvplvgupd014rd20bgx3d.gx.internal.cloudapp.net, ports: [REPLICATION=40487, RATIS=38067, RATIS_ADMIN=38067, RATIS_SERVER=38067, STANDALONE=38275], networkLocation: /default-rack, certSerialId: null, persistedOpState: IN_SERVICE, persistedOpStateExpiryEpochSec: 0}, ReplicationConfig: RATIS/THREE, State:CLOSED, leaderId:9ebd5d49-d832-4a04-8d1f-29e9cf21918f, CreationTimestamp2022-08-24T08:26:17.402Z[Etc/UTC]] removed.
2022-08-24 08:26:29,197 [EventQueue-CloseContainerForCloseContainerEventHandler] INFO  container.CloseContainerEventHandler (CloseContainerEventHandler.java:onMessage(71)) - Close container Event triggered for container : #1
2022-08-24 08:26:29,199 [EventQueue-CloseContainerForCloseContainerEventHandler] INFO  container.CloseContainerEventHandler (CloseContainerEventHandler.java:onMessage(71)) - Close container Event triggered for container : #2
2022-08-24 08:26:29,200 [EventQueue-CloseContainerForCloseContainerEventHandler] INFO  container.CloseContainerEventHandler (CloseContainerEventHandler.java:onMessage(71)) - Close container Event triggered for container : #3
2022-08-24 08:26:29,221 [Listener at 127.0.0.1/39171] INFO  reflections.Reflections (Reflections.java:scan(232)) - Reflections took 46 ms to scan 7 urls, producing 133 keys and 322 values 
2022-08-24 08:26:29,223 [Listener at 127.0.0.1/39171] INFO  statemachine.DatanodeStateMachine (DatanodeStateMachine.java:getEndPointTaskThreadPoolSize(237)) - Datanode State Machine Task Thread Pool size 2
2022-08-24 08:26:29,224 [Listener at 127.0.0.1/39171] INFO  volume.HddsVolume (HddsVolume.java:<init>(117)) - Creating HddsVolume: /home/runner/work/ozone/ozone/hadoop-ozone/integration-test/target/test-dir/MiniOzoneClusterImpl-ef79d86f-cf98-4831-ba1c-bc14f6a33205/datanode-4/data-0/containers/hdds of storage type : DISK capacity : 9223372036854775807
2022-08-24 08:26:29,224 [Listener at 127.0.0.1/39171] INFO  volume.MutableVolumeSet (MutableVolumeSet.java:initializeVolumeSet(174)) - Added Volume : /home/runner/work/ozone/ozone/hadoop-ozone/integration-test/target/test-dir/MiniOzoneClusterImpl-ef79d86f-cf98-4831-ba1c-bc14f6a33205/datanode-4/data-0/containers/hdds to VolumeSet
2022-08-24 08:26:29,224 [Listener at 127.0.0.1/39171] INFO  volume.ThrottledAsyncChecker (ThrottledAsyncChecker.java:schedule(141)) - Scheduling a check for /home/runner/work/ozone/ozone/hadoop-ozone/integration-test/target/test-dir/MiniOzoneClusterImpl-ef79d86f-cf98-4831-ba1c-bc14f6a33205/datanode-4/data-0/containers/hdds
2022-08-24 08:26:29,224 [Listener at 127.0.0.1/39171] INFO  volume.StorageVolumeChecker (StorageVolumeChecker.java:checkAllVolumes(202)) - Scheduled health check for volume /home/runner/work/ozone/ozone/hadoop-ozone/integration-test/target/test-dir/MiniOzoneClusterImpl-ef79d86f-cf98-4831-ba1c-bc14f6a33205/datanode-4/data-0/containers/hdds
2022-08-24 08:26:29,234 [Listener at 127.0.0.1/39171] INFO  volume.MutableVolumeSet (MutableVolumeSet.java:initializeVolumeSet(174)) - Added Volume : /home/runner/work/ozone/ozone/hadoop-ozone/integration-test/target/test-dir/MiniOzoneClusterImpl-ef79d86f-cf98-4831-ba1c-bc14f6a33205/datanode-4/data/ratis to VolumeSet
2022-08-24 08:26:29,235 [Listener at 127.0.0.1/39171] INFO  volume.ThrottledAsyncChecker (ThrottledAsyncChecker.java:schedule(141)) - Scheduling a check for /home/runner/work/ozone/ozone/hadoop-ozone/integration-test/target/test-dir/MiniOzoneClusterImpl-ef79d86f-cf98-4831-ba1c-bc14f6a33205/datanode-4/data/ratis
2022-08-24 08:26:29,235 [Listener at 127.0.0.1/39171] INFO  volume.StorageVolumeChecker (StorageVolumeChecker.java:checkAllVolumes(202)) - Scheduled health check for volume /home/runner/work/ozone/ozone/hadoop-ozone/integration-test/target/test-dir/MiniOzoneClusterImpl-ef79d86f-cf98-4831-ba1c-bc14f6a33205/datanode-4/data/ratis
2022-08-24 08:26:29,251 [Thread-702] INFO  ozoneimpl.ContainerReader (ContainerReader.java:readVolume(175)) - Finish verifying containers on volume /home/runner/work/ozone/ozone/hadoop-ozone/integration-test/target/test-dir/MiniOzoneClusterImpl-ef79d86f-cf98-4831-ba1c-bc14f6a33205/datanode-4/data-0/containers/hdds
2022-08-24 08:26:29,251 [Listener at 127.0.0.1/39171] INFO  ozoneimpl.OzoneContainer (OzoneContainer.java:buildContainerSet(299)) - Build ContainerSet costs 0s
2022-08-24 08:26:29,253 [Listener at 127.0.0.1/39171] INFO  server.RaftServer (ConfUtils.java:logGet(46)) - raft.rpc.type = GRPC (default)
2022-08-24 08:26:29,253 [Listener at 127.0.0.1/39171] INFO  grpc.GrpcFactory (GrpcFactory.java:checkPooledByteBufAllocatorUseCacheForAllThreads(48)) - PERFORMANCE WARNING: useCacheForAllThreads is true that may cause Netty to create a lot garbage objects and, as a result, trigger GC.
	It is recommended to disable useCacheForAllThreads by setting -Dorg.apache.ratis.thirdparty.io.netty.allocator.useCacheForAllThreads=false in command line.
2022-08-24 08:26:29,253 [Listener at 127.0.0.1/39171] INFO  grpc.GrpcConfigKeys (ConfUtils.java:logGet(46)) - raft.grpc.admin.port = 0 (custom)
2022-08-24 08:26:29,253 [Listener at 127.0.0.1/39171] INFO  grpc.GrpcConfigKeys (ConfUtils.java:logGet(46)) - raft.grpc.client.port = 0 (custom)
2022-08-24 08:26:29,253 [Listener at 127.0.0.1/39171] INFO  grpc.GrpcConfigKeys (ConfUtils.java:logGet(46)) - raft.grpc.server.port = 0 (default)
2022-08-24 08:26:29,253 [Listener at 127.0.0.1/39171] INFO  server.GrpcService (ConfUtils.java:logGet(46)) - raft.grpc.message.size.max = 32MB (=33554432) (custom)
2022-08-24 08:26:29,253 [Listener at 127.0.0.1/39171] INFO  server.RaftServerConfigKeys (ConfUtils.java:logGet(46)) - raft.server.log.appender.buffer.byte-limit = 33554432 (custom)
2022-08-24 08:26:29,253 [Listener at 127.0.0.1/39171] INFO  server.GrpcService (ConfUtils.java:logGet(46)) - raft.grpc.flow.control.window = 5MB (=5242880) (custom)
2022-08-24 08:26:29,254 [Listener at 127.0.0.1/39171] INFO  server.RaftServerConfigKeys (ConfUtils.java:logGet(46)) - raft.server.rpc.request.timeout = 60s (custom)
2022-08-24 08:26:29,254 [Listener at 127.0.0.1/39171] INFO  grpc.GrpcConfigKeys (ConfUtils.java:logGet(46)) - raft.grpc.server.async.request.thread.pool.cached = true (default)
2022-08-24 08:26:29,254 [Listener at 127.0.0.1/39171] INFO  grpc.GrpcConfigKeys (ConfUtils.java:logGet(46)) - raft.grpc.server.async.request.thread.pool.size = 32 (default)
2022-08-24 08:26:29,254 [Listener at 127.0.0.1/39171] INFO  impl.DataStreamServerImpl (ConfUtils.java:logGet(46)) - raft.datastream.type = DISABLED (default)
2022-08-24 08:26:29,255 [Listener at 127.0.0.1/39171] INFO  server.RaftServerConfigKeys (ConfUtils.java:logGet(46)) - raft.server.threadpool.proxy.cached = true (default)
2022-08-24 08:26:29,255 [Listener at 127.0.0.1/39171] INFO  server.RaftServerConfigKeys (ConfUtils.java:logGet(46)) - raft.server.threadpool.proxy.size = 0 (default)
2022-08-24 08:26:29,255 [Listener at 127.0.0.1/39171] INFO  server.RaftServerConfigKeys (ConfUtils.java:logGet(46)) - raft.server.rpc.slowness.timeout = 300s (custom)
2022-08-24 08:26:29,255 [Listener at 127.0.0.1/39171] INFO  server.RaftServerConfigKeys (ConfUtils.java:logGet(46)) - raft.server.leaderelection.leader.step-down.wait-time = 10s (default)
2022-08-24 08:26:29,255 [Listener at 127.0.0.1/39171] INFO  server.RaftServerConfigKeys (ConfUtils.java:logGet(46)) - raft.server.storage.dir = [/home/runner/work/ozone/ozone/hadoop-ozone/integration-test/target/test-dir/MiniOzoneClusterImpl-ef79d86f-cf98-4831-ba1c-bc14f6a33205/datanode-4/data/ratis] (custom)
2022-08-24 08:26:29,256 [Listener at 127.0.0.1/39171] INFO  server.XceiverServerGrpc (XceiverServerGrpc.java:<init>(132)) - GrpcServer channel type EpollServerSocketChannel
2022-08-24 08:26:29,258 [Listener at 127.0.0.1/39171] INFO  http.BaseHttpServer (BaseHttpServer.java:newHttpServer2BuilderForOzone(209)) - Starting Web-server for hddsDatanode at: http://0.0.0.0:0
2022-08-24 08:26:29,258 [Listener at 127.0.0.1/39171] INFO  http.BaseHttpServer (BaseHttpServer.java:<init>(107)) - Hadoop Security Enabled: false Ozone Security Enabled: false Ozone HTTP Security Enabled: false 
2022-08-24 08:26:29,259 [Listener at 127.0.0.1/39171] INFO  server.AuthenticationFilter (AuthenticationFilter.java:constructSecretProvider(240)) - Unable to initialize FileSignerSecretProvider, falling back to use random secrets.
2022-08-24 08:26:29,262 [Listener at 127.0.0.1/39171] WARN  http.HttpRequestLog (HttpRequestLog.java:getRequestLog(103)) - Jetty request log can only be enabled using Log4j
2022-08-24 08:26:29,263 [Listener at 127.0.0.1/39171] INFO  http.HttpServer2 (HttpServer2.java:addGlobalFilter(1029)) - Added global filter 'safety' (class=org.apache.hadoop.hdds.server.http.HttpServer2$QuotingInputFilter)
2022-08-24 08:26:29,263 [Listener at 127.0.0.1/39171] INFO  http.HttpServer2 (HttpServer2.java:addFilter(1005)) - Added filter static_user_filter (class=org.apache.hadoop.http.lib.StaticUserWebFilter$StaticUserFilter) to context hddsDatanode
2022-08-24 08:26:29,263 [Listener at 127.0.0.1/39171] INFO  http.HttpServer2 (HttpServer2.java:addFilter(1013)) - Added filter static_user_filter (class=org.apache.hadoop.http.lib.StaticUserWebFilter$StaticUserFilter) to context static
2022-08-24 08:26:29,264 [Listener at 127.0.0.1/39171] INFO  http.HttpServer2 (HttpServer2.java:addFilter(1013)) - Added filter static_user_filter (class=org.apache.hadoop.http.lib.StaticUserWebFilter$StaticUserFilter) to context logs
2022-08-24 08:26:29,264 [Listener at 127.0.0.1/39171] INFO  http.HttpServer2 (HttpServer2.java:bindListener(1248)) - Jetty bound to port 37185
2022-08-24 08:26:29,264 [Listener at 127.0.0.1/39171] INFO  server.Server (Server.java:doStart(375)) - jetty-9.4.43.v20210629; built: 2021-06-30T11:07:22.254Z; git: 526006ecfa3af7f1a27ef3a288e2bef7ea9dd7e8; jvm 1.8.0_345-b01
2022-08-24 08:26:29,271 [Listener at 127.0.0.1/39171] INFO  server.session (DefaultSessionIdManager.java:doStart(334)) - DefaultSessionIdManager workerName=node0
2022-08-24 08:26:29,271 [Listener at 127.0.0.1/39171] INFO  server.session (DefaultSessionIdManager.java:doStart(339)) - No SessionScavenger set, using defaults
2022-08-24 08:26:29,272 [Listener at 127.0.0.1/39171] INFO  server.session (HouseKeeper.java:startScavenging(132)) - node0 Scavenging every 600000ms
2022-08-24 08:26:29,272 [Listener at 127.0.0.1/39171] INFO  handler.ContextHandler (ContextHandler.java:doStart(915)) - Started o.e.j.s.ServletContextHandler@7babb1f1{logs,/logs,file:///home/runner/work/ozone/ozone/hadoop-ozone/integration-test/target/log,AVAILABLE}
2022-08-24 08:26:29,272 [Listener at 127.0.0.1/39171] INFO  handler.ContextHandler (ContextHandler.java:doStart(915)) - Started o.e.j.s.ServletContextHandler@363a572b{static,/static,jar:file:/home/runner/.m2/repository/org/apache/ozone/hdds-container-service/1.3.0-SNAPSHOT/hdds-container-service-1.3.0-SNAPSHOT.jar!/webapps/static,AVAILABLE}
2022-08-24 08:26:29,278 [IPC Server handler 9 on default port 38529] INFO  node.SCMNodeManager (SCMNodeManager.java:updateDatanodeOpState(545)) - Scheduling a command to update the operationalState persisted on 440b8e2f-1f04-4f01-a821-43dde6dd996e{ip: 10.1.0.105, host: fv-az96-669.m4cgkdvplvgupd014rd20bgx3d.gx.internal.cloudapp.net, ports: [REPLICATION=33745, RATIS=43463, RATIS_ADMIN=43463, RATIS_SERVER=43463, STANDALONE=38569], networkLocation: /default-rack, certSerialId: null, persistedOpState: null, persistedOpStateExpiryEpochSec: 0} as the reported value does not match the value stored in SCM (DECOMMISSIONING, 0)
2022-08-24 08:26:29,278 [EventQueue-PipelineReportForPipelineReportHandler] INFO  pipeline.PipelineReportHandler (PipelineReportHandler.java:processPipelineReport(115)) - Reported pipeline PipelineID=22478b68-2caf-44d5-813e-ff7a1816ae2d is not found
2022-08-24 08:26:29,279 [EventQueue-PipelineReportForPipelineReportHandler] INFO  pipeline.PipelineReportHandler (PipelineReportHandler.java:processPipelineReport(115)) - Reported pipeline PipelineID=0388249e-1292-47f4-b32d-1fd0a32ec9d7 is not found
2022-08-24 08:26:29,279 [EventQueue-PipelineReportForPipelineReportHandler] INFO  pipeline.PipelineReportHandler (PipelineReportHandler.java:processPipelineReport(115)) - Reported pipeline PipelineID=22478b68-2caf-44d5-813e-ff7a1816ae2d is not found
2022-08-24 08:26:29,448 [Listener at 127.0.0.1/39171] INFO  handler.ContextHandler (ContextHandler.java:doStart(915)) - Started o.e.j.w.WebAppContext@76bc416b{hddsDatanode,/,file:///tmp/jetty-0_0_0_0-37185-hdds-container-service-1_3_0-SNAPSHOT_jar-_-any-9039249590478993281/webapp/,AVAILABLE}{jar:file:/home/runner/.m2/repository/org/apache/ozone/hdds-container-service/1.3.0-SNAPSHOT/hdds-container-service-1.3.0-SNAPSHOT.jar!/webapps/hddsDatanode}
2022-08-24 08:26:29,451 [Listener at 127.0.0.1/39171] INFO  server.AbstractConnector (AbstractConnector.java:doStart(331)) - Started ServerConnector@7b50e0bf{HTTP/1.1, (http/1.1)}{0.0.0.0:37185}
2022-08-24 08:26:29,452 [Listener at 127.0.0.1/39171] INFO  server.Server (Server.java:doStart(415)) - Started @25179ms
2022-08-24 08:26:29,452 [Listener at 127.0.0.1/39171] WARN  impl.MetricsSystemImpl (MetricsSystemImpl.java:register(279)) - Sink prometheus already exists!
2022-08-24 08:26:29,452 [Listener at 127.0.0.1/39171] INFO  http.BaseHttpServer (BaseHttpServer.java:updateConnectorAddress(329)) - HTTP server of hddsDatanode listening at http://0.0.0.0:37185
2022-08-24 08:26:29,453 [Datanode State Machine Daemon Thread] INFO  statemachine.DatanodeStateMachine (DatanodeStateMachine.java:lambda$startDaemon$0(492)) - Ozone container server started.
2022-08-24 08:26:29,453 [Listener at 127.0.0.1/39171] WARN  impl.MetricRegistriesImpl (MetricRegistriesImpl.java:addReporterRegistration(111)) - New reporters are added after registries were created. Some metrics will be missing from the reporter. Please add reporter before adding any new registry.
2022-08-24 08:26:29,454 [Listener at 127.0.0.1/39171] WARN  impl.MetricRegistriesImpl (MetricRegistriesImpl.java:addReporterRegistration(111)) - New reporters are added after registries were created. Some metrics will be missing from the reporter. Please add reporter before adding any new registry.
2022-08-24 08:26:29,454 [Listener at 127.0.0.1/39171] INFO  impl.MetricsSystemImpl (MetricsSystemImpl.java:init(158)) - HddsDatanode metrics system started (again)
2022-08-24 08:26:29,465 [Listener at 127.0.0.1/39171] INFO  ozone.HddsDatanodeService (HddsDatanodeService.java:start(236)) - HddsDatanodeService host:fv-az96-669.m4cgkdvplvgupd014rd20bgx3d.gx.internal.cloudapp.net ip:10.1.0.105
2022-08-24 08:26:29,465 [org.apache.hadoop.util.JvmPauseMonitor$Monitor@5921bac4] INFO  util.JvmPauseMonitor (JvmPauseMonitor.java:run(188)) - Starting JVM pause monitor
2022-08-24 08:26:29,468 [Datanode State Machine Task Thread - 0] INFO  datanode.InitDatanodeState (InitDatanodeState.java:persistContainerDatanodeDetails(138)) - DatanodeDetails is persisted to /home/runner/work/ozone/ozone/hadoop-ozone/integration-test/target/test-dir/MiniOzoneClusterImpl-ef79d86f-cf98-4831-ba1c-bc14f6a33205/datanode-4/meta/datanode.id
2022-08-24 08:26:29,483 [Listener at 127.0.0.1/39171] INFO  upgrade.AbstractLayoutVersionManager (AbstractLayoutVersionManager.java:init(83)) - Initializing Layout version manager with metadata layout = DATANODE_SCHEMA_V3 (version = 4), software layout = DATANODE_SCHEMA_V3 (version = 4)
2022-08-24 08:26:29,522 [Listener at 127.0.0.1/39171] INFO  reflections.Reflections (Reflections.java:scan(232)) - Reflections took 39 ms to scan 7 urls, producing 133 keys and 322 values 
2022-08-24 08:26:29,523 [Listener at 127.0.0.1/39171] INFO  statemachine.DatanodeStateMachine (DatanodeStateMachine.java:getEndPointTaskThreadPoolSize(237)) - Datanode State Machine Task Thread Pool size 2
2022-08-24 08:26:29,527 [Listener at 127.0.0.1/39171] INFO  volume.HddsVolume (HddsVolume.java:<init>(117)) - Creating HddsVolume: /home/runner/work/ozone/ozone/hadoop-ozone/integration-test/target/test-dir/MiniOzoneClusterImpl-ef79d86f-cf98-4831-ba1c-bc14f6a33205/datanode-5/data-0/containers/hdds of storage type : DISK capacity : 9223372036854775807
2022-08-24 08:26:29,527 [Listener at 127.0.0.1/39171] INFO  volume.MutableVolumeSet (MutableVolumeSet.java:initializeVolumeSet(174)) - Added Volume : /home/runner/work/ozone/ozone/hadoop-ozone/integration-test/target/test-dir/MiniOzoneClusterImpl-ef79d86f-cf98-4831-ba1c-bc14f6a33205/datanode-5/data-0/containers/hdds to VolumeSet
2022-08-24 08:26:29,527 [Listener at 127.0.0.1/39171] INFO  volume.ThrottledAsyncChecker (ThrottledAsyncChecker.java:schedule(141)) - Scheduling a check for /home/runner/work/ozone/ozone/hadoop-ozone/integration-test/target/test-dir/MiniOzoneClusterImpl-ef79d86f-cf98-4831-ba1c-bc14f6a33205/datanode-5/data-0/containers/hdds
2022-08-24 08:26:29,530 [Listener at 127.0.0.1/39171] INFO  volume.StorageVolumeChecker (StorageVolumeChecker.java:checkAllVolumes(202)) - Scheduled health check for volume /home/runner/work/ozone/ozone/hadoop-ozone/integration-test/target/test-dir/MiniOzoneClusterImpl-ef79d86f-cf98-4831-ba1c-bc14f6a33205/datanode-5/data-0/containers/hdds
2022-08-24 08:26:29,540 [Listener at 127.0.0.1/39171] INFO  volume.MutableVolumeSet (MutableVolumeSet.java:initializeVolumeSet(174)) - Added Volume : /home/runner/work/ozone/ozone/hadoop-ozone/integration-test/target/test-dir/MiniOzoneClusterImpl-ef79d86f-cf98-4831-ba1c-bc14f6a33205/datanode-5/data/ratis to VolumeSet
2022-08-24 08:26:29,540 [Listener at 127.0.0.1/39171] INFO  volume.ThrottledAsyncChecker (ThrottledAsyncChecker.java:schedule(141)) - Scheduling a check for /home/runner/work/ozone/ozone/hadoop-ozone/integration-test/target/test-dir/MiniOzoneClusterImpl-ef79d86f-cf98-4831-ba1c-bc14f6a33205/datanode-5/data/ratis
2022-08-24 08:26:29,541 [Listener at 127.0.0.1/39171] INFO  volume.StorageVolumeChecker (StorageVolumeChecker.java:checkAllVolumes(202)) - Scheduled health check for volume /home/runner/work/ozone/ozone/hadoop-ozone/integration-test/target/test-dir/MiniOzoneClusterImpl-ef79d86f-cf98-4831-ba1c-bc14f6a33205/datanode-5/data/ratis
2022-08-24 08:26:29,550 [Thread-715] INFO  ozoneimpl.ContainerReader (ContainerReader.java:readVolume(175)) - Finish verifying containers on volume /home/runner/work/ozone/ozone/hadoop-ozone/integration-test/target/test-dir/MiniOzoneClusterImpl-ef79d86f-cf98-4831-ba1c-bc14f6a33205/datanode-5/data-0/containers/hdds
2022-08-24 08:26:29,550 [Listener at 127.0.0.1/39171] INFO  ozoneimpl.OzoneContainer (OzoneContainer.java:buildContainerSet(299)) - Build ContainerSet costs 0s
2022-08-24 08:26:29,552 [Listener at 127.0.0.1/39171] INFO  server.RaftServer (ConfUtils.java:logGet(46)) - raft.rpc.type = GRPC (default)
2022-08-24 08:26:29,552 [Listener at 127.0.0.1/39171] INFO  grpc.GrpcFactory (GrpcFactory.java:checkPooledByteBufAllocatorUseCacheForAllThreads(48)) - PERFORMANCE WARNING: useCacheForAllThreads is true that may cause Netty to create a lot garbage objects and, as a result, trigger GC.
	It is recommended to disable useCacheForAllThreads by setting -Dorg.apache.ratis.thirdparty.io.netty.allocator.useCacheForAllThreads=false in command line.
2022-08-24 08:26:29,552 [Listener at 127.0.0.1/39171] INFO  grpc.GrpcConfigKeys (ConfUtils.java:logGet(46)) - raft.grpc.admin.port = 0 (custom)
2022-08-24 08:26:29,552 [Listener at 127.0.0.1/39171] INFO  grpc.GrpcConfigKeys (ConfUtils.java:logGet(46)) - raft.grpc.client.port = 0 (custom)
2022-08-24 08:26:29,552 [Listener at 127.0.0.1/39171] INFO  grpc.GrpcConfigKeys (ConfUtils.java:logGet(46)) - raft.grpc.server.port = 0 (default)
2022-08-24 08:26:29,552 [Listener at 127.0.0.1/39171] INFO  server.GrpcService (ConfUtils.java:logGet(46)) - raft.grpc.message.size.max = 32MB (=33554432) (custom)
2022-08-24 08:26:29,552 [Listener at 127.0.0.1/39171] INFO  server.RaftServerConfigKeys (ConfUtils.java:logGet(46)) - raft.server.log.appender.buffer.byte-limit = 33554432 (custom)
2022-08-24 08:26:29,552 [Listener at 127.0.0.1/39171] INFO  server.GrpcService (ConfUtils.java:logGet(46)) - raft.grpc.flow.control.window = 5MB (=5242880) (custom)
2022-08-24 08:26:29,552 [Listener at 127.0.0.1/39171] INFO  server.RaftServerConfigKeys (ConfUtils.java:logGet(46)) - raft.server.rpc.request.timeout = 60s (custom)
2022-08-24 08:26:29,552 [Listener at 127.0.0.1/39171] INFO  grpc.GrpcConfigKeys (ConfUtils.java:logGet(46)) - raft.grpc.server.async.request.thread.pool.cached = true (default)
2022-08-24 08:26:29,553 [Listener at 127.0.0.1/39171] INFO  grpc.GrpcConfigKeys (ConfUtils.java:logGet(46)) - raft.grpc.server.async.request.thread.pool.size = 32 (default)
2022-08-24 08:26:29,553 [Listener at 127.0.0.1/39171] INFO  impl.DataStreamServerImpl (ConfUtils.java:logGet(46)) - raft.datastream.type = DISABLED (default)
2022-08-24 08:26:29,553 [Listener at 127.0.0.1/39171] INFO  server.RaftServerConfigKeys (ConfUtils.java:logGet(46)) - raft.server.threadpool.proxy.cached = true (default)
2022-08-24 08:26:29,553 [Listener at 127.0.0.1/39171] INFO  server.RaftServerConfigKeys (ConfUtils.java:logGet(46)) - raft.server.threadpool.proxy.size = 0 (default)
2022-08-24 08:26:29,554 [Listener at 127.0.0.1/39171] INFO  server.RaftServerConfigKeys (ConfUtils.java:logGet(46)) - raft.server.rpc.slowness.timeout = 300s (custom)
2022-08-24 08:26:29,554 [Listener at 127.0.0.1/39171] INFO  server.RaftServerConfigKeys (ConfUtils.java:logGet(46)) - raft.server.leaderelection.leader.step-down.wait-time = 10s (default)
2022-08-24 08:26:29,554 [Listener at 127.0.0.1/39171] INFO  server.RaftServerConfigKeys (ConfUtils.java:logGet(46)) - raft.server.storage.dir = [/home/runner/work/ozone/ozone/hadoop-ozone/integration-test/target/test-dir/MiniOzoneClusterImpl-ef79d86f-cf98-4831-ba1c-bc14f6a33205/datanode-5/data/ratis] (custom)
2022-08-24 08:26:29,555 [Listener at 127.0.0.1/39171] INFO  server.XceiverServerGrpc (XceiverServerGrpc.java:<init>(132)) - GrpcServer channel type EpollServerSocketChannel
2022-08-24 08:26:29,558 [Listener at 127.0.0.1/39171] INFO  http.BaseHttpServer (BaseHttpServer.java:newHttpServer2BuilderForOzone(209)) - Starting Web-server for hddsDatanode at: http://0.0.0.0:0
2022-08-24 08:26:29,558 [Listener at 127.0.0.1/39171] INFO  http.BaseHttpServer (BaseHttpServer.java:<init>(107)) - Hadoop Security Enabled: false Ozone Security Enabled: false Ozone HTTP Security Enabled: false 
2022-08-24 08:26:29,559 [Listener at 127.0.0.1/39171] INFO  server.AuthenticationFilter (AuthenticationFilter.java:constructSecretProvider(240)) - Unable to initialize FileSignerSecretProvider, falling back to use random secrets.
2022-08-24 08:26:29,559 [Listener at 127.0.0.1/39171] WARN  http.HttpRequestLog (HttpRequestLog.java:getRequestLog(103)) - Jetty request log can only be enabled using Log4j
2022-08-24 08:26:29,560 [Listener at 127.0.0.1/39171] INFO  http.HttpServer2 (HttpServer2.java:addGlobalFilter(1029)) - Added global filter 'safety' (class=org.apache.hadoop.hdds.server.http.HttpServer2$QuotingInputFilter)
2022-08-24 08:26:29,561 [Listener at 127.0.0.1/39171] INFO  http.HttpServer2 (HttpServer2.java:addFilter(1005)) - Added filter static_user_filter (class=org.apache.hadoop.http.lib.StaticUserWebFilter$StaticUserFilter) to context hddsDatanode
2022-08-24 08:26:29,561 [Listener at 127.0.0.1/39171] INFO  http.HttpServer2 (HttpServer2.java:addFilter(1013)) - Added filter static_user_filter (class=org.apache.hadoop.http.lib.StaticUserWebFilter$StaticUserFilter) to context logs
2022-08-24 08:26:29,561 [Listener at 127.0.0.1/39171] INFO  http.HttpServer2 (HttpServer2.java:addFilter(1013)) - Added filter static_user_filter (class=org.apache.hadoop.http.lib.StaticUserWebFilter$StaticUserFilter) to context static
2022-08-24 08:26:29,562 [Listener at 127.0.0.1/39171] INFO  http.HttpServer2 (HttpServer2.java:bindListener(1248)) - Jetty bound to port 44671
2022-08-24 08:26:29,562 [Listener at 127.0.0.1/39171] INFO  server.Server (Server.java:doStart(375)) - jetty-9.4.43.v20210629; built: 2021-06-30T11:07:22.254Z; git: 526006ecfa3af7f1a27ef3a288e2bef7ea9dd7e8; jvm 1.8.0_345-b01
2022-08-24 08:26:29,563 [Listener at 127.0.0.1/39171] INFO  server.session (DefaultSessionIdManager.java:doStart(334)) - DefaultSessionIdManager workerName=node0
2022-08-24 08:26:29,563 [Listener at 127.0.0.1/39171] INFO  server.session (DefaultSessionIdManager.java:doStart(339)) - No SessionScavenger set, using defaults
2022-08-24 08:26:29,563 [Listener at 127.0.0.1/39171] INFO  server.session (HouseKeeper.java:startScavenging(132)) - node0 Scavenging every 600000ms
2022-08-24 08:26:29,564 [Listener at 127.0.0.1/39171] INFO  handler.ContextHandler (ContextHandler.java:doStart(915)) - Started o.e.j.s.ServletContextHandler@370c1c8f{logs,/logs,file:///home/runner/work/ozone/ozone/hadoop-ozone/integration-test/target/log,AVAILABLE}
2022-08-24 08:26:29,564 [Listener at 127.0.0.1/39171] INFO  handler.ContextHandler (ContextHandler.java:doStart(915)) - Started o.e.j.s.ServletContextHandler@782765c3{static,/static,jar:file:/home/runner/.m2/repository/org/apache/ozone/hdds-container-service/1.3.0-SNAPSHOT/hdds-container-service-1.3.0-SNAPSHOT.jar!/webapps/static,AVAILABLE}
2022-08-24 08:26:29,664 [EndpointStateMachine task thread for /0.0.0.0:38537 - 0 ] INFO  volume.HddsVolume (HddsVolume.java:createDbStore(310)) - SchemaV3 db is created and loaded at /home/runner/work/ozone/ozone/hadoop-ozone/integration-test/target/test-dir/MiniOzoneClusterImpl-ef79d86f-cf98-4831-ba1c-bc14f6a33205/datanode-0/data-0/containers/hdds/ef79d86f-cf98-4831-ba1c-bc14f6a33205/DS-f413c37b-d60c-4ebc-8282-6e8593e9f6fc/container.db for volume DS-f413c37b-d60c-4ebc-8282-6e8593e9f6fc
2022-08-24 08:26:29,666 [EndpointStateMachine task thread for /0.0.0.0:38537 - 0 ] INFO  volume.HddsVolume (HddsVolume.java:closeDbStore(341)) - SchemaV3 db is stopped at /home/runner/work/ozone/ozone/hadoop-ozone/integration-test/target/test-dir/MiniOzoneClusterImpl-ef79d86f-cf98-4831-ba1c-bc14f6a33205/datanode-0/data-0/containers/hdds/ef79d86f-cf98-4831-ba1c-bc14f6a33205/DS-f413c37b-d60c-4ebc-8282-6e8593e9f6fc/container.db for volume DS-f413c37b-d60c-4ebc-8282-6e8593e9f6fc
2022-08-24 08:26:29,666 [EndpointStateMachine task thread for /0.0.0.0:38537 - 0 ] INFO  ozoneimpl.OzoneContainer (OzoneContainer.java:start(377)) - Attempting to start container services.
2022-08-24 08:26:29,666 [EndpointStateMachine task thread for /0.0.0.0:38537 - 0 ] INFO  ozoneimpl.OzoneContainer (OzoneContainer.java:startContainerScrub(312)) - Background container scanner has been disabled.
2022-08-24 08:26:29,670 [EndpointStateMachine task thread for /0.0.0.0:38537 - 0 ] INFO  replication.ReplicationServer (ReplicationServer.java:start(111)) - ReplicationServer is started using port 35237
2022-08-24 08:26:29,671 [EndpointStateMachine task thread for /0.0.0.0:38537 - 0 ] INFO  ratis.XceiverServerRatis (XceiverServerRatis.java:start(481)) - Starting XceiverServerRatis 45e7c087-8728-4797-8b25-939998d46879
2022-08-24 08:26:29,683 [EndpointStateMachine task thread for /0.0.0.0:38537 - 0 ] INFO  server.RaftServer (RaftServerProxy.java:lambda$start$6(382)) - 45e7c087-8728-4797-8b25-939998d46879: start RPC server
2022-08-24 08:26:29,685 [EndpointStateMachine task thread for /0.0.0.0:38537 - 0 ] INFO  server.GrpcService (GrpcService.java:startImpl(260)) - 45e7c087-8728-4797-8b25-939998d46879: GrpcService started, listening on 34829
2022-08-24 08:26:29,685 [EndpointStateMachine task thread for /0.0.0.0:38537 - 0 ] INFO  ratis.XceiverServerRatis (XceiverServerRatis.java:getRealPort(502)) - XceiverServerRatis 45e7c087-8728-4797-8b25-939998d46879 is started using port 34829 for RATIS
2022-08-24 08:26:29,686 [EndpointStateMachine task thread for /0.0.0.0:38537 - 0 ] INFO  ratis.XceiverServerRatis (XceiverServerRatis.java:getRealPort(502)) - XceiverServerRatis 45e7c087-8728-4797-8b25-939998d46879 is started using port 34829 for RATIS_ADMIN
2022-08-24 08:26:29,686 [EndpointStateMachine task thread for /0.0.0.0:38537 - 0 ] INFO  ratis.XceiverServerRatis (XceiverServerRatis.java:getRealPort(502)) - XceiverServerRatis 45e7c087-8728-4797-8b25-939998d46879 is started using port 34829 for RATIS_SERVER
2022-08-24 08:26:29,686 [org.apache.ratis.util.JvmPauseMonitor$$Lambda$715/492429123@3c9bdb33] INFO  util.JvmPauseMonitor (JvmPauseMonitor.java:run(103)) - JvmPauseMonitor-45e7c087-8728-4797-8b25-939998d46879: Started
2022-08-24 08:26:29,691 [EndpointStateMachine task thread for /0.0.0.0:38537 - 0 ] INFO  server.XceiverServerGrpc (XceiverServerGrpc.java:start(180)) - XceiverServerGrpc 45e7c087-8728-4797-8b25-939998d46879 is started using port 36317
2022-08-24 08:26:29,703 [ReplicationMonitor] INFO  replication.ReplicationManager (ReplicationManager.java:processAll(255)) - Replication Manager is not ready to run until 3000ms after safemode exit
2022-08-24 08:26:29,756 [Listener at 127.0.0.1/39171] INFO  handler.ContextHandler (ContextHandler.java:doStart(915)) - Started o.e.j.w.WebAppContext@2d2a32cb{hddsDatanode,/,file:///tmp/jetty-0_0_0_0-44671-hdds-container-service-1_3_0-SNAPSHOT_jar-_-any-684143470416883325/webapp/,AVAILABLE}{jar:file:/home/runner/.m2/repository/org/apache/ozone/hdds-container-service/1.3.0-SNAPSHOT/hdds-container-service-1.3.0-SNAPSHOT.jar!/webapps/hddsDatanode}
2022-08-24 08:26:29,757 [Listener at 127.0.0.1/39171] INFO  server.AbstractConnector (AbstractConnector.java:doStart(331)) - Started ServerConnector@3fd1aca9{HTTP/1.1, (http/1.1)}{0.0.0.0:44671}
2022-08-24 08:26:29,757 [Listener at 127.0.0.1/39171] INFO  server.Server (Server.java:doStart(415)) - Started @25484ms
2022-08-24 08:26:29,757 [Listener at 127.0.0.1/39171] WARN  impl.MetricsSystemImpl (MetricsSystemImpl.java:register(279)) - Sink prometheus already exists!
2022-08-24 08:26:29,758 [Listener at 127.0.0.1/39171] INFO  http.BaseHttpServer (BaseHttpServer.java:updateConnectorAddress(329)) - HTTP server of hddsDatanode listening at http://0.0.0.0:44671
2022-08-24 08:26:29,759 [Listener at 127.0.0.1/39171] INFO  ozone.MiniOzoneClusterImpl (MiniOzoneClusterImpl.java:lambda$waitForClusterToBeReady$0(216)) - Waiting for nodes to be ready. Got 0 of 6 DN Heartbeats.
2022-08-24 08:26:29,759 [Listener at 127.0.0.1/39171] INFO  ozone.MiniOzoneClusterImpl (MiniOzoneClusterImpl.java:lambda$waitForClusterToBeReady$0(219)) - Waiting for cluster to exit safe mode
2022-08-24 08:26:29,759 [Listener at 127.0.0.1/39171] INFO  ozone.MiniOzoneClusterImpl (MiniOzoneClusterImpl.java:lambda$waitForClusterToBeReady$0(221)) - SCM became leader
2022-08-24 08:26:29,759 [Datanode State Machine Daemon Thread] INFO  statemachine.DatanodeStateMachine (DatanodeStateMachine.java:lambda$startDaemon$0(492)) - Ozone container server started.
2022-08-24 08:26:29,763 [org.apache.hadoop.util.JvmPauseMonitor$Monitor@4ba4f71f] INFO  util.JvmPauseMonitor (JvmPauseMonitor.java:run(188)) - Starting JVM pause monitor
2022-08-24 08:26:29,766 [Datanode State Machine Task Thread - 0] INFO  datanode.InitDatanodeState (InitDatanodeState.java:persistContainerDatanodeDetails(138)) - DatanodeDetails is persisted to /home/runner/work/ozone/ozone/hadoop-ozone/integration-test/target/test-dir/MiniOzoneClusterImpl-ef79d86f-cf98-4831-ba1c-bc14f6a33205/datanode-5/meta/datanode.id
2022-08-24 08:26:30,170 [ReplicationMonitor] INFO  replication.LegacyReplicationManager (LegacyReplicationManager.java:sendCloseCommand(1512)) - Sending close container command for container #1 to datanode 440b8e2f-1f04-4f01-a821-43dde6dd996e{ip: 10.1.0.105, host: fv-az96-669.m4cgkdvplvgupd014rd20bgx3d.gx.internal.cloudapp.net, ports: [REPLICATION=33745, RATIS=43463, RATIS_ADMIN=43463, RATIS_SERVER=43463, STANDALONE=38569], networkLocation: /default-rack, certSerialId: null, persistedOpState: IN_SERVICE, persistedOpStateExpiryEpochSec: 0}.
2022-08-24 08:26:30,170 [ReplicationMonitor] INFO  replication.LegacyReplicationManager (LegacyReplicationManager.java:sendCloseCommand(1512)) - Sending close container command for container #1 to datanode 7f7d2c84-d408-4e5a-9ef4-f1a050e9b97b{ip: 10.1.0.105, host: fv-az96-669.m4cgkdvplvgupd014rd20bgx3d.gx.internal.cloudapp.net, ports: [REPLICATION=38073, RATIS=42375, RATIS_ADMIN=42375, RATIS_SERVER=42375, STANDALONE=41563], networkLocation: /default-rack, certSerialId: null, persistedOpState: IN_SERVICE, persistedOpStateExpiryEpochSec: 0}.
2022-08-24 08:26:30,170 [ReplicationMonitor] INFO  replication.LegacyReplicationManager (LegacyReplicationManager.java:sendCloseCommand(1512)) - Sending close container command for container #1 to datanode 9ebd5d49-d832-4a04-8d1f-29e9cf21918f{ip: 10.1.0.105, host: fv-az96-669.m4cgkdvplvgupd014rd20bgx3d.gx.internal.cloudapp.net, ports: [REPLICATION=40487, RATIS=38067, RATIS_ADMIN=38067, RATIS_SERVER=38067, STANDALONE=38275], networkLocation: /default-rack, certSerialId: null, persistedOpState: IN_SERVICE, persistedOpStateExpiryEpochSec: 0}.
2022-08-24 08:26:30,170 [ReplicationMonitor] INFO  replication.LegacyReplicationManager (LegacyReplicationManager.java:sendCloseCommand(1512)) - Sending close container command for container #2 to datanode 9ebd5d49-d832-4a04-8d1f-29e9cf21918f{ip: 10.1.0.105, host: fv-az96-669.m4cgkdvplvgupd014rd20bgx3d.gx.internal.cloudapp.net, ports: [REPLICATION=40487, RATIS=38067, RATIS_ADMIN=38067, RATIS_SERVER=38067, STANDALONE=38275], networkLocation: /default-rack, certSerialId: null, persistedOpState: IN_SERVICE, persistedOpStateExpiryEpochSec: 0}.
2022-08-24 08:26:30,171 [ReplicationMonitor] INFO  replication.LegacyReplicationManager (LegacyReplicationManager.java:sendCloseCommand(1512)) - Sending close container command for container #2 to datanode 440b8e2f-1f04-4f01-a821-43dde6dd996e{ip: 10.1.0.105, host: fv-az96-669.m4cgkdvplvgupd014rd20bgx3d.gx.internal.cloudapp.net, ports: [REPLICATION=33745, RATIS=43463, RATIS_ADMIN=43463, RATIS_SERVER=43463, STANDALONE=38569], networkLocation: /default-rack, certSerialId: null, persistedOpState: IN_SERVICE, persistedOpStateExpiryEpochSec: 0}.
2022-08-24 08:26:30,171 [ReplicationMonitor] INFO  replication.LegacyReplicationManager (LegacyReplicationManager.java:sendCloseCommand(1512)) - Sending close container command for container #2 to datanode 7f7d2c84-d408-4e5a-9ef4-f1a050e9b97b{ip: 10.1.0.105, host: fv-az96-669.m4cgkdvplvgupd014rd20bgx3d.gx.internal.cloudapp.net, ports: [REPLICATION=38073, RATIS=42375, RATIS_ADMIN=42375, RATIS_SERVER=42375, STANDALONE=41563], networkLocation: /default-rack, certSerialId: null, persistedOpState: IN_SERVICE, persistedOpStateExpiryEpochSec: 0}.
2022-08-24 08:26:30,171 [ReplicationMonitor] INFO  replication.LegacyReplicationManager (LegacyReplicationManager.java:sendCloseCommand(1512)) - Sending close container command for container #3 to datanode 440b8e2f-1f04-4f01-a821-43dde6dd996e{ip: 10.1.0.105, host: fv-az96-669.m4cgkdvplvgupd014rd20bgx3d.gx.internal.cloudapp.net, ports: [REPLICATION=33745, RATIS=43463, RATIS_ADMIN=43463, RATIS_SERVER=43463, STANDALONE=38569], networkLocation: /default-rack, certSerialId: null, persistedOpState: IN_SERVICE, persistedOpStateExpiryEpochSec: 0}.
2022-08-24 08:26:30,171 [ReplicationMonitor] INFO  replication.LegacyReplicationManager (LegacyReplicationManager.java:sendCloseCommand(1512)) - Sending close container command for container #3 to datanode 9ebd5d49-d832-4a04-8d1f-29e9cf21918f{ip: 10.1.0.105, host: fv-az96-669.m4cgkdvplvgupd014rd20bgx3d.gx.internal.cloudapp.net, ports: [REPLICATION=40487, RATIS=38067, RATIS_ADMIN=38067, RATIS_SERVER=38067, STANDALONE=38275], networkLocation: /default-rack, certSerialId: null, persistedOpState: IN_SERVICE, persistedOpStateExpiryEpochSec: 0}.
2022-08-24 08:26:30,171 [ReplicationMonitor] INFO  replication.LegacyReplicationManager (LegacyReplicationManager.java:sendCloseCommand(1512)) - Sending close container command for container #3 to datanode 7f7d2c84-d408-4e5a-9ef4-f1a050e9b97b{ip: 10.1.0.105, host: fv-az96-669.m4cgkdvplvgupd014rd20bgx3d.gx.internal.cloudapp.net, ports: [REPLICATION=38073, RATIS=42375, RATIS_ADMIN=42375, RATIS_SERVER=42375, STANDALONE=41563], networkLocation: /default-rack, certSerialId: null, persistedOpState: IN_SERVICE, persistedOpStateExpiryEpochSec: 0}.
2022-08-24 08:26:30,171 [ReplicationMonitor] INFO  replication.ReplicationManager (ReplicationManager.java:processAll(293)) - Replication Monitor Thread took 0 milliseconds for processing 3 containers.
2022-08-24 08:26:30,180 [DatanodeAdminManager-0] INFO  node.DatanodeAdminMonitorImpl (DatanodeAdminMonitorImpl.java:run(148)) - There are 1 nodes tracked for decommission and maintenance. 0 pending nodes.
2022-08-24 08:26:30,243 [EventQueue-PipelineReportForPipelineReportHandler] INFO  pipeline.PipelineReportHandler (PipelineReportHandler.java:processPipelineReport(115)) - Reported pipeline PipelineID=22478b68-2caf-44d5-813e-ff7a1816ae2d is not found
2022-08-24 08:26:30,276 [Command processor thread] INFO  server.RaftServer (RaftServerProxy.java:remove(107)) - 9ebd5d49-d832-4a04-8d1f-29e9cf21918f: remove    LEADER 9ebd5d49-d832-4a04-8d1f-29e9cf21918f@group-FF7A1816AE2D:t1, leader=9ebd5d49-d832-4a04-8d1f-29e9cf21918f, voted=9ebd5d49-d832-4a04-8d1f-29e9cf21918f, raftlog=9ebd5d49-d832-4a04-8d1f-29e9cf21918f@group-FF7A1816AE2D-SegmentedRaftLog:OPENED:c79, conf=0: [440b8e2f-1f04-4f01-a821-43dde6dd996e|rpc:10.1.0.105:43463|dataStream:|priority:0, 7f7d2c84-d408-4e5a-9ef4-f1a050e9b97b|rpc:10.1.0.105:42375|dataStream:|priority:0, 9ebd5d49-d832-4a04-8d1f-29e9cf21918f|rpc:10.1.0.105:38067|dataStream:|priority:1], old=null RUNNING
2022-08-24 08:26:30,276 [Command processor thread] INFO  server.RaftServer (RaftServerProxy.java:remove(107)) - 440b8e2f-1f04-4f01-a821-43dde6dd996e: remove    LEADER 440b8e2f-1f04-4f01-a821-43dde6dd996e@group-1FD0A32EC9D7:t1, leader=440b8e2f-1f04-4f01-a821-43dde6dd996e, voted=440b8e2f-1f04-4f01-a821-43dde6dd996e, raftlog=440b8e2f-1f04-4f01-a821-43dde6dd996e@group-1FD0A32EC9D7-SegmentedRaftLog:OPENED:c0, conf=0: [440b8e2f-1f04-4f01-a821-43dde6dd996e|rpc:10.1.0.105:43463|dataStream:|priority:1], old=null RUNNING
2022-08-24 08:26:30,279 [Command processor thread] INFO  server.RaftServer$Division (RaftServerImpl.java:lambda$close$4(434)) - 9ebd5d49-d832-4a04-8d1f-29e9cf21918f@group-FF7A1816AE2D: shutdown
2022-08-24 08:26:30,279 [IPC Server handler 9 on default port 38529] INFO  node.SCMNodeManager (SCMNodeManager.java:updateDatanodeOpState(545)) - Scheduling a command to update the operationalState persisted on 440b8e2f-1f04-4f01-a821-43dde6dd996e{ip: 10.1.0.105, host: fv-az96-669.m4cgkdvplvgupd014rd20bgx3d.gx.internal.cloudapp.net, ports: [REPLICATION=33745, RATIS=43463, RATIS_ADMIN=43463, RATIS_SERVER=43463, STANDALONE=38569], networkLocation: /default-rack, certSerialId: null, persistedOpState: null, persistedOpStateExpiryEpochSec: 0} as the reported value does not match the value stored in SCM (DECOMMISSIONING, 0)
2022-08-24 08:26:30,281 [Command processor thread] INFO  server.RaftServer$Division (RaftServerImpl.java:lambda$close$4(434)) - 440b8e2f-1f04-4f01-a821-43dde6dd996e@group-1FD0A32EC9D7: shutdown
2022-08-24 08:26:30,281 [Command processor thread] INFO  util.JmxRegister (JmxRegister.java:unregister(73)) - Successfully un-registered JMX Bean with object name Ratis:service=RaftServer,group=group-1FD0A32EC9D7,id=440b8e2f-1f04-4f01-a821-43dde6dd996e
2022-08-24 08:26:30,281 [Command processor thread] INFO  impl.RoleInfo (RoleInfo.java:shutdownLeaderState(93)) - 440b8e2f-1f04-4f01-a821-43dde6dd996e: shutdown 440b8e2f-1f04-4f01-a821-43dde6dd996e@group-1FD0A32EC9D7-LeaderStateImpl
2022-08-24 08:26:30,281 [Command processor thread] INFO  util.JmxRegister (JmxRegister.java:unregister(73)) - Successfully un-registered JMX Bean with object name Ratis:service=RaftServer,group=group-FF7A1816AE2D,id=9ebd5d49-d832-4a04-8d1f-29e9cf21918f
2022-08-24 08:26:30,284 [Command processor thread] INFO  impl.RoleInfo (RoleInfo.java:shutdownLeaderState(93)) - 9ebd5d49-d832-4a04-8d1f-29e9cf21918f: shutdown 9ebd5d49-d832-4a04-8d1f-29e9cf21918f@group-FF7A1816AE2D-LeaderStateImpl
2022-08-24 08:26:30,284 [9ebd5d49-d832-4a04-8d1f-29e9cf21918f@group-FF7A1816AE2D->7f7d2c84-d408-4e5a-9ef4-f1a050e9b97b-GrpcLogAppender-LogAppenderDaemon] WARN  server.GrpcLogAppender (GrpcLogAppender.java:mayWait(171)) - 9ebd5d49-d832-4a04-8d1f-29e9cf21918f@group-FF7A1816AE2D->7f7d2c84-d408-4e5a-9ef4-f1a050e9b97b-GrpcLogAppender: Wait interrupted by java.lang.InterruptedException
2022-08-24 08:26:30,282 [Command processor thread] INFO  impl.PendingRequests (PendingRequests.java:sendNotLeaderResponses(282)) - 440b8e2f-1f04-4f01-a821-43dde6dd996e@group-1FD0A32EC9D7-PendingRequests: sendNotLeaderResponses
2022-08-24 08:26:30,284 [Command processor thread] INFO  impl.PendingRequests (PendingRequests.java:sendNotLeaderResponses(282)) - 9ebd5d49-d832-4a04-8d1f-29e9cf21918f@group-FF7A1816AE2D-PendingRequests: sendNotLeaderResponses
2022-08-24 08:26:30,284 [9ebd5d49-d832-4a04-8d1f-29e9cf21918f@group-FF7A1816AE2D->440b8e2f-1f04-4f01-a821-43dde6dd996e-GrpcLogAppender-LogAppenderDaemon] WARN  server.GrpcLogAppender (GrpcLogAppender.java:mayWait(171)) - 9ebd5d49-d832-4a04-8d1f-29e9cf21918f@group-FF7A1816AE2D->440b8e2f-1f04-4f01-a821-43dde6dd996e-GrpcLogAppender: Wait interrupted by java.lang.InterruptedException
2022-08-24 08:26:30,289 [Command processor thread] INFO  impl.StateMachineUpdater (StateMachineUpdater.java:stopAndJoin(153)) - 440b8e2f-1f04-4f01-a821-43dde6dd996e@group-1FD0A32EC9D7-StateMachineUpdater: set stopIndex = 0
2022-08-24 08:26:30,289 [440b8e2f-1f04-4f01-a821-43dde6dd996e@group-1FD0A32EC9D7-StateMachineUpdater] INFO  ratis.ContainerStateMachine (ContainerStateMachine.java:takeSnapshot(304)) - group-1FD0A32EC9D7: Taking a snapshot at:(t:1, i:0) file /home/runner/work/ozone/ozone/hadoop-ozone/integration-test/target/test-dir/MiniOzoneClusterImpl-1336b647-fddb-4972-9c96-ba48238d1115/datanode-5/data/ratis/0388249e-1292-47f4-b32d-1fd0a32ec9d7/sm/snapshot.1_0
2022-08-24 08:26:30,296 [grpc-default-executor-2] INFO  server.GrpcServerProtocolService (GrpcServerProtocolService.java:onCompleted(140)) - 7f7d2c84-d408-4e5a-9ef4-f1a050e9b97b: Completed APPEND_ENTRIES, lastRequest: 9ebd5d49-d832-4a04-8d1f-29e9cf21918f->7f7d2c84-d408-4e5a-9ef4-f1a050e9b97b#282-t1,previous=(t:1, i:78),leaderCommit=77,initializing? true,entries: size=1, first=(t:1, i:79), METADATAENTRY(c:77)
2022-08-24 08:26:30,296 [grpc-default-executor-0] INFO  server.GrpcLogAppender (GrpcLogAppender.java:onCompleted(339)) - 9ebd5d49-d832-4a04-8d1f-29e9cf21918f@group-FF7A1816AE2D->7f7d2c84-d408-4e5a-9ef4-f1a050e9b97b-AppendLogResponseHandler: follower responses appendEntries COMPLETED
2022-08-24 08:26:30,296 [Command processor thread] INFO  impl.StateMachineUpdater (StateMachineUpdater.java:stopAndJoin(153)) - 9ebd5d49-d832-4a04-8d1f-29e9cf21918f@group-FF7A1816AE2D-StateMachineUpdater: set stopIndex = 79
2022-08-24 08:26:30,296 [grpc-default-executor-1] INFO  server.GrpcServerProtocolService (GrpcServerProtocolService.java:onCompleted(140)) - 440b8e2f-1f04-4f01-a821-43dde6dd996e: Completed APPEND_ENTRIES, lastRequest: 9ebd5d49-d832-4a04-8d1f-29e9cf21918f->440b8e2f-1f04-4f01-a821-43dde6dd996e#288-t1,previous=(t:1, i:78),leaderCommit=77,initializing? true,entries: size=1, first=(t:1, i:79), METADATAENTRY(c:77)
2022-08-24 08:26:30,335 [9ebd5d49-d832-4a04-8d1f-29e9cf21918f@group-FF7A1816AE2D-StateMachineUpdater] INFO  ratis.ContainerStateMachine (ContainerStateMachine.java:takeSnapshot(304)) - group-FF7A1816AE2D: Taking a snapshot at:(t:1, i:79) file /home/runner/work/ozone/ozone/hadoop-ozone/integration-test/target/test-dir/MiniOzoneClusterImpl-1336b647-fddb-4972-9c96-ba48238d1115/datanode-3/data/ratis/22478b68-2caf-44d5-813e-ff7a1816ae2d/sm/snapshot.1_79
2022-08-24 08:26:30,341 [grpc-default-executor-3] INFO  server.GrpcLogAppender (GrpcLogAppender.java:onCompleted(339)) - 9ebd5d49-d832-4a04-8d1f-29e9cf21918f@group-FF7A1816AE2D->440b8e2f-1f04-4f01-a821-43dde6dd996e-AppendLogResponseHandler: follower responses appendEntries COMPLETED
2022-08-24 08:26:30,342 [grpc-default-executor-3] INFO  leader.FollowerInfo (FollowerInfoImpl.java:lambda$new$0(48)) - 9ebd5d49-d832-4a04-8d1f-29e9cf21918f@group-FF7A1816AE2D->440b8e2f-1f04-4f01-a821-43dde6dd996e: nextIndex: updateUnconditionally 80 -> 79
2022-08-24 08:26:30,343 [grpc-default-executor-0] INFO  leader.FollowerInfo (FollowerInfoImpl.java:lambda$new$0(48)) - 9ebd5d49-d832-4a04-8d1f-29e9cf21918f@group-FF7A1816AE2D->7f7d2c84-d408-4e5a-9ef4-f1a050e9b97b: nextIndex: updateUnconditionally 80 -> 79
2022-08-24 08:26:30,374 [440b8e2f-1f04-4f01-a821-43dde6dd996e@group-1FD0A32EC9D7-StateMachineUpdater] INFO  ratis.ContainerStateMachine (ContainerStateMachine.java:takeSnapshot(315)) - group-1FD0A32EC9D7: Finished taking a snapshot at:(t:1, i:0) file:/home/runner/work/ozone/ozone/hadoop-ozone/integration-test/target/test-dir/MiniOzoneClusterImpl-1336b647-fddb-4972-9c96-ba48238d1115/datanode-5/data/ratis/0388249e-1292-47f4-b32d-1fd0a32ec9d7/sm/snapshot.1_0 took: 84 ms
2022-08-24 08:26:30,376 [9ebd5d49-d832-4a04-8d1f-29e9cf21918f@group-FF7A1816AE2D-StateMachineUpdater] INFO  ratis.ContainerStateMachine (ContainerStateMachine.java:takeSnapshot(315)) - group-FF7A1816AE2D: Finished taking a snapshot at:(t:1, i:79) file:/home/runner/work/ozone/ozone/hadoop-ozone/integration-test/target/test-dir/MiniOzoneClusterImpl-1336b647-fddb-4972-9c96-ba48238d1115/datanode-3/data/ratis/22478b68-2caf-44d5-813e-ff7a1816ae2d/sm/snapshot.1_79 took: 42 ms
2022-08-24 08:26:30,377 [9ebd5d49-d832-4a04-8d1f-29e9cf21918f@group-FF7A1816AE2D-StateMachineUpdater] INFO  impl.StateMachineUpdater (StateMachineUpdater.java:takeSnapshot(287)) - 9ebd5d49-d832-4a04-8d1f-29e9cf21918f@group-FF7A1816AE2D-StateMachineUpdater: Took a snapshot at index 79
2022-08-24 08:26:30,377 [9ebd5d49-d832-4a04-8d1f-29e9cf21918f@group-FF7A1816AE2D-StateMachineUpdater] INFO  impl.StateMachineUpdater (StateMachineUpdater.java:lambda$new$0(92)) - 9ebd5d49-d832-4a04-8d1f-29e9cf21918f@group-FF7A1816AE2D-StateMachineUpdater: snapshotIndex: updateIncreasingly -1 -> 79
2022-08-24 08:26:30,380 [440b8e2f-1f04-4f01-a821-43dde6dd996e@group-1FD0A32EC9D7-StateMachineUpdater] INFO  impl.StateMachineUpdater (StateMachineUpdater.java:takeSnapshot(287)) - 440b8e2f-1f04-4f01-a821-43dde6dd996e@group-1FD0A32EC9D7-StateMachineUpdater: Took a snapshot at index 0
2022-08-24 08:26:30,380 [440b8e2f-1f04-4f01-a821-43dde6dd996e@group-1FD0A32EC9D7-StateMachineUpdater] INFO  impl.StateMachineUpdater (StateMachineUpdater.java:lambda$new$0(92)) - 440b8e2f-1f04-4f01-a821-43dde6dd996e@group-1FD0A32EC9D7-StateMachineUpdater: snapshotIndex: updateIncreasingly -1 -> 0
2022-08-24 08:26:30,382 [Command processor thread] INFO  server.RaftServer$Division (ServerState.java:close(429)) - 9ebd5d49-d832-4a04-8d1f-29e9cf21918f@group-FF7A1816AE2D: closes. applyIndex: 79
2022-08-24 08:26:30,383 [9ebd5d49-d832-4a04-8d1f-29e9cf21918f@group-FF7A1816AE2D-SegmentedRaftLogWorker] INFO  segmented.SegmentedRaftLogWorker (SegmentedRaftLogWorker.java:run(336)) - 9ebd5d49-d832-4a04-8d1f-29e9cf21918f@group-FF7A1816AE2D-SegmentedRaftLogWorker was interrupted, exiting. There are 0 tasks remaining in the queue.
2022-08-24 08:26:30,382 [Command processor thread] INFO  server.RaftServer$Division (ServerState.java:close(429)) - 440b8e2f-1f04-4f01-a821-43dde6dd996e@group-1FD0A32EC9D7: closes. applyIndex: 0
2022-08-24 08:26:30,383 [440b8e2f-1f04-4f01-a821-43dde6dd996e@group-1FD0A32EC9D7-SegmentedRaftLogWorker] INFO  segmented.SegmentedRaftLogWorker (SegmentedRaftLogWorker.java:run(336)) - 440b8e2f-1f04-4f01-a821-43dde6dd996e@group-1FD0A32EC9D7-SegmentedRaftLogWorker was interrupted, exiting. There are 0 tasks remaining in the queue.
2022-08-24 08:26:30,383 [Command processor thread] INFO  segmented.SegmentedRaftLogWorker (SegmentedRaftLogWorker.java:close(246)) - 9ebd5d49-d832-4a04-8d1f-29e9cf21918f@group-FF7A1816AE2D-SegmentedRaftLogWorker close()
2022-08-24 08:26:30,387 [Command processor thread] INFO  segmented.SegmentedRaftLogWorker (SegmentedRaftLogWorker.java:close(246)) - 440b8e2f-1f04-4f01-a821-43dde6dd996e@group-1FD0A32EC9D7-SegmentedRaftLogWorker close()
2022-08-24 08:26:30,393 [Command processor thread] INFO  server.RaftServer$Division (RaftServerImpl.java:groupRemove(404)) - 440b8e2f-1f04-4f01-a821-43dde6dd996e@group-1FD0A32EC9D7: Succeed to remove RaftStorageDirectory Storage Directory /home/runner/work/ozone/ozone/hadoop-ozone/integration-test/target/test-dir/MiniOzoneClusterImpl-1336b647-fddb-4972-9c96-ba48238d1115/datanode-5/data/ratis/0388249e-1292-47f4-b32d-1fd0a32ec9d7
2022-08-24 08:26:30,393 [Command processor thread] INFO  commandhandler.ClosePipelineCommandHandler (ClosePipelineCommandHandler.java:handle(78)) - Close Pipeline PipelineID=0388249e-1292-47f4-b32d-1fd0a32ec9d7 command on datanode 440b8e2f-1f04-4f01-a821-43dde6dd996e.
2022-08-24 08:26:30,394 [Command processor thread] INFO  server.RaftServer (RaftServerProxy.java:remove(107)) - 440b8e2f-1f04-4f01-a821-43dde6dd996e: remove  FOLLOWER 440b8e2f-1f04-4f01-a821-43dde6dd996e@group-FF7A1816AE2D:t1, leader=9ebd5d49-d832-4a04-8d1f-29e9cf21918f, voted=9ebd5d49-d832-4a04-8d1f-29e9cf21918f, raftlog=440b8e2f-1f04-4f01-a821-43dde6dd996e@group-FF7A1816AE2D-SegmentedRaftLog:OPENED:c77, conf=0: [440b8e2f-1f04-4f01-a821-43dde6dd996e|rpc:10.1.0.105:43463|dataStream:|priority:0, 7f7d2c84-d408-4e5a-9ef4-f1a050e9b97b|rpc:10.1.0.105:42375|dataStream:|priority:0, 9ebd5d49-d832-4a04-8d1f-29e9cf21918f|rpc:10.1.0.105:38067|dataStream:|priority:1], old=null RUNNING
2022-08-24 08:26:30,394 [Command processor thread] INFO  keyvalue.KeyValueContainer (KeyValueContainer.java:flushAndSyncDB(436)) - Container 1 is synced with bcsId 73.
2022-08-24 08:26:30,394 [Command processor thread] INFO  server.RaftServer$Division (RaftServerImpl.java:lambda$close$4(434)) - 440b8e2f-1f04-4f01-a821-43dde6dd996e@group-FF7A1816AE2D: shutdown
2022-08-24 08:26:30,395 [Command processor thread] INFO  keyvalue.KeyValueContainer (KeyValueContainer.java:flushAndSyncDB(436)) - Container 1 is synced with bcsId 73.
2022-08-24 08:26:30,395 [Command processor thread] INFO  util.JmxRegister (JmxRegister.java:unregister(73)) - Successfully un-registered JMX Bean with object name Ratis:service=RaftServer,group=group-FF7A1816AE2D,id=440b8e2f-1f04-4f01-a821-43dde6dd996e
2022-08-24 08:26:30,395 [Command processor thread] INFO  impl.RoleInfo (RoleInfo.java:shutdownFollowerState(110)) - 440b8e2f-1f04-4f01-a821-43dde6dd996e: shutdown 440b8e2f-1f04-4f01-a821-43dde6dd996e@group-FF7A1816AE2D-FollowerState
2022-08-24 08:26:30,395 [440b8e2f-1f04-4f01-a821-43dde6dd996e@group-FF7A1816AE2D-FollowerState] INFO  impl.FollowerState (FollowerState.java:run(152)) - 440b8e2f-1f04-4f01-a821-43dde6dd996e@group-FF7A1816AE2D-FollowerState was interrupted
2022-08-24 08:26:30,395 [440b8e2f-1f04-4f01-a821-43dde6dd996e@group-FF7A1816AE2D-StateMachineUpdater] INFO  ratis.ContainerStateMachine (ContainerStateMachine.java:takeSnapshot(304)) - group-FF7A1816AE2D: Taking a snapshot at:(t:1, i:77) file /home/runner/work/ozone/ozone/hadoop-ozone/integration-test/target/test-dir/MiniOzoneClusterImpl-1336b647-fddb-4972-9c96-ba48238d1115/datanode-5/data/ratis/22478b68-2caf-44d5-813e-ff7a1816ae2d/sm/snapshot.1_77
2022-08-24 08:26:30,396 [Command processor thread] INFO  impl.StateMachineUpdater (StateMachineUpdater.java:stopAndJoin(153)) - 440b8e2f-1f04-4f01-a821-43dde6dd996e@group-FF7A1816AE2D-StateMachineUpdater: set stopIndex = 77
2022-08-24 08:26:30,397 [440b8e2f-1f04-4f01-a821-43dde6dd996e@group-FF7A1816AE2D-StateMachineUpdater] INFO  ratis.ContainerStateMachine (ContainerStateMachine.java:takeSnapshot(315)) - group-FF7A1816AE2D: Finished taking a snapshot at:(t:1, i:77) file:/home/runner/work/ozone/ozone/hadoop-ozone/integration-test/target/test-dir/MiniOzoneClusterImpl-1336b647-fddb-4972-9c96-ba48238d1115/datanode-5/data/ratis/22478b68-2caf-44d5-813e-ff7a1816ae2d/sm/snapshot.1_77 took: 1 ms
2022-08-24 08:26:30,397 [440b8e2f-1f04-4f01-a821-43dde6dd996e@group-FF7A1816AE2D-StateMachineUpdater] INFO  impl.StateMachineUpdater (StateMachineUpdater.java:takeSnapshot(287)) - 440b8e2f-1f04-4f01-a821-43dde6dd996e@group-FF7A1816AE2D-StateMachineUpdater: Took a snapshot at index 77
2022-08-24 08:26:30,397 [440b8e2f-1f04-4f01-a821-43dde6dd996e@group-FF7A1816AE2D-StateMachineUpdater] INFO  impl.StateMachineUpdater (StateMachineUpdater.java:lambda$new$0(92)) - 440b8e2f-1f04-4f01-a821-43dde6dd996e@group-FF7A1816AE2D-StateMachineUpdater: snapshotIndex: updateIncreasingly -1 -> 77
2022-08-24 08:26:30,397 [Command processor thread] INFO  server.RaftServer$Division (ServerState.java:close(429)) - 440b8e2f-1f04-4f01-a821-43dde6dd996e@group-FF7A1816AE2D: closes. applyIndex: 77
2022-08-24 08:26:30,397 [440b8e2f-1f04-4f01-a821-43dde6dd996e@group-FF7A1816AE2D-SegmentedRaftLogWorker] INFO  segmented.SegmentedRaftLogWorker (SegmentedRaftLogWorker.java:run(336)) - 440b8e2f-1f04-4f01-a821-43dde6dd996e@group-FF7A1816AE2D-SegmentedRaftLogWorker was interrupted, exiting. There are 0 tasks remaining in the queue.
2022-08-24 08:26:30,398 [Command processor thread] INFO  segmented.SegmentedRaftLogWorker (SegmentedRaftLogWorker.java:close(246)) - 440b8e2f-1f04-4f01-a821-43dde6dd996e@group-FF7A1816AE2D-SegmentedRaftLogWorker close()
2022-08-24 08:26:30,403 [FixedThreadPoolWithAffinityExecutor-9-0] INFO  container.IncrementalContainerReportHandler (AbstractContainerReportHandler.java:updateContainerState(285)) - Moving container #1 to QUASI_CLOSED state, datanode 9ebd5d49-d832-4a04-8d1f-29e9cf21918f{ip: 10.1.0.105, host: fv-az96-669.m4cgkdvplvgupd014rd20bgx3d.gx.internal.cloudapp.net, ports: [REPLICATION=40487, RATIS=38067, RATIS_ADMIN=38067, RATIS_SERVER=38067, STANDALONE=38275], networkLocation: /default-rack, certSerialId: null, persistedOpState: IN_SERVICE, persistedOpStateExpiryEpochSec: 0} reported QUASI_CLOSED replica.
2022-08-24 08:26:30,410 [IPC Server handler 13 on default port 38529] INFO  node.SCMNodeManager (SCMNodeManager.java:updateDatanodeOpState(545)) - Scheduling a command to update the operationalState persisted on 440b8e2f-1f04-4f01-a821-43dde6dd996e{ip: 10.1.0.105, host: fv-az96-669.m4cgkdvplvgupd014rd20bgx3d.gx.internal.cloudapp.net, ports: [REPLICATION=33745, RATIS=43463, RATIS_ADMIN=43463, RATIS_SERVER=43463, STANDALONE=38569], networkLocation: /default-rack, certSerialId: null, persistedOpState: null, persistedOpStateExpiryEpochSec: 0} as the reported value does not match the value stored in SCM (DECOMMISSIONING, 0)
2022-08-24 08:26:30,412 [EndpointStateMachine task thread for /0.0.0.0:38537 - 0 ] INFO  volume.HddsVolume (HddsVolume.java:createDbStore(310)) - SchemaV3 db is created and loaded at /home/runner/work/ozone/ozone/hadoop-ozone/integration-test/target/test-dir/MiniOzoneClusterImpl-ef79d86f-cf98-4831-ba1c-bc14f6a33205/datanode-1/data-0/containers/hdds/ef79d86f-cf98-4831-ba1c-bc14f6a33205/DS-cb48acb2-9a3d-47b6-bbcc-dfb3a6a10e8d/container.db for volume DS-cb48acb2-9a3d-47b6-bbcc-dfb3a6a10e8d
2022-08-24 08:26:30,412 [Command processor thread] INFO  keyvalue.KeyValueContainer (KeyValueContainer.java:flushAndSyncDB(436)) - Container 1 is synced with bcsId 73.
2022-08-24 08:26:30,421 [Command processor thread] INFO  keyvalue.KeyValueContainer (KeyValueContainer.java:flushAndSyncDB(436)) - Container 1 is synced with bcsId 73.
2022-08-24 08:26:30,421 [EndpointStateMachine task thread for /0.0.0.0:38537 - 0 ] INFO  volume.HddsVolume (HddsVolume.java:closeDbStore(341)) - SchemaV3 db is stopped at /home/runner/work/ozone/ozone/hadoop-ozone/integration-test/target/test-dir/MiniOzoneClusterImpl-ef79d86f-cf98-4831-ba1c-bc14f6a33205/datanode-1/data-0/containers/hdds/ef79d86f-cf98-4831-ba1c-bc14f6a33205/DS-cb48acb2-9a3d-47b6-bbcc-dfb3a6a10e8d/container.db for volume DS-cb48acb2-9a3d-47b6-bbcc-dfb3a6a10e8d
2022-08-24 08:26:30,421 [EndpointStateMachine task thread for /0.0.0.0:38537 - 0 ] INFO  ozoneimpl.OzoneContainer (OzoneContainer.java:start(377)) - Attempting to start container services.
2022-08-24 08:26:30,421 [EndpointStateMachine task thread for /0.0.0.0:38537 - 0 ] INFO  ozoneimpl.OzoneContainer (OzoneContainer.java:startContainerScrub(312)) - Background container scanner has been disabled.
2022-08-24 08:26:30,423 [Command processor thread] INFO  keyvalue.KeyValueContainer (KeyValueContainer.java:flushAndSyncDB(436)) - Container 2 is synced with bcsId 77.
2022-08-24 08:26:30,423 [EndpointStateMachine task thread for /0.0.0.0:38537 - 0 ] INFO  replication.ReplicationServer (ReplicationServer.java:start(111)) - ReplicationServer is started using port 45681
2022-08-24 08:26:30,423 [Command processor thread] INFO  keyvalue.KeyValueContainer (KeyValueContainer.java:flushAndSyncDB(436)) - Container 2 is synced with bcsId 77.
2022-08-24 08:26:30,426 [IPC Server handler 15 on default port 38529] INFO  node.SCMNodeManager (SCMNodeManager.java:updateDatanodeOpState(545)) - Scheduling a command to update the operationalState persisted on 440b8e2f-1f04-4f01-a821-43dde6dd996e{ip: 10.1.0.105, host: fv-az96-669.m4cgkdvplvgupd014rd20bgx3d.gx.internal.cloudapp.net, ports: [REPLICATION=33745, RATIS=43463, RATIS_ADMIN=43463, RATIS_SERVER=43463, STANDALONE=38569], networkLocation: /default-rack, certSerialId: null, persistedOpState: null, persistedOpStateExpiryEpochSec: 0} as the reported value does not match the value stored in SCM (DECOMMISSIONING, 0)
2022-08-24 08:26:30,424 [EndpointStateMachine task thread for /0.0.0.0:38537 - 0 ] INFO  ratis.XceiverServerRatis (XceiverServerRatis.java:start(481)) - Starting XceiverServerRatis c136c940-8cdb-469d-8a4b-133170912109
2022-08-24 08:26:30,437 [Command processor thread] INFO  keyvalue.KeyValueContainer (KeyValueContainer.java:flushAndSyncDB(436)) - Container 2 is synced with bcsId 77.
2022-08-24 08:26:30,437 [Command processor thread] INFO  keyvalue.KeyValueContainer (KeyValueContainer.java:flushAndSyncDB(436)) - Container 2 is synced with bcsId 77.
2022-08-24 08:26:30,443 [EndpointStateMachine task thread for /0.0.0.0:38537 - 0 ] INFO  server.RaftServer (RaftServerProxy.java:lambda$start$6(382)) - c136c940-8cdb-469d-8a4b-133170912109: start RPC server
2022-08-24 08:26:30,443 [FixedThreadPoolWithAffinityExecutor-0-0] INFO  container.IncrementalContainerReportHandler (AbstractContainerReportHandler.java:updateContainerState(285)) - Moving container #2 to QUASI_CLOSED state, datanode 9ebd5d49-d832-4a04-8d1f-29e9cf21918f{ip: 10.1.0.105, host: fv-az96-669.m4cgkdvplvgupd014rd20bgx3d.gx.internal.cloudapp.net, ports: [REPLICATION=40487, RATIS=38067, RATIS_ADMIN=38067, RATIS_SERVER=38067, STANDALONE=38275], networkLocation: /default-rack, certSerialId: null, persistedOpState: IN_SERVICE, persistedOpStateExpiryEpochSec: 0} reported QUASI_CLOSED replica.
2022-08-24 08:26:30,443 [IPC Server handler 19 on default port 38529] INFO  node.SCMNodeManager (SCMNodeManager.java:updateDatanodeOpState(545)) - Scheduling a command to update the operationalState persisted on 440b8e2f-1f04-4f01-a821-43dde6dd996e{ip: 10.1.0.105, host: fv-az96-669.m4cgkdvplvgupd014rd20bgx3d.gx.internal.cloudapp.net, ports: [REPLICATION=33745, RATIS=43463, RATIS_ADMIN=43463, RATIS_SERVER=43463, STANDALONE=38569], networkLocation: /default-rack, certSerialId: null, persistedOpState: null, persistedOpStateExpiryEpochSec: 0} as the reported value does not match the value stored in SCM (DECOMMISSIONING, 0)
2022-08-24 08:26:30,445 [EndpointStateMachine task thread for /0.0.0.0:38537 - 0 ] INFO  server.GrpcService (GrpcService.java:startImpl(260)) - c136c940-8cdb-469d-8a4b-133170912109: GrpcService started, listening on 36895
2022-08-24 08:26:30,446 [EndpointStateMachine task thread for /0.0.0.0:38537 - 0 ] INFO  ratis.XceiverServerRatis (XceiverServerRatis.java:getRealPort(502)) - XceiverServerRatis c136c940-8cdb-469d-8a4b-133170912109 is started using port 36895 for RATIS
2022-08-24 08:26:30,446 [EndpointStateMachine task thread for /0.0.0.0:38537 - 0 ] INFO  ratis.XceiverServerRatis (XceiverServerRatis.java:getRealPort(502)) - XceiverServerRatis c136c940-8cdb-469d-8a4b-133170912109 is started using port 36895 for RATIS_ADMIN
2022-08-24 08:26:30,446 [EndpointStateMachine task thread for /0.0.0.0:38537 - 0 ] INFO  ratis.XceiverServerRatis (XceiverServerRatis.java:getRealPort(502)) - XceiverServerRatis c136c940-8cdb-469d-8a4b-133170912109 is started using port 36895 for RATIS_SERVER
2022-08-24 08:26:30,447 [org.apache.ratis.util.JvmPauseMonitor$$Lambda$715/492429123@720b2e0a] INFO  util.JvmPauseMonitor (JvmPauseMonitor.java:run(103)) - JvmPauseMonitor-c136c940-8cdb-469d-8a4b-133170912109: Started
2022-08-24 08:26:30,458 [Command processor thread] INFO  keyvalue.KeyValueContainer (KeyValueContainer.java:flushAndSyncDB(436)) - Container 3 is synced with bcsId 69.
2022-08-24 08:26:30,458 [Command processor thread] INFO  keyvalue.KeyValueContainer (KeyValueContainer.java:flushAndSyncDB(436)) - Container 3 is synced with bcsId 69.
2022-08-24 08:26:30,458 [EndpointStateMachine task thread for /0.0.0.0:38537 - 0 ] INFO  server.XceiverServerGrpc (XceiverServerGrpc.java:start(180)) - XceiverServerGrpc c136c940-8cdb-469d-8a4b-133170912109 is started using port 41233
2022-08-24 08:26:30,468 [Command processor thread] INFO  server.RaftServer$Division (RaftServerImpl.java:groupRemove(404)) - 9ebd5d49-d832-4a04-8d1f-29e9cf21918f@group-FF7A1816AE2D: Succeed to remove RaftStorageDirectory Storage Directory /home/runner/work/ozone/ozone/hadoop-ozone/integration-test/target/test-dir/MiniOzoneClusterImpl-1336b647-fddb-4972-9c96-ba48238d1115/datanode-3/data/ratis/22478b68-2caf-44d5-813e-ff7a1816ae2d
2022-08-24 08:26:30,469 [IPC Server handler 18 on default port 38529] INFO  node.SCMNodeManager (SCMNodeManager.java:updateDatanodeOpState(545)) - Scheduling a command to update the operationalState persisted on 440b8e2f-1f04-4f01-a821-43dde6dd996e{ip: 10.1.0.105, host: fv-az96-669.m4cgkdvplvgupd014rd20bgx3d.gx.internal.cloudapp.net, ports: [REPLICATION=33745, RATIS=43463, RATIS_ADMIN=43463, RATIS_SERVER=43463, STANDALONE=38569], networkLocation: /default-rack, certSerialId: null, persistedOpState: null, persistedOpStateExpiryEpochSec: 0} as the reported value does not match the value stored in SCM (DECOMMISSIONING, 0)
2022-08-24 08:26:30,476 [FixedThreadPoolWithAffinityExecutor-1-0] INFO  container.IncrementalContainerReportHandler (AbstractContainerReportHandler.java:updateContainerState(285)) - Moving container #3 to QUASI_CLOSED state, datanode 9ebd5d49-d832-4a04-8d1f-29e9cf21918f{ip: 10.1.0.105, host: fv-az96-669.m4cgkdvplvgupd014rd20bgx3d.gx.internal.cloudapp.net, ports: [REPLICATION=40487, RATIS=38067, RATIS_ADMIN=38067, RATIS_SERVER=38067, STANDALONE=38275], networkLocation: /default-rack, certSerialId: null, persistedOpState: IN_SERVICE, persistedOpStateExpiryEpochSec: 0} reported QUASI_CLOSED replica.
2022-08-24 08:26:30,476 [IPC Server handler 2 on default port 38529] INFO  node.SCMNodeManager (SCMNodeManager.java:updateDatanodeOpState(545)) - Scheduling a command to update the operationalState persisted on 440b8e2f-1f04-4f01-a821-43dde6dd996e{ip: 10.1.0.105, host: fv-az96-669.m4cgkdvplvgupd014rd20bgx3d.gx.internal.cloudapp.net, ports: [REPLICATION=33745, RATIS=43463, RATIS_ADMIN=43463, RATIS_SERVER=43463, STANDALONE=38569], networkLocation: /default-rack, certSerialId: null, persistedOpState: null, persistedOpStateExpiryEpochSec: 0} as the reported value does not match the value stored in SCM (DECOMMISSIONING, 0)
2022-08-24 08:26:30,468 [Command processor thread] INFO  commandhandler.ClosePipelineCommandHandler (ClosePipelineCommandHandler.java:handle(78)) - Close Pipeline PipelineID=22478b68-2caf-44d5-813e-ff7a1816ae2d command on datanode 9ebd5d49-d832-4a04-8d1f-29e9cf21918f.
2022-08-24 08:26:30,477 [Command processor thread] INFO  keyvalue.KeyValueContainer (KeyValueContainer.java:flushAndSyncDB(436)) - Container 3 is synced with bcsId 69.
2022-08-24 08:26:30,478 [Command processor thread] INFO  keyvalue.KeyValueContainer (KeyValueContainer.java:flushAndSyncDB(436)) - Container 3 is synced with bcsId 69.
2022-08-24 08:26:30,481 [Command processor thread] INFO  server.RaftServer$Division (RaftServerImpl.java:groupRemove(404)) - 440b8e2f-1f04-4f01-a821-43dde6dd996e@group-FF7A1816AE2D: Succeed to remove RaftStorageDirectory Storage Directory /home/runner/work/ozone/ozone/hadoop-ozone/integration-test/target/test-dir/MiniOzoneClusterImpl-1336b647-fddb-4972-9c96-ba48238d1115/datanode-5/data/ratis/22478b68-2caf-44d5-813e-ff7a1816ae2d
2022-08-24 08:26:30,481 [Command processor thread] INFO  commandhandler.ClosePipelineCommandHandler (ClosePipelineCommandHandler.java:handle(78)) - Close Pipeline PipelineID=22478b68-2caf-44d5-813e-ff7a1816ae2d command on datanode 440b8e2f-1f04-4f01-a821-43dde6dd996e.
2022-08-24 08:26:30,703 [ReplicationMonitor] INFO  replication.ReplicationManager (ReplicationManager.java:processAll(255)) - Replication Manager is not ready to run until 3000ms after safemode exit
2022-08-24 08:26:30,760 [Listener at 127.0.0.1/39171] INFO  ozone.MiniOzoneClusterImpl (MiniOzoneClusterImpl.java:lambda$waitForClusterToBeReady$0(216)) - Waiting for nodes to be ready. Got 0 of 6 DN Heartbeats.
2022-08-24 08:26:30,760 [Listener at 127.0.0.1/39171] INFO  ozone.MiniOzoneClusterImpl (MiniOzoneClusterImpl.java:lambda$waitForClusterToBeReady$0(219)) - Waiting for cluster to exit safe mode
2022-08-24 08:26:30,760 [Listener at 127.0.0.1/39171] INFO  ozone.MiniOzoneClusterImpl (MiniOzoneClusterImpl.java:lambda$waitForClusterToBeReady$0(221)) - SCM became leader
2022-08-24 08:26:30,844 [EndpointStateMachine task thread for /0.0.0.0:38537 - 0 ] INFO  volume.HddsVolume (HddsVolume.java:createDbStore(310)) - SchemaV3 db is created and loaded at /home/runner/work/ozone/ozone/hadoop-ozone/integration-test/target/test-dir/MiniOzoneClusterImpl-ef79d86f-cf98-4831-ba1c-bc14f6a33205/datanode-2/data-0/containers/hdds/ef79d86f-cf98-4831-ba1c-bc14f6a33205/DS-c5445a6c-e350-48b3-8f8f-cbc11d0822ba/container.db for volume DS-c5445a6c-e350-48b3-8f8f-cbc11d0822ba
2022-08-24 08:26:30,844 [EndpointStateMachine task thread for /0.0.0.0:38537 - 0 ] INFO  volume.HddsVolume (HddsVolume.java:closeDbStore(341)) - SchemaV3 db is stopped at /home/runner/work/ozone/ozone/hadoop-ozone/integration-test/target/test-dir/MiniOzoneClusterImpl-ef79d86f-cf98-4831-ba1c-bc14f6a33205/datanode-2/data-0/containers/hdds/ef79d86f-cf98-4831-ba1c-bc14f6a33205/DS-c5445a6c-e350-48b3-8f8f-cbc11d0822ba/container.db for volume DS-c5445a6c-e350-48b3-8f8f-cbc11d0822ba
2022-08-24 08:26:30,844 [EndpointStateMachine task thread for /0.0.0.0:38537 - 0 ] INFO  ozoneimpl.OzoneContainer (OzoneContainer.java:start(377)) - Attempting to start container services.
2022-08-24 08:26:30,844 [EndpointStateMachine task thread for /0.0.0.0:38537 - 0 ] INFO  ozoneimpl.OzoneContainer (OzoneContainer.java:startContainerScrub(312)) - Background container scanner has been disabled.
2022-08-24 08:26:30,846 [EndpointStateMachine task thread for /0.0.0.0:38537 - 0 ] INFO  replication.ReplicationServer (ReplicationServer.java:start(111)) - ReplicationServer is started using port 36925
2022-08-24 08:26:30,847 [EndpointStateMachine task thread for /0.0.0.0:38537 - 0 ] INFO  ratis.XceiverServerRatis (XceiverServerRatis.java:start(481)) - Starting XceiverServerRatis 3503030e-0d5c-47ed-9f19-bc5debe5118a
2022-08-24 08:26:30,855 [EndpointStateMachine task thread for /0.0.0.0:38537 - 0 ] INFO  server.RaftServer (RaftServerProxy.java:lambda$start$6(382)) - 3503030e-0d5c-47ed-9f19-bc5debe5118a: start RPC server
2022-08-24 08:26:30,856 [EndpointStateMachine task thread for /0.0.0.0:38537 - 0 ] INFO  server.GrpcService (GrpcService.java:startImpl(260)) - 3503030e-0d5c-47ed-9f19-bc5debe5118a: GrpcService started, listening on 36043
2022-08-24 08:26:30,856 [EndpointStateMachine task thread for /0.0.0.0:38537 - 0 ] INFO  ratis.XceiverServerRatis (XceiverServerRatis.java:getRealPort(502)) - XceiverServerRatis 3503030e-0d5c-47ed-9f19-bc5debe5118a is started using port 36043 for RATIS
2022-08-24 08:26:30,856 [EndpointStateMachine task thread for /0.0.0.0:38537 - 0 ] INFO  ratis.XceiverServerRatis (XceiverServerRatis.java:getRealPort(502)) - XceiverServerRatis 3503030e-0d5c-47ed-9f19-bc5debe5118a is started using port 36043 for RATIS_ADMIN
2022-08-24 08:26:30,856 [org.apache.ratis.util.JvmPauseMonitor$$Lambda$715/492429123@7d55edb8] INFO  util.JvmPauseMonitor (JvmPauseMonitor.java:run(103)) - JvmPauseMonitor-3503030e-0d5c-47ed-9f19-bc5debe5118a: Started
2022-08-24 08:26:30,856 [EndpointStateMachine task thread for /0.0.0.0:38537 - 0 ] INFO  ratis.XceiverServerRatis (XceiverServerRatis.java:getRealPort(502)) - XceiverServerRatis 3503030e-0d5c-47ed-9f19-bc5debe5118a is started using port 36043 for RATIS_SERVER
2022-08-24 08:26:30,857 [EndpointStateMachine task thread for /0.0.0.0:38537 - 0 ] INFO  server.XceiverServerGrpc (XceiverServerGrpc.java:start(180)) - XceiverServerGrpc 3503030e-0d5c-47ed-9f19-bc5debe5118a is started using port 39393
2022-08-24 08:26:31,173 [ReplicationMonitor] INFO  replication.LegacyReplicationManager (LegacyReplicationManager.java:forceCloseContainer(1108)) - Force closing container #1 with BCSID 73, which is in QUASI_CLOSED state.
2022-08-24 08:26:31,173 [ReplicationMonitor] INFO  replication.LegacyReplicationManager (LegacyReplicationManager.java:sendCloseCommand(1512)) - Sending close container command for container #1 to datanode 440b8e2f-1f04-4f01-a821-43dde6dd996e{ip: 10.1.0.105, host: fv-az96-669.m4cgkdvplvgupd014rd20bgx3d.gx.internal.cloudapp.net, ports: [REPLICATION=33745, RATIS=43463, RATIS_ADMIN=43463, RATIS_SERVER=43463, STANDALONE=38569], networkLocation: /default-rack, certSerialId: null, persistedOpState: DECOMMISSIONING, persistedOpStateExpiryEpochSec: 0}.
2022-08-24 08:26:31,173 [ReplicationMonitor] INFO  replication.LegacyReplicationManager (LegacyReplicationManager.java:sendCloseCommand(1512)) - Sending close container command for container #1 to datanode 9ebd5d49-d832-4a04-8d1f-29e9cf21918f{ip: 10.1.0.105, host: fv-az96-669.m4cgkdvplvgupd014rd20bgx3d.gx.internal.cloudapp.net, ports: [REPLICATION=40487, RATIS=38067, RATIS_ADMIN=38067, RATIS_SERVER=38067, STANDALONE=38275], networkLocation: /default-rack, certSerialId: null, persistedOpState: IN_SERVICE, persistedOpStateExpiryEpochSec: 0}.
2022-08-24 08:26:31,174 [ReplicationMonitor] INFO  replication.LegacyReplicationManager (LegacyReplicationManager.java:forceCloseContainer(1108)) - Force closing container #2 with BCSID 77, which is in QUASI_CLOSED state.
2022-08-24 08:26:31,174 [ReplicationMonitor] INFO  replication.LegacyReplicationManager (LegacyReplicationManager.java:sendCloseCommand(1512)) - Sending close container command for container #2 to datanode 9ebd5d49-d832-4a04-8d1f-29e9cf21918f{ip: 10.1.0.105, host: fv-az96-669.m4cgkdvplvgupd014rd20bgx3d.gx.internal.cloudapp.net, ports: [REPLICATION=40487, RATIS=38067, RATIS_ADMIN=38067, RATIS_SERVER=38067, STANDALONE=38275], networkLocation: /default-rack, certSerialId: null, persistedOpState: IN_SERVICE, persistedOpStateExpiryEpochSec: 0}.
2022-08-24 08:26:31,174 [ReplicationMonitor] INFO  replication.LegacyReplicationManager (LegacyReplicationManager.java:sendCloseCommand(1512)) - Sending close container command for container #2 to datanode 440b8e2f-1f04-4f01-a821-43dde6dd996e{ip: 10.1.0.105, host: fv-az96-669.m4cgkdvplvgupd014rd20bgx3d.gx.internal.cloudapp.net, ports: [REPLICATION=33745, RATIS=43463, RATIS_ADMIN=43463, RATIS_SERVER=43463, STANDALONE=38569], networkLocation: /default-rack, certSerialId: null, persistedOpState: DECOMMISSIONING, persistedOpStateExpiryEpochSec: 0}.
2022-08-24 08:26:31,174 [ReplicationMonitor] INFO  replication.LegacyReplicationManager (LegacyReplicationManager.java:forceCloseContainer(1108)) - Force closing container #3 with BCSID 69, which is in QUASI_CLOSED state.
2022-08-24 08:26:31,174 [ReplicationMonitor] INFO  replication.LegacyReplicationManager (LegacyReplicationManager.java:sendCloseCommand(1512)) - Sending close container command for container #3 to datanode 440b8e2f-1f04-4f01-a821-43dde6dd996e{ip: 10.1.0.105, host: fv-az96-669.m4cgkdvplvgupd014rd20bgx3d.gx.internal.cloudapp.net, ports: [REPLICATION=33745, RATIS=43463, RATIS_ADMIN=43463, RATIS_SERVER=43463, STANDALONE=38569], networkLocation: /default-rack, certSerialId: null, persistedOpState: DECOMMISSIONING, persistedOpStateExpiryEpochSec: 0}.
2022-08-24 08:26:31,174 [ReplicationMonitor] INFO  replication.LegacyReplicationManager (LegacyReplicationManager.java:sendCloseCommand(1512)) - Sending close container command for container #3 to datanode 9ebd5d49-d832-4a04-8d1f-29e9cf21918f{ip: 10.1.0.105, host: fv-az96-669.m4cgkdvplvgupd014rd20bgx3d.gx.internal.cloudapp.net, ports: [REPLICATION=40487, RATIS=38067, RATIS_ADMIN=38067, RATIS_SERVER=38067, STANDALONE=38275], networkLocation: /default-rack, certSerialId: null, persistedOpState: IN_SERVICE, persistedOpStateExpiryEpochSec: 0}.
2022-08-24 08:26:31,174 [ReplicationMonitor] INFO  replication.ReplicationManager (ReplicationManager.java:processAll(293)) - Replication Monitor Thread took 3 milliseconds for processing 3 containers.
2022-08-24 08:26:31,181 [DatanodeAdminManager-0] INFO  node.DatanodeAdminMonitorImpl (DatanodeAdminMonitorImpl.java:checkContainersReplicatedOnNode(306)) - Under Replicated Container #1 Container State: QUASI_CLOSED Replica Count: 3 Healthy Count: 2 Decommission Count: 1 Maintenance Count: 0 inFlightAdd Count: 0 inFightDel Count: 0 ReplicationFactor: 3 minMaintenance Count: 2; Replicas{ContainerReplica{containerID=#1, state=QUASI_CLOSED, datanodeDetails=440b8e2f-1f04-4f01-a821-43dde6dd996e{ip: 10.1.0.105, host: fv-az96-669.m4cgkdvplvgupd014rd20bgx3d.gx.internal.cloudapp.net, ports: [REPLICATION=33745, RATIS=43463, RATIS_ADMIN=43463, RATIS_SERVER=43463, STANDALONE=38569], networkLocation: /default-rack, certSerialId: null, persistedOpState: DECOMMISSIONING, persistedOpStateExpiryEpochSec: 0}, placeOfBirth=440b8e2f-1f04-4f01-a821-43dde6dd996e, sequenceId=73, keyCount=7, bytesUsed=133},ContainerReplica{containerID=#1, state=OPEN, datanodeDetails=7f7d2c84-d408-4e5a-9ef4-f1a050e9b97b{ip: 10.1.0.105, host: fv-az96-669.m4cgkdvplvgupd014rd20bgx3d.gx.internal.cloudapp.net, ports: [REPLICATION=38073, RATIS=42375, RATIS_ADMIN=42375, RATIS_SERVER=42375, STANDALONE=41563], networkLocation: /default-rack, certSerialId: null, persistedOpState: IN_SERVICE, persistedOpStateExpiryEpochSec: 0}, placeOfBirth=7f7d2c84-d408-4e5a-9ef4-f1a050e9b97b, sequenceId=73, keyCount=7, bytesUsed=133},ContainerReplica{containerID=#1, state=QUASI_CLOSED, datanodeDetails=9ebd5d49-d832-4a04-8d1f-29e9cf21918f{ip: 10.1.0.105, host: fv-az96-669.m4cgkdvplvgupd014rd20bgx3d.gx.internal.cloudapp.net, ports: [REPLICATION=40487, RATIS=38067, RATIS_ADMIN=38067, RATIS_SERVER=38067, STANDALONE=38275], networkLocation: /default-rack, certSerialId: null, persistedOpState: IN_SERVICE, persistedOpStateExpiryEpochSec: 0}, placeOfBirth=9ebd5d49-d832-4a04-8d1f-29e9cf21918f, sequenceId=73, keyCount=7, bytesUsed=133}}
2022-08-24 08:26:31,182 [DatanodeAdminManager-0] INFO  node.DatanodeAdminMonitorImpl (DatanodeAdminMonitorImpl.java:checkContainersReplicatedOnNode(317)) - Unhealthy Container #1 Container State: QUASI_CLOSED Replica Count: 3 Healthy Count: 2 Decommission Count: 1 Maintenance Count: 0 inFlightAdd Count: 0 inFightDel Count: 0 ReplicationFactor: 3 minMaintenance Count: 2; Replicas{ContainerReplica{containerID=#1, state=QUASI_CLOSED, datanodeDetails=440b8e2f-1f04-4f01-a821-43dde6dd996e{ip: 10.1.0.105, host: fv-az96-669.m4cgkdvplvgupd014rd20bgx3d.gx.internal.cloudapp.net, ports: [REPLICATION=33745, RATIS=43463, RATIS_ADMIN=43463, RATIS_SERVER=43463, STANDALONE=38569], networkLocation: /default-rack, certSerialId: null, persistedOpState: DECOMMISSIONING, persistedOpStateExpiryEpochSec: 0}, placeOfBirth=440b8e2f-1f04-4f01-a821-43dde6dd996e, sequenceId=73, keyCount=7, bytesUsed=133},ContainerReplica{containerID=#1, state=OPEN, datanodeDetails=7f7d2c84-d408-4e5a-9ef4-f1a050e9b97b{ip: 10.1.0.105, host: fv-az96-669.m4cgkdvplvgupd014rd20bgx3d.gx.internal.cloudapp.net, ports: [REPLICATION=38073, RATIS=42375, RATIS_ADMIN=42375, RATIS_SERVER=42375, STANDALONE=41563], networkLocation: /default-rack, certSerialId: null, persistedOpState: IN_SERVICE, persistedOpStateExpiryEpochSec: 0}, placeOfBirth=7f7d2c84-d408-4e5a-9ef4-f1a050e9b97b, sequenceId=73, keyCount=7, bytesUsed=133},ContainerReplica{containerID=#1, state=QUASI_CLOSED, datanodeDetails=9ebd5d49-d832-4a04-8d1f-29e9cf21918f{ip: 10.1.0.105, host: fv-az96-669.m4cgkdvplvgupd014rd20bgx3d.gx.internal.cloudapp.net, ports: [REPLICATION=40487, RATIS=38067, RATIS_ADMIN=38067, RATIS_SERVER=38067, STANDALONE=38275], networkLocation: /default-rack, certSerialId: null, persistedOpState: IN_SERVICE, persistedOpStateExpiryEpochSec: 0}, placeOfBirth=9ebd5d49-d832-4a04-8d1f-29e9cf21918f, sequenceId=73, keyCount=7, bytesUsed=133}}
2022-08-24 08:26:31,182 [DatanodeAdminManager-0] INFO  node.DatanodeAdminMonitorImpl (DatanodeAdminMonitorImpl.java:checkContainersReplicatedOnNode(306)) - Under Replicated Container #2 Container State: QUASI_CLOSED Replica Count: 3 Healthy Count: 2 Decommission Count: 1 Maintenance Count: 0 inFlightAdd Count: 0 inFightDel Count: 0 ReplicationFactor: 3 minMaintenance Count: 2; Replicas{ContainerReplica{containerID=#2, state=QUASI_CLOSED, datanodeDetails=9ebd5d49-d832-4a04-8d1f-29e9cf21918f{ip: 10.1.0.105, host: fv-az96-669.m4cgkdvplvgupd014rd20bgx3d.gx.internal.cloudapp.net, ports: [REPLICATION=40487, RATIS=38067, RATIS_ADMIN=38067, RATIS_SERVER=38067, STANDALONE=38275], networkLocation: /default-rack, certSerialId: null, persistedOpState: IN_SERVICE, persistedOpStateExpiryEpochSec: 0}, placeOfBirth=9ebd5d49-d832-4a04-8d1f-29e9cf21918f, sequenceId=77, keyCount=7, bytesUsed=133},ContainerReplica{containerID=#2, state=QUASI_CLOSED, datanodeDetails=440b8e2f-1f04-4f01-a821-43dde6dd996e{ip: 10.1.0.105, host: fv-az96-669.m4cgkdvplvgupd014rd20bgx3d.gx.internal.cloudapp.net, ports: [REPLICATION=33745, RATIS=43463, RATIS_ADMIN=43463, RATIS_SERVER=43463, STANDALONE=38569], networkLocation: /default-rack, certSerialId: null, persistedOpState: DECOMMISSIONING, persistedOpStateExpiryEpochSec: 0}, placeOfBirth=440b8e2f-1f04-4f01-a821-43dde6dd996e, sequenceId=77, keyCount=7, bytesUsed=133},ContainerReplica{containerID=#2, state=OPEN, datanodeDetails=7f7d2c84-d408-4e5a-9ef4-f1a050e9b97b{ip: 10.1.0.105, host: fv-az96-669.m4cgkdvplvgupd014rd20bgx3d.gx.internal.cloudapp.net, ports: [REPLICATION=38073, RATIS=42375, RATIS_ADMIN=42375, RATIS_SERVER=42375, STANDALONE=41563], networkLocation: /default-rack, certSerialId: null, persistedOpState: IN_SERVICE, persistedOpStateExpiryEpochSec: 0}, placeOfBirth=7f7d2c84-d408-4e5a-9ef4-f1a050e9b97b, sequenceId=77, keyCount=7, bytesUsed=133}}
2022-08-24 08:26:31,182 [DatanodeAdminManager-0] INFO  node.DatanodeAdminMonitorImpl (DatanodeAdminMonitorImpl.java:checkContainersReplicatedOnNode(317)) - Unhealthy Container #2 Container State: QUASI_CLOSED Replica Count: 3 Healthy Count: 2 Decommission Count: 1 Maintenance Count: 0 inFlightAdd Count: 0 inFightDel Count: 0 ReplicationFactor: 3 minMaintenance Count: 2; Replicas{ContainerReplica{containerID=#2, state=QUASI_CLOSED, datanodeDetails=9ebd5d49-d832-4a04-8d1f-29e9cf21918f{ip: 10.1.0.105, host: fv-az96-669.m4cgkdvplvgupd014rd20bgx3d.gx.internal.cloudapp.net, ports: [REPLICATION=40487, RATIS=38067, RATIS_ADMIN=38067, RATIS_SERVER=38067, STANDALONE=38275], networkLocation: /default-rack, certSerialId: null, persistedOpState: IN_SERVICE, persistedOpStateExpiryEpochSec: 0}, placeOfBirth=9ebd5d49-d832-4a04-8d1f-29e9cf21918f, sequenceId=77, keyCount=7, bytesUsed=133},ContainerReplica{containerID=#2, state=QUASI_CLOSED, datanodeDetails=440b8e2f-1f04-4f01-a821-43dde6dd996e{ip: 10.1.0.105, host: fv-az96-669.m4cgkdvplvgupd014rd20bgx3d.gx.internal.cloudapp.net, ports: [REPLICATION=33745, RATIS=43463, RATIS_ADMIN=43463, RATIS_SERVER=43463, STANDALONE=38569], networkLocation: /default-rack, certSerialId: null, persistedOpState: DECOMMISSIONING, persistedOpStateExpiryEpochSec: 0}, placeOfBirth=440b8e2f-1f04-4f01-a821-43dde6dd996e, sequenceId=77, keyCount=7, bytesUsed=133},ContainerReplica{containerID=#2, state=OPEN, datanodeDetails=7f7d2c84-d408-4e5a-9ef4-f1a050e9b97b{ip: 10.1.0.105, host: fv-az96-669.m4cgkdvplvgupd014rd20bgx3d.gx.internal.cloudapp.net, ports: [REPLICATION=38073, RATIS=42375, RATIS_ADMIN=42375, RATIS_SERVER=42375, STANDALONE=41563], networkLocation: /default-rack, certSerialId: null, persistedOpState: IN_SERVICE, persistedOpStateExpiryEpochSec: 0}, placeOfBirth=7f7d2c84-d408-4e5a-9ef4-f1a050e9b97b, sequenceId=77, keyCount=7, bytesUsed=133}}
2022-08-24 08:26:31,182 [DatanodeAdminManager-0] INFO  node.DatanodeAdminMonitorImpl (DatanodeAdminMonitorImpl.java:checkContainersReplicatedOnNode(306)) - Under Replicated Container #3 Container State: QUASI_CLOSED Replica Count: 3 Healthy Count: 2 Decommission Count: 1 Maintenance Count: 0 inFlightAdd Count: 0 inFightDel Count: 0 ReplicationFactor: 3 minMaintenance Count: 2; Replicas{ContainerReplica{containerID=#3, state=QUASI_CLOSED, datanodeDetails=440b8e2f-1f04-4f01-a821-43dde6dd996e{ip: 10.1.0.105, host: fv-az96-669.m4cgkdvplvgupd014rd20bgx3d.gx.internal.cloudapp.net, ports: [REPLICATION=33745, RATIS=43463, RATIS_ADMIN=43463, RATIS_SERVER=43463, STANDALONE=38569], networkLocation: /default-rack, certSerialId: null, persistedOpState: DECOMMISSIONING, persistedOpStateExpiryEpochSec: 0}, placeOfBirth=440b8e2f-1f04-4f01-a821-43dde6dd996e, sequenceId=69, keyCount=6, bytesUsed=114},ContainerReplica{containerID=#3, state=QUASI_CLOSED, datanodeDetails=9ebd5d49-d832-4a04-8d1f-29e9cf21918f{ip: 10.1.0.105, host: fv-az96-669.m4cgkdvplvgupd014rd20bgx3d.gx.internal.cloudapp.net, ports: [REPLICATION=40487, RATIS=38067, RATIS_ADMIN=38067, RATIS_SERVER=38067, STANDALONE=38275], networkLocation: /default-rack, certSerialId: null, persistedOpState: IN_SERVICE, persistedOpStateExpiryEpochSec: 0}, placeOfBirth=9ebd5d49-d832-4a04-8d1f-29e9cf21918f, sequenceId=69, keyCount=6, bytesUsed=114},ContainerReplica{containerID=#3, state=OPEN, datanodeDetails=7f7d2c84-d408-4e5a-9ef4-f1a050e9b97b{ip: 10.1.0.105, host: fv-az96-669.m4cgkdvplvgupd014rd20bgx3d.gx.internal.cloudapp.net, ports: [REPLICATION=38073, RATIS=42375, RATIS_ADMIN=42375, RATIS_SERVER=42375, STANDALONE=41563], networkLocation: /default-rack, certSerialId: null, persistedOpState: IN_SERVICE, persistedOpStateExpiryEpochSec: 0}, placeOfBirth=7f7d2c84-d408-4e5a-9ef4-f1a050e9b97b, sequenceId=69, keyCount=6, bytesUsed=114}}
2022-08-24 08:26:31,182 [DatanodeAdminManager-0] INFO  node.DatanodeAdminMonitorImpl (DatanodeAdminMonitorImpl.java:checkContainersReplicatedOnNode(317)) - Unhealthy Container #3 Container State: QUASI_CLOSED Replica Count: 3 Healthy Count: 2 Decommission Count: 1 Maintenance Count: 0 inFlightAdd Count: 0 inFightDel Count: 0 ReplicationFactor: 3 minMaintenance Count: 2; Replicas{ContainerReplica{containerID=#3, state=QUASI_CLOSED, datanodeDetails=440b8e2f-1f04-4f01-a821-43dde6dd996e{ip: 10.1.0.105, host: fv-az96-669.m4cgkdvplvgupd014rd20bgx3d.gx.internal.cloudapp.net, ports: [REPLICATION=33745, RATIS=43463, RATIS_ADMIN=43463, RATIS_SERVER=43463, STANDALONE=38569], networkLocation: /default-rack, certSerialId: null, persistedOpState: DECOMMISSIONING, persistedOpStateExpiryEpochSec: 0}, placeOfBirth=440b8e2f-1f04-4f01-a821-43dde6dd996e, sequenceId=69, keyCount=6, bytesUsed=114},ContainerReplica{containerID=#3, state=QUASI_CLOSED, datanodeDetails=9ebd5d49-d832-4a04-8d1f-29e9cf21918f{ip: 10.1.0.105, host: fv-az96-669.m4cgkdvplvgupd014rd20bgx3d.gx.internal.cloudapp.net, ports: [REPLICATION=40487, RATIS=38067, RATIS_ADMIN=38067, RATIS_SERVER=38067, STANDALONE=38275], networkLocation: /default-rack, certSerialId: null, persistedOpState: IN_SERVICE, persistedOpStateExpiryEpochSec: 0}, placeOfBirth=9ebd5d49-d832-4a04-8d1f-29e9cf21918f, sequenceId=69, keyCount=6, bytesUsed=114},ContainerReplica{containerID=#3, state=OPEN, datanodeDetails=7f7d2c84-d408-4e5a-9ef4-f1a050e9b97b{ip: 10.1.0.105, host: fv-az96-669.m4cgkdvplvgupd014rd20bgx3d.gx.internal.cloudapp.net, ports: [REPLICATION=38073, RATIS=42375, RATIS_ADMIN=42375, RATIS_SERVER=42375, STANDALONE=41563], networkLocation: /default-rack, certSerialId: null, persistedOpState: IN_SERVICE, persistedOpStateExpiryEpochSec: 0}, placeOfBirth=7f7d2c84-d408-4e5a-9ef4-f1a050e9b97b, sequenceId=69, keyCount=6, bytesUsed=114}}
2022-08-24 08:26:31,182 [DatanodeAdminManager-0] INFO  node.DatanodeAdminMonitorImpl (DatanodeAdminMonitorImpl.java:checkContainersReplicatedOnNode(327)) - 440b8e2f-1f04-4f01-a821-43dde6dd996e{ip: 10.1.0.105, host: fv-az96-669.m4cgkdvplvgupd014rd20bgx3d.gx.internal.cloudapp.net, ports: [REPLICATION=33745, RATIS=43463, RATIS_ADMIN=43463, RATIS_SERVER=43463, STANDALONE=38569], networkLocation: /default-rack, certSerialId: null, persistedOpState: DECOMMISSIONING, persistedOpStateExpiryEpochSec: 0} has 0 sufficientlyReplicated, 3 underReplicated and 3 unhealthy containers
2022-08-24 08:26:31,182 [DatanodeAdminManager-0] INFO  node.DatanodeAdminMonitorImpl (DatanodeAdminMonitorImpl.java:run(148)) - There are 1 nodes tracked for decommission and maintenance. 0 pending nodes.
2022-08-24 08:26:31,183 [EndpointStateMachine task thread for /0.0.0.0:38537 - 0 ] INFO  volume.HddsVolume (HddsVolume.java:createDbStore(310)) - SchemaV3 db is created and loaded at /home/runner/work/ozone/ozone/hadoop-ozone/integration-test/target/test-dir/MiniOzoneClusterImpl-ef79d86f-cf98-4831-ba1c-bc14f6a33205/datanode-3/data-0/containers/hdds/ef79d86f-cf98-4831-ba1c-bc14f6a33205/DS-42c72f6d-0ea3-40b8-b410-fbf24e275d18/container.db for volume DS-42c72f6d-0ea3-40b8-b410-fbf24e275d18
2022-08-24 08:26:31,184 [EndpointStateMachine task thread for /0.0.0.0:38537 - 0 ] INFO  volume.HddsVolume (HddsVolume.java:closeDbStore(341)) - SchemaV3 db is stopped at /home/runner/work/ozone/ozone/hadoop-ozone/integration-test/target/test-dir/MiniOzoneClusterImpl-ef79d86f-cf98-4831-ba1c-bc14f6a33205/datanode-3/data-0/containers/hdds/ef79d86f-cf98-4831-ba1c-bc14f6a33205/DS-42c72f6d-0ea3-40b8-b410-fbf24e275d18/container.db for volume DS-42c72f6d-0ea3-40b8-b410-fbf24e275d18
2022-08-24 08:26:31,184 [EndpointStateMachine task thread for /0.0.0.0:38537 - 0 ] INFO  ozoneimpl.OzoneContainer (OzoneContainer.java:start(377)) - Attempting to start container services.
2022-08-24 08:26:31,184 [EndpointStateMachine task thread for /0.0.0.0:38537 - 0 ] INFO  ozoneimpl.OzoneContainer (OzoneContainer.java:startContainerScrub(312)) - Background container scanner has been disabled.
2022-08-24 08:26:31,188 [EndpointStateMachine task thread for /0.0.0.0:38537 - 0 ] INFO  replication.ReplicationServer (ReplicationServer.java:start(111)) - ReplicationServer is started using port 38977
2022-08-24 08:26:31,189 [EndpointStateMachine task thread for /0.0.0.0:38537 - 0 ] INFO  ratis.XceiverServerRatis (XceiverServerRatis.java:start(481)) - Starting XceiverServerRatis 70662cbb-713a-42dd-806f-fd02fc40d4c3
2022-08-24 08:26:31,199 [EndpointStateMachine task thread for /0.0.0.0:38537 - 0 ] INFO  server.RaftServer (RaftServerProxy.java:lambda$start$6(382)) - 70662cbb-713a-42dd-806f-fd02fc40d4c3: start RPC server
2022-08-24 08:26:31,200 [EndpointStateMachine task thread for /0.0.0.0:38537 - 0 ] INFO  server.GrpcService (GrpcService.java:startImpl(260)) - 70662cbb-713a-42dd-806f-fd02fc40d4c3: GrpcService started, listening on 35509
2022-08-24 08:26:31,200 [EndpointStateMachine task thread for /0.0.0.0:38537 - 0 ] INFO  ratis.XceiverServerRatis (XceiverServerRatis.java:getRealPort(502)) - XceiverServerRatis 70662cbb-713a-42dd-806f-fd02fc40d4c3 is started using port 35509 for RATIS
2022-08-24 08:26:31,200 [EndpointStateMachine task thread for /0.0.0.0:38537 - 0 ] INFO  ratis.XceiverServerRatis (XceiverServerRatis.java:getRealPort(502)) - XceiverServerRatis 70662cbb-713a-42dd-806f-fd02fc40d4c3 is started using port 35509 for RATIS_ADMIN
2022-08-24 08:26:31,201 [EndpointStateMachine task thread for /0.0.0.0:38537 - 0 ] INFO  ratis.XceiverServerRatis (XceiverServerRatis.java:getRealPort(502)) - XceiverServerRatis 70662cbb-713a-42dd-806f-fd02fc40d4c3 is started using port 35509 for RATIS_SERVER
2022-08-24 08:26:31,201 [org.apache.ratis.util.JvmPauseMonitor$$Lambda$715/492429123@2ebc0eee] INFO  util.JvmPauseMonitor (JvmPauseMonitor.java:run(103)) - JvmPauseMonitor-70662cbb-713a-42dd-806f-fd02fc40d4c3: Started
2022-08-24 08:26:31,209 [EndpointStateMachine task thread for /0.0.0.0:38537 - 0 ] INFO  server.XceiverServerGrpc (XceiverServerGrpc.java:start(180)) - XceiverServerGrpc 70662cbb-713a-42dd-806f-fd02fc40d4c3 is started using port 32979
2022-08-24 08:26:31,243 [Command processor thread] INFO  server.RaftServer (RaftServerProxy.java:remove(107)) - 7f7d2c84-d408-4e5a-9ef4-f1a050e9b97b: remove  FOLLOWER 7f7d2c84-d408-4e5a-9ef4-f1a050e9b97b@group-FF7A1816AE2D:t1, leader=9ebd5d49-d832-4a04-8d1f-29e9cf21918f, voted=9ebd5d49-d832-4a04-8d1f-29e9cf21918f, raftlog=7f7d2c84-d408-4e5a-9ef4-f1a050e9b97b@group-FF7A1816AE2D-SegmentedRaftLog:OPENED:c77, conf=0: [440b8e2f-1f04-4f01-a821-43dde6dd996e|rpc:10.1.0.105:43463|dataStream:|priority:0, 7f7d2c84-d408-4e5a-9ef4-f1a050e9b97b|rpc:10.1.0.105:42375|dataStream:|priority:0, 9ebd5d49-d832-4a04-8d1f-29e9cf21918f|rpc:10.1.0.105:38067|dataStream:|priority:1], old=null RUNNING
2022-08-24 08:26:31,243 [Command processor thread] INFO  server.RaftServer$Division (RaftServerImpl.java:lambda$close$4(434)) - 7f7d2c84-d408-4e5a-9ef4-f1a050e9b97b@group-FF7A1816AE2D: shutdown
2022-08-24 08:26:31,243 [Command processor thread] INFO  util.JmxRegister (JmxRegister.java:unregister(73)) - Successfully un-registered JMX Bean with object name Ratis:service=RaftServer,group=group-FF7A1816AE2D,id=7f7d2c84-d408-4e5a-9ef4-f1a050e9b97b
2022-08-24 08:26:31,243 [Command processor thread] INFO  impl.RoleInfo (RoleInfo.java:shutdownFollowerState(110)) - 7f7d2c84-d408-4e5a-9ef4-f1a050e9b97b: shutdown 7f7d2c84-d408-4e5a-9ef4-f1a050e9b97b@group-FF7A1816AE2D-FollowerState
2022-08-24 08:26:31,243 [Command processor thread] INFO  impl.StateMachineUpdater (StateMachineUpdater.java:stopAndJoin(153)) - 7f7d2c84-d408-4e5a-9ef4-f1a050e9b97b@group-FF7A1816AE2D-StateMachineUpdater: set stopIndex = 77
2022-08-24 08:26:31,243 [7f7d2c84-d408-4e5a-9ef4-f1a050e9b97b@group-FF7A1816AE2D-StateMachineUpdater] INFO  ratis.ContainerStateMachine (ContainerStateMachine.java:takeSnapshot(304)) - group-FF7A1816AE2D: Taking a snapshot at:(t:1, i:77) file /home/runner/work/ozone/ozone/hadoop-ozone/integration-test/target/test-dir/MiniOzoneClusterImpl-1336b647-fddb-4972-9c96-ba48238d1115/datanode-4/data/ratis/22478b68-2caf-44d5-813e-ff7a1816ae2d/sm/snapshot.1_77
2022-08-24 08:26:31,243 [7f7d2c84-d408-4e5a-9ef4-f1a050e9b97b@group-FF7A1816AE2D-FollowerState] INFO  impl.FollowerState (FollowerState.java:run(152)) - 7f7d2c84-d408-4e5a-9ef4-f1a050e9b97b@group-FF7A1816AE2D-FollowerState was interrupted
2022-08-24 08:26:31,247 [7f7d2c84-d408-4e5a-9ef4-f1a050e9b97b@group-FF7A1816AE2D-StateMachineUpdater] INFO  ratis.ContainerStateMachine (ContainerStateMachine.java:takeSnapshot(315)) - group-FF7A1816AE2D: Finished taking a snapshot at:(t:1, i:77) file:/home/runner/work/ozone/ozone/hadoop-ozone/integration-test/target/test-dir/MiniOzoneClusterImpl-1336b647-fddb-4972-9c96-ba48238d1115/datanode-4/data/ratis/22478b68-2caf-44d5-813e-ff7a1816ae2d/sm/snapshot.1_77 took: 4 ms
2022-08-24 08:26:31,247 [7f7d2c84-d408-4e5a-9ef4-f1a050e9b97b@group-FF7A1816AE2D-StateMachineUpdater] INFO  impl.StateMachineUpdater (StateMachineUpdater.java:takeSnapshot(287)) - 7f7d2c84-d408-4e5a-9ef4-f1a050e9b97b@group-FF7A1816AE2D-StateMachineUpdater: Took a snapshot at index 77
2022-08-24 08:26:31,247 [7f7d2c84-d408-4e5a-9ef4-f1a050e9b97b@group-FF7A1816AE2D-StateMachineUpdater] INFO  impl.StateMachineUpdater (StateMachineUpdater.java:lambda$new$0(92)) - 7f7d2c84-d408-4e5a-9ef4-f1a050e9b97b@group-FF7A1816AE2D-StateMachineUpdater: snapshotIndex: updateIncreasingly -1 -> 77
2022-08-24 08:26:31,248 [EventQueue-PipelineReportForPipelineReportHandler] INFO  pipeline.PipelineReportHandler (PipelineReportHandler.java:processPipelineReport(115)) - Reported pipeline PipelineID=22478b68-2caf-44d5-813e-ff7a1816ae2d is not found
2022-08-24 08:26:31,249 [Command processor thread] INFO  server.RaftServer$Division (ServerState.java:close(429)) - 7f7d2c84-d408-4e5a-9ef4-f1a050e9b97b@group-FF7A1816AE2D: closes. applyIndex: 77
2022-08-24 08:26:31,249 [7f7d2c84-d408-4e5a-9ef4-f1a050e9b97b@group-FF7A1816AE2D-SegmentedRaftLogWorker] INFO  segmented.SegmentedRaftLogWorker (SegmentedRaftLogWorker.java:run(336)) - 7f7d2c84-d408-4e5a-9ef4-f1a050e9b97b@group-FF7A1816AE2D-SegmentedRaftLogWorker was interrupted, exiting. There are 0 tasks remaining in the queue.
2022-08-24 08:26:31,249 [Command processor thread] INFO  segmented.SegmentedRaftLogWorker (SegmentedRaftLogWorker.java:close(246)) - 7f7d2c84-d408-4e5a-9ef4-f1a050e9b97b@group-FF7A1816AE2D-SegmentedRaftLogWorker close()
2022-08-24 08:26:31,254 [Command processor thread] INFO  keyvalue.KeyValueContainer (KeyValueContainer.java:flushAndSyncDB(436)) - Container 1 is synced with bcsId 73.
2022-08-24 08:26:31,254 [Command processor thread] INFO  keyvalue.KeyValueContainer (KeyValueContainer.java:flushAndSyncDB(436)) - Container 1 is synced with bcsId 73.
2022-08-24 08:26:31,261 [Command processor thread] INFO  keyvalue.KeyValueContainer (KeyValueContainer.java:flushAndSyncDB(436)) - Container 2 is synced with bcsId 77.
2022-08-24 08:26:31,261 [Command processor thread] INFO  keyvalue.KeyValueContainer (KeyValueContainer.java:flushAndSyncDB(436)) - Container 2 is synced with bcsId 77.
2022-08-24 08:26:31,266 [Command processor thread] INFO  keyvalue.KeyValueContainer (KeyValueContainer.java:flushAndSyncDB(436)) - Container 3 is synced with bcsId 69.
2022-08-24 08:26:31,266 [Command processor thread] INFO  keyvalue.KeyValueContainer (KeyValueContainer.java:flushAndSyncDB(436)) - Container 3 is synced with bcsId 69.
2022-08-24 08:26:31,269 [Command processor thread] INFO  server.RaftServer$Division (RaftServerImpl.java:groupRemove(404)) - 7f7d2c84-d408-4e5a-9ef4-f1a050e9b97b@group-FF7A1816AE2D: Succeed to remove RaftStorageDirectory Storage Directory /home/runner/work/ozone/ozone/hadoop-ozone/integration-test/target/test-dir/MiniOzoneClusterImpl-1336b647-fddb-4972-9c96-ba48238d1115/datanode-4/data/ratis/22478b68-2caf-44d5-813e-ff7a1816ae2d
2022-08-24 08:26:31,269 [Command processor thread] INFO  commandhandler.ClosePipelineCommandHandler (ClosePipelineCommandHandler.java:handle(78)) - Close Pipeline PipelineID=22478b68-2caf-44d5-813e-ff7a1816ae2d command on datanode 7f7d2c84-d408-4e5a-9ef4-f1a050e9b97b.
2022-08-24 08:26:31,494 [EndpointStateMachine task thread for /0.0.0.0:38537 - 0 ] INFO  volume.HddsVolume (HddsVolume.java:createDbStore(310)) - SchemaV3 db is created and loaded at /home/runner/work/ozone/ozone/hadoop-ozone/integration-test/target/test-dir/MiniOzoneClusterImpl-ef79d86f-cf98-4831-ba1c-bc14f6a33205/datanode-4/data-0/containers/hdds/ef79d86f-cf98-4831-ba1c-bc14f6a33205/DS-6ddb2ac7-1223-4952-b9ec-74a9195c78c1/container.db for volume DS-6ddb2ac7-1223-4952-b9ec-74a9195c78c1
2022-08-24 08:26:31,495 [EndpointStateMachine task thread for /0.0.0.0:38537 - 0 ] INFO  volume.HddsVolume (HddsVolume.java:closeDbStore(341)) - SchemaV3 db is stopped at /home/runner/work/ozone/ozone/hadoop-ozone/integration-test/target/test-dir/MiniOzoneClusterImpl-ef79d86f-cf98-4831-ba1c-bc14f6a33205/datanode-4/data-0/containers/hdds/ef79d86f-cf98-4831-ba1c-bc14f6a33205/DS-6ddb2ac7-1223-4952-b9ec-74a9195c78c1/container.db for volume DS-6ddb2ac7-1223-4952-b9ec-74a9195c78c1
2022-08-24 08:26:31,495 [EndpointStateMachine task thread for /0.0.0.0:38537 - 0 ] INFO  ozoneimpl.OzoneContainer (OzoneContainer.java:start(377)) - Attempting to start container services.
2022-08-24 08:26:31,495 [EndpointStateMachine task thread for /0.0.0.0:38537 - 0 ] INFO  ozoneimpl.OzoneContainer (OzoneContainer.java:startContainerScrub(312)) - Background container scanner has been disabled.
2022-08-24 08:26:31,496 [EndpointStateMachine task thread for /0.0.0.0:38537 - 0 ] INFO  replication.ReplicationServer (ReplicationServer.java:start(111)) - ReplicationServer is started using port 38319
2022-08-24 08:26:31,497 [EndpointStateMachine task thread for /0.0.0.0:38537 - 0 ] INFO  ratis.XceiverServerRatis (XceiverServerRatis.java:start(481)) - Starting XceiverServerRatis e21bab81-453e-4fc5-885c-2c6423e21b52
2022-08-24 08:26:31,499 [EndpointStateMachine task thread for /0.0.0.0:38537 - 0 ] INFO  server.RaftServer (RaftServerProxy.java:lambda$start$6(382)) - e21bab81-453e-4fc5-885c-2c6423e21b52: start RPC server
2022-08-24 08:26:31,503 [EndpointStateMachine task thread for /0.0.0.0:38537 - 0 ] INFO  server.GrpcService (GrpcService.java:startImpl(260)) - e21bab81-453e-4fc5-885c-2c6423e21b52: GrpcService started, listening on 45113
2022-08-24 08:26:31,503 [EndpointStateMachine task thread for /0.0.0.0:38537 - 0 ] INFO  ratis.XceiverServerRatis (XceiverServerRatis.java:getRealPort(502)) - XceiverServerRatis e21bab81-453e-4fc5-885c-2c6423e21b52 is started using port 45113 for RATIS
2022-08-24 08:26:31,503 [org.apache.ratis.util.JvmPauseMonitor$$Lambda$715/492429123@25487e0c] INFO  util.JvmPauseMonitor (JvmPauseMonitor.java:run(103)) - JvmPauseMonitor-e21bab81-453e-4fc5-885c-2c6423e21b52: Started
2022-08-24 08:26:31,503 [EndpointStateMachine task thread for /0.0.0.0:38537 - 0 ] INFO  ratis.XceiverServerRatis (XceiverServerRatis.java:getRealPort(502)) - XceiverServerRatis e21bab81-453e-4fc5-885c-2c6423e21b52 is started using port 45113 for RATIS_ADMIN
2022-08-24 08:26:31,505 [EndpointStateMachine task thread for /0.0.0.0:38537 - 0 ] INFO  ratis.XceiverServerRatis (XceiverServerRatis.java:getRealPort(502)) - XceiverServerRatis e21bab81-453e-4fc5-885c-2c6423e21b52 is started using port 45113 for RATIS_SERVER
2022-08-24 08:26:31,507 [EndpointStateMachine task thread for /0.0.0.0:38537 - 0 ] INFO  server.XceiverServerGrpc (XceiverServerGrpc.java:start(180)) - XceiverServerGrpc e21bab81-453e-4fc5-885c-2c6423e21b52 is started using port 35391
2022-08-24 08:26:31,629 [IPC Server handler 9 on default port 38537] INFO  net.NetworkTopologyImpl (NetworkTopologyImpl.java:add(112)) - Added a new node: /default-rack/45e7c087-8728-4797-8b25-939998d46879
2022-08-24 08:26:31,629 [IPC Server handler 9 on default port 38537] INFO  node.SCMNodeManager (SCMNodeManager.java:register(397)) - Registered Data node : 45e7c087-8728-4797-8b25-939998d46879{ip: 10.1.0.105, host: fv-az96-669.m4cgkdvplvgupd014rd20bgx3d.gx.internal.cloudapp.net, ports: [REPLICATION=35237, RATIS=34829, RATIS_ADMIN=34829, RATIS_SERVER=34829, STANDALONE=36317], networkLocation: /default-rack, certSerialId: null, persistedOpState: null, persistedOpStateExpiryEpochSec: 0}
2022-08-24 08:26:31,631 [EventQueue-NodeRegistrationContainerReportForDataNodeSafeModeRule] INFO  safemode.SCMSafeModeManager (DataNodeSafeModeRule.java:process(71)) - SCM in safe mode. 1 DataNodes registered, 3 required.
2022-08-24 08:26:31,632 [EventQueue-NodeRegistrationContainerReportForContainerSafeModeRule] INFO  safemode.SCMSafeModeManager (SCMSafeModeManager.java:validateSafeModeExitRules(204)) - ContainerSafeModeRule rule is successfully validated
2022-08-24 08:26:31,635 [EventQueue-NewNodeForNewNodeHandler] INFO  pipeline.BackgroundPipelineCreator (BackgroundPipelineCreator.java:notifyEventTriggered(276)) - trigger a one-shot run on RatisPipelineUtilsThread.
2022-08-24 08:26:31,635 [RatisPipelineUtilsThread - 0] INFO  pipeline.RatisPipelineProvider (RatisPipelineProvider.java:lambda$create$0(195)) - Sending CreatePipelineCommand for pipeline:PipelineID=6a702943-4bee-4754-9d08-e8602e24479e to datanode:45e7c087-8728-4797-8b25-939998d46879
2022-08-24 08:26:31,636 [RatisPipelineUtilsThread - 0] INFO  pipeline.PipelineStateManagerImpl (PipelineStateManagerImpl.java:addPipeline(103)) - Created pipeline Pipeline[ Id: 6a702943-4bee-4754-9d08-e8602e24479e, Nodes: 45e7c087-8728-4797-8b25-939998d46879{ip: 10.1.0.105, host: fv-az96-669.m4cgkdvplvgupd014rd20bgx3d.gx.internal.cloudapp.net, ports: [REPLICATION=35237, RATIS=34829, RATIS_ADMIN=34829, RATIS_SERVER=34829, STANDALONE=36317], networkLocation: /default-rack, certSerialId: null, persistedOpState: IN_SERVICE, persistedOpStateExpiryEpochSec: 0}, ReplicationConfig: RATIS/ONE, State:ALLOCATED, leaderId:, CreationTimestamp2022-08-24T08:26:31.635Z[Etc/UTC]].
2022-08-24 08:26:31,639 [EventQueue-PipelineReportForOneReplicaPipelineSafeModeRule] INFO  safemode.SCMSafeModeManager (SCMSafeModeManager.java:validateSafeModeExitRules(204)) - AtleastOneDatanodeReportedRule rule is successfully validated
2022-08-24 08:26:31,704 [ReplicationMonitor] INFO  replication.ReplicationManager (ReplicationManager.java:processAll(255)) - Replication Manager is not ready to run until 3000ms after safemode exit
2022-08-24 08:26:31,760 [Listener at 127.0.0.1/39171] INFO  ozone.MiniOzoneClusterImpl (MiniOzoneClusterImpl.java:lambda$waitForClusterToBeReady$0(216)) - Waiting for nodes to be ready. Got 1 of 6 DN Heartbeats.
2022-08-24 08:26:31,760 [Listener at 127.0.0.1/39171] INFO  ozone.MiniOzoneClusterImpl (MiniOzoneClusterImpl.java:lambda$waitForClusterToBeReady$0(219)) - Waiting for cluster to exit safe mode
2022-08-24 08:26:31,760 [Listener at 127.0.0.1/39171] INFO  ozone.MiniOzoneClusterImpl (MiniOzoneClusterImpl.java:lambda$waitForClusterToBeReady$0(221)) - SCM became leader
2022-08-24 08:26:31,786 [EndpointStateMachine task thread for /0.0.0.0:38537 - 0 ] INFO  volume.HddsVolume (HddsVolume.java:createDbStore(310)) - SchemaV3 db is created and loaded at /home/runner/work/ozone/ozone/hadoop-ozone/integration-test/target/test-dir/MiniOzoneClusterImpl-ef79d86f-cf98-4831-ba1c-bc14f6a33205/datanode-5/data-0/containers/hdds/ef79d86f-cf98-4831-ba1c-bc14f6a33205/DS-10e4dd56-58c9-4dd1-90f7-ec1b8b9ddd17/container.db for volume DS-10e4dd56-58c9-4dd1-90f7-ec1b8b9ddd17
2022-08-24 08:26:31,786 [EndpointStateMachine task thread for /0.0.0.0:38537 - 0 ] INFO  volume.HddsVolume (HddsVolume.java:closeDbStore(341)) - SchemaV3 db is stopped at /home/runner/work/ozone/ozone/hadoop-ozone/integration-test/target/test-dir/MiniOzoneClusterImpl-ef79d86f-cf98-4831-ba1c-bc14f6a33205/datanode-5/data-0/containers/hdds/ef79d86f-cf98-4831-ba1c-bc14f6a33205/DS-10e4dd56-58c9-4dd1-90f7-ec1b8b9ddd17/container.db for volume DS-10e4dd56-58c9-4dd1-90f7-ec1b8b9ddd17
2022-08-24 08:26:31,786 [EndpointStateMachine task thread for /0.0.0.0:38537 - 0 ] INFO  ozoneimpl.OzoneContainer (OzoneContainer.java:start(377)) - Attempting to start container services.
2022-08-24 08:26:31,786 [EndpointStateMachine task thread for /0.0.0.0:38537 - 0 ] INFO  ozoneimpl.OzoneContainer (OzoneContainer.java:startContainerScrub(312)) - Background container scanner has been disabled.
2022-08-24 08:26:31,791 [EndpointStateMachine task thread for /0.0.0.0:38537 - 0 ] INFO  replication.ReplicationServer (ReplicationServer.java:start(111)) - ReplicationServer is started using port 36801
2022-08-24 08:26:31,792 [EndpointStateMachine task thread for /0.0.0.0:38537 - 0 ] INFO  ratis.XceiverServerRatis (XceiverServerRatis.java:start(481)) - Starting XceiverServerRatis 29766b75-87c1-45cf-9e15-7604919a1259
2022-08-24 08:26:31,800 [EndpointStateMachine task thread for /0.0.0.0:38537 - 0 ] INFO  server.RaftServer (RaftServerProxy.java:lambda$start$6(382)) - 29766b75-87c1-45cf-9e15-7604919a1259: start RPC server
2022-08-24 08:26:31,801 [EndpointStateMachine task thread for /0.0.0.0:38537 - 0 ] INFO  server.GrpcService (GrpcService.java:startImpl(260)) - 29766b75-87c1-45cf-9e15-7604919a1259: GrpcService started, listening on 41003
2022-08-24 08:26:31,801 [EndpointStateMachine task thread for /0.0.0.0:38537 - 0 ] INFO  ratis.XceiverServerRatis (XceiverServerRatis.java:getRealPort(502)) - XceiverServerRatis 29766b75-87c1-45cf-9e15-7604919a1259 is started using port 41003 for RATIS
2022-08-24 08:26:31,801 [EndpointStateMachine task thread for /0.0.0.0:38537 - 0 ] INFO  ratis.XceiverServerRatis (XceiverServerRatis.java:getRealPort(502)) - XceiverServerRatis 29766b75-87c1-45cf-9e15-7604919a1259 is started using port 41003 for RATIS_ADMIN
2022-08-24 08:26:31,801 [org.apache.ratis.util.JvmPauseMonitor$$Lambda$715/492429123@7a04a086] INFO  util.JvmPauseMonitor (JvmPauseMonitor.java:run(103)) - JvmPauseMonitor-29766b75-87c1-45cf-9e15-7604919a1259: Started
2022-08-24 08:26:31,801 [EndpointStateMachine task thread for /0.0.0.0:38537 - 0 ] INFO  ratis.XceiverServerRatis (XceiverServerRatis.java:getRealPort(502)) - XceiverServerRatis 29766b75-87c1-45cf-9e15-7604919a1259 is started using port 41003 for RATIS_SERVER
2022-08-24 08:26:31,802 [EndpointStateMachine task thread for /0.0.0.0:38537 - 0 ] INFO  server.XceiverServerGrpc (XceiverServerGrpc.java:start(180)) - XceiverServerGrpc 29766b75-87c1-45cf-9e15-7604919a1259 is started using port 40927
2022-08-24 08:26:32,174 [ReplicationMonitor] INFO  replication.LegacyReplicationManager (LegacyReplicationManager.java:forceCloseContainer(1108)) - Force closing container #1 with BCSID 73, which is in QUASI_CLOSED state.
2022-08-24 08:26:32,174 [ReplicationMonitor] INFO  replication.LegacyReplicationManager (LegacyReplicationManager.java:sendCloseCommand(1512)) - Sending close container command for container #1 to datanode 440b8e2f-1f04-4f01-a821-43dde6dd996e{ip: 10.1.0.105, host: fv-az96-669.m4cgkdvplvgupd014rd20bgx3d.gx.internal.cloudapp.net, ports: [REPLICATION=33745, RATIS=43463, RATIS_ADMIN=43463, RATIS_SERVER=43463, STANDALONE=38569], networkLocation: /default-rack, certSerialId: null, persistedOpState: DECOMMISSIONING, persistedOpStateExpiryEpochSec: 0}.
2022-08-24 08:26:32,174 [ReplicationMonitor] INFO  replication.LegacyReplicationManager (LegacyReplicationManager.java:sendCloseCommand(1512)) - Sending close container command for container #1 to datanode 9ebd5d49-d832-4a04-8d1f-29e9cf21918f{ip: 10.1.0.105, host: fv-az96-669.m4cgkdvplvgupd014rd20bgx3d.gx.internal.cloudapp.net, ports: [REPLICATION=40487, RATIS=38067, RATIS_ADMIN=38067, RATIS_SERVER=38067, STANDALONE=38275], networkLocation: /default-rack, certSerialId: null, persistedOpState: IN_SERVICE, persistedOpStateExpiryEpochSec: 0}.
2022-08-24 08:26:32,174 [ReplicationMonitor] INFO  replication.LegacyReplicationManager (LegacyReplicationManager.java:sendCloseCommand(1512)) - Sending close container command for container #1 to datanode 7f7d2c84-d408-4e5a-9ef4-f1a050e9b97b{ip: 10.1.0.105, host: fv-az96-669.m4cgkdvplvgupd014rd20bgx3d.gx.internal.cloudapp.net, ports: [REPLICATION=38073, RATIS=42375, RATIS_ADMIN=42375, RATIS_SERVER=42375, STANDALONE=41563], networkLocation: /default-rack, certSerialId: null, persistedOpState: IN_SERVICE, persistedOpStateExpiryEpochSec: 0}.
2022-08-24 08:26:32,175 [ReplicationMonitor] INFO  replication.LegacyReplicationManager (LegacyReplicationManager.java:forceCloseContainer(1108)) - Force closing container #2 with BCSID 77, which is in QUASI_CLOSED state.
2022-08-24 08:26:32,175 [ReplicationMonitor] INFO  replication.LegacyReplicationManager (LegacyReplicationManager.java:sendCloseCommand(1512)) - Sending close container command for container #2 to datanode 9ebd5d49-d832-4a04-8d1f-29e9cf21918f{ip: 10.1.0.105, host: fv-az96-669.m4cgkdvplvgupd014rd20bgx3d.gx.internal.cloudapp.net, ports: [REPLICATION=40487, RATIS=38067, RATIS_ADMIN=38067, RATIS_SERVER=38067, STANDALONE=38275], networkLocation: /default-rack, certSerialId: null, persistedOpState: IN_SERVICE, persistedOpStateExpiryEpochSec: 0}.
2022-08-24 08:26:32,175 [ReplicationMonitor] INFO  replication.LegacyReplicationManager (LegacyReplicationManager.java:sendCloseCommand(1512)) - Sending close container command for container #2 to datanode 440b8e2f-1f04-4f01-a821-43dde6dd996e{ip: 10.1.0.105, host: fv-az96-669.m4cgkdvplvgupd014rd20bgx3d.gx.internal.cloudapp.net, ports: [REPLICATION=33745, RATIS=43463, RATIS_ADMIN=43463, RATIS_SERVER=43463, STANDALONE=38569], networkLocation: /default-rack, certSerialId: null, persistedOpState: DECOMMISSIONING, persistedOpStateExpiryEpochSec: 0}.
2022-08-24 08:26:32,175 [ReplicationMonitor] INFO  replication.LegacyReplicationManager (LegacyReplicationManager.java:sendCloseCommand(1512)) - Sending close container command for container #2 to datanode 7f7d2c84-d408-4e5a-9ef4-f1a050e9b97b{ip: 10.1.0.105, host: fv-az96-669.m4cgkdvplvgupd014rd20bgx3d.gx.internal.cloudapp.net, ports: [REPLICATION=38073, RATIS=42375, RATIS_ADMIN=42375, RATIS_SERVER=42375, STANDALONE=41563], networkLocation: /default-rack, certSerialId: null, persistedOpState: IN_SERVICE, persistedOpStateExpiryEpochSec: 0}.
2022-08-24 08:26:32,175 [ReplicationMonitor] INFO  replication.LegacyReplicationManager (LegacyReplicationManager.java:forceCloseContainer(1108)) - Force closing container #3 with BCSID 69, which is in QUASI_CLOSED state.
2022-08-24 08:26:32,175 [ReplicationMonitor] INFO  replication.LegacyReplicationManager (LegacyReplicationManager.java:sendCloseCommand(1512)) - Sending close container command for container #3 to datanode 440b8e2f-1f04-4f01-a821-43dde6dd996e{ip: 10.1.0.105, host: fv-az96-669.m4cgkdvplvgupd014rd20bgx3d.gx.internal.cloudapp.net, ports: [REPLICATION=33745, RATIS=43463, RATIS_ADMIN=43463, RATIS_SERVER=43463, STANDALONE=38569], networkLocation: /default-rack, certSerialId: null, persistedOpState: DECOMMISSIONING, persistedOpStateExpiryEpochSec: 0}.
2022-08-24 08:26:32,175 [ReplicationMonitor] INFO  replication.LegacyReplicationManager (LegacyReplicationManager.java:sendCloseCommand(1512)) - Sending close container command for container #3 to datanode 9ebd5d49-d832-4a04-8d1f-29e9cf21918f{ip: 10.1.0.105, host: fv-az96-669.m4cgkdvplvgupd014rd20bgx3d.gx.internal.cloudapp.net, ports: [REPLICATION=40487, RATIS=38067, RATIS_ADMIN=38067, RATIS_SERVER=38067, STANDALONE=38275], networkLocation: /default-rack, certSerialId: null, persistedOpState: IN_SERVICE, persistedOpStateExpiryEpochSec: 0}.
2022-08-24 08:26:32,175 [ReplicationMonitor] INFO  replication.LegacyReplicationManager (LegacyReplicationManager.java:sendCloseCommand(1512)) - Sending close container command for container #3 to datanode 7f7d2c84-d408-4e5a-9ef4-f1a050e9b97b{ip: 10.1.0.105, host: fv-az96-669.m4cgkdvplvgupd014rd20bgx3d.gx.internal.cloudapp.net, ports: [REPLICATION=38073, RATIS=42375, RATIS_ADMIN=42375, RATIS_SERVER=42375, STANDALONE=41563], networkLocation: /default-rack, certSerialId: null, persistedOpState: IN_SERVICE, persistedOpStateExpiryEpochSec: 0}.
2022-08-24 08:26:32,175 [ReplicationMonitor] INFO  replication.ReplicationManager (ReplicationManager.java:processAll(293)) - Replication Monitor Thread took 1 milliseconds for processing 3 containers.
2022-08-24 08:26:32,180 [DatanodeAdminManager-0] INFO  node.DatanodeAdminMonitorImpl (DatanodeAdminMonitorImpl.java:checkContainersReplicatedOnNode(306)) - Under Replicated Container #1 Container State: QUASI_CLOSED Replica Count: 3 Healthy Count: 2 Decommission Count: 1 Maintenance Count: 0 inFlightAdd Count: 0 inFightDel Count: 0 ReplicationFactor: 3 minMaintenance Count: 2; Replicas{ContainerReplica{containerID=#1, state=QUASI_CLOSED, datanodeDetails=440b8e2f-1f04-4f01-a821-43dde6dd996e{ip: 10.1.0.105, host: fv-az96-669.m4cgkdvplvgupd014rd20bgx3d.gx.internal.cloudapp.net, ports: [REPLICATION=33745, RATIS=43463, RATIS_ADMIN=43463, RATIS_SERVER=43463, STANDALONE=38569], networkLocation: /default-rack, certSerialId: null, persistedOpState: DECOMMISSIONING, persistedOpStateExpiryEpochSec: 0}, placeOfBirth=440b8e2f-1f04-4f01-a821-43dde6dd996e, sequenceId=73, keyCount=7, bytesUsed=133},ContainerReplica{containerID=#1, state=QUASI_CLOSED, datanodeDetails=9ebd5d49-d832-4a04-8d1f-29e9cf21918f{ip: 10.1.0.105, host: fv-az96-669.m4cgkdvplvgupd014rd20bgx3d.gx.internal.cloudapp.net, ports: [REPLICATION=40487, RATIS=38067, RATIS_ADMIN=38067, RATIS_SERVER=38067, STANDALONE=38275], networkLocation: /default-rack, certSerialId: null, persistedOpState: IN_SERVICE, persistedOpStateExpiryEpochSec: 0}, placeOfBirth=9ebd5d49-d832-4a04-8d1f-29e9cf21918f, sequenceId=73, keyCount=7, bytesUsed=133},ContainerReplica{containerID=#1, state=QUASI_CLOSED, datanodeDetails=7f7d2c84-d408-4e5a-9ef4-f1a050e9b97b{ip: 10.1.0.105, host: fv-az96-669.m4cgkdvplvgupd014rd20bgx3d.gx.internal.cloudapp.net, ports: [REPLICATION=38073, RATIS=42375, RATIS_ADMIN=42375, RATIS_SERVER=42375, STANDALONE=41563], networkLocation: /default-rack, certSerialId: null, persistedOpState: IN_SERVICE, persistedOpStateExpiryEpochSec: 0}, placeOfBirth=7f7d2c84-d408-4e5a-9ef4-f1a050e9b97b, sequenceId=73, keyCount=7, bytesUsed=133}}
2022-08-24 08:26:32,180 [DatanodeAdminManager-0] INFO  node.DatanodeAdminMonitorImpl (DatanodeAdminMonitorImpl.java:checkContainersReplicatedOnNode(306)) - Under Replicated Container #2 Container State: QUASI_CLOSED Replica Count: 3 Healthy Count: 2 Decommission Count: 1 Maintenance Count: 0 inFlightAdd Count: 0 inFightDel Count: 0 ReplicationFactor: 3 minMaintenance Count: 2; Replicas{ContainerReplica{containerID=#2, state=QUASI_CLOSED, datanodeDetails=9ebd5d49-d832-4a04-8d1f-29e9cf21918f{ip: 10.1.0.105, host: fv-az96-669.m4cgkdvplvgupd014rd20bgx3d.gx.internal.cloudapp.net, ports: [REPLICATION=40487, RATIS=38067, RATIS_ADMIN=38067, RATIS_SERVER=38067, STANDALONE=38275], networkLocation: /default-rack, certSerialId: null, persistedOpState: IN_SERVICE, persistedOpStateExpiryEpochSec: 0}, placeOfBirth=9ebd5d49-d832-4a04-8d1f-29e9cf21918f, sequenceId=77, keyCount=7, bytesUsed=133},ContainerReplica{containerID=#2, state=QUASI_CLOSED, datanodeDetails=440b8e2f-1f04-4f01-a821-43dde6dd996e{ip: 10.1.0.105, host: fv-az96-669.m4cgkdvplvgupd014rd20bgx3d.gx.internal.cloudapp.net, ports: [REPLICATION=33745, RATIS=43463, RATIS_ADMIN=43463, RATIS_SERVER=43463, STANDALONE=38569], networkLocation: /default-rack, certSerialId: null, persistedOpState: DECOMMISSIONING, persistedOpStateExpiryEpochSec: 0}, placeOfBirth=440b8e2f-1f04-4f01-a821-43dde6dd996e, sequenceId=77, keyCount=7, bytesUsed=133},ContainerReplica{containerID=#2, state=QUASI_CLOSED, datanodeDetails=7f7d2c84-d408-4e5a-9ef4-f1a050e9b97b{ip: 10.1.0.105, host: fv-az96-669.m4cgkdvplvgupd014rd20bgx3d.gx.internal.cloudapp.net, ports: [REPLICATION=38073, RATIS=42375, RATIS_ADMIN=42375, RATIS_SERVER=42375, STANDALONE=41563], networkLocation: /default-rack, certSerialId: null, persistedOpState: IN_SERVICE, persistedOpStateExpiryEpochSec: 0}, placeOfBirth=7f7d2c84-d408-4e5a-9ef4-f1a050e9b97b, sequenceId=77, keyCount=7, bytesUsed=133}}
2022-08-24 08:26:32,180 [DatanodeAdminManager-0] INFO  node.DatanodeAdminMonitorImpl (DatanodeAdminMonitorImpl.java:checkContainersReplicatedOnNode(306)) - Under Replicated Container #3 Container State: QUASI_CLOSED Replica Count: 3 Healthy Count: 2 Decommission Count: 1 Maintenance Count: 0 inFlightAdd Count: 0 inFightDel Count: 0 ReplicationFactor: 3 minMaintenance Count: 2; Replicas{ContainerReplica{containerID=#3, state=QUASI_CLOSED, datanodeDetails=440b8e2f-1f04-4f01-a821-43dde6dd996e{ip: 10.1.0.105, host: fv-az96-669.m4cgkdvplvgupd014rd20bgx3d.gx.internal.cloudapp.net, ports: [REPLICATION=33745, RATIS=43463, RATIS_ADMIN=43463, RATIS_SERVER=43463, STANDALONE=38569], networkLocation: /default-rack, certSerialId: null, persistedOpState: DECOMMISSIONING, persistedOpStateExpiryEpochSec: 0}, placeOfBirth=440b8e2f-1f04-4f01-a821-43dde6dd996e, sequenceId=69, keyCount=6, bytesUsed=114},ContainerReplica{containerID=#3, state=QUASI_CLOSED, datanodeDetails=9ebd5d49-d832-4a04-8d1f-29e9cf21918f{ip: 10.1.0.105, host: fv-az96-669.m4cgkdvplvgupd014rd20bgx3d.gx.internal.cloudapp.net, ports: [REPLICATION=40487, RATIS=38067, RATIS_ADMIN=38067, RATIS_SERVER=38067, STANDALONE=38275], networkLocation: /default-rack, certSerialId: null, persistedOpState: IN_SERVICE, persistedOpStateExpiryEpochSec: 0}, placeOfBirth=9ebd5d49-d832-4a04-8d1f-29e9cf21918f, sequenceId=69, keyCount=6, bytesUsed=114},ContainerReplica{containerID=#3, state=QUASI_CLOSED, datanodeDetails=7f7d2c84-d408-4e5a-9ef4-f1a050e9b97b{ip: 10.1.0.105, host: fv-az96-669.m4cgkdvplvgupd014rd20bgx3d.gx.internal.cloudapp.net, ports: [REPLICATION=38073, RATIS=42375, RATIS_ADMIN=42375, RATIS_SERVER=42375, STANDALONE=41563], networkLocation: /default-rack, certSerialId: null, persistedOpState: IN_SERVICE, persistedOpStateExpiryEpochSec: 0}, placeOfBirth=7f7d2c84-d408-4e5a-9ef4-f1a050e9b97b, sequenceId=69, keyCount=6, bytesUsed=114}}
2022-08-24 08:26:32,180 [DatanodeAdminManager-0] INFO  node.DatanodeAdminMonitorImpl (DatanodeAdminMonitorImpl.java:checkContainersReplicatedOnNode(327)) - 440b8e2f-1f04-4f01-a821-43dde6dd996e{ip: 10.1.0.105, host: fv-az96-669.m4cgkdvplvgupd014rd20bgx3d.gx.internal.cloudapp.net, ports: [REPLICATION=33745, RATIS=43463, RATIS_ADMIN=43463, RATIS_SERVER=43463, STANDALONE=38569], networkLocation: /default-rack, certSerialId: null, persistedOpState: DECOMMISSIONING, persistedOpStateExpiryEpochSec: 0} has 0 sufficientlyReplicated, 3 underReplicated and 0 unhealthy containers
2022-08-24 08:26:32,180 [DatanodeAdminManager-0] INFO  node.DatanodeAdminMonitorImpl (DatanodeAdminMonitorImpl.java:run(148)) - There are 1 nodes tracked for decommission and maintenance. 0 pending nodes.
2022-08-24 08:26:32,288 [IPC Server handler 13 on default port 38537] INFO  net.NetworkTopologyImpl (NetworkTopologyImpl.java:add(112)) - Added a new node: /default-rack/c136c940-8cdb-469d-8a4b-133170912109
2022-08-24 08:26:32,288 [IPC Server handler 13 on default port 38537] INFO  node.SCMNodeManager (SCMNodeManager.java:register(397)) - Registered Data node : c136c940-8cdb-469d-8a4b-133170912109{ip: 10.1.0.105, host: fv-az96-669.m4cgkdvplvgupd014rd20bgx3d.gx.internal.cloudapp.net, ports: [REPLICATION=45681, RATIS=36895, RATIS_ADMIN=36895, RATIS_SERVER=36895, STANDALONE=41233], networkLocation: /default-rack, certSerialId: null, persistedOpState: null, persistedOpStateExpiryEpochSec: 0}
2022-08-24 08:26:32,288 [EventQueue-NewNodeForNewNodeHandler] INFO  pipeline.BackgroundPipelineCreator (BackgroundPipelineCreator.java:notifyEventTriggered(276)) - trigger a one-shot run on RatisPipelineUtilsThread.
2022-08-24 08:26:32,288 [EventQueue-NodeRegistrationContainerReportForDataNodeSafeModeRule] INFO  safemode.SCMSafeModeManager (DataNodeSafeModeRule.java:process(71)) - SCM in safe mode. 2 DataNodes registered, 3 required.
2022-08-24 08:26:32,289 [RatisPipelineUtilsThread - 0] INFO  pipeline.RatisPipelineProvider (RatisPipelineProvider.java:lambda$create$0(195)) - Sending CreatePipelineCommand for pipeline:PipelineID=10973164-594d-49fc-adb6-ac74f23461d9 to datanode:c136c940-8cdb-469d-8a4b-133170912109
2022-08-24 08:26:32,289 [RatisPipelineUtilsThread - 0] INFO  pipeline.PipelineStateManagerImpl (PipelineStateManagerImpl.java:addPipeline(103)) - Created pipeline Pipeline[ Id: 10973164-594d-49fc-adb6-ac74f23461d9, Nodes: c136c940-8cdb-469d-8a4b-133170912109{ip: 10.1.0.105, host: fv-az96-669.m4cgkdvplvgupd014rd20bgx3d.gx.internal.cloudapp.net, ports: [REPLICATION=45681, RATIS=36895, RATIS_ADMIN=36895, RATIS_SERVER=36895, STANDALONE=41233], networkLocation: /default-rack, certSerialId: null, persistedOpState: IN_SERVICE, persistedOpStateExpiryEpochSec: 0}, ReplicationConfig: RATIS/ONE, State:ALLOCATED, leaderId:, CreationTimestamp2022-08-24T08:26:32.289Z[Etc/UTC]].
2022-08-24 08:26:32,469 [Command processor thread] INFO  keyvalue.KeyValueContainer (KeyValueContainer.java:flushAndSyncDB(436)) - Container 1 is synced with bcsId 73.
2022-08-24 08:26:32,469 [Command processor thread] INFO  keyvalue.KeyValueContainer (KeyValueContainer.java:flushAndSyncDB(436)) - Container 1 is synced with bcsId 73.
2022-08-24 08:26:32,473 [Command processor thread] INFO  keyvalue.KeyValueContainer (KeyValueContainer.java:close(351)) - Container 1 is closed with bcsId 73.
2022-08-24 08:26:32,473 [Command processor thread] INFO  keyvalue.KeyValueContainer (KeyValueContainer.java:flushAndSyncDB(436)) - Container 2 is synced with bcsId 77.
2022-08-24 08:26:32,473 [Command processor thread] INFO  keyvalue.KeyValueContainer (KeyValueContainer.java:flushAndSyncDB(436)) - Container 2 is synced with bcsId 77.
2022-08-24 08:26:32,474 [FixedThreadPoolWithAffinityExecutor-0-0] INFO  container.IncrementalContainerReportHandler (AbstractContainerReportHandler.java:updateContainerState(318)) - Moving container #1 to CLOSED state, datanode 9ebd5d49-d832-4a04-8d1f-29e9cf21918f{ip: 10.1.0.105, host: fv-az96-669.m4cgkdvplvgupd014rd20bgx3d.gx.internal.cloudapp.net, ports: [REPLICATION=40487, RATIS=38067, RATIS_ADMIN=38067, RATIS_SERVER=38067, STANDALONE=38275], networkLocation: /default-rack, certSerialId: null, persistedOpState: IN_SERVICE, persistedOpStateExpiryEpochSec: 0} reported CLOSED replica.
2022-08-24 08:26:32,476 [Command processor thread] INFO  keyvalue.KeyValueContainer (KeyValueContainer.java:close(351)) - Container 2 is closed with bcsId 77.
2022-08-24 08:26:32,477 [Command processor thread] INFO  keyvalue.KeyValueContainer (KeyValueContainer.java:flushAndSyncDB(436)) - Container 3 is synced with bcsId 69.
2022-08-24 08:26:32,477 [Command processor thread] INFO  keyvalue.KeyValueContainer (KeyValueContainer.java:flushAndSyncDB(436)) - Container 3 is synced with bcsId 69.
2022-08-24 08:26:32,477 [FixedThreadPoolWithAffinityExecutor-1-0] INFO  container.IncrementalContainerReportHandler (AbstractContainerReportHandler.java:updateContainerState(318)) - Moving container #2 to CLOSED state, datanode 9ebd5d49-d832-4a04-8d1f-29e9cf21918f{ip: 10.1.0.105, host: fv-az96-669.m4cgkdvplvgupd014rd20bgx3d.gx.internal.cloudapp.net, ports: [REPLICATION=40487, RATIS=38067, RATIS_ADMIN=38067, RATIS_SERVER=38067, STANDALONE=38275], networkLocation: /default-rack, certSerialId: null, persistedOpState: IN_SERVICE, persistedOpStateExpiryEpochSec: 0} reported CLOSED replica.
2022-08-24 08:26:32,480 [Command processor thread] INFO  keyvalue.KeyValueContainer (KeyValueContainer.java:close(351)) - Container 3 is closed with bcsId 69.
2022-08-24 08:26:32,481 [FixedThreadPoolWithAffinityExecutor-9-0] INFO  container.IncrementalContainerReportHandler (AbstractContainerReportHandler.java:updateContainerState(318)) - Moving container #3 to CLOSED state, datanode 9ebd5d49-d832-4a04-8d1f-29e9cf21918f{ip: 10.1.0.105, host: fv-az96-669.m4cgkdvplvgupd014rd20bgx3d.gx.internal.cloudapp.net, ports: [REPLICATION=40487, RATIS=38067, RATIS_ADMIN=38067, RATIS_SERVER=38067, STANDALONE=38275], networkLocation: /default-rack, certSerialId: null, persistedOpState: IN_SERVICE, persistedOpStateExpiryEpochSec: 0} reported CLOSED replica.
2022-08-24 08:26:32,483 [Command processor thread] INFO  keyvalue.KeyValueContainer (KeyValueContainer.java:flushAndSyncDB(436)) - Container 1 is synced with bcsId 73.
2022-08-24 08:26:32,483 [Command processor thread] INFO  keyvalue.KeyValueContainer (KeyValueContainer.java:flushAndSyncDB(436)) - Container 1 is synced with bcsId 73.
2022-08-24 08:26:32,485 [Command processor thread] INFO  keyvalue.KeyValueContainer (KeyValueContainer.java:close(351)) - Container 1 is closed with bcsId 73.
2022-08-24 08:26:32,485 [Command processor thread] INFO  keyvalue.KeyValueContainer (KeyValueContainer.java:flushAndSyncDB(436)) - Container 2 is synced with bcsId 77.
2022-08-24 08:26:32,485 [Command processor thread] INFO  keyvalue.KeyValueContainer (KeyValueContainer.java:flushAndSyncDB(436)) - Container 2 is synced with bcsId 77.
2022-08-24 08:26:32,487 [Command processor thread] INFO  keyvalue.KeyValueContainer (KeyValueContainer.java:close(351)) - Container 2 is closed with bcsId 77.
2022-08-24 08:26:32,487 [Command processor thread] INFO  keyvalue.KeyValueContainer (KeyValueContainer.java:flushAndSyncDB(436)) - Container 3 is synced with bcsId 69.
2022-08-24 08:26:32,487 [Command processor thread] INFO  keyvalue.KeyValueContainer (KeyValueContainer.java:flushAndSyncDB(436)) - Container 3 is synced with bcsId 69.
2022-08-24 08:26:32,490 [Command processor thread] INFO  keyvalue.KeyValueContainer (KeyValueContainer.java:close(351)) - Container 3 is closed with bcsId 69.
2022-08-24 08:26:32,704 [ReplicationMonitor] INFO  replication.ReplicationManager (ReplicationManager.java:processAll(255)) - Replication Manager is not ready to run until 3000ms after safemode exit
2022-08-24 08:26:32,760 [Listener at 127.0.0.1/39171] INFO  ozone.MiniOzoneClusterImpl (MiniOzoneClusterImpl.java:lambda$waitForClusterToBeReady$0(216)) - Waiting for nodes to be ready. Got 2 of 6 DN Heartbeats.
2022-08-24 08:26:32,761 [Listener at 127.0.0.1/39171] INFO  ozone.MiniOzoneClusterImpl (MiniOzoneClusterImpl.java:lambda$waitForClusterToBeReady$0(219)) - Waiting for cluster to exit safe mode
2022-08-24 08:26:32,761 [Listener at 127.0.0.1/39171] INFO  ozone.MiniOzoneClusterImpl (MiniOzoneClusterImpl.java:lambda$waitForClusterToBeReady$0(221)) - SCM became leader
2022-08-24 08:26:32,819 [IPC Server handler 10 on default port 38537] INFO  net.NetworkTopologyImpl (NetworkTopologyImpl.java:add(112)) - Added a new node: /default-rack/3503030e-0d5c-47ed-9f19-bc5debe5118a
2022-08-24 08:26:32,819 [IPC Server handler 10 on default port 38537] INFO  node.SCMNodeManager (SCMNodeManager.java:register(397)) - Registered Data node : 3503030e-0d5c-47ed-9f19-bc5debe5118a{ip: 10.1.0.105, host: fv-az96-669.m4cgkdvplvgupd014rd20bgx3d.gx.internal.cloudapp.net, ports: [REPLICATION=36925, RATIS=36043, RATIS_ADMIN=36043, RATIS_SERVER=36043, STANDALONE=39393], networkLocation: /default-rack, certSerialId: null, persistedOpState: null, persistedOpStateExpiryEpochSec: 0}
2022-08-24 08:26:32,819 [EventQueue-NewNodeForNewNodeHandler] INFO  pipeline.BackgroundPipelineCreator (BackgroundPipelineCreator.java:notifyEventTriggered(276)) - trigger a one-shot run on RatisPipelineUtilsThread.
2022-08-24 08:26:32,819 [EventQueue-NodeRegistrationContainerReportForDataNodeSafeModeRule] INFO  safemode.SCMSafeModeManager (DataNodeSafeModeRule.java:process(71)) - SCM in safe mode. 3 DataNodes registered, 3 required.
2022-08-24 08:26:32,819 [EventQueue-NodeRegistrationContainerReportForDataNodeSafeModeRule] INFO  safemode.SCMSafeModeManager (SCMSafeModeManager.java:validateSafeModeExitRules(204)) - DataNodeSafeModeRule rule is successfully validated
2022-08-24 08:26:32,819 [EventQueue-NodeRegistrationContainerReportForDataNodeSafeModeRule] INFO  safemode.SCMSafeModeManager (SCMSafeModeManager.java:completePreCheck(233)) - All SCM safe mode pre check rules have passed
2022-08-24 08:26:32,819 [EventQueue-NodeRegistrationContainerReportForDataNodeSafeModeRule] WARN  events.EventQueue (EventQueue.java:fireEvent(216)) - No event handler registered for event TypedEvent{payloadType=SafeModeStatus, name='Safe mode status'}
2022-08-24 08:26:32,820 [EventQueue-NodeRegistrationContainerReportForDataNodeSafeModeRule] INFO  ha.SCMContext (SCMContext.java:updateSafeModeStatus(228)) - Update SafeModeStatus from SafeModeStatus{safeModeStatus=true, preCheckPassed=false} to SafeModeStatus{safeModeStatus=true, preCheckPassed=true}.
2022-08-24 08:26:32,820 [EventQueue-NodeRegistrationContainerReportForDataNodeSafeModeRule] INFO  pipeline.BackgroundPipelineCreator (BackgroundPipelineCreator.java:notifyEventTriggered(276)) - trigger a one-shot run on RatisPipelineUtilsThread.
2022-08-24 08:26:32,820 [RatisPipelineUtilsThread - 0] INFO  pipeline.RatisPipelineProvider (RatisPipelineProvider.java:lambda$create$0(195)) - Sending CreatePipelineCommand for pipeline:PipelineID=1a03b8c9-7a7e-4baa-9ad0-716948beada3 to datanode:3503030e-0d5c-47ed-9f19-bc5debe5118a
2022-08-24 08:26:32,820 [RatisPipelineUtilsThread - 0] INFO  pipeline.PipelineStateManagerImpl (PipelineStateManagerImpl.java:addPipeline(103)) - Created pipeline Pipeline[ Id: 1a03b8c9-7a7e-4baa-9ad0-716948beada3, Nodes: 3503030e-0d5c-47ed-9f19-bc5debe5118a{ip: 10.1.0.105, host: fv-az96-669.m4cgkdvplvgupd014rd20bgx3d.gx.internal.cloudapp.net, ports: [REPLICATION=36925, RATIS=36043, RATIS_ADMIN=36043, RATIS_SERVER=36043, STANDALONE=39393], networkLocation: /default-rack, certSerialId: null, persistedOpState: IN_SERVICE, persistedOpStateExpiryEpochSec: 0}, ReplicationConfig: RATIS/ONE, State:ALLOCATED, leaderId:, CreationTimestamp2022-08-24T08:26:32.820Z[Etc/UTC]].
2022-08-24 08:26:32,821 [RatisPipelineUtilsThread - 0] INFO  pipeline.RatisPipelineProvider (RatisPipelineProvider.java:lambda$create$0(195)) - Sending CreatePipelineCommand for pipeline:PipelineID=21616557-2467-4661-a246-2fd43c7752be to datanode:45e7c087-8728-4797-8b25-939998d46879
2022-08-24 08:26:32,821 [RatisPipelineUtilsThread - 0] INFO  pipeline.RatisPipelineProvider (RatisPipelineProvider.java:lambda$create$0(195)) - Sending CreatePipelineCommand for pipeline:PipelineID=21616557-2467-4661-a246-2fd43c7752be to datanode:3503030e-0d5c-47ed-9f19-bc5debe5118a
2022-08-24 08:26:32,821 [RatisPipelineUtilsThread - 0] INFO  pipeline.RatisPipelineProvider (RatisPipelineProvider.java:lambda$create$0(195)) - Sending CreatePipelineCommand for pipeline:PipelineID=21616557-2467-4661-a246-2fd43c7752be to datanode:c136c940-8cdb-469d-8a4b-133170912109
2022-08-24 08:26:32,821 [RatisPipelineUtilsThread - 0] INFO  pipeline.PipelineStateManagerImpl (PipelineStateManagerImpl.java:addPipeline(103)) - Created pipeline Pipeline[ Id: 21616557-2467-4661-a246-2fd43c7752be, Nodes: 45e7c087-8728-4797-8b25-939998d46879{ip: 10.1.0.105, host: fv-az96-669.m4cgkdvplvgupd014rd20bgx3d.gx.internal.cloudapp.net, ports: [REPLICATION=35237, RATIS=34829, RATIS_ADMIN=34829, RATIS_SERVER=34829, STANDALONE=36317], networkLocation: /default-rack, certSerialId: null, persistedOpState: IN_SERVICE, persistedOpStateExpiryEpochSec: 0}3503030e-0d5c-47ed-9f19-bc5debe5118a{ip: 10.1.0.105, host: fv-az96-669.m4cgkdvplvgupd014rd20bgx3d.gx.internal.cloudapp.net, ports: [REPLICATION=36925, RATIS=36043, RATIS_ADMIN=36043, RATIS_SERVER=36043, STANDALONE=39393], networkLocation: /default-rack, certSerialId: null, persistedOpState: IN_SERVICE, persistedOpStateExpiryEpochSec: 0}c136c940-8cdb-469d-8a4b-133170912109{ip: 10.1.0.105, host: fv-az96-669.m4cgkdvplvgupd014rd20bgx3d.gx.internal.cloudapp.net, ports: [REPLICATION=45681, RATIS=36895, RATIS_ADMIN=36895, RATIS_SERVER=36895, STANDALONE=41233], networkLocation: /default-rack, certSerialId: null, persistedOpState: IN_SERVICE, persistedOpStateExpiryEpochSec: 0}, ReplicationConfig: RATIS/THREE, State:ALLOCATED, leaderId:, CreationTimestamp2022-08-24T08:26:32.821Z[Etc/UTC]].
2022-08-24 08:26:33,157 [IPC Server handler 14 on default port 38537] INFO  net.NetworkTopologyImpl (NetworkTopologyImpl.java:add(112)) - Added a new node: /default-rack/70662cbb-713a-42dd-806f-fd02fc40d4c3
2022-08-24 08:26:33,157 [IPC Server handler 14 on default port 38537] INFO  node.SCMNodeManager (SCMNodeManager.java:register(397)) - Registered Data node : 70662cbb-713a-42dd-806f-fd02fc40d4c3{ip: 10.1.0.105, host: fv-az96-669.m4cgkdvplvgupd014rd20bgx3d.gx.internal.cloudapp.net, ports: [REPLICATION=38977, RATIS=35509, RATIS_ADMIN=35509, RATIS_SERVER=35509, STANDALONE=32979], networkLocation: /default-rack, certSerialId: null, persistedOpState: null, persistedOpStateExpiryEpochSec: 0}
2022-08-24 08:26:33,158 [EventQueue-NewNodeForNewNodeHandler] INFO  pipeline.BackgroundPipelineCreator (BackgroundPipelineCreator.java:notifyEventTriggered(276)) - trigger a one-shot run on RatisPipelineUtilsThread.
2022-08-24 08:26:33,158 [RatisPipelineUtilsThread - 0] INFO  pipeline.RatisPipelineProvider (RatisPipelineProvider.java:lambda$create$0(195)) - Sending CreatePipelineCommand for pipeline:PipelineID=db7ed95a-de12-42d2-97be-949bf1940864 to datanode:70662cbb-713a-42dd-806f-fd02fc40d4c3
2022-08-24 08:26:33,159 [RatisPipelineUtilsThread - 0] INFO  pipeline.PipelineStateManagerImpl (PipelineStateManagerImpl.java:addPipeline(103)) - Created pipeline Pipeline[ Id: db7ed95a-de12-42d2-97be-949bf1940864, Nodes: 70662cbb-713a-42dd-806f-fd02fc40d4c3{ip: 10.1.0.105, host: fv-az96-669.m4cgkdvplvgupd014rd20bgx3d.gx.internal.cloudapp.net, ports: [REPLICATION=38977, RATIS=35509, RATIS_ADMIN=35509, RATIS_SERVER=35509, STANDALONE=32979], networkLocation: /default-rack, certSerialId: null, persistedOpState: IN_SERVICE, persistedOpStateExpiryEpochSec: 0}, ReplicationConfig: RATIS/ONE, State:ALLOCATED, leaderId:, CreationTimestamp2022-08-24T08:26:33.158Z[Etc/UTC]].
2022-08-24 08:26:33,180 [ReplicationMonitor] INFO  replication.LegacyReplicationManager (LegacyReplicationManager.java:handleUnderReplicatedContainer(1195)) - Container #1 is under replicated. Expected replica count is 3, but found 2.
2022-08-24 08:26:33,180 [ReplicationMonitor] INFO  replication.LegacyReplicationManager (LegacyReplicationManager.java:sendReplicateCommand(1559)) - Sending replicate container command for container #1 to datanode 6f59db56-2f90-4028-8d65-c4b769c679ae{ip: 10.1.0.105, host: fv-az96-669.m4cgkdvplvgupd014rd20bgx3d.gx.internal.cloudapp.net, ports: [REPLICATION=39737, RATIS=39133, RATIS_ADMIN=39133, RATIS_SERVER=39133, STANDALONE=35807], networkLocation: /default-rack, certSerialId: null, persistedOpState: IN_SERVICE, persistedOpStateExpiryEpochSec: 0} from datanodes [440b8e2f-1f04-4f01-a821-43dde6dd996e{ip: 10.1.0.105, host: fv-az96-669.m4cgkdvplvgupd014rd20bgx3d.gx.internal.cloudapp.net, ports: [REPLICATION=33745, RATIS=43463, RATIS_ADMIN=43463, RATIS_SERVER=43463, STANDALONE=38569], networkLocation: /default-rack, certSerialId: null, persistedOpState: DECOMMISSIONING, persistedOpStateExpiryEpochSec: 0}, 7f7d2c84-d408-4e5a-9ef4-f1a050e9b97b{ip: 10.1.0.105, host: fv-az96-669.m4cgkdvplvgupd014rd20bgx3d.gx.internal.cloudapp.net, ports: [REPLICATION=38073, RATIS=42375, RATIS_ADMIN=42375, RATIS_SERVER=42375, STANDALONE=41563], networkLocation: /default-rack, certSerialId: null, persistedOpState: IN_SERVICE, persistedOpStateExpiryEpochSec: 0}, 9ebd5d49-d832-4a04-8d1f-29e9cf21918f{ip: 10.1.0.105, host: fv-az96-669.m4cgkdvplvgupd014rd20bgx3d.gx.internal.cloudapp.net, ports: [REPLICATION=40487, RATIS=38067, RATIS_ADMIN=38067, RATIS_SERVER=38067, STANDALONE=38275], networkLocation: /default-rack, certSerialId: null, persistedOpState: IN_SERVICE, persistedOpStateExpiryEpochSec: 0}]
2022-08-24 08:26:33,181 [DatanodeAdminManager-0] INFO  node.DatanodeAdminMonitorImpl (DatanodeAdminMonitorImpl.java:checkContainersReplicatedOnNode(306)) - Under Replicated Container #1 Container State: CLOSED Replica Count: 3 Healthy Count: 2 Decommission Count: 1 Maintenance Count: 0 inFlightAdd Count: 1 inFightDel Count: 0 ReplicationFactor: 3 minMaintenance Count: 2; Replicas{ContainerReplica{containerID=#1, state=CLOSED, datanodeDetails=440b8e2f-1f04-4f01-a821-43dde6dd996e{ip: 10.1.0.105, host: fv-az96-669.m4cgkdvplvgupd014rd20bgx3d.gx.internal.cloudapp.net, ports: [REPLICATION=33745, RATIS=43463, RATIS_ADMIN=43463, RATIS_SERVER=43463, STANDALONE=38569], networkLocation: /default-rack, certSerialId: null, persistedOpState: DECOMMISSIONING, persistedOpStateExpiryEpochSec: 0}, placeOfBirth=440b8e2f-1f04-4f01-a821-43dde6dd996e, sequenceId=73, keyCount=7, bytesUsed=133},ContainerReplica{containerID=#1, state=QUASI_CLOSED, datanodeDetails=7f7d2c84-d408-4e5a-9ef4-f1a050e9b97b{ip: 10.1.0.105, host: fv-az96-669.m4cgkdvplvgupd014rd20bgx3d.gx.internal.cloudapp.net, ports: [REPLICATION=38073, RATIS=42375, RATIS_ADMIN=42375, RATIS_SERVER=42375, STANDALONE=41563], networkLocation: /default-rack, certSerialId: null, persistedOpState: IN_SERVICE, persistedOpStateExpiryEpochSec: 0}, placeOfBirth=7f7d2c84-d408-4e5a-9ef4-f1a050e9b97b, sequenceId=73, keyCount=7, bytesUsed=133},ContainerReplica{containerID=#1, state=CLOSED, datanodeDetails=9ebd5d49-d832-4a04-8d1f-29e9cf21918f{ip: 10.1.0.105, host: fv-az96-669.m4cgkdvplvgupd014rd20bgx3d.gx.internal.cloudapp.net, ports: [REPLICATION=40487, RATIS=38067, RATIS_ADMIN=38067, RATIS_SERVER=38067, STANDALONE=38275], networkLocation: /default-rack, certSerialId: null, persistedOpState: IN_SERVICE, persistedOpStateExpiryEpochSec: 0}, placeOfBirth=9ebd5d49-d832-4a04-8d1f-29e9cf21918f, sequenceId=73, keyCount=7, bytesUsed=133}}
2022-08-24 08:26:33,181 [ReplicationMonitor] INFO  replication.LegacyReplicationManager (LegacyReplicationManager.java:handleUnderReplicatedContainer(1195)) - Container #2 is under replicated. Expected replica count is 3, but found 2.
2022-08-24 08:26:33,181 [DatanodeAdminManager-0] INFO  node.DatanodeAdminMonitorImpl (DatanodeAdminMonitorImpl.java:checkContainersReplicatedOnNode(317)) - Unhealthy Container #1 Container State: CLOSED Replica Count: 3 Healthy Count: 2 Decommission Count: 1 Maintenance Count: 0 inFlightAdd Count: 1 inFightDel Count: 0 ReplicationFactor: 3 minMaintenance Count: 2; Replicas{ContainerReplica{containerID=#1, state=CLOSED, datanodeDetails=440b8e2f-1f04-4f01-a821-43dde6dd996e{ip: 10.1.0.105, host: fv-az96-669.m4cgkdvplvgupd014rd20bgx3d.gx.internal.cloudapp.net, ports: [REPLICATION=33745, RATIS=43463, RATIS_ADMIN=43463, RATIS_SERVER=43463, STANDALONE=38569], networkLocation: /default-rack, certSerialId: null, persistedOpState: DECOMMISSIONING, persistedOpStateExpiryEpochSec: 0}, placeOfBirth=440b8e2f-1f04-4f01-a821-43dde6dd996e, sequenceId=73, keyCount=7, bytesUsed=133},ContainerReplica{containerID=#1, state=QUASI_CLOSED, datanodeDetails=7f7d2c84-d408-4e5a-9ef4-f1a050e9b97b{ip: 10.1.0.105, host: fv-az96-669.m4cgkdvplvgupd014rd20bgx3d.gx.internal.cloudapp.net, ports: [REPLICATION=38073, RATIS=42375, RATIS_ADMIN=42375, RATIS_SERVER=42375, STANDALONE=41563], networkLocation: /default-rack, certSerialId: null, persistedOpState: IN_SERVICE, persistedOpStateExpiryEpochSec: 0}, placeOfBirth=7f7d2c84-d408-4e5a-9ef4-f1a050e9b97b, sequenceId=73, keyCount=7, bytesUsed=133},ContainerReplica{containerID=#1, state=CLOSED, datanodeDetails=9ebd5d49-d832-4a04-8d1f-29e9cf21918f{ip: 10.1.0.105, host: fv-az96-669.m4cgkdvplvgupd014rd20bgx3d.gx.internal.cloudapp.net, ports: [REPLICATION=40487, RATIS=38067, RATIS_ADMIN=38067, RATIS_SERVER=38067, STANDALONE=38275], networkLocation: /default-rack, certSerialId: null, persistedOpState: IN_SERVICE, persistedOpStateExpiryEpochSec: 0}, placeOfBirth=9ebd5d49-d832-4a04-8d1f-29e9cf21918f, sequenceId=73, keyCount=7, bytesUsed=133}}
2022-08-24 08:26:33,181 [ReplicationMonitor] INFO  replication.LegacyReplicationManager (LegacyReplicationManager.java:sendReplicateCommand(1559)) - Sending replicate container command for container #2 to datanode ebf2e152-759f-4d7c-8d06-3719d22af88c{ip: 10.1.0.105, host: fv-az96-669.m4cgkdvplvgupd014rd20bgx3d.gx.internal.cloudapp.net, ports: [REPLICATION=36517, RATIS=42289, RATIS_ADMIN=42289, RATIS_SERVER=42289, STANDALONE=41517], networkLocation: /default-rack, certSerialId: null, persistedOpState: IN_SERVICE, persistedOpStateExpiryEpochSec: 0} from datanodes [9ebd5d49-d832-4a04-8d1f-29e9cf21918f{ip: 10.1.0.105, host: fv-az96-669.m4cgkdvplvgupd014rd20bgx3d.gx.internal.cloudapp.net, ports: [REPLICATION=40487, RATIS=38067, RATIS_ADMIN=38067, RATIS_SERVER=38067, STANDALONE=38275], networkLocation: /default-rack, certSerialId: null, persistedOpState: IN_SERVICE, persistedOpStateExpiryEpochSec: 0}, 440b8e2f-1f04-4f01-a821-43dde6dd996e{ip: 10.1.0.105, host: fv-az96-669.m4cgkdvplvgupd014rd20bgx3d.gx.internal.cloudapp.net, ports: [REPLICATION=33745, RATIS=43463, RATIS_ADMIN=43463, RATIS_SERVER=43463, STANDALONE=38569], networkLocation: /default-rack, certSerialId: null, persistedOpState: DECOMMISSIONING, persistedOpStateExpiryEpochSec: 0}, 7f7d2c84-d408-4e5a-9ef4-f1a050e9b97b{ip: 10.1.0.105, host: fv-az96-669.m4cgkdvplvgupd014rd20bgx3d.gx.internal.cloudapp.net, ports: [REPLICATION=38073, RATIS=42375, RATIS_ADMIN=42375, RATIS_SERVER=42375, STANDALONE=41563], networkLocation: /default-rack, certSerialId: null, persistedOpState: IN_SERVICE, persistedOpStateExpiryEpochSec: 0}]
2022-08-24 08:26:33,182 [DatanodeAdminManager-0] INFO  node.DatanodeAdminMonitorImpl (DatanodeAdminMonitorImpl.java:checkContainersReplicatedOnNode(306)) - Under Replicated Container #2 Container State: CLOSED Replica Count: 3 Healthy Count: 2 Decommission Count: 1 Maintenance Count: 0 inFlightAdd Count: 1 inFightDel Count: 0 ReplicationFactor: 3 minMaintenance Count: 2; Replicas{ContainerReplica{containerID=#2, state=CLOSED, datanodeDetails=9ebd5d49-d832-4a04-8d1f-29e9cf21918f{ip: 10.1.0.105, host: fv-az96-669.m4cgkdvplvgupd014rd20bgx3d.gx.internal.cloudapp.net, ports: [REPLICATION=40487, RATIS=38067, RATIS_ADMIN=38067, RATIS_SERVER=38067, STANDALONE=38275], networkLocation: /default-rack, certSerialId: null, persistedOpState: IN_SERVICE, persistedOpStateExpiryEpochSec: 0}, placeOfBirth=9ebd5d49-d832-4a04-8d1f-29e9cf21918f, sequenceId=77, keyCount=7, bytesUsed=133},ContainerReplica{containerID=#2, state=CLOSED, datanodeDetails=440b8e2f-1f04-4f01-a821-43dde6dd996e{ip: 10.1.0.105, host: fv-az96-669.m4cgkdvplvgupd014rd20bgx3d.gx.internal.cloudapp.net, ports: [REPLICATION=33745, RATIS=43463, RATIS_ADMIN=43463, RATIS_SERVER=43463, STANDALONE=38569], networkLocation: /default-rack, certSerialId: null, persistedOpState: DECOMMISSIONING, persistedOpStateExpiryEpochSec: 0}, placeOfBirth=440b8e2f-1f04-4f01-a821-43dde6dd996e, sequenceId=77, keyCount=7, bytesUsed=133},ContainerReplica{containerID=#2, state=QUASI_CLOSED, datanodeDetails=7f7d2c84-d408-4e5a-9ef4-f1a050e9b97b{ip: 10.1.0.105, host: fv-az96-669.m4cgkdvplvgupd014rd20bgx3d.gx.internal.cloudapp.net, ports: [REPLICATION=38073, RATIS=42375, RATIS_ADMIN=42375, RATIS_SERVER=42375, STANDALONE=41563], networkLocation: /default-rack, certSerialId: null, persistedOpState: IN_SERVICE, persistedOpStateExpiryEpochSec: 0}, placeOfBirth=7f7d2c84-d408-4e5a-9ef4-f1a050e9b97b, sequenceId=77, keyCount=7, bytesUsed=133}}
2022-08-24 08:26:33,182 [ReplicationMonitor] INFO  replication.LegacyReplicationManager (LegacyReplicationManager.java:handleUnderReplicatedContainer(1195)) - Container #3 is under replicated. Expected replica count is 3, but found 2.
2022-08-24 08:26:33,182 [DatanodeAdminManager-0] INFO  node.DatanodeAdminMonitorImpl (DatanodeAdminMonitorImpl.java:checkContainersReplicatedOnNode(317)) - Unhealthy Container #2 Container State: CLOSED Replica Count: 3 Healthy Count: 2 Decommission Count: 1 Maintenance Count: 0 inFlightAdd Count: 1 inFightDel Count: 0 ReplicationFactor: 3 minMaintenance Count: 2; Replicas{ContainerReplica{containerID=#2, state=CLOSED, datanodeDetails=9ebd5d49-d832-4a04-8d1f-29e9cf21918f{ip: 10.1.0.105, host: fv-az96-669.m4cgkdvplvgupd014rd20bgx3d.gx.internal.cloudapp.net, ports: [REPLICATION=40487, RATIS=38067, RATIS_ADMIN=38067, RATIS_SERVER=38067, STANDALONE=38275], networkLocation: /default-rack, certSerialId: null, persistedOpState: IN_SERVICE, persistedOpStateExpiryEpochSec: 0}, placeOfBirth=9ebd5d49-d832-4a04-8d1f-29e9cf21918f, sequenceId=77, keyCount=7, bytesUsed=133},ContainerReplica{containerID=#2, state=CLOSED, datanodeDetails=440b8e2f-1f04-4f01-a821-43dde6dd996e{ip: 10.1.0.105, host: fv-az96-669.m4cgkdvplvgupd014rd20bgx3d.gx.internal.cloudapp.net, ports: [REPLICATION=33745, RATIS=43463, RATIS_ADMIN=43463, RATIS_SERVER=43463, STANDALONE=38569], networkLocation: /default-rack, certSerialId: null, persistedOpState: DECOMMISSIONING, persistedOpStateExpiryEpochSec: 0}, placeOfBirth=440b8e2f-1f04-4f01-a821-43dde6dd996e, sequenceId=77, keyCount=7, bytesUsed=133},ContainerReplica{containerID=#2, state=QUASI_CLOSED, datanodeDetails=7f7d2c84-d408-4e5a-9ef4-f1a050e9b97b{ip: 10.1.0.105, host: fv-az96-669.m4cgkdvplvgupd014rd20bgx3d.gx.internal.cloudapp.net, ports: [REPLICATION=38073, RATIS=42375, RATIS_ADMIN=42375, RATIS_SERVER=42375, STANDALONE=41563], networkLocation: /default-rack, certSerialId: null, persistedOpState: IN_SERVICE, persistedOpStateExpiryEpochSec: 0}, placeOfBirth=7f7d2c84-d408-4e5a-9ef4-f1a050e9b97b, sequenceId=77, keyCount=7, bytesUsed=133}}
2022-08-24 08:26:33,183 [ReplicationMonitor] INFO  replication.LegacyReplicationManager (LegacyReplicationManager.java:sendReplicateCommand(1559)) - Sending replicate container command for container #3 to datanode ebf2e152-759f-4d7c-8d06-3719d22af88c{ip: 10.1.0.105, host: fv-az96-669.m4cgkdvplvgupd014rd20bgx3d.gx.internal.cloudapp.net, ports: [REPLICATION=36517, RATIS=42289, RATIS_ADMIN=42289, RATIS_SERVER=42289, STANDALONE=41517], networkLocation: /default-rack, certSerialId: null, persistedOpState: IN_SERVICE, persistedOpStateExpiryEpochSec: 0} from datanodes [440b8e2f-1f04-4f01-a821-43dde6dd996e{ip: 10.1.0.105, host: fv-az96-669.m4cgkdvplvgupd014rd20bgx3d.gx.internal.cloudapp.net, ports: [REPLICATION=33745, RATIS=43463, RATIS_ADMIN=43463, RATIS_SERVER=43463, STANDALONE=38569], networkLocation: /default-rack, certSerialId: null, persistedOpState: DECOMMISSIONING, persistedOpStateExpiryEpochSec: 0}, 9ebd5d49-d832-4a04-8d1f-29e9cf21918f{ip: 10.1.0.105, host: fv-az96-669.m4cgkdvplvgupd014rd20bgx3d.gx.internal.cloudapp.net, ports: [REPLICATION=40487, RATIS=38067, RATIS_ADMIN=38067, RATIS_SERVER=38067, STANDALONE=38275], networkLocation: /default-rack, certSerialId: null, persistedOpState: IN_SERVICE, persistedOpStateExpiryEpochSec: 0}, 7f7d2c84-d408-4e5a-9ef4-f1a050e9b97b{ip: 10.1.0.105, host: fv-az96-669.m4cgkdvplvgupd014rd20bgx3d.gx.internal.cloudapp.net, ports: [REPLICATION=38073, RATIS=42375, RATIS_ADMIN=42375, RATIS_SERVER=42375, STANDALONE=41563], networkLocation: /default-rack, certSerialId: null, persistedOpState: IN_SERVICE, persistedOpStateExpiryEpochSec: 0}]
2022-08-24 08:26:33,183 [DatanodeAdminManager-0] INFO  node.DatanodeAdminMonitorImpl (DatanodeAdminMonitorImpl.java:checkContainersReplicatedOnNode(306)) - Under Replicated Container #3 Container State: CLOSED Replica Count: 3 Healthy Count: 2 Decommission Count: 1 Maintenance Count: 0 inFlightAdd Count: 1 inFightDel Count: 0 ReplicationFactor: 3 minMaintenance Count: 2; Replicas{ContainerReplica{containerID=#3, state=CLOSED, datanodeDetails=440b8e2f-1f04-4f01-a821-43dde6dd996e{ip: 10.1.0.105, host: fv-az96-669.m4cgkdvplvgupd014rd20bgx3d.gx.internal.cloudapp.net, ports: [REPLICATION=33745, RATIS=43463, RATIS_ADMIN=43463, RATIS_SERVER=43463, STANDALONE=38569], networkLocation: /default-rack, certSerialId: null, persistedOpState: DECOMMISSIONING, persistedOpStateExpiryEpochSec: 0}, placeOfBirth=440b8e2f-1f04-4f01-a821-43dde6dd996e, sequenceId=69, keyCount=6, bytesUsed=114},ContainerReplica{containerID=#3, state=CLOSED, datanodeDetails=9ebd5d49-d832-4a04-8d1f-29e9cf21918f{ip: 10.1.0.105, host: fv-az96-669.m4cgkdvplvgupd014rd20bgx3d.gx.internal.cloudapp.net, ports: [REPLICATION=40487, RATIS=38067, RATIS_ADMIN=38067, RATIS_SERVER=38067, STANDALONE=38275], networkLocation: /default-rack, certSerialId: null, persistedOpState: IN_SERVICE, persistedOpStateExpiryEpochSec: 0}, placeOfBirth=9ebd5d49-d832-4a04-8d1f-29e9cf21918f, sequenceId=69, keyCount=6, bytesUsed=114},ContainerReplica{containerID=#3, state=QUASI_CLOSED, datanodeDetails=7f7d2c84-d408-4e5a-9ef4-f1a050e9b97b{ip: 10.1.0.105, host: fv-az96-669.m4cgkdvplvgupd014rd20bgx3d.gx.internal.cloudapp.net, ports: [REPLICATION=38073, RATIS=42375, RATIS_ADMIN=42375, RATIS_SERVER=42375, STANDALONE=41563], networkLocation: /default-rack, certSerialId: null, persistedOpState: IN_SERVICE, persistedOpStateExpiryEpochSec: 0}, placeOfBirth=7f7d2c84-d408-4e5a-9ef4-f1a050e9b97b, sequenceId=69, keyCount=6, bytesUsed=114}}
2022-08-24 08:26:33,183 [DatanodeAdminManager-0] INFO  node.DatanodeAdminMonitorImpl (DatanodeAdminMonitorImpl.java:checkContainersReplicatedOnNode(317)) - Unhealthy Container #3 Container State: CLOSED Replica Count: 3 Healthy Count: 2 Decommission Count: 1 Maintenance Count: 0 inFlightAdd Count: 1 inFightDel Count: 0 ReplicationFactor: 3 minMaintenance Count: 2; Replicas{ContainerReplica{containerID=#3, state=CLOSED, datanodeDetails=440b8e2f-1f04-4f01-a821-43dde6dd996e{ip: 10.1.0.105, host: fv-az96-669.m4cgkdvplvgupd014rd20bgx3d.gx.internal.cloudapp.net, ports: [REPLICATION=33745, RATIS=43463, RATIS_ADMIN=43463, RATIS_SERVER=43463, STANDALONE=38569], networkLocation: /default-rack, certSerialId: null, persistedOpState: DECOMMISSIONING, persistedOpStateExpiryEpochSec: 0}, placeOfBirth=440b8e2f-1f04-4f01-a821-43dde6dd996e, sequenceId=69, keyCount=6, bytesUsed=114},ContainerReplica{containerID=#3, state=CLOSED, datanodeDetails=9ebd5d49-d832-4a04-8d1f-29e9cf21918f{ip: 10.1.0.105, host: fv-az96-669.m4cgkdvplvgupd014rd20bgx3d.gx.internal.cloudapp.net, ports: [REPLICATION=40487, RATIS=38067, RATIS_ADMIN=38067, RATIS_SERVER=38067, STANDALONE=38275], networkLocation: /default-rack, certSerialId: null, persistedOpState: IN_SERVICE, persistedOpStateExpiryEpochSec: 0}, placeOfBirth=9ebd5d49-d832-4a04-8d1f-29e9cf21918f, sequenceId=69, keyCount=6, bytesUsed=114},ContainerReplica{containerID=#3, state=QUASI_CLOSED, datanodeDetails=7f7d2c84-d408-4e5a-9ef4-f1a050e9b97b{ip: 10.1.0.105, host: fv-az96-669.m4cgkdvplvgupd014rd20bgx3d.gx.internal.cloudapp.net, ports: [REPLICATION=38073, RATIS=42375, RATIS_ADMIN=42375, RATIS_SERVER=42375, STANDALONE=41563], networkLocation: /default-rack, certSerialId: null, persistedOpState: IN_SERVICE, persistedOpStateExpiryEpochSec: 0}, placeOfBirth=7f7d2c84-d408-4e5a-9ef4-f1a050e9b97b, sequenceId=69, keyCount=6, bytesUsed=114}}
2022-08-24 08:26:33,183 [DatanodeAdminManager-0] INFO  node.DatanodeAdminMonitorImpl (DatanodeAdminMonitorImpl.java:checkContainersReplicatedOnNode(327)) - 440b8e2f-1f04-4f01-a821-43dde6dd996e{ip: 10.1.0.105, host: fv-az96-669.m4cgkdvplvgupd014rd20bgx3d.gx.internal.cloudapp.net, ports: [REPLICATION=33745, RATIS=43463, RATIS_ADMIN=43463, RATIS_SERVER=43463, STANDALONE=38569], networkLocation: /default-rack, certSerialId: null, persistedOpState: DECOMMISSIONING, persistedOpStateExpiryEpochSec: 0} has 0 sufficientlyReplicated, 3 underReplicated and 3 unhealthy containers
2022-08-24 08:26:33,183 [DatanodeAdminManager-0] INFO  node.DatanodeAdminMonitorImpl (DatanodeAdminMonitorImpl.java:run(148)) - There are 1 nodes tracked for decommission and maintenance. 0 pending nodes.
2022-08-24 08:26:33,183 [ReplicationMonitor] INFO  replication.ReplicationManager (ReplicationManager.java:processAll(293)) - Replication Monitor Thread took 8 milliseconds for processing 3 containers.
2022-08-24 08:26:33,267 [Command processor thread] INFO  keyvalue.KeyValueContainer (KeyValueContainer.java:flushAndSyncDB(436)) - Container 1 is synced with bcsId 73.
2022-08-24 08:26:33,268 [Command processor thread] INFO  keyvalue.KeyValueContainer (KeyValueContainer.java:flushAndSyncDB(436)) - Container 1 is synced with bcsId 73.
2022-08-24 08:26:33,270 [Command processor thread] INFO  keyvalue.KeyValueContainer (KeyValueContainer.java:close(351)) - Container 1 is closed with bcsId 73.
2022-08-24 08:26:33,270 [Command processor thread] INFO  keyvalue.KeyValueContainer (KeyValueContainer.java:flushAndSyncDB(436)) - Container 2 is synced with bcsId 77.
2022-08-24 08:26:33,270 [Command processor thread] INFO  keyvalue.KeyValueContainer (KeyValueContainer.java:flushAndSyncDB(436)) - Container 2 is synced with bcsId 77.
2022-08-24 08:26:33,274 [Command processor thread] INFO  keyvalue.KeyValueContainer (KeyValueContainer.java:close(351)) - Container 2 is closed with bcsId 77.
2022-08-24 08:26:33,274 [Command processor thread] INFO  keyvalue.KeyValueContainer (KeyValueContainer.java:flushAndSyncDB(436)) - Container 3 is synced with bcsId 69.
2022-08-24 08:26:33,274 [Command processor thread] INFO  keyvalue.KeyValueContainer (KeyValueContainer.java:flushAndSyncDB(436)) - Container 3 is synced with bcsId 69.
2022-08-24 08:26:33,276 [Command processor thread] INFO  keyvalue.KeyValueContainer (KeyValueContainer.java:close(351)) - Container 3 is closed with bcsId 69.
2022-08-24 08:26:33,467 [IPC Server handler 9 on default port 38537] INFO  net.NetworkTopologyImpl (NetworkTopologyImpl.java:add(112)) - Added a new node: /default-rack/e21bab81-453e-4fc5-885c-2c6423e21b52
2022-08-24 08:26:33,467 [IPC Server handler 9 on default port 38537] INFO  node.SCMNodeManager (SCMNodeManager.java:register(397)) - Registered Data node : e21bab81-453e-4fc5-885c-2c6423e21b52{ip: 10.1.0.105, host: fv-az96-669.m4cgkdvplvgupd014rd20bgx3d.gx.internal.cloudapp.net, ports: [REPLICATION=38319, RATIS=45113, RATIS_ADMIN=45113, RATIS_SERVER=45113, STANDALONE=35391], networkLocation: /default-rack, certSerialId: null, persistedOpState: null, persistedOpStateExpiryEpochSec: 0}
2022-08-24 08:26:33,467 [EventQueue-NewNodeForNewNodeHandler] INFO  pipeline.BackgroundPipelineCreator (BackgroundPipelineCreator.java:notifyEventTriggered(276)) - trigger a one-shot run on RatisPipelineUtilsThread.
2022-08-24 08:26:33,468 [RatisPipelineUtilsThread - 0] INFO  pipeline.RatisPipelineProvider (RatisPipelineProvider.java:lambda$create$0(195)) - Sending CreatePipelineCommand for pipeline:PipelineID=acff64a5-44b0-4184-91dc-c30e00763e77 to datanode:e21bab81-453e-4fc5-885c-2c6423e21b52
2022-08-24 08:26:33,468 [RatisPipelineUtilsThread - 0] INFO  pipeline.PipelineStateManagerImpl (PipelineStateManagerImpl.java:addPipeline(103)) - Created pipeline Pipeline[ Id: acff64a5-44b0-4184-91dc-c30e00763e77, Nodes: e21bab81-453e-4fc5-885c-2c6423e21b52{ip: 10.1.0.105, host: fv-az96-669.m4cgkdvplvgupd014rd20bgx3d.gx.internal.cloudapp.net, ports: [REPLICATION=38319, RATIS=45113, RATIS_ADMIN=45113, RATIS_SERVER=45113, STANDALONE=35391], networkLocation: /default-rack, certSerialId: null, persistedOpState: IN_SERVICE, persistedOpStateExpiryEpochSec: 0}, ReplicationConfig: RATIS/ONE, State:ALLOCATED, leaderId:, CreationTimestamp2022-08-24T08:26:33.468Z[Etc/UTC]].
2022-08-24 08:26:33,704 [ReplicationMonitor] INFO  replication.ReplicationManager (ReplicationManager.java:processAll(255)) - Replication Manager is not ready to run until 3000ms after safemode exit
2022-08-24 08:26:33,761 [Listener at 127.0.0.1/39171] INFO  ozone.MiniOzoneClusterImpl (MiniOzoneClusterImpl.java:lambda$waitForClusterToBeReady$0(216)) - Waiting for nodes to be ready. Got 5 of 6 DN Heartbeats.
2022-08-24 08:26:33,761 [Listener at 127.0.0.1/39171] INFO  ozone.MiniOzoneClusterImpl (MiniOzoneClusterImpl.java:lambda$waitForClusterToBeReady$0(219)) - Waiting for cluster to exit safe mode
2022-08-24 08:26:33,761 [Listener at 127.0.0.1/39171] INFO  ozone.MiniOzoneClusterImpl (MiniOzoneClusterImpl.java:lambda$waitForClusterToBeReady$0(221)) - SCM became leader
2022-08-24 08:26:33,763 [IPC Server handler 10 on default port 38537] INFO  net.NetworkTopologyImpl (NetworkTopologyImpl.java:add(112)) - Added a new node: /default-rack/29766b75-87c1-45cf-9e15-7604919a1259
2022-08-24 08:26:33,763 [IPC Server handler 10 on default port 38537] INFO  node.SCMNodeManager (SCMNodeManager.java:register(397)) - Registered Data node : 29766b75-87c1-45cf-9e15-7604919a1259{ip: 10.1.0.105, host: fv-az96-669.m4cgkdvplvgupd014rd20bgx3d.gx.internal.cloudapp.net, ports: [REPLICATION=36801, RATIS=41003, RATIS_ADMIN=41003, RATIS_SERVER=41003, STANDALONE=40927], networkLocation: /default-rack, certSerialId: null, persistedOpState: null, persistedOpStateExpiryEpochSec: 0}
2022-08-24 08:26:33,764 [EventQueue-NewNodeForNewNodeHandler] INFO  pipeline.BackgroundPipelineCreator (BackgroundPipelineCreator.java:notifyEventTriggered(276)) - trigger a one-shot run on RatisPipelineUtilsThread.
2022-08-24 08:26:33,764 [RatisPipelineUtilsThread - 0] INFO  pipeline.RatisPipelineProvider (RatisPipelineProvider.java:lambda$create$0(195)) - Sending CreatePipelineCommand for pipeline:PipelineID=14109859-920c-454b-bda8-06927a4b897b to datanode:29766b75-87c1-45cf-9e15-7604919a1259
2022-08-24 08:26:33,764 [RatisPipelineUtilsThread - 0] INFO  pipeline.PipelineStateManagerImpl (PipelineStateManagerImpl.java:addPipeline(103)) - Created pipeline Pipeline[ Id: 14109859-920c-454b-bda8-06927a4b897b, Nodes: 29766b75-87c1-45cf-9e15-7604919a1259{ip: 10.1.0.105, host: fv-az96-669.m4cgkdvplvgupd014rd20bgx3d.gx.internal.cloudapp.net, ports: [REPLICATION=36801, RATIS=41003, RATIS_ADMIN=41003, RATIS_SERVER=41003, STANDALONE=40927], networkLocation: /default-rack, certSerialId: null, persistedOpState: IN_SERVICE, persistedOpStateExpiryEpochSec: 0}, ReplicationConfig: RATIS/ONE, State:ALLOCATED, leaderId:, CreationTimestamp2022-08-24T08:26:33.764Z[Etc/UTC]].
2022-08-24 08:26:33,765 [RatisPipelineUtilsThread - 0] INFO  pipeline.RatisPipelineProvider (RatisPipelineProvider.java:lambda$create$0(195)) - Sending CreatePipelineCommand for pipeline:PipelineID=79056bef-c7e9-4613-975a-2ade258d0ce4 to datanode:70662cbb-713a-42dd-806f-fd02fc40d4c3
2022-08-24 08:26:33,765 [RatisPipelineUtilsThread - 0] INFO  pipeline.RatisPipelineProvider (RatisPipelineProvider.java:lambda$create$0(195)) - Sending CreatePipelineCommand for pipeline:PipelineID=79056bef-c7e9-4613-975a-2ade258d0ce4 to datanode:29766b75-87c1-45cf-9e15-7604919a1259
2022-08-24 08:26:33,765 [RatisPipelineUtilsThread - 0] INFO  pipeline.RatisPipelineProvider (RatisPipelineProvider.java:lambda$create$0(195)) - Sending CreatePipelineCommand for pipeline:PipelineID=79056bef-c7e9-4613-975a-2ade258d0ce4 to datanode:e21bab81-453e-4fc5-885c-2c6423e21b52
2022-08-24 08:26:33,765 [RatisPipelineUtilsThread - 0] INFO  pipeline.PipelineStateManagerImpl (PipelineStateManagerImpl.java:addPipeline(103)) - Created pipeline Pipeline[ Id: 79056bef-c7e9-4613-975a-2ade258d0ce4, Nodes: 70662cbb-713a-42dd-806f-fd02fc40d4c3{ip: 10.1.0.105, host: fv-az96-669.m4cgkdvplvgupd014rd20bgx3d.gx.internal.cloudapp.net, ports: [REPLICATION=38977, RATIS=35509, RATIS_ADMIN=35509, RATIS_SERVER=35509, STANDALONE=32979], networkLocation: /default-rack, certSerialId: null, persistedOpState: IN_SERVICE, persistedOpStateExpiryEpochSec: 0}29766b75-87c1-45cf-9e15-7604919a1259{ip: 10.1.0.105, host: fv-az96-669.m4cgkdvplvgupd014rd20bgx3d.gx.internal.cloudapp.net, ports: [REPLICATION=36801, RATIS=41003, RATIS_ADMIN=41003, RATIS_SERVER=41003, STANDALONE=40927], networkLocation: /default-rack, certSerialId: null, persistedOpState: IN_SERVICE, persistedOpStateExpiryEpochSec: 0}e21bab81-453e-4fc5-885c-2c6423e21b52{ip: 10.1.0.105, host: fv-az96-669.m4cgkdvplvgupd014rd20bgx3d.gx.internal.cloudapp.net, ports: [REPLICATION=38319, RATIS=45113, RATIS_ADMIN=45113, RATIS_SERVER=45113, STANDALONE=35391], networkLocation: /default-rack, certSerialId: null, persistedOpState: IN_SERVICE, persistedOpStateExpiryEpochSec: 0}, ReplicationConfig: RATIS/THREE, State:ALLOCATED, leaderId:, CreationTimestamp2022-08-24T08:26:33.765Z[Etc/UTC]].
2022-08-24 08:26:34,180 [DatanodeAdminManager-0] INFO  node.DatanodeAdminMonitorImpl (DatanodeAdminMonitorImpl.java:checkContainersReplicatedOnNode(306)) - Under Replicated Container #1 Container State: CLOSED Replica Count: 3 Healthy Count: 2 Decommission Count: 1 Maintenance Count: 0 inFlightAdd Count: 1 inFightDel Count: 0 ReplicationFactor: 3 minMaintenance Count: 2; Replicas{ContainerReplica{containerID=#1, state=CLOSED, datanodeDetails=440b8e2f-1f04-4f01-a821-43dde6dd996e{ip: 10.1.0.105, host: fv-az96-669.m4cgkdvplvgupd014rd20bgx3d.gx.internal.cloudapp.net, ports: [REPLICATION=33745, RATIS=43463, RATIS_ADMIN=43463, RATIS_SERVER=43463, STANDALONE=38569], networkLocation: /default-rack, certSerialId: null, persistedOpState: DECOMMISSIONING, persistedOpStateExpiryEpochSec: 0}, placeOfBirth=440b8e2f-1f04-4f01-a821-43dde6dd996e, sequenceId=73, keyCount=7, bytesUsed=133},ContainerReplica{containerID=#1, state=CLOSED, datanodeDetails=9ebd5d49-d832-4a04-8d1f-29e9cf21918f{ip: 10.1.0.105, host: fv-az96-669.m4cgkdvplvgupd014rd20bgx3d.gx.internal.cloudapp.net, ports: [REPLICATION=40487, RATIS=38067, RATIS_ADMIN=38067, RATIS_SERVER=38067, STANDALONE=38275], networkLocation: /default-rack, certSerialId: null, persistedOpState: IN_SERVICE, persistedOpStateExpiryEpochSec: 0}, placeOfBirth=9ebd5d49-d832-4a04-8d1f-29e9cf21918f, sequenceId=73, keyCount=7, bytesUsed=133},ContainerReplica{containerID=#1, state=CLOSED, datanodeDetails=7f7d2c84-d408-4e5a-9ef4-f1a050e9b97b{ip: 10.1.0.105, host: fv-az96-669.m4cgkdvplvgupd014rd20bgx3d.gx.internal.cloudapp.net, ports: [REPLICATION=38073, RATIS=42375, RATIS_ADMIN=42375, RATIS_SERVER=42375, STANDALONE=41563], networkLocation: /default-rack, certSerialId: null, persistedOpState: IN_SERVICE, persistedOpStateExpiryEpochSec: 0}, placeOfBirth=7f7d2c84-d408-4e5a-9ef4-f1a050e9b97b, sequenceId=73, keyCount=7, bytesUsed=133}}
2022-08-24 08:26:34,180 [DatanodeAdminManager-0] INFO  node.DatanodeAdminMonitorImpl (DatanodeAdminMonitorImpl.java:checkContainersReplicatedOnNode(306)) - Under Replicated Container #2 Container State: CLOSED Replica Count: 3 Healthy Count: 2 Decommission Count: 1 Maintenance Count: 0 inFlightAdd Count: 1 inFightDel Count: 0 ReplicationFactor: 3 minMaintenance Count: 2; Replicas{ContainerReplica{containerID=#2, state=CLOSED, datanodeDetails=9ebd5d49-d832-4a04-8d1f-29e9cf21918f{ip: 10.1.0.105, host: fv-az96-669.m4cgkdvplvgupd014rd20bgx3d.gx.internal.cloudapp.net, ports: [REPLICATION=40487, RATIS=38067, RATIS_ADMIN=38067, RATIS_SERVER=38067, STANDALONE=38275], networkLocation: /default-rack, certSerialId: null, persistedOpState: IN_SERVICE, persistedOpStateExpiryEpochSec: 0}, placeOfBirth=9ebd5d49-d832-4a04-8d1f-29e9cf21918f, sequenceId=77, keyCount=7, bytesUsed=133},ContainerReplica{containerID=#2, state=CLOSED, datanodeDetails=440b8e2f-1f04-4f01-a821-43dde6dd996e{ip: 10.1.0.105, host: fv-az96-669.m4cgkdvplvgupd014rd20bgx3d.gx.internal.cloudapp.net, ports: [REPLICATION=33745, RATIS=43463, RATIS_ADMIN=43463, RATIS_SERVER=43463, STANDALONE=38569], networkLocation: /default-rack, certSerialId: null, persistedOpState: DECOMMISSIONING, persistedOpStateExpiryEpochSec: 0}, placeOfBirth=440b8e2f-1f04-4f01-a821-43dde6dd996e, sequenceId=77, keyCount=7, bytesUsed=133},ContainerReplica{containerID=#2, state=CLOSED, datanodeDetails=7f7d2c84-d408-4e5a-9ef4-f1a050e9b97b{ip: 10.1.0.105, host: fv-az96-669.m4cgkdvplvgupd014rd20bgx3d.gx.internal.cloudapp.net, ports: [REPLICATION=38073, RATIS=42375, RATIS_ADMIN=42375, RATIS_SERVER=42375, STANDALONE=41563], networkLocation: /default-rack, certSerialId: null, persistedOpState: IN_SERVICE, persistedOpStateExpiryEpochSec: 0}, placeOfBirth=7f7d2c84-d408-4e5a-9ef4-f1a050e9b97b, sequenceId=77, keyCount=7, bytesUsed=133}}
2022-08-24 08:26:34,180 [DatanodeAdminManager-0] INFO  node.DatanodeAdminMonitorImpl (DatanodeAdminMonitorImpl.java:checkContainersReplicatedOnNode(306)) - Under Replicated Container #3 Container State: CLOSED Replica Count: 3 Healthy Count: 2 Decommission Count: 1 Maintenance Count: 0 inFlightAdd Count: 1 inFightDel Count: 0 ReplicationFactor: 3 minMaintenance Count: 2; Replicas{ContainerReplica{containerID=#3, state=CLOSED, datanodeDetails=440b8e2f-1f04-4f01-a821-43dde6dd996e{ip: 10.1.0.105, host: fv-az96-669.m4cgkdvplvgupd014rd20bgx3d.gx.internal.cloudapp.net, ports: [REPLICATION=33745, RATIS=43463, RATIS_ADMIN=43463, RATIS_SERVER=43463, STANDALONE=38569], networkLocation: /default-rack, certSerialId: null, persistedOpState: DECOMMISSIONING, persistedOpStateExpiryEpochSec: 0}, placeOfBirth=440b8e2f-1f04-4f01-a821-43dde6dd996e, sequenceId=69, keyCount=6, bytesUsed=114},ContainerReplica{containerID=#3, state=CLOSED, datanodeDetails=9ebd5d49-d832-4a04-8d1f-29e9cf21918f{ip: 10.1.0.105, host: fv-az96-669.m4cgkdvplvgupd014rd20bgx3d.gx.internal.cloudapp.net, ports: [REPLICATION=40487, RATIS=38067, RATIS_ADMIN=38067, RATIS_SERVER=38067, STANDALONE=38275], networkLocation: /default-rack, certSerialId: null, persistedOpState: IN_SERVICE, persistedOpStateExpiryEpochSec: 0}, placeOfBirth=9ebd5d49-d832-4a04-8d1f-29e9cf21918f, sequenceId=69, keyCount=6, bytesUsed=114},ContainerReplica{containerID=#3, state=CLOSED, datanodeDetails=7f7d2c84-d408-4e5a-9ef4-f1a050e9b97b{ip: 10.1.0.105, host: fv-az96-669.m4cgkdvplvgupd014rd20bgx3d.gx.internal.cloudapp.net, ports: [REPLICATION=38073, RATIS=42375, RATIS_ADMIN=42375, RATIS_SERVER=42375, STANDALONE=41563], networkLocation: /default-rack, certSerialId: null, persistedOpState: IN_SERVICE, persistedOpStateExpiryEpochSec: 0}, placeOfBirth=7f7d2c84-d408-4e5a-9ef4-f1a050e9b97b, sequenceId=69, keyCount=6, bytesUsed=114}}
2022-08-24 08:26:34,180 [DatanodeAdminManager-0] INFO  node.DatanodeAdminMonitorImpl (DatanodeAdminMonitorImpl.java:checkContainersReplicatedOnNode(327)) - 440b8e2f-1f04-4f01-a821-43dde6dd996e{ip: 10.1.0.105, host: fv-az96-669.m4cgkdvplvgupd014rd20bgx3d.gx.internal.cloudapp.net, ports: [REPLICATION=33745, RATIS=43463, RATIS_ADMIN=43463, RATIS_SERVER=43463, STANDALONE=38569], networkLocation: /default-rack, certSerialId: null, persistedOpState: DECOMMISSIONING, persistedOpStateExpiryEpochSec: 0} has 0 sufficientlyReplicated, 3 underReplicated and 0 unhealthy containers
2022-08-24 08:26:34,180 [DatanodeAdminManager-0] INFO  node.DatanodeAdminMonitorImpl (DatanodeAdminMonitorImpl.java:run(148)) - There are 1 nodes tracked for decommission and maintenance. 0 pending nodes.
2022-08-24 08:26:34,184 [ReplicationMonitor] INFO  replication.ReplicationManager (ReplicationManager.java:processAll(293)) - Replication Monitor Thread took 1 milliseconds for processing 3 containers.
2022-08-24 08:26:34,628 [Command processor thread] INFO  server.RaftServer (RaftServerProxy.java:addNew(96)) - 45e7c087-8728-4797-8b25-939998d46879: addNew group-E8602E24479E:[45e7c087-8728-4797-8b25-939998d46879|rpc:10.1.0.105:34829|priority:1] returns group-E8602E24479E:java.util.concurrent.CompletableFuture@57e22bcd[Not completed]
2022-08-24 08:26:34,630 [pool-339-thread-1] INFO  server.RaftServer$Division (RaftServerImpl.java:<init>(190)) - 45e7c087-8728-4797-8b25-939998d46879: new RaftServerImpl for group-E8602E24479E:[45e7c087-8728-4797-8b25-939998d46879|rpc:10.1.0.105:34829|priority:1] with ContainerStateMachine:uninitialized
2022-08-24 08:26:34,630 [pool-339-thread-1] INFO  server.RaftServerConfigKeys (ConfUtils.java:logGet(46)) - raft.server.rpc.timeout.min = 5s (custom)
2022-08-24 08:26:34,630 [pool-339-thread-1] INFO  server.RaftServerConfigKeys (ConfUtils.java:logGet(46)) - raft.server.rpc.timeout.max = 5200ms (custom)
2022-08-24 08:26:34,630 [pool-339-thread-1] INFO  server.RaftServerConfigKeys (ConfUtils.java:logGet(46)) - raft.server.rpc.sleep.time = 25ms (default)
2022-08-24 08:26:34,630 [pool-339-thread-1] INFO  server.RaftServerConfigKeys (ConfUtils.java:logGet(46)) - raft.server.rpc.slowness.timeout = 300s (custom)
2022-08-24 08:26:34,630 [pool-339-thread-1] INFO  server.RaftServerConfigKeys (ConfUtils.java:logGet(46)) - raft.server.leaderelection.leader.step-down.wait-time = 10s (default)
2022-08-24 08:26:34,630 [pool-339-thread-1] INFO  server.RaftServerConfigKeys (ConfUtils.java:logGet(46)) - raft.server.sleep.deviation.threshold = 300ms (default)
2022-08-24 08:26:34,630 [pool-339-thread-1] INFO  server.RaftServer$Division (ServerState.java:<init>(107)) - 45e7c087-8728-4797-8b25-939998d46879@group-E8602E24479E: ConfigurationManager, init=-1: [45e7c087-8728-4797-8b25-939998d46879|rpc:10.1.0.105:34829|priority:1], old=null, confs=<EMPTY_MAP>
2022-08-24 08:26:34,630 [pool-339-thread-1] INFO  server.RaftServerConfigKeys (ConfUtils.java:logGet(46)) - raft.server.storage.dir = [/home/runner/work/ozone/ozone/hadoop-ozone/integration-test/target/test-dir/MiniOzoneClusterImpl-ef79d86f-cf98-4831-ba1c-bc14f6a33205/datanode-0/data/ratis] (custom)
2022-08-24 08:26:34,630 [pool-339-thread-1] INFO  server.RaftServerConfigKeys (ConfUtils.java:logGet(46)) - raft.server.log.corruption.policy = EXCEPTION (default)
2022-08-24 08:26:34,630 [pool-339-thread-1] INFO  server.RaftServerConfigKeys (ConfUtils.java:logGet(46)) - raft.server.storage.free-space.min = 0MB (=0) (default)
2022-08-24 08:26:34,631 [pool-339-thread-1] INFO  storage.RaftStorageDirectory (RaftStorageDirectoryImpl.java:analyzeStorage(135)) - The storage directory /home/runner/work/ozone/ozone/hadoop-ozone/integration-test/target/test-dir/MiniOzoneClusterImpl-ef79d86f-cf98-4831-ba1c-bc14f6a33205/datanode-0/data/ratis/6a702943-4bee-4754-9d08-e8602e24479e does not exist. Creating ...
2022-08-24 08:26:34,633 [pool-339-thread-1] INFO  storage.RaftStorageDirectory (RaftStorageDirectoryImpl.java:tryLock(230)) - Lock on /home/runner/work/ozone/ozone/hadoop-ozone/integration-test/target/test-dir/MiniOzoneClusterImpl-ef79d86f-cf98-4831-ba1c-bc14f6a33205/datanode-0/data/ratis/6a702943-4bee-4754-9d08-e8602e24479e/in_use.lock acquired by nodename 20331@fv-az96-669
2022-08-24 08:26:34,635 [pool-339-thread-1] INFO  storage.RaftStorage (RaftStorageImpl.java:format(89)) - Storage directory /home/runner/work/ozone/ozone/hadoop-ozone/integration-test/target/test-dir/MiniOzoneClusterImpl-ef79d86f-cf98-4831-ba1c-bc14f6a33205/datanode-0/data/ratis/6a702943-4bee-4754-9d08-e8602e24479e has been successfully formatted.
2022-08-24 08:26:34,635 [pool-339-thread-1] INFO  ratis.ContainerStateMachine (ContainerStateMachine.java:loadSnapshot(236)) - group-E8602E24479E: The snapshot info is null. Setting the last applied indexto:(t:0, i:~)
2022-08-24 08:26:34,635 [pool-339-thread-1] INFO  server.RaftServerConfigKeys (ConfUtils.java:logGet(46)) - raft.server.notification.no-leader.timeout = 300s (custom)
2022-08-24 08:26:34,635 [pool-339-thread-1] INFO  server.RaftServerConfigKeys (ConfUtils.java:logGet(46)) - raft.server.log.use.memory = false (default)
2022-08-24 08:26:34,635 [pool-339-thread-1] INFO  server.RaftServerConfigKeys (ConfUtils.java:logGet(46)) - raft.server.log.purge.gap = 1000000 (custom)
2022-08-24 08:26:34,635 [pool-339-thread-1] INFO  server.RaftServerConfigKeys (ConfUtils.java:logGet(46)) - raft.server.log.appender.buffer.byte-limit = 33554432 (custom)
2022-08-24 08:26:34,636 [EventQueue-PipelineReportForPipelineReportHandler] INFO  pipeline.PipelineManagerImpl (PipelineManagerImpl.java:openPipeline(367)) - Pipeline Pipeline[ Id: 6a702943-4bee-4754-9d08-e8602e24479e, Nodes: 45e7c087-8728-4797-8b25-939998d46879{ip: 10.1.0.105, host: fv-az96-669.m4cgkdvplvgupd014rd20bgx3d.gx.internal.cloudapp.net, ports: [REPLICATION=35237, RATIS=34829, RATIS_ADMIN=34829, RATIS_SERVER=34829, STANDALONE=36317], networkLocation: /default-rack, certSerialId: null, persistedOpState: IN_SERVICE, persistedOpStateExpiryEpochSec: 0}, ReplicationConfig: RATIS/ONE, State:ALLOCATED, leaderId:45e7c087-8728-4797-8b25-939998d46879, CreationTimestamp2022-08-24T08:26:31.635Z[Etc/UTC]] moved to OPEN state
2022-08-24 08:26:34,636 [pool-339-thread-1] INFO  server.RaftServerConfigKeys (ConfUtils.java:logGet(46)) - raft.server.log.statemachine.data.read.timeout = 1000ms (default)
2022-08-24 08:26:34,637 [pool-339-thread-1] INFO  server.RaftServerConfigKeys (ConfUtils.java:logGet(46)) - raft.server.log.segment.size.max = 1048576 (custom)
2022-08-24 08:26:34,639 [EventQueue-OpenPipelineForHealthyPipelineSafeModeRule] INFO  safemode.SCMSafeModeManager (HealthyPipelineSafeModeRule.java:process(137)) - SCM in safe mode. Healthy pipelines reported count is 0, required healthy pipeline reported count is 1
2022-08-24 08:26:34,639 [pool-339-thread-1] INFO  server.RaftServerConfigKeys (ConfUtils.java:logGet(46)) - raft.server.log.segment.cache.num.max = 2 (custom)
2022-08-24 08:26:34,639 [pool-339-thread-1] INFO  server.RaftServerConfigKeys (ConfUtils.java:logGet(46)) - raft.server.log.segment.cache.size.max = 200MB (=209715200) (default)
2022-08-24 08:26:34,639 [pool-339-thread-1] INFO  segmented.SegmentedRaftLogWorker (SegmentedRaftLogWorker.java:<init>(187)) - new 45e7c087-8728-4797-8b25-939998d46879@group-E8602E24479E-SegmentedRaftLogWorker for RaftStorageImpl:Storage Directory /home/runner/work/ozone/ozone/hadoop-ozone/integration-test/target/test-dir/MiniOzoneClusterImpl-ef79d86f-cf98-4831-ba1c-bc14f6a33205/datanode-0/data/ratis/6a702943-4bee-4754-9d08-e8602e24479e
2022-08-24 08:26:34,639 [pool-339-thread-1] INFO  server.RaftServerConfigKeys (ConfUtils.java:logGet(46)) - raft.server.log.queue.byte-limit = 4294967296 (custom)
2022-08-24 08:26:34,639 [pool-339-thread-1] INFO  server.RaftServerConfigKeys (ConfUtils.java:logGet(46)) - raft.server.log.queue.element-limit = 1024 (custom)
2022-08-24 08:26:34,639 [pool-339-thread-1] INFO  server.RaftServerConfigKeys (ConfUtils.java:logGet(46)) - raft.server.log.segment.size.max = 1048576 (custom)
2022-08-24 08:26:34,639 [pool-339-thread-1] INFO  server.RaftServerConfigKeys (ConfUtils.java:logGet(46)) - raft.server.log.preallocated.size = 16384 (custom)
2022-08-24 08:26:34,639 [pool-339-thread-1] INFO  server.RaftServerConfigKeys (ConfUtils.java:logGet(46)) - raft.server.log.force.sync.num = 128 (default)
2022-08-24 08:26:34,639 [pool-339-thread-1] INFO  server.RaftServerConfigKeys (ConfUtils.java:logGet(46)) - raft.server.log.statemachine.data.sync = true (default)
2022-08-24 08:26:34,639 [pool-339-thread-1] INFO  server.RaftServerConfigKeys (ConfUtils.java:logGet(46)) - raft.server.log.statemachine.data.sync.timeout = 10s (default)
2022-08-24 08:26:34,639 [pool-339-thread-1] INFO  server.RaftServerConfigKeys (ConfUtils.java:logGet(46)) - raft.server.log.statemachine.data.sync.timeout.retry = -1 (default)
2022-08-24 08:26:34,640 [pool-339-thread-1] INFO  server.RaftServerConfigKeys (ConfUtils.java:logGet(46)) - raft.server.log.write.buffer.size = 1048576 (custom)
2022-08-24 08:26:34,641 [pool-339-thread-1] INFO  server.RaftServerConfigKeys (ConfUtils.java:logGet(46)) - raft.server.log.unsafe-flush.enabled = false (default)
2022-08-24 08:26:34,641 [pool-339-thread-1] INFO  server.RaftServerConfigKeys (ConfUtils.java:logGet(46)) - raft.server.log.statemachine.data.caching.enabled = true (custom)
2022-08-24 08:26:34,641 [pool-339-thread-1] INFO  segmented.SegmentedRaftLogWorker (SegmentedRaftLogWorker.java:lambda$new$0(135)) - 45e7c087-8728-4797-8b25-939998d46879@group-E8602E24479E-SegmentedRaftLogWorker: flushIndex: setUnconditionally 0 -> -1
2022-08-24 08:26:34,641 [pool-339-thread-1] INFO  segmented.SegmentedRaftLogWorker (SegmentedRaftLogWorker.java:lambda$new$0(135)) - 45e7c087-8728-4797-8b25-939998d46879@group-E8602E24479E-SegmentedRaftLogWorker: safeCacheEvictIndex: setUnconditionally 0 -> -1
2022-08-24 08:26:34,641 [pool-339-thread-1] INFO  server.RaftServerConfigKeys (ConfUtils.java:logGet(46)) - raft.server.snapshot.auto.trigger.enabled = true (custom)
2022-08-24 08:26:34,641 [pool-339-thread-1] INFO  server.RaftServerConfigKeys (ConfUtils.java:logGet(46)) - raft.server.snapshot.auto.trigger.threshold = 10000 (custom)
2022-08-24 08:26:34,642 [pool-339-thread-1] INFO  server.RaftServerConfigKeys (ConfUtils.java:logGet(46)) - raft.server.snapshot.retention.file.num = 5 (custom)
2022-08-24 08:26:34,642 [pool-339-thread-1] INFO  server.RaftServerConfigKeys (ConfUtils.java:logGet(46)) - raft.server.log.purge.upto.snapshot.index = false (default)
2022-08-24 08:26:34,642 [pool-339-thread-1] INFO  server.RaftServerConfigKeys (ConfUtils.java:logGet(46)) - raft.server.retrycache.expirytime = 600000ms (custom)
2022-08-24 08:26:34,642 [pool-339-thread-1] INFO  server.RaftServerConfigKeys (ConfUtils.java:logGet(46)) - raft.server.retrycache.statistics.expirytime = 100μs (default)
2022-08-24 08:26:34,643 [pool-339-thread-1] INFO  server.RaftServerConfigKeys (ConfUtils.java:logGet(46)) - raft.server.log.appender.install.snapshot.enabled = false (custom)
2022-08-24 08:26:34,643 [pool-339-thread-1] INFO  server.RaftServerConfigKeys (ConfUtils.java:logGet(46)) - raft.server.threadpool.server.cached = true (default)
2022-08-24 08:26:34,643 [pool-339-thread-1] INFO  server.RaftServerConfigKeys (ConfUtils.java:logGet(46)) - raft.server.threadpool.server.size = 0 (default)
2022-08-24 08:26:34,643 [pool-339-thread-1] INFO  server.RaftServerConfigKeys (ConfUtils.java:logGet(46)) - raft.server.threadpool.client.cached = true (default)
2022-08-24 08:26:34,643 [pool-339-thread-1] INFO  server.RaftServerConfigKeys (ConfUtils.java:logGet(46)) - raft.server.threadpool.client.size = 0 (default)
2022-08-24 08:26:34,643 [pool-339-thread-1] INFO  server.RaftServer$Division (RaftServerImpl.java:start(310)) - 45e7c087-8728-4797-8b25-939998d46879@group-E8602E24479E: start as a follower, conf=-1: [45e7c087-8728-4797-8b25-939998d46879|rpc:10.1.0.105:34829|priority:1], old=null
2022-08-24 08:26:34,643 [pool-339-thread-1] INFO  server.RaftServer$Division (RaftServerImpl.java:setRole(299)) - 45e7c087-8728-4797-8b25-939998d46879@group-E8602E24479E: changes role from      null to FOLLOWER at term 0 for startAsFollower
2022-08-24 08:26:34,643 [pool-339-thread-1] INFO  impl.RoleInfo (RoleInfo.java:updateAndGet(139)) - 45e7c087-8728-4797-8b25-939998d46879: start 45e7c087-8728-4797-8b25-939998d46879@group-E8602E24479E-FollowerState
2022-08-24 08:26:34,644 [pool-339-thread-1] INFO  util.JmxRegister (JmxRegister.java:tryRegister(44)) - Successfully registered JMX Bean with object name Ratis:service=RaftServer,group=group-E8602E24479E,id=45e7c087-8728-4797-8b25-939998d46879
2022-08-24 08:26:34,651 [Command processor thread] INFO  ratis.XceiverServerRatis (XceiverServerRatis.java:addGroup(765)) - Created group PipelineID=6a702943-4bee-4754-9d08-e8602e24479e
2022-08-24 08:26:34,651 [Command processor thread] INFO  commandhandler.CreatePipelineCommandHandler (CreatePipelineCommandHandler.java:handle(113)) - Created Pipeline RATIS ONE PipelineID=6a702943-4bee-4754-9d08-e8602e24479e.
2022-08-24 08:26:34,651 [Command processor thread] INFO  server.RaftServer (RaftServerProxy.java:addNew(96)) - 45e7c087-8728-4797-8b25-939998d46879: addNew group-2FD43C7752BE:[45e7c087-8728-4797-8b25-939998d46879|rpc:10.1.0.105:34829|priority:0, c136c940-8cdb-469d-8a4b-133170912109|rpc:10.1.0.105:36895|priority:1, 3503030e-0d5c-47ed-9f19-bc5debe5118a|rpc:10.1.0.105:36043|priority:0] returns group-2FD43C7752BE:java.util.concurrent.CompletableFuture@53dda5e9[Not completed]
2022-08-24 08:26:34,652 [pool-339-thread-1] INFO  server.RaftServer$Division (RaftServerImpl.java:<init>(190)) - 45e7c087-8728-4797-8b25-939998d46879: new RaftServerImpl for group-2FD43C7752BE:[45e7c087-8728-4797-8b25-939998d46879|rpc:10.1.0.105:34829|priority:0, c136c940-8cdb-469d-8a4b-133170912109|rpc:10.1.0.105:36895|priority:1, 3503030e-0d5c-47ed-9f19-bc5debe5118a|rpc:10.1.0.105:36043|priority:0] with ContainerStateMachine:uninitialized
2022-08-24 08:26:34,652 [pool-339-thread-1] INFO  server.RaftServerConfigKeys (ConfUtils.java:logGet(46)) - raft.server.rpc.timeout.min = 5s (custom)
2022-08-24 08:26:34,652 [pool-339-thread-1] INFO  server.RaftServerConfigKeys (ConfUtils.java:logGet(46)) - raft.server.rpc.timeout.max = 5200ms (custom)
2022-08-24 08:26:34,652 [pool-339-thread-1] INFO  server.RaftServerConfigKeys (ConfUtils.java:logGet(46)) - raft.server.rpc.sleep.time = 25ms (default)
2022-08-24 08:26:34,652 [pool-339-thread-1] INFO  server.RaftServerConfigKeys (ConfUtils.java:logGet(46)) - raft.server.rpc.slowness.timeout = 300s (custom)
2022-08-24 08:26:34,652 [pool-339-thread-1] INFO  server.RaftServerConfigKeys (ConfUtils.java:logGet(46)) - raft.server.leaderelection.leader.step-down.wait-time = 10s (default)
2022-08-24 08:26:34,652 [pool-339-thread-1] INFO  server.RaftServerConfigKeys (ConfUtils.java:logGet(46)) - raft.server.sleep.deviation.threshold = 300ms (default)
2022-08-24 08:26:34,652 [pool-339-thread-1] INFO  server.RaftServer$Division (ServerState.java:<init>(107)) - 45e7c087-8728-4797-8b25-939998d46879@group-2FD43C7752BE: ConfigurationManager, init=-1: [45e7c087-8728-4797-8b25-939998d46879|rpc:10.1.0.105:34829|priority:0, c136c940-8cdb-469d-8a4b-133170912109|rpc:10.1.0.105:36895|priority:1, 3503030e-0d5c-47ed-9f19-bc5debe5118a|rpc:10.1.0.105:36043|priority:0], old=null, confs=<EMPTY_MAP>
2022-08-24 08:26:34,652 [pool-339-thread-1] INFO  server.RaftServerConfigKeys (ConfUtils.java:logGet(46)) - raft.server.storage.dir = [/home/runner/work/ozone/ozone/hadoop-ozone/integration-test/target/test-dir/MiniOzoneClusterImpl-ef79d86f-cf98-4831-ba1c-bc14f6a33205/datanode-0/data/ratis] (custom)
2022-08-24 08:26:34,652 [pool-339-thread-1] INFO  server.RaftServerConfigKeys (ConfUtils.java:logGet(46)) - raft.server.log.corruption.policy = EXCEPTION (default)
2022-08-24 08:26:34,652 [pool-339-thread-1] INFO  server.RaftServerConfigKeys (ConfUtils.java:logGet(46)) - raft.server.storage.free-space.min = 0MB (=0) (default)
2022-08-24 08:26:34,652 [pool-339-thread-1] INFO  storage.RaftStorageDirectory (RaftStorageDirectoryImpl.java:analyzeStorage(135)) - The storage directory /home/runner/work/ozone/ozone/hadoop-ozone/integration-test/target/test-dir/MiniOzoneClusterImpl-ef79d86f-cf98-4831-ba1c-bc14f6a33205/datanode-0/data/ratis/21616557-2467-4661-a246-2fd43c7752be does not exist. Creating ...
2022-08-24 08:26:34,653 [pool-339-thread-1] INFO  storage.RaftStorageDirectory (RaftStorageDirectoryImpl.java:tryLock(230)) - Lock on /home/runner/work/ozone/ozone/hadoop-ozone/integration-test/target/test-dir/MiniOzoneClusterImpl-ef79d86f-cf98-4831-ba1c-bc14f6a33205/datanode-0/data/ratis/21616557-2467-4661-a246-2fd43c7752be/in_use.lock acquired by nodename 20331@fv-az96-669
2022-08-24 08:26:34,654 [pool-339-thread-1] INFO  storage.RaftStorage (RaftStorageImpl.java:format(89)) - Storage directory /home/runner/work/ozone/ozone/hadoop-ozone/integration-test/target/test-dir/MiniOzoneClusterImpl-ef79d86f-cf98-4831-ba1c-bc14f6a33205/datanode-0/data/ratis/21616557-2467-4661-a246-2fd43c7752be has been successfully formatted.
2022-08-24 08:26:34,655 [pool-339-thread-1] INFO  ratis.ContainerStateMachine (ContainerStateMachine.java:loadSnapshot(236)) - group-2FD43C7752BE: The snapshot info is null. Setting the last applied indexto:(t:0, i:~)
2022-08-24 08:26:34,655 [pool-339-thread-1] INFO  server.RaftServerConfigKeys (ConfUtils.java:logGet(46)) - raft.server.notification.no-leader.timeout = 300s (custom)
2022-08-24 08:26:34,655 [pool-339-thread-1] INFO  server.RaftServerConfigKeys (ConfUtils.java:logGet(46)) - raft.server.log.use.memory = false (default)
2022-08-24 08:26:34,655 [pool-339-thread-1] INFO  server.RaftServerConfigKeys (ConfUtils.java:logGet(46)) - raft.server.log.purge.gap = 1000000 (custom)
2022-08-24 08:26:34,655 [pool-339-thread-1] INFO  server.RaftServerConfigKeys (ConfUtils.java:logGet(46)) - raft.server.log.appender.buffer.byte-limit = 33554432 (custom)
2022-08-24 08:26:34,655 [pool-339-thread-1] INFO  server.RaftServerConfigKeys (ConfUtils.java:logGet(46)) - raft.server.log.statemachine.data.read.timeout = 1000ms (default)
2022-08-24 08:26:34,655 [pool-339-thread-1] INFO  server.RaftServerConfigKeys (ConfUtils.java:logGet(46)) - raft.server.log.segment.size.max = 1048576 (custom)
2022-08-24 08:26:34,656 [pool-339-thread-1] INFO  server.RaftServerConfigKeys (ConfUtils.java:logGet(46)) - raft.server.log.segment.cache.num.max = 2 (custom)
2022-08-24 08:26:34,656 [pool-339-thread-1] INFO  server.RaftServerConfigKeys (ConfUtils.java:logGet(46)) - raft.server.log.segment.cache.size.max = 200MB (=209715200) (default)
2022-08-24 08:26:34,656 [pool-339-thread-1] INFO  segmented.SegmentedRaftLogWorker (SegmentedRaftLogWorker.java:<init>(187)) - new 45e7c087-8728-4797-8b25-939998d46879@group-2FD43C7752BE-SegmentedRaftLogWorker for RaftStorageImpl:Storage Directory /home/runner/work/ozone/ozone/hadoop-ozone/integration-test/target/test-dir/MiniOzoneClusterImpl-ef79d86f-cf98-4831-ba1c-bc14f6a33205/datanode-0/data/ratis/21616557-2467-4661-a246-2fd43c7752be
2022-08-24 08:26:34,656 [pool-339-thread-1] INFO  server.RaftServerConfigKeys (ConfUtils.java:logGet(46)) - raft.server.log.queue.byte-limit = 4294967296 (custom)
2022-08-24 08:26:34,656 [pool-339-thread-1] INFO  server.RaftServerConfigKeys (ConfUtils.java:logGet(46)) - raft.server.log.queue.element-limit = 1024 (custom)
2022-08-24 08:26:34,656 [pool-339-thread-1] INFO  server.RaftServerConfigKeys (ConfUtils.java:logGet(46)) - raft.server.log.segment.size.max = 1048576 (custom)
2022-08-24 08:26:34,656 [pool-339-thread-1] INFO  server.RaftServerConfigKeys (ConfUtils.java:logGet(46)) - raft.server.log.preallocated.size = 16384 (custom)
2022-08-24 08:26:34,656 [pool-339-thread-1] INFO  server.RaftServerConfigKeys (ConfUtils.java:logGet(46)) - raft.server.log.force.sync.num = 128 (default)
2022-08-24 08:26:34,656 [pool-339-thread-1] INFO  server.RaftServerConfigKeys (ConfUtils.java:logGet(46)) - raft.server.log.statemachine.data.sync = true (default)
2022-08-24 08:26:34,656 [pool-339-thread-1] INFO  server.RaftServerConfigKeys (ConfUtils.java:logGet(46)) - raft.server.log.statemachine.data.sync.timeout = 10s (default)
2022-08-24 08:26:34,656 [pool-339-thread-1] INFO  server.RaftServerConfigKeys (ConfUtils.java:logGet(46)) - raft.server.log.statemachine.data.sync.timeout.retry = -1 (default)
2022-08-24 08:26:34,657 [EventQueue-OpenPipelineForHealthyPipelineSafeModeRule] INFO  safemode.SCMSafeModeManager (HealthyPipelineSafeModeRule.java:process(137)) - SCM in safe mode. Healthy pipelines reported count is 0, required healthy pipeline reported count is 1
2022-08-24 08:26:34,658 [pool-339-thread-1] INFO  server.RaftServerConfigKeys (ConfUtils.java:logGet(46)) - raft.server.log.write.buffer.size = 1048576 (custom)
2022-08-24 08:26:34,659 [pool-339-thread-1] INFO  server.RaftServerConfigKeys (ConfUtils.java:logGet(46)) - raft.server.log.unsafe-flush.enabled = false (default)
2022-08-24 08:26:34,659 [pool-339-thread-1] INFO  server.RaftServerConfigKeys (ConfUtils.java:logGet(46)) - raft.server.log.statemachine.data.caching.enabled = true (custom)
2022-08-24 08:26:34,659 [pool-339-thread-1] INFO  segmented.SegmentedRaftLogWorker (SegmentedRaftLogWorker.java:lambda$new$0(135)) - 45e7c087-8728-4797-8b25-939998d46879@group-2FD43C7752BE-SegmentedRaftLogWorker: flushIndex: setUnconditionally 0 -> -1
2022-08-24 08:26:34,659 [pool-339-thread-1] INFO  segmented.SegmentedRaftLogWorker (SegmentedRaftLogWorker.java:lambda$new$0(135)) - 45e7c087-8728-4797-8b25-939998d46879@group-2FD43C7752BE-SegmentedRaftLogWorker: safeCacheEvictIndex: setUnconditionally 0 -> -1
2022-08-24 08:26:34,660 [pool-339-thread-1] INFO  server.RaftServerConfigKeys (ConfUtils.java:logGet(46)) - raft.server.snapshot.auto.trigger.enabled = true (custom)
2022-08-24 08:26:34,660 [pool-339-thread-1] INFO  server.RaftServerConfigKeys (ConfUtils.java:logGet(46)) - raft.server.snapshot.auto.trigger.threshold = 10000 (custom)
2022-08-24 08:26:34,660 [pool-339-thread-1] INFO  server.RaftServerConfigKeys (ConfUtils.java:logGet(46)) - raft.server.snapshot.retention.file.num = 5 (custom)
2022-08-24 08:26:34,660 [pool-339-thread-1] INFO  server.RaftServerConfigKeys (ConfUtils.java:logGet(46)) - raft.server.log.purge.upto.snapshot.index = false (default)
2022-08-24 08:26:34,660 [pool-339-thread-1] INFO  server.RaftServerConfigKeys (ConfUtils.java:logGet(46)) - raft.server.retrycache.expirytime = 600000ms (custom)
2022-08-24 08:26:34,660 [pool-339-thread-1] INFO  server.RaftServerConfigKeys (ConfUtils.java:logGet(46)) - raft.server.retrycache.statistics.expirytime = 100μs (default)
2022-08-24 08:26:34,662 [pool-339-thread-1] INFO  server.RaftServerConfigKeys (ConfUtils.java:logGet(46)) - raft.server.log.appender.install.snapshot.enabled = false (custom)
2022-08-24 08:26:34,662 [pool-339-thread-1] INFO  server.RaftServerConfigKeys (ConfUtils.java:logGet(46)) - raft.server.threadpool.server.cached = true (default)
2022-08-24 08:26:34,662 [pool-339-thread-1] INFO  server.RaftServerConfigKeys (ConfUtils.java:logGet(46)) - raft.server.threadpool.server.size = 0 (default)
2022-08-24 08:26:34,662 [pool-339-thread-1] INFO  server.RaftServerConfigKeys (ConfUtils.java:logGet(46)) - raft.server.threadpool.client.cached = true (default)
2022-08-24 08:26:34,662 [pool-339-thread-1] INFO  server.RaftServerConfigKeys (ConfUtils.java:logGet(46)) - raft.server.threadpool.client.size = 0 (default)
2022-08-24 08:26:34,662 [pool-339-thread-1] INFO  server.RaftServer$Division (RaftServerImpl.java:start(310)) - 45e7c087-8728-4797-8b25-939998d46879@group-2FD43C7752BE: start as a follower, conf=-1: [45e7c087-8728-4797-8b25-939998d46879|rpc:10.1.0.105:34829|priority:0, c136c940-8cdb-469d-8a4b-133170912109|rpc:10.1.0.105:36895|priority:1, 3503030e-0d5c-47ed-9f19-bc5debe5118a|rpc:10.1.0.105:36043|priority:0], old=null
2022-08-24 08:26:34,662 [pool-339-thread-1] INFO  server.RaftServer$Division (RaftServerImpl.java:setRole(299)) - 45e7c087-8728-4797-8b25-939998d46879@group-2FD43C7752BE: changes role from      null to FOLLOWER at term 0 for startAsFollower
2022-08-24 08:26:34,662 [pool-339-thread-1] INFO  impl.RoleInfo (RoleInfo.java:updateAndGet(139)) - 45e7c087-8728-4797-8b25-939998d46879: start 45e7c087-8728-4797-8b25-939998d46879@group-2FD43C7752BE-FollowerState
2022-08-24 08:26:34,663 [pool-339-thread-1] INFO  util.JmxRegister (JmxRegister.java:tryRegister(44)) - Successfully registered JMX Bean with object name Ratis:service=RaftServer,group=group-2FD43C7752BE,id=45e7c087-8728-4797-8b25-939998d46879
2022-08-24 08:26:34,663 [Command processor thread] INFO  ratis.XceiverServerRatis (XceiverServerRatis.java:addGroup(765)) - Created group PipelineID=21616557-2467-4661-a246-2fd43c7752be
2022-08-24 08:26:34,679 [grpc-default-executor-0] INFO  server.RaftServer (RaftServerProxy.java:addNew(96)) - 3503030e-0d5c-47ed-9f19-bc5debe5118a: addNew group-2FD43C7752BE:[45e7c087-8728-4797-8b25-939998d46879|rpc:10.1.0.105:34829|dataStream:|priority:0, c136c940-8cdb-469d-8a4b-133170912109|rpc:10.1.0.105:36895|dataStream:|priority:1, 3503030e-0d5c-47ed-9f19-bc5debe5118a|rpc:10.1.0.105:36043|dataStream:|priority:0] returns group-2FD43C7752BE:java.util.concurrent.CompletableFuture@1595228b[Not completed]
2022-08-24 08:26:34,679 [pool-400-thread-1] INFO  server.RaftServer$Division (RaftServerImpl.java:<init>(190)) - 3503030e-0d5c-47ed-9f19-bc5debe5118a: new RaftServerImpl for group-2FD43C7752BE:[45e7c087-8728-4797-8b25-939998d46879|rpc:10.1.0.105:34829|dataStream:|priority:0, c136c940-8cdb-469d-8a4b-133170912109|rpc:10.1.0.105:36895|dataStream:|priority:1, 3503030e-0d5c-47ed-9f19-bc5debe5118a|rpc:10.1.0.105:36043|dataStream:|priority:0] with ContainerStateMachine:uninitialized
2022-08-24 08:26:34,680 [pool-400-thread-1] INFO  server.RaftServerConfigKeys (ConfUtils.java:logGet(46)) - raft.server.rpc.timeout.min = 5s (custom)
2022-08-24 08:26:34,680 [pool-400-thread-1] INFO  server.RaftServerConfigKeys (ConfUtils.java:logGet(46)) - raft.server.rpc.timeout.max = 5200ms (custom)
2022-08-24 08:26:34,680 [pool-400-thread-1] INFO  server.RaftServerConfigKeys (ConfUtils.java:logGet(46)) - raft.server.rpc.sleep.time = 25ms (default)
2022-08-24 08:26:34,680 [pool-400-thread-1] INFO  server.RaftServerConfigKeys (ConfUtils.java:logGet(46)) - raft.server.rpc.slowness.timeout = 300s (custom)
2022-08-24 08:26:34,680 [pool-400-thread-1] INFO  server.RaftServerConfigKeys (ConfUtils.java:logGet(46)) - raft.server.leaderelection.leader.step-down.wait-time = 10s (default)
2022-08-24 08:26:34,680 [pool-400-thread-1] INFO  server.RaftServerConfigKeys (ConfUtils.java:logGet(46)) - raft.server.sleep.deviation.threshold = 300ms (default)
2022-08-24 08:26:34,680 [pool-400-thread-1] INFO  server.RaftServer$Division (ServerState.java:<init>(107)) - 3503030e-0d5c-47ed-9f19-bc5debe5118a@group-2FD43C7752BE: ConfigurationManager, init=-1: [45e7c087-8728-4797-8b25-939998d46879|rpc:10.1.0.105:34829|dataStream:|priority:0, c136c940-8cdb-469d-8a4b-133170912109|rpc:10.1.0.105:36895|dataStream:|priority:1, 3503030e-0d5c-47ed-9f19-bc5debe5118a|rpc:10.1.0.105:36043|dataStream:|priority:0], old=null, confs=<EMPTY_MAP>
2022-08-24 08:26:34,680 [pool-400-thread-1] INFO  server.RaftServerConfigKeys (ConfUtils.java:logGet(46)) - raft.server.storage.dir = [/home/runner/work/ozone/ozone/hadoop-ozone/integration-test/target/test-dir/MiniOzoneClusterImpl-ef79d86f-cf98-4831-ba1c-bc14f6a33205/datanode-2/data/ratis] (custom)
2022-08-24 08:26:34,680 [pool-400-thread-1] INFO  server.RaftServerConfigKeys (ConfUtils.java:logGet(46)) - raft.server.log.corruption.policy = EXCEPTION (default)
2022-08-24 08:26:34,680 [pool-400-thread-1] INFO  server.RaftServerConfigKeys (ConfUtils.java:logGet(46)) - raft.server.storage.free-space.min = 0MB (=0) (default)
2022-08-24 08:26:34,680 [pool-400-thread-1] INFO  storage.RaftStorageDirectory (RaftStorageDirectoryImpl.java:analyzeStorage(135)) - The storage directory /home/runner/work/ozone/ozone/hadoop-ozone/integration-test/target/test-dir/MiniOzoneClusterImpl-ef79d86f-cf98-4831-ba1c-bc14f6a33205/datanode-2/data/ratis/21616557-2467-4661-a246-2fd43c7752be does not exist. Creating ...
2022-08-24 08:26:34,686 [pool-400-thread-1] INFO  storage.RaftStorageDirectory (RaftStorageDirectoryImpl.java:tryLock(230)) - Lock on /home/runner/work/ozone/ozone/hadoop-ozone/integration-test/target/test-dir/MiniOzoneClusterImpl-ef79d86f-cf98-4831-ba1c-bc14f6a33205/datanode-2/data/ratis/21616557-2467-4661-a246-2fd43c7752be/in_use.lock acquired by nodename 20331@fv-az96-669
2022-08-24 08:26:34,687 [pool-400-thread-1] INFO  storage.RaftStorage (RaftStorageImpl.java:format(89)) - Storage directory /home/runner/work/ozone/ozone/hadoop-ozone/integration-test/target/test-dir/MiniOzoneClusterImpl-ef79d86f-cf98-4831-ba1c-bc14f6a33205/datanode-2/data/ratis/21616557-2467-4661-a246-2fd43c7752be has been successfully formatted.
2022-08-24 08:26:34,687 [pool-400-thread-1] INFO  ratis.ContainerStateMachine (ContainerStateMachine.java:loadSnapshot(236)) - group-2FD43C7752BE: The snapshot info is null. Setting the last applied indexto:(t:0, i:~)
2022-08-24 08:26:34,688 [pool-400-thread-1] INFO  server.RaftServerConfigKeys (ConfUtils.java:logGet(46)) - raft.server.notification.no-leader.timeout = 300s (custom)
2022-08-24 08:26:34,688 [pool-400-thread-1] INFO  server.RaftServerConfigKeys (ConfUtils.java:logGet(46)) - raft.server.log.use.memory = false (default)
2022-08-24 08:26:34,688 [pool-400-thread-1] INFO  server.RaftServerConfigKeys (ConfUtils.java:logGet(46)) - raft.server.log.purge.gap = 1000000 (custom)
2022-08-24 08:26:34,688 [pool-400-thread-1] INFO  server.RaftServerConfigKeys (ConfUtils.java:logGet(46)) - raft.server.log.appender.buffer.byte-limit = 33554432 (custom)
2022-08-24 08:26:34,688 [pool-400-thread-1] INFO  server.RaftServerConfigKeys (ConfUtils.java:logGet(46)) - raft.server.log.statemachine.data.read.timeout = 1000ms (default)
2022-08-24 08:26:34,690 [pool-400-thread-1] INFO  server.RaftServerConfigKeys (ConfUtils.java:logGet(46)) - raft.server.log.segment.size.max = 1048576 (custom)
2022-08-24 08:26:34,691 [pool-400-thread-1] INFO  server.RaftServerConfigKeys (ConfUtils.java:logGet(46)) - raft.server.log.segment.cache.num.max = 2 (custom)
2022-08-24 08:26:34,691 [pool-400-thread-1] INFO  server.RaftServerConfigKeys (ConfUtils.java:logGet(46)) - raft.server.log.segment.cache.size.max = 200MB (=209715200) (default)
2022-08-24 08:26:34,691 [pool-400-thread-1] INFO  segmented.SegmentedRaftLogWorker (SegmentedRaftLogWorker.java:<init>(187)) - new 3503030e-0d5c-47ed-9f19-bc5debe5118a@group-2FD43C7752BE-SegmentedRaftLogWorker for RaftStorageImpl:Storage Directory /home/runner/work/ozone/ozone/hadoop-ozone/integration-test/target/test-dir/MiniOzoneClusterImpl-ef79d86f-cf98-4831-ba1c-bc14f6a33205/datanode-2/data/ratis/21616557-2467-4661-a246-2fd43c7752be
2022-08-24 08:26:34,691 [pool-400-thread-1] INFO  server.RaftServerConfigKeys (ConfUtils.java:logGet(46)) - raft.server.log.queue.byte-limit = 4294967296 (custom)
2022-08-24 08:26:34,691 [pool-400-thread-1] INFO  server.RaftServerConfigKeys (ConfUtils.java:logGet(46)) - raft.server.log.queue.element-limit = 1024 (custom)
2022-08-24 08:26:34,691 [pool-400-thread-1] INFO  server.RaftServerConfigKeys (ConfUtils.java:logGet(46)) - raft.server.log.segment.size.max = 1048576 (custom)
2022-08-24 08:26:34,691 [pool-400-thread-1] INFO  server.RaftServerConfigKeys (ConfUtils.java:logGet(46)) - raft.server.log.preallocated.size = 16384 (custom)
2022-08-24 08:26:34,691 [pool-400-thread-1] INFO  server.RaftServerConfigKeys (ConfUtils.java:logGet(46)) - raft.server.log.force.sync.num = 128 (default)
2022-08-24 08:26:34,691 [pool-400-thread-1] INFO  server.RaftServerConfigKeys (ConfUtils.java:logGet(46)) - raft.server.log.statemachine.data.sync = true (default)
2022-08-24 08:26:34,691 [pool-400-thread-1] INFO  server.RaftServerConfigKeys (ConfUtils.java:logGet(46)) - raft.server.log.statemachine.data.sync.timeout = 10s (default)
2022-08-24 08:26:34,691 [pool-400-thread-1] INFO  server.RaftServerConfigKeys (ConfUtils.java:logGet(46)) - raft.server.log.statemachine.data.sync.timeout.retry = -1 (default)
2022-08-24 08:26:34,692 [pool-400-thread-1] INFO  server.RaftServerConfigKeys (ConfUtils.java:logGet(46)) - raft.server.log.write.buffer.size = 1048576 (custom)
2022-08-24 08:26:34,693 [pool-400-thread-1] INFO  server.RaftServerConfigKeys (ConfUtils.java:logGet(46)) - raft.server.log.unsafe-flush.enabled = false (default)
2022-08-24 08:26:34,693 [pool-400-thread-1] INFO  server.RaftServerConfigKeys (ConfUtils.java:logGet(46)) - raft.server.log.statemachine.data.caching.enabled = true (custom)
2022-08-24 08:26:34,693 [pool-400-thread-1] INFO  segmented.SegmentedRaftLogWorker (SegmentedRaftLogWorker.java:lambda$new$0(135)) - 3503030e-0d5c-47ed-9f19-bc5debe5118a@group-2FD43C7752BE-SegmentedRaftLogWorker: flushIndex: setUnconditionally 0 -> -1
2022-08-24 08:26:34,693 [pool-400-thread-1] INFO  segmented.SegmentedRaftLogWorker (SegmentedRaftLogWorker.java:lambda$new$0(135)) - 3503030e-0d5c-47ed-9f19-bc5debe5118a@group-2FD43C7752BE-SegmentedRaftLogWorker: safeCacheEvictIndex: setUnconditionally 0 -> -1
2022-08-24 08:26:34,693 [pool-400-thread-1] INFO  server.RaftServerConfigKeys (ConfUtils.java:logGet(46)) - raft.server.snapshot.auto.trigger.enabled = true (custom)
2022-08-24 08:26:34,693 [pool-400-thread-1] INFO  server.RaftServerConfigKeys (ConfUtils.java:logGet(46)) - raft.server.snapshot.auto.trigger.threshold = 10000 (custom)
2022-08-24 08:26:34,693 [pool-400-thread-1] INFO  server.RaftServerConfigKeys (ConfUtils.java:logGet(46)) - raft.server.snapshot.retention.file.num = 5 (custom)
2022-08-24 08:26:34,693 [pool-400-thread-1] INFO  server.RaftServerConfigKeys (ConfUtils.java:logGet(46)) - raft.server.log.purge.upto.snapshot.index = false (default)
2022-08-24 08:26:34,693 [pool-400-thread-1] INFO  server.RaftServerConfigKeys (ConfUtils.java:logGet(46)) - raft.server.retrycache.expirytime = 600000ms (custom)
2022-08-24 08:26:34,693 [pool-400-thread-1] INFO  server.RaftServerConfigKeys (ConfUtils.java:logGet(46)) - raft.server.retrycache.statistics.expirytime = 100μs (default)
2022-08-24 08:26:34,694 [pool-400-thread-1] INFO  server.RaftServerConfigKeys (ConfUtils.java:logGet(46)) - raft.server.log.appender.install.snapshot.enabled = false (custom)
2022-08-24 08:26:34,694 [pool-400-thread-1] INFO  server.RaftServerConfigKeys (ConfUtils.java:logGet(46)) - raft.server.threadpool.server.cached = true (default)
2022-08-24 08:26:34,695 [pool-400-thread-1] INFO  server.RaftServerConfigKeys (ConfUtils.java:logGet(46)) - raft.server.threadpool.server.size = 0 (default)
2022-08-24 08:26:34,695 [pool-400-thread-1] INFO  server.RaftServerConfigKeys (ConfUtils.java:logGet(46)) - raft.server.threadpool.client.cached = true (default)
2022-08-24 08:26:34,695 [pool-400-thread-1] INFO  server.RaftServerConfigKeys (ConfUtils.java:logGet(46)) - raft.server.threadpool.client.size = 0 (default)
2022-08-24 08:26:34,695 [pool-400-thread-1] INFO  server.RaftServer$Division (RaftServerImpl.java:start(310)) - 3503030e-0d5c-47ed-9f19-bc5debe5118a@group-2FD43C7752BE: start as a follower, conf=-1: [45e7c087-8728-4797-8b25-939998d46879|rpc:10.1.0.105:34829|dataStream:|priority:0, c136c940-8cdb-469d-8a4b-133170912109|rpc:10.1.0.105:36895|dataStream:|priority:1, 3503030e-0d5c-47ed-9f19-bc5debe5118a|rpc:10.1.0.105:36043|dataStream:|priority:0], old=null
2022-08-24 08:26:34,695 [pool-400-thread-1] INFO  server.RaftServer$Division (RaftServerImpl.java:setRole(299)) - 3503030e-0d5c-47ed-9f19-bc5debe5118a@group-2FD43C7752BE: changes role from      null to FOLLOWER at term 0 for startAsFollower
2022-08-24 08:26:34,695 [pool-400-thread-1] INFO  impl.RoleInfo (RoleInfo.java:updateAndGet(139)) - 3503030e-0d5c-47ed-9f19-bc5debe5118a: start 3503030e-0d5c-47ed-9f19-bc5debe5118a@group-2FD43C7752BE-FollowerState
2022-08-24 08:26:34,698 [pool-400-thread-1] INFO  util.JmxRegister (JmxRegister.java:tryRegister(44)) - Successfully registered JMX Bean with object name Ratis:service=RaftServer,group=group-2FD43C7752BE,id=3503030e-0d5c-47ed-9f19-bc5debe5118a
2022-08-24 08:26:34,704 [ReplicationMonitor] INFO  replication.ReplicationManager (ReplicationManager.java:processAll(255)) - Replication Manager is not ready to run until 3000ms after safemode exit
2022-08-24 08:26:34,720 [grpc-default-executor-0] INFO  server.RaftServer (RaftServerProxy.java:addNew(96)) - c136c940-8cdb-469d-8a4b-133170912109: addNew group-2FD43C7752BE:[45e7c087-8728-4797-8b25-939998d46879|rpc:10.1.0.105:34829|dataStream:|priority:0, c136c940-8cdb-469d-8a4b-133170912109|rpc:10.1.0.105:36895|dataStream:|priority:1, 3503030e-0d5c-47ed-9f19-bc5debe5118a|rpc:10.1.0.105:36043|dataStream:|priority:0] returns group-2FD43C7752BE:java.util.concurrent.CompletableFuture@4134f586[Not completed]
2022-08-24 08:26:34,721 [pool-368-thread-1] INFO  server.RaftServer$Division (RaftServerImpl.java:<init>(190)) - c136c940-8cdb-469d-8a4b-133170912109: new RaftServerImpl for group-2FD43C7752BE:[45e7c087-8728-4797-8b25-939998d46879|rpc:10.1.0.105:34829|dataStream:|priority:0, c136c940-8cdb-469d-8a4b-133170912109|rpc:10.1.0.105:36895|dataStream:|priority:1, 3503030e-0d5c-47ed-9f19-bc5debe5118a|rpc:10.1.0.105:36043|dataStream:|priority:0] with ContainerStateMachine:uninitialized
2022-08-24 08:26:34,721 [pool-368-thread-1] INFO  server.RaftServerConfigKeys (ConfUtils.java:logGet(46)) - raft.server.rpc.timeout.min = 5s (custom)
2022-08-24 08:26:34,721 [pool-368-thread-1] INFO  server.RaftServerConfigKeys (ConfUtils.java:logGet(46)) - raft.server.rpc.timeout.max = 5200ms (custom)
2022-08-24 08:26:34,722 [pool-368-thread-1] INFO  server.RaftServerConfigKeys (ConfUtils.java:logGet(46)) - raft.server.rpc.sleep.time = 25ms (default)
2022-08-24 08:26:34,722 [pool-368-thread-1] INFO  server.RaftServerConfigKeys (ConfUtils.java:logGet(46)) - raft.server.rpc.slowness.timeout = 300s (custom)
2022-08-24 08:26:34,722 [pool-368-thread-1] INFO  server.RaftServerConfigKeys (ConfUtils.java:logGet(46)) - raft.server.leaderelection.leader.step-down.wait-time = 10s (default)
2022-08-24 08:26:34,722 [pool-368-thread-1] INFO  server.RaftServerConfigKeys (ConfUtils.java:logGet(46)) - raft.server.sleep.deviation.threshold = 300ms (default)
2022-08-24 08:26:34,722 [pool-368-thread-1] INFO  server.RaftServer$Division (ServerState.java:<init>(107)) - c136c940-8cdb-469d-8a4b-133170912109@group-2FD43C7752BE: ConfigurationManager, init=-1: [45e7c087-8728-4797-8b25-939998d46879|rpc:10.1.0.105:34829|dataStream:|priority:0, c136c940-8cdb-469d-8a4b-133170912109|rpc:10.1.0.105:36895|dataStream:|priority:1, 3503030e-0d5c-47ed-9f19-bc5debe5118a|rpc:10.1.0.105:36043|dataStream:|priority:0], old=null, confs=<EMPTY_MAP>
2022-08-24 08:26:34,722 [pool-368-thread-1] INFO  server.RaftServerConfigKeys (ConfUtils.java:logGet(46)) - raft.server.storage.dir = [/home/runner/work/ozone/ozone/hadoop-ozone/integration-test/target/test-dir/MiniOzoneClusterImpl-ef79d86f-cf98-4831-ba1c-bc14f6a33205/datanode-1/data/ratis] (custom)
2022-08-24 08:26:34,722 [pool-368-thread-1] INFO  server.RaftServerConfigKeys (ConfUtils.java:logGet(46)) - raft.server.log.corruption.policy = EXCEPTION (default)
2022-08-24 08:26:34,722 [pool-368-thread-1] INFO  server.RaftServerConfigKeys (ConfUtils.java:logGet(46)) - raft.server.storage.free-space.min = 0MB (=0) (default)
2022-08-24 08:26:34,722 [pool-368-thread-1] INFO  storage.RaftStorageDirectory (RaftStorageDirectoryImpl.java:analyzeStorage(135)) - The storage directory /home/runner/work/ozone/ozone/hadoop-ozone/integration-test/target/test-dir/MiniOzoneClusterImpl-ef79d86f-cf98-4831-ba1c-bc14f6a33205/datanode-1/data/ratis/21616557-2467-4661-a246-2fd43c7752be does not exist. Creating ...
2022-08-24 08:26:34,723 [pool-368-thread-1] INFO  storage.RaftStorageDirectory (RaftStorageDirectoryImpl.java:tryLock(230)) - Lock on /home/runner/work/ozone/ozone/hadoop-ozone/integration-test/target/test-dir/MiniOzoneClusterImpl-ef79d86f-cf98-4831-ba1c-bc14f6a33205/datanode-1/data/ratis/21616557-2467-4661-a246-2fd43c7752be/in_use.lock acquired by nodename 20331@fv-az96-669
2022-08-24 08:26:34,723 [pool-368-thread-1] INFO  storage.RaftStorage (RaftStorageImpl.java:format(89)) - Storage directory /home/runner/work/ozone/ozone/hadoop-ozone/integration-test/target/test-dir/MiniOzoneClusterImpl-ef79d86f-cf98-4831-ba1c-bc14f6a33205/datanode-1/data/ratis/21616557-2467-4661-a246-2fd43c7752be has been successfully formatted.
2022-08-24 08:26:34,725 [pool-368-thread-1] INFO  ratis.ContainerStateMachine (ContainerStateMachine.java:loadSnapshot(236)) - group-2FD43C7752BE: The snapshot info is null. Setting the last applied indexto:(t:0, i:~)
2022-08-24 08:26:34,725 [pool-368-thread-1] INFO  server.RaftServerConfigKeys (ConfUtils.java:logGet(46)) - raft.server.notification.no-leader.timeout = 300s (custom)
2022-08-24 08:26:34,725 [pool-368-thread-1] INFO  server.RaftServerConfigKeys (ConfUtils.java:logGet(46)) - raft.server.log.use.memory = false (default)
2022-08-24 08:26:34,725 [pool-368-thread-1] INFO  server.RaftServerConfigKeys (ConfUtils.java:logGet(46)) - raft.server.log.purge.gap = 1000000 (custom)
2022-08-24 08:26:34,725 [pool-368-thread-1] INFO  server.RaftServerConfigKeys (ConfUtils.java:logGet(46)) - raft.server.log.appender.buffer.byte-limit = 33554432 (custom)
2022-08-24 08:26:34,725 [pool-368-thread-1] INFO  server.RaftServerConfigKeys (ConfUtils.java:logGet(46)) - raft.server.log.statemachine.data.read.timeout = 1000ms (default)
2022-08-24 08:26:34,725 [pool-368-thread-1] INFO  server.RaftServerConfigKeys (ConfUtils.java:logGet(46)) - raft.server.log.segment.size.max = 1048576 (custom)
2022-08-24 08:26:34,726 [pool-368-thread-1] INFO  server.RaftServerConfigKeys (ConfUtils.java:logGet(46)) - raft.server.log.segment.cache.num.max = 2 (custom)
2022-08-24 08:26:34,726 [pool-368-thread-1] INFO  server.RaftServerConfigKeys (ConfUtils.java:logGet(46)) - raft.server.log.segment.cache.size.max = 200MB (=209715200) (default)
2022-08-24 08:26:34,726 [pool-368-thread-1] INFO  segmented.SegmentedRaftLogWorker (SegmentedRaftLogWorker.java:<init>(187)) - new c136c940-8cdb-469d-8a4b-133170912109@group-2FD43C7752BE-SegmentedRaftLogWorker for RaftStorageImpl:Storage Directory /home/runner/work/ozone/ozone/hadoop-ozone/integration-test/target/test-dir/MiniOzoneClusterImpl-ef79d86f-cf98-4831-ba1c-bc14f6a33205/datanode-1/data/ratis/21616557-2467-4661-a246-2fd43c7752be
2022-08-24 08:26:34,726 [pool-368-thread-1] INFO  server.RaftServerConfigKeys (ConfUtils.java:logGet(46)) - raft.server.log.queue.byte-limit = 4294967296 (custom)
2022-08-24 08:26:34,726 [pool-368-thread-1] INFO  server.RaftServerConfigKeys (ConfUtils.java:logGet(46)) - raft.server.log.queue.element-limit = 1024 (custom)
2022-08-24 08:26:34,726 [pool-368-thread-1] INFO  server.RaftServerConfigKeys (ConfUtils.java:logGet(46)) - raft.server.log.segment.size.max = 1048576 (custom)
2022-08-24 08:26:34,726 [pool-368-thread-1] INFO  server.RaftServerConfigKeys (ConfUtils.java:logGet(46)) - raft.server.log.preallocated.size = 16384 (custom)
2022-08-24 08:26:34,726 [pool-368-thread-1] INFO  server.RaftServerConfigKeys (ConfUtils.java:logGet(46)) - raft.server.log.force.sync.num = 128 (default)
2022-08-24 08:26:34,726 [pool-368-thread-1] INFO  server.RaftServerConfigKeys (ConfUtils.java:logGet(46)) - raft.server.log.statemachine.data.sync = true (default)
2022-08-24 08:26:34,726 [pool-368-thread-1] INFO  server.RaftServerConfigKeys (ConfUtils.java:logGet(46)) - raft.server.log.statemachine.data.sync.timeout = 10s (default)
2022-08-24 08:26:34,726 [pool-368-thread-1] INFO  server.RaftServerConfigKeys (ConfUtils.java:logGet(46)) - raft.server.log.statemachine.data.sync.timeout.retry = -1 (default)
2022-08-24 08:26:34,727 [pool-368-thread-1] INFO  server.RaftServerConfigKeys (ConfUtils.java:logGet(46)) - raft.server.log.write.buffer.size = 1048576 (custom)
2022-08-24 08:26:34,728 [pool-368-thread-1] INFO  server.RaftServerConfigKeys (ConfUtils.java:logGet(46)) - raft.server.log.unsafe-flush.enabled = false (default)
2022-08-24 08:26:34,728 [pool-368-thread-1] INFO  server.RaftServerConfigKeys (ConfUtils.java:logGet(46)) - raft.server.log.statemachine.data.caching.enabled = true (custom)
2022-08-24 08:26:34,728 [pool-368-thread-1] INFO  segmented.SegmentedRaftLogWorker (SegmentedRaftLogWorker.java:lambda$new$0(135)) - c136c940-8cdb-469d-8a4b-133170912109@group-2FD43C7752BE-SegmentedRaftLogWorker: flushIndex: setUnconditionally 0 -> -1
2022-08-24 08:26:34,728 [pool-368-thread-1] INFO  segmented.SegmentedRaftLogWorker (SegmentedRaftLogWorker.java:lambda$new$0(135)) - c136c940-8cdb-469d-8a4b-133170912109@group-2FD43C7752BE-SegmentedRaftLogWorker: safeCacheEvictIndex: setUnconditionally 0 -> -1
2022-08-24 08:26:34,728 [pool-368-thread-1] INFO  server.RaftServerConfigKeys (ConfUtils.java:logGet(46)) - raft.server.snapshot.auto.trigger.enabled = true (custom)
2022-08-24 08:26:34,728 [pool-368-thread-1] INFO  server.RaftServerConfigKeys (ConfUtils.java:logGet(46)) - raft.server.snapshot.auto.trigger.threshold = 10000 (custom)
2022-08-24 08:26:34,728 [pool-368-thread-1] INFO  server.RaftServerConfigKeys (ConfUtils.java:logGet(46)) - raft.server.snapshot.retention.file.num = 5 (custom)
2022-08-24 08:26:34,728 [pool-368-thread-1] INFO  server.RaftServerConfigKeys (ConfUtils.java:logGet(46)) - raft.server.log.purge.upto.snapshot.index = false (default)
2022-08-24 08:26:34,728 [pool-368-thread-1] INFO  server.RaftServerConfigKeys (ConfUtils.java:logGet(46)) - raft.server.retrycache.expirytime = 600000ms (custom)
2022-08-24 08:26:34,728 [pool-368-thread-1] INFO  server.RaftServerConfigKeys (ConfUtils.java:logGet(46)) - raft.server.retrycache.statistics.expirytime = 100μs (default)
2022-08-24 08:26:34,729 [pool-368-thread-1] INFO  server.RaftServerConfigKeys (ConfUtils.java:logGet(46)) - raft.server.log.appender.install.snapshot.enabled = false (custom)
2022-08-24 08:26:34,729 [pool-368-thread-1] INFO  server.RaftServerConfigKeys (ConfUtils.java:logGet(46)) - raft.server.threadpool.server.cached = true (default)
2022-08-24 08:26:34,729 [pool-368-thread-1] INFO  server.RaftServerConfigKeys (ConfUtils.java:logGet(46)) - raft.server.threadpool.server.size = 0 (default)
2022-08-24 08:26:34,729 [pool-368-thread-1] INFO  server.RaftServerConfigKeys (ConfUtils.java:logGet(46)) - raft.server.threadpool.client.cached = true (default)
2022-08-24 08:26:34,729 [pool-368-thread-1] INFO  server.RaftServerConfigKeys (ConfUtils.java:logGet(46)) - raft.server.threadpool.client.size = 0 (default)
2022-08-24 08:26:34,729 [pool-368-thread-1] INFO  server.RaftServer$Division (RaftServerImpl.java:start(310)) - c136c940-8cdb-469d-8a4b-133170912109@group-2FD43C7752BE: start as a follower, conf=-1: [45e7c087-8728-4797-8b25-939998d46879|rpc:10.1.0.105:34829|dataStream:|priority:0, c136c940-8cdb-469d-8a4b-133170912109|rpc:10.1.0.105:36895|dataStream:|priority:1, 3503030e-0d5c-47ed-9f19-bc5debe5118a|rpc:10.1.0.105:36043|dataStream:|priority:0], old=null
2022-08-24 08:26:34,729 [pool-368-thread-1] INFO  server.RaftServer$Division (RaftServerImpl.java:setRole(299)) - c136c940-8cdb-469d-8a4b-133170912109@group-2FD43C7752BE: changes role from      null to FOLLOWER at term 0 for startAsFollower
2022-08-24 08:26:34,730 [pool-368-thread-1] INFO  impl.RoleInfo (RoleInfo.java:updateAndGet(139)) - c136c940-8cdb-469d-8a4b-133170912109: start c136c940-8cdb-469d-8a4b-133170912109@group-2FD43C7752BE-FollowerState
2022-08-24 08:26:34,730 [pool-368-thread-1] INFO  util.JmxRegister (JmxRegister.java:tryRegister(44)) - Successfully registered JMX Bean with object name Ratis:service=RaftServer,group=group-2FD43C7752BE,id=c136c940-8cdb-469d-8a4b-133170912109
2022-08-24 08:26:34,748 [Command processor thread] INFO  commandhandler.CreatePipelineCommandHandler (CreatePipelineCommandHandler.java:handle(113)) - Created Pipeline RATIS THREE PipelineID=21616557-2467-4661-a246-2fd43c7752be.
2022-08-24 08:26:34,761 [Listener at 127.0.0.1/39171] INFO  ozone.MiniOzoneClusterImpl (MiniOzoneClusterImpl.java:lambda$waitForClusterToBeReady$0(216)) - Nodes are ready. Got 6 of 6 DN Heartbeats.
2022-08-24 08:26:34,761 [Listener at 127.0.0.1/39171] INFO  ozone.MiniOzoneClusterImpl (MiniOzoneClusterImpl.java:lambda$waitForClusterToBeReady$0(219)) - Waiting for cluster to exit safe mode
2022-08-24 08:26:34,761 [Listener at 127.0.0.1/39171] INFO  ozone.MiniOzoneClusterImpl (MiniOzoneClusterImpl.java:lambda$waitForClusterToBeReady$0(221)) - SCM became leader
2022-08-24 08:26:35,180 [DatanodeAdminManager-0] INFO  node.DatanodeAdminMonitorImpl (DatanodeAdminMonitorImpl.java:checkContainersReplicatedOnNode(306)) - Under Replicated Container #1 Container State: CLOSED Replica Count: 3 Healthy Count: 2 Decommission Count: 1 Maintenance Count: 0 inFlightAdd Count: 1 inFightDel Count: 0 ReplicationFactor: 3 minMaintenance Count: 2; Replicas{ContainerReplica{containerID=#1, state=CLOSED, datanodeDetails=440b8e2f-1f04-4f01-a821-43dde6dd996e{ip: 10.1.0.105, host: fv-az96-669.m4cgkdvplvgupd014rd20bgx3d.gx.internal.cloudapp.net, ports: [REPLICATION=33745, RATIS=43463, RATIS_ADMIN=43463, RATIS_SERVER=43463, STANDALONE=38569], networkLocation: /default-rack, certSerialId: null, persistedOpState: DECOMMISSIONING, persistedOpStateExpiryEpochSec: 0}, placeOfBirth=440b8e2f-1f04-4f01-a821-43dde6dd996e, sequenceId=73, keyCount=7, bytesUsed=133},ContainerReplica{containerID=#1, state=CLOSED, datanodeDetails=7f7d2c84-d408-4e5a-9ef4-f1a050e9b97b{ip: 10.1.0.105, host: fv-az96-669.m4cgkdvplvgupd014rd20bgx3d.gx.internal.cloudapp.net, ports: [REPLICATION=38073, RATIS=42375, RATIS_ADMIN=42375, RATIS_SERVER=42375, STANDALONE=41563], networkLocation: /default-rack, certSerialId: null, persistedOpState: IN_SERVICE, persistedOpStateExpiryEpochSec: 0}, placeOfBirth=7f7d2c84-d408-4e5a-9ef4-f1a050e9b97b, sequenceId=73, keyCount=7, bytesUsed=133},ContainerReplica{containerID=#1, state=CLOSED, datanodeDetails=9ebd5d49-d832-4a04-8d1f-29e9cf21918f{ip: 10.1.0.105, host: fv-az96-669.m4cgkdvplvgupd014rd20bgx3d.gx.internal.cloudapp.net, ports: [REPLICATION=40487, RATIS=38067, RATIS_ADMIN=38067, RATIS_SERVER=38067, STANDALONE=38275], networkLocation: /default-rack, certSerialId: null, persistedOpState: IN_SERVICE, persistedOpStateExpiryEpochSec: 0}, placeOfBirth=9ebd5d49-d832-4a04-8d1f-29e9cf21918f, sequenceId=73, keyCount=7, bytesUsed=133}}
2022-08-24 08:26:35,180 [DatanodeAdminManager-0] INFO  node.DatanodeAdminMonitorImpl (DatanodeAdminMonitorImpl.java:checkContainersReplicatedOnNode(306)) - Under Replicated Container #2 Container State: CLOSED Replica Count: 3 Healthy Count: 2 Decommission Count: 1 Maintenance Count: 0 inFlightAdd Count: 1 inFightDel Count: 0 ReplicationFactor: 3 minMaintenance Count: 2; Replicas{ContainerReplica{containerID=#2, state=CLOSED, datanodeDetails=9ebd5d49-d832-4a04-8d1f-29e9cf21918f{ip: 10.1.0.105, host: fv-az96-669.m4cgkdvplvgupd014rd20bgx3d.gx.internal.cloudapp.net, ports: [REPLICATION=40487, RATIS=38067, RATIS_ADMIN=38067, RATIS_SERVER=38067, STANDALONE=38275], networkLocation: /default-rack, certSerialId: null, persistedOpState: IN_SERVICE, persistedOpStateExpiryEpochSec: 0}, placeOfBirth=9ebd5d49-d832-4a04-8d1f-29e9cf21918f, sequenceId=77, keyCount=7, bytesUsed=133},ContainerReplica{containerID=#2, state=CLOSED, datanodeDetails=440b8e2f-1f04-4f01-a821-43dde6dd996e{ip: 10.1.0.105, host: fv-az96-669.m4cgkdvplvgupd014rd20bgx3d.gx.internal.cloudapp.net, ports: [REPLICATION=33745, RATIS=43463, RATIS_ADMIN=43463, RATIS_SERVER=43463, STANDALONE=38569], networkLocation: /default-rack, certSerialId: null, persistedOpState: DECOMMISSIONING, persistedOpStateExpiryEpochSec: 0}, placeOfBirth=440b8e2f-1f04-4f01-a821-43dde6dd996e, sequenceId=77, keyCount=7, bytesUsed=133},ContainerReplica{containerID=#2, state=CLOSED, datanodeDetails=7f7d2c84-d408-4e5a-9ef4-f1a050e9b97b{ip: 10.1.0.105, host: fv-az96-669.m4cgkdvplvgupd014rd20bgx3d.gx.internal.cloudapp.net, ports: [REPLICATION=38073, RATIS=42375, RATIS_ADMIN=42375, RATIS_SERVER=42375, STANDALONE=41563], networkLocation: /default-rack, certSerialId: null, persistedOpState: IN_SERVICE, persistedOpStateExpiryEpochSec: 0}, placeOfBirth=7f7d2c84-d408-4e5a-9ef4-f1a050e9b97b, sequenceId=77, keyCount=7, bytesUsed=133}}
2022-08-24 08:26:35,180 [DatanodeAdminManager-0] INFO  node.DatanodeAdminMonitorImpl (DatanodeAdminMonitorImpl.java:checkContainersReplicatedOnNode(306)) - Under Replicated Container #3 Container State: CLOSED Replica Count: 3 Healthy Count: 2 Decommission Count: 1 Maintenance Count: 0 inFlightAdd Count: 1 inFightDel Count: 0 ReplicationFactor: 3 minMaintenance Count: 2; Replicas{ContainerReplica{containerID=#3, state=CLOSED, datanodeDetails=440b8e2f-1f04-4f01-a821-43dde6dd996e{ip: 10.1.0.105, host: fv-az96-669.m4cgkdvplvgupd014rd20bgx3d.gx.internal.cloudapp.net, ports: [REPLICATION=33745, RATIS=43463, RATIS_ADMIN=43463, RATIS_SERVER=43463, STANDALONE=38569], networkLocation: /default-rack, certSerialId: null, persistedOpState: DECOMMISSIONING, persistedOpStateExpiryEpochSec: 0}, placeOfBirth=440b8e2f-1f04-4f01-a821-43dde6dd996e, sequenceId=69, keyCount=6, bytesUsed=114},ContainerReplica{containerID=#3, state=CLOSED, datanodeDetails=9ebd5d49-d832-4a04-8d1f-29e9cf21918f{ip: 10.1.0.105, host: fv-az96-669.m4cgkdvplvgupd014rd20bgx3d.gx.internal.cloudapp.net, ports: [REPLICATION=40487, RATIS=38067, RATIS_ADMIN=38067, RATIS_SERVER=38067, STANDALONE=38275], networkLocation: /default-rack, certSerialId: null, persistedOpState: IN_SERVICE, persistedOpStateExpiryEpochSec: 0}, placeOfBirth=9ebd5d49-d832-4a04-8d1f-29e9cf21918f, sequenceId=69, keyCount=6, bytesUsed=114},ContainerReplica{containerID=#3, state=CLOSED, datanodeDetails=7f7d2c84-d408-4e5a-9ef4-f1a050e9b97b{ip: 10.1.0.105, host: fv-az96-669.m4cgkdvplvgupd014rd20bgx3d.gx.internal.cloudapp.net, ports: [REPLICATION=38073, RATIS=42375, RATIS_ADMIN=42375, RATIS_SERVER=42375, STANDALONE=41563], networkLocation: /default-rack, certSerialId: null, persistedOpState: IN_SERVICE, persistedOpStateExpiryEpochSec: 0}, placeOfBirth=7f7d2c84-d408-4e5a-9ef4-f1a050e9b97b, sequenceId=69, keyCount=6, bytesUsed=114}}
2022-08-24 08:26:35,180 [DatanodeAdminManager-0] INFO  node.DatanodeAdminMonitorImpl (DatanodeAdminMonitorImpl.java:checkContainersReplicatedOnNode(327)) - 440b8e2f-1f04-4f01-a821-43dde6dd996e{ip: 10.1.0.105, host: fv-az96-669.m4cgkdvplvgupd014rd20bgx3d.gx.internal.cloudapp.net, ports: [REPLICATION=33745, RATIS=43463, RATIS_ADMIN=43463, RATIS_SERVER=43463, STANDALONE=38569], networkLocation: /default-rack, certSerialId: null, persistedOpState: DECOMMISSIONING, persistedOpStateExpiryEpochSec: 0} has 0 sufficientlyReplicated, 3 underReplicated and 0 unhealthy containers
2022-08-24 08:26:35,180 [DatanodeAdminManager-0] INFO  node.DatanodeAdminMonitorImpl (DatanodeAdminMonitorImpl.java:run(148)) - There are 1 nodes tracked for decommission and maintenance. 0 pending nodes.
2022-08-24 08:26:35,185 [ReplicationMonitor] INFO  replication.ReplicationManager (ReplicationManager.java:processAll(293)) - Replication Monitor Thread took 0 milliseconds for processing 3 containers.
2022-08-24 08:26:35,221 [ContainerReplicationThread-0] INFO  replication.DownloadAndImportReplicator (DownloadAndImportReplicator.java:replicate(105)) - Starting replication of container 2 from [9ebd5d49-d832-4a04-8d1f-29e9cf21918f{ip: 10.1.0.105, host: fv-az96-669.m4cgkdvplvgupd014rd20bgx3d.gx.internal.cloudapp.net, ports: [REPLICATION=40487, RATIS=38067, RATIS_ADMIN=38067, RATIS_SERVER=38067, STANDALONE=38275], networkLocation: /default-rack, certSerialId: null, persistedOpState: IN_SERVICE, persistedOpStateExpiryEpochSec: 0}, 440b8e2f-1f04-4f01-a821-43dde6dd996e{ip: 10.1.0.105, host: fv-az96-669.m4cgkdvplvgupd014rd20bgx3d.gx.internal.cloudapp.net, ports: [REPLICATION=33745, RATIS=43463, RATIS_ADMIN=43463, RATIS_SERVER=43463, STANDALONE=38569], networkLocation: /default-rack, certSerialId: null, persistedOpState: DECOMMISSIONING, persistedOpStateExpiryEpochSec: 0}, 7f7d2c84-d408-4e5a-9ef4-f1a050e9b97b{ip: 10.1.0.105, host: fv-az96-669.m4cgkdvplvgupd014rd20bgx3d.gx.internal.cloudapp.net, ports: [REPLICATION=38073, RATIS=42375, RATIS_ADMIN=42375, RATIS_SERVER=42375, STANDALONE=41563], networkLocation: /default-rack, certSerialId: null, persistedOpState: IN_SERVICE, persistedOpStateExpiryEpochSec: 0}]
2022-08-24 08:26:35,221 [ContainerReplicationThread-1] INFO  replication.DownloadAndImportReplicator (DownloadAndImportReplicator.java:replicate(105)) - Starting replication of container 3 from [440b8e2f-1f04-4f01-a821-43dde6dd996e{ip: 10.1.0.105, host: fv-az96-669.m4cgkdvplvgupd014rd20bgx3d.gx.internal.cloudapp.net, ports: [REPLICATION=33745, RATIS=43463, RATIS_ADMIN=43463, RATIS_SERVER=43463, STANDALONE=38569], networkLocation: /default-rack, certSerialId: null, persistedOpState: DECOMMISSIONING, persistedOpStateExpiryEpochSec: 0}, 9ebd5d49-d832-4a04-8d1f-29e9cf21918f{ip: 10.1.0.105, host: fv-az96-669.m4cgkdvplvgupd014rd20bgx3d.gx.internal.cloudapp.net, ports: [REPLICATION=40487, RATIS=38067, RATIS_ADMIN=38067, RATIS_SERVER=38067, STANDALONE=38275], networkLocation: /default-rack, certSerialId: null, persistedOpState: IN_SERVICE, persistedOpStateExpiryEpochSec: 0}, 7f7d2c84-d408-4e5a-9ef4-f1a050e9b97b{ip: 10.1.0.105, host: fv-az96-669.m4cgkdvplvgupd014rd20bgx3d.gx.internal.cloudapp.net, ports: [REPLICATION=38073, RATIS=42375, RATIS_ADMIN=42375, RATIS_SERVER=42375, STANDALONE=41563], networkLocation: /default-rack, certSerialId: null, persistedOpState: IN_SERVICE, persistedOpStateExpiryEpochSec: 0}]
2022-08-24 08:26:35,236 [grpc-default-executor-0] INFO  replication.GrpcReplicationService (GrpcReplicationService.java:download(52)) - Streaming container data (2) to other datanode
2022-08-24 08:26:35,242 [grpc-default-executor-2] INFO  replication.GrpcReplicationService (GrpcReplicationService.java:download(52)) - Streaming container data (3) to other datanode
2022-08-24 08:26:35,278 [grpc-default-executor-2] INFO  replication.GrpcOutputStream (GrpcOutputStream.java:close(104)) - Sent 10371 bytes for container 3
2022-08-24 08:26:35,279 [grpc-default-executor-3] INFO  replication.GrpcReplicationClient (GrpcReplicationClient.java:onCompleted(197)) - Container 3 is downloaded to /home/runner/work/ozone/ozone/hadoop-ozone/integration-test/target/test-dir/MiniOzoneClusterImpl-1336b647-fddb-4972-9c96-ba48238d1115/datanode-1/data/replication/work/container-3.tar.gz
2022-08-24 08:26:35,280 [ContainerReplicationThread-1] INFO  replication.DownloadAndImportReplicator (DownloadAndImportReplicator.java:replicate(117)) - Container 3 is downloaded with size 10371, starting to import.
2022-08-24 08:26:35,287 [Command processor thread] INFO  server.RaftServer (RaftServerProxy.java:addNew(96)) - c136c940-8cdb-469d-8a4b-133170912109: addNew group-AC74F23461D9:[c136c940-8cdb-469d-8a4b-133170912109|rpc:10.1.0.105:36895|priority:1] returns group-AC74F23461D9:java.util.concurrent.CompletableFuture@6f6d208b[Not completed]
2022-08-24 08:26:35,288 [pool-368-thread-1] INFO  server.RaftServer$Division (RaftServerImpl.java:<init>(190)) - c136c940-8cdb-469d-8a4b-133170912109: new RaftServerImpl for group-AC74F23461D9:[c136c940-8cdb-469d-8a4b-133170912109|rpc:10.1.0.105:36895|priority:1] with ContainerStateMachine:uninitialized
2022-08-24 08:26:35,288 [pool-368-thread-1] INFO  server.RaftServerConfigKeys (ConfUtils.java:logGet(46)) - raft.server.rpc.timeout.min = 5s (custom)
2022-08-24 08:26:35,288 [pool-368-thread-1] INFO  server.RaftServerConfigKeys (ConfUtils.java:logGet(46)) - raft.server.rpc.timeout.max = 5200ms (custom)
2022-08-24 08:26:35,288 [pool-368-thread-1] INFO  server.RaftServerConfigKeys (ConfUtils.java:logGet(46)) - raft.server.rpc.sleep.time = 25ms (default)
2022-08-24 08:26:35,288 [pool-368-thread-1] INFO  server.RaftServerConfigKeys (ConfUtils.java:logGet(46)) - raft.server.rpc.slowness.timeout = 300s (custom)
2022-08-24 08:26:35,288 [pool-368-thread-1] INFO  server.RaftServerConfigKeys (ConfUtils.java:logGet(46)) - raft.server.leaderelection.leader.step-down.wait-time = 10s (default)
2022-08-24 08:26:35,288 [pool-368-thread-1] INFO  server.RaftServerConfigKeys (ConfUtils.java:logGet(46)) - raft.server.sleep.deviation.threshold = 300ms (default)
2022-08-24 08:26:35,288 [pool-368-thread-1] INFO  server.RaftServer$Division (ServerState.java:<init>(107)) - c136c940-8cdb-469d-8a4b-133170912109@group-AC74F23461D9: ConfigurationManager, init=-1: [c136c940-8cdb-469d-8a4b-133170912109|rpc:10.1.0.105:36895|priority:1], old=null, confs=<EMPTY_MAP>
2022-08-24 08:26:35,288 [pool-368-thread-1] INFO  server.RaftServerConfigKeys (ConfUtils.java:logGet(46)) - raft.server.storage.dir = [/home/runner/work/ozone/ozone/hadoop-ozone/integration-test/target/test-dir/MiniOzoneClusterImpl-ef79d86f-cf98-4831-ba1c-bc14f6a33205/datanode-1/data/ratis] (custom)
2022-08-24 08:26:35,288 [pool-368-thread-1] INFO  server.RaftServerConfigKeys (ConfUtils.java:logGet(46)) - raft.server.log.corruption.policy = EXCEPTION (default)
2022-08-24 08:26:35,289 [pool-368-thread-1] INFO  server.RaftServerConfigKeys (ConfUtils.java:logGet(46)) - raft.server.storage.free-space.min = 0MB (=0) (default)
2022-08-24 08:26:35,289 [pool-368-thread-1] INFO  storage.RaftStorageDirectory (RaftStorageDirectoryImpl.java:analyzeStorage(135)) - The storage directory /home/runner/work/ozone/ozone/hadoop-ozone/integration-test/target/test-dir/MiniOzoneClusterImpl-ef79d86f-cf98-4831-ba1c-bc14f6a33205/datanode-1/data/ratis/10973164-594d-49fc-adb6-ac74f23461d9 does not exist. Creating ...
2022-08-24 08:26:35,290 [pool-368-thread-1] INFO  storage.RaftStorageDirectory (RaftStorageDirectoryImpl.java:tryLock(230)) - Lock on /home/runner/work/ozone/ozone/hadoop-ozone/integration-test/target/test-dir/MiniOzoneClusterImpl-ef79d86f-cf98-4831-ba1c-bc14f6a33205/datanode-1/data/ratis/10973164-594d-49fc-adb6-ac74f23461d9/in_use.lock acquired by nodename 20331@fv-az96-669
2022-08-24 08:26:35,296 [pool-368-thread-1] INFO  storage.RaftStorage (RaftStorageImpl.java:format(89)) - Storage directory /home/runner/work/ozone/ozone/hadoop-ozone/integration-test/target/test-dir/MiniOzoneClusterImpl-ef79d86f-cf98-4831-ba1c-bc14f6a33205/datanode-1/data/ratis/10973164-594d-49fc-adb6-ac74f23461d9 has been successfully formatted.
2022-08-24 08:26:35,296 [pool-368-thread-1] INFO  ratis.ContainerStateMachine (ContainerStateMachine.java:loadSnapshot(236)) - group-AC74F23461D9: The snapshot info is null. Setting the last applied indexto:(t:0, i:~)
2022-08-24 08:26:35,297 [pool-368-thread-1] INFO  server.RaftServerConfigKeys (ConfUtils.java:logGet(46)) - raft.server.notification.no-leader.timeout = 300s (custom)
2022-08-24 08:26:35,297 [pool-368-thread-1] INFO  server.RaftServerConfigKeys (ConfUtils.java:logGet(46)) - raft.server.log.use.memory = false (default)
2022-08-24 08:26:35,297 [pool-368-thread-1] INFO  server.RaftServerConfigKeys (ConfUtils.java:logGet(46)) - raft.server.log.purge.gap = 1000000 (custom)
2022-08-24 08:26:35,297 [pool-368-thread-1] INFO  server.RaftServerConfigKeys (ConfUtils.java:logGet(46)) - raft.server.log.appender.buffer.byte-limit = 33554432 (custom)
2022-08-24 08:26:35,297 [pool-368-thread-1] INFO  server.RaftServerConfigKeys (ConfUtils.java:logGet(46)) - raft.server.log.statemachine.data.read.timeout = 1000ms (default)
2022-08-24 08:26:35,297 [pool-368-thread-1] INFO  server.RaftServerConfigKeys (ConfUtils.java:logGet(46)) - raft.server.log.segment.size.max = 1048576 (custom)
2022-08-24 08:26:35,297 [pool-368-thread-1] INFO  server.RaftServerConfigKeys (ConfUtils.java:logGet(46)) - raft.server.log.segment.cache.num.max = 2 (custom)
2022-08-24 08:26:35,297 [pool-368-thread-1] INFO  server.RaftServerConfigKeys (ConfUtils.java:logGet(46)) - raft.server.log.segment.cache.size.max = 200MB (=209715200) (default)
2022-08-24 08:26:35,298 [pool-368-thread-1] INFO  segmented.SegmentedRaftLogWorker (SegmentedRaftLogWorker.java:<init>(187)) - new c136c940-8cdb-469d-8a4b-133170912109@group-AC74F23461D9-SegmentedRaftLogWorker for RaftStorageImpl:Storage Directory /home/runner/work/ozone/ozone/hadoop-ozone/integration-test/target/test-dir/MiniOzoneClusterImpl-ef79d86f-cf98-4831-ba1c-bc14f6a33205/datanode-1/data/ratis/10973164-594d-49fc-adb6-ac74f23461d9
2022-08-24 08:26:35,298 [pool-368-thread-1] INFO  server.RaftServerConfigKeys (ConfUtils.java:logGet(46)) - raft.server.log.queue.byte-limit = 4294967296 (custom)
2022-08-24 08:26:35,298 [pool-368-thread-1] INFO  server.RaftServerConfigKeys (ConfUtils.java:logGet(46)) - raft.server.log.queue.element-limit = 1024 (custom)
2022-08-24 08:26:35,298 [pool-368-thread-1] INFO  server.RaftServerConfigKeys (ConfUtils.java:logGet(46)) - raft.server.log.segment.size.max = 1048576 (custom)
2022-08-24 08:26:35,298 [pool-368-thread-1] INFO  server.RaftServerConfigKeys (ConfUtils.java:logGet(46)) - raft.server.log.preallocated.size = 16384 (custom)
2022-08-24 08:26:35,298 [pool-368-thread-1] INFO  server.RaftServerConfigKeys (ConfUtils.java:logGet(46)) - raft.server.log.force.sync.num = 128 (default)
2022-08-24 08:26:35,298 [pool-368-thread-1] INFO  server.RaftServerConfigKeys (ConfUtils.java:logGet(46)) - raft.server.log.statemachine.data.sync = true (default)
2022-08-24 08:26:35,298 [pool-368-thread-1] INFO  server.RaftServerConfigKeys (ConfUtils.java:logGet(46)) - raft.server.log.statemachine.data.sync.timeout = 10s (default)
2022-08-24 08:26:35,298 [pool-368-thread-1] INFO  server.RaftServerConfigKeys (ConfUtils.java:logGet(46)) - raft.server.log.statemachine.data.sync.timeout.retry = -1 (default)
2022-08-24 08:26:35,300 [EventQueue-PipelineReportForPipelineReportHandler] INFO  pipeline.PipelineManagerImpl (PipelineManagerImpl.java:openPipeline(367)) - Pipeline Pipeline[ Id: 10973164-594d-49fc-adb6-ac74f23461d9, Nodes: c136c940-8cdb-469d-8a4b-133170912109{ip: 10.1.0.105, host: fv-az96-669.m4cgkdvplvgupd014rd20bgx3d.gx.internal.cloudapp.net, ports: [REPLICATION=45681, RATIS=36895, RATIS_ADMIN=36895, RATIS_SERVER=36895, STANDALONE=41233], networkLocation: /default-rack, certSerialId: null, persistedOpState: IN_SERVICE, persistedOpStateExpiryEpochSec: 0}, ReplicationConfig: RATIS/ONE, State:ALLOCATED, leaderId:c136c940-8cdb-469d-8a4b-133170912109, CreationTimestamp2022-08-24T08:26:32.289Z[Etc/UTC]] moved to OPEN state
2022-08-24 08:26:35,304 [pool-368-thread-1] INFO  server.RaftServerConfigKeys (ConfUtils.java:logGet(46)) - raft.server.log.write.buffer.size = 1048576 (custom)
2022-08-24 08:26:35,305 [pool-368-thread-1] INFO  server.RaftServerConfigKeys (ConfUtils.java:logGet(46)) - raft.server.log.unsafe-flush.enabled = false (default)
2022-08-24 08:26:35,305 [pool-368-thread-1] INFO  server.RaftServerConfigKeys (ConfUtils.java:logGet(46)) - raft.server.log.statemachine.data.caching.enabled = true (custom)
2022-08-24 08:26:35,305 [pool-368-thread-1] INFO  segmented.SegmentedRaftLogWorker (SegmentedRaftLogWorker.java:lambda$new$0(135)) - c136c940-8cdb-469d-8a4b-133170912109@group-AC74F23461D9-SegmentedRaftLogWorker: flushIndex: setUnconditionally 0 -> -1
2022-08-24 08:26:35,305 [pool-368-thread-1] INFO  segmented.SegmentedRaftLogWorker (SegmentedRaftLogWorker.java:lambda$new$0(135)) - c136c940-8cdb-469d-8a4b-133170912109@group-AC74F23461D9-SegmentedRaftLogWorker: safeCacheEvictIndex: setUnconditionally 0 -> -1
2022-08-24 08:26:35,310 [pool-368-thread-1] INFO  server.RaftServerConfigKeys (ConfUtils.java:logGet(46)) - raft.server.snapshot.auto.trigger.enabled = true (custom)
2022-08-24 08:26:35,310 [pool-368-thread-1] INFO  server.RaftServerConfigKeys (ConfUtils.java:logGet(46)) - raft.server.snapshot.auto.trigger.threshold = 10000 (custom)
2022-08-24 08:26:35,310 [pool-368-thread-1] INFO  server.RaftServerConfigKeys (ConfUtils.java:logGet(46)) - raft.server.snapshot.retention.file.num = 5 (custom)
2022-08-24 08:26:35,310 [pool-368-thread-1] INFO  server.RaftServerConfigKeys (ConfUtils.java:logGet(46)) - raft.server.log.purge.upto.snapshot.index = false (default)
2022-08-24 08:26:35,310 [pool-368-thread-1] INFO  server.RaftServerConfigKeys (ConfUtils.java:logGet(46)) - raft.server.retrycache.expirytime = 600000ms (custom)
2022-08-24 08:26:35,310 [pool-368-thread-1] INFO  server.RaftServerConfigKeys (ConfUtils.java:logGet(46)) - raft.server.retrycache.statistics.expirytime = 100μs (default)
2022-08-24 08:26:35,312 [pool-368-thread-1] INFO  server.RaftServerConfigKeys (ConfUtils.java:logGet(46)) - raft.server.log.appender.install.snapshot.enabled = false (custom)
2022-08-24 08:26:35,312 [pool-368-thread-1] INFO  server.RaftServerConfigKeys (ConfUtils.java:logGet(46)) - raft.server.threadpool.server.cached = true (default)
2022-08-24 08:26:35,312 [pool-368-thread-1] INFO  server.RaftServerConfigKeys (ConfUtils.java:logGet(46)) - raft.server.threadpool.server.size = 0 (default)
2022-08-24 08:26:35,312 [pool-368-thread-1] INFO  server.RaftServerConfigKeys (ConfUtils.java:logGet(46)) - raft.server.threadpool.client.cached = true (default)
2022-08-24 08:26:35,312 [pool-368-thread-1] INFO  server.RaftServerConfigKeys (ConfUtils.java:logGet(46)) - raft.server.threadpool.client.size = 0 (default)
2022-08-24 08:26:35,312 [pool-368-thread-1] INFO  server.RaftServer$Division (RaftServerImpl.java:start(310)) - c136c940-8cdb-469d-8a4b-133170912109@group-AC74F23461D9: start as a follower, conf=-1: [c136c940-8cdb-469d-8a4b-133170912109|rpc:10.1.0.105:36895|priority:1], old=null
2022-08-24 08:26:35,312 [pool-368-thread-1] INFO  server.RaftServer$Division (RaftServerImpl.java:setRole(299)) - c136c940-8cdb-469d-8a4b-133170912109@group-AC74F23461D9: changes role from      null to FOLLOWER at term 0 for startAsFollower
2022-08-24 08:26:35,312 [pool-368-thread-1] INFO  impl.RoleInfo (RoleInfo.java:updateAndGet(139)) - c136c940-8cdb-469d-8a4b-133170912109: start c136c940-8cdb-469d-8a4b-133170912109@group-AC74F23461D9-FollowerState
2022-08-24 08:26:35,312 [pool-368-thread-1] INFO  util.JmxRegister (JmxRegister.java:tryRegister(44)) - Successfully registered JMX Bean with object name Ratis:service=RaftServer,group=group-AC74F23461D9,id=c136c940-8cdb-469d-8a4b-133170912109
2022-08-24 08:26:35,315 [Command processor thread] INFO  ratis.XceiverServerRatis (XceiverServerRatis.java:addGroup(765)) - Created group PipelineID=10973164-594d-49fc-adb6-ac74f23461d9
2022-08-24 08:26:35,315 [Command processor thread] INFO  commandhandler.CreatePipelineCommandHandler (CreatePipelineCommandHandler.java:handle(113)) - Created Pipeline RATIS ONE PipelineID=10973164-594d-49fc-adb6-ac74f23461d9.
2022-08-24 08:26:35,303 [grpc-default-executor-0] INFO  replication.GrpcOutputStream (GrpcOutputStream.java:close(104)) - Sent 10519 bytes for container 2
2022-08-24 08:26:35,323 [EventQueue-OpenPipelineForHealthyPipelineSafeModeRule] INFO  safemode.SCMSafeModeManager (HealthyPipelineSafeModeRule.java:process(137)) - SCM in safe mode. Healthy pipelines reported count is 0, required healthy pipeline reported count is 1
2022-08-24 08:26:35,324 [grpc-default-executor-0] INFO  replication.GrpcReplicationClient (GrpcReplicationClient.java:onCompleted(197)) - Container 2 is downloaded to /home/runner/work/ozone/ozone/hadoop-ozone/integration-test/target/test-dir/MiniOzoneClusterImpl-1336b647-fddb-4972-9c96-ba48238d1115/datanode-1/data/replication/work/container-2.tar.gz
2022-08-24 08:26:35,331 [ContainerReplicationThread-0] INFO  replication.DownloadAndImportReplicator (DownloadAndImportReplicator.java:replicate(117)) - Container 2 is downloaded with size 10519, starting to import.
2022-08-24 08:26:35,342 [ContainerReplicationThread-1] INFO  replication.DownloadAndImportReplicator (DownloadAndImportReplicator.java:replicate(122)) - Container 3 is replicated successfully
2022-08-24 08:26:35,342 [ContainerReplicationThread-1] INFO  replication.ReplicationSupervisor (ReplicationSupervisor.java:run(176)) - Container 3 is replicated.
2022-08-24 08:26:35,360 [ContainerReplicationThread-0] INFO  replication.DownloadAndImportReplicator (DownloadAndImportReplicator.java:replicate(122)) - Container 2 is replicated successfully
2022-08-24 08:26:35,361 [ContainerReplicationThread-0] INFO  replication.ReplicationSupervisor (ReplicationSupervisor.java:run(176)) - Container 2 is replicated.
2022-08-24 08:26:35,658 [EventQueue-OpenPipelineForHealthyPipelineSafeModeRule] INFO  safemode.SCMSafeModeManager (HealthyPipelineSafeModeRule.java:process(137)) - SCM in safe mode. Healthy pipelines reported count is 0, required healthy pipeline reported count is 1
2022-08-24 08:26:35,704 [ReplicationMonitor] INFO  replication.ReplicationManager (ReplicationManager.java:processAll(255)) - Replication Manager is not ready to run until 3000ms after safemode exit
2022-08-24 08:26:35,734 [ContainerReplicationThread-0] INFO  replication.DownloadAndImportReplicator (DownloadAndImportReplicator.java:replicate(105)) - Starting replication of container 1 from [440b8e2f-1f04-4f01-a821-43dde6dd996e{ip: 10.1.0.105, host: fv-az96-669.m4cgkdvplvgupd014rd20bgx3d.gx.internal.cloudapp.net, ports: [REPLICATION=33745, RATIS=43463, RATIS_ADMIN=43463, RATIS_SERVER=43463, STANDALONE=38569], networkLocation: /default-rack, certSerialId: null, persistedOpState: DECOMMISSIONING, persistedOpStateExpiryEpochSec: 0}, 7f7d2c84-d408-4e5a-9ef4-f1a050e9b97b{ip: 10.1.0.105, host: fv-az96-669.m4cgkdvplvgupd014rd20bgx3d.gx.internal.cloudapp.net, ports: [REPLICATION=38073, RATIS=42375, RATIS_ADMIN=42375, RATIS_SERVER=42375, STANDALONE=41563], networkLocation: /default-rack, certSerialId: null, persistedOpState: IN_SERVICE, persistedOpStateExpiryEpochSec: 0}, 9ebd5d49-d832-4a04-8d1f-29e9cf21918f{ip: 10.1.0.105, host: fv-az96-669.m4cgkdvplvgupd014rd20bgx3d.gx.internal.cloudapp.net, ports: [REPLICATION=40487, RATIS=38067, RATIS_ADMIN=38067, RATIS_SERVER=38067, STANDALONE=38275], networkLocation: /default-rack, certSerialId: null, persistedOpState: IN_SERVICE, persistedOpStateExpiryEpochSec: 0}]
2022-08-24 08:26:35,741 [grpc-default-executor-0] INFO  replication.GrpcReplicationService (GrpcReplicationService.java:download(52)) - Streaming container data (1) to other datanode
2022-08-24 08:26:35,749 [grpc-default-executor-0] INFO  replication.GrpcOutputStream (GrpcOutputStream.java:close(104)) - Sent 10584 bytes for container 1
2022-08-24 08:26:35,750 [grpc-default-executor-2] INFO  replication.GrpcReplicationClient (GrpcReplicationClient.java:onCompleted(197)) - Container 1 is downloaded to /home/runner/work/ozone/ozone/hadoop-ozone/integration-test/target/test-dir/MiniOzoneClusterImpl-1336b647-fddb-4972-9c96-ba48238d1115/datanode-0/data/replication/work/container-1.tar.gz
2022-08-24 08:26:35,753 [ContainerReplicationThread-0] INFO  replication.DownloadAndImportReplicator (DownloadAndImportReplicator.java:replicate(117)) - Container 1 is downloaded with size 10584, starting to import.
2022-08-24 08:26:35,761 [Listener at 127.0.0.1/39171] INFO  ozone.MiniOzoneClusterImpl (MiniOzoneClusterImpl.java:lambda$waitForClusterToBeReady$0(216)) - Nodes are ready. Got 6 of 6 DN Heartbeats.
2022-08-24 08:26:35,761 [Listener at 127.0.0.1/39171] INFO  ozone.MiniOzoneClusterImpl (MiniOzoneClusterImpl.java:lambda$waitForClusterToBeReady$0(219)) - Waiting for cluster to exit safe mode
2022-08-24 08:26:35,761 [Listener at 127.0.0.1/39171] INFO  ozone.MiniOzoneClusterImpl (MiniOzoneClusterImpl.java:lambda$waitForClusterToBeReady$0(221)) - SCM became leader
2022-08-24 08:26:35,774 [ContainerReplicationThread-0] INFO  replication.DownloadAndImportReplicator (DownloadAndImportReplicator.java:replicate(122)) - Container 1 is replicated successfully
2022-08-24 08:26:35,774 [ContainerReplicationThread-0] INFO  replication.ReplicationSupervisor (ReplicationSupervisor.java:run(176)) - Container 1 is replicated.
2022-08-24 08:26:35,818 [Command processor thread] INFO  server.RaftServer (RaftServerProxy.java:addNew(96)) - 3503030e-0d5c-47ed-9f19-bc5debe5118a: addNew group-716948BEADA3:[3503030e-0d5c-47ed-9f19-bc5debe5118a|rpc:10.1.0.105:36043|priority:1] returns group-716948BEADA3:java.util.concurrent.CompletableFuture@5cac5d6e[Not completed]
2022-08-24 08:26:35,819 [pool-400-thread-1] INFO  server.RaftServer$Division (RaftServerImpl.java:<init>(190)) - 3503030e-0d5c-47ed-9f19-bc5debe5118a: new RaftServerImpl for group-716948BEADA3:[3503030e-0d5c-47ed-9f19-bc5debe5118a|rpc:10.1.0.105:36043|priority:1] with ContainerStateMachine:uninitialized
2022-08-24 08:26:35,819 [pool-400-thread-1] INFO  server.RaftServerConfigKeys (ConfUtils.java:logGet(46)) - raft.server.rpc.timeout.min = 5s (custom)
2022-08-24 08:26:35,819 [pool-400-thread-1] INFO  server.RaftServerConfigKeys (ConfUtils.java:logGet(46)) - raft.server.rpc.timeout.max = 5200ms (custom)
2022-08-24 08:26:35,819 [pool-400-thread-1] INFO  server.RaftServerConfigKeys (ConfUtils.java:logGet(46)) - raft.server.rpc.sleep.time = 25ms (default)
2022-08-24 08:26:35,819 [pool-400-thread-1] INFO  server.RaftServerConfigKeys (ConfUtils.java:logGet(46)) - raft.server.rpc.slowness.timeout = 300s (custom)
2022-08-24 08:26:35,819 [pool-400-thread-1] INFO  server.RaftServerConfigKeys (ConfUtils.java:logGet(46)) - raft.server.leaderelection.leader.step-down.wait-time = 10s (default)
2022-08-24 08:26:35,819 [pool-400-thread-1] INFO  server.RaftServerConfigKeys (ConfUtils.java:logGet(46)) - raft.server.sleep.deviation.threshold = 300ms (default)
2022-08-24 08:26:35,819 [pool-400-thread-1] INFO  server.RaftServer$Division (ServerState.java:<init>(107)) - 3503030e-0d5c-47ed-9f19-bc5debe5118a@group-716948BEADA3: ConfigurationManager, init=-1: [3503030e-0d5c-47ed-9f19-bc5debe5118a|rpc:10.1.0.105:36043|priority:1], old=null, confs=<EMPTY_MAP>
2022-08-24 08:26:35,819 [pool-400-thread-1] INFO  server.RaftServerConfigKeys (ConfUtils.java:logGet(46)) - raft.server.storage.dir = [/home/runner/work/ozone/ozone/hadoop-ozone/integration-test/target/test-dir/MiniOzoneClusterImpl-ef79d86f-cf98-4831-ba1c-bc14f6a33205/datanode-2/data/ratis] (custom)
2022-08-24 08:26:35,819 [pool-400-thread-1] INFO  server.RaftServerConfigKeys (ConfUtils.java:logGet(46)) - raft.server.log.corruption.policy = EXCEPTION (default)
2022-08-24 08:26:35,819 [pool-400-thread-1] INFO  server.RaftServerConfigKeys (ConfUtils.java:logGet(46)) - raft.server.storage.free-space.min = 0MB (=0) (default)
2022-08-24 08:26:35,820 [pool-400-thread-1] INFO  storage.RaftStorageDirectory (RaftStorageDirectoryImpl.java:analyzeStorage(135)) - The storage directory /home/runner/work/ozone/ozone/hadoop-ozone/integration-test/target/test-dir/MiniOzoneClusterImpl-ef79d86f-cf98-4831-ba1c-bc14f6a33205/datanode-2/data/ratis/1a03b8c9-7a7e-4baa-9ad0-716948beada3 does not exist. Creating ...
2022-08-24 08:26:35,820 [pool-400-thread-1] INFO  storage.RaftStorageDirectory (RaftStorageDirectoryImpl.java:tryLock(230)) - Lock on /home/runner/work/ozone/ozone/hadoop-ozone/integration-test/target/test-dir/MiniOzoneClusterImpl-ef79d86f-cf98-4831-ba1c-bc14f6a33205/datanode-2/data/ratis/1a03b8c9-7a7e-4baa-9ad0-716948beada3/in_use.lock acquired by nodename 20331@fv-az96-669
2022-08-24 08:26:35,821 [pool-400-thread-1] INFO  storage.RaftStorage (RaftStorageImpl.java:format(89)) - Storage directory /home/runner/work/ozone/ozone/hadoop-ozone/integration-test/target/test-dir/MiniOzoneClusterImpl-ef79d86f-cf98-4831-ba1c-bc14f6a33205/datanode-2/data/ratis/1a03b8c9-7a7e-4baa-9ad0-716948beada3 has been successfully formatted.
2022-08-24 08:26:35,821 [pool-400-thread-1] INFO  ratis.ContainerStateMachine (ContainerStateMachine.java:loadSnapshot(236)) - group-716948BEADA3: The snapshot info is null. Setting the last applied indexto:(t:0, i:~)
2022-08-24 08:26:35,822 [pool-400-thread-1] INFO  server.RaftServerConfigKeys (ConfUtils.java:logGet(46)) - raft.server.notification.no-leader.timeout = 300s (custom)
2022-08-24 08:26:35,822 [pool-400-thread-1] INFO  server.RaftServerConfigKeys (ConfUtils.java:logGet(46)) - raft.server.log.use.memory = false (default)
2022-08-24 08:26:35,822 [pool-400-thread-1] INFO  server.RaftServerConfigKeys (ConfUtils.java:logGet(46)) - raft.server.log.purge.gap = 1000000 (custom)
2022-08-24 08:26:35,822 [EventQueue-PipelineReportForPipelineReportHandler] INFO  pipeline.PipelineManagerImpl (PipelineManagerImpl.java:openPipeline(367)) - Pipeline Pipeline[ Id: 1a03b8c9-7a7e-4baa-9ad0-716948beada3, Nodes: 3503030e-0d5c-47ed-9f19-bc5debe5118a{ip: 10.1.0.105, host: fv-az96-669.m4cgkdvplvgupd014rd20bgx3d.gx.internal.cloudapp.net, ports: [REPLICATION=36925, RATIS=36043, RATIS_ADMIN=36043, RATIS_SERVER=36043, STANDALONE=39393], networkLocation: /default-rack, certSerialId: null, persistedOpState: IN_SERVICE, persistedOpStateExpiryEpochSec: 0}, ReplicationConfig: RATIS/ONE, State:ALLOCATED, leaderId:3503030e-0d5c-47ed-9f19-bc5debe5118a, CreationTimestamp2022-08-24T08:26:32.820Z[Etc/UTC]] moved to OPEN state
2022-08-24 08:26:35,823 [EventQueue-OpenPipelineForHealthyPipelineSafeModeRule] INFO  safemode.SCMSafeModeManager (HealthyPipelineSafeModeRule.java:process(137)) - SCM in safe mode. Healthy pipelines reported count is 0, required healthy pipeline reported count is 1
2022-08-24 08:26:35,824 [pool-400-thread-1] INFO  server.RaftServerConfigKeys (ConfUtils.java:logGet(46)) - raft.server.log.appender.buffer.byte-limit = 33554432 (custom)
2022-08-24 08:26:35,824 [pool-400-thread-1] INFO  server.RaftServerConfigKeys (ConfUtils.java:logGet(46)) - raft.server.log.statemachine.data.read.timeout = 1000ms (default)
2022-08-24 08:26:35,824 [pool-400-thread-1] INFO  server.RaftServerConfigKeys (ConfUtils.java:logGet(46)) - raft.server.log.segment.size.max = 1048576 (custom)
2022-08-24 08:26:35,824 [pool-400-thread-1] INFO  server.RaftServerConfigKeys (ConfUtils.java:logGet(46)) - raft.server.log.segment.cache.num.max = 2 (custom)
2022-08-24 08:26:35,824 [pool-400-thread-1] INFO  server.RaftServerConfigKeys (ConfUtils.java:logGet(46)) - raft.server.log.segment.cache.size.max = 200MB (=209715200) (default)
2022-08-24 08:26:35,824 [pool-400-thread-1] INFO  segmented.SegmentedRaftLogWorker (SegmentedRaftLogWorker.java:<init>(187)) - new 3503030e-0d5c-47ed-9f19-bc5debe5118a@group-716948BEADA3-SegmentedRaftLogWorker for RaftStorageImpl:Storage Directory /home/runner/work/ozone/ozone/hadoop-ozone/integration-test/target/test-dir/MiniOzoneClusterImpl-ef79d86f-cf98-4831-ba1c-bc14f6a33205/datanode-2/data/ratis/1a03b8c9-7a7e-4baa-9ad0-716948beada3
2022-08-24 08:26:35,824 [pool-400-thread-1] INFO  server.RaftServerConfigKeys (ConfUtils.java:logGet(46)) - raft.server.log.queue.byte-limit = 4294967296 (custom)
2022-08-24 08:26:35,825 [pool-400-thread-1] INFO  server.RaftServerConfigKeys (ConfUtils.java:logGet(46)) - raft.server.log.queue.element-limit = 1024 (custom)
2022-08-24 08:26:35,825 [pool-400-thread-1] INFO  server.RaftServerConfigKeys (ConfUtils.java:logGet(46)) - raft.server.log.segment.size.max = 1048576 (custom)
2022-08-24 08:26:35,825 [pool-400-thread-1] INFO  server.RaftServerConfigKeys (ConfUtils.java:logGet(46)) - raft.server.log.preallocated.size = 16384 (custom)
2022-08-24 08:26:35,825 [pool-400-thread-1] INFO  server.RaftServerConfigKeys (ConfUtils.java:logGet(46)) - raft.server.log.force.sync.num = 128 (default)
2022-08-24 08:26:35,825 [pool-400-thread-1] INFO  server.RaftServerConfigKeys (ConfUtils.java:logGet(46)) - raft.server.log.statemachine.data.sync = true (default)
2022-08-24 08:26:35,825 [pool-400-thread-1] INFO  server.RaftServerConfigKeys (ConfUtils.java:logGet(46)) - raft.server.log.statemachine.data.sync.timeout = 10s (default)
2022-08-24 08:26:35,825 [pool-400-thread-1] INFO  server.RaftServerConfigKeys (ConfUtils.java:logGet(46)) - raft.server.log.statemachine.data.sync.timeout.retry = -1 (default)
2022-08-24 08:26:35,826 [pool-400-thread-1] INFO  server.RaftServerConfigKeys (ConfUtils.java:logGet(46)) - raft.server.log.write.buffer.size = 1048576 (custom)
2022-08-24 08:26:35,826 [pool-400-thread-1] INFO  server.RaftServerConfigKeys (ConfUtils.java:logGet(46)) - raft.server.log.unsafe-flush.enabled = false (default)
2022-08-24 08:26:35,826 [pool-400-thread-1] INFO  server.RaftServerConfigKeys (ConfUtils.java:logGet(46)) - raft.server.log.statemachine.data.caching.enabled = true (custom)
2022-08-24 08:26:35,826 [pool-400-thread-1] INFO  segmented.SegmentedRaftLogWorker (SegmentedRaftLogWorker.java:lambda$new$0(135)) - 3503030e-0d5c-47ed-9f19-bc5debe5118a@group-716948BEADA3-SegmentedRaftLogWorker: flushIndex: setUnconditionally 0 -> -1
2022-08-24 08:26:35,826 [pool-400-thread-1] INFO  segmented.SegmentedRaftLogWorker (SegmentedRaftLogWorker.java:lambda$new$0(135)) - 3503030e-0d5c-47ed-9f19-bc5debe5118a@group-716948BEADA3-SegmentedRaftLogWorker: safeCacheEvictIndex: setUnconditionally 0 -> -1
2022-08-24 08:26:35,827 [pool-400-thread-1] INFO  server.RaftServerConfigKeys (ConfUtils.java:logGet(46)) - raft.server.snapshot.auto.trigger.enabled = true (custom)
2022-08-24 08:26:35,827 [pool-400-thread-1] INFO  server.RaftServerConfigKeys (ConfUtils.java:logGet(46)) - raft.server.snapshot.auto.trigger.threshold = 10000 (custom)
2022-08-24 08:26:35,827 [pool-400-thread-1] INFO  server.RaftServerConfigKeys (ConfUtils.java:logGet(46)) - raft.server.snapshot.retention.file.num = 5 (custom)
2022-08-24 08:26:35,827 [pool-400-thread-1] INFO  server.RaftServerConfigKeys (ConfUtils.java:logGet(46)) - raft.server.log.purge.upto.snapshot.index = false (default)
2022-08-24 08:26:35,827 [pool-400-thread-1] INFO  server.RaftServerConfigKeys (ConfUtils.java:logGet(46)) - raft.server.retrycache.expirytime = 600000ms (custom)
2022-08-24 08:26:35,827 [pool-400-thread-1] INFO  server.RaftServerConfigKeys (ConfUtils.java:logGet(46)) - raft.server.retrycache.statistics.expirytime = 100μs (default)
2022-08-24 08:26:35,828 [pool-400-thread-1] INFO  server.RaftServerConfigKeys (ConfUtils.java:logGet(46)) - raft.server.log.appender.install.snapshot.enabled = false (custom)
2022-08-24 08:26:35,828 [pool-400-thread-1] INFO  server.RaftServerConfigKeys (ConfUtils.java:logGet(46)) - raft.server.threadpool.server.cached = true (default)
2022-08-24 08:26:35,828 [pool-400-thread-1] INFO  server.RaftServerConfigKeys (ConfUtils.java:logGet(46)) - raft.server.threadpool.server.size = 0 (default)
2022-08-24 08:26:35,828 [pool-400-thread-1] INFO  server.RaftServerConfigKeys (ConfUtils.java:logGet(46)) - raft.server.threadpool.client.cached = true (default)
2022-08-24 08:26:35,828 [pool-400-thread-1] INFO  server.RaftServerConfigKeys (ConfUtils.java:logGet(46)) - raft.server.threadpool.client.size = 0 (default)
2022-08-24 08:26:35,828 [pool-400-thread-1] INFO  server.RaftServer$Division (RaftServerImpl.java:start(310)) - 3503030e-0d5c-47ed-9f19-bc5debe5118a@group-716948BEADA3: start as a follower, conf=-1: [3503030e-0d5c-47ed-9f19-bc5debe5118a|rpc:10.1.0.105:36043|priority:1], old=null
2022-08-24 08:26:35,828 [pool-400-thread-1] INFO  server.RaftServer$Division (RaftServerImpl.java:setRole(299)) - 3503030e-0d5c-47ed-9f19-bc5debe5118a@group-716948BEADA3: changes role from      null to FOLLOWER at term 0 for startAsFollower
2022-08-24 08:26:35,828 [pool-400-thread-1] INFO  impl.RoleInfo (RoleInfo.java:updateAndGet(139)) - 3503030e-0d5c-47ed-9f19-bc5debe5118a: start 3503030e-0d5c-47ed-9f19-bc5debe5118a@group-716948BEADA3-FollowerState
2022-08-24 08:26:35,837 [pool-400-thread-1] INFO  util.JmxRegister (JmxRegister.java:tryRegister(44)) - Successfully registered JMX Bean with object name Ratis:service=RaftServer,group=group-716948BEADA3,id=3503030e-0d5c-47ed-9f19-bc5debe5118a
2022-08-24 08:26:35,837 [Command processor thread] INFO  ratis.XceiverServerRatis (XceiverServerRatis.java:addGroup(765)) - Created group PipelineID=1a03b8c9-7a7e-4baa-9ad0-716948beada3
2022-08-24 08:26:35,837 [Command processor thread] INFO  commandhandler.CreatePipelineCommandHandler (CreatePipelineCommandHandler.java:handle(113)) - Created Pipeline RATIS ONE PipelineID=1a03b8c9-7a7e-4baa-9ad0-716948beada3.
2022-08-24 08:26:36,157 [Command processor thread] INFO  server.RaftServer (RaftServerProxy.java:addNew(96)) - 70662cbb-713a-42dd-806f-fd02fc40d4c3: addNew group-949BF1940864:[70662cbb-713a-42dd-806f-fd02fc40d4c3|rpc:10.1.0.105:35509|priority:1] returns group-949BF1940864:java.util.concurrent.CompletableFuture@63e5fe63[Not completed]
2022-08-24 08:26:36,159 [pool-425-thread-1] INFO  server.RaftServer$Division (RaftServerImpl.java:<init>(190)) - 70662cbb-713a-42dd-806f-fd02fc40d4c3: new RaftServerImpl for group-949BF1940864:[70662cbb-713a-42dd-806f-fd02fc40d4c3|rpc:10.1.0.105:35509|priority:1] with ContainerStateMachine:uninitialized
2022-08-24 08:26:36,159 [pool-425-thread-1] INFO  server.RaftServerConfigKeys (ConfUtils.java:logGet(46)) - raft.server.rpc.timeout.min = 5s (custom)
2022-08-24 08:26:36,159 [pool-425-thread-1] INFO  server.RaftServerConfigKeys (ConfUtils.java:logGet(46)) - raft.server.rpc.timeout.max = 5200ms (custom)
2022-08-24 08:26:36,159 [pool-425-thread-1] INFO  server.RaftServerConfigKeys (ConfUtils.java:logGet(46)) - raft.server.rpc.sleep.time = 25ms (default)
2022-08-24 08:26:36,159 [pool-425-thread-1] INFO  server.RaftServerConfigKeys (ConfUtils.java:logGet(46)) - raft.server.rpc.slowness.timeout = 300s (custom)
2022-08-24 08:26:36,159 [pool-425-thread-1] INFO  server.RaftServerConfigKeys (ConfUtils.java:logGet(46)) - raft.server.leaderelection.leader.step-down.wait-time = 10s (default)
2022-08-24 08:26:36,159 [pool-425-thread-1] INFO  server.RaftServerConfigKeys (ConfUtils.java:logGet(46)) - raft.server.sleep.deviation.threshold = 300ms (default)
2022-08-24 08:26:36,159 [pool-425-thread-1] INFO  server.RaftServer$Division (ServerState.java:<init>(107)) - 70662cbb-713a-42dd-806f-fd02fc40d4c3@group-949BF1940864: ConfigurationManager, init=-1: [70662cbb-713a-42dd-806f-fd02fc40d4c3|rpc:10.1.0.105:35509|priority:1], old=null, confs=<EMPTY_MAP>
2022-08-24 08:26:36,159 [pool-425-thread-1] INFO  server.RaftServerConfigKeys (ConfUtils.java:logGet(46)) - raft.server.storage.dir = [/home/runner/work/ozone/ozone/hadoop-ozone/integration-test/target/test-dir/MiniOzoneClusterImpl-ef79d86f-cf98-4831-ba1c-bc14f6a33205/datanode-3/data/ratis] (custom)
2022-08-24 08:26:36,160 [pool-425-thread-1] INFO  server.RaftServerConfigKeys (ConfUtils.java:logGet(46)) - raft.server.log.corruption.policy = EXCEPTION (default)
2022-08-24 08:26:36,160 [pool-425-thread-1] INFO  server.RaftServerConfigKeys (ConfUtils.java:logGet(46)) - raft.server.storage.free-space.min = 0MB (=0) (default)
2022-08-24 08:26:36,160 [pool-425-thread-1] INFO  storage.RaftStorageDirectory (RaftStorageDirectoryImpl.java:analyzeStorage(135)) - The storage directory /home/runner/work/ozone/ozone/hadoop-ozone/integration-test/target/test-dir/MiniOzoneClusterImpl-ef79d86f-cf98-4831-ba1c-bc14f6a33205/datanode-3/data/ratis/db7ed95a-de12-42d2-97be-949bf1940864 does not exist. Creating ...
2022-08-24 08:26:36,161 [pool-425-thread-1] INFO  storage.RaftStorageDirectory (RaftStorageDirectoryImpl.java:tryLock(230)) - Lock on /home/runner/work/ozone/ozone/hadoop-ozone/integration-test/target/test-dir/MiniOzoneClusterImpl-ef79d86f-cf98-4831-ba1c-bc14f6a33205/datanode-3/data/ratis/db7ed95a-de12-42d2-97be-949bf1940864/in_use.lock acquired by nodename 20331@fv-az96-669
2022-08-24 08:26:36,161 [pool-425-thread-1] INFO  storage.RaftStorage (RaftStorageImpl.java:format(89)) - Storage directory /home/runner/work/ozone/ozone/hadoop-ozone/integration-test/target/test-dir/MiniOzoneClusterImpl-ef79d86f-cf98-4831-ba1c-bc14f6a33205/datanode-3/data/ratis/db7ed95a-de12-42d2-97be-949bf1940864 has been successfully formatted.
2022-08-24 08:26:36,162 [pool-425-thread-1] INFO  ratis.ContainerStateMachine (ContainerStateMachine.java:loadSnapshot(236)) - group-949BF1940864: The snapshot info is null. Setting the last applied indexto:(t:0, i:~)
2022-08-24 08:26:36,162 [pool-425-thread-1] INFO  server.RaftServerConfigKeys (ConfUtils.java:logGet(46)) - raft.server.notification.no-leader.timeout = 300s (custom)
2022-08-24 08:26:36,163 [EventQueue-PipelineReportForPipelineReportHandler] INFO  pipeline.PipelineManagerImpl (PipelineManagerImpl.java:openPipeline(367)) - Pipeline Pipeline[ Id: db7ed95a-de12-42d2-97be-949bf1940864, Nodes: 70662cbb-713a-42dd-806f-fd02fc40d4c3{ip: 10.1.0.105, host: fv-az96-669.m4cgkdvplvgupd014rd20bgx3d.gx.internal.cloudapp.net, ports: [REPLICATION=38977, RATIS=35509, RATIS_ADMIN=35509, RATIS_SERVER=35509, STANDALONE=32979], networkLocation: /default-rack, certSerialId: null, persistedOpState: IN_SERVICE, persistedOpStateExpiryEpochSec: 0}, ReplicationConfig: RATIS/ONE, State:ALLOCATED, leaderId:70662cbb-713a-42dd-806f-fd02fc40d4c3, CreationTimestamp2022-08-24T08:26:33.158Z[Etc/UTC]] moved to OPEN state
2022-08-24 08:26:36,163 [pool-425-thread-1] INFO  server.RaftServerConfigKeys (ConfUtils.java:logGet(46)) - raft.server.log.use.memory = false (default)
2022-08-24 08:26:36,163 [pool-425-thread-1] INFO  server.RaftServerConfigKeys (ConfUtils.java:logGet(46)) - raft.server.log.purge.gap = 1000000 (custom)
2022-08-24 08:26:36,164 [pool-425-thread-1] INFO  server.RaftServerConfigKeys (ConfUtils.java:logGet(46)) - raft.server.log.appender.buffer.byte-limit = 33554432 (custom)
2022-08-24 08:26:36,164 [pool-425-thread-1] INFO  server.RaftServerConfigKeys (ConfUtils.java:logGet(46)) - raft.server.log.statemachine.data.read.timeout = 1000ms (default)
2022-08-24 08:26:36,164 [EventQueue-OpenPipelineForHealthyPipelineSafeModeRule] INFO  safemode.SCMSafeModeManager (HealthyPipelineSafeModeRule.java:process(137)) - SCM in safe mode. Healthy pipelines reported count is 0, required healthy pipeline reported count is 1
2022-08-24 08:26:36,164 [pool-425-thread-1] INFO  server.RaftServerConfigKeys (ConfUtils.java:logGet(46)) - raft.server.log.segment.size.max = 1048576 (custom)
2022-08-24 08:26:36,166 [pool-425-thread-1] INFO  server.RaftServerConfigKeys (ConfUtils.java:logGet(46)) - raft.server.log.segment.cache.num.max = 2 (custom)
2022-08-24 08:26:36,166 [pool-425-thread-1] INFO  server.RaftServerConfigKeys (ConfUtils.java:logGet(46)) - raft.server.log.segment.cache.size.max = 200MB (=209715200) (default)
2022-08-24 08:26:36,166 [pool-425-thread-1] INFO  segmented.SegmentedRaftLogWorker (SegmentedRaftLogWorker.java:<init>(187)) - new 70662cbb-713a-42dd-806f-fd02fc40d4c3@group-949BF1940864-SegmentedRaftLogWorker for RaftStorageImpl:Storage Directory /home/runner/work/ozone/ozone/hadoop-ozone/integration-test/target/test-dir/MiniOzoneClusterImpl-ef79d86f-cf98-4831-ba1c-bc14f6a33205/datanode-3/data/ratis/db7ed95a-de12-42d2-97be-949bf1940864
2022-08-24 08:26:36,166 [pool-425-thread-1] INFO  server.RaftServerConfigKeys (ConfUtils.java:logGet(46)) - raft.server.log.queue.byte-limit = 4294967296 (custom)
2022-08-24 08:26:36,166 [pool-425-thread-1] INFO  server.RaftServerConfigKeys (ConfUtils.java:logGet(46)) - raft.server.log.queue.element-limit = 1024 (custom)
2022-08-24 08:26:36,166 [pool-425-thread-1] INFO  server.RaftServerConfigKeys (ConfUtils.java:logGet(46)) - raft.server.log.segment.size.max = 1048576 (custom)
2022-08-24 08:26:36,166 [pool-425-thread-1] INFO  server.RaftServerConfigKeys (ConfUtils.java:logGet(46)) - raft.server.log.preallocated.size = 16384 (custom)
2022-08-24 08:26:36,166 [pool-425-thread-1] INFO  server.RaftServerConfigKeys (ConfUtils.java:logGet(46)) - raft.server.log.force.sync.num = 128 (default)
2022-08-24 08:26:36,166 [pool-425-thread-1] INFO  server.RaftServerConfigKeys (ConfUtils.java:logGet(46)) - raft.server.log.statemachine.data.sync = true (default)
2022-08-24 08:26:36,166 [pool-425-thread-1] INFO  server.RaftServerConfigKeys (ConfUtils.java:logGet(46)) - raft.server.log.statemachine.data.sync.timeout = 10s (default)
2022-08-24 08:26:36,166 [pool-425-thread-1] INFO  server.RaftServerConfigKeys (ConfUtils.java:logGet(46)) - raft.server.log.statemachine.data.sync.timeout.retry = -1 (default)
2022-08-24 08:26:36,168 [pool-425-thread-1] INFO  server.RaftServerConfigKeys (ConfUtils.java:logGet(46)) - raft.server.log.write.buffer.size = 1048576 (custom)
2022-08-24 08:26:36,168 [pool-425-thread-1] INFO  server.RaftServerConfigKeys (ConfUtils.java:logGet(46)) - raft.server.log.unsafe-flush.enabled = false (default)
2022-08-24 08:26:36,168 [pool-425-thread-1] INFO  server.RaftServerConfigKeys (ConfUtils.java:logGet(46)) - raft.server.log.statemachine.data.caching.enabled = true (custom)
2022-08-24 08:26:36,168 [pool-425-thread-1] INFO  segmented.SegmentedRaftLogWorker (SegmentedRaftLogWorker.java:lambda$new$0(135)) - 70662cbb-713a-42dd-806f-fd02fc40d4c3@group-949BF1940864-SegmentedRaftLogWorker: flushIndex: setUnconditionally 0 -> -1
2022-08-24 08:26:36,168 [pool-425-thread-1] INFO  segmented.SegmentedRaftLogWorker (SegmentedRaftLogWorker.java:lambda$new$0(135)) - 70662cbb-713a-42dd-806f-fd02fc40d4c3@group-949BF1940864-SegmentedRaftLogWorker: safeCacheEvictIndex: setUnconditionally 0 -> -1
2022-08-24 08:26:36,169 [pool-425-thread-1] INFO  server.RaftServerConfigKeys (ConfUtils.java:logGet(46)) - raft.server.snapshot.auto.trigger.enabled = true (custom)
2022-08-24 08:26:36,169 [pool-425-thread-1] INFO  server.RaftServerConfigKeys (ConfUtils.java:logGet(46)) - raft.server.snapshot.auto.trigger.threshold = 10000 (custom)
2022-08-24 08:26:36,169 [pool-425-thread-1] INFO  server.RaftServerConfigKeys (ConfUtils.java:logGet(46)) - raft.server.snapshot.retention.file.num = 5 (custom)
2022-08-24 08:26:36,169 [pool-425-thread-1] INFO  server.RaftServerConfigKeys (ConfUtils.java:logGet(46)) - raft.server.log.purge.upto.snapshot.index = false (default)
2022-08-24 08:26:36,169 [pool-425-thread-1] INFO  server.RaftServerConfigKeys (ConfUtils.java:logGet(46)) - raft.server.retrycache.expirytime = 600000ms (custom)
2022-08-24 08:26:36,169 [pool-425-thread-1] INFO  server.RaftServerConfigKeys (ConfUtils.java:logGet(46)) - raft.server.retrycache.statistics.expirytime = 100μs (default)
2022-08-24 08:26:36,170 [pool-425-thread-1] INFO  server.RaftServerConfigKeys (ConfUtils.java:logGet(46)) - raft.server.log.appender.install.snapshot.enabled = false (custom)
2022-08-24 08:26:36,170 [pool-425-thread-1] INFO  server.RaftServerConfigKeys (ConfUtils.java:logGet(46)) - raft.server.threadpool.server.cached = true (default)
2022-08-24 08:26:36,170 [pool-425-thread-1] INFO  server.RaftServerConfigKeys (ConfUtils.java:logGet(46)) - raft.server.threadpool.server.size = 0 (default)
2022-08-24 08:26:36,170 [pool-425-thread-1] INFO  server.RaftServerConfigKeys (ConfUtils.java:logGet(46)) - raft.server.threadpool.client.cached = true (default)
2022-08-24 08:26:36,170 [pool-425-thread-1] INFO  server.RaftServerConfigKeys (ConfUtils.java:logGet(46)) - raft.server.threadpool.client.size = 0 (default)
2022-08-24 08:26:36,170 [pool-425-thread-1] INFO  server.RaftServer$Division (RaftServerImpl.java:start(310)) - 70662cbb-713a-42dd-806f-fd02fc40d4c3@group-949BF1940864: start as a follower, conf=-1: [70662cbb-713a-42dd-806f-fd02fc40d4c3|rpc:10.1.0.105:35509|priority:1], old=null
2022-08-24 08:26:36,170 [pool-425-thread-1] INFO  server.RaftServer$Division (RaftServerImpl.java:setRole(299)) - 70662cbb-713a-42dd-806f-fd02fc40d4c3@group-949BF1940864: changes role from      null to FOLLOWER at term 0 for startAsFollower
2022-08-24 08:26:36,170 [pool-425-thread-1] INFO  impl.RoleInfo (RoleInfo.java:updateAndGet(139)) - 70662cbb-713a-42dd-806f-fd02fc40d4c3: start 70662cbb-713a-42dd-806f-fd02fc40d4c3@group-949BF1940864-FollowerState
2022-08-24 08:26:36,170 [pool-425-thread-1] INFO  util.JmxRegister (JmxRegister.java:tryRegister(44)) - Successfully registered JMX Bean with object name Ratis:service=RaftServer,group=group-949BF1940864,id=70662cbb-713a-42dd-806f-fd02fc40d4c3
2022-08-24 08:26:36,174 [Command processor thread] INFO  ratis.XceiverServerRatis (XceiverServerRatis.java:addGroup(765)) - Created group PipelineID=db7ed95a-de12-42d2-97be-949bf1940864
2022-08-24 08:26:36,174 [Command processor thread] INFO  commandhandler.CreatePipelineCommandHandler (CreatePipelineCommandHandler.java:handle(113)) - Created Pipeline RATIS ONE PipelineID=db7ed95a-de12-42d2-97be-949bf1940864.
2022-08-24 08:26:36,175 [Command processor thread] INFO  server.RaftServer (RaftServerProxy.java:addNew(96)) - 70662cbb-713a-42dd-806f-fd02fc40d4c3: addNew group-2ADE258D0CE4:[70662cbb-713a-42dd-806f-fd02fc40d4c3|rpc:10.1.0.105:35509|priority:1, 29766b75-87c1-45cf-9e15-7604919a1259|rpc:10.1.0.105:41003|priority:0, e21bab81-453e-4fc5-885c-2c6423e21b52|rpc:10.1.0.105:45113|priority:0] returns group-2ADE258D0CE4:java.util.concurrent.CompletableFuture@67da66c7[Not completed]
2022-08-24 08:26:36,175 [pool-425-thread-1] INFO  server.RaftServer$Division (RaftServerImpl.java:<init>(190)) - 70662cbb-713a-42dd-806f-fd02fc40d4c3: new RaftServerImpl for group-2ADE258D0CE4:[70662cbb-713a-42dd-806f-fd02fc40d4c3|rpc:10.1.0.105:35509|priority:1, 29766b75-87c1-45cf-9e15-7604919a1259|rpc:10.1.0.105:41003|priority:0, e21bab81-453e-4fc5-885c-2c6423e21b52|rpc:10.1.0.105:45113|priority:0] with ContainerStateMachine:uninitialized
2022-08-24 08:26:36,175 [pool-425-thread-1] INFO  server.RaftServerConfigKeys (ConfUtils.java:logGet(46)) - raft.server.rpc.timeout.min = 5s (custom)
2022-08-24 08:26:36,175 [pool-425-thread-1] INFO  server.RaftServerConfigKeys (ConfUtils.java:logGet(46)) - raft.server.rpc.timeout.max = 5200ms (custom)
2022-08-24 08:26:36,175 [pool-425-thread-1] INFO  server.RaftServerConfigKeys (ConfUtils.java:logGet(46)) - raft.server.rpc.sleep.time = 25ms (default)
2022-08-24 08:26:36,175 [pool-425-thread-1] INFO  server.RaftServerConfigKeys (ConfUtils.java:logGet(46)) - raft.server.rpc.slowness.timeout = 300s (custom)
2022-08-24 08:26:36,175 [pool-425-thread-1] INFO  server.RaftServerConfigKeys (ConfUtils.java:logGet(46)) - raft.server.leaderelection.leader.step-down.wait-time = 10s (default)
2022-08-24 08:26:36,175 [pool-425-thread-1] INFO  server.RaftServerConfigKeys (ConfUtils.java:logGet(46)) - raft.server.sleep.deviation.threshold = 300ms (default)
2022-08-24 08:26:36,175 [pool-425-thread-1] INFO  server.RaftServer$Division (ServerState.java:<init>(107)) - 70662cbb-713a-42dd-806f-fd02fc40d4c3@group-2ADE258D0CE4: ConfigurationManager, init=-1: [70662cbb-713a-42dd-806f-fd02fc40d4c3|rpc:10.1.0.105:35509|priority:1, 29766b75-87c1-45cf-9e15-7604919a1259|rpc:10.1.0.105:41003|priority:0, e21bab81-453e-4fc5-885c-2c6423e21b52|rpc:10.1.0.105:45113|priority:0], old=null, confs=<EMPTY_MAP>
2022-08-24 08:26:36,176 [pool-425-thread-1] INFO  server.RaftServerConfigKeys (ConfUtils.java:logGet(46)) - raft.server.storage.dir = [/home/runner/work/ozone/ozone/hadoop-ozone/integration-test/target/test-dir/MiniOzoneClusterImpl-ef79d86f-cf98-4831-ba1c-bc14f6a33205/datanode-3/data/ratis] (custom)
2022-08-24 08:26:36,176 [pool-425-thread-1] INFO  server.RaftServerConfigKeys (ConfUtils.java:logGet(46)) - raft.server.log.corruption.policy = EXCEPTION (default)
2022-08-24 08:26:36,176 [pool-425-thread-1] INFO  server.RaftServerConfigKeys (ConfUtils.java:logGet(46)) - raft.server.storage.free-space.min = 0MB (=0) (default)
2022-08-24 08:26:36,176 [pool-425-thread-1] INFO  storage.RaftStorageDirectory (RaftStorageDirectoryImpl.java:analyzeStorage(135)) - The storage directory /home/runner/work/ozone/ozone/hadoop-ozone/integration-test/target/test-dir/MiniOzoneClusterImpl-ef79d86f-cf98-4831-ba1c-bc14f6a33205/datanode-3/data/ratis/79056bef-c7e9-4613-975a-2ade258d0ce4 does not exist. Creating ...
2022-08-24 08:26:36,177 [pool-425-thread-1] INFO  storage.RaftStorageDirectory (RaftStorageDirectoryImpl.java:tryLock(230)) - Lock on /home/runner/work/ozone/ozone/hadoop-ozone/integration-test/target/test-dir/MiniOzoneClusterImpl-ef79d86f-cf98-4831-ba1c-bc14f6a33205/datanode-3/data/ratis/79056bef-c7e9-4613-975a-2ade258d0ce4/in_use.lock acquired by nodename 20331@fv-az96-669
2022-08-24 08:26:36,178 [pool-425-thread-1] INFO  storage.RaftStorage (RaftStorageImpl.java:format(89)) - Storage directory /home/runner/work/ozone/ozone/hadoop-ozone/integration-test/target/test-dir/MiniOzoneClusterImpl-ef79d86f-cf98-4831-ba1c-bc14f6a33205/datanode-3/data/ratis/79056bef-c7e9-4613-975a-2ade258d0ce4 has been successfully formatted.
2022-08-24 08:26:36,179 [pool-425-thread-1] INFO  ratis.ContainerStateMachine (ContainerStateMachine.java:loadSnapshot(236)) - group-2ADE258D0CE4: The snapshot info is null. Setting the last applied indexto:(t:0, i:~)
2022-08-24 08:26:36,179 [pool-425-thread-1] INFO  server.RaftServerConfigKeys (ConfUtils.java:logGet(46)) - raft.server.notification.no-leader.timeout = 300s (custom)
2022-08-24 08:26:36,179 [pool-425-thread-1] INFO  server.RaftServerConfigKeys (ConfUtils.java:logGet(46)) - raft.server.log.use.memory = false (default)
2022-08-24 08:26:36,179 [pool-425-thread-1] INFO  server.RaftServerConfigKeys (ConfUtils.java:logGet(46)) - raft.server.log.purge.gap = 1000000 (custom)
2022-08-24 08:26:36,179 [pool-425-thread-1] INFO  server.RaftServerConfigKeys (ConfUtils.java:logGet(46)) - raft.server.log.appender.buffer.byte-limit = 33554432 (custom)
2022-08-24 08:26:36,179 [pool-425-thread-1] INFO  server.RaftServerConfigKeys (ConfUtils.java:logGet(46)) - raft.server.log.statemachine.data.read.timeout = 1000ms (default)
2022-08-24 08:26:36,179 [pool-425-thread-1] INFO  server.RaftServerConfigKeys (ConfUtils.java:logGet(46)) - raft.server.log.segment.size.max = 1048576 (custom)
2022-08-24 08:26:36,180 [pool-425-thread-1] INFO  server.RaftServerConfigKeys (ConfUtils.java:logGet(46)) - raft.server.log.segment.cache.num.max = 2 (custom)
2022-08-24 08:26:36,180 [pool-425-thread-1] INFO  server.RaftServerConfigKeys (ConfUtils.java:logGet(46)) - raft.server.log.segment.cache.size.max = 200MB (=209715200) (default)
2022-08-24 08:26:36,180 [pool-425-thread-1] INFO  segmented.SegmentedRaftLogWorker (SegmentedRaftLogWorker.java:<init>(187)) - new 70662cbb-713a-42dd-806f-fd02fc40d4c3@group-2ADE258D0CE4-SegmentedRaftLogWorker for RaftStorageImpl:Storage Directory /home/runner/work/ozone/ozone/hadoop-ozone/integration-test/target/test-dir/MiniOzoneClusterImpl-ef79d86f-cf98-4831-ba1c-bc14f6a33205/datanode-3/data/ratis/79056bef-c7e9-4613-975a-2ade258d0ce4
2022-08-24 08:26:36,180 [pool-425-thread-1] INFO  server.RaftServerConfigKeys (ConfUtils.java:logGet(46)) - raft.server.log.queue.byte-limit = 4294967296 (custom)
2022-08-24 08:26:36,180 [pool-425-thread-1] INFO  server.RaftServerConfigKeys (ConfUtils.java:logGet(46)) - raft.server.log.queue.element-limit = 1024 (custom)
2022-08-24 08:26:36,180 [pool-425-thread-1] INFO  server.RaftServerConfigKeys (ConfUtils.java:logGet(46)) - raft.server.log.segment.size.max = 1048576 (custom)
2022-08-24 08:26:36,180 [pool-425-thread-1] INFO  server.RaftServerConfigKeys (ConfUtils.java:logGet(46)) - raft.server.log.preallocated.size = 16384 (custom)
2022-08-24 08:26:36,180 [pool-425-thread-1] INFO  server.RaftServerConfigKeys (ConfUtils.java:logGet(46)) - raft.server.log.force.sync.num = 128 (default)
2022-08-24 08:26:36,180 [pool-425-thread-1] INFO  server.RaftServerConfigKeys (ConfUtils.java:logGet(46)) - raft.server.log.statemachine.data.sync = true (default)
2022-08-24 08:26:36,180 [pool-425-thread-1] INFO  server.RaftServerConfigKeys (ConfUtils.java:logGet(46)) - raft.server.log.statemachine.data.sync.timeout = 10s (default)
2022-08-24 08:26:36,180 [pool-425-thread-1] INFO  server.RaftServerConfigKeys (ConfUtils.java:logGet(46)) - raft.server.log.statemachine.data.sync.timeout.retry = -1 (default)
2022-08-24 08:26:36,180 [DatanodeAdminManager-0] INFO  node.DatanodeAdminMonitorImpl (DatanodeAdminMonitorImpl.java:checkContainersReplicatedOnNode(327)) - 440b8e2f-1f04-4f01-a821-43dde6dd996e{ip: 10.1.0.105, host: fv-az96-669.m4cgkdvplvgupd014rd20bgx3d.gx.internal.cloudapp.net, ports: [REPLICATION=33745, RATIS=43463, RATIS_ADMIN=43463, RATIS_SERVER=43463, STANDALONE=38569], networkLocation: /default-rack, certSerialId: null, persistedOpState: DECOMMISSIONING, persistedOpStateExpiryEpochSec: 0} has 3 sufficientlyReplicated, 0 underReplicated and 0 unhealthy containers
2022-08-24 08:26:36,181 [DatanodeAdminManager-0] INFO  node.DatanodeAdminMonitorImpl (DatanodeAdminMonitorImpl.java:completeDecommission(355)) - Datanode 440b8e2f-1f04-4f01-a821-43dde6dd996e{ip: 10.1.0.105, host: fv-az96-669.m4cgkdvplvgupd014rd20bgx3d.gx.internal.cloudapp.net, ports: [REPLICATION=33745, RATIS=43463, RATIS_ADMIN=43463, RATIS_SERVER=43463, STANDALONE=38569], networkLocation: /default-rack, certSerialId: null, persistedOpState: DECOMMISSIONING, persistedOpStateExpiryEpochSec: 0} has completed the admin workflow. The operational state has been set to DECOMMISSIONED
2022-08-24 08:26:36,181 [pool-425-thread-1] INFO  server.RaftServerConfigKeys (ConfUtils.java:logGet(46)) - raft.server.log.write.buffer.size = 1048576 (custom)
2022-08-24 08:26:36,181 [EventQueue-HealthyReadonlyToHealthyNodeForReadOnlyHealthyToHealthyNodeHandler] INFO  node.ReadOnlyHealthyToHealthyNodeHandler (ReadOnlyHealthyToHealthyNodeHandler.java:onMessage(51)) - Datanode 440b8e2f-1f04-4f01-a821-43dde6dd996e{ip: 10.1.0.105, host: fv-az96-669.m4cgkdvplvgupd014rd20bgx3d.gx.internal.cloudapp.net, ports: [REPLICATION=33745, RATIS=43463, RATIS_ADMIN=43463, RATIS_SERVER=43463, STANDALONE=38569], networkLocation: /default-rack, certSerialId: null, persistedOpState: DECOMMISSIONING, persistedOpStateExpiryEpochSec: 0} moved to HEALTHY state.
2022-08-24 08:26:36,181 [EventQueue-HealthyReadonlyToHealthyNodeForReadOnlyHealthyToHealthyNodeHandler] INFO  pipeline.BackgroundPipelineCreator (BackgroundPipelineCreator.java:notifyEventTriggered(276)) - trigger a one-shot run on RatisPipelineUtilsThread.
2022-08-24 08:26:36,181 [pool-425-thread-1] INFO  server.RaftServerConfigKeys (ConfUtils.java:logGet(46)) - raft.server.log.unsafe-flush.enabled = false (default)
2022-08-24 08:26:36,181 [pool-425-thread-1] INFO  server.RaftServerConfigKeys (ConfUtils.java:logGet(46)) - raft.server.log.statemachine.data.caching.enabled = true (custom)
2022-08-24 08:26:36,182 [pool-425-thread-1] INFO  segmented.SegmentedRaftLogWorker (SegmentedRaftLogWorker.java:lambda$new$0(135)) - 70662cbb-713a-42dd-806f-fd02fc40d4c3@group-2ADE258D0CE4-SegmentedRaftLogWorker: flushIndex: setUnconditionally 0 -> -1
2022-08-24 08:26:36,182 [pool-425-thread-1] INFO  segmented.SegmentedRaftLogWorker (SegmentedRaftLogWorker.java:lambda$new$0(135)) - 70662cbb-713a-42dd-806f-fd02fc40d4c3@group-2ADE258D0CE4-SegmentedRaftLogWorker: safeCacheEvictIndex: setUnconditionally 0 -> -1
2022-08-24 08:26:36,182 [EventQueue-OpenPipelineForHealthyPipelineSafeModeRule] INFO  safemode.SCMSafeModeManager (HealthyPipelineSafeModeRule.java:process(137)) - SCM in safe mode. Healthy pipelines reported count is 0, required healthy pipeline reported count is 1
2022-08-24 08:26:36,183 [pool-425-thread-1] INFO  server.RaftServerConfigKeys (ConfUtils.java:logGet(46)) - raft.server.snapshot.auto.trigger.enabled = true (custom)
2022-08-24 08:26:36,183 [pool-425-thread-1] INFO  server.RaftServerConfigKeys (ConfUtils.java:logGet(46)) - raft.server.snapshot.auto.trigger.threshold = 10000 (custom)
2022-08-24 08:26:36,183 [pool-425-thread-1] INFO  server.RaftServerConfigKeys (ConfUtils.java:logGet(46)) - raft.server.snapshot.retention.file.num = 5 (custom)
2022-08-24 08:26:36,183 [pool-425-thread-1] INFO  server.RaftServerConfigKeys (ConfUtils.java:logGet(46)) - raft.server.log.purge.upto.snapshot.index = false (default)
2022-08-24 08:26:36,183 [pool-425-thread-1] INFO  server.RaftServerConfigKeys (ConfUtils.java:logGet(46)) - raft.server.retrycache.expirytime = 600000ms (custom)
2022-08-24 08:26:36,183 [pool-425-thread-1] INFO  server.RaftServerConfigKeys (ConfUtils.java:logGet(46)) - raft.server.retrycache.statistics.expirytime = 100μs (default)
2022-08-24 08:26:36,185 [pool-425-thread-1] INFO  server.RaftServerConfigKeys (ConfUtils.java:logGet(46)) - raft.server.log.appender.install.snapshot.enabled = false (custom)
2022-08-24 08:26:36,185 [pool-425-thread-1] INFO  server.RaftServerConfigKeys (ConfUtils.java:logGet(46)) - raft.server.threadpool.server.cached = true (default)
2022-08-24 08:26:36,185 [pool-425-thread-1] INFO  server.RaftServerConfigKeys (ConfUtils.java:logGet(46)) - raft.server.threadpool.server.size = 0 (default)
2022-08-24 08:26:36,185 [pool-425-thread-1] INFO  server.RaftServerConfigKeys (ConfUtils.java:logGet(46)) - raft.server.threadpool.client.cached = true (default)
2022-08-24 08:26:36,185 [pool-425-thread-1] INFO  server.RaftServerConfigKeys (ConfUtils.java:logGet(46)) - raft.server.threadpool.client.size = 0 (default)
2022-08-24 08:26:36,185 [pool-425-thread-1] INFO  server.RaftServer$Division (RaftServerImpl.java:start(310)) - 70662cbb-713a-42dd-806f-fd02fc40d4c3@group-2ADE258D0CE4: start as a follower, conf=-1: [70662cbb-713a-42dd-806f-fd02fc40d4c3|rpc:10.1.0.105:35509|priority:1, 29766b75-87c1-45cf-9e15-7604919a1259|rpc:10.1.0.105:41003|priority:0, e21bab81-453e-4fc5-885c-2c6423e21b52|rpc:10.1.0.105:45113|priority:0], old=null
2022-08-24 08:26:36,185 [pool-425-thread-1] INFO  server.RaftServer$Division (RaftServerImpl.java:setRole(299)) - 70662cbb-713a-42dd-806f-fd02fc40d4c3@group-2ADE258D0CE4: changes role from      null to FOLLOWER at term 0 for startAsFollower
2022-08-24 08:26:36,185 [pool-425-thread-1] INFO  impl.RoleInfo (RoleInfo.java:updateAndGet(139)) - 70662cbb-713a-42dd-806f-fd02fc40d4c3: start 70662cbb-713a-42dd-806f-fd02fc40d4c3@group-2ADE258D0CE4-FollowerState
2022-08-24 08:26:36,185 [ReplicationMonitor] INFO  replication.ReplicationManager (ReplicationManager.java:processAll(293)) - Replication Monitor Thread took 1 milliseconds for processing 3 containers.
2022-08-24 08:26:36,186 [pool-425-thread-1] INFO  util.JmxRegister (JmxRegister.java:tryRegister(44)) - Successfully registered JMX Bean with object name Ratis:service=RaftServer,group=group-2ADE258D0CE4,id=70662cbb-713a-42dd-806f-fd02fc40d4c3
2022-08-24 08:26:36,186 [Command processor thread] INFO  ratis.XceiverServerRatis (XceiverServerRatis.java:addGroup(765)) - Created group PipelineID=79056bef-c7e9-4613-975a-2ade258d0ce4
2022-08-24 08:26:36,199 [grpc-default-executor-2] INFO  server.RaftServer (RaftServerProxy.java:addNew(96)) - 29766b75-87c1-45cf-9e15-7604919a1259: addNew group-2ADE258D0CE4:[70662cbb-713a-42dd-806f-fd02fc40d4c3|rpc:10.1.0.105:35509|dataStream:|priority:1, 29766b75-87c1-45cf-9e15-7604919a1259|rpc:10.1.0.105:41003|dataStream:|priority:0, e21bab81-453e-4fc5-885c-2c6423e21b52|rpc:10.1.0.105:45113|dataStream:|priority:0] returns group-2ADE258D0CE4:java.util.concurrent.CompletableFuture@1fe1109b[Not completed]
2022-08-24 08:26:36,200 [pool-471-thread-1] INFO  server.RaftServer$Division (RaftServerImpl.java:<init>(190)) - 29766b75-87c1-45cf-9e15-7604919a1259: new RaftServerImpl for group-2ADE258D0CE4:[70662cbb-713a-42dd-806f-fd02fc40d4c3|rpc:10.1.0.105:35509|dataStream:|priority:1, 29766b75-87c1-45cf-9e15-7604919a1259|rpc:10.1.0.105:41003|dataStream:|priority:0, e21bab81-453e-4fc5-885c-2c6423e21b52|rpc:10.1.0.105:45113|dataStream:|priority:0] with ContainerStateMachine:uninitialized
2022-08-24 08:26:36,200 [pool-471-thread-1] INFO  server.RaftServerConfigKeys (ConfUtils.java:logGet(46)) - raft.server.rpc.timeout.min = 5s (custom)
2022-08-24 08:26:36,200 [pool-471-thread-1] INFO  server.RaftServerConfigKeys (ConfUtils.java:logGet(46)) - raft.server.rpc.timeout.max = 5200ms (custom)
2022-08-24 08:26:36,200 [pool-471-thread-1] INFO  server.RaftServerConfigKeys (ConfUtils.java:logGet(46)) - raft.server.rpc.sleep.time = 25ms (default)
2022-08-24 08:26:36,200 [pool-471-thread-1] INFO  server.RaftServerConfigKeys (ConfUtils.java:logGet(46)) - raft.server.rpc.slowness.timeout = 300s (custom)
2022-08-24 08:26:36,200 [pool-471-thread-1] INFO  server.RaftServerConfigKeys (ConfUtils.java:logGet(46)) - raft.server.leaderelection.leader.step-down.wait-time = 10s (default)
2022-08-24 08:26:36,200 [pool-471-thread-1] INFO  server.RaftServerConfigKeys (ConfUtils.java:logGet(46)) - raft.server.sleep.deviation.threshold = 300ms (default)
2022-08-24 08:26:36,200 [pool-471-thread-1] INFO  server.RaftServer$Division (ServerState.java:<init>(107)) - 29766b75-87c1-45cf-9e15-7604919a1259@group-2ADE258D0CE4: ConfigurationManager, init=-1: [70662cbb-713a-42dd-806f-fd02fc40d4c3|rpc:10.1.0.105:35509|dataStream:|priority:1, 29766b75-87c1-45cf-9e15-7604919a1259|rpc:10.1.0.105:41003|dataStream:|priority:0, e21bab81-453e-4fc5-885c-2c6423e21b52|rpc:10.1.0.105:45113|dataStream:|priority:0], old=null, confs=<EMPTY_MAP>
2022-08-24 08:26:36,200 [pool-471-thread-1] INFO  server.RaftServerConfigKeys (ConfUtils.java:logGet(46)) - raft.server.storage.dir = [/home/runner/work/ozone/ozone/hadoop-ozone/integration-test/target/test-dir/MiniOzoneClusterImpl-ef79d86f-cf98-4831-ba1c-bc14f6a33205/datanode-5/data/ratis] (custom)
2022-08-24 08:26:36,201 [pool-471-thread-1] INFO  server.RaftServerConfigKeys (ConfUtils.java:logGet(46)) - raft.server.log.corruption.policy = EXCEPTION (default)
2022-08-24 08:26:36,201 [pool-471-thread-1] INFO  server.RaftServerConfigKeys (ConfUtils.java:logGet(46)) - raft.server.storage.free-space.min = 0MB (=0) (default)
2022-08-24 08:26:36,201 [pool-471-thread-1] INFO  storage.RaftStorageDirectory (RaftStorageDirectoryImpl.java:analyzeStorage(135)) - The storage directory /home/runner/work/ozone/ozone/hadoop-ozone/integration-test/target/test-dir/MiniOzoneClusterImpl-ef79d86f-cf98-4831-ba1c-bc14f6a33205/datanode-5/data/ratis/79056bef-c7e9-4613-975a-2ade258d0ce4 does not exist. Creating ...
2022-08-24 08:26:36,201 [pool-471-thread-1] INFO  storage.RaftStorageDirectory (RaftStorageDirectoryImpl.java:tryLock(230)) - Lock on /home/runner/work/ozone/ozone/hadoop-ozone/integration-test/target/test-dir/MiniOzoneClusterImpl-ef79d86f-cf98-4831-ba1c-bc14f6a33205/datanode-5/data/ratis/79056bef-c7e9-4613-975a-2ade258d0ce4/in_use.lock acquired by nodename 20331@fv-az96-669
2022-08-24 08:26:36,202 [pool-471-thread-1] INFO  storage.RaftStorage (RaftStorageImpl.java:format(89)) - Storage directory /home/runner/work/ozone/ozone/hadoop-ozone/integration-test/target/test-dir/MiniOzoneClusterImpl-ef79d86f-cf98-4831-ba1c-bc14f6a33205/datanode-5/data/ratis/79056bef-c7e9-4613-975a-2ade258d0ce4 has been successfully formatted.
2022-08-24 08:26:36,204 [pool-471-thread-1] INFO  ratis.ContainerStateMachine (ContainerStateMachine.java:loadSnapshot(236)) - group-2ADE258D0CE4: The snapshot info is null. Setting the last applied indexto:(t:0, i:~)
2022-08-24 08:26:36,204 [pool-471-thread-1] INFO  server.RaftServerConfigKeys (ConfUtils.java:logGet(46)) - raft.server.notification.no-leader.timeout = 300s (custom)
2022-08-24 08:26:36,204 [pool-471-thread-1] INFO  server.RaftServerConfigKeys (ConfUtils.java:logGet(46)) - raft.server.log.use.memory = false (default)
2022-08-24 08:26:36,204 [pool-471-thread-1] INFO  server.RaftServerConfigKeys (ConfUtils.java:logGet(46)) - raft.server.log.purge.gap = 1000000 (custom)
2022-08-24 08:26:36,204 [pool-471-thread-1] INFO  server.RaftServerConfigKeys (ConfUtils.java:logGet(46)) - raft.server.log.appender.buffer.byte-limit = 33554432 (custom)
2022-08-24 08:26:36,204 [pool-471-thread-1] INFO  server.RaftServerConfigKeys (ConfUtils.java:logGet(46)) - raft.server.log.statemachine.data.read.timeout = 1000ms (default)
2022-08-24 08:26:36,204 [pool-471-thread-1] INFO  server.RaftServerConfigKeys (ConfUtils.java:logGet(46)) - raft.server.log.segment.size.max = 1048576 (custom)
2022-08-24 08:26:36,204 [pool-471-thread-1] INFO  server.RaftServerConfigKeys (ConfUtils.java:logGet(46)) - raft.server.log.segment.cache.num.max = 2 (custom)
2022-08-24 08:26:36,204 [pool-471-thread-1] INFO  server.RaftServerConfigKeys (ConfUtils.java:logGet(46)) - raft.server.log.segment.cache.size.max = 200MB (=209715200) (default)
2022-08-24 08:26:36,205 [pool-471-thread-1] INFO  segmented.SegmentedRaftLogWorker (SegmentedRaftLogWorker.java:<init>(187)) - new 29766b75-87c1-45cf-9e15-7604919a1259@group-2ADE258D0CE4-SegmentedRaftLogWorker for RaftStorageImpl:Storage Directory /home/runner/work/ozone/ozone/hadoop-ozone/integration-test/target/test-dir/MiniOzoneClusterImpl-ef79d86f-cf98-4831-ba1c-bc14f6a33205/datanode-5/data/ratis/79056bef-c7e9-4613-975a-2ade258d0ce4
2022-08-24 08:26:36,205 [pool-471-thread-1] INFO  server.RaftServerConfigKeys (ConfUtils.java:logGet(46)) - raft.server.log.queue.byte-limit = 4294967296 (custom)
2022-08-24 08:26:36,205 [pool-471-thread-1] INFO  server.RaftServerConfigKeys (ConfUtils.java:logGet(46)) - raft.server.log.queue.element-limit = 1024 (custom)
2022-08-24 08:26:36,205 [pool-471-thread-1] INFO  server.RaftServerConfigKeys (ConfUtils.java:logGet(46)) - raft.server.log.segment.size.max = 1048576 (custom)
2022-08-24 08:26:36,205 [pool-471-thread-1] INFO  server.RaftServerConfigKeys (ConfUtils.java:logGet(46)) - raft.server.log.preallocated.size = 16384 (custom)
2022-08-24 08:26:36,205 [pool-471-thread-1] INFO  server.RaftServerConfigKeys (ConfUtils.java:logGet(46)) - raft.server.log.force.sync.num = 128 (default)
2022-08-24 08:26:36,205 [pool-471-thread-1] INFO  server.RaftServerConfigKeys (ConfUtils.java:logGet(46)) - raft.server.log.statemachine.data.sync = true (default)
2022-08-24 08:26:36,205 [pool-471-thread-1] INFO  server.RaftServerConfigKeys (ConfUtils.java:logGet(46)) - raft.server.log.statemachine.data.sync.timeout = 10s (default)
2022-08-24 08:26:36,205 [pool-471-thread-1] INFO  server.RaftServerConfigKeys (ConfUtils.java:logGet(46)) - raft.server.log.statemachine.data.sync.timeout.retry = -1 (default)
2022-08-24 08:26:36,206 [pool-471-thread-1] INFO  server.RaftServerConfigKeys (ConfUtils.java:logGet(46)) - raft.server.log.write.buffer.size = 1048576 (custom)
2022-08-24 08:26:36,206 [pool-471-thread-1] INFO  server.RaftServerConfigKeys (ConfUtils.java:logGet(46)) - raft.server.log.unsafe-flush.enabled = false (default)
2022-08-24 08:26:36,206 [pool-471-thread-1] INFO  server.RaftServerConfigKeys (ConfUtils.java:logGet(46)) - raft.server.log.statemachine.data.caching.enabled = true (custom)
2022-08-24 08:26:36,206 [pool-471-thread-1] INFO  segmented.SegmentedRaftLogWorker (SegmentedRaftLogWorker.java:lambda$new$0(135)) - 29766b75-87c1-45cf-9e15-7604919a1259@group-2ADE258D0CE4-SegmentedRaftLogWorker: flushIndex: setUnconditionally 0 -> -1
2022-08-24 08:26:36,206 [pool-471-thread-1] INFO  segmented.SegmentedRaftLogWorker (SegmentedRaftLogWorker.java:lambda$new$0(135)) - 29766b75-87c1-45cf-9e15-7604919a1259@group-2ADE258D0CE4-SegmentedRaftLogWorker: safeCacheEvictIndex: setUnconditionally 0 -> -1
2022-08-24 08:26:36,206 [pool-471-thread-1] INFO  server.RaftServerConfigKeys (ConfUtils.java:logGet(46)) - raft.server.snapshot.auto.trigger.enabled = true (custom)
2022-08-24 08:26:36,206 [pool-471-thread-1] INFO  server.RaftServerConfigKeys (ConfUtils.java:logGet(46)) - raft.server.snapshot.auto.trigger.threshold = 10000 (custom)
2022-08-24 08:26:36,206 [pool-471-thread-1] INFO  server.RaftServerConfigKeys (ConfUtils.java:logGet(46)) - raft.server.snapshot.retention.file.num = 5 (custom)
2022-08-24 08:26:36,206 [pool-471-thread-1] INFO  server.RaftServerConfigKeys (ConfUtils.java:logGet(46)) - raft.server.log.purge.upto.snapshot.index = false (default)
2022-08-24 08:26:36,206 [pool-471-thread-1] INFO  server.RaftServerConfigKeys (ConfUtils.java:logGet(46)) - raft.server.retrycache.expirytime = 600000ms (custom)
2022-08-24 08:26:36,206 [pool-471-thread-1] INFO  server.RaftServerConfigKeys (ConfUtils.java:logGet(46)) - raft.server.retrycache.statistics.expirytime = 100μs (default)
2022-08-24 08:26:36,207 [pool-471-thread-1] INFO  server.RaftServerConfigKeys (ConfUtils.java:logGet(46)) - raft.server.log.appender.install.snapshot.enabled = false (custom)
2022-08-24 08:26:36,207 [pool-471-thread-1] INFO  server.RaftServerConfigKeys (ConfUtils.java:logGet(46)) - raft.server.threadpool.server.cached = true (default)
2022-08-24 08:26:36,208 [pool-471-thread-1] INFO  server.RaftServerConfigKeys (ConfUtils.java:logGet(46)) - raft.server.threadpool.server.size = 0 (default)
2022-08-24 08:26:36,208 [pool-471-thread-1] INFO  server.RaftServerConfigKeys (ConfUtils.java:logGet(46)) - raft.server.threadpool.client.cached = true (default)
2022-08-24 08:26:36,208 [pool-471-thread-1] INFO  server.RaftServerConfigKeys (ConfUtils.java:logGet(46)) - raft.server.threadpool.client.size = 0 (default)
2022-08-24 08:26:36,208 [pool-471-thread-1] INFO  server.RaftServer$Division (RaftServerImpl.java:start(310)) - 29766b75-87c1-45cf-9e15-7604919a1259@group-2ADE258D0CE4: start as a follower, conf=-1: [70662cbb-713a-42dd-806f-fd02fc40d4c3|rpc:10.1.0.105:35509|dataStream:|priority:1, 29766b75-87c1-45cf-9e15-7604919a1259|rpc:10.1.0.105:41003|dataStream:|priority:0, e21bab81-453e-4fc5-885c-2c6423e21b52|rpc:10.1.0.105:45113|dataStream:|priority:0], old=null
2022-08-24 08:26:36,208 [pool-471-thread-1] INFO  server.RaftServer$Division (RaftServerImpl.java:setRole(299)) - 29766b75-87c1-45cf-9e15-7604919a1259@group-2ADE258D0CE4: changes role from      null to FOLLOWER at term 0 for startAsFollower
2022-08-24 08:26:36,208 [pool-471-thread-1] INFO  impl.RoleInfo (RoleInfo.java:updateAndGet(139)) - 29766b75-87c1-45cf-9e15-7604919a1259: start 29766b75-87c1-45cf-9e15-7604919a1259@group-2ADE258D0CE4-FollowerState
2022-08-24 08:26:36,210 [pool-471-thread-1] INFO  util.JmxRegister (JmxRegister.java:tryRegister(44)) - Successfully registered JMX Bean with object name Ratis:service=RaftServer,group=group-2ADE258D0CE4,id=29766b75-87c1-45cf-9e15-7604919a1259
2022-08-24 08:26:36,233 [grpc-default-executor-2] INFO  server.RaftServer (RaftServerProxy.java:addNew(96)) - e21bab81-453e-4fc5-885c-2c6423e21b52: addNew group-2ADE258D0CE4:[70662cbb-713a-42dd-806f-fd02fc40d4c3|rpc:10.1.0.105:35509|dataStream:|priority:1, 29766b75-87c1-45cf-9e15-7604919a1259|rpc:10.1.0.105:41003|dataStream:|priority:0, e21bab81-453e-4fc5-885c-2c6423e21b52|rpc:10.1.0.105:45113|dataStream:|priority:0] returns group-2ADE258D0CE4:java.util.concurrent.CompletableFuture@7ad8283a[Not completed]
2022-08-24 08:26:36,234 [pool-448-thread-1] INFO  server.RaftServer$Division (RaftServerImpl.java:<init>(190)) - e21bab81-453e-4fc5-885c-2c6423e21b52: new RaftServerImpl for group-2ADE258D0CE4:[70662cbb-713a-42dd-806f-fd02fc40d4c3|rpc:10.1.0.105:35509|dataStream:|priority:1, 29766b75-87c1-45cf-9e15-7604919a1259|rpc:10.1.0.105:41003|dataStream:|priority:0, e21bab81-453e-4fc5-885c-2c6423e21b52|rpc:10.1.0.105:45113|dataStream:|priority:0] with ContainerStateMachine:uninitialized
2022-08-24 08:26:36,234 [pool-448-thread-1] INFO  server.RaftServerConfigKeys (ConfUtils.java:logGet(46)) - raft.server.rpc.timeout.min = 5s (custom)
2022-08-24 08:26:36,234 [pool-448-thread-1] INFO  server.RaftServerConfigKeys (ConfUtils.java:logGet(46)) - raft.server.rpc.timeout.max = 5200ms (custom)
2022-08-24 08:26:36,234 [pool-448-thread-1] INFO  server.RaftServerConfigKeys (ConfUtils.java:logGet(46)) - raft.server.rpc.sleep.time = 25ms (default)
2022-08-24 08:26:36,234 [pool-448-thread-1] INFO  server.RaftServerConfigKeys (ConfUtils.java:logGet(46)) - raft.server.rpc.slowness.timeout = 300s (custom)
2022-08-24 08:26:36,234 [pool-448-thread-1] INFO  server.RaftServerConfigKeys (ConfUtils.java:logGet(46)) - raft.server.leaderelection.leader.step-down.wait-time = 10s (default)
2022-08-24 08:26:36,234 [pool-448-thread-1] INFO  server.RaftServerConfigKeys (ConfUtils.java:logGet(46)) - raft.server.sleep.deviation.threshold = 300ms (default)
2022-08-24 08:26:36,234 [pool-448-thread-1] INFO  server.RaftServer$Division (ServerState.java:<init>(107)) - e21bab81-453e-4fc5-885c-2c6423e21b52@group-2ADE258D0CE4: ConfigurationManager, init=-1: [70662cbb-713a-42dd-806f-fd02fc40d4c3|rpc:10.1.0.105:35509|dataStream:|priority:1, 29766b75-87c1-45cf-9e15-7604919a1259|rpc:10.1.0.105:41003|dataStream:|priority:0, e21bab81-453e-4fc5-885c-2c6423e21b52|rpc:10.1.0.105:45113|dataStream:|priority:0], old=null, confs=<EMPTY_MAP>
2022-08-24 08:26:36,234 [pool-448-thread-1] INFO  server.RaftServerConfigKeys (ConfUtils.java:logGet(46)) - raft.server.storage.dir = [/home/runner/work/ozone/ozone/hadoop-ozone/integration-test/target/test-dir/MiniOzoneClusterImpl-ef79d86f-cf98-4831-ba1c-bc14f6a33205/datanode-4/data/ratis] (custom)
2022-08-24 08:26:36,234 [pool-448-thread-1] INFO  server.RaftServerConfigKeys (ConfUtils.java:logGet(46)) - raft.server.log.corruption.policy = EXCEPTION (default)
2022-08-24 08:26:36,234 [pool-448-thread-1] INFO  server.RaftServerConfigKeys (ConfUtils.java:logGet(46)) - raft.server.storage.free-space.min = 0MB (=0) (default)
2022-08-24 08:26:36,234 [pool-448-thread-1] INFO  storage.RaftStorageDirectory (RaftStorageDirectoryImpl.java:analyzeStorage(135)) - The storage directory /home/runner/work/ozone/ozone/hadoop-ozone/integration-test/target/test-dir/MiniOzoneClusterImpl-ef79d86f-cf98-4831-ba1c-bc14f6a33205/datanode-4/data/ratis/79056bef-c7e9-4613-975a-2ade258d0ce4 does not exist. Creating ...
2022-08-24 08:26:36,235 [pool-448-thread-1] INFO  storage.RaftStorageDirectory (RaftStorageDirectoryImpl.java:tryLock(230)) - Lock on /home/runner/work/ozone/ozone/hadoop-ozone/integration-test/target/test-dir/MiniOzoneClusterImpl-ef79d86f-cf98-4831-ba1c-bc14f6a33205/datanode-4/data/ratis/79056bef-c7e9-4613-975a-2ade258d0ce4/in_use.lock acquired by nodename 20331@fv-az96-669
2022-08-24 08:26:36,236 [pool-448-thread-1] INFO  storage.RaftStorage (RaftStorageImpl.java:format(89)) - Storage directory /home/runner/work/ozone/ozone/hadoop-ozone/integration-test/target/test-dir/MiniOzoneClusterImpl-ef79d86f-cf98-4831-ba1c-bc14f6a33205/datanode-4/data/ratis/79056bef-c7e9-4613-975a-2ade258d0ce4 has been successfully formatted.
2022-08-24 08:26:36,239 [pool-448-thread-1] INFO  ratis.ContainerStateMachine (ContainerStateMachine.java:loadSnapshot(236)) - group-2ADE258D0CE4: The snapshot info is null. Setting the last applied indexto:(t:0, i:~)
2022-08-24 08:26:36,239 [pool-448-thread-1] INFO  server.RaftServerConfigKeys (ConfUtils.java:logGet(46)) - raft.server.notification.no-leader.timeout = 300s (custom)
2022-08-24 08:26:36,239 [pool-448-thread-1] INFO  server.RaftServerConfigKeys (ConfUtils.java:logGet(46)) - raft.server.log.use.memory = false (default)
2022-08-24 08:26:36,239 [pool-448-thread-1] INFO  server.RaftServerConfigKeys (ConfUtils.java:logGet(46)) - raft.server.log.purge.gap = 1000000 (custom)
2022-08-24 08:26:36,239 [pool-448-thread-1] INFO  server.RaftServerConfigKeys (ConfUtils.java:logGet(46)) - raft.server.log.appender.buffer.byte-limit = 33554432 (custom)
2022-08-24 08:26:36,240 [pool-448-thread-1] INFO  server.RaftServerConfigKeys (ConfUtils.java:logGet(46)) - raft.server.log.statemachine.data.read.timeout = 1000ms (default)
2022-08-24 08:26:36,240 [pool-448-thread-1] INFO  server.RaftServerConfigKeys (ConfUtils.java:logGet(46)) - raft.server.log.segment.size.max = 1048576 (custom)
2022-08-24 08:26:36,240 [pool-448-thread-1] INFO  server.RaftServerConfigKeys (ConfUtils.java:logGet(46)) - raft.server.log.segment.cache.num.max = 2 (custom)
2022-08-24 08:26:36,240 [pool-448-thread-1] INFO  server.RaftServerConfigKeys (ConfUtils.java:logGet(46)) - raft.server.log.segment.cache.size.max = 200MB (=209715200) (default)
2022-08-24 08:26:36,240 [pool-448-thread-1] INFO  segmented.SegmentedRaftLogWorker (SegmentedRaftLogWorker.java:<init>(187)) - new e21bab81-453e-4fc5-885c-2c6423e21b52@group-2ADE258D0CE4-SegmentedRaftLogWorker for RaftStorageImpl:Storage Directory /home/runner/work/ozone/ozone/hadoop-ozone/integration-test/target/test-dir/MiniOzoneClusterImpl-ef79d86f-cf98-4831-ba1c-bc14f6a33205/datanode-4/data/ratis/79056bef-c7e9-4613-975a-2ade258d0ce4
2022-08-24 08:26:36,240 [pool-448-thread-1] INFO  server.RaftServerConfigKeys (ConfUtils.java:logGet(46)) - raft.server.log.queue.byte-limit = 4294967296 (custom)
2022-08-24 08:26:36,240 [pool-448-thread-1] INFO  server.RaftServerConfigKeys (ConfUtils.java:logGet(46)) - raft.server.log.queue.element-limit = 1024 (custom)
2022-08-24 08:26:36,240 [pool-448-thread-1] INFO  server.RaftServerConfigKeys (ConfUtils.java:logGet(46)) - raft.server.log.segment.size.max = 1048576 (custom)
2022-08-24 08:26:36,240 [pool-448-thread-1] INFO  server.RaftServerConfigKeys (ConfUtils.java:logGet(46)) - raft.server.log.preallocated.size = 16384 (custom)
2022-08-24 08:26:36,240 [pool-448-thread-1] INFO  server.RaftServerConfigKeys (ConfUtils.java:logGet(46)) - raft.server.log.force.sync.num = 128 (default)
2022-08-24 08:26:36,240 [pool-448-thread-1] INFO  server.RaftServerConfigKeys (ConfUtils.java:logGet(46)) - raft.server.log.statemachine.data.sync = true (default)
2022-08-24 08:26:36,240 [pool-448-thread-1] INFO  server.RaftServerConfigKeys (ConfUtils.java:logGet(46)) - raft.server.log.statemachine.data.sync.timeout = 10s (default)
2022-08-24 08:26:36,240 [pool-448-thread-1] INFO  server.RaftServerConfigKeys (ConfUtils.java:logGet(46)) - raft.server.log.statemachine.data.sync.timeout.retry = -1 (default)
2022-08-24 08:26:36,241 [pool-448-thread-1] INFO  server.RaftServerConfigKeys (ConfUtils.java:logGet(46)) - raft.server.log.write.buffer.size = 1048576 (custom)
2022-08-24 08:26:36,242 [pool-448-thread-1] INFO  server.RaftServerConfigKeys (ConfUtils.java:logGet(46)) - raft.server.log.unsafe-flush.enabled = false (default)
2022-08-24 08:26:36,242 [pool-448-thread-1] INFO  server.RaftServerConfigKeys (ConfUtils.java:logGet(46)) - raft.server.log.statemachine.data.caching.enabled = true (custom)
2022-08-24 08:26:36,242 [pool-448-thread-1] INFO  segmented.SegmentedRaftLogWorker (SegmentedRaftLogWorker.java:lambda$new$0(135)) - e21bab81-453e-4fc5-885c-2c6423e21b52@group-2ADE258D0CE4-SegmentedRaftLogWorker: flushIndex: setUnconditionally 0 -> -1
2022-08-24 08:26:36,242 [pool-448-thread-1] INFO  segmented.SegmentedRaftLogWorker (SegmentedRaftLogWorker.java:lambda$new$0(135)) - e21bab81-453e-4fc5-885c-2c6423e21b52@group-2ADE258D0CE4-SegmentedRaftLogWorker: safeCacheEvictIndex: setUnconditionally 0 -> -1
2022-08-24 08:26:36,242 [pool-448-thread-1] INFO  server.RaftServerConfigKeys (ConfUtils.java:logGet(46)) - raft.server.snapshot.auto.trigger.enabled = true (custom)
2022-08-24 08:26:36,242 [pool-448-thread-1] INFO  server.RaftServerConfigKeys (ConfUtils.java:logGet(46)) - raft.server.snapshot.auto.trigger.threshold = 10000 (custom)
2022-08-24 08:26:36,242 [pool-448-thread-1] INFO  server.RaftServerConfigKeys (ConfUtils.java:logGet(46)) - raft.server.snapshot.retention.file.num = 5 (custom)
2022-08-24 08:26:36,242 [pool-448-thread-1] INFO  server.RaftServerConfigKeys (ConfUtils.java:logGet(46)) - raft.server.log.purge.upto.snapshot.index = false (default)
2022-08-24 08:26:36,242 [pool-448-thread-1] INFO  server.RaftServerConfigKeys (ConfUtils.java:logGet(46)) - raft.server.retrycache.expirytime = 600000ms (custom)
2022-08-24 08:26:36,242 [pool-448-thread-1] INFO  server.RaftServerConfigKeys (ConfUtils.java:logGet(46)) - raft.server.retrycache.statistics.expirytime = 100μs (default)
2022-08-24 08:26:36,244 [pool-448-thread-1] INFO  server.RaftServerConfigKeys (ConfUtils.java:logGet(46)) - raft.server.log.appender.install.snapshot.enabled = false (custom)
2022-08-24 08:26:36,244 [pool-448-thread-1] INFO  server.RaftServerConfigKeys (ConfUtils.java:logGet(46)) - raft.server.threadpool.server.cached = true (default)
2022-08-24 08:26:36,244 [pool-448-thread-1] INFO  server.RaftServerConfigKeys (ConfUtils.java:logGet(46)) - raft.server.threadpool.server.size = 0 (default)
2022-08-24 08:26:36,244 [pool-448-thread-1] INFO  server.RaftServerConfigKeys (ConfUtils.java:logGet(46)) - raft.server.threadpool.client.cached = true (default)
2022-08-24 08:26:36,244 [pool-448-thread-1] INFO  server.RaftServerConfigKeys (ConfUtils.java:logGet(46)) - raft.server.threadpool.client.size = 0 (default)
2022-08-24 08:26:36,244 [pool-448-thread-1] INFO  server.RaftServer$Division (RaftServerImpl.java:start(310)) - e21bab81-453e-4fc5-885c-2c6423e21b52@group-2ADE258D0CE4: start as a follower, conf=-1: [70662cbb-713a-42dd-806f-fd02fc40d4c3|rpc:10.1.0.105:35509|dataStream:|priority:1, 29766b75-87c1-45cf-9e15-7604919a1259|rpc:10.1.0.105:41003|dataStream:|priority:0, e21bab81-453e-4fc5-885c-2c6423e21b52|rpc:10.1.0.105:45113|dataStream:|priority:0], old=null
2022-08-24 08:26:36,244 [pool-448-thread-1] INFO  server.RaftServer$Division (RaftServerImpl.java:setRole(299)) - e21bab81-453e-4fc5-885c-2c6423e21b52@group-2ADE258D0CE4: changes role from      null to FOLLOWER at term 0 for startAsFollower
2022-08-24 08:26:36,244 [pool-448-thread-1] INFO  impl.RoleInfo (RoleInfo.java:updateAndGet(139)) - e21bab81-453e-4fc5-885c-2c6423e21b52: start e21bab81-453e-4fc5-885c-2c6423e21b52@group-2ADE258D0CE4-FollowerState
2022-08-24 08:26:36,246 [pool-448-thread-1] INFO  util.JmxRegister (JmxRegister.java:tryRegister(44)) - Successfully registered JMX Bean with object name Ratis:service=RaftServer,group=group-2ADE258D0CE4,id=e21bab81-453e-4fc5-885c-2c6423e21b52
2022-08-24 08:26:36,257 [Command processor thread] INFO  commandhandler.CreatePipelineCommandHandler (CreatePipelineCommandHandler.java:handle(113)) - Created Pipeline RATIS THREE PipelineID=79056bef-c7e9-4613-975a-2ade258d0ce4.
2022-08-24 08:26:36,298 [EventQueue-OpenPipelineForHealthyPipelineSafeModeRule] INFO  safemode.SCMSafeModeManager (HealthyPipelineSafeModeRule.java:process(137)) - SCM in safe mode. Healthy pipelines reported count is 0, required healthy pipeline reported count is 1
2022-08-24 08:26:36,466 [Command processor thread] INFO  server.RaftServer (RaftServerProxy.java:addNew(96)) - e21bab81-453e-4fc5-885c-2c6423e21b52: addNew group-C30E00763E77:[e21bab81-453e-4fc5-885c-2c6423e21b52|rpc:10.1.0.105:45113|priority:1] returns group-C30E00763E77:java.util.concurrent.CompletableFuture@648bd91c[Not completed]
2022-08-24 08:26:36,467 [pool-448-thread-1] INFO  server.RaftServer$Division (RaftServerImpl.java:<init>(190)) - e21bab81-453e-4fc5-885c-2c6423e21b52: new RaftServerImpl for group-C30E00763E77:[e21bab81-453e-4fc5-885c-2c6423e21b52|rpc:10.1.0.105:45113|priority:1] with ContainerStateMachine:uninitialized
2022-08-24 08:26:36,467 [pool-448-thread-1] INFO  server.RaftServerConfigKeys (ConfUtils.java:logGet(46)) - raft.server.rpc.timeout.min = 5s (custom)
2022-08-24 08:26:36,467 [pool-448-thread-1] INFO  server.RaftServerConfigKeys (ConfUtils.java:logGet(46)) - raft.server.rpc.timeout.max = 5200ms (custom)
2022-08-24 08:26:36,467 [pool-448-thread-1] INFO  server.RaftServerConfigKeys (ConfUtils.java:logGet(46)) - raft.server.rpc.sleep.time = 25ms (default)
2022-08-24 08:26:36,467 [pool-448-thread-1] INFO  server.RaftServerConfigKeys (ConfUtils.java:logGet(46)) - raft.server.rpc.slowness.timeout = 300s (custom)
2022-08-24 08:26:36,467 [pool-448-thread-1] INFO  server.RaftServerConfigKeys (ConfUtils.java:logGet(46)) - raft.server.leaderelection.leader.step-down.wait-time = 10s (default)
2022-08-24 08:26:36,467 [pool-448-thread-1] INFO  server.RaftServerConfigKeys (ConfUtils.java:logGet(46)) - raft.server.sleep.deviation.threshold = 300ms (default)
2022-08-24 08:26:36,467 [pool-448-thread-1] INFO  server.RaftServer$Division (ServerState.java:<init>(107)) - e21bab81-453e-4fc5-885c-2c6423e21b52@group-C30E00763E77: ConfigurationManager, init=-1: [e21bab81-453e-4fc5-885c-2c6423e21b52|rpc:10.1.0.105:45113|priority:1], old=null, confs=<EMPTY_MAP>
2022-08-24 08:26:36,467 [pool-448-thread-1] INFO  server.RaftServerConfigKeys (ConfUtils.java:logGet(46)) - raft.server.storage.dir = [/home/runner/work/ozone/ozone/hadoop-ozone/integration-test/target/test-dir/MiniOzoneClusterImpl-ef79d86f-cf98-4831-ba1c-bc14f6a33205/datanode-4/data/ratis] (custom)
2022-08-24 08:26:36,467 [pool-448-thread-1] INFO  server.RaftServerConfigKeys (ConfUtils.java:logGet(46)) - raft.server.log.corruption.policy = EXCEPTION (default)
2022-08-24 08:26:36,467 [pool-448-thread-1] INFO  server.RaftServerConfigKeys (ConfUtils.java:logGet(46)) - raft.server.storage.free-space.min = 0MB (=0) (default)
2022-08-24 08:26:36,467 [pool-448-thread-1] INFO  storage.RaftStorageDirectory (RaftStorageDirectoryImpl.java:analyzeStorage(135)) - The storage directory /home/runner/work/ozone/ozone/hadoop-ozone/integration-test/target/test-dir/MiniOzoneClusterImpl-ef79d86f-cf98-4831-ba1c-bc14f6a33205/datanode-4/data/ratis/acff64a5-44b0-4184-91dc-c30e00763e77 does not exist. Creating ...
2022-08-24 08:26:36,468 [pool-448-thread-1] INFO  storage.RaftStorageDirectory (RaftStorageDirectoryImpl.java:tryLock(230)) - Lock on /home/runner/work/ozone/ozone/hadoop-ozone/integration-test/target/test-dir/MiniOzoneClusterImpl-ef79d86f-cf98-4831-ba1c-bc14f6a33205/datanode-4/data/ratis/acff64a5-44b0-4184-91dc-c30e00763e77/in_use.lock acquired by nodename 20331@fv-az96-669
2022-08-24 08:26:36,469 [pool-448-thread-1] INFO  storage.RaftStorage (RaftStorageImpl.java:format(89)) - Storage directory /home/runner/work/ozone/ozone/hadoop-ozone/integration-test/target/test-dir/MiniOzoneClusterImpl-ef79d86f-cf98-4831-ba1c-bc14f6a33205/datanode-4/data/ratis/acff64a5-44b0-4184-91dc-c30e00763e77 has been successfully formatted.
2022-08-24 08:26:36,469 [pool-448-thread-1] INFO  ratis.ContainerStateMachine (ContainerStateMachine.java:loadSnapshot(236)) - group-C30E00763E77: The snapshot info is null. Setting the last applied indexto:(t:0, i:~)
2022-08-24 08:26:36,469 [pool-448-thread-1] INFO  server.RaftServerConfigKeys (ConfUtils.java:logGet(46)) - raft.server.notification.no-leader.timeout = 300s (custom)
2022-08-24 08:26:36,469 [pool-448-thread-1] INFO  server.RaftServerConfigKeys (ConfUtils.java:logGet(46)) - raft.server.log.use.memory = false (default)
2022-08-24 08:26:36,470 [pool-448-thread-1] INFO  server.RaftServerConfigKeys (ConfUtils.java:logGet(46)) - raft.server.log.purge.gap = 1000000 (custom)
2022-08-24 08:26:36,470 [pool-448-thread-1] INFO  server.RaftServerConfigKeys (ConfUtils.java:logGet(46)) - raft.server.log.appender.buffer.byte-limit = 33554432 (custom)
2022-08-24 08:26:36,470 [pool-448-thread-1] INFO  server.RaftServerConfigKeys (ConfUtils.java:logGet(46)) - raft.server.log.statemachine.data.read.timeout = 1000ms (default)
2022-08-24 08:26:36,470 [pool-448-thread-1] INFO  server.RaftServerConfigKeys (ConfUtils.java:logGet(46)) - raft.server.log.segment.size.max = 1048576 (custom)
2022-08-24 08:26:36,470 [EventQueue-PipelineReportForPipelineReportHandler] INFO  pipeline.PipelineManagerImpl (PipelineManagerImpl.java:openPipeline(367)) - Pipeline Pipeline[ Id: acff64a5-44b0-4184-91dc-c30e00763e77, Nodes: e21bab81-453e-4fc5-885c-2c6423e21b52{ip: 10.1.0.105, host: fv-az96-669.m4cgkdvplvgupd014rd20bgx3d.gx.internal.cloudapp.net, ports: [REPLICATION=38319, RATIS=45113, RATIS_ADMIN=45113, RATIS_SERVER=45113, STANDALONE=35391], networkLocation: /default-rack, certSerialId: null, persistedOpState: IN_SERVICE, persistedOpStateExpiryEpochSec: 0}, ReplicationConfig: RATIS/ONE, State:ALLOCATED, leaderId:e21bab81-453e-4fc5-885c-2c6423e21b52, CreationTimestamp2022-08-24T08:26:33.468Z[Etc/UTC]] moved to OPEN state
2022-08-24 08:26:36,470 [pool-448-thread-1] INFO  server.RaftServerConfigKeys (ConfUtils.java:logGet(46)) - raft.server.log.segment.cache.num.max = 2 (custom)
2022-08-24 08:26:36,470 [pool-448-thread-1] INFO  server.RaftServerConfigKeys (ConfUtils.java:logGet(46)) - raft.server.log.segment.cache.size.max = 200MB (=209715200) (default)
2022-08-24 08:26:36,470 [pool-448-thread-1] INFO  segmented.SegmentedRaftLogWorker (SegmentedRaftLogWorker.java:<init>(187)) - new e21bab81-453e-4fc5-885c-2c6423e21b52@group-C30E00763E77-SegmentedRaftLogWorker for RaftStorageImpl:Storage Directory /home/runner/work/ozone/ozone/hadoop-ozone/integration-test/target/test-dir/MiniOzoneClusterImpl-ef79d86f-cf98-4831-ba1c-bc14f6a33205/datanode-4/data/ratis/acff64a5-44b0-4184-91dc-c30e00763e77
2022-08-24 08:26:36,470 [pool-448-thread-1] INFO  server.RaftServerConfigKeys (ConfUtils.java:logGet(46)) - raft.server.log.queue.byte-limit = 4294967296 (custom)
2022-08-24 08:26:36,471 [pool-448-thread-1] INFO  server.RaftServerConfigKeys (ConfUtils.java:logGet(46)) - raft.server.log.queue.element-limit = 1024 (custom)
2022-08-24 08:26:36,471 [pool-448-thread-1] INFO  server.RaftServerConfigKeys (ConfUtils.java:logGet(46)) - raft.server.log.segment.size.max = 1048576 (custom)
2022-08-24 08:26:36,471 [pool-448-thread-1] INFO  server.RaftServerConfigKeys (ConfUtils.java:logGet(46)) - raft.server.log.preallocated.size = 16384 (custom)
2022-08-24 08:26:36,471 [EventQueue-OpenPipelineForHealthyPipelineSafeModeRule] INFO  safemode.SCMSafeModeManager (HealthyPipelineSafeModeRule.java:process(137)) - SCM in safe mode. Healthy pipelines reported count is 0, required healthy pipeline reported count is 1
2022-08-24 08:26:36,471 [pool-448-thread-1] INFO  server.RaftServerConfigKeys (ConfUtils.java:logGet(46)) - raft.server.log.force.sync.num = 128 (default)
2022-08-24 08:26:36,471 [pool-448-thread-1] INFO  server.RaftServerConfigKeys (ConfUtils.java:logGet(46)) - raft.server.log.statemachine.data.sync = true (default)
2022-08-24 08:26:36,471 [pool-448-thread-1] INFO  server.RaftServerConfigKeys (ConfUtils.java:logGet(46)) - raft.server.log.statemachine.data.sync.timeout = 10s (default)
2022-08-24 08:26:36,471 [pool-448-thread-1] INFO  server.RaftServerConfigKeys (ConfUtils.java:logGet(46)) - raft.server.log.statemachine.data.sync.timeout.retry = -1 (default)
2022-08-24 08:26:36,473 [pool-448-thread-1] INFO  server.RaftServerConfigKeys (ConfUtils.java:logGet(46)) - raft.server.log.write.buffer.size = 1048576 (custom)
2022-08-24 08:26:36,474 [pool-448-thread-1] INFO  server.RaftServerConfigKeys (ConfUtils.java:logGet(46)) - raft.server.log.unsafe-flush.enabled = false (default)
2022-08-24 08:26:36,474 [pool-448-thread-1] INFO  server.RaftServerConfigKeys (ConfUtils.java:logGet(46)) - raft.server.log.statemachine.data.caching.enabled = true (custom)
2022-08-24 08:26:36,474 [pool-448-thread-1] INFO  segmented.SegmentedRaftLogWorker (SegmentedRaftLogWorker.java:lambda$new$0(135)) - e21bab81-453e-4fc5-885c-2c6423e21b52@group-C30E00763E77-SegmentedRaftLogWorker: flushIndex: setUnconditionally 0 -> -1
2022-08-24 08:26:36,474 [pool-448-thread-1] INFO  segmented.SegmentedRaftLogWorker (SegmentedRaftLogWorker.java:lambda$new$0(135)) - e21bab81-453e-4fc5-885c-2c6423e21b52@group-C30E00763E77-SegmentedRaftLogWorker: safeCacheEvictIndex: setUnconditionally 0 -> -1
2022-08-24 08:26:36,474 [pool-448-thread-1] INFO  server.RaftServerConfigKeys (ConfUtils.java:logGet(46)) - raft.server.snapshot.auto.trigger.enabled = true (custom)
2022-08-24 08:26:36,474 [pool-448-thread-1] INFO  server.RaftServerConfigKeys (ConfUtils.java:logGet(46)) - raft.server.snapshot.auto.trigger.threshold = 10000 (custom)
2022-08-24 08:26:36,474 [pool-448-thread-1] INFO  server.RaftServerConfigKeys (ConfUtils.java:logGet(46)) - raft.server.snapshot.retention.file.num = 5 (custom)
2022-08-24 08:26:36,474 [pool-448-thread-1] INFO  server.RaftServerConfigKeys (ConfUtils.java:logGet(46)) - raft.server.log.purge.upto.snapshot.index = false (default)
2022-08-24 08:26:36,474 [pool-448-thread-1] INFO  server.RaftServerConfigKeys (ConfUtils.java:logGet(46)) - raft.server.retrycache.expirytime = 600000ms (custom)
2022-08-24 08:26:36,474 [pool-448-thread-1] INFO  server.RaftServerConfigKeys (ConfUtils.java:logGet(46)) - raft.server.retrycache.statistics.expirytime = 100μs (default)
2022-08-24 08:26:36,476 [pool-448-thread-1] INFO  server.RaftServerConfigKeys (ConfUtils.java:logGet(46)) - raft.server.log.appender.install.snapshot.enabled = false (custom)
2022-08-24 08:26:36,476 [pool-448-thread-1] INFO  server.RaftServerConfigKeys (ConfUtils.java:logGet(46)) - raft.server.threadpool.server.cached = true (default)
2022-08-24 08:26:36,476 [pool-448-thread-1] INFO  server.RaftServerConfigKeys (ConfUtils.java:logGet(46)) - raft.server.threadpool.server.size = 0 (default)
2022-08-24 08:26:36,476 [pool-448-thread-1] INFO  server.RaftServerConfigKeys (ConfUtils.java:logGet(46)) - raft.server.threadpool.client.cached = true (default)
2022-08-24 08:26:36,476 [pool-448-thread-1] INFO  server.RaftServerConfigKeys (ConfUtils.java:logGet(46)) - raft.server.threadpool.client.size = 0 (default)
2022-08-24 08:26:36,476 [pool-448-thread-1] INFO  server.RaftServer$Division (RaftServerImpl.java:start(310)) - e21bab81-453e-4fc5-885c-2c6423e21b52@group-C30E00763E77: start as a follower, conf=-1: [e21bab81-453e-4fc5-885c-2c6423e21b52|rpc:10.1.0.105:45113|priority:1], old=null
2022-08-24 08:26:36,476 [pool-448-thread-1] INFO  server.RaftServer$Division (RaftServerImpl.java:setRole(299)) - e21bab81-453e-4fc5-885c-2c6423e21b52@group-C30E00763E77: changes role from      null to FOLLOWER at term 0 for startAsFollower
2022-08-24 08:26:36,476 [pool-448-thread-1] INFO  impl.RoleInfo (RoleInfo.java:updateAndGet(139)) - e21bab81-453e-4fc5-885c-2c6423e21b52: start e21bab81-453e-4fc5-885c-2c6423e21b52@group-C30E00763E77-FollowerState
2022-08-24 08:26:36,476 [pool-448-thread-1] INFO  util.JmxRegister (JmxRegister.java:tryRegister(44)) - Successfully registered JMX Bean with object name Ratis:service=RaftServer,group=group-C30E00763E77,id=e21bab81-453e-4fc5-885c-2c6423e21b52
2022-08-24 08:26:36,477 [Command processor thread] INFO  ratis.XceiverServerRatis (XceiverServerRatis.java:addGroup(765)) - Created group PipelineID=acff64a5-44b0-4184-91dc-c30e00763e77
2022-08-24 08:26:36,477 [Command processor thread] INFO  commandhandler.CreatePipelineCommandHandler (CreatePipelineCommandHandler.java:handle(113)) - Created Pipeline RATIS ONE PipelineID=acff64a5-44b0-4184-91dc-c30e00763e77.
2022-08-24 08:26:36,657 [EventQueue-OpenPipelineForHealthyPipelineSafeModeRule] INFO  safemode.SCMSafeModeManager (HealthyPipelineSafeModeRule.java:process(137)) - SCM in safe mode. Healthy pipelines reported count is 0, required healthy pipeline reported count is 1
2022-08-24 08:26:36,705 [ReplicationMonitor] INFO  replication.ReplicationManager (ReplicationManager.java:processAll(255)) - Replication Manager is not ready to run until 3000ms after safemode exit
2022-08-24 08:26:36,762 [Listener at 127.0.0.1/39171] INFO  ozone.MiniOzoneClusterImpl (MiniOzoneClusterImpl.java:lambda$waitForClusterToBeReady$0(216)) - Nodes are ready. Got 6 of 6 DN Heartbeats.
2022-08-24 08:26:36,762 [Listener at 127.0.0.1/39171] INFO  ozone.MiniOzoneClusterImpl (MiniOzoneClusterImpl.java:lambda$waitForClusterToBeReady$0(219)) - Waiting for cluster to exit safe mode
2022-08-24 08:26:36,762 [Listener at 127.0.0.1/39171] INFO  ozone.MiniOzoneClusterImpl (MiniOzoneClusterImpl.java:lambda$waitForClusterToBeReady$0(221)) - SCM became leader
2022-08-24 08:26:36,762 [Command processor thread] INFO  server.RaftServer (RaftServerProxy.java:addNew(96)) - 29766b75-87c1-45cf-9e15-7604919a1259: addNew group-06927A4B897B:[29766b75-87c1-45cf-9e15-7604919a1259|rpc:10.1.0.105:41003|priority:1] returns group-06927A4B897B:java.util.concurrent.CompletableFuture@41c8472f[Not completed]
2022-08-24 08:26:36,763 [pool-471-thread-1] INFO  server.RaftServer$Division (RaftServerImpl.java:<init>(190)) - 29766b75-87c1-45cf-9e15-7604919a1259: new RaftServerImpl for group-06927A4B897B:[29766b75-87c1-45cf-9e15-7604919a1259|rpc:10.1.0.105:41003|priority:1] with ContainerStateMachine:uninitialized
2022-08-24 08:26:36,763 [pool-471-thread-1] INFO  server.RaftServerConfigKeys (ConfUtils.java:logGet(46)) - raft.server.rpc.timeout.min = 5s (custom)
2022-08-24 08:26:36,763 [pool-471-thread-1] INFO  server.RaftServerConfigKeys (ConfUtils.java:logGet(46)) - raft.server.rpc.timeout.max = 5200ms (custom)
2022-08-24 08:26:36,763 [pool-471-thread-1] INFO  server.RaftServerConfigKeys (ConfUtils.java:logGet(46)) - raft.server.rpc.sleep.time = 25ms (default)
2022-08-24 08:26:36,763 [pool-471-thread-1] INFO  server.RaftServerConfigKeys (ConfUtils.java:logGet(46)) - raft.server.rpc.slowness.timeout = 300s (custom)
2022-08-24 08:26:36,763 [pool-471-thread-1] INFO  server.RaftServerConfigKeys (ConfUtils.java:logGet(46)) - raft.server.leaderelection.leader.step-down.wait-time = 10s (default)
2022-08-24 08:26:36,763 [pool-471-thread-1] INFO  server.RaftServerConfigKeys (ConfUtils.java:logGet(46)) - raft.server.sleep.deviation.threshold = 300ms (default)
2022-08-24 08:26:36,763 [pool-471-thread-1] INFO  server.RaftServer$Division (ServerState.java:<init>(107)) - 29766b75-87c1-45cf-9e15-7604919a1259@group-06927A4B897B: ConfigurationManager, init=-1: [29766b75-87c1-45cf-9e15-7604919a1259|rpc:10.1.0.105:41003|priority:1], old=null, confs=<EMPTY_MAP>
2022-08-24 08:26:36,763 [pool-471-thread-1] INFO  server.RaftServerConfigKeys (ConfUtils.java:logGet(46)) - raft.server.storage.dir = [/home/runner/work/ozone/ozone/hadoop-ozone/integration-test/target/test-dir/MiniOzoneClusterImpl-ef79d86f-cf98-4831-ba1c-bc14f6a33205/datanode-5/data/ratis] (custom)
2022-08-24 08:26:36,763 [pool-471-thread-1] INFO  server.RaftServerConfigKeys (ConfUtils.java:logGet(46)) - raft.server.log.corruption.policy = EXCEPTION (default)
2022-08-24 08:26:36,763 [pool-471-thread-1] INFO  server.RaftServerConfigKeys (ConfUtils.java:logGet(46)) - raft.server.storage.free-space.min = 0MB (=0) (default)
2022-08-24 08:26:36,764 [pool-471-thread-1] INFO  storage.RaftStorageDirectory (RaftStorageDirectoryImpl.java:analyzeStorage(135)) - The storage directory /home/runner/work/ozone/ozone/hadoop-ozone/integration-test/target/test-dir/MiniOzoneClusterImpl-ef79d86f-cf98-4831-ba1c-bc14f6a33205/datanode-5/data/ratis/14109859-920c-454b-bda8-06927a4b897b does not exist. Creating ...
2022-08-24 08:26:36,765 [pool-471-thread-1] INFO  storage.RaftStorageDirectory (RaftStorageDirectoryImpl.java:tryLock(230)) - Lock on /home/runner/work/ozone/ozone/hadoop-ozone/integration-test/target/test-dir/MiniOzoneClusterImpl-ef79d86f-cf98-4831-ba1c-bc14f6a33205/datanode-5/data/ratis/14109859-920c-454b-bda8-06927a4b897b/in_use.lock acquired by nodename 20331@fv-az96-669
2022-08-24 08:26:36,766 [pool-471-thread-1] INFO  storage.RaftStorage (RaftStorageImpl.java:format(89)) - Storage directory /home/runner/work/ozone/ozone/hadoop-ozone/integration-test/target/test-dir/MiniOzoneClusterImpl-ef79d86f-cf98-4831-ba1c-bc14f6a33205/datanode-5/data/ratis/14109859-920c-454b-bda8-06927a4b897b has been successfully formatted.
2022-08-24 08:26:36,766 [pool-471-thread-1] INFO  ratis.ContainerStateMachine (ContainerStateMachine.java:loadSnapshot(236)) - group-06927A4B897B: The snapshot info is null. Setting the last applied indexto:(t:0, i:~)
2022-08-24 08:26:36,766 [pool-471-thread-1] INFO  server.RaftServerConfigKeys (ConfUtils.java:logGet(46)) - raft.server.notification.no-leader.timeout = 300s (custom)
2022-08-24 08:26:36,766 [pool-471-thread-1] INFO  server.RaftServerConfigKeys (ConfUtils.java:logGet(46)) - raft.server.log.use.memory = false (default)
2022-08-24 08:26:36,766 [pool-471-thread-1] INFO  server.RaftServerConfigKeys (ConfUtils.java:logGet(46)) - raft.server.log.purge.gap = 1000000 (custom)
2022-08-24 08:26:36,766 [pool-471-thread-1] INFO  server.RaftServerConfigKeys (ConfUtils.java:logGet(46)) - raft.server.log.appender.buffer.byte-limit = 33554432 (custom)
2022-08-24 08:26:36,766 [pool-471-thread-1] INFO  server.RaftServerConfigKeys (ConfUtils.java:logGet(46)) - raft.server.log.statemachine.data.read.timeout = 1000ms (default)
2022-08-24 08:26:36,767 [EventQueue-PipelineReportForPipelineReportHandler] INFO  pipeline.PipelineManagerImpl (PipelineManagerImpl.java:openPipeline(367)) - Pipeline Pipeline[ Id: 14109859-920c-454b-bda8-06927a4b897b, Nodes: 29766b75-87c1-45cf-9e15-7604919a1259{ip: 10.1.0.105, host: fv-az96-669.m4cgkdvplvgupd014rd20bgx3d.gx.internal.cloudapp.net, ports: [REPLICATION=36801, RATIS=41003, RATIS_ADMIN=41003, RATIS_SERVER=41003, STANDALONE=40927], networkLocation: /default-rack, certSerialId: null, persistedOpState: IN_SERVICE, persistedOpStateExpiryEpochSec: 0}, ReplicationConfig: RATIS/ONE, State:ALLOCATED, leaderId:29766b75-87c1-45cf-9e15-7604919a1259, CreationTimestamp2022-08-24T08:26:33.764Z[Etc/UTC]] moved to OPEN state
2022-08-24 08:26:36,768 [EventQueue-OpenPipelineForHealthyPipelineSafeModeRule] INFO  safemode.SCMSafeModeManager (HealthyPipelineSafeModeRule.java:process(137)) - SCM in safe mode. Healthy pipelines reported count is 0, required healthy pipeline reported count is 1
2022-08-24 08:26:36,768 [pool-471-thread-1] INFO  server.RaftServerConfigKeys (ConfUtils.java:logGet(46)) - raft.server.log.segment.size.max = 1048576 (custom)
2022-08-24 08:26:36,768 [pool-471-thread-1] INFO  server.RaftServerConfigKeys (ConfUtils.java:logGet(46)) - raft.server.log.segment.cache.num.max = 2 (custom)
2022-08-24 08:26:36,768 [pool-471-thread-1] INFO  server.RaftServerConfigKeys (ConfUtils.java:logGet(46)) - raft.server.log.segment.cache.size.max = 200MB (=209715200) (default)
2022-08-24 08:26:36,769 [pool-471-thread-1] INFO  segmented.SegmentedRaftLogWorker (SegmentedRaftLogWorker.java:<init>(187)) - new 29766b75-87c1-45cf-9e15-7604919a1259@group-06927A4B897B-SegmentedRaftLogWorker for RaftStorageImpl:Storage Directory /home/runner/work/ozone/ozone/hadoop-ozone/integration-test/target/test-dir/MiniOzoneClusterImpl-ef79d86f-cf98-4831-ba1c-bc14f6a33205/datanode-5/data/ratis/14109859-920c-454b-bda8-06927a4b897b
2022-08-24 08:26:36,769 [pool-471-thread-1] INFO  server.RaftServerConfigKeys (ConfUtils.java:logGet(46)) - raft.server.log.queue.byte-limit = 4294967296 (custom)
2022-08-24 08:26:36,769 [pool-471-thread-1] INFO  server.RaftServerConfigKeys (ConfUtils.java:logGet(46)) - raft.server.log.queue.element-limit = 1024 (custom)
2022-08-24 08:26:36,769 [pool-471-thread-1] INFO  server.RaftServerConfigKeys (ConfUtils.java:logGet(46)) - raft.server.log.segment.size.max = 1048576 (custom)
2022-08-24 08:26:36,769 [pool-471-thread-1] INFO  server.RaftServerConfigKeys (ConfUtils.java:logGet(46)) - raft.server.log.preallocated.size = 16384 (custom)
2022-08-24 08:26:36,769 [pool-471-thread-1] INFO  server.RaftServerConfigKeys (ConfUtils.java:logGet(46)) - raft.server.log.force.sync.num = 128 (default)
2022-08-24 08:26:36,769 [pool-471-thread-1] INFO  server.RaftServerConfigKeys (ConfUtils.java:logGet(46)) - raft.server.log.statemachine.data.sync = true (default)
2022-08-24 08:26:36,769 [pool-471-thread-1] INFO  server.RaftServerConfigKeys (ConfUtils.java:logGet(46)) - raft.server.log.statemachine.data.sync.timeout = 10s (default)
2022-08-24 08:26:36,769 [pool-471-thread-1] INFO  server.RaftServerConfigKeys (ConfUtils.java:logGet(46)) - raft.server.log.statemachine.data.sync.timeout.retry = -1 (default)
2022-08-24 08:26:36,770 [pool-471-thread-1] INFO  server.RaftServerConfigKeys (ConfUtils.java:logGet(46)) - raft.server.log.write.buffer.size = 1048576 (custom)
2022-08-24 08:26:36,770 [pool-471-thread-1] INFO  server.RaftServerConfigKeys (ConfUtils.java:logGet(46)) - raft.server.log.unsafe-flush.enabled = false (default)
2022-08-24 08:26:36,770 [pool-471-thread-1] INFO  server.RaftServerConfigKeys (ConfUtils.java:logGet(46)) - raft.server.log.statemachine.data.caching.enabled = true (custom)
2022-08-24 08:26:36,770 [pool-471-thread-1] INFO  segmented.SegmentedRaftLogWorker (SegmentedRaftLogWorker.java:lambda$new$0(135)) - 29766b75-87c1-45cf-9e15-7604919a1259@group-06927A4B897B-SegmentedRaftLogWorker: flushIndex: setUnconditionally 0 -> -1
2022-08-24 08:26:36,770 [pool-471-thread-1] INFO  segmented.SegmentedRaftLogWorker (SegmentedRaftLogWorker.java:lambda$new$0(135)) - 29766b75-87c1-45cf-9e15-7604919a1259@group-06927A4B897B-SegmentedRaftLogWorker: safeCacheEvictIndex: setUnconditionally 0 -> -1
2022-08-24 08:26:36,771 [pool-471-thread-1] INFO  server.RaftServerConfigKeys (ConfUtils.java:logGet(46)) - raft.server.snapshot.auto.trigger.enabled = true (custom)
2022-08-24 08:26:36,771 [pool-471-thread-1] INFO  server.RaftServerConfigKeys (ConfUtils.java:logGet(46)) - raft.server.snapshot.auto.trigger.threshold = 10000 (custom)
2022-08-24 08:26:36,771 [pool-471-thread-1] INFO  server.RaftServerConfigKeys (ConfUtils.java:logGet(46)) - raft.server.snapshot.retention.file.num = 5 (custom)
2022-08-24 08:26:36,771 [pool-471-thread-1] INFO  server.RaftServerConfigKeys (ConfUtils.java:logGet(46)) - raft.server.log.purge.upto.snapshot.index = false (default)
2022-08-24 08:26:36,771 [pool-471-thread-1] INFO  server.RaftServerConfigKeys (ConfUtils.java:logGet(46)) - raft.server.retrycache.expirytime = 600000ms (custom)
2022-08-24 08:26:36,771 [pool-471-thread-1] INFO  server.RaftServerConfigKeys (ConfUtils.java:logGet(46)) - raft.server.retrycache.statistics.expirytime = 100μs (default)
2022-08-24 08:26:36,772 [pool-471-thread-1] INFO  server.RaftServerConfigKeys (ConfUtils.java:logGet(46)) - raft.server.log.appender.install.snapshot.enabled = false (custom)
2022-08-24 08:26:36,772 [pool-471-thread-1] INFO  server.RaftServerConfigKeys (ConfUtils.java:logGet(46)) - raft.server.threadpool.server.cached = true (default)
2022-08-24 08:26:36,772 [pool-471-thread-1] INFO  server.RaftServerConfigKeys (ConfUtils.java:logGet(46)) - raft.server.threadpool.server.size = 0 (default)
2022-08-24 08:26:36,772 [pool-471-thread-1] INFO  server.RaftServerConfigKeys (ConfUtils.java:logGet(46)) - raft.server.threadpool.client.cached = true (default)
2022-08-24 08:26:36,772 [pool-471-thread-1] INFO  server.RaftServerConfigKeys (ConfUtils.java:logGet(46)) - raft.server.threadpool.client.size = 0 (default)
2022-08-24 08:26:36,773 [pool-471-thread-1] INFO  server.RaftServer$Division (RaftServerImpl.java:start(310)) - 29766b75-87c1-45cf-9e15-7604919a1259@group-06927A4B897B: start as a follower, conf=-1: [29766b75-87c1-45cf-9e15-7604919a1259|rpc:10.1.0.105:41003|priority:1], old=null
2022-08-24 08:26:36,773 [pool-471-thread-1] INFO  server.RaftServer$Division (RaftServerImpl.java:setRole(299)) - 29766b75-87c1-45cf-9e15-7604919a1259@group-06927A4B897B: changes role from      null to FOLLOWER at term 0 for startAsFollower
2022-08-24 08:26:36,773 [pool-471-thread-1] INFO  impl.RoleInfo (RoleInfo.java:updateAndGet(139)) - 29766b75-87c1-45cf-9e15-7604919a1259: start 29766b75-87c1-45cf-9e15-7604919a1259@group-06927A4B897B-FollowerState
2022-08-24 08:26:36,773 [pool-471-thread-1] INFO  util.JmxRegister (JmxRegister.java:tryRegister(44)) - Successfully registered JMX Bean with object name Ratis:service=RaftServer,group=group-06927A4B897B,id=29766b75-87c1-45cf-9e15-7604919a1259
2022-08-24 08:26:36,774 [Command processor thread] INFO  ratis.XceiverServerRatis (XceiverServerRatis.java:addGroup(765)) - Created group PipelineID=14109859-920c-454b-bda8-06927a4b897b
2022-08-24 08:26:36,774 [Command processor thread] INFO  commandhandler.CreatePipelineCommandHandler (CreatePipelineCommandHandler.java:handle(113)) - Created Pipeline RATIS ONE PipelineID=14109859-920c-454b-bda8-06927a4b897b.
2022-08-24 08:26:37,160 [UnderReplicatedQueueThreadThread] INFO  replication.UnderReplicatedProcessor (UnderReplicatedProcessor.java:processAll(85)) - Processed 0 under replicated containers, failed processing 0
2022-08-24 08:26:37,166 [OverReplicatedQueueThreadThread] INFO  replication.OverReplicatedProcessor (OverReplicatedProcessor.java:processAll(83)) - Processed 0 over replicated containers, failed processing 0
2022-08-24 08:26:37,179 [EventQueue-OpenPipelineForHealthyPipelineSafeModeRule] INFO  safemode.SCMSafeModeManager (HealthyPipelineSafeModeRule.java:process(137)) - SCM in safe mode. Healthy pipelines reported count is 0, required healthy pipeline reported count is 1
2022-08-24 08:26:37,186 [ReplicationMonitor] INFO  replication.ReplicationManager (ReplicationManager.java:processAll(293)) - Replication Monitor Thread took 0 milliseconds for processing 3 containers.
2022-08-24 08:26:37,297 [EventQueue-OpenPipelineForHealthyPipelineSafeModeRule] INFO  safemode.SCMSafeModeManager (HealthyPipelineSafeModeRule.java:process(137)) - SCM in safe mode. Healthy pipelines reported count is 0, required healthy pipeline reported count is 1
2022-08-24 08:26:37,471 [EventQueue-OpenPipelineForHealthyPipelineSafeModeRule] INFO  safemode.SCMSafeModeManager (HealthyPipelineSafeModeRule.java:process(137)) - SCM in safe mode. Healthy pipelines reported count is 0, required healthy pipeline reported count is 1
2022-08-24 08:26:37,705 [ReplicationMonitor] INFO  replication.ReplicationManager (ReplicationManager.java:processAll(255)) - Replication Manager is not ready to run until 3000ms after safemode exit
2022-08-24 08:26:37,762 [Listener at 127.0.0.1/39171] INFO  ozone.MiniOzoneClusterImpl (MiniOzoneClusterImpl.java:lambda$waitForClusterToBeReady$0(216)) - Nodes are ready. Got 6 of 6 DN Heartbeats.
2022-08-24 08:26:37,762 [Listener at 127.0.0.1/39171] INFO  ozone.MiniOzoneClusterImpl (MiniOzoneClusterImpl.java:lambda$waitForClusterToBeReady$0(219)) - Waiting for cluster to exit safe mode
2022-08-24 08:26:37,762 [Listener at 127.0.0.1/39171] INFO  ozone.MiniOzoneClusterImpl (MiniOzoneClusterImpl.java:lambda$waitForClusterToBeReady$0(221)) - SCM became leader
2022-08-24 08:26:37,767 [EventQueue-OpenPipelineForHealthyPipelineSafeModeRule] INFO  safemode.SCMSafeModeManager (HealthyPipelineSafeModeRule.java:process(137)) - SCM in safe mode. Healthy pipelines reported count is 0, required healthy pipeline reported count is 1
2022-08-24 08:26:37,823 [EventQueue-OpenPipelineForHealthyPipelineSafeModeRule] INFO  safemode.SCMSafeModeManager (HealthyPipelineSafeModeRule.java:process(137)) - SCM in safe mode. Healthy pipelines reported count is 0, required healthy pipeline reported count is 1
2022-08-24 08:26:38,180 [EventQueue-OpenPipelineForHealthyPipelineSafeModeRule] INFO  safemode.SCMSafeModeManager (HealthyPipelineSafeModeRule.java:process(137)) - SCM in safe mode. Healthy pipelines reported count is 0, required healthy pipeline reported count is 1
2022-08-24 08:26:38,186 [ReplicationMonitor] INFO  replication.ReplicationManager (ReplicationManager.java:processAll(293)) - Replication Monitor Thread took 1 milliseconds for processing 3 containers.
2022-08-24 08:26:38,297 [EventQueue-OpenPipelineForHealthyPipelineSafeModeRule] INFO  safemode.SCMSafeModeManager (HealthyPipelineSafeModeRule.java:process(137)) - SCM in safe mode. Healthy pipelines reported count is 0, required healthy pipeline reported count is 1
2022-08-24 08:26:38,471 [EventQueue-OpenPipelineForHealthyPipelineSafeModeRule] INFO  safemode.SCMSafeModeManager (HealthyPipelineSafeModeRule.java:process(137)) - SCM in safe mode. Healthy pipelines reported count is 0, required healthy pipeline reported count is 1
2022-08-24 08:26:38,541 [EventQueue-StaleNodeForStaleNodeHandler] INFO  node.StaleNodeHandler (StaleNodeHandler.java:onMessage(59)) - Datanode 440b8e2f-1f04-4f01-a821-43dde6dd996e{ip: 10.1.0.105, host: fv-az96-669.m4cgkdvplvgupd014rd20bgx3d.gx.internal.cloudapp.net, ports: [REPLICATION=33745, RATIS=43463, RATIS_ADMIN=43463, RATIS_SERVER=43463, STANDALONE=38569], networkLocation: /default-rack, certSerialId: null, persistedOpState: DECOMMISSIONING, persistedOpStateExpiryEpochSec: 0} moved to stale state. Finalizing its pipelines []
2022-08-24 08:26:38,658 [EventQueue-OpenPipelineForHealthyPipelineSafeModeRule] INFO  safemode.SCMSafeModeManager (HealthyPipelineSafeModeRule.java:process(137)) - SCM in safe mode. Healthy pipelines reported count is 0, required healthy pipeline reported count is 1
2022-08-24 08:26:38,705 [ReplicationMonitor] INFO  replication.ReplicationManager (ReplicationManager.java:processAll(255)) - Replication Manager is not ready to run until 3000ms after safemode exit
2022-08-24 08:26:38,763 [Listener at 127.0.0.1/39171] INFO  ozone.MiniOzoneClusterImpl (MiniOzoneClusterImpl.java:lambda$waitForClusterToBeReady$0(216)) - Nodes are ready. Got 6 of 6 DN Heartbeats.
2022-08-24 08:26:38,763 [Listener at 127.0.0.1/39171] INFO  ozone.MiniOzoneClusterImpl (MiniOzoneClusterImpl.java:lambda$waitForClusterToBeReady$0(219)) - Waiting for cluster to exit safe mode
2022-08-24 08:26:38,763 [Listener at 127.0.0.1/39171] INFO  ozone.MiniOzoneClusterImpl (MiniOzoneClusterImpl.java:lambda$waitForClusterToBeReady$0(221)) - SCM became leader
2022-08-24 08:26:38,767 [EventQueue-OpenPipelineForHealthyPipelineSafeModeRule] INFO  safemode.SCMSafeModeManager (HealthyPipelineSafeModeRule.java:process(137)) - SCM in safe mode. Healthy pipelines reported count is 0, required healthy pipeline reported count is 1
2022-08-24 08:26:39,186 [ReplicationMonitor] INFO  replication.ReplicationManager (ReplicationManager.java:processAll(293)) - Replication Monitor Thread took 0 milliseconds for processing 3 containers.
2022-08-24 08:26:39,297 [EventQueue-OpenPipelineForHealthyPipelineSafeModeRule] INFO  safemode.SCMSafeModeManager (HealthyPipelineSafeModeRule.java:process(137)) - SCM in safe mode. Healthy pipelines reported count is 0, required healthy pipeline reported count is 1
2022-08-24 08:26:39,471 [EventQueue-OpenPipelineForHealthyPipelineSafeModeRule] INFO  safemode.SCMSafeModeManager (HealthyPipelineSafeModeRule.java:process(137)) - SCM in safe mode. Healthy pipelines reported count is 0, required healthy pipeline reported count is 1
2022-08-24 08:26:39,705 [ReplicationMonitor] INFO  replication.ReplicationManager (ReplicationManager.java:processAll(255)) - Replication Manager is not ready to run until 3000ms after safemode exit
2022-08-24 08:26:39,763 [Listener at 127.0.0.1/39171] INFO  ozone.MiniOzoneClusterImpl (MiniOzoneClusterImpl.java:lambda$waitForClusterToBeReady$0(216)) - Nodes are ready. Got 6 of 6 DN Heartbeats.
2022-08-24 08:26:39,763 [Listener at 127.0.0.1/39171] INFO  ozone.MiniOzoneClusterImpl (MiniOzoneClusterImpl.java:lambda$waitForClusterToBeReady$0(219)) - Waiting for cluster to exit safe mode
2022-08-24 08:26:39,763 [Listener at 127.0.0.1/39171] INFO  ozone.MiniOzoneClusterImpl (MiniOzoneClusterImpl.java:lambda$waitForClusterToBeReady$0(221)) - SCM became leader
2022-08-24 08:26:39,768 [EventQueue-OpenPipelineForHealthyPipelineSafeModeRule] INFO  safemode.SCMSafeModeManager (HealthyPipelineSafeModeRule.java:process(137)) - SCM in safe mode. Healthy pipelines reported count is 0, required healthy pipeline reported count is 1
2022-08-24 08:26:39,807 [45e7c087-8728-4797-8b25-939998d46879@group-E8602E24479E-FollowerState] INFO  impl.FollowerState (FollowerState.java:run(143)) - 45e7c087-8728-4797-8b25-939998d46879@group-E8602E24479E-FollowerState: change to CANDIDATE, lastRpcElapsedTime:5163951531ns, electionTimeout:5163ms
2022-08-24 08:26:39,808 [45e7c087-8728-4797-8b25-939998d46879@group-E8602E24479E-FollowerState] INFO  impl.RoleInfo (RoleInfo.java:shutdownFollowerState(110)) - 45e7c087-8728-4797-8b25-939998d46879: shutdown 45e7c087-8728-4797-8b25-939998d46879@group-E8602E24479E-FollowerState
2022-08-24 08:26:39,808 [45e7c087-8728-4797-8b25-939998d46879@group-E8602E24479E-FollowerState] INFO  server.RaftServer$Division (RaftServerImpl.java:setRole(299)) - 45e7c087-8728-4797-8b25-939998d46879@group-E8602E24479E: changes role from  FOLLOWER to CANDIDATE at term 0 for changeToCandidate
2022-08-24 08:26:39,808 [45e7c087-8728-4797-8b25-939998d46879@group-E8602E24479E-FollowerState] INFO  server.RaftServerConfigKeys (ConfUtils.java:logGet(46)) - raft.server.leaderelection.pre-vote = false (custom)
2022-08-24 08:26:39,808 [45e7c087-8728-4797-8b25-939998d46879@group-E8602E24479E-FollowerState] INFO  impl.RoleInfo (RoleInfo.java:updateAndGet(139)) - 45e7c087-8728-4797-8b25-939998d46879: start 45e7c087-8728-4797-8b25-939998d46879@group-E8602E24479E-LeaderElection12
2022-08-24 08:26:39,815 [45e7c087-8728-4797-8b25-939998d46879@group-E8602E24479E-LeaderElection12] INFO  impl.LeaderElection (LeaderElection.java:askForVotes(310)) - 45e7c087-8728-4797-8b25-939998d46879@group-E8602E24479E-LeaderElection12 ELECTION round 0: submit vote requests at term 1 for -1: [45e7c087-8728-4797-8b25-939998d46879|rpc:10.1.0.105:34829|priority:1], old=null
2022-08-24 08:26:39,815 [45e7c087-8728-4797-8b25-939998d46879@group-E8602E24479E-LeaderElection12] INFO  impl.LeaderElection (LeaderElection.java:askForVotes(312)) - 45e7c087-8728-4797-8b25-939998d46879@group-E8602E24479E-LeaderElection12 ELECTION round 0: result PASSED (term=1)
2022-08-24 08:26:39,815 [45e7c087-8728-4797-8b25-939998d46879@group-E8602E24479E-LeaderElection12] INFO  impl.RoleInfo (RoleInfo.java:shutdownLeaderElection(130)) - 45e7c087-8728-4797-8b25-939998d46879: shutdown 45e7c087-8728-4797-8b25-939998d46879@group-E8602E24479E-LeaderElection12
2022-08-24 08:26:39,815 [45e7c087-8728-4797-8b25-939998d46879@group-E8602E24479E-LeaderElection12] INFO  server.RaftServer$Division (RaftServerImpl.java:setRole(299)) - 45e7c087-8728-4797-8b25-939998d46879@group-E8602E24479E: changes role from CANDIDATE to LEADER at term 1 for changeToLeader
2022-08-24 08:26:39,815 [45e7c087-8728-4797-8b25-939998d46879@group-E8602E24479E-LeaderElection12] INFO  ratis.XceiverServerRatis (XceiverServerRatis.java:handleLeaderChangedNotification(863)) - Leader change notification received for group: group-E8602E24479E with new leaderId: 45e7c087-8728-4797-8b25-939998d46879
2022-08-24 08:26:39,816 [45e7c087-8728-4797-8b25-939998d46879@group-E8602E24479E-LeaderElection12] INFO  server.RaftServer$Division (ServerState.java:setLeader(287)) - 45e7c087-8728-4797-8b25-939998d46879@group-E8602E24479E: change Leader from null to 45e7c087-8728-4797-8b25-939998d46879 at term 1 for becomeLeader, leader elected after 5180ms
2022-08-24 08:26:39,816 [45e7c087-8728-4797-8b25-939998d46879@group-E8602E24479E-LeaderElection12] INFO  server.RaftServerConfigKeys (ConfUtils.java:logGet(46)) - raft.server.staging.catchup.gap = 1000 (default)
2022-08-24 08:26:39,816 [45e7c087-8728-4797-8b25-939998d46879@group-E8602E24479E-LeaderElection12] INFO  server.RaftServerConfigKeys (ConfUtils.java:logGet(46)) - raft.server.write.element-limit = 1024 (custom)
2022-08-24 08:26:39,816 [45e7c087-8728-4797-8b25-939998d46879@group-E8602E24479E-LeaderElection12] INFO  server.RaftServerConfigKeys (ConfUtils.java:logGet(46)) - raft.server.write.byte-limit = 1024 M (=1073741824) (custom)
2022-08-24 08:26:39,816 [45e7c087-8728-4797-8b25-939998d46879@group-E8602E24479E-LeaderElection12] INFO  server.RaftServerConfigKeys (ConfUtils.java:logGet(46)) - raft.server.watch.timeout = 180s (custom)
2022-08-24 08:26:39,816 [45e7c087-8728-4797-8b25-939998d46879@group-E8602E24479E-LeaderElection12] INFO  server.RaftServerConfigKeys (ConfUtils.java:logGet(46)) - raft.server.watch.timeout.denomination = 1s (default)
2022-08-24 08:26:39,816 [45e7c087-8728-4797-8b25-939998d46879@group-E8602E24479E-LeaderElection12] INFO  server.RaftServerConfigKeys (ConfUtils.java:logGet(46)) - raft.server.watch.element-limit = 65536 (default)
2022-08-24 08:26:39,816 [45e7c087-8728-4797-8b25-939998d46879@group-E8602E24479E-LeaderElection12] INFO  server.RaftServerConfigKeys (ConfUtils.java:logGet(46)) - raft.server.write.element-limit = 1024 (custom)
2022-08-24 08:26:39,816 [45e7c087-8728-4797-8b25-939998d46879@group-E8602E24479E-LeaderElection12] INFO  server.RaftServerConfigKeys (ConfUtils.java:logGet(46)) - raft.server.write.follower.gap.ratio.max = -1.0 (default)
2022-08-24 08:26:39,816 [45e7c087-8728-4797-8b25-939998d46879@group-E8602E24479E-LeaderElection12] INFO  impl.RoleInfo (RoleInfo.java:updateAndGet(139)) - 45e7c087-8728-4797-8b25-939998d46879: start 45e7c087-8728-4797-8b25-939998d46879@group-E8602E24479E-LeaderStateImpl
2022-08-24 08:26:39,817 [45e7c087-8728-4797-8b25-939998d46879@group-E8602E24479E-LeaderElection12] INFO  segmented.SegmentedRaftLogWorker (SegmentedRaftLogWorker.java:startLogSegment(425)) - 45e7c087-8728-4797-8b25-939998d46879@group-E8602E24479E-SegmentedRaftLogWorker: Starting segment from index:0
2022-08-24 08:26:39,817 [EventQueue-OpenPipelineForHealthyPipelineSafeModeRule] INFO  safemode.SCMSafeModeManager (HealthyPipelineSafeModeRule.java:process(137)) - SCM in safe mode. Healthy pipelines reported count is 0, required healthy pipeline reported count is 1
2022-08-24 08:26:39,819 [45e7c087-8728-4797-8b25-939998d46879@group-E8602E24479E-LeaderElection12] INFO  server.RaftServer$Division (ServerState.java:setRaftConf(393)) - 45e7c087-8728-4797-8b25-939998d46879@group-E8602E24479E: set configuration 0: [45e7c087-8728-4797-8b25-939998d46879|rpc:10.1.0.105:34829|dataStream:|priority:1], old=null
2022-08-24 08:26:39,822 [EventQueue-OpenPipelineForHealthyPipelineSafeModeRule] INFO  safemode.SCMSafeModeManager (HealthyPipelineSafeModeRule.java:process(137)) - SCM in safe mode. Healthy pipelines reported count is 0, required healthy pipeline reported count is 1
2022-08-24 08:26:39,827 [45e7c087-8728-4797-8b25-939998d46879@group-E8602E24479E-SegmentedRaftLogWorker] INFO  segmented.SegmentedRaftLogWorker (SegmentedRaftLogWorker.java:execute(629)) - 45e7c087-8728-4797-8b25-939998d46879@group-E8602E24479E-SegmentedRaftLogWorker: created new log segment /home/runner/work/ozone/ozone/hadoop-ozone/integration-test/target/test-dir/MiniOzoneClusterImpl-ef79d86f-cf98-4831-ba1c-bc14f6a33205/datanode-0/data/ratis/6a702943-4bee-4754-9d08-e8602e24479e/current/log_inprogress_0
2022-08-24 08:26:39,828 [45e7c087-8728-4797-8b25-939998d46879@group-2FD43C7752BE-FollowerState] INFO  impl.FollowerState (FollowerState.java:run(143)) - 45e7c087-8728-4797-8b25-939998d46879@group-2FD43C7752BE-FollowerState: change to CANDIDATE, lastRpcElapsedTime:5165156910ns, electionTimeout:5162ms
2022-08-24 08:26:39,828 [45e7c087-8728-4797-8b25-939998d46879@group-2FD43C7752BE-FollowerState] INFO  impl.RoleInfo (RoleInfo.java:shutdownFollowerState(110)) - 45e7c087-8728-4797-8b25-939998d46879: shutdown 45e7c087-8728-4797-8b25-939998d46879@group-2FD43C7752BE-FollowerState
2022-08-24 08:26:39,828 [45e7c087-8728-4797-8b25-939998d46879@group-2FD43C7752BE-FollowerState] INFO  server.RaftServer$Division (RaftServerImpl.java:setRole(299)) - 45e7c087-8728-4797-8b25-939998d46879@group-2FD43C7752BE: changes role from  FOLLOWER to CANDIDATE at term 0 for changeToCandidate
2022-08-24 08:26:39,828 [45e7c087-8728-4797-8b25-939998d46879@group-2FD43C7752BE-FollowerState] INFO  server.RaftServerConfigKeys (ConfUtils.java:logGet(46)) - raft.server.leaderelection.pre-vote = false (custom)
2022-08-24 08:26:39,828 [45e7c087-8728-4797-8b25-939998d46879@group-2FD43C7752BE-FollowerState] INFO  impl.RoleInfo (RoleInfo.java:updateAndGet(139)) - 45e7c087-8728-4797-8b25-939998d46879: start 45e7c087-8728-4797-8b25-939998d46879@group-2FD43C7752BE-LeaderElection13
2022-08-24 08:26:39,830 [45e7c087-8728-4797-8b25-939998d46879@group-2FD43C7752BE-LeaderElection13] INFO  impl.LeaderElection (LeaderElection.java:askForVotes(310)) - 45e7c087-8728-4797-8b25-939998d46879@group-2FD43C7752BE-LeaderElection13 ELECTION round 0: submit vote requests at term 1 for -1: [45e7c087-8728-4797-8b25-939998d46879|rpc:10.1.0.105:34829|priority:0, c136c940-8cdb-469d-8a4b-133170912109|rpc:10.1.0.105:36895|priority:1, 3503030e-0d5c-47ed-9f19-bc5debe5118a|rpc:10.1.0.105:36043|priority:0], old=null
2022-08-24 08:26:39,841 [grpc-default-executor-2] INFO  server.RaftServer$Division (RaftServerImpl.java:requestVote(1152)) - c136c940-8cdb-469d-8a4b-133170912109@group-2FD43C7752BE: receive requestVote(ELECTION, 45e7c087-8728-4797-8b25-939998d46879, group-2FD43C7752BE, 1, (t:0, i:0))
2022-08-24 08:26:39,841 [grpc-default-executor-2] INFO  impl.VoteContext (VoteContext.java:log(48)) - c136c940-8cdb-469d-8a4b-133170912109@group-2FD43C7752BE-FOLLOWER: reject ELECTION from 45e7c087-8728-4797-8b25-939998d46879: our priority 1 > candidate's priority 0
2022-08-24 08:26:39,841 [grpc-default-executor-2] INFO  server.RaftServer$Division (RaftServerImpl.java:setRole(299)) - c136c940-8cdb-469d-8a4b-133170912109@group-2FD43C7752BE: changes role from  FOLLOWER to FOLLOWER at term 1 for candidate:45e7c087-8728-4797-8b25-939998d46879
2022-08-24 08:26:39,841 [grpc-default-executor-2] INFO  impl.RoleInfo (RoleInfo.java:shutdownFollowerState(110)) - c136c940-8cdb-469d-8a4b-133170912109: shutdown c136c940-8cdb-469d-8a4b-133170912109@group-2FD43C7752BE-FollowerState
2022-08-24 08:26:39,841 [grpc-default-executor-2] INFO  impl.RoleInfo (RoleInfo.java:updateAndGet(139)) - c136c940-8cdb-469d-8a4b-133170912109: start c136c940-8cdb-469d-8a4b-133170912109@group-2FD43C7752BE-FollowerState
2022-08-24 08:26:39,841 [c136c940-8cdb-469d-8a4b-133170912109@group-2FD43C7752BE-FollowerState] INFO  impl.FollowerState (FollowerState.java:run(152)) - c136c940-8cdb-469d-8a4b-133170912109@group-2FD43C7752BE-FollowerState was interrupted
2022-08-24 08:26:39,845 [grpc-default-executor-2] INFO  server.RaftServer$Division (RaftServerImpl.java:requestVote(1184)) - c136c940-8cdb-469d-8a4b-133170912109@group-2FD43C7752BE replies to ELECTION vote request: 45e7c087-8728-4797-8b25-939998d46879<-c136c940-8cdb-469d-8a4b-133170912109#0:FAIL-t1. Peer's state: c136c940-8cdb-469d-8a4b-133170912109@group-2FD43C7752BE:t1, leader=null, voted=null, raftlog=c136c940-8cdb-469d-8a4b-133170912109@group-2FD43C7752BE-SegmentedRaftLog:OPENED:c-1, conf=-1: [45e7c087-8728-4797-8b25-939998d46879|rpc:10.1.0.105:34829|dataStream:|priority:0, c136c940-8cdb-469d-8a4b-133170912109|rpc:10.1.0.105:36895|dataStream:|priority:1, 3503030e-0d5c-47ed-9f19-bc5debe5118a|rpc:10.1.0.105:36043|dataStream:|priority:0], old=null
2022-08-24 08:26:39,848 [45e7c087-8728-4797-8b25-939998d46879@group-2FD43C7752BE-LeaderElection13] INFO  impl.LeaderElection (LeaderElection.java:logAndReturn(90)) - 45e7c087-8728-4797-8b25-939998d46879@group-2FD43C7752BE-LeaderElection13: ELECTION REJECTED received 1 response(s) and 0 exception(s):
2022-08-24 08:26:39,848 [45e7c087-8728-4797-8b25-939998d46879@group-2FD43C7752BE-LeaderElection13] INFO  impl.LeaderElection (LeaderElection.java:logAndReturn(94)) -   Response 0: 45e7c087-8728-4797-8b25-939998d46879<-c136c940-8cdb-469d-8a4b-133170912109#0:FAIL-t1
2022-08-24 08:26:39,848 [45e7c087-8728-4797-8b25-939998d46879@group-2FD43C7752BE-LeaderElection13] INFO  impl.LeaderElection (LeaderElection.java:askForVotes(312)) - 45e7c087-8728-4797-8b25-939998d46879@group-2FD43C7752BE-LeaderElection13 ELECTION round 0: result REJECTED
2022-08-24 08:26:39,848 [grpc-default-executor-0] INFO  server.RaftServer$Division (RaftServerImpl.java:requestVote(1152)) - 3503030e-0d5c-47ed-9f19-bc5debe5118a@group-2FD43C7752BE: receive requestVote(ELECTION, 45e7c087-8728-4797-8b25-939998d46879, group-2FD43C7752BE, 1, (t:0, i:0))
2022-08-24 08:26:39,848 [45e7c087-8728-4797-8b25-939998d46879@group-2FD43C7752BE-LeaderElection13] INFO  server.RaftServer$Division (RaftServerImpl.java:setRole(299)) - 45e7c087-8728-4797-8b25-939998d46879@group-2FD43C7752BE: changes role from CANDIDATE to FOLLOWER at term 1 for REJECTED
2022-08-24 08:26:39,848 [grpc-default-executor-0] INFO  impl.VoteContext (VoteContext.java:log(48)) - 3503030e-0d5c-47ed-9f19-bc5debe5118a@group-2FD43C7752BE-FOLLOWER: accept ELECTION from 45e7c087-8728-4797-8b25-939998d46879: our priority 0 <= candidate's priority 0
2022-08-24 08:26:39,848 [45e7c087-8728-4797-8b25-939998d46879@group-2FD43C7752BE-LeaderElection13] INFO  impl.RoleInfo (RoleInfo.java:shutdownLeaderElection(130)) - 45e7c087-8728-4797-8b25-939998d46879: shutdown 45e7c087-8728-4797-8b25-939998d46879@group-2FD43C7752BE-LeaderElection13
2022-08-24 08:26:39,849 [grpc-default-executor-0] INFO  server.RaftServer$Division (RaftServerImpl.java:setRole(299)) - 3503030e-0d5c-47ed-9f19-bc5debe5118a@group-2FD43C7752BE: changes role from  FOLLOWER to FOLLOWER at term 1 for candidate:45e7c087-8728-4797-8b25-939998d46879
2022-08-24 08:26:39,849 [45e7c087-8728-4797-8b25-939998d46879@group-2FD43C7752BE-LeaderElection13] INFO  impl.RoleInfo (RoleInfo.java:updateAndGet(139)) - 45e7c087-8728-4797-8b25-939998d46879: start 45e7c087-8728-4797-8b25-939998d46879@group-2FD43C7752BE-FollowerState
2022-08-24 08:26:39,849 [grpc-default-executor-0] INFO  impl.RoleInfo (RoleInfo.java:shutdownFollowerState(110)) - 3503030e-0d5c-47ed-9f19-bc5debe5118a: shutdown 3503030e-0d5c-47ed-9f19-bc5debe5118a@group-2FD43C7752BE-FollowerState
2022-08-24 08:26:39,850 [grpc-default-executor-0] INFO  impl.RoleInfo (RoleInfo.java:updateAndGet(139)) - 3503030e-0d5c-47ed-9f19-bc5debe5118a: start 3503030e-0d5c-47ed-9f19-bc5debe5118a@group-2FD43C7752BE-FollowerState
2022-08-24 08:26:39,850 [3503030e-0d5c-47ed-9f19-bc5debe5118a@group-2FD43C7752BE-FollowerState] INFO  impl.FollowerState (FollowerState.java:run(152)) - 3503030e-0d5c-47ed-9f19-bc5debe5118a@group-2FD43C7752BE-FollowerState was interrupted
2022-08-24 08:26:39,856 [grpc-default-executor-0] INFO  server.RaftServer$Division (RaftServerImpl.java:requestVote(1184)) - 3503030e-0d5c-47ed-9f19-bc5debe5118a@group-2FD43C7752BE replies to ELECTION vote request: 45e7c087-8728-4797-8b25-939998d46879<-3503030e-0d5c-47ed-9f19-bc5debe5118a#0:OK-t1. Peer's state: 3503030e-0d5c-47ed-9f19-bc5debe5118a@group-2FD43C7752BE:t1, leader=null, voted=45e7c087-8728-4797-8b25-939998d46879, raftlog=3503030e-0d5c-47ed-9f19-bc5debe5118a@group-2FD43C7752BE-SegmentedRaftLog:OPENED:c-1, conf=-1: [45e7c087-8728-4797-8b25-939998d46879|rpc:10.1.0.105:34829|dataStream:|priority:0, c136c940-8cdb-469d-8a4b-133170912109|rpc:10.1.0.105:36895|dataStream:|priority:1, 3503030e-0d5c-47ed-9f19-bc5debe5118a|rpc:10.1.0.105:36043|dataStream:|priority:0], old=null
2022-08-24 08:26:40,179 [EventQueue-OpenPipelineForHealthyPipelineSafeModeRule] INFO  safemode.SCMSafeModeManager (HealthyPipelineSafeModeRule.java:process(137)) - SCM in safe mode. Healthy pipelines reported count is 0, required healthy pipeline reported count is 1
2022-08-24 08:26:40,187 [ReplicationMonitor] INFO  replication.ReplicationManager (ReplicationManager.java:processAll(293)) - Replication Monitor Thread took 1 milliseconds for processing 3 containers.
2022-08-24 08:26:40,297 [EventQueue-OpenPipelineForHealthyPipelineSafeModeRule] INFO  safemode.SCMSafeModeManager (HealthyPipelineSafeModeRule.java:process(137)) - SCM in safe mode. Healthy pipelines reported count is 0, required healthy pipeline reported count is 1
2022-08-24 08:26:40,404 [c136c940-8cdb-469d-8a4b-133170912109@group-AC74F23461D9-FollowerState] INFO  impl.FollowerState (FollowerState.java:run(143)) - c136c940-8cdb-469d-8a4b-133170912109@group-AC74F23461D9-FollowerState: change to CANDIDATE, lastRpcElapsedTime:5091802302ns, electionTimeout:5091ms
2022-08-24 08:26:40,404 [c136c940-8cdb-469d-8a4b-133170912109@group-AC74F23461D9-FollowerState] INFO  impl.RoleInfo (RoleInfo.java:shutdownFollowerState(110)) - c136c940-8cdb-469d-8a4b-133170912109: shutdown c136c940-8cdb-469d-8a4b-133170912109@group-AC74F23461D9-FollowerState
2022-08-24 08:26:40,405 [c136c940-8cdb-469d-8a4b-133170912109@group-AC74F23461D9-FollowerState] INFO  server.RaftServer$Division (RaftServerImpl.java:setRole(299)) - c136c940-8cdb-469d-8a4b-133170912109@group-AC74F23461D9: changes role from  FOLLOWER to CANDIDATE at term 0 for changeToCandidate
2022-08-24 08:26:40,405 [c136c940-8cdb-469d-8a4b-133170912109@group-AC74F23461D9-FollowerState] INFO  server.RaftServerConfigKeys (ConfUtils.java:logGet(46)) - raft.server.leaderelection.pre-vote = false (custom)
2022-08-24 08:26:40,405 [c136c940-8cdb-469d-8a4b-133170912109@group-AC74F23461D9-FollowerState] INFO  impl.RoleInfo (RoleInfo.java:updateAndGet(139)) - c136c940-8cdb-469d-8a4b-133170912109: start c136c940-8cdb-469d-8a4b-133170912109@group-AC74F23461D9-LeaderElection14
2022-08-24 08:26:40,408 [c136c940-8cdb-469d-8a4b-133170912109@group-AC74F23461D9-LeaderElection14] INFO  impl.LeaderElection (LeaderElection.java:askForVotes(310)) - c136c940-8cdb-469d-8a4b-133170912109@group-AC74F23461D9-LeaderElection14 ELECTION round 0: submit vote requests at term 1 for -1: [c136c940-8cdb-469d-8a4b-133170912109|rpc:10.1.0.105:36895|priority:1], old=null
2022-08-24 08:26:40,408 [c136c940-8cdb-469d-8a4b-133170912109@group-AC74F23461D9-LeaderElection14] INFO  impl.LeaderElection (LeaderElection.java:askForVotes(312)) - c136c940-8cdb-469d-8a4b-133170912109@group-AC74F23461D9-LeaderElection14 ELECTION round 0: result PASSED (term=1)
2022-08-24 08:26:40,408 [c136c940-8cdb-469d-8a4b-133170912109@group-AC74F23461D9-LeaderElection14] INFO  impl.RoleInfo (RoleInfo.java:shutdownLeaderElection(130)) - c136c940-8cdb-469d-8a4b-133170912109: shutdown c136c940-8cdb-469d-8a4b-133170912109@group-AC74F23461D9-LeaderElection14
2022-08-24 08:26:40,408 [c136c940-8cdb-469d-8a4b-133170912109@group-AC74F23461D9-LeaderElection14] INFO  server.RaftServer$Division (RaftServerImpl.java:setRole(299)) - c136c940-8cdb-469d-8a4b-133170912109@group-AC74F23461D9: changes role from CANDIDATE to LEADER at term 1 for changeToLeader
2022-08-24 08:26:40,408 [c136c940-8cdb-469d-8a4b-133170912109@group-AC74F23461D9-LeaderElection14] INFO  ratis.XceiverServerRatis (XceiverServerRatis.java:handleLeaderChangedNotification(863)) - Leader change notification received for group: group-AC74F23461D9 with new leaderId: c136c940-8cdb-469d-8a4b-133170912109
2022-08-24 08:26:40,408 [c136c940-8cdb-469d-8a4b-133170912109@group-AC74F23461D9-LeaderElection14] INFO  server.RaftServer$Division (ServerState.java:setLeader(287)) - c136c940-8cdb-469d-8a4b-133170912109@group-AC74F23461D9: change Leader from null to c136c940-8cdb-469d-8a4b-133170912109 at term 1 for becomeLeader, leader elected after 5111ms
2022-08-24 08:26:40,408 [c136c940-8cdb-469d-8a4b-133170912109@group-AC74F23461D9-LeaderElection14] INFO  server.RaftServerConfigKeys (ConfUtils.java:logGet(46)) - raft.server.staging.catchup.gap = 1000 (default)
2022-08-24 08:26:40,408 [c136c940-8cdb-469d-8a4b-133170912109@group-AC74F23461D9-LeaderElection14] INFO  server.RaftServerConfigKeys (ConfUtils.java:logGet(46)) - raft.server.write.element-limit = 1024 (custom)
2022-08-24 08:26:40,409 [EventQueue-OpenPipelineForHealthyPipelineSafeModeRule] INFO  safemode.SCMSafeModeManager (HealthyPipelineSafeModeRule.java:process(137)) - SCM in safe mode. Healthy pipelines reported count is 0, required healthy pipeline reported count is 1
2022-08-24 08:26:40,410 [c136c940-8cdb-469d-8a4b-133170912109@group-AC74F23461D9-LeaderElection14] INFO  server.RaftServerConfigKeys (ConfUtils.java:logGet(46)) - raft.server.write.byte-limit = 1024 M (=1073741824) (custom)
2022-08-24 08:26:40,410 [c136c940-8cdb-469d-8a4b-133170912109@group-AC74F23461D9-LeaderElection14] INFO  server.RaftServerConfigKeys (ConfUtils.java:logGet(46)) - raft.server.watch.timeout = 180s (custom)
2022-08-24 08:26:40,410 [c136c940-8cdb-469d-8a4b-133170912109@group-AC74F23461D9-LeaderElection14] INFO  server.RaftServerConfigKeys (ConfUtils.java:logGet(46)) - raft.server.watch.timeout.denomination = 1s (default)
2022-08-24 08:26:40,410 [c136c940-8cdb-469d-8a4b-133170912109@group-AC74F23461D9-LeaderElection14] INFO  server.RaftServerConfigKeys (ConfUtils.java:logGet(46)) - raft.server.watch.element-limit = 65536 (default)
2022-08-24 08:26:40,410 [c136c940-8cdb-469d-8a4b-133170912109@group-AC74F23461D9-LeaderElection14] INFO  server.RaftServerConfigKeys (ConfUtils.java:logGet(46)) - raft.server.write.element-limit = 1024 (custom)
2022-08-24 08:26:40,410 [c136c940-8cdb-469d-8a4b-133170912109@group-AC74F23461D9-LeaderElection14] INFO  server.RaftServerConfigKeys (ConfUtils.java:logGet(46)) - raft.server.write.follower.gap.ratio.max = -1.0 (default)
2022-08-24 08:26:40,410 [c136c940-8cdb-469d-8a4b-133170912109@group-AC74F23461D9-LeaderElection14] INFO  impl.RoleInfo (RoleInfo.java:updateAndGet(139)) - c136c940-8cdb-469d-8a4b-133170912109: start c136c940-8cdb-469d-8a4b-133170912109@group-AC74F23461D9-LeaderStateImpl
2022-08-24 08:26:40,411 [c136c940-8cdb-469d-8a4b-133170912109@group-AC74F23461D9-LeaderElection14] INFO  segmented.SegmentedRaftLogWorker (SegmentedRaftLogWorker.java:startLogSegment(425)) - c136c940-8cdb-469d-8a4b-133170912109@group-AC74F23461D9-SegmentedRaftLogWorker: Starting segment from index:0
2022-08-24 08:26:40,413 [c136c940-8cdb-469d-8a4b-133170912109@group-AC74F23461D9-SegmentedRaftLogWorker] INFO  segmented.SegmentedRaftLogWorker (SegmentedRaftLogWorker.java:execute(629)) - c136c940-8cdb-469d-8a4b-133170912109@group-AC74F23461D9-SegmentedRaftLogWorker: created new log segment /home/runner/work/ozone/ozone/hadoop-ozone/integration-test/target/test-dir/MiniOzoneClusterImpl-ef79d86f-cf98-4831-ba1c-bc14f6a33205/datanode-1/data/ratis/10973164-594d-49fc-adb6-ac74f23461d9/current/log_inprogress_0
2022-08-24 08:26:40,414 [c136c940-8cdb-469d-8a4b-133170912109@group-AC74F23461D9-LeaderElection14] INFO  server.RaftServer$Division (ServerState.java:setRaftConf(393)) - c136c940-8cdb-469d-8a4b-133170912109@group-AC74F23461D9: set configuration 0: [c136c940-8cdb-469d-8a4b-133170912109|rpc:10.1.0.105:36895|dataStream:|priority:1], old=null
2022-08-24 08:26:40,706 [ReplicationMonitor] INFO  replication.ReplicationManager (ReplicationManager.java:processAll(255)) - Replication Manager is not ready to run until 3000ms after safemode exit
2022-08-24 08:26:40,764 [Listener at 127.0.0.1/39171] INFO  ozone.MiniOzoneClusterImpl (MiniOzoneClusterImpl.java:lambda$waitForClusterToBeReady$0(216)) - Nodes are ready. Got 6 of 6 DN Heartbeats.
2022-08-24 08:26:40,764 [Listener at 127.0.0.1/39171] INFO  ozone.MiniOzoneClusterImpl (MiniOzoneClusterImpl.java:lambda$waitForClusterToBeReady$0(219)) - Waiting for cluster to exit safe mode
2022-08-24 08:26:40,764 [Listener at 127.0.0.1/39171] INFO  ozone.MiniOzoneClusterImpl (MiniOzoneClusterImpl.java:lambda$waitForClusterToBeReady$0(221)) - SCM became leader
2022-08-24 08:26:40,816 [EventQueue-OpenPipelineForHealthyPipelineSafeModeRule] INFO  safemode.SCMSafeModeManager (HealthyPipelineSafeModeRule.java:process(137)) - SCM in safe mode. Healthy pipelines reported count is 0, required healthy pipeline reported count is 1
2022-08-24 08:26:40,867 [3503030e-0d5c-47ed-9f19-bc5debe5118a@group-716948BEADA3-FollowerState] INFO  impl.FollowerState (FollowerState.java:run(143)) - 3503030e-0d5c-47ed-9f19-bc5debe5118a@group-716948BEADA3-FollowerState: change to CANDIDATE, lastRpcElapsedTime:5038426187ns, electionTimeout:5029ms
2022-08-24 08:26:40,867 [3503030e-0d5c-47ed-9f19-bc5debe5118a@group-716948BEADA3-FollowerState] INFO  impl.RoleInfo (RoleInfo.java:shutdownFollowerState(110)) - 3503030e-0d5c-47ed-9f19-bc5debe5118a: shutdown 3503030e-0d5c-47ed-9f19-bc5debe5118a@group-716948BEADA3-FollowerState
2022-08-24 08:26:40,867 [3503030e-0d5c-47ed-9f19-bc5debe5118a@group-716948BEADA3-FollowerState] INFO  server.RaftServer$Division (RaftServerImpl.java:setRole(299)) - 3503030e-0d5c-47ed-9f19-bc5debe5118a@group-716948BEADA3: changes role from  FOLLOWER to CANDIDATE at term 0 for changeToCandidate
2022-08-24 08:26:40,867 [3503030e-0d5c-47ed-9f19-bc5debe5118a@group-716948BEADA3-FollowerState] INFO  server.RaftServerConfigKeys (ConfUtils.java:logGet(46)) - raft.server.leaderelection.pre-vote = false (custom)
2022-08-24 08:26:40,867 [3503030e-0d5c-47ed-9f19-bc5debe5118a@group-716948BEADA3-FollowerState] INFO  impl.RoleInfo (RoleInfo.java:updateAndGet(139)) - 3503030e-0d5c-47ed-9f19-bc5debe5118a: start 3503030e-0d5c-47ed-9f19-bc5debe5118a@group-716948BEADA3-LeaderElection15
2022-08-24 08:26:40,870 [3503030e-0d5c-47ed-9f19-bc5debe5118a@group-716948BEADA3-LeaderElection15] INFO  impl.LeaderElection (LeaderElection.java:askForVotes(310)) - 3503030e-0d5c-47ed-9f19-bc5debe5118a@group-716948BEADA3-LeaderElection15 ELECTION round 0: submit vote requests at term 1 for -1: [3503030e-0d5c-47ed-9f19-bc5debe5118a|rpc:10.1.0.105:36043|priority:1], old=null
2022-08-24 08:26:40,870 [3503030e-0d5c-47ed-9f19-bc5debe5118a@group-716948BEADA3-LeaderElection15] INFO  impl.LeaderElection (LeaderElection.java:askForVotes(312)) - 3503030e-0d5c-47ed-9f19-bc5debe5118a@group-716948BEADA3-LeaderElection15 ELECTION round 0: result PASSED (term=1)
2022-08-24 08:26:40,870 [3503030e-0d5c-47ed-9f19-bc5debe5118a@group-716948BEADA3-LeaderElection15] INFO  impl.RoleInfo (RoleInfo.java:shutdownLeaderElection(130)) - 3503030e-0d5c-47ed-9f19-bc5debe5118a: shutdown 3503030e-0d5c-47ed-9f19-bc5debe5118a@group-716948BEADA3-LeaderElection15
2022-08-24 08:26:40,870 [3503030e-0d5c-47ed-9f19-bc5debe5118a@group-716948BEADA3-LeaderElection15] INFO  server.RaftServer$Division (RaftServerImpl.java:setRole(299)) - 3503030e-0d5c-47ed-9f19-bc5debe5118a@group-716948BEADA3: changes role from CANDIDATE to LEADER at term 1 for changeToLeader
2022-08-24 08:26:40,870 [3503030e-0d5c-47ed-9f19-bc5debe5118a@group-716948BEADA3-LeaderElection15] INFO  ratis.XceiverServerRatis (XceiverServerRatis.java:handleLeaderChangedNotification(863)) - Leader change notification received for group: group-716948BEADA3 with new leaderId: 3503030e-0d5c-47ed-9f19-bc5debe5118a
2022-08-24 08:26:40,870 [3503030e-0d5c-47ed-9f19-bc5debe5118a@group-716948BEADA3-LeaderElection15] INFO  server.RaftServer$Division (ServerState.java:setLeader(287)) - 3503030e-0d5c-47ed-9f19-bc5debe5118a@group-716948BEADA3: change Leader from null to 3503030e-0d5c-47ed-9f19-bc5debe5118a at term 1 for becomeLeader, leader elected after 5048ms
2022-08-24 08:26:40,870 [3503030e-0d5c-47ed-9f19-bc5debe5118a@group-716948BEADA3-LeaderElection15] INFO  server.RaftServerConfigKeys (ConfUtils.java:logGet(46)) - raft.server.staging.catchup.gap = 1000 (default)
2022-08-24 08:26:40,870 [3503030e-0d5c-47ed-9f19-bc5debe5118a@group-716948BEADA3-LeaderElection15] INFO  server.RaftServerConfigKeys (ConfUtils.java:logGet(46)) - raft.server.write.element-limit = 1024 (custom)
2022-08-24 08:26:40,871 [3503030e-0d5c-47ed-9f19-bc5debe5118a@group-716948BEADA3-LeaderElection15] INFO  server.RaftServerConfigKeys (ConfUtils.java:logGet(46)) - raft.server.write.byte-limit = 1024 M (=1073741824) (custom)
2022-08-24 08:26:40,871 [EventQueue-OpenPipelineForHealthyPipelineSafeModeRule] INFO  safemode.SCMSafeModeManager (HealthyPipelineSafeModeRule.java:process(137)) - SCM in safe mode. Healthy pipelines reported count is 0, required healthy pipeline reported count is 1
2022-08-24 08:26:40,871 [3503030e-0d5c-47ed-9f19-bc5debe5118a@group-716948BEADA3-LeaderElection15] INFO  server.RaftServerConfigKeys (ConfUtils.java:logGet(46)) - raft.server.watch.timeout = 180s (custom)
2022-08-24 08:26:40,871 [3503030e-0d5c-47ed-9f19-bc5debe5118a@group-716948BEADA3-LeaderElection15] INFO  server.RaftServerConfigKeys (ConfUtils.java:logGet(46)) - raft.server.watch.timeout.denomination = 1s (default)
2022-08-24 08:26:40,871 [3503030e-0d5c-47ed-9f19-bc5debe5118a@group-716948BEADA3-LeaderElection15] INFO  server.RaftServerConfigKeys (ConfUtils.java:logGet(46)) - raft.server.watch.element-limit = 65536 (default)
2022-08-24 08:26:40,871 [3503030e-0d5c-47ed-9f19-bc5debe5118a@group-716948BEADA3-LeaderElection15] INFO  server.RaftServerConfigKeys (ConfUtils.java:logGet(46)) - raft.server.write.element-limit = 1024 (custom)
2022-08-24 08:26:40,871 [3503030e-0d5c-47ed-9f19-bc5debe5118a@group-716948BEADA3-LeaderElection15] INFO  server.RaftServerConfigKeys (ConfUtils.java:logGet(46)) - raft.server.write.follower.gap.ratio.max = -1.0 (default)
2022-08-24 08:26:40,871 [3503030e-0d5c-47ed-9f19-bc5debe5118a@group-716948BEADA3-LeaderElection15] INFO  impl.RoleInfo (RoleInfo.java:updateAndGet(139)) - 3503030e-0d5c-47ed-9f19-bc5debe5118a: start 3503030e-0d5c-47ed-9f19-bc5debe5118a@group-716948BEADA3-LeaderStateImpl
2022-08-24 08:26:40,871 [3503030e-0d5c-47ed-9f19-bc5debe5118a@group-716948BEADA3-LeaderElection15] INFO  segmented.SegmentedRaftLogWorker (SegmentedRaftLogWorker.java:startLogSegment(425)) - 3503030e-0d5c-47ed-9f19-bc5debe5118a@group-716948BEADA3-SegmentedRaftLogWorker: Starting segment from index:0
2022-08-24 08:26:40,873 [3503030e-0d5c-47ed-9f19-bc5debe5118a@group-716948BEADA3-LeaderElection15] INFO  server.RaftServer$Division (ServerState.java:setRaftConf(393)) - 3503030e-0d5c-47ed-9f19-bc5debe5118a@group-716948BEADA3: set configuration 0: [3503030e-0d5c-47ed-9f19-bc5debe5118a|rpc:10.1.0.105:36043|dataStream:|priority:1], old=null
2022-08-24 08:26:40,873 [3503030e-0d5c-47ed-9f19-bc5debe5118a@group-716948BEADA3-SegmentedRaftLogWorker] INFO  segmented.SegmentedRaftLogWorker (SegmentedRaftLogWorker.java:execute(629)) - 3503030e-0d5c-47ed-9f19-bc5debe5118a@group-716948BEADA3-SegmentedRaftLogWorker: created new log segment /home/runner/work/ozone/ozone/hadoop-ozone/integration-test/target/test-dir/MiniOzoneClusterImpl-ef79d86f-cf98-4831-ba1c-bc14f6a33205/datanode-2/data/ratis/1a03b8c9-7a7e-4baa-9ad0-716948beada3/current/log_inprogress_0
2022-08-24 08:26:41,187 [ReplicationMonitor] INFO  replication.ReplicationManager (ReplicationManager.java:processAll(293)) - Replication Monitor Thread took 0 milliseconds for processing 3 containers.
2022-08-24 08:26:41,261 [main] INFO  ozoneimpl.OzoneContainer (OzoneContainer.java:stop(399)) - Attempting to stop container services.
2022-08-24 08:26:41,269 [main] INFO  server.RaftServer (RaftServerProxy.java:lambda$close$7(398)) - 440b8e2f-1f04-4f01-a821-43dde6dd996e: close
2022-08-24 08:26:41,269 [main] INFO  server.GrpcService (GrpcService.java:closeImpl(269)) - 440b8e2f-1f04-4f01-a821-43dde6dd996e: shutdown server with port 43463 now
2022-08-24 08:26:41,276 [main] INFO  server.GrpcService (GrpcService.java:closeImpl(278)) - 440b8e2f-1f04-4f01-a821-43dde6dd996e: shutdown server with port 43463 successfully
2022-08-24 08:26:41,278 [org.apache.ratis.util.JvmPauseMonitor$$Lambda$715/492429123@24a1767b] INFO  util.JvmPauseMonitor (JvmPauseMonitor.java:run(109)) - JvmPauseMonitor-440b8e2f-1f04-4f01-a821-43dde6dd996e: Stopped
2022-08-24 08:26:41,345 [29766b75-87c1-45cf-9e15-7604919a1259@group-2ADE258D0CE4-FollowerState] INFO  impl.FollowerState (FollowerState.java:run(143)) - 29766b75-87c1-45cf-9e15-7604919a1259@group-2ADE258D0CE4-FollowerState: change to CANDIDATE, lastRpcElapsedTime:5137121879ns, electionTimeout:5134ms
2022-08-24 08:26:41,345 [29766b75-87c1-45cf-9e15-7604919a1259@group-2ADE258D0CE4-FollowerState] INFO  impl.RoleInfo (RoleInfo.java:shutdownFollowerState(110)) - 29766b75-87c1-45cf-9e15-7604919a1259: shutdown 29766b75-87c1-45cf-9e15-7604919a1259@group-2ADE258D0CE4-FollowerState
2022-08-24 08:26:41,345 [29766b75-87c1-45cf-9e15-7604919a1259@group-2ADE258D0CE4-FollowerState] INFO  server.RaftServer$Division (RaftServerImpl.java:setRole(299)) - 29766b75-87c1-45cf-9e15-7604919a1259@group-2ADE258D0CE4: changes role from  FOLLOWER to CANDIDATE at term 0 for changeToCandidate
2022-08-24 08:26:41,345 [29766b75-87c1-45cf-9e15-7604919a1259@group-2ADE258D0CE4-FollowerState] INFO  server.RaftServerConfigKeys (ConfUtils.java:logGet(46)) - raft.server.leaderelection.pre-vote = false (custom)
2022-08-24 08:26:41,345 [29766b75-87c1-45cf-9e15-7604919a1259@group-2ADE258D0CE4-FollowerState] INFO  impl.RoleInfo (RoleInfo.java:updateAndGet(139)) - 29766b75-87c1-45cf-9e15-7604919a1259: start 29766b75-87c1-45cf-9e15-7604919a1259@group-2ADE258D0CE4-LeaderElection16
2022-08-24 08:26:41,346 [70662cbb-713a-42dd-806f-fd02fc40d4c3@group-949BF1940864-FollowerState] INFO  impl.FollowerState (FollowerState.java:run(143)) - 70662cbb-713a-42dd-806f-fd02fc40d4c3@group-949BF1940864-FollowerState: change to CANDIDATE, lastRpcElapsedTime:5176225789ns, electionTimeout:5175ms
2022-08-24 08:26:41,347 [70662cbb-713a-42dd-806f-fd02fc40d4c3@group-949BF1940864-FollowerState] INFO  impl.RoleInfo (RoleInfo.java:shutdownFollowerState(110)) - 70662cbb-713a-42dd-806f-fd02fc40d4c3: shutdown 70662cbb-713a-42dd-806f-fd02fc40d4c3@group-949BF1940864-FollowerState
2022-08-24 08:26:41,347 [70662cbb-713a-42dd-806f-fd02fc40d4c3@group-949BF1940864-FollowerState] INFO  server.RaftServer$Division (RaftServerImpl.java:setRole(299)) - 70662cbb-713a-42dd-806f-fd02fc40d4c3@group-949BF1940864: changes role from  FOLLOWER to CANDIDATE at term 0 for changeToCandidate
2022-08-24 08:26:41,347 [70662cbb-713a-42dd-806f-fd02fc40d4c3@group-949BF1940864-FollowerState] INFO  server.RaftServerConfigKeys (ConfUtils.java:logGet(46)) - raft.server.leaderelection.pre-vote = false (custom)
2022-08-24 08:26:41,347 [70662cbb-713a-42dd-806f-fd02fc40d4c3@group-949BF1940864-FollowerState] INFO  impl.RoleInfo (RoleInfo.java:updateAndGet(139)) - 70662cbb-713a-42dd-806f-fd02fc40d4c3: start 70662cbb-713a-42dd-806f-fd02fc40d4c3@group-949BF1940864-LeaderElection17
2022-08-24 08:26:41,350 [29766b75-87c1-45cf-9e15-7604919a1259@group-2ADE258D0CE4-LeaderElection16] INFO  impl.LeaderElection (LeaderElection.java:askForVotes(310)) - 29766b75-87c1-45cf-9e15-7604919a1259@group-2ADE258D0CE4-LeaderElection16 ELECTION round 0: submit vote requests at term 1 for -1: [70662cbb-713a-42dd-806f-fd02fc40d4c3|rpc:10.1.0.105:35509|dataStream:|priority:1, 29766b75-87c1-45cf-9e15-7604919a1259|rpc:10.1.0.105:41003|dataStream:|priority:0, e21bab81-453e-4fc5-885c-2c6423e21b52|rpc:10.1.0.105:45113|dataStream:|priority:0], old=null
2022-08-24 08:26:41,351 [70662cbb-713a-42dd-806f-fd02fc40d4c3@group-949BF1940864-LeaderElection17] INFO  impl.LeaderElection (LeaderElection.java:askForVotes(310)) - 70662cbb-713a-42dd-806f-fd02fc40d4c3@group-949BF1940864-LeaderElection17 ELECTION round 0: submit vote requests at term 1 for -1: [70662cbb-713a-42dd-806f-fd02fc40d4c3|rpc:10.1.0.105:35509|priority:1], old=null
2022-08-24 08:26:41,351 [70662cbb-713a-42dd-806f-fd02fc40d4c3@group-949BF1940864-LeaderElection17] INFO  impl.LeaderElection (LeaderElection.java:askForVotes(312)) - 70662cbb-713a-42dd-806f-fd02fc40d4c3@group-949BF1940864-LeaderElection17 ELECTION round 0: result PASSED (term=1)
2022-08-24 08:26:41,351 [70662cbb-713a-42dd-806f-fd02fc40d4c3@group-949BF1940864-LeaderElection17] INFO  impl.RoleInfo (RoleInfo.java:shutdownLeaderElection(130)) - 70662cbb-713a-42dd-806f-fd02fc40d4c3: shutdown 70662cbb-713a-42dd-806f-fd02fc40d4c3@group-949BF1940864-LeaderElection17
2022-08-24 08:26:41,351 [70662cbb-713a-42dd-806f-fd02fc40d4c3@group-949BF1940864-LeaderElection17] INFO  server.RaftServer$Division (RaftServerImpl.java:setRole(299)) - 70662cbb-713a-42dd-806f-fd02fc40d4c3@group-949BF1940864: changes role from CANDIDATE to LEADER at term 1 for changeToLeader
2022-08-24 08:26:41,351 [70662cbb-713a-42dd-806f-fd02fc40d4c3@group-949BF1940864-LeaderElection17] INFO  ratis.XceiverServerRatis (XceiverServerRatis.java:handleLeaderChangedNotification(863)) - Leader change notification received for group: group-949BF1940864 with new leaderId: 70662cbb-713a-42dd-806f-fd02fc40d4c3
2022-08-24 08:26:41,354 [70662cbb-713a-42dd-806f-fd02fc40d4c3@group-949BF1940864-LeaderElection17] INFO  server.RaftServer$Division (ServerState.java:setLeader(287)) - 70662cbb-713a-42dd-806f-fd02fc40d4c3@group-949BF1940864: change Leader from null to 70662cbb-713a-42dd-806f-fd02fc40d4c3 at term 1 for becomeLeader, leader elected after 5188ms
2022-08-24 08:26:41,354 [70662cbb-713a-42dd-806f-fd02fc40d4c3@group-949BF1940864-LeaderElection17] INFO  server.RaftServerConfigKeys (ConfUtils.java:logGet(46)) - raft.server.staging.catchup.gap = 1000 (default)
2022-08-24 08:26:41,354 [70662cbb-713a-42dd-806f-fd02fc40d4c3@group-949BF1940864-LeaderElection17] INFO  server.RaftServerConfigKeys (ConfUtils.java:logGet(46)) - raft.server.write.element-limit = 1024 (custom)
2022-08-24 08:26:41,355 [EventQueue-OpenPipelineForHealthyPipelineSafeModeRule] INFO  safemode.SCMSafeModeManager (HealthyPipelineSafeModeRule.java:process(137)) - SCM in safe mode. Healthy pipelines reported count is 0, required healthy pipeline reported count is 1
2022-08-24 08:26:41,357 [70662cbb-713a-42dd-806f-fd02fc40d4c3@group-949BF1940864-LeaderElection17] INFO  server.RaftServerConfigKeys (ConfUtils.java:logGet(46)) - raft.server.write.byte-limit = 1024 M (=1073741824) (custom)
2022-08-24 08:26:41,357 [70662cbb-713a-42dd-806f-fd02fc40d4c3@group-949BF1940864-LeaderElection17] INFO  server.RaftServerConfigKeys (ConfUtils.java:logGet(46)) - raft.server.watch.timeout = 180s (custom)
2022-08-24 08:26:41,357 [70662cbb-713a-42dd-806f-fd02fc40d4c3@group-949BF1940864-LeaderElection17] INFO  server.RaftServerConfigKeys (ConfUtils.java:logGet(46)) - raft.server.watch.timeout.denomination = 1s (default)
2022-08-24 08:26:41,357 [70662cbb-713a-42dd-806f-fd02fc40d4c3@group-949BF1940864-LeaderElection17] INFO  server.RaftServerConfigKeys (ConfUtils.java:logGet(46)) - raft.server.watch.element-limit = 65536 (default)
2022-08-24 08:26:41,357 [70662cbb-713a-42dd-806f-fd02fc40d4c3@group-949BF1940864-LeaderElection17] INFO  server.RaftServerConfigKeys (ConfUtils.java:logGet(46)) - raft.server.write.element-limit = 1024 (custom)
2022-08-24 08:26:41,357 [70662cbb-713a-42dd-806f-fd02fc40d4c3@group-949BF1940864-LeaderElection17] INFO  server.RaftServerConfigKeys (ConfUtils.java:logGet(46)) - raft.server.write.follower.gap.ratio.max = -1.0 (default)
2022-08-24 08:26:41,358 [70662cbb-713a-42dd-806f-fd02fc40d4c3@group-949BF1940864-LeaderElection17] INFO  impl.RoleInfo (RoleInfo.java:updateAndGet(139)) - 70662cbb-713a-42dd-806f-fd02fc40d4c3: start 70662cbb-713a-42dd-806f-fd02fc40d4c3@group-949BF1940864-LeaderStateImpl
2022-08-24 08:26:41,358 [70662cbb-713a-42dd-806f-fd02fc40d4c3@group-949BF1940864-LeaderElection17] INFO  segmented.SegmentedRaftLogWorker (SegmentedRaftLogWorker.java:startLogSegment(425)) - 70662cbb-713a-42dd-806f-fd02fc40d4c3@group-949BF1940864-SegmentedRaftLogWorker: Starting segment from index:0
2022-08-24 08:26:41,358 [grpc-default-executor-2] INFO  server.RaftServer$Division (RaftServerImpl.java:requestVote(1152)) - 70662cbb-713a-42dd-806f-fd02fc40d4c3@group-2ADE258D0CE4: receive requestVote(ELECTION, 29766b75-87c1-45cf-9e15-7604919a1259, group-2ADE258D0CE4, 1, (t:0, i:0))
2022-08-24 08:26:41,358 [grpc-default-executor-2] INFO  impl.VoteContext (VoteContext.java:log(48)) - 70662cbb-713a-42dd-806f-fd02fc40d4c3@group-2ADE258D0CE4-FOLLOWER: reject ELECTION from 29766b75-87c1-45cf-9e15-7604919a1259: our priority 1 > candidate's priority 0
2022-08-24 08:26:41,358 [grpc-default-executor-2] INFO  server.RaftServer$Division (RaftServerImpl.java:setRole(299)) - 70662cbb-713a-42dd-806f-fd02fc40d4c3@group-2ADE258D0CE4: changes role from  FOLLOWER to FOLLOWER at term 1 for candidate:29766b75-87c1-45cf-9e15-7604919a1259
2022-08-24 08:26:41,359 [grpc-default-executor-2] INFO  impl.RoleInfo (RoleInfo.java:shutdownFollowerState(110)) - 70662cbb-713a-42dd-806f-fd02fc40d4c3: shutdown 70662cbb-713a-42dd-806f-fd02fc40d4c3@group-2ADE258D0CE4-FollowerState
2022-08-24 08:26:41,359 [grpc-default-executor-2] INFO  impl.RoleInfo (RoleInfo.java:updateAndGet(139)) - 70662cbb-713a-42dd-806f-fd02fc40d4c3: start 70662cbb-713a-42dd-806f-fd02fc40d4c3@group-2ADE258D0CE4-FollowerState
2022-08-24 08:26:41,359 [70662cbb-713a-42dd-806f-fd02fc40d4c3@group-2ADE258D0CE4-FollowerState] INFO  impl.FollowerState (FollowerState.java:run(152)) - 70662cbb-713a-42dd-806f-fd02fc40d4c3@group-2ADE258D0CE4-FollowerState was interrupted
2022-08-24 08:26:41,359 [70662cbb-713a-42dd-806f-fd02fc40d4c3@group-949BF1940864-SegmentedRaftLogWorker] INFO  segmented.SegmentedRaftLogWorker (SegmentedRaftLogWorker.java:execute(629)) - 70662cbb-713a-42dd-806f-fd02fc40d4c3@group-949BF1940864-SegmentedRaftLogWorker: created new log segment /home/runner/work/ozone/ozone/hadoop-ozone/integration-test/target/test-dir/MiniOzoneClusterImpl-ef79d86f-cf98-4831-ba1c-bc14f6a33205/datanode-3/data/ratis/db7ed95a-de12-42d2-97be-949bf1940864/current/log_inprogress_0
2022-08-24 08:26:41,364 [grpc-default-executor-2] INFO  server.RaftServer$Division (RaftServerImpl.java:requestVote(1184)) - 70662cbb-713a-42dd-806f-fd02fc40d4c3@group-2ADE258D0CE4 replies to ELECTION vote request: 29766b75-87c1-45cf-9e15-7604919a1259<-70662cbb-713a-42dd-806f-fd02fc40d4c3#0:FAIL-t1. Peer's state: 70662cbb-713a-42dd-806f-fd02fc40d4c3@group-2ADE258D0CE4:t1, leader=null, voted=null, raftlog=70662cbb-713a-42dd-806f-fd02fc40d4c3@group-2ADE258D0CE4-SegmentedRaftLog:OPENED:c-1, conf=-1: [70662cbb-713a-42dd-806f-fd02fc40d4c3|rpc:10.1.0.105:35509|priority:1, 29766b75-87c1-45cf-9e15-7604919a1259|rpc:10.1.0.105:41003|priority:0, e21bab81-453e-4fc5-885c-2c6423e21b52|rpc:10.1.0.105:45113|priority:0], old=null
2022-08-24 08:26:41,366 [70662cbb-713a-42dd-806f-fd02fc40d4c3@group-949BF1940864-LeaderElection17] INFO  server.RaftServer$Division (ServerState.java:setRaftConf(393)) - 70662cbb-713a-42dd-806f-fd02fc40d4c3@group-949BF1940864: set configuration 0: [70662cbb-713a-42dd-806f-fd02fc40d4c3|rpc:10.1.0.105:35509|dataStream:|priority:1], old=null
2022-08-24 08:26:41,371 [29766b75-87c1-45cf-9e15-7604919a1259@group-2ADE258D0CE4-LeaderElection16] INFO  impl.LeaderElection (LeaderElection.java:logAndReturn(90)) - 29766b75-87c1-45cf-9e15-7604919a1259@group-2ADE258D0CE4-LeaderElection16: ELECTION REJECTED received 1 response(s) and 0 exception(s):
2022-08-24 08:26:41,371 [29766b75-87c1-45cf-9e15-7604919a1259@group-2ADE258D0CE4-LeaderElection16] INFO  impl.LeaderElection (LeaderElection.java:logAndReturn(94)) -   Response 0: 29766b75-87c1-45cf-9e15-7604919a1259<-70662cbb-713a-42dd-806f-fd02fc40d4c3#0:FAIL-t1
2022-08-24 08:26:41,371 [29766b75-87c1-45cf-9e15-7604919a1259@group-2ADE258D0CE4-LeaderElection16] INFO  impl.LeaderElection (LeaderElection.java:askForVotes(312)) - 29766b75-87c1-45cf-9e15-7604919a1259@group-2ADE258D0CE4-LeaderElection16 ELECTION round 0: result REJECTED
2022-08-24 08:26:41,371 [29766b75-87c1-45cf-9e15-7604919a1259@group-2ADE258D0CE4-LeaderElection16] INFO  server.RaftServer$Division (RaftServerImpl.java:setRole(299)) - 29766b75-87c1-45cf-9e15-7604919a1259@group-2ADE258D0CE4: changes role from CANDIDATE to FOLLOWER at term 1 for REJECTED
2022-08-24 08:26:41,371 [29766b75-87c1-45cf-9e15-7604919a1259@group-2ADE258D0CE4-LeaderElection16] INFO  impl.RoleInfo (RoleInfo.java:shutdownLeaderElection(130)) - 29766b75-87c1-45cf-9e15-7604919a1259: shutdown 29766b75-87c1-45cf-9e15-7604919a1259@group-2ADE258D0CE4-LeaderElection16
2022-08-24 08:26:41,372 [29766b75-87c1-45cf-9e15-7604919a1259@group-2ADE258D0CE4-LeaderElection16] INFO  impl.RoleInfo (RoleInfo.java:updateAndGet(139)) - 29766b75-87c1-45cf-9e15-7604919a1259: start 29766b75-87c1-45cf-9e15-7604919a1259@group-2ADE258D0CE4-FollowerState
2022-08-24 08:26:41,371 [grpc-default-executor-0] INFO  server.RaftServer$Division (RaftServerImpl.java:requestVote(1152)) - e21bab81-453e-4fc5-885c-2c6423e21b52@group-2ADE258D0CE4: receive requestVote(ELECTION, 29766b75-87c1-45cf-9e15-7604919a1259, group-2ADE258D0CE4, 1, (t:0, i:0))
2022-08-24 08:26:41,372 [grpc-default-executor-0] INFO  impl.VoteContext (VoteContext.java:log(48)) - e21bab81-453e-4fc5-885c-2c6423e21b52@group-2ADE258D0CE4-FOLLOWER: accept ELECTION from 29766b75-87c1-45cf-9e15-7604919a1259: our priority 0 <= candidate's priority 0
2022-08-24 08:26:41,372 [grpc-default-executor-0] INFO  server.RaftServer$Division (RaftServerImpl.java:setRole(299)) - e21bab81-453e-4fc5-885c-2c6423e21b52@group-2ADE258D0CE4: changes role from  FOLLOWER to FOLLOWER at term 1 for candidate:29766b75-87c1-45cf-9e15-7604919a1259
2022-08-24 08:26:41,372 [grpc-default-executor-0] INFO  impl.RoleInfo (RoleInfo.java:shutdownFollowerState(110)) - e21bab81-453e-4fc5-885c-2c6423e21b52: shutdown e21bab81-453e-4fc5-885c-2c6423e21b52@group-2ADE258D0CE4-FollowerState
2022-08-24 08:26:41,375 [grpc-default-executor-0] INFO  impl.RoleInfo (RoleInfo.java:updateAndGet(139)) - e21bab81-453e-4fc5-885c-2c6423e21b52: start e21bab81-453e-4fc5-885c-2c6423e21b52@group-2ADE258D0CE4-FollowerState
2022-08-24 08:26:41,375 [e21bab81-453e-4fc5-885c-2c6423e21b52@group-2ADE258D0CE4-FollowerState] INFO  impl.FollowerState (FollowerState.java:run(152)) - e21bab81-453e-4fc5-885c-2c6423e21b52@group-2ADE258D0CE4-FollowerState was interrupted
2022-08-24 08:26:41,376 [grpc-default-executor-0] INFO  server.RaftServer$Division (RaftServerImpl.java:requestVote(1184)) - e21bab81-453e-4fc5-885c-2c6423e21b52@group-2ADE258D0CE4 replies to ELECTION vote request: 29766b75-87c1-45cf-9e15-7604919a1259<-e21bab81-453e-4fc5-885c-2c6423e21b52#0:OK-t1. Peer's state: e21bab81-453e-4fc5-885c-2c6423e21b52@group-2ADE258D0CE4:t1, leader=null, voted=29766b75-87c1-45cf-9e15-7604919a1259, raftlog=e21bab81-453e-4fc5-885c-2c6423e21b52@group-2ADE258D0CE4-SegmentedRaftLog:OPENED:c-1, conf=-1: [70662cbb-713a-42dd-806f-fd02fc40d4c3|rpc:10.1.0.105:35509|dataStream:|priority:1, 29766b75-87c1-45cf-9e15-7604919a1259|rpc:10.1.0.105:41003|dataStream:|priority:0, e21bab81-453e-4fc5-885c-2c6423e21b52|rpc:10.1.0.105:45113|dataStream:|priority:0], old=null
2022-08-24 08:26:41,409 [EventQueue-OpenPipelineForHealthyPipelineSafeModeRule] INFO  safemode.SCMSafeModeManager (HealthyPipelineSafeModeRule.java:process(137)) - SCM in safe mode. Healthy pipelines reported count is 0, required healthy pipeline reported count is 1
2022-08-24 08:26:41,472 [EventQueue-OpenPipelineForHealthyPipelineSafeModeRule] INFO  safemode.SCMSafeModeManager (HealthyPipelineSafeModeRule.java:process(137)) - SCM in safe mode. Healthy pipelines reported count is 0, required healthy pipeline reported count is 1
2022-08-24 08:26:41,513 [e21bab81-453e-4fc5-885c-2c6423e21b52@group-C30E00763E77-FollowerState] INFO  impl.FollowerState (FollowerState.java:run(143)) - e21bab81-453e-4fc5-885c-2c6423e21b52@group-C30E00763E77-FollowerState: change to CANDIDATE, lastRpcElapsedTime:5036831121ns, electionTimeout:5036ms
2022-08-24 08:26:41,513 [e21bab81-453e-4fc5-885c-2c6423e21b52@group-C30E00763E77-FollowerState] INFO  impl.RoleInfo (RoleInfo.java:shutdownFollowerState(110)) - e21bab81-453e-4fc5-885c-2c6423e21b52: shutdown e21bab81-453e-4fc5-885c-2c6423e21b52@group-C30E00763E77-FollowerState
2022-08-24 08:26:41,513 [e21bab81-453e-4fc5-885c-2c6423e21b52@group-C30E00763E77-FollowerState] INFO  server.RaftServer$Division (RaftServerImpl.java:setRole(299)) - e21bab81-453e-4fc5-885c-2c6423e21b52@group-C30E00763E77: changes role from  FOLLOWER to CANDIDATE at term 0 for changeToCandidate
2022-08-24 08:26:41,513 [e21bab81-453e-4fc5-885c-2c6423e21b52@group-C30E00763E77-FollowerState] INFO  server.RaftServerConfigKeys (ConfUtils.java:logGet(46)) - raft.server.leaderelection.pre-vote = false (custom)
2022-08-24 08:26:41,513 [e21bab81-453e-4fc5-885c-2c6423e21b52@group-C30E00763E77-FollowerState] INFO  impl.RoleInfo (RoleInfo.java:updateAndGet(139)) - e21bab81-453e-4fc5-885c-2c6423e21b52: start e21bab81-453e-4fc5-885c-2c6423e21b52@group-C30E00763E77-LeaderElection18
2022-08-24 08:26:41,516 [e21bab81-453e-4fc5-885c-2c6423e21b52@group-C30E00763E77-LeaderElection18] INFO  impl.LeaderElection (LeaderElection.java:askForVotes(310)) - e21bab81-453e-4fc5-885c-2c6423e21b52@group-C30E00763E77-LeaderElection18 ELECTION round 0: submit vote requests at term 1 for -1: [e21bab81-453e-4fc5-885c-2c6423e21b52|rpc:10.1.0.105:45113|priority:1], old=null
2022-08-24 08:26:41,516 [e21bab81-453e-4fc5-885c-2c6423e21b52@group-C30E00763E77-LeaderElection18] INFO  impl.LeaderElection (LeaderElection.java:askForVotes(312)) - e21bab81-453e-4fc5-885c-2c6423e21b52@group-C30E00763E77-LeaderElection18 ELECTION round 0: result PASSED (term=1)
2022-08-24 08:26:41,516 [e21bab81-453e-4fc5-885c-2c6423e21b52@group-C30E00763E77-LeaderElection18] INFO  impl.RoleInfo (RoleInfo.java:shutdownLeaderElection(130)) - e21bab81-453e-4fc5-885c-2c6423e21b52: shutdown e21bab81-453e-4fc5-885c-2c6423e21b52@group-C30E00763E77-LeaderElection18
2022-08-24 08:26:41,516 [e21bab81-453e-4fc5-885c-2c6423e21b52@group-C30E00763E77-LeaderElection18] INFO  server.RaftServer$Division (RaftServerImpl.java:setRole(299)) - e21bab81-453e-4fc5-885c-2c6423e21b52@group-C30E00763E77: changes role from CANDIDATE to LEADER at term 1 for changeToLeader
2022-08-24 08:26:41,516 [e21bab81-453e-4fc5-885c-2c6423e21b52@group-C30E00763E77-LeaderElection18] INFO  ratis.XceiverServerRatis (XceiverServerRatis.java:handleLeaderChangedNotification(863)) - Leader change notification received for group: group-C30E00763E77 with new leaderId: e21bab81-453e-4fc5-885c-2c6423e21b52
2022-08-24 08:26:41,516 [e21bab81-453e-4fc5-885c-2c6423e21b52@group-C30E00763E77-LeaderElection18] INFO  server.RaftServer$Division (ServerState.java:setLeader(287)) - e21bab81-453e-4fc5-885c-2c6423e21b52@group-C30E00763E77: change Leader from null to e21bab81-453e-4fc5-885c-2c6423e21b52 at term 1 for becomeLeader, leader elected after 5046ms
2022-08-24 08:26:41,516 [e21bab81-453e-4fc5-885c-2c6423e21b52@group-C30E00763E77-LeaderElection18] INFO  server.RaftServerConfigKeys (ConfUtils.java:logGet(46)) - raft.server.staging.catchup.gap = 1000 (default)
2022-08-24 08:26:41,517 [EventQueue-OpenPipelineForHealthyPipelineSafeModeRule] INFO  safemode.SCMSafeModeManager (HealthyPipelineSafeModeRule.java:process(137)) - SCM in safe mode. Healthy pipelines reported count is 0, required healthy pipeline reported count is 1
2022-08-24 08:26:41,517 [e21bab81-453e-4fc5-885c-2c6423e21b52@group-C30E00763E77-LeaderElection18] INFO  server.RaftServerConfigKeys (ConfUtils.java:logGet(46)) - raft.server.write.element-limit = 1024 (custom)
2022-08-24 08:26:41,517 [e21bab81-453e-4fc5-885c-2c6423e21b52@group-C30E00763E77-LeaderElection18] INFO  server.RaftServerConfigKeys (ConfUtils.java:logGet(46)) - raft.server.write.byte-limit = 1024 M (=1073741824) (custom)
2022-08-24 08:26:41,517 [e21bab81-453e-4fc5-885c-2c6423e21b52@group-C30E00763E77-LeaderElection18] INFO  server.RaftServerConfigKeys (ConfUtils.java:logGet(46)) - raft.server.watch.timeout = 180s (custom)
2022-08-24 08:26:41,517 [e21bab81-453e-4fc5-885c-2c6423e21b52@group-C30E00763E77-LeaderElection18] INFO  server.RaftServerConfigKeys (ConfUtils.java:logGet(46)) - raft.server.watch.timeout.denomination = 1s (default)
2022-08-24 08:26:41,517 [e21bab81-453e-4fc5-885c-2c6423e21b52@group-C30E00763E77-LeaderElection18] INFO  server.RaftServerConfigKeys (ConfUtils.java:logGet(46)) - raft.server.watch.element-limit = 65536 (default)
2022-08-24 08:26:41,517 [e21bab81-453e-4fc5-885c-2c6423e21b52@group-C30E00763E77-LeaderElection18] INFO  server.RaftServerConfigKeys (ConfUtils.java:logGet(46)) - raft.server.write.element-limit = 1024 (custom)
2022-08-24 08:26:41,518 [e21bab81-453e-4fc5-885c-2c6423e21b52@group-C30E00763E77-LeaderElection18] INFO  server.RaftServerConfigKeys (ConfUtils.java:logGet(46)) - raft.server.write.follower.gap.ratio.max = -1.0 (default)
2022-08-24 08:26:41,518 [e21bab81-453e-4fc5-885c-2c6423e21b52@group-C30E00763E77-LeaderElection18] INFO  impl.RoleInfo (RoleInfo.java:updateAndGet(139)) - e21bab81-453e-4fc5-885c-2c6423e21b52: start e21bab81-453e-4fc5-885c-2c6423e21b52@group-C30E00763E77-LeaderStateImpl
2022-08-24 08:26:41,518 [e21bab81-453e-4fc5-885c-2c6423e21b52@group-C30E00763E77-LeaderElection18] INFO  segmented.SegmentedRaftLogWorker (SegmentedRaftLogWorker.java:startLogSegment(425)) - e21bab81-453e-4fc5-885c-2c6423e21b52@group-C30E00763E77-SegmentedRaftLogWorker: Starting segment from index:0
2022-08-24 08:26:41,522 [e21bab81-453e-4fc5-885c-2c6423e21b52@group-C30E00763E77-LeaderElection18] INFO  server.RaftServer$Division (ServerState.java:setRaftConf(393)) - e21bab81-453e-4fc5-885c-2c6423e21b52@group-C30E00763E77: set configuration 0: [e21bab81-453e-4fc5-885c-2c6423e21b52|rpc:10.1.0.105:45113|dataStream:|priority:1], old=null
2022-08-24 08:26:41,522 [e21bab81-453e-4fc5-885c-2c6423e21b52@group-C30E00763E77-SegmentedRaftLogWorker] INFO  segmented.SegmentedRaftLogWorker (SegmentedRaftLogWorker.java:execute(629)) - e21bab81-453e-4fc5-885c-2c6423e21b52@group-C30E00763E77-SegmentedRaftLogWorker: created new log segment /home/runner/work/ozone/ozone/hadoop-ozone/integration-test/target/test-dir/MiniOzoneClusterImpl-ef79d86f-cf98-4831-ba1c-bc14f6a33205/datanode-4/data/ratis/acff64a5-44b0-4184-91dc-c30e00763e77/current/log_inprogress_0
2022-08-24 08:26:41,545 [EventQueue-DeadNodeForDeadNodeHandler] INFO  node.DeadNodeHandler (DeadNodeHandler.java:onMessage(81)) - A dead datanode is detected. 440b8e2f-1f04-4f01-a821-43dde6dd996e{ip: 10.1.0.105, host: fv-az96-669.m4cgkdvplvgupd014rd20bgx3d.gx.internal.cloudapp.net, ports: [REPLICATION=33745, RATIS=43463, RATIS_ADMIN=43463, RATIS_SERVER=43463, STANDALONE=38569], networkLocation: /default-rack, certSerialId: null, persistedOpState: DECOMMISSIONING, persistedOpStateExpiryEpochSec: 0}
2022-08-24 08:26:41,546 [EventQueue-DeadNodeForDeadNodeHandler] INFO  net.NetworkTopologyImpl (NetworkTopologyImpl.java:remove(190)) - Removed a node: /default-rack/440b8e2f-1f04-4f01-a821-43dde6dd996e
2022-08-24 08:26:41,706 [ReplicationMonitor] INFO  replication.ReplicationManager (ReplicationManager.java:processAll(255)) - Replication Manager is not ready to run until 3000ms after safemode exit
2022-08-24 08:26:41,764 [Listener at 127.0.0.1/39171] INFO  ozone.MiniOzoneClusterImpl (MiniOzoneClusterImpl.java:lambda$waitForClusterToBeReady$0(216)) - Nodes are ready. Got 6 of 6 DN Heartbeats.
2022-08-24 08:26:41,764 [Listener at 127.0.0.1/39171] INFO  ozone.MiniOzoneClusterImpl (MiniOzoneClusterImpl.java:lambda$waitForClusterToBeReady$0(219)) - Waiting for cluster to exit safe mode
2022-08-24 08:26:41,764 [Listener at 127.0.0.1/39171] INFO  ozone.MiniOzoneClusterImpl (MiniOzoneClusterImpl.java:lambda$waitForClusterToBeReady$0(221)) - SCM became leader
2022-08-24 08:26:41,768 [EventQueue-OpenPipelineForHealthyPipelineSafeModeRule] INFO  safemode.SCMSafeModeManager (HealthyPipelineSafeModeRule.java:process(137)) - SCM in safe mode. Healthy pipelines reported count is 0, required healthy pipeline reported count is 1
2022-08-24 08:26:41,817 [EventQueue-OpenPipelineForHealthyPipelineSafeModeRule] INFO  safemode.SCMSafeModeManager (HealthyPipelineSafeModeRule.java:process(137)) - SCM in safe mode. Healthy pipelines reported count is 0, required healthy pipeline reported count is 1
2022-08-24 08:26:41,888 [29766b75-87c1-45cf-9e15-7604919a1259@group-06927A4B897B-FollowerState] INFO  impl.FollowerState (FollowerState.java:run(143)) - 29766b75-87c1-45cf-9e15-7604919a1259@group-06927A4B897B-FollowerState: change to CANDIDATE, lastRpcElapsedTime:5115791476ns, electionTimeout:5115ms
2022-08-24 08:26:41,889 [29766b75-87c1-45cf-9e15-7604919a1259@group-06927A4B897B-FollowerState] INFO  impl.RoleInfo (RoleInfo.java:shutdownFollowerState(110)) - 29766b75-87c1-45cf-9e15-7604919a1259: shutdown 29766b75-87c1-45cf-9e15-7604919a1259@group-06927A4B897B-FollowerState
2022-08-24 08:26:41,889 [29766b75-87c1-45cf-9e15-7604919a1259@group-06927A4B897B-FollowerState] INFO  server.RaftServer$Division (RaftServerImpl.java:setRole(299)) - 29766b75-87c1-45cf-9e15-7604919a1259@group-06927A4B897B: changes role from  FOLLOWER to CANDIDATE at term 0 for changeToCandidate
2022-08-24 08:26:41,889 [29766b75-87c1-45cf-9e15-7604919a1259@group-06927A4B897B-FollowerState] INFO  server.RaftServerConfigKeys (ConfUtils.java:logGet(46)) - raft.server.leaderelection.pre-vote = false (custom)
2022-08-24 08:26:41,889 [29766b75-87c1-45cf-9e15-7604919a1259@group-06927A4B897B-FollowerState] INFO  impl.RoleInfo (RoleInfo.java:updateAndGet(139)) - 29766b75-87c1-45cf-9e15-7604919a1259: start 29766b75-87c1-45cf-9e15-7604919a1259@group-06927A4B897B-LeaderElection19
2022-08-24 08:26:41,892 [29766b75-87c1-45cf-9e15-7604919a1259@group-06927A4B897B-LeaderElection19] INFO  impl.LeaderElection (LeaderElection.java:askForVotes(310)) - 29766b75-87c1-45cf-9e15-7604919a1259@group-06927A4B897B-LeaderElection19 ELECTION round 0: submit vote requests at term 1 for -1: [29766b75-87c1-45cf-9e15-7604919a1259|rpc:10.1.0.105:41003|priority:1], old=null
2022-08-24 08:26:41,892 [29766b75-87c1-45cf-9e15-7604919a1259@group-06927A4B897B-LeaderElection19] INFO  impl.LeaderElection (LeaderElection.java:askForVotes(312)) - 29766b75-87c1-45cf-9e15-7604919a1259@group-06927A4B897B-LeaderElection19 ELECTION round 0: result PASSED (term=1)
2022-08-24 08:26:41,892 [29766b75-87c1-45cf-9e15-7604919a1259@group-06927A4B897B-LeaderElection19] INFO  impl.RoleInfo (RoleInfo.java:shutdownLeaderElection(130)) - 29766b75-87c1-45cf-9e15-7604919a1259: shutdown 29766b75-87c1-45cf-9e15-7604919a1259@group-06927A4B897B-LeaderElection19
2022-08-24 08:26:41,892 [29766b75-87c1-45cf-9e15-7604919a1259@group-06927A4B897B-LeaderElection19] INFO  server.RaftServer$Division (RaftServerImpl.java:setRole(299)) - 29766b75-87c1-45cf-9e15-7604919a1259@group-06927A4B897B: changes role from CANDIDATE to LEADER at term 1 for changeToLeader
2022-08-24 08:26:41,892 [29766b75-87c1-45cf-9e15-7604919a1259@group-06927A4B897B-LeaderElection19] INFO  ratis.XceiverServerRatis (XceiverServerRatis.java:handleLeaderChangedNotification(863)) - Leader change notification received for group: group-06927A4B897B with new leaderId: 29766b75-87c1-45cf-9e15-7604919a1259
2022-08-24 08:26:41,892 [29766b75-87c1-45cf-9e15-7604919a1259@group-06927A4B897B-LeaderElection19] INFO  server.RaftServer$Division (ServerState.java:setLeader(287)) - 29766b75-87c1-45cf-9e15-7604919a1259@group-06927A4B897B: change Leader from null to 29766b75-87c1-45cf-9e15-7604919a1259 at term 1 for becomeLeader, leader elected after 5126ms
2022-08-24 08:26:41,892 [29766b75-87c1-45cf-9e15-7604919a1259@group-06927A4B897B-LeaderElection19] INFO  server.RaftServerConfigKeys (ConfUtils.java:logGet(46)) - raft.server.staging.catchup.gap = 1000 (default)
2022-08-24 08:26:41,893 [29766b75-87c1-45cf-9e15-7604919a1259@group-06927A4B897B-LeaderElection19] INFO  server.RaftServerConfigKeys (ConfUtils.java:logGet(46)) - raft.server.write.element-limit = 1024 (custom)
2022-08-24 08:26:41,893 [29766b75-87c1-45cf-9e15-7604919a1259@group-06927A4B897B-LeaderElection19] INFO  server.RaftServerConfigKeys (ConfUtils.java:logGet(46)) - raft.server.write.byte-limit = 1024 M (=1073741824) (custom)
2022-08-24 08:26:41,893 [29766b75-87c1-45cf-9e15-7604919a1259@group-06927A4B897B-LeaderElection19] INFO  server.RaftServerConfigKeys (ConfUtils.java:logGet(46)) - raft.server.watch.timeout = 180s (custom)
2022-08-24 08:26:41,894 [29766b75-87c1-45cf-9e15-7604919a1259@group-06927A4B897B-LeaderElection19] INFO  server.RaftServerConfigKeys (ConfUtils.java:logGet(46)) - raft.server.watch.timeout.denomination = 1s (default)
2022-08-24 08:26:41,894 [29766b75-87c1-45cf-9e15-7604919a1259@group-06927A4B897B-LeaderElection19] INFO  server.RaftServerConfigKeys (ConfUtils.java:logGet(46)) - raft.server.watch.element-limit = 65536 (default)
2022-08-24 08:26:41,895 [29766b75-87c1-45cf-9e15-7604919a1259@group-06927A4B897B-LeaderElection19] INFO  server.RaftServerConfigKeys (ConfUtils.java:logGet(46)) - raft.server.write.element-limit = 1024 (custom)
2022-08-24 08:26:41,895 [29766b75-87c1-45cf-9e15-7604919a1259@group-06927A4B897B-LeaderElection19] INFO  server.RaftServerConfigKeys (ConfUtils.java:logGet(46)) - raft.server.write.follower.gap.ratio.max = -1.0 (default)
2022-08-24 08:26:41,895 [29766b75-87c1-45cf-9e15-7604919a1259@group-06927A4B897B-LeaderElection19] INFO  impl.RoleInfo (RoleInfo.java:updateAndGet(139)) - 29766b75-87c1-45cf-9e15-7604919a1259: start 29766b75-87c1-45cf-9e15-7604919a1259@group-06927A4B897B-LeaderStateImpl
2022-08-24 08:26:41,895 [29766b75-87c1-45cf-9e15-7604919a1259@group-06927A4B897B-LeaderElection19] INFO  segmented.SegmentedRaftLogWorker (SegmentedRaftLogWorker.java:startLogSegment(425)) - 29766b75-87c1-45cf-9e15-7604919a1259@group-06927A4B897B-SegmentedRaftLogWorker: Starting segment from index:0
2022-08-24 08:26:41,893 [EventQueue-OpenPipelineForHealthyPipelineSafeModeRule] INFO  safemode.SCMSafeModeManager (HealthyPipelineSafeModeRule.java:process(137)) - SCM in safe mode. Healthy pipelines reported count is 0, required healthy pipeline reported count is 1
2022-08-24 08:26:41,900 [29766b75-87c1-45cf-9e15-7604919a1259@group-06927A4B897B-LeaderElection19] INFO  server.RaftServer$Division (ServerState.java:setRaftConf(393)) - 29766b75-87c1-45cf-9e15-7604919a1259@group-06927A4B897B: set configuration 0: [29766b75-87c1-45cf-9e15-7604919a1259|rpc:10.1.0.105:41003|dataStream:|priority:1], old=null
2022-08-24 08:26:41,903 [29766b75-87c1-45cf-9e15-7604919a1259@group-06927A4B897B-SegmentedRaftLogWorker] INFO  segmented.SegmentedRaftLogWorker (SegmentedRaftLogWorker.java:execute(629)) - 29766b75-87c1-45cf-9e15-7604919a1259@group-06927A4B897B-SegmentedRaftLogWorker: created new log segment /home/runner/work/ozone/ozone/hadoop-ozone/integration-test/target/test-dir/MiniOzoneClusterImpl-ef79d86f-cf98-4831-ba1c-bc14f6a33205/datanode-5/data/ratis/14109859-920c-454b-bda8-06927a4b897b/current/log_inprogress_0
2022-08-24 08:26:42,188 [ReplicationMonitor] INFO  replication.ReplicationManager (ReplicationManager.java:processAll(293)) - Replication Monitor Thread took 1 milliseconds for processing 3 containers.
2022-08-24 08:26:42,706 [ReplicationMonitor] INFO  replication.ReplicationManager (ReplicationManager.java:processAll(255)) - Replication Manager is not ready to run until 3000ms after safemode exit
2022-08-24 08:26:42,764 [Listener at 127.0.0.1/39171] INFO  ozone.MiniOzoneClusterImpl (MiniOzoneClusterImpl.java:lambda$waitForClusterToBeReady$0(216)) - Nodes are ready. Got 6 of 6 DN Heartbeats.
2022-08-24 08:26:42,764 [Listener at 127.0.0.1/39171] INFO  ozone.MiniOzoneClusterImpl (MiniOzoneClusterImpl.java:lambda$waitForClusterToBeReady$0(219)) - Waiting for cluster to exit safe mode
2022-08-24 08:26:42,765 [Listener at 127.0.0.1/39171] INFO  ozone.MiniOzoneClusterImpl (MiniOzoneClusterImpl.java:lambda$waitForClusterToBeReady$0(221)) - SCM became leader
2022-08-24 08:26:42,872 [EventQueue-OpenPipelineForHealthyPipelineSafeModeRule] INFO  safemode.SCMSafeModeManager (HealthyPipelineSafeModeRule.java:process(137)) - SCM in safe mode. Healthy pipelines reported count is 0, required healthy pipeline reported count is 1
2022-08-24 08:26:43,189 [ReplicationMonitor] INFO  replication.ReplicationManager (ReplicationManager.java:processAll(293)) - Replication Monitor Thread took 1 milliseconds for processing 3 containers.
2022-08-24 08:26:43,300 [main] INFO  utils.BackgroundService (BackgroundService.java:shutdown(141)) - Shutting down service BlockDeletingService
2022-08-24 08:26:43,300 [main] INFO  utils.BackgroundService (BackgroundService.java:shutdown(141)) - Shutting down service StaleRecoveringContainerScrubbingService
2022-08-24 08:26:43,354 [EventQueue-OpenPipelineForHealthyPipelineSafeModeRule] INFO  safemode.SCMSafeModeManager (HealthyPipelineSafeModeRule.java:process(137)) - SCM in safe mode. Healthy pipelines reported count is 0, required healthy pipeline reported count is 1
2022-08-24 08:26:43,409 [EventQueue-OpenPipelineForHealthyPipelineSafeModeRule] INFO  safemode.SCMSafeModeManager (HealthyPipelineSafeModeRule.java:process(137)) - SCM in safe mode. Healthy pipelines reported count is 0, required healthy pipeline reported count is 1
2022-08-24 08:26:43,518 [EventQueue-OpenPipelineForHealthyPipelineSafeModeRule] INFO  safemode.SCMSafeModeManager (HealthyPipelineSafeModeRule.java:process(137)) - SCM in safe mode. Healthy pipelines reported count is 0, required healthy pipeline reported count is 1
2022-08-24 08:26:43,706 [ReplicationMonitor] INFO  replication.ReplicationManager (ReplicationManager.java:processAll(255)) - Replication Manager is not ready to run until 3000ms after safemode exit
2022-08-24 08:26:43,765 [Listener at 127.0.0.1/39171] INFO  ozone.MiniOzoneClusterImpl (MiniOzoneClusterImpl.java:lambda$waitForClusterToBeReady$0(216)) - Nodes are ready. Got 6 of 6 DN Heartbeats.
2022-08-24 08:26:43,765 [Listener at 127.0.0.1/39171] INFO  ozone.MiniOzoneClusterImpl (MiniOzoneClusterImpl.java:lambda$waitForClusterToBeReady$0(219)) - Waiting for cluster to exit safe mode
2022-08-24 08:26:43,765 [Listener at 127.0.0.1/39171] INFO  ozone.MiniOzoneClusterImpl (MiniOzoneClusterImpl.java:lambda$waitForClusterToBeReady$0(221)) - SCM became leader
2022-08-24 08:26:43,816 [EventQueue-OpenPipelineForHealthyPipelineSafeModeRule] INFO  safemode.SCMSafeModeManager (HealthyPipelineSafeModeRule.java:process(137)) - SCM in safe mode. Healthy pipelines reported count is 0, required healthy pipeline reported count is 1
2022-08-24 08:26:43,897 [EventQueue-OpenPipelineForHealthyPipelineSafeModeRule] INFO  safemode.SCMSafeModeManager (HealthyPipelineSafeModeRule.java:process(137)) - SCM in safe mode. Healthy pipelines reported count is 0, required healthy pipeline reported count is 1
2022-08-24 08:26:44,190 [ReplicationMonitor] INFO  replication.ReplicationManager (ReplicationManager.java:processAll(293)) - Replication Monitor Thread took 0 milliseconds for processing 3 containers.
2022-08-24 08:26:44,517 [EventQueue-OpenPipelineForHealthyPipelineSafeModeRule] INFO  safemode.SCMSafeModeManager (HealthyPipelineSafeModeRule.java:process(137)) - SCM in safe mode. Healthy pipelines reported count is 0, required healthy pipeline reported count is 1
2022-08-24 08:26:44,706 [ReplicationMonitor] INFO  replication.ReplicationManager (ReplicationManager.java:processAll(255)) - Replication Manager is not ready to run until 3000ms after safemode exit
2022-08-24 08:26:44,765 [Listener at 127.0.0.1/39171] INFO  ozone.MiniOzoneClusterImpl (MiniOzoneClusterImpl.java:lambda$waitForClusterToBeReady$0(216)) - Nodes are ready. Got 6 of 6 DN Heartbeats.
2022-08-24 08:26:44,765 [Listener at 127.0.0.1/39171] INFO  ozone.MiniOzoneClusterImpl (MiniOzoneClusterImpl.java:lambda$waitForClusterToBeReady$0(219)) - Waiting for cluster to exit safe mode
2022-08-24 08:26:44,765 [Listener at 127.0.0.1/39171] INFO  ozone.MiniOzoneClusterImpl (MiniOzoneClusterImpl.java:lambda$waitForClusterToBeReady$0(221)) - SCM became leader
2022-08-24 08:26:44,873 [EventQueue-OpenPipelineForHealthyPipelineSafeModeRule] INFO  safemode.SCMSafeModeManager (HealthyPipelineSafeModeRule.java:process(137)) - SCM in safe mode. Healthy pipelines reported count is 0, required healthy pipeline reported count is 1
2022-08-24 08:26:44,897 [EventQueue-OpenPipelineForHealthyPipelineSafeModeRule] INFO  safemode.SCMSafeModeManager (HealthyPipelineSafeModeRule.java:process(137)) - SCM in safe mode. Healthy pipelines reported count is 0, required healthy pipeline reported count is 1
2022-08-24 08:26:44,925 [c136c940-8cdb-469d-8a4b-133170912109@group-2FD43C7752BE-FollowerState] INFO  impl.FollowerState (FollowerState.java:run(143)) - c136c940-8cdb-469d-8a4b-133170912109@group-2FD43C7752BE-FollowerState: change to CANDIDATE, lastRpcElapsedTime:5084518289ns, electionTimeout:5083ms
2022-08-24 08:26:44,926 [c136c940-8cdb-469d-8a4b-133170912109@group-2FD43C7752BE-FollowerState] INFO  impl.RoleInfo (RoleInfo.java:shutdownFollowerState(110)) - c136c940-8cdb-469d-8a4b-133170912109: shutdown c136c940-8cdb-469d-8a4b-133170912109@group-2FD43C7752BE-FollowerState
2022-08-24 08:26:44,926 [c136c940-8cdb-469d-8a4b-133170912109@group-2FD43C7752BE-FollowerState] INFO  server.RaftServer$Division (RaftServerImpl.java:setRole(299)) - c136c940-8cdb-469d-8a4b-133170912109@group-2FD43C7752BE: changes role from  FOLLOWER to CANDIDATE at term 1 for changeToCandidate
2022-08-24 08:26:44,926 [c136c940-8cdb-469d-8a4b-133170912109@group-2FD43C7752BE-FollowerState] INFO  server.RaftServerConfigKeys (ConfUtils.java:logGet(46)) - raft.server.leaderelection.pre-vote = false (custom)
2022-08-24 08:26:44,926 [c136c940-8cdb-469d-8a4b-133170912109@group-2FD43C7752BE-FollowerState] INFO  impl.RoleInfo (RoleInfo.java:updateAndGet(139)) - c136c940-8cdb-469d-8a4b-133170912109: start c136c940-8cdb-469d-8a4b-133170912109@group-2FD43C7752BE-LeaderElection20
2022-08-24 08:26:44,931 [c136c940-8cdb-469d-8a4b-133170912109@group-2FD43C7752BE-LeaderElection20] INFO  impl.LeaderElection (LeaderElection.java:askForVotes(310)) - c136c940-8cdb-469d-8a4b-133170912109@group-2FD43C7752BE-LeaderElection20 ELECTION round 0: submit vote requests at term 2 for -1: [45e7c087-8728-4797-8b25-939998d46879|rpc:10.1.0.105:34829|dataStream:|priority:0, c136c940-8cdb-469d-8a4b-133170912109|rpc:10.1.0.105:36895|dataStream:|priority:1, 3503030e-0d5c-47ed-9f19-bc5debe5118a|rpc:10.1.0.105:36043|dataStream:|priority:0], old=null
2022-08-24 08:26:44,940 [grpc-default-executor-2] INFO  server.RaftServer$Division (RaftServerImpl.java:requestVote(1152)) - 45e7c087-8728-4797-8b25-939998d46879@group-2FD43C7752BE: receive requestVote(ELECTION, c136c940-8cdb-469d-8a4b-133170912109, group-2FD43C7752BE, 2, (t:0, i:0))
2022-08-24 08:26:44,941 [grpc-default-executor-2] INFO  impl.VoteContext (VoteContext.java:log(48)) - 45e7c087-8728-4797-8b25-939998d46879@group-2FD43C7752BE-FOLLOWER: accept ELECTION from c136c940-8cdb-469d-8a4b-133170912109: our priority 0 <= candidate's priority 1
2022-08-24 08:26:44,941 [grpc-default-executor-2] INFO  server.RaftServer$Division (RaftServerImpl.java:setRole(299)) - 45e7c087-8728-4797-8b25-939998d46879@group-2FD43C7752BE: changes role from  FOLLOWER to FOLLOWER at term 2 for candidate:c136c940-8cdb-469d-8a4b-133170912109
2022-08-24 08:26:44,941 [grpc-default-executor-2] INFO  impl.RoleInfo (RoleInfo.java:shutdownFollowerState(110)) - 45e7c087-8728-4797-8b25-939998d46879: shutdown 45e7c087-8728-4797-8b25-939998d46879@group-2FD43C7752BE-FollowerState
2022-08-24 08:26:44,941 [45e7c087-8728-4797-8b25-939998d46879@group-2FD43C7752BE-FollowerState] INFO  impl.FollowerState (FollowerState.java:run(152)) - 45e7c087-8728-4797-8b25-939998d46879@group-2FD43C7752BE-FollowerState was interrupted
2022-08-24 08:26:44,941 [grpc-default-executor-2] INFO  impl.RoleInfo (RoleInfo.java:updateAndGet(139)) - 45e7c087-8728-4797-8b25-939998d46879: start 45e7c087-8728-4797-8b25-939998d46879@group-2FD43C7752BE-FollowerState
2022-08-24 08:26:44,943 [grpc-default-executor-2] INFO  server.RaftServer$Division (RaftServerImpl.java:requestVote(1184)) - 45e7c087-8728-4797-8b25-939998d46879@group-2FD43C7752BE replies to ELECTION vote request: c136c940-8cdb-469d-8a4b-133170912109<-45e7c087-8728-4797-8b25-939998d46879#0:OK-t2. Peer's state: 45e7c087-8728-4797-8b25-939998d46879@group-2FD43C7752BE:t2, leader=null, voted=c136c940-8cdb-469d-8a4b-133170912109, raftlog=45e7c087-8728-4797-8b25-939998d46879@group-2FD43C7752BE-SegmentedRaftLog:OPENED:c-1, conf=-1: [45e7c087-8728-4797-8b25-939998d46879|rpc:10.1.0.105:34829|priority:0, c136c940-8cdb-469d-8a4b-133170912109|rpc:10.1.0.105:36895|priority:1, 3503030e-0d5c-47ed-9f19-bc5debe5118a|rpc:10.1.0.105:36043|priority:0], old=null
2022-08-24 08:26:44,944 [c136c940-8cdb-469d-8a4b-133170912109@group-2FD43C7752BE-LeaderElection20] INFO  impl.LeaderElection (LeaderElection.java:logAndReturn(90)) - c136c940-8cdb-469d-8a4b-133170912109@group-2FD43C7752BE-LeaderElection20: ELECTION PASSED received 1 response(s) and 0 exception(s):
2022-08-24 08:26:44,945 [c136c940-8cdb-469d-8a4b-133170912109@group-2FD43C7752BE-LeaderElection20] INFO  impl.LeaderElection (LeaderElection.java:logAndReturn(94)) -   Response 0: c136c940-8cdb-469d-8a4b-133170912109<-45e7c087-8728-4797-8b25-939998d46879#0:OK-t2
2022-08-24 08:26:44,945 [c136c940-8cdb-469d-8a4b-133170912109@group-2FD43C7752BE-LeaderElection20] INFO  impl.LeaderElection (LeaderElection.java:askForVotes(312)) - c136c940-8cdb-469d-8a4b-133170912109@group-2FD43C7752BE-LeaderElection20 ELECTION round 0: result PASSED
2022-08-24 08:26:44,945 [c136c940-8cdb-469d-8a4b-133170912109@group-2FD43C7752BE-LeaderElection20] INFO  impl.RoleInfo (RoleInfo.java:shutdownLeaderElection(130)) - c136c940-8cdb-469d-8a4b-133170912109: shutdown c136c940-8cdb-469d-8a4b-133170912109@group-2FD43C7752BE-LeaderElection20
2022-08-24 08:26:44,945 [c136c940-8cdb-469d-8a4b-133170912109@group-2FD43C7752BE-LeaderElection20] INFO  server.RaftServer$Division (RaftServerImpl.java:setRole(299)) - c136c940-8cdb-469d-8a4b-133170912109@group-2FD43C7752BE: changes role from CANDIDATE to LEADER at term 2 for changeToLeader
2022-08-24 08:26:44,945 [c136c940-8cdb-469d-8a4b-133170912109@group-2FD43C7752BE-LeaderElection20] INFO  ratis.XceiverServerRatis (XceiverServerRatis.java:handleLeaderChangedNotification(863)) - Leader change notification received for group: group-2FD43C7752BE with new leaderId: c136c940-8cdb-469d-8a4b-133170912109
2022-08-24 08:26:44,945 [c136c940-8cdb-469d-8a4b-133170912109@group-2FD43C7752BE-LeaderElection20] INFO  server.RaftServer$Division (ServerState.java:setLeader(287)) - c136c940-8cdb-469d-8a4b-133170912109@group-2FD43C7752BE: change Leader from null to c136c940-8cdb-469d-8a4b-133170912109 at term 2 for becomeLeader, leader elected after 10219ms
2022-08-24 08:26:44,945 [c136c940-8cdb-469d-8a4b-133170912109@group-2FD43C7752BE-LeaderElection20] INFO  server.RaftServerConfigKeys (ConfUtils.java:logGet(46)) - raft.server.staging.catchup.gap = 1000 (default)
2022-08-24 08:26:44,945 [c136c940-8cdb-469d-8a4b-133170912109@group-2FD43C7752BE-LeaderElection20] INFO  server.RaftServerConfigKeys (ConfUtils.java:logGet(46)) - raft.server.write.element-limit = 1024 (custom)
2022-08-24 08:26:44,945 [c136c940-8cdb-469d-8a4b-133170912109@group-2FD43C7752BE-LeaderElection20] INFO  server.RaftServerConfigKeys (ConfUtils.java:logGet(46)) - raft.server.write.byte-limit = 1024 M (=1073741824) (custom)
2022-08-24 08:26:44,945 [c136c940-8cdb-469d-8a4b-133170912109@group-2FD43C7752BE-LeaderElection20] INFO  server.RaftServerConfigKeys (ConfUtils.java:logGet(46)) - raft.server.watch.timeout = 180s (custom)
2022-08-24 08:26:44,945 [c136c940-8cdb-469d-8a4b-133170912109@group-2FD43C7752BE-LeaderElection20] INFO  server.RaftServerConfigKeys (ConfUtils.java:logGet(46)) - raft.server.watch.timeout.denomination = 1s (default)
2022-08-24 08:26:44,945 [c136c940-8cdb-469d-8a4b-133170912109@group-2FD43C7752BE-LeaderElection20] INFO  server.RaftServerConfigKeys (ConfUtils.java:logGet(46)) - raft.server.watch.element-limit = 65536 (default)
2022-08-24 08:26:44,945 [c136c940-8cdb-469d-8a4b-133170912109@group-2FD43C7752BE-LeaderElection20] INFO  server.RaftServerConfigKeys (ConfUtils.java:logGet(46)) - raft.server.write.element-limit = 1024 (custom)
2022-08-24 08:26:44,945 [c136c940-8cdb-469d-8a4b-133170912109@group-2FD43C7752BE-LeaderElection20] INFO  server.RaftServerConfigKeys (ConfUtils.java:logGet(46)) - raft.server.write.follower.gap.ratio.max = -1.0 (default)
2022-08-24 08:26:44,946 [c136c940-8cdb-469d-8a4b-133170912109@group-2FD43C7752BE-LeaderElection20] INFO  server.RaftServerConfigKeys (ConfUtils.java:logGet(46)) - raft.server.log.appender.snapshot.chunk.size.max = 16MB (=16777216) (default)
2022-08-24 08:26:44,946 [c136c940-8cdb-469d-8a4b-133170912109@group-2FD43C7752BE-LeaderElection20] INFO  server.RaftServerConfigKeys (ConfUtils.java:logGet(46)) - raft.server.log.appender.buffer.byte-limit = 33554432 (custom)
2022-08-24 08:26:44,946 [c136c940-8cdb-469d-8a4b-133170912109@group-2FD43C7752BE-LeaderElection20] INFO  server.RaftServerConfigKeys (ConfUtils.java:logGet(46)) - raft.server.log.appender.buffer.element-limit = 1 (custom)
2022-08-24 08:26:44,947 [EventQueue-PipelineReportForPipelineReportHandler] INFO  pipeline.PipelineManagerImpl (PipelineManagerImpl.java:openPipeline(367)) - Pipeline Pipeline[ Id: 21616557-2467-4661-a246-2fd43c7752be, Nodes: 45e7c087-8728-4797-8b25-939998d46879{ip: 10.1.0.105, host: fv-az96-669.m4cgkdvplvgupd014rd20bgx3d.gx.internal.cloudapp.net, ports: [REPLICATION=35237, RATIS=34829, RATIS_ADMIN=34829, RATIS_SERVER=34829, STANDALONE=36317], networkLocation: /default-rack, certSerialId: null, persistedOpState: IN_SERVICE, persistedOpStateExpiryEpochSec: 0}3503030e-0d5c-47ed-9f19-bc5debe5118a{ip: 10.1.0.105, host: fv-az96-669.m4cgkdvplvgupd014rd20bgx3d.gx.internal.cloudapp.net, ports: [REPLICATION=36925, RATIS=36043, RATIS_ADMIN=36043, RATIS_SERVER=36043, STANDALONE=39393], networkLocation: /default-rack, certSerialId: null, persistedOpState: IN_SERVICE, persistedOpStateExpiryEpochSec: 0}c136c940-8cdb-469d-8a4b-133170912109{ip: 10.1.0.105, host: fv-az96-669.m4cgkdvplvgupd014rd20bgx3d.gx.internal.cloudapp.net, ports: [REPLICATION=45681, RATIS=36895, RATIS_ADMIN=36895, RATIS_SERVER=36895, STANDALONE=41233], networkLocation: /default-rack, certSerialId: null, persistedOpState: IN_SERVICE, persistedOpStateExpiryEpochSec: 0}, ReplicationConfig: RATIS/THREE, State:ALLOCATED, leaderId:c136c940-8cdb-469d-8a4b-133170912109, CreationTimestamp2022-08-24T08:26:32.821Z[Etc/UTC]] moved to OPEN state
2022-08-24 08:26:44,948 [EventQueue-OpenPipelineForHealthyPipelineSafeModeRule] INFO  safemode.SCMSafeModeManager (HealthyPipelineSafeModeRule.java:process(137)) - SCM in safe mode. Healthy pipelines reported count is 1, required healthy pipeline reported count is 1
2022-08-24 08:26:44,948 [EventQueue-OpenPipelineForHealthyPipelineSafeModeRule] INFO  safemode.SCMSafeModeManager (SCMSafeModeManager.java:validateSafeModeExitRules(204)) - HealthyPipelineSafeModeRule rule is successfully validated
2022-08-24 08:26:44,948 [EventQueue-OpenPipelineForHealthyPipelineSafeModeRule] INFO  safemode.SCMSafeModeManager (SCMSafeModeManager.java:validateSafeModeExitRules(219)) - ScmSafeModeManager, all rules are successfully validated
2022-08-24 08:26:44,948 [EventQueue-OpenPipelineForHealthyPipelineSafeModeRule] INFO  safemode.SCMSafeModeManager (SCMSafeModeManager.java:exitSafeMode(248)) - SCM exiting safe mode.
2022-08-24 08:26:44,948 [EventQueue-OpenPipelineForHealthyPipelineSafeModeRule] WARN  events.EventQueue (EventQueue.java:fireEvent(216)) - No event handler registered for event TypedEvent{payloadType=SafeModeStatus, name='Safe mode status'}
2022-08-24 08:26:44,948 [EventQueue-OpenPipelineForHealthyPipelineSafeModeRule] INFO  ha.SCMContext (SCMContext.java:updateSafeModeStatus(228)) - Update SafeModeStatus from SafeModeStatus{safeModeStatus=true, preCheckPassed=true} to SafeModeStatus{safeModeStatus=false, preCheckPassed=true}.
2022-08-24 08:26:44,948 [EventQueue-OpenPipelineForHealthyPipelineSafeModeRule] INFO  pipeline.BackgroundPipelineCreator (BackgroundPipelineCreator.java:notifyStatusChanged(254)) - Service BackgroundPipelineCreator transitions to RUNNING.
2022-08-24 08:26:44,948 [EventQueue-OpenPipelineForHealthyPipelineSafeModeRule] INFO  BackgroundPipelineScrubber (BackgroundSCMService.java:notifyStatusChanged(82)) - Service BackgroundPipelineScrubber transitions to RUNNING.
2022-08-24 08:26:44,948 [EventQueue-OpenPipelineForHealthyPipelineSafeModeRule] INFO  ExpiredContainerReplicaOpScrubber (BackgroundSCMService.java:notifyStatusChanged(82)) - Service ExpiredContainerReplicaOpScrubber transitions to RUNNING.
2022-08-24 08:26:44,948 [EventQueue-OpenPipelineForHealthyPipelineSafeModeRule] INFO  UnderReplicatedQueueThread (BackgroundSCMService.java:notifyStatusChanged(82)) - Service UnderReplicatedQueueThread transitions to RUNNING.
2022-08-24 08:26:44,948 [EventQueue-OpenPipelineForHealthyPipelineSafeModeRule] INFO  OverReplicatedQueueThread (BackgroundSCMService.java:notifyStatusChanged(82)) - Service OverReplicatedQueueThread transitions to RUNNING.
2022-08-24 08:26:44,948 [EventQueue-OpenPipelineForHealthyPipelineSafeModeRule] INFO  replication.ReplicationManager (ReplicationManager.java:notifyStatusChanged(719)) - Service ReplicationManager transitions to RUNNING.
2022-08-24 08:26:44,948 [EventQueue-OpenPipelineForHealthyPipelineSafeModeRule] WARN  balancer.ContainerBalancer (ContainerBalancer.java:shouldRun(904)) - Could not find persisted configuration for ContainerBalancer when checking if ContainerBalancer should run. ContainerBalancer should not run now.
2022-08-24 08:26:44,951 [c136c940-8cdb-469d-8a4b-133170912109@group-2FD43C7752BE-LeaderElection20] INFO  grpc.GrpcConfigKeys (ConfUtils.java:logGet(46)) - raft.grpc.server.leader.outstanding.appends.max = 128 (default)
2022-08-24 08:26:44,951 [c136c940-8cdb-469d-8a4b-133170912109@group-2FD43C7752BE-LeaderElection20] INFO  server.RaftServerConfigKeys (ConfUtils.java:logGet(46)) - raft.server.rpc.request.timeout = 60s (custom)
2022-08-24 08:26:44,951 [c136c940-8cdb-469d-8a4b-133170912109@group-2FD43C7752BE-LeaderElection20] INFO  server.RaftServerConfigKeys (ConfUtils.java:logGet(46)) - raft.server.log.appender.install.snapshot.enabled = false (custom)
2022-08-24 08:26:44,952 [c136c940-8cdb-469d-8a4b-133170912109@group-2FD43C7752BE-LeaderElection20] INFO  server.RaftServerConfigKeys (ConfUtils.java:logGet(46)) - raft.server.log.appender.snapshot.chunk.size.max = 16MB (=16777216) (default)
2022-08-24 08:26:44,952 [c136c940-8cdb-469d-8a4b-133170912109@group-2FD43C7752BE-LeaderElection20] INFO  server.RaftServerConfigKeys (ConfUtils.java:logGet(46)) - raft.server.log.appender.buffer.byte-limit = 33554432 (custom)
2022-08-24 08:26:44,952 [c136c940-8cdb-469d-8a4b-133170912109@group-2FD43C7752BE-LeaderElection20] INFO  server.RaftServerConfigKeys (ConfUtils.java:logGet(46)) - raft.server.log.appender.buffer.element-limit = 1 (custom)
2022-08-24 08:26:44,952 [c136c940-8cdb-469d-8a4b-133170912109@group-2FD43C7752BE-LeaderElection20] INFO  grpc.GrpcConfigKeys (ConfUtils.java:logGet(46)) - raft.grpc.server.leader.outstanding.appends.max = 128 (default)
2022-08-24 08:26:44,952 [c136c940-8cdb-469d-8a4b-133170912109@group-2FD43C7752BE-LeaderElection20] INFO  server.RaftServerConfigKeys (ConfUtils.java:logGet(46)) - raft.server.rpc.request.timeout = 60s (custom)
2022-08-24 08:26:44,952 [c136c940-8cdb-469d-8a4b-133170912109@group-2FD43C7752BE-LeaderElection20] INFO  server.RaftServerConfigKeys (ConfUtils.java:logGet(46)) - raft.server.log.appender.install.snapshot.enabled = false (custom)
2022-08-24 08:26:44,952 [c136c940-8cdb-469d-8a4b-133170912109@group-2FD43C7752BE-LeaderElection20] INFO  impl.RoleInfo (RoleInfo.java:updateAndGet(139)) - c136c940-8cdb-469d-8a4b-133170912109: start c136c940-8cdb-469d-8a4b-133170912109@group-2FD43C7752BE-LeaderStateImpl
2022-08-24 08:26:44,952 [c136c940-8cdb-469d-8a4b-133170912109@group-2FD43C7752BE-LeaderElection20] INFO  segmented.SegmentedRaftLogWorker (SegmentedRaftLogWorker.java:startLogSegment(425)) - c136c940-8cdb-469d-8a4b-133170912109@group-2FD43C7752BE-SegmentedRaftLogWorker: Starting segment from index:0
2022-08-24 08:26:44,955 [c136c940-8cdb-469d-8a4b-133170912109@group-2FD43C7752BE-SegmentedRaftLogWorker] INFO  segmented.SegmentedRaftLogWorker (SegmentedRaftLogWorker.java:execute(629)) - c136c940-8cdb-469d-8a4b-133170912109@group-2FD43C7752BE-SegmentedRaftLogWorker: created new log segment /home/runner/work/ozone/ozone/hadoop-ozone/integration-test/target/test-dir/MiniOzoneClusterImpl-ef79d86f-cf98-4831-ba1c-bc14f6a33205/datanode-1/data/ratis/21616557-2467-4661-a246-2fd43c7752be/current/log_inprogress_0
2022-08-24 08:26:44,966 [c136c940-8cdb-469d-8a4b-133170912109@group-2FD43C7752BE-LeaderElection20] INFO  server.RaftServer$Division (ServerState.java:setRaftConf(393)) - c136c940-8cdb-469d-8a4b-133170912109@group-2FD43C7752BE: set configuration 0: [45e7c087-8728-4797-8b25-939998d46879|rpc:10.1.0.105:34829|dataStream:|priority:0, c136c940-8cdb-469d-8a4b-133170912109|rpc:10.1.0.105:36895|dataStream:|priority:1, 3503030e-0d5c-47ed-9f19-bc5debe5118a|rpc:10.1.0.105:36043|dataStream:|priority:0], old=null
2022-08-24 08:26:44,980 [grpc-default-executor-2] INFO  server.RaftServer$Division (RaftServerImpl.java:requestVote(1152)) - 3503030e-0d5c-47ed-9f19-bc5debe5118a@group-2FD43C7752BE: receive requestVote(ELECTION, c136c940-8cdb-469d-8a4b-133170912109, group-2FD43C7752BE, 2, (t:0, i:0))
2022-08-24 08:26:44,980 [grpc-default-executor-2] INFO  impl.VoteContext (VoteContext.java:log(48)) - 3503030e-0d5c-47ed-9f19-bc5debe5118a@group-2FD43C7752BE-FOLLOWER: accept ELECTION from c136c940-8cdb-469d-8a4b-133170912109: our priority 0 <= candidate's priority 1
2022-08-24 08:26:44,980 [grpc-default-executor-2] INFO  server.RaftServer$Division (RaftServerImpl.java:setRole(299)) - 3503030e-0d5c-47ed-9f19-bc5debe5118a@group-2FD43C7752BE: changes role from  FOLLOWER to FOLLOWER at term 2 for candidate:c136c940-8cdb-469d-8a4b-133170912109
2022-08-24 08:26:44,980 [grpc-default-executor-2] INFO  impl.RoleInfo (RoleInfo.java:shutdownFollowerState(110)) - 3503030e-0d5c-47ed-9f19-bc5debe5118a: shutdown 3503030e-0d5c-47ed-9f19-bc5debe5118a@group-2FD43C7752BE-FollowerState
2022-08-24 08:26:44,980 [grpc-default-executor-2] INFO  impl.RoleInfo (RoleInfo.java:updateAndGet(139)) - 3503030e-0d5c-47ed-9f19-bc5debe5118a: start 3503030e-0d5c-47ed-9f19-bc5debe5118a@group-2FD43C7752BE-FollowerState
2022-08-24 08:26:44,980 [3503030e-0d5c-47ed-9f19-bc5debe5118a@group-2FD43C7752BE-FollowerState] INFO  impl.FollowerState (FollowerState.java:run(152)) - 3503030e-0d5c-47ed-9f19-bc5debe5118a@group-2FD43C7752BE-FollowerState was interrupted
2022-08-24 08:26:44,985 [grpc-default-executor-2] INFO  server.RaftServer$Division (RaftServerImpl.java:requestVote(1184)) - 3503030e-0d5c-47ed-9f19-bc5debe5118a@group-2FD43C7752BE replies to ELECTION vote request: c136c940-8cdb-469d-8a4b-133170912109<-3503030e-0d5c-47ed-9f19-bc5debe5118a#0:OK-t2. Peer's state: 3503030e-0d5c-47ed-9f19-bc5debe5118a@group-2FD43C7752BE:t2, leader=null, voted=c136c940-8cdb-469d-8a4b-133170912109, raftlog=3503030e-0d5c-47ed-9f19-bc5debe5118a@group-2FD43C7752BE-SegmentedRaftLog:OPENED:c-1, conf=-1: [45e7c087-8728-4797-8b25-939998d46879|rpc:10.1.0.105:34829|dataStream:|priority:0, c136c940-8cdb-469d-8a4b-133170912109|rpc:10.1.0.105:36895|dataStream:|priority:1, 3503030e-0d5c-47ed-9f19-bc5debe5118a|rpc:10.1.0.105:36043|dataStream:|priority:0], old=null
2022-08-24 08:26:44,999 [45e7c087-8728-4797-8b25-939998d46879-server-thread1] INFO  ratis.XceiverServerRatis (XceiverServerRatis.java:handleLeaderChangedNotification(863)) - Leader change notification received for group: group-2FD43C7752BE with new leaderId: c136c940-8cdb-469d-8a4b-133170912109
2022-08-24 08:26:44,999 [45e7c087-8728-4797-8b25-939998d46879-server-thread1] INFO  server.RaftServer$Division (ServerState.java:setLeader(287)) - 45e7c087-8728-4797-8b25-939998d46879@group-2FD43C7752BE: change Leader from null to c136c940-8cdb-469d-8a4b-133170912109 at term 2 for appendEntries, leader elected after 10344ms
2022-08-24 08:26:44,999 [3503030e-0d5c-47ed-9f19-bc5debe5118a-server-thread1] INFO  ratis.XceiverServerRatis (XceiverServerRatis.java:handleLeaderChangedNotification(863)) - Leader change notification received for group: group-2FD43C7752BE with new leaderId: c136c940-8cdb-469d-8a4b-133170912109
2022-08-24 08:26:44,999 [3503030e-0d5c-47ed-9f19-bc5debe5118a-server-thread1] INFO  server.RaftServer$Division (ServerState.java:setLeader(287)) - 3503030e-0d5c-47ed-9f19-bc5debe5118a@group-2FD43C7752BE: change Leader from null to c136c940-8cdb-469d-8a4b-133170912109 at term 2 for appendEntries, leader elected after 10311ms
2022-08-24 08:26:45,011 [3503030e-0d5c-47ed-9f19-bc5debe5118a-server-thread1] INFO  server.RaftServer$Division (ServerState.java:setRaftConf(393)) - 3503030e-0d5c-47ed-9f19-bc5debe5118a@group-2FD43C7752BE: set configuration 0: [45e7c087-8728-4797-8b25-939998d46879|rpc:10.1.0.105:34829|dataStream:|priority:0, c136c940-8cdb-469d-8a4b-133170912109|rpc:10.1.0.105:36895|dataStream:|priority:1, 3503030e-0d5c-47ed-9f19-bc5debe5118a|rpc:10.1.0.105:36043|dataStream:|priority:0], old=null
2022-08-24 08:26:45,011 [3503030e-0d5c-47ed-9f19-bc5debe5118a-server-thread1] INFO  segmented.SegmentedRaftLogWorker (SegmentedRaftLogWorker.java:startLogSegment(425)) - 3503030e-0d5c-47ed-9f19-bc5debe5118a@group-2FD43C7752BE-SegmentedRaftLogWorker: Starting segment from index:0
2022-08-24 08:26:45,012 [45e7c087-8728-4797-8b25-939998d46879-server-thread1] INFO  server.RaftServer$Division (ServerState.java:setRaftConf(393)) - 45e7c087-8728-4797-8b25-939998d46879@group-2FD43C7752BE: set configuration 0: [45e7c087-8728-4797-8b25-939998d46879|rpc:10.1.0.105:34829|dataStream:|priority:0, c136c940-8cdb-469d-8a4b-133170912109|rpc:10.1.0.105:36895|dataStream:|priority:1, 3503030e-0d5c-47ed-9f19-bc5debe5118a|rpc:10.1.0.105:36043|dataStream:|priority:0], old=null
2022-08-24 08:26:45,013 [45e7c087-8728-4797-8b25-939998d46879-server-thread1] INFO  segmented.SegmentedRaftLogWorker (SegmentedRaftLogWorker.java:startLogSegment(425)) - 45e7c087-8728-4797-8b25-939998d46879@group-2FD43C7752BE-SegmentedRaftLogWorker: Starting segment from index:0
2022-08-24 08:26:45,013 [3503030e-0d5c-47ed-9f19-bc5debe5118a@group-2FD43C7752BE-SegmentedRaftLogWorker] INFO  segmented.SegmentedRaftLogWorker (SegmentedRaftLogWorker.java:execute(629)) - 3503030e-0d5c-47ed-9f19-bc5debe5118a@group-2FD43C7752BE-SegmentedRaftLogWorker: created new log segment /home/runner/work/ozone/ozone/hadoop-ozone/integration-test/target/test-dir/MiniOzoneClusterImpl-ef79d86f-cf98-4831-ba1c-bc14f6a33205/datanode-2/data/ratis/21616557-2467-4661-a246-2fd43c7752be/current/log_inprogress_0
2022-08-24 08:26:45,015 [45e7c087-8728-4797-8b25-939998d46879@group-2FD43C7752BE-SegmentedRaftLogWorker] INFO  segmented.SegmentedRaftLogWorker (SegmentedRaftLogWorker.java:execute(629)) - 45e7c087-8728-4797-8b25-939998d46879@group-2FD43C7752BE-SegmentedRaftLogWorker: created new log segment /home/runner/work/ozone/ozone/hadoop-ozone/integration-test/target/test-dir/MiniOzoneClusterImpl-ef79d86f-cf98-4831-ba1c-bc14f6a33205/datanode-0/data/ratis/21616557-2467-4661-a246-2fd43c7752be/current/log_inprogress_0
2022-08-24 08:26:45,190 [ReplicationMonitor] INFO  replication.ReplicationManager (ReplicationManager.java:processAll(293)) - Replication Monitor Thread took 1 milliseconds for processing 3 containers.
2022-08-24 08:26:45,707 [ReplicationMonitor] INFO  replication.ReplicationManager (ReplicationManager.java:processAll(255)) - Replication Manager is not ready to run until 3000ms after safemode exit
2022-08-24 08:26:45,765 [Listener at 127.0.0.1/39171] INFO  ozone.MiniOzoneClusterImpl (MiniOzoneClusterImpl.java:lambda$waitForClusterToBeReady$0(216)) - Nodes are ready. Got 6 of 6 DN Heartbeats.
2022-08-24 08:26:45,765 [Listener at 127.0.0.1/39171] INFO  ozone.MiniOzoneClusterImpl (MiniOzoneClusterImpl.java:lambda$waitForClusterToBeReady$0(219)) - Cluster exits safe mode
2022-08-24 08:26:45,765 [Listener at 127.0.0.1/39171] INFO  ozone.MiniOzoneClusterImpl (MiniOzoneClusterImpl.java:lambda$waitForClusterToBeReady$0(221)) - SCM became leader
2022-08-24 08:26:45,767 [Listener at 127.0.0.1/39171] WARN  server.ServerUtils (ServerUtils.java:getScmDbDir(148)) - ozone.scm.db.dirs is not configured. We recommend adding this setting. Falling back to ozone.metadata.dirs instead.
2022-08-24 08:26:45,769 [Listener at 127.0.0.1/39171] WARN  server.ServerUtils (ServerUtils.java:getScmDbDir(148)) - ozone.scm.db.dirs is not configured. We recommend adding this setting. Falling back to ozone.metadata.dirs instead.
2022-08-24 08:26:45,769 [Listener at 127.0.0.1/39171] INFO  ha.SCMHANodeDetails (SCMHANodeDetails.java:loadSCMHAConfig(209)) - ServiceID for StorageContainerManager is null
2022-08-24 08:26:45,769 [Listener at 127.0.0.1/39171] INFO  ha.SCMHANodeDetails (SCMHANodeDetails.java:loadSCMHAConfig(214)) - ozone.scm.default.service.id is not defined, falling back to ozone.scm.service.ids to find serviceID for StorageContainerManager if it is HA enabled cluster
2022-08-24 08:26:45,770 [Listener at 127.0.0.1/39171] WARN  utils.HAUtils (HAUtils.java:getMetaDir(342)) - ozone.scm.db.dirs is not configured. We recommend adding this setting. Falling back to ozone.metadata.dirs instead.
2022-08-24 08:26:45,770 [Listener at 127.0.0.1/39171] WARN  db.DBStoreBuilder (DBStoreBuilder.java:applyDBDefinition(143)) - ozone.scm.db.dirs is not configured. We recommend adding this setting. Falling back to ozone.metadata.dirs instead.
2022-08-24 08:26:45,855 [Listener at 127.0.0.1/39171] INFO  net.NodeSchemaLoader (NodeSchemaLoader.java:loadSchemaFromFile(129)) - Loading schema from [jar:file:/home/runner/.m2/repository/org/apache/ozone/hdds-common/1.3.0-SNAPSHOT/hdds-common-1.3.0-SNAPSHOT.jar!/network-topology-default.xml]
2022-08-24 08:26:45,855 [Listener at 127.0.0.1/39171] INFO  net.NodeSchemaLoader (NodeSchemaLoader.java:loadSchema(176)) - Loading network topology layer schema file
2022-08-24 08:26:45,884 [Listener at 127.0.0.1/39171] WARN  impl.MetricRegistriesImpl (MetricRegistriesImpl.java:addReporterRegistration(111)) - New reporters are added after registries were created. Some metrics will be missing from the reporter. Please add reporter before adding any new registry.
2022-08-24 08:26:45,884 [Listener at 127.0.0.1/39171] WARN  impl.MetricRegistriesImpl (MetricRegistriesImpl.java:addReporterRegistration(111)) - New reporters are added after registries were created. Some metrics will be missing from the reporter. Please add reporter before adding any new registry.
2022-08-24 08:26:45,884 [Listener at 127.0.0.1/39171] INFO  upgrade.AbstractLayoutVersionManager (AbstractLayoutVersionManager.java:init(83)) - Initializing Layout version manager with metadata layout = DATANODE_SCHEMA_V3 (version = 4), software layout = DATANODE_SCHEMA_V3 (version = 4)
2022-08-24 08:26:45,941 [Listener at 127.0.0.1/39171] INFO  reflections.Reflections (Reflections.java:scan(232)) - Reflections took 55 ms to scan 7 urls, producing 133 keys and 322 values 
2022-08-24 08:26:45,943 [Listener at 127.0.0.1/39171] INFO  ha.SequenceIdGenerator (SequenceIdGenerator.java:upgradeToSequenceId(349)) - upgrade localId to 109611004723200000
2022-08-24 08:26:45,943 [Listener at 127.0.0.1/39171] INFO  ha.SequenceIdGenerator (SequenceIdGenerator.java:upgradeToSequenceId(359)) - upgrade delTxnId to 0
2022-08-24 08:26:45,943 [Listener at 127.0.0.1/39171] INFO  ha.SequenceIdGenerator (SequenceIdGenerator.java:upgradeToSequenceId(376)) - upgrade containerId to 0
2022-08-24 08:26:45,943 [Listener at 127.0.0.1/39171] INFO  ha.SequenceIdGenerator (SequenceIdGenerator.java:<init>(220)) - Init the HA SequenceIdGenerator.
2022-08-24 08:26:45,943 [Listener at 127.0.0.1/39171] INFO  node.SCMNodeManager (SCMNodeManager.java:<init>(149)) - Entering startup safe mode.
2022-08-24 08:26:45,944 [Listener at 127.0.0.1/39171] INFO  algorithms.ContainerPlacementPolicyFactory (ContainerPlacementPolicyFactory.java:getPolicyInternal(86)) - Create container placement policy of type org.apache.hadoop.hdds.scm.container.placement.algorithms.SCMContainerPlacementRandom
2022-08-24 08:26:45,944 [Listener at 127.0.0.1/39171] INFO  algorithms.ContainerPlacementPolicyFactory (ContainerPlacementPolicyFactory.java:getPolicyInternal(86)) - Create container placement policy of type org.apache.hadoop.hdds.scm.container.placement.algorithms.SCMContainerPlacementRackScatter
2022-08-24 08:26:45,944 [Listener at 127.0.0.1/39171] INFO  pipeline.PipelineStateManagerImpl (PipelineStateManagerImpl.java:initialize(78)) - No pipeline exists in current db
2022-08-24 08:26:45,944 [Listener at 127.0.0.1/39171] INFO  algorithms.LeaderChoosePolicyFactory (LeaderChoosePolicyFactory.java:getPolicy(57)) - Create leader choose policy of type org.apache.hadoop.hdds.scm.pipeline.leader.choose.algorithms.MinLeaderCountChoosePolicy
2022-08-24 08:26:45,944 [Listener at 127.0.0.1/39171] INFO  algorithms.ContainerPlacementPolicyFactory (ContainerPlacementPolicyFactory.java:getPolicyInternal(86)) - Create container placement policy of type org.apache.hadoop.hdds.scm.container.placement.algorithms.SCMContainerPlacementRackScatter
2022-08-24 08:26:45,944 [Listener at 127.0.0.1/39171] INFO  ha.SCMServiceManager (SCMServiceManager.java:register(42)) - Registering service BackgroundPipelineCreator.
2022-08-24 08:26:45,945 [Listener at 127.0.0.1/39171] INFO  pipeline.BackgroundPipelineCreator (BackgroundPipelineCreator.java:start(124)) - Starting RatisPipelineUtilsThread.
2022-08-24 08:26:45,946 [Listener at 127.0.0.1/39171] INFO  BackgroundPipelineScrubber (BackgroundSCMService.java:start(68)) - Starting BackgroundPipelineScrubber Service.
2022-08-24 08:26:45,952 [Listener at 127.0.0.1/39171] INFO  ha.SCMServiceManager (SCMServiceManager.java:register(42)) - Registering service BackgroundPipelineScrubber.
2022-08-24 08:26:45,952 [Listener at 127.0.0.1/39171] INFO  ExpiredContainerReplicaOpScrubber (BackgroundSCMService.java:start(68)) - Starting ExpiredContainerReplicaOpScrubber Service.
2022-08-24 08:26:45,952 [Listener at 127.0.0.1/39171] INFO  ha.SCMServiceManager (SCMServiceManager.java:register(42)) - Registering service ExpiredContainerReplicaOpScrubber.
2022-08-24 08:26:45,953 [Listener at 127.0.0.1/39171] INFO  algorithms.PipelineChoosePolicyFactory (PipelineChoosePolicyFactory.java:createPipelineChoosePolicyFromClass(73)) - Create pipeline choose policy of type org.apache.hadoop.hdds.scm.pipeline.choose.algorithms.RandomPipelineChoosePolicy
2022-08-24 08:26:45,953 [Listener at 127.0.0.1/39171] INFO  ha.SCMServiceManager (SCMServiceManager.java:register(42)) - Registering service SCMBlockDeletingService.
2022-08-24 08:26:45,954 [Listener at 127.0.0.1/39171] INFO  replication.ReplicationManager (ReplicationManager.java:start(206)) - Starting Replication Monitor Thread.
2022-08-24 08:26:45,958 [Listener at 127.0.0.1/39171] INFO  UnderReplicatedQueueThread (BackgroundSCMService.java:start(68)) - Starting UnderReplicatedQueueThread Service.
2022-08-24 08:26:45,960 [ReplicationMonitor] INFO  replication.ReplicationManager (ReplicationManager.java:processAll(255)) - Replication Manager is not ready to run until 3000ms after safemode exit
2022-08-24 08:26:45,960 [Listener at 127.0.0.1/39171] INFO  ha.SCMServiceManager (SCMServiceManager.java:register(42)) - Registering service UnderReplicatedQueueThread.
2022-08-24 08:26:45,960 [Listener at 127.0.0.1/39171] INFO  OverReplicatedQueueThread (BackgroundSCMService.java:start(68)) - Starting OverReplicatedQueueThread Service.
2022-08-24 08:26:45,960 [Listener at 127.0.0.1/39171] INFO  ha.SCMServiceManager (SCMServiceManager.java:register(42)) - Registering service OverReplicatedQueueThread.
2022-08-24 08:26:45,960 [Listener at 127.0.0.1/39171] INFO  ha.SCMServiceManager (SCMServiceManager.java:register(42)) - Registering service ReplicationManager.
2022-08-24 08:26:45,960 [Listener at 127.0.0.1/39171] INFO  safemode.ContainerSafeModeRule (ContainerSafeModeRule.java:<init>(89)) - containers with one replica threshold count 0
2022-08-24 08:26:45,960 [Listener at 127.0.0.1/39171] INFO  safemode.HealthyPipelineSafeModeRule (HealthyPipelineSafeModeRule.java:initializeRule(169)) - Total pipeline count is 0, healthy pipeline threshold count is 1
2022-08-24 08:26:45,961 [Listener at 127.0.0.1/39171] INFO  safemode.OneReplicaPipelineSafeModeRule (OneReplicaPipelineSafeModeRule.java:initializeRule(180)) - Total pipeline count is 0, pipeline's with at least one datanode reported threshold count is 0
2022-08-24 08:26:45,961 [Listener at 127.0.0.1/39171] INFO  ipc.CallQueueManager (CallQueueManager.java:<init>(90)) - Using callQueue: class java.util.concurrent.LinkedBlockingQueue, queueCapacity: 2000, scheduler: class org.apache.hadoop.ipc.DefaultRpcScheduler, ipcBackoff: false.
2022-08-24 08:26:45,961 [Socket Reader #1 for port 0] INFO  ipc.Server (Server.java:run(1265)) - Starting Socket Reader #1 for port 0
2022-08-24 08:26:45,964 [Listener at 0.0.0.0/44429] INFO  ipc.CallQueueManager (CallQueueManager.java:<init>(90)) - Using callQueue: class java.util.concurrent.LinkedBlockingQueue, queueCapacity: 2000, scheduler: class org.apache.hadoop.ipc.DefaultRpcScheduler, ipcBackoff: false.
2022-08-24 08:26:45,970 [Socket Reader #1 for port 0] INFO  ipc.Server (Server.java:run(1265)) - Starting Socket Reader #1 for port 0
2022-08-24 08:26:45,973 [Listener at 0.0.0.0/40289] INFO  ipc.CallQueueManager (CallQueueManager.java:<init>(90)) - Using callQueue: class java.util.concurrent.LinkedBlockingQueue, queueCapacity: 2000, scheduler: class org.apache.hadoop.ipc.DefaultRpcScheduler, ipcBackoff: false.
2022-08-24 08:26:45,973 [Socket Reader #1 for port 0] INFO  ipc.Server (Server.java:run(1265)) - Starting Socket Reader #1 for port 0
2022-08-24 08:26:46,022 [Listener at 0.0.0.0/35947] INFO  ha.SCMServiceManager (SCMServiceManager.java:register(42)) - Registering service ContainerBalancer.
2022-08-24 08:26:46,022 [Listener at 0.0.0.0/35947] INFO  server.StorageContainerManager (StorageContainerManager.java:<init>(406)) - 
Container Balancer status:
Key                            Value
Running                        false
Container Balancer Configuration values:
Key                                                Value
Threshold                                          10
Max Datanodes to Involve per Iteration(percent)    20
Max Size to Move per Iteration                     500GB
Max Size Entering Target per Iteration             26GB
Max Size Leaving Source per Iteration              26GB

2022-08-24 08:26:46,028 [Listener at 0.0.0.0/35947] WARN  events.EventQueue (EventQueue.java:fireEvent(216)) - No event handler registered for event TypedEvent{payloadType=SafeModeStatus, name='Safe mode status'}
2022-08-24 08:26:46,028 [Listener at 0.0.0.0/35947] INFO  ha.SCMContext (SCMContext.java:updateSafeModeStatus(228)) - Update SafeModeStatus from SafeModeStatus{safeModeStatus=true, preCheckPassed=false} to SafeModeStatus{safeModeStatus=true, preCheckPassed=false}.
2022-08-24 08:26:46,029 [Listener at 0.0.0.0/35947] INFO  server.StorageContainerManager (StorageContainerManager.java:start(1460)) - StorageContainerLocationProtocol RPC server is listening at /0.0.0.0:35947
2022-08-24 08:26:46,029 [Listener at 0.0.0.0/35947] INFO  impl.MetricsSystemImpl (MetricsSystemImpl.java:init(158)) - StorageContainerManager metrics system started (again)
2022-08-24 08:26:46,050 [Listener at 0.0.0.0/35947] INFO  server.SCMClientProtocolServer (SCMClientProtocolServer.java:start(170)) - RPC server for Client  is listening at /0.0.0.0:35947
2022-08-24 08:26:46,050 [IPC Server Responder] INFO  ipc.Server (Server.java:run(1507)) - IPC Server Responder: starting
2022-08-24 08:26:46,051 [IPC Server listener on 0] INFO  ipc.Server (Server.java:run(1344)) - IPC Server listener on 0: starting
2022-08-24 08:26:46,054 [Listener at 0.0.0.0/35947] INFO  server.StorageContainerManager (StorageContainerManager.java:start(1475)) - ScmBlockLocationProtocol RPC server is listening at /0.0.0.0:40289
2022-08-24 08:26:46,054 [Listener at 0.0.0.0/35947] INFO  server.SCMBlockProtocolServer (SCMBlockProtocolServer.java:start(152)) - RPC server for Block Protocol is listening at /0.0.0.0:40289
2022-08-24 08:26:46,054 [IPC Server Responder] INFO  ipc.Server (Server.java:run(1507)) - IPC Server Responder: starting
2022-08-24 08:26:46,054 [IPC Server listener on 0] INFO  ipc.Server (Server.java:run(1344)) - IPC Server listener on 0: starting
2022-08-24 08:26:46,056 [Listener at 0.0.0.0/35947] INFO  server.SCMDatanodeProtocolServer (SCMDatanodeProtocolServer.java:start(186)) - ScmDatanodeProtocol RPC server for DataNodes is listening at /0.0.0.0:44429
2022-08-24 08:26:46,057 [IPC Server Responder] INFO  ipc.Server (Server.java:run(1507)) - IPC Server Responder: starting
2022-08-24 08:26:46,058 [IPC Server listener on 0] INFO  ipc.Server (Server.java:run(1344)) - IPC Server listener on 0: starting
2022-08-24 08:26:46,067 [Listener at 0.0.0.0/35947] INFO  http.BaseHttpServer (BaseHttpServer.java:newHttpServer2BuilderForOzone(209)) - Starting Web-server for scm at: http://0.0.0.0:0
2022-08-24 08:26:46,067 [Listener at 0.0.0.0/35947] INFO  http.BaseHttpServer (BaseHttpServer.java:<init>(107)) - Hadoop Security Enabled: false Ozone Security Enabled: false Ozone HTTP Security Enabled: false 
2022-08-24 08:26:46,069 [Listener at 0.0.0.0/35947] INFO  server.AuthenticationFilter (AuthenticationFilter.java:constructSecretProvider(240)) - Unable to initialize FileSignerSecretProvider, falling back to use random secrets.
2022-08-24 08:26:46,070 [org.apache.hadoop.util.JvmPauseMonitor$Monitor@1f75065e] INFO  util.JvmPauseMonitor (JvmPauseMonitor.java:run(188)) - Starting JVM pause monitor
2022-08-24 08:26:46,070 [Listener at 0.0.0.0/35947] WARN  http.HttpRequestLog (HttpRequestLog.java:getRequestLog(103)) - Jetty request log can only be enabled using Log4j
2022-08-24 08:26:46,071 [Listener at 0.0.0.0/35947] INFO  http.HttpServer2 (HttpServer2.java:addGlobalFilter(1029)) - Added global filter 'safety' (class=org.apache.hadoop.hdds.server.http.HttpServer2$QuotingInputFilter)
2022-08-24 08:26:46,071 [Listener at 0.0.0.0/35947] INFO  http.HttpServer2 (HttpServer2.java:addFilter(1005)) - Added filter static_user_filter (class=org.apache.hadoop.http.lib.StaticUserWebFilter$StaticUserFilter) to context scm
2022-08-24 08:26:46,071 [Listener at 0.0.0.0/35947] INFO  http.HttpServer2 (HttpServer2.java:addFilter(1013)) - Added filter static_user_filter (class=org.apache.hadoop.http.lib.StaticUserWebFilter$StaticUserFilter) to context logs
2022-08-24 08:26:46,071 [Listener at 0.0.0.0/35947] INFO  http.HttpServer2 (HttpServer2.java:addFilter(1013)) - Added filter static_user_filter (class=org.apache.hadoop.http.lib.StaticUserWebFilter$StaticUserFilter) to context static
2022-08-24 08:26:46,072 [Listener at 0.0.0.0/35947] INFO  http.HttpServer2 (HttpServer2.java:bindListener(1248)) - Jetty bound to port 40897
2022-08-24 08:26:46,072 [Listener at 0.0.0.0/35947] INFO  server.Server (Server.java:doStart(375)) - jetty-9.4.43.v20210629; built: 2021-06-30T11:07:22.254Z; git: 526006ecfa3af7f1a27ef3a288e2bef7ea9dd7e8; jvm 1.8.0_345-b01
2022-08-24 08:26:46,073 [Listener at 0.0.0.0/35947] INFO  server.session (DefaultSessionIdManager.java:doStart(334)) - DefaultSessionIdManager workerName=node0
2022-08-24 08:26:46,073 [Listener at 0.0.0.0/35947] INFO  server.session (DefaultSessionIdManager.java:doStart(339)) - No SessionScavenger set, using defaults
2022-08-24 08:26:46,073 [Listener at 0.0.0.0/35947] INFO  server.session (HouseKeeper.java:startScavenging(132)) - node0 Scavenging every 600000ms
2022-08-24 08:26:46,074 [Listener at 0.0.0.0/35947] INFO  handler.ContextHandler (ContextHandler.java:doStart(915)) - Started o.e.j.s.ServletContextHandler@7d4a3c0{logs,/logs,file:///home/runner/work/ozone/ozone/hadoop-ozone/integration-test/target/log,AVAILABLE}
2022-08-24 08:26:46,074 [Listener at 0.0.0.0/35947] INFO  handler.ContextHandler (ContextHandler.java:doStart(915)) - Started o.e.j.s.ServletContextHandler@21f94204{static,/static,file:///home/runner/work/ozone/ozone/hadoop-ozone/integration-test/target/test-classes/webapps/static,AVAILABLE}
2022-08-24 08:26:46,076 [Listener at 0.0.0.0/35947] INFO  handler.ContextHandler (ContextHandler.java:doStart(915)) - Started o.e.j.w.WebAppContext@21e173be{scm,/,file:///home/runner/work/ozone/ozone/hadoop-ozone/integration-test/target/test-classes/webapps/scm/,AVAILABLE}{file:/home/runner/work/ozone/ozone/hadoop-ozone/integration-test/target/test-classes/webapps/scm}
2022-08-24 08:26:46,078 [Listener at 0.0.0.0/35947] INFO  server.AbstractConnector (AbstractConnector.java:doStart(331)) - Started ServerConnector@30d9ee4d{HTTP/1.1, (http/1.1)}{0.0.0.0:40897}
2022-08-24 08:26:46,078 [Listener at 0.0.0.0/35947] INFO  server.Server (Server.java:doStart(415)) - Started @41805ms
2022-08-24 08:26:46,078 [Listener at 0.0.0.0/35947] WARN  impl.MetricsSystemImpl (MetricsSystemImpl.java:register(279)) - Sink prometheus already exists!
2022-08-24 08:26:46,078 [Listener at 0.0.0.0/35947] INFO  http.BaseHttpServer (BaseHttpServer.java:updateConnectorAddress(329)) - HTTP server of scm listening at http://0.0.0.0:40897
2022-08-24 08:26:46,078 [Listener at 0.0.0.0/35947] WARN  server.ServerUtils (ServerUtils.java:getDBPath(225)) - ozone.om.db.dirs is not configured. We recommend adding this setting. Falling back to ozone.metadata.dirs instead.
2022-08-24 08:26:46,080 [Listener at 0.0.0.0/35947] INFO  ha.OMHANodeDetails (OMHANodeDetails.java:loadOMHAConfig(115)) - ozone.om.internal.service.id is not defined, falling back to ozone.om.service.ids to find serviceID for OzoneManager if it is HA enabled cluster
2022-08-24 08:26:46,080 [Listener at 0.0.0.0/35947] INFO  ha.OMHANodeDetails (OMHANodeDetails.java:loadOMHAConfig(226)) - Configuration does not have ozone.om.address set. Falling back to the default OM address /127.0.0.1:0
2022-08-24 08:26:46,080 [Listener at 0.0.0.0/35947] INFO  ha.OMHANodeDetails (OMHANodeDetails.java:getOMNodeDetailsForNonHA(254)) - OM Service ID is not set. Setting it to the default ID: omServiceIdDefault
2022-08-24 08:26:46,080 [Listener at 0.0.0.0/35947] INFO  ha.OMHANodeDetails (OMHANodeDetails.java:getOMNodeDetailsForNonHA(261)) - OM Node ID is not set. Setting it to the default ID: om1
2022-08-24 08:26:46,080 [Listener at 0.0.0.0/35947] WARN  server.ServerUtils (ServerUtils.java:getDBPath(225)) - ozone.om.db.dirs is not configured. We recommend adding this setting. Falling back to ozone.metadata.dirs instead.
2022-08-24 08:26:46,080 [Listener at 0.0.0.0/35947] INFO  upgrade.AbstractLayoutVersionManager (AbstractLayoutVersionManager.java:init(83)) - Initializing Layout version manager with metadata layout = MULTITENANCY_SCHEMA (version = 3), software layout = MULTITENANCY_SCHEMA (version = 3)
2022-08-24 08:26:46,146 [Listener at 0.0.0.0/35947] INFO  reflections.Reflections (Reflections.java:scan(232)) - Reflections took 65 ms to scan 2 urls, producing 153 keys and 427 values [using 2 cores]
2022-08-24 08:26:46,146 [Listener at 0.0.0.0/35947] INFO  upgrade.OMLayoutVersionManager (OMLayoutVersionManager.java:lambda$0(115)) - Skipping Upgrade Action MockOmUpgradeAction since it has been finalized.
2022-08-24 08:26:46,146 [Listener at 0.0.0.0/35947] WARN  server.ServerUtils (ServerUtils.java:getDBPath(225)) - ozone.om.db.dirs is not configured. We recommend adding this setting. Falling back to ozone.metadata.dirs instead.
2022-08-24 08:26:46,147 [Listener at 0.0.0.0/35947] INFO  proxy.SCMBlockLocationFailoverProxyProvider (SCMBlockLocationFailoverProxyProvider.java:<init>(114)) - Created block location fail-over proxy with 1 nodes: [nodeId=scmNodeId,nodeAddress=/0.0.0.0:40289]
2022-08-24 08:26:46,148 [Listener at 0.0.0.0/35947] INFO  proxy.SCMBlockLocationFailoverProxyProvider (SCMBlockLocationFailoverProxyProvider.java:<init>(114)) - Created block location fail-over proxy with 1 nodes: [nodeId=scmNodeId,nodeAddress=/0.0.0.0:40289]
2022-08-24 08:26:46,168 [Listener at 0.0.0.0/35947] WARN  server.ServerUtils (ServerUtils.java:getDBPath(225)) - ozone.om.db.dirs is not configured. We recommend adding this setting. Falling back to ozone.metadata.dirs instead.
2022-08-24 08:26:46,168 [Listener at 0.0.0.0/35947] INFO  codec.OmKeyInfoCodec (OmKeyInfoCodec.java:<init>(49)) - OmKeyInfoCodec ignorePipeline = true
2022-08-24 08:26:46,168 [Listener at 0.0.0.0/35947] INFO  codec.RepeatedOmKeyInfoCodec (RepeatedOmKeyInfoCodec.java:<init>(41)) - RepeatedOmKeyInfoCodec ignorePipeline = true
2022-08-24 08:26:46,190 [ReplicationMonitor] INFO  replication.ReplicationManager (ReplicationManager.java:processAll(293)) - Replication Monitor Thread took 0 milliseconds for processing 3 containers.
2022-08-24 08:26:46,302 [Listener at 0.0.0.0/35947] INFO  om.OzoneManager (OzoneManager.java:instantiateServices(697)) - S3 Multi-Tenancy is disabled
2022-08-24 08:26:46,303 [Listener at 0.0.0.0/35947] INFO  om.OzoneManager (OzoneManager.java:addS3GVolumeToDB(4309)) - Created Volume s3v With Owner runner required for S3Gateway operations.
2022-08-24 08:26:46,304 [Listener at 0.0.0.0/35947] WARN  server.ServerUtils (ServerUtils.java:getDefaultRatisDirectory(237)) - Storage directory for Ratis is not configured. It is a good idea to map this to an SSD disk. Falling back to ozone.metadata.dirs
2022-08-24 08:26:46,304 [Listener at 0.0.0.0/35947] WARN  utils.OzoneManagerRatisUtils (OzoneManagerRatisUtils.java:getOMRatisSnapshotDirectory(434)) - ozone.om.ratis.snapshot.dir is not configured. Falling back to ozone.metadata.dirs config
2022-08-24 08:26:46,304 [Listener at 0.0.0.0/35947] WARN  impl.MetricRegistriesImpl (MetricRegistriesImpl.java:addReporterRegistration(111)) - New reporters are added after registries were created. Some metrics will be missing from the reporter. Please add reporter before adding any new registry.
2022-08-24 08:26:46,304 [Listener at 0.0.0.0/35947] WARN  impl.MetricRegistriesImpl (MetricRegistriesImpl.java:addReporterRegistration(111)) - New reporters are added after registries were created. Some metrics will be missing from the reporter. Please add reporter before adding any new registry.
2022-08-24 08:26:46,304 [Listener at 0.0.0.0/35947] WARN  server.ServerUtils (ServerUtils.java:getDefaultRatisDirectory(237)) - Storage directory for Ratis is not configured. It is a good idea to map this to an SSD disk. Falling back to ozone.metadata.dirs
2022-08-24 08:26:46,305 [Listener at 0.0.0.0/35947] INFO  ratis.OzoneManagerRatisServer (OzoneManagerRatisServer.java:<init>(159)) - Instantiating OM Ratis server with groupID: omServiceIdDefault and peers: localhost:41133
2022-08-24 08:26:46,305 [Listener at 0.0.0.0/35947] INFO  ratis.OzoneManagerStateMachine (OzoneManagerStateMachine.java:loadSnapshotInfoFromDB(632)) - LastAppliedIndex is set from TransactionInfo from OM DB as (t:0, i:~)
2022-08-24 08:26:46,305 [Listener at 0.0.0.0/35947] INFO  server.RaftServer (ConfUtils.java:logGet(46)) - raft.rpc.type = GRPC (default)
2022-08-24 08:26:46,305 [Listener at 0.0.0.0/35947] INFO  grpc.GrpcFactory (GrpcFactory.java:checkPooledByteBufAllocatorUseCacheForAllThreads(48)) - PERFORMANCE WARNING: useCacheForAllThreads is true that may cause Netty to create a lot garbage objects and, as a result, trigger GC.
	It is recommended to disable useCacheForAllThreads by setting -Dorg.apache.ratis.thirdparty.io.netty.allocator.useCacheForAllThreads=false in command line.
2022-08-24 08:26:46,305 [Listener at 0.0.0.0/35947] INFO  grpc.GrpcConfigKeys (ConfUtils.java:logGet(46)) - raft.grpc.admin.port = -1 (default)
2022-08-24 08:26:46,305 [Listener at 0.0.0.0/35947] INFO  grpc.GrpcConfigKeys (ConfUtils.java:logGet(46)) - raft.grpc.server.port = 41133 (custom)
2022-08-24 08:26:46,305 [Listener at 0.0.0.0/35947] INFO  grpc.GrpcConfigKeys (ConfUtils.java:logGet(46)) - raft.grpc.client.port = -1 (default)
2022-08-24 08:26:46,305 [Listener at 0.0.0.0/35947] INFO  grpc.GrpcConfigKeys (ConfUtils.java:logGet(46)) - raft.grpc.server.port = 41133 (custom)
2022-08-24 08:26:46,305 [Listener at 0.0.0.0/35947] INFO  grpc.GrpcConfigKeys (ConfUtils.java:logGet(46)) - raft.grpc.server.port = 41133 (custom)
2022-08-24 08:26:46,305 [Listener at 0.0.0.0/35947] INFO  server.GrpcService (ConfUtils.java:logGet(46)) - raft.grpc.message.size.max = 33554432 (custom)
2022-08-24 08:26:46,306 [Listener at 0.0.0.0/35947] INFO  server.RaftServerConfigKeys (ConfUtils.java:logGet(46)) - raft.server.log.appender.buffer.byte-limit = 33554432 (custom)
2022-08-24 08:26:46,306 [Listener at 0.0.0.0/35947] INFO  server.GrpcService (ConfUtils.java:logGet(46)) - raft.grpc.flow.control.window = 1MB (=1048576) (default)
2022-08-24 08:26:46,306 [Listener at 0.0.0.0/35947] INFO  server.RaftServerConfigKeys (ConfUtils.java:logGet(46)) - raft.server.rpc.request.timeout = 3000ms (default)
2022-08-24 08:26:46,306 [Listener at 0.0.0.0/35947] INFO  grpc.GrpcConfigKeys (ConfUtils.java:logGet(46)) - raft.grpc.server.async.request.thread.pool.cached = true (default)
2022-08-24 08:26:46,306 [Listener at 0.0.0.0/35947] INFO  grpc.GrpcConfigKeys (ConfUtils.java:logGet(46)) - raft.grpc.server.async.request.thread.pool.size = 32 (default)
2022-08-24 08:26:46,307 [Listener at 0.0.0.0/35947] INFO  impl.DataStreamServerImpl (ConfUtils.java:logGet(46)) - raft.datastream.type = DISABLED (default)
2022-08-24 08:26:46,307 [Listener at 0.0.0.0/35947] INFO  server.RaftServerConfigKeys (ConfUtils.java:logGet(46)) - raft.server.threadpool.proxy.cached = true (default)
2022-08-24 08:26:46,307 [Listener at 0.0.0.0/35947] INFO  server.RaftServerConfigKeys (ConfUtils.java:logGet(46)) - raft.server.threadpool.proxy.size = 0 (default)
2022-08-24 08:26:46,307 [Listener at 0.0.0.0/35947] INFO  server.RaftServerConfigKeys (ConfUtils.java:logGet(46)) - raft.server.rpc.slowness.timeout = 120s (custom)
2022-08-24 08:26:46,307 [Listener at 0.0.0.0/35947] INFO  server.RaftServerConfigKeys (ConfUtils.java:logGet(46)) - raft.server.leaderelection.leader.step-down.wait-time = 10s (default)
2022-08-24 08:26:46,307 [Listener at 0.0.0.0/35947] INFO  server.RaftServerConfigKeys (ConfUtils.java:logGet(46)) - raft.server.storage.dir = [/home/runner/work/ozone/ozone/hadoop-ozone/integration-test/target/test-dir/MiniOzoneClusterImpl-cdd53f84-6cde-4857-b5c7-0b764a38e29c/ozone-meta/ratis] (custom)
2022-08-24 08:26:46,307 [main] INFO  statemachine.DatanodeStateMachine (DatanodeStateMachine.java:stopDaemon(580)) - Ozone container server stopped.
2022-08-24 08:26:46,319 [Listener at 0.0.0.0/35947] INFO  server.RaftServer (RaftServerProxy.java:addNew(96)) - om1: addNew group-C5BA1605619E:[om1|rpc:localhost:41133|priority:0] returns group-C5BA1605619E:java.util.concurrent.CompletableFuture@1cb1d597[Not completed]
2022-08-24 08:26:46,319 [Listener at 0.0.0.0/35947] INFO  om.OzoneManager (OzoneManager.java:initializeRatisServer(1963)) - OzoneManager Ratis server initialized at port 41133
2022-08-24 08:26:46,319 [pool-582-thread-1] INFO  server.RaftServer$Division (RaftServerImpl.java:<init>(190)) - om1: new RaftServerImpl for group-C5BA1605619E:[om1|rpc:localhost:41133|priority:0] with OzoneManagerStateMachine:uninitialized
2022-08-24 08:26:46,319 [pool-582-thread-1] INFO  server.RaftServerConfigKeys (ConfUtils.java:logGet(46)) - raft.server.rpc.timeout.min = 1s (custom)
2022-08-24 08:26:46,319 [pool-582-thread-1] INFO  server.RaftServerConfigKeys (ConfUtils.java:logGet(46)) - raft.server.rpc.timeout.max = 1200ms (custom)
2022-08-24 08:26:46,319 [pool-582-thread-1] INFO  server.RaftServerConfigKeys (ConfUtils.java:logGet(46)) - raft.server.rpc.sleep.time = 25ms (default)
2022-08-24 08:26:46,319 [pool-582-thread-1] INFO  server.RaftServerConfigKeys (ConfUtils.java:logGet(46)) - raft.server.rpc.slowness.timeout = 120s (custom)
2022-08-24 08:26:46,319 [pool-582-thread-1] INFO  server.RaftServerConfigKeys (ConfUtils.java:logGet(46)) - raft.server.leaderelection.leader.step-down.wait-time = 10s (default)
2022-08-24 08:26:46,319 [pool-582-thread-1] INFO  server.RaftServerConfigKeys (ConfUtils.java:logGet(46)) - raft.server.sleep.deviation.threshold = 300ms (default)
2022-08-24 08:26:46,319 [pool-582-thread-1] INFO  server.RaftServer$Division (ServerState.java:<init>(107)) - om1@group-C5BA1605619E: ConfigurationManager, init=-1: [om1|rpc:localhost:41133|priority:0], old=null, confs=<EMPTY_MAP>
2022-08-24 08:26:46,319 [pool-582-thread-1] INFO  server.RaftServerConfigKeys (ConfUtils.java:logGet(46)) - raft.server.storage.dir = [/home/runner/work/ozone/ozone/hadoop-ozone/integration-test/target/test-dir/MiniOzoneClusterImpl-cdd53f84-6cde-4857-b5c7-0b764a38e29c/ozone-meta/ratis] (custom)
2022-08-24 08:26:46,319 [pool-582-thread-1] INFO  server.RaftServerConfigKeys (ConfUtils.java:logGet(46)) - raft.server.log.corruption.policy = EXCEPTION (default)
2022-08-24 08:26:46,319 [pool-582-thread-1] INFO  server.RaftServerConfigKeys (ConfUtils.java:logGet(46)) - raft.server.storage.free-space.min = 0MB (=0) (default)
2022-08-24 08:26:46,320 [pool-582-thread-1] INFO  storage.RaftStorageDirectory (RaftStorageDirectoryImpl.java:analyzeStorage(135)) - The storage directory /home/runner/work/ozone/ozone/hadoop-ozone/integration-test/target/test-dir/MiniOzoneClusterImpl-cdd53f84-6cde-4857-b5c7-0b764a38e29c/ozone-meta/ratis/bf265839-605b-3f16-9796-c5ba1605619e does not exist. Creating ...
2022-08-24 08:26:46,320 [Listener at 0.0.0.0/35947] INFO  om.OzoneManager (OzoneManager.java:getRpcServer(1086)) - Creating RPC Server
2022-08-24 08:26:46,331 [pool-582-thread-1] INFO  storage.RaftStorageDirectory (RaftStorageDirectoryImpl.java:tryLock(230)) - Lock on /home/runner/work/ozone/ozone/hadoop-ozone/integration-test/target/test-dir/MiniOzoneClusterImpl-cdd53f84-6cde-4857-b5c7-0b764a38e29c/ozone-meta/ratis/bf265839-605b-3f16-9796-c5ba1605619e/in_use.lock acquired by nodename 20331@fv-az96-669
2022-08-24 08:26:46,332 [pool-582-thread-1] INFO  storage.RaftStorage (RaftStorageImpl.java:format(89)) - Storage directory /home/runner/work/ozone/ozone/hadoop-ozone/integration-test/target/test-dir/MiniOzoneClusterImpl-cdd53f84-6cde-4857-b5c7-0b764a38e29c/ozone-meta/ratis/bf265839-605b-3f16-9796-c5ba1605619e has been successfully formatted.
2022-08-24 08:26:46,332 [pool-582-thread-1] INFO  server.RaftServerConfigKeys (ConfUtils.java:logGet(46)) - raft.server.notification.no-leader.timeout = 120s (custom)
2022-08-24 08:26:46,332 [pool-582-thread-1] INFO  server.RaftServerConfigKeys (ConfUtils.java:logGet(46)) - raft.server.log.use.memory = false (default)
2022-08-24 08:26:46,332 [pool-582-thread-1] INFO  server.RaftServerConfigKeys (ConfUtils.java:logGet(46)) - raft.server.log.purge.gap = 1000000 (custom)
2022-08-24 08:26:46,332 [pool-582-thread-1] INFO  server.RaftServerConfigKeys (ConfUtils.java:logGet(46)) - raft.server.log.appender.buffer.byte-limit = 33554432 (custom)
2022-08-24 08:26:46,332 [pool-582-thread-1] INFO  server.RaftServerConfigKeys (ConfUtils.java:logGet(46)) - raft.server.log.statemachine.data.read.timeout = 1000ms (default)
2022-08-24 08:26:46,333 [pool-582-thread-1] INFO  server.RaftServerConfigKeys (ConfUtils.java:logGet(46)) - raft.server.log.segment.size.max = 4194304 (custom)
2022-08-24 08:26:46,333 [pool-582-thread-1] INFO  server.RaftServerConfigKeys (ConfUtils.java:logGet(46)) - raft.server.log.segment.cache.num.max = 2 (custom)
2022-08-24 08:26:46,333 [pool-582-thread-1] INFO  server.RaftServerConfigKeys (ConfUtils.java:logGet(46)) - raft.server.log.segment.cache.size.max = 200MB (=209715200) (default)
2022-08-24 08:26:46,333 [pool-582-thread-1] INFO  segmented.SegmentedRaftLogWorker (SegmentedRaftLogWorker.java:<init>(187)) - new om1@group-C5BA1605619E-SegmentedRaftLogWorker for RaftStorageImpl:Storage Directory /home/runner/work/ozone/ozone/hadoop-ozone/integration-test/target/test-dir/MiniOzoneClusterImpl-cdd53f84-6cde-4857-b5c7-0b764a38e29c/ozone-meta/ratis/bf265839-605b-3f16-9796-c5ba1605619e
2022-08-24 08:26:46,333 [pool-582-thread-1] INFO  server.RaftServerConfigKeys (ConfUtils.java:logGet(46)) - raft.server.log.queue.byte-limit = 64MB (=67108864) (default)
2022-08-24 08:26:46,333 [pool-582-thread-1] INFO  server.RaftServerConfigKeys (ConfUtils.java:logGet(46)) - raft.server.log.queue.element-limit = 4096 (default)
2022-08-24 08:26:46,333 [pool-582-thread-1] INFO  server.RaftServerConfigKeys (ConfUtils.java:logGet(46)) - raft.server.log.segment.size.max = 4194304 (custom)
2022-08-24 08:26:46,333 [pool-582-thread-1] INFO  server.RaftServerConfigKeys (ConfUtils.java:logGet(46)) - raft.server.log.preallocated.size = 4194304 (custom)
2022-08-24 08:26:46,333 [pool-582-thread-1] INFO  server.RaftServerConfigKeys (ConfUtils.java:logGet(46)) - raft.server.log.force.sync.num = 128 (default)
2022-08-24 08:26:46,333 [pool-582-thread-1] INFO  server.RaftServerConfigKeys (ConfUtils.java:logGet(46)) - raft.server.log.statemachine.data.sync = true (default)
2022-08-24 08:26:46,333 [pool-582-thread-1] INFO  server.RaftServerConfigKeys (ConfUtils.java:logGet(46)) - raft.server.log.statemachine.data.sync.timeout = 10s (default)
2022-08-24 08:26:46,333 [pool-582-thread-1] INFO  server.RaftServerConfigKeys (ConfUtils.java:logGet(46)) - raft.server.log.statemachine.data.sync.timeout.retry = -1 (default)
2022-08-24 08:26:46,340 [pool-582-thread-1] INFO  server.RaftServerConfigKeys (ConfUtils.java:logGet(46)) - raft.server.log.write.buffer.size = 64KB (=65536) (default)
2022-08-24 08:26:46,340 [pool-582-thread-1] INFO  server.RaftServerConfigKeys (ConfUtils.java:logGet(46)) - raft.server.log.unsafe-flush.enabled = false (default)
2022-08-24 08:26:46,340 [pool-582-thread-1] INFO  server.RaftServerConfigKeys (ConfUtils.java:logGet(46)) - raft.server.log.statemachine.data.caching.enabled = false (default)
2022-08-24 08:26:46,340 [pool-582-thread-1] INFO  segmented.SegmentedRaftLogWorker (SegmentedRaftLogWorker.java:lambda$new$0(135)) - om1@group-C5BA1605619E-SegmentedRaftLogWorker: flushIndex: setUnconditionally 0 -> -1
2022-08-24 08:26:46,340 [pool-582-thread-1] INFO  segmented.SegmentedRaftLogWorker (SegmentedRaftLogWorker.java:lambda$new$0(135)) - om1@group-C5BA1605619E-SegmentedRaftLogWorker: safeCacheEvictIndex: setUnconditionally 0 -> -1
2022-08-24 08:26:46,350 [pool-582-thread-1] INFO  server.RaftServerConfigKeys (ConfUtils.java:logGet(46)) - raft.server.snapshot.auto.trigger.enabled = true (custom)
2022-08-24 08:26:46,350 [pool-582-thread-1] INFO  server.RaftServerConfigKeys (ConfUtils.java:logGet(46)) - raft.server.snapshot.auto.trigger.threshold = 400000 (default)
2022-08-24 08:26:46,350 [pool-582-thread-1] INFO  server.RaftServerConfigKeys (ConfUtils.java:logGet(46)) - raft.server.snapshot.retention.file.num = -1 (default)
2022-08-24 08:26:46,350 [pool-582-thread-1] INFO  server.RaftServerConfigKeys (ConfUtils.java:logGet(46)) - raft.server.log.purge.upto.snapshot.index = true (custom)
2022-08-24 08:26:46,350 [pool-582-thread-1] INFO  server.RaftServerConfigKeys (ConfUtils.java:logGet(46)) - raft.server.retrycache.expirytime = 300s (custom)
2022-08-24 08:26:46,350 [pool-582-thread-1] INFO  server.RaftServerConfigKeys (ConfUtils.java:logGet(46)) - raft.server.retrycache.statistics.expirytime = 100μs (default)
2022-08-24 08:26:46,350 [pool-582-thread-1] INFO  server.RaftServerConfigKeys (ConfUtils.java:logGet(46)) - raft.server.log.appender.install.snapshot.enabled = false (custom)
2022-08-24 08:26:46,350 [pool-582-thread-1] INFO  server.RaftServerConfigKeys (ConfUtils.java:logGet(46)) - raft.server.threadpool.server.cached = true (default)
2022-08-24 08:26:46,350 [pool-582-thread-1] INFO  server.RaftServerConfigKeys (ConfUtils.java:logGet(46)) - raft.server.threadpool.server.size = 0 (default)
2022-08-24 08:26:46,350 [pool-582-thread-1] INFO  server.RaftServerConfigKeys (ConfUtils.java:logGet(46)) - raft.server.threadpool.client.cached = true (default)
2022-08-24 08:26:46,350 [pool-582-thread-1] INFO  server.RaftServerConfigKeys (ConfUtils.java:logGet(46)) - raft.server.threadpool.client.size = 0 (default)
2022-08-24 08:26:46,355 [main] INFO  handler.ContextHandler (ContextHandler.java:doStop(1153)) - Stopped o.e.j.w.WebAppContext@5ba32cf1{hddsDatanode,/,null,STOPPED}{jar:file:/home/runner/.m2/repository/org/apache/ozone/hdds-container-service/1.3.0-SNAPSHOT/hdds-container-service-1.3.0-SNAPSHOT.jar!/webapps/hddsDatanode}
2022-08-24 08:26:46,359 [main] INFO  server.AbstractConnector (AbstractConnector.java:doStop(381)) - Stopped ServerConnector@fcee909{HTTP/1.1, (http/1.1)}{0.0.0.0:0}
2022-08-24 08:26:46,359 [main] INFO  server.session (HouseKeeper.java:stopScavenging(149)) - node0 Stopped scavenging
2022-08-24 08:26:46,360 [main] INFO  handler.ContextHandler (ContextHandler.java:doStop(1153)) - Stopped o.e.j.s.ServletContextHandler@425e7cd3{static,/static,jar:file:/home/runner/.m2/repository/org/apache/ozone/hdds-container-service/1.3.0-SNAPSHOT/hdds-container-service-1.3.0-SNAPSHOT.jar!/webapps/static,STOPPED}
2022-08-24 08:26:46,361 [main] INFO  handler.ContextHandler (ContextHandler.java:doStop(1153)) - Stopped o.e.j.s.ServletContextHandler@249e7231{logs,/logs,file:///home/runner/work/ozone/ozone/hadoop-ozone/integration-test/target/log,STOPPED}
2022-08-24 08:26:46,388 [main] WARN  impl.MetricRegistriesImpl (MetricRegistriesImpl.java:addReporterRegistration(111)) - New reporters are added after registries were created. Some metrics will be missing from the reporter. Please add reporter before adding any new registry.
2022-08-24 08:26:46,388 [main] WARN  impl.MetricRegistriesImpl (MetricRegistriesImpl.java:addReporterRegistration(111)) - New reporters are added after registries were created. Some metrics will be missing from the reporter. Please add reporter before adding any new registry.
2022-08-24 08:26:46,388 [main] INFO  impl.MetricsSystemImpl (MetricsSystemImpl.java:init(158)) - HddsDatanode metrics system started (again)
2022-08-24 08:26:46,422 [70662cbb-713a-42dd-806f-fd02fc40d4c3@group-2ADE258D0CE4-FollowerState] INFO  impl.FollowerState (FollowerState.java:run(143)) - 70662cbb-713a-42dd-806f-fd02fc40d4c3@group-2ADE258D0CE4-FollowerState: change to CANDIDATE, lastRpcElapsedTime:5063543069ns, electionTimeout:5062ms
2022-08-24 08:26:46,422 [70662cbb-713a-42dd-806f-fd02fc40d4c3@group-2ADE258D0CE4-FollowerState] INFO  impl.RoleInfo (RoleInfo.java:shutdownFollowerState(110)) - 70662cbb-713a-42dd-806f-fd02fc40d4c3: shutdown 70662cbb-713a-42dd-806f-fd02fc40d4c3@group-2ADE258D0CE4-FollowerState
2022-08-24 08:26:46,422 [70662cbb-713a-42dd-806f-fd02fc40d4c3@group-2ADE258D0CE4-FollowerState] INFO  server.RaftServer$Division (RaftServerImpl.java:setRole(299)) - 70662cbb-713a-42dd-806f-fd02fc40d4c3@group-2ADE258D0CE4: changes role from  FOLLOWER to CANDIDATE at term 1 for changeToCandidate
2022-08-24 08:26:46,422 [70662cbb-713a-42dd-806f-fd02fc40d4c3@group-2ADE258D0CE4-FollowerState] INFO  server.RaftServerConfigKeys (ConfUtils.java:logGet(46)) - raft.server.leaderelection.pre-vote = false (custom)
2022-08-24 08:26:46,422 [70662cbb-713a-42dd-806f-fd02fc40d4c3@group-2ADE258D0CE4-FollowerState] INFO  impl.RoleInfo (RoleInfo.java:updateAndGet(139)) - 70662cbb-713a-42dd-806f-fd02fc40d4c3: start 70662cbb-713a-42dd-806f-fd02fc40d4c3@group-2ADE258D0CE4-LeaderElection21
2022-08-24 08:26:46,459 [70662cbb-713a-42dd-806f-fd02fc40d4c3@group-2ADE258D0CE4-LeaderElection21] INFO  impl.LeaderElection (LeaderElection.java:askForVotes(310)) - 70662cbb-713a-42dd-806f-fd02fc40d4c3@group-2ADE258D0CE4-LeaderElection21 ELECTION round 0: submit vote requests at term 2 for -1: [70662cbb-713a-42dd-806f-fd02fc40d4c3|rpc:10.1.0.105:35509|priority:1, 29766b75-87c1-45cf-9e15-7604919a1259|rpc:10.1.0.105:41003|priority:0, e21bab81-453e-4fc5-885c-2c6423e21b52|rpc:10.1.0.105:45113|priority:0], old=null
2022-08-24 08:26:46,466 [29766b75-87c1-45cf-9e15-7604919a1259@group-2ADE258D0CE4-FollowerState] INFO  impl.FollowerState (FollowerState.java:run(143)) - 29766b75-87c1-45cf-9e15-7604919a1259@group-2ADE258D0CE4-FollowerState: change to CANDIDATE, lastRpcElapsedTime:5094807813ns, electionTimeout:5091ms
2022-08-24 08:26:46,466 [29766b75-87c1-45cf-9e15-7604919a1259@group-2ADE258D0CE4-FollowerState] INFO  impl.RoleInfo (RoleInfo.java:shutdownFollowerState(110)) - 29766b75-87c1-45cf-9e15-7604919a1259: shutdown 29766b75-87c1-45cf-9e15-7604919a1259@group-2ADE258D0CE4-FollowerState
2022-08-24 08:26:46,466 [29766b75-87c1-45cf-9e15-7604919a1259@group-2ADE258D0CE4-FollowerState] INFO  server.RaftServer$Division (RaftServerImpl.java:setRole(299)) - 29766b75-87c1-45cf-9e15-7604919a1259@group-2ADE258D0CE4: changes role from  FOLLOWER to CANDIDATE at term 1 for changeToCandidate
2022-08-24 08:26:46,470 [29766b75-87c1-45cf-9e15-7604919a1259@group-2ADE258D0CE4-FollowerState] INFO  server.RaftServerConfigKeys (ConfUtils.java:logGet(46)) - raft.server.leaderelection.pre-vote = false (custom)
2022-08-24 08:26:46,470 [29766b75-87c1-45cf-9e15-7604919a1259@group-2ADE258D0CE4-FollowerState] INFO  impl.RoleInfo (RoleInfo.java:updateAndGet(139)) - 29766b75-87c1-45cf-9e15-7604919a1259: start 29766b75-87c1-45cf-9e15-7604919a1259@group-2ADE258D0CE4-LeaderElection22
2022-08-24 08:26:46,477 [main] INFO  ozone.HddsDatanodeService (HddsDatanodeService.java:start(236)) - HddsDatanodeService host:fv-az96-669.m4cgkdvplvgupd014rd20bgx3d.gx.internal.cloudapp.net ip:10.1.0.105
2022-08-24 08:26:46,485 [29766b75-87c1-45cf-9e15-7604919a1259@group-2ADE258D0CE4-LeaderElection22] INFO  impl.LeaderElection (LeaderElection.java:askForVotes(310)) - 29766b75-87c1-45cf-9e15-7604919a1259@group-2ADE258D0CE4-LeaderElection22 ELECTION round 0: submit vote requests at term 2 for -1: [70662cbb-713a-42dd-806f-fd02fc40d4c3|rpc:10.1.0.105:35509|dataStream:|priority:1, 29766b75-87c1-45cf-9e15-7604919a1259|rpc:10.1.0.105:41003|dataStream:|priority:0, e21bab81-453e-4fc5-885c-2c6423e21b52|rpc:10.1.0.105:45113|dataStream:|priority:0], old=null
2022-08-24 08:26:46,494 [grpc-default-executor-1] INFO  server.RaftServer$Division (RaftServerImpl.java:requestVote(1152)) - e21bab81-453e-4fc5-885c-2c6423e21b52@group-2ADE258D0CE4: receive requestVote(ELECTION, 29766b75-87c1-45cf-9e15-7604919a1259, group-2ADE258D0CE4, 2, (t:0, i:0))
2022-08-24 08:26:46,495 [grpc-default-executor-1] INFO  impl.VoteContext (VoteContext.java:log(48)) - e21bab81-453e-4fc5-885c-2c6423e21b52@group-2ADE258D0CE4-FOLLOWER: accept ELECTION from 29766b75-87c1-45cf-9e15-7604919a1259: our priority 0 <= candidate's priority 0
2022-08-24 08:26:46,495 [grpc-default-executor-1] INFO  server.RaftServer$Division (RaftServerImpl.java:setRole(299)) - e21bab81-453e-4fc5-885c-2c6423e21b52@group-2ADE258D0CE4: changes role from  FOLLOWER to FOLLOWER at term 2 for candidate:29766b75-87c1-45cf-9e15-7604919a1259
2022-08-24 08:26:46,495 [grpc-default-executor-1] INFO  impl.RoleInfo (RoleInfo.java:shutdownFollowerState(110)) - e21bab81-453e-4fc5-885c-2c6423e21b52: shutdown e21bab81-453e-4fc5-885c-2c6423e21b52@group-2ADE258D0CE4-FollowerState
2022-08-24 08:26:46,496 [grpc-default-executor-1] INFO  impl.RoleInfo (RoleInfo.java:updateAndGet(139)) - e21bab81-453e-4fc5-885c-2c6423e21b52: start e21bab81-453e-4fc5-885c-2c6423e21b52@group-2ADE258D0CE4-FollowerState
2022-08-24 08:26:46,496 [e21bab81-453e-4fc5-885c-2c6423e21b52@group-2ADE258D0CE4-FollowerState] INFO  impl.FollowerState (FollowerState.java:run(152)) - e21bab81-453e-4fc5-885c-2c6423e21b52@group-2ADE258D0CE4-FollowerState was interrupted
2022-08-24 08:26:46,499 [grpc-default-executor-1] INFO  server.RaftServer$Division (RaftServerImpl.java:requestVote(1184)) - e21bab81-453e-4fc5-885c-2c6423e21b52@group-2ADE258D0CE4 replies to ELECTION vote request: 29766b75-87c1-45cf-9e15-7604919a1259<-e21bab81-453e-4fc5-885c-2c6423e21b52#0:OK-t2. Peer's state: e21bab81-453e-4fc5-885c-2c6423e21b52@group-2ADE258D0CE4:t2, leader=null, voted=29766b75-87c1-45cf-9e15-7604919a1259, raftlog=e21bab81-453e-4fc5-885c-2c6423e21b52@group-2ADE258D0CE4-SegmentedRaftLog:OPENED:c-1, conf=-1: [70662cbb-713a-42dd-806f-fd02fc40d4c3|rpc:10.1.0.105:35509|dataStream:|priority:1, 29766b75-87c1-45cf-9e15-7604919a1259|rpc:10.1.0.105:41003|dataStream:|priority:0, e21bab81-453e-4fc5-885c-2c6423e21b52|rpc:10.1.0.105:45113|dataStream:|priority:0], old=null
2022-08-24 08:26:46,508 [grpc-default-executor-3] INFO  server.RaftServer$Division (RaftServerImpl.java:requestVote(1152)) - 70662cbb-713a-42dd-806f-fd02fc40d4c3@group-2ADE258D0CE4: receive requestVote(ELECTION, 29766b75-87c1-45cf-9e15-7604919a1259, group-2ADE258D0CE4, 2, (t:0, i:0))
2022-08-24 08:26:46,508 [grpc-default-executor-3] INFO  impl.VoteContext (VoteContext.java:log(48)) - 70662cbb-713a-42dd-806f-fd02fc40d4c3@group-2ADE258D0CE4-CANDIDATE: reject ELECTION from 29766b75-87c1-45cf-9e15-7604919a1259: already has voted for 70662cbb-713a-42dd-806f-fd02fc40d4c3 at current term 2
2022-08-24 08:26:46,508 [grpc-default-executor-3] INFO  server.RaftServer$Division (RaftServerImpl.java:requestVote(1184)) - 70662cbb-713a-42dd-806f-fd02fc40d4c3@group-2ADE258D0CE4 replies to ELECTION vote request: 29766b75-87c1-45cf-9e15-7604919a1259<-70662cbb-713a-42dd-806f-fd02fc40d4c3#0:FAIL-t2. Peer's state: 70662cbb-713a-42dd-806f-fd02fc40d4c3@group-2ADE258D0CE4:t2, leader=null, voted=70662cbb-713a-42dd-806f-fd02fc40d4c3, raftlog=70662cbb-713a-42dd-806f-fd02fc40d4c3@group-2ADE258D0CE4-SegmentedRaftLog:OPENED:c-1, conf=-1: [70662cbb-713a-42dd-806f-fd02fc40d4c3|rpc:10.1.0.105:35509|priority:1, 29766b75-87c1-45cf-9e15-7604919a1259|rpc:10.1.0.105:41003|priority:0, e21bab81-453e-4fc5-885c-2c6423e21b52|rpc:10.1.0.105:45113|priority:0], old=null
2022-08-24 08:26:46,511 [main] INFO  upgrade.AbstractLayoutVersionManager (AbstractLayoutVersionManager.java:init(83)) - Initializing Layout version manager with metadata layout = DATANODE_SCHEMA_V3 (version = 4), software layout = DATANODE_SCHEMA_V3 (version = 4)
2022-08-24 08:26:46,516 [grpc-default-executor-2] INFO  server.RaftServer$Division (RaftServerImpl.java:requestVote(1152)) - e21bab81-453e-4fc5-885c-2c6423e21b52@group-2ADE258D0CE4: receive requestVote(ELECTION, 70662cbb-713a-42dd-806f-fd02fc40d4c3, group-2ADE258D0CE4, 2, (t:0, i:0))
2022-08-24 08:26:46,516 [grpc-default-executor-1] INFO  server.RaftServer$Division (RaftServerImpl.java:requestVote(1152)) - 29766b75-87c1-45cf-9e15-7604919a1259@group-2ADE258D0CE4: receive requestVote(ELECTION, 70662cbb-713a-42dd-806f-fd02fc40d4c3, group-2ADE258D0CE4, 2, (t:0, i:0))
2022-08-24 08:26:46,516 [grpc-default-executor-2] INFO  impl.VoteContext (VoteContext.java:log(48)) - e21bab81-453e-4fc5-885c-2c6423e21b52@group-2ADE258D0CE4-FOLLOWER: reject ELECTION from 70662cbb-713a-42dd-806f-fd02fc40d4c3: already has voted for 29766b75-87c1-45cf-9e15-7604919a1259 at current term 2
2022-08-24 08:26:46,516 [grpc-default-executor-1] INFO  impl.VoteContext (VoteContext.java:log(48)) - 29766b75-87c1-45cf-9e15-7604919a1259@group-2ADE258D0CE4-CANDIDATE: reject ELECTION from 70662cbb-713a-42dd-806f-fd02fc40d4c3: already has voted for 29766b75-87c1-45cf-9e15-7604919a1259 at current term 2
2022-08-24 08:26:46,516 [grpc-default-executor-2] INFO  server.RaftServer$Division (RaftServerImpl.java:requestVote(1184)) - e21bab81-453e-4fc5-885c-2c6423e21b52@group-2ADE258D0CE4 replies to ELECTION vote request: 70662cbb-713a-42dd-806f-fd02fc40d4c3<-e21bab81-453e-4fc5-885c-2c6423e21b52#0:FAIL-t2. Peer's state: e21bab81-453e-4fc5-885c-2c6423e21b52@group-2ADE258D0CE4:t2, leader=null, voted=29766b75-87c1-45cf-9e15-7604919a1259, raftlog=e21bab81-453e-4fc5-885c-2c6423e21b52@group-2ADE258D0CE4-SegmentedRaftLog:OPENED:c-1, conf=-1: [70662cbb-713a-42dd-806f-fd02fc40d4c3|rpc:10.1.0.105:35509|dataStream:|priority:1, 29766b75-87c1-45cf-9e15-7604919a1259|rpc:10.1.0.105:41003|dataStream:|priority:0, e21bab81-453e-4fc5-885c-2c6423e21b52|rpc:10.1.0.105:45113|dataStream:|priority:0], old=null
2022-08-24 08:26:46,516 [grpc-default-executor-1] INFO  server.RaftServer$Division (RaftServerImpl.java:requestVote(1184)) - 29766b75-87c1-45cf-9e15-7604919a1259@group-2ADE258D0CE4 replies to ELECTION vote request: 70662cbb-713a-42dd-806f-fd02fc40d4c3<-29766b75-87c1-45cf-9e15-7604919a1259#0:FAIL-t2. Peer's state: 29766b75-87c1-45cf-9e15-7604919a1259@group-2ADE258D0CE4:t2, leader=null, voted=29766b75-87c1-45cf-9e15-7604919a1259, raftlog=29766b75-87c1-45cf-9e15-7604919a1259@group-2ADE258D0CE4-SegmentedRaftLog:OPENED:c-1, conf=-1: [70662cbb-713a-42dd-806f-fd02fc40d4c3|rpc:10.1.0.105:35509|dataStream:|priority:1, 29766b75-87c1-45cf-9e15-7604919a1259|rpc:10.1.0.105:41003|dataStream:|priority:0, e21bab81-453e-4fc5-885c-2c6423e21b52|rpc:10.1.0.105:45113|dataStream:|priority:0], old=null
2022-08-24 08:26:46,536 [29766b75-87c1-45cf-9e15-7604919a1259@group-2ADE258D0CE4-LeaderElection22] INFO  impl.LeaderElection (LeaderElection.java:logAndReturn(90)) - 29766b75-87c1-45cf-9e15-7604919a1259@group-2ADE258D0CE4-LeaderElection22: ELECTION REJECTED received 2 response(s) and 0 exception(s):
2022-08-24 08:26:46,536 [29766b75-87c1-45cf-9e15-7604919a1259@group-2ADE258D0CE4-LeaderElection22] INFO  impl.LeaderElection (LeaderElection.java:logAndReturn(94)) -   Response 0: 29766b75-87c1-45cf-9e15-7604919a1259<-70662cbb-713a-42dd-806f-fd02fc40d4c3#0:FAIL-t2
2022-08-24 08:26:46,536 [29766b75-87c1-45cf-9e15-7604919a1259@group-2ADE258D0CE4-LeaderElection22] INFO  impl.LeaderElection (LeaderElection.java:logAndReturn(94)) -   Response 1: 29766b75-87c1-45cf-9e15-7604919a1259<-e21bab81-453e-4fc5-885c-2c6423e21b52#0:OK-t2
2022-08-24 08:26:46,536 [29766b75-87c1-45cf-9e15-7604919a1259@group-2ADE258D0CE4-LeaderElection22] INFO  impl.LeaderElection (LeaderElection.java:askForVotes(312)) - 29766b75-87c1-45cf-9e15-7604919a1259@group-2ADE258D0CE4-LeaderElection22 ELECTION round 0: result REJECTED
2022-08-24 08:26:46,536 [29766b75-87c1-45cf-9e15-7604919a1259@group-2ADE258D0CE4-LeaderElection22] INFO  server.RaftServer$Division (RaftServerImpl.java:setRole(299)) - 29766b75-87c1-45cf-9e15-7604919a1259@group-2ADE258D0CE4: changes role from CANDIDATE to FOLLOWER at term 2 for REJECTED
2022-08-24 08:26:46,536 [29766b75-87c1-45cf-9e15-7604919a1259@group-2ADE258D0CE4-LeaderElection22] INFO  impl.RoleInfo (RoleInfo.java:shutdownLeaderElection(130)) - 29766b75-87c1-45cf-9e15-7604919a1259: shutdown 29766b75-87c1-45cf-9e15-7604919a1259@group-2ADE258D0CE4-LeaderElection22
2022-08-24 08:26:46,536 [29766b75-87c1-45cf-9e15-7604919a1259@group-2ADE258D0CE4-LeaderElection22] INFO  impl.RoleInfo (RoleInfo.java:updateAndGet(139)) - 29766b75-87c1-45cf-9e15-7604919a1259: start 29766b75-87c1-45cf-9e15-7604919a1259@group-2ADE258D0CE4-FollowerState
2022-08-24 08:26:46,536 [70662cbb-713a-42dd-806f-fd02fc40d4c3@group-2ADE258D0CE4-LeaderElection21] INFO  impl.LeaderElection (LeaderElection.java:logAndReturn(90)) - 70662cbb-713a-42dd-806f-fd02fc40d4c3@group-2ADE258D0CE4-LeaderElection21: ELECTION REJECTED received 2 response(s) and 0 exception(s):
2022-08-24 08:26:46,536 [70662cbb-713a-42dd-806f-fd02fc40d4c3@group-2ADE258D0CE4-LeaderElection21] INFO  impl.LeaderElection (LeaderElection.java:logAndReturn(94)) -   Response 0: 70662cbb-713a-42dd-806f-fd02fc40d4c3<-29766b75-87c1-45cf-9e15-7604919a1259#0:FAIL-t2
2022-08-24 08:26:46,536 [70662cbb-713a-42dd-806f-fd02fc40d4c3@group-2ADE258D0CE4-LeaderElection21] INFO  impl.LeaderElection (LeaderElection.java:logAndReturn(94)) -   Response 1: 70662cbb-713a-42dd-806f-fd02fc40d4c3<-e21bab81-453e-4fc5-885c-2c6423e21b52#0:FAIL-t2
2022-08-24 08:26:46,542 [70662cbb-713a-42dd-806f-fd02fc40d4c3@group-2ADE258D0CE4-LeaderElection21] INFO  impl.LeaderElection (LeaderElection.java:askForVotes(312)) - 70662cbb-713a-42dd-806f-fd02fc40d4c3@group-2ADE258D0CE4-LeaderElection21 ELECTION round 0: result REJECTED
2022-08-24 08:26:46,543 [70662cbb-713a-42dd-806f-fd02fc40d4c3@group-2ADE258D0CE4-LeaderElection21] INFO  server.RaftServer$Division (RaftServerImpl.java:setRole(299)) - 70662cbb-713a-42dd-806f-fd02fc40d4c3@group-2ADE258D0CE4: changes role from CANDIDATE to FOLLOWER at term 2 for REJECTED
2022-08-24 08:26:46,543 [70662cbb-713a-42dd-806f-fd02fc40d4c3@group-2ADE258D0CE4-LeaderElection21] INFO  impl.RoleInfo (RoleInfo.java:shutdownLeaderElection(130)) - 70662cbb-713a-42dd-806f-fd02fc40d4c3: shutdown 70662cbb-713a-42dd-806f-fd02fc40d4c3@group-2ADE258D0CE4-LeaderElection21
2022-08-24 08:26:46,543 [70662cbb-713a-42dd-806f-fd02fc40d4c3@group-2ADE258D0CE4-LeaderElection21] INFO  impl.RoleInfo (RoleInfo.java:updateAndGet(139)) - 70662cbb-713a-42dd-806f-fd02fc40d4c3: start 70662cbb-713a-42dd-806f-fd02fc40d4c3@group-2ADE258D0CE4-FollowerState
2022-08-24 08:26:46,610 [Mini-Cluster-Provider-Reap] INFO  ozone.MiniOzoneClusterImpl (MiniOzoneClusterImpl.java:shutdown(448)) - Shutting down the Mini Ozone Cluster
2022-08-24 08:26:46,612 [Mini-Cluster-Provider-Reap] INFO  ozone.MiniOzoneClusterImpl (MiniOzoneClusterImpl.java:stop(463)) - Stopping the Mini Ozone Cluster
2022-08-24 08:26:46,612 [Mini-Cluster-Provider-Reap] INFO  ozone.MiniOzoneClusterImpl (MiniOzoneClusterImpl.java:stopOM(545)) - Stopping the OzoneManager
2022-08-24 08:26:46,612 [Mini-Cluster-Provider-Reap] INFO  om.OzoneManager (OzoneManager.java:stop(2022)) - om1[localhost:0]: Stopping Ozone Manager
2022-08-24 08:26:46,613 [Mini-Cluster-Provider-Reap] INFO  ipc.Server (Server.java:stop(3414)) - Stopping server on 40737
2022-08-24 08:26:46,615 [IPC Server listener on 0] INFO  ipc.Server (Server.java:run(1376)) - Stopping IPC Server listener on 0
2022-08-24 08:26:46,615 [IPC Server Responder] INFO  ipc.Server (Server.java:run(1512)) - Stopping IPC Server Responder
2022-08-24 08:26:46,617 [Mini-Cluster-Provider-Reap] INFO  server.RaftServer (RaftServerProxy.java:lambda$close$7(398)) - om1: close
2022-08-24 08:26:46,618 [Mini-Cluster-Provider-Reap] INFO  server.RaftServer$Division (RaftServerImpl.java:lambda$close$4(434)) - om1@group-C5BA1605619E: shutdown
2022-08-24 08:26:46,618 [Mini-Cluster-Provider-Reap] INFO  util.JmxRegister (JmxRegister.java:unregister(73)) - Successfully un-registered JMX Bean with object name Ratis:service=RaftServer,group=group-C5BA1605619E,id=om1
2022-08-24 08:26:46,618 [Mini-Cluster-Provider-Reap] INFO  impl.RoleInfo (RoleInfo.java:shutdownLeaderState(93)) - om1: shutdown om1@group-C5BA1605619E-LeaderStateImpl
2022-08-24 08:26:46,618 [Mini-Cluster-Provider-Reap] INFO  impl.PendingRequests (PendingRequests.java:sendNotLeaderResponses(282)) - om1@group-C5BA1605619E-PendingRequests: sendNotLeaderResponses
2022-08-24 08:26:46,622 [Mini-Cluster-Provider-Reap] INFO  impl.StateMachineUpdater (StateMachineUpdater.java:stopAndJoin(153)) - om1@group-C5BA1605619E-StateMachineUpdater: set stopIndex = 84
2022-08-24 08:26:46,622 [om1@group-C5BA1605619E-StateMachineUpdater] INFO  ratis.OzoneManagerStateMachine (OzoneManagerStateMachine.java:takeSnapshot(441)) - Current Snapshot Index (t:1, i:84)
2022-08-24 08:26:46,623 [om1@group-C5BA1605619E-StateMachineUpdater] INFO  impl.StateMachineUpdater (StateMachineUpdater.java:takeSnapshot(287)) - om1@group-C5BA1605619E-StateMachineUpdater: Took a snapshot at index 84
2022-08-24 08:26:46,623 [om1@group-C5BA1605619E-StateMachineUpdater] INFO  impl.StateMachineUpdater (StateMachineUpdater.java:lambda$new$0(92)) - om1@group-C5BA1605619E-StateMachineUpdater: snapshotIndex: updateIncreasingly -1 -> 84
2022-08-24 08:26:46,623 [om1@group-C5BA1605619E-StateMachineUpdater] INFO  ratis.OzoneManagerStateMachine (OzoneManagerStateMachine.java:close(495)) - StateMachine has shutdown. Shutdown OzoneManager if not already shutdown.
2022-08-24 08:26:46,623 [om1@group-C5BA1605619E-StateMachineUpdater] INFO  ratis.OzoneManagerDoubleBuffer (OzoneManagerDoubleBuffer.java:stop(466)) - Stopping OMDoubleBuffer flush thread
2022-08-24 08:26:46,623 [OMDoubleBufferFlushThread] INFO  ratis.OzoneManagerDoubleBuffer (OzoneManagerDoubleBuffer.java:flushTransactions(385)) - OMDoubleBuffer flush thread OMDoubleBufferFlushThread is interrupted and will exit.
2022-08-24 08:26:46,627 [Mini-Cluster-Provider-Reap] INFO  server.RaftServer$Division (ServerState.java:close(429)) - om1@group-C5BA1605619E: closes. applyIndex: 84
2022-08-24 08:26:46,627 [om1@group-C5BA1605619E-SegmentedRaftLogWorker] INFO  segmented.SegmentedRaftLogWorker (SegmentedRaftLogWorker.java:run(336)) - om1@group-C5BA1605619E-SegmentedRaftLogWorker was interrupted, exiting. There are 0 tasks remaining in the queue.
2022-08-24 08:26:46,628 [Mini-Cluster-Provider-Reap] INFO  segmented.SegmentedRaftLogWorker (SegmentedRaftLogWorker.java:close(246)) - om1@group-C5BA1605619E-SegmentedRaftLogWorker close()
2022-08-24 08:26:46,649 [Mini-Cluster-Provider-Reap] INFO  server.GrpcService (GrpcService.java:closeImpl(269)) - om1: shutdown server with port 40761 now
2022-08-24 08:26:46,649 [Mini-Cluster-Provider-Reap] INFO  server.GrpcService (GrpcService.java:closeImpl(278)) - om1: shutdown server with port 40761 successfully
2022-08-24 08:26:46,649 [org.apache.ratis.util.JvmPauseMonitor$$Lambda$715/492429123@262c1915] INFO  util.JvmPauseMonitor (JvmPauseMonitor.java:run(109)) - JvmPauseMonitor-om1: Stopped
2022-08-24 08:26:46,650 [Mini-Cluster-Provider-Reap] INFO  ratis.OzoneManagerStateMachine (OzoneManagerStateMachine.java:close(495)) - StateMachine has shutdown. Shutdown OzoneManager if not already shutdown.
2022-08-24 08:26:46,650 [Mini-Cluster-Provider-Reap] INFO  ratis.OzoneManagerDoubleBuffer (OzoneManagerDoubleBuffer.java:stop(478)) - OMDoubleBuffer flush thread is not running.
2022-08-24 08:26:46,650 [Mini-Cluster-Provider-Reap] INFO  utils.BackgroundService (BackgroundService.java:shutdown(141)) - Shutting down service KeyDeletingService
2022-08-24 08:26:46,650 [Mini-Cluster-Provider-Reap] INFO  utils.BackgroundService (BackgroundService.java:shutdown(141)) - Shutting down service DirectoryDeletingService
2022-08-24 08:26:46,650 [Mini-Cluster-Provider-Reap] INFO  utils.BackgroundService (BackgroundService.java:shutdown(141)) - Shutting down service OpenKeyCleanupService
2022-08-24 08:26:46,655 [Mini-Cluster-Provider-Reap] INFO  handler.ContextHandler (ContextHandler.java:doStop(1153)) - Stopped o.e.j.w.WebAppContext@34c0c2cc{ozoneManager,/,null,STOPPED}{file:/home/runner/work/ozone/ozone/hadoop-ozone/integration-test/target/test-classes/webapps/ozoneManager}
2022-08-24 08:26:46,656 [Mini-Cluster-Provider-Reap] INFO  server.AbstractConnector (AbstractConnector.java:doStop(381)) - Stopped ServerConnector@3274e518{HTTP/1.1, (http/1.1)}{0.0.0.0:0}
2022-08-24 08:26:46,656 [Mini-Cluster-Provider-Reap] INFO  server.session (HouseKeeper.java:stopScavenging(149)) - node0 Stopped scavenging
]]></system-out>
  </testcase>
  <testcase name="testContainerIsReplicatedWhenAllNodesGotoMaintenance" classname="org.apache.hadoop.ozone.scm.node.TestDecommissionAndMaintenance" time="21.482"/>
  <testcase name="testMaintenanceEndsAutomaticallyAtTimeout" classname="org.apache.hadoop.ozone.scm.node.TestDecommissionAndMaintenance" time="43.184"/>
  <testcase name="testSingleNodeWithOpenPipelineCanGotoMaintenance" classname="org.apache.hadoop.ozone.scm.node.TestDecommissionAndMaintenance" time="53.796"/>
  <testcase name="testSCMHandlesRestartForMaintenanceNode" classname="org.apache.hadoop.ozone.scm.node.TestDecommissionAndMaintenance" time="38.184"/>
  <testcase name="testStoppedDecommissionedNodeTakesSCMStateOnRestart" classname="org.apache.hadoop.ozone.scm.node.TestDecommissionAndMaintenance" time="43.381"/>
  <testcase name="testEnteringMaintenanceNodeCompletesAfterSCMRestart" classname="org.apache.hadoop.ozone.scm.node.TestDecommissionAndMaintenance" time="30.412"/>
  <testcase name="testDecommissioningNodesCompleteDecommissionOnSCMRestart" classname="org.apache.hadoop.ozone.scm.node.TestDecommissionAndMaintenance" time="31.17"/>
</testsuite>