<?xml version="1.0" encoding="UTF-8"?>
<testsuite xmlns:xsi="http://www.w3.org/2001/XMLSchema-instance" xsi:noNamespaceSchemaLocation="https://maven.apache.org/surefire/maven-surefire-plugin/xsd/surefire-test-report.xsd" version="3.0.2" name="org.apache.hadoop.ozone.container.upgrade.TestDatanodeUpgradeToSchemaV3" time="74.741" tests="22" errors="1" skipped="0" failures="0">
  <properties>
    <property name="java.specification.version" value="21"/>
    <property name="sun.jnu.encoding" value="UTF-8"/>
    <property name="java.class.path" value="/home/runner/work/ozone/ozone/hadoop-hdds/container-service/target/test-classes:/home/runner/work/ozone/ozone/hadoop-hdds/container-service/target/classes:/home/runner/.m2/repository/com/fasterxml/jackson/core/jackson-annotations/2.16.2/jackson-annotations-2.16.2.jar:/home/runner/.m2/repository/com/fasterxml/jackson/core/jackson-databind/2.16.2/jackson-databind-2.16.2.jar:/home/runner/.m2/repository/com/fasterxml/jackson/core/jackson-core/2.16.2/jackson-core-2.16.2.jar:/home/runner/.m2/repository/com/github/stephenc/jcip/jcip-annotations/1.0-1/jcip-annotations-1.0-1.jar:/home/runner/.m2/repository/com/google/guava/guava/33.5.0-jre/guava-33.5.0-jre.jar:/home/runner/.m2/repository/com/google/guava/failureaccess/1.0.3/failureaccess-1.0.3.jar:/home/runner/.m2/repository/com/google/guava/listenablefuture/9999.0-empty-to-avoid-conflict-with-guava/listenablefuture-9999.0-empty-to-avoid-conflict-with-guava.jar:/home/runner/.m2/repository/org/jspecify/jspecify/1.0.0/jspecify-1.0.0.jar:/home/runner/.m2/repository/com/google/errorprone/error_prone_annotations/2.29.2/error_prone_annotations-2.29.2.jar:/home/runner/.m2/repository/com/google/j2objc/j2objc-annotations/3.1/j2objc-annotations-3.1.jar:/home/runner/.m2/repository/com/google/protobuf/protobuf-java/2.5.0/protobuf-java-2.5.0.jar:/home/runner/.m2/repository/commons-codec/commons-codec/1.18.0/commons-codec-1.18.0.jar:/home/runner/.m2/repository/commons-io/commons-io/2.18.0/commons-io-2.18.0.jar:/home/runner/.m2/repository/info/picocli/picocli/4.7.7/picocli-4.7.7.jar:/home/runner/.m2/repository/io/netty/netty-buffer/4.1.119.Final/netty-buffer-4.1.119.Final.jar:/home/runner/.m2/repository/io/netty/netty-codec/4.1.119.Final/netty-codec-4.1.119.Final.jar:/home/runner/.m2/repository/io/netty/netty-common/4.1.119.Final/netty-common-4.1.119.Final.jar:/home/runner/.m2/repository/io/netty/netty-handler/4.1.119.Final/netty-handler-4.1.119.Final.jar:/home/runner/.m2/repository/io/netty/netty-resolver/4.1.119.Final/netty-resolver-4.1.119.Final.jar:/home/runner/.m2/repository/io/netty/netty-transport-native-unix-common/4.1.119.Final/netty-transport-native-unix-common-4.1.119.Final.jar:/home/runner/.m2/repository/io/netty/netty-transport/4.1.119.Final/netty-transport-4.1.119.Final.jar:/home/runner/.m2/repository/io/opentelemetry/opentelemetry-api/1.54.1/opentelemetry-api-1.54.1.jar:/home/runner/.m2/repository/io/opentelemetry/opentelemetry-context/1.54.1/opentelemetry-context-1.54.1.jar:/home/runner/.m2/repository/io/opentelemetry/opentelemetry-common/1.54.1/opentelemetry-common-1.54.1.jar:/home/runner/.m2/repository/jakarta/annotation/jakarta.annotation-api/2.1.1/jakarta.annotation-api-2.1.1.jar:/home/runner/.m2/repository/org/apache/commons/commons-collections4/4.4/commons-collections4-4.4.jar:/home/runner/.m2/repository/org/apache/commons/commons-compress/1.27.1/commons-compress-1.27.1.jar:/home/runner/.m2/repository/org/apache/commons/commons-lang3/3.18.0/commons-lang3-3.18.0.jar:/home/runner/.m2/repository/org/apache/commons/commons-text/1.13.1/commons-text-1.13.1.jar:/home/runner/.m2/repository/org/apache/hadoop/hadoop-auth/3.4.2/hadoop-auth-3.4.2.jar:/home/runner/.m2/repository/org/apache/httpcomponents/httpclient/4.5.14/httpclient-4.5.14.jar:/home/runner/.m2/repository/com/nimbusds/nimbus-jose-jwt/10.4/nimbus-jose-jwt-10.4.jar:/home/runner/.m2/repository/io/dropwizard/metrics/metrics-core/3.2.6/metrics-core-3.2.6.jar:/home/runner/.m2/repository/org/apache/kerby/kerb-core/1.0.1/kerb-core-1.0.1.jar:/home/runner/.m2/repository/org/apache/kerby/kerby-pkix/1.0.1/kerby-pkix-1.0.1.jar:/home/runner/.m2/repository/org/apache/kerby/kerby-asn1/1.0.1/kerby-asn1-1.0.1.jar:/home/runner/.m2/repository/org/apache/kerby/kerby-util/1.0.1/kerby-util-1.0.1.jar:/home/runner/.m2/repository/org/apache/kerby/kerb-util/1.0.1/kerb-util-1.0.1.jar:/home/runner/.m2/repository/org/apache/kerby/kerby-config/1.0.1/kerby-config-1.0.1.jar:/home/runner/.m2/repository/org/apache/kerby/kerb-crypto/1.0.1/kerb-crypto-1.0.1.jar:/home/runner/.m2/repository/org/apache/hadoop/thirdparty/hadoop-shaded-guava/1.4.0/hadoop-shaded-guava-1.4.0.jar:/home/runner/.m2/repository/org/apache/hadoop/hadoop-common/3.4.2/hadoop-common-3.4.2.jar:/home/runner/.m2/repository/org/apache/hadoop/thirdparty/hadoop-shaded-protobuf_3_25/1.4.0/hadoop-shaded-protobuf_3_25-1.4.0.jar:/home/runner/.m2/repository/org/apache/hadoop/hadoop-annotations/3.4.2/hadoop-annotations-3.4.2.jar:/home/runner/.m2/repository/commons-cli/commons-cli/1.8.0/commons-cli-1.8.0.jar:/home/runner/.m2/repository/commons-net/commons-net/3.11.1/commons-net-3.11.1.jar:/home/runner/.m2/repository/javax/servlet/javax.servlet-api/3.1.0/javax.servlet-api-3.1.0.jar:/home/runner/.m2/repository/jakarta/activation/jakarta.activation-api/1.2.2/jakarta.activation-api-1.2.2.jar:/home/runner/.m2/repository/org/eclipse/jetty/jetty-server/9.4.58.v20250814/jetty-server-9.4.58.v20250814.jar:/home/runner/.m2/repository/org/eclipse/jetty/jetty-io/9.4.58.v20250814/jetty-io-9.4.58.v20250814.jar:/home/runner/.m2/repository/org/eclipse/jetty/jetty-util/9.4.58.v20250814/jetty-util-9.4.58.v20250814.jar:/home/runner/.m2/repository/org/eclipse/jetty/jetty-servlet/9.4.58.v20250814/jetty-servlet-9.4.58.v20250814.jar:/home/runner/.m2/repository/org/eclipse/jetty/jetty-security/9.4.58.v20250814/jetty-security-9.4.58.v20250814.jar:/home/runner/.m2/repository/org/eclipse/jetty/jetty-webapp/9.4.58.v20250814/jetty-webapp-9.4.58.v20250814.jar:/home/runner/.m2/repository/org/eclipse/jetty/jetty-xml/9.4.58.v20250814/jetty-xml-9.4.58.v20250814.jar:/home/runner/.m2/repository/javax/servlet/jsp/jsp-api/2.1/jsp-api-2.1.jar:/home/runner/.m2/repository/org/codehaus/jettison/jettison/1.5.4/jettison-1.5.4.jar:/home/runner/.m2/repository/org/apache/commons/commons-configuration2/2.12.0/commons-configuration2-2.12.0.jar:/home/runner/.m2/repository/com/google/re2j/re2j/1.7/re2j-1.7.jar:/home/runner/.m2/repository/com/google/code/gson/gson/2.13.1/gson-2.13.1.jar:/home/runner/.m2/repository/com/jcraft/jsch/0.1.55/jsch-0.1.55.jar:/home/runner/.m2/repository/io/netty/netty-transport-native-epoll/4.1.119.Final/netty-transport-native-epoll-4.1.119.Final.jar:/home/runner/.m2/repository/io/netty/netty-transport-classes-epoll/4.1.119.Final/netty-transport-classes-epoll-4.1.119.Final.jar:/home/runner/.m2/repository/org/bouncycastle/bcprov-jdk18on/1.81/bcprov-jdk18on-1.81.jar:/home/runner/.m2/repository/org/codehaus/woodstox/stax2-api/4.2.1/stax2-api-4.2.1.jar:/home/runner/.m2/repository/com/fasterxml/woodstox/woodstox-core/5.4.0/woodstox-core-5.4.0.jar:/home/runner/.m2/repository/dnsjava/dnsjava/3.6.1/dnsjava-3.6.1.jar:/home/runner/.m2/repository/org/apache/hadoop/hadoop-hdfs/3.4.2/hadoop-hdfs-3.4.2.jar:/home/runner/.m2/repository/org/eclipse/jetty/jetty-util-ajax/9.4.58.v20250814/jetty-util-ajax-9.4.58.v20250814.jar:/home/runner/.m2/repository/commons-daemon/commons-daemon/1.4.0/commons-daemon-1.4.0.jar:/home/runner/.m2/repository/org/apache/logging/log4j/log4j-api/2.25.0/log4j-api-2.25.0.jar:/home/runner/work/ozone/ozone/hadoop-hdds/client/target/hdds-client-2.1.0-SNAPSHOT.jar:/home/runner/work/ozone/ozone/hadoop-hdds/erasurecode/target/hdds-erasurecode-2.1.0-SNAPSHOT.jar:/home/runner/work/ozone/ozone/hadoop-hdds/common/target/hdds-common-2.1.0-SNAPSHOT.jar:/home/runner/.m2/repository/com/fasterxml/jackson/datatype/jackson-datatype-jsr310/2.16.2/jackson-datatype-jsr310-2.16.2.jar:/home/runner/.m2/repository/commons-validator/commons-validator/1.10.0/commons-validator-1.10.0.jar:/home/runner/.m2/repository/commons-beanutils/commons-beanutils/1.11.0/commons-beanutils-1.11.0.jar:/home/runner/.m2/repository/commons-digester/commons-digester/2.1/commons-digester-2.1.jar:/home/runner/.m2/repository/commons-collections/commons-collections/3.2.2/commons-collections-3.2.2.jar:/home/runner/.m2/repository/io/opentelemetry/opentelemetry-exporter-otlp/1.54.1/opentelemetry-exporter-otlp-1.54.1.jar:/home/runner/.m2/repository/io/opentelemetry/opentelemetry-sdk-metrics/1.54.1/opentelemetry-sdk-metrics-1.54.1.jar:/home/runner/.m2/repository/io/opentelemetry/opentelemetry-sdk-logs/1.54.1/opentelemetry-sdk-logs-1.54.1.jar:/home/runner/.m2/repository/io/opentelemetry/opentelemetry-exporter-otlp-common/1.54.1/opentelemetry-exporter-otlp-common-1.54.1.jar:/home/runner/.m2/repository/io/opentelemetry/opentelemetry-exporter-common/1.54.1/opentelemetry-exporter-common-1.54.1.jar:/home/runner/.m2/repository/io/opentelemetry/opentelemetry-exporter-sender-okhttp/1.54.1/opentelemetry-exporter-sender-okhttp-1.54.1.jar:/home/runner/.m2/repository/com/squareup/okhttp3/okhttp-jvm/5.1.0/okhttp-jvm-5.1.0.jar:/home/runner/.m2/repository/com/squareup/okio/okio-jvm/3.15.0/okio-jvm-3.15.0.jar:/home/runner/.m2/repository/org/jetbrains/kotlin/kotlin-stdlib/1.9.25/kotlin-stdlib-1.9.25.jar:/home/runner/.m2/repository/org/jetbrains/annotations/13.0/annotations-13.0.jar:/home/runner/.m2/repository/io/opentelemetry/opentelemetry-sdk-extension-autoconfigure-spi/1.54.1/opentelemetry-sdk-extension-autoconfigure-spi-1.54.1.jar:/home/runner/.m2/repository/io/opentelemetry/opentelemetry-sdk/1.54.1/opentelemetry-sdk-1.54.1.jar:/home/runner/.m2/repository/io/opentelemetry/opentelemetry-sdk-common/1.54.1/opentelemetry-sdk-common-1.54.1.jar:/home/runner/.m2/repository/io/opentelemetry/opentelemetry-sdk-trace/1.54.1/opentelemetry-sdk-trace-1.54.1.jar:/home/runner/.m2/repository/jakarta/xml/bind/jakarta.xml.bind-api/2.3.3/jakarta.xml.bind-api-2.3.3.jar:/home/runner/.m2/repository/org/apache/commons/commons-pool2/2.12.1/commons-pool2-2.12.1.jar:/home/runner/.m2/repository/org/bouncycastle/bcpkix-jdk18on/1.81/bcpkix-jdk18on-1.81.jar:/home/runner/.m2/repository/org/bouncycastle/bcutil-jdk18on/1.81/bcutil-jdk18on-1.81.jar:/home/runner/.m2/repository/org/apache/ratis/ratis-metrics-dropwizard3/3.2.0/ratis-metrics-dropwizard3-3.2.0.jar:/home/runner/.m2/repository/org/slf4j/jcl-over-slf4j/2.0.17/jcl-over-slf4j-2.0.17.jar:/home/runner/.m2/repository/org/slf4j/slf4j-reload4j/2.0.17/slf4j-reload4j-2.0.17.jar:/home/runner/work/ozone/ozone/hadoop-hdds/config/target/hdds-config-2.1.0-SNAPSHOT.jar:/home/runner/work/ozone/ozone/hadoop-hdds/interface-client/target/hdds-interface-client-2.1.0-SNAPSHOT.jar:/home/runner/work/ozone/ozone/hadoop-hdds/interface-server/target/hdds-interface-server-2.1.0-SNAPSHOT.jar:/home/runner/work/ozone/ozone/hadoop-hdds/managed-rocksdb/target/hdds-managed-rocksdb-2.1.0-SNAPSHOT.jar:/home/runner/work/ozone/ozone/hadoop-hdds/framework/target/hdds-server-framework-2.1.0-SNAPSHOT.jar:/home/runner/.m2/repository/com/github/jnr/jnr-constants/0.10.4/jnr-constants-0.10.4.jar:/home/runner/.m2/repository/com/github/jnr/jnr-posix/3.1.20/jnr-posix-3.1.20.jar:/home/runner/.m2/repository/com/github/jnr/jnr-ffi/2.2.17/jnr-ffi-2.2.17.jar:/home/runner/.m2/repository/com/github/jnr/jffi/1.3.13/jffi-1.3.13.jar:/home/runner/.m2/repository/com/github/jnr/jffi/1.3.13/jffi-1.3.13-native.jar:/home/runner/.m2/repository/org/ow2/asm/asm/9.7.1/asm-9.7.1.jar:/home/runner/.m2/repository/org/ow2/asm/asm-commons/9.7.1/asm-commons-9.7.1.jar:/home/runner/.m2/repository/org/ow2/asm/asm-analysis/9.7.1/asm-analysis-9.7.1.jar:/home/runner/.m2/repository/org/ow2/asm/asm-tree/9.7.1/asm-tree-9.7.1.jar:/home/runner/.m2/repository/org/ow2/asm/asm-util/9.7.1/asm-util-9.7.1.jar:/home/runner/.m2/repository/com/github/jnr/jnr-a64asm/1.0.0/jnr-a64asm-1.0.0.jar:/home/runner/.m2/repository/com/github/jnr/jnr-x86asm/1.0.2/jnr-x86asm-1.0.2.jar:/home/runner/.m2/repository/commons-fileupload/commons-fileupload/1.6.0/commons-fileupload-1.6.0.jar:/home/runner/.m2/repository/io/grpc/grpc-api/1.71.0/grpc-api-1.71.0.jar:/home/runner/.m2/repository/io/prometheus/simpleclient/0.16.0/simpleclient-0.16.0.jar:/home/runner/.m2/repository/io/prometheus/simpleclient_common/0.16.0/simpleclient_common-0.16.0.jar:/home/runner/.m2/repository/io/prometheus/simpleclient_dropwizard/0.16.0/simpleclient_dropwizard-0.16.0.jar:/home/runner/.m2/repository/jakarta/ws/rs/jakarta.ws.rs-api/2.1.6/jakarta.ws.rs-api-2.1.6.jar:/home/runner/work/ozone/ozone/hadoop-hdds/interface-admin/target/hdds-interface-admin-2.1.0-SNAPSHOT.jar:/home/runner/work/ozone/ozone/hadoop-hdds/rocksdb-checkpoint-differ/target/rocksdb-checkpoint-differ-2.1.0-SNAPSHOT.jar:/home/runner/work/ozone/ozone/hadoop-hdds/rocks-native/target/hdds-rocks-native-2.1.0-SNAPSHOT.jar:/home/runner/.m2/repository/org/apache/ratis/ratis-metrics-api/3.2.0/ratis-metrics-api-3.2.0.jar:/home/runner/.m2/repository/org/eclipse/jetty/jetty-http/9.4.58.v20250814/jetty-http-9.4.58.v20250814.jar:/home/runner/.m2/repository/org/glassfish/jersey/containers/jersey-container-servlet-core/2.47/jersey-container-servlet-core-2.47.jar:/home/runner/.m2/repository/org/glassfish/hk2/external/jakarta.inject/2.6.1/jakarta.inject-2.6.1.jar:/home/runner/.m2/repository/org/glassfish/jersey/core/jersey-common/2.47/jersey-common-2.47.jar:/home/runner/.m2/repository/org/glassfish/hk2/osgi-resource-locator/1.0.3/osgi-resource-locator-1.0.3.jar:/home/runner/.m2/repository/org/glassfish/jersey/core/jersey-server/2.47/jersey-server-2.47.jar:/home/runner/.m2/repository/org/glassfish/jersey/core/jersey-client/2.47/jersey-client-2.47.jar:/home/runner/.m2/repository/jakarta/validation/jakarta.validation-api/2.0.2/jakarta.validation-api-2.0.2.jar:/home/runner/.m2/repository/org/reflections/reflections/0.10.2/reflections-0.10.2.jar:/home/runner/.m2/repository/org/javassist/javassist/3.30.2-GA/javassist-3.30.2-GA.jar:/home/runner/.m2/repository/com/lmax/disruptor/3.4.4/disruptor-3.4.4.jar:/home/runner/.m2/repository/org/apache/logging/log4j/log4j-core/2.25.0/log4j-core-2.25.0.jar:/home/runner/.m2/repository/org/xerial/snappy/snappy-java/1.1.10.8/snappy-java-1.1.10.8.jar:/home/runner/.m2/repository/org/apache/ratis/ratis-client/3.2.0/ratis-client-3.2.0.jar:/home/runner/.m2/repository/org/apache/ratis/ratis-common/3.2.0/ratis-common-3.2.0.jar:/home/runner/.m2/repository/org/apache/ratis/ratis-grpc/3.2.0/ratis-grpc-3.2.0.jar:/home/runner/.m2/repository/org/apache/ratis/ratis-netty/3.2.0/ratis-netty-3.2.0.jar:/home/runner/.m2/repository/org/apache/ratis/ratis-proto/3.2.0/ratis-proto-3.2.0.jar:/home/runner/.m2/repository/org/apache/ratis/ratis-server/3.2.0/ratis-server-3.2.0.jar:/home/runner/.m2/repository/org/apache/ratis/ratis-server-api/3.2.0/ratis-server-api-3.2.0.jar:/home/runner/.m2/repository/org/apache/ratis/ratis-thirdparty-misc/1.0.9/ratis-thirdparty-misc-1.0.9.jar:/home/runner/.m2/repository/org/rocksdb/rocksdbjni/7.7.3/rocksdbjni-7.7.3.jar:/home/runner/.m2/repository/org/slf4j/slf4j-api/2.0.17/slf4j-api-2.0.17.jar:/home/runner/.m2/repository/org/yaml/snakeyaml/2.5/snakeyaml-2.5.jar:/home/runner/work/ozone/ozone/hadoop-hdds/docs/target/hdds-docs-2.1.0-SNAPSHOT.jar:/home/runner/.m2/repository/com/github/luben/zstd-jni/1.5.7-5/zstd-jni-1.5.7-5.jar:/home/runner/.m2/repository/log4j/apache-log4j-extras/1.2.17/apache-log4j-extras-1.2.17.jar:/home/runner/.m2/repository/org/apache/hadoop/hadoop-hdfs-client/3.4.2/hadoop-hdfs-client-3.4.2.jar:/home/runner/.m2/repository/org/apache/httpcomponents/httpcore/4.4.16/httpcore-4.4.16.jar:/home/runner/.m2/repository/org/glassfish/jaxb/jaxb-runtime/2.3.9/jaxb-runtime-2.3.9.jar:/home/runner/.m2/repository/org/glassfish/jaxb/txw2/2.3.9/txw2-2.3.9.jar:/home/runner/.m2/repository/com/sun/istack/istack-commons-runtime/3.0.12/istack-commons-runtime-3.0.12.jar:/home/runner/.m2/repository/com/sun/activation/jakarta.activation/1.2.2/jakarta.activation-1.2.2.jar:/home/runner/.m2/repository/ch/qos/reload4j/reload4j/1.2.26/reload4j-1.2.26.jar:/home/runner/.m2/repository/org/apache/hadoop/hadoop-common/3.4.2/hadoop-common-3.4.2-tests.jar:/home/runner/.m2/repository/org/apache/commons/commons-math3/3.6.1/commons-math3-3.6.1.jar:/home/runner/.m2/repository/com/sun/jersey/jersey-core/1.19.4/jersey-core-1.19.4.jar:/home/runner/.m2/repository/javax/ws/rs/jsr311-api/1.1.1/jsr311-api-1.1.1.jar:/home/runner/.m2/repository/com/sun/jersey/jersey-servlet/1.19.4/jersey-servlet-1.19.4.jar:/home/runner/.m2/repository/com/github/pjfanning/jersey-json/1.22.0/jersey-json-1.22.0.jar:/home/runner/.m2/repository/com/sun/xml/bind/jaxb-impl/2.2.3-1/jaxb-impl-2.2.3-1.jar:/home/runner/.m2/repository/javax/xml/bind/jaxb-api/2.2.2/jaxb-api-2.2.2.jar:/home/runner/.m2/repository/javax/xml/stream/stax-api/1.0-2/stax-api-1.0-2.jar:/home/runner/.m2/repository/javax/activation/activation/1.1/activation-1.1.jar:/home/runner/.m2/repository/com/sun/jersey/jersey-server/1.19.4/jersey-server-1.19.4.jar:/home/runner/.m2/repository/org/apache/avro/avro/1.11.4/avro-1.11.4.jar:/home/runner/.m2/repository/org/apache/curator/curator-client/4.2.0/curator-client-4.2.0.jar:/home/runner/.m2/repository/org/apache/curator/curator-recipes/5.2.0/curator-recipes-5.2.0.jar:/home/runner/.m2/repository/org/apache/curator/curator-framework/4.2.0/curator-framework-4.2.0.jar:/home/runner/.m2/repository/com/google/code/findbugs/jsr305/3.0.2/jsr305-3.0.2.jar:/home/runner/.m2/repository/org/apache/zookeeper/zookeeper/3.8.4/zookeeper-3.8.4.jar:/home/runner/.m2/repository/org/apache/zookeeper/zookeeper-jute/3.8.4/zookeeper-jute-3.8.4.jar:/home/runner/.m2/repository/org/apache/yetus/audience-annotations/0.12.0/audience-annotations-0.12.0.jar:/home/runner/work/ozone/ozone/hadoop-hdds/common/target/hdds-common-2.1.0-SNAPSHOT-tests.jar:/home/runner/work/ozone/ozone/hadoop-hdds/framework/target/hdds-server-framework-2.1.0-SNAPSHOT-tests.jar:/home/runner/work/ozone/ozone/hadoop-hdds/test-utils/target/hdds-test-utils-2.1.0-SNAPSHOT-tests.jar:/home/runner/.m2/repository/org/assertj/assertj-core/3.27.6/assertj-core-3.27.6.jar:/home/runner/.m2/repository/net/bytebuddy/byte-buddy/1.17.7/byte-buddy-1.17.7.jar:/home/runner/.m2/repository/org/junit/jupiter/junit-jupiter-api/5.14.0/junit-jupiter-api-5.14.0.jar:/home/runner/.m2/repository/org/opentest4j/opentest4j/1.3.0/opentest4j-1.3.0.jar:/home/runner/.m2/repository/org/junit/platform/junit-platform-commons/1.14.0/junit-platform-commons-1.14.0.jar:/home/runner/.m2/repository/org/apiguardian/apiguardian-api/1.1.2/apiguardian-api-1.1.2.jar:/home/runner/.m2/repository/org/junit/jupiter/junit-jupiter-params/5.14.0/junit-jupiter-params-5.14.0.jar:/home/runner/.m2/repository/org/mockito/mockito-core/4.11.0/mockito-core-4.11.0.jar:/home/runner/.m2/repository/net/bytebuddy/byte-buddy-agent/1.12.19/byte-buddy-agent-1.12.19.jar:/home/runner/.m2/repository/org/objenesis/objenesis/3.3/objenesis-3.3.jar:/home/runner/.m2/repository/org/mockito/mockito-inline/4.11.0/mockito-inline-4.11.0.jar:/home/runner/.m2/repository/org/mockito/mockito-junit-jupiter/4.11.0/mockito-junit-jupiter-4.11.0.jar:/home/runner/work/ozone/ozone/hadoop-hdds/container-service/target/gradle-enterprise/test-listeners.jar:"/>
    <property name="java.vm.vendor" value="Eclipse Adoptium"/>
    <property name="sun.arch.data.model" value="64"/>
    <property name="test.build.dir" value="/home/runner/work/ozone/ozone/hadoop-hdds/container-service/target/test-dir"/>
    <property name="test.cache.data" value=""/>
    <property name="java.vendor.url" value="https://adoptium.net/"/>
    <property name="user.timezone" value="Etc/UTC"/>
    <property name="maven-surefire-plugin.argLineAccessArgs" value=" --add-opens java.management/com.sun.jmx.mbeanserver=ALL-UNNAMED --add-exports java.management/com.sun.jmx.mbeanserver=ALL-UNNAMED --add-opens java.base/java.nio=ALL-UNNAMED --add-opens java.base/java.lang=ALL-UNNAMED --add-opens java.base/java.lang.reflect=ALL-UNNAMED"/>
    <property name="os.name" value="Linux"/>
    <property name="java.vm.specification.version" value="21"/>
    <property name="test.build.data" value="/home/runner/work/ozone/ozone/hadoop-hdds/container-service/target/test-dir"/>
    <property name="sun.java.launcher" value="SUN_STANDARD"/>
    <property name="sun.boot.library.path" value="/usr/lib/jvm/temurin-21-jdk-amd64/lib"/>
    <property name="sun.java.command" value="/home/runner/work/ozone/ozone/hadoop-hdds/container-service/target/surefire/surefirebooter-20251018023430380_25.jar /home/runner/work/ozone/ozone/hadoop-hdds/container-service/target/surefire 2025-10-18T02-32-40_892-jvmRun1 surefire-20251018023430380_23tmp surefire_6-20251018023430380_24tmp"/>
    <property name="jdk.debug" value="release"/>
    <property name="native.lib.tmp.dir" value="/tmp"/>
    <property name="surefire.test.class.path" value="/home/runner/work/ozone/ozone/hadoop-hdds/container-service/target/test-classes:/home/runner/work/ozone/ozone/hadoop-hdds/container-service/target/classes:/home/runner/.m2/repository/com/fasterxml/jackson/core/jackson-annotations/2.16.2/jackson-annotations-2.16.2.jar:/home/runner/.m2/repository/com/fasterxml/jackson/core/jackson-databind/2.16.2/jackson-databind-2.16.2.jar:/home/runner/.m2/repository/com/fasterxml/jackson/core/jackson-core/2.16.2/jackson-core-2.16.2.jar:/home/runner/.m2/repository/com/github/stephenc/jcip/jcip-annotations/1.0-1/jcip-annotations-1.0-1.jar:/home/runner/.m2/repository/com/google/guava/guava/33.5.0-jre/guava-33.5.0-jre.jar:/home/runner/.m2/repository/com/google/guava/failureaccess/1.0.3/failureaccess-1.0.3.jar:/home/runner/.m2/repository/com/google/guava/listenablefuture/9999.0-empty-to-avoid-conflict-with-guava/listenablefuture-9999.0-empty-to-avoid-conflict-with-guava.jar:/home/runner/.m2/repository/org/jspecify/jspecify/1.0.0/jspecify-1.0.0.jar:/home/runner/.m2/repository/com/google/errorprone/error_prone_annotations/2.29.2/error_prone_annotations-2.29.2.jar:/home/runner/.m2/repository/com/google/j2objc/j2objc-annotations/3.1/j2objc-annotations-3.1.jar:/home/runner/.m2/repository/com/google/protobuf/protobuf-java/2.5.0/protobuf-java-2.5.0.jar:/home/runner/.m2/repository/commons-codec/commons-codec/1.18.0/commons-codec-1.18.0.jar:/home/runner/.m2/repository/commons-io/commons-io/2.18.0/commons-io-2.18.0.jar:/home/runner/.m2/repository/info/picocli/picocli/4.7.7/picocli-4.7.7.jar:/home/runner/.m2/repository/io/netty/netty-buffer/4.1.119.Final/netty-buffer-4.1.119.Final.jar:/home/runner/.m2/repository/io/netty/netty-codec/4.1.119.Final/netty-codec-4.1.119.Final.jar:/home/runner/.m2/repository/io/netty/netty-common/4.1.119.Final/netty-common-4.1.119.Final.jar:/home/runner/.m2/repository/io/netty/netty-handler/4.1.119.Final/netty-handler-4.1.119.Final.jar:/home/runner/.m2/repository/io/netty/netty-resolver/4.1.119.Final/netty-resolver-4.1.119.Final.jar:/home/runner/.m2/repository/io/netty/netty-transport-native-unix-common/4.1.119.Final/netty-transport-native-unix-common-4.1.119.Final.jar:/home/runner/.m2/repository/io/netty/netty-transport/4.1.119.Final/netty-transport-4.1.119.Final.jar:/home/runner/.m2/repository/io/opentelemetry/opentelemetry-api/1.54.1/opentelemetry-api-1.54.1.jar:/home/runner/.m2/repository/io/opentelemetry/opentelemetry-context/1.54.1/opentelemetry-context-1.54.1.jar:/home/runner/.m2/repository/io/opentelemetry/opentelemetry-common/1.54.1/opentelemetry-common-1.54.1.jar:/home/runner/.m2/repository/jakarta/annotation/jakarta.annotation-api/2.1.1/jakarta.annotation-api-2.1.1.jar:/home/runner/.m2/repository/org/apache/commons/commons-collections4/4.4/commons-collections4-4.4.jar:/home/runner/.m2/repository/org/apache/commons/commons-compress/1.27.1/commons-compress-1.27.1.jar:/home/runner/.m2/repository/org/apache/commons/commons-lang3/3.18.0/commons-lang3-3.18.0.jar:/home/runner/.m2/repository/org/apache/commons/commons-text/1.13.1/commons-text-1.13.1.jar:/home/runner/.m2/repository/org/apache/hadoop/hadoop-auth/3.4.2/hadoop-auth-3.4.2.jar:/home/runner/.m2/repository/org/apache/httpcomponents/httpclient/4.5.14/httpclient-4.5.14.jar:/home/runner/.m2/repository/com/nimbusds/nimbus-jose-jwt/10.4/nimbus-jose-jwt-10.4.jar:/home/runner/.m2/repository/io/dropwizard/metrics/metrics-core/3.2.6/metrics-core-3.2.6.jar:/home/runner/.m2/repository/org/apache/kerby/kerb-core/1.0.1/kerb-core-1.0.1.jar:/home/runner/.m2/repository/org/apache/kerby/kerby-pkix/1.0.1/kerby-pkix-1.0.1.jar:/home/runner/.m2/repository/org/apache/kerby/kerby-asn1/1.0.1/kerby-asn1-1.0.1.jar:/home/runner/.m2/repository/org/apache/kerby/kerby-util/1.0.1/kerby-util-1.0.1.jar:/home/runner/.m2/repository/org/apache/kerby/kerb-util/1.0.1/kerb-util-1.0.1.jar:/home/runner/.m2/repository/org/apache/kerby/kerby-config/1.0.1/kerby-config-1.0.1.jar:/home/runner/.m2/repository/org/apache/kerby/kerb-crypto/1.0.1/kerb-crypto-1.0.1.jar:/home/runner/.m2/repository/org/apache/hadoop/thirdparty/hadoop-shaded-guava/1.4.0/hadoop-shaded-guava-1.4.0.jar:/home/runner/.m2/repository/org/apache/hadoop/hadoop-common/3.4.2/hadoop-common-3.4.2.jar:/home/runner/.m2/repository/org/apache/hadoop/thirdparty/hadoop-shaded-protobuf_3_25/1.4.0/hadoop-shaded-protobuf_3_25-1.4.0.jar:/home/runner/.m2/repository/org/apache/hadoop/hadoop-annotations/3.4.2/hadoop-annotations-3.4.2.jar:/home/runner/.m2/repository/commons-cli/commons-cli/1.8.0/commons-cli-1.8.0.jar:/home/runner/.m2/repository/commons-net/commons-net/3.11.1/commons-net-3.11.1.jar:/home/runner/.m2/repository/javax/servlet/javax.servlet-api/3.1.0/javax.servlet-api-3.1.0.jar:/home/runner/.m2/repository/jakarta/activation/jakarta.activation-api/1.2.2/jakarta.activation-api-1.2.2.jar:/home/runner/.m2/repository/org/eclipse/jetty/jetty-server/9.4.58.v20250814/jetty-server-9.4.58.v20250814.jar:/home/runner/.m2/repository/org/eclipse/jetty/jetty-io/9.4.58.v20250814/jetty-io-9.4.58.v20250814.jar:/home/runner/.m2/repository/org/eclipse/jetty/jetty-util/9.4.58.v20250814/jetty-util-9.4.58.v20250814.jar:/home/runner/.m2/repository/org/eclipse/jetty/jetty-servlet/9.4.58.v20250814/jetty-servlet-9.4.58.v20250814.jar:/home/runner/.m2/repository/org/eclipse/jetty/jetty-security/9.4.58.v20250814/jetty-security-9.4.58.v20250814.jar:/home/runner/.m2/repository/org/eclipse/jetty/jetty-webapp/9.4.58.v20250814/jetty-webapp-9.4.58.v20250814.jar:/home/runner/.m2/repository/org/eclipse/jetty/jetty-xml/9.4.58.v20250814/jetty-xml-9.4.58.v20250814.jar:/home/runner/.m2/repository/javax/servlet/jsp/jsp-api/2.1/jsp-api-2.1.jar:/home/runner/.m2/repository/org/codehaus/jettison/jettison/1.5.4/jettison-1.5.4.jar:/home/runner/.m2/repository/org/apache/commons/commons-configuration2/2.12.0/commons-configuration2-2.12.0.jar:/home/runner/.m2/repository/com/google/re2j/re2j/1.7/re2j-1.7.jar:/home/runner/.m2/repository/com/google/code/gson/gson/2.13.1/gson-2.13.1.jar:/home/runner/.m2/repository/com/jcraft/jsch/0.1.55/jsch-0.1.55.jar:/home/runner/.m2/repository/io/netty/netty-transport-native-epoll/4.1.119.Final/netty-transport-native-epoll-4.1.119.Final.jar:/home/runner/.m2/repository/io/netty/netty-transport-classes-epoll/4.1.119.Final/netty-transport-classes-epoll-4.1.119.Final.jar:/home/runner/.m2/repository/org/bouncycastle/bcprov-jdk18on/1.81/bcprov-jdk18on-1.81.jar:/home/runner/.m2/repository/org/codehaus/woodstox/stax2-api/4.2.1/stax2-api-4.2.1.jar:/home/runner/.m2/repository/com/fasterxml/woodstox/woodstox-core/5.4.0/woodstox-core-5.4.0.jar:/home/runner/.m2/repository/dnsjava/dnsjava/3.6.1/dnsjava-3.6.1.jar:/home/runner/.m2/repository/org/apache/hadoop/hadoop-hdfs/3.4.2/hadoop-hdfs-3.4.2.jar:/home/runner/.m2/repository/org/eclipse/jetty/jetty-util-ajax/9.4.58.v20250814/jetty-util-ajax-9.4.58.v20250814.jar:/home/runner/.m2/repository/commons-daemon/commons-daemon/1.4.0/commons-daemon-1.4.0.jar:/home/runner/.m2/repository/org/apache/logging/log4j/log4j-api/2.25.0/log4j-api-2.25.0.jar:/home/runner/work/ozone/ozone/hadoop-hdds/client/target/hdds-client-2.1.0-SNAPSHOT.jar:/home/runner/work/ozone/ozone/hadoop-hdds/erasurecode/target/hdds-erasurecode-2.1.0-SNAPSHOT.jar:/home/runner/work/ozone/ozone/hadoop-hdds/common/target/hdds-common-2.1.0-SNAPSHOT.jar:/home/runner/.m2/repository/com/fasterxml/jackson/datatype/jackson-datatype-jsr310/2.16.2/jackson-datatype-jsr310-2.16.2.jar:/home/runner/.m2/repository/commons-validator/commons-validator/1.10.0/commons-validator-1.10.0.jar:/home/runner/.m2/repository/commons-beanutils/commons-beanutils/1.11.0/commons-beanutils-1.11.0.jar:/home/runner/.m2/repository/commons-digester/commons-digester/2.1/commons-digester-2.1.jar:/home/runner/.m2/repository/commons-collections/commons-collections/3.2.2/commons-collections-3.2.2.jar:/home/runner/.m2/repository/io/opentelemetry/opentelemetry-exporter-otlp/1.54.1/opentelemetry-exporter-otlp-1.54.1.jar:/home/runner/.m2/repository/io/opentelemetry/opentelemetry-sdk-metrics/1.54.1/opentelemetry-sdk-metrics-1.54.1.jar:/home/runner/.m2/repository/io/opentelemetry/opentelemetry-sdk-logs/1.54.1/opentelemetry-sdk-logs-1.54.1.jar:/home/runner/.m2/repository/io/opentelemetry/opentelemetry-exporter-otlp-common/1.54.1/opentelemetry-exporter-otlp-common-1.54.1.jar:/home/runner/.m2/repository/io/opentelemetry/opentelemetry-exporter-common/1.54.1/opentelemetry-exporter-common-1.54.1.jar:/home/runner/.m2/repository/io/opentelemetry/opentelemetry-exporter-sender-okhttp/1.54.1/opentelemetry-exporter-sender-okhttp-1.54.1.jar:/home/runner/.m2/repository/com/squareup/okhttp3/okhttp-jvm/5.1.0/okhttp-jvm-5.1.0.jar:/home/runner/.m2/repository/com/squareup/okio/okio-jvm/3.15.0/okio-jvm-3.15.0.jar:/home/runner/.m2/repository/org/jetbrains/kotlin/kotlin-stdlib/1.9.25/kotlin-stdlib-1.9.25.jar:/home/runner/.m2/repository/org/jetbrains/annotations/13.0/annotations-13.0.jar:/home/runner/.m2/repository/io/opentelemetry/opentelemetry-sdk-extension-autoconfigure-spi/1.54.1/opentelemetry-sdk-extension-autoconfigure-spi-1.54.1.jar:/home/runner/.m2/repository/io/opentelemetry/opentelemetry-sdk/1.54.1/opentelemetry-sdk-1.54.1.jar:/home/runner/.m2/repository/io/opentelemetry/opentelemetry-sdk-common/1.54.1/opentelemetry-sdk-common-1.54.1.jar:/home/runner/.m2/repository/io/opentelemetry/opentelemetry-sdk-trace/1.54.1/opentelemetry-sdk-trace-1.54.1.jar:/home/runner/.m2/repository/jakarta/xml/bind/jakarta.xml.bind-api/2.3.3/jakarta.xml.bind-api-2.3.3.jar:/home/runner/.m2/repository/org/apache/commons/commons-pool2/2.12.1/commons-pool2-2.12.1.jar:/home/runner/.m2/repository/org/bouncycastle/bcpkix-jdk18on/1.81/bcpkix-jdk18on-1.81.jar:/home/runner/.m2/repository/org/bouncycastle/bcutil-jdk18on/1.81/bcutil-jdk18on-1.81.jar:/home/runner/.m2/repository/org/apache/ratis/ratis-metrics-dropwizard3/3.2.0/ratis-metrics-dropwizard3-3.2.0.jar:/home/runner/.m2/repository/org/slf4j/jcl-over-slf4j/2.0.17/jcl-over-slf4j-2.0.17.jar:/home/runner/.m2/repository/org/slf4j/slf4j-reload4j/2.0.17/slf4j-reload4j-2.0.17.jar:/home/runner/work/ozone/ozone/hadoop-hdds/config/target/hdds-config-2.1.0-SNAPSHOT.jar:/home/runner/work/ozone/ozone/hadoop-hdds/interface-client/target/hdds-interface-client-2.1.0-SNAPSHOT.jar:/home/runner/work/ozone/ozone/hadoop-hdds/interface-server/target/hdds-interface-server-2.1.0-SNAPSHOT.jar:/home/runner/work/ozone/ozone/hadoop-hdds/managed-rocksdb/target/hdds-managed-rocksdb-2.1.0-SNAPSHOT.jar:/home/runner/work/ozone/ozone/hadoop-hdds/framework/target/hdds-server-framework-2.1.0-SNAPSHOT.jar:/home/runner/.m2/repository/com/github/jnr/jnr-constants/0.10.4/jnr-constants-0.10.4.jar:/home/runner/.m2/repository/com/github/jnr/jnr-posix/3.1.20/jnr-posix-3.1.20.jar:/home/runner/.m2/repository/com/github/jnr/jnr-ffi/2.2.17/jnr-ffi-2.2.17.jar:/home/runner/.m2/repository/com/github/jnr/jffi/1.3.13/jffi-1.3.13.jar:/home/runner/.m2/repository/com/github/jnr/jffi/1.3.13/jffi-1.3.13-native.jar:/home/runner/.m2/repository/org/ow2/asm/asm/9.7.1/asm-9.7.1.jar:/home/runner/.m2/repository/org/ow2/asm/asm-commons/9.7.1/asm-commons-9.7.1.jar:/home/runner/.m2/repository/org/ow2/asm/asm-analysis/9.7.1/asm-analysis-9.7.1.jar:/home/runner/.m2/repository/org/ow2/asm/asm-tree/9.7.1/asm-tree-9.7.1.jar:/home/runner/.m2/repository/org/ow2/asm/asm-util/9.7.1/asm-util-9.7.1.jar:/home/runner/.m2/repository/com/github/jnr/jnr-a64asm/1.0.0/jnr-a64asm-1.0.0.jar:/home/runner/.m2/repository/com/github/jnr/jnr-x86asm/1.0.2/jnr-x86asm-1.0.2.jar:/home/runner/.m2/repository/commons-fileupload/commons-fileupload/1.6.0/commons-fileupload-1.6.0.jar:/home/runner/.m2/repository/io/grpc/grpc-api/1.71.0/grpc-api-1.71.0.jar:/home/runner/.m2/repository/io/prometheus/simpleclient/0.16.0/simpleclient-0.16.0.jar:/home/runner/.m2/repository/io/prometheus/simpleclient_common/0.16.0/simpleclient_common-0.16.0.jar:/home/runner/.m2/repository/io/prometheus/simpleclient_dropwizard/0.16.0/simpleclient_dropwizard-0.16.0.jar:/home/runner/.m2/repository/jakarta/ws/rs/jakarta.ws.rs-api/2.1.6/jakarta.ws.rs-api-2.1.6.jar:/home/runner/work/ozone/ozone/hadoop-hdds/interface-admin/target/hdds-interface-admin-2.1.0-SNAPSHOT.jar:/home/runner/work/ozone/ozone/hadoop-hdds/rocksdb-checkpoint-differ/target/rocksdb-checkpoint-differ-2.1.0-SNAPSHOT.jar:/home/runner/work/ozone/ozone/hadoop-hdds/rocks-native/target/hdds-rocks-native-2.1.0-SNAPSHOT.jar:/home/runner/.m2/repository/org/apache/ratis/ratis-metrics-api/3.2.0/ratis-metrics-api-3.2.0.jar:/home/runner/.m2/repository/org/eclipse/jetty/jetty-http/9.4.58.v20250814/jetty-http-9.4.58.v20250814.jar:/home/runner/.m2/repository/org/glassfish/jersey/containers/jersey-container-servlet-core/2.47/jersey-container-servlet-core-2.47.jar:/home/runner/.m2/repository/org/glassfish/hk2/external/jakarta.inject/2.6.1/jakarta.inject-2.6.1.jar:/home/runner/.m2/repository/org/glassfish/jersey/core/jersey-common/2.47/jersey-common-2.47.jar:/home/runner/.m2/repository/org/glassfish/hk2/osgi-resource-locator/1.0.3/osgi-resource-locator-1.0.3.jar:/home/runner/.m2/repository/org/glassfish/jersey/core/jersey-server/2.47/jersey-server-2.47.jar:/home/runner/.m2/repository/org/glassfish/jersey/core/jersey-client/2.47/jersey-client-2.47.jar:/home/runner/.m2/repository/jakarta/validation/jakarta.validation-api/2.0.2/jakarta.validation-api-2.0.2.jar:/home/runner/.m2/repository/org/reflections/reflections/0.10.2/reflections-0.10.2.jar:/home/runner/.m2/repository/org/javassist/javassist/3.30.2-GA/javassist-3.30.2-GA.jar:/home/runner/.m2/repository/com/lmax/disruptor/3.4.4/disruptor-3.4.4.jar:/home/runner/.m2/repository/org/apache/logging/log4j/log4j-core/2.25.0/log4j-core-2.25.0.jar:/home/runner/.m2/repository/org/xerial/snappy/snappy-java/1.1.10.8/snappy-java-1.1.10.8.jar:/home/runner/.m2/repository/org/apache/ratis/ratis-client/3.2.0/ratis-client-3.2.0.jar:/home/runner/.m2/repository/org/apache/ratis/ratis-common/3.2.0/ratis-common-3.2.0.jar:/home/runner/.m2/repository/org/apache/ratis/ratis-grpc/3.2.0/ratis-grpc-3.2.0.jar:/home/runner/.m2/repository/org/apache/ratis/ratis-netty/3.2.0/ratis-netty-3.2.0.jar:/home/runner/.m2/repository/org/apache/ratis/ratis-proto/3.2.0/ratis-proto-3.2.0.jar:/home/runner/.m2/repository/org/apache/ratis/ratis-server/3.2.0/ratis-server-3.2.0.jar:/home/runner/.m2/repository/org/apache/ratis/ratis-server-api/3.2.0/ratis-server-api-3.2.0.jar:/home/runner/.m2/repository/org/apache/ratis/ratis-thirdparty-misc/1.0.9/ratis-thirdparty-misc-1.0.9.jar:/home/runner/.m2/repository/org/rocksdb/rocksdbjni/7.7.3/rocksdbjni-7.7.3.jar:/home/runner/.m2/repository/org/slf4j/slf4j-api/2.0.17/slf4j-api-2.0.17.jar:/home/runner/.m2/repository/org/yaml/snakeyaml/2.5/snakeyaml-2.5.jar:/home/runner/work/ozone/ozone/hadoop-hdds/docs/target/hdds-docs-2.1.0-SNAPSHOT.jar:/home/runner/.m2/repository/com/github/luben/zstd-jni/1.5.7-5/zstd-jni-1.5.7-5.jar:/home/runner/.m2/repository/log4j/apache-log4j-extras/1.2.17/apache-log4j-extras-1.2.17.jar:/home/runner/.m2/repository/org/apache/hadoop/hadoop-hdfs-client/3.4.2/hadoop-hdfs-client-3.4.2.jar:/home/runner/.m2/repository/org/apache/httpcomponents/httpcore/4.4.16/httpcore-4.4.16.jar:/home/runner/.m2/repository/org/glassfish/jaxb/jaxb-runtime/2.3.9/jaxb-runtime-2.3.9.jar:/home/runner/.m2/repository/org/glassfish/jaxb/txw2/2.3.9/txw2-2.3.9.jar:/home/runner/.m2/repository/com/sun/istack/istack-commons-runtime/3.0.12/istack-commons-runtime-3.0.12.jar:/home/runner/.m2/repository/com/sun/activation/jakarta.activation/1.2.2/jakarta.activation-1.2.2.jar:/home/runner/.m2/repository/ch/qos/reload4j/reload4j/1.2.26/reload4j-1.2.26.jar:/home/runner/.m2/repository/org/apache/hadoop/hadoop-common/3.4.2/hadoop-common-3.4.2-tests.jar:/home/runner/.m2/repository/org/apache/commons/commons-math3/3.6.1/commons-math3-3.6.1.jar:/home/runner/.m2/repository/com/sun/jersey/jersey-core/1.19.4/jersey-core-1.19.4.jar:/home/runner/.m2/repository/javax/ws/rs/jsr311-api/1.1.1/jsr311-api-1.1.1.jar:/home/runner/.m2/repository/com/sun/jersey/jersey-servlet/1.19.4/jersey-servlet-1.19.4.jar:/home/runner/.m2/repository/com/github/pjfanning/jersey-json/1.22.0/jersey-json-1.22.0.jar:/home/runner/.m2/repository/com/sun/xml/bind/jaxb-impl/2.2.3-1/jaxb-impl-2.2.3-1.jar:/home/runner/.m2/repository/javax/xml/bind/jaxb-api/2.2.2/jaxb-api-2.2.2.jar:/home/runner/.m2/repository/javax/xml/stream/stax-api/1.0-2/stax-api-1.0-2.jar:/home/runner/.m2/repository/javax/activation/activation/1.1/activation-1.1.jar:/home/runner/.m2/repository/com/sun/jersey/jersey-server/1.19.4/jersey-server-1.19.4.jar:/home/runner/.m2/repository/org/apache/avro/avro/1.11.4/avro-1.11.4.jar:/home/runner/.m2/repository/org/apache/curator/curator-client/4.2.0/curator-client-4.2.0.jar:/home/runner/.m2/repository/org/apache/curator/curator-recipes/5.2.0/curator-recipes-5.2.0.jar:/home/runner/.m2/repository/org/apache/curator/curator-framework/4.2.0/curator-framework-4.2.0.jar:/home/runner/.m2/repository/com/google/code/findbugs/jsr305/3.0.2/jsr305-3.0.2.jar:/home/runner/.m2/repository/org/apache/zookeeper/zookeeper/3.8.4/zookeeper-3.8.4.jar:/home/runner/.m2/repository/org/apache/zookeeper/zookeeper-jute/3.8.4/zookeeper-jute-3.8.4.jar:/home/runner/.m2/repository/org/apache/yetus/audience-annotations/0.12.0/audience-annotations-0.12.0.jar:/home/runner/work/ozone/ozone/hadoop-hdds/common/target/hdds-common-2.1.0-SNAPSHOT-tests.jar:/home/runner/work/ozone/ozone/hadoop-hdds/framework/target/hdds-server-framework-2.1.0-SNAPSHOT-tests.jar:/home/runner/work/ozone/ozone/hadoop-hdds/test-utils/target/hdds-test-utils-2.1.0-SNAPSHOT-tests.jar:/home/runner/.m2/repository/org/assertj/assertj-core/3.27.6/assertj-core-3.27.6.jar:/home/runner/.m2/repository/net/bytebuddy/byte-buddy/1.17.7/byte-buddy-1.17.7.jar:/home/runner/.m2/repository/org/junit/jupiter/junit-jupiter-api/5.14.0/junit-jupiter-api-5.14.0.jar:/home/runner/.m2/repository/org/opentest4j/opentest4j/1.3.0/opentest4j-1.3.0.jar:/home/runner/.m2/repository/org/junit/platform/junit-platform-commons/1.14.0/junit-platform-commons-1.14.0.jar:/home/runner/.m2/repository/org/apiguardian/apiguardian-api/1.1.2/apiguardian-api-1.1.2.jar:/home/runner/.m2/repository/org/junit/jupiter/junit-jupiter-params/5.14.0/junit-jupiter-params-5.14.0.jar:/home/runner/.m2/repository/org/mockito/mockito-core/4.11.0/mockito-core-4.11.0.jar:/home/runner/.m2/repository/net/bytebuddy/byte-buddy-agent/1.12.19/byte-buddy-agent-1.12.19.jar:/home/runner/.m2/repository/org/objenesis/objenesis/3.3/objenesis-3.3.jar:/home/runner/.m2/repository/org/mockito/mockito-inline/4.11.0/mockito-inline-4.11.0.jar:/home/runner/.m2/repository/org/mockito/mockito-junit-jupiter/4.11.0/mockito-junit-jupiter-4.11.0.jar:/home/runner/work/ozone/ozone/hadoop-hdds/container-service/target/gradle-enterprise/test-listeners.jar:"/>
    <property name="sun.cpu.endian" value="little"/>
    <property name="user.home" value="/home/runner"/>
    <property name="user.language" value="en"/>
    <property name="java.specification.vendor" value="Oracle Corporation"/>
    <property name="skipRecon" value="true"/>
    <property name="java.version.date" value="2025-07-15"/>
    <property name="java.home" value="/usr/lib/jvm/temurin-21-jdk-amd64"/>
    <property name="java.security.krb5.conf" value="/home/runner/work/ozone/ozone/hadoop-hdds/container-service/target/test-classes/krb5.conf"/>
    <property name="file.separator" value="/"/>
    <property name="basedir" value="/home/runner/work/ozone/ozone/hadoop-hdds/container-service"/>
    <property name="java.vm.compressedOopsMode" value="Zero based"/>
    <property name="line.separator" value="&#10;"/>
    <property name="java.vm.specification.vendor" value="Oracle Corporation"/>
    <property name="java.specification.name" value="Java Platform API Specification"/>
    <property name="surefire.real.class.path" value="/home/runner/work/ozone/ozone/hadoop-hdds/container-service/target/surefire/surefirebooter-20251018023430380_25.jar"/>
    <property name="hadoop.log.dir" value="/home/runner/work/ozone/ozone/hadoop-hdds/container-service/target/log"/>
    <property name="sun.management.compiler" value="HotSpot 64-Bit Tiered Compilers"/>
    <property name="skipShade" value="true"/>
    <property name="java.runtime.version" value="21.0.8+9-LTS"/>
    <property name="user.name" value="runner"/>
    <property name="java.net.preferIPv4Stack" value="true"/>
    <property name="stdout.encoding" value="UTF-8"/>
    <property name="path.separator" value=":"/>
    <property name="java.security.egd" value="file:///dev/urandom"/>
    <property name="os.version" value="6.14.0-1012-azure"/>
    <property name="java.runtime.name" value="OpenJDK Runtime Environment"/>
    <property name="com.gradle.maven.scan.extension.test.listener.junitplatform.NestedExecutionSafeDelegatingTestExecutionListener" value="4686afc2"/>
    <property name="file.encoding" value="UTF-8"/>
    <property name="java.vm.name" value="OpenJDK 64-Bit Server VM"/>
    <property name="rocks_tools_native" value="true"/>
    <property name="java.vendor.version" value="Temurin-21.0.8+9"/>
    <property name="test.build.webapps" value=""/>
    <property name="develocity.listener.surefire.forkId" value="1"/>
    <property name="localRepository" value="/home/runner/.m2/repository"/>
    <property name="java.vendor.url.bug" value="https://github.com/adoptium/adoptium-support/issues"/>
    <property name="java.io.tmpdir" value="/tmp"/>
    <property name="require.test.libhadoop" value=""/>
    <property name="java.version" value="21.0.8"/>
    <property name="user.dir" value="/home/runner/work/ozone/ozone/hadoop-hdds/container-service"/>
    <property name="os.arch" value="amd64"/>
    <property name="java.vm.specification.name" value="Java Virtual Machine Specification"/>
    <property name="test.build.classes" value="/home/runner/work/ozone/ozone/hadoop-hdds/container-service/target/test-classes"/>
    <property name="org.apache.ratis.thirdparty.io.netty.allocator.useCacheForAllThreads" value="false"/>
    <property name="native.encoding" value="UTF-8"/>
    <property name="hadoop.tmp.dir" value="/home/runner/work/ozone/ozone/hadoop-hdds/container-service/target/tmp"/>
    <property name="java.library.path" value="/usr/java/packages/lib:/usr/lib64:/lib64:/lib:/usr/lib"/>
    <property name="java.vm.info" value="mixed mode, sharing"/>
    <property name="stderr.encoding" value="UTF-8"/>
    <property name="java.vendor" value="Eclipse Adoptium"/>
    <property name="java.vm.version" value="21.0.8+9-LTS"/>
    <property name="sun.io.unicode.encoding" value="UnicodeLittle"/>
    <property name="develocity.listener.port" value="45059"/>
    <property name="java.class.version" value="65.0"/>
  </properties>
  <testcase name="testFinalizeFailure(boolean)[1]" classname="org.apache.hadoop.ozone.container.upgrade.TestDatanodeUpgradeToSchemaV3" time="8.427">
    <system-out><![CDATA[2025-10-18 02:34:44,806 [main] INFO  ipc.CallQueueManager (CallQueueManager.java:<init>(93)) - Using callQueue: class java.util.concurrent.LinkedBlockingQueue, queueCapacity: 1000, scheduler: class org.apache.hadoop.ipc.DefaultRpcScheduler, ipcBackoff: false, ipcFailOver: false.
2025-10-18 02:34:44,935 [main] INFO  ipc.Server (Server.java:<init>(1438)) - Listener at localhost:41003
2025-10-18 02:34:44,940 [Socket Reader #1 for port 41003] INFO  ipc.Server (Server.java:run(1474)) - Starting Socket Reader #1 for port 41003
2025-10-18 02:34:45,030 [main] WARN  util.NativeCodeLoader (NativeCodeLoader.java:<clinit>(60)) - Unable to load native-hadoop library for your platform... using builtin-java classes where applicable
2025-10-18 02:34:45,066 [IPC Server Responder] INFO  ipc.Server (Server.java:run(1713)) - IPC Server Responder: starting
2025-10-18 02:34:45,067 [IPC Server listener on 41003] INFO  ipc.Server (Server.java:run(1553)) - IPC Server listener on 41003: starting
2025-10-18 02:34:45,607 [main] INFO  reflections.Reflections (Reflections.java:scan(219)) - Reflections took 177 ms to scan 4 urls, producing 140 keys and 318 values
2025-10-18 02:34:45,679 [main] INFO  upgrade.AbstractLayoutVersionManager (AbstractLayoutVersionManager.java:init(80)) - Initializing Layout version manager with metadata layout = ERASURE_CODED_STORAGE_SUPPORT (version = 3), software layout = WITNESSED_CONTAINER_DB_PROTO_VALUE (version = 9)
2025-10-18 02:34:45,802 [main] INFO  upgrade.HDDSLayoutVersionManager (HDDSLayoutVersionManager.java:lambda$registerUpgradeActions$0(81)) - Registering Upgrade Action : DatanodeSchemaV3FinalizeAction
2025-10-18 02:34:45,804 [main] INFO  upgrade.HDDSLayoutVersionManager (HDDSLayoutVersionManager.java:lambda$registerUpgradeActions$0(81)) - Registering Upgrade Action : ContainerTableSchemaFinalizeAction
2025-10-18 02:34:45,810 [main] INFO  statemachine.DatanodeStateMachine (DatanodeStateMachine.java:getEndPointTaskThreadPoolSize(321)) - Datanode State Machine Task Thread Pool size 2
2025-10-18 02:34:45,943 [main] INFO  volume.HddsVolume (HddsVolume.java:<init>(162)) - HddsVolume: { id=455ac440-cde7-46ef-bffa-18ab73252c51 dir=/home/runner/work/ozone/ozone/hadoop-hdds/container-service/file:/home/runner/work/ozone/ozone/hadoop-hdds/container-service/target/tmp/dfs/data type=DISK failed }
2025-10-18 02:34:45,944 [main] ERROR volume.MutableVolumeSet (MutableVolumeSet.java:initializeVolumeSet(194)) - Failed to parse the storage location: file:///home/runner/work/ozone/ozone/hadoop-hdds/container-service/target/tmp/dfs/data
org.apache.hadoop.ozone.common.InconsistentStorageStateException: Mismatched DatanodeUUIDs. Version File : /home/runner/work/ozone/ozone/hadoop-hdds/container-service/target/tmp/dfs/data/hdds/VERSION has datanodeUuid: c3d05b50-810d-4b78-be46-d77415fe1b4d and Datanode has datanodeUuid: 02e36f75-e9c7-4a96-9b29-dbf186bda12a
	at org.apache.hadoop.ozone.container.common.utils.StorageVolumeUtil.getDatanodeUUID(StorageVolumeUtil.java:122)
	at org.apache.hadoop.ozone.container.common.volume.StorageVolume.readVersionFile(StorageVolume.java:385)
	at org.apache.hadoop.ozone.container.common.volume.StorageVolume.initializeImpl(StorageVolume.java:240)
	at org.apache.hadoop.ozone.container.common.volume.StorageVolume.initialize(StorageVolume.java:215)
	at org.apache.hadoop.ozone.container.common.volume.HddsVolume.<init>(HddsVolume.java:151)
	at org.apache.hadoop.ozone.container.common.volume.HddsVolume.<init>(HddsVolume.java:80)
	at org.apache.hadoop.ozone.container.common.volume.HddsVolume$Builder.build(HddsVolume.java:130)
	at org.apache.hadoop.ozone.container.common.volume.HddsVolumeFactory.createVolume(HddsVolumeFactory.java:46)
	at org.apache.hadoop.ozone.container.common.volume.MutableVolumeSet.initializeVolumeSet(MutableVolumeSet.java:172)
	at org.apache.hadoop.ozone.container.common.volume.MutableVolumeSet.<init>(MutableVolumeSet.java:130)
	at org.apache.hadoop.ozone.container.common.volume.MutableVolumeSet.<init>(MutableVolumeSet.java:92)
	at org.apache.hadoop.ozone.container.ozoneimpl.OzoneContainer.<init>(OzoneContainer.java:170)
	at org.apache.hadoop.ozone.container.common.statemachine.DatanodeStateMachine.<init>(DatanodeStateMachine.java:191)
	at org.apache.hadoop.ozone.container.common.statemachine.DatanodeStateMachine.<init>(DatanodeStateMachine.java:305)
	at org.apache.hadoop.ozone.container.upgrade.TestDatanodeUpgradeToSchemaV3.testFinalizeFailure(TestDatanodeUpgradeToSchemaV3.java:525)
	at java.base/jdk.internal.reflect.DirectMethodHandleAccessor.invoke(DirectMethodHandleAccessor.java:103)
	at java.base/java.lang.reflect.Method.invoke(Method.java:580)
	at org.junit.platform.commons.util.ReflectionUtils.invokeMethod(ReflectionUtils.java:786)
	at org.junit.platform.commons.support.ReflectionSupport.invokeMethod(ReflectionSupport.java:514)
	at org.junit.jupiter.engine.execution.MethodInvocation.proceed(MethodInvocation.java:60)
	at org.junit.jupiter.engine.execution.InvocationInterceptorChain$ValidatingInvocation.proceed(InvocationInterceptorChain.java:131)
	at org.junit.jupiter.engine.extension.SameThreadTimeoutInvocation.proceed(SameThreadTimeoutInvocation.java:49)
	at org.junit.jupiter.engine.extension.TimeoutExtension.intercept(TimeoutExtension.java:161)
	at org.junit.jupiter.engine.extension.TimeoutExtension.interceptTestableMethod(TimeoutExtension.java:152)
	at org.junit.jupiter.engine.extension.TimeoutExtension.interceptTestTemplateMethod(TimeoutExtension.java:99)
	at org.junit.jupiter.engine.execution.InterceptingExecutableInvoker$ReflectiveInterceptorCall.lambda$ofVoidMethod$0(InterceptingExecutableInvoker.java:112)
	at org.junit.jupiter.engine.execution.InterceptingExecutableInvoker.lambda$invoke$0(InterceptingExecutableInvoker.java:94)
	at org.junit.jupiter.engine.execution.InvocationInterceptorChain$InterceptedInvocation.proceed(InvocationInterceptorChain.java:106)
	at org.junit.jupiter.engine.execution.InvocationInterceptorChain.proceed(InvocationInterceptorChain.java:64)
	at org.junit.jupiter.engine.execution.InvocationInterceptorChain.chainAndInvoke(InvocationInterceptorChain.java:45)
	at org.junit.jupiter.engine.execution.InvocationInterceptorChain.invoke(InvocationInterceptorChain.java:37)
	at org.junit.jupiter.engine.execution.InterceptingExecutableInvoker.invoke(InterceptingExecutableInvoker.java:93)
	at org.junit.jupiter.engine.execution.InterceptingExecutableInvoker.invoke(InterceptingExecutableInvoker.java:87)
	at org.junit.jupiter.engine.descriptor.TestMethodTestDescriptor.lambda$invokeTestMethod$4(TestMethodTestDescriptor.java:221)
	at org.junit.platform.engine.support.hierarchical.ThrowableCollector.execute(ThrowableCollector.java:73)
	at org.junit.jupiter.engine.descriptor.TestMethodTestDescriptor.invokeTestMethod(TestMethodTestDescriptor.java:217)
	at org.junit.jupiter.engine.descriptor.TestMethodTestDescriptor.execute(TestMethodTestDescriptor.java:159)
	at org.junit.jupiter.engine.descriptor.TestMethodTestDescriptor.execute(TestMethodTestDescriptor.java:70)
	at org.junit.platform.engine.support.hierarchical.NodeTestTask.lambda$executeRecursively$6(NodeTestTask.java:157)
	at org.junit.platform.engine.support.hierarchical.ThrowableCollector.execute(ThrowableCollector.java:73)
	at org.junit.platform.engine.support.hierarchical.NodeTestTask.lambda$executeRecursively$8(NodeTestTask.java:147)
	at org.junit.platform.engine.support.hierarchical.Node.around(Node.java:137)
	at org.junit.platform.engine.support.hierarchical.NodeTestTask.lambda$executeRecursively$9(NodeTestTask.java:145)
	at org.junit.platform.engine.support.hierarchical.ThrowableCollector.execute(ThrowableCollector.java:73)
	at org.junit.platform.engine.support.hierarchical.NodeTestTask.executeRecursively(NodeTestTask.java:144)
	at org.junit.platform.engine.support.hierarchical.NodeTestTask.execute(NodeTestTask.java:101)
	at org.junit.platform.engine.support.hierarchical.SameThreadHierarchicalTestExecutorService.submit(SameThreadHierarchicalTestExecutorService.java:35)
	at org.junit.platform.engine.support.hierarchical.NodeTestTask$DefaultDynamicTestExecutor.execute(NodeTestTask.java:232)
	at org.junit.platform.engine.support.hierarchical.NodeTestTask$DefaultDynamicTestExecutor.execute(NodeTestTask.java:210)
	at org.junit.jupiter.engine.descriptor.TemplateExecutor.execute(TemplateExecutor.java:98)
	at org.junit.jupiter.engine.descriptor.TemplateExecutor.lambda$executeForProvider$0(TemplateExecutor.java:61)
	at java.base/java.util.Optional.ifPresent(Optional.java:178)
	at org.junit.jupiter.engine.descriptor.TemplateExecutor.lambda$executeForProvider$1(TemplateExecutor.java:61)
	at java.base/java.util.stream.ForEachOps$ForEachOp$OfRef.accept(ForEachOps.java:184)
	at java.base/java.util.stream.ReferencePipeline$3$1.accept(ReferencePipeline.java:197)
	at java.base/java.util.stream.ForEachOps$ForEachOp$OfRef.accept(ForEachOps.java:184)
	at java.base/java.util.stream.ForEachOps$ForEachOp$OfRef.accept(ForEachOps.java:184)
	at java.base/java.util.stream.ReferencePipeline$3$1.accept(ReferencePipeline.java:197)
	at java.base/java.util.Spliterators$ArraySpliterator.forEachRemaining(Spliterators.java:1024)
	at java.base/java.util.stream.AbstractPipeline.copyInto(AbstractPipeline.java:509)
	at java.base/java.util.stream.AbstractPipeline.wrapAndCopyInto(AbstractPipeline.java:499)
	at java.base/java.util.stream.ForEachOps$ForEachOp.evaluateSequential(ForEachOps.java:151)
	at java.base/java.util.stream.ForEachOps$ForEachOp$OfRef.evaluateSequential(ForEachOps.java:174)
	at java.base/java.util.stream.AbstractPipeline.evaluate(AbstractPipeline.java:234)
	at java.base/java.util.stream.ReferencePipeline.forEach(ReferencePipeline.java:596)
	at java.base/java.util.stream.ReferencePipeline$7$1.accept(ReferencePipeline.java:276)
	at java.base/java.util.ArrayList$ArrayListSpliterator.forEachRemaining(ArrayList.java:1708)
	at java.base/java.util.stream.AbstractPipeline.copyInto(AbstractPipeline.java:509)
	at java.base/java.util.stream.AbstractPipeline.wrapAndCopyInto(AbstractPipeline.java:499)
	at java.base/java.util.stream.ForEachOps$ForEachOp.evaluateSequential(ForEachOps.java:151)
	at java.base/java.util.stream.ForEachOps$ForEachOp$OfRef.evaluateSequential(ForEachOps.java:174)
	at java.base/java.util.stream.AbstractPipeline.evaluate(AbstractPipeline.java:234)
	at java.base/java.util.stream.ReferencePipeline.forEach(ReferencePipeline.java:596)
	at java.base/java.util.stream.ReferencePipeline$7$1.accept(ReferencePipeline.java:276)
	at java.base/java.util.stream.ReferencePipeline$3$1.accept(ReferencePipeline.java:197)
	at java.base/java.util.stream.ReferencePipeline$3$1.accept(ReferencePipeline.java:197)
	at java.base/java.util.stream.ReferencePipeline$3$1.accept(ReferencePipeline.java:197)
	at java.base/java.util.ArrayList$ArrayListSpliterator.forEachRemaining(ArrayList.java:1708)
	at java.base/java.util.stream.AbstractPipeline.copyInto(AbstractPipeline.java:509)
	at java.base/java.util.stream.AbstractPipeline.wrapAndCopyInto(AbstractPipeline.java:499)
	at java.base/java.util.stream.ForEachOps$ForEachOp.evaluateSequential(ForEachOps.java:151)
	at java.base/java.util.stream.ForEachOps$ForEachOp$OfRef.evaluateSequential(ForEachOps.java:174)
	at java.base/java.util.stream.AbstractPipeline.evaluate(AbstractPipeline.java:234)
	at java.base/java.util.stream.ReferencePipeline.forEach(ReferencePipeline.java:596)
	at org.junit.jupiter.engine.descriptor.TemplateExecutor.executeForProvider(TemplateExecutor.java:59)
	at org.junit.jupiter.engine.descriptor.TemplateExecutor.execute(TemplateExecutor.java:48)
	at org.junit.jupiter.engine.descriptor.TestTemplateTestDescriptor.execute(TestTemplateTestDescriptor.java:112)
	at org.junit.jupiter.engine.descriptor.TestTemplateTestDescriptor.execute(TestTemplateTestDescriptor.java:40)
	at org.junit.platform.engine.support.hierarchical.NodeTestTask.lambda$executeRecursively$6(NodeTestTask.java:157)
	at org.junit.platform.engine.support.hierarchical.ThrowableCollector.execute(ThrowableCollector.java:73)
	at org.junit.platform.engine.support.hierarchical.NodeTestTask.lambda$executeRecursively$8(NodeTestTask.java:147)
	at org.junit.platform.engine.support.hierarchical.Node.around(Node.java:137)
	at org.junit.platform.engine.support.hierarchical.NodeTestTask.lambda$executeRecursively$9(NodeTestTask.java:145)
	at org.junit.platform.engine.support.hierarchical.ThrowableCollector.execute(ThrowableCollector.java:73)
	at org.junit.platform.engine.support.hierarchical.NodeTestTask.executeRecursively(NodeTestTask.java:144)
	at org.junit.platform.engine.support.hierarchical.NodeTestTask.execute(NodeTestTask.java:101)
	at java.base/java.util.ArrayList.forEach(ArrayList.java:1596)
	at org.junit.platform.engine.support.hierarchical.SameThreadHierarchicalTestExecutorService.invokeAll(SameThreadHierarchicalTestExecutorService.java:41)
	at org.junit.platform.engine.support.hierarchical.NodeTestTask.lambda$executeRecursively$6(NodeTestTask.java:161)
	at org.junit.platform.engine.support.hierarchical.ThrowableCollector.execute(ThrowableCollector.java:73)
	at org.junit.platform.engine.support.hierarchical.NodeTestTask.lambda$executeRecursively$8(NodeTestTask.java:147)
	at org.junit.platform.engine.support.hierarchical.Node.around(Node.java:137)
	at org.junit.platform.engine.support.hierarchical.NodeTestTask.lambda$executeRecursively$9(NodeTestTask.java:145)
	at org.junit.platform.engine.support.hierarchical.ThrowableCollector.execute(ThrowableCollector.java:73)
	at org.junit.platform.engine.support.hierarchical.NodeTestTask.executeRecursively(NodeTestTask.java:144)
	at org.junit.platform.engine.support.hierarchical.NodeTestTask.execute(NodeTestTask.java:101)
	at java.base/java.util.ArrayList.forEach(ArrayList.java:1596)
	at org.junit.platform.engine.support.hierarchical.SameThreadHierarchicalTestExecutorService.invokeAll(SameThreadHierarchicalTestExecutorService.java:41)
	at org.junit.platform.engine.support.hierarchical.NodeTestTask.lambda$executeRecursively$6(NodeTestTask.java:161)
	at org.junit.platform.engine.support.hierarchical.ThrowableCollector.execute(ThrowableCollector.java:73)
	at org.junit.platform.engine.support.hierarchical.NodeTestTask.lambda$executeRecursively$8(NodeTestTask.java:147)
	at org.junit.platform.engine.support.hierarchical.Node.around(Node.java:137)
	at org.junit.platform.engine.support.hierarchical.NodeTestTask.lambda$executeRecursively$9(NodeTestTask.java:145)
	at org.junit.platform.engine.support.hierarchical.ThrowableCollector.execute(ThrowableCollector.java:73)
	at org.junit.platform.engine.support.hierarchical.NodeTestTask.executeRecursively(NodeTestTask.java:144)
	at org.junit.platform.engine.support.hierarchical.NodeTestTask.execute(NodeTestTask.java:101)
	at org.junit.platform.engine.support.hierarchical.SameThreadHierarchicalTestExecutorService.submit(SameThreadHierarchicalTestExecutorService.java:35)
	at org.junit.platform.engine.support.hierarchical.HierarchicalTestExecutor.execute(HierarchicalTestExecutor.java:57)
	at org.junit.platform.engine.support.hierarchical.HierarchicalTestEngine.execute(HierarchicalTestEngine.java:54)
	at org.junit.platform.launcher.core.EngineExecutionOrchestrator.executeEngine(EngineExecutionOrchestrator.java:230)
	at org.junit.platform.launcher.core.EngineExecutionOrchestrator.failOrExecuteEngine(EngineExecutionOrchestrator.java:204)
	at org.junit.platform.launcher.core.EngineExecutionOrchestrator.execute(EngineExecutionOrchestrator.java:172)
	at org.junit.platform.launcher.core.EngineExecutionOrchestrator.execute(EngineExecutionOrchestrator.java:101)
	at org.junit.platform.launcher.core.EngineExecutionOrchestrator.lambda$execute$0(EngineExecutionOrchestrator.java:64)
	at org.junit.platform.launcher.core.EngineExecutionOrchestrator.withInterceptedStreams(EngineExecutionOrchestrator.java:150)
	at org.junit.platform.launcher.core.EngineExecutionOrchestrator.execute(EngineExecutionOrchestrator.java:63)
	at org.junit.platform.launcher.core.DefaultLauncher.execute(DefaultLauncher.java:109)
	at org.junit.platform.launcher.core.DefaultLauncher.execute(DefaultLauncher.java:91)
	at org.junit.platform.launcher.core.DelegatingLauncher.execute(DelegatingLauncher.java:47)
	at org.junit.platform.launcher.core.InterceptingLauncher.lambda$execute$1(InterceptingLauncher.java:39)
	at org.junit.platform.launcher.core.ClasspathAlignmentCheckingLauncherInterceptor.intercept(ClasspathAlignmentCheckingLauncherInterceptor.java:25)
	at org.junit.platform.launcher.core.InterceptingLauncher.execute(InterceptingLauncher.java:38)
	at org.junit.platform.launcher.core.DelegatingLauncher.execute(DelegatingLauncher.java:47)
	at org.apache.maven.surefire.junitplatform.LazyLauncher.execute(LazyLauncher.java:56)
	at org.apache.maven.surefire.junitplatform.JUnitPlatformProvider.execute(JUnitPlatformProvider.java:184)
	at org.apache.maven.surefire.junitplatform.JUnitPlatformProvider.invokeAllTests(JUnitPlatformProvider.java:148)
	at org.apache.maven.surefire.junitplatform.JUnitPlatformProvider.invoke(JUnitPlatformProvider.java:120)
	at org.apache.maven.surefire.booter.ForkedBooter.runSuitesInProcess(ForkedBooter.java:385)
	at org.apache.maven.surefire.booter.ForkedBooter.execute(ForkedBooter.java:162)
	at org.apache.maven.surefire.booter.ForkedBooter.run(ForkedBooter.java:507)
	at org.apache.maven.surefire.booter.ForkedBooter.main(ForkedBooter.java:495)
2025-10-18 02:34:45,956 [main] INFO  volume.HddsVolume (HddsVolume.java:<init>(162)) - HddsVolume: { id=DS-37ebc8e7-dbf5-4302-8d0c-9bfd33460954 dir=/tmp/junit-8456710246977177494/3ea493ba-6270-4768-9a80-c9e214404dce/hdds type=DISK capacity=9222449699674390527 used=0 available=9222449699674390527 minFree=184448985434423296 committed=0 }
2025-10-18 02:34:45,956 [main] INFO  volume.MutableVolumeSet (MutableVolumeSet.java:initializeVolumeSet(175)) - Added Volume : /tmp/junit-8456710246977177494/3ea493ba-6270-4768-9a80-c9e214404dce/hdds to VolumeSet
2025-10-18 02:34:45,959 [main] WARN  server.ServerUtils (ServerUtils.java:getDefaultRatisDirectory(304)) - Storage directory for Ratis is not configured. It is a good idea to map this to an SSD disk. Falling back to ozone.metadata.dirs
2025-10-18 02:34:45,962 [main] INFO  volume.MutableVolumeSet (MutableVolumeSet.java:initializeVolumeSet(175)) - Added Volume : /tmp/junit-8456710246977177494/ratis to VolumeSet
2025-10-18 02:34:46,082 [main] WARN  db.DBStoreBuilder (DBStoreBuilder.java:getDBDirPath(157)) - ozone.scm.datanode.id.dir is not configured. We recommend adding this setting. Falling back to ozone.metadata.dirs instead.
2025-10-18 02:34:46,101 [main] WARN  db.DBStoreBuilder (DBStoreBuilder.java:getDBDirPath(157)) - ozone.scm.datanode.id.dir is not configured. We recommend adding this setting. Falling back to ozone.metadata.dirs instead.
2025-10-18 02:34:46,196 [main] INFO  impl.FilePerChunkStrategy (FilePerChunkStrategy.java:<init>(79)) - ozone.chunk.read.mapped.buffer.max.count is load with 0
2025-10-18 02:34:46,209 [main] INFO  impl.FilePerBlockStrategy (FilePerBlockStrategy.java:<init>(88)) - ozone.chunk.read.mapped.buffer.max.count is load with 0
2025-10-18 02:34:46,778 [main] INFO  audit.AuditLogger (AuditLogger.java:refreshDebugCmdSet(133)) - Refresh DebugCmdSet for DNAudit to [].
2025-10-18 02:34:46,830 [main] INFO  server.RaftServerConfigKeys (ConfUtils.java:logGet(62)) - raft.server.log.appender.buffer.byte-limit = 33554432 (custom)
2025-10-18 02:34:46,845 [main] WARN  server.ServerUtils (ServerUtils.java:getDefaultRatisDirectory(304)) - Storage directory for Ratis is not configured. It is a good idea to map this to an SSD disk. Falling back to ozone.metadata.dirs
2025-10-18 02:34:46,867 [main] INFO  server.RaftServer (ConfUtils.java:logGet(62)) - raft.rpc.type = GRPC (default)
2025-10-18 02:34:46,914 [main] INFO  grpc.GrpcConfigKeys (ConfUtils.java:logFallback(69)) - raft.grpc.admin.host = null (fallback to raft.grpc.server.host)
2025-10-18 02:34:46,916 [main] INFO  grpc.GrpcConfigKeys (ConfUtils.java:logGet(62)) - raft.grpc.admin.port = 9858 (custom)
2025-10-18 02:34:46,916 [main] INFO  grpc.GrpcConfigKeys (ConfUtils.java:logFallback(69)) - raft.grpc.client.host = null (fallback to raft.grpc.server.host)
2025-10-18 02:34:46,917 [main] INFO  grpc.GrpcConfigKeys (ConfUtils.java:logGet(62)) - raft.grpc.client.port = 9858 (custom)
2025-10-18 02:34:46,917 [main] INFO  grpc.GrpcConfigKeys (ConfUtils.java:logGet(62)) - raft.grpc.server.port = 9858 (custom)
2025-10-18 02:34:46,918 [main] INFO  server.GrpcServicesImpl (ConfUtils.java:logGet(62)) - raft.grpc.message.size.max = 34603008 (custom)
2025-10-18 02:34:46,919 [main] INFO  server.GrpcServicesImpl (ConfUtils.java:logGet(62)) - raft.grpc.flow.control.window = 5MB (=5242880) (custom)
2025-10-18 02:34:46,920 [main] INFO  server.RaftServerConfigKeys (ConfUtils.java:logGet(62)) - raft.server.rpc.request.timeout = 60s (custom)
2025-10-18 02:34:46,925 [main] INFO  grpc.GrpcConfigKeys (ConfUtils.java:logGet(62)) - raft.grpc.server.heartbeat.channel = true (default)
2025-10-18 02:34:46,925 [main] INFO  server.RaftServerConfigKeys (ConfUtils.java:logGet(62)) - raft.server.log.appender.buffer.byte-limit = 33554432 (custom)
2025-10-18 02:34:46,928 [main] INFO  grpc.GrpcConfigKeys (ConfUtils.java:logGet(62)) - raft.grpc.server.async.request.thread.pool.cached = true (default)
2025-10-18 02:34:46,928 [main] INFO  grpc.GrpcConfigKeys (ConfUtils.java:logGet(62)) - raft.grpc.server.async.request.thread.pool.size = 32 (default)
2025-10-18 02:34:47,052 [main] INFO  impl.DataStreamServerImpl (ConfUtils.java:logGet(62)) - raft.datastream.type = NETTY (custom)
2025-10-18 02:34:47,068 [main] INFO  server.RaftServerConfigKeys (ConfUtils.java:logGet(62)) - raft.server.data-stream.async.request.thread.pool.cached = false (default)
2025-10-18 02:34:47,069 [main] INFO  server.RaftServerConfigKeys (ConfUtils.java:logGet(62)) - raft.server.data-stream.async.request.thread.pool.size = 20 (custom)
2025-10-18 02:34:47,070 [main] INFO  server.RaftServerConfigKeys (ConfUtils.java:logGet(62)) - raft.server.data-stream.async.write.thread.pool.size = 16 (default)
2025-10-18 02:34:47,072 [main] INFO  netty.NettyConfigKeys$DataStream (ConfUtils.java:logGet(62)) - raft.netty.dataStream.server.channel.inactive.grace-period = 10min (default)
2025-10-18 02:34:47,073 [main] INFO  server.RaftServerConfigKeys (ConfUtils.java:logGet(62)) - raft.server.data-stream.client.pool.size = 10 (default)
2025-10-18 02:34:47,075 [main] INFO  netty.NettyConfigKeys$DataStream (ConfUtils.java:logGet(62)) - raft.netty.dataStream.server.use-epoll = true (default)
2025-10-18 02:34:47,075 [main] INFO  netty.NettyConfigKeys$DataStream (ConfUtils.java:logGet(62)) - raft.netty.dataStream.server.boss-group.size = 0 (default)
2025-10-18 02:34:47,076 [main] INFO  netty.NettyUtils (NettyUtils.java:newEventLoopGroup(74)) - Create EpollEventLoopGroup for 02e36f75-e9c7-4a96-9b29-dbf186bda12a-NettyServerStreamRpc-bossGroup; Thread size is 0.
2025-10-18 02:34:47,077 [main] INFO  netty.NettyConfigKeys$DataStream (ConfUtils.java:logGet(62)) - raft.netty.dataStream.server.worker-group.size = 0 (default)
2025-10-18 02:34:47,078 [main] INFO  netty.NettyUtils (NettyUtils.java:newEventLoopGroup(74)) - Create EpollEventLoopGroup for 02e36f75-e9c7-4a96-9b29-dbf186bda12a-NettyServerStreamRpc-workerGroup; Thread size is 0.
2025-10-18 02:34:47,080 [main] INFO  netty.NettyConfigKeys$DataStream (ConfUtils.java:logGet(62)) - raft.netty.dataStream.port = 0 (default)
2025-10-18 02:34:47,106 [main] INFO  server.RaftServerConfigKeys (ConfUtils.java:logGet(62)) - raft.server.sleep.deviation.threshold = 300ms (default)
2025-10-18 02:34:47,107 [main] INFO  server.RaftServerConfigKeys (ConfUtils.java:logGet(62)) - raft.server.close.threshold = 60s (default)
2025-10-18 02:34:47,108 [main] INFO  server.RaftServerConfigKeys (ConfUtils.java:logGet(62)) - raft.server.leaderelection.leader.step-down.wait-time = 10s (default)
2025-10-18 02:34:47,112 [main] INFO  server.RaftServerConfigKeys (ConfUtils.java:logGet(62)) - raft.server.storage.dir = [/tmp/junit-8456710246977177494/ratis] (custom)
2025-10-18 02:34:47,113 [main] INFO  server.RaftServerConfigKeys (ConfUtils.java:logGet(62)) - raft.server.threadpool.proxy.cached = true (default)
2025-10-18 02:34:47,114 [main] INFO  server.RaftServerConfigKeys (ConfUtils.java:logGet(62)) - raft.server.threadpool.proxy.size = 0 (default)
2025-10-18 02:34:47,116 [02e36f75-e9c7-4a96-9b29-dbf186bda12a-impl-thread1] INFO  server.RaftServer (RaftServerProxy.java:initGroupDir(270)) - 02e36f75-e9c7-4a96-9b29-dbf186bda12a: found a subdirectory /tmp/junit-8456710246977177494/ratis/tmp
2025-10-18 02:34:47,117 [02e36f75-e9c7-4a96-9b29-dbf186bda12a-impl-thread1] INFO  server.RaftServer (RaftServerProxy.java:initGroupDir(275)) - 02e36f75-e9c7-4a96-9b29-dbf186bda12a: The directory /tmp/junit-8456710246977177494/ratis/tmp is not a group directory; ignoring it. 
2025-10-18 02:34:47,118 [02e36f75-e9c7-4a96-9b29-dbf186bda12a-NettyServerStreamRpc-bossGroup--thread1] INFO  logging.LoggingHandler (AbstractInternalLogger.java:log(148)) - [id: 0x13b7f344] REGISTERED
2025-10-18 02:34:47,120 [02e36f75-e9c7-4a96-9b29-dbf186bda12a-NettyServerStreamRpc-bossGroup--thread1] INFO  logging.LoggingHandler (AbstractInternalLogger.java:log(148)) - [id: 0x13b7f344] BIND: 0.0.0.0/0.0.0.0:0
2025-10-18 02:34:47,123 [02e36f75-e9c7-4a96-9b29-dbf186bda12a-NettyServerStreamRpc-bossGroup--thread1] INFO  logging.LoggingHandler (AbstractInternalLogger.java:log(148)) - [id: 0x13b7f344, L:/0.0.0.0:33377] ACTIVE
2025-10-18 02:34:47,125 [main] INFO  replication.ReplicationServer (ReplicationServer.java:<init>(84)) - Initializing replication server with thread count = 10 queue length = 4096
2025-10-18 02:34:47,162 [main] INFO  server.XceiverServerGrpc (XceiverServerGrpc.java:<init>(129)) - GrpcServer channel type EpollServerSocketChannel
2025-10-18 02:34:47,200 [main] INFO  replication.ReplicationSupervisor (ReplicationSupervisor.java:build(169)) - Initializing replication supervisor with thread count = 10
2025-10-18 02:34:47,202 [main] INFO  replication.ReplicationSupervisor (ReplicationSupervisor.java:nodeStateUpdated(358)) - Node state updated to IN_SERVICE, scaling executor pool size to 10
2025-10-18 02:34:47,271 [main] INFO  ozoneimpl.OzoneContainer (OzoneContainer.java:stop(568)) - Attempting to stop container services.
2025-10-18 02:34:47,285 [main] INFO  utils.BackgroundService (BackgroundService.java:shutdown(195)) - Shutting down service BlockDeletingService
2025-10-18 02:34:47,285 [main] INFO  utils.BackgroundService (BackgroundService.java:shutdown(195)) - Shutting down service StaleRecoveringContainerScrubbingService
2025-10-18 02:34:47,291 [main] INFO  upgrade.AbstractLayoutVersionManager (AbstractLayoutVersionManager.java:init(80)) - Initializing Layout version manager with metadata layout = ERASURE_CODED_STORAGE_SUPPORT (version = 3), software layout = WITNESSED_CONTAINER_DB_PROTO_VALUE (version = 9)
2025-10-18 02:34:47,292 [main] INFO  upgrade.HDDSLayoutVersionManager (HDDSLayoutVersionManager.java:lambda$registerUpgradeActions$0(81)) - Registering Upgrade Action : DatanodeSchemaV3FinalizeAction
2025-10-18 02:34:47,293 [main] INFO  upgrade.HDDSLayoutVersionManager (HDDSLayoutVersionManager.java:lambda$registerUpgradeActions$0(81)) - Registering Upgrade Action : ContainerTableSchemaFinalizeAction
2025-10-18 02:34:47,293 [main] INFO  statemachine.DatanodeStateMachine (DatanodeStateMachine.java:getEndPointTaskThreadPoolSize(321)) - Datanode State Machine Task Thread Pool size 2
2025-10-18 02:34:47,298 [main] INFO  volume.HddsVolume (HddsVolume.java:<init>(162)) - HddsVolume: { id=ab3f2f33-1ae1-4acd-a1b6-0b605fe00ccf dir=/home/runner/work/ozone/ozone/hadoop-hdds/container-service/file:/home/runner/work/ozone/ozone/hadoop-hdds/container-service/target/tmp/dfs/data type=DISK failed }
2025-10-18 02:34:47,299 [main] ERROR volume.MutableVolumeSet (MutableVolumeSet.java:initializeVolumeSet(194)) - Failed to parse the storage location: file:///home/runner/work/ozone/ozone/hadoop-hdds/container-service/target/tmp/dfs/data
org.apache.hadoop.ozone.common.InconsistentStorageStateException: Mismatched DatanodeUUIDs. Version File : /home/runner/work/ozone/ozone/hadoop-hdds/container-service/target/tmp/dfs/data/hdds/VERSION has datanodeUuid: c3d05b50-810d-4b78-be46-d77415fe1b4d and Datanode has datanodeUuid: 02e36f75-e9c7-4a96-9b29-dbf186bda12a
	at org.apache.hadoop.ozone.container.common.utils.StorageVolumeUtil.getDatanodeUUID(StorageVolumeUtil.java:122)
	at org.apache.hadoop.ozone.container.common.volume.StorageVolume.readVersionFile(StorageVolume.java:385)
	at org.apache.hadoop.ozone.container.common.volume.StorageVolume.initializeImpl(StorageVolume.java:240)
	at org.apache.hadoop.ozone.container.common.volume.StorageVolume.initialize(StorageVolume.java:215)
	at org.apache.hadoop.ozone.container.common.volume.HddsVolume.<init>(HddsVolume.java:151)
	at org.apache.hadoop.ozone.container.common.volume.HddsVolume.<init>(HddsVolume.java:80)
	at org.apache.hadoop.ozone.container.common.volume.HddsVolume$Builder.build(HddsVolume.java:130)
	at org.apache.hadoop.ozone.container.common.volume.HddsVolumeFactory.createVolume(HddsVolumeFactory.java:46)
	at org.apache.hadoop.ozone.container.common.volume.MutableVolumeSet.initializeVolumeSet(MutableVolumeSet.java:172)
	at org.apache.hadoop.ozone.container.common.volume.MutableVolumeSet.<init>(MutableVolumeSet.java:130)
	at org.apache.hadoop.ozone.container.common.volume.MutableVolumeSet.<init>(MutableVolumeSet.java:92)
	at org.apache.hadoop.ozone.container.ozoneimpl.OzoneContainer.<init>(OzoneContainer.java:170)
	at org.apache.hadoop.ozone.container.common.statemachine.DatanodeStateMachine.<init>(DatanodeStateMachine.java:191)
	at org.apache.hadoop.ozone.container.common.statemachine.DatanodeStateMachine.<init>(DatanodeStateMachine.java:305)
	at org.apache.hadoop.ozone.container.upgrade.UpgradeTestHelper.restartDatanode(UpgradeTestHelper.java:108)
	at org.apache.hadoop.ozone.container.upgrade.TestDatanodeUpgradeToSchemaV3.testFinalizeFailure(TestDatanodeUpgradeToSchemaV3.java:537)
	at java.base/jdk.internal.reflect.DirectMethodHandleAccessor.invoke(DirectMethodHandleAccessor.java:103)
	at java.base/java.lang.reflect.Method.invoke(Method.java:580)
	at org.junit.platform.commons.util.ReflectionUtils.invokeMethod(ReflectionUtils.java:786)
	at org.junit.platform.commons.support.ReflectionSupport.invokeMethod(ReflectionSupport.java:514)
	at org.junit.jupiter.engine.execution.MethodInvocation.proceed(MethodInvocation.java:60)
	at org.junit.jupiter.engine.execution.InvocationInterceptorChain$ValidatingInvocation.proceed(InvocationInterceptorChain.java:131)
	at org.junit.jupiter.engine.extension.SameThreadTimeoutInvocation.proceed(SameThreadTimeoutInvocation.java:49)
	at org.junit.jupiter.engine.extension.TimeoutExtension.intercept(TimeoutExtension.java:161)
	at org.junit.jupiter.engine.extension.TimeoutExtension.interceptTestableMethod(TimeoutExtension.java:152)
	at org.junit.jupiter.engine.extension.TimeoutExtension.interceptTestTemplateMethod(TimeoutExtension.java:99)
	at org.junit.jupiter.engine.execution.InterceptingExecutableInvoker$ReflectiveInterceptorCall.lambda$ofVoidMethod$0(InterceptingExecutableInvoker.java:112)
	at org.junit.jupiter.engine.execution.InterceptingExecutableInvoker.lambda$invoke$0(InterceptingExecutableInvoker.java:94)
	at org.junit.jupiter.engine.execution.InvocationInterceptorChain$InterceptedInvocation.proceed(InvocationInterceptorChain.java:106)
	at org.junit.jupiter.engine.execution.InvocationInterceptorChain.proceed(InvocationInterceptorChain.java:64)
	at org.junit.jupiter.engine.execution.InvocationInterceptorChain.chainAndInvoke(InvocationInterceptorChain.java:45)
	at org.junit.jupiter.engine.execution.InvocationInterceptorChain.invoke(InvocationInterceptorChain.java:37)
	at org.junit.jupiter.engine.execution.InterceptingExecutableInvoker.invoke(InterceptingExecutableInvoker.java:93)
	at org.junit.jupiter.engine.execution.InterceptingExecutableInvoker.invoke(InterceptingExecutableInvoker.java:87)
	at org.junit.jupiter.engine.descriptor.TestMethodTestDescriptor.lambda$invokeTestMethod$4(TestMethodTestDescriptor.java:221)
	at org.junit.platform.engine.support.hierarchical.ThrowableCollector.execute(ThrowableCollector.java:73)
	at org.junit.jupiter.engine.descriptor.TestMethodTestDescriptor.invokeTestMethod(TestMethodTestDescriptor.java:217)
	at org.junit.jupiter.engine.descriptor.TestMethodTestDescriptor.execute(TestMethodTestDescriptor.java:159)
	at org.junit.jupiter.engine.descriptor.TestMethodTestDescriptor.execute(TestMethodTestDescriptor.java:70)
	at org.junit.platform.engine.support.hierarchical.NodeTestTask.lambda$executeRecursively$6(NodeTestTask.java:157)
	at org.junit.platform.engine.support.hierarchical.ThrowableCollector.execute(ThrowableCollector.java:73)
	at org.junit.platform.engine.support.hierarchical.NodeTestTask.lambda$executeRecursively$8(NodeTestTask.java:147)
	at org.junit.platform.engine.support.hierarchical.Node.around(Node.java:137)
	at org.junit.platform.engine.support.hierarchical.NodeTestTask.lambda$executeRecursively$9(NodeTestTask.java:145)
	at org.junit.platform.engine.support.hierarchical.ThrowableCollector.execute(ThrowableCollector.java:73)
	at org.junit.platform.engine.support.hierarchical.NodeTestTask.executeRecursively(NodeTestTask.java:144)
	at org.junit.platform.engine.support.hierarchical.NodeTestTask.execute(NodeTestTask.java:101)
	at org.junit.platform.engine.support.hierarchical.SameThreadHierarchicalTestExecutorService.submit(SameThreadHierarchicalTestExecutorService.java:35)
	at org.junit.platform.engine.support.hierarchical.NodeTestTask$DefaultDynamicTestExecutor.execute(NodeTestTask.java:232)
	at org.junit.platform.engine.support.hierarchical.NodeTestTask$DefaultDynamicTestExecutor.execute(NodeTestTask.java:210)
	at org.junit.jupiter.engine.descriptor.TemplateExecutor.execute(TemplateExecutor.java:98)
	at org.junit.jupiter.engine.descriptor.TemplateExecutor.lambda$executeForProvider$0(TemplateExecutor.java:61)
	at java.base/java.util.Optional.ifPresent(Optional.java:178)
	at org.junit.jupiter.engine.descriptor.TemplateExecutor.lambda$executeForProvider$1(TemplateExecutor.java:61)
	at java.base/java.util.stream.ForEachOps$ForEachOp$OfRef.accept(ForEachOps.java:184)
	at java.base/java.util.stream.ReferencePipeline$3$1.accept(ReferencePipeline.java:197)
	at java.base/java.util.stream.ForEachOps$ForEachOp$OfRef.accept(ForEachOps.java:184)
	at java.base/java.util.stream.ForEachOps$ForEachOp$OfRef.accept(ForEachOps.java:184)
	at java.base/java.util.stream.ReferencePipeline$3$1.accept(ReferencePipeline.java:197)
	at java.base/java.util.Spliterators$ArraySpliterator.forEachRemaining(Spliterators.java:1024)
	at java.base/java.util.stream.AbstractPipeline.copyInto(AbstractPipeline.java:509)
	at java.base/java.util.stream.AbstractPipeline.wrapAndCopyInto(AbstractPipeline.java:499)
	at java.base/java.util.stream.ForEachOps$ForEachOp.evaluateSequential(ForEachOps.java:151)
	at java.base/java.util.stream.ForEachOps$ForEachOp$OfRef.evaluateSequential(ForEachOps.java:174)
	at java.base/java.util.stream.AbstractPipeline.evaluate(AbstractPipeline.java:234)
	at java.base/java.util.stream.ReferencePipeline.forEach(ReferencePipeline.java:596)
	at java.base/java.util.stream.ReferencePipeline$7$1.accept(ReferencePipeline.java:276)
	at java.base/java.util.ArrayList$ArrayListSpliterator.forEachRemaining(ArrayList.java:1708)
	at java.base/java.util.stream.AbstractPipeline.copyInto(AbstractPipeline.java:509)
	at java.base/java.util.stream.AbstractPipeline.wrapAndCopyInto(AbstractPipeline.java:499)
	at java.base/java.util.stream.ForEachOps$ForEachOp.evaluateSequential(ForEachOps.java:151)
	at java.base/java.util.stream.ForEachOps$ForEachOp$OfRef.evaluateSequential(ForEachOps.java:174)
	at java.base/java.util.stream.AbstractPipeline.evaluate(AbstractPipeline.java:234)
	at java.base/java.util.stream.ReferencePipeline.forEach(ReferencePipeline.java:596)
	at java.base/java.util.stream.ReferencePipeline$7$1.accept(ReferencePipeline.java:276)
	at java.base/java.util.stream.ReferencePipeline$3$1.accept(ReferencePipeline.java:197)
	at java.base/java.util.stream.ReferencePipeline$3$1.accept(ReferencePipeline.java:197)
	at java.base/java.util.stream.ReferencePipeline$3$1.accept(ReferencePipeline.java:197)
	at java.base/java.util.ArrayList$ArrayListSpliterator.forEachRemaining(ArrayList.java:1708)
	at java.base/java.util.stream.AbstractPipeline.copyInto(AbstractPipeline.java:509)
	at java.base/java.util.stream.AbstractPipeline.wrapAndCopyInto(AbstractPipeline.java:499)
	at java.base/java.util.stream.ForEachOps$ForEachOp.evaluateSequential(ForEachOps.java:151)
	at java.base/java.util.stream.ForEachOps$ForEachOp$OfRef.evaluateSequential(ForEachOps.java:174)
	at java.base/java.util.stream.AbstractPipeline.evaluate(AbstractPipeline.java:234)
	at java.base/java.util.stream.ReferencePipeline.forEach(ReferencePipeline.java:596)
	at org.junit.jupiter.engine.descriptor.TemplateExecutor.executeForProvider(TemplateExecutor.java:59)
	at org.junit.jupiter.engine.descriptor.TemplateExecutor.execute(TemplateExecutor.java:48)
	at org.junit.jupiter.engine.descriptor.TestTemplateTestDescriptor.execute(TestTemplateTestDescriptor.java:112)
	at org.junit.jupiter.engine.descriptor.TestTemplateTestDescriptor.execute(TestTemplateTestDescriptor.java:40)
	at org.junit.platform.engine.support.hierarchical.NodeTestTask.lambda$executeRecursively$6(NodeTestTask.java:157)
	at org.junit.platform.engine.support.hierarchical.ThrowableCollector.execute(ThrowableCollector.java:73)
	at org.junit.platform.engine.support.hierarchical.NodeTestTask.lambda$executeRecursively$8(NodeTestTask.java:147)
	at org.junit.platform.engine.support.hierarchical.Node.around(Node.java:137)
	at org.junit.platform.engine.support.hierarchical.NodeTestTask.lambda$executeRecursively$9(NodeTestTask.java:145)
	at org.junit.platform.engine.support.hierarchical.ThrowableCollector.execute(ThrowableCollector.java:73)
	at org.junit.platform.engine.support.hierarchical.NodeTestTask.executeRecursively(NodeTestTask.java:144)
	at org.junit.platform.engine.support.hierarchical.NodeTestTask.execute(NodeTestTask.java:101)
	at java.base/java.util.ArrayList.forEach(ArrayList.java:1596)
	at org.junit.platform.engine.support.hierarchical.SameThreadHierarchicalTestExecutorService.invokeAll(SameThreadHierarchicalTestExecutorService.java:41)
	at org.junit.platform.engine.support.hierarchical.NodeTestTask.lambda$executeRecursively$6(NodeTestTask.java:161)
	at org.junit.platform.engine.support.hierarchical.ThrowableCollector.execute(ThrowableCollector.java:73)
	at org.junit.platform.engine.support.hierarchical.NodeTestTask.lambda$executeRecursively$8(NodeTestTask.java:147)
	at org.junit.platform.engine.support.hierarchical.Node.around(Node.java:137)
	at org.junit.platform.engine.support.hierarchical.NodeTestTask.lambda$executeRecursively$9(NodeTestTask.java:145)
	at org.junit.platform.engine.support.hierarchical.ThrowableCollector.execute(ThrowableCollector.java:73)
	at org.junit.platform.engine.support.hierarchical.NodeTestTask.executeRecursively(NodeTestTask.java:144)
	at org.junit.platform.engine.support.hierarchical.NodeTestTask.execute(NodeTestTask.java:101)
	at java.base/java.util.ArrayList.forEach(ArrayList.java:1596)
	at org.junit.platform.engine.support.hierarchical.SameThreadHierarchicalTestExecutorService.invokeAll(SameThreadHierarchicalTestExecutorService.java:41)
	at org.junit.platform.engine.support.hierarchical.NodeTestTask.lambda$executeRecursively$6(NodeTestTask.java:161)
	at org.junit.platform.engine.support.hierarchical.ThrowableCollector.execute(ThrowableCollector.java:73)
	at org.junit.platform.engine.support.hierarchical.NodeTestTask.lambda$executeRecursively$8(NodeTestTask.java:147)
	at org.junit.platform.engine.support.hierarchical.Node.around(Node.java:137)
	at org.junit.platform.engine.support.hierarchical.NodeTestTask.lambda$executeRecursively$9(NodeTestTask.java:145)
	at org.junit.platform.engine.support.hierarchical.ThrowableCollector.execute(ThrowableCollector.java:73)
	at org.junit.platform.engine.support.hierarchical.NodeTestTask.executeRecursively(NodeTestTask.java:144)
	at org.junit.platform.engine.support.hierarchical.NodeTestTask.execute(NodeTestTask.java:101)
	at org.junit.platform.engine.support.hierarchical.SameThreadHierarchicalTestExecutorService.submit(SameThreadHierarchicalTestExecutorService.java:35)
	at org.junit.platform.engine.support.hierarchical.HierarchicalTestExecutor.execute(HierarchicalTestExecutor.java:57)
	at org.junit.platform.engine.support.hierarchical.HierarchicalTestEngine.execute(HierarchicalTestEngine.java:54)
	at org.junit.platform.launcher.core.EngineExecutionOrchestrator.executeEngine(EngineExecutionOrchestrator.java:230)
	at org.junit.platform.launcher.core.EngineExecutionOrchestrator.failOrExecuteEngine(EngineExecutionOrchestrator.java:204)
	at org.junit.platform.launcher.core.EngineExecutionOrchestrator.execute(EngineExecutionOrchestrator.java:172)
	at org.junit.platform.launcher.core.EngineExecutionOrchestrator.execute(EngineExecutionOrchestrator.java:101)
	at org.junit.platform.launcher.core.EngineExecutionOrchestrator.lambda$execute$0(EngineExecutionOrchestrator.java:64)
	at org.junit.platform.launcher.core.EngineExecutionOrchestrator.withInterceptedStreams(EngineExecutionOrchestrator.java:150)
	at org.junit.platform.launcher.core.EngineExecutionOrchestrator.execute(EngineExecutionOrchestrator.java:63)
	at org.junit.platform.launcher.core.DefaultLauncher.execute(DefaultLauncher.java:109)
	at org.junit.platform.launcher.core.DefaultLauncher.execute(DefaultLauncher.java:91)
	at org.junit.platform.launcher.core.DelegatingLauncher.execute(DelegatingLauncher.java:47)
	at org.junit.platform.launcher.core.InterceptingLauncher.lambda$execute$1(InterceptingLauncher.java:39)
	at org.junit.platform.launcher.core.ClasspathAlignmentCheckingLauncherInterceptor.intercept(ClasspathAlignmentCheckingLauncherInterceptor.java:25)
	at org.junit.platform.launcher.core.InterceptingLauncher.execute(InterceptingLauncher.java:38)
	at org.junit.platform.launcher.core.DelegatingLauncher.execute(DelegatingLauncher.java:47)
	at org.apache.maven.surefire.junitplatform.LazyLauncher.execute(LazyLauncher.java:56)
	at org.apache.maven.surefire.junitplatform.JUnitPlatformProvider.execute(JUnitPlatformProvider.java:184)
	at org.apache.maven.surefire.junitplatform.JUnitPlatformProvider.invokeAllTests(JUnitPlatformProvider.java:148)
	at org.apache.maven.surefire.junitplatform.JUnitPlatformProvider.invoke(JUnitPlatformProvider.java:120)
	at org.apache.maven.surefire.booter.ForkedBooter.runSuitesInProcess(ForkedBooter.java:385)
	at org.apache.maven.surefire.booter.ForkedBooter.execute(ForkedBooter.java:162)
	at org.apache.maven.surefire.booter.ForkedBooter.run(ForkedBooter.java:507)
	at org.apache.maven.surefire.booter.ForkedBooter.main(ForkedBooter.java:495)
2025-10-18 02:34:47,305 [main] INFO  volume.HddsVolume (HddsVolume.java:<init>(162)) - HddsVolume: { id=DS-df660f59-4f9c-4062-b666-bc59e9175e5a dir=/tmp/junit-8456710246977177494/3ea493ba-6270-4768-9a80-c9e214404dce/hdds type=DISK capacity=9222449699674390527 used=0 available=9222449699674390527 minFree=184448985434423296 committed=0 }
2025-10-18 02:34:47,306 [main] INFO  volume.MutableVolumeSet (MutableVolumeSet.java:initializeVolumeSet(175)) - Added Volume : /tmp/junit-8456710246977177494/3ea493ba-6270-4768-9a80-c9e214404dce/hdds to VolumeSet
2025-10-18 02:34:47,308 [main] WARN  server.ServerUtils (ServerUtils.java:getDefaultRatisDirectory(304)) - Storage directory for Ratis is not configured. It is a good idea to map this to an SSD disk. Falling back to ozone.metadata.dirs
2025-10-18 02:34:47,309 [main] INFO  volume.MutableVolumeSet (MutableVolumeSet.java:initializeVolumeSet(175)) - Added Volume : /tmp/junit-8456710246977177494/ratis to VolumeSet
2025-10-18 02:34:47,311 [main] WARN  db.DBStoreBuilder (DBStoreBuilder.java:getDBDirPath(157)) - ozone.scm.datanode.id.dir is not configured. We recommend adding this setting. Falling back to ozone.metadata.dirs instead.
2025-10-18 02:34:47,313 [main] WARN  db.DBStoreBuilder (DBStoreBuilder.java:getDBDirPath(157)) - ozone.scm.datanode.id.dir is not configured. We recommend adding this setting. Falling back to ozone.metadata.dirs instead.
2025-10-18 02:34:47,327 [main] INFO  impl.FilePerChunkStrategy (FilePerChunkStrategy.java:<init>(79)) - ozone.chunk.read.mapped.buffer.max.count is load with 0
2025-10-18 02:34:47,328 [main] INFO  impl.FilePerBlockStrategy (FilePerBlockStrategy.java:<init>(88)) - ozone.chunk.read.mapped.buffer.max.count is load with 0
2025-10-18 02:34:47,331 [main] INFO  server.RaftServerConfigKeys (ConfUtils.java:logGet(62)) - raft.server.log.appender.buffer.byte-limit = 33554432 (custom)
2025-10-18 02:34:47,331 [main] WARN  server.ServerUtils (ServerUtils.java:getDefaultRatisDirectory(304)) - Storage directory for Ratis is not configured. It is a good idea to map this to an SSD disk. Falling back to ozone.metadata.dirs
2025-10-18 02:34:47,334 [main] INFO  grpc.GrpcConfigKeys (ConfUtils.java:logFallback(69)) - raft.grpc.admin.host = null (fallback to raft.grpc.server.host)
2025-10-18 02:34:47,334 [main] INFO  grpc.GrpcConfigKeys (ConfUtils.java:logFallback(69)) - raft.grpc.client.host = null (fallback to raft.grpc.server.host)
2025-10-18 02:34:47,335 [main] INFO  server.GrpcServicesImpl (ConfUtils.java:logGet(62)) - raft.grpc.message.size.max = 34603008 (custom)
2025-10-18 02:34:47,335 [main] INFO  server.GrpcServicesImpl (ConfUtils.java:logGet(62)) - raft.grpc.flow.control.window = 5MB (=5242880) (custom)
2025-10-18 02:34:47,335 [main] INFO  server.RaftServerConfigKeys (ConfUtils.java:logGet(62)) - raft.server.log.appender.buffer.byte-limit = 33554432 (custom)
2025-10-18 02:34:47,337 [main] INFO  netty.NettyUtils (NettyUtils.java:newEventLoopGroup(74)) - Create EpollEventLoopGroup for 02e36f75-e9c7-4a96-9b29-dbf186bda12a-NettyServerStreamRpc-bossGroup; Thread size is 0.
2025-10-18 02:34:47,338 [main] INFO  netty.NettyUtils (NettyUtils.java:newEventLoopGroup(74)) - Create EpollEventLoopGroup for 02e36f75-e9c7-4a96-9b29-dbf186bda12a-NettyServerStreamRpc-workerGroup; Thread size is 0.
2025-10-18 02:34:47,341 [02e36f75-e9c7-4a96-9b29-dbf186bda12a-impl-thread1] INFO  server.RaftServer (RaftServerProxy.java:initGroupDir(270)) - 02e36f75-e9c7-4a96-9b29-dbf186bda12a: found a subdirectory /tmp/junit-8456710246977177494/ratis/tmp
2025-10-18 02:34:47,341 [02e36f75-e9c7-4a96-9b29-dbf186bda12a-impl-thread1] INFO  server.RaftServer (RaftServerProxy.java:initGroupDir(275)) - 02e36f75-e9c7-4a96-9b29-dbf186bda12a: The directory /tmp/junit-8456710246977177494/ratis/tmp is not a group directory; ignoring it. 
2025-10-18 02:34:47,342 [02e36f75-e9c7-4a96-9b29-dbf186bda12a-NettyServerStreamRpc-bossGroup--thread1] INFO  logging.LoggingHandler (AbstractInternalLogger.java:log(148)) - [id: 0xfd708cd1] REGISTERED
2025-10-18 02:34:47,342 [02e36f75-e9c7-4a96-9b29-dbf186bda12a-NettyServerStreamRpc-bossGroup--thread1] INFO  logging.LoggingHandler (AbstractInternalLogger.java:log(148)) - [id: 0xfd708cd1] BIND: 0.0.0.0/0.0.0.0:0
2025-10-18 02:34:47,342 [02e36f75-e9c7-4a96-9b29-dbf186bda12a-NettyServerStreamRpc-bossGroup--thread1] INFO  logging.LoggingHandler (AbstractInternalLogger.java:log(148)) - [id: 0xfd708cd1, L:/0.0.0.0:35673] ACTIVE
2025-10-18 02:34:47,343 [main] INFO  replication.ReplicationServer (ReplicationServer.java:<init>(84)) - Initializing replication server with thread count = 10 queue length = 4096
2025-10-18 02:34:47,345 [main] INFO  server.XceiverServerGrpc (XceiverServerGrpc.java:<init>(129)) - GrpcServer channel type EpollServerSocketChannel
2025-10-18 02:34:47,348 [main] INFO  replication.ReplicationSupervisor (ReplicationSupervisor.java:build(169)) - Initializing replication supervisor with thread count = 10
2025-10-18 02:34:47,348 [main] INFO  replication.ReplicationSupervisor (ReplicationSupervisor.java:nodeStateUpdated(358)) - Node state updated to IN_SERVICE, scaling executor pool size to 10
2025-10-18 02:34:47,486 [02e36f75-e9c7-4a96-9b29-dbf186bda12a-ContainerReader-0] INFO  ozoneimpl.ContainerReader (ContainerReader.java:readVolume(147)) - Start to verify containers on volume /tmp/junit-8456710246977177494/3ea493ba-6270-4768-9a80-c9e214404dce/hdds
2025-10-18 02:34:47,487 [02e36f75-e9c7-4a96-9b29-dbf186bda12a-ContainerReader-0] INFO  ozoneimpl.ContainerReader (ContainerReader.java:readVolume(177)) - Finish verifying containers on volume /tmp/junit-8456710246977177494/3ea493ba-6270-4768-9a80-c9e214404dce/hdds
2025-10-18 02:34:47,495 [main] INFO  ozoneimpl.OzoneContainer (OzoneContainer.java:buildContainerSet(359)) - Build ContainerSet costs 0s
2025-10-18 02:34:47,497 [main] INFO  volume.ThrottledAsyncChecker (ThrottledAsyncChecker.java:schedule(138)) - Scheduling a check for /tmp/junit-8456710246977177494/3ea493ba-6270-4768-9a80-c9e214404dce/hdds
2025-10-18 02:34:47,508 [main] INFO  volume.StorageVolumeChecker (StorageVolumeChecker.java:checkAllVolumes(231)) - Scheduled health check for volume /tmp/junit-8456710246977177494/3ea493ba-6270-4768-9a80-c9e214404dce/hdds
2025-10-18 02:34:47,512 [main] INFO  volume.ThrottledAsyncChecker (ThrottledAsyncChecker.java:schedule(138)) - Scheduling a check for /tmp/junit-8456710246977177494/ratis
2025-10-18 02:34:47,513 [main] INFO  volume.StorageVolumeChecker (StorageVolumeChecker.java:checkAllVolumes(231)) - Scheduled health check for volume /tmp/junit-8456710246977177494/ratis
2025-10-18 02:34:47,515 [main] INFO  ozoneimpl.OzoneContainer (OzoneContainer.java:start(544)) - Attempting to start container services.
2025-10-18 02:34:47,521 [ContainerMetadataScanner] INFO  ozoneimpl.AbstractBackgroundContainerScanner (AbstractBackgroundContainerScanner.java:runIteration(89)) - Completed an iteration in 0 minutes. Number of iterations (since the data-node restart) : 1, Number of containers scanned in this iteration : 0, Number of unhealthy containers found in this iteration : 0
2025-10-18 02:34:47,524 [ContainerDataScanner(/tmp/junit-8456710246977177494/3ea493ba-6270-4768-9a80-c9e214404dce/hdds)] INFO  ozoneimpl.AbstractBackgroundContainerScanner (AbstractBackgroundContainerScanner.java:runIteration(89)) - Completed an iteration in 0 minutes. Number of iterations (since the data-node restart) : 1, Number of containers scanned in this iteration : 0, Number of unhealthy containers found in this iteration : 0
2025-10-18 02:34:47,528 [main] INFO  replication.ReplicationServer (ReplicationServer.java:start(137)) - ReplicationServer is started using port 9886
2025-10-18 02:34:47,529 [main] INFO  ratis.XceiverServerRatis (XceiverServerRatis.java:start(559)) - Starting XceiverServerRatis(02e36f75-e9c7-4a96-9b29-dbf186bda12a)
2025-10-18 02:34:47,541 [main] INFO  server.RaftServer (RaftServerProxy.java:startImpl(412)) - 02e36f75-e9c7-4a96-9b29-dbf186bda12a: start RPC server
2025-10-18 02:34:47,543 [main] INFO  server.GrpcServicesImpl (GrpcServicesImpl.java:startImpl(346)) - 02e36f75-e9c7-4a96-9b29-dbf186bda12a: GrpcServicesImpl started, listening on 9858
2025-10-18 02:34:47,545 [main] INFO  ratis.XceiverServerRatis (XceiverServerRatis.java:getRealPort(586)) - XceiverServerRatis(02e36f75-e9c7-4a96-9b29-dbf186bda12a) is started using port RATIS=9858
2025-10-18 02:34:47,545 [main] INFO  ratis.XceiverServerRatis (XceiverServerRatis.java:getRealPort(586)) - XceiverServerRatis(02e36f75-e9c7-4a96-9b29-dbf186bda12a) is started using port RATIS_ADMIN=9858
2025-10-18 02:34:47,546 [main] INFO  ratis.XceiverServerRatis (XceiverServerRatis.java:getRealPort(586)) - XceiverServerRatis(02e36f75-e9c7-4a96-9b29-dbf186bda12a) is started using port RATIS_SERVER=9858
2025-10-18 02:34:47,546 [main] INFO  ratis.XceiverServerRatis (XceiverServerRatis.java:getRealPort(586)) - XceiverServerRatis(02e36f75-e9c7-4a96-9b29-dbf186bda12a) is started using port RATIS_DATASTREAM=35673
2025-10-18 02:34:47,545 [JvmPauseMonitor0] INFO  util.JvmPauseMonitor (JvmPauseMonitor.java:run(146)) - JvmPauseMonitor-02e36f75-e9c7-4a96-9b29-dbf186bda12a: Started
2025-10-18 02:34:47,548 [main] INFO  utils.BackgroundService (BackgroundService.java:start(119)) - Starting service BlockDeletingService with interval 60000 milliseconds
2025-10-18 02:34:47,549 [main] INFO  utils.BackgroundService (BackgroundService.java:start(119)) - Starting service StaleRecoveringContainerScrubbingService with interval 60000 milliseconds
2025-10-18 02:34:47,808 [main] INFO  keyvalue.KeyValueContainer (KeyValueContainer.java:flushAndSyncDB(514)) - Synced container: KeyValueContainerData #1410041228 (CLOSING, non-empty, ri=0, origin=[dn_02e36f75-e9c7-4a96-9b29-dbf186bda12a, pipeline_])
2025-10-18 02:34:47,809 [main] INFO  keyvalue.KeyValueContainer (KeyValueContainer.java:flushAndSyncDB(514)) - Synced container: KeyValueContainerData #1410041228 (CLOSING, non-empty, ri=0, origin=[dn_02e36f75-e9c7-4a96-9b29-dbf186bda12a, pipeline_])
2025-10-18 02:34:47,816 [main] INFO  keyvalue.KeyValueContainer (KeyValueContainer.java:close(430)) - Closed container: KeyValueContainerData #1410041228 (CLOSED, non-empty, ri=0, origin=[dn_02e36f75-e9c7-4a96-9b29-dbf186bda12a, pipeline_])
2025-10-18 02:34:47,974 [main] INFO  upgrade.UpgradeFinalizer (BasicUpgradeFinalizer.java:logAndEmit(395)) - Finalization started.
2025-10-18 02:34:47,976 [main] INFO  upgrade.UpgradeFinalizer (BasicUpgradeFinalizer.java:runFinalizationAction(270)) - Running finalization actions for layout feature: DATANODE_SCHEMA_V3
2025-10-18 02:34:47,976 [main] INFO  upgrade.DatanodeSchemaV3FinalizeAction (DatanodeSchemaV3FinalizeAction.java:execute(49)) - Upgrading Datanode volume layout for Schema V3 support.
2025-10-18 02:34:47,979 [main] ERROR upgrade.UpgradeFinalizer (BasicUpgradeFinalizer.java:logAndThrow(413)) - Error during finalization of DATANODE_SCHEMA_V3.
java.io.IOException: Failed to init DB
	at org.apache.hadoop.ozone.container.common.volume.HddsVolume.createDbStore(HddsVolume.java:538)
	at org.apache.hadoop.ozone.container.upgrade.DatanodeSchemaV3FinalizeAction.execute(DatanodeSchemaV3FinalizeAction.java:67)
	at org.apache.hadoop.ozone.container.upgrade.DatanodeSchemaV3FinalizeAction.execute(DatanodeSchemaV3FinalizeAction.java:39)
	at org.apache.hadoop.ozone.upgrade.BasicUpgradeFinalizer.runFinalizationAction(BasicUpgradeFinalizer.java:272)
	at org.apache.hadoop.ozone.upgrade.BasicUpgradeFinalizer.finalizeLayoutFeature(BasicUpgradeFinalizer.java:259)
	at org.apache.hadoop.ozone.container.upgrade.DataNodeUpgradeFinalizer.finalizeLayoutFeature(DataNodeUpgradeFinalizer.java:84)
	at org.apache.hadoop.ozone.container.upgrade.DataNodeUpgradeFinalizer.finalizeLayoutFeature(DataNodeUpgradeFinalizer.java:38)
	at org.apache.hadoop.ozone.upgrade.DefaultUpgradeFinalizationExecutor.finalizeFeatures(DefaultUpgradeFinalizationExecutor.java:70)
	at org.apache.hadoop.ozone.upgrade.DefaultUpgradeFinalizationExecutor.execute(DefaultUpgradeFinalizationExecutor.java:47)
	at org.apache.hadoop.ozone.upgrade.BasicUpgradeFinalizer.finalize(BasicUpgradeFinalizer.java:104)
	at org.apache.hadoop.ozone.container.common.statemachine.DatanodeStateMachine.finalizeUpgrade(DatanodeStateMachine.java:755)
	at org.apache.hadoop.ozone.container.upgrade.TestDatanodeUpgradeToSchemaV3.testFinalizeFailure(TestDatanodeUpgradeToSchemaV3.java:563)
	at java.base/jdk.internal.reflect.DirectMethodHandleAccessor.invoke(DirectMethodHandleAccessor.java:103)
	at java.base/java.lang.reflect.Method.invoke(Method.java:580)
	at org.junit.platform.commons.util.ReflectionUtils.invokeMethod(ReflectionUtils.java:786)
	at org.junit.platform.commons.support.ReflectionSupport.invokeMethod(ReflectionSupport.java:514)
	at org.junit.jupiter.engine.execution.MethodInvocation.proceed(MethodInvocation.java:60)
	at org.junit.jupiter.engine.execution.InvocationInterceptorChain$ValidatingInvocation.proceed(InvocationInterceptorChain.java:131)
	at org.junit.jupiter.engine.extension.SameThreadTimeoutInvocation.proceed(SameThreadTimeoutInvocation.java:49)
	at org.junit.jupiter.engine.extension.TimeoutExtension.intercept(TimeoutExtension.java:161)
	at org.junit.jupiter.engine.extension.TimeoutExtension.interceptTestableMethod(TimeoutExtension.java:152)
	at org.junit.jupiter.engine.extension.TimeoutExtension.interceptTestTemplateMethod(TimeoutExtension.java:99)
	at org.junit.jupiter.engine.execution.InterceptingExecutableInvoker$ReflectiveInterceptorCall.lambda$ofVoidMethod$0(InterceptingExecutableInvoker.java:112)
	at org.junit.jupiter.engine.execution.InterceptingExecutableInvoker.lambda$invoke$0(InterceptingExecutableInvoker.java:94)
	at org.junit.jupiter.engine.execution.InvocationInterceptorChain$InterceptedInvocation.proceed(InvocationInterceptorChain.java:106)
	at org.junit.jupiter.engine.execution.InvocationInterceptorChain.proceed(InvocationInterceptorChain.java:64)
	at org.junit.jupiter.engine.execution.InvocationInterceptorChain.chainAndInvoke(InvocationInterceptorChain.java:45)
	at org.junit.jupiter.engine.execution.InvocationInterceptorChain.invoke(InvocationInterceptorChain.java:37)
	at org.junit.jupiter.engine.execution.InterceptingExecutableInvoker.invoke(InterceptingExecutableInvoker.java:93)
	at org.junit.jupiter.engine.execution.InterceptingExecutableInvoker.invoke(InterceptingExecutableInvoker.java:87)
	at org.junit.jupiter.engine.descriptor.TestMethodTestDescriptor.lambda$invokeTestMethod$4(TestMethodTestDescriptor.java:221)
	at org.junit.platform.engine.support.hierarchical.ThrowableCollector.execute(ThrowableCollector.java:73)
	at org.junit.jupiter.engine.descriptor.TestMethodTestDescriptor.invokeTestMethod(TestMethodTestDescriptor.java:217)
	at org.junit.jupiter.engine.descriptor.TestMethodTestDescriptor.execute(TestMethodTestDescriptor.java:159)
	at org.junit.jupiter.engine.descriptor.TestMethodTestDescriptor.execute(TestMethodTestDescriptor.java:70)
	at org.junit.platform.engine.support.hierarchical.NodeTestTask.lambda$executeRecursively$6(NodeTestTask.java:157)
	at org.junit.platform.engine.support.hierarchical.ThrowableCollector.execute(ThrowableCollector.java:73)
	at org.junit.platform.engine.support.hierarchical.NodeTestTask.lambda$executeRecursively$8(NodeTestTask.java:147)
	at org.junit.platform.engine.support.hierarchical.Node.around(Node.java:137)
	at org.junit.platform.engine.support.hierarchical.NodeTestTask.lambda$executeRecursively$9(NodeTestTask.java:145)
	at org.junit.platform.engine.support.hierarchical.ThrowableCollector.execute(ThrowableCollector.java:73)
	at org.junit.platform.engine.support.hierarchical.NodeTestTask.executeRecursively(NodeTestTask.java:144)
	at org.junit.platform.engine.support.hierarchical.NodeTestTask.execute(NodeTestTask.java:101)
	at org.junit.platform.engine.support.hierarchical.SameThreadHierarchicalTestExecutorService.submit(SameThreadHierarchicalTestExecutorService.java:35)
	at org.junit.platform.engine.support.hierarchical.NodeTestTask$DefaultDynamicTestExecutor.execute(NodeTestTask.java:232)
	at org.junit.platform.engine.support.hierarchical.NodeTestTask$DefaultDynamicTestExecutor.execute(NodeTestTask.java:210)
	at org.junit.jupiter.engine.descriptor.TemplateExecutor.execute(TemplateExecutor.java:98)
	at org.junit.jupiter.engine.descriptor.TemplateExecutor.lambda$executeForProvider$0(TemplateExecutor.java:61)
	at java.base/java.util.Optional.ifPresent(Optional.java:178)
	at org.junit.jupiter.engine.descriptor.TemplateExecutor.lambda$executeForProvider$1(TemplateExecutor.java:61)
	at java.base/java.util.stream.ForEachOps$ForEachOp$OfRef.accept(ForEachOps.java:184)
	at java.base/java.util.stream.ReferencePipeline$3$1.accept(ReferencePipeline.java:197)
	at java.base/java.util.stream.ForEachOps$ForEachOp$OfRef.accept(ForEachOps.java:184)
	at java.base/java.util.stream.ForEachOps$ForEachOp$OfRef.accept(ForEachOps.java:184)
	at java.base/java.util.stream.ReferencePipeline$3$1.accept(ReferencePipeline.java:197)
	at java.base/java.util.Spliterators$ArraySpliterator.forEachRemaining(Spliterators.java:1024)
	at java.base/java.util.stream.AbstractPipeline.copyInto(AbstractPipeline.java:509)
	at java.base/java.util.stream.AbstractPipeline.wrapAndCopyInto(AbstractPipeline.java:499)
	at java.base/java.util.stream.ForEachOps$ForEachOp.evaluateSequential(ForEachOps.java:151)
	at java.base/java.util.stream.ForEachOps$ForEachOp$OfRef.evaluateSequential(ForEachOps.java:174)
	at java.base/java.util.stream.AbstractPipeline.evaluate(AbstractPipeline.java:234)
	at java.base/java.util.stream.ReferencePipeline.forEach(ReferencePipeline.java:596)
	at java.base/java.util.stream.ReferencePipeline$7$1.accept(ReferencePipeline.java:276)
	at java.base/java.util.ArrayList$ArrayListSpliterator.forEachRemaining(ArrayList.java:1708)
	at java.base/java.util.stream.AbstractPipeline.copyInto(AbstractPipeline.java:509)
	at java.base/java.util.stream.AbstractPipeline.wrapAndCopyInto(AbstractPipeline.java:499)
	at java.base/java.util.stream.ForEachOps$ForEachOp.evaluateSequential(ForEachOps.java:151)
	at java.base/java.util.stream.ForEachOps$ForEachOp$OfRef.evaluateSequential(ForEachOps.java:174)
	at java.base/java.util.stream.AbstractPipeline.evaluate(AbstractPipeline.java:234)
	at java.base/java.util.stream.ReferencePipeline.forEach(ReferencePipeline.java:596)
	at java.base/java.util.stream.ReferencePipeline$7$1.accept(ReferencePipeline.java:276)
	at java.base/java.util.stream.ReferencePipeline$3$1.accept(ReferencePipeline.java:197)
	at java.base/java.util.stream.ReferencePipeline$3$1.accept(ReferencePipeline.java:197)
	at java.base/java.util.stream.ReferencePipeline$3$1.accept(ReferencePipeline.java:197)
	at java.base/java.util.ArrayList$ArrayListSpliterator.forEachRemaining(ArrayList.java:1708)
	at java.base/java.util.stream.AbstractPipeline.copyInto(AbstractPipeline.java:509)
	at java.base/java.util.stream.AbstractPipeline.wrapAndCopyInto(AbstractPipeline.java:499)
	at java.base/java.util.stream.ForEachOps$ForEachOp.evaluateSequential(ForEachOps.java:151)
	at java.base/java.util.stream.ForEachOps$ForEachOp$OfRef.evaluateSequential(ForEachOps.java:174)
	at java.base/java.util.stream.AbstractPipeline.evaluate(AbstractPipeline.java:234)
	at java.base/java.util.stream.ReferencePipeline.forEach(ReferencePipeline.java:596)
	at org.junit.jupiter.engine.descriptor.TemplateExecutor.executeForProvider(TemplateExecutor.java:59)
	at org.junit.jupiter.engine.descriptor.TemplateExecutor.execute(TemplateExecutor.java:48)
	at org.junit.jupiter.engine.descriptor.TestTemplateTestDescriptor.execute(TestTemplateTestDescriptor.java:112)
	at org.junit.jupiter.engine.descriptor.TestTemplateTestDescriptor.execute(TestTemplateTestDescriptor.java:40)
	at org.junit.platform.engine.support.hierarchical.NodeTestTask.lambda$executeRecursively$6(NodeTestTask.java:157)
	at org.junit.platform.engine.support.hierarchical.ThrowableCollector.execute(ThrowableCollector.java:73)
	at org.junit.platform.engine.support.hierarchical.NodeTestTask.lambda$executeRecursively$8(NodeTestTask.java:147)
	at org.junit.platform.engine.support.hierarchical.Node.around(Node.java:137)
	at org.junit.platform.engine.support.hierarchical.NodeTestTask.lambda$executeRecursively$9(NodeTestTask.java:145)
	at org.junit.platform.engine.support.hierarchical.ThrowableCollector.execute(ThrowableCollector.java:73)
	at org.junit.platform.engine.support.hierarchical.NodeTestTask.executeRecursively(NodeTestTask.java:144)
	at org.junit.platform.engine.support.hierarchical.NodeTestTask.execute(NodeTestTask.java:101)
	at java.base/java.util.ArrayList.forEach(ArrayList.java:1596)
	at org.junit.platform.engine.support.hierarchical.SameThreadHierarchicalTestExecutorService.invokeAll(SameThreadHierarchicalTestExecutorService.java:41)
	at org.junit.platform.engine.support.hierarchical.NodeTestTask.lambda$executeRecursively$6(NodeTestTask.java:161)
	at org.junit.platform.engine.support.hierarchical.ThrowableCollector.execute(ThrowableCollector.java:73)
	at org.junit.platform.engine.support.hierarchical.NodeTestTask.lambda$executeRecursively$8(NodeTestTask.java:147)
	at org.junit.platform.engine.support.hierarchical.Node.around(Node.java:137)
	at org.junit.platform.engine.support.hierarchical.NodeTestTask.lambda$executeRecursively$9(NodeTestTask.java:145)
	at org.junit.platform.engine.support.hierarchical.ThrowableCollector.execute(ThrowableCollector.java:73)
	at org.junit.platform.engine.support.hierarchical.NodeTestTask.executeRecursively(NodeTestTask.java:144)
	at org.junit.platform.engine.support.hierarchical.NodeTestTask.execute(NodeTestTask.java:101)
	at java.base/java.util.ArrayList.forEach(ArrayList.java:1596)
	at org.junit.platform.engine.support.hierarchical.SameThreadHierarchicalTestExecutorService.invokeAll(SameThreadHierarchicalTestExecutorService.java:41)
	at org.junit.platform.engine.support.hierarchical.NodeTestTask.lambda$executeRecursively$6(NodeTestTask.java:161)
	at org.junit.platform.engine.support.hierarchical.ThrowableCollector.execute(ThrowableCollector.java:73)
	at org.junit.platform.engine.support.hierarchical.NodeTestTask.lambda$executeRecursively$8(NodeTestTask.java:147)
	at org.junit.platform.engine.support.hierarchical.Node.around(Node.java:137)
	at org.junit.platform.engine.support.hierarchical.NodeTestTask.lambda$executeRecursively$9(NodeTestTask.java:145)
	at org.junit.platform.engine.support.hierarchical.ThrowableCollector.execute(ThrowableCollector.java:73)
	at org.junit.platform.engine.support.hierarchical.NodeTestTask.executeRecursively(NodeTestTask.java:144)
	at org.junit.platform.engine.support.hierarchical.NodeTestTask.execute(NodeTestTask.java:101)
	at org.junit.platform.engine.support.hierarchical.SameThreadHierarchicalTestExecutorService.submit(SameThreadHierarchicalTestExecutorService.java:35)
	at org.junit.platform.engine.support.hierarchical.HierarchicalTestExecutor.execute(HierarchicalTestExecutor.java:57)
	at org.junit.platform.engine.support.hierarchical.HierarchicalTestEngine.execute(HierarchicalTestEngine.java:54)
	at org.junit.platform.launcher.core.EngineExecutionOrchestrator.executeEngine(EngineExecutionOrchestrator.java:230)
	at org.junit.platform.launcher.core.EngineExecutionOrchestrator.failOrExecuteEngine(EngineExecutionOrchestrator.java:204)
	at org.junit.platform.launcher.core.EngineExecutionOrchestrator.execute(EngineExecutionOrchestrator.java:172)
	at org.junit.platform.launcher.core.EngineExecutionOrchestrator.execute(EngineExecutionOrchestrator.java:101)
	at org.junit.platform.launcher.core.EngineExecutionOrchestrator.lambda$execute$0(EngineExecutionOrchestrator.java:64)
	at org.junit.platform.launcher.core.EngineExecutionOrchestrator.withInterceptedStreams(EngineExecutionOrchestrator.java:150)
	at org.junit.platform.launcher.core.EngineExecutionOrchestrator.execute(EngineExecutionOrchestrator.java:63)
	at org.junit.platform.launcher.core.DefaultLauncher.execute(DefaultLauncher.java:109)
	at org.junit.platform.launcher.core.DefaultLauncher.execute(DefaultLauncher.java:91)
	at org.junit.platform.launcher.core.DelegatingLauncher.execute(DelegatingLauncher.java:47)
	at org.junit.platform.launcher.core.InterceptingLauncher.lambda$execute$1(InterceptingLauncher.java:39)
	at org.junit.platform.launcher.core.ClasspathAlignmentCheckingLauncherInterceptor.intercept(ClasspathAlignmentCheckingLauncherInterceptor.java:25)
	at org.junit.platform.launcher.core.InterceptingLauncher.execute(InterceptingLauncher.java:38)
	at org.junit.platform.launcher.core.DelegatingLauncher.execute(DelegatingLauncher.java:47)
	at org.apache.maven.surefire.junitplatform.LazyLauncher.execute(LazyLauncher.java:56)
	at org.apache.maven.surefire.junitplatform.JUnitPlatformProvider.execute(JUnitPlatformProvider.java:184)
	at org.apache.maven.surefire.junitplatform.JUnitPlatformProvider.invokeAllTests(JUnitPlatformProvider.java:148)
	at org.apache.maven.surefire.junitplatform.JUnitPlatformProvider.invoke(JUnitPlatformProvider.java:120)
	at org.apache.maven.surefire.booter.ForkedBooter.runSuitesInProcess(ForkedBooter.java:385)
	at org.apache.maven.surefire.booter.ForkedBooter.execute(ForkedBooter.java:162)
	at org.apache.maven.surefire.booter.ForkedBooter.run(ForkedBooter.java:507)
	at org.apache.maven.surefire.booter.ForkedBooter.main(ForkedBooter.java:495)
2025-10-18 02:34:47,981 [main] WARN  upgrade.DefaultUpgradeFinalizationExecutor (DefaultUpgradeFinalizationExecutor.java:execute(54)) - Upgrade Finalization failed with following Exception. 
LAYOUT_FEATURE_FINALIZATION_FAILED org.apache.hadoop.ozone.upgrade.UpgradeException: Error during finalization of DATANODE_SCHEMA_V3.
	at org.apache.hadoop.ozone.upgrade.BasicUpgradeFinalizer.logAndThrow(BasicUpgradeFinalizer.java:414)
	at org.apache.hadoop.ozone.upgrade.BasicUpgradeFinalizer.logFinalizationFailureAndThrow(BasicUpgradeFinalizer.java:402)
	at org.apache.hadoop.ozone.upgrade.BasicUpgradeFinalizer.runFinalizationAction(BasicUpgradeFinalizer.java:274)
	at org.apache.hadoop.ozone.upgrade.BasicUpgradeFinalizer.finalizeLayoutFeature(BasicUpgradeFinalizer.java:259)
	at org.apache.hadoop.ozone.container.upgrade.DataNodeUpgradeFinalizer.finalizeLayoutFeature(DataNodeUpgradeFinalizer.java:84)
	at org.apache.hadoop.ozone.container.upgrade.DataNodeUpgradeFinalizer.finalizeLayoutFeature(DataNodeUpgradeFinalizer.java:38)
	at org.apache.hadoop.ozone.upgrade.DefaultUpgradeFinalizationExecutor.finalizeFeatures(DefaultUpgradeFinalizationExecutor.java:70)
	at org.apache.hadoop.ozone.upgrade.DefaultUpgradeFinalizationExecutor.execute(DefaultUpgradeFinalizationExecutor.java:47)
	at org.apache.hadoop.ozone.upgrade.BasicUpgradeFinalizer.finalize(BasicUpgradeFinalizer.java:104)
	at org.apache.hadoop.ozone.container.common.statemachine.DatanodeStateMachine.finalizeUpgrade(DatanodeStateMachine.java:755)
	at org.apache.hadoop.ozone.container.upgrade.TestDatanodeUpgradeToSchemaV3.testFinalizeFailure(TestDatanodeUpgradeToSchemaV3.java:563)
	at java.base/jdk.internal.reflect.DirectMethodHandleAccessor.invoke(DirectMethodHandleAccessor.java:103)
	at java.base/java.lang.reflect.Method.invoke(Method.java:580)
	at org.junit.platform.commons.util.ReflectionUtils.invokeMethod(ReflectionUtils.java:786)
	at org.junit.platform.commons.support.ReflectionSupport.invokeMethod(ReflectionSupport.java:514)
	at org.junit.jupiter.engine.execution.MethodInvocation.proceed(MethodInvocation.java:60)
	at org.junit.jupiter.engine.execution.InvocationInterceptorChain$ValidatingInvocation.proceed(InvocationInterceptorChain.java:131)
	at org.junit.jupiter.engine.extension.SameThreadTimeoutInvocation.proceed(SameThreadTimeoutInvocation.java:49)
	at org.junit.jupiter.engine.extension.TimeoutExtension.intercept(TimeoutExtension.java:161)
	at org.junit.jupiter.engine.extension.TimeoutExtension.interceptTestableMethod(TimeoutExtension.java:152)
	at org.junit.jupiter.engine.extension.TimeoutExtension.interceptTestTemplateMethod(TimeoutExtension.java:99)
	at org.junit.jupiter.engine.execution.InterceptingExecutableInvoker$ReflectiveInterceptorCall.lambda$ofVoidMethod$0(InterceptingExecutableInvoker.java:112)
	at org.junit.jupiter.engine.execution.InterceptingExecutableInvoker.lambda$invoke$0(InterceptingExecutableInvoker.java:94)
	at org.junit.jupiter.engine.execution.InvocationInterceptorChain$InterceptedInvocation.proceed(InvocationInterceptorChain.java:106)
	at org.junit.jupiter.engine.execution.InvocationInterceptorChain.proceed(InvocationInterceptorChain.java:64)
	at org.junit.jupiter.engine.execution.InvocationInterceptorChain.chainAndInvoke(InvocationInterceptorChain.java:45)
	at org.junit.jupiter.engine.execution.InvocationInterceptorChain.invoke(InvocationInterceptorChain.java:37)
	at org.junit.jupiter.engine.execution.InterceptingExecutableInvoker.invoke(InterceptingExecutableInvoker.java:93)
	at org.junit.jupiter.engine.execution.InterceptingExecutableInvoker.invoke(InterceptingExecutableInvoker.java:87)
	at org.junit.jupiter.engine.descriptor.TestMethodTestDescriptor.lambda$invokeTestMethod$4(TestMethodTestDescriptor.java:221)
	at org.junit.platform.engine.support.hierarchical.ThrowableCollector.execute(ThrowableCollector.java:73)
	at org.junit.jupiter.engine.descriptor.TestMethodTestDescriptor.invokeTestMethod(TestMethodTestDescriptor.java:217)
	at org.junit.jupiter.engine.descriptor.TestMethodTestDescriptor.execute(TestMethodTestDescriptor.java:159)
	at org.junit.jupiter.engine.descriptor.TestMethodTestDescriptor.execute(TestMethodTestDescriptor.java:70)
	at org.junit.platform.engine.support.hierarchical.NodeTestTask.lambda$executeRecursively$6(NodeTestTask.java:157)
	at org.junit.platform.engine.support.hierarchical.ThrowableCollector.execute(ThrowableCollector.java:73)
	at org.junit.platform.engine.support.hierarchical.NodeTestTask.lambda$executeRecursively$8(NodeTestTask.java:147)
	at org.junit.platform.engine.support.hierarchical.Node.around(Node.java:137)
	at org.junit.platform.engine.support.hierarchical.NodeTestTask.lambda$executeRecursively$9(NodeTestTask.java:145)
	at org.junit.platform.engine.support.hierarchical.ThrowableCollector.execute(ThrowableCollector.java:73)
	at org.junit.platform.engine.support.hierarchical.NodeTestTask.executeRecursively(NodeTestTask.java:144)
	at org.junit.platform.engine.support.hierarchical.NodeTestTask.execute(NodeTestTask.java:101)
	at org.junit.platform.engine.support.hierarchical.SameThreadHierarchicalTestExecutorService.submit(SameThreadHierarchicalTestExecutorService.java:35)
	at org.junit.platform.engine.support.hierarchical.NodeTestTask$DefaultDynamicTestExecutor.execute(NodeTestTask.java:232)
	at org.junit.platform.engine.support.hierarchical.NodeTestTask$DefaultDynamicTestExecutor.execute(NodeTestTask.java:210)
	at org.junit.jupiter.engine.descriptor.TemplateExecutor.execute(TemplateExecutor.java:98)
	at org.junit.jupiter.engine.descriptor.TemplateExecutor.lambda$executeForProvider$0(TemplateExecutor.java:61)
	at java.base/java.util.Optional.ifPresent(Optional.java:178)
	at org.junit.jupiter.engine.descriptor.TemplateExecutor.lambda$executeForProvider$1(TemplateExecutor.java:61)
	at java.base/java.util.stream.ForEachOps$ForEachOp$OfRef.accept(ForEachOps.java:184)
	at java.base/java.util.stream.ReferencePipeline$3$1.accept(ReferencePipeline.java:197)
	at java.base/java.util.stream.ForEachOps$ForEachOp$OfRef.accept(ForEachOps.java:184)
	at java.base/java.util.stream.ForEachOps$ForEachOp$OfRef.accept(ForEachOps.java:184)
	at java.base/java.util.stream.ReferencePipeline$3$1.accept(ReferencePipeline.java:197)
	at java.base/java.util.Spliterators$ArraySpliterator.forEachRemaining(Spliterators.java:1024)
	at java.base/java.util.stream.AbstractPipeline.copyInto(AbstractPipeline.java:509)
	at java.base/java.util.stream.AbstractPipeline.wrapAndCopyInto(AbstractPipeline.java:499)
	at java.base/java.util.stream.ForEachOps$ForEachOp.evaluateSequential(ForEachOps.java:151)
	at java.base/java.util.stream.ForEachOps$ForEachOp$OfRef.evaluateSequential(ForEachOps.java:174)
	at java.base/java.util.stream.AbstractPipeline.evaluate(AbstractPipeline.java:234)
	at java.base/java.util.stream.ReferencePipeline.forEach(ReferencePipeline.java:596)
	at java.base/java.util.stream.ReferencePipeline$7$1.accept(ReferencePipeline.java:276)
	at java.base/java.util.ArrayList$ArrayListSpliterator.forEachRemaining(ArrayList.java:1708)
	at java.base/java.util.stream.AbstractPipeline.copyInto(AbstractPipeline.java:509)
	at java.base/java.util.stream.AbstractPipeline.wrapAndCopyInto(AbstractPipeline.java:499)
	at java.base/java.util.stream.ForEachOps$ForEachOp.evaluateSequential(ForEachOps.java:151)
	at java.base/java.util.stream.ForEachOps$ForEachOp$OfRef.evaluateSequential(ForEachOps.java:174)
	at java.base/java.util.stream.AbstractPipeline.evaluate(AbstractPipeline.java:234)
	at java.base/java.util.stream.ReferencePipeline.forEach(ReferencePipeline.java:596)
	at java.base/java.util.stream.ReferencePipeline$7$1.accept(ReferencePipeline.java:276)
	at java.base/java.util.stream.ReferencePipeline$3$1.accept(ReferencePipeline.java:197)
	at java.base/java.util.stream.ReferencePipeline$3$1.accept(ReferencePipeline.java:197)
	at java.base/java.util.stream.ReferencePipeline$3$1.accept(ReferencePipeline.java:197)
	at java.base/java.util.ArrayList$ArrayListSpliterator.forEachRemaining(ArrayList.java:1708)
	at java.base/java.util.stream.AbstractPipeline.copyInto(AbstractPipeline.java:509)
	at java.base/java.util.stream.AbstractPipeline.wrapAndCopyInto(AbstractPipeline.java:499)
	at java.base/java.util.stream.ForEachOps$ForEachOp.evaluateSequential(ForEachOps.java:151)
	at java.base/java.util.stream.ForEachOps$ForEachOp$OfRef.evaluateSequential(ForEachOps.java:174)
	at java.base/java.util.stream.AbstractPipeline.evaluate(AbstractPipeline.java:234)
	at java.base/java.util.stream.ReferencePipeline.forEach(ReferencePipeline.java:596)
	at org.junit.jupiter.engine.descriptor.TemplateExecutor.executeForProvider(TemplateExecutor.java:59)
	at org.junit.jupiter.engine.descriptor.TemplateExecutor.execute(TemplateExecutor.java:48)
	at org.junit.jupiter.engine.descriptor.TestTemplateTestDescriptor.execute(TestTemplateTestDescriptor.java:112)
	at org.junit.jupiter.engine.descriptor.TestTemplateTestDescriptor.execute(TestTemplateTestDescriptor.java:40)
	at org.junit.platform.engine.support.hierarchical.NodeTestTask.lambda$executeRecursively$6(NodeTestTask.java:157)
	at org.junit.platform.engine.support.hierarchical.ThrowableCollector.execute(ThrowableCollector.java:73)
	at org.junit.platform.engine.support.hierarchical.NodeTestTask.lambda$executeRecursively$8(NodeTestTask.java:147)
	at org.junit.platform.engine.support.hierarchical.Node.around(Node.java:137)
	at org.junit.platform.engine.support.hierarchical.NodeTestTask.lambda$executeRecursively$9(NodeTestTask.java:145)
	at org.junit.platform.engine.support.hierarchical.ThrowableCollector.execute(ThrowableCollector.java:73)
	at org.junit.platform.engine.support.hierarchical.NodeTestTask.executeRecursively(NodeTestTask.java:144)
	at org.junit.platform.engine.support.hierarchical.NodeTestTask.execute(NodeTestTask.java:101)
	at java.base/java.util.ArrayList.forEach(ArrayList.java:1596)
	at org.junit.platform.engine.support.hierarchical.SameThreadHierarchicalTestExecutorService.invokeAll(SameThreadHierarchicalTestExecutorService.java:41)
	at org.junit.platform.engine.support.hierarchical.NodeTestTask.lambda$executeRecursively$6(NodeTestTask.java:161)
	at org.junit.platform.engine.support.hierarchical.ThrowableCollector.execute(ThrowableCollector.java:73)
	at org.junit.platform.engine.support.hierarchical.NodeTestTask.lambda$executeRecursively$8(NodeTestTask.java:147)
	at org.junit.platform.engine.support.hierarchical.Node.around(Node.java:137)
	at org.junit.platform.engine.support.hierarchical.NodeTestTask.lambda$executeRecursively$9(NodeTestTask.java:145)
	at org.junit.platform.engine.support.hierarchical.ThrowableCollector.execute(ThrowableCollector.java:73)
	at org.junit.platform.engine.support.hierarchical.NodeTestTask.executeRecursively(NodeTestTask.java:144)
	at org.junit.platform.engine.support.hierarchical.NodeTestTask.execute(NodeTestTask.java:101)
	at java.base/java.util.ArrayList.forEach(ArrayList.java:1596)
	at org.junit.platform.engine.support.hierarchical.SameThreadHierarchicalTestExecutorService.invokeAll(SameThreadHierarchicalTestExecutorService.java:41)
	at org.junit.platform.engine.support.hierarchical.NodeTestTask.lambda$executeRecursively$6(NodeTestTask.java:161)
	at org.junit.platform.engine.support.hierarchical.ThrowableCollector.execute(ThrowableCollector.java:73)
	at org.junit.platform.engine.support.hierarchical.NodeTestTask.lambda$executeRecursively$8(NodeTestTask.java:147)
	at org.junit.platform.engine.support.hierarchical.Node.around(Node.java:137)
	at org.junit.platform.engine.support.hierarchical.NodeTestTask.lambda$executeRecursively$9(NodeTestTask.java:145)
	at org.junit.platform.engine.support.hierarchical.ThrowableCollector.execute(ThrowableCollector.java:73)
	at org.junit.platform.engine.support.hierarchical.NodeTestTask.executeRecursively(NodeTestTask.java:144)
	at org.junit.platform.engine.support.hierarchical.NodeTestTask.execute(NodeTestTask.java:101)
	at org.junit.platform.engine.support.hierarchical.SameThreadHierarchicalTestExecutorService.submit(SameThreadHierarchicalTestExecutorService.java:35)
	at org.junit.platform.engine.support.hierarchical.HierarchicalTestExecutor.execute(HierarchicalTestExecutor.java:57)
	at org.junit.platform.engine.support.hierarchical.HierarchicalTestEngine.execute(HierarchicalTestEngine.java:54)
	at org.junit.platform.launcher.core.EngineExecutionOrchestrator.executeEngine(EngineExecutionOrchestrator.java:230)
	at org.junit.platform.launcher.core.EngineExecutionOrchestrator.failOrExecuteEngine(EngineExecutionOrchestrator.java:204)
	at org.junit.platform.launcher.core.EngineExecutionOrchestrator.execute(EngineExecutionOrchestrator.java:172)
	at org.junit.platform.launcher.core.EngineExecutionOrchestrator.execute(EngineExecutionOrchestrator.java:101)
	at org.junit.platform.launcher.core.EngineExecutionOrchestrator.lambda$execute$0(EngineExecutionOrchestrator.java:64)
	at org.junit.platform.launcher.core.EngineExecutionOrchestrator.withInterceptedStreams(EngineExecutionOrchestrator.java:150)
	at org.junit.platform.launcher.core.EngineExecutionOrchestrator.execute(EngineExecutionOrchestrator.java:63)
	at org.junit.platform.launcher.core.DefaultLauncher.execute(DefaultLauncher.java:109)
	at org.junit.platform.launcher.core.DefaultLauncher.execute(DefaultLauncher.java:91)
	at org.junit.platform.launcher.core.DelegatingLauncher.execute(DelegatingLauncher.java:47)
	at org.junit.platform.launcher.core.InterceptingLauncher.lambda$execute$1(InterceptingLauncher.java:39)
	at org.junit.platform.launcher.core.ClasspathAlignmentCheckingLauncherInterceptor.intercept(ClasspathAlignmentCheckingLauncherInterceptor.java:25)
	at org.junit.platform.launcher.core.InterceptingLauncher.execute(InterceptingLauncher.java:38)
	at org.junit.platform.launcher.core.DelegatingLauncher.execute(DelegatingLauncher.java:47)
	at org.apache.maven.surefire.junitplatform.LazyLauncher.execute(LazyLauncher.java:56)
	at org.apache.maven.surefire.junitplatform.JUnitPlatformProvider.execute(JUnitPlatformProvider.java:184)
	at org.apache.maven.surefire.junitplatform.JUnitPlatformProvider.invokeAllTests(JUnitPlatformProvider.java:148)
	at org.apache.maven.surefire.junitplatform.JUnitPlatformProvider.invoke(JUnitPlatformProvider.java:120)
	at org.apache.maven.surefire.booter.ForkedBooter.runSuitesInProcess(ForkedBooter.java:385)
	at org.apache.maven.surefire.booter.ForkedBooter.execute(ForkedBooter.java:162)
	at org.apache.maven.surefire.booter.ForkedBooter.run(ForkedBooter.java:507)
	at org.apache.maven.surefire.booter.ForkedBooter.main(ForkedBooter.java:495)
Caused by: java.io.IOException: Failed to init DB
	at org.apache.hadoop.ozone.container.common.volume.HddsVolume.createDbStore(HddsVolume.java:538)
	at org.apache.hadoop.ozone.container.upgrade.DatanodeSchemaV3FinalizeAction.execute(DatanodeSchemaV3FinalizeAction.java:67)
	at org.apache.hadoop.ozone.container.upgrade.DatanodeSchemaV3FinalizeAction.execute(DatanodeSchemaV3FinalizeAction.java:39)
	at org.apache.hadoop.ozone.upgrade.BasicUpgradeFinalizer.runFinalizationAction(BasicUpgradeFinalizer.java:272)
	... 134 more
2025-10-18 02:34:47,999 [main] INFO  ozoneimpl.OzoneContainer (OzoneContainer.java:stop(568)) - Attempting to stop container services.
2025-10-18 02:34:47,999 [ContainerMetadataScanner] WARN  ozoneimpl.AbstractBackgroundContainerScanner (AbstractBackgroundContainerScanner.java:handleRemainingSleep(136)) - Background container scan was interrupted.
2025-10-18 02:34:47,999 [ContainerMetadataScanner] INFO  ozoneimpl.AbstractBackgroundContainerScanner (AbstractBackgroundContainerScanner.java:run(63)) - org.apache.hadoop.ozone.container.ozoneimpl.BackgroundContainerMetadataScanner@66c69b3b exiting.
2025-10-18 02:34:48,000 [main] INFO  ozoneimpl.BackgroundContainerDataScanner (BackgroundContainerDataScanner.java:shutdown(87)) - ContainerDataScanner(/tmp/junit-8456710246977177494/3ea493ba-6270-4768-9a80-c9e214404dce/hdds) is shutting down. 
2025-10-18 02:34:48,001 [ContainerDataScanner(/tmp/junit-8456710246977177494/3ea493ba-6270-4768-9a80-c9e214404dce/hdds)] WARN  ozoneimpl.AbstractBackgroundContainerScanner (AbstractBackgroundContainerScanner.java:handleRemainingSleep(136)) - Background container scan was interrupted.
2025-10-18 02:34:48,002 [ContainerDataScanner(/tmp/junit-8456710246977177494/3ea493ba-6270-4768-9a80-c9e214404dce/hdds)] INFO  ozoneimpl.AbstractBackgroundContainerScanner (AbstractBackgroundContainerScanner.java:run(63)) - ContainerDataScanner(/tmp/junit-8456710246977177494/3ea493ba-6270-4768-9a80-c9e214404dce/hdds, DS-df660f59-4f9c-4062-b666-bc59e9175e5a) exiting.
2025-10-18 02:34:48,002 [main] INFO  ozoneimpl.OnDemandContainerScanner (OnDemandContainerScanner.java:shutdown(141)) - On-demand container scanner is shutting down.
2025-10-18 02:34:48,006 [main] INFO  ratis.XceiverServerRatis (XceiverServerRatis.java:stop(594)) - Closing XceiverServerRatis(02e36f75-e9c7-4a96-9b29-dbf186bda12a)
2025-10-18 02:34:48,008 [main] INFO  server.RaftServer (RaftServerProxy.java:lambda$close$9(422)) - 02e36f75-e9c7-4a96-9b29-dbf186bda12a: close
2025-10-18 02:34:48,009 [main] INFO  server.GrpcServicesImpl (GrpcServicesImpl.java:closeImpl(355)) - 02e36f75-e9c7-4a96-9b29-dbf186bda12a: shutdown server GrpcServerProtocolService now
2025-10-18 02:34:48,015 [main] INFO  server.GrpcServicesImpl (GrpcServicesImpl.java:closeImpl(364)) - 02e36f75-e9c7-4a96-9b29-dbf186bda12a: shutdown server GrpcServerProtocolService successfully
2025-10-18 02:34:48,016 [02e36f75-e9c7-4a96-9b29-dbf186bda12a-NettyServerStreamRpc-bossGroup--thread1] INFO  logging.LoggingHandler (AbstractInternalLogger.java:log(148)) - [id: 0xfd708cd1, L:/0.0.0.0:35673] CLOSE
2025-10-18 02:34:48,016 [02e36f75-e9c7-4a96-9b29-dbf186bda12a-NettyServerStreamRpc-bossGroup--thread1] INFO  logging.LoggingHandler (AbstractInternalLogger.java:log(148)) - [id: 0xfd708cd1, L:/0.0.0.0:35673] INACTIVE
2025-10-18 02:34:48,017 [02e36f75-e9c7-4a96-9b29-dbf186bda12a-NettyServerStreamRpc-bossGroup--thread1] INFO  logging.LoggingHandler (AbstractInternalLogger.java:log(148)) - [id: 0xfd708cd1, L:/0.0.0.0:35673] UNREGISTERED
2025-10-18 02:34:48,026 [JvmPauseMonitor0] INFO  util.JvmPauseMonitor (JvmPauseMonitor.java:run(152)) - JvmPauseMonitor-02e36f75-e9c7-4a96-9b29-dbf186bda12a: Stopped
2025-10-18 02:34:50,033 [main] INFO  utils.BackgroundService (BackgroundService.java:shutdown(195)) - Shutting down service BlockDeletingService
2025-10-18 02:34:50,034 [main] INFO  utils.BackgroundService (BackgroundService.java:shutdown(195)) - Shutting down service StaleRecoveringContainerScrubbingService
2025-10-18 02:34:50,037 [main] INFO  upgrade.AbstractLayoutVersionManager (AbstractLayoutVersionManager.java:init(80)) - Initializing Layout version manager with metadata layout = ERASURE_CODED_STORAGE_SUPPORT (version = 3), software layout = WITNESSED_CONTAINER_DB_PROTO_VALUE (version = 9)
2025-10-18 02:34:50,037 [main] INFO  upgrade.HDDSLayoutVersionManager (HDDSLayoutVersionManager.java:lambda$registerUpgradeActions$0(81)) - Registering Upgrade Action : DatanodeSchemaV3FinalizeAction
2025-10-18 02:34:50,038 [main] INFO  upgrade.HDDSLayoutVersionManager (HDDSLayoutVersionManager.java:lambda$registerUpgradeActions$0(81)) - Registering Upgrade Action : ContainerTableSchemaFinalizeAction
2025-10-18 02:34:50,038 [main] INFO  statemachine.DatanodeStateMachine (DatanodeStateMachine.java:getEndPointTaskThreadPoolSize(321)) - Datanode State Machine Task Thread Pool size 2
2025-10-18 02:34:50,043 [main] INFO  volume.HddsVolume (HddsVolume.java:<init>(162)) - HddsVolume: { id=da053c0f-c937-44c8-b839-106ae8a8138c dir=/home/runner/work/ozone/ozone/hadoop-hdds/container-service/file:/home/runner/work/ozone/ozone/hadoop-hdds/container-service/target/tmp/dfs/data type=DISK failed }
2025-10-18 02:34:50,044 [main] ERROR volume.MutableVolumeSet (MutableVolumeSet.java:initializeVolumeSet(194)) - Failed to parse the storage location: file:///home/runner/work/ozone/ozone/hadoop-hdds/container-service/target/tmp/dfs/data
org.apache.hadoop.ozone.common.InconsistentStorageStateException: Mismatched DatanodeUUIDs. Version File : /home/runner/work/ozone/ozone/hadoop-hdds/container-service/target/tmp/dfs/data/hdds/VERSION has datanodeUuid: c3d05b50-810d-4b78-be46-d77415fe1b4d and Datanode has datanodeUuid: 02e36f75-e9c7-4a96-9b29-dbf186bda12a
	at org.apache.hadoop.ozone.container.common.utils.StorageVolumeUtil.getDatanodeUUID(StorageVolumeUtil.java:122)
	at org.apache.hadoop.ozone.container.common.volume.StorageVolume.readVersionFile(StorageVolume.java:385)
	at org.apache.hadoop.ozone.container.common.volume.StorageVolume.initializeImpl(StorageVolume.java:240)
	at org.apache.hadoop.ozone.container.common.volume.StorageVolume.initialize(StorageVolume.java:215)
	at org.apache.hadoop.ozone.container.common.volume.HddsVolume.<init>(HddsVolume.java:151)
	at org.apache.hadoop.ozone.container.common.volume.HddsVolume.<init>(HddsVolume.java:80)
	at org.apache.hadoop.ozone.container.common.volume.HddsVolume$Builder.build(HddsVolume.java:130)
	at org.apache.hadoop.ozone.container.common.volume.HddsVolumeFactory.createVolume(HddsVolumeFactory.java:46)
	at org.apache.hadoop.ozone.container.common.volume.MutableVolumeSet.initializeVolumeSet(MutableVolumeSet.java:172)
	at org.apache.hadoop.ozone.container.common.volume.MutableVolumeSet.<init>(MutableVolumeSet.java:130)
	at org.apache.hadoop.ozone.container.common.volume.MutableVolumeSet.<init>(MutableVolumeSet.java:92)
	at org.apache.hadoop.ozone.container.ozoneimpl.OzoneContainer.<init>(OzoneContainer.java:170)
	at org.apache.hadoop.ozone.container.common.statemachine.DatanodeStateMachine.<init>(DatanodeStateMachine.java:191)
	at org.apache.hadoop.ozone.container.common.statemachine.DatanodeStateMachine.<init>(DatanodeStateMachine.java:305)
	at org.apache.hadoop.ozone.container.upgrade.UpgradeTestHelper.restartDatanode(UpgradeTestHelper.java:108)
	at org.apache.hadoop.ozone.container.upgrade.TestDatanodeUpgradeToSchemaV3.testFinalizeFailure(TestDatanodeUpgradeToSchemaV3.java:577)
	at java.base/jdk.internal.reflect.DirectMethodHandleAccessor.invoke(DirectMethodHandleAccessor.java:103)
	at java.base/java.lang.reflect.Method.invoke(Method.java:580)
	at org.junit.platform.commons.util.ReflectionUtils.invokeMethod(ReflectionUtils.java:786)
	at org.junit.platform.commons.support.ReflectionSupport.invokeMethod(ReflectionSupport.java:514)
	at org.junit.jupiter.engine.execution.MethodInvocation.proceed(MethodInvocation.java:60)
	at org.junit.jupiter.engine.execution.InvocationInterceptorChain$ValidatingInvocation.proceed(InvocationInterceptorChain.java:131)
	at org.junit.jupiter.engine.extension.SameThreadTimeoutInvocation.proceed(SameThreadTimeoutInvocation.java:49)
	at org.junit.jupiter.engine.extension.TimeoutExtension.intercept(TimeoutExtension.java:161)
	at org.junit.jupiter.engine.extension.TimeoutExtension.interceptTestableMethod(TimeoutExtension.java:152)
	at org.junit.jupiter.engine.extension.TimeoutExtension.interceptTestTemplateMethod(TimeoutExtension.java:99)
	at org.junit.jupiter.engine.execution.InterceptingExecutableInvoker$ReflectiveInterceptorCall.lambda$ofVoidMethod$0(InterceptingExecutableInvoker.java:112)
	at org.junit.jupiter.engine.execution.InterceptingExecutableInvoker.lambda$invoke$0(InterceptingExecutableInvoker.java:94)
	at org.junit.jupiter.engine.execution.InvocationInterceptorChain$InterceptedInvocation.proceed(InvocationInterceptorChain.java:106)
	at org.junit.jupiter.engine.execution.InvocationInterceptorChain.proceed(InvocationInterceptorChain.java:64)
	at org.junit.jupiter.engine.execution.InvocationInterceptorChain.chainAndInvoke(InvocationInterceptorChain.java:45)
	at org.junit.jupiter.engine.execution.InvocationInterceptorChain.invoke(InvocationInterceptorChain.java:37)
	at org.junit.jupiter.engine.execution.InterceptingExecutableInvoker.invoke(InterceptingExecutableInvoker.java:93)
	at org.junit.jupiter.engine.execution.InterceptingExecutableInvoker.invoke(InterceptingExecutableInvoker.java:87)
	at org.junit.jupiter.engine.descriptor.TestMethodTestDescriptor.lambda$invokeTestMethod$4(TestMethodTestDescriptor.java:221)
	at org.junit.platform.engine.support.hierarchical.ThrowableCollector.execute(ThrowableCollector.java:73)
	at org.junit.jupiter.engine.descriptor.TestMethodTestDescriptor.invokeTestMethod(TestMethodTestDescriptor.java:217)
	at org.junit.jupiter.engine.descriptor.TestMethodTestDescriptor.execute(TestMethodTestDescriptor.java:159)
	at org.junit.jupiter.engine.descriptor.TestMethodTestDescriptor.execute(TestMethodTestDescriptor.java:70)
	at org.junit.platform.engine.support.hierarchical.NodeTestTask.lambda$executeRecursively$6(NodeTestTask.java:157)
	at org.junit.platform.engine.support.hierarchical.ThrowableCollector.execute(ThrowableCollector.java:73)
	at org.junit.platform.engine.support.hierarchical.NodeTestTask.lambda$executeRecursively$8(NodeTestTask.java:147)
	at org.junit.platform.engine.support.hierarchical.Node.around(Node.java:137)
	at org.junit.platform.engine.support.hierarchical.NodeTestTask.lambda$executeRecursively$9(NodeTestTask.java:145)
	at org.junit.platform.engine.support.hierarchical.ThrowableCollector.execute(ThrowableCollector.java:73)
	at org.junit.platform.engine.support.hierarchical.NodeTestTask.executeRecursively(NodeTestTask.java:144)
	at org.junit.platform.engine.support.hierarchical.NodeTestTask.execute(NodeTestTask.java:101)
	at org.junit.platform.engine.support.hierarchical.SameThreadHierarchicalTestExecutorService.submit(SameThreadHierarchicalTestExecutorService.java:35)
	at org.junit.platform.engine.support.hierarchical.NodeTestTask$DefaultDynamicTestExecutor.execute(NodeTestTask.java:232)
	at org.junit.platform.engine.support.hierarchical.NodeTestTask$DefaultDynamicTestExecutor.execute(NodeTestTask.java:210)
	at org.junit.jupiter.engine.descriptor.TemplateExecutor.execute(TemplateExecutor.java:98)
	at org.junit.jupiter.engine.descriptor.TemplateExecutor.lambda$executeForProvider$0(TemplateExecutor.java:61)
	at java.base/java.util.Optional.ifPresent(Optional.java:178)
	at org.junit.jupiter.engine.descriptor.TemplateExecutor.lambda$executeForProvider$1(TemplateExecutor.java:61)
	at java.base/java.util.stream.ForEachOps$ForEachOp$OfRef.accept(ForEachOps.java:184)
	at java.base/java.util.stream.ReferencePipeline$3$1.accept(ReferencePipeline.java:197)
	at java.base/java.util.stream.ForEachOps$ForEachOp$OfRef.accept(ForEachOps.java:184)
	at java.base/java.util.stream.ForEachOps$ForEachOp$OfRef.accept(ForEachOps.java:184)
	at java.base/java.util.stream.ReferencePipeline$3$1.accept(ReferencePipeline.java:197)
	at java.base/java.util.Spliterators$ArraySpliterator.forEachRemaining(Spliterators.java:1024)
	at java.base/java.util.stream.AbstractPipeline.copyInto(AbstractPipeline.java:509)
	at java.base/java.util.stream.AbstractPipeline.wrapAndCopyInto(AbstractPipeline.java:499)
	at java.base/java.util.stream.ForEachOps$ForEachOp.evaluateSequential(ForEachOps.java:151)
	at java.base/java.util.stream.ForEachOps$ForEachOp$OfRef.evaluateSequential(ForEachOps.java:174)
	at java.base/java.util.stream.AbstractPipeline.evaluate(AbstractPipeline.java:234)
	at java.base/java.util.stream.ReferencePipeline.forEach(ReferencePipeline.java:596)
	at java.base/java.util.stream.ReferencePipeline$7$1.accept(ReferencePipeline.java:276)
	at java.base/java.util.ArrayList$ArrayListSpliterator.forEachRemaining(ArrayList.java:1708)
	at java.base/java.util.stream.AbstractPipeline.copyInto(AbstractPipeline.java:509)
	at java.base/java.util.stream.AbstractPipeline.wrapAndCopyInto(AbstractPipeline.java:499)
	at java.base/java.util.stream.ForEachOps$ForEachOp.evaluateSequential(ForEachOps.java:151)
	at java.base/java.util.stream.ForEachOps$ForEachOp$OfRef.evaluateSequential(ForEachOps.java:174)
	at java.base/java.util.stream.AbstractPipeline.evaluate(AbstractPipeline.java:234)
	at java.base/java.util.stream.ReferencePipeline.forEach(ReferencePipeline.java:596)
	at java.base/java.util.stream.ReferencePipeline$7$1.accept(ReferencePipeline.java:276)
	at java.base/java.util.stream.ReferencePipeline$3$1.accept(ReferencePipeline.java:197)
	at java.base/java.util.stream.ReferencePipeline$3$1.accept(ReferencePipeline.java:197)
	at java.base/java.util.stream.ReferencePipeline$3$1.accept(ReferencePipeline.java:197)
	at java.base/java.util.ArrayList$ArrayListSpliterator.forEachRemaining(ArrayList.java:1708)
	at java.base/java.util.stream.AbstractPipeline.copyInto(AbstractPipeline.java:509)
	at java.base/java.util.stream.AbstractPipeline.wrapAndCopyInto(AbstractPipeline.java:499)
	at java.base/java.util.stream.ForEachOps$ForEachOp.evaluateSequential(ForEachOps.java:151)
	at java.base/java.util.stream.ForEachOps$ForEachOp$OfRef.evaluateSequential(ForEachOps.java:174)
	at java.base/java.util.stream.AbstractPipeline.evaluate(AbstractPipeline.java:234)
	at java.base/java.util.stream.ReferencePipeline.forEach(ReferencePipeline.java:596)
	at org.junit.jupiter.engine.descriptor.TemplateExecutor.executeForProvider(TemplateExecutor.java:59)
	at org.junit.jupiter.engine.descriptor.TemplateExecutor.execute(TemplateExecutor.java:48)
	at org.junit.jupiter.engine.descriptor.TestTemplateTestDescriptor.execute(TestTemplateTestDescriptor.java:112)
	at org.junit.jupiter.engine.descriptor.TestTemplateTestDescriptor.execute(TestTemplateTestDescriptor.java:40)
	at org.junit.platform.engine.support.hierarchical.NodeTestTask.lambda$executeRecursively$6(NodeTestTask.java:157)
	at org.junit.platform.engine.support.hierarchical.ThrowableCollector.execute(ThrowableCollector.java:73)
	at org.junit.platform.engine.support.hierarchical.NodeTestTask.lambda$executeRecursively$8(NodeTestTask.java:147)
	at org.junit.platform.engine.support.hierarchical.Node.around(Node.java:137)
	at org.junit.platform.engine.support.hierarchical.NodeTestTask.lambda$executeRecursively$9(NodeTestTask.java:145)
	at org.junit.platform.engine.support.hierarchical.ThrowableCollector.execute(ThrowableCollector.java:73)
	at org.junit.platform.engine.support.hierarchical.NodeTestTask.executeRecursively(NodeTestTask.java:144)
	at org.junit.platform.engine.support.hierarchical.NodeTestTask.execute(NodeTestTask.java:101)
	at java.base/java.util.ArrayList.forEach(ArrayList.java:1596)
	at org.junit.platform.engine.support.hierarchical.SameThreadHierarchicalTestExecutorService.invokeAll(SameThreadHierarchicalTestExecutorService.java:41)
	at org.junit.platform.engine.support.hierarchical.NodeTestTask.lambda$executeRecursively$6(NodeTestTask.java:161)
	at org.junit.platform.engine.support.hierarchical.ThrowableCollector.execute(ThrowableCollector.java:73)
	at org.junit.platform.engine.support.hierarchical.NodeTestTask.lambda$executeRecursively$8(NodeTestTask.java:147)
	at org.junit.platform.engine.support.hierarchical.Node.around(Node.java:137)
	at org.junit.platform.engine.support.hierarchical.NodeTestTask.lambda$executeRecursively$9(NodeTestTask.java:145)
	at org.junit.platform.engine.support.hierarchical.ThrowableCollector.execute(ThrowableCollector.java:73)
	at org.junit.platform.engine.support.hierarchical.NodeTestTask.executeRecursively(NodeTestTask.java:144)
	at org.junit.platform.engine.support.hierarchical.NodeTestTask.execute(NodeTestTask.java:101)
	at java.base/java.util.ArrayList.forEach(ArrayList.java:1596)
	at org.junit.platform.engine.support.hierarchical.SameThreadHierarchicalTestExecutorService.invokeAll(SameThreadHierarchicalTestExecutorService.java:41)
	at org.junit.platform.engine.support.hierarchical.NodeTestTask.lambda$executeRecursively$6(NodeTestTask.java:161)
	at org.junit.platform.engine.support.hierarchical.ThrowableCollector.execute(ThrowableCollector.java:73)
	at org.junit.platform.engine.support.hierarchical.NodeTestTask.lambda$executeRecursively$8(NodeTestTask.java:147)
	at org.junit.platform.engine.support.hierarchical.Node.around(Node.java:137)
	at org.junit.platform.engine.support.hierarchical.NodeTestTask.lambda$executeRecursively$9(NodeTestTask.java:145)
	at org.junit.platform.engine.support.hierarchical.ThrowableCollector.execute(ThrowableCollector.java:73)
	at org.junit.platform.engine.support.hierarchical.NodeTestTask.executeRecursively(NodeTestTask.java:144)
	at org.junit.platform.engine.support.hierarchical.NodeTestTask.execute(NodeTestTask.java:101)
	at org.junit.platform.engine.support.hierarchical.SameThreadHierarchicalTestExecutorService.submit(SameThreadHierarchicalTestExecutorService.java:35)
	at org.junit.platform.engine.support.hierarchical.HierarchicalTestExecutor.execute(HierarchicalTestExecutor.java:57)
	at org.junit.platform.engine.support.hierarchical.HierarchicalTestEngine.execute(HierarchicalTestEngine.java:54)
	at org.junit.platform.launcher.core.EngineExecutionOrchestrator.executeEngine(EngineExecutionOrchestrator.java:230)
	at org.junit.platform.launcher.core.EngineExecutionOrchestrator.failOrExecuteEngine(EngineExecutionOrchestrator.java:204)
	at org.junit.platform.launcher.core.EngineExecutionOrchestrator.execute(EngineExecutionOrchestrator.java:172)
	at org.junit.platform.launcher.core.EngineExecutionOrchestrator.execute(EngineExecutionOrchestrator.java:101)
	at org.junit.platform.launcher.core.EngineExecutionOrchestrator.lambda$execute$0(EngineExecutionOrchestrator.java:64)
	at org.junit.platform.launcher.core.EngineExecutionOrchestrator.withInterceptedStreams(EngineExecutionOrchestrator.java:150)
	at org.junit.platform.launcher.core.EngineExecutionOrchestrator.execute(EngineExecutionOrchestrator.java:63)
	at org.junit.platform.launcher.core.DefaultLauncher.execute(DefaultLauncher.java:109)
	at org.junit.platform.launcher.core.DefaultLauncher.execute(DefaultLauncher.java:91)
	at org.junit.platform.launcher.core.DelegatingLauncher.execute(DelegatingLauncher.java:47)
	at org.junit.platform.launcher.core.InterceptingLauncher.lambda$execute$1(InterceptingLauncher.java:39)
	at org.junit.platform.launcher.core.ClasspathAlignmentCheckingLauncherInterceptor.intercept(ClasspathAlignmentCheckingLauncherInterceptor.java:25)
	at org.junit.platform.launcher.core.InterceptingLauncher.execute(InterceptingLauncher.java:38)
	at org.junit.platform.launcher.core.DelegatingLauncher.execute(DelegatingLauncher.java:47)
	at org.apache.maven.surefire.junitplatform.LazyLauncher.execute(LazyLauncher.java:56)
	at org.apache.maven.surefire.junitplatform.JUnitPlatformProvider.execute(JUnitPlatformProvider.java:184)
	at org.apache.maven.surefire.junitplatform.JUnitPlatformProvider.invokeAllTests(JUnitPlatformProvider.java:148)
	at org.apache.maven.surefire.junitplatform.JUnitPlatformProvider.invoke(JUnitPlatformProvider.java:120)
	at org.apache.maven.surefire.booter.ForkedBooter.runSuitesInProcess(ForkedBooter.java:385)
	at org.apache.maven.surefire.booter.ForkedBooter.execute(ForkedBooter.java:162)
	at org.apache.maven.surefire.booter.ForkedBooter.run(ForkedBooter.java:507)
	at org.apache.maven.surefire.booter.ForkedBooter.main(ForkedBooter.java:495)
2025-10-18 02:34:50,047 [main] INFO  volume.HddsVolume (HddsVolume.java:<init>(162)) - HddsVolume: { id=DS-df660f59-4f9c-4062-b666-bc59e9175e5a dir=/tmp/junit-8456710246977177494/3ea493ba-6270-4768-9a80-c9e214404dce/hdds type=DISK capacity=9222449699674390527 used=0 available=9222449699674390527 minFree=184448985434423296 committed=0 }
2025-10-18 02:34:50,048 [main] INFO  volume.MutableVolumeSet (MutableVolumeSet.java:initializeVolumeSet(175)) - Added Volume : /tmp/junit-8456710246977177494/3ea493ba-6270-4768-9a80-c9e214404dce/hdds to VolumeSet
2025-10-18 02:34:50,049 [main] WARN  server.ServerUtils (ServerUtils.java:getDefaultRatisDirectory(304)) - Storage directory for Ratis is not configured. It is a good idea to map this to an SSD disk. Falling back to ozone.metadata.dirs
2025-10-18 02:34:50,050 [main] INFO  volume.MutableVolumeSet (MutableVolumeSet.java:initializeVolumeSet(175)) - Added Volume : /tmp/junit-8456710246977177494/ratis to VolumeSet
2025-10-18 02:34:50,051 [main] WARN  db.DBStoreBuilder (DBStoreBuilder.java:getDBDirPath(157)) - ozone.scm.datanode.id.dir is not configured. We recommend adding this setting. Falling back to ozone.metadata.dirs instead.
2025-10-18 02:34:50,052 [main] WARN  db.DBStoreBuilder (DBStoreBuilder.java:getDBDirPath(157)) - ozone.scm.datanode.id.dir is not configured. We recommend adding this setting. Falling back to ozone.metadata.dirs instead.
2025-10-18 02:34:50,066 [main] INFO  impl.FilePerChunkStrategy (FilePerChunkStrategy.java:<init>(79)) - ozone.chunk.read.mapped.buffer.max.count is load with 0
2025-10-18 02:34:50,066 [main] INFO  impl.FilePerBlockStrategy (FilePerBlockStrategy.java:<init>(88)) - ozone.chunk.read.mapped.buffer.max.count is load with 0
2025-10-18 02:34:50,069 [main] INFO  server.RaftServerConfigKeys (ConfUtils.java:logGet(62)) - raft.server.log.appender.buffer.byte-limit = 33554432 (custom)
2025-10-18 02:34:50,069 [main] WARN  server.ServerUtils (ServerUtils.java:getDefaultRatisDirectory(304)) - Storage directory for Ratis is not configured. It is a good idea to map this to an SSD disk. Falling back to ozone.metadata.dirs
2025-10-18 02:34:50,071 [main] INFO  grpc.GrpcConfigKeys (ConfUtils.java:logFallback(69)) - raft.grpc.admin.host = null (fallback to raft.grpc.server.host)
2025-10-18 02:34:50,071 [main] INFO  grpc.GrpcConfigKeys (ConfUtils.java:logFallback(69)) - raft.grpc.client.host = null (fallback to raft.grpc.server.host)
2025-10-18 02:34:50,071 [main] INFO  server.GrpcServicesImpl (ConfUtils.java:logGet(62)) - raft.grpc.message.size.max = 34603008 (custom)
2025-10-18 02:34:50,072 [main] INFO  server.GrpcServicesImpl (ConfUtils.java:logGet(62)) - raft.grpc.flow.control.window = 5MB (=5242880) (custom)
2025-10-18 02:34:50,072 [main] INFO  server.RaftServerConfigKeys (ConfUtils.java:logGet(62)) - raft.server.log.appender.buffer.byte-limit = 33554432 (custom)
2025-10-18 02:34:50,073 [main] INFO  netty.NettyUtils (NettyUtils.java:newEventLoopGroup(74)) - Create EpollEventLoopGroup for 02e36f75-e9c7-4a96-9b29-dbf186bda12a-NettyServerStreamRpc-bossGroup; Thread size is 0.
2025-10-18 02:34:50,074 [main] INFO  netty.NettyUtils (NettyUtils.java:newEventLoopGroup(74)) - Create EpollEventLoopGroup for 02e36f75-e9c7-4a96-9b29-dbf186bda12a-NettyServerStreamRpc-workerGroup; Thread size is 0.
2025-10-18 02:34:50,076 [02e36f75-e9c7-4a96-9b29-dbf186bda12a-NettyServerStreamRpc-bossGroup--thread1] INFO  logging.LoggingHandler (AbstractInternalLogger.java:log(148)) - [id: 0x941554c4] REGISTERED
2025-10-18 02:34:50,076 [02e36f75-e9c7-4a96-9b29-dbf186bda12a-impl-thread1] INFO  server.RaftServer (RaftServerProxy.java:initGroupDir(270)) - 02e36f75-e9c7-4a96-9b29-dbf186bda12a: found a subdirectory /tmp/junit-8456710246977177494/ratis/tmp
2025-10-18 02:34:50,076 [02e36f75-e9c7-4a96-9b29-dbf186bda12a-NettyServerStreamRpc-bossGroup--thread1] INFO  logging.LoggingHandler (AbstractInternalLogger.java:log(148)) - [id: 0x941554c4] BIND: 0.0.0.0/0.0.0.0:0
2025-10-18 02:34:50,076 [02e36f75-e9c7-4a96-9b29-dbf186bda12a-impl-thread1] INFO  server.RaftServer (RaftServerProxy.java:initGroupDir(275)) - 02e36f75-e9c7-4a96-9b29-dbf186bda12a: The directory /tmp/junit-8456710246977177494/ratis/tmp is not a group directory; ignoring it. 
2025-10-18 02:34:50,077 [main] INFO  replication.ReplicationServer (ReplicationServer.java:<init>(84)) - Initializing replication server with thread count = 10 queue length = 4096
2025-10-18 02:34:50,076 [02e36f75-e9c7-4a96-9b29-dbf186bda12a-NettyServerStreamRpc-bossGroup--thread1] INFO  logging.LoggingHandler (AbstractInternalLogger.java:log(148)) - [id: 0x941554c4, L:/0.0.0.0:33057] ACTIVE
2025-10-18 02:34:50,078 [main] INFO  server.XceiverServerGrpc (XceiverServerGrpc.java:<init>(129)) - GrpcServer channel type EpollServerSocketChannel
2025-10-18 02:34:50,080 [main] INFO  replication.ReplicationSupervisor (ReplicationSupervisor.java:build(169)) - Initializing replication supervisor with thread count = 10
2025-10-18 02:34:50,080 [main] INFO  replication.ReplicationSupervisor (ReplicationSupervisor.java:nodeStateUpdated(358)) - Node state updated to IN_SERVICE, scaling executor pool size to 10
2025-10-18 02:34:50,089 [02e36f75-e9c7-4a96-9b29-dbf186bda12a-ContainerReader-0] INFO  ozoneimpl.ContainerReader (ContainerReader.java:readVolume(147)) - Start to verify containers on volume /tmp/junit-8456710246977177494/3ea493ba-6270-4768-9a80-c9e214404dce/hdds
2025-10-18 02:34:50,126 [02e36f75-e9c7-4a96-9b29-dbf186bda12a-ContainerReader-0] WARN  helpers.KeyValueContainerUtil (KeyValueContainerUtil.java:populateContainerMetadata(329)) - Missing pendingDeleteBlockCount from metadata: recalculate them from block table
2025-10-18 02:34:50,132 [02e36f75-e9c7-4a96-9b29-dbf186bda12a-ContainerReader-0] INFO  ozoneimpl.ContainerReader (ContainerReader.java:readVolume(177)) - Finish verifying containers on volume /tmp/junit-8456710246977177494/3ea493ba-6270-4768-9a80-c9e214404dce/hdds
2025-10-18 02:34:50,133 [main] INFO  ozoneimpl.OzoneContainer (OzoneContainer.java:buildContainerSet(359)) - Build ContainerSet costs 0s
2025-10-18 02:34:50,135 [main] INFO  volume.ThrottledAsyncChecker (ThrottledAsyncChecker.java:schedule(138)) - Scheduling a check for /tmp/junit-8456710246977177494/3ea493ba-6270-4768-9a80-c9e214404dce/hdds
2025-10-18 02:34:50,136 [main] INFO  volume.StorageVolumeChecker (StorageVolumeChecker.java:checkAllVolumes(231)) - Scheduled health check for volume /tmp/junit-8456710246977177494/3ea493ba-6270-4768-9a80-c9e214404dce/hdds
2025-10-18 02:34:50,138 [main] INFO  volume.ThrottledAsyncChecker (ThrottledAsyncChecker.java:schedule(138)) - Scheduling a check for /tmp/junit-8456710246977177494/ratis
2025-10-18 02:34:50,139 [main] INFO  volume.StorageVolumeChecker (StorageVolumeChecker.java:checkAllVolumes(231)) - Scheduled health check for volume /tmp/junit-8456710246977177494/ratis
2025-10-18 02:34:50,140 [main] INFO  ozoneimpl.OzoneContainer (OzoneContainer.java:start(544)) - Attempting to start container services.
2025-10-18 02:34:50,143 [main] INFO  replication.ReplicationServer (ReplicationServer.java:start(137)) - ReplicationServer is started using port 9886
2025-10-18 02:34:50,143 [main] INFO  ratis.XceiverServerRatis (XceiverServerRatis.java:start(559)) - Starting XceiverServerRatis(02e36f75-e9c7-4a96-9b29-dbf186bda12a)
2025-10-18 02:34:50,149 [ContainerMetadataScanner] INFO  ozoneimpl.AbstractBackgroundContainerScanner (AbstractBackgroundContainerScanner.java:runIteration(89)) - Completed an iteration in 0 minutes. Number of iterations (since the data-node restart) : 1, Number of containers scanned in this iteration : 1, Number of unhealthy containers found in this iteration : 0
2025-10-18 02:34:50,152 [main] INFO  server.RaftServer (RaftServerProxy.java:startImpl(412)) - 02e36f75-e9c7-4a96-9b29-dbf186bda12a: start RPC server
2025-10-18 02:34:50,152 [main] INFO  server.GrpcServicesImpl (GrpcServicesImpl.java:startImpl(346)) - 02e36f75-e9c7-4a96-9b29-dbf186bda12a: GrpcServicesImpl started, listening on 9858
2025-10-18 02:34:50,153 [main] INFO  ratis.XceiverServerRatis (XceiverServerRatis.java:getRealPort(586)) - XceiverServerRatis(02e36f75-e9c7-4a96-9b29-dbf186bda12a) is started using port RATIS=9858
2025-10-18 02:34:50,154 [JvmPauseMonitor1] INFO  util.JvmPauseMonitor (JvmPauseMonitor.java:run(146)) - JvmPauseMonitor-02e36f75-e9c7-4a96-9b29-dbf186bda12a: Started
2025-10-18 02:34:50,154 [main] INFO  ratis.XceiverServerRatis (XceiverServerRatis.java:getRealPort(586)) - XceiverServerRatis(02e36f75-e9c7-4a96-9b29-dbf186bda12a) is started using port RATIS_ADMIN=9858
2025-10-18 02:34:50,155 [main] INFO  ratis.XceiverServerRatis (XceiverServerRatis.java:getRealPort(586)) - XceiverServerRatis(02e36f75-e9c7-4a96-9b29-dbf186bda12a) is started using port RATIS_SERVER=9858
2025-10-18 02:34:50,155 [main] INFO  ratis.XceiverServerRatis (XceiverServerRatis.java:getRealPort(586)) - XceiverServerRatis(02e36f75-e9c7-4a96-9b29-dbf186bda12a) is started using port RATIS_DATASTREAM=33057
2025-10-18 02:34:50,156 [main] INFO  utils.BackgroundService (BackgroundService.java:start(119)) - Starting service BlockDeletingService with interval 60000 milliseconds
2025-10-18 02:34:50,157 [main] INFO  utils.BackgroundService (BackgroundService.java:start(119)) - Starting service StaleRecoveringContainerScrubbingService with interval 60000 milliseconds
2025-10-18 02:34:50,162 [main] INFO  ipc.Server (Server.java:stop(3697)) - Stopping server on 41003
2025-10-18 02:34:50,163 [IPC Server listener on 41003] INFO  ipc.Server (Server.java:run(1585)) - Stopping IPC Server listener on 41003
2025-10-18 02:34:50,163 [IPC Server Responder] INFO  ipc.Server (Server.java:run(1718)) - Stopping IPC Server Responder
2025-10-18 02:34:50,164 [main] INFO  ozoneimpl.OzoneContainer (OzoneContainer.java:stop(568)) - Attempting to stop container services.
2025-10-18 02:34:50,165 [ContainerMetadataScanner] WARN  ozoneimpl.AbstractBackgroundContainerScanner (AbstractBackgroundContainerScanner.java:handleRemainingSleep(136)) - Background container scan was interrupted.
2025-10-18 02:34:50,165 [ContainerMetadataScanner] INFO  ozoneimpl.AbstractBackgroundContainerScanner (AbstractBackgroundContainerScanner.java:run(63)) - org.apache.hadoop.ozone.container.ozoneimpl.BackgroundContainerMetadataScanner@5c074f05 exiting.
2025-10-18 02:34:50,166 [main] INFO  ozoneimpl.BackgroundContainerDataScanner (BackgroundContainerDataScanner.java:shutdown(87)) - ContainerDataScanner(/tmp/junit-8456710246977177494/3ea493ba-6270-4768-9a80-c9e214404dce/hdds) is shutting down. 
2025-10-18 02:34:50,175 [ContainerDataScanner(/tmp/junit-8456710246977177494/3ea493ba-6270-4768-9a80-c9e214404dce/hdds)] INFO  ozoneimpl.AbstractBackgroundContainerScanner (AbstractBackgroundContainerScanner.java:run(63)) - ContainerDataScanner(/tmp/junit-8456710246977177494/3ea493ba-6270-4768-9a80-c9e214404dce/hdds, DS-df660f59-4f9c-4062-b666-bc59e9175e5a) exiting.
2025-10-18 02:34:50,175 [main] INFO  ozoneimpl.OnDemandContainerScanner (OnDemandContainerScanner.java:shutdown(141)) - On-demand container scanner is shutting down.
2025-10-18 02:34:50,176 [main] INFO  ratis.XceiverServerRatis (XceiverServerRatis.java:stop(594)) - Closing XceiverServerRatis(02e36f75-e9c7-4a96-9b29-dbf186bda12a)
2025-10-18 02:34:50,176 [main] INFO  server.RaftServer (RaftServerProxy.java:lambda$close$9(422)) - 02e36f75-e9c7-4a96-9b29-dbf186bda12a: close
2025-10-18 02:34:50,177 [main] INFO  server.GrpcServicesImpl (GrpcServicesImpl.java:closeImpl(355)) - 02e36f75-e9c7-4a96-9b29-dbf186bda12a: shutdown server GrpcServerProtocolService now
2025-10-18 02:34:50,179 [main] INFO  server.GrpcServicesImpl (GrpcServicesImpl.java:closeImpl(364)) - 02e36f75-e9c7-4a96-9b29-dbf186bda12a: shutdown server GrpcServerProtocolService successfully
2025-10-18 02:34:50,179 [02e36f75-e9c7-4a96-9b29-dbf186bda12a-NettyServerStreamRpc-bossGroup--thread1] INFO  logging.LoggingHandler (AbstractInternalLogger.java:log(148)) - [id: 0x941554c4, L:/0.0.0.0:33057] CLOSE
2025-10-18 02:34:50,180 [02e36f75-e9c7-4a96-9b29-dbf186bda12a-NettyServerStreamRpc-bossGroup--thread1] INFO  logging.LoggingHandler (AbstractInternalLogger.java:log(148)) - [id: 0x941554c4, L:/0.0.0.0:33057] INACTIVE
2025-10-18 02:34:50,180 [02e36f75-e9c7-4a96-9b29-dbf186bda12a-NettyServerStreamRpc-bossGroup--thread1] INFO  logging.LoggingHandler (AbstractInternalLogger.java:log(148)) - [id: 0x941554c4, L:/0.0.0.0:33057] UNREGISTERED
2025-10-18 02:34:50,185 [JvmPauseMonitor1] INFO  util.JvmPauseMonitor (JvmPauseMonitor.java:run(152)) - JvmPauseMonitor-02e36f75-e9c7-4a96-9b29-dbf186bda12a: Stopped
2025-10-18 02:34:52,190 [main] INFO  utils.BackgroundService (BackgroundService.java:shutdown(195)) - Shutting down service BlockDeletingService
2025-10-18 02:34:52,191 [main] INFO  utils.BackgroundService (BackgroundService.java:shutdown(195)) - Shutting down service StaleRecoveringContainerScrubbingService
]]></system-out>
    <system-err><![CDATA[WARNING: A Java agent has been loaded dynamically (/home/runner/.m2/repository/net/bytebuddy/byte-buddy-agent/1.12.19/byte-buddy-agent-1.12.19.jar)
WARNING: If a serviceability tool is in use, please run with -XX:+EnableDynamicAgentLoading to hide this warning
WARNING: If a serviceability tool is not in use, please run with -Djdk.instrument.traceUsage for more information
WARNING: Dynamic loading of agents will be disallowed by default in a future release
]]></system-err>
  </testcase>
  <testcase name="testFinalizeFailure(boolean)[2]" classname="org.apache.hadoop.ozone.container.upgrade.TestDatanodeUpgradeToSchemaV3" time="4.376">
    <system-out><![CDATA[2025-10-18 02:34:52,226 [main] INFO  ipc.CallQueueManager (CallQueueManager.java:<init>(93)) - Using callQueue: class java.util.concurrent.LinkedBlockingQueue, queueCapacity: 1000, scheduler: class org.apache.hadoop.ipc.DefaultRpcScheduler, ipcBackoff: false, ipcFailOver: false.
2025-10-18 02:34:52,227 [main] INFO  ipc.Server (Server.java:<init>(1438)) - Listener at localhost:38237
2025-10-18 02:34:52,228 [Socket Reader #1 for port 38237] INFO  ipc.Server (Server.java:run(1474)) - Starting Socket Reader #1 for port 38237
2025-10-18 02:34:52,230 [IPC Server Responder] INFO  ipc.Server (Server.java:run(1713)) - IPC Server Responder: starting
2025-10-18 02:34:52,230 [IPC Server listener on 38237] INFO  ipc.Server (Server.java:run(1553)) - IPC Server listener on 38237: starting
2025-10-18 02:34:52,235 [main] INFO  upgrade.AbstractLayoutVersionManager (AbstractLayoutVersionManager.java:init(80)) - Initializing Layout version manager with metadata layout = ERASURE_CODED_STORAGE_SUPPORT (version = 3), software layout = WITNESSED_CONTAINER_DB_PROTO_VALUE (version = 9)
2025-10-18 02:34:52,236 [main] INFO  upgrade.HDDSLayoutVersionManager (HDDSLayoutVersionManager.java:lambda$registerUpgradeActions$0(81)) - Registering Upgrade Action : DatanodeSchemaV3FinalizeAction
2025-10-18 02:34:52,236 [main] INFO  upgrade.HDDSLayoutVersionManager (HDDSLayoutVersionManager.java:lambda$registerUpgradeActions$0(81)) - Registering Upgrade Action : ContainerTableSchemaFinalizeAction
2025-10-18 02:34:52,237 [main] INFO  statemachine.DatanodeStateMachine (DatanodeStateMachine.java:getEndPointTaskThreadPoolSize(321)) - Datanode State Machine Task Thread Pool size 2
2025-10-18 02:34:52,240 [main] INFO  volume.HddsVolume (HddsVolume.java:<init>(162)) - HddsVolume: { id=7cbd4423-4212-4058-8054-ba0b1c435a09 dir=/home/runner/work/ozone/ozone/hadoop-hdds/container-service/file:/home/runner/work/ozone/ozone/hadoop-hdds/container-service/target/tmp/dfs/data type=DISK failed }
2025-10-18 02:34:52,241 [main] ERROR volume.MutableVolumeSet (MutableVolumeSet.java:initializeVolumeSet(194)) - Failed to parse the storage location: file:///home/runner/work/ozone/ozone/hadoop-hdds/container-service/target/tmp/dfs/data
org.apache.hadoop.ozone.common.InconsistentStorageStateException: Mismatched DatanodeUUIDs. Version File : /home/runner/work/ozone/ozone/hadoop-hdds/container-service/target/tmp/dfs/data/hdds/VERSION has datanodeUuid: c3d05b50-810d-4b78-be46-d77415fe1b4d and Datanode has datanodeUuid: 93b169b7-de9f-409d-b52e-274c695331f4
	at org.apache.hadoop.ozone.container.common.utils.StorageVolumeUtil.getDatanodeUUID(StorageVolumeUtil.java:122)
	at org.apache.hadoop.ozone.container.common.volume.StorageVolume.readVersionFile(StorageVolume.java:385)
	at org.apache.hadoop.ozone.container.common.volume.StorageVolume.initializeImpl(StorageVolume.java:240)
	at org.apache.hadoop.ozone.container.common.volume.StorageVolume.initialize(StorageVolume.java:215)
	at org.apache.hadoop.ozone.container.common.volume.HddsVolume.<init>(HddsVolume.java:151)
	at org.apache.hadoop.ozone.container.common.volume.HddsVolume.<init>(HddsVolume.java:80)
	at org.apache.hadoop.ozone.container.common.volume.HddsVolume$Builder.build(HddsVolume.java:130)
	at org.apache.hadoop.ozone.container.common.volume.HddsVolumeFactory.createVolume(HddsVolumeFactory.java:46)
	at org.apache.hadoop.ozone.container.common.volume.MutableVolumeSet.initializeVolumeSet(MutableVolumeSet.java:172)
	at org.apache.hadoop.ozone.container.common.volume.MutableVolumeSet.<init>(MutableVolumeSet.java:130)
	at org.apache.hadoop.ozone.container.common.volume.MutableVolumeSet.<init>(MutableVolumeSet.java:92)
	at org.apache.hadoop.ozone.container.ozoneimpl.OzoneContainer.<init>(OzoneContainer.java:170)
	at org.apache.hadoop.ozone.container.common.statemachine.DatanodeStateMachine.<init>(DatanodeStateMachine.java:191)
	at org.apache.hadoop.ozone.container.common.statemachine.DatanodeStateMachine.<init>(DatanodeStateMachine.java:305)
	at org.apache.hadoop.ozone.container.upgrade.TestDatanodeUpgradeToSchemaV3.testFinalizeFailure(TestDatanodeUpgradeToSchemaV3.java:525)
	at java.base/jdk.internal.reflect.DirectMethodHandleAccessor.invoke(DirectMethodHandleAccessor.java:103)
	at java.base/java.lang.reflect.Method.invoke(Method.java:580)
	at org.junit.platform.commons.util.ReflectionUtils.invokeMethod(ReflectionUtils.java:786)
	at org.junit.platform.commons.support.ReflectionSupport.invokeMethod(ReflectionSupport.java:514)
	at org.junit.jupiter.engine.execution.MethodInvocation.proceed(MethodInvocation.java:60)
	at org.junit.jupiter.engine.execution.InvocationInterceptorChain$ValidatingInvocation.proceed(InvocationInterceptorChain.java:131)
	at org.junit.jupiter.engine.extension.SameThreadTimeoutInvocation.proceed(SameThreadTimeoutInvocation.java:49)
	at org.junit.jupiter.engine.extension.TimeoutExtension.intercept(TimeoutExtension.java:161)
	at org.junit.jupiter.engine.extension.TimeoutExtension.interceptTestableMethod(TimeoutExtension.java:152)
	at org.junit.jupiter.engine.extension.TimeoutExtension.interceptTestTemplateMethod(TimeoutExtension.java:99)
	at org.junit.jupiter.engine.execution.InterceptingExecutableInvoker$ReflectiveInterceptorCall.lambda$ofVoidMethod$0(InterceptingExecutableInvoker.java:112)
	at org.junit.jupiter.engine.execution.InterceptingExecutableInvoker.lambda$invoke$0(InterceptingExecutableInvoker.java:94)
	at org.junit.jupiter.engine.execution.InvocationInterceptorChain$InterceptedInvocation.proceed(InvocationInterceptorChain.java:106)
	at org.junit.jupiter.engine.execution.InvocationInterceptorChain.proceed(InvocationInterceptorChain.java:64)
	at org.junit.jupiter.engine.execution.InvocationInterceptorChain.chainAndInvoke(InvocationInterceptorChain.java:45)
	at org.junit.jupiter.engine.execution.InvocationInterceptorChain.invoke(InvocationInterceptorChain.java:37)
	at org.junit.jupiter.engine.execution.InterceptingExecutableInvoker.invoke(InterceptingExecutableInvoker.java:93)
	at org.junit.jupiter.engine.execution.InterceptingExecutableInvoker.invoke(InterceptingExecutableInvoker.java:87)
	at org.junit.jupiter.engine.descriptor.TestMethodTestDescriptor.lambda$invokeTestMethod$4(TestMethodTestDescriptor.java:221)
	at org.junit.platform.engine.support.hierarchical.ThrowableCollector.execute(ThrowableCollector.java:73)
	at org.junit.jupiter.engine.descriptor.TestMethodTestDescriptor.invokeTestMethod(TestMethodTestDescriptor.java:217)
	at org.junit.jupiter.engine.descriptor.TestMethodTestDescriptor.execute(TestMethodTestDescriptor.java:159)
	at org.junit.jupiter.engine.descriptor.TestMethodTestDescriptor.execute(TestMethodTestDescriptor.java:70)
	at org.junit.platform.engine.support.hierarchical.NodeTestTask.lambda$executeRecursively$6(NodeTestTask.java:157)
	at org.junit.platform.engine.support.hierarchical.ThrowableCollector.execute(ThrowableCollector.java:73)
	at org.junit.platform.engine.support.hierarchical.NodeTestTask.lambda$executeRecursively$8(NodeTestTask.java:147)
	at org.junit.platform.engine.support.hierarchical.Node.around(Node.java:137)
	at org.junit.platform.engine.support.hierarchical.NodeTestTask.lambda$executeRecursively$9(NodeTestTask.java:145)
	at org.junit.platform.engine.support.hierarchical.ThrowableCollector.execute(ThrowableCollector.java:73)
	at org.junit.platform.engine.support.hierarchical.NodeTestTask.executeRecursively(NodeTestTask.java:144)
	at org.junit.platform.engine.support.hierarchical.NodeTestTask.execute(NodeTestTask.java:101)
	at org.junit.platform.engine.support.hierarchical.SameThreadHierarchicalTestExecutorService.submit(SameThreadHierarchicalTestExecutorService.java:35)
	at org.junit.platform.engine.support.hierarchical.NodeTestTask$DefaultDynamicTestExecutor.execute(NodeTestTask.java:232)
	at org.junit.platform.engine.support.hierarchical.NodeTestTask$DefaultDynamicTestExecutor.execute(NodeTestTask.java:210)
	at org.junit.jupiter.engine.descriptor.TemplateExecutor.execute(TemplateExecutor.java:98)
	at org.junit.jupiter.engine.descriptor.TemplateExecutor.lambda$executeForProvider$0(TemplateExecutor.java:61)
	at java.base/java.util.Optional.ifPresent(Optional.java:178)
	at org.junit.jupiter.engine.descriptor.TemplateExecutor.lambda$executeForProvider$1(TemplateExecutor.java:61)
	at java.base/java.util.stream.ForEachOps$ForEachOp$OfRef.accept(ForEachOps.java:184)
	at java.base/java.util.stream.ReferencePipeline$3$1.accept(ReferencePipeline.java:197)
	at java.base/java.util.stream.ForEachOps$ForEachOp$OfRef.accept(ForEachOps.java:184)
	at java.base/java.util.stream.ForEachOps$ForEachOp$OfRef.accept(ForEachOps.java:184)
	at java.base/java.util.stream.ReferencePipeline$3$1.accept(ReferencePipeline.java:197)
	at java.base/java.util.Spliterators$ArraySpliterator.forEachRemaining(Spliterators.java:1024)
	at java.base/java.util.stream.AbstractPipeline.copyInto(AbstractPipeline.java:509)
	at java.base/java.util.stream.AbstractPipeline.wrapAndCopyInto(AbstractPipeline.java:499)
	at java.base/java.util.stream.ForEachOps$ForEachOp.evaluateSequential(ForEachOps.java:151)
	at java.base/java.util.stream.ForEachOps$ForEachOp$OfRef.evaluateSequential(ForEachOps.java:174)
	at java.base/java.util.stream.AbstractPipeline.evaluate(AbstractPipeline.java:234)
	at java.base/java.util.stream.ReferencePipeline.forEach(ReferencePipeline.java:596)
	at java.base/java.util.stream.ReferencePipeline$7$1.accept(ReferencePipeline.java:276)
	at java.base/java.util.ArrayList$ArrayListSpliterator.forEachRemaining(ArrayList.java:1708)
	at java.base/java.util.stream.AbstractPipeline.copyInto(AbstractPipeline.java:509)
	at java.base/java.util.stream.AbstractPipeline.wrapAndCopyInto(AbstractPipeline.java:499)
	at java.base/java.util.stream.ForEachOps$ForEachOp.evaluateSequential(ForEachOps.java:151)
	at java.base/java.util.stream.ForEachOps$ForEachOp$OfRef.evaluateSequential(ForEachOps.java:174)
	at java.base/java.util.stream.AbstractPipeline.evaluate(AbstractPipeline.java:234)
	at java.base/java.util.stream.ReferencePipeline.forEach(ReferencePipeline.java:596)
	at java.base/java.util.stream.ReferencePipeline$7$1.accept(ReferencePipeline.java:276)
	at java.base/java.util.stream.ReferencePipeline$3$1.accept(ReferencePipeline.java:197)
	at java.base/java.util.stream.ReferencePipeline$3$1.accept(ReferencePipeline.java:197)
	at java.base/java.util.stream.ReferencePipeline$3$1.accept(ReferencePipeline.java:197)
	at java.base/java.util.ArrayList$ArrayListSpliterator.forEachRemaining(ArrayList.java:1708)
	at java.base/java.util.stream.AbstractPipeline.copyInto(AbstractPipeline.java:509)
	at java.base/java.util.stream.AbstractPipeline.wrapAndCopyInto(AbstractPipeline.java:499)
	at java.base/java.util.stream.ForEachOps$ForEachOp.evaluateSequential(ForEachOps.java:151)
	at java.base/java.util.stream.ForEachOps$ForEachOp$OfRef.evaluateSequential(ForEachOps.java:174)
	at java.base/java.util.stream.AbstractPipeline.evaluate(AbstractPipeline.java:234)
	at java.base/java.util.stream.ReferencePipeline.forEach(ReferencePipeline.java:596)
	at org.junit.jupiter.engine.descriptor.TemplateExecutor.executeForProvider(TemplateExecutor.java:59)
	at org.junit.jupiter.engine.descriptor.TemplateExecutor.execute(TemplateExecutor.java:48)
	at org.junit.jupiter.engine.descriptor.TestTemplateTestDescriptor.execute(TestTemplateTestDescriptor.java:112)
	at org.junit.jupiter.engine.descriptor.TestTemplateTestDescriptor.execute(TestTemplateTestDescriptor.java:40)
	at org.junit.platform.engine.support.hierarchical.NodeTestTask.lambda$executeRecursively$6(NodeTestTask.java:157)
	at org.junit.platform.engine.support.hierarchical.ThrowableCollector.execute(ThrowableCollector.java:73)
	at org.junit.platform.engine.support.hierarchical.NodeTestTask.lambda$executeRecursively$8(NodeTestTask.java:147)
	at org.junit.platform.engine.support.hierarchical.Node.around(Node.java:137)
	at org.junit.platform.engine.support.hierarchical.NodeTestTask.lambda$executeRecursively$9(NodeTestTask.java:145)
	at org.junit.platform.engine.support.hierarchical.ThrowableCollector.execute(ThrowableCollector.java:73)
	at org.junit.platform.engine.support.hierarchical.NodeTestTask.executeRecursively(NodeTestTask.java:144)
	at org.junit.platform.engine.support.hierarchical.NodeTestTask.execute(NodeTestTask.java:101)
	at java.base/java.util.ArrayList.forEach(ArrayList.java:1596)
	at org.junit.platform.engine.support.hierarchical.SameThreadHierarchicalTestExecutorService.invokeAll(SameThreadHierarchicalTestExecutorService.java:41)
	at org.junit.platform.engine.support.hierarchical.NodeTestTask.lambda$executeRecursively$6(NodeTestTask.java:161)
	at org.junit.platform.engine.support.hierarchical.ThrowableCollector.execute(ThrowableCollector.java:73)
	at org.junit.platform.engine.support.hierarchical.NodeTestTask.lambda$executeRecursively$8(NodeTestTask.java:147)
	at org.junit.platform.engine.support.hierarchical.Node.around(Node.java:137)
	at org.junit.platform.engine.support.hierarchical.NodeTestTask.lambda$executeRecursively$9(NodeTestTask.java:145)
	at org.junit.platform.engine.support.hierarchical.ThrowableCollector.execute(ThrowableCollector.java:73)
	at org.junit.platform.engine.support.hierarchical.NodeTestTask.executeRecursively(NodeTestTask.java:144)
	at org.junit.platform.engine.support.hierarchical.NodeTestTask.execute(NodeTestTask.java:101)
	at java.base/java.util.ArrayList.forEach(ArrayList.java:1596)
	at org.junit.platform.engine.support.hierarchical.SameThreadHierarchicalTestExecutorService.invokeAll(SameThreadHierarchicalTestExecutorService.java:41)
	at org.junit.platform.engine.support.hierarchical.NodeTestTask.lambda$executeRecursively$6(NodeTestTask.java:161)
	at org.junit.platform.engine.support.hierarchical.ThrowableCollector.execute(ThrowableCollector.java:73)
	at org.junit.platform.engine.support.hierarchical.NodeTestTask.lambda$executeRecursively$8(NodeTestTask.java:147)
	at org.junit.platform.engine.support.hierarchical.Node.around(Node.java:137)
	at org.junit.platform.engine.support.hierarchical.NodeTestTask.lambda$executeRecursively$9(NodeTestTask.java:145)
	at org.junit.platform.engine.support.hierarchical.ThrowableCollector.execute(ThrowableCollector.java:73)
	at org.junit.platform.engine.support.hierarchical.NodeTestTask.executeRecursively(NodeTestTask.java:144)
	at org.junit.platform.engine.support.hierarchical.NodeTestTask.execute(NodeTestTask.java:101)
	at org.junit.platform.engine.support.hierarchical.SameThreadHierarchicalTestExecutorService.submit(SameThreadHierarchicalTestExecutorService.java:35)
	at org.junit.platform.engine.support.hierarchical.HierarchicalTestExecutor.execute(HierarchicalTestExecutor.java:57)
	at org.junit.platform.engine.support.hierarchical.HierarchicalTestEngine.execute(HierarchicalTestEngine.java:54)
	at org.junit.platform.launcher.core.EngineExecutionOrchestrator.executeEngine(EngineExecutionOrchestrator.java:230)
	at org.junit.platform.launcher.core.EngineExecutionOrchestrator.failOrExecuteEngine(EngineExecutionOrchestrator.java:204)
	at org.junit.platform.launcher.core.EngineExecutionOrchestrator.execute(EngineExecutionOrchestrator.java:172)
	at org.junit.platform.launcher.core.EngineExecutionOrchestrator.execute(EngineExecutionOrchestrator.java:101)
	at org.junit.platform.launcher.core.EngineExecutionOrchestrator.lambda$execute$0(EngineExecutionOrchestrator.java:64)
	at org.junit.platform.launcher.core.EngineExecutionOrchestrator.withInterceptedStreams(EngineExecutionOrchestrator.java:150)
	at org.junit.platform.launcher.core.EngineExecutionOrchestrator.execute(EngineExecutionOrchestrator.java:63)
	at org.junit.platform.launcher.core.DefaultLauncher.execute(DefaultLauncher.java:109)
	at org.junit.platform.launcher.core.DefaultLauncher.execute(DefaultLauncher.java:91)
	at org.junit.platform.launcher.core.DelegatingLauncher.execute(DelegatingLauncher.java:47)
	at org.junit.platform.launcher.core.InterceptingLauncher.lambda$execute$1(InterceptingLauncher.java:39)
	at org.junit.platform.launcher.core.ClasspathAlignmentCheckingLauncherInterceptor.intercept(ClasspathAlignmentCheckingLauncherInterceptor.java:25)
	at org.junit.platform.launcher.core.InterceptingLauncher.execute(InterceptingLauncher.java:38)
	at org.junit.platform.launcher.core.DelegatingLauncher.execute(DelegatingLauncher.java:47)
	at org.apache.maven.surefire.junitplatform.LazyLauncher.execute(LazyLauncher.java:56)
	at org.apache.maven.surefire.junitplatform.JUnitPlatformProvider.execute(JUnitPlatformProvider.java:184)
	at org.apache.maven.surefire.junitplatform.JUnitPlatformProvider.invokeAllTests(JUnitPlatformProvider.java:148)
	at org.apache.maven.surefire.junitplatform.JUnitPlatformProvider.invoke(JUnitPlatformProvider.java:120)
	at org.apache.maven.surefire.booter.ForkedBooter.runSuitesInProcess(ForkedBooter.java:385)
	at org.apache.maven.surefire.booter.ForkedBooter.execute(ForkedBooter.java:162)
	at org.apache.maven.surefire.booter.ForkedBooter.run(ForkedBooter.java:507)
	at org.apache.maven.surefire.booter.ForkedBooter.main(ForkedBooter.java:495)
2025-10-18 02:34:52,243 [main] INFO  volume.HddsVolume (HddsVolume.java:<init>(162)) - HddsVolume: { id=DS-6b891c6c-b467-47ba-9dc0-662dde1495b9 dir=/tmp/junit-4834159524777229140/12c64b79-cba7-4252-96ce-0064253ed9c7/hdds type=DISK capacity=9222449699674390527 used=0 available=9222449699674390527 minFree=184448985434423296 committed=0 }
2025-10-18 02:34:52,244 [main] INFO  volume.MutableVolumeSet (MutableVolumeSet.java:initializeVolumeSet(175)) - Added Volume : /tmp/junit-4834159524777229140/12c64b79-cba7-4252-96ce-0064253ed9c7/hdds to VolumeSet
2025-10-18 02:34:52,244 [main] WARN  server.ServerUtils (ServerUtils.java:getDefaultRatisDirectory(304)) - Storage directory for Ratis is not configured. It is a good idea to map this to an SSD disk. Falling back to ozone.metadata.dirs
2025-10-18 02:34:52,246 [main] INFO  volume.MutableVolumeSet (MutableVolumeSet.java:initializeVolumeSet(175)) - Added Volume : /tmp/junit-4834159524777229140/ratis to VolumeSet
2025-10-18 02:34:52,247 [main] WARN  db.DBStoreBuilder (DBStoreBuilder.java:getDBDirPath(157)) - ozone.scm.datanode.id.dir is not configured. We recommend adding this setting. Falling back to ozone.metadata.dirs instead.
2025-10-18 02:34:52,248 [main] WARN  db.DBStoreBuilder (DBStoreBuilder.java:getDBDirPath(157)) - ozone.scm.datanode.id.dir is not configured. We recommend adding this setting. Falling back to ozone.metadata.dirs instead.
2025-10-18 02:34:52,263 [main] INFO  impl.FilePerChunkStrategy (FilePerChunkStrategy.java:<init>(79)) - ozone.chunk.read.mapped.buffer.max.count is load with 0
2025-10-18 02:34:52,263 [main] INFO  impl.FilePerBlockStrategy (FilePerBlockStrategy.java:<init>(88)) - ozone.chunk.read.mapped.buffer.max.count is load with 0
2025-10-18 02:34:52,265 [main] INFO  server.RaftServerConfigKeys (ConfUtils.java:logGet(62)) - raft.server.log.appender.buffer.byte-limit = 33554432 (custom)
2025-10-18 02:34:52,265 [main] WARN  server.ServerUtils (ServerUtils.java:getDefaultRatisDirectory(304)) - Storage directory for Ratis is not configured. It is a good idea to map this to an SSD disk. Falling back to ozone.metadata.dirs
2025-10-18 02:34:52,267 [main] INFO  grpc.GrpcConfigKeys (ConfUtils.java:logFallback(69)) - raft.grpc.admin.host = null (fallback to raft.grpc.server.host)
2025-10-18 02:34:52,267 [main] INFO  grpc.GrpcConfigKeys (ConfUtils.java:logFallback(69)) - raft.grpc.client.host = null (fallback to raft.grpc.server.host)
2025-10-18 02:34:52,268 [main] INFO  server.GrpcServicesImpl (ConfUtils.java:logGet(62)) - raft.grpc.message.size.max = 34603008 (custom)
2025-10-18 02:34:52,268 [main] INFO  server.GrpcServicesImpl (ConfUtils.java:logGet(62)) - raft.grpc.flow.control.window = 5MB (=5242880) (custom)
2025-10-18 02:34:52,268 [main] INFO  server.RaftServerConfigKeys (ConfUtils.java:logGet(62)) - raft.server.log.appender.buffer.byte-limit = 33554432 (custom)
2025-10-18 02:34:52,270 [main] INFO  netty.NettyUtils (NettyUtils.java:newEventLoopGroup(74)) - Create EpollEventLoopGroup for 93b169b7-de9f-409d-b52e-274c695331f4-NettyServerStreamRpc-bossGroup; Thread size is 0.
2025-10-18 02:34:52,270 [main] INFO  netty.NettyUtils (NettyUtils.java:newEventLoopGroup(74)) - Create EpollEventLoopGroup for 93b169b7-de9f-409d-b52e-274c695331f4-NettyServerStreamRpc-workerGroup; Thread size is 0.
2025-10-18 02:34:52,272 [main] INFO  server.RaftServerConfigKeys (ConfUtils.java:logGet(62)) - raft.server.storage.dir = [/tmp/junit-4834159524777229140/ratis] (custom)
2025-10-18 02:34:52,272 [93b169b7-de9f-409d-b52e-274c695331f4-NettyServerStreamRpc-bossGroup--thread1] INFO  logging.LoggingHandler (AbstractInternalLogger.java:log(148)) - [id: 0xdcc199da] REGISTERED
2025-10-18 02:34:52,273 [93b169b7-de9f-409d-b52e-274c695331f4-NettyServerStreamRpc-bossGroup--thread1] INFO  logging.LoggingHandler (AbstractInternalLogger.java:log(148)) - [id: 0xdcc199da] BIND: 0.0.0.0/0.0.0.0:0
2025-10-18 02:34:52,273 [93b169b7-de9f-409d-b52e-274c695331f4-impl-thread1] INFO  server.RaftServer (RaftServerProxy.java:initGroupDir(270)) - 93b169b7-de9f-409d-b52e-274c695331f4: found a subdirectory /tmp/junit-4834159524777229140/ratis/tmp
2025-10-18 02:34:52,273 [93b169b7-de9f-409d-b52e-274c695331f4-impl-thread1] INFO  server.RaftServer (RaftServerProxy.java:initGroupDir(275)) - 93b169b7-de9f-409d-b52e-274c695331f4: The directory /tmp/junit-4834159524777229140/ratis/tmp is not a group directory; ignoring it. 
2025-10-18 02:34:52,273 [93b169b7-de9f-409d-b52e-274c695331f4-NettyServerStreamRpc-bossGroup--thread1] INFO  logging.LoggingHandler (AbstractInternalLogger.java:log(148)) - [id: 0xdcc199da, L:/0.0.0.0:43145] ACTIVE
2025-10-18 02:34:52,273 [main] INFO  replication.ReplicationServer (ReplicationServer.java:<init>(84)) - Initializing replication server with thread count = 10 queue length = 4096
2025-10-18 02:34:52,275 [main] INFO  server.XceiverServerGrpc (XceiverServerGrpc.java:<init>(129)) - GrpcServer channel type EpollServerSocketChannel
2025-10-18 02:34:52,277 [main] INFO  replication.ReplicationSupervisor (ReplicationSupervisor.java:build(169)) - Initializing replication supervisor with thread count = 10
2025-10-18 02:34:52,277 [main] INFO  replication.ReplicationSupervisor (ReplicationSupervisor.java:nodeStateUpdated(358)) - Node state updated to IN_SERVICE, scaling executor pool size to 10
2025-10-18 02:34:52,284 [main] INFO  ozoneimpl.OzoneContainer (OzoneContainer.java:stop(568)) - Attempting to stop container services.
2025-10-18 02:34:52,285 [main] INFO  utils.BackgroundService (BackgroundService.java:shutdown(195)) - Shutting down service BlockDeletingService
2025-10-18 02:34:52,285 [main] INFO  utils.BackgroundService (BackgroundService.java:shutdown(195)) - Shutting down service StaleRecoveringContainerScrubbingService
2025-10-18 02:34:52,288 [main] INFO  upgrade.AbstractLayoutVersionManager (AbstractLayoutVersionManager.java:init(80)) - Initializing Layout version manager with metadata layout = ERASURE_CODED_STORAGE_SUPPORT (version = 3), software layout = WITNESSED_CONTAINER_DB_PROTO_VALUE (version = 9)
2025-10-18 02:34:52,289 [main] INFO  upgrade.HDDSLayoutVersionManager (HDDSLayoutVersionManager.java:lambda$registerUpgradeActions$0(81)) - Registering Upgrade Action : DatanodeSchemaV3FinalizeAction
2025-10-18 02:34:52,289 [main] INFO  upgrade.HDDSLayoutVersionManager (HDDSLayoutVersionManager.java:lambda$registerUpgradeActions$0(81)) - Registering Upgrade Action : ContainerTableSchemaFinalizeAction
2025-10-18 02:34:52,289 [main] INFO  statemachine.DatanodeStateMachine (DatanodeStateMachine.java:getEndPointTaskThreadPoolSize(321)) - Datanode State Machine Task Thread Pool size 2
2025-10-18 02:34:52,295 [main] INFO  volume.HddsVolume (HddsVolume.java:<init>(162)) - HddsVolume: { id=c58b9f54-4a88-4da6-8756-e8e8946ca047 dir=/home/runner/work/ozone/ozone/hadoop-hdds/container-service/file:/home/runner/work/ozone/ozone/hadoop-hdds/container-service/target/tmp/dfs/data type=DISK failed }
2025-10-18 02:34:52,295 [main] ERROR volume.MutableVolumeSet (MutableVolumeSet.java:initializeVolumeSet(194)) - Failed to parse the storage location: file:///home/runner/work/ozone/ozone/hadoop-hdds/container-service/target/tmp/dfs/data
org.apache.hadoop.ozone.common.InconsistentStorageStateException: Mismatched DatanodeUUIDs. Version File : /home/runner/work/ozone/ozone/hadoop-hdds/container-service/target/tmp/dfs/data/hdds/VERSION has datanodeUuid: c3d05b50-810d-4b78-be46-d77415fe1b4d and Datanode has datanodeUuid: 93b169b7-de9f-409d-b52e-274c695331f4
	at org.apache.hadoop.ozone.container.common.utils.StorageVolumeUtil.getDatanodeUUID(StorageVolumeUtil.java:122)
	at org.apache.hadoop.ozone.container.common.volume.StorageVolume.readVersionFile(StorageVolume.java:385)
	at org.apache.hadoop.ozone.container.common.volume.StorageVolume.initializeImpl(StorageVolume.java:240)
	at org.apache.hadoop.ozone.container.common.volume.StorageVolume.initialize(StorageVolume.java:215)
	at org.apache.hadoop.ozone.container.common.volume.HddsVolume.<init>(HddsVolume.java:151)
	at org.apache.hadoop.ozone.container.common.volume.HddsVolume.<init>(HddsVolume.java:80)
	at org.apache.hadoop.ozone.container.common.volume.HddsVolume$Builder.build(HddsVolume.java:130)
	at org.apache.hadoop.ozone.container.common.volume.HddsVolumeFactory.createVolume(HddsVolumeFactory.java:46)
	at org.apache.hadoop.ozone.container.common.volume.MutableVolumeSet.initializeVolumeSet(MutableVolumeSet.java:172)
	at org.apache.hadoop.ozone.container.common.volume.MutableVolumeSet.<init>(MutableVolumeSet.java:130)
	at org.apache.hadoop.ozone.container.common.volume.MutableVolumeSet.<init>(MutableVolumeSet.java:92)
	at org.apache.hadoop.ozone.container.ozoneimpl.OzoneContainer.<init>(OzoneContainer.java:170)
	at org.apache.hadoop.ozone.container.common.statemachine.DatanodeStateMachine.<init>(DatanodeStateMachine.java:191)
	at org.apache.hadoop.ozone.container.common.statemachine.DatanodeStateMachine.<init>(DatanodeStateMachine.java:305)
	at org.apache.hadoop.ozone.container.upgrade.UpgradeTestHelper.restartDatanode(UpgradeTestHelper.java:108)
	at org.apache.hadoop.ozone.container.upgrade.TestDatanodeUpgradeToSchemaV3.testFinalizeFailure(TestDatanodeUpgradeToSchemaV3.java:537)
	at java.base/jdk.internal.reflect.DirectMethodHandleAccessor.invoke(DirectMethodHandleAccessor.java:103)
	at java.base/java.lang.reflect.Method.invoke(Method.java:580)
	at org.junit.platform.commons.util.ReflectionUtils.invokeMethod(ReflectionUtils.java:786)
	at org.junit.platform.commons.support.ReflectionSupport.invokeMethod(ReflectionSupport.java:514)
	at org.junit.jupiter.engine.execution.MethodInvocation.proceed(MethodInvocation.java:60)
	at org.junit.jupiter.engine.execution.InvocationInterceptorChain$ValidatingInvocation.proceed(InvocationInterceptorChain.java:131)
	at org.junit.jupiter.engine.extension.SameThreadTimeoutInvocation.proceed(SameThreadTimeoutInvocation.java:49)
	at org.junit.jupiter.engine.extension.TimeoutExtension.intercept(TimeoutExtension.java:161)
	at org.junit.jupiter.engine.extension.TimeoutExtension.interceptTestableMethod(TimeoutExtension.java:152)
	at org.junit.jupiter.engine.extension.TimeoutExtension.interceptTestTemplateMethod(TimeoutExtension.java:99)
	at org.junit.jupiter.engine.execution.InterceptingExecutableInvoker$ReflectiveInterceptorCall.lambda$ofVoidMethod$0(InterceptingExecutableInvoker.java:112)
	at org.junit.jupiter.engine.execution.InterceptingExecutableInvoker.lambda$invoke$0(InterceptingExecutableInvoker.java:94)
	at org.junit.jupiter.engine.execution.InvocationInterceptorChain$InterceptedInvocation.proceed(InvocationInterceptorChain.java:106)
	at org.junit.jupiter.engine.execution.InvocationInterceptorChain.proceed(InvocationInterceptorChain.java:64)
	at org.junit.jupiter.engine.execution.InvocationInterceptorChain.chainAndInvoke(InvocationInterceptorChain.java:45)
	at org.junit.jupiter.engine.execution.InvocationInterceptorChain.invoke(InvocationInterceptorChain.java:37)
	at org.junit.jupiter.engine.execution.InterceptingExecutableInvoker.invoke(InterceptingExecutableInvoker.java:93)
	at org.junit.jupiter.engine.execution.InterceptingExecutableInvoker.invoke(InterceptingExecutableInvoker.java:87)
	at org.junit.jupiter.engine.descriptor.TestMethodTestDescriptor.lambda$invokeTestMethod$4(TestMethodTestDescriptor.java:221)
	at org.junit.platform.engine.support.hierarchical.ThrowableCollector.execute(ThrowableCollector.java:73)
	at org.junit.jupiter.engine.descriptor.TestMethodTestDescriptor.invokeTestMethod(TestMethodTestDescriptor.java:217)
	at org.junit.jupiter.engine.descriptor.TestMethodTestDescriptor.execute(TestMethodTestDescriptor.java:159)
	at org.junit.jupiter.engine.descriptor.TestMethodTestDescriptor.execute(TestMethodTestDescriptor.java:70)
	at org.junit.platform.engine.support.hierarchical.NodeTestTask.lambda$executeRecursively$6(NodeTestTask.java:157)
	at org.junit.platform.engine.support.hierarchical.ThrowableCollector.execute(ThrowableCollector.java:73)
	at org.junit.platform.engine.support.hierarchical.NodeTestTask.lambda$executeRecursively$8(NodeTestTask.java:147)
	at org.junit.platform.engine.support.hierarchical.Node.around(Node.java:137)
	at org.junit.platform.engine.support.hierarchical.NodeTestTask.lambda$executeRecursively$9(NodeTestTask.java:145)
	at org.junit.platform.engine.support.hierarchical.ThrowableCollector.execute(ThrowableCollector.java:73)
	at org.junit.platform.engine.support.hierarchical.NodeTestTask.executeRecursively(NodeTestTask.java:144)
	at org.junit.platform.engine.support.hierarchical.NodeTestTask.execute(NodeTestTask.java:101)
	at org.junit.platform.engine.support.hierarchical.SameThreadHierarchicalTestExecutorService.submit(SameThreadHierarchicalTestExecutorService.java:35)
	at org.junit.platform.engine.support.hierarchical.NodeTestTask$DefaultDynamicTestExecutor.execute(NodeTestTask.java:232)
	at org.junit.platform.engine.support.hierarchical.NodeTestTask$DefaultDynamicTestExecutor.execute(NodeTestTask.java:210)
	at org.junit.jupiter.engine.descriptor.TemplateExecutor.execute(TemplateExecutor.java:98)
	at org.junit.jupiter.engine.descriptor.TemplateExecutor.lambda$executeForProvider$0(TemplateExecutor.java:61)
	at java.base/java.util.Optional.ifPresent(Optional.java:178)
	at org.junit.jupiter.engine.descriptor.TemplateExecutor.lambda$executeForProvider$1(TemplateExecutor.java:61)
	at java.base/java.util.stream.ForEachOps$ForEachOp$OfRef.accept(ForEachOps.java:184)
	at java.base/java.util.stream.ReferencePipeline$3$1.accept(ReferencePipeline.java:197)
	at java.base/java.util.stream.ForEachOps$ForEachOp$OfRef.accept(ForEachOps.java:184)
	at java.base/java.util.stream.ForEachOps$ForEachOp$OfRef.accept(ForEachOps.java:184)
	at java.base/java.util.stream.ReferencePipeline$3$1.accept(ReferencePipeline.java:197)
	at java.base/java.util.Spliterators$ArraySpliterator.forEachRemaining(Spliterators.java:1024)
	at java.base/java.util.stream.AbstractPipeline.copyInto(AbstractPipeline.java:509)
	at java.base/java.util.stream.AbstractPipeline.wrapAndCopyInto(AbstractPipeline.java:499)
	at java.base/java.util.stream.ForEachOps$ForEachOp.evaluateSequential(ForEachOps.java:151)
	at java.base/java.util.stream.ForEachOps$ForEachOp$OfRef.evaluateSequential(ForEachOps.java:174)
	at java.base/java.util.stream.AbstractPipeline.evaluate(AbstractPipeline.java:234)
	at java.base/java.util.stream.ReferencePipeline.forEach(ReferencePipeline.java:596)
	at java.base/java.util.stream.ReferencePipeline$7$1.accept(ReferencePipeline.java:276)
	at java.base/java.util.ArrayList$ArrayListSpliterator.forEachRemaining(ArrayList.java:1708)
	at java.base/java.util.stream.AbstractPipeline.copyInto(AbstractPipeline.java:509)
	at java.base/java.util.stream.AbstractPipeline.wrapAndCopyInto(AbstractPipeline.java:499)
	at java.base/java.util.stream.ForEachOps$ForEachOp.evaluateSequential(ForEachOps.java:151)
	at java.base/java.util.stream.ForEachOps$ForEachOp$OfRef.evaluateSequential(ForEachOps.java:174)
	at java.base/java.util.stream.AbstractPipeline.evaluate(AbstractPipeline.java:234)
	at java.base/java.util.stream.ReferencePipeline.forEach(ReferencePipeline.java:596)
	at java.base/java.util.stream.ReferencePipeline$7$1.accept(ReferencePipeline.java:276)
	at java.base/java.util.stream.ReferencePipeline$3$1.accept(ReferencePipeline.java:197)
	at java.base/java.util.stream.ReferencePipeline$3$1.accept(ReferencePipeline.java:197)
	at java.base/java.util.stream.ReferencePipeline$3$1.accept(ReferencePipeline.java:197)
	at java.base/java.util.ArrayList$ArrayListSpliterator.forEachRemaining(ArrayList.java:1708)
	at java.base/java.util.stream.AbstractPipeline.copyInto(AbstractPipeline.java:509)
	at java.base/java.util.stream.AbstractPipeline.wrapAndCopyInto(AbstractPipeline.java:499)
	at java.base/java.util.stream.ForEachOps$ForEachOp.evaluateSequential(ForEachOps.java:151)
	at java.base/java.util.stream.ForEachOps$ForEachOp$OfRef.evaluateSequential(ForEachOps.java:174)
	at java.base/java.util.stream.AbstractPipeline.evaluate(AbstractPipeline.java:234)
	at java.base/java.util.stream.ReferencePipeline.forEach(ReferencePipeline.java:596)
	at org.junit.jupiter.engine.descriptor.TemplateExecutor.executeForProvider(TemplateExecutor.java:59)
	at org.junit.jupiter.engine.descriptor.TemplateExecutor.execute(TemplateExecutor.java:48)
	at org.junit.jupiter.engine.descriptor.TestTemplateTestDescriptor.execute(TestTemplateTestDescriptor.java:112)
	at org.junit.jupiter.engine.descriptor.TestTemplateTestDescriptor.execute(TestTemplateTestDescriptor.java:40)
	at org.junit.platform.engine.support.hierarchical.NodeTestTask.lambda$executeRecursively$6(NodeTestTask.java:157)
	at org.junit.platform.engine.support.hierarchical.ThrowableCollector.execute(ThrowableCollector.java:73)
	at org.junit.platform.engine.support.hierarchical.NodeTestTask.lambda$executeRecursively$8(NodeTestTask.java:147)
	at org.junit.platform.engine.support.hierarchical.Node.around(Node.java:137)
	at org.junit.platform.engine.support.hierarchical.NodeTestTask.lambda$executeRecursively$9(NodeTestTask.java:145)
	at org.junit.platform.engine.support.hierarchical.ThrowableCollector.execute(ThrowableCollector.java:73)
	at org.junit.platform.engine.support.hierarchical.NodeTestTask.executeRecursively(NodeTestTask.java:144)
	at org.junit.platform.engine.support.hierarchical.NodeTestTask.execute(NodeTestTask.java:101)
	at java.base/java.util.ArrayList.forEach(ArrayList.java:1596)
	at org.junit.platform.engine.support.hierarchical.SameThreadHierarchicalTestExecutorService.invokeAll(SameThreadHierarchicalTestExecutorService.java:41)
	at org.junit.platform.engine.support.hierarchical.NodeTestTask.lambda$executeRecursively$6(NodeTestTask.java:161)
	at org.junit.platform.engine.support.hierarchical.ThrowableCollector.execute(ThrowableCollector.java:73)
	at org.junit.platform.engine.support.hierarchical.NodeTestTask.lambda$executeRecursively$8(NodeTestTask.java:147)
	at org.junit.platform.engine.support.hierarchical.Node.around(Node.java:137)
	at org.junit.platform.engine.support.hierarchical.NodeTestTask.lambda$executeRecursively$9(NodeTestTask.java:145)
	at org.junit.platform.engine.support.hierarchical.ThrowableCollector.execute(ThrowableCollector.java:73)
	at org.junit.platform.engine.support.hierarchical.NodeTestTask.executeRecursively(NodeTestTask.java:144)
	at org.junit.platform.engine.support.hierarchical.NodeTestTask.execute(NodeTestTask.java:101)
	at java.base/java.util.ArrayList.forEach(ArrayList.java:1596)
	at org.junit.platform.engine.support.hierarchical.SameThreadHierarchicalTestExecutorService.invokeAll(SameThreadHierarchicalTestExecutorService.java:41)
	at org.junit.platform.engine.support.hierarchical.NodeTestTask.lambda$executeRecursively$6(NodeTestTask.java:161)
	at org.junit.platform.engine.support.hierarchical.ThrowableCollector.execute(ThrowableCollector.java:73)
	at org.junit.platform.engine.support.hierarchical.NodeTestTask.lambda$executeRecursively$8(NodeTestTask.java:147)
	at org.junit.platform.engine.support.hierarchical.Node.around(Node.java:137)
	at org.junit.platform.engine.support.hierarchical.NodeTestTask.lambda$executeRecursively$9(NodeTestTask.java:145)
	at org.junit.platform.engine.support.hierarchical.ThrowableCollector.execute(ThrowableCollector.java:73)
	at org.junit.platform.engine.support.hierarchical.NodeTestTask.executeRecursively(NodeTestTask.java:144)
	at org.junit.platform.engine.support.hierarchical.NodeTestTask.execute(NodeTestTask.java:101)
	at org.junit.platform.engine.support.hierarchical.SameThreadHierarchicalTestExecutorService.submit(SameThreadHierarchicalTestExecutorService.java:35)
	at org.junit.platform.engine.support.hierarchical.HierarchicalTestExecutor.execute(HierarchicalTestExecutor.java:57)
	at org.junit.platform.engine.support.hierarchical.HierarchicalTestEngine.execute(HierarchicalTestEngine.java:54)
	at org.junit.platform.launcher.core.EngineExecutionOrchestrator.executeEngine(EngineExecutionOrchestrator.java:230)
	at org.junit.platform.launcher.core.EngineExecutionOrchestrator.failOrExecuteEngine(EngineExecutionOrchestrator.java:204)
	at org.junit.platform.launcher.core.EngineExecutionOrchestrator.execute(EngineExecutionOrchestrator.java:172)
	at org.junit.platform.launcher.core.EngineExecutionOrchestrator.execute(EngineExecutionOrchestrator.java:101)
	at org.junit.platform.launcher.core.EngineExecutionOrchestrator.lambda$execute$0(EngineExecutionOrchestrator.java:64)
	at org.junit.platform.launcher.core.EngineExecutionOrchestrator.withInterceptedStreams(EngineExecutionOrchestrator.java:150)
	at org.junit.platform.launcher.core.EngineExecutionOrchestrator.execute(EngineExecutionOrchestrator.java:63)
	at org.junit.platform.launcher.core.DefaultLauncher.execute(DefaultLauncher.java:109)
	at org.junit.platform.launcher.core.DefaultLauncher.execute(DefaultLauncher.java:91)
	at org.junit.platform.launcher.core.DelegatingLauncher.execute(DelegatingLauncher.java:47)
	at org.junit.platform.launcher.core.InterceptingLauncher.lambda$execute$1(InterceptingLauncher.java:39)
	at org.junit.platform.launcher.core.ClasspathAlignmentCheckingLauncherInterceptor.intercept(ClasspathAlignmentCheckingLauncherInterceptor.java:25)
	at org.junit.platform.launcher.core.InterceptingLauncher.execute(InterceptingLauncher.java:38)
	at org.junit.platform.launcher.core.DelegatingLauncher.execute(DelegatingLauncher.java:47)
	at org.apache.maven.surefire.junitplatform.LazyLauncher.execute(LazyLauncher.java:56)
	at org.apache.maven.surefire.junitplatform.JUnitPlatformProvider.execute(JUnitPlatformProvider.java:184)
	at org.apache.maven.surefire.junitplatform.JUnitPlatformProvider.invokeAllTests(JUnitPlatformProvider.java:148)
	at org.apache.maven.surefire.junitplatform.JUnitPlatformProvider.invoke(JUnitPlatformProvider.java:120)
	at org.apache.maven.surefire.booter.ForkedBooter.runSuitesInProcess(ForkedBooter.java:385)
	at org.apache.maven.surefire.booter.ForkedBooter.execute(ForkedBooter.java:162)
	at org.apache.maven.surefire.booter.ForkedBooter.run(ForkedBooter.java:507)
	at org.apache.maven.surefire.booter.ForkedBooter.main(ForkedBooter.java:495)
2025-10-18 02:34:52,298 [main] INFO  volume.HddsVolume (HddsVolume.java:<init>(162)) - HddsVolume: { id=DS-e68a452c-c1c8-4e6d-a20b-cdb4bbda88ad dir=/tmp/junit-4834159524777229140/12c64b79-cba7-4252-96ce-0064253ed9c7/hdds type=DISK capacity=9222449699674390527 used=0 available=9222449699674390527 minFree=184448985434423296 committed=0 }
2025-10-18 02:34:52,298 [main] INFO  volume.MutableVolumeSet (MutableVolumeSet.java:initializeVolumeSet(175)) - Added Volume : /tmp/junit-4834159524777229140/12c64b79-cba7-4252-96ce-0064253ed9c7/hdds to VolumeSet
2025-10-18 02:34:52,299 [main] WARN  server.ServerUtils (ServerUtils.java:getDefaultRatisDirectory(304)) - Storage directory for Ratis is not configured. It is a good idea to map this to an SSD disk. Falling back to ozone.metadata.dirs
2025-10-18 02:34:52,300 [main] INFO  volume.MutableVolumeSet (MutableVolumeSet.java:initializeVolumeSet(175)) - Added Volume : /tmp/junit-4834159524777229140/ratis to VolumeSet
2025-10-18 02:34:52,301 [main] WARN  db.DBStoreBuilder (DBStoreBuilder.java:getDBDirPath(157)) - ozone.scm.datanode.id.dir is not configured. We recommend adding this setting. Falling back to ozone.metadata.dirs instead.
2025-10-18 02:34:52,302 [main] WARN  db.DBStoreBuilder (DBStoreBuilder.java:getDBDirPath(157)) - ozone.scm.datanode.id.dir is not configured. We recommend adding this setting. Falling back to ozone.metadata.dirs instead.
2025-10-18 02:34:52,315 [main] INFO  impl.FilePerChunkStrategy (FilePerChunkStrategy.java:<init>(79)) - ozone.chunk.read.mapped.buffer.max.count is load with 0
2025-10-18 02:34:52,316 [main] INFO  impl.FilePerBlockStrategy (FilePerBlockStrategy.java:<init>(88)) - ozone.chunk.read.mapped.buffer.max.count is load with 0
2025-10-18 02:34:52,318 [main] INFO  server.RaftServerConfigKeys (ConfUtils.java:logGet(62)) - raft.server.log.appender.buffer.byte-limit = 33554432 (custom)
2025-10-18 02:34:52,319 [main] WARN  server.ServerUtils (ServerUtils.java:getDefaultRatisDirectory(304)) - Storage directory for Ratis is not configured. It is a good idea to map this to an SSD disk. Falling back to ozone.metadata.dirs
2025-10-18 02:34:52,320 [main] INFO  grpc.GrpcConfigKeys (ConfUtils.java:logFallback(69)) - raft.grpc.admin.host = null (fallback to raft.grpc.server.host)
2025-10-18 02:34:52,321 [main] INFO  grpc.GrpcConfigKeys (ConfUtils.java:logFallback(69)) - raft.grpc.client.host = null (fallback to raft.grpc.server.host)
2025-10-18 02:34:52,322 [main] INFO  server.GrpcServicesImpl (ConfUtils.java:logGet(62)) - raft.grpc.message.size.max = 34603008 (custom)
2025-10-18 02:34:52,322 [main] INFO  server.GrpcServicesImpl (ConfUtils.java:logGet(62)) - raft.grpc.flow.control.window = 5MB (=5242880) (custom)
2025-10-18 02:34:52,324 [main] INFO  server.RaftServerConfigKeys (ConfUtils.java:logGet(62)) - raft.server.log.appender.buffer.byte-limit = 33554432 (custom)
2025-10-18 02:34:52,325 [main] INFO  netty.NettyUtils (NettyUtils.java:newEventLoopGroup(74)) - Create EpollEventLoopGroup for 93b169b7-de9f-409d-b52e-274c695331f4-NettyServerStreamRpc-bossGroup; Thread size is 0.
2025-10-18 02:34:52,326 [main] INFO  netty.NettyUtils (NettyUtils.java:newEventLoopGroup(74)) - Create EpollEventLoopGroup for 93b169b7-de9f-409d-b52e-274c695331f4-NettyServerStreamRpc-workerGroup; Thread size is 0.
2025-10-18 02:34:52,327 [93b169b7-de9f-409d-b52e-274c695331f4-NettyServerStreamRpc-bossGroup--thread1] INFO  logging.LoggingHandler (AbstractInternalLogger.java:log(148)) - [id: 0x6d66de1a] REGISTERED
2025-10-18 02:34:52,327 [93b169b7-de9f-409d-b52e-274c695331f4-impl-thread1] INFO  server.RaftServer (RaftServerProxy.java:initGroupDir(270)) - 93b169b7-de9f-409d-b52e-274c695331f4: found a subdirectory /tmp/junit-4834159524777229140/ratis/tmp
2025-10-18 02:34:52,328 [93b169b7-de9f-409d-b52e-274c695331f4-impl-thread1] INFO  server.RaftServer (RaftServerProxy.java:initGroupDir(275)) - 93b169b7-de9f-409d-b52e-274c695331f4: The directory /tmp/junit-4834159524777229140/ratis/tmp is not a group directory; ignoring it. 
2025-10-18 02:34:52,328 [main] INFO  replication.ReplicationServer (ReplicationServer.java:<init>(84)) - Initializing replication server with thread count = 10 queue length = 4096
2025-10-18 02:34:52,328 [93b169b7-de9f-409d-b52e-274c695331f4-NettyServerStreamRpc-bossGroup--thread1] INFO  logging.LoggingHandler (AbstractInternalLogger.java:log(148)) - [id: 0x6d66de1a] BIND: 0.0.0.0/0.0.0.0:0
2025-10-18 02:34:52,329 [93b169b7-de9f-409d-b52e-274c695331f4-NettyServerStreamRpc-bossGroup--thread1] INFO  logging.LoggingHandler (AbstractInternalLogger.java:log(148)) - [id: 0x6d66de1a, L:/0.0.0.0:36313] ACTIVE
2025-10-18 02:34:52,329 [main] INFO  server.XceiverServerGrpc (XceiverServerGrpc.java:<init>(129)) - GrpcServer channel type EpollServerSocketChannel
2025-10-18 02:34:52,331 [main] INFO  replication.ReplicationSupervisor (ReplicationSupervisor.java:build(169)) - Initializing replication supervisor with thread count = 10
2025-10-18 02:34:52,331 [main] INFO  replication.ReplicationSupervisor (ReplicationSupervisor.java:nodeStateUpdated(358)) - Node state updated to IN_SERVICE, scaling executor pool size to 10
2025-10-18 02:34:52,341 [93b169b7-de9f-409d-b52e-274c695331f4-ContainerReader-0] INFO  ozoneimpl.ContainerReader (ContainerReader.java:readVolume(147)) - Start to verify containers on volume /tmp/junit-4834159524777229140/12c64b79-cba7-4252-96ce-0064253ed9c7/hdds
2025-10-18 02:34:52,341 [93b169b7-de9f-409d-b52e-274c695331f4-ContainerReader-0] INFO  ozoneimpl.ContainerReader (ContainerReader.java:readVolume(177)) - Finish verifying containers on volume /tmp/junit-4834159524777229140/12c64b79-cba7-4252-96ce-0064253ed9c7/hdds
2025-10-18 02:34:52,342 [main] INFO  ozoneimpl.OzoneContainer (OzoneContainer.java:buildContainerSet(359)) - Build ContainerSet costs 0s
2025-10-18 02:34:52,342 [main] INFO  volume.ThrottledAsyncChecker (ThrottledAsyncChecker.java:schedule(138)) - Scheduling a check for /tmp/junit-4834159524777229140/12c64b79-cba7-4252-96ce-0064253ed9c7/hdds
2025-10-18 02:34:52,343 [main] INFO  volume.StorageVolumeChecker (StorageVolumeChecker.java:checkAllVolumes(231)) - Scheduled health check for volume /tmp/junit-4834159524777229140/12c64b79-cba7-4252-96ce-0064253ed9c7/hdds
2025-10-18 02:34:52,344 [main] INFO  volume.ThrottledAsyncChecker (ThrottledAsyncChecker.java:schedule(138)) - Scheduling a check for /tmp/junit-4834159524777229140/ratis
2025-10-18 02:34:52,345 [main] INFO  volume.StorageVolumeChecker (StorageVolumeChecker.java:checkAllVolumes(231)) - Scheduled health check for volume /tmp/junit-4834159524777229140/ratis
2025-10-18 02:34:52,346 [main] INFO  ozoneimpl.OzoneContainer (OzoneContainer.java:start(544)) - Attempting to start container services.
2025-10-18 02:34:52,347 [ContainerMetadataScanner] INFO  ozoneimpl.AbstractBackgroundContainerScanner (AbstractBackgroundContainerScanner.java:runIteration(89)) - Completed an iteration in 0 minutes. Number of iterations (since the data-node restart) : 1, Number of containers scanned in this iteration : 0, Number of unhealthy containers found in this iteration : 0
2025-10-18 02:34:52,348 [ContainerDataScanner(/tmp/junit-4834159524777229140/12c64b79-cba7-4252-96ce-0064253ed9c7/hdds)] INFO  ozoneimpl.AbstractBackgroundContainerScanner (AbstractBackgroundContainerScanner.java:runIteration(89)) - Completed an iteration in 0 minutes. Number of iterations (since the data-node restart) : 1, Number of containers scanned in this iteration : 0, Number of unhealthy containers found in this iteration : 0
2025-10-18 02:34:52,349 [main] INFO  replication.ReplicationServer (ReplicationServer.java:start(137)) - ReplicationServer is started using port 9886
2025-10-18 02:34:52,349 [main] INFO  ratis.XceiverServerRatis (XceiverServerRatis.java:start(559)) - Starting XceiverServerRatis(93b169b7-de9f-409d-b52e-274c695331f4)
2025-10-18 02:34:52,352 [main] INFO  server.RaftServer (RaftServerProxy.java:startImpl(412)) - 93b169b7-de9f-409d-b52e-274c695331f4: start RPC server
2025-10-18 02:34:52,352 [main] INFO  server.GrpcServicesImpl (GrpcServicesImpl.java:startImpl(346)) - 93b169b7-de9f-409d-b52e-274c695331f4: GrpcServicesImpl started, listening on 9858
2025-10-18 02:34:52,353 [main] INFO  ratis.XceiverServerRatis (XceiverServerRatis.java:getRealPort(586)) - XceiverServerRatis(93b169b7-de9f-409d-b52e-274c695331f4) is started using port RATIS=9858
2025-10-18 02:34:52,353 [main] INFO  ratis.XceiverServerRatis (XceiverServerRatis.java:getRealPort(586)) - XceiverServerRatis(93b169b7-de9f-409d-b52e-274c695331f4) is started using port RATIS_ADMIN=9858
2025-10-18 02:34:52,353 [main] INFO  ratis.XceiverServerRatis (XceiverServerRatis.java:getRealPort(586)) - XceiverServerRatis(93b169b7-de9f-409d-b52e-274c695331f4) is started using port RATIS_SERVER=9858
2025-10-18 02:34:52,354 [main] INFO  ratis.XceiverServerRatis (XceiverServerRatis.java:getRealPort(586)) - XceiverServerRatis(93b169b7-de9f-409d-b52e-274c695331f4) is started using port RATIS_DATASTREAM=36313
2025-10-18 02:34:52,354 [JvmPauseMonitor2] INFO  util.JvmPauseMonitor (JvmPauseMonitor.java:run(146)) - JvmPauseMonitor-93b169b7-de9f-409d-b52e-274c695331f4: Started
2025-10-18 02:34:52,355 [main] INFO  utils.BackgroundService (BackgroundService.java:start(119)) - Starting service BlockDeletingService with interval 60000 milliseconds
2025-10-18 02:34:52,355 [main] INFO  utils.BackgroundService (BackgroundService.java:start(119)) - Starting service StaleRecoveringContainerScrubbingService with interval 60000 milliseconds
2025-10-18 02:34:52,415 [main] INFO  keyvalue.KeyValueContainer (KeyValueContainer.java:flushAndSyncDB(514)) - Synced container: KeyValueContainerData #1503814317 (CLOSING, non-empty, ri=0, origin=[dn_93b169b7-de9f-409d-b52e-274c695331f4, pipeline_])
2025-10-18 02:34:52,416 [main] INFO  keyvalue.KeyValueContainer (KeyValueContainer.java:flushAndSyncDB(514)) - Synced container: KeyValueContainerData #1503814317 (CLOSING, non-empty, ri=0, origin=[dn_93b169b7-de9f-409d-b52e-274c695331f4, pipeline_])
2025-10-18 02:34:52,425 [main] INFO  keyvalue.KeyValueContainer (KeyValueContainer.java:close(430)) - Closed container: KeyValueContainerData #1503814317 (CLOSED, non-empty, ri=0, origin=[dn_93b169b7-de9f-409d-b52e-274c695331f4, pipeline_])
2025-10-18 02:34:52,428 [main] INFO  upgrade.UpgradeFinalizer (BasicUpgradeFinalizer.java:logAndEmit(395)) - Finalization started.
2025-10-18 02:34:52,428 [main] INFO  upgrade.UpgradeFinalizer (BasicUpgradeFinalizer.java:runFinalizationAction(270)) - Running finalization actions for layout feature: DATANODE_SCHEMA_V3
2025-10-18 02:34:52,428 [main] INFO  upgrade.DatanodeSchemaV3FinalizeAction (DatanodeSchemaV3FinalizeAction.java:execute(49)) - Upgrading Datanode volume layout for Schema V3 support.
2025-10-18 02:34:52,429 [main] ERROR upgrade.UpgradeFinalizer (BasicUpgradeFinalizer.java:logAndThrow(413)) - Error during finalization of DATANODE_SCHEMA_V3.
java.io.IOException: Failed to init DB
	at org.apache.hadoop.ozone.container.common.volume.HddsVolume.createDbStore(HddsVolume.java:538)
	at org.apache.hadoop.ozone.container.upgrade.DatanodeSchemaV3FinalizeAction.execute(DatanodeSchemaV3FinalizeAction.java:67)
	at org.apache.hadoop.ozone.container.upgrade.DatanodeSchemaV3FinalizeAction.execute(DatanodeSchemaV3FinalizeAction.java:39)
	at org.apache.hadoop.ozone.upgrade.BasicUpgradeFinalizer.runFinalizationAction(BasicUpgradeFinalizer.java:272)
	at org.apache.hadoop.ozone.upgrade.BasicUpgradeFinalizer.finalizeLayoutFeature(BasicUpgradeFinalizer.java:259)
	at org.apache.hadoop.ozone.container.upgrade.DataNodeUpgradeFinalizer.finalizeLayoutFeature(DataNodeUpgradeFinalizer.java:84)
	at org.apache.hadoop.ozone.container.upgrade.DataNodeUpgradeFinalizer.finalizeLayoutFeature(DataNodeUpgradeFinalizer.java:38)
	at org.apache.hadoop.ozone.upgrade.DefaultUpgradeFinalizationExecutor.finalizeFeatures(DefaultUpgradeFinalizationExecutor.java:70)
	at org.apache.hadoop.ozone.upgrade.DefaultUpgradeFinalizationExecutor.execute(DefaultUpgradeFinalizationExecutor.java:47)
	at org.apache.hadoop.ozone.upgrade.BasicUpgradeFinalizer.finalize(BasicUpgradeFinalizer.java:104)
	at org.apache.hadoop.ozone.container.common.statemachine.DatanodeStateMachine.finalizeUpgrade(DatanodeStateMachine.java:755)
	at org.apache.hadoop.ozone.container.upgrade.TestDatanodeUpgradeToSchemaV3.testFinalizeFailure(TestDatanodeUpgradeToSchemaV3.java:563)
	at java.base/jdk.internal.reflect.DirectMethodHandleAccessor.invoke(DirectMethodHandleAccessor.java:103)
	at java.base/java.lang.reflect.Method.invoke(Method.java:580)
	at org.junit.platform.commons.util.ReflectionUtils.invokeMethod(ReflectionUtils.java:786)
	at org.junit.platform.commons.support.ReflectionSupport.invokeMethod(ReflectionSupport.java:514)
	at org.junit.jupiter.engine.execution.MethodInvocation.proceed(MethodInvocation.java:60)
	at org.junit.jupiter.engine.execution.InvocationInterceptorChain$ValidatingInvocation.proceed(InvocationInterceptorChain.java:131)
	at org.junit.jupiter.engine.extension.SameThreadTimeoutInvocation.proceed(SameThreadTimeoutInvocation.java:49)
	at org.junit.jupiter.engine.extension.TimeoutExtension.intercept(TimeoutExtension.java:161)
	at org.junit.jupiter.engine.extension.TimeoutExtension.interceptTestableMethod(TimeoutExtension.java:152)
	at org.junit.jupiter.engine.extension.TimeoutExtension.interceptTestTemplateMethod(TimeoutExtension.java:99)
	at org.junit.jupiter.engine.execution.InterceptingExecutableInvoker$ReflectiveInterceptorCall.lambda$ofVoidMethod$0(InterceptingExecutableInvoker.java:112)
	at org.junit.jupiter.engine.execution.InterceptingExecutableInvoker.lambda$invoke$0(InterceptingExecutableInvoker.java:94)
	at org.junit.jupiter.engine.execution.InvocationInterceptorChain$InterceptedInvocation.proceed(InvocationInterceptorChain.java:106)
	at org.junit.jupiter.engine.execution.InvocationInterceptorChain.proceed(InvocationInterceptorChain.java:64)
	at org.junit.jupiter.engine.execution.InvocationInterceptorChain.chainAndInvoke(InvocationInterceptorChain.java:45)
	at org.junit.jupiter.engine.execution.InvocationInterceptorChain.invoke(InvocationInterceptorChain.java:37)
	at org.junit.jupiter.engine.execution.InterceptingExecutableInvoker.invoke(InterceptingExecutableInvoker.java:93)
	at org.junit.jupiter.engine.execution.InterceptingExecutableInvoker.invoke(InterceptingExecutableInvoker.java:87)
	at org.junit.jupiter.engine.descriptor.TestMethodTestDescriptor.lambda$invokeTestMethod$4(TestMethodTestDescriptor.java:221)
	at org.junit.platform.engine.support.hierarchical.ThrowableCollector.execute(ThrowableCollector.java:73)
	at org.junit.jupiter.engine.descriptor.TestMethodTestDescriptor.invokeTestMethod(TestMethodTestDescriptor.java:217)
	at org.junit.jupiter.engine.descriptor.TestMethodTestDescriptor.execute(TestMethodTestDescriptor.java:159)
	at org.junit.jupiter.engine.descriptor.TestMethodTestDescriptor.execute(TestMethodTestDescriptor.java:70)
	at org.junit.platform.engine.support.hierarchical.NodeTestTask.lambda$executeRecursively$6(NodeTestTask.java:157)
	at org.junit.platform.engine.support.hierarchical.ThrowableCollector.execute(ThrowableCollector.java:73)
	at org.junit.platform.engine.support.hierarchical.NodeTestTask.lambda$executeRecursively$8(NodeTestTask.java:147)
	at org.junit.platform.engine.support.hierarchical.Node.around(Node.java:137)
	at org.junit.platform.engine.support.hierarchical.NodeTestTask.lambda$executeRecursively$9(NodeTestTask.java:145)
	at org.junit.platform.engine.support.hierarchical.ThrowableCollector.execute(ThrowableCollector.java:73)
	at org.junit.platform.engine.support.hierarchical.NodeTestTask.executeRecursively(NodeTestTask.java:144)
	at org.junit.platform.engine.support.hierarchical.NodeTestTask.execute(NodeTestTask.java:101)
	at org.junit.platform.engine.support.hierarchical.SameThreadHierarchicalTestExecutorService.submit(SameThreadHierarchicalTestExecutorService.java:35)
	at org.junit.platform.engine.support.hierarchical.NodeTestTask$DefaultDynamicTestExecutor.execute(NodeTestTask.java:232)
	at org.junit.platform.engine.support.hierarchical.NodeTestTask$DefaultDynamicTestExecutor.execute(NodeTestTask.java:210)
	at org.junit.jupiter.engine.descriptor.TemplateExecutor.execute(TemplateExecutor.java:98)
	at org.junit.jupiter.engine.descriptor.TemplateExecutor.lambda$executeForProvider$0(TemplateExecutor.java:61)
	at java.base/java.util.Optional.ifPresent(Optional.java:178)
	at org.junit.jupiter.engine.descriptor.TemplateExecutor.lambda$executeForProvider$1(TemplateExecutor.java:61)
	at java.base/java.util.stream.ForEachOps$ForEachOp$OfRef.accept(ForEachOps.java:184)
	at java.base/java.util.stream.ReferencePipeline$3$1.accept(ReferencePipeline.java:197)
	at java.base/java.util.stream.ForEachOps$ForEachOp$OfRef.accept(ForEachOps.java:184)
	at java.base/java.util.stream.ForEachOps$ForEachOp$OfRef.accept(ForEachOps.java:184)
	at java.base/java.util.stream.ReferencePipeline$3$1.accept(ReferencePipeline.java:197)
	at java.base/java.util.Spliterators$ArraySpliterator.forEachRemaining(Spliterators.java:1024)
	at java.base/java.util.stream.AbstractPipeline.copyInto(AbstractPipeline.java:509)
	at java.base/java.util.stream.AbstractPipeline.wrapAndCopyInto(AbstractPipeline.java:499)
	at java.base/java.util.stream.ForEachOps$ForEachOp.evaluateSequential(ForEachOps.java:151)
	at java.base/java.util.stream.ForEachOps$ForEachOp$OfRef.evaluateSequential(ForEachOps.java:174)
	at java.base/java.util.stream.AbstractPipeline.evaluate(AbstractPipeline.java:234)
	at java.base/java.util.stream.ReferencePipeline.forEach(ReferencePipeline.java:596)
	at java.base/java.util.stream.ReferencePipeline$7$1.accept(ReferencePipeline.java:276)
	at java.base/java.util.ArrayList$ArrayListSpliterator.forEachRemaining(ArrayList.java:1708)
	at java.base/java.util.stream.AbstractPipeline.copyInto(AbstractPipeline.java:509)
	at java.base/java.util.stream.AbstractPipeline.wrapAndCopyInto(AbstractPipeline.java:499)
	at java.base/java.util.stream.ForEachOps$ForEachOp.evaluateSequential(ForEachOps.java:151)
	at java.base/java.util.stream.ForEachOps$ForEachOp$OfRef.evaluateSequential(ForEachOps.java:174)
	at java.base/java.util.stream.AbstractPipeline.evaluate(AbstractPipeline.java:234)
	at java.base/java.util.stream.ReferencePipeline.forEach(ReferencePipeline.java:596)
	at java.base/java.util.stream.ReferencePipeline$7$1.accept(ReferencePipeline.java:276)
	at java.base/java.util.stream.ReferencePipeline$3$1.accept(ReferencePipeline.java:197)
	at java.base/java.util.stream.ReferencePipeline$3$1.accept(ReferencePipeline.java:197)
	at java.base/java.util.stream.ReferencePipeline$3$1.accept(ReferencePipeline.java:197)
	at java.base/java.util.ArrayList$ArrayListSpliterator.forEachRemaining(ArrayList.java:1708)
	at java.base/java.util.stream.AbstractPipeline.copyInto(AbstractPipeline.java:509)
	at java.base/java.util.stream.AbstractPipeline.wrapAndCopyInto(AbstractPipeline.java:499)
	at java.base/java.util.stream.ForEachOps$ForEachOp.evaluateSequential(ForEachOps.java:151)
	at java.base/java.util.stream.ForEachOps$ForEachOp$OfRef.evaluateSequential(ForEachOps.java:174)
	at java.base/java.util.stream.AbstractPipeline.evaluate(AbstractPipeline.java:234)
	at java.base/java.util.stream.ReferencePipeline.forEach(ReferencePipeline.java:596)
	at org.junit.jupiter.engine.descriptor.TemplateExecutor.executeForProvider(TemplateExecutor.java:59)
	at org.junit.jupiter.engine.descriptor.TemplateExecutor.execute(TemplateExecutor.java:48)
	at org.junit.jupiter.engine.descriptor.TestTemplateTestDescriptor.execute(TestTemplateTestDescriptor.java:112)
	at org.junit.jupiter.engine.descriptor.TestTemplateTestDescriptor.execute(TestTemplateTestDescriptor.java:40)
	at org.junit.platform.engine.support.hierarchical.NodeTestTask.lambda$executeRecursively$6(NodeTestTask.java:157)
	at org.junit.platform.engine.support.hierarchical.ThrowableCollector.execute(ThrowableCollector.java:73)
	at org.junit.platform.engine.support.hierarchical.NodeTestTask.lambda$executeRecursively$8(NodeTestTask.java:147)
	at org.junit.platform.engine.support.hierarchical.Node.around(Node.java:137)
	at org.junit.platform.engine.support.hierarchical.NodeTestTask.lambda$executeRecursively$9(NodeTestTask.java:145)
	at org.junit.platform.engine.support.hierarchical.ThrowableCollector.execute(ThrowableCollector.java:73)
	at org.junit.platform.engine.support.hierarchical.NodeTestTask.executeRecursively(NodeTestTask.java:144)
	at org.junit.platform.engine.support.hierarchical.NodeTestTask.execute(NodeTestTask.java:101)
	at java.base/java.util.ArrayList.forEach(ArrayList.java:1596)
	at org.junit.platform.engine.support.hierarchical.SameThreadHierarchicalTestExecutorService.invokeAll(SameThreadHierarchicalTestExecutorService.java:41)
	at org.junit.platform.engine.support.hierarchical.NodeTestTask.lambda$executeRecursively$6(NodeTestTask.java:161)
	at org.junit.platform.engine.support.hierarchical.ThrowableCollector.execute(ThrowableCollector.java:73)
	at org.junit.platform.engine.support.hierarchical.NodeTestTask.lambda$executeRecursively$8(NodeTestTask.java:147)
	at org.junit.platform.engine.support.hierarchical.Node.around(Node.java:137)
	at org.junit.platform.engine.support.hierarchical.NodeTestTask.lambda$executeRecursively$9(NodeTestTask.java:145)
	at org.junit.platform.engine.support.hierarchical.ThrowableCollector.execute(ThrowableCollector.java:73)
	at org.junit.platform.engine.support.hierarchical.NodeTestTask.executeRecursively(NodeTestTask.java:144)
	at org.junit.platform.engine.support.hierarchical.NodeTestTask.execute(NodeTestTask.java:101)
	at java.base/java.util.ArrayList.forEach(ArrayList.java:1596)
	at org.junit.platform.engine.support.hierarchical.SameThreadHierarchicalTestExecutorService.invokeAll(SameThreadHierarchicalTestExecutorService.java:41)
	at org.junit.platform.engine.support.hierarchical.NodeTestTask.lambda$executeRecursively$6(NodeTestTask.java:161)
	at org.junit.platform.engine.support.hierarchical.ThrowableCollector.execute(ThrowableCollector.java:73)
	at org.junit.platform.engine.support.hierarchical.NodeTestTask.lambda$executeRecursively$8(NodeTestTask.java:147)
	at org.junit.platform.engine.support.hierarchical.Node.around(Node.java:137)
	at org.junit.platform.engine.support.hierarchical.NodeTestTask.lambda$executeRecursively$9(NodeTestTask.java:145)
	at org.junit.platform.engine.support.hierarchical.ThrowableCollector.execute(ThrowableCollector.java:73)
	at org.junit.platform.engine.support.hierarchical.NodeTestTask.executeRecursively(NodeTestTask.java:144)
	at org.junit.platform.engine.support.hierarchical.NodeTestTask.execute(NodeTestTask.java:101)
	at org.junit.platform.engine.support.hierarchical.SameThreadHierarchicalTestExecutorService.submit(SameThreadHierarchicalTestExecutorService.java:35)
	at org.junit.platform.engine.support.hierarchical.HierarchicalTestExecutor.execute(HierarchicalTestExecutor.java:57)
	at org.junit.platform.engine.support.hierarchical.HierarchicalTestEngine.execute(HierarchicalTestEngine.java:54)
	at org.junit.platform.launcher.core.EngineExecutionOrchestrator.executeEngine(EngineExecutionOrchestrator.java:230)
	at org.junit.platform.launcher.core.EngineExecutionOrchestrator.failOrExecuteEngine(EngineExecutionOrchestrator.java:204)
	at org.junit.platform.launcher.core.EngineExecutionOrchestrator.execute(EngineExecutionOrchestrator.java:172)
	at org.junit.platform.launcher.core.EngineExecutionOrchestrator.execute(EngineExecutionOrchestrator.java:101)
	at org.junit.platform.launcher.core.EngineExecutionOrchestrator.lambda$execute$0(EngineExecutionOrchestrator.java:64)
	at org.junit.platform.launcher.core.EngineExecutionOrchestrator.withInterceptedStreams(EngineExecutionOrchestrator.java:150)
	at org.junit.platform.launcher.core.EngineExecutionOrchestrator.execute(EngineExecutionOrchestrator.java:63)
	at org.junit.platform.launcher.core.DefaultLauncher.execute(DefaultLauncher.java:109)
	at org.junit.platform.launcher.core.DefaultLauncher.execute(DefaultLauncher.java:91)
	at org.junit.platform.launcher.core.DelegatingLauncher.execute(DelegatingLauncher.java:47)
	at org.junit.platform.launcher.core.InterceptingLauncher.lambda$execute$1(InterceptingLauncher.java:39)
	at org.junit.platform.launcher.core.ClasspathAlignmentCheckingLauncherInterceptor.intercept(ClasspathAlignmentCheckingLauncherInterceptor.java:25)
	at org.junit.platform.launcher.core.InterceptingLauncher.execute(InterceptingLauncher.java:38)
	at org.junit.platform.launcher.core.DelegatingLauncher.execute(DelegatingLauncher.java:47)
	at org.apache.maven.surefire.junitplatform.LazyLauncher.execute(LazyLauncher.java:56)
	at org.apache.maven.surefire.junitplatform.JUnitPlatformProvider.execute(JUnitPlatformProvider.java:184)
	at org.apache.maven.surefire.junitplatform.JUnitPlatformProvider.invokeAllTests(JUnitPlatformProvider.java:148)
	at org.apache.maven.surefire.junitplatform.JUnitPlatformProvider.invoke(JUnitPlatformProvider.java:120)
	at org.apache.maven.surefire.booter.ForkedBooter.runSuitesInProcess(ForkedBooter.java:385)
	at org.apache.maven.surefire.booter.ForkedBooter.execute(ForkedBooter.java:162)
	at org.apache.maven.surefire.booter.ForkedBooter.run(ForkedBooter.java:507)
	at org.apache.maven.surefire.booter.ForkedBooter.main(ForkedBooter.java:495)
2025-10-18 02:34:52,432 [main] WARN  upgrade.DefaultUpgradeFinalizationExecutor (DefaultUpgradeFinalizationExecutor.java:execute(54)) - Upgrade Finalization failed with following Exception. 
LAYOUT_FEATURE_FINALIZATION_FAILED org.apache.hadoop.ozone.upgrade.UpgradeException: Error during finalization of DATANODE_SCHEMA_V3.
	at org.apache.hadoop.ozone.upgrade.BasicUpgradeFinalizer.logAndThrow(BasicUpgradeFinalizer.java:414)
	at org.apache.hadoop.ozone.upgrade.BasicUpgradeFinalizer.logFinalizationFailureAndThrow(BasicUpgradeFinalizer.java:402)
	at org.apache.hadoop.ozone.upgrade.BasicUpgradeFinalizer.runFinalizationAction(BasicUpgradeFinalizer.java:274)
	at org.apache.hadoop.ozone.upgrade.BasicUpgradeFinalizer.finalizeLayoutFeature(BasicUpgradeFinalizer.java:259)
	at org.apache.hadoop.ozone.container.upgrade.DataNodeUpgradeFinalizer.finalizeLayoutFeature(DataNodeUpgradeFinalizer.java:84)
	at org.apache.hadoop.ozone.container.upgrade.DataNodeUpgradeFinalizer.finalizeLayoutFeature(DataNodeUpgradeFinalizer.java:38)
	at org.apache.hadoop.ozone.upgrade.DefaultUpgradeFinalizationExecutor.finalizeFeatures(DefaultUpgradeFinalizationExecutor.java:70)
	at org.apache.hadoop.ozone.upgrade.DefaultUpgradeFinalizationExecutor.execute(DefaultUpgradeFinalizationExecutor.java:47)
	at org.apache.hadoop.ozone.upgrade.BasicUpgradeFinalizer.finalize(BasicUpgradeFinalizer.java:104)
	at org.apache.hadoop.ozone.container.common.statemachine.DatanodeStateMachine.finalizeUpgrade(DatanodeStateMachine.java:755)
	at org.apache.hadoop.ozone.container.upgrade.TestDatanodeUpgradeToSchemaV3.testFinalizeFailure(TestDatanodeUpgradeToSchemaV3.java:563)
	at java.base/jdk.internal.reflect.DirectMethodHandleAccessor.invoke(DirectMethodHandleAccessor.java:103)
	at java.base/java.lang.reflect.Method.invoke(Method.java:580)
	at org.junit.platform.commons.util.ReflectionUtils.invokeMethod(ReflectionUtils.java:786)
	at org.junit.platform.commons.support.ReflectionSupport.invokeMethod(ReflectionSupport.java:514)
	at org.junit.jupiter.engine.execution.MethodInvocation.proceed(MethodInvocation.java:60)
	at org.junit.jupiter.engine.execution.InvocationInterceptorChain$ValidatingInvocation.proceed(InvocationInterceptorChain.java:131)
	at org.junit.jupiter.engine.extension.SameThreadTimeoutInvocation.proceed(SameThreadTimeoutInvocation.java:49)
	at org.junit.jupiter.engine.extension.TimeoutExtension.intercept(TimeoutExtension.java:161)
	at org.junit.jupiter.engine.extension.TimeoutExtension.interceptTestableMethod(TimeoutExtension.java:152)
	at org.junit.jupiter.engine.extension.TimeoutExtension.interceptTestTemplateMethod(TimeoutExtension.java:99)
	at org.junit.jupiter.engine.execution.InterceptingExecutableInvoker$ReflectiveInterceptorCall.lambda$ofVoidMethod$0(InterceptingExecutableInvoker.java:112)
	at org.junit.jupiter.engine.execution.InterceptingExecutableInvoker.lambda$invoke$0(InterceptingExecutableInvoker.java:94)
	at org.junit.jupiter.engine.execution.InvocationInterceptorChain$InterceptedInvocation.proceed(InvocationInterceptorChain.java:106)
	at org.junit.jupiter.engine.execution.InvocationInterceptorChain.proceed(InvocationInterceptorChain.java:64)
	at org.junit.jupiter.engine.execution.InvocationInterceptorChain.chainAndInvoke(InvocationInterceptorChain.java:45)
	at org.junit.jupiter.engine.execution.InvocationInterceptorChain.invoke(InvocationInterceptorChain.java:37)
	at org.junit.jupiter.engine.execution.InterceptingExecutableInvoker.invoke(InterceptingExecutableInvoker.java:93)
	at org.junit.jupiter.engine.execution.InterceptingExecutableInvoker.invoke(InterceptingExecutableInvoker.java:87)
	at org.junit.jupiter.engine.descriptor.TestMethodTestDescriptor.lambda$invokeTestMethod$4(TestMethodTestDescriptor.java:221)
	at org.junit.platform.engine.support.hierarchical.ThrowableCollector.execute(ThrowableCollector.java:73)
	at org.junit.jupiter.engine.descriptor.TestMethodTestDescriptor.invokeTestMethod(TestMethodTestDescriptor.java:217)
	at org.junit.jupiter.engine.descriptor.TestMethodTestDescriptor.execute(TestMethodTestDescriptor.java:159)
	at org.junit.jupiter.engine.descriptor.TestMethodTestDescriptor.execute(TestMethodTestDescriptor.java:70)
	at org.junit.platform.engine.support.hierarchical.NodeTestTask.lambda$executeRecursively$6(NodeTestTask.java:157)
	at org.junit.platform.engine.support.hierarchical.ThrowableCollector.execute(ThrowableCollector.java:73)
	at org.junit.platform.engine.support.hierarchical.NodeTestTask.lambda$executeRecursively$8(NodeTestTask.java:147)
	at org.junit.platform.engine.support.hierarchical.Node.around(Node.java:137)
	at org.junit.platform.engine.support.hierarchical.NodeTestTask.lambda$executeRecursively$9(NodeTestTask.java:145)
	at org.junit.platform.engine.support.hierarchical.ThrowableCollector.execute(ThrowableCollector.java:73)
	at org.junit.platform.engine.support.hierarchical.NodeTestTask.executeRecursively(NodeTestTask.java:144)
	at org.junit.platform.engine.support.hierarchical.NodeTestTask.execute(NodeTestTask.java:101)
	at org.junit.platform.engine.support.hierarchical.SameThreadHierarchicalTestExecutorService.submit(SameThreadHierarchicalTestExecutorService.java:35)
	at org.junit.platform.engine.support.hierarchical.NodeTestTask$DefaultDynamicTestExecutor.execute(NodeTestTask.java:232)
	at org.junit.platform.engine.support.hierarchical.NodeTestTask$DefaultDynamicTestExecutor.execute(NodeTestTask.java:210)
	at org.junit.jupiter.engine.descriptor.TemplateExecutor.execute(TemplateExecutor.java:98)
	at org.junit.jupiter.engine.descriptor.TemplateExecutor.lambda$executeForProvider$0(TemplateExecutor.java:61)
	at java.base/java.util.Optional.ifPresent(Optional.java:178)
	at org.junit.jupiter.engine.descriptor.TemplateExecutor.lambda$executeForProvider$1(TemplateExecutor.java:61)
	at java.base/java.util.stream.ForEachOps$ForEachOp$OfRef.accept(ForEachOps.java:184)
	at java.base/java.util.stream.ReferencePipeline$3$1.accept(ReferencePipeline.java:197)
	at java.base/java.util.stream.ForEachOps$ForEachOp$OfRef.accept(ForEachOps.java:184)
	at java.base/java.util.stream.ForEachOps$ForEachOp$OfRef.accept(ForEachOps.java:184)
	at java.base/java.util.stream.ReferencePipeline$3$1.accept(ReferencePipeline.java:197)
	at java.base/java.util.Spliterators$ArraySpliterator.forEachRemaining(Spliterators.java:1024)
	at java.base/java.util.stream.AbstractPipeline.copyInto(AbstractPipeline.java:509)
	at java.base/java.util.stream.AbstractPipeline.wrapAndCopyInto(AbstractPipeline.java:499)
	at java.base/java.util.stream.ForEachOps$ForEachOp.evaluateSequential(ForEachOps.java:151)
	at java.base/java.util.stream.ForEachOps$ForEachOp$OfRef.evaluateSequential(ForEachOps.java:174)
	at java.base/java.util.stream.AbstractPipeline.evaluate(AbstractPipeline.java:234)
	at java.base/java.util.stream.ReferencePipeline.forEach(ReferencePipeline.java:596)
	at java.base/java.util.stream.ReferencePipeline$7$1.accept(ReferencePipeline.java:276)
	at java.base/java.util.ArrayList$ArrayListSpliterator.forEachRemaining(ArrayList.java:1708)
	at java.base/java.util.stream.AbstractPipeline.copyInto(AbstractPipeline.java:509)
	at java.base/java.util.stream.AbstractPipeline.wrapAndCopyInto(AbstractPipeline.java:499)
	at java.base/java.util.stream.ForEachOps$ForEachOp.evaluateSequential(ForEachOps.java:151)
	at java.base/java.util.stream.ForEachOps$ForEachOp$OfRef.evaluateSequential(ForEachOps.java:174)
	at java.base/java.util.stream.AbstractPipeline.evaluate(AbstractPipeline.java:234)
	at java.base/java.util.stream.ReferencePipeline.forEach(ReferencePipeline.java:596)
	at java.base/java.util.stream.ReferencePipeline$7$1.accept(ReferencePipeline.java:276)
	at java.base/java.util.stream.ReferencePipeline$3$1.accept(ReferencePipeline.java:197)
	at java.base/java.util.stream.ReferencePipeline$3$1.accept(ReferencePipeline.java:197)
	at java.base/java.util.stream.ReferencePipeline$3$1.accept(ReferencePipeline.java:197)
	at java.base/java.util.ArrayList$ArrayListSpliterator.forEachRemaining(ArrayList.java:1708)
	at java.base/java.util.stream.AbstractPipeline.copyInto(AbstractPipeline.java:509)
	at java.base/java.util.stream.AbstractPipeline.wrapAndCopyInto(AbstractPipeline.java:499)
	at java.base/java.util.stream.ForEachOps$ForEachOp.evaluateSequential(ForEachOps.java:151)
	at java.base/java.util.stream.ForEachOps$ForEachOp$OfRef.evaluateSequential(ForEachOps.java:174)
	at java.base/java.util.stream.AbstractPipeline.evaluate(AbstractPipeline.java:234)
	at java.base/java.util.stream.ReferencePipeline.forEach(ReferencePipeline.java:596)
	at org.junit.jupiter.engine.descriptor.TemplateExecutor.executeForProvider(TemplateExecutor.java:59)
	at org.junit.jupiter.engine.descriptor.TemplateExecutor.execute(TemplateExecutor.java:48)
	at org.junit.jupiter.engine.descriptor.TestTemplateTestDescriptor.execute(TestTemplateTestDescriptor.java:112)
	at org.junit.jupiter.engine.descriptor.TestTemplateTestDescriptor.execute(TestTemplateTestDescriptor.java:40)
	at org.junit.platform.engine.support.hierarchical.NodeTestTask.lambda$executeRecursively$6(NodeTestTask.java:157)
	at org.junit.platform.engine.support.hierarchical.ThrowableCollector.execute(ThrowableCollector.java:73)
	at org.junit.platform.engine.support.hierarchical.NodeTestTask.lambda$executeRecursively$8(NodeTestTask.java:147)
	at org.junit.platform.engine.support.hierarchical.Node.around(Node.java:137)
	at org.junit.platform.engine.support.hierarchical.NodeTestTask.lambda$executeRecursively$9(NodeTestTask.java:145)
	at org.junit.platform.engine.support.hierarchical.ThrowableCollector.execute(ThrowableCollector.java:73)
	at org.junit.platform.engine.support.hierarchical.NodeTestTask.executeRecursively(NodeTestTask.java:144)
	at org.junit.platform.engine.support.hierarchical.NodeTestTask.execute(NodeTestTask.java:101)
	at java.base/java.util.ArrayList.forEach(ArrayList.java:1596)
	at org.junit.platform.engine.support.hierarchical.SameThreadHierarchicalTestExecutorService.invokeAll(SameThreadHierarchicalTestExecutorService.java:41)
	at org.junit.platform.engine.support.hierarchical.NodeTestTask.lambda$executeRecursively$6(NodeTestTask.java:161)
	at org.junit.platform.engine.support.hierarchical.ThrowableCollector.execute(ThrowableCollector.java:73)
	at org.junit.platform.engine.support.hierarchical.NodeTestTask.lambda$executeRecursively$8(NodeTestTask.java:147)
	at org.junit.platform.engine.support.hierarchical.Node.around(Node.java:137)
	at org.junit.platform.engine.support.hierarchical.NodeTestTask.lambda$executeRecursively$9(NodeTestTask.java:145)
	at org.junit.platform.engine.support.hierarchical.ThrowableCollector.execute(ThrowableCollector.java:73)
	at org.junit.platform.engine.support.hierarchical.NodeTestTask.executeRecursively(NodeTestTask.java:144)
	at org.junit.platform.engine.support.hierarchical.NodeTestTask.execute(NodeTestTask.java:101)
	at java.base/java.util.ArrayList.forEach(ArrayList.java:1596)
	at org.junit.platform.engine.support.hierarchical.SameThreadHierarchicalTestExecutorService.invokeAll(SameThreadHierarchicalTestExecutorService.java:41)
	at org.junit.platform.engine.support.hierarchical.NodeTestTask.lambda$executeRecursively$6(NodeTestTask.java:161)
	at org.junit.platform.engine.support.hierarchical.ThrowableCollector.execute(ThrowableCollector.java:73)
	at org.junit.platform.engine.support.hierarchical.NodeTestTask.lambda$executeRecursively$8(NodeTestTask.java:147)
	at org.junit.platform.engine.support.hierarchical.Node.around(Node.java:137)
	at org.junit.platform.engine.support.hierarchical.NodeTestTask.lambda$executeRecursively$9(NodeTestTask.java:145)
	at org.junit.platform.engine.support.hierarchical.ThrowableCollector.execute(ThrowableCollector.java:73)
	at org.junit.platform.engine.support.hierarchical.NodeTestTask.executeRecursively(NodeTestTask.java:144)
	at org.junit.platform.engine.support.hierarchical.NodeTestTask.execute(NodeTestTask.java:101)
	at org.junit.platform.engine.support.hierarchical.SameThreadHierarchicalTestExecutorService.submit(SameThreadHierarchicalTestExecutorService.java:35)
	at org.junit.platform.engine.support.hierarchical.HierarchicalTestExecutor.execute(HierarchicalTestExecutor.java:57)
	at org.junit.platform.engine.support.hierarchical.HierarchicalTestEngine.execute(HierarchicalTestEngine.java:54)
	at org.junit.platform.launcher.core.EngineExecutionOrchestrator.executeEngine(EngineExecutionOrchestrator.java:230)
	at org.junit.platform.launcher.core.EngineExecutionOrchestrator.failOrExecuteEngine(EngineExecutionOrchestrator.java:204)
	at org.junit.platform.launcher.core.EngineExecutionOrchestrator.execute(EngineExecutionOrchestrator.java:172)
	at org.junit.platform.launcher.core.EngineExecutionOrchestrator.execute(EngineExecutionOrchestrator.java:101)
	at org.junit.platform.launcher.core.EngineExecutionOrchestrator.lambda$execute$0(EngineExecutionOrchestrator.java:64)
	at org.junit.platform.launcher.core.EngineExecutionOrchestrator.withInterceptedStreams(EngineExecutionOrchestrator.java:150)
	at org.junit.platform.launcher.core.EngineExecutionOrchestrator.execute(EngineExecutionOrchestrator.java:63)
	at org.junit.platform.launcher.core.DefaultLauncher.execute(DefaultLauncher.java:109)
	at org.junit.platform.launcher.core.DefaultLauncher.execute(DefaultLauncher.java:91)
	at org.junit.platform.launcher.core.DelegatingLauncher.execute(DelegatingLauncher.java:47)
	at org.junit.platform.launcher.core.InterceptingLauncher.lambda$execute$1(InterceptingLauncher.java:39)
	at org.junit.platform.launcher.core.ClasspathAlignmentCheckingLauncherInterceptor.intercept(ClasspathAlignmentCheckingLauncherInterceptor.java:25)
	at org.junit.platform.launcher.core.InterceptingLauncher.execute(InterceptingLauncher.java:38)
	at org.junit.platform.launcher.core.DelegatingLauncher.execute(DelegatingLauncher.java:47)
	at org.apache.maven.surefire.junitplatform.LazyLauncher.execute(LazyLauncher.java:56)
	at org.apache.maven.surefire.junitplatform.JUnitPlatformProvider.execute(JUnitPlatformProvider.java:184)
	at org.apache.maven.surefire.junitplatform.JUnitPlatformProvider.invokeAllTests(JUnitPlatformProvider.java:148)
	at org.apache.maven.surefire.junitplatform.JUnitPlatformProvider.invoke(JUnitPlatformProvider.java:120)
	at org.apache.maven.surefire.booter.ForkedBooter.runSuitesInProcess(ForkedBooter.java:385)
	at org.apache.maven.surefire.booter.ForkedBooter.execute(ForkedBooter.java:162)
	at org.apache.maven.surefire.booter.ForkedBooter.run(ForkedBooter.java:507)
	at org.apache.maven.surefire.booter.ForkedBooter.main(ForkedBooter.java:495)
Caused by: java.io.IOException: Failed to init DB
	at org.apache.hadoop.ozone.container.common.volume.HddsVolume.createDbStore(HddsVolume.java:538)
	at org.apache.hadoop.ozone.container.upgrade.DatanodeSchemaV3FinalizeAction.execute(DatanodeSchemaV3FinalizeAction.java:67)
	at org.apache.hadoop.ozone.container.upgrade.DatanodeSchemaV3FinalizeAction.execute(DatanodeSchemaV3FinalizeAction.java:39)
	at org.apache.hadoop.ozone.upgrade.BasicUpgradeFinalizer.runFinalizationAction(BasicUpgradeFinalizer.java:272)
	... 134 more
2025-10-18 02:34:52,434 [main] INFO  ozoneimpl.OzoneContainer (OzoneContainer.java:stop(568)) - Attempting to stop container services.
2025-10-18 02:34:52,435 [ContainerMetadataScanner] WARN  ozoneimpl.AbstractBackgroundContainerScanner (AbstractBackgroundContainerScanner.java:handleRemainingSleep(136)) - Background container scan was interrupted.
2025-10-18 02:34:52,435 [ContainerMetadataScanner] INFO  ozoneimpl.AbstractBackgroundContainerScanner (AbstractBackgroundContainerScanner.java:run(63)) - org.apache.hadoop.ozone.container.ozoneimpl.BackgroundContainerMetadataScanner@527a0ecb exiting.
2025-10-18 02:34:52,436 [main] INFO  ozoneimpl.BackgroundContainerDataScanner (BackgroundContainerDataScanner.java:shutdown(87)) - ContainerDataScanner(/tmp/junit-4834159524777229140/12c64b79-cba7-4252-96ce-0064253ed9c7/hdds) is shutting down. 
2025-10-18 02:34:52,437 [ContainerDataScanner(/tmp/junit-4834159524777229140/12c64b79-cba7-4252-96ce-0064253ed9c7/hdds)] WARN  ozoneimpl.AbstractBackgroundContainerScanner (AbstractBackgroundContainerScanner.java:handleRemainingSleep(136)) - Background container scan was interrupted.
2025-10-18 02:34:52,437 [ContainerDataScanner(/tmp/junit-4834159524777229140/12c64b79-cba7-4252-96ce-0064253ed9c7/hdds)] INFO  ozoneimpl.AbstractBackgroundContainerScanner (AbstractBackgroundContainerScanner.java:run(63)) - ContainerDataScanner(/tmp/junit-4834159524777229140/12c64b79-cba7-4252-96ce-0064253ed9c7/hdds, DS-e68a452c-c1c8-4e6d-a20b-cdb4bbda88ad) exiting.
2025-10-18 02:34:52,438 [main] INFO  ozoneimpl.OnDemandContainerScanner (OnDemandContainerScanner.java:shutdown(141)) - On-demand container scanner is shutting down.
2025-10-18 02:34:52,439 [main] INFO  ratis.XceiverServerRatis (XceiverServerRatis.java:stop(594)) - Closing XceiverServerRatis(93b169b7-de9f-409d-b52e-274c695331f4)
2025-10-18 02:34:52,439 [main] INFO  server.RaftServer (RaftServerProxy.java:lambda$close$9(422)) - 93b169b7-de9f-409d-b52e-274c695331f4: close
2025-10-18 02:34:52,440 [main] INFO  server.GrpcServicesImpl (GrpcServicesImpl.java:closeImpl(355)) - 93b169b7-de9f-409d-b52e-274c695331f4: shutdown server GrpcServerProtocolService now
2025-10-18 02:34:52,441 [main] INFO  server.GrpcServicesImpl (GrpcServicesImpl.java:closeImpl(364)) - 93b169b7-de9f-409d-b52e-274c695331f4: shutdown server GrpcServerProtocolService successfully
2025-10-18 02:34:52,441 [93b169b7-de9f-409d-b52e-274c695331f4-NettyServerStreamRpc-bossGroup--thread1] INFO  logging.LoggingHandler (AbstractInternalLogger.java:log(148)) - [id: 0x6d66de1a, L:/0.0.0.0:36313] CLOSE
2025-10-18 02:34:52,442 [93b169b7-de9f-409d-b52e-274c695331f4-NettyServerStreamRpc-bossGroup--thread1] INFO  logging.LoggingHandler (AbstractInternalLogger.java:log(148)) - [id: 0x6d66de1a, L:/0.0.0.0:36313] INACTIVE
2025-10-18 02:34:52,443 [93b169b7-de9f-409d-b52e-274c695331f4-NettyServerStreamRpc-bossGroup--thread1] INFO  logging.LoggingHandler (AbstractInternalLogger.java:log(148)) - [id: 0x6d66de1a, L:/0.0.0.0:36313] UNREGISTERED
2025-10-18 02:34:52,450 [JvmPauseMonitor2] INFO  util.JvmPauseMonitor (JvmPauseMonitor.java:run(152)) - JvmPauseMonitor-93b169b7-de9f-409d-b52e-274c695331f4: Stopped
2025-10-18 02:34:54,455 [main] INFO  utils.BackgroundService (BackgroundService.java:shutdown(195)) - Shutting down service BlockDeletingService
2025-10-18 02:34:54,456 [main] INFO  utils.BackgroundService (BackgroundService.java:shutdown(195)) - Shutting down service StaleRecoveringContainerScrubbingService
2025-10-18 02:34:54,458 [main] INFO  upgrade.AbstractLayoutVersionManager (AbstractLayoutVersionManager.java:init(80)) - Initializing Layout version manager with metadata layout = ERASURE_CODED_STORAGE_SUPPORT (version = 3), software layout = WITNESSED_CONTAINER_DB_PROTO_VALUE (version = 9)
2025-10-18 02:34:54,459 [main] INFO  upgrade.HDDSLayoutVersionManager (HDDSLayoutVersionManager.java:lambda$registerUpgradeActions$0(81)) - Registering Upgrade Action : DatanodeSchemaV3FinalizeAction
2025-10-18 02:34:54,459 [main] INFO  upgrade.HDDSLayoutVersionManager (HDDSLayoutVersionManager.java:lambda$registerUpgradeActions$0(81)) - Registering Upgrade Action : ContainerTableSchemaFinalizeAction
2025-10-18 02:34:54,459 [main] INFO  statemachine.DatanodeStateMachine (DatanodeStateMachine.java:getEndPointTaskThreadPoolSize(321)) - Datanode State Machine Task Thread Pool size 2
2025-10-18 02:34:54,462 [main] INFO  volume.HddsVolume (HddsVolume.java:<init>(162)) - HddsVolume: { id=9333fb42-49f0-440e-be6c-fe3780abcfc1 dir=/home/runner/work/ozone/ozone/hadoop-hdds/container-service/file:/home/runner/work/ozone/ozone/hadoop-hdds/container-service/target/tmp/dfs/data type=DISK failed }
2025-10-18 02:34:54,462 [main] ERROR volume.MutableVolumeSet (MutableVolumeSet.java:initializeVolumeSet(194)) - Failed to parse the storage location: file:///home/runner/work/ozone/ozone/hadoop-hdds/container-service/target/tmp/dfs/data
org.apache.hadoop.ozone.common.InconsistentStorageStateException: Mismatched DatanodeUUIDs. Version File : /home/runner/work/ozone/ozone/hadoop-hdds/container-service/target/tmp/dfs/data/hdds/VERSION has datanodeUuid: c3d05b50-810d-4b78-be46-d77415fe1b4d and Datanode has datanodeUuid: 93b169b7-de9f-409d-b52e-274c695331f4
	at org.apache.hadoop.ozone.container.common.utils.StorageVolumeUtil.getDatanodeUUID(StorageVolumeUtil.java:122)
	at org.apache.hadoop.ozone.container.common.volume.StorageVolume.readVersionFile(StorageVolume.java:385)
	at org.apache.hadoop.ozone.container.common.volume.StorageVolume.initializeImpl(StorageVolume.java:240)
	at org.apache.hadoop.ozone.container.common.volume.StorageVolume.initialize(StorageVolume.java:215)
	at org.apache.hadoop.ozone.container.common.volume.HddsVolume.<init>(HddsVolume.java:151)
	at org.apache.hadoop.ozone.container.common.volume.HddsVolume.<init>(HddsVolume.java:80)
	at org.apache.hadoop.ozone.container.common.volume.HddsVolume$Builder.build(HddsVolume.java:130)
	at org.apache.hadoop.ozone.container.common.volume.HddsVolumeFactory.createVolume(HddsVolumeFactory.java:46)
	at org.apache.hadoop.ozone.container.common.volume.MutableVolumeSet.initializeVolumeSet(MutableVolumeSet.java:172)
	at org.apache.hadoop.ozone.container.common.volume.MutableVolumeSet.<init>(MutableVolumeSet.java:130)
	at org.apache.hadoop.ozone.container.common.volume.MutableVolumeSet.<init>(MutableVolumeSet.java:92)
	at org.apache.hadoop.ozone.container.ozoneimpl.OzoneContainer.<init>(OzoneContainer.java:170)
	at org.apache.hadoop.ozone.container.common.statemachine.DatanodeStateMachine.<init>(DatanodeStateMachine.java:191)
	at org.apache.hadoop.ozone.container.common.statemachine.DatanodeStateMachine.<init>(DatanodeStateMachine.java:305)
	at org.apache.hadoop.ozone.container.upgrade.UpgradeTestHelper.restartDatanode(UpgradeTestHelper.java:108)
	at org.apache.hadoop.ozone.container.upgrade.TestDatanodeUpgradeToSchemaV3.testFinalizeFailure(TestDatanodeUpgradeToSchemaV3.java:577)
	at java.base/jdk.internal.reflect.DirectMethodHandleAccessor.invoke(DirectMethodHandleAccessor.java:103)
	at java.base/java.lang.reflect.Method.invoke(Method.java:580)
	at org.junit.platform.commons.util.ReflectionUtils.invokeMethod(ReflectionUtils.java:786)
	at org.junit.platform.commons.support.ReflectionSupport.invokeMethod(ReflectionSupport.java:514)
	at org.junit.jupiter.engine.execution.MethodInvocation.proceed(MethodInvocation.java:60)
	at org.junit.jupiter.engine.execution.InvocationInterceptorChain$ValidatingInvocation.proceed(InvocationInterceptorChain.java:131)
	at org.junit.jupiter.engine.extension.SameThreadTimeoutInvocation.proceed(SameThreadTimeoutInvocation.java:49)
	at org.junit.jupiter.engine.extension.TimeoutExtension.intercept(TimeoutExtension.java:161)
	at org.junit.jupiter.engine.extension.TimeoutExtension.interceptTestableMethod(TimeoutExtension.java:152)
	at org.junit.jupiter.engine.extension.TimeoutExtension.interceptTestTemplateMethod(TimeoutExtension.java:99)
	at org.junit.jupiter.engine.execution.InterceptingExecutableInvoker$ReflectiveInterceptorCall.lambda$ofVoidMethod$0(InterceptingExecutableInvoker.java:112)
	at org.junit.jupiter.engine.execution.InterceptingExecutableInvoker.lambda$invoke$0(InterceptingExecutableInvoker.java:94)
	at org.junit.jupiter.engine.execution.InvocationInterceptorChain$InterceptedInvocation.proceed(InvocationInterceptorChain.java:106)
	at org.junit.jupiter.engine.execution.InvocationInterceptorChain.proceed(InvocationInterceptorChain.java:64)
	at org.junit.jupiter.engine.execution.InvocationInterceptorChain.chainAndInvoke(InvocationInterceptorChain.java:45)
	at org.junit.jupiter.engine.execution.InvocationInterceptorChain.invoke(InvocationInterceptorChain.java:37)
	at org.junit.jupiter.engine.execution.InterceptingExecutableInvoker.invoke(InterceptingExecutableInvoker.java:93)
	at org.junit.jupiter.engine.execution.InterceptingExecutableInvoker.invoke(InterceptingExecutableInvoker.java:87)
	at org.junit.jupiter.engine.descriptor.TestMethodTestDescriptor.lambda$invokeTestMethod$4(TestMethodTestDescriptor.java:221)
	at org.junit.platform.engine.support.hierarchical.ThrowableCollector.execute(ThrowableCollector.java:73)
	at org.junit.jupiter.engine.descriptor.TestMethodTestDescriptor.invokeTestMethod(TestMethodTestDescriptor.java:217)
	at org.junit.jupiter.engine.descriptor.TestMethodTestDescriptor.execute(TestMethodTestDescriptor.java:159)
	at org.junit.jupiter.engine.descriptor.TestMethodTestDescriptor.execute(TestMethodTestDescriptor.java:70)
	at org.junit.platform.engine.support.hierarchical.NodeTestTask.lambda$executeRecursively$6(NodeTestTask.java:157)
	at org.junit.platform.engine.support.hierarchical.ThrowableCollector.execute(ThrowableCollector.java:73)
	at org.junit.platform.engine.support.hierarchical.NodeTestTask.lambda$executeRecursively$8(NodeTestTask.java:147)
	at org.junit.platform.engine.support.hierarchical.Node.around(Node.java:137)
	at org.junit.platform.engine.support.hierarchical.NodeTestTask.lambda$executeRecursively$9(NodeTestTask.java:145)
	at org.junit.platform.engine.support.hierarchical.ThrowableCollector.execute(ThrowableCollector.java:73)
	at org.junit.platform.engine.support.hierarchical.NodeTestTask.executeRecursively(NodeTestTask.java:144)
	at org.junit.platform.engine.support.hierarchical.NodeTestTask.execute(NodeTestTask.java:101)
	at org.junit.platform.engine.support.hierarchical.SameThreadHierarchicalTestExecutorService.submit(SameThreadHierarchicalTestExecutorService.java:35)
	at org.junit.platform.engine.support.hierarchical.NodeTestTask$DefaultDynamicTestExecutor.execute(NodeTestTask.java:232)
	at org.junit.platform.engine.support.hierarchical.NodeTestTask$DefaultDynamicTestExecutor.execute(NodeTestTask.java:210)
	at org.junit.jupiter.engine.descriptor.TemplateExecutor.execute(TemplateExecutor.java:98)
	at org.junit.jupiter.engine.descriptor.TemplateExecutor.lambda$executeForProvider$0(TemplateExecutor.java:61)
	at java.base/java.util.Optional.ifPresent(Optional.java:178)
	at org.junit.jupiter.engine.descriptor.TemplateExecutor.lambda$executeForProvider$1(TemplateExecutor.java:61)
	at java.base/java.util.stream.ForEachOps$ForEachOp$OfRef.accept(ForEachOps.java:184)
	at java.base/java.util.stream.ReferencePipeline$3$1.accept(ReferencePipeline.java:197)
	at java.base/java.util.stream.ForEachOps$ForEachOp$OfRef.accept(ForEachOps.java:184)
	at java.base/java.util.stream.ForEachOps$ForEachOp$OfRef.accept(ForEachOps.java:184)
	at java.base/java.util.stream.ReferencePipeline$3$1.accept(ReferencePipeline.java:197)
	at java.base/java.util.Spliterators$ArraySpliterator.forEachRemaining(Spliterators.java:1024)
	at java.base/java.util.stream.AbstractPipeline.copyInto(AbstractPipeline.java:509)
	at java.base/java.util.stream.AbstractPipeline.wrapAndCopyInto(AbstractPipeline.java:499)
	at java.base/java.util.stream.ForEachOps$ForEachOp.evaluateSequential(ForEachOps.java:151)
	at java.base/java.util.stream.ForEachOps$ForEachOp$OfRef.evaluateSequential(ForEachOps.java:174)
	at java.base/java.util.stream.AbstractPipeline.evaluate(AbstractPipeline.java:234)
	at java.base/java.util.stream.ReferencePipeline.forEach(ReferencePipeline.java:596)
	at java.base/java.util.stream.ReferencePipeline$7$1.accept(ReferencePipeline.java:276)
	at java.base/java.util.ArrayList$ArrayListSpliterator.forEachRemaining(ArrayList.java:1708)
	at java.base/java.util.stream.AbstractPipeline.copyInto(AbstractPipeline.java:509)
	at java.base/java.util.stream.AbstractPipeline.wrapAndCopyInto(AbstractPipeline.java:499)
	at java.base/java.util.stream.ForEachOps$ForEachOp.evaluateSequential(ForEachOps.java:151)
	at java.base/java.util.stream.ForEachOps$ForEachOp$OfRef.evaluateSequential(ForEachOps.java:174)
	at java.base/java.util.stream.AbstractPipeline.evaluate(AbstractPipeline.java:234)
	at java.base/java.util.stream.ReferencePipeline.forEach(ReferencePipeline.java:596)
	at java.base/java.util.stream.ReferencePipeline$7$1.accept(ReferencePipeline.java:276)
	at java.base/java.util.stream.ReferencePipeline$3$1.accept(ReferencePipeline.java:197)
	at java.base/java.util.stream.ReferencePipeline$3$1.accept(ReferencePipeline.java:197)
	at java.base/java.util.stream.ReferencePipeline$3$1.accept(ReferencePipeline.java:197)
	at java.base/java.util.ArrayList$ArrayListSpliterator.forEachRemaining(ArrayList.java:1708)
	at java.base/java.util.stream.AbstractPipeline.copyInto(AbstractPipeline.java:509)
	at java.base/java.util.stream.AbstractPipeline.wrapAndCopyInto(AbstractPipeline.java:499)
	at java.base/java.util.stream.ForEachOps$ForEachOp.evaluateSequential(ForEachOps.java:151)
	at java.base/java.util.stream.ForEachOps$ForEachOp$OfRef.evaluateSequential(ForEachOps.java:174)
	at java.base/java.util.stream.AbstractPipeline.evaluate(AbstractPipeline.java:234)
	at java.base/java.util.stream.ReferencePipeline.forEach(ReferencePipeline.java:596)
	at org.junit.jupiter.engine.descriptor.TemplateExecutor.executeForProvider(TemplateExecutor.java:59)
	at org.junit.jupiter.engine.descriptor.TemplateExecutor.execute(TemplateExecutor.java:48)
	at org.junit.jupiter.engine.descriptor.TestTemplateTestDescriptor.execute(TestTemplateTestDescriptor.java:112)
	at org.junit.jupiter.engine.descriptor.TestTemplateTestDescriptor.execute(TestTemplateTestDescriptor.java:40)
	at org.junit.platform.engine.support.hierarchical.NodeTestTask.lambda$executeRecursively$6(NodeTestTask.java:157)
	at org.junit.platform.engine.support.hierarchical.ThrowableCollector.execute(ThrowableCollector.java:73)
	at org.junit.platform.engine.support.hierarchical.NodeTestTask.lambda$executeRecursively$8(NodeTestTask.java:147)
	at org.junit.platform.engine.support.hierarchical.Node.around(Node.java:137)
	at org.junit.platform.engine.support.hierarchical.NodeTestTask.lambda$executeRecursively$9(NodeTestTask.java:145)
	at org.junit.platform.engine.support.hierarchical.ThrowableCollector.execute(ThrowableCollector.java:73)
	at org.junit.platform.engine.support.hierarchical.NodeTestTask.executeRecursively(NodeTestTask.java:144)
	at org.junit.platform.engine.support.hierarchical.NodeTestTask.execute(NodeTestTask.java:101)
	at java.base/java.util.ArrayList.forEach(ArrayList.java:1596)
	at org.junit.platform.engine.support.hierarchical.SameThreadHierarchicalTestExecutorService.invokeAll(SameThreadHierarchicalTestExecutorService.java:41)
	at org.junit.platform.engine.support.hierarchical.NodeTestTask.lambda$executeRecursively$6(NodeTestTask.java:161)
	at org.junit.platform.engine.support.hierarchical.ThrowableCollector.execute(ThrowableCollector.java:73)
	at org.junit.platform.engine.support.hierarchical.NodeTestTask.lambda$executeRecursively$8(NodeTestTask.java:147)
	at org.junit.platform.engine.support.hierarchical.Node.around(Node.java:137)
	at org.junit.platform.engine.support.hierarchical.NodeTestTask.lambda$executeRecursively$9(NodeTestTask.java:145)
	at org.junit.platform.engine.support.hierarchical.ThrowableCollector.execute(ThrowableCollector.java:73)
	at org.junit.platform.engine.support.hierarchical.NodeTestTask.executeRecursively(NodeTestTask.java:144)
	at org.junit.platform.engine.support.hierarchical.NodeTestTask.execute(NodeTestTask.java:101)
	at java.base/java.util.ArrayList.forEach(ArrayList.java:1596)
	at org.junit.platform.engine.support.hierarchical.SameThreadHierarchicalTestExecutorService.invokeAll(SameThreadHierarchicalTestExecutorService.java:41)
	at org.junit.platform.engine.support.hierarchical.NodeTestTask.lambda$executeRecursively$6(NodeTestTask.java:161)
	at org.junit.platform.engine.support.hierarchical.ThrowableCollector.execute(ThrowableCollector.java:73)
	at org.junit.platform.engine.support.hierarchical.NodeTestTask.lambda$executeRecursively$8(NodeTestTask.java:147)
	at org.junit.platform.engine.support.hierarchical.Node.around(Node.java:137)
	at org.junit.platform.engine.support.hierarchical.NodeTestTask.lambda$executeRecursively$9(NodeTestTask.java:145)
	at org.junit.platform.engine.support.hierarchical.ThrowableCollector.execute(ThrowableCollector.java:73)
	at org.junit.platform.engine.support.hierarchical.NodeTestTask.executeRecursively(NodeTestTask.java:144)
	at org.junit.platform.engine.support.hierarchical.NodeTestTask.execute(NodeTestTask.java:101)
	at org.junit.platform.engine.support.hierarchical.SameThreadHierarchicalTestExecutorService.submit(SameThreadHierarchicalTestExecutorService.java:35)
	at org.junit.platform.engine.support.hierarchical.HierarchicalTestExecutor.execute(HierarchicalTestExecutor.java:57)
	at org.junit.platform.engine.support.hierarchical.HierarchicalTestEngine.execute(HierarchicalTestEngine.java:54)
	at org.junit.platform.launcher.core.EngineExecutionOrchestrator.executeEngine(EngineExecutionOrchestrator.java:230)
	at org.junit.platform.launcher.core.EngineExecutionOrchestrator.failOrExecuteEngine(EngineExecutionOrchestrator.java:204)
	at org.junit.platform.launcher.core.EngineExecutionOrchestrator.execute(EngineExecutionOrchestrator.java:172)
	at org.junit.platform.launcher.core.EngineExecutionOrchestrator.execute(EngineExecutionOrchestrator.java:101)
	at org.junit.platform.launcher.core.EngineExecutionOrchestrator.lambda$execute$0(EngineExecutionOrchestrator.java:64)
	at org.junit.platform.launcher.core.EngineExecutionOrchestrator.withInterceptedStreams(EngineExecutionOrchestrator.java:150)
	at org.junit.platform.launcher.core.EngineExecutionOrchestrator.execute(EngineExecutionOrchestrator.java:63)
	at org.junit.platform.launcher.core.DefaultLauncher.execute(DefaultLauncher.java:109)
	at org.junit.platform.launcher.core.DefaultLauncher.execute(DefaultLauncher.java:91)
	at org.junit.platform.launcher.core.DelegatingLauncher.execute(DelegatingLauncher.java:47)
	at org.junit.platform.launcher.core.InterceptingLauncher.lambda$execute$1(InterceptingLauncher.java:39)
	at org.junit.platform.launcher.core.ClasspathAlignmentCheckingLauncherInterceptor.intercept(ClasspathAlignmentCheckingLauncherInterceptor.java:25)
	at org.junit.platform.launcher.core.InterceptingLauncher.execute(InterceptingLauncher.java:38)
	at org.junit.platform.launcher.core.DelegatingLauncher.execute(DelegatingLauncher.java:47)
	at org.apache.maven.surefire.junitplatform.LazyLauncher.execute(LazyLauncher.java:56)
	at org.apache.maven.surefire.junitplatform.JUnitPlatformProvider.execute(JUnitPlatformProvider.java:184)
	at org.apache.maven.surefire.junitplatform.JUnitPlatformProvider.invokeAllTests(JUnitPlatformProvider.java:148)
	at org.apache.maven.surefire.junitplatform.JUnitPlatformProvider.invoke(JUnitPlatformProvider.java:120)
	at org.apache.maven.surefire.booter.ForkedBooter.runSuitesInProcess(ForkedBooter.java:385)
	at org.apache.maven.surefire.booter.ForkedBooter.execute(ForkedBooter.java:162)
	at org.apache.maven.surefire.booter.ForkedBooter.run(ForkedBooter.java:507)
	at org.apache.maven.surefire.booter.ForkedBooter.main(ForkedBooter.java:495)
2025-10-18 02:34:54,465 [main] INFO  volume.HddsVolume (HddsVolume.java:<init>(162)) - HddsVolume: { id=DS-e68a452c-c1c8-4e6d-a20b-cdb4bbda88ad dir=/tmp/junit-4834159524777229140/12c64b79-cba7-4252-96ce-0064253ed9c7/hdds type=DISK capacity=9222449699674390527 used=0 available=9222449699674390527 minFree=184448985434423296 committed=0 }
2025-10-18 02:34:54,465 [main] INFO  volume.MutableVolumeSet (MutableVolumeSet.java:initializeVolumeSet(175)) - Added Volume : /tmp/junit-4834159524777229140/12c64b79-cba7-4252-96ce-0064253ed9c7/hdds to VolumeSet
2025-10-18 02:34:54,466 [main] WARN  server.ServerUtils (ServerUtils.java:getDefaultRatisDirectory(304)) - Storage directory for Ratis is not configured. It is a good idea to map this to an SSD disk. Falling back to ozone.metadata.dirs
2025-10-18 02:34:54,467 [main] INFO  volume.MutableVolumeSet (MutableVolumeSet.java:initializeVolumeSet(175)) - Added Volume : /tmp/junit-4834159524777229140/ratis to VolumeSet
2025-10-18 02:34:54,468 [main] WARN  db.DBStoreBuilder (DBStoreBuilder.java:getDBDirPath(157)) - ozone.scm.datanode.id.dir is not configured. We recommend adding this setting. Falling back to ozone.metadata.dirs instead.
2025-10-18 02:34:54,469 [main] WARN  db.DBStoreBuilder (DBStoreBuilder.java:getDBDirPath(157)) - ozone.scm.datanode.id.dir is not configured. We recommend adding this setting. Falling back to ozone.metadata.dirs instead.
2025-10-18 02:34:54,482 [main] INFO  impl.FilePerChunkStrategy (FilePerChunkStrategy.java:<init>(79)) - ozone.chunk.read.mapped.buffer.max.count is load with 0
2025-10-18 02:34:54,483 [main] INFO  impl.FilePerBlockStrategy (FilePerBlockStrategy.java:<init>(88)) - ozone.chunk.read.mapped.buffer.max.count is load with 0
2025-10-18 02:34:54,484 [main] INFO  server.RaftServerConfigKeys (ConfUtils.java:logGet(62)) - raft.server.log.appender.buffer.byte-limit = 33554432 (custom)
2025-10-18 02:34:54,485 [main] WARN  server.ServerUtils (ServerUtils.java:getDefaultRatisDirectory(304)) - Storage directory for Ratis is not configured. It is a good idea to map this to an SSD disk. Falling back to ozone.metadata.dirs
2025-10-18 02:34:54,486 [main] INFO  grpc.GrpcConfigKeys (ConfUtils.java:logFallback(69)) - raft.grpc.admin.host = null (fallback to raft.grpc.server.host)
2025-10-18 02:34:54,487 [main] INFO  grpc.GrpcConfigKeys (ConfUtils.java:logFallback(69)) - raft.grpc.client.host = null (fallback to raft.grpc.server.host)
2025-10-18 02:34:54,487 [main] INFO  server.GrpcServicesImpl (ConfUtils.java:logGet(62)) - raft.grpc.message.size.max = 34603008 (custom)
2025-10-18 02:34:54,487 [main] INFO  server.GrpcServicesImpl (ConfUtils.java:logGet(62)) - raft.grpc.flow.control.window = 5MB (=5242880) (custom)
2025-10-18 02:34:54,487 [main] INFO  server.RaftServerConfigKeys (ConfUtils.java:logGet(62)) - raft.server.log.appender.buffer.byte-limit = 33554432 (custom)
2025-10-18 02:34:54,489 [main] INFO  netty.NettyUtils (NettyUtils.java:newEventLoopGroup(74)) - Create EpollEventLoopGroup for 93b169b7-de9f-409d-b52e-274c695331f4-NettyServerStreamRpc-bossGroup; Thread size is 0.
2025-10-18 02:34:54,489 [main] INFO  netty.NettyUtils (NettyUtils.java:newEventLoopGroup(74)) - Create EpollEventLoopGroup for 93b169b7-de9f-409d-b52e-274c695331f4-NettyServerStreamRpc-workerGroup; Thread size is 0.
2025-10-18 02:34:54,491 [93b169b7-de9f-409d-b52e-274c695331f4-NettyServerStreamRpc-bossGroup--thread1] INFO  logging.LoggingHandler (AbstractInternalLogger.java:log(148)) - [id: 0x363fba7c] REGISTERED
2025-10-18 02:34:54,491 [93b169b7-de9f-409d-b52e-274c695331f4-NettyServerStreamRpc-bossGroup--thread1] INFO  logging.LoggingHandler (AbstractInternalLogger.java:log(148)) - [id: 0x363fba7c] BIND: 0.0.0.0/0.0.0.0:0
2025-10-18 02:34:54,491 [93b169b7-de9f-409d-b52e-274c695331f4-impl-thread1] INFO  server.RaftServer (RaftServerProxy.java:initGroupDir(270)) - 93b169b7-de9f-409d-b52e-274c695331f4: found a subdirectory /tmp/junit-4834159524777229140/ratis/tmp
2025-10-18 02:34:54,491 [93b169b7-de9f-409d-b52e-274c695331f4-NettyServerStreamRpc-bossGroup--thread1] INFO  logging.LoggingHandler (AbstractInternalLogger.java:log(148)) - [id: 0x363fba7c, L:/0.0.0.0:40735] ACTIVE
2025-10-18 02:34:54,491 [93b169b7-de9f-409d-b52e-274c695331f4-impl-thread1] INFO  server.RaftServer (RaftServerProxy.java:initGroupDir(275)) - 93b169b7-de9f-409d-b52e-274c695331f4: The directory /tmp/junit-4834159524777229140/ratis/tmp is not a group directory; ignoring it. 
2025-10-18 02:34:54,493 [main] INFO  replication.ReplicationServer (ReplicationServer.java:<init>(84)) - Initializing replication server with thread count = 10 queue length = 4096
2025-10-18 02:34:54,495 [main] INFO  server.XceiverServerGrpc (XceiverServerGrpc.java:<init>(129)) - GrpcServer channel type EpollServerSocketChannel
2025-10-18 02:34:54,497 [main] INFO  replication.ReplicationSupervisor (ReplicationSupervisor.java:build(169)) - Initializing replication supervisor with thread count = 10
2025-10-18 02:34:54,498 [main] INFO  replication.ReplicationSupervisor (ReplicationSupervisor.java:nodeStateUpdated(358)) - Node state updated to IN_SERVICE, scaling executor pool size to 10
2025-10-18 02:34:54,507 [93b169b7-de9f-409d-b52e-274c695331f4-ContainerReader-0] INFO  ozoneimpl.ContainerReader (ContainerReader.java:readVolume(147)) - Start to verify containers on volume /tmp/junit-4834159524777229140/12c64b79-cba7-4252-96ce-0064253ed9c7/hdds
2025-10-18 02:34:54,531 [93b169b7-de9f-409d-b52e-274c695331f4-ContainerReader-0] WARN  helpers.KeyValueContainerUtil (KeyValueContainerUtil.java:populateContainerMetadata(329)) - Missing pendingDeleteBlockCount from metadata: recalculate them from block table
2025-10-18 02:34:54,535 [93b169b7-de9f-409d-b52e-274c695331f4-ContainerReader-0] INFO  ozoneimpl.ContainerReader (ContainerReader.java:readVolume(177)) - Finish verifying containers on volume /tmp/junit-4834159524777229140/12c64b79-cba7-4252-96ce-0064253ed9c7/hdds
2025-10-18 02:34:54,535 [main] INFO  ozoneimpl.OzoneContainer (OzoneContainer.java:buildContainerSet(359)) - Build ContainerSet costs 0s
2025-10-18 02:34:54,536 [main] INFO  volume.ThrottledAsyncChecker (ThrottledAsyncChecker.java:schedule(138)) - Scheduling a check for /tmp/junit-4834159524777229140/12c64b79-cba7-4252-96ce-0064253ed9c7/hdds
2025-10-18 02:34:54,537 [main] INFO  volume.StorageVolumeChecker (StorageVolumeChecker.java:checkAllVolumes(231)) - Scheduled health check for volume /tmp/junit-4834159524777229140/12c64b79-cba7-4252-96ce-0064253ed9c7/hdds
2025-10-18 02:34:54,538 [main] INFO  volume.ThrottledAsyncChecker (ThrottledAsyncChecker.java:schedule(138)) - Scheduling a check for /tmp/junit-4834159524777229140/ratis
2025-10-18 02:34:54,538 [main] INFO  volume.StorageVolumeChecker (StorageVolumeChecker.java:checkAllVolumes(231)) - Scheduled health check for volume /tmp/junit-4834159524777229140/ratis
2025-10-18 02:34:54,539 [main] INFO  ozoneimpl.OzoneContainer (OzoneContainer.java:start(544)) - Attempting to start container services.
2025-10-18 02:34:54,542 [ContainerMetadataScanner] INFO  ozoneimpl.AbstractBackgroundContainerScanner (AbstractBackgroundContainerScanner.java:runIteration(89)) - Completed an iteration in 0 minutes. Number of iterations (since the data-node restart) : 1, Number of containers scanned in this iteration : 1, Number of unhealthy containers found in this iteration : 0
2025-10-18 02:34:54,542 [main] INFO  replication.ReplicationServer (ReplicationServer.java:start(137)) - ReplicationServer is started using port 9886
2025-10-18 02:34:54,543 [main] INFO  ratis.XceiverServerRatis (XceiverServerRatis.java:start(559)) - Starting XceiverServerRatis(93b169b7-de9f-409d-b52e-274c695331f4)
2025-10-18 02:34:54,548 [main] INFO  server.RaftServer (RaftServerProxy.java:startImpl(412)) - 93b169b7-de9f-409d-b52e-274c695331f4: start RPC server
2025-10-18 02:34:54,550 [main] INFO  server.GrpcServicesImpl (GrpcServicesImpl.java:startImpl(346)) - 93b169b7-de9f-409d-b52e-274c695331f4: GrpcServicesImpl started, listening on 9858
2025-10-18 02:34:54,551 [main] INFO  ratis.XceiverServerRatis (XceiverServerRatis.java:getRealPort(586)) - XceiverServerRatis(93b169b7-de9f-409d-b52e-274c695331f4) is started using port RATIS=9858
2025-10-18 02:34:54,552 [main] INFO  ratis.XceiverServerRatis (XceiverServerRatis.java:getRealPort(586)) - XceiverServerRatis(93b169b7-de9f-409d-b52e-274c695331f4) is started using port RATIS_ADMIN=9858
2025-10-18 02:34:54,552 [main] INFO  ratis.XceiverServerRatis (XceiverServerRatis.java:getRealPort(586)) - XceiverServerRatis(93b169b7-de9f-409d-b52e-274c695331f4) is started using port RATIS_SERVER=9858
2025-10-18 02:34:54,552 [main] INFO  ratis.XceiverServerRatis (XceiverServerRatis.java:getRealPort(586)) - XceiverServerRatis(93b169b7-de9f-409d-b52e-274c695331f4) is started using port RATIS_DATASTREAM=40735
2025-10-18 02:34:54,551 [JvmPauseMonitor3] INFO  util.JvmPauseMonitor (JvmPauseMonitor.java:run(146)) - JvmPauseMonitor-93b169b7-de9f-409d-b52e-274c695331f4: Started
2025-10-18 02:34:54,553 [main] INFO  utils.BackgroundService (BackgroundService.java:start(119)) - Starting service BlockDeletingService with interval 60000 milliseconds
2025-10-18 02:34:54,555 [main] INFO  utils.BackgroundService (BackgroundService.java:start(119)) - Starting service StaleRecoveringContainerScrubbingService with interval 60000 milliseconds
2025-10-18 02:34:54,557 [main] INFO  ipc.Server (Server.java:stop(3697)) - Stopping server on 38237
2025-10-18 02:34:54,558 [IPC Server listener on 38237] INFO  ipc.Server (Server.java:run(1585)) - Stopping IPC Server listener on 38237
2025-10-18 02:34:54,559 [IPC Server Responder] INFO  ipc.Server (Server.java:run(1718)) - Stopping IPC Server Responder
2025-10-18 02:34:54,559 [main] INFO  ozoneimpl.OzoneContainer (OzoneContainer.java:stop(568)) - Attempting to stop container services.
2025-10-18 02:34:54,560 [ContainerMetadataScanner] WARN  ozoneimpl.AbstractBackgroundContainerScanner (AbstractBackgroundContainerScanner.java:handleRemainingSleep(136)) - Background container scan was interrupted.
2025-10-18 02:34:54,560 [ContainerMetadataScanner] INFO  ozoneimpl.AbstractBackgroundContainerScanner (AbstractBackgroundContainerScanner.java:run(63)) - org.apache.hadoop.ozone.container.ozoneimpl.BackgroundContainerMetadataScanner@10a84c70 exiting.
2025-10-18 02:34:54,560 [main] INFO  ozoneimpl.BackgroundContainerDataScanner (BackgroundContainerDataScanner.java:shutdown(87)) - ContainerDataScanner(/tmp/junit-4834159524777229140/12c64b79-cba7-4252-96ce-0064253ed9c7/hdds) is shutting down. 
2025-10-18 02:34:54,565 [ContainerDataScanner(/tmp/junit-4834159524777229140/12c64b79-cba7-4252-96ce-0064253ed9c7/hdds)] INFO  ozoneimpl.AbstractBackgroundContainerScanner (AbstractBackgroundContainerScanner.java:run(63)) - ContainerDataScanner(/tmp/junit-4834159524777229140/12c64b79-cba7-4252-96ce-0064253ed9c7/hdds, DS-e68a452c-c1c8-4e6d-a20b-cdb4bbda88ad) exiting.
2025-10-18 02:34:54,566 [main] INFO  ozoneimpl.OnDemandContainerScanner (OnDemandContainerScanner.java:shutdown(141)) - On-demand container scanner is shutting down.
2025-10-18 02:34:54,566 [main] INFO  ratis.XceiverServerRatis (XceiverServerRatis.java:stop(594)) - Closing XceiverServerRatis(93b169b7-de9f-409d-b52e-274c695331f4)
2025-10-18 02:34:54,567 [main] INFO  server.RaftServer (RaftServerProxy.java:lambda$close$9(422)) - 93b169b7-de9f-409d-b52e-274c695331f4: close
2025-10-18 02:34:54,568 [main] INFO  server.GrpcServicesImpl (GrpcServicesImpl.java:closeImpl(355)) - 93b169b7-de9f-409d-b52e-274c695331f4: shutdown server GrpcServerProtocolService now
2025-10-18 02:34:54,568 [main] INFO  server.GrpcServicesImpl (GrpcServicesImpl.java:closeImpl(364)) - 93b169b7-de9f-409d-b52e-274c695331f4: shutdown server GrpcServerProtocolService successfully
2025-10-18 02:34:54,569 [93b169b7-de9f-409d-b52e-274c695331f4-NettyServerStreamRpc-bossGroup--thread1] INFO  logging.LoggingHandler (AbstractInternalLogger.java:log(148)) - [id: 0x363fba7c, L:/0.0.0.0:40735] CLOSE
2025-10-18 02:34:54,569 [93b169b7-de9f-409d-b52e-274c695331f4-NettyServerStreamRpc-bossGroup--thread1] INFO  logging.LoggingHandler (AbstractInternalLogger.java:log(148)) - [id: 0x363fba7c, L:/0.0.0.0:40735] INACTIVE
2025-10-18 02:34:54,569 [93b169b7-de9f-409d-b52e-274c695331f4-NettyServerStreamRpc-bossGroup--thread1] INFO  logging.LoggingHandler (AbstractInternalLogger.java:log(148)) - [id: 0x363fba7c, L:/0.0.0.0:40735] UNREGISTERED
2025-10-18 02:34:54,574 [JvmPauseMonitor3] INFO  util.JvmPauseMonitor (JvmPauseMonitor.java:run(152)) - JvmPauseMonitor-93b169b7-de9f-409d-b52e-274c695331f4: Stopped
2025-10-18 02:34:56,579 [main] INFO  utils.BackgroundService (BackgroundService.java:shutdown(195)) - Shutting down service BlockDeletingService
2025-10-18 02:34:56,580 [main] INFO  utils.BackgroundService (BackgroundService.java:shutdown(195)) - Shutting down service StaleRecoveringContainerScrubbingService
]]></system-out>
  </testcase>
  <testcase name="testWriteWithV3Enabled(boolean)[1]" classname="org.apache.hadoop.ozone.container.upgrade.TestDatanodeUpgradeToSchemaV3" time="4.45">
    <system-out><![CDATA[2025-10-18 02:34:56,603 [main] INFO  ipc.CallQueueManager (CallQueueManager.java:<init>(93)) - Using callQueue: class java.util.concurrent.LinkedBlockingQueue, queueCapacity: 1000, scheduler: class org.apache.hadoop.ipc.DefaultRpcScheduler, ipcBackoff: false, ipcFailOver: false.
2025-10-18 02:34:56,603 [main] INFO  ipc.Server (Server.java:<init>(1438)) - Listener at localhost:40131
2025-10-18 02:34:56,604 [Socket Reader #1 for port 40131] INFO  ipc.Server (Server.java:run(1474)) - Starting Socket Reader #1 for port 40131
2025-10-18 02:34:56,606 [IPC Server Responder] INFO  ipc.Server (Server.java:run(1713)) - IPC Server Responder: starting
2025-10-18 02:34:56,606 [IPC Server listener on 40131] INFO  ipc.Server (Server.java:run(1553)) - IPC Server listener on 40131: starting
2025-10-18 02:34:56,611 [main] INFO  upgrade.AbstractLayoutVersionManager (AbstractLayoutVersionManager.java:init(80)) - Initializing Layout version manager with metadata layout = ERASURE_CODED_STORAGE_SUPPORT (version = 3), software layout = WITNESSED_CONTAINER_DB_PROTO_VALUE (version = 9)
2025-10-18 02:34:56,612 [main] INFO  upgrade.HDDSLayoutVersionManager (HDDSLayoutVersionManager.java:lambda$registerUpgradeActions$0(81)) - Registering Upgrade Action : DatanodeSchemaV3FinalizeAction
2025-10-18 02:34:56,612 [main] INFO  upgrade.HDDSLayoutVersionManager (HDDSLayoutVersionManager.java:lambda$registerUpgradeActions$0(81)) - Registering Upgrade Action : ContainerTableSchemaFinalizeAction
2025-10-18 02:34:56,613 [main] INFO  statemachine.DatanodeStateMachine (DatanodeStateMachine.java:getEndPointTaskThreadPoolSize(321)) - Datanode State Machine Task Thread Pool size 2
2025-10-18 02:34:56,616 [main] INFO  volume.HddsVolume (HddsVolume.java:<init>(162)) - HddsVolume: { id=a242e998-6be0-42c3-979e-9034a73f0490 dir=/home/runner/work/ozone/ozone/hadoop-hdds/container-service/file:/home/runner/work/ozone/ozone/hadoop-hdds/container-service/target/tmp/dfs/data type=DISK failed }
2025-10-18 02:34:56,617 [main] ERROR volume.MutableVolumeSet (MutableVolumeSet.java:initializeVolumeSet(194)) - Failed to parse the storage location: file:///home/runner/work/ozone/ozone/hadoop-hdds/container-service/target/tmp/dfs/data
org.apache.hadoop.ozone.common.InconsistentStorageStateException: Mismatched DatanodeUUIDs. Version File : /home/runner/work/ozone/ozone/hadoop-hdds/container-service/target/tmp/dfs/data/hdds/VERSION has datanodeUuid: c3d05b50-810d-4b78-be46-d77415fe1b4d and Datanode has datanodeUuid: af73f14b-65c8-4067-a330-325045829ae0
	at org.apache.hadoop.ozone.container.common.utils.StorageVolumeUtil.getDatanodeUUID(StorageVolumeUtil.java:122)
	at org.apache.hadoop.ozone.container.common.volume.StorageVolume.readVersionFile(StorageVolume.java:385)
	at org.apache.hadoop.ozone.container.common.volume.StorageVolume.initializeImpl(StorageVolume.java:240)
	at org.apache.hadoop.ozone.container.common.volume.StorageVolume.initialize(StorageVolume.java:215)
	at org.apache.hadoop.ozone.container.common.volume.HddsVolume.<init>(HddsVolume.java:151)
	at org.apache.hadoop.ozone.container.common.volume.HddsVolume.<init>(HddsVolume.java:80)
	at org.apache.hadoop.ozone.container.common.volume.HddsVolume$Builder.build(HddsVolume.java:130)
	at org.apache.hadoop.ozone.container.common.volume.HddsVolumeFactory.createVolume(HddsVolumeFactory.java:46)
	at org.apache.hadoop.ozone.container.common.volume.MutableVolumeSet.initializeVolumeSet(MutableVolumeSet.java:172)
	at org.apache.hadoop.ozone.container.common.volume.MutableVolumeSet.<init>(MutableVolumeSet.java:130)
	at org.apache.hadoop.ozone.container.common.volume.MutableVolumeSet.<init>(MutableVolumeSet.java:92)
	at org.apache.hadoop.ozone.container.ozoneimpl.OzoneContainer.<init>(OzoneContainer.java:170)
	at org.apache.hadoop.ozone.container.common.statemachine.DatanodeStateMachine.<init>(DatanodeStateMachine.java:191)
	at org.apache.hadoop.ozone.container.common.statemachine.DatanodeStateMachine.<init>(DatanodeStateMachine.java:305)
	at org.apache.hadoop.ozone.container.upgrade.UpgradeTestHelper.startPreFinalizedDatanode(UpgradeTestHelper.java:88)
	at org.apache.hadoop.ozone.container.upgrade.TestDatanodeUpgradeToSchemaV3.testWrite(TestDatanodeUpgradeToSchemaV3.java:427)
	at org.apache.hadoop.ozone.container.upgrade.TestDatanodeUpgradeToSchemaV3.testWriteWithV3Enabled(TestDatanodeUpgradeToSchemaV3.java:405)
	at java.base/jdk.internal.reflect.DirectMethodHandleAccessor.invoke(DirectMethodHandleAccessor.java:103)
	at java.base/java.lang.reflect.Method.invoke(Method.java:580)
	at org.junit.platform.commons.util.ReflectionUtils.invokeMethod(ReflectionUtils.java:786)
	at org.junit.platform.commons.support.ReflectionSupport.invokeMethod(ReflectionSupport.java:514)
	at org.junit.jupiter.engine.execution.MethodInvocation.proceed(MethodInvocation.java:60)
	at org.junit.jupiter.engine.execution.InvocationInterceptorChain$ValidatingInvocation.proceed(InvocationInterceptorChain.java:131)
	at org.junit.jupiter.engine.extension.SameThreadTimeoutInvocation.proceed(SameThreadTimeoutInvocation.java:49)
	at org.junit.jupiter.engine.extension.TimeoutExtension.intercept(TimeoutExtension.java:161)
	at org.junit.jupiter.engine.extension.TimeoutExtension.interceptTestableMethod(TimeoutExtension.java:152)
	at org.junit.jupiter.engine.extension.TimeoutExtension.interceptTestTemplateMethod(TimeoutExtension.java:99)
	at org.junit.jupiter.engine.execution.InterceptingExecutableInvoker$ReflectiveInterceptorCall.lambda$ofVoidMethod$0(InterceptingExecutableInvoker.java:112)
	at org.junit.jupiter.engine.execution.InterceptingExecutableInvoker.lambda$invoke$0(InterceptingExecutableInvoker.java:94)
	at org.junit.jupiter.engine.execution.InvocationInterceptorChain$InterceptedInvocation.proceed(InvocationInterceptorChain.java:106)
	at org.junit.jupiter.engine.execution.InvocationInterceptorChain.proceed(InvocationInterceptorChain.java:64)
	at org.junit.jupiter.engine.execution.InvocationInterceptorChain.chainAndInvoke(InvocationInterceptorChain.java:45)
	at org.junit.jupiter.engine.execution.InvocationInterceptorChain.invoke(InvocationInterceptorChain.java:37)
	at org.junit.jupiter.engine.execution.InterceptingExecutableInvoker.invoke(InterceptingExecutableInvoker.java:93)
	at org.junit.jupiter.engine.execution.InterceptingExecutableInvoker.invoke(InterceptingExecutableInvoker.java:87)
	at org.junit.jupiter.engine.descriptor.TestMethodTestDescriptor.lambda$invokeTestMethod$4(TestMethodTestDescriptor.java:221)
	at org.junit.platform.engine.support.hierarchical.ThrowableCollector.execute(ThrowableCollector.java:73)
	at org.junit.jupiter.engine.descriptor.TestMethodTestDescriptor.invokeTestMethod(TestMethodTestDescriptor.java:217)
	at org.junit.jupiter.engine.descriptor.TestMethodTestDescriptor.execute(TestMethodTestDescriptor.java:159)
	at org.junit.jupiter.engine.descriptor.TestMethodTestDescriptor.execute(TestMethodTestDescriptor.java:70)
	at org.junit.platform.engine.support.hierarchical.NodeTestTask.lambda$executeRecursively$6(NodeTestTask.java:157)
	at org.junit.platform.engine.support.hierarchical.ThrowableCollector.execute(ThrowableCollector.java:73)
	at org.junit.platform.engine.support.hierarchical.NodeTestTask.lambda$executeRecursively$8(NodeTestTask.java:147)
	at org.junit.platform.engine.support.hierarchical.Node.around(Node.java:137)
	at org.junit.platform.engine.support.hierarchical.NodeTestTask.lambda$executeRecursively$9(NodeTestTask.java:145)
	at org.junit.platform.engine.support.hierarchical.ThrowableCollector.execute(ThrowableCollector.java:73)
	at org.junit.platform.engine.support.hierarchical.NodeTestTask.executeRecursively(NodeTestTask.java:144)
	at org.junit.platform.engine.support.hierarchical.NodeTestTask.execute(NodeTestTask.java:101)
	at org.junit.platform.engine.support.hierarchical.SameThreadHierarchicalTestExecutorService.submit(SameThreadHierarchicalTestExecutorService.java:35)
	at org.junit.platform.engine.support.hierarchical.NodeTestTask$DefaultDynamicTestExecutor.execute(NodeTestTask.java:232)
	at org.junit.platform.engine.support.hierarchical.NodeTestTask$DefaultDynamicTestExecutor.execute(NodeTestTask.java:210)
	at org.junit.jupiter.engine.descriptor.TemplateExecutor.execute(TemplateExecutor.java:98)
	at org.junit.jupiter.engine.descriptor.TemplateExecutor.lambda$executeForProvider$0(TemplateExecutor.java:61)
	at java.base/java.util.Optional.ifPresent(Optional.java:178)
	at org.junit.jupiter.engine.descriptor.TemplateExecutor.lambda$executeForProvider$1(TemplateExecutor.java:61)
	at java.base/java.util.stream.ForEachOps$ForEachOp$OfRef.accept(ForEachOps.java:184)
	at java.base/java.util.stream.ReferencePipeline$3$1.accept(ReferencePipeline.java:197)
	at java.base/java.util.stream.ForEachOps$ForEachOp$OfRef.accept(ForEachOps.java:184)
	at java.base/java.util.stream.ForEachOps$ForEachOp$OfRef.accept(ForEachOps.java:184)
	at java.base/java.util.stream.ReferencePipeline$3$1.accept(ReferencePipeline.java:197)
	at java.base/java.util.Spliterators$ArraySpliterator.forEachRemaining(Spliterators.java:1024)
	at java.base/java.util.stream.AbstractPipeline.copyInto(AbstractPipeline.java:509)
	at java.base/java.util.stream.AbstractPipeline.wrapAndCopyInto(AbstractPipeline.java:499)
	at java.base/java.util.stream.ForEachOps$ForEachOp.evaluateSequential(ForEachOps.java:151)
	at java.base/java.util.stream.ForEachOps$ForEachOp$OfRef.evaluateSequential(ForEachOps.java:174)
	at java.base/java.util.stream.AbstractPipeline.evaluate(AbstractPipeline.java:234)
	at java.base/java.util.stream.ReferencePipeline.forEach(ReferencePipeline.java:596)
	at java.base/java.util.stream.ReferencePipeline$7$1.accept(ReferencePipeline.java:276)
	at java.base/java.util.ArrayList$ArrayListSpliterator.forEachRemaining(ArrayList.java:1708)
	at java.base/java.util.stream.AbstractPipeline.copyInto(AbstractPipeline.java:509)
	at java.base/java.util.stream.AbstractPipeline.wrapAndCopyInto(AbstractPipeline.java:499)
	at java.base/java.util.stream.ForEachOps$ForEachOp.evaluateSequential(ForEachOps.java:151)
	at java.base/java.util.stream.ForEachOps$ForEachOp$OfRef.evaluateSequential(ForEachOps.java:174)
	at java.base/java.util.stream.AbstractPipeline.evaluate(AbstractPipeline.java:234)
	at java.base/java.util.stream.ReferencePipeline.forEach(ReferencePipeline.java:596)
	at java.base/java.util.stream.ReferencePipeline$7$1.accept(ReferencePipeline.java:276)
	at java.base/java.util.stream.ReferencePipeline$3$1.accept(ReferencePipeline.java:197)
	at java.base/java.util.stream.ReferencePipeline$3$1.accept(ReferencePipeline.java:197)
	at java.base/java.util.stream.ReferencePipeline$3$1.accept(ReferencePipeline.java:197)
	at java.base/java.util.ArrayList$ArrayListSpliterator.forEachRemaining(ArrayList.java:1708)
	at java.base/java.util.stream.AbstractPipeline.copyInto(AbstractPipeline.java:509)
	at java.base/java.util.stream.AbstractPipeline.wrapAndCopyInto(AbstractPipeline.java:499)
	at java.base/java.util.stream.ForEachOps$ForEachOp.evaluateSequential(ForEachOps.java:151)
	at java.base/java.util.stream.ForEachOps$ForEachOp$OfRef.evaluateSequential(ForEachOps.java:174)
	at java.base/java.util.stream.AbstractPipeline.evaluate(AbstractPipeline.java:234)
	at java.base/java.util.stream.ReferencePipeline.forEach(ReferencePipeline.java:596)
	at org.junit.jupiter.engine.descriptor.TemplateExecutor.executeForProvider(TemplateExecutor.java:59)
	at org.junit.jupiter.engine.descriptor.TemplateExecutor.execute(TemplateExecutor.java:48)
	at org.junit.jupiter.engine.descriptor.TestTemplateTestDescriptor.execute(TestTemplateTestDescriptor.java:112)
	at org.junit.jupiter.engine.descriptor.TestTemplateTestDescriptor.execute(TestTemplateTestDescriptor.java:40)
	at org.junit.platform.engine.support.hierarchical.NodeTestTask.lambda$executeRecursively$6(NodeTestTask.java:157)
	at org.junit.platform.engine.support.hierarchical.ThrowableCollector.execute(ThrowableCollector.java:73)
	at org.junit.platform.engine.support.hierarchical.NodeTestTask.lambda$executeRecursively$8(NodeTestTask.java:147)
	at org.junit.platform.engine.support.hierarchical.Node.around(Node.java:137)
	at org.junit.platform.engine.support.hierarchical.NodeTestTask.lambda$executeRecursively$9(NodeTestTask.java:145)
	at org.junit.platform.engine.support.hierarchical.ThrowableCollector.execute(ThrowableCollector.java:73)
	at org.junit.platform.engine.support.hierarchical.NodeTestTask.executeRecursively(NodeTestTask.java:144)
	at org.junit.platform.engine.support.hierarchical.NodeTestTask.execute(NodeTestTask.java:101)
	at java.base/java.util.ArrayList.forEach(ArrayList.java:1596)
	at org.junit.platform.engine.support.hierarchical.SameThreadHierarchicalTestExecutorService.invokeAll(SameThreadHierarchicalTestExecutorService.java:41)
	at org.junit.platform.engine.support.hierarchical.NodeTestTask.lambda$executeRecursively$6(NodeTestTask.java:161)
	at org.junit.platform.engine.support.hierarchical.ThrowableCollector.execute(ThrowableCollector.java:73)
	at org.junit.platform.engine.support.hierarchical.NodeTestTask.lambda$executeRecursively$8(NodeTestTask.java:147)
	at org.junit.platform.engine.support.hierarchical.Node.around(Node.java:137)
	at org.junit.platform.engine.support.hierarchical.NodeTestTask.lambda$executeRecursively$9(NodeTestTask.java:145)
	at org.junit.platform.engine.support.hierarchical.ThrowableCollector.execute(ThrowableCollector.java:73)
	at org.junit.platform.engine.support.hierarchical.NodeTestTask.executeRecursively(NodeTestTask.java:144)
	at org.junit.platform.engine.support.hierarchical.NodeTestTask.execute(NodeTestTask.java:101)
	at java.base/java.util.ArrayList.forEach(ArrayList.java:1596)
	at org.junit.platform.engine.support.hierarchical.SameThreadHierarchicalTestExecutorService.invokeAll(SameThreadHierarchicalTestExecutorService.java:41)
	at org.junit.platform.engine.support.hierarchical.NodeTestTask.lambda$executeRecursively$6(NodeTestTask.java:161)
	at org.junit.platform.engine.support.hierarchical.ThrowableCollector.execute(ThrowableCollector.java:73)
	at org.junit.platform.engine.support.hierarchical.NodeTestTask.lambda$executeRecursively$8(NodeTestTask.java:147)
	at org.junit.platform.engine.support.hierarchical.Node.around(Node.java:137)
	at org.junit.platform.engine.support.hierarchical.NodeTestTask.lambda$executeRecursively$9(NodeTestTask.java:145)
	at org.junit.platform.engine.support.hierarchical.ThrowableCollector.execute(ThrowableCollector.java:73)
	at org.junit.platform.engine.support.hierarchical.NodeTestTask.executeRecursively(NodeTestTask.java:144)
	at org.junit.platform.engine.support.hierarchical.NodeTestTask.execute(NodeTestTask.java:101)
	at org.junit.platform.engine.support.hierarchical.SameThreadHierarchicalTestExecutorService.submit(SameThreadHierarchicalTestExecutorService.java:35)
	at org.junit.platform.engine.support.hierarchical.HierarchicalTestExecutor.execute(HierarchicalTestExecutor.java:57)
	at org.junit.platform.engine.support.hierarchical.HierarchicalTestEngine.execute(HierarchicalTestEngine.java:54)
	at org.junit.platform.launcher.core.EngineExecutionOrchestrator.executeEngine(EngineExecutionOrchestrator.java:230)
	at org.junit.platform.launcher.core.EngineExecutionOrchestrator.failOrExecuteEngine(EngineExecutionOrchestrator.java:204)
	at org.junit.platform.launcher.core.EngineExecutionOrchestrator.execute(EngineExecutionOrchestrator.java:172)
	at org.junit.platform.launcher.core.EngineExecutionOrchestrator.execute(EngineExecutionOrchestrator.java:101)
	at org.junit.platform.launcher.core.EngineExecutionOrchestrator.lambda$execute$0(EngineExecutionOrchestrator.java:64)
	at org.junit.platform.launcher.core.EngineExecutionOrchestrator.withInterceptedStreams(EngineExecutionOrchestrator.java:150)
	at org.junit.platform.launcher.core.EngineExecutionOrchestrator.execute(EngineExecutionOrchestrator.java:63)
	at org.junit.platform.launcher.core.DefaultLauncher.execute(DefaultLauncher.java:109)
	at org.junit.platform.launcher.core.DefaultLauncher.execute(DefaultLauncher.java:91)
	at org.junit.platform.launcher.core.DelegatingLauncher.execute(DelegatingLauncher.java:47)
	at org.junit.platform.launcher.core.InterceptingLauncher.lambda$execute$1(InterceptingLauncher.java:39)
	at org.junit.platform.launcher.core.ClasspathAlignmentCheckingLauncherInterceptor.intercept(ClasspathAlignmentCheckingLauncherInterceptor.java:25)
	at org.junit.platform.launcher.core.InterceptingLauncher.execute(InterceptingLauncher.java:38)
	at org.junit.platform.launcher.core.DelegatingLauncher.execute(DelegatingLauncher.java:47)
	at org.apache.maven.surefire.junitplatform.LazyLauncher.execute(LazyLauncher.java:56)
	at org.apache.maven.surefire.junitplatform.JUnitPlatformProvider.execute(JUnitPlatformProvider.java:184)
	at org.apache.maven.surefire.junitplatform.JUnitPlatformProvider.invokeAllTests(JUnitPlatformProvider.java:148)
	at org.apache.maven.surefire.junitplatform.JUnitPlatformProvider.invoke(JUnitPlatformProvider.java:120)
	at org.apache.maven.surefire.booter.ForkedBooter.runSuitesInProcess(ForkedBooter.java:385)
	at org.apache.maven.surefire.booter.ForkedBooter.execute(ForkedBooter.java:162)
	at org.apache.maven.surefire.booter.ForkedBooter.run(ForkedBooter.java:507)
	at org.apache.maven.surefire.booter.ForkedBooter.main(ForkedBooter.java:495)
2025-10-18 02:34:56,626 [main] INFO  volume.HddsVolume (HddsVolume.java:<init>(162)) - HddsVolume: { id=DS-96608ade-ea27-47e6-b822-8ee12cbc53d4 dir=/tmp/junit-866411028841724313/8ee88eba-b5b4-425f-a27b-8a1bc894ff6e/hdds type=DISK capacity=9222449699674390527 used=0 available=9222449699674390527 minFree=184448985434423296 committed=0 }
2025-10-18 02:34:56,628 [main] INFO  volume.MutableVolumeSet (MutableVolumeSet.java:initializeVolumeSet(175)) - Added Volume : /tmp/junit-866411028841724313/8ee88eba-b5b4-425f-a27b-8a1bc894ff6e/hdds to VolumeSet
2025-10-18 02:34:56,628 [main] WARN  server.ServerUtils (ServerUtils.java:getDefaultRatisDirectory(304)) - Storage directory for Ratis is not configured. It is a good idea to map this to an SSD disk. Falling back to ozone.metadata.dirs
2025-10-18 02:34:56,629 [main] INFO  volume.MutableVolumeSet (MutableVolumeSet.java:initializeVolumeSet(175)) - Added Volume : /tmp/junit-866411028841724313/ratis to VolumeSet
2025-10-18 02:34:56,632 [main] WARN  db.DBStoreBuilder (DBStoreBuilder.java:getDBDirPath(157)) - ozone.scm.datanode.id.dir is not configured. We recommend adding this setting. Falling back to ozone.metadata.dirs instead.
2025-10-18 02:34:56,633 [main] WARN  db.DBStoreBuilder (DBStoreBuilder.java:getDBDirPath(157)) - ozone.scm.datanode.id.dir is not configured. We recommend adding this setting. Falling back to ozone.metadata.dirs instead.
2025-10-18 02:34:56,652 [main] INFO  impl.FilePerChunkStrategy (FilePerChunkStrategy.java:<init>(79)) - ozone.chunk.read.mapped.buffer.max.count is load with 0
2025-10-18 02:34:56,652 [main] INFO  impl.FilePerBlockStrategy (FilePerBlockStrategy.java:<init>(88)) - ozone.chunk.read.mapped.buffer.max.count is load with 0
2025-10-18 02:34:56,654 [main] INFO  server.RaftServerConfigKeys (ConfUtils.java:logGet(62)) - raft.server.log.appender.buffer.byte-limit = 33554432 (custom)
2025-10-18 02:34:56,654 [main] WARN  server.ServerUtils (ServerUtils.java:getDefaultRatisDirectory(304)) - Storage directory for Ratis is not configured. It is a good idea to map this to an SSD disk. Falling back to ozone.metadata.dirs
2025-10-18 02:34:56,656 [main] INFO  grpc.GrpcConfigKeys (ConfUtils.java:logFallback(69)) - raft.grpc.admin.host = null (fallback to raft.grpc.server.host)
2025-10-18 02:34:56,656 [main] INFO  grpc.GrpcConfigKeys (ConfUtils.java:logFallback(69)) - raft.grpc.client.host = null (fallback to raft.grpc.server.host)
2025-10-18 02:34:56,656 [main] INFO  server.GrpcServicesImpl (ConfUtils.java:logGet(62)) - raft.grpc.message.size.max = 34603008 (custom)
2025-10-18 02:34:56,657 [main] INFO  server.GrpcServicesImpl (ConfUtils.java:logGet(62)) - raft.grpc.flow.control.window = 5MB (=5242880) (custom)
2025-10-18 02:34:56,657 [main] INFO  server.RaftServerConfigKeys (ConfUtils.java:logGet(62)) - raft.server.log.appender.buffer.byte-limit = 33554432 (custom)
2025-10-18 02:34:56,659 [main] INFO  netty.NettyUtils (NettyUtils.java:newEventLoopGroup(74)) - Create EpollEventLoopGroup for af73f14b-65c8-4067-a330-325045829ae0-NettyServerStreamRpc-bossGroup; Thread size is 0.
2025-10-18 02:34:56,660 [main] INFO  netty.NettyUtils (NettyUtils.java:newEventLoopGroup(74)) - Create EpollEventLoopGroup for af73f14b-65c8-4067-a330-325045829ae0-NettyServerStreamRpc-workerGroup; Thread size is 0.
2025-10-18 02:34:56,661 [af73f14b-65c8-4067-a330-325045829ae0-NettyServerStreamRpc-bossGroup--thread1] INFO  logging.LoggingHandler (AbstractInternalLogger.java:log(148)) - [id: 0x6702223f] REGISTERED
2025-10-18 02:34:56,661 [main] INFO  server.RaftServerConfigKeys (ConfUtils.java:logGet(62)) - raft.server.storage.dir = [/tmp/junit-866411028841724313/ratis] (custom)
2025-10-18 02:34:56,662 [af73f14b-65c8-4067-a330-325045829ae0-NettyServerStreamRpc-bossGroup--thread1] INFO  logging.LoggingHandler (AbstractInternalLogger.java:log(148)) - [id: 0x6702223f] BIND: 0.0.0.0/0.0.0.0:0
2025-10-18 02:34:56,662 [af73f14b-65c8-4067-a330-325045829ae0-NettyServerStreamRpc-bossGroup--thread1] INFO  logging.LoggingHandler (AbstractInternalLogger.java:log(148)) - [id: 0x6702223f, L:/0.0.0.0:38357] ACTIVE
2025-10-18 02:34:56,664 [af73f14b-65c8-4067-a330-325045829ae0-impl-thread1] INFO  server.RaftServer (RaftServerProxy.java:initGroupDir(270)) - af73f14b-65c8-4067-a330-325045829ae0: found a subdirectory /tmp/junit-866411028841724313/ratis/tmp
2025-10-18 02:34:56,664 [af73f14b-65c8-4067-a330-325045829ae0-impl-thread1] INFO  server.RaftServer (RaftServerProxy.java:initGroupDir(275)) - af73f14b-65c8-4067-a330-325045829ae0: The directory /tmp/junit-866411028841724313/ratis/tmp is not a group directory; ignoring it. 
2025-10-18 02:34:56,665 [main] INFO  replication.ReplicationServer (ReplicationServer.java:<init>(84)) - Initializing replication server with thread count = 10 queue length = 4096
2025-10-18 02:34:56,667 [main] INFO  server.XceiverServerGrpc (XceiverServerGrpc.java:<init>(129)) - GrpcServer channel type EpollServerSocketChannel
2025-10-18 02:34:56,671 [main] INFO  replication.ReplicationSupervisor (ReplicationSupervisor.java:build(169)) - Initializing replication supervisor with thread count = 10
2025-10-18 02:34:56,671 [main] INFO  replication.ReplicationSupervisor (ReplicationSupervisor.java:nodeStateUpdated(358)) - Node state updated to IN_SERVICE, scaling executor pool size to 10
2025-10-18 02:34:56,685 [af73f14b-65c8-4067-a330-325045829ae0-ContainerReader-0] INFO  ozoneimpl.ContainerReader (ContainerReader.java:readVolume(147)) - Start to verify containers on volume /tmp/junit-866411028841724313/8ee88eba-b5b4-425f-a27b-8a1bc894ff6e/hdds
2025-10-18 02:34:56,686 [af73f14b-65c8-4067-a330-325045829ae0-ContainerReader-0] INFO  ozoneimpl.ContainerReader (ContainerReader.java:readVolume(177)) - Finish verifying containers on volume /tmp/junit-866411028841724313/8ee88eba-b5b4-425f-a27b-8a1bc894ff6e/hdds
2025-10-18 02:34:56,686 [main] INFO  ozoneimpl.OzoneContainer (OzoneContainer.java:buildContainerSet(359)) - Build ContainerSet costs 0s
2025-10-18 02:34:56,687 [main] INFO  volume.ThrottledAsyncChecker (ThrottledAsyncChecker.java:schedule(138)) - Scheduling a check for /tmp/junit-866411028841724313/8ee88eba-b5b4-425f-a27b-8a1bc894ff6e/hdds
2025-10-18 02:34:56,688 [main] INFO  volume.StorageVolumeChecker (StorageVolumeChecker.java:checkAllVolumes(231)) - Scheduled health check for volume /tmp/junit-866411028841724313/8ee88eba-b5b4-425f-a27b-8a1bc894ff6e/hdds
2025-10-18 02:34:56,689 [main] INFO  volume.ThrottledAsyncChecker (ThrottledAsyncChecker.java:schedule(138)) - Scheduling a check for /tmp/junit-866411028841724313/ratis
2025-10-18 02:34:56,689 [main] INFO  volume.StorageVolumeChecker (StorageVolumeChecker.java:checkAllVolumes(231)) - Scheduled health check for volume /tmp/junit-866411028841724313/ratis
2025-10-18 02:34:56,690 [main] INFO  ozoneimpl.OzoneContainer (OzoneContainer.java:start(544)) - Attempting to start container services.
2025-10-18 02:34:56,690 [ContainerMetadataScanner] INFO  ozoneimpl.AbstractBackgroundContainerScanner (AbstractBackgroundContainerScanner.java:runIteration(89)) - Completed an iteration in 0 minutes. Number of iterations (since the data-node restart) : 1, Number of containers scanned in this iteration : 0, Number of unhealthy containers found in this iteration : 0
2025-10-18 02:34:56,691 [ContainerDataScanner(/tmp/junit-866411028841724313/8ee88eba-b5b4-425f-a27b-8a1bc894ff6e/hdds)] INFO  ozoneimpl.AbstractBackgroundContainerScanner (AbstractBackgroundContainerScanner.java:runIteration(89)) - Completed an iteration in 0 minutes. Number of iterations (since the data-node restart) : 1, Number of containers scanned in this iteration : 0, Number of unhealthy containers found in this iteration : 0
2025-10-18 02:34:56,691 [main] INFO  replication.ReplicationServer (ReplicationServer.java:start(137)) - ReplicationServer is started using port 9886
2025-10-18 02:34:56,692 [main] INFO  ratis.XceiverServerRatis (XceiverServerRatis.java:start(559)) - Starting XceiverServerRatis(af73f14b-65c8-4067-a330-325045829ae0)
2025-10-18 02:34:56,696 [main] INFO  server.RaftServer (RaftServerProxy.java:startImpl(412)) - af73f14b-65c8-4067-a330-325045829ae0: start RPC server
2025-10-18 02:34:56,696 [main] INFO  server.GrpcServicesImpl (GrpcServicesImpl.java:startImpl(346)) - af73f14b-65c8-4067-a330-325045829ae0: GrpcServicesImpl started, listening on 9858
2025-10-18 02:34:56,697 [main] INFO  ratis.XceiverServerRatis (XceiverServerRatis.java:getRealPort(586)) - XceiverServerRatis(af73f14b-65c8-4067-a330-325045829ae0) is started using port RATIS=9858
2025-10-18 02:34:56,702 [main] INFO  ratis.XceiverServerRatis (XceiverServerRatis.java:getRealPort(586)) - XceiverServerRatis(af73f14b-65c8-4067-a330-325045829ae0) is started using port RATIS_ADMIN=9858
2025-10-18 02:34:56,702 [main] INFO  ratis.XceiverServerRatis (XceiverServerRatis.java:getRealPort(586)) - XceiverServerRatis(af73f14b-65c8-4067-a330-325045829ae0) is started using port RATIS_SERVER=9858
2025-10-18 02:34:56,702 [main] INFO  ratis.XceiverServerRatis (XceiverServerRatis.java:getRealPort(586)) - XceiverServerRatis(af73f14b-65c8-4067-a330-325045829ae0) is started using port RATIS_DATASTREAM=38357
2025-10-18 02:34:56,703 [JvmPauseMonitor4] INFO  util.JvmPauseMonitor (JvmPauseMonitor.java:run(146)) - JvmPauseMonitor-af73f14b-65c8-4067-a330-325045829ae0: Started
2025-10-18 02:34:56,703 [main] INFO  utils.BackgroundService (BackgroundService.java:start(119)) - Starting service BlockDeletingService with interval 60000 milliseconds
2025-10-18 02:34:56,704 [main] INFO  utils.BackgroundService (BackgroundService.java:start(119)) - Starting service StaleRecoveringContainerScrubbingService with interval 60000 milliseconds
2025-10-18 02:34:56,705 [main] INFO  upgrade.UpgradeFinalizer (BasicUpgradeFinalizer.java:logAndEmit(395)) - Finalization started.
2025-10-18 02:34:56,705 [main] INFO  upgrade.UpgradeFinalizer (BasicUpgradeFinalizer.java:runFinalizationAction(270)) - Running finalization actions for layout feature: DATANODE_SCHEMA_V3
2025-10-18 02:34:56,705 [main] INFO  upgrade.DatanodeSchemaV3FinalizeAction (DatanodeSchemaV3FinalizeAction.java:execute(49)) - Upgrading Datanode volume layout for Schema V3 support.
2025-10-18 02:34:56,733 [main] INFO  utils.DatanodeStoreCache (DatanodeStoreCache.java:addDB(70)) - Added db /tmp/junit-866411028841724313/8ee88eba-b5b4-425f-a27b-8a1bc894ff6e/hdds/clusterID/DS-a5c29f0f-57f2-461e-b587-e0647cad85b2/container.db to cache
2025-10-18 02:34:56,733 [main] INFO  volume.HddsVolume (HddsVolume.java:createDbStore(576)) - SchemaV3 db is created and loaded at /tmp/junit-866411028841724313/8ee88eba-b5b4-425f-a27b-8a1bc894ff6e/hdds/clusterID/DS-a5c29f0f-57f2-461e-b587-e0647cad85b2/container.db for volume DS-a5c29f0f-57f2-461e-b587-e0647cad85b2
2025-10-18 02:34:56,734 [main] INFO  utils.DatanodeStoreCache (DatanodeStoreCache.java:removeDB(104)) - Removed db /tmp/junit-866411028841724313/8ee88eba-b5b4-425f-a27b-8a1bc894ff6e/hdds/clusterID/DS-a5c29f0f-57f2-461e-b587-e0647cad85b2/container.db from cache
2025-10-18 02:34:56,734 [main] INFO  volume.HddsVolume (HddsVolume.java:closeDbStore(609)) - SchemaV3 db is stopped at /tmp/junit-866411028841724313/8ee88eba-b5b4-425f-a27b-8a1bc894ff6e/hdds/clusterID/DS-a5c29f0f-57f2-461e-b587-e0647cad85b2/container.db for volume DS-a5c29f0f-57f2-461e-b587-e0647cad85b2
2025-10-18 02:34:56,735 [main] INFO  upgrade.DatanodeSchemaV3FinalizeAction (DatanodeSchemaV3FinalizeAction.java:execute(75)) - Schema V3 is disabled. Won't load RocksDB in upgrade.
2025-10-18 02:34:56,737 [main] INFO  upgrade.AbstractLayoutVersionManager (AbstractLayoutVersionManager.java:finalized(124)) - Layout feature DATANODE_SCHEMA_V3 has been finalized.
2025-10-18 02:34:56,737 [main] INFO  upgrade.UpgradeFinalizer (BasicUpgradeFinalizer.java:logAndEmit(395)) - No onFinalize work defined for feature: RATIS_DATASTREAM_PORT_IN_DATANODEDETAILS.
2025-10-18 02:34:56,738 [main] INFO  upgrade.AbstractLayoutVersionManager (AbstractLayoutVersionManager.java:finalized(124)) - Layout feature RATIS_DATASTREAM_PORT_IN_DATANODEDETAILS has been finalized.
2025-10-18 02:34:56,739 [main] INFO  upgrade.UpgradeFinalizer (BasicUpgradeFinalizer.java:logAndEmit(395)) - No onFinalize work defined for feature: WEBUI_PORTS_IN_DATANODEDETAILS.
2025-10-18 02:34:56,740 [main] INFO  upgrade.AbstractLayoutVersionManager (AbstractLayoutVersionManager.java:finalized(124)) - Layout feature WEBUI_PORTS_IN_DATANODEDETAILS has been finalized.
2025-10-18 02:34:56,740 [main] INFO  upgrade.UpgradeFinalizer (BasicUpgradeFinalizer.java:logAndEmit(395)) - No onFinalize work defined for feature: HADOOP_PRC_PORTS_IN_DATANODEDETAILS.
2025-10-18 02:34:56,741 [main] INFO  upgrade.AbstractLayoutVersionManager (AbstractLayoutVersionManager.java:finalized(124)) - Layout feature HADOOP_PRC_PORTS_IN_DATANODEDETAILS has been finalized.
2025-10-18 02:34:56,741 [main] INFO  upgrade.UpgradeFinalizer (BasicUpgradeFinalizer.java:logAndEmit(395)) - No onFinalize work defined for feature: HBASE_SUPPORT.
2025-10-18 02:34:56,743 [main] INFO  upgrade.AbstractLayoutVersionManager (AbstractLayoutVersionManager.java:finalized(124)) - Layout feature HBASE_SUPPORT has been finalized.
2025-10-18 02:34:56,743 [main] INFO  upgrade.UpgradeFinalizer (BasicUpgradeFinalizer.java:runFinalizationAction(270)) - Running finalization actions for layout feature: WITNESSED_CONTAINER_DB_PROTO_VALUE
2025-10-18 02:34:56,744 [main] INFO  upgrade.ContainerTableSchemaFinalizeAction (ContainerTableSchemaFinalizeAction.java:execute(71)) - Finished copy to containerIdsTable from previous table
2025-10-18 02:34:56,745 [main] INFO  upgrade.AbstractLayoutVersionManager (AbstractLayoutVersionManager.java:finalized(124)) - Layout feature WITNESSED_CONTAINER_DB_PROTO_VALUE has been finalized.
2025-10-18 02:34:56,745 [main] INFO  upgrade.AbstractLayoutVersionManager (AbstractLayoutVersionManager.java:finalized(126)) - Finalization is complete.
2025-10-18 02:34:56,746 [main] INFO  upgrade.UpgradeFinalizer (BasicUpgradeFinalizer.java:logAndEmit(395)) - Finalization is done.
2025-10-18 02:34:56,796 [main] INFO  keyvalue.KeyValueContainer (KeyValueContainer.java:flushAndSyncDB(514)) - Synced container: KeyValueContainerData #1165888291 (CLOSING, non-empty, ri=0, origin=[dn_af73f14b-65c8-4067-a330-325045829ae0, pipeline_])
2025-10-18 02:34:56,796 [main] INFO  keyvalue.KeyValueContainer (KeyValueContainer.java:flushAndSyncDB(514)) - Synced container: KeyValueContainerData #1165888291 (CLOSING, non-empty, ri=0, origin=[dn_af73f14b-65c8-4067-a330-325045829ae0, pipeline_])
2025-10-18 02:34:56,800 [main] INFO  keyvalue.KeyValueContainer (KeyValueContainer.java:close(430)) - Closed container: KeyValueContainerData #1165888291 (CLOSED, non-empty, ri=0, origin=[dn_af73f14b-65c8-4067-a330-325045829ae0, pipeline_])
2025-10-18 02:34:56,802 [main] INFO  ozoneimpl.OzoneContainer (OzoneContainer.java:stop(568)) - Attempting to stop container services.
2025-10-18 02:34:56,802 [ContainerMetadataScanner] WARN  ozoneimpl.AbstractBackgroundContainerScanner (AbstractBackgroundContainerScanner.java:handleRemainingSleep(136)) - Background container scan was interrupted.
2025-10-18 02:34:56,802 [ContainerMetadataScanner] INFO  ozoneimpl.AbstractBackgroundContainerScanner (AbstractBackgroundContainerScanner.java:run(63)) - org.apache.hadoop.ozone.container.ozoneimpl.BackgroundContainerMetadataScanner@65f9ad3f exiting.
2025-10-18 02:34:56,802 [main] INFO  ozoneimpl.BackgroundContainerDataScanner (BackgroundContainerDataScanner.java:shutdown(87)) - ContainerDataScanner(/tmp/junit-866411028841724313/8ee88eba-b5b4-425f-a27b-8a1bc894ff6e/hdds) is shutting down. 
2025-10-18 02:34:56,803 [ContainerDataScanner(/tmp/junit-866411028841724313/8ee88eba-b5b4-425f-a27b-8a1bc894ff6e/hdds)] WARN  ozoneimpl.AbstractBackgroundContainerScanner (AbstractBackgroundContainerScanner.java:handleRemainingSleep(136)) - Background container scan was interrupted.
2025-10-18 02:34:56,803 [ContainerDataScanner(/tmp/junit-866411028841724313/8ee88eba-b5b4-425f-a27b-8a1bc894ff6e/hdds)] INFO  ozoneimpl.AbstractBackgroundContainerScanner (AbstractBackgroundContainerScanner.java:run(63)) - ContainerDataScanner(/tmp/junit-866411028841724313/8ee88eba-b5b4-425f-a27b-8a1bc894ff6e/hdds, DS-a5c29f0f-57f2-461e-b587-e0647cad85b2) exiting.
2025-10-18 02:34:56,803 [main] INFO  ozoneimpl.OnDemandContainerScanner (OnDemandContainerScanner.java:shutdown(141)) - On-demand container scanner is shutting down.
2025-10-18 02:34:56,803 [main] INFO  ratis.XceiverServerRatis (XceiverServerRatis.java:stop(594)) - Closing XceiverServerRatis(af73f14b-65c8-4067-a330-325045829ae0)
2025-10-18 02:34:56,804 [main] INFO  server.RaftServer (RaftServerProxy.java:lambda$close$9(422)) - af73f14b-65c8-4067-a330-325045829ae0: close
2025-10-18 02:34:56,804 [main] INFO  server.GrpcServicesImpl (GrpcServicesImpl.java:closeImpl(355)) - af73f14b-65c8-4067-a330-325045829ae0: shutdown server GrpcServerProtocolService now
2025-10-18 02:34:56,804 [main] INFO  server.GrpcServicesImpl (GrpcServicesImpl.java:closeImpl(364)) - af73f14b-65c8-4067-a330-325045829ae0: shutdown server GrpcServerProtocolService successfully
2025-10-18 02:34:56,805 [af73f14b-65c8-4067-a330-325045829ae0-NettyServerStreamRpc-bossGroup--thread1] INFO  logging.LoggingHandler (AbstractInternalLogger.java:log(148)) - [id: 0x6702223f, L:/0.0.0.0:38357] CLOSE
2025-10-18 02:34:56,805 [af73f14b-65c8-4067-a330-325045829ae0-NettyServerStreamRpc-bossGroup--thread1] INFO  logging.LoggingHandler (AbstractInternalLogger.java:log(148)) - [id: 0x6702223f, L:/0.0.0.0:38357] INACTIVE
2025-10-18 02:34:56,805 [af73f14b-65c8-4067-a330-325045829ae0-NettyServerStreamRpc-bossGroup--thread1] INFO  logging.LoggingHandler (AbstractInternalLogger.java:log(148)) - [id: 0x6702223f, L:/0.0.0.0:38357] UNREGISTERED
2025-10-18 02:34:56,811 [JvmPauseMonitor4] INFO  util.JvmPauseMonitor (JvmPauseMonitor.java:run(152)) - JvmPauseMonitor-af73f14b-65c8-4067-a330-325045829ae0: Stopped
2025-10-18 02:34:58,817 [main] INFO  utils.BackgroundService (BackgroundService.java:shutdown(195)) - Shutting down service BlockDeletingService
2025-10-18 02:34:58,818 [main] INFO  utils.BackgroundService (BackgroundService.java:shutdown(195)) - Shutting down service StaleRecoveringContainerScrubbingService
2025-10-18 02:34:58,820 [main] INFO  upgrade.AbstractLayoutVersionManager (AbstractLayoutVersionManager.java:init(80)) - Initializing Layout version manager with metadata layout = WITNESSED_CONTAINER_DB_PROTO_VALUE (version = 9), software layout = WITNESSED_CONTAINER_DB_PROTO_VALUE (version = 9)
2025-10-18 02:34:58,820 [main] INFO  statemachine.DatanodeStateMachine (DatanodeStateMachine.java:getEndPointTaskThreadPoolSize(321)) - Datanode State Machine Task Thread Pool size 2
2025-10-18 02:34:58,823 [main] INFO  volume.HddsVolume (HddsVolume.java:<init>(162)) - HddsVolume: { id=8c0469a7-643c-4b83-bc7e-ae6f7d383eb8 dir=/home/runner/work/ozone/ozone/hadoop-hdds/container-service/file:/home/runner/work/ozone/ozone/hadoop-hdds/container-service/target/tmp/dfs/data type=DISK failed }
2025-10-18 02:34:58,823 [main] ERROR volume.MutableVolumeSet (MutableVolumeSet.java:initializeVolumeSet(194)) - Failed to parse the storage location: file:///home/runner/work/ozone/ozone/hadoop-hdds/container-service/target/tmp/dfs/data
org.apache.hadoop.ozone.common.InconsistentStorageStateException: Mismatched DatanodeUUIDs. Version File : /home/runner/work/ozone/ozone/hadoop-hdds/container-service/target/tmp/dfs/data/hdds/VERSION has datanodeUuid: c3d05b50-810d-4b78-be46-d77415fe1b4d and Datanode has datanodeUuid: af73f14b-65c8-4067-a330-325045829ae0
	at org.apache.hadoop.ozone.container.common.utils.StorageVolumeUtil.getDatanodeUUID(StorageVolumeUtil.java:122)
	at org.apache.hadoop.ozone.container.common.volume.StorageVolume.readVersionFile(StorageVolume.java:385)
	at org.apache.hadoop.ozone.container.common.volume.StorageVolume.initializeImpl(StorageVolume.java:240)
	at org.apache.hadoop.ozone.container.common.volume.StorageVolume.initialize(StorageVolume.java:215)
	at org.apache.hadoop.ozone.container.common.volume.HddsVolume.<init>(HddsVolume.java:151)
	at org.apache.hadoop.ozone.container.common.volume.HddsVolume.<init>(HddsVolume.java:80)
	at org.apache.hadoop.ozone.container.common.volume.HddsVolume$Builder.build(HddsVolume.java:130)
	at org.apache.hadoop.ozone.container.common.volume.HddsVolumeFactory.createVolume(HddsVolumeFactory.java:46)
	at org.apache.hadoop.ozone.container.common.volume.MutableVolumeSet.initializeVolumeSet(MutableVolumeSet.java:172)
	at org.apache.hadoop.ozone.container.common.volume.MutableVolumeSet.<init>(MutableVolumeSet.java:130)
	at org.apache.hadoop.ozone.container.common.volume.MutableVolumeSet.<init>(MutableVolumeSet.java:92)
	at org.apache.hadoop.ozone.container.ozoneimpl.OzoneContainer.<init>(OzoneContainer.java:170)
	at org.apache.hadoop.ozone.container.common.statemachine.DatanodeStateMachine.<init>(DatanodeStateMachine.java:191)
	at org.apache.hadoop.ozone.container.common.statemachine.DatanodeStateMachine.<init>(DatanodeStateMachine.java:305)
	at org.apache.hadoop.ozone.container.upgrade.UpgradeTestHelper.restartDatanode(UpgradeTestHelper.java:108)
	at org.apache.hadoop.ozone.container.upgrade.TestDatanodeUpgradeToSchemaV3.testWrite(TestDatanodeUpgradeToSchemaV3.java:447)
	at org.apache.hadoop.ozone.container.upgrade.TestDatanodeUpgradeToSchemaV3.testWriteWithV3Enabled(TestDatanodeUpgradeToSchemaV3.java:405)
	at java.base/jdk.internal.reflect.DirectMethodHandleAccessor.invoke(DirectMethodHandleAccessor.java:103)
	at java.base/java.lang.reflect.Method.invoke(Method.java:580)
	at org.junit.platform.commons.util.ReflectionUtils.invokeMethod(ReflectionUtils.java:786)
	at org.junit.platform.commons.support.ReflectionSupport.invokeMethod(ReflectionSupport.java:514)
	at org.junit.jupiter.engine.execution.MethodInvocation.proceed(MethodInvocation.java:60)
	at org.junit.jupiter.engine.execution.InvocationInterceptorChain$ValidatingInvocation.proceed(InvocationInterceptorChain.java:131)
	at org.junit.jupiter.engine.extension.SameThreadTimeoutInvocation.proceed(SameThreadTimeoutInvocation.java:49)
	at org.junit.jupiter.engine.extension.TimeoutExtension.intercept(TimeoutExtension.java:161)
	at org.junit.jupiter.engine.extension.TimeoutExtension.interceptTestableMethod(TimeoutExtension.java:152)
	at org.junit.jupiter.engine.extension.TimeoutExtension.interceptTestTemplateMethod(TimeoutExtension.java:99)
	at org.junit.jupiter.engine.execution.InterceptingExecutableInvoker$ReflectiveInterceptorCall.lambda$ofVoidMethod$0(InterceptingExecutableInvoker.java:112)
	at org.junit.jupiter.engine.execution.InterceptingExecutableInvoker.lambda$invoke$0(InterceptingExecutableInvoker.java:94)
	at org.junit.jupiter.engine.execution.InvocationInterceptorChain$InterceptedInvocation.proceed(InvocationInterceptorChain.java:106)
	at org.junit.jupiter.engine.execution.InvocationInterceptorChain.proceed(InvocationInterceptorChain.java:64)
	at org.junit.jupiter.engine.execution.InvocationInterceptorChain.chainAndInvoke(InvocationInterceptorChain.java:45)
	at org.junit.jupiter.engine.execution.InvocationInterceptorChain.invoke(InvocationInterceptorChain.java:37)
	at org.junit.jupiter.engine.execution.InterceptingExecutableInvoker.invoke(InterceptingExecutableInvoker.java:93)
	at org.junit.jupiter.engine.execution.InterceptingExecutableInvoker.invoke(InterceptingExecutableInvoker.java:87)
	at org.junit.jupiter.engine.descriptor.TestMethodTestDescriptor.lambda$invokeTestMethod$4(TestMethodTestDescriptor.java:221)
	at org.junit.platform.engine.support.hierarchical.ThrowableCollector.execute(ThrowableCollector.java:73)
	at org.junit.jupiter.engine.descriptor.TestMethodTestDescriptor.invokeTestMethod(TestMethodTestDescriptor.java:217)
	at org.junit.jupiter.engine.descriptor.TestMethodTestDescriptor.execute(TestMethodTestDescriptor.java:159)
	at org.junit.jupiter.engine.descriptor.TestMethodTestDescriptor.execute(TestMethodTestDescriptor.java:70)
	at org.junit.platform.engine.support.hierarchical.NodeTestTask.lambda$executeRecursively$6(NodeTestTask.java:157)
	at org.junit.platform.engine.support.hierarchical.ThrowableCollector.execute(ThrowableCollector.java:73)
	at org.junit.platform.engine.support.hierarchical.NodeTestTask.lambda$executeRecursively$8(NodeTestTask.java:147)
	at org.junit.platform.engine.support.hierarchical.Node.around(Node.java:137)
	at org.junit.platform.engine.support.hierarchical.NodeTestTask.lambda$executeRecursively$9(NodeTestTask.java:145)
	at org.junit.platform.engine.support.hierarchical.ThrowableCollector.execute(ThrowableCollector.java:73)
	at org.junit.platform.engine.support.hierarchical.NodeTestTask.executeRecursively(NodeTestTask.java:144)
	at org.junit.platform.engine.support.hierarchical.NodeTestTask.execute(NodeTestTask.java:101)
	at org.junit.platform.engine.support.hierarchical.SameThreadHierarchicalTestExecutorService.submit(SameThreadHierarchicalTestExecutorService.java:35)
	at org.junit.platform.engine.support.hierarchical.NodeTestTask$DefaultDynamicTestExecutor.execute(NodeTestTask.java:232)
	at org.junit.platform.engine.support.hierarchical.NodeTestTask$DefaultDynamicTestExecutor.execute(NodeTestTask.java:210)
	at org.junit.jupiter.engine.descriptor.TemplateExecutor.execute(TemplateExecutor.java:98)
	at org.junit.jupiter.engine.descriptor.TemplateExecutor.lambda$executeForProvider$0(TemplateExecutor.java:61)
	at java.base/java.util.Optional.ifPresent(Optional.java:178)
	at org.junit.jupiter.engine.descriptor.TemplateExecutor.lambda$executeForProvider$1(TemplateExecutor.java:61)
	at java.base/java.util.stream.ForEachOps$ForEachOp$OfRef.accept(ForEachOps.java:184)
	at java.base/java.util.stream.ReferencePipeline$3$1.accept(ReferencePipeline.java:197)
	at java.base/java.util.stream.ForEachOps$ForEachOp$OfRef.accept(ForEachOps.java:184)
	at java.base/java.util.stream.ForEachOps$ForEachOp$OfRef.accept(ForEachOps.java:184)
	at java.base/java.util.stream.ReferencePipeline$3$1.accept(ReferencePipeline.java:197)
	at java.base/java.util.Spliterators$ArraySpliterator.forEachRemaining(Spliterators.java:1024)
	at java.base/java.util.stream.AbstractPipeline.copyInto(AbstractPipeline.java:509)
	at java.base/java.util.stream.AbstractPipeline.wrapAndCopyInto(AbstractPipeline.java:499)
	at java.base/java.util.stream.ForEachOps$ForEachOp.evaluateSequential(ForEachOps.java:151)
	at java.base/java.util.stream.ForEachOps$ForEachOp$OfRef.evaluateSequential(ForEachOps.java:174)
	at java.base/java.util.stream.AbstractPipeline.evaluate(AbstractPipeline.java:234)
	at java.base/java.util.stream.ReferencePipeline.forEach(ReferencePipeline.java:596)
	at java.base/java.util.stream.ReferencePipeline$7$1.accept(ReferencePipeline.java:276)
	at java.base/java.util.ArrayList$ArrayListSpliterator.forEachRemaining(ArrayList.java:1708)
	at java.base/java.util.stream.AbstractPipeline.copyInto(AbstractPipeline.java:509)
	at java.base/java.util.stream.AbstractPipeline.wrapAndCopyInto(AbstractPipeline.java:499)
	at java.base/java.util.stream.ForEachOps$ForEachOp.evaluateSequential(ForEachOps.java:151)
	at java.base/java.util.stream.ForEachOps$ForEachOp$OfRef.evaluateSequential(ForEachOps.java:174)
	at java.base/java.util.stream.AbstractPipeline.evaluate(AbstractPipeline.java:234)
	at java.base/java.util.stream.ReferencePipeline.forEach(ReferencePipeline.java:596)
	at java.base/java.util.stream.ReferencePipeline$7$1.accept(ReferencePipeline.java:276)
	at java.base/java.util.stream.ReferencePipeline$3$1.accept(ReferencePipeline.java:197)
	at java.base/java.util.stream.ReferencePipeline$3$1.accept(ReferencePipeline.java:197)
	at java.base/java.util.stream.ReferencePipeline$3$1.accept(ReferencePipeline.java:197)
	at java.base/java.util.ArrayList$ArrayListSpliterator.forEachRemaining(ArrayList.java:1708)
	at java.base/java.util.stream.AbstractPipeline.copyInto(AbstractPipeline.java:509)
	at java.base/java.util.stream.AbstractPipeline.wrapAndCopyInto(AbstractPipeline.java:499)
	at java.base/java.util.stream.ForEachOps$ForEachOp.evaluateSequential(ForEachOps.java:151)
	at java.base/java.util.stream.ForEachOps$ForEachOp$OfRef.evaluateSequential(ForEachOps.java:174)
	at java.base/java.util.stream.AbstractPipeline.evaluate(AbstractPipeline.java:234)
	at java.base/java.util.stream.ReferencePipeline.forEach(ReferencePipeline.java:596)
	at org.junit.jupiter.engine.descriptor.TemplateExecutor.executeForProvider(TemplateExecutor.java:59)
	at org.junit.jupiter.engine.descriptor.TemplateExecutor.execute(TemplateExecutor.java:48)
	at org.junit.jupiter.engine.descriptor.TestTemplateTestDescriptor.execute(TestTemplateTestDescriptor.java:112)
	at org.junit.jupiter.engine.descriptor.TestTemplateTestDescriptor.execute(TestTemplateTestDescriptor.java:40)
	at org.junit.platform.engine.support.hierarchical.NodeTestTask.lambda$executeRecursively$6(NodeTestTask.java:157)
	at org.junit.platform.engine.support.hierarchical.ThrowableCollector.execute(ThrowableCollector.java:73)
	at org.junit.platform.engine.support.hierarchical.NodeTestTask.lambda$executeRecursively$8(NodeTestTask.java:147)
	at org.junit.platform.engine.support.hierarchical.Node.around(Node.java:137)
	at org.junit.platform.engine.support.hierarchical.NodeTestTask.lambda$executeRecursively$9(NodeTestTask.java:145)
	at org.junit.platform.engine.support.hierarchical.ThrowableCollector.execute(ThrowableCollector.java:73)
	at org.junit.platform.engine.support.hierarchical.NodeTestTask.executeRecursively(NodeTestTask.java:144)
	at org.junit.platform.engine.support.hierarchical.NodeTestTask.execute(NodeTestTask.java:101)
	at java.base/java.util.ArrayList.forEach(ArrayList.java:1596)
	at org.junit.platform.engine.support.hierarchical.SameThreadHierarchicalTestExecutorService.invokeAll(SameThreadHierarchicalTestExecutorService.java:41)
	at org.junit.platform.engine.support.hierarchical.NodeTestTask.lambda$executeRecursively$6(NodeTestTask.java:161)
	at org.junit.platform.engine.support.hierarchical.ThrowableCollector.execute(ThrowableCollector.java:73)
	at org.junit.platform.engine.support.hierarchical.NodeTestTask.lambda$executeRecursively$8(NodeTestTask.java:147)
	at org.junit.platform.engine.support.hierarchical.Node.around(Node.java:137)
	at org.junit.platform.engine.support.hierarchical.NodeTestTask.lambda$executeRecursively$9(NodeTestTask.java:145)
	at org.junit.platform.engine.support.hierarchical.ThrowableCollector.execute(ThrowableCollector.java:73)
	at org.junit.platform.engine.support.hierarchical.NodeTestTask.executeRecursively(NodeTestTask.java:144)
	at org.junit.platform.engine.support.hierarchical.NodeTestTask.execute(NodeTestTask.java:101)
	at java.base/java.util.ArrayList.forEach(ArrayList.java:1596)
	at org.junit.platform.engine.support.hierarchical.SameThreadHierarchicalTestExecutorService.invokeAll(SameThreadHierarchicalTestExecutorService.java:41)
	at org.junit.platform.engine.support.hierarchical.NodeTestTask.lambda$executeRecursively$6(NodeTestTask.java:161)
	at org.junit.platform.engine.support.hierarchical.ThrowableCollector.execute(ThrowableCollector.java:73)
	at org.junit.platform.engine.support.hierarchical.NodeTestTask.lambda$executeRecursively$8(NodeTestTask.java:147)
	at org.junit.platform.engine.support.hierarchical.Node.around(Node.java:137)
	at org.junit.platform.engine.support.hierarchical.NodeTestTask.lambda$executeRecursively$9(NodeTestTask.java:145)
	at org.junit.platform.engine.support.hierarchical.ThrowableCollector.execute(ThrowableCollector.java:73)
	at org.junit.platform.engine.support.hierarchical.NodeTestTask.executeRecursively(NodeTestTask.java:144)
	at org.junit.platform.engine.support.hierarchical.NodeTestTask.execute(NodeTestTask.java:101)
	at org.junit.platform.engine.support.hierarchical.SameThreadHierarchicalTestExecutorService.submit(SameThreadHierarchicalTestExecutorService.java:35)
	at org.junit.platform.engine.support.hierarchical.HierarchicalTestExecutor.execute(HierarchicalTestExecutor.java:57)
	at org.junit.platform.engine.support.hierarchical.HierarchicalTestEngine.execute(HierarchicalTestEngine.java:54)
	at org.junit.platform.launcher.core.EngineExecutionOrchestrator.executeEngine(EngineExecutionOrchestrator.java:230)
	at org.junit.platform.launcher.core.EngineExecutionOrchestrator.failOrExecuteEngine(EngineExecutionOrchestrator.java:204)
	at org.junit.platform.launcher.core.EngineExecutionOrchestrator.execute(EngineExecutionOrchestrator.java:172)
	at org.junit.platform.launcher.core.EngineExecutionOrchestrator.execute(EngineExecutionOrchestrator.java:101)
	at org.junit.platform.launcher.core.EngineExecutionOrchestrator.lambda$execute$0(EngineExecutionOrchestrator.java:64)
	at org.junit.platform.launcher.core.EngineExecutionOrchestrator.withInterceptedStreams(EngineExecutionOrchestrator.java:150)
	at org.junit.platform.launcher.core.EngineExecutionOrchestrator.execute(EngineExecutionOrchestrator.java:63)
	at org.junit.platform.launcher.core.DefaultLauncher.execute(DefaultLauncher.java:109)
	at org.junit.platform.launcher.core.DefaultLauncher.execute(DefaultLauncher.java:91)
	at org.junit.platform.launcher.core.DelegatingLauncher.execute(DelegatingLauncher.java:47)
	at org.junit.platform.launcher.core.InterceptingLauncher.lambda$execute$1(InterceptingLauncher.java:39)
	at org.junit.platform.launcher.core.ClasspathAlignmentCheckingLauncherInterceptor.intercept(ClasspathAlignmentCheckingLauncherInterceptor.java:25)
	at org.junit.platform.launcher.core.InterceptingLauncher.execute(InterceptingLauncher.java:38)
	at org.junit.platform.launcher.core.DelegatingLauncher.execute(DelegatingLauncher.java:47)
	at org.apache.maven.surefire.junitplatform.LazyLauncher.execute(LazyLauncher.java:56)
	at org.apache.maven.surefire.junitplatform.JUnitPlatformProvider.execute(JUnitPlatformProvider.java:184)
	at org.apache.maven.surefire.junitplatform.JUnitPlatformProvider.invokeAllTests(JUnitPlatformProvider.java:148)
	at org.apache.maven.surefire.junitplatform.JUnitPlatformProvider.invoke(JUnitPlatformProvider.java:120)
	at org.apache.maven.surefire.booter.ForkedBooter.runSuitesInProcess(ForkedBooter.java:385)
	at org.apache.maven.surefire.booter.ForkedBooter.execute(ForkedBooter.java:162)
	at org.apache.maven.surefire.booter.ForkedBooter.run(ForkedBooter.java:507)
	at org.apache.maven.surefire.booter.ForkedBooter.main(ForkedBooter.java:495)
2025-10-18 02:34:58,825 [main] INFO  volume.HddsVolume (HddsVolume.java:<init>(162)) - HddsVolume: { id=DS-a5c29f0f-57f2-461e-b587-e0647cad85b2 dir=/tmp/junit-866411028841724313/8ee88eba-b5b4-425f-a27b-8a1bc894ff6e/hdds type=DISK capacity=9222449699674390527 used=0 available=9222449699674390527 minFree=184448985434423296 committed=0 }
2025-10-18 02:34:58,825 [main] INFO  volume.MutableVolumeSet (MutableVolumeSet.java:initializeVolumeSet(175)) - Added Volume : /tmp/junit-866411028841724313/8ee88eba-b5b4-425f-a27b-8a1bc894ff6e/hdds to VolumeSet
2025-10-18 02:34:58,826 [main] WARN  server.ServerUtils (ServerUtils.java:getDefaultRatisDirectory(304)) - Storage directory for Ratis is not configured. It is a good idea to map this to an SSD disk. Falling back to ozone.metadata.dirs
2025-10-18 02:34:58,827 [main] INFO  volume.MutableVolumeSet (MutableVolumeSet.java:initializeVolumeSet(175)) - Added Volume : /tmp/junit-866411028841724313/ratis to VolumeSet
2025-10-18 02:34:58,827 [main] WARN  db.DBStoreBuilder (DBStoreBuilder.java:getDBDirPath(157)) - ozone.scm.datanode.id.dir is not configured. We recommend adding this setting. Falling back to ozone.metadata.dirs instead.
2025-10-18 02:34:58,828 [main] WARN  db.DBStoreBuilder (DBStoreBuilder.java:getDBDirPath(157)) - ozone.scm.datanode.id.dir is not configured. We recommend adding this setting. Falling back to ozone.metadata.dirs instead.
2025-10-18 02:34:58,842 [main] INFO  impl.FilePerChunkStrategy (FilePerChunkStrategy.java:<init>(79)) - ozone.chunk.read.mapped.buffer.max.count is load with 0
2025-10-18 02:34:58,842 [main] INFO  impl.FilePerBlockStrategy (FilePerBlockStrategy.java:<init>(88)) - ozone.chunk.read.mapped.buffer.max.count is load with 0
2025-10-18 02:34:58,844 [main] INFO  server.RaftServerConfigKeys (ConfUtils.java:logGet(62)) - raft.server.log.appender.buffer.byte-limit = 33554432 (custom)
2025-10-18 02:34:58,844 [main] WARN  server.ServerUtils (ServerUtils.java:getDefaultRatisDirectory(304)) - Storage directory for Ratis is not configured. It is a good idea to map this to an SSD disk. Falling back to ozone.metadata.dirs
2025-10-18 02:34:58,846 [main] INFO  grpc.GrpcConfigKeys (ConfUtils.java:logFallback(69)) - raft.grpc.admin.host = null (fallback to raft.grpc.server.host)
2025-10-18 02:34:58,846 [main] INFO  grpc.GrpcConfigKeys (ConfUtils.java:logFallback(69)) - raft.grpc.client.host = null (fallback to raft.grpc.server.host)
2025-10-18 02:34:58,846 [main] INFO  server.GrpcServicesImpl (ConfUtils.java:logGet(62)) - raft.grpc.message.size.max = 34603008 (custom)
2025-10-18 02:34:58,846 [main] INFO  server.GrpcServicesImpl (ConfUtils.java:logGet(62)) - raft.grpc.flow.control.window = 5MB (=5242880) (custom)
2025-10-18 02:34:58,847 [main] INFO  server.RaftServerConfigKeys (ConfUtils.java:logGet(62)) - raft.server.log.appender.buffer.byte-limit = 33554432 (custom)
2025-10-18 02:34:58,848 [main] INFO  netty.NettyUtils (NettyUtils.java:newEventLoopGroup(74)) - Create EpollEventLoopGroup for af73f14b-65c8-4067-a330-325045829ae0-NettyServerStreamRpc-bossGroup; Thread size is 0.
2025-10-18 02:34:58,848 [main] INFO  netty.NettyUtils (NettyUtils.java:newEventLoopGroup(74)) - Create EpollEventLoopGroup for af73f14b-65c8-4067-a330-325045829ae0-NettyServerStreamRpc-workerGroup; Thread size is 0.
2025-10-18 02:34:58,850 [af73f14b-65c8-4067-a330-325045829ae0-NettyServerStreamRpc-bossGroup--thread1] INFO  logging.LoggingHandler (AbstractInternalLogger.java:log(148)) - [id: 0x4fe825aa] REGISTERED
2025-10-18 02:34:58,850 [af73f14b-65c8-4067-a330-325045829ae0-impl-thread1] INFO  server.RaftServer (RaftServerProxy.java:initGroupDir(270)) - af73f14b-65c8-4067-a330-325045829ae0: found a subdirectory /tmp/junit-866411028841724313/ratis/tmp
2025-10-18 02:34:58,850 [af73f14b-65c8-4067-a330-325045829ae0-impl-thread1] INFO  server.RaftServer (RaftServerProxy.java:initGroupDir(275)) - af73f14b-65c8-4067-a330-325045829ae0: The directory /tmp/junit-866411028841724313/ratis/tmp is not a group directory; ignoring it. 
2025-10-18 02:34:58,850 [main] INFO  replication.ReplicationServer (ReplicationServer.java:<init>(84)) - Initializing replication server with thread count = 10 queue length = 4096
2025-10-18 02:34:58,850 [af73f14b-65c8-4067-a330-325045829ae0-NettyServerStreamRpc-bossGroup--thread1] INFO  logging.LoggingHandler (AbstractInternalLogger.java:log(148)) - [id: 0x4fe825aa] BIND: 0.0.0.0/0.0.0.0:0
2025-10-18 02:34:58,851 [af73f14b-65c8-4067-a330-325045829ae0-NettyServerStreamRpc-bossGroup--thread1] INFO  logging.LoggingHandler (AbstractInternalLogger.java:log(148)) - [id: 0x4fe825aa, L:/0.0.0.0:33621] ACTIVE
2025-10-18 02:34:58,851 [main] INFO  server.XceiverServerGrpc (XceiverServerGrpc.java:<init>(129)) - GrpcServer channel type EpollServerSocketChannel
2025-10-18 02:34:58,853 [main] INFO  replication.ReplicationSupervisor (ReplicationSupervisor.java:build(169)) - Initializing replication supervisor with thread count = 10
2025-10-18 02:34:58,853 [main] INFO  replication.ReplicationSupervisor (ReplicationSupervisor.java:nodeStateUpdated(358)) - Node state updated to IN_SERVICE, scaling executor pool size to 10
2025-10-18 02:34:58,873 [LeakDetector-ManagedRocksObject0] WARN  managed.ManagedRocksObjectUtils (HddsUtils.java:reportLeak(902)) - ManagedColumnFamilyOptions is not closed properly
2025-10-18 02:34:58,925 [af73f14b-65c8-4067-a330-325045829ae0-ContainerReader-0] INFO  ozoneimpl.ContainerReader (ContainerReader.java:readVolume(147)) - Start to verify containers on volume /tmp/junit-866411028841724313/8ee88eba-b5b4-425f-a27b-8a1bc894ff6e/hdds
2025-10-18 02:34:58,944 [af73f14b-65c8-4067-a330-325045829ae0-ContainerReader-0] WARN  helpers.KeyValueContainerUtil (KeyValueContainerUtil.java:populateContainerMetadata(329)) - Missing pendingDeleteBlockCount from metadata: recalculate them from block table
2025-10-18 02:34:58,947 [af73f14b-65c8-4067-a330-325045829ae0-ContainerReader-0] INFO  ozoneimpl.ContainerReader (ContainerReader.java:readVolume(177)) - Finish verifying containers on volume /tmp/junit-866411028841724313/8ee88eba-b5b4-425f-a27b-8a1bc894ff6e/hdds
2025-10-18 02:34:58,947 [main] INFO  ozoneimpl.OzoneContainer (OzoneContainer.java:buildContainerSet(359)) - Build ContainerSet costs 0s
2025-10-18 02:34:58,948 [main] INFO  volume.ThrottledAsyncChecker (ThrottledAsyncChecker.java:schedule(138)) - Scheduling a check for /tmp/junit-866411028841724313/8ee88eba-b5b4-425f-a27b-8a1bc894ff6e/hdds
2025-10-18 02:34:58,948 [main] INFO  volume.StorageVolumeChecker (StorageVolumeChecker.java:checkAllVolumes(231)) - Scheduled health check for volume /tmp/junit-866411028841724313/8ee88eba-b5b4-425f-a27b-8a1bc894ff6e/hdds
2025-10-18 02:34:58,949 [main] INFO  volume.ThrottledAsyncChecker (ThrottledAsyncChecker.java:schedule(138)) - Scheduling a check for /tmp/junit-866411028841724313/ratis
2025-10-18 02:34:58,949 [main] INFO  volume.StorageVolumeChecker (StorageVolumeChecker.java:checkAllVolumes(231)) - Scheduled health check for volume /tmp/junit-866411028841724313/ratis
2025-10-18 02:34:58,950 [main] INFO  ozoneimpl.OzoneContainer (OzoneContainer.java:start(544)) - Attempting to start container services.
2025-10-18 02:34:58,952 [main] INFO  replication.ReplicationServer (ReplicationServer.java:start(137)) - ReplicationServer is started using port 9886
2025-10-18 02:34:58,952 [main] INFO  ratis.XceiverServerRatis (XceiverServerRatis.java:start(559)) - Starting XceiverServerRatis(af73f14b-65c8-4067-a330-325045829ae0)
2025-10-18 02:34:58,953 [ContainerMetadataScanner] INFO  ozoneimpl.AbstractBackgroundContainerScanner (AbstractBackgroundContainerScanner.java:runIteration(89)) - Completed an iteration in 0 minutes. Number of iterations (since the data-node restart) : 1, Number of containers scanned in this iteration : 1, Number of unhealthy containers found in this iteration : 0
2025-10-18 02:34:58,958 [main] INFO  server.RaftServer (RaftServerProxy.java:startImpl(412)) - af73f14b-65c8-4067-a330-325045829ae0: start RPC server
2025-10-18 02:34:58,959 [main] INFO  server.GrpcServicesImpl (GrpcServicesImpl.java:startImpl(346)) - af73f14b-65c8-4067-a330-325045829ae0: GrpcServicesImpl started, listening on 9858
2025-10-18 02:34:58,959 [main] INFO  ratis.XceiverServerRatis (XceiverServerRatis.java:getRealPort(586)) - XceiverServerRatis(af73f14b-65c8-4067-a330-325045829ae0) is started using port RATIS=9858
2025-10-18 02:34:58,959 [main] INFO  ratis.XceiverServerRatis (XceiverServerRatis.java:getRealPort(586)) - XceiverServerRatis(af73f14b-65c8-4067-a330-325045829ae0) is started using port RATIS_ADMIN=9858
2025-10-18 02:34:58,960 [main] INFO  ratis.XceiverServerRatis (XceiverServerRatis.java:getRealPort(586)) - XceiverServerRatis(af73f14b-65c8-4067-a330-325045829ae0) is started using port RATIS_SERVER=9858
2025-10-18 02:34:58,960 [main] INFO  ratis.XceiverServerRatis (XceiverServerRatis.java:getRealPort(586)) - XceiverServerRatis(af73f14b-65c8-4067-a330-325045829ae0) is started using port RATIS_DATASTREAM=33621
2025-10-18 02:34:58,961 [JvmPauseMonitor5] INFO  util.JvmPauseMonitor (JvmPauseMonitor.java:run(146)) - JvmPauseMonitor-af73f14b-65c8-4067-a330-325045829ae0: Started
2025-10-18 02:34:58,963 [main] INFO  utils.BackgroundService (BackgroundService.java:start(119)) - Starting service BlockDeletingService with interval 60000 milliseconds
2025-10-18 02:34:58,964 [main] INFO  utils.BackgroundService (BackgroundService.java:start(119)) - Starting service StaleRecoveringContainerScrubbingService with interval 60000 milliseconds
2025-10-18 02:34:58,982 [ContainerDataScanner(/tmp/junit-866411028841724313/8ee88eba-b5b4-425f-a27b-8a1bc894ff6e/hdds)] INFO  ozoneimpl.AbstractBackgroundContainerScanner (AbstractBackgroundContainerScanner.java:runIteration(89)) - Completed an iteration in 0 minutes. Number of iterations (since the data-node restart) : 1, Number of containers scanned in this iteration : 1, Number of unhealthy containers found in this iteration : 0
2025-10-18 02:34:59,002 [main] INFO  keyvalue.KeyValueContainer (KeyValueContainer.java:flushAndSyncDB(514)) - Synced container: KeyValueContainerData #371557532 (CLOSING, non-empty, ri=0, origin=[dn_af73f14b-65c8-4067-a330-325045829ae0, pipeline_])
2025-10-18 02:34:59,002 [main] INFO  keyvalue.KeyValueContainer (KeyValueContainer.java:flushAndSyncDB(514)) - Synced container: KeyValueContainerData #371557532 (CLOSING, non-empty, ri=0, origin=[dn_af73f14b-65c8-4067-a330-325045829ae0, pipeline_])
2025-10-18 02:34:59,005 [main] INFO  keyvalue.KeyValueContainer (KeyValueContainer.java:close(430)) - Closed container: KeyValueContainerData #371557532 (CLOSED, non-empty, ri=0, origin=[dn_af73f14b-65c8-4067-a330-325045829ae0, pipeline_])
2025-10-18 02:34:59,007 [main] INFO  ipc.Server (Server.java:stop(3697)) - Stopping server on 40131
2025-10-18 02:34:59,008 [IPC Server listener on 40131] INFO  ipc.Server (Server.java:run(1585)) - Stopping IPC Server listener on 40131
2025-10-18 02:34:59,008 [IPC Server Responder] INFO  ipc.Server (Server.java:run(1718)) - Stopping IPC Server Responder
2025-10-18 02:34:59,008 [main] INFO  ozoneimpl.OzoneContainer (OzoneContainer.java:stop(568)) - Attempting to stop container services.
2025-10-18 02:34:59,009 [ContainerMetadataScanner] WARN  ozoneimpl.AbstractBackgroundContainerScanner (AbstractBackgroundContainerScanner.java:handleRemainingSleep(136)) - Background container scan was interrupted.
2025-10-18 02:34:59,009 [ContainerMetadataScanner] INFO  ozoneimpl.AbstractBackgroundContainerScanner (AbstractBackgroundContainerScanner.java:run(63)) - org.apache.hadoop.ozone.container.ozoneimpl.BackgroundContainerMetadataScanner@39b329bb exiting.
2025-10-18 02:34:59,009 [main] INFO  ozoneimpl.BackgroundContainerDataScanner (BackgroundContainerDataScanner.java:shutdown(87)) - ContainerDataScanner(/tmp/junit-866411028841724313/8ee88eba-b5b4-425f-a27b-8a1bc894ff6e/hdds) is shutting down. 
2025-10-18 02:34:59,010 [ContainerDataScanner(/tmp/junit-866411028841724313/8ee88eba-b5b4-425f-a27b-8a1bc894ff6e/hdds)] WARN  ozoneimpl.AbstractBackgroundContainerScanner (AbstractBackgroundContainerScanner.java:handleRemainingSleep(136)) - Background container scan was interrupted.
2025-10-18 02:34:59,010 [ContainerDataScanner(/tmp/junit-866411028841724313/8ee88eba-b5b4-425f-a27b-8a1bc894ff6e/hdds)] INFO  ozoneimpl.AbstractBackgroundContainerScanner (AbstractBackgroundContainerScanner.java:run(63)) - ContainerDataScanner(/tmp/junit-866411028841724313/8ee88eba-b5b4-425f-a27b-8a1bc894ff6e/hdds, DS-a5c29f0f-57f2-461e-b587-e0647cad85b2) exiting.
2025-10-18 02:34:59,011 [main] INFO  ozoneimpl.OnDemandContainerScanner (OnDemandContainerScanner.java:shutdown(141)) - On-demand container scanner is shutting down.
2025-10-18 02:34:59,012 [main] INFO  ratis.XceiverServerRatis (XceiverServerRatis.java:stop(594)) - Closing XceiverServerRatis(af73f14b-65c8-4067-a330-325045829ae0)
2025-10-18 02:34:59,012 [main] INFO  server.RaftServer (RaftServerProxy.java:lambda$close$9(422)) - af73f14b-65c8-4067-a330-325045829ae0: close
2025-10-18 02:34:59,012 [main] INFO  server.GrpcServicesImpl (GrpcServicesImpl.java:closeImpl(355)) - af73f14b-65c8-4067-a330-325045829ae0: shutdown server GrpcServerProtocolService now
2025-10-18 02:34:59,013 [main] INFO  server.GrpcServicesImpl (GrpcServicesImpl.java:closeImpl(364)) - af73f14b-65c8-4067-a330-325045829ae0: shutdown server GrpcServerProtocolService successfully
2025-10-18 02:34:59,014 [af73f14b-65c8-4067-a330-325045829ae0-NettyServerStreamRpc-bossGroup--thread1] INFO  logging.LoggingHandler (AbstractInternalLogger.java:log(148)) - [id: 0x4fe825aa, L:/0.0.0.0:33621] CLOSE
2025-10-18 02:34:59,015 [af73f14b-65c8-4067-a330-325045829ae0-NettyServerStreamRpc-bossGroup--thread1] INFO  logging.LoggingHandler (AbstractInternalLogger.java:log(148)) - [id: 0x4fe825aa, L:/0.0.0.0:33621] INACTIVE
2025-10-18 02:34:59,015 [af73f14b-65c8-4067-a330-325045829ae0-NettyServerStreamRpc-bossGroup--thread1] INFO  logging.LoggingHandler (AbstractInternalLogger.java:log(148)) - [id: 0x4fe825aa, L:/0.0.0.0:33621] UNREGISTERED
2025-10-18 02:34:59,023 [JvmPauseMonitor5] INFO  util.JvmPauseMonitor (JvmPauseMonitor.java:run(152)) - JvmPauseMonitor-af73f14b-65c8-4067-a330-325045829ae0: Stopped
2025-10-18 02:35:01,030 [main] INFO  utils.BackgroundService (BackgroundService.java:shutdown(195)) - Shutting down service BlockDeletingService
2025-10-18 02:35:01,030 [main] INFO  utils.BackgroundService (BackgroundService.java:shutdown(195)) - Shutting down service StaleRecoveringContainerScrubbingService
]]></system-out>
  </testcase>
  <testcase name="testWriteWithV3Enabled(boolean)[2]" classname="org.apache.hadoop.ozone.container.upgrade.TestDatanodeUpgradeToSchemaV3" time="4.332">
    <system-out><![CDATA[2025-10-18 02:35:01,058 [main] INFO  ipc.CallQueueManager (CallQueueManager.java:<init>(93)) - Using callQueue: class java.util.concurrent.LinkedBlockingQueue, queueCapacity: 1000, scheduler: class org.apache.hadoop.ipc.DefaultRpcScheduler, ipcBackoff: false, ipcFailOver: false.
2025-10-18 02:35:01,059 [main] INFO  ipc.Server (Server.java:<init>(1438)) - Listener at localhost:41297
2025-10-18 02:35:01,059 [Socket Reader #1 for port 41297] INFO  ipc.Server (Server.java:run(1474)) - Starting Socket Reader #1 for port 41297
2025-10-18 02:35:01,060 [IPC Server Responder] INFO  ipc.Server (Server.java:run(1713)) - IPC Server Responder: starting
2025-10-18 02:35:01,061 [IPC Server listener on 41297] INFO  ipc.Server (Server.java:run(1553)) - IPC Server listener on 41297: starting
2025-10-18 02:35:01,065 [main] INFO  upgrade.AbstractLayoutVersionManager (AbstractLayoutVersionManager.java:init(80)) - Initializing Layout version manager with metadata layout = ERASURE_CODED_STORAGE_SUPPORT (version = 3), software layout = WITNESSED_CONTAINER_DB_PROTO_VALUE (version = 9)
2025-10-18 02:35:01,066 [main] INFO  upgrade.HDDSLayoutVersionManager (HDDSLayoutVersionManager.java:lambda$registerUpgradeActions$0(81)) - Registering Upgrade Action : DatanodeSchemaV3FinalizeAction
2025-10-18 02:35:01,066 [main] INFO  upgrade.HDDSLayoutVersionManager (HDDSLayoutVersionManager.java:lambda$registerUpgradeActions$0(81)) - Registering Upgrade Action : ContainerTableSchemaFinalizeAction
2025-10-18 02:35:01,067 [main] INFO  statemachine.DatanodeStateMachine (DatanodeStateMachine.java:getEndPointTaskThreadPoolSize(321)) - Datanode State Machine Task Thread Pool size 2
2025-10-18 02:35:01,070 [main] INFO  volume.HddsVolume (HddsVolume.java:<init>(162)) - HddsVolume: { id=8243a475-d505-42aa-aefe-9da01e28922f dir=/home/runner/work/ozone/ozone/hadoop-hdds/container-service/file:/home/runner/work/ozone/ozone/hadoop-hdds/container-service/target/tmp/dfs/data type=DISK failed }
2025-10-18 02:35:01,070 [main] ERROR volume.MutableVolumeSet (MutableVolumeSet.java:initializeVolumeSet(194)) - Failed to parse the storage location: file:///home/runner/work/ozone/ozone/hadoop-hdds/container-service/target/tmp/dfs/data
org.apache.hadoop.ozone.common.InconsistentStorageStateException: Mismatched DatanodeUUIDs. Version File : /home/runner/work/ozone/ozone/hadoop-hdds/container-service/target/tmp/dfs/data/hdds/VERSION has datanodeUuid: c3d05b50-810d-4b78-be46-d77415fe1b4d and Datanode has datanodeUuid: fec79897-7beb-480c-9da8-e7906e408f4c
	at org.apache.hadoop.ozone.container.common.utils.StorageVolumeUtil.getDatanodeUUID(StorageVolumeUtil.java:122)
	at org.apache.hadoop.ozone.container.common.volume.StorageVolume.readVersionFile(StorageVolume.java:385)
	at org.apache.hadoop.ozone.container.common.volume.StorageVolume.initializeImpl(StorageVolume.java:240)
	at org.apache.hadoop.ozone.container.common.volume.StorageVolume.initialize(StorageVolume.java:215)
	at org.apache.hadoop.ozone.container.common.volume.HddsVolume.<init>(HddsVolume.java:151)
	at org.apache.hadoop.ozone.container.common.volume.HddsVolume.<init>(HddsVolume.java:80)
	at org.apache.hadoop.ozone.container.common.volume.HddsVolume$Builder.build(HddsVolume.java:130)
	at org.apache.hadoop.ozone.container.common.volume.HddsVolumeFactory.createVolume(HddsVolumeFactory.java:46)
	at org.apache.hadoop.ozone.container.common.volume.MutableVolumeSet.initializeVolumeSet(MutableVolumeSet.java:172)
	at org.apache.hadoop.ozone.container.common.volume.MutableVolumeSet.<init>(MutableVolumeSet.java:130)
	at org.apache.hadoop.ozone.container.common.volume.MutableVolumeSet.<init>(MutableVolumeSet.java:92)
	at org.apache.hadoop.ozone.container.ozoneimpl.OzoneContainer.<init>(OzoneContainer.java:170)
	at org.apache.hadoop.ozone.container.common.statemachine.DatanodeStateMachine.<init>(DatanodeStateMachine.java:191)
	at org.apache.hadoop.ozone.container.common.statemachine.DatanodeStateMachine.<init>(DatanodeStateMachine.java:305)
	at org.apache.hadoop.ozone.container.upgrade.UpgradeTestHelper.startPreFinalizedDatanode(UpgradeTestHelper.java:88)
	at org.apache.hadoop.ozone.container.upgrade.TestDatanodeUpgradeToSchemaV3.testWrite(TestDatanodeUpgradeToSchemaV3.java:427)
	at org.apache.hadoop.ozone.container.upgrade.TestDatanodeUpgradeToSchemaV3.testWriteWithV3Enabled(TestDatanodeUpgradeToSchemaV3.java:405)
	at java.base/jdk.internal.reflect.DirectMethodHandleAccessor.invoke(DirectMethodHandleAccessor.java:103)
	at java.base/java.lang.reflect.Method.invoke(Method.java:580)
	at org.junit.platform.commons.util.ReflectionUtils.invokeMethod(ReflectionUtils.java:786)
	at org.junit.platform.commons.support.ReflectionSupport.invokeMethod(ReflectionSupport.java:514)
	at org.junit.jupiter.engine.execution.MethodInvocation.proceed(MethodInvocation.java:60)
	at org.junit.jupiter.engine.execution.InvocationInterceptorChain$ValidatingInvocation.proceed(InvocationInterceptorChain.java:131)
	at org.junit.jupiter.engine.extension.SameThreadTimeoutInvocation.proceed(SameThreadTimeoutInvocation.java:49)
	at org.junit.jupiter.engine.extension.TimeoutExtension.intercept(TimeoutExtension.java:161)
	at org.junit.jupiter.engine.extension.TimeoutExtension.interceptTestableMethod(TimeoutExtension.java:152)
	at org.junit.jupiter.engine.extension.TimeoutExtension.interceptTestTemplateMethod(TimeoutExtension.java:99)
	at org.junit.jupiter.engine.execution.InterceptingExecutableInvoker$ReflectiveInterceptorCall.lambda$ofVoidMethod$0(InterceptingExecutableInvoker.java:112)
	at org.junit.jupiter.engine.execution.InterceptingExecutableInvoker.lambda$invoke$0(InterceptingExecutableInvoker.java:94)
	at org.junit.jupiter.engine.execution.InvocationInterceptorChain$InterceptedInvocation.proceed(InvocationInterceptorChain.java:106)
	at org.junit.jupiter.engine.execution.InvocationInterceptorChain.proceed(InvocationInterceptorChain.java:64)
	at org.junit.jupiter.engine.execution.InvocationInterceptorChain.chainAndInvoke(InvocationInterceptorChain.java:45)
	at org.junit.jupiter.engine.execution.InvocationInterceptorChain.invoke(InvocationInterceptorChain.java:37)
	at org.junit.jupiter.engine.execution.InterceptingExecutableInvoker.invoke(InterceptingExecutableInvoker.java:93)
	at org.junit.jupiter.engine.execution.InterceptingExecutableInvoker.invoke(InterceptingExecutableInvoker.java:87)
	at org.junit.jupiter.engine.descriptor.TestMethodTestDescriptor.lambda$invokeTestMethod$4(TestMethodTestDescriptor.java:221)
	at org.junit.platform.engine.support.hierarchical.ThrowableCollector.execute(ThrowableCollector.java:73)
	at org.junit.jupiter.engine.descriptor.TestMethodTestDescriptor.invokeTestMethod(TestMethodTestDescriptor.java:217)
	at org.junit.jupiter.engine.descriptor.TestMethodTestDescriptor.execute(TestMethodTestDescriptor.java:159)
	at org.junit.jupiter.engine.descriptor.TestMethodTestDescriptor.execute(TestMethodTestDescriptor.java:70)
	at org.junit.platform.engine.support.hierarchical.NodeTestTask.lambda$executeRecursively$6(NodeTestTask.java:157)
	at org.junit.platform.engine.support.hierarchical.ThrowableCollector.execute(ThrowableCollector.java:73)
	at org.junit.platform.engine.support.hierarchical.NodeTestTask.lambda$executeRecursively$8(NodeTestTask.java:147)
	at org.junit.platform.engine.support.hierarchical.Node.around(Node.java:137)
	at org.junit.platform.engine.support.hierarchical.NodeTestTask.lambda$executeRecursively$9(NodeTestTask.java:145)
	at org.junit.platform.engine.support.hierarchical.ThrowableCollector.execute(ThrowableCollector.java:73)
	at org.junit.platform.engine.support.hierarchical.NodeTestTask.executeRecursively(NodeTestTask.java:144)
	at org.junit.platform.engine.support.hierarchical.NodeTestTask.execute(NodeTestTask.java:101)
	at org.junit.platform.engine.support.hierarchical.SameThreadHierarchicalTestExecutorService.submit(SameThreadHierarchicalTestExecutorService.java:35)
	at org.junit.platform.engine.support.hierarchical.NodeTestTask$DefaultDynamicTestExecutor.execute(NodeTestTask.java:232)
	at org.junit.platform.engine.support.hierarchical.NodeTestTask$DefaultDynamicTestExecutor.execute(NodeTestTask.java:210)
	at org.junit.jupiter.engine.descriptor.TemplateExecutor.execute(TemplateExecutor.java:98)
	at org.junit.jupiter.engine.descriptor.TemplateExecutor.lambda$executeForProvider$0(TemplateExecutor.java:61)
	at java.base/java.util.Optional.ifPresent(Optional.java:178)
	at org.junit.jupiter.engine.descriptor.TemplateExecutor.lambda$executeForProvider$1(TemplateExecutor.java:61)
	at java.base/java.util.stream.ForEachOps$ForEachOp$OfRef.accept(ForEachOps.java:184)
	at java.base/java.util.stream.ReferencePipeline$3$1.accept(ReferencePipeline.java:197)
	at java.base/java.util.stream.ForEachOps$ForEachOp$OfRef.accept(ForEachOps.java:184)
	at java.base/java.util.stream.ForEachOps$ForEachOp$OfRef.accept(ForEachOps.java:184)
	at java.base/java.util.stream.ReferencePipeline$3$1.accept(ReferencePipeline.java:197)
	at java.base/java.util.Spliterators$ArraySpliterator.forEachRemaining(Spliterators.java:1024)
	at java.base/java.util.stream.AbstractPipeline.copyInto(AbstractPipeline.java:509)
	at java.base/java.util.stream.AbstractPipeline.wrapAndCopyInto(AbstractPipeline.java:499)
	at java.base/java.util.stream.ForEachOps$ForEachOp.evaluateSequential(ForEachOps.java:151)
	at java.base/java.util.stream.ForEachOps$ForEachOp$OfRef.evaluateSequential(ForEachOps.java:174)
	at java.base/java.util.stream.AbstractPipeline.evaluate(AbstractPipeline.java:234)
	at java.base/java.util.stream.ReferencePipeline.forEach(ReferencePipeline.java:596)
	at java.base/java.util.stream.ReferencePipeline$7$1.accept(ReferencePipeline.java:276)
	at java.base/java.util.ArrayList$ArrayListSpliterator.forEachRemaining(ArrayList.java:1708)
	at java.base/java.util.stream.AbstractPipeline.copyInto(AbstractPipeline.java:509)
	at java.base/java.util.stream.AbstractPipeline.wrapAndCopyInto(AbstractPipeline.java:499)
	at java.base/java.util.stream.ForEachOps$ForEachOp.evaluateSequential(ForEachOps.java:151)
	at java.base/java.util.stream.ForEachOps$ForEachOp$OfRef.evaluateSequential(ForEachOps.java:174)
	at java.base/java.util.stream.AbstractPipeline.evaluate(AbstractPipeline.java:234)
	at java.base/java.util.stream.ReferencePipeline.forEach(ReferencePipeline.java:596)
	at java.base/java.util.stream.ReferencePipeline$7$1.accept(ReferencePipeline.java:276)
	at java.base/java.util.stream.ReferencePipeline$3$1.accept(ReferencePipeline.java:197)
	at java.base/java.util.stream.ReferencePipeline$3$1.accept(ReferencePipeline.java:197)
	at java.base/java.util.stream.ReferencePipeline$3$1.accept(ReferencePipeline.java:197)
	at java.base/java.util.ArrayList$ArrayListSpliterator.forEachRemaining(ArrayList.java:1708)
	at java.base/java.util.stream.AbstractPipeline.copyInto(AbstractPipeline.java:509)
	at java.base/java.util.stream.AbstractPipeline.wrapAndCopyInto(AbstractPipeline.java:499)
	at java.base/java.util.stream.ForEachOps$ForEachOp.evaluateSequential(ForEachOps.java:151)
	at java.base/java.util.stream.ForEachOps$ForEachOp$OfRef.evaluateSequential(ForEachOps.java:174)
	at java.base/java.util.stream.AbstractPipeline.evaluate(AbstractPipeline.java:234)
	at java.base/java.util.stream.ReferencePipeline.forEach(ReferencePipeline.java:596)
	at org.junit.jupiter.engine.descriptor.TemplateExecutor.executeForProvider(TemplateExecutor.java:59)
	at org.junit.jupiter.engine.descriptor.TemplateExecutor.execute(TemplateExecutor.java:48)
	at org.junit.jupiter.engine.descriptor.TestTemplateTestDescriptor.execute(TestTemplateTestDescriptor.java:112)
	at org.junit.jupiter.engine.descriptor.TestTemplateTestDescriptor.execute(TestTemplateTestDescriptor.java:40)
	at org.junit.platform.engine.support.hierarchical.NodeTestTask.lambda$executeRecursively$6(NodeTestTask.java:157)
	at org.junit.platform.engine.support.hierarchical.ThrowableCollector.execute(ThrowableCollector.java:73)
	at org.junit.platform.engine.support.hierarchical.NodeTestTask.lambda$executeRecursively$8(NodeTestTask.java:147)
	at org.junit.platform.engine.support.hierarchical.Node.around(Node.java:137)
	at org.junit.platform.engine.support.hierarchical.NodeTestTask.lambda$executeRecursively$9(NodeTestTask.java:145)
	at org.junit.platform.engine.support.hierarchical.ThrowableCollector.execute(ThrowableCollector.java:73)
	at org.junit.platform.engine.support.hierarchical.NodeTestTask.executeRecursively(NodeTestTask.java:144)
	at org.junit.platform.engine.support.hierarchical.NodeTestTask.execute(NodeTestTask.java:101)
	at java.base/java.util.ArrayList.forEach(ArrayList.java:1596)
	at org.junit.platform.engine.support.hierarchical.SameThreadHierarchicalTestExecutorService.invokeAll(SameThreadHierarchicalTestExecutorService.java:41)
	at org.junit.platform.engine.support.hierarchical.NodeTestTask.lambda$executeRecursively$6(NodeTestTask.java:161)
	at org.junit.platform.engine.support.hierarchical.ThrowableCollector.execute(ThrowableCollector.java:73)
	at org.junit.platform.engine.support.hierarchical.NodeTestTask.lambda$executeRecursively$8(NodeTestTask.java:147)
	at org.junit.platform.engine.support.hierarchical.Node.around(Node.java:137)
	at org.junit.platform.engine.support.hierarchical.NodeTestTask.lambda$executeRecursively$9(NodeTestTask.java:145)
	at org.junit.platform.engine.support.hierarchical.ThrowableCollector.execute(ThrowableCollector.java:73)
	at org.junit.platform.engine.support.hierarchical.NodeTestTask.executeRecursively(NodeTestTask.java:144)
	at org.junit.platform.engine.support.hierarchical.NodeTestTask.execute(NodeTestTask.java:101)
	at java.base/java.util.ArrayList.forEach(ArrayList.java:1596)
	at org.junit.platform.engine.support.hierarchical.SameThreadHierarchicalTestExecutorService.invokeAll(SameThreadHierarchicalTestExecutorService.java:41)
	at org.junit.platform.engine.support.hierarchical.NodeTestTask.lambda$executeRecursively$6(NodeTestTask.java:161)
	at org.junit.platform.engine.support.hierarchical.ThrowableCollector.execute(ThrowableCollector.java:73)
	at org.junit.platform.engine.support.hierarchical.NodeTestTask.lambda$executeRecursively$8(NodeTestTask.java:147)
	at org.junit.platform.engine.support.hierarchical.Node.around(Node.java:137)
	at org.junit.platform.engine.support.hierarchical.NodeTestTask.lambda$executeRecursively$9(NodeTestTask.java:145)
	at org.junit.platform.engine.support.hierarchical.ThrowableCollector.execute(ThrowableCollector.java:73)
	at org.junit.platform.engine.support.hierarchical.NodeTestTask.executeRecursively(NodeTestTask.java:144)
	at org.junit.platform.engine.support.hierarchical.NodeTestTask.execute(NodeTestTask.java:101)
	at org.junit.platform.engine.support.hierarchical.SameThreadHierarchicalTestExecutorService.submit(SameThreadHierarchicalTestExecutorService.java:35)
	at org.junit.platform.engine.support.hierarchical.HierarchicalTestExecutor.execute(HierarchicalTestExecutor.java:57)
	at org.junit.platform.engine.support.hierarchical.HierarchicalTestEngine.execute(HierarchicalTestEngine.java:54)
	at org.junit.platform.launcher.core.EngineExecutionOrchestrator.executeEngine(EngineExecutionOrchestrator.java:230)
	at org.junit.platform.launcher.core.EngineExecutionOrchestrator.failOrExecuteEngine(EngineExecutionOrchestrator.java:204)
	at org.junit.platform.launcher.core.EngineExecutionOrchestrator.execute(EngineExecutionOrchestrator.java:172)
	at org.junit.platform.launcher.core.EngineExecutionOrchestrator.execute(EngineExecutionOrchestrator.java:101)
	at org.junit.platform.launcher.core.EngineExecutionOrchestrator.lambda$execute$0(EngineExecutionOrchestrator.java:64)
	at org.junit.platform.launcher.core.EngineExecutionOrchestrator.withInterceptedStreams(EngineExecutionOrchestrator.java:150)
	at org.junit.platform.launcher.core.EngineExecutionOrchestrator.execute(EngineExecutionOrchestrator.java:63)
	at org.junit.platform.launcher.core.DefaultLauncher.execute(DefaultLauncher.java:109)
	at org.junit.platform.launcher.core.DefaultLauncher.execute(DefaultLauncher.java:91)
	at org.junit.platform.launcher.core.DelegatingLauncher.execute(DelegatingLauncher.java:47)
	at org.junit.platform.launcher.core.InterceptingLauncher.lambda$execute$1(InterceptingLauncher.java:39)
	at org.junit.platform.launcher.core.ClasspathAlignmentCheckingLauncherInterceptor.intercept(ClasspathAlignmentCheckingLauncherInterceptor.java:25)
	at org.junit.platform.launcher.core.InterceptingLauncher.execute(InterceptingLauncher.java:38)
	at org.junit.platform.launcher.core.DelegatingLauncher.execute(DelegatingLauncher.java:47)
	at org.apache.maven.surefire.junitplatform.LazyLauncher.execute(LazyLauncher.java:56)
	at org.apache.maven.surefire.junitplatform.JUnitPlatformProvider.execute(JUnitPlatformProvider.java:184)
	at org.apache.maven.surefire.junitplatform.JUnitPlatformProvider.invokeAllTests(JUnitPlatformProvider.java:148)
	at org.apache.maven.surefire.junitplatform.JUnitPlatformProvider.invoke(JUnitPlatformProvider.java:120)
	at org.apache.maven.surefire.booter.ForkedBooter.runSuitesInProcess(ForkedBooter.java:385)
	at org.apache.maven.surefire.booter.ForkedBooter.execute(ForkedBooter.java:162)
	at org.apache.maven.surefire.booter.ForkedBooter.run(ForkedBooter.java:507)
	at org.apache.maven.surefire.booter.ForkedBooter.main(ForkedBooter.java:495)
2025-10-18 02:35:01,072 [main] INFO  volume.HddsVolume (HddsVolume.java:<init>(162)) - HddsVolume: { id=DS-44d182cc-b910-45cf-be42-e1344220542d dir=/tmp/junit-2454244010776080292/ba8b8004-c362-4093-8797-d8cfecdd87b8/hdds type=DISK capacity=9222449699674390527 used=0 available=9222449699674390527 minFree=184448985434423296 committed=0 }
2025-10-18 02:35:01,072 [main] INFO  volume.MutableVolumeSet (MutableVolumeSet.java:initializeVolumeSet(175)) - Added Volume : /tmp/junit-2454244010776080292/ba8b8004-c362-4093-8797-d8cfecdd87b8/hdds to VolumeSet
2025-10-18 02:35:01,073 [main] WARN  server.ServerUtils (ServerUtils.java:getDefaultRatisDirectory(304)) - Storage directory for Ratis is not configured. It is a good idea to map this to an SSD disk. Falling back to ozone.metadata.dirs
2025-10-18 02:35:01,074 [main] INFO  volume.MutableVolumeSet (MutableVolumeSet.java:initializeVolumeSet(175)) - Added Volume : /tmp/junit-2454244010776080292/ratis to VolumeSet
2025-10-18 02:35:01,075 [main] WARN  db.DBStoreBuilder (DBStoreBuilder.java:getDBDirPath(157)) - ozone.scm.datanode.id.dir is not configured. We recommend adding this setting. Falling back to ozone.metadata.dirs instead.
2025-10-18 02:35:01,076 [main] WARN  db.DBStoreBuilder (DBStoreBuilder.java:getDBDirPath(157)) - ozone.scm.datanode.id.dir is not configured. We recommend adding this setting. Falling back to ozone.metadata.dirs instead.
2025-10-18 02:35:01,095 [main] INFO  impl.FilePerChunkStrategy (FilePerChunkStrategy.java:<init>(79)) - ozone.chunk.read.mapped.buffer.max.count is load with 0
2025-10-18 02:35:01,095 [main] INFO  impl.FilePerBlockStrategy (FilePerBlockStrategy.java:<init>(88)) - ozone.chunk.read.mapped.buffer.max.count is load with 0
2025-10-18 02:35:01,097 [main] INFO  server.RaftServerConfigKeys (ConfUtils.java:logGet(62)) - raft.server.log.appender.buffer.byte-limit = 33554432 (custom)
2025-10-18 02:35:01,097 [main] WARN  server.ServerUtils (ServerUtils.java:getDefaultRatisDirectory(304)) - Storage directory for Ratis is not configured. It is a good idea to map this to an SSD disk. Falling back to ozone.metadata.dirs
2025-10-18 02:35:01,098 [main] INFO  grpc.GrpcConfigKeys (ConfUtils.java:logFallback(69)) - raft.grpc.admin.host = null (fallback to raft.grpc.server.host)
2025-10-18 02:35:01,099 [main] INFO  grpc.GrpcConfigKeys (ConfUtils.java:logFallback(69)) - raft.grpc.client.host = null (fallback to raft.grpc.server.host)
2025-10-18 02:35:01,099 [main] INFO  server.GrpcServicesImpl (ConfUtils.java:logGet(62)) - raft.grpc.message.size.max = 34603008 (custom)
2025-10-18 02:35:01,099 [main] INFO  server.GrpcServicesImpl (ConfUtils.java:logGet(62)) - raft.grpc.flow.control.window = 5MB (=5242880) (custom)
2025-10-18 02:35:01,100 [main] INFO  server.RaftServerConfigKeys (ConfUtils.java:logGet(62)) - raft.server.log.appender.buffer.byte-limit = 33554432 (custom)
2025-10-18 02:35:01,101 [main] INFO  netty.NettyUtils (NettyUtils.java:newEventLoopGroup(74)) - Create EpollEventLoopGroup for fec79897-7beb-480c-9da8-e7906e408f4c-NettyServerStreamRpc-bossGroup; Thread size is 0.
2025-10-18 02:35:01,101 [main] INFO  netty.NettyUtils (NettyUtils.java:newEventLoopGroup(74)) - Create EpollEventLoopGroup for fec79897-7beb-480c-9da8-e7906e408f4c-NettyServerStreamRpc-workerGroup; Thread size is 0.
2025-10-18 02:35:01,102 [fec79897-7beb-480c-9da8-e7906e408f4c-NettyServerStreamRpc-bossGroup--thread1] INFO  logging.LoggingHandler (AbstractInternalLogger.java:log(148)) - [id: 0x3d2cf7e4] REGISTERED
2025-10-18 02:35:01,103 [main] INFO  server.RaftServerConfigKeys (ConfUtils.java:logGet(62)) - raft.server.storage.dir = [/tmp/junit-2454244010776080292/ratis] (custom)
2025-10-18 02:35:01,103 [fec79897-7beb-480c-9da8-e7906e408f4c-NettyServerStreamRpc-bossGroup--thread1] INFO  logging.LoggingHandler (AbstractInternalLogger.java:log(148)) - [id: 0x3d2cf7e4] BIND: 0.0.0.0/0.0.0.0:0
2025-10-18 02:35:01,104 [fec79897-7beb-480c-9da8-e7906e408f4c-NettyServerStreamRpc-bossGroup--thread1] INFO  logging.LoggingHandler (AbstractInternalLogger.java:log(148)) - [id: 0x3d2cf7e4, L:/0.0.0.0:33473] ACTIVE
2025-10-18 02:35:01,104 [fec79897-7beb-480c-9da8-e7906e408f4c-impl-thread1] INFO  server.RaftServer (RaftServerProxy.java:initGroupDir(270)) - fec79897-7beb-480c-9da8-e7906e408f4c: found a subdirectory /tmp/junit-2454244010776080292/ratis/tmp
2025-10-18 02:35:01,104 [fec79897-7beb-480c-9da8-e7906e408f4c-impl-thread1] INFO  server.RaftServer (RaftServerProxy.java:initGroupDir(275)) - fec79897-7beb-480c-9da8-e7906e408f4c: The directory /tmp/junit-2454244010776080292/ratis/tmp is not a group directory; ignoring it. 
2025-10-18 02:35:01,104 [main] INFO  replication.ReplicationServer (ReplicationServer.java:<init>(84)) - Initializing replication server with thread count = 10 queue length = 4096
2025-10-18 02:35:01,105 [main] INFO  server.XceiverServerGrpc (XceiverServerGrpc.java:<init>(129)) - GrpcServer channel type EpollServerSocketChannel
2025-10-18 02:35:01,107 [main] INFO  replication.ReplicationSupervisor (ReplicationSupervisor.java:build(169)) - Initializing replication supervisor with thread count = 10
2025-10-18 02:35:01,107 [main] INFO  replication.ReplicationSupervisor (ReplicationSupervisor.java:nodeStateUpdated(358)) - Node state updated to IN_SERVICE, scaling executor pool size to 10
2025-10-18 02:35:01,117 [fec79897-7beb-480c-9da8-e7906e408f4c-ContainerReader-0] INFO  ozoneimpl.ContainerReader (ContainerReader.java:readVolume(147)) - Start to verify containers on volume /tmp/junit-2454244010776080292/ba8b8004-c362-4093-8797-d8cfecdd87b8/hdds
2025-10-18 02:35:01,117 [fec79897-7beb-480c-9da8-e7906e408f4c-ContainerReader-0] INFO  ozoneimpl.ContainerReader (ContainerReader.java:readVolume(177)) - Finish verifying containers on volume /tmp/junit-2454244010776080292/ba8b8004-c362-4093-8797-d8cfecdd87b8/hdds
2025-10-18 02:35:01,117 [main] INFO  ozoneimpl.OzoneContainer (OzoneContainer.java:buildContainerSet(359)) - Build ContainerSet costs 0s
2025-10-18 02:35:01,118 [main] INFO  volume.ThrottledAsyncChecker (ThrottledAsyncChecker.java:schedule(138)) - Scheduling a check for /tmp/junit-2454244010776080292/ba8b8004-c362-4093-8797-d8cfecdd87b8/hdds
2025-10-18 02:35:01,119 [main] INFO  volume.StorageVolumeChecker (StorageVolumeChecker.java:checkAllVolumes(231)) - Scheduled health check for volume /tmp/junit-2454244010776080292/ba8b8004-c362-4093-8797-d8cfecdd87b8/hdds
2025-10-18 02:35:01,119 [main] INFO  volume.ThrottledAsyncChecker (ThrottledAsyncChecker.java:schedule(138)) - Scheduling a check for /tmp/junit-2454244010776080292/ratis
2025-10-18 02:35:01,120 [main] INFO  volume.StorageVolumeChecker (StorageVolumeChecker.java:checkAllVolumes(231)) - Scheduled health check for volume /tmp/junit-2454244010776080292/ratis
2025-10-18 02:35:01,120 [main] INFO  ozoneimpl.OzoneContainer (OzoneContainer.java:start(544)) - Attempting to start container services.
2025-10-18 02:35:01,121 [ContainerMetadataScanner] INFO  ozoneimpl.AbstractBackgroundContainerScanner (AbstractBackgroundContainerScanner.java:runIteration(89)) - Completed an iteration in 0 minutes. Number of iterations (since the data-node restart) : 1, Number of containers scanned in this iteration : 0, Number of unhealthy containers found in this iteration : 0
2025-10-18 02:35:01,121 [ContainerDataScanner(/tmp/junit-2454244010776080292/ba8b8004-c362-4093-8797-d8cfecdd87b8/hdds)] INFO  ozoneimpl.AbstractBackgroundContainerScanner (AbstractBackgroundContainerScanner.java:runIteration(89)) - Completed an iteration in 0 minutes. Number of iterations (since the data-node restart) : 1, Number of containers scanned in this iteration : 0, Number of unhealthy containers found in this iteration : 0
2025-10-18 02:35:01,122 [main] INFO  replication.ReplicationServer (ReplicationServer.java:start(137)) - ReplicationServer is started using port 9886
2025-10-18 02:35:01,122 [main] INFO  ratis.XceiverServerRatis (XceiverServerRatis.java:start(559)) - Starting XceiverServerRatis(fec79897-7beb-480c-9da8-e7906e408f4c)
2025-10-18 02:35:01,125 [main] INFO  server.RaftServer (RaftServerProxy.java:startImpl(412)) - fec79897-7beb-480c-9da8-e7906e408f4c: start RPC server
2025-10-18 02:35:01,126 [main] INFO  server.GrpcServicesImpl (GrpcServicesImpl.java:startImpl(346)) - fec79897-7beb-480c-9da8-e7906e408f4c: GrpcServicesImpl started, listening on 9858
2025-10-18 02:35:01,126 [main] INFO  ratis.XceiverServerRatis (XceiverServerRatis.java:getRealPort(586)) - XceiverServerRatis(fec79897-7beb-480c-9da8-e7906e408f4c) is started using port RATIS=9858
2025-10-18 02:35:01,126 [JvmPauseMonitor6] INFO  util.JvmPauseMonitor (JvmPauseMonitor.java:run(146)) - JvmPauseMonitor-fec79897-7beb-480c-9da8-e7906e408f4c: Started
2025-10-18 02:35:01,126 [main] INFO  ratis.XceiverServerRatis (XceiverServerRatis.java:getRealPort(586)) - XceiverServerRatis(fec79897-7beb-480c-9da8-e7906e408f4c) is started using port RATIS_ADMIN=9858
2025-10-18 02:35:01,127 [main] INFO  ratis.XceiverServerRatis (XceiverServerRatis.java:getRealPort(586)) - XceiverServerRatis(fec79897-7beb-480c-9da8-e7906e408f4c) is started using port RATIS_SERVER=9858
2025-10-18 02:35:01,127 [main] INFO  ratis.XceiverServerRatis (XceiverServerRatis.java:getRealPort(586)) - XceiverServerRatis(fec79897-7beb-480c-9da8-e7906e408f4c) is started using port RATIS_DATASTREAM=33473
2025-10-18 02:35:01,129 [main] INFO  utils.BackgroundService (BackgroundService.java:start(119)) - Starting service BlockDeletingService with interval 60000 milliseconds
2025-10-18 02:35:01,130 [main] INFO  utils.BackgroundService (BackgroundService.java:start(119)) - Starting service StaleRecoveringContainerScrubbingService with interval 60000 milliseconds
2025-10-18 02:35:01,131 [main] INFO  upgrade.UpgradeFinalizer (BasicUpgradeFinalizer.java:logAndEmit(395)) - Finalization started.
2025-10-18 02:35:01,132 [main] INFO  upgrade.UpgradeFinalizer (BasicUpgradeFinalizer.java:runFinalizationAction(270)) - Running finalization actions for layout feature: DATANODE_SCHEMA_V3
2025-10-18 02:35:01,132 [main] INFO  upgrade.DatanodeSchemaV3FinalizeAction (DatanodeSchemaV3FinalizeAction.java:execute(49)) - Upgrading Datanode volume layout for Schema V3 support.
2025-10-18 02:35:01,164 [main] INFO  utils.DatanodeStoreCache (DatanodeStoreCache.java:addDB(70)) - Added db /tmp/junit-2454244010776080292/ba8b8004-c362-4093-8797-d8cfecdd87b8/hdds/clusterID/DS-994ac860-459b-48d9-89ac-a370afdaa9cf/container.db to cache
2025-10-18 02:35:01,165 [main] INFO  volume.HddsVolume (HddsVolume.java:createDbStore(576)) - SchemaV3 db is created and loaded at /tmp/junit-2454244010776080292/ba8b8004-c362-4093-8797-d8cfecdd87b8/hdds/clusterID/DS-994ac860-459b-48d9-89ac-a370afdaa9cf/container.db for volume DS-994ac860-459b-48d9-89ac-a370afdaa9cf
2025-10-18 02:35:01,166 [main] INFO  utils.DatanodeStoreCache (DatanodeStoreCache.java:removeDB(104)) - Removed db /tmp/junit-2454244010776080292/ba8b8004-c362-4093-8797-d8cfecdd87b8/hdds/clusterID/DS-994ac860-459b-48d9-89ac-a370afdaa9cf/container.db from cache
2025-10-18 02:35:01,166 [main] INFO  volume.HddsVolume (HddsVolume.java:closeDbStore(609)) - SchemaV3 db is stopped at /tmp/junit-2454244010776080292/ba8b8004-c362-4093-8797-d8cfecdd87b8/hdds/clusterID/DS-994ac860-459b-48d9-89ac-a370afdaa9cf/container.db for volume DS-994ac860-459b-48d9-89ac-a370afdaa9cf
2025-10-18 02:35:01,166 [main] INFO  upgrade.DatanodeSchemaV3FinalizeAction (DatanodeSchemaV3FinalizeAction.java:execute(75)) - Schema V3 is disabled. Won't load RocksDB in upgrade.
2025-10-18 02:35:01,168 [main] INFO  upgrade.AbstractLayoutVersionManager (AbstractLayoutVersionManager.java:finalized(124)) - Layout feature DATANODE_SCHEMA_V3 has been finalized.
2025-10-18 02:35:01,168 [main] INFO  upgrade.UpgradeFinalizer (BasicUpgradeFinalizer.java:logAndEmit(395)) - No onFinalize work defined for feature: RATIS_DATASTREAM_PORT_IN_DATANODEDETAILS.
2025-10-18 02:35:01,170 [main] INFO  upgrade.AbstractLayoutVersionManager (AbstractLayoutVersionManager.java:finalized(124)) - Layout feature RATIS_DATASTREAM_PORT_IN_DATANODEDETAILS has been finalized.
2025-10-18 02:35:01,170 [main] INFO  upgrade.UpgradeFinalizer (BasicUpgradeFinalizer.java:logAndEmit(395)) - No onFinalize work defined for feature: WEBUI_PORTS_IN_DATANODEDETAILS.
2025-10-18 02:35:01,171 [main] INFO  upgrade.AbstractLayoutVersionManager (AbstractLayoutVersionManager.java:finalized(124)) - Layout feature WEBUI_PORTS_IN_DATANODEDETAILS has been finalized.
2025-10-18 02:35:01,171 [main] INFO  upgrade.UpgradeFinalizer (BasicUpgradeFinalizer.java:logAndEmit(395)) - No onFinalize work defined for feature: HADOOP_PRC_PORTS_IN_DATANODEDETAILS.
2025-10-18 02:35:01,173 [main] INFO  upgrade.AbstractLayoutVersionManager (AbstractLayoutVersionManager.java:finalized(124)) - Layout feature HADOOP_PRC_PORTS_IN_DATANODEDETAILS has been finalized.
2025-10-18 02:35:01,173 [main] INFO  upgrade.UpgradeFinalizer (BasicUpgradeFinalizer.java:logAndEmit(395)) - No onFinalize work defined for feature: HBASE_SUPPORT.
2025-10-18 02:35:01,174 [main] INFO  upgrade.AbstractLayoutVersionManager (AbstractLayoutVersionManager.java:finalized(124)) - Layout feature HBASE_SUPPORT has been finalized.
2025-10-18 02:35:01,174 [main] INFO  upgrade.UpgradeFinalizer (BasicUpgradeFinalizer.java:runFinalizationAction(270)) - Running finalization actions for layout feature: WITNESSED_CONTAINER_DB_PROTO_VALUE
2025-10-18 02:35:01,175 [main] INFO  upgrade.ContainerTableSchemaFinalizeAction (ContainerTableSchemaFinalizeAction.java:execute(71)) - Finished copy to containerIdsTable from previous table
2025-10-18 02:35:01,176 [main] INFO  upgrade.AbstractLayoutVersionManager (AbstractLayoutVersionManager.java:finalized(124)) - Layout feature WITNESSED_CONTAINER_DB_PROTO_VALUE has been finalized.
2025-10-18 02:35:01,176 [main] INFO  upgrade.AbstractLayoutVersionManager (AbstractLayoutVersionManager.java:finalized(126)) - Finalization is complete.
2025-10-18 02:35:01,176 [main] INFO  upgrade.UpgradeFinalizer (BasicUpgradeFinalizer.java:logAndEmit(395)) - Finalization is done.
2025-10-18 02:35:01,210 [main] INFO  keyvalue.KeyValueContainer (KeyValueContainer.java:flushAndSyncDB(514)) - Synced container: KeyValueContainerData #2048361201 (CLOSING, non-empty, ri=0, origin=[dn_fec79897-7beb-480c-9da8-e7906e408f4c, pipeline_])
2025-10-18 02:35:01,210 [main] INFO  keyvalue.KeyValueContainer (KeyValueContainer.java:flushAndSyncDB(514)) - Synced container: KeyValueContainerData #2048361201 (CLOSING, non-empty, ri=0, origin=[dn_fec79897-7beb-480c-9da8-e7906e408f4c, pipeline_])
2025-10-18 02:35:01,213 [main] INFO  keyvalue.KeyValueContainer (KeyValueContainer.java:close(430)) - Closed container: KeyValueContainerData #2048361201 (CLOSED, non-empty, ri=0, origin=[dn_fec79897-7beb-480c-9da8-e7906e408f4c, pipeline_])
2025-10-18 02:35:01,214 [main] INFO  ozoneimpl.OzoneContainer (OzoneContainer.java:stop(568)) - Attempting to stop container services.
2025-10-18 02:35:01,214 [ContainerMetadataScanner] WARN  ozoneimpl.AbstractBackgroundContainerScanner (AbstractBackgroundContainerScanner.java:handleRemainingSleep(136)) - Background container scan was interrupted.
2025-10-18 02:35:01,214 [ContainerMetadataScanner] INFO  ozoneimpl.AbstractBackgroundContainerScanner (AbstractBackgroundContainerScanner.java:run(63)) - org.apache.hadoop.ozone.container.ozoneimpl.BackgroundContainerMetadataScanner@e075f90 exiting.
2025-10-18 02:35:01,215 [main] INFO  ozoneimpl.BackgroundContainerDataScanner (BackgroundContainerDataScanner.java:shutdown(87)) - ContainerDataScanner(/tmp/junit-2454244010776080292/ba8b8004-c362-4093-8797-d8cfecdd87b8/hdds) is shutting down. 
2025-10-18 02:35:01,215 [ContainerDataScanner(/tmp/junit-2454244010776080292/ba8b8004-c362-4093-8797-d8cfecdd87b8/hdds)] WARN  ozoneimpl.AbstractBackgroundContainerScanner (AbstractBackgroundContainerScanner.java:handleRemainingSleep(136)) - Background container scan was interrupted.
2025-10-18 02:35:01,215 [ContainerDataScanner(/tmp/junit-2454244010776080292/ba8b8004-c362-4093-8797-d8cfecdd87b8/hdds)] INFO  ozoneimpl.AbstractBackgroundContainerScanner (AbstractBackgroundContainerScanner.java:run(63)) - ContainerDataScanner(/tmp/junit-2454244010776080292/ba8b8004-c362-4093-8797-d8cfecdd87b8/hdds, DS-994ac860-459b-48d9-89ac-a370afdaa9cf) exiting.
2025-10-18 02:35:01,215 [main] INFO  ozoneimpl.OnDemandContainerScanner (OnDemandContainerScanner.java:shutdown(141)) - On-demand container scanner is shutting down.
2025-10-18 02:35:01,216 [main] INFO  ratis.XceiverServerRatis (XceiverServerRatis.java:stop(594)) - Closing XceiverServerRatis(fec79897-7beb-480c-9da8-e7906e408f4c)
2025-10-18 02:35:01,216 [main] INFO  server.RaftServer (RaftServerProxy.java:lambda$close$9(422)) - fec79897-7beb-480c-9da8-e7906e408f4c: close
2025-10-18 02:35:01,216 [main] INFO  server.GrpcServicesImpl (GrpcServicesImpl.java:closeImpl(355)) - fec79897-7beb-480c-9da8-e7906e408f4c: shutdown server GrpcServerProtocolService now
2025-10-18 02:35:01,217 [main] INFO  server.GrpcServicesImpl (GrpcServicesImpl.java:closeImpl(364)) - fec79897-7beb-480c-9da8-e7906e408f4c: shutdown server GrpcServerProtocolService successfully
2025-10-18 02:35:01,217 [fec79897-7beb-480c-9da8-e7906e408f4c-NettyServerStreamRpc-bossGroup--thread1] INFO  logging.LoggingHandler (AbstractInternalLogger.java:log(148)) - [id: 0x3d2cf7e4, L:/0.0.0.0:33473] CLOSE
2025-10-18 02:35:01,217 [fec79897-7beb-480c-9da8-e7906e408f4c-NettyServerStreamRpc-bossGroup--thread1] INFO  logging.LoggingHandler (AbstractInternalLogger.java:log(148)) - [id: 0x3d2cf7e4, L:/0.0.0.0:33473] INACTIVE
2025-10-18 02:35:01,217 [fec79897-7beb-480c-9da8-e7906e408f4c-NettyServerStreamRpc-bossGroup--thread1] INFO  logging.LoggingHandler (AbstractInternalLogger.java:log(148)) - [id: 0x3d2cf7e4, L:/0.0.0.0:33473] UNREGISTERED
2025-10-18 02:35:01,221 [JvmPauseMonitor6] INFO  util.JvmPauseMonitor (JvmPauseMonitor.java:run(152)) - JvmPauseMonitor-fec79897-7beb-480c-9da8-e7906e408f4c: Stopped
2025-10-18 02:35:03,226 [main] INFO  utils.BackgroundService (BackgroundService.java:shutdown(195)) - Shutting down service BlockDeletingService
2025-10-18 02:35:03,227 [main] INFO  utils.BackgroundService (BackgroundService.java:shutdown(195)) - Shutting down service StaleRecoveringContainerScrubbingService
2025-10-18 02:35:03,229 [main] INFO  upgrade.AbstractLayoutVersionManager (AbstractLayoutVersionManager.java:init(80)) - Initializing Layout version manager with metadata layout = WITNESSED_CONTAINER_DB_PROTO_VALUE (version = 9), software layout = WITNESSED_CONTAINER_DB_PROTO_VALUE (version = 9)
2025-10-18 02:35:03,229 [main] INFO  statemachine.DatanodeStateMachine (DatanodeStateMachine.java:getEndPointTaskThreadPoolSize(321)) - Datanode State Machine Task Thread Pool size 2
2025-10-18 02:35:03,232 [main] INFO  volume.HddsVolume (HddsVolume.java:<init>(162)) - HddsVolume: { id=41e357b5-c39d-40d9-ad6e-6300bf337cee dir=/home/runner/work/ozone/ozone/hadoop-hdds/container-service/file:/home/runner/work/ozone/ozone/hadoop-hdds/container-service/target/tmp/dfs/data type=DISK failed }
2025-10-18 02:35:03,232 [main] ERROR volume.MutableVolumeSet (MutableVolumeSet.java:initializeVolumeSet(194)) - Failed to parse the storage location: file:///home/runner/work/ozone/ozone/hadoop-hdds/container-service/target/tmp/dfs/data
org.apache.hadoop.ozone.common.InconsistentStorageStateException: Mismatched DatanodeUUIDs. Version File : /home/runner/work/ozone/ozone/hadoop-hdds/container-service/target/tmp/dfs/data/hdds/VERSION has datanodeUuid: c3d05b50-810d-4b78-be46-d77415fe1b4d and Datanode has datanodeUuid: fec79897-7beb-480c-9da8-e7906e408f4c
	at org.apache.hadoop.ozone.container.common.utils.StorageVolumeUtil.getDatanodeUUID(StorageVolumeUtil.java:122)
	at org.apache.hadoop.ozone.container.common.volume.StorageVolume.readVersionFile(StorageVolume.java:385)
	at org.apache.hadoop.ozone.container.common.volume.StorageVolume.initializeImpl(StorageVolume.java:240)
	at org.apache.hadoop.ozone.container.common.volume.StorageVolume.initialize(StorageVolume.java:215)
	at org.apache.hadoop.ozone.container.common.volume.HddsVolume.<init>(HddsVolume.java:151)
	at org.apache.hadoop.ozone.container.common.volume.HddsVolume.<init>(HddsVolume.java:80)
	at org.apache.hadoop.ozone.container.common.volume.HddsVolume$Builder.build(HddsVolume.java:130)
	at org.apache.hadoop.ozone.container.common.volume.HddsVolumeFactory.createVolume(HddsVolumeFactory.java:46)
	at org.apache.hadoop.ozone.container.common.volume.MutableVolumeSet.initializeVolumeSet(MutableVolumeSet.java:172)
	at org.apache.hadoop.ozone.container.common.volume.MutableVolumeSet.<init>(MutableVolumeSet.java:130)
	at org.apache.hadoop.ozone.container.common.volume.MutableVolumeSet.<init>(MutableVolumeSet.java:92)
	at org.apache.hadoop.ozone.container.ozoneimpl.OzoneContainer.<init>(OzoneContainer.java:170)
	at org.apache.hadoop.ozone.container.common.statemachine.DatanodeStateMachine.<init>(DatanodeStateMachine.java:191)
	at org.apache.hadoop.ozone.container.common.statemachine.DatanodeStateMachine.<init>(DatanodeStateMachine.java:305)
	at org.apache.hadoop.ozone.container.upgrade.UpgradeTestHelper.restartDatanode(UpgradeTestHelper.java:108)
	at org.apache.hadoop.ozone.container.upgrade.TestDatanodeUpgradeToSchemaV3.testWrite(TestDatanodeUpgradeToSchemaV3.java:447)
	at org.apache.hadoop.ozone.container.upgrade.TestDatanodeUpgradeToSchemaV3.testWriteWithV3Enabled(TestDatanodeUpgradeToSchemaV3.java:405)
	at java.base/jdk.internal.reflect.DirectMethodHandleAccessor.invoke(DirectMethodHandleAccessor.java:103)
	at java.base/java.lang.reflect.Method.invoke(Method.java:580)
	at org.junit.platform.commons.util.ReflectionUtils.invokeMethod(ReflectionUtils.java:786)
	at org.junit.platform.commons.support.ReflectionSupport.invokeMethod(ReflectionSupport.java:514)
	at org.junit.jupiter.engine.execution.MethodInvocation.proceed(MethodInvocation.java:60)
	at org.junit.jupiter.engine.execution.InvocationInterceptorChain$ValidatingInvocation.proceed(InvocationInterceptorChain.java:131)
	at org.junit.jupiter.engine.extension.SameThreadTimeoutInvocation.proceed(SameThreadTimeoutInvocation.java:49)
	at org.junit.jupiter.engine.extension.TimeoutExtension.intercept(TimeoutExtension.java:161)
	at org.junit.jupiter.engine.extension.TimeoutExtension.interceptTestableMethod(TimeoutExtension.java:152)
	at org.junit.jupiter.engine.extension.TimeoutExtension.interceptTestTemplateMethod(TimeoutExtension.java:99)
	at org.junit.jupiter.engine.execution.InterceptingExecutableInvoker$ReflectiveInterceptorCall.lambda$ofVoidMethod$0(InterceptingExecutableInvoker.java:112)
	at org.junit.jupiter.engine.execution.InterceptingExecutableInvoker.lambda$invoke$0(InterceptingExecutableInvoker.java:94)
	at org.junit.jupiter.engine.execution.InvocationInterceptorChain$InterceptedInvocation.proceed(InvocationInterceptorChain.java:106)
	at org.junit.jupiter.engine.execution.InvocationInterceptorChain.proceed(InvocationInterceptorChain.java:64)
	at org.junit.jupiter.engine.execution.InvocationInterceptorChain.chainAndInvoke(InvocationInterceptorChain.java:45)
	at org.junit.jupiter.engine.execution.InvocationInterceptorChain.invoke(InvocationInterceptorChain.java:37)
	at org.junit.jupiter.engine.execution.InterceptingExecutableInvoker.invoke(InterceptingExecutableInvoker.java:93)
	at org.junit.jupiter.engine.execution.InterceptingExecutableInvoker.invoke(InterceptingExecutableInvoker.java:87)
	at org.junit.jupiter.engine.descriptor.TestMethodTestDescriptor.lambda$invokeTestMethod$4(TestMethodTestDescriptor.java:221)
	at org.junit.platform.engine.support.hierarchical.ThrowableCollector.execute(ThrowableCollector.java:73)
	at org.junit.jupiter.engine.descriptor.TestMethodTestDescriptor.invokeTestMethod(TestMethodTestDescriptor.java:217)
	at org.junit.jupiter.engine.descriptor.TestMethodTestDescriptor.execute(TestMethodTestDescriptor.java:159)
	at org.junit.jupiter.engine.descriptor.TestMethodTestDescriptor.execute(TestMethodTestDescriptor.java:70)
	at org.junit.platform.engine.support.hierarchical.NodeTestTask.lambda$executeRecursively$6(NodeTestTask.java:157)
	at org.junit.platform.engine.support.hierarchical.ThrowableCollector.execute(ThrowableCollector.java:73)
	at org.junit.platform.engine.support.hierarchical.NodeTestTask.lambda$executeRecursively$8(NodeTestTask.java:147)
	at org.junit.platform.engine.support.hierarchical.Node.around(Node.java:137)
	at org.junit.platform.engine.support.hierarchical.NodeTestTask.lambda$executeRecursively$9(NodeTestTask.java:145)
	at org.junit.platform.engine.support.hierarchical.ThrowableCollector.execute(ThrowableCollector.java:73)
	at org.junit.platform.engine.support.hierarchical.NodeTestTask.executeRecursively(NodeTestTask.java:144)
	at org.junit.platform.engine.support.hierarchical.NodeTestTask.execute(NodeTestTask.java:101)
	at org.junit.platform.engine.support.hierarchical.SameThreadHierarchicalTestExecutorService.submit(SameThreadHierarchicalTestExecutorService.java:35)
	at org.junit.platform.engine.support.hierarchical.NodeTestTask$DefaultDynamicTestExecutor.execute(NodeTestTask.java:232)
	at org.junit.platform.engine.support.hierarchical.NodeTestTask$DefaultDynamicTestExecutor.execute(NodeTestTask.java:210)
	at org.junit.jupiter.engine.descriptor.TemplateExecutor.execute(TemplateExecutor.java:98)
	at org.junit.jupiter.engine.descriptor.TemplateExecutor.lambda$executeForProvider$0(TemplateExecutor.java:61)
	at java.base/java.util.Optional.ifPresent(Optional.java:178)
	at org.junit.jupiter.engine.descriptor.TemplateExecutor.lambda$executeForProvider$1(TemplateExecutor.java:61)
	at java.base/java.util.stream.ForEachOps$ForEachOp$OfRef.accept(ForEachOps.java:184)
	at java.base/java.util.stream.ReferencePipeline$3$1.accept(ReferencePipeline.java:197)
	at java.base/java.util.stream.ForEachOps$ForEachOp$OfRef.accept(ForEachOps.java:184)
	at java.base/java.util.stream.ForEachOps$ForEachOp$OfRef.accept(ForEachOps.java:184)
	at java.base/java.util.stream.ReferencePipeline$3$1.accept(ReferencePipeline.java:197)
	at java.base/java.util.Spliterators$ArraySpliterator.forEachRemaining(Spliterators.java:1024)
	at java.base/java.util.stream.AbstractPipeline.copyInto(AbstractPipeline.java:509)
	at java.base/java.util.stream.AbstractPipeline.wrapAndCopyInto(AbstractPipeline.java:499)
	at java.base/java.util.stream.ForEachOps$ForEachOp.evaluateSequential(ForEachOps.java:151)
	at java.base/java.util.stream.ForEachOps$ForEachOp$OfRef.evaluateSequential(ForEachOps.java:174)
	at java.base/java.util.stream.AbstractPipeline.evaluate(AbstractPipeline.java:234)
	at java.base/java.util.stream.ReferencePipeline.forEach(ReferencePipeline.java:596)
	at java.base/java.util.stream.ReferencePipeline$7$1.accept(ReferencePipeline.java:276)
	at java.base/java.util.ArrayList$ArrayListSpliterator.forEachRemaining(ArrayList.java:1708)
	at java.base/java.util.stream.AbstractPipeline.copyInto(AbstractPipeline.java:509)
	at java.base/java.util.stream.AbstractPipeline.wrapAndCopyInto(AbstractPipeline.java:499)
	at java.base/java.util.stream.ForEachOps$ForEachOp.evaluateSequential(ForEachOps.java:151)
	at java.base/java.util.stream.ForEachOps$ForEachOp$OfRef.evaluateSequential(ForEachOps.java:174)
	at java.base/java.util.stream.AbstractPipeline.evaluate(AbstractPipeline.java:234)
	at java.base/java.util.stream.ReferencePipeline.forEach(ReferencePipeline.java:596)
	at java.base/java.util.stream.ReferencePipeline$7$1.accept(ReferencePipeline.java:276)
	at java.base/java.util.stream.ReferencePipeline$3$1.accept(ReferencePipeline.java:197)
	at java.base/java.util.stream.ReferencePipeline$3$1.accept(ReferencePipeline.java:197)
	at java.base/java.util.stream.ReferencePipeline$3$1.accept(ReferencePipeline.java:197)
	at java.base/java.util.ArrayList$ArrayListSpliterator.forEachRemaining(ArrayList.java:1708)
	at java.base/java.util.stream.AbstractPipeline.copyInto(AbstractPipeline.java:509)
	at java.base/java.util.stream.AbstractPipeline.wrapAndCopyInto(AbstractPipeline.java:499)
	at java.base/java.util.stream.ForEachOps$ForEachOp.evaluateSequential(ForEachOps.java:151)
	at java.base/java.util.stream.ForEachOps$ForEachOp$OfRef.evaluateSequential(ForEachOps.java:174)
	at java.base/java.util.stream.AbstractPipeline.evaluate(AbstractPipeline.java:234)
	at java.base/java.util.stream.ReferencePipeline.forEach(ReferencePipeline.java:596)
	at org.junit.jupiter.engine.descriptor.TemplateExecutor.executeForProvider(TemplateExecutor.java:59)
	at org.junit.jupiter.engine.descriptor.TemplateExecutor.execute(TemplateExecutor.java:48)
	at org.junit.jupiter.engine.descriptor.TestTemplateTestDescriptor.execute(TestTemplateTestDescriptor.java:112)
	at org.junit.jupiter.engine.descriptor.TestTemplateTestDescriptor.execute(TestTemplateTestDescriptor.java:40)
	at org.junit.platform.engine.support.hierarchical.NodeTestTask.lambda$executeRecursively$6(NodeTestTask.java:157)
	at org.junit.platform.engine.support.hierarchical.ThrowableCollector.execute(ThrowableCollector.java:73)
	at org.junit.platform.engine.support.hierarchical.NodeTestTask.lambda$executeRecursively$8(NodeTestTask.java:147)
	at org.junit.platform.engine.support.hierarchical.Node.around(Node.java:137)
	at org.junit.platform.engine.support.hierarchical.NodeTestTask.lambda$executeRecursively$9(NodeTestTask.java:145)
	at org.junit.platform.engine.support.hierarchical.ThrowableCollector.execute(ThrowableCollector.java:73)
	at org.junit.platform.engine.support.hierarchical.NodeTestTask.executeRecursively(NodeTestTask.java:144)
	at org.junit.platform.engine.support.hierarchical.NodeTestTask.execute(NodeTestTask.java:101)
	at java.base/java.util.ArrayList.forEach(ArrayList.java:1596)
	at org.junit.platform.engine.support.hierarchical.SameThreadHierarchicalTestExecutorService.invokeAll(SameThreadHierarchicalTestExecutorService.java:41)
	at org.junit.platform.engine.support.hierarchical.NodeTestTask.lambda$executeRecursively$6(NodeTestTask.java:161)
	at org.junit.platform.engine.support.hierarchical.ThrowableCollector.execute(ThrowableCollector.java:73)
	at org.junit.platform.engine.support.hierarchical.NodeTestTask.lambda$executeRecursively$8(NodeTestTask.java:147)
	at org.junit.platform.engine.support.hierarchical.Node.around(Node.java:137)
	at org.junit.platform.engine.support.hierarchical.NodeTestTask.lambda$executeRecursively$9(NodeTestTask.java:145)
	at org.junit.platform.engine.support.hierarchical.ThrowableCollector.execute(ThrowableCollector.java:73)
	at org.junit.platform.engine.support.hierarchical.NodeTestTask.executeRecursively(NodeTestTask.java:144)
	at org.junit.platform.engine.support.hierarchical.NodeTestTask.execute(NodeTestTask.java:101)
	at java.base/java.util.ArrayList.forEach(ArrayList.java:1596)
	at org.junit.platform.engine.support.hierarchical.SameThreadHierarchicalTestExecutorService.invokeAll(SameThreadHierarchicalTestExecutorService.java:41)
	at org.junit.platform.engine.support.hierarchical.NodeTestTask.lambda$executeRecursively$6(NodeTestTask.java:161)
	at org.junit.platform.engine.support.hierarchical.ThrowableCollector.execute(ThrowableCollector.java:73)
	at org.junit.platform.engine.support.hierarchical.NodeTestTask.lambda$executeRecursively$8(NodeTestTask.java:147)
	at org.junit.platform.engine.support.hierarchical.Node.around(Node.java:137)
	at org.junit.platform.engine.support.hierarchical.NodeTestTask.lambda$executeRecursively$9(NodeTestTask.java:145)
	at org.junit.platform.engine.support.hierarchical.ThrowableCollector.execute(ThrowableCollector.java:73)
	at org.junit.platform.engine.support.hierarchical.NodeTestTask.executeRecursively(NodeTestTask.java:144)
	at org.junit.platform.engine.support.hierarchical.NodeTestTask.execute(NodeTestTask.java:101)
	at org.junit.platform.engine.support.hierarchical.SameThreadHierarchicalTestExecutorService.submit(SameThreadHierarchicalTestExecutorService.java:35)
	at org.junit.platform.engine.support.hierarchical.HierarchicalTestExecutor.execute(HierarchicalTestExecutor.java:57)
	at org.junit.platform.engine.support.hierarchical.HierarchicalTestEngine.execute(HierarchicalTestEngine.java:54)
	at org.junit.platform.launcher.core.EngineExecutionOrchestrator.executeEngine(EngineExecutionOrchestrator.java:230)
	at org.junit.platform.launcher.core.EngineExecutionOrchestrator.failOrExecuteEngine(EngineExecutionOrchestrator.java:204)
	at org.junit.platform.launcher.core.EngineExecutionOrchestrator.execute(EngineExecutionOrchestrator.java:172)
	at org.junit.platform.launcher.core.EngineExecutionOrchestrator.execute(EngineExecutionOrchestrator.java:101)
	at org.junit.platform.launcher.core.EngineExecutionOrchestrator.lambda$execute$0(EngineExecutionOrchestrator.java:64)
	at org.junit.platform.launcher.core.EngineExecutionOrchestrator.withInterceptedStreams(EngineExecutionOrchestrator.java:150)
	at org.junit.platform.launcher.core.EngineExecutionOrchestrator.execute(EngineExecutionOrchestrator.java:63)
	at org.junit.platform.launcher.core.DefaultLauncher.execute(DefaultLauncher.java:109)
	at org.junit.platform.launcher.core.DefaultLauncher.execute(DefaultLauncher.java:91)
	at org.junit.platform.launcher.core.DelegatingLauncher.execute(DelegatingLauncher.java:47)
	at org.junit.platform.launcher.core.InterceptingLauncher.lambda$execute$1(InterceptingLauncher.java:39)
	at org.junit.platform.launcher.core.ClasspathAlignmentCheckingLauncherInterceptor.intercept(ClasspathAlignmentCheckingLauncherInterceptor.java:25)
	at org.junit.platform.launcher.core.InterceptingLauncher.execute(InterceptingLauncher.java:38)
	at org.junit.platform.launcher.core.DelegatingLauncher.execute(DelegatingLauncher.java:47)
	at org.apache.maven.surefire.junitplatform.LazyLauncher.execute(LazyLauncher.java:56)
	at org.apache.maven.surefire.junitplatform.JUnitPlatformProvider.execute(JUnitPlatformProvider.java:184)
	at org.apache.maven.surefire.junitplatform.JUnitPlatformProvider.invokeAllTests(JUnitPlatformProvider.java:148)
	at org.apache.maven.surefire.junitplatform.JUnitPlatformProvider.invoke(JUnitPlatformProvider.java:120)
	at org.apache.maven.surefire.booter.ForkedBooter.runSuitesInProcess(ForkedBooter.java:385)
	at org.apache.maven.surefire.booter.ForkedBooter.execute(ForkedBooter.java:162)
	at org.apache.maven.surefire.booter.ForkedBooter.run(ForkedBooter.java:507)
	at org.apache.maven.surefire.booter.ForkedBooter.main(ForkedBooter.java:495)
2025-10-18 02:35:03,233 [main] INFO  volume.HddsVolume (HddsVolume.java:<init>(162)) - HddsVolume: { id=DS-994ac860-459b-48d9-89ac-a370afdaa9cf dir=/tmp/junit-2454244010776080292/ba8b8004-c362-4093-8797-d8cfecdd87b8/hdds type=DISK capacity=9222449699674390527 used=0 available=9222449699674390527 minFree=184448985434423296 committed=0 }
2025-10-18 02:35:03,234 [main] INFO  volume.MutableVolumeSet (MutableVolumeSet.java:initializeVolumeSet(175)) - Added Volume : /tmp/junit-2454244010776080292/ba8b8004-c362-4093-8797-d8cfecdd87b8/hdds to VolumeSet
2025-10-18 02:35:03,234 [main] WARN  server.ServerUtils (ServerUtils.java:getDefaultRatisDirectory(304)) - Storage directory for Ratis is not configured. It is a good idea to map this to an SSD disk. Falling back to ozone.metadata.dirs
2025-10-18 02:35:03,235 [main] INFO  volume.MutableVolumeSet (MutableVolumeSet.java:initializeVolumeSet(175)) - Added Volume : /tmp/junit-2454244010776080292/ratis to VolumeSet
2025-10-18 02:35:03,235 [main] WARN  db.DBStoreBuilder (DBStoreBuilder.java:getDBDirPath(157)) - ozone.scm.datanode.id.dir is not configured. We recommend adding this setting. Falling back to ozone.metadata.dirs instead.
2025-10-18 02:35:03,236 [main] WARN  db.DBStoreBuilder (DBStoreBuilder.java:getDBDirPath(157)) - ozone.scm.datanode.id.dir is not configured. We recommend adding this setting. Falling back to ozone.metadata.dirs instead.
2025-10-18 02:35:03,248 [main] INFO  impl.FilePerChunkStrategy (FilePerChunkStrategy.java:<init>(79)) - ozone.chunk.read.mapped.buffer.max.count is load with 0
2025-10-18 02:35:03,248 [main] INFO  impl.FilePerBlockStrategy (FilePerBlockStrategy.java:<init>(88)) - ozone.chunk.read.mapped.buffer.max.count is load with 0
2025-10-18 02:35:03,249 [main] INFO  server.RaftServerConfigKeys (ConfUtils.java:logGet(62)) - raft.server.log.appender.buffer.byte-limit = 33554432 (custom)
2025-10-18 02:35:03,249 [main] WARN  server.ServerUtils (ServerUtils.java:getDefaultRatisDirectory(304)) - Storage directory for Ratis is not configured. It is a good idea to map this to an SSD disk. Falling back to ozone.metadata.dirs
2025-10-18 02:35:03,250 [main] INFO  grpc.GrpcConfigKeys (ConfUtils.java:logFallback(69)) - raft.grpc.admin.host = null (fallback to raft.grpc.server.host)
2025-10-18 02:35:03,250 [main] INFO  grpc.GrpcConfigKeys (ConfUtils.java:logFallback(69)) - raft.grpc.client.host = null (fallback to raft.grpc.server.host)
2025-10-18 02:35:03,251 [main] INFO  server.GrpcServicesImpl (ConfUtils.java:logGet(62)) - raft.grpc.message.size.max = 34603008 (custom)
2025-10-18 02:35:03,251 [main] INFO  server.GrpcServicesImpl (ConfUtils.java:logGet(62)) - raft.grpc.flow.control.window = 5MB (=5242880) (custom)
2025-10-18 02:35:03,251 [main] INFO  server.RaftServerConfigKeys (ConfUtils.java:logGet(62)) - raft.server.log.appender.buffer.byte-limit = 33554432 (custom)
2025-10-18 02:35:03,252 [main] INFO  netty.NettyUtils (NettyUtils.java:newEventLoopGroup(74)) - Create EpollEventLoopGroup for fec79897-7beb-480c-9da8-e7906e408f4c-NettyServerStreamRpc-bossGroup; Thread size is 0.
2025-10-18 02:35:03,253 [main] INFO  netty.NettyUtils (NettyUtils.java:newEventLoopGroup(74)) - Create EpollEventLoopGroup for fec79897-7beb-480c-9da8-e7906e408f4c-NettyServerStreamRpc-workerGroup; Thread size is 0.
2025-10-18 02:35:03,254 [fec79897-7beb-480c-9da8-e7906e408f4c-NettyServerStreamRpc-bossGroup--thread1] INFO  logging.LoggingHandler (AbstractInternalLogger.java:log(148)) - [id: 0xa9ed21b6] REGISTERED
2025-10-18 02:35:03,254 [fec79897-7beb-480c-9da8-e7906e408f4c-NettyServerStreamRpc-bossGroup--thread1] INFO  logging.LoggingHandler (AbstractInternalLogger.java:log(148)) - [id: 0xa9ed21b6] BIND: 0.0.0.0/0.0.0.0:0
2025-10-18 02:35:03,254 [fec79897-7beb-480c-9da8-e7906e408f4c-impl-thread1] INFO  server.RaftServer (RaftServerProxy.java:initGroupDir(270)) - fec79897-7beb-480c-9da8-e7906e408f4c: found a subdirectory /tmp/junit-2454244010776080292/ratis/tmp
2025-10-18 02:35:03,254 [fec79897-7beb-480c-9da8-e7906e408f4c-impl-thread1] INFO  server.RaftServer (RaftServerProxy.java:initGroupDir(275)) - fec79897-7beb-480c-9da8-e7906e408f4c: The directory /tmp/junit-2454244010776080292/ratis/tmp is not a group directory; ignoring it. 
2025-10-18 02:35:03,254 [fec79897-7beb-480c-9da8-e7906e408f4c-NettyServerStreamRpc-bossGroup--thread1] INFO  logging.LoggingHandler (AbstractInternalLogger.java:log(148)) - [id: 0xa9ed21b6, L:/0.0.0.0:37027] ACTIVE
2025-10-18 02:35:03,254 [main] INFO  replication.ReplicationServer (ReplicationServer.java:<init>(84)) - Initializing replication server with thread count = 10 queue length = 4096
2025-10-18 02:35:03,255 [main] INFO  server.XceiverServerGrpc (XceiverServerGrpc.java:<init>(129)) - GrpcServer channel type EpollServerSocketChannel
2025-10-18 02:35:03,256 [main] INFO  replication.ReplicationSupervisor (ReplicationSupervisor.java:build(169)) - Initializing replication supervisor with thread count = 10
2025-10-18 02:35:03,256 [main] INFO  replication.ReplicationSupervisor (ReplicationSupervisor.java:nodeStateUpdated(358)) - Node state updated to IN_SERVICE, scaling executor pool size to 10
2025-10-18 02:35:03,263 [fec79897-7beb-480c-9da8-e7906e408f4c-ContainerReader-0] INFO  ozoneimpl.ContainerReader (ContainerReader.java:readVolume(147)) - Start to verify containers on volume /tmp/junit-2454244010776080292/ba8b8004-c362-4093-8797-d8cfecdd87b8/hdds
2025-10-18 02:35:03,279 [fec79897-7beb-480c-9da8-e7906e408f4c-ContainerReader-0] WARN  helpers.KeyValueContainerUtil (KeyValueContainerUtil.java:populateContainerMetadata(329)) - Missing pendingDeleteBlockCount from metadata: recalculate them from block table
2025-10-18 02:35:03,281 [fec79897-7beb-480c-9da8-e7906e408f4c-ContainerReader-0] INFO  ozoneimpl.ContainerReader (ContainerReader.java:readVolume(177)) - Finish verifying containers on volume /tmp/junit-2454244010776080292/ba8b8004-c362-4093-8797-d8cfecdd87b8/hdds
2025-10-18 02:35:03,281 [main] INFO  ozoneimpl.OzoneContainer (OzoneContainer.java:buildContainerSet(359)) - Build ContainerSet costs 0s
2025-10-18 02:35:03,281 [main] INFO  volume.ThrottledAsyncChecker (ThrottledAsyncChecker.java:schedule(138)) - Scheduling a check for /tmp/junit-2454244010776080292/ba8b8004-c362-4093-8797-d8cfecdd87b8/hdds
2025-10-18 02:35:03,282 [main] INFO  volume.StorageVolumeChecker (StorageVolumeChecker.java:checkAllVolumes(231)) - Scheduled health check for volume /tmp/junit-2454244010776080292/ba8b8004-c362-4093-8797-d8cfecdd87b8/hdds
2025-10-18 02:35:03,283 [main] INFO  volume.ThrottledAsyncChecker (ThrottledAsyncChecker.java:schedule(138)) - Scheduling a check for /tmp/junit-2454244010776080292/ratis
2025-10-18 02:35:03,283 [main] INFO  volume.StorageVolumeChecker (StorageVolumeChecker.java:checkAllVolumes(231)) - Scheduled health check for volume /tmp/junit-2454244010776080292/ratis
2025-10-18 02:35:03,284 [main] INFO  ozoneimpl.OzoneContainer (OzoneContainer.java:start(544)) - Attempting to start container services.
2025-10-18 02:35:03,285 [main] INFO  replication.ReplicationServer (ReplicationServer.java:start(137)) - ReplicationServer is started using port 9886
2025-10-18 02:35:03,286 [main] INFO  ratis.XceiverServerRatis (XceiverServerRatis.java:start(559)) - Starting XceiverServerRatis(fec79897-7beb-480c-9da8-e7906e408f4c)
2025-10-18 02:35:03,287 [ContainerMetadataScanner] INFO  ozoneimpl.AbstractBackgroundContainerScanner (AbstractBackgroundContainerScanner.java:runIteration(89)) - Completed an iteration in 0 minutes. Number of iterations (since the data-node restart) : 1, Number of containers scanned in this iteration : 1, Number of unhealthy containers found in this iteration : 0
2025-10-18 02:35:03,295 [main] INFO  server.RaftServer (RaftServerProxy.java:startImpl(412)) - fec79897-7beb-480c-9da8-e7906e408f4c: start RPC server
2025-10-18 02:35:03,296 [main] INFO  server.GrpcServicesImpl (GrpcServicesImpl.java:startImpl(346)) - fec79897-7beb-480c-9da8-e7906e408f4c: GrpcServicesImpl started, listening on 9858
2025-10-18 02:35:03,297 [main] INFO  ratis.XceiverServerRatis (XceiverServerRatis.java:getRealPort(586)) - XceiverServerRatis(fec79897-7beb-480c-9da8-e7906e408f4c) is started using port RATIS=9858
2025-10-18 02:35:03,297 [main] INFO  ratis.XceiverServerRatis (XceiverServerRatis.java:getRealPort(586)) - XceiverServerRatis(fec79897-7beb-480c-9da8-e7906e408f4c) is started using port RATIS_ADMIN=9858
2025-10-18 02:35:03,297 [main] INFO  ratis.XceiverServerRatis (XceiverServerRatis.java:getRealPort(586)) - XceiverServerRatis(fec79897-7beb-480c-9da8-e7906e408f4c) is started using port RATIS_SERVER=9858
2025-10-18 02:35:03,297 [main] INFO  ratis.XceiverServerRatis (XceiverServerRatis.java:getRealPort(586)) - XceiverServerRatis(fec79897-7beb-480c-9da8-e7906e408f4c) is started using port RATIS_DATASTREAM=37027
2025-10-18 02:35:03,297 [JvmPauseMonitor7] INFO  util.JvmPauseMonitor (JvmPauseMonitor.java:run(146)) - JvmPauseMonitor-fec79897-7beb-480c-9da8-e7906e408f4c: Started
2025-10-18 02:35:03,299 [main] INFO  utils.BackgroundService (BackgroundService.java:start(119)) - Starting service BlockDeletingService with interval 60000 milliseconds
2025-10-18 02:35:03,299 [main] INFO  utils.BackgroundService (BackgroundService.java:start(119)) - Starting service StaleRecoveringContainerScrubbingService with interval 60000 milliseconds
2025-10-18 02:35:03,312 [ContainerDataScanner(/tmp/junit-2454244010776080292/ba8b8004-c362-4093-8797-d8cfecdd87b8/hdds)] INFO  ozoneimpl.AbstractBackgroundContainerScanner (AbstractBackgroundContainerScanner.java:runIteration(89)) - Completed an iteration in 0 minutes. Number of iterations (since the data-node restart) : 1, Number of containers scanned in this iteration : 1, Number of unhealthy containers found in this iteration : 0
2025-10-18 02:35:03,342 [main] INFO  keyvalue.KeyValueContainer (KeyValueContainer.java:flushAndSyncDB(514)) - Synced container: KeyValueContainerData #700363026 (CLOSING, non-empty, ri=0, origin=[dn_fec79897-7beb-480c-9da8-e7906e408f4c, pipeline_])
2025-10-18 02:35:03,342 [main] INFO  keyvalue.KeyValueContainer (KeyValueContainer.java:flushAndSyncDB(514)) - Synced container: KeyValueContainerData #700363026 (CLOSING, non-empty, ri=0, origin=[dn_fec79897-7beb-480c-9da8-e7906e408f4c, pipeline_])
2025-10-18 02:35:03,345 [main] INFO  keyvalue.KeyValueContainer (KeyValueContainer.java:close(430)) - Closed container: KeyValueContainerData #700363026 (CLOSED, non-empty, ri=0, origin=[dn_fec79897-7beb-480c-9da8-e7906e408f4c, pipeline_])
2025-10-18 02:35:03,346 [main] INFO  ipc.Server (Server.java:stop(3697)) - Stopping server on 41297
2025-10-18 02:35:03,347 [IPC Server Responder] INFO  ipc.Server (Server.java:run(1718)) - Stopping IPC Server Responder
2025-10-18 02:35:03,347 [IPC Server listener on 41297] INFO  ipc.Server (Server.java:run(1585)) - Stopping IPC Server listener on 41297
2025-10-18 02:35:03,347 [main] INFO  ozoneimpl.OzoneContainer (OzoneContainer.java:stop(568)) - Attempting to stop container services.
2025-10-18 02:35:03,348 [ContainerMetadataScanner] WARN  ozoneimpl.AbstractBackgroundContainerScanner (AbstractBackgroundContainerScanner.java:handleRemainingSleep(136)) - Background container scan was interrupted.
2025-10-18 02:35:03,348 [ContainerMetadataScanner] INFO  ozoneimpl.AbstractBackgroundContainerScanner (AbstractBackgroundContainerScanner.java:run(63)) - org.apache.hadoop.ozone.container.ozoneimpl.BackgroundContainerMetadataScanner@527e55ba exiting.
2025-10-18 02:35:03,348 [main] INFO  ozoneimpl.BackgroundContainerDataScanner (BackgroundContainerDataScanner.java:shutdown(87)) - ContainerDataScanner(/tmp/junit-2454244010776080292/ba8b8004-c362-4093-8797-d8cfecdd87b8/hdds) is shutting down. 
2025-10-18 02:35:03,348 [ContainerDataScanner(/tmp/junit-2454244010776080292/ba8b8004-c362-4093-8797-d8cfecdd87b8/hdds)] WARN  ozoneimpl.AbstractBackgroundContainerScanner (AbstractBackgroundContainerScanner.java:handleRemainingSleep(136)) - Background container scan was interrupted.
2025-10-18 02:35:03,348 [ContainerDataScanner(/tmp/junit-2454244010776080292/ba8b8004-c362-4093-8797-d8cfecdd87b8/hdds)] INFO  ozoneimpl.AbstractBackgroundContainerScanner (AbstractBackgroundContainerScanner.java:run(63)) - ContainerDataScanner(/tmp/junit-2454244010776080292/ba8b8004-c362-4093-8797-d8cfecdd87b8/hdds, DS-994ac860-459b-48d9-89ac-a370afdaa9cf) exiting.
2025-10-18 02:35:03,348 [main] INFO  ozoneimpl.OnDemandContainerScanner (OnDemandContainerScanner.java:shutdown(141)) - On-demand container scanner is shutting down.
2025-10-18 02:35:03,350 [main] INFO  ratis.XceiverServerRatis (XceiverServerRatis.java:stop(594)) - Closing XceiverServerRatis(fec79897-7beb-480c-9da8-e7906e408f4c)
2025-10-18 02:35:03,350 [main] INFO  server.RaftServer (RaftServerProxy.java:lambda$close$9(422)) - fec79897-7beb-480c-9da8-e7906e408f4c: close
2025-10-18 02:35:03,350 [main] INFO  server.GrpcServicesImpl (GrpcServicesImpl.java:closeImpl(355)) - fec79897-7beb-480c-9da8-e7906e408f4c: shutdown server GrpcServerProtocolService now
2025-10-18 02:35:03,351 [main] INFO  server.GrpcServicesImpl (GrpcServicesImpl.java:closeImpl(364)) - fec79897-7beb-480c-9da8-e7906e408f4c: shutdown server GrpcServerProtocolService successfully
2025-10-18 02:35:03,352 [fec79897-7beb-480c-9da8-e7906e408f4c-NettyServerStreamRpc-bossGroup--thread1] INFO  logging.LoggingHandler (AbstractInternalLogger.java:log(148)) - [id: 0xa9ed21b6, L:/0.0.0.0:37027] CLOSE
2025-10-18 02:35:03,352 [fec79897-7beb-480c-9da8-e7906e408f4c-NettyServerStreamRpc-bossGroup--thread1] INFO  logging.LoggingHandler (AbstractInternalLogger.java:log(148)) - [id: 0xa9ed21b6, L:/0.0.0.0:37027] INACTIVE
2025-10-18 02:35:03,352 [fec79897-7beb-480c-9da8-e7906e408f4c-NettyServerStreamRpc-bossGroup--thread1] INFO  logging.LoggingHandler (AbstractInternalLogger.java:log(148)) - [id: 0xa9ed21b6, L:/0.0.0.0:37027] UNREGISTERED
2025-10-18 02:35:03,358 [JvmPauseMonitor7] INFO  util.JvmPauseMonitor (JvmPauseMonitor.java:run(152)) - JvmPauseMonitor-fec79897-7beb-480c-9da8-e7906e408f4c: Stopped
2025-10-18 02:35:05,364 [main] INFO  utils.BackgroundService (BackgroundService.java:shutdown(195)) - Shutting down service BlockDeletingService
2025-10-18 02:35:05,364 [main] INFO  utils.BackgroundService (BackgroundService.java:shutdown(195)) - Shutting down service StaleRecoveringContainerScrubbingService
]]></system-out>
  </testcase>
  <testcase name="testDBCreatedInFinalize(boolean)[1]" classname="org.apache.hadoop.ozone.container.upgrade.TestDatanodeUpgradeToSchemaV3" time="2.148">
    <system-out><![CDATA[2025-10-18 02:35:05,388 [main] INFO  ipc.CallQueueManager (CallQueueManager.java:<init>(93)) - Using callQueue: class java.util.concurrent.LinkedBlockingQueue, queueCapacity: 1000, scheduler: class org.apache.hadoop.ipc.DefaultRpcScheduler, ipcBackoff: false, ipcFailOver: false.
2025-10-18 02:35:05,388 [main] INFO  ipc.Server (Server.java:<init>(1438)) - Listener at localhost:35445
2025-10-18 02:35:05,388 [Socket Reader #1 for port 35445] INFO  ipc.Server (Server.java:run(1474)) - Starting Socket Reader #1 for port 35445
2025-10-18 02:35:05,390 [IPC Server Responder] INFO  ipc.Server (Server.java:run(1713)) - IPC Server Responder: starting
2025-10-18 02:35:05,390 [IPC Server listener on 35445] INFO  ipc.Server (Server.java:run(1553)) - IPC Server listener on 35445: starting
2025-10-18 02:35:05,394 [main] INFO  upgrade.AbstractLayoutVersionManager (AbstractLayoutVersionManager.java:init(80)) - Initializing Layout version manager with metadata layout = ERASURE_CODED_STORAGE_SUPPORT (version = 3), software layout = WITNESSED_CONTAINER_DB_PROTO_VALUE (version = 9)
2025-10-18 02:35:05,394 [main] INFO  upgrade.HDDSLayoutVersionManager (HDDSLayoutVersionManager.java:lambda$registerUpgradeActions$0(81)) - Registering Upgrade Action : DatanodeSchemaV3FinalizeAction
2025-10-18 02:35:05,394 [main] INFO  upgrade.HDDSLayoutVersionManager (HDDSLayoutVersionManager.java:lambda$registerUpgradeActions$0(81)) - Registering Upgrade Action : ContainerTableSchemaFinalizeAction
2025-10-18 02:35:05,395 [main] INFO  statemachine.DatanodeStateMachine (DatanodeStateMachine.java:getEndPointTaskThreadPoolSize(321)) - Datanode State Machine Task Thread Pool size 2
2025-10-18 02:35:05,397 [main] INFO  volume.HddsVolume (HddsVolume.java:<init>(162)) - HddsVolume: { id=c7d84284-ba2a-4f2a-b43b-4a5a7b6855b3 dir=/home/runner/work/ozone/ozone/hadoop-hdds/container-service/file:/home/runner/work/ozone/ozone/hadoop-hdds/container-service/target/tmp/dfs/data type=DISK failed }
2025-10-18 02:35:05,397 [main] ERROR volume.MutableVolumeSet (MutableVolumeSet.java:initializeVolumeSet(194)) - Failed to parse the storage location: file:///home/runner/work/ozone/ozone/hadoop-hdds/container-service/target/tmp/dfs/data
org.apache.hadoop.ozone.common.InconsistentStorageStateException: Mismatched DatanodeUUIDs. Version File : /home/runner/work/ozone/ozone/hadoop-hdds/container-service/target/tmp/dfs/data/hdds/VERSION has datanodeUuid: c3d05b50-810d-4b78-be46-d77415fe1b4d and Datanode has datanodeUuid: 75761c81-dc55-468d-9c67-8cb46001150b
	at org.apache.hadoop.ozone.container.common.utils.StorageVolumeUtil.getDatanodeUUID(StorageVolumeUtil.java:122)
	at org.apache.hadoop.ozone.container.common.volume.StorageVolume.readVersionFile(StorageVolume.java:385)
	at org.apache.hadoop.ozone.container.common.volume.StorageVolume.initializeImpl(StorageVolume.java:240)
	at org.apache.hadoop.ozone.container.common.volume.StorageVolume.initialize(StorageVolume.java:215)
	at org.apache.hadoop.ozone.container.common.volume.HddsVolume.<init>(HddsVolume.java:151)
	at org.apache.hadoop.ozone.container.common.volume.HddsVolume.<init>(HddsVolume.java:80)
	at org.apache.hadoop.ozone.container.common.volume.HddsVolume$Builder.build(HddsVolume.java:130)
	at org.apache.hadoop.ozone.container.common.volume.HddsVolumeFactory.createVolume(HddsVolumeFactory.java:46)
	at org.apache.hadoop.ozone.container.common.volume.MutableVolumeSet.initializeVolumeSet(MutableVolumeSet.java:172)
	at org.apache.hadoop.ozone.container.common.volume.MutableVolumeSet.<init>(MutableVolumeSet.java:130)
	at org.apache.hadoop.ozone.container.common.volume.MutableVolumeSet.<init>(MutableVolumeSet.java:92)
	at org.apache.hadoop.ozone.container.ozoneimpl.OzoneContainer.<init>(OzoneContainer.java:170)
	at org.apache.hadoop.ozone.container.common.statemachine.DatanodeStateMachine.<init>(DatanodeStateMachine.java:191)
	at org.apache.hadoop.ozone.container.common.statemachine.DatanodeStateMachine.<init>(DatanodeStateMachine.java:305)
	at org.apache.hadoop.ozone.container.upgrade.TestDatanodeUpgradeToSchemaV3.testDBCreatedInFinalize(TestDatanodeUpgradeToSchemaV3.java:211)
	at java.base/jdk.internal.reflect.DirectMethodHandleAccessor.invoke(DirectMethodHandleAccessor.java:103)
	at java.base/java.lang.reflect.Method.invoke(Method.java:580)
	at org.junit.platform.commons.util.ReflectionUtils.invokeMethod(ReflectionUtils.java:786)
	at org.junit.platform.commons.support.ReflectionSupport.invokeMethod(ReflectionSupport.java:514)
	at org.junit.jupiter.engine.execution.MethodInvocation.proceed(MethodInvocation.java:60)
	at org.junit.jupiter.engine.execution.InvocationInterceptorChain$ValidatingInvocation.proceed(InvocationInterceptorChain.java:131)
	at org.junit.jupiter.engine.extension.SameThreadTimeoutInvocation.proceed(SameThreadTimeoutInvocation.java:49)
	at org.junit.jupiter.engine.extension.TimeoutExtension.intercept(TimeoutExtension.java:161)
	at org.junit.jupiter.engine.extension.TimeoutExtension.interceptTestableMethod(TimeoutExtension.java:152)
	at org.junit.jupiter.engine.extension.TimeoutExtension.interceptTestTemplateMethod(TimeoutExtension.java:99)
	at org.junit.jupiter.engine.execution.InterceptingExecutableInvoker$ReflectiveInterceptorCall.lambda$ofVoidMethod$0(InterceptingExecutableInvoker.java:112)
	at org.junit.jupiter.engine.execution.InterceptingExecutableInvoker.lambda$invoke$0(InterceptingExecutableInvoker.java:94)
	at org.junit.jupiter.engine.execution.InvocationInterceptorChain$InterceptedInvocation.proceed(InvocationInterceptorChain.java:106)
	at org.junit.jupiter.engine.execution.InvocationInterceptorChain.proceed(InvocationInterceptorChain.java:64)
	at org.junit.jupiter.engine.execution.InvocationInterceptorChain.chainAndInvoke(InvocationInterceptorChain.java:45)
	at org.junit.jupiter.engine.execution.InvocationInterceptorChain.invoke(InvocationInterceptorChain.java:37)
	at org.junit.jupiter.engine.execution.InterceptingExecutableInvoker.invoke(InterceptingExecutableInvoker.java:93)
	at org.junit.jupiter.engine.execution.InterceptingExecutableInvoker.invoke(InterceptingExecutableInvoker.java:87)
	at org.junit.jupiter.engine.descriptor.TestMethodTestDescriptor.lambda$invokeTestMethod$4(TestMethodTestDescriptor.java:221)
	at org.junit.platform.engine.support.hierarchical.ThrowableCollector.execute(ThrowableCollector.java:73)
	at org.junit.jupiter.engine.descriptor.TestMethodTestDescriptor.invokeTestMethod(TestMethodTestDescriptor.java:217)
	at org.junit.jupiter.engine.descriptor.TestMethodTestDescriptor.execute(TestMethodTestDescriptor.java:159)
	at org.junit.jupiter.engine.descriptor.TestMethodTestDescriptor.execute(TestMethodTestDescriptor.java:70)
	at org.junit.platform.engine.support.hierarchical.NodeTestTask.lambda$executeRecursively$6(NodeTestTask.java:157)
	at org.junit.platform.engine.support.hierarchical.ThrowableCollector.execute(ThrowableCollector.java:73)
	at org.junit.platform.engine.support.hierarchical.NodeTestTask.lambda$executeRecursively$8(NodeTestTask.java:147)
	at org.junit.platform.engine.support.hierarchical.Node.around(Node.java:137)
	at org.junit.platform.engine.support.hierarchical.NodeTestTask.lambda$executeRecursively$9(NodeTestTask.java:145)
	at org.junit.platform.engine.support.hierarchical.ThrowableCollector.execute(ThrowableCollector.java:73)
	at org.junit.platform.engine.support.hierarchical.NodeTestTask.executeRecursively(NodeTestTask.java:144)
	at org.junit.platform.engine.support.hierarchical.NodeTestTask.execute(NodeTestTask.java:101)
	at org.junit.platform.engine.support.hierarchical.SameThreadHierarchicalTestExecutorService.submit(SameThreadHierarchicalTestExecutorService.java:35)
	at org.junit.platform.engine.support.hierarchical.NodeTestTask$DefaultDynamicTestExecutor.execute(NodeTestTask.java:232)
	at org.junit.platform.engine.support.hierarchical.NodeTestTask$DefaultDynamicTestExecutor.execute(NodeTestTask.java:210)
	at org.junit.jupiter.engine.descriptor.TemplateExecutor.execute(TemplateExecutor.java:98)
	at org.junit.jupiter.engine.descriptor.TemplateExecutor.lambda$executeForProvider$0(TemplateExecutor.java:61)
	at java.base/java.util.Optional.ifPresent(Optional.java:178)
	at org.junit.jupiter.engine.descriptor.TemplateExecutor.lambda$executeForProvider$1(TemplateExecutor.java:61)
	at java.base/java.util.stream.ForEachOps$ForEachOp$OfRef.accept(ForEachOps.java:184)
	at java.base/java.util.stream.ReferencePipeline$3$1.accept(ReferencePipeline.java:197)
	at java.base/java.util.stream.ForEachOps$ForEachOp$OfRef.accept(ForEachOps.java:184)
	at java.base/java.util.stream.ForEachOps$ForEachOp$OfRef.accept(ForEachOps.java:184)
	at java.base/java.util.stream.ReferencePipeline$3$1.accept(ReferencePipeline.java:197)
	at java.base/java.util.Spliterators$ArraySpliterator.forEachRemaining(Spliterators.java:1024)
	at java.base/java.util.stream.AbstractPipeline.copyInto(AbstractPipeline.java:509)
	at java.base/java.util.stream.AbstractPipeline.wrapAndCopyInto(AbstractPipeline.java:499)
	at java.base/java.util.stream.ForEachOps$ForEachOp.evaluateSequential(ForEachOps.java:151)
	at java.base/java.util.stream.ForEachOps$ForEachOp$OfRef.evaluateSequential(ForEachOps.java:174)
	at java.base/java.util.stream.AbstractPipeline.evaluate(AbstractPipeline.java:234)
	at java.base/java.util.stream.ReferencePipeline.forEach(ReferencePipeline.java:596)
	at java.base/java.util.stream.ReferencePipeline$7$1.accept(ReferencePipeline.java:276)
	at java.base/java.util.ArrayList$ArrayListSpliterator.forEachRemaining(ArrayList.java:1708)
	at java.base/java.util.stream.AbstractPipeline.copyInto(AbstractPipeline.java:509)
	at java.base/java.util.stream.AbstractPipeline.wrapAndCopyInto(AbstractPipeline.java:499)
	at java.base/java.util.stream.ForEachOps$ForEachOp.evaluateSequential(ForEachOps.java:151)
	at java.base/java.util.stream.ForEachOps$ForEachOp$OfRef.evaluateSequential(ForEachOps.java:174)
	at java.base/java.util.stream.AbstractPipeline.evaluate(AbstractPipeline.java:234)
	at java.base/java.util.stream.ReferencePipeline.forEach(ReferencePipeline.java:596)
	at java.base/java.util.stream.ReferencePipeline$7$1.accept(ReferencePipeline.java:276)
	at java.base/java.util.stream.ReferencePipeline$3$1.accept(ReferencePipeline.java:197)
	at java.base/java.util.stream.ReferencePipeline$3$1.accept(ReferencePipeline.java:197)
	at java.base/java.util.stream.ReferencePipeline$3$1.accept(ReferencePipeline.java:197)
	at java.base/java.util.ArrayList$ArrayListSpliterator.forEachRemaining(ArrayList.java:1708)
	at java.base/java.util.stream.AbstractPipeline.copyInto(AbstractPipeline.java:509)
	at java.base/java.util.stream.AbstractPipeline.wrapAndCopyInto(AbstractPipeline.java:499)
	at java.base/java.util.stream.ForEachOps$ForEachOp.evaluateSequential(ForEachOps.java:151)
	at java.base/java.util.stream.ForEachOps$ForEachOp$OfRef.evaluateSequential(ForEachOps.java:174)
	at java.base/java.util.stream.AbstractPipeline.evaluate(AbstractPipeline.java:234)
	at java.base/java.util.stream.ReferencePipeline.forEach(ReferencePipeline.java:596)
	at org.junit.jupiter.engine.descriptor.TemplateExecutor.executeForProvider(TemplateExecutor.java:59)
	at org.junit.jupiter.engine.descriptor.TemplateExecutor.execute(TemplateExecutor.java:48)
	at org.junit.jupiter.engine.descriptor.TestTemplateTestDescriptor.execute(TestTemplateTestDescriptor.java:112)
	at org.junit.jupiter.engine.descriptor.TestTemplateTestDescriptor.execute(TestTemplateTestDescriptor.java:40)
	at org.junit.platform.engine.support.hierarchical.NodeTestTask.lambda$executeRecursively$6(NodeTestTask.java:157)
	at org.junit.platform.engine.support.hierarchical.ThrowableCollector.execute(ThrowableCollector.java:73)
	at org.junit.platform.engine.support.hierarchical.NodeTestTask.lambda$executeRecursively$8(NodeTestTask.java:147)
	at org.junit.platform.engine.support.hierarchical.Node.around(Node.java:137)
	at org.junit.platform.engine.support.hierarchical.NodeTestTask.lambda$executeRecursively$9(NodeTestTask.java:145)
	at org.junit.platform.engine.support.hierarchical.ThrowableCollector.execute(ThrowableCollector.java:73)
	at org.junit.platform.engine.support.hierarchical.NodeTestTask.executeRecursively(NodeTestTask.java:144)
	at org.junit.platform.engine.support.hierarchical.NodeTestTask.execute(NodeTestTask.java:101)
	at java.base/java.util.ArrayList.forEach(ArrayList.java:1596)
	at org.junit.platform.engine.support.hierarchical.SameThreadHierarchicalTestExecutorService.invokeAll(SameThreadHierarchicalTestExecutorService.java:41)
	at org.junit.platform.engine.support.hierarchical.NodeTestTask.lambda$executeRecursively$6(NodeTestTask.java:161)
	at org.junit.platform.engine.support.hierarchical.ThrowableCollector.execute(ThrowableCollector.java:73)
	at org.junit.platform.engine.support.hierarchical.NodeTestTask.lambda$executeRecursively$8(NodeTestTask.java:147)
	at org.junit.platform.engine.support.hierarchical.Node.around(Node.java:137)
	at org.junit.platform.engine.support.hierarchical.NodeTestTask.lambda$executeRecursively$9(NodeTestTask.java:145)
	at org.junit.platform.engine.support.hierarchical.ThrowableCollector.execute(ThrowableCollector.java:73)
	at org.junit.platform.engine.support.hierarchical.NodeTestTask.executeRecursively(NodeTestTask.java:144)
	at org.junit.platform.engine.support.hierarchical.NodeTestTask.execute(NodeTestTask.java:101)
	at java.base/java.util.ArrayList.forEach(ArrayList.java:1596)
	at org.junit.platform.engine.support.hierarchical.SameThreadHierarchicalTestExecutorService.invokeAll(SameThreadHierarchicalTestExecutorService.java:41)
	at org.junit.platform.engine.support.hierarchical.NodeTestTask.lambda$executeRecursively$6(NodeTestTask.java:161)
	at org.junit.platform.engine.support.hierarchical.ThrowableCollector.execute(ThrowableCollector.java:73)
	at org.junit.platform.engine.support.hierarchical.NodeTestTask.lambda$executeRecursively$8(NodeTestTask.java:147)
	at org.junit.platform.engine.support.hierarchical.Node.around(Node.java:137)
	at org.junit.platform.engine.support.hierarchical.NodeTestTask.lambda$executeRecursively$9(NodeTestTask.java:145)
	at org.junit.platform.engine.support.hierarchical.ThrowableCollector.execute(ThrowableCollector.java:73)
	at org.junit.platform.engine.support.hierarchical.NodeTestTask.executeRecursively(NodeTestTask.java:144)
	at org.junit.platform.engine.support.hierarchical.NodeTestTask.execute(NodeTestTask.java:101)
	at org.junit.platform.engine.support.hierarchical.SameThreadHierarchicalTestExecutorService.submit(SameThreadHierarchicalTestExecutorService.java:35)
	at org.junit.platform.engine.support.hierarchical.HierarchicalTestExecutor.execute(HierarchicalTestExecutor.java:57)
	at org.junit.platform.engine.support.hierarchical.HierarchicalTestEngine.execute(HierarchicalTestEngine.java:54)
	at org.junit.platform.launcher.core.EngineExecutionOrchestrator.executeEngine(EngineExecutionOrchestrator.java:230)
	at org.junit.platform.launcher.core.EngineExecutionOrchestrator.failOrExecuteEngine(EngineExecutionOrchestrator.java:204)
	at org.junit.platform.launcher.core.EngineExecutionOrchestrator.execute(EngineExecutionOrchestrator.java:172)
	at org.junit.platform.launcher.core.EngineExecutionOrchestrator.execute(EngineExecutionOrchestrator.java:101)
	at org.junit.platform.launcher.core.EngineExecutionOrchestrator.lambda$execute$0(EngineExecutionOrchestrator.java:64)
	at org.junit.platform.launcher.core.EngineExecutionOrchestrator.withInterceptedStreams(EngineExecutionOrchestrator.java:150)
	at org.junit.platform.launcher.core.EngineExecutionOrchestrator.execute(EngineExecutionOrchestrator.java:63)
	at org.junit.platform.launcher.core.DefaultLauncher.execute(DefaultLauncher.java:109)
	at org.junit.platform.launcher.core.DefaultLauncher.execute(DefaultLauncher.java:91)
	at org.junit.platform.launcher.core.DelegatingLauncher.execute(DelegatingLauncher.java:47)
	at org.junit.platform.launcher.core.InterceptingLauncher.lambda$execute$1(InterceptingLauncher.java:39)
	at org.junit.platform.launcher.core.ClasspathAlignmentCheckingLauncherInterceptor.intercept(ClasspathAlignmentCheckingLauncherInterceptor.java:25)
	at org.junit.platform.launcher.core.InterceptingLauncher.execute(InterceptingLauncher.java:38)
	at org.junit.platform.launcher.core.DelegatingLauncher.execute(DelegatingLauncher.java:47)
	at org.apache.maven.surefire.junitplatform.LazyLauncher.execute(LazyLauncher.java:56)
	at org.apache.maven.surefire.junitplatform.JUnitPlatformProvider.execute(JUnitPlatformProvider.java:184)
	at org.apache.maven.surefire.junitplatform.JUnitPlatformProvider.invokeAllTests(JUnitPlatformProvider.java:148)
	at org.apache.maven.surefire.junitplatform.JUnitPlatformProvider.invoke(JUnitPlatformProvider.java:120)
	at org.apache.maven.surefire.booter.ForkedBooter.runSuitesInProcess(ForkedBooter.java:385)
	at org.apache.maven.surefire.booter.ForkedBooter.execute(ForkedBooter.java:162)
	at org.apache.maven.surefire.booter.ForkedBooter.run(ForkedBooter.java:507)
	at org.apache.maven.surefire.booter.ForkedBooter.main(ForkedBooter.java:495)
2025-10-18 02:35:05,399 [main] INFO  volume.HddsVolume (HddsVolume.java:<init>(162)) - HddsVolume: { id=DS-32f39147-c404-4ab4-b2cc-fd5882e8a465 dir=/tmp/junit-3170817716104448558/192c361f-f004-49bd-8eb3-1a61d0509865/hdds type=DISK capacity=9222449699674390527 used=0 available=9222449699674390527 minFree=184448985434423296 committed=0 }
2025-10-18 02:35:05,399 [main] INFO  volume.MutableVolumeSet (MutableVolumeSet.java:initializeVolumeSet(175)) - Added Volume : /tmp/junit-3170817716104448558/192c361f-f004-49bd-8eb3-1a61d0509865/hdds to VolumeSet
2025-10-18 02:35:05,399 [main] WARN  server.ServerUtils (ServerUtils.java:getDefaultRatisDirectory(304)) - Storage directory for Ratis is not configured. It is a good idea to map this to an SSD disk. Falling back to ozone.metadata.dirs
2025-10-18 02:35:05,400 [main] INFO  volume.MutableVolumeSet (MutableVolumeSet.java:initializeVolumeSet(175)) - Added Volume : /tmp/junit-3170817716104448558/ratis to VolumeSet
2025-10-18 02:35:05,401 [main] WARN  db.DBStoreBuilder (DBStoreBuilder.java:getDBDirPath(157)) - ozone.scm.datanode.id.dir is not configured. We recommend adding this setting. Falling back to ozone.metadata.dirs instead.
2025-10-18 02:35:05,401 [main] WARN  db.DBStoreBuilder (DBStoreBuilder.java:getDBDirPath(157)) - ozone.scm.datanode.id.dir is not configured. We recommend adding this setting. Falling back to ozone.metadata.dirs instead.
2025-10-18 02:35:05,415 [main] INFO  impl.FilePerChunkStrategy (FilePerChunkStrategy.java:<init>(79)) - ozone.chunk.read.mapped.buffer.max.count is load with 0
2025-10-18 02:35:05,416 [main] INFO  impl.FilePerBlockStrategy (FilePerBlockStrategy.java:<init>(88)) - ozone.chunk.read.mapped.buffer.max.count is load with 0
2025-10-18 02:35:05,417 [main] INFO  server.RaftServerConfigKeys (ConfUtils.java:logGet(62)) - raft.server.log.appender.buffer.byte-limit = 33554432 (custom)
2025-10-18 02:35:05,417 [main] WARN  server.ServerUtils (ServerUtils.java:getDefaultRatisDirectory(304)) - Storage directory for Ratis is not configured. It is a good idea to map this to an SSD disk. Falling back to ozone.metadata.dirs
2025-10-18 02:35:05,418 [main] INFO  grpc.GrpcConfigKeys (ConfUtils.java:logFallback(69)) - raft.grpc.admin.host = null (fallback to raft.grpc.server.host)
2025-10-18 02:35:05,418 [main] INFO  grpc.GrpcConfigKeys (ConfUtils.java:logFallback(69)) - raft.grpc.client.host = null (fallback to raft.grpc.server.host)
2025-10-18 02:35:05,418 [main] INFO  server.GrpcServicesImpl (ConfUtils.java:logGet(62)) - raft.grpc.message.size.max = 34603008 (custom)
2025-10-18 02:35:05,419 [main] INFO  server.GrpcServicesImpl (ConfUtils.java:logGet(62)) - raft.grpc.flow.control.window = 5MB (=5242880) (custom)
2025-10-18 02:35:05,419 [main] INFO  server.RaftServerConfigKeys (ConfUtils.java:logGet(62)) - raft.server.log.appender.buffer.byte-limit = 33554432 (custom)
2025-10-18 02:35:05,420 [main] INFO  netty.NettyUtils (NettyUtils.java:newEventLoopGroup(74)) - Create EpollEventLoopGroup for 75761c81-dc55-468d-9c67-8cb46001150b-NettyServerStreamRpc-bossGroup; Thread size is 0.
2025-10-18 02:35:05,420 [main] INFO  netty.NettyUtils (NettyUtils.java:newEventLoopGroup(74)) - Create EpollEventLoopGroup for 75761c81-dc55-468d-9c67-8cb46001150b-NettyServerStreamRpc-workerGroup; Thread size is 0.
2025-10-18 02:35:05,421 [main] INFO  server.RaftServerConfigKeys (ConfUtils.java:logGet(62)) - raft.server.storage.dir = [/tmp/junit-3170817716104448558/ratis] (custom)
2025-10-18 02:35:05,422 [75761c81-dc55-468d-9c67-8cb46001150b-NettyServerStreamRpc-bossGroup--thread1] INFO  logging.LoggingHandler (AbstractInternalLogger.java:log(148)) - [id: 0x8815ae2a] REGISTERED
2025-10-18 02:35:05,422 [75761c81-dc55-468d-9c67-8cb46001150b-NettyServerStreamRpc-bossGroup--thread1] INFO  logging.LoggingHandler (AbstractInternalLogger.java:log(148)) - [id: 0x8815ae2a] BIND: 0.0.0.0/0.0.0.0:0
2025-10-18 02:35:05,422 [75761c81-dc55-468d-9c67-8cb46001150b-NettyServerStreamRpc-bossGroup--thread1] INFO  logging.LoggingHandler (AbstractInternalLogger.java:log(148)) - [id: 0x8815ae2a, L:/0.0.0.0:46415] ACTIVE
2025-10-18 02:35:05,422 [75761c81-dc55-468d-9c67-8cb46001150b-impl-thread1] INFO  server.RaftServer (RaftServerProxy.java:initGroupDir(270)) - 75761c81-dc55-468d-9c67-8cb46001150b: found a subdirectory /tmp/junit-3170817716104448558/ratis/tmp
2025-10-18 02:35:05,422 [75761c81-dc55-468d-9c67-8cb46001150b-impl-thread1] INFO  server.RaftServer (RaftServerProxy.java:initGroupDir(275)) - 75761c81-dc55-468d-9c67-8cb46001150b: The directory /tmp/junit-3170817716104448558/ratis/tmp is not a group directory; ignoring it. 
2025-10-18 02:35:05,422 [main] INFO  replication.ReplicationServer (ReplicationServer.java:<init>(84)) - Initializing replication server with thread count = 10 queue length = 4096
2025-10-18 02:35:05,423 [main] INFO  server.XceiverServerGrpc (XceiverServerGrpc.java:<init>(129)) - GrpcServer channel type EpollServerSocketChannel
2025-10-18 02:35:05,425 [main] INFO  replication.ReplicationSupervisor (ReplicationSupervisor.java:build(169)) - Initializing replication supervisor with thread count = 10
2025-10-18 02:35:05,425 [main] INFO  replication.ReplicationSupervisor (ReplicationSupervisor.java:nodeStateUpdated(358)) - Node state updated to IN_SERVICE, scaling executor pool size to 10
2025-10-18 02:35:05,428 [main] INFO  ozoneimpl.OzoneContainer (OzoneContainer.java:stop(568)) - Attempting to stop container services.
2025-10-18 02:35:05,428 [main] INFO  utils.BackgroundService (BackgroundService.java:shutdown(195)) - Shutting down service BlockDeletingService
2025-10-18 02:35:05,428 [main] INFO  utils.BackgroundService (BackgroundService.java:shutdown(195)) - Shutting down service StaleRecoveringContainerScrubbingService
2025-10-18 02:35:05,429 [main] INFO  upgrade.AbstractLayoutVersionManager (AbstractLayoutVersionManager.java:init(80)) - Initializing Layout version manager with metadata layout = ERASURE_CODED_STORAGE_SUPPORT (version = 3), software layout = WITNESSED_CONTAINER_DB_PROTO_VALUE (version = 9)
2025-10-18 02:35:05,430 [main] INFO  upgrade.HDDSLayoutVersionManager (HDDSLayoutVersionManager.java:lambda$registerUpgradeActions$0(81)) - Registering Upgrade Action : DatanodeSchemaV3FinalizeAction
2025-10-18 02:35:05,430 [main] INFO  upgrade.HDDSLayoutVersionManager (HDDSLayoutVersionManager.java:lambda$registerUpgradeActions$0(81)) - Registering Upgrade Action : ContainerTableSchemaFinalizeAction
2025-10-18 02:35:05,430 [main] INFO  statemachine.DatanodeStateMachine (DatanodeStateMachine.java:getEndPointTaskThreadPoolSize(321)) - Datanode State Machine Task Thread Pool size 2
2025-10-18 02:35:05,432 [main] INFO  volume.HddsVolume (HddsVolume.java:<init>(162)) - HddsVolume: { id=52aa1d84-c9ed-44c1-9404-7bd92a2ab7d8 dir=/home/runner/work/ozone/ozone/hadoop-hdds/container-service/file:/home/runner/work/ozone/ozone/hadoop-hdds/container-service/target/tmp/dfs/data type=DISK failed }
2025-10-18 02:35:05,432 [main] ERROR volume.MutableVolumeSet (MutableVolumeSet.java:initializeVolumeSet(194)) - Failed to parse the storage location: file:///home/runner/work/ozone/ozone/hadoop-hdds/container-service/target/tmp/dfs/data
org.apache.hadoop.ozone.common.InconsistentStorageStateException: Mismatched DatanodeUUIDs. Version File : /home/runner/work/ozone/ozone/hadoop-hdds/container-service/target/tmp/dfs/data/hdds/VERSION has datanodeUuid: c3d05b50-810d-4b78-be46-d77415fe1b4d and Datanode has datanodeUuid: 75761c81-dc55-468d-9c67-8cb46001150b
	at org.apache.hadoop.ozone.container.common.utils.StorageVolumeUtil.getDatanodeUUID(StorageVolumeUtil.java:122)
	at org.apache.hadoop.ozone.container.common.volume.StorageVolume.readVersionFile(StorageVolume.java:385)
	at org.apache.hadoop.ozone.container.common.volume.StorageVolume.initializeImpl(StorageVolume.java:240)
	at org.apache.hadoop.ozone.container.common.volume.StorageVolume.initialize(StorageVolume.java:215)
	at org.apache.hadoop.ozone.container.common.volume.HddsVolume.<init>(HddsVolume.java:151)
	at org.apache.hadoop.ozone.container.common.volume.HddsVolume.<init>(HddsVolume.java:80)
	at org.apache.hadoop.ozone.container.common.volume.HddsVolume$Builder.build(HddsVolume.java:130)
	at org.apache.hadoop.ozone.container.common.volume.HddsVolumeFactory.createVolume(HddsVolumeFactory.java:46)
	at org.apache.hadoop.ozone.container.common.volume.MutableVolumeSet.initializeVolumeSet(MutableVolumeSet.java:172)
	at org.apache.hadoop.ozone.container.common.volume.MutableVolumeSet.<init>(MutableVolumeSet.java:130)
	at org.apache.hadoop.ozone.container.common.volume.MutableVolumeSet.<init>(MutableVolumeSet.java:92)
	at org.apache.hadoop.ozone.container.ozoneimpl.OzoneContainer.<init>(OzoneContainer.java:170)
	at org.apache.hadoop.ozone.container.common.statemachine.DatanodeStateMachine.<init>(DatanodeStateMachine.java:191)
	at org.apache.hadoop.ozone.container.common.statemachine.DatanodeStateMachine.<init>(DatanodeStateMachine.java:305)
	at org.apache.hadoop.ozone.container.upgrade.UpgradeTestHelper.restartDatanode(UpgradeTestHelper.java:108)
	at org.apache.hadoop.ozone.container.upgrade.TestDatanodeUpgradeToSchemaV3.testDBCreatedInFinalize(TestDatanodeUpgradeToSchemaV3.java:224)
	at java.base/jdk.internal.reflect.DirectMethodHandleAccessor.invoke(DirectMethodHandleAccessor.java:103)
	at java.base/java.lang.reflect.Method.invoke(Method.java:580)
	at org.junit.platform.commons.util.ReflectionUtils.invokeMethod(ReflectionUtils.java:786)
	at org.junit.platform.commons.support.ReflectionSupport.invokeMethod(ReflectionSupport.java:514)
	at org.junit.jupiter.engine.execution.MethodInvocation.proceed(MethodInvocation.java:60)
	at org.junit.jupiter.engine.execution.InvocationInterceptorChain$ValidatingInvocation.proceed(InvocationInterceptorChain.java:131)
	at org.junit.jupiter.engine.extension.SameThreadTimeoutInvocation.proceed(SameThreadTimeoutInvocation.java:49)
	at org.junit.jupiter.engine.extension.TimeoutExtension.intercept(TimeoutExtension.java:161)
	at org.junit.jupiter.engine.extension.TimeoutExtension.interceptTestableMethod(TimeoutExtension.java:152)
	at org.junit.jupiter.engine.extension.TimeoutExtension.interceptTestTemplateMethod(TimeoutExtension.java:99)
	at org.junit.jupiter.engine.execution.InterceptingExecutableInvoker$ReflectiveInterceptorCall.lambda$ofVoidMethod$0(InterceptingExecutableInvoker.java:112)
	at org.junit.jupiter.engine.execution.InterceptingExecutableInvoker.lambda$invoke$0(InterceptingExecutableInvoker.java:94)
	at org.junit.jupiter.engine.execution.InvocationInterceptorChain$InterceptedInvocation.proceed(InvocationInterceptorChain.java:106)
	at org.junit.jupiter.engine.execution.InvocationInterceptorChain.proceed(InvocationInterceptorChain.java:64)
	at org.junit.jupiter.engine.execution.InvocationInterceptorChain.chainAndInvoke(InvocationInterceptorChain.java:45)
	at org.junit.jupiter.engine.execution.InvocationInterceptorChain.invoke(InvocationInterceptorChain.java:37)
	at org.junit.jupiter.engine.execution.InterceptingExecutableInvoker.invoke(InterceptingExecutableInvoker.java:93)
	at org.junit.jupiter.engine.execution.InterceptingExecutableInvoker.invoke(InterceptingExecutableInvoker.java:87)
	at org.junit.jupiter.engine.descriptor.TestMethodTestDescriptor.lambda$invokeTestMethod$4(TestMethodTestDescriptor.java:221)
	at org.junit.platform.engine.support.hierarchical.ThrowableCollector.execute(ThrowableCollector.java:73)
	at org.junit.jupiter.engine.descriptor.TestMethodTestDescriptor.invokeTestMethod(TestMethodTestDescriptor.java:217)
	at org.junit.jupiter.engine.descriptor.TestMethodTestDescriptor.execute(TestMethodTestDescriptor.java:159)
	at org.junit.jupiter.engine.descriptor.TestMethodTestDescriptor.execute(TestMethodTestDescriptor.java:70)
	at org.junit.platform.engine.support.hierarchical.NodeTestTask.lambda$executeRecursively$6(NodeTestTask.java:157)
	at org.junit.platform.engine.support.hierarchical.ThrowableCollector.execute(ThrowableCollector.java:73)
	at org.junit.platform.engine.support.hierarchical.NodeTestTask.lambda$executeRecursively$8(NodeTestTask.java:147)
	at org.junit.platform.engine.support.hierarchical.Node.around(Node.java:137)
	at org.junit.platform.engine.support.hierarchical.NodeTestTask.lambda$executeRecursively$9(NodeTestTask.java:145)
	at org.junit.platform.engine.support.hierarchical.ThrowableCollector.execute(ThrowableCollector.java:73)
	at org.junit.platform.engine.support.hierarchical.NodeTestTask.executeRecursively(NodeTestTask.java:144)
	at org.junit.platform.engine.support.hierarchical.NodeTestTask.execute(NodeTestTask.java:101)
	at org.junit.platform.engine.support.hierarchical.SameThreadHierarchicalTestExecutorService.submit(SameThreadHierarchicalTestExecutorService.java:35)
	at org.junit.platform.engine.support.hierarchical.NodeTestTask$DefaultDynamicTestExecutor.execute(NodeTestTask.java:232)
	at org.junit.platform.engine.support.hierarchical.NodeTestTask$DefaultDynamicTestExecutor.execute(NodeTestTask.java:210)
	at org.junit.jupiter.engine.descriptor.TemplateExecutor.execute(TemplateExecutor.java:98)
	at org.junit.jupiter.engine.descriptor.TemplateExecutor.lambda$executeForProvider$0(TemplateExecutor.java:61)
	at java.base/java.util.Optional.ifPresent(Optional.java:178)
	at org.junit.jupiter.engine.descriptor.TemplateExecutor.lambda$executeForProvider$1(TemplateExecutor.java:61)
	at java.base/java.util.stream.ForEachOps$ForEachOp$OfRef.accept(ForEachOps.java:184)
	at java.base/java.util.stream.ReferencePipeline$3$1.accept(ReferencePipeline.java:197)
	at java.base/java.util.stream.ForEachOps$ForEachOp$OfRef.accept(ForEachOps.java:184)
	at java.base/java.util.stream.ForEachOps$ForEachOp$OfRef.accept(ForEachOps.java:184)
	at java.base/java.util.stream.ReferencePipeline$3$1.accept(ReferencePipeline.java:197)
	at java.base/java.util.Spliterators$ArraySpliterator.forEachRemaining(Spliterators.java:1024)
	at java.base/java.util.stream.AbstractPipeline.copyInto(AbstractPipeline.java:509)
	at java.base/java.util.stream.AbstractPipeline.wrapAndCopyInto(AbstractPipeline.java:499)
	at java.base/java.util.stream.ForEachOps$ForEachOp.evaluateSequential(ForEachOps.java:151)
	at java.base/java.util.stream.ForEachOps$ForEachOp$OfRef.evaluateSequential(ForEachOps.java:174)
	at java.base/java.util.stream.AbstractPipeline.evaluate(AbstractPipeline.java:234)
	at java.base/java.util.stream.ReferencePipeline.forEach(ReferencePipeline.java:596)
	at java.base/java.util.stream.ReferencePipeline$7$1.accept(ReferencePipeline.java:276)
	at java.base/java.util.ArrayList$ArrayListSpliterator.forEachRemaining(ArrayList.java:1708)
	at java.base/java.util.stream.AbstractPipeline.copyInto(AbstractPipeline.java:509)
	at java.base/java.util.stream.AbstractPipeline.wrapAndCopyInto(AbstractPipeline.java:499)
	at java.base/java.util.stream.ForEachOps$ForEachOp.evaluateSequential(ForEachOps.java:151)
	at java.base/java.util.stream.ForEachOps$ForEachOp$OfRef.evaluateSequential(ForEachOps.java:174)
	at java.base/java.util.stream.AbstractPipeline.evaluate(AbstractPipeline.java:234)
	at java.base/java.util.stream.ReferencePipeline.forEach(ReferencePipeline.java:596)
	at java.base/java.util.stream.ReferencePipeline$7$1.accept(ReferencePipeline.java:276)
	at java.base/java.util.stream.ReferencePipeline$3$1.accept(ReferencePipeline.java:197)
	at java.base/java.util.stream.ReferencePipeline$3$1.accept(ReferencePipeline.java:197)
	at java.base/java.util.stream.ReferencePipeline$3$1.accept(ReferencePipeline.java:197)
	at java.base/java.util.ArrayList$ArrayListSpliterator.forEachRemaining(ArrayList.java:1708)
	at java.base/java.util.stream.AbstractPipeline.copyInto(AbstractPipeline.java:509)
	at java.base/java.util.stream.AbstractPipeline.wrapAndCopyInto(AbstractPipeline.java:499)
	at java.base/java.util.stream.ForEachOps$ForEachOp.evaluateSequential(ForEachOps.java:151)
	at java.base/java.util.stream.ForEachOps$ForEachOp$OfRef.evaluateSequential(ForEachOps.java:174)
	at java.base/java.util.stream.AbstractPipeline.evaluate(AbstractPipeline.java:234)
	at java.base/java.util.stream.ReferencePipeline.forEach(ReferencePipeline.java:596)
	at org.junit.jupiter.engine.descriptor.TemplateExecutor.executeForProvider(TemplateExecutor.java:59)
	at org.junit.jupiter.engine.descriptor.TemplateExecutor.execute(TemplateExecutor.java:48)
	at org.junit.jupiter.engine.descriptor.TestTemplateTestDescriptor.execute(TestTemplateTestDescriptor.java:112)
	at org.junit.jupiter.engine.descriptor.TestTemplateTestDescriptor.execute(TestTemplateTestDescriptor.java:40)
	at org.junit.platform.engine.support.hierarchical.NodeTestTask.lambda$executeRecursively$6(NodeTestTask.java:157)
	at org.junit.platform.engine.support.hierarchical.ThrowableCollector.execute(ThrowableCollector.java:73)
	at org.junit.platform.engine.support.hierarchical.NodeTestTask.lambda$executeRecursively$8(NodeTestTask.java:147)
	at org.junit.platform.engine.support.hierarchical.Node.around(Node.java:137)
	at org.junit.platform.engine.support.hierarchical.NodeTestTask.lambda$executeRecursively$9(NodeTestTask.java:145)
	at org.junit.platform.engine.support.hierarchical.ThrowableCollector.execute(ThrowableCollector.java:73)
	at org.junit.platform.engine.support.hierarchical.NodeTestTask.executeRecursively(NodeTestTask.java:144)
	at org.junit.platform.engine.support.hierarchical.NodeTestTask.execute(NodeTestTask.java:101)
	at java.base/java.util.ArrayList.forEach(ArrayList.java:1596)
	at org.junit.platform.engine.support.hierarchical.SameThreadHierarchicalTestExecutorService.invokeAll(SameThreadHierarchicalTestExecutorService.java:41)
	at org.junit.platform.engine.support.hierarchical.NodeTestTask.lambda$executeRecursively$6(NodeTestTask.java:161)
	at org.junit.platform.engine.support.hierarchical.ThrowableCollector.execute(ThrowableCollector.java:73)
	at org.junit.platform.engine.support.hierarchical.NodeTestTask.lambda$executeRecursively$8(NodeTestTask.java:147)
	at org.junit.platform.engine.support.hierarchical.Node.around(Node.java:137)
	at org.junit.platform.engine.support.hierarchical.NodeTestTask.lambda$executeRecursively$9(NodeTestTask.java:145)
	at org.junit.platform.engine.support.hierarchical.ThrowableCollector.execute(ThrowableCollector.java:73)
	at org.junit.platform.engine.support.hierarchical.NodeTestTask.executeRecursively(NodeTestTask.java:144)
	at org.junit.platform.engine.support.hierarchical.NodeTestTask.execute(NodeTestTask.java:101)
	at java.base/java.util.ArrayList.forEach(ArrayList.java:1596)
	at org.junit.platform.engine.support.hierarchical.SameThreadHierarchicalTestExecutorService.invokeAll(SameThreadHierarchicalTestExecutorService.java:41)
	at org.junit.platform.engine.support.hierarchical.NodeTestTask.lambda$executeRecursively$6(NodeTestTask.java:161)
	at org.junit.platform.engine.support.hierarchical.ThrowableCollector.execute(ThrowableCollector.java:73)
	at org.junit.platform.engine.support.hierarchical.NodeTestTask.lambda$executeRecursively$8(NodeTestTask.java:147)
	at org.junit.platform.engine.support.hierarchical.Node.around(Node.java:137)
	at org.junit.platform.engine.support.hierarchical.NodeTestTask.lambda$executeRecursively$9(NodeTestTask.java:145)
	at org.junit.platform.engine.support.hierarchical.ThrowableCollector.execute(ThrowableCollector.java:73)
	at org.junit.platform.engine.support.hierarchical.NodeTestTask.executeRecursively(NodeTestTask.java:144)
	at org.junit.platform.engine.support.hierarchical.NodeTestTask.execute(NodeTestTask.java:101)
	at org.junit.platform.engine.support.hierarchical.SameThreadHierarchicalTestExecutorService.submit(SameThreadHierarchicalTestExecutorService.java:35)
	at org.junit.platform.engine.support.hierarchical.HierarchicalTestExecutor.execute(HierarchicalTestExecutor.java:57)
	at org.junit.platform.engine.support.hierarchical.HierarchicalTestEngine.execute(HierarchicalTestEngine.java:54)
	at org.junit.platform.launcher.core.EngineExecutionOrchestrator.executeEngine(EngineExecutionOrchestrator.java:230)
	at org.junit.platform.launcher.core.EngineExecutionOrchestrator.failOrExecuteEngine(EngineExecutionOrchestrator.java:204)
	at org.junit.platform.launcher.core.EngineExecutionOrchestrator.execute(EngineExecutionOrchestrator.java:172)
	at org.junit.platform.launcher.core.EngineExecutionOrchestrator.execute(EngineExecutionOrchestrator.java:101)
	at org.junit.platform.launcher.core.EngineExecutionOrchestrator.lambda$execute$0(EngineExecutionOrchestrator.java:64)
	at org.junit.platform.launcher.core.EngineExecutionOrchestrator.withInterceptedStreams(EngineExecutionOrchestrator.java:150)
	at org.junit.platform.launcher.core.EngineExecutionOrchestrator.execute(EngineExecutionOrchestrator.java:63)
	at org.junit.platform.launcher.core.DefaultLauncher.execute(DefaultLauncher.java:109)
	at org.junit.platform.launcher.core.DefaultLauncher.execute(DefaultLauncher.java:91)
	at org.junit.platform.launcher.core.DelegatingLauncher.execute(DelegatingLauncher.java:47)
	at org.junit.platform.launcher.core.InterceptingLauncher.lambda$execute$1(InterceptingLauncher.java:39)
	at org.junit.platform.launcher.core.ClasspathAlignmentCheckingLauncherInterceptor.intercept(ClasspathAlignmentCheckingLauncherInterceptor.java:25)
	at org.junit.platform.launcher.core.InterceptingLauncher.execute(InterceptingLauncher.java:38)
	at org.junit.platform.launcher.core.DelegatingLauncher.execute(DelegatingLauncher.java:47)
	at org.apache.maven.surefire.junitplatform.LazyLauncher.execute(LazyLauncher.java:56)
	at org.apache.maven.surefire.junitplatform.JUnitPlatformProvider.execute(JUnitPlatformProvider.java:184)
	at org.apache.maven.surefire.junitplatform.JUnitPlatformProvider.invokeAllTests(JUnitPlatformProvider.java:148)
	at org.apache.maven.surefire.junitplatform.JUnitPlatformProvider.invoke(JUnitPlatformProvider.java:120)
	at org.apache.maven.surefire.booter.ForkedBooter.runSuitesInProcess(ForkedBooter.java:385)
	at org.apache.maven.surefire.booter.ForkedBooter.execute(ForkedBooter.java:162)
	at org.apache.maven.surefire.booter.ForkedBooter.run(ForkedBooter.java:507)
	at org.apache.maven.surefire.booter.ForkedBooter.main(ForkedBooter.java:495)
2025-10-18 02:35:05,434 [main] INFO  volume.HddsVolume (HddsVolume.java:<init>(162)) - HddsVolume: { id=DS-54694515-a120-446d-830c-3a251455bb86 dir=/tmp/junit-3170817716104448558/192c361f-f004-49bd-8eb3-1a61d0509865/hdds type=DISK capacity=9222449699674390527 used=0 available=9222449699674390527 minFree=184448985434423296 committed=0 }
2025-10-18 02:35:05,434 [main] INFO  volume.MutableVolumeSet (MutableVolumeSet.java:initializeVolumeSet(175)) - Added Volume : /tmp/junit-3170817716104448558/192c361f-f004-49bd-8eb3-1a61d0509865/hdds to VolumeSet
2025-10-18 02:35:05,434 [main] WARN  server.ServerUtils (ServerUtils.java:getDefaultRatisDirectory(304)) - Storage directory for Ratis is not configured. It is a good idea to map this to an SSD disk. Falling back to ozone.metadata.dirs
2025-10-18 02:35:05,435 [main] INFO  volume.MutableVolumeSet (MutableVolumeSet.java:initializeVolumeSet(175)) - Added Volume : /tmp/junit-3170817716104448558/ratis to VolumeSet
2025-10-18 02:35:05,435 [main] WARN  db.DBStoreBuilder (DBStoreBuilder.java:getDBDirPath(157)) - ozone.scm.datanode.id.dir is not configured. We recommend adding this setting. Falling back to ozone.metadata.dirs instead.
2025-10-18 02:35:05,436 [main] WARN  db.DBStoreBuilder (DBStoreBuilder.java:getDBDirPath(157)) - ozone.scm.datanode.id.dir is not configured. We recommend adding this setting. Falling back to ozone.metadata.dirs instead.
2025-10-18 02:35:05,445 [main] INFO  impl.FilePerChunkStrategy (FilePerChunkStrategy.java:<init>(79)) - ozone.chunk.read.mapped.buffer.max.count is load with 0
2025-10-18 02:35:05,445 [main] INFO  impl.FilePerBlockStrategy (FilePerBlockStrategy.java:<init>(88)) - ozone.chunk.read.mapped.buffer.max.count is load with 0
2025-10-18 02:35:05,446 [main] INFO  server.RaftServerConfigKeys (ConfUtils.java:logGet(62)) - raft.server.log.appender.buffer.byte-limit = 33554432 (custom)
2025-10-18 02:35:05,446 [main] WARN  server.ServerUtils (ServerUtils.java:getDefaultRatisDirectory(304)) - Storage directory for Ratis is not configured. It is a good idea to map this to an SSD disk. Falling back to ozone.metadata.dirs
2025-10-18 02:35:05,447 [main] INFO  grpc.GrpcConfigKeys (ConfUtils.java:logFallback(69)) - raft.grpc.admin.host = null (fallback to raft.grpc.server.host)
2025-10-18 02:35:05,447 [main] INFO  grpc.GrpcConfigKeys (ConfUtils.java:logFallback(69)) - raft.grpc.client.host = null (fallback to raft.grpc.server.host)
2025-10-18 02:35:05,447 [main] INFO  server.GrpcServicesImpl (ConfUtils.java:logGet(62)) - raft.grpc.message.size.max = 34603008 (custom)
2025-10-18 02:35:05,448 [main] INFO  server.GrpcServicesImpl (ConfUtils.java:logGet(62)) - raft.grpc.flow.control.window = 5MB (=5242880) (custom)
2025-10-18 02:35:05,448 [main] INFO  server.RaftServerConfigKeys (ConfUtils.java:logGet(62)) - raft.server.log.appender.buffer.byte-limit = 33554432 (custom)
2025-10-18 02:35:05,449 [main] INFO  netty.NettyUtils (NettyUtils.java:newEventLoopGroup(74)) - Create EpollEventLoopGroup for 75761c81-dc55-468d-9c67-8cb46001150b-NettyServerStreamRpc-bossGroup; Thread size is 0.
2025-10-18 02:35:05,449 [main] INFO  netty.NettyUtils (NettyUtils.java:newEventLoopGroup(74)) - Create EpollEventLoopGroup for 75761c81-dc55-468d-9c67-8cb46001150b-NettyServerStreamRpc-workerGroup; Thread size is 0.
2025-10-18 02:35:05,450 [75761c81-dc55-468d-9c67-8cb46001150b-NettyServerStreamRpc-bossGroup--thread1] INFO  logging.LoggingHandler (AbstractInternalLogger.java:log(148)) - [id: 0x5f23ffe4] REGISTERED
2025-10-18 02:35:05,450 [75761c81-dc55-468d-9c67-8cb46001150b-NettyServerStreamRpc-bossGroup--thread1] INFO  logging.LoggingHandler (AbstractInternalLogger.java:log(148)) - [id: 0x5f23ffe4] BIND: 0.0.0.0/0.0.0.0:0
2025-10-18 02:35:05,450 [75761c81-dc55-468d-9c67-8cb46001150b-impl-thread1] INFO  server.RaftServer (RaftServerProxy.java:initGroupDir(270)) - 75761c81-dc55-468d-9c67-8cb46001150b: found a subdirectory /tmp/junit-3170817716104448558/ratis/tmp
2025-10-18 02:35:05,450 [75761c81-dc55-468d-9c67-8cb46001150b-impl-thread1] INFO  server.RaftServer (RaftServerProxy.java:initGroupDir(275)) - 75761c81-dc55-468d-9c67-8cb46001150b: The directory /tmp/junit-3170817716104448558/ratis/tmp is not a group directory; ignoring it. 
2025-10-18 02:35:05,450 [75761c81-dc55-468d-9c67-8cb46001150b-NettyServerStreamRpc-bossGroup--thread1] INFO  logging.LoggingHandler (AbstractInternalLogger.java:log(148)) - [id: 0x5f23ffe4, L:/0.0.0.0:33877] ACTIVE
2025-10-18 02:35:05,451 [main] INFO  replication.ReplicationServer (ReplicationServer.java:<init>(84)) - Initializing replication server with thread count = 10 queue length = 4096
2025-10-18 02:35:05,452 [main] INFO  server.XceiverServerGrpc (XceiverServerGrpc.java:<init>(129)) - GrpcServer channel type EpollServerSocketChannel
2025-10-18 02:35:05,453 [main] INFO  replication.ReplicationSupervisor (ReplicationSupervisor.java:build(169)) - Initializing replication supervisor with thread count = 10
2025-10-18 02:35:05,453 [main] INFO  replication.ReplicationSupervisor (ReplicationSupervisor.java:nodeStateUpdated(358)) - Node state updated to IN_SERVICE, scaling executor pool size to 10
2025-10-18 02:35:05,460 [75761c81-dc55-468d-9c67-8cb46001150b-ContainerReader-0] INFO  ozoneimpl.ContainerReader (ContainerReader.java:readVolume(147)) - Start to verify containers on volume /tmp/junit-3170817716104448558/192c361f-f004-49bd-8eb3-1a61d0509865/hdds
2025-10-18 02:35:05,460 [75761c81-dc55-468d-9c67-8cb46001150b-ContainerReader-0] INFO  ozoneimpl.ContainerReader (ContainerReader.java:readVolume(177)) - Finish verifying containers on volume /tmp/junit-3170817716104448558/192c361f-f004-49bd-8eb3-1a61d0509865/hdds
2025-10-18 02:35:05,460 [main] INFO  ozoneimpl.OzoneContainer (OzoneContainer.java:buildContainerSet(359)) - Build ContainerSet costs 0s
2025-10-18 02:35:05,460 [main] INFO  volume.ThrottledAsyncChecker (ThrottledAsyncChecker.java:schedule(138)) - Scheduling a check for /tmp/junit-3170817716104448558/192c361f-f004-49bd-8eb3-1a61d0509865/hdds
2025-10-18 02:35:05,461 [main] INFO  volume.StorageVolumeChecker (StorageVolumeChecker.java:checkAllVolumes(231)) - Scheduled health check for volume /tmp/junit-3170817716104448558/192c361f-f004-49bd-8eb3-1a61d0509865/hdds
2025-10-18 02:35:05,462 [main] INFO  volume.ThrottledAsyncChecker (ThrottledAsyncChecker.java:schedule(138)) - Scheduling a check for /tmp/junit-3170817716104448558/ratis
2025-10-18 02:35:05,462 [main] INFO  volume.StorageVolumeChecker (StorageVolumeChecker.java:checkAllVolumes(231)) - Scheduled health check for volume /tmp/junit-3170817716104448558/ratis
2025-10-18 02:35:05,462 [main] INFO  ozoneimpl.OzoneContainer (OzoneContainer.java:start(544)) - Attempting to start container services.
2025-10-18 02:35:05,463 [ContainerMetadataScanner] INFO  ozoneimpl.AbstractBackgroundContainerScanner (AbstractBackgroundContainerScanner.java:runIteration(89)) - Completed an iteration in 0 minutes. Number of iterations (since the data-node restart) : 1, Number of containers scanned in this iteration : 0, Number of unhealthy containers found in this iteration : 0
2025-10-18 02:35:05,463 [ContainerDataScanner(/tmp/junit-3170817716104448558/192c361f-f004-49bd-8eb3-1a61d0509865/hdds)] INFO  ozoneimpl.AbstractBackgroundContainerScanner (AbstractBackgroundContainerScanner.java:runIteration(89)) - Completed an iteration in 0 minutes. Number of iterations (since the data-node restart) : 1, Number of containers scanned in this iteration : 0, Number of unhealthy containers found in this iteration : 0
2025-10-18 02:35:05,464 [main] INFO  replication.ReplicationServer (ReplicationServer.java:start(137)) - ReplicationServer is started using port 9886
2025-10-18 02:35:05,464 [main] INFO  ratis.XceiverServerRatis (XceiverServerRatis.java:start(559)) - Starting XceiverServerRatis(75761c81-dc55-468d-9c67-8cb46001150b)
2025-10-18 02:35:05,468 [main] INFO  server.RaftServer (RaftServerProxy.java:startImpl(412)) - 75761c81-dc55-468d-9c67-8cb46001150b: start RPC server
2025-10-18 02:35:05,468 [main] INFO  server.GrpcServicesImpl (GrpcServicesImpl.java:startImpl(346)) - 75761c81-dc55-468d-9c67-8cb46001150b: GrpcServicesImpl started, listening on 9858
2025-10-18 02:35:05,468 [main] INFO  ratis.XceiverServerRatis (XceiverServerRatis.java:getRealPort(586)) - XceiverServerRatis(75761c81-dc55-468d-9c67-8cb46001150b) is started using port RATIS=9858
2025-10-18 02:35:05,469 [main] INFO  ratis.XceiverServerRatis (XceiverServerRatis.java:getRealPort(586)) - XceiverServerRatis(75761c81-dc55-468d-9c67-8cb46001150b) is started using port RATIS_ADMIN=9858
2025-10-18 02:35:05,469 [main] INFO  ratis.XceiverServerRatis (XceiverServerRatis.java:getRealPort(586)) - XceiverServerRatis(75761c81-dc55-468d-9c67-8cb46001150b) is started using port RATIS_SERVER=9858
2025-10-18 02:35:05,469 [main] INFO  ratis.XceiverServerRatis (XceiverServerRatis.java:getRealPort(586)) - XceiverServerRatis(75761c81-dc55-468d-9c67-8cb46001150b) is started using port RATIS_DATASTREAM=33877
2025-10-18 02:35:05,468 [JvmPauseMonitor8] INFO  util.JvmPauseMonitor (JvmPauseMonitor.java:run(146)) - JvmPauseMonitor-75761c81-dc55-468d-9c67-8cb46001150b: Started
2025-10-18 02:35:05,470 [main] INFO  utils.BackgroundService (BackgroundService.java:start(119)) - Starting service BlockDeletingService with interval 60000 milliseconds
2025-10-18 02:35:05,471 [main] INFO  utils.BackgroundService (BackgroundService.java:start(119)) - Starting service StaleRecoveringContainerScrubbingService with interval 60000 milliseconds
2025-10-18 02:35:05,471 [main] INFO  upgrade.UpgradeFinalizer (BasicUpgradeFinalizer.java:logAndEmit(395)) - Finalization started.
2025-10-18 02:35:05,472 [main] INFO  upgrade.UpgradeFinalizer (BasicUpgradeFinalizer.java:runFinalizationAction(270)) - Running finalization actions for layout feature: DATANODE_SCHEMA_V3
2025-10-18 02:35:05,472 [main] INFO  upgrade.DatanodeSchemaV3FinalizeAction (DatanodeSchemaV3FinalizeAction.java:execute(49)) - Upgrading Datanode volume layout for Schema V3 support.
2025-10-18 02:35:05,495 [main] INFO  utils.DatanodeStoreCache (DatanodeStoreCache.java:addDB(70)) - Added db /tmp/junit-3170817716104448558/192c361f-f004-49bd-8eb3-1a61d0509865/hdds/clusterID/DS-54694515-a120-446d-830c-3a251455bb86/container.db to cache
2025-10-18 02:35:05,495 [main] INFO  volume.HddsVolume (HddsVolume.java:createDbStore(576)) - SchemaV3 db is created and loaded at /tmp/junit-3170817716104448558/192c361f-f004-49bd-8eb3-1a61d0509865/hdds/clusterID/DS-54694515-a120-446d-830c-3a251455bb86/container.db for volume DS-54694515-a120-446d-830c-3a251455bb86
2025-10-18 02:35:05,496 [main] INFO  utils.DatanodeStoreCache (DatanodeStoreCache.java:removeDB(104)) - Removed db /tmp/junit-3170817716104448558/192c361f-f004-49bd-8eb3-1a61d0509865/hdds/clusterID/DS-54694515-a120-446d-830c-3a251455bb86/container.db from cache
2025-10-18 02:35:05,496 [main] INFO  volume.HddsVolume (HddsVolume.java:closeDbStore(609)) - SchemaV3 db is stopped at /tmp/junit-3170817716104448558/192c361f-f004-49bd-8eb3-1a61d0509865/hdds/clusterID/DS-54694515-a120-446d-830c-3a251455bb86/container.db for volume DS-54694515-a120-446d-830c-3a251455bb86
2025-10-18 02:35:05,496 [main] INFO  upgrade.DatanodeSchemaV3FinalizeAction (DatanodeSchemaV3FinalizeAction.java:execute(75)) - Schema V3 is disabled. Won't load RocksDB in upgrade.
2025-10-18 02:35:05,497 [main] INFO  upgrade.AbstractLayoutVersionManager (AbstractLayoutVersionManager.java:finalized(124)) - Layout feature DATANODE_SCHEMA_V3 has been finalized.
2025-10-18 02:35:05,497 [main] INFO  upgrade.UpgradeFinalizer (BasicUpgradeFinalizer.java:logAndEmit(395)) - No onFinalize work defined for feature: RATIS_DATASTREAM_PORT_IN_DATANODEDETAILS.
2025-10-18 02:35:05,498 [main] INFO  upgrade.AbstractLayoutVersionManager (AbstractLayoutVersionManager.java:finalized(124)) - Layout feature RATIS_DATASTREAM_PORT_IN_DATANODEDETAILS has been finalized.
2025-10-18 02:35:05,499 [main] INFO  upgrade.UpgradeFinalizer (BasicUpgradeFinalizer.java:logAndEmit(395)) - No onFinalize work defined for feature: WEBUI_PORTS_IN_DATANODEDETAILS.
2025-10-18 02:35:05,500 [main] INFO  upgrade.AbstractLayoutVersionManager (AbstractLayoutVersionManager.java:finalized(124)) - Layout feature WEBUI_PORTS_IN_DATANODEDETAILS has been finalized.
2025-10-18 02:35:05,500 [main] INFO  upgrade.UpgradeFinalizer (BasicUpgradeFinalizer.java:logAndEmit(395)) - No onFinalize work defined for feature: HADOOP_PRC_PORTS_IN_DATANODEDETAILS.
2025-10-18 02:35:05,501 [main] INFO  upgrade.AbstractLayoutVersionManager (AbstractLayoutVersionManager.java:finalized(124)) - Layout feature HADOOP_PRC_PORTS_IN_DATANODEDETAILS has been finalized.
2025-10-18 02:35:05,501 [main] INFO  upgrade.UpgradeFinalizer (BasicUpgradeFinalizer.java:logAndEmit(395)) - No onFinalize work defined for feature: HBASE_SUPPORT.
2025-10-18 02:35:05,502 [main] INFO  upgrade.AbstractLayoutVersionManager (AbstractLayoutVersionManager.java:finalized(124)) - Layout feature HBASE_SUPPORT has been finalized.
2025-10-18 02:35:05,502 [main] INFO  upgrade.UpgradeFinalizer (BasicUpgradeFinalizer.java:runFinalizationAction(270)) - Running finalization actions for layout feature: WITNESSED_CONTAINER_DB_PROTO_VALUE
2025-10-18 02:35:05,502 [main] INFO  upgrade.ContainerTableSchemaFinalizeAction (ContainerTableSchemaFinalizeAction.java:execute(71)) - Finished copy to containerIdsTable from previous table
2025-10-18 02:35:05,503 [main] INFO  upgrade.AbstractLayoutVersionManager (AbstractLayoutVersionManager.java:finalized(124)) - Layout feature WITNESSED_CONTAINER_DB_PROTO_VALUE has been finalized.
2025-10-18 02:35:05,503 [main] INFO  upgrade.AbstractLayoutVersionManager (AbstractLayoutVersionManager.java:finalized(126)) - Finalization is complete.
2025-10-18 02:35:05,503 [main] INFO  upgrade.UpgradeFinalizer (BasicUpgradeFinalizer.java:logAndEmit(395)) - Finalization is done.
2025-10-18 02:35:05,505 [main] INFO  ipc.Server (Server.java:stop(3697)) - Stopping server on 35445
2025-10-18 02:35:05,505 [IPC Server listener on 35445] INFO  ipc.Server (Server.java:run(1585)) - Stopping IPC Server listener on 35445
2025-10-18 02:35:05,505 [IPC Server Responder] INFO  ipc.Server (Server.java:run(1718)) - Stopping IPC Server Responder
2025-10-18 02:35:05,506 [main] INFO  ozoneimpl.OzoneContainer (OzoneContainer.java:stop(568)) - Attempting to stop container services.
2025-10-18 02:35:05,506 [ContainerMetadataScanner] WARN  ozoneimpl.AbstractBackgroundContainerScanner (AbstractBackgroundContainerScanner.java:handleRemainingSleep(136)) - Background container scan was interrupted.
2025-10-18 02:35:05,506 [ContainerMetadataScanner] INFO  ozoneimpl.AbstractBackgroundContainerScanner (AbstractBackgroundContainerScanner.java:run(63)) - org.apache.hadoop.ozone.container.ozoneimpl.BackgroundContainerMetadataScanner@6e314b7 exiting.
2025-10-18 02:35:05,507 [main] INFO  ozoneimpl.BackgroundContainerDataScanner (BackgroundContainerDataScanner.java:shutdown(87)) - ContainerDataScanner(/tmp/junit-3170817716104448558/192c361f-f004-49bd-8eb3-1a61d0509865/hdds) is shutting down. 
2025-10-18 02:35:05,507 [ContainerDataScanner(/tmp/junit-3170817716104448558/192c361f-f004-49bd-8eb3-1a61d0509865/hdds)] WARN  ozoneimpl.AbstractBackgroundContainerScanner (AbstractBackgroundContainerScanner.java:handleRemainingSleep(136)) - Background container scan was interrupted.
2025-10-18 02:35:05,507 [ContainerDataScanner(/tmp/junit-3170817716104448558/192c361f-f004-49bd-8eb3-1a61d0509865/hdds)] INFO  ozoneimpl.AbstractBackgroundContainerScanner (AbstractBackgroundContainerScanner.java:run(63)) - ContainerDataScanner(/tmp/junit-3170817716104448558/192c361f-f004-49bd-8eb3-1a61d0509865/hdds, DS-54694515-a120-446d-830c-3a251455bb86) exiting.
2025-10-18 02:35:05,507 [main] INFO  ozoneimpl.OnDemandContainerScanner (OnDemandContainerScanner.java:shutdown(141)) - On-demand container scanner is shutting down.
2025-10-18 02:35:05,507 [main] INFO  ratis.XceiverServerRatis (XceiverServerRatis.java:stop(594)) - Closing XceiverServerRatis(75761c81-dc55-468d-9c67-8cb46001150b)
2025-10-18 02:35:05,508 [main] INFO  server.RaftServer (RaftServerProxy.java:lambda$close$9(422)) - 75761c81-dc55-468d-9c67-8cb46001150b: close
2025-10-18 02:35:05,508 [main] INFO  server.GrpcServicesImpl (GrpcServicesImpl.java:closeImpl(355)) - 75761c81-dc55-468d-9c67-8cb46001150b: shutdown server GrpcServerProtocolService now
2025-10-18 02:35:05,508 [main] INFO  server.GrpcServicesImpl (GrpcServicesImpl.java:closeImpl(364)) - 75761c81-dc55-468d-9c67-8cb46001150b: shutdown server GrpcServerProtocolService successfully
2025-10-18 02:35:05,509 [75761c81-dc55-468d-9c67-8cb46001150b-NettyServerStreamRpc-bossGroup--thread1] INFO  logging.LoggingHandler (AbstractInternalLogger.java:log(148)) - [id: 0x5f23ffe4, L:/0.0.0.0:33877] CLOSE
2025-10-18 02:35:05,509 [75761c81-dc55-468d-9c67-8cb46001150b-NettyServerStreamRpc-bossGroup--thread1] INFO  logging.LoggingHandler (AbstractInternalLogger.java:log(148)) - [id: 0x5f23ffe4, L:/0.0.0.0:33877] INACTIVE
2025-10-18 02:35:05,509 [75761c81-dc55-468d-9c67-8cb46001150b-NettyServerStreamRpc-bossGroup--thread1] INFO  logging.LoggingHandler (AbstractInternalLogger.java:log(148)) - [id: 0x5f23ffe4, L:/0.0.0.0:33877] UNREGISTERED
2025-10-18 02:35:05,513 [JvmPauseMonitor8] INFO  util.JvmPauseMonitor (JvmPauseMonitor.java:run(152)) - JvmPauseMonitor-75761c81-dc55-468d-9c67-8cb46001150b: Stopped
2025-10-18 02:35:07,517 [main] INFO  utils.BackgroundService (BackgroundService.java:shutdown(195)) - Shutting down service BlockDeletingService
2025-10-18 02:35:07,517 [main] INFO  utils.BackgroundService (BackgroundService.java:shutdown(195)) - Shutting down service StaleRecoveringContainerScrubbingService
]]></system-out>
  </testcase>
  <testcase name="testDBCreatedInFinalize(boolean)[2]" classname="org.apache.hadoop.ozone.container.upgrade.TestDatanodeUpgradeToSchemaV3" time="2.185">
    <system-out><![CDATA[2025-10-18 02:35:07,541 [main] INFO  ipc.CallQueueManager (CallQueueManager.java:<init>(93)) - Using callQueue: class java.util.concurrent.LinkedBlockingQueue, queueCapacity: 1000, scheduler: class org.apache.hadoop.ipc.DefaultRpcScheduler, ipcBackoff: false, ipcFailOver: false.
2025-10-18 02:35:07,541 [main] INFO  ipc.Server (Server.java:<init>(1438)) - Listener at localhost:45481
2025-10-18 02:35:07,542 [Socket Reader #1 for port 45481] INFO  ipc.Server (Server.java:run(1474)) - Starting Socket Reader #1 for port 45481
2025-10-18 02:35:07,543 [IPC Server Responder] INFO  ipc.Server (Server.java:run(1713)) - IPC Server Responder: starting
2025-10-18 02:35:07,543 [IPC Server listener on 45481] INFO  ipc.Server (Server.java:run(1553)) - IPC Server listener on 45481: starting
2025-10-18 02:35:07,546 [main] INFO  upgrade.AbstractLayoutVersionManager (AbstractLayoutVersionManager.java:init(80)) - Initializing Layout version manager with metadata layout = ERASURE_CODED_STORAGE_SUPPORT (version = 3), software layout = WITNESSED_CONTAINER_DB_PROTO_VALUE (version = 9)
2025-10-18 02:35:07,546 [main] INFO  upgrade.HDDSLayoutVersionManager (HDDSLayoutVersionManager.java:lambda$registerUpgradeActions$0(81)) - Registering Upgrade Action : DatanodeSchemaV3FinalizeAction
2025-10-18 02:35:07,547 [main] INFO  upgrade.HDDSLayoutVersionManager (HDDSLayoutVersionManager.java:lambda$registerUpgradeActions$0(81)) - Registering Upgrade Action : ContainerTableSchemaFinalizeAction
2025-10-18 02:35:07,547 [main] INFO  statemachine.DatanodeStateMachine (DatanodeStateMachine.java:getEndPointTaskThreadPoolSize(321)) - Datanode State Machine Task Thread Pool size 2
2025-10-18 02:35:07,549 [main] INFO  volume.HddsVolume (HddsVolume.java:<init>(162)) - HddsVolume: { id=70615623-c492-42aa-a2ec-f63461d081f1 dir=/home/runner/work/ozone/ozone/hadoop-hdds/container-service/file:/home/runner/work/ozone/ozone/hadoop-hdds/container-service/target/tmp/dfs/data type=DISK failed }
2025-10-18 02:35:07,549 [main] ERROR volume.MutableVolumeSet (MutableVolumeSet.java:initializeVolumeSet(194)) - Failed to parse the storage location: file:///home/runner/work/ozone/ozone/hadoop-hdds/container-service/target/tmp/dfs/data
org.apache.hadoop.ozone.common.InconsistentStorageStateException: Mismatched DatanodeUUIDs. Version File : /home/runner/work/ozone/ozone/hadoop-hdds/container-service/target/tmp/dfs/data/hdds/VERSION has datanodeUuid: c3d05b50-810d-4b78-be46-d77415fe1b4d and Datanode has datanodeUuid: 86725130-df7c-4be1-a89d-60f61c997ba1
	at org.apache.hadoop.ozone.container.common.utils.StorageVolumeUtil.getDatanodeUUID(StorageVolumeUtil.java:122)
	at org.apache.hadoop.ozone.container.common.volume.StorageVolume.readVersionFile(StorageVolume.java:385)
	at org.apache.hadoop.ozone.container.common.volume.StorageVolume.initializeImpl(StorageVolume.java:240)
	at org.apache.hadoop.ozone.container.common.volume.StorageVolume.initialize(StorageVolume.java:215)
	at org.apache.hadoop.ozone.container.common.volume.HddsVolume.<init>(HddsVolume.java:151)
	at org.apache.hadoop.ozone.container.common.volume.HddsVolume.<init>(HddsVolume.java:80)
	at org.apache.hadoop.ozone.container.common.volume.HddsVolume$Builder.build(HddsVolume.java:130)
	at org.apache.hadoop.ozone.container.common.volume.HddsVolumeFactory.createVolume(HddsVolumeFactory.java:46)
	at org.apache.hadoop.ozone.container.common.volume.MutableVolumeSet.initializeVolumeSet(MutableVolumeSet.java:172)
	at org.apache.hadoop.ozone.container.common.volume.MutableVolumeSet.<init>(MutableVolumeSet.java:130)
	at org.apache.hadoop.ozone.container.common.volume.MutableVolumeSet.<init>(MutableVolumeSet.java:92)
	at org.apache.hadoop.ozone.container.ozoneimpl.OzoneContainer.<init>(OzoneContainer.java:170)
	at org.apache.hadoop.ozone.container.common.statemachine.DatanodeStateMachine.<init>(DatanodeStateMachine.java:191)
	at org.apache.hadoop.ozone.container.common.statemachine.DatanodeStateMachine.<init>(DatanodeStateMachine.java:305)
	at org.apache.hadoop.ozone.container.upgrade.TestDatanodeUpgradeToSchemaV3.testDBCreatedInFinalize(TestDatanodeUpgradeToSchemaV3.java:211)
	at java.base/jdk.internal.reflect.DirectMethodHandleAccessor.invoke(DirectMethodHandleAccessor.java:103)
	at java.base/java.lang.reflect.Method.invoke(Method.java:580)
	at org.junit.platform.commons.util.ReflectionUtils.invokeMethod(ReflectionUtils.java:786)
	at org.junit.platform.commons.support.ReflectionSupport.invokeMethod(ReflectionSupport.java:514)
	at org.junit.jupiter.engine.execution.MethodInvocation.proceed(MethodInvocation.java:60)
	at org.junit.jupiter.engine.execution.InvocationInterceptorChain$ValidatingInvocation.proceed(InvocationInterceptorChain.java:131)
	at org.junit.jupiter.engine.extension.SameThreadTimeoutInvocation.proceed(SameThreadTimeoutInvocation.java:49)
	at org.junit.jupiter.engine.extension.TimeoutExtension.intercept(TimeoutExtension.java:161)
	at org.junit.jupiter.engine.extension.TimeoutExtension.interceptTestableMethod(TimeoutExtension.java:152)
	at org.junit.jupiter.engine.extension.TimeoutExtension.interceptTestTemplateMethod(TimeoutExtension.java:99)
	at org.junit.jupiter.engine.execution.InterceptingExecutableInvoker$ReflectiveInterceptorCall.lambda$ofVoidMethod$0(InterceptingExecutableInvoker.java:112)
	at org.junit.jupiter.engine.execution.InterceptingExecutableInvoker.lambda$invoke$0(InterceptingExecutableInvoker.java:94)
	at org.junit.jupiter.engine.execution.InvocationInterceptorChain$InterceptedInvocation.proceed(InvocationInterceptorChain.java:106)
	at org.junit.jupiter.engine.execution.InvocationInterceptorChain.proceed(InvocationInterceptorChain.java:64)
	at org.junit.jupiter.engine.execution.InvocationInterceptorChain.chainAndInvoke(InvocationInterceptorChain.java:45)
	at org.junit.jupiter.engine.execution.InvocationInterceptorChain.invoke(InvocationInterceptorChain.java:37)
	at org.junit.jupiter.engine.execution.InterceptingExecutableInvoker.invoke(InterceptingExecutableInvoker.java:93)
	at org.junit.jupiter.engine.execution.InterceptingExecutableInvoker.invoke(InterceptingExecutableInvoker.java:87)
	at org.junit.jupiter.engine.descriptor.TestMethodTestDescriptor.lambda$invokeTestMethod$4(TestMethodTestDescriptor.java:221)
	at org.junit.platform.engine.support.hierarchical.ThrowableCollector.execute(ThrowableCollector.java:73)
	at org.junit.jupiter.engine.descriptor.TestMethodTestDescriptor.invokeTestMethod(TestMethodTestDescriptor.java:217)
	at org.junit.jupiter.engine.descriptor.TestMethodTestDescriptor.execute(TestMethodTestDescriptor.java:159)
	at org.junit.jupiter.engine.descriptor.TestMethodTestDescriptor.execute(TestMethodTestDescriptor.java:70)
	at org.junit.platform.engine.support.hierarchical.NodeTestTask.lambda$executeRecursively$6(NodeTestTask.java:157)
	at org.junit.platform.engine.support.hierarchical.ThrowableCollector.execute(ThrowableCollector.java:73)
	at org.junit.platform.engine.support.hierarchical.NodeTestTask.lambda$executeRecursively$8(NodeTestTask.java:147)
	at org.junit.platform.engine.support.hierarchical.Node.around(Node.java:137)
	at org.junit.platform.engine.support.hierarchical.NodeTestTask.lambda$executeRecursively$9(NodeTestTask.java:145)
	at org.junit.platform.engine.support.hierarchical.ThrowableCollector.execute(ThrowableCollector.java:73)
	at org.junit.platform.engine.support.hierarchical.NodeTestTask.executeRecursively(NodeTestTask.java:144)
	at org.junit.platform.engine.support.hierarchical.NodeTestTask.execute(NodeTestTask.java:101)
	at org.junit.platform.engine.support.hierarchical.SameThreadHierarchicalTestExecutorService.submit(SameThreadHierarchicalTestExecutorService.java:35)
	at org.junit.platform.engine.support.hierarchical.NodeTestTask$DefaultDynamicTestExecutor.execute(NodeTestTask.java:232)
	at org.junit.platform.engine.support.hierarchical.NodeTestTask$DefaultDynamicTestExecutor.execute(NodeTestTask.java:210)
	at org.junit.jupiter.engine.descriptor.TemplateExecutor.execute(TemplateExecutor.java:98)
	at org.junit.jupiter.engine.descriptor.TemplateExecutor.lambda$executeForProvider$0(TemplateExecutor.java:61)
	at java.base/java.util.Optional.ifPresent(Optional.java:178)
	at org.junit.jupiter.engine.descriptor.TemplateExecutor.lambda$executeForProvider$1(TemplateExecutor.java:61)
	at java.base/java.util.stream.ForEachOps$ForEachOp$OfRef.accept(ForEachOps.java:184)
	at java.base/java.util.stream.ReferencePipeline$3$1.accept(ReferencePipeline.java:197)
	at java.base/java.util.stream.ForEachOps$ForEachOp$OfRef.accept(ForEachOps.java:184)
	at java.base/java.util.stream.ForEachOps$ForEachOp$OfRef.accept(ForEachOps.java:184)
	at java.base/java.util.stream.ReferencePipeline$3$1.accept(ReferencePipeline.java:197)
	at java.base/java.util.Spliterators$ArraySpliterator.forEachRemaining(Spliterators.java:1024)
	at java.base/java.util.stream.AbstractPipeline.copyInto(AbstractPipeline.java:509)
	at java.base/java.util.stream.AbstractPipeline.wrapAndCopyInto(AbstractPipeline.java:499)
	at java.base/java.util.stream.ForEachOps$ForEachOp.evaluateSequential(ForEachOps.java:151)
	at java.base/java.util.stream.ForEachOps$ForEachOp$OfRef.evaluateSequential(ForEachOps.java:174)
	at java.base/java.util.stream.AbstractPipeline.evaluate(AbstractPipeline.java:234)
	at java.base/java.util.stream.ReferencePipeline.forEach(ReferencePipeline.java:596)
	at java.base/java.util.stream.ReferencePipeline$7$1.accept(ReferencePipeline.java:276)
	at java.base/java.util.ArrayList$ArrayListSpliterator.forEachRemaining(ArrayList.java:1708)
	at java.base/java.util.stream.AbstractPipeline.copyInto(AbstractPipeline.java:509)
	at java.base/java.util.stream.AbstractPipeline.wrapAndCopyInto(AbstractPipeline.java:499)
	at java.base/java.util.stream.ForEachOps$ForEachOp.evaluateSequential(ForEachOps.java:151)
	at java.base/java.util.stream.ForEachOps$ForEachOp$OfRef.evaluateSequential(ForEachOps.java:174)
	at java.base/java.util.stream.AbstractPipeline.evaluate(AbstractPipeline.java:234)
	at java.base/java.util.stream.ReferencePipeline.forEach(ReferencePipeline.java:596)
	at java.base/java.util.stream.ReferencePipeline$7$1.accept(ReferencePipeline.java:276)
	at java.base/java.util.stream.ReferencePipeline$3$1.accept(ReferencePipeline.java:197)
	at java.base/java.util.stream.ReferencePipeline$3$1.accept(ReferencePipeline.java:197)
	at java.base/java.util.stream.ReferencePipeline$3$1.accept(ReferencePipeline.java:197)
	at java.base/java.util.ArrayList$ArrayListSpliterator.forEachRemaining(ArrayList.java:1708)
	at java.base/java.util.stream.AbstractPipeline.copyInto(AbstractPipeline.java:509)
	at java.base/java.util.stream.AbstractPipeline.wrapAndCopyInto(AbstractPipeline.java:499)
	at java.base/java.util.stream.ForEachOps$ForEachOp.evaluateSequential(ForEachOps.java:151)
	at java.base/java.util.stream.ForEachOps$ForEachOp$OfRef.evaluateSequential(ForEachOps.java:174)
	at java.base/java.util.stream.AbstractPipeline.evaluate(AbstractPipeline.java:234)
	at java.base/java.util.stream.ReferencePipeline.forEach(ReferencePipeline.java:596)
	at org.junit.jupiter.engine.descriptor.TemplateExecutor.executeForProvider(TemplateExecutor.java:59)
	at org.junit.jupiter.engine.descriptor.TemplateExecutor.execute(TemplateExecutor.java:48)
	at org.junit.jupiter.engine.descriptor.TestTemplateTestDescriptor.execute(TestTemplateTestDescriptor.java:112)
	at org.junit.jupiter.engine.descriptor.TestTemplateTestDescriptor.execute(TestTemplateTestDescriptor.java:40)
	at org.junit.platform.engine.support.hierarchical.NodeTestTask.lambda$executeRecursively$6(NodeTestTask.java:157)
	at org.junit.platform.engine.support.hierarchical.ThrowableCollector.execute(ThrowableCollector.java:73)
	at org.junit.platform.engine.support.hierarchical.NodeTestTask.lambda$executeRecursively$8(NodeTestTask.java:147)
	at org.junit.platform.engine.support.hierarchical.Node.around(Node.java:137)
	at org.junit.platform.engine.support.hierarchical.NodeTestTask.lambda$executeRecursively$9(NodeTestTask.java:145)
	at org.junit.platform.engine.support.hierarchical.ThrowableCollector.execute(ThrowableCollector.java:73)
	at org.junit.platform.engine.support.hierarchical.NodeTestTask.executeRecursively(NodeTestTask.java:144)
	at org.junit.platform.engine.support.hierarchical.NodeTestTask.execute(NodeTestTask.java:101)
	at java.base/java.util.ArrayList.forEach(ArrayList.java:1596)
	at org.junit.platform.engine.support.hierarchical.SameThreadHierarchicalTestExecutorService.invokeAll(SameThreadHierarchicalTestExecutorService.java:41)
	at org.junit.platform.engine.support.hierarchical.NodeTestTask.lambda$executeRecursively$6(NodeTestTask.java:161)
	at org.junit.platform.engine.support.hierarchical.ThrowableCollector.execute(ThrowableCollector.java:73)
	at org.junit.platform.engine.support.hierarchical.NodeTestTask.lambda$executeRecursively$8(NodeTestTask.java:147)
	at org.junit.platform.engine.support.hierarchical.Node.around(Node.java:137)
	at org.junit.platform.engine.support.hierarchical.NodeTestTask.lambda$executeRecursively$9(NodeTestTask.java:145)
	at org.junit.platform.engine.support.hierarchical.ThrowableCollector.execute(ThrowableCollector.java:73)
	at org.junit.platform.engine.support.hierarchical.NodeTestTask.executeRecursively(NodeTestTask.java:144)
	at org.junit.platform.engine.support.hierarchical.NodeTestTask.execute(NodeTestTask.java:101)
	at java.base/java.util.ArrayList.forEach(ArrayList.java:1596)
	at org.junit.platform.engine.support.hierarchical.SameThreadHierarchicalTestExecutorService.invokeAll(SameThreadHierarchicalTestExecutorService.java:41)
	at org.junit.platform.engine.support.hierarchical.NodeTestTask.lambda$executeRecursively$6(NodeTestTask.java:161)
	at org.junit.platform.engine.support.hierarchical.ThrowableCollector.execute(ThrowableCollector.java:73)
	at org.junit.platform.engine.support.hierarchical.NodeTestTask.lambda$executeRecursively$8(NodeTestTask.java:147)
	at org.junit.platform.engine.support.hierarchical.Node.around(Node.java:137)
	at org.junit.platform.engine.support.hierarchical.NodeTestTask.lambda$executeRecursively$9(NodeTestTask.java:145)
	at org.junit.platform.engine.support.hierarchical.ThrowableCollector.execute(ThrowableCollector.java:73)
	at org.junit.platform.engine.support.hierarchical.NodeTestTask.executeRecursively(NodeTestTask.java:144)
	at org.junit.platform.engine.support.hierarchical.NodeTestTask.execute(NodeTestTask.java:101)
	at org.junit.platform.engine.support.hierarchical.SameThreadHierarchicalTestExecutorService.submit(SameThreadHierarchicalTestExecutorService.java:35)
	at org.junit.platform.engine.support.hierarchical.HierarchicalTestExecutor.execute(HierarchicalTestExecutor.java:57)
	at org.junit.platform.engine.support.hierarchical.HierarchicalTestEngine.execute(HierarchicalTestEngine.java:54)
	at org.junit.platform.launcher.core.EngineExecutionOrchestrator.executeEngine(EngineExecutionOrchestrator.java:230)
	at org.junit.platform.launcher.core.EngineExecutionOrchestrator.failOrExecuteEngine(EngineExecutionOrchestrator.java:204)
	at org.junit.platform.launcher.core.EngineExecutionOrchestrator.execute(EngineExecutionOrchestrator.java:172)
	at org.junit.platform.launcher.core.EngineExecutionOrchestrator.execute(EngineExecutionOrchestrator.java:101)
	at org.junit.platform.launcher.core.EngineExecutionOrchestrator.lambda$execute$0(EngineExecutionOrchestrator.java:64)
	at org.junit.platform.launcher.core.EngineExecutionOrchestrator.withInterceptedStreams(EngineExecutionOrchestrator.java:150)
	at org.junit.platform.launcher.core.EngineExecutionOrchestrator.execute(EngineExecutionOrchestrator.java:63)
	at org.junit.platform.launcher.core.DefaultLauncher.execute(DefaultLauncher.java:109)
	at org.junit.platform.launcher.core.DefaultLauncher.execute(DefaultLauncher.java:91)
	at org.junit.platform.launcher.core.DelegatingLauncher.execute(DelegatingLauncher.java:47)
	at org.junit.platform.launcher.core.InterceptingLauncher.lambda$execute$1(InterceptingLauncher.java:39)
	at org.junit.platform.launcher.core.ClasspathAlignmentCheckingLauncherInterceptor.intercept(ClasspathAlignmentCheckingLauncherInterceptor.java:25)
	at org.junit.platform.launcher.core.InterceptingLauncher.execute(InterceptingLauncher.java:38)
	at org.junit.platform.launcher.core.DelegatingLauncher.execute(DelegatingLauncher.java:47)
	at org.apache.maven.surefire.junitplatform.LazyLauncher.execute(LazyLauncher.java:56)
	at org.apache.maven.surefire.junitplatform.JUnitPlatformProvider.execute(JUnitPlatformProvider.java:184)
	at org.apache.maven.surefire.junitplatform.JUnitPlatformProvider.invokeAllTests(JUnitPlatformProvider.java:148)
	at org.apache.maven.surefire.junitplatform.JUnitPlatformProvider.invoke(JUnitPlatformProvider.java:120)
	at org.apache.maven.surefire.booter.ForkedBooter.runSuitesInProcess(ForkedBooter.java:385)
	at org.apache.maven.surefire.booter.ForkedBooter.execute(ForkedBooter.java:162)
	at org.apache.maven.surefire.booter.ForkedBooter.run(ForkedBooter.java:507)
	at org.apache.maven.surefire.booter.ForkedBooter.main(ForkedBooter.java:495)
2025-10-18 02:35:07,550 [main] INFO  volume.HddsVolume (HddsVolume.java:<init>(162)) - HddsVolume: { id=DS-9da80069-bcc0-434f-bb18-f9a0e51445da dir=/tmp/junit-1977624702146965358/af77d824-1ce1-4e8b-a45d-8bbbcc612446/hdds type=DISK capacity=9222449699674390527 used=0 available=9222449699674390527 minFree=184448985434423296 committed=0 }
2025-10-18 02:35:07,550 [main] INFO  volume.MutableVolumeSet (MutableVolumeSet.java:initializeVolumeSet(175)) - Added Volume : /tmp/junit-1977624702146965358/af77d824-1ce1-4e8b-a45d-8bbbcc612446/hdds to VolumeSet
2025-10-18 02:35:07,551 [main] WARN  server.ServerUtils (ServerUtils.java:getDefaultRatisDirectory(304)) - Storage directory for Ratis is not configured. It is a good idea to map this to an SSD disk. Falling back to ozone.metadata.dirs
2025-10-18 02:35:07,551 [main] INFO  volume.MutableVolumeSet (MutableVolumeSet.java:initializeVolumeSet(175)) - Added Volume : /tmp/junit-1977624702146965358/ratis to VolumeSet
2025-10-18 02:35:07,552 [main] WARN  db.DBStoreBuilder (DBStoreBuilder.java:getDBDirPath(157)) - ozone.scm.datanode.id.dir is not configured. We recommend adding this setting. Falling back to ozone.metadata.dirs instead.
2025-10-18 02:35:07,552 [main] WARN  db.DBStoreBuilder (DBStoreBuilder.java:getDBDirPath(157)) - ozone.scm.datanode.id.dir is not configured. We recommend adding this setting. Falling back to ozone.metadata.dirs instead.
2025-10-18 02:35:07,569 [main] INFO  impl.FilePerChunkStrategy (FilePerChunkStrategy.java:<init>(79)) - ozone.chunk.read.mapped.buffer.max.count is load with 0
2025-10-18 02:35:07,570 [main] INFO  impl.FilePerBlockStrategy (FilePerBlockStrategy.java:<init>(88)) - ozone.chunk.read.mapped.buffer.max.count is load with 0
2025-10-18 02:35:07,571 [main] INFO  server.RaftServerConfigKeys (ConfUtils.java:logGet(62)) - raft.server.log.appender.buffer.byte-limit = 33554432 (custom)
2025-10-18 02:35:07,571 [main] WARN  server.ServerUtils (ServerUtils.java:getDefaultRatisDirectory(304)) - Storage directory for Ratis is not configured. It is a good idea to map this to an SSD disk. Falling back to ozone.metadata.dirs
2025-10-18 02:35:07,572 [main] INFO  grpc.GrpcConfigKeys (ConfUtils.java:logFallback(69)) - raft.grpc.admin.host = null (fallback to raft.grpc.server.host)
2025-10-18 02:35:07,573 [main] INFO  grpc.GrpcConfigKeys (ConfUtils.java:logFallback(69)) - raft.grpc.client.host = null (fallback to raft.grpc.server.host)
2025-10-18 02:35:07,573 [main] INFO  server.GrpcServicesImpl (ConfUtils.java:logGet(62)) - raft.grpc.message.size.max = 34603008 (custom)
2025-10-18 02:35:07,573 [main] INFO  server.GrpcServicesImpl (ConfUtils.java:logGet(62)) - raft.grpc.flow.control.window = 5MB (=5242880) (custom)
2025-10-18 02:35:07,573 [main] INFO  server.RaftServerConfigKeys (ConfUtils.java:logGet(62)) - raft.server.log.appender.buffer.byte-limit = 33554432 (custom)
2025-10-18 02:35:07,574 [main] INFO  netty.NettyUtils (NettyUtils.java:newEventLoopGroup(74)) - Create EpollEventLoopGroup for 86725130-df7c-4be1-a89d-60f61c997ba1-NettyServerStreamRpc-bossGroup; Thread size is 0.
2025-10-18 02:35:07,575 [main] INFO  netty.NettyUtils (NettyUtils.java:newEventLoopGroup(74)) - Create EpollEventLoopGroup for 86725130-df7c-4be1-a89d-60f61c997ba1-NettyServerStreamRpc-workerGroup; Thread size is 0.
2025-10-18 02:35:07,576 [main] INFO  server.RaftServerConfigKeys (ConfUtils.java:logGet(62)) - raft.server.storage.dir = [/tmp/junit-1977624702146965358/ratis] (custom)
2025-10-18 02:35:07,576 [86725130-df7c-4be1-a89d-60f61c997ba1-NettyServerStreamRpc-bossGroup--thread1] INFO  logging.LoggingHandler (AbstractInternalLogger.java:log(148)) - [id: 0xf191c487] REGISTERED
2025-10-18 02:35:07,576 [86725130-df7c-4be1-a89d-60f61c997ba1-NettyServerStreamRpc-bossGroup--thread1] INFO  logging.LoggingHandler (AbstractInternalLogger.java:log(148)) - [id: 0xf191c487] BIND: 0.0.0.0/0.0.0.0:0
2025-10-18 02:35:07,576 [86725130-df7c-4be1-a89d-60f61c997ba1-NettyServerStreamRpc-bossGroup--thread1] INFO  logging.LoggingHandler (AbstractInternalLogger.java:log(148)) - [id: 0xf191c487, L:/0.0.0.0:42975] ACTIVE
2025-10-18 02:35:07,576 [86725130-df7c-4be1-a89d-60f61c997ba1-impl-thread1] INFO  server.RaftServer (RaftServerProxy.java:initGroupDir(270)) - 86725130-df7c-4be1-a89d-60f61c997ba1: found a subdirectory /tmp/junit-1977624702146965358/ratis/tmp
2025-10-18 02:35:07,576 [86725130-df7c-4be1-a89d-60f61c997ba1-impl-thread1] INFO  server.RaftServer (RaftServerProxy.java:initGroupDir(275)) - 86725130-df7c-4be1-a89d-60f61c997ba1: The directory /tmp/junit-1977624702146965358/ratis/tmp is not a group directory; ignoring it. 
2025-10-18 02:35:07,577 [main] INFO  replication.ReplicationServer (ReplicationServer.java:<init>(84)) - Initializing replication server with thread count = 10 queue length = 4096
2025-10-18 02:35:07,578 [main] INFO  server.XceiverServerGrpc (XceiverServerGrpc.java:<init>(129)) - GrpcServer channel type EpollServerSocketChannel
2025-10-18 02:35:07,579 [main] INFO  replication.ReplicationSupervisor (ReplicationSupervisor.java:build(169)) - Initializing replication supervisor with thread count = 10
2025-10-18 02:35:07,579 [main] INFO  replication.ReplicationSupervisor (ReplicationSupervisor.java:nodeStateUpdated(358)) - Node state updated to IN_SERVICE, scaling executor pool size to 10
2025-10-18 02:35:07,582 [main] INFO  ozoneimpl.OzoneContainer (OzoneContainer.java:stop(568)) - Attempting to stop container services.
2025-10-18 02:35:07,582 [main] INFO  utils.BackgroundService (BackgroundService.java:shutdown(195)) - Shutting down service BlockDeletingService
2025-10-18 02:35:07,583 [main] INFO  utils.BackgroundService (BackgroundService.java:shutdown(195)) - Shutting down service StaleRecoveringContainerScrubbingService
2025-10-18 02:35:07,584 [main] INFO  upgrade.AbstractLayoutVersionManager (AbstractLayoutVersionManager.java:init(80)) - Initializing Layout version manager with metadata layout = ERASURE_CODED_STORAGE_SUPPORT (version = 3), software layout = WITNESSED_CONTAINER_DB_PROTO_VALUE (version = 9)
2025-10-18 02:35:07,585 [main] INFO  upgrade.HDDSLayoutVersionManager (HDDSLayoutVersionManager.java:lambda$registerUpgradeActions$0(81)) - Registering Upgrade Action : DatanodeSchemaV3FinalizeAction
2025-10-18 02:35:07,585 [main] INFO  upgrade.HDDSLayoutVersionManager (HDDSLayoutVersionManager.java:lambda$registerUpgradeActions$0(81)) - Registering Upgrade Action : ContainerTableSchemaFinalizeAction
2025-10-18 02:35:07,585 [main] INFO  statemachine.DatanodeStateMachine (DatanodeStateMachine.java:getEndPointTaskThreadPoolSize(321)) - Datanode State Machine Task Thread Pool size 2
2025-10-18 02:35:07,587 [main] INFO  volume.HddsVolume (HddsVolume.java:<init>(162)) - HddsVolume: { id=3a516127-b08b-4d68-b8c2-c41176a4ceda dir=/home/runner/work/ozone/ozone/hadoop-hdds/container-service/file:/home/runner/work/ozone/ozone/hadoop-hdds/container-service/target/tmp/dfs/data type=DISK failed }
2025-10-18 02:35:07,587 [main] ERROR volume.MutableVolumeSet (MutableVolumeSet.java:initializeVolumeSet(194)) - Failed to parse the storage location: file:///home/runner/work/ozone/ozone/hadoop-hdds/container-service/target/tmp/dfs/data
org.apache.hadoop.ozone.common.InconsistentStorageStateException: Mismatched DatanodeUUIDs. Version File : /home/runner/work/ozone/ozone/hadoop-hdds/container-service/target/tmp/dfs/data/hdds/VERSION has datanodeUuid: c3d05b50-810d-4b78-be46-d77415fe1b4d and Datanode has datanodeUuid: 86725130-df7c-4be1-a89d-60f61c997ba1
	at org.apache.hadoop.ozone.container.common.utils.StorageVolumeUtil.getDatanodeUUID(StorageVolumeUtil.java:122)
	at org.apache.hadoop.ozone.container.common.volume.StorageVolume.readVersionFile(StorageVolume.java:385)
	at org.apache.hadoop.ozone.container.common.volume.StorageVolume.initializeImpl(StorageVolume.java:240)
	at org.apache.hadoop.ozone.container.common.volume.StorageVolume.initialize(StorageVolume.java:215)
	at org.apache.hadoop.ozone.container.common.volume.HddsVolume.<init>(HddsVolume.java:151)
	at org.apache.hadoop.ozone.container.common.volume.HddsVolume.<init>(HddsVolume.java:80)
	at org.apache.hadoop.ozone.container.common.volume.HddsVolume$Builder.build(HddsVolume.java:130)
	at org.apache.hadoop.ozone.container.common.volume.HddsVolumeFactory.createVolume(HddsVolumeFactory.java:46)
	at org.apache.hadoop.ozone.container.common.volume.MutableVolumeSet.initializeVolumeSet(MutableVolumeSet.java:172)
	at org.apache.hadoop.ozone.container.common.volume.MutableVolumeSet.<init>(MutableVolumeSet.java:130)
	at org.apache.hadoop.ozone.container.common.volume.MutableVolumeSet.<init>(MutableVolumeSet.java:92)
	at org.apache.hadoop.ozone.container.ozoneimpl.OzoneContainer.<init>(OzoneContainer.java:170)
	at org.apache.hadoop.ozone.container.common.statemachine.DatanodeStateMachine.<init>(DatanodeStateMachine.java:191)
	at org.apache.hadoop.ozone.container.common.statemachine.DatanodeStateMachine.<init>(DatanodeStateMachine.java:305)
	at org.apache.hadoop.ozone.container.upgrade.UpgradeTestHelper.restartDatanode(UpgradeTestHelper.java:108)
	at org.apache.hadoop.ozone.container.upgrade.TestDatanodeUpgradeToSchemaV3.testDBCreatedInFinalize(TestDatanodeUpgradeToSchemaV3.java:224)
	at java.base/jdk.internal.reflect.DirectMethodHandleAccessor.invoke(DirectMethodHandleAccessor.java:103)
	at java.base/java.lang.reflect.Method.invoke(Method.java:580)
	at org.junit.platform.commons.util.ReflectionUtils.invokeMethod(ReflectionUtils.java:786)
	at org.junit.platform.commons.support.ReflectionSupport.invokeMethod(ReflectionSupport.java:514)
	at org.junit.jupiter.engine.execution.MethodInvocation.proceed(MethodInvocation.java:60)
	at org.junit.jupiter.engine.execution.InvocationInterceptorChain$ValidatingInvocation.proceed(InvocationInterceptorChain.java:131)
	at org.junit.jupiter.engine.extension.SameThreadTimeoutInvocation.proceed(SameThreadTimeoutInvocation.java:49)
	at org.junit.jupiter.engine.extension.TimeoutExtension.intercept(TimeoutExtension.java:161)
	at org.junit.jupiter.engine.extension.TimeoutExtension.interceptTestableMethod(TimeoutExtension.java:152)
	at org.junit.jupiter.engine.extension.TimeoutExtension.interceptTestTemplateMethod(TimeoutExtension.java:99)
	at org.junit.jupiter.engine.execution.InterceptingExecutableInvoker$ReflectiveInterceptorCall.lambda$ofVoidMethod$0(InterceptingExecutableInvoker.java:112)
	at org.junit.jupiter.engine.execution.InterceptingExecutableInvoker.lambda$invoke$0(InterceptingExecutableInvoker.java:94)
	at org.junit.jupiter.engine.execution.InvocationInterceptorChain$InterceptedInvocation.proceed(InvocationInterceptorChain.java:106)
	at org.junit.jupiter.engine.execution.InvocationInterceptorChain.proceed(InvocationInterceptorChain.java:64)
	at org.junit.jupiter.engine.execution.InvocationInterceptorChain.chainAndInvoke(InvocationInterceptorChain.java:45)
	at org.junit.jupiter.engine.execution.InvocationInterceptorChain.invoke(InvocationInterceptorChain.java:37)
	at org.junit.jupiter.engine.execution.InterceptingExecutableInvoker.invoke(InterceptingExecutableInvoker.java:93)
	at org.junit.jupiter.engine.execution.InterceptingExecutableInvoker.invoke(InterceptingExecutableInvoker.java:87)
	at org.junit.jupiter.engine.descriptor.TestMethodTestDescriptor.lambda$invokeTestMethod$4(TestMethodTestDescriptor.java:221)
	at org.junit.platform.engine.support.hierarchical.ThrowableCollector.execute(ThrowableCollector.java:73)
	at org.junit.jupiter.engine.descriptor.TestMethodTestDescriptor.invokeTestMethod(TestMethodTestDescriptor.java:217)
	at org.junit.jupiter.engine.descriptor.TestMethodTestDescriptor.execute(TestMethodTestDescriptor.java:159)
	at org.junit.jupiter.engine.descriptor.TestMethodTestDescriptor.execute(TestMethodTestDescriptor.java:70)
	at org.junit.platform.engine.support.hierarchical.NodeTestTask.lambda$executeRecursively$6(NodeTestTask.java:157)
	at org.junit.platform.engine.support.hierarchical.ThrowableCollector.execute(ThrowableCollector.java:73)
	at org.junit.platform.engine.support.hierarchical.NodeTestTask.lambda$executeRecursively$8(NodeTestTask.java:147)
	at org.junit.platform.engine.support.hierarchical.Node.around(Node.java:137)
	at org.junit.platform.engine.support.hierarchical.NodeTestTask.lambda$executeRecursively$9(NodeTestTask.java:145)
	at org.junit.platform.engine.support.hierarchical.ThrowableCollector.execute(ThrowableCollector.java:73)
	at org.junit.platform.engine.support.hierarchical.NodeTestTask.executeRecursively(NodeTestTask.java:144)
	at org.junit.platform.engine.support.hierarchical.NodeTestTask.execute(NodeTestTask.java:101)
	at org.junit.platform.engine.support.hierarchical.SameThreadHierarchicalTestExecutorService.submit(SameThreadHierarchicalTestExecutorService.java:35)
	at org.junit.platform.engine.support.hierarchical.NodeTestTask$DefaultDynamicTestExecutor.execute(NodeTestTask.java:232)
	at org.junit.platform.engine.support.hierarchical.NodeTestTask$DefaultDynamicTestExecutor.execute(NodeTestTask.java:210)
	at org.junit.jupiter.engine.descriptor.TemplateExecutor.execute(TemplateExecutor.java:98)
	at org.junit.jupiter.engine.descriptor.TemplateExecutor.lambda$executeForProvider$0(TemplateExecutor.java:61)
	at java.base/java.util.Optional.ifPresent(Optional.java:178)
	at org.junit.jupiter.engine.descriptor.TemplateExecutor.lambda$executeForProvider$1(TemplateExecutor.java:61)
	at java.base/java.util.stream.ForEachOps$ForEachOp$OfRef.accept(ForEachOps.java:184)
	at java.base/java.util.stream.ReferencePipeline$3$1.accept(ReferencePipeline.java:197)
	at java.base/java.util.stream.ForEachOps$ForEachOp$OfRef.accept(ForEachOps.java:184)
	at java.base/java.util.stream.ForEachOps$ForEachOp$OfRef.accept(ForEachOps.java:184)
	at java.base/java.util.stream.ReferencePipeline$3$1.accept(ReferencePipeline.java:197)
	at java.base/java.util.Spliterators$ArraySpliterator.forEachRemaining(Spliterators.java:1024)
	at java.base/java.util.stream.AbstractPipeline.copyInto(AbstractPipeline.java:509)
	at java.base/java.util.stream.AbstractPipeline.wrapAndCopyInto(AbstractPipeline.java:499)
	at java.base/java.util.stream.ForEachOps$ForEachOp.evaluateSequential(ForEachOps.java:151)
	at java.base/java.util.stream.ForEachOps$ForEachOp$OfRef.evaluateSequential(ForEachOps.java:174)
	at java.base/java.util.stream.AbstractPipeline.evaluate(AbstractPipeline.java:234)
	at java.base/java.util.stream.ReferencePipeline.forEach(ReferencePipeline.java:596)
	at java.base/java.util.stream.ReferencePipeline$7$1.accept(ReferencePipeline.java:276)
	at java.base/java.util.ArrayList$ArrayListSpliterator.forEachRemaining(ArrayList.java:1708)
	at java.base/java.util.stream.AbstractPipeline.copyInto(AbstractPipeline.java:509)
	at java.base/java.util.stream.AbstractPipeline.wrapAndCopyInto(AbstractPipeline.java:499)
	at java.base/java.util.stream.ForEachOps$ForEachOp.evaluateSequential(ForEachOps.java:151)
	at java.base/java.util.stream.ForEachOps$ForEachOp$OfRef.evaluateSequential(ForEachOps.java:174)
	at java.base/java.util.stream.AbstractPipeline.evaluate(AbstractPipeline.java:234)
	at java.base/java.util.stream.ReferencePipeline.forEach(ReferencePipeline.java:596)
	at java.base/java.util.stream.ReferencePipeline$7$1.accept(ReferencePipeline.java:276)
	at java.base/java.util.stream.ReferencePipeline$3$1.accept(ReferencePipeline.java:197)
	at java.base/java.util.stream.ReferencePipeline$3$1.accept(ReferencePipeline.java:197)
	at java.base/java.util.stream.ReferencePipeline$3$1.accept(ReferencePipeline.java:197)
	at java.base/java.util.ArrayList$ArrayListSpliterator.forEachRemaining(ArrayList.java:1708)
	at java.base/java.util.stream.AbstractPipeline.copyInto(AbstractPipeline.java:509)
	at java.base/java.util.stream.AbstractPipeline.wrapAndCopyInto(AbstractPipeline.java:499)
	at java.base/java.util.stream.ForEachOps$ForEachOp.evaluateSequential(ForEachOps.java:151)
	at java.base/java.util.stream.ForEachOps$ForEachOp$OfRef.evaluateSequential(ForEachOps.java:174)
	at java.base/java.util.stream.AbstractPipeline.evaluate(AbstractPipeline.java:234)
	at java.base/java.util.stream.ReferencePipeline.forEach(ReferencePipeline.java:596)
	at org.junit.jupiter.engine.descriptor.TemplateExecutor.executeForProvider(TemplateExecutor.java:59)
	at org.junit.jupiter.engine.descriptor.TemplateExecutor.execute(TemplateExecutor.java:48)
	at org.junit.jupiter.engine.descriptor.TestTemplateTestDescriptor.execute(TestTemplateTestDescriptor.java:112)
	at org.junit.jupiter.engine.descriptor.TestTemplateTestDescriptor.execute(TestTemplateTestDescriptor.java:40)
	at org.junit.platform.engine.support.hierarchical.NodeTestTask.lambda$executeRecursively$6(NodeTestTask.java:157)
	at org.junit.platform.engine.support.hierarchical.ThrowableCollector.execute(ThrowableCollector.java:73)
	at org.junit.platform.engine.support.hierarchical.NodeTestTask.lambda$executeRecursively$8(NodeTestTask.java:147)
	at org.junit.platform.engine.support.hierarchical.Node.around(Node.java:137)
	at org.junit.platform.engine.support.hierarchical.NodeTestTask.lambda$executeRecursively$9(NodeTestTask.java:145)
	at org.junit.platform.engine.support.hierarchical.ThrowableCollector.execute(ThrowableCollector.java:73)
	at org.junit.platform.engine.support.hierarchical.NodeTestTask.executeRecursively(NodeTestTask.java:144)
	at org.junit.platform.engine.support.hierarchical.NodeTestTask.execute(NodeTestTask.java:101)
	at java.base/java.util.ArrayList.forEach(ArrayList.java:1596)
	at org.junit.platform.engine.support.hierarchical.SameThreadHierarchicalTestExecutorService.invokeAll(SameThreadHierarchicalTestExecutorService.java:41)
	at org.junit.platform.engine.support.hierarchical.NodeTestTask.lambda$executeRecursively$6(NodeTestTask.java:161)
	at org.junit.platform.engine.support.hierarchical.ThrowableCollector.execute(ThrowableCollector.java:73)
	at org.junit.platform.engine.support.hierarchical.NodeTestTask.lambda$executeRecursively$8(NodeTestTask.java:147)
	at org.junit.platform.engine.support.hierarchical.Node.around(Node.java:137)
	at org.junit.platform.engine.support.hierarchical.NodeTestTask.lambda$executeRecursively$9(NodeTestTask.java:145)
	at org.junit.platform.engine.support.hierarchical.ThrowableCollector.execute(ThrowableCollector.java:73)
	at org.junit.platform.engine.support.hierarchical.NodeTestTask.executeRecursively(NodeTestTask.java:144)
	at org.junit.platform.engine.support.hierarchical.NodeTestTask.execute(NodeTestTask.java:101)
	at java.base/java.util.ArrayList.forEach(ArrayList.java:1596)
	at org.junit.platform.engine.support.hierarchical.SameThreadHierarchicalTestExecutorService.invokeAll(SameThreadHierarchicalTestExecutorService.java:41)
	at org.junit.platform.engine.support.hierarchical.NodeTestTask.lambda$executeRecursively$6(NodeTestTask.java:161)
	at org.junit.platform.engine.support.hierarchical.ThrowableCollector.execute(ThrowableCollector.java:73)
	at org.junit.platform.engine.support.hierarchical.NodeTestTask.lambda$executeRecursively$8(NodeTestTask.java:147)
	at org.junit.platform.engine.support.hierarchical.Node.around(Node.java:137)
	at org.junit.platform.engine.support.hierarchical.NodeTestTask.lambda$executeRecursively$9(NodeTestTask.java:145)
	at org.junit.platform.engine.support.hierarchical.ThrowableCollector.execute(ThrowableCollector.java:73)
	at org.junit.platform.engine.support.hierarchical.NodeTestTask.executeRecursively(NodeTestTask.java:144)
	at org.junit.platform.engine.support.hierarchical.NodeTestTask.execute(NodeTestTask.java:101)
	at org.junit.platform.engine.support.hierarchical.SameThreadHierarchicalTestExecutorService.submit(SameThreadHierarchicalTestExecutorService.java:35)
	at org.junit.platform.engine.support.hierarchical.HierarchicalTestExecutor.execute(HierarchicalTestExecutor.java:57)
	at org.junit.platform.engine.support.hierarchical.HierarchicalTestEngine.execute(HierarchicalTestEngine.java:54)
	at org.junit.platform.launcher.core.EngineExecutionOrchestrator.executeEngine(EngineExecutionOrchestrator.java:230)
	at org.junit.platform.launcher.core.EngineExecutionOrchestrator.failOrExecuteEngine(EngineExecutionOrchestrator.java:204)
	at org.junit.platform.launcher.core.EngineExecutionOrchestrator.execute(EngineExecutionOrchestrator.java:172)
	at org.junit.platform.launcher.core.EngineExecutionOrchestrator.execute(EngineExecutionOrchestrator.java:101)
	at org.junit.platform.launcher.core.EngineExecutionOrchestrator.lambda$execute$0(EngineExecutionOrchestrator.java:64)
	at org.junit.platform.launcher.core.EngineExecutionOrchestrator.withInterceptedStreams(EngineExecutionOrchestrator.java:150)
	at org.junit.platform.launcher.core.EngineExecutionOrchestrator.execute(EngineExecutionOrchestrator.java:63)
	at org.junit.platform.launcher.core.DefaultLauncher.execute(DefaultLauncher.java:109)
	at org.junit.platform.launcher.core.DefaultLauncher.execute(DefaultLauncher.java:91)
	at org.junit.platform.launcher.core.DelegatingLauncher.execute(DelegatingLauncher.java:47)
	at org.junit.platform.launcher.core.InterceptingLauncher.lambda$execute$1(InterceptingLauncher.java:39)
	at org.junit.platform.launcher.core.ClasspathAlignmentCheckingLauncherInterceptor.intercept(ClasspathAlignmentCheckingLauncherInterceptor.java:25)
	at org.junit.platform.launcher.core.InterceptingLauncher.execute(InterceptingLauncher.java:38)
	at org.junit.platform.launcher.core.DelegatingLauncher.execute(DelegatingLauncher.java:47)
	at org.apache.maven.surefire.junitplatform.LazyLauncher.execute(LazyLauncher.java:56)
	at org.apache.maven.surefire.junitplatform.JUnitPlatformProvider.execute(JUnitPlatformProvider.java:184)
	at org.apache.maven.surefire.junitplatform.JUnitPlatformProvider.invokeAllTests(JUnitPlatformProvider.java:148)
	at org.apache.maven.surefire.junitplatform.JUnitPlatformProvider.invoke(JUnitPlatformProvider.java:120)
	at org.apache.maven.surefire.booter.ForkedBooter.runSuitesInProcess(ForkedBooter.java:385)
	at org.apache.maven.surefire.booter.ForkedBooter.execute(ForkedBooter.java:162)
	at org.apache.maven.surefire.booter.ForkedBooter.run(ForkedBooter.java:507)
	at org.apache.maven.surefire.booter.ForkedBooter.main(ForkedBooter.java:495)
2025-10-18 02:35:07,589 [main] INFO  volume.HddsVolume (HddsVolume.java:<init>(162)) - HddsVolume: { id=DS-5509120c-25cc-49c4-af6e-d5e7f336343d dir=/tmp/junit-1977624702146965358/af77d824-1ce1-4e8b-a45d-8bbbcc612446/hdds type=DISK capacity=9222449699674390527 used=0 available=9222449699674390527 minFree=184448985434423296 committed=0 }
2025-10-18 02:35:07,589 [main] INFO  volume.MutableVolumeSet (MutableVolumeSet.java:initializeVolumeSet(175)) - Added Volume : /tmp/junit-1977624702146965358/af77d824-1ce1-4e8b-a45d-8bbbcc612446/hdds to VolumeSet
2025-10-18 02:35:07,589 [main] WARN  server.ServerUtils (ServerUtils.java:getDefaultRatisDirectory(304)) - Storage directory for Ratis is not configured. It is a good idea to map this to an SSD disk. Falling back to ozone.metadata.dirs
2025-10-18 02:35:07,590 [main] INFO  volume.MutableVolumeSet (MutableVolumeSet.java:initializeVolumeSet(175)) - Added Volume : /tmp/junit-1977624702146965358/ratis to VolumeSet
2025-10-18 02:35:07,591 [main] WARN  db.DBStoreBuilder (DBStoreBuilder.java:getDBDirPath(157)) - ozone.scm.datanode.id.dir is not configured. We recommend adding this setting. Falling back to ozone.metadata.dirs instead.
2025-10-18 02:35:07,591 [main] WARN  db.DBStoreBuilder (DBStoreBuilder.java:getDBDirPath(157)) - ozone.scm.datanode.id.dir is not configured. We recommend adding this setting. Falling back to ozone.metadata.dirs instead.
2025-10-18 02:35:07,602 [main] INFO  impl.FilePerChunkStrategy (FilePerChunkStrategy.java:<init>(79)) - ozone.chunk.read.mapped.buffer.max.count is load with 0
2025-10-18 02:35:07,602 [main] INFO  impl.FilePerBlockStrategy (FilePerBlockStrategy.java:<init>(88)) - ozone.chunk.read.mapped.buffer.max.count is load with 0
2025-10-18 02:35:07,603 [main] INFO  server.RaftServerConfigKeys (ConfUtils.java:logGet(62)) - raft.server.log.appender.buffer.byte-limit = 33554432 (custom)
2025-10-18 02:35:07,603 [main] WARN  server.ServerUtils (ServerUtils.java:getDefaultRatisDirectory(304)) - Storage directory for Ratis is not configured. It is a good idea to map this to an SSD disk. Falling back to ozone.metadata.dirs
2025-10-18 02:35:07,604 [main] INFO  grpc.GrpcConfigKeys (ConfUtils.java:logFallback(69)) - raft.grpc.admin.host = null (fallback to raft.grpc.server.host)
2025-10-18 02:35:07,604 [main] INFO  grpc.GrpcConfigKeys (ConfUtils.java:logFallback(69)) - raft.grpc.client.host = null (fallback to raft.grpc.server.host)
2025-10-18 02:35:07,604 [main] INFO  server.GrpcServicesImpl (ConfUtils.java:logGet(62)) - raft.grpc.message.size.max = 34603008 (custom)
2025-10-18 02:35:07,605 [main] INFO  server.GrpcServicesImpl (ConfUtils.java:logGet(62)) - raft.grpc.flow.control.window = 5MB (=5242880) (custom)
2025-10-18 02:35:07,605 [main] INFO  server.RaftServerConfigKeys (ConfUtils.java:logGet(62)) - raft.server.log.appender.buffer.byte-limit = 33554432 (custom)
2025-10-18 02:35:07,606 [main] INFO  netty.NettyUtils (NettyUtils.java:newEventLoopGroup(74)) - Create EpollEventLoopGroup for 86725130-df7c-4be1-a89d-60f61c997ba1-NettyServerStreamRpc-bossGroup; Thread size is 0.
2025-10-18 02:35:07,606 [main] INFO  netty.NettyUtils (NettyUtils.java:newEventLoopGroup(74)) - Create EpollEventLoopGroup for 86725130-df7c-4be1-a89d-60f61c997ba1-NettyServerStreamRpc-workerGroup; Thread size is 0.
2025-10-18 02:35:07,617 [86725130-df7c-4be1-a89d-60f61c997ba1-NettyServerStreamRpc-bossGroup--thread1] INFO  logging.LoggingHandler (AbstractInternalLogger.java:log(148)) - [id: 0xf3827e02] REGISTERED
2025-10-18 02:35:07,617 [86725130-df7c-4be1-a89d-60f61c997ba1-NettyServerStreamRpc-bossGroup--thread1] INFO  logging.LoggingHandler (AbstractInternalLogger.java:log(148)) - [id: 0xf3827e02] BIND: 0.0.0.0/0.0.0.0:0
2025-10-18 02:35:07,617 [86725130-df7c-4be1-a89d-60f61c997ba1-NettyServerStreamRpc-bossGroup--thread1] INFO  logging.LoggingHandler (AbstractInternalLogger.java:log(148)) - [id: 0xf3827e02, L:/0.0.0.0:38579] ACTIVE
2025-10-18 02:35:07,617 [86725130-df7c-4be1-a89d-60f61c997ba1-impl-thread1] INFO  server.RaftServer (RaftServerProxy.java:initGroupDir(270)) - 86725130-df7c-4be1-a89d-60f61c997ba1: found a subdirectory /tmp/junit-1977624702146965358/ratis/tmp
2025-10-18 02:35:07,617 [86725130-df7c-4be1-a89d-60f61c997ba1-impl-thread1] INFO  server.RaftServer (RaftServerProxy.java:initGroupDir(275)) - 86725130-df7c-4be1-a89d-60f61c997ba1: The directory /tmp/junit-1977624702146965358/ratis/tmp is not a group directory; ignoring it. 
2025-10-18 02:35:07,617 [main] INFO  replication.ReplicationServer (ReplicationServer.java:<init>(84)) - Initializing replication server with thread count = 10 queue length = 4096
2025-10-18 02:35:07,618 [main] INFO  server.XceiverServerGrpc (XceiverServerGrpc.java:<init>(129)) - GrpcServer channel type EpollServerSocketChannel
2025-10-18 02:35:07,620 [main] INFO  replication.ReplicationSupervisor (ReplicationSupervisor.java:build(169)) - Initializing replication supervisor with thread count = 10
2025-10-18 02:35:07,620 [main] INFO  replication.ReplicationSupervisor (ReplicationSupervisor.java:nodeStateUpdated(358)) - Node state updated to IN_SERVICE, scaling executor pool size to 10
2025-10-18 02:35:07,628 [86725130-df7c-4be1-a89d-60f61c997ba1-ContainerReader-0] INFO  ozoneimpl.ContainerReader (ContainerReader.java:readVolume(147)) - Start to verify containers on volume /tmp/junit-1977624702146965358/af77d824-1ce1-4e8b-a45d-8bbbcc612446/hdds
2025-10-18 02:35:07,628 [86725130-df7c-4be1-a89d-60f61c997ba1-ContainerReader-0] INFO  ozoneimpl.ContainerReader (ContainerReader.java:readVolume(177)) - Finish verifying containers on volume /tmp/junit-1977624702146965358/af77d824-1ce1-4e8b-a45d-8bbbcc612446/hdds
2025-10-18 02:35:07,628 [main] INFO  ozoneimpl.OzoneContainer (OzoneContainer.java:buildContainerSet(359)) - Build ContainerSet costs 0s
2025-10-18 02:35:07,629 [main] INFO  volume.ThrottledAsyncChecker (ThrottledAsyncChecker.java:schedule(138)) - Scheduling a check for /tmp/junit-1977624702146965358/af77d824-1ce1-4e8b-a45d-8bbbcc612446/hdds
2025-10-18 02:35:07,629 [main] INFO  volume.StorageVolumeChecker (StorageVolumeChecker.java:checkAllVolumes(231)) - Scheduled health check for volume /tmp/junit-1977624702146965358/af77d824-1ce1-4e8b-a45d-8bbbcc612446/hdds
2025-10-18 02:35:07,631 [main] INFO  volume.ThrottledAsyncChecker (ThrottledAsyncChecker.java:schedule(138)) - Scheduling a check for /tmp/junit-1977624702146965358/ratis
2025-10-18 02:35:07,631 [main] INFO  volume.StorageVolumeChecker (StorageVolumeChecker.java:checkAllVolumes(231)) - Scheduled health check for volume /tmp/junit-1977624702146965358/ratis
2025-10-18 02:35:07,632 [main] INFO  ozoneimpl.OzoneContainer (OzoneContainer.java:start(544)) - Attempting to start container services.
2025-10-18 02:35:07,633 [ContainerMetadataScanner] INFO  ozoneimpl.AbstractBackgroundContainerScanner (AbstractBackgroundContainerScanner.java:runIteration(89)) - Completed an iteration in 0 minutes. Number of iterations (since the data-node restart) : 1, Number of containers scanned in this iteration : 0, Number of unhealthy containers found in this iteration : 0
2025-10-18 02:35:07,633 [ContainerDataScanner(/tmp/junit-1977624702146965358/af77d824-1ce1-4e8b-a45d-8bbbcc612446/hdds)] INFO  ozoneimpl.AbstractBackgroundContainerScanner (AbstractBackgroundContainerScanner.java:runIteration(89)) - Completed an iteration in 0 minutes. Number of iterations (since the data-node restart) : 1, Number of containers scanned in this iteration : 0, Number of unhealthy containers found in this iteration : 0
2025-10-18 02:35:07,634 [main] INFO  replication.ReplicationServer (ReplicationServer.java:start(137)) - ReplicationServer is started using port 9886
2025-10-18 02:35:07,634 [main] INFO  ratis.XceiverServerRatis (XceiverServerRatis.java:start(559)) - Starting XceiverServerRatis(86725130-df7c-4be1-a89d-60f61c997ba1)
2025-10-18 02:35:07,637 [main] INFO  server.RaftServer (RaftServerProxy.java:startImpl(412)) - 86725130-df7c-4be1-a89d-60f61c997ba1: start RPC server
2025-10-18 02:35:07,638 [main] INFO  server.GrpcServicesImpl (GrpcServicesImpl.java:startImpl(346)) - 86725130-df7c-4be1-a89d-60f61c997ba1: GrpcServicesImpl started, listening on 9858
2025-10-18 02:35:07,638 [JvmPauseMonitor9] INFO  util.JvmPauseMonitor (JvmPauseMonitor.java:run(146)) - JvmPauseMonitor-86725130-df7c-4be1-a89d-60f61c997ba1: Started
2025-10-18 02:35:07,639 [main] INFO  ratis.XceiverServerRatis (XceiverServerRatis.java:getRealPort(586)) - XceiverServerRatis(86725130-df7c-4be1-a89d-60f61c997ba1) is started using port RATIS=9858
2025-10-18 02:35:07,639 [main] INFO  ratis.XceiverServerRatis (XceiverServerRatis.java:getRealPort(586)) - XceiverServerRatis(86725130-df7c-4be1-a89d-60f61c997ba1) is started using port RATIS_ADMIN=9858
2025-10-18 02:35:07,639 [main] INFO  ratis.XceiverServerRatis (XceiverServerRatis.java:getRealPort(586)) - XceiverServerRatis(86725130-df7c-4be1-a89d-60f61c997ba1) is started using port RATIS_SERVER=9858
2025-10-18 02:35:07,639 [main] INFO  ratis.XceiverServerRatis (XceiverServerRatis.java:getRealPort(586)) - XceiverServerRatis(86725130-df7c-4be1-a89d-60f61c997ba1) is started using port RATIS_DATASTREAM=38579
2025-10-18 02:35:07,640 [main] INFO  utils.BackgroundService (BackgroundService.java:start(119)) - Starting service BlockDeletingService with interval 60000 milliseconds
2025-10-18 02:35:07,641 [main] INFO  utils.BackgroundService (BackgroundService.java:start(119)) - Starting service StaleRecoveringContainerScrubbingService with interval 60000 milliseconds
2025-10-18 02:35:07,642 [main] INFO  upgrade.UpgradeFinalizer (BasicUpgradeFinalizer.java:logAndEmit(395)) - Finalization started.
2025-10-18 02:35:07,642 [main] INFO  upgrade.UpgradeFinalizer (BasicUpgradeFinalizer.java:runFinalizationAction(270)) - Running finalization actions for layout feature: DATANODE_SCHEMA_V3
2025-10-18 02:35:07,642 [main] INFO  upgrade.DatanodeSchemaV3FinalizeAction (DatanodeSchemaV3FinalizeAction.java:execute(49)) - Upgrading Datanode volume layout for Schema V3 support.
2025-10-18 02:35:07,670 [main] INFO  utils.DatanodeStoreCache (DatanodeStoreCache.java:addDB(70)) - Added db /tmp/junit-1977624702146965358/af77d824-1ce1-4e8b-a45d-8bbbcc612446/hdds/clusterID/DS-5509120c-25cc-49c4-af6e-d5e7f336343d/container.db to cache
2025-10-18 02:35:07,670 [main] INFO  volume.HddsVolume (HddsVolume.java:createDbStore(576)) - SchemaV3 db is created and loaded at /tmp/junit-1977624702146965358/af77d824-1ce1-4e8b-a45d-8bbbcc612446/hdds/clusterID/DS-5509120c-25cc-49c4-af6e-d5e7f336343d/container.db for volume DS-5509120c-25cc-49c4-af6e-d5e7f336343d
2025-10-18 02:35:07,671 [main] INFO  utils.DatanodeStoreCache (DatanodeStoreCache.java:removeDB(104)) - Removed db /tmp/junit-1977624702146965358/af77d824-1ce1-4e8b-a45d-8bbbcc612446/hdds/clusterID/DS-5509120c-25cc-49c4-af6e-d5e7f336343d/container.db from cache
2025-10-18 02:35:07,671 [main] INFO  volume.HddsVolume (HddsVolume.java:closeDbStore(609)) - SchemaV3 db is stopped at /tmp/junit-1977624702146965358/af77d824-1ce1-4e8b-a45d-8bbbcc612446/hdds/clusterID/DS-5509120c-25cc-49c4-af6e-d5e7f336343d/container.db for volume DS-5509120c-25cc-49c4-af6e-d5e7f336343d
2025-10-18 02:35:07,684 [ForkJoinPool.commonPool-worker-1] INFO  utils.DatanodeStoreCache (DatanodeStoreCache.java:addDB(70)) - Added db /tmp/junit-1977624702146965358/af77d824-1ce1-4e8b-a45d-8bbbcc612446/hdds/clusterID/DS-5509120c-25cc-49c4-af6e-d5e7f336343d/container.db to cache
2025-10-18 02:35:07,684 [ForkJoinPool.commonPool-worker-1] INFO  volume.HddsVolume (HddsVolume.java:loadDbStore(517)) - SchemaV3 db is loaded at /tmp/junit-1977624702146965358/af77d824-1ce1-4e8b-a45d-8bbbcc612446/hdds/clusterID/DS-5509120c-25cc-49c4-af6e-d5e7f336343d/container.db for volume DS-5509120c-25cc-49c4-af6e-d5e7f336343d
2025-10-18 02:35:07,684 [main] INFO  upgrade.DatanodeSchemaV3FinalizeAction (HddsVolumeUtil.java:loadAllHddsVolumeDbStore(102)) - Load 1 volumes DbStore cost: 13ms
2025-10-18 02:35:07,685 [main] INFO  upgrade.AbstractLayoutVersionManager (AbstractLayoutVersionManager.java:finalized(124)) - Layout feature DATANODE_SCHEMA_V3 has been finalized.
2025-10-18 02:35:07,685 [main] INFO  upgrade.UpgradeFinalizer (BasicUpgradeFinalizer.java:logAndEmit(395)) - No onFinalize work defined for feature: RATIS_DATASTREAM_PORT_IN_DATANODEDETAILS.
2025-10-18 02:35:07,686 [main] INFO  upgrade.AbstractLayoutVersionManager (AbstractLayoutVersionManager.java:finalized(124)) - Layout feature RATIS_DATASTREAM_PORT_IN_DATANODEDETAILS has been finalized.
2025-10-18 02:35:07,686 [main] INFO  upgrade.UpgradeFinalizer (BasicUpgradeFinalizer.java:logAndEmit(395)) - No onFinalize work defined for feature: WEBUI_PORTS_IN_DATANODEDETAILS.
2025-10-18 02:35:07,687 [main] INFO  upgrade.AbstractLayoutVersionManager (AbstractLayoutVersionManager.java:finalized(124)) - Layout feature WEBUI_PORTS_IN_DATANODEDETAILS has been finalized.
2025-10-18 02:35:07,687 [main] INFO  upgrade.UpgradeFinalizer (BasicUpgradeFinalizer.java:logAndEmit(395)) - No onFinalize work defined for feature: HADOOP_PRC_PORTS_IN_DATANODEDETAILS.
2025-10-18 02:35:07,689 [main] INFO  upgrade.AbstractLayoutVersionManager (AbstractLayoutVersionManager.java:finalized(124)) - Layout feature HADOOP_PRC_PORTS_IN_DATANODEDETAILS has been finalized.
2025-10-18 02:35:07,689 [main] INFO  upgrade.UpgradeFinalizer (BasicUpgradeFinalizer.java:logAndEmit(395)) - No onFinalize work defined for feature: HBASE_SUPPORT.
2025-10-18 02:35:07,690 [main] INFO  upgrade.AbstractLayoutVersionManager (AbstractLayoutVersionManager.java:finalized(124)) - Layout feature HBASE_SUPPORT has been finalized.
2025-10-18 02:35:07,690 [main] INFO  upgrade.UpgradeFinalizer (BasicUpgradeFinalizer.java:runFinalizationAction(270)) - Running finalization actions for layout feature: WITNESSED_CONTAINER_DB_PROTO_VALUE
2025-10-18 02:35:07,691 [main] INFO  upgrade.ContainerTableSchemaFinalizeAction (ContainerTableSchemaFinalizeAction.java:execute(71)) - Finished copy to containerIdsTable from previous table
2025-10-18 02:35:07,692 [main] INFO  upgrade.AbstractLayoutVersionManager (AbstractLayoutVersionManager.java:finalized(124)) - Layout feature WITNESSED_CONTAINER_DB_PROTO_VALUE has been finalized.
2025-10-18 02:35:07,692 [main] INFO  upgrade.AbstractLayoutVersionManager (AbstractLayoutVersionManager.java:finalized(126)) - Finalization is complete.
2025-10-18 02:35:07,692 [main] INFO  upgrade.UpgradeFinalizer (BasicUpgradeFinalizer.java:logAndEmit(395)) - Finalization is done.
2025-10-18 02:35:07,693 [main] INFO  ipc.Server (Server.java:stop(3697)) - Stopping server on 45481
2025-10-18 02:35:07,693 [IPC Server Responder] INFO  ipc.Server (Server.java:run(1718)) - Stopping IPC Server Responder
2025-10-18 02:35:07,693 [IPC Server listener on 45481] INFO  ipc.Server (Server.java:run(1585)) - Stopping IPC Server listener on 45481
2025-10-18 02:35:07,694 [main] INFO  ozoneimpl.OzoneContainer (OzoneContainer.java:stop(568)) - Attempting to stop container services.
2025-10-18 02:35:07,694 [ContainerMetadataScanner] WARN  ozoneimpl.AbstractBackgroundContainerScanner (AbstractBackgroundContainerScanner.java:handleRemainingSleep(136)) - Background container scan was interrupted.
2025-10-18 02:35:07,694 [ContainerMetadataScanner] INFO  ozoneimpl.AbstractBackgroundContainerScanner (AbstractBackgroundContainerScanner.java:run(63)) - org.apache.hadoop.ozone.container.ozoneimpl.BackgroundContainerMetadataScanner@65412cec exiting.
2025-10-18 02:35:07,694 [main] INFO  ozoneimpl.BackgroundContainerDataScanner (BackgroundContainerDataScanner.java:shutdown(87)) - ContainerDataScanner(/tmp/junit-1977624702146965358/af77d824-1ce1-4e8b-a45d-8bbbcc612446/hdds) is shutting down. 
2025-10-18 02:35:07,694 [ContainerDataScanner(/tmp/junit-1977624702146965358/af77d824-1ce1-4e8b-a45d-8bbbcc612446/hdds)] WARN  ozoneimpl.AbstractBackgroundContainerScanner (AbstractBackgroundContainerScanner.java:handleRemainingSleep(136)) - Background container scan was interrupted.
2025-10-18 02:35:07,695 [ContainerDataScanner(/tmp/junit-1977624702146965358/af77d824-1ce1-4e8b-a45d-8bbbcc612446/hdds)] INFO  ozoneimpl.AbstractBackgroundContainerScanner (AbstractBackgroundContainerScanner.java:run(63)) - ContainerDataScanner(/tmp/junit-1977624702146965358/af77d824-1ce1-4e8b-a45d-8bbbcc612446/hdds, DS-5509120c-25cc-49c4-af6e-d5e7f336343d) exiting.
2025-10-18 02:35:07,695 [main] INFO  ozoneimpl.OnDemandContainerScanner (OnDemandContainerScanner.java:shutdown(141)) - On-demand container scanner is shutting down.
2025-10-18 02:35:07,695 [main] INFO  ratis.XceiverServerRatis (XceiverServerRatis.java:stop(594)) - Closing XceiverServerRatis(86725130-df7c-4be1-a89d-60f61c997ba1)
2025-10-18 02:35:07,695 [main] INFO  server.RaftServer (RaftServerProxy.java:lambda$close$9(422)) - 86725130-df7c-4be1-a89d-60f61c997ba1: close
2025-10-18 02:35:07,696 [main] INFO  server.GrpcServicesImpl (GrpcServicesImpl.java:closeImpl(355)) - 86725130-df7c-4be1-a89d-60f61c997ba1: shutdown server GrpcServerProtocolService now
2025-10-18 02:35:07,696 [main] INFO  server.GrpcServicesImpl (GrpcServicesImpl.java:closeImpl(364)) - 86725130-df7c-4be1-a89d-60f61c997ba1: shutdown server GrpcServerProtocolService successfully
2025-10-18 02:35:07,697 [86725130-df7c-4be1-a89d-60f61c997ba1-NettyServerStreamRpc-bossGroup--thread1] INFO  logging.LoggingHandler (AbstractInternalLogger.java:log(148)) - [id: 0xf3827e02, L:/0.0.0.0:38579] CLOSE
2025-10-18 02:35:07,697 [86725130-df7c-4be1-a89d-60f61c997ba1-NettyServerStreamRpc-bossGroup--thread1] INFO  logging.LoggingHandler (AbstractInternalLogger.java:log(148)) - [id: 0xf3827e02, L:/0.0.0.0:38579] INACTIVE
2025-10-18 02:35:07,697 [86725130-df7c-4be1-a89d-60f61c997ba1-NettyServerStreamRpc-bossGroup--thread1] INFO  logging.LoggingHandler (AbstractInternalLogger.java:log(148)) - [id: 0xf3827e02, L:/0.0.0.0:38579] UNREGISTERED
2025-10-18 02:35:07,701 [JvmPauseMonitor9] INFO  util.JvmPauseMonitor (JvmPauseMonitor.java:run(152)) - JvmPauseMonitor-86725130-df7c-4be1-a89d-60f61c997ba1: Stopped
2025-10-18 02:35:09,706 [main] INFO  volume.HddsVolume (HddsVolume.java:closeDbStore(609)) - SchemaV3 db is stopped at /tmp/junit-1977624702146965358/af77d824-1ce1-4e8b-a45d-8bbbcc612446/hdds/clusterID/DS-5509120c-25cc-49c4-af6e-d5e7f336343d/container.db for volume DS-5509120c-25cc-49c4-af6e-d5e7f336343d
2025-10-18 02:35:09,706 [main] INFO  utils.BackgroundService (BackgroundService.java:shutdown(195)) - Shutting down service BlockDeletingService
2025-10-18 02:35:09,706 [main] INFO  utils.BackgroundService (BackgroundService.java:shutdown(195)) - Shutting down service StaleRecoveringContainerScrubbingService
]]></system-out>
  </testcase>
  <testcase name="testWriteWithV3Disabled(boolean)[1]" classname="org.apache.hadoop.ozone.container.upgrade.TestDatanodeUpgradeToSchemaV3" time="4.276">
    <system-out><![CDATA[2025-10-18 02:35:09,725 [main] INFO  ipc.CallQueueManager (CallQueueManager.java:<init>(93)) - Using callQueue: class java.util.concurrent.LinkedBlockingQueue, queueCapacity: 1000, scheduler: class org.apache.hadoop.ipc.DefaultRpcScheduler, ipcBackoff: false, ipcFailOver: false.
2025-10-18 02:35:09,725 [main] INFO  ipc.Server (Server.java:<init>(1438)) - Listener at localhost:41055
2025-10-18 02:35:09,725 [Socket Reader #1 for port 41055] INFO  ipc.Server (Server.java:run(1474)) - Starting Socket Reader #1 for port 41055
2025-10-18 02:35:09,731 [IPC Server Responder] INFO  ipc.Server (Server.java:run(1713)) - IPC Server Responder: starting
2025-10-18 02:35:09,731 [IPC Server listener on 41055] INFO  ipc.Server (Server.java:run(1553)) - IPC Server listener on 41055: starting
2025-10-18 02:35:09,732 [LeakDetector-ManagedRocksObject0] WARN  managed.ManagedRocksObjectUtils (HddsUtils.java:reportLeak(902)) - ManagedColumnFamilyOptions is not closed properly
2025-10-18 02:35:09,735 [main] INFO  upgrade.AbstractLayoutVersionManager (AbstractLayoutVersionManager.java:init(80)) - Initializing Layout version manager with metadata layout = ERASURE_CODED_STORAGE_SUPPORT (version = 3), software layout = WITNESSED_CONTAINER_DB_PROTO_VALUE (version = 9)
2025-10-18 02:35:09,736 [main] INFO  upgrade.HDDSLayoutVersionManager (HDDSLayoutVersionManager.java:lambda$registerUpgradeActions$0(81)) - Registering Upgrade Action : DatanodeSchemaV3FinalizeAction
2025-10-18 02:35:09,736 [main] INFO  upgrade.HDDSLayoutVersionManager (HDDSLayoutVersionManager.java:lambda$registerUpgradeActions$0(81)) - Registering Upgrade Action : ContainerTableSchemaFinalizeAction
2025-10-18 02:35:09,736 [main] INFO  statemachine.DatanodeStateMachine (DatanodeStateMachine.java:getEndPointTaskThreadPoolSize(321)) - Datanode State Machine Task Thread Pool size 2
2025-10-18 02:35:09,738 [main] INFO  volume.HddsVolume (HddsVolume.java:<init>(162)) - HddsVolume: { id=2e2a1222-9429-4539-80de-3f22b2f34be6 dir=/home/runner/work/ozone/ozone/hadoop-hdds/container-service/file:/home/runner/work/ozone/ozone/hadoop-hdds/container-service/target/tmp/dfs/data type=DISK failed }
2025-10-18 02:35:09,738 [main] ERROR volume.MutableVolumeSet (MutableVolumeSet.java:initializeVolumeSet(194)) - Failed to parse the storage location: file:///home/runner/work/ozone/ozone/hadoop-hdds/container-service/target/tmp/dfs/data
org.apache.hadoop.ozone.common.InconsistentStorageStateException: Mismatched DatanodeUUIDs. Version File : /home/runner/work/ozone/ozone/hadoop-hdds/container-service/target/tmp/dfs/data/hdds/VERSION has datanodeUuid: c3d05b50-810d-4b78-be46-d77415fe1b4d and Datanode has datanodeUuid: 4faa991c-0c6e-4a75-9c3d-b92d28797355
	at org.apache.hadoop.ozone.container.common.utils.StorageVolumeUtil.getDatanodeUUID(StorageVolumeUtil.java:122)
	at org.apache.hadoop.ozone.container.common.volume.StorageVolume.readVersionFile(StorageVolume.java:385)
	at org.apache.hadoop.ozone.container.common.volume.StorageVolume.initializeImpl(StorageVolume.java:240)
	at org.apache.hadoop.ozone.container.common.volume.StorageVolume.initialize(StorageVolume.java:215)
	at org.apache.hadoop.ozone.container.common.volume.HddsVolume.<init>(HddsVolume.java:151)
	at org.apache.hadoop.ozone.container.common.volume.HddsVolume.<init>(HddsVolume.java:80)
	at org.apache.hadoop.ozone.container.common.volume.HddsVolume$Builder.build(HddsVolume.java:130)
	at org.apache.hadoop.ozone.container.common.volume.HddsVolumeFactory.createVolume(HddsVolumeFactory.java:46)
	at org.apache.hadoop.ozone.container.common.volume.MutableVolumeSet.initializeVolumeSet(MutableVolumeSet.java:172)
	at org.apache.hadoop.ozone.container.common.volume.MutableVolumeSet.<init>(MutableVolumeSet.java:130)
	at org.apache.hadoop.ozone.container.common.volume.MutableVolumeSet.<init>(MutableVolumeSet.java:92)
	at org.apache.hadoop.ozone.container.ozoneimpl.OzoneContainer.<init>(OzoneContainer.java:170)
	at org.apache.hadoop.ozone.container.common.statemachine.DatanodeStateMachine.<init>(DatanodeStateMachine.java:191)
	at org.apache.hadoop.ozone.container.common.statemachine.DatanodeStateMachine.<init>(DatanodeStateMachine.java:305)
	at org.apache.hadoop.ozone.container.upgrade.UpgradeTestHelper.startPreFinalizedDatanode(UpgradeTestHelper.java:88)
	at org.apache.hadoop.ozone.container.upgrade.TestDatanodeUpgradeToSchemaV3.testWrite(TestDatanodeUpgradeToSchemaV3.java:427)
	at org.apache.hadoop.ozone.container.upgrade.TestDatanodeUpgradeToSchemaV3.testWriteWithV3Disabled(TestDatanodeUpgradeToSchemaV3.java:416)
	at java.base/jdk.internal.reflect.DirectMethodHandleAccessor.invoke(DirectMethodHandleAccessor.java:103)
	at java.base/java.lang.reflect.Method.invoke(Method.java:580)
	at org.junit.platform.commons.util.ReflectionUtils.invokeMethod(ReflectionUtils.java:786)
	at org.junit.platform.commons.support.ReflectionSupport.invokeMethod(ReflectionSupport.java:514)
	at org.junit.jupiter.engine.execution.MethodInvocation.proceed(MethodInvocation.java:60)
	at org.junit.jupiter.engine.execution.InvocationInterceptorChain$ValidatingInvocation.proceed(InvocationInterceptorChain.java:131)
	at org.junit.jupiter.engine.extension.SameThreadTimeoutInvocation.proceed(SameThreadTimeoutInvocation.java:49)
	at org.junit.jupiter.engine.extension.TimeoutExtension.intercept(TimeoutExtension.java:161)
	at org.junit.jupiter.engine.extension.TimeoutExtension.interceptTestableMethod(TimeoutExtension.java:152)
	at org.junit.jupiter.engine.extension.TimeoutExtension.interceptTestTemplateMethod(TimeoutExtension.java:99)
	at org.junit.jupiter.engine.execution.InterceptingExecutableInvoker$ReflectiveInterceptorCall.lambda$ofVoidMethod$0(InterceptingExecutableInvoker.java:112)
	at org.junit.jupiter.engine.execution.InterceptingExecutableInvoker.lambda$invoke$0(InterceptingExecutableInvoker.java:94)
	at org.junit.jupiter.engine.execution.InvocationInterceptorChain$InterceptedInvocation.proceed(InvocationInterceptorChain.java:106)
	at org.junit.jupiter.engine.execution.InvocationInterceptorChain.proceed(InvocationInterceptorChain.java:64)
	at org.junit.jupiter.engine.execution.InvocationInterceptorChain.chainAndInvoke(InvocationInterceptorChain.java:45)
	at org.junit.jupiter.engine.execution.InvocationInterceptorChain.invoke(InvocationInterceptorChain.java:37)
	at org.junit.jupiter.engine.execution.InterceptingExecutableInvoker.invoke(InterceptingExecutableInvoker.java:93)
	at org.junit.jupiter.engine.execution.InterceptingExecutableInvoker.invoke(InterceptingExecutableInvoker.java:87)
	at org.junit.jupiter.engine.descriptor.TestMethodTestDescriptor.lambda$invokeTestMethod$4(TestMethodTestDescriptor.java:221)
	at org.junit.platform.engine.support.hierarchical.ThrowableCollector.execute(ThrowableCollector.java:73)
	at org.junit.jupiter.engine.descriptor.TestMethodTestDescriptor.invokeTestMethod(TestMethodTestDescriptor.java:217)
	at org.junit.jupiter.engine.descriptor.TestMethodTestDescriptor.execute(TestMethodTestDescriptor.java:159)
	at org.junit.jupiter.engine.descriptor.TestMethodTestDescriptor.execute(TestMethodTestDescriptor.java:70)
	at org.junit.platform.engine.support.hierarchical.NodeTestTask.lambda$executeRecursively$6(NodeTestTask.java:157)
	at org.junit.platform.engine.support.hierarchical.ThrowableCollector.execute(ThrowableCollector.java:73)
	at org.junit.platform.engine.support.hierarchical.NodeTestTask.lambda$executeRecursively$8(NodeTestTask.java:147)
	at org.junit.platform.engine.support.hierarchical.Node.around(Node.java:137)
	at org.junit.platform.engine.support.hierarchical.NodeTestTask.lambda$executeRecursively$9(NodeTestTask.java:145)
	at org.junit.platform.engine.support.hierarchical.ThrowableCollector.execute(ThrowableCollector.java:73)
	at org.junit.platform.engine.support.hierarchical.NodeTestTask.executeRecursively(NodeTestTask.java:144)
	at org.junit.platform.engine.support.hierarchical.NodeTestTask.execute(NodeTestTask.java:101)
	at org.junit.platform.engine.support.hierarchical.SameThreadHierarchicalTestExecutorService.submit(SameThreadHierarchicalTestExecutorService.java:35)
	at org.junit.platform.engine.support.hierarchical.NodeTestTask$DefaultDynamicTestExecutor.execute(NodeTestTask.java:232)
	at org.junit.platform.engine.support.hierarchical.NodeTestTask$DefaultDynamicTestExecutor.execute(NodeTestTask.java:210)
	at org.junit.jupiter.engine.descriptor.TemplateExecutor.execute(TemplateExecutor.java:98)
	at org.junit.jupiter.engine.descriptor.TemplateExecutor.lambda$executeForProvider$0(TemplateExecutor.java:61)
	at java.base/java.util.Optional.ifPresent(Optional.java:178)
	at org.junit.jupiter.engine.descriptor.TemplateExecutor.lambda$executeForProvider$1(TemplateExecutor.java:61)
	at java.base/java.util.stream.ForEachOps$ForEachOp$OfRef.accept(ForEachOps.java:184)
	at java.base/java.util.stream.ReferencePipeline$3$1.accept(ReferencePipeline.java:197)
	at java.base/java.util.stream.ForEachOps$ForEachOp$OfRef.accept(ForEachOps.java:184)
	at java.base/java.util.stream.ForEachOps$ForEachOp$OfRef.accept(ForEachOps.java:184)
	at java.base/java.util.stream.ReferencePipeline$3$1.accept(ReferencePipeline.java:197)
	at java.base/java.util.Spliterators$ArraySpliterator.forEachRemaining(Spliterators.java:1024)
	at java.base/java.util.stream.AbstractPipeline.copyInto(AbstractPipeline.java:509)
	at java.base/java.util.stream.AbstractPipeline.wrapAndCopyInto(AbstractPipeline.java:499)
	at java.base/java.util.stream.ForEachOps$ForEachOp.evaluateSequential(ForEachOps.java:151)
	at java.base/java.util.stream.ForEachOps$ForEachOp$OfRef.evaluateSequential(ForEachOps.java:174)
	at java.base/java.util.stream.AbstractPipeline.evaluate(AbstractPipeline.java:234)
	at java.base/java.util.stream.ReferencePipeline.forEach(ReferencePipeline.java:596)
	at java.base/java.util.stream.ReferencePipeline$7$1.accept(ReferencePipeline.java:276)
	at java.base/java.util.ArrayList$ArrayListSpliterator.forEachRemaining(ArrayList.java:1708)
	at java.base/java.util.stream.AbstractPipeline.copyInto(AbstractPipeline.java:509)
	at java.base/java.util.stream.AbstractPipeline.wrapAndCopyInto(AbstractPipeline.java:499)
	at java.base/java.util.stream.ForEachOps$ForEachOp.evaluateSequential(ForEachOps.java:151)
	at java.base/java.util.stream.ForEachOps$ForEachOp$OfRef.evaluateSequential(ForEachOps.java:174)
	at java.base/java.util.stream.AbstractPipeline.evaluate(AbstractPipeline.java:234)
	at java.base/java.util.stream.ReferencePipeline.forEach(ReferencePipeline.java:596)
	at java.base/java.util.stream.ReferencePipeline$7$1.accept(ReferencePipeline.java:276)
	at java.base/java.util.stream.ReferencePipeline$3$1.accept(ReferencePipeline.java:197)
	at java.base/java.util.stream.ReferencePipeline$3$1.accept(ReferencePipeline.java:197)
	at java.base/java.util.stream.ReferencePipeline$3$1.accept(ReferencePipeline.java:197)
	at java.base/java.util.ArrayList$ArrayListSpliterator.forEachRemaining(ArrayList.java:1708)
	at java.base/java.util.stream.AbstractPipeline.copyInto(AbstractPipeline.java:509)
	at java.base/java.util.stream.AbstractPipeline.wrapAndCopyInto(AbstractPipeline.java:499)
	at java.base/java.util.stream.ForEachOps$ForEachOp.evaluateSequential(ForEachOps.java:151)
	at java.base/java.util.stream.ForEachOps$ForEachOp$OfRef.evaluateSequential(ForEachOps.java:174)
	at java.base/java.util.stream.AbstractPipeline.evaluate(AbstractPipeline.java:234)
	at java.base/java.util.stream.ReferencePipeline.forEach(ReferencePipeline.java:596)
	at org.junit.jupiter.engine.descriptor.TemplateExecutor.executeForProvider(TemplateExecutor.java:59)
	at org.junit.jupiter.engine.descriptor.TemplateExecutor.execute(TemplateExecutor.java:48)
	at org.junit.jupiter.engine.descriptor.TestTemplateTestDescriptor.execute(TestTemplateTestDescriptor.java:112)
	at org.junit.jupiter.engine.descriptor.TestTemplateTestDescriptor.execute(TestTemplateTestDescriptor.java:40)
	at org.junit.platform.engine.support.hierarchical.NodeTestTask.lambda$executeRecursively$6(NodeTestTask.java:157)
	at org.junit.platform.engine.support.hierarchical.ThrowableCollector.execute(ThrowableCollector.java:73)
	at org.junit.platform.engine.support.hierarchical.NodeTestTask.lambda$executeRecursively$8(NodeTestTask.java:147)
	at org.junit.platform.engine.support.hierarchical.Node.around(Node.java:137)
	at org.junit.platform.engine.support.hierarchical.NodeTestTask.lambda$executeRecursively$9(NodeTestTask.java:145)
	at org.junit.platform.engine.support.hierarchical.ThrowableCollector.execute(ThrowableCollector.java:73)
	at org.junit.platform.engine.support.hierarchical.NodeTestTask.executeRecursively(NodeTestTask.java:144)
	at org.junit.platform.engine.support.hierarchical.NodeTestTask.execute(NodeTestTask.java:101)
	at java.base/java.util.ArrayList.forEach(ArrayList.java:1596)
	at org.junit.platform.engine.support.hierarchical.SameThreadHierarchicalTestExecutorService.invokeAll(SameThreadHierarchicalTestExecutorService.java:41)
	at org.junit.platform.engine.support.hierarchical.NodeTestTask.lambda$executeRecursively$6(NodeTestTask.java:161)
	at org.junit.platform.engine.support.hierarchical.ThrowableCollector.execute(ThrowableCollector.java:73)
	at org.junit.platform.engine.support.hierarchical.NodeTestTask.lambda$executeRecursively$8(NodeTestTask.java:147)
	at org.junit.platform.engine.support.hierarchical.Node.around(Node.java:137)
	at org.junit.platform.engine.support.hierarchical.NodeTestTask.lambda$executeRecursively$9(NodeTestTask.java:145)
	at org.junit.platform.engine.support.hierarchical.ThrowableCollector.execute(ThrowableCollector.java:73)
	at org.junit.platform.engine.support.hierarchical.NodeTestTask.executeRecursively(NodeTestTask.java:144)
	at org.junit.platform.engine.support.hierarchical.NodeTestTask.execute(NodeTestTask.java:101)
	at java.base/java.util.ArrayList.forEach(ArrayList.java:1596)
	at org.junit.platform.engine.support.hierarchical.SameThreadHierarchicalTestExecutorService.invokeAll(SameThreadHierarchicalTestExecutorService.java:41)
	at org.junit.platform.engine.support.hierarchical.NodeTestTask.lambda$executeRecursively$6(NodeTestTask.java:161)
	at org.junit.platform.engine.support.hierarchical.ThrowableCollector.execute(ThrowableCollector.java:73)
	at org.junit.platform.engine.support.hierarchical.NodeTestTask.lambda$executeRecursively$8(NodeTestTask.java:147)
	at org.junit.platform.engine.support.hierarchical.Node.around(Node.java:137)
	at org.junit.platform.engine.support.hierarchical.NodeTestTask.lambda$executeRecursively$9(NodeTestTask.java:145)
	at org.junit.platform.engine.support.hierarchical.ThrowableCollector.execute(ThrowableCollector.java:73)
	at org.junit.platform.engine.support.hierarchical.NodeTestTask.executeRecursively(NodeTestTask.java:144)
	at org.junit.platform.engine.support.hierarchical.NodeTestTask.execute(NodeTestTask.java:101)
	at org.junit.platform.engine.support.hierarchical.SameThreadHierarchicalTestExecutorService.submit(SameThreadHierarchicalTestExecutorService.java:35)
	at org.junit.platform.engine.support.hierarchical.HierarchicalTestExecutor.execute(HierarchicalTestExecutor.java:57)
	at org.junit.platform.engine.support.hierarchical.HierarchicalTestEngine.execute(HierarchicalTestEngine.java:54)
	at org.junit.platform.launcher.core.EngineExecutionOrchestrator.executeEngine(EngineExecutionOrchestrator.java:230)
	at org.junit.platform.launcher.core.EngineExecutionOrchestrator.failOrExecuteEngine(EngineExecutionOrchestrator.java:204)
	at org.junit.platform.launcher.core.EngineExecutionOrchestrator.execute(EngineExecutionOrchestrator.java:172)
	at org.junit.platform.launcher.core.EngineExecutionOrchestrator.execute(EngineExecutionOrchestrator.java:101)
	at org.junit.platform.launcher.core.EngineExecutionOrchestrator.lambda$execute$0(EngineExecutionOrchestrator.java:64)
	at org.junit.platform.launcher.core.EngineExecutionOrchestrator.withInterceptedStreams(EngineExecutionOrchestrator.java:150)
	at org.junit.platform.launcher.core.EngineExecutionOrchestrator.execute(EngineExecutionOrchestrator.java:63)
	at org.junit.platform.launcher.core.DefaultLauncher.execute(DefaultLauncher.java:109)
	at org.junit.platform.launcher.core.DefaultLauncher.execute(DefaultLauncher.java:91)
	at org.junit.platform.launcher.core.DelegatingLauncher.execute(DelegatingLauncher.java:47)
	at org.junit.platform.launcher.core.InterceptingLauncher.lambda$execute$1(InterceptingLauncher.java:39)
	at org.junit.platform.launcher.core.ClasspathAlignmentCheckingLauncherInterceptor.intercept(ClasspathAlignmentCheckingLauncherInterceptor.java:25)
	at org.junit.platform.launcher.core.InterceptingLauncher.execute(InterceptingLauncher.java:38)
	at org.junit.platform.launcher.core.DelegatingLauncher.execute(DelegatingLauncher.java:47)
	at org.apache.maven.surefire.junitplatform.LazyLauncher.execute(LazyLauncher.java:56)
	at org.apache.maven.surefire.junitplatform.JUnitPlatformProvider.execute(JUnitPlatformProvider.java:184)
	at org.apache.maven.surefire.junitplatform.JUnitPlatformProvider.invokeAllTests(JUnitPlatformProvider.java:148)
	at org.apache.maven.surefire.junitplatform.JUnitPlatformProvider.invoke(JUnitPlatformProvider.java:120)
	at org.apache.maven.surefire.booter.ForkedBooter.runSuitesInProcess(ForkedBooter.java:385)
	at org.apache.maven.surefire.booter.ForkedBooter.execute(ForkedBooter.java:162)
	at org.apache.maven.surefire.booter.ForkedBooter.run(ForkedBooter.java:507)
	at org.apache.maven.surefire.booter.ForkedBooter.main(ForkedBooter.java:495)
2025-10-18 02:35:09,740 [main] INFO  volume.HddsVolume (HddsVolume.java:<init>(162)) - HddsVolume: { id=DS-c29bc50d-e2f4-4253-8bba-bbae1ec5d62f dir=/tmp/junit-11153783023867295602/ce31e86a-ba32-4634-899f-56da6a8b7e88/hdds type=DISK capacity=9222449699674390527 used=0 available=9222449699674390527 minFree=184448985434423296 committed=0 }
2025-10-18 02:35:09,740 [main] INFO  volume.MutableVolumeSet (MutableVolumeSet.java:initializeVolumeSet(175)) - Added Volume : /tmp/junit-11153783023867295602/ce31e86a-ba32-4634-899f-56da6a8b7e88/hdds to VolumeSet
2025-10-18 02:35:09,740 [main] WARN  server.ServerUtils (ServerUtils.java:getDefaultRatisDirectory(304)) - Storage directory for Ratis is not configured. It is a good idea to map this to an SSD disk. Falling back to ozone.metadata.dirs
2025-10-18 02:35:09,741 [main] INFO  volume.MutableVolumeSet (MutableVolumeSet.java:initializeVolumeSet(175)) - Added Volume : /tmp/junit-11153783023867295602/ratis to VolumeSet
2025-10-18 02:35:09,741 [main] WARN  db.DBStoreBuilder (DBStoreBuilder.java:getDBDirPath(157)) - ozone.scm.datanode.id.dir is not configured. We recommend adding this setting. Falling back to ozone.metadata.dirs instead.
2025-10-18 02:35:09,742 [main] WARN  db.DBStoreBuilder (DBStoreBuilder.java:getDBDirPath(157)) - ozone.scm.datanode.id.dir is not configured. We recommend adding this setting. Falling back to ozone.metadata.dirs instead.
2025-10-18 02:35:09,757 [main] INFO  impl.FilePerChunkStrategy (FilePerChunkStrategy.java:<init>(79)) - ozone.chunk.read.mapped.buffer.max.count is load with 0
2025-10-18 02:35:09,757 [main] INFO  impl.FilePerBlockStrategy (FilePerBlockStrategy.java:<init>(88)) - ozone.chunk.read.mapped.buffer.max.count is load with 0
2025-10-18 02:35:09,758 [main] INFO  server.RaftServerConfigKeys (ConfUtils.java:logGet(62)) - raft.server.log.appender.buffer.byte-limit = 33554432 (custom)
2025-10-18 02:35:09,758 [main] WARN  server.ServerUtils (ServerUtils.java:getDefaultRatisDirectory(304)) - Storage directory for Ratis is not configured. It is a good idea to map this to an SSD disk. Falling back to ozone.metadata.dirs
2025-10-18 02:35:09,759 [main] INFO  grpc.GrpcConfigKeys (ConfUtils.java:logFallback(69)) - raft.grpc.admin.host = null (fallback to raft.grpc.server.host)
2025-10-18 02:35:09,759 [main] INFO  grpc.GrpcConfigKeys (ConfUtils.java:logFallback(69)) - raft.grpc.client.host = null (fallback to raft.grpc.server.host)
2025-10-18 02:35:09,759 [main] INFO  server.GrpcServicesImpl (ConfUtils.java:logGet(62)) - raft.grpc.message.size.max = 34603008 (custom)
2025-10-18 02:35:09,760 [main] INFO  server.GrpcServicesImpl (ConfUtils.java:logGet(62)) - raft.grpc.flow.control.window = 5MB (=5242880) (custom)
2025-10-18 02:35:09,760 [main] INFO  server.RaftServerConfigKeys (ConfUtils.java:logGet(62)) - raft.server.log.appender.buffer.byte-limit = 33554432 (custom)
2025-10-18 02:35:09,761 [main] INFO  netty.NettyUtils (NettyUtils.java:newEventLoopGroup(74)) - Create EpollEventLoopGroup for 4faa991c-0c6e-4a75-9c3d-b92d28797355-NettyServerStreamRpc-bossGroup; Thread size is 0.
2025-10-18 02:35:09,761 [main] INFO  netty.NettyUtils (NettyUtils.java:newEventLoopGroup(74)) - Create EpollEventLoopGroup for 4faa991c-0c6e-4a75-9c3d-b92d28797355-NettyServerStreamRpc-workerGroup; Thread size is 0.
2025-10-18 02:35:09,762 [main] INFO  server.RaftServerConfigKeys (ConfUtils.java:logGet(62)) - raft.server.storage.dir = [/tmp/junit-11153783023867295602/ratis] (custom)
2025-10-18 02:35:09,763 [4faa991c-0c6e-4a75-9c3d-b92d28797355-NettyServerStreamRpc-bossGroup--thread1] INFO  logging.LoggingHandler (AbstractInternalLogger.java:log(148)) - [id: 0xe5427efd] REGISTERED
2025-10-18 02:35:09,763 [4faa991c-0c6e-4a75-9c3d-b92d28797355-NettyServerStreamRpc-bossGroup--thread1] INFO  logging.LoggingHandler (AbstractInternalLogger.java:log(148)) - [id: 0xe5427efd] BIND: 0.0.0.0/0.0.0.0:0
2025-10-18 02:35:09,763 [4faa991c-0c6e-4a75-9c3d-b92d28797355-NettyServerStreamRpc-bossGroup--thread1] INFO  logging.LoggingHandler (AbstractInternalLogger.java:log(148)) - [id: 0xe5427efd, L:/0.0.0.0:46071] ACTIVE
2025-10-18 02:35:09,764 [4faa991c-0c6e-4a75-9c3d-b92d28797355-impl-thread1] INFO  server.RaftServer (RaftServerProxy.java:initGroupDir(270)) - 4faa991c-0c6e-4a75-9c3d-b92d28797355: found a subdirectory /tmp/junit-11153783023867295602/ratis/tmp
2025-10-18 02:35:09,764 [4faa991c-0c6e-4a75-9c3d-b92d28797355-impl-thread1] INFO  server.RaftServer (RaftServerProxy.java:initGroupDir(275)) - 4faa991c-0c6e-4a75-9c3d-b92d28797355: The directory /tmp/junit-11153783023867295602/ratis/tmp is not a group directory; ignoring it. 
2025-10-18 02:35:09,764 [main] INFO  replication.ReplicationServer (ReplicationServer.java:<init>(84)) - Initializing replication server with thread count = 10 queue length = 4096
2025-10-18 02:35:09,765 [main] INFO  server.XceiverServerGrpc (XceiverServerGrpc.java:<init>(129)) - GrpcServer channel type EpollServerSocketChannel
2025-10-18 02:35:09,766 [main] INFO  replication.ReplicationSupervisor (ReplicationSupervisor.java:build(169)) - Initializing replication supervisor with thread count = 10
2025-10-18 02:35:09,766 [main] INFO  replication.ReplicationSupervisor (ReplicationSupervisor.java:nodeStateUpdated(358)) - Node state updated to IN_SERVICE, scaling executor pool size to 10
2025-10-18 02:35:09,774 [4faa991c-0c6e-4a75-9c3d-b92d28797355-ContainerReader-0] INFO  ozoneimpl.ContainerReader (ContainerReader.java:readVolume(147)) - Start to verify containers on volume /tmp/junit-11153783023867295602/ce31e86a-ba32-4634-899f-56da6a8b7e88/hdds
2025-10-18 02:35:09,774 [4faa991c-0c6e-4a75-9c3d-b92d28797355-ContainerReader-0] INFO  ozoneimpl.ContainerReader (ContainerReader.java:readVolume(177)) - Finish verifying containers on volume /tmp/junit-11153783023867295602/ce31e86a-ba32-4634-899f-56da6a8b7e88/hdds
2025-10-18 02:35:09,774 [main] INFO  ozoneimpl.OzoneContainer (OzoneContainer.java:buildContainerSet(359)) - Build ContainerSet costs 0s
2025-10-18 02:35:09,776 [main] INFO  volume.ThrottledAsyncChecker (ThrottledAsyncChecker.java:schedule(138)) - Scheduling a check for /tmp/junit-11153783023867295602/ce31e86a-ba32-4634-899f-56da6a8b7e88/hdds
2025-10-18 02:35:09,777 [main] INFO  volume.StorageVolumeChecker (StorageVolumeChecker.java:checkAllVolumes(231)) - Scheduled health check for volume /tmp/junit-11153783023867295602/ce31e86a-ba32-4634-899f-56da6a8b7e88/hdds
2025-10-18 02:35:09,777 [main] INFO  volume.ThrottledAsyncChecker (ThrottledAsyncChecker.java:schedule(138)) - Scheduling a check for /tmp/junit-11153783023867295602/ratis
2025-10-18 02:35:09,778 [main] INFO  volume.StorageVolumeChecker (StorageVolumeChecker.java:checkAllVolumes(231)) - Scheduled health check for volume /tmp/junit-11153783023867295602/ratis
2025-10-18 02:35:09,778 [main] INFO  ozoneimpl.OzoneContainer (OzoneContainer.java:start(544)) - Attempting to start container services.
2025-10-18 02:35:09,779 [ContainerMetadataScanner] INFO  ozoneimpl.AbstractBackgroundContainerScanner (AbstractBackgroundContainerScanner.java:runIteration(89)) - Completed an iteration in 0 minutes. Number of iterations (since the data-node restart) : 1, Number of containers scanned in this iteration : 0, Number of unhealthy containers found in this iteration : 0
2025-10-18 02:35:09,779 [ContainerDataScanner(/tmp/junit-11153783023867295602/ce31e86a-ba32-4634-899f-56da6a8b7e88/hdds)] INFO  ozoneimpl.AbstractBackgroundContainerScanner (AbstractBackgroundContainerScanner.java:runIteration(89)) - Completed an iteration in 0 minutes. Number of iterations (since the data-node restart) : 1, Number of containers scanned in this iteration : 0, Number of unhealthy containers found in this iteration : 0
2025-10-18 02:35:09,780 [main] INFO  replication.ReplicationServer (ReplicationServer.java:start(137)) - ReplicationServer is started using port 9886
2025-10-18 02:35:09,780 [main] INFO  ratis.XceiverServerRatis (XceiverServerRatis.java:start(559)) - Starting XceiverServerRatis(4faa991c-0c6e-4a75-9c3d-b92d28797355)
2025-10-18 02:35:09,782 [main] INFO  server.RaftServer (RaftServerProxy.java:startImpl(412)) - 4faa991c-0c6e-4a75-9c3d-b92d28797355: start RPC server
2025-10-18 02:35:09,783 [main] INFO  server.GrpcServicesImpl (GrpcServicesImpl.java:startImpl(346)) - 4faa991c-0c6e-4a75-9c3d-b92d28797355: GrpcServicesImpl started, listening on 9858
2025-10-18 02:35:09,783 [main] INFO  ratis.XceiverServerRatis (XceiverServerRatis.java:getRealPort(586)) - XceiverServerRatis(4faa991c-0c6e-4a75-9c3d-b92d28797355) is started using port RATIS=9858
2025-10-18 02:35:09,783 [JvmPauseMonitor10] INFO  util.JvmPauseMonitor (JvmPauseMonitor.java:run(146)) - JvmPauseMonitor-4faa991c-0c6e-4a75-9c3d-b92d28797355: Started
2025-10-18 02:35:09,783 [main] INFO  ratis.XceiverServerRatis (XceiverServerRatis.java:getRealPort(586)) - XceiverServerRatis(4faa991c-0c6e-4a75-9c3d-b92d28797355) is started using port RATIS_ADMIN=9858
2025-10-18 02:35:09,784 [main] INFO  ratis.XceiverServerRatis (XceiverServerRatis.java:getRealPort(586)) - XceiverServerRatis(4faa991c-0c6e-4a75-9c3d-b92d28797355) is started using port RATIS_SERVER=9858
2025-10-18 02:35:09,784 [main] INFO  ratis.XceiverServerRatis (XceiverServerRatis.java:getRealPort(586)) - XceiverServerRatis(4faa991c-0c6e-4a75-9c3d-b92d28797355) is started using port RATIS_DATASTREAM=46071
2025-10-18 02:35:09,784 [main] INFO  utils.BackgroundService (BackgroundService.java:start(119)) - Starting service BlockDeletingService with interval 60000 milliseconds
2025-10-18 02:35:09,785 [main] INFO  utils.BackgroundService (BackgroundService.java:start(119)) - Starting service StaleRecoveringContainerScrubbingService with interval 60000 milliseconds
2025-10-18 02:35:09,785 [main] INFO  upgrade.UpgradeFinalizer (BasicUpgradeFinalizer.java:logAndEmit(395)) - Finalization started.
2025-10-18 02:35:09,785 [main] INFO  upgrade.UpgradeFinalizer (BasicUpgradeFinalizer.java:runFinalizationAction(270)) - Running finalization actions for layout feature: DATANODE_SCHEMA_V3
2025-10-18 02:35:09,786 [main] INFO  upgrade.DatanodeSchemaV3FinalizeAction (DatanodeSchemaV3FinalizeAction.java:execute(49)) - Upgrading Datanode volume layout for Schema V3 support.
2025-10-18 02:35:09,811 [main] INFO  utils.DatanodeStoreCache (DatanodeStoreCache.java:addDB(70)) - Added db /tmp/junit-11153783023867295602/ce31e86a-ba32-4634-899f-56da6a8b7e88/hdds/clusterID/DS-56157acd-5e79-473a-876a-671698be72af/container.db to cache
2025-10-18 02:35:09,811 [main] INFO  volume.HddsVolume (HddsVolume.java:createDbStore(576)) - SchemaV3 db is created and loaded at /tmp/junit-11153783023867295602/ce31e86a-ba32-4634-899f-56da6a8b7e88/hdds/clusterID/DS-56157acd-5e79-473a-876a-671698be72af/container.db for volume DS-56157acd-5e79-473a-876a-671698be72af
2025-10-18 02:35:09,812 [main] INFO  utils.DatanodeStoreCache (DatanodeStoreCache.java:removeDB(104)) - Removed db /tmp/junit-11153783023867295602/ce31e86a-ba32-4634-899f-56da6a8b7e88/hdds/clusterID/DS-56157acd-5e79-473a-876a-671698be72af/container.db from cache
2025-10-18 02:35:09,812 [main] INFO  volume.HddsVolume (HddsVolume.java:closeDbStore(609)) - SchemaV3 db is stopped at /tmp/junit-11153783023867295602/ce31e86a-ba32-4634-899f-56da6a8b7e88/hdds/clusterID/DS-56157acd-5e79-473a-876a-671698be72af/container.db for volume DS-56157acd-5e79-473a-876a-671698be72af
2025-10-18 02:35:09,812 [main] INFO  upgrade.DatanodeSchemaV3FinalizeAction (DatanodeSchemaV3FinalizeAction.java:execute(75)) - Schema V3 is disabled. Won't load RocksDB in upgrade.
2025-10-18 02:35:09,813 [main] INFO  upgrade.AbstractLayoutVersionManager (AbstractLayoutVersionManager.java:finalized(124)) - Layout feature DATANODE_SCHEMA_V3 has been finalized.
2025-10-18 02:35:09,814 [main] INFO  upgrade.UpgradeFinalizer (BasicUpgradeFinalizer.java:logAndEmit(395)) - No onFinalize work defined for feature: RATIS_DATASTREAM_PORT_IN_DATANODEDETAILS.
2025-10-18 02:35:09,814 [main] INFO  upgrade.AbstractLayoutVersionManager (AbstractLayoutVersionManager.java:finalized(124)) - Layout feature RATIS_DATASTREAM_PORT_IN_DATANODEDETAILS has been finalized.
2025-10-18 02:35:09,815 [main] INFO  upgrade.UpgradeFinalizer (BasicUpgradeFinalizer.java:logAndEmit(395)) - No onFinalize work defined for feature: WEBUI_PORTS_IN_DATANODEDETAILS.
2025-10-18 02:35:09,815 [main] INFO  upgrade.AbstractLayoutVersionManager (AbstractLayoutVersionManager.java:finalized(124)) - Layout feature WEBUI_PORTS_IN_DATANODEDETAILS has been finalized.
2025-10-18 02:35:09,815 [main] INFO  upgrade.UpgradeFinalizer (BasicUpgradeFinalizer.java:logAndEmit(395)) - No onFinalize work defined for feature: HADOOP_PRC_PORTS_IN_DATANODEDETAILS.
2025-10-18 02:35:09,816 [main] INFO  upgrade.AbstractLayoutVersionManager (AbstractLayoutVersionManager.java:finalized(124)) - Layout feature HADOOP_PRC_PORTS_IN_DATANODEDETAILS has been finalized.
2025-10-18 02:35:09,817 [main] INFO  upgrade.UpgradeFinalizer (BasicUpgradeFinalizer.java:logAndEmit(395)) - No onFinalize work defined for feature: HBASE_SUPPORT.
2025-10-18 02:35:09,818 [main] INFO  upgrade.AbstractLayoutVersionManager (AbstractLayoutVersionManager.java:finalized(124)) - Layout feature HBASE_SUPPORT has been finalized.
2025-10-18 02:35:09,818 [main] INFO  upgrade.UpgradeFinalizer (BasicUpgradeFinalizer.java:runFinalizationAction(270)) - Running finalization actions for layout feature: WITNESSED_CONTAINER_DB_PROTO_VALUE
2025-10-18 02:35:09,818 [main] INFO  upgrade.ContainerTableSchemaFinalizeAction (ContainerTableSchemaFinalizeAction.java:execute(71)) - Finished copy to containerIdsTable from previous table
2025-10-18 02:35:09,819 [main] INFO  upgrade.AbstractLayoutVersionManager (AbstractLayoutVersionManager.java:finalized(124)) - Layout feature WITNESSED_CONTAINER_DB_PROTO_VALUE has been finalized.
2025-10-18 02:35:09,819 [main] INFO  upgrade.AbstractLayoutVersionManager (AbstractLayoutVersionManager.java:finalized(126)) - Finalization is complete.
2025-10-18 02:35:09,819 [main] INFO  upgrade.UpgradeFinalizer (BasicUpgradeFinalizer.java:logAndEmit(395)) - Finalization is done.
2025-10-18 02:35:09,856 [main] INFO  keyvalue.KeyValueContainer (KeyValueContainer.java:flushAndSyncDB(514)) - Synced container: KeyValueContainerData #757930991 (CLOSING, non-empty, ri=0, origin=[dn_4faa991c-0c6e-4a75-9c3d-b92d28797355, pipeline_])
2025-10-18 02:35:09,856 [main] INFO  keyvalue.KeyValueContainer (KeyValueContainer.java:flushAndSyncDB(514)) - Synced container: KeyValueContainerData #757930991 (CLOSING, non-empty, ri=0, origin=[dn_4faa991c-0c6e-4a75-9c3d-b92d28797355, pipeline_])
2025-10-18 02:35:09,859 [main] INFO  keyvalue.KeyValueContainer (KeyValueContainer.java:close(430)) - Closed container: KeyValueContainerData #757930991 (CLOSED, non-empty, ri=0, origin=[dn_4faa991c-0c6e-4a75-9c3d-b92d28797355, pipeline_])
2025-10-18 02:35:09,861 [main] INFO  ozoneimpl.OzoneContainer (OzoneContainer.java:stop(568)) - Attempting to stop container services.
2025-10-18 02:35:09,861 [ContainerMetadataScanner] WARN  ozoneimpl.AbstractBackgroundContainerScanner (AbstractBackgroundContainerScanner.java:handleRemainingSleep(136)) - Background container scan was interrupted.
2025-10-18 02:35:09,861 [ContainerMetadataScanner] INFO  ozoneimpl.AbstractBackgroundContainerScanner (AbstractBackgroundContainerScanner.java:run(63)) - org.apache.hadoop.ozone.container.ozoneimpl.BackgroundContainerMetadataScanner@73440ce6 exiting.
2025-10-18 02:35:09,861 [main] INFO  ozoneimpl.BackgroundContainerDataScanner (BackgroundContainerDataScanner.java:shutdown(87)) - ContainerDataScanner(/tmp/junit-11153783023867295602/ce31e86a-ba32-4634-899f-56da6a8b7e88/hdds) is shutting down. 
2025-10-18 02:35:09,862 [ContainerDataScanner(/tmp/junit-11153783023867295602/ce31e86a-ba32-4634-899f-56da6a8b7e88/hdds)] WARN  ozoneimpl.AbstractBackgroundContainerScanner (AbstractBackgroundContainerScanner.java:handleRemainingSleep(136)) - Background container scan was interrupted.
2025-10-18 02:35:09,862 [ContainerDataScanner(/tmp/junit-11153783023867295602/ce31e86a-ba32-4634-899f-56da6a8b7e88/hdds)] INFO  ozoneimpl.AbstractBackgroundContainerScanner (AbstractBackgroundContainerScanner.java:run(63)) - ContainerDataScanner(/tmp/junit-11153783023867295602/ce31e86a-ba32-4634-899f-56da6a8b7e88/hdds, DS-56157acd-5e79-473a-876a-671698be72af) exiting.
2025-10-18 02:35:09,862 [main] INFO  ozoneimpl.OnDemandContainerScanner (OnDemandContainerScanner.java:shutdown(141)) - On-demand container scanner is shutting down.
2025-10-18 02:35:09,862 [main] INFO  ratis.XceiverServerRatis (XceiverServerRatis.java:stop(594)) - Closing XceiverServerRatis(4faa991c-0c6e-4a75-9c3d-b92d28797355)
2025-10-18 02:35:09,863 [main] INFO  server.RaftServer (RaftServerProxy.java:lambda$close$9(422)) - 4faa991c-0c6e-4a75-9c3d-b92d28797355: close
2025-10-18 02:35:09,863 [main] INFO  server.GrpcServicesImpl (GrpcServicesImpl.java:closeImpl(355)) - 4faa991c-0c6e-4a75-9c3d-b92d28797355: shutdown server GrpcServerProtocolService now
2025-10-18 02:35:09,863 [main] INFO  server.GrpcServicesImpl (GrpcServicesImpl.java:closeImpl(364)) - 4faa991c-0c6e-4a75-9c3d-b92d28797355: shutdown server GrpcServerProtocolService successfully
2025-10-18 02:35:09,863 [4faa991c-0c6e-4a75-9c3d-b92d28797355-NettyServerStreamRpc-bossGroup--thread1] INFO  logging.LoggingHandler (AbstractInternalLogger.java:log(148)) - [id: 0xe5427efd, L:/0.0.0.0:46071] CLOSE
2025-10-18 02:35:09,863 [4faa991c-0c6e-4a75-9c3d-b92d28797355-NettyServerStreamRpc-bossGroup--thread1] INFO  logging.LoggingHandler (AbstractInternalLogger.java:log(148)) - [id: 0xe5427efd, L:/0.0.0.0:46071] INACTIVE
2025-10-18 02:35:09,864 [4faa991c-0c6e-4a75-9c3d-b92d28797355-NettyServerStreamRpc-bossGroup--thread1] INFO  logging.LoggingHandler (AbstractInternalLogger.java:log(148)) - [id: 0xe5427efd, L:/0.0.0.0:46071] UNREGISTERED
2025-10-18 02:35:09,867 [JvmPauseMonitor10] INFO  util.JvmPauseMonitor (JvmPauseMonitor.java:run(152)) - JvmPauseMonitor-4faa991c-0c6e-4a75-9c3d-b92d28797355: Stopped
2025-10-18 02:35:11,872 [main] INFO  utils.BackgroundService (BackgroundService.java:shutdown(195)) - Shutting down service BlockDeletingService
2025-10-18 02:35:11,872 [main] INFO  utils.BackgroundService (BackgroundService.java:shutdown(195)) - Shutting down service StaleRecoveringContainerScrubbingService
2025-10-18 02:35:11,874 [main] INFO  upgrade.AbstractLayoutVersionManager (AbstractLayoutVersionManager.java:init(80)) - Initializing Layout version manager with metadata layout = WITNESSED_CONTAINER_DB_PROTO_VALUE (version = 9), software layout = WITNESSED_CONTAINER_DB_PROTO_VALUE (version = 9)
2025-10-18 02:35:11,874 [main] INFO  statemachine.DatanodeStateMachine (DatanodeStateMachine.java:getEndPointTaskThreadPoolSize(321)) - Datanode State Machine Task Thread Pool size 2
2025-10-18 02:35:11,876 [main] INFO  volume.HddsVolume (HddsVolume.java:<init>(162)) - HddsVolume: { id=e626a3ad-d0f8-4092-a24f-8609bc77db73 dir=/home/runner/work/ozone/ozone/hadoop-hdds/container-service/file:/home/runner/work/ozone/ozone/hadoop-hdds/container-service/target/tmp/dfs/data type=DISK failed }
2025-10-18 02:35:11,876 [main] ERROR volume.MutableVolumeSet (MutableVolumeSet.java:initializeVolumeSet(194)) - Failed to parse the storage location: file:///home/runner/work/ozone/ozone/hadoop-hdds/container-service/target/tmp/dfs/data
org.apache.hadoop.ozone.common.InconsistentStorageStateException: Mismatched DatanodeUUIDs. Version File : /home/runner/work/ozone/ozone/hadoop-hdds/container-service/target/tmp/dfs/data/hdds/VERSION has datanodeUuid: c3d05b50-810d-4b78-be46-d77415fe1b4d and Datanode has datanodeUuid: 4faa991c-0c6e-4a75-9c3d-b92d28797355
	at org.apache.hadoop.ozone.container.common.utils.StorageVolumeUtil.getDatanodeUUID(StorageVolumeUtil.java:122)
	at org.apache.hadoop.ozone.container.common.volume.StorageVolume.readVersionFile(StorageVolume.java:385)
	at org.apache.hadoop.ozone.container.common.volume.StorageVolume.initializeImpl(StorageVolume.java:240)
	at org.apache.hadoop.ozone.container.common.volume.StorageVolume.initialize(StorageVolume.java:215)
	at org.apache.hadoop.ozone.container.common.volume.HddsVolume.<init>(HddsVolume.java:151)
	at org.apache.hadoop.ozone.container.common.volume.HddsVolume.<init>(HddsVolume.java:80)
	at org.apache.hadoop.ozone.container.common.volume.HddsVolume$Builder.build(HddsVolume.java:130)
	at org.apache.hadoop.ozone.container.common.volume.HddsVolumeFactory.createVolume(HddsVolumeFactory.java:46)
	at org.apache.hadoop.ozone.container.common.volume.MutableVolumeSet.initializeVolumeSet(MutableVolumeSet.java:172)
	at org.apache.hadoop.ozone.container.common.volume.MutableVolumeSet.<init>(MutableVolumeSet.java:130)
	at org.apache.hadoop.ozone.container.common.volume.MutableVolumeSet.<init>(MutableVolumeSet.java:92)
	at org.apache.hadoop.ozone.container.ozoneimpl.OzoneContainer.<init>(OzoneContainer.java:170)
	at org.apache.hadoop.ozone.container.common.statemachine.DatanodeStateMachine.<init>(DatanodeStateMachine.java:191)
	at org.apache.hadoop.ozone.container.common.statemachine.DatanodeStateMachine.<init>(DatanodeStateMachine.java:305)
	at org.apache.hadoop.ozone.container.upgrade.UpgradeTestHelper.restartDatanode(UpgradeTestHelper.java:108)
	at org.apache.hadoop.ozone.container.upgrade.TestDatanodeUpgradeToSchemaV3.testWrite(TestDatanodeUpgradeToSchemaV3.java:447)
	at org.apache.hadoop.ozone.container.upgrade.TestDatanodeUpgradeToSchemaV3.testWriteWithV3Disabled(TestDatanodeUpgradeToSchemaV3.java:416)
	at java.base/jdk.internal.reflect.DirectMethodHandleAccessor.invoke(DirectMethodHandleAccessor.java:103)
	at java.base/java.lang.reflect.Method.invoke(Method.java:580)
	at org.junit.platform.commons.util.ReflectionUtils.invokeMethod(ReflectionUtils.java:786)
	at org.junit.platform.commons.support.ReflectionSupport.invokeMethod(ReflectionSupport.java:514)
	at org.junit.jupiter.engine.execution.MethodInvocation.proceed(MethodInvocation.java:60)
	at org.junit.jupiter.engine.execution.InvocationInterceptorChain$ValidatingInvocation.proceed(InvocationInterceptorChain.java:131)
	at org.junit.jupiter.engine.extension.SameThreadTimeoutInvocation.proceed(SameThreadTimeoutInvocation.java:49)
	at org.junit.jupiter.engine.extension.TimeoutExtension.intercept(TimeoutExtension.java:161)
	at org.junit.jupiter.engine.extension.TimeoutExtension.interceptTestableMethod(TimeoutExtension.java:152)
	at org.junit.jupiter.engine.extension.TimeoutExtension.interceptTestTemplateMethod(TimeoutExtension.java:99)
	at org.junit.jupiter.engine.execution.InterceptingExecutableInvoker$ReflectiveInterceptorCall.lambda$ofVoidMethod$0(InterceptingExecutableInvoker.java:112)
	at org.junit.jupiter.engine.execution.InterceptingExecutableInvoker.lambda$invoke$0(InterceptingExecutableInvoker.java:94)
	at org.junit.jupiter.engine.execution.InvocationInterceptorChain$InterceptedInvocation.proceed(InvocationInterceptorChain.java:106)
	at org.junit.jupiter.engine.execution.InvocationInterceptorChain.proceed(InvocationInterceptorChain.java:64)
	at org.junit.jupiter.engine.execution.InvocationInterceptorChain.chainAndInvoke(InvocationInterceptorChain.java:45)
	at org.junit.jupiter.engine.execution.InvocationInterceptorChain.invoke(InvocationInterceptorChain.java:37)
	at org.junit.jupiter.engine.execution.InterceptingExecutableInvoker.invoke(InterceptingExecutableInvoker.java:93)
	at org.junit.jupiter.engine.execution.InterceptingExecutableInvoker.invoke(InterceptingExecutableInvoker.java:87)
	at org.junit.jupiter.engine.descriptor.TestMethodTestDescriptor.lambda$invokeTestMethod$4(TestMethodTestDescriptor.java:221)
	at org.junit.platform.engine.support.hierarchical.ThrowableCollector.execute(ThrowableCollector.java:73)
	at org.junit.jupiter.engine.descriptor.TestMethodTestDescriptor.invokeTestMethod(TestMethodTestDescriptor.java:217)
	at org.junit.jupiter.engine.descriptor.TestMethodTestDescriptor.execute(TestMethodTestDescriptor.java:159)
	at org.junit.jupiter.engine.descriptor.TestMethodTestDescriptor.execute(TestMethodTestDescriptor.java:70)
	at org.junit.platform.engine.support.hierarchical.NodeTestTask.lambda$executeRecursively$6(NodeTestTask.java:157)
	at org.junit.platform.engine.support.hierarchical.ThrowableCollector.execute(ThrowableCollector.java:73)
	at org.junit.platform.engine.support.hierarchical.NodeTestTask.lambda$executeRecursively$8(NodeTestTask.java:147)
	at org.junit.platform.engine.support.hierarchical.Node.around(Node.java:137)
	at org.junit.platform.engine.support.hierarchical.NodeTestTask.lambda$executeRecursively$9(NodeTestTask.java:145)
	at org.junit.platform.engine.support.hierarchical.ThrowableCollector.execute(ThrowableCollector.java:73)
	at org.junit.platform.engine.support.hierarchical.NodeTestTask.executeRecursively(NodeTestTask.java:144)
	at org.junit.platform.engine.support.hierarchical.NodeTestTask.execute(NodeTestTask.java:101)
	at org.junit.platform.engine.support.hierarchical.SameThreadHierarchicalTestExecutorService.submit(SameThreadHierarchicalTestExecutorService.java:35)
	at org.junit.platform.engine.support.hierarchical.NodeTestTask$DefaultDynamicTestExecutor.execute(NodeTestTask.java:232)
	at org.junit.platform.engine.support.hierarchical.NodeTestTask$DefaultDynamicTestExecutor.execute(NodeTestTask.java:210)
	at org.junit.jupiter.engine.descriptor.TemplateExecutor.execute(TemplateExecutor.java:98)
	at org.junit.jupiter.engine.descriptor.TemplateExecutor.lambda$executeForProvider$0(TemplateExecutor.java:61)
	at java.base/java.util.Optional.ifPresent(Optional.java:178)
	at org.junit.jupiter.engine.descriptor.TemplateExecutor.lambda$executeForProvider$1(TemplateExecutor.java:61)
	at java.base/java.util.stream.ForEachOps$ForEachOp$OfRef.accept(ForEachOps.java:184)
	at java.base/java.util.stream.ReferencePipeline$3$1.accept(ReferencePipeline.java:197)
	at java.base/java.util.stream.ForEachOps$ForEachOp$OfRef.accept(ForEachOps.java:184)
	at java.base/java.util.stream.ForEachOps$ForEachOp$OfRef.accept(ForEachOps.java:184)
	at java.base/java.util.stream.ReferencePipeline$3$1.accept(ReferencePipeline.java:197)
	at java.base/java.util.Spliterators$ArraySpliterator.forEachRemaining(Spliterators.java:1024)
	at java.base/java.util.stream.AbstractPipeline.copyInto(AbstractPipeline.java:509)
	at java.base/java.util.stream.AbstractPipeline.wrapAndCopyInto(AbstractPipeline.java:499)
	at java.base/java.util.stream.ForEachOps$ForEachOp.evaluateSequential(ForEachOps.java:151)
	at java.base/java.util.stream.ForEachOps$ForEachOp$OfRef.evaluateSequential(ForEachOps.java:174)
	at java.base/java.util.stream.AbstractPipeline.evaluate(AbstractPipeline.java:234)
	at java.base/java.util.stream.ReferencePipeline.forEach(ReferencePipeline.java:596)
	at java.base/java.util.stream.ReferencePipeline$7$1.accept(ReferencePipeline.java:276)
	at java.base/java.util.ArrayList$ArrayListSpliterator.forEachRemaining(ArrayList.java:1708)
	at java.base/java.util.stream.AbstractPipeline.copyInto(AbstractPipeline.java:509)
	at java.base/java.util.stream.AbstractPipeline.wrapAndCopyInto(AbstractPipeline.java:499)
	at java.base/java.util.stream.ForEachOps$ForEachOp.evaluateSequential(ForEachOps.java:151)
	at java.base/java.util.stream.ForEachOps$ForEachOp$OfRef.evaluateSequential(ForEachOps.java:174)
	at java.base/java.util.stream.AbstractPipeline.evaluate(AbstractPipeline.java:234)
	at java.base/java.util.stream.ReferencePipeline.forEach(ReferencePipeline.java:596)
	at java.base/java.util.stream.ReferencePipeline$7$1.accept(ReferencePipeline.java:276)
	at java.base/java.util.stream.ReferencePipeline$3$1.accept(ReferencePipeline.java:197)
	at java.base/java.util.stream.ReferencePipeline$3$1.accept(ReferencePipeline.java:197)
	at java.base/java.util.stream.ReferencePipeline$3$1.accept(ReferencePipeline.java:197)
	at java.base/java.util.ArrayList$ArrayListSpliterator.forEachRemaining(ArrayList.java:1708)
	at java.base/java.util.stream.AbstractPipeline.copyInto(AbstractPipeline.java:509)
	at java.base/java.util.stream.AbstractPipeline.wrapAndCopyInto(AbstractPipeline.java:499)
	at java.base/java.util.stream.ForEachOps$ForEachOp.evaluateSequential(ForEachOps.java:151)
	at java.base/java.util.stream.ForEachOps$ForEachOp$OfRef.evaluateSequential(ForEachOps.java:174)
	at java.base/java.util.stream.AbstractPipeline.evaluate(AbstractPipeline.java:234)
	at java.base/java.util.stream.ReferencePipeline.forEach(ReferencePipeline.java:596)
	at org.junit.jupiter.engine.descriptor.TemplateExecutor.executeForProvider(TemplateExecutor.java:59)
	at org.junit.jupiter.engine.descriptor.TemplateExecutor.execute(TemplateExecutor.java:48)
	at org.junit.jupiter.engine.descriptor.TestTemplateTestDescriptor.execute(TestTemplateTestDescriptor.java:112)
	at org.junit.jupiter.engine.descriptor.TestTemplateTestDescriptor.execute(TestTemplateTestDescriptor.java:40)
	at org.junit.platform.engine.support.hierarchical.NodeTestTask.lambda$executeRecursively$6(NodeTestTask.java:157)
	at org.junit.platform.engine.support.hierarchical.ThrowableCollector.execute(ThrowableCollector.java:73)
	at org.junit.platform.engine.support.hierarchical.NodeTestTask.lambda$executeRecursively$8(NodeTestTask.java:147)
	at org.junit.platform.engine.support.hierarchical.Node.around(Node.java:137)
	at org.junit.platform.engine.support.hierarchical.NodeTestTask.lambda$executeRecursively$9(NodeTestTask.java:145)
	at org.junit.platform.engine.support.hierarchical.ThrowableCollector.execute(ThrowableCollector.java:73)
	at org.junit.platform.engine.support.hierarchical.NodeTestTask.executeRecursively(NodeTestTask.java:144)
	at org.junit.platform.engine.support.hierarchical.NodeTestTask.execute(NodeTestTask.java:101)
	at java.base/java.util.ArrayList.forEach(ArrayList.java:1596)
	at org.junit.platform.engine.support.hierarchical.SameThreadHierarchicalTestExecutorService.invokeAll(SameThreadHierarchicalTestExecutorService.java:41)
	at org.junit.platform.engine.support.hierarchical.NodeTestTask.lambda$executeRecursively$6(NodeTestTask.java:161)
	at org.junit.platform.engine.support.hierarchical.ThrowableCollector.execute(ThrowableCollector.java:73)
	at org.junit.platform.engine.support.hierarchical.NodeTestTask.lambda$executeRecursively$8(NodeTestTask.java:147)
	at org.junit.platform.engine.support.hierarchical.Node.around(Node.java:137)
	at org.junit.platform.engine.support.hierarchical.NodeTestTask.lambda$executeRecursively$9(NodeTestTask.java:145)
	at org.junit.platform.engine.support.hierarchical.ThrowableCollector.execute(ThrowableCollector.java:73)
	at org.junit.platform.engine.support.hierarchical.NodeTestTask.executeRecursively(NodeTestTask.java:144)
	at org.junit.platform.engine.support.hierarchical.NodeTestTask.execute(NodeTestTask.java:101)
	at java.base/java.util.ArrayList.forEach(ArrayList.java:1596)
	at org.junit.platform.engine.support.hierarchical.SameThreadHierarchicalTestExecutorService.invokeAll(SameThreadHierarchicalTestExecutorService.java:41)
	at org.junit.platform.engine.support.hierarchical.NodeTestTask.lambda$executeRecursively$6(NodeTestTask.java:161)
	at org.junit.platform.engine.support.hierarchical.ThrowableCollector.execute(ThrowableCollector.java:73)
	at org.junit.platform.engine.support.hierarchical.NodeTestTask.lambda$executeRecursively$8(NodeTestTask.java:147)
	at org.junit.platform.engine.support.hierarchical.Node.around(Node.java:137)
	at org.junit.platform.engine.support.hierarchical.NodeTestTask.lambda$executeRecursively$9(NodeTestTask.java:145)
	at org.junit.platform.engine.support.hierarchical.ThrowableCollector.execute(ThrowableCollector.java:73)
	at org.junit.platform.engine.support.hierarchical.NodeTestTask.executeRecursively(NodeTestTask.java:144)
	at org.junit.platform.engine.support.hierarchical.NodeTestTask.execute(NodeTestTask.java:101)
	at org.junit.platform.engine.support.hierarchical.SameThreadHierarchicalTestExecutorService.submit(SameThreadHierarchicalTestExecutorService.java:35)
	at org.junit.platform.engine.support.hierarchical.HierarchicalTestExecutor.execute(HierarchicalTestExecutor.java:57)
	at org.junit.platform.engine.support.hierarchical.HierarchicalTestEngine.execute(HierarchicalTestEngine.java:54)
	at org.junit.platform.launcher.core.EngineExecutionOrchestrator.executeEngine(EngineExecutionOrchestrator.java:230)
	at org.junit.platform.launcher.core.EngineExecutionOrchestrator.failOrExecuteEngine(EngineExecutionOrchestrator.java:204)
	at org.junit.platform.launcher.core.EngineExecutionOrchestrator.execute(EngineExecutionOrchestrator.java:172)
	at org.junit.platform.launcher.core.EngineExecutionOrchestrator.execute(EngineExecutionOrchestrator.java:101)
	at org.junit.platform.launcher.core.EngineExecutionOrchestrator.lambda$execute$0(EngineExecutionOrchestrator.java:64)
	at org.junit.platform.launcher.core.EngineExecutionOrchestrator.withInterceptedStreams(EngineExecutionOrchestrator.java:150)
	at org.junit.platform.launcher.core.EngineExecutionOrchestrator.execute(EngineExecutionOrchestrator.java:63)
	at org.junit.platform.launcher.core.DefaultLauncher.execute(DefaultLauncher.java:109)
	at org.junit.platform.launcher.core.DefaultLauncher.execute(DefaultLauncher.java:91)
	at org.junit.platform.launcher.core.DelegatingLauncher.execute(DelegatingLauncher.java:47)
	at org.junit.platform.launcher.core.InterceptingLauncher.lambda$execute$1(InterceptingLauncher.java:39)
	at org.junit.platform.launcher.core.ClasspathAlignmentCheckingLauncherInterceptor.intercept(ClasspathAlignmentCheckingLauncherInterceptor.java:25)
	at org.junit.platform.launcher.core.InterceptingLauncher.execute(InterceptingLauncher.java:38)
	at org.junit.platform.launcher.core.DelegatingLauncher.execute(DelegatingLauncher.java:47)
	at org.apache.maven.surefire.junitplatform.LazyLauncher.execute(LazyLauncher.java:56)
	at org.apache.maven.surefire.junitplatform.JUnitPlatformProvider.execute(JUnitPlatformProvider.java:184)
	at org.apache.maven.surefire.junitplatform.JUnitPlatformProvider.invokeAllTests(JUnitPlatformProvider.java:148)
	at org.apache.maven.surefire.junitplatform.JUnitPlatformProvider.invoke(JUnitPlatformProvider.java:120)
	at org.apache.maven.surefire.booter.ForkedBooter.runSuitesInProcess(ForkedBooter.java:385)
	at org.apache.maven.surefire.booter.ForkedBooter.execute(ForkedBooter.java:162)
	at org.apache.maven.surefire.booter.ForkedBooter.run(ForkedBooter.java:507)
	at org.apache.maven.surefire.booter.ForkedBooter.main(ForkedBooter.java:495)
2025-10-18 02:35:11,878 [main] INFO  volume.HddsVolume (HddsVolume.java:<init>(162)) - HddsVolume: { id=DS-56157acd-5e79-473a-876a-671698be72af dir=/tmp/junit-11153783023867295602/ce31e86a-ba32-4634-899f-56da6a8b7e88/hdds type=DISK capacity=9222449699674390527 used=0 available=9222449699674390527 minFree=184448985434423296 committed=0 }
2025-10-18 02:35:11,878 [main] INFO  volume.MutableVolumeSet (MutableVolumeSet.java:initializeVolumeSet(175)) - Added Volume : /tmp/junit-11153783023867295602/ce31e86a-ba32-4634-899f-56da6a8b7e88/hdds to VolumeSet
2025-10-18 02:35:11,878 [main] WARN  server.ServerUtils (ServerUtils.java:getDefaultRatisDirectory(304)) - Storage directory for Ratis is not configured. It is a good idea to map this to an SSD disk. Falling back to ozone.metadata.dirs
2025-10-18 02:35:11,879 [main] INFO  volume.MutableVolumeSet (MutableVolumeSet.java:initializeVolumeSet(175)) - Added Volume : /tmp/junit-11153783023867295602/ratis to VolumeSet
2025-10-18 02:35:11,893 [ForkJoinPool.commonPool-worker-1] INFO  utils.DatanodeStoreCache (DatanodeStoreCache.java:addDB(70)) - Added db /tmp/junit-11153783023867295602/ce31e86a-ba32-4634-899f-56da6a8b7e88/hdds/clusterID/DS-56157acd-5e79-473a-876a-671698be72af/container.db to cache
2025-10-18 02:35:11,893 [ForkJoinPool.commonPool-worker-1] INFO  volume.HddsVolume (HddsVolume.java:loadDbStore(517)) - SchemaV3 db is loaded at /tmp/junit-11153783023867295602/ce31e86a-ba32-4634-899f-56da6a8b7e88/hdds/clusterID/DS-56157acd-5e79-473a-876a-671698be72af/container.db for volume DS-56157acd-5e79-473a-876a-671698be72af
2025-10-18 02:35:11,893 [main] INFO  ozoneimpl.OzoneContainer (HddsVolumeUtil.java:loadAllHddsVolumeDbStore(102)) - Load 1 volumes DbStore cost: 13ms
2025-10-18 02:35:11,893 [main] WARN  db.DBStoreBuilder (DBStoreBuilder.java:getDBDirPath(157)) - ozone.scm.datanode.id.dir is not configured. We recommend adding this setting. Falling back to ozone.metadata.dirs instead.
2025-10-18 02:35:11,894 [main] WARN  db.DBStoreBuilder (DBStoreBuilder.java:getDBDirPath(157)) - ozone.scm.datanode.id.dir is not configured. We recommend adding this setting. Falling back to ozone.metadata.dirs instead.
2025-10-18 02:35:11,905 [main] INFO  impl.FilePerChunkStrategy (FilePerChunkStrategy.java:<init>(79)) - ozone.chunk.read.mapped.buffer.max.count is load with 0
2025-10-18 02:35:11,905 [main] INFO  impl.FilePerBlockStrategy (FilePerBlockStrategy.java:<init>(88)) - ozone.chunk.read.mapped.buffer.max.count is load with 0
2025-10-18 02:35:11,906 [main] INFO  server.RaftServerConfigKeys (ConfUtils.java:logGet(62)) - raft.server.log.appender.buffer.byte-limit = 33554432 (custom)
2025-10-18 02:35:11,906 [main] WARN  server.ServerUtils (ServerUtils.java:getDefaultRatisDirectory(304)) - Storage directory for Ratis is not configured. It is a good idea to map this to an SSD disk. Falling back to ozone.metadata.dirs
2025-10-18 02:35:11,907 [main] INFO  grpc.GrpcConfigKeys (ConfUtils.java:logFallback(69)) - raft.grpc.admin.host = null (fallback to raft.grpc.server.host)
2025-10-18 02:35:11,907 [main] INFO  grpc.GrpcConfigKeys (ConfUtils.java:logFallback(69)) - raft.grpc.client.host = null (fallback to raft.grpc.server.host)
2025-10-18 02:35:11,908 [main] INFO  server.GrpcServicesImpl (ConfUtils.java:logGet(62)) - raft.grpc.message.size.max = 34603008 (custom)
2025-10-18 02:35:11,908 [main] INFO  server.GrpcServicesImpl (ConfUtils.java:logGet(62)) - raft.grpc.flow.control.window = 5MB (=5242880) (custom)
2025-10-18 02:35:11,908 [main] INFO  server.RaftServerConfigKeys (ConfUtils.java:logGet(62)) - raft.server.log.appender.buffer.byte-limit = 33554432 (custom)
2025-10-18 02:35:11,909 [main] INFO  netty.NettyUtils (NettyUtils.java:newEventLoopGroup(74)) - Create EpollEventLoopGroup for 4faa991c-0c6e-4a75-9c3d-b92d28797355-NettyServerStreamRpc-bossGroup; Thread size is 0.
2025-10-18 02:35:11,909 [main] INFO  netty.NettyUtils (NettyUtils.java:newEventLoopGroup(74)) - Create EpollEventLoopGroup for 4faa991c-0c6e-4a75-9c3d-b92d28797355-NettyServerStreamRpc-workerGroup; Thread size is 0.
2025-10-18 02:35:11,910 [4faa991c-0c6e-4a75-9c3d-b92d28797355-NettyServerStreamRpc-bossGroup--thread1] INFO  logging.LoggingHandler (AbstractInternalLogger.java:log(148)) - [id: 0x68f096c1] REGISTERED
2025-10-18 02:35:11,911 [4faa991c-0c6e-4a75-9c3d-b92d28797355-NettyServerStreamRpc-bossGroup--thread1] INFO  logging.LoggingHandler (AbstractInternalLogger.java:log(148)) - [id: 0x68f096c1] BIND: 0.0.0.0/0.0.0.0:0
2025-10-18 02:35:11,910 [4faa991c-0c6e-4a75-9c3d-b92d28797355-impl-thread1] INFO  server.RaftServer (RaftServerProxy.java:initGroupDir(270)) - 4faa991c-0c6e-4a75-9c3d-b92d28797355: found a subdirectory /tmp/junit-11153783023867295602/ratis/tmp
2025-10-18 02:35:11,911 [4faa991c-0c6e-4a75-9c3d-b92d28797355-NettyServerStreamRpc-bossGroup--thread1] INFO  logging.LoggingHandler (AbstractInternalLogger.java:log(148)) - [id: 0x68f096c1, L:/0.0.0.0:44367] ACTIVE
2025-10-18 02:35:11,911 [4faa991c-0c6e-4a75-9c3d-b92d28797355-impl-thread1] INFO  server.RaftServer (RaftServerProxy.java:initGroupDir(275)) - 4faa991c-0c6e-4a75-9c3d-b92d28797355: The directory /tmp/junit-11153783023867295602/ratis/tmp is not a group directory; ignoring it. 
2025-10-18 02:35:11,911 [main] INFO  replication.ReplicationServer (ReplicationServer.java:<init>(84)) - Initializing replication server with thread count = 10 queue length = 4096
2025-10-18 02:35:11,912 [main] INFO  server.XceiverServerGrpc (XceiverServerGrpc.java:<init>(129)) - GrpcServer channel type EpollServerSocketChannel
2025-10-18 02:35:11,913 [main] INFO  replication.ReplicationSupervisor (ReplicationSupervisor.java:build(169)) - Initializing replication supervisor with thread count = 10
2025-10-18 02:35:11,913 [main] INFO  replication.ReplicationSupervisor (ReplicationSupervisor.java:nodeStateUpdated(358)) - Node state updated to IN_SERVICE, scaling executor pool size to 10
2025-10-18 02:35:11,919 [4faa991c-0c6e-4a75-9c3d-b92d28797355-ContainerReader-0] INFO  ozoneimpl.ContainerReader (ContainerReader.java:readVolume(147)) - Start to verify containers on volume /tmp/junit-11153783023867295602/ce31e86a-ba32-4634-899f-56da6a8b7e88/hdds
2025-10-18 02:35:11,934 [4faa991c-0c6e-4a75-9c3d-b92d28797355-ContainerReader-0] WARN  helpers.KeyValueContainerUtil (KeyValueContainerUtil.java:populateContainerMetadata(329)) - Missing pendingDeleteBlockCount from metadata: recalculate them from block table
2025-10-18 02:35:11,936 [4faa991c-0c6e-4a75-9c3d-b92d28797355-ContainerReader-0] INFO  ozoneimpl.ContainerReader (ContainerReader.java:readVolume(177)) - Finish verifying containers on volume /tmp/junit-11153783023867295602/ce31e86a-ba32-4634-899f-56da6a8b7e88/hdds
2025-10-18 02:35:11,937 [main] INFO  ozoneimpl.OzoneContainer (OzoneContainer.java:buildContainerSet(359)) - Build ContainerSet costs 0s
2025-10-18 02:35:11,937 [main] INFO  volume.ThrottledAsyncChecker (ThrottledAsyncChecker.java:schedule(138)) - Scheduling a check for /tmp/junit-11153783023867295602/ce31e86a-ba32-4634-899f-56da6a8b7e88/hdds
2025-10-18 02:35:11,938 [main] INFO  volume.StorageVolumeChecker (StorageVolumeChecker.java:checkAllVolumes(231)) - Scheduled health check for volume /tmp/junit-11153783023867295602/ce31e86a-ba32-4634-899f-56da6a8b7e88/hdds
2025-10-18 02:35:11,942 [main] INFO  volume.ThrottledAsyncChecker (ThrottledAsyncChecker.java:schedule(138)) - Scheduling a check for /tmp/junit-11153783023867295602/ratis
2025-10-18 02:35:11,942 [main] INFO  volume.StorageVolumeChecker (StorageVolumeChecker.java:checkAllVolumes(231)) - Scheduled health check for volume /tmp/junit-11153783023867295602/ratis
2025-10-18 02:35:11,943 [main] INFO  ozoneimpl.OzoneContainer (OzoneContainer.java:start(544)) - Attempting to start container services.
2025-10-18 02:35:11,944 [main] INFO  replication.ReplicationServer (ReplicationServer.java:start(137)) - ReplicationServer is started using port 9886
2025-10-18 02:35:11,944 [main] INFO  ratis.XceiverServerRatis (XceiverServerRatis.java:start(559)) - Starting XceiverServerRatis(4faa991c-0c6e-4a75-9c3d-b92d28797355)
2025-10-18 02:35:11,945 [ContainerMetadataScanner] INFO  ozoneimpl.AbstractBackgroundContainerScanner (AbstractBackgroundContainerScanner.java:runIteration(89)) - Completed an iteration in 0 minutes. Number of iterations (since the data-node restart) : 1, Number of containers scanned in this iteration : 1, Number of unhealthy containers found in this iteration : 0
2025-10-18 02:35:11,952 [main] INFO  server.RaftServer (RaftServerProxy.java:startImpl(412)) - 4faa991c-0c6e-4a75-9c3d-b92d28797355: start RPC server
2025-10-18 02:35:11,952 [main] INFO  server.GrpcServicesImpl (GrpcServicesImpl.java:startImpl(346)) - 4faa991c-0c6e-4a75-9c3d-b92d28797355: GrpcServicesImpl started, listening on 9858
2025-10-18 02:35:11,953 [main] INFO  ratis.XceiverServerRatis (XceiverServerRatis.java:getRealPort(586)) - XceiverServerRatis(4faa991c-0c6e-4a75-9c3d-b92d28797355) is started using port RATIS=9858
2025-10-18 02:35:11,953 [main] INFO  ratis.XceiverServerRatis (XceiverServerRatis.java:getRealPort(586)) - XceiverServerRatis(4faa991c-0c6e-4a75-9c3d-b92d28797355) is started using port RATIS_ADMIN=9858
2025-10-18 02:35:11,953 [main] INFO  ratis.XceiverServerRatis (XceiverServerRatis.java:getRealPort(586)) - XceiverServerRatis(4faa991c-0c6e-4a75-9c3d-b92d28797355) is started using port RATIS_SERVER=9858
2025-10-18 02:35:11,954 [main] INFO  ratis.XceiverServerRatis (XceiverServerRatis.java:getRealPort(586)) - XceiverServerRatis(4faa991c-0c6e-4a75-9c3d-b92d28797355) is started using port RATIS_DATASTREAM=44367
2025-10-18 02:35:11,954 [JvmPauseMonitor11] INFO  util.JvmPauseMonitor (JvmPauseMonitor.java:run(146)) - JvmPauseMonitor-4faa991c-0c6e-4a75-9c3d-b92d28797355: Started
2025-10-18 02:35:11,955 [main] INFO  utils.BackgroundService (BackgroundService.java:start(119)) - Starting service BlockDeletingService with interval 60000 milliseconds
2025-10-18 02:35:11,956 [main] INFO  utils.BackgroundService (BackgroundService.java:start(119)) - Starting service StaleRecoveringContainerScrubbingService with interval 60000 milliseconds
2025-10-18 02:35:11,966 [main] INFO  keyvalue.KeyValueContainer (KeyValueContainer.java:flushAndSyncDB(514)) - Synced container: KeyValueContainerData #436581499 (CLOSING, non-empty, ri=0, origin=[dn_4faa991c-0c6e-4a75-9c3d-b92d28797355, pipeline_])
2025-10-18 02:35:11,966 [main] INFO  keyvalue.KeyValueContainer (KeyValueContainer.java:flushAndSyncDB(514)) - Synced container: KeyValueContainerData #436581499 (CLOSING, non-empty, ri=0, origin=[dn_4faa991c-0c6e-4a75-9c3d-b92d28797355, pipeline_])
2025-10-18 02:35:11,967 [ContainerDataScanner(/tmp/junit-11153783023867295602/ce31e86a-ba32-4634-899f-56da6a8b7e88/hdds)] INFO  ozoneimpl.AbstractBackgroundContainerScanner (AbstractBackgroundContainerScanner.java:runIteration(89)) - Completed an iteration in 0 minutes. Number of iterations (since the data-node restart) : 1, Number of containers scanned in this iteration : 1, Number of unhealthy containers found in this iteration : 0
2025-10-18 02:35:11,969 [main] INFO  keyvalue.KeyValueContainer (KeyValueContainer.java:close(430)) - Closed container: KeyValueContainerData #436581499 (CLOSED, non-empty, ri=0, origin=[dn_4faa991c-0c6e-4a75-9c3d-b92d28797355, pipeline_])
2025-10-18 02:35:11,971 [main] INFO  ipc.Server (Server.java:stop(3697)) - Stopping server on 41055
2025-10-18 02:35:11,971 [IPC Server listener on 41055] INFO  ipc.Server (Server.java:run(1585)) - Stopping IPC Server listener on 41055
2025-10-18 02:35:11,972 [IPC Server Responder] INFO  ipc.Server (Server.java:run(1718)) - Stopping IPC Server Responder
2025-10-18 02:35:11,972 [main] INFO  ozoneimpl.OzoneContainer (OzoneContainer.java:stop(568)) - Attempting to stop container services.
2025-10-18 02:35:11,972 [ContainerMetadataScanner] WARN  ozoneimpl.AbstractBackgroundContainerScanner (AbstractBackgroundContainerScanner.java:handleRemainingSleep(136)) - Background container scan was interrupted.
2025-10-18 02:35:11,972 [ContainerMetadataScanner] INFO  ozoneimpl.AbstractBackgroundContainerScanner (AbstractBackgroundContainerScanner.java:run(63)) - org.apache.hadoop.ozone.container.ozoneimpl.BackgroundContainerMetadataScanner@2f280eb5 exiting.
2025-10-18 02:35:11,973 [main] INFO  ozoneimpl.BackgroundContainerDataScanner (BackgroundContainerDataScanner.java:shutdown(87)) - ContainerDataScanner(/tmp/junit-11153783023867295602/ce31e86a-ba32-4634-899f-56da6a8b7e88/hdds) is shutting down. 
2025-10-18 02:35:11,973 [ContainerDataScanner(/tmp/junit-11153783023867295602/ce31e86a-ba32-4634-899f-56da6a8b7e88/hdds)] WARN  ozoneimpl.AbstractBackgroundContainerScanner (AbstractBackgroundContainerScanner.java:handleRemainingSleep(136)) - Background container scan was interrupted.
2025-10-18 02:35:11,973 [ContainerDataScanner(/tmp/junit-11153783023867295602/ce31e86a-ba32-4634-899f-56da6a8b7e88/hdds)] INFO  ozoneimpl.AbstractBackgroundContainerScanner (AbstractBackgroundContainerScanner.java:run(63)) - ContainerDataScanner(/tmp/junit-11153783023867295602/ce31e86a-ba32-4634-899f-56da6a8b7e88/hdds, DS-56157acd-5e79-473a-876a-671698be72af) exiting.
2025-10-18 02:35:11,973 [main] INFO  ozoneimpl.OnDemandContainerScanner (OnDemandContainerScanner.java:shutdown(141)) - On-demand container scanner is shutting down.
2025-10-18 02:35:11,973 [main] INFO  ratis.XceiverServerRatis (XceiverServerRatis.java:stop(594)) - Closing XceiverServerRatis(4faa991c-0c6e-4a75-9c3d-b92d28797355)
2025-10-18 02:35:11,973 [main] INFO  server.RaftServer (RaftServerProxy.java:lambda$close$9(422)) - 4faa991c-0c6e-4a75-9c3d-b92d28797355: close
2025-10-18 02:35:11,974 [main] INFO  server.GrpcServicesImpl (GrpcServicesImpl.java:closeImpl(355)) - 4faa991c-0c6e-4a75-9c3d-b92d28797355: shutdown server GrpcServerProtocolService now
2025-10-18 02:35:11,974 [main] INFO  server.GrpcServicesImpl (GrpcServicesImpl.java:closeImpl(364)) - 4faa991c-0c6e-4a75-9c3d-b92d28797355: shutdown server GrpcServerProtocolService successfully
2025-10-18 02:35:11,974 [4faa991c-0c6e-4a75-9c3d-b92d28797355-NettyServerStreamRpc-bossGroup--thread1] INFO  logging.LoggingHandler (AbstractInternalLogger.java:log(148)) - [id: 0x68f096c1, L:/0.0.0.0:44367] CLOSE
2025-10-18 02:35:11,974 [4faa991c-0c6e-4a75-9c3d-b92d28797355-NettyServerStreamRpc-bossGroup--thread1] INFO  logging.LoggingHandler (AbstractInternalLogger.java:log(148)) - [id: 0x68f096c1, L:/0.0.0.0:44367] INACTIVE
2025-10-18 02:35:11,975 [4faa991c-0c6e-4a75-9c3d-b92d28797355-NettyServerStreamRpc-bossGroup--thread1] INFO  logging.LoggingHandler (AbstractInternalLogger.java:log(148)) - [id: 0x68f096c1, L:/0.0.0.0:44367] UNREGISTERED
2025-10-18 02:35:11,978 [JvmPauseMonitor11] INFO  util.JvmPauseMonitor (JvmPauseMonitor.java:run(152)) - JvmPauseMonitor-4faa991c-0c6e-4a75-9c3d-b92d28797355: Stopped
2025-10-18 02:35:13,983 [main] INFO  volume.HddsVolume (HddsVolume.java:closeDbStore(609)) - SchemaV3 db is stopped at /tmp/junit-11153783023867295602/ce31e86a-ba32-4634-899f-56da6a8b7e88/hdds/clusterID/DS-56157acd-5e79-473a-876a-671698be72af/container.db for volume DS-56157acd-5e79-473a-876a-671698be72af
2025-10-18 02:35:13,983 [main] INFO  utils.BackgroundService (BackgroundService.java:shutdown(195)) - Shutting down service BlockDeletingService
2025-10-18 02:35:13,983 [main] INFO  utils.BackgroundService (BackgroundService.java:shutdown(195)) - Shutting down service StaleRecoveringContainerScrubbingService
]]></system-out>
  </testcase>
  <testcase name="testWriteWithV3Disabled(boolean)[2]" classname="org.apache.hadoop.ozone.container.upgrade.TestDatanodeUpgradeToSchemaV3" time="4.251">
    <system-out><![CDATA[2025-10-18 02:35:14,003 [main] INFO  ipc.CallQueueManager (CallQueueManager.java:<init>(93)) - Using callQueue: class java.util.concurrent.LinkedBlockingQueue, queueCapacity: 1000, scheduler: class org.apache.hadoop.ipc.DefaultRpcScheduler, ipcBackoff: false, ipcFailOver: false.
2025-10-18 02:35:14,003 [main] INFO  ipc.Server (Server.java:<init>(1438)) - Listener at localhost:41899
2025-10-18 02:35:14,004 [Socket Reader #1 for port 41899] INFO  ipc.Server (Server.java:run(1474)) - Starting Socket Reader #1 for port 41899
2025-10-18 02:35:14,005 [IPC Server Responder] INFO  ipc.Server (Server.java:run(1713)) - IPC Server Responder: starting
2025-10-18 02:35:14,005 [IPC Server listener on 41899] INFO  ipc.Server (Server.java:run(1553)) - IPC Server listener on 41899: starting
2025-10-18 02:35:14,008 [main] INFO  upgrade.AbstractLayoutVersionManager (AbstractLayoutVersionManager.java:init(80)) - Initializing Layout version manager with metadata layout = ERASURE_CODED_STORAGE_SUPPORT (version = 3), software layout = WITNESSED_CONTAINER_DB_PROTO_VALUE (version = 9)
2025-10-18 02:35:14,009 [main] INFO  upgrade.HDDSLayoutVersionManager (HDDSLayoutVersionManager.java:lambda$registerUpgradeActions$0(81)) - Registering Upgrade Action : DatanodeSchemaV3FinalizeAction
2025-10-18 02:35:14,009 [main] INFO  upgrade.HDDSLayoutVersionManager (HDDSLayoutVersionManager.java:lambda$registerUpgradeActions$0(81)) - Registering Upgrade Action : ContainerTableSchemaFinalizeAction
2025-10-18 02:35:14,009 [main] INFO  statemachine.DatanodeStateMachine (DatanodeStateMachine.java:getEndPointTaskThreadPoolSize(321)) - Datanode State Machine Task Thread Pool size 2
2025-10-18 02:35:14,012 [main] INFO  volume.HddsVolume (HddsVolume.java:<init>(162)) - HddsVolume: { id=447b8197-614d-423a-a298-77bbd5b0f93e dir=/home/runner/work/ozone/ozone/hadoop-hdds/container-service/file:/home/runner/work/ozone/ozone/hadoop-hdds/container-service/target/tmp/dfs/data type=DISK failed }
2025-10-18 02:35:14,012 [main] ERROR volume.MutableVolumeSet (MutableVolumeSet.java:initializeVolumeSet(194)) - Failed to parse the storage location: file:///home/runner/work/ozone/ozone/hadoop-hdds/container-service/target/tmp/dfs/data
org.apache.hadoop.ozone.common.InconsistentStorageStateException: Mismatched DatanodeUUIDs. Version File : /home/runner/work/ozone/ozone/hadoop-hdds/container-service/target/tmp/dfs/data/hdds/VERSION has datanodeUuid: c3d05b50-810d-4b78-be46-d77415fe1b4d and Datanode has datanodeUuid: 0133dbbf-fb00-4f2f-8309-b784c09e1e11
	at org.apache.hadoop.ozone.container.common.utils.StorageVolumeUtil.getDatanodeUUID(StorageVolumeUtil.java:122)
	at org.apache.hadoop.ozone.container.common.volume.StorageVolume.readVersionFile(StorageVolume.java:385)
	at org.apache.hadoop.ozone.container.common.volume.StorageVolume.initializeImpl(StorageVolume.java:240)
	at org.apache.hadoop.ozone.container.common.volume.StorageVolume.initialize(StorageVolume.java:215)
	at org.apache.hadoop.ozone.container.common.volume.HddsVolume.<init>(HddsVolume.java:151)
	at org.apache.hadoop.ozone.container.common.volume.HddsVolume.<init>(HddsVolume.java:80)
	at org.apache.hadoop.ozone.container.common.volume.HddsVolume$Builder.build(HddsVolume.java:130)
	at org.apache.hadoop.ozone.container.common.volume.HddsVolumeFactory.createVolume(HddsVolumeFactory.java:46)
	at org.apache.hadoop.ozone.container.common.volume.MutableVolumeSet.initializeVolumeSet(MutableVolumeSet.java:172)
	at org.apache.hadoop.ozone.container.common.volume.MutableVolumeSet.<init>(MutableVolumeSet.java:130)
	at org.apache.hadoop.ozone.container.common.volume.MutableVolumeSet.<init>(MutableVolumeSet.java:92)
	at org.apache.hadoop.ozone.container.ozoneimpl.OzoneContainer.<init>(OzoneContainer.java:170)
	at org.apache.hadoop.ozone.container.common.statemachine.DatanodeStateMachine.<init>(DatanodeStateMachine.java:191)
	at org.apache.hadoop.ozone.container.common.statemachine.DatanodeStateMachine.<init>(DatanodeStateMachine.java:305)
	at org.apache.hadoop.ozone.container.upgrade.UpgradeTestHelper.startPreFinalizedDatanode(UpgradeTestHelper.java:88)
	at org.apache.hadoop.ozone.container.upgrade.TestDatanodeUpgradeToSchemaV3.testWrite(TestDatanodeUpgradeToSchemaV3.java:427)
	at org.apache.hadoop.ozone.container.upgrade.TestDatanodeUpgradeToSchemaV3.testWriteWithV3Disabled(TestDatanodeUpgradeToSchemaV3.java:416)
	at java.base/jdk.internal.reflect.DirectMethodHandleAccessor.invoke(DirectMethodHandleAccessor.java:103)
	at java.base/java.lang.reflect.Method.invoke(Method.java:580)
	at org.junit.platform.commons.util.ReflectionUtils.invokeMethod(ReflectionUtils.java:786)
	at org.junit.platform.commons.support.ReflectionSupport.invokeMethod(ReflectionSupport.java:514)
	at org.junit.jupiter.engine.execution.MethodInvocation.proceed(MethodInvocation.java:60)
	at org.junit.jupiter.engine.execution.InvocationInterceptorChain$ValidatingInvocation.proceed(InvocationInterceptorChain.java:131)
	at org.junit.jupiter.engine.extension.SameThreadTimeoutInvocation.proceed(SameThreadTimeoutInvocation.java:49)
	at org.junit.jupiter.engine.extension.TimeoutExtension.intercept(TimeoutExtension.java:161)
	at org.junit.jupiter.engine.extension.TimeoutExtension.interceptTestableMethod(TimeoutExtension.java:152)
	at org.junit.jupiter.engine.extension.TimeoutExtension.interceptTestTemplateMethod(TimeoutExtension.java:99)
	at org.junit.jupiter.engine.execution.InterceptingExecutableInvoker$ReflectiveInterceptorCall.lambda$ofVoidMethod$0(InterceptingExecutableInvoker.java:112)
	at org.junit.jupiter.engine.execution.InterceptingExecutableInvoker.lambda$invoke$0(InterceptingExecutableInvoker.java:94)
	at org.junit.jupiter.engine.execution.InvocationInterceptorChain$InterceptedInvocation.proceed(InvocationInterceptorChain.java:106)
	at org.junit.jupiter.engine.execution.InvocationInterceptorChain.proceed(InvocationInterceptorChain.java:64)
	at org.junit.jupiter.engine.execution.InvocationInterceptorChain.chainAndInvoke(InvocationInterceptorChain.java:45)
	at org.junit.jupiter.engine.execution.InvocationInterceptorChain.invoke(InvocationInterceptorChain.java:37)
	at org.junit.jupiter.engine.execution.InterceptingExecutableInvoker.invoke(InterceptingExecutableInvoker.java:93)
	at org.junit.jupiter.engine.execution.InterceptingExecutableInvoker.invoke(InterceptingExecutableInvoker.java:87)
	at org.junit.jupiter.engine.descriptor.TestMethodTestDescriptor.lambda$invokeTestMethod$4(TestMethodTestDescriptor.java:221)
	at org.junit.platform.engine.support.hierarchical.ThrowableCollector.execute(ThrowableCollector.java:73)
	at org.junit.jupiter.engine.descriptor.TestMethodTestDescriptor.invokeTestMethod(TestMethodTestDescriptor.java:217)
	at org.junit.jupiter.engine.descriptor.TestMethodTestDescriptor.execute(TestMethodTestDescriptor.java:159)
	at org.junit.jupiter.engine.descriptor.TestMethodTestDescriptor.execute(TestMethodTestDescriptor.java:70)
	at org.junit.platform.engine.support.hierarchical.NodeTestTask.lambda$executeRecursively$6(NodeTestTask.java:157)
	at org.junit.platform.engine.support.hierarchical.ThrowableCollector.execute(ThrowableCollector.java:73)
	at org.junit.platform.engine.support.hierarchical.NodeTestTask.lambda$executeRecursively$8(NodeTestTask.java:147)
	at org.junit.platform.engine.support.hierarchical.Node.around(Node.java:137)
	at org.junit.platform.engine.support.hierarchical.NodeTestTask.lambda$executeRecursively$9(NodeTestTask.java:145)
	at org.junit.platform.engine.support.hierarchical.ThrowableCollector.execute(ThrowableCollector.java:73)
	at org.junit.platform.engine.support.hierarchical.NodeTestTask.executeRecursively(NodeTestTask.java:144)
	at org.junit.platform.engine.support.hierarchical.NodeTestTask.execute(NodeTestTask.java:101)
	at org.junit.platform.engine.support.hierarchical.SameThreadHierarchicalTestExecutorService.submit(SameThreadHierarchicalTestExecutorService.java:35)
	at org.junit.platform.engine.support.hierarchical.NodeTestTask$DefaultDynamicTestExecutor.execute(NodeTestTask.java:232)
	at org.junit.platform.engine.support.hierarchical.NodeTestTask$DefaultDynamicTestExecutor.execute(NodeTestTask.java:210)
	at org.junit.jupiter.engine.descriptor.TemplateExecutor.execute(TemplateExecutor.java:98)
	at org.junit.jupiter.engine.descriptor.TemplateExecutor.lambda$executeForProvider$0(TemplateExecutor.java:61)
	at java.base/java.util.Optional.ifPresent(Optional.java:178)
	at org.junit.jupiter.engine.descriptor.TemplateExecutor.lambda$executeForProvider$1(TemplateExecutor.java:61)
	at java.base/java.util.stream.ForEachOps$ForEachOp$OfRef.accept(ForEachOps.java:184)
	at java.base/java.util.stream.ReferencePipeline$3$1.accept(ReferencePipeline.java:197)
	at java.base/java.util.stream.ForEachOps$ForEachOp$OfRef.accept(ForEachOps.java:184)
	at java.base/java.util.stream.ForEachOps$ForEachOp$OfRef.accept(ForEachOps.java:184)
	at java.base/java.util.stream.ReferencePipeline$3$1.accept(ReferencePipeline.java:197)
	at java.base/java.util.Spliterators$ArraySpliterator.forEachRemaining(Spliterators.java:1024)
	at java.base/java.util.stream.AbstractPipeline.copyInto(AbstractPipeline.java:509)
	at java.base/java.util.stream.AbstractPipeline.wrapAndCopyInto(AbstractPipeline.java:499)
	at java.base/java.util.stream.ForEachOps$ForEachOp.evaluateSequential(ForEachOps.java:151)
	at java.base/java.util.stream.ForEachOps$ForEachOp$OfRef.evaluateSequential(ForEachOps.java:174)
	at java.base/java.util.stream.AbstractPipeline.evaluate(AbstractPipeline.java:234)
	at java.base/java.util.stream.ReferencePipeline.forEach(ReferencePipeline.java:596)
	at java.base/java.util.stream.ReferencePipeline$7$1.accept(ReferencePipeline.java:276)
	at java.base/java.util.ArrayList$ArrayListSpliterator.forEachRemaining(ArrayList.java:1708)
	at java.base/java.util.stream.AbstractPipeline.copyInto(AbstractPipeline.java:509)
	at java.base/java.util.stream.AbstractPipeline.wrapAndCopyInto(AbstractPipeline.java:499)
	at java.base/java.util.stream.ForEachOps$ForEachOp.evaluateSequential(ForEachOps.java:151)
	at java.base/java.util.stream.ForEachOps$ForEachOp$OfRef.evaluateSequential(ForEachOps.java:174)
	at java.base/java.util.stream.AbstractPipeline.evaluate(AbstractPipeline.java:234)
	at java.base/java.util.stream.ReferencePipeline.forEach(ReferencePipeline.java:596)
	at java.base/java.util.stream.ReferencePipeline$7$1.accept(ReferencePipeline.java:276)
	at java.base/java.util.stream.ReferencePipeline$3$1.accept(ReferencePipeline.java:197)
	at java.base/java.util.stream.ReferencePipeline$3$1.accept(ReferencePipeline.java:197)
	at java.base/java.util.stream.ReferencePipeline$3$1.accept(ReferencePipeline.java:197)
	at java.base/java.util.ArrayList$ArrayListSpliterator.forEachRemaining(ArrayList.java:1708)
	at java.base/java.util.stream.AbstractPipeline.copyInto(AbstractPipeline.java:509)
	at java.base/java.util.stream.AbstractPipeline.wrapAndCopyInto(AbstractPipeline.java:499)
	at java.base/java.util.stream.ForEachOps$ForEachOp.evaluateSequential(ForEachOps.java:151)
	at java.base/java.util.stream.ForEachOps$ForEachOp$OfRef.evaluateSequential(ForEachOps.java:174)
	at java.base/java.util.stream.AbstractPipeline.evaluate(AbstractPipeline.java:234)
	at java.base/java.util.stream.ReferencePipeline.forEach(ReferencePipeline.java:596)
	at org.junit.jupiter.engine.descriptor.TemplateExecutor.executeForProvider(TemplateExecutor.java:59)
	at org.junit.jupiter.engine.descriptor.TemplateExecutor.execute(TemplateExecutor.java:48)
	at org.junit.jupiter.engine.descriptor.TestTemplateTestDescriptor.execute(TestTemplateTestDescriptor.java:112)
	at org.junit.jupiter.engine.descriptor.TestTemplateTestDescriptor.execute(TestTemplateTestDescriptor.java:40)
	at org.junit.platform.engine.support.hierarchical.NodeTestTask.lambda$executeRecursively$6(NodeTestTask.java:157)
	at org.junit.platform.engine.support.hierarchical.ThrowableCollector.execute(ThrowableCollector.java:73)
	at org.junit.platform.engine.support.hierarchical.NodeTestTask.lambda$executeRecursively$8(NodeTestTask.java:147)
	at org.junit.platform.engine.support.hierarchical.Node.around(Node.java:137)
	at org.junit.platform.engine.support.hierarchical.NodeTestTask.lambda$executeRecursively$9(NodeTestTask.java:145)
	at org.junit.platform.engine.support.hierarchical.ThrowableCollector.execute(ThrowableCollector.java:73)
	at org.junit.platform.engine.support.hierarchical.NodeTestTask.executeRecursively(NodeTestTask.java:144)
	at org.junit.platform.engine.support.hierarchical.NodeTestTask.execute(NodeTestTask.java:101)
	at java.base/java.util.ArrayList.forEach(ArrayList.java:1596)
	at org.junit.platform.engine.support.hierarchical.SameThreadHierarchicalTestExecutorService.invokeAll(SameThreadHierarchicalTestExecutorService.java:41)
	at org.junit.platform.engine.support.hierarchical.NodeTestTask.lambda$executeRecursively$6(NodeTestTask.java:161)
	at org.junit.platform.engine.support.hierarchical.ThrowableCollector.execute(ThrowableCollector.java:73)
	at org.junit.platform.engine.support.hierarchical.NodeTestTask.lambda$executeRecursively$8(NodeTestTask.java:147)
	at org.junit.platform.engine.support.hierarchical.Node.around(Node.java:137)
	at org.junit.platform.engine.support.hierarchical.NodeTestTask.lambda$executeRecursively$9(NodeTestTask.java:145)
	at org.junit.platform.engine.support.hierarchical.ThrowableCollector.execute(ThrowableCollector.java:73)
	at org.junit.platform.engine.support.hierarchical.NodeTestTask.executeRecursively(NodeTestTask.java:144)
	at org.junit.platform.engine.support.hierarchical.NodeTestTask.execute(NodeTestTask.java:101)
	at java.base/java.util.ArrayList.forEach(ArrayList.java:1596)
	at org.junit.platform.engine.support.hierarchical.SameThreadHierarchicalTestExecutorService.invokeAll(SameThreadHierarchicalTestExecutorService.java:41)
	at org.junit.platform.engine.support.hierarchical.NodeTestTask.lambda$executeRecursively$6(NodeTestTask.java:161)
	at org.junit.platform.engine.support.hierarchical.ThrowableCollector.execute(ThrowableCollector.java:73)
	at org.junit.platform.engine.support.hierarchical.NodeTestTask.lambda$executeRecursively$8(NodeTestTask.java:147)
	at org.junit.platform.engine.support.hierarchical.Node.around(Node.java:137)
	at org.junit.platform.engine.support.hierarchical.NodeTestTask.lambda$executeRecursively$9(NodeTestTask.java:145)
	at org.junit.platform.engine.support.hierarchical.ThrowableCollector.execute(ThrowableCollector.java:73)
	at org.junit.platform.engine.support.hierarchical.NodeTestTask.executeRecursively(NodeTestTask.java:144)
	at org.junit.platform.engine.support.hierarchical.NodeTestTask.execute(NodeTestTask.java:101)
	at org.junit.platform.engine.support.hierarchical.SameThreadHierarchicalTestExecutorService.submit(SameThreadHierarchicalTestExecutorService.java:35)
	at org.junit.platform.engine.support.hierarchical.HierarchicalTestExecutor.execute(HierarchicalTestExecutor.java:57)
	at org.junit.platform.engine.support.hierarchical.HierarchicalTestEngine.execute(HierarchicalTestEngine.java:54)
	at org.junit.platform.launcher.core.EngineExecutionOrchestrator.executeEngine(EngineExecutionOrchestrator.java:230)
	at org.junit.platform.launcher.core.EngineExecutionOrchestrator.failOrExecuteEngine(EngineExecutionOrchestrator.java:204)
	at org.junit.platform.launcher.core.EngineExecutionOrchestrator.execute(EngineExecutionOrchestrator.java:172)
	at org.junit.platform.launcher.core.EngineExecutionOrchestrator.execute(EngineExecutionOrchestrator.java:101)
	at org.junit.platform.launcher.core.EngineExecutionOrchestrator.lambda$execute$0(EngineExecutionOrchestrator.java:64)
	at org.junit.platform.launcher.core.EngineExecutionOrchestrator.withInterceptedStreams(EngineExecutionOrchestrator.java:150)
	at org.junit.platform.launcher.core.EngineExecutionOrchestrator.execute(EngineExecutionOrchestrator.java:63)
	at org.junit.platform.launcher.core.DefaultLauncher.execute(DefaultLauncher.java:109)
	at org.junit.platform.launcher.core.DefaultLauncher.execute(DefaultLauncher.java:91)
	at org.junit.platform.launcher.core.DelegatingLauncher.execute(DelegatingLauncher.java:47)
	at org.junit.platform.launcher.core.InterceptingLauncher.lambda$execute$1(InterceptingLauncher.java:39)
	at org.junit.platform.launcher.core.ClasspathAlignmentCheckingLauncherInterceptor.intercept(ClasspathAlignmentCheckingLauncherInterceptor.java:25)
	at org.junit.platform.launcher.core.InterceptingLauncher.execute(InterceptingLauncher.java:38)
	at org.junit.platform.launcher.core.DelegatingLauncher.execute(DelegatingLauncher.java:47)
	at org.apache.maven.surefire.junitplatform.LazyLauncher.execute(LazyLauncher.java:56)
	at org.apache.maven.surefire.junitplatform.JUnitPlatformProvider.execute(JUnitPlatformProvider.java:184)
	at org.apache.maven.surefire.junitplatform.JUnitPlatformProvider.invokeAllTests(JUnitPlatformProvider.java:148)
	at org.apache.maven.surefire.junitplatform.JUnitPlatformProvider.invoke(JUnitPlatformProvider.java:120)
	at org.apache.maven.surefire.booter.ForkedBooter.runSuitesInProcess(ForkedBooter.java:385)
	at org.apache.maven.surefire.booter.ForkedBooter.execute(ForkedBooter.java:162)
	at org.apache.maven.surefire.booter.ForkedBooter.run(ForkedBooter.java:507)
	at org.apache.maven.surefire.booter.ForkedBooter.main(ForkedBooter.java:495)
2025-10-18 02:35:14,013 [main] INFO  volume.HddsVolume (HddsVolume.java:<init>(162)) - HddsVolume: { id=DS-2796c3df-f6a9-4425-b1a6-2d9c0c5a972a dir=/tmp/junit-8599251268811958409/d4435729-5ba8-419c-b29a-c2953977d360/hdds type=DISK capacity=9222449699674390527 used=0 available=9222449699674390527 minFree=184448985434423296 committed=0 }
2025-10-18 02:35:14,013 [main] INFO  volume.MutableVolumeSet (MutableVolumeSet.java:initializeVolumeSet(175)) - Added Volume : /tmp/junit-8599251268811958409/d4435729-5ba8-419c-b29a-c2953977d360/hdds to VolumeSet
2025-10-18 02:35:14,014 [main] WARN  server.ServerUtils (ServerUtils.java:getDefaultRatisDirectory(304)) - Storage directory for Ratis is not configured. It is a good idea to map this to an SSD disk. Falling back to ozone.metadata.dirs
2025-10-18 02:35:14,014 [main] INFO  volume.MutableVolumeSet (MutableVolumeSet.java:initializeVolumeSet(175)) - Added Volume : /tmp/junit-8599251268811958409/ratis to VolumeSet
2025-10-18 02:35:14,015 [main] WARN  db.DBStoreBuilder (DBStoreBuilder.java:getDBDirPath(157)) - ozone.scm.datanode.id.dir is not configured. We recommend adding this setting. Falling back to ozone.metadata.dirs instead.
2025-10-18 02:35:14,015 [main] WARN  db.DBStoreBuilder (DBStoreBuilder.java:getDBDirPath(157)) - ozone.scm.datanode.id.dir is not configured. We recommend adding this setting. Falling back to ozone.metadata.dirs instead.
2025-10-18 02:35:14,030 [main] INFO  impl.FilePerChunkStrategy (FilePerChunkStrategy.java:<init>(79)) - ozone.chunk.read.mapped.buffer.max.count is load with 0
2025-10-18 02:35:14,030 [main] INFO  impl.FilePerBlockStrategy (FilePerBlockStrategy.java:<init>(88)) - ozone.chunk.read.mapped.buffer.max.count is load with 0
2025-10-18 02:35:14,031 [main] INFO  server.RaftServerConfigKeys (ConfUtils.java:logGet(62)) - raft.server.log.appender.buffer.byte-limit = 33554432 (custom)
2025-10-18 02:35:14,031 [main] WARN  server.ServerUtils (ServerUtils.java:getDefaultRatisDirectory(304)) - Storage directory for Ratis is not configured. It is a good idea to map this to an SSD disk. Falling back to ozone.metadata.dirs
2025-10-18 02:35:14,032 [main] INFO  grpc.GrpcConfigKeys (ConfUtils.java:logFallback(69)) - raft.grpc.admin.host = null (fallback to raft.grpc.server.host)
2025-10-18 02:35:14,032 [main] INFO  grpc.GrpcConfigKeys (ConfUtils.java:logFallback(69)) - raft.grpc.client.host = null (fallback to raft.grpc.server.host)
2025-10-18 02:35:14,032 [main] INFO  server.GrpcServicesImpl (ConfUtils.java:logGet(62)) - raft.grpc.message.size.max = 34603008 (custom)
2025-10-18 02:35:14,033 [main] INFO  server.GrpcServicesImpl (ConfUtils.java:logGet(62)) - raft.grpc.flow.control.window = 5MB (=5242880) (custom)
2025-10-18 02:35:14,033 [main] INFO  server.RaftServerConfigKeys (ConfUtils.java:logGet(62)) - raft.server.log.appender.buffer.byte-limit = 33554432 (custom)
2025-10-18 02:35:14,033 [main] INFO  netty.NettyUtils (NettyUtils.java:newEventLoopGroup(74)) - Create EpollEventLoopGroup for 0133dbbf-fb00-4f2f-8309-b784c09e1e11-NettyServerStreamRpc-bossGroup; Thread size is 0.
2025-10-18 02:35:14,034 [main] INFO  netty.NettyUtils (NettyUtils.java:newEventLoopGroup(74)) - Create EpollEventLoopGroup for 0133dbbf-fb00-4f2f-8309-b784c09e1e11-NettyServerStreamRpc-workerGroup; Thread size is 0.
2025-10-18 02:35:14,034 [main] INFO  server.RaftServerConfigKeys (ConfUtils.java:logGet(62)) - raft.server.storage.dir = [/tmp/junit-8599251268811958409/ratis] (custom)
2025-10-18 02:35:14,034 [0133dbbf-fb00-4f2f-8309-b784c09e1e11-NettyServerStreamRpc-bossGroup--thread1] INFO  logging.LoggingHandler (AbstractInternalLogger.java:log(148)) - [id: 0xdf719905] REGISTERED
2025-10-18 02:35:14,035 [0133dbbf-fb00-4f2f-8309-b784c09e1e11-NettyServerStreamRpc-bossGroup--thread1] INFO  logging.LoggingHandler (AbstractInternalLogger.java:log(148)) - [id: 0xdf719905] BIND: 0.0.0.0/0.0.0.0:0
2025-10-18 02:35:14,035 [0133dbbf-fb00-4f2f-8309-b784c09e1e11-NettyServerStreamRpc-bossGroup--thread1] INFO  logging.LoggingHandler (AbstractInternalLogger.java:log(148)) - [id: 0xdf719905, L:/0.0.0.0:43241] ACTIVE
2025-10-18 02:35:14,035 [0133dbbf-fb00-4f2f-8309-b784c09e1e11-impl-thread1] INFO  server.RaftServer (RaftServerProxy.java:initGroupDir(270)) - 0133dbbf-fb00-4f2f-8309-b784c09e1e11: found a subdirectory /tmp/junit-8599251268811958409/ratis/tmp
2025-10-18 02:35:14,035 [0133dbbf-fb00-4f2f-8309-b784c09e1e11-impl-thread1] INFO  server.RaftServer (RaftServerProxy.java:initGroupDir(275)) - 0133dbbf-fb00-4f2f-8309-b784c09e1e11: The directory /tmp/junit-8599251268811958409/ratis/tmp is not a group directory; ignoring it. 
2025-10-18 02:35:14,035 [main] INFO  replication.ReplicationServer (ReplicationServer.java:<init>(84)) - Initializing replication server with thread count = 10 queue length = 4096
2025-10-18 02:35:14,036 [main] INFO  server.XceiverServerGrpc (XceiverServerGrpc.java:<init>(129)) - GrpcServer channel type EpollServerSocketChannel
2025-10-18 02:35:14,037 [main] INFO  replication.ReplicationSupervisor (ReplicationSupervisor.java:build(169)) - Initializing replication supervisor with thread count = 10
2025-10-18 02:35:14,037 [main] INFO  replication.ReplicationSupervisor (ReplicationSupervisor.java:nodeStateUpdated(358)) - Node state updated to IN_SERVICE, scaling executor pool size to 10
2025-10-18 02:35:14,044 [0133dbbf-fb00-4f2f-8309-b784c09e1e11-ContainerReader-0] INFO  ozoneimpl.ContainerReader (ContainerReader.java:readVolume(147)) - Start to verify containers on volume /tmp/junit-8599251268811958409/d4435729-5ba8-419c-b29a-c2953977d360/hdds
2025-10-18 02:35:14,044 [0133dbbf-fb00-4f2f-8309-b784c09e1e11-ContainerReader-0] INFO  ozoneimpl.ContainerReader (ContainerReader.java:readVolume(177)) - Finish verifying containers on volume /tmp/junit-8599251268811958409/d4435729-5ba8-419c-b29a-c2953977d360/hdds
2025-10-18 02:35:14,045 [main] INFO  ozoneimpl.OzoneContainer (OzoneContainer.java:buildContainerSet(359)) - Build ContainerSet costs 0s
2025-10-18 02:35:14,045 [main] INFO  volume.ThrottledAsyncChecker (ThrottledAsyncChecker.java:schedule(138)) - Scheduling a check for /tmp/junit-8599251268811958409/d4435729-5ba8-419c-b29a-c2953977d360/hdds
2025-10-18 02:35:14,046 [main] INFO  volume.StorageVolumeChecker (StorageVolumeChecker.java:checkAllVolumes(231)) - Scheduled health check for volume /tmp/junit-8599251268811958409/d4435729-5ba8-419c-b29a-c2953977d360/hdds
2025-10-18 02:35:14,046 [main] INFO  volume.ThrottledAsyncChecker (ThrottledAsyncChecker.java:schedule(138)) - Scheduling a check for /tmp/junit-8599251268811958409/ratis
2025-10-18 02:35:14,046 [main] INFO  volume.StorageVolumeChecker (StorageVolumeChecker.java:checkAllVolumes(231)) - Scheduled health check for volume /tmp/junit-8599251268811958409/ratis
2025-10-18 02:35:14,047 [main] INFO  ozoneimpl.OzoneContainer (OzoneContainer.java:start(544)) - Attempting to start container services.
2025-10-18 02:35:14,048 [ContainerMetadataScanner] INFO  ozoneimpl.AbstractBackgroundContainerScanner (AbstractBackgroundContainerScanner.java:runIteration(89)) - Completed an iteration in 0 minutes. Number of iterations (since the data-node restart) : 1, Number of containers scanned in this iteration : 0, Number of unhealthy containers found in this iteration : 0
2025-10-18 02:35:14,048 [ContainerDataScanner(/tmp/junit-8599251268811958409/d4435729-5ba8-419c-b29a-c2953977d360/hdds)] INFO  ozoneimpl.AbstractBackgroundContainerScanner (AbstractBackgroundContainerScanner.java:runIteration(89)) - Completed an iteration in 0 minutes. Number of iterations (since the data-node restart) : 1, Number of containers scanned in this iteration : 0, Number of unhealthy containers found in this iteration : 0
2025-10-18 02:35:14,049 [main] INFO  replication.ReplicationServer (ReplicationServer.java:start(137)) - ReplicationServer is started using port 9886
2025-10-18 02:35:14,049 [main] INFO  ratis.XceiverServerRatis (XceiverServerRatis.java:start(559)) - Starting XceiverServerRatis(0133dbbf-fb00-4f2f-8309-b784c09e1e11)
2025-10-18 02:35:14,053 [main] INFO  server.RaftServer (RaftServerProxy.java:startImpl(412)) - 0133dbbf-fb00-4f2f-8309-b784c09e1e11: start RPC server
2025-10-18 02:35:14,054 [main] INFO  server.GrpcServicesImpl (GrpcServicesImpl.java:startImpl(346)) - 0133dbbf-fb00-4f2f-8309-b784c09e1e11: GrpcServicesImpl started, listening on 9858
2025-10-18 02:35:14,054 [main] INFO  ratis.XceiverServerRatis (XceiverServerRatis.java:getRealPort(586)) - XceiverServerRatis(0133dbbf-fb00-4f2f-8309-b784c09e1e11) is started using port RATIS=9858
2025-10-18 02:35:14,054 [main] INFO  ratis.XceiverServerRatis (XceiverServerRatis.java:getRealPort(586)) - XceiverServerRatis(0133dbbf-fb00-4f2f-8309-b784c09e1e11) is started using port RATIS_ADMIN=9858
2025-10-18 02:35:14,054 [main] INFO  ratis.XceiverServerRatis (XceiverServerRatis.java:getRealPort(586)) - XceiverServerRatis(0133dbbf-fb00-4f2f-8309-b784c09e1e11) is started using port RATIS_SERVER=9858
2025-10-18 02:35:14,055 [main] INFO  ratis.XceiverServerRatis (XceiverServerRatis.java:getRealPort(586)) - XceiverServerRatis(0133dbbf-fb00-4f2f-8309-b784c09e1e11) is started using port RATIS_DATASTREAM=43241
2025-10-18 02:35:14,055 [JvmPauseMonitor12] INFO  util.JvmPauseMonitor (JvmPauseMonitor.java:run(146)) - JvmPauseMonitor-0133dbbf-fb00-4f2f-8309-b784c09e1e11: Started
2025-10-18 02:35:14,056 [main] INFO  utils.BackgroundService (BackgroundService.java:start(119)) - Starting service BlockDeletingService with interval 60000 milliseconds
2025-10-18 02:35:14,056 [main] INFO  utils.BackgroundService (BackgroundService.java:start(119)) - Starting service StaleRecoveringContainerScrubbingService with interval 60000 milliseconds
2025-10-18 02:35:14,057 [main] INFO  upgrade.UpgradeFinalizer (BasicUpgradeFinalizer.java:logAndEmit(395)) - Finalization started.
2025-10-18 02:35:14,057 [main] INFO  upgrade.UpgradeFinalizer (BasicUpgradeFinalizer.java:runFinalizationAction(270)) - Running finalization actions for layout feature: DATANODE_SCHEMA_V3
2025-10-18 02:35:14,057 [main] INFO  upgrade.DatanodeSchemaV3FinalizeAction (DatanodeSchemaV3FinalizeAction.java:execute(49)) - Upgrading Datanode volume layout for Schema V3 support.
2025-10-18 02:35:14,081 [main] INFO  utils.DatanodeStoreCache (DatanodeStoreCache.java:addDB(70)) - Added db /tmp/junit-8599251268811958409/d4435729-5ba8-419c-b29a-c2953977d360/hdds/clusterID/DS-2b2fcbfe-e6ff-491e-8576-57950672ed5e/container.db to cache
2025-10-18 02:35:14,081 [main] INFO  volume.HddsVolume (HddsVolume.java:createDbStore(576)) - SchemaV3 db is created and loaded at /tmp/junit-8599251268811958409/d4435729-5ba8-419c-b29a-c2953977d360/hdds/clusterID/DS-2b2fcbfe-e6ff-491e-8576-57950672ed5e/container.db for volume DS-2b2fcbfe-e6ff-491e-8576-57950672ed5e
2025-10-18 02:35:14,082 [main] INFO  utils.DatanodeStoreCache (DatanodeStoreCache.java:removeDB(104)) - Removed db /tmp/junit-8599251268811958409/d4435729-5ba8-419c-b29a-c2953977d360/hdds/clusterID/DS-2b2fcbfe-e6ff-491e-8576-57950672ed5e/container.db from cache
2025-10-18 02:35:14,082 [main] INFO  volume.HddsVolume (HddsVolume.java:closeDbStore(609)) - SchemaV3 db is stopped at /tmp/junit-8599251268811958409/d4435729-5ba8-419c-b29a-c2953977d360/hdds/clusterID/DS-2b2fcbfe-e6ff-491e-8576-57950672ed5e/container.db for volume DS-2b2fcbfe-e6ff-491e-8576-57950672ed5e
2025-10-18 02:35:14,082 [main] INFO  upgrade.DatanodeSchemaV3FinalizeAction (DatanodeSchemaV3FinalizeAction.java:execute(75)) - Schema V3 is disabled. Won't load RocksDB in upgrade.
2025-10-18 02:35:14,083 [main] INFO  upgrade.AbstractLayoutVersionManager (AbstractLayoutVersionManager.java:finalized(124)) - Layout feature DATANODE_SCHEMA_V3 has been finalized.
2025-10-18 02:35:14,083 [main] INFO  upgrade.UpgradeFinalizer (BasicUpgradeFinalizer.java:logAndEmit(395)) - No onFinalize work defined for feature: RATIS_DATASTREAM_PORT_IN_DATANODEDETAILS.
2025-10-18 02:35:14,084 [main] INFO  upgrade.AbstractLayoutVersionManager (AbstractLayoutVersionManager.java:finalized(124)) - Layout feature RATIS_DATASTREAM_PORT_IN_DATANODEDETAILS has been finalized.
2025-10-18 02:35:14,084 [main] INFO  upgrade.UpgradeFinalizer (BasicUpgradeFinalizer.java:logAndEmit(395)) - No onFinalize work defined for feature: WEBUI_PORTS_IN_DATANODEDETAILS.
2025-10-18 02:35:14,085 [main] INFO  upgrade.AbstractLayoutVersionManager (AbstractLayoutVersionManager.java:finalized(124)) - Layout feature WEBUI_PORTS_IN_DATANODEDETAILS has been finalized.
2025-10-18 02:35:14,085 [main] INFO  upgrade.UpgradeFinalizer (BasicUpgradeFinalizer.java:logAndEmit(395)) - No onFinalize work defined for feature: HADOOP_PRC_PORTS_IN_DATANODEDETAILS.
2025-10-18 02:35:14,086 [main] INFO  upgrade.AbstractLayoutVersionManager (AbstractLayoutVersionManager.java:finalized(124)) - Layout feature HADOOP_PRC_PORTS_IN_DATANODEDETAILS has been finalized.
2025-10-18 02:35:14,086 [main] INFO  upgrade.UpgradeFinalizer (BasicUpgradeFinalizer.java:logAndEmit(395)) - No onFinalize work defined for feature: HBASE_SUPPORT.
2025-10-18 02:35:14,087 [main] INFO  upgrade.AbstractLayoutVersionManager (AbstractLayoutVersionManager.java:finalized(124)) - Layout feature HBASE_SUPPORT has been finalized.
2025-10-18 02:35:14,087 [main] INFO  upgrade.UpgradeFinalizer (BasicUpgradeFinalizer.java:runFinalizationAction(270)) - Running finalization actions for layout feature: WITNESSED_CONTAINER_DB_PROTO_VALUE
2025-10-18 02:35:14,088 [main] INFO  upgrade.ContainerTableSchemaFinalizeAction (ContainerTableSchemaFinalizeAction.java:execute(71)) - Finished copy to containerIdsTable from previous table
2025-10-18 02:35:14,089 [main] INFO  upgrade.AbstractLayoutVersionManager (AbstractLayoutVersionManager.java:finalized(124)) - Layout feature WITNESSED_CONTAINER_DB_PROTO_VALUE has been finalized.
2025-10-18 02:35:14,089 [main] INFO  upgrade.AbstractLayoutVersionManager (AbstractLayoutVersionManager.java:finalized(126)) - Finalization is complete.
2025-10-18 02:35:14,089 [main] INFO  upgrade.UpgradeFinalizer (BasicUpgradeFinalizer.java:logAndEmit(395)) - Finalization is done.
2025-10-18 02:35:14,119 [main] INFO  keyvalue.KeyValueContainer (KeyValueContainer.java:flushAndSyncDB(514)) - Synced container: KeyValueContainerData #1554753919 (CLOSING, non-empty, ri=0, origin=[dn_0133dbbf-fb00-4f2f-8309-b784c09e1e11, pipeline_])
2025-10-18 02:35:14,119 [main] INFO  keyvalue.KeyValueContainer (KeyValueContainer.java:flushAndSyncDB(514)) - Synced container: KeyValueContainerData #1554753919 (CLOSING, non-empty, ri=0, origin=[dn_0133dbbf-fb00-4f2f-8309-b784c09e1e11, pipeline_])
2025-10-18 02:35:14,122 [main] INFO  keyvalue.KeyValueContainer (KeyValueContainer.java:close(430)) - Closed container: KeyValueContainerData #1554753919 (CLOSED, non-empty, ri=0, origin=[dn_0133dbbf-fb00-4f2f-8309-b784c09e1e11, pipeline_])
2025-10-18 02:35:14,123 [main] INFO  ozoneimpl.OzoneContainer (OzoneContainer.java:stop(568)) - Attempting to stop container services.
2025-10-18 02:35:14,123 [ContainerMetadataScanner] WARN  ozoneimpl.AbstractBackgroundContainerScanner (AbstractBackgroundContainerScanner.java:handleRemainingSleep(136)) - Background container scan was interrupted.
2025-10-18 02:35:14,123 [ContainerMetadataScanner] INFO  ozoneimpl.AbstractBackgroundContainerScanner (AbstractBackgroundContainerScanner.java:run(63)) - org.apache.hadoop.ozone.container.ozoneimpl.BackgroundContainerMetadataScanner@22c3477c exiting.
2025-10-18 02:35:14,123 [main] INFO  ozoneimpl.BackgroundContainerDataScanner (BackgroundContainerDataScanner.java:shutdown(87)) - ContainerDataScanner(/tmp/junit-8599251268811958409/d4435729-5ba8-419c-b29a-c2953977d360/hdds) is shutting down. 
2025-10-18 02:35:14,124 [ContainerDataScanner(/tmp/junit-8599251268811958409/d4435729-5ba8-419c-b29a-c2953977d360/hdds)] WARN  ozoneimpl.AbstractBackgroundContainerScanner (AbstractBackgroundContainerScanner.java:handleRemainingSleep(136)) - Background container scan was interrupted.
2025-10-18 02:35:14,124 [ContainerDataScanner(/tmp/junit-8599251268811958409/d4435729-5ba8-419c-b29a-c2953977d360/hdds)] INFO  ozoneimpl.AbstractBackgroundContainerScanner (AbstractBackgroundContainerScanner.java:run(63)) - ContainerDataScanner(/tmp/junit-8599251268811958409/d4435729-5ba8-419c-b29a-c2953977d360/hdds, DS-2b2fcbfe-e6ff-491e-8576-57950672ed5e) exiting.
2025-10-18 02:35:14,124 [main] INFO  ozoneimpl.OnDemandContainerScanner (OnDemandContainerScanner.java:shutdown(141)) - On-demand container scanner is shutting down.
2025-10-18 02:35:14,124 [main] INFO  ratis.XceiverServerRatis (XceiverServerRatis.java:stop(594)) - Closing XceiverServerRatis(0133dbbf-fb00-4f2f-8309-b784c09e1e11)
2025-10-18 02:35:14,124 [main] INFO  server.RaftServer (RaftServerProxy.java:lambda$close$9(422)) - 0133dbbf-fb00-4f2f-8309-b784c09e1e11: close
2025-10-18 02:35:14,124 [main] INFO  server.GrpcServicesImpl (GrpcServicesImpl.java:closeImpl(355)) - 0133dbbf-fb00-4f2f-8309-b784c09e1e11: shutdown server GrpcServerProtocolService now
2025-10-18 02:35:14,125 [main] INFO  server.GrpcServicesImpl (GrpcServicesImpl.java:closeImpl(364)) - 0133dbbf-fb00-4f2f-8309-b784c09e1e11: shutdown server GrpcServerProtocolService successfully
2025-10-18 02:35:14,125 [0133dbbf-fb00-4f2f-8309-b784c09e1e11-NettyServerStreamRpc-bossGroup--thread1] INFO  logging.LoggingHandler (AbstractInternalLogger.java:log(148)) - [id: 0xdf719905, L:/0.0.0.0:43241] CLOSE
2025-10-18 02:35:14,125 [0133dbbf-fb00-4f2f-8309-b784c09e1e11-NettyServerStreamRpc-bossGroup--thread1] INFO  logging.LoggingHandler (AbstractInternalLogger.java:log(148)) - [id: 0xdf719905, L:/0.0.0.0:43241] INACTIVE
2025-10-18 02:35:14,125 [0133dbbf-fb00-4f2f-8309-b784c09e1e11-NettyServerStreamRpc-bossGroup--thread1] INFO  logging.LoggingHandler (AbstractInternalLogger.java:log(148)) - [id: 0xdf719905, L:/0.0.0.0:43241] UNREGISTERED
2025-10-18 02:35:14,129 [JvmPauseMonitor12] INFO  util.JvmPauseMonitor (JvmPauseMonitor.java:run(152)) - JvmPauseMonitor-0133dbbf-fb00-4f2f-8309-b784c09e1e11: Stopped
2025-10-18 02:35:16,134 [main] INFO  utils.BackgroundService (BackgroundService.java:shutdown(195)) - Shutting down service BlockDeletingService
2025-10-18 02:35:16,134 [main] INFO  utils.BackgroundService (BackgroundService.java:shutdown(195)) - Shutting down service StaleRecoveringContainerScrubbingService
2025-10-18 02:35:16,136 [main] INFO  upgrade.AbstractLayoutVersionManager (AbstractLayoutVersionManager.java:init(80)) - Initializing Layout version manager with metadata layout = WITNESSED_CONTAINER_DB_PROTO_VALUE (version = 9), software layout = WITNESSED_CONTAINER_DB_PROTO_VALUE (version = 9)
2025-10-18 02:35:16,137 [main] INFO  statemachine.DatanodeStateMachine (DatanodeStateMachine.java:getEndPointTaskThreadPoolSize(321)) - Datanode State Machine Task Thread Pool size 2
2025-10-18 02:35:16,139 [main] INFO  volume.HddsVolume (HddsVolume.java:<init>(162)) - HddsVolume: { id=6ec039a4-773f-4b40-82cb-dc823ed89ec5 dir=/home/runner/work/ozone/ozone/hadoop-hdds/container-service/file:/home/runner/work/ozone/ozone/hadoop-hdds/container-service/target/tmp/dfs/data type=DISK failed }
2025-10-18 02:35:16,139 [main] ERROR volume.MutableVolumeSet (MutableVolumeSet.java:initializeVolumeSet(194)) - Failed to parse the storage location: file:///home/runner/work/ozone/ozone/hadoop-hdds/container-service/target/tmp/dfs/data
org.apache.hadoop.ozone.common.InconsistentStorageStateException: Mismatched DatanodeUUIDs. Version File : /home/runner/work/ozone/ozone/hadoop-hdds/container-service/target/tmp/dfs/data/hdds/VERSION has datanodeUuid: c3d05b50-810d-4b78-be46-d77415fe1b4d and Datanode has datanodeUuid: 0133dbbf-fb00-4f2f-8309-b784c09e1e11
	at org.apache.hadoop.ozone.container.common.utils.StorageVolumeUtil.getDatanodeUUID(StorageVolumeUtil.java:122)
	at org.apache.hadoop.ozone.container.common.volume.StorageVolume.readVersionFile(StorageVolume.java:385)
	at org.apache.hadoop.ozone.container.common.volume.StorageVolume.initializeImpl(StorageVolume.java:240)
	at org.apache.hadoop.ozone.container.common.volume.StorageVolume.initialize(StorageVolume.java:215)
	at org.apache.hadoop.ozone.container.common.volume.HddsVolume.<init>(HddsVolume.java:151)
	at org.apache.hadoop.ozone.container.common.volume.HddsVolume.<init>(HddsVolume.java:80)
	at org.apache.hadoop.ozone.container.common.volume.HddsVolume$Builder.build(HddsVolume.java:130)
	at org.apache.hadoop.ozone.container.common.volume.HddsVolumeFactory.createVolume(HddsVolumeFactory.java:46)
	at org.apache.hadoop.ozone.container.common.volume.MutableVolumeSet.initializeVolumeSet(MutableVolumeSet.java:172)
	at org.apache.hadoop.ozone.container.common.volume.MutableVolumeSet.<init>(MutableVolumeSet.java:130)
	at org.apache.hadoop.ozone.container.common.volume.MutableVolumeSet.<init>(MutableVolumeSet.java:92)
	at org.apache.hadoop.ozone.container.ozoneimpl.OzoneContainer.<init>(OzoneContainer.java:170)
	at org.apache.hadoop.ozone.container.common.statemachine.DatanodeStateMachine.<init>(DatanodeStateMachine.java:191)
	at org.apache.hadoop.ozone.container.common.statemachine.DatanodeStateMachine.<init>(DatanodeStateMachine.java:305)
	at org.apache.hadoop.ozone.container.upgrade.UpgradeTestHelper.restartDatanode(UpgradeTestHelper.java:108)
	at org.apache.hadoop.ozone.container.upgrade.TestDatanodeUpgradeToSchemaV3.testWrite(TestDatanodeUpgradeToSchemaV3.java:447)
	at org.apache.hadoop.ozone.container.upgrade.TestDatanodeUpgradeToSchemaV3.testWriteWithV3Disabled(TestDatanodeUpgradeToSchemaV3.java:416)
	at java.base/jdk.internal.reflect.DirectMethodHandleAccessor.invoke(DirectMethodHandleAccessor.java:103)
	at java.base/java.lang.reflect.Method.invoke(Method.java:580)
	at org.junit.platform.commons.util.ReflectionUtils.invokeMethod(ReflectionUtils.java:786)
	at org.junit.platform.commons.support.ReflectionSupport.invokeMethod(ReflectionSupport.java:514)
	at org.junit.jupiter.engine.execution.MethodInvocation.proceed(MethodInvocation.java:60)
	at org.junit.jupiter.engine.execution.InvocationInterceptorChain$ValidatingInvocation.proceed(InvocationInterceptorChain.java:131)
	at org.junit.jupiter.engine.extension.SameThreadTimeoutInvocation.proceed(SameThreadTimeoutInvocation.java:49)
	at org.junit.jupiter.engine.extension.TimeoutExtension.intercept(TimeoutExtension.java:161)
	at org.junit.jupiter.engine.extension.TimeoutExtension.interceptTestableMethod(TimeoutExtension.java:152)
	at org.junit.jupiter.engine.extension.TimeoutExtension.interceptTestTemplateMethod(TimeoutExtension.java:99)
	at org.junit.jupiter.engine.execution.InterceptingExecutableInvoker$ReflectiveInterceptorCall.lambda$ofVoidMethod$0(InterceptingExecutableInvoker.java:112)
	at org.junit.jupiter.engine.execution.InterceptingExecutableInvoker.lambda$invoke$0(InterceptingExecutableInvoker.java:94)
	at org.junit.jupiter.engine.execution.InvocationInterceptorChain$InterceptedInvocation.proceed(InvocationInterceptorChain.java:106)
	at org.junit.jupiter.engine.execution.InvocationInterceptorChain.proceed(InvocationInterceptorChain.java:64)
	at org.junit.jupiter.engine.execution.InvocationInterceptorChain.chainAndInvoke(InvocationInterceptorChain.java:45)
	at org.junit.jupiter.engine.execution.InvocationInterceptorChain.invoke(InvocationInterceptorChain.java:37)
	at org.junit.jupiter.engine.execution.InterceptingExecutableInvoker.invoke(InterceptingExecutableInvoker.java:93)
	at org.junit.jupiter.engine.execution.InterceptingExecutableInvoker.invoke(InterceptingExecutableInvoker.java:87)
	at org.junit.jupiter.engine.descriptor.TestMethodTestDescriptor.lambda$invokeTestMethod$4(TestMethodTestDescriptor.java:221)
	at org.junit.platform.engine.support.hierarchical.ThrowableCollector.execute(ThrowableCollector.java:73)
	at org.junit.jupiter.engine.descriptor.TestMethodTestDescriptor.invokeTestMethod(TestMethodTestDescriptor.java:217)
	at org.junit.jupiter.engine.descriptor.TestMethodTestDescriptor.execute(TestMethodTestDescriptor.java:159)
	at org.junit.jupiter.engine.descriptor.TestMethodTestDescriptor.execute(TestMethodTestDescriptor.java:70)
	at org.junit.platform.engine.support.hierarchical.NodeTestTask.lambda$executeRecursively$6(NodeTestTask.java:157)
	at org.junit.platform.engine.support.hierarchical.ThrowableCollector.execute(ThrowableCollector.java:73)
	at org.junit.platform.engine.support.hierarchical.NodeTestTask.lambda$executeRecursively$8(NodeTestTask.java:147)
	at org.junit.platform.engine.support.hierarchical.Node.around(Node.java:137)
	at org.junit.platform.engine.support.hierarchical.NodeTestTask.lambda$executeRecursively$9(NodeTestTask.java:145)
	at org.junit.platform.engine.support.hierarchical.ThrowableCollector.execute(ThrowableCollector.java:73)
	at org.junit.platform.engine.support.hierarchical.NodeTestTask.executeRecursively(NodeTestTask.java:144)
	at org.junit.platform.engine.support.hierarchical.NodeTestTask.execute(NodeTestTask.java:101)
	at org.junit.platform.engine.support.hierarchical.SameThreadHierarchicalTestExecutorService.submit(SameThreadHierarchicalTestExecutorService.java:35)
	at org.junit.platform.engine.support.hierarchical.NodeTestTask$DefaultDynamicTestExecutor.execute(NodeTestTask.java:232)
	at org.junit.platform.engine.support.hierarchical.NodeTestTask$DefaultDynamicTestExecutor.execute(NodeTestTask.java:210)
	at org.junit.jupiter.engine.descriptor.TemplateExecutor.execute(TemplateExecutor.java:98)
	at org.junit.jupiter.engine.descriptor.TemplateExecutor.lambda$executeForProvider$0(TemplateExecutor.java:61)
	at java.base/java.util.Optional.ifPresent(Optional.java:178)
	at org.junit.jupiter.engine.descriptor.TemplateExecutor.lambda$executeForProvider$1(TemplateExecutor.java:61)
	at java.base/java.util.stream.ForEachOps$ForEachOp$OfRef.accept(ForEachOps.java:184)
	at java.base/java.util.stream.ReferencePipeline$3$1.accept(ReferencePipeline.java:197)
	at java.base/java.util.stream.ForEachOps$ForEachOp$OfRef.accept(ForEachOps.java:184)
	at java.base/java.util.stream.ForEachOps$ForEachOp$OfRef.accept(ForEachOps.java:184)
	at java.base/java.util.stream.ReferencePipeline$3$1.accept(ReferencePipeline.java:197)
	at java.base/java.util.Spliterators$ArraySpliterator.forEachRemaining(Spliterators.java:1024)
	at java.base/java.util.stream.AbstractPipeline.copyInto(AbstractPipeline.java:509)
	at java.base/java.util.stream.AbstractPipeline.wrapAndCopyInto(AbstractPipeline.java:499)
	at java.base/java.util.stream.ForEachOps$ForEachOp.evaluateSequential(ForEachOps.java:151)
	at java.base/java.util.stream.ForEachOps$ForEachOp$OfRef.evaluateSequential(ForEachOps.java:174)
	at java.base/java.util.stream.AbstractPipeline.evaluate(AbstractPipeline.java:234)
	at java.base/java.util.stream.ReferencePipeline.forEach(ReferencePipeline.java:596)
	at java.base/java.util.stream.ReferencePipeline$7$1.accept(ReferencePipeline.java:276)
	at java.base/java.util.ArrayList$ArrayListSpliterator.forEachRemaining(ArrayList.java:1708)
	at java.base/java.util.stream.AbstractPipeline.copyInto(AbstractPipeline.java:509)
	at java.base/java.util.stream.AbstractPipeline.wrapAndCopyInto(AbstractPipeline.java:499)
	at java.base/java.util.stream.ForEachOps$ForEachOp.evaluateSequential(ForEachOps.java:151)
	at java.base/java.util.stream.ForEachOps$ForEachOp$OfRef.evaluateSequential(ForEachOps.java:174)
	at java.base/java.util.stream.AbstractPipeline.evaluate(AbstractPipeline.java:234)
	at java.base/java.util.stream.ReferencePipeline.forEach(ReferencePipeline.java:596)
	at java.base/java.util.stream.ReferencePipeline$7$1.accept(ReferencePipeline.java:276)
	at java.base/java.util.stream.ReferencePipeline$3$1.accept(ReferencePipeline.java:197)
	at java.base/java.util.stream.ReferencePipeline$3$1.accept(ReferencePipeline.java:197)
	at java.base/java.util.stream.ReferencePipeline$3$1.accept(ReferencePipeline.java:197)
	at java.base/java.util.ArrayList$ArrayListSpliterator.forEachRemaining(ArrayList.java:1708)
	at java.base/java.util.stream.AbstractPipeline.copyInto(AbstractPipeline.java:509)
	at java.base/java.util.stream.AbstractPipeline.wrapAndCopyInto(AbstractPipeline.java:499)
	at java.base/java.util.stream.ForEachOps$ForEachOp.evaluateSequential(ForEachOps.java:151)
	at java.base/java.util.stream.ForEachOps$ForEachOp$OfRef.evaluateSequential(ForEachOps.java:174)
	at java.base/java.util.stream.AbstractPipeline.evaluate(AbstractPipeline.java:234)
	at java.base/java.util.stream.ReferencePipeline.forEach(ReferencePipeline.java:596)
	at org.junit.jupiter.engine.descriptor.TemplateExecutor.executeForProvider(TemplateExecutor.java:59)
	at org.junit.jupiter.engine.descriptor.TemplateExecutor.execute(TemplateExecutor.java:48)
	at org.junit.jupiter.engine.descriptor.TestTemplateTestDescriptor.execute(TestTemplateTestDescriptor.java:112)
	at org.junit.jupiter.engine.descriptor.TestTemplateTestDescriptor.execute(TestTemplateTestDescriptor.java:40)
	at org.junit.platform.engine.support.hierarchical.NodeTestTask.lambda$executeRecursively$6(NodeTestTask.java:157)
	at org.junit.platform.engine.support.hierarchical.ThrowableCollector.execute(ThrowableCollector.java:73)
	at org.junit.platform.engine.support.hierarchical.NodeTestTask.lambda$executeRecursively$8(NodeTestTask.java:147)
	at org.junit.platform.engine.support.hierarchical.Node.around(Node.java:137)
	at org.junit.platform.engine.support.hierarchical.NodeTestTask.lambda$executeRecursively$9(NodeTestTask.java:145)
	at org.junit.platform.engine.support.hierarchical.ThrowableCollector.execute(ThrowableCollector.java:73)
	at org.junit.platform.engine.support.hierarchical.NodeTestTask.executeRecursively(NodeTestTask.java:144)
	at org.junit.platform.engine.support.hierarchical.NodeTestTask.execute(NodeTestTask.java:101)
	at java.base/java.util.ArrayList.forEach(ArrayList.java:1596)
	at org.junit.platform.engine.support.hierarchical.SameThreadHierarchicalTestExecutorService.invokeAll(SameThreadHierarchicalTestExecutorService.java:41)
	at org.junit.platform.engine.support.hierarchical.NodeTestTask.lambda$executeRecursively$6(NodeTestTask.java:161)
	at org.junit.platform.engine.support.hierarchical.ThrowableCollector.execute(ThrowableCollector.java:73)
	at org.junit.platform.engine.support.hierarchical.NodeTestTask.lambda$executeRecursively$8(NodeTestTask.java:147)
	at org.junit.platform.engine.support.hierarchical.Node.around(Node.java:137)
	at org.junit.platform.engine.support.hierarchical.NodeTestTask.lambda$executeRecursively$9(NodeTestTask.java:145)
	at org.junit.platform.engine.support.hierarchical.ThrowableCollector.execute(ThrowableCollector.java:73)
	at org.junit.platform.engine.support.hierarchical.NodeTestTask.executeRecursively(NodeTestTask.java:144)
	at org.junit.platform.engine.support.hierarchical.NodeTestTask.execute(NodeTestTask.java:101)
	at java.base/java.util.ArrayList.forEach(ArrayList.java:1596)
	at org.junit.platform.engine.support.hierarchical.SameThreadHierarchicalTestExecutorService.invokeAll(SameThreadHierarchicalTestExecutorService.java:41)
	at org.junit.platform.engine.support.hierarchical.NodeTestTask.lambda$executeRecursively$6(NodeTestTask.java:161)
	at org.junit.platform.engine.support.hierarchical.ThrowableCollector.execute(ThrowableCollector.java:73)
	at org.junit.platform.engine.support.hierarchical.NodeTestTask.lambda$executeRecursively$8(NodeTestTask.java:147)
	at org.junit.platform.engine.support.hierarchical.Node.around(Node.java:137)
	at org.junit.platform.engine.support.hierarchical.NodeTestTask.lambda$executeRecursively$9(NodeTestTask.java:145)
	at org.junit.platform.engine.support.hierarchical.ThrowableCollector.execute(ThrowableCollector.java:73)
	at org.junit.platform.engine.support.hierarchical.NodeTestTask.executeRecursively(NodeTestTask.java:144)
	at org.junit.platform.engine.support.hierarchical.NodeTestTask.execute(NodeTestTask.java:101)
	at org.junit.platform.engine.support.hierarchical.SameThreadHierarchicalTestExecutorService.submit(SameThreadHierarchicalTestExecutorService.java:35)
	at org.junit.platform.engine.support.hierarchical.HierarchicalTestExecutor.execute(HierarchicalTestExecutor.java:57)
	at org.junit.platform.engine.support.hierarchical.HierarchicalTestEngine.execute(HierarchicalTestEngine.java:54)
	at org.junit.platform.launcher.core.EngineExecutionOrchestrator.executeEngine(EngineExecutionOrchestrator.java:230)
	at org.junit.platform.launcher.core.EngineExecutionOrchestrator.failOrExecuteEngine(EngineExecutionOrchestrator.java:204)
	at org.junit.platform.launcher.core.EngineExecutionOrchestrator.execute(EngineExecutionOrchestrator.java:172)
	at org.junit.platform.launcher.core.EngineExecutionOrchestrator.execute(EngineExecutionOrchestrator.java:101)
	at org.junit.platform.launcher.core.EngineExecutionOrchestrator.lambda$execute$0(EngineExecutionOrchestrator.java:64)
	at org.junit.platform.launcher.core.EngineExecutionOrchestrator.withInterceptedStreams(EngineExecutionOrchestrator.java:150)
	at org.junit.platform.launcher.core.EngineExecutionOrchestrator.execute(EngineExecutionOrchestrator.java:63)
	at org.junit.platform.launcher.core.DefaultLauncher.execute(DefaultLauncher.java:109)
	at org.junit.platform.launcher.core.DefaultLauncher.execute(DefaultLauncher.java:91)
	at org.junit.platform.launcher.core.DelegatingLauncher.execute(DelegatingLauncher.java:47)
	at org.junit.platform.launcher.core.InterceptingLauncher.lambda$execute$1(InterceptingLauncher.java:39)
	at org.junit.platform.launcher.core.ClasspathAlignmentCheckingLauncherInterceptor.intercept(ClasspathAlignmentCheckingLauncherInterceptor.java:25)
	at org.junit.platform.launcher.core.InterceptingLauncher.execute(InterceptingLauncher.java:38)
	at org.junit.platform.launcher.core.DelegatingLauncher.execute(DelegatingLauncher.java:47)
	at org.apache.maven.surefire.junitplatform.LazyLauncher.execute(LazyLauncher.java:56)
	at org.apache.maven.surefire.junitplatform.JUnitPlatformProvider.execute(JUnitPlatformProvider.java:184)
	at org.apache.maven.surefire.junitplatform.JUnitPlatformProvider.invokeAllTests(JUnitPlatformProvider.java:148)
	at org.apache.maven.surefire.junitplatform.JUnitPlatformProvider.invoke(JUnitPlatformProvider.java:120)
	at org.apache.maven.surefire.booter.ForkedBooter.runSuitesInProcess(ForkedBooter.java:385)
	at org.apache.maven.surefire.booter.ForkedBooter.execute(ForkedBooter.java:162)
	at org.apache.maven.surefire.booter.ForkedBooter.run(ForkedBooter.java:507)
	at org.apache.maven.surefire.booter.ForkedBooter.main(ForkedBooter.java:495)
2025-10-18 02:35:16,140 [main] INFO  volume.HddsVolume (HddsVolume.java:<init>(162)) - HddsVolume: { id=DS-2b2fcbfe-e6ff-491e-8576-57950672ed5e dir=/tmp/junit-8599251268811958409/d4435729-5ba8-419c-b29a-c2953977d360/hdds type=DISK capacity=9222449699674390527 used=0 available=9222449699674390527 minFree=184448985434423296 committed=0 }
2025-10-18 02:35:16,140 [main] INFO  volume.MutableVolumeSet (MutableVolumeSet.java:initializeVolumeSet(175)) - Added Volume : /tmp/junit-8599251268811958409/d4435729-5ba8-419c-b29a-c2953977d360/hdds to VolumeSet
2025-10-18 02:35:16,140 [main] WARN  server.ServerUtils (ServerUtils.java:getDefaultRatisDirectory(304)) - Storage directory for Ratis is not configured. It is a good idea to map this to an SSD disk. Falling back to ozone.metadata.dirs
2025-10-18 02:35:16,141 [main] INFO  volume.MutableVolumeSet (MutableVolumeSet.java:initializeVolumeSet(175)) - Added Volume : /tmp/junit-8599251268811958409/ratis to VolumeSet
2025-10-18 02:35:16,153 [ForkJoinPool.commonPool-worker-1] INFO  utils.DatanodeStoreCache (DatanodeStoreCache.java:addDB(70)) - Added db /tmp/junit-8599251268811958409/d4435729-5ba8-419c-b29a-c2953977d360/hdds/clusterID/DS-2b2fcbfe-e6ff-491e-8576-57950672ed5e/container.db to cache
2025-10-18 02:35:16,153 [ForkJoinPool.commonPool-worker-1] INFO  volume.HddsVolume (HddsVolume.java:loadDbStore(517)) - SchemaV3 db is loaded at /tmp/junit-8599251268811958409/d4435729-5ba8-419c-b29a-c2953977d360/hdds/clusterID/DS-2b2fcbfe-e6ff-491e-8576-57950672ed5e/container.db for volume DS-2b2fcbfe-e6ff-491e-8576-57950672ed5e
2025-10-18 02:35:16,153 [main] INFO  ozoneimpl.OzoneContainer (HddsVolumeUtil.java:loadAllHddsVolumeDbStore(102)) - Load 1 volumes DbStore cost: 12ms
2025-10-18 02:35:16,154 [main] WARN  db.DBStoreBuilder (DBStoreBuilder.java:getDBDirPath(157)) - ozone.scm.datanode.id.dir is not configured. We recommend adding this setting. Falling back to ozone.metadata.dirs instead.
2025-10-18 02:35:16,154 [main] WARN  db.DBStoreBuilder (DBStoreBuilder.java:getDBDirPath(157)) - ozone.scm.datanode.id.dir is not configured. We recommend adding this setting. Falling back to ozone.metadata.dirs instead.
2025-10-18 02:35:16,162 [main] INFO  impl.FilePerChunkStrategy (FilePerChunkStrategy.java:<init>(79)) - ozone.chunk.read.mapped.buffer.max.count is load with 0
2025-10-18 02:35:16,163 [main] INFO  impl.FilePerBlockStrategy (FilePerBlockStrategy.java:<init>(88)) - ozone.chunk.read.mapped.buffer.max.count is load with 0
2025-10-18 02:35:16,163 [main] INFO  server.RaftServerConfigKeys (ConfUtils.java:logGet(62)) - raft.server.log.appender.buffer.byte-limit = 33554432 (custom)
2025-10-18 02:35:16,164 [main] WARN  server.ServerUtils (ServerUtils.java:getDefaultRatisDirectory(304)) - Storage directory for Ratis is not configured. It is a good idea to map this to an SSD disk. Falling back to ozone.metadata.dirs
2025-10-18 02:35:16,165 [main] INFO  grpc.GrpcConfigKeys (ConfUtils.java:logFallback(69)) - raft.grpc.admin.host = null (fallback to raft.grpc.server.host)
2025-10-18 02:35:16,165 [main] INFO  grpc.GrpcConfigKeys (ConfUtils.java:logFallback(69)) - raft.grpc.client.host = null (fallback to raft.grpc.server.host)
2025-10-18 02:35:16,165 [main] INFO  server.GrpcServicesImpl (ConfUtils.java:logGet(62)) - raft.grpc.message.size.max = 34603008 (custom)
2025-10-18 02:35:16,165 [main] INFO  server.GrpcServicesImpl (ConfUtils.java:logGet(62)) - raft.grpc.flow.control.window = 5MB (=5242880) (custom)
2025-10-18 02:35:16,165 [main] INFO  server.RaftServerConfigKeys (ConfUtils.java:logGet(62)) - raft.server.log.appender.buffer.byte-limit = 33554432 (custom)
2025-10-18 02:35:16,166 [main] INFO  netty.NettyUtils (NettyUtils.java:newEventLoopGroup(74)) - Create EpollEventLoopGroup for 0133dbbf-fb00-4f2f-8309-b784c09e1e11-NettyServerStreamRpc-bossGroup; Thread size is 0.
2025-10-18 02:35:16,167 [main] INFO  netty.NettyUtils (NettyUtils.java:newEventLoopGroup(74)) - Create EpollEventLoopGroup for 0133dbbf-fb00-4f2f-8309-b784c09e1e11-NettyServerStreamRpc-workerGroup; Thread size is 0.
2025-10-18 02:35:16,168 [0133dbbf-fb00-4f2f-8309-b784c09e1e11-NettyServerStreamRpc-bossGroup--thread1] INFO  logging.LoggingHandler (AbstractInternalLogger.java:log(148)) - [id: 0xb5fdde36] REGISTERED
2025-10-18 02:35:16,168 [0133dbbf-fb00-4f2f-8309-b784c09e1e11-impl-thread1] INFO  server.RaftServer (RaftServerProxy.java:initGroupDir(270)) - 0133dbbf-fb00-4f2f-8309-b784c09e1e11: found a subdirectory /tmp/junit-8599251268811958409/ratis/tmp
2025-10-18 02:35:16,168 [0133dbbf-fb00-4f2f-8309-b784c09e1e11-impl-thread1] INFO  server.RaftServer (RaftServerProxy.java:initGroupDir(275)) - 0133dbbf-fb00-4f2f-8309-b784c09e1e11: The directory /tmp/junit-8599251268811958409/ratis/tmp is not a group directory; ignoring it. 
2025-10-18 02:35:16,168 [0133dbbf-fb00-4f2f-8309-b784c09e1e11-NettyServerStreamRpc-bossGroup--thread1] INFO  logging.LoggingHandler (AbstractInternalLogger.java:log(148)) - [id: 0xb5fdde36] BIND: 0.0.0.0/0.0.0.0:0
2025-10-18 02:35:16,168 [0133dbbf-fb00-4f2f-8309-b784c09e1e11-NettyServerStreamRpc-bossGroup--thread1] INFO  logging.LoggingHandler (AbstractInternalLogger.java:log(148)) - [id: 0xb5fdde36, L:/0.0.0.0:37021] ACTIVE
2025-10-18 02:35:16,168 [main] INFO  replication.ReplicationServer (ReplicationServer.java:<init>(84)) - Initializing replication server with thread count = 10 queue length = 4096
2025-10-18 02:35:16,169 [main] INFO  server.XceiverServerGrpc (XceiverServerGrpc.java:<init>(129)) - GrpcServer channel type EpollServerSocketChannel
2025-10-18 02:35:16,170 [main] INFO  replication.ReplicationSupervisor (ReplicationSupervisor.java:build(169)) - Initializing replication supervisor with thread count = 10
2025-10-18 02:35:16,170 [main] INFO  replication.ReplicationSupervisor (ReplicationSupervisor.java:nodeStateUpdated(358)) - Node state updated to IN_SERVICE, scaling executor pool size to 10
2025-10-18 02:35:16,176 [0133dbbf-fb00-4f2f-8309-b784c09e1e11-ContainerReader-0] INFO  ozoneimpl.ContainerReader (ContainerReader.java:readVolume(147)) - Start to verify containers on volume /tmp/junit-8599251268811958409/d4435729-5ba8-419c-b29a-c2953977d360/hdds
2025-10-18 02:35:16,192 [0133dbbf-fb00-4f2f-8309-b784c09e1e11-ContainerReader-0] WARN  helpers.KeyValueContainerUtil (KeyValueContainerUtil.java:populateContainerMetadata(329)) - Missing pendingDeleteBlockCount from metadata: recalculate them from block table
2025-10-18 02:35:16,194 [0133dbbf-fb00-4f2f-8309-b784c09e1e11-ContainerReader-0] INFO  ozoneimpl.ContainerReader (ContainerReader.java:readVolume(177)) - Finish verifying containers on volume /tmp/junit-8599251268811958409/d4435729-5ba8-419c-b29a-c2953977d360/hdds
2025-10-18 02:35:16,194 [main] INFO  ozoneimpl.OzoneContainer (OzoneContainer.java:buildContainerSet(359)) - Build ContainerSet costs 0s
2025-10-18 02:35:16,194 [main] INFO  volume.ThrottledAsyncChecker (ThrottledAsyncChecker.java:schedule(138)) - Scheduling a check for /tmp/junit-8599251268811958409/d4435729-5ba8-419c-b29a-c2953977d360/hdds
2025-10-18 02:35:16,195 [main] INFO  volume.StorageVolumeChecker (StorageVolumeChecker.java:checkAllVolumes(231)) - Scheduled health check for volume /tmp/junit-8599251268811958409/d4435729-5ba8-419c-b29a-c2953977d360/hdds
2025-10-18 02:35:16,198 [main] INFO  volume.ThrottledAsyncChecker (ThrottledAsyncChecker.java:schedule(138)) - Scheduling a check for /tmp/junit-8599251268811958409/ratis
2025-10-18 02:35:16,198 [main] INFO  volume.StorageVolumeChecker (StorageVolumeChecker.java:checkAllVolumes(231)) - Scheduled health check for volume /tmp/junit-8599251268811958409/ratis
2025-10-18 02:35:16,199 [main] INFO  ozoneimpl.OzoneContainer (OzoneContainer.java:start(544)) - Attempting to start container services.
2025-10-18 02:35:16,200 [main] INFO  replication.ReplicationServer (ReplicationServer.java:start(137)) - ReplicationServer is started using port 9886
2025-10-18 02:35:16,200 [main] INFO  ratis.XceiverServerRatis (XceiverServerRatis.java:start(559)) - Starting XceiverServerRatis(0133dbbf-fb00-4f2f-8309-b784c09e1e11)
2025-10-18 02:35:16,201 [ContainerMetadataScanner] INFO  ozoneimpl.AbstractBackgroundContainerScanner (AbstractBackgroundContainerScanner.java:runIteration(89)) - Completed an iteration in 0 minutes. Number of iterations (since the data-node restart) : 1, Number of containers scanned in this iteration : 1, Number of unhealthy containers found in this iteration : 0
2025-10-18 02:35:16,204 [main] INFO  server.RaftServer (RaftServerProxy.java:startImpl(412)) - 0133dbbf-fb00-4f2f-8309-b784c09e1e11: start RPC server
2025-10-18 02:35:16,205 [main] INFO  server.GrpcServicesImpl (GrpcServicesImpl.java:startImpl(346)) - 0133dbbf-fb00-4f2f-8309-b784c09e1e11: GrpcServicesImpl started, listening on 9858
2025-10-18 02:35:16,206 [main] INFO  ratis.XceiverServerRatis (XceiverServerRatis.java:getRealPort(586)) - XceiverServerRatis(0133dbbf-fb00-4f2f-8309-b784c09e1e11) is started using port RATIS=9858
2025-10-18 02:35:16,206 [main] INFO  ratis.XceiverServerRatis (XceiverServerRatis.java:getRealPort(586)) - XceiverServerRatis(0133dbbf-fb00-4f2f-8309-b784c09e1e11) is started using port RATIS_ADMIN=9858
2025-10-18 02:35:16,206 [main] INFO  ratis.XceiverServerRatis (XceiverServerRatis.java:getRealPort(586)) - XceiverServerRatis(0133dbbf-fb00-4f2f-8309-b784c09e1e11) is started using port RATIS_SERVER=9858
2025-10-18 02:35:16,206 [main] INFO  ratis.XceiverServerRatis (XceiverServerRatis.java:getRealPort(586)) - XceiverServerRatis(0133dbbf-fb00-4f2f-8309-b784c09e1e11) is started using port RATIS_DATASTREAM=37021
2025-10-18 02:35:16,206 [JvmPauseMonitor13] INFO  util.JvmPauseMonitor (JvmPauseMonitor.java:run(146)) - JvmPauseMonitor-0133dbbf-fb00-4f2f-8309-b784c09e1e11: Started
2025-10-18 02:35:16,207 [main] INFO  utils.BackgroundService (BackgroundService.java:start(119)) - Starting service BlockDeletingService with interval 60000 milliseconds
2025-10-18 02:35:16,207 [main] INFO  utils.BackgroundService (BackgroundService.java:start(119)) - Starting service StaleRecoveringContainerScrubbingService with interval 60000 milliseconds
2025-10-18 02:35:16,219 [main] INFO  keyvalue.KeyValueContainer (KeyValueContainer.java:flushAndSyncDB(514)) - Synced container: KeyValueContainerData #1577445900 (CLOSING, non-empty, ri=0, origin=[dn_0133dbbf-fb00-4f2f-8309-b784c09e1e11, pipeline_])
2025-10-18 02:35:16,219 [main] INFO  keyvalue.KeyValueContainer (KeyValueContainer.java:flushAndSyncDB(514)) - Synced container: KeyValueContainerData #1577445900 (CLOSING, non-empty, ri=0, origin=[dn_0133dbbf-fb00-4f2f-8309-b784c09e1e11, pipeline_])
2025-10-18 02:35:16,221 [ContainerDataScanner(/tmp/junit-8599251268811958409/d4435729-5ba8-419c-b29a-c2953977d360/hdds)] INFO  ozoneimpl.AbstractBackgroundContainerScanner (AbstractBackgroundContainerScanner.java:runIteration(89)) - Completed an iteration in 0 minutes. Number of iterations (since the data-node restart) : 1, Number of containers scanned in this iteration : 1, Number of unhealthy containers found in this iteration : 0
2025-10-18 02:35:16,222 [main] INFO  keyvalue.KeyValueContainer (KeyValueContainer.java:close(430)) - Closed container: KeyValueContainerData #1577445900 (CLOSED, non-empty, ri=0, origin=[dn_0133dbbf-fb00-4f2f-8309-b784c09e1e11, pipeline_])
2025-10-18 02:35:16,223 [main] INFO  ipc.Server (Server.java:stop(3697)) - Stopping server on 41899
2025-10-18 02:35:16,224 [IPC Server Responder] INFO  ipc.Server (Server.java:run(1718)) - Stopping IPC Server Responder
2025-10-18 02:35:16,224 [IPC Server listener on 41899] INFO  ipc.Server (Server.java:run(1585)) - Stopping IPC Server listener on 41899
2025-10-18 02:35:16,224 [main] INFO  ozoneimpl.OzoneContainer (OzoneContainer.java:stop(568)) - Attempting to stop container services.
2025-10-18 02:35:16,225 [ContainerMetadataScanner] WARN  ozoneimpl.AbstractBackgroundContainerScanner (AbstractBackgroundContainerScanner.java:handleRemainingSleep(136)) - Background container scan was interrupted.
2025-10-18 02:35:16,225 [ContainerMetadataScanner] INFO  ozoneimpl.AbstractBackgroundContainerScanner (AbstractBackgroundContainerScanner.java:run(63)) - org.apache.hadoop.ozone.container.ozoneimpl.BackgroundContainerMetadataScanner@5396e6c exiting.
2025-10-18 02:35:16,225 [main] INFO  ozoneimpl.BackgroundContainerDataScanner (BackgroundContainerDataScanner.java:shutdown(87)) - ContainerDataScanner(/tmp/junit-8599251268811958409/d4435729-5ba8-419c-b29a-c2953977d360/hdds) is shutting down. 
2025-10-18 02:35:16,225 [ContainerDataScanner(/tmp/junit-8599251268811958409/d4435729-5ba8-419c-b29a-c2953977d360/hdds)] WARN  ozoneimpl.AbstractBackgroundContainerScanner (AbstractBackgroundContainerScanner.java:handleRemainingSleep(136)) - Background container scan was interrupted.
2025-10-18 02:35:16,225 [ContainerDataScanner(/tmp/junit-8599251268811958409/d4435729-5ba8-419c-b29a-c2953977d360/hdds)] INFO  ozoneimpl.AbstractBackgroundContainerScanner (AbstractBackgroundContainerScanner.java:run(63)) - ContainerDataScanner(/tmp/junit-8599251268811958409/d4435729-5ba8-419c-b29a-c2953977d360/hdds, DS-2b2fcbfe-e6ff-491e-8576-57950672ed5e) exiting.
2025-10-18 02:35:16,225 [main] INFO  ozoneimpl.OnDemandContainerScanner (OnDemandContainerScanner.java:shutdown(141)) - On-demand container scanner is shutting down.
2025-10-18 02:35:16,225 [main] INFO  ratis.XceiverServerRatis (XceiverServerRatis.java:stop(594)) - Closing XceiverServerRatis(0133dbbf-fb00-4f2f-8309-b784c09e1e11)
2025-10-18 02:35:16,226 [main] INFO  server.RaftServer (RaftServerProxy.java:lambda$close$9(422)) - 0133dbbf-fb00-4f2f-8309-b784c09e1e11: close
2025-10-18 02:35:16,226 [main] INFO  server.GrpcServicesImpl (GrpcServicesImpl.java:closeImpl(355)) - 0133dbbf-fb00-4f2f-8309-b784c09e1e11: shutdown server GrpcServerProtocolService now
2025-10-18 02:35:16,226 [main] INFO  server.GrpcServicesImpl (GrpcServicesImpl.java:closeImpl(364)) - 0133dbbf-fb00-4f2f-8309-b784c09e1e11: shutdown server GrpcServerProtocolService successfully
2025-10-18 02:35:16,226 [0133dbbf-fb00-4f2f-8309-b784c09e1e11-NettyServerStreamRpc-bossGroup--thread1] INFO  logging.LoggingHandler (AbstractInternalLogger.java:log(148)) - [id: 0xb5fdde36, L:/0.0.0.0:37021] CLOSE
2025-10-18 02:35:16,226 [0133dbbf-fb00-4f2f-8309-b784c09e1e11-NettyServerStreamRpc-bossGroup--thread1] INFO  logging.LoggingHandler (AbstractInternalLogger.java:log(148)) - [id: 0xb5fdde36, L:/0.0.0.0:37021] INACTIVE
2025-10-18 02:35:16,226 [0133dbbf-fb00-4f2f-8309-b784c09e1e11-NettyServerStreamRpc-bossGroup--thread1] INFO  logging.LoggingHandler (AbstractInternalLogger.java:log(148)) - [id: 0xb5fdde36, L:/0.0.0.0:37021] UNREGISTERED
2025-10-18 02:35:16,230 [JvmPauseMonitor13] INFO  util.JvmPauseMonitor (JvmPauseMonitor.java:run(152)) - JvmPauseMonitor-0133dbbf-fb00-4f2f-8309-b784c09e1e11: Stopped
2025-10-18 02:35:18,234 [main] INFO  volume.HddsVolume (HddsVolume.java:closeDbStore(609)) - SchemaV3 db is stopped at /tmp/junit-8599251268811958409/d4435729-5ba8-419c-b29a-c2953977d360/hdds/clusterID/DS-2b2fcbfe-e6ff-491e-8576-57950672ed5e/container.db for volume DS-2b2fcbfe-e6ff-491e-8576-57950672ed5e
2025-10-18 02:35:18,235 [main] INFO  utils.BackgroundService (BackgroundService.java:shutdown(195)) - Shutting down service BlockDeletingService
2025-10-18 02:35:18,235 [main] INFO  utils.BackgroundService (BackgroundService.java:shutdown(195)) - Shutting down service StaleRecoveringContainerScrubbingService
]]></system-out>
  </testcase>
  <testcase name="testReadsDuringFinalize(boolean)[1]" classname="org.apache.hadoop.ozone.container.upgrade.TestDatanodeUpgradeToSchemaV3" time="2.155">
    <system-out><![CDATA[2025-10-18 02:35:18,257 [main] INFO  ipc.CallQueueManager (CallQueueManager.java:<init>(93)) - Using callQueue: class java.util.concurrent.LinkedBlockingQueue, queueCapacity: 1000, scheduler: class org.apache.hadoop.ipc.DefaultRpcScheduler, ipcBackoff: false, ipcFailOver: false.
2025-10-18 02:35:18,257 [main] INFO  ipc.Server (Server.java:<init>(1438)) - Listener at localhost:45179
2025-10-18 02:35:18,257 [Socket Reader #1 for port 45179] INFO  ipc.Server (Server.java:run(1474)) - Starting Socket Reader #1 for port 45179
2025-10-18 02:35:18,258 [IPC Server Responder] INFO  ipc.Server (Server.java:run(1713)) - IPC Server Responder: starting
2025-10-18 02:35:18,258 [IPC Server listener on 45179] INFO  ipc.Server (Server.java:run(1553)) - IPC Server listener on 45179: starting
2025-10-18 02:35:18,261 [main] INFO  upgrade.AbstractLayoutVersionManager (AbstractLayoutVersionManager.java:init(80)) - Initializing Layout version manager with metadata layout = ERASURE_CODED_STORAGE_SUPPORT (version = 3), software layout = WITNESSED_CONTAINER_DB_PROTO_VALUE (version = 9)
2025-10-18 02:35:18,262 [main] INFO  upgrade.HDDSLayoutVersionManager (HDDSLayoutVersionManager.java:lambda$registerUpgradeActions$0(81)) - Registering Upgrade Action : DatanodeSchemaV3FinalizeAction
2025-10-18 02:35:18,262 [main] INFO  upgrade.HDDSLayoutVersionManager (HDDSLayoutVersionManager.java:lambda$registerUpgradeActions$0(81)) - Registering Upgrade Action : ContainerTableSchemaFinalizeAction
2025-10-18 02:35:18,262 [main] INFO  statemachine.DatanodeStateMachine (DatanodeStateMachine.java:getEndPointTaskThreadPoolSize(321)) - Datanode State Machine Task Thread Pool size 2
2025-10-18 02:35:18,264 [main] INFO  volume.HddsVolume (HddsVolume.java:<init>(162)) - HddsVolume: { id=b431cd8e-cf13-48b0-9f92-10a73ce773c0 dir=/home/runner/work/ozone/ozone/hadoop-hdds/container-service/file:/home/runner/work/ozone/ozone/hadoop-hdds/container-service/target/tmp/dfs/data type=DISK failed }
2025-10-18 02:35:18,264 [main] ERROR volume.MutableVolumeSet (MutableVolumeSet.java:initializeVolumeSet(194)) - Failed to parse the storage location: file:///home/runner/work/ozone/ozone/hadoop-hdds/container-service/target/tmp/dfs/data
org.apache.hadoop.ozone.common.InconsistentStorageStateException: Mismatched DatanodeUUIDs. Version File : /home/runner/work/ozone/ozone/hadoop-hdds/container-service/target/tmp/dfs/data/hdds/VERSION has datanodeUuid: c3d05b50-810d-4b78-be46-d77415fe1b4d and Datanode has datanodeUuid: c695fe04-5acf-4291-803d-9954a937372b
	at org.apache.hadoop.ozone.container.common.utils.StorageVolumeUtil.getDatanodeUUID(StorageVolumeUtil.java:122)
	at org.apache.hadoop.ozone.container.common.volume.StorageVolume.readVersionFile(StorageVolume.java:385)
	at org.apache.hadoop.ozone.container.common.volume.StorageVolume.initializeImpl(StorageVolume.java:240)
	at org.apache.hadoop.ozone.container.common.volume.StorageVolume.initialize(StorageVolume.java:215)
	at org.apache.hadoop.ozone.container.common.volume.HddsVolume.<init>(HddsVolume.java:151)
	at org.apache.hadoop.ozone.container.common.volume.HddsVolume.<init>(HddsVolume.java:80)
	at org.apache.hadoop.ozone.container.common.volume.HddsVolume$Builder.build(HddsVolume.java:130)
	at org.apache.hadoop.ozone.container.common.volume.HddsVolumeFactory.createVolume(HddsVolumeFactory.java:46)
	at org.apache.hadoop.ozone.container.common.volume.MutableVolumeSet.initializeVolumeSet(MutableVolumeSet.java:172)
	at org.apache.hadoop.ozone.container.common.volume.MutableVolumeSet.<init>(MutableVolumeSet.java:130)
	at org.apache.hadoop.ozone.container.common.volume.MutableVolumeSet.<init>(MutableVolumeSet.java:92)
	at org.apache.hadoop.ozone.container.ozoneimpl.OzoneContainer.<init>(OzoneContainer.java:170)
	at org.apache.hadoop.ozone.container.common.statemachine.DatanodeStateMachine.<init>(DatanodeStateMachine.java:191)
	at org.apache.hadoop.ozone.container.common.statemachine.DatanodeStateMachine.<init>(DatanodeStateMachine.java:305)
	at org.apache.hadoop.ozone.container.upgrade.UpgradeTestHelper.startPreFinalizedDatanode(UpgradeTestHelper.java:88)
	at org.apache.hadoop.ozone.container.upgrade.TestDatanodeUpgradeToSchemaV3.testReadsDuringFinalize(TestDatanodeUpgradeToSchemaV3.java:476)
	at java.base/jdk.internal.reflect.DirectMethodHandleAccessor.invoke(DirectMethodHandleAccessor.java:103)
	at java.base/java.lang.reflect.Method.invoke(Method.java:580)
	at org.junit.platform.commons.util.ReflectionUtils.invokeMethod(ReflectionUtils.java:786)
	at org.junit.platform.commons.support.ReflectionSupport.invokeMethod(ReflectionSupport.java:514)
	at org.junit.jupiter.engine.execution.MethodInvocation.proceed(MethodInvocation.java:60)
	at org.junit.jupiter.engine.execution.InvocationInterceptorChain$ValidatingInvocation.proceed(InvocationInterceptorChain.java:131)
	at org.junit.jupiter.engine.extension.SameThreadTimeoutInvocation.proceed(SameThreadTimeoutInvocation.java:49)
	at org.junit.jupiter.engine.extension.TimeoutExtension.intercept(TimeoutExtension.java:161)
	at org.junit.jupiter.engine.extension.TimeoutExtension.interceptTestableMethod(TimeoutExtension.java:152)
	at org.junit.jupiter.engine.extension.TimeoutExtension.interceptTestTemplateMethod(TimeoutExtension.java:99)
	at org.junit.jupiter.engine.execution.InterceptingExecutableInvoker$ReflectiveInterceptorCall.lambda$ofVoidMethod$0(InterceptingExecutableInvoker.java:112)
	at org.junit.jupiter.engine.execution.InterceptingExecutableInvoker.lambda$invoke$0(InterceptingExecutableInvoker.java:94)
	at org.junit.jupiter.engine.execution.InvocationInterceptorChain$InterceptedInvocation.proceed(InvocationInterceptorChain.java:106)
	at org.junit.jupiter.engine.execution.InvocationInterceptorChain.proceed(InvocationInterceptorChain.java:64)
	at org.junit.jupiter.engine.execution.InvocationInterceptorChain.chainAndInvoke(InvocationInterceptorChain.java:45)
	at org.junit.jupiter.engine.execution.InvocationInterceptorChain.invoke(InvocationInterceptorChain.java:37)
	at org.junit.jupiter.engine.execution.InterceptingExecutableInvoker.invoke(InterceptingExecutableInvoker.java:93)
	at org.junit.jupiter.engine.execution.InterceptingExecutableInvoker.invoke(InterceptingExecutableInvoker.java:87)
	at org.junit.jupiter.engine.descriptor.TestMethodTestDescriptor.lambda$invokeTestMethod$4(TestMethodTestDescriptor.java:221)
	at org.junit.platform.engine.support.hierarchical.ThrowableCollector.execute(ThrowableCollector.java:73)
	at org.junit.jupiter.engine.descriptor.TestMethodTestDescriptor.invokeTestMethod(TestMethodTestDescriptor.java:217)
	at org.junit.jupiter.engine.descriptor.TestMethodTestDescriptor.execute(TestMethodTestDescriptor.java:159)
	at org.junit.jupiter.engine.descriptor.TestMethodTestDescriptor.execute(TestMethodTestDescriptor.java:70)
	at org.junit.platform.engine.support.hierarchical.NodeTestTask.lambda$executeRecursively$6(NodeTestTask.java:157)
	at org.junit.platform.engine.support.hierarchical.ThrowableCollector.execute(ThrowableCollector.java:73)
	at org.junit.platform.engine.support.hierarchical.NodeTestTask.lambda$executeRecursively$8(NodeTestTask.java:147)
	at org.junit.platform.engine.support.hierarchical.Node.around(Node.java:137)
	at org.junit.platform.engine.support.hierarchical.NodeTestTask.lambda$executeRecursively$9(NodeTestTask.java:145)
	at org.junit.platform.engine.support.hierarchical.ThrowableCollector.execute(ThrowableCollector.java:73)
	at org.junit.platform.engine.support.hierarchical.NodeTestTask.executeRecursively(NodeTestTask.java:144)
	at org.junit.platform.engine.support.hierarchical.NodeTestTask.execute(NodeTestTask.java:101)
	at org.junit.platform.engine.support.hierarchical.SameThreadHierarchicalTestExecutorService.submit(SameThreadHierarchicalTestExecutorService.java:35)
	at org.junit.platform.engine.support.hierarchical.NodeTestTask$DefaultDynamicTestExecutor.execute(NodeTestTask.java:232)
	at org.junit.platform.engine.support.hierarchical.NodeTestTask$DefaultDynamicTestExecutor.execute(NodeTestTask.java:210)
	at org.junit.jupiter.engine.descriptor.TemplateExecutor.execute(TemplateExecutor.java:98)
	at org.junit.jupiter.engine.descriptor.TemplateExecutor.lambda$executeForProvider$0(TemplateExecutor.java:61)
	at java.base/java.util.Optional.ifPresent(Optional.java:178)
	at org.junit.jupiter.engine.descriptor.TemplateExecutor.lambda$executeForProvider$1(TemplateExecutor.java:61)
	at java.base/java.util.stream.ForEachOps$ForEachOp$OfRef.accept(ForEachOps.java:184)
	at java.base/java.util.stream.ReferencePipeline$3$1.accept(ReferencePipeline.java:197)
	at java.base/java.util.stream.ForEachOps$ForEachOp$OfRef.accept(ForEachOps.java:184)
	at java.base/java.util.stream.ForEachOps$ForEachOp$OfRef.accept(ForEachOps.java:184)
	at java.base/java.util.stream.ReferencePipeline$3$1.accept(ReferencePipeline.java:197)
	at java.base/java.util.Spliterators$ArraySpliterator.forEachRemaining(Spliterators.java:1024)
	at java.base/java.util.stream.AbstractPipeline.copyInto(AbstractPipeline.java:509)
	at java.base/java.util.stream.AbstractPipeline.wrapAndCopyInto(AbstractPipeline.java:499)
	at java.base/java.util.stream.ForEachOps$ForEachOp.evaluateSequential(ForEachOps.java:151)
	at java.base/java.util.stream.ForEachOps$ForEachOp$OfRef.evaluateSequential(ForEachOps.java:174)
	at java.base/java.util.stream.AbstractPipeline.evaluate(AbstractPipeline.java:234)
	at java.base/java.util.stream.ReferencePipeline.forEach(ReferencePipeline.java:596)
	at java.base/java.util.stream.ReferencePipeline$7$1.accept(ReferencePipeline.java:276)
	at java.base/java.util.ArrayList$ArrayListSpliterator.forEachRemaining(ArrayList.java:1708)
	at java.base/java.util.stream.AbstractPipeline.copyInto(AbstractPipeline.java:509)
	at java.base/java.util.stream.AbstractPipeline.wrapAndCopyInto(AbstractPipeline.java:499)
	at java.base/java.util.stream.ForEachOps$ForEachOp.evaluateSequential(ForEachOps.java:151)
	at java.base/java.util.stream.ForEachOps$ForEachOp$OfRef.evaluateSequential(ForEachOps.java:174)
	at java.base/java.util.stream.AbstractPipeline.evaluate(AbstractPipeline.java:234)
	at java.base/java.util.stream.ReferencePipeline.forEach(ReferencePipeline.java:596)
	at java.base/java.util.stream.ReferencePipeline$7$1.accept(ReferencePipeline.java:276)
	at java.base/java.util.stream.ReferencePipeline$3$1.accept(ReferencePipeline.java:197)
	at java.base/java.util.stream.ReferencePipeline$3$1.accept(ReferencePipeline.java:197)
	at java.base/java.util.stream.ReferencePipeline$3$1.accept(ReferencePipeline.java:197)
	at java.base/java.util.ArrayList$ArrayListSpliterator.forEachRemaining(ArrayList.java:1708)
	at java.base/java.util.stream.AbstractPipeline.copyInto(AbstractPipeline.java:509)
	at java.base/java.util.stream.AbstractPipeline.wrapAndCopyInto(AbstractPipeline.java:499)
	at java.base/java.util.stream.ForEachOps$ForEachOp.evaluateSequential(ForEachOps.java:151)
	at java.base/java.util.stream.ForEachOps$ForEachOp$OfRef.evaluateSequential(ForEachOps.java:174)
	at java.base/java.util.stream.AbstractPipeline.evaluate(AbstractPipeline.java:234)
	at java.base/java.util.stream.ReferencePipeline.forEach(ReferencePipeline.java:596)
	at org.junit.jupiter.engine.descriptor.TemplateExecutor.executeForProvider(TemplateExecutor.java:59)
	at org.junit.jupiter.engine.descriptor.TemplateExecutor.execute(TemplateExecutor.java:48)
	at org.junit.jupiter.engine.descriptor.TestTemplateTestDescriptor.execute(TestTemplateTestDescriptor.java:112)
	at org.junit.jupiter.engine.descriptor.TestTemplateTestDescriptor.execute(TestTemplateTestDescriptor.java:40)
	at org.junit.platform.engine.support.hierarchical.NodeTestTask.lambda$executeRecursively$6(NodeTestTask.java:157)
	at org.junit.platform.engine.support.hierarchical.ThrowableCollector.execute(ThrowableCollector.java:73)
	at org.junit.platform.engine.support.hierarchical.NodeTestTask.lambda$executeRecursively$8(NodeTestTask.java:147)
	at org.junit.platform.engine.support.hierarchical.Node.around(Node.java:137)
	at org.junit.platform.engine.support.hierarchical.NodeTestTask.lambda$executeRecursively$9(NodeTestTask.java:145)
	at org.junit.platform.engine.support.hierarchical.ThrowableCollector.execute(ThrowableCollector.java:73)
	at org.junit.platform.engine.support.hierarchical.NodeTestTask.executeRecursively(NodeTestTask.java:144)
	at org.junit.platform.engine.support.hierarchical.NodeTestTask.execute(NodeTestTask.java:101)
	at java.base/java.util.ArrayList.forEach(ArrayList.java:1596)
	at org.junit.platform.engine.support.hierarchical.SameThreadHierarchicalTestExecutorService.invokeAll(SameThreadHierarchicalTestExecutorService.java:41)
	at org.junit.platform.engine.support.hierarchical.NodeTestTask.lambda$executeRecursively$6(NodeTestTask.java:161)
	at org.junit.platform.engine.support.hierarchical.ThrowableCollector.execute(ThrowableCollector.java:73)
	at org.junit.platform.engine.support.hierarchical.NodeTestTask.lambda$executeRecursively$8(NodeTestTask.java:147)
	at org.junit.platform.engine.support.hierarchical.Node.around(Node.java:137)
	at org.junit.platform.engine.support.hierarchical.NodeTestTask.lambda$executeRecursively$9(NodeTestTask.java:145)
	at org.junit.platform.engine.support.hierarchical.ThrowableCollector.execute(ThrowableCollector.java:73)
	at org.junit.platform.engine.support.hierarchical.NodeTestTask.executeRecursively(NodeTestTask.java:144)
	at org.junit.platform.engine.support.hierarchical.NodeTestTask.execute(NodeTestTask.java:101)
	at java.base/java.util.ArrayList.forEach(ArrayList.java:1596)
	at org.junit.platform.engine.support.hierarchical.SameThreadHierarchicalTestExecutorService.invokeAll(SameThreadHierarchicalTestExecutorService.java:41)
	at org.junit.platform.engine.support.hierarchical.NodeTestTask.lambda$executeRecursively$6(NodeTestTask.java:161)
	at org.junit.platform.engine.support.hierarchical.ThrowableCollector.execute(ThrowableCollector.java:73)
	at org.junit.platform.engine.support.hierarchical.NodeTestTask.lambda$executeRecursively$8(NodeTestTask.java:147)
	at org.junit.platform.engine.support.hierarchical.Node.around(Node.java:137)
	at org.junit.platform.engine.support.hierarchical.NodeTestTask.lambda$executeRecursively$9(NodeTestTask.java:145)
	at org.junit.platform.engine.support.hierarchical.ThrowableCollector.execute(ThrowableCollector.java:73)
	at org.junit.platform.engine.support.hierarchical.NodeTestTask.executeRecursively(NodeTestTask.java:144)
	at org.junit.platform.engine.support.hierarchical.NodeTestTask.execute(NodeTestTask.java:101)
	at org.junit.platform.engine.support.hierarchical.SameThreadHierarchicalTestExecutorService.submit(SameThreadHierarchicalTestExecutorService.java:35)
	at org.junit.platform.engine.support.hierarchical.HierarchicalTestExecutor.execute(HierarchicalTestExecutor.java:57)
	at org.junit.platform.engine.support.hierarchical.HierarchicalTestEngine.execute(HierarchicalTestEngine.java:54)
	at org.junit.platform.launcher.core.EngineExecutionOrchestrator.executeEngine(EngineExecutionOrchestrator.java:230)
	at org.junit.platform.launcher.core.EngineExecutionOrchestrator.failOrExecuteEngine(EngineExecutionOrchestrator.java:204)
	at org.junit.platform.launcher.core.EngineExecutionOrchestrator.execute(EngineExecutionOrchestrator.java:172)
	at org.junit.platform.launcher.core.EngineExecutionOrchestrator.execute(EngineExecutionOrchestrator.java:101)
	at org.junit.platform.launcher.core.EngineExecutionOrchestrator.lambda$execute$0(EngineExecutionOrchestrator.java:64)
	at org.junit.platform.launcher.core.EngineExecutionOrchestrator.withInterceptedStreams(EngineExecutionOrchestrator.java:150)
	at org.junit.platform.launcher.core.EngineExecutionOrchestrator.execute(EngineExecutionOrchestrator.java:63)
	at org.junit.platform.launcher.core.DefaultLauncher.execute(DefaultLauncher.java:109)
	at org.junit.platform.launcher.core.DefaultLauncher.execute(DefaultLauncher.java:91)
	at org.junit.platform.launcher.core.DelegatingLauncher.execute(DelegatingLauncher.java:47)
	at org.junit.platform.launcher.core.InterceptingLauncher.lambda$execute$1(InterceptingLauncher.java:39)
	at org.junit.platform.launcher.core.ClasspathAlignmentCheckingLauncherInterceptor.intercept(ClasspathAlignmentCheckingLauncherInterceptor.java:25)
	at org.junit.platform.launcher.core.InterceptingLauncher.execute(InterceptingLauncher.java:38)
	at org.junit.platform.launcher.core.DelegatingLauncher.execute(DelegatingLauncher.java:47)
	at org.apache.maven.surefire.junitplatform.LazyLauncher.execute(LazyLauncher.java:56)
	at org.apache.maven.surefire.junitplatform.JUnitPlatformProvider.execute(JUnitPlatformProvider.java:184)
	at org.apache.maven.surefire.junitplatform.JUnitPlatformProvider.invokeAllTests(JUnitPlatformProvider.java:148)
	at org.apache.maven.surefire.junitplatform.JUnitPlatformProvider.invoke(JUnitPlatformProvider.java:120)
	at org.apache.maven.surefire.booter.ForkedBooter.runSuitesInProcess(ForkedBooter.java:385)
	at org.apache.maven.surefire.booter.ForkedBooter.execute(ForkedBooter.java:162)
	at org.apache.maven.surefire.booter.ForkedBooter.run(ForkedBooter.java:507)
	at org.apache.maven.surefire.booter.ForkedBooter.main(ForkedBooter.java:495)
2025-10-18 02:35:18,266 [main] INFO  volume.HddsVolume (HddsVolume.java:<init>(162)) - HddsVolume: { id=DS-8e9057dd-9cfc-4bc9-8ef1-dd94db2bb05c dir=/tmp/junit-11510647155443310467/5f2d3040-3e84-49c1-96f2-ccf8c127abc6/hdds type=DISK capacity=9222449699674390527 used=0 available=9222449699674390527 minFree=184448985434423296 committed=0 }
2025-10-18 02:35:18,266 [main] INFO  volume.MutableVolumeSet (MutableVolumeSet.java:initializeVolumeSet(175)) - Added Volume : /tmp/junit-11510647155443310467/5f2d3040-3e84-49c1-96f2-ccf8c127abc6/hdds to VolumeSet
2025-10-18 02:35:18,266 [main] WARN  server.ServerUtils (ServerUtils.java:getDefaultRatisDirectory(304)) - Storage directory for Ratis is not configured. It is a good idea to map this to an SSD disk. Falling back to ozone.metadata.dirs
2025-10-18 02:35:18,267 [main] INFO  volume.MutableVolumeSet (MutableVolumeSet.java:initializeVolumeSet(175)) - Added Volume : /tmp/junit-11510647155443310467/ratis to VolumeSet
2025-10-18 02:35:18,267 [main] WARN  db.DBStoreBuilder (DBStoreBuilder.java:getDBDirPath(157)) - ozone.scm.datanode.id.dir is not configured. We recommend adding this setting. Falling back to ozone.metadata.dirs instead.
2025-10-18 02:35:18,268 [main] WARN  db.DBStoreBuilder (DBStoreBuilder.java:getDBDirPath(157)) - ozone.scm.datanode.id.dir is not configured. We recommend adding this setting. Falling back to ozone.metadata.dirs instead.
2025-10-18 02:35:18,280 [main] INFO  impl.FilePerChunkStrategy (FilePerChunkStrategy.java:<init>(79)) - ozone.chunk.read.mapped.buffer.max.count is load with 0
2025-10-18 02:35:18,281 [main] INFO  impl.FilePerBlockStrategy (FilePerBlockStrategy.java:<init>(88)) - ozone.chunk.read.mapped.buffer.max.count is load with 0
2025-10-18 02:35:18,281 [main] INFO  server.RaftServerConfigKeys (ConfUtils.java:logGet(62)) - raft.server.log.appender.buffer.byte-limit = 33554432 (custom)
2025-10-18 02:35:18,282 [main] WARN  server.ServerUtils (ServerUtils.java:getDefaultRatisDirectory(304)) - Storage directory for Ratis is not configured. It is a good idea to map this to an SSD disk. Falling back to ozone.metadata.dirs
2025-10-18 02:35:18,283 [main] INFO  grpc.GrpcConfigKeys (ConfUtils.java:logFallback(69)) - raft.grpc.admin.host = null (fallback to raft.grpc.server.host)
2025-10-18 02:35:18,283 [main] INFO  grpc.GrpcConfigKeys (ConfUtils.java:logFallback(69)) - raft.grpc.client.host = null (fallback to raft.grpc.server.host)
2025-10-18 02:35:18,283 [main] INFO  server.GrpcServicesImpl (ConfUtils.java:logGet(62)) - raft.grpc.message.size.max = 34603008 (custom)
2025-10-18 02:35:18,283 [main] INFO  server.GrpcServicesImpl (ConfUtils.java:logGet(62)) - raft.grpc.flow.control.window = 5MB (=5242880) (custom)
2025-10-18 02:35:18,283 [main] INFO  server.RaftServerConfigKeys (ConfUtils.java:logGet(62)) - raft.server.log.appender.buffer.byte-limit = 33554432 (custom)
2025-10-18 02:35:18,284 [main] INFO  netty.NettyUtils (NettyUtils.java:newEventLoopGroup(74)) - Create EpollEventLoopGroup for c695fe04-5acf-4291-803d-9954a937372b-NettyServerStreamRpc-bossGroup; Thread size is 0.
2025-10-18 02:35:18,285 [main] INFO  netty.NettyUtils (NettyUtils.java:newEventLoopGroup(74)) - Create EpollEventLoopGroup for c695fe04-5acf-4291-803d-9954a937372b-NettyServerStreamRpc-workerGroup; Thread size is 0.
2025-10-18 02:35:18,286 [main] INFO  server.RaftServerConfigKeys (ConfUtils.java:logGet(62)) - raft.server.storage.dir = [/tmp/junit-11510647155443310467/ratis] (custom)
2025-10-18 02:35:18,286 [c695fe04-5acf-4291-803d-9954a937372b-NettyServerStreamRpc-bossGroup--thread1] INFO  logging.LoggingHandler (AbstractInternalLogger.java:log(148)) - [id: 0x2cd65a1f] REGISTERED
2025-10-18 02:35:18,286 [c695fe04-5acf-4291-803d-9954a937372b-NettyServerStreamRpc-bossGroup--thread1] INFO  logging.LoggingHandler (AbstractInternalLogger.java:log(148)) - [id: 0x2cd65a1f] BIND: 0.0.0.0/0.0.0.0:0
2025-10-18 02:35:18,286 [c695fe04-5acf-4291-803d-9954a937372b-NettyServerStreamRpc-bossGroup--thread1] INFO  logging.LoggingHandler (AbstractInternalLogger.java:log(148)) - [id: 0x2cd65a1f, L:/0.0.0.0:33489] ACTIVE
2025-10-18 02:35:18,287 [c695fe04-5acf-4291-803d-9954a937372b-impl-thread1] INFO  server.RaftServer (RaftServerProxy.java:initGroupDir(270)) - c695fe04-5acf-4291-803d-9954a937372b: found a subdirectory /tmp/junit-11510647155443310467/ratis/tmp
2025-10-18 02:35:18,287 [c695fe04-5acf-4291-803d-9954a937372b-impl-thread1] INFO  server.RaftServer (RaftServerProxy.java:initGroupDir(275)) - c695fe04-5acf-4291-803d-9954a937372b: The directory /tmp/junit-11510647155443310467/ratis/tmp is not a group directory; ignoring it. 
2025-10-18 02:35:18,287 [main] INFO  replication.ReplicationServer (ReplicationServer.java:<init>(84)) - Initializing replication server with thread count = 10 queue length = 4096
2025-10-18 02:35:18,288 [main] INFO  server.XceiverServerGrpc (XceiverServerGrpc.java:<init>(129)) - GrpcServer channel type EpollServerSocketChannel
2025-10-18 02:35:18,289 [main] INFO  replication.ReplicationSupervisor (ReplicationSupervisor.java:build(169)) - Initializing replication supervisor with thread count = 10
2025-10-18 02:35:18,289 [main] INFO  replication.ReplicationSupervisor (ReplicationSupervisor.java:nodeStateUpdated(358)) - Node state updated to IN_SERVICE, scaling executor pool size to 10
2025-10-18 02:35:18,297 [c695fe04-5acf-4291-803d-9954a937372b-ContainerReader-0] INFO  ozoneimpl.ContainerReader (ContainerReader.java:readVolume(147)) - Start to verify containers on volume /tmp/junit-11510647155443310467/5f2d3040-3e84-49c1-96f2-ccf8c127abc6/hdds
2025-10-18 02:35:18,297 [c695fe04-5acf-4291-803d-9954a937372b-ContainerReader-0] INFO  ozoneimpl.ContainerReader (ContainerReader.java:readVolume(177)) - Finish verifying containers on volume /tmp/junit-11510647155443310467/5f2d3040-3e84-49c1-96f2-ccf8c127abc6/hdds
2025-10-18 02:35:18,298 [main] INFO  ozoneimpl.OzoneContainer (OzoneContainer.java:buildContainerSet(359)) - Build ContainerSet costs 0s
2025-10-18 02:35:18,298 [main] INFO  volume.ThrottledAsyncChecker (ThrottledAsyncChecker.java:schedule(138)) - Scheduling a check for /tmp/junit-11510647155443310467/5f2d3040-3e84-49c1-96f2-ccf8c127abc6/hdds
2025-10-18 02:35:18,299 [main] INFO  volume.StorageVolumeChecker (StorageVolumeChecker.java:checkAllVolumes(231)) - Scheduled health check for volume /tmp/junit-11510647155443310467/5f2d3040-3e84-49c1-96f2-ccf8c127abc6/hdds
2025-10-18 02:35:18,300 [main] INFO  volume.ThrottledAsyncChecker (ThrottledAsyncChecker.java:schedule(138)) - Scheduling a check for /tmp/junit-11510647155443310467/ratis
2025-10-18 02:35:18,300 [main] INFO  volume.StorageVolumeChecker (StorageVolumeChecker.java:checkAllVolumes(231)) - Scheduled health check for volume /tmp/junit-11510647155443310467/ratis
2025-10-18 02:35:18,300 [main] INFO  ozoneimpl.OzoneContainer (OzoneContainer.java:start(544)) - Attempting to start container services.
2025-10-18 02:35:18,301 [ContainerMetadataScanner] INFO  ozoneimpl.AbstractBackgroundContainerScanner (AbstractBackgroundContainerScanner.java:runIteration(89)) - Completed an iteration in 0 minutes. Number of iterations (since the data-node restart) : 1, Number of containers scanned in this iteration : 0, Number of unhealthy containers found in this iteration : 0
2025-10-18 02:35:18,301 [ContainerDataScanner(/tmp/junit-11510647155443310467/5f2d3040-3e84-49c1-96f2-ccf8c127abc6/hdds)] INFO  ozoneimpl.AbstractBackgroundContainerScanner (AbstractBackgroundContainerScanner.java:runIteration(89)) - Completed an iteration in 0 minutes. Number of iterations (since the data-node restart) : 1, Number of containers scanned in this iteration : 0, Number of unhealthy containers found in this iteration : 0
2025-10-18 02:35:18,302 [main] INFO  replication.ReplicationServer (ReplicationServer.java:start(137)) - ReplicationServer is started using port 9886
2025-10-18 02:35:18,302 [main] INFO  ratis.XceiverServerRatis (XceiverServerRatis.java:start(559)) - Starting XceiverServerRatis(c695fe04-5acf-4291-803d-9954a937372b)
2025-10-18 02:35:18,304 [main] INFO  server.RaftServer (RaftServerProxy.java:startImpl(412)) - c695fe04-5acf-4291-803d-9954a937372b: start RPC server
2025-10-18 02:35:18,305 [main] INFO  server.GrpcServicesImpl (GrpcServicesImpl.java:startImpl(346)) - c695fe04-5acf-4291-803d-9954a937372b: GrpcServicesImpl started, listening on 9858
2025-10-18 02:35:18,305 [main] INFO  ratis.XceiverServerRatis (XceiverServerRatis.java:getRealPort(586)) - XceiverServerRatis(c695fe04-5acf-4291-803d-9954a937372b) is started using port RATIS=9858
2025-10-18 02:35:18,306 [main] INFO  ratis.XceiverServerRatis (XceiverServerRatis.java:getRealPort(586)) - XceiverServerRatis(c695fe04-5acf-4291-803d-9954a937372b) is started using port RATIS_ADMIN=9858
2025-10-18 02:35:18,305 [JvmPauseMonitor14] INFO  util.JvmPauseMonitor (JvmPauseMonitor.java:run(146)) - JvmPauseMonitor-c695fe04-5acf-4291-803d-9954a937372b: Started
2025-10-18 02:35:18,306 [main] INFO  ratis.XceiverServerRatis (XceiverServerRatis.java:getRealPort(586)) - XceiverServerRatis(c695fe04-5acf-4291-803d-9954a937372b) is started using port RATIS_SERVER=9858
2025-10-18 02:35:18,306 [main] INFO  ratis.XceiverServerRatis (XceiverServerRatis.java:getRealPort(586)) - XceiverServerRatis(c695fe04-5acf-4291-803d-9954a937372b) is started using port RATIS_DATASTREAM=33489
2025-10-18 02:35:18,307 [main] INFO  utils.BackgroundService (BackgroundService.java:start(119)) - Starting service BlockDeletingService with interval 60000 milliseconds
2025-10-18 02:35:18,307 [main] INFO  utils.BackgroundService (BackgroundService.java:start(119)) - Starting service StaleRecoveringContainerScrubbingService with interval 60000 milliseconds
2025-10-18 02:35:18,338 [main] INFO  keyvalue.KeyValueContainer (KeyValueContainer.java:flushAndSyncDB(514)) - Synced container: KeyValueContainerData #1980308290 (CLOSING, non-empty, ri=0, origin=[dn_c695fe04-5acf-4291-803d-9954a937372b, pipeline_])
2025-10-18 02:35:18,338 [main] INFO  keyvalue.KeyValueContainer (KeyValueContainer.java:flushAndSyncDB(514)) - Synced container: KeyValueContainerData #1980308290 (CLOSING, non-empty, ri=0, origin=[dn_c695fe04-5acf-4291-803d-9954a937372b, pipeline_])
2025-10-18 02:35:18,340 [main] INFO  keyvalue.KeyValueContainer (KeyValueContainer.java:close(430)) - Closed container: KeyValueContainerData #1980308290 (CLOSED, non-empty, ri=0, origin=[dn_c695fe04-5acf-4291-803d-9954a937372b, pipeline_])
2025-10-18 02:35:18,342 [main] INFO  upgrade.UpgradeFinalizer (BasicUpgradeFinalizer.java:logAndEmit(395)) - Finalization started.
2025-10-18 02:35:18,342 [main] INFO  upgrade.UpgradeFinalizer (BasicUpgradeFinalizer.java:runFinalizationAction(270)) - Running finalization actions for layout feature: DATANODE_SCHEMA_V3
2025-10-18 02:35:18,342 [main] INFO  upgrade.DatanodeSchemaV3FinalizeAction (DatanodeSchemaV3FinalizeAction.java:execute(49)) - Upgrading Datanode volume layout for Schema V3 support.
2025-10-18 02:35:18,373 [main] INFO  utils.DatanodeStoreCache (DatanodeStoreCache.java:addDB(70)) - Added db /tmp/junit-11510647155443310467/5f2d3040-3e84-49c1-96f2-ccf8c127abc6/hdds/clusterID/DS-5444353f-48a5-4f81-9b04-e5550ecee763/container.db to cache
2025-10-18 02:35:18,374 [main] INFO  volume.HddsVolume (HddsVolume.java:createDbStore(576)) - SchemaV3 db is created and loaded at /tmp/junit-11510647155443310467/5f2d3040-3e84-49c1-96f2-ccf8c127abc6/hdds/clusterID/DS-5444353f-48a5-4f81-9b04-e5550ecee763/container.db for volume DS-5444353f-48a5-4f81-9b04-e5550ecee763
2025-10-18 02:35:18,374 [main] INFO  utils.DatanodeStoreCache (DatanodeStoreCache.java:removeDB(104)) - Removed db /tmp/junit-11510647155443310467/5f2d3040-3e84-49c1-96f2-ccf8c127abc6/hdds/clusterID/DS-5444353f-48a5-4f81-9b04-e5550ecee763/container.db from cache
2025-10-18 02:35:18,375 [main] INFO  volume.HddsVolume (HddsVolume.java:closeDbStore(609)) - SchemaV3 db is stopped at /tmp/junit-11510647155443310467/5f2d3040-3e84-49c1-96f2-ccf8c127abc6/hdds/clusterID/DS-5444353f-48a5-4f81-9b04-e5550ecee763/container.db for volume DS-5444353f-48a5-4f81-9b04-e5550ecee763
2025-10-18 02:35:18,375 [main] INFO  upgrade.DatanodeSchemaV3FinalizeAction (DatanodeSchemaV3FinalizeAction.java:execute(75)) - Schema V3 is disabled. Won't load RocksDB in upgrade.
2025-10-18 02:35:18,376 [main] INFO  upgrade.AbstractLayoutVersionManager (AbstractLayoutVersionManager.java:finalized(124)) - Layout feature DATANODE_SCHEMA_V3 has been finalized.
2025-10-18 02:35:18,376 [main] INFO  upgrade.UpgradeFinalizer (BasicUpgradeFinalizer.java:logAndEmit(395)) - No onFinalize work defined for feature: RATIS_DATASTREAM_PORT_IN_DATANODEDETAILS.
2025-10-18 02:35:18,377 [main] INFO  upgrade.AbstractLayoutVersionManager (AbstractLayoutVersionManager.java:finalized(124)) - Layout feature RATIS_DATASTREAM_PORT_IN_DATANODEDETAILS has been finalized.
2025-10-18 02:35:18,377 [main] INFO  upgrade.UpgradeFinalizer (BasicUpgradeFinalizer.java:logAndEmit(395)) - No onFinalize work defined for feature: WEBUI_PORTS_IN_DATANODEDETAILS.
2025-10-18 02:35:18,378 [main] INFO  upgrade.AbstractLayoutVersionManager (AbstractLayoutVersionManager.java:finalized(124)) - Layout feature WEBUI_PORTS_IN_DATANODEDETAILS has been finalized.
2025-10-18 02:35:18,378 [main] INFO  upgrade.UpgradeFinalizer (BasicUpgradeFinalizer.java:logAndEmit(395)) - No onFinalize work defined for feature: HADOOP_PRC_PORTS_IN_DATANODEDETAILS.
2025-10-18 02:35:18,379 [main] INFO  upgrade.AbstractLayoutVersionManager (AbstractLayoutVersionManager.java:finalized(124)) - Layout feature HADOOP_PRC_PORTS_IN_DATANODEDETAILS has been finalized.
2025-10-18 02:35:18,379 [main] INFO  upgrade.UpgradeFinalizer (BasicUpgradeFinalizer.java:logAndEmit(395)) - No onFinalize work defined for feature: HBASE_SUPPORT.
2025-10-18 02:35:18,380 [main] INFO  upgrade.AbstractLayoutVersionManager (AbstractLayoutVersionManager.java:finalized(124)) - Layout feature HBASE_SUPPORT has been finalized.
2025-10-18 02:35:18,380 [main] INFO  upgrade.UpgradeFinalizer (BasicUpgradeFinalizer.java:runFinalizationAction(270)) - Running finalization actions for layout feature: WITNESSED_CONTAINER_DB_PROTO_VALUE
2025-10-18 02:35:18,381 [main] INFO  upgrade.ContainerTableSchemaFinalizeAction (ContainerTableSchemaFinalizeAction.java:execute(71)) - Finished copy to containerIdsTable from previous table
2025-10-18 02:35:18,381 [main] INFO  upgrade.AbstractLayoutVersionManager (AbstractLayoutVersionManager.java:finalized(124)) - Layout feature WITNESSED_CONTAINER_DB_PROTO_VALUE has been finalized.
2025-10-18 02:35:18,381 [main] INFO  upgrade.AbstractLayoutVersionManager (AbstractLayoutVersionManager.java:finalized(126)) - Finalization is complete.
2025-10-18 02:35:18,382 [main] INFO  upgrade.UpgradeFinalizer (BasicUpgradeFinalizer.java:logAndEmit(395)) - Finalization is done.
2025-10-18 02:35:18,382 [main] INFO  ipc.Server (Server.java:stop(3697)) - Stopping server on 45179
2025-10-18 02:35:18,382 [IPC Server listener on 45179] INFO  ipc.Server (Server.java:run(1585)) - Stopping IPC Server listener on 45179
2025-10-18 02:35:18,383 [IPC Server Responder] INFO  ipc.Server (Server.java:run(1718)) - Stopping IPC Server Responder
2025-10-18 02:35:18,383 [main] INFO  ozoneimpl.OzoneContainer (OzoneContainer.java:stop(568)) - Attempting to stop container services.
2025-10-18 02:35:18,383 [ContainerMetadataScanner] WARN  ozoneimpl.AbstractBackgroundContainerScanner (AbstractBackgroundContainerScanner.java:handleRemainingSleep(136)) - Background container scan was interrupted.
2025-10-18 02:35:18,383 [ContainerMetadataScanner] INFO  ozoneimpl.AbstractBackgroundContainerScanner (AbstractBackgroundContainerScanner.java:run(63)) - org.apache.hadoop.ozone.container.ozoneimpl.BackgroundContainerMetadataScanner@5dee9b60 exiting.
2025-10-18 02:35:18,383 [main] INFO  ozoneimpl.BackgroundContainerDataScanner (BackgroundContainerDataScanner.java:shutdown(87)) - ContainerDataScanner(/tmp/junit-11510647155443310467/5f2d3040-3e84-49c1-96f2-ccf8c127abc6/hdds) is shutting down. 
2025-10-18 02:35:18,383 [ContainerDataScanner(/tmp/junit-11510647155443310467/5f2d3040-3e84-49c1-96f2-ccf8c127abc6/hdds)] WARN  ozoneimpl.AbstractBackgroundContainerScanner (AbstractBackgroundContainerScanner.java:handleRemainingSleep(136)) - Background container scan was interrupted.
2025-10-18 02:35:18,383 [ContainerDataScanner(/tmp/junit-11510647155443310467/5f2d3040-3e84-49c1-96f2-ccf8c127abc6/hdds)] INFO  ozoneimpl.AbstractBackgroundContainerScanner (AbstractBackgroundContainerScanner.java:run(63)) - ContainerDataScanner(/tmp/junit-11510647155443310467/5f2d3040-3e84-49c1-96f2-ccf8c127abc6/hdds, DS-5444353f-48a5-4f81-9b04-e5550ecee763) exiting.
2025-10-18 02:35:18,384 [main] INFO  ozoneimpl.OnDemandContainerScanner (OnDemandContainerScanner.java:shutdown(141)) - On-demand container scanner is shutting down.
2025-10-18 02:35:18,384 [main] INFO  ratis.XceiverServerRatis (XceiverServerRatis.java:stop(594)) - Closing XceiverServerRatis(c695fe04-5acf-4291-803d-9954a937372b)
2025-10-18 02:35:18,384 [main] INFO  server.RaftServer (RaftServerProxy.java:lambda$close$9(422)) - c695fe04-5acf-4291-803d-9954a937372b: close
2025-10-18 02:35:18,384 [main] INFO  server.GrpcServicesImpl (GrpcServicesImpl.java:closeImpl(355)) - c695fe04-5acf-4291-803d-9954a937372b: shutdown server GrpcServerProtocolService now
2025-10-18 02:35:18,385 [main] INFO  server.GrpcServicesImpl (GrpcServicesImpl.java:closeImpl(364)) - c695fe04-5acf-4291-803d-9954a937372b: shutdown server GrpcServerProtocolService successfully
2025-10-18 02:35:18,385 [c695fe04-5acf-4291-803d-9954a937372b-NettyServerStreamRpc-bossGroup--thread1] INFO  logging.LoggingHandler (AbstractInternalLogger.java:log(148)) - [id: 0x2cd65a1f, L:/0.0.0.0:33489] CLOSE
2025-10-18 02:35:18,385 [c695fe04-5acf-4291-803d-9954a937372b-NettyServerStreamRpc-bossGroup--thread1] INFO  logging.LoggingHandler (AbstractInternalLogger.java:log(148)) - [id: 0x2cd65a1f, L:/0.0.0.0:33489] INACTIVE
2025-10-18 02:35:18,385 [c695fe04-5acf-4291-803d-9954a937372b-NettyServerStreamRpc-bossGroup--thread1] INFO  logging.LoggingHandler (AbstractInternalLogger.java:log(148)) - [id: 0x2cd65a1f, L:/0.0.0.0:33489] UNREGISTERED
2025-10-18 02:35:18,389 [JvmPauseMonitor14] INFO  util.JvmPauseMonitor (JvmPauseMonitor.java:run(152)) - JvmPauseMonitor-c695fe04-5acf-4291-803d-9954a937372b: Stopped
2025-10-18 02:35:20,393 [main] INFO  utils.BackgroundService (BackgroundService.java:shutdown(195)) - Shutting down service BlockDeletingService
2025-10-18 02:35:20,394 [main] INFO  utils.BackgroundService (BackgroundService.java:shutdown(195)) - Shutting down service StaleRecoveringContainerScrubbingService
]]></system-out>
  </testcase>
  <testcase name="testReadsDuringFinalize(boolean)[2]" classname="org.apache.hadoop.ozone.container.upgrade.TestDatanodeUpgradeToSchemaV3" time="2.206">
    <system-out><![CDATA[2025-10-18 02:35:20,414 [main] INFO  ipc.CallQueueManager (CallQueueManager.java:<init>(93)) - Using callQueue: class java.util.concurrent.LinkedBlockingQueue, queueCapacity: 1000, scheduler: class org.apache.hadoop.ipc.DefaultRpcScheduler, ipcBackoff: false, ipcFailOver: false.
2025-10-18 02:35:20,414 [main] INFO  ipc.Server (Server.java:<init>(1438)) - Listener at localhost:33777
2025-10-18 02:35:20,414 [Socket Reader #1 for port 33777] INFO  ipc.Server (Server.java:run(1474)) - Starting Socket Reader #1 for port 33777
2025-10-18 02:35:20,415 [IPC Server Responder] INFO  ipc.Server (Server.java:run(1713)) - IPC Server Responder: starting
2025-10-18 02:35:20,415 [IPC Server listener on 33777] INFO  ipc.Server (Server.java:run(1553)) - IPC Server listener on 33777: starting
2025-10-18 02:35:20,418 [main] INFO  upgrade.AbstractLayoutVersionManager (AbstractLayoutVersionManager.java:init(80)) - Initializing Layout version manager with metadata layout = ERASURE_CODED_STORAGE_SUPPORT (version = 3), software layout = WITNESSED_CONTAINER_DB_PROTO_VALUE (version = 9)
2025-10-18 02:35:20,419 [main] INFO  upgrade.HDDSLayoutVersionManager (HDDSLayoutVersionManager.java:lambda$registerUpgradeActions$0(81)) - Registering Upgrade Action : DatanodeSchemaV3FinalizeAction
2025-10-18 02:35:20,419 [main] INFO  upgrade.HDDSLayoutVersionManager (HDDSLayoutVersionManager.java:lambda$registerUpgradeActions$0(81)) - Registering Upgrade Action : ContainerTableSchemaFinalizeAction
2025-10-18 02:35:20,419 [main] INFO  statemachine.DatanodeStateMachine (DatanodeStateMachine.java:getEndPointTaskThreadPoolSize(321)) - Datanode State Machine Task Thread Pool size 2
2025-10-18 02:35:20,421 [main] INFO  volume.HddsVolume (HddsVolume.java:<init>(162)) - HddsVolume: { id=a11d7763-9213-4100-947b-dfd70f3d7d93 dir=/home/runner/work/ozone/ozone/hadoop-hdds/container-service/file:/home/runner/work/ozone/ozone/hadoop-hdds/container-service/target/tmp/dfs/data type=DISK failed }
2025-10-18 02:35:20,421 [main] ERROR volume.MutableVolumeSet (MutableVolumeSet.java:initializeVolumeSet(194)) - Failed to parse the storage location: file:///home/runner/work/ozone/ozone/hadoop-hdds/container-service/target/tmp/dfs/data
org.apache.hadoop.ozone.common.InconsistentStorageStateException: Mismatched DatanodeUUIDs. Version File : /home/runner/work/ozone/ozone/hadoop-hdds/container-service/target/tmp/dfs/data/hdds/VERSION has datanodeUuid: c3d05b50-810d-4b78-be46-d77415fe1b4d and Datanode has datanodeUuid: 9a62809b-fdfc-4381-9988-af166c8b8a89
	at org.apache.hadoop.ozone.container.common.utils.StorageVolumeUtil.getDatanodeUUID(StorageVolumeUtil.java:122)
	at org.apache.hadoop.ozone.container.common.volume.StorageVolume.readVersionFile(StorageVolume.java:385)
	at org.apache.hadoop.ozone.container.common.volume.StorageVolume.initializeImpl(StorageVolume.java:240)
	at org.apache.hadoop.ozone.container.common.volume.StorageVolume.initialize(StorageVolume.java:215)
	at org.apache.hadoop.ozone.container.common.volume.HddsVolume.<init>(HddsVolume.java:151)
	at org.apache.hadoop.ozone.container.common.volume.HddsVolume.<init>(HddsVolume.java:80)
	at org.apache.hadoop.ozone.container.common.volume.HddsVolume$Builder.build(HddsVolume.java:130)
	at org.apache.hadoop.ozone.container.common.volume.HddsVolumeFactory.createVolume(HddsVolumeFactory.java:46)
	at org.apache.hadoop.ozone.container.common.volume.MutableVolumeSet.initializeVolumeSet(MutableVolumeSet.java:172)
	at org.apache.hadoop.ozone.container.common.volume.MutableVolumeSet.<init>(MutableVolumeSet.java:130)
	at org.apache.hadoop.ozone.container.common.volume.MutableVolumeSet.<init>(MutableVolumeSet.java:92)
	at org.apache.hadoop.ozone.container.ozoneimpl.OzoneContainer.<init>(OzoneContainer.java:170)
	at org.apache.hadoop.ozone.container.common.statemachine.DatanodeStateMachine.<init>(DatanodeStateMachine.java:191)
	at org.apache.hadoop.ozone.container.common.statemachine.DatanodeStateMachine.<init>(DatanodeStateMachine.java:305)
	at org.apache.hadoop.ozone.container.upgrade.UpgradeTestHelper.startPreFinalizedDatanode(UpgradeTestHelper.java:88)
	at org.apache.hadoop.ozone.container.upgrade.TestDatanodeUpgradeToSchemaV3.testReadsDuringFinalize(TestDatanodeUpgradeToSchemaV3.java:476)
	at java.base/jdk.internal.reflect.DirectMethodHandleAccessor.invoke(DirectMethodHandleAccessor.java:103)
	at java.base/java.lang.reflect.Method.invoke(Method.java:580)
	at org.junit.platform.commons.util.ReflectionUtils.invokeMethod(ReflectionUtils.java:786)
	at org.junit.platform.commons.support.ReflectionSupport.invokeMethod(ReflectionSupport.java:514)
	at org.junit.jupiter.engine.execution.MethodInvocation.proceed(MethodInvocation.java:60)
	at org.junit.jupiter.engine.execution.InvocationInterceptorChain$ValidatingInvocation.proceed(InvocationInterceptorChain.java:131)
	at org.junit.jupiter.engine.extension.SameThreadTimeoutInvocation.proceed(SameThreadTimeoutInvocation.java:49)
	at org.junit.jupiter.engine.extension.TimeoutExtension.intercept(TimeoutExtension.java:161)
	at org.junit.jupiter.engine.extension.TimeoutExtension.interceptTestableMethod(TimeoutExtension.java:152)
	at org.junit.jupiter.engine.extension.TimeoutExtension.interceptTestTemplateMethod(TimeoutExtension.java:99)
	at org.junit.jupiter.engine.execution.InterceptingExecutableInvoker$ReflectiveInterceptorCall.lambda$ofVoidMethod$0(InterceptingExecutableInvoker.java:112)
	at org.junit.jupiter.engine.execution.InterceptingExecutableInvoker.lambda$invoke$0(InterceptingExecutableInvoker.java:94)
	at org.junit.jupiter.engine.execution.InvocationInterceptorChain$InterceptedInvocation.proceed(InvocationInterceptorChain.java:106)
	at org.junit.jupiter.engine.execution.InvocationInterceptorChain.proceed(InvocationInterceptorChain.java:64)
	at org.junit.jupiter.engine.execution.InvocationInterceptorChain.chainAndInvoke(InvocationInterceptorChain.java:45)
	at org.junit.jupiter.engine.execution.InvocationInterceptorChain.invoke(InvocationInterceptorChain.java:37)
	at org.junit.jupiter.engine.execution.InterceptingExecutableInvoker.invoke(InterceptingExecutableInvoker.java:93)
	at org.junit.jupiter.engine.execution.InterceptingExecutableInvoker.invoke(InterceptingExecutableInvoker.java:87)
	at org.junit.jupiter.engine.descriptor.TestMethodTestDescriptor.lambda$invokeTestMethod$4(TestMethodTestDescriptor.java:221)
	at org.junit.platform.engine.support.hierarchical.ThrowableCollector.execute(ThrowableCollector.java:73)
	at org.junit.jupiter.engine.descriptor.TestMethodTestDescriptor.invokeTestMethod(TestMethodTestDescriptor.java:217)
	at org.junit.jupiter.engine.descriptor.TestMethodTestDescriptor.execute(TestMethodTestDescriptor.java:159)
	at org.junit.jupiter.engine.descriptor.TestMethodTestDescriptor.execute(TestMethodTestDescriptor.java:70)
	at org.junit.platform.engine.support.hierarchical.NodeTestTask.lambda$executeRecursively$6(NodeTestTask.java:157)
	at org.junit.platform.engine.support.hierarchical.ThrowableCollector.execute(ThrowableCollector.java:73)
	at org.junit.platform.engine.support.hierarchical.NodeTestTask.lambda$executeRecursively$8(NodeTestTask.java:147)
	at org.junit.platform.engine.support.hierarchical.Node.around(Node.java:137)
	at org.junit.platform.engine.support.hierarchical.NodeTestTask.lambda$executeRecursively$9(NodeTestTask.java:145)
	at org.junit.platform.engine.support.hierarchical.ThrowableCollector.execute(ThrowableCollector.java:73)
	at org.junit.platform.engine.support.hierarchical.NodeTestTask.executeRecursively(NodeTestTask.java:144)
	at org.junit.platform.engine.support.hierarchical.NodeTestTask.execute(NodeTestTask.java:101)
	at org.junit.platform.engine.support.hierarchical.SameThreadHierarchicalTestExecutorService.submit(SameThreadHierarchicalTestExecutorService.java:35)
	at org.junit.platform.engine.support.hierarchical.NodeTestTask$DefaultDynamicTestExecutor.execute(NodeTestTask.java:232)
	at org.junit.platform.engine.support.hierarchical.NodeTestTask$DefaultDynamicTestExecutor.execute(NodeTestTask.java:210)
	at org.junit.jupiter.engine.descriptor.TemplateExecutor.execute(TemplateExecutor.java:98)
	at org.junit.jupiter.engine.descriptor.TemplateExecutor.lambda$executeForProvider$0(TemplateExecutor.java:61)
	at java.base/java.util.Optional.ifPresent(Optional.java:178)
	at org.junit.jupiter.engine.descriptor.TemplateExecutor.lambda$executeForProvider$1(TemplateExecutor.java:61)
	at java.base/java.util.stream.ForEachOps$ForEachOp$OfRef.accept(ForEachOps.java:184)
	at java.base/java.util.stream.ReferencePipeline$3$1.accept(ReferencePipeline.java:197)
	at java.base/java.util.stream.ForEachOps$ForEachOp$OfRef.accept(ForEachOps.java:184)
	at java.base/java.util.stream.ForEachOps$ForEachOp$OfRef.accept(ForEachOps.java:184)
	at java.base/java.util.stream.ReferencePipeline$3$1.accept(ReferencePipeline.java:197)
	at java.base/java.util.Spliterators$ArraySpliterator.forEachRemaining(Spliterators.java:1024)
	at java.base/java.util.stream.AbstractPipeline.copyInto(AbstractPipeline.java:509)
	at java.base/java.util.stream.AbstractPipeline.wrapAndCopyInto(AbstractPipeline.java:499)
	at java.base/java.util.stream.ForEachOps$ForEachOp.evaluateSequential(ForEachOps.java:151)
	at java.base/java.util.stream.ForEachOps$ForEachOp$OfRef.evaluateSequential(ForEachOps.java:174)
	at java.base/java.util.stream.AbstractPipeline.evaluate(AbstractPipeline.java:234)
	at java.base/java.util.stream.ReferencePipeline.forEach(ReferencePipeline.java:596)
	at java.base/java.util.stream.ReferencePipeline$7$1.accept(ReferencePipeline.java:276)
	at java.base/java.util.ArrayList$ArrayListSpliterator.forEachRemaining(ArrayList.java:1708)
	at java.base/java.util.stream.AbstractPipeline.copyInto(AbstractPipeline.java:509)
	at java.base/java.util.stream.AbstractPipeline.wrapAndCopyInto(AbstractPipeline.java:499)
	at java.base/java.util.stream.ForEachOps$ForEachOp.evaluateSequential(ForEachOps.java:151)
	at java.base/java.util.stream.ForEachOps$ForEachOp$OfRef.evaluateSequential(ForEachOps.java:174)
	at java.base/java.util.stream.AbstractPipeline.evaluate(AbstractPipeline.java:234)
	at java.base/java.util.stream.ReferencePipeline.forEach(ReferencePipeline.java:596)
	at java.base/java.util.stream.ReferencePipeline$7$1.accept(ReferencePipeline.java:276)
	at java.base/java.util.stream.ReferencePipeline$3$1.accept(ReferencePipeline.java:197)
	at java.base/java.util.stream.ReferencePipeline$3$1.accept(ReferencePipeline.java:197)
	at java.base/java.util.stream.ReferencePipeline$3$1.accept(ReferencePipeline.java:197)
	at java.base/java.util.ArrayList$ArrayListSpliterator.forEachRemaining(ArrayList.java:1708)
	at java.base/java.util.stream.AbstractPipeline.copyInto(AbstractPipeline.java:509)
	at java.base/java.util.stream.AbstractPipeline.wrapAndCopyInto(AbstractPipeline.java:499)
	at java.base/java.util.stream.ForEachOps$ForEachOp.evaluateSequential(ForEachOps.java:151)
	at java.base/java.util.stream.ForEachOps$ForEachOp$OfRef.evaluateSequential(ForEachOps.java:174)
	at java.base/java.util.stream.AbstractPipeline.evaluate(AbstractPipeline.java:234)
	at java.base/java.util.stream.ReferencePipeline.forEach(ReferencePipeline.java:596)
	at org.junit.jupiter.engine.descriptor.TemplateExecutor.executeForProvider(TemplateExecutor.java:59)
	at org.junit.jupiter.engine.descriptor.TemplateExecutor.execute(TemplateExecutor.java:48)
	at org.junit.jupiter.engine.descriptor.TestTemplateTestDescriptor.execute(TestTemplateTestDescriptor.java:112)
	at org.junit.jupiter.engine.descriptor.TestTemplateTestDescriptor.execute(TestTemplateTestDescriptor.java:40)
	at org.junit.platform.engine.support.hierarchical.NodeTestTask.lambda$executeRecursively$6(NodeTestTask.java:157)
	at org.junit.platform.engine.support.hierarchical.ThrowableCollector.execute(ThrowableCollector.java:73)
	at org.junit.platform.engine.support.hierarchical.NodeTestTask.lambda$executeRecursively$8(NodeTestTask.java:147)
	at org.junit.platform.engine.support.hierarchical.Node.around(Node.java:137)
	at org.junit.platform.engine.support.hierarchical.NodeTestTask.lambda$executeRecursively$9(NodeTestTask.java:145)
	at org.junit.platform.engine.support.hierarchical.ThrowableCollector.execute(ThrowableCollector.java:73)
	at org.junit.platform.engine.support.hierarchical.NodeTestTask.executeRecursively(NodeTestTask.java:144)
	at org.junit.platform.engine.support.hierarchical.NodeTestTask.execute(NodeTestTask.java:101)
	at java.base/java.util.ArrayList.forEach(ArrayList.java:1596)
	at org.junit.platform.engine.support.hierarchical.SameThreadHierarchicalTestExecutorService.invokeAll(SameThreadHierarchicalTestExecutorService.java:41)
	at org.junit.platform.engine.support.hierarchical.NodeTestTask.lambda$executeRecursively$6(NodeTestTask.java:161)
	at org.junit.platform.engine.support.hierarchical.ThrowableCollector.execute(ThrowableCollector.java:73)
	at org.junit.platform.engine.support.hierarchical.NodeTestTask.lambda$executeRecursively$8(NodeTestTask.java:147)
	at org.junit.platform.engine.support.hierarchical.Node.around(Node.java:137)
	at org.junit.platform.engine.support.hierarchical.NodeTestTask.lambda$executeRecursively$9(NodeTestTask.java:145)
	at org.junit.platform.engine.support.hierarchical.ThrowableCollector.execute(ThrowableCollector.java:73)
	at org.junit.platform.engine.support.hierarchical.NodeTestTask.executeRecursively(NodeTestTask.java:144)
	at org.junit.platform.engine.support.hierarchical.NodeTestTask.execute(NodeTestTask.java:101)
	at java.base/java.util.ArrayList.forEach(ArrayList.java:1596)
	at org.junit.platform.engine.support.hierarchical.SameThreadHierarchicalTestExecutorService.invokeAll(SameThreadHierarchicalTestExecutorService.java:41)
	at org.junit.platform.engine.support.hierarchical.NodeTestTask.lambda$executeRecursively$6(NodeTestTask.java:161)
	at org.junit.platform.engine.support.hierarchical.ThrowableCollector.execute(ThrowableCollector.java:73)
	at org.junit.platform.engine.support.hierarchical.NodeTestTask.lambda$executeRecursively$8(NodeTestTask.java:147)
	at org.junit.platform.engine.support.hierarchical.Node.around(Node.java:137)
	at org.junit.platform.engine.support.hierarchical.NodeTestTask.lambda$executeRecursively$9(NodeTestTask.java:145)
	at org.junit.platform.engine.support.hierarchical.ThrowableCollector.execute(ThrowableCollector.java:73)
	at org.junit.platform.engine.support.hierarchical.NodeTestTask.executeRecursively(NodeTestTask.java:144)
	at org.junit.platform.engine.support.hierarchical.NodeTestTask.execute(NodeTestTask.java:101)
	at org.junit.platform.engine.support.hierarchical.SameThreadHierarchicalTestExecutorService.submit(SameThreadHierarchicalTestExecutorService.java:35)
	at org.junit.platform.engine.support.hierarchical.HierarchicalTestExecutor.execute(HierarchicalTestExecutor.java:57)
	at org.junit.platform.engine.support.hierarchical.HierarchicalTestEngine.execute(HierarchicalTestEngine.java:54)
	at org.junit.platform.launcher.core.EngineExecutionOrchestrator.executeEngine(EngineExecutionOrchestrator.java:230)
	at org.junit.platform.launcher.core.EngineExecutionOrchestrator.failOrExecuteEngine(EngineExecutionOrchestrator.java:204)
	at org.junit.platform.launcher.core.EngineExecutionOrchestrator.execute(EngineExecutionOrchestrator.java:172)
	at org.junit.platform.launcher.core.EngineExecutionOrchestrator.execute(EngineExecutionOrchestrator.java:101)
	at org.junit.platform.launcher.core.EngineExecutionOrchestrator.lambda$execute$0(EngineExecutionOrchestrator.java:64)
	at org.junit.platform.launcher.core.EngineExecutionOrchestrator.withInterceptedStreams(EngineExecutionOrchestrator.java:150)
	at org.junit.platform.launcher.core.EngineExecutionOrchestrator.execute(EngineExecutionOrchestrator.java:63)
	at org.junit.platform.launcher.core.DefaultLauncher.execute(DefaultLauncher.java:109)
	at org.junit.platform.launcher.core.DefaultLauncher.execute(DefaultLauncher.java:91)
	at org.junit.platform.launcher.core.DelegatingLauncher.execute(DelegatingLauncher.java:47)
	at org.junit.platform.launcher.core.InterceptingLauncher.lambda$execute$1(InterceptingLauncher.java:39)
	at org.junit.platform.launcher.core.ClasspathAlignmentCheckingLauncherInterceptor.intercept(ClasspathAlignmentCheckingLauncherInterceptor.java:25)
	at org.junit.platform.launcher.core.InterceptingLauncher.execute(InterceptingLauncher.java:38)
	at org.junit.platform.launcher.core.DelegatingLauncher.execute(DelegatingLauncher.java:47)
	at org.apache.maven.surefire.junitplatform.LazyLauncher.execute(LazyLauncher.java:56)
	at org.apache.maven.surefire.junitplatform.JUnitPlatformProvider.execute(JUnitPlatformProvider.java:184)
	at org.apache.maven.surefire.junitplatform.JUnitPlatformProvider.invokeAllTests(JUnitPlatformProvider.java:148)
	at org.apache.maven.surefire.junitplatform.JUnitPlatformProvider.invoke(JUnitPlatformProvider.java:120)
	at org.apache.maven.surefire.booter.ForkedBooter.runSuitesInProcess(ForkedBooter.java:385)
	at org.apache.maven.surefire.booter.ForkedBooter.execute(ForkedBooter.java:162)
	at org.apache.maven.surefire.booter.ForkedBooter.run(ForkedBooter.java:507)
	at org.apache.maven.surefire.booter.ForkedBooter.main(ForkedBooter.java:495)
2025-10-18 02:35:20,423 [main] INFO  volume.HddsVolume (HddsVolume.java:<init>(162)) - HddsVolume: { id=DS-4d00de31-7536-43b7-a130-9dcaa02adc3f dir=/tmp/junit-10039550340935020629/e00d1b68-e5ca-41d7-9e35-9b2999e580f6/hdds type=DISK capacity=9222449699674390527 used=0 available=9222449699674390527 minFree=184448985434423296 committed=0 }
2025-10-18 02:35:20,423 [main] INFO  volume.MutableVolumeSet (MutableVolumeSet.java:initializeVolumeSet(175)) - Added Volume : /tmp/junit-10039550340935020629/e00d1b68-e5ca-41d7-9e35-9b2999e580f6/hdds to VolumeSet
2025-10-18 02:35:20,423 [main] WARN  server.ServerUtils (ServerUtils.java:getDefaultRatisDirectory(304)) - Storage directory for Ratis is not configured. It is a good idea to map this to an SSD disk. Falling back to ozone.metadata.dirs
2025-10-18 02:35:20,424 [main] INFO  volume.MutableVolumeSet (MutableVolumeSet.java:initializeVolumeSet(175)) - Added Volume : /tmp/junit-10039550340935020629/ratis to VolumeSet
2025-10-18 02:35:20,424 [main] WARN  db.DBStoreBuilder (DBStoreBuilder.java:getDBDirPath(157)) - ozone.scm.datanode.id.dir is not configured. We recommend adding this setting. Falling back to ozone.metadata.dirs instead.
2025-10-18 02:35:20,425 [main] WARN  db.DBStoreBuilder (DBStoreBuilder.java:getDBDirPath(157)) - ozone.scm.datanode.id.dir is not configured. We recommend adding this setting. Falling back to ozone.metadata.dirs instead.
2025-10-18 02:35:20,441 [main] INFO  impl.FilePerChunkStrategy (FilePerChunkStrategy.java:<init>(79)) - ozone.chunk.read.mapped.buffer.max.count is load with 0
2025-10-18 02:35:20,441 [main] INFO  impl.FilePerBlockStrategy (FilePerBlockStrategy.java:<init>(88)) - ozone.chunk.read.mapped.buffer.max.count is load with 0
2025-10-18 02:35:20,442 [main] INFO  server.RaftServerConfigKeys (ConfUtils.java:logGet(62)) - raft.server.log.appender.buffer.byte-limit = 33554432 (custom)
2025-10-18 02:35:20,442 [main] WARN  server.ServerUtils (ServerUtils.java:getDefaultRatisDirectory(304)) - Storage directory for Ratis is not configured. It is a good idea to map this to an SSD disk. Falling back to ozone.metadata.dirs
2025-10-18 02:35:20,443 [main] INFO  grpc.GrpcConfigKeys (ConfUtils.java:logFallback(69)) - raft.grpc.admin.host = null (fallback to raft.grpc.server.host)
2025-10-18 02:35:20,443 [main] INFO  grpc.GrpcConfigKeys (ConfUtils.java:logFallback(69)) - raft.grpc.client.host = null (fallback to raft.grpc.server.host)
2025-10-18 02:35:20,443 [main] INFO  server.GrpcServicesImpl (ConfUtils.java:logGet(62)) - raft.grpc.message.size.max = 34603008 (custom)
2025-10-18 02:35:20,444 [main] INFO  server.GrpcServicesImpl (ConfUtils.java:logGet(62)) - raft.grpc.flow.control.window = 5MB (=5242880) (custom)
2025-10-18 02:35:20,444 [main] INFO  server.RaftServerConfigKeys (ConfUtils.java:logGet(62)) - raft.server.log.appender.buffer.byte-limit = 33554432 (custom)
2025-10-18 02:35:20,450 [main] INFO  netty.NettyUtils (NettyUtils.java:newEventLoopGroup(74)) - Create EpollEventLoopGroup for 9a62809b-fdfc-4381-9988-af166c8b8a89-NettyServerStreamRpc-bossGroup; Thread size is 0.
2025-10-18 02:35:20,451 [main] INFO  netty.NettyUtils (NettyUtils.java:newEventLoopGroup(74)) - Create EpollEventLoopGroup for 9a62809b-fdfc-4381-9988-af166c8b8a89-NettyServerStreamRpc-workerGroup; Thread size is 0.
2025-10-18 02:35:20,452 [main] INFO  server.RaftServerConfigKeys (ConfUtils.java:logGet(62)) - raft.server.storage.dir = [/tmp/junit-10039550340935020629/ratis] (custom)
2025-10-18 02:35:20,452 [9a62809b-fdfc-4381-9988-af166c8b8a89-NettyServerStreamRpc-bossGroup--thread1] INFO  logging.LoggingHandler (AbstractInternalLogger.java:log(148)) - [id: 0x03ffef26] REGISTERED
2025-10-18 02:35:20,453 [9a62809b-fdfc-4381-9988-af166c8b8a89-NettyServerStreamRpc-bossGroup--thread1] INFO  logging.LoggingHandler (AbstractInternalLogger.java:log(148)) - [id: 0x03ffef26] BIND: 0.0.0.0/0.0.0.0:0
2025-10-18 02:35:20,453 [9a62809b-fdfc-4381-9988-af166c8b8a89-NettyServerStreamRpc-bossGroup--thread1] INFO  logging.LoggingHandler (AbstractInternalLogger.java:log(148)) - [id: 0x03ffef26, L:/0.0.0.0:38055] ACTIVE
2025-10-18 02:35:20,453 [9a62809b-fdfc-4381-9988-af166c8b8a89-impl-thread1] INFO  server.RaftServer (RaftServerProxy.java:initGroupDir(270)) - 9a62809b-fdfc-4381-9988-af166c8b8a89: found a subdirectory /tmp/junit-10039550340935020629/ratis/tmp
2025-10-18 02:35:20,453 [9a62809b-fdfc-4381-9988-af166c8b8a89-impl-thread1] INFO  server.RaftServer (RaftServerProxy.java:initGroupDir(275)) - 9a62809b-fdfc-4381-9988-af166c8b8a89: The directory /tmp/junit-10039550340935020629/ratis/tmp is not a group directory; ignoring it. 
2025-10-18 02:35:20,453 [main] INFO  replication.ReplicationServer (ReplicationServer.java:<init>(84)) - Initializing replication server with thread count = 10 queue length = 4096
2025-10-18 02:35:20,454 [LeakDetector-ManagedRocksObject0] WARN  managed.ManagedRocksObjectUtils (HddsUtils.java:reportLeak(902)) - ManagedColumnFamilyOptions is not closed properly
2025-10-18 02:35:20,454 [LeakDetector-ManagedRocksObject0] WARN  managed.ManagedRocksObjectUtils (HddsUtils.java:reportLeak(902)) - ManagedColumnFamilyOptions is not closed properly
2025-10-18 02:35:20,454 [main] INFO  server.XceiverServerGrpc (XceiverServerGrpc.java:<init>(129)) - GrpcServer channel type EpollServerSocketChannel
2025-10-18 02:35:20,455 [main] INFO  replication.ReplicationSupervisor (ReplicationSupervisor.java:build(169)) - Initializing replication supervisor with thread count = 10
2025-10-18 02:35:20,455 [main] INFO  replication.ReplicationSupervisor (ReplicationSupervisor.java:nodeStateUpdated(358)) - Node state updated to IN_SERVICE, scaling executor pool size to 10
2025-10-18 02:35:20,465 [9a62809b-fdfc-4381-9988-af166c8b8a89-ContainerReader-0] INFO  ozoneimpl.ContainerReader (ContainerReader.java:readVolume(147)) - Start to verify containers on volume /tmp/junit-10039550340935020629/e00d1b68-e5ca-41d7-9e35-9b2999e580f6/hdds
2025-10-18 02:35:20,465 [9a62809b-fdfc-4381-9988-af166c8b8a89-ContainerReader-0] INFO  ozoneimpl.ContainerReader (ContainerReader.java:readVolume(177)) - Finish verifying containers on volume /tmp/junit-10039550340935020629/e00d1b68-e5ca-41d7-9e35-9b2999e580f6/hdds
2025-10-18 02:35:20,466 [main] INFO  ozoneimpl.OzoneContainer (OzoneContainer.java:buildContainerSet(359)) - Build ContainerSet costs 0s
2025-10-18 02:35:20,466 [main] INFO  volume.ThrottledAsyncChecker (ThrottledAsyncChecker.java:schedule(138)) - Scheduling a check for /tmp/junit-10039550340935020629/e00d1b68-e5ca-41d7-9e35-9b2999e580f6/hdds
2025-10-18 02:35:20,467 [main] INFO  volume.StorageVolumeChecker (StorageVolumeChecker.java:checkAllVolumes(231)) - Scheduled health check for volume /tmp/junit-10039550340935020629/e00d1b68-e5ca-41d7-9e35-9b2999e580f6/hdds
2025-10-18 02:35:20,467 [main] INFO  volume.ThrottledAsyncChecker (ThrottledAsyncChecker.java:schedule(138)) - Scheduling a check for /tmp/junit-10039550340935020629/ratis
2025-10-18 02:35:20,467 [main] INFO  volume.StorageVolumeChecker (StorageVolumeChecker.java:checkAllVolumes(231)) - Scheduled health check for volume /tmp/junit-10039550340935020629/ratis
2025-10-18 02:35:20,468 [main] INFO  ozoneimpl.OzoneContainer (OzoneContainer.java:start(544)) - Attempting to start container services.
2025-10-18 02:35:20,469 [ContainerMetadataScanner] INFO  ozoneimpl.AbstractBackgroundContainerScanner (AbstractBackgroundContainerScanner.java:runIteration(89)) - Completed an iteration in 0 minutes. Number of iterations (since the data-node restart) : 1, Number of containers scanned in this iteration : 0, Number of unhealthy containers found in this iteration : 0
2025-10-18 02:35:20,469 [ContainerDataScanner(/tmp/junit-10039550340935020629/e00d1b68-e5ca-41d7-9e35-9b2999e580f6/hdds)] INFO  ozoneimpl.AbstractBackgroundContainerScanner (AbstractBackgroundContainerScanner.java:runIteration(89)) - Completed an iteration in 0 minutes. Number of iterations (since the data-node restart) : 1, Number of containers scanned in this iteration : 0, Number of unhealthy containers found in this iteration : 0
2025-10-18 02:35:20,469 [main] INFO  replication.ReplicationServer (ReplicationServer.java:start(137)) - ReplicationServer is started using port 9886
2025-10-18 02:35:20,469 [main] INFO  ratis.XceiverServerRatis (XceiverServerRatis.java:start(559)) - Starting XceiverServerRatis(9a62809b-fdfc-4381-9988-af166c8b8a89)
2025-10-18 02:35:20,472 [main] INFO  server.RaftServer (RaftServerProxy.java:startImpl(412)) - 9a62809b-fdfc-4381-9988-af166c8b8a89: start RPC server
2025-10-18 02:35:20,472 [main] INFO  server.GrpcServicesImpl (GrpcServicesImpl.java:startImpl(346)) - 9a62809b-fdfc-4381-9988-af166c8b8a89: GrpcServicesImpl started, listening on 9858
2025-10-18 02:35:20,473 [main] INFO  ratis.XceiverServerRatis (XceiverServerRatis.java:getRealPort(586)) - XceiverServerRatis(9a62809b-fdfc-4381-9988-af166c8b8a89) is started using port RATIS=9858
2025-10-18 02:35:20,473 [JvmPauseMonitor15] INFO  util.JvmPauseMonitor (JvmPauseMonitor.java:run(146)) - JvmPauseMonitor-9a62809b-fdfc-4381-9988-af166c8b8a89: Started
2025-10-18 02:35:20,473 [main] INFO  ratis.XceiverServerRatis (XceiverServerRatis.java:getRealPort(586)) - XceiverServerRatis(9a62809b-fdfc-4381-9988-af166c8b8a89) is started using port RATIS_ADMIN=9858
2025-10-18 02:35:20,473 [main] INFO  ratis.XceiverServerRatis (XceiverServerRatis.java:getRealPort(586)) - XceiverServerRatis(9a62809b-fdfc-4381-9988-af166c8b8a89) is started using port RATIS_SERVER=9858
2025-10-18 02:35:20,473 [main] INFO  ratis.XceiverServerRatis (XceiverServerRatis.java:getRealPort(586)) - XceiverServerRatis(9a62809b-fdfc-4381-9988-af166c8b8a89) is started using port RATIS_DATASTREAM=38055
2025-10-18 02:35:20,474 [main] INFO  utils.BackgroundService (BackgroundService.java:start(119)) - Starting service BlockDeletingService with interval 60000 milliseconds
2025-10-18 02:35:20,474 [main] INFO  utils.BackgroundService (BackgroundService.java:start(119)) - Starting service StaleRecoveringContainerScrubbingService with interval 60000 milliseconds
2025-10-18 02:35:20,504 [main] INFO  keyvalue.KeyValueContainer (KeyValueContainer.java:flushAndSyncDB(514)) - Synced container: KeyValueContainerData #255325304 (CLOSING, non-empty, ri=0, origin=[dn_9a62809b-fdfc-4381-9988-af166c8b8a89, pipeline_])
2025-10-18 02:35:20,505 [main] INFO  keyvalue.KeyValueContainer (KeyValueContainer.java:flushAndSyncDB(514)) - Synced container: KeyValueContainerData #255325304 (CLOSING, non-empty, ri=0, origin=[dn_9a62809b-fdfc-4381-9988-af166c8b8a89, pipeline_])
2025-10-18 02:35:20,507 [main] INFO  keyvalue.KeyValueContainer (KeyValueContainer.java:close(430)) - Closed container: KeyValueContainerData #255325304 (CLOSED, non-empty, ri=0, origin=[dn_9a62809b-fdfc-4381-9988-af166c8b8a89, pipeline_])
2025-10-18 02:35:20,508 [main] INFO  upgrade.UpgradeFinalizer (BasicUpgradeFinalizer.java:logAndEmit(395)) - Finalization started.
2025-10-18 02:35:20,509 [main] INFO  upgrade.UpgradeFinalizer (BasicUpgradeFinalizer.java:runFinalizationAction(270)) - Running finalization actions for layout feature: DATANODE_SCHEMA_V3
2025-10-18 02:35:20,509 [main] INFO  upgrade.DatanodeSchemaV3FinalizeAction (DatanodeSchemaV3FinalizeAction.java:execute(49)) - Upgrading Datanode volume layout for Schema V3 support.
2025-10-18 02:35:20,557 [main] INFO  utils.DatanodeStoreCache (DatanodeStoreCache.java:addDB(70)) - Added db /tmp/junit-10039550340935020629/e00d1b68-e5ca-41d7-9e35-9b2999e580f6/hdds/clusterID/DS-988de63d-e7fc-44dd-bdf7-6e089fca9399/container.db to cache
2025-10-18 02:35:20,557 [main] INFO  volume.HddsVolume (HddsVolume.java:createDbStore(576)) - SchemaV3 db is created and loaded at /tmp/junit-10039550340935020629/e00d1b68-e5ca-41d7-9e35-9b2999e580f6/hdds/clusterID/DS-988de63d-e7fc-44dd-bdf7-6e089fca9399/container.db for volume DS-988de63d-e7fc-44dd-bdf7-6e089fca9399
2025-10-18 02:35:20,558 [main] INFO  utils.DatanodeStoreCache (DatanodeStoreCache.java:removeDB(104)) - Removed db /tmp/junit-10039550340935020629/e00d1b68-e5ca-41d7-9e35-9b2999e580f6/hdds/clusterID/DS-988de63d-e7fc-44dd-bdf7-6e089fca9399/container.db from cache
2025-10-18 02:35:20,558 [main] INFO  volume.HddsVolume (HddsVolume.java:closeDbStore(609)) - SchemaV3 db is stopped at /tmp/junit-10039550340935020629/e00d1b68-e5ca-41d7-9e35-9b2999e580f6/hdds/clusterID/DS-988de63d-e7fc-44dd-bdf7-6e089fca9399/container.db for volume DS-988de63d-e7fc-44dd-bdf7-6e089fca9399
2025-10-18 02:35:20,579 [ForkJoinPool.commonPool-worker-1] INFO  utils.DatanodeStoreCache (DatanodeStoreCache.java:addDB(70)) - Added db /tmp/junit-10039550340935020629/e00d1b68-e5ca-41d7-9e35-9b2999e580f6/hdds/clusterID/DS-988de63d-e7fc-44dd-bdf7-6e089fca9399/container.db to cache
2025-10-18 02:35:20,579 [ForkJoinPool.commonPool-worker-1] INFO  volume.HddsVolume (HddsVolume.java:loadDbStore(517)) - SchemaV3 db is loaded at /tmp/junit-10039550340935020629/e00d1b68-e5ca-41d7-9e35-9b2999e580f6/hdds/clusterID/DS-988de63d-e7fc-44dd-bdf7-6e089fca9399/container.db for volume DS-988de63d-e7fc-44dd-bdf7-6e089fca9399
2025-10-18 02:35:20,580 [main] INFO  upgrade.DatanodeSchemaV3FinalizeAction (HddsVolumeUtil.java:loadAllHddsVolumeDbStore(102)) - Load 1 volumes DbStore cost: 22ms
2025-10-18 02:35:20,581 [main] INFO  upgrade.AbstractLayoutVersionManager (AbstractLayoutVersionManager.java:finalized(124)) - Layout feature DATANODE_SCHEMA_V3 has been finalized.
2025-10-18 02:35:20,581 [main] INFO  upgrade.UpgradeFinalizer (BasicUpgradeFinalizer.java:logAndEmit(395)) - No onFinalize work defined for feature: RATIS_DATASTREAM_PORT_IN_DATANODEDETAILS.
2025-10-18 02:35:20,582 [main] INFO  upgrade.AbstractLayoutVersionManager (AbstractLayoutVersionManager.java:finalized(124)) - Layout feature RATIS_DATASTREAM_PORT_IN_DATANODEDETAILS has been finalized.
2025-10-18 02:35:20,583 [main] INFO  upgrade.UpgradeFinalizer (BasicUpgradeFinalizer.java:logAndEmit(395)) - No onFinalize work defined for feature: WEBUI_PORTS_IN_DATANODEDETAILS.
2025-10-18 02:35:20,584 [main] INFO  upgrade.AbstractLayoutVersionManager (AbstractLayoutVersionManager.java:finalized(124)) - Layout feature WEBUI_PORTS_IN_DATANODEDETAILS has been finalized.
2025-10-18 02:35:20,584 [main] INFO  upgrade.UpgradeFinalizer (BasicUpgradeFinalizer.java:logAndEmit(395)) - No onFinalize work defined for feature: HADOOP_PRC_PORTS_IN_DATANODEDETAILS.
2025-10-18 02:35:20,585 [main] INFO  upgrade.AbstractLayoutVersionManager (AbstractLayoutVersionManager.java:finalized(124)) - Layout feature HADOOP_PRC_PORTS_IN_DATANODEDETAILS has been finalized.
2025-10-18 02:35:20,585 [main] INFO  upgrade.UpgradeFinalizer (BasicUpgradeFinalizer.java:logAndEmit(395)) - No onFinalize work defined for feature: HBASE_SUPPORT.
2025-10-18 02:35:20,586 [main] INFO  upgrade.AbstractLayoutVersionManager (AbstractLayoutVersionManager.java:finalized(124)) - Layout feature HBASE_SUPPORT has been finalized.
2025-10-18 02:35:20,586 [main] INFO  upgrade.UpgradeFinalizer (BasicUpgradeFinalizer.java:runFinalizationAction(270)) - Running finalization actions for layout feature: WITNESSED_CONTAINER_DB_PROTO_VALUE
2025-10-18 02:35:20,587 [main] INFO  upgrade.ContainerTableSchemaFinalizeAction (ContainerTableSchemaFinalizeAction.java:execute(71)) - Finished copy to containerIdsTable from previous table
2025-10-18 02:35:20,588 [main] INFO  upgrade.AbstractLayoutVersionManager (AbstractLayoutVersionManager.java:finalized(124)) - Layout feature WITNESSED_CONTAINER_DB_PROTO_VALUE has been finalized.
2025-10-18 02:35:20,588 [main] INFO  upgrade.AbstractLayoutVersionManager (AbstractLayoutVersionManager.java:finalized(126)) - Finalization is complete.
2025-10-18 02:35:20,588 [main] INFO  upgrade.UpgradeFinalizer (BasicUpgradeFinalizer.java:logAndEmit(395)) - Finalization is done.
2025-10-18 02:35:20,589 [main] INFO  ipc.Server (Server.java:stop(3697)) - Stopping server on 33777
2025-10-18 02:35:20,590 [IPC Server listener on 33777] INFO  ipc.Server (Server.java:run(1585)) - Stopping IPC Server listener on 33777
2025-10-18 02:35:20,590 [IPC Server Responder] INFO  ipc.Server (Server.java:run(1718)) - Stopping IPC Server Responder
2025-10-18 02:35:20,590 [main] INFO  ozoneimpl.OzoneContainer (OzoneContainer.java:stop(568)) - Attempting to stop container services.
2025-10-18 02:35:20,591 [ContainerMetadataScanner] WARN  ozoneimpl.AbstractBackgroundContainerScanner (AbstractBackgroundContainerScanner.java:handleRemainingSleep(136)) - Background container scan was interrupted.
2025-10-18 02:35:20,591 [ContainerMetadataScanner] INFO  ozoneimpl.AbstractBackgroundContainerScanner (AbstractBackgroundContainerScanner.java:run(63)) - org.apache.hadoop.ozone.container.ozoneimpl.BackgroundContainerMetadataScanner@61a0e569 exiting.
2025-10-18 02:35:20,591 [main] INFO  ozoneimpl.BackgroundContainerDataScanner (BackgroundContainerDataScanner.java:shutdown(87)) - ContainerDataScanner(/tmp/junit-10039550340935020629/e00d1b68-e5ca-41d7-9e35-9b2999e580f6/hdds) is shutting down. 
2025-10-18 02:35:20,591 [ContainerDataScanner(/tmp/junit-10039550340935020629/e00d1b68-e5ca-41d7-9e35-9b2999e580f6/hdds)] WARN  ozoneimpl.AbstractBackgroundContainerScanner (AbstractBackgroundContainerScanner.java:handleRemainingSleep(136)) - Background container scan was interrupted.
2025-10-18 02:35:20,591 [ContainerDataScanner(/tmp/junit-10039550340935020629/e00d1b68-e5ca-41d7-9e35-9b2999e580f6/hdds)] INFO  ozoneimpl.AbstractBackgroundContainerScanner (AbstractBackgroundContainerScanner.java:run(63)) - ContainerDataScanner(/tmp/junit-10039550340935020629/e00d1b68-e5ca-41d7-9e35-9b2999e580f6/hdds, DS-988de63d-e7fc-44dd-bdf7-6e089fca9399) exiting.
2025-10-18 02:35:20,591 [main] INFO  ozoneimpl.OnDemandContainerScanner (OnDemandContainerScanner.java:shutdown(141)) - On-demand container scanner is shutting down.
2025-10-18 02:35:20,592 [main] INFO  ratis.XceiverServerRatis (XceiverServerRatis.java:stop(594)) - Closing XceiverServerRatis(9a62809b-fdfc-4381-9988-af166c8b8a89)
2025-10-18 02:35:20,592 [main] INFO  server.RaftServer (RaftServerProxy.java:lambda$close$9(422)) - 9a62809b-fdfc-4381-9988-af166c8b8a89: close
2025-10-18 02:35:20,592 [main] INFO  server.GrpcServicesImpl (GrpcServicesImpl.java:closeImpl(355)) - 9a62809b-fdfc-4381-9988-af166c8b8a89: shutdown server GrpcServerProtocolService now
2025-10-18 02:35:20,592 [main] INFO  server.GrpcServicesImpl (GrpcServicesImpl.java:closeImpl(364)) - 9a62809b-fdfc-4381-9988-af166c8b8a89: shutdown server GrpcServerProtocolService successfully
2025-10-18 02:35:20,593 [9a62809b-fdfc-4381-9988-af166c8b8a89-NettyServerStreamRpc-bossGroup--thread1] INFO  logging.LoggingHandler (AbstractInternalLogger.java:log(148)) - [id: 0x03ffef26, L:/0.0.0.0:38055] CLOSE
2025-10-18 02:35:20,593 [9a62809b-fdfc-4381-9988-af166c8b8a89-NettyServerStreamRpc-bossGroup--thread1] INFO  logging.LoggingHandler (AbstractInternalLogger.java:log(148)) - [id: 0x03ffef26, L:/0.0.0.0:38055] INACTIVE
2025-10-18 02:35:20,593 [9a62809b-fdfc-4381-9988-af166c8b8a89-NettyServerStreamRpc-bossGroup--thread1] INFO  logging.LoggingHandler (AbstractInternalLogger.java:log(148)) - [id: 0x03ffef26, L:/0.0.0.0:38055] UNREGISTERED
2025-10-18 02:35:20,597 [JvmPauseMonitor15] INFO  util.JvmPauseMonitor (JvmPauseMonitor.java:run(152)) - JvmPauseMonitor-9a62809b-fdfc-4381-9988-af166c8b8a89: Stopped
2025-10-18 02:35:22,601 [main] INFO  volume.HddsVolume (HddsVolume.java:closeDbStore(609)) - SchemaV3 db is stopped at /tmp/junit-10039550340935020629/e00d1b68-e5ca-41d7-9e35-9b2999e580f6/hdds/clusterID/DS-988de63d-e7fc-44dd-bdf7-6e089fca9399/container.db for volume DS-988de63d-e7fc-44dd-bdf7-6e089fca9399
2025-10-18 02:35:22,602 [main] INFO  utils.BackgroundService (BackgroundService.java:shutdown(195)) - Shutting down service BlockDeletingService
2025-10-18 02:35:22,602 [main] INFO  utils.BackgroundService (BackgroundService.java:shutdown(195)) - Shutting down service StaleRecoveringContainerScrubbingService
]]></system-out>
  </testcase>
  <testcase name="testAddDbAndHddsVolumeAfterFinalize(boolean)[1]" classname="org.apache.hadoop.ozone.container.upgrade.TestDatanodeUpgradeToSchemaV3" time="4.21">
    <system-out><![CDATA[2025-10-18 02:35:22,625 [main] INFO  ipc.CallQueueManager (CallQueueManager.java:<init>(93)) - Using callQueue: class java.util.concurrent.LinkedBlockingQueue, queueCapacity: 1000, scheduler: class org.apache.hadoop.ipc.DefaultRpcScheduler, ipcBackoff: false, ipcFailOver: false.
2025-10-18 02:35:22,625 [main] INFO  ipc.Server (Server.java:<init>(1438)) - Listener at localhost:44747
2025-10-18 02:35:22,625 [Socket Reader #1 for port 44747] INFO  ipc.Server (Server.java:run(1474)) - Starting Socket Reader #1 for port 44747
2025-10-18 02:35:22,626 [IPC Server Responder] INFO  ipc.Server (Server.java:run(1713)) - IPC Server Responder: starting
2025-10-18 02:35:22,626 [IPC Server listener on 44747] INFO  ipc.Server (Server.java:run(1553)) - IPC Server listener on 44747: starting
2025-10-18 02:35:22,629 [main] INFO  upgrade.AbstractLayoutVersionManager (AbstractLayoutVersionManager.java:init(80)) - Initializing Layout version manager with metadata layout = ERASURE_CODED_STORAGE_SUPPORT (version = 3), software layout = WITNESSED_CONTAINER_DB_PROTO_VALUE (version = 9)
2025-10-18 02:35:22,630 [main] INFO  upgrade.HDDSLayoutVersionManager (HDDSLayoutVersionManager.java:lambda$registerUpgradeActions$0(81)) - Registering Upgrade Action : DatanodeSchemaV3FinalizeAction
2025-10-18 02:35:22,630 [main] INFO  upgrade.HDDSLayoutVersionManager (HDDSLayoutVersionManager.java:lambda$registerUpgradeActions$0(81)) - Registering Upgrade Action : ContainerTableSchemaFinalizeAction
2025-10-18 02:35:22,630 [main] INFO  statemachine.DatanodeStateMachine (DatanodeStateMachine.java:getEndPointTaskThreadPoolSize(321)) - Datanode State Machine Task Thread Pool size 2
2025-10-18 02:35:22,632 [main] INFO  volume.HddsVolume (HddsVolume.java:<init>(162)) - HddsVolume: { id=68be48d2-7ee0-4d7b-a036-e2a4e874f2a9 dir=/home/runner/work/ozone/ozone/hadoop-hdds/container-service/file:/home/runner/work/ozone/ozone/hadoop-hdds/container-service/target/tmp/dfs/data type=DISK failed }
2025-10-18 02:35:22,632 [main] ERROR volume.MutableVolumeSet (MutableVolumeSet.java:initializeVolumeSet(194)) - Failed to parse the storage location: file:///home/runner/work/ozone/ozone/hadoop-hdds/container-service/target/tmp/dfs/data
org.apache.hadoop.ozone.common.InconsistentStorageStateException: Mismatched DatanodeUUIDs. Version File : /home/runner/work/ozone/ozone/hadoop-hdds/container-service/target/tmp/dfs/data/hdds/VERSION has datanodeUuid: c3d05b50-810d-4b78-be46-d77415fe1b4d and Datanode has datanodeUuid: 4ac93d37-1a41-447d-80d3-6b2973110324
	at org.apache.hadoop.ozone.container.common.utils.StorageVolumeUtil.getDatanodeUUID(StorageVolumeUtil.java:122)
	at org.apache.hadoop.ozone.container.common.volume.StorageVolume.readVersionFile(StorageVolume.java:385)
	at org.apache.hadoop.ozone.container.common.volume.StorageVolume.initializeImpl(StorageVolume.java:240)
	at org.apache.hadoop.ozone.container.common.volume.StorageVolume.initialize(StorageVolume.java:215)
	at org.apache.hadoop.ozone.container.common.volume.HddsVolume.<init>(HddsVolume.java:151)
	at org.apache.hadoop.ozone.container.common.volume.HddsVolume.<init>(HddsVolume.java:80)
	at org.apache.hadoop.ozone.container.common.volume.HddsVolume$Builder.build(HddsVolume.java:130)
	at org.apache.hadoop.ozone.container.common.volume.HddsVolumeFactory.createVolume(HddsVolumeFactory.java:46)
	at org.apache.hadoop.ozone.container.common.volume.MutableVolumeSet.initializeVolumeSet(MutableVolumeSet.java:172)
	at org.apache.hadoop.ozone.container.common.volume.MutableVolumeSet.<init>(MutableVolumeSet.java:130)
	at org.apache.hadoop.ozone.container.common.volume.MutableVolumeSet.<init>(MutableVolumeSet.java:92)
	at org.apache.hadoop.ozone.container.ozoneimpl.OzoneContainer.<init>(OzoneContainer.java:170)
	at org.apache.hadoop.ozone.container.common.statemachine.DatanodeStateMachine.<init>(DatanodeStateMachine.java:191)
	at org.apache.hadoop.ozone.container.common.statemachine.DatanodeStateMachine.<init>(DatanodeStateMachine.java:305)
	at org.apache.hadoop.ozone.container.upgrade.UpgradeTestHelper.startPreFinalizedDatanode(UpgradeTestHelper.java:88)
	at org.apache.hadoop.ozone.container.upgrade.TestDatanodeUpgradeToSchemaV3.testAddDbAndHddsVolumeAfterFinalize(TestDatanodeUpgradeToSchemaV3.java:358)
	at java.base/jdk.internal.reflect.DirectMethodHandleAccessor.invoke(DirectMethodHandleAccessor.java:103)
	at java.base/java.lang.reflect.Method.invoke(Method.java:580)
	at org.junit.platform.commons.util.ReflectionUtils.invokeMethod(ReflectionUtils.java:786)
	at org.junit.platform.commons.support.ReflectionSupport.invokeMethod(ReflectionSupport.java:514)
	at org.junit.jupiter.engine.execution.MethodInvocation.proceed(MethodInvocation.java:60)
	at org.junit.jupiter.engine.execution.InvocationInterceptorChain$ValidatingInvocation.proceed(InvocationInterceptorChain.java:131)
	at org.junit.jupiter.engine.extension.SameThreadTimeoutInvocation.proceed(SameThreadTimeoutInvocation.java:49)
	at org.junit.jupiter.engine.extension.TimeoutExtension.intercept(TimeoutExtension.java:161)
	at org.junit.jupiter.engine.extension.TimeoutExtension.interceptTestableMethod(TimeoutExtension.java:152)
	at org.junit.jupiter.engine.extension.TimeoutExtension.interceptTestTemplateMethod(TimeoutExtension.java:99)
	at org.junit.jupiter.engine.execution.InterceptingExecutableInvoker$ReflectiveInterceptorCall.lambda$ofVoidMethod$0(InterceptingExecutableInvoker.java:112)
	at org.junit.jupiter.engine.execution.InterceptingExecutableInvoker.lambda$invoke$0(InterceptingExecutableInvoker.java:94)
	at org.junit.jupiter.engine.execution.InvocationInterceptorChain$InterceptedInvocation.proceed(InvocationInterceptorChain.java:106)
	at org.junit.jupiter.engine.execution.InvocationInterceptorChain.proceed(InvocationInterceptorChain.java:64)
	at org.junit.jupiter.engine.execution.InvocationInterceptorChain.chainAndInvoke(InvocationInterceptorChain.java:45)
	at org.junit.jupiter.engine.execution.InvocationInterceptorChain.invoke(InvocationInterceptorChain.java:37)
	at org.junit.jupiter.engine.execution.InterceptingExecutableInvoker.invoke(InterceptingExecutableInvoker.java:93)
	at org.junit.jupiter.engine.execution.InterceptingExecutableInvoker.invoke(InterceptingExecutableInvoker.java:87)
	at org.junit.jupiter.engine.descriptor.TestMethodTestDescriptor.lambda$invokeTestMethod$4(TestMethodTestDescriptor.java:221)
	at org.junit.platform.engine.support.hierarchical.ThrowableCollector.execute(ThrowableCollector.java:73)
	at org.junit.jupiter.engine.descriptor.TestMethodTestDescriptor.invokeTestMethod(TestMethodTestDescriptor.java:217)
	at org.junit.jupiter.engine.descriptor.TestMethodTestDescriptor.execute(TestMethodTestDescriptor.java:159)
	at org.junit.jupiter.engine.descriptor.TestMethodTestDescriptor.execute(TestMethodTestDescriptor.java:70)
	at org.junit.platform.engine.support.hierarchical.NodeTestTask.lambda$executeRecursively$6(NodeTestTask.java:157)
	at org.junit.platform.engine.support.hierarchical.ThrowableCollector.execute(ThrowableCollector.java:73)
	at org.junit.platform.engine.support.hierarchical.NodeTestTask.lambda$executeRecursively$8(NodeTestTask.java:147)
	at org.junit.platform.engine.support.hierarchical.Node.around(Node.java:137)
	at org.junit.platform.engine.support.hierarchical.NodeTestTask.lambda$executeRecursively$9(NodeTestTask.java:145)
	at org.junit.platform.engine.support.hierarchical.ThrowableCollector.execute(ThrowableCollector.java:73)
	at org.junit.platform.engine.support.hierarchical.NodeTestTask.executeRecursively(NodeTestTask.java:144)
	at org.junit.platform.engine.support.hierarchical.NodeTestTask.execute(NodeTestTask.java:101)
	at org.junit.platform.engine.support.hierarchical.SameThreadHierarchicalTestExecutorService.submit(SameThreadHierarchicalTestExecutorService.java:35)
	at org.junit.platform.engine.support.hierarchical.NodeTestTask$DefaultDynamicTestExecutor.execute(NodeTestTask.java:232)
	at org.junit.platform.engine.support.hierarchical.NodeTestTask$DefaultDynamicTestExecutor.execute(NodeTestTask.java:210)
	at org.junit.jupiter.engine.descriptor.TemplateExecutor.execute(TemplateExecutor.java:98)
	at org.junit.jupiter.engine.descriptor.TemplateExecutor.lambda$executeForProvider$0(TemplateExecutor.java:61)
	at java.base/java.util.Optional.ifPresent(Optional.java:178)
	at org.junit.jupiter.engine.descriptor.TemplateExecutor.lambda$executeForProvider$1(TemplateExecutor.java:61)
	at java.base/java.util.stream.ForEachOps$ForEachOp$OfRef.accept(ForEachOps.java:184)
	at java.base/java.util.stream.ReferencePipeline$3$1.accept(ReferencePipeline.java:197)
	at java.base/java.util.stream.ForEachOps$ForEachOp$OfRef.accept(ForEachOps.java:184)
	at java.base/java.util.stream.ForEachOps$ForEachOp$OfRef.accept(ForEachOps.java:184)
	at java.base/java.util.stream.ReferencePipeline$3$1.accept(ReferencePipeline.java:197)
	at java.base/java.util.Spliterators$ArraySpliterator.forEachRemaining(Spliterators.java:1024)
	at java.base/java.util.stream.AbstractPipeline.copyInto(AbstractPipeline.java:509)
	at java.base/java.util.stream.AbstractPipeline.wrapAndCopyInto(AbstractPipeline.java:499)
	at java.base/java.util.stream.ForEachOps$ForEachOp.evaluateSequential(ForEachOps.java:151)
	at java.base/java.util.stream.ForEachOps$ForEachOp$OfRef.evaluateSequential(ForEachOps.java:174)
	at java.base/java.util.stream.AbstractPipeline.evaluate(AbstractPipeline.java:234)
	at java.base/java.util.stream.ReferencePipeline.forEach(ReferencePipeline.java:596)
	at java.base/java.util.stream.ReferencePipeline$7$1.accept(ReferencePipeline.java:276)
	at java.base/java.util.ArrayList$ArrayListSpliterator.forEachRemaining(ArrayList.java:1708)
	at java.base/java.util.stream.AbstractPipeline.copyInto(AbstractPipeline.java:509)
	at java.base/java.util.stream.AbstractPipeline.wrapAndCopyInto(AbstractPipeline.java:499)
	at java.base/java.util.stream.ForEachOps$ForEachOp.evaluateSequential(ForEachOps.java:151)
	at java.base/java.util.stream.ForEachOps$ForEachOp$OfRef.evaluateSequential(ForEachOps.java:174)
	at java.base/java.util.stream.AbstractPipeline.evaluate(AbstractPipeline.java:234)
	at java.base/java.util.stream.ReferencePipeline.forEach(ReferencePipeline.java:596)
	at java.base/java.util.stream.ReferencePipeline$7$1.accept(ReferencePipeline.java:276)
	at java.base/java.util.stream.ReferencePipeline$3$1.accept(ReferencePipeline.java:197)
	at java.base/java.util.stream.ReferencePipeline$3$1.accept(ReferencePipeline.java:197)
	at java.base/java.util.stream.ReferencePipeline$3$1.accept(ReferencePipeline.java:197)
	at java.base/java.util.ArrayList$ArrayListSpliterator.forEachRemaining(ArrayList.java:1708)
	at java.base/java.util.stream.AbstractPipeline.copyInto(AbstractPipeline.java:509)
	at java.base/java.util.stream.AbstractPipeline.wrapAndCopyInto(AbstractPipeline.java:499)
	at java.base/java.util.stream.ForEachOps$ForEachOp.evaluateSequential(ForEachOps.java:151)
	at java.base/java.util.stream.ForEachOps$ForEachOp$OfRef.evaluateSequential(ForEachOps.java:174)
	at java.base/java.util.stream.AbstractPipeline.evaluate(AbstractPipeline.java:234)
	at java.base/java.util.stream.ReferencePipeline.forEach(ReferencePipeline.java:596)
	at org.junit.jupiter.engine.descriptor.TemplateExecutor.executeForProvider(TemplateExecutor.java:59)
	at org.junit.jupiter.engine.descriptor.TemplateExecutor.execute(TemplateExecutor.java:48)
	at org.junit.jupiter.engine.descriptor.TestTemplateTestDescriptor.execute(TestTemplateTestDescriptor.java:112)
	at org.junit.jupiter.engine.descriptor.TestTemplateTestDescriptor.execute(TestTemplateTestDescriptor.java:40)
	at org.junit.platform.engine.support.hierarchical.NodeTestTask.lambda$executeRecursively$6(NodeTestTask.java:157)
	at org.junit.platform.engine.support.hierarchical.ThrowableCollector.execute(ThrowableCollector.java:73)
	at org.junit.platform.engine.support.hierarchical.NodeTestTask.lambda$executeRecursively$8(NodeTestTask.java:147)
	at org.junit.platform.engine.support.hierarchical.Node.around(Node.java:137)
	at org.junit.platform.engine.support.hierarchical.NodeTestTask.lambda$executeRecursively$9(NodeTestTask.java:145)
	at org.junit.platform.engine.support.hierarchical.ThrowableCollector.execute(ThrowableCollector.java:73)
	at org.junit.platform.engine.support.hierarchical.NodeTestTask.executeRecursively(NodeTestTask.java:144)
	at org.junit.platform.engine.support.hierarchical.NodeTestTask.execute(NodeTestTask.java:101)
	at java.base/java.util.ArrayList.forEach(ArrayList.java:1596)
	at org.junit.platform.engine.support.hierarchical.SameThreadHierarchicalTestExecutorService.invokeAll(SameThreadHierarchicalTestExecutorService.java:41)
	at org.junit.platform.engine.support.hierarchical.NodeTestTask.lambda$executeRecursively$6(NodeTestTask.java:161)
	at org.junit.platform.engine.support.hierarchical.ThrowableCollector.execute(ThrowableCollector.java:73)
	at org.junit.platform.engine.support.hierarchical.NodeTestTask.lambda$executeRecursively$8(NodeTestTask.java:147)
	at org.junit.platform.engine.support.hierarchical.Node.around(Node.java:137)
	at org.junit.platform.engine.support.hierarchical.NodeTestTask.lambda$executeRecursively$9(NodeTestTask.java:145)
	at org.junit.platform.engine.support.hierarchical.ThrowableCollector.execute(ThrowableCollector.java:73)
	at org.junit.platform.engine.support.hierarchical.NodeTestTask.executeRecursively(NodeTestTask.java:144)
	at org.junit.platform.engine.support.hierarchical.NodeTestTask.execute(NodeTestTask.java:101)
	at java.base/java.util.ArrayList.forEach(ArrayList.java:1596)
	at org.junit.platform.engine.support.hierarchical.SameThreadHierarchicalTestExecutorService.invokeAll(SameThreadHierarchicalTestExecutorService.java:41)
	at org.junit.platform.engine.support.hierarchical.NodeTestTask.lambda$executeRecursively$6(NodeTestTask.java:161)
	at org.junit.platform.engine.support.hierarchical.ThrowableCollector.execute(ThrowableCollector.java:73)
	at org.junit.platform.engine.support.hierarchical.NodeTestTask.lambda$executeRecursively$8(NodeTestTask.java:147)
	at org.junit.platform.engine.support.hierarchical.Node.around(Node.java:137)
	at org.junit.platform.engine.support.hierarchical.NodeTestTask.lambda$executeRecursively$9(NodeTestTask.java:145)
	at org.junit.platform.engine.support.hierarchical.ThrowableCollector.execute(ThrowableCollector.java:73)
	at org.junit.platform.engine.support.hierarchical.NodeTestTask.executeRecursively(NodeTestTask.java:144)
	at org.junit.platform.engine.support.hierarchical.NodeTestTask.execute(NodeTestTask.java:101)
	at org.junit.platform.engine.support.hierarchical.SameThreadHierarchicalTestExecutorService.submit(SameThreadHierarchicalTestExecutorService.java:35)
	at org.junit.platform.engine.support.hierarchical.HierarchicalTestExecutor.execute(HierarchicalTestExecutor.java:57)
	at org.junit.platform.engine.support.hierarchical.HierarchicalTestEngine.execute(HierarchicalTestEngine.java:54)
	at org.junit.platform.launcher.core.EngineExecutionOrchestrator.executeEngine(EngineExecutionOrchestrator.java:230)
	at org.junit.platform.launcher.core.EngineExecutionOrchestrator.failOrExecuteEngine(EngineExecutionOrchestrator.java:204)
	at org.junit.platform.launcher.core.EngineExecutionOrchestrator.execute(EngineExecutionOrchestrator.java:172)
	at org.junit.platform.launcher.core.EngineExecutionOrchestrator.execute(EngineExecutionOrchestrator.java:101)
	at org.junit.platform.launcher.core.EngineExecutionOrchestrator.lambda$execute$0(EngineExecutionOrchestrator.java:64)
	at org.junit.platform.launcher.core.EngineExecutionOrchestrator.withInterceptedStreams(EngineExecutionOrchestrator.java:150)
	at org.junit.platform.launcher.core.EngineExecutionOrchestrator.execute(EngineExecutionOrchestrator.java:63)
	at org.junit.platform.launcher.core.DefaultLauncher.execute(DefaultLauncher.java:109)
	at org.junit.platform.launcher.core.DefaultLauncher.execute(DefaultLauncher.java:91)
	at org.junit.platform.launcher.core.DelegatingLauncher.execute(DelegatingLauncher.java:47)
	at org.junit.platform.launcher.core.InterceptingLauncher.lambda$execute$1(InterceptingLauncher.java:39)
	at org.junit.platform.launcher.core.ClasspathAlignmentCheckingLauncherInterceptor.intercept(ClasspathAlignmentCheckingLauncherInterceptor.java:25)
	at org.junit.platform.launcher.core.InterceptingLauncher.execute(InterceptingLauncher.java:38)
	at org.junit.platform.launcher.core.DelegatingLauncher.execute(DelegatingLauncher.java:47)
	at org.apache.maven.surefire.junitplatform.LazyLauncher.execute(LazyLauncher.java:56)
	at org.apache.maven.surefire.junitplatform.JUnitPlatformProvider.execute(JUnitPlatformProvider.java:184)
	at org.apache.maven.surefire.junitplatform.JUnitPlatformProvider.invokeAllTests(JUnitPlatformProvider.java:148)
	at org.apache.maven.surefire.junitplatform.JUnitPlatformProvider.invoke(JUnitPlatformProvider.java:120)
	at org.apache.maven.surefire.booter.ForkedBooter.runSuitesInProcess(ForkedBooter.java:385)
	at org.apache.maven.surefire.booter.ForkedBooter.execute(ForkedBooter.java:162)
	at org.apache.maven.surefire.booter.ForkedBooter.run(ForkedBooter.java:507)
	at org.apache.maven.surefire.booter.ForkedBooter.main(ForkedBooter.java:495)
2025-10-18 02:35:22,633 [main] INFO  volume.HddsVolume (HddsVolume.java:<init>(162)) - HddsVolume: { id=DS-85fd099d-e781-4edf-98b3-62c0159308b4 dir=/tmp/junit-14904843421932602374/c08152aa-3414-47a0-b449-57da745ff0f5/hdds type=DISK capacity=9222449699674390527 used=0 available=9222449699674390527 minFree=184448985434423296 committed=0 }
2025-10-18 02:35:22,633 [main] INFO  volume.MutableVolumeSet (MutableVolumeSet.java:initializeVolumeSet(175)) - Added Volume : /tmp/junit-14904843421932602374/c08152aa-3414-47a0-b449-57da745ff0f5/hdds to VolumeSet
2025-10-18 02:35:22,633 [main] WARN  server.ServerUtils (ServerUtils.java:getDefaultRatisDirectory(304)) - Storage directory for Ratis is not configured. It is a good idea to map this to an SSD disk. Falling back to ozone.metadata.dirs
2025-10-18 02:35:22,634 [main] INFO  volume.MutableVolumeSet (MutableVolumeSet.java:initializeVolumeSet(175)) - Added Volume : /tmp/junit-14904843421932602374/ratis to VolumeSet
2025-10-18 02:35:22,634 [main] WARN  db.DBStoreBuilder (DBStoreBuilder.java:getDBDirPath(157)) - ozone.scm.datanode.id.dir is not configured. We recommend adding this setting. Falling back to ozone.metadata.dirs instead.
2025-10-18 02:35:22,635 [main] WARN  db.DBStoreBuilder (DBStoreBuilder.java:getDBDirPath(157)) - ozone.scm.datanode.id.dir is not configured. We recommend adding this setting. Falling back to ozone.metadata.dirs instead.
2025-10-18 02:35:22,647 [main] INFO  impl.FilePerChunkStrategy (FilePerChunkStrategy.java:<init>(79)) - ozone.chunk.read.mapped.buffer.max.count is load with 0
2025-10-18 02:35:22,647 [main] INFO  impl.FilePerBlockStrategy (FilePerBlockStrategy.java:<init>(88)) - ozone.chunk.read.mapped.buffer.max.count is load with 0
2025-10-18 02:35:22,648 [main] INFO  server.RaftServerConfigKeys (ConfUtils.java:logGet(62)) - raft.server.log.appender.buffer.byte-limit = 33554432 (custom)
2025-10-18 02:35:22,648 [main] WARN  server.ServerUtils (ServerUtils.java:getDefaultRatisDirectory(304)) - Storage directory for Ratis is not configured. It is a good idea to map this to an SSD disk. Falling back to ozone.metadata.dirs
2025-10-18 02:35:22,649 [main] INFO  grpc.GrpcConfigKeys (ConfUtils.java:logFallback(69)) - raft.grpc.admin.host = null (fallback to raft.grpc.server.host)
2025-10-18 02:35:22,649 [main] INFO  grpc.GrpcConfigKeys (ConfUtils.java:logFallback(69)) - raft.grpc.client.host = null (fallback to raft.grpc.server.host)
2025-10-18 02:35:22,649 [main] INFO  server.GrpcServicesImpl (ConfUtils.java:logGet(62)) - raft.grpc.message.size.max = 34603008 (custom)
2025-10-18 02:35:22,649 [main] INFO  server.GrpcServicesImpl (ConfUtils.java:logGet(62)) - raft.grpc.flow.control.window = 5MB (=5242880) (custom)
2025-10-18 02:35:22,650 [main] INFO  server.RaftServerConfigKeys (ConfUtils.java:logGet(62)) - raft.server.log.appender.buffer.byte-limit = 33554432 (custom)
2025-10-18 02:35:22,650 [main] INFO  netty.NettyUtils (NettyUtils.java:newEventLoopGroup(74)) - Create EpollEventLoopGroup for 4ac93d37-1a41-447d-80d3-6b2973110324-NettyServerStreamRpc-bossGroup; Thread size is 0.
2025-10-18 02:35:22,651 [main] INFO  netty.NettyUtils (NettyUtils.java:newEventLoopGroup(74)) - Create EpollEventLoopGroup for 4ac93d37-1a41-447d-80d3-6b2973110324-NettyServerStreamRpc-workerGroup; Thread size is 0.
2025-10-18 02:35:22,651 [main] INFO  server.RaftServerConfigKeys (ConfUtils.java:logGet(62)) - raft.server.storage.dir = [/tmp/junit-14904843421932602374/ratis] (custom)
2025-10-18 02:35:22,651 [4ac93d37-1a41-447d-80d3-6b2973110324-NettyServerStreamRpc-bossGroup--thread1] INFO  logging.LoggingHandler (AbstractInternalLogger.java:log(148)) - [id: 0x18636074] REGISTERED
2025-10-18 02:35:22,651 [4ac93d37-1a41-447d-80d3-6b2973110324-NettyServerStreamRpc-bossGroup--thread1] INFO  logging.LoggingHandler (AbstractInternalLogger.java:log(148)) - [id: 0x18636074] BIND: 0.0.0.0/0.0.0.0:0
2025-10-18 02:35:22,651 [4ac93d37-1a41-447d-80d3-6b2973110324-NettyServerStreamRpc-bossGroup--thread1] INFO  logging.LoggingHandler (AbstractInternalLogger.java:log(148)) - [id: 0x18636074, L:/0.0.0.0:35553] ACTIVE
2025-10-18 02:35:22,652 [4ac93d37-1a41-447d-80d3-6b2973110324-impl-thread1] INFO  server.RaftServer (RaftServerProxy.java:initGroupDir(270)) - 4ac93d37-1a41-447d-80d3-6b2973110324: found a subdirectory /tmp/junit-14904843421932602374/ratis/tmp
2025-10-18 02:35:22,652 [4ac93d37-1a41-447d-80d3-6b2973110324-impl-thread1] INFO  server.RaftServer (RaftServerProxy.java:initGroupDir(275)) - 4ac93d37-1a41-447d-80d3-6b2973110324: The directory /tmp/junit-14904843421932602374/ratis/tmp is not a group directory; ignoring it. 
2025-10-18 02:35:22,652 [main] INFO  replication.ReplicationServer (ReplicationServer.java:<init>(84)) - Initializing replication server with thread count = 10 queue length = 4096
2025-10-18 02:35:22,652 [main] INFO  server.XceiverServerGrpc (XceiverServerGrpc.java:<init>(129)) - GrpcServer channel type EpollServerSocketChannel
2025-10-18 02:35:22,653 [main] INFO  replication.ReplicationSupervisor (ReplicationSupervisor.java:build(169)) - Initializing replication supervisor with thread count = 10
2025-10-18 02:35:22,653 [main] INFO  replication.ReplicationSupervisor (ReplicationSupervisor.java:nodeStateUpdated(358)) - Node state updated to IN_SERVICE, scaling executor pool size to 10
2025-10-18 02:35:22,660 [4ac93d37-1a41-447d-80d3-6b2973110324-ContainerReader-0] INFO  ozoneimpl.ContainerReader (ContainerReader.java:readVolume(147)) - Start to verify containers on volume /tmp/junit-14904843421932602374/c08152aa-3414-47a0-b449-57da745ff0f5/hdds
2025-10-18 02:35:22,660 [4ac93d37-1a41-447d-80d3-6b2973110324-ContainerReader-0] INFO  ozoneimpl.ContainerReader (ContainerReader.java:readVolume(177)) - Finish verifying containers on volume /tmp/junit-14904843421932602374/c08152aa-3414-47a0-b449-57da745ff0f5/hdds
2025-10-18 02:35:22,661 [main] INFO  ozoneimpl.OzoneContainer (OzoneContainer.java:buildContainerSet(359)) - Build ContainerSet costs 0s
2025-10-18 02:35:22,661 [main] INFO  volume.ThrottledAsyncChecker (ThrottledAsyncChecker.java:schedule(138)) - Scheduling a check for /tmp/junit-14904843421932602374/c08152aa-3414-47a0-b449-57da745ff0f5/hdds
2025-10-18 02:35:22,662 [main] INFO  volume.StorageVolumeChecker (StorageVolumeChecker.java:checkAllVolumes(231)) - Scheduled health check for volume /tmp/junit-14904843421932602374/c08152aa-3414-47a0-b449-57da745ff0f5/hdds
2025-10-18 02:35:22,663 [main] INFO  volume.ThrottledAsyncChecker (ThrottledAsyncChecker.java:schedule(138)) - Scheduling a check for /tmp/junit-14904843421932602374/ratis
2025-10-18 02:35:22,663 [main] INFO  volume.StorageVolumeChecker (StorageVolumeChecker.java:checkAllVolumes(231)) - Scheduled health check for volume /tmp/junit-14904843421932602374/ratis
2025-10-18 02:35:22,664 [main] INFO  ozoneimpl.OzoneContainer (OzoneContainer.java:start(544)) - Attempting to start container services.
2025-10-18 02:35:22,664 [ContainerMetadataScanner] INFO  ozoneimpl.AbstractBackgroundContainerScanner (AbstractBackgroundContainerScanner.java:runIteration(89)) - Completed an iteration in 0 minutes. Number of iterations (since the data-node restart) : 1, Number of containers scanned in this iteration : 0, Number of unhealthy containers found in this iteration : 0
2025-10-18 02:35:22,665 [ContainerDataScanner(/tmp/junit-14904843421932602374/c08152aa-3414-47a0-b449-57da745ff0f5/hdds)] INFO  ozoneimpl.AbstractBackgroundContainerScanner (AbstractBackgroundContainerScanner.java:runIteration(89)) - Completed an iteration in 0 minutes. Number of iterations (since the data-node restart) : 1, Number of containers scanned in this iteration : 0, Number of unhealthy containers found in this iteration : 0
2025-10-18 02:35:22,665 [main] INFO  replication.ReplicationServer (ReplicationServer.java:start(137)) - ReplicationServer is started using port 9886
2025-10-18 02:35:22,666 [main] INFO  ratis.XceiverServerRatis (XceiverServerRatis.java:start(559)) - Starting XceiverServerRatis(4ac93d37-1a41-447d-80d3-6b2973110324)
2025-10-18 02:35:22,668 [main] INFO  server.RaftServer (RaftServerProxy.java:startImpl(412)) - 4ac93d37-1a41-447d-80d3-6b2973110324: start RPC server
2025-10-18 02:35:22,669 [main] INFO  server.GrpcServicesImpl (GrpcServicesImpl.java:startImpl(346)) - 4ac93d37-1a41-447d-80d3-6b2973110324: GrpcServicesImpl started, listening on 9858
2025-10-18 02:35:22,669 [main] INFO  ratis.XceiverServerRatis (XceiverServerRatis.java:getRealPort(586)) - XceiverServerRatis(4ac93d37-1a41-447d-80d3-6b2973110324) is started using port RATIS=9858
2025-10-18 02:35:22,670 [main] INFO  ratis.XceiverServerRatis (XceiverServerRatis.java:getRealPort(586)) - XceiverServerRatis(4ac93d37-1a41-447d-80d3-6b2973110324) is started using port RATIS_ADMIN=9858
2025-10-18 02:35:22,670 [main] INFO  ratis.XceiverServerRatis (XceiverServerRatis.java:getRealPort(586)) - XceiverServerRatis(4ac93d37-1a41-447d-80d3-6b2973110324) is started using port RATIS_SERVER=9858
2025-10-18 02:35:22,670 [main] INFO  ratis.XceiverServerRatis (XceiverServerRatis.java:getRealPort(586)) - XceiverServerRatis(4ac93d37-1a41-447d-80d3-6b2973110324) is started using port RATIS_DATASTREAM=35553
2025-10-18 02:35:22,669 [JvmPauseMonitor16] INFO  util.JvmPauseMonitor (JvmPauseMonitor.java:run(146)) - JvmPauseMonitor-4ac93d37-1a41-447d-80d3-6b2973110324: Started
2025-10-18 02:35:22,671 [main] INFO  utils.BackgroundService (BackgroundService.java:start(119)) - Starting service BlockDeletingService with interval 60000 milliseconds
2025-10-18 02:35:22,671 [main] INFO  utils.BackgroundService (BackgroundService.java:start(119)) - Starting service StaleRecoveringContainerScrubbingService with interval 60000 milliseconds
2025-10-18 02:35:22,672 [main] INFO  upgrade.UpgradeFinalizer (BasicUpgradeFinalizer.java:logAndEmit(395)) - Finalization started.
2025-10-18 02:35:22,672 [main] INFO  upgrade.UpgradeFinalizer (BasicUpgradeFinalizer.java:runFinalizationAction(270)) - Running finalization actions for layout feature: DATANODE_SCHEMA_V3
2025-10-18 02:35:22,672 [main] INFO  upgrade.DatanodeSchemaV3FinalizeAction (DatanodeSchemaV3FinalizeAction.java:execute(49)) - Upgrading Datanode volume layout for Schema V3 support.
2025-10-18 02:35:22,693 [main] INFO  utils.DatanodeStoreCache (DatanodeStoreCache.java:addDB(70)) - Added db /tmp/junit-14904843421932602374/c08152aa-3414-47a0-b449-57da745ff0f5/hdds/clusterID/DS-46c2b89b-dea9-485c-9c17-8d9f7bbeb158/container.db to cache
2025-10-18 02:35:22,693 [main] INFO  volume.HddsVolume (HddsVolume.java:createDbStore(576)) - SchemaV3 db is created and loaded at /tmp/junit-14904843421932602374/c08152aa-3414-47a0-b449-57da745ff0f5/hdds/clusterID/DS-46c2b89b-dea9-485c-9c17-8d9f7bbeb158/container.db for volume DS-46c2b89b-dea9-485c-9c17-8d9f7bbeb158
2025-10-18 02:35:22,694 [main] INFO  utils.DatanodeStoreCache (DatanodeStoreCache.java:removeDB(104)) - Removed db /tmp/junit-14904843421932602374/c08152aa-3414-47a0-b449-57da745ff0f5/hdds/clusterID/DS-46c2b89b-dea9-485c-9c17-8d9f7bbeb158/container.db from cache
2025-10-18 02:35:22,694 [main] INFO  volume.HddsVolume (HddsVolume.java:closeDbStore(609)) - SchemaV3 db is stopped at /tmp/junit-14904843421932602374/c08152aa-3414-47a0-b449-57da745ff0f5/hdds/clusterID/DS-46c2b89b-dea9-485c-9c17-8d9f7bbeb158/container.db for volume DS-46c2b89b-dea9-485c-9c17-8d9f7bbeb158
2025-10-18 02:35:22,694 [main] INFO  upgrade.DatanodeSchemaV3FinalizeAction (DatanodeSchemaV3FinalizeAction.java:execute(75)) - Schema V3 is disabled. Won't load RocksDB in upgrade.
2025-10-18 02:35:22,696 [main] INFO  upgrade.AbstractLayoutVersionManager (AbstractLayoutVersionManager.java:finalized(124)) - Layout feature DATANODE_SCHEMA_V3 has been finalized.
2025-10-18 02:35:22,696 [main] INFO  upgrade.UpgradeFinalizer (BasicUpgradeFinalizer.java:logAndEmit(395)) - No onFinalize work defined for feature: RATIS_DATASTREAM_PORT_IN_DATANODEDETAILS.
2025-10-18 02:35:22,697 [main] INFO  upgrade.AbstractLayoutVersionManager (AbstractLayoutVersionManager.java:finalized(124)) - Layout feature RATIS_DATASTREAM_PORT_IN_DATANODEDETAILS has been finalized.
2025-10-18 02:35:22,697 [main] INFO  upgrade.UpgradeFinalizer (BasicUpgradeFinalizer.java:logAndEmit(395)) - No onFinalize work defined for feature: WEBUI_PORTS_IN_DATANODEDETAILS.
2025-10-18 02:35:22,698 [main] INFO  upgrade.AbstractLayoutVersionManager (AbstractLayoutVersionManager.java:finalized(124)) - Layout feature WEBUI_PORTS_IN_DATANODEDETAILS has been finalized.
2025-10-18 02:35:22,698 [main] INFO  upgrade.UpgradeFinalizer (BasicUpgradeFinalizer.java:logAndEmit(395)) - No onFinalize work defined for feature: HADOOP_PRC_PORTS_IN_DATANODEDETAILS.
2025-10-18 02:35:22,699 [main] INFO  upgrade.AbstractLayoutVersionManager (AbstractLayoutVersionManager.java:finalized(124)) - Layout feature HADOOP_PRC_PORTS_IN_DATANODEDETAILS has been finalized.
2025-10-18 02:35:22,699 [main] INFO  upgrade.UpgradeFinalizer (BasicUpgradeFinalizer.java:logAndEmit(395)) - No onFinalize work defined for feature: HBASE_SUPPORT.
2025-10-18 02:35:22,700 [main] INFO  upgrade.AbstractLayoutVersionManager (AbstractLayoutVersionManager.java:finalized(124)) - Layout feature HBASE_SUPPORT has been finalized.
2025-10-18 02:35:22,700 [main] INFO  upgrade.UpgradeFinalizer (BasicUpgradeFinalizer.java:runFinalizationAction(270)) - Running finalization actions for layout feature: WITNESSED_CONTAINER_DB_PROTO_VALUE
2025-10-18 02:35:22,701 [main] INFO  upgrade.ContainerTableSchemaFinalizeAction (ContainerTableSchemaFinalizeAction.java:execute(71)) - Finished copy to containerIdsTable from previous table
2025-10-18 02:35:22,702 [main] INFO  upgrade.AbstractLayoutVersionManager (AbstractLayoutVersionManager.java:finalized(124)) - Layout feature WITNESSED_CONTAINER_DB_PROTO_VALUE has been finalized.
2025-10-18 02:35:22,702 [main] INFO  upgrade.AbstractLayoutVersionManager (AbstractLayoutVersionManager.java:finalized(126)) - Finalization is complete.
2025-10-18 02:35:22,702 [main] INFO  upgrade.UpgradeFinalizer (BasicUpgradeFinalizer.java:logAndEmit(395)) - Finalization is done.
2025-10-18 02:35:22,703 [main] INFO  ozoneimpl.OzoneContainer (OzoneContainer.java:stop(568)) - Attempting to stop container services.
2025-10-18 02:35:22,703 [ContainerMetadataScanner] WARN  ozoneimpl.AbstractBackgroundContainerScanner (AbstractBackgroundContainerScanner.java:handleRemainingSleep(136)) - Background container scan was interrupted.
2025-10-18 02:35:22,703 [ContainerMetadataScanner] INFO  ozoneimpl.AbstractBackgroundContainerScanner (AbstractBackgroundContainerScanner.java:run(63)) - org.apache.hadoop.ozone.container.ozoneimpl.BackgroundContainerMetadataScanner@25f10da1 exiting.
2025-10-18 02:35:22,703 [main] INFO  ozoneimpl.BackgroundContainerDataScanner (BackgroundContainerDataScanner.java:shutdown(87)) - ContainerDataScanner(/tmp/junit-14904843421932602374/c08152aa-3414-47a0-b449-57da745ff0f5/hdds) is shutting down. 
2025-10-18 02:35:22,703 [ContainerDataScanner(/tmp/junit-14904843421932602374/c08152aa-3414-47a0-b449-57da745ff0f5/hdds)] WARN  ozoneimpl.AbstractBackgroundContainerScanner (AbstractBackgroundContainerScanner.java:handleRemainingSleep(136)) - Background container scan was interrupted.
2025-10-18 02:35:22,703 [ContainerDataScanner(/tmp/junit-14904843421932602374/c08152aa-3414-47a0-b449-57da745ff0f5/hdds)] INFO  ozoneimpl.AbstractBackgroundContainerScanner (AbstractBackgroundContainerScanner.java:run(63)) - ContainerDataScanner(/tmp/junit-14904843421932602374/c08152aa-3414-47a0-b449-57da745ff0f5/hdds, DS-46c2b89b-dea9-485c-9c17-8d9f7bbeb158) exiting.
2025-10-18 02:35:22,704 [main] INFO  ozoneimpl.OnDemandContainerScanner (OnDemandContainerScanner.java:shutdown(141)) - On-demand container scanner is shutting down.
2025-10-18 02:35:22,704 [main] INFO  ratis.XceiverServerRatis (XceiverServerRatis.java:stop(594)) - Closing XceiverServerRatis(4ac93d37-1a41-447d-80d3-6b2973110324)
2025-10-18 02:35:22,704 [main] INFO  server.RaftServer (RaftServerProxy.java:lambda$close$9(422)) - 4ac93d37-1a41-447d-80d3-6b2973110324: close
2025-10-18 02:35:22,704 [main] INFO  server.GrpcServicesImpl (GrpcServicesImpl.java:closeImpl(355)) - 4ac93d37-1a41-447d-80d3-6b2973110324: shutdown server GrpcServerProtocolService now
2025-10-18 02:35:22,704 [main] INFO  server.GrpcServicesImpl (GrpcServicesImpl.java:closeImpl(364)) - 4ac93d37-1a41-447d-80d3-6b2973110324: shutdown server GrpcServerProtocolService successfully
2025-10-18 02:35:22,705 [4ac93d37-1a41-447d-80d3-6b2973110324-NettyServerStreamRpc-bossGroup--thread1] INFO  logging.LoggingHandler (AbstractInternalLogger.java:log(148)) - [id: 0x18636074, L:/0.0.0.0:35553] CLOSE
2025-10-18 02:35:22,705 [4ac93d37-1a41-447d-80d3-6b2973110324-NettyServerStreamRpc-bossGroup--thread1] INFO  logging.LoggingHandler (AbstractInternalLogger.java:log(148)) - [id: 0x18636074, L:/0.0.0.0:35553] INACTIVE
2025-10-18 02:35:22,705 [4ac93d37-1a41-447d-80d3-6b2973110324-NettyServerStreamRpc-bossGroup--thread1] INFO  logging.LoggingHandler (AbstractInternalLogger.java:log(148)) - [id: 0x18636074, L:/0.0.0.0:35553] UNREGISTERED
2025-10-18 02:35:22,712 [JvmPauseMonitor16] INFO  util.JvmPauseMonitor (JvmPauseMonitor.java:run(152)) - JvmPauseMonitor-4ac93d37-1a41-447d-80d3-6b2973110324: Stopped
2025-10-18 02:35:24,715 [main] INFO  utils.BackgroundService (BackgroundService.java:shutdown(195)) - Shutting down service BlockDeletingService
2025-10-18 02:35:24,716 [main] INFO  utils.BackgroundService (BackgroundService.java:shutdown(195)) - Shutting down service StaleRecoveringContainerScrubbingService
2025-10-18 02:35:24,717 [main] INFO  upgrade.AbstractLayoutVersionManager (AbstractLayoutVersionManager.java:init(80)) - Initializing Layout version manager with metadata layout = WITNESSED_CONTAINER_DB_PROTO_VALUE (version = 9), software layout = WITNESSED_CONTAINER_DB_PROTO_VALUE (version = 9)
2025-10-18 02:35:24,718 [main] INFO  statemachine.DatanodeStateMachine (DatanodeStateMachine.java:getEndPointTaskThreadPoolSize(321)) - Datanode State Machine Task Thread Pool size 2
2025-10-18 02:35:24,720 [main] INFO  volume.HddsVolume (HddsVolume.java:<init>(162)) - HddsVolume: { id=b093ed29-f0fb-4481-b6d7-c52ea0c167e8 dir=/home/runner/work/ozone/ozone/hadoop-hdds/container-service/file:/home/runner/work/ozone/ozone/hadoop-hdds/container-service/target/tmp/dfs/data type=DISK failed }
2025-10-18 02:35:24,721 [main] ERROR volume.MutableVolumeSet (MutableVolumeSet.java:initializeVolumeSet(194)) - Failed to parse the storage location: file:///home/runner/work/ozone/ozone/hadoop-hdds/container-service/target/tmp/dfs/data
org.apache.hadoop.ozone.common.InconsistentStorageStateException: Mismatched DatanodeUUIDs. Version File : /home/runner/work/ozone/ozone/hadoop-hdds/container-service/target/tmp/dfs/data/hdds/VERSION has datanodeUuid: c3d05b50-810d-4b78-be46-d77415fe1b4d and Datanode has datanodeUuid: 4ac93d37-1a41-447d-80d3-6b2973110324
	at org.apache.hadoop.ozone.container.common.utils.StorageVolumeUtil.getDatanodeUUID(StorageVolumeUtil.java:122)
	at org.apache.hadoop.ozone.container.common.volume.StorageVolume.readVersionFile(StorageVolume.java:385)
	at org.apache.hadoop.ozone.container.common.volume.StorageVolume.initializeImpl(StorageVolume.java:240)
	at org.apache.hadoop.ozone.container.common.volume.StorageVolume.initialize(StorageVolume.java:215)
	at org.apache.hadoop.ozone.container.common.volume.HddsVolume.<init>(HddsVolume.java:151)
	at org.apache.hadoop.ozone.container.common.volume.HddsVolume.<init>(HddsVolume.java:80)
	at org.apache.hadoop.ozone.container.common.volume.HddsVolume$Builder.build(HddsVolume.java:130)
	at org.apache.hadoop.ozone.container.common.volume.HddsVolumeFactory.createVolume(HddsVolumeFactory.java:46)
	at org.apache.hadoop.ozone.container.common.volume.MutableVolumeSet.initializeVolumeSet(MutableVolumeSet.java:172)
	at org.apache.hadoop.ozone.container.common.volume.MutableVolumeSet.<init>(MutableVolumeSet.java:130)
	at org.apache.hadoop.ozone.container.common.volume.MutableVolumeSet.<init>(MutableVolumeSet.java:92)
	at org.apache.hadoop.ozone.container.ozoneimpl.OzoneContainer.<init>(OzoneContainer.java:170)
	at org.apache.hadoop.ozone.container.common.statemachine.DatanodeStateMachine.<init>(DatanodeStateMachine.java:191)
	at org.apache.hadoop.ozone.container.common.statemachine.DatanodeStateMachine.<init>(DatanodeStateMachine.java:305)
	at org.apache.hadoop.ozone.container.upgrade.UpgradeTestHelper.restartDatanode(UpgradeTestHelper.java:108)
	at org.apache.hadoop.ozone.container.upgrade.TestDatanodeUpgradeToSchemaV3.testAddDbAndHddsVolumeAfterFinalize(TestDatanodeUpgradeToSchemaV3.java:364)
	at java.base/jdk.internal.reflect.DirectMethodHandleAccessor.invoke(DirectMethodHandleAccessor.java:103)
	at java.base/java.lang.reflect.Method.invoke(Method.java:580)
	at org.junit.platform.commons.util.ReflectionUtils.invokeMethod(ReflectionUtils.java:786)
	at org.junit.platform.commons.support.ReflectionSupport.invokeMethod(ReflectionSupport.java:514)
	at org.junit.jupiter.engine.execution.MethodInvocation.proceed(MethodInvocation.java:60)
	at org.junit.jupiter.engine.execution.InvocationInterceptorChain$ValidatingInvocation.proceed(InvocationInterceptorChain.java:131)
	at org.junit.jupiter.engine.extension.SameThreadTimeoutInvocation.proceed(SameThreadTimeoutInvocation.java:49)
	at org.junit.jupiter.engine.extension.TimeoutExtension.intercept(TimeoutExtension.java:161)
	at org.junit.jupiter.engine.extension.TimeoutExtension.interceptTestableMethod(TimeoutExtension.java:152)
	at org.junit.jupiter.engine.extension.TimeoutExtension.interceptTestTemplateMethod(TimeoutExtension.java:99)
	at org.junit.jupiter.engine.execution.InterceptingExecutableInvoker$ReflectiveInterceptorCall.lambda$ofVoidMethod$0(InterceptingExecutableInvoker.java:112)
	at org.junit.jupiter.engine.execution.InterceptingExecutableInvoker.lambda$invoke$0(InterceptingExecutableInvoker.java:94)
	at org.junit.jupiter.engine.execution.InvocationInterceptorChain$InterceptedInvocation.proceed(InvocationInterceptorChain.java:106)
	at org.junit.jupiter.engine.execution.InvocationInterceptorChain.proceed(InvocationInterceptorChain.java:64)
	at org.junit.jupiter.engine.execution.InvocationInterceptorChain.chainAndInvoke(InvocationInterceptorChain.java:45)
	at org.junit.jupiter.engine.execution.InvocationInterceptorChain.invoke(InvocationInterceptorChain.java:37)
	at org.junit.jupiter.engine.execution.InterceptingExecutableInvoker.invoke(InterceptingExecutableInvoker.java:93)
	at org.junit.jupiter.engine.execution.InterceptingExecutableInvoker.invoke(InterceptingExecutableInvoker.java:87)
	at org.junit.jupiter.engine.descriptor.TestMethodTestDescriptor.lambda$invokeTestMethod$4(TestMethodTestDescriptor.java:221)
	at org.junit.platform.engine.support.hierarchical.ThrowableCollector.execute(ThrowableCollector.java:73)
	at org.junit.jupiter.engine.descriptor.TestMethodTestDescriptor.invokeTestMethod(TestMethodTestDescriptor.java:217)
	at org.junit.jupiter.engine.descriptor.TestMethodTestDescriptor.execute(TestMethodTestDescriptor.java:159)
	at org.junit.jupiter.engine.descriptor.TestMethodTestDescriptor.execute(TestMethodTestDescriptor.java:70)
	at org.junit.platform.engine.support.hierarchical.NodeTestTask.lambda$executeRecursively$6(NodeTestTask.java:157)
	at org.junit.platform.engine.support.hierarchical.ThrowableCollector.execute(ThrowableCollector.java:73)
	at org.junit.platform.engine.support.hierarchical.NodeTestTask.lambda$executeRecursively$8(NodeTestTask.java:147)
	at org.junit.platform.engine.support.hierarchical.Node.around(Node.java:137)
	at org.junit.platform.engine.support.hierarchical.NodeTestTask.lambda$executeRecursively$9(NodeTestTask.java:145)
	at org.junit.platform.engine.support.hierarchical.ThrowableCollector.execute(ThrowableCollector.java:73)
	at org.junit.platform.engine.support.hierarchical.NodeTestTask.executeRecursively(NodeTestTask.java:144)
	at org.junit.platform.engine.support.hierarchical.NodeTestTask.execute(NodeTestTask.java:101)
	at org.junit.platform.engine.support.hierarchical.SameThreadHierarchicalTestExecutorService.submit(SameThreadHierarchicalTestExecutorService.java:35)
	at org.junit.platform.engine.support.hierarchical.NodeTestTask$DefaultDynamicTestExecutor.execute(NodeTestTask.java:232)
	at org.junit.platform.engine.support.hierarchical.NodeTestTask$DefaultDynamicTestExecutor.execute(NodeTestTask.java:210)
	at org.junit.jupiter.engine.descriptor.TemplateExecutor.execute(TemplateExecutor.java:98)
	at org.junit.jupiter.engine.descriptor.TemplateExecutor.lambda$executeForProvider$0(TemplateExecutor.java:61)
	at java.base/java.util.Optional.ifPresent(Optional.java:178)
	at org.junit.jupiter.engine.descriptor.TemplateExecutor.lambda$executeForProvider$1(TemplateExecutor.java:61)
	at java.base/java.util.stream.ForEachOps$ForEachOp$OfRef.accept(ForEachOps.java:184)
	at java.base/java.util.stream.ReferencePipeline$3$1.accept(ReferencePipeline.java:197)
	at java.base/java.util.stream.ForEachOps$ForEachOp$OfRef.accept(ForEachOps.java:184)
	at java.base/java.util.stream.ForEachOps$ForEachOp$OfRef.accept(ForEachOps.java:184)
	at java.base/java.util.stream.ReferencePipeline$3$1.accept(ReferencePipeline.java:197)
	at java.base/java.util.Spliterators$ArraySpliterator.forEachRemaining(Spliterators.java:1024)
	at java.base/java.util.stream.AbstractPipeline.copyInto(AbstractPipeline.java:509)
	at java.base/java.util.stream.AbstractPipeline.wrapAndCopyInto(AbstractPipeline.java:499)
	at java.base/java.util.stream.ForEachOps$ForEachOp.evaluateSequential(ForEachOps.java:151)
	at java.base/java.util.stream.ForEachOps$ForEachOp$OfRef.evaluateSequential(ForEachOps.java:174)
	at java.base/java.util.stream.AbstractPipeline.evaluate(AbstractPipeline.java:234)
	at java.base/java.util.stream.ReferencePipeline.forEach(ReferencePipeline.java:596)
	at java.base/java.util.stream.ReferencePipeline$7$1.accept(ReferencePipeline.java:276)
	at java.base/java.util.ArrayList$ArrayListSpliterator.forEachRemaining(ArrayList.java:1708)
	at java.base/java.util.stream.AbstractPipeline.copyInto(AbstractPipeline.java:509)
	at java.base/java.util.stream.AbstractPipeline.wrapAndCopyInto(AbstractPipeline.java:499)
	at java.base/java.util.stream.ForEachOps$ForEachOp.evaluateSequential(ForEachOps.java:151)
	at java.base/java.util.stream.ForEachOps$ForEachOp$OfRef.evaluateSequential(ForEachOps.java:174)
	at java.base/java.util.stream.AbstractPipeline.evaluate(AbstractPipeline.java:234)
	at java.base/java.util.stream.ReferencePipeline.forEach(ReferencePipeline.java:596)
	at java.base/java.util.stream.ReferencePipeline$7$1.accept(ReferencePipeline.java:276)
	at java.base/java.util.stream.ReferencePipeline$3$1.accept(ReferencePipeline.java:197)
	at java.base/java.util.stream.ReferencePipeline$3$1.accept(ReferencePipeline.java:197)
	at java.base/java.util.stream.ReferencePipeline$3$1.accept(ReferencePipeline.java:197)
	at java.base/java.util.ArrayList$ArrayListSpliterator.forEachRemaining(ArrayList.java:1708)
	at java.base/java.util.stream.AbstractPipeline.copyInto(AbstractPipeline.java:509)
	at java.base/java.util.stream.AbstractPipeline.wrapAndCopyInto(AbstractPipeline.java:499)
	at java.base/java.util.stream.ForEachOps$ForEachOp.evaluateSequential(ForEachOps.java:151)
	at java.base/java.util.stream.ForEachOps$ForEachOp$OfRef.evaluateSequential(ForEachOps.java:174)
	at java.base/java.util.stream.AbstractPipeline.evaluate(AbstractPipeline.java:234)
	at java.base/java.util.stream.ReferencePipeline.forEach(ReferencePipeline.java:596)
	at org.junit.jupiter.engine.descriptor.TemplateExecutor.executeForProvider(TemplateExecutor.java:59)
	at org.junit.jupiter.engine.descriptor.TemplateExecutor.execute(TemplateExecutor.java:48)
	at org.junit.jupiter.engine.descriptor.TestTemplateTestDescriptor.execute(TestTemplateTestDescriptor.java:112)
	at org.junit.jupiter.engine.descriptor.TestTemplateTestDescriptor.execute(TestTemplateTestDescriptor.java:40)
	at org.junit.platform.engine.support.hierarchical.NodeTestTask.lambda$executeRecursively$6(NodeTestTask.java:157)
	at org.junit.platform.engine.support.hierarchical.ThrowableCollector.execute(ThrowableCollector.java:73)
	at org.junit.platform.engine.support.hierarchical.NodeTestTask.lambda$executeRecursively$8(NodeTestTask.java:147)
	at org.junit.platform.engine.support.hierarchical.Node.around(Node.java:137)
	at org.junit.platform.engine.support.hierarchical.NodeTestTask.lambda$executeRecursively$9(NodeTestTask.java:145)
	at org.junit.platform.engine.support.hierarchical.ThrowableCollector.execute(ThrowableCollector.java:73)
	at org.junit.platform.engine.support.hierarchical.NodeTestTask.executeRecursively(NodeTestTask.java:144)
	at org.junit.platform.engine.support.hierarchical.NodeTestTask.execute(NodeTestTask.java:101)
	at java.base/java.util.ArrayList.forEach(ArrayList.java:1596)
	at org.junit.platform.engine.support.hierarchical.SameThreadHierarchicalTestExecutorService.invokeAll(SameThreadHierarchicalTestExecutorService.java:41)
	at org.junit.platform.engine.support.hierarchical.NodeTestTask.lambda$executeRecursively$6(NodeTestTask.java:161)
	at org.junit.platform.engine.support.hierarchical.ThrowableCollector.execute(ThrowableCollector.java:73)
	at org.junit.platform.engine.support.hierarchical.NodeTestTask.lambda$executeRecursively$8(NodeTestTask.java:147)
	at org.junit.platform.engine.support.hierarchical.Node.around(Node.java:137)
	at org.junit.platform.engine.support.hierarchical.NodeTestTask.lambda$executeRecursively$9(NodeTestTask.java:145)
	at org.junit.platform.engine.support.hierarchical.ThrowableCollector.execute(ThrowableCollector.java:73)
	at org.junit.platform.engine.support.hierarchical.NodeTestTask.executeRecursively(NodeTestTask.java:144)
	at org.junit.platform.engine.support.hierarchical.NodeTestTask.execute(NodeTestTask.java:101)
	at java.base/java.util.ArrayList.forEach(ArrayList.java:1596)
	at org.junit.platform.engine.support.hierarchical.SameThreadHierarchicalTestExecutorService.invokeAll(SameThreadHierarchicalTestExecutorService.java:41)
	at org.junit.platform.engine.support.hierarchical.NodeTestTask.lambda$executeRecursively$6(NodeTestTask.java:161)
	at org.junit.platform.engine.support.hierarchical.ThrowableCollector.execute(ThrowableCollector.java:73)
	at org.junit.platform.engine.support.hierarchical.NodeTestTask.lambda$executeRecursively$8(NodeTestTask.java:147)
	at org.junit.platform.engine.support.hierarchical.Node.around(Node.java:137)
	at org.junit.platform.engine.support.hierarchical.NodeTestTask.lambda$executeRecursively$9(NodeTestTask.java:145)
	at org.junit.platform.engine.support.hierarchical.ThrowableCollector.execute(ThrowableCollector.java:73)
	at org.junit.platform.engine.support.hierarchical.NodeTestTask.executeRecursively(NodeTestTask.java:144)
	at org.junit.platform.engine.support.hierarchical.NodeTestTask.execute(NodeTestTask.java:101)
	at org.junit.platform.engine.support.hierarchical.SameThreadHierarchicalTestExecutorService.submit(SameThreadHierarchicalTestExecutorService.java:35)
	at org.junit.platform.engine.support.hierarchical.HierarchicalTestExecutor.execute(HierarchicalTestExecutor.java:57)
	at org.junit.platform.engine.support.hierarchical.HierarchicalTestEngine.execute(HierarchicalTestEngine.java:54)
	at org.junit.platform.launcher.core.EngineExecutionOrchestrator.executeEngine(EngineExecutionOrchestrator.java:230)
	at org.junit.platform.launcher.core.EngineExecutionOrchestrator.failOrExecuteEngine(EngineExecutionOrchestrator.java:204)
	at org.junit.platform.launcher.core.EngineExecutionOrchestrator.execute(EngineExecutionOrchestrator.java:172)
	at org.junit.platform.launcher.core.EngineExecutionOrchestrator.execute(EngineExecutionOrchestrator.java:101)
	at org.junit.platform.launcher.core.EngineExecutionOrchestrator.lambda$execute$0(EngineExecutionOrchestrator.java:64)
	at org.junit.platform.launcher.core.EngineExecutionOrchestrator.withInterceptedStreams(EngineExecutionOrchestrator.java:150)
	at org.junit.platform.launcher.core.EngineExecutionOrchestrator.execute(EngineExecutionOrchestrator.java:63)
	at org.junit.platform.launcher.core.DefaultLauncher.execute(DefaultLauncher.java:109)
	at org.junit.platform.launcher.core.DefaultLauncher.execute(DefaultLauncher.java:91)
	at org.junit.platform.launcher.core.DelegatingLauncher.execute(DelegatingLauncher.java:47)
	at org.junit.platform.launcher.core.InterceptingLauncher.lambda$execute$1(InterceptingLauncher.java:39)
	at org.junit.platform.launcher.core.ClasspathAlignmentCheckingLauncherInterceptor.intercept(ClasspathAlignmentCheckingLauncherInterceptor.java:25)
	at org.junit.platform.launcher.core.InterceptingLauncher.execute(InterceptingLauncher.java:38)
	at org.junit.platform.launcher.core.DelegatingLauncher.execute(DelegatingLauncher.java:47)
	at org.apache.maven.surefire.junitplatform.LazyLauncher.execute(LazyLauncher.java:56)
	at org.apache.maven.surefire.junitplatform.JUnitPlatformProvider.execute(JUnitPlatformProvider.java:184)
	at org.apache.maven.surefire.junitplatform.JUnitPlatformProvider.invokeAllTests(JUnitPlatformProvider.java:148)
	at org.apache.maven.surefire.junitplatform.JUnitPlatformProvider.invoke(JUnitPlatformProvider.java:120)
	at org.apache.maven.surefire.booter.ForkedBooter.runSuitesInProcess(ForkedBooter.java:385)
	at org.apache.maven.surefire.booter.ForkedBooter.execute(ForkedBooter.java:162)
	at org.apache.maven.surefire.booter.ForkedBooter.run(ForkedBooter.java:507)
	at org.apache.maven.surefire.booter.ForkedBooter.main(ForkedBooter.java:495)
2025-10-18 02:35:24,722 [main] INFO  volume.HddsVolume (HddsVolume.java:<init>(162)) - HddsVolume: { id=DS-46c2b89b-dea9-485c-9c17-8d9f7bbeb158 dir=/tmp/junit-14904843421932602374/c08152aa-3414-47a0-b449-57da745ff0f5/hdds type=DISK capacity=9222449699674390527 used=0 available=9222449699674390527 minFree=184448985434423296 committed=0 }
2025-10-18 02:35:24,722 [main] INFO  volume.MutableVolumeSet (MutableVolumeSet.java:initializeVolumeSet(175)) - Added Volume : /tmp/junit-14904843421932602374/c08152aa-3414-47a0-b449-57da745ff0f5/hdds to VolumeSet
2025-10-18 02:35:24,724 [main] INFO  volume.HddsVolume (HddsVolume.java:<init>(162)) - HddsVolume: { id=DS-fa59e38b-afb5-43e4-9ae0-28da8fe32812 dir=/tmp/junit-14904843421932602374/80ba3150-f26a-44a8-b9cb-42f6deb26587/hdds type=DISK capacity=9222449699674390527 used=0 available=9222449699674390527 minFree=184448985434423296 committed=0 }
2025-10-18 02:35:24,724 [main] INFO  volume.MutableVolumeSet (MutableVolumeSet.java:initializeVolumeSet(175)) - Added Volume : /tmp/junit-14904843421932602374/80ba3150-f26a-44a8-b9cb-42f6deb26587/hdds to VolumeSet
2025-10-18 02:35:24,725 [main] WARN  server.ServerUtils (ServerUtils.java:getDefaultRatisDirectory(304)) - Storage directory for Ratis is not configured. It is a good idea to map this to an SSD disk. Falling back to ozone.metadata.dirs
2025-10-18 02:35:24,725 [main] INFO  volume.MutableVolumeSet (MutableVolumeSet.java:initializeVolumeSet(175)) - Added Volume : /tmp/junit-14904843421932602374/ratis to VolumeSet
2025-10-18 02:35:24,727 [main] INFO  volume.DbVolume (DbVolume.java:<init>(63)) - DbVolume: { id=DS-c312c214-e2d3-41a9-9472-4fceff1dab18 dir=/tmp/junit-14904843421932602374/b46a7c15-2621-404e-9fab-907762be2087/db type=DISK capacity=9222449699674390527 used=0 available=9222449699674390527 minFree=0 committed=0 }
2025-10-18 02:35:24,728 [main] INFO  volume.MutableVolumeSet (MutableVolumeSet.java:initializeVolumeSet(175)) - Added Volume : /tmp/junit-14904843421932602374/b46a7c15-2621-404e-9fab-907762be2087/db to VolumeSet
2025-10-18 02:35:24,728 [main] WARN  db.DBStoreBuilder (DBStoreBuilder.java:getDBDirPath(157)) - ozone.scm.datanode.id.dir is not configured. We recommend adding this setting. Falling back to ozone.metadata.dirs instead.
2025-10-18 02:35:24,729 [main] WARN  db.DBStoreBuilder (DBStoreBuilder.java:getDBDirPath(157)) - ozone.scm.datanode.id.dir is not configured. We recommend adding this setting. Falling back to ozone.metadata.dirs instead.
2025-10-18 02:35:24,740 [main] INFO  impl.FilePerChunkStrategy (FilePerChunkStrategy.java:<init>(79)) - ozone.chunk.read.mapped.buffer.max.count is load with 0
2025-10-18 02:35:24,740 [main] INFO  impl.FilePerBlockStrategy (FilePerBlockStrategy.java:<init>(88)) - ozone.chunk.read.mapped.buffer.max.count is load with 0
2025-10-18 02:35:24,741 [main] INFO  server.RaftServerConfigKeys (ConfUtils.java:logGet(62)) - raft.server.log.appender.buffer.byte-limit = 33554432 (custom)
2025-10-18 02:35:24,741 [main] WARN  server.ServerUtils (ServerUtils.java:getDefaultRatisDirectory(304)) - Storage directory for Ratis is not configured. It is a good idea to map this to an SSD disk. Falling back to ozone.metadata.dirs
2025-10-18 02:35:24,743 [main] INFO  grpc.GrpcConfigKeys (ConfUtils.java:logFallback(69)) - raft.grpc.admin.host = null (fallback to raft.grpc.server.host)
2025-10-18 02:35:24,743 [main] INFO  grpc.GrpcConfigKeys (ConfUtils.java:logFallback(69)) - raft.grpc.client.host = null (fallback to raft.grpc.server.host)
2025-10-18 02:35:24,743 [main] INFO  server.GrpcServicesImpl (ConfUtils.java:logGet(62)) - raft.grpc.message.size.max = 34603008 (custom)
2025-10-18 02:35:24,743 [main] INFO  server.GrpcServicesImpl (ConfUtils.java:logGet(62)) - raft.grpc.flow.control.window = 5MB (=5242880) (custom)
2025-10-18 02:35:24,743 [main] INFO  server.RaftServerConfigKeys (ConfUtils.java:logGet(62)) - raft.server.log.appender.buffer.byte-limit = 33554432 (custom)
2025-10-18 02:35:24,744 [main] INFO  netty.NettyUtils (NettyUtils.java:newEventLoopGroup(74)) - Create EpollEventLoopGroup for 4ac93d37-1a41-447d-80d3-6b2973110324-NettyServerStreamRpc-bossGroup; Thread size is 0.
2025-10-18 02:35:24,745 [main] INFO  netty.NettyUtils (NettyUtils.java:newEventLoopGroup(74)) - Create EpollEventLoopGroup for 4ac93d37-1a41-447d-80d3-6b2973110324-NettyServerStreamRpc-workerGroup; Thread size is 0.
2025-10-18 02:35:24,746 [4ac93d37-1a41-447d-80d3-6b2973110324-NettyServerStreamRpc-bossGroup--thread1] INFO  logging.LoggingHandler (AbstractInternalLogger.java:log(148)) - [id: 0x0eeaf7b7] REGISTERED
2025-10-18 02:35:24,746 [4ac93d37-1a41-447d-80d3-6b2973110324-impl-thread1] INFO  server.RaftServer (RaftServerProxy.java:initGroupDir(270)) - 4ac93d37-1a41-447d-80d3-6b2973110324: found a subdirectory /tmp/junit-14904843421932602374/ratis/tmp
2025-10-18 02:35:24,746 [4ac93d37-1a41-447d-80d3-6b2973110324-impl-thread1] INFO  server.RaftServer (RaftServerProxy.java:initGroupDir(275)) - 4ac93d37-1a41-447d-80d3-6b2973110324: The directory /tmp/junit-14904843421932602374/ratis/tmp is not a group directory; ignoring it. 
2025-10-18 02:35:24,746 [4ac93d37-1a41-447d-80d3-6b2973110324-NettyServerStreamRpc-bossGroup--thread1] INFO  logging.LoggingHandler (AbstractInternalLogger.java:log(148)) - [id: 0x0eeaf7b7] BIND: 0.0.0.0/0.0.0.0:0
2025-10-18 02:35:24,746 [main] INFO  replication.ReplicationServer (ReplicationServer.java:<init>(84)) - Initializing replication server with thread count = 10 queue length = 4096
2025-10-18 02:35:24,746 [4ac93d37-1a41-447d-80d3-6b2973110324-NettyServerStreamRpc-bossGroup--thread1] INFO  logging.LoggingHandler (AbstractInternalLogger.java:log(148)) - [id: 0x0eeaf7b7, L:/0.0.0.0:37209] ACTIVE
2025-10-18 02:35:24,748 [main] INFO  server.XceiverServerGrpc (XceiverServerGrpc.java:<init>(129)) - GrpcServer channel type EpollServerSocketChannel
2025-10-18 02:35:24,748 [main] INFO  replication.ReplicationSupervisor (ReplicationSupervisor.java:build(169)) - Initializing replication supervisor with thread count = 10
2025-10-18 02:35:24,749 [main] INFO  replication.ReplicationSupervisor (ReplicationSupervisor.java:nodeStateUpdated(358)) - Node state updated to IN_SERVICE, scaling executor pool size to 10
2025-10-18 02:35:24,778 [main] INFO  utils.DatanodeStoreCache (DatanodeStoreCache.java:addDB(70)) - Added db /tmp/junit-14904843421932602374/b46a7c15-2621-404e-9fab-907762be2087/db/clusterID/DS-fa59e38b-afb5-43e4-9ae0-28da8fe32812/container.db to cache
2025-10-18 02:35:24,778 [main] INFO  volume.HddsVolume (HddsVolume.java:createDbStore(576)) - SchemaV3 db is created and loaded at /tmp/junit-14904843421932602374/b46a7c15-2621-404e-9fab-907762be2087/db/clusterID/DS-fa59e38b-afb5-43e4-9ae0-28da8fe32812/container.db for volume DS-fa59e38b-afb5-43e4-9ae0-28da8fe32812
2025-10-18 02:35:24,778 [main] INFO  utils.DatanodeStoreCache (DatanodeStoreCache.java:removeDB(104)) - Removed db /tmp/junit-14904843421932602374/b46a7c15-2621-404e-9fab-907762be2087/db/clusterID/DS-fa59e38b-afb5-43e4-9ae0-28da8fe32812/container.db from cache
2025-10-18 02:35:24,779 [main] INFO  volume.HddsVolume (HddsVolume.java:closeDbStore(609)) - SchemaV3 db is stopped at /tmp/junit-14904843421932602374/b46a7c15-2621-404e-9fab-907762be2087/db/clusterID/DS-fa59e38b-afb5-43e4-9ae0-28da8fe32812/container.db for volume DS-fa59e38b-afb5-43e4-9ae0-28da8fe32812
2025-10-18 02:35:24,781 [4ac93d37-1a41-447d-80d3-6b2973110324-ContainerReader-0] INFO  ozoneimpl.ContainerReader (ContainerReader.java:readVolume(147)) - Start to verify containers on volume /tmp/junit-14904843421932602374/80ba3150-f26a-44a8-b9cb-42f6deb26587/hdds
2025-10-18 02:35:24,781 [4ac93d37-1a41-447d-80d3-6b2973110324-ContainerReader-0] INFO  ozoneimpl.ContainerReader (ContainerReader.java:readVolume(177)) - Finish verifying containers on volume /tmp/junit-14904843421932602374/80ba3150-f26a-44a8-b9cb-42f6deb26587/hdds
2025-10-18 02:35:24,782 [4ac93d37-1a41-447d-80d3-6b2973110324-ContainerReader-1] INFO  ozoneimpl.ContainerReader (ContainerReader.java:readVolume(147)) - Start to verify containers on volume /tmp/junit-14904843421932602374/c08152aa-3414-47a0-b449-57da745ff0f5/hdds
2025-10-18 02:35:24,782 [4ac93d37-1a41-447d-80d3-6b2973110324-ContainerReader-1] INFO  ozoneimpl.ContainerReader (ContainerReader.java:readVolume(177)) - Finish verifying containers on volume /tmp/junit-14904843421932602374/c08152aa-3414-47a0-b449-57da745ff0f5/hdds
2025-10-18 02:35:24,782 [main] INFO  ozoneimpl.OzoneContainer (OzoneContainer.java:buildContainerSet(359)) - Build ContainerSet costs 0s
2025-10-18 02:35:24,783 [main] INFO  volume.ThrottledAsyncChecker (ThrottledAsyncChecker.java:schedule(138)) - Scheduling a check for /tmp/junit-14904843421932602374/80ba3150-f26a-44a8-b9cb-42f6deb26587/hdds
2025-10-18 02:35:24,784 [main] INFO  volume.StorageVolumeChecker (StorageVolumeChecker.java:checkAllVolumes(231)) - Scheduled health check for volume /tmp/junit-14904843421932602374/80ba3150-f26a-44a8-b9cb-42f6deb26587/hdds
2025-10-18 02:35:24,784 [main] INFO  volume.ThrottledAsyncChecker (ThrottledAsyncChecker.java:schedule(138)) - Scheduling a check for /tmp/junit-14904843421932602374/c08152aa-3414-47a0-b449-57da745ff0f5/hdds
2025-10-18 02:35:24,785 [main] INFO  volume.StorageVolumeChecker (StorageVolumeChecker.java:checkAllVolumes(231)) - Scheduled health check for volume /tmp/junit-14904843421932602374/c08152aa-3414-47a0-b449-57da745ff0f5/hdds
2025-10-18 02:35:24,786 [main] INFO  volume.ThrottledAsyncChecker (ThrottledAsyncChecker.java:schedule(138)) - Scheduling a check for /tmp/junit-14904843421932602374/ratis
2025-10-18 02:35:24,787 [main] INFO  volume.StorageVolumeChecker (StorageVolumeChecker.java:checkAllVolumes(231)) - Scheduled health check for volume /tmp/junit-14904843421932602374/ratis
2025-10-18 02:35:24,788 [main] INFO  volume.ThrottledAsyncChecker (ThrottledAsyncChecker.java:schedule(138)) - Scheduling a check for /tmp/junit-14904843421932602374/b46a7c15-2621-404e-9fab-907762be2087/db
2025-10-18 02:35:24,789 [main] INFO  volume.StorageVolumeChecker (StorageVolumeChecker.java:checkAllVolumes(231)) - Scheduled health check for volume /tmp/junit-14904843421932602374/b46a7c15-2621-404e-9fab-907762be2087/db
2025-10-18 02:35:24,790 [main] INFO  ozoneimpl.OzoneContainer (OzoneContainer.java:start(544)) - Attempting to start container services.
2025-10-18 02:35:24,790 [ContainerMetadataScanner] INFO  ozoneimpl.AbstractBackgroundContainerScanner (AbstractBackgroundContainerScanner.java:runIteration(89)) - Completed an iteration in 0 minutes. Number of iterations (since the data-node restart) : 1, Number of containers scanned in this iteration : 0, Number of unhealthy containers found in this iteration : 0
2025-10-18 02:35:24,791 [main] INFO  replication.ReplicationServer (ReplicationServer.java:start(137)) - ReplicationServer is started using port 9886
2025-10-18 02:35:24,791 [main] INFO  ratis.XceiverServerRatis (XceiverServerRatis.java:start(559)) - Starting XceiverServerRatis(4ac93d37-1a41-447d-80d3-6b2973110324)
2025-10-18 02:35:24,791 [ContainerDataScanner(/tmp/junit-14904843421932602374/80ba3150-f26a-44a8-b9cb-42f6deb26587/hdds)] INFO  ozoneimpl.AbstractBackgroundContainerScanner (AbstractBackgroundContainerScanner.java:runIteration(89)) - Completed an iteration in 0 minutes. Number of iterations (since the data-node restart) : 1, Number of containers scanned in this iteration : 0, Number of unhealthy containers found in this iteration : 0
2025-10-18 02:35:24,792 [ContainerDataScanner(/tmp/junit-14904843421932602374/c08152aa-3414-47a0-b449-57da745ff0f5/hdds)] INFO  ozoneimpl.AbstractBackgroundContainerScanner (AbstractBackgroundContainerScanner.java:runIteration(89)) - Completed an iteration in 0 minutes. Number of iterations (since the data-node restart) : 1, Number of containers scanned in this iteration : 0, Number of unhealthy containers found in this iteration : 0
2025-10-18 02:35:24,797 [main] INFO  server.RaftServer (RaftServerProxy.java:startImpl(412)) - 4ac93d37-1a41-447d-80d3-6b2973110324: start RPC server
2025-10-18 02:35:24,797 [main] INFO  server.GrpcServicesImpl (GrpcServicesImpl.java:startImpl(346)) - 4ac93d37-1a41-447d-80d3-6b2973110324: GrpcServicesImpl started, listening on 9858
2025-10-18 02:35:24,798 [JvmPauseMonitor17] INFO  util.JvmPauseMonitor (JvmPauseMonitor.java:run(146)) - JvmPauseMonitor-4ac93d37-1a41-447d-80d3-6b2973110324: Started
2025-10-18 02:35:24,798 [main] INFO  ratis.XceiverServerRatis (XceiverServerRatis.java:getRealPort(586)) - XceiverServerRatis(4ac93d37-1a41-447d-80d3-6b2973110324) is started using port RATIS=9858
2025-10-18 02:35:24,798 [main] INFO  ratis.XceiverServerRatis (XceiverServerRatis.java:getRealPort(586)) - XceiverServerRatis(4ac93d37-1a41-447d-80d3-6b2973110324) is started using port RATIS_ADMIN=9858
2025-10-18 02:35:24,799 [main] INFO  ratis.XceiverServerRatis (XceiverServerRatis.java:getRealPort(586)) - XceiverServerRatis(4ac93d37-1a41-447d-80d3-6b2973110324) is started using port RATIS_SERVER=9858
2025-10-18 02:35:24,799 [main] INFO  ratis.XceiverServerRatis (XceiverServerRatis.java:getRealPort(586)) - XceiverServerRatis(4ac93d37-1a41-447d-80d3-6b2973110324) is started using port RATIS_DATASTREAM=37209
2025-10-18 02:35:24,799 [main] INFO  utils.BackgroundService (BackgroundService.java:start(119)) - Starting service BlockDeletingService with interval 60000 milliseconds
2025-10-18 02:35:24,800 [main] INFO  utils.BackgroundService (BackgroundService.java:start(119)) - Starting service StaleRecoveringContainerScrubbingService with interval 60000 milliseconds
2025-10-18 02:35:24,801 [main] INFO  ipc.Server (Server.java:stop(3697)) - Stopping server on 44747
2025-10-18 02:35:24,802 [IPC Server listener on 44747] INFO  ipc.Server (Server.java:run(1585)) - Stopping IPC Server listener on 44747
2025-10-18 02:35:24,802 [IPC Server Responder] INFO  ipc.Server (Server.java:run(1718)) - Stopping IPC Server Responder
2025-10-18 02:35:24,803 [main] INFO  ozoneimpl.OzoneContainer (OzoneContainer.java:stop(568)) - Attempting to stop container services.
2025-10-18 02:35:24,803 [ContainerMetadataScanner] WARN  ozoneimpl.AbstractBackgroundContainerScanner (AbstractBackgroundContainerScanner.java:handleRemainingSleep(136)) - Background container scan was interrupted.
2025-10-18 02:35:24,803 [ContainerMetadataScanner] INFO  ozoneimpl.AbstractBackgroundContainerScanner (AbstractBackgroundContainerScanner.java:run(63)) - org.apache.hadoop.ozone.container.ozoneimpl.BackgroundContainerMetadataScanner@701289d4 exiting.
2025-10-18 02:35:24,803 [main] INFO  ozoneimpl.BackgroundContainerDataScanner (BackgroundContainerDataScanner.java:shutdown(87)) - ContainerDataScanner(/tmp/junit-14904843421932602374/80ba3150-f26a-44a8-b9cb-42f6deb26587/hdds) is shutting down. 
2025-10-18 02:35:24,803 [ContainerDataScanner(/tmp/junit-14904843421932602374/80ba3150-f26a-44a8-b9cb-42f6deb26587/hdds)] WARN  ozoneimpl.AbstractBackgroundContainerScanner (AbstractBackgroundContainerScanner.java:handleRemainingSleep(136)) - Background container scan was interrupted.
2025-10-18 02:35:24,803 [ContainerDataScanner(/tmp/junit-14904843421932602374/80ba3150-f26a-44a8-b9cb-42f6deb26587/hdds)] INFO  ozoneimpl.AbstractBackgroundContainerScanner (AbstractBackgroundContainerScanner.java:run(63)) - ContainerDataScanner(/tmp/junit-14904843421932602374/80ba3150-f26a-44a8-b9cb-42f6deb26587/hdds, DS-fa59e38b-afb5-43e4-9ae0-28da8fe32812) exiting.
2025-10-18 02:35:24,803 [main] INFO  ozoneimpl.BackgroundContainerDataScanner (BackgroundContainerDataScanner.java:shutdown(87)) - ContainerDataScanner(/tmp/junit-14904843421932602374/c08152aa-3414-47a0-b449-57da745ff0f5/hdds) is shutting down. 
2025-10-18 02:35:24,804 [ContainerDataScanner(/tmp/junit-14904843421932602374/c08152aa-3414-47a0-b449-57da745ff0f5/hdds)] WARN  ozoneimpl.AbstractBackgroundContainerScanner (AbstractBackgroundContainerScanner.java:handleRemainingSleep(136)) - Background container scan was interrupted.
2025-10-18 02:35:24,804 [ContainerDataScanner(/tmp/junit-14904843421932602374/c08152aa-3414-47a0-b449-57da745ff0f5/hdds)] INFO  ozoneimpl.AbstractBackgroundContainerScanner (AbstractBackgroundContainerScanner.java:run(63)) - ContainerDataScanner(/tmp/junit-14904843421932602374/c08152aa-3414-47a0-b449-57da745ff0f5/hdds, DS-46c2b89b-dea9-485c-9c17-8d9f7bbeb158) exiting.
2025-10-18 02:35:24,804 [main] INFO  ozoneimpl.OnDemandContainerScanner (OnDemandContainerScanner.java:shutdown(141)) - On-demand container scanner is shutting down.
2025-10-18 02:35:24,804 [main] INFO  ratis.XceiverServerRatis (XceiverServerRatis.java:stop(594)) - Closing XceiverServerRatis(4ac93d37-1a41-447d-80d3-6b2973110324)
2025-10-18 02:35:24,804 [main] INFO  server.RaftServer (RaftServerProxy.java:lambda$close$9(422)) - 4ac93d37-1a41-447d-80d3-6b2973110324: close
2025-10-18 02:35:24,804 [main] INFO  server.GrpcServicesImpl (GrpcServicesImpl.java:closeImpl(355)) - 4ac93d37-1a41-447d-80d3-6b2973110324: shutdown server GrpcServerProtocolService now
2025-10-18 02:35:24,805 [main] INFO  server.GrpcServicesImpl (GrpcServicesImpl.java:closeImpl(364)) - 4ac93d37-1a41-447d-80d3-6b2973110324: shutdown server GrpcServerProtocolService successfully
2025-10-18 02:35:24,805 [4ac93d37-1a41-447d-80d3-6b2973110324-NettyServerStreamRpc-bossGroup--thread1] INFO  logging.LoggingHandler (AbstractInternalLogger.java:log(148)) - [id: 0x0eeaf7b7, L:/0.0.0.0:37209] CLOSE
2025-10-18 02:35:24,805 [4ac93d37-1a41-447d-80d3-6b2973110324-NettyServerStreamRpc-bossGroup--thread1] INFO  logging.LoggingHandler (AbstractInternalLogger.java:log(148)) - [id: 0x0eeaf7b7, L:/0.0.0.0:37209] INACTIVE
2025-10-18 02:35:24,805 [4ac93d37-1a41-447d-80d3-6b2973110324-NettyServerStreamRpc-bossGroup--thread1] INFO  logging.LoggingHandler (AbstractInternalLogger.java:log(148)) - [id: 0x0eeaf7b7, L:/0.0.0.0:37209] UNREGISTERED
2025-10-18 02:35:24,809 [JvmPauseMonitor17] INFO  util.JvmPauseMonitor (JvmPauseMonitor.java:run(152)) - JvmPauseMonitor-4ac93d37-1a41-447d-80d3-6b2973110324: Stopped
2025-10-18 02:35:26,814 [main] INFO  utils.BackgroundService (BackgroundService.java:shutdown(195)) - Shutting down service BlockDeletingService
2025-10-18 02:35:26,814 [main] INFO  utils.BackgroundService (BackgroundService.java:shutdown(195)) - Shutting down service StaleRecoveringContainerScrubbingService
]]></system-out>
  </testcase>
  <testcase name="testAddDbAndHddsVolumeAfterFinalize(boolean)[2]" classname="org.apache.hadoop.ozone.container.upgrade.TestDatanodeUpgradeToSchemaV3" time="4.225">
    <system-out><![CDATA[2025-10-18 02:35:26,836 [main] INFO  ipc.CallQueueManager (CallQueueManager.java:<init>(93)) - Using callQueue: class java.util.concurrent.LinkedBlockingQueue, queueCapacity: 1000, scheduler: class org.apache.hadoop.ipc.DefaultRpcScheduler, ipcBackoff: false, ipcFailOver: false.
2025-10-18 02:35:26,837 [main] INFO  ipc.Server (Server.java:<init>(1438)) - Listener at localhost:39791
2025-10-18 02:35:26,837 [Socket Reader #1 for port 39791] INFO  ipc.Server (Server.java:run(1474)) - Starting Socket Reader #1 for port 39791
2025-10-18 02:35:26,838 [IPC Server Responder] INFO  ipc.Server (Server.java:run(1713)) - IPC Server Responder: starting
2025-10-18 02:35:26,838 [IPC Server listener on 39791] INFO  ipc.Server (Server.java:run(1553)) - IPC Server listener on 39791: starting
2025-10-18 02:35:26,841 [main] INFO  upgrade.AbstractLayoutVersionManager (AbstractLayoutVersionManager.java:init(80)) - Initializing Layout version manager with metadata layout = ERASURE_CODED_STORAGE_SUPPORT (version = 3), software layout = WITNESSED_CONTAINER_DB_PROTO_VALUE (version = 9)
2025-10-18 02:35:26,842 [main] INFO  upgrade.HDDSLayoutVersionManager (HDDSLayoutVersionManager.java:lambda$registerUpgradeActions$0(81)) - Registering Upgrade Action : DatanodeSchemaV3FinalizeAction
2025-10-18 02:35:26,842 [main] INFO  upgrade.HDDSLayoutVersionManager (HDDSLayoutVersionManager.java:lambda$registerUpgradeActions$0(81)) - Registering Upgrade Action : ContainerTableSchemaFinalizeAction
2025-10-18 02:35:26,842 [main] INFO  statemachine.DatanodeStateMachine (DatanodeStateMachine.java:getEndPointTaskThreadPoolSize(321)) - Datanode State Machine Task Thread Pool size 2
2025-10-18 02:35:26,844 [main] INFO  volume.HddsVolume (HddsVolume.java:<init>(162)) - HddsVolume: { id=4043c704-b2e6-4671-ad8c-1d4ab1336a0e dir=/home/runner/work/ozone/ozone/hadoop-hdds/container-service/file:/home/runner/work/ozone/ozone/hadoop-hdds/container-service/target/tmp/dfs/data type=DISK failed }
2025-10-18 02:35:26,844 [main] ERROR volume.MutableVolumeSet (MutableVolumeSet.java:initializeVolumeSet(194)) - Failed to parse the storage location: file:///home/runner/work/ozone/ozone/hadoop-hdds/container-service/target/tmp/dfs/data
org.apache.hadoop.ozone.common.InconsistentStorageStateException: Mismatched DatanodeUUIDs. Version File : /home/runner/work/ozone/ozone/hadoop-hdds/container-service/target/tmp/dfs/data/hdds/VERSION has datanodeUuid: c3d05b50-810d-4b78-be46-d77415fe1b4d and Datanode has datanodeUuid: 774752b0-17fe-46cf-8180-b26ecb9022c3
	at org.apache.hadoop.ozone.container.common.utils.StorageVolumeUtil.getDatanodeUUID(StorageVolumeUtil.java:122)
	at org.apache.hadoop.ozone.container.common.volume.StorageVolume.readVersionFile(StorageVolume.java:385)
	at org.apache.hadoop.ozone.container.common.volume.StorageVolume.initializeImpl(StorageVolume.java:240)
	at org.apache.hadoop.ozone.container.common.volume.StorageVolume.initialize(StorageVolume.java:215)
	at org.apache.hadoop.ozone.container.common.volume.HddsVolume.<init>(HddsVolume.java:151)
	at org.apache.hadoop.ozone.container.common.volume.HddsVolume.<init>(HddsVolume.java:80)
	at org.apache.hadoop.ozone.container.common.volume.HddsVolume$Builder.build(HddsVolume.java:130)
	at org.apache.hadoop.ozone.container.common.volume.HddsVolumeFactory.createVolume(HddsVolumeFactory.java:46)
	at org.apache.hadoop.ozone.container.common.volume.MutableVolumeSet.initializeVolumeSet(MutableVolumeSet.java:172)
	at org.apache.hadoop.ozone.container.common.volume.MutableVolumeSet.<init>(MutableVolumeSet.java:130)
	at org.apache.hadoop.ozone.container.common.volume.MutableVolumeSet.<init>(MutableVolumeSet.java:92)
	at org.apache.hadoop.ozone.container.ozoneimpl.OzoneContainer.<init>(OzoneContainer.java:170)
	at org.apache.hadoop.ozone.container.common.statemachine.DatanodeStateMachine.<init>(DatanodeStateMachine.java:191)
	at org.apache.hadoop.ozone.container.common.statemachine.DatanodeStateMachine.<init>(DatanodeStateMachine.java:305)
	at org.apache.hadoop.ozone.container.upgrade.UpgradeTestHelper.startPreFinalizedDatanode(UpgradeTestHelper.java:88)
	at org.apache.hadoop.ozone.container.upgrade.TestDatanodeUpgradeToSchemaV3.testAddDbAndHddsVolumeAfterFinalize(TestDatanodeUpgradeToSchemaV3.java:358)
	at java.base/jdk.internal.reflect.DirectMethodHandleAccessor.invoke(DirectMethodHandleAccessor.java:103)
	at java.base/java.lang.reflect.Method.invoke(Method.java:580)
	at org.junit.platform.commons.util.ReflectionUtils.invokeMethod(ReflectionUtils.java:786)
	at org.junit.platform.commons.support.ReflectionSupport.invokeMethod(ReflectionSupport.java:514)
	at org.junit.jupiter.engine.execution.MethodInvocation.proceed(MethodInvocation.java:60)
	at org.junit.jupiter.engine.execution.InvocationInterceptorChain$ValidatingInvocation.proceed(InvocationInterceptorChain.java:131)
	at org.junit.jupiter.engine.extension.SameThreadTimeoutInvocation.proceed(SameThreadTimeoutInvocation.java:49)
	at org.junit.jupiter.engine.extension.TimeoutExtension.intercept(TimeoutExtension.java:161)
	at org.junit.jupiter.engine.extension.TimeoutExtension.interceptTestableMethod(TimeoutExtension.java:152)
	at org.junit.jupiter.engine.extension.TimeoutExtension.interceptTestTemplateMethod(TimeoutExtension.java:99)
	at org.junit.jupiter.engine.execution.InterceptingExecutableInvoker$ReflectiveInterceptorCall.lambda$ofVoidMethod$0(InterceptingExecutableInvoker.java:112)
	at org.junit.jupiter.engine.execution.InterceptingExecutableInvoker.lambda$invoke$0(InterceptingExecutableInvoker.java:94)
	at org.junit.jupiter.engine.execution.InvocationInterceptorChain$InterceptedInvocation.proceed(InvocationInterceptorChain.java:106)
	at org.junit.jupiter.engine.execution.InvocationInterceptorChain.proceed(InvocationInterceptorChain.java:64)
	at org.junit.jupiter.engine.execution.InvocationInterceptorChain.chainAndInvoke(InvocationInterceptorChain.java:45)
	at org.junit.jupiter.engine.execution.InvocationInterceptorChain.invoke(InvocationInterceptorChain.java:37)
	at org.junit.jupiter.engine.execution.InterceptingExecutableInvoker.invoke(InterceptingExecutableInvoker.java:93)
	at org.junit.jupiter.engine.execution.InterceptingExecutableInvoker.invoke(InterceptingExecutableInvoker.java:87)
	at org.junit.jupiter.engine.descriptor.TestMethodTestDescriptor.lambda$invokeTestMethod$4(TestMethodTestDescriptor.java:221)
	at org.junit.platform.engine.support.hierarchical.ThrowableCollector.execute(ThrowableCollector.java:73)
	at org.junit.jupiter.engine.descriptor.TestMethodTestDescriptor.invokeTestMethod(TestMethodTestDescriptor.java:217)
	at org.junit.jupiter.engine.descriptor.TestMethodTestDescriptor.execute(TestMethodTestDescriptor.java:159)
	at org.junit.jupiter.engine.descriptor.TestMethodTestDescriptor.execute(TestMethodTestDescriptor.java:70)
	at org.junit.platform.engine.support.hierarchical.NodeTestTask.lambda$executeRecursively$6(NodeTestTask.java:157)
	at org.junit.platform.engine.support.hierarchical.ThrowableCollector.execute(ThrowableCollector.java:73)
	at org.junit.platform.engine.support.hierarchical.NodeTestTask.lambda$executeRecursively$8(NodeTestTask.java:147)
	at org.junit.platform.engine.support.hierarchical.Node.around(Node.java:137)
	at org.junit.platform.engine.support.hierarchical.NodeTestTask.lambda$executeRecursively$9(NodeTestTask.java:145)
	at org.junit.platform.engine.support.hierarchical.ThrowableCollector.execute(ThrowableCollector.java:73)
	at org.junit.platform.engine.support.hierarchical.NodeTestTask.executeRecursively(NodeTestTask.java:144)
	at org.junit.platform.engine.support.hierarchical.NodeTestTask.execute(NodeTestTask.java:101)
	at org.junit.platform.engine.support.hierarchical.SameThreadHierarchicalTestExecutorService.submit(SameThreadHierarchicalTestExecutorService.java:35)
	at org.junit.platform.engine.support.hierarchical.NodeTestTask$DefaultDynamicTestExecutor.execute(NodeTestTask.java:232)
	at org.junit.platform.engine.support.hierarchical.NodeTestTask$DefaultDynamicTestExecutor.execute(NodeTestTask.java:210)
	at org.junit.jupiter.engine.descriptor.TemplateExecutor.execute(TemplateExecutor.java:98)
	at org.junit.jupiter.engine.descriptor.TemplateExecutor.lambda$executeForProvider$0(TemplateExecutor.java:61)
	at java.base/java.util.Optional.ifPresent(Optional.java:178)
	at org.junit.jupiter.engine.descriptor.TemplateExecutor.lambda$executeForProvider$1(TemplateExecutor.java:61)
	at java.base/java.util.stream.ForEachOps$ForEachOp$OfRef.accept(ForEachOps.java:184)
	at java.base/java.util.stream.ReferencePipeline$3$1.accept(ReferencePipeline.java:197)
	at java.base/java.util.stream.ForEachOps$ForEachOp$OfRef.accept(ForEachOps.java:184)
	at java.base/java.util.stream.ForEachOps$ForEachOp$OfRef.accept(ForEachOps.java:184)
	at java.base/java.util.stream.ReferencePipeline$3$1.accept(ReferencePipeline.java:197)
	at java.base/java.util.Spliterators$ArraySpliterator.forEachRemaining(Spliterators.java:1024)
	at java.base/java.util.stream.AbstractPipeline.copyInto(AbstractPipeline.java:509)
	at java.base/java.util.stream.AbstractPipeline.wrapAndCopyInto(AbstractPipeline.java:499)
	at java.base/java.util.stream.ForEachOps$ForEachOp.evaluateSequential(ForEachOps.java:151)
	at java.base/java.util.stream.ForEachOps$ForEachOp$OfRef.evaluateSequential(ForEachOps.java:174)
	at java.base/java.util.stream.AbstractPipeline.evaluate(AbstractPipeline.java:234)
	at java.base/java.util.stream.ReferencePipeline.forEach(ReferencePipeline.java:596)
	at java.base/java.util.stream.ReferencePipeline$7$1.accept(ReferencePipeline.java:276)
	at java.base/java.util.ArrayList$ArrayListSpliterator.forEachRemaining(ArrayList.java:1708)
	at java.base/java.util.stream.AbstractPipeline.copyInto(AbstractPipeline.java:509)
	at java.base/java.util.stream.AbstractPipeline.wrapAndCopyInto(AbstractPipeline.java:499)
	at java.base/java.util.stream.ForEachOps$ForEachOp.evaluateSequential(ForEachOps.java:151)
	at java.base/java.util.stream.ForEachOps$ForEachOp$OfRef.evaluateSequential(ForEachOps.java:174)
	at java.base/java.util.stream.AbstractPipeline.evaluate(AbstractPipeline.java:234)
	at java.base/java.util.stream.ReferencePipeline.forEach(ReferencePipeline.java:596)
	at java.base/java.util.stream.ReferencePipeline$7$1.accept(ReferencePipeline.java:276)
	at java.base/java.util.stream.ReferencePipeline$3$1.accept(ReferencePipeline.java:197)
	at java.base/java.util.stream.ReferencePipeline$3$1.accept(ReferencePipeline.java:197)
	at java.base/java.util.stream.ReferencePipeline$3$1.accept(ReferencePipeline.java:197)
	at java.base/java.util.ArrayList$ArrayListSpliterator.forEachRemaining(ArrayList.java:1708)
	at java.base/java.util.stream.AbstractPipeline.copyInto(AbstractPipeline.java:509)
	at java.base/java.util.stream.AbstractPipeline.wrapAndCopyInto(AbstractPipeline.java:499)
	at java.base/java.util.stream.ForEachOps$ForEachOp.evaluateSequential(ForEachOps.java:151)
	at java.base/java.util.stream.ForEachOps$ForEachOp$OfRef.evaluateSequential(ForEachOps.java:174)
	at java.base/java.util.stream.AbstractPipeline.evaluate(AbstractPipeline.java:234)
	at java.base/java.util.stream.ReferencePipeline.forEach(ReferencePipeline.java:596)
	at org.junit.jupiter.engine.descriptor.TemplateExecutor.executeForProvider(TemplateExecutor.java:59)
	at org.junit.jupiter.engine.descriptor.TemplateExecutor.execute(TemplateExecutor.java:48)
	at org.junit.jupiter.engine.descriptor.TestTemplateTestDescriptor.execute(TestTemplateTestDescriptor.java:112)
	at org.junit.jupiter.engine.descriptor.TestTemplateTestDescriptor.execute(TestTemplateTestDescriptor.java:40)
	at org.junit.platform.engine.support.hierarchical.NodeTestTask.lambda$executeRecursively$6(NodeTestTask.java:157)
	at org.junit.platform.engine.support.hierarchical.ThrowableCollector.execute(ThrowableCollector.java:73)
	at org.junit.platform.engine.support.hierarchical.NodeTestTask.lambda$executeRecursively$8(NodeTestTask.java:147)
	at org.junit.platform.engine.support.hierarchical.Node.around(Node.java:137)
	at org.junit.platform.engine.support.hierarchical.NodeTestTask.lambda$executeRecursively$9(NodeTestTask.java:145)
	at org.junit.platform.engine.support.hierarchical.ThrowableCollector.execute(ThrowableCollector.java:73)
	at org.junit.platform.engine.support.hierarchical.NodeTestTask.executeRecursively(NodeTestTask.java:144)
	at org.junit.platform.engine.support.hierarchical.NodeTestTask.execute(NodeTestTask.java:101)
	at java.base/java.util.ArrayList.forEach(ArrayList.java:1596)
	at org.junit.platform.engine.support.hierarchical.SameThreadHierarchicalTestExecutorService.invokeAll(SameThreadHierarchicalTestExecutorService.java:41)
	at org.junit.platform.engine.support.hierarchical.NodeTestTask.lambda$executeRecursively$6(NodeTestTask.java:161)
	at org.junit.platform.engine.support.hierarchical.ThrowableCollector.execute(ThrowableCollector.java:73)
	at org.junit.platform.engine.support.hierarchical.NodeTestTask.lambda$executeRecursively$8(NodeTestTask.java:147)
	at org.junit.platform.engine.support.hierarchical.Node.around(Node.java:137)
	at org.junit.platform.engine.support.hierarchical.NodeTestTask.lambda$executeRecursively$9(NodeTestTask.java:145)
	at org.junit.platform.engine.support.hierarchical.ThrowableCollector.execute(ThrowableCollector.java:73)
	at org.junit.platform.engine.support.hierarchical.NodeTestTask.executeRecursively(NodeTestTask.java:144)
	at org.junit.platform.engine.support.hierarchical.NodeTestTask.execute(NodeTestTask.java:101)
	at java.base/java.util.ArrayList.forEach(ArrayList.java:1596)
	at org.junit.platform.engine.support.hierarchical.SameThreadHierarchicalTestExecutorService.invokeAll(SameThreadHierarchicalTestExecutorService.java:41)
	at org.junit.platform.engine.support.hierarchical.NodeTestTask.lambda$executeRecursively$6(NodeTestTask.java:161)
	at org.junit.platform.engine.support.hierarchical.ThrowableCollector.execute(ThrowableCollector.java:73)
	at org.junit.platform.engine.support.hierarchical.NodeTestTask.lambda$executeRecursively$8(NodeTestTask.java:147)
	at org.junit.platform.engine.support.hierarchical.Node.around(Node.java:137)
	at org.junit.platform.engine.support.hierarchical.NodeTestTask.lambda$executeRecursively$9(NodeTestTask.java:145)
	at org.junit.platform.engine.support.hierarchical.ThrowableCollector.execute(ThrowableCollector.java:73)
	at org.junit.platform.engine.support.hierarchical.NodeTestTask.executeRecursively(NodeTestTask.java:144)
	at org.junit.platform.engine.support.hierarchical.NodeTestTask.execute(NodeTestTask.java:101)
	at org.junit.platform.engine.support.hierarchical.SameThreadHierarchicalTestExecutorService.submit(SameThreadHierarchicalTestExecutorService.java:35)
	at org.junit.platform.engine.support.hierarchical.HierarchicalTestExecutor.execute(HierarchicalTestExecutor.java:57)
	at org.junit.platform.engine.support.hierarchical.HierarchicalTestEngine.execute(HierarchicalTestEngine.java:54)
	at org.junit.platform.launcher.core.EngineExecutionOrchestrator.executeEngine(EngineExecutionOrchestrator.java:230)
	at org.junit.platform.launcher.core.EngineExecutionOrchestrator.failOrExecuteEngine(EngineExecutionOrchestrator.java:204)
	at org.junit.platform.launcher.core.EngineExecutionOrchestrator.execute(EngineExecutionOrchestrator.java:172)
	at org.junit.platform.launcher.core.EngineExecutionOrchestrator.execute(EngineExecutionOrchestrator.java:101)
	at org.junit.platform.launcher.core.EngineExecutionOrchestrator.lambda$execute$0(EngineExecutionOrchestrator.java:64)
	at org.junit.platform.launcher.core.EngineExecutionOrchestrator.withInterceptedStreams(EngineExecutionOrchestrator.java:150)
	at org.junit.platform.launcher.core.EngineExecutionOrchestrator.execute(EngineExecutionOrchestrator.java:63)
	at org.junit.platform.launcher.core.DefaultLauncher.execute(DefaultLauncher.java:109)
	at org.junit.platform.launcher.core.DefaultLauncher.execute(DefaultLauncher.java:91)
	at org.junit.platform.launcher.core.DelegatingLauncher.execute(DelegatingLauncher.java:47)
	at org.junit.platform.launcher.core.InterceptingLauncher.lambda$execute$1(InterceptingLauncher.java:39)
	at org.junit.platform.launcher.core.ClasspathAlignmentCheckingLauncherInterceptor.intercept(ClasspathAlignmentCheckingLauncherInterceptor.java:25)
	at org.junit.platform.launcher.core.InterceptingLauncher.execute(InterceptingLauncher.java:38)
	at org.junit.platform.launcher.core.DelegatingLauncher.execute(DelegatingLauncher.java:47)
	at org.apache.maven.surefire.junitplatform.LazyLauncher.execute(LazyLauncher.java:56)
	at org.apache.maven.surefire.junitplatform.JUnitPlatformProvider.execute(JUnitPlatformProvider.java:184)
	at org.apache.maven.surefire.junitplatform.JUnitPlatformProvider.invokeAllTests(JUnitPlatformProvider.java:148)
	at org.apache.maven.surefire.junitplatform.JUnitPlatformProvider.invoke(JUnitPlatformProvider.java:120)
	at org.apache.maven.surefire.booter.ForkedBooter.runSuitesInProcess(ForkedBooter.java:385)
	at org.apache.maven.surefire.booter.ForkedBooter.execute(ForkedBooter.java:162)
	at org.apache.maven.surefire.booter.ForkedBooter.run(ForkedBooter.java:507)
	at org.apache.maven.surefire.booter.ForkedBooter.main(ForkedBooter.java:495)
2025-10-18 02:35:26,845 [main] INFO  volume.HddsVolume (HddsVolume.java:<init>(162)) - HddsVolume: { id=DS-8601cb41-61bf-4b71-9c34-b17d38d4c305 dir=/tmp/junit-13307873947078724701/631d23aa-4f14-434d-9cc4-cc19f0cfd87e/hdds type=DISK capacity=9222449699674390527 used=0 available=9222449699674390527 minFree=184448985434423296 committed=0 }
2025-10-18 02:35:26,845 [main] INFO  volume.MutableVolumeSet (MutableVolumeSet.java:initializeVolumeSet(175)) - Added Volume : /tmp/junit-13307873947078724701/631d23aa-4f14-434d-9cc4-cc19f0cfd87e/hdds to VolumeSet
2025-10-18 02:35:26,846 [main] WARN  server.ServerUtils (ServerUtils.java:getDefaultRatisDirectory(304)) - Storage directory for Ratis is not configured. It is a good idea to map this to an SSD disk. Falling back to ozone.metadata.dirs
2025-10-18 02:35:26,846 [main] INFO  volume.MutableVolumeSet (MutableVolumeSet.java:initializeVolumeSet(175)) - Added Volume : /tmp/junit-13307873947078724701/ratis to VolumeSet
2025-10-18 02:35:26,847 [main] WARN  db.DBStoreBuilder (DBStoreBuilder.java:getDBDirPath(157)) - ozone.scm.datanode.id.dir is not configured. We recommend adding this setting. Falling back to ozone.metadata.dirs instead.
2025-10-18 02:35:26,847 [main] WARN  db.DBStoreBuilder (DBStoreBuilder.java:getDBDirPath(157)) - ozone.scm.datanode.id.dir is not configured. We recommend adding this setting. Falling back to ozone.metadata.dirs instead.
2025-10-18 02:35:26,861 [main] INFO  impl.FilePerChunkStrategy (FilePerChunkStrategy.java:<init>(79)) - ozone.chunk.read.mapped.buffer.max.count is load with 0
2025-10-18 02:35:26,861 [main] INFO  impl.FilePerBlockStrategy (FilePerBlockStrategy.java:<init>(88)) - ozone.chunk.read.mapped.buffer.max.count is load with 0
2025-10-18 02:35:26,862 [main] INFO  server.RaftServerConfigKeys (ConfUtils.java:logGet(62)) - raft.server.log.appender.buffer.byte-limit = 33554432 (custom)
2025-10-18 02:35:26,863 [main] WARN  server.ServerUtils (ServerUtils.java:getDefaultRatisDirectory(304)) - Storage directory for Ratis is not configured. It is a good idea to map this to an SSD disk. Falling back to ozone.metadata.dirs
2025-10-18 02:35:26,864 [main] INFO  grpc.GrpcConfigKeys (ConfUtils.java:logFallback(69)) - raft.grpc.admin.host = null (fallback to raft.grpc.server.host)
2025-10-18 02:35:26,864 [main] INFO  grpc.GrpcConfigKeys (ConfUtils.java:logFallback(69)) - raft.grpc.client.host = null (fallback to raft.grpc.server.host)
2025-10-18 02:35:26,864 [main] INFO  server.GrpcServicesImpl (ConfUtils.java:logGet(62)) - raft.grpc.message.size.max = 34603008 (custom)
2025-10-18 02:35:26,864 [main] INFO  server.GrpcServicesImpl (ConfUtils.java:logGet(62)) - raft.grpc.flow.control.window = 5MB (=5242880) (custom)
2025-10-18 02:35:26,864 [main] INFO  server.RaftServerConfigKeys (ConfUtils.java:logGet(62)) - raft.server.log.appender.buffer.byte-limit = 33554432 (custom)
2025-10-18 02:35:26,865 [main] INFO  netty.NettyUtils (NettyUtils.java:newEventLoopGroup(74)) - Create EpollEventLoopGroup for 774752b0-17fe-46cf-8180-b26ecb9022c3-NettyServerStreamRpc-bossGroup; Thread size is 0.
2025-10-18 02:35:26,866 [main] INFO  netty.NettyUtils (NettyUtils.java:newEventLoopGroup(74)) - Create EpollEventLoopGroup for 774752b0-17fe-46cf-8180-b26ecb9022c3-NettyServerStreamRpc-workerGroup; Thread size is 0.
2025-10-18 02:35:26,866 [main] INFO  server.RaftServerConfigKeys (ConfUtils.java:logGet(62)) - raft.server.storage.dir = [/tmp/junit-13307873947078724701/ratis] (custom)
2025-10-18 02:35:26,867 [774752b0-17fe-46cf-8180-b26ecb9022c3-NettyServerStreamRpc-bossGroup--thread1] INFO  logging.LoggingHandler (AbstractInternalLogger.java:log(148)) - [id: 0xc6ca9e9f] REGISTERED
2025-10-18 02:35:26,867 [774752b0-17fe-46cf-8180-b26ecb9022c3-NettyServerStreamRpc-bossGroup--thread1] INFO  logging.LoggingHandler (AbstractInternalLogger.java:log(148)) - [id: 0xc6ca9e9f] BIND: 0.0.0.0/0.0.0.0:0
2025-10-18 02:35:26,867 [774752b0-17fe-46cf-8180-b26ecb9022c3-NettyServerStreamRpc-bossGroup--thread1] INFO  logging.LoggingHandler (AbstractInternalLogger.java:log(148)) - [id: 0xc6ca9e9f, L:/0.0.0.0:45499] ACTIVE
2025-10-18 02:35:26,867 [774752b0-17fe-46cf-8180-b26ecb9022c3-impl-thread1] INFO  server.RaftServer (RaftServerProxy.java:initGroupDir(270)) - 774752b0-17fe-46cf-8180-b26ecb9022c3: found a subdirectory /tmp/junit-13307873947078724701/ratis/tmp
2025-10-18 02:35:26,867 [774752b0-17fe-46cf-8180-b26ecb9022c3-impl-thread1] INFO  server.RaftServer (RaftServerProxy.java:initGroupDir(275)) - 774752b0-17fe-46cf-8180-b26ecb9022c3: The directory /tmp/junit-13307873947078724701/ratis/tmp is not a group directory; ignoring it. 
2025-10-18 02:35:26,868 [main] INFO  replication.ReplicationServer (ReplicationServer.java:<init>(84)) - Initializing replication server with thread count = 10 queue length = 4096
2025-10-18 02:35:26,868 [main] INFO  server.XceiverServerGrpc (XceiverServerGrpc.java:<init>(129)) - GrpcServer channel type EpollServerSocketChannel
2025-10-18 02:35:26,869 [main] INFO  replication.ReplicationSupervisor (ReplicationSupervisor.java:build(169)) - Initializing replication supervisor with thread count = 10
2025-10-18 02:35:26,870 [main] INFO  replication.ReplicationSupervisor (ReplicationSupervisor.java:nodeStateUpdated(358)) - Node state updated to IN_SERVICE, scaling executor pool size to 10
2025-10-18 02:35:26,877 [774752b0-17fe-46cf-8180-b26ecb9022c3-ContainerReader-0] INFO  ozoneimpl.ContainerReader (ContainerReader.java:readVolume(147)) - Start to verify containers on volume /tmp/junit-13307873947078724701/631d23aa-4f14-434d-9cc4-cc19f0cfd87e/hdds
2025-10-18 02:35:26,877 [774752b0-17fe-46cf-8180-b26ecb9022c3-ContainerReader-0] INFO  ozoneimpl.ContainerReader (ContainerReader.java:readVolume(177)) - Finish verifying containers on volume /tmp/junit-13307873947078724701/631d23aa-4f14-434d-9cc4-cc19f0cfd87e/hdds
2025-10-18 02:35:26,877 [main] INFO  ozoneimpl.OzoneContainer (OzoneContainer.java:buildContainerSet(359)) - Build ContainerSet costs 0s
2025-10-18 02:35:26,877 [main] INFO  volume.ThrottledAsyncChecker (ThrottledAsyncChecker.java:schedule(138)) - Scheduling a check for /tmp/junit-13307873947078724701/631d23aa-4f14-434d-9cc4-cc19f0cfd87e/hdds
2025-10-18 02:35:26,878 [main] INFO  volume.StorageVolumeChecker (StorageVolumeChecker.java:checkAllVolumes(231)) - Scheduled health check for volume /tmp/junit-13307873947078724701/631d23aa-4f14-434d-9cc4-cc19f0cfd87e/hdds
2025-10-18 02:35:26,878 [main] INFO  volume.ThrottledAsyncChecker (ThrottledAsyncChecker.java:schedule(138)) - Scheduling a check for /tmp/junit-13307873947078724701/ratis
2025-10-18 02:35:26,879 [main] INFO  volume.StorageVolumeChecker (StorageVolumeChecker.java:checkAllVolumes(231)) - Scheduled health check for volume /tmp/junit-13307873947078724701/ratis
2025-10-18 02:35:26,879 [main] INFO  ozoneimpl.OzoneContainer (OzoneContainer.java:start(544)) - Attempting to start container services.
2025-10-18 02:35:26,880 [ContainerMetadataScanner] INFO  ozoneimpl.AbstractBackgroundContainerScanner (AbstractBackgroundContainerScanner.java:runIteration(89)) - Completed an iteration in 0 minutes. Number of iterations (since the data-node restart) : 1, Number of containers scanned in this iteration : 0, Number of unhealthy containers found in this iteration : 0
2025-10-18 02:35:26,880 [ContainerDataScanner(/tmp/junit-13307873947078724701/631d23aa-4f14-434d-9cc4-cc19f0cfd87e/hdds)] INFO  ozoneimpl.AbstractBackgroundContainerScanner (AbstractBackgroundContainerScanner.java:runIteration(89)) - Completed an iteration in 0 minutes. Number of iterations (since the data-node restart) : 1, Number of containers scanned in this iteration : 0, Number of unhealthy containers found in this iteration : 0
2025-10-18 02:35:26,881 [main] INFO  replication.ReplicationServer (ReplicationServer.java:start(137)) - ReplicationServer is started using port 9886
2025-10-18 02:35:26,881 [main] INFO  ratis.XceiverServerRatis (XceiverServerRatis.java:start(559)) - Starting XceiverServerRatis(774752b0-17fe-46cf-8180-b26ecb9022c3)
2025-10-18 02:35:26,884 [main] INFO  server.RaftServer (RaftServerProxy.java:startImpl(412)) - 774752b0-17fe-46cf-8180-b26ecb9022c3: start RPC server
2025-10-18 02:35:26,884 [main] INFO  server.GrpcServicesImpl (GrpcServicesImpl.java:startImpl(346)) - 774752b0-17fe-46cf-8180-b26ecb9022c3: GrpcServicesImpl started, listening on 9858
2025-10-18 02:35:26,884 [main] INFO  ratis.XceiverServerRatis (XceiverServerRatis.java:getRealPort(586)) - XceiverServerRatis(774752b0-17fe-46cf-8180-b26ecb9022c3) is started using port RATIS=9858
2025-10-18 02:35:26,884 [main] INFO  ratis.XceiverServerRatis (XceiverServerRatis.java:getRealPort(586)) - XceiverServerRatis(774752b0-17fe-46cf-8180-b26ecb9022c3) is started using port RATIS_ADMIN=9858
2025-10-18 02:35:26,884 [JvmPauseMonitor18] INFO  util.JvmPauseMonitor (JvmPauseMonitor.java:run(146)) - JvmPauseMonitor-774752b0-17fe-46cf-8180-b26ecb9022c3: Started
2025-10-18 02:35:26,885 [main] INFO  ratis.XceiverServerRatis (XceiverServerRatis.java:getRealPort(586)) - XceiverServerRatis(774752b0-17fe-46cf-8180-b26ecb9022c3) is started using port RATIS_SERVER=9858
2025-10-18 02:35:26,885 [main] INFO  ratis.XceiverServerRatis (XceiverServerRatis.java:getRealPort(586)) - XceiverServerRatis(774752b0-17fe-46cf-8180-b26ecb9022c3) is started using port RATIS_DATASTREAM=45499
2025-10-18 02:35:26,885 [main] INFO  utils.BackgroundService (BackgroundService.java:start(119)) - Starting service BlockDeletingService with interval 60000 milliseconds
2025-10-18 02:35:26,886 [main] INFO  utils.BackgroundService (BackgroundService.java:start(119)) - Starting service StaleRecoveringContainerScrubbingService with interval 60000 milliseconds
2025-10-18 02:35:26,887 [main] INFO  upgrade.UpgradeFinalizer (BasicUpgradeFinalizer.java:logAndEmit(395)) - Finalization started.
2025-10-18 02:35:26,887 [main] INFO  upgrade.UpgradeFinalizer (BasicUpgradeFinalizer.java:runFinalizationAction(270)) - Running finalization actions for layout feature: DATANODE_SCHEMA_V3
2025-10-18 02:35:26,887 [main] INFO  upgrade.DatanodeSchemaV3FinalizeAction (DatanodeSchemaV3FinalizeAction.java:execute(49)) - Upgrading Datanode volume layout for Schema V3 support.
2025-10-18 02:35:26,909 [main] INFO  utils.DatanodeStoreCache (DatanodeStoreCache.java:addDB(70)) - Added db /tmp/junit-13307873947078724701/631d23aa-4f14-434d-9cc4-cc19f0cfd87e/hdds/clusterID/DS-a2798639-c684-46f9-bbc2-3f40c362cef4/container.db to cache
2025-10-18 02:35:26,909 [main] INFO  volume.HddsVolume (HddsVolume.java:createDbStore(576)) - SchemaV3 db is created and loaded at /tmp/junit-13307873947078724701/631d23aa-4f14-434d-9cc4-cc19f0cfd87e/hdds/clusterID/DS-a2798639-c684-46f9-bbc2-3f40c362cef4/container.db for volume DS-a2798639-c684-46f9-bbc2-3f40c362cef4
2025-10-18 02:35:26,910 [main] INFO  utils.DatanodeStoreCache (DatanodeStoreCache.java:removeDB(104)) - Removed db /tmp/junit-13307873947078724701/631d23aa-4f14-434d-9cc4-cc19f0cfd87e/hdds/clusterID/DS-a2798639-c684-46f9-bbc2-3f40c362cef4/container.db from cache
2025-10-18 02:35:26,910 [main] INFO  volume.HddsVolume (HddsVolume.java:closeDbStore(609)) - SchemaV3 db is stopped at /tmp/junit-13307873947078724701/631d23aa-4f14-434d-9cc4-cc19f0cfd87e/hdds/clusterID/DS-a2798639-c684-46f9-bbc2-3f40c362cef4/container.db for volume DS-a2798639-c684-46f9-bbc2-3f40c362cef4
2025-10-18 02:35:26,923 [ForkJoinPool.commonPool-worker-1] INFO  utils.DatanodeStoreCache (DatanodeStoreCache.java:addDB(70)) - Added db /tmp/junit-13307873947078724701/631d23aa-4f14-434d-9cc4-cc19f0cfd87e/hdds/clusterID/DS-a2798639-c684-46f9-bbc2-3f40c362cef4/container.db to cache
2025-10-18 02:35:26,923 [ForkJoinPool.commonPool-worker-1] INFO  volume.HddsVolume (HddsVolume.java:loadDbStore(517)) - SchemaV3 db is loaded at /tmp/junit-13307873947078724701/631d23aa-4f14-434d-9cc4-cc19f0cfd87e/hdds/clusterID/DS-a2798639-c684-46f9-bbc2-3f40c362cef4/container.db for volume DS-a2798639-c684-46f9-bbc2-3f40c362cef4
2025-10-18 02:35:26,923 [main] INFO  upgrade.DatanodeSchemaV3FinalizeAction (HddsVolumeUtil.java:loadAllHddsVolumeDbStore(102)) - Load 1 volumes DbStore cost: 13ms
2025-10-18 02:35:26,924 [main] INFO  upgrade.AbstractLayoutVersionManager (AbstractLayoutVersionManager.java:finalized(124)) - Layout feature DATANODE_SCHEMA_V3 has been finalized.
2025-10-18 02:35:26,924 [main] INFO  upgrade.UpgradeFinalizer (BasicUpgradeFinalizer.java:logAndEmit(395)) - No onFinalize work defined for feature: RATIS_DATASTREAM_PORT_IN_DATANODEDETAILS.
2025-10-18 02:35:26,925 [main] INFO  upgrade.AbstractLayoutVersionManager (AbstractLayoutVersionManager.java:finalized(124)) - Layout feature RATIS_DATASTREAM_PORT_IN_DATANODEDETAILS has been finalized.
2025-10-18 02:35:26,925 [main] INFO  upgrade.UpgradeFinalizer (BasicUpgradeFinalizer.java:logAndEmit(395)) - No onFinalize work defined for feature: WEBUI_PORTS_IN_DATANODEDETAILS.
2025-10-18 02:35:26,927 [main] INFO  upgrade.AbstractLayoutVersionManager (AbstractLayoutVersionManager.java:finalized(124)) - Layout feature WEBUI_PORTS_IN_DATANODEDETAILS has been finalized.
2025-10-18 02:35:26,927 [main] INFO  upgrade.UpgradeFinalizer (BasicUpgradeFinalizer.java:logAndEmit(395)) - No onFinalize work defined for feature: HADOOP_PRC_PORTS_IN_DATANODEDETAILS.
2025-10-18 02:35:26,928 [main] INFO  upgrade.AbstractLayoutVersionManager (AbstractLayoutVersionManager.java:finalized(124)) - Layout feature HADOOP_PRC_PORTS_IN_DATANODEDETAILS has been finalized.
2025-10-18 02:35:26,928 [main] INFO  upgrade.UpgradeFinalizer (BasicUpgradeFinalizer.java:logAndEmit(395)) - No onFinalize work defined for feature: HBASE_SUPPORT.
2025-10-18 02:35:26,929 [main] INFO  upgrade.AbstractLayoutVersionManager (AbstractLayoutVersionManager.java:finalized(124)) - Layout feature HBASE_SUPPORT has been finalized.
2025-10-18 02:35:26,929 [main] INFO  upgrade.UpgradeFinalizer (BasicUpgradeFinalizer.java:runFinalizationAction(270)) - Running finalization actions for layout feature: WITNESSED_CONTAINER_DB_PROTO_VALUE
2025-10-18 02:35:26,929 [main] INFO  upgrade.ContainerTableSchemaFinalizeAction (ContainerTableSchemaFinalizeAction.java:execute(71)) - Finished copy to containerIdsTable from previous table
2025-10-18 02:35:26,930 [main] INFO  upgrade.AbstractLayoutVersionManager (AbstractLayoutVersionManager.java:finalized(124)) - Layout feature WITNESSED_CONTAINER_DB_PROTO_VALUE has been finalized.
2025-10-18 02:35:26,930 [main] INFO  upgrade.AbstractLayoutVersionManager (AbstractLayoutVersionManager.java:finalized(126)) - Finalization is complete.
2025-10-18 02:35:26,930 [main] INFO  upgrade.UpgradeFinalizer (BasicUpgradeFinalizer.java:logAndEmit(395)) - Finalization is done.
2025-10-18 02:35:26,931 [main] INFO  ozoneimpl.OzoneContainer (OzoneContainer.java:stop(568)) - Attempting to stop container services.
2025-10-18 02:35:26,931 [ContainerMetadataScanner] WARN  ozoneimpl.AbstractBackgroundContainerScanner (AbstractBackgroundContainerScanner.java:handleRemainingSleep(136)) - Background container scan was interrupted.
2025-10-18 02:35:26,931 [ContainerMetadataScanner] INFO  ozoneimpl.AbstractBackgroundContainerScanner (AbstractBackgroundContainerScanner.java:run(63)) - org.apache.hadoop.ozone.container.ozoneimpl.BackgroundContainerMetadataScanner@bd678df exiting.
2025-10-18 02:35:26,931 [main] INFO  ozoneimpl.BackgroundContainerDataScanner (BackgroundContainerDataScanner.java:shutdown(87)) - ContainerDataScanner(/tmp/junit-13307873947078724701/631d23aa-4f14-434d-9cc4-cc19f0cfd87e/hdds) is shutting down. 
2025-10-18 02:35:26,932 [ContainerDataScanner(/tmp/junit-13307873947078724701/631d23aa-4f14-434d-9cc4-cc19f0cfd87e/hdds)] WARN  ozoneimpl.AbstractBackgroundContainerScanner (AbstractBackgroundContainerScanner.java:handleRemainingSleep(136)) - Background container scan was interrupted.
2025-10-18 02:35:26,932 [ContainerDataScanner(/tmp/junit-13307873947078724701/631d23aa-4f14-434d-9cc4-cc19f0cfd87e/hdds)] INFO  ozoneimpl.AbstractBackgroundContainerScanner (AbstractBackgroundContainerScanner.java:run(63)) - ContainerDataScanner(/tmp/junit-13307873947078724701/631d23aa-4f14-434d-9cc4-cc19f0cfd87e/hdds, DS-a2798639-c684-46f9-bbc2-3f40c362cef4) exiting.
2025-10-18 02:35:26,932 [main] INFO  ozoneimpl.OnDemandContainerScanner (OnDemandContainerScanner.java:shutdown(141)) - On-demand container scanner is shutting down.
2025-10-18 02:35:26,932 [main] INFO  ratis.XceiverServerRatis (XceiverServerRatis.java:stop(594)) - Closing XceiverServerRatis(774752b0-17fe-46cf-8180-b26ecb9022c3)
2025-10-18 02:35:26,932 [main] INFO  server.RaftServer (RaftServerProxy.java:lambda$close$9(422)) - 774752b0-17fe-46cf-8180-b26ecb9022c3: close
2025-10-18 02:35:26,932 [main] INFO  server.GrpcServicesImpl (GrpcServicesImpl.java:closeImpl(355)) - 774752b0-17fe-46cf-8180-b26ecb9022c3: shutdown server GrpcServerProtocolService now
2025-10-18 02:35:26,933 [main] INFO  server.GrpcServicesImpl (GrpcServicesImpl.java:closeImpl(364)) - 774752b0-17fe-46cf-8180-b26ecb9022c3: shutdown server GrpcServerProtocolService successfully
2025-10-18 02:35:26,933 [774752b0-17fe-46cf-8180-b26ecb9022c3-NettyServerStreamRpc-bossGroup--thread1] INFO  logging.LoggingHandler (AbstractInternalLogger.java:log(148)) - [id: 0xc6ca9e9f, L:/0.0.0.0:45499] CLOSE
2025-10-18 02:35:26,933 [774752b0-17fe-46cf-8180-b26ecb9022c3-NettyServerStreamRpc-bossGroup--thread1] INFO  logging.LoggingHandler (AbstractInternalLogger.java:log(148)) - [id: 0xc6ca9e9f, L:/0.0.0.0:45499] INACTIVE
2025-10-18 02:35:26,933 [774752b0-17fe-46cf-8180-b26ecb9022c3-NettyServerStreamRpc-bossGroup--thread1] INFO  logging.LoggingHandler (AbstractInternalLogger.java:log(148)) - [id: 0xc6ca9e9f, L:/0.0.0.0:45499] UNREGISTERED
2025-10-18 02:35:26,936 [JvmPauseMonitor18] INFO  util.JvmPauseMonitor (JvmPauseMonitor.java:run(152)) - JvmPauseMonitor-774752b0-17fe-46cf-8180-b26ecb9022c3: Stopped
2025-10-18 02:35:28,940 [main] INFO  volume.HddsVolume (HddsVolume.java:closeDbStore(609)) - SchemaV3 db is stopped at /tmp/junit-13307873947078724701/631d23aa-4f14-434d-9cc4-cc19f0cfd87e/hdds/clusterID/DS-a2798639-c684-46f9-bbc2-3f40c362cef4/container.db for volume DS-a2798639-c684-46f9-bbc2-3f40c362cef4
2025-10-18 02:35:28,940 [main] INFO  utils.BackgroundService (BackgroundService.java:shutdown(195)) - Shutting down service BlockDeletingService
2025-10-18 02:35:28,941 [main] INFO  utils.BackgroundService (BackgroundService.java:shutdown(195)) - Shutting down service StaleRecoveringContainerScrubbingService
2025-10-18 02:35:28,942 [main] INFO  upgrade.AbstractLayoutVersionManager (AbstractLayoutVersionManager.java:init(80)) - Initializing Layout version manager with metadata layout = WITNESSED_CONTAINER_DB_PROTO_VALUE (version = 9), software layout = WITNESSED_CONTAINER_DB_PROTO_VALUE (version = 9)
2025-10-18 02:35:28,943 [main] INFO  statemachine.DatanodeStateMachine (DatanodeStateMachine.java:getEndPointTaskThreadPoolSize(321)) - Datanode State Machine Task Thread Pool size 2
2025-10-18 02:35:28,944 [main] INFO  volume.HddsVolume (HddsVolume.java:<init>(162)) - HddsVolume: { id=53316df0-ab3f-454e-ad9f-60ca32593c5a dir=/home/runner/work/ozone/ozone/hadoop-hdds/container-service/file:/home/runner/work/ozone/ozone/hadoop-hdds/container-service/target/tmp/dfs/data type=DISK failed }
2025-10-18 02:35:28,944 [main] ERROR volume.MutableVolumeSet (MutableVolumeSet.java:initializeVolumeSet(194)) - Failed to parse the storage location: file:///home/runner/work/ozone/ozone/hadoop-hdds/container-service/target/tmp/dfs/data
org.apache.hadoop.ozone.common.InconsistentStorageStateException: Mismatched DatanodeUUIDs. Version File : /home/runner/work/ozone/ozone/hadoop-hdds/container-service/target/tmp/dfs/data/hdds/VERSION has datanodeUuid: c3d05b50-810d-4b78-be46-d77415fe1b4d and Datanode has datanodeUuid: 774752b0-17fe-46cf-8180-b26ecb9022c3
	at org.apache.hadoop.ozone.container.common.utils.StorageVolumeUtil.getDatanodeUUID(StorageVolumeUtil.java:122)
	at org.apache.hadoop.ozone.container.common.volume.StorageVolume.readVersionFile(StorageVolume.java:385)
	at org.apache.hadoop.ozone.container.common.volume.StorageVolume.initializeImpl(StorageVolume.java:240)
	at org.apache.hadoop.ozone.container.common.volume.StorageVolume.initialize(StorageVolume.java:215)
	at org.apache.hadoop.ozone.container.common.volume.HddsVolume.<init>(HddsVolume.java:151)
	at org.apache.hadoop.ozone.container.common.volume.HddsVolume.<init>(HddsVolume.java:80)
	at org.apache.hadoop.ozone.container.common.volume.HddsVolume$Builder.build(HddsVolume.java:130)
	at org.apache.hadoop.ozone.container.common.volume.HddsVolumeFactory.createVolume(HddsVolumeFactory.java:46)
	at org.apache.hadoop.ozone.container.common.volume.MutableVolumeSet.initializeVolumeSet(MutableVolumeSet.java:172)
	at org.apache.hadoop.ozone.container.common.volume.MutableVolumeSet.<init>(MutableVolumeSet.java:130)
	at org.apache.hadoop.ozone.container.common.volume.MutableVolumeSet.<init>(MutableVolumeSet.java:92)
	at org.apache.hadoop.ozone.container.ozoneimpl.OzoneContainer.<init>(OzoneContainer.java:170)
	at org.apache.hadoop.ozone.container.common.statemachine.DatanodeStateMachine.<init>(DatanodeStateMachine.java:191)
	at org.apache.hadoop.ozone.container.common.statemachine.DatanodeStateMachine.<init>(DatanodeStateMachine.java:305)
	at org.apache.hadoop.ozone.container.upgrade.UpgradeTestHelper.restartDatanode(UpgradeTestHelper.java:108)
	at org.apache.hadoop.ozone.container.upgrade.TestDatanodeUpgradeToSchemaV3.testAddDbAndHddsVolumeAfterFinalize(TestDatanodeUpgradeToSchemaV3.java:364)
	at java.base/jdk.internal.reflect.DirectMethodHandleAccessor.invoke(DirectMethodHandleAccessor.java:103)
	at java.base/java.lang.reflect.Method.invoke(Method.java:580)
	at org.junit.platform.commons.util.ReflectionUtils.invokeMethod(ReflectionUtils.java:786)
	at org.junit.platform.commons.support.ReflectionSupport.invokeMethod(ReflectionSupport.java:514)
	at org.junit.jupiter.engine.execution.MethodInvocation.proceed(MethodInvocation.java:60)
	at org.junit.jupiter.engine.execution.InvocationInterceptorChain$ValidatingInvocation.proceed(InvocationInterceptorChain.java:131)
	at org.junit.jupiter.engine.extension.SameThreadTimeoutInvocation.proceed(SameThreadTimeoutInvocation.java:49)
	at org.junit.jupiter.engine.extension.TimeoutExtension.intercept(TimeoutExtension.java:161)
	at org.junit.jupiter.engine.extension.TimeoutExtension.interceptTestableMethod(TimeoutExtension.java:152)
	at org.junit.jupiter.engine.extension.TimeoutExtension.interceptTestTemplateMethod(TimeoutExtension.java:99)
	at org.junit.jupiter.engine.execution.InterceptingExecutableInvoker$ReflectiveInterceptorCall.lambda$ofVoidMethod$0(InterceptingExecutableInvoker.java:112)
	at org.junit.jupiter.engine.execution.InterceptingExecutableInvoker.lambda$invoke$0(InterceptingExecutableInvoker.java:94)
	at org.junit.jupiter.engine.execution.InvocationInterceptorChain$InterceptedInvocation.proceed(InvocationInterceptorChain.java:106)
	at org.junit.jupiter.engine.execution.InvocationInterceptorChain.proceed(InvocationInterceptorChain.java:64)
	at org.junit.jupiter.engine.execution.InvocationInterceptorChain.chainAndInvoke(InvocationInterceptorChain.java:45)
	at org.junit.jupiter.engine.execution.InvocationInterceptorChain.invoke(InvocationInterceptorChain.java:37)
	at org.junit.jupiter.engine.execution.InterceptingExecutableInvoker.invoke(InterceptingExecutableInvoker.java:93)
	at org.junit.jupiter.engine.execution.InterceptingExecutableInvoker.invoke(InterceptingExecutableInvoker.java:87)
	at org.junit.jupiter.engine.descriptor.TestMethodTestDescriptor.lambda$invokeTestMethod$4(TestMethodTestDescriptor.java:221)
	at org.junit.platform.engine.support.hierarchical.ThrowableCollector.execute(ThrowableCollector.java:73)
	at org.junit.jupiter.engine.descriptor.TestMethodTestDescriptor.invokeTestMethod(TestMethodTestDescriptor.java:217)
	at org.junit.jupiter.engine.descriptor.TestMethodTestDescriptor.execute(TestMethodTestDescriptor.java:159)
	at org.junit.jupiter.engine.descriptor.TestMethodTestDescriptor.execute(TestMethodTestDescriptor.java:70)
	at org.junit.platform.engine.support.hierarchical.NodeTestTask.lambda$executeRecursively$6(NodeTestTask.java:157)
	at org.junit.platform.engine.support.hierarchical.ThrowableCollector.execute(ThrowableCollector.java:73)
	at org.junit.platform.engine.support.hierarchical.NodeTestTask.lambda$executeRecursively$8(NodeTestTask.java:147)
	at org.junit.platform.engine.support.hierarchical.Node.around(Node.java:137)
	at org.junit.platform.engine.support.hierarchical.NodeTestTask.lambda$executeRecursively$9(NodeTestTask.java:145)
	at org.junit.platform.engine.support.hierarchical.ThrowableCollector.execute(ThrowableCollector.java:73)
	at org.junit.platform.engine.support.hierarchical.NodeTestTask.executeRecursively(NodeTestTask.java:144)
	at org.junit.platform.engine.support.hierarchical.NodeTestTask.execute(NodeTestTask.java:101)
	at org.junit.platform.engine.support.hierarchical.SameThreadHierarchicalTestExecutorService.submit(SameThreadHierarchicalTestExecutorService.java:35)
	at org.junit.platform.engine.support.hierarchical.NodeTestTask$DefaultDynamicTestExecutor.execute(NodeTestTask.java:232)
	at org.junit.platform.engine.support.hierarchical.NodeTestTask$DefaultDynamicTestExecutor.execute(NodeTestTask.java:210)
	at org.junit.jupiter.engine.descriptor.TemplateExecutor.execute(TemplateExecutor.java:98)
	at org.junit.jupiter.engine.descriptor.TemplateExecutor.lambda$executeForProvider$0(TemplateExecutor.java:61)
	at java.base/java.util.Optional.ifPresent(Optional.java:178)
	at org.junit.jupiter.engine.descriptor.TemplateExecutor.lambda$executeForProvider$1(TemplateExecutor.java:61)
	at java.base/java.util.stream.ForEachOps$ForEachOp$OfRef.accept(ForEachOps.java:184)
	at java.base/java.util.stream.ReferencePipeline$3$1.accept(ReferencePipeline.java:197)
	at java.base/java.util.stream.ForEachOps$ForEachOp$OfRef.accept(ForEachOps.java:184)
	at java.base/java.util.stream.ForEachOps$ForEachOp$OfRef.accept(ForEachOps.java:184)
	at java.base/java.util.stream.ReferencePipeline$3$1.accept(ReferencePipeline.java:197)
	at java.base/java.util.Spliterators$ArraySpliterator.forEachRemaining(Spliterators.java:1024)
	at java.base/java.util.stream.AbstractPipeline.copyInto(AbstractPipeline.java:509)
	at java.base/java.util.stream.AbstractPipeline.wrapAndCopyInto(AbstractPipeline.java:499)
	at java.base/java.util.stream.ForEachOps$ForEachOp.evaluateSequential(ForEachOps.java:151)
	at java.base/java.util.stream.ForEachOps$ForEachOp$OfRef.evaluateSequential(ForEachOps.java:174)
	at java.base/java.util.stream.AbstractPipeline.evaluate(AbstractPipeline.java:234)
	at java.base/java.util.stream.ReferencePipeline.forEach(ReferencePipeline.java:596)
	at java.base/java.util.stream.ReferencePipeline$7$1.accept(ReferencePipeline.java:276)
	at java.base/java.util.ArrayList$ArrayListSpliterator.forEachRemaining(ArrayList.java:1708)
	at java.base/java.util.stream.AbstractPipeline.copyInto(AbstractPipeline.java:509)
	at java.base/java.util.stream.AbstractPipeline.wrapAndCopyInto(AbstractPipeline.java:499)
	at java.base/java.util.stream.ForEachOps$ForEachOp.evaluateSequential(ForEachOps.java:151)
	at java.base/java.util.stream.ForEachOps$ForEachOp$OfRef.evaluateSequential(ForEachOps.java:174)
	at java.base/java.util.stream.AbstractPipeline.evaluate(AbstractPipeline.java:234)
	at java.base/java.util.stream.ReferencePipeline.forEach(ReferencePipeline.java:596)
	at java.base/java.util.stream.ReferencePipeline$7$1.accept(ReferencePipeline.java:276)
	at java.base/java.util.stream.ReferencePipeline$3$1.accept(ReferencePipeline.java:197)
	at java.base/java.util.stream.ReferencePipeline$3$1.accept(ReferencePipeline.java:197)
	at java.base/java.util.stream.ReferencePipeline$3$1.accept(ReferencePipeline.java:197)
	at java.base/java.util.ArrayList$ArrayListSpliterator.forEachRemaining(ArrayList.java:1708)
	at java.base/java.util.stream.AbstractPipeline.copyInto(AbstractPipeline.java:509)
	at java.base/java.util.stream.AbstractPipeline.wrapAndCopyInto(AbstractPipeline.java:499)
	at java.base/java.util.stream.ForEachOps$ForEachOp.evaluateSequential(ForEachOps.java:151)
	at java.base/java.util.stream.ForEachOps$ForEachOp$OfRef.evaluateSequential(ForEachOps.java:174)
	at java.base/java.util.stream.AbstractPipeline.evaluate(AbstractPipeline.java:234)
	at java.base/java.util.stream.ReferencePipeline.forEach(ReferencePipeline.java:596)
	at org.junit.jupiter.engine.descriptor.TemplateExecutor.executeForProvider(TemplateExecutor.java:59)
	at org.junit.jupiter.engine.descriptor.TemplateExecutor.execute(TemplateExecutor.java:48)
	at org.junit.jupiter.engine.descriptor.TestTemplateTestDescriptor.execute(TestTemplateTestDescriptor.java:112)
	at org.junit.jupiter.engine.descriptor.TestTemplateTestDescriptor.execute(TestTemplateTestDescriptor.java:40)
	at org.junit.platform.engine.support.hierarchical.NodeTestTask.lambda$executeRecursively$6(NodeTestTask.java:157)
	at org.junit.platform.engine.support.hierarchical.ThrowableCollector.execute(ThrowableCollector.java:73)
	at org.junit.platform.engine.support.hierarchical.NodeTestTask.lambda$executeRecursively$8(NodeTestTask.java:147)
	at org.junit.platform.engine.support.hierarchical.Node.around(Node.java:137)
	at org.junit.platform.engine.support.hierarchical.NodeTestTask.lambda$executeRecursively$9(NodeTestTask.java:145)
	at org.junit.platform.engine.support.hierarchical.ThrowableCollector.execute(ThrowableCollector.java:73)
	at org.junit.platform.engine.support.hierarchical.NodeTestTask.executeRecursively(NodeTestTask.java:144)
	at org.junit.platform.engine.support.hierarchical.NodeTestTask.execute(NodeTestTask.java:101)
	at java.base/java.util.ArrayList.forEach(ArrayList.java:1596)
	at org.junit.platform.engine.support.hierarchical.SameThreadHierarchicalTestExecutorService.invokeAll(SameThreadHierarchicalTestExecutorService.java:41)
	at org.junit.platform.engine.support.hierarchical.NodeTestTask.lambda$executeRecursively$6(NodeTestTask.java:161)
	at org.junit.platform.engine.support.hierarchical.ThrowableCollector.execute(ThrowableCollector.java:73)
	at org.junit.platform.engine.support.hierarchical.NodeTestTask.lambda$executeRecursively$8(NodeTestTask.java:147)
	at org.junit.platform.engine.support.hierarchical.Node.around(Node.java:137)
	at org.junit.platform.engine.support.hierarchical.NodeTestTask.lambda$executeRecursively$9(NodeTestTask.java:145)
	at org.junit.platform.engine.support.hierarchical.ThrowableCollector.execute(ThrowableCollector.java:73)
	at org.junit.platform.engine.support.hierarchical.NodeTestTask.executeRecursively(NodeTestTask.java:144)
	at org.junit.platform.engine.support.hierarchical.NodeTestTask.execute(NodeTestTask.java:101)
	at java.base/java.util.ArrayList.forEach(ArrayList.java:1596)
	at org.junit.platform.engine.support.hierarchical.SameThreadHierarchicalTestExecutorService.invokeAll(SameThreadHierarchicalTestExecutorService.java:41)
	at org.junit.platform.engine.support.hierarchical.NodeTestTask.lambda$executeRecursively$6(NodeTestTask.java:161)
	at org.junit.platform.engine.support.hierarchical.ThrowableCollector.execute(ThrowableCollector.java:73)
	at org.junit.platform.engine.support.hierarchical.NodeTestTask.lambda$executeRecursively$8(NodeTestTask.java:147)
	at org.junit.platform.engine.support.hierarchical.Node.around(Node.java:137)
	at org.junit.platform.engine.support.hierarchical.NodeTestTask.lambda$executeRecursively$9(NodeTestTask.java:145)
	at org.junit.platform.engine.support.hierarchical.ThrowableCollector.execute(ThrowableCollector.java:73)
	at org.junit.platform.engine.support.hierarchical.NodeTestTask.executeRecursively(NodeTestTask.java:144)
	at org.junit.platform.engine.support.hierarchical.NodeTestTask.execute(NodeTestTask.java:101)
	at org.junit.platform.engine.support.hierarchical.SameThreadHierarchicalTestExecutorService.submit(SameThreadHierarchicalTestExecutorService.java:35)
	at org.junit.platform.engine.support.hierarchical.HierarchicalTestExecutor.execute(HierarchicalTestExecutor.java:57)
	at org.junit.platform.engine.support.hierarchical.HierarchicalTestEngine.execute(HierarchicalTestEngine.java:54)
	at org.junit.platform.launcher.core.EngineExecutionOrchestrator.executeEngine(EngineExecutionOrchestrator.java:230)
	at org.junit.platform.launcher.core.EngineExecutionOrchestrator.failOrExecuteEngine(EngineExecutionOrchestrator.java:204)
	at org.junit.platform.launcher.core.EngineExecutionOrchestrator.execute(EngineExecutionOrchestrator.java:172)
	at org.junit.platform.launcher.core.EngineExecutionOrchestrator.execute(EngineExecutionOrchestrator.java:101)
	at org.junit.platform.launcher.core.EngineExecutionOrchestrator.lambda$execute$0(EngineExecutionOrchestrator.java:64)
	at org.junit.platform.launcher.core.EngineExecutionOrchestrator.withInterceptedStreams(EngineExecutionOrchestrator.java:150)
	at org.junit.platform.launcher.core.EngineExecutionOrchestrator.execute(EngineExecutionOrchestrator.java:63)
	at org.junit.platform.launcher.core.DefaultLauncher.execute(DefaultLauncher.java:109)
	at org.junit.platform.launcher.core.DefaultLauncher.execute(DefaultLauncher.java:91)
	at org.junit.platform.launcher.core.DelegatingLauncher.execute(DelegatingLauncher.java:47)
	at org.junit.platform.launcher.core.InterceptingLauncher.lambda$execute$1(InterceptingLauncher.java:39)
	at org.junit.platform.launcher.core.ClasspathAlignmentCheckingLauncherInterceptor.intercept(ClasspathAlignmentCheckingLauncherInterceptor.java:25)
	at org.junit.platform.launcher.core.InterceptingLauncher.execute(InterceptingLauncher.java:38)
	at org.junit.platform.launcher.core.DelegatingLauncher.execute(DelegatingLauncher.java:47)
	at org.apache.maven.surefire.junitplatform.LazyLauncher.execute(LazyLauncher.java:56)
	at org.apache.maven.surefire.junitplatform.JUnitPlatformProvider.execute(JUnitPlatformProvider.java:184)
	at org.apache.maven.surefire.junitplatform.JUnitPlatformProvider.invokeAllTests(JUnitPlatformProvider.java:148)
	at org.apache.maven.surefire.junitplatform.JUnitPlatformProvider.invoke(JUnitPlatformProvider.java:120)
	at org.apache.maven.surefire.booter.ForkedBooter.runSuitesInProcess(ForkedBooter.java:385)
	at org.apache.maven.surefire.booter.ForkedBooter.execute(ForkedBooter.java:162)
	at org.apache.maven.surefire.booter.ForkedBooter.run(ForkedBooter.java:507)
	at org.apache.maven.surefire.booter.ForkedBooter.main(ForkedBooter.java:495)
2025-10-18 02:35:28,945 [main] INFO  volume.HddsVolume (HddsVolume.java:<init>(162)) - HddsVolume: { id=DS-a2798639-c684-46f9-bbc2-3f40c362cef4 dir=/tmp/junit-13307873947078724701/631d23aa-4f14-434d-9cc4-cc19f0cfd87e/hdds type=DISK capacity=9222449699674390527 used=0 available=9222449699674390527 minFree=184448985434423296 committed=0 }
2025-10-18 02:35:28,945 [main] INFO  volume.MutableVolumeSet (MutableVolumeSet.java:initializeVolumeSet(175)) - Added Volume : /tmp/junit-13307873947078724701/631d23aa-4f14-434d-9cc4-cc19f0cfd87e/hdds to VolumeSet
2025-10-18 02:35:28,947 [main] INFO  volume.HddsVolume (HddsVolume.java:<init>(162)) - HddsVolume: { id=DS-34d6a482-fe49-4b0a-99c4-7980ceb84998 dir=/tmp/junit-13307873947078724701/661d5273-4579-40b9-9412-77864f42c92b/hdds type=DISK capacity=9222449699674390527 used=0 available=9222449699674390527 minFree=184448985434423296 committed=0 }
2025-10-18 02:35:28,947 [main] INFO  volume.MutableVolumeSet (MutableVolumeSet.java:initializeVolumeSet(175)) - Added Volume : /tmp/junit-13307873947078724701/661d5273-4579-40b9-9412-77864f42c92b/hdds to VolumeSet
2025-10-18 02:35:28,948 [main] WARN  server.ServerUtils (ServerUtils.java:getDefaultRatisDirectory(304)) - Storage directory for Ratis is not configured. It is a good idea to map this to an SSD disk. Falling back to ozone.metadata.dirs
2025-10-18 02:35:28,948 [main] INFO  volume.MutableVolumeSet (MutableVolumeSet.java:initializeVolumeSet(175)) - Added Volume : /tmp/junit-13307873947078724701/ratis to VolumeSet
2025-10-18 02:35:28,949 [main] INFO  volume.DbVolume (DbVolume.java:<init>(63)) - DbVolume: { id=DS-fcdecba9-40f7-48ed-84cd-d31849d88af9 dir=/tmp/junit-13307873947078724701/30778138-977a-4bb4-9b6f-fa4e4b6883e2/db type=DISK capacity=9222449699674390527 used=0 available=9222449699674390527 minFree=0 committed=0 }
2025-10-18 02:35:28,949 [main] INFO  volume.MutableVolumeSet (MutableVolumeSet.java:initializeVolumeSet(175)) - Added Volume : /tmp/junit-13307873947078724701/30778138-977a-4bb4-9b6f-fa4e4b6883e2/db to VolumeSet
2025-10-18 02:35:28,950 [ForkJoinPool.commonPool-worker-2] INFO  volume.ThrottledAsyncChecker (ThrottledAsyncChecker.java:schedule(138)) - Scheduling a check for /tmp/junit-13307873947078724701/661d5273-4579-40b9-9412-77864f42c92b/hdds
2025-10-18 02:35:28,951 [ForkJoinPool.commonPool-worker-2] ERROR ozoneimpl.OzoneContainer (HddsVolumeUtil.java:loadVolume(114)) - Load db store for HddsVolume /tmp/junit-13307873947078724701/661d5273-4579-40b9-9412-77864f42c92b/hdds failed
java.io.IOException: Working dir /tmp/junit-13307873947078724701/661d5273-4579-40b9-9412-77864f42c92b/hdds/clusterID not created for HddsVolume: /tmp/junit-13307873947078724701/661d5273-4579-40b9-9412-77864f42c92b/hdds
	at org.apache.hadoop.ozone.container.common.volume.HddsVolume.loadDbStore(HddsVolume.java:491)
	at org.apache.hadoop.ozone.container.common.utils.HddsVolumeUtil.loadVolume(HddsVolumeUtil.java:110)
	at org.apache.hadoop.ozone.container.common.utils.HddsVolumeUtil.lambda$loadAllHddsVolumeDbStore$0(HddsVolumeUtil.java:96)
	at java.base/java.util.concurrent.CompletableFuture$AsyncRun.run(CompletableFuture.java:1804)
	at java.base/java.util.concurrent.CompletableFuture$AsyncRun.exec(CompletableFuture.java:1796)
	at java.base/java.util.concurrent.ForkJoinTask.doExec(ForkJoinTask.java:387)
	at java.base/java.util.concurrent.ForkJoinPool$WorkQueue.topLevelExec(ForkJoinPool.java:1312)
	at java.base/java.util.concurrent.ForkJoinPool.scan(ForkJoinPool.java:1843)
	at java.base/java.util.concurrent.ForkJoinPool.runWorker(ForkJoinPool.java:1808)
	at java.base/java.util.concurrent.ForkJoinWorkerThread.run(ForkJoinWorkerThread.java:188)
2025-10-18 02:35:28,963 [ForkJoinPool.commonPool-worker-1] INFO  utils.DatanodeStoreCache (DatanodeStoreCache.java:addDB(70)) - Added db /tmp/junit-13307873947078724701/631d23aa-4f14-434d-9cc4-cc19f0cfd87e/hdds/clusterID/DS-a2798639-c684-46f9-bbc2-3f40c362cef4/container.db to cache
2025-10-18 02:35:28,963 [ForkJoinPool.commonPool-worker-1] INFO  volume.HddsVolume (HddsVolume.java:loadDbStore(517)) - SchemaV3 db is loaded at /tmp/junit-13307873947078724701/631d23aa-4f14-434d-9cc4-cc19f0cfd87e/hdds/clusterID/DS-a2798639-c684-46f9-bbc2-3f40c362cef4/container.db for volume DS-a2798639-c684-46f9-bbc2-3f40c362cef4
2025-10-18 02:35:28,963 [main] INFO  ozoneimpl.OzoneContainer (HddsVolumeUtil.java:loadAllHddsVolumeDbStore(102)) - Load 2 volumes DbStore cost: 14ms
2025-10-18 02:35:28,963 [main] WARN  db.DBStoreBuilder (DBStoreBuilder.java:getDBDirPath(157)) - ozone.scm.datanode.id.dir is not configured. We recommend adding this setting. Falling back to ozone.metadata.dirs instead.
2025-10-18 02:35:28,964 [main] WARN  db.DBStoreBuilder (DBStoreBuilder.java:getDBDirPath(157)) - ozone.scm.datanode.id.dir is not configured. We recommend adding this setting. Falling back to ozone.metadata.dirs instead.
2025-10-18 02:35:28,972 [main] INFO  impl.FilePerChunkStrategy (FilePerChunkStrategy.java:<init>(79)) - ozone.chunk.read.mapped.buffer.max.count is load with 0
2025-10-18 02:35:28,973 [main] INFO  impl.FilePerBlockStrategy (FilePerBlockStrategy.java:<init>(88)) - ozone.chunk.read.mapped.buffer.max.count is load with 0
2025-10-18 02:35:28,973 [main] INFO  server.RaftServerConfigKeys (ConfUtils.java:logGet(62)) - raft.server.log.appender.buffer.byte-limit = 33554432 (custom)
2025-10-18 02:35:28,973 [main] WARN  server.ServerUtils (ServerUtils.java:getDefaultRatisDirectory(304)) - Storage directory for Ratis is not configured. It is a good idea to map this to an SSD disk. Falling back to ozone.metadata.dirs
2025-10-18 02:35:28,974 [main] INFO  grpc.GrpcConfigKeys (ConfUtils.java:logFallback(69)) - raft.grpc.admin.host = null (fallback to raft.grpc.server.host)
2025-10-18 02:35:28,975 [main] INFO  grpc.GrpcConfigKeys (ConfUtils.java:logFallback(69)) - raft.grpc.client.host = null (fallback to raft.grpc.server.host)
2025-10-18 02:35:28,975 [main] INFO  server.GrpcServicesImpl (ConfUtils.java:logGet(62)) - raft.grpc.message.size.max = 34603008 (custom)
2025-10-18 02:35:28,975 [main] INFO  server.GrpcServicesImpl (ConfUtils.java:logGet(62)) - raft.grpc.flow.control.window = 5MB (=5242880) (custom)
2025-10-18 02:35:28,975 [main] INFO  server.RaftServerConfigKeys (ConfUtils.java:logGet(62)) - raft.server.log.appender.buffer.byte-limit = 33554432 (custom)
2025-10-18 02:35:28,976 [main] INFO  netty.NettyUtils (NettyUtils.java:newEventLoopGroup(74)) - Create EpollEventLoopGroup for 774752b0-17fe-46cf-8180-b26ecb9022c3-NettyServerStreamRpc-bossGroup; Thread size is 0.
2025-10-18 02:35:28,976 [main] INFO  netty.NettyUtils (NettyUtils.java:newEventLoopGroup(74)) - Create EpollEventLoopGroup for 774752b0-17fe-46cf-8180-b26ecb9022c3-NettyServerStreamRpc-workerGroup; Thread size is 0.
2025-10-18 02:35:28,977 [774752b0-17fe-46cf-8180-b26ecb9022c3-NettyServerStreamRpc-bossGroup--thread1] INFO  logging.LoggingHandler (AbstractInternalLogger.java:log(148)) - [id: 0x9baaeb30] REGISTERED
2025-10-18 02:35:28,977 [774752b0-17fe-46cf-8180-b26ecb9022c3-NettyServerStreamRpc-bossGroup--thread1] INFO  logging.LoggingHandler (AbstractInternalLogger.java:log(148)) - [id: 0x9baaeb30] BIND: 0.0.0.0/0.0.0.0:0
2025-10-18 02:35:28,977 [774752b0-17fe-46cf-8180-b26ecb9022c3-impl-thread1] INFO  server.RaftServer (RaftServerProxy.java:initGroupDir(270)) - 774752b0-17fe-46cf-8180-b26ecb9022c3: found a subdirectory /tmp/junit-13307873947078724701/ratis/tmp
2025-10-18 02:35:28,977 [774752b0-17fe-46cf-8180-b26ecb9022c3-impl-thread1] INFO  server.RaftServer (RaftServerProxy.java:initGroupDir(275)) - 774752b0-17fe-46cf-8180-b26ecb9022c3: The directory /tmp/junit-13307873947078724701/ratis/tmp is not a group directory; ignoring it. 
2025-10-18 02:35:28,977 [774752b0-17fe-46cf-8180-b26ecb9022c3-NettyServerStreamRpc-bossGroup--thread1] INFO  logging.LoggingHandler (AbstractInternalLogger.java:log(148)) - [id: 0x9baaeb30, L:/0.0.0.0:41761] ACTIVE
2025-10-18 02:35:28,978 [main] INFO  replication.ReplicationServer (ReplicationServer.java:<init>(84)) - Initializing replication server with thread count = 10 queue length = 4096
2025-10-18 02:35:28,978 [main] INFO  server.XceiverServerGrpc (XceiverServerGrpc.java:<init>(129)) - GrpcServer channel type EpollServerSocketChannel
2025-10-18 02:35:28,979 [main] INFO  replication.ReplicationSupervisor (ReplicationSupervisor.java:build(169)) - Initializing replication supervisor with thread count = 10
2025-10-18 02:35:28,979 [main] INFO  replication.ReplicationSupervisor (ReplicationSupervisor.java:nodeStateUpdated(358)) - Node state updated to IN_SERVICE, scaling executor pool size to 10
2025-10-18 02:35:29,008 [main] INFO  utils.DatanodeStoreCache (DatanodeStoreCache.java:addDB(70)) - Added db /tmp/junit-13307873947078724701/30778138-977a-4bb4-9b6f-fa4e4b6883e2/db/clusterID/DS-34d6a482-fe49-4b0a-99c4-7980ceb84998/container.db to cache
2025-10-18 02:35:29,008 [main] INFO  volume.HddsVolume (HddsVolume.java:createDbStore(576)) - SchemaV3 db is created and loaded at /tmp/junit-13307873947078724701/30778138-977a-4bb4-9b6f-fa4e4b6883e2/db/clusterID/DS-34d6a482-fe49-4b0a-99c4-7980ceb84998/container.db for volume DS-34d6a482-fe49-4b0a-99c4-7980ceb84998
2025-10-18 02:35:29,010 [774752b0-17fe-46cf-8180-b26ecb9022c3-ContainerReader-0] INFO  ozoneimpl.ContainerReader (ContainerReader.java:readVolume(147)) - Start to verify containers on volume /tmp/junit-13307873947078724701/631d23aa-4f14-434d-9cc4-cc19f0cfd87e/hdds
2025-10-18 02:35:29,010 [774752b0-17fe-46cf-8180-b26ecb9022c3-ContainerReader-0] INFO  ozoneimpl.ContainerReader (ContainerReader.java:readVolume(177)) - Finish verifying containers on volume /tmp/junit-13307873947078724701/631d23aa-4f14-434d-9cc4-cc19f0cfd87e/hdds
2025-10-18 02:35:29,010 [774752b0-17fe-46cf-8180-b26ecb9022c3-ContainerReader-1] INFO  ozoneimpl.ContainerReader (ContainerReader.java:readVolume(147)) - Start to verify containers on volume /tmp/junit-13307873947078724701/661d5273-4579-40b9-9412-77864f42c92b/hdds
2025-10-18 02:35:29,010 [774752b0-17fe-46cf-8180-b26ecb9022c3-ContainerReader-1] INFO  ozoneimpl.ContainerReader (ContainerReader.java:readVolume(177)) - Finish verifying containers on volume /tmp/junit-13307873947078724701/661d5273-4579-40b9-9412-77864f42c92b/hdds
2025-10-18 02:35:29,010 [main] INFO  ozoneimpl.OzoneContainer (OzoneContainer.java:buildContainerSet(359)) - Build ContainerSet costs 0s
2025-10-18 02:35:29,011 [main] INFO  volume.ThrottledAsyncChecker (ThrottledAsyncChecker.java:schedule(138)) - Scheduling a check for /tmp/junit-13307873947078724701/631d23aa-4f14-434d-9cc4-cc19f0cfd87e/hdds
2025-10-18 02:35:29,011 [main] INFO  volume.StorageVolumeChecker (StorageVolumeChecker.java:checkAllVolumes(231)) - Scheduled health check for volume /tmp/junit-13307873947078724701/631d23aa-4f14-434d-9cc4-cc19f0cfd87e/hdds
2025-10-18 02:35:29,014 [main] INFO  volume.ThrottledAsyncChecker (ThrottledAsyncChecker.java:schedule(138)) - Scheduling a check for /tmp/junit-13307873947078724701/ratis
2025-10-18 02:35:29,014 [main] INFO  volume.StorageVolumeChecker (StorageVolumeChecker.java:checkAllVolumes(231)) - Scheduled health check for volume /tmp/junit-13307873947078724701/ratis
2025-10-18 02:35:29,015 [main] INFO  volume.ThrottledAsyncChecker (ThrottledAsyncChecker.java:schedule(138)) - Scheduling a check for /tmp/junit-13307873947078724701/30778138-977a-4bb4-9b6f-fa4e4b6883e2/db
2025-10-18 02:35:29,015 [main] INFO  volume.StorageVolumeChecker (StorageVolumeChecker.java:checkAllVolumes(231)) - Scheduled health check for volume /tmp/junit-13307873947078724701/30778138-977a-4bb4-9b6f-fa4e4b6883e2/db
2025-10-18 02:35:29,016 [main] INFO  ozoneimpl.OzoneContainer (OzoneContainer.java:start(544)) - Attempting to start container services.
2025-10-18 02:35:29,017 [ContainerMetadataScanner] INFO  ozoneimpl.AbstractBackgroundContainerScanner (AbstractBackgroundContainerScanner.java:runIteration(89)) - Completed an iteration in 0 minutes. Number of iterations (since the data-node restart) : 1, Number of containers scanned in this iteration : 0, Number of unhealthy containers found in this iteration : 0
2025-10-18 02:35:29,017 [ContainerDataScanner(/tmp/junit-13307873947078724701/631d23aa-4f14-434d-9cc4-cc19f0cfd87e/hdds)] INFO  ozoneimpl.AbstractBackgroundContainerScanner (AbstractBackgroundContainerScanner.java:runIteration(89)) - Completed an iteration in 0 minutes. Number of iterations (since the data-node restart) : 1, Number of containers scanned in this iteration : 0, Number of unhealthy containers found in this iteration : 0
2025-10-18 02:35:29,017 [ContainerDataScanner(/tmp/junit-13307873947078724701/661d5273-4579-40b9-9412-77864f42c92b/hdds)] INFO  ozoneimpl.AbstractBackgroundContainerScanner (AbstractBackgroundContainerScanner.java:runIteration(89)) - Completed an iteration in 0 minutes. Number of iterations (since the data-node restart) : 1, Number of containers scanned in this iteration : 0, Number of unhealthy containers found in this iteration : 0
2025-10-18 02:35:29,018 [main] INFO  replication.ReplicationServer (ReplicationServer.java:start(137)) - ReplicationServer is started using port 9886
2025-10-18 02:35:29,018 [main] INFO  ratis.XceiverServerRatis (XceiverServerRatis.java:start(559)) - Starting XceiverServerRatis(774752b0-17fe-46cf-8180-b26ecb9022c3)
2025-10-18 02:35:29,022 [main] INFO  server.RaftServer (RaftServerProxy.java:startImpl(412)) - 774752b0-17fe-46cf-8180-b26ecb9022c3: start RPC server
2025-10-18 02:35:29,022 [main] INFO  server.GrpcServicesImpl (GrpcServicesImpl.java:startImpl(346)) - 774752b0-17fe-46cf-8180-b26ecb9022c3: GrpcServicesImpl started, listening on 9858
2025-10-18 02:35:29,022 [main] INFO  ratis.XceiverServerRatis (XceiverServerRatis.java:getRealPort(586)) - XceiverServerRatis(774752b0-17fe-46cf-8180-b26ecb9022c3) is started using port RATIS=9858
2025-10-18 02:35:29,023 [main] INFO  ratis.XceiverServerRatis (XceiverServerRatis.java:getRealPort(586)) - XceiverServerRatis(774752b0-17fe-46cf-8180-b26ecb9022c3) is started using port RATIS_ADMIN=9858
2025-10-18 02:35:29,023 [main] INFO  ratis.XceiverServerRatis (XceiverServerRatis.java:getRealPort(586)) - XceiverServerRatis(774752b0-17fe-46cf-8180-b26ecb9022c3) is started using port RATIS_SERVER=9858
2025-10-18 02:35:29,023 [main] INFO  ratis.XceiverServerRatis (XceiverServerRatis.java:getRealPort(586)) - XceiverServerRatis(774752b0-17fe-46cf-8180-b26ecb9022c3) is started using port RATIS_DATASTREAM=41761
2025-10-18 02:35:29,023 [JvmPauseMonitor19] INFO  util.JvmPauseMonitor (JvmPauseMonitor.java:run(146)) - JvmPauseMonitor-774752b0-17fe-46cf-8180-b26ecb9022c3: Started
2025-10-18 02:35:29,024 [main] INFO  utils.BackgroundService (BackgroundService.java:start(119)) - Starting service BlockDeletingService with interval 60000 milliseconds
2025-10-18 02:35:29,024 [main] INFO  utils.BackgroundService (BackgroundService.java:start(119)) - Starting service StaleRecoveringContainerScrubbingService with interval 60000 milliseconds
2025-10-18 02:35:29,025 [main] INFO  ipc.Server (Server.java:stop(3697)) - Stopping server on 39791
2025-10-18 02:35:29,025 [IPC Server listener on 39791] INFO  ipc.Server (Server.java:run(1585)) - Stopping IPC Server listener on 39791
2025-10-18 02:35:29,026 [IPC Server Responder] INFO  ipc.Server (Server.java:run(1718)) - Stopping IPC Server Responder
2025-10-18 02:35:29,026 [main] INFO  ozoneimpl.OzoneContainer (OzoneContainer.java:stop(568)) - Attempting to stop container services.
2025-10-18 02:35:29,027 [ContainerMetadataScanner] WARN  ozoneimpl.AbstractBackgroundContainerScanner (AbstractBackgroundContainerScanner.java:handleRemainingSleep(136)) - Background container scan was interrupted.
2025-10-18 02:35:29,027 [ContainerMetadataScanner] INFO  ozoneimpl.AbstractBackgroundContainerScanner (AbstractBackgroundContainerScanner.java:run(63)) - org.apache.hadoop.ozone.container.ozoneimpl.BackgroundContainerMetadataScanner@5531db13 exiting.
2025-10-18 02:35:29,027 [main] INFO  ozoneimpl.BackgroundContainerDataScanner (BackgroundContainerDataScanner.java:shutdown(87)) - ContainerDataScanner(/tmp/junit-13307873947078724701/631d23aa-4f14-434d-9cc4-cc19f0cfd87e/hdds) is shutting down. 
2025-10-18 02:35:29,028 [ContainerDataScanner(/tmp/junit-13307873947078724701/631d23aa-4f14-434d-9cc4-cc19f0cfd87e/hdds)] WARN  ozoneimpl.AbstractBackgroundContainerScanner (AbstractBackgroundContainerScanner.java:handleRemainingSleep(136)) - Background container scan was interrupted.
2025-10-18 02:35:29,028 [ContainerDataScanner(/tmp/junit-13307873947078724701/631d23aa-4f14-434d-9cc4-cc19f0cfd87e/hdds)] INFO  ozoneimpl.AbstractBackgroundContainerScanner (AbstractBackgroundContainerScanner.java:run(63)) - ContainerDataScanner(/tmp/junit-13307873947078724701/631d23aa-4f14-434d-9cc4-cc19f0cfd87e/hdds, DS-a2798639-c684-46f9-bbc2-3f40c362cef4) exiting.
2025-10-18 02:35:29,028 [main] INFO  ozoneimpl.BackgroundContainerDataScanner (BackgroundContainerDataScanner.java:shutdown(87)) - ContainerDataScanner(/tmp/junit-13307873947078724701/661d5273-4579-40b9-9412-77864f42c92b/hdds) is shutting down. 
2025-10-18 02:35:29,028 [ContainerDataScanner(/tmp/junit-13307873947078724701/661d5273-4579-40b9-9412-77864f42c92b/hdds)] WARN  ozoneimpl.AbstractBackgroundContainerScanner (AbstractBackgroundContainerScanner.java:handleRemainingSleep(136)) - Background container scan was interrupted.
2025-10-18 02:35:29,028 [ContainerDataScanner(/tmp/junit-13307873947078724701/661d5273-4579-40b9-9412-77864f42c92b/hdds)] INFO  ozoneimpl.AbstractBackgroundContainerScanner (AbstractBackgroundContainerScanner.java:run(63)) - ContainerDataScanner(/tmp/junit-13307873947078724701/661d5273-4579-40b9-9412-77864f42c92b/hdds, DS-34d6a482-fe49-4b0a-99c4-7980ceb84998) exiting.
2025-10-18 02:35:29,029 [main] INFO  ozoneimpl.OnDemandContainerScanner (OnDemandContainerScanner.java:shutdown(141)) - On-demand container scanner is shutting down.
2025-10-18 02:35:29,029 [main] INFO  ratis.XceiverServerRatis (XceiverServerRatis.java:stop(594)) - Closing XceiverServerRatis(774752b0-17fe-46cf-8180-b26ecb9022c3)
2025-10-18 02:35:29,029 [main] INFO  server.RaftServer (RaftServerProxy.java:lambda$close$9(422)) - 774752b0-17fe-46cf-8180-b26ecb9022c3: close
2025-10-18 02:35:29,030 [main] INFO  server.GrpcServicesImpl (GrpcServicesImpl.java:closeImpl(355)) - 774752b0-17fe-46cf-8180-b26ecb9022c3: shutdown server GrpcServerProtocolService now
2025-10-18 02:35:29,030 [main] INFO  server.GrpcServicesImpl (GrpcServicesImpl.java:closeImpl(364)) - 774752b0-17fe-46cf-8180-b26ecb9022c3: shutdown server GrpcServerProtocolService successfully
2025-10-18 02:35:29,030 [774752b0-17fe-46cf-8180-b26ecb9022c3-NettyServerStreamRpc-bossGroup--thread1] INFO  logging.LoggingHandler (AbstractInternalLogger.java:log(148)) - [id: 0x9baaeb30, L:/0.0.0.0:41761] CLOSE
2025-10-18 02:35:29,030 [774752b0-17fe-46cf-8180-b26ecb9022c3-NettyServerStreamRpc-bossGroup--thread1] INFO  logging.LoggingHandler (AbstractInternalLogger.java:log(148)) - [id: 0x9baaeb30, L:/0.0.0.0:41761] INACTIVE
2025-10-18 02:35:29,031 [774752b0-17fe-46cf-8180-b26ecb9022c3-NettyServerStreamRpc-bossGroup--thread1] INFO  logging.LoggingHandler (AbstractInternalLogger.java:log(148)) - [id: 0x9baaeb30, L:/0.0.0.0:41761] UNREGISTERED
2025-10-18 02:35:29,034 [JvmPauseMonitor19] INFO  util.JvmPauseMonitor (JvmPauseMonitor.java:run(152)) - JvmPauseMonitor-774752b0-17fe-46cf-8180-b26ecb9022c3: Stopped
2025-10-18 02:35:31,039 [main] INFO  volume.HddsVolume (HddsVolume.java:closeDbStore(609)) - SchemaV3 db is stopped at /tmp/junit-13307873947078724701/631d23aa-4f14-434d-9cc4-cc19f0cfd87e/hdds/clusterID/DS-a2798639-c684-46f9-bbc2-3f40c362cef4/container.db for volume DS-a2798639-c684-46f9-bbc2-3f40c362cef4
2025-10-18 02:35:31,039 [main] INFO  volume.HddsVolume (HddsVolume.java:closeDbStore(609)) - SchemaV3 db is stopped at /tmp/junit-13307873947078724701/30778138-977a-4bb4-9b6f-fa4e4b6883e2/db/clusterID/DS-34d6a482-fe49-4b0a-99c4-7980ceb84998/container.db for volume DS-34d6a482-fe49-4b0a-99c4-7980ceb84998
2025-10-18 02:35:31,040 [main] INFO  utils.BackgroundService (BackgroundService.java:shutdown(195)) - Shutting down service BlockDeletingService
2025-10-18 02:35:31,040 [main] INFO  utils.BackgroundService (BackgroundService.java:shutdown(195)) - Shutting down service StaleRecoveringContainerScrubbingService
]]></system-out>
  </testcase>
  <testcase name="testAddHddsVolumeAfterFinalize(boolean)[1]" classname="org.apache.hadoop.ozone.container.upgrade.TestDatanodeUpgradeToSchemaV3" time="4.207">
    <system-out><![CDATA[2025-10-18 02:35:31,062 [main] INFO  ipc.CallQueueManager (CallQueueManager.java:<init>(93)) - Using callQueue: class java.util.concurrent.LinkedBlockingQueue, queueCapacity: 1000, scheduler: class org.apache.hadoop.ipc.DefaultRpcScheduler, ipcBackoff: false, ipcFailOver: false.
2025-10-18 02:35:31,062 [main] INFO  ipc.Server (Server.java:<init>(1438)) - Listener at localhost:40231
2025-10-18 02:35:31,063 [Socket Reader #1 for port 40231] INFO  ipc.Server (Server.java:run(1474)) - Starting Socket Reader #1 for port 40231
2025-10-18 02:35:31,063 [IPC Server Responder] INFO  ipc.Server (Server.java:run(1713)) - IPC Server Responder: starting
2025-10-18 02:35:31,064 [IPC Server listener on 40231] INFO  ipc.Server (Server.java:run(1553)) - IPC Server listener on 40231: starting
2025-10-18 02:35:31,068 [main] INFO  upgrade.AbstractLayoutVersionManager (AbstractLayoutVersionManager.java:init(80)) - Initializing Layout version manager with metadata layout = ERASURE_CODED_STORAGE_SUPPORT (version = 3), software layout = WITNESSED_CONTAINER_DB_PROTO_VALUE (version = 9)
2025-10-18 02:35:31,069 [main] INFO  upgrade.HDDSLayoutVersionManager (HDDSLayoutVersionManager.java:lambda$registerUpgradeActions$0(81)) - Registering Upgrade Action : DatanodeSchemaV3FinalizeAction
2025-10-18 02:35:31,069 [main] INFO  upgrade.HDDSLayoutVersionManager (HDDSLayoutVersionManager.java:lambda$registerUpgradeActions$0(81)) - Registering Upgrade Action : ContainerTableSchemaFinalizeAction
2025-10-18 02:35:31,069 [main] INFO  statemachine.DatanodeStateMachine (DatanodeStateMachine.java:getEndPointTaskThreadPoolSize(321)) - Datanode State Machine Task Thread Pool size 2
2025-10-18 02:35:31,071 [main] INFO  volume.HddsVolume (HddsVolume.java:<init>(162)) - HddsVolume: { id=4729af8d-2c27-4128-8f39-ad9593e1dd71 dir=/home/runner/work/ozone/ozone/hadoop-hdds/container-service/file:/home/runner/work/ozone/ozone/hadoop-hdds/container-service/target/tmp/dfs/data type=DISK failed }
2025-10-18 02:35:31,071 [main] ERROR volume.MutableVolumeSet (MutableVolumeSet.java:initializeVolumeSet(194)) - Failed to parse the storage location: file:///home/runner/work/ozone/ozone/hadoop-hdds/container-service/target/tmp/dfs/data
org.apache.hadoop.ozone.common.InconsistentStorageStateException: Mismatched DatanodeUUIDs. Version File : /home/runner/work/ozone/ozone/hadoop-hdds/container-service/target/tmp/dfs/data/hdds/VERSION has datanodeUuid: c3d05b50-810d-4b78-be46-d77415fe1b4d and Datanode has datanodeUuid: 4073b780-f153-4de2-a2bc-564a8816154d
	at org.apache.hadoop.ozone.container.common.utils.StorageVolumeUtil.getDatanodeUUID(StorageVolumeUtil.java:122)
	at org.apache.hadoop.ozone.container.common.volume.StorageVolume.readVersionFile(StorageVolume.java:385)
	at org.apache.hadoop.ozone.container.common.volume.StorageVolume.initializeImpl(StorageVolume.java:240)
	at org.apache.hadoop.ozone.container.common.volume.StorageVolume.initialize(StorageVolume.java:215)
	at org.apache.hadoop.ozone.container.common.volume.HddsVolume.<init>(HddsVolume.java:151)
	at org.apache.hadoop.ozone.container.common.volume.HddsVolume.<init>(HddsVolume.java:80)
	at org.apache.hadoop.ozone.container.common.volume.HddsVolume$Builder.build(HddsVolume.java:130)
	at org.apache.hadoop.ozone.container.common.volume.HddsVolumeFactory.createVolume(HddsVolumeFactory.java:46)
	at org.apache.hadoop.ozone.container.common.volume.MutableVolumeSet.initializeVolumeSet(MutableVolumeSet.java:172)
	at org.apache.hadoop.ozone.container.common.volume.MutableVolumeSet.<init>(MutableVolumeSet.java:130)
	at org.apache.hadoop.ozone.container.common.volume.MutableVolumeSet.<init>(MutableVolumeSet.java:92)
	at org.apache.hadoop.ozone.container.ozoneimpl.OzoneContainer.<init>(OzoneContainer.java:170)
	at org.apache.hadoop.ozone.container.common.statemachine.DatanodeStateMachine.<init>(DatanodeStateMachine.java:191)
	at org.apache.hadoop.ozone.container.common.statemachine.DatanodeStateMachine.<init>(DatanodeStateMachine.java:305)
	at org.apache.hadoop.ozone.container.upgrade.UpgradeTestHelper.startPreFinalizedDatanode(UpgradeTestHelper.java:88)
	at org.apache.hadoop.ozone.container.upgrade.TestDatanodeUpgradeToSchemaV3.testAddHddsVolumeAfterFinalize(TestDatanodeUpgradeToSchemaV3.java:281)
	at java.base/jdk.internal.reflect.DirectMethodHandleAccessor.invoke(DirectMethodHandleAccessor.java:103)
	at java.base/java.lang.reflect.Method.invoke(Method.java:580)
	at org.junit.platform.commons.util.ReflectionUtils.invokeMethod(ReflectionUtils.java:786)
	at org.junit.platform.commons.support.ReflectionSupport.invokeMethod(ReflectionSupport.java:514)
	at org.junit.jupiter.engine.execution.MethodInvocation.proceed(MethodInvocation.java:60)
	at org.junit.jupiter.engine.execution.InvocationInterceptorChain$ValidatingInvocation.proceed(InvocationInterceptorChain.java:131)
	at org.junit.jupiter.engine.extension.SameThreadTimeoutInvocation.proceed(SameThreadTimeoutInvocation.java:49)
	at org.junit.jupiter.engine.extension.TimeoutExtension.intercept(TimeoutExtension.java:161)
	at org.junit.jupiter.engine.extension.TimeoutExtension.interceptTestableMethod(TimeoutExtension.java:152)
	at org.junit.jupiter.engine.extension.TimeoutExtension.interceptTestTemplateMethod(TimeoutExtension.java:99)
	at org.junit.jupiter.engine.execution.InterceptingExecutableInvoker$ReflectiveInterceptorCall.lambda$ofVoidMethod$0(InterceptingExecutableInvoker.java:112)
	at org.junit.jupiter.engine.execution.InterceptingExecutableInvoker.lambda$invoke$0(InterceptingExecutableInvoker.java:94)
	at org.junit.jupiter.engine.execution.InvocationInterceptorChain$InterceptedInvocation.proceed(InvocationInterceptorChain.java:106)
	at org.junit.jupiter.engine.execution.InvocationInterceptorChain.proceed(InvocationInterceptorChain.java:64)
	at org.junit.jupiter.engine.execution.InvocationInterceptorChain.chainAndInvoke(InvocationInterceptorChain.java:45)
	at org.junit.jupiter.engine.execution.InvocationInterceptorChain.invoke(InvocationInterceptorChain.java:37)
	at org.junit.jupiter.engine.execution.InterceptingExecutableInvoker.invoke(InterceptingExecutableInvoker.java:93)
	at org.junit.jupiter.engine.execution.InterceptingExecutableInvoker.invoke(InterceptingExecutableInvoker.java:87)
	at org.junit.jupiter.engine.descriptor.TestMethodTestDescriptor.lambda$invokeTestMethod$4(TestMethodTestDescriptor.java:221)
	at org.junit.platform.engine.support.hierarchical.ThrowableCollector.execute(ThrowableCollector.java:73)
	at org.junit.jupiter.engine.descriptor.TestMethodTestDescriptor.invokeTestMethod(TestMethodTestDescriptor.java:217)
	at org.junit.jupiter.engine.descriptor.TestMethodTestDescriptor.execute(TestMethodTestDescriptor.java:159)
	at org.junit.jupiter.engine.descriptor.TestMethodTestDescriptor.execute(TestMethodTestDescriptor.java:70)
	at org.junit.platform.engine.support.hierarchical.NodeTestTask.lambda$executeRecursively$6(NodeTestTask.java:157)
	at org.junit.platform.engine.support.hierarchical.ThrowableCollector.execute(ThrowableCollector.java:73)
	at org.junit.platform.engine.support.hierarchical.NodeTestTask.lambda$executeRecursively$8(NodeTestTask.java:147)
	at org.junit.platform.engine.support.hierarchical.Node.around(Node.java:137)
	at org.junit.platform.engine.support.hierarchical.NodeTestTask.lambda$executeRecursively$9(NodeTestTask.java:145)
	at org.junit.platform.engine.support.hierarchical.ThrowableCollector.execute(ThrowableCollector.java:73)
	at org.junit.platform.engine.support.hierarchical.NodeTestTask.executeRecursively(NodeTestTask.java:144)
	at org.junit.platform.engine.support.hierarchical.NodeTestTask.execute(NodeTestTask.java:101)
	at org.junit.platform.engine.support.hierarchical.SameThreadHierarchicalTestExecutorService.submit(SameThreadHierarchicalTestExecutorService.java:35)
	at org.junit.platform.engine.support.hierarchical.NodeTestTask$DefaultDynamicTestExecutor.execute(NodeTestTask.java:232)
	at org.junit.platform.engine.support.hierarchical.NodeTestTask$DefaultDynamicTestExecutor.execute(NodeTestTask.java:210)
	at org.junit.jupiter.engine.descriptor.TemplateExecutor.execute(TemplateExecutor.java:98)
	at org.junit.jupiter.engine.descriptor.TemplateExecutor.lambda$executeForProvider$0(TemplateExecutor.java:61)
	at java.base/java.util.Optional.ifPresent(Optional.java:178)
	at org.junit.jupiter.engine.descriptor.TemplateExecutor.lambda$executeForProvider$1(TemplateExecutor.java:61)
	at java.base/java.util.stream.ForEachOps$ForEachOp$OfRef.accept(ForEachOps.java:184)
	at java.base/java.util.stream.ReferencePipeline$3$1.accept(ReferencePipeline.java:197)
	at java.base/java.util.stream.ForEachOps$ForEachOp$OfRef.accept(ForEachOps.java:184)
	at java.base/java.util.stream.ForEachOps$ForEachOp$OfRef.accept(ForEachOps.java:184)
	at java.base/java.util.stream.ReferencePipeline$3$1.accept(ReferencePipeline.java:197)
	at java.base/java.util.Spliterators$ArraySpliterator.forEachRemaining(Spliterators.java:1024)
	at java.base/java.util.stream.AbstractPipeline.copyInto(AbstractPipeline.java:509)
	at java.base/java.util.stream.AbstractPipeline.wrapAndCopyInto(AbstractPipeline.java:499)
	at java.base/java.util.stream.ForEachOps$ForEachOp.evaluateSequential(ForEachOps.java:151)
	at java.base/java.util.stream.ForEachOps$ForEachOp$OfRef.evaluateSequential(ForEachOps.java:174)
	at java.base/java.util.stream.AbstractPipeline.evaluate(AbstractPipeline.java:234)
	at java.base/java.util.stream.ReferencePipeline.forEach(ReferencePipeline.java:596)
	at java.base/java.util.stream.ReferencePipeline$7$1.accept(ReferencePipeline.java:276)
	at java.base/java.util.ArrayList$ArrayListSpliterator.forEachRemaining(ArrayList.java:1708)
	at java.base/java.util.stream.AbstractPipeline.copyInto(AbstractPipeline.java:509)
	at java.base/java.util.stream.AbstractPipeline.wrapAndCopyInto(AbstractPipeline.java:499)
	at java.base/java.util.stream.ForEachOps$ForEachOp.evaluateSequential(ForEachOps.java:151)
	at java.base/java.util.stream.ForEachOps$ForEachOp$OfRef.evaluateSequential(ForEachOps.java:174)
	at java.base/java.util.stream.AbstractPipeline.evaluate(AbstractPipeline.java:234)
	at java.base/java.util.stream.ReferencePipeline.forEach(ReferencePipeline.java:596)
	at java.base/java.util.stream.ReferencePipeline$7$1.accept(ReferencePipeline.java:276)
	at java.base/java.util.stream.ReferencePipeline$3$1.accept(ReferencePipeline.java:197)
	at java.base/java.util.stream.ReferencePipeline$3$1.accept(ReferencePipeline.java:197)
	at java.base/java.util.stream.ReferencePipeline$3$1.accept(ReferencePipeline.java:197)
	at java.base/java.util.ArrayList$ArrayListSpliterator.forEachRemaining(ArrayList.java:1708)
	at java.base/java.util.stream.AbstractPipeline.copyInto(AbstractPipeline.java:509)
	at java.base/java.util.stream.AbstractPipeline.wrapAndCopyInto(AbstractPipeline.java:499)
	at java.base/java.util.stream.ForEachOps$ForEachOp.evaluateSequential(ForEachOps.java:151)
	at java.base/java.util.stream.ForEachOps$ForEachOp$OfRef.evaluateSequential(ForEachOps.java:174)
	at java.base/java.util.stream.AbstractPipeline.evaluate(AbstractPipeline.java:234)
	at java.base/java.util.stream.ReferencePipeline.forEach(ReferencePipeline.java:596)
	at org.junit.jupiter.engine.descriptor.TemplateExecutor.executeForProvider(TemplateExecutor.java:59)
	at org.junit.jupiter.engine.descriptor.TemplateExecutor.execute(TemplateExecutor.java:48)
	at org.junit.jupiter.engine.descriptor.TestTemplateTestDescriptor.execute(TestTemplateTestDescriptor.java:112)
	at org.junit.jupiter.engine.descriptor.TestTemplateTestDescriptor.execute(TestTemplateTestDescriptor.java:40)
	at org.junit.platform.engine.support.hierarchical.NodeTestTask.lambda$executeRecursively$6(NodeTestTask.java:157)
	at org.junit.platform.engine.support.hierarchical.ThrowableCollector.execute(ThrowableCollector.java:73)
	at org.junit.platform.engine.support.hierarchical.NodeTestTask.lambda$executeRecursively$8(NodeTestTask.java:147)
	at org.junit.platform.engine.support.hierarchical.Node.around(Node.java:137)
	at org.junit.platform.engine.support.hierarchical.NodeTestTask.lambda$executeRecursively$9(NodeTestTask.java:145)
	at org.junit.platform.engine.support.hierarchical.ThrowableCollector.execute(ThrowableCollector.java:73)
	at org.junit.platform.engine.support.hierarchical.NodeTestTask.executeRecursively(NodeTestTask.java:144)
	at org.junit.platform.engine.support.hierarchical.NodeTestTask.execute(NodeTestTask.java:101)
	at java.base/java.util.ArrayList.forEach(ArrayList.java:1596)
	at org.junit.platform.engine.support.hierarchical.SameThreadHierarchicalTestExecutorService.invokeAll(SameThreadHierarchicalTestExecutorService.java:41)
	at org.junit.platform.engine.support.hierarchical.NodeTestTask.lambda$executeRecursively$6(NodeTestTask.java:161)
	at org.junit.platform.engine.support.hierarchical.ThrowableCollector.execute(ThrowableCollector.java:73)
	at org.junit.platform.engine.support.hierarchical.NodeTestTask.lambda$executeRecursively$8(NodeTestTask.java:147)
	at org.junit.platform.engine.support.hierarchical.Node.around(Node.java:137)
	at org.junit.platform.engine.support.hierarchical.NodeTestTask.lambda$executeRecursively$9(NodeTestTask.java:145)
	at org.junit.platform.engine.support.hierarchical.ThrowableCollector.execute(ThrowableCollector.java:73)
	at org.junit.platform.engine.support.hierarchical.NodeTestTask.executeRecursively(NodeTestTask.java:144)
	at org.junit.platform.engine.support.hierarchical.NodeTestTask.execute(NodeTestTask.java:101)
	at java.base/java.util.ArrayList.forEach(ArrayList.java:1596)
	at org.junit.platform.engine.support.hierarchical.SameThreadHierarchicalTestExecutorService.invokeAll(SameThreadHierarchicalTestExecutorService.java:41)
	at org.junit.platform.engine.support.hierarchical.NodeTestTask.lambda$executeRecursively$6(NodeTestTask.java:161)
	at org.junit.platform.engine.support.hierarchical.ThrowableCollector.execute(ThrowableCollector.java:73)
	at org.junit.platform.engine.support.hierarchical.NodeTestTask.lambda$executeRecursively$8(NodeTestTask.java:147)
	at org.junit.platform.engine.support.hierarchical.Node.around(Node.java:137)
	at org.junit.platform.engine.support.hierarchical.NodeTestTask.lambda$executeRecursively$9(NodeTestTask.java:145)
	at org.junit.platform.engine.support.hierarchical.ThrowableCollector.execute(ThrowableCollector.java:73)
	at org.junit.platform.engine.support.hierarchical.NodeTestTask.executeRecursively(NodeTestTask.java:144)
	at org.junit.platform.engine.support.hierarchical.NodeTestTask.execute(NodeTestTask.java:101)
	at org.junit.platform.engine.support.hierarchical.SameThreadHierarchicalTestExecutorService.submit(SameThreadHierarchicalTestExecutorService.java:35)
	at org.junit.platform.engine.support.hierarchical.HierarchicalTestExecutor.execute(HierarchicalTestExecutor.java:57)
	at org.junit.platform.engine.support.hierarchical.HierarchicalTestEngine.execute(HierarchicalTestEngine.java:54)
	at org.junit.platform.launcher.core.EngineExecutionOrchestrator.executeEngine(EngineExecutionOrchestrator.java:230)
	at org.junit.platform.launcher.core.EngineExecutionOrchestrator.failOrExecuteEngine(EngineExecutionOrchestrator.java:204)
	at org.junit.platform.launcher.core.EngineExecutionOrchestrator.execute(EngineExecutionOrchestrator.java:172)
	at org.junit.platform.launcher.core.EngineExecutionOrchestrator.execute(EngineExecutionOrchestrator.java:101)
	at org.junit.platform.launcher.core.EngineExecutionOrchestrator.lambda$execute$0(EngineExecutionOrchestrator.java:64)
	at org.junit.platform.launcher.core.EngineExecutionOrchestrator.withInterceptedStreams(EngineExecutionOrchestrator.java:150)
	at org.junit.platform.launcher.core.EngineExecutionOrchestrator.execute(EngineExecutionOrchestrator.java:63)
	at org.junit.platform.launcher.core.DefaultLauncher.execute(DefaultLauncher.java:109)
	at org.junit.platform.launcher.core.DefaultLauncher.execute(DefaultLauncher.java:91)
	at org.junit.platform.launcher.core.DelegatingLauncher.execute(DelegatingLauncher.java:47)
	at org.junit.platform.launcher.core.InterceptingLauncher.lambda$execute$1(InterceptingLauncher.java:39)
	at org.junit.platform.launcher.core.ClasspathAlignmentCheckingLauncherInterceptor.intercept(ClasspathAlignmentCheckingLauncherInterceptor.java:25)
	at org.junit.platform.launcher.core.InterceptingLauncher.execute(InterceptingLauncher.java:38)
	at org.junit.platform.launcher.core.DelegatingLauncher.execute(DelegatingLauncher.java:47)
	at org.apache.maven.surefire.junitplatform.LazyLauncher.execute(LazyLauncher.java:56)
	at org.apache.maven.surefire.junitplatform.JUnitPlatformProvider.execute(JUnitPlatformProvider.java:184)
	at org.apache.maven.surefire.junitplatform.JUnitPlatformProvider.invokeAllTests(JUnitPlatformProvider.java:148)
	at org.apache.maven.surefire.junitplatform.JUnitPlatformProvider.invoke(JUnitPlatformProvider.java:120)
	at org.apache.maven.surefire.booter.ForkedBooter.runSuitesInProcess(ForkedBooter.java:385)
	at org.apache.maven.surefire.booter.ForkedBooter.execute(ForkedBooter.java:162)
	at org.apache.maven.surefire.booter.ForkedBooter.run(ForkedBooter.java:507)
	at org.apache.maven.surefire.booter.ForkedBooter.main(ForkedBooter.java:495)
2025-10-18 02:35:31,072 [main] INFO  volume.HddsVolume (HddsVolume.java:<init>(162)) - HddsVolume: { id=DS-48bcd72b-8c87-42ab-b404-dd9f58a43f6c dir=/tmp/junit-5727176534069779274/fcfa03ad-aa7a-410d-a56b-c9501a20feaf/hdds type=DISK capacity=9222449699674390527 used=0 available=9222449699674390527 minFree=184448985434423296 committed=0 }
2025-10-18 02:35:31,072 [main] INFO  volume.MutableVolumeSet (MutableVolumeSet.java:initializeVolumeSet(175)) - Added Volume : /tmp/junit-5727176534069779274/fcfa03ad-aa7a-410d-a56b-c9501a20feaf/hdds to VolumeSet
2025-10-18 02:35:31,073 [main] WARN  server.ServerUtils (ServerUtils.java:getDefaultRatisDirectory(304)) - Storage directory for Ratis is not configured. It is a good idea to map this to an SSD disk. Falling back to ozone.metadata.dirs
2025-10-18 02:35:31,073 [main] INFO  volume.MutableVolumeSet (MutableVolumeSet.java:initializeVolumeSet(175)) - Added Volume : /tmp/junit-5727176534069779274/ratis to VolumeSet
2025-10-18 02:35:31,074 [main] WARN  db.DBStoreBuilder (DBStoreBuilder.java:getDBDirPath(157)) - ozone.scm.datanode.id.dir is not configured. We recommend adding this setting. Falling back to ozone.metadata.dirs instead.
2025-10-18 02:35:31,074 [main] WARN  db.DBStoreBuilder (DBStoreBuilder.java:getDBDirPath(157)) - ozone.scm.datanode.id.dir is not configured. We recommend adding this setting. Falling back to ozone.metadata.dirs instead.
2025-10-18 02:35:31,101 [main] INFO  impl.FilePerChunkStrategy (FilePerChunkStrategy.java:<init>(79)) - ozone.chunk.read.mapped.buffer.max.count is load with 0
2025-10-18 02:35:31,102 [main] INFO  impl.FilePerBlockStrategy (FilePerBlockStrategy.java:<init>(88)) - ozone.chunk.read.mapped.buffer.max.count is load with 0
2025-10-18 02:35:31,102 [main] INFO  server.RaftServerConfigKeys (ConfUtils.java:logGet(62)) - raft.server.log.appender.buffer.byte-limit = 33554432 (custom)
2025-10-18 02:35:31,103 [main] WARN  server.ServerUtils (ServerUtils.java:getDefaultRatisDirectory(304)) - Storage directory for Ratis is not configured. It is a good idea to map this to an SSD disk. Falling back to ozone.metadata.dirs
2025-10-18 02:35:31,104 [main] INFO  grpc.GrpcConfigKeys (ConfUtils.java:logFallback(69)) - raft.grpc.admin.host = null (fallback to raft.grpc.server.host)
2025-10-18 02:35:31,104 [main] INFO  grpc.GrpcConfigKeys (ConfUtils.java:logFallback(69)) - raft.grpc.client.host = null (fallback to raft.grpc.server.host)
2025-10-18 02:35:31,104 [main] INFO  server.GrpcServicesImpl (ConfUtils.java:logGet(62)) - raft.grpc.message.size.max = 34603008 (custom)
2025-10-18 02:35:31,104 [main] INFO  server.GrpcServicesImpl (ConfUtils.java:logGet(62)) - raft.grpc.flow.control.window = 5MB (=5242880) (custom)
2025-10-18 02:35:31,104 [main] INFO  server.RaftServerConfigKeys (ConfUtils.java:logGet(62)) - raft.server.log.appender.buffer.byte-limit = 33554432 (custom)
2025-10-18 02:35:31,105 [main] INFO  netty.NettyUtils (NettyUtils.java:newEventLoopGroup(74)) - Create EpollEventLoopGroup for 4073b780-f153-4de2-a2bc-564a8816154d-NettyServerStreamRpc-bossGroup; Thread size is 0.
2025-10-18 02:35:31,105 [main] INFO  netty.NettyUtils (NettyUtils.java:newEventLoopGroup(74)) - Create EpollEventLoopGroup for 4073b780-f153-4de2-a2bc-564a8816154d-NettyServerStreamRpc-workerGroup; Thread size is 0.
2025-10-18 02:35:31,106 [main] INFO  server.RaftServerConfigKeys (ConfUtils.java:logGet(62)) - raft.server.storage.dir = [/tmp/junit-5727176534069779274/ratis] (custom)
2025-10-18 02:35:31,106 [4073b780-f153-4de2-a2bc-564a8816154d-NettyServerStreamRpc-bossGroup--thread1] INFO  logging.LoggingHandler (AbstractInternalLogger.java:log(148)) - [id: 0x6b87ed59] REGISTERED
2025-10-18 02:35:31,106 [4073b780-f153-4de2-a2bc-564a8816154d-NettyServerStreamRpc-bossGroup--thread1] INFO  logging.LoggingHandler (AbstractInternalLogger.java:log(148)) - [id: 0x6b87ed59] BIND: 0.0.0.0/0.0.0.0:0
2025-10-18 02:35:31,106 [4073b780-f153-4de2-a2bc-564a8816154d-NettyServerStreamRpc-bossGroup--thread1] INFO  logging.LoggingHandler (AbstractInternalLogger.java:log(148)) - [id: 0x6b87ed59, L:/0.0.0.0:41061] ACTIVE
2025-10-18 02:35:31,106 [4073b780-f153-4de2-a2bc-564a8816154d-impl-thread1] INFO  server.RaftServer (RaftServerProxy.java:initGroupDir(270)) - 4073b780-f153-4de2-a2bc-564a8816154d: found a subdirectory /tmp/junit-5727176534069779274/ratis/tmp
2025-10-18 02:35:31,106 [4073b780-f153-4de2-a2bc-564a8816154d-impl-thread1] INFO  server.RaftServer (RaftServerProxy.java:initGroupDir(275)) - 4073b780-f153-4de2-a2bc-564a8816154d: The directory /tmp/junit-5727176534069779274/ratis/tmp is not a group directory; ignoring it. 
2025-10-18 02:35:31,107 [main] INFO  replication.ReplicationServer (ReplicationServer.java:<init>(84)) - Initializing replication server with thread count = 10 queue length = 4096
2025-10-18 02:35:31,107 [main] INFO  server.XceiverServerGrpc (XceiverServerGrpc.java:<init>(129)) - GrpcServer channel type EpollServerSocketChannel
2025-10-18 02:35:31,108 [main] INFO  replication.ReplicationSupervisor (ReplicationSupervisor.java:build(169)) - Initializing replication supervisor with thread count = 10
2025-10-18 02:35:31,108 [main] INFO  replication.ReplicationSupervisor (ReplicationSupervisor.java:nodeStateUpdated(358)) - Node state updated to IN_SERVICE, scaling executor pool size to 10
2025-10-18 02:35:31,114 [4073b780-f153-4de2-a2bc-564a8816154d-ContainerReader-0] INFO  ozoneimpl.ContainerReader (ContainerReader.java:readVolume(147)) - Start to verify containers on volume /tmp/junit-5727176534069779274/fcfa03ad-aa7a-410d-a56b-c9501a20feaf/hdds
2025-10-18 02:35:31,114 [4073b780-f153-4de2-a2bc-564a8816154d-ContainerReader-0] INFO  ozoneimpl.ContainerReader (ContainerReader.java:readVolume(177)) - Finish verifying containers on volume /tmp/junit-5727176534069779274/fcfa03ad-aa7a-410d-a56b-c9501a20feaf/hdds
2025-10-18 02:35:31,115 [main] INFO  ozoneimpl.OzoneContainer (OzoneContainer.java:buildContainerSet(359)) - Build ContainerSet costs 0s
2025-10-18 02:35:31,115 [main] INFO  volume.ThrottledAsyncChecker (ThrottledAsyncChecker.java:schedule(138)) - Scheduling a check for /tmp/junit-5727176534069779274/fcfa03ad-aa7a-410d-a56b-c9501a20feaf/hdds
2025-10-18 02:35:31,115 [main] INFO  volume.StorageVolumeChecker (StorageVolumeChecker.java:checkAllVolumes(231)) - Scheduled health check for volume /tmp/junit-5727176534069779274/fcfa03ad-aa7a-410d-a56b-c9501a20feaf/hdds
2025-10-18 02:35:31,116 [main] INFO  volume.ThrottledAsyncChecker (ThrottledAsyncChecker.java:schedule(138)) - Scheduling a check for /tmp/junit-5727176534069779274/ratis
2025-10-18 02:35:31,116 [main] INFO  volume.StorageVolumeChecker (StorageVolumeChecker.java:checkAllVolumes(231)) - Scheduled health check for volume /tmp/junit-5727176534069779274/ratis
2025-10-18 02:35:31,117 [main] INFO  ozoneimpl.OzoneContainer (OzoneContainer.java:start(544)) - Attempting to start container services.
2025-10-18 02:35:31,118 [ContainerMetadataScanner] INFO  ozoneimpl.AbstractBackgroundContainerScanner (AbstractBackgroundContainerScanner.java:runIteration(89)) - Completed an iteration in 0 minutes. Number of iterations (since the data-node restart) : 1, Number of containers scanned in this iteration : 0, Number of unhealthy containers found in this iteration : 0
2025-10-18 02:35:31,118 [ContainerDataScanner(/tmp/junit-5727176534069779274/fcfa03ad-aa7a-410d-a56b-c9501a20feaf/hdds)] INFO  ozoneimpl.AbstractBackgroundContainerScanner (AbstractBackgroundContainerScanner.java:runIteration(89)) - Completed an iteration in 0 minutes. Number of iterations (since the data-node restart) : 1, Number of containers scanned in this iteration : 0, Number of unhealthy containers found in this iteration : 0
2025-10-18 02:35:31,118 [main] INFO  replication.ReplicationServer (ReplicationServer.java:start(137)) - ReplicationServer is started using port 9886
2025-10-18 02:35:31,119 [main] INFO  ratis.XceiverServerRatis (XceiverServerRatis.java:start(559)) - Starting XceiverServerRatis(4073b780-f153-4de2-a2bc-564a8816154d)
2025-10-18 02:35:31,121 [main] INFO  server.RaftServer (RaftServerProxy.java:startImpl(412)) - 4073b780-f153-4de2-a2bc-564a8816154d: start RPC server
2025-10-18 02:35:31,122 [main] INFO  server.GrpcServicesImpl (GrpcServicesImpl.java:startImpl(346)) - 4073b780-f153-4de2-a2bc-564a8816154d: GrpcServicesImpl started, listening on 9858
2025-10-18 02:35:31,122 [JvmPauseMonitor20] INFO  util.JvmPauseMonitor (JvmPauseMonitor.java:run(146)) - JvmPauseMonitor-4073b780-f153-4de2-a2bc-564a8816154d: Started
2025-10-18 02:35:31,123 [main] INFO  ratis.XceiverServerRatis (XceiverServerRatis.java:getRealPort(586)) - XceiverServerRatis(4073b780-f153-4de2-a2bc-564a8816154d) is started using port RATIS=9858
2025-10-18 02:35:31,123 [main] INFO  ratis.XceiverServerRatis (XceiverServerRatis.java:getRealPort(586)) - XceiverServerRatis(4073b780-f153-4de2-a2bc-564a8816154d) is started using port RATIS_ADMIN=9858
2025-10-18 02:35:31,123 [main] INFO  ratis.XceiverServerRatis (XceiverServerRatis.java:getRealPort(586)) - XceiverServerRatis(4073b780-f153-4de2-a2bc-564a8816154d) is started using port RATIS_SERVER=9858
2025-10-18 02:35:31,123 [main] INFO  ratis.XceiverServerRatis (XceiverServerRatis.java:getRealPort(586)) - XceiverServerRatis(4073b780-f153-4de2-a2bc-564a8816154d) is started using port RATIS_DATASTREAM=41061
2025-10-18 02:35:31,124 [main] INFO  utils.BackgroundService (BackgroundService.java:start(119)) - Starting service BlockDeletingService with interval 60000 milliseconds
2025-10-18 02:35:31,124 [main] INFO  utils.BackgroundService (BackgroundService.java:start(119)) - Starting service StaleRecoveringContainerScrubbingService with interval 60000 milliseconds
2025-10-18 02:35:31,125 [main] INFO  upgrade.UpgradeFinalizer (BasicUpgradeFinalizer.java:logAndEmit(395)) - Finalization started.
2025-10-18 02:35:31,128 [LeakDetector-ManagedRocksObject0] WARN  managed.ManagedRocksObjectUtils (HddsUtils.java:reportLeak(902)) - ManagedColumnFamilyOptions is not closed properly
2025-10-18 02:35:31,128 [LeakDetector-ManagedRocksObject0] WARN  managed.ManagedRocksObjectUtils (HddsUtils.java:reportLeak(902)) - ManagedColumnFamilyOptions is not closed properly
2025-10-18 02:35:31,129 [main] INFO  upgrade.UpgradeFinalizer (BasicUpgradeFinalizer.java:runFinalizationAction(270)) - Running finalization actions for layout feature: DATANODE_SCHEMA_V3
2025-10-18 02:35:31,129 [main] INFO  upgrade.DatanodeSchemaV3FinalizeAction (DatanodeSchemaV3FinalizeAction.java:execute(49)) - Upgrading Datanode volume layout for Schema V3 support.
2025-10-18 02:35:31,152 [main] INFO  utils.DatanodeStoreCache (DatanodeStoreCache.java:addDB(70)) - Added db /tmp/junit-5727176534069779274/fcfa03ad-aa7a-410d-a56b-c9501a20feaf/hdds/clusterID/DS-1ab68a69-273c-4086-aaf9-7101a9025162/container.db to cache
2025-10-18 02:35:31,152 [main] INFO  volume.HddsVolume (HddsVolume.java:createDbStore(576)) - SchemaV3 db is created and loaded at /tmp/junit-5727176534069779274/fcfa03ad-aa7a-410d-a56b-c9501a20feaf/hdds/clusterID/DS-1ab68a69-273c-4086-aaf9-7101a9025162/container.db for volume DS-1ab68a69-273c-4086-aaf9-7101a9025162
2025-10-18 02:35:31,153 [main] INFO  utils.DatanodeStoreCache (DatanodeStoreCache.java:removeDB(104)) - Removed db /tmp/junit-5727176534069779274/fcfa03ad-aa7a-410d-a56b-c9501a20feaf/hdds/clusterID/DS-1ab68a69-273c-4086-aaf9-7101a9025162/container.db from cache
2025-10-18 02:35:31,153 [main] INFO  volume.HddsVolume (HddsVolume.java:closeDbStore(609)) - SchemaV3 db is stopped at /tmp/junit-5727176534069779274/fcfa03ad-aa7a-410d-a56b-c9501a20feaf/hdds/clusterID/DS-1ab68a69-273c-4086-aaf9-7101a9025162/container.db for volume DS-1ab68a69-273c-4086-aaf9-7101a9025162
2025-10-18 02:35:31,153 [main] INFO  upgrade.DatanodeSchemaV3FinalizeAction (DatanodeSchemaV3FinalizeAction.java:execute(75)) - Schema V3 is disabled. Won't load RocksDB in upgrade.
2025-10-18 02:35:31,155 [main] INFO  upgrade.AbstractLayoutVersionManager (AbstractLayoutVersionManager.java:finalized(124)) - Layout feature DATANODE_SCHEMA_V3 has been finalized.
2025-10-18 02:35:31,155 [main] INFO  upgrade.UpgradeFinalizer (BasicUpgradeFinalizer.java:logAndEmit(395)) - No onFinalize work defined for feature: RATIS_DATASTREAM_PORT_IN_DATANODEDETAILS.
2025-10-18 02:35:31,156 [main] INFO  upgrade.AbstractLayoutVersionManager (AbstractLayoutVersionManager.java:finalized(124)) - Layout feature RATIS_DATASTREAM_PORT_IN_DATANODEDETAILS has been finalized.
2025-10-18 02:35:31,156 [main] INFO  upgrade.UpgradeFinalizer (BasicUpgradeFinalizer.java:logAndEmit(395)) - No onFinalize work defined for feature: WEBUI_PORTS_IN_DATANODEDETAILS.
2025-10-18 02:35:31,157 [main] INFO  upgrade.AbstractLayoutVersionManager (AbstractLayoutVersionManager.java:finalized(124)) - Layout feature WEBUI_PORTS_IN_DATANODEDETAILS has been finalized.
2025-10-18 02:35:31,157 [main] INFO  upgrade.UpgradeFinalizer (BasicUpgradeFinalizer.java:logAndEmit(395)) - No onFinalize work defined for feature: HADOOP_PRC_PORTS_IN_DATANODEDETAILS.
2025-10-18 02:35:31,158 [main] INFO  upgrade.AbstractLayoutVersionManager (AbstractLayoutVersionManager.java:finalized(124)) - Layout feature HADOOP_PRC_PORTS_IN_DATANODEDETAILS has been finalized.
2025-10-18 02:35:31,158 [main] INFO  upgrade.UpgradeFinalizer (BasicUpgradeFinalizer.java:logAndEmit(395)) - No onFinalize work defined for feature: HBASE_SUPPORT.
2025-10-18 02:35:31,159 [main] INFO  upgrade.AbstractLayoutVersionManager (AbstractLayoutVersionManager.java:finalized(124)) - Layout feature HBASE_SUPPORT has been finalized.
2025-10-18 02:35:31,159 [main] INFO  upgrade.UpgradeFinalizer (BasicUpgradeFinalizer.java:runFinalizationAction(270)) - Running finalization actions for layout feature: WITNESSED_CONTAINER_DB_PROTO_VALUE
2025-10-18 02:35:31,160 [main] INFO  upgrade.ContainerTableSchemaFinalizeAction (ContainerTableSchemaFinalizeAction.java:execute(71)) - Finished copy to containerIdsTable from previous table
2025-10-18 02:35:31,161 [main] INFO  upgrade.AbstractLayoutVersionManager (AbstractLayoutVersionManager.java:finalized(124)) - Layout feature WITNESSED_CONTAINER_DB_PROTO_VALUE has been finalized.
2025-10-18 02:35:31,161 [main] INFO  upgrade.AbstractLayoutVersionManager (AbstractLayoutVersionManager.java:finalized(126)) - Finalization is complete.
2025-10-18 02:35:31,161 [main] INFO  upgrade.UpgradeFinalizer (BasicUpgradeFinalizer.java:logAndEmit(395)) - Finalization is done.
2025-10-18 02:35:31,162 [main] INFO  ozoneimpl.OzoneContainer (OzoneContainer.java:stop(568)) - Attempting to stop container services.
2025-10-18 02:35:31,162 [ContainerMetadataScanner] WARN  ozoneimpl.AbstractBackgroundContainerScanner (AbstractBackgroundContainerScanner.java:handleRemainingSleep(136)) - Background container scan was interrupted.
2025-10-18 02:35:31,162 [ContainerMetadataScanner] INFO  ozoneimpl.AbstractBackgroundContainerScanner (AbstractBackgroundContainerScanner.java:run(63)) - org.apache.hadoop.ozone.container.ozoneimpl.BackgroundContainerMetadataScanner@695318b6 exiting.
2025-10-18 02:35:31,162 [main] INFO  ozoneimpl.BackgroundContainerDataScanner (BackgroundContainerDataScanner.java:shutdown(87)) - ContainerDataScanner(/tmp/junit-5727176534069779274/fcfa03ad-aa7a-410d-a56b-c9501a20feaf/hdds) is shutting down. 
2025-10-18 02:35:31,162 [ContainerDataScanner(/tmp/junit-5727176534069779274/fcfa03ad-aa7a-410d-a56b-c9501a20feaf/hdds)] WARN  ozoneimpl.AbstractBackgroundContainerScanner (AbstractBackgroundContainerScanner.java:handleRemainingSleep(136)) - Background container scan was interrupted.
2025-10-18 02:35:31,162 [ContainerDataScanner(/tmp/junit-5727176534069779274/fcfa03ad-aa7a-410d-a56b-c9501a20feaf/hdds)] INFO  ozoneimpl.AbstractBackgroundContainerScanner (AbstractBackgroundContainerScanner.java:run(63)) - ContainerDataScanner(/tmp/junit-5727176534069779274/fcfa03ad-aa7a-410d-a56b-c9501a20feaf/hdds, DS-1ab68a69-273c-4086-aaf9-7101a9025162) exiting.
2025-10-18 02:35:31,162 [main] INFO  ozoneimpl.OnDemandContainerScanner (OnDemandContainerScanner.java:shutdown(141)) - On-demand container scanner is shutting down.
2025-10-18 02:35:31,163 [main] INFO  ratis.XceiverServerRatis (XceiverServerRatis.java:stop(594)) - Closing XceiverServerRatis(4073b780-f153-4de2-a2bc-564a8816154d)
2025-10-18 02:35:31,163 [main] INFO  server.RaftServer (RaftServerProxy.java:lambda$close$9(422)) - 4073b780-f153-4de2-a2bc-564a8816154d: close
2025-10-18 02:35:31,163 [main] INFO  server.GrpcServicesImpl (GrpcServicesImpl.java:closeImpl(355)) - 4073b780-f153-4de2-a2bc-564a8816154d: shutdown server GrpcServerProtocolService now
2025-10-18 02:35:31,164 [main] INFO  server.GrpcServicesImpl (GrpcServicesImpl.java:closeImpl(364)) - 4073b780-f153-4de2-a2bc-564a8816154d: shutdown server GrpcServerProtocolService successfully
2025-10-18 02:35:31,164 [4073b780-f153-4de2-a2bc-564a8816154d-NettyServerStreamRpc-bossGroup--thread1] INFO  logging.LoggingHandler (AbstractInternalLogger.java:log(148)) - [id: 0x6b87ed59, L:/0.0.0.0:41061] CLOSE
2025-10-18 02:35:31,164 [4073b780-f153-4de2-a2bc-564a8816154d-NettyServerStreamRpc-bossGroup--thread1] INFO  logging.LoggingHandler (AbstractInternalLogger.java:log(148)) - [id: 0x6b87ed59, L:/0.0.0.0:41061] INACTIVE
2025-10-18 02:35:31,164 [4073b780-f153-4de2-a2bc-564a8816154d-NettyServerStreamRpc-bossGroup--thread1] INFO  logging.LoggingHandler (AbstractInternalLogger.java:log(148)) - [id: 0x6b87ed59, L:/0.0.0.0:41061] UNREGISTERED
2025-10-18 02:35:31,168 [JvmPauseMonitor20] INFO  util.JvmPauseMonitor (JvmPauseMonitor.java:run(152)) - JvmPauseMonitor-4073b780-f153-4de2-a2bc-564a8816154d: Stopped
2025-10-18 02:35:33,171 [main] INFO  utils.BackgroundService (BackgroundService.java:shutdown(195)) - Shutting down service BlockDeletingService
2025-10-18 02:35:33,172 [main] INFO  utils.BackgroundService (BackgroundService.java:shutdown(195)) - Shutting down service StaleRecoveringContainerScrubbingService
2025-10-18 02:35:33,173 [main] INFO  upgrade.AbstractLayoutVersionManager (AbstractLayoutVersionManager.java:init(80)) - Initializing Layout version manager with metadata layout = WITNESSED_CONTAINER_DB_PROTO_VALUE (version = 9), software layout = WITNESSED_CONTAINER_DB_PROTO_VALUE (version = 9)
2025-10-18 02:35:33,174 [main] INFO  statemachine.DatanodeStateMachine (DatanodeStateMachine.java:getEndPointTaskThreadPoolSize(321)) - Datanode State Machine Task Thread Pool size 2
2025-10-18 02:35:33,176 [main] INFO  volume.HddsVolume (HddsVolume.java:<init>(162)) - HddsVolume: { id=fbe56863-06f6-40ed-84a2-4ba9bfe049c2 dir=/home/runner/work/ozone/ozone/hadoop-hdds/container-service/file:/home/runner/work/ozone/ozone/hadoop-hdds/container-service/target/tmp/dfs/data type=DISK failed }
2025-10-18 02:35:33,176 [main] ERROR volume.MutableVolumeSet (MutableVolumeSet.java:initializeVolumeSet(194)) - Failed to parse the storage location: file:///home/runner/work/ozone/ozone/hadoop-hdds/container-service/target/tmp/dfs/data
org.apache.hadoop.ozone.common.InconsistentStorageStateException: Mismatched DatanodeUUIDs. Version File : /home/runner/work/ozone/ozone/hadoop-hdds/container-service/target/tmp/dfs/data/hdds/VERSION has datanodeUuid: c3d05b50-810d-4b78-be46-d77415fe1b4d and Datanode has datanodeUuid: 4073b780-f153-4de2-a2bc-564a8816154d
	at org.apache.hadoop.ozone.container.common.utils.StorageVolumeUtil.getDatanodeUUID(StorageVolumeUtil.java:122)
	at org.apache.hadoop.ozone.container.common.volume.StorageVolume.readVersionFile(StorageVolume.java:385)
	at org.apache.hadoop.ozone.container.common.volume.StorageVolume.initializeImpl(StorageVolume.java:240)
	at org.apache.hadoop.ozone.container.common.volume.StorageVolume.initialize(StorageVolume.java:215)
	at org.apache.hadoop.ozone.container.common.volume.HddsVolume.<init>(HddsVolume.java:151)
	at org.apache.hadoop.ozone.container.common.volume.HddsVolume.<init>(HddsVolume.java:80)
	at org.apache.hadoop.ozone.container.common.volume.HddsVolume$Builder.build(HddsVolume.java:130)
	at org.apache.hadoop.ozone.container.common.volume.HddsVolumeFactory.createVolume(HddsVolumeFactory.java:46)
	at org.apache.hadoop.ozone.container.common.volume.MutableVolumeSet.initializeVolumeSet(MutableVolumeSet.java:172)
	at org.apache.hadoop.ozone.container.common.volume.MutableVolumeSet.<init>(MutableVolumeSet.java:130)
	at org.apache.hadoop.ozone.container.common.volume.MutableVolumeSet.<init>(MutableVolumeSet.java:92)
	at org.apache.hadoop.ozone.container.ozoneimpl.OzoneContainer.<init>(OzoneContainer.java:170)
	at org.apache.hadoop.ozone.container.common.statemachine.DatanodeStateMachine.<init>(DatanodeStateMachine.java:191)
	at org.apache.hadoop.ozone.container.common.statemachine.DatanodeStateMachine.<init>(DatanodeStateMachine.java:305)
	at org.apache.hadoop.ozone.container.upgrade.UpgradeTestHelper.restartDatanode(UpgradeTestHelper.java:108)
	at org.apache.hadoop.ozone.container.upgrade.TestDatanodeUpgradeToSchemaV3.testAddHddsVolumeAfterFinalize(TestDatanodeUpgradeToSchemaV3.java:287)
	at java.base/jdk.internal.reflect.DirectMethodHandleAccessor.invoke(DirectMethodHandleAccessor.java:103)
	at java.base/java.lang.reflect.Method.invoke(Method.java:580)
	at org.junit.platform.commons.util.ReflectionUtils.invokeMethod(ReflectionUtils.java:786)
	at org.junit.platform.commons.support.ReflectionSupport.invokeMethod(ReflectionSupport.java:514)
	at org.junit.jupiter.engine.execution.MethodInvocation.proceed(MethodInvocation.java:60)
	at org.junit.jupiter.engine.execution.InvocationInterceptorChain$ValidatingInvocation.proceed(InvocationInterceptorChain.java:131)
	at org.junit.jupiter.engine.extension.SameThreadTimeoutInvocation.proceed(SameThreadTimeoutInvocation.java:49)
	at org.junit.jupiter.engine.extension.TimeoutExtension.intercept(TimeoutExtension.java:161)
	at org.junit.jupiter.engine.extension.TimeoutExtension.interceptTestableMethod(TimeoutExtension.java:152)
	at org.junit.jupiter.engine.extension.TimeoutExtension.interceptTestTemplateMethod(TimeoutExtension.java:99)
	at org.junit.jupiter.engine.execution.InterceptingExecutableInvoker$ReflectiveInterceptorCall.lambda$ofVoidMethod$0(InterceptingExecutableInvoker.java:112)
	at org.junit.jupiter.engine.execution.InterceptingExecutableInvoker.lambda$invoke$0(InterceptingExecutableInvoker.java:94)
	at org.junit.jupiter.engine.execution.InvocationInterceptorChain$InterceptedInvocation.proceed(InvocationInterceptorChain.java:106)
	at org.junit.jupiter.engine.execution.InvocationInterceptorChain.proceed(InvocationInterceptorChain.java:64)
	at org.junit.jupiter.engine.execution.InvocationInterceptorChain.chainAndInvoke(InvocationInterceptorChain.java:45)
	at org.junit.jupiter.engine.execution.InvocationInterceptorChain.invoke(InvocationInterceptorChain.java:37)
	at org.junit.jupiter.engine.execution.InterceptingExecutableInvoker.invoke(InterceptingExecutableInvoker.java:93)
	at org.junit.jupiter.engine.execution.InterceptingExecutableInvoker.invoke(InterceptingExecutableInvoker.java:87)
	at org.junit.jupiter.engine.descriptor.TestMethodTestDescriptor.lambda$invokeTestMethod$4(TestMethodTestDescriptor.java:221)
	at org.junit.platform.engine.support.hierarchical.ThrowableCollector.execute(ThrowableCollector.java:73)
	at org.junit.jupiter.engine.descriptor.TestMethodTestDescriptor.invokeTestMethod(TestMethodTestDescriptor.java:217)
	at org.junit.jupiter.engine.descriptor.TestMethodTestDescriptor.execute(TestMethodTestDescriptor.java:159)
	at org.junit.jupiter.engine.descriptor.TestMethodTestDescriptor.execute(TestMethodTestDescriptor.java:70)
	at org.junit.platform.engine.support.hierarchical.NodeTestTask.lambda$executeRecursively$6(NodeTestTask.java:157)
	at org.junit.platform.engine.support.hierarchical.ThrowableCollector.execute(ThrowableCollector.java:73)
	at org.junit.platform.engine.support.hierarchical.NodeTestTask.lambda$executeRecursively$8(NodeTestTask.java:147)
	at org.junit.platform.engine.support.hierarchical.Node.around(Node.java:137)
	at org.junit.platform.engine.support.hierarchical.NodeTestTask.lambda$executeRecursively$9(NodeTestTask.java:145)
	at org.junit.platform.engine.support.hierarchical.ThrowableCollector.execute(ThrowableCollector.java:73)
	at org.junit.platform.engine.support.hierarchical.NodeTestTask.executeRecursively(NodeTestTask.java:144)
	at org.junit.platform.engine.support.hierarchical.NodeTestTask.execute(NodeTestTask.java:101)
	at org.junit.platform.engine.support.hierarchical.SameThreadHierarchicalTestExecutorService.submit(SameThreadHierarchicalTestExecutorService.java:35)
	at org.junit.platform.engine.support.hierarchical.NodeTestTask$DefaultDynamicTestExecutor.execute(NodeTestTask.java:232)
	at org.junit.platform.engine.support.hierarchical.NodeTestTask$DefaultDynamicTestExecutor.execute(NodeTestTask.java:210)
	at org.junit.jupiter.engine.descriptor.TemplateExecutor.execute(TemplateExecutor.java:98)
	at org.junit.jupiter.engine.descriptor.TemplateExecutor.lambda$executeForProvider$0(TemplateExecutor.java:61)
	at java.base/java.util.Optional.ifPresent(Optional.java:178)
	at org.junit.jupiter.engine.descriptor.TemplateExecutor.lambda$executeForProvider$1(TemplateExecutor.java:61)
	at java.base/java.util.stream.ForEachOps$ForEachOp$OfRef.accept(ForEachOps.java:184)
	at java.base/java.util.stream.ReferencePipeline$3$1.accept(ReferencePipeline.java:197)
	at java.base/java.util.stream.ForEachOps$ForEachOp$OfRef.accept(ForEachOps.java:184)
	at java.base/java.util.stream.ForEachOps$ForEachOp$OfRef.accept(ForEachOps.java:184)
	at java.base/java.util.stream.ReferencePipeline$3$1.accept(ReferencePipeline.java:197)
	at java.base/java.util.Spliterators$ArraySpliterator.forEachRemaining(Spliterators.java:1024)
	at java.base/java.util.stream.AbstractPipeline.copyInto(AbstractPipeline.java:509)
	at java.base/java.util.stream.AbstractPipeline.wrapAndCopyInto(AbstractPipeline.java:499)
	at java.base/java.util.stream.ForEachOps$ForEachOp.evaluateSequential(ForEachOps.java:151)
	at java.base/java.util.stream.ForEachOps$ForEachOp$OfRef.evaluateSequential(ForEachOps.java:174)
	at java.base/java.util.stream.AbstractPipeline.evaluate(AbstractPipeline.java:234)
	at java.base/java.util.stream.ReferencePipeline.forEach(ReferencePipeline.java:596)
	at java.base/java.util.stream.ReferencePipeline$7$1.accept(ReferencePipeline.java:276)
	at java.base/java.util.ArrayList$ArrayListSpliterator.forEachRemaining(ArrayList.java:1708)
	at java.base/java.util.stream.AbstractPipeline.copyInto(AbstractPipeline.java:509)
	at java.base/java.util.stream.AbstractPipeline.wrapAndCopyInto(AbstractPipeline.java:499)
	at java.base/java.util.stream.ForEachOps$ForEachOp.evaluateSequential(ForEachOps.java:151)
	at java.base/java.util.stream.ForEachOps$ForEachOp$OfRef.evaluateSequential(ForEachOps.java:174)
	at java.base/java.util.stream.AbstractPipeline.evaluate(AbstractPipeline.java:234)
	at java.base/java.util.stream.ReferencePipeline.forEach(ReferencePipeline.java:596)
	at java.base/java.util.stream.ReferencePipeline$7$1.accept(ReferencePipeline.java:276)
	at java.base/java.util.stream.ReferencePipeline$3$1.accept(ReferencePipeline.java:197)
	at java.base/java.util.stream.ReferencePipeline$3$1.accept(ReferencePipeline.java:197)
	at java.base/java.util.stream.ReferencePipeline$3$1.accept(ReferencePipeline.java:197)
	at java.base/java.util.ArrayList$ArrayListSpliterator.forEachRemaining(ArrayList.java:1708)
	at java.base/java.util.stream.AbstractPipeline.copyInto(AbstractPipeline.java:509)
	at java.base/java.util.stream.AbstractPipeline.wrapAndCopyInto(AbstractPipeline.java:499)
	at java.base/java.util.stream.ForEachOps$ForEachOp.evaluateSequential(ForEachOps.java:151)
	at java.base/java.util.stream.ForEachOps$ForEachOp$OfRef.evaluateSequential(ForEachOps.java:174)
	at java.base/java.util.stream.AbstractPipeline.evaluate(AbstractPipeline.java:234)
	at java.base/java.util.stream.ReferencePipeline.forEach(ReferencePipeline.java:596)
	at org.junit.jupiter.engine.descriptor.TemplateExecutor.executeForProvider(TemplateExecutor.java:59)
	at org.junit.jupiter.engine.descriptor.TemplateExecutor.execute(TemplateExecutor.java:48)
	at org.junit.jupiter.engine.descriptor.TestTemplateTestDescriptor.execute(TestTemplateTestDescriptor.java:112)
	at org.junit.jupiter.engine.descriptor.TestTemplateTestDescriptor.execute(TestTemplateTestDescriptor.java:40)
	at org.junit.platform.engine.support.hierarchical.NodeTestTask.lambda$executeRecursively$6(NodeTestTask.java:157)
	at org.junit.platform.engine.support.hierarchical.ThrowableCollector.execute(ThrowableCollector.java:73)
	at org.junit.platform.engine.support.hierarchical.NodeTestTask.lambda$executeRecursively$8(NodeTestTask.java:147)
	at org.junit.platform.engine.support.hierarchical.Node.around(Node.java:137)
	at org.junit.platform.engine.support.hierarchical.NodeTestTask.lambda$executeRecursively$9(NodeTestTask.java:145)
	at org.junit.platform.engine.support.hierarchical.ThrowableCollector.execute(ThrowableCollector.java:73)
	at org.junit.platform.engine.support.hierarchical.NodeTestTask.executeRecursively(NodeTestTask.java:144)
	at org.junit.platform.engine.support.hierarchical.NodeTestTask.execute(NodeTestTask.java:101)
	at java.base/java.util.ArrayList.forEach(ArrayList.java:1596)
	at org.junit.platform.engine.support.hierarchical.SameThreadHierarchicalTestExecutorService.invokeAll(SameThreadHierarchicalTestExecutorService.java:41)
	at org.junit.platform.engine.support.hierarchical.NodeTestTask.lambda$executeRecursively$6(NodeTestTask.java:161)
	at org.junit.platform.engine.support.hierarchical.ThrowableCollector.execute(ThrowableCollector.java:73)
	at org.junit.platform.engine.support.hierarchical.NodeTestTask.lambda$executeRecursively$8(NodeTestTask.java:147)
	at org.junit.platform.engine.support.hierarchical.Node.around(Node.java:137)
	at org.junit.platform.engine.support.hierarchical.NodeTestTask.lambda$executeRecursively$9(NodeTestTask.java:145)
	at org.junit.platform.engine.support.hierarchical.ThrowableCollector.execute(ThrowableCollector.java:73)
	at org.junit.platform.engine.support.hierarchical.NodeTestTask.executeRecursively(NodeTestTask.java:144)
	at org.junit.platform.engine.support.hierarchical.NodeTestTask.execute(NodeTestTask.java:101)
	at java.base/java.util.ArrayList.forEach(ArrayList.java:1596)
	at org.junit.platform.engine.support.hierarchical.SameThreadHierarchicalTestExecutorService.invokeAll(SameThreadHierarchicalTestExecutorService.java:41)
	at org.junit.platform.engine.support.hierarchical.NodeTestTask.lambda$executeRecursively$6(NodeTestTask.java:161)
	at org.junit.platform.engine.support.hierarchical.ThrowableCollector.execute(ThrowableCollector.java:73)
	at org.junit.platform.engine.support.hierarchical.NodeTestTask.lambda$executeRecursively$8(NodeTestTask.java:147)
	at org.junit.platform.engine.support.hierarchical.Node.around(Node.java:137)
	at org.junit.platform.engine.support.hierarchical.NodeTestTask.lambda$executeRecursively$9(NodeTestTask.java:145)
	at org.junit.platform.engine.support.hierarchical.ThrowableCollector.execute(ThrowableCollector.java:73)
	at org.junit.platform.engine.support.hierarchical.NodeTestTask.executeRecursively(NodeTestTask.java:144)
	at org.junit.platform.engine.support.hierarchical.NodeTestTask.execute(NodeTestTask.java:101)
	at org.junit.platform.engine.support.hierarchical.SameThreadHierarchicalTestExecutorService.submit(SameThreadHierarchicalTestExecutorService.java:35)
	at org.junit.platform.engine.support.hierarchical.HierarchicalTestExecutor.execute(HierarchicalTestExecutor.java:57)
	at org.junit.platform.engine.support.hierarchical.HierarchicalTestEngine.execute(HierarchicalTestEngine.java:54)
	at org.junit.platform.launcher.core.EngineExecutionOrchestrator.executeEngine(EngineExecutionOrchestrator.java:230)
	at org.junit.platform.launcher.core.EngineExecutionOrchestrator.failOrExecuteEngine(EngineExecutionOrchestrator.java:204)
	at org.junit.platform.launcher.core.EngineExecutionOrchestrator.execute(EngineExecutionOrchestrator.java:172)
	at org.junit.platform.launcher.core.EngineExecutionOrchestrator.execute(EngineExecutionOrchestrator.java:101)
	at org.junit.platform.launcher.core.EngineExecutionOrchestrator.lambda$execute$0(EngineExecutionOrchestrator.java:64)
	at org.junit.platform.launcher.core.EngineExecutionOrchestrator.withInterceptedStreams(EngineExecutionOrchestrator.java:150)
	at org.junit.platform.launcher.core.EngineExecutionOrchestrator.execute(EngineExecutionOrchestrator.java:63)
	at org.junit.platform.launcher.core.DefaultLauncher.execute(DefaultLauncher.java:109)
	at org.junit.platform.launcher.core.DefaultLauncher.execute(DefaultLauncher.java:91)
	at org.junit.platform.launcher.core.DelegatingLauncher.execute(DelegatingLauncher.java:47)
	at org.junit.platform.launcher.core.InterceptingLauncher.lambda$execute$1(InterceptingLauncher.java:39)
	at org.junit.platform.launcher.core.ClasspathAlignmentCheckingLauncherInterceptor.intercept(ClasspathAlignmentCheckingLauncherInterceptor.java:25)
	at org.junit.platform.launcher.core.InterceptingLauncher.execute(InterceptingLauncher.java:38)
	at org.junit.platform.launcher.core.DelegatingLauncher.execute(DelegatingLauncher.java:47)
	at org.apache.maven.surefire.junitplatform.LazyLauncher.execute(LazyLauncher.java:56)
	at org.apache.maven.surefire.junitplatform.JUnitPlatformProvider.execute(JUnitPlatformProvider.java:184)
	at org.apache.maven.surefire.junitplatform.JUnitPlatformProvider.invokeAllTests(JUnitPlatformProvider.java:148)
	at org.apache.maven.surefire.junitplatform.JUnitPlatformProvider.invoke(JUnitPlatformProvider.java:120)
	at org.apache.maven.surefire.booter.ForkedBooter.runSuitesInProcess(ForkedBooter.java:385)
	at org.apache.maven.surefire.booter.ForkedBooter.execute(ForkedBooter.java:162)
	at org.apache.maven.surefire.booter.ForkedBooter.run(ForkedBooter.java:507)
	at org.apache.maven.surefire.booter.ForkedBooter.main(ForkedBooter.java:495)
2025-10-18 02:35:33,177 [main] INFO  volume.HddsVolume (HddsVolume.java:<init>(162)) - HddsVolume: { id=DS-1ab68a69-273c-4086-aaf9-7101a9025162 dir=/tmp/junit-5727176534069779274/fcfa03ad-aa7a-410d-a56b-c9501a20feaf/hdds type=DISK capacity=9222449699674390527 used=0 available=9222449699674390527 minFree=184448985434423296 committed=0 }
2025-10-18 02:35:33,177 [main] INFO  volume.MutableVolumeSet (MutableVolumeSet.java:initializeVolumeSet(175)) - Added Volume : /tmp/junit-5727176534069779274/fcfa03ad-aa7a-410d-a56b-c9501a20feaf/hdds to VolumeSet
2025-10-18 02:35:33,179 [main] INFO  volume.HddsVolume (HddsVolume.java:<init>(162)) - HddsVolume: { id=DS-04656660-484b-498b-bfe5-c71b027a2bbc dir=/tmp/junit-5727176534069779274/c2673a21-314c-43b3-9930-b11cba6899e0/hdds type=DISK capacity=9222449699674390527 used=0 available=9222449699674390527 minFree=184448985434423296 committed=0 }
2025-10-18 02:35:33,179 [main] INFO  volume.MutableVolumeSet (MutableVolumeSet.java:initializeVolumeSet(175)) - Added Volume : /tmp/junit-5727176534069779274/c2673a21-314c-43b3-9930-b11cba6899e0/hdds to VolumeSet
2025-10-18 02:35:33,180 [main] WARN  server.ServerUtils (ServerUtils.java:getDefaultRatisDirectory(304)) - Storage directory for Ratis is not configured. It is a good idea to map this to an SSD disk. Falling back to ozone.metadata.dirs
2025-10-18 02:35:33,180 [main] INFO  volume.MutableVolumeSet (MutableVolumeSet.java:initializeVolumeSet(175)) - Added Volume : /tmp/junit-5727176534069779274/ratis to VolumeSet
2025-10-18 02:35:33,181 [main] WARN  db.DBStoreBuilder (DBStoreBuilder.java:getDBDirPath(157)) - ozone.scm.datanode.id.dir is not configured. We recommend adding this setting. Falling back to ozone.metadata.dirs instead.
2025-10-18 02:35:33,181 [main] WARN  db.DBStoreBuilder (DBStoreBuilder.java:getDBDirPath(157)) - ozone.scm.datanode.id.dir is not configured. We recommend adding this setting. Falling back to ozone.metadata.dirs instead.
2025-10-18 02:35:33,190 [main] INFO  impl.FilePerChunkStrategy (FilePerChunkStrategy.java:<init>(79)) - ozone.chunk.read.mapped.buffer.max.count is load with 0
2025-10-18 02:35:33,190 [main] INFO  impl.FilePerBlockStrategy (FilePerBlockStrategy.java:<init>(88)) - ozone.chunk.read.mapped.buffer.max.count is load with 0
2025-10-18 02:35:33,191 [main] INFO  server.RaftServerConfigKeys (ConfUtils.java:logGet(62)) - raft.server.log.appender.buffer.byte-limit = 33554432 (custom)
2025-10-18 02:35:33,191 [main] WARN  server.ServerUtils (ServerUtils.java:getDefaultRatisDirectory(304)) - Storage directory for Ratis is not configured. It is a good idea to map this to an SSD disk. Falling back to ozone.metadata.dirs
2025-10-18 02:35:33,192 [main] INFO  grpc.GrpcConfigKeys (ConfUtils.java:logFallback(69)) - raft.grpc.admin.host = null (fallback to raft.grpc.server.host)
2025-10-18 02:35:33,193 [main] INFO  grpc.GrpcConfigKeys (ConfUtils.java:logFallback(69)) - raft.grpc.client.host = null (fallback to raft.grpc.server.host)
2025-10-18 02:35:33,193 [main] INFO  server.GrpcServicesImpl (ConfUtils.java:logGet(62)) - raft.grpc.message.size.max = 34603008 (custom)
2025-10-18 02:35:33,193 [main] INFO  server.GrpcServicesImpl (ConfUtils.java:logGet(62)) - raft.grpc.flow.control.window = 5MB (=5242880) (custom)
2025-10-18 02:35:33,193 [main] INFO  server.RaftServerConfigKeys (ConfUtils.java:logGet(62)) - raft.server.log.appender.buffer.byte-limit = 33554432 (custom)
2025-10-18 02:35:33,194 [main] INFO  netty.NettyUtils (NettyUtils.java:newEventLoopGroup(74)) - Create EpollEventLoopGroup for 4073b780-f153-4de2-a2bc-564a8816154d-NettyServerStreamRpc-bossGroup; Thread size is 0.
2025-10-18 02:35:33,194 [main] INFO  netty.NettyUtils (NettyUtils.java:newEventLoopGroup(74)) - Create EpollEventLoopGroup for 4073b780-f153-4de2-a2bc-564a8816154d-NettyServerStreamRpc-workerGroup; Thread size is 0.
2025-10-18 02:35:33,195 [4073b780-f153-4de2-a2bc-564a8816154d-NettyServerStreamRpc-bossGroup--thread1] INFO  logging.LoggingHandler (AbstractInternalLogger.java:log(148)) - [id: 0x081ec963] REGISTERED
2025-10-18 02:35:33,196 [4073b780-f153-4de2-a2bc-564a8816154d-NettyServerStreamRpc-bossGroup--thread1] INFO  logging.LoggingHandler (AbstractInternalLogger.java:log(148)) - [id: 0x081ec963] BIND: 0.0.0.0/0.0.0.0:0
2025-10-18 02:35:33,196 [4073b780-f153-4de2-a2bc-564a8816154d-NettyServerStreamRpc-bossGroup--thread1] INFO  logging.LoggingHandler (AbstractInternalLogger.java:log(148)) - [id: 0x081ec963, L:/0.0.0.0:42935] ACTIVE
2025-10-18 02:35:33,196 [4073b780-f153-4de2-a2bc-564a8816154d-impl-thread1] INFO  server.RaftServer (RaftServerProxy.java:initGroupDir(270)) - 4073b780-f153-4de2-a2bc-564a8816154d: found a subdirectory /tmp/junit-5727176534069779274/ratis/tmp
2025-10-18 02:35:33,196 [4073b780-f153-4de2-a2bc-564a8816154d-impl-thread1] INFO  server.RaftServer (RaftServerProxy.java:initGroupDir(275)) - 4073b780-f153-4de2-a2bc-564a8816154d: The directory /tmp/junit-5727176534069779274/ratis/tmp is not a group directory; ignoring it. 
2025-10-18 02:35:33,196 [main] INFO  replication.ReplicationServer (ReplicationServer.java:<init>(84)) - Initializing replication server with thread count = 10 queue length = 4096
2025-10-18 02:35:33,197 [main] INFO  server.XceiverServerGrpc (XceiverServerGrpc.java:<init>(129)) - GrpcServer channel type EpollServerSocketChannel
2025-10-18 02:35:33,198 [main] INFO  replication.ReplicationSupervisor (ReplicationSupervisor.java:build(169)) - Initializing replication supervisor with thread count = 10
2025-10-18 02:35:33,198 [main] INFO  replication.ReplicationSupervisor (ReplicationSupervisor.java:nodeStateUpdated(358)) - Node state updated to IN_SERVICE, scaling executor pool size to 10
2025-10-18 02:35:33,224 [main] INFO  utils.DatanodeStoreCache (DatanodeStoreCache.java:addDB(70)) - Added db /tmp/junit-5727176534069779274/c2673a21-314c-43b3-9930-b11cba6899e0/hdds/clusterID/DS-04656660-484b-498b-bfe5-c71b027a2bbc/container.db to cache
2025-10-18 02:35:33,224 [main] INFO  volume.HddsVolume (HddsVolume.java:createDbStore(576)) - SchemaV3 db is created and loaded at /tmp/junit-5727176534069779274/c2673a21-314c-43b3-9930-b11cba6899e0/hdds/clusterID/DS-04656660-484b-498b-bfe5-c71b027a2bbc/container.db for volume DS-04656660-484b-498b-bfe5-c71b027a2bbc
2025-10-18 02:35:33,224 [main] INFO  utils.DatanodeStoreCache (DatanodeStoreCache.java:removeDB(104)) - Removed db /tmp/junit-5727176534069779274/c2673a21-314c-43b3-9930-b11cba6899e0/hdds/clusterID/DS-04656660-484b-498b-bfe5-c71b027a2bbc/container.db from cache
2025-10-18 02:35:33,224 [main] INFO  volume.HddsVolume (HddsVolume.java:closeDbStore(609)) - SchemaV3 db is stopped at /tmp/junit-5727176534069779274/c2673a21-314c-43b3-9930-b11cba6899e0/hdds/clusterID/DS-04656660-484b-498b-bfe5-c71b027a2bbc/container.db for volume DS-04656660-484b-498b-bfe5-c71b027a2bbc
2025-10-18 02:35:33,226 [4073b780-f153-4de2-a2bc-564a8816154d-ContainerReader-0] INFO  ozoneimpl.ContainerReader (ContainerReader.java:readVolume(147)) - Start to verify containers on volume /tmp/junit-5727176534069779274/c2673a21-314c-43b3-9930-b11cba6899e0/hdds
2025-10-18 02:35:33,226 [4073b780-f153-4de2-a2bc-564a8816154d-ContainerReader-0] INFO  ozoneimpl.ContainerReader (ContainerReader.java:readVolume(177)) - Finish verifying containers on volume /tmp/junit-5727176534069779274/c2673a21-314c-43b3-9930-b11cba6899e0/hdds
2025-10-18 02:35:33,226 [4073b780-f153-4de2-a2bc-564a8816154d-ContainerReader-1] INFO  ozoneimpl.ContainerReader (ContainerReader.java:readVolume(147)) - Start to verify containers on volume /tmp/junit-5727176534069779274/fcfa03ad-aa7a-410d-a56b-c9501a20feaf/hdds
2025-10-18 02:35:33,227 [4073b780-f153-4de2-a2bc-564a8816154d-ContainerReader-1] INFO  ozoneimpl.ContainerReader (ContainerReader.java:readVolume(177)) - Finish verifying containers on volume /tmp/junit-5727176534069779274/fcfa03ad-aa7a-410d-a56b-c9501a20feaf/hdds
2025-10-18 02:35:33,227 [main] INFO  ozoneimpl.OzoneContainer (OzoneContainer.java:buildContainerSet(359)) - Build ContainerSet costs 0s
2025-10-18 02:35:33,227 [main] INFO  volume.ThrottledAsyncChecker (ThrottledAsyncChecker.java:schedule(138)) - Scheduling a check for /tmp/junit-5727176534069779274/c2673a21-314c-43b3-9930-b11cba6899e0/hdds
2025-10-18 02:35:33,228 [main] INFO  volume.StorageVolumeChecker (StorageVolumeChecker.java:checkAllVolumes(231)) - Scheduled health check for volume /tmp/junit-5727176534069779274/c2673a21-314c-43b3-9930-b11cba6899e0/hdds
2025-10-18 02:35:33,228 [main] INFO  volume.ThrottledAsyncChecker (ThrottledAsyncChecker.java:schedule(138)) - Scheduling a check for /tmp/junit-5727176534069779274/fcfa03ad-aa7a-410d-a56b-c9501a20feaf/hdds
2025-10-18 02:35:33,228 [main] INFO  volume.StorageVolumeChecker (StorageVolumeChecker.java:checkAllVolumes(231)) - Scheduled health check for volume /tmp/junit-5727176534069779274/fcfa03ad-aa7a-410d-a56b-c9501a20feaf/hdds
2025-10-18 02:35:33,229 [main] INFO  volume.ThrottledAsyncChecker (ThrottledAsyncChecker.java:schedule(138)) - Scheduling a check for /tmp/junit-5727176534069779274/ratis
2025-10-18 02:35:33,229 [main] INFO  volume.StorageVolumeChecker (StorageVolumeChecker.java:checkAllVolumes(231)) - Scheduled health check for volume /tmp/junit-5727176534069779274/ratis
2025-10-18 02:35:33,230 [main] INFO  ozoneimpl.OzoneContainer (OzoneContainer.java:start(544)) - Attempting to start container services.
2025-10-18 02:35:33,231 [ContainerMetadataScanner] INFO  ozoneimpl.AbstractBackgroundContainerScanner (AbstractBackgroundContainerScanner.java:runIteration(89)) - Completed an iteration in 0 minutes. Number of iterations (since the data-node restart) : 1, Number of containers scanned in this iteration : 0, Number of unhealthy containers found in this iteration : 0
2025-10-18 02:35:33,231 [ContainerDataScanner(/tmp/junit-5727176534069779274/c2673a21-314c-43b3-9930-b11cba6899e0/hdds)] INFO  ozoneimpl.AbstractBackgroundContainerScanner (AbstractBackgroundContainerScanner.java:runIteration(89)) - Completed an iteration in 0 minutes. Number of iterations (since the data-node restart) : 1, Number of containers scanned in this iteration : 0, Number of unhealthy containers found in this iteration : 0
2025-10-18 02:35:33,231 [ContainerDataScanner(/tmp/junit-5727176534069779274/fcfa03ad-aa7a-410d-a56b-c9501a20feaf/hdds)] INFO  ozoneimpl.AbstractBackgroundContainerScanner (AbstractBackgroundContainerScanner.java:runIteration(89)) - Completed an iteration in 0 minutes. Number of iterations (since the data-node restart) : 1, Number of containers scanned in this iteration : 0, Number of unhealthy containers found in this iteration : 0
2025-10-18 02:35:33,231 [main] INFO  replication.ReplicationServer (ReplicationServer.java:start(137)) - ReplicationServer is started using port 9886
2025-10-18 02:35:33,232 [main] INFO  ratis.XceiverServerRatis (XceiverServerRatis.java:start(559)) - Starting XceiverServerRatis(4073b780-f153-4de2-a2bc-564a8816154d)
2025-10-18 02:35:33,235 [main] INFO  server.RaftServer (RaftServerProxy.java:startImpl(412)) - 4073b780-f153-4de2-a2bc-564a8816154d: start RPC server
2025-10-18 02:35:33,236 [main] INFO  server.GrpcServicesImpl (GrpcServicesImpl.java:startImpl(346)) - 4073b780-f153-4de2-a2bc-564a8816154d: GrpcServicesImpl started, listening on 9858
2025-10-18 02:35:33,236 [main] INFO  ratis.XceiverServerRatis (XceiverServerRatis.java:getRealPort(586)) - XceiverServerRatis(4073b780-f153-4de2-a2bc-564a8816154d) is started using port RATIS=9858
2025-10-18 02:35:33,236 [main] INFO  ratis.XceiverServerRatis (XceiverServerRatis.java:getRealPort(586)) - XceiverServerRatis(4073b780-f153-4de2-a2bc-564a8816154d) is started using port RATIS_ADMIN=9858
2025-10-18 02:35:33,236 [JvmPauseMonitor21] INFO  util.JvmPauseMonitor (JvmPauseMonitor.java:run(146)) - JvmPauseMonitor-4073b780-f153-4de2-a2bc-564a8816154d: Started
2025-10-18 02:35:33,236 [main] INFO  ratis.XceiverServerRatis (XceiverServerRatis.java:getRealPort(586)) - XceiverServerRatis(4073b780-f153-4de2-a2bc-564a8816154d) is started using port RATIS_SERVER=9858
2025-10-18 02:35:33,237 [main] INFO  ratis.XceiverServerRatis (XceiverServerRatis.java:getRealPort(586)) - XceiverServerRatis(4073b780-f153-4de2-a2bc-564a8816154d) is started using port RATIS_DATASTREAM=42935
2025-10-18 02:35:33,237 [main] INFO  utils.BackgroundService (BackgroundService.java:start(119)) - Starting service BlockDeletingService with interval 60000 milliseconds
2025-10-18 02:35:33,238 [main] INFO  utils.BackgroundService (BackgroundService.java:start(119)) - Starting service StaleRecoveringContainerScrubbingService with interval 60000 milliseconds
2025-10-18 02:35:33,239 [main] INFO  ipc.Server (Server.java:stop(3697)) - Stopping server on 40231
2025-10-18 02:35:33,239 [IPC Server listener on 40231] INFO  ipc.Server (Server.java:run(1585)) - Stopping IPC Server listener on 40231
2025-10-18 02:35:33,239 [IPC Server Responder] INFO  ipc.Server (Server.java:run(1718)) - Stopping IPC Server Responder
2025-10-18 02:35:33,240 [main] INFO  ozoneimpl.OzoneContainer (OzoneContainer.java:stop(568)) - Attempting to stop container services.
2025-10-18 02:35:33,240 [ContainerMetadataScanner] WARN  ozoneimpl.AbstractBackgroundContainerScanner (AbstractBackgroundContainerScanner.java:handleRemainingSleep(136)) - Background container scan was interrupted.
2025-10-18 02:35:33,240 [ContainerMetadataScanner] INFO  ozoneimpl.AbstractBackgroundContainerScanner (AbstractBackgroundContainerScanner.java:run(63)) - org.apache.hadoop.ozone.container.ozoneimpl.BackgroundContainerMetadataScanner@507f0aea exiting.
2025-10-18 02:35:33,240 [main] INFO  ozoneimpl.BackgroundContainerDataScanner (BackgroundContainerDataScanner.java:shutdown(87)) - ContainerDataScanner(/tmp/junit-5727176534069779274/c2673a21-314c-43b3-9930-b11cba6899e0/hdds) is shutting down. 
2025-10-18 02:35:33,241 [ContainerDataScanner(/tmp/junit-5727176534069779274/c2673a21-314c-43b3-9930-b11cba6899e0/hdds)] WARN  ozoneimpl.AbstractBackgroundContainerScanner (AbstractBackgroundContainerScanner.java:handleRemainingSleep(136)) - Background container scan was interrupted.
2025-10-18 02:35:33,241 [ContainerDataScanner(/tmp/junit-5727176534069779274/c2673a21-314c-43b3-9930-b11cba6899e0/hdds)] INFO  ozoneimpl.AbstractBackgroundContainerScanner (AbstractBackgroundContainerScanner.java:run(63)) - ContainerDataScanner(/tmp/junit-5727176534069779274/c2673a21-314c-43b3-9930-b11cba6899e0/hdds, DS-04656660-484b-498b-bfe5-c71b027a2bbc) exiting.
2025-10-18 02:35:33,241 [main] INFO  ozoneimpl.BackgroundContainerDataScanner (BackgroundContainerDataScanner.java:shutdown(87)) - ContainerDataScanner(/tmp/junit-5727176534069779274/fcfa03ad-aa7a-410d-a56b-c9501a20feaf/hdds) is shutting down. 
2025-10-18 02:35:33,241 [ContainerDataScanner(/tmp/junit-5727176534069779274/fcfa03ad-aa7a-410d-a56b-c9501a20feaf/hdds)] WARN  ozoneimpl.AbstractBackgroundContainerScanner (AbstractBackgroundContainerScanner.java:handleRemainingSleep(136)) - Background container scan was interrupted.
2025-10-18 02:35:33,241 [ContainerDataScanner(/tmp/junit-5727176534069779274/fcfa03ad-aa7a-410d-a56b-c9501a20feaf/hdds)] INFO  ozoneimpl.AbstractBackgroundContainerScanner (AbstractBackgroundContainerScanner.java:run(63)) - ContainerDataScanner(/tmp/junit-5727176534069779274/fcfa03ad-aa7a-410d-a56b-c9501a20feaf/hdds, DS-1ab68a69-273c-4086-aaf9-7101a9025162) exiting.
2025-10-18 02:35:33,241 [main] INFO  ozoneimpl.OnDemandContainerScanner (OnDemandContainerScanner.java:shutdown(141)) - On-demand container scanner is shutting down.
2025-10-18 02:35:33,241 [main] INFO  ratis.XceiverServerRatis (XceiverServerRatis.java:stop(594)) - Closing XceiverServerRatis(4073b780-f153-4de2-a2bc-564a8816154d)
2025-10-18 02:35:33,242 [main] INFO  server.RaftServer (RaftServerProxy.java:lambda$close$9(422)) - 4073b780-f153-4de2-a2bc-564a8816154d: close
2025-10-18 02:35:33,242 [main] INFO  server.GrpcServicesImpl (GrpcServicesImpl.java:closeImpl(355)) - 4073b780-f153-4de2-a2bc-564a8816154d: shutdown server GrpcServerProtocolService now
2025-10-18 02:35:33,242 [main] INFO  server.GrpcServicesImpl (GrpcServicesImpl.java:closeImpl(364)) - 4073b780-f153-4de2-a2bc-564a8816154d: shutdown server GrpcServerProtocolService successfully
2025-10-18 02:35:33,242 [4073b780-f153-4de2-a2bc-564a8816154d-NettyServerStreamRpc-bossGroup--thread1] INFO  logging.LoggingHandler (AbstractInternalLogger.java:log(148)) - [id: 0x081ec963, L:/0.0.0.0:42935] CLOSE
2025-10-18 02:35:33,242 [4073b780-f153-4de2-a2bc-564a8816154d-NettyServerStreamRpc-bossGroup--thread1] INFO  logging.LoggingHandler (AbstractInternalLogger.java:log(148)) - [id: 0x081ec963, L:/0.0.0.0:42935] INACTIVE
2025-10-18 02:35:33,242 [4073b780-f153-4de2-a2bc-564a8816154d-NettyServerStreamRpc-bossGroup--thread1] INFO  logging.LoggingHandler (AbstractInternalLogger.java:log(148)) - [id: 0x081ec963, L:/0.0.0.0:42935] UNREGISTERED
2025-10-18 02:35:33,246 [JvmPauseMonitor21] INFO  util.JvmPauseMonitor (JvmPauseMonitor.java:run(152)) - JvmPauseMonitor-4073b780-f153-4de2-a2bc-564a8816154d: Stopped
2025-10-18 02:35:35,251 [main] INFO  utils.BackgroundService (BackgroundService.java:shutdown(195)) - Shutting down service BlockDeletingService
2025-10-18 02:35:35,251 [main] INFO  utils.BackgroundService (BackgroundService.java:shutdown(195)) - Shutting down service StaleRecoveringContainerScrubbingService
]]></system-out>
  </testcase>
  <testcase name="testAddHddsVolumeAfterFinalize(boolean)[2]" classname="org.apache.hadoop.ozone.container.upgrade.TestDatanodeUpgradeToSchemaV3" time="4.209">
    <system-out><![CDATA[2025-10-18 02:35:35,270 [main] INFO  ipc.CallQueueManager (CallQueueManager.java:<init>(93)) - Using callQueue: class java.util.concurrent.LinkedBlockingQueue, queueCapacity: 1000, scheduler: class org.apache.hadoop.ipc.DefaultRpcScheduler, ipcBackoff: false, ipcFailOver: false.
2025-10-18 02:35:35,270 [main] INFO  ipc.Server (Server.java:<init>(1438)) - Listener at localhost:34119
2025-10-18 02:35:35,271 [Socket Reader #1 for port 34119] INFO  ipc.Server (Server.java:run(1474)) - Starting Socket Reader #1 for port 34119
2025-10-18 02:35:35,271 [IPC Server Responder] INFO  ipc.Server (Server.java:run(1713)) - IPC Server Responder: starting
2025-10-18 02:35:35,271 [IPC Server listener on 34119] INFO  ipc.Server (Server.java:run(1553)) - IPC Server listener on 34119: starting
2025-10-18 02:35:35,274 [main] INFO  upgrade.AbstractLayoutVersionManager (AbstractLayoutVersionManager.java:init(80)) - Initializing Layout version manager with metadata layout = ERASURE_CODED_STORAGE_SUPPORT (version = 3), software layout = WITNESSED_CONTAINER_DB_PROTO_VALUE (version = 9)
2025-10-18 02:35:35,275 [main] INFO  upgrade.HDDSLayoutVersionManager (HDDSLayoutVersionManager.java:lambda$registerUpgradeActions$0(81)) - Registering Upgrade Action : DatanodeSchemaV3FinalizeAction
2025-10-18 02:35:35,275 [main] INFO  upgrade.HDDSLayoutVersionManager (HDDSLayoutVersionManager.java:lambda$registerUpgradeActions$0(81)) - Registering Upgrade Action : ContainerTableSchemaFinalizeAction
2025-10-18 02:35:35,275 [main] INFO  statemachine.DatanodeStateMachine (DatanodeStateMachine.java:getEndPointTaskThreadPoolSize(321)) - Datanode State Machine Task Thread Pool size 2
2025-10-18 02:35:35,277 [main] INFO  volume.HddsVolume (HddsVolume.java:<init>(162)) - HddsVolume: { id=28f33841-589e-4112-8ca5-22d809877c0b dir=/home/runner/work/ozone/ozone/hadoop-hdds/container-service/file:/home/runner/work/ozone/ozone/hadoop-hdds/container-service/target/tmp/dfs/data type=DISK failed }
2025-10-18 02:35:35,277 [main] ERROR volume.MutableVolumeSet (MutableVolumeSet.java:initializeVolumeSet(194)) - Failed to parse the storage location: file:///home/runner/work/ozone/ozone/hadoop-hdds/container-service/target/tmp/dfs/data
org.apache.hadoop.ozone.common.InconsistentStorageStateException: Mismatched DatanodeUUIDs. Version File : /home/runner/work/ozone/ozone/hadoop-hdds/container-service/target/tmp/dfs/data/hdds/VERSION has datanodeUuid: c3d05b50-810d-4b78-be46-d77415fe1b4d and Datanode has datanodeUuid: e6bc46a1-f843-4f89-9334-2637a1884d2b
	at org.apache.hadoop.ozone.container.common.utils.StorageVolumeUtil.getDatanodeUUID(StorageVolumeUtil.java:122)
	at org.apache.hadoop.ozone.container.common.volume.StorageVolume.readVersionFile(StorageVolume.java:385)
	at org.apache.hadoop.ozone.container.common.volume.StorageVolume.initializeImpl(StorageVolume.java:240)
	at org.apache.hadoop.ozone.container.common.volume.StorageVolume.initialize(StorageVolume.java:215)
	at org.apache.hadoop.ozone.container.common.volume.HddsVolume.<init>(HddsVolume.java:151)
	at org.apache.hadoop.ozone.container.common.volume.HddsVolume.<init>(HddsVolume.java:80)
	at org.apache.hadoop.ozone.container.common.volume.HddsVolume$Builder.build(HddsVolume.java:130)
	at org.apache.hadoop.ozone.container.common.volume.HddsVolumeFactory.createVolume(HddsVolumeFactory.java:46)
	at org.apache.hadoop.ozone.container.common.volume.MutableVolumeSet.initializeVolumeSet(MutableVolumeSet.java:172)
	at org.apache.hadoop.ozone.container.common.volume.MutableVolumeSet.<init>(MutableVolumeSet.java:130)
	at org.apache.hadoop.ozone.container.common.volume.MutableVolumeSet.<init>(MutableVolumeSet.java:92)
	at org.apache.hadoop.ozone.container.ozoneimpl.OzoneContainer.<init>(OzoneContainer.java:170)
	at org.apache.hadoop.ozone.container.common.statemachine.DatanodeStateMachine.<init>(DatanodeStateMachine.java:191)
	at org.apache.hadoop.ozone.container.common.statemachine.DatanodeStateMachine.<init>(DatanodeStateMachine.java:305)
	at org.apache.hadoop.ozone.container.upgrade.UpgradeTestHelper.startPreFinalizedDatanode(UpgradeTestHelper.java:88)
	at org.apache.hadoop.ozone.container.upgrade.TestDatanodeUpgradeToSchemaV3.testAddHddsVolumeAfterFinalize(TestDatanodeUpgradeToSchemaV3.java:281)
	at java.base/jdk.internal.reflect.DirectMethodHandleAccessor.invoke(DirectMethodHandleAccessor.java:103)
	at java.base/java.lang.reflect.Method.invoke(Method.java:580)
	at org.junit.platform.commons.util.ReflectionUtils.invokeMethod(ReflectionUtils.java:786)
	at org.junit.platform.commons.support.ReflectionSupport.invokeMethod(ReflectionSupport.java:514)
	at org.junit.jupiter.engine.execution.MethodInvocation.proceed(MethodInvocation.java:60)
	at org.junit.jupiter.engine.execution.InvocationInterceptorChain$ValidatingInvocation.proceed(InvocationInterceptorChain.java:131)
	at org.junit.jupiter.engine.extension.SameThreadTimeoutInvocation.proceed(SameThreadTimeoutInvocation.java:49)
	at org.junit.jupiter.engine.extension.TimeoutExtension.intercept(TimeoutExtension.java:161)
	at org.junit.jupiter.engine.extension.TimeoutExtension.interceptTestableMethod(TimeoutExtension.java:152)
	at org.junit.jupiter.engine.extension.TimeoutExtension.interceptTestTemplateMethod(TimeoutExtension.java:99)
	at org.junit.jupiter.engine.execution.InterceptingExecutableInvoker$ReflectiveInterceptorCall.lambda$ofVoidMethod$0(InterceptingExecutableInvoker.java:112)
	at org.junit.jupiter.engine.execution.InterceptingExecutableInvoker.lambda$invoke$0(InterceptingExecutableInvoker.java:94)
	at org.junit.jupiter.engine.execution.InvocationInterceptorChain$InterceptedInvocation.proceed(InvocationInterceptorChain.java:106)
	at org.junit.jupiter.engine.execution.InvocationInterceptorChain.proceed(InvocationInterceptorChain.java:64)
	at org.junit.jupiter.engine.execution.InvocationInterceptorChain.chainAndInvoke(InvocationInterceptorChain.java:45)
	at org.junit.jupiter.engine.execution.InvocationInterceptorChain.invoke(InvocationInterceptorChain.java:37)
	at org.junit.jupiter.engine.execution.InterceptingExecutableInvoker.invoke(InterceptingExecutableInvoker.java:93)
	at org.junit.jupiter.engine.execution.InterceptingExecutableInvoker.invoke(InterceptingExecutableInvoker.java:87)
	at org.junit.jupiter.engine.descriptor.TestMethodTestDescriptor.lambda$invokeTestMethod$4(TestMethodTestDescriptor.java:221)
	at org.junit.platform.engine.support.hierarchical.ThrowableCollector.execute(ThrowableCollector.java:73)
	at org.junit.jupiter.engine.descriptor.TestMethodTestDescriptor.invokeTestMethod(TestMethodTestDescriptor.java:217)
	at org.junit.jupiter.engine.descriptor.TestMethodTestDescriptor.execute(TestMethodTestDescriptor.java:159)
	at org.junit.jupiter.engine.descriptor.TestMethodTestDescriptor.execute(TestMethodTestDescriptor.java:70)
	at org.junit.platform.engine.support.hierarchical.NodeTestTask.lambda$executeRecursively$6(NodeTestTask.java:157)
	at org.junit.platform.engine.support.hierarchical.ThrowableCollector.execute(ThrowableCollector.java:73)
	at org.junit.platform.engine.support.hierarchical.NodeTestTask.lambda$executeRecursively$8(NodeTestTask.java:147)
	at org.junit.platform.engine.support.hierarchical.Node.around(Node.java:137)
	at org.junit.platform.engine.support.hierarchical.NodeTestTask.lambda$executeRecursively$9(NodeTestTask.java:145)
	at org.junit.platform.engine.support.hierarchical.ThrowableCollector.execute(ThrowableCollector.java:73)
	at org.junit.platform.engine.support.hierarchical.NodeTestTask.executeRecursively(NodeTestTask.java:144)
	at org.junit.platform.engine.support.hierarchical.NodeTestTask.execute(NodeTestTask.java:101)
	at org.junit.platform.engine.support.hierarchical.SameThreadHierarchicalTestExecutorService.submit(SameThreadHierarchicalTestExecutorService.java:35)
	at org.junit.platform.engine.support.hierarchical.NodeTestTask$DefaultDynamicTestExecutor.execute(NodeTestTask.java:232)
	at org.junit.platform.engine.support.hierarchical.NodeTestTask$DefaultDynamicTestExecutor.execute(NodeTestTask.java:210)
	at org.junit.jupiter.engine.descriptor.TemplateExecutor.execute(TemplateExecutor.java:98)
	at org.junit.jupiter.engine.descriptor.TemplateExecutor.lambda$executeForProvider$0(TemplateExecutor.java:61)
	at java.base/java.util.Optional.ifPresent(Optional.java:178)
	at org.junit.jupiter.engine.descriptor.TemplateExecutor.lambda$executeForProvider$1(TemplateExecutor.java:61)
	at java.base/java.util.stream.ForEachOps$ForEachOp$OfRef.accept(ForEachOps.java:184)
	at java.base/java.util.stream.ReferencePipeline$3$1.accept(ReferencePipeline.java:197)
	at java.base/java.util.stream.ForEachOps$ForEachOp$OfRef.accept(ForEachOps.java:184)
	at java.base/java.util.stream.ForEachOps$ForEachOp$OfRef.accept(ForEachOps.java:184)
	at java.base/java.util.stream.ReferencePipeline$3$1.accept(ReferencePipeline.java:197)
	at java.base/java.util.Spliterators$ArraySpliterator.forEachRemaining(Spliterators.java:1024)
	at java.base/java.util.stream.AbstractPipeline.copyInto(AbstractPipeline.java:509)
	at java.base/java.util.stream.AbstractPipeline.wrapAndCopyInto(AbstractPipeline.java:499)
	at java.base/java.util.stream.ForEachOps$ForEachOp.evaluateSequential(ForEachOps.java:151)
	at java.base/java.util.stream.ForEachOps$ForEachOp$OfRef.evaluateSequential(ForEachOps.java:174)
	at java.base/java.util.stream.AbstractPipeline.evaluate(AbstractPipeline.java:234)
	at java.base/java.util.stream.ReferencePipeline.forEach(ReferencePipeline.java:596)
	at java.base/java.util.stream.ReferencePipeline$7$1.accept(ReferencePipeline.java:276)
	at java.base/java.util.ArrayList$ArrayListSpliterator.forEachRemaining(ArrayList.java:1708)
	at java.base/java.util.stream.AbstractPipeline.copyInto(AbstractPipeline.java:509)
	at java.base/java.util.stream.AbstractPipeline.wrapAndCopyInto(AbstractPipeline.java:499)
	at java.base/java.util.stream.ForEachOps$ForEachOp.evaluateSequential(ForEachOps.java:151)
	at java.base/java.util.stream.ForEachOps$ForEachOp$OfRef.evaluateSequential(ForEachOps.java:174)
	at java.base/java.util.stream.AbstractPipeline.evaluate(AbstractPipeline.java:234)
	at java.base/java.util.stream.ReferencePipeline.forEach(ReferencePipeline.java:596)
	at java.base/java.util.stream.ReferencePipeline$7$1.accept(ReferencePipeline.java:276)
	at java.base/java.util.stream.ReferencePipeline$3$1.accept(ReferencePipeline.java:197)
	at java.base/java.util.stream.ReferencePipeline$3$1.accept(ReferencePipeline.java:197)
	at java.base/java.util.stream.ReferencePipeline$3$1.accept(ReferencePipeline.java:197)
	at java.base/java.util.ArrayList$ArrayListSpliterator.forEachRemaining(ArrayList.java:1708)
	at java.base/java.util.stream.AbstractPipeline.copyInto(AbstractPipeline.java:509)
	at java.base/java.util.stream.AbstractPipeline.wrapAndCopyInto(AbstractPipeline.java:499)
	at java.base/java.util.stream.ForEachOps$ForEachOp.evaluateSequential(ForEachOps.java:151)
	at java.base/java.util.stream.ForEachOps$ForEachOp$OfRef.evaluateSequential(ForEachOps.java:174)
	at java.base/java.util.stream.AbstractPipeline.evaluate(AbstractPipeline.java:234)
	at java.base/java.util.stream.ReferencePipeline.forEach(ReferencePipeline.java:596)
	at org.junit.jupiter.engine.descriptor.TemplateExecutor.executeForProvider(TemplateExecutor.java:59)
	at org.junit.jupiter.engine.descriptor.TemplateExecutor.execute(TemplateExecutor.java:48)
	at org.junit.jupiter.engine.descriptor.TestTemplateTestDescriptor.execute(TestTemplateTestDescriptor.java:112)
	at org.junit.jupiter.engine.descriptor.TestTemplateTestDescriptor.execute(TestTemplateTestDescriptor.java:40)
	at org.junit.platform.engine.support.hierarchical.NodeTestTask.lambda$executeRecursively$6(NodeTestTask.java:157)
	at org.junit.platform.engine.support.hierarchical.ThrowableCollector.execute(ThrowableCollector.java:73)
	at org.junit.platform.engine.support.hierarchical.NodeTestTask.lambda$executeRecursively$8(NodeTestTask.java:147)
	at org.junit.platform.engine.support.hierarchical.Node.around(Node.java:137)
	at org.junit.platform.engine.support.hierarchical.NodeTestTask.lambda$executeRecursively$9(NodeTestTask.java:145)
	at org.junit.platform.engine.support.hierarchical.ThrowableCollector.execute(ThrowableCollector.java:73)
	at org.junit.platform.engine.support.hierarchical.NodeTestTask.executeRecursively(NodeTestTask.java:144)
	at org.junit.platform.engine.support.hierarchical.NodeTestTask.execute(NodeTestTask.java:101)
	at java.base/java.util.ArrayList.forEach(ArrayList.java:1596)
	at org.junit.platform.engine.support.hierarchical.SameThreadHierarchicalTestExecutorService.invokeAll(SameThreadHierarchicalTestExecutorService.java:41)
	at org.junit.platform.engine.support.hierarchical.NodeTestTask.lambda$executeRecursively$6(NodeTestTask.java:161)
	at org.junit.platform.engine.support.hierarchical.ThrowableCollector.execute(ThrowableCollector.java:73)
	at org.junit.platform.engine.support.hierarchical.NodeTestTask.lambda$executeRecursively$8(NodeTestTask.java:147)
	at org.junit.platform.engine.support.hierarchical.Node.around(Node.java:137)
	at org.junit.platform.engine.support.hierarchical.NodeTestTask.lambda$executeRecursively$9(NodeTestTask.java:145)
	at org.junit.platform.engine.support.hierarchical.ThrowableCollector.execute(ThrowableCollector.java:73)
	at org.junit.platform.engine.support.hierarchical.NodeTestTask.executeRecursively(NodeTestTask.java:144)
	at org.junit.platform.engine.support.hierarchical.NodeTestTask.execute(NodeTestTask.java:101)
	at java.base/java.util.ArrayList.forEach(ArrayList.java:1596)
	at org.junit.platform.engine.support.hierarchical.SameThreadHierarchicalTestExecutorService.invokeAll(SameThreadHierarchicalTestExecutorService.java:41)
	at org.junit.platform.engine.support.hierarchical.NodeTestTask.lambda$executeRecursively$6(NodeTestTask.java:161)
	at org.junit.platform.engine.support.hierarchical.ThrowableCollector.execute(ThrowableCollector.java:73)
	at org.junit.platform.engine.support.hierarchical.NodeTestTask.lambda$executeRecursively$8(NodeTestTask.java:147)
	at org.junit.platform.engine.support.hierarchical.Node.around(Node.java:137)
	at org.junit.platform.engine.support.hierarchical.NodeTestTask.lambda$executeRecursively$9(NodeTestTask.java:145)
	at org.junit.platform.engine.support.hierarchical.ThrowableCollector.execute(ThrowableCollector.java:73)
	at org.junit.platform.engine.support.hierarchical.NodeTestTask.executeRecursively(NodeTestTask.java:144)
	at org.junit.platform.engine.support.hierarchical.NodeTestTask.execute(NodeTestTask.java:101)
	at org.junit.platform.engine.support.hierarchical.SameThreadHierarchicalTestExecutorService.submit(SameThreadHierarchicalTestExecutorService.java:35)
	at org.junit.platform.engine.support.hierarchical.HierarchicalTestExecutor.execute(HierarchicalTestExecutor.java:57)
	at org.junit.platform.engine.support.hierarchical.HierarchicalTestEngine.execute(HierarchicalTestEngine.java:54)
	at org.junit.platform.launcher.core.EngineExecutionOrchestrator.executeEngine(EngineExecutionOrchestrator.java:230)
	at org.junit.platform.launcher.core.EngineExecutionOrchestrator.failOrExecuteEngine(EngineExecutionOrchestrator.java:204)
	at org.junit.platform.launcher.core.EngineExecutionOrchestrator.execute(EngineExecutionOrchestrator.java:172)
	at org.junit.platform.launcher.core.EngineExecutionOrchestrator.execute(EngineExecutionOrchestrator.java:101)
	at org.junit.platform.launcher.core.EngineExecutionOrchestrator.lambda$execute$0(EngineExecutionOrchestrator.java:64)
	at org.junit.platform.launcher.core.EngineExecutionOrchestrator.withInterceptedStreams(EngineExecutionOrchestrator.java:150)
	at org.junit.platform.launcher.core.EngineExecutionOrchestrator.execute(EngineExecutionOrchestrator.java:63)
	at org.junit.platform.launcher.core.DefaultLauncher.execute(DefaultLauncher.java:109)
	at org.junit.platform.launcher.core.DefaultLauncher.execute(DefaultLauncher.java:91)
	at org.junit.platform.launcher.core.DelegatingLauncher.execute(DelegatingLauncher.java:47)
	at org.junit.platform.launcher.core.InterceptingLauncher.lambda$execute$1(InterceptingLauncher.java:39)
	at org.junit.platform.launcher.core.ClasspathAlignmentCheckingLauncherInterceptor.intercept(ClasspathAlignmentCheckingLauncherInterceptor.java:25)
	at org.junit.platform.launcher.core.InterceptingLauncher.execute(InterceptingLauncher.java:38)
	at org.junit.platform.launcher.core.DelegatingLauncher.execute(DelegatingLauncher.java:47)
	at org.apache.maven.surefire.junitplatform.LazyLauncher.execute(LazyLauncher.java:56)
	at org.apache.maven.surefire.junitplatform.JUnitPlatformProvider.execute(JUnitPlatformProvider.java:184)
	at org.apache.maven.surefire.junitplatform.JUnitPlatformProvider.invokeAllTests(JUnitPlatformProvider.java:148)
	at org.apache.maven.surefire.junitplatform.JUnitPlatformProvider.invoke(JUnitPlatformProvider.java:120)
	at org.apache.maven.surefire.booter.ForkedBooter.runSuitesInProcess(ForkedBooter.java:385)
	at org.apache.maven.surefire.booter.ForkedBooter.execute(ForkedBooter.java:162)
	at org.apache.maven.surefire.booter.ForkedBooter.run(ForkedBooter.java:507)
	at org.apache.maven.surefire.booter.ForkedBooter.main(ForkedBooter.java:495)
2025-10-18 02:35:35,278 [main] INFO  volume.HddsVolume (HddsVolume.java:<init>(162)) - HddsVolume: { id=DS-3c94751f-f89a-4145-81e1-9e4b8b65e57f dir=/tmp/junit-5678300640715814732/f838cfa4-2b9f-49d3-b23a-b6975e198e7e/hdds type=DISK capacity=9222449699674390527 used=0 available=9222449699674390527 minFree=184448985434423296 committed=0 }
2025-10-18 02:35:35,278 [main] INFO  volume.MutableVolumeSet (MutableVolumeSet.java:initializeVolumeSet(175)) - Added Volume : /tmp/junit-5678300640715814732/f838cfa4-2b9f-49d3-b23a-b6975e198e7e/hdds to VolumeSet
2025-10-18 02:35:35,279 [main] WARN  server.ServerUtils (ServerUtils.java:getDefaultRatisDirectory(304)) - Storage directory for Ratis is not configured. It is a good idea to map this to an SSD disk. Falling back to ozone.metadata.dirs
2025-10-18 02:35:35,279 [main] INFO  volume.MutableVolumeSet (MutableVolumeSet.java:initializeVolumeSet(175)) - Added Volume : /tmp/junit-5678300640715814732/ratis to VolumeSet
2025-10-18 02:35:35,280 [main] WARN  db.DBStoreBuilder (DBStoreBuilder.java:getDBDirPath(157)) - ozone.scm.datanode.id.dir is not configured. We recommend adding this setting. Falling back to ozone.metadata.dirs instead.
2025-10-18 02:35:35,280 [main] WARN  db.DBStoreBuilder (DBStoreBuilder.java:getDBDirPath(157)) - ozone.scm.datanode.id.dir is not configured. We recommend adding this setting. Falling back to ozone.metadata.dirs instead.
2025-10-18 02:35:35,293 [main] INFO  impl.FilePerChunkStrategy (FilePerChunkStrategy.java:<init>(79)) - ozone.chunk.read.mapped.buffer.max.count is load with 0
2025-10-18 02:35:35,294 [main] INFO  impl.FilePerBlockStrategy (FilePerBlockStrategy.java:<init>(88)) - ozone.chunk.read.mapped.buffer.max.count is load with 0
2025-10-18 02:35:35,294 [main] INFO  server.RaftServerConfigKeys (ConfUtils.java:logGet(62)) - raft.server.log.appender.buffer.byte-limit = 33554432 (custom)
2025-10-18 02:35:35,294 [main] WARN  server.ServerUtils (ServerUtils.java:getDefaultRatisDirectory(304)) - Storage directory for Ratis is not configured. It is a good idea to map this to an SSD disk. Falling back to ozone.metadata.dirs
2025-10-18 02:35:35,296 [main] INFO  grpc.GrpcConfigKeys (ConfUtils.java:logFallback(69)) - raft.grpc.admin.host = null (fallback to raft.grpc.server.host)
2025-10-18 02:35:35,296 [main] INFO  grpc.GrpcConfigKeys (ConfUtils.java:logFallback(69)) - raft.grpc.client.host = null (fallback to raft.grpc.server.host)
2025-10-18 02:35:35,296 [main] INFO  server.GrpcServicesImpl (ConfUtils.java:logGet(62)) - raft.grpc.message.size.max = 34603008 (custom)
2025-10-18 02:35:35,296 [main] INFO  server.GrpcServicesImpl (ConfUtils.java:logGet(62)) - raft.grpc.flow.control.window = 5MB (=5242880) (custom)
2025-10-18 02:35:35,296 [main] INFO  server.RaftServerConfigKeys (ConfUtils.java:logGet(62)) - raft.server.log.appender.buffer.byte-limit = 33554432 (custom)
2025-10-18 02:35:35,297 [main] INFO  netty.NettyUtils (NettyUtils.java:newEventLoopGroup(74)) - Create EpollEventLoopGroup for e6bc46a1-f843-4f89-9334-2637a1884d2b-NettyServerStreamRpc-bossGroup; Thread size is 0.
2025-10-18 02:35:35,297 [main] INFO  netty.NettyUtils (NettyUtils.java:newEventLoopGroup(74)) - Create EpollEventLoopGroup for e6bc46a1-f843-4f89-9334-2637a1884d2b-NettyServerStreamRpc-workerGroup; Thread size is 0.
2025-10-18 02:35:35,298 [main] INFO  server.RaftServerConfigKeys (ConfUtils.java:logGet(62)) - raft.server.storage.dir = [/tmp/junit-5678300640715814732/ratis] (custom)
2025-10-18 02:35:35,298 [e6bc46a1-f843-4f89-9334-2637a1884d2b-NettyServerStreamRpc-bossGroup--thread1] INFO  logging.LoggingHandler (AbstractInternalLogger.java:log(148)) - [id: 0x6c9d5d67] REGISTERED
2025-10-18 02:35:35,299 [e6bc46a1-f843-4f89-9334-2637a1884d2b-NettyServerStreamRpc-bossGroup--thread1] INFO  logging.LoggingHandler (AbstractInternalLogger.java:log(148)) - [id: 0x6c9d5d67] BIND: 0.0.0.0/0.0.0.0:0
2025-10-18 02:35:35,299 [e6bc46a1-f843-4f89-9334-2637a1884d2b-NettyServerStreamRpc-bossGroup--thread1] INFO  logging.LoggingHandler (AbstractInternalLogger.java:log(148)) - [id: 0x6c9d5d67, L:/0.0.0.0:42791] ACTIVE
2025-10-18 02:35:35,299 [e6bc46a1-f843-4f89-9334-2637a1884d2b-impl-thread1] INFO  server.RaftServer (RaftServerProxy.java:initGroupDir(270)) - e6bc46a1-f843-4f89-9334-2637a1884d2b: found a subdirectory /tmp/junit-5678300640715814732/ratis/tmp
2025-10-18 02:35:35,299 [e6bc46a1-f843-4f89-9334-2637a1884d2b-impl-thread1] INFO  server.RaftServer (RaftServerProxy.java:initGroupDir(275)) - e6bc46a1-f843-4f89-9334-2637a1884d2b: The directory /tmp/junit-5678300640715814732/ratis/tmp is not a group directory; ignoring it. 
2025-10-18 02:35:35,299 [main] INFO  replication.ReplicationServer (ReplicationServer.java:<init>(84)) - Initializing replication server with thread count = 10 queue length = 4096
2025-10-18 02:35:35,300 [main] INFO  server.XceiverServerGrpc (XceiverServerGrpc.java:<init>(129)) - GrpcServer channel type EpollServerSocketChannel
2025-10-18 02:35:35,301 [main] INFO  replication.ReplicationSupervisor (ReplicationSupervisor.java:build(169)) - Initializing replication supervisor with thread count = 10
2025-10-18 02:35:35,301 [main] INFO  replication.ReplicationSupervisor (ReplicationSupervisor.java:nodeStateUpdated(358)) - Node state updated to IN_SERVICE, scaling executor pool size to 10
2025-10-18 02:35:35,308 [e6bc46a1-f843-4f89-9334-2637a1884d2b-ContainerReader-0] INFO  ozoneimpl.ContainerReader (ContainerReader.java:readVolume(147)) - Start to verify containers on volume /tmp/junit-5678300640715814732/f838cfa4-2b9f-49d3-b23a-b6975e198e7e/hdds
2025-10-18 02:35:35,308 [e6bc46a1-f843-4f89-9334-2637a1884d2b-ContainerReader-0] INFO  ozoneimpl.ContainerReader (ContainerReader.java:readVolume(177)) - Finish verifying containers on volume /tmp/junit-5678300640715814732/f838cfa4-2b9f-49d3-b23a-b6975e198e7e/hdds
2025-10-18 02:35:35,309 [main] INFO  ozoneimpl.OzoneContainer (OzoneContainer.java:buildContainerSet(359)) - Build ContainerSet costs 0s
2025-10-18 02:35:35,309 [main] INFO  volume.ThrottledAsyncChecker (ThrottledAsyncChecker.java:schedule(138)) - Scheduling a check for /tmp/junit-5678300640715814732/f838cfa4-2b9f-49d3-b23a-b6975e198e7e/hdds
2025-10-18 02:35:35,309 [main] INFO  volume.StorageVolumeChecker (StorageVolumeChecker.java:checkAllVolumes(231)) - Scheduled health check for volume /tmp/junit-5678300640715814732/f838cfa4-2b9f-49d3-b23a-b6975e198e7e/hdds
2025-10-18 02:35:35,310 [main] INFO  volume.ThrottledAsyncChecker (ThrottledAsyncChecker.java:schedule(138)) - Scheduling a check for /tmp/junit-5678300640715814732/ratis
2025-10-18 02:35:35,310 [main] INFO  volume.StorageVolumeChecker (StorageVolumeChecker.java:checkAllVolumes(231)) - Scheduled health check for volume /tmp/junit-5678300640715814732/ratis
2025-10-18 02:35:35,311 [main] INFO  ozoneimpl.OzoneContainer (OzoneContainer.java:start(544)) - Attempting to start container services.
2025-10-18 02:35:35,312 [ContainerMetadataScanner] INFO  ozoneimpl.AbstractBackgroundContainerScanner (AbstractBackgroundContainerScanner.java:runIteration(89)) - Completed an iteration in 0 minutes. Number of iterations (since the data-node restart) : 1, Number of containers scanned in this iteration : 0, Number of unhealthy containers found in this iteration : 0
2025-10-18 02:35:35,312 [ContainerDataScanner(/tmp/junit-5678300640715814732/f838cfa4-2b9f-49d3-b23a-b6975e198e7e/hdds)] INFO  ozoneimpl.AbstractBackgroundContainerScanner (AbstractBackgroundContainerScanner.java:runIteration(89)) - Completed an iteration in 0 minutes. Number of iterations (since the data-node restart) : 1, Number of containers scanned in this iteration : 0, Number of unhealthy containers found in this iteration : 0
2025-10-18 02:35:35,312 [main] INFO  replication.ReplicationServer (ReplicationServer.java:start(137)) - ReplicationServer is started using port 9886
2025-10-18 02:35:35,312 [main] INFO  ratis.XceiverServerRatis (XceiverServerRatis.java:start(559)) - Starting XceiverServerRatis(e6bc46a1-f843-4f89-9334-2637a1884d2b)
2025-10-18 02:35:35,315 [main] INFO  server.RaftServer (RaftServerProxy.java:startImpl(412)) - e6bc46a1-f843-4f89-9334-2637a1884d2b: start RPC server
2025-10-18 02:35:35,315 [main] INFO  server.GrpcServicesImpl (GrpcServicesImpl.java:startImpl(346)) - e6bc46a1-f843-4f89-9334-2637a1884d2b: GrpcServicesImpl started, listening on 9858
2025-10-18 02:35:35,316 [main] INFO  ratis.XceiverServerRatis (XceiverServerRatis.java:getRealPort(586)) - XceiverServerRatis(e6bc46a1-f843-4f89-9334-2637a1884d2b) is started using port RATIS=9858
2025-10-18 02:35:35,316 [main] INFO  ratis.XceiverServerRatis (XceiverServerRatis.java:getRealPort(586)) - XceiverServerRatis(e6bc46a1-f843-4f89-9334-2637a1884d2b) is started using port RATIS_ADMIN=9858
2025-10-18 02:35:35,316 [main] INFO  ratis.XceiverServerRatis (XceiverServerRatis.java:getRealPort(586)) - XceiverServerRatis(e6bc46a1-f843-4f89-9334-2637a1884d2b) is started using port RATIS_SERVER=9858
2025-10-18 02:35:35,316 [main] INFO  ratis.XceiverServerRatis (XceiverServerRatis.java:getRealPort(586)) - XceiverServerRatis(e6bc46a1-f843-4f89-9334-2637a1884d2b) is started using port RATIS_DATASTREAM=42791
2025-10-18 02:35:35,316 [JvmPauseMonitor22] INFO  util.JvmPauseMonitor (JvmPauseMonitor.java:run(146)) - JvmPauseMonitor-e6bc46a1-f843-4f89-9334-2637a1884d2b: Started
2025-10-18 02:35:35,317 [main] INFO  utils.BackgroundService (BackgroundService.java:start(119)) - Starting service BlockDeletingService with interval 60000 milliseconds
2025-10-18 02:35:35,317 [main] INFO  utils.BackgroundService (BackgroundService.java:start(119)) - Starting service StaleRecoveringContainerScrubbingService with interval 60000 milliseconds
2025-10-18 02:35:35,318 [main] INFO  upgrade.UpgradeFinalizer (BasicUpgradeFinalizer.java:logAndEmit(395)) - Finalization started.
2025-10-18 02:35:35,318 [main] INFO  upgrade.UpgradeFinalizer (BasicUpgradeFinalizer.java:runFinalizationAction(270)) - Running finalization actions for layout feature: DATANODE_SCHEMA_V3
2025-10-18 02:35:35,318 [main] INFO  upgrade.DatanodeSchemaV3FinalizeAction (DatanodeSchemaV3FinalizeAction.java:execute(49)) - Upgrading Datanode volume layout for Schema V3 support.
2025-10-18 02:35:35,341 [main] INFO  utils.DatanodeStoreCache (DatanodeStoreCache.java:addDB(70)) - Added db /tmp/junit-5678300640715814732/f838cfa4-2b9f-49d3-b23a-b6975e198e7e/hdds/clusterID/DS-0b36a939-64d3-4d6e-8a5a-e42d3c6d9f79/container.db to cache
2025-10-18 02:35:35,341 [main] INFO  volume.HddsVolume (HddsVolume.java:createDbStore(576)) - SchemaV3 db is created and loaded at /tmp/junit-5678300640715814732/f838cfa4-2b9f-49d3-b23a-b6975e198e7e/hdds/clusterID/DS-0b36a939-64d3-4d6e-8a5a-e42d3c6d9f79/container.db for volume DS-0b36a939-64d3-4d6e-8a5a-e42d3c6d9f79
2025-10-18 02:35:35,341 [main] INFO  utils.DatanodeStoreCache (DatanodeStoreCache.java:removeDB(104)) - Removed db /tmp/junit-5678300640715814732/f838cfa4-2b9f-49d3-b23a-b6975e198e7e/hdds/clusterID/DS-0b36a939-64d3-4d6e-8a5a-e42d3c6d9f79/container.db from cache
2025-10-18 02:35:35,342 [main] INFO  volume.HddsVolume (HddsVolume.java:closeDbStore(609)) - SchemaV3 db is stopped at /tmp/junit-5678300640715814732/f838cfa4-2b9f-49d3-b23a-b6975e198e7e/hdds/clusterID/DS-0b36a939-64d3-4d6e-8a5a-e42d3c6d9f79/container.db for volume DS-0b36a939-64d3-4d6e-8a5a-e42d3c6d9f79
2025-10-18 02:35:35,353 [ForkJoinPool.commonPool-worker-1] INFO  utils.DatanodeStoreCache (DatanodeStoreCache.java:addDB(70)) - Added db /tmp/junit-5678300640715814732/f838cfa4-2b9f-49d3-b23a-b6975e198e7e/hdds/clusterID/DS-0b36a939-64d3-4d6e-8a5a-e42d3c6d9f79/container.db to cache
2025-10-18 02:35:35,353 [ForkJoinPool.commonPool-worker-1] INFO  volume.HddsVolume (HddsVolume.java:loadDbStore(517)) - SchemaV3 db is loaded at /tmp/junit-5678300640715814732/f838cfa4-2b9f-49d3-b23a-b6975e198e7e/hdds/clusterID/DS-0b36a939-64d3-4d6e-8a5a-e42d3c6d9f79/container.db for volume DS-0b36a939-64d3-4d6e-8a5a-e42d3c6d9f79
2025-10-18 02:35:35,353 [main] INFO  upgrade.DatanodeSchemaV3FinalizeAction (HddsVolumeUtil.java:loadAllHddsVolumeDbStore(102)) - Load 1 volumes DbStore cost: 12ms
2025-10-18 02:35:35,354 [main] INFO  upgrade.AbstractLayoutVersionManager (AbstractLayoutVersionManager.java:finalized(124)) - Layout feature DATANODE_SCHEMA_V3 has been finalized.
2025-10-18 02:35:35,354 [main] INFO  upgrade.UpgradeFinalizer (BasicUpgradeFinalizer.java:logAndEmit(395)) - No onFinalize work defined for feature: RATIS_DATASTREAM_PORT_IN_DATANODEDETAILS.
2025-10-18 02:35:35,355 [main] INFO  upgrade.AbstractLayoutVersionManager (AbstractLayoutVersionManager.java:finalized(124)) - Layout feature RATIS_DATASTREAM_PORT_IN_DATANODEDETAILS has been finalized.
2025-10-18 02:35:35,355 [main] INFO  upgrade.UpgradeFinalizer (BasicUpgradeFinalizer.java:logAndEmit(395)) - No onFinalize work defined for feature: WEBUI_PORTS_IN_DATANODEDETAILS.
2025-10-18 02:35:35,356 [main] INFO  upgrade.AbstractLayoutVersionManager (AbstractLayoutVersionManager.java:finalized(124)) - Layout feature WEBUI_PORTS_IN_DATANODEDETAILS has been finalized.
2025-10-18 02:35:35,356 [main] INFO  upgrade.UpgradeFinalizer (BasicUpgradeFinalizer.java:logAndEmit(395)) - No onFinalize work defined for feature: HADOOP_PRC_PORTS_IN_DATANODEDETAILS.
2025-10-18 02:35:35,357 [main] INFO  upgrade.AbstractLayoutVersionManager (AbstractLayoutVersionManager.java:finalized(124)) - Layout feature HADOOP_PRC_PORTS_IN_DATANODEDETAILS has been finalized.
2025-10-18 02:35:35,357 [main] INFO  upgrade.UpgradeFinalizer (BasicUpgradeFinalizer.java:logAndEmit(395)) - No onFinalize work defined for feature: HBASE_SUPPORT.
2025-10-18 02:35:35,358 [main] INFO  upgrade.AbstractLayoutVersionManager (AbstractLayoutVersionManager.java:finalized(124)) - Layout feature HBASE_SUPPORT has been finalized.
2025-10-18 02:35:35,358 [main] INFO  upgrade.UpgradeFinalizer (BasicUpgradeFinalizer.java:runFinalizationAction(270)) - Running finalization actions for layout feature: WITNESSED_CONTAINER_DB_PROTO_VALUE
2025-10-18 02:35:35,358 [main] INFO  upgrade.ContainerTableSchemaFinalizeAction (ContainerTableSchemaFinalizeAction.java:execute(71)) - Finished copy to containerIdsTable from previous table
2025-10-18 02:35:35,359 [main] INFO  upgrade.AbstractLayoutVersionManager (AbstractLayoutVersionManager.java:finalized(124)) - Layout feature WITNESSED_CONTAINER_DB_PROTO_VALUE has been finalized.
2025-10-18 02:35:35,359 [main] INFO  upgrade.AbstractLayoutVersionManager (AbstractLayoutVersionManager.java:finalized(126)) - Finalization is complete.
2025-10-18 02:35:35,360 [main] INFO  upgrade.UpgradeFinalizer (BasicUpgradeFinalizer.java:logAndEmit(395)) - Finalization is done.
2025-10-18 02:35:35,360 [main] INFO  ozoneimpl.OzoneContainer (OzoneContainer.java:stop(568)) - Attempting to stop container services.
2025-10-18 02:35:35,360 [ContainerMetadataScanner] WARN  ozoneimpl.AbstractBackgroundContainerScanner (AbstractBackgroundContainerScanner.java:handleRemainingSleep(136)) - Background container scan was interrupted.
2025-10-18 02:35:35,360 [ContainerMetadataScanner] INFO  ozoneimpl.AbstractBackgroundContainerScanner (AbstractBackgroundContainerScanner.java:run(63)) - org.apache.hadoop.ozone.container.ozoneimpl.BackgroundContainerMetadataScanner@7f8baedc exiting.
2025-10-18 02:35:35,360 [main] INFO  ozoneimpl.BackgroundContainerDataScanner (BackgroundContainerDataScanner.java:shutdown(87)) - ContainerDataScanner(/tmp/junit-5678300640715814732/f838cfa4-2b9f-49d3-b23a-b6975e198e7e/hdds) is shutting down. 
2025-10-18 02:35:35,361 [ContainerDataScanner(/tmp/junit-5678300640715814732/f838cfa4-2b9f-49d3-b23a-b6975e198e7e/hdds)] WARN  ozoneimpl.AbstractBackgroundContainerScanner (AbstractBackgroundContainerScanner.java:handleRemainingSleep(136)) - Background container scan was interrupted.
2025-10-18 02:35:35,361 [ContainerDataScanner(/tmp/junit-5678300640715814732/f838cfa4-2b9f-49d3-b23a-b6975e198e7e/hdds)] INFO  ozoneimpl.AbstractBackgroundContainerScanner (AbstractBackgroundContainerScanner.java:run(63)) - ContainerDataScanner(/tmp/junit-5678300640715814732/f838cfa4-2b9f-49d3-b23a-b6975e198e7e/hdds, DS-0b36a939-64d3-4d6e-8a5a-e42d3c6d9f79) exiting.
2025-10-18 02:35:35,361 [main] INFO  ozoneimpl.OnDemandContainerScanner (OnDemandContainerScanner.java:shutdown(141)) - On-demand container scanner is shutting down.
2025-10-18 02:35:35,361 [main] INFO  ratis.XceiverServerRatis (XceiverServerRatis.java:stop(594)) - Closing XceiverServerRatis(e6bc46a1-f843-4f89-9334-2637a1884d2b)
2025-10-18 02:35:35,361 [main] INFO  server.RaftServer (RaftServerProxy.java:lambda$close$9(422)) - e6bc46a1-f843-4f89-9334-2637a1884d2b: close
2025-10-18 02:35:35,361 [main] INFO  server.GrpcServicesImpl (GrpcServicesImpl.java:closeImpl(355)) - e6bc46a1-f843-4f89-9334-2637a1884d2b: shutdown server GrpcServerProtocolService now
2025-10-18 02:35:35,362 [main] INFO  server.GrpcServicesImpl (GrpcServicesImpl.java:closeImpl(364)) - e6bc46a1-f843-4f89-9334-2637a1884d2b: shutdown server GrpcServerProtocolService successfully
2025-10-18 02:35:35,362 [e6bc46a1-f843-4f89-9334-2637a1884d2b-NettyServerStreamRpc-bossGroup--thread1] INFO  logging.LoggingHandler (AbstractInternalLogger.java:log(148)) - [id: 0x6c9d5d67, L:/0.0.0.0:42791] CLOSE
2025-10-18 02:35:35,362 [e6bc46a1-f843-4f89-9334-2637a1884d2b-NettyServerStreamRpc-bossGroup--thread1] INFO  logging.LoggingHandler (AbstractInternalLogger.java:log(148)) - [id: 0x6c9d5d67, L:/0.0.0.0:42791] INACTIVE
2025-10-18 02:35:35,362 [e6bc46a1-f843-4f89-9334-2637a1884d2b-NettyServerStreamRpc-bossGroup--thread1] INFO  logging.LoggingHandler (AbstractInternalLogger.java:log(148)) - [id: 0x6c9d5d67, L:/0.0.0.0:42791] UNREGISTERED
2025-10-18 02:35:35,366 [JvmPauseMonitor22] INFO  util.JvmPauseMonitor (JvmPauseMonitor.java:run(152)) - JvmPauseMonitor-e6bc46a1-f843-4f89-9334-2637a1884d2b: Stopped
2025-10-18 02:35:37,370 [main] INFO  volume.HddsVolume (HddsVolume.java:closeDbStore(609)) - SchemaV3 db is stopped at /tmp/junit-5678300640715814732/f838cfa4-2b9f-49d3-b23a-b6975e198e7e/hdds/clusterID/DS-0b36a939-64d3-4d6e-8a5a-e42d3c6d9f79/container.db for volume DS-0b36a939-64d3-4d6e-8a5a-e42d3c6d9f79
2025-10-18 02:35:37,370 [main] INFO  utils.BackgroundService (BackgroundService.java:shutdown(195)) - Shutting down service BlockDeletingService
2025-10-18 02:35:37,370 [main] INFO  utils.BackgroundService (BackgroundService.java:shutdown(195)) - Shutting down service StaleRecoveringContainerScrubbingService
2025-10-18 02:35:37,372 [main] INFO  upgrade.AbstractLayoutVersionManager (AbstractLayoutVersionManager.java:init(80)) - Initializing Layout version manager with metadata layout = WITNESSED_CONTAINER_DB_PROTO_VALUE (version = 9), software layout = WITNESSED_CONTAINER_DB_PROTO_VALUE (version = 9)
2025-10-18 02:35:37,372 [main] INFO  statemachine.DatanodeStateMachine (DatanodeStateMachine.java:getEndPointTaskThreadPoolSize(321)) - Datanode State Machine Task Thread Pool size 2
2025-10-18 02:35:37,374 [main] INFO  volume.HddsVolume (HddsVolume.java:<init>(162)) - HddsVolume: { id=e29a912d-82e9-4dea-ade9-bc4c5fb525e0 dir=/home/runner/work/ozone/ozone/hadoop-hdds/container-service/file:/home/runner/work/ozone/ozone/hadoop-hdds/container-service/target/tmp/dfs/data type=DISK failed }
2025-10-18 02:35:37,374 [main] ERROR volume.MutableVolumeSet (MutableVolumeSet.java:initializeVolumeSet(194)) - Failed to parse the storage location: file:///home/runner/work/ozone/ozone/hadoop-hdds/container-service/target/tmp/dfs/data
org.apache.hadoop.ozone.common.InconsistentStorageStateException: Mismatched DatanodeUUIDs. Version File : /home/runner/work/ozone/ozone/hadoop-hdds/container-service/target/tmp/dfs/data/hdds/VERSION has datanodeUuid: c3d05b50-810d-4b78-be46-d77415fe1b4d and Datanode has datanodeUuid: e6bc46a1-f843-4f89-9334-2637a1884d2b
	at org.apache.hadoop.ozone.container.common.utils.StorageVolumeUtil.getDatanodeUUID(StorageVolumeUtil.java:122)
	at org.apache.hadoop.ozone.container.common.volume.StorageVolume.readVersionFile(StorageVolume.java:385)
	at org.apache.hadoop.ozone.container.common.volume.StorageVolume.initializeImpl(StorageVolume.java:240)
	at org.apache.hadoop.ozone.container.common.volume.StorageVolume.initialize(StorageVolume.java:215)
	at org.apache.hadoop.ozone.container.common.volume.HddsVolume.<init>(HddsVolume.java:151)
	at org.apache.hadoop.ozone.container.common.volume.HddsVolume.<init>(HddsVolume.java:80)
	at org.apache.hadoop.ozone.container.common.volume.HddsVolume$Builder.build(HddsVolume.java:130)
	at org.apache.hadoop.ozone.container.common.volume.HddsVolumeFactory.createVolume(HddsVolumeFactory.java:46)
	at org.apache.hadoop.ozone.container.common.volume.MutableVolumeSet.initializeVolumeSet(MutableVolumeSet.java:172)
	at org.apache.hadoop.ozone.container.common.volume.MutableVolumeSet.<init>(MutableVolumeSet.java:130)
	at org.apache.hadoop.ozone.container.common.volume.MutableVolumeSet.<init>(MutableVolumeSet.java:92)
	at org.apache.hadoop.ozone.container.ozoneimpl.OzoneContainer.<init>(OzoneContainer.java:170)
	at org.apache.hadoop.ozone.container.common.statemachine.DatanodeStateMachine.<init>(DatanodeStateMachine.java:191)
	at org.apache.hadoop.ozone.container.common.statemachine.DatanodeStateMachine.<init>(DatanodeStateMachine.java:305)
	at org.apache.hadoop.ozone.container.upgrade.UpgradeTestHelper.restartDatanode(UpgradeTestHelper.java:108)
	at org.apache.hadoop.ozone.container.upgrade.TestDatanodeUpgradeToSchemaV3.testAddHddsVolumeAfterFinalize(TestDatanodeUpgradeToSchemaV3.java:287)
	at java.base/jdk.internal.reflect.DirectMethodHandleAccessor.invoke(DirectMethodHandleAccessor.java:103)
	at java.base/java.lang.reflect.Method.invoke(Method.java:580)
	at org.junit.platform.commons.util.ReflectionUtils.invokeMethod(ReflectionUtils.java:786)
	at org.junit.platform.commons.support.ReflectionSupport.invokeMethod(ReflectionSupport.java:514)
	at org.junit.jupiter.engine.execution.MethodInvocation.proceed(MethodInvocation.java:60)
	at org.junit.jupiter.engine.execution.InvocationInterceptorChain$ValidatingInvocation.proceed(InvocationInterceptorChain.java:131)
	at org.junit.jupiter.engine.extension.SameThreadTimeoutInvocation.proceed(SameThreadTimeoutInvocation.java:49)
	at org.junit.jupiter.engine.extension.TimeoutExtension.intercept(TimeoutExtension.java:161)
	at org.junit.jupiter.engine.extension.TimeoutExtension.interceptTestableMethod(TimeoutExtension.java:152)
	at org.junit.jupiter.engine.extension.TimeoutExtension.interceptTestTemplateMethod(TimeoutExtension.java:99)
	at org.junit.jupiter.engine.execution.InterceptingExecutableInvoker$ReflectiveInterceptorCall.lambda$ofVoidMethod$0(InterceptingExecutableInvoker.java:112)
	at org.junit.jupiter.engine.execution.InterceptingExecutableInvoker.lambda$invoke$0(InterceptingExecutableInvoker.java:94)
	at org.junit.jupiter.engine.execution.InvocationInterceptorChain$InterceptedInvocation.proceed(InvocationInterceptorChain.java:106)
	at org.junit.jupiter.engine.execution.InvocationInterceptorChain.proceed(InvocationInterceptorChain.java:64)
	at org.junit.jupiter.engine.execution.InvocationInterceptorChain.chainAndInvoke(InvocationInterceptorChain.java:45)
	at org.junit.jupiter.engine.execution.InvocationInterceptorChain.invoke(InvocationInterceptorChain.java:37)
	at org.junit.jupiter.engine.execution.InterceptingExecutableInvoker.invoke(InterceptingExecutableInvoker.java:93)
	at org.junit.jupiter.engine.execution.InterceptingExecutableInvoker.invoke(InterceptingExecutableInvoker.java:87)
	at org.junit.jupiter.engine.descriptor.TestMethodTestDescriptor.lambda$invokeTestMethod$4(TestMethodTestDescriptor.java:221)
	at org.junit.platform.engine.support.hierarchical.ThrowableCollector.execute(ThrowableCollector.java:73)
	at org.junit.jupiter.engine.descriptor.TestMethodTestDescriptor.invokeTestMethod(TestMethodTestDescriptor.java:217)
	at org.junit.jupiter.engine.descriptor.TestMethodTestDescriptor.execute(TestMethodTestDescriptor.java:159)
	at org.junit.jupiter.engine.descriptor.TestMethodTestDescriptor.execute(TestMethodTestDescriptor.java:70)
	at org.junit.platform.engine.support.hierarchical.NodeTestTask.lambda$executeRecursively$6(NodeTestTask.java:157)
	at org.junit.platform.engine.support.hierarchical.ThrowableCollector.execute(ThrowableCollector.java:73)
	at org.junit.platform.engine.support.hierarchical.NodeTestTask.lambda$executeRecursively$8(NodeTestTask.java:147)
	at org.junit.platform.engine.support.hierarchical.Node.around(Node.java:137)
	at org.junit.platform.engine.support.hierarchical.NodeTestTask.lambda$executeRecursively$9(NodeTestTask.java:145)
	at org.junit.platform.engine.support.hierarchical.ThrowableCollector.execute(ThrowableCollector.java:73)
	at org.junit.platform.engine.support.hierarchical.NodeTestTask.executeRecursively(NodeTestTask.java:144)
	at org.junit.platform.engine.support.hierarchical.NodeTestTask.execute(NodeTestTask.java:101)
	at org.junit.platform.engine.support.hierarchical.SameThreadHierarchicalTestExecutorService.submit(SameThreadHierarchicalTestExecutorService.java:35)
	at org.junit.platform.engine.support.hierarchical.NodeTestTask$DefaultDynamicTestExecutor.execute(NodeTestTask.java:232)
	at org.junit.platform.engine.support.hierarchical.NodeTestTask$DefaultDynamicTestExecutor.execute(NodeTestTask.java:210)
	at org.junit.jupiter.engine.descriptor.TemplateExecutor.execute(TemplateExecutor.java:98)
	at org.junit.jupiter.engine.descriptor.TemplateExecutor.lambda$executeForProvider$0(TemplateExecutor.java:61)
	at java.base/java.util.Optional.ifPresent(Optional.java:178)
	at org.junit.jupiter.engine.descriptor.TemplateExecutor.lambda$executeForProvider$1(TemplateExecutor.java:61)
	at java.base/java.util.stream.ForEachOps$ForEachOp$OfRef.accept(ForEachOps.java:184)
	at java.base/java.util.stream.ReferencePipeline$3$1.accept(ReferencePipeline.java:197)
	at java.base/java.util.stream.ForEachOps$ForEachOp$OfRef.accept(ForEachOps.java:184)
	at java.base/java.util.stream.ForEachOps$ForEachOp$OfRef.accept(ForEachOps.java:184)
	at java.base/java.util.stream.ReferencePipeline$3$1.accept(ReferencePipeline.java:197)
	at java.base/java.util.Spliterators$ArraySpliterator.forEachRemaining(Spliterators.java:1024)
	at java.base/java.util.stream.AbstractPipeline.copyInto(AbstractPipeline.java:509)
	at java.base/java.util.stream.AbstractPipeline.wrapAndCopyInto(AbstractPipeline.java:499)
	at java.base/java.util.stream.ForEachOps$ForEachOp.evaluateSequential(ForEachOps.java:151)
	at java.base/java.util.stream.ForEachOps$ForEachOp$OfRef.evaluateSequential(ForEachOps.java:174)
	at java.base/java.util.stream.AbstractPipeline.evaluate(AbstractPipeline.java:234)
	at java.base/java.util.stream.ReferencePipeline.forEach(ReferencePipeline.java:596)
	at java.base/java.util.stream.ReferencePipeline$7$1.accept(ReferencePipeline.java:276)
	at java.base/java.util.ArrayList$ArrayListSpliterator.forEachRemaining(ArrayList.java:1708)
	at java.base/java.util.stream.AbstractPipeline.copyInto(AbstractPipeline.java:509)
	at java.base/java.util.stream.AbstractPipeline.wrapAndCopyInto(AbstractPipeline.java:499)
	at java.base/java.util.stream.ForEachOps$ForEachOp.evaluateSequential(ForEachOps.java:151)
	at java.base/java.util.stream.ForEachOps$ForEachOp$OfRef.evaluateSequential(ForEachOps.java:174)
	at java.base/java.util.stream.AbstractPipeline.evaluate(AbstractPipeline.java:234)
	at java.base/java.util.stream.ReferencePipeline.forEach(ReferencePipeline.java:596)
	at java.base/java.util.stream.ReferencePipeline$7$1.accept(ReferencePipeline.java:276)
	at java.base/java.util.stream.ReferencePipeline$3$1.accept(ReferencePipeline.java:197)
	at java.base/java.util.stream.ReferencePipeline$3$1.accept(ReferencePipeline.java:197)
	at java.base/java.util.stream.ReferencePipeline$3$1.accept(ReferencePipeline.java:197)
	at java.base/java.util.ArrayList$ArrayListSpliterator.forEachRemaining(ArrayList.java:1708)
	at java.base/java.util.stream.AbstractPipeline.copyInto(AbstractPipeline.java:509)
	at java.base/java.util.stream.AbstractPipeline.wrapAndCopyInto(AbstractPipeline.java:499)
	at java.base/java.util.stream.ForEachOps$ForEachOp.evaluateSequential(ForEachOps.java:151)
	at java.base/java.util.stream.ForEachOps$ForEachOp$OfRef.evaluateSequential(ForEachOps.java:174)
	at java.base/java.util.stream.AbstractPipeline.evaluate(AbstractPipeline.java:234)
	at java.base/java.util.stream.ReferencePipeline.forEach(ReferencePipeline.java:596)
	at org.junit.jupiter.engine.descriptor.TemplateExecutor.executeForProvider(TemplateExecutor.java:59)
	at org.junit.jupiter.engine.descriptor.TemplateExecutor.execute(TemplateExecutor.java:48)
	at org.junit.jupiter.engine.descriptor.TestTemplateTestDescriptor.execute(TestTemplateTestDescriptor.java:112)
	at org.junit.jupiter.engine.descriptor.TestTemplateTestDescriptor.execute(TestTemplateTestDescriptor.java:40)
	at org.junit.platform.engine.support.hierarchical.NodeTestTask.lambda$executeRecursively$6(NodeTestTask.java:157)
	at org.junit.platform.engine.support.hierarchical.ThrowableCollector.execute(ThrowableCollector.java:73)
	at org.junit.platform.engine.support.hierarchical.NodeTestTask.lambda$executeRecursively$8(NodeTestTask.java:147)
	at org.junit.platform.engine.support.hierarchical.Node.around(Node.java:137)
	at org.junit.platform.engine.support.hierarchical.NodeTestTask.lambda$executeRecursively$9(NodeTestTask.java:145)
	at org.junit.platform.engine.support.hierarchical.ThrowableCollector.execute(ThrowableCollector.java:73)
	at org.junit.platform.engine.support.hierarchical.NodeTestTask.executeRecursively(NodeTestTask.java:144)
	at org.junit.platform.engine.support.hierarchical.NodeTestTask.execute(NodeTestTask.java:101)
	at java.base/java.util.ArrayList.forEach(ArrayList.java:1596)
	at org.junit.platform.engine.support.hierarchical.SameThreadHierarchicalTestExecutorService.invokeAll(SameThreadHierarchicalTestExecutorService.java:41)
	at org.junit.platform.engine.support.hierarchical.NodeTestTask.lambda$executeRecursively$6(NodeTestTask.java:161)
	at org.junit.platform.engine.support.hierarchical.ThrowableCollector.execute(ThrowableCollector.java:73)
	at org.junit.platform.engine.support.hierarchical.NodeTestTask.lambda$executeRecursively$8(NodeTestTask.java:147)
	at org.junit.platform.engine.support.hierarchical.Node.around(Node.java:137)
	at org.junit.platform.engine.support.hierarchical.NodeTestTask.lambda$executeRecursively$9(NodeTestTask.java:145)
	at org.junit.platform.engine.support.hierarchical.ThrowableCollector.execute(ThrowableCollector.java:73)
	at org.junit.platform.engine.support.hierarchical.NodeTestTask.executeRecursively(NodeTestTask.java:144)
	at org.junit.platform.engine.support.hierarchical.NodeTestTask.execute(NodeTestTask.java:101)
	at java.base/java.util.ArrayList.forEach(ArrayList.java:1596)
	at org.junit.platform.engine.support.hierarchical.SameThreadHierarchicalTestExecutorService.invokeAll(SameThreadHierarchicalTestExecutorService.java:41)
	at org.junit.platform.engine.support.hierarchical.NodeTestTask.lambda$executeRecursively$6(NodeTestTask.java:161)
	at org.junit.platform.engine.support.hierarchical.ThrowableCollector.execute(ThrowableCollector.java:73)
	at org.junit.platform.engine.support.hierarchical.NodeTestTask.lambda$executeRecursively$8(NodeTestTask.java:147)
	at org.junit.platform.engine.support.hierarchical.Node.around(Node.java:137)
	at org.junit.platform.engine.support.hierarchical.NodeTestTask.lambda$executeRecursively$9(NodeTestTask.java:145)
	at org.junit.platform.engine.support.hierarchical.ThrowableCollector.execute(ThrowableCollector.java:73)
	at org.junit.platform.engine.support.hierarchical.NodeTestTask.executeRecursively(NodeTestTask.java:144)
	at org.junit.platform.engine.support.hierarchical.NodeTestTask.execute(NodeTestTask.java:101)
	at org.junit.platform.engine.support.hierarchical.SameThreadHierarchicalTestExecutorService.submit(SameThreadHierarchicalTestExecutorService.java:35)
	at org.junit.platform.engine.support.hierarchical.HierarchicalTestExecutor.execute(HierarchicalTestExecutor.java:57)
	at org.junit.platform.engine.support.hierarchical.HierarchicalTestEngine.execute(HierarchicalTestEngine.java:54)
	at org.junit.platform.launcher.core.EngineExecutionOrchestrator.executeEngine(EngineExecutionOrchestrator.java:230)
	at org.junit.platform.launcher.core.EngineExecutionOrchestrator.failOrExecuteEngine(EngineExecutionOrchestrator.java:204)
	at org.junit.platform.launcher.core.EngineExecutionOrchestrator.execute(EngineExecutionOrchestrator.java:172)
	at org.junit.platform.launcher.core.EngineExecutionOrchestrator.execute(EngineExecutionOrchestrator.java:101)
	at org.junit.platform.launcher.core.EngineExecutionOrchestrator.lambda$execute$0(EngineExecutionOrchestrator.java:64)
	at org.junit.platform.launcher.core.EngineExecutionOrchestrator.withInterceptedStreams(EngineExecutionOrchestrator.java:150)
	at org.junit.platform.launcher.core.EngineExecutionOrchestrator.execute(EngineExecutionOrchestrator.java:63)
	at org.junit.platform.launcher.core.DefaultLauncher.execute(DefaultLauncher.java:109)
	at org.junit.platform.launcher.core.DefaultLauncher.execute(DefaultLauncher.java:91)
	at org.junit.platform.launcher.core.DelegatingLauncher.execute(DelegatingLauncher.java:47)
	at org.junit.platform.launcher.core.InterceptingLauncher.lambda$execute$1(InterceptingLauncher.java:39)
	at org.junit.platform.launcher.core.ClasspathAlignmentCheckingLauncherInterceptor.intercept(ClasspathAlignmentCheckingLauncherInterceptor.java:25)
	at org.junit.platform.launcher.core.InterceptingLauncher.execute(InterceptingLauncher.java:38)
	at org.junit.platform.launcher.core.DelegatingLauncher.execute(DelegatingLauncher.java:47)
	at org.apache.maven.surefire.junitplatform.LazyLauncher.execute(LazyLauncher.java:56)
	at org.apache.maven.surefire.junitplatform.JUnitPlatformProvider.execute(JUnitPlatformProvider.java:184)
	at org.apache.maven.surefire.junitplatform.JUnitPlatformProvider.invokeAllTests(JUnitPlatformProvider.java:148)
	at org.apache.maven.surefire.junitplatform.JUnitPlatformProvider.invoke(JUnitPlatformProvider.java:120)
	at org.apache.maven.surefire.booter.ForkedBooter.runSuitesInProcess(ForkedBooter.java:385)
	at org.apache.maven.surefire.booter.ForkedBooter.execute(ForkedBooter.java:162)
	at org.apache.maven.surefire.booter.ForkedBooter.run(ForkedBooter.java:507)
	at org.apache.maven.surefire.booter.ForkedBooter.main(ForkedBooter.java:495)
2025-10-18 02:35:37,375 [main] INFO  volume.HddsVolume (HddsVolume.java:<init>(162)) - HddsVolume: { id=DS-0b36a939-64d3-4d6e-8a5a-e42d3c6d9f79 dir=/tmp/junit-5678300640715814732/f838cfa4-2b9f-49d3-b23a-b6975e198e7e/hdds type=DISK capacity=9222449699674390527 used=0 available=9222449699674390527 minFree=184448985434423296 committed=0 }
2025-10-18 02:35:37,375 [main] INFO  volume.MutableVolumeSet (MutableVolumeSet.java:initializeVolumeSet(175)) - Added Volume : /tmp/junit-5678300640715814732/f838cfa4-2b9f-49d3-b23a-b6975e198e7e/hdds to VolumeSet
2025-10-18 02:35:37,377 [main] INFO  volume.HddsVolume (HddsVolume.java:<init>(162)) - HddsVolume: { id=DS-e7ef7b66-7cfa-4e86-85a8-07c09d90844a dir=/tmp/junit-5678300640715814732/dabcf007-78f4-4367-ab16-d404846dba53/hdds type=DISK capacity=9222449699674390527 used=0 available=9222449699674390527 minFree=184448985434423296 committed=0 }
2025-10-18 02:35:37,377 [main] INFO  volume.MutableVolumeSet (MutableVolumeSet.java:initializeVolumeSet(175)) - Added Volume : /tmp/junit-5678300640715814732/dabcf007-78f4-4367-ab16-d404846dba53/hdds to VolumeSet
2025-10-18 02:35:37,378 [main] WARN  server.ServerUtils (ServerUtils.java:getDefaultRatisDirectory(304)) - Storage directory for Ratis is not configured. It is a good idea to map this to an SSD disk. Falling back to ozone.metadata.dirs
2025-10-18 02:35:37,378 [main] INFO  volume.MutableVolumeSet (MutableVolumeSet.java:initializeVolumeSet(175)) - Added Volume : /tmp/junit-5678300640715814732/ratis to VolumeSet
2025-10-18 02:35:37,379 [ForkJoinPool.commonPool-worker-1] INFO  volume.ThrottledAsyncChecker (ThrottledAsyncChecker.java:schedule(138)) - Scheduling a check for /tmp/junit-5678300640715814732/dabcf007-78f4-4367-ab16-d404846dba53/hdds
2025-10-18 02:35:37,379 [ForkJoinPool.commonPool-worker-1] ERROR ozoneimpl.OzoneContainer (HddsVolumeUtil.java:loadVolume(114)) - Load db store for HddsVolume /tmp/junit-5678300640715814732/dabcf007-78f4-4367-ab16-d404846dba53/hdds failed
java.io.IOException: Working dir /tmp/junit-5678300640715814732/dabcf007-78f4-4367-ab16-d404846dba53/hdds/clusterID not created for HddsVolume: /tmp/junit-5678300640715814732/dabcf007-78f4-4367-ab16-d404846dba53/hdds
	at org.apache.hadoop.ozone.container.common.volume.HddsVolume.loadDbStore(HddsVolume.java:491)
	at org.apache.hadoop.ozone.container.common.utils.HddsVolumeUtil.loadVolume(HddsVolumeUtil.java:110)
	at org.apache.hadoop.ozone.container.common.utils.HddsVolumeUtil.lambda$loadAllHddsVolumeDbStore$0(HddsVolumeUtil.java:96)
	at java.base/java.util.concurrent.CompletableFuture$AsyncRun.run(CompletableFuture.java:1804)
	at java.base/java.util.concurrent.CompletableFuture$AsyncRun.exec(CompletableFuture.java:1796)
	at java.base/java.util.concurrent.ForkJoinTask.doExec(ForkJoinTask.java:387)
	at java.base/java.util.concurrent.ForkJoinPool$WorkQueue.topLevelExec(ForkJoinPool.java:1312)
	at java.base/java.util.concurrent.ForkJoinPool.scan(ForkJoinPool.java:1843)
	at java.base/java.util.concurrent.ForkJoinPool.runWorker(ForkJoinPool.java:1808)
	at java.base/java.util.concurrent.ForkJoinWorkerThread.run(ForkJoinWorkerThread.java:188)
2025-10-18 02:35:37,390 [ForkJoinPool.commonPool-worker-2] INFO  utils.DatanodeStoreCache (DatanodeStoreCache.java:addDB(70)) - Added db /tmp/junit-5678300640715814732/f838cfa4-2b9f-49d3-b23a-b6975e198e7e/hdds/clusterID/DS-0b36a939-64d3-4d6e-8a5a-e42d3c6d9f79/container.db to cache
2025-10-18 02:35:37,390 [ForkJoinPool.commonPool-worker-2] INFO  volume.HddsVolume (HddsVolume.java:loadDbStore(517)) - SchemaV3 db is loaded at /tmp/junit-5678300640715814732/f838cfa4-2b9f-49d3-b23a-b6975e198e7e/hdds/clusterID/DS-0b36a939-64d3-4d6e-8a5a-e42d3c6d9f79/container.db for volume DS-0b36a939-64d3-4d6e-8a5a-e42d3c6d9f79
2025-10-18 02:35:37,390 [main] INFO  ozoneimpl.OzoneContainer (HddsVolumeUtil.java:loadAllHddsVolumeDbStore(102)) - Load 2 volumes DbStore cost: 12ms
2025-10-18 02:35:37,391 [main] WARN  db.DBStoreBuilder (DBStoreBuilder.java:getDBDirPath(157)) - ozone.scm.datanode.id.dir is not configured. We recommend adding this setting. Falling back to ozone.metadata.dirs instead.
2025-10-18 02:35:37,391 [main] WARN  db.DBStoreBuilder (DBStoreBuilder.java:getDBDirPath(157)) - ozone.scm.datanode.id.dir is not configured. We recommend adding this setting. Falling back to ozone.metadata.dirs instead.
2025-10-18 02:35:37,399 [main] INFO  impl.FilePerChunkStrategy (FilePerChunkStrategy.java:<init>(79)) - ozone.chunk.read.mapped.buffer.max.count is load with 0
2025-10-18 02:35:37,399 [main] INFO  impl.FilePerBlockStrategy (FilePerBlockStrategy.java:<init>(88)) - ozone.chunk.read.mapped.buffer.max.count is load with 0
2025-10-18 02:35:37,400 [main] INFO  server.RaftServerConfigKeys (ConfUtils.java:logGet(62)) - raft.server.log.appender.buffer.byte-limit = 33554432 (custom)
2025-10-18 02:35:37,400 [main] WARN  server.ServerUtils (ServerUtils.java:getDefaultRatisDirectory(304)) - Storage directory for Ratis is not configured. It is a good idea to map this to an SSD disk. Falling back to ozone.metadata.dirs
2025-10-18 02:35:37,401 [main] INFO  grpc.GrpcConfigKeys (ConfUtils.java:logFallback(69)) - raft.grpc.admin.host = null (fallback to raft.grpc.server.host)
2025-10-18 02:35:37,401 [main] INFO  grpc.GrpcConfigKeys (ConfUtils.java:logFallback(69)) - raft.grpc.client.host = null (fallback to raft.grpc.server.host)
2025-10-18 02:35:37,401 [main] INFO  server.GrpcServicesImpl (ConfUtils.java:logGet(62)) - raft.grpc.message.size.max = 34603008 (custom)
2025-10-18 02:35:37,401 [main] INFO  server.GrpcServicesImpl (ConfUtils.java:logGet(62)) - raft.grpc.flow.control.window = 5MB (=5242880) (custom)
2025-10-18 02:35:37,402 [main] INFO  server.RaftServerConfigKeys (ConfUtils.java:logGet(62)) - raft.server.log.appender.buffer.byte-limit = 33554432 (custom)
2025-10-18 02:35:37,402 [main] INFO  netty.NettyUtils (NettyUtils.java:newEventLoopGroup(74)) - Create EpollEventLoopGroup for e6bc46a1-f843-4f89-9334-2637a1884d2b-NettyServerStreamRpc-bossGroup; Thread size is 0.
2025-10-18 02:35:37,403 [main] INFO  netty.NettyUtils (NettyUtils.java:newEventLoopGroup(74)) - Create EpollEventLoopGroup for e6bc46a1-f843-4f89-9334-2637a1884d2b-NettyServerStreamRpc-workerGroup; Thread size is 0.
2025-10-18 02:35:37,404 [e6bc46a1-f843-4f89-9334-2637a1884d2b-NettyServerStreamRpc-bossGroup--thread1] INFO  logging.LoggingHandler (AbstractInternalLogger.java:log(148)) - [id: 0x8bacf14b] REGISTERED
2025-10-18 02:35:37,404 [e6bc46a1-f843-4f89-9334-2637a1884d2b-NettyServerStreamRpc-bossGroup--thread1] INFO  logging.LoggingHandler (AbstractInternalLogger.java:log(148)) - [id: 0x8bacf14b] BIND: 0.0.0.0/0.0.0.0:0
2025-10-18 02:35:37,404 [e6bc46a1-f843-4f89-9334-2637a1884d2b-impl-thread1] INFO  server.RaftServer (RaftServerProxy.java:initGroupDir(270)) - e6bc46a1-f843-4f89-9334-2637a1884d2b: found a subdirectory /tmp/junit-5678300640715814732/ratis/tmp
2025-10-18 02:35:37,404 [e6bc46a1-f843-4f89-9334-2637a1884d2b-NettyServerStreamRpc-bossGroup--thread1] INFO  logging.LoggingHandler (AbstractInternalLogger.java:log(148)) - [id: 0x8bacf14b, L:/0.0.0.0:42891] ACTIVE
2025-10-18 02:35:37,404 [e6bc46a1-f843-4f89-9334-2637a1884d2b-impl-thread1] INFO  server.RaftServer (RaftServerProxy.java:initGroupDir(275)) - e6bc46a1-f843-4f89-9334-2637a1884d2b: The directory /tmp/junit-5678300640715814732/ratis/tmp is not a group directory; ignoring it. 
2025-10-18 02:35:37,404 [main] INFO  replication.ReplicationServer (ReplicationServer.java:<init>(84)) - Initializing replication server with thread count = 10 queue length = 4096
2025-10-18 02:35:37,405 [main] INFO  server.XceiverServerGrpc (XceiverServerGrpc.java:<init>(129)) - GrpcServer channel type EpollServerSocketChannel
2025-10-18 02:35:37,406 [main] INFO  replication.ReplicationSupervisor (ReplicationSupervisor.java:build(169)) - Initializing replication supervisor with thread count = 10
2025-10-18 02:35:37,406 [main] INFO  replication.ReplicationSupervisor (ReplicationSupervisor.java:nodeStateUpdated(358)) - Node state updated to IN_SERVICE, scaling executor pool size to 10
2025-10-18 02:35:37,430 [main] INFO  utils.DatanodeStoreCache (DatanodeStoreCache.java:addDB(70)) - Added db /tmp/junit-5678300640715814732/dabcf007-78f4-4367-ab16-d404846dba53/hdds/clusterID/DS-e7ef7b66-7cfa-4e86-85a8-07c09d90844a/container.db to cache
2025-10-18 02:35:37,430 [main] INFO  volume.HddsVolume (HddsVolume.java:createDbStore(576)) - SchemaV3 db is created and loaded at /tmp/junit-5678300640715814732/dabcf007-78f4-4367-ab16-d404846dba53/hdds/clusterID/DS-e7ef7b66-7cfa-4e86-85a8-07c09d90844a/container.db for volume DS-e7ef7b66-7cfa-4e86-85a8-07c09d90844a
2025-10-18 02:35:37,432 [e6bc46a1-f843-4f89-9334-2637a1884d2b-ContainerReader-0] INFO  ozoneimpl.ContainerReader (ContainerReader.java:readVolume(147)) - Start to verify containers on volume /tmp/junit-5678300640715814732/dabcf007-78f4-4367-ab16-d404846dba53/hdds
2025-10-18 02:35:37,433 [e6bc46a1-f843-4f89-9334-2637a1884d2b-ContainerReader-0] INFO  ozoneimpl.ContainerReader (ContainerReader.java:readVolume(177)) - Finish verifying containers on volume /tmp/junit-5678300640715814732/dabcf007-78f4-4367-ab16-d404846dba53/hdds
2025-10-18 02:35:37,433 [e6bc46a1-f843-4f89-9334-2637a1884d2b-ContainerReader-1] INFO  ozoneimpl.ContainerReader (ContainerReader.java:readVolume(147)) - Start to verify containers on volume /tmp/junit-5678300640715814732/f838cfa4-2b9f-49d3-b23a-b6975e198e7e/hdds
2025-10-18 02:35:37,433 [e6bc46a1-f843-4f89-9334-2637a1884d2b-ContainerReader-1] INFO  ozoneimpl.ContainerReader (ContainerReader.java:readVolume(177)) - Finish verifying containers on volume /tmp/junit-5678300640715814732/f838cfa4-2b9f-49d3-b23a-b6975e198e7e/hdds
2025-10-18 02:35:37,433 [main] INFO  ozoneimpl.OzoneContainer (OzoneContainer.java:buildContainerSet(359)) - Build ContainerSet costs 0s
2025-10-18 02:35:37,433 [main] INFO  volume.ThrottledAsyncChecker (ThrottledAsyncChecker.java:schedule(138)) - Scheduling a check for /tmp/junit-5678300640715814732/f838cfa4-2b9f-49d3-b23a-b6975e198e7e/hdds
2025-10-18 02:35:37,433 [main] INFO  volume.StorageVolumeChecker (StorageVolumeChecker.java:checkAllVolumes(231)) - Scheduled health check for volume /tmp/junit-5678300640715814732/f838cfa4-2b9f-49d3-b23a-b6975e198e7e/hdds
2025-10-18 02:35:37,436 [main] INFO  volume.ThrottledAsyncChecker (ThrottledAsyncChecker.java:schedule(138)) - Scheduling a check for /tmp/junit-5678300640715814732/ratis
2025-10-18 02:35:37,436 [main] INFO  volume.StorageVolumeChecker (StorageVolumeChecker.java:checkAllVolumes(231)) - Scheduled health check for volume /tmp/junit-5678300640715814732/ratis
2025-10-18 02:35:37,437 [main] INFO  ozoneimpl.OzoneContainer (OzoneContainer.java:start(544)) - Attempting to start container services.
2025-10-18 02:35:37,438 [ContainerMetadataScanner] INFO  ozoneimpl.AbstractBackgroundContainerScanner (AbstractBackgroundContainerScanner.java:runIteration(89)) - Completed an iteration in 0 minutes. Number of iterations (since the data-node restart) : 1, Number of containers scanned in this iteration : 0, Number of unhealthy containers found in this iteration : 0
2025-10-18 02:35:37,438 [ContainerDataScanner(/tmp/junit-5678300640715814732/dabcf007-78f4-4367-ab16-d404846dba53/hdds)] INFO  ozoneimpl.AbstractBackgroundContainerScanner (AbstractBackgroundContainerScanner.java:runIteration(89)) - Completed an iteration in 0 minutes. Number of iterations (since the data-node restart) : 1, Number of containers scanned in this iteration : 0, Number of unhealthy containers found in this iteration : 0
2025-10-18 02:35:37,438 [main] INFO  replication.ReplicationServer (ReplicationServer.java:start(137)) - ReplicationServer is started using port 9886
2025-10-18 02:35:37,439 [main] INFO  ratis.XceiverServerRatis (XceiverServerRatis.java:start(559)) - Starting XceiverServerRatis(e6bc46a1-f843-4f89-9334-2637a1884d2b)
2025-10-18 02:35:37,438 [ContainerDataScanner(/tmp/junit-5678300640715814732/f838cfa4-2b9f-49d3-b23a-b6975e198e7e/hdds)] INFO  ozoneimpl.AbstractBackgroundContainerScanner (AbstractBackgroundContainerScanner.java:runIteration(89)) - Completed an iteration in 0 minutes. Number of iterations (since the data-node restart) : 1, Number of containers scanned in this iteration : 0, Number of unhealthy containers found in this iteration : 0
2025-10-18 02:35:37,442 [main] INFO  server.RaftServer (RaftServerProxy.java:startImpl(412)) - e6bc46a1-f843-4f89-9334-2637a1884d2b: start RPC server
2025-10-18 02:35:37,442 [main] INFO  server.GrpcServicesImpl (GrpcServicesImpl.java:startImpl(346)) - e6bc46a1-f843-4f89-9334-2637a1884d2b: GrpcServicesImpl started, listening on 9858
2025-10-18 02:35:37,443 [main] INFO  ratis.XceiverServerRatis (XceiverServerRatis.java:getRealPort(586)) - XceiverServerRatis(e6bc46a1-f843-4f89-9334-2637a1884d2b) is started using port RATIS=9858
2025-10-18 02:35:37,443 [JvmPauseMonitor23] INFO  util.JvmPauseMonitor (JvmPauseMonitor.java:run(146)) - JvmPauseMonitor-e6bc46a1-f843-4f89-9334-2637a1884d2b: Started
2025-10-18 02:35:37,444 [main] INFO  ratis.XceiverServerRatis (XceiverServerRatis.java:getRealPort(586)) - XceiverServerRatis(e6bc46a1-f843-4f89-9334-2637a1884d2b) is started using port RATIS_ADMIN=9858
2025-10-18 02:35:37,444 [main] INFO  ratis.XceiverServerRatis (XceiverServerRatis.java:getRealPort(586)) - XceiverServerRatis(e6bc46a1-f843-4f89-9334-2637a1884d2b) is started using port RATIS_SERVER=9858
2025-10-18 02:35:37,444 [main] INFO  ratis.XceiverServerRatis (XceiverServerRatis.java:getRealPort(586)) - XceiverServerRatis(e6bc46a1-f843-4f89-9334-2637a1884d2b) is started using port RATIS_DATASTREAM=42891
2025-10-18 02:35:37,445 [main] INFO  utils.BackgroundService (BackgroundService.java:start(119)) - Starting service BlockDeletingService with interval 60000 milliseconds
2025-10-18 02:35:37,445 [main] INFO  utils.BackgroundService (BackgroundService.java:start(119)) - Starting service StaleRecoveringContainerScrubbingService with interval 60000 milliseconds
2025-10-18 02:35:37,446 [main] INFO  ipc.Server (Server.java:stop(3697)) - Stopping server on 34119
2025-10-18 02:35:37,447 [IPC Server listener on 34119] INFO  ipc.Server (Server.java:run(1585)) - Stopping IPC Server listener on 34119
2025-10-18 02:35:37,447 [IPC Server Responder] INFO  ipc.Server (Server.java:run(1718)) - Stopping IPC Server Responder
2025-10-18 02:35:37,447 [main] INFO  ozoneimpl.OzoneContainer (OzoneContainer.java:stop(568)) - Attempting to stop container services.
2025-10-18 02:35:37,448 [ContainerMetadataScanner] WARN  ozoneimpl.AbstractBackgroundContainerScanner (AbstractBackgroundContainerScanner.java:handleRemainingSleep(136)) - Background container scan was interrupted.
2025-10-18 02:35:37,448 [ContainerMetadataScanner] INFO  ozoneimpl.AbstractBackgroundContainerScanner (AbstractBackgroundContainerScanner.java:run(63)) - org.apache.hadoop.ozone.container.ozoneimpl.BackgroundContainerMetadataScanner@27df390b exiting.
2025-10-18 02:35:37,448 [main] INFO  ozoneimpl.BackgroundContainerDataScanner (BackgroundContainerDataScanner.java:shutdown(87)) - ContainerDataScanner(/tmp/junit-5678300640715814732/dabcf007-78f4-4367-ab16-d404846dba53/hdds) is shutting down. 
2025-10-18 02:35:37,448 [ContainerDataScanner(/tmp/junit-5678300640715814732/dabcf007-78f4-4367-ab16-d404846dba53/hdds)] WARN  ozoneimpl.AbstractBackgroundContainerScanner (AbstractBackgroundContainerScanner.java:handleRemainingSleep(136)) - Background container scan was interrupted.
2025-10-18 02:35:37,448 [ContainerDataScanner(/tmp/junit-5678300640715814732/dabcf007-78f4-4367-ab16-d404846dba53/hdds)] INFO  ozoneimpl.AbstractBackgroundContainerScanner (AbstractBackgroundContainerScanner.java:run(63)) - ContainerDataScanner(/tmp/junit-5678300640715814732/dabcf007-78f4-4367-ab16-d404846dba53/hdds, DS-e7ef7b66-7cfa-4e86-85a8-07c09d90844a) exiting.
2025-10-18 02:35:37,448 [main] INFO  ozoneimpl.BackgroundContainerDataScanner (BackgroundContainerDataScanner.java:shutdown(87)) - ContainerDataScanner(/tmp/junit-5678300640715814732/f838cfa4-2b9f-49d3-b23a-b6975e198e7e/hdds) is shutting down. 
2025-10-18 02:35:37,448 [ContainerDataScanner(/tmp/junit-5678300640715814732/f838cfa4-2b9f-49d3-b23a-b6975e198e7e/hdds)] WARN  ozoneimpl.AbstractBackgroundContainerScanner (AbstractBackgroundContainerScanner.java:handleRemainingSleep(136)) - Background container scan was interrupted.
2025-10-18 02:35:37,449 [ContainerDataScanner(/tmp/junit-5678300640715814732/f838cfa4-2b9f-49d3-b23a-b6975e198e7e/hdds)] INFO  ozoneimpl.AbstractBackgroundContainerScanner (AbstractBackgroundContainerScanner.java:run(63)) - ContainerDataScanner(/tmp/junit-5678300640715814732/f838cfa4-2b9f-49d3-b23a-b6975e198e7e/hdds, DS-0b36a939-64d3-4d6e-8a5a-e42d3c6d9f79) exiting.
2025-10-18 02:35:37,449 [main] INFO  ozoneimpl.OnDemandContainerScanner (OnDemandContainerScanner.java:shutdown(141)) - On-demand container scanner is shutting down.
2025-10-18 02:35:37,449 [main] INFO  ratis.XceiverServerRatis (XceiverServerRatis.java:stop(594)) - Closing XceiverServerRatis(e6bc46a1-f843-4f89-9334-2637a1884d2b)
2025-10-18 02:35:37,449 [main] INFO  server.RaftServer (RaftServerProxy.java:lambda$close$9(422)) - e6bc46a1-f843-4f89-9334-2637a1884d2b: close
2025-10-18 02:35:37,450 [main] INFO  server.GrpcServicesImpl (GrpcServicesImpl.java:closeImpl(355)) - e6bc46a1-f843-4f89-9334-2637a1884d2b: shutdown server GrpcServerProtocolService now
2025-10-18 02:35:37,450 [main] INFO  server.GrpcServicesImpl (GrpcServicesImpl.java:closeImpl(364)) - e6bc46a1-f843-4f89-9334-2637a1884d2b: shutdown server GrpcServerProtocolService successfully
2025-10-18 02:35:37,450 [e6bc46a1-f843-4f89-9334-2637a1884d2b-NettyServerStreamRpc-bossGroup--thread1] INFO  logging.LoggingHandler (AbstractInternalLogger.java:log(148)) - [id: 0x8bacf14b, L:/0.0.0.0:42891] CLOSE
2025-10-18 02:35:37,450 [e6bc46a1-f843-4f89-9334-2637a1884d2b-NettyServerStreamRpc-bossGroup--thread1] INFO  logging.LoggingHandler (AbstractInternalLogger.java:log(148)) - [id: 0x8bacf14b, L:/0.0.0.0:42891] INACTIVE
2025-10-18 02:35:37,450 [e6bc46a1-f843-4f89-9334-2637a1884d2b-NettyServerStreamRpc-bossGroup--thread1] INFO  logging.LoggingHandler (AbstractInternalLogger.java:log(148)) - [id: 0x8bacf14b, L:/0.0.0.0:42891] UNREGISTERED
2025-10-18 02:35:37,454 [JvmPauseMonitor23] INFO  util.JvmPauseMonitor (JvmPauseMonitor.java:run(152)) - JvmPauseMonitor-e6bc46a1-f843-4f89-9334-2637a1884d2b: Stopped
2025-10-18 02:35:39,459 [main] INFO  volume.HddsVolume (HddsVolume.java:closeDbStore(609)) - SchemaV3 db is stopped at /tmp/junit-5678300640715814732/dabcf007-78f4-4367-ab16-d404846dba53/hdds/clusterID/DS-e7ef7b66-7cfa-4e86-85a8-07c09d90844a/container.db for volume DS-e7ef7b66-7cfa-4e86-85a8-07c09d90844a
2025-10-18 02:35:39,459 [main] INFO  volume.HddsVolume (HddsVolume.java:closeDbStore(609)) - SchemaV3 db is stopped at /tmp/junit-5678300640715814732/f838cfa4-2b9f-49d3-b23a-b6975e198e7e/hdds/clusterID/DS-0b36a939-64d3-4d6e-8a5a-e42d3c6d9f79/container.db for volume DS-0b36a939-64d3-4d6e-8a5a-e42d3c6d9f79
2025-10-18 02:35:39,460 [main] INFO  utils.BackgroundService (BackgroundService.java:shutdown(195)) - Shutting down service BlockDeletingService
2025-10-18 02:35:39,460 [main] INFO  utils.BackgroundService (BackgroundService.java:shutdown(195)) - Shutting down service StaleRecoveringContainerScrubbingService
]]></system-out>
  </testcase>
  <testcase name="testAddDbVolumeAfterFinalize(boolean)[1]" classname="org.apache.hadoop.ozone.container.upgrade.TestDatanodeUpgradeToSchemaV3" time="4.156">
    <system-out><![CDATA[2025-10-18 02:35:39,482 [main] INFO  ipc.CallQueueManager (CallQueueManager.java:<init>(93)) - Using callQueue: class java.util.concurrent.LinkedBlockingQueue, queueCapacity: 1000, scheduler: class org.apache.hadoop.ipc.DefaultRpcScheduler, ipcBackoff: false, ipcFailOver: false.
2025-10-18 02:35:39,482 [main] INFO  ipc.Server (Server.java:<init>(1438)) - Listener at localhost:36743
2025-10-18 02:35:39,483 [Socket Reader #1 for port 36743] INFO  ipc.Server (Server.java:run(1474)) - Starting Socket Reader #1 for port 36743
2025-10-18 02:35:39,484 [IPC Server Responder] INFO  ipc.Server (Server.java:run(1713)) - IPC Server Responder: starting
2025-10-18 02:35:39,484 [IPC Server listener on 36743] INFO  ipc.Server (Server.java:run(1553)) - IPC Server listener on 36743: starting
2025-10-18 02:35:39,487 [main] INFO  upgrade.AbstractLayoutVersionManager (AbstractLayoutVersionManager.java:init(80)) - Initializing Layout version manager with metadata layout = ERASURE_CODED_STORAGE_SUPPORT (version = 3), software layout = WITNESSED_CONTAINER_DB_PROTO_VALUE (version = 9)
2025-10-18 02:35:39,488 [main] INFO  upgrade.HDDSLayoutVersionManager (HDDSLayoutVersionManager.java:lambda$registerUpgradeActions$0(81)) - Registering Upgrade Action : DatanodeSchemaV3FinalizeAction
2025-10-18 02:35:39,488 [main] INFO  upgrade.HDDSLayoutVersionManager (HDDSLayoutVersionManager.java:lambda$registerUpgradeActions$0(81)) - Registering Upgrade Action : ContainerTableSchemaFinalizeAction
2025-10-18 02:35:39,488 [main] INFO  statemachine.DatanodeStateMachine (DatanodeStateMachine.java:getEndPointTaskThreadPoolSize(321)) - Datanode State Machine Task Thread Pool size 2
2025-10-18 02:35:39,490 [main] INFO  volume.HddsVolume (HddsVolume.java:<init>(162)) - HddsVolume: { id=a6ce8358-62e6-4b77-9051-d67a4554d78f dir=/home/runner/work/ozone/ozone/hadoop-hdds/container-service/file:/home/runner/work/ozone/ozone/hadoop-hdds/container-service/target/tmp/dfs/data type=DISK failed }
2025-10-18 02:35:39,490 [main] ERROR volume.MutableVolumeSet (MutableVolumeSet.java:initializeVolumeSet(194)) - Failed to parse the storage location: file:///home/runner/work/ozone/ozone/hadoop-hdds/container-service/target/tmp/dfs/data
org.apache.hadoop.ozone.common.InconsistentStorageStateException: Mismatched DatanodeUUIDs. Version File : /home/runner/work/ozone/ozone/hadoop-hdds/container-service/target/tmp/dfs/data/hdds/VERSION has datanodeUuid: c3d05b50-810d-4b78-be46-d77415fe1b4d and Datanode has datanodeUuid: c3776f16-ca6d-4be6-bd1f-34dbc26d2d81
	at org.apache.hadoop.ozone.container.common.utils.StorageVolumeUtil.getDatanodeUUID(StorageVolumeUtil.java:122)
	at org.apache.hadoop.ozone.container.common.volume.StorageVolume.readVersionFile(StorageVolume.java:385)
	at org.apache.hadoop.ozone.container.common.volume.StorageVolume.initializeImpl(StorageVolume.java:240)
	at org.apache.hadoop.ozone.container.common.volume.StorageVolume.initialize(StorageVolume.java:215)
	at org.apache.hadoop.ozone.container.common.volume.HddsVolume.<init>(HddsVolume.java:151)
	at org.apache.hadoop.ozone.container.common.volume.HddsVolume.<init>(HddsVolume.java:80)
	at org.apache.hadoop.ozone.container.common.volume.HddsVolume$Builder.build(HddsVolume.java:130)
	at org.apache.hadoop.ozone.container.common.volume.HddsVolumeFactory.createVolume(HddsVolumeFactory.java:46)
	at org.apache.hadoop.ozone.container.common.volume.MutableVolumeSet.initializeVolumeSet(MutableVolumeSet.java:172)
	at org.apache.hadoop.ozone.container.common.volume.MutableVolumeSet.<init>(MutableVolumeSet.java:130)
	at org.apache.hadoop.ozone.container.common.volume.MutableVolumeSet.<init>(MutableVolumeSet.java:92)
	at org.apache.hadoop.ozone.container.ozoneimpl.OzoneContainer.<init>(OzoneContainer.java:170)
	at org.apache.hadoop.ozone.container.common.statemachine.DatanodeStateMachine.<init>(DatanodeStateMachine.java:191)
	at org.apache.hadoop.ozone.container.common.statemachine.DatanodeStateMachine.<init>(DatanodeStateMachine.java:305)
	at org.apache.hadoop.ozone.container.upgrade.UpgradeTestHelper.startPreFinalizedDatanode(UpgradeTestHelper.java:88)
	at org.apache.hadoop.ozone.container.upgrade.TestDatanodeUpgradeToSchemaV3.testAddDbVolumeAfterFinalize(TestDatanodeUpgradeToSchemaV3.java:315)
	at java.base/jdk.internal.reflect.DirectMethodHandleAccessor.invoke(DirectMethodHandleAccessor.java:103)
	at java.base/java.lang.reflect.Method.invoke(Method.java:580)
	at org.junit.platform.commons.util.ReflectionUtils.invokeMethod(ReflectionUtils.java:786)
	at org.junit.platform.commons.support.ReflectionSupport.invokeMethod(ReflectionSupport.java:514)
	at org.junit.jupiter.engine.execution.MethodInvocation.proceed(MethodInvocation.java:60)
	at org.junit.jupiter.engine.execution.InvocationInterceptorChain$ValidatingInvocation.proceed(InvocationInterceptorChain.java:131)
	at org.junit.jupiter.engine.extension.SameThreadTimeoutInvocation.proceed(SameThreadTimeoutInvocation.java:49)
	at org.junit.jupiter.engine.extension.TimeoutExtension.intercept(TimeoutExtension.java:161)
	at org.junit.jupiter.engine.extension.TimeoutExtension.interceptTestableMethod(TimeoutExtension.java:152)
	at org.junit.jupiter.engine.extension.TimeoutExtension.interceptTestTemplateMethod(TimeoutExtension.java:99)
	at org.junit.jupiter.engine.execution.InterceptingExecutableInvoker$ReflectiveInterceptorCall.lambda$ofVoidMethod$0(InterceptingExecutableInvoker.java:112)
	at org.junit.jupiter.engine.execution.InterceptingExecutableInvoker.lambda$invoke$0(InterceptingExecutableInvoker.java:94)
	at org.junit.jupiter.engine.execution.InvocationInterceptorChain$InterceptedInvocation.proceed(InvocationInterceptorChain.java:106)
	at org.junit.jupiter.engine.execution.InvocationInterceptorChain.proceed(InvocationInterceptorChain.java:64)
	at org.junit.jupiter.engine.execution.InvocationInterceptorChain.chainAndInvoke(InvocationInterceptorChain.java:45)
	at org.junit.jupiter.engine.execution.InvocationInterceptorChain.invoke(InvocationInterceptorChain.java:37)
	at org.junit.jupiter.engine.execution.InterceptingExecutableInvoker.invoke(InterceptingExecutableInvoker.java:93)
	at org.junit.jupiter.engine.execution.InterceptingExecutableInvoker.invoke(InterceptingExecutableInvoker.java:87)
	at org.junit.jupiter.engine.descriptor.TestMethodTestDescriptor.lambda$invokeTestMethod$4(TestMethodTestDescriptor.java:221)
	at org.junit.platform.engine.support.hierarchical.ThrowableCollector.execute(ThrowableCollector.java:73)
	at org.junit.jupiter.engine.descriptor.TestMethodTestDescriptor.invokeTestMethod(TestMethodTestDescriptor.java:217)
	at org.junit.jupiter.engine.descriptor.TestMethodTestDescriptor.execute(TestMethodTestDescriptor.java:159)
	at org.junit.jupiter.engine.descriptor.TestMethodTestDescriptor.execute(TestMethodTestDescriptor.java:70)
	at org.junit.platform.engine.support.hierarchical.NodeTestTask.lambda$executeRecursively$6(NodeTestTask.java:157)
	at org.junit.platform.engine.support.hierarchical.ThrowableCollector.execute(ThrowableCollector.java:73)
	at org.junit.platform.engine.support.hierarchical.NodeTestTask.lambda$executeRecursively$8(NodeTestTask.java:147)
	at org.junit.platform.engine.support.hierarchical.Node.around(Node.java:137)
	at org.junit.platform.engine.support.hierarchical.NodeTestTask.lambda$executeRecursively$9(NodeTestTask.java:145)
	at org.junit.platform.engine.support.hierarchical.ThrowableCollector.execute(ThrowableCollector.java:73)
	at org.junit.platform.engine.support.hierarchical.NodeTestTask.executeRecursively(NodeTestTask.java:144)
	at org.junit.platform.engine.support.hierarchical.NodeTestTask.execute(NodeTestTask.java:101)
	at org.junit.platform.engine.support.hierarchical.SameThreadHierarchicalTestExecutorService.submit(SameThreadHierarchicalTestExecutorService.java:35)
	at org.junit.platform.engine.support.hierarchical.NodeTestTask$DefaultDynamicTestExecutor.execute(NodeTestTask.java:232)
	at org.junit.platform.engine.support.hierarchical.NodeTestTask$DefaultDynamicTestExecutor.execute(NodeTestTask.java:210)
	at org.junit.jupiter.engine.descriptor.TemplateExecutor.execute(TemplateExecutor.java:98)
	at org.junit.jupiter.engine.descriptor.TemplateExecutor.lambda$executeForProvider$0(TemplateExecutor.java:61)
	at java.base/java.util.Optional.ifPresent(Optional.java:178)
	at org.junit.jupiter.engine.descriptor.TemplateExecutor.lambda$executeForProvider$1(TemplateExecutor.java:61)
	at java.base/java.util.stream.ForEachOps$ForEachOp$OfRef.accept(ForEachOps.java:184)
	at java.base/java.util.stream.ReferencePipeline$3$1.accept(ReferencePipeline.java:197)
	at java.base/java.util.stream.ForEachOps$ForEachOp$OfRef.accept(ForEachOps.java:184)
	at java.base/java.util.stream.ForEachOps$ForEachOp$OfRef.accept(ForEachOps.java:184)
	at java.base/java.util.stream.ReferencePipeline$3$1.accept(ReferencePipeline.java:197)
	at java.base/java.util.Spliterators$ArraySpliterator.forEachRemaining(Spliterators.java:1024)
	at java.base/java.util.stream.AbstractPipeline.copyInto(AbstractPipeline.java:509)
	at java.base/java.util.stream.AbstractPipeline.wrapAndCopyInto(AbstractPipeline.java:499)
	at java.base/java.util.stream.ForEachOps$ForEachOp.evaluateSequential(ForEachOps.java:151)
	at java.base/java.util.stream.ForEachOps$ForEachOp$OfRef.evaluateSequential(ForEachOps.java:174)
	at java.base/java.util.stream.AbstractPipeline.evaluate(AbstractPipeline.java:234)
	at java.base/java.util.stream.ReferencePipeline.forEach(ReferencePipeline.java:596)
	at java.base/java.util.stream.ReferencePipeline$7$1.accept(ReferencePipeline.java:276)
	at java.base/java.util.ArrayList$ArrayListSpliterator.forEachRemaining(ArrayList.java:1708)
	at java.base/java.util.stream.AbstractPipeline.copyInto(AbstractPipeline.java:509)
	at java.base/java.util.stream.AbstractPipeline.wrapAndCopyInto(AbstractPipeline.java:499)
	at java.base/java.util.stream.ForEachOps$ForEachOp.evaluateSequential(ForEachOps.java:151)
	at java.base/java.util.stream.ForEachOps$ForEachOp$OfRef.evaluateSequential(ForEachOps.java:174)
	at java.base/java.util.stream.AbstractPipeline.evaluate(AbstractPipeline.java:234)
	at java.base/java.util.stream.ReferencePipeline.forEach(ReferencePipeline.java:596)
	at java.base/java.util.stream.ReferencePipeline$7$1.accept(ReferencePipeline.java:276)
	at java.base/java.util.stream.ReferencePipeline$3$1.accept(ReferencePipeline.java:197)
	at java.base/java.util.stream.ReferencePipeline$3$1.accept(ReferencePipeline.java:197)
	at java.base/java.util.stream.ReferencePipeline$3$1.accept(ReferencePipeline.java:197)
	at java.base/java.util.ArrayList$ArrayListSpliterator.forEachRemaining(ArrayList.java:1708)
	at java.base/java.util.stream.AbstractPipeline.copyInto(AbstractPipeline.java:509)
	at java.base/java.util.stream.AbstractPipeline.wrapAndCopyInto(AbstractPipeline.java:499)
	at java.base/java.util.stream.ForEachOps$ForEachOp.evaluateSequential(ForEachOps.java:151)
	at java.base/java.util.stream.ForEachOps$ForEachOp$OfRef.evaluateSequential(ForEachOps.java:174)
	at java.base/java.util.stream.AbstractPipeline.evaluate(AbstractPipeline.java:234)
	at java.base/java.util.stream.ReferencePipeline.forEach(ReferencePipeline.java:596)
	at org.junit.jupiter.engine.descriptor.TemplateExecutor.executeForProvider(TemplateExecutor.java:59)
	at org.junit.jupiter.engine.descriptor.TemplateExecutor.execute(TemplateExecutor.java:48)
	at org.junit.jupiter.engine.descriptor.TestTemplateTestDescriptor.execute(TestTemplateTestDescriptor.java:112)
	at org.junit.jupiter.engine.descriptor.TestTemplateTestDescriptor.execute(TestTemplateTestDescriptor.java:40)
	at org.junit.platform.engine.support.hierarchical.NodeTestTask.lambda$executeRecursively$6(NodeTestTask.java:157)
	at org.junit.platform.engine.support.hierarchical.ThrowableCollector.execute(ThrowableCollector.java:73)
	at org.junit.platform.engine.support.hierarchical.NodeTestTask.lambda$executeRecursively$8(NodeTestTask.java:147)
	at org.junit.platform.engine.support.hierarchical.Node.around(Node.java:137)
	at org.junit.platform.engine.support.hierarchical.NodeTestTask.lambda$executeRecursively$9(NodeTestTask.java:145)
	at org.junit.platform.engine.support.hierarchical.ThrowableCollector.execute(ThrowableCollector.java:73)
	at org.junit.platform.engine.support.hierarchical.NodeTestTask.executeRecursively(NodeTestTask.java:144)
	at org.junit.platform.engine.support.hierarchical.NodeTestTask.execute(NodeTestTask.java:101)
	at java.base/java.util.ArrayList.forEach(ArrayList.java:1596)
	at org.junit.platform.engine.support.hierarchical.SameThreadHierarchicalTestExecutorService.invokeAll(SameThreadHierarchicalTestExecutorService.java:41)
	at org.junit.platform.engine.support.hierarchical.NodeTestTask.lambda$executeRecursively$6(NodeTestTask.java:161)
	at org.junit.platform.engine.support.hierarchical.ThrowableCollector.execute(ThrowableCollector.java:73)
	at org.junit.platform.engine.support.hierarchical.NodeTestTask.lambda$executeRecursively$8(NodeTestTask.java:147)
	at org.junit.platform.engine.support.hierarchical.Node.around(Node.java:137)
	at org.junit.platform.engine.support.hierarchical.NodeTestTask.lambda$executeRecursively$9(NodeTestTask.java:145)
	at org.junit.platform.engine.support.hierarchical.ThrowableCollector.execute(ThrowableCollector.java:73)
	at org.junit.platform.engine.support.hierarchical.NodeTestTask.executeRecursively(NodeTestTask.java:144)
	at org.junit.platform.engine.support.hierarchical.NodeTestTask.execute(NodeTestTask.java:101)
	at java.base/java.util.ArrayList.forEach(ArrayList.java:1596)
	at org.junit.platform.engine.support.hierarchical.SameThreadHierarchicalTestExecutorService.invokeAll(SameThreadHierarchicalTestExecutorService.java:41)
	at org.junit.platform.engine.support.hierarchical.NodeTestTask.lambda$executeRecursively$6(NodeTestTask.java:161)
	at org.junit.platform.engine.support.hierarchical.ThrowableCollector.execute(ThrowableCollector.java:73)
	at org.junit.platform.engine.support.hierarchical.NodeTestTask.lambda$executeRecursively$8(NodeTestTask.java:147)
	at org.junit.platform.engine.support.hierarchical.Node.around(Node.java:137)
	at org.junit.platform.engine.support.hierarchical.NodeTestTask.lambda$executeRecursively$9(NodeTestTask.java:145)
	at org.junit.platform.engine.support.hierarchical.ThrowableCollector.execute(ThrowableCollector.java:73)
	at org.junit.platform.engine.support.hierarchical.NodeTestTask.executeRecursively(NodeTestTask.java:144)
	at org.junit.platform.engine.support.hierarchical.NodeTestTask.execute(NodeTestTask.java:101)
	at org.junit.platform.engine.support.hierarchical.SameThreadHierarchicalTestExecutorService.submit(SameThreadHierarchicalTestExecutorService.java:35)
	at org.junit.platform.engine.support.hierarchical.HierarchicalTestExecutor.execute(HierarchicalTestExecutor.java:57)
	at org.junit.platform.engine.support.hierarchical.HierarchicalTestEngine.execute(HierarchicalTestEngine.java:54)
	at org.junit.platform.launcher.core.EngineExecutionOrchestrator.executeEngine(EngineExecutionOrchestrator.java:230)
	at org.junit.platform.launcher.core.EngineExecutionOrchestrator.failOrExecuteEngine(EngineExecutionOrchestrator.java:204)
	at org.junit.platform.launcher.core.EngineExecutionOrchestrator.execute(EngineExecutionOrchestrator.java:172)
	at org.junit.platform.launcher.core.EngineExecutionOrchestrator.execute(EngineExecutionOrchestrator.java:101)
	at org.junit.platform.launcher.core.EngineExecutionOrchestrator.lambda$execute$0(EngineExecutionOrchestrator.java:64)
	at org.junit.platform.launcher.core.EngineExecutionOrchestrator.withInterceptedStreams(EngineExecutionOrchestrator.java:150)
	at org.junit.platform.launcher.core.EngineExecutionOrchestrator.execute(EngineExecutionOrchestrator.java:63)
	at org.junit.platform.launcher.core.DefaultLauncher.execute(DefaultLauncher.java:109)
	at org.junit.platform.launcher.core.DefaultLauncher.execute(DefaultLauncher.java:91)
	at org.junit.platform.launcher.core.DelegatingLauncher.execute(DelegatingLauncher.java:47)
	at org.junit.platform.launcher.core.InterceptingLauncher.lambda$execute$1(InterceptingLauncher.java:39)
	at org.junit.platform.launcher.core.ClasspathAlignmentCheckingLauncherInterceptor.intercept(ClasspathAlignmentCheckingLauncherInterceptor.java:25)
	at org.junit.platform.launcher.core.InterceptingLauncher.execute(InterceptingLauncher.java:38)
	at org.junit.platform.launcher.core.DelegatingLauncher.execute(DelegatingLauncher.java:47)
	at org.apache.maven.surefire.junitplatform.LazyLauncher.execute(LazyLauncher.java:56)
	at org.apache.maven.surefire.junitplatform.JUnitPlatformProvider.execute(JUnitPlatformProvider.java:184)
	at org.apache.maven.surefire.junitplatform.JUnitPlatformProvider.invokeAllTests(JUnitPlatformProvider.java:148)
	at org.apache.maven.surefire.junitplatform.JUnitPlatformProvider.invoke(JUnitPlatformProvider.java:120)
	at org.apache.maven.surefire.booter.ForkedBooter.runSuitesInProcess(ForkedBooter.java:385)
	at org.apache.maven.surefire.booter.ForkedBooter.execute(ForkedBooter.java:162)
	at org.apache.maven.surefire.booter.ForkedBooter.run(ForkedBooter.java:507)
	at org.apache.maven.surefire.booter.ForkedBooter.main(ForkedBooter.java:495)
2025-10-18 02:35:39,491 [main] INFO  volume.HddsVolume (HddsVolume.java:<init>(162)) - HddsVolume: { id=DS-b035bd66-0b38-4337-a33d-6500bf5f0f26 dir=/tmp/junit-6862905382805155274/7920f96b-71cf-41de-8cde-d06e49b79b06/hdds type=DISK capacity=9222449699674390527 used=0 available=9222449699674390527 minFree=184448985434423296 committed=0 }
2025-10-18 02:35:39,491 [main] INFO  volume.MutableVolumeSet (MutableVolumeSet.java:initializeVolumeSet(175)) - Added Volume : /tmp/junit-6862905382805155274/7920f96b-71cf-41de-8cde-d06e49b79b06/hdds to VolumeSet
2025-10-18 02:35:39,491 [main] WARN  server.ServerUtils (ServerUtils.java:getDefaultRatisDirectory(304)) - Storage directory for Ratis is not configured. It is a good idea to map this to an SSD disk. Falling back to ozone.metadata.dirs
2025-10-18 02:35:39,491 [main] INFO  volume.MutableVolumeSet (MutableVolumeSet.java:initializeVolumeSet(175)) - Added Volume : /tmp/junit-6862905382805155274/ratis to VolumeSet
2025-10-18 02:35:39,492 [main] WARN  db.DBStoreBuilder (DBStoreBuilder.java:getDBDirPath(157)) - ozone.scm.datanode.id.dir is not configured. We recommend adding this setting. Falling back to ozone.metadata.dirs instead.
2025-10-18 02:35:39,492 [main] WARN  db.DBStoreBuilder (DBStoreBuilder.java:getDBDirPath(157)) - ozone.scm.datanode.id.dir is not configured. We recommend adding this setting. Falling back to ozone.metadata.dirs instead.
2025-10-18 02:35:39,506 [main] INFO  impl.FilePerChunkStrategy (FilePerChunkStrategy.java:<init>(79)) - ozone.chunk.read.mapped.buffer.max.count is load with 0
2025-10-18 02:35:39,506 [main] INFO  impl.FilePerBlockStrategy (FilePerBlockStrategy.java:<init>(88)) - ozone.chunk.read.mapped.buffer.max.count is load with 0
2025-10-18 02:35:39,507 [main] INFO  server.RaftServerConfigKeys (ConfUtils.java:logGet(62)) - raft.server.log.appender.buffer.byte-limit = 33554432 (custom)
2025-10-18 02:35:39,507 [main] WARN  server.ServerUtils (ServerUtils.java:getDefaultRatisDirectory(304)) - Storage directory for Ratis is not configured. It is a good idea to map this to an SSD disk. Falling back to ozone.metadata.dirs
2025-10-18 02:35:39,508 [main] INFO  grpc.GrpcConfigKeys (ConfUtils.java:logFallback(69)) - raft.grpc.admin.host = null (fallback to raft.grpc.server.host)
2025-10-18 02:35:39,508 [main] INFO  grpc.GrpcConfigKeys (ConfUtils.java:logFallback(69)) - raft.grpc.client.host = null (fallback to raft.grpc.server.host)
2025-10-18 02:35:39,508 [main] INFO  server.GrpcServicesImpl (ConfUtils.java:logGet(62)) - raft.grpc.message.size.max = 34603008 (custom)
2025-10-18 02:35:39,508 [main] INFO  server.GrpcServicesImpl (ConfUtils.java:logGet(62)) - raft.grpc.flow.control.window = 5MB (=5242880) (custom)
2025-10-18 02:35:39,509 [main] INFO  server.RaftServerConfigKeys (ConfUtils.java:logGet(62)) - raft.server.log.appender.buffer.byte-limit = 33554432 (custom)
2025-10-18 02:35:39,510 [main] INFO  netty.NettyUtils (NettyUtils.java:newEventLoopGroup(74)) - Create EpollEventLoopGroup for c3776f16-ca6d-4be6-bd1f-34dbc26d2d81-NettyServerStreamRpc-bossGroup; Thread size is 0.
2025-10-18 02:35:39,510 [main] INFO  netty.NettyUtils (NettyUtils.java:newEventLoopGroup(74)) - Create EpollEventLoopGroup for c3776f16-ca6d-4be6-bd1f-34dbc26d2d81-NettyServerStreamRpc-workerGroup; Thread size is 0.
2025-10-18 02:35:39,511 [main] INFO  server.RaftServerConfigKeys (ConfUtils.java:logGet(62)) - raft.server.storage.dir = [/tmp/junit-6862905382805155274/ratis] (custom)
2025-10-18 02:35:39,511 [c3776f16-ca6d-4be6-bd1f-34dbc26d2d81-NettyServerStreamRpc-bossGroup--thread1] INFO  logging.LoggingHandler (AbstractInternalLogger.java:log(148)) - [id: 0xf5bca314] REGISTERED
2025-10-18 02:35:39,511 [c3776f16-ca6d-4be6-bd1f-34dbc26d2d81-NettyServerStreamRpc-bossGroup--thread1] INFO  logging.LoggingHandler (AbstractInternalLogger.java:log(148)) - [id: 0xf5bca314] BIND: 0.0.0.0/0.0.0.0:0
2025-10-18 02:35:39,511 [c3776f16-ca6d-4be6-bd1f-34dbc26d2d81-NettyServerStreamRpc-bossGroup--thread1] INFO  logging.LoggingHandler (AbstractInternalLogger.java:log(148)) - [id: 0xf5bca314, L:/0.0.0.0:39149] ACTIVE
2025-10-18 02:35:39,511 [c3776f16-ca6d-4be6-bd1f-34dbc26d2d81-impl-thread1] INFO  server.RaftServer (RaftServerProxy.java:initGroupDir(270)) - c3776f16-ca6d-4be6-bd1f-34dbc26d2d81: found a subdirectory /tmp/junit-6862905382805155274/ratis/tmp
2025-10-18 02:35:39,512 [c3776f16-ca6d-4be6-bd1f-34dbc26d2d81-impl-thread1] INFO  server.RaftServer (RaftServerProxy.java:initGroupDir(275)) - c3776f16-ca6d-4be6-bd1f-34dbc26d2d81: The directory /tmp/junit-6862905382805155274/ratis/tmp is not a group directory; ignoring it. 
2025-10-18 02:35:39,512 [main] INFO  replication.ReplicationServer (ReplicationServer.java:<init>(84)) - Initializing replication server with thread count = 10 queue length = 4096
2025-10-18 02:35:39,512 [main] INFO  server.XceiverServerGrpc (XceiverServerGrpc.java:<init>(129)) - GrpcServer channel type EpollServerSocketChannel
2025-10-18 02:35:39,513 [main] INFO  replication.ReplicationSupervisor (ReplicationSupervisor.java:build(169)) - Initializing replication supervisor with thread count = 10
2025-10-18 02:35:39,514 [main] INFO  replication.ReplicationSupervisor (ReplicationSupervisor.java:nodeStateUpdated(358)) - Node state updated to IN_SERVICE, scaling executor pool size to 10
2025-10-18 02:35:39,520 [c3776f16-ca6d-4be6-bd1f-34dbc26d2d81-ContainerReader-0] INFO  ozoneimpl.ContainerReader (ContainerReader.java:readVolume(147)) - Start to verify containers on volume /tmp/junit-6862905382805155274/7920f96b-71cf-41de-8cde-d06e49b79b06/hdds
2025-10-18 02:35:39,520 [c3776f16-ca6d-4be6-bd1f-34dbc26d2d81-ContainerReader-0] INFO  ozoneimpl.ContainerReader (ContainerReader.java:readVolume(177)) - Finish verifying containers on volume /tmp/junit-6862905382805155274/7920f96b-71cf-41de-8cde-d06e49b79b06/hdds
2025-10-18 02:35:39,521 [main] INFO  ozoneimpl.OzoneContainer (OzoneContainer.java:buildContainerSet(359)) - Build ContainerSet costs 0s
2025-10-18 02:35:39,521 [main] INFO  volume.ThrottledAsyncChecker (ThrottledAsyncChecker.java:schedule(138)) - Scheduling a check for /tmp/junit-6862905382805155274/7920f96b-71cf-41de-8cde-d06e49b79b06/hdds
2025-10-18 02:35:39,521 [main] INFO  volume.StorageVolumeChecker (StorageVolumeChecker.java:checkAllVolumes(231)) - Scheduled health check for volume /tmp/junit-6862905382805155274/7920f96b-71cf-41de-8cde-d06e49b79b06/hdds
2025-10-18 02:35:39,522 [main] INFO  volume.ThrottledAsyncChecker (ThrottledAsyncChecker.java:schedule(138)) - Scheduling a check for /tmp/junit-6862905382805155274/ratis
2025-10-18 02:35:39,522 [main] INFO  volume.StorageVolumeChecker (StorageVolumeChecker.java:checkAllVolumes(231)) - Scheduled health check for volume /tmp/junit-6862905382805155274/ratis
2025-10-18 02:35:39,523 [main] INFO  ozoneimpl.OzoneContainer (OzoneContainer.java:start(544)) - Attempting to start container services.
2025-10-18 02:35:39,524 [ContainerMetadataScanner] INFO  ozoneimpl.AbstractBackgroundContainerScanner (AbstractBackgroundContainerScanner.java:runIteration(89)) - Completed an iteration in 0 minutes. Number of iterations (since the data-node restart) : 1, Number of containers scanned in this iteration : 0, Number of unhealthy containers found in this iteration : 0
2025-10-18 02:35:39,524 [ContainerDataScanner(/tmp/junit-6862905382805155274/7920f96b-71cf-41de-8cde-d06e49b79b06/hdds)] INFO  ozoneimpl.AbstractBackgroundContainerScanner (AbstractBackgroundContainerScanner.java:runIteration(89)) - Completed an iteration in 0 minutes. Number of iterations (since the data-node restart) : 1, Number of containers scanned in this iteration : 0, Number of unhealthy containers found in this iteration : 0
2025-10-18 02:35:39,524 [main] INFO  replication.ReplicationServer (ReplicationServer.java:start(137)) - ReplicationServer is started using port 9886
2025-10-18 02:35:39,524 [main] INFO  ratis.XceiverServerRatis (XceiverServerRatis.java:start(559)) - Starting XceiverServerRatis(c3776f16-ca6d-4be6-bd1f-34dbc26d2d81)
2025-10-18 02:35:39,527 [main] INFO  server.RaftServer (RaftServerProxy.java:startImpl(412)) - c3776f16-ca6d-4be6-bd1f-34dbc26d2d81: start RPC server
2025-10-18 02:35:39,527 [main] INFO  server.GrpcServicesImpl (GrpcServicesImpl.java:startImpl(346)) - c3776f16-ca6d-4be6-bd1f-34dbc26d2d81: GrpcServicesImpl started, listening on 9858
2025-10-18 02:35:39,528 [main] INFO  ratis.XceiverServerRatis (XceiverServerRatis.java:getRealPort(586)) - XceiverServerRatis(c3776f16-ca6d-4be6-bd1f-34dbc26d2d81) is started using port RATIS=9858
2025-10-18 02:35:39,528 [main] INFO  ratis.XceiverServerRatis (XceiverServerRatis.java:getRealPort(586)) - XceiverServerRatis(c3776f16-ca6d-4be6-bd1f-34dbc26d2d81) is started using port RATIS_ADMIN=9858
2025-10-18 02:35:39,528 [JvmPauseMonitor24] INFO  util.JvmPauseMonitor (JvmPauseMonitor.java:run(146)) - JvmPauseMonitor-c3776f16-ca6d-4be6-bd1f-34dbc26d2d81: Started
2025-10-18 02:35:39,528 [main] INFO  ratis.XceiverServerRatis (XceiverServerRatis.java:getRealPort(586)) - XceiverServerRatis(c3776f16-ca6d-4be6-bd1f-34dbc26d2d81) is started using port RATIS_SERVER=9858
2025-10-18 02:35:39,528 [main] INFO  ratis.XceiverServerRatis (XceiverServerRatis.java:getRealPort(586)) - XceiverServerRatis(c3776f16-ca6d-4be6-bd1f-34dbc26d2d81) is started using port RATIS_DATASTREAM=39149
2025-10-18 02:35:39,529 [main] INFO  utils.BackgroundService (BackgroundService.java:start(119)) - Starting service BlockDeletingService with interval 60000 milliseconds
2025-10-18 02:35:39,529 [main] INFO  utils.BackgroundService (BackgroundService.java:start(119)) - Starting service StaleRecoveringContainerScrubbingService with interval 60000 milliseconds
2025-10-18 02:35:39,530 [main] INFO  upgrade.UpgradeFinalizer (BasicUpgradeFinalizer.java:logAndEmit(395)) - Finalization started.
2025-10-18 02:35:39,530 [main] INFO  upgrade.UpgradeFinalizer (BasicUpgradeFinalizer.java:runFinalizationAction(270)) - Running finalization actions for layout feature: DATANODE_SCHEMA_V3
2025-10-18 02:35:39,530 [main] INFO  upgrade.DatanodeSchemaV3FinalizeAction (DatanodeSchemaV3FinalizeAction.java:execute(49)) - Upgrading Datanode volume layout for Schema V3 support.
2025-10-18 02:35:39,552 [main] INFO  utils.DatanodeStoreCache (DatanodeStoreCache.java:addDB(70)) - Added db /tmp/junit-6862905382805155274/7920f96b-71cf-41de-8cde-d06e49b79b06/hdds/clusterID/DS-ce71e0f9-79cb-45ac-9624-4583143e6f8e/container.db to cache
2025-10-18 02:35:39,552 [main] INFO  volume.HddsVolume (HddsVolume.java:createDbStore(576)) - SchemaV3 db is created and loaded at /tmp/junit-6862905382805155274/7920f96b-71cf-41de-8cde-d06e49b79b06/hdds/clusterID/DS-ce71e0f9-79cb-45ac-9624-4583143e6f8e/container.db for volume DS-ce71e0f9-79cb-45ac-9624-4583143e6f8e
2025-10-18 02:35:39,553 [main] INFO  utils.DatanodeStoreCache (DatanodeStoreCache.java:removeDB(104)) - Removed db /tmp/junit-6862905382805155274/7920f96b-71cf-41de-8cde-d06e49b79b06/hdds/clusterID/DS-ce71e0f9-79cb-45ac-9624-4583143e6f8e/container.db from cache
2025-10-18 02:35:39,553 [main] INFO  volume.HddsVolume (HddsVolume.java:closeDbStore(609)) - SchemaV3 db is stopped at /tmp/junit-6862905382805155274/7920f96b-71cf-41de-8cde-d06e49b79b06/hdds/clusterID/DS-ce71e0f9-79cb-45ac-9624-4583143e6f8e/container.db for volume DS-ce71e0f9-79cb-45ac-9624-4583143e6f8e
2025-10-18 02:35:39,553 [main] INFO  upgrade.DatanodeSchemaV3FinalizeAction (DatanodeSchemaV3FinalizeAction.java:execute(75)) - Schema V3 is disabled. Won't load RocksDB in upgrade.
2025-10-18 02:35:39,554 [main] INFO  upgrade.AbstractLayoutVersionManager (AbstractLayoutVersionManager.java:finalized(124)) - Layout feature DATANODE_SCHEMA_V3 has been finalized.
2025-10-18 02:35:39,554 [main] INFO  upgrade.UpgradeFinalizer (BasicUpgradeFinalizer.java:logAndEmit(395)) - No onFinalize work defined for feature: RATIS_DATASTREAM_PORT_IN_DATANODEDETAILS.
2025-10-18 02:35:39,555 [main] INFO  upgrade.AbstractLayoutVersionManager (AbstractLayoutVersionManager.java:finalized(124)) - Layout feature RATIS_DATASTREAM_PORT_IN_DATANODEDETAILS has been finalized.
2025-10-18 02:35:39,555 [main] INFO  upgrade.UpgradeFinalizer (BasicUpgradeFinalizer.java:logAndEmit(395)) - No onFinalize work defined for feature: WEBUI_PORTS_IN_DATANODEDETAILS.
2025-10-18 02:35:39,556 [main] INFO  upgrade.AbstractLayoutVersionManager (AbstractLayoutVersionManager.java:finalized(124)) - Layout feature WEBUI_PORTS_IN_DATANODEDETAILS has been finalized.
2025-10-18 02:35:39,556 [main] INFO  upgrade.UpgradeFinalizer (BasicUpgradeFinalizer.java:logAndEmit(395)) - No onFinalize work defined for feature: HADOOP_PRC_PORTS_IN_DATANODEDETAILS.
2025-10-18 02:35:39,557 [main] INFO  upgrade.AbstractLayoutVersionManager (AbstractLayoutVersionManager.java:finalized(124)) - Layout feature HADOOP_PRC_PORTS_IN_DATANODEDETAILS has been finalized.
2025-10-18 02:35:39,557 [main] INFO  upgrade.UpgradeFinalizer (BasicUpgradeFinalizer.java:logAndEmit(395)) - No onFinalize work defined for feature: HBASE_SUPPORT.
2025-10-18 02:35:39,558 [main] INFO  upgrade.AbstractLayoutVersionManager (AbstractLayoutVersionManager.java:finalized(124)) - Layout feature HBASE_SUPPORT has been finalized.
2025-10-18 02:35:39,559 [main] INFO  upgrade.UpgradeFinalizer (BasicUpgradeFinalizer.java:runFinalizationAction(270)) - Running finalization actions for layout feature: WITNESSED_CONTAINER_DB_PROTO_VALUE
2025-10-18 02:35:39,559 [main] INFO  upgrade.ContainerTableSchemaFinalizeAction (ContainerTableSchemaFinalizeAction.java:execute(71)) - Finished copy to containerIdsTable from previous table
2025-10-18 02:35:39,560 [main] INFO  upgrade.AbstractLayoutVersionManager (AbstractLayoutVersionManager.java:finalized(124)) - Layout feature WITNESSED_CONTAINER_DB_PROTO_VALUE has been finalized.
2025-10-18 02:35:39,560 [main] INFO  upgrade.AbstractLayoutVersionManager (AbstractLayoutVersionManager.java:finalized(126)) - Finalization is complete.
2025-10-18 02:35:39,560 [main] INFO  upgrade.UpgradeFinalizer (BasicUpgradeFinalizer.java:logAndEmit(395)) - Finalization is done.
2025-10-18 02:35:39,561 [main] INFO  ozoneimpl.OzoneContainer (OzoneContainer.java:stop(568)) - Attempting to stop container services.
2025-10-18 02:35:39,561 [ContainerMetadataScanner] WARN  ozoneimpl.AbstractBackgroundContainerScanner (AbstractBackgroundContainerScanner.java:handleRemainingSleep(136)) - Background container scan was interrupted.
2025-10-18 02:35:39,561 [ContainerMetadataScanner] INFO  ozoneimpl.AbstractBackgroundContainerScanner (AbstractBackgroundContainerScanner.java:run(63)) - org.apache.hadoop.ozone.container.ozoneimpl.BackgroundContainerMetadataScanner@327a5c84 exiting.
2025-10-18 02:35:39,561 [main] INFO  ozoneimpl.BackgroundContainerDataScanner (BackgroundContainerDataScanner.java:shutdown(87)) - ContainerDataScanner(/tmp/junit-6862905382805155274/7920f96b-71cf-41de-8cde-d06e49b79b06/hdds) is shutting down. 
2025-10-18 02:35:39,561 [ContainerDataScanner(/tmp/junit-6862905382805155274/7920f96b-71cf-41de-8cde-d06e49b79b06/hdds)] WARN  ozoneimpl.AbstractBackgroundContainerScanner (AbstractBackgroundContainerScanner.java:handleRemainingSleep(136)) - Background container scan was interrupted.
2025-10-18 02:35:39,561 [ContainerDataScanner(/tmp/junit-6862905382805155274/7920f96b-71cf-41de-8cde-d06e49b79b06/hdds)] INFO  ozoneimpl.AbstractBackgroundContainerScanner (AbstractBackgroundContainerScanner.java:run(63)) - ContainerDataScanner(/tmp/junit-6862905382805155274/7920f96b-71cf-41de-8cde-d06e49b79b06/hdds, DS-ce71e0f9-79cb-45ac-9624-4583143e6f8e) exiting.
2025-10-18 02:35:39,561 [main] INFO  ozoneimpl.OnDemandContainerScanner (OnDemandContainerScanner.java:shutdown(141)) - On-demand container scanner is shutting down.
2025-10-18 02:35:39,562 [main] INFO  ratis.XceiverServerRatis (XceiverServerRatis.java:stop(594)) - Closing XceiverServerRatis(c3776f16-ca6d-4be6-bd1f-34dbc26d2d81)
2025-10-18 02:35:39,562 [main] INFO  server.RaftServer (RaftServerProxy.java:lambda$close$9(422)) - c3776f16-ca6d-4be6-bd1f-34dbc26d2d81: close
2025-10-18 02:35:39,562 [main] INFO  server.GrpcServicesImpl (GrpcServicesImpl.java:closeImpl(355)) - c3776f16-ca6d-4be6-bd1f-34dbc26d2d81: shutdown server GrpcServerProtocolService now
2025-10-18 02:35:39,562 [main] INFO  server.GrpcServicesImpl (GrpcServicesImpl.java:closeImpl(364)) - c3776f16-ca6d-4be6-bd1f-34dbc26d2d81: shutdown server GrpcServerProtocolService successfully
2025-10-18 02:35:39,563 [c3776f16-ca6d-4be6-bd1f-34dbc26d2d81-NettyServerStreamRpc-bossGroup--thread1] INFO  logging.LoggingHandler (AbstractInternalLogger.java:log(148)) - [id: 0xf5bca314, L:/0.0.0.0:39149] CLOSE
2025-10-18 02:35:39,563 [c3776f16-ca6d-4be6-bd1f-34dbc26d2d81-NettyServerStreamRpc-bossGroup--thread1] INFO  logging.LoggingHandler (AbstractInternalLogger.java:log(148)) - [id: 0xf5bca314, L:/0.0.0.0:39149] INACTIVE
2025-10-18 02:35:39,563 [c3776f16-ca6d-4be6-bd1f-34dbc26d2d81-NettyServerStreamRpc-bossGroup--thread1] INFO  logging.LoggingHandler (AbstractInternalLogger.java:log(148)) - [id: 0xf5bca314, L:/0.0.0.0:39149] UNREGISTERED
2025-10-18 02:35:39,566 [JvmPauseMonitor24] INFO  util.JvmPauseMonitor (JvmPauseMonitor.java:run(152)) - JvmPauseMonitor-c3776f16-ca6d-4be6-bd1f-34dbc26d2d81: Stopped
2025-10-18 02:35:41,569 [main] INFO  utils.BackgroundService (BackgroundService.java:shutdown(195)) - Shutting down service BlockDeletingService
2025-10-18 02:35:41,570 [main] INFO  utils.BackgroundService (BackgroundService.java:shutdown(195)) - Shutting down service StaleRecoveringContainerScrubbingService
2025-10-18 02:35:41,571 [main] INFO  upgrade.AbstractLayoutVersionManager (AbstractLayoutVersionManager.java:init(80)) - Initializing Layout version manager with metadata layout = WITNESSED_CONTAINER_DB_PROTO_VALUE (version = 9), software layout = WITNESSED_CONTAINER_DB_PROTO_VALUE (version = 9)
2025-10-18 02:35:41,572 [main] INFO  statemachine.DatanodeStateMachine (DatanodeStateMachine.java:getEndPointTaskThreadPoolSize(321)) - Datanode State Machine Task Thread Pool size 2
2025-10-18 02:35:41,573 [main] INFO  volume.HddsVolume (HddsVolume.java:<init>(162)) - HddsVolume: { id=ae583723-7913-48e0-aeb9-eb05307291c0 dir=/home/runner/work/ozone/ozone/hadoop-hdds/container-service/file:/home/runner/work/ozone/ozone/hadoop-hdds/container-service/target/tmp/dfs/data type=DISK failed }
2025-10-18 02:35:41,574 [main] ERROR volume.MutableVolumeSet (MutableVolumeSet.java:initializeVolumeSet(194)) - Failed to parse the storage location: file:///home/runner/work/ozone/ozone/hadoop-hdds/container-service/target/tmp/dfs/data
org.apache.hadoop.ozone.common.InconsistentStorageStateException: Mismatched DatanodeUUIDs. Version File : /home/runner/work/ozone/ozone/hadoop-hdds/container-service/target/tmp/dfs/data/hdds/VERSION has datanodeUuid: c3d05b50-810d-4b78-be46-d77415fe1b4d and Datanode has datanodeUuid: c3776f16-ca6d-4be6-bd1f-34dbc26d2d81
	at org.apache.hadoop.ozone.container.common.utils.StorageVolumeUtil.getDatanodeUUID(StorageVolumeUtil.java:122)
	at org.apache.hadoop.ozone.container.common.volume.StorageVolume.readVersionFile(StorageVolume.java:385)
	at org.apache.hadoop.ozone.container.common.volume.StorageVolume.initializeImpl(StorageVolume.java:240)
	at org.apache.hadoop.ozone.container.common.volume.StorageVolume.initialize(StorageVolume.java:215)
	at org.apache.hadoop.ozone.container.common.volume.HddsVolume.<init>(HddsVolume.java:151)
	at org.apache.hadoop.ozone.container.common.volume.HddsVolume.<init>(HddsVolume.java:80)
	at org.apache.hadoop.ozone.container.common.volume.HddsVolume$Builder.build(HddsVolume.java:130)
	at org.apache.hadoop.ozone.container.common.volume.HddsVolumeFactory.createVolume(HddsVolumeFactory.java:46)
	at org.apache.hadoop.ozone.container.common.volume.MutableVolumeSet.initializeVolumeSet(MutableVolumeSet.java:172)
	at org.apache.hadoop.ozone.container.common.volume.MutableVolumeSet.<init>(MutableVolumeSet.java:130)
	at org.apache.hadoop.ozone.container.common.volume.MutableVolumeSet.<init>(MutableVolumeSet.java:92)
	at org.apache.hadoop.ozone.container.ozoneimpl.OzoneContainer.<init>(OzoneContainer.java:170)
	at org.apache.hadoop.ozone.container.common.statemachine.DatanodeStateMachine.<init>(DatanodeStateMachine.java:191)
	at org.apache.hadoop.ozone.container.common.statemachine.DatanodeStateMachine.<init>(DatanodeStateMachine.java:305)
	at org.apache.hadoop.ozone.container.upgrade.UpgradeTestHelper.restartDatanode(UpgradeTestHelper.java:108)
	at org.apache.hadoop.ozone.container.upgrade.TestDatanodeUpgradeToSchemaV3.testAddDbVolumeAfterFinalize(TestDatanodeUpgradeToSchemaV3.java:328)
	at java.base/jdk.internal.reflect.DirectMethodHandleAccessor.invoke(DirectMethodHandleAccessor.java:103)
	at java.base/java.lang.reflect.Method.invoke(Method.java:580)
	at org.junit.platform.commons.util.ReflectionUtils.invokeMethod(ReflectionUtils.java:786)
	at org.junit.platform.commons.support.ReflectionSupport.invokeMethod(ReflectionSupport.java:514)
	at org.junit.jupiter.engine.execution.MethodInvocation.proceed(MethodInvocation.java:60)
	at org.junit.jupiter.engine.execution.InvocationInterceptorChain$ValidatingInvocation.proceed(InvocationInterceptorChain.java:131)
	at org.junit.jupiter.engine.extension.SameThreadTimeoutInvocation.proceed(SameThreadTimeoutInvocation.java:49)
	at org.junit.jupiter.engine.extension.TimeoutExtension.intercept(TimeoutExtension.java:161)
	at org.junit.jupiter.engine.extension.TimeoutExtension.interceptTestableMethod(TimeoutExtension.java:152)
	at org.junit.jupiter.engine.extension.TimeoutExtension.interceptTestTemplateMethod(TimeoutExtension.java:99)
	at org.junit.jupiter.engine.execution.InterceptingExecutableInvoker$ReflectiveInterceptorCall.lambda$ofVoidMethod$0(InterceptingExecutableInvoker.java:112)
	at org.junit.jupiter.engine.execution.InterceptingExecutableInvoker.lambda$invoke$0(InterceptingExecutableInvoker.java:94)
	at org.junit.jupiter.engine.execution.InvocationInterceptorChain$InterceptedInvocation.proceed(InvocationInterceptorChain.java:106)
	at org.junit.jupiter.engine.execution.InvocationInterceptorChain.proceed(InvocationInterceptorChain.java:64)
	at org.junit.jupiter.engine.execution.InvocationInterceptorChain.chainAndInvoke(InvocationInterceptorChain.java:45)
	at org.junit.jupiter.engine.execution.InvocationInterceptorChain.invoke(InvocationInterceptorChain.java:37)
	at org.junit.jupiter.engine.execution.InterceptingExecutableInvoker.invoke(InterceptingExecutableInvoker.java:93)
	at org.junit.jupiter.engine.execution.InterceptingExecutableInvoker.invoke(InterceptingExecutableInvoker.java:87)
	at org.junit.jupiter.engine.descriptor.TestMethodTestDescriptor.lambda$invokeTestMethod$4(TestMethodTestDescriptor.java:221)
	at org.junit.platform.engine.support.hierarchical.ThrowableCollector.execute(ThrowableCollector.java:73)
	at org.junit.jupiter.engine.descriptor.TestMethodTestDescriptor.invokeTestMethod(TestMethodTestDescriptor.java:217)
	at org.junit.jupiter.engine.descriptor.TestMethodTestDescriptor.execute(TestMethodTestDescriptor.java:159)
	at org.junit.jupiter.engine.descriptor.TestMethodTestDescriptor.execute(TestMethodTestDescriptor.java:70)
	at org.junit.platform.engine.support.hierarchical.NodeTestTask.lambda$executeRecursively$6(NodeTestTask.java:157)
	at org.junit.platform.engine.support.hierarchical.ThrowableCollector.execute(ThrowableCollector.java:73)
	at org.junit.platform.engine.support.hierarchical.NodeTestTask.lambda$executeRecursively$8(NodeTestTask.java:147)
	at org.junit.platform.engine.support.hierarchical.Node.around(Node.java:137)
	at org.junit.platform.engine.support.hierarchical.NodeTestTask.lambda$executeRecursively$9(NodeTestTask.java:145)
	at org.junit.platform.engine.support.hierarchical.ThrowableCollector.execute(ThrowableCollector.java:73)
	at org.junit.platform.engine.support.hierarchical.NodeTestTask.executeRecursively(NodeTestTask.java:144)
	at org.junit.platform.engine.support.hierarchical.NodeTestTask.execute(NodeTestTask.java:101)
	at org.junit.platform.engine.support.hierarchical.SameThreadHierarchicalTestExecutorService.submit(SameThreadHierarchicalTestExecutorService.java:35)
	at org.junit.platform.engine.support.hierarchical.NodeTestTask$DefaultDynamicTestExecutor.execute(NodeTestTask.java:232)
	at org.junit.platform.engine.support.hierarchical.NodeTestTask$DefaultDynamicTestExecutor.execute(NodeTestTask.java:210)
	at org.junit.jupiter.engine.descriptor.TemplateExecutor.execute(TemplateExecutor.java:98)
	at org.junit.jupiter.engine.descriptor.TemplateExecutor.lambda$executeForProvider$0(TemplateExecutor.java:61)
	at java.base/java.util.Optional.ifPresent(Optional.java:178)
	at org.junit.jupiter.engine.descriptor.TemplateExecutor.lambda$executeForProvider$1(TemplateExecutor.java:61)
	at java.base/java.util.stream.ForEachOps$ForEachOp$OfRef.accept(ForEachOps.java:184)
	at java.base/java.util.stream.ReferencePipeline$3$1.accept(ReferencePipeline.java:197)
	at java.base/java.util.stream.ForEachOps$ForEachOp$OfRef.accept(ForEachOps.java:184)
	at java.base/java.util.stream.ForEachOps$ForEachOp$OfRef.accept(ForEachOps.java:184)
	at java.base/java.util.stream.ReferencePipeline$3$1.accept(ReferencePipeline.java:197)
	at java.base/java.util.Spliterators$ArraySpliterator.forEachRemaining(Spliterators.java:1024)
	at java.base/java.util.stream.AbstractPipeline.copyInto(AbstractPipeline.java:509)
	at java.base/java.util.stream.AbstractPipeline.wrapAndCopyInto(AbstractPipeline.java:499)
	at java.base/java.util.stream.ForEachOps$ForEachOp.evaluateSequential(ForEachOps.java:151)
	at java.base/java.util.stream.ForEachOps$ForEachOp$OfRef.evaluateSequential(ForEachOps.java:174)
	at java.base/java.util.stream.AbstractPipeline.evaluate(AbstractPipeline.java:234)
	at java.base/java.util.stream.ReferencePipeline.forEach(ReferencePipeline.java:596)
	at java.base/java.util.stream.ReferencePipeline$7$1.accept(ReferencePipeline.java:276)
	at java.base/java.util.ArrayList$ArrayListSpliterator.forEachRemaining(ArrayList.java:1708)
	at java.base/java.util.stream.AbstractPipeline.copyInto(AbstractPipeline.java:509)
	at java.base/java.util.stream.AbstractPipeline.wrapAndCopyInto(AbstractPipeline.java:499)
	at java.base/java.util.stream.ForEachOps$ForEachOp.evaluateSequential(ForEachOps.java:151)
	at java.base/java.util.stream.ForEachOps$ForEachOp$OfRef.evaluateSequential(ForEachOps.java:174)
	at java.base/java.util.stream.AbstractPipeline.evaluate(AbstractPipeline.java:234)
	at java.base/java.util.stream.ReferencePipeline.forEach(ReferencePipeline.java:596)
	at java.base/java.util.stream.ReferencePipeline$7$1.accept(ReferencePipeline.java:276)
	at java.base/java.util.stream.ReferencePipeline$3$1.accept(ReferencePipeline.java:197)
	at java.base/java.util.stream.ReferencePipeline$3$1.accept(ReferencePipeline.java:197)
	at java.base/java.util.stream.ReferencePipeline$3$1.accept(ReferencePipeline.java:197)
	at java.base/java.util.ArrayList$ArrayListSpliterator.forEachRemaining(ArrayList.java:1708)
	at java.base/java.util.stream.AbstractPipeline.copyInto(AbstractPipeline.java:509)
	at java.base/java.util.stream.AbstractPipeline.wrapAndCopyInto(AbstractPipeline.java:499)
	at java.base/java.util.stream.ForEachOps$ForEachOp.evaluateSequential(ForEachOps.java:151)
	at java.base/java.util.stream.ForEachOps$ForEachOp$OfRef.evaluateSequential(ForEachOps.java:174)
	at java.base/java.util.stream.AbstractPipeline.evaluate(AbstractPipeline.java:234)
	at java.base/java.util.stream.ReferencePipeline.forEach(ReferencePipeline.java:596)
	at org.junit.jupiter.engine.descriptor.TemplateExecutor.executeForProvider(TemplateExecutor.java:59)
	at org.junit.jupiter.engine.descriptor.TemplateExecutor.execute(TemplateExecutor.java:48)
	at org.junit.jupiter.engine.descriptor.TestTemplateTestDescriptor.execute(TestTemplateTestDescriptor.java:112)
	at org.junit.jupiter.engine.descriptor.TestTemplateTestDescriptor.execute(TestTemplateTestDescriptor.java:40)
	at org.junit.platform.engine.support.hierarchical.NodeTestTask.lambda$executeRecursively$6(NodeTestTask.java:157)
	at org.junit.platform.engine.support.hierarchical.ThrowableCollector.execute(ThrowableCollector.java:73)
	at org.junit.platform.engine.support.hierarchical.NodeTestTask.lambda$executeRecursively$8(NodeTestTask.java:147)
	at org.junit.platform.engine.support.hierarchical.Node.around(Node.java:137)
	at org.junit.platform.engine.support.hierarchical.NodeTestTask.lambda$executeRecursively$9(NodeTestTask.java:145)
	at org.junit.platform.engine.support.hierarchical.ThrowableCollector.execute(ThrowableCollector.java:73)
	at org.junit.platform.engine.support.hierarchical.NodeTestTask.executeRecursively(NodeTestTask.java:144)
	at org.junit.platform.engine.support.hierarchical.NodeTestTask.execute(NodeTestTask.java:101)
	at java.base/java.util.ArrayList.forEach(ArrayList.java:1596)
	at org.junit.platform.engine.support.hierarchical.SameThreadHierarchicalTestExecutorService.invokeAll(SameThreadHierarchicalTestExecutorService.java:41)
	at org.junit.platform.engine.support.hierarchical.NodeTestTask.lambda$executeRecursively$6(NodeTestTask.java:161)
	at org.junit.platform.engine.support.hierarchical.ThrowableCollector.execute(ThrowableCollector.java:73)
	at org.junit.platform.engine.support.hierarchical.NodeTestTask.lambda$executeRecursively$8(NodeTestTask.java:147)
	at org.junit.platform.engine.support.hierarchical.Node.around(Node.java:137)
	at org.junit.platform.engine.support.hierarchical.NodeTestTask.lambda$executeRecursively$9(NodeTestTask.java:145)
	at org.junit.platform.engine.support.hierarchical.ThrowableCollector.execute(ThrowableCollector.java:73)
	at org.junit.platform.engine.support.hierarchical.NodeTestTask.executeRecursively(NodeTestTask.java:144)
	at org.junit.platform.engine.support.hierarchical.NodeTestTask.execute(NodeTestTask.java:101)
	at java.base/java.util.ArrayList.forEach(ArrayList.java:1596)
	at org.junit.platform.engine.support.hierarchical.SameThreadHierarchicalTestExecutorService.invokeAll(SameThreadHierarchicalTestExecutorService.java:41)
	at org.junit.platform.engine.support.hierarchical.NodeTestTask.lambda$executeRecursively$6(NodeTestTask.java:161)
	at org.junit.platform.engine.support.hierarchical.ThrowableCollector.execute(ThrowableCollector.java:73)
	at org.junit.platform.engine.support.hierarchical.NodeTestTask.lambda$executeRecursively$8(NodeTestTask.java:147)
	at org.junit.platform.engine.support.hierarchical.Node.around(Node.java:137)
	at org.junit.platform.engine.support.hierarchical.NodeTestTask.lambda$executeRecursively$9(NodeTestTask.java:145)
	at org.junit.platform.engine.support.hierarchical.ThrowableCollector.execute(ThrowableCollector.java:73)
	at org.junit.platform.engine.support.hierarchical.NodeTestTask.executeRecursively(NodeTestTask.java:144)
	at org.junit.platform.engine.support.hierarchical.NodeTestTask.execute(NodeTestTask.java:101)
	at org.junit.platform.engine.support.hierarchical.SameThreadHierarchicalTestExecutorService.submit(SameThreadHierarchicalTestExecutorService.java:35)
	at org.junit.platform.engine.support.hierarchical.HierarchicalTestExecutor.execute(HierarchicalTestExecutor.java:57)
	at org.junit.platform.engine.support.hierarchical.HierarchicalTestEngine.execute(HierarchicalTestEngine.java:54)
	at org.junit.platform.launcher.core.EngineExecutionOrchestrator.executeEngine(EngineExecutionOrchestrator.java:230)
	at org.junit.platform.launcher.core.EngineExecutionOrchestrator.failOrExecuteEngine(EngineExecutionOrchestrator.java:204)
	at org.junit.platform.launcher.core.EngineExecutionOrchestrator.execute(EngineExecutionOrchestrator.java:172)
	at org.junit.platform.launcher.core.EngineExecutionOrchestrator.execute(EngineExecutionOrchestrator.java:101)
	at org.junit.platform.launcher.core.EngineExecutionOrchestrator.lambda$execute$0(EngineExecutionOrchestrator.java:64)
	at org.junit.platform.launcher.core.EngineExecutionOrchestrator.withInterceptedStreams(EngineExecutionOrchestrator.java:150)
	at org.junit.platform.launcher.core.EngineExecutionOrchestrator.execute(EngineExecutionOrchestrator.java:63)
	at org.junit.platform.launcher.core.DefaultLauncher.execute(DefaultLauncher.java:109)
	at org.junit.platform.launcher.core.DefaultLauncher.execute(DefaultLauncher.java:91)
	at org.junit.platform.launcher.core.DelegatingLauncher.execute(DelegatingLauncher.java:47)
	at org.junit.platform.launcher.core.InterceptingLauncher.lambda$execute$1(InterceptingLauncher.java:39)
	at org.junit.platform.launcher.core.ClasspathAlignmentCheckingLauncherInterceptor.intercept(ClasspathAlignmentCheckingLauncherInterceptor.java:25)
	at org.junit.platform.launcher.core.InterceptingLauncher.execute(InterceptingLauncher.java:38)
	at org.junit.platform.launcher.core.DelegatingLauncher.execute(DelegatingLauncher.java:47)
	at org.apache.maven.surefire.junitplatform.LazyLauncher.execute(LazyLauncher.java:56)
	at org.apache.maven.surefire.junitplatform.JUnitPlatformProvider.execute(JUnitPlatformProvider.java:184)
	at org.apache.maven.surefire.junitplatform.JUnitPlatformProvider.invokeAllTests(JUnitPlatformProvider.java:148)
	at org.apache.maven.surefire.junitplatform.JUnitPlatformProvider.invoke(JUnitPlatformProvider.java:120)
	at org.apache.maven.surefire.booter.ForkedBooter.runSuitesInProcess(ForkedBooter.java:385)
	at org.apache.maven.surefire.booter.ForkedBooter.execute(ForkedBooter.java:162)
	at org.apache.maven.surefire.booter.ForkedBooter.run(ForkedBooter.java:507)
	at org.apache.maven.surefire.booter.ForkedBooter.main(ForkedBooter.java:495)
2025-10-18 02:35:41,575 [main] INFO  volume.HddsVolume (HddsVolume.java:<init>(162)) - HddsVolume: { id=DS-ce71e0f9-79cb-45ac-9624-4583143e6f8e dir=/tmp/junit-6862905382805155274/7920f96b-71cf-41de-8cde-d06e49b79b06/hdds type=DISK capacity=9222449699674390527 used=0 available=9222449699674390527 minFree=184448985434423296 committed=0 }
2025-10-18 02:35:41,575 [main] INFO  volume.MutableVolumeSet (MutableVolumeSet.java:initializeVolumeSet(175)) - Added Volume : /tmp/junit-6862905382805155274/7920f96b-71cf-41de-8cde-d06e49b79b06/hdds to VolumeSet
2025-10-18 02:35:41,575 [main] WARN  server.ServerUtils (ServerUtils.java:getDefaultRatisDirectory(304)) - Storage directory for Ratis is not configured. It is a good idea to map this to an SSD disk. Falling back to ozone.metadata.dirs
2025-10-18 02:35:41,575 [main] INFO  volume.MutableVolumeSet (MutableVolumeSet.java:initializeVolumeSet(175)) - Added Volume : /tmp/junit-6862905382805155274/ratis to VolumeSet
2025-10-18 02:35:41,576 [main] INFO  volume.DbVolume (DbVolume.java:<init>(63)) - DbVolume: { id=DS-cab06535-6210-4108-a6f3-add85756e98e dir=/tmp/junit-6862905382805155274/ad6d9486-ecec-44db-9e28-62ef7c6d4b1e/db type=DISK capacity=9222449699674390527 used=0 available=9222449699674390527 minFree=0 committed=0 }
2025-10-18 02:35:41,576 [main] INFO  volume.MutableVolumeSet (MutableVolumeSet.java:initializeVolumeSet(175)) - Added Volume : /tmp/junit-6862905382805155274/ad6d9486-ecec-44db-9e28-62ef7c6d4b1e/db to VolumeSet
2025-10-18 02:35:41,577 [main] WARN  db.DBStoreBuilder (DBStoreBuilder.java:getDBDirPath(157)) - ozone.scm.datanode.id.dir is not configured. We recommend adding this setting. Falling back to ozone.metadata.dirs instead.
2025-10-18 02:35:41,577 [main] WARN  db.DBStoreBuilder (DBStoreBuilder.java:getDBDirPath(157)) - ozone.scm.datanode.id.dir is not configured. We recommend adding this setting. Falling back to ozone.metadata.dirs instead.
2025-10-18 02:35:41,586 [main] INFO  impl.FilePerChunkStrategy (FilePerChunkStrategy.java:<init>(79)) - ozone.chunk.read.mapped.buffer.max.count is load with 0
2025-10-18 02:35:41,586 [main] INFO  impl.FilePerBlockStrategy (FilePerBlockStrategy.java:<init>(88)) - ozone.chunk.read.mapped.buffer.max.count is load with 0
2025-10-18 02:35:41,586 [main] INFO  server.RaftServerConfigKeys (ConfUtils.java:logGet(62)) - raft.server.log.appender.buffer.byte-limit = 33554432 (custom)
2025-10-18 02:35:41,587 [main] WARN  server.ServerUtils (ServerUtils.java:getDefaultRatisDirectory(304)) - Storage directory for Ratis is not configured. It is a good idea to map this to an SSD disk. Falling back to ozone.metadata.dirs
2025-10-18 02:35:41,588 [main] INFO  grpc.GrpcConfigKeys (ConfUtils.java:logFallback(69)) - raft.grpc.admin.host = null (fallback to raft.grpc.server.host)
2025-10-18 02:35:41,588 [main] INFO  grpc.GrpcConfigKeys (ConfUtils.java:logFallback(69)) - raft.grpc.client.host = null (fallback to raft.grpc.server.host)
2025-10-18 02:35:41,588 [main] INFO  server.GrpcServicesImpl (ConfUtils.java:logGet(62)) - raft.grpc.message.size.max = 34603008 (custom)
2025-10-18 02:35:41,588 [main] INFO  server.GrpcServicesImpl (ConfUtils.java:logGet(62)) - raft.grpc.flow.control.window = 5MB (=5242880) (custom)
2025-10-18 02:35:41,588 [main] INFO  server.RaftServerConfigKeys (ConfUtils.java:logGet(62)) - raft.server.log.appender.buffer.byte-limit = 33554432 (custom)
2025-10-18 02:35:41,589 [main] INFO  netty.NettyUtils (NettyUtils.java:newEventLoopGroup(74)) - Create EpollEventLoopGroup for c3776f16-ca6d-4be6-bd1f-34dbc26d2d81-NettyServerStreamRpc-bossGroup; Thread size is 0.
2025-10-18 02:35:41,590 [main] INFO  netty.NettyUtils (NettyUtils.java:newEventLoopGroup(74)) - Create EpollEventLoopGroup for c3776f16-ca6d-4be6-bd1f-34dbc26d2d81-NettyServerStreamRpc-workerGroup; Thread size is 0.
2025-10-18 02:35:41,591 [c3776f16-ca6d-4be6-bd1f-34dbc26d2d81-NettyServerStreamRpc-bossGroup--thread1] INFO  logging.LoggingHandler (AbstractInternalLogger.java:log(148)) - [id: 0x5cf9e6d1] REGISTERED
2025-10-18 02:35:41,591 [c3776f16-ca6d-4be6-bd1f-34dbc26d2d81-NettyServerStreamRpc-bossGroup--thread1] INFO  logging.LoggingHandler (AbstractInternalLogger.java:log(148)) - [id: 0x5cf9e6d1] BIND: 0.0.0.0/0.0.0.0:0
2025-10-18 02:35:41,591 [c3776f16-ca6d-4be6-bd1f-34dbc26d2d81-NettyServerStreamRpc-bossGroup--thread1] INFO  logging.LoggingHandler (AbstractInternalLogger.java:log(148)) - [id: 0x5cf9e6d1, L:/0.0.0.0:38889] ACTIVE
2025-10-18 02:35:41,591 [c3776f16-ca6d-4be6-bd1f-34dbc26d2d81-impl-thread1] INFO  server.RaftServer (RaftServerProxy.java:initGroupDir(270)) - c3776f16-ca6d-4be6-bd1f-34dbc26d2d81: found a subdirectory /tmp/junit-6862905382805155274/ratis/tmp
2025-10-18 02:35:41,591 [c3776f16-ca6d-4be6-bd1f-34dbc26d2d81-impl-thread1] INFO  server.RaftServer (RaftServerProxy.java:initGroupDir(275)) - c3776f16-ca6d-4be6-bd1f-34dbc26d2d81: The directory /tmp/junit-6862905382805155274/ratis/tmp is not a group directory; ignoring it. 
2025-10-18 02:35:41,591 [main] INFO  replication.ReplicationServer (ReplicationServer.java:<init>(84)) - Initializing replication server with thread count = 10 queue length = 4096
2025-10-18 02:35:41,592 [main] INFO  server.XceiverServerGrpc (XceiverServerGrpc.java:<init>(129)) - GrpcServer channel type EpollServerSocketChannel
2025-10-18 02:35:41,593 [main] INFO  replication.ReplicationSupervisor (ReplicationSupervisor.java:build(169)) - Initializing replication supervisor with thread count = 10
2025-10-18 02:35:41,593 [main] INFO  replication.ReplicationSupervisor (ReplicationSupervisor.java:nodeStateUpdated(358)) - Node state updated to IN_SERVICE, scaling executor pool size to 10
2025-10-18 02:35:41,600 [c3776f16-ca6d-4be6-bd1f-34dbc26d2d81-ContainerReader-0] INFO  ozoneimpl.ContainerReader (ContainerReader.java:readVolume(147)) - Start to verify containers on volume /tmp/junit-6862905382805155274/7920f96b-71cf-41de-8cde-d06e49b79b06/hdds
2025-10-18 02:35:41,600 [c3776f16-ca6d-4be6-bd1f-34dbc26d2d81-ContainerReader-0] INFO  ozoneimpl.ContainerReader (ContainerReader.java:readVolume(177)) - Finish verifying containers on volume /tmp/junit-6862905382805155274/7920f96b-71cf-41de-8cde-d06e49b79b06/hdds
2025-10-18 02:35:41,600 [main] INFO  ozoneimpl.OzoneContainer (OzoneContainer.java:buildContainerSet(359)) - Build ContainerSet costs 0s
2025-10-18 02:35:41,600 [main] INFO  volume.ThrottledAsyncChecker (ThrottledAsyncChecker.java:schedule(138)) - Scheduling a check for /tmp/junit-6862905382805155274/7920f96b-71cf-41de-8cde-d06e49b79b06/hdds
2025-10-18 02:35:41,601 [main] INFO  volume.StorageVolumeChecker (StorageVolumeChecker.java:checkAllVolumes(231)) - Scheduled health check for volume /tmp/junit-6862905382805155274/7920f96b-71cf-41de-8cde-d06e49b79b06/hdds
2025-10-18 02:35:41,602 [main] INFO  volume.ThrottledAsyncChecker (ThrottledAsyncChecker.java:schedule(138)) - Scheduling a check for /tmp/junit-6862905382805155274/ratis
2025-10-18 02:35:41,602 [main] INFO  volume.StorageVolumeChecker (StorageVolumeChecker.java:checkAllVolumes(231)) - Scheduled health check for volume /tmp/junit-6862905382805155274/ratis
2025-10-18 02:35:41,602 [main] INFO  volume.ThrottledAsyncChecker (ThrottledAsyncChecker.java:schedule(138)) - Scheduling a check for /tmp/junit-6862905382805155274/ad6d9486-ecec-44db-9e28-62ef7c6d4b1e/db
2025-10-18 02:35:41,603 [main] INFO  volume.StorageVolumeChecker (StorageVolumeChecker.java:checkAllVolumes(231)) - Scheduled health check for volume /tmp/junit-6862905382805155274/ad6d9486-ecec-44db-9e28-62ef7c6d4b1e/db
2025-10-18 02:35:41,604 [main] INFO  ozoneimpl.OzoneContainer (OzoneContainer.java:start(544)) - Attempting to start container services.
2025-10-18 02:35:41,604 [ContainerMetadataScanner] INFO  ozoneimpl.AbstractBackgroundContainerScanner (AbstractBackgroundContainerScanner.java:runIteration(89)) - Completed an iteration in 0 minutes. Number of iterations (since the data-node restart) : 1, Number of containers scanned in this iteration : 0, Number of unhealthy containers found in this iteration : 0
2025-10-18 02:35:41,604 [ContainerDataScanner(/tmp/junit-6862905382805155274/7920f96b-71cf-41de-8cde-d06e49b79b06/hdds)] INFO  ozoneimpl.AbstractBackgroundContainerScanner (AbstractBackgroundContainerScanner.java:runIteration(89)) - Completed an iteration in 0 minutes. Number of iterations (since the data-node restart) : 1, Number of containers scanned in this iteration : 0, Number of unhealthy containers found in this iteration : 0
2025-10-18 02:35:41,605 [main] INFO  replication.ReplicationServer (ReplicationServer.java:start(137)) - ReplicationServer is started using port 9886
2025-10-18 02:35:41,605 [main] INFO  ratis.XceiverServerRatis (XceiverServerRatis.java:start(559)) - Starting XceiverServerRatis(c3776f16-ca6d-4be6-bd1f-34dbc26d2d81)
2025-10-18 02:35:41,608 [main] INFO  server.RaftServer (RaftServerProxy.java:startImpl(412)) - c3776f16-ca6d-4be6-bd1f-34dbc26d2d81: start RPC server
2025-10-18 02:35:41,608 [main] INFO  server.GrpcServicesImpl (GrpcServicesImpl.java:startImpl(346)) - c3776f16-ca6d-4be6-bd1f-34dbc26d2d81: GrpcServicesImpl started, listening on 9858
2025-10-18 02:35:41,608 [main] INFO  ratis.XceiverServerRatis (XceiverServerRatis.java:getRealPort(586)) - XceiverServerRatis(c3776f16-ca6d-4be6-bd1f-34dbc26d2d81) is started using port RATIS=9858
2025-10-18 02:35:41,608 [JvmPauseMonitor25] INFO  util.JvmPauseMonitor (JvmPauseMonitor.java:run(146)) - JvmPauseMonitor-c3776f16-ca6d-4be6-bd1f-34dbc26d2d81: Started
2025-10-18 02:35:41,609 [main] INFO  ratis.XceiverServerRatis (XceiverServerRatis.java:getRealPort(586)) - XceiverServerRatis(c3776f16-ca6d-4be6-bd1f-34dbc26d2d81) is started using port RATIS_ADMIN=9858
2025-10-18 02:35:41,609 [main] INFO  ratis.XceiverServerRatis (XceiverServerRatis.java:getRealPort(586)) - XceiverServerRatis(c3776f16-ca6d-4be6-bd1f-34dbc26d2d81) is started using port RATIS_SERVER=9858
2025-10-18 02:35:41,609 [main] INFO  ratis.XceiverServerRatis (XceiverServerRatis.java:getRealPort(586)) - XceiverServerRatis(c3776f16-ca6d-4be6-bd1f-34dbc26d2d81) is started using port RATIS_DATASTREAM=38889
2025-10-18 02:35:41,610 [main] INFO  utils.BackgroundService (BackgroundService.java:start(119)) - Starting service BlockDeletingService with interval 60000 milliseconds
2025-10-18 02:35:41,610 [main] INFO  utils.BackgroundService (BackgroundService.java:start(119)) - Starting service StaleRecoveringContainerScrubbingService with interval 60000 milliseconds
2025-10-18 02:35:41,611 [main] INFO  ipc.Server (Server.java:stop(3697)) - Stopping server on 36743
2025-10-18 02:35:41,612 [IPC Server listener on 36743] INFO  ipc.Server (Server.java:run(1585)) - Stopping IPC Server listener on 36743
2025-10-18 02:35:41,612 [main] INFO  ozoneimpl.OzoneContainer (OzoneContainer.java:stop(568)) - Attempting to stop container services.
2025-10-18 02:35:41,612 [IPC Server Responder] INFO  ipc.Server (Server.java:run(1718)) - Stopping IPC Server Responder
2025-10-18 02:35:41,612 [ContainerMetadataScanner] WARN  ozoneimpl.AbstractBackgroundContainerScanner (AbstractBackgroundContainerScanner.java:handleRemainingSleep(136)) - Background container scan was interrupted.
2025-10-18 02:35:41,613 [ContainerMetadataScanner] INFO  ozoneimpl.AbstractBackgroundContainerScanner (AbstractBackgroundContainerScanner.java:run(63)) - org.apache.hadoop.ozone.container.ozoneimpl.BackgroundContainerMetadataScanner@66386403 exiting.
2025-10-18 02:35:41,613 [main] INFO  ozoneimpl.BackgroundContainerDataScanner (BackgroundContainerDataScanner.java:shutdown(87)) - ContainerDataScanner(/tmp/junit-6862905382805155274/7920f96b-71cf-41de-8cde-d06e49b79b06/hdds) is shutting down. 
2025-10-18 02:35:41,613 [ContainerDataScanner(/tmp/junit-6862905382805155274/7920f96b-71cf-41de-8cde-d06e49b79b06/hdds)] WARN  ozoneimpl.AbstractBackgroundContainerScanner (AbstractBackgroundContainerScanner.java:handleRemainingSleep(136)) - Background container scan was interrupted.
2025-10-18 02:35:41,613 [ContainerDataScanner(/tmp/junit-6862905382805155274/7920f96b-71cf-41de-8cde-d06e49b79b06/hdds)] INFO  ozoneimpl.AbstractBackgroundContainerScanner (AbstractBackgroundContainerScanner.java:run(63)) - ContainerDataScanner(/tmp/junit-6862905382805155274/7920f96b-71cf-41de-8cde-d06e49b79b06/hdds, DS-ce71e0f9-79cb-45ac-9624-4583143e6f8e) exiting.
2025-10-18 02:35:41,613 [main] INFO  ozoneimpl.OnDemandContainerScanner (OnDemandContainerScanner.java:shutdown(141)) - On-demand container scanner is shutting down.
2025-10-18 02:35:41,613 [main] INFO  ratis.XceiverServerRatis (XceiverServerRatis.java:stop(594)) - Closing XceiverServerRatis(c3776f16-ca6d-4be6-bd1f-34dbc26d2d81)
2025-10-18 02:35:41,614 [main] INFO  server.RaftServer (RaftServerProxy.java:lambda$close$9(422)) - c3776f16-ca6d-4be6-bd1f-34dbc26d2d81: close
2025-10-18 02:35:41,614 [main] INFO  server.GrpcServicesImpl (GrpcServicesImpl.java:closeImpl(355)) - c3776f16-ca6d-4be6-bd1f-34dbc26d2d81: shutdown server GrpcServerProtocolService now
2025-10-18 02:35:41,614 [main] INFO  server.GrpcServicesImpl (GrpcServicesImpl.java:closeImpl(364)) - c3776f16-ca6d-4be6-bd1f-34dbc26d2d81: shutdown server GrpcServerProtocolService successfully
2025-10-18 02:35:41,614 [c3776f16-ca6d-4be6-bd1f-34dbc26d2d81-NettyServerStreamRpc-bossGroup--thread1] INFO  logging.LoggingHandler (AbstractInternalLogger.java:log(148)) - [id: 0x5cf9e6d1, L:/0.0.0.0:38889] CLOSE
2025-10-18 02:35:41,614 [c3776f16-ca6d-4be6-bd1f-34dbc26d2d81-NettyServerStreamRpc-bossGroup--thread1] INFO  logging.LoggingHandler (AbstractInternalLogger.java:log(148)) - [id: 0x5cf9e6d1, L:/0.0.0.0:38889] INACTIVE
2025-10-18 02:35:41,615 [c3776f16-ca6d-4be6-bd1f-34dbc26d2d81-NettyServerStreamRpc-bossGroup--thread1] INFO  logging.LoggingHandler (AbstractInternalLogger.java:log(148)) - [id: 0x5cf9e6d1, L:/0.0.0.0:38889] UNREGISTERED
2025-10-18 02:35:41,618 [JvmPauseMonitor25] INFO  util.JvmPauseMonitor (JvmPauseMonitor.java:run(152)) - JvmPauseMonitor-c3776f16-ca6d-4be6-bd1f-34dbc26d2d81: Stopped
2025-10-18 02:35:43,621 [main] INFO  utils.BackgroundService (BackgroundService.java:shutdown(195)) - Shutting down service BlockDeletingService
2025-10-18 02:35:43,622 [main] INFO  utils.BackgroundService (BackgroundService.java:shutdown(195)) - Shutting down service StaleRecoveringContainerScrubbingService
]]></system-out>
  </testcase>
  <testcase name="testAddDbVolumeAfterFinalize(boolean)[2]" classname="org.apache.hadoop.ozone.container.upgrade.TestDatanodeUpgradeToSchemaV3" time="4.188">
    <system-out><![CDATA[2025-10-18 02:35:43,638 [main] INFO  ipc.CallQueueManager (CallQueueManager.java:<init>(93)) - Using callQueue: class java.util.concurrent.LinkedBlockingQueue, queueCapacity: 1000, scheduler: class org.apache.hadoop.ipc.DefaultRpcScheduler, ipcBackoff: false, ipcFailOver: false.
2025-10-18 02:35:43,638 [main] INFO  ipc.Server (Server.java:<init>(1438)) - Listener at localhost:41805
2025-10-18 02:35:43,639 [Socket Reader #1 for port 41805] INFO  ipc.Server (Server.java:run(1474)) - Starting Socket Reader #1 for port 41805
2025-10-18 02:35:43,639 [IPC Server Responder] INFO  ipc.Server (Server.java:run(1713)) - IPC Server Responder: starting
2025-10-18 02:35:43,640 [IPC Server listener on 41805] INFO  ipc.Server (Server.java:run(1553)) - IPC Server listener on 41805: starting
2025-10-18 02:35:43,643 [main] INFO  upgrade.AbstractLayoutVersionManager (AbstractLayoutVersionManager.java:init(80)) - Initializing Layout version manager with metadata layout = ERASURE_CODED_STORAGE_SUPPORT (version = 3), software layout = WITNESSED_CONTAINER_DB_PROTO_VALUE (version = 9)
2025-10-18 02:35:43,643 [main] INFO  upgrade.HDDSLayoutVersionManager (HDDSLayoutVersionManager.java:lambda$registerUpgradeActions$0(81)) - Registering Upgrade Action : DatanodeSchemaV3FinalizeAction
2025-10-18 02:35:43,643 [main] INFO  upgrade.HDDSLayoutVersionManager (HDDSLayoutVersionManager.java:lambda$registerUpgradeActions$0(81)) - Registering Upgrade Action : ContainerTableSchemaFinalizeAction
2025-10-18 02:35:43,643 [main] INFO  statemachine.DatanodeStateMachine (DatanodeStateMachine.java:getEndPointTaskThreadPoolSize(321)) - Datanode State Machine Task Thread Pool size 2
2025-10-18 02:35:43,645 [main] INFO  volume.HddsVolume (HddsVolume.java:<init>(162)) - HddsVolume: { id=6b85b16c-e57f-4246-937f-8e096d688478 dir=/home/runner/work/ozone/ozone/hadoop-hdds/container-service/file:/home/runner/work/ozone/ozone/hadoop-hdds/container-service/target/tmp/dfs/data type=DISK failed }
2025-10-18 02:35:43,645 [main] ERROR volume.MutableVolumeSet (MutableVolumeSet.java:initializeVolumeSet(194)) - Failed to parse the storage location: file:///home/runner/work/ozone/ozone/hadoop-hdds/container-service/target/tmp/dfs/data
org.apache.hadoop.ozone.common.InconsistentStorageStateException: Mismatched DatanodeUUIDs. Version File : /home/runner/work/ozone/ozone/hadoop-hdds/container-service/target/tmp/dfs/data/hdds/VERSION has datanodeUuid: c3d05b50-810d-4b78-be46-d77415fe1b4d and Datanode has datanodeUuid: 3723dce1-02b0-4c32-a44a-c2c0df99587c
	at org.apache.hadoop.ozone.container.common.utils.StorageVolumeUtil.getDatanodeUUID(StorageVolumeUtil.java:122)
	at org.apache.hadoop.ozone.container.common.volume.StorageVolume.readVersionFile(StorageVolume.java:385)
	at org.apache.hadoop.ozone.container.common.volume.StorageVolume.initializeImpl(StorageVolume.java:240)
	at org.apache.hadoop.ozone.container.common.volume.StorageVolume.initialize(StorageVolume.java:215)
	at org.apache.hadoop.ozone.container.common.volume.HddsVolume.<init>(HddsVolume.java:151)
	at org.apache.hadoop.ozone.container.common.volume.HddsVolume.<init>(HddsVolume.java:80)
	at org.apache.hadoop.ozone.container.common.volume.HddsVolume$Builder.build(HddsVolume.java:130)
	at org.apache.hadoop.ozone.container.common.volume.HddsVolumeFactory.createVolume(HddsVolumeFactory.java:46)
	at org.apache.hadoop.ozone.container.common.volume.MutableVolumeSet.initializeVolumeSet(MutableVolumeSet.java:172)
	at org.apache.hadoop.ozone.container.common.volume.MutableVolumeSet.<init>(MutableVolumeSet.java:130)
	at org.apache.hadoop.ozone.container.common.volume.MutableVolumeSet.<init>(MutableVolumeSet.java:92)
	at org.apache.hadoop.ozone.container.ozoneimpl.OzoneContainer.<init>(OzoneContainer.java:170)
	at org.apache.hadoop.ozone.container.common.statemachine.DatanodeStateMachine.<init>(DatanodeStateMachine.java:191)
	at org.apache.hadoop.ozone.container.common.statemachine.DatanodeStateMachine.<init>(DatanodeStateMachine.java:305)
	at org.apache.hadoop.ozone.container.upgrade.UpgradeTestHelper.startPreFinalizedDatanode(UpgradeTestHelper.java:88)
	at org.apache.hadoop.ozone.container.upgrade.TestDatanodeUpgradeToSchemaV3.testAddDbVolumeAfterFinalize(TestDatanodeUpgradeToSchemaV3.java:315)
	at java.base/jdk.internal.reflect.DirectMethodHandleAccessor.invoke(DirectMethodHandleAccessor.java:103)
	at java.base/java.lang.reflect.Method.invoke(Method.java:580)
	at org.junit.platform.commons.util.ReflectionUtils.invokeMethod(ReflectionUtils.java:786)
	at org.junit.platform.commons.support.ReflectionSupport.invokeMethod(ReflectionSupport.java:514)
	at org.junit.jupiter.engine.execution.MethodInvocation.proceed(MethodInvocation.java:60)
	at org.junit.jupiter.engine.execution.InvocationInterceptorChain$ValidatingInvocation.proceed(InvocationInterceptorChain.java:131)
	at org.junit.jupiter.engine.extension.SameThreadTimeoutInvocation.proceed(SameThreadTimeoutInvocation.java:49)
	at org.junit.jupiter.engine.extension.TimeoutExtension.intercept(TimeoutExtension.java:161)
	at org.junit.jupiter.engine.extension.TimeoutExtension.interceptTestableMethod(TimeoutExtension.java:152)
	at org.junit.jupiter.engine.extension.TimeoutExtension.interceptTestTemplateMethod(TimeoutExtension.java:99)
	at org.junit.jupiter.engine.execution.InterceptingExecutableInvoker$ReflectiveInterceptorCall.lambda$ofVoidMethod$0(InterceptingExecutableInvoker.java:112)
	at org.junit.jupiter.engine.execution.InterceptingExecutableInvoker.lambda$invoke$0(InterceptingExecutableInvoker.java:94)
	at org.junit.jupiter.engine.execution.InvocationInterceptorChain$InterceptedInvocation.proceed(InvocationInterceptorChain.java:106)
	at org.junit.jupiter.engine.execution.InvocationInterceptorChain.proceed(InvocationInterceptorChain.java:64)
	at org.junit.jupiter.engine.execution.InvocationInterceptorChain.chainAndInvoke(InvocationInterceptorChain.java:45)
	at org.junit.jupiter.engine.execution.InvocationInterceptorChain.invoke(InvocationInterceptorChain.java:37)
	at org.junit.jupiter.engine.execution.InterceptingExecutableInvoker.invoke(InterceptingExecutableInvoker.java:93)
	at org.junit.jupiter.engine.execution.InterceptingExecutableInvoker.invoke(InterceptingExecutableInvoker.java:87)
	at org.junit.jupiter.engine.descriptor.TestMethodTestDescriptor.lambda$invokeTestMethod$4(TestMethodTestDescriptor.java:221)
	at org.junit.platform.engine.support.hierarchical.ThrowableCollector.execute(ThrowableCollector.java:73)
	at org.junit.jupiter.engine.descriptor.TestMethodTestDescriptor.invokeTestMethod(TestMethodTestDescriptor.java:217)
	at org.junit.jupiter.engine.descriptor.TestMethodTestDescriptor.execute(TestMethodTestDescriptor.java:159)
	at org.junit.jupiter.engine.descriptor.TestMethodTestDescriptor.execute(TestMethodTestDescriptor.java:70)
	at org.junit.platform.engine.support.hierarchical.NodeTestTask.lambda$executeRecursively$6(NodeTestTask.java:157)
	at org.junit.platform.engine.support.hierarchical.ThrowableCollector.execute(ThrowableCollector.java:73)
	at org.junit.platform.engine.support.hierarchical.NodeTestTask.lambda$executeRecursively$8(NodeTestTask.java:147)
	at org.junit.platform.engine.support.hierarchical.Node.around(Node.java:137)
	at org.junit.platform.engine.support.hierarchical.NodeTestTask.lambda$executeRecursively$9(NodeTestTask.java:145)
	at org.junit.platform.engine.support.hierarchical.ThrowableCollector.execute(ThrowableCollector.java:73)
	at org.junit.platform.engine.support.hierarchical.NodeTestTask.executeRecursively(NodeTestTask.java:144)
	at org.junit.platform.engine.support.hierarchical.NodeTestTask.execute(NodeTestTask.java:101)
	at org.junit.platform.engine.support.hierarchical.SameThreadHierarchicalTestExecutorService.submit(SameThreadHierarchicalTestExecutorService.java:35)
	at org.junit.platform.engine.support.hierarchical.NodeTestTask$DefaultDynamicTestExecutor.execute(NodeTestTask.java:232)
	at org.junit.platform.engine.support.hierarchical.NodeTestTask$DefaultDynamicTestExecutor.execute(NodeTestTask.java:210)
	at org.junit.jupiter.engine.descriptor.TemplateExecutor.execute(TemplateExecutor.java:98)
	at org.junit.jupiter.engine.descriptor.TemplateExecutor.lambda$executeForProvider$0(TemplateExecutor.java:61)
	at java.base/java.util.Optional.ifPresent(Optional.java:178)
	at org.junit.jupiter.engine.descriptor.TemplateExecutor.lambda$executeForProvider$1(TemplateExecutor.java:61)
	at java.base/java.util.stream.ForEachOps$ForEachOp$OfRef.accept(ForEachOps.java:184)
	at java.base/java.util.stream.ReferencePipeline$3$1.accept(ReferencePipeline.java:197)
	at java.base/java.util.stream.ForEachOps$ForEachOp$OfRef.accept(ForEachOps.java:184)
	at java.base/java.util.stream.ForEachOps$ForEachOp$OfRef.accept(ForEachOps.java:184)
	at java.base/java.util.stream.ReferencePipeline$3$1.accept(ReferencePipeline.java:197)
	at java.base/java.util.Spliterators$ArraySpliterator.forEachRemaining(Spliterators.java:1024)
	at java.base/java.util.stream.AbstractPipeline.copyInto(AbstractPipeline.java:509)
	at java.base/java.util.stream.AbstractPipeline.wrapAndCopyInto(AbstractPipeline.java:499)
	at java.base/java.util.stream.ForEachOps$ForEachOp.evaluateSequential(ForEachOps.java:151)
	at java.base/java.util.stream.ForEachOps$ForEachOp$OfRef.evaluateSequential(ForEachOps.java:174)
	at java.base/java.util.stream.AbstractPipeline.evaluate(AbstractPipeline.java:234)
	at java.base/java.util.stream.ReferencePipeline.forEach(ReferencePipeline.java:596)
	at java.base/java.util.stream.ReferencePipeline$7$1.accept(ReferencePipeline.java:276)
	at java.base/java.util.ArrayList$ArrayListSpliterator.forEachRemaining(ArrayList.java:1708)
	at java.base/java.util.stream.AbstractPipeline.copyInto(AbstractPipeline.java:509)
	at java.base/java.util.stream.AbstractPipeline.wrapAndCopyInto(AbstractPipeline.java:499)
	at java.base/java.util.stream.ForEachOps$ForEachOp.evaluateSequential(ForEachOps.java:151)
	at java.base/java.util.stream.ForEachOps$ForEachOp$OfRef.evaluateSequential(ForEachOps.java:174)
	at java.base/java.util.stream.AbstractPipeline.evaluate(AbstractPipeline.java:234)
	at java.base/java.util.stream.ReferencePipeline.forEach(ReferencePipeline.java:596)
	at java.base/java.util.stream.ReferencePipeline$7$1.accept(ReferencePipeline.java:276)
	at java.base/java.util.stream.ReferencePipeline$3$1.accept(ReferencePipeline.java:197)
	at java.base/java.util.stream.ReferencePipeline$3$1.accept(ReferencePipeline.java:197)
	at java.base/java.util.stream.ReferencePipeline$3$1.accept(ReferencePipeline.java:197)
	at java.base/java.util.ArrayList$ArrayListSpliterator.forEachRemaining(ArrayList.java:1708)
	at java.base/java.util.stream.AbstractPipeline.copyInto(AbstractPipeline.java:509)
	at java.base/java.util.stream.AbstractPipeline.wrapAndCopyInto(AbstractPipeline.java:499)
	at java.base/java.util.stream.ForEachOps$ForEachOp.evaluateSequential(ForEachOps.java:151)
	at java.base/java.util.stream.ForEachOps$ForEachOp$OfRef.evaluateSequential(ForEachOps.java:174)
	at java.base/java.util.stream.AbstractPipeline.evaluate(AbstractPipeline.java:234)
	at java.base/java.util.stream.ReferencePipeline.forEach(ReferencePipeline.java:596)
	at org.junit.jupiter.engine.descriptor.TemplateExecutor.executeForProvider(TemplateExecutor.java:59)
	at org.junit.jupiter.engine.descriptor.TemplateExecutor.execute(TemplateExecutor.java:48)
	at org.junit.jupiter.engine.descriptor.TestTemplateTestDescriptor.execute(TestTemplateTestDescriptor.java:112)
	at org.junit.jupiter.engine.descriptor.TestTemplateTestDescriptor.execute(TestTemplateTestDescriptor.java:40)
	at org.junit.platform.engine.support.hierarchical.NodeTestTask.lambda$executeRecursively$6(NodeTestTask.java:157)
	at org.junit.platform.engine.support.hierarchical.ThrowableCollector.execute(ThrowableCollector.java:73)
	at org.junit.platform.engine.support.hierarchical.NodeTestTask.lambda$executeRecursively$8(NodeTestTask.java:147)
	at org.junit.platform.engine.support.hierarchical.Node.around(Node.java:137)
	at org.junit.platform.engine.support.hierarchical.NodeTestTask.lambda$executeRecursively$9(NodeTestTask.java:145)
	at org.junit.platform.engine.support.hierarchical.ThrowableCollector.execute(ThrowableCollector.java:73)
	at org.junit.platform.engine.support.hierarchical.NodeTestTask.executeRecursively(NodeTestTask.java:144)
	at org.junit.platform.engine.support.hierarchical.NodeTestTask.execute(NodeTestTask.java:101)
	at java.base/java.util.ArrayList.forEach(ArrayList.java:1596)
	at org.junit.platform.engine.support.hierarchical.SameThreadHierarchicalTestExecutorService.invokeAll(SameThreadHierarchicalTestExecutorService.java:41)
	at org.junit.platform.engine.support.hierarchical.NodeTestTask.lambda$executeRecursively$6(NodeTestTask.java:161)
	at org.junit.platform.engine.support.hierarchical.ThrowableCollector.execute(ThrowableCollector.java:73)
	at org.junit.platform.engine.support.hierarchical.NodeTestTask.lambda$executeRecursively$8(NodeTestTask.java:147)
	at org.junit.platform.engine.support.hierarchical.Node.around(Node.java:137)
	at org.junit.platform.engine.support.hierarchical.NodeTestTask.lambda$executeRecursively$9(NodeTestTask.java:145)
	at org.junit.platform.engine.support.hierarchical.ThrowableCollector.execute(ThrowableCollector.java:73)
	at org.junit.platform.engine.support.hierarchical.NodeTestTask.executeRecursively(NodeTestTask.java:144)
	at org.junit.platform.engine.support.hierarchical.NodeTestTask.execute(NodeTestTask.java:101)
	at java.base/java.util.ArrayList.forEach(ArrayList.java:1596)
	at org.junit.platform.engine.support.hierarchical.SameThreadHierarchicalTestExecutorService.invokeAll(SameThreadHierarchicalTestExecutorService.java:41)
	at org.junit.platform.engine.support.hierarchical.NodeTestTask.lambda$executeRecursively$6(NodeTestTask.java:161)
	at org.junit.platform.engine.support.hierarchical.ThrowableCollector.execute(ThrowableCollector.java:73)
	at org.junit.platform.engine.support.hierarchical.NodeTestTask.lambda$executeRecursively$8(NodeTestTask.java:147)
	at org.junit.platform.engine.support.hierarchical.Node.around(Node.java:137)
	at org.junit.platform.engine.support.hierarchical.NodeTestTask.lambda$executeRecursively$9(NodeTestTask.java:145)
	at org.junit.platform.engine.support.hierarchical.ThrowableCollector.execute(ThrowableCollector.java:73)
	at org.junit.platform.engine.support.hierarchical.NodeTestTask.executeRecursively(NodeTestTask.java:144)
	at org.junit.platform.engine.support.hierarchical.NodeTestTask.execute(NodeTestTask.java:101)
	at org.junit.platform.engine.support.hierarchical.SameThreadHierarchicalTestExecutorService.submit(SameThreadHierarchicalTestExecutorService.java:35)
	at org.junit.platform.engine.support.hierarchical.HierarchicalTestExecutor.execute(HierarchicalTestExecutor.java:57)
	at org.junit.platform.engine.support.hierarchical.HierarchicalTestEngine.execute(HierarchicalTestEngine.java:54)
	at org.junit.platform.launcher.core.EngineExecutionOrchestrator.executeEngine(EngineExecutionOrchestrator.java:230)
	at org.junit.platform.launcher.core.EngineExecutionOrchestrator.failOrExecuteEngine(EngineExecutionOrchestrator.java:204)
	at org.junit.platform.launcher.core.EngineExecutionOrchestrator.execute(EngineExecutionOrchestrator.java:172)
	at org.junit.platform.launcher.core.EngineExecutionOrchestrator.execute(EngineExecutionOrchestrator.java:101)
	at org.junit.platform.launcher.core.EngineExecutionOrchestrator.lambda$execute$0(EngineExecutionOrchestrator.java:64)
	at org.junit.platform.launcher.core.EngineExecutionOrchestrator.withInterceptedStreams(EngineExecutionOrchestrator.java:150)
	at org.junit.platform.launcher.core.EngineExecutionOrchestrator.execute(EngineExecutionOrchestrator.java:63)
	at org.junit.platform.launcher.core.DefaultLauncher.execute(DefaultLauncher.java:109)
	at org.junit.platform.launcher.core.DefaultLauncher.execute(DefaultLauncher.java:91)
	at org.junit.platform.launcher.core.DelegatingLauncher.execute(DelegatingLauncher.java:47)
	at org.junit.platform.launcher.core.InterceptingLauncher.lambda$execute$1(InterceptingLauncher.java:39)
	at org.junit.platform.launcher.core.ClasspathAlignmentCheckingLauncherInterceptor.intercept(ClasspathAlignmentCheckingLauncherInterceptor.java:25)
	at org.junit.platform.launcher.core.InterceptingLauncher.execute(InterceptingLauncher.java:38)
	at org.junit.platform.launcher.core.DelegatingLauncher.execute(DelegatingLauncher.java:47)
	at org.apache.maven.surefire.junitplatform.LazyLauncher.execute(LazyLauncher.java:56)
	at org.apache.maven.surefire.junitplatform.JUnitPlatformProvider.execute(JUnitPlatformProvider.java:184)
	at org.apache.maven.surefire.junitplatform.JUnitPlatformProvider.invokeAllTests(JUnitPlatformProvider.java:148)
	at org.apache.maven.surefire.junitplatform.JUnitPlatformProvider.invoke(JUnitPlatformProvider.java:120)
	at org.apache.maven.surefire.booter.ForkedBooter.runSuitesInProcess(ForkedBooter.java:385)
	at org.apache.maven.surefire.booter.ForkedBooter.execute(ForkedBooter.java:162)
	at org.apache.maven.surefire.booter.ForkedBooter.run(ForkedBooter.java:507)
	at org.apache.maven.surefire.booter.ForkedBooter.main(ForkedBooter.java:495)
2025-10-18 02:35:43,646 [main] INFO  volume.HddsVolume (HddsVolume.java:<init>(162)) - HddsVolume: { id=DS-4c14d352-73aa-41db-9375-bbcbb96245fa dir=/tmp/junit-9943467660440494746/5f6efeb1-07e4-4cb2-a5d1-224345be0128/hdds type=DISK capacity=9222449699674390527 used=0 available=9222449699674390527 minFree=184448985434423296 committed=0 }
2025-10-18 02:35:43,646 [main] INFO  volume.MutableVolumeSet (MutableVolumeSet.java:initializeVolumeSet(175)) - Added Volume : /tmp/junit-9943467660440494746/5f6efeb1-07e4-4cb2-a5d1-224345be0128/hdds to VolumeSet
2025-10-18 02:35:43,646 [main] WARN  server.ServerUtils (ServerUtils.java:getDefaultRatisDirectory(304)) - Storage directory for Ratis is not configured. It is a good idea to map this to an SSD disk. Falling back to ozone.metadata.dirs
2025-10-18 02:35:43,647 [main] INFO  volume.MutableVolumeSet (MutableVolumeSet.java:initializeVolumeSet(175)) - Added Volume : /tmp/junit-9943467660440494746/ratis to VolumeSet
2025-10-18 02:35:43,647 [main] WARN  db.DBStoreBuilder (DBStoreBuilder.java:getDBDirPath(157)) - ozone.scm.datanode.id.dir is not configured. We recommend adding this setting. Falling back to ozone.metadata.dirs instead.
2025-10-18 02:35:43,648 [main] WARN  db.DBStoreBuilder (DBStoreBuilder.java:getDBDirPath(157)) - ozone.scm.datanode.id.dir is not configured. We recommend adding this setting. Falling back to ozone.metadata.dirs instead.
2025-10-18 02:35:43,661 [main] INFO  impl.FilePerChunkStrategy (FilePerChunkStrategy.java:<init>(79)) - ozone.chunk.read.mapped.buffer.max.count is load with 0
2025-10-18 02:35:43,661 [main] INFO  impl.FilePerBlockStrategy (FilePerBlockStrategy.java:<init>(88)) - ozone.chunk.read.mapped.buffer.max.count is load with 0
2025-10-18 02:35:43,662 [main] INFO  server.RaftServerConfigKeys (ConfUtils.java:logGet(62)) - raft.server.log.appender.buffer.byte-limit = 33554432 (custom)
2025-10-18 02:35:43,662 [main] WARN  server.ServerUtils (ServerUtils.java:getDefaultRatisDirectory(304)) - Storage directory for Ratis is not configured. It is a good idea to map this to an SSD disk. Falling back to ozone.metadata.dirs
2025-10-18 02:35:43,663 [main] INFO  grpc.GrpcConfigKeys (ConfUtils.java:logFallback(69)) - raft.grpc.admin.host = null (fallback to raft.grpc.server.host)
2025-10-18 02:35:43,663 [main] INFO  grpc.GrpcConfigKeys (ConfUtils.java:logFallback(69)) - raft.grpc.client.host = null (fallback to raft.grpc.server.host)
2025-10-18 02:35:43,663 [main] INFO  server.GrpcServicesImpl (ConfUtils.java:logGet(62)) - raft.grpc.message.size.max = 34603008 (custom)
2025-10-18 02:35:43,663 [main] INFO  server.GrpcServicesImpl (ConfUtils.java:logGet(62)) - raft.grpc.flow.control.window = 5MB (=5242880) (custom)
2025-10-18 02:35:43,663 [main] INFO  server.RaftServerConfigKeys (ConfUtils.java:logGet(62)) - raft.server.log.appender.buffer.byte-limit = 33554432 (custom)
2025-10-18 02:35:43,664 [main] INFO  netty.NettyUtils (NettyUtils.java:newEventLoopGroup(74)) - Create EpollEventLoopGroup for 3723dce1-02b0-4c32-a44a-c2c0df99587c-NettyServerStreamRpc-bossGroup; Thread size is 0.
2025-10-18 02:35:43,664 [main] INFO  netty.NettyUtils (NettyUtils.java:newEventLoopGroup(74)) - Create EpollEventLoopGroup for 3723dce1-02b0-4c32-a44a-c2c0df99587c-NettyServerStreamRpc-workerGroup; Thread size is 0.
2025-10-18 02:35:43,665 [main] INFO  server.RaftServerConfigKeys (ConfUtils.java:logGet(62)) - raft.server.storage.dir = [/tmp/junit-9943467660440494746/ratis] (custom)
2025-10-18 02:35:43,665 [3723dce1-02b0-4c32-a44a-c2c0df99587c-NettyServerStreamRpc-bossGroup--thread1] INFO  logging.LoggingHandler (AbstractInternalLogger.java:log(148)) - [id: 0x77fa54d1] REGISTERED
2025-10-18 02:35:43,665 [3723dce1-02b0-4c32-a44a-c2c0df99587c-NettyServerStreamRpc-bossGroup--thread1] INFO  logging.LoggingHandler (AbstractInternalLogger.java:log(148)) - [id: 0x77fa54d1] BIND: 0.0.0.0/0.0.0.0:0
2025-10-18 02:35:43,665 [3723dce1-02b0-4c32-a44a-c2c0df99587c-NettyServerStreamRpc-bossGroup--thread1] INFO  logging.LoggingHandler (AbstractInternalLogger.java:log(148)) - [id: 0x77fa54d1, L:/0.0.0.0:40035] ACTIVE
2025-10-18 02:35:43,665 [3723dce1-02b0-4c32-a44a-c2c0df99587c-impl-thread1] INFO  server.RaftServer (RaftServerProxy.java:initGroupDir(270)) - 3723dce1-02b0-4c32-a44a-c2c0df99587c: found a subdirectory /tmp/junit-9943467660440494746/ratis/tmp
2025-10-18 02:35:43,666 [3723dce1-02b0-4c32-a44a-c2c0df99587c-impl-thread1] INFO  server.RaftServer (RaftServerProxy.java:initGroupDir(275)) - 3723dce1-02b0-4c32-a44a-c2c0df99587c: The directory /tmp/junit-9943467660440494746/ratis/tmp is not a group directory; ignoring it. 
2025-10-18 02:35:43,666 [main] INFO  replication.ReplicationServer (ReplicationServer.java:<init>(84)) - Initializing replication server with thread count = 10 queue length = 4096
2025-10-18 02:35:43,666 [main] INFO  server.XceiverServerGrpc (XceiverServerGrpc.java:<init>(129)) - GrpcServer channel type EpollServerSocketChannel
2025-10-18 02:35:43,667 [main] INFO  replication.ReplicationSupervisor (ReplicationSupervisor.java:build(169)) - Initializing replication supervisor with thread count = 10
2025-10-18 02:35:43,667 [main] INFO  replication.ReplicationSupervisor (ReplicationSupervisor.java:nodeStateUpdated(358)) - Node state updated to IN_SERVICE, scaling executor pool size to 10
2025-10-18 02:35:43,674 [3723dce1-02b0-4c32-a44a-c2c0df99587c-ContainerReader-0] INFO  ozoneimpl.ContainerReader (ContainerReader.java:readVolume(147)) - Start to verify containers on volume /tmp/junit-9943467660440494746/5f6efeb1-07e4-4cb2-a5d1-224345be0128/hdds
2025-10-18 02:35:43,674 [3723dce1-02b0-4c32-a44a-c2c0df99587c-ContainerReader-0] INFO  ozoneimpl.ContainerReader (ContainerReader.java:readVolume(177)) - Finish verifying containers on volume /tmp/junit-9943467660440494746/5f6efeb1-07e4-4cb2-a5d1-224345be0128/hdds
2025-10-18 02:35:43,674 [main] INFO  ozoneimpl.OzoneContainer (OzoneContainer.java:buildContainerSet(359)) - Build ContainerSet costs 0s
2025-10-18 02:35:43,675 [main] INFO  volume.ThrottledAsyncChecker (ThrottledAsyncChecker.java:schedule(138)) - Scheduling a check for /tmp/junit-9943467660440494746/5f6efeb1-07e4-4cb2-a5d1-224345be0128/hdds
2025-10-18 02:35:43,675 [main] INFO  volume.StorageVolumeChecker (StorageVolumeChecker.java:checkAllVolumes(231)) - Scheduled health check for volume /tmp/junit-9943467660440494746/5f6efeb1-07e4-4cb2-a5d1-224345be0128/hdds
2025-10-18 02:35:43,676 [main] INFO  volume.ThrottledAsyncChecker (ThrottledAsyncChecker.java:schedule(138)) - Scheduling a check for /tmp/junit-9943467660440494746/ratis
2025-10-18 02:35:43,676 [main] INFO  volume.StorageVolumeChecker (StorageVolumeChecker.java:checkAllVolumes(231)) - Scheduled health check for volume /tmp/junit-9943467660440494746/ratis
2025-10-18 02:35:43,677 [main] INFO  ozoneimpl.OzoneContainer (OzoneContainer.java:start(544)) - Attempting to start container services.
2025-10-18 02:35:43,677 [ContainerMetadataScanner] INFO  ozoneimpl.AbstractBackgroundContainerScanner (AbstractBackgroundContainerScanner.java:runIteration(89)) - Completed an iteration in 0 minutes. Number of iterations (since the data-node restart) : 1, Number of containers scanned in this iteration : 0, Number of unhealthy containers found in this iteration : 0
2025-10-18 02:35:43,678 [ContainerDataScanner(/tmp/junit-9943467660440494746/5f6efeb1-07e4-4cb2-a5d1-224345be0128/hdds)] INFO  ozoneimpl.AbstractBackgroundContainerScanner (AbstractBackgroundContainerScanner.java:runIteration(89)) - Completed an iteration in 0 minutes. Number of iterations (since the data-node restart) : 1, Number of containers scanned in this iteration : 0, Number of unhealthy containers found in this iteration : 0
2025-10-18 02:35:43,678 [main] INFO  replication.ReplicationServer (ReplicationServer.java:start(137)) - ReplicationServer is started using port 9886
2025-10-18 02:35:43,678 [main] INFO  ratis.XceiverServerRatis (XceiverServerRatis.java:start(559)) - Starting XceiverServerRatis(3723dce1-02b0-4c32-a44a-c2c0df99587c)
2025-10-18 02:35:43,681 [main] INFO  server.RaftServer (RaftServerProxy.java:startImpl(412)) - 3723dce1-02b0-4c32-a44a-c2c0df99587c: start RPC server
2025-10-18 02:35:43,681 [main] INFO  server.GrpcServicesImpl (GrpcServicesImpl.java:startImpl(346)) - 3723dce1-02b0-4c32-a44a-c2c0df99587c: GrpcServicesImpl started, listening on 9858
2025-10-18 02:35:43,682 [main] INFO  ratis.XceiverServerRatis (XceiverServerRatis.java:getRealPort(586)) - XceiverServerRatis(3723dce1-02b0-4c32-a44a-c2c0df99587c) is started using port RATIS=9858
2025-10-18 02:35:43,682 [main] INFO  ratis.XceiverServerRatis (XceiverServerRatis.java:getRealPort(586)) - XceiverServerRatis(3723dce1-02b0-4c32-a44a-c2c0df99587c) is started using port RATIS_ADMIN=9858
2025-10-18 02:35:43,682 [main] INFO  ratis.XceiverServerRatis (XceiverServerRatis.java:getRealPort(586)) - XceiverServerRatis(3723dce1-02b0-4c32-a44a-c2c0df99587c) is started using port RATIS_SERVER=9858
2025-10-18 02:35:43,682 [main] INFO  ratis.XceiverServerRatis (XceiverServerRatis.java:getRealPort(586)) - XceiverServerRatis(3723dce1-02b0-4c32-a44a-c2c0df99587c) is started using port RATIS_DATASTREAM=40035
2025-10-18 02:35:43,682 [JvmPauseMonitor26] INFO  util.JvmPauseMonitor (JvmPauseMonitor.java:run(146)) - JvmPauseMonitor-3723dce1-02b0-4c32-a44a-c2c0df99587c: Started
2025-10-18 02:35:43,682 [main] INFO  utils.BackgroundService (BackgroundService.java:start(119)) - Starting service BlockDeletingService with interval 60000 milliseconds
2025-10-18 02:35:43,683 [main] INFO  utils.BackgroundService (BackgroundService.java:start(119)) - Starting service StaleRecoveringContainerScrubbingService with interval 60000 milliseconds
2025-10-18 02:35:43,683 [main] INFO  upgrade.UpgradeFinalizer (BasicUpgradeFinalizer.java:logAndEmit(395)) - Finalization started.
2025-10-18 02:35:43,684 [main] INFO  upgrade.UpgradeFinalizer (BasicUpgradeFinalizer.java:runFinalizationAction(270)) - Running finalization actions for layout feature: DATANODE_SCHEMA_V3
2025-10-18 02:35:43,684 [main] INFO  upgrade.DatanodeSchemaV3FinalizeAction (DatanodeSchemaV3FinalizeAction.java:execute(49)) - Upgrading Datanode volume layout for Schema V3 support.
2025-10-18 02:35:43,706 [main] INFO  utils.DatanodeStoreCache (DatanodeStoreCache.java:addDB(70)) - Added db /tmp/junit-9943467660440494746/5f6efeb1-07e4-4cb2-a5d1-224345be0128/hdds/clusterID/DS-06b8608c-729d-4a44-a87b-746e8dcb78cc/container.db to cache
2025-10-18 02:35:43,706 [main] INFO  volume.HddsVolume (HddsVolume.java:createDbStore(576)) - SchemaV3 db is created and loaded at /tmp/junit-9943467660440494746/5f6efeb1-07e4-4cb2-a5d1-224345be0128/hdds/clusterID/DS-06b8608c-729d-4a44-a87b-746e8dcb78cc/container.db for volume DS-06b8608c-729d-4a44-a87b-746e8dcb78cc
2025-10-18 02:35:43,707 [main] INFO  utils.DatanodeStoreCache (DatanodeStoreCache.java:removeDB(104)) - Removed db /tmp/junit-9943467660440494746/5f6efeb1-07e4-4cb2-a5d1-224345be0128/hdds/clusterID/DS-06b8608c-729d-4a44-a87b-746e8dcb78cc/container.db from cache
2025-10-18 02:35:43,707 [main] INFO  volume.HddsVolume (HddsVolume.java:closeDbStore(609)) - SchemaV3 db is stopped at /tmp/junit-9943467660440494746/5f6efeb1-07e4-4cb2-a5d1-224345be0128/hdds/clusterID/DS-06b8608c-729d-4a44-a87b-746e8dcb78cc/container.db for volume DS-06b8608c-729d-4a44-a87b-746e8dcb78cc
2025-10-18 02:35:43,718 [ForkJoinPool.commonPool-worker-2] INFO  utils.DatanodeStoreCache (DatanodeStoreCache.java:addDB(70)) - Added db /tmp/junit-9943467660440494746/5f6efeb1-07e4-4cb2-a5d1-224345be0128/hdds/clusterID/DS-06b8608c-729d-4a44-a87b-746e8dcb78cc/container.db to cache
2025-10-18 02:35:43,718 [ForkJoinPool.commonPool-worker-2] INFO  volume.HddsVolume (HddsVolume.java:loadDbStore(517)) - SchemaV3 db is loaded at /tmp/junit-9943467660440494746/5f6efeb1-07e4-4cb2-a5d1-224345be0128/hdds/clusterID/DS-06b8608c-729d-4a44-a87b-746e8dcb78cc/container.db for volume DS-06b8608c-729d-4a44-a87b-746e8dcb78cc
2025-10-18 02:35:43,718 [main] INFO  upgrade.DatanodeSchemaV3FinalizeAction (HddsVolumeUtil.java:loadAllHddsVolumeDbStore(102)) - Load 1 volumes DbStore cost: 11ms
2025-10-18 02:35:43,719 [main] INFO  upgrade.AbstractLayoutVersionManager (AbstractLayoutVersionManager.java:finalized(124)) - Layout feature DATANODE_SCHEMA_V3 has been finalized.
2025-10-18 02:35:43,719 [main] INFO  upgrade.UpgradeFinalizer (BasicUpgradeFinalizer.java:logAndEmit(395)) - No onFinalize work defined for feature: RATIS_DATASTREAM_PORT_IN_DATANODEDETAILS.
2025-10-18 02:35:43,720 [main] INFO  upgrade.AbstractLayoutVersionManager (AbstractLayoutVersionManager.java:finalized(124)) - Layout feature RATIS_DATASTREAM_PORT_IN_DATANODEDETAILS has been finalized.
2025-10-18 02:35:43,720 [main] INFO  upgrade.UpgradeFinalizer (BasicUpgradeFinalizer.java:logAndEmit(395)) - No onFinalize work defined for feature: WEBUI_PORTS_IN_DATANODEDETAILS.
2025-10-18 02:35:43,722 [main] INFO  upgrade.AbstractLayoutVersionManager (AbstractLayoutVersionManager.java:finalized(124)) - Layout feature WEBUI_PORTS_IN_DATANODEDETAILS has been finalized.
2025-10-18 02:35:43,722 [main] INFO  upgrade.UpgradeFinalizer (BasicUpgradeFinalizer.java:logAndEmit(395)) - No onFinalize work defined for feature: HADOOP_PRC_PORTS_IN_DATANODEDETAILS.
2025-10-18 02:35:43,723 [main] INFO  upgrade.AbstractLayoutVersionManager (AbstractLayoutVersionManager.java:finalized(124)) - Layout feature HADOOP_PRC_PORTS_IN_DATANODEDETAILS has been finalized.
2025-10-18 02:35:43,723 [main] INFO  upgrade.UpgradeFinalizer (BasicUpgradeFinalizer.java:logAndEmit(395)) - No onFinalize work defined for feature: HBASE_SUPPORT.
2025-10-18 02:35:43,723 [main] INFO  upgrade.AbstractLayoutVersionManager (AbstractLayoutVersionManager.java:finalized(124)) - Layout feature HBASE_SUPPORT has been finalized.
2025-10-18 02:35:43,723 [main] INFO  upgrade.UpgradeFinalizer (BasicUpgradeFinalizer.java:runFinalizationAction(270)) - Running finalization actions for layout feature: WITNESSED_CONTAINER_DB_PROTO_VALUE
2025-10-18 02:35:43,724 [main] INFO  upgrade.ContainerTableSchemaFinalizeAction (ContainerTableSchemaFinalizeAction.java:execute(71)) - Finished copy to containerIdsTable from previous table
2025-10-18 02:35:43,725 [main] INFO  upgrade.AbstractLayoutVersionManager (AbstractLayoutVersionManager.java:finalized(124)) - Layout feature WITNESSED_CONTAINER_DB_PROTO_VALUE has been finalized.
2025-10-18 02:35:43,725 [main] INFO  upgrade.AbstractLayoutVersionManager (AbstractLayoutVersionManager.java:finalized(126)) - Finalization is complete.
2025-10-18 02:35:43,725 [main] INFO  upgrade.UpgradeFinalizer (BasicUpgradeFinalizer.java:logAndEmit(395)) - Finalization is done.
2025-10-18 02:35:43,725 [main] INFO  ozoneimpl.OzoneContainer (OzoneContainer.java:stop(568)) - Attempting to stop container services.
2025-10-18 02:35:43,725 [ContainerMetadataScanner] WARN  ozoneimpl.AbstractBackgroundContainerScanner (AbstractBackgroundContainerScanner.java:handleRemainingSleep(136)) - Background container scan was interrupted.
2025-10-18 02:35:43,726 [ContainerMetadataScanner] INFO  ozoneimpl.AbstractBackgroundContainerScanner (AbstractBackgroundContainerScanner.java:run(63)) - org.apache.hadoop.ozone.container.ozoneimpl.BackgroundContainerMetadataScanner@4782ecbd exiting.
2025-10-18 02:35:43,726 [main] INFO  ozoneimpl.BackgroundContainerDataScanner (BackgroundContainerDataScanner.java:shutdown(87)) - ContainerDataScanner(/tmp/junit-9943467660440494746/5f6efeb1-07e4-4cb2-a5d1-224345be0128/hdds) is shutting down. 
2025-10-18 02:35:43,726 [ContainerDataScanner(/tmp/junit-9943467660440494746/5f6efeb1-07e4-4cb2-a5d1-224345be0128/hdds)] WARN  ozoneimpl.AbstractBackgroundContainerScanner (AbstractBackgroundContainerScanner.java:handleRemainingSleep(136)) - Background container scan was interrupted.
2025-10-18 02:35:43,726 [ContainerDataScanner(/tmp/junit-9943467660440494746/5f6efeb1-07e4-4cb2-a5d1-224345be0128/hdds)] INFO  ozoneimpl.AbstractBackgroundContainerScanner (AbstractBackgroundContainerScanner.java:run(63)) - ContainerDataScanner(/tmp/junit-9943467660440494746/5f6efeb1-07e4-4cb2-a5d1-224345be0128/hdds, DS-06b8608c-729d-4a44-a87b-746e8dcb78cc) exiting.
2025-10-18 02:35:43,726 [main] INFO  ozoneimpl.OnDemandContainerScanner (OnDemandContainerScanner.java:shutdown(141)) - On-demand container scanner is shutting down.
2025-10-18 02:35:43,726 [main] INFO  ratis.XceiverServerRatis (XceiverServerRatis.java:stop(594)) - Closing XceiverServerRatis(3723dce1-02b0-4c32-a44a-c2c0df99587c)
2025-10-18 02:35:43,726 [main] INFO  server.RaftServer (RaftServerProxy.java:lambda$close$9(422)) - 3723dce1-02b0-4c32-a44a-c2c0df99587c: close
2025-10-18 02:35:43,726 [main] INFO  server.GrpcServicesImpl (GrpcServicesImpl.java:closeImpl(355)) - 3723dce1-02b0-4c32-a44a-c2c0df99587c: shutdown server GrpcServerProtocolService now
2025-10-18 02:35:43,727 [main] INFO  server.GrpcServicesImpl (GrpcServicesImpl.java:closeImpl(364)) - 3723dce1-02b0-4c32-a44a-c2c0df99587c: shutdown server GrpcServerProtocolService successfully
2025-10-18 02:35:43,727 [3723dce1-02b0-4c32-a44a-c2c0df99587c-NettyServerStreamRpc-bossGroup--thread1] INFO  logging.LoggingHandler (AbstractInternalLogger.java:log(148)) - [id: 0x77fa54d1, L:/0.0.0.0:40035] CLOSE
2025-10-18 02:35:43,727 [3723dce1-02b0-4c32-a44a-c2c0df99587c-NettyServerStreamRpc-bossGroup--thread1] INFO  logging.LoggingHandler (AbstractInternalLogger.java:log(148)) - [id: 0x77fa54d1, L:/0.0.0.0:40035] INACTIVE
2025-10-18 02:35:43,727 [3723dce1-02b0-4c32-a44a-c2c0df99587c-NettyServerStreamRpc-bossGroup--thread1] INFO  logging.LoggingHandler (AbstractInternalLogger.java:log(148)) - [id: 0x77fa54d1, L:/0.0.0.0:40035] UNREGISTERED
2025-10-18 02:35:43,730 [JvmPauseMonitor26] INFO  util.JvmPauseMonitor (JvmPauseMonitor.java:run(152)) - JvmPauseMonitor-3723dce1-02b0-4c32-a44a-c2c0df99587c: Stopped
2025-10-18 02:35:45,734 [main] INFO  volume.HddsVolume (HddsVolume.java:closeDbStore(609)) - SchemaV3 db is stopped at /tmp/junit-9943467660440494746/5f6efeb1-07e4-4cb2-a5d1-224345be0128/hdds/clusterID/DS-06b8608c-729d-4a44-a87b-746e8dcb78cc/container.db for volume DS-06b8608c-729d-4a44-a87b-746e8dcb78cc
2025-10-18 02:35:45,734 [main] INFO  utils.BackgroundService (BackgroundService.java:shutdown(195)) - Shutting down service BlockDeletingService
2025-10-18 02:35:45,735 [main] INFO  utils.BackgroundService (BackgroundService.java:shutdown(195)) - Shutting down service StaleRecoveringContainerScrubbingService
2025-10-18 02:35:45,736 [main] INFO  upgrade.AbstractLayoutVersionManager (AbstractLayoutVersionManager.java:init(80)) - Initializing Layout version manager with metadata layout = WITNESSED_CONTAINER_DB_PROTO_VALUE (version = 9), software layout = WITNESSED_CONTAINER_DB_PROTO_VALUE (version = 9)
2025-10-18 02:35:45,737 [main] INFO  statemachine.DatanodeStateMachine (DatanodeStateMachine.java:getEndPointTaskThreadPoolSize(321)) - Datanode State Machine Task Thread Pool size 2
2025-10-18 02:35:45,738 [main] INFO  volume.HddsVolume (HddsVolume.java:<init>(162)) - HddsVolume: { id=5379fce0-d987-4d83-ad23-93e8e42fdfa7 dir=/home/runner/work/ozone/ozone/hadoop-hdds/container-service/file:/home/runner/work/ozone/ozone/hadoop-hdds/container-service/target/tmp/dfs/data type=DISK failed }
2025-10-18 02:35:45,739 [main] ERROR volume.MutableVolumeSet (MutableVolumeSet.java:initializeVolumeSet(194)) - Failed to parse the storage location: file:///home/runner/work/ozone/ozone/hadoop-hdds/container-service/target/tmp/dfs/data
org.apache.hadoop.ozone.common.InconsistentStorageStateException: Mismatched DatanodeUUIDs. Version File : /home/runner/work/ozone/ozone/hadoop-hdds/container-service/target/tmp/dfs/data/hdds/VERSION has datanodeUuid: c3d05b50-810d-4b78-be46-d77415fe1b4d and Datanode has datanodeUuid: 3723dce1-02b0-4c32-a44a-c2c0df99587c
	at org.apache.hadoop.ozone.container.common.utils.StorageVolumeUtil.getDatanodeUUID(StorageVolumeUtil.java:122)
	at org.apache.hadoop.ozone.container.common.volume.StorageVolume.readVersionFile(StorageVolume.java:385)
	at org.apache.hadoop.ozone.container.common.volume.StorageVolume.initializeImpl(StorageVolume.java:240)
	at org.apache.hadoop.ozone.container.common.volume.StorageVolume.initialize(StorageVolume.java:215)
	at org.apache.hadoop.ozone.container.common.volume.HddsVolume.<init>(HddsVolume.java:151)
	at org.apache.hadoop.ozone.container.common.volume.HddsVolume.<init>(HddsVolume.java:80)
	at org.apache.hadoop.ozone.container.common.volume.HddsVolume$Builder.build(HddsVolume.java:130)
	at org.apache.hadoop.ozone.container.common.volume.HddsVolumeFactory.createVolume(HddsVolumeFactory.java:46)
	at org.apache.hadoop.ozone.container.common.volume.MutableVolumeSet.initializeVolumeSet(MutableVolumeSet.java:172)
	at org.apache.hadoop.ozone.container.common.volume.MutableVolumeSet.<init>(MutableVolumeSet.java:130)
	at org.apache.hadoop.ozone.container.common.volume.MutableVolumeSet.<init>(MutableVolumeSet.java:92)
	at org.apache.hadoop.ozone.container.ozoneimpl.OzoneContainer.<init>(OzoneContainer.java:170)
	at org.apache.hadoop.ozone.container.common.statemachine.DatanodeStateMachine.<init>(DatanodeStateMachine.java:191)
	at org.apache.hadoop.ozone.container.common.statemachine.DatanodeStateMachine.<init>(DatanodeStateMachine.java:305)
	at org.apache.hadoop.ozone.container.upgrade.UpgradeTestHelper.restartDatanode(UpgradeTestHelper.java:108)
	at org.apache.hadoop.ozone.container.upgrade.TestDatanodeUpgradeToSchemaV3.testAddDbVolumeAfterFinalize(TestDatanodeUpgradeToSchemaV3.java:328)
	at java.base/jdk.internal.reflect.DirectMethodHandleAccessor.invoke(DirectMethodHandleAccessor.java:103)
	at java.base/java.lang.reflect.Method.invoke(Method.java:580)
	at org.junit.platform.commons.util.ReflectionUtils.invokeMethod(ReflectionUtils.java:786)
	at org.junit.platform.commons.support.ReflectionSupport.invokeMethod(ReflectionSupport.java:514)
	at org.junit.jupiter.engine.execution.MethodInvocation.proceed(MethodInvocation.java:60)
	at org.junit.jupiter.engine.execution.InvocationInterceptorChain$ValidatingInvocation.proceed(InvocationInterceptorChain.java:131)
	at org.junit.jupiter.engine.extension.SameThreadTimeoutInvocation.proceed(SameThreadTimeoutInvocation.java:49)
	at org.junit.jupiter.engine.extension.TimeoutExtension.intercept(TimeoutExtension.java:161)
	at org.junit.jupiter.engine.extension.TimeoutExtension.interceptTestableMethod(TimeoutExtension.java:152)
	at org.junit.jupiter.engine.extension.TimeoutExtension.interceptTestTemplateMethod(TimeoutExtension.java:99)
	at org.junit.jupiter.engine.execution.InterceptingExecutableInvoker$ReflectiveInterceptorCall.lambda$ofVoidMethod$0(InterceptingExecutableInvoker.java:112)
	at org.junit.jupiter.engine.execution.InterceptingExecutableInvoker.lambda$invoke$0(InterceptingExecutableInvoker.java:94)
	at org.junit.jupiter.engine.execution.InvocationInterceptorChain$InterceptedInvocation.proceed(InvocationInterceptorChain.java:106)
	at org.junit.jupiter.engine.execution.InvocationInterceptorChain.proceed(InvocationInterceptorChain.java:64)
	at org.junit.jupiter.engine.execution.InvocationInterceptorChain.chainAndInvoke(InvocationInterceptorChain.java:45)
	at org.junit.jupiter.engine.execution.InvocationInterceptorChain.invoke(InvocationInterceptorChain.java:37)
	at org.junit.jupiter.engine.execution.InterceptingExecutableInvoker.invoke(InterceptingExecutableInvoker.java:93)
	at org.junit.jupiter.engine.execution.InterceptingExecutableInvoker.invoke(InterceptingExecutableInvoker.java:87)
	at org.junit.jupiter.engine.descriptor.TestMethodTestDescriptor.lambda$invokeTestMethod$4(TestMethodTestDescriptor.java:221)
	at org.junit.platform.engine.support.hierarchical.ThrowableCollector.execute(ThrowableCollector.java:73)
	at org.junit.jupiter.engine.descriptor.TestMethodTestDescriptor.invokeTestMethod(TestMethodTestDescriptor.java:217)
	at org.junit.jupiter.engine.descriptor.TestMethodTestDescriptor.execute(TestMethodTestDescriptor.java:159)
	at org.junit.jupiter.engine.descriptor.TestMethodTestDescriptor.execute(TestMethodTestDescriptor.java:70)
	at org.junit.platform.engine.support.hierarchical.NodeTestTask.lambda$executeRecursively$6(NodeTestTask.java:157)
	at org.junit.platform.engine.support.hierarchical.ThrowableCollector.execute(ThrowableCollector.java:73)
	at org.junit.platform.engine.support.hierarchical.NodeTestTask.lambda$executeRecursively$8(NodeTestTask.java:147)
	at org.junit.platform.engine.support.hierarchical.Node.around(Node.java:137)
	at org.junit.platform.engine.support.hierarchical.NodeTestTask.lambda$executeRecursively$9(NodeTestTask.java:145)
	at org.junit.platform.engine.support.hierarchical.ThrowableCollector.execute(ThrowableCollector.java:73)
	at org.junit.platform.engine.support.hierarchical.NodeTestTask.executeRecursively(NodeTestTask.java:144)
	at org.junit.platform.engine.support.hierarchical.NodeTestTask.execute(NodeTestTask.java:101)
	at org.junit.platform.engine.support.hierarchical.SameThreadHierarchicalTestExecutorService.submit(SameThreadHierarchicalTestExecutorService.java:35)
	at org.junit.platform.engine.support.hierarchical.NodeTestTask$DefaultDynamicTestExecutor.execute(NodeTestTask.java:232)
	at org.junit.platform.engine.support.hierarchical.NodeTestTask$DefaultDynamicTestExecutor.execute(NodeTestTask.java:210)
	at org.junit.jupiter.engine.descriptor.TemplateExecutor.execute(TemplateExecutor.java:98)
	at org.junit.jupiter.engine.descriptor.TemplateExecutor.lambda$executeForProvider$0(TemplateExecutor.java:61)
	at java.base/java.util.Optional.ifPresent(Optional.java:178)
	at org.junit.jupiter.engine.descriptor.TemplateExecutor.lambda$executeForProvider$1(TemplateExecutor.java:61)
	at java.base/java.util.stream.ForEachOps$ForEachOp$OfRef.accept(ForEachOps.java:184)
	at java.base/java.util.stream.ReferencePipeline$3$1.accept(ReferencePipeline.java:197)
	at java.base/java.util.stream.ForEachOps$ForEachOp$OfRef.accept(ForEachOps.java:184)
	at java.base/java.util.stream.ForEachOps$ForEachOp$OfRef.accept(ForEachOps.java:184)
	at java.base/java.util.stream.ReferencePipeline$3$1.accept(ReferencePipeline.java:197)
	at java.base/java.util.Spliterators$ArraySpliterator.forEachRemaining(Spliterators.java:1024)
	at java.base/java.util.stream.AbstractPipeline.copyInto(AbstractPipeline.java:509)
	at java.base/java.util.stream.AbstractPipeline.wrapAndCopyInto(AbstractPipeline.java:499)
	at java.base/java.util.stream.ForEachOps$ForEachOp.evaluateSequential(ForEachOps.java:151)
	at java.base/java.util.stream.ForEachOps$ForEachOp$OfRef.evaluateSequential(ForEachOps.java:174)
	at java.base/java.util.stream.AbstractPipeline.evaluate(AbstractPipeline.java:234)
	at java.base/java.util.stream.ReferencePipeline.forEach(ReferencePipeline.java:596)
	at java.base/java.util.stream.ReferencePipeline$7$1.accept(ReferencePipeline.java:276)
	at java.base/java.util.ArrayList$ArrayListSpliterator.forEachRemaining(ArrayList.java:1708)
	at java.base/java.util.stream.AbstractPipeline.copyInto(AbstractPipeline.java:509)
	at java.base/java.util.stream.AbstractPipeline.wrapAndCopyInto(AbstractPipeline.java:499)
	at java.base/java.util.stream.ForEachOps$ForEachOp.evaluateSequential(ForEachOps.java:151)
	at java.base/java.util.stream.ForEachOps$ForEachOp$OfRef.evaluateSequential(ForEachOps.java:174)
	at java.base/java.util.stream.AbstractPipeline.evaluate(AbstractPipeline.java:234)
	at java.base/java.util.stream.ReferencePipeline.forEach(ReferencePipeline.java:596)
	at java.base/java.util.stream.ReferencePipeline$7$1.accept(ReferencePipeline.java:276)
	at java.base/java.util.stream.ReferencePipeline$3$1.accept(ReferencePipeline.java:197)
	at java.base/java.util.stream.ReferencePipeline$3$1.accept(ReferencePipeline.java:197)
	at java.base/java.util.stream.ReferencePipeline$3$1.accept(ReferencePipeline.java:197)
	at java.base/java.util.ArrayList$ArrayListSpliterator.forEachRemaining(ArrayList.java:1708)
	at java.base/java.util.stream.AbstractPipeline.copyInto(AbstractPipeline.java:509)
	at java.base/java.util.stream.AbstractPipeline.wrapAndCopyInto(AbstractPipeline.java:499)
	at java.base/java.util.stream.ForEachOps$ForEachOp.evaluateSequential(ForEachOps.java:151)
	at java.base/java.util.stream.ForEachOps$ForEachOp$OfRef.evaluateSequential(ForEachOps.java:174)
	at java.base/java.util.stream.AbstractPipeline.evaluate(AbstractPipeline.java:234)
	at java.base/java.util.stream.ReferencePipeline.forEach(ReferencePipeline.java:596)
	at org.junit.jupiter.engine.descriptor.TemplateExecutor.executeForProvider(TemplateExecutor.java:59)
	at org.junit.jupiter.engine.descriptor.TemplateExecutor.execute(TemplateExecutor.java:48)
	at org.junit.jupiter.engine.descriptor.TestTemplateTestDescriptor.execute(TestTemplateTestDescriptor.java:112)
	at org.junit.jupiter.engine.descriptor.TestTemplateTestDescriptor.execute(TestTemplateTestDescriptor.java:40)
	at org.junit.platform.engine.support.hierarchical.NodeTestTask.lambda$executeRecursively$6(NodeTestTask.java:157)
	at org.junit.platform.engine.support.hierarchical.ThrowableCollector.execute(ThrowableCollector.java:73)
	at org.junit.platform.engine.support.hierarchical.NodeTestTask.lambda$executeRecursively$8(NodeTestTask.java:147)
	at org.junit.platform.engine.support.hierarchical.Node.around(Node.java:137)
	at org.junit.platform.engine.support.hierarchical.NodeTestTask.lambda$executeRecursively$9(NodeTestTask.java:145)
	at org.junit.platform.engine.support.hierarchical.ThrowableCollector.execute(ThrowableCollector.java:73)
	at org.junit.platform.engine.support.hierarchical.NodeTestTask.executeRecursively(NodeTestTask.java:144)
	at org.junit.platform.engine.support.hierarchical.NodeTestTask.execute(NodeTestTask.java:101)
	at java.base/java.util.ArrayList.forEach(ArrayList.java:1596)
	at org.junit.platform.engine.support.hierarchical.SameThreadHierarchicalTestExecutorService.invokeAll(SameThreadHierarchicalTestExecutorService.java:41)
	at org.junit.platform.engine.support.hierarchical.NodeTestTask.lambda$executeRecursively$6(NodeTestTask.java:161)
	at org.junit.platform.engine.support.hierarchical.ThrowableCollector.execute(ThrowableCollector.java:73)
	at org.junit.platform.engine.support.hierarchical.NodeTestTask.lambda$executeRecursively$8(NodeTestTask.java:147)
	at org.junit.platform.engine.support.hierarchical.Node.around(Node.java:137)
	at org.junit.platform.engine.support.hierarchical.NodeTestTask.lambda$executeRecursively$9(NodeTestTask.java:145)
	at org.junit.platform.engine.support.hierarchical.ThrowableCollector.execute(ThrowableCollector.java:73)
	at org.junit.platform.engine.support.hierarchical.NodeTestTask.executeRecursively(NodeTestTask.java:144)
	at org.junit.platform.engine.support.hierarchical.NodeTestTask.execute(NodeTestTask.java:101)
	at java.base/java.util.ArrayList.forEach(ArrayList.java:1596)
	at org.junit.platform.engine.support.hierarchical.SameThreadHierarchicalTestExecutorService.invokeAll(SameThreadHierarchicalTestExecutorService.java:41)
	at org.junit.platform.engine.support.hierarchical.NodeTestTask.lambda$executeRecursively$6(NodeTestTask.java:161)
	at org.junit.platform.engine.support.hierarchical.ThrowableCollector.execute(ThrowableCollector.java:73)
	at org.junit.platform.engine.support.hierarchical.NodeTestTask.lambda$executeRecursively$8(NodeTestTask.java:147)
	at org.junit.platform.engine.support.hierarchical.Node.around(Node.java:137)
	at org.junit.platform.engine.support.hierarchical.NodeTestTask.lambda$executeRecursively$9(NodeTestTask.java:145)
	at org.junit.platform.engine.support.hierarchical.ThrowableCollector.execute(ThrowableCollector.java:73)
	at org.junit.platform.engine.support.hierarchical.NodeTestTask.executeRecursively(NodeTestTask.java:144)
	at org.junit.platform.engine.support.hierarchical.NodeTestTask.execute(NodeTestTask.java:101)
	at org.junit.platform.engine.support.hierarchical.SameThreadHierarchicalTestExecutorService.submit(SameThreadHierarchicalTestExecutorService.java:35)
	at org.junit.platform.engine.support.hierarchical.HierarchicalTestExecutor.execute(HierarchicalTestExecutor.java:57)
	at org.junit.platform.engine.support.hierarchical.HierarchicalTestEngine.execute(HierarchicalTestEngine.java:54)
	at org.junit.platform.launcher.core.EngineExecutionOrchestrator.executeEngine(EngineExecutionOrchestrator.java:230)
	at org.junit.platform.launcher.core.EngineExecutionOrchestrator.failOrExecuteEngine(EngineExecutionOrchestrator.java:204)
	at org.junit.platform.launcher.core.EngineExecutionOrchestrator.execute(EngineExecutionOrchestrator.java:172)
	at org.junit.platform.launcher.core.EngineExecutionOrchestrator.execute(EngineExecutionOrchestrator.java:101)
	at org.junit.platform.launcher.core.EngineExecutionOrchestrator.lambda$execute$0(EngineExecutionOrchestrator.java:64)
	at org.junit.platform.launcher.core.EngineExecutionOrchestrator.withInterceptedStreams(EngineExecutionOrchestrator.java:150)
	at org.junit.platform.launcher.core.EngineExecutionOrchestrator.execute(EngineExecutionOrchestrator.java:63)
	at org.junit.platform.launcher.core.DefaultLauncher.execute(DefaultLauncher.java:109)
	at org.junit.platform.launcher.core.DefaultLauncher.execute(DefaultLauncher.java:91)
	at org.junit.platform.launcher.core.DelegatingLauncher.execute(DelegatingLauncher.java:47)
	at org.junit.platform.launcher.core.InterceptingLauncher.lambda$execute$1(InterceptingLauncher.java:39)
	at org.junit.platform.launcher.core.ClasspathAlignmentCheckingLauncherInterceptor.intercept(ClasspathAlignmentCheckingLauncherInterceptor.java:25)
	at org.junit.platform.launcher.core.InterceptingLauncher.execute(InterceptingLauncher.java:38)
	at org.junit.platform.launcher.core.DelegatingLauncher.execute(DelegatingLauncher.java:47)
	at org.apache.maven.surefire.junitplatform.LazyLauncher.execute(LazyLauncher.java:56)
	at org.apache.maven.surefire.junitplatform.JUnitPlatformProvider.execute(JUnitPlatformProvider.java:184)
	at org.apache.maven.surefire.junitplatform.JUnitPlatformProvider.invokeAllTests(JUnitPlatformProvider.java:148)
	at org.apache.maven.surefire.junitplatform.JUnitPlatformProvider.invoke(JUnitPlatformProvider.java:120)
	at org.apache.maven.surefire.booter.ForkedBooter.runSuitesInProcess(ForkedBooter.java:385)
	at org.apache.maven.surefire.booter.ForkedBooter.execute(ForkedBooter.java:162)
	at org.apache.maven.surefire.booter.ForkedBooter.run(ForkedBooter.java:507)
	at org.apache.maven.surefire.booter.ForkedBooter.main(ForkedBooter.java:495)
2025-10-18 02:35:45,739 [main] INFO  volume.HddsVolume (HddsVolume.java:<init>(162)) - HddsVolume: { id=DS-06b8608c-729d-4a44-a87b-746e8dcb78cc dir=/tmp/junit-9943467660440494746/5f6efeb1-07e4-4cb2-a5d1-224345be0128/hdds type=DISK capacity=9222449699674390527 used=0 available=9222449699674390527 minFree=184448985434423296 committed=0 }
2025-10-18 02:35:45,740 [main] INFO  volume.MutableVolumeSet (MutableVolumeSet.java:initializeVolumeSet(175)) - Added Volume : /tmp/junit-9943467660440494746/5f6efeb1-07e4-4cb2-a5d1-224345be0128/hdds to VolumeSet
2025-10-18 02:35:45,740 [main] WARN  server.ServerUtils (ServerUtils.java:getDefaultRatisDirectory(304)) - Storage directory for Ratis is not configured. It is a good idea to map this to an SSD disk. Falling back to ozone.metadata.dirs
2025-10-18 02:35:45,740 [main] INFO  volume.MutableVolumeSet (MutableVolumeSet.java:initializeVolumeSet(175)) - Added Volume : /tmp/junit-9943467660440494746/ratis to VolumeSet
2025-10-18 02:35:45,741 [main] INFO  volume.DbVolume (DbVolume.java:<init>(63)) - DbVolume: { id=DS-64391ac9-d17b-401e-883c-09d3e5888541 dir=/tmp/junit-9943467660440494746/064e87f3-26ed-41d1-ab95-f6a1afcab7d5/db type=DISK capacity=9222449699674390527 used=0 available=9222449699674390527 minFree=0 committed=0 }
2025-10-18 02:35:45,741 [main] INFO  volume.MutableVolumeSet (MutableVolumeSet.java:initializeVolumeSet(175)) - Added Volume : /tmp/junit-9943467660440494746/064e87f3-26ed-41d1-ab95-f6a1afcab7d5/db to VolumeSet
2025-10-18 02:35:45,755 [ForkJoinPool.commonPool-worker-2] INFO  utils.DatanodeStoreCache (DatanodeStoreCache.java:addDB(70)) - Added db /tmp/junit-9943467660440494746/5f6efeb1-07e4-4cb2-a5d1-224345be0128/hdds/clusterID/DS-06b8608c-729d-4a44-a87b-746e8dcb78cc/container.db to cache
2025-10-18 02:35:45,755 [ForkJoinPool.commonPool-worker-2] INFO  volume.HddsVolume (HddsVolume.java:loadDbStore(517)) - SchemaV3 db is loaded at /tmp/junit-9943467660440494746/5f6efeb1-07e4-4cb2-a5d1-224345be0128/hdds/clusterID/DS-06b8608c-729d-4a44-a87b-746e8dcb78cc/container.db for volume DS-06b8608c-729d-4a44-a87b-746e8dcb78cc
2025-10-18 02:35:45,755 [main] INFO  ozoneimpl.OzoneContainer (HddsVolumeUtil.java:loadAllHddsVolumeDbStore(102)) - Load 1 volumes DbStore cost: 14ms
2025-10-18 02:35:45,756 [main] WARN  db.DBStoreBuilder (DBStoreBuilder.java:getDBDirPath(157)) - ozone.scm.datanode.id.dir is not configured. We recommend adding this setting. Falling back to ozone.metadata.dirs instead.
2025-10-18 02:35:45,756 [main] WARN  db.DBStoreBuilder (DBStoreBuilder.java:getDBDirPath(157)) - ozone.scm.datanode.id.dir is not configured. We recommend adding this setting. Falling back to ozone.metadata.dirs instead.
2025-10-18 02:35:45,765 [main] INFO  impl.FilePerChunkStrategy (FilePerChunkStrategy.java:<init>(79)) - ozone.chunk.read.mapped.buffer.max.count is load with 0
2025-10-18 02:35:45,765 [main] INFO  impl.FilePerBlockStrategy (FilePerBlockStrategy.java:<init>(88)) - ozone.chunk.read.mapped.buffer.max.count is load with 0
2025-10-18 02:35:45,766 [main] INFO  server.RaftServerConfigKeys (ConfUtils.java:logGet(62)) - raft.server.log.appender.buffer.byte-limit = 33554432 (custom)
2025-10-18 02:35:45,766 [main] WARN  server.ServerUtils (ServerUtils.java:getDefaultRatisDirectory(304)) - Storage directory for Ratis is not configured. It is a good idea to map this to an SSD disk. Falling back to ozone.metadata.dirs
2025-10-18 02:35:45,767 [main] INFO  grpc.GrpcConfigKeys (ConfUtils.java:logFallback(69)) - raft.grpc.admin.host = null (fallback to raft.grpc.server.host)
2025-10-18 02:35:45,767 [main] INFO  grpc.GrpcConfigKeys (ConfUtils.java:logFallback(69)) - raft.grpc.client.host = null (fallback to raft.grpc.server.host)
2025-10-18 02:35:45,767 [main] INFO  server.GrpcServicesImpl (ConfUtils.java:logGet(62)) - raft.grpc.message.size.max = 34603008 (custom)
2025-10-18 02:35:45,767 [main] INFO  server.GrpcServicesImpl (ConfUtils.java:logGet(62)) - raft.grpc.flow.control.window = 5MB (=5242880) (custom)
2025-10-18 02:35:45,767 [main] INFO  server.RaftServerConfigKeys (ConfUtils.java:logGet(62)) - raft.server.log.appender.buffer.byte-limit = 33554432 (custom)
2025-10-18 02:35:45,768 [main] INFO  netty.NettyUtils (NettyUtils.java:newEventLoopGroup(74)) - Create EpollEventLoopGroup for 3723dce1-02b0-4c32-a44a-c2c0df99587c-NettyServerStreamRpc-bossGroup; Thread size is 0.
2025-10-18 02:35:45,768 [main] INFO  netty.NettyUtils (NettyUtils.java:newEventLoopGroup(74)) - Create EpollEventLoopGroup for 3723dce1-02b0-4c32-a44a-c2c0df99587c-NettyServerStreamRpc-workerGroup; Thread size is 0.
2025-10-18 02:35:45,769 [3723dce1-02b0-4c32-a44a-c2c0df99587c-NettyServerStreamRpc-bossGroup--thread1] INFO  logging.LoggingHandler (AbstractInternalLogger.java:log(148)) - [id: 0xa6770cf4] REGISTERED
2025-10-18 02:35:45,769 [3723dce1-02b0-4c32-a44a-c2c0df99587c-impl-thread1] INFO  server.RaftServer (RaftServerProxy.java:initGroupDir(270)) - 3723dce1-02b0-4c32-a44a-c2c0df99587c: found a subdirectory /tmp/junit-9943467660440494746/ratis/tmp
2025-10-18 02:35:45,769 [3723dce1-02b0-4c32-a44a-c2c0df99587c-NettyServerStreamRpc-bossGroup--thread1] INFO  logging.LoggingHandler (AbstractInternalLogger.java:log(148)) - [id: 0xa6770cf4] BIND: 0.0.0.0/0.0.0.0:0
2025-10-18 02:35:45,770 [3723dce1-02b0-4c32-a44a-c2c0df99587c-impl-thread1] INFO  server.RaftServer (RaftServerProxy.java:initGroupDir(275)) - 3723dce1-02b0-4c32-a44a-c2c0df99587c: The directory /tmp/junit-9943467660440494746/ratis/tmp is not a group directory; ignoring it. 
2025-10-18 02:35:45,770 [3723dce1-02b0-4c32-a44a-c2c0df99587c-NettyServerStreamRpc-bossGroup--thread1] INFO  logging.LoggingHandler (AbstractInternalLogger.java:log(148)) - [id: 0xa6770cf4, L:/0.0.0.0:42323] ACTIVE
2025-10-18 02:35:45,770 [main] INFO  replication.ReplicationServer (ReplicationServer.java:<init>(84)) - Initializing replication server with thread count = 10 queue length = 4096
2025-10-18 02:35:45,771 [main] INFO  server.XceiverServerGrpc (XceiverServerGrpc.java:<init>(129)) - GrpcServer channel type EpollServerSocketChannel
2025-10-18 02:35:45,771 [main] INFO  replication.ReplicationSupervisor (ReplicationSupervisor.java:build(169)) - Initializing replication supervisor with thread count = 10
2025-10-18 02:35:45,772 [main] INFO  replication.ReplicationSupervisor (ReplicationSupervisor.java:nodeStateUpdated(358)) - Node state updated to IN_SERVICE, scaling executor pool size to 10
2025-10-18 02:35:45,778 [3723dce1-02b0-4c32-a44a-c2c0df99587c-ContainerReader-0] INFO  ozoneimpl.ContainerReader (ContainerReader.java:readVolume(147)) - Start to verify containers on volume /tmp/junit-9943467660440494746/5f6efeb1-07e4-4cb2-a5d1-224345be0128/hdds
2025-10-18 02:35:45,778 [3723dce1-02b0-4c32-a44a-c2c0df99587c-ContainerReader-0] INFO  ozoneimpl.ContainerReader (ContainerReader.java:readVolume(177)) - Finish verifying containers on volume /tmp/junit-9943467660440494746/5f6efeb1-07e4-4cb2-a5d1-224345be0128/hdds
2025-10-18 02:35:45,778 [main] INFO  ozoneimpl.OzoneContainer (OzoneContainer.java:buildContainerSet(359)) - Build ContainerSet costs 0s
2025-10-18 02:35:45,778 [main] INFO  volume.ThrottledAsyncChecker (ThrottledAsyncChecker.java:schedule(138)) - Scheduling a check for /tmp/junit-9943467660440494746/5f6efeb1-07e4-4cb2-a5d1-224345be0128/hdds
2025-10-18 02:35:45,779 [main] INFO  volume.StorageVolumeChecker (StorageVolumeChecker.java:checkAllVolumes(231)) - Scheduled health check for volume /tmp/junit-9943467660440494746/5f6efeb1-07e4-4cb2-a5d1-224345be0128/hdds
2025-10-18 02:35:45,782 [main] INFO  volume.ThrottledAsyncChecker (ThrottledAsyncChecker.java:schedule(138)) - Scheduling a check for /tmp/junit-9943467660440494746/ratis
2025-10-18 02:35:45,782 [main] INFO  volume.StorageVolumeChecker (StorageVolumeChecker.java:checkAllVolumes(231)) - Scheduled health check for volume /tmp/junit-9943467660440494746/ratis
2025-10-18 02:35:45,783 [main] INFO  volume.ThrottledAsyncChecker (ThrottledAsyncChecker.java:schedule(138)) - Scheduling a check for /tmp/junit-9943467660440494746/064e87f3-26ed-41d1-ab95-f6a1afcab7d5/db
2025-10-18 02:35:45,783 [main] INFO  volume.StorageVolumeChecker (StorageVolumeChecker.java:checkAllVolumes(231)) - Scheduled health check for volume /tmp/junit-9943467660440494746/064e87f3-26ed-41d1-ab95-f6a1afcab7d5/db
2025-10-18 02:35:45,784 [main] INFO  ozoneimpl.OzoneContainer (OzoneContainer.java:start(544)) - Attempting to start container services.
2025-10-18 02:35:45,784 [ContainerMetadataScanner] INFO  ozoneimpl.AbstractBackgroundContainerScanner (AbstractBackgroundContainerScanner.java:runIteration(89)) - Completed an iteration in 0 minutes. Number of iterations (since the data-node restart) : 1, Number of containers scanned in this iteration : 0, Number of unhealthy containers found in this iteration : 0
2025-10-18 02:35:45,785 [ContainerDataScanner(/tmp/junit-9943467660440494746/5f6efeb1-07e4-4cb2-a5d1-224345be0128/hdds)] INFO  ozoneimpl.AbstractBackgroundContainerScanner (AbstractBackgroundContainerScanner.java:runIteration(89)) - Completed an iteration in 0 minutes. Number of iterations (since the data-node restart) : 1, Number of containers scanned in this iteration : 0, Number of unhealthy containers found in this iteration : 0
2025-10-18 02:35:45,785 [main] INFO  replication.ReplicationServer (ReplicationServer.java:start(137)) - ReplicationServer is started using port 9886
2025-10-18 02:35:45,785 [main] INFO  ratis.XceiverServerRatis (XceiverServerRatis.java:start(559)) - Starting XceiverServerRatis(3723dce1-02b0-4c32-a44a-c2c0df99587c)
2025-10-18 02:35:45,788 [main] INFO  server.RaftServer (RaftServerProxy.java:startImpl(412)) - 3723dce1-02b0-4c32-a44a-c2c0df99587c: start RPC server
2025-10-18 02:35:45,789 [main] INFO  server.GrpcServicesImpl (GrpcServicesImpl.java:startImpl(346)) - 3723dce1-02b0-4c32-a44a-c2c0df99587c: GrpcServicesImpl started, listening on 9858
2025-10-18 02:35:45,790 [main] INFO  ratis.XceiverServerRatis (XceiverServerRatis.java:getRealPort(586)) - XceiverServerRatis(3723dce1-02b0-4c32-a44a-c2c0df99587c) is started using port RATIS=9858
2025-10-18 02:35:45,790 [main] INFO  ratis.XceiverServerRatis (XceiverServerRatis.java:getRealPort(586)) - XceiverServerRatis(3723dce1-02b0-4c32-a44a-c2c0df99587c) is started using port RATIS_ADMIN=9858
2025-10-18 02:35:45,790 [JvmPauseMonitor27] INFO  util.JvmPauseMonitor (JvmPauseMonitor.java:run(146)) - JvmPauseMonitor-3723dce1-02b0-4c32-a44a-c2c0df99587c: Started
2025-10-18 02:35:45,790 [main] INFO  ratis.XceiverServerRatis (XceiverServerRatis.java:getRealPort(586)) - XceiverServerRatis(3723dce1-02b0-4c32-a44a-c2c0df99587c) is started using port RATIS_SERVER=9858
2025-10-18 02:35:45,791 [main] INFO  ratis.XceiverServerRatis (XceiverServerRatis.java:getRealPort(586)) - XceiverServerRatis(3723dce1-02b0-4c32-a44a-c2c0df99587c) is started using port RATIS_DATASTREAM=42323
2025-10-18 02:35:45,792 [main] INFO  utils.BackgroundService (BackgroundService.java:start(119)) - Starting service BlockDeletingService with interval 60000 milliseconds
2025-10-18 02:35:45,793 [main] INFO  utils.BackgroundService (BackgroundService.java:start(119)) - Starting service StaleRecoveringContainerScrubbingService with interval 60000 milliseconds
2025-10-18 02:35:45,794 [main] INFO  ipc.Server (Server.java:stop(3697)) - Stopping server on 41805
2025-10-18 02:35:45,795 [IPC Server listener on 41805] INFO  ipc.Server (Server.java:run(1585)) - Stopping IPC Server listener on 41805
2025-10-18 02:35:45,796 [IPC Server Responder] INFO  ipc.Server (Server.java:run(1718)) - Stopping IPC Server Responder
2025-10-18 02:35:45,796 [main] INFO  ozoneimpl.OzoneContainer (OzoneContainer.java:stop(568)) - Attempting to stop container services.
2025-10-18 02:35:45,797 [ContainerMetadataScanner] WARN  ozoneimpl.AbstractBackgroundContainerScanner (AbstractBackgroundContainerScanner.java:handleRemainingSleep(136)) - Background container scan was interrupted.
2025-10-18 02:35:45,797 [ContainerMetadataScanner] INFO  ozoneimpl.AbstractBackgroundContainerScanner (AbstractBackgroundContainerScanner.java:run(63)) - org.apache.hadoop.ozone.container.ozoneimpl.BackgroundContainerMetadataScanner@13db4efd exiting.
2025-10-18 02:35:45,797 [main] INFO  ozoneimpl.BackgroundContainerDataScanner (BackgroundContainerDataScanner.java:shutdown(87)) - ContainerDataScanner(/tmp/junit-9943467660440494746/5f6efeb1-07e4-4cb2-a5d1-224345be0128/hdds) is shutting down. 
2025-10-18 02:35:45,797 [ContainerDataScanner(/tmp/junit-9943467660440494746/5f6efeb1-07e4-4cb2-a5d1-224345be0128/hdds)] WARN  ozoneimpl.AbstractBackgroundContainerScanner (AbstractBackgroundContainerScanner.java:handleRemainingSleep(136)) - Background container scan was interrupted.
2025-10-18 02:35:45,797 [ContainerDataScanner(/tmp/junit-9943467660440494746/5f6efeb1-07e4-4cb2-a5d1-224345be0128/hdds)] INFO  ozoneimpl.AbstractBackgroundContainerScanner (AbstractBackgroundContainerScanner.java:run(63)) - ContainerDataScanner(/tmp/junit-9943467660440494746/5f6efeb1-07e4-4cb2-a5d1-224345be0128/hdds, DS-06b8608c-729d-4a44-a87b-746e8dcb78cc) exiting.
2025-10-18 02:35:45,797 [main] INFO  ozoneimpl.OnDemandContainerScanner (OnDemandContainerScanner.java:shutdown(141)) - On-demand container scanner is shutting down.
2025-10-18 02:35:45,798 [main] INFO  ratis.XceiverServerRatis (XceiverServerRatis.java:stop(594)) - Closing XceiverServerRatis(3723dce1-02b0-4c32-a44a-c2c0df99587c)
2025-10-18 02:35:45,798 [main] INFO  server.RaftServer (RaftServerProxy.java:lambda$close$9(422)) - 3723dce1-02b0-4c32-a44a-c2c0df99587c: close
2025-10-18 02:35:45,798 [main] INFO  server.GrpcServicesImpl (GrpcServicesImpl.java:closeImpl(355)) - 3723dce1-02b0-4c32-a44a-c2c0df99587c: shutdown server GrpcServerProtocolService now
2025-10-18 02:35:45,799 [main] INFO  server.GrpcServicesImpl (GrpcServicesImpl.java:closeImpl(364)) - 3723dce1-02b0-4c32-a44a-c2c0df99587c: shutdown server GrpcServerProtocolService successfully
2025-10-18 02:35:45,799 [3723dce1-02b0-4c32-a44a-c2c0df99587c-NettyServerStreamRpc-bossGroup--thread1] INFO  logging.LoggingHandler (AbstractInternalLogger.java:log(148)) - [id: 0xa6770cf4, L:/0.0.0.0:42323] CLOSE
2025-10-18 02:35:45,799 [3723dce1-02b0-4c32-a44a-c2c0df99587c-NettyServerStreamRpc-bossGroup--thread1] INFO  logging.LoggingHandler (AbstractInternalLogger.java:log(148)) - [id: 0xa6770cf4, L:/0.0.0.0:42323] INACTIVE
2025-10-18 02:35:45,799 [3723dce1-02b0-4c32-a44a-c2c0df99587c-NettyServerStreamRpc-bossGroup--thread1] INFO  logging.LoggingHandler (AbstractInternalLogger.java:log(148)) - [id: 0xa6770cf4, L:/0.0.0.0:42323] UNREGISTERED
2025-10-18 02:35:45,805 [JvmPauseMonitor27] INFO  util.JvmPauseMonitor (JvmPauseMonitor.java:run(152)) - JvmPauseMonitor-3723dce1-02b0-4c32-a44a-c2c0df99587c: Stopped
2025-10-18 02:35:47,809 [main] INFO  volume.HddsVolume (HddsVolume.java:closeDbStore(609)) - SchemaV3 db is stopped at /tmp/junit-9943467660440494746/5f6efeb1-07e4-4cb2-a5d1-224345be0128/hdds/clusterID/DS-06b8608c-729d-4a44-a87b-746e8dcb78cc/container.db for volume DS-06b8608c-729d-4a44-a87b-746e8dcb78cc
2025-10-18 02:35:47,810 [main] INFO  utils.BackgroundService (BackgroundService.java:shutdown(195)) - Shutting down service BlockDeletingService
2025-10-18 02:35:47,810 [main] INFO  utils.BackgroundService (BackgroundService.java:shutdown(195)) - Shutting down service StaleRecoveringContainerScrubbingService
]]></system-out>
  </testcase>
  <testcase name="testDBOnDbVolume(boolean)[1]" classname="org.apache.hadoop.ozone.container.upgrade.TestDatanodeUpgradeToSchemaV3" time="2.124">
    <system-out><![CDATA[2025-10-18 02:35:47,830 [LeakDetector-ManagedRocksObject0] WARN  managed.ManagedRocksObjectUtils (HddsUtils.java:reportLeak(902)) - ManagedColumnFamilyOptions is not closed properly
2025-10-18 02:35:47,830 [LeakDetector-ManagedRocksObject0] WARN  managed.ManagedRocksObjectUtils (HddsUtils.java:reportLeak(902)) - ManagedColumnFamilyOptions is not closed properly
2025-10-18 02:35:47,830 [LeakDetector-ManagedRocksObject0] WARN  managed.ManagedRocksObjectUtils (HddsUtils.java:reportLeak(902)) - ManagedColumnFamilyOptions is not closed properly
2025-10-18 02:35:47,830 [LeakDetector-ManagedRocksObject0] WARN  managed.ManagedRocksObjectUtils (HddsUtils.java:reportLeak(902)) - ManagedColumnFamilyOptions is not closed properly
2025-10-18 02:35:47,834 [main] INFO  ipc.CallQueueManager (CallQueueManager.java:<init>(93)) - Using callQueue: class java.util.concurrent.LinkedBlockingQueue, queueCapacity: 1000, scheduler: class org.apache.hadoop.ipc.DefaultRpcScheduler, ipcBackoff: false, ipcFailOver: false.
2025-10-18 02:35:47,834 [main] INFO  ipc.Server (Server.java:<init>(1438)) - Listener at localhost:33373
2025-10-18 02:35:47,835 [Socket Reader #1 for port 33373] INFO  ipc.Server (Server.java:run(1474)) - Starting Socket Reader #1 for port 33373
2025-10-18 02:35:47,835 [IPC Server Responder] INFO  ipc.Server (Server.java:run(1713)) - IPC Server Responder: starting
2025-10-18 02:35:47,835 [IPC Server listener on 33373] INFO  ipc.Server (Server.java:run(1553)) - IPC Server listener on 33373: starting
2025-10-18 02:35:47,839 [main] INFO  upgrade.AbstractLayoutVersionManager (AbstractLayoutVersionManager.java:init(80)) - Initializing Layout version manager with metadata layout = ERASURE_CODED_STORAGE_SUPPORT (version = 3), software layout = WITNESSED_CONTAINER_DB_PROTO_VALUE (version = 9)
2025-10-18 02:35:47,839 [main] INFO  upgrade.HDDSLayoutVersionManager (HDDSLayoutVersionManager.java:lambda$registerUpgradeActions$0(81)) - Registering Upgrade Action : DatanodeSchemaV3FinalizeAction
2025-10-18 02:35:47,839 [main] INFO  upgrade.HDDSLayoutVersionManager (HDDSLayoutVersionManager.java:lambda$registerUpgradeActions$0(81)) - Registering Upgrade Action : ContainerTableSchemaFinalizeAction
2025-10-18 02:35:47,840 [main] INFO  statemachine.DatanodeStateMachine (DatanodeStateMachine.java:getEndPointTaskThreadPoolSize(321)) - Datanode State Machine Task Thread Pool size 2
2025-10-18 02:35:47,841 [main] INFO  volume.HddsVolume (HddsVolume.java:<init>(162)) - HddsVolume: { id=fca3baaf-413a-4747-accb-700254058df2 dir=/home/runner/work/ozone/ozone/hadoop-hdds/container-service/file:/home/runner/work/ozone/ozone/hadoop-hdds/container-service/target/tmp/dfs/data type=DISK failed }
2025-10-18 02:35:47,841 [main] ERROR volume.MutableVolumeSet (MutableVolumeSet.java:initializeVolumeSet(194)) - Failed to parse the storage location: file:///home/runner/work/ozone/ozone/hadoop-hdds/container-service/target/tmp/dfs/data
org.apache.hadoop.ozone.common.InconsistentStorageStateException: Mismatched DatanodeUUIDs. Version File : /home/runner/work/ozone/ozone/hadoop-hdds/container-service/target/tmp/dfs/data/hdds/VERSION has datanodeUuid: c3d05b50-810d-4b78-be46-d77415fe1b4d and Datanode has datanodeUuid: a15ef8f1-805a-4c71-8bd5-0e0cfa7502da
	at org.apache.hadoop.ozone.container.common.utils.StorageVolumeUtil.getDatanodeUUID(StorageVolumeUtil.java:122)
	at org.apache.hadoop.ozone.container.common.volume.StorageVolume.readVersionFile(StorageVolume.java:385)
	at org.apache.hadoop.ozone.container.common.volume.StorageVolume.initializeImpl(StorageVolume.java:240)
	at org.apache.hadoop.ozone.container.common.volume.StorageVolume.initialize(StorageVolume.java:215)
	at org.apache.hadoop.ozone.container.common.volume.HddsVolume.<init>(HddsVolume.java:151)
	at org.apache.hadoop.ozone.container.common.volume.HddsVolume.<init>(HddsVolume.java:80)
	at org.apache.hadoop.ozone.container.common.volume.HddsVolume$Builder.build(HddsVolume.java:130)
	at org.apache.hadoop.ozone.container.common.volume.HddsVolumeFactory.createVolume(HddsVolumeFactory.java:46)
	at org.apache.hadoop.ozone.container.common.volume.MutableVolumeSet.initializeVolumeSet(MutableVolumeSet.java:172)
	at org.apache.hadoop.ozone.container.common.volume.MutableVolumeSet.<init>(MutableVolumeSet.java:130)
	at org.apache.hadoop.ozone.container.common.volume.MutableVolumeSet.<init>(MutableVolumeSet.java:92)
	at org.apache.hadoop.ozone.container.ozoneimpl.OzoneContainer.<init>(OzoneContainer.java:170)
	at org.apache.hadoop.ozone.container.common.statemachine.DatanodeStateMachine.<init>(DatanodeStateMachine.java:191)
	at org.apache.hadoop.ozone.container.common.statemachine.DatanodeStateMachine.<init>(DatanodeStateMachine.java:305)
	at org.apache.hadoop.ozone.container.upgrade.UpgradeTestHelper.startPreFinalizedDatanode(UpgradeTestHelper.java:88)
	at org.apache.hadoop.ozone.container.upgrade.TestDatanodeUpgradeToSchemaV3.testDBOnDbVolume(TestDatanodeUpgradeToSchemaV3.java:164)
	at java.base/jdk.internal.reflect.DirectMethodHandleAccessor.invoke(DirectMethodHandleAccessor.java:103)
	at java.base/java.lang.reflect.Method.invoke(Method.java:580)
	at org.junit.platform.commons.util.ReflectionUtils.invokeMethod(ReflectionUtils.java:786)
	at org.junit.platform.commons.support.ReflectionSupport.invokeMethod(ReflectionSupport.java:514)
	at org.junit.jupiter.engine.execution.MethodInvocation.proceed(MethodInvocation.java:60)
	at org.junit.jupiter.engine.execution.InvocationInterceptorChain$ValidatingInvocation.proceed(InvocationInterceptorChain.java:131)
	at org.junit.jupiter.engine.extension.SameThreadTimeoutInvocation.proceed(SameThreadTimeoutInvocation.java:49)
	at org.junit.jupiter.engine.extension.TimeoutExtension.intercept(TimeoutExtension.java:161)
	at org.junit.jupiter.engine.extension.TimeoutExtension.interceptTestableMethod(TimeoutExtension.java:152)
	at org.junit.jupiter.engine.extension.TimeoutExtension.interceptTestTemplateMethod(TimeoutExtension.java:99)
	at org.junit.jupiter.engine.execution.InterceptingExecutableInvoker$ReflectiveInterceptorCall.lambda$ofVoidMethod$0(InterceptingExecutableInvoker.java:112)
	at org.junit.jupiter.engine.execution.InterceptingExecutableInvoker.lambda$invoke$0(InterceptingExecutableInvoker.java:94)
	at org.junit.jupiter.engine.execution.InvocationInterceptorChain$InterceptedInvocation.proceed(InvocationInterceptorChain.java:106)
	at org.junit.jupiter.engine.execution.InvocationInterceptorChain.proceed(InvocationInterceptorChain.java:64)
	at org.junit.jupiter.engine.execution.InvocationInterceptorChain.chainAndInvoke(InvocationInterceptorChain.java:45)
	at org.junit.jupiter.engine.execution.InvocationInterceptorChain.invoke(InvocationInterceptorChain.java:37)
	at org.junit.jupiter.engine.execution.InterceptingExecutableInvoker.invoke(InterceptingExecutableInvoker.java:93)
	at org.junit.jupiter.engine.execution.InterceptingExecutableInvoker.invoke(InterceptingExecutableInvoker.java:87)
	at org.junit.jupiter.engine.descriptor.TestMethodTestDescriptor.lambda$invokeTestMethod$4(TestMethodTestDescriptor.java:221)
	at org.junit.platform.engine.support.hierarchical.ThrowableCollector.execute(ThrowableCollector.java:73)
	at org.junit.jupiter.engine.descriptor.TestMethodTestDescriptor.invokeTestMethod(TestMethodTestDescriptor.java:217)
	at org.junit.jupiter.engine.descriptor.TestMethodTestDescriptor.execute(TestMethodTestDescriptor.java:159)
	at org.junit.jupiter.engine.descriptor.TestMethodTestDescriptor.execute(TestMethodTestDescriptor.java:70)
	at org.junit.platform.engine.support.hierarchical.NodeTestTask.lambda$executeRecursively$6(NodeTestTask.java:157)
	at org.junit.platform.engine.support.hierarchical.ThrowableCollector.execute(ThrowableCollector.java:73)
	at org.junit.platform.engine.support.hierarchical.NodeTestTask.lambda$executeRecursively$8(NodeTestTask.java:147)
	at org.junit.platform.engine.support.hierarchical.Node.around(Node.java:137)
	at org.junit.platform.engine.support.hierarchical.NodeTestTask.lambda$executeRecursively$9(NodeTestTask.java:145)
	at org.junit.platform.engine.support.hierarchical.ThrowableCollector.execute(ThrowableCollector.java:73)
	at org.junit.platform.engine.support.hierarchical.NodeTestTask.executeRecursively(NodeTestTask.java:144)
	at org.junit.platform.engine.support.hierarchical.NodeTestTask.execute(NodeTestTask.java:101)
	at org.junit.platform.engine.support.hierarchical.SameThreadHierarchicalTestExecutorService.submit(SameThreadHierarchicalTestExecutorService.java:35)
	at org.junit.platform.engine.support.hierarchical.NodeTestTask$DefaultDynamicTestExecutor.execute(NodeTestTask.java:232)
	at org.junit.platform.engine.support.hierarchical.NodeTestTask$DefaultDynamicTestExecutor.execute(NodeTestTask.java:210)
	at org.junit.jupiter.engine.descriptor.TemplateExecutor.execute(TemplateExecutor.java:98)
	at org.junit.jupiter.engine.descriptor.TemplateExecutor.lambda$executeForProvider$0(TemplateExecutor.java:61)
	at java.base/java.util.Optional.ifPresent(Optional.java:178)
	at org.junit.jupiter.engine.descriptor.TemplateExecutor.lambda$executeForProvider$1(TemplateExecutor.java:61)
	at java.base/java.util.stream.ForEachOps$ForEachOp$OfRef.accept(ForEachOps.java:184)
	at java.base/java.util.stream.ReferencePipeline$3$1.accept(ReferencePipeline.java:197)
	at java.base/java.util.stream.ForEachOps$ForEachOp$OfRef.accept(ForEachOps.java:184)
	at java.base/java.util.stream.ForEachOps$ForEachOp$OfRef.accept(ForEachOps.java:184)
	at java.base/java.util.stream.ReferencePipeline$3$1.accept(ReferencePipeline.java:197)
	at java.base/java.util.Spliterators$ArraySpliterator.forEachRemaining(Spliterators.java:1024)
	at java.base/java.util.stream.AbstractPipeline.copyInto(AbstractPipeline.java:509)
	at java.base/java.util.stream.AbstractPipeline.wrapAndCopyInto(AbstractPipeline.java:499)
	at java.base/java.util.stream.ForEachOps$ForEachOp.evaluateSequential(ForEachOps.java:151)
	at java.base/java.util.stream.ForEachOps$ForEachOp$OfRef.evaluateSequential(ForEachOps.java:174)
	at java.base/java.util.stream.AbstractPipeline.evaluate(AbstractPipeline.java:234)
	at java.base/java.util.stream.ReferencePipeline.forEach(ReferencePipeline.java:596)
	at java.base/java.util.stream.ReferencePipeline$7$1.accept(ReferencePipeline.java:276)
	at java.base/java.util.ArrayList$ArrayListSpliterator.forEachRemaining(ArrayList.java:1708)
	at java.base/java.util.stream.AbstractPipeline.copyInto(AbstractPipeline.java:509)
	at java.base/java.util.stream.AbstractPipeline.wrapAndCopyInto(AbstractPipeline.java:499)
	at java.base/java.util.stream.ForEachOps$ForEachOp.evaluateSequential(ForEachOps.java:151)
	at java.base/java.util.stream.ForEachOps$ForEachOp$OfRef.evaluateSequential(ForEachOps.java:174)
	at java.base/java.util.stream.AbstractPipeline.evaluate(AbstractPipeline.java:234)
	at java.base/java.util.stream.ReferencePipeline.forEach(ReferencePipeline.java:596)
	at java.base/java.util.stream.ReferencePipeline$7$1.accept(ReferencePipeline.java:276)
	at java.base/java.util.stream.ReferencePipeline$3$1.accept(ReferencePipeline.java:197)
	at java.base/java.util.stream.ReferencePipeline$3$1.accept(ReferencePipeline.java:197)
	at java.base/java.util.stream.ReferencePipeline$3$1.accept(ReferencePipeline.java:197)
	at java.base/java.util.ArrayList$ArrayListSpliterator.forEachRemaining(ArrayList.java:1708)
	at java.base/java.util.stream.AbstractPipeline.copyInto(AbstractPipeline.java:509)
	at java.base/java.util.stream.AbstractPipeline.wrapAndCopyInto(AbstractPipeline.java:499)
	at java.base/java.util.stream.ForEachOps$ForEachOp.evaluateSequential(ForEachOps.java:151)
	at java.base/java.util.stream.ForEachOps$ForEachOp$OfRef.evaluateSequential(ForEachOps.java:174)
	at java.base/java.util.stream.AbstractPipeline.evaluate(AbstractPipeline.java:234)
	at java.base/java.util.stream.ReferencePipeline.forEach(ReferencePipeline.java:596)
	at org.junit.jupiter.engine.descriptor.TemplateExecutor.executeForProvider(TemplateExecutor.java:59)
	at org.junit.jupiter.engine.descriptor.TemplateExecutor.execute(TemplateExecutor.java:48)
	at org.junit.jupiter.engine.descriptor.TestTemplateTestDescriptor.execute(TestTemplateTestDescriptor.java:112)
	at org.junit.jupiter.engine.descriptor.TestTemplateTestDescriptor.execute(TestTemplateTestDescriptor.java:40)
	at org.junit.platform.engine.support.hierarchical.NodeTestTask.lambda$executeRecursively$6(NodeTestTask.java:157)
	at org.junit.platform.engine.support.hierarchical.ThrowableCollector.execute(ThrowableCollector.java:73)
	at org.junit.platform.engine.support.hierarchical.NodeTestTask.lambda$executeRecursively$8(NodeTestTask.java:147)
	at org.junit.platform.engine.support.hierarchical.Node.around(Node.java:137)
	at org.junit.platform.engine.support.hierarchical.NodeTestTask.lambda$executeRecursively$9(NodeTestTask.java:145)
	at org.junit.platform.engine.support.hierarchical.ThrowableCollector.execute(ThrowableCollector.java:73)
	at org.junit.platform.engine.support.hierarchical.NodeTestTask.executeRecursively(NodeTestTask.java:144)
	at org.junit.platform.engine.support.hierarchical.NodeTestTask.execute(NodeTestTask.java:101)
	at java.base/java.util.ArrayList.forEach(ArrayList.java:1596)
	at org.junit.platform.engine.support.hierarchical.SameThreadHierarchicalTestExecutorService.invokeAll(SameThreadHierarchicalTestExecutorService.java:41)
	at org.junit.platform.engine.support.hierarchical.NodeTestTask.lambda$executeRecursively$6(NodeTestTask.java:161)
	at org.junit.platform.engine.support.hierarchical.ThrowableCollector.execute(ThrowableCollector.java:73)
	at org.junit.platform.engine.support.hierarchical.NodeTestTask.lambda$executeRecursively$8(NodeTestTask.java:147)
	at org.junit.platform.engine.support.hierarchical.Node.around(Node.java:137)
	at org.junit.platform.engine.support.hierarchical.NodeTestTask.lambda$executeRecursively$9(NodeTestTask.java:145)
	at org.junit.platform.engine.support.hierarchical.ThrowableCollector.execute(ThrowableCollector.java:73)
	at org.junit.platform.engine.support.hierarchical.NodeTestTask.executeRecursively(NodeTestTask.java:144)
	at org.junit.platform.engine.support.hierarchical.NodeTestTask.execute(NodeTestTask.java:101)
	at java.base/java.util.ArrayList.forEach(ArrayList.java:1596)
	at org.junit.platform.engine.support.hierarchical.SameThreadHierarchicalTestExecutorService.invokeAll(SameThreadHierarchicalTestExecutorService.java:41)
	at org.junit.platform.engine.support.hierarchical.NodeTestTask.lambda$executeRecursively$6(NodeTestTask.java:161)
	at org.junit.platform.engine.support.hierarchical.ThrowableCollector.execute(ThrowableCollector.java:73)
	at org.junit.platform.engine.support.hierarchical.NodeTestTask.lambda$executeRecursively$8(NodeTestTask.java:147)
	at org.junit.platform.engine.support.hierarchical.Node.around(Node.java:137)
	at org.junit.platform.engine.support.hierarchical.NodeTestTask.lambda$executeRecursively$9(NodeTestTask.java:145)
	at org.junit.platform.engine.support.hierarchical.ThrowableCollector.execute(ThrowableCollector.java:73)
	at org.junit.platform.engine.support.hierarchical.NodeTestTask.executeRecursively(NodeTestTask.java:144)
	at org.junit.platform.engine.support.hierarchical.NodeTestTask.execute(NodeTestTask.java:101)
	at org.junit.platform.engine.support.hierarchical.SameThreadHierarchicalTestExecutorService.submit(SameThreadHierarchicalTestExecutorService.java:35)
	at org.junit.platform.engine.support.hierarchical.HierarchicalTestExecutor.execute(HierarchicalTestExecutor.java:57)
	at org.junit.platform.engine.support.hierarchical.HierarchicalTestEngine.execute(HierarchicalTestEngine.java:54)
	at org.junit.platform.launcher.core.EngineExecutionOrchestrator.executeEngine(EngineExecutionOrchestrator.java:230)
	at org.junit.platform.launcher.core.EngineExecutionOrchestrator.failOrExecuteEngine(EngineExecutionOrchestrator.java:204)
	at org.junit.platform.launcher.core.EngineExecutionOrchestrator.execute(EngineExecutionOrchestrator.java:172)
	at org.junit.platform.launcher.core.EngineExecutionOrchestrator.execute(EngineExecutionOrchestrator.java:101)
	at org.junit.platform.launcher.core.EngineExecutionOrchestrator.lambda$execute$0(EngineExecutionOrchestrator.java:64)
	at org.junit.platform.launcher.core.EngineExecutionOrchestrator.withInterceptedStreams(EngineExecutionOrchestrator.java:150)
	at org.junit.platform.launcher.core.EngineExecutionOrchestrator.execute(EngineExecutionOrchestrator.java:63)
	at org.junit.platform.launcher.core.DefaultLauncher.execute(DefaultLauncher.java:109)
	at org.junit.platform.launcher.core.DefaultLauncher.execute(DefaultLauncher.java:91)
	at org.junit.platform.launcher.core.DelegatingLauncher.execute(DelegatingLauncher.java:47)
	at org.junit.platform.launcher.core.InterceptingLauncher.lambda$execute$1(InterceptingLauncher.java:39)
	at org.junit.platform.launcher.core.ClasspathAlignmentCheckingLauncherInterceptor.intercept(ClasspathAlignmentCheckingLauncherInterceptor.java:25)
	at org.junit.platform.launcher.core.InterceptingLauncher.execute(InterceptingLauncher.java:38)
	at org.junit.platform.launcher.core.DelegatingLauncher.execute(DelegatingLauncher.java:47)
	at org.apache.maven.surefire.junitplatform.LazyLauncher.execute(LazyLauncher.java:56)
	at org.apache.maven.surefire.junitplatform.JUnitPlatformProvider.execute(JUnitPlatformProvider.java:184)
	at org.apache.maven.surefire.junitplatform.JUnitPlatformProvider.invokeAllTests(JUnitPlatformProvider.java:148)
	at org.apache.maven.surefire.junitplatform.JUnitPlatformProvider.invoke(JUnitPlatformProvider.java:120)
	at org.apache.maven.surefire.booter.ForkedBooter.runSuitesInProcess(ForkedBooter.java:385)
	at org.apache.maven.surefire.booter.ForkedBooter.execute(ForkedBooter.java:162)
	at org.apache.maven.surefire.booter.ForkedBooter.run(ForkedBooter.java:507)
	at org.apache.maven.surefire.booter.ForkedBooter.main(ForkedBooter.java:495)
2025-10-18 02:35:47,842 [main] INFO  volume.HddsVolume (HddsVolume.java:<init>(162)) - HddsVolume: { id=DS-26152103-3c62-4430-a15d-bae5a72bda9a dir=/tmp/junit-17039645143720291493/f073c182-19cc-45fa-8c22-d5d8f6b3ce3f/hdds type=DISK capacity=9222449699674390527 used=0 available=9222449699674390527 minFree=184448985434423296 committed=0 }
2025-10-18 02:35:47,842 [main] INFO  volume.MutableVolumeSet (MutableVolumeSet.java:initializeVolumeSet(175)) - Added Volume : /tmp/junit-17039645143720291493/f073c182-19cc-45fa-8c22-d5d8f6b3ce3f/hdds to VolumeSet
2025-10-18 02:35:47,843 [main] WARN  server.ServerUtils (ServerUtils.java:getDefaultRatisDirectory(304)) - Storage directory for Ratis is not configured. It is a good idea to map this to an SSD disk. Falling back to ozone.metadata.dirs
2025-10-18 02:35:47,843 [main] INFO  volume.MutableVolumeSet (MutableVolumeSet.java:initializeVolumeSet(175)) - Added Volume : /tmp/junit-17039645143720291493/ratis to VolumeSet
2025-10-18 02:35:47,844 [main] INFO  volume.DbVolume (DbVolume.java:<init>(63)) - DbVolume: { id=DS-938c709d-f7fc-4f0a-9461-a19ee32a8e5d dir=/tmp/junit-17039645143720291493/e602e35c-1879-4ec5-8368-c3d797748d76/db type=DISK capacity=9222449699674390527 used=0 available=9222449699674390527 minFree=0 committed=0 }
2025-10-18 02:35:47,844 [main] INFO  volume.MutableVolumeSet (MutableVolumeSet.java:initializeVolumeSet(175)) - Added Volume : /tmp/junit-17039645143720291493/e602e35c-1879-4ec5-8368-c3d797748d76/db to VolumeSet
2025-10-18 02:35:47,844 [main] WARN  db.DBStoreBuilder (DBStoreBuilder.java:getDBDirPath(157)) - ozone.scm.datanode.id.dir is not configured. We recommend adding this setting. Falling back to ozone.metadata.dirs instead.
2025-10-18 02:35:47,845 [main] WARN  db.DBStoreBuilder (DBStoreBuilder.java:getDBDirPath(157)) - ozone.scm.datanode.id.dir is not configured. We recommend adding this setting. Falling back to ozone.metadata.dirs instead.
2025-10-18 02:35:47,858 [main] INFO  impl.FilePerChunkStrategy (FilePerChunkStrategy.java:<init>(79)) - ozone.chunk.read.mapped.buffer.max.count is load with 0
2025-10-18 02:35:47,858 [main] INFO  impl.FilePerBlockStrategy (FilePerBlockStrategy.java:<init>(88)) - ozone.chunk.read.mapped.buffer.max.count is load with 0
2025-10-18 02:35:47,859 [main] INFO  server.RaftServerConfigKeys (ConfUtils.java:logGet(62)) - raft.server.log.appender.buffer.byte-limit = 33554432 (custom)
2025-10-18 02:35:47,859 [main] WARN  server.ServerUtils (ServerUtils.java:getDefaultRatisDirectory(304)) - Storage directory for Ratis is not configured. It is a good idea to map this to an SSD disk. Falling back to ozone.metadata.dirs
2025-10-18 02:35:47,860 [main] INFO  grpc.GrpcConfigKeys (ConfUtils.java:logFallback(69)) - raft.grpc.admin.host = null (fallback to raft.grpc.server.host)
2025-10-18 02:35:47,860 [main] INFO  grpc.GrpcConfigKeys (ConfUtils.java:logFallback(69)) - raft.grpc.client.host = null (fallback to raft.grpc.server.host)
2025-10-18 02:35:47,861 [main] INFO  server.GrpcServicesImpl (ConfUtils.java:logGet(62)) - raft.grpc.message.size.max = 34603008 (custom)
2025-10-18 02:35:47,861 [main] INFO  server.GrpcServicesImpl (ConfUtils.java:logGet(62)) - raft.grpc.flow.control.window = 5MB (=5242880) (custom)
2025-10-18 02:35:47,861 [main] INFO  server.RaftServerConfigKeys (ConfUtils.java:logGet(62)) - raft.server.log.appender.buffer.byte-limit = 33554432 (custom)
2025-10-18 02:35:47,862 [main] INFO  netty.NettyUtils (NettyUtils.java:newEventLoopGroup(74)) - Create EpollEventLoopGroup for a15ef8f1-805a-4c71-8bd5-0e0cfa7502da-NettyServerStreamRpc-bossGroup; Thread size is 0.
2025-10-18 02:35:47,862 [main] INFO  netty.NettyUtils (NettyUtils.java:newEventLoopGroup(74)) - Create EpollEventLoopGroup for a15ef8f1-805a-4c71-8bd5-0e0cfa7502da-NettyServerStreamRpc-workerGroup; Thread size is 0.
2025-10-18 02:35:47,863 [main] INFO  server.RaftServerConfigKeys (ConfUtils.java:logGet(62)) - raft.server.storage.dir = [/tmp/junit-17039645143720291493/ratis] (custom)
2025-10-18 02:35:47,863 [a15ef8f1-805a-4c71-8bd5-0e0cfa7502da-NettyServerStreamRpc-bossGroup--thread1] INFO  logging.LoggingHandler (AbstractInternalLogger.java:log(148)) - [id: 0xee9baa49] REGISTERED
2025-10-18 02:35:47,863 [a15ef8f1-805a-4c71-8bd5-0e0cfa7502da-NettyServerStreamRpc-bossGroup--thread1] INFO  logging.LoggingHandler (AbstractInternalLogger.java:log(148)) - [id: 0xee9baa49] BIND: 0.0.0.0/0.0.0.0:0
2025-10-18 02:35:47,863 [a15ef8f1-805a-4c71-8bd5-0e0cfa7502da-NettyServerStreamRpc-bossGroup--thread1] INFO  logging.LoggingHandler (AbstractInternalLogger.java:log(148)) - [id: 0xee9baa49, L:/0.0.0.0:40365] ACTIVE
2025-10-18 02:35:47,863 [a15ef8f1-805a-4c71-8bd5-0e0cfa7502da-impl-thread1] INFO  server.RaftServer (RaftServerProxy.java:initGroupDir(270)) - a15ef8f1-805a-4c71-8bd5-0e0cfa7502da: found a subdirectory /tmp/junit-17039645143720291493/ratis/tmp
2025-10-18 02:35:47,864 [a15ef8f1-805a-4c71-8bd5-0e0cfa7502da-impl-thread1] INFO  server.RaftServer (RaftServerProxy.java:initGroupDir(275)) - a15ef8f1-805a-4c71-8bd5-0e0cfa7502da: The directory /tmp/junit-17039645143720291493/ratis/tmp is not a group directory; ignoring it. 
2025-10-18 02:35:47,864 [main] INFO  replication.ReplicationServer (ReplicationServer.java:<init>(84)) - Initializing replication server with thread count = 10 queue length = 4096
2025-10-18 02:35:47,864 [main] INFO  server.XceiverServerGrpc (XceiverServerGrpc.java:<init>(129)) - GrpcServer channel type EpollServerSocketChannel
2025-10-18 02:35:47,865 [main] INFO  replication.ReplicationSupervisor (ReplicationSupervisor.java:build(169)) - Initializing replication supervisor with thread count = 10
2025-10-18 02:35:47,865 [main] INFO  replication.ReplicationSupervisor (ReplicationSupervisor.java:nodeStateUpdated(358)) - Node state updated to IN_SERVICE, scaling executor pool size to 10
2025-10-18 02:35:47,873 [a15ef8f1-805a-4c71-8bd5-0e0cfa7502da-ContainerReader-0] INFO  ozoneimpl.ContainerReader (ContainerReader.java:readVolume(147)) - Start to verify containers on volume /tmp/junit-17039645143720291493/f073c182-19cc-45fa-8c22-d5d8f6b3ce3f/hdds
2025-10-18 02:35:47,873 [a15ef8f1-805a-4c71-8bd5-0e0cfa7502da-ContainerReader-0] INFO  ozoneimpl.ContainerReader (ContainerReader.java:readVolume(177)) - Finish verifying containers on volume /tmp/junit-17039645143720291493/f073c182-19cc-45fa-8c22-d5d8f6b3ce3f/hdds
2025-10-18 02:35:47,873 [main] INFO  ozoneimpl.OzoneContainer (OzoneContainer.java:buildContainerSet(359)) - Build ContainerSet costs 0s
2025-10-18 02:35:47,873 [main] INFO  volume.ThrottledAsyncChecker (ThrottledAsyncChecker.java:schedule(138)) - Scheduling a check for /tmp/junit-17039645143720291493/f073c182-19cc-45fa-8c22-d5d8f6b3ce3f/hdds
2025-10-18 02:35:47,874 [main] INFO  volume.StorageVolumeChecker (StorageVolumeChecker.java:checkAllVolumes(231)) - Scheduled health check for volume /tmp/junit-17039645143720291493/f073c182-19cc-45fa-8c22-d5d8f6b3ce3f/hdds
2025-10-18 02:35:47,875 [main] INFO  volume.ThrottledAsyncChecker (ThrottledAsyncChecker.java:schedule(138)) - Scheduling a check for /tmp/junit-17039645143720291493/ratis
2025-10-18 02:35:47,875 [main] INFO  volume.StorageVolumeChecker (StorageVolumeChecker.java:checkAllVolumes(231)) - Scheduled health check for volume /tmp/junit-17039645143720291493/ratis
2025-10-18 02:35:47,876 [main] INFO  volume.ThrottledAsyncChecker (ThrottledAsyncChecker.java:schedule(138)) - Scheduling a check for /tmp/junit-17039645143720291493/e602e35c-1879-4ec5-8368-c3d797748d76/db
2025-10-18 02:35:47,876 [main] INFO  volume.StorageVolumeChecker (StorageVolumeChecker.java:checkAllVolumes(231)) - Scheduled health check for volume /tmp/junit-17039645143720291493/e602e35c-1879-4ec5-8368-c3d797748d76/db
2025-10-18 02:35:47,877 [main] INFO  ozoneimpl.OzoneContainer (OzoneContainer.java:start(544)) - Attempting to start container services.
2025-10-18 02:35:47,877 [ContainerMetadataScanner] INFO  ozoneimpl.AbstractBackgroundContainerScanner (AbstractBackgroundContainerScanner.java:runIteration(89)) - Completed an iteration in 0 minutes. Number of iterations (since the data-node restart) : 1, Number of containers scanned in this iteration : 0, Number of unhealthy containers found in this iteration : 0
2025-10-18 02:35:47,878 [ContainerDataScanner(/tmp/junit-17039645143720291493/f073c182-19cc-45fa-8c22-d5d8f6b3ce3f/hdds)] INFO  ozoneimpl.AbstractBackgroundContainerScanner (AbstractBackgroundContainerScanner.java:runIteration(89)) - Completed an iteration in 0 minutes. Number of iterations (since the data-node restart) : 1, Number of containers scanned in this iteration : 0, Number of unhealthy containers found in this iteration : 0
2025-10-18 02:35:47,878 [main] INFO  replication.ReplicationServer (ReplicationServer.java:start(137)) - ReplicationServer is started using port 9886
2025-10-18 02:35:47,878 [main] INFO  ratis.XceiverServerRatis (XceiverServerRatis.java:start(559)) - Starting XceiverServerRatis(a15ef8f1-805a-4c71-8bd5-0e0cfa7502da)
2025-10-18 02:35:47,881 [main] INFO  server.RaftServer (RaftServerProxy.java:startImpl(412)) - a15ef8f1-805a-4c71-8bd5-0e0cfa7502da: start RPC server
2025-10-18 02:35:47,881 [main] INFO  server.GrpcServicesImpl (GrpcServicesImpl.java:startImpl(346)) - a15ef8f1-805a-4c71-8bd5-0e0cfa7502da: GrpcServicesImpl started, listening on 9858
2025-10-18 02:35:47,882 [main] INFO  ratis.XceiverServerRatis (XceiverServerRatis.java:getRealPort(586)) - XceiverServerRatis(a15ef8f1-805a-4c71-8bd5-0e0cfa7502da) is started using port RATIS=9858
2025-10-18 02:35:47,882 [JvmPauseMonitor28] INFO  util.JvmPauseMonitor (JvmPauseMonitor.java:run(146)) - JvmPauseMonitor-a15ef8f1-805a-4c71-8bd5-0e0cfa7502da: Started
2025-10-18 02:35:47,882 [main] INFO  ratis.XceiverServerRatis (XceiverServerRatis.java:getRealPort(586)) - XceiverServerRatis(a15ef8f1-805a-4c71-8bd5-0e0cfa7502da) is started using port RATIS_ADMIN=9858
2025-10-18 02:35:47,882 [main] INFO  ratis.XceiverServerRatis (XceiverServerRatis.java:getRealPort(586)) - XceiverServerRatis(a15ef8f1-805a-4c71-8bd5-0e0cfa7502da) is started using port RATIS_SERVER=9858
2025-10-18 02:35:47,882 [main] INFO  ratis.XceiverServerRatis (XceiverServerRatis.java:getRealPort(586)) - XceiverServerRatis(a15ef8f1-805a-4c71-8bd5-0e0cfa7502da) is started using port RATIS_DATASTREAM=40365
2025-10-18 02:35:47,883 [main] INFO  utils.BackgroundService (BackgroundService.java:start(119)) - Starting service BlockDeletingService with interval 60000 milliseconds
2025-10-18 02:35:47,884 [main] INFO  utils.BackgroundService (BackgroundService.java:start(119)) - Starting service StaleRecoveringContainerScrubbingService with interval 60000 milliseconds
2025-10-18 02:35:47,884 [main] INFO  upgrade.UpgradeFinalizer (BasicUpgradeFinalizer.java:logAndEmit(395)) - Finalization started.
2025-10-18 02:35:47,885 [main] INFO  upgrade.UpgradeFinalizer (BasicUpgradeFinalizer.java:runFinalizationAction(270)) - Running finalization actions for layout feature: DATANODE_SCHEMA_V3
2025-10-18 02:35:47,885 [main] INFO  upgrade.DatanodeSchemaV3FinalizeAction (DatanodeSchemaV3FinalizeAction.java:execute(49)) - Upgrading Datanode volume layout for Schema V3 support.
2025-10-18 02:35:47,910 [main] INFO  utils.DatanodeStoreCache (DatanodeStoreCache.java:addDB(70)) - Added db /tmp/junit-17039645143720291493/e602e35c-1879-4ec5-8368-c3d797748d76/db/clusterID/DS-d15c5f2c-a702-4d2a-8455-c4dd88fd3770/container.db to cache
2025-10-18 02:35:47,910 [main] INFO  volume.HddsVolume (HddsVolume.java:createDbStore(576)) - SchemaV3 db is created and loaded at /tmp/junit-17039645143720291493/e602e35c-1879-4ec5-8368-c3d797748d76/db/clusterID/DS-d15c5f2c-a702-4d2a-8455-c4dd88fd3770/container.db for volume DS-d15c5f2c-a702-4d2a-8455-c4dd88fd3770
2025-10-18 02:35:47,911 [main] INFO  utils.DatanodeStoreCache (DatanodeStoreCache.java:removeDB(104)) - Removed db /tmp/junit-17039645143720291493/e602e35c-1879-4ec5-8368-c3d797748d76/db/clusterID/DS-d15c5f2c-a702-4d2a-8455-c4dd88fd3770/container.db from cache
2025-10-18 02:35:47,911 [main] INFO  volume.HddsVolume (HddsVolume.java:closeDbStore(609)) - SchemaV3 db is stopped at /tmp/junit-17039645143720291493/e602e35c-1879-4ec5-8368-c3d797748d76/db/clusterID/DS-d15c5f2c-a702-4d2a-8455-c4dd88fd3770/container.db for volume DS-d15c5f2c-a702-4d2a-8455-c4dd88fd3770
2025-10-18 02:35:47,911 [main] INFO  upgrade.DatanodeSchemaV3FinalizeAction (DatanodeSchemaV3FinalizeAction.java:execute(75)) - Schema V3 is disabled. Won't load RocksDB in upgrade.
2025-10-18 02:35:47,912 [main] INFO  upgrade.AbstractLayoutVersionManager (AbstractLayoutVersionManager.java:finalized(124)) - Layout feature DATANODE_SCHEMA_V3 has been finalized.
2025-10-18 02:35:47,912 [main] INFO  upgrade.UpgradeFinalizer (BasicUpgradeFinalizer.java:logAndEmit(395)) - No onFinalize work defined for feature: RATIS_DATASTREAM_PORT_IN_DATANODEDETAILS.
2025-10-18 02:35:47,913 [main] INFO  upgrade.AbstractLayoutVersionManager (AbstractLayoutVersionManager.java:finalized(124)) - Layout feature RATIS_DATASTREAM_PORT_IN_DATANODEDETAILS has been finalized.
2025-10-18 02:35:47,913 [main] INFO  upgrade.UpgradeFinalizer (BasicUpgradeFinalizer.java:logAndEmit(395)) - No onFinalize work defined for feature: WEBUI_PORTS_IN_DATANODEDETAILS.
2025-10-18 02:35:47,914 [main] INFO  upgrade.AbstractLayoutVersionManager (AbstractLayoutVersionManager.java:finalized(124)) - Layout feature WEBUI_PORTS_IN_DATANODEDETAILS has been finalized.
2025-10-18 02:35:47,914 [main] INFO  upgrade.UpgradeFinalizer (BasicUpgradeFinalizer.java:logAndEmit(395)) - No onFinalize work defined for feature: HADOOP_PRC_PORTS_IN_DATANODEDETAILS.
2025-10-18 02:35:47,915 [main] INFO  upgrade.AbstractLayoutVersionManager (AbstractLayoutVersionManager.java:finalized(124)) - Layout feature HADOOP_PRC_PORTS_IN_DATANODEDETAILS has been finalized.
2025-10-18 02:35:47,916 [main] INFO  upgrade.UpgradeFinalizer (BasicUpgradeFinalizer.java:logAndEmit(395)) - No onFinalize work defined for feature: HBASE_SUPPORT.
2025-10-18 02:35:47,917 [main] INFO  upgrade.AbstractLayoutVersionManager (AbstractLayoutVersionManager.java:finalized(124)) - Layout feature HBASE_SUPPORT has been finalized.
2025-10-18 02:35:47,917 [main] INFO  upgrade.UpgradeFinalizer (BasicUpgradeFinalizer.java:runFinalizationAction(270)) - Running finalization actions for layout feature: WITNESSED_CONTAINER_DB_PROTO_VALUE
2025-10-18 02:35:47,918 [main] INFO  upgrade.ContainerTableSchemaFinalizeAction (ContainerTableSchemaFinalizeAction.java:execute(71)) - Finished copy to containerIdsTable from previous table
2025-10-18 02:35:47,919 [main] INFO  upgrade.AbstractLayoutVersionManager (AbstractLayoutVersionManager.java:finalized(124)) - Layout feature WITNESSED_CONTAINER_DB_PROTO_VALUE has been finalized.
2025-10-18 02:35:47,919 [main] INFO  upgrade.AbstractLayoutVersionManager (AbstractLayoutVersionManager.java:finalized(126)) - Finalization is complete.
2025-10-18 02:35:47,919 [main] INFO  upgrade.UpgradeFinalizer (BasicUpgradeFinalizer.java:logAndEmit(395)) - Finalization is done.
2025-10-18 02:35:47,926 [main] INFO  ipc.Server (Server.java:stop(3697)) - Stopping server on 33373
2025-10-18 02:35:47,927 [IPC Server Responder] INFO  ipc.Server (Server.java:run(1718)) - Stopping IPC Server Responder
2025-10-18 02:35:47,927 [IPC Server listener on 33373] INFO  ipc.Server (Server.java:run(1585)) - Stopping IPC Server listener on 33373
2025-10-18 02:35:47,927 [main] INFO  ozoneimpl.OzoneContainer (OzoneContainer.java:stop(568)) - Attempting to stop container services.
2025-10-18 02:35:47,928 [ContainerMetadataScanner] WARN  ozoneimpl.AbstractBackgroundContainerScanner (AbstractBackgroundContainerScanner.java:handleRemainingSleep(136)) - Background container scan was interrupted.
2025-10-18 02:35:47,928 [ContainerMetadataScanner] INFO  ozoneimpl.AbstractBackgroundContainerScanner (AbstractBackgroundContainerScanner.java:run(63)) - org.apache.hadoop.ozone.container.ozoneimpl.BackgroundContainerMetadataScanner@4940bebf exiting.
2025-10-18 02:35:47,928 [main] INFO  ozoneimpl.BackgroundContainerDataScanner (BackgroundContainerDataScanner.java:shutdown(87)) - ContainerDataScanner(/tmp/junit-17039645143720291493/f073c182-19cc-45fa-8c22-d5d8f6b3ce3f/hdds) is shutting down. 
2025-10-18 02:35:47,928 [ContainerDataScanner(/tmp/junit-17039645143720291493/f073c182-19cc-45fa-8c22-d5d8f6b3ce3f/hdds)] WARN  ozoneimpl.AbstractBackgroundContainerScanner (AbstractBackgroundContainerScanner.java:handleRemainingSleep(136)) - Background container scan was interrupted.
2025-10-18 02:35:47,928 [ContainerDataScanner(/tmp/junit-17039645143720291493/f073c182-19cc-45fa-8c22-d5d8f6b3ce3f/hdds)] INFO  ozoneimpl.AbstractBackgroundContainerScanner (AbstractBackgroundContainerScanner.java:run(63)) - ContainerDataScanner(/tmp/junit-17039645143720291493/f073c182-19cc-45fa-8c22-d5d8f6b3ce3f/hdds, DS-d15c5f2c-a702-4d2a-8455-c4dd88fd3770) exiting.
2025-10-18 02:35:47,929 [main] INFO  ozoneimpl.OnDemandContainerScanner (OnDemandContainerScanner.java:shutdown(141)) - On-demand container scanner is shutting down.
2025-10-18 02:35:47,929 [main] INFO  ratis.XceiverServerRatis (XceiverServerRatis.java:stop(594)) - Closing XceiverServerRatis(a15ef8f1-805a-4c71-8bd5-0e0cfa7502da)
2025-10-18 02:35:47,929 [main] INFO  server.RaftServer (RaftServerProxy.java:lambda$close$9(422)) - a15ef8f1-805a-4c71-8bd5-0e0cfa7502da: close
2025-10-18 02:35:47,929 [main] INFO  server.GrpcServicesImpl (GrpcServicesImpl.java:closeImpl(355)) - a15ef8f1-805a-4c71-8bd5-0e0cfa7502da: shutdown server GrpcServerProtocolService now
2025-10-18 02:35:47,930 [main] INFO  server.GrpcServicesImpl (GrpcServicesImpl.java:closeImpl(364)) - a15ef8f1-805a-4c71-8bd5-0e0cfa7502da: shutdown server GrpcServerProtocolService successfully
2025-10-18 02:35:47,930 [a15ef8f1-805a-4c71-8bd5-0e0cfa7502da-NettyServerStreamRpc-bossGroup--thread1] INFO  logging.LoggingHandler (AbstractInternalLogger.java:log(148)) - [id: 0xee9baa49, L:/0.0.0.0:40365] CLOSE
2025-10-18 02:35:47,930 [a15ef8f1-805a-4c71-8bd5-0e0cfa7502da-NettyServerStreamRpc-bossGroup--thread1] INFO  logging.LoggingHandler (AbstractInternalLogger.java:log(148)) - [id: 0xee9baa49, L:/0.0.0.0:40365] INACTIVE
2025-10-18 02:35:47,930 [a15ef8f1-805a-4c71-8bd5-0e0cfa7502da-NettyServerStreamRpc-bossGroup--thread1] INFO  logging.LoggingHandler (AbstractInternalLogger.java:log(148)) - [id: 0xee9baa49, L:/0.0.0.0:40365] UNREGISTERED
2025-10-18 02:35:47,933 [JvmPauseMonitor28] INFO  util.JvmPauseMonitor (JvmPauseMonitor.java:run(152)) - JvmPauseMonitor-a15ef8f1-805a-4c71-8bd5-0e0cfa7502da: Stopped
2025-10-18 02:35:49,937 [main] INFO  utils.BackgroundService (BackgroundService.java:shutdown(195)) - Shutting down service BlockDeletingService
2025-10-18 02:35:49,938 [main] INFO  utils.BackgroundService (BackgroundService.java:shutdown(195)) - Shutting down service StaleRecoveringContainerScrubbingService
]]></system-out>
  </testcase>
  <testcase name="testDBOnDbVolume(boolean)[2]" classname="org.apache.hadoop.ozone.container.upgrade.TestDatanodeUpgradeToSchemaV3" time="0.016">
    <error message="Problem binding to [localhost:45645] java.net.BindException: Address already in use; For more details see:  http://wiki.apache.org/hadoop/BindException" type="java.net.BindException"><![CDATA[java.net.BindException: Problem binding to [localhost:45645] java.net.BindException: Address already in use; For more details see:  http://wiki.apache.org/hadoop/BindException
	at java.base/jdk.internal.reflect.DirectConstructorHandleAccessor.newInstance(DirectConstructorHandleAccessor.java:62)
	at java.base/java.lang.reflect.Constructor.newInstanceWithCaller(Constructor.java:502)
	at java.base/java.lang.reflect.Constructor.newInstance(Constructor.java:486)
	at org.apache.hadoop.net.NetUtils.wrapWithMessage(NetUtils.java:961)
	at org.apache.hadoop.net.NetUtils.wrapException(NetUtils.java:857)
	at org.apache.hadoop.ipc.Server.bind(Server.java:715)
	at org.apache.hadoop.ipc.Server$Listener.<init>(Server.java:1435)
	at org.apache.hadoop.ipc.Server.<init>(Server.java:3364)
	at org.apache.hadoop.ipc.RPC$Server.<init>(RPC.java:1196)
	at org.apache.hadoop.ipc.ProtobufRpcEngine2$Server.<init>(ProtobufRpcEngine2.java:485)
	at org.apache.hadoop.ipc.ProtobufRpcEngine$Server.<init>(ProtobufRpcEngine.java:452)
	at org.apache.hadoop.ipc.ProtobufRpcEngine.getServer(ProtobufRpcEngine.java:375)
	at org.apache.hadoop.ipc.RPC$Builder.build(RPC.java:986)
	at org.apache.hadoop.ozone.container.common.SCMTestUtils.startRpcServer(SCMTestUtils.java:80)
	at org.apache.hadoop.ozone.container.common.SCMTestUtils.startScmRpcServer(SCMTestUtils.java:106)
	at org.apache.hadoop.ozone.container.upgrade.TestDatanodeUpgradeToSchemaV3.testDBOnDbVolume(TestDatanodeUpgradeToSchemaV3.java:159)
	at java.base/java.lang.reflect.Method.invoke(Method.java:580)
	at java.base/java.util.Optional.ifPresent(Optional.java:178)
	at java.base/java.util.stream.ForEachOps$ForEachOp$OfRef.accept(ForEachOps.java:184)
	at java.base/java.util.stream.ReferencePipeline$3$1.accept(ReferencePipeline.java:197)
	at java.base/java.util.stream.ForEachOps$ForEachOp$OfRef.accept(ForEachOps.java:184)
	at java.base/java.util.stream.ForEachOps$ForEachOp$OfRef.accept(ForEachOps.java:184)
	at java.base/java.util.stream.ReferencePipeline$3$1.accept(ReferencePipeline.java:197)
	at java.base/java.util.Spliterators$ArraySpliterator.forEachRemaining(Spliterators.java:1024)
	at java.base/java.util.stream.AbstractPipeline.copyInto(AbstractPipeline.java:509)
	at java.base/java.util.stream.AbstractPipeline.wrapAndCopyInto(AbstractPipeline.java:499)
	at java.base/java.util.stream.ForEachOps$ForEachOp.evaluateSequential(ForEachOps.java:151)
	at java.base/java.util.stream.ForEachOps$ForEachOp$OfRef.evaluateSequential(ForEachOps.java:174)
	at java.base/java.util.stream.AbstractPipeline.evaluate(AbstractPipeline.java:234)
	at java.base/java.util.stream.ReferencePipeline.forEach(ReferencePipeline.java:596)
	at java.base/java.util.stream.ReferencePipeline$7$1.accept(ReferencePipeline.java:276)
	at java.base/java.util.ArrayList$ArrayListSpliterator.forEachRemaining(ArrayList.java:1708)
	at java.base/java.util.stream.AbstractPipeline.copyInto(AbstractPipeline.java:509)
	at java.base/java.util.stream.AbstractPipeline.wrapAndCopyInto(AbstractPipeline.java:499)
	at java.base/java.util.stream.ForEachOps$ForEachOp.evaluateSequential(ForEachOps.java:151)
	at java.base/java.util.stream.ForEachOps$ForEachOp$OfRef.evaluateSequential(ForEachOps.java:174)
	at java.base/java.util.stream.AbstractPipeline.evaluate(AbstractPipeline.java:234)
	at java.base/java.util.stream.ReferencePipeline.forEach(ReferencePipeline.java:596)
	at java.base/java.util.stream.ReferencePipeline$7$1.accept(ReferencePipeline.java:276)
	at java.base/java.util.stream.ReferencePipeline$3$1.accept(ReferencePipeline.java:197)
	at java.base/java.util.stream.ReferencePipeline$3$1.accept(ReferencePipeline.java:197)
	at java.base/java.util.stream.ReferencePipeline$3$1.accept(ReferencePipeline.java:197)
	at java.base/java.util.ArrayList$ArrayListSpliterator.forEachRemaining(ArrayList.java:1708)
	at java.base/java.util.stream.AbstractPipeline.copyInto(AbstractPipeline.java:509)
	at java.base/java.util.stream.AbstractPipeline.wrapAndCopyInto(AbstractPipeline.java:499)
	at java.base/java.util.stream.ForEachOps$ForEachOp.evaluateSequential(ForEachOps.java:151)
	at java.base/java.util.stream.ForEachOps$ForEachOp$OfRef.evaluateSequential(ForEachOps.java:174)
	at java.base/java.util.stream.AbstractPipeline.evaluate(AbstractPipeline.java:234)
	at java.base/java.util.stream.ReferencePipeline.forEach(ReferencePipeline.java:596)
	at java.base/java.util.ArrayList.forEach(ArrayList.java:1596)
	at java.base/java.util.ArrayList.forEach(ArrayList.java:1596)
Caused by: java.net.BindException: Address already in use
	at java.base/sun.nio.ch.Net.bind0(Native Method)
	at java.base/sun.nio.ch.Net.bind(Net.java:565)
	at java.base/sun.nio.ch.ServerSocketChannelImpl.netBind(ServerSocketChannelImpl.java:344)
	at java.base/sun.nio.ch.ServerSocketChannelImpl.bind(ServerSocketChannelImpl.java:301)
	at java.base/sun.nio.ch.ServerSocketAdaptor.bind(ServerSocketAdaptor.java:89)
	at org.apache.hadoop.ipc.Server.bind(Server.java:698)
	... 45 more
]]></error>
    <system-out><![CDATA[2025-10-18 02:35:49,954 [main] INFO  ipc.CallQueueManager (CallQueueManager.java:<init>(93)) - Using callQueue: class java.util.concurrent.LinkedBlockingQueue, queueCapacity: 1000, scheduler: class org.apache.hadoop.ipc.DefaultRpcScheduler, ipcBackoff: false, ipcFailOver: false.
]]></system-out>
  </testcase>
  <testcase name="testFinalizeTwice(boolean)[1]" classname="org.apache.hadoop.ozone.container.upgrade.TestDatanodeUpgradeToSchemaV3" time="2.136">
    <system-out><![CDATA[2025-10-18 02:35:49,980 [main] INFO  ipc.CallQueueManager (CallQueueManager.java:<init>(93)) - Using callQueue: class java.util.concurrent.LinkedBlockingQueue, queueCapacity: 1000, scheduler: class org.apache.hadoop.ipc.DefaultRpcScheduler, ipcBackoff: false, ipcFailOver: false.
2025-10-18 02:35:49,980 [main] INFO  ipc.Server (Server.java:<init>(1438)) - Listener at localhost:41331
2025-10-18 02:35:49,981 [Socket Reader #1 for port 41331] INFO  ipc.Server (Server.java:run(1474)) - Starting Socket Reader #1 for port 41331
2025-10-18 02:35:49,981 [IPC Server Responder] INFO  ipc.Server (Server.java:run(1713)) - IPC Server Responder: starting
2025-10-18 02:35:49,982 [IPC Server listener on 41331] INFO  ipc.Server (Server.java:run(1553)) - IPC Server listener on 41331: starting
2025-10-18 02:35:49,988 [main] INFO  upgrade.AbstractLayoutVersionManager (AbstractLayoutVersionManager.java:init(80)) - Initializing Layout version manager with metadata layout = ERASURE_CODED_STORAGE_SUPPORT (version = 3), software layout = WITNESSED_CONTAINER_DB_PROTO_VALUE (version = 9)
2025-10-18 02:35:49,989 [main] INFO  upgrade.HDDSLayoutVersionManager (HDDSLayoutVersionManager.java:lambda$registerUpgradeActions$0(81)) - Registering Upgrade Action : DatanodeSchemaV3FinalizeAction
2025-10-18 02:35:49,989 [main] INFO  upgrade.HDDSLayoutVersionManager (HDDSLayoutVersionManager.java:lambda$registerUpgradeActions$0(81)) - Registering Upgrade Action : ContainerTableSchemaFinalizeAction
2025-10-18 02:35:49,989 [main] INFO  statemachine.DatanodeStateMachine (DatanodeStateMachine.java:getEndPointTaskThreadPoolSize(321)) - Datanode State Machine Task Thread Pool size 2
2025-10-18 02:35:49,992 [main] INFO  volume.HddsVolume (HddsVolume.java:<init>(162)) - HddsVolume: { id=ff72123e-8a91-4859-a224-831c2c9eee91 dir=/home/runner/work/ozone/ozone/hadoop-hdds/container-service/file:/home/runner/work/ozone/ozone/hadoop-hdds/container-service/target/tmp/dfs/data type=DISK failed }
2025-10-18 02:35:49,993 [main] ERROR volume.MutableVolumeSet (MutableVolumeSet.java:initializeVolumeSet(194)) - Failed to parse the storage location: file:///home/runner/work/ozone/ozone/hadoop-hdds/container-service/target/tmp/dfs/data
org.apache.hadoop.ozone.common.InconsistentStorageStateException: Mismatched DatanodeUUIDs. Version File : /home/runner/work/ozone/ozone/hadoop-hdds/container-service/target/tmp/dfs/data/hdds/VERSION has datanodeUuid: c3d05b50-810d-4b78-be46-d77415fe1b4d and Datanode has datanodeUuid: a1c821aa-f2b1-4eb8-8950-0f1b1ced3b42
	at org.apache.hadoop.ozone.container.common.utils.StorageVolumeUtil.getDatanodeUUID(StorageVolumeUtil.java:122)
	at org.apache.hadoop.ozone.container.common.volume.StorageVolume.readVersionFile(StorageVolume.java:385)
	at org.apache.hadoop.ozone.container.common.volume.StorageVolume.initializeImpl(StorageVolume.java:240)
	at org.apache.hadoop.ozone.container.common.volume.StorageVolume.initialize(StorageVolume.java:215)
	at org.apache.hadoop.ozone.container.common.volume.HddsVolume.<init>(HddsVolume.java:151)
	at org.apache.hadoop.ozone.container.common.volume.HddsVolume.<init>(HddsVolume.java:80)
	at org.apache.hadoop.ozone.container.common.volume.HddsVolume$Builder.build(HddsVolume.java:130)
	at org.apache.hadoop.ozone.container.common.volume.HddsVolumeFactory.createVolume(HddsVolumeFactory.java:46)
	at org.apache.hadoop.ozone.container.common.volume.MutableVolumeSet.initializeVolumeSet(MutableVolumeSet.java:172)
	at org.apache.hadoop.ozone.container.common.volume.MutableVolumeSet.<init>(MutableVolumeSet.java:130)
	at org.apache.hadoop.ozone.container.common.volume.MutableVolumeSet.<init>(MutableVolumeSet.java:92)
	at org.apache.hadoop.ozone.container.ozoneimpl.OzoneContainer.<init>(OzoneContainer.java:170)
	at org.apache.hadoop.ozone.container.common.statemachine.DatanodeStateMachine.<init>(DatanodeStateMachine.java:191)
	at org.apache.hadoop.ozone.container.common.statemachine.DatanodeStateMachine.<init>(DatanodeStateMachine.java:305)
	at org.apache.hadoop.ozone.container.upgrade.UpgradeTestHelper.startPreFinalizedDatanode(UpgradeTestHelper.java:88)
	at org.apache.hadoop.ozone.container.upgrade.TestDatanodeUpgradeToSchemaV3.testFinalizeTwice(TestDatanodeUpgradeToSchemaV3.java:254)
	at java.base/jdk.internal.reflect.DirectMethodHandleAccessor.invoke(DirectMethodHandleAccessor.java:103)
	at java.base/java.lang.reflect.Method.invoke(Method.java:580)
	at org.junit.platform.commons.util.ReflectionUtils.invokeMethod(ReflectionUtils.java:786)
	at org.junit.platform.commons.support.ReflectionSupport.invokeMethod(ReflectionSupport.java:514)
	at org.junit.jupiter.engine.execution.MethodInvocation.proceed(MethodInvocation.java:60)
	at org.junit.jupiter.engine.execution.InvocationInterceptorChain$ValidatingInvocation.proceed(InvocationInterceptorChain.java:131)
	at org.junit.jupiter.engine.extension.SameThreadTimeoutInvocation.proceed(SameThreadTimeoutInvocation.java:49)
	at org.junit.jupiter.engine.extension.TimeoutExtension.intercept(TimeoutExtension.java:161)
	at org.junit.jupiter.engine.extension.TimeoutExtension.interceptTestableMethod(TimeoutExtension.java:152)
	at org.junit.jupiter.engine.extension.TimeoutExtension.interceptTestTemplateMethod(TimeoutExtension.java:99)
	at org.junit.jupiter.engine.execution.InterceptingExecutableInvoker$ReflectiveInterceptorCall.lambda$ofVoidMethod$0(InterceptingExecutableInvoker.java:112)
	at org.junit.jupiter.engine.execution.InterceptingExecutableInvoker.lambda$invoke$0(InterceptingExecutableInvoker.java:94)
	at org.junit.jupiter.engine.execution.InvocationInterceptorChain$InterceptedInvocation.proceed(InvocationInterceptorChain.java:106)
	at org.junit.jupiter.engine.execution.InvocationInterceptorChain.proceed(InvocationInterceptorChain.java:64)
	at org.junit.jupiter.engine.execution.InvocationInterceptorChain.chainAndInvoke(InvocationInterceptorChain.java:45)
	at org.junit.jupiter.engine.execution.InvocationInterceptorChain.invoke(InvocationInterceptorChain.java:37)
	at org.junit.jupiter.engine.execution.InterceptingExecutableInvoker.invoke(InterceptingExecutableInvoker.java:93)
	at org.junit.jupiter.engine.execution.InterceptingExecutableInvoker.invoke(InterceptingExecutableInvoker.java:87)
	at org.junit.jupiter.engine.descriptor.TestMethodTestDescriptor.lambda$invokeTestMethod$4(TestMethodTestDescriptor.java:221)
	at org.junit.platform.engine.support.hierarchical.ThrowableCollector.execute(ThrowableCollector.java:73)
	at org.junit.jupiter.engine.descriptor.TestMethodTestDescriptor.invokeTestMethod(TestMethodTestDescriptor.java:217)
	at org.junit.jupiter.engine.descriptor.TestMethodTestDescriptor.execute(TestMethodTestDescriptor.java:159)
	at org.junit.jupiter.engine.descriptor.TestMethodTestDescriptor.execute(TestMethodTestDescriptor.java:70)
	at org.junit.platform.engine.support.hierarchical.NodeTestTask.lambda$executeRecursively$6(NodeTestTask.java:157)
	at org.junit.platform.engine.support.hierarchical.ThrowableCollector.execute(ThrowableCollector.java:73)
	at org.junit.platform.engine.support.hierarchical.NodeTestTask.lambda$executeRecursively$8(NodeTestTask.java:147)
	at org.junit.platform.engine.support.hierarchical.Node.around(Node.java:137)
	at org.junit.platform.engine.support.hierarchical.NodeTestTask.lambda$executeRecursively$9(NodeTestTask.java:145)
	at org.junit.platform.engine.support.hierarchical.ThrowableCollector.execute(ThrowableCollector.java:73)
	at org.junit.platform.engine.support.hierarchical.NodeTestTask.executeRecursively(NodeTestTask.java:144)
	at org.junit.platform.engine.support.hierarchical.NodeTestTask.execute(NodeTestTask.java:101)
	at org.junit.platform.engine.support.hierarchical.SameThreadHierarchicalTestExecutorService.submit(SameThreadHierarchicalTestExecutorService.java:35)
	at org.junit.platform.engine.support.hierarchical.NodeTestTask$DefaultDynamicTestExecutor.execute(NodeTestTask.java:232)
	at org.junit.platform.engine.support.hierarchical.NodeTestTask$DefaultDynamicTestExecutor.execute(NodeTestTask.java:210)
	at org.junit.jupiter.engine.descriptor.TemplateExecutor.execute(TemplateExecutor.java:98)
	at org.junit.jupiter.engine.descriptor.TemplateExecutor.lambda$executeForProvider$0(TemplateExecutor.java:61)
	at java.base/java.util.Optional.ifPresent(Optional.java:178)
	at org.junit.jupiter.engine.descriptor.TemplateExecutor.lambda$executeForProvider$1(TemplateExecutor.java:61)
	at java.base/java.util.stream.ForEachOps$ForEachOp$OfRef.accept(ForEachOps.java:184)
	at java.base/java.util.stream.ReferencePipeline$3$1.accept(ReferencePipeline.java:197)
	at java.base/java.util.stream.ForEachOps$ForEachOp$OfRef.accept(ForEachOps.java:184)
	at java.base/java.util.stream.ForEachOps$ForEachOp$OfRef.accept(ForEachOps.java:184)
	at java.base/java.util.stream.ReferencePipeline$3$1.accept(ReferencePipeline.java:197)
	at java.base/java.util.Spliterators$ArraySpliterator.forEachRemaining(Spliterators.java:1024)
	at java.base/java.util.stream.AbstractPipeline.copyInto(AbstractPipeline.java:509)
	at java.base/java.util.stream.AbstractPipeline.wrapAndCopyInto(AbstractPipeline.java:499)
	at java.base/java.util.stream.ForEachOps$ForEachOp.evaluateSequential(ForEachOps.java:151)
	at java.base/java.util.stream.ForEachOps$ForEachOp$OfRef.evaluateSequential(ForEachOps.java:174)
	at java.base/java.util.stream.AbstractPipeline.evaluate(AbstractPipeline.java:234)
	at java.base/java.util.stream.ReferencePipeline.forEach(ReferencePipeline.java:596)
	at java.base/java.util.stream.ReferencePipeline$7$1.accept(ReferencePipeline.java:276)
	at java.base/java.util.ArrayList$ArrayListSpliterator.forEachRemaining(ArrayList.java:1708)
	at java.base/java.util.stream.AbstractPipeline.copyInto(AbstractPipeline.java:509)
	at java.base/java.util.stream.AbstractPipeline.wrapAndCopyInto(AbstractPipeline.java:499)
	at java.base/java.util.stream.ForEachOps$ForEachOp.evaluateSequential(ForEachOps.java:151)
	at java.base/java.util.stream.ForEachOps$ForEachOp$OfRef.evaluateSequential(ForEachOps.java:174)
	at java.base/java.util.stream.AbstractPipeline.evaluate(AbstractPipeline.java:234)
	at java.base/java.util.stream.ReferencePipeline.forEach(ReferencePipeline.java:596)
	at java.base/java.util.stream.ReferencePipeline$7$1.accept(ReferencePipeline.java:276)
	at java.base/java.util.stream.ReferencePipeline$3$1.accept(ReferencePipeline.java:197)
	at java.base/java.util.stream.ReferencePipeline$3$1.accept(ReferencePipeline.java:197)
	at java.base/java.util.stream.ReferencePipeline$3$1.accept(ReferencePipeline.java:197)
	at java.base/java.util.ArrayList$ArrayListSpliterator.forEachRemaining(ArrayList.java:1708)
	at java.base/java.util.stream.AbstractPipeline.copyInto(AbstractPipeline.java:509)
	at java.base/java.util.stream.AbstractPipeline.wrapAndCopyInto(AbstractPipeline.java:499)
	at java.base/java.util.stream.ForEachOps$ForEachOp.evaluateSequential(ForEachOps.java:151)
	at java.base/java.util.stream.ForEachOps$ForEachOp$OfRef.evaluateSequential(ForEachOps.java:174)
	at java.base/java.util.stream.AbstractPipeline.evaluate(AbstractPipeline.java:234)
	at java.base/java.util.stream.ReferencePipeline.forEach(ReferencePipeline.java:596)
	at org.junit.jupiter.engine.descriptor.TemplateExecutor.executeForProvider(TemplateExecutor.java:59)
	at org.junit.jupiter.engine.descriptor.TemplateExecutor.execute(TemplateExecutor.java:48)
	at org.junit.jupiter.engine.descriptor.TestTemplateTestDescriptor.execute(TestTemplateTestDescriptor.java:112)
	at org.junit.jupiter.engine.descriptor.TestTemplateTestDescriptor.execute(TestTemplateTestDescriptor.java:40)
	at org.junit.platform.engine.support.hierarchical.NodeTestTask.lambda$executeRecursively$6(NodeTestTask.java:157)
	at org.junit.platform.engine.support.hierarchical.ThrowableCollector.execute(ThrowableCollector.java:73)
	at org.junit.platform.engine.support.hierarchical.NodeTestTask.lambda$executeRecursively$8(NodeTestTask.java:147)
	at org.junit.platform.engine.support.hierarchical.Node.around(Node.java:137)
	at org.junit.platform.engine.support.hierarchical.NodeTestTask.lambda$executeRecursively$9(NodeTestTask.java:145)
	at org.junit.platform.engine.support.hierarchical.ThrowableCollector.execute(ThrowableCollector.java:73)
	at org.junit.platform.engine.support.hierarchical.NodeTestTask.executeRecursively(NodeTestTask.java:144)
	at org.junit.platform.engine.support.hierarchical.NodeTestTask.execute(NodeTestTask.java:101)
	at java.base/java.util.ArrayList.forEach(ArrayList.java:1596)
	at org.junit.platform.engine.support.hierarchical.SameThreadHierarchicalTestExecutorService.invokeAll(SameThreadHierarchicalTestExecutorService.java:41)
	at org.junit.platform.engine.support.hierarchical.NodeTestTask.lambda$executeRecursively$6(NodeTestTask.java:161)
	at org.junit.platform.engine.support.hierarchical.ThrowableCollector.execute(ThrowableCollector.java:73)
	at org.junit.platform.engine.support.hierarchical.NodeTestTask.lambda$executeRecursively$8(NodeTestTask.java:147)
	at org.junit.platform.engine.support.hierarchical.Node.around(Node.java:137)
	at org.junit.platform.engine.support.hierarchical.NodeTestTask.lambda$executeRecursively$9(NodeTestTask.java:145)
	at org.junit.platform.engine.support.hierarchical.ThrowableCollector.execute(ThrowableCollector.java:73)
	at org.junit.platform.engine.support.hierarchical.NodeTestTask.executeRecursively(NodeTestTask.java:144)
	at org.junit.platform.engine.support.hierarchical.NodeTestTask.execute(NodeTestTask.java:101)
	at java.base/java.util.ArrayList.forEach(ArrayList.java:1596)
	at org.junit.platform.engine.support.hierarchical.SameThreadHierarchicalTestExecutorService.invokeAll(SameThreadHierarchicalTestExecutorService.java:41)
	at org.junit.platform.engine.support.hierarchical.NodeTestTask.lambda$executeRecursively$6(NodeTestTask.java:161)
	at org.junit.platform.engine.support.hierarchical.ThrowableCollector.execute(ThrowableCollector.java:73)
	at org.junit.platform.engine.support.hierarchical.NodeTestTask.lambda$executeRecursively$8(NodeTestTask.java:147)
	at org.junit.platform.engine.support.hierarchical.Node.around(Node.java:137)
	at org.junit.platform.engine.support.hierarchical.NodeTestTask.lambda$executeRecursively$9(NodeTestTask.java:145)
	at org.junit.platform.engine.support.hierarchical.ThrowableCollector.execute(ThrowableCollector.java:73)
	at org.junit.platform.engine.support.hierarchical.NodeTestTask.executeRecursively(NodeTestTask.java:144)
	at org.junit.platform.engine.support.hierarchical.NodeTestTask.execute(NodeTestTask.java:101)
	at org.junit.platform.engine.support.hierarchical.SameThreadHierarchicalTestExecutorService.submit(SameThreadHierarchicalTestExecutorService.java:35)
	at org.junit.platform.engine.support.hierarchical.HierarchicalTestExecutor.execute(HierarchicalTestExecutor.java:57)
	at org.junit.platform.engine.support.hierarchical.HierarchicalTestEngine.execute(HierarchicalTestEngine.java:54)
	at org.junit.platform.launcher.core.EngineExecutionOrchestrator.executeEngine(EngineExecutionOrchestrator.java:230)
	at org.junit.platform.launcher.core.EngineExecutionOrchestrator.failOrExecuteEngine(EngineExecutionOrchestrator.java:204)
	at org.junit.platform.launcher.core.EngineExecutionOrchestrator.execute(EngineExecutionOrchestrator.java:172)
	at org.junit.platform.launcher.core.EngineExecutionOrchestrator.execute(EngineExecutionOrchestrator.java:101)
	at org.junit.platform.launcher.core.EngineExecutionOrchestrator.lambda$execute$0(EngineExecutionOrchestrator.java:64)
	at org.junit.platform.launcher.core.EngineExecutionOrchestrator.withInterceptedStreams(EngineExecutionOrchestrator.java:150)
	at org.junit.platform.launcher.core.EngineExecutionOrchestrator.execute(EngineExecutionOrchestrator.java:63)
	at org.junit.platform.launcher.core.DefaultLauncher.execute(DefaultLauncher.java:109)
	at org.junit.platform.launcher.core.DefaultLauncher.execute(DefaultLauncher.java:91)
	at org.junit.platform.launcher.core.DelegatingLauncher.execute(DelegatingLauncher.java:47)
	at org.junit.platform.launcher.core.InterceptingLauncher.lambda$execute$1(InterceptingLauncher.java:39)
	at org.junit.platform.launcher.core.ClasspathAlignmentCheckingLauncherInterceptor.intercept(ClasspathAlignmentCheckingLauncherInterceptor.java:25)
	at org.junit.platform.launcher.core.InterceptingLauncher.execute(InterceptingLauncher.java:38)
	at org.junit.platform.launcher.core.DelegatingLauncher.execute(DelegatingLauncher.java:47)
	at org.apache.maven.surefire.junitplatform.LazyLauncher.execute(LazyLauncher.java:56)
	at org.apache.maven.surefire.junitplatform.JUnitPlatformProvider.execute(JUnitPlatformProvider.java:184)
	at org.apache.maven.surefire.junitplatform.JUnitPlatformProvider.invokeAllTests(JUnitPlatformProvider.java:148)
	at org.apache.maven.surefire.junitplatform.JUnitPlatformProvider.invoke(JUnitPlatformProvider.java:120)
	at org.apache.maven.surefire.booter.ForkedBooter.runSuitesInProcess(ForkedBooter.java:385)
	at org.apache.maven.surefire.booter.ForkedBooter.execute(ForkedBooter.java:162)
	at org.apache.maven.surefire.booter.ForkedBooter.run(ForkedBooter.java:507)
	at org.apache.maven.surefire.booter.ForkedBooter.main(ForkedBooter.java:495)
2025-10-18 02:35:49,996 [main] INFO  volume.HddsVolume (HddsVolume.java:<init>(162)) - HddsVolume: { id=DS-f5c89c00-80ef-413e-a4f5-94875881f057 dir=/tmp/junit-14597784035652403756/4eced59a-51a5-4696-81f5-a09e608c33e0/hdds type=DISK capacity=9222449699674390527 used=0 available=9222449699674390527 minFree=184448985434423296 committed=0 }
2025-10-18 02:35:49,997 [main] INFO  volume.MutableVolumeSet (MutableVolumeSet.java:initializeVolumeSet(175)) - Added Volume : /tmp/junit-14597784035652403756/4eced59a-51a5-4696-81f5-a09e608c33e0/hdds to VolumeSet
2025-10-18 02:35:49,997 [main] WARN  server.ServerUtils (ServerUtils.java:getDefaultRatisDirectory(304)) - Storage directory for Ratis is not configured. It is a good idea to map this to an SSD disk. Falling back to ozone.metadata.dirs
2025-10-18 02:35:49,998 [main] INFO  volume.MutableVolumeSet (MutableVolumeSet.java:initializeVolumeSet(175)) - Added Volume : /tmp/junit-14597784035652403756/ratis to VolumeSet
2025-10-18 02:35:50,000 [main] INFO  volume.DbVolume (DbVolume.java:<init>(63)) - DbVolume: { id=DS-bfe52da4-8c91-4d00-b184-2dbd39946080 dir=/tmp/junit-14597784035652403756/a87e4024-c63e-48c4-bf07-a93dae348c05/db type=DISK capacity=9222449699674390527 used=0 available=9222449699674390527 minFree=0 committed=0 }
2025-10-18 02:35:50,001 [main] INFO  volume.MutableVolumeSet (MutableVolumeSet.java:initializeVolumeSet(175)) - Added Volume : /tmp/junit-14597784035652403756/a87e4024-c63e-48c4-bf07-a93dae348c05/db to VolumeSet
2025-10-18 02:35:50,001 [main] INFO  volume.DbVolume (DbVolume.java:<init>(63)) - DbVolume: { id=DS-92e6d7dd-5d81-471e-996e-0e9dd3367a45 dir=/tmp/junit-14597784035652403756/f876a3ee-e8bf-4bb0-bd6c-26906906c90e/db type=DISK capacity=9222449699674390527 used=0 available=9222449699674390527 minFree=0 committed=0 }
2025-10-18 02:35:50,001 [main] INFO  volume.MutableVolumeSet (MutableVolumeSet.java:initializeVolumeSet(175)) - Added Volume : /tmp/junit-14597784035652403756/f876a3ee-e8bf-4bb0-bd6c-26906906c90e/db to VolumeSet
2025-10-18 02:35:50,001 [main] WARN  db.DBStoreBuilder (DBStoreBuilder.java:getDBDirPath(157)) - ozone.scm.datanode.id.dir is not configured. We recommend adding this setting. Falling back to ozone.metadata.dirs instead.
2025-10-18 02:35:50,002 [main] WARN  db.DBStoreBuilder (DBStoreBuilder.java:getDBDirPath(157)) - ozone.scm.datanode.id.dir is not configured. We recommend adding this setting. Falling back to ozone.metadata.dirs instead.
2025-10-18 02:35:50,016 [main] INFO  impl.FilePerChunkStrategy (FilePerChunkStrategy.java:<init>(79)) - ozone.chunk.read.mapped.buffer.max.count is load with 0
2025-10-18 02:35:50,016 [main] INFO  impl.FilePerBlockStrategy (FilePerBlockStrategy.java:<init>(88)) - ozone.chunk.read.mapped.buffer.max.count is load with 0
2025-10-18 02:35:50,017 [main] INFO  server.RaftServerConfigKeys (ConfUtils.java:logGet(62)) - raft.server.log.appender.buffer.byte-limit = 33554432 (custom)
2025-10-18 02:35:50,017 [main] WARN  server.ServerUtils (ServerUtils.java:getDefaultRatisDirectory(304)) - Storage directory for Ratis is not configured. It is a good idea to map this to an SSD disk. Falling back to ozone.metadata.dirs
2025-10-18 02:35:50,018 [main] INFO  grpc.GrpcConfigKeys (ConfUtils.java:logFallback(69)) - raft.grpc.admin.host = null (fallback to raft.grpc.server.host)
2025-10-18 02:35:50,018 [main] INFO  grpc.GrpcConfigKeys (ConfUtils.java:logFallback(69)) - raft.grpc.client.host = null (fallback to raft.grpc.server.host)
2025-10-18 02:35:50,018 [main] INFO  server.GrpcServicesImpl (ConfUtils.java:logGet(62)) - raft.grpc.message.size.max = 34603008 (custom)
2025-10-18 02:35:50,018 [main] INFO  server.GrpcServicesImpl (ConfUtils.java:logGet(62)) - raft.grpc.flow.control.window = 5MB (=5242880) (custom)
2025-10-18 02:35:50,019 [main] INFO  server.RaftServerConfigKeys (ConfUtils.java:logGet(62)) - raft.server.log.appender.buffer.byte-limit = 33554432 (custom)
2025-10-18 02:35:50,019 [main] INFO  netty.NettyUtils (NettyUtils.java:newEventLoopGroup(74)) - Create EpollEventLoopGroup for a1c821aa-f2b1-4eb8-8950-0f1b1ced3b42-NettyServerStreamRpc-bossGroup; Thread size is 0.
2025-10-18 02:35:50,020 [main] INFO  netty.NettyUtils (NettyUtils.java:newEventLoopGroup(74)) - Create EpollEventLoopGroup for a1c821aa-f2b1-4eb8-8950-0f1b1ced3b42-NettyServerStreamRpc-workerGroup; Thread size is 0.
2025-10-18 02:35:50,020 [main] INFO  server.RaftServerConfigKeys (ConfUtils.java:logGet(62)) - raft.server.storage.dir = [/tmp/junit-14597784035652403756/ratis] (custom)
2025-10-18 02:35:50,020 [a1c821aa-f2b1-4eb8-8950-0f1b1ced3b42-NettyServerStreamRpc-bossGroup--thread1] INFO  logging.LoggingHandler (AbstractInternalLogger.java:log(148)) - [id: 0x54017af5] REGISTERED
2025-10-18 02:35:50,020 [a1c821aa-f2b1-4eb8-8950-0f1b1ced3b42-NettyServerStreamRpc-bossGroup--thread1] INFO  logging.LoggingHandler (AbstractInternalLogger.java:log(148)) - [id: 0x54017af5] BIND: 0.0.0.0/0.0.0.0:0
2025-10-18 02:35:50,021 [a1c821aa-f2b1-4eb8-8950-0f1b1ced3b42-NettyServerStreamRpc-bossGroup--thread1] INFO  logging.LoggingHandler (AbstractInternalLogger.java:log(148)) - [id: 0x54017af5, L:/0.0.0.0:35027] ACTIVE
2025-10-18 02:35:50,021 [a1c821aa-f2b1-4eb8-8950-0f1b1ced3b42-impl-thread1] INFO  server.RaftServer (RaftServerProxy.java:initGroupDir(270)) - a1c821aa-f2b1-4eb8-8950-0f1b1ced3b42: found a subdirectory /tmp/junit-14597784035652403756/ratis/tmp
2025-10-18 02:35:50,021 [a1c821aa-f2b1-4eb8-8950-0f1b1ced3b42-impl-thread1] INFO  server.RaftServer (RaftServerProxy.java:initGroupDir(275)) - a1c821aa-f2b1-4eb8-8950-0f1b1ced3b42: The directory /tmp/junit-14597784035652403756/ratis/tmp is not a group directory; ignoring it. 
2025-10-18 02:35:50,021 [main] INFO  replication.ReplicationServer (ReplicationServer.java:<init>(84)) - Initializing replication server with thread count = 10 queue length = 4096
2025-10-18 02:35:50,021 [main] INFO  server.XceiverServerGrpc (XceiverServerGrpc.java:<init>(129)) - GrpcServer channel type EpollServerSocketChannel
2025-10-18 02:35:50,022 [main] INFO  replication.ReplicationSupervisor (ReplicationSupervisor.java:build(169)) - Initializing replication supervisor with thread count = 10
2025-10-18 02:35:50,022 [main] INFO  replication.ReplicationSupervisor (ReplicationSupervisor.java:nodeStateUpdated(358)) - Node state updated to IN_SERVICE, scaling executor pool size to 10
2025-10-18 02:35:50,031 [a1c821aa-f2b1-4eb8-8950-0f1b1ced3b42-ContainerReader-0] INFO  ozoneimpl.ContainerReader (ContainerReader.java:readVolume(147)) - Start to verify containers on volume /tmp/junit-14597784035652403756/4eced59a-51a5-4696-81f5-a09e608c33e0/hdds
2025-10-18 02:35:50,031 [a1c821aa-f2b1-4eb8-8950-0f1b1ced3b42-ContainerReader-0] INFO  ozoneimpl.ContainerReader (ContainerReader.java:readVolume(177)) - Finish verifying containers on volume /tmp/junit-14597784035652403756/4eced59a-51a5-4696-81f5-a09e608c33e0/hdds
2025-10-18 02:35:50,031 [main] INFO  ozoneimpl.OzoneContainer (OzoneContainer.java:buildContainerSet(359)) - Build ContainerSet costs 0s
2025-10-18 02:35:50,031 [main] INFO  volume.ThrottledAsyncChecker (ThrottledAsyncChecker.java:schedule(138)) - Scheduling a check for /tmp/junit-14597784035652403756/4eced59a-51a5-4696-81f5-a09e608c33e0/hdds
2025-10-18 02:35:50,032 [main] INFO  volume.StorageVolumeChecker (StorageVolumeChecker.java:checkAllVolumes(231)) - Scheduled health check for volume /tmp/junit-14597784035652403756/4eced59a-51a5-4696-81f5-a09e608c33e0/hdds
2025-10-18 02:35:50,032 [main] INFO  volume.ThrottledAsyncChecker (ThrottledAsyncChecker.java:schedule(138)) - Scheduling a check for /tmp/junit-14597784035652403756/ratis
2025-10-18 02:35:50,032 [main] INFO  volume.StorageVolumeChecker (StorageVolumeChecker.java:checkAllVolumes(231)) - Scheduled health check for volume /tmp/junit-14597784035652403756/ratis
2025-10-18 02:35:50,033 [main] INFO  volume.ThrottledAsyncChecker (ThrottledAsyncChecker.java:schedule(138)) - Scheduling a check for /tmp/junit-14597784035652403756/a87e4024-c63e-48c4-bf07-a93dae348c05/db
2025-10-18 02:35:50,033 [main] INFO  volume.StorageVolumeChecker (StorageVolumeChecker.java:checkAllVolumes(231)) - Scheduled health check for volume /tmp/junit-14597784035652403756/a87e4024-c63e-48c4-bf07-a93dae348c05/db
2025-10-18 02:35:50,033 [main] INFO  volume.ThrottledAsyncChecker (ThrottledAsyncChecker.java:schedule(138)) - Scheduling a check for /tmp/junit-14597784035652403756/f876a3ee-e8bf-4bb0-bd6c-26906906c90e/db
2025-10-18 02:35:50,034 [main] INFO  volume.StorageVolumeChecker (StorageVolumeChecker.java:checkAllVolumes(231)) - Scheduled health check for volume /tmp/junit-14597784035652403756/f876a3ee-e8bf-4bb0-bd6c-26906906c90e/db
2025-10-18 02:35:50,034 [main] INFO  ozoneimpl.OzoneContainer (OzoneContainer.java:start(544)) - Attempting to start container services.
2025-10-18 02:35:50,035 [ContainerMetadataScanner] INFO  ozoneimpl.AbstractBackgroundContainerScanner (AbstractBackgroundContainerScanner.java:runIteration(89)) - Completed an iteration in 0 minutes. Number of iterations (since the data-node restart) : 1, Number of containers scanned in this iteration : 0, Number of unhealthy containers found in this iteration : 0
2025-10-18 02:35:50,035 [ContainerDataScanner(/tmp/junit-14597784035652403756/4eced59a-51a5-4696-81f5-a09e608c33e0/hdds)] INFO  ozoneimpl.AbstractBackgroundContainerScanner (AbstractBackgroundContainerScanner.java:runIteration(89)) - Completed an iteration in 0 minutes. Number of iterations (since the data-node restart) : 1, Number of containers scanned in this iteration : 0, Number of unhealthy containers found in this iteration : 0
2025-10-18 02:35:50,035 [main] INFO  replication.ReplicationServer (ReplicationServer.java:start(137)) - ReplicationServer is started using port 9886
2025-10-18 02:35:50,035 [main] INFO  ratis.XceiverServerRatis (XceiverServerRatis.java:start(559)) - Starting XceiverServerRatis(a1c821aa-f2b1-4eb8-8950-0f1b1ced3b42)
2025-10-18 02:35:50,038 [main] INFO  server.RaftServer (RaftServerProxy.java:startImpl(412)) - a1c821aa-f2b1-4eb8-8950-0f1b1ced3b42: start RPC server
2025-10-18 02:35:50,038 [main] INFO  server.GrpcServicesImpl (GrpcServicesImpl.java:startImpl(346)) - a1c821aa-f2b1-4eb8-8950-0f1b1ced3b42: GrpcServicesImpl started, listening on 9858
2025-10-18 02:35:50,039 [main] INFO  ratis.XceiverServerRatis (XceiverServerRatis.java:getRealPort(586)) - XceiverServerRatis(a1c821aa-f2b1-4eb8-8950-0f1b1ced3b42) is started using port RATIS=9858
2025-10-18 02:35:50,039 [main] INFO  ratis.XceiverServerRatis (XceiverServerRatis.java:getRealPort(586)) - XceiverServerRatis(a1c821aa-f2b1-4eb8-8950-0f1b1ced3b42) is started using port RATIS_ADMIN=9858
2025-10-18 02:35:50,039 [main] INFO  ratis.XceiverServerRatis (XceiverServerRatis.java:getRealPort(586)) - XceiverServerRatis(a1c821aa-f2b1-4eb8-8950-0f1b1ced3b42) is started using port RATIS_SERVER=9858
2025-10-18 02:35:50,039 [main] INFO  ratis.XceiverServerRatis (XceiverServerRatis.java:getRealPort(586)) - XceiverServerRatis(a1c821aa-f2b1-4eb8-8950-0f1b1ced3b42) is started using port RATIS_DATASTREAM=35027
2025-10-18 02:35:50,039 [JvmPauseMonitor29] INFO  util.JvmPauseMonitor (JvmPauseMonitor.java:run(146)) - JvmPauseMonitor-a1c821aa-f2b1-4eb8-8950-0f1b1ced3b42: Started
2025-10-18 02:35:50,040 [main] INFO  utils.BackgroundService (BackgroundService.java:start(119)) - Starting service BlockDeletingService with interval 60000 milliseconds
2025-10-18 02:35:50,040 [main] INFO  utils.BackgroundService (BackgroundService.java:start(119)) - Starting service StaleRecoveringContainerScrubbingService with interval 60000 milliseconds
2025-10-18 02:35:50,041 [main] INFO  upgrade.UpgradeFinalizer (BasicUpgradeFinalizer.java:logAndEmit(395)) - Finalization started.
2025-10-18 02:35:50,041 [main] INFO  upgrade.UpgradeFinalizer (BasicUpgradeFinalizer.java:runFinalizationAction(270)) - Running finalization actions for layout feature: DATANODE_SCHEMA_V3
2025-10-18 02:35:50,041 [main] INFO  upgrade.DatanodeSchemaV3FinalizeAction (DatanodeSchemaV3FinalizeAction.java:execute(49)) - Upgrading Datanode volume layout for Schema V3 support.
2025-10-18 02:35:50,067 [main] INFO  utils.DatanodeStoreCache (DatanodeStoreCache.java:addDB(70)) - Added db /tmp/junit-14597784035652403756/a87e4024-c63e-48c4-bf07-a93dae348c05/db/clusterID/DS-95f819ec-c52a-4bcd-95da-cb1b0ade7989/container.db to cache
2025-10-18 02:35:50,067 [main] INFO  volume.HddsVolume (HddsVolume.java:createDbStore(576)) - SchemaV3 db is created and loaded at /tmp/junit-14597784035652403756/a87e4024-c63e-48c4-bf07-a93dae348c05/db/clusterID/DS-95f819ec-c52a-4bcd-95da-cb1b0ade7989/container.db for volume DS-95f819ec-c52a-4bcd-95da-cb1b0ade7989
2025-10-18 02:35:50,068 [main] INFO  utils.DatanodeStoreCache (DatanodeStoreCache.java:removeDB(104)) - Removed db /tmp/junit-14597784035652403756/a87e4024-c63e-48c4-bf07-a93dae348c05/db/clusterID/DS-95f819ec-c52a-4bcd-95da-cb1b0ade7989/container.db from cache
2025-10-18 02:35:50,068 [main] INFO  volume.HddsVolume (HddsVolume.java:closeDbStore(609)) - SchemaV3 db is stopped at /tmp/junit-14597784035652403756/a87e4024-c63e-48c4-bf07-a93dae348c05/db/clusterID/DS-95f819ec-c52a-4bcd-95da-cb1b0ade7989/container.db for volume DS-95f819ec-c52a-4bcd-95da-cb1b0ade7989
2025-10-18 02:35:50,068 [main] INFO  upgrade.DatanodeSchemaV3FinalizeAction (DatanodeSchemaV3FinalizeAction.java:execute(75)) - Schema V3 is disabled. Won't load RocksDB in upgrade.
2025-10-18 02:35:50,069 [main] INFO  upgrade.AbstractLayoutVersionManager (AbstractLayoutVersionManager.java:finalized(124)) - Layout feature DATANODE_SCHEMA_V3 has been finalized.
2025-10-18 02:35:50,069 [main] INFO  upgrade.UpgradeFinalizer (BasicUpgradeFinalizer.java:logAndEmit(395)) - No onFinalize work defined for feature: RATIS_DATASTREAM_PORT_IN_DATANODEDETAILS.
2025-10-18 02:35:50,071 [main] INFO  upgrade.AbstractLayoutVersionManager (AbstractLayoutVersionManager.java:finalized(124)) - Layout feature RATIS_DATASTREAM_PORT_IN_DATANODEDETAILS has been finalized.
2025-10-18 02:35:50,071 [main] INFO  upgrade.UpgradeFinalizer (BasicUpgradeFinalizer.java:logAndEmit(395)) - No onFinalize work defined for feature: WEBUI_PORTS_IN_DATANODEDETAILS.
2025-10-18 02:35:50,072 [main] INFO  upgrade.AbstractLayoutVersionManager (AbstractLayoutVersionManager.java:finalized(124)) - Layout feature WEBUI_PORTS_IN_DATANODEDETAILS has been finalized.
2025-10-18 02:35:50,072 [main] INFO  upgrade.UpgradeFinalizer (BasicUpgradeFinalizer.java:logAndEmit(395)) - No onFinalize work defined for feature: HADOOP_PRC_PORTS_IN_DATANODEDETAILS.
2025-10-18 02:35:50,073 [main] INFO  upgrade.AbstractLayoutVersionManager (AbstractLayoutVersionManager.java:finalized(124)) - Layout feature HADOOP_PRC_PORTS_IN_DATANODEDETAILS has been finalized.
2025-10-18 02:35:50,073 [main] INFO  upgrade.UpgradeFinalizer (BasicUpgradeFinalizer.java:logAndEmit(395)) - No onFinalize work defined for feature: HBASE_SUPPORT.
2025-10-18 02:35:50,074 [main] INFO  upgrade.AbstractLayoutVersionManager (AbstractLayoutVersionManager.java:finalized(124)) - Layout feature HBASE_SUPPORT has been finalized.
2025-10-18 02:35:50,074 [main] INFO  upgrade.UpgradeFinalizer (BasicUpgradeFinalizer.java:runFinalizationAction(270)) - Running finalization actions for layout feature: WITNESSED_CONTAINER_DB_PROTO_VALUE
2025-10-18 02:35:50,075 [main] INFO  upgrade.ContainerTableSchemaFinalizeAction (ContainerTableSchemaFinalizeAction.java:execute(71)) - Finished copy to containerIdsTable from previous table
2025-10-18 02:35:50,076 [main] INFO  upgrade.AbstractLayoutVersionManager (AbstractLayoutVersionManager.java:finalized(124)) - Layout feature WITNESSED_CONTAINER_DB_PROTO_VALUE has been finalized.
2025-10-18 02:35:50,076 [main] INFO  upgrade.AbstractLayoutVersionManager (AbstractLayoutVersionManager.java:finalized(126)) - Finalization is complete.
2025-10-18 02:35:50,076 [main] INFO  upgrade.UpgradeFinalizer (BasicUpgradeFinalizer.java:logAndEmit(395)) - Finalization is done.
2025-10-18 02:35:50,076 [main] INFO  ipc.Server (Server.java:stop(3697)) - Stopping server on 41331
2025-10-18 02:35:50,077 [IPC Server listener on 41331] INFO  ipc.Server (Server.java:run(1585)) - Stopping IPC Server listener on 41331
2025-10-18 02:35:50,078 [main] INFO  ozoneimpl.OzoneContainer (OzoneContainer.java:stop(568)) - Attempting to stop container services.
2025-10-18 02:35:50,078 [IPC Server Responder] INFO  ipc.Server (Server.java:run(1718)) - Stopping IPC Server Responder
2025-10-18 02:35:50,078 [ContainerMetadataScanner] WARN  ozoneimpl.AbstractBackgroundContainerScanner (AbstractBackgroundContainerScanner.java:handleRemainingSleep(136)) - Background container scan was interrupted.
2025-10-18 02:35:50,079 [ContainerMetadataScanner] INFO  ozoneimpl.AbstractBackgroundContainerScanner (AbstractBackgroundContainerScanner.java:run(63)) - org.apache.hadoop.ozone.container.ozoneimpl.BackgroundContainerMetadataScanner@330bba78 exiting.
2025-10-18 02:35:50,079 [main] INFO  ozoneimpl.BackgroundContainerDataScanner (BackgroundContainerDataScanner.java:shutdown(87)) - ContainerDataScanner(/tmp/junit-14597784035652403756/4eced59a-51a5-4696-81f5-a09e608c33e0/hdds) is shutting down. 
2025-10-18 02:35:50,079 [ContainerDataScanner(/tmp/junit-14597784035652403756/4eced59a-51a5-4696-81f5-a09e608c33e0/hdds)] WARN  ozoneimpl.AbstractBackgroundContainerScanner (AbstractBackgroundContainerScanner.java:handleRemainingSleep(136)) - Background container scan was interrupted.
2025-10-18 02:35:50,080 [ContainerDataScanner(/tmp/junit-14597784035652403756/4eced59a-51a5-4696-81f5-a09e608c33e0/hdds)] INFO  ozoneimpl.AbstractBackgroundContainerScanner (AbstractBackgroundContainerScanner.java:run(63)) - ContainerDataScanner(/tmp/junit-14597784035652403756/4eced59a-51a5-4696-81f5-a09e608c33e0/hdds, DS-95f819ec-c52a-4bcd-95da-cb1b0ade7989) exiting.
2025-10-18 02:35:50,082 [main] INFO  ozoneimpl.OnDemandContainerScanner (OnDemandContainerScanner.java:shutdown(141)) - On-demand container scanner is shutting down.
2025-10-18 02:35:50,082 [main] INFO  ratis.XceiverServerRatis (XceiverServerRatis.java:stop(594)) - Closing XceiverServerRatis(a1c821aa-f2b1-4eb8-8950-0f1b1ced3b42)
2025-10-18 02:35:50,082 [main] INFO  server.RaftServer (RaftServerProxy.java:lambda$close$9(422)) - a1c821aa-f2b1-4eb8-8950-0f1b1ced3b42: close
2025-10-18 02:35:50,082 [main] INFO  server.GrpcServicesImpl (GrpcServicesImpl.java:closeImpl(355)) - a1c821aa-f2b1-4eb8-8950-0f1b1ced3b42: shutdown server GrpcServerProtocolService now
2025-10-18 02:35:50,083 [main] INFO  server.GrpcServicesImpl (GrpcServicesImpl.java:closeImpl(364)) - a1c821aa-f2b1-4eb8-8950-0f1b1ced3b42: shutdown server GrpcServerProtocolService successfully
2025-10-18 02:35:50,083 [a1c821aa-f2b1-4eb8-8950-0f1b1ced3b42-NettyServerStreamRpc-bossGroup--thread1] INFO  logging.LoggingHandler (AbstractInternalLogger.java:log(148)) - [id: 0x54017af5, L:/0.0.0.0:35027] CLOSE
2025-10-18 02:35:50,083 [a1c821aa-f2b1-4eb8-8950-0f1b1ced3b42-NettyServerStreamRpc-bossGroup--thread1] INFO  logging.LoggingHandler (AbstractInternalLogger.java:log(148)) - [id: 0x54017af5, L:/0.0.0.0:35027] INACTIVE
2025-10-18 02:35:50,083 [a1c821aa-f2b1-4eb8-8950-0f1b1ced3b42-NettyServerStreamRpc-bossGroup--thread1] INFO  logging.LoggingHandler (AbstractInternalLogger.java:log(148)) - [id: 0x54017af5, L:/0.0.0.0:35027] UNREGISTERED
2025-10-18 02:35:50,091 [JvmPauseMonitor29] INFO  util.JvmPauseMonitor (JvmPauseMonitor.java:run(152)) - JvmPauseMonitor-a1c821aa-f2b1-4eb8-8950-0f1b1ced3b42: Stopped
2025-10-18 02:35:52,095 [main] INFO  utils.BackgroundService (BackgroundService.java:shutdown(195)) - Shutting down service BlockDeletingService
2025-10-18 02:35:52,095 [main] INFO  utils.BackgroundService (BackgroundService.java:shutdown(195)) - Shutting down service StaleRecoveringContainerScrubbingService
]]></system-out>
  </testcase>
  <testcase name="testFinalizeTwice(boolean)[2]" classname="org.apache.hadoop.ozone.container.upgrade.TestDatanodeUpgradeToSchemaV3" time="2.126">
    <system-out><![CDATA[2025-10-18 02:35:52,114 [main] INFO  ipc.CallQueueManager (CallQueueManager.java:<init>(93)) - Using callQueue: class java.util.concurrent.LinkedBlockingQueue, queueCapacity: 1000, scheduler: class org.apache.hadoop.ipc.DefaultRpcScheduler, ipcBackoff: false, ipcFailOver: false.
2025-10-18 02:35:52,115 [main] INFO  ipc.Server (Server.java:<init>(1438)) - Listener at localhost:45149
2025-10-18 02:35:52,115 [Socket Reader #1 for port 45149] INFO  ipc.Server (Server.java:run(1474)) - Starting Socket Reader #1 for port 45149
2025-10-18 02:35:52,116 [IPC Server Responder] INFO  ipc.Server (Server.java:run(1713)) - IPC Server Responder: starting
2025-10-18 02:35:52,116 [IPC Server listener on 45149] INFO  ipc.Server (Server.java:run(1553)) - IPC Server listener on 45149: starting
2025-10-18 02:35:52,119 [main] INFO  upgrade.AbstractLayoutVersionManager (AbstractLayoutVersionManager.java:init(80)) - Initializing Layout version manager with metadata layout = ERASURE_CODED_STORAGE_SUPPORT (version = 3), software layout = WITNESSED_CONTAINER_DB_PROTO_VALUE (version = 9)
2025-10-18 02:35:52,120 [main] INFO  upgrade.HDDSLayoutVersionManager (HDDSLayoutVersionManager.java:lambda$registerUpgradeActions$0(81)) - Registering Upgrade Action : DatanodeSchemaV3FinalizeAction
2025-10-18 02:35:52,120 [main] INFO  upgrade.HDDSLayoutVersionManager (HDDSLayoutVersionManager.java:lambda$registerUpgradeActions$0(81)) - Registering Upgrade Action : ContainerTableSchemaFinalizeAction
2025-10-18 02:35:52,120 [main] INFO  statemachine.DatanodeStateMachine (DatanodeStateMachine.java:getEndPointTaskThreadPoolSize(321)) - Datanode State Machine Task Thread Pool size 2
2025-10-18 02:35:52,121 [main] INFO  volume.HddsVolume (HddsVolume.java:<init>(162)) - HddsVolume: { id=2d37ab61-37cf-4343-8558-ed744bde48df dir=/home/runner/work/ozone/ozone/hadoop-hdds/container-service/file:/home/runner/work/ozone/ozone/hadoop-hdds/container-service/target/tmp/dfs/data type=DISK failed }
2025-10-18 02:35:52,122 [main] ERROR volume.MutableVolumeSet (MutableVolumeSet.java:initializeVolumeSet(194)) - Failed to parse the storage location: file:///home/runner/work/ozone/ozone/hadoop-hdds/container-service/target/tmp/dfs/data
org.apache.hadoop.ozone.common.InconsistentStorageStateException: Mismatched DatanodeUUIDs. Version File : /home/runner/work/ozone/ozone/hadoop-hdds/container-service/target/tmp/dfs/data/hdds/VERSION has datanodeUuid: c3d05b50-810d-4b78-be46-d77415fe1b4d and Datanode has datanodeUuid: fbed9d00-9cad-4afe-b634-338f0d1f79f6
	at org.apache.hadoop.ozone.container.common.utils.StorageVolumeUtil.getDatanodeUUID(StorageVolumeUtil.java:122)
	at org.apache.hadoop.ozone.container.common.volume.StorageVolume.readVersionFile(StorageVolume.java:385)
	at org.apache.hadoop.ozone.container.common.volume.StorageVolume.initializeImpl(StorageVolume.java:240)
	at org.apache.hadoop.ozone.container.common.volume.StorageVolume.initialize(StorageVolume.java:215)
	at org.apache.hadoop.ozone.container.common.volume.HddsVolume.<init>(HddsVolume.java:151)
	at org.apache.hadoop.ozone.container.common.volume.HddsVolume.<init>(HddsVolume.java:80)
	at org.apache.hadoop.ozone.container.common.volume.HddsVolume$Builder.build(HddsVolume.java:130)
	at org.apache.hadoop.ozone.container.common.volume.HddsVolumeFactory.createVolume(HddsVolumeFactory.java:46)
	at org.apache.hadoop.ozone.container.common.volume.MutableVolumeSet.initializeVolumeSet(MutableVolumeSet.java:172)
	at org.apache.hadoop.ozone.container.common.volume.MutableVolumeSet.<init>(MutableVolumeSet.java:130)
	at org.apache.hadoop.ozone.container.common.volume.MutableVolumeSet.<init>(MutableVolumeSet.java:92)
	at org.apache.hadoop.ozone.container.ozoneimpl.OzoneContainer.<init>(OzoneContainer.java:170)
	at org.apache.hadoop.ozone.container.common.statemachine.DatanodeStateMachine.<init>(DatanodeStateMachine.java:191)
	at org.apache.hadoop.ozone.container.common.statemachine.DatanodeStateMachine.<init>(DatanodeStateMachine.java:305)
	at org.apache.hadoop.ozone.container.upgrade.UpgradeTestHelper.startPreFinalizedDatanode(UpgradeTestHelper.java:88)
	at org.apache.hadoop.ozone.container.upgrade.TestDatanodeUpgradeToSchemaV3.testFinalizeTwice(TestDatanodeUpgradeToSchemaV3.java:254)
	at java.base/jdk.internal.reflect.DirectMethodHandleAccessor.invoke(DirectMethodHandleAccessor.java:103)
	at java.base/java.lang.reflect.Method.invoke(Method.java:580)
	at org.junit.platform.commons.util.ReflectionUtils.invokeMethod(ReflectionUtils.java:786)
	at org.junit.platform.commons.support.ReflectionSupport.invokeMethod(ReflectionSupport.java:514)
	at org.junit.jupiter.engine.execution.MethodInvocation.proceed(MethodInvocation.java:60)
	at org.junit.jupiter.engine.execution.InvocationInterceptorChain$ValidatingInvocation.proceed(InvocationInterceptorChain.java:131)
	at org.junit.jupiter.engine.extension.SameThreadTimeoutInvocation.proceed(SameThreadTimeoutInvocation.java:49)
	at org.junit.jupiter.engine.extension.TimeoutExtension.intercept(TimeoutExtension.java:161)
	at org.junit.jupiter.engine.extension.TimeoutExtension.interceptTestableMethod(TimeoutExtension.java:152)
	at org.junit.jupiter.engine.extension.TimeoutExtension.interceptTestTemplateMethod(TimeoutExtension.java:99)
	at org.junit.jupiter.engine.execution.InterceptingExecutableInvoker$ReflectiveInterceptorCall.lambda$ofVoidMethod$0(InterceptingExecutableInvoker.java:112)
	at org.junit.jupiter.engine.execution.InterceptingExecutableInvoker.lambda$invoke$0(InterceptingExecutableInvoker.java:94)
	at org.junit.jupiter.engine.execution.InvocationInterceptorChain$InterceptedInvocation.proceed(InvocationInterceptorChain.java:106)
	at org.junit.jupiter.engine.execution.InvocationInterceptorChain.proceed(InvocationInterceptorChain.java:64)
	at org.junit.jupiter.engine.execution.InvocationInterceptorChain.chainAndInvoke(InvocationInterceptorChain.java:45)
	at org.junit.jupiter.engine.execution.InvocationInterceptorChain.invoke(InvocationInterceptorChain.java:37)
	at org.junit.jupiter.engine.execution.InterceptingExecutableInvoker.invoke(InterceptingExecutableInvoker.java:93)
	at org.junit.jupiter.engine.execution.InterceptingExecutableInvoker.invoke(InterceptingExecutableInvoker.java:87)
	at org.junit.jupiter.engine.descriptor.TestMethodTestDescriptor.lambda$invokeTestMethod$4(TestMethodTestDescriptor.java:221)
	at org.junit.platform.engine.support.hierarchical.ThrowableCollector.execute(ThrowableCollector.java:73)
	at org.junit.jupiter.engine.descriptor.TestMethodTestDescriptor.invokeTestMethod(TestMethodTestDescriptor.java:217)
	at org.junit.jupiter.engine.descriptor.TestMethodTestDescriptor.execute(TestMethodTestDescriptor.java:159)
	at org.junit.jupiter.engine.descriptor.TestMethodTestDescriptor.execute(TestMethodTestDescriptor.java:70)
	at org.junit.platform.engine.support.hierarchical.NodeTestTask.lambda$executeRecursively$6(NodeTestTask.java:157)
	at org.junit.platform.engine.support.hierarchical.ThrowableCollector.execute(ThrowableCollector.java:73)
	at org.junit.platform.engine.support.hierarchical.NodeTestTask.lambda$executeRecursively$8(NodeTestTask.java:147)
	at org.junit.platform.engine.support.hierarchical.Node.around(Node.java:137)
	at org.junit.platform.engine.support.hierarchical.NodeTestTask.lambda$executeRecursively$9(NodeTestTask.java:145)
	at org.junit.platform.engine.support.hierarchical.ThrowableCollector.execute(ThrowableCollector.java:73)
	at org.junit.platform.engine.support.hierarchical.NodeTestTask.executeRecursively(NodeTestTask.java:144)
	at org.junit.platform.engine.support.hierarchical.NodeTestTask.execute(NodeTestTask.java:101)
	at org.junit.platform.engine.support.hierarchical.SameThreadHierarchicalTestExecutorService.submit(SameThreadHierarchicalTestExecutorService.java:35)
	at org.junit.platform.engine.support.hierarchical.NodeTestTask$DefaultDynamicTestExecutor.execute(NodeTestTask.java:232)
	at org.junit.platform.engine.support.hierarchical.NodeTestTask$DefaultDynamicTestExecutor.execute(NodeTestTask.java:210)
	at org.junit.jupiter.engine.descriptor.TemplateExecutor.execute(TemplateExecutor.java:98)
	at org.junit.jupiter.engine.descriptor.TemplateExecutor.lambda$executeForProvider$0(TemplateExecutor.java:61)
	at java.base/java.util.Optional.ifPresent(Optional.java:178)
	at org.junit.jupiter.engine.descriptor.TemplateExecutor.lambda$executeForProvider$1(TemplateExecutor.java:61)
	at java.base/java.util.stream.ForEachOps$ForEachOp$OfRef.accept(ForEachOps.java:184)
	at java.base/java.util.stream.ReferencePipeline$3$1.accept(ReferencePipeline.java:197)
	at java.base/java.util.stream.ForEachOps$ForEachOp$OfRef.accept(ForEachOps.java:184)
	at java.base/java.util.stream.ForEachOps$ForEachOp$OfRef.accept(ForEachOps.java:184)
	at java.base/java.util.stream.ReferencePipeline$3$1.accept(ReferencePipeline.java:197)
	at java.base/java.util.Spliterators$ArraySpliterator.forEachRemaining(Spliterators.java:1024)
	at java.base/java.util.stream.AbstractPipeline.copyInto(AbstractPipeline.java:509)
	at java.base/java.util.stream.AbstractPipeline.wrapAndCopyInto(AbstractPipeline.java:499)
	at java.base/java.util.stream.ForEachOps$ForEachOp.evaluateSequential(ForEachOps.java:151)
	at java.base/java.util.stream.ForEachOps$ForEachOp$OfRef.evaluateSequential(ForEachOps.java:174)
	at java.base/java.util.stream.AbstractPipeline.evaluate(AbstractPipeline.java:234)
	at java.base/java.util.stream.ReferencePipeline.forEach(ReferencePipeline.java:596)
	at java.base/java.util.stream.ReferencePipeline$7$1.accept(ReferencePipeline.java:276)
	at java.base/java.util.ArrayList$ArrayListSpliterator.forEachRemaining(ArrayList.java:1708)
	at java.base/java.util.stream.AbstractPipeline.copyInto(AbstractPipeline.java:509)
	at java.base/java.util.stream.AbstractPipeline.wrapAndCopyInto(AbstractPipeline.java:499)
	at java.base/java.util.stream.ForEachOps$ForEachOp.evaluateSequential(ForEachOps.java:151)
	at java.base/java.util.stream.ForEachOps$ForEachOp$OfRef.evaluateSequential(ForEachOps.java:174)
	at java.base/java.util.stream.AbstractPipeline.evaluate(AbstractPipeline.java:234)
	at java.base/java.util.stream.ReferencePipeline.forEach(ReferencePipeline.java:596)
	at java.base/java.util.stream.ReferencePipeline$7$1.accept(ReferencePipeline.java:276)
	at java.base/java.util.stream.ReferencePipeline$3$1.accept(ReferencePipeline.java:197)
	at java.base/java.util.stream.ReferencePipeline$3$1.accept(ReferencePipeline.java:197)
	at java.base/java.util.stream.ReferencePipeline$3$1.accept(ReferencePipeline.java:197)
	at java.base/java.util.ArrayList$ArrayListSpliterator.forEachRemaining(ArrayList.java:1708)
	at java.base/java.util.stream.AbstractPipeline.copyInto(AbstractPipeline.java:509)
	at java.base/java.util.stream.AbstractPipeline.wrapAndCopyInto(AbstractPipeline.java:499)
	at java.base/java.util.stream.ForEachOps$ForEachOp.evaluateSequential(ForEachOps.java:151)
	at java.base/java.util.stream.ForEachOps$ForEachOp$OfRef.evaluateSequential(ForEachOps.java:174)
	at java.base/java.util.stream.AbstractPipeline.evaluate(AbstractPipeline.java:234)
	at java.base/java.util.stream.ReferencePipeline.forEach(ReferencePipeline.java:596)
	at org.junit.jupiter.engine.descriptor.TemplateExecutor.executeForProvider(TemplateExecutor.java:59)
	at org.junit.jupiter.engine.descriptor.TemplateExecutor.execute(TemplateExecutor.java:48)
	at org.junit.jupiter.engine.descriptor.TestTemplateTestDescriptor.execute(TestTemplateTestDescriptor.java:112)
	at org.junit.jupiter.engine.descriptor.TestTemplateTestDescriptor.execute(TestTemplateTestDescriptor.java:40)
	at org.junit.platform.engine.support.hierarchical.NodeTestTask.lambda$executeRecursively$6(NodeTestTask.java:157)
	at org.junit.platform.engine.support.hierarchical.ThrowableCollector.execute(ThrowableCollector.java:73)
	at org.junit.platform.engine.support.hierarchical.NodeTestTask.lambda$executeRecursively$8(NodeTestTask.java:147)
	at org.junit.platform.engine.support.hierarchical.Node.around(Node.java:137)
	at org.junit.platform.engine.support.hierarchical.NodeTestTask.lambda$executeRecursively$9(NodeTestTask.java:145)
	at org.junit.platform.engine.support.hierarchical.ThrowableCollector.execute(ThrowableCollector.java:73)
	at org.junit.platform.engine.support.hierarchical.NodeTestTask.executeRecursively(NodeTestTask.java:144)
	at org.junit.platform.engine.support.hierarchical.NodeTestTask.execute(NodeTestTask.java:101)
	at java.base/java.util.ArrayList.forEach(ArrayList.java:1596)
	at org.junit.platform.engine.support.hierarchical.SameThreadHierarchicalTestExecutorService.invokeAll(SameThreadHierarchicalTestExecutorService.java:41)
	at org.junit.platform.engine.support.hierarchical.NodeTestTask.lambda$executeRecursively$6(NodeTestTask.java:161)
	at org.junit.platform.engine.support.hierarchical.ThrowableCollector.execute(ThrowableCollector.java:73)
	at org.junit.platform.engine.support.hierarchical.NodeTestTask.lambda$executeRecursively$8(NodeTestTask.java:147)
	at org.junit.platform.engine.support.hierarchical.Node.around(Node.java:137)
	at org.junit.platform.engine.support.hierarchical.NodeTestTask.lambda$executeRecursively$9(NodeTestTask.java:145)
	at org.junit.platform.engine.support.hierarchical.ThrowableCollector.execute(ThrowableCollector.java:73)
	at org.junit.platform.engine.support.hierarchical.NodeTestTask.executeRecursively(NodeTestTask.java:144)
	at org.junit.platform.engine.support.hierarchical.NodeTestTask.execute(NodeTestTask.java:101)
	at java.base/java.util.ArrayList.forEach(ArrayList.java:1596)
	at org.junit.platform.engine.support.hierarchical.SameThreadHierarchicalTestExecutorService.invokeAll(SameThreadHierarchicalTestExecutorService.java:41)
	at org.junit.platform.engine.support.hierarchical.NodeTestTask.lambda$executeRecursively$6(NodeTestTask.java:161)
	at org.junit.platform.engine.support.hierarchical.ThrowableCollector.execute(ThrowableCollector.java:73)
	at org.junit.platform.engine.support.hierarchical.NodeTestTask.lambda$executeRecursively$8(NodeTestTask.java:147)
	at org.junit.platform.engine.support.hierarchical.Node.around(Node.java:137)
	at org.junit.platform.engine.support.hierarchical.NodeTestTask.lambda$executeRecursively$9(NodeTestTask.java:145)
	at org.junit.platform.engine.support.hierarchical.ThrowableCollector.execute(ThrowableCollector.java:73)
	at org.junit.platform.engine.support.hierarchical.NodeTestTask.executeRecursively(NodeTestTask.java:144)
	at org.junit.platform.engine.support.hierarchical.NodeTestTask.execute(NodeTestTask.java:101)
	at org.junit.platform.engine.support.hierarchical.SameThreadHierarchicalTestExecutorService.submit(SameThreadHierarchicalTestExecutorService.java:35)
	at org.junit.platform.engine.support.hierarchical.HierarchicalTestExecutor.execute(HierarchicalTestExecutor.java:57)
	at org.junit.platform.engine.support.hierarchical.HierarchicalTestEngine.execute(HierarchicalTestEngine.java:54)
	at org.junit.platform.launcher.core.EngineExecutionOrchestrator.executeEngine(EngineExecutionOrchestrator.java:230)
	at org.junit.platform.launcher.core.EngineExecutionOrchestrator.failOrExecuteEngine(EngineExecutionOrchestrator.java:204)
	at org.junit.platform.launcher.core.EngineExecutionOrchestrator.execute(EngineExecutionOrchestrator.java:172)
	at org.junit.platform.launcher.core.EngineExecutionOrchestrator.execute(EngineExecutionOrchestrator.java:101)
	at org.junit.platform.launcher.core.EngineExecutionOrchestrator.lambda$execute$0(EngineExecutionOrchestrator.java:64)
	at org.junit.platform.launcher.core.EngineExecutionOrchestrator.withInterceptedStreams(EngineExecutionOrchestrator.java:150)
	at org.junit.platform.launcher.core.EngineExecutionOrchestrator.execute(EngineExecutionOrchestrator.java:63)
	at org.junit.platform.launcher.core.DefaultLauncher.execute(DefaultLauncher.java:109)
	at org.junit.platform.launcher.core.DefaultLauncher.execute(DefaultLauncher.java:91)
	at org.junit.platform.launcher.core.DelegatingLauncher.execute(DelegatingLauncher.java:47)
	at org.junit.platform.launcher.core.InterceptingLauncher.lambda$execute$1(InterceptingLauncher.java:39)
	at org.junit.platform.launcher.core.ClasspathAlignmentCheckingLauncherInterceptor.intercept(ClasspathAlignmentCheckingLauncherInterceptor.java:25)
	at org.junit.platform.launcher.core.InterceptingLauncher.execute(InterceptingLauncher.java:38)
	at org.junit.platform.launcher.core.DelegatingLauncher.execute(DelegatingLauncher.java:47)
	at org.apache.maven.surefire.junitplatform.LazyLauncher.execute(LazyLauncher.java:56)
	at org.apache.maven.surefire.junitplatform.JUnitPlatformProvider.execute(JUnitPlatformProvider.java:184)
	at org.apache.maven.surefire.junitplatform.JUnitPlatformProvider.invokeAllTests(JUnitPlatformProvider.java:148)
	at org.apache.maven.surefire.junitplatform.JUnitPlatformProvider.invoke(JUnitPlatformProvider.java:120)
	at org.apache.maven.surefire.booter.ForkedBooter.runSuitesInProcess(ForkedBooter.java:385)
	at org.apache.maven.surefire.booter.ForkedBooter.execute(ForkedBooter.java:162)
	at org.apache.maven.surefire.booter.ForkedBooter.run(ForkedBooter.java:507)
	at org.apache.maven.surefire.booter.ForkedBooter.main(ForkedBooter.java:495)
2025-10-18 02:35:52,123 [main] INFO  volume.HddsVolume (HddsVolume.java:<init>(162)) - HddsVolume: { id=DS-8833d02b-fa70-4d49-a71b-2ebaf7c588f9 dir=/tmp/junit-13834340315301894968/0bdd8445-b6c1-45fa-bcbf-01bb8a04ef60/hdds type=DISK capacity=9222449699674390527 used=0 available=9222449699674390527 minFree=184448985434423296 committed=0 }
2025-10-18 02:35:52,123 [main] INFO  volume.MutableVolumeSet (MutableVolumeSet.java:initializeVolumeSet(175)) - Added Volume : /tmp/junit-13834340315301894968/0bdd8445-b6c1-45fa-bcbf-01bb8a04ef60/hdds to VolumeSet
2025-10-18 02:35:52,124 [main] WARN  server.ServerUtils (ServerUtils.java:getDefaultRatisDirectory(304)) - Storage directory for Ratis is not configured. It is a good idea to map this to an SSD disk. Falling back to ozone.metadata.dirs
2025-10-18 02:35:52,124 [main] INFO  volume.MutableVolumeSet (MutableVolumeSet.java:initializeVolumeSet(175)) - Added Volume : /tmp/junit-13834340315301894968/ratis to VolumeSet
2025-10-18 02:35:52,125 [main] INFO  volume.DbVolume (DbVolume.java:<init>(63)) - DbVolume: { id=DS-cc5ec175-bc0d-48bb-8f5b-b60b01af9150 dir=/tmp/junit-13834340315301894968/db64c48a-bbc4-4ac9-b91d-74fc6bfdb8df/db type=DISK capacity=9222449699674390527 used=0 available=9222449699674390527 minFree=0 committed=0 }
2025-10-18 02:35:52,125 [main] INFO  volume.MutableVolumeSet (MutableVolumeSet.java:initializeVolumeSet(175)) - Added Volume : /tmp/junit-13834340315301894968/db64c48a-bbc4-4ac9-b91d-74fc6bfdb8df/db to VolumeSet
2025-10-18 02:35:52,126 [main] INFO  volume.DbVolume (DbVolume.java:<init>(63)) - DbVolume: { id=DS-cb6aea7c-0a41-467d-ac36-c3ac4922e7b9 dir=/tmp/junit-13834340315301894968/135898de-3df2-4acc-83bd-7b4aeccce92c/db type=DISK capacity=9222449699674390527 used=0 available=9222449699674390527 minFree=0 committed=0 }
2025-10-18 02:35:52,126 [main] INFO  volume.MutableVolumeSet (MutableVolumeSet.java:initializeVolumeSet(175)) - Added Volume : /tmp/junit-13834340315301894968/135898de-3df2-4acc-83bd-7b4aeccce92c/db to VolumeSet
2025-10-18 02:35:52,126 [main] WARN  db.DBStoreBuilder (DBStoreBuilder.java:getDBDirPath(157)) - ozone.scm.datanode.id.dir is not configured. We recommend adding this setting. Falling back to ozone.metadata.dirs instead.
2025-10-18 02:35:52,126 [main] WARN  db.DBStoreBuilder (DBStoreBuilder.java:getDBDirPath(157)) - ozone.scm.datanode.id.dir is not configured. We recommend adding this setting. Falling back to ozone.metadata.dirs instead.
2025-10-18 02:35:52,145 [main] INFO  impl.FilePerChunkStrategy (FilePerChunkStrategy.java:<init>(79)) - ozone.chunk.read.mapped.buffer.max.count is load with 0
2025-10-18 02:35:52,145 [main] INFO  impl.FilePerBlockStrategy (FilePerBlockStrategy.java:<init>(88)) - ozone.chunk.read.mapped.buffer.max.count is load with 0
2025-10-18 02:35:52,146 [main] INFO  server.RaftServerConfigKeys (ConfUtils.java:logGet(62)) - raft.server.log.appender.buffer.byte-limit = 33554432 (custom)
2025-10-18 02:35:52,146 [main] WARN  server.ServerUtils (ServerUtils.java:getDefaultRatisDirectory(304)) - Storage directory for Ratis is not configured. It is a good idea to map this to an SSD disk. Falling back to ozone.metadata.dirs
2025-10-18 02:35:52,147 [main] INFO  grpc.GrpcConfigKeys (ConfUtils.java:logFallback(69)) - raft.grpc.admin.host = null (fallback to raft.grpc.server.host)
2025-10-18 02:35:52,147 [main] INFO  grpc.GrpcConfigKeys (ConfUtils.java:logFallback(69)) - raft.grpc.client.host = null (fallback to raft.grpc.server.host)
2025-10-18 02:35:52,147 [main] INFO  server.GrpcServicesImpl (ConfUtils.java:logGet(62)) - raft.grpc.message.size.max = 34603008 (custom)
2025-10-18 02:35:52,147 [main] INFO  server.GrpcServicesImpl (ConfUtils.java:logGet(62)) - raft.grpc.flow.control.window = 5MB (=5242880) (custom)
2025-10-18 02:35:52,147 [main] INFO  server.RaftServerConfigKeys (ConfUtils.java:logGet(62)) - raft.server.log.appender.buffer.byte-limit = 33554432 (custom)
2025-10-18 02:35:52,148 [main] INFO  netty.NettyUtils (NettyUtils.java:newEventLoopGroup(74)) - Create EpollEventLoopGroup for fbed9d00-9cad-4afe-b634-338f0d1f79f6-NettyServerStreamRpc-bossGroup; Thread size is 0.
2025-10-18 02:35:52,148 [main] INFO  netty.NettyUtils (NettyUtils.java:newEventLoopGroup(74)) - Create EpollEventLoopGroup for fbed9d00-9cad-4afe-b634-338f0d1f79f6-NettyServerStreamRpc-workerGroup; Thread size is 0.
2025-10-18 02:35:52,149 [main] INFO  server.RaftServerConfigKeys (ConfUtils.java:logGet(62)) - raft.server.storage.dir = [/tmp/junit-13834340315301894968/ratis] (custom)
2025-10-18 02:35:52,149 [fbed9d00-9cad-4afe-b634-338f0d1f79f6-NettyServerStreamRpc-bossGroup--thread1] INFO  logging.LoggingHandler (AbstractInternalLogger.java:log(148)) - [id: 0xc246bee1] REGISTERED
2025-10-18 02:35:52,149 [fbed9d00-9cad-4afe-b634-338f0d1f79f6-NettyServerStreamRpc-bossGroup--thread1] INFO  logging.LoggingHandler (AbstractInternalLogger.java:log(148)) - [id: 0xc246bee1] BIND: 0.0.0.0/0.0.0.0:0
2025-10-18 02:35:52,149 [fbed9d00-9cad-4afe-b634-338f0d1f79f6-impl-thread1] INFO  server.RaftServer (RaftServerProxy.java:initGroupDir(270)) - fbed9d00-9cad-4afe-b634-338f0d1f79f6: found a subdirectory /tmp/junit-13834340315301894968/ratis/tmp
2025-10-18 02:35:52,149 [fbed9d00-9cad-4afe-b634-338f0d1f79f6-NettyServerStreamRpc-bossGroup--thread1] INFO  logging.LoggingHandler (AbstractInternalLogger.java:log(148)) - [id: 0xc246bee1, L:/0.0.0.0:41757] ACTIVE
2025-10-18 02:35:52,149 [fbed9d00-9cad-4afe-b634-338f0d1f79f6-impl-thread1] INFO  server.RaftServer (RaftServerProxy.java:initGroupDir(275)) - fbed9d00-9cad-4afe-b634-338f0d1f79f6: The directory /tmp/junit-13834340315301894968/ratis/tmp is not a group directory; ignoring it. 
2025-10-18 02:35:52,150 [main] INFO  replication.ReplicationServer (ReplicationServer.java:<init>(84)) - Initializing replication server with thread count = 10 queue length = 4096
2025-10-18 02:35:52,150 [main] INFO  server.XceiverServerGrpc (XceiverServerGrpc.java:<init>(129)) - GrpcServer channel type EpollServerSocketChannel
2025-10-18 02:35:52,151 [main] INFO  replication.ReplicationSupervisor (ReplicationSupervisor.java:build(169)) - Initializing replication supervisor with thread count = 10
2025-10-18 02:35:52,151 [main] INFO  replication.ReplicationSupervisor (ReplicationSupervisor.java:nodeStateUpdated(358)) - Node state updated to IN_SERVICE, scaling executor pool size to 10
2025-10-18 02:35:52,160 [fbed9d00-9cad-4afe-b634-338f0d1f79f6-ContainerReader-0] INFO  ozoneimpl.ContainerReader (ContainerReader.java:readVolume(147)) - Start to verify containers on volume /tmp/junit-13834340315301894968/0bdd8445-b6c1-45fa-bcbf-01bb8a04ef60/hdds
2025-10-18 02:35:52,160 [fbed9d00-9cad-4afe-b634-338f0d1f79f6-ContainerReader-0] INFO  ozoneimpl.ContainerReader (ContainerReader.java:readVolume(177)) - Finish verifying containers on volume /tmp/junit-13834340315301894968/0bdd8445-b6c1-45fa-bcbf-01bb8a04ef60/hdds
2025-10-18 02:35:52,160 [main] INFO  ozoneimpl.OzoneContainer (OzoneContainer.java:buildContainerSet(359)) - Build ContainerSet costs 0s
2025-10-18 02:35:52,160 [main] INFO  volume.ThrottledAsyncChecker (ThrottledAsyncChecker.java:schedule(138)) - Scheduling a check for /tmp/junit-13834340315301894968/0bdd8445-b6c1-45fa-bcbf-01bb8a04ef60/hdds
2025-10-18 02:35:52,161 [main] INFO  volume.StorageVolumeChecker (StorageVolumeChecker.java:checkAllVolumes(231)) - Scheduled health check for volume /tmp/junit-13834340315301894968/0bdd8445-b6c1-45fa-bcbf-01bb8a04ef60/hdds
2025-10-18 02:35:52,161 [main] INFO  volume.ThrottledAsyncChecker (ThrottledAsyncChecker.java:schedule(138)) - Scheduling a check for /tmp/junit-13834340315301894968/ratis
2025-10-18 02:35:52,162 [main] INFO  volume.StorageVolumeChecker (StorageVolumeChecker.java:checkAllVolumes(231)) - Scheduled health check for volume /tmp/junit-13834340315301894968/ratis
2025-10-18 02:35:52,162 [main] INFO  volume.ThrottledAsyncChecker (ThrottledAsyncChecker.java:schedule(138)) - Scheduling a check for /tmp/junit-13834340315301894968/135898de-3df2-4acc-83bd-7b4aeccce92c/db
2025-10-18 02:35:52,162 [main] INFO  volume.StorageVolumeChecker (StorageVolumeChecker.java:checkAllVolumes(231)) - Scheduled health check for volume /tmp/junit-13834340315301894968/135898de-3df2-4acc-83bd-7b4aeccce92c/db
2025-10-18 02:35:52,162 [main] INFO  volume.ThrottledAsyncChecker (ThrottledAsyncChecker.java:schedule(138)) - Scheduling a check for /tmp/junit-13834340315301894968/db64c48a-bbc4-4ac9-b91d-74fc6bfdb8df/db
2025-10-18 02:35:52,163 [main] INFO  volume.StorageVolumeChecker (StorageVolumeChecker.java:checkAllVolumes(231)) - Scheduled health check for volume /tmp/junit-13834340315301894968/db64c48a-bbc4-4ac9-b91d-74fc6bfdb8df/db
2025-10-18 02:35:52,164 [main] INFO  ozoneimpl.OzoneContainer (OzoneContainer.java:start(544)) - Attempting to start container services.
2025-10-18 02:35:52,164 [ContainerMetadataScanner] INFO  ozoneimpl.AbstractBackgroundContainerScanner (AbstractBackgroundContainerScanner.java:runIteration(89)) - Completed an iteration in 0 minutes. Number of iterations (since the data-node restart) : 1, Number of containers scanned in this iteration : 0, Number of unhealthy containers found in this iteration : 0
2025-10-18 02:35:52,164 [ContainerDataScanner(/tmp/junit-13834340315301894968/0bdd8445-b6c1-45fa-bcbf-01bb8a04ef60/hdds)] INFO  ozoneimpl.AbstractBackgroundContainerScanner (AbstractBackgroundContainerScanner.java:runIteration(89)) - Completed an iteration in 0 minutes. Number of iterations (since the data-node restart) : 1, Number of containers scanned in this iteration : 0, Number of unhealthy containers found in this iteration : 0
2025-10-18 02:35:52,165 [main] INFO  replication.ReplicationServer (ReplicationServer.java:start(137)) - ReplicationServer is started using port 9886
2025-10-18 02:35:52,165 [main] INFO  ratis.XceiverServerRatis (XceiverServerRatis.java:start(559)) - Starting XceiverServerRatis(fbed9d00-9cad-4afe-b634-338f0d1f79f6)
2025-10-18 02:35:52,167 [main] INFO  server.RaftServer (RaftServerProxy.java:startImpl(412)) - fbed9d00-9cad-4afe-b634-338f0d1f79f6: start RPC server
2025-10-18 02:35:52,168 [main] INFO  server.GrpcServicesImpl (GrpcServicesImpl.java:startImpl(346)) - fbed9d00-9cad-4afe-b634-338f0d1f79f6: GrpcServicesImpl started, listening on 9858
2025-10-18 02:35:52,168 [JvmPauseMonitor30] INFO  util.JvmPauseMonitor (JvmPauseMonitor.java:run(146)) - JvmPauseMonitor-fbed9d00-9cad-4afe-b634-338f0d1f79f6: Started
2025-10-18 02:35:52,168 [main] INFO  ratis.XceiverServerRatis (XceiverServerRatis.java:getRealPort(586)) - XceiverServerRatis(fbed9d00-9cad-4afe-b634-338f0d1f79f6) is started using port RATIS=9858
2025-10-18 02:35:52,168 [main] INFO  ratis.XceiverServerRatis (XceiverServerRatis.java:getRealPort(586)) - XceiverServerRatis(fbed9d00-9cad-4afe-b634-338f0d1f79f6) is started using port RATIS_ADMIN=9858
2025-10-18 02:35:52,169 [main] INFO  ratis.XceiverServerRatis (XceiverServerRatis.java:getRealPort(586)) - XceiverServerRatis(fbed9d00-9cad-4afe-b634-338f0d1f79f6) is started using port RATIS_SERVER=9858
2025-10-18 02:35:52,169 [main] INFO  ratis.XceiverServerRatis (XceiverServerRatis.java:getRealPort(586)) - XceiverServerRatis(fbed9d00-9cad-4afe-b634-338f0d1f79f6) is started using port RATIS_DATASTREAM=41757
2025-10-18 02:35:52,170 [main] INFO  utils.BackgroundService (BackgroundService.java:start(119)) - Starting service BlockDeletingService with interval 60000 milliseconds
2025-10-18 02:35:52,171 [main] INFO  utils.BackgroundService (BackgroundService.java:start(119)) - Starting service StaleRecoveringContainerScrubbingService with interval 60000 milliseconds
2025-10-18 02:35:52,171 [main] INFO  upgrade.UpgradeFinalizer (BasicUpgradeFinalizer.java:logAndEmit(395)) - Finalization started.
2025-10-18 02:35:52,171 [main] INFO  upgrade.UpgradeFinalizer (BasicUpgradeFinalizer.java:runFinalizationAction(270)) - Running finalization actions for layout feature: DATANODE_SCHEMA_V3
2025-10-18 02:35:52,171 [main] INFO  upgrade.DatanodeSchemaV3FinalizeAction (DatanodeSchemaV3FinalizeAction.java:execute(49)) - Upgrading Datanode volume layout for Schema V3 support.
2025-10-18 02:35:52,192 [main] INFO  utils.DatanodeStoreCache (DatanodeStoreCache.java:addDB(70)) - Added db /tmp/junit-13834340315301894968/db64c48a-bbc4-4ac9-b91d-74fc6bfdb8df/db/clusterID/DS-ed688cda-9440-4d8b-b682-b0456ee45be7/container.db to cache
2025-10-18 02:35:52,192 [main] INFO  volume.HddsVolume (HddsVolume.java:createDbStore(576)) - SchemaV3 db is created and loaded at /tmp/junit-13834340315301894968/db64c48a-bbc4-4ac9-b91d-74fc6bfdb8df/db/clusterID/DS-ed688cda-9440-4d8b-b682-b0456ee45be7/container.db for volume DS-ed688cda-9440-4d8b-b682-b0456ee45be7
2025-10-18 02:35:52,193 [main] INFO  utils.DatanodeStoreCache (DatanodeStoreCache.java:removeDB(104)) - Removed db /tmp/junit-13834340315301894968/db64c48a-bbc4-4ac9-b91d-74fc6bfdb8df/db/clusterID/DS-ed688cda-9440-4d8b-b682-b0456ee45be7/container.db from cache
2025-10-18 02:35:52,193 [main] INFO  volume.HddsVolume (HddsVolume.java:closeDbStore(609)) - SchemaV3 db is stopped at /tmp/junit-13834340315301894968/db64c48a-bbc4-4ac9-b91d-74fc6bfdb8df/db/clusterID/DS-ed688cda-9440-4d8b-b682-b0456ee45be7/container.db for volume DS-ed688cda-9440-4d8b-b682-b0456ee45be7
2025-10-18 02:35:52,205 [ForkJoinPool.commonPool-worker-2] INFO  utils.DatanodeStoreCache (DatanodeStoreCache.java:addDB(70)) - Added db /tmp/junit-13834340315301894968/db64c48a-bbc4-4ac9-b91d-74fc6bfdb8df/db/clusterID/DS-ed688cda-9440-4d8b-b682-b0456ee45be7/container.db to cache
2025-10-18 02:35:52,205 [ForkJoinPool.commonPool-worker-2] INFO  volume.HddsVolume (HddsVolume.java:loadDbStore(517)) - SchemaV3 db is loaded at /tmp/junit-13834340315301894968/db64c48a-bbc4-4ac9-b91d-74fc6bfdb8df/db/clusterID/DS-ed688cda-9440-4d8b-b682-b0456ee45be7/container.db for volume DS-ed688cda-9440-4d8b-b682-b0456ee45be7
2025-10-18 02:35:52,205 [main] INFO  upgrade.DatanodeSchemaV3FinalizeAction (HddsVolumeUtil.java:loadAllHddsVolumeDbStore(102)) - Load 1 volumes DbStore cost: 11ms
2025-10-18 02:35:52,206 [main] INFO  upgrade.AbstractLayoutVersionManager (AbstractLayoutVersionManager.java:finalized(124)) - Layout feature DATANODE_SCHEMA_V3 has been finalized.
2025-10-18 02:35:52,206 [main] INFO  upgrade.UpgradeFinalizer (BasicUpgradeFinalizer.java:logAndEmit(395)) - No onFinalize work defined for feature: RATIS_DATASTREAM_PORT_IN_DATANODEDETAILS.
2025-10-18 02:35:52,207 [main] INFO  upgrade.AbstractLayoutVersionManager (AbstractLayoutVersionManager.java:finalized(124)) - Layout feature RATIS_DATASTREAM_PORT_IN_DATANODEDETAILS has been finalized.
2025-10-18 02:35:52,207 [main] INFO  upgrade.UpgradeFinalizer (BasicUpgradeFinalizer.java:logAndEmit(395)) - No onFinalize work defined for feature: WEBUI_PORTS_IN_DATANODEDETAILS.
2025-10-18 02:35:52,208 [main] INFO  upgrade.AbstractLayoutVersionManager (AbstractLayoutVersionManager.java:finalized(124)) - Layout feature WEBUI_PORTS_IN_DATANODEDETAILS has been finalized.
2025-10-18 02:35:52,208 [main] INFO  upgrade.UpgradeFinalizer (BasicUpgradeFinalizer.java:logAndEmit(395)) - No onFinalize work defined for feature: HADOOP_PRC_PORTS_IN_DATANODEDETAILS.
2025-10-18 02:35:52,209 [main] INFO  upgrade.AbstractLayoutVersionManager (AbstractLayoutVersionManager.java:finalized(124)) - Layout feature HADOOP_PRC_PORTS_IN_DATANODEDETAILS has been finalized.
2025-10-18 02:35:52,209 [main] INFO  upgrade.UpgradeFinalizer (BasicUpgradeFinalizer.java:logAndEmit(395)) - No onFinalize work defined for feature: HBASE_SUPPORT.
2025-10-18 02:35:52,210 [main] INFO  upgrade.AbstractLayoutVersionManager (AbstractLayoutVersionManager.java:finalized(124)) - Layout feature HBASE_SUPPORT has been finalized.
2025-10-18 02:35:52,210 [main] INFO  upgrade.UpgradeFinalizer (BasicUpgradeFinalizer.java:runFinalizationAction(270)) - Running finalization actions for layout feature: WITNESSED_CONTAINER_DB_PROTO_VALUE
2025-10-18 02:35:52,210 [main] INFO  upgrade.ContainerTableSchemaFinalizeAction (ContainerTableSchemaFinalizeAction.java:execute(71)) - Finished copy to containerIdsTable from previous table
2025-10-18 02:35:52,211 [main] INFO  upgrade.AbstractLayoutVersionManager (AbstractLayoutVersionManager.java:finalized(124)) - Layout feature WITNESSED_CONTAINER_DB_PROTO_VALUE has been finalized.
2025-10-18 02:35:52,212 [main] INFO  upgrade.AbstractLayoutVersionManager (AbstractLayoutVersionManager.java:finalized(126)) - Finalization is complete.
2025-10-18 02:35:52,212 [main] INFO  upgrade.UpgradeFinalizer (BasicUpgradeFinalizer.java:logAndEmit(395)) - Finalization is done.
2025-10-18 02:35:52,212 [main] INFO  ipc.Server (Server.java:stop(3697)) - Stopping server on 45149
2025-10-18 02:35:52,213 [IPC Server listener on 45149] INFO  ipc.Server (Server.java:run(1585)) - Stopping IPC Server listener on 45149
2025-10-18 02:35:52,213 [IPC Server Responder] INFO  ipc.Server (Server.java:run(1718)) - Stopping IPC Server Responder
2025-10-18 02:35:52,213 [main] INFO  ozoneimpl.OzoneContainer (OzoneContainer.java:stop(568)) - Attempting to stop container services.
2025-10-18 02:35:52,213 [ContainerMetadataScanner] WARN  ozoneimpl.AbstractBackgroundContainerScanner (AbstractBackgroundContainerScanner.java:handleRemainingSleep(136)) - Background container scan was interrupted.
2025-10-18 02:35:52,213 [ContainerMetadataScanner] INFO  ozoneimpl.AbstractBackgroundContainerScanner (AbstractBackgroundContainerScanner.java:run(63)) - org.apache.hadoop.ozone.container.ozoneimpl.BackgroundContainerMetadataScanner@8bb2df2 exiting.
2025-10-18 02:35:52,213 [main] INFO  ozoneimpl.BackgroundContainerDataScanner (BackgroundContainerDataScanner.java:shutdown(87)) - ContainerDataScanner(/tmp/junit-13834340315301894968/0bdd8445-b6c1-45fa-bcbf-01bb8a04ef60/hdds) is shutting down. 
2025-10-18 02:35:52,213 [ContainerDataScanner(/tmp/junit-13834340315301894968/0bdd8445-b6c1-45fa-bcbf-01bb8a04ef60/hdds)] WARN  ozoneimpl.AbstractBackgroundContainerScanner (AbstractBackgroundContainerScanner.java:handleRemainingSleep(136)) - Background container scan was interrupted.
2025-10-18 02:35:52,214 [ContainerDataScanner(/tmp/junit-13834340315301894968/0bdd8445-b6c1-45fa-bcbf-01bb8a04ef60/hdds)] INFO  ozoneimpl.AbstractBackgroundContainerScanner (AbstractBackgroundContainerScanner.java:run(63)) - ContainerDataScanner(/tmp/junit-13834340315301894968/0bdd8445-b6c1-45fa-bcbf-01bb8a04ef60/hdds, DS-ed688cda-9440-4d8b-b682-b0456ee45be7) exiting.
2025-10-18 02:35:52,214 [main] INFO  ozoneimpl.OnDemandContainerScanner (OnDemandContainerScanner.java:shutdown(141)) - On-demand container scanner is shutting down.
2025-10-18 02:35:52,214 [main] INFO  ratis.XceiverServerRatis (XceiverServerRatis.java:stop(594)) - Closing XceiverServerRatis(fbed9d00-9cad-4afe-b634-338f0d1f79f6)
2025-10-18 02:35:52,214 [main] INFO  server.RaftServer (RaftServerProxy.java:lambda$close$9(422)) - fbed9d00-9cad-4afe-b634-338f0d1f79f6: close
2025-10-18 02:35:52,214 [main] INFO  server.GrpcServicesImpl (GrpcServicesImpl.java:closeImpl(355)) - fbed9d00-9cad-4afe-b634-338f0d1f79f6: shutdown server GrpcServerProtocolService now
2025-10-18 02:35:52,215 [main] INFO  server.GrpcServicesImpl (GrpcServicesImpl.java:closeImpl(364)) - fbed9d00-9cad-4afe-b634-338f0d1f79f6: shutdown server GrpcServerProtocolService successfully
2025-10-18 02:35:52,215 [fbed9d00-9cad-4afe-b634-338f0d1f79f6-NettyServerStreamRpc-bossGroup--thread1] INFO  logging.LoggingHandler (AbstractInternalLogger.java:log(148)) - [id: 0xc246bee1, L:/0.0.0.0:41757] CLOSE
2025-10-18 02:35:52,215 [fbed9d00-9cad-4afe-b634-338f0d1f79f6-NettyServerStreamRpc-bossGroup--thread1] INFO  logging.LoggingHandler (AbstractInternalLogger.java:log(148)) - [id: 0xc246bee1, L:/0.0.0.0:41757] INACTIVE
2025-10-18 02:35:52,215 [fbed9d00-9cad-4afe-b634-338f0d1f79f6-NettyServerStreamRpc-bossGroup--thread1] INFO  logging.LoggingHandler (AbstractInternalLogger.java:log(148)) - [id: 0xc246bee1, L:/0.0.0.0:41757] UNREGISTERED
2025-10-18 02:35:52,217 [JvmPauseMonitor30] INFO  util.JvmPauseMonitor (JvmPauseMonitor.java:run(152)) - JvmPauseMonitor-fbed9d00-9cad-4afe-b634-338f0d1f79f6: Stopped
2025-10-18 02:35:54,222 [main] INFO  volume.HddsVolume (HddsVolume.java:closeDbStore(609)) - SchemaV3 db is stopped at /tmp/junit-13834340315301894968/db64c48a-bbc4-4ac9-b91d-74fc6bfdb8df/db/clusterID/DS-ed688cda-9440-4d8b-b682-b0456ee45be7/container.db for volume DS-ed688cda-9440-4d8b-b682-b0456ee45be7
2025-10-18 02:35:54,222 [main] INFO  utils.BackgroundService (BackgroundService.java:shutdown(195)) - Shutting down service BlockDeletingService
2025-10-18 02:35:54,223 [main] INFO  utils.BackgroundService (BackgroundService.java:shutdown(195)) - Shutting down service StaleRecoveringContainerScrubbingService
]]></system-out>
  </testcase>
  <testcase name="testDBOnHddsVolume(boolean)[1]" classname="org.apache.hadoop.ozone.container.upgrade.TestDatanodeUpgradeToSchemaV3" time="2.121">
    <system-out><![CDATA[2025-10-18 02:35:54,240 [main] INFO  ipc.CallQueueManager (CallQueueManager.java:<init>(93)) - Using callQueue: class java.util.concurrent.LinkedBlockingQueue, queueCapacity: 1000, scheduler: class org.apache.hadoop.ipc.DefaultRpcScheduler, ipcBackoff: false, ipcFailOver: false.
2025-10-18 02:35:54,241 [main] INFO  ipc.Server (Server.java:<init>(1438)) - Listener at localhost:40305
2025-10-18 02:35:54,241 [Socket Reader #1 for port 40305] INFO  ipc.Server (Server.java:run(1474)) - Starting Socket Reader #1 for port 40305
2025-10-18 02:35:54,242 [IPC Server Responder] INFO  ipc.Server (Server.java:run(1713)) - IPC Server Responder: starting
2025-10-18 02:35:54,242 [IPC Server listener on 40305] INFO  ipc.Server (Server.java:run(1553)) - IPC Server listener on 40305: starting
2025-10-18 02:35:54,245 [main] INFO  upgrade.AbstractLayoutVersionManager (AbstractLayoutVersionManager.java:init(80)) - Initializing Layout version manager with metadata layout = ERASURE_CODED_STORAGE_SUPPORT (version = 3), software layout = WITNESSED_CONTAINER_DB_PROTO_VALUE (version = 9)
2025-10-18 02:35:54,245 [main] INFO  upgrade.HDDSLayoutVersionManager (HDDSLayoutVersionManager.java:lambda$registerUpgradeActions$0(81)) - Registering Upgrade Action : DatanodeSchemaV3FinalizeAction
2025-10-18 02:35:54,245 [main] INFO  upgrade.HDDSLayoutVersionManager (HDDSLayoutVersionManager.java:lambda$registerUpgradeActions$0(81)) - Registering Upgrade Action : ContainerTableSchemaFinalizeAction
2025-10-18 02:35:54,246 [main] INFO  statemachine.DatanodeStateMachine (DatanodeStateMachine.java:getEndPointTaskThreadPoolSize(321)) - Datanode State Machine Task Thread Pool size 2
2025-10-18 02:35:54,247 [main] INFO  volume.HddsVolume (HddsVolume.java:<init>(162)) - HddsVolume: { id=37d2540b-15c0-4083-a0a1-e15b03015ab3 dir=/home/runner/work/ozone/ozone/hadoop-hdds/container-service/file:/home/runner/work/ozone/ozone/hadoop-hdds/container-service/target/tmp/dfs/data type=DISK failed }
2025-10-18 02:35:54,247 [main] ERROR volume.MutableVolumeSet (MutableVolumeSet.java:initializeVolumeSet(194)) - Failed to parse the storage location: file:///home/runner/work/ozone/ozone/hadoop-hdds/container-service/target/tmp/dfs/data
org.apache.hadoop.ozone.common.InconsistentStorageStateException: Mismatched DatanodeUUIDs. Version File : /home/runner/work/ozone/ozone/hadoop-hdds/container-service/target/tmp/dfs/data/hdds/VERSION has datanodeUuid: c3d05b50-810d-4b78-be46-d77415fe1b4d and Datanode has datanodeUuid: 1f97141c-d7e0-4add-8daf-694cc455abb5
	at org.apache.hadoop.ozone.container.common.utils.StorageVolumeUtil.getDatanodeUUID(StorageVolumeUtil.java:122)
	at org.apache.hadoop.ozone.container.common.volume.StorageVolume.readVersionFile(StorageVolume.java:385)
	at org.apache.hadoop.ozone.container.common.volume.StorageVolume.initializeImpl(StorageVolume.java:240)
	at org.apache.hadoop.ozone.container.common.volume.StorageVolume.initialize(StorageVolume.java:215)
	at org.apache.hadoop.ozone.container.common.volume.HddsVolume.<init>(HddsVolume.java:151)
	at org.apache.hadoop.ozone.container.common.volume.HddsVolume.<init>(HddsVolume.java:80)
	at org.apache.hadoop.ozone.container.common.volume.HddsVolume$Builder.build(HddsVolume.java:130)
	at org.apache.hadoop.ozone.container.common.volume.HddsVolumeFactory.createVolume(HddsVolumeFactory.java:46)
	at org.apache.hadoop.ozone.container.common.volume.MutableVolumeSet.initializeVolumeSet(MutableVolumeSet.java:172)
	at org.apache.hadoop.ozone.container.common.volume.MutableVolumeSet.<init>(MutableVolumeSet.java:130)
	at org.apache.hadoop.ozone.container.common.volume.MutableVolumeSet.<init>(MutableVolumeSet.java:92)
	at org.apache.hadoop.ozone.container.ozoneimpl.OzoneContainer.<init>(OzoneContainer.java:170)
	at org.apache.hadoop.ozone.container.common.statemachine.DatanodeStateMachine.<init>(DatanodeStateMachine.java:191)
	at org.apache.hadoop.ozone.container.common.statemachine.DatanodeStateMachine.<init>(DatanodeStateMachine.java:305)
	at org.apache.hadoop.ozone.container.upgrade.UpgradeTestHelper.startPreFinalizedDatanode(UpgradeTestHelper.java:88)
	at org.apache.hadoop.ozone.container.upgrade.TestDatanodeUpgradeToSchemaV3.testDBOnHddsVolume(TestDatanodeUpgradeToSchemaV3.java:126)
	at java.base/jdk.internal.reflect.DirectMethodHandleAccessor.invoke(DirectMethodHandleAccessor.java:103)
	at java.base/java.lang.reflect.Method.invoke(Method.java:580)
	at org.junit.platform.commons.util.ReflectionUtils.invokeMethod(ReflectionUtils.java:786)
	at org.junit.platform.commons.support.ReflectionSupport.invokeMethod(ReflectionSupport.java:514)
	at org.junit.jupiter.engine.execution.MethodInvocation.proceed(MethodInvocation.java:60)
	at org.junit.jupiter.engine.execution.InvocationInterceptorChain$ValidatingInvocation.proceed(InvocationInterceptorChain.java:131)
	at org.junit.jupiter.engine.extension.SameThreadTimeoutInvocation.proceed(SameThreadTimeoutInvocation.java:49)
	at org.junit.jupiter.engine.extension.TimeoutExtension.intercept(TimeoutExtension.java:161)
	at org.junit.jupiter.engine.extension.TimeoutExtension.interceptTestableMethod(TimeoutExtension.java:152)
	at org.junit.jupiter.engine.extension.TimeoutExtension.interceptTestTemplateMethod(TimeoutExtension.java:99)
	at org.junit.jupiter.engine.execution.InterceptingExecutableInvoker$ReflectiveInterceptorCall.lambda$ofVoidMethod$0(InterceptingExecutableInvoker.java:112)
	at org.junit.jupiter.engine.execution.InterceptingExecutableInvoker.lambda$invoke$0(InterceptingExecutableInvoker.java:94)
	at org.junit.jupiter.engine.execution.InvocationInterceptorChain$InterceptedInvocation.proceed(InvocationInterceptorChain.java:106)
	at org.junit.jupiter.engine.execution.InvocationInterceptorChain.proceed(InvocationInterceptorChain.java:64)
	at org.junit.jupiter.engine.execution.InvocationInterceptorChain.chainAndInvoke(InvocationInterceptorChain.java:45)
	at org.junit.jupiter.engine.execution.InvocationInterceptorChain.invoke(InvocationInterceptorChain.java:37)
	at org.junit.jupiter.engine.execution.InterceptingExecutableInvoker.invoke(InterceptingExecutableInvoker.java:93)
	at org.junit.jupiter.engine.execution.InterceptingExecutableInvoker.invoke(InterceptingExecutableInvoker.java:87)
	at org.junit.jupiter.engine.descriptor.TestMethodTestDescriptor.lambda$invokeTestMethod$4(TestMethodTestDescriptor.java:221)
	at org.junit.platform.engine.support.hierarchical.ThrowableCollector.execute(ThrowableCollector.java:73)
	at org.junit.jupiter.engine.descriptor.TestMethodTestDescriptor.invokeTestMethod(TestMethodTestDescriptor.java:217)
	at org.junit.jupiter.engine.descriptor.TestMethodTestDescriptor.execute(TestMethodTestDescriptor.java:159)
	at org.junit.jupiter.engine.descriptor.TestMethodTestDescriptor.execute(TestMethodTestDescriptor.java:70)
	at org.junit.platform.engine.support.hierarchical.NodeTestTask.lambda$executeRecursively$6(NodeTestTask.java:157)
	at org.junit.platform.engine.support.hierarchical.ThrowableCollector.execute(ThrowableCollector.java:73)
	at org.junit.platform.engine.support.hierarchical.NodeTestTask.lambda$executeRecursively$8(NodeTestTask.java:147)
	at org.junit.platform.engine.support.hierarchical.Node.around(Node.java:137)
	at org.junit.platform.engine.support.hierarchical.NodeTestTask.lambda$executeRecursively$9(NodeTestTask.java:145)
	at org.junit.platform.engine.support.hierarchical.ThrowableCollector.execute(ThrowableCollector.java:73)
	at org.junit.platform.engine.support.hierarchical.NodeTestTask.executeRecursively(NodeTestTask.java:144)
	at org.junit.platform.engine.support.hierarchical.NodeTestTask.execute(NodeTestTask.java:101)
	at org.junit.platform.engine.support.hierarchical.SameThreadHierarchicalTestExecutorService.submit(SameThreadHierarchicalTestExecutorService.java:35)
	at org.junit.platform.engine.support.hierarchical.NodeTestTask$DefaultDynamicTestExecutor.execute(NodeTestTask.java:232)
	at org.junit.platform.engine.support.hierarchical.NodeTestTask$DefaultDynamicTestExecutor.execute(NodeTestTask.java:210)
	at org.junit.jupiter.engine.descriptor.TemplateExecutor.execute(TemplateExecutor.java:98)
	at org.junit.jupiter.engine.descriptor.TemplateExecutor.lambda$executeForProvider$0(TemplateExecutor.java:61)
	at java.base/java.util.Optional.ifPresent(Optional.java:178)
	at org.junit.jupiter.engine.descriptor.TemplateExecutor.lambda$executeForProvider$1(TemplateExecutor.java:61)
	at java.base/java.util.stream.ForEachOps$ForEachOp$OfRef.accept(ForEachOps.java:184)
	at java.base/java.util.stream.ReferencePipeline$3$1.accept(ReferencePipeline.java:197)
	at java.base/java.util.stream.ForEachOps$ForEachOp$OfRef.accept(ForEachOps.java:184)
	at java.base/java.util.stream.ForEachOps$ForEachOp$OfRef.accept(ForEachOps.java:184)
	at java.base/java.util.stream.ReferencePipeline$3$1.accept(ReferencePipeline.java:197)
	at java.base/java.util.Spliterators$ArraySpliterator.forEachRemaining(Spliterators.java:1024)
	at java.base/java.util.stream.AbstractPipeline.copyInto(AbstractPipeline.java:509)
	at java.base/java.util.stream.AbstractPipeline.wrapAndCopyInto(AbstractPipeline.java:499)
	at java.base/java.util.stream.ForEachOps$ForEachOp.evaluateSequential(ForEachOps.java:151)
	at java.base/java.util.stream.ForEachOps$ForEachOp$OfRef.evaluateSequential(ForEachOps.java:174)
	at java.base/java.util.stream.AbstractPipeline.evaluate(AbstractPipeline.java:234)
	at java.base/java.util.stream.ReferencePipeline.forEach(ReferencePipeline.java:596)
	at java.base/java.util.stream.ReferencePipeline$7$1.accept(ReferencePipeline.java:276)
	at java.base/java.util.ArrayList$ArrayListSpliterator.forEachRemaining(ArrayList.java:1708)
	at java.base/java.util.stream.AbstractPipeline.copyInto(AbstractPipeline.java:509)
	at java.base/java.util.stream.AbstractPipeline.wrapAndCopyInto(AbstractPipeline.java:499)
	at java.base/java.util.stream.ForEachOps$ForEachOp.evaluateSequential(ForEachOps.java:151)
	at java.base/java.util.stream.ForEachOps$ForEachOp$OfRef.evaluateSequential(ForEachOps.java:174)
	at java.base/java.util.stream.AbstractPipeline.evaluate(AbstractPipeline.java:234)
	at java.base/java.util.stream.ReferencePipeline.forEach(ReferencePipeline.java:596)
	at java.base/java.util.stream.ReferencePipeline$7$1.accept(ReferencePipeline.java:276)
	at java.base/java.util.stream.ReferencePipeline$3$1.accept(ReferencePipeline.java:197)
	at java.base/java.util.stream.ReferencePipeline$3$1.accept(ReferencePipeline.java:197)
	at java.base/java.util.stream.ReferencePipeline$3$1.accept(ReferencePipeline.java:197)
	at java.base/java.util.ArrayList$ArrayListSpliterator.forEachRemaining(ArrayList.java:1708)
	at java.base/java.util.stream.AbstractPipeline.copyInto(AbstractPipeline.java:509)
	at java.base/java.util.stream.AbstractPipeline.wrapAndCopyInto(AbstractPipeline.java:499)
	at java.base/java.util.stream.ForEachOps$ForEachOp.evaluateSequential(ForEachOps.java:151)
	at java.base/java.util.stream.ForEachOps$ForEachOp$OfRef.evaluateSequential(ForEachOps.java:174)
	at java.base/java.util.stream.AbstractPipeline.evaluate(AbstractPipeline.java:234)
	at java.base/java.util.stream.ReferencePipeline.forEach(ReferencePipeline.java:596)
	at org.junit.jupiter.engine.descriptor.TemplateExecutor.executeForProvider(TemplateExecutor.java:59)
	at org.junit.jupiter.engine.descriptor.TemplateExecutor.execute(TemplateExecutor.java:48)
	at org.junit.jupiter.engine.descriptor.TestTemplateTestDescriptor.execute(TestTemplateTestDescriptor.java:112)
	at org.junit.jupiter.engine.descriptor.TestTemplateTestDescriptor.execute(TestTemplateTestDescriptor.java:40)
	at org.junit.platform.engine.support.hierarchical.NodeTestTask.lambda$executeRecursively$6(NodeTestTask.java:157)
	at org.junit.platform.engine.support.hierarchical.ThrowableCollector.execute(ThrowableCollector.java:73)
	at org.junit.platform.engine.support.hierarchical.NodeTestTask.lambda$executeRecursively$8(NodeTestTask.java:147)
	at org.junit.platform.engine.support.hierarchical.Node.around(Node.java:137)
	at org.junit.platform.engine.support.hierarchical.NodeTestTask.lambda$executeRecursively$9(NodeTestTask.java:145)
	at org.junit.platform.engine.support.hierarchical.ThrowableCollector.execute(ThrowableCollector.java:73)
	at org.junit.platform.engine.support.hierarchical.NodeTestTask.executeRecursively(NodeTestTask.java:144)
	at org.junit.platform.engine.support.hierarchical.NodeTestTask.execute(NodeTestTask.java:101)
	at java.base/java.util.ArrayList.forEach(ArrayList.java:1596)
	at org.junit.platform.engine.support.hierarchical.SameThreadHierarchicalTestExecutorService.invokeAll(SameThreadHierarchicalTestExecutorService.java:41)
	at org.junit.platform.engine.support.hierarchical.NodeTestTask.lambda$executeRecursively$6(NodeTestTask.java:161)
	at org.junit.platform.engine.support.hierarchical.ThrowableCollector.execute(ThrowableCollector.java:73)
	at org.junit.platform.engine.support.hierarchical.NodeTestTask.lambda$executeRecursively$8(NodeTestTask.java:147)
	at org.junit.platform.engine.support.hierarchical.Node.around(Node.java:137)
	at org.junit.platform.engine.support.hierarchical.NodeTestTask.lambda$executeRecursively$9(NodeTestTask.java:145)
	at org.junit.platform.engine.support.hierarchical.ThrowableCollector.execute(ThrowableCollector.java:73)
	at org.junit.platform.engine.support.hierarchical.NodeTestTask.executeRecursively(NodeTestTask.java:144)
	at org.junit.platform.engine.support.hierarchical.NodeTestTask.execute(NodeTestTask.java:101)
	at java.base/java.util.ArrayList.forEach(ArrayList.java:1596)
	at org.junit.platform.engine.support.hierarchical.SameThreadHierarchicalTestExecutorService.invokeAll(SameThreadHierarchicalTestExecutorService.java:41)
	at org.junit.platform.engine.support.hierarchical.NodeTestTask.lambda$executeRecursively$6(NodeTestTask.java:161)
	at org.junit.platform.engine.support.hierarchical.ThrowableCollector.execute(ThrowableCollector.java:73)
	at org.junit.platform.engine.support.hierarchical.NodeTestTask.lambda$executeRecursively$8(NodeTestTask.java:147)
	at org.junit.platform.engine.support.hierarchical.Node.around(Node.java:137)
	at org.junit.platform.engine.support.hierarchical.NodeTestTask.lambda$executeRecursively$9(NodeTestTask.java:145)
	at org.junit.platform.engine.support.hierarchical.ThrowableCollector.execute(ThrowableCollector.java:73)
	at org.junit.platform.engine.support.hierarchical.NodeTestTask.executeRecursively(NodeTestTask.java:144)
	at org.junit.platform.engine.support.hierarchical.NodeTestTask.execute(NodeTestTask.java:101)
	at org.junit.platform.engine.support.hierarchical.SameThreadHierarchicalTestExecutorService.submit(SameThreadHierarchicalTestExecutorService.java:35)
	at org.junit.platform.engine.support.hierarchical.HierarchicalTestExecutor.execute(HierarchicalTestExecutor.java:57)
	at org.junit.platform.engine.support.hierarchical.HierarchicalTestEngine.execute(HierarchicalTestEngine.java:54)
	at org.junit.platform.launcher.core.EngineExecutionOrchestrator.executeEngine(EngineExecutionOrchestrator.java:230)
	at org.junit.platform.launcher.core.EngineExecutionOrchestrator.failOrExecuteEngine(EngineExecutionOrchestrator.java:204)
	at org.junit.platform.launcher.core.EngineExecutionOrchestrator.execute(EngineExecutionOrchestrator.java:172)
	at org.junit.platform.launcher.core.EngineExecutionOrchestrator.execute(EngineExecutionOrchestrator.java:101)
	at org.junit.platform.launcher.core.EngineExecutionOrchestrator.lambda$execute$0(EngineExecutionOrchestrator.java:64)
	at org.junit.platform.launcher.core.EngineExecutionOrchestrator.withInterceptedStreams(EngineExecutionOrchestrator.java:150)
	at org.junit.platform.launcher.core.EngineExecutionOrchestrator.execute(EngineExecutionOrchestrator.java:63)
	at org.junit.platform.launcher.core.DefaultLauncher.execute(DefaultLauncher.java:109)
	at org.junit.platform.launcher.core.DefaultLauncher.execute(DefaultLauncher.java:91)
	at org.junit.platform.launcher.core.DelegatingLauncher.execute(DelegatingLauncher.java:47)
	at org.junit.platform.launcher.core.InterceptingLauncher.lambda$execute$1(InterceptingLauncher.java:39)
	at org.junit.platform.launcher.core.ClasspathAlignmentCheckingLauncherInterceptor.intercept(ClasspathAlignmentCheckingLauncherInterceptor.java:25)
	at org.junit.platform.launcher.core.InterceptingLauncher.execute(InterceptingLauncher.java:38)
	at org.junit.platform.launcher.core.DelegatingLauncher.execute(DelegatingLauncher.java:47)
	at org.apache.maven.surefire.junitplatform.LazyLauncher.execute(LazyLauncher.java:56)
	at org.apache.maven.surefire.junitplatform.JUnitPlatformProvider.execute(JUnitPlatformProvider.java:184)
	at org.apache.maven.surefire.junitplatform.JUnitPlatformProvider.invokeAllTests(JUnitPlatformProvider.java:148)
	at org.apache.maven.surefire.junitplatform.JUnitPlatformProvider.invoke(JUnitPlatformProvider.java:120)
	at org.apache.maven.surefire.booter.ForkedBooter.runSuitesInProcess(ForkedBooter.java:385)
	at org.apache.maven.surefire.booter.ForkedBooter.execute(ForkedBooter.java:162)
	at org.apache.maven.surefire.booter.ForkedBooter.run(ForkedBooter.java:507)
	at org.apache.maven.surefire.booter.ForkedBooter.main(ForkedBooter.java:495)
2025-10-18 02:35:54,248 [main] INFO  volume.HddsVolume (HddsVolume.java:<init>(162)) - HddsVolume: { id=DS-e41fc5a5-7195-414c-a835-aef15fb9d315 dir=/tmp/junit-16227103804356186049/bc273a2f-32f3-4650-ae06-d5fd23660d80/hdds type=DISK capacity=9222449699674390527 used=0 available=9222449699674390527 minFree=184448985434423296 committed=0 }
2025-10-18 02:35:54,248 [main] INFO  volume.MutableVolumeSet (MutableVolumeSet.java:initializeVolumeSet(175)) - Added Volume : /tmp/junit-16227103804356186049/bc273a2f-32f3-4650-ae06-d5fd23660d80/hdds to VolumeSet
2025-10-18 02:35:54,249 [main] WARN  server.ServerUtils (ServerUtils.java:getDefaultRatisDirectory(304)) - Storage directory for Ratis is not configured. It is a good idea to map this to an SSD disk. Falling back to ozone.metadata.dirs
2025-10-18 02:35:54,249 [main] INFO  volume.MutableVolumeSet (MutableVolumeSet.java:initializeVolumeSet(175)) - Added Volume : /tmp/junit-16227103804356186049/ratis to VolumeSet
2025-10-18 02:35:54,250 [main] WARN  db.DBStoreBuilder (DBStoreBuilder.java:getDBDirPath(157)) - ozone.scm.datanode.id.dir is not configured. We recommend adding this setting. Falling back to ozone.metadata.dirs instead.
2025-10-18 02:35:54,250 [main] WARN  db.DBStoreBuilder (DBStoreBuilder.java:getDBDirPath(157)) - ozone.scm.datanode.id.dir is not configured. We recommend adding this setting. Falling back to ozone.metadata.dirs instead.
2025-10-18 02:35:54,263 [main] INFO  impl.FilePerChunkStrategy (FilePerChunkStrategy.java:<init>(79)) - ozone.chunk.read.mapped.buffer.max.count is load with 0
2025-10-18 02:35:54,264 [main] INFO  impl.FilePerBlockStrategy (FilePerBlockStrategy.java:<init>(88)) - ozone.chunk.read.mapped.buffer.max.count is load with 0
2025-10-18 02:35:54,264 [main] INFO  server.RaftServerConfigKeys (ConfUtils.java:logGet(62)) - raft.server.log.appender.buffer.byte-limit = 33554432 (custom)
2025-10-18 02:35:54,264 [main] WARN  server.ServerUtils (ServerUtils.java:getDefaultRatisDirectory(304)) - Storage directory for Ratis is not configured. It is a good idea to map this to an SSD disk. Falling back to ozone.metadata.dirs
2025-10-18 02:35:54,266 [main] INFO  grpc.GrpcConfigKeys (ConfUtils.java:logFallback(69)) - raft.grpc.admin.host = null (fallback to raft.grpc.server.host)
2025-10-18 02:35:54,266 [main] INFO  grpc.GrpcConfigKeys (ConfUtils.java:logFallback(69)) - raft.grpc.client.host = null (fallback to raft.grpc.server.host)
2025-10-18 02:35:54,266 [main] INFO  server.GrpcServicesImpl (ConfUtils.java:logGet(62)) - raft.grpc.message.size.max = 34603008 (custom)
2025-10-18 02:35:54,266 [main] INFO  server.GrpcServicesImpl (ConfUtils.java:logGet(62)) - raft.grpc.flow.control.window = 5MB (=5242880) (custom)
2025-10-18 02:35:54,266 [main] INFO  server.RaftServerConfigKeys (ConfUtils.java:logGet(62)) - raft.server.log.appender.buffer.byte-limit = 33554432 (custom)
2025-10-18 02:35:54,267 [main] INFO  netty.NettyUtils (NettyUtils.java:newEventLoopGroup(74)) - Create EpollEventLoopGroup for 1f97141c-d7e0-4add-8daf-694cc455abb5-NettyServerStreamRpc-bossGroup; Thread size is 0.
2025-10-18 02:35:54,267 [main] INFO  netty.NettyUtils (NettyUtils.java:newEventLoopGroup(74)) - Create EpollEventLoopGroup for 1f97141c-d7e0-4add-8daf-694cc455abb5-NettyServerStreamRpc-workerGroup; Thread size is 0.
2025-10-18 02:35:54,268 [main] INFO  server.RaftServerConfigKeys (ConfUtils.java:logGet(62)) - raft.server.storage.dir = [/tmp/junit-16227103804356186049/ratis] (custom)
2025-10-18 02:35:54,269 [1f97141c-d7e0-4add-8daf-694cc455abb5-NettyServerStreamRpc-bossGroup--thread1] INFO  logging.LoggingHandler (AbstractInternalLogger.java:log(148)) - [id: 0xc6ad1a77] REGISTERED
2025-10-18 02:35:54,269 [1f97141c-d7e0-4add-8daf-694cc455abb5-NettyServerStreamRpc-bossGroup--thread1] INFO  logging.LoggingHandler (AbstractInternalLogger.java:log(148)) - [id: 0xc6ad1a77] BIND: 0.0.0.0/0.0.0.0:0
2025-10-18 02:35:54,269 [1f97141c-d7e0-4add-8daf-694cc455abb5-NettyServerStreamRpc-bossGroup--thread1] INFO  logging.LoggingHandler (AbstractInternalLogger.java:log(148)) - [id: 0xc6ad1a77, L:/0.0.0.0:40225] ACTIVE
2025-10-18 02:35:54,269 [1f97141c-d7e0-4add-8daf-694cc455abb5-impl-thread1] INFO  server.RaftServer (RaftServerProxy.java:initGroupDir(270)) - 1f97141c-d7e0-4add-8daf-694cc455abb5: found a subdirectory /tmp/junit-16227103804356186049/ratis/tmp
2025-10-18 02:35:54,269 [1f97141c-d7e0-4add-8daf-694cc455abb5-impl-thread1] INFO  server.RaftServer (RaftServerProxy.java:initGroupDir(275)) - 1f97141c-d7e0-4add-8daf-694cc455abb5: The directory /tmp/junit-16227103804356186049/ratis/tmp is not a group directory; ignoring it. 
2025-10-18 02:35:54,269 [main] INFO  replication.ReplicationServer (ReplicationServer.java:<init>(84)) - Initializing replication server with thread count = 10 queue length = 4096
2025-10-18 02:35:54,270 [main] INFO  server.XceiverServerGrpc (XceiverServerGrpc.java:<init>(129)) - GrpcServer channel type EpollServerSocketChannel
2025-10-18 02:35:54,271 [main] INFO  replication.ReplicationSupervisor (ReplicationSupervisor.java:build(169)) - Initializing replication supervisor with thread count = 10
2025-10-18 02:35:54,271 [main] INFO  replication.ReplicationSupervisor (ReplicationSupervisor.java:nodeStateUpdated(358)) - Node state updated to IN_SERVICE, scaling executor pool size to 10
2025-10-18 02:35:54,278 [1f97141c-d7e0-4add-8daf-694cc455abb5-ContainerReader-0] INFO  ozoneimpl.ContainerReader (ContainerReader.java:readVolume(147)) - Start to verify containers on volume /tmp/junit-16227103804356186049/bc273a2f-32f3-4650-ae06-d5fd23660d80/hdds
2025-10-18 02:35:54,278 [1f97141c-d7e0-4add-8daf-694cc455abb5-ContainerReader-0] INFO  ozoneimpl.ContainerReader (ContainerReader.java:readVolume(177)) - Finish verifying containers on volume /tmp/junit-16227103804356186049/bc273a2f-32f3-4650-ae06-d5fd23660d80/hdds
2025-10-18 02:35:54,278 [main] INFO  ozoneimpl.OzoneContainer (OzoneContainer.java:buildContainerSet(359)) - Build ContainerSet costs 0s
2025-10-18 02:35:54,279 [main] INFO  volume.ThrottledAsyncChecker (ThrottledAsyncChecker.java:schedule(138)) - Scheduling a check for /tmp/junit-16227103804356186049/bc273a2f-32f3-4650-ae06-d5fd23660d80/hdds
2025-10-18 02:35:54,279 [main] INFO  volume.StorageVolumeChecker (StorageVolumeChecker.java:checkAllVolumes(231)) - Scheduled health check for volume /tmp/junit-16227103804356186049/bc273a2f-32f3-4650-ae06-d5fd23660d80/hdds
2025-10-18 02:35:54,280 [main] INFO  volume.ThrottledAsyncChecker (ThrottledAsyncChecker.java:schedule(138)) - Scheduling a check for /tmp/junit-16227103804356186049/ratis
2025-10-18 02:35:54,280 [main] INFO  volume.StorageVolumeChecker (StorageVolumeChecker.java:checkAllVolumes(231)) - Scheduled health check for volume /tmp/junit-16227103804356186049/ratis
2025-10-18 02:35:54,281 [main] INFO  ozoneimpl.OzoneContainer (OzoneContainer.java:start(544)) - Attempting to start container services.
2025-10-18 02:35:54,282 [ContainerMetadataScanner] INFO  ozoneimpl.AbstractBackgroundContainerScanner (AbstractBackgroundContainerScanner.java:runIteration(89)) - Completed an iteration in 0 minutes. Number of iterations (since the data-node restart) : 1, Number of containers scanned in this iteration : 0, Number of unhealthy containers found in this iteration : 0
2025-10-18 02:35:54,282 [ContainerDataScanner(/tmp/junit-16227103804356186049/bc273a2f-32f3-4650-ae06-d5fd23660d80/hdds)] INFO  ozoneimpl.AbstractBackgroundContainerScanner (AbstractBackgroundContainerScanner.java:runIteration(89)) - Completed an iteration in 0 minutes. Number of iterations (since the data-node restart) : 1, Number of containers scanned in this iteration : 0, Number of unhealthy containers found in this iteration : 0
2025-10-18 02:35:54,282 [main] INFO  replication.ReplicationServer (ReplicationServer.java:start(137)) - ReplicationServer is started using port 9886
2025-10-18 02:35:54,283 [main] INFO  ratis.XceiverServerRatis (XceiverServerRatis.java:start(559)) - Starting XceiverServerRatis(1f97141c-d7e0-4add-8daf-694cc455abb5)
2025-10-18 02:35:54,285 [main] INFO  server.RaftServer (RaftServerProxy.java:startImpl(412)) - 1f97141c-d7e0-4add-8daf-694cc455abb5: start RPC server
2025-10-18 02:35:54,286 [main] INFO  server.GrpcServicesImpl (GrpcServicesImpl.java:startImpl(346)) - 1f97141c-d7e0-4add-8daf-694cc455abb5: GrpcServicesImpl started, listening on 9858
2025-10-18 02:35:54,286 [main] INFO  ratis.XceiverServerRatis (XceiverServerRatis.java:getRealPort(586)) - XceiverServerRatis(1f97141c-d7e0-4add-8daf-694cc455abb5) is started using port RATIS=9858
2025-10-18 02:35:54,286 [JvmPauseMonitor31] INFO  util.JvmPauseMonitor (JvmPauseMonitor.java:run(146)) - JvmPauseMonitor-1f97141c-d7e0-4add-8daf-694cc455abb5: Started
2025-10-18 02:35:54,286 [main] INFO  ratis.XceiverServerRatis (XceiverServerRatis.java:getRealPort(586)) - XceiverServerRatis(1f97141c-d7e0-4add-8daf-694cc455abb5) is started using port RATIS_ADMIN=9858
2025-10-18 02:35:54,286 [main] INFO  ratis.XceiverServerRatis (XceiverServerRatis.java:getRealPort(586)) - XceiverServerRatis(1f97141c-d7e0-4add-8daf-694cc455abb5) is started using port RATIS_SERVER=9858
2025-10-18 02:35:54,287 [main] INFO  ratis.XceiverServerRatis (XceiverServerRatis.java:getRealPort(586)) - XceiverServerRatis(1f97141c-d7e0-4add-8daf-694cc455abb5) is started using port RATIS_DATASTREAM=40225
2025-10-18 02:35:54,288 [main] INFO  utils.BackgroundService (BackgroundService.java:start(119)) - Starting service BlockDeletingService with interval 60000 milliseconds
2025-10-18 02:35:54,288 [main] INFO  utils.BackgroundService (BackgroundService.java:start(119)) - Starting service StaleRecoveringContainerScrubbingService with interval 60000 milliseconds
2025-10-18 02:35:54,289 [main] INFO  upgrade.UpgradeFinalizer (BasicUpgradeFinalizer.java:logAndEmit(395)) - Finalization started.
2025-10-18 02:35:54,289 [main] INFO  upgrade.UpgradeFinalizer (BasicUpgradeFinalizer.java:runFinalizationAction(270)) - Running finalization actions for layout feature: DATANODE_SCHEMA_V3
2025-10-18 02:35:54,289 [main] INFO  upgrade.DatanodeSchemaV3FinalizeAction (DatanodeSchemaV3FinalizeAction.java:execute(49)) - Upgrading Datanode volume layout for Schema V3 support.
2025-10-18 02:35:54,313 [main] INFO  utils.DatanodeStoreCache (DatanodeStoreCache.java:addDB(70)) - Added db /tmp/junit-16227103804356186049/bc273a2f-32f3-4650-ae06-d5fd23660d80/hdds/clusterID/DS-321a8f85-c9f1-4031-bd38-7b823d20efae/container.db to cache
2025-10-18 02:35:54,313 [main] INFO  volume.HddsVolume (HddsVolume.java:createDbStore(576)) - SchemaV3 db is created and loaded at /tmp/junit-16227103804356186049/bc273a2f-32f3-4650-ae06-d5fd23660d80/hdds/clusterID/DS-321a8f85-c9f1-4031-bd38-7b823d20efae/container.db for volume DS-321a8f85-c9f1-4031-bd38-7b823d20efae
2025-10-18 02:35:54,313 [main] INFO  utils.DatanodeStoreCache (DatanodeStoreCache.java:removeDB(104)) - Removed db /tmp/junit-16227103804356186049/bc273a2f-32f3-4650-ae06-d5fd23660d80/hdds/clusterID/DS-321a8f85-c9f1-4031-bd38-7b823d20efae/container.db from cache
2025-10-18 02:35:54,314 [main] INFO  volume.HddsVolume (HddsVolume.java:closeDbStore(609)) - SchemaV3 db is stopped at /tmp/junit-16227103804356186049/bc273a2f-32f3-4650-ae06-d5fd23660d80/hdds/clusterID/DS-321a8f85-c9f1-4031-bd38-7b823d20efae/container.db for volume DS-321a8f85-c9f1-4031-bd38-7b823d20efae
2025-10-18 02:35:54,326 [ForkJoinPool.commonPool-worker-2] INFO  utils.DatanodeStoreCache (DatanodeStoreCache.java:addDB(70)) - Added db /tmp/junit-16227103804356186049/bc273a2f-32f3-4650-ae06-d5fd23660d80/hdds/clusterID/DS-321a8f85-c9f1-4031-bd38-7b823d20efae/container.db to cache
2025-10-18 02:35:54,326 [ForkJoinPool.commonPool-worker-2] INFO  volume.HddsVolume (HddsVolume.java:loadDbStore(517)) - SchemaV3 db is loaded at /tmp/junit-16227103804356186049/bc273a2f-32f3-4650-ae06-d5fd23660d80/hdds/clusterID/DS-321a8f85-c9f1-4031-bd38-7b823d20efae/container.db for volume DS-321a8f85-c9f1-4031-bd38-7b823d20efae
2025-10-18 02:35:54,326 [main] INFO  upgrade.DatanodeSchemaV3FinalizeAction (HddsVolumeUtil.java:loadAllHddsVolumeDbStore(102)) - Load 1 volumes DbStore cost: 12ms
2025-10-18 02:35:54,327 [main] INFO  upgrade.AbstractLayoutVersionManager (AbstractLayoutVersionManager.java:finalized(124)) - Layout feature DATANODE_SCHEMA_V3 has been finalized.
2025-10-18 02:35:54,327 [main] INFO  upgrade.UpgradeFinalizer (BasicUpgradeFinalizer.java:logAndEmit(395)) - No onFinalize work defined for feature: RATIS_DATASTREAM_PORT_IN_DATANODEDETAILS.
2025-10-18 02:35:54,328 [main] INFO  upgrade.AbstractLayoutVersionManager (AbstractLayoutVersionManager.java:finalized(124)) - Layout feature RATIS_DATASTREAM_PORT_IN_DATANODEDETAILS has been finalized.
2025-10-18 02:35:54,328 [main] INFO  upgrade.UpgradeFinalizer (BasicUpgradeFinalizer.java:logAndEmit(395)) - No onFinalize work defined for feature: WEBUI_PORTS_IN_DATANODEDETAILS.
2025-10-18 02:35:54,329 [main] INFO  upgrade.AbstractLayoutVersionManager (AbstractLayoutVersionManager.java:finalized(124)) - Layout feature WEBUI_PORTS_IN_DATANODEDETAILS has been finalized.
2025-10-18 02:35:54,329 [main] INFO  upgrade.UpgradeFinalizer (BasicUpgradeFinalizer.java:logAndEmit(395)) - No onFinalize work defined for feature: HADOOP_PRC_PORTS_IN_DATANODEDETAILS.
2025-10-18 02:35:54,330 [main] INFO  upgrade.AbstractLayoutVersionManager (AbstractLayoutVersionManager.java:finalized(124)) - Layout feature HADOOP_PRC_PORTS_IN_DATANODEDETAILS has been finalized.
2025-10-18 02:35:54,330 [main] INFO  upgrade.UpgradeFinalizer (BasicUpgradeFinalizer.java:logAndEmit(395)) - No onFinalize work defined for feature: HBASE_SUPPORT.
2025-10-18 02:35:54,332 [main] INFO  upgrade.AbstractLayoutVersionManager (AbstractLayoutVersionManager.java:finalized(124)) - Layout feature HBASE_SUPPORT has been finalized.
2025-10-18 02:35:54,332 [main] INFO  upgrade.UpgradeFinalizer (BasicUpgradeFinalizer.java:runFinalizationAction(270)) - Running finalization actions for layout feature: WITNESSED_CONTAINER_DB_PROTO_VALUE
2025-10-18 02:35:54,333 [main] INFO  upgrade.ContainerTableSchemaFinalizeAction (ContainerTableSchemaFinalizeAction.java:execute(71)) - Finished copy to containerIdsTable from previous table
2025-10-18 02:35:54,334 [main] INFO  upgrade.AbstractLayoutVersionManager (AbstractLayoutVersionManager.java:finalized(124)) - Layout feature WITNESSED_CONTAINER_DB_PROTO_VALUE has been finalized.
2025-10-18 02:35:54,334 [main] INFO  upgrade.AbstractLayoutVersionManager (AbstractLayoutVersionManager.java:finalized(126)) - Finalization is complete.
2025-10-18 02:35:54,334 [main] INFO  upgrade.UpgradeFinalizer (BasicUpgradeFinalizer.java:logAndEmit(395)) - Finalization is done.
2025-10-18 02:35:54,335 [main] INFO  ipc.Server (Server.java:stop(3697)) - Stopping server on 40305
2025-10-18 02:35:54,336 [IPC Server listener on 40305] INFO  ipc.Server (Server.java:run(1585)) - Stopping IPC Server listener on 40305
2025-10-18 02:35:54,336 [main] INFO  ozoneimpl.OzoneContainer (OzoneContainer.java:stop(568)) - Attempting to stop container services.
2025-10-18 02:35:54,336 [IPC Server Responder] INFO  ipc.Server (Server.java:run(1718)) - Stopping IPC Server Responder
2025-10-18 02:35:54,336 [ContainerMetadataScanner] WARN  ozoneimpl.AbstractBackgroundContainerScanner (AbstractBackgroundContainerScanner.java:handleRemainingSleep(136)) - Background container scan was interrupted.
2025-10-18 02:35:54,337 [ContainerMetadataScanner] INFO  ozoneimpl.AbstractBackgroundContainerScanner (AbstractBackgroundContainerScanner.java:run(63)) - org.apache.hadoop.ozone.container.ozoneimpl.BackgroundContainerMetadataScanner@28e0d341 exiting.
2025-10-18 02:35:54,337 [main] INFO  ozoneimpl.BackgroundContainerDataScanner (BackgroundContainerDataScanner.java:shutdown(87)) - ContainerDataScanner(/tmp/junit-16227103804356186049/bc273a2f-32f3-4650-ae06-d5fd23660d80/hdds) is shutting down. 
2025-10-18 02:35:54,337 [ContainerDataScanner(/tmp/junit-16227103804356186049/bc273a2f-32f3-4650-ae06-d5fd23660d80/hdds)] WARN  ozoneimpl.AbstractBackgroundContainerScanner (AbstractBackgroundContainerScanner.java:handleRemainingSleep(136)) - Background container scan was interrupted.
2025-10-18 02:35:54,337 [ContainerDataScanner(/tmp/junit-16227103804356186049/bc273a2f-32f3-4650-ae06-d5fd23660d80/hdds)] INFO  ozoneimpl.AbstractBackgroundContainerScanner (AbstractBackgroundContainerScanner.java:run(63)) - ContainerDataScanner(/tmp/junit-16227103804356186049/bc273a2f-32f3-4650-ae06-d5fd23660d80/hdds, DS-321a8f85-c9f1-4031-bd38-7b823d20efae) exiting.
2025-10-18 02:35:54,337 [main] INFO  ozoneimpl.OnDemandContainerScanner (OnDemandContainerScanner.java:shutdown(141)) - On-demand container scanner is shutting down.
2025-10-18 02:35:54,337 [main] INFO  ratis.XceiverServerRatis (XceiverServerRatis.java:stop(594)) - Closing XceiverServerRatis(1f97141c-d7e0-4add-8daf-694cc455abb5)
2025-10-18 02:35:54,338 [main] INFO  server.RaftServer (RaftServerProxy.java:lambda$close$9(422)) - 1f97141c-d7e0-4add-8daf-694cc455abb5: close
2025-10-18 02:35:54,338 [main] INFO  server.GrpcServicesImpl (GrpcServicesImpl.java:closeImpl(355)) - 1f97141c-d7e0-4add-8daf-694cc455abb5: shutdown server GrpcServerProtocolService now
2025-10-18 02:35:54,338 [main] INFO  server.GrpcServicesImpl (GrpcServicesImpl.java:closeImpl(364)) - 1f97141c-d7e0-4add-8daf-694cc455abb5: shutdown server GrpcServerProtocolService successfully
2025-10-18 02:35:54,338 [1f97141c-d7e0-4add-8daf-694cc455abb5-NettyServerStreamRpc-bossGroup--thread1] INFO  logging.LoggingHandler (AbstractInternalLogger.java:log(148)) - [id: 0xc6ad1a77, L:/0.0.0.0:40225] CLOSE
2025-10-18 02:35:54,339 [1f97141c-d7e0-4add-8daf-694cc455abb5-NettyServerStreamRpc-bossGroup--thread1] INFO  logging.LoggingHandler (AbstractInternalLogger.java:log(148)) - [id: 0xc6ad1a77, L:/0.0.0.0:40225] INACTIVE
2025-10-18 02:35:54,339 [1f97141c-d7e0-4add-8daf-694cc455abb5-NettyServerStreamRpc-bossGroup--thread1] INFO  logging.LoggingHandler (AbstractInternalLogger.java:log(148)) - [id: 0xc6ad1a77, L:/0.0.0.0:40225] UNREGISTERED
2025-10-18 02:35:54,342 [JvmPauseMonitor31] INFO  util.JvmPauseMonitor (JvmPauseMonitor.java:run(152)) - JvmPauseMonitor-1f97141c-d7e0-4add-8daf-694cc455abb5: Stopped
2025-10-18 02:35:56,347 [main] INFO  volume.HddsVolume (HddsVolume.java:closeDbStore(609)) - SchemaV3 db is stopped at /tmp/junit-16227103804356186049/bc273a2f-32f3-4650-ae06-d5fd23660d80/hdds/clusterID/DS-321a8f85-c9f1-4031-bd38-7b823d20efae/container.db for volume DS-321a8f85-c9f1-4031-bd38-7b823d20efae
2025-10-18 02:35:56,347 [main] INFO  utils.BackgroundService (BackgroundService.java:shutdown(195)) - Shutting down service BlockDeletingService
2025-10-18 02:35:56,347 [main] INFO  utils.BackgroundService (BackgroundService.java:shutdown(195)) - Shutting down service StaleRecoveringContainerScrubbingService
]]></system-out>
  </testcase>
  <testcase name="testDBOnHddsVolume(boolean)[2]" classname="org.apache.hadoop.ozone.container.upgrade.TestDatanodeUpgradeToSchemaV3" time="2.1">
    <system-out><![CDATA[2025-10-18 02:35:56,362 [main] INFO  ipc.CallQueueManager (CallQueueManager.java:<init>(93)) - Using callQueue: class java.util.concurrent.LinkedBlockingQueue, queueCapacity: 1000, scheduler: class org.apache.hadoop.ipc.DefaultRpcScheduler, ipcBackoff: false, ipcFailOver: false.
2025-10-18 02:35:56,363 [main] INFO  ipc.Server (Server.java:<init>(1438)) - Listener at localhost:44637
2025-10-18 02:35:56,363 [Socket Reader #1 for port 44637] INFO  ipc.Server (Server.java:run(1474)) - Starting Socket Reader #1 for port 44637
2025-10-18 02:35:56,364 [IPC Server Responder] INFO  ipc.Server (Server.java:run(1713)) - IPC Server Responder: starting
2025-10-18 02:35:56,364 [IPC Server listener on 44637] INFO  ipc.Server (Server.java:run(1553)) - IPC Server listener on 44637: starting
2025-10-18 02:35:56,367 [main] INFO  upgrade.AbstractLayoutVersionManager (AbstractLayoutVersionManager.java:init(80)) - Initializing Layout version manager with metadata layout = ERASURE_CODED_STORAGE_SUPPORT (version = 3), software layout = WITNESSED_CONTAINER_DB_PROTO_VALUE (version = 9)
2025-10-18 02:35:56,367 [main] INFO  upgrade.HDDSLayoutVersionManager (HDDSLayoutVersionManager.java:lambda$registerUpgradeActions$0(81)) - Registering Upgrade Action : DatanodeSchemaV3FinalizeAction
2025-10-18 02:35:56,367 [main] INFO  upgrade.HDDSLayoutVersionManager (HDDSLayoutVersionManager.java:lambda$registerUpgradeActions$0(81)) - Registering Upgrade Action : ContainerTableSchemaFinalizeAction
2025-10-18 02:35:56,367 [main] INFO  statemachine.DatanodeStateMachine (DatanodeStateMachine.java:getEndPointTaskThreadPoolSize(321)) - Datanode State Machine Task Thread Pool size 2
2025-10-18 02:35:56,369 [main] INFO  volume.HddsVolume (HddsVolume.java:<init>(162)) - HddsVolume: { id=e07a870d-e3cd-4e3c-bd41-e389af264265 dir=/home/runner/work/ozone/ozone/hadoop-hdds/container-service/file:/home/runner/work/ozone/ozone/hadoop-hdds/container-service/target/tmp/dfs/data type=DISK failed }
2025-10-18 02:35:56,369 [main] ERROR volume.MutableVolumeSet (MutableVolumeSet.java:initializeVolumeSet(194)) - Failed to parse the storage location: file:///home/runner/work/ozone/ozone/hadoop-hdds/container-service/target/tmp/dfs/data
org.apache.hadoop.ozone.common.InconsistentStorageStateException: Mismatched DatanodeUUIDs. Version File : /home/runner/work/ozone/ozone/hadoop-hdds/container-service/target/tmp/dfs/data/hdds/VERSION has datanodeUuid: c3d05b50-810d-4b78-be46-d77415fe1b4d and Datanode has datanodeUuid: bf2f21c0-0be1-4656-82b3-d5d0231006ca
	at org.apache.hadoop.ozone.container.common.utils.StorageVolumeUtil.getDatanodeUUID(StorageVolumeUtil.java:122)
	at org.apache.hadoop.ozone.container.common.volume.StorageVolume.readVersionFile(StorageVolume.java:385)
	at org.apache.hadoop.ozone.container.common.volume.StorageVolume.initializeImpl(StorageVolume.java:240)
	at org.apache.hadoop.ozone.container.common.volume.StorageVolume.initialize(StorageVolume.java:215)
	at org.apache.hadoop.ozone.container.common.volume.HddsVolume.<init>(HddsVolume.java:151)
	at org.apache.hadoop.ozone.container.common.volume.HddsVolume.<init>(HddsVolume.java:80)
	at org.apache.hadoop.ozone.container.common.volume.HddsVolume$Builder.build(HddsVolume.java:130)
	at org.apache.hadoop.ozone.container.common.volume.HddsVolumeFactory.createVolume(HddsVolumeFactory.java:46)
	at org.apache.hadoop.ozone.container.common.volume.MutableVolumeSet.initializeVolumeSet(MutableVolumeSet.java:172)
	at org.apache.hadoop.ozone.container.common.volume.MutableVolumeSet.<init>(MutableVolumeSet.java:130)
	at org.apache.hadoop.ozone.container.common.volume.MutableVolumeSet.<init>(MutableVolumeSet.java:92)
	at org.apache.hadoop.ozone.container.ozoneimpl.OzoneContainer.<init>(OzoneContainer.java:170)
	at org.apache.hadoop.ozone.container.common.statemachine.DatanodeStateMachine.<init>(DatanodeStateMachine.java:191)
	at org.apache.hadoop.ozone.container.common.statemachine.DatanodeStateMachine.<init>(DatanodeStateMachine.java:305)
	at org.apache.hadoop.ozone.container.upgrade.UpgradeTestHelper.startPreFinalizedDatanode(UpgradeTestHelper.java:88)
	at org.apache.hadoop.ozone.container.upgrade.TestDatanodeUpgradeToSchemaV3.testDBOnHddsVolume(TestDatanodeUpgradeToSchemaV3.java:126)
	at java.base/jdk.internal.reflect.DirectMethodHandleAccessor.invoke(DirectMethodHandleAccessor.java:103)
	at java.base/java.lang.reflect.Method.invoke(Method.java:580)
	at org.junit.platform.commons.util.ReflectionUtils.invokeMethod(ReflectionUtils.java:786)
	at org.junit.platform.commons.support.ReflectionSupport.invokeMethod(ReflectionSupport.java:514)
	at org.junit.jupiter.engine.execution.MethodInvocation.proceed(MethodInvocation.java:60)
	at org.junit.jupiter.engine.execution.InvocationInterceptorChain$ValidatingInvocation.proceed(InvocationInterceptorChain.java:131)
	at org.junit.jupiter.engine.extension.SameThreadTimeoutInvocation.proceed(SameThreadTimeoutInvocation.java:49)
	at org.junit.jupiter.engine.extension.TimeoutExtension.intercept(TimeoutExtension.java:161)
	at org.junit.jupiter.engine.extension.TimeoutExtension.interceptTestableMethod(TimeoutExtension.java:152)
	at org.junit.jupiter.engine.extension.TimeoutExtension.interceptTestTemplateMethod(TimeoutExtension.java:99)
	at org.junit.jupiter.engine.execution.InterceptingExecutableInvoker$ReflectiveInterceptorCall.lambda$ofVoidMethod$0(InterceptingExecutableInvoker.java:112)
	at org.junit.jupiter.engine.execution.InterceptingExecutableInvoker.lambda$invoke$0(InterceptingExecutableInvoker.java:94)
	at org.junit.jupiter.engine.execution.InvocationInterceptorChain$InterceptedInvocation.proceed(InvocationInterceptorChain.java:106)
	at org.junit.jupiter.engine.execution.InvocationInterceptorChain.proceed(InvocationInterceptorChain.java:64)
	at org.junit.jupiter.engine.execution.InvocationInterceptorChain.chainAndInvoke(InvocationInterceptorChain.java:45)
	at org.junit.jupiter.engine.execution.InvocationInterceptorChain.invoke(InvocationInterceptorChain.java:37)
	at org.junit.jupiter.engine.execution.InterceptingExecutableInvoker.invoke(InterceptingExecutableInvoker.java:93)
	at org.junit.jupiter.engine.execution.InterceptingExecutableInvoker.invoke(InterceptingExecutableInvoker.java:87)
	at org.junit.jupiter.engine.descriptor.TestMethodTestDescriptor.lambda$invokeTestMethod$4(TestMethodTestDescriptor.java:221)
	at org.junit.platform.engine.support.hierarchical.ThrowableCollector.execute(ThrowableCollector.java:73)
	at org.junit.jupiter.engine.descriptor.TestMethodTestDescriptor.invokeTestMethod(TestMethodTestDescriptor.java:217)
	at org.junit.jupiter.engine.descriptor.TestMethodTestDescriptor.execute(TestMethodTestDescriptor.java:159)
	at org.junit.jupiter.engine.descriptor.TestMethodTestDescriptor.execute(TestMethodTestDescriptor.java:70)
	at org.junit.platform.engine.support.hierarchical.NodeTestTask.lambda$executeRecursively$6(NodeTestTask.java:157)
	at org.junit.platform.engine.support.hierarchical.ThrowableCollector.execute(ThrowableCollector.java:73)
	at org.junit.platform.engine.support.hierarchical.NodeTestTask.lambda$executeRecursively$8(NodeTestTask.java:147)
	at org.junit.platform.engine.support.hierarchical.Node.around(Node.java:137)
	at org.junit.platform.engine.support.hierarchical.NodeTestTask.lambda$executeRecursively$9(NodeTestTask.java:145)
	at org.junit.platform.engine.support.hierarchical.ThrowableCollector.execute(ThrowableCollector.java:73)
	at org.junit.platform.engine.support.hierarchical.NodeTestTask.executeRecursively(NodeTestTask.java:144)
	at org.junit.platform.engine.support.hierarchical.NodeTestTask.execute(NodeTestTask.java:101)
	at org.junit.platform.engine.support.hierarchical.SameThreadHierarchicalTestExecutorService.submit(SameThreadHierarchicalTestExecutorService.java:35)
	at org.junit.platform.engine.support.hierarchical.NodeTestTask$DefaultDynamicTestExecutor.execute(NodeTestTask.java:232)
	at org.junit.platform.engine.support.hierarchical.NodeTestTask$DefaultDynamicTestExecutor.execute(NodeTestTask.java:210)
	at org.junit.jupiter.engine.descriptor.TemplateExecutor.execute(TemplateExecutor.java:98)
	at org.junit.jupiter.engine.descriptor.TemplateExecutor.lambda$executeForProvider$0(TemplateExecutor.java:61)
	at java.base/java.util.Optional.ifPresent(Optional.java:178)
	at org.junit.jupiter.engine.descriptor.TemplateExecutor.lambda$executeForProvider$1(TemplateExecutor.java:61)
	at java.base/java.util.stream.ForEachOps$ForEachOp$OfRef.accept(ForEachOps.java:184)
	at java.base/java.util.stream.ReferencePipeline$3$1.accept(ReferencePipeline.java:197)
	at java.base/java.util.stream.ForEachOps$ForEachOp$OfRef.accept(ForEachOps.java:184)
	at java.base/java.util.stream.ForEachOps$ForEachOp$OfRef.accept(ForEachOps.java:184)
	at java.base/java.util.stream.ReferencePipeline$3$1.accept(ReferencePipeline.java:197)
	at java.base/java.util.Spliterators$ArraySpliterator.forEachRemaining(Spliterators.java:1024)
	at java.base/java.util.stream.AbstractPipeline.copyInto(AbstractPipeline.java:509)
	at java.base/java.util.stream.AbstractPipeline.wrapAndCopyInto(AbstractPipeline.java:499)
	at java.base/java.util.stream.ForEachOps$ForEachOp.evaluateSequential(ForEachOps.java:151)
	at java.base/java.util.stream.ForEachOps$ForEachOp$OfRef.evaluateSequential(ForEachOps.java:174)
	at java.base/java.util.stream.AbstractPipeline.evaluate(AbstractPipeline.java:234)
	at java.base/java.util.stream.ReferencePipeline.forEach(ReferencePipeline.java:596)
	at java.base/java.util.stream.ReferencePipeline$7$1.accept(ReferencePipeline.java:276)
	at java.base/java.util.ArrayList$ArrayListSpliterator.forEachRemaining(ArrayList.java:1708)
	at java.base/java.util.stream.AbstractPipeline.copyInto(AbstractPipeline.java:509)
	at java.base/java.util.stream.AbstractPipeline.wrapAndCopyInto(AbstractPipeline.java:499)
	at java.base/java.util.stream.ForEachOps$ForEachOp.evaluateSequential(ForEachOps.java:151)
	at java.base/java.util.stream.ForEachOps$ForEachOp$OfRef.evaluateSequential(ForEachOps.java:174)
	at java.base/java.util.stream.AbstractPipeline.evaluate(AbstractPipeline.java:234)
	at java.base/java.util.stream.ReferencePipeline.forEach(ReferencePipeline.java:596)
	at java.base/java.util.stream.ReferencePipeline$7$1.accept(ReferencePipeline.java:276)
	at java.base/java.util.stream.ReferencePipeline$3$1.accept(ReferencePipeline.java:197)
	at java.base/java.util.stream.ReferencePipeline$3$1.accept(ReferencePipeline.java:197)
	at java.base/java.util.stream.ReferencePipeline$3$1.accept(ReferencePipeline.java:197)
	at java.base/java.util.ArrayList$ArrayListSpliterator.forEachRemaining(ArrayList.java:1708)
	at java.base/java.util.stream.AbstractPipeline.copyInto(AbstractPipeline.java:509)
	at java.base/java.util.stream.AbstractPipeline.wrapAndCopyInto(AbstractPipeline.java:499)
	at java.base/java.util.stream.ForEachOps$ForEachOp.evaluateSequential(ForEachOps.java:151)
	at java.base/java.util.stream.ForEachOps$ForEachOp$OfRef.evaluateSequential(ForEachOps.java:174)
	at java.base/java.util.stream.AbstractPipeline.evaluate(AbstractPipeline.java:234)
	at java.base/java.util.stream.ReferencePipeline.forEach(ReferencePipeline.java:596)
	at org.junit.jupiter.engine.descriptor.TemplateExecutor.executeForProvider(TemplateExecutor.java:59)
	at org.junit.jupiter.engine.descriptor.TemplateExecutor.execute(TemplateExecutor.java:48)
	at org.junit.jupiter.engine.descriptor.TestTemplateTestDescriptor.execute(TestTemplateTestDescriptor.java:112)
	at org.junit.jupiter.engine.descriptor.TestTemplateTestDescriptor.execute(TestTemplateTestDescriptor.java:40)
	at org.junit.platform.engine.support.hierarchical.NodeTestTask.lambda$executeRecursively$6(NodeTestTask.java:157)
	at org.junit.platform.engine.support.hierarchical.ThrowableCollector.execute(ThrowableCollector.java:73)
	at org.junit.platform.engine.support.hierarchical.NodeTestTask.lambda$executeRecursively$8(NodeTestTask.java:147)
	at org.junit.platform.engine.support.hierarchical.Node.around(Node.java:137)
	at org.junit.platform.engine.support.hierarchical.NodeTestTask.lambda$executeRecursively$9(NodeTestTask.java:145)
	at org.junit.platform.engine.support.hierarchical.ThrowableCollector.execute(ThrowableCollector.java:73)
	at org.junit.platform.engine.support.hierarchical.NodeTestTask.executeRecursively(NodeTestTask.java:144)
	at org.junit.platform.engine.support.hierarchical.NodeTestTask.execute(NodeTestTask.java:101)
	at java.base/java.util.ArrayList.forEach(ArrayList.java:1596)
	at org.junit.platform.engine.support.hierarchical.SameThreadHierarchicalTestExecutorService.invokeAll(SameThreadHierarchicalTestExecutorService.java:41)
	at org.junit.platform.engine.support.hierarchical.NodeTestTask.lambda$executeRecursively$6(NodeTestTask.java:161)
	at org.junit.platform.engine.support.hierarchical.ThrowableCollector.execute(ThrowableCollector.java:73)
	at org.junit.platform.engine.support.hierarchical.NodeTestTask.lambda$executeRecursively$8(NodeTestTask.java:147)
	at org.junit.platform.engine.support.hierarchical.Node.around(Node.java:137)
	at org.junit.platform.engine.support.hierarchical.NodeTestTask.lambda$executeRecursively$9(NodeTestTask.java:145)
	at org.junit.platform.engine.support.hierarchical.ThrowableCollector.execute(ThrowableCollector.java:73)
	at org.junit.platform.engine.support.hierarchical.NodeTestTask.executeRecursively(NodeTestTask.java:144)
	at org.junit.platform.engine.support.hierarchical.NodeTestTask.execute(NodeTestTask.java:101)
	at java.base/java.util.ArrayList.forEach(ArrayList.java:1596)
	at org.junit.platform.engine.support.hierarchical.SameThreadHierarchicalTestExecutorService.invokeAll(SameThreadHierarchicalTestExecutorService.java:41)
	at org.junit.platform.engine.support.hierarchical.NodeTestTask.lambda$executeRecursively$6(NodeTestTask.java:161)
	at org.junit.platform.engine.support.hierarchical.ThrowableCollector.execute(ThrowableCollector.java:73)
	at org.junit.platform.engine.support.hierarchical.NodeTestTask.lambda$executeRecursively$8(NodeTestTask.java:147)
	at org.junit.platform.engine.support.hierarchical.Node.around(Node.java:137)
	at org.junit.platform.engine.support.hierarchical.NodeTestTask.lambda$executeRecursively$9(NodeTestTask.java:145)
	at org.junit.platform.engine.support.hierarchical.ThrowableCollector.execute(ThrowableCollector.java:73)
	at org.junit.platform.engine.support.hierarchical.NodeTestTask.executeRecursively(NodeTestTask.java:144)
	at org.junit.platform.engine.support.hierarchical.NodeTestTask.execute(NodeTestTask.java:101)
	at org.junit.platform.engine.support.hierarchical.SameThreadHierarchicalTestExecutorService.submit(SameThreadHierarchicalTestExecutorService.java:35)
	at org.junit.platform.engine.support.hierarchical.HierarchicalTestExecutor.execute(HierarchicalTestExecutor.java:57)
	at org.junit.platform.engine.support.hierarchical.HierarchicalTestEngine.execute(HierarchicalTestEngine.java:54)
	at org.junit.platform.launcher.core.EngineExecutionOrchestrator.executeEngine(EngineExecutionOrchestrator.java:230)
	at org.junit.platform.launcher.core.EngineExecutionOrchestrator.failOrExecuteEngine(EngineExecutionOrchestrator.java:204)
	at org.junit.platform.launcher.core.EngineExecutionOrchestrator.execute(EngineExecutionOrchestrator.java:172)
	at org.junit.platform.launcher.core.EngineExecutionOrchestrator.execute(EngineExecutionOrchestrator.java:101)
	at org.junit.platform.launcher.core.EngineExecutionOrchestrator.lambda$execute$0(EngineExecutionOrchestrator.java:64)
	at org.junit.platform.launcher.core.EngineExecutionOrchestrator.withInterceptedStreams(EngineExecutionOrchestrator.java:150)
	at org.junit.platform.launcher.core.EngineExecutionOrchestrator.execute(EngineExecutionOrchestrator.java:63)
	at org.junit.platform.launcher.core.DefaultLauncher.execute(DefaultLauncher.java:109)
	at org.junit.platform.launcher.core.DefaultLauncher.execute(DefaultLauncher.java:91)
	at org.junit.platform.launcher.core.DelegatingLauncher.execute(DelegatingLauncher.java:47)
	at org.junit.platform.launcher.core.InterceptingLauncher.lambda$execute$1(InterceptingLauncher.java:39)
	at org.junit.platform.launcher.core.ClasspathAlignmentCheckingLauncherInterceptor.intercept(ClasspathAlignmentCheckingLauncherInterceptor.java:25)
	at org.junit.platform.launcher.core.InterceptingLauncher.execute(InterceptingLauncher.java:38)
	at org.junit.platform.launcher.core.DelegatingLauncher.execute(DelegatingLauncher.java:47)
	at org.apache.maven.surefire.junitplatform.LazyLauncher.execute(LazyLauncher.java:56)
	at org.apache.maven.surefire.junitplatform.JUnitPlatformProvider.execute(JUnitPlatformProvider.java:184)
	at org.apache.maven.surefire.junitplatform.JUnitPlatformProvider.invokeAllTests(JUnitPlatformProvider.java:148)
	at org.apache.maven.surefire.junitplatform.JUnitPlatformProvider.invoke(JUnitPlatformProvider.java:120)
	at org.apache.maven.surefire.booter.ForkedBooter.runSuitesInProcess(ForkedBooter.java:385)
	at org.apache.maven.surefire.booter.ForkedBooter.execute(ForkedBooter.java:162)
	at org.apache.maven.surefire.booter.ForkedBooter.run(ForkedBooter.java:507)
	at org.apache.maven.surefire.booter.ForkedBooter.main(ForkedBooter.java:495)
2025-10-18 02:35:56,370 [main] INFO  volume.HddsVolume (HddsVolume.java:<init>(162)) - HddsVolume: { id=DS-7bacd4ca-7682-44a9-850e-1bd8d6212144 dir=/tmp/junit-10241480070998907568/570b8de0-d74d-45e2-b683-ddec8dd51d04/hdds type=DISK capacity=9222449699674390527 used=0 available=9222449699674390527 minFree=184448985434423296 committed=0 }
2025-10-18 02:35:56,370 [main] INFO  volume.MutableVolumeSet (MutableVolumeSet.java:initializeVolumeSet(175)) - Added Volume : /tmp/junit-10241480070998907568/570b8de0-d74d-45e2-b683-ddec8dd51d04/hdds to VolumeSet
2025-10-18 02:35:56,370 [main] WARN  server.ServerUtils (ServerUtils.java:getDefaultRatisDirectory(304)) - Storage directory for Ratis is not configured. It is a good idea to map this to an SSD disk. Falling back to ozone.metadata.dirs
2025-10-18 02:35:56,370 [main] INFO  volume.MutableVolumeSet (MutableVolumeSet.java:initializeVolumeSet(175)) - Added Volume : /tmp/junit-10241480070998907568/ratis to VolumeSet
2025-10-18 02:35:56,371 [main] WARN  db.DBStoreBuilder (DBStoreBuilder.java:getDBDirPath(157)) - ozone.scm.datanode.id.dir is not configured. We recommend adding this setting. Falling back to ozone.metadata.dirs instead.
2025-10-18 02:35:56,371 [main] WARN  db.DBStoreBuilder (DBStoreBuilder.java:getDBDirPath(157)) - ozone.scm.datanode.id.dir is not configured. We recommend adding this setting. Falling back to ozone.metadata.dirs instead.
2025-10-18 02:35:56,384 [main] INFO  impl.FilePerChunkStrategy (FilePerChunkStrategy.java:<init>(79)) - ozone.chunk.read.mapped.buffer.max.count is load with 0
2025-10-18 02:35:56,384 [main] INFO  impl.FilePerBlockStrategy (FilePerBlockStrategy.java:<init>(88)) - ozone.chunk.read.mapped.buffer.max.count is load with 0
2025-10-18 02:35:56,385 [main] INFO  server.RaftServerConfigKeys (ConfUtils.java:logGet(62)) - raft.server.log.appender.buffer.byte-limit = 33554432 (custom)
2025-10-18 02:35:56,385 [main] WARN  server.ServerUtils (ServerUtils.java:getDefaultRatisDirectory(304)) - Storage directory for Ratis is not configured. It is a good idea to map this to an SSD disk. Falling back to ozone.metadata.dirs
2025-10-18 02:35:56,386 [main] INFO  grpc.GrpcConfigKeys (ConfUtils.java:logFallback(69)) - raft.grpc.admin.host = null (fallback to raft.grpc.server.host)
2025-10-18 02:35:56,387 [main] INFO  grpc.GrpcConfigKeys (ConfUtils.java:logFallback(69)) - raft.grpc.client.host = null (fallback to raft.grpc.server.host)
2025-10-18 02:35:56,387 [main] INFO  server.GrpcServicesImpl (ConfUtils.java:logGet(62)) - raft.grpc.message.size.max = 34603008 (custom)
2025-10-18 02:35:56,387 [main] INFO  server.GrpcServicesImpl (ConfUtils.java:logGet(62)) - raft.grpc.flow.control.window = 5MB (=5242880) (custom)
2025-10-18 02:35:56,387 [main] INFO  server.RaftServerConfigKeys (ConfUtils.java:logGet(62)) - raft.server.log.appender.buffer.byte-limit = 33554432 (custom)
2025-10-18 02:35:56,388 [main] INFO  netty.NettyUtils (NettyUtils.java:newEventLoopGroup(74)) - Create EpollEventLoopGroup for bf2f21c0-0be1-4656-82b3-d5d0231006ca-NettyServerStreamRpc-bossGroup; Thread size is 0.
2025-10-18 02:35:56,388 [main] INFO  netty.NettyUtils (NettyUtils.java:newEventLoopGroup(74)) - Create EpollEventLoopGroup for bf2f21c0-0be1-4656-82b3-d5d0231006ca-NettyServerStreamRpc-workerGroup; Thread size is 0.
2025-10-18 02:35:56,389 [main] INFO  server.RaftServerConfigKeys (ConfUtils.java:logGet(62)) - raft.server.storage.dir = [/tmp/junit-10241480070998907568/ratis] (custom)
2025-10-18 02:35:56,389 [bf2f21c0-0be1-4656-82b3-d5d0231006ca-NettyServerStreamRpc-bossGroup--thread1] INFO  logging.LoggingHandler (AbstractInternalLogger.java:log(148)) - [id: 0x19bdeaeb] REGISTERED
2025-10-18 02:35:56,389 [bf2f21c0-0be1-4656-82b3-d5d0231006ca-NettyServerStreamRpc-bossGroup--thread1] INFO  logging.LoggingHandler (AbstractInternalLogger.java:log(148)) - [id: 0x19bdeaeb] BIND: 0.0.0.0/0.0.0.0:0
2025-10-18 02:35:56,389 [bf2f21c0-0be1-4656-82b3-d5d0231006ca-NettyServerStreamRpc-bossGroup--thread1] INFO  logging.LoggingHandler (AbstractInternalLogger.java:log(148)) - [id: 0x19bdeaeb, L:/0.0.0.0:38997] ACTIVE
2025-10-18 02:35:56,389 [bf2f21c0-0be1-4656-82b3-d5d0231006ca-impl-thread1] INFO  server.RaftServer (RaftServerProxy.java:initGroupDir(270)) - bf2f21c0-0be1-4656-82b3-d5d0231006ca: found a subdirectory /tmp/junit-10241480070998907568/ratis/tmp
2025-10-18 02:35:56,390 [bf2f21c0-0be1-4656-82b3-d5d0231006ca-impl-thread1] INFO  server.RaftServer (RaftServerProxy.java:initGroupDir(275)) - bf2f21c0-0be1-4656-82b3-d5d0231006ca: The directory /tmp/junit-10241480070998907568/ratis/tmp is not a group directory; ignoring it. 
2025-10-18 02:35:56,390 [main] INFO  replication.ReplicationServer (ReplicationServer.java:<init>(84)) - Initializing replication server with thread count = 10 queue length = 4096
2025-10-18 02:35:56,391 [main] INFO  server.XceiverServerGrpc (XceiverServerGrpc.java:<init>(129)) - GrpcServer channel type EpollServerSocketChannel
2025-10-18 02:35:56,391 [main] INFO  replication.ReplicationSupervisor (ReplicationSupervisor.java:build(169)) - Initializing replication supervisor with thread count = 10
2025-10-18 02:35:56,392 [main] INFO  replication.ReplicationSupervisor (ReplicationSupervisor.java:nodeStateUpdated(358)) - Node state updated to IN_SERVICE, scaling executor pool size to 10
2025-10-18 02:35:56,398 [bf2f21c0-0be1-4656-82b3-d5d0231006ca-ContainerReader-0] INFO  ozoneimpl.ContainerReader (ContainerReader.java:readVolume(147)) - Start to verify containers on volume /tmp/junit-10241480070998907568/570b8de0-d74d-45e2-b683-ddec8dd51d04/hdds
2025-10-18 02:35:56,398 [bf2f21c0-0be1-4656-82b3-d5d0231006ca-ContainerReader-0] INFO  ozoneimpl.ContainerReader (ContainerReader.java:readVolume(177)) - Finish verifying containers on volume /tmp/junit-10241480070998907568/570b8de0-d74d-45e2-b683-ddec8dd51d04/hdds
2025-10-18 02:35:56,398 [main] INFO  ozoneimpl.OzoneContainer (OzoneContainer.java:buildContainerSet(359)) - Build ContainerSet costs 0s
2025-10-18 02:35:56,398 [main] INFO  volume.ThrottledAsyncChecker (ThrottledAsyncChecker.java:schedule(138)) - Scheduling a check for /tmp/junit-10241480070998907568/570b8de0-d74d-45e2-b683-ddec8dd51d04/hdds
2025-10-18 02:35:56,399 [main] INFO  volume.StorageVolumeChecker (StorageVolumeChecker.java:checkAllVolumes(231)) - Scheduled health check for volume /tmp/junit-10241480070998907568/570b8de0-d74d-45e2-b683-ddec8dd51d04/hdds
2025-10-18 02:35:56,400 [main] INFO  volume.ThrottledAsyncChecker (ThrottledAsyncChecker.java:schedule(138)) - Scheduling a check for /tmp/junit-10241480070998907568/ratis
2025-10-18 02:35:56,400 [main] INFO  volume.StorageVolumeChecker (StorageVolumeChecker.java:checkAllVolumes(231)) - Scheduled health check for volume /tmp/junit-10241480070998907568/ratis
2025-10-18 02:35:56,401 [main] INFO  ozoneimpl.OzoneContainer (OzoneContainer.java:start(544)) - Attempting to start container services.
2025-10-18 02:35:56,401 [ContainerMetadataScanner] INFO  ozoneimpl.AbstractBackgroundContainerScanner (AbstractBackgroundContainerScanner.java:runIteration(89)) - Completed an iteration in 0 minutes. Number of iterations (since the data-node restart) : 1, Number of containers scanned in this iteration : 0, Number of unhealthy containers found in this iteration : 0
2025-10-18 02:35:56,401 [ContainerDataScanner(/tmp/junit-10241480070998907568/570b8de0-d74d-45e2-b683-ddec8dd51d04/hdds)] INFO  ozoneimpl.AbstractBackgroundContainerScanner (AbstractBackgroundContainerScanner.java:runIteration(89)) - Completed an iteration in 0 minutes. Number of iterations (since the data-node restart) : 1, Number of containers scanned in this iteration : 0, Number of unhealthy containers found in this iteration : 0
2025-10-18 02:35:56,402 [main] INFO  replication.ReplicationServer (ReplicationServer.java:start(137)) - ReplicationServer is started using port 9886
2025-10-18 02:35:56,402 [main] INFO  ratis.XceiverServerRatis (XceiverServerRatis.java:start(559)) - Starting XceiverServerRatis(bf2f21c0-0be1-4656-82b3-d5d0231006ca)
2025-10-18 02:35:56,405 [main] INFO  server.RaftServer (RaftServerProxy.java:startImpl(412)) - bf2f21c0-0be1-4656-82b3-d5d0231006ca: start RPC server
2025-10-18 02:35:56,405 [main] INFO  server.GrpcServicesImpl (GrpcServicesImpl.java:startImpl(346)) - bf2f21c0-0be1-4656-82b3-d5d0231006ca: GrpcServicesImpl started, listening on 9858
2025-10-18 02:35:56,405 [main] INFO  ratis.XceiverServerRatis (XceiverServerRatis.java:getRealPort(586)) - XceiverServerRatis(bf2f21c0-0be1-4656-82b3-d5d0231006ca) is started using port RATIS=9858
2025-10-18 02:35:56,406 [main] INFO  ratis.XceiverServerRatis (XceiverServerRatis.java:getRealPort(586)) - XceiverServerRatis(bf2f21c0-0be1-4656-82b3-d5d0231006ca) is started using port RATIS_ADMIN=9858
2025-10-18 02:35:56,405 [JvmPauseMonitor32] INFO  util.JvmPauseMonitor (JvmPauseMonitor.java:run(146)) - JvmPauseMonitor-bf2f21c0-0be1-4656-82b3-d5d0231006ca: Started
2025-10-18 02:35:56,406 [main] INFO  ratis.XceiverServerRatis (XceiverServerRatis.java:getRealPort(586)) - XceiverServerRatis(bf2f21c0-0be1-4656-82b3-d5d0231006ca) is started using port RATIS_SERVER=9858
2025-10-18 02:35:56,406 [main] INFO  ratis.XceiverServerRatis (XceiverServerRatis.java:getRealPort(586)) - XceiverServerRatis(bf2f21c0-0be1-4656-82b3-d5d0231006ca) is started using port RATIS_DATASTREAM=38997
2025-10-18 02:35:56,407 [main] INFO  utils.BackgroundService (BackgroundService.java:start(119)) - Starting service BlockDeletingService with interval 60000 milliseconds
2025-10-18 02:35:56,407 [main] INFO  utils.BackgroundService (BackgroundService.java:start(119)) - Starting service StaleRecoveringContainerScrubbingService with interval 60000 milliseconds
2025-10-18 02:35:56,408 [main] INFO  upgrade.UpgradeFinalizer (BasicUpgradeFinalizer.java:logAndEmit(395)) - Finalization started.
2025-10-18 02:35:56,408 [main] INFO  upgrade.UpgradeFinalizer (BasicUpgradeFinalizer.java:runFinalizationAction(270)) - Running finalization actions for layout feature: DATANODE_SCHEMA_V3
2025-10-18 02:35:56,408 [main] INFO  upgrade.DatanodeSchemaV3FinalizeAction (DatanodeSchemaV3FinalizeAction.java:execute(49)) - Upgrading Datanode volume layout for Schema V3 support.
2025-10-18 02:35:56,430 [main] INFO  utils.DatanodeStoreCache (DatanodeStoreCache.java:addDB(70)) - Added db /tmp/junit-10241480070998907568/570b8de0-d74d-45e2-b683-ddec8dd51d04/hdds/clusterID/DS-8c67010a-70ae-47bd-86d9-3bef8c23315e/container.db to cache
2025-10-18 02:35:56,430 [main] INFO  volume.HddsVolume (HddsVolume.java:createDbStore(576)) - SchemaV3 db is created and loaded at /tmp/junit-10241480070998907568/570b8de0-d74d-45e2-b683-ddec8dd51d04/hdds/clusterID/DS-8c67010a-70ae-47bd-86d9-3bef8c23315e/container.db for volume DS-8c67010a-70ae-47bd-86d9-3bef8c23315e
2025-10-18 02:35:56,431 [main] INFO  utils.DatanodeStoreCache (DatanodeStoreCache.java:removeDB(104)) - Removed db /tmp/junit-10241480070998907568/570b8de0-d74d-45e2-b683-ddec8dd51d04/hdds/clusterID/DS-8c67010a-70ae-47bd-86d9-3bef8c23315e/container.db from cache
2025-10-18 02:35:56,431 [main] INFO  volume.HddsVolume (HddsVolume.java:closeDbStore(609)) - SchemaV3 db is stopped at /tmp/junit-10241480070998907568/570b8de0-d74d-45e2-b683-ddec8dd51d04/hdds/clusterID/DS-8c67010a-70ae-47bd-86d9-3bef8c23315e/container.db for volume DS-8c67010a-70ae-47bd-86d9-3bef8c23315e
2025-10-18 02:35:56,431 [main] INFO  upgrade.DatanodeSchemaV3FinalizeAction (DatanodeSchemaV3FinalizeAction.java:execute(75)) - Schema V3 is disabled. Won't load RocksDB in upgrade.
2025-10-18 02:35:56,432 [main] INFO  upgrade.AbstractLayoutVersionManager (AbstractLayoutVersionManager.java:finalized(124)) - Layout feature DATANODE_SCHEMA_V3 has been finalized.
2025-10-18 02:35:56,432 [main] INFO  upgrade.UpgradeFinalizer (BasicUpgradeFinalizer.java:logAndEmit(395)) - No onFinalize work defined for feature: RATIS_DATASTREAM_PORT_IN_DATANODEDETAILS.
2025-10-18 02:35:56,433 [main] INFO  upgrade.AbstractLayoutVersionManager (AbstractLayoutVersionManager.java:finalized(124)) - Layout feature RATIS_DATASTREAM_PORT_IN_DATANODEDETAILS has been finalized.
2025-10-18 02:35:56,433 [main] INFO  upgrade.UpgradeFinalizer (BasicUpgradeFinalizer.java:logAndEmit(395)) - No onFinalize work defined for feature: WEBUI_PORTS_IN_DATANODEDETAILS.
2025-10-18 02:35:56,434 [main] INFO  upgrade.AbstractLayoutVersionManager (AbstractLayoutVersionManager.java:finalized(124)) - Layout feature WEBUI_PORTS_IN_DATANODEDETAILS has been finalized.
2025-10-18 02:35:56,434 [main] INFO  upgrade.UpgradeFinalizer (BasicUpgradeFinalizer.java:logAndEmit(395)) - No onFinalize work defined for feature: HADOOP_PRC_PORTS_IN_DATANODEDETAILS.
2025-10-18 02:35:56,435 [main] INFO  upgrade.AbstractLayoutVersionManager (AbstractLayoutVersionManager.java:finalized(124)) - Layout feature HADOOP_PRC_PORTS_IN_DATANODEDETAILS has been finalized.
2025-10-18 02:35:56,435 [main] INFO  upgrade.UpgradeFinalizer (BasicUpgradeFinalizer.java:logAndEmit(395)) - No onFinalize work defined for feature: HBASE_SUPPORT.
2025-10-18 02:35:56,436 [main] INFO  upgrade.AbstractLayoutVersionManager (AbstractLayoutVersionManager.java:finalized(124)) - Layout feature HBASE_SUPPORT has been finalized.
2025-10-18 02:35:56,436 [main] INFO  upgrade.UpgradeFinalizer (BasicUpgradeFinalizer.java:runFinalizationAction(270)) - Running finalization actions for layout feature: WITNESSED_CONTAINER_DB_PROTO_VALUE
2025-10-18 02:35:56,437 [main] INFO  upgrade.ContainerTableSchemaFinalizeAction (ContainerTableSchemaFinalizeAction.java:execute(71)) - Finished copy to containerIdsTable from previous table
2025-10-18 02:35:56,438 [main] INFO  upgrade.AbstractLayoutVersionManager (AbstractLayoutVersionManager.java:finalized(124)) - Layout feature WITNESSED_CONTAINER_DB_PROTO_VALUE has been finalized.
2025-10-18 02:35:56,438 [main] INFO  upgrade.AbstractLayoutVersionManager (AbstractLayoutVersionManager.java:finalized(126)) - Finalization is complete.
2025-10-18 02:35:56,438 [main] INFO  upgrade.UpgradeFinalizer (BasicUpgradeFinalizer.java:logAndEmit(395)) - Finalization is done.
2025-10-18 02:35:56,438 [main] INFO  ipc.Server (Server.java:stop(3697)) - Stopping server on 44637
2025-10-18 02:35:56,439 [IPC Server listener on 44637] INFO  ipc.Server (Server.java:run(1585)) - Stopping IPC Server listener on 44637
2025-10-18 02:35:56,439 [IPC Server Responder] INFO  ipc.Server (Server.java:run(1718)) - Stopping IPC Server Responder
2025-10-18 02:35:56,439 [main] INFO  ozoneimpl.OzoneContainer (OzoneContainer.java:stop(568)) - Attempting to stop container services.
2025-10-18 02:35:56,439 [ContainerMetadataScanner] WARN  ozoneimpl.AbstractBackgroundContainerScanner (AbstractBackgroundContainerScanner.java:handleRemainingSleep(136)) - Background container scan was interrupted.
2025-10-18 02:35:56,439 [ContainerMetadataScanner] INFO  ozoneimpl.AbstractBackgroundContainerScanner (AbstractBackgroundContainerScanner.java:run(63)) - org.apache.hadoop.ozone.container.ozoneimpl.BackgroundContainerMetadataScanner@315ce09f exiting.
2025-10-18 02:35:56,439 [main] INFO  ozoneimpl.BackgroundContainerDataScanner (BackgroundContainerDataScanner.java:shutdown(87)) - ContainerDataScanner(/tmp/junit-10241480070998907568/570b8de0-d74d-45e2-b683-ddec8dd51d04/hdds) is shutting down. 
2025-10-18 02:35:56,440 [ContainerDataScanner(/tmp/junit-10241480070998907568/570b8de0-d74d-45e2-b683-ddec8dd51d04/hdds)] WARN  ozoneimpl.AbstractBackgroundContainerScanner (AbstractBackgroundContainerScanner.java:handleRemainingSleep(136)) - Background container scan was interrupted.
2025-10-18 02:35:56,440 [ContainerDataScanner(/tmp/junit-10241480070998907568/570b8de0-d74d-45e2-b683-ddec8dd51d04/hdds)] INFO  ozoneimpl.AbstractBackgroundContainerScanner (AbstractBackgroundContainerScanner.java:run(63)) - ContainerDataScanner(/tmp/junit-10241480070998907568/570b8de0-d74d-45e2-b683-ddec8dd51d04/hdds, DS-8c67010a-70ae-47bd-86d9-3bef8c23315e) exiting.
2025-10-18 02:35:56,440 [main] INFO  ozoneimpl.OnDemandContainerScanner (OnDemandContainerScanner.java:shutdown(141)) - On-demand container scanner is shutting down.
2025-10-18 02:35:56,440 [main] INFO  ratis.XceiverServerRatis (XceiverServerRatis.java:stop(594)) - Closing XceiverServerRatis(bf2f21c0-0be1-4656-82b3-d5d0231006ca)
2025-10-18 02:35:56,440 [main] INFO  server.RaftServer (RaftServerProxy.java:lambda$close$9(422)) - bf2f21c0-0be1-4656-82b3-d5d0231006ca: close
2025-10-18 02:35:56,441 [main] INFO  server.GrpcServicesImpl (GrpcServicesImpl.java:closeImpl(355)) - bf2f21c0-0be1-4656-82b3-d5d0231006ca: shutdown server GrpcServerProtocolService now
2025-10-18 02:35:56,441 [main] INFO  server.GrpcServicesImpl (GrpcServicesImpl.java:closeImpl(364)) - bf2f21c0-0be1-4656-82b3-d5d0231006ca: shutdown server GrpcServerProtocolService successfully
2025-10-18 02:35:56,441 [bf2f21c0-0be1-4656-82b3-d5d0231006ca-NettyServerStreamRpc-bossGroup--thread1] INFO  logging.LoggingHandler (AbstractInternalLogger.java:log(148)) - [id: 0x19bdeaeb, L:/0.0.0.0:38997] CLOSE
2025-10-18 02:35:56,441 [bf2f21c0-0be1-4656-82b3-d5d0231006ca-NettyServerStreamRpc-bossGroup--thread1] INFO  logging.LoggingHandler (AbstractInternalLogger.java:log(148)) - [id: 0x19bdeaeb, L:/0.0.0.0:38997] INACTIVE
2025-10-18 02:35:56,441 [bf2f21c0-0be1-4656-82b3-d5d0231006ca-NettyServerStreamRpc-bossGroup--thread1] INFO  logging.LoggingHandler (AbstractInternalLogger.java:log(148)) - [id: 0x19bdeaeb, L:/0.0.0.0:38997] UNREGISTERED
2025-10-18 02:35:56,444 [JvmPauseMonitor32] INFO  util.JvmPauseMonitor (JvmPauseMonitor.java:run(152)) - JvmPauseMonitor-bf2f21c0-0be1-4656-82b3-d5d0231006ca: Stopped
2025-10-18 02:35:58,447 [main] INFO  utils.BackgroundService (BackgroundService.java:shutdown(195)) - Shutting down service BlockDeletingService
2025-10-18 02:35:58,448 [main] INFO  utils.BackgroundService (BackgroundService.java:shutdown(195)) - Shutting down service StaleRecoveringContainerScrubbingService
]]></system-out>
  </testcase>
</testsuite>