<?xml version="1.0" encoding="UTF-8"?>
<testsuite xmlns:xsi="http://www.w3.org/2001/XMLSchema-instance" xsi:noNamespaceSchemaLocation="https://maven.apache.org/surefire/maven-surefire-plugin/xsd/surefire-test-report.xsd" name="org.apache.hadoop.ozone.client.rpc.TestWatchForCommit" time="202.19" tests="4" errors="1" skipped="0" failures="0">
  <properties>
    <property name="awt.toolkit" value="sun.awt.X11.XToolkit"/>
    <property name="file.encoding.pkg" value="sun.io"/>
    <property name="java.specification.version" value="1.8"/>
    <property name="sun.cpu.isalist" value=""/>
    <property name="sun.jnu.encoding" value="UTF-8"/>
    <property name="java.class.path" value="/home/runner/work/ozone/ozone/mnt/ozone/hadoop-ozone/integration-test/target/test-classes:/home/runner/work/ozone/ozone/mnt/ozone/hadoop-ozone/integration-test/target/classes:/home/runner/.m2/repository/org/apache/ozone/ozone-common/1.2.0-SNAPSHOT/ozone-common-1.2.0-SNAPSHOT.jar:/home/runner/.m2/repository/org/apache/commons/commons-compress/1.20/commons-compress-1.20.jar:/home/runner/.m2/repository/org/apache/ozone/hdds-common/1.2.0-SNAPSHOT/hdds-common-1.2.0-SNAPSHOT.jar:/home/runner/.m2/repository/org/apache/ozone/hdds-client/1.2.0-SNAPSHOT/hdds-client-1.2.0-SNAPSHOT.jar:/home/runner/.m2/repository/org/apache/ozone/ozone-interface-client/1.2.0-SNAPSHOT/ozone-interface-client-1.2.0-SNAPSHOT.jar:/home/runner/.m2/repository/org/apache/ozone/hdds-test-utils/1.2.0-SNAPSHOT/hdds-test-utils-1.2.0-SNAPSHOT.jar:/home/runner/.m2/repository/com/google/guava/guava/30.1.1-jre/guava-30.1.1-jre.jar:/home/runner/.m2/repository/com/google/guava/failureaccess/1.0.1/failureaccess-1.0.1.jar:/home/runner/.m2/repository/com/google/guava/listenablefuture/9999.0-empty-to-avoid-conflict-with-guava/listenablefuture-9999.0-empty-to-avoid-conflict-with-guava.jar:/home/runner/.m2/repository/com/google/code/findbugs/jsr305/3.0.0/jsr305-3.0.0.jar:/home/runner/.m2/repository/org/checkerframework/checker-qual/3.8.0/checker-qual-3.8.0.jar:/home/runner/.m2/repository/com/google/errorprone/error_prone_annotations/2.2.0/error_prone_annotations-2.2.0.jar:/home/runner/.m2/repository/com/google/j2objc/j2objc-annotations/1.3/j2objc-annotations-1.3.jar:/home/runner/.m2/repository/commons-io/commons-io/2.8.0/commons-io-2.8.0.jar:/home/runner/.m2/repository/commons-logging/commons-logging/1.2/commons-logging-1.2.jar:/home/runner/.m2/repository/log4j/log4j/1.2.17/log4j-1.2.17.jar:/home/runner/.m2/repository/org/slf4j/slf4j-api/1.7.30/slf4j-api-1.7.30.jar:/home/runner/.m2/repository/org/apache/ozone/hdds-server-scm/1.2.0-SNAPSHOT/hdds-server-scm-1.2.0-SNAPSHOT.jar:/home/runner/.m2/repository/org/apache/ozone/hdds-container-service/1.2.0-SNAPSHOT/hdds-container-service-1.2.0-SNAPSHOT.jar:/home/runner/.m2/repository/org/apache/ozone/hdds-hadoop-dependency-server/1.2.0-SNAPSHOT/hdds-hadoop-dependency-server-1.2.0-SNAPSHOT.jar:/home/runner/.m2/repository/org/apache/hadoop/hadoop-hdfs/3.2.2/hadoop-hdfs-3.2.2.jar:/home/runner/.m2/repository/org/apache/ozone/hdds-server-framework/1.2.0-SNAPSHOT/hdds-server-framework-1.2.0-SNAPSHOT.jar:/home/runner/.m2/repository/org/apache/ozone/hdds-interface-server/1.2.0-SNAPSHOT/hdds-interface-server-1.2.0-SNAPSHOT.jar:/home/runner/.m2/repository/org/eclipse/jetty/jetty-servlet/9.4.35.v20201120/jetty-servlet-9.4.35.v20201120.jar:/home/runner/.m2/repository/org/eclipse/jetty/jetty-security/9.4.35.v20201120/jetty-security-9.4.35.v20201120.jar:/home/runner/.m2/repository/org/rocksdb/rocksdbjni/6.20.3/rocksdbjni-6.20.3.jar:/home/runner/.m2/repository/io/prometheus/simpleclient_dropwizard/0.7.0/simpleclient_dropwizard-0.7.0.jar:/home/runner/.m2/repository/io/prometheus/simpleclient/0.7.0/simpleclient-0.7.0.jar:/home/runner/.m2/repository/io/prometheus/simpleclient_common/0.7.0/simpleclient_common-0.7.0.jar:/home/runner/.m2/repository/com/fasterxml/jackson/datatype/jackson-datatype-jsr310/2.12.1/jackson-datatype-jsr310-2.12.1.jar:/home/runner/.m2/repository/io/dropwizard/metrics/metrics-core/3.2.4/metrics-core-3.2.4.jar:/home/runner/.m2/repository/org/apache/hadoop/hadoop-hdfs-client/3.2.2/hadoop-hdfs-client-3.2.2.jar:/home/runner/.m2/repository/org/bouncycastle/bcprov-jdk15on/1.67/bcprov-jdk15on-1.67.jar:/home/runner/.m2/repository/com/google/protobuf/protobuf-java/2.5.0/protobuf-java-2.5.0.jar:/home/runner/.m2/repository/org/apache/ozone/ozone-manager/1.2.0-SNAPSHOT/ozone-manager-1.2.0-SNAPSHOT.jar:/home/runner/.m2/repository/org/apache/ozone/hdds-interface-client/1.2.0-SNAPSHOT/hdds-interface-client-1.2.0-SNAPSHOT.jar:/home/runner/.m2/repository/org/apache/ratis/ratis-thirdparty-misc/0.7.0-a398b19-SNAPSHOT/ratis-thirdparty-misc-0.7.0-a398b19-SNAPSHOT.jar:/home/runner/.m2/repository/org/apache/ozone/ozone-interface-storage/1.2.0-SNAPSHOT/ozone-interface-storage-1.2.0-SNAPSHOT.jar:/home/runner/.m2/repository/org/apache/hadoop/hadoop-minikdc/3.2.2/hadoop-minikdc-3.2.2.jar:/home/runner/.m2/repository/org/apache/kerby/kerb-simplekdc/1.0.1/kerb-simplekdc-1.0.1.jar:/home/runner/.m2/repository/org/apache/kerby/kerb-client/1.0.1/kerb-client-1.0.1.jar:/home/runner/.m2/repository/org/apache/kerby/kerby-config/1.0.1/kerby-config-1.0.1.jar:/home/runner/.m2/repository/org/apache/kerby/kerb-core/1.0.1/kerb-core-1.0.1.jar:/home/runner/.m2/repository/org/apache/kerby/kerby-pkix/1.0.1/kerby-pkix-1.0.1.jar:/home/runner/.m2/repository/org/apache/kerby/kerby-asn1/1.0.1/kerby-asn1-1.0.1.jar:/home/runner/.m2/repository/org/apache/kerby/kerby-util/1.0.1/kerby-util-1.0.1.jar:/home/runner/.m2/repository/org/apache/kerby/kerb-common/1.0.1/kerb-common-1.0.1.jar:/home/runner/.m2/repository/org/apache/kerby/kerb-crypto/1.0.1/kerb-crypto-1.0.1.jar:/home/runner/.m2/repository/org/apache/kerby/kerb-util/1.0.1/kerb-util-1.0.1.jar:/home/runner/.m2/repository/org/apache/kerby/token-provider/1.0.1/token-provider-1.0.1.jar:/home/runner/.m2/repository/org/apache/kerby/kerb-admin/1.0.1/kerb-admin-1.0.1.jar:/home/runner/.m2/repository/org/apache/kerby/kerb-server/1.0.1/kerb-server-1.0.1.jar:/home/runner/.m2/repository/org/apache/kerby/kerb-identity/1.0.1/kerb-identity-1.0.1.jar:/home/runner/.m2/repository/org/apache/kerby/kerby-xdr/1.0.1/kerby-xdr-1.0.1.jar:/home/runner/.m2/repository/org/slf4j/slf4j-log4j12/1.7.30/slf4j-log4j12-1.7.30.jar:/home/runner/.m2/repository/org/apache/ozone/ozone-s3gateway/1.2.0-SNAPSHOT/ozone-s3gateway-1.2.0-SNAPSHOT.jar:/home/runner/.m2/repository/org/jboss/weld/servlet/weld-servlet/2.4.7.Final/weld-servlet-2.4.7.Final.jar:/home/runner/.m2/repository/org/glassfish/jersey/containers/jersey-container-servlet-core/2.33/jersey-container-servlet-core-2.33.jar:/home/runner/.m2/repository/org/glassfish/hk2/external/jakarta.inject/2.6.1/jakarta.inject-2.6.1.jar:/home/runner/.m2/repository/org/glassfish/jersey/core/jersey-common/2.33/jersey-common-2.33.jar:/home/runner/.m2/repository/jakarta/ws/rs/jakarta.ws.rs-api/2.1.6/jakarta.ws.rs-api-2.1.6.jar:/home/runner/.m2/repository/org/glassfish/jersey/ext/cdi/jersey-cdi1x/2.33/jersey-cdi1x-2.33.jar:/home/runner/.m2/repository/org/glassfish/jersey/inject/jersey-hk2/2.33/jersey-hk2-2.33.jar:/home/runner/.m2/repository/org/glassfish/hk2/hk2-locator/2.6.1/hk2-locator-2.6.1.jar:/home/runner/.m2/repository/org/javassist/javassist/3.25.0-GA/javassist-3.25.0-GA.jar:/home/runner/.m2/repository/org/glassfish/jersey/media/jersey-media-jaxb/2.33/jersey-media-jaxb-2.33.jar:/home/runner/.m2/repository/org/glassfish/hk2/osgi-resource-locator/1.0.3/osgi-resource-locator-1.0.3.jar:/home/runner/.m2/repository/org/glassfish/hk2/hk2-api/2.5.0/hk2-api-2.5.0.jar:/home/runner/.m2/repository/org/glassfish/hk2/hk2-utils/2.5.0/hk2-utils-2.5.0.jar:/home/runner/.m2/repository/org/glassfish/hk2/external/aopalliance-repackaged/2.5.0/aopalliance-repackaged-2.5.0.jar:/home/runner/.m2/repository/com/fasterxml/jackson/dataformat/jackson-dataformat-xml/2.12.1/jackson-dataformat-xml-2.12.1.jar:/home/runner/.m2/repository/com/fasterxml/jackson/core/jackson-core/2.12.1/jackson-core-2.12.1.jar:/home/runner/.m2/repository/com/fasterxml/jackson/module/jackson-module-jaxb-annotations/2.12.1/jackson-module-jaxb-annotations-2.12.1.jar:/home/runner/.m2/repository/jakarta/xml/bind/jakarta.xml.bind-api/2.3.2/jakarta.xml.bind-api-2.3.2.jar:/home/runner/.m2/repository/jakarta/activation/jakarta.activation-api/1.2.1/jakarta.activation-api-1.2.1.jar:/home/runner/.m2/repository/org/codehaus/woodstox/stax2-api/3.1.4/stax2-api-3.1.4.jar:/home/runner/.m2/repository/com/fasterxml/woodstox/woodstox-core/5.0.3/woodstox-core-5.0.3.jar:/home/runner/.m2/repository/javax/enterprise/cdi-api/1.2/cdi-api-1.2.jar:/home/runner/.m2/repository/javax/el/javax.el-api/3.0.0/javax.el-api-3.0.0.jar:/home/runner/.m2/repository/javax/interceptor/javax.interceptor-api/1.2/javax.interceptor-api-1.2.jar:/home/runner/.m2/repository/javax/inject/javax.inject/1/javax.inject-1.jar:/home/runner/.m2/repository/javax/xml/bind/jaxb-api/2.3.0/jaxb-api-2.3.0.jar:/home/runner/.m2/repository/org/glassfish/jaxb/jaxb-runtime/2.3.0.1/jaxb-runtime-2.3.0.1.jar:/home/runner/.m2/repository/org/glassfish/jaxb/jaxb-core/2.3.0.1/jaxb-core-2.3.0.1.jar:/home/runner/.m2/repository/org/glassfish/jaxb/txw2/2.3.0.1/txw2-2.3.0.1.jar:/home/runner/.m2/repository/com/sun/istack/istack-commons-runtime/3.0.5/istack-commons-runtime-3.0.5.jar:/home/runner/.m2/repository/org/jvnet/staxex/stax-ex/1.7.8/stax-ex-1.7.8.jar:/home/runner/.m2/repository/com/sun/xml/fastinfoset/FastInfoset/1.2.13/FastInfoset-1.2.13.jar:/home/runner/.m2/repository/javax/activation/activation/1.1.1/activation-1.1.1.jar:/home/runner/.m2/repository/org/apache/ozone/ozone-csi/1.2.0-SNAPSHOT/ozone-csi-1.2.0-SNAPSHOT.jar:/home/runner/.m2/repository/com/google/protobuf/protobuf-java-util/3.12.0/protobuf-java-util-3.12.0.jar:/home/runner/.m2/repository/com/google/code/gson/gson/2.2.4/gson-2.2.4.jar:/home/runner/.m2/repository/org/apache/ozone/hdds-config/1.2.0-SNAPSHOT/hdds-config-1.2.0-SNAPSHOT.jar:/home/runner/.m2/repository/io/grpc/grpc-netty/1.33.0/grpc-netty-1.33.0.jar:/home/runner/.m2/repository/io/grpc/grpc-core/1.33.0/grpc-core-1.33.0.jar:/home/runner/.m2/repository/com/google/android/annotations/4.1.1.4/annotations-4.1.1.4.jar:/home/runner/.m2/repository/io/netty/netty-codec-http2/4.1.51.Final/netty-codec-http2-4.1.51.Final.jar:/home/runner/.m2/repository/io/netty/netty-codec-http/4.1.51.Final/netty-codec-http-4.1.51.Final.jar:/home/runner/.m2/repository/io/netty/netty-handler-proxy/4.1.51.Final/netty-handler-proxy-4.1.51.Final.jar:/home/runner/.m2/repository/io/netty/netty-codec-socks/4.1.51.Final/netty-codec-socks-4.1.51.Final.jar:/home/runner/.m2/repository/io/perfmark/perfmark-api/0.19.0/perfmark-api-0.19.0.jar:/home/runner/.m2/repository/org/codehaus/mojo/animal-sniffer-annotations/1.18/animal-sniffer-annotations-1.18.jar:/home/runner/.m2/repository/io/netty/netty-transport-native-epoll/4.1.63.Final/netty-transport-native-epoll-4.1.63.Final.jar:/home/runner/.m2/repository/io/netty/netty-common/4.1.63.Final/netty-common-4.1.63.Final.jar:/home/runner/.m2/repository/io/netty/netty-buffer/4.1.63.Final/netty-buffer-4.1.63.Final.jar:/home/runner/.m2/repository/io/netty/netty-transport-native-unix-common/4.1.63.Final/netty-transport-native-unix-common-4.1.63.Final.jar:/home/runner/.m2/repository/io/grpc/grpc-protobuf/1.33.0/grpc-protobuf-1.33.0.jar:/home/runner/.m2/repository/io/grpc/grpc-api/1.33.0/grpc-api-1.33.0.jar:/home/runner/.m2/repository/io/grpc/grpc-context/1.33.0/grpc-context-1.33.0.jar:/home/runner/.m2/repository/com/google/api/grpc/proto-google-common-protos/1.17.0/proto-google-common-protos-1.17.0.jar:/home/runner/.m2/repository/io/grpc/grpc-protobuf-lite/1.33.0/grpc-protobuf-lite-1.33.0.jar:/home/runner/.m2/repository/io/grpc/grpc-stub/1.33.0/grpc-stub-1.33.0.jar:/home/runner/.m2/repository/org/apache/ozone/ozone-recon/1.2.0-SNAPSHOT/ozone-recon-1.2.0-SNAPSHOT.jar:/home/runner/.m2/repository/org/apache/ozone/ozone-reconcodegen/1.2.0-SNAPSHOT/ozone-reconcodegen-1.2.0-SNAPSHOT.jar:/home/runner/.m2/repository/com/google/inject/extensions/guice-multibindings/4.0/guice-multibindings-4.0.jar:/home/runner/.m2/repository/com/google/inject/guice/4.0/guice-4.0.jar:/home/runner/.m2/repository/aopalliance/aopalliance/1.0/aopalliance-1.0.jar:/home/runner/.m2/repository/com/google/inject/extensions/guice-assistedinject/4.0/guice-assistedinject-4.0.jar:/home/runner/.m2/repository/com/google/inject/extensions/guice-servlet/4.0/guice-servlet-4.0.jar:/home/runner/.m2/repository/org/glassfish/jersey/containers/jersey-container-servlet/2.33/jersey-container-servlet-2.33.jar:/home/runner/.m2/repository/org/glassfish/hk2/guice-bridge/2.5.0/guice-bridge-2.5.0.jar:/home/runner/.m2/repository/org/glassfish/jersey/core/jersey-server/2.33/jersey-server-2.33.jar:/home/runner/.m2/repository/org/glassfish/jersey/core/jersey-client/2.33/jersey-client-2.33.jar:/home/runner/.m2/repository/jakarta/annotation/jakarta.annotation-api/1.3.5/jakarta.annotation-api-1.3.5.jar:/home/runner/.m2/repository/jakarta/validation/jakarta.validation-api/2.0.2/jakarta.validation-api-2.0.2.jar:/home/runner/.m2/repository/org/glassfish/jersey/media/jersey-media-json-jackson/2.33/jersey-media-json-jackson-2.33.jar:/home/runner/.m2/repository/org/glassfish/jersey/ext/jersey-entity-filtering/2.33/jersey-entity-filtering-2.33.jar:/home/runner/.m2/repository/org/jooq/jooq/3.11.10/jooq-3.11.10.jar:/home/runner/.m2/repository/org/jooq/jooq-meta/3.11.10/jooq-meta-3.11.10.jar:/home/runner/.m2/repository/org/jooq/jooq-codegen/3.11.10/jooq-codegen-3.11.10.jar:/home/runner/.m2/repository/com/jolbox/bonecp/0.8.0.RELEASE/bonecp-0.8.0.RELEASE.jar:/home/runner/.m2/repository/org/apache/derby/derby/10.14.2.0/derby-10.14.2.0.jar:/home/runner/.m2/repository/org/xerial/sqlite-jdbc/3.25.2/sqlite-jdbc-3.25.2.jar:/home/runner/.m2/repository/org/springframework/spring-jdbc/5.2.11.RELEASE/spring-jdbc-5.2.11.RELEASE.jar:/home/runner/.m2/repository/org/springframework/spring-beans/5.2.11.RELEASE/spring-beans-5.2.11.RELEASE.jar:/home/runner/.m2/repository/org/springframework/spring-core/5.2.11.RELEASE/spring-core-5.2.11.RELEASE.jar:/home/runner/.m2/repository/org/springframework/spring-jcl/5.2.11.RELEASE/spring-jcl-5.2.11.RELEASE.jar:/home/runner/.m2/repository/org/springframework/spring-tx/5.2.11.RELEASE/spring-tx-5.2.11.RELEASE.jar:/home/runner/.m2/repository/org/apache/ozone/ozone-client/1.2.0-SNAPSHOT/ozone-client-1.2.0-SNAPSHOT.jar:/home/runner/.m2/repository/org/apache/ozone/ozone-filesystem/1.2.0-SNAPSHOT/ozone-filesystem-1.2.0-SNAPSHOT.jar:/home/runner/.m2/repository/org/apache/ozone/ozone-filesystem-common/1.2.0-SNAPSHOT/ozone-filesystem-common-1.2.0-SNAPSHOT.jar:/home/runner/.m2/repository/org/apache/ozone/ozone-tools/1.2.0-SNAPSHOT/ozone-tools-1.2.0-SNAPSHOT.jar:/home/runner/.m2/repository/org/apache/ratis/ratis-tools/2.1.0-ff8aa66-SNAPSHOT/ratis-tools-2.1.0-ff8aa66-SNAPSHOT.jar:/home/runner/.m2/repository/org/apache/ratis/ratis-proto/2.1.0-ff8aa66-SNAPSHOT/ratis-proto-2.1.0-ff8aa66-SNAPSHOT.jar:/home/runner/.m2/repository/org/apache/ratis/ratis-common/2.1.0-ff8aa66-SNAPSHOT/ratis-common-2.1.0-ff8aa66-SNAPSHOT.jar:/home/runner/.m2/repository/com/amazonaws/aws-java-sdk-core/1.11.901/aws-java-sdk-core-1.11.901.jar:/home/runner/.m2/repository/org/apache/httpcomponents/httpclient/4.5.13/httpclient-4.5.13.jar:/home/runner/.m2/repository/org/apache/httpcomponents/httpcore/4.4.13/httpcore-4.4.13.jar:/home/runner/.m2/repository/software/amazon/ion/ion-java/1.0.2/ion-java-1.0.2.jar:/home/runner/.m2/repository/com/fasterxml/jackson/dataformat/jackson-dataformat-cbor/2.12.1/jackson-dataformat-cbor-2.12.1.jar:/home/runner/.m2/repository/joda-time/joda-time/2.8.1/joda-time-2.8.1.jar:/home/runner/.m2/repository/com/amazonaws/aws-java-sdk-s3/1.11.901/aws-java-sdk-s3-1.11.901.jar:/home/runner/.m2/repository/com/amazonaws/aws-java-sdk-kms/1.11.901/aws-java-sdk-kms-1.11.901.jar:/home/runner/.m2/repository/com/amazonaws/jmespath-java/1.11.901/jmespath-java-1.11.901.jar:/home/runner/.m2/repository/org/kohsuke/metainf-services/metainf-services/1.8/metainf-services-1.8.jar:/home/runner/.m2/repository/org/apache/ozone/hdds-tools/1.2.0-SNAPSHOT/hdds-tools-1.2.0-SNAPSHOT.jar:/home/runner/.m2/repository/commons-cli/commons-cli/1.2/commons-cli-1.2.jar:/home/runner/.m2/repository/org/apache/commons/commons-lang3/3.7/commons-lang3-3.7.jar:/home/runner/.m2/repository/org/apache/ozone/ozone-manager/1.2.0-SNAPSHOT/ozone-manager-1.2.0-SNAPSHOT-tests.jar:/home/runner/.m2/repository/org/apache/ozone/hdds-common/1.2.0-SNAPSHOT/hdds-common-1.2.0-SNAPSHOT-tests.jar:/home/runner/.m2/repository/org/apache/ozone/hdds-hadoop-dependency-client/1.2.0-SNAPSHOT/hdds-hadoop-dependency-client-1.2.0-SNAPSHOT.jar:/home/runner/.m2/repository/info/picocli/picocli/4.4.0/picocli-4.4.0.jar:/home/runner/.m2/repository/com/fasterxml/jackson/core/jackson-annotations/2.12.1/jackson-annotations-2.12.1.jar:/home/runner/.m2/repository/javax/annotation/javax.annotation-api/1.2/javax.annotation-api-1.2.jar:/home/runner/.m2/repository/org/apache/ratis/ratis-server/2.1.0-ff8aa66-SNAPSHOT/ratis-server-2.1.0-ff8aa66-SNAPSHOT.jar:/home/runner/.m2/repository/org/apache/ratis/ratis-client/2.1.0-ff8aa66-SNAPSHOT/ratis-client-2.1.0-ff8aa66-SNAPSHOT.jar:/home/runner/.m2/repository/org/apache/ratis/ratis-server-api/2.1.0-ff8aa66-SNAPSHOT/ratis-server-api-2.1.0-ff8aa66-SNAPSHOT.jar:/home/runner/.m2/repository/org/apache/ratis/ratis-metrics/2.1.0-ff8aa66-SNAPSHOT/ratis-metrics-2.1.0-ff8aa66-SNAPSHOT.jar:/home/runner/.m2/repository/org/apache/ratis/ratis-netty/2.1.0-ff8aa66-SNAPSHOT/ratis-netty-2.1.0-ff8aa66-SNAPSHOT.jar:/home/runner/.m2/repository/org/apache/ratis/ratis-grpc/2.1.0-ff8aa66-SNAPSHOT/ratis-grpc-2.1.0-ff8aa66-SNAPSHOT.jar:/home/runner/.m2/repository/org/apache/logging/log4j/log4j-api/2.13.3/log4j-api-2.13.3.jar:/home/runner/.m2/repository/org/apache/logging/log4j/log4j-core/2.13.3/log4j-core-2.13.3.jar:/home/runner/.m2/repository/com/lmax/disruptor/3.4.2/disruptor-3.4.2.jar:/home/runner/.m2/repository/org/apache/commons/commons-pool2/2.6.0/commons-pool2-2.6.0.jar:/home/runner/.m2/repository/org/bouncycastle/bcpkix-jdk15on/1.67/bcpkix-jdk15on-1.67.jar:/home/runner/.m2/repository/commons-validator/commons-validator/1.6/commons-validator-1.6.jar:/home/runner/.m2/repository/commons-beanutils/commons-beanutils/1.9.4/commons-beanutils-1.9.4.jar:/home/runner/.m2/repository/commons-digester/commons-digester/1.8.1/commons-digester-1.8.1.jar:/home/runner/.m2/repository/commons-collections/commons-collections/3.2.2/commons-collections-3.2.2.jar:/home/runner/.m2/repository/io/jaegertracing/jaeger-client/1.6.0/jaeger-client-1.6.0.jar:/home/runner/.m2/repository/io/jaegertracing/jaeger-thrift/1.6.0/jaeger-thrift-1.6.0.jar:/home/runner/.m2/repository/org/apache/thrift/libthrift/0.14.1/libthrift-0.14.1.jar:/home/runner/.m2/repository/com/squareup/okhttp3/okhttp/4.9.0/okhttp-4.9.0.jar:/home/runner/.m2/repository/com/squareup/okio/okio/2.8.0/okio-2.8.0.jar:/home/runner/.m2/repository/io/jaegertracing/jaeger-core/1.6.0/jaeger-core-1.6.0.jar:/home/runner/.m2/repository/io/jaegertracing/jaeger-tracerresolver/1.6.0/jaeger-tracerresolver-1.6.0.jar:/home/runner/.m2/repository/io/opentracing/contrib/opentracing-tracerresolver/0.1.8/opentracing-tracerresolver-0.1.8.jar:/home/runner/.m2/repository/org/jetbrains/kotlin/kotlin-stdlib/1.4.31/kotlin-stdlib-1.4.31.jar:/home/runner/.m2/repository/org/jetbrains/kotlin/kotlin-stdlib-common/1.4.31/kotlin-stdlib-common-1.4.31.jar:/home/runner/.m2/repository/org/jetbrains/annotations/13.0/annotations-13.0.jar:/home/runner/.m2/repository/io/opentracing/opentracing-util/0.33.0/opentracing-util-0.33.0.jar:/home/runner/.m2/repository/io/opentracing/opentracing-api/0.33.0/opentracing-api-0.33.0.jar:/home/runner/.m2/repository/io/opentracing/opentracing-noop/0.33.0/opentracing-noop-0.33.0.jar:/home/runner/.m2/repository/org/yaml/snakeyaml/1.26/snakeyaml-1.26.jar:/home/runner/.m2/repository/org/apache/ozone/hdds-interface-admin/1.2.0-SNAPSHOT/hdds-interface-admin-1.2.0-SNAPSHOT.jar:/home/runner/.m2/repository/junit/junit/4.13.1/junit-4.13.1.jar:/home/runner/.m2/repository/org/hamcrest/hamcrest-core/1.3/hamcrest-core-1.3.jar:/home/runner/.m2/repository/org/junit/jupiter/junit-jupiter-api/5.7.0/junit-jupiter-api-5.7.0.jar:/home/runner/.m2/repository/org/apiguardian/apiguardian-api/1.1.0/apiguardian-api-1.1.0.jar:/home/runner/.m2/repository/org/opentest4j/opentest4j/1.2.0/opentest4j-1.2.0.jar:/home/runner/.m2/repository/org/junit/platform/junit-platform-commons/1.7.0/junit-platform-commons-1.7.0.jar:/home/runner/.m2/repository/org/junit/jupiter/junit-jupiter-engine/5.7.0/junit-jupiter-engine-5.7.0.jar:/home/runner/.m2/repository/org/junit/platform/junit-platform-engine/1.7.0/junit-platform-engine-1.7.0.jar:/home/runner/.m2/repository/org/junit/vintage/junit-vintage-engine/5.7.0/junit-vintage-engine-5.7.0.jar:/home/runner/.m2/repository/org/junit/platform/junit-platform-launcher/1.7.0/junit-platform-launcher-1.7.0.jar:/home/runner/.m2/repository/org/openjdk/jmh/jmh-core/1.19/jmh-core-1.19.jar:/home/runner/.m2/repository/net/sf/jopt-simple/jopt-simple/4.6/jopt-simple-4.6.jar:/home/runner/.m2/repository/org/apache/commons/commons-math3/3.1.1/commons-math3-3.1.1.jar:/home/runner/.m2/repository/org/openjdk/jmh/jmh-generator-annprocess/1.19/jmh-generator-annprocess-1.19.jar:/home/runner/.m2/repository/org/mockito/mockito-all/1.8.5/mockito-all-1.8.5.jar:/home/runner/.m2/repository/org/apache/hadoop/hadoop-kms/3.2.2/hadoop-kms-3.2.2.jar:/home/runner/.m2/repository/org/apache/hadoop/hadoop-auth/3.2.2/hadoop-auth-3.2.2.jar:/home/runner/.m2/repository/com/nimbusds/nimbus-jose-jwt/7.9/nimbus-jose-jwt-7.9.jar:/home/runner/.m2/repository/com/github/stephenc/jcip/jcip-annotations/1.0-1/jcip-annotations-1.0-1.jar:/home/runner/.m2/repository/net/minidev/json-smart/2.3/json-smart-2.3.jar:/home/runner/.m2/repository/net/minidev/accessors-smart/1.2/accessors-smart-1.2.jar:/home/runner/.m2/repository/org/ow2/asm/asm/5.0.4/asm-5.0.4.jar:/home/runner/.m2/repository/org/apache/zookeeper/zookeeper/3.4.13/zookeeper-3.4.13.jar:/home/runner/.m2/repository/org/apache/yetus/audience-annotations/0.5.0/audience-annotations-0.5.0.jar:/home/runner/.m2/repository/org/apache/curator/curator-framework/2.13.0/curator-framework-2.13.0.jar:/home/runner/.m2/repository/com/sun/jersey/jersey-core/1.19/jersey-core-1.19.jar:/home/runner/.m2/repository/javax/ws/rs/jsr311-api/1.1.1/jsr311-api-1.1.1.jar:/home/runner/.m2/repository/com/sun/jersey/jersey-server/1.19/jersey-server-1.19.jar:/home/runner/.m2/repository/javax/servlet/javax.servlet-api/3.1.0/javax.servlet-api-3.1.0.jar:/home/runner/.m2/repository/org/eclipse/jetty/jetty-server/9.4.35.v20201120/jetty-server-9.4.35.v20201120.jar:/home/runner/.m2/repository/org/eclipse/jetty/jetty-http/9.4.35.v20201120/jetty-http-9.4.35.v20201120.jar:/home/runner/.m2/repository/org/eclipse/jetty/jetty-io/9.4.35.v20201120/jetty-io-9.4.35.v20201120.jar:/home/runner/.m2/repository/org/eclipse/jetty/jetty-webapp/9.4.35.v20201120/jetty-webapp-9.4.35.v20201120.jar:/home/runner/.m2/repository/org/eclipse/jetty/jetty-xml/9.4.35.v20201120/jetty-xml-9.4.35.v20201120.jar:/home/runner/.m2/repository/org/apache/hadoop/hadoop-common/3.2.2/hadoop-common-3.2.2.jar:/home/runner/.m2/repository/commons-net/commons-net/3.6/commons-net-3.6.jar:/home/runner/.m2/repository/javax/activation/javax.activation-api/1.2.0/javax.activation-api-1.2.0.jar:/home/runner/.m2/repository/com/sun/jersey/jersey-servlet/1.19/jersey-servlet-1.19.jar:/home/runner/.m2/repository/com/sun/jersey/jersey-json/1.19/jersey-json-1.19.jar:/home/runner/.m2/repository/org/codehaus/jettison/jettison/1.1/jettison-1.1.jar:/home/runner/.m2/repository/com/sun/xml/bind/jaxb-impl/2.2.3-1/jaxb-impl-2.2.3-1.jar:/home/runner/.m2/repository/org/codehaus/jackson/jackson-jaxrs/1.9.2/jackson-jaxrs-1.9.2.jar:/home/runner/.m2/repository/org/codehaus/jackson/jackson-xc/1.9.2/jackson-xc-1.9.2.jar:/home/runner/.m2/repository/org/apache/commons/commons-configuration2/2.1.1/commons-configuration2-2.1.1.jar:/home/runner/.m2/repository/org/apache/commons/commons-text/1.4/commons-text-1.4.jar:/home/runner/.m2/repository/com/google/re2j/re2j/1.1/re2j-1.1.jar:/home/runner/.m2/repository/com/jcraft/jsch/0.1.54/jsch-0.1.54.jar:/home/runner/.m2/repository/org/apache/curator/curator-client/2.13.0/curator-client-2.13.0.jar:/home/runner/.m2/repository/org/apache/curator/curator-recipes/2.13.0/curator-recipes-2.13.0.jar:/home/runner/.m2/repository/dnsjava/dnsjava/2.1.7/dnsjava-2.1.7.jar:/home/runner/.m2/repository/org/slf4j/jul-to-slf4j/1.7.30/jul-to-slf4j-1.7.30.jar:/home/runner/.m2/repository/org/eclipse/jetty/jetty-util/9.4.35.v20201120/jetty-util-9.4.35.v20201120.jar:/home/runner/.m2/repository/com/fasterxml/jackson/core/jackson-databind/2.12.1/jackson-databind-2.12.1.jar:/home/runner/.m2/repository/org/apache/hadoop/hadoop-kms/3.2.2/hadoop-kms-3.2.2-tests.jar:/home/runner/.m2/repository/org/apache/ozone/hdds-server-scm/1.2.0-SNAPSHOT/hdds-server-scm-1.2.0-SNAPSHOT-tests.jar:/home/runner/.m2/repository/org/apache/ozone/hdds-container-service/1.2.0-SNAPSHOT/hdds-container-service-1.2.0-SNAPSHOT-tests.jar:/home/runner/.m2/repository/commons-codec/commons-codec/1.11/commons-codec-1.11.jar:/home/runner/.m2/repository/io/netty/netty-transport/4.1.63.Final/netty-transport-4.1.63.Final.jar:/home/runner/.m2/repository/io/netty/netty-resolver/4.1.63.Final/netty-resolver-4.1.63.Final.jar:/home/runner/.m2/repository/io/netty/netty-codec/4.1.63.Final/netty-codec-4.1.63.Final.jar:/home/runner/.m2/repository/io/netty/netty-handler/4.1.63.Final/netty-handler-4.1.63.Final.jar:/home/runner/.m2/repository/org/apache/ozone/hdds-hadoop-dependency-test/1.2.0-SNAPSHOT/hdds-hadoop-dependency-test-1.2.0-SNAPSHOT.jar:/home/runner/.m2/repository/org/apache/hadoop/hadoop-common/3.2.2/hadoop-common-3.2.2-tests.jar:/home/runner/.m2/repository/org/apache/hadoop/hadoop-hdfs/3.2.2/hadoop-hdfs-3.2.2-tests.jar:/home/runner/.m2/repository/org/eclipse/jetty/jetty-util-ajax/9.4.35.v20201120/jetty-util-ajax-9.4.35.v20201120.jar:/home/runner/.m2/repository/commons-daemon/commons-daemon/1.0.13/commons-daemon-1.0.13.jar:/home/runner/.m2/repository/io/netty/netty/3.10.6.Final/netty-3.10.6.Final.jar:/home/runner/.m2/repository/io/netty/netty-all/4.1.63.Final/netty-all-4.1.63.Final.jar:/home/runner/.m2/repository/org/apache/htrace/htrace-core4/4.1.0-incubating/htrace-core4-4.1.0-incubating.jar:/home/runner/.m2/repository/org/fusesource/leveldbjni/leveldbjni-all/1.8/leveldbjni-all-1.8.jar:/home/runner/.m2/repository/org/apache/hadoop/hadoop-distcp/3.2.2/hadoop-distcp-3.2.2.jar:/home/runner/.m2/repository/org/apache/hadoop/hadoop-mapreduce-client-jobclient/3.2.2/hadoop-mapreduce-client-jobclient-3.2.2.jar:/home/runner/.m2/repository/org/apache/hadoop/hadoop-mapreduce-client-common/3.2.2/hadoop-mapreduce-client-common-3.2.2.jar:/home/runner/.m2/repository/org/apache/hadoop/hadoop-yarn-common/3.2.2/hadoop-yarn-common-3.2.2.jar:/home/runner/.m2/repository/org/apache/hadoop/hadoop-yarn-api/3.2.2/hadoop-yarn-api-3.2.2.jar:/home/runner/.m2/repository/com/sun/jersey/jersey-client/1.19/jersey-client-1.19.jar:/home/runner/.m2/repository/com/sun/jersey/contribs/jersey-guice/1.19/jersey-guice-1.19.jar:/home/runner/.m2/repository/com/fasterxml/jackson/jaxrs/jackson-jaxrs-json-provider/2.12.1/jackson-jaxrs-json-provider-2.12.1.jar:/home/runner/.m2/repository/com/fasterxml/jackson/jaxrs/jackson-jaxrs-base/2.12.1/jackson-jaxrs-base-2.12.1.jar:/home/runner/.m2/repository/org/apache/hadoop/hadoop-yarn-client/3.2.2/hadoop-yarn-client-3.2.2.jar:/home/runner/.m2/repository/org/apache/hadoop/hadoop-mapreduce-client-core/3.2.2/hadoop-mapreduce-client-core-3.2.2.jar:/home/runner/.m2/repository/org/apache/avro/avro/1.7.7/avro-1.7.7.jar:/home/runner/.m2/repository/org/codehaus/jackson/jackson-core-asl/1.9.13/jackson-core-asl-1.9.13.jar:/home/runner/.m2/repository/org/codehaus/jackson/jackson-mapper-asl/1.9.13/jackson-mapper-asl-1.9.13.jar:/home/runner/.m2/repository/com/thoughtworks/paranamer/paranamer/2.3/paranamer-2.3.jar:/home/runner/.m2/repository/org/xerial/snappy/snappy-java/1.0.5/snappy-java-1.0.5.jar:/home/runner/.m2/repository/org/apache/hadoop/hadoop-annotations/3.2.2/hadoop-annotations-3.2.2.jar:/usr/lib/jvm/adoptopenjdk-8-hotspot-amd64/jre/../lib/tools.jar:/home/runner/.m2/repository/org/apache/hadoop/hadoop-distcp/3.2.2/hadoop-distcp-3.2.2-tests.jar:"/>
    <property name="java.vm.vendor" value="AdoptOpenJDK"/>
    <property name="sun.arch.data.model" value="64"/>
    <property name="test.build.dir" value="/home/runner/work/ozone/ozone/mnt/ozone/hadoop-ozone/integration-test/target/test-dir"/>
    <property name="test.cache.data" value=""/>
    <property name="java.vendor.url" value="https://adoptopenjdk.net/"/>
    <property name="user.timezone" value=""/>
    <property name="java.vm.specification.version" value="1.8"/>
    <property name="os.name" value="Linux"/>
    <property name="test.build.data" value="/home/runner/work/ozone/ozone/mnt/ozone/hadoop-ozone/integration-test/target/test-dir"/>
    <property name="sun.java.launcher" value="SUN_STANDARD"/>
    <property name="sun.boot.library.path" value="/usr/lib/jvm/adoptopenjdk-8-hotspot-amd64/jre/lib/amd64"/>
    <property name="sun.java.command" value="/home/runner/work/ozone/ozone/mnt/ozone/hadoop-ozone/integration-test/target/surefire/surefirebooter1257788874116758106.jar /home/runner/work/ozone/ozone/mnt/ozone/hadoop-ozone/integration-test/target/surefire 2021-06-07T00-55-14_624-jvmRun1 surefire7252744353377162298tmp surefire_33672463083707022507tmp"/>
    <property name="surefire.test.class.path" value="/home/runner/work/ozone/ozone/mnt/ozone/hadoop-ozone/integration-test/target/test-classes:/home/runner/work/ozone/ozone/mnt/ozone/hadoop-ozone/integration-test/target/classes:/home/runner/.m2/repository/org/apache/ozone/ozone-common/1.2.0-SNAPSHOT/ozone-common-1.2.0-SNAPSHOT.jar:/home/runner/.m2/repository/org/apache/commons/commons-compress/1.20/commons-compress-1.20.jar:/home/runner/.m2/repository/org/apache/ozone/hdds-common/1.2.0-SNAPSHOT/hdds-common-1.2.0-SNAPSHOT.jar:/home/runner/.m2/repository/org/apache/ozone/hdds-client/1.2.0-SNAPSHOT/hdds-client-1.2.0-SNAPSHOT.jar:/home/runner/.m2/repository/org/apache/ozone/ozone-interface-client/1.2.0-SNAPSHOT/ozone-interface-client-1.2.0-SNAPSHOT.jar:/home/runner/.m2/repository/org/apache/ozone/hdds-test-utils/1.2.0-SNAPSHOT/hdds-test-utils-1.2.0-SNAPSHOT.jar:/home/runner/.m2/repository/com/google/guava/guava/30.1.1-jre/guava-30.1.1-jre.jar:/home/runner/.m2/repository/com/google/guava/failureaccess/1.0.1/failureaccess-1.0.1.jar:/home/runner/.m2/repository/com/google/guava/listenablefuture/9999.0-empty-to-avoid-conflict-with-guava/listenablefuture-9999.0-empty-to-avoid-conflict-with-guava.jar:/home/runner/.m2/repository/com/google/code/findbugs/jsr305/3.0.0/jsr305-3.0.0.jar:/home/runner/.m2/repository/org/checkerframework/checker-qual/3.8.0/checker-qual-3.8.0.jar:/home/runner/.m2/repository/com/google/errorprone/error_prone_annotations/2.2.0/error_prone_annotations-2.2.0.jar:/home/runner/.m2/repository/com/google/j2objc/j2objc-annotations/1.3/j2objc-annotations-1.3.jar:/home/runner/.m2/repository/commons-io/commons-io/2.8.0/commons-io-2.8.0.jar:/home/runner/.m2/repository/commons-logging/commons-logging/1.2/commons-logging-1.2.jar:/home/runner/.m2/repository/log4j/log4j/1.2.17/log4j-1.2.17.jar:/home/runner/.m2/repository/org/slf4j/slf4j-api/1.7.30/slf4j-api-1.7.30.jar:/home/runner/.m2/repository/org/apache/ozone/hdds-server-scm/1.2.0-SNAPSHOT/hdds-server-scm-1.2.0-SNAPSHOT.jar:/home/runner/.m2/repository/org/apache/ozone/hdds-container-service/1.2.0-SNAPSHOT/hdds-container-service-1.2.0-SNAPSHOT.jar:/home/runner/.m2/repository/org/apache/ozone/hdds-hadoop-dependency-server/1.2.0-SNAPSHOT/hdds-hadoop-dependency-server-1.2.0-SNAPSHOT.jar:/home/runner/.m2/repository/org/apache/hadoop/hadoop-hdfs/3.2.2/hadoop-hdfs-3.2.2.jar:/home/runner/.m2/repository/org/apache/ozone/hdds-server-framework/1.2.0-SNAPSHOT/hdds-server-framework-1.2.0-SNAPSHOT.jar:/home/runner/.m2/repository/org/apache/ozone/hdds-interface-server/1.2.0-SNAPSHOT/hdds-interface-server-1.2.0-SNAPSHOT.jar:/home/runner/.m2/repository/org/eclipse/jetty/jetty-servlet/9.4.35.v20201120/jetty-servlet-9.4.35.v20201120.jar:/home/runner/.m2/repository/org/eclipse/jetty/jetty-security/9.4.35.v20201120/jetty-security-9.4.35.v20201120.jar:/home/runner/.m2/repository/org/rocksdb/rocksdbjni/6.20.3/rocksdbjni-6.20.3.jar:/home/runner/.m2/repository/io/prometheus/simpleclient_dropwizard/0.7.0/simpleclient_dropwizard-0.7.0.jar:/home/runner/.m2/repository/io/prometheus/simpleclient/0.7.0/simpleclient-0.7.0.jar:/home/runner/.m2/repository/io/prometheus/simpleclient_common/0.7.0/simpleclient_common-0.7.0.jar:/home/runner/.m2/repository/com/fasterxml/jackson/datatype/jackson-datatype-jsr310/2.12.1/jackson-datatype-jsr310-2.12.1.jar:/home/runner/.m2/repository/io/dropwizard/metrics/metrics-core/3.2.4/metrics-core-3.2.4.jar:/home/runner/.m2/repository/org/apache/hadoop/hadoop-hdfs-client/3.2.2/hadoop-hdfs-client-3.2.2.jar:/home/runner/.m2/repository/org/bouncycastle/bcprov-jdk15on/1.67/bcprov-jdk15on-1.67.jar:/home/runner/.m2/repository/com/google/protobuf/protobuf-java/2.5.0/protobuf-java-2.5.0.jar:/home/runner/.m2/repository/org/apache/ozone/ozone-manager/1.2.0-SNAPSHOT/ozone-manager-1.2.0-SNAPSHOT.jar:/home/runner/.m2/repository/org/apache/ozone/hdds-interface-client/1.2.0-SNAPSHOT/hdds-interface-client-1.2.0-SNAPSHOT.jar:/home/runner/.m2/repository/org/apache/ratis/ratis-thirdparty-misc/0.7.0-a398b19-SNAPSHOT/ratis-thirdparty-misc-0.7.0-a398b19-SNAPSHOT.jar:/home/runner/.m2/repository/org/apache/ozone/ozone-interface-storage/1.2.0-SNAPSHOT/ozone-interface-storage-1.2.0-SNAPSHOT.jar:/home/runner/.m2/repository/org/apache/hadoop/hadoop-minikdc/3.2.2/hadoop-minikdc-3.2.2.jar:/home/runner/.m2/repository/org/apache/kerby/kerb-simplekdc/1.0.1/kerb-simplekdc-1.0.1.jar:/home/runner/.m2/repository/org/apache/kerby/kerb-client/1.0.1/kerb-client-1.0.1.jar:/home/runner/.m2/repository/org/apache/kerby/kerby-config/1.0.1/kerby-config-1.0.1.jar:/home/runner/.m2/repository/org/apache/kerby/kerb-core/1.0.1/kerb-core-1.0.1.jar:/home/runner/.m2/repository/org/apache/kerby/kerby-pkix/1.0.1/kerby-pkix-1.0.1.jar:/home/runner/.m2/repository/org/apache/kerby/kerby-asn1/1.0.1/kerby-asn1-1.0.1.jar:/home/runner/.m2/repository/org/apache/kerby/kerby-util/1.0.1/kerby-util-1.0.1.jar:/home/runner/.m2/repository/org/apache/kerby/kerb-common/1.0.1/kerb-common-1.0.1.jar:/home/runner/.m2/repository/org/apache/kerby/kerb-crypto/1.0.1/kerb-crypto-1.0.1.jar:/home/runner/.m2/repository/org/apache/kerby/kerb-util/1.0.1/kerb-util-1.0.1.jar:/home/runner/.m2/repository/org/apache/kerby/token-provider/1.0.1/token-provider-1.0.1.jar:/home/runner/.m2/repository/org/apache/kerby/kerb-admin/1.0.1/kerb-admin-1.0.1.jar:/home/runner/.m2/repository/org/apache/kerby/kerb-server/1.0.1/kerb-server-1.0.1.jar:/home/runner/.m2/repository/org/apache/kerby/kerb-identity/1.0.1/kerb-identity-1.0.1.jar:/home/runner/.m2/repository/org/apache/kerby/kerby-xdr/1.0.1/kerby-xdr-1.0.1.jar:/home/runner/.m2/repository/org/slf4j/slf4j-log4j12/1.7.30/slf4j-log4j12-1.7.30.jar:/home/runner/.m2/repository/org/apache/ozone/ozone-s3gateway/1.2.0-SNAPSHOT/ozone-s3gateway-1.2.0-SNAPSHOT.jar:/home/runner/.m2/repository/org/jboss/weld/servlet/weld-servlet/2.4.7.Final/weld-servlet-2.4.7.Final.jar:/home/runner/.m2/repository/org/glassfish/jersey/containers/jersey-container-servlet-core/2.33/jersey-container-servlet-core-2.33.jar:/home/runner/.m2/repository/org/glassfish/hk2/external/jakarta.inject/2.6.1/jakarta.inject-2.6.1.jar:/home/runner/.m2/repository/org/glassfish/jersey/core/jersey-common/2.33/jersey-common-2.33.jar:/home/runner/.m2/repository/jakarta/ws/rs/jakarta.ws.rs-api/2.1.6/jakarta.ws.rs-api-2.1.6.jar:/home/runner/.m2/repository/org/glassfish/jersey/ext/cdi/jersey-cdi1x/2.33/jersey-cdi1x-2.33.jar:/home/runner/.m2/repository/org/glassfish/jersey/inject/jersey-hk2/2.33/jersey-hk2-2.33.jar:/home/runner/.m2/repository/org/glassfish/hk2/hk2-locator/2.6.1/hk2-locator-2.6.1.jar:/home/runner/.m2/repository/org/javassist/javassist/3.25.0-GA/javassist-3.25.0-GA.jar:/home/runner/.m2/repository/org/glassfish/jersey/media/jersey-media-jaxb/2.33/jersey-media-jaxb-2.33.jar:/home/runner/.m2/repository/org/glassfish/hk2/osgi-resource-locator/1.0.3/osgi-resource-locator-1.0.3.jar:/home/runner/.m2/repository/org/glassfish/hk2/hk2-api/2.5.0/hk2-api-2.5.0.jar:/home/runner/.m2/repository/org/glassfish/hk2/hk2-utils/2.5.0/hk2-utils-2.5.0.jar:/home/runner/.m2/repository/org/glassfish/hk2/external/aopalliance-repackaged/2.5.0/aopalliance-repackaged-2.5.0.jar:/home/runner/.m2/repository/com/fasterxml/jackson/dataformat/jackson-dataformat-xml/2.12.1/jackson-dataformat-xml-2.12.1.jar:/home/runner/.m2/repository/com/fasterxml/jackson/core/jackson-core/2.12.1/jackson-core-2.12.1.jar:/home/runner/.m2/repository/com/fasterxml/jackson/module/jackson-module-jaxb-annotations/2.12.1/jackson-module-jaxb-annotations-2.12.1.jar:/home/runner/.m2/repository/jakarta/xml/bind/jakarta.xml.bind-api/2.3.2/jakarta.xml.bind-api-2.3.2.jar:/home/runner/.m2/repository/jakarta/activation/jakarta.activation-api/1.2.1/jakarta.activation-api-1.2.1.jar:/home/runner/.m2/repository/org/codehaus/woodstox/stax2-api/3.1.4/stax2-api-3.1.4.jar:/home/runner/.m2/repository/com/fasterxml/woodstox/woodstox-core/5.0.3/woodstox-core-5.0.3.jar:/home/runner/.m2/repository/javax/enterprise/cdi-api/1.2/cdi-api-1.2.jar:/home/runner/.m2/repository/javax/el/javax.el-api/3.0.0/javax.el-api-3.0.0.jar:/home/runner/.m2/repository/javax/interceptor/javax.interceptor-api/1.2/javax.interceptor-api-1.2.jar:/home/runner/.m2/repository/javax/inject/javax.inject/1/javax.inject-1.jar:/home/runner/.m2/repository/javax/xml/bind/jaxb-api/2.3.0/jaxb-api-2.3.0.jar:/home/runner/.m2/repository/org/glassfish/jaxb/jaxb-runtime/2.3.0.1/jaxb-runtime-2.3.0.1.jar:/home/runner/.m2/repository/org/glassfish/jaxb/jaxb-core/2.3.0.1/jaxb-core-2.3.0.1.jar:/home/runner/.m2/repository/org/glassfish/jaxb/txw2/2.3.0.1/txw2-2.3.0.1.jar:/home/runner/.m2/repository/com/sun/istack/istack-commons-runtime/3.0.5/istack-commons-runtime-3.0.5.jar:/home/runner/.m2/repository/org/jvnet/staxex/stax-ex/1.7.8/stax-ex-1.7.8.jar:/home/runner/.m2/repository/com/sun/xml/fastinfoset/FastInfoset/1.2.13/FastInfoset-1.2.13.jar:/home/runner/.m2/repository/javax/activation/activation/1.1.1/activation-1.1.1.jar:/home/runner/.m2/repository/org/apache/ozone/ozone-csi/1.2.0-SNAPSHOT/ozone-csi-1.2.0-SNAPSHOT.jar:/home/runner/.m2/repository/com/google/protobuf/protobuf-java-util/3.12.0/protobuf-java-util-3.12.0.jar:/home/runner/.m2/repository/com/google/code/gson/gson/2.2.4/gson-2.2.4.jar:/home/runner/.m2/repository/org/apache/ozone/hdds-config/1.2.0-SNAPSHOT/hdds-config-1.2.0-SNAPSHOT.jar:/home/runner/.m2/repository/io/grpc/grpc-netty/1.33.0/grpc-netty-1.33.0.jar:/home/runner/.m2/repository/io/grpc/grpc-core/1.33.0/grpc-core-1.33.0.jar:/home/runner/.m2/repository/com/google/android/annotations/4.1.1.4/annotations-4.1.1.4.jar:/home/runner/.m2/repository/io/netty/netty-codec-http2/4.1.51.Final/netty-codec-http2-4.1.51.Final.jar:/home/runner/.m2/repository/io/netty/netty-codec-http/4.1.51.Final/netty-codec-http-4.1.51.Final.jar:/home/runner/.m2/repository/io/netty/netty-handler-proxy/4.1.51.Final/netty-handler-proxy-4.1.51.Final.jar:/home/runner/.m2/repository/io/netty/netty-codec-socks/4.1.51.Final/netty-codec-socks-4.1.51.Final.jar:/home/runner/.m2/repository/io/perfmark/perfmark-api/0.19.0/perfmark-api-0.19.0.jar:/home/runner/.m2/repository/org/codehaus/mojo/animal-sniffer-annotations/1.18/animal-sniffer-annotations-1.18.jar:/home/runner/.m2/repository/io/netty/netty-transport-native-epoll/4.1.63.Final/netty-transport-native-epoll-4.1.63.Final.jar:/home/runner/.m2/repository/io/netty/netty-common/4.1.63.Final/netty-common-4.1.63.Final.jar:/home/runner/.m2/repository/io/netty/netty-buffer/4.1.63.Final/netty-buffer-4.1.63.Final.jar:/home/runner/.m2/repository/io/netty/netty-transport-native-unix-common/4.1.63.Final/netty-transport-native-unix-common-4.1.63.Final.jar:/home/runner/.m2/repository/io/grpc/grpc-protobuf/1.33.0/grpc-protobuf-1.33.0.jar:/home/runner/.m2/repository/io/grpc/grpc-api/1.33.0/grpc-api-1.33.0.jar:/home/runner/.m2/repository/io/grpc/grpc-context/1.33.0/grpc-context-1.33.0.jar:/home/runner/.m2/repository/com/google/api/grpc/proto-google-common-protos/1.17.0/proto-google-common-protos-1.17.0.jar:/home/runner/.m2/repository/io/grpc/grpc-protobuf-lite/1.33.0/grpc-protobuf-lite-1.33.0.jar:/home/runner/.m2/repository/io/grpc/grpc-stub/1.33.0/grpc-stub-1.33.0.jar:/home/runner/.m2/repository/org/apache/ozone/ozone-recon/1.2.0-SNAPSHOT/ozone-recon-1.2.0-SNAPSHOT.jar:/home/runner/.m2/repository/org/apache/ozone/ozone-reconcodegen/1.2.0-SNAPSHOT/ozone-reconcodegen-1.2.0-SNAPSHOT.jar:/home/runner/.m2/repository/com/google/inject/extensions/guice-multibindings/4.0/guice-multibindings-4.0.jar:/home/runner/.m2/repository/com/google/inject/guice/4.0/guice-4.0.jar:/home/runner/.m2/repository/aopalliance/aopalliance/1.0/aopalliance-1.0.jar:/home/runner/.m2/repository/com/google/inject/extensions/guice-assistedinject/4.0/guice-assistedinject-4.0.jar:/home/runner/.m2/repository/com/google/inject/extensions/guice-servlet/4.0/guice-servlet-4.0.jar:/home/runner/.m2/repository/org/glassfish/jersey/containers/jersey-container-servlet/2.33/jersey-container-servlet-2.33.jar:/home/runner/.m2/repository/org/glassfish/hk2/guice-bridge/2.5.0/guice-bridge-2.5.0.jar:/home/runner/.m2/repository/org/glassfish/jersey/core/jersey-server/2.33/jersey-server-2.33.jar:/home/runner/.m2/repository/org/glassfish/jersey/core/jersey-client/2.33/jersey-client-2.33.jar:/home/runner/.m2/repository/jakarta/annotation/jakarta.annotation-api/1.3.5/jakarta.annotation-api-1.3.5.jar:/home/runner/.m2/repository/jakarta/validation/jakarta.validation-api/2.0.2/jakarta.validation-api-2.0.2.jar:/home/runner/.m2/repository/org/glassfish/jersey/media/jersey-media-json-jackson/2.33/jersey-media-json-jackson-2.33.jar:/home/runner/.m2/repository/org/glassfish/jersey/ext/jersey-entity-filtering/2.33/jersey-entity-filtering-2.33.jar:/home/runner/.m2/repository/org/jooq/jooq/3.11.10/jooq-3.11.10.jar:/home/runner/.m2/repository/org/jooq/jooq-meta/3.11.10/jooq-meta-3.11.10.jar:/home/runner/.m2/repository/org/jooq/jooq-codegen/3.11.10/jooq-codegen-3.11.10.jar:/home/runner/.m2/repository/com/jolbox/bonecp/0.8.0.RELEASE/bonecp-0.8.0.RELEASE.jar:/home/runner/.m2/repository/org/apache/derby/derby/10.14.2.0/derby-10.14.2.0.jar:/home/runner/.m2/repository/org/xerial/sqlite-jdbc/3.25.2/sqlite-jdbc-3.25.2.jar:/home/runner/.m2/repository/org/springframework/spring-jdbc/5.2.11.RELEASE/spring-jdbc-5.2.11.RELEASE.jar:/home/runner/.m2/repository/org/springframework/spring-beans/5.2.11.RELEASE/spring-beans-5.2.11.RELEASE.jar:/home/runner/.m2/repository/org/springframework/spring-core/5.2.11.RELEASE/spring-core-5.2.11.RELEASE.jar:/home/runner/.m2/repository/org/springframework/spring-jcl/5.2.11.RELEASE/spring-jcl-5.2.11.RELEASE.jar:/home/runner/.m2/repository/org/springframework/spring-tx/5.2.11.RELEASE/spring-tx-5.2.11.RELEASE.jar:/home/runner/.m2/repository/org/apache/ozone/ozone-client/1.2.0-SNAPSHOT/ozone-client-1.2.0-SNAPSHOT.jar:/home/runner/.m2/repository/org/apache/ozone/ozone-filesystem/1.2.0-SNAPSHOT/ozone-filesystem-1.2.0-SNAPSHOT.jar:/home/runner/.m2/repository/org/apache/ozone/ozone-filesystem-common/1.2.0-SNAPSHOT/ozone-filesystem-common-1.2.0-SNAPSHOT.jar:/home/runner/.m2/repository/org/apache/ozone/ozone-tools/1.2.0-SNAPSHOT/ozone-tools-1.2.0-SNAPSHOT.jar:/home/runner/.m2/repository/org/apache/ratis/ratis-tools/2.1.0-ff8aa66-SNAPSHOT/ratis-tools-2.1.0-ff8aa66-SNAPSHOT.jar:/home/runner/.m2/repository/org/apache/ratis/ratis-proto/2.1.0-ff8aa66-SNAPSHOT/ratis-proto-2.1.0-ff8aa66-SNAPSHOT.jar:/home/runner/.m2/repository/org/apache/ratis/ratis-common/2.1.0-ff8aa66-SNAPSHOT/ratis-common-2.1.0-ff8aa66-SNAPSHOT.jar:/home/runner/.m2/repository/com/amazonaws/aws-java-sdk-core/1.11.901/aws-java-sdk-core-1.11.901.jar:/home/runner/.m2/repository/org/apache/httpcomponents/httpclient/4.5.13/httpclient-4.5.13.jar:/home/runner/.m2/repository/org/apache/httpcomponents/httpcore/4.4.13/httpcore-4.4.13.jar:/home/runner/.m2/repository/software/amazon/ion/ion-java/1.0.2/ion-java-1.0.2.jar:/home/runner/.m2/repository/com/fasterxml/jackson/dataformat/jackson-dataformat-cbor/2.12.1/jackson-dataformat-cbor-2.12.1.jar:/home/runner/.m2/repository/joda-time/joda-time/2.8.1/joda-time-2.8.1.jar:/home/runner/.m2/repository/com/amazonaws/aws-java-sdk-s3/1.11.901/aws-java-sdk-s3-1.11.901.jar:/home/runner/.m2/repository/com/amazonaws/aws-java-sdk-kms/1.11.901/aws-java-sdk-kms-1.11.901.jar:/home/runner/.m2/repository/com/amazonaws/jmespath-java/1.11.901/jmespath-java-1.11.901.jar:/home/runner/.m2/repository/org/kohsuke/metainf-services/metainf-services/1.8/metainf-services-1.8.jar:/home/runner/.m2/repository/org/apache/ozone/hdds-tools/1.2.0-SNAPSHOT/hdds-tools-1.2.0-SNAPSHOT.jar:/home/runner/.m2/repository/commons-cli/commons-cli/1.2/commons-cli-1.2.jar:/home/runner/.m2/repository/org/apache/commons/commons-lang3/3.7/commons-lang3-3.7.jar:/home/runner/.m2/repository/org/apache/ozone/ozone-manager/1.2.0-SNAPSHOT/ozone-manager-1.2.0-SNAPSHOT-tests.jar:/home/runner/.m2/repository/org/apache/ozone/hdds-common/1.2.0-SNAPSHOT/hdds-common-1.2.0-SNAPSHOT-tests.jar:/home/runner/.m2/repository/org/apache/ozone/hdds-hadoop-dependency-client/1.2.0-SNAPSHOT/hdds-hadoop-dependency-client-1.2.0-SNAPSHOT.jar:/home/runner/.m2/repository/info/picocli/picocli/4.4.0/picocli-4.4.0.jar:/home/runner/.m2/repository/com/fasterxml/jackson/core/jackson-annotations/2.12.1/jackson-annotations-2.12.1.jar:/home/runner/.m2/repository/javax/annotation/javax.annotation-api/1.2/javax.annotation-api-1.2.jar:/home/runner/.m2/repository/org/apache/ratis/ratis-server/2.1.0-ff8aa66-SNAPSHOT/ratis-server-2.1.0-ff8aa66-SNAPSHOT.jar:/home/runner/.m2/repository/org/apache/ratis/ratis-client/2.1.0-ff8aa66-SNAPSHOT/ratis-client-2.1.0-ff8aa66-SNAPSHOT.jar:/home/runner/.m2/repository/org/apache/ratis/ratis-server-api/2.1.0-ff8aa66-SNAPSHOT/ratis-server-api-2.1.0-ff8aa66-SNAPSHOT.jar:/home/runner/.m2/repository/org/apache/ratis/ratis-metrics/2.1.0-ff8aa66-SNAPSHOT/ratis-metrics-2.1.0-ff8aa66-SNAPSHOT.jar:/home/runner/.m2/repository/org/apache/ratis/ratis-netty/2.1.0-ff8aa66-SNAPSHOT/ratis-netty-2.1.0-ff8aa66-SNAPSHOT.jar:/home/runner/.m2/repository/org/apache/ratis/ratis-grpc/2.1.0-ff8aa66-SNAPSHOT/ratis-grpc-2.1.0-ff8aa66-SNAPSHOT.jar:/home/runner/.m2/repository/org/apache/logging/log4j/log4j-api/2.13.3/log4j-api-2.13.3.jar:/home/runner/.m2/repository/org/apache/logging/log4j/log4j-core/2.13.3/log4j-core-2.13.3.jar:/home/runner/.m2/repository/com/lmax/disruptor/3.4.2/disruptor-3.4.2.jar:/home/runner/.m2/repository/org/apache/commons/commons-pool2/2.6.0/commons-pool2-2.6.0.jar:/home/runner/.m2/repository/org/bouncycastle/bcpkix-jdk15on/1.67/bcpkix-jdk15on-1.67.jar:/home/runner/.m2/repository/commons-validator/commons-validator/1.6/commons-validator-1.6.jar:/home/runner/.m2/repository/commons-beanutils/commons-beanutils/1.9.4/commons-beanutils-1.9.4.jar:/home/runner/.m2/repository/commons-digester/commons-digester/1.8.1/commons-digester-1.8.1.jar:/home/runner/.m2/repository/commons-collections/commons-collections/3.2.2/commons-collections-3.2.2.jar:/home/runner/.m2/repository/io/jaegertracing/jaeger-client/1.6.0/jaeger-client-1.6.0.jar:/home/runner/.m2/repository/io/jaegertracing/jaeger-thrift/1.6.0/jaeger-thrift-1.6.0.jar:/home/runner/.m2/repository/org/apache/thrift/libthrift/0.14.1/libthrift-0.14.1.jar:/home/runner/.m2/repository/com/squareup/okhttp3/okhttp/4.9.0/okhttp-4.9.0.jar:/home/runner/.m2/repository/com/squareup/okio/okio/2.8.0/okio-2.8.0.jar:/home/runner/.m2/repository/io/jaegertracing/jaeger-core/1.6.0/jaeger-core-1.6.0.jar:/home/runner/.m2/repository/io/jaegertracing/jaeger-tracerresolver/1.6.0/jaeger-tracerresolver-1.6.0.jar:/home/runner/.m2/repository/io/opentracing/contrib/opentracing-tracerresolver/0.1.8/opentracing-tracerresolver-0.1.8.jar:/home/runner/.m2/repository/org/jetbrains/kotlin/kotlin-stdlib/1.4.31/kotlin-stdlib-1.4.31.jar:/home/runner/.m2/repository/org/jetbrains/kotlin/kotlin-stdlib-common/1.4.31/kotlin-stdlib-common-1.4.31.jar:/home/runner/.m2/repository/org/jetbrains/annotations/13.0/annotations-13.0.jar:/home/runner/.m2/repository/io/opentracing/opentracing-util/0.33.0/opentracing-util-0.33.0.jar:/home/runner/.m2/repository/io/opentracing/opentracing-api/0.33.0/opentracing-api-0.33.0.jar:/home/runner/.m2/repository/io/opentracing/opentracing-noop/0.33.0/opentracing-noop-0.33.0.jar:/home/runner/.m2/repository/org/yaml/snakeyaml/1.26/snakeyaml-1.26.jar:/home/runner/.m2/repository/org/apache/ozone/hdds-interface-admin/1.2.0-SNAPSHOT/hdds-interface-admin-1.2.0-SNAPSHOT.jar:/home/runner/.m2/repository/junit/junit/4.13.1/junit-4.13.1.jar:/home/runner/.m2/repository/org/hamcrest/hamcrest-core/1.3/hamcrest-core-1.3.jar:/home/runner/.m2/repository/org/junit/jupiter/junit-jupiter-api/5.7.0/junit-jupiter-api-5.7.0.jar:/home/runner/.m2/repository/org/apiguardian/apiguardian-api/1.1.0/apiguardian-api-1.1.0.jar:/home/runner/.m2/repository/org/opentest4j/opentest4j/1.2.0/opentest4j-1.2.0.jar:/home/runner/.m2/repository/org/junit/platform/junit-platform-commons/1.7.0/junit-platform-commons-1.7.0.jar:/home/runner/.m2/repository/org/junit/jupiter/junit-jupiter-engine/5.7.0/junit-jupiter-engine-5.7.0.jar:/home/runner/.m2/repository/org/junit/platform/junit-platform-engine/1.7.0/junit-platform-engine-1.7.0.jar:/home/runner/.m2/repository/org/junit/vintage/junit-vintage-engine/5.7.0/junit-vintage-engine-5.7.0.jar:/home/runner/.m2/repository/org/junit/platform/junit-platform-launcher/1.7.0/junit-platform-launcher-1.7.0.jar:/home/runner/.m2/repository/org/openjdk/jmh/jmh-core/1.19/jmh-core-1.19.jar:/home/runner/.m2/repository/net/sf/jopt-simple/jopt-simple/4.6/jopt-simple-4.6.jar:/home/runner/.m2/repository/org/apache/commons/commons-math3/3.1.1/commons-math3-3.1.1.jar:/home/runner/.m2/repository/org/openjdk/jmh/jmh-generator-annprocess/1.19/jmh-generator-annprocess-1.19.jar:/home/runner/.m2/repository/org/mockito/mockito-all/1.8.5/mockito-all-1.8.5.jar:/home/runner/.m2/repository/org/apache/hadoop/hadoop-kms/3.2.2/hadoop-kms-3.2.2.jar:/home/runner/.m2/repository/org/apache/hadoop/hadoop-auth/3.2.2/hadoop-auth-3.2.2.jar:/home/runner/.m2/repository/com/nimbusds/nimbus-jose-jwt/7.9/nimbus-jose-jwt-7.9.jar:/home/runner/.m2/repository/com/github/stephenc/jcip/jcip-annotations/1.0-1/jcip-annotations-1.0-1.jar:/home/runner/.m2/repository/net/minidev/json-smart/2.3/json-smart-2.3.jar:/home/runner/.m2/repository/net/minidev/accessors-smart/1.2/accessors-smart-1.2.jar:/home/runner/.m2/repository/org/ow2/asm/asm/5.0.4/asm-5.0.4.jar:/home/runner/.m2/repository/org/apache/zookeeper/zookeeper/3.4.13/zookeeper-3.4.13.jar:/home/runner/.m2/repository/org/apache/yetus/audience-annotations/0.5.0/audience-annotations-0.5.0.jar:/home/runner/.m2/repository/org/apache/curator/curator-framework/2.13.0/curator-framework-2.13.0.jar:/home/runner/.m2/repository/com/sun/jersey/jersey-core/1.19/jersey-core-1.19.jar:/home/runner/.m2/repository/javax/ws/rs/jsr311-api/1.1.1/jsr311-api-1.1.1.jar:/home/runner/.m2/repository/com/sun/jersey/jersey-server/1.19/jersey-server-1.19.jar:/home/runner/.m2/repository/javax/servlet/javax.servlet-api/3.1.0/javax.servlet-api-3.1.0.jar:/home/runner/.m2/repository/org/eclipse/jetty/jetty-server/9.4.35.v20201120/jetty-server-9.4.35.v20201120.jar:/home/runner/.m2/repository/org/eclipse/jetty/jetty-http/9.4.35.v20201120/jetty-http-9.4.35.v20201120.jar:/home/runner/.m2/repository/org/eclipse/jetty/jetty-io/9.4.35.v20201120/jetty-io-9.4.35.v20201120.jar:/home/runner/.m2/repository/org/eclipse/jetty/jetty-webapp/9.4.35.v20201120/jetty-webapp-9.4.35.v20201120.jar:/home/runner/.m2/repository/org/eclipse/jetty/jetty-xml/9.4.35.v20201120/jetty-xml-9.4.35.v20201120.jar:/home/runner/.m2/repository/org/apache/hadoop/hadoop-common/3.2.2/hadoop-common-3.2.2.jar:/home/runner/.m2/repository/commons-net/commons-net/3.6/commons-net-3.6.jar:/home/runner/.m2/repository/javax/activation/javax.activation-api/1.2.0/javax.activation-api-1.2.0.jar:/home/runner/.m2/repository/com/sun/jersey/jersey-servlet/1.19/jersey-servlet-1.19.jar:/home/runner/.m2/repository/com/sun/jersey/jersey-json/1.19/jersey-json-1.19.jar:/home/runner/.m2/repository/org/codehaus/jettison/jettison/1.1/jettison-1.1.jar:/home/runner/.m2/repository/com/sun/xml/bind/jaxb-impl/2.2.3-1/jaxb-impl-2.2.3-1.jar:/home/runner/.m2/repository/org/codehaus/jackson/jackson-jaxrs/1.9.2/jackson-jaxrs-1.9.2.jar:/home/runner/.m2/repository/org/codehaus/jackson/jackson-xc/1.9.2/jackson-xc-1.9.2.jar:/home/runner/.m2/repository/org/apache/commons/commons-configuration2/2.1.1/commons-configuration2-2.1.1.jar:/home/runner/.m2/repository/org/apache/commons/commons-text/1.4/commons-text-1.4.jar:/home/runner/.m2/repository/com/google/re2j/re2j/1.1/re2j-1.1.jar:/home/runner/.m2/repository/com/jcraft/jsch/0.1.54/jsch-0.1.54.jar:/home/runner/.m2/repository/org/apache/curator/curator-client/2.13.0/curator-client-2.13.0.jar:/home/runner/.m2/repository/org/apache/curator/curator-recipes/2.13.0/curator-recipes-2.13.0.jar:/home/runner/.m2/repository/dnsjava/dnsjava/2.1.7/dnsjava-2.1.7.jar:/home/runner/.m2/repository/org/slf4j/jul-to-slf4j/1.7.30/jul-to-slf4j-1.7.30.jar:/home/runner/.m2/repository/org/eclipse/jetty/jetty-util/9.4.35.v20201120/jetty-util-9.4.35.v20201120.jar:/home/runner/.m2/repository/com/fasterxml/jackson/core/jackson-databind/2.12.1/jackson-databind-2.12.1.jar:/home/runner/.m2/repository/org/apache/hadoop/hadoop-kms/3.2.2/hadoop-kms-3.2.2-tests.jar:/home/runner/.m2/repository/org/apache/ozone/hdds-server-scm/1.2.0-SNAPSHOT/hdds-server-scm-1.2.0-SNAPSHOT-tests.jar:/home/runner/.m2/repository/org/apache/ozone/hdds-container-service/1.2.0-SNAPSHOT/hdds-container-service-1.2.0-SNAPSHOT-tests.jar:/home/runner/.m2/repository/commons-codec/commons-codec/1.11/commons-codec-1.11.jar:/home/runner/.m2/repository/io/netty/netty-transport/4.1.63.Final/netty-transport-4.1.63.Final.jar:/home/runner/.m2/repository/io/netty/netty-resolver/4.1.63.Final/netty-resolver-4.1.63.Final.jar:/home/runner/.m2/repository/io/netty/netty-codec/4.1.63.Final/netty-codec-4.1.63.Final.jar:/home/runner/.m2/repository/io/netty/netty-handler/4.1.63.Final/netty-handler-4.1.63.Final.jar:/home/runner/.m2/repository/org/apache/ozone/hdds-hadoop-dependency-test/1.2.0-SNAPSHOT/hdds-hadoop-dependency-test-1.2.0-SNAPSHOT.jar:/home/runner/.m2/repository/org/apache/hadoop/hadoop-common/3.2.2/hadoop-common-3.2.2-tests.jar:/home/runner/.m2/repository/org/apache/hadoop/hadoop-hdfs/3.2.2/hadoop-hdfs-3.2.2-tests.jar:/home/runner/.m2/repository/org/eclipse/jetty/jetty-util-ajax/9.4.35.v20201120/jetty-util-ajax-9.4.35.v20201120.jar:/home/runner/.m2/repository/commons-daemon/commons-daemon/1.0.13/commons-daemon-1.0.13.jar:/home/runner/.m2/repository/io/netty/netty/3.10.6.Final/netty-3.10.6.Final.jar:/home/runner/.m2/repository/io/netty/netty-all/4.1.63.Final/netty-all-4.1.63.Final.jar:/home/runner/.m2/repository/org/apache/htrace/htrace-core4/4.1.0-incubating/htrace-core4-4.1.0-incubating.jar:/home/runner/.m2/repository/org/fusesource/leveldbjni/leveldbjni-all/1.8/leveldbjni-all-1.8.jar:/home/runner/.m2/repository/org/apache/hadoop/hadoop-distcp/3.2.2/hadoop-distcp-3.2.2.jar:/home/runner/.m2/repository/org/apache/hadoop/hadoop-mapreduce-client-jobclient/3.2.2/hadoop-mapreduce-client-jobclient-3.2.2.jar:/home/runner/.m2/repository/org/apache/hadoop/hadoop-mapreduce-client-common/3.2.2/hadoop-mapreduce-client-common-3.2.2.jar:/home/runner/.m2/repository/org/apache/hadoop/hadoop-yarn-common/3.2.2/hadoop-yarn-common-3.2.2.jar:/home/runner/.m2/repository/org/apache/hadoop/hadoop-yarn-api/3.2.2/hadoop-yarn-api-3.2.2.jar:/home/runner/.m2/repository/com/sun/jersey/jersey-client/1.19/jersey-client-1.19.jar:/home/runner/.m2/repository/com/sun/jersey/contribs/jersey-guice/1.19/jersey-guice-1.19.jar:/home/runner/.m2/repository/com/fasterxml/jackson/jaxrs/jackson-jaxrs-json-provider/2.12.1/jackson-jaxrs-json-provider-2.12.1.jar:/home/runner/.m2/repository/com/fasterxml/jackson/jaxrs/jackson-jaxrs-base/2.12.1/jackson-jaxrs-base-2.12.1.jar:/home/runner/.m2/repository/org/apache/hadoop/hadoop-yarn-client/3.2.2/hadoop-yarn-client-3.2.2.jar:/home/runner/.m2/repository/org/apache/hadoop/hadoop-mapreduce-client-core/3.2.2/hadoop-mapreduce-client-core-3.2.2.jar:/home/runner/.m2/repository/org/apache/avro/avro/1.7.7/avro-1.7.7.jar:/home/runner/.m2/repository/org/codehaus/jackson/jackson-core-asl/1.9.13/jackson-core-asl-1.9.13.jar:/home/runner/.m2/repository/org/codehaus/jackson/jackson-mapper-asl/1.9.13/jackson-mapper-asl-1.9.13.jar:/home/runner/.m2/repository/com/thoughtworks/paranamer/paranamer/2.3/paranamer-2.3.jar:/home/runner/.m2/repository/org/xerial/snappy/snappy-java/1.0.5/snappy-java-1.0.5.jar:/home/runner/.m2/repository/org/apache/hadoop/hadoop-annotations/3.2.2/hadoop-annotations-3.2.2.jar:/usr/lib/jvm/adoptopenjdk-8-hotspot-amd64/jre/../lib/tools.jar:/home/runner/.m2/repository/org/apache/hadoop/hadoop-distcp/3.2.2/hadoop-distcp-3.2.2-tests.jar:"/>
    <property name="sun.cpu.endian" value="little"/>
    <property name="user.home" value="/home/runner"/>
    <property name="user.language" value="en"/>
    <property name="java.specification.vendor" value="Oracle Corporation"/>
    <property name="java.home" value="/usr/lib/jvm/adoptopenjdk-8-hotspot-amd64/jre"/>
    <property name="java.security.krb5.conf" value="/home/runner/work/ozone/ozone/mnt/ozone/hadoop-ozone/integration-test/target/test-classes/krb5.conf"/>
    <property name="basedir" value="/home/runner/work/ozone/ozone/mnt/ozone/hadoop-ozone/integration-test"/>
    <property name="file.separator" value="/"/>
    <property name="line.separator" value="&#10;"/>
    <property name="java.vm.specification.vendor" value="Oracle Corporation"/>
    <property name="java.specification.name" value="Java Platform API Specification"/>
    <property name="java.awt.graphicsenv" value="sun.awt.X11GraphicsEnvironment"/>
    <property name="skip.installnpx" value="true"/>
    <property name="surefire.real.class.path" value="/home/runner/work/ozone/ozone/mnt/ozone/hadoop-ozone/integration-test/target/surefire/surefirebooter1257788874116758106.jar:/home/runner/.m2/repository/org/jacoco/org.jacoco.agent/0.8.5/org.jacoco.agent-0.8.5-runtime.jar"/>
    <property name="hadoop.log.dir" value="/home/runner/work/ozone/ozone/mnt/ozone/hadoop-ozone/integration-test/target/log"/>
    <property name="sun.boot.class.path" value="/usr/lib/jvm/adoptopenjdk-8-hotspot-amd64/jre/lib/resources.jar:/usr/lib/jvm/adoptopenjdk-8-hotspot-amd64/jre/lib/rt.jar:/usr/lib/jvm/adoptopenjdk-8-hotspot-amd64/jre/lib/sunrsasign.jar:/usr/lib/jvm/adoptopenjdk-8-hotspot-amd64/jre/lib/jsse.jar:/usr/lib/jvm/adoptopenjdk-8-hotspot-amd64/jre/lib/jce.jar:/usr/lib/jvm/adoptopenjdk-8-hotspot-amd64/jre/lib/charsets.jar:/usr/lib/jvm/adoptopenjdk-8-hotspot-amd64/jre/lib/jfr.jar:/usr/lib/jvm/adoptopenjdk-8-hotspot-amd64/jre/classes"/>
    <property name="sun.management.compiler" value="HotSpot 64-Bit Tiered Compilers"/>
    <property name="skip.npx" value="true"/>
    <property name="java.runtime.version" value="1.8.0_292-b10"/>
    <property name="java.net.preferIPv4Stack" value="true"/>
    <property name="user.name" value="runner"/>
    <property name="path.separator" value=":"/>
    <property name="java.security.egd" value="file:///dev/urandom"/>
    <property name="os.version" value="5.4.0-1047-azure"/>
    <property name="java.endorsed.dirs" value="/usr/lib/jvm/adoptopenjdk-8-hotspot-amd64/jre/lib/endorsed"/>
    <property name="java.runtime.name" value="OpenJDK Runtime Environment"/>
    <property name="file.encoding" value="UTF-8"/>
    <property name="java.vm.name" value="OpenJDK 64-Bit Server VM"/>
    <property name="test.build.webapps" value=""/>
    <property name="localRepository" value="/home/runner/.m2/repository"/>
    <property name="java.vendor.url.bug" value="https://github.com/AdoptOpenJDK/openjdk-support/issues"/>
    <property name="java.io.tmpdir" value="/tmp"/>
    <property name="require.test.libhadoop" value=""/>
    <property name="java.version" value="1.8.0_292"/>
    <property name="user.dir" value="/home/runner/work/ozone/ozone/mnt/ozone/hadoop-ozone/integration-test"/>
    <property name="os.arch" value="amd64"/>
    <property name="java.vm.specification.name" value="Java Virtual Machine Specification"/>
    <property name="test.build.classes" value="/home/runner/work/ozone/ozone/mnt/ozone/hadoop-ozone/integration-test/target/test-classes"/>
    <property name="java.awt.printerjob" value="sun.print.PSPrinterJob"/>
    <property name="sun.os.patch.level" value="unknown"/>
    <property name="hadoop.tmp.dir" value="/home/runner/work/ozone/ozone/mnt/ozone/hadoop-ozone/integration-test/target/tmp"/>
    <property name="java.library.path" value="/usr/java/packages/lib/amd64:/usr/lib64:/lib64:/lib:/usr/lib"/>
    <property name="java.vm.info" value="mixed mode"/>
    <property name="java.vendor" value="AdoptOpenJDK"/>
    <property name="java.vm.version" value="25.292-b10"/>
    <property name="java.ext.dirs" value="/usr/lib/jvm/adoptopenjdk-8-hotspot-amd64/jre/lib/ext:/usr/java/packages/lib/ext"/>
    <property name="sun.io.unicode.encoding" value="UnicodeLittle"/>
    <property name="java.class.version" value="52.0"/>
  </properties>
  <testcase name="testWatchForCommitWithKeyWrite" classname="org.apache.hadoop.ozone.client.rpc.TestWatchForCommit" time="65.485"/>
  <testcase name="testWatchForCommitForRetryfailure" classname="org.apache.hadoop.ozone.client.rpc.TestWatchForCommit" time="54.279">
    <error message="org.apache.ratis.protocol.exceptions.AlreadyClosedException: SlidingWindow$Client:client-5062C4326C7D-&gt;RAFT is closed." type="java.util.concurrent.ExecutionException">java.util.concurrent.ExecutionException: org.apache.ratis.protocol.exceptions.AlreadyClosedException: SlidingWindow$Client:client-5062C4326C7D->RAFT is closed.
	at java.util.concurrent.CompletableFuture.reportGet(CompletableFuture.java:357)
	at java.util.concurrent.CompletableFuture.get(CompletableFuture.java:1908)
	at org.apache.hadoop.ozone.client.rpc.TestWatchForCommit.testWatchForCommitForRetryfailure(TestWatchForCommit.java:265)
	at sun.reflect.NativeMethodAccessorImpl.invoke0(Native Method)
	at sun.reflect.NativeMethodAccessorImpl.invoke(NativeMethodAccessorImpl.java:62)
	at sun.reflect.DelegatingMethodAccessorImpl.invoke(DelegatingMethodAccessorImpl.java:43)
	at java.lang.reflect.Method.invoke(Method.java:498)
	at org.junit.runners.model.FrameworkMethod$1.runReflectiveCall(FrameworkMethod.java:59)
	at org.junit.internal.runners.model.ReflectiveCallable.run(ReflectiveCallable.java:12)
	at org.junit.runners.model.FrameworkMethod.invokeExplosively(FrameworkMethod.java:56)
	at org.junit.internal.runners.statements.InvokeMethod.evaluate(InvokeMethod.java:17)
	at org.junit.internal.runners.statements.RunBefores.evaluate(RunBefores.java:26)
	at org.junit.internal.runners.statements.RunAfters.evaluate(RunAfters.java:27)
	at org.junit.runners.ParentRunner$3.evaluate(ParentRunner.java:306)
	at org.junit.runners.BlockJUnit4ClassRunner$1.evaluate(BlockJUnit4ClassRunner.java:100)
	at org.junit.runners.ParentRunner.runLeaf(ParentRunner.java:366)
	at org.junit.runners.BlockJUnit4ClassRunner.runChild(BlockJUnit4ClassRunner.java:103)
	at org.junit.runners.BlockJUnit4ClassRunner.runChild(BlockJUnit4ClassRunner.java:63)
	at org.junit.runners.ParentRunner$4.run(ParentRunner.java:331)
	at org.junit.runners.ParentRunner$1.schedule(ParentRunner.java:79)
	at org.junit.runners.ParentRunner.runChildren(ParentRunner.java:329)
	at org.junit.runners.ParentRunner.access$100(ParentRunner.java:66)
	at org.junit.runners.ParentRunner$2.evaluate(ParentRunner.java:293)
	at org.junit.runners.ParentRunner$3.evaluate(ParentRunner.java:306)
	at org.junit.runners.ParentRunner.run(ParentRunner.java:413)
	at org.junit.runner.JUnitCore.run(JUnitCore.java:137)
	at org.junit.runner.JUnitCore.run(JUnitCore.java:115)
	at org.junit.vintage.engine.execution.RunnerExecutor.execute(RunnerExecutor.java:43)
	at java.util.stream.ForEachOps$ForEachOp$OfRef.accept(ForEachOps.java:183)
	at java.util.stream.ReferencePipeline$3$1.accept(ReferencePipeline.java:193)
	at java.util.Iterator.forEachRemaining(Iterator.java:116)
	at java.util.Spliterators$IteratorSpliterator.forEachRemaining(Spliterators.java:1801)
	at java.util.stream.AbstractPipeline.copyInto(AbstractPipeline.java:482)
	at java.util.stream.AbstractPipeline.wrapAndCopyInto(AbstractPipeline.java:472)
	at java.util.stream.ForEachOps$ForEachOp.evaluateSequential(ForEachOps.java:150)
	at java.util.stream.ForEachOps$ForEachOp$OfRef.evaluateSequential(ForEachOps.java:173)
	at java.util.stream.AbstractPipeline.evaluate(AbstractPipeline.java:234)
	at java.util.stream.ReferencePipeline.forEach(ReferencePipeline.java:485)
	at org.junit.vintage.engine.VintageTestEngine.executeAllChildren(VintageTestEngine.java:82)
	at org.junit.vintage.engine.VintageTestEngine.execute(VintageTestEngine.java:73)
	at org.junit.platform.launcher.core.EngineExecutionOrchestrator.execute(EngineExecutionOrchestrator.java:108)
	at org.junit.platform.launcher.core.EngineExecutionOrchestrator.execute(EngineExecutionOrchestrator.java:88)
	at org.junit.platform.launcher.core.EngineExecutionOrchestrator.lambda$execute$0(EngineExecutionOrchestrator.java:54)
	at org.junit.platform.launcher.core.EngineExecutionOrchestrator.withInterceptedStreams(EngineExecutionOrchestrator.java:67)
	at org.junit.platform.launcher.core.EngineExecutionOrchestrator.execute(EngineExecutionOrchestrator.java:52)
	at org.junit.platform.launcher.core.DefaultLauncher.execute(DefaultLauncher.java:96)
	at org.junit.platform.launcher.core.DefaultLauncher.execute(DefaultLauncher.java:75)
	at org.apache.maven.surefire.junitplatform.JUnitPlatformProvider.invokeAllTests(JUnitPlatformProvider.java:142)
	at org.apache.maven.surefire.junitplatform.JUnitPlatformProvider.invoke(JUnitPlatformProvider.java:113)
	at org.apache.maven.surefire.booter.ForkedBooter.invokeProviderInSameClassLoader(ForkedBooter.java:384)
	at org.apache.maven.surefire.booter.ForkedBooter.runSuitesInProcess(ForkedBooter.java:345)
	at org.apache.maven.surefire.booter.ForkedBooter.execute(ForkedBooter.java:126)
	at org.apache.maven.surefire.booter.ForkedBooter.main(ForkedBooter.java:418)
Caused by: org.apache.ratis.protocol.exceptions.AlreadyClosedException: SlidingWindow$Client:client-5062C4326C7D->RAFT is closed.
	at org.apache.ratis.util.SlidingWindow$Client.alreadyClosed(SlidingWindow.java:378)
	at org.apache.ratis.util.SlidingWindow$Client.fail(SlidingWindow.java:366)
	at org.apache.ratis.client.impl.OrderedAsync.failAllAsyncRequests(OrderedAsync.java:148)
	at org.apache.ratis.client.impl.OrderedAsync.handleAsyncRetryFailure(OrderedAsync.java:152)
	at org.apache.ratis.client.impl.OrderedAsync.lambda$sendRequest$10(OrderedAsync.java:252)
	at java.util.concurrent.CompletableFuture.uniExceptionally(CompletableFuture.java:884)
	at java.util.concurrent.CompletableFuture$UniExceptionally.tryFire(CompletableFuture.java:866)
	at java.util.concurrent.CompletableFuture.postComplete(CompletableFuture.java:488)
	at java.util.concurrent.CompletableFuture.completeExceptionally(CompletableFuture.java:1990)
	at org.apache.ratis.grpc.client.GrpcClientProtocolClient$AsyncStreamObservers.completeReplyExceptionally(GrpcClientProtocolClient.java:388)
	at org.apache.ratis.grpc.client.GrpcClientProtocolClient$AsyncStreamObservers.access$000(GrpcClientProtocolClient.java:294)
	at org.apache.ratis.grpc.client.GrpcClientProtocolClient$AsyncStreamObservers$1.onNext(GrpcClientProtocolClient.java:308)
	at org.apache.ratis.grpc.client.GrpcClientProtocolClient$AsyncStreamObservers$1.onNext(GrpcClientProtocolClient.java:299)
	at org.apache.ratis.thirdparty.io.grpc.stub.ClientCalls$StreamObserverToCallListenerAdapter.onMessage(ClientCalls.java:465)
	at org.apache.ratis.thirdparty.io.grpc.ForwardingClientCallListener.onMessage(ForwardingClientCallListener.java:33)
	at org.apache.ratis.thirdparty.io.grpc.internal.DelayedClientCall$DelayedListener.onMessage(DelayedClientCall.java:447)
	at org.apache.ratis.thirdparty.io.grpc.internal.ClientCallImpl$ClientStreamListenerImpl$1MessagesAvailable.runInternal(ClientCallImpl.java:715)
	at org.apache.ratis.thirdparty.io.grpc.internal.ClientCallImpl$ClientStreamListenerImpl$1MessagesAvailable.runInContext(ClientCallImpl.java:700)
	at org.apache.ratis.thirdparty.io.grpc.internal.ContextRunnable.run(ContextRunnable.java:37)
	at org.apache.ratis.thirdparty.io.grpc.internal.SerializingExecutor.run(SerializingExecutor.java:123)
	at java.util.concurrent.ThreadPoolExecutor.runWorker(ThreadPoolExecutor.java:1149)
	at java.util.concurrent.ThreadPoolExecutor$Worker.run(ThreadPoolExecutor.java:624)
	at java.lang.Thread.run(Thread.java:748)
Caused by: org.apache.ratis.protocol.exceptions.RaftRetryFailureException: Failed RaftClientRequest:client-5062C4326C7D->e1c54329-0f94-4ac4-b921-c08a88020a90@group-9CDF3EC888C5, cid=50, seq=1*, Watch(0), null for 3 attempts with RequestTypeDependentRetryPolicy{WRITE->org.apache.ratis.retry.ExceptionDependentRetry@4f239d78, WATCH->org.apache.ratis.retry.ExceptionDependentRetry@1c953c1b}
	at org.apache.ratis.client.impl.RaftClientImpl.noMoreRetries(RaftClientImpl.java:254)
	... 20 more
Caused by: org.apache.ratis.protocol.exceptions.NotLeaderException: Server e1c54329-0f94-4ac4-b921-c08a88020a90@group-9CDF3EC888C5 is not the leader c2033f43-39b3-4eb3-b9b2-5a70c0c49867|rpc:10.1.0.42:40253|dataStream:|priority:1
	at org.apache.ratis.client.impl.ClientProtoUtils.toRaftClientReply(ClientProtoUtils.java:368)
	at org.apache.ratis.grpc.client.GrpcClientProtocolClient$AsyncStreamObservers$1.onNext(GrpcClientProtocolClient.java:304)
	... 11 more
</error>
    <system-out><![CDATA[2021-06-07 01:00:29,525 [Listener at 127.0.0.1/36175] WARN  server.ServerUtils (ServerUtils.java:getScmDbDir(148)) - ozone.scm.db.dirs is not configured. We recommend adding this setting. Falling back to ozone.metadata.dirs instead.
2021-06-07 01:00:29,527 [Listener at 127.0.0.1/36175] INFO  ha.SCMHANodeDetails (SCMHANodeDetails.java:loadSCMHAConfig(157)) - ServiceID for StorageContainerManager is null
2021-06-07 01:00:29,527 [Listener at 127.0.0.1/36175] INFO  ha.SCMHANodeDetails (SCMHANodeDetails.java:loadSCMHAConfig(162)) - ozone.scm.default.service.id is not defined, falling back to ozone.scm.service.ids to find serviceID for StorageContainerManager if it is HA enabled cluster
2021-06-07 01:00:29,528 [Listener at 127.0.0.1/36175] WARN  server.ServerUtils (ServerUtils.java:getScmDbDir(148)) - ozone.scm.db.dirs is not configured. We recommend adding this setting. Falling back to ozone.metadata.dirs instead.
2021-06-07 01:00:29,528 [Listener at 127.0.0.1/36175] WARN  utils.HAUtils (HAUtils.java:getMetaDir(342)) - ozone.scm.db.dirs is not configured. We recommend adding this setting. Falling back to ozone.metadata.dirs instead.
2021-06-07 01:00:29,529 [Listener at 127.0.0.1/36175] WARN  db.DBStoreBuilder (DBStoreBuilder.java:applyDBDefinition(145)) - ozone.scm.db.dirs is not configured. We recommend adding this setting. Falling back to ozone.metadata.dirs instead.
2021-06-07 01:00:29,592 [Listener at 127.0.0.1/36175] INFO  net.NodeSchemaLoader (NodeSchemaLoader.java:loadSchemaFromFile(129)) - Loading schema from [jar:file:/home/runner/.m2/repository/org/apache/ozone/hdds-common/1.2.0-SNAPSHOT/hdds-common-1.2.0-SNAPSHOT.jar!/network-topology-default.xml]
2021-06-07 01:00:29,592 [Listener at 127.0.0.1/36175] INFO  net.NodeSchemaLoader (NodeSchemaLoader.java:loadSchema(176)) - Loading network topology layer schema file
2021-06-07 01:00:29,594 [Listener at 127.0.0.1/36175] INFO  ha.SequenceIdGenerator (SequenceIdGenerator.java:upgradeToSequenceId(327)) - upgrade localId to 107544261427200000
2021-06-07 01:00:29,594 [Listener at 127.0.0.1/36175] INFO  ha.SequenceIdGenerator (SequenceIdGenerator.java:upgradeToSequenceId(337)) - upgrade delTxnId to 0
2021-06-07 01:00:29,594 [Listener at 127.0.0.1/36175] INFO  ha.SequenceIdGenerator (SequenceIdGenerator.java:upgradeToSequenceId(351)) - upgrade containerId to 0
2021-06-07 01:00:29,595 [Listener at 127.0.0.1/36175] INFO  ha.SequenceIdGenerator (SequenceIdGenerator.java:<init>(217)) - Init the HA SequenceIdGenerator.
2021-06-07 01:00:29,599 [Listener at 127.0.0.1/36175] INFO  node.SCMNodeManager (SCMNodeManager.java:<init>(125)) - Entering startup safe mode.
2021-06-07 01:00:29,600 [Listener at 127.0.0.1/36175] INFO  algorithms.ContainerPlacementPolicyFactory (ContainerPlacementPolicyFactory.java:getPolicy(60)) - Create container placement policy of type org.apache.hadoop.hdds.scm.container.placement.algorithms.SCMContainerPlacementRandom
2021-06-07 01:00:29,600 [Listener at 127.0.0.1/36175] INFO  pipeline.PipelineStateManager (PipelineStateManagerV2Impl.java:initialize(78)) - No pipeline exists in current db
2021-06-07 01:00:29,600 [Listener at 127.0.0.1/36175] INFO  algorithms.LeaderChoosePolicyFactory (LeaderChoosePolicyFactory.java:getPolicy(57)) - Create leader choose policy of type org.apache.hadoop.hdds.scm.pipeline.leader.choose.algorithms.MinLeaderCountChoosePolicy
2021-06-07 01:00:29,600 [Listener at 127.0.0.1/36175] INFO  ha.SCMServiceManager (SCMServiceManager.java:register(43)) - Registering service BackgroundPipelineCreator.
2021-06-07 01:00:29,600 [Listener at 127.0.0.1/36175] INFO  pipeline.BackgroundPipelineCreator (BackgroundPipelineCreatorV2.java:start(130)) - Starting RatisPipelineUtilsThread.
2021-06-07 01:00:29,601 [Listener at 127.0.0.1/36175] INFO  algorithms.PipelineChoosePolicyFactory (PipelineChoosePolicyFactory.java:createPipelineChoosePolicyFromClass(73)) - Create pipeline choose policy of type org.apache.hadoop.hdds.scm.pipeline.choose.algorithms.RandomPipelineChoosePolicy
2021-06-07 01:00:29,602 [Listener at 127.0.0.1/36175] INFO  ha.SCMServiceManager (SCMServiceManager.java:register(43)) - Registering service SCMBlockDeletingService.
2021-06-07 01:00:29,602 [Listener at 127.0.0.1/36175] INFO  ha.SCMServiceManager (SCMServiceManager.java:register(43)) - Registering service ReplicationManager.
2021-06-07 01:00:29,604 [Listener at 127.0.0.1/36175] INFO  container.ReplicationManager (ReplicationManager.java:start(227)) - Starting Replication Monitor Thread.
2021-06-07 01:00:29,605 [Listener at 127.0.0.1/36175] INFO  safemode.HealthyPipelineSafeModeRule (HealthyPipelineSafeModeRule.java:<init>(90)) - Total pipeline count is 0, healthy pipeline threshold count is 0
2021-06-07 01:00:29,605 [Listener at 127.0.0.1/36175] INFO  safemode.OneReplicaPipelineSafeModeRule (OneReplicaPipelineSafeModeRule.java:<init>(86)) - Total pipeline count is 0, pipeline's with at least one datanode reported threshold count is 0
2021-06-07 01:00:29,607 [Listener at 127.0.0.1/36175] INFO  ipc.CallQueueManager (CallQueueManager.java:<init>(85)) - Using callQueue: class java.util.concurrent.LinkedBlockingQueue, queueCapacity: 2000, scheduler: class org.apache.hadoop.ipc.DefaultRpcScheduler, ipcBackoff: false.
2021-06-07 01:00:29,607 [ReplicationMonitor] INFO  container.ReplicationManager (ReplicationManager.java:run(291)) - Replication Monitor Thread took 0 milliseconds for processing 0 containers.
2021-06-07 01:00:29,610 [Socket Reader #1 for port 0] INFO  ipc.Server (Server.java:run(1255)) - Starting Socket Reader #1 for port 0
2021-06-07 01:00:29,610 [Listener at 0.0.0.0/41785] INFO  ipc.CallQueueManager (CallQueueManager.java:<init>(85)) - Using callQueue: class java.util.concurrent.LinkedBlockingQueue, queueCapacity: 2000, scheduler: class org.apache.hadoop.ipc.DefaultRpcScheduler, ipcBackoff: false.
2021-06-07 01:00:29,611 [Socket Reader #1 for port 0] INFO  ipc.Server (Server.java:run(1255)) - Starting Socket Reader #1 for port 0
2021-06-07 01:00:29,612 [Listener at 0.0.0.0/38801] INFO  ipc.CallQueueManager (CallQueueManager.java:<init>(85)) - Using callQueue: class java.util.concurrent.LinkedBlockingQueue, queueCapacity: 2000, scheduler: class org.apache.hadoop.ipc.DefaultRpcScheduler, ipcBackoff: false.
2021-06-07 01:00:29,612 [Socket Reader #1 for port 0] INFO  ipc.Server (Server.java:run(1255)) - Starting Socket Reader #1 for port 0
2021-06-07 01:00:29,613 [Listener at 0.0.0.0/37511] INFO  server.StorageContainerManager (StorageContainerManager.java:<init>(420)) - 
Container Balancer status:
Key                            Value
Running                        true
Container Balancer Configuration values:
Key                            Value
Threshold                      0.1
Max Datanodes to Balance       5
Max Size to Move               10737418240B

2021-06-07 01:00:29,613 [Listener at 0.0.0.0/37511] WARN  events.EventQueue (EventQueue.java:fireEvent(185)) - No event handler registered for event TypedEvent{payloadType=SafeModeStatus, name='Safe mode status'}
2021-06-07 01:00:29,613 [Listener at 0.0.0.0/37511] INFO  ha.SCMContext (SCMContext.java:updateSafeModeStatus(148)) - Update SafeModeStatus from SafeModeStatus{safeModeStatus=true, preCheckPassed=false} to SafeModeStatus{safeModeStatus=true, preCheckPassed=false}.
2021-06-07 01:00:29,614 [Listener at 0.0.0.0/37511] INFO  server.StorageContainerManager (StorageContainerManager.java:start(1208)) - StorageContainerLocationProtocol RPC server is listening at /0.0.0.0:37511
2021-06-07 01:00:29,615 [Listener at 0.0.0.0/37511] WARN  impl.MetricsConfig (MetricsConfig.java:loadFirst(136)) - Cannot locate configuration: tried hadoop-metrics2-storagecontainermanager.properties,hadoop-metrics2.properties
2021-06-07 01:00:29,616 [Listener at 0.0.0.0/37511] INFO  impl.MetricsSystemImpl (MetricsSystemImpl.java:startTimer(378)) - Scheduled Metric snapshot period at 10 second(s).
2021-06-07 01:00:29,616 [Listener at 0.0.0.0/37511] INFO  impl.MetricsSystemImpl (MetricsSystemImpl.java:start(191)) - StorageContainerManager metrics system started
2021-06-07 01:00:29,646 [Listener at 0.0.0.0/37511] INFO  impl.MetricsSinkAdapter (MetricsSinkAdapter.java:start(204)) - Sink prometheus started
2021-06-07 01:00:29,650 [Listener at 0.0.0.0/37511] INFO  impl.MetricsSystemImpl (MetricsSystemImpl.java:registerSink(305)) - Registered sink prometheus
2021-06-07 01:00:29,654 [Listener at 0.0.0.0/37511] INFO  server.SCMClientProtocolServer (SCMClientProtocolServer.java:start(157)) - RPC server for Client  is listening at /0.0.0.0:37511
2021-06-07 01:00:29,654 [IPC Server Responder] INFO  ipc.Server (Server.java:run(1497)) - IPC Server Responder: starting
2021-06-07 01:00:29,655 [IPC Server listener on 0] INFO  ipc.Server (Server.java:run(1334)) - IPC Server listener on 0: starting
2021-06-07 01:00:29,660 [Listener at 0.0.0.0/37511] INFO  server.StorageContainerManager (StorageContainerManager.java:start(1223)) - ScmBlockLocationProtocol RPC server is listening at /0.0.0.0:38801
2021-06-07 01:00:29,661 [Listener at 0.0.0.0/37511] INFO  server.SCMBlockProtocolServer (SCMBlockProtocolServer.java:start(149)) - RPC server for Block Protocol is listening at /0.0.0.0:38801
2021-06-07 01:00:29,661 [IPC Server Responder] INFO  ipc.Server (Server.java:run(1497)) - IPC Server Responder: starting
2021-06-07 01:00:29,662 [IPC Server listener on 0] INFO  ipc.Server (Server.java:run(1334)) - IPC Server listener on 0: starting
2021-06-07 01:00:29,675 [Listener at 0.0.0.0/37511] INFO  server.StorageContainerManager (StorageContainerManager.java:start(1229)) - ScmDatanodeProtocl RPC server is listening at /0.0.0.0:41785
2021-06-07 01:00:29,675 [Listener at 0.0.0.0/37511] INFO  server.SCMDatanodeProtocolServer (SCMDatanodeProtocolServer.java:start(174)) - RPC server for DataNodes is listening at /0.0.0.0:41785
2021-06-07 01:00:29,676 [IPC Server Responder] INFO  ipc.Server (Server.java:run(1497)) - IPC Server Responder: starting
2021-06-07 01:00:29,678 [IPC Server listener on 0] INFO  ipc.Server (Server.java:run(1334)) - IPC Server listener on 0: starting
2021-06-07 01:00:29,688 [org.apache.hadoop.util.JvmPauseMonitor$Monitor@704588fc] INFO  util.JvmPauseMonitor (JvmPauseMonitor.java:run(188)) - Starting JVM pause monitor
2021-06-07 01:00:29,688 [Listener at 0.0.0.0/37511] INFO  http.BaseHttpServer (BaseHttpServer.java:newHttpServer2BuilderForOzone(209)) - Starting Web-server for scm at: http://0.0.0.0:0
2021-06-07 01:00:29,689 [Listener at 0.0.0.0/37511] INFO  http.BaseHttpServer (BaseHttpServer.java:<init>(107)) - Hadoop Security Enabled: false Ozone Security Enabled: false Ozone HTTP Security Enabled: false 
2021-06-07 01:00:29,690 [Listener at 0.0.0.0/37511] INFO  server.AuthenticationFilter (AuthenticationFilter.java:constructSecretProvider(240)) - Unable to initialize FileSignerSecretProvider, falling back to use random secrets.
2021-06-07 01:00:29,690 [Listener at 0.0.0.0/37511] WARN  http.HttpRequestLog (HttpRequestLog.java:getRequestLog(103)) - Jetty request log can only be enabled using Log4j
2021-06-07 01:00:29,691 [Listener at 0.0.0.0/37511] INFO  http.HttpServer2 (HttpServer2.java:addGlobalFilter(1020)) - Added global filter 'safety' (class=org.apache.hadoop.hdds.server.http.HttpServer2$QuotingInputFilter)
2021-06-07 01:00:29,692 [Listener at 0.0.0.0/37511] INFO  http.HttpServer2 (HttpServer2.java:addFilter(996)) - Added filter static_user_filter (class=org.apache.hadoop.http.lib.StaticUserWebFilter$StaticUserFilter) to context scm
2021-06-07 01:00:29,692 [Listener at 0.0.0.0/37511] INFO  http.HttpServer2 (HttpServer2.java:addFilter(1004)) - Added filter static_user_filter (class=org.apache.hadoop.http.lib.StaticUserWebFilter$StaticUserFilter) to context static
2021-06-07 01:00:29,692 [Listener at 0.0.0.0/37511] INFO  http.HttpServer2 (HttpServer2.java:addFilter(1004)) - Added filter static_user_filter (class=org.apache.hadoop.http.lib.StaticUserWebFilter$StaticUserFilter) to context logs
2021-06-07 01:00:29,692 [Listener at 0.0.0.0/37511] INFO  http.HttpServer2 (HttpServer2.java:bindListener(1238)) - Jetty bound to port 39831
2021-06-07 01:00:29,692 [Listener at 0.0.0.0/37511] INFO  server.Server (Server.java:doStart(375)) - jetty-9.4.35.v20201120; built: 2020-11-20T21:17:03.964Z; git: bdc54f03a5e0a7e280fab27f55c3c75ee8da89fb; jvm 1.8.0_292-b10
2021-06-07 01:00:29,693 [Listener at 0.0.0.0/37511] INFO  server.session (DefaultSessionIdManager.java:doStart(334)) - DefaultSessionIdManager workerName=node0
2021-06-07 01:00:29,693 [Listener at 0.0.0.0/37511] INFO  server.session (DefaultSessionIdManager.java:doStart(339)) - No SessionScavenger set, using defaults
2021-06-07 01:00:29,694 [Listener at 0.0.0.0/37511] INFO  server.session (HouseKeeper.java:startScavenging(132)) - node0 Scavenging every 660000ms
2021-06-07 01:00:29,694 [Listener at 0.0.0.0/37511] INFO  handler.ContextHandler (ContextHandler.java:doStart(916)) - Started o.e.j.s.ServletContextHandler@61e1ecd5{logs,/logs,file:///home/runner/work/ozone/ozone/mnt/ozone/hadoop-ozone/integration-test/target/log,AVAILABLE}
2021-06-07 01:00:29,695 [Listener at 0.0.0.0/37511] INFO  handler.ContextHandler (ContextHandler.java:doStart(916)) - Started o.e.j.s.ServletContextHandler@45adac0e{static,/static,file:///home/runner/work/ozone/ozone/mnt/ozone/hadoop-ozone/integration-test/target/test-classes/webapps/static,AVAILABLE}
2021-06-07 01:00:29,697 [Listener at 0.0.0.0/37511] INFO  handler.ContextHandler (ContextHandler.java:doStart(916)) - Started o.e.j.w.WebAppContext@6797120c{scm,/,file:///home/runner/work/ozone/ozone/mnt/ozone/hadoop-ozone/integration-test/target/test-classes/webapps/scm/,AVAILABLE}{file:/home/runner/work/ozone/ozone/mnt/ozone/hadoop-ozone/integration-test/target/test-classes/webapps/scm}
2021-06-07 01:00:29,699 [Listener at 0.0.0.0/37511] INFO  server.AbstractConnector (AbstractConnector.java:doStart(331)) - Started ServerConnector@4ff95435{HTTP/1.1, (http/1.1)}{0.0.0.0:39831}
2021-06-07 01:00:29,700 [Listener at 0.0.0.0/37511] INFO  server.Server (Server.java:doStart(415)) - Started @66585ms
2021-06-07 01:00:29,700 [Listener at 0.0.0.0/37511] WARN  impl.MetricsSystemImpl (MetricsSystemImpl.java:register(279)) - Sink prometheus already exists!
2021-06-07 01:00:29,700 [Listener at 0.0.0.0/37511] INFO  http.BaseHttpServer (BaseHttpServer.java:updateConnectorAddress(329)) - HTTP server of scm listening at http://0.0.0.0:39831
2021-06-07 01:00:29,700 [Listener at 0.0.0.0/37511] WARN  server.ServerUtils (ServerUtils.java:getDBPath(225)) - ozone.om.db.dirs is not configured. We recommend adding this setting. Falling back to ozone.metadata.dirs instead.
2021-06-07 01:00:29,702 [Listener at 0.0.0.0/37511] INFO  ha.OMHANodeDetails (OMHANodeDetails.java:loadOMHAConfig(105)) - ozone.om.internal.service.id is not defined, falling back to ozone.om.service.ids to find serviceID for OzoneManager if it is HA enabled cluster
2021-06-07 01:00:29,702 [Listener at 0.0.0.0/37511] INFO  ha.OMHANodeDetails (OMHANodeDetails.java:loadOMHAConfig(212)) - Configuration does not have ozone.om.address set. Falling back to the default OM address /127.0.0.1:0
2021-06-07 01:00:29,702 [Listener at 0.0.0.0/37511] INFO  ha.OMHANodeDetails (OMHANodeDetails.java:getOMNodeDetails(240)) - OM Service ID is not set. Setting it to the default ID: omServiceIdDefault
2021-06-07 01:00:29,702 [Listener at 0.0.0.0/37511] INFO  ha.OMHANodeDetails (OMHANodeDetails.java:getOMNodeDetails(247)) - OM Node ID is not set. Setting it to the default ID: om1
2021-06-07 01:00:29,702 [Listener at 0.0.0.0/37511] WARN  server.ServerUtils (ServerUtils.java:getDBPath(225)) - ozone.om.db.dirs is not configured. We recommend adding this setting. Falling back to ozone.metadata.dirs instead.
2021-06-07 01:00:29,702 [Listener at 0.0.0.0/37511] WARN  server.ServerUtils (ServerUtils.java:getDBPath(225)) - ozone.om.db.dirs is not configured. We recommend adding this setting. Falling back to ozone.metadata.dirs instead.
2021-06-07 01:00:29,710 [Listener at 0.0.0.0/37511] WARN  server.ServerUtils (ServerUtils.java:getDBPath(225)) - ozone.om.db.dirs is not configured. We recommend adding this setting. Falling back to ozone.metadata.dirs instead.
2021-06-07 01:00:29,711 [Listener at 0.0.0.0/37511] INFO  codec.OmKeyInfoCodec (OmKeyInfoCodec.java:<init>(43)) - OmKeyInfoCodec ignorePipeline = true
2021-06-07 01:00:29,711 [Listener at 0.0.0.0/37511] INFO  codec.RepeatedOmKeyInfoCodec (RepeatedOmKeyInfoCodec.java:<init>(42)) - RepeatedOmKeyInfoCodec ignorePipeline = true
2021-06-07 01:00:29,777 [Listener at 0.0.0.0/37511] INFO  om.OzoneManager (OzoneManager.java:addS3GVolumeToDB(3765)) - Created Volume s3v With Owner runner required for S3Gateway operations.
2021-06-07 01:00:29,777 [Listener at 0.0.0.0/37511] WARN  server.ServerUtils (ServerUtils.java:getDefaultRatisDirectory(237)) - Storage directory for Ratis is not configured. It is a good idea to map this to an SSD disk. Falling back to ozone.metadata.dirs
2021-06-07 01:00:29,777 [Listener at 0.0.0.0/37511] WARN  ratis.OzoneManagerRatisServer (OzoneManagerRatisServer.java:getOMRatisSnapshotDirectory(634)) - ozone.om.ratis.snapshot.dir is not configured. Falling back to ozone.metadata.dirs config
2021-06-07 01:00:29,777 [Listener at 0.0.0.0/37511] WARN  server.ServerUtils (ServerUtils.java:getDefaultRatisDirectory(237)) - Storage directory for Ratis is not configured. It is a good idea to map this to an SSD disk. Falling back to ozone.metadata.dirs
2021-06-07 01:00:29,778 [Listener at 0.0.0.0/37511] INFO  ratis.OzoneManagerRatisServer (OzoneManagerRatisServer.java:<init>(288)) - Instantiating OM Ratis server with GroupID: omServiceIdDefault and Raft Peers: localhost:9872
2021-06-07 01:00:29,778 [Listener at 0.0.0.0/37511] INFO  ratis.OzoneManagerStateMachine (OzoneManagerStateMachine.java:loadSnapshotInfoFromDB(520)) - LastAppliedIndex is set from TransactionInfo from OM DB as (t:0, i:~)
2021-06-07 01:00:29,780 [Listener at 0.0.0.0/37511] INFO  server.RaftServer (ConfUtils.java:logGet(44)) - raft.rpc.type = GRPC (default)
2021-06-07 01:00:29,780 [Listener at 0.0.0.0/37511] INFO  grpc.GrpcFactory (GrpcFactory.java:checkPooledByteBufAllocatorUseCacheForAllThreads(48)) - PERFORMANCE WARNING: useCacheForAllThreads is true that may cause Netty to create a lot garbage objects and, as a result, trigger GC.
	It is recommended to disable useCacheForAllThreads by setting -Dorg.apache.ratis.thirdparty.io.netty.allocator.useCacheForAllThreads=false in command line.
2021-06-07 01:00:29,781 [Listener at 0.0.0.0/37511] INFO  grpc.GrpcConfigKeys (ConfUtils.java:logGet(44)) - raft.grpc.admin.port = -1 (default)
2021-06-07 01:00:29,781 [Listener at 0.0.0.0/37511] INFO  grpc.GrpcConfigKeys (ConfUtils.java:logGet(44)) - raft.grpc.server.port = 9872 (custom)
2021-06-07 01:00:29,781 [Listener at 0.0.0.0/37511] INFO  grpc.GrpcConfigKeys (ConfUtils.java:logGet(44)) - raft.grpc.client.port = -1 (default)
2021-06-07 01:00:29,781 [Listener at 0.0.0.0/37511] INFO  grpc.GrpcConfigKeys (ConfUtils.java:logGet(44)) - raft.grpc.server.port = 9872 (custom)
2021-06-07 01:00:29,781 [Listener at 0.0.0.0/37511] INFO  grpc.GrpcConfigKeys (ConfUtils.java:logGet(44)) - raft.grpc.server.port = 9872 (custom)
2021-06-07 01:00:29,781 [Listener at 0.0.0.0/37511] INFO  server.GrpcService (ConfUtils.java:logGet(44)) - raft.grpc.message.size.max = 33554432 (custom)
2021-06-07 01:00:29,781 [Listener at 0.0.0.0/37511] INFO  server.RaftServerConfigKeys (ConfUtils.java:logGet(44)) - raft.server.log.appender.buffer.byte-limit = 33554432 (custom)
2021-06-07 01:00:29,781 [Listener at 0.0.0.0/37511] INFO  server.GrpcService (ConfUtils.java:logGet(44)) - raft.grpc.flow.control.window = 1MB (=1048576) (default)
2021-06-07 01:00:29,782 [Listener at 0.0.0.0/37511] INFO  server.RaftServerConfigKeys (ConfUtils.java:logGet(44)) - raft.server.rpc.request.timeout = 3000ms (default)
2021-06-07 01:00:29,783 [Listener at 0.0.0.0/37511] INFO  impl.DataStreamServerImpl (ConfUtils.java:logGet(44)) - raft.datastream.type = DISABLED (default)
2021-06-07 01:00:29,783 [Listener at 0.0.0.0/37511] INFO  server.RaftServerConfigKeys (ConfUtils.java:logGet(44)) - raft.server.rpc.slowness.timeout = 120s (custom)
2021-06-07 01:00:29,783 [Listener at 0.0.0.0/37511] INFO  server.RaftServerConfigKeys (ConfUtils.java:logGet(44)) - raft.server.leaderelection.leader.step-down.wait-time = 10s (default)
2021-06-07 01:00:29,783 [Listener at 0.0.0.0/37511] INFO  server.RaftServerConfigKeys (ConfUtils.java:logGet(44)) - raft.server.storage.dir = [/home/runner/work/ozone/ozone/mnt/ozone/hadoop-ozone/integration-test/target/test-dir/MiniOzoneClusterImpl-4d691a8a-0502-4280-8005-09cceedbb589/ozone-meta/ratis] (custom)
2021-06-07 01:00:29,783 [Listener at 0.0.0.0/37511] INFO  server.RaftServer (RaftServerProxy.java:addNew(95)) - om1: addNew group-C5BA1605619E:[om1|rpc:localhost:9872|priority:0] returns group-C5BA1605619E:java.util.concurrent.CompletableFuture@474d2700[Not completed]
2021-06-07 01:00:29,783 [Listener at 0.0.0.0/37511] INFO  om.OzoneManager (OzoneManager.java:initializeRatisServer(1294)) - OzoneManager Ratis server initialized at port 9872
2021-06-07 01:00:29,784 [pool-254-thread-1] INFO  server.RaftServer$Division (RaftServerImpl.java:<init>(180)) - om1: new RaftServerImpl for group-C5BA1605619E:[om1|rpc:localhost:9872|priority:0] with OzoneManagerStateMachine:uninitialized
2021-06-07 01:00:29,789 [Listener at 0.0.0.0/37511] INFO  ipc.CallQueueManager (CallQueueManager.java:<init>(85)) - Using callQueue: class java.util.concurrent.LinkedBlockingQueue, queueCapacity: 2000, scheduler: class org.apache.hadoop.ipc.DefaultRpcScheduler, ipcBackoff: false.
2021-06-07 01:00:29,789 [pool-254-thread-1] INFO  server.RaftServerConfigKeys (ConfUtils.java:logGet(44)) - raft.server.rpc.timeout.min = 1s (custom)
2021-06-07 01:00:29,789 [Socket Reader #1 for port 0] INFO  ipc.Server (Server.java:run(1255)) - Starting Socket Reader #1 for port 0
2021-06-07 01:00:29,789 [pool-254-thread-1] INFO  server.RaftServerConfigKeys (ConfUtils.java:logGet(44)) - raft.server.rpc.timeout.max = 1200ms (custom)
2021-06-07 01:00:29,798 [pool-254-thread-1] INFO  server.RaftServerConfigKeys (ConfUtils.java:logGet(44)) - raft.server.rpc.sleep.time = 25ms (default)
2021-06-07 01:00:29,798 [pool-254-thread-1] INFO  server.RaftServerConfigKeys (ConfUtils.java:logGet(44)) - raft.server.rpc.slowness.timeout = 120s (custom)
2021-06-07 01:00:29,798 [pool-254-thread-1] INFO  server.RaftServerConfigKeys (ConfUtils.java:logGet(44)) - raft.server.leaderelection.leader.step-down.wait-time = 10s (default)
2021-06-07 01:00:29,798 [pool-254-thread-1] INFO  server.RaftServerConfigKeys (ConfUtils.java:logGet(44)) - raft.server.sleep.deviation.threshold = 300ms (default)
2021-06-07 01:00:29,798 [pool-254-thread-1] INFO  server.RaftServerConfigKeys (ConfUtils.java:logGet(44)) - raft.server.log.appender.install.snapshot.enabled = false (custom)
2021-06-07 01:00:29,798 [pool-254-thread-1] INFO  server.RaftServer$Division (ServerState.java:<init>(105)) - om1@group-C5BA1605619E: ConfigurationManager, init=-1: [om1|rpc:localhost:9872|priority:0], old=null, confs=<EMPTY_MAP>
2021-06-07 01:00:29,798 [pool-254-thread-1] INFO  server.RaftServerConfigKeys (ConfUtils.java:logGet(44)) - raft.server.storage.dir = [/home/runner/work/ozone/ozone/mnt/ozone/hadoop-ozone/integration-test/target/test-dir/MiniOzoneClusterImpl-4d691a8a-0502-4280-8005-09cceedbb589/ozone-meta/ratis] (custom)
2021-06-07 01:00:29,798 [pool-254-thread-1] INFO  server.RaftServerConfigKeys (ConfUtils.java:logGet(44)) - raft.server.log.corruption.policy = EXCEPTION (default)
2021-06-07 01:00:29,798 [pool-254-thread-1] INFO  storage.RaftStorageDirectory (RaftStorageDirectoryImpl.java:analyzeStorage(132)) - The storage directory /home/runner/work/ozone/ozone/mnt/ozone/hadoop-ozone/integration-test/target/test-dir/MiniOzoneClusterImpl-4d691a8a-0502-4280-8005-09cceedbb589/ozone-meta/ratis/bf265839-605b-3f16-9796-c5ba1605619e does not exist. Creating ...
2021-06-07 01:00:29,800 [pool-254-thread-1] INFO  storage.RaftStorageDirectory (RaftStorageDirectoryImpl.java:tryLock(215)) - Lock on /home/runner/work/ozone/ozone/mnt/ozone/hadoop-ozone/integration-test/target/test-dir/MiniOzoneClusterImpl-4d691a8a-0502-4280-8005-09cceedbb589/ozone-meta/ratis/bf265839-605b-3f16-9796-c5ba1605619e/in_use.lock acquired by nodename 8828@fv-az291-903
2021-06-07 01:00:29,801 [pool-254-thread-1] INFO  storage.RaftStorage (RaftStorageImpl.java:format(87)) - Storage directory /home/runner/work/ozone/ozone/mnt/ozone/hadoop-ozone/integration-test/target/test-dir/MiniOzoneClusterImpl-4d691a8a-0502-4280-8005-09cceedbb589/ozone-meta/ratis/bf265839-605b-3f16-9796-c5ba1605619e has been successfully formatted.
2021-06-07 01:00:29,801 [pool-254-thread-1] INFO  server.RaftServerConfigKeys (ConfUtils.java:logGet(44)) - raft.server.notification.no-leader.timeout = 120s (custom)
2021-06-07 01:00:29,801 [pool-254-thread-1] INFO  server.RaftServerConfigKeys (ConfUtils.java:logGet(44)) - raft.server.log.use.memory = false (default)
2021-06-07 01:00:29,801 [pool-254-thread-1] INFO  server.RaftServerConfigKeys (ConfUtils.java:logGet(44)) - raft.server.log.purge.gap = 1000000 (custom)
2021-06-07 01:00:29,802 [pool-254-thread-1] INFO  server.RaftServerConfigKeys (ConfUtils.java:logGet(44)) - raft.server.log.appender.buffer.byte-limit = 33554432 (custom)
2021-06-07 01:00:29,802 [pool-254-thread-1] INFO  metrics.RatisMetrics (RatisMetrics.java:lambda$create$0(36)) - Creating Metrics Registry : ratis.log_worker.om1@group-C5BA1605619E
2021-06-07 01:00:29,802 [pool-254-thread-1] INFO  server.RaftServerConfigKeys (ConfUtils.java:logGet(44)) - raft.server.log.segment.size.max = 4194304 (custom)
2021-06-07 01:00:29,802 [pool-254-thread-1] INFO  server.RaftServerConfigKeys (ConfUtils.java:logGet(44)) - raft.server.log.segment.cache.num.max = 2 (custom)
2021-06-07 01:00:29,802 [pool-254-thread-1] INFO  server.RaftServerConfigKeys (ConfUtils.java:logGet(44)) - raft.server.log.segment.cache.size.max = 200MB (=209715200) (default)
2021-06-07 01:00:29,802 [pool-254-thread-1] INFO  segmented.SegmentedRaftLogWorker (SegmentedRaftLogWorker.java:<init>(182)) - new om1@group-C5BA1605619E-SegmentedRaftLogWorker for RaftStorageImpl:Storage Directory /home/runner/work/ozone/ozone/mnt/ozone/hadoop-ozone/integration-test/target/test-dir/MiniOzoneClusterImpl-4d691a8a-0502-4280-8005-09cceedbb589/ozone-meta/ratis/bf265839-605b-3f16-9796-c5ba1605619e
2021-06-07 01:00:29,802 [pool-254-thread-1] INFO  server.RaftServerConfigKeys (ConfUtils.java:logGet(44)) - raft.server.log.queue.byte-limit = 64MB (=67108864) (default)
2021-06-07 01:00:29,802 [pool-254-thread-1] INFO  server.RaftServerConfigKeys (ConfUtils.java:logGet(44)) - raft.server.log.queue.element-limit = 4096 (default)
2021-06-07 01:00:29,802 [Listener at 127.0.0.1/46609] INFO  impl.MetricsSystemImpl (MetricsSystemImpl.java:init(158)) - OzoneManager metrics system started (again)
2021-06-07 01:00:29,802 [pool-254-thread-1] INFO  server.RaftServerConfigKeys (ConfUtils.java:logGet(44)) - raft.server.log.segment.size.max = 4194304 (custom)
2021-06-07 01:00:29,802 [pool-254-thread-1] INFO  server.RaftServerConfigKeys (ConfUtils.java:logGet(44)) - raft.server.log.preallocated.size = 4194304 (custom)
2021-06-07 01:00:29,803 [pool-254-thread-1] INFO  server.RaftServerConfigKeys (ConfUtils.java:logGet(44)) - raft.server.log.force.sync.num = 128 (default)
2021-06-07 01:00:29,803 [pool-254-thread-1] INFO  server.RaftServerConfigKeys (ConfUtils.java:logGet(44)) - raft.server.log.statemachine.data.sync = true (default)
2021-06-07 01:00:29,803 [pool-254-thread-1] INFO  server.RaftServerConfigKeys (ConfUtils.java:logGet(44)) - raft.server.log.statemachine.data.sync.timeout = 10s (default)
2021-06-07 01:00:29,803 [pool-254-thread-1] INFO  server.RaftServerConfigKeys (ConfUtils.java:logGet(44)) - raft.server.log.statemachine.data.sync.timeout.retry = -1 (default)
2021-06-07 01:00:29,803 [pool-254-thread-1] INFO  server.RaftServerConfigKeys (ConfUtils.java:logGet(44)) - raft.server.log.write.buffer.size = 64KB (=65536) (default)
2021-06-07 01:00:29,803 [pool-254-thread-1] INFO  server.RaftServerConfigKeys (ConfUtils.java:logGet(44)) - raft.server.log.statemachine.data.caching.enabled = false (default)
2021-06-07 01:00:29,803 [pool-254-thread-1] INFO  segmented.SegmentedRaftLogWorker (SegmentedRaftLogWorker.java:lambda$new$0(133)) - om1@group-C5BA1605619E-SegmentedRaftLogWorker: flushIndex: setUnconditionally 0 -> -1
2021-06-07 01:00:29,803 [pool-254-thread-1] INFO  segmented.SegmentedRaftLogWorker (SegmentedRaftLogWorker.java:lambda$new$0(133)) - om1@group-C5BA1605619E-SegmentedRaftLogWorker: safeCacheEvictIndex: setUnconditionally 0 -> -1
2021-06-07 01:00:29,804 [pool-254-thread-1] INFO  server.RaftServerConfigKeys (ConfUtils.java:logGet(44)) - raft.server.snapshot.auto.trigger.enabled = true (custom)
2021-06-07 01:00:29,804 [pool-254-thread-1] INFO  server.RaftServerConfigKeys (ConfUtils.java:logGet(44)) - raft.server.snapshot.auto.trigger.threshold = 400000 (default)
2021-06-07 01:00:29,804 [pool-254-thread-1] INFO  server.RaftServerConfigKeys (ConfUtils.java:logGet(44)) - raft.server.snapshot.retention.file.num = -1 (default)
2021-06-07 01:00:29,804 [pool-254-thread-1] INFO  server.RaftServerConfigKeys (ConfUtils.java:logGet(44)) - raft.server.log.purge.upto.snapshot.index = true (custom)
2021-06-07 01:00:29,804 [pool-254-thread-1] INFO  server.RaftServerConfigKeys (ConfUtils.java:logGet(44)) - raft.server.retrycache.expirytime = 300s (custom)
2021-06-07 01:00:29,804 [pool-254-thread-1] INFO  server.RaftServerConfigKeys (ConfUtils.java:logGet(44)) - raft.server.retrycache.statistics.expirytime = 100μs (default)
2021-06-07 01:00:29,804 [pool-254-thread-1] INFO  metrics.RatisMetrics (RatisMetrics.java:lambda$create$0(36)) - Creating Metrics Registry : ratis.leader_election.om1@group-C5BA1605619E
2021-06-07 01:00:29,804 [pool-254-thread-1] INFO  metrics.RatisMetrics (RatisMetrics.java:lambda$create$0(36)) - Creating Metrics Registry : ratis.server.om1@group-C5BA1605619E
2021-06-07 01:00:29,805 [Listener at 127.0.0.1/46609] INFO  om.OzoneManager (OzoneManager.java:start(1104)) - OzoneManager RPC server is listening at localhost/127.0.0.1:46609
2021-06-07 01:00:29,805 [Listener at 127.0.0.1/46609] INFO  ratis.OzoneManagerRatisServer (OzoneManagerRatisServer.java:start(388)) - Starting OzoneManagerRatisServer om1 at port 9872
2021-06-07 01:00:29,805 [Listener at 127.0.0.1/46609] INFO  server.RaftServer$Division (RaftServerImpl.java:start(295)) - om1@group-C5BA1605619E: start as a follower, conf=-1: [om1|rpc:localhost:9872|priority:0], old=null
2021-06-07 01:00:29,805 [Listener at 127.0.0.1/46609] INFO  server.RaftServer$Division (RaftServerImpl.java:setRole(284)) - om1@group-C5BA1605619E: changes role from      null to FOLLOWER at term 0 for startAsFollower
2021-06-07 01:00:29,806 [Listener at 127.0.0.1/46609] INFO  impl.RoleInfo (RoleInfo.java:updateAndGet(130)) - om1: start om1@group-C5BA1605619E-FollowerState
2021-06-07 01:00:29,807 [Listener at 127.0.0.1/46609] INFO  util.JmxRegister (JmxRegister.java:tryRegister(44)) - Successfully registered JMX Bean with object name Ratis:service=RaftServer,group=group-C5BA1605619E,id=om1
2021-06-07 01:00:29,807 [Listener at 127.0.0.1/46609] INFO  metrics.RatisMetrics (RatisMetrics.java:lambda$create$0(36)) - Creating Metrics Registry : ratis.state_machine.om1@group-C5BA1605619E
2021-06-07 01:00:29,807 [Listener at 127.0.0.1/46609] INFO  server.RaftServer (RaftServerProxy.java:lambda$start$5(374)) - om1: start RPC server
2021-06-07 01:00:29,809 [Listener at 127.0.0.1/46609] INFO  server.GrpcService (GrpcService.java:startImpl(253)) - om1: GrpcService started, listening on 9872
2021-06-07 01:00:29,809 [org.apache.ratis.util.JvmPauseMonitor$$Lambda$513/325153081@de44b10] INFO  util.JvmPauseMonitor (JvmPauseMonitor.java:run(103)) - JvmPauseMonitor-om1: Started
2021-06-07 01:00:29,810 [Listener at 127.0.0.1/46609] INFO  http.BaseHttpServer (BaseHttpServer.java:newHttpServer2BuilderForOzone(209)) - Starting Web-server for ozoneManager at: http://0.0.0.0:0
2021-06-07 01:00:29,810 [Listener at 127.0.0.1/46609] INFO  http.BaseHttpServer (BaseHttpServer.java:<init>(107)) - Hadoop Security Enabled: false Ozone Security Enabled: false Ozone HTTP Security Enabled: false 
2021-06-07 01:00:29,811 [Listener at 127.0.0.1/46609] INFO  server.AuthenticationFilter (AuthenticationFilter.java:constructSecretProvider(240)) - Unable to initialize FileSignerSecretProvider, falling back to use random secrets.
2021-06-07 01:00:29,812 [Listener at 127.0.0.1/46609] WARN  http.HttpRequestLog (HttpRequestLog.java:getRequestLog(103)) - Jetty request log can only be enabled using Log4j
2021-06-07 01:00:29,813 [Listener at 127.0.0.1/46609] INFO  http.HttpServer2 (HttpServer2.java:addGlobalFilter(1020)) - Added global filter 'safety' (class=org.apache.hadoop.hdds.server.http.HttpServer2$QuotingInputFilter)
2021-06-07 01:00:29,813 [Listener at 127.0.0.1/46609] INFO  http.HttpServer2 (HttpServer2.java:addFilter(996)) - Added filter static_user_filter (class=org.apache.hadoop.http.lib.StaticUserWebFilter$StaticUserFilter) to context ozoneManager
2021-06-07 01:00:29,813 [Listener at 127.0.0.1/46609] INFO  http.HttpServer2 (HttpServer2.java:addFilter(1004)) - Added filter static_user_filter (class=org.apache.hadoop.http.lib.StaticUserWebFilter$StaticUserFilter) to context static
2021-06-07 01:00:29,814 [Listener at 127.0.0.1/46609] INFO  http.HttpServer2 (HttpServer2.java:addFilter(1004)) - Added filter static_user_filter (class=org.apache.hadoop.http.lib.StaticUserWebFilter$StaticUserFilter) to context logs
2021-06-07 01:00:29,814 [Listener at 127.0.0.1/46609] INFO  http.HttpServer2 (HttpServer2.java:bindListener(1238)) - Jetty bound to port 46617
2021-06-07 01:00:29,814 [Listener at 127.0.0.1/46609] INFO  server.Server (Server.java:doStart(375)) - jetty-9.4.35.v20201120; built: 2020-11-20T21:17:03.964Z; git: bdc54f03a5e0a7e280fab27f55c3c75ee8da89fb; jvm 1.8.0_292-b10
2021-06-07 01:00:29,815 [Listener at 127.0.0.1/46609] INFO  server.session (DefaultSessionIdManager.java:doStart(334)) - DefaultSessionIdManager workerName=node0
2021-06-07 01:00:29,815 [Listener at 127.0.0.1/46609] INFO  server.session (DefaultSessionIdManager.java:doStart(339)) - No SessionScavenger set, using defaults
2021-06-07 01:00:29,816 [Listener at 127.0.0.1/46609] INFO  server.session (HouseKeeper.java:startScavenging(132)) - node0 Scavenging every 600000ms
2021-06-07 01:00:29,816 [Listener at 127.0.0.1/46609] INFO  handler.ContextHandler (ContextHandler.java:doStart(916)) - Started o.e.j.s.ServletContextHandler@fc7308{logs,/logs,file:///home/runner/work/ozone/ozone/mnt/ozone/hadoop-ozone/integration-test/target/log,AVAILABLE}
2021-06-07 01:00:29,816 [Listener at 127.0.0.1/46609] INFO  handler.ContextHandler (ContextHandler.java:doStart(916)) - Started o.e.j.s.ServletContextHandler@34e0f4d3{static,/static,file:///home/runner/work/ozone/ozone/mnt/ozone/hadoop-ozone/integration-test/target/test-classes/webapps/static,AVAILABLE}
2021-06-07 01:00:29,819 [Listener at 127.0.0.1/46609] INFO  handler.ContextHandler (ContextHandler.java:doStart(916)) - Started o.e.j.w.WebAppContext@b1284fa{ozoneManager,/,file:///home/runner/work/ozone/ozone/mnt/ozone/hadoop-ozone/integration-test/target/test-classes/webapps/ozoneManager/,AVAILABLE}{file:/home/runner/work/ozone/ozone/mnt/ozone/hadoop-ozone/integration-test/target/test-classes/webapps/ozoneManager}
2021-06-07 01:00:29,820 [Listener at 127.0.0.1/46609] INFO  server.AbstractConnector (AbstractConnector.java:doStart(331)) - Started ServerConnector@1f3b3c33{HTTP/1.1, (http/1.1)}{0.0.0.0:46617}
2021-06-07 01:00:29,820 [Listener at 127.0.0.1/46609] INFO  server.Server (Server.java:doStart(415)) - Started @66705ms
2021-06-07 01:00:29,820 [Listener at 127.0.0.1/46609] WARN  impl.MetricsSystemImpl (MetricsSystemImpl.java:register(279)) - Sink prometheus already exists!
2021-06-07 01:00:29,821 [Listener at 127.0.0.1/46609] INFO  http.BaseHttpServer (BaseHttpServer.java:updateConnectorAddress(329)) - HTTP server of ozoneManager listening at http://0.0.0.0:46617
2021-06-07 01:00:29,821 [IPC Server Responder] INFO  ipc.Server (Server.java:run(1497)) - IPC Server Responder: starting
2021-06-07 01:00:29,822 [IPC Server listener on 0] INFO  ipc.Server (Server.java:run(1334)) - IPC Server listener on 0: starting
2021-06-07 01:00:29,832 [Listener at 127.0.0.1/46609] INFO  om.OzoneManager (OzoneManager.java:startTrashEmptier(1234)) - Trash Interval set to 0. Files deleted will not move to trash
2021-06-07 01:00:29,833 [org.apache.hadoop.util.JvmPauseMonitor$Monitor@2295bced] INFO  util.JvmPauseMonitor (JvmPauseMonitor.java:run(188)) - Starting JVM pause monitor
2021-06-07 01:00:29,851 [Listener at 127.0.0.1/46609] INFO  impl.MetricsSystemImpl (MetricsSystemImpl.java:init(158)) - HddsDatanode metrics system started (again)
2021-06-07 01:00:29,852 [Listener at 127.0.0.1/46609] INFO  ozone.HddsDatanodeService (HddsDatanodeService.java:start(220)) - HddsDatanodeService host:fv-az291-903.wgnan5asplgejimfprtllbpdch.jx.internal.cloudapp.net ip:10.1.0.42
2021-06-07 01:00:29,872 [Listener at 127.0.0.1/46609] INFO  volume.HddsVolume (HddsVolume.java:<init>(184)) - Creating Volume: /home/runner/work/ozone/ozone/mnt/ozone/hadoop-ozone/integration-test/target/test-dir/MiniOzoneClusterImpl-4d691a8a-0502-4280-8005-09cceedbb589/datanode-0/data-0/containers/hdds of storage type : DISK and capacity : 9223372036854775807
2021-06-07 01:00:29,872 [Listener at 127.0.0.1/46609] INFO  volume.MutableVolumeSet (MutableVolumeSet.java:initializeVolumeSet(198)) - Added Volume : /home/runner/work/ozone/ozone/mnt/ozone/hadoop-ozone/integration-test/target/test-dir/MiniOzoneClusterImpl-4d691a8a-0502-4280-8005-09cceedbb589/datanode-0/data-0/containers/hdds to VolumeSet
2021-06-07 01:00:29,872 [Listener at 127.0.0.1/46609] INFO  volume.ThrottledAsyncChecker (ThrottledAsyncChecker.java:schedule(141)) - Scheduling a check for /home/runner/work/ozone/ozone/mnt/ozone/hadoop-ozone/integration-test/target/test-dir/MiniOzoneClusterImpl-4d691a8a-0502-4280-8005-09cceedbb589/datanode-0/data-0/containers/hdds
2021-06-07 01:00:29,873 [Listener at 127.0.0.1/46609] INFO  volume.HddsVolumeChecker (HddsVolumeChecker.java:checkAllVolumes(201)) - Scheduled health check for volume /home/runner/work/ozone/ozone/mnt/ozone/hadoop-ozone/integration-test/target/test-dir/MiniOzoneClusterImpl-4d691a8a-0502-4280-8005-09cceedbb589/datanode-0/data-0/containers/hdds
2021-06-07 01:00:29,884 [Listener at 127.0.0.1/46609] INFO  ozoneimpl.ContainerReader (ContainerReader.java:<init>(98)) - Running in upgrade mode:true
2021-06-07 01:00:29,884 [Thread-702] INFO  ozoneimpl.ContainerReader (ContainerReader.java:readVolume(142)) - Start to verify containers on volume /home/runner/work/ozone/ozone/mnt/ozone/hadoop-ozone/integration-test/target/test-dir/MiniOzoneClusterImpl-4d691a8a-0502-4280-8005-09cceedbb589/datanode-0/data-0/containers/hdds
2021-06-07 01:00:29,884 [Thread-702] INFO  ozoneimpl.ContainerReader (ContainerReader.java:readVolume(174)) - Finish verifying containers on volume /home/runner/work/ozone/ozone/mnt/ozone/hadoop-ozone/integration-test/target/test-dir/MiniOzoneClusterImpl-4d691a8a-0502-4280-8005-09cceedbb589/datanode-0/data-0/containers/hdds
2021-06-07 01:00:29,884 [Listener at 127.0.0.1/46609] INFO  ozoneimpl.OzoneContainer (OzoneContainer.java:buildContainerSet(228)) - Build ContainerSet costs 0s
2021-06-07 01:00:29,886 [Listener at 127.0.0.1/46609] INFO  server.RaftServer (ConfUtils.java:logGet(44)) - raft.rpc.type = GRPC (default)
2021-06-07 01:00:29,886 [Listener at 127.0.0.1/46609] INFO  grpc.GrpcFactory (GrpcFactory.java:checkPooledByteBufAllocatorUseCacheForAllThreads(48)) - PERFORMANCE WARNING: useCacheForAllThreads is true that may cause Netty to create a lot garbage objects and, as a result, trigger GC.
	It is recommended to disable useCacheForAllThreads by setting -Dorg.apache.ratis.thirdparty.io.netty.allocator.useCacheForAllThreads=false in command line.
2021-06-07 01:00:29,886 [Listener at 127.0.0.1/46609] INFO  grpc.GrpcConfigKeys (ConfUtils.java:logGet(44)) - raft.grpc.admin.port = 0 (custom)
2021-06-07 01:00:29,886 [Listener at 127.0.0.1/46609] INFO  grpc.GrpcConfigKeys (ConfUtils.java:logGet(44)) - raft.grpc.client.port = 0 (custom)
2021-06-07 01:00:29,886 [Listener at 127.0.0.1/46609] INFO  grpc.GrpcConfigKeys (ConfUtils.java:logGet(44)) - raft.grpc.server.port = 0 (default)
2021-06-07 01:00:29,886 [Listener at 127.0.0.1/46609] INFO  server.GrpcService (ConfUtils.java:logGet(44)) - raft.grpc.message.size.max = 32MB (=33554432) (custom)
2021-06-07 01:00:29,886 [Listener at 127.0.0.1/46609] INFO  server.RaftServerConfigKeys (ConfUtils.java:logGet(44)) - raft.server.log.appender.buffer.byte-limit = 33554432 (custom)
2021-06-07 01:00:29,887 [Listener at 127.0.0.1/46609] INFO  server.GrpcService (ConfUtils.java:logGet(44)) - raft.grpc.flow.control.window = 5MB (=5242880) (custom)
2021-06-07 01:00:29,887 [Listener at 127.0.0.1/46609] INFO  server.RaftServerConfigKeys (ConfUtils.java:logGet(44)) - raft.server.rpc.request.timeout = 3000ms (default)
2021-06-07 01:00:29,888 [Listener at 127.0.0.1/46609] INFO  impl.DataStreamServerImpl (ConfUtils.java:logGet(44)) - raft.datastream.type = DISABLED (default)
2021-06-07 01:00:29,888 [Listener at 127.0.0.1/46609] INFO  server.RaftServerConfigKeys (ConfUtils.java:logGet(44)) - raft.server.rpc.slowness.timeout = 300000ms (custom)
2021-06-07 01:00:29,888 [Listener at 127.0.0.1/46609] INFO  server.RaftServerConfigKeys (ConfUtils.java:logGet(44)) - raft.server.leaderelection.leader.step-down.wait-time = 10s (default)
2021-06-07 01:00:29,888 [Listener at 127.0.0.1/46609] INFO  server.RaftServerConfigKeys (ConfUtils.java:logGet(44)) - raft.server.storage.dir = [/home/runner/work/ozone/ozone/mnt/ozone/hadoop-ozone/integration-test/target/test-dir/MiniOzoneClusterImpl-4d691a8a-0502-4280-8005-09cceedbb589/datanode-0/data/ratis] (custom)
2021-06-07 01:00:29,890 [Listener at 127.0.0.1/46609] INFO  http.BaseHttpServer (BaseHttpServer.java:newHttpServer2BuilderForOzone(209)) - Starting Web-server for hddsDatanode at: http://0.0.0.0:0
2021-06-07 01:00:29,890 [Listener at 127.0.0.1/46609] INFO  http.BaseHttpServer (BaseHttpServer.java:<init>(107)) - Hadoop Security Enabled: false Ozone Security Enabled: false Ozone HTTP Security Enabled: false 
2021-06-07 01:00:29,891 [Listener at 127.0.0.1/46609] INFO  server.AuthenticationFilter (AuthenticationFilter.java:constructSecretProvider(240)) - Unable to initialize FileSignerSecretProvider, falling back to use random secrets.
2021-06-07 01:00:29,891 [Listener at 127.0.0.1/46609] WARN  http.HttpRequestLog (HttpRequestLog.java:getRequestLog(103)) - Jetty request log can only be enabled using Log4j
2021-06-07 01:00:29,891 [Listener at 127.0.0.1/46609] INFO  http.HttpServer2 (HttpServer2.java:addGlobalFilter(1020)) - Added global filter 'safety' (class=org.apache.hadoop.hdds.server.http.HttpServer2$QuotingInputFilter)
2021-06-07 01:00:29,892 [Listener at 127.0.0.1/46609] INFO  http.HttpServer2 (HttpServer2.java:addFilter(996)) - Added filter static_user_filter (class=org.apache.hadoop.http.lib.StaticUserWebFilter$StaticUserFilter) to context hddsDatanode
2021-06-07 01:00:29,892 [Listener at 127.0.0.1/46609] INFO  http.HttpServer2 (HttpServer2.java:addFilter(1004)) - Added filter static_user_filter (class=org.apache.hadoop.http.lib.StaticUserWebFilter$StaticUserFilter) to context logs
2021-06-07 01:00:29,892 [Listener at 127.0.0.1/46609] INFO  http.HttpServer2 (HttpServer2.java:addFilter(1004)) - Added filter static_user_filter (class=org.apache.hadoop.http.lib.StaticUserWebFilter$StaticUserFilter) to context static
2021-06-07 01:00:29,893 [Listener at 127.0.0.1/46609] INFO  http.HttpServer2 (HttpServer2.java:bindListener(1238)) - Jetty bound to port 44791
2021-06-07 01:00:29,893 [Listener at 127.0.0.1/46609] INFO  server.Server (Server.java:doStart(375)) - jetty-9.4.35.v20201120; built: 2020-11-20T21:17:03.964Z; git: bdc54f03a5e0a7e280fab27f55c3c75ee8da89fb; jvm 1.8.0_292-b10
2021-06-07 01:00:29,894 [Listener at 127.0.0.1/46609] INFO  server.session (DefaultSessionIdManager.java:doStart(334)) - DefaultSessionIdManager workerName=node0
2021-06-07 01:00:29,894 [Listener at 127.0.0.1/46609] INFO  server.session (DefaultSessionIdManager.java:doStart(339)) - No SessionScavenger set, using defaults
2021-06-07 01:00:29,894 [Listener at 127.0.0.1/46609] INFO  server.session (HouseKeeper.java:startScavenging(132)) - node0 Scavenging every 660000ms
2021-06-07 01:00:29,895 [Listener at 127.0.0.1/46609] INFO  handler.ContextHandler (ContextHandler.java:doStart(916)) - Started o.e.j.s.ServletContextHandler@c7934ea{logs,/logs,file:///home/runner/work/ozone/ozone/mnt/ozone/hadoop-ozone/integration-test/target/log,AVAILABLE}
2021-06-07 01:00:29,895 [Listener at 127.0.0.1/46609] INFO  handler.ContextHandler (ContextHandler.java:doStart(916)) - Started o.e.j.s.ServletContextHandler@63a26b8f{static,/static,jar:file:/home/runner/.m2/repository/org/apache/ozone/hdds-container-service/1.2.0-SNAPSHOT/hdds-container-service-1.2.0-SNAPSHOT.jar!/webapps/static,AVAILABLE}
2021-06-07 01:00:29,930 [Listener at 127.0.0.1/46609] INFO  handler.ContextHandler (ContextHandler.java:doStart(916)) - Started o.e.j.w.WebAppContext@79a3ff22{hddsDatanode,/,file:///tmp/jetty-0_0_0_0-44791-hdds-container-service-1_2_0-SNAPSHOT_jar-_-any-4798211827103784559/webapp/,AVAILABLE}{jar:file:/home/runner/.m2/repository/org/apache/ozone/hdds-container-service/1.2.0-SNAPSHOT/hdds-container-service-1.2.0-SNAPSHOT.jar!/webapps/hddsDatanode}
2021-06-07 01:00:29,931 [Listener at 127.0.0.1/46609] INFO  server.AbstractConnector (AbstractConnector.java:doStart(331)) - Started ServerConnector@76a7f2fa{HTTP/1.1, (http/1.1)}{0.0.0.0:44791}
2021-06-07 01:00:29,931 [Listener at 127.0.0.1/46609] INFO  server.Server (Server.java:doStart(415)) - Started @66817ms
2021-06-07 01:00:29,931 [Listener at 127.0.0.1/46609] WARN  impl.MetricsSystemImpl (MetricsSystemImpl.java:register(279)) - Sink prometheus already exists!
2021-06-07 01:00:29,932 [Listener at 127.0.0.1/46609] INFO  http.BaseHttpServer (BaseHttpServer.java:updateConnectorAddress(329)) - HTTP server of hddsDatanode listening at http://0.0.0.0:44791
2021-06-07 01:00:29,934 [Listener at 127.0.0.1/46609] INFO  impl.MetricsSystemImpl (MetricsSystemImpl.java:init(158)) - HddsDatanode metrics system started (again)
2021-06-07 01:00:29,935 [Listener at 127.0.0.1/46609] INFO  ozone.HddsDatanodeService (HddsDatanodeService.java:start(220)) - HddsDatanodeService host:fv-az291-903.wgnan5asplgejimfprtllbpdch.jx.internal.cloudapp.net ip:10.1.0.42
2021-06-07 01:00:29,938 [org.apache.hadoop.util.JvmPauseMonitor$Monitor@2970550f] INFO  util.JvmPauseMonitor (JvmPauseMonitor.java:run(188)) - Starting JVM pause monitor
2021-06-07 01:00:29,940 [Datanode State Machine Task Thread - 0] INFO  datanode.InitDatanodeState (InitDatanodeState.java:persistContainerDatanodeDetails(145)) - DatanodeDetails is persisted to /home/runner/work/ozone/ozone/mnt/ozone/hadoop-ozone/integration-test/target/test-dir/MiniOzoneClusterImpl-4d691a8a-0502-4280-8005-09cceedbb589/datanode-0/meta/datanode.id
2021-06-07 01:00:29,951 [Listener at 127.0.0.1/46609] INFO  volume.HddsVolume (HddsVolume.java:<init>(184)) - Creating Volume: /home/runner/work/ozone/ozone/mnt/ozone/hadoop-ozone/integration-test/target/test-dir/MiniOzoneClusterImpl-4d691a8a-0502-4280-8005-09cceedbb589/datanode-1/data-0/containers/hdds of storage type : DISK and capacity : 9223372036854775807
2021-06-07 01:00:29,951 [Listener at 127.0.0.1/46609] INFO  volume.MutableVolumeSet (MutableVolumeSet.java:initializeVolumeSet(198)) - Added Volume : /home/runner/work/ozone/ozone/mnt/ozone/hadoop-ozone/integration-test/target/test-dir/MiniOzoneClusterImpl-4d691a8a-0502-4280-8005-09cceedbb589/datanode-1/data-0/containers/hdds to VolumeSet
2021-06-07 01:00:29,951 [Listener at 127.0.0.1/46609] INFO  volume.ThrottledAsyncChecker (ThrottledAsyncChecker.java:schedule(141)) - Scheduling a check for /home/runner/work/ozone/ozone/mnt/ozone/hadoop-ozone/integration-test/target/test-dir/MiniOzoneClusterImpl-4d691a8a-0502-4280-8005-09cceedbb589/datanode-1/data-0/containers/hdds
2021-06-07 01:00:29,953 [Listener at 127.0.0.1/46609] INFO  volume.HddsVolumeChecker (HddsVolumeChecker.java:checkAllVolumes(201)) - Scheduled health check for volume /home/runner/work/ozone/ozone/mnt/ozone/hadoop-ozone/integration-test/target/test-dir/MiniOzoneClusterImpl-4d691a8a-0502-4280-8005-09cceedbb589/datanode-1/data-0/containers/hdds
2021-06-07 01:00:29,964 [Listener at 127.0.0.1/46609] INFO  ozoneimpl.ContainerReader (ContainerReader.java:<init>(98)) - Running in upgrade mode:true
2021-06-07 01:00:29,964 [Thread-713] INFO  ozoneimpl.ContainerReader (ContainerReader.java:readVolume(142)) - Start to verify containers on volume /home/runner/work/ozone/ozone/mnt/ozone/hadoop-ozone/integration-test/target/test-dir/MiniOzoneClusterImpl-4d691a8a-0502-4280-8005-09cceedbb589/datanode-1/data-0/containers/hdds
2021-06-07 01:00:29,964 [Thread-713] INFO  ozoneimpl.ContainerReader (ContainerReader.java:readVolume(174)) - Finish verifying containers on volume /home/runner/work/ozone/ozone/mnt/ozone/hadoop-ozone/integration-test/target/test-dir/MiniOzoneClusterImpl-4d691a8a-0502-4280-8005-09cceedbb589/datanode-1/data-0/containers/hdds
2021-06-07 01:00:29,964 [Listener at 127.0.0.1/46609] INFO  ozoneimpl.OzoneContainer (OzoneContainer.java:buildContainerSet(228)) - Build ContainerSet costs 0s
2021-06-07 01:00:29,966 [Listener at 127.0.0.1/46609] INFO  server.RaftServer (ConfUtils.java:logGet(44)) - raft.rpc.type = GRPC (default)
2021-06-07 01:00:29,966 [Listener at 127.0.0.1/46609] INFO  grpc.GrpcFactory (GrpcFactory.java:checkPooledByteBufAllocatorUseCacheForAllThreads(48)) - PERFORMANCE WARNING: useCacheForAllThreads is true that may cause Netty to create a lot garbage objects and, as a result, trigger GC.
	It is recommended to disable useCacheForAllThreads by setting -Dorg.apache.ratis.thirdparty.io.netty.allocator.useCacheForAllThreads=false in command line.
2021-06-07 01:00:29,966 [Listener at 127.0.0.1/46609] INFO  grpc.GrpcConfigKeys (ConfUtils.java:logGet(44)) - raft.grpc.admin.port = 0 (custom)
2021-06-07 01:00:29,966 [Listener at 127.0.0.1/46609] INFO  grpc.GrpcConfigKeys (ConfUtils.java:logGet(44)) - raft.grpc.client.port = 0 (custom)
2021-06-07 01:00:29,966 [Listener at 127.0.0.1/46609] INFO  grpc.GrpcConfigKeys (ConfUtils.java:logGet(44)) - raft.grpc.server.port = 0 (default)
2021-06-07 01:00:29,967 [Listener at 127.0.0.1/46609] INFO  server.GrpcService (ConfUtils.java:logGet(44)) - raft.grpc.message.size.max = 32MB (=33554432) (custom)
2021-06-07 01:00:29,967 [Listener at 127.0.0.1/46609] INFO  server.RaftServerConfigKeys (ConfUtils.java:logGet(44)) - raft.server.log.appender.buffer.byte-limit = 33554432 (custom)
2021-06-07 01:00:29,967 [Listener at 127.0.0.1/46609] INFO  server.GrpcService (ConfUtils.java:logGet(44)) - raft.grpc.flow.control.window = 5MB (=5242880) (custom)
2021-06-07 01:00:29,967 [Listener at 127.0.0.1/46609] INFO  server.RaftServerConfigKeys (ConfUtils.java:logGet(44)) - raft.server.rpc.request.timeout = 3000ms (default)
2021-06-07 01:00:29,968 [Listener at 127.0.0.1/46609] INFO  impl.DataStreamServerImpl (ConfUtils.java:logGet(44)) - raft.datastream.type = DISABLED (default)
2021-06-07 01:00:29,968 [Listener at 127.0.0.1/46609] INFO  server.RaftServerConfigKeys (ConfUtils.java:logGet(44)) - raft.server.rpc.slowness.timeout = 300000ms (custom)
2021-06-07 01:00:29,968 [Listener at 127.0.0.1/46609] INFO  server.RaftServerConfigKeys (ConfUtils.java:logGet(44)) - raft.server.leaderelection.leader.step-down.wait-time = 10s (default)
2021-06-07 01:00:29,968 [Listener at 127.0.0.1/46609] INFO  server.RaftServerConfigKeys (ConfUtils.java:logGet(44)) - raft.server.storage.dir = [/home/runner/work/ozone/ozone/mnt/ozone/hadoop-ozone/integration-test/target/test-dir/MiniOzoneClusterImpl-4d691a8a-0502-4280-8005-09cceedbb589/datanode-1/data/ratis] (custom)
2021-06-07 01:00:29,970 [Listener at 127.0.0.1/46609] INFO  http.BaseHttpServer (BaseHttpServer.java:newHttpServer2BuilderForOzone(209)) - Starting Web-server for hddsDatanode at: http://0.0.0.0:0
2021-06-07 01:00:29,970 [Listener at 127.0.0.1/46609] INFO  http.BaseHttpServer (BaseHttpServer.java:<init>(107)) - Hadoop Security Enabled: false Ozone Security Enabled: false Ozone HTTP Security Enabled: false 
2021-06-07 01:00:29,971 [Listener at 127.0.0.1/46609] INFO  server.AuthenticationFilter (AuthenticationFilter.java:constructSecretProvider(240)) - Unable to initialize FileSignerSecretProvider, falling back to use random secrets.
2021-06-07 01:00:29,971 [Listener at 127.0.0.1/46609] WARN  http.HttpRequestLog (HttpRequestLog.java:getRequestLog(103)) - Jetty request log can only be enabled using Log4j
2021-06-07 01:00:29,972 [Listener at 127.0.0.1/46609] INFO  http.HttpServer2 (HttpServer2.java:addGlobalFilter(1020)) - Added global filter 'safety' (class=org.apache.hadoop.hdds.server.http.HttpServer2$QuotingInputFilter)
2021-06-07 01:00:29,972 [Listener at 127.0.0.1/46609] INFO  http.HttpServer2 (HttpServer2.java:addFilter(996)) - Added filter static_user_filter (class=org.apache.hadoop.http.lib.StaticUserWebFilter$StaticUserFilter) to context hddsDatanode
2021-06-07 01:00:29,972 [Listener at 127.0.0.1/46609] INFO  http.HttpServer2 (HttpServer2.java:addFilter(1004)) - Added filter static_user_filter (class=org.apache.hadoop.http.lib.StaticUserWebFilter$StaticUserFilter) to context static
2021-06-07 01:00:29,973 [Listener at 127.0.0.1/46609] INFO  http.HttpServer2 (HttpServer2.java:addFilter(1004)) - Added filter static_user_filter (class=org.apache.hadoop.http.lib.StaticUserWebFilter$StaticUserFilter) to context logs
2021-06-07 01:00:29,973 [Listener at 127.0.0.1/46609] INFO  http.HttpServer2 (HttpServer2.java:bindListener(1238)) - Jetty bound to port 42849
2021-06-07 01:00:29,973 [Listener at 127.0.0.1/46609] INFO  server.Server (Server.java:doStart(375)) - jetty-9.4.35.v20201120; built: 2020-11-20T21:17:03.964Z; git: bdc54f03a5e0a7e280fab27f55c3c75ee8da89fb; jvm 1.8.0_292-b10
2021-06-07 01:00:29,974 [Listener at 127.0.0.1/46609] INFO  server.session (DefaultSessionIdManager.java:doStart(334)) - DefaultSessionIdManager workerName=node0
2021-06-07 01:00:29,974 [Listener at 127.0.0.1/46609] INFO  server.session (DefaultSessionIdManager.java:doStart(339)) - No SessionScavenger set, using defaults
2021-06-07 01:00:29,975 [Listener at 127.0.0.1/46609] INFO  server.session (HouseKeeper.java:startScavenging(132)) - node0 Scavenging every 600000ms
2021-06-07 01:00:29,975 [Listener at 127.0.0.1/46609] INFO  handler.ContextHandler (ContextHandler.java:doStart(916)) - Started o.e.j.s.ServletContextHandler@6dd55493{logs,/logs,file:///home/runner/work/ozone/ozone/mnt/ozone/hadoop-ozone/integration-test/target/log,AVAILABLE}
2021-06-07 01:00:29,975 [Listener at 127.0.0.1/46609] INFO  handler.ContextHandler (ContextHandler.java:doStart(916)) - Started o.e.j.s.ServletContextHandler@462d4f3c{static,/static,jar:file:/home/runner/.m2/repository/org/apache/ozone/hdds-container-service/1.2.0-SNAPSHOT/hdds-container-service-1.2.0-SNAPSHOT.jar!/webapps/static,AVAILABLE}
2021-06-07 01:00:30,012 [Listener at 127.0.0.1/46609] INFO  handler.ContextHandler (ContextHandler.java:doStart(916)) - Started o.e.j.w.WebAppContext@25d439a{hddsDatanode,/,file:///tmp/jetty-0_0_0_0-42849-hdds-container-service-1_2_0-SNAPSHOT_jar-_-any-8066411825838889507/webapp/,AVAILABLE}{jar:file:/home/runner/.m2/repository/org/apache/ozone/hdds-container-service/1.2.0-SNAPSHOT/hdds-container-service-1.2.0-SNAPSHOT.jar!/webapps/hddsDatanode}
2021-06-07 01:00:30,013 [Listener at 127.0.0.1/46609] INFO  server.AbstractConnector (AbstractConnector.java:doStart(331)) - Started ServerConnector@742d5736{HTTP/1.1, (http/1.1)}{0.0.0.0:42849}
2021-06-07 01:00:30,013 [Listener at 127.0.0.1/46609] INFO  server.Server (Server.java:doStart(415)) - Started @66899ms
2021-06-07 01:00:30,013 [Listener at 127.0.0.1/46609] WARN  impl.MetricsSystemImpl (MetricsSystemImpl.java:register(279)) - Sink prometheus already exists!
2021-06-07 01:00:30,014 [Listener at 127.0.0.1/46609] INFO  http.BaseHttpServer (BaseHttpServer.java:updateConnectorAddress(329)) - HTTP server of hddsDatanode listening at http://0.0.0.0:42849
2021-06-07 01:00:30,019 [Listener at 127.0.0.1/46609] INFO  impl.MetricsSystemImpl (MetricsSystemImpl.java:init(158)) - HddsDatanode metrics system started (again)
2021-06-07 01:00:30,020 [Listener at 127.0.0.1/46609] INFO  ozone.HddsDatanodeService (HddsDatanodeService.java:start(220)) - HddsDatanodeService host:fv-az291-903.wgnan5asplgejimfprtllbpdch.jx.internal.cloudapp.net ip:10.1.0.42
2021-06-07 01:00:30,022 [org.apache.hadoop.util.JvmPauseMonitor$Monitor@2bc9f8b] INFO  util.JvmPauseMonitor (JvmPauseMonitor.java:run(188)) - Starting JVM pause monitor
2021-06-07 01:00:30,023 [Datanode State Machine Task Thread - 0] INFO  datanode.InitDatanodeState (InitDatanodeState.java:persistContainerDatanodeDetails(145)) - DatanodeDetails is persisted to /home/runner/work/ozone/ozone/mnt/ozone/hadoop-ozone/integration-test/target/test-dir/MiniOzoneClusterImpl-4d691a8a-0502-4280-8005-09cceedbb589/datanode-1/meta/datanode.id
2021-06-07 01:00:30,039 [Listener at 127.0.0.1/46609] INFO  volume.HddsVolume (HddsVolume.java:<init>(184)) - Creating Volume: /home/runner/work/ozone/ozone/mnt/ozone/hadoop-ozone/integration-test/target/test-dir/MiniOzoneClusterImpl-4d691a8a-0502-4280-8005-09cceedbb589/datanode-2/data-0/containers/hdds of storage type : DISK and capacity : 9223372036854775807
2021-06-07 01:00:30,039 [Listener at 127.0.0.1/46609] INFO  volume.MutableVolumeSet (MutableVolumeSet.java:initializeVolumeSet(198)) - Added Volume : /home/runner/work/ozone/ozone/mnt/ozone/hadoop-ozone/integration-test/target/test-dir/MiniOzoneClusterImpl-4d691a8a-0502-4280-8005-09cceedbb589/datanode-2/data-0/containers/hdds to VolumeSet
2021-06-07 01:00:30,039 [Listener at 127.0.0.1/46609] INFO  volume.ThrottledAsyncChecker (ThrottledAsyncChecker.java:schedule(141)) - Scheduling a check for /home/runner/work/ozone/ozone/mnt/ozone/hadoop-ozone/integration-test/target/test-dir/MiniOzoneClusterImpl-4d691a8a-0502-4280-8005-09cceedbb589/datanode-2/data-0/containers/hdds
2021-06-07 01:00:30,040 [Listener at 127.0.0.1/46609] INFO  volume.HddsVolumeChecker (HddsVolumeChecker.java:checkAllVolumes(201)) - Scheduled health check for volume /home/runner/work/ozone/ozone/mnt/ozone/hadoop-ozone/integration-test/target/test-dir/MiniOzoneClusterImpl-4d691a8a-0502-4280-8005-09cceedbb589/datanode-2/data-0/containers/hdds
2021-06-07 01:00:30,051 [Listener at 127.0.0.1/46609] INFO  ozoneimpl.ContainerReader (ContainerReader.java:<init>(98)) - Running in upgrade mode:true
2021-06-07 01:00:30,051 [Thread-724] INFO  ozoneimpl.ContainerReader (ContainerReader.java:readVolume(142)) - Start to verify containers on volume /home/runner/work/ozone/ozone/mnt/ozone/hadoop-ozone/integration-test/target/test-dir/MiniOzoneClusterImpl-4d691a8a-0502-4280-8005-09cceedbb589/datanode-2/data-0/containers/hdds
2021-06-07 01:00:30,051 [Thread-724] INFO  ozoneimpl.ContainerReader (ContainerReader.java:readVolume(174)) - Finish verifying containers on volume /home/runner/work/ozone/ozone/mnt/ozone/hadoop-ozone/integration-test/target/test-dir/MiniOzoneClusterImpl-4d691a8a-0502-4280-8005-09cceedbb589/datanode-2/data-0/containers/hdds
2021-06-07 01:00:30,051 [Listener at 127.0.0.1/46609] INFO  ozoneimpl.OzoneContainer (OzoneContainer.java:buildContainerSet(228)) - Build ContainerSet costs 0s
2021-06-07 01:00:30,053 [Listener at 127.0.0.1/46609] INFO  server.RaftServer (ConfUtils.java:logGet(44)) - raft.rpc.type = GRPC (default)
2021-06-07 01:00:30,053 [Listener at 127.0.0.1/46609] INFO  grpc.GrpcFactory (GrpcFactory.java:checkPooledByteBufAllocatorUseCacheForAllThreads(48)) - PERFORMANCE WARNING: useCacheForAllThreads is true that may cause Netty to create a lot garbage objects and, as a result, trigger GC.
	It is recommended to disable useCacheForAllThreads by setting -Dorg.apache.ratis.thirdparty.io.netty.allocator.useCacheForAllThreads=false in command line.
2021-06-07 01:00:30,053 [Listener at 127.0.0.1/46609] INFO  grpc.GrpcConfigKeys (ConfUtils.java:logGet(44)) - raft.grpc.admin.port = 0 (custom)
2021-06-07 01:00:30,054 [Listener at 127.0.0.1/46609] INFO  grpc.GrpcConfigKeys (ConfUtils.java:logGet(44)) - raft.grpc.client.port = 0 (custom)
2021-06-07 01:00:30,054 [Listener at 127.0.0.1/46609] INFO  grpc.GrpcConfigKeys (ConfUtils.java:logGet(44)) - raft.grpc.server.port = 0 (default)
2021-06-07 01:00:30,054 [Listener at 127.0.0.1/46609] INFO  server.GrpcService (ConfUtils.java:logGet(44)) - raft.grpc.message.size.max = 32MB (=33554432) (custom)
2021-06-07 01:00:30,054 [Listener at 127.0.0.1/46609] INFO  server.RaftServerConfigKeys (ConfUtils.java:logGet(44)) - raft.server.log.appender.buffer.byte-limit = 33554432 (custom)
2021-06-07 01:00:30,054 [Listener at 127.0.0.1/46609] INFO  server.GrpcService (ConfUtils.java:logGet(44)) - raft.grpc.flow.control.window = 5MB (=5242880) (custom)
2021-06-07 01:00:30,054 [Listener at 127.0.0.1/46609] INFO  server.RaftServerConfigKeys (ConfUtils.java:logGet(44)) - raft.server.rpc.request.timeout = 3000ms (default)
2021-06-07 01:00:30,055 [Listener at 127.0.0.1/46609] INFO  impl.DataStreamServerImpl (ConfUtils.java:logGet(44)) - raft.datastream.type = DISABLED (default)
2021-06-07 01:00:30,055 [Listener at 127.0.0.1/46609] INFO  server.RaftServerConfigKeys (ConfUtils.java:logGet(44)) - raft.server.rpc.slowness.timeout = 300000ms (custom)
2021-06-07 01:00:30,055 [Listener at 127.0.0.1/46609] INFO  server.RaftServerConfigKeys (ConfUtils.java:logGet(44)) - raft.server.leaderelection.leader.step-down.wait-time = 10s (default)
2021-06-07 01:00:30,056 [Listener at 127.0.0.1/46609] INFO  server.RaftServerConfigKeys (ConfUtils.java:logGet(44)) - raft.server.storage.dir = [/home/runner/work/ozone/ozone/mnt/ozone/hadoop-ozone/integration-test/target/test-dir/MiniOzoneClusterImpl-4d691a8a-0502-4280-8005-09cceedbb589/datanode-2/data/ratis] (custom)
2021-06-07 01:00:30,058 [Listener at 127.0.0.1/46609] INFO  http.BaseHttpServer (BaseHttpServer.java:newHttpServer2BuilderForOzone(209)) - Starting Web-server for hddsDatanode at: http://0.0.0.0:0
2021-06-07 01:00:30,058 [Listener at 127.0.0.1/46609] INFO  http.BaseHttpServer (BaseHttpServer.java:<init>(107)) - Hadoop Security Enabled: false Ozone Security Enabled: false Ozone HTTP Security Enabled: false 
2021-06-07 01:00:30,060 [Listener at 127.0.0.1/46609] INFO  server.AuthenticationFilter (AuthenticationFilter.java:constructSecretProvider(240)) - Unable to initialize FileSignerSecretProvider, falling back to use random secrets.
2021-06-07 01:00:30,061 [Listener at 127.0.0.1/46609] WARN  http.HttpRequestLog (HttpRequestLog.java:getRequestLog(103)) - Jetty request log can only be enabled using Log4j
2021-06-07 01:00:30,062 [Listener at 127.0.0.1/46609] INFO  http.HttpServer2 (HttpServer2.java:addGlobalFilter(1020)) - Added global filter 'safety' (class=org.apache.hadoop.hdds.server.http.HttpServer2$QuotingInputFilter)
2021-06-07 01:00:30,063 [Listener at 127.0.0.1/46609] INFO  http.HttpServer2 (HttpServer2.java:addFilter(996)) - Added filter static_user_filter (class=org.apache.hadoop.http.lib.StaticUserWebFilter$StaticUserFilter) to context hddsDatanode
2021-06-07 01:00:30,063 [Listener at 127.0.0.1/46609] INFO  http.HttpServer2 (HttpServer2.java:addFilter(1004)) - Added filter static_user_filter (class=org.apache.hadoop.http.lib.StaticUserWebFilter$StaticUserFilter) to context static
2021-06-07 01:00:30,063 [Listener at 127.0.0.1/46609] INFO  http.HttpServer2 (HttpServer2.java:addFilter(1004)) - Added filter static_user_filter (class=org.apache.hadoop.http.lib.StaticUserWebFilter$StaticUserFilter) to context logs
2021-06-07 01:00:30,064 [Listener at 127.0.0.1/46609] INFO  http.HttpServer2 (HttpServer2.java:bindListener(1238)) - Jetty bound to port 41359
2021-06-07 01:00:30,064 [Listener at 127.0.0.1/46609] INFO  server.Server (Server.java:doStart(375)) - jetty-9.4.35.v20201120; built: 2020-11-20T21:17:03.964Z; git: bdc54f03a5e0a7e280fab27f55c3c75ee8da89fb; jvm 1.8.0_292-b10
2021-06-07 01:00:30,065 [Listener at 127.0.0.1/46609] INFO  server.session (DefaultSessionIdManager.java:doStart(334)) - DefaultSessionIdManager workerName=node0
2021-06-07 01:00:30,065 [Listener at 127.0.0.1/46609] INFO  server.session (DefaultSessionIdManager.java:doStart(339)) - No SessionScavenger set, using defaults
2021-06-07 01:00:30,065 [Listener at 127.0.0.1/46609] INFO  server.session (HouseKeeper.java:startScavenging(132)) - node0 Scavenging every 600000ms
2021-06-07 01:00:30,066 [Listener at 127.0.0.1/46609] INFO  handler.ContextHandler (ContextHandler.java:doStart(916)) - Started o.e.j.s.ServletContextHandler@1ccc4cc5{logs,/logs,file:///home/runner/work/ozone/ozone/mnt/ozone/hadoop-ozone/integration-test/target/log,AVAILABLE}
2021-06-07 01:00:30,067 [Listener at 127.0.0.1/46609] INFO  handler.ContextHandler (ContextHandler.java:doStart(916)) - Started o.e.j.s.ServletContextHandler@6da3dcc3{static,/static,jar:file:/home/runner/.m2/repository/org/apache/ozone/hdds-container-service/1.2.0-SNAPSHOT/hdds-container-service-1.2.0-SNAPSHOT.jar!/webapps/static,AVAILABLE}
2021-06-07 01:00:30,110 [Listener at 127.0.0.1/46609] INFO  handler.ContextHandler (ContextHandler.java:doStart(916)) - Started o.e.j.w.WebAppContext@c1539bf{hddsDatanode,/,file:///tmp/jetty-0_0_0_0-41359-hdds-container-service-1_2_0-SNAPSHOT_jar-_-any-4384075165023343612/webapp/,AVAILABLE}{jar:file:/home/runner/.m2/repository/org/apache/ozone/hdds-container-service/1.2.0-SNAPSHOT/hdds-container-service-1.2.0-SNAPSHOT.jar!/webapps/hddsDatanode}
2021-06-07 01:00:30,111 [Listener at 127.0.0.1/46609] INFO  server.AbstractConnector (AbstractConnector.java:doStart(331)) - Started ServerConnector@7f8ac54f{HTTP/1.1, (http/1.1)}{0.0.0.0:41359}
2021-06-07 01:00:30,111 [Listener at 127.0.0.1/46609] INFO  server.Server (Server.java:doStart(415)) - Started @66997ms
2021-06-07 01:00:30,111 [Listener at 127.0.0.1/46609] WARN  impl.MetricsSystemImpl (MetricsSystemImpl.java:register(279)) - Sink prometheus already exists!
2021-06-07 01:00:30,112 [Listener at 127.0.0.1/46609] INFO  http.BaseHttpServer (BaseHttpServer.java:updateConnectorAddress(329)) - HTTP server of hddsDatanode listening at http://0.0.0.0:41359
2021-06-07 01:00:30,114 [Listener at 127.0.0.1/46609] INFO  impl.MetricsSystemImpl (MetricsSystemImpl.java:init(158)) - HddsDatanode metrics system started (again)
2021-06-07 01:00:30,116 [Listener at 127.0.0.1/46609] INFO  ozone.HddsDatanodeService (HddsDatanodeService.java:start(220)) - HddsDatanodeService host:fv-az291-903.wgnan5asplgejimfprtllbpdch.jx.internal.cloudapp.net ip:10.1.0.42
2021-06-07 01:00:30,119 [org.apache.hadoop.util.JvmPauseMonitor$Monitor@6948fbe2] INFO  util.JvmPauseMonitor (JvmPauseMonitor.java:run(188)) - Starting JVM pause monitor
2021-06-07 01:00:30,121 [Datanode State Machine Task Thread - 0] INFO  datanode.InitDatanodeState (InitDatanodeState.java:persistContainerDatanodeDetails(145)) - DatanodeDetails is persisted to /home/runner/work/ozone/ozone/mnt/ozone/hadoop-ozone/integration-test/target/test-dir/MiniOzoneClusterImpl-4d691a8a-0502-4280-8005-09cceedbb589/datanode-2/meta/datanode.id
2021-06-07 01:00:30,136 [Listener at 127.0.0.1/46609] INFO  volume.HddsVolume (HddsVolume.java:<init>(184)) - Creating Volume: /home/runner/work/ozone/ozone/mnt/ozone/hadoop-ozone/integration-test/target/test-dir/MiniOzoneClusterImpl-4d691a8a-0502-4280-8005-09cceedbb589/datanode-3/data-0/containers/hdds of storage type : DISK and capacity : 9223372036854775807
2021-06-07 01:00:30,136 [Listener at 127.0.0.1/46609] INFO  volume.MutableVolumeSet (MutableVolumeSet.java:initializeVolumeSet(198)) - Added Volume : /home/runner/work/ozone/ozone/mnt/ozone/hadoop-ozone/integration-test/target/test-dir/MiniOzoneClusterImpl-4d691a8a-0502-4280-8005-09cceedbb589/datanode-3/data-0/containers/hdds to VolumeSet
2021-06-07 01:00:30,136 [Listener at 127.0.0.1/46609] INFO  volume.ThrottledAsyncChecker (ThrottledAsyncChecker.java:schedule(141)) - Scheduling a check for /home/runner/work/ozone/ozone/mnt/ozone/hadoop-ozone/integration-test/target/test-dir/MiniOzoneClusterImpl-4d691a8a-0502-4280-8005-09cceedbb589/datanode-3/data-0/containers/hdds
2021-06-07 01:00:30,138 [Listener at 127.0.0.1/46609] INFO  volume.HddsVolumeChecker (HddsVolumeChecker.java:checkAllVolumes(201)) - Scheduled health check for volume /home/runner/work/ozone/ozone/mnt/ozone/hadoop-ozone/integration-test/target/test-dir/MiniOzoneClusterImpl-4d691a8a-0502-4280-8005-09cceedbb589/datanode-3/data-0/containers/hdds
2021-06-07 01:00:30,150 [Listener at 127.0.0.1/46609] INFO  ozoneimpl.ContainerReader (ContainerReader.java:<init>(98)) - Running in upgrade mode:true
2021-06-07 01:00:30,150 [Thread-735] INFO  ozoneimpl.ContainerReader (ContainerReader.java:readVolume(142)) - Start to verify containers on volume /home/runner/work/ozone/ozone/mnt/ozone/hadoop-ozone/integration-test/target/test-dir/MiniOzoneClusterImpl-4d691a8a-0502-4280-8005-09cceedbb589/datanode-3/data-0/containers/hdds
2021-06-07 01:00:30,150 [Thread-735] INFO  ozoneimpl.ContainerReader (ContainerReader.java:readVolume(174)) - Finish verifying containers on volume /home/runner/work/ozone/ozone/mnt/ozone/hadoop-ozone/integration-test/target/test-dir/MiniOzoneClusterImpl-4d691a8a-0502-4280-8005-09cceedbb589/datanode-3/data-0/containers/hdds
2021-06-07 01:00:30,150 [Listener at 127.0.0.1/46609] INFO  ozoneimpl.OzoneContainer (OzoneContainer.java:buildContainerSet(228)) - Build ContainerSet costs 0s
2021-06-07 01:00:30,152 [Listener at 127.0.0.1/46609] INFO  server.RaftServer (ConfUtils.java:logGet(44)) - raft.rpc.type = GRPC (default)
2021-06-07 01:00:30,152 [Listener at 127.0.0.1/46609] INFO  grpc.GrpcFactory (GrpcFactory.java:checkPooledByteBufAllocatorUseCacheForAllThreads(48)) - PERFORMANCE WARNING: useCacheForAllThreads is true that may cause Netty to create a lot garbage objects and, as a result, trigger GC.
	It is recommended to disable useCacheForAllThreads by setting -Dorg.apache.ratis.thirdparty.io.netty.allocator.useCacheForAllThreads=false in command line.
2021-06-07 01:00:30,152 [Listener at 127.0.0.1/46609] INFO  grpc.GrpcConfigKeys (ConfUtils.java:logGet(44)) - raft.grpc.admin.port = 0 (custom)
2021-06-07 01:00:30,152 [Listener at 127.0.0.1/46609] INFO  grpc.GrpcConfigKeys (ConfUtils.java:logGet(44)) - raft.grpc.client.port = 0 (custom)
2021-06-07 01:00:30,152 [Listener at 127.0.0.1/46609] INFO  grpc.GrpcConfigKeys (ConfUtils.java:logGet(44)) - raft.grpc.server.port = 0 (default)
2021-06-07 01:00:30,152 [Listener at 127.0.0.1/46609] INFO  server.GrpcService (ConfUtils.java:logGet(44)) - raft.grpc.message.size.max = 32MB (=33554432) (custom)
2021-06-07 01:00:30,153 [Listener at 127.0.0.1/46609] INFO  server.RaftServerConfigKeys (ConfUtils.java:logGet(44)) - raft.server.log.appender.buffer.byte-limit = 33554432 (custom)
2021-06-07 01:00:30,153 [Listener at 127.0.0.1/46609] INFO  server.GrpcService (ConfUtils.java:logGet(44)) - raft.grpc.flow.control.window = 5MB (=5242880) (custom)
2021-06-07 01:00:30,153 [Listener at 127.0.0.1/46609] INFO  server.RaftServerConfigKeys (ConfUtils.java:logGet(44)) - raft.server.rpc.request.timeout = 3000ms (default)
2021-06-07 01:00:30,154 [Listener at 127.0.0.1/46609] INFO  impl.DataStreamServerImpl (ConfUtils.java:logGet(44)) - raft.datastream.type = DISABLED (default)
2021-06-07 01:00:30,154 [Listener at 127.0.0.1/46609] INFO  server.RaftServerConfigKeys (ConfUtils.java:logGet(44)) - raft.server.rpc.slowness.timeout = 300000ms (custom)
2021-06-07 01:00:30,154 [Listener at 127.0.0.1/46609] INFO  server.RaftServerConfigKeys (ConfUtils.java:logGet(44)) - raft.server.leaderelection.leader.step-down.wait-time = 10s (default)
2021-06-07 01:00:30,154 [Listener at 127.0.0.1/46609] INFO  server.RaftServerConfigKeys (ConfUtils.java:logGet(44)) - raft.server.storage.dir = [/home/runner/work/ozone/ozone/mnt/ozone/hadoop-ozone/integration-test/target/test-dir/MiniOzoneClusterImpl-4d691a8a-0502-4280-8005-09cceedbb589/datanode-3/data/ratis] (custom)
2021-06-07 01:00:30,157 [Listener at 127.0.0.1/46609] INFO  http.BaseHttpServer (BaseHttpServer.java:newHttpServer2BuilderForOzone(209)) - Starting Web-server for hddsDatanode at: http://0.0.0.0:0
2021-06-07 01:00:30,157 [Listener at 127.0.0.1/46609] INFO  http.BaseHttpServer (BaseHttpServer.java:<init>(107)) - Hadoop Security Enabled: false Ozone Security Enabled: false Ozone HTTP Security Enabled: false 
2021-06-07 01:00:30,158 [Listener at 127.0.0.1/46609] INFO  server.AuthenticationFilter (AuthenticationFilter.java:constructSecretProvider(240)) - Unable to initialize FileSignerSecretProvider, falling back to use random secrets.
2021-06-07 01:00:30,158 [Listener at 127.0.0.1/46609] WARN  http.HttpRequestLog (HttpRequestLog.java:getRequestLog(103)) - Jetty request log can only be enabled using Log4j
2021-06-07 01:00:30,159 [Listener at 127.0.0.1/46609] INFO  http.HttpServer2 (HttpServer2.java:addGlobalFilter(1020)) - Added global filter 'safety' (class=org.apache.hadoop.hdds.server.http.HttpServer2$QuotingInputFilter)
2021-06-07 01:00:30,159 [Listener at 127.0.0.1/46609] INFO  http.HttpServer2 (HttpServer2.java:addFilter(996)) - Added filter static_user_filter (class=org.apache.hadoop.http.lib.StaticUserWebFilter$StaticUserFilter) to context hddsDatanode
2021-06-07 01:00:30,159 [Listener at 127.0.0.1/46609] INFO  http.HttpServer2 (HttpServer2.java:addFilter(1004)) - Added filter static_user_filter (class=org.apache.hadoop.http.lib.StaticUserWebFilter$StaticUserFilter) to context static
2021-06-07 01:00:30,159 [Listener at 127.0.0.1/46609] INFO  http.HttpServer2 (HttpServer2.java:addFilter(1004)) - Added filter static_user_filter (class=org.apache.hadoop.http.lib.StaticUserWebFilter$StaticUserFilter) to context logs
2021-06-07 01:00:30,160 [Listener at 127.0.0.1/46609] INFO  http.HttpServer2 (HttpServer2.java:bindListener(1238)) - Jetty bound to port 44517
2021-06-07 01:00:30,160 [Listener at 127.0.0.1/46609] INFO  server.Server (Server.java:doStart(375)) - jetty-9.4.35.v20201120; built: 2020-11-20T21:17:03.964Z; git: bdc54f03a5e0a7e280fab27f55c3c75ee8da89fb; jvm 1.8.0_292-b10
2021-06-07 01:00:30,162 [Listener at 127.0.0.1/46609] INFO  server.session (DefaultSessionIdManager.java:doStart(334)) - DefaultSessionIdManager workerName=node0
2021-06-07 01:00:30,162 [Listener at 127.0.0.1/46609] INFO  server.session (DefaultSessionIdManager.java:doStart(339)) - No SessionScavenger set, using defaults
2021-06-07 01:00:30,162 [Listener at 127.0.0.1/46609] INFO  server.session (HouseKeeper.java:startScavenging(132)) - node0 Scavenging every 660000ms
2021-06-07 01:00:30,163 [Listener at 127.0.0.1/46609] INFO  handler.ContextHandler (ContextHandler.java:doStart(916)) - Started o.e.j.s.ServletContextHandler@707f68e0{logs,/logs,file:///home/runner/work/ozone/ozone/mnt/ozone/hadoop-ozone/integration-test/target/log,AVAILABLE}
2021-06-07 01:00:30,163 [Listener at 127.0.0.1/46609] INFO  handler.ContextHandler (ContextHandler.java:doStart(916)) - Started o.e.j.s.ServletContextHandler@67c15a48{static,/static,jar:file:/home/runner/.m2/repository/org/apache/ozone/hdds-container-service/1.2.0-SNAPSHOT/hdds-container-service-1.2.0-SNAPSHOT.jar!/webapps/static,AVAILABLE}
2021-06-07 01:00:30,204 [Listener at 127.0.0.1/46609] INFO  handler.ContextHandler (ContextHandler.java:doStart(916)) - Started o.e.j.w.WebAppContext@422790a1{hddsDatanode,/,file:///tmp/jetty-0_0_0_0-44517-hdds-container-service-1_2_0-SNAPSHOT_jar-_-any-6091351019232552414/webapp/,AVAILABLE}{jar:file:/home/runner/.m2/repository/org/apache/ozone/hdds-container-service/1.2.0-SNAPSHOT/hdds-container-service-1.2.0-SNAPSHOT.jar!/webapps/hddsDatanode}
2021-06-07 01:00:30,205 [Listener at 127.0.0.1/46609] INFO  server.AbstractConnector (AbstractConnector.java:doStart(331)) - Started ServerConnector@5d6c74de{HTTP/1.1, (http/1.1)}{0.0.0.0:44517}
2021-06-07 01:00:30,205 [Listener at 127.0.0.1/46609] INFO  server.Server (Server.java:doStart(415)) - Started @67091ms
2021-06-07 01:00:30,205 [Listener at 127.0.0.1/46609] WARN  impl.MetricsSystemImpl (MetricsSystemImpl.java:register(279)) - Sink prometheus already exists!
2021-06-07 01:00:30,206 [Listener at 127.0.0.1/46609] INFO  http.BaseHttpServer (BaseHttpServer.java:updateConnectorAddress(329)) - HTTP server of hddsDatanode listening at http://0.0.0.0:44517
2021-06-07 01:00:30,210 [Listener at 127.0.0.1/46609] INFO  impl.MetricsSystemImpl (MetricsSystemImpl.java:init(158)) - HddsDatanode metrics system started (again)
2021-06-07 01:00:30,212 [Listener at 127.0.0.1/46609] INFO  ozone.HddsDatanodeService (HddsDatanodeService.java:start(220)) - HddsDatanodeService host:fv-az291-903.wgnan5asplgejimfprtllbpdch.jx.internal.cloudapp.net ip:10.1.0.42
2021-06-07 01:00:30,214 [org.apache.hadoop.util.JvmPauseMonitor$Monitor@230e3070] INFO  util.JvmPauseMonitor (JvmPauseMonitor.java:run(188)) - Starting JVM pause monitor
2021-06-07 01:00:30,216 [Datanode State Machine Task Thread - 0] INFO  datanode.InitDatanodeState (InitDatanodeState.java:persistContainerDatanodeDetails(145)) - DatanodeDetails is persisted to /home/runner/work/ozone/ozone/mnt/ozone/hadoop-ozone/integration-test/target/test-dir/MiniOzoneClusterImpl-4d691a8a-0502-4280-8005-09cceedbb589/datanode-3/meta/datanode.id
2021-06-07 01:00:30,226 [Listener at 127.0.0.1/46609] INFO  volume.HddsVolume (HddsVolume.java:<init>(184)) - Creating Volume: /home/runner/work/ozone/ozone/mnt/ozone/hadoop-ozone/integration-test/target/test-dir/MiniOzoneClusterImpl-4d691a8a-0502-4280-8005-09cceedbb589/datanode-4/data-0/containers/hdds of storage type : DISK and capacity : 9223372036854775807
2021-06-07 01:00:30,226 [Listener at 127.0.0.1/46609] INFO  volume.MutableVolumeSet (MutableVolumeSet.java:initializeVolumeSet(198)) - Added Volume : /home/runner/work/ozone/ozone/mnt/ozone/hadoop-ozone/integration-test/target/test-dir/MiniOzoneClusterImpl-4d691a8a-0502-4280-8005-09cceedbb589/datanode-4/data-0/containers/hdds to VolumeSet
2021-06-07 01:00:30,226 [Listener at 127.0.0.1/46609] INFO  volume.ThrottledAsyncChecker (ThrottledAsyncChecker.java:schedule(141)) - Scheduling a check for /home/runner/work/ozone/ozone/mnt/ozone/hadoop-ozone/integration-test/target/test-dir/MiniOzoneClusterImpl-4d691a8a-0502-4280-8005-09cceedbb589/datanode-4/data-0/containers/hdds
2021-06-07 01:00:30,227 [Listener at 127.0.0.1/46609] INFO  volume.HddsVolumeChecker (HddsVolumeChecker.java:checkAllVolumes(201)) - Scheduled health check for volume /home/runner/work/ozone/ozone/mnt/ozone/hadoop-ozone/integration-test/target/test-dir/MiniOzoneClusterImpl-4d691a8a-0502-4280-8005-09cceedbb589/datanode-4/data-0/containers/hdds
2021-06-07 01:00:30,239 [Listener at 127.0.0.1/46609] INFO  ozoneimpl.ContainerReader (ContainerReader.java:<init>(98)) - Running in upgrade mode:true
2021-06-07 01:00:30,239 [Thread-746] INFO  ozoneimpl.ContainerReader (ContainerReader.java:readVolume(142)) - Start to verify containers on volume /home/runner/work/ozone/ozone/mnt/ozone/hadoop-ozone/integration-test/target/test-dir/MiniOzoneClusterImpl-4d691a8a-0502-4280-8005-09cceedbb589/datanode-4/data-0/containers/hdds
2021-06-07 01:00:30,239 [Thread-746] INFO  ozoneimpl.ContainerReader (ContainerReader.java:readVolume(174)) - Finish verifying containers on volume /home/runner/work/ozone/ozone/mnt/ozone/hadoop-ozone/integration-test/target/test-dir/MiniOzoneClusterImpl-4d691a8a-0502-4280-8005-09cceedbb589/datanode-4/data-0/containers/hdds
2021-06-07 01:00:30,239 [Listener at 127.0.0.1/46609] INFO  ozoneimpl.OzoneContainer (OzoneContainer.java:buildContainerSet(228)) - Build ContainerSet costs 0s
2021-06-07 01:00:30,241 [Listener at 127.0.0.1/46609] INFO  server.RaftServer (ConfUtils.java:logGet(44)) - raft.rpc.type = GRPC (default)
2021-06-07 01:00:30,241 [Listener at 127.0.0.1/46609] INFO  grpc.GrpcFactory (GrpcFactory.java:checkPooledByteBufAllocatorUseCacheForAllThreads(48)) - PERFORMANCE WARNING: useCacheForAllThreads is true that may cause Netty to create a lot garbage objects and, as a result, trigger GC.
	It is recommended to disable useCacheForAllThreads by setting -Dorg.apache.ratis.thirdparty.io.netty.allocator.useCacheForAllThreads=false in command line.
2021-06-07 01:00:30,241 [Listener at 127.0.0.1/46609] INFO  grpc.GrpcConfigKeys (ConfUtils.java:logGet(44)) - raft.grpc.admin.port = 0 (custom)
2021-06-07 01:00:30,242 [Listener at 127.0.0.1/46609] INFO  grpc.GrpcConfigKeys (ConfUtils.java:logGet(44)) - raft.grpc.client.port = 0 (custom)
2021-06-07 01:00:30,242 [Listener at 127.0.0.1/46609] INFO  grpc.GrpcConfigKeys (ConfUtils.java:logGet(44)) - raft.grpc.server.port = 0 (default)
2021-06-07 01:00:30,242 [Listener at 127.0.0.1/46609] INFO  server.GrpcService (ConfUtils.java:logGet(44)) - raft.grpc.message.size.max = 32MB (=33554432) (custom)
2021-06-07 01:00:30,242 [Listener at 127.0.0.1/46609] INFO  server.RaftServerConfigKeys (ConfUtils.java:logGet(44)) - raft.server.log.appender.buffer.byte-limit = 33554432 (custom)
2021-06-07 01:00:30,242 [Listener at 127.0.0.1/46609] INFO  server.GrpcService (ConfUtils.java:logGet(44)) - raft.grpc.flow.control.window = 5MB (=5242880) (custom)
2021-06-07 01:00:30,242 [Listener at 127.0.0.1/46609] INFO  server.RaftServerConfigKeys (ConfUtils.java:logGet(44)) - raft.server.rpc.request.timeout = 3000ms (default)
2021-06-07 01:00:30,243 [Listener at 127.0.0.1/46609] INFO  impl.DataStreamServerImpl (ConfUtils.java:logGet(44)) - raft.datastream.type = DISABLED (default)
2021-06-07 01:00:30,244 [Listener at 127.0.0.1/46609] INFO  server.RaftServerConfigKeys (ConfUtils.java:logGet(44)) - raft.server.rpc.slowness.timeout = 300000ms (custom)
2021-06-07 01:00:30,244 [Listener at 127.0.0.1/46609] INFO  server.RaftServerConfigKeys (ConfUtils.java:logGet(44)) - raft.server.leaderelection.leader.step-down.wait-time = 10s (default)
2021-06-07 01:00:30,244 [Listener at 127.0.0.1/46609] INFO  server.RaftServerConfigKeys (ConfUtils.java:logGet(44)) - raft.server.storage.dir = [/home/runner/work/ozone/ozone/mnt/ozone/hadoop-ozone/integration-test/target/test-dir/MiniOzoneClusterImpl-4d691a8a-0502-4280-8005-09cceedbb589/datanode-4/data/ratis] (custom)
2021-06-07 01:00:30,247 [Listener at 127.0.0.1/46609] INFO  http.BaseHttpServer (BaseHttpServer.java:newHttpServer2BuilderForOzone(209)) - Starting Web-server for hddsDatanode at: http://0.0.0.0:0
2021-06-07 01:00:30,247 [Listener at 127.0.0.1/46609] INFO  http.BaseHttpServer (BaseHttpServer.java:<init>(107)) - Hadoop Security Enabled: false Ozone Security Enabled: false Ozone HTTP Security Enabled: false 
2021-06-07 01:00:30,248 [Listener at 127.0.0.1/46609] INFO  server.AuthenticationFilter (AuthenticationFilter.java:constructSecretProvider(240)) - Unable to initialize FileSignerSecretProvider, falling back to use random secrets.
2021-06-07 01:00:30,251 [Listener at 127.0.0.1/46609] WARN  http.HttpRequestLog (HttpRequestLog.java:getRequestLog(103)) - Jetty request log can only be enabled using Log4j
2021-06-07 01:00:30,252 [Listener at 127.0.0.1/46609] INFO  http.HttpServer2 (HttpServer2.java:addGlobalFilter(1020)) - Added global filter 'safety' (class=org.apache.hadoop.hdds.server.http.HttpServer2$QuotingInputFilter)
2021-06-07 01:00:30,252 [Listener at 127.0.0.1/46609] INFO  http.HttpServer2 (HttpServer2.java:addFilter(996)) - Added filter static_user_filter (class=org.apache.hadoop.http.lib.StaticUserWebFilter$StaticUserFilter) to context hddsDatanode
2021-06-07 01:00:30,253 [Listener at 127.0.0.1/46609] INFO  http.HttpServer2 (HttpServer2.java:addFilter(1004)) - Added filter static_user_filter (class=org.apache.hadoop.http.lib.StaticUserWebFilter$StaticUserFilter) to context static
2021-06-07 01:00:30,253 [Listener at 127.0.0.1/46609] INFO  http.HttpServer2 (HttpServer2.java:addFilter(1004)) - Added filter static_user_filter (class=org.apache.hadoop.http.lib.StaticUserWebFilter$StaticUserFilter) to context logs
2021-06-07 01:00:30,253 [Listener at 127.0.0.1/46609] INFO  http.HttpServer2 (HttpServer2.java:bindListener(1238)) - Jetty bound to port 46225
2021-06-07 01:00:30,253 [Listener at 127.0.0.1/46609] INFO  server.Server (Server.java:doStart(375)) - jetty-9.4.35.v20201120; built: 2020-11-20T21:17:03.964Z; git: bdc54f03a5e0a7e280fab27f55c3c75ee8da89fb; jvm 1.8.0_292-b10
2021-06-07 01:00:30,262 [Listener at 127.0.0.1/46609] INFO  server.session (DefaultSessionIdManager.java:doStart(334)) - DefaultSessionIdManager workerName=node0
2021-06-07 01:00:30,263 [Listener at 127.0.0.1/46609] INFO  server.session (DefaultSessionIdManager.java:doStart(339)) - No SessionScavenger set, using defaults
2021-06-07 01:00:30,263 [Listener at 127.0.0.1/46609] INFO  server.session (HouseKeeper.java:startScavenging(132)) - node0 Scavenging every 600000ms
2021-06-07 01:00:30,263 [Listener at 127.0.0.1/46609] INFO  handler.ContextHandler (ContextHandler.java:doStart(916)) - Started o.e.j.s.ServletContextHandler@52029f28{logs,/logs,file:///home/runner/work/ozone/ozone/mnt/ozone/hadoop-ozone/integration-test/target/log,AVAILABLE}
2021-06-07 01:00:30,264 [Listener at 127.0.0.1/46609] INFO  handler.ContextHandler (ContextHandler.java:doStart(916)) - Started o.e.j.s.ServletContextHandler@6dceb58c{static,/static,jar:file:/home/runner/.m2/repository/org/apache/ozone/hdds-container-service/1.2.0-SNAPSHOT/hdds-container-service-1.2.0-SNAPSHOT.jar!/webapps/static,AVAILABLE}
2021-06-07 01:00:30,304 [Listener at 127.0.0.1/46609] INFO  handler.ContextHandler (ContextHandler.java:doStart(916)) - Started o.e.j.w.WebAppContext@1bfca85c{hddsDatanode,/,file:///tmp/jetty-0_0_0_0-46225-hdds-container-service-1_2_0-SNAPSHOT_jar-_-any-586879294894687133/webapp/,AVAILABLE}{jar:file:/home/runner/.m2/repository/org/apache/ozone/hdds-container-service/1.2.0-SNAPSHOT/hdds-container-service-1.2.0-SNAPSHOT.jar!/webapps/hddsDatanode}
2021-06-07 01:00:30,305 [Listener at 127.0.0.1/46609] INFO  server.AbstractConnector (AbstractConnector.java:doStart(331)) - Started ServerConnector@791930f8{HTTP/1.1, (http/1.1)}{0.0.0.0:46225}
2021-06-07 01:00:30,305 [Listener at 127.0.0.1/46609] INFO  server.Server (Server.java:doStart(415)) - Started @67190ms
2021-06-07 01:00:30,305 [Listener at 127.0.0.1/46609] WARN  impl.MetricsSystemImpl (MetricsSystemImpl.java:register(279)) - Sink prometheus already exists!
2021-06-07 01:00:30,306 [Listener at 127.0.0.1/46609] INFO  http.BaseHttpServer (BaseHttpServer.java:updateConnectorAddress(329)) - HTTP server of hddsDatanode listening at http://0.0.0.0:46225
2021-06-07 01:00:30,306 [Listener at 127.0.0.1/46609] INFO  impl.MetricsSystemImpl (MetricsSystemImpl.java:init(158)) - HddsDatanode metrics system started (again)
2021-06-07 01:00:30,308 [Listener at 127.0.0.1/46609] INFO  ozone.HddsDatanodeService (HddsDatanodeService.java:start(220)) - HddsDatanodeService host:fv-az291-903.wgnan5asplgejimfprtllbpdch.jx.internal.cloudapp.net ip:10.1.0.42
2021-06-07 01:00:30,319 [org.apache.hadoop.util.JvmPauseMonitor$Monitor@55d6d141] INFO  util.JvmPauseMonitor (JvmPauseMonitor.java:run(188)) - Starting JVM pause monitor
2021-06-07 01:00:30,325 [Datanode State Machine Task Thread - 0] INFO  datanode.InitDatanodeState (InitDatanodeState.java:persistContainerDatanodeDetails(145)) - DatanodeDetails is persisted to /home/runner/work/ozone/ozone/mnt/ozone/hadoop-ozone/integration-test/target/test-dir/MiniOzoneClusterImpl-4d691a8a-0502-4280-8005-09cceedbb589/datanode-4/meta/datanode.id
2021-06-07 01:00:30,330 [Listener at 127.0.0.1/46609] INFO  volume.HddsVolume (HddsVolume.java:<init>(184)) - Creating Volume: /home/runner/work/ozone/ozone/mnt/ozone/hadoop-ozone/integration-test/target/test-dir/MiniOzoneClusterImpl-4d691a8a-0502-4280-8005-09cceedbb589/datanode-5/data-0/containers/hdds of storage type : DISK and capacity : 9223372036854775807
2021-06-07 01:00:30,331 [Listener at 127.0.0.1/46609] INFO  volume.MutableVolumeSet (MutableVolumeSet.java:initializeVolumeSet(198)) - Added Volume : /home/runner/work/ozone/ozone/mnt/ozone/hadoop-ozone/integration-test/target/test-dir/MiniOzoneClusterImpl-4d691a8a-0502-4280-8005-09cceedbb589/datanode-5/data-0/containers/hdds to VolumeSet
2021-06-07 01:00:30,331 [Listener at 127.0.0.1/46609] INFO  volume.ThrottledAsyncChecker (ThrottledAsyncChecker.java:schedule(141)) - Scheduling a check for /home/runner/work/ozone/ozone/mnt/ozone/hadoop-ozone/integration-test/target/test-dir/MiniOzoneClusterImpl-4d691a8a-0502-4280-8005-09cceedbb589/datanode-5/data-0/containers/hdds
2021-06-07 01:00:30,334 [Listener at 127.0.0.1/46609] INFO  volume.HddsVolumeChecker (HddsVolumeChecker.java:checkAllVolumes(201)) - Scheduled health check for volume /home/runner/work/ozone/ozone/mnt/ozone/hadoop-ozone/integration-test/target/test-dir/MiniOzoneClusterImpl-4d691a8a-0502-4280-8005-09cceedbb589/datanode-5/data-0/containers/hdds
2021-06-07 01:00:30,347 [Listener at 127.0.0.1/46609] INFO  ozoneimpl.ContainerReader (ContainerReader.java:<init>(98)) - Running in upgrade mode:true
2021-06-07 01:00:30,347 [Thread-757] INFO  ozoneimpl.ContainerReader (ContainerReader.java:readVolume(142)) - Start to verify containers on volume /home/runner/work/ozone/ozone/mnt/ozone/hadoop-ozone/integration-test/target/test-dir/MiniOzoneClusterImpl-4d691a8a-0502-4280-8005-09cceedbb589/datanode-5/data-0/containers/hdds
2021-06-07 01:00:30,347 [Thread-757] INFO  ozoneimpl.ContainerReader (ContainerReader.java:readVolume(174)) - Finish verifying containers on volume /home/runner/work/ozone/ozone/mnt/ozone/hadoop-ozone/integration-test/target/test-dir/MiniOzoneClusterImpl-4d691a8a-0502-4280-8005-09cceedbb589/datanode-5/data-0/containers/hdds
2021-06-07 01:00:30,347 [Listener at 127.0.0.1/46609] INFO  ozoneimpl.OzoneContainer (OzoneContainer.java:buildContainerSet(228)) - Build ContainerSet costs 0s
2021-06-07 01:00:30,349 [Listener at 127.0.0.1/46609] INFO  server.RaftServer (ConfUtils.java:logGet(44)) - raft.rpc.type = GRPC (default)
2021-06-07 01:00:30,349 [Listener at 127.0.0.1/46609] INFO  grpc.GrpcFactory (GrpcFactory.java:checkPooledByteBufAllocatorUseCacheForAllThreads(48)) - PERFORMANCE WARNING: useCacheForAllThreads is true that may cause Netty to create a lot garbage objects and, as a result, trigger GC.
	It is recommended to disable useCacheForAllThreads by setting -Dorg.apache.ratis.thirdparty.io.netty.allocator.useCacheForAllThreads=false in command line.
2021-06-07 01:00:30,349 [Listener at 127.0.0.1/46609] INFO  grpc.GrpcConfigKeys (ConfUtils.java:logGet(44)) - raft.grpc.admin.port = 0 (custom)
2021-06-07 01:00:30,349 [Listener at 127.0.0.1/46609] INFO  grpc.GrpcConfigKeys (ConfUtils.java:logGet(44)) - raft.grpc.client.port = 0 (custom)
2021-06-07 01:00:30,349 [Listener at 127.0.0.1/46609] INFO  grpc.GrpcConfigKeys (ConfUtils.java:logGet(44)) - raft.grpc.server.port = 0 (default)
2021-06-07 01:00:30,349 [Listener at 127.0.0.1/46609] INFO  server.GrpcService (ConfUtils.java:logGet(44)) - raft.grpc.message.size.max = 32MB (=33554432) (custom)
2021-06-07 01:00:30,349 [Listener at 127.0.0.1/46609] INFO  server.RaftServerConfigKeys (ConfUtils.java:logGet(44)) - raft.server.log.appender.buffer.byte-limit = 33554432 (custom)
2021-06-07 01:00:30,349 [Listener at 127.0.0.1/46609] INFO  server.GrpcService (ConfUtils.java:logGet(44)) - raft.grpc.flow.control.window = 5MB (=5242880) (custom)
2021-06-07 01:00:30,350 [Listener at 127.0.0.1/46609] INFO  server.RaftServerConfigKeys (ConfUtils.java:logGet(44)) - raft.server.rpc.request.timeout = 3000ms (default)
2021-06-07 01:00:30,350 [Listener at 127.0.0.1/46609] INFO  impl.DataStreamServerImpl (ConfUtils.java:logGet(44)) - raft.datastream.type = DISABLED (default)
2021-06-07 01:00:30,351 [Listener at 127.0.0.1/46609] INFO  server.RaftServerConfigKeys (ConfUtils.java:logGet(44)) - raft.server.rpc.slowness.timeout = 300000ms (custom)
2021-06-07 01:00:30,351 [Listener at 127.0.0.1/46609] INFO  server.RaftServerConfigKeys (ConfUtils.java:logGet(44)) - raft.server.leaderelection.leader.step-down.wait-time = 10s (default)
2021-06-07 01:00:30,351 [Listener at 127.0.0.1/46609] INFO  server.RaftServerConfigKeys (ConfUtils.java:logGet(44)) - raft.server.storage.dir = [/home/runner/work/ozone/ozone/mnt/ozone/hadoop-ozone/integration-test/target/test-dir/MiniOzoneClusterImpl-4d691a8a-0502-4280-8005-09cceedbb589/datanode-5/data/ratis] (custom)
2021-06-07 01:00:30,354 [Listener at 127.0.0.1/46609] INFO  http.BaseHttpServer (BaseHttpServer.java:newHttpServer2BuilderForOzone(209)) - Starting Web-server for hddsDatanode at: http://0.0.0.0:0
2021-06-07 01:00:30,354 [Listener at 127.0.0.1/46609] INFO  http.BaseHttpServer (BaseHttpServer.java:<init>(107)) - Hadoop Security Enabled: false Ozone Security Enabled: false Ozone HTTP Security Enabled: false 
2021-06-07 01:00:30,354 [Listener at 127.0.0.1/46609] INFO  server.AuthenticationFilter (AuthenticationFilter.java:constructSecretProvider(240)) - Unable to initialize FileSignerSecretProvider, falling back to use random secrets.
2021-06-07 01:00:30,355 [Listener at 127.0.0.1/46609] WARN  http.HttpRequestLog (HttpRequestLog.java:getRequestLog(103)) - Jetty request log can only be enabled using Log4j
2021-06-07 01:00:30,355 [Listener at 127.0.0.1/46609] INFO  http.HttpServer2 (HttpServer2.java:addGlobalFilter(1020)) - Added global filter 'safety' (class=org.apache.hadoop.hdds.server.http.HttpServer2$QuotingInputFilter)
2021-06-07 01:00:30,356 [Listener at 127.0.0.1/46609] INFO  http.HttpServer2 (HttpServer2.java:addFilter(996)) - Added filter static_user_filter (class=org.apache.hadoop.http.lib.StaticUserWebFilter$StaticUserFilter) to context hddsDatanode
2021-06-07 01:00:30,356 [Listener at 127.0.0.1/46609] INFO  http.HttpServer2 (HttpServer2.java:addFilter(1004)) - Added filter static_user_filter (class=org.apache.hadoop.http.lib.StaticUserWebFilter$StaticUserFilter) to context static
2021-06-07 01:00:30,356 [Listener at 127.0.0.1/46609] INFO  http.HttpServer2 (HttpServer2.java:addFilter(1004)) - Added filter static_user_filter (class=org.apache.hadoop.http.lib.StaticUserWebFilter$StaticUserFilter) to context logs
2021-06-07 01:00:30,356 [Listener at 127.0.0.1/46609] INFO  http.HttpServer2 (HttpServer2.java:bindListener(1238)) - Jetty bound to port 37605
2021-06-07 01:00:30,356 [Listener at 127.0.0.1/46609] INFO  server.Server (Server.java:doStart(375)) - jetty-9.4.35.v20201120; built: 2020-11-20T21:17:03.964Z; git: bdc54f03a5e0a7e280fab27f55c3c75ee8da89fb; jvm 1.8.0_292-b10
2021-06-07 01:00:30,358 [Listener at 127.0.0.1/46609] INFO  server.session (DefaultSessionIdManager.java:doStart(334)) - DefaultSessionIdManager workerName=node0
2021-06-07 01:00:30,358 [Listener at 127.0.0.1/46609] INFO  server.session (DefaultSessionIdManager.java:doStart(339)) - No SessionScavenger set, using defaults
2021-06-07 01:00:30,358 [Listener at 127.0.0.1/46609] INFO  server.session (HouseKeeper.java:startScavenging(132)) - node0 Scavenging every 660000ms
2021-06-07 01:00:30,359 [Listener at 127.0.0.1/46609] INFO  handler.ContextHandler (ContextHandler.java:doStart(916)) - Started o.e.j.s.ServletContextHandler@6cb715fd{logs,/logs,file:///home/runner/work/ozone/ozone/mnt/ozone/hadoop-ozone/integration-test/target/log,AVAILABLE}
2021-06-07 01:00:30,359 [Listener at 127.0.0.1/46609] INFO  handler.ContextHandler (ContextHandler.java:doStart(916)) - Started o.e.j.s.ServletContextHandler@20347d47{static,/static,jar:file:/home/runner/.m2/repository/org/apache/ozone/hdds-container-service/1.2.0-SNAPSHOT/hdds-container-service-1.2.0-SNAPSHOT.jar!/webapps/static,AVAILABLE}
2021-06-07 01:00:30,396 [Listener at 127.0.0.1/46609] INFO  handler.ContextHandler (ContextHandler.java:doStart(916)) - Started o.e.j.w.WebAppContext@399c0608{hddsDatanode,/,file:///tmp/jetty-0_0_0_0-37605-hdds-container-service-1_2_0-SNAPSHOT_jar-_-any-389790003339986050/webapp/,AVAILABLE}{jar:file:/home/runner/.m2/repository/org/apache/ozone/hdds-container-service/1.2.0-SNAPSHOT/hdds-container-service-1.2.0-SNAPSHOT.jar!/webapps/hddsDatanode}
2021-06-07 01:00:30,398 [Listener at 127.0.0.1/46609] INFO  server.AbstractConnector (AbstractConnector.java:doStart(331)) - Started ServerConnector@64073f50{HTTP/1.1, (http/1.1)}{0.0.0.0:37605}
2021-06-07 01:00:30,399 [Listener at 127.0.0.1/46609] INFO  server.Server (Server.java:doStart(415)) - Started @67284ms
2021-06-07 01:00:30,399 [Listener at 127.0.0.1/46609] WARN  impl.MetricsSystemImpl (MetricsSystemImpl.java:register(279)) - Sink prometheus already exists!
2021-06-07 01:00:30,400 [Listener at 127.0.0.1/46609] INFO  http.BaseHttpServer (BaseHttpServer.java:updateConnectorAddress(329)) - HTTP server of hddsDatanode listening at http://0.0.0.0:37605
2021-06-07 01:00:30,402 [Listener at 127.0.0.1/46609] INFO  impl.MetricsSystemImpl (MetricsSystemImpl.java:init(158)) - HddsDatanode metrics system started (again)
2021-06-07 01:00:30,405 [Listener at 127.0.0.1/46609] INFO  ozone.HddsDatanodeService (HddsDatanodeService.java:start(220)) - HddsDatanodeService host:fv-az291-903.wgnan5asplgejimfprtllbpdch.jx.internal.cloudapp.net ip:10.1.0.42
2021-06-07 01:00:30,414 [org.apache.hadoop.util.JvmPauseMonitor$Monitor@5abea7e4] INFO  util.JvmPauseMonitor (JvmPauseMonitor.java:run(188)) - Starting JVM pause monitor
2021-06-07 01:00:30,418 [Datanode State Machine Task Thread - 0] INFO  datanode.InitDatanodeState (InitDatanodeState.java:persistContainerDatanodeDetails(145)) - DatanodeDetails is persisted to /home/runner/work/ozone/ozone/mnt/ozone/hadoop-ozone/integration-test/target/test-dir/MiniOzoneClusterImpl-4d691a8a-0502-4280-8005-09cceedbb589/datanode-5/meta/datanode.id
2021-06-07 01:00:30,435 [Listener at 127.0.0.1/46609] INFO  volume.HddsVolume (HddsVolume.java:<init>(184)) - Creating Volume: /home/runner/work/ozone/ozone/mnt/ozone/hadoop-ozone/integration-test/target/test-dir/MiniOzoneClusterImpl-4d691a8a-0502-4280-8005-09cceedbb589/datanode-6/data-0/containers/hdds of storage type : DISK and capacity : 9223372036854775807
2021-06-07 01:00:30,435 [Listener at 127.0.0.1/46609] INFO  volume.MutableVolumeSet (MutableVolumeSet.java:initializeVolumeSet(198)) - Added Volume : /home/runner/work/ozone/ozone/mnt/ozone/hadoop-ozone/integration-test/target/test-dir/MiniOzoneClusterImpl-4d691a8a-0502-4280-8005-09cceedbb589/datanode-6/data-0/containers/hdds to VolumeSet
2021-06-07 01:00:30,435 [Listener at 127.0.0.1/46609] INFO  volume.ThrottledAsyncChecker (ThrottledAsyncChecker.java:schedule(141)) - Scheduling a check for /home/runner/work/ozone/ozone/mnt/ozone/hadoop-ozone/integration-test/target/test-dir/MiniOzoneClusterImpl-4d691a8a-0502-4280-8005-09cceedbb589/datanode-6/data-0/containers/hdds
2021-06-07 01:00:30,441 [Listener at 127.0.0.1/46609] INFO  volume.HddsVolumeChecker (HddsVolumeChecker.java:checkAllVolumes(201)) - Scheduled health check for volume /home/runner/work/ozone/ozone/mnt/ozone/hadoop-ozone/integration-test/target/test-dir/MiniOzoneClusterImpl-4d691a8a-0502-4280-8005-09cceedbb589/datanode-6/data-0/containers/hdds
2021-06-07 01:00:30,454 [Listener at 127.0.0.1/46609] INFO  ozoneimpl.ContainerReader (ContainerReader.java:<init>(98)) - Running in upgrade mode:true
2021-06-07 01:00:30,454 [Thread-768] INFO  ozoneimpl.ContainerReader (ContainerReader.java:readVolume(142)) - Start to verify containers on volume /home/runner/work/ozone/ozone/mnt/ozone/hadoop-ozone/integration-test/target/test-dir/MiniOzoneClusterImpl-4d691a8a-0502-4280-8005-09cceedbb589/datanode-6/data-0/containers/hdds
2021-06-07 01:00:30,454 [Thread-768] INFO  ozoneimpl.ContainerReader (ContainerReader.java:readVolume(174)) - Finish verifying containers on volume /home/runner/work/ozone/ozone/mnt/ozone/hadoop-ozone/integration-test/target/test-dir/MiniOzoneClusterImpl-4d691a8a-0502-4280-8005-09cceedbb589/datanode-6/data-0/containers/hdds
2021-06-07 01:00:30,454 [Listener at 127.0.0.1/46609] INFO  ozoneimpl.OzoneContainer (OzoneContainer.java:buildContainerSet(228)) - Build ContainerSet costs 0s
2021-06-07 01:00:30,457 [Listener at 127.0.0.1/46609] INFO  server.RaftServer (ConfUtils.java:logGet(44)) - raft.rpc.type = GRPC (default)
2021-06-07 01:00:30,457 [Listener at 127.0.0.1/46609] INFO  grpc.GrpcFactory (GrpcFactory.java:checkPooledByteBufAllocatorUseCacheForAllThreads(48)) - PERFORMANCE WARNING: useCacheForAllThreads is true that may cause Netty to create a lot garbage objects and, as a result, trigger GC.
	It is recommended to disable useCacheForAllThreads by setting -Dorg.apache.ratis.thirdparty.io.netty.allocator.useCacheForAllThreads=false in command line.
2021-06-07 01:00:30,457 [Listener at 127.0.0.1/46609] INFO  grpc.GrpcConfigKeys (ConfUtils.java:logGet(44)) - raft.grpc.admin.port = 0 (custom)
2021-06-07 01:00:30,458 [Listener at 127.0.0.1/46609] INFO  grpc.GrpcConfigKeys (ConfUtils.java:logGet(44)) - raft.grpc.client.port = 0 (custom)
2021-06-07 01:00:30,458 [Listener at 127.0.0.1/46609] INFO  grpc.GrpcConfigKeys (ConfUtils.java:logGet(44)) - raft.grpc.server.port = 0 (default)
2021-06-07 01:00:30,458 [Listener at 127.0.0.1/46609] INFO  server.GrpcService (ConfUtils.java:logGet(44)) - raft.grpc.message.size.max = 32MB (=33554432) (custom)
2021-06-07 01:00:30,458 [Listener at 127.0.0.1/46609] INFO  server.RaftServerConfigKeys (ConfUtils.java:logGet(44)) - raft.server.log.appender.buffer.byte-limit = 33554432 (custom)
2021-06-07 01:00:30,458 [Listener at 127.0.0.1/46609] INFO  server.GrpcService (ConfUtils.java:logGet(44)) - raft.grpc.flow.control.window = 5MB (=5242880) (custom)
2021-06-07 01:00:30,458 [Listener at 127.0.0.1/46609] INFO  server.RaftServerConfigKeys (ConfUtils.java:logGet(44)) - raft.server.rpc.request.timeout = 3000ms (default)
2021-06-07 01:00:30,459 [Listener at 127.0.0.1/46609] INFO  impl.DataStreamServerImpl (ConfUtils.java:logGet(44)) - raft.datastream.type = DISABLED (default)
2021-06-07 01:00:30,459 [Listener at 127.0.0.1/46609] INFO  server.RaftServerConfigKeys (ConfUtils.java:logGet(44)) - raft.server.rpc.slowness.timeout = 300000ms (custom)
2021-06-07 01:00:30,459 [Listener at 127.0.0.1/46609] INFO  server.RaftServerConfigKeys (ConfUtils.java:logGet(44)) - raft.server.leaderelection.leader.step-down.wait-time = 10s (default)
2021-06-07 01:00:30,460 [Listener at 127.0.0.1/46609] INFO  server.RaftServerConfigKeys (ConfUtils.java:logGet(44)) - raft.server.storage.dir = [/home/runner/work/ozone/ozone/mnt/ozone/hadoop-ozone/integration-test/target/test-dir/MiniOzoneClusterImpl-4d691a8a-0502-4280-8005-09cceedbb589/datanode-6/data/ratis] (custom)
2021-06-07 01:00:30,463 [Listener at 127.0.0.1/46609] INFO  http.BaseHttpServer (BaseHttpServer.java:newHttpServer2BuilderForOzone(209)) - Starting Web-server for hddsDatanode at: http://0.0.0.0:0
2021-06-07 01:00:30,464 [Listener at 127.0.0.1/46609] INFO  http.BaseHttpServer (BaseHttpServer.java:<init>(107)) - Hadoop Security Enabled: false Ozone Security Enabled: false Ozone HTTP Security Enabled: false 
2021-06-07 01:00:30,465 [Listener at 127.0.0.1/46609] INFO  server.AuthenticationFilter (AuthenticationFilter.java:constructSecretProvider(240)) - Unable to initialize FileSignerSecretProvider, falling back to use random secrets.
2021-06-07 01:00:30,465 [Listener at 127.0.0.1/46609] WARN  http.HttpRequestLog (HttpRequestLog.java:getRequestLog(103)) - Jetty request log can only be enabled using Log4j
2021-06-07 01:00:30,467 [Listener at 127.0.0.1/46609] INFO  http.HttpServer2 (HttpServer2.java:addGlobalFilter(1020)) - Added global filter 'safety' (class=org.apache.hadoop.hdds.server.http.HttpServer2$QuotingInputFilter)
2021-06-07 01:00:30,468 [Listener at 127.0.0.1/46609] INFO  http.HttpServer2 (HttpServer2.java:addFilter(996)) - Added filter static_user_filter (class=org.apache.hadoop.http.lib.StaticUserWebFilter$StaticUserFilter) to context hddsDatanode
2021-06-07 01:00:30,468 [Listener at 127.0.0.1/46609] INFO  http.HttpServer2 (HttpServer2.java:addFilter(1004)) - Added filter static_user_filter (class=org.apache.hadoop.http.lib.StaticUserWebFilter$StaticUserFilter) to context static
2021-06-07 01:00:30,468 [Listener at 127.0.0.1/46609] INFO  http.HttpServer2 (HttpServer2.java:addFilter(1004)) - Added filter static_user_filter (class=org.apache.hadoop.http.lib.StaticUserWebFilter$StaticUserFilter) to context logs
2021-06-07 01:00:30,468 [Listener at 127.0.0.1/46609] INFO  http.HttpServer2 (HttpServer2.java:bindListener(1238)) - Jetty bound to port 34437
2021-06-07 01:00:30,468 [Listener at 127.0.0.1/46609] INFO  server.Server (Server.java:doStart(375)) - jetty-9.4.35.v20201120; built: 2020-11-20T21:17:03.964Z; git: bdc54f03a5e0a7e280fab27f55c3c75ee8da89fb; jvm 1.8.0_292-b10
2021-06-07 01:00:30,470 [Listener at 127.0.0.1/46609] INFO  server.session (DefaultSessionIdManager.java:doStart(334)) - DefaultSessionIdManager workerName=node0
2021-06-07 01:00:30,470 [Listener at 127.0.0.1/46609] INFO  server.session (DefaultSessionIdManager.java:doStart(339)) - No SessionScavenger set, using defaults
2021-06-07 01:00:30,470 [Listener at 127.0.0.1/46609] INFO  server.session (HouseKeeper.java:startScavenging(132)) - node0 Scavenging every 660000ms
2021-06-07 01:00:30,474 [Listener at 127.0.0.1/46609] INFO  handler.ContextHandler (ContextHandler.java:doStart(916)) - Started o.e.j.s.ServletContextHandler@78b2504d{logs,/logs,file:///home/runner/work/ozone/ozone/mnt/ozone/hadoop-ozone/integration-test/target/log,AVAILABLE}
2021-06-07 01:00:30,475 [Listener at 127.0.0.1/46609] INFO  handler.ContextHandler (ContextHandler.java:doStart(916)) - Started o.e.j.s.ServletContextHandler@50bdd956{static,/static,jar:file:/home/runner/.m2/repository/org/apache/ozone/hdds-container-service/1.2.0-SNAPSHOT/hdds-container-service-1.2.0-SNAPSHOT.jar!/webapps/static,AVAILABLE}
2021-06-07 01:00:30,517 [Listener at 127.0.0.1/46609] INFO  handler.ContextHandler (ContextHandler.java:doStart(916)) - Started o.e.j.w.WebAppContext@4fe57305{hddsDatanode,/,file:///tmp/jetty-0_0_0_0-34437-hdds-container-service-1_2_0-SNAPSHOT_jar-_-any-5363413521343737901/webapp/,AVAILABLE}{jar:file:/home/runner/.m2/repository/org/apache/ozone/hdds-container-service/1.2.0-SNAPSHOT/hdds-container-service-1.2.0-SNAPSHOT.jar!/webapps/hddsDatanode}
2021-06-07 01:00:30,518 [Listener at 127.0.0.1/46609] INFO  server.AbstractConnector (AbstractConnector.java:doStart(331)) - Started ServerConnector@47daff53{HTTP/1.1, (http/1.1)}{0.0.0.0:34437}
2021-06-07 01:00:30,518 [Listener at 127.0.0.1/46609] INFO  server.Server (Server.java:doStart(415)) - Started @67403ms
2021-06-07 01:00:30,518 [Listener at 127.0.0.1/46609] WARN  impl.MetricsSystemImpl (MetricsSystemImpl.java:register(279)) - Sink prometheus already exists!
2021-06-07 01:00:30,519 [Listener at 127.0.0.1/46609] INFO  http.BaseHttpServer (BaseHttpServer.java:updateConnectorAddress(329)) - HTTP server of hddsDatanode listening at http://0.0.0.0:34437
2021-06-07 01:00:30,523 [Listener at 127.0.0.1/46609] INFO  impl.MetricsSystemImpl (MetricsSystemImpl.java:init(158)) - HddsDatanode metrics system started (again)
2021-06-07 01:00:30,525 [Listener at 127.0.0.1/46609] INFO  ozone.HddsDatanodeService (HddsDatanodeService.java:start(220)) - HddsDatanodeService host:fv-az291-903.wgnan5asplgejimfprtllbpdch.jx.internal.cloudapp.net ip:10.1.0.42
2021-06-07 01:00:30,527 [org.apache.hadoop.util.JvmPauseMonitor$Monitor@1f6b3026] INFO  util.JvmPauseMonitor (JvmPauseMonitor.java:run(188)) - Starting JVM pause monitor
2021-06-07 01:00:30,530 [Datanode State Machine Task Thread - 0] INFO  datanode.InitDatanodeState (InitDatanodeState.java:persistContainerDatanodeDetails(145)) - DatanodeDetails is persisted to /home/runner/work/ozone/ozone/mnt/ozone/hadoop-ozone/integration-test/target/test-dir/MiniOzoneClusterImpl-4d691a8a-0502-4280-8005-09cceedbb589/datanode-6/meta/datanode.id
2021-06-07 01:00:30,541 [Listener at 127.0.0.1/46609] INFO  volume.HddsVolume (HddsVolume.java:<init>(184)) - Creating Volume: /home/runner/work/ozone/ozone/mnt/ozone/hadoop-ozone/integration-test/target/test-dir/MiniOzoneClusterImpl-4d691a8a-0502-4280-8005-09cceedbb589/datanode-7/data-0/containers/hdds of storage type : DISK and capacity : 9223372036854775807
2021-06-07 01:00:30,541 [Listener at 127.0.0.1/46609] INFO  volume.MutableVolumeSet (MutableVolumeSet.java:initializeVolumeSet(198)) - Added Volume : /home/runner/work/ozone/ozone/mnt/ozone/hadoop-ozone/integration-test/target/test-dir/MiniOzoneClusterImpl-4d691a8a-0502-4280-8005-09cceedbb589/datanode-7/data-0/containers/hdds to VolumeSet
2021-06-07 01:00:30,541 [Listener at 127.0.0.1/46609] INFO  volume.ThrottledAsyncChecker (ThrottledAsyncChecker.java:schedule(141)) - Scheduling a check for /home/runner/work/ozone/ozone/mnt/ozone/hadoop-ozone/integration-test/target/test-dir/MiniOzoneClusterImpl-4d691a8a-0502-4280-8005-09cceedbb589/datanode-7/data-0/containers/hdds
2021-06-07 01:00:30,541 [Listener at 127.0.0.1/46609] INFO  volume.HddsVolumeChecker (HddsVolumeChecker.java:checkAllVolumes(201)) - Scheduled health check for volume /home/runner/work/ozone/ozone/mnt/ozone/hadoop-ozone/integration-test/target/test-dir/MiniOzoneClusterImpl-4d691a8a-0502-4280-8005-09cceedbb589/datanode-7/data-0/containers/hdds
2021-06-07 01:00:30,554 [Listener at 127.0.0.1/46609] INFO  ozoneimpl.ContainerReader (ContainerReader.java:<init>(98)) - Running in upgrade mode:true
2021-06-07 01:00:30,555 [Thread-779] INFO  ozoneimpl.ContainerReader (ContainerReader.java:readVolume(142)) - Start to verify containers on volume /home/runner/work/ozone/ozone/mnt/ozone/hadoop-ozone/integration-test/target/test-dir/MiniOzoneClusterImpl-4d691a8a-0502-4280-8005-09cceedbb589/datanode-7/data-0/containers/hdds
2021-06-07 01:00:30,555 [Thread-779] INFO  ozoneimpl.ContainerReader (ContainerReader.java:readVolume(174)) - Finish verifying containers on volume /home/runner/work/ozone/ozone/mnt/ozone/hadoop-ozone/integration-test/target/test-dir/MiniOzoneClusterImpl-4d691a8a-0502-4280-8005-09cceedbb589/datanode-7/data-0/containers/hdds
2021-06-07 01:00:30,555 [Listener at 127.0.0.1/46609] INFO  ozoneimpl.OzoneContainer (OzoneContainer.java:buildContainerSet(228)) - Build ContainerSet costs 0s
2021-06-07 01:00:30,556 [Listener at 127.0.0.1/46609] INFO  server.RaftServer (ConfUtils.java:logGet(44)) - raft.rpc.type = GRPC (default)
2021-06-07 01:00:30,557 [Listener at 127.0.0.1/46609] INFO  grpc.GrpcFactory (GrpcFactory.java:checkPooledByteBufAllocatorUseCacheForAllThreads(48)) - PERFORMANCE WARNING: useCacheForAllThreads is true that may cause Netty to create a lot garbage objects and, as a result, trigger GC.
	It is recommended to disable useCacheForAllThreads by setting -Dorg.apache.ratis.thirdparty.io.netty.allocator.useCacheForAllThreads=false in command line.
2021-06-07 01:00:30,557 [Listener at 127.0.0.1/46609] INFO  grpc.GrpcConfigKeys (ConfUtils.java:logGet(44)) - raft.grpc.admin.port = 0 (custom)
2021-06-07 01:00:30,557 [Listener at 127.0.0.1/46609] INFO  grpc.GrpcConfigKeys (ConfUtils.java:logGet(44)) - raft.grpc.client.port = 0 (custom)
2021-06-07 01:00:30,557 [Listener at 127.0.0.1/46609] INFO  grpc.GrpcConfigKeys (ConfUtils.java:logGet(44)) - raft.grpc.server.port = 0 (default)
2021-06-07 01:00:30,557 [Listener at 127.0.0.1/46609] INFO  server.GrpcService (ConfUtils.java:logGet(44)) - raft.grpc.message.size.max = 32MB (=33554432) (custom)
2021-06-07 01:00:30,557 [Listener at 127.0.0.1/46609] INFO  server.RaftServerConfigKeys (ConfUtils.java:logGet(44)) - raft.server.log.appender.buffer.byte-limit = 33554432 (custom)
2021-06-07 01:00:30,558 [Listener at 127.0.0.1/46609] INFO  server.GrpcService (ConfUtils.java:logGet(44)) - raft.grpc.flow.control.window = 5MB (=5242880) (custom)
2021-06-07 01:00:30,558 [Listener at 127.0.0.1/46609] INFO  server.RaftServerConfigKeys (ConfUtils.java:logGet(44)) - raft.server.rpc.request.timeout = 3000ms (default)
2021-06-07 01:00:30,559 [Listener at 127.0.0.1/46609] INFO  impl.DataStreamServerImpl (ConfUtils.java:logGet(44)) - raft.datastream.type = DISABLED (default)
2021-06-07 01:00:30,559 [Listener at 127.0.0.1/46609] INFO  server.RaftServerConfigKeys (ConfUtils.java:logGet(44)) - raft.server.rpc.slowness.timeout = 300000ms (custom)
2021-06-07 01:00:30,559 [Listener at 127.0.0.1/46609] INFO  server.RaftServerConfigKeys (ConfUtils.java:logGet(44)) - raft.server.leaderelection.leader.step-down.wait-time = 10s (default)
2021-06-07 01:00:30,559 [Listener at 127.0.0.1/46609] INFO  server.RaftServerConfigKeys (ConfUtils.java:logGet(44)) - raft.server.storage.dir = [/home/runner/work/ozone/ozone/mnt/ozone/hadoop-ozone/integration-test/target/test-dir/MiniOzoneClusterImpl-4d691a8a-0502-4280-8005-09cceedbb589/datanode-7/data/ratis] (custom)
2021-06-07 01:00:30,562 [Listener at 127.0.0.1/46609] INFO  http.BaseHttpServer (BaseHttpServer.java:newHttpServer2BuilderForOzone(209)) - Starting Web-server for hddsDatanode at: http://0.0.0.0:0
2021-06-07 01:00:30,562 [Listener at 127.0.0.1/46609] INFO  http.BaseHttpServer (BaseHttpServer.java:<init>(107)) - Hadoop Security Enabled: false Ozone Security Enabled: false Ozone HTTP Security Enabled: false 
2021-06-07 01:00:30,565 [Listener at 127.0.0.1/46609] INFO  server.AuthenticationFilter (AuthenticationFilter.java:constructSecretProvider(240)) - Unable to initialize FileSignerSecretProvider, falling back to use random secrets.
2021-06-07 01:00:30,565 [Listener at 127.0.0.1/46609] WARN  http.HttpRequestLog (HttpRequestLog.java:getRequestLog(103)) - Jetty request log can only be enabled using Log4j
2021-06-07 01:00:30,566 [Listener at 127.0.0.1/46609] INFO  http.HttpServer2 (HttpServer2.java:addGlobalFilter(1020)) - Added global filter 'safety' (class=org.apache.hadoop.hdds.server.http.HttpServer2$QuotingInputFilter)
2021-06-07 01:00:30,566 [Listener at 127.0.0.1/46609] INFO  http.HttpServer2 (HttpServer2.java:addFilter(996)) - Added filter static_user_filter (class=org.apache.hadoop.http.lib.StaticUserWebFilter$StaticUserFilter) to context hddsDatanode
2021-06-07 01:00:30,566 [Listener at 127.0.0.1/46609] INFO  http.HttpServer2 (HttpServer2.java:addFilter(1004)) - Added filter static_user_filter (class=org.apache.hadoop.http.lib.StaticUserWebFilter$StaticUserFilter) to context logs
2021-06-07 01:00:30,567 [Listener at 127.0.0.1/46609] INFO  http.HttpServer2 (HttpServer2.java:addFilter(1004)) - Added filter static_user_filter (class=org.apache.hadoop.http.lib.StaticUserWebFilter$StaticUserFilter) to context static
2021-06-07 01:00:30,567 [Listener at 127.0.0.1/46609] INFO  http.HttpServer2 (HttpServer2.java:bindListener(1238)) - Jetty bound to port 40063
2021-06-07 01:00:30,567 [Listener at 127.0.0.1/46609] INFO  server.Server (Server.java:doStart(375)) - jetty-9.4.35.v20201120; built: 2020-11-20T21:17:03.964Z; git: bdc54f03a5e0a7e280fab27f55c3c75ee8da89fb; jvm 1.8.0_292-b10
2021-06-07 01:00:30,574 [Listener at 127.0.0.1/46609] INFO  server.session (DefaultSessionIdManager.java:doStart(334)) - DefaultSessionIdManager workerName=node0
2021-06-07 01:00:30,575 [Listener at 127.0.0.1/46609] INFO  server.session (DefaultSessionIdManager.java:doStart(339)) - No SessionScavenger set, using defaults
2021-06-07 01:00:30,577 [Listener at 127.0.0.1/46609] INFO  server.session (HouseKeeper.java:startScavenging(132)) - node0 Scavenging every 600000ms
2021-06-07 01:00:30,577 [Listener at 127.0.0.1/46609] INFO  handler.ContextHandler (ContextHandler.java:doStart(916)) - Started o.e.j.s.ServletContextHandler@733e1e36{logs,/logs,file:///home/runner/work/ozone/ozone/mnt/ozone/hadoop-ozone/integration-test/target/log,AVAILABLE}
2021-06-07 01:00:30,577 [Listener at 127.0.0.1/46609] INFO  handler.ContextHandler (ContextHandler.java:doStart(916)) - Started o.e.j.s.ServletContextHandler@5b2897d7{static,/static,jar:file:/home/runner/.m2/repository/org/apache/ozone/hdds-container-service/1.2.0-SNAPSHOT/hdds-container-service-1.2.0-SNAPSHOT.jar!/webapps/static,AVAILABLE}
2021-06-07 01:00:30,627 [Listener at 127.0.0.1/46609] INFO  handler.ContextHandler (ContextHandler.java:doStart(916)) - Started o.e.j.w.WebAppContext@19fd0299{hddsDatanode,/,file:///tmp/jetty-0_0_0_0-40063-hdds-container-service-1_2_0-SNAPSHOT_jar-_-any-3000360371680278420/webapp/,AVAILABLE}{jar:file:/home/runner/.m2/repository/org/apache/ozone/hdds-container-service/1.2.0-SNAPSHOT/hdds-container-service-1.2.0-SNAPSHOT.jar!/webapps/hddsDatanode}
2021-06-07 01:00:30,633 [Listener at 127.0.0.1/46609] INFO  server.AbstractConnector (AbstractConnector.java:doStart(331)) - Started ServerConnector@1c490bf2{HTTP/1.1, (http/1.1)}{0.0.0.0:40063}
2021-06-07 01:00:30,634 [Listener at 127.0.0.1/46609] INFO  server.Server (Server.java:doStart(415)) - Started @67519ms
2021-06-07 01:00:30,634 [Listener at 127.0.0.1/46609] WARN  impl.MetricsSystemImpl (MetricsSystemImpl.java:register(279)) - Sink prometheus already exists!
2021-06-07 01:00:30,634 [Listener at 127.0.0.1/46609] INFO  http.BaseHttpServer (BaseHttpServer.java:updateConnectorAddress(329)) - HTTP server of hddsDatanode listening at http://0.0.0.0:40063
2021-06-07 01:00:30,635 [Listener at 127.0.0.1/46609] INFO  impl.MetricsSystemImpl (MetricsSystemImpl.java:init(158)) - HddsDatanode metrics system started (again)
2021-06-07 01:00:30,636 [Listener at 127.0.0.1/46609] INFO  ozone.HddsDatanodeService (HddsDatanodeService.java:start(220)) - HddsDatanodeService host:fv-az291-903.wgnan5asplgejimfprtllbpdch.jx.internal.cloudapp.net ip:10.1.0.42
2021-06-07 01:00:30,658 [org.apache.hadoop.util.JvmPauseMonitor$Monitor@55ae0a95] INFO  util.JvmPauseMonitor (JvmPauseMonitor.java:run(188)) - Starting JVM pause monitor
2021-06-07 01:00:30,665 [Datanode State Machine Task Thread - 0] INFO  datanode.InitDatanodeState (InitDatanodeState.java:persistContainerDatanodeDetails(145)) - DatanodeDetails is persisted to /home/runner/work/ozone/ozone/mnt/ozone/hadoop-ozone/integration-test/target/test-dir/MiniOzoneClusterImpl-4d691a8a-0502-4280-8005-09cceedbb589/datanode-7/meta/datanode.id
2021-06-07 01:00:30,666 [Listener at 127.0.0.1/46609] INFO  volume.HddsVolume (HddsVolume.java:<init>(184)) - Creating Volume: /home/runner/work/ozone/ozone/mnt/ozone/hadoop-ozone/integration-test/target/test-dir/MiniOzoneClusterImpl-4d691a8a-0502-4280-8005-09cceedbb589/datanode-8/data-0/containers/hdds of storage type : DISK and capacity : 9223372036854775807
2021-06-07 01:00:30,666 [Listener at 127.0.0.1/46609] INFO  volume.MutableVolumeSet (MutableVolumeSet.java:initializeVolumeSet(198)) - Added Volume : /home/runner/work/ozone/ozone/mnt/ozone/hadoop-ozone/integration-test/target/test-dir/MiniOzoneClusterImpl-4d691a8a-0502-4280-8005-09cceedbb589/datanode-8/data-0/containers/hdds to VolumeSet
2021-06-07 01:00:30,666 [Listener at 127.0.0.1/46609] INFO  volume.ThrottledAsyncChecker (ThrottledAsyncChecker.java:schedule(141)) - Scheduling a check for /home/runner/work/ozone/ozone/mnt/ozone/hadoop-ozone/integration-test/target/test-dir/MiniOzoneClusterImpl-4d691a8a-0502-4280-8005-09cceedbb589/datanode-8/data-0/containers/hdds
2021-06-07 01:00:30,667 [Listener at 127.0.0.1/46609] INFO  volume.HddsVolumeChecker (HddsVolumeChecker.java:checkAllVolumes(201)) - Scheduled health check for volume /home/runner/work/ozone/ozone/mnt/ozone/hadoop-ozone/integration-test/target/test-dir/MiniOzoneClusterImpl-4d691a8a-0502-4280-8005-09cceedbb589/datanode-8/data-0/containers/hdds
2021-06-07 01:00:30,685 [Listener at 127.0.0.1/46609] INFO  ozoneimpl.ContainerReader (ContainerReader.java:<init>(98)) - Running in upgrade mode:true
2021-06-07 01:00:30,685 [Thread-790] INFO  ozoneimpl.ContainerReader (ContainerReader.java:readVolume(142)) - Start to verify containers on volume /home/runner/work/ozone/ozone/mnt/ozone/hadoop-ozone/integration-test/target/test-dir/MiniOzoneClusterImpl-4d691a8a-0502-4280-8005-09cceedbb589/datanode-8/data-0/containers/hdds
2021-06-07 01:00:30,686 [Thread-790] INFO  ozoneimpl.ContainerReader (ContainerReader.java:readVolume(174)) - Finish verifying containers on volume /home/runner/work/ozone/ozone/mnt/ozone/hadoop-ozone/integration-test/target/test-dir/MiniOzoneClusterImpl-4d691a8a-0502-4280-8005-09cceedbb589/datanode-8/data-0/containers/hdds
2021-06-07 01:00:30,686 [Listener at 127.0.0.1/46609] INFO  ozoneimpl.OzoneContainer (OzoneContainer.java:buildContainerSet(228)) - Build ContainerSet costs 0s
2021-06-07 01:00:30,687 [Listener at 127.0.0.1/46609] INFO  server.RaftServer (ConfUtils.java:logGet(44)) - raft.rpc.type = GRPC (default)
2021-06-07 01:00:30,687 [Listener at 127.0.0.1/46609] INFO  grpc.GrpcFactory (GrpcFactory.java:checkPooledByteBufAllocatorUseCacheForAllThreads(48)) - PERFORMANCE WARNING: useCacheForAllThreads is true that may cause Netty to create a lot garbage objects and, as a result, trigger GC.
	It is recommended to disable useCacheForAllThreads by setting -Dorg.apache.ratis.thirdparty.io.netty.allocator.useCacheForAllThreads=false in command line.
2021-06-07 01:00:30,687 [Listener at 127.0.0.1/46609] INFO  grpc.GrpcConfigKeys (ConfUtils.java:logGet(44)) - raft.grpc.admin.port = 0 (custom)
2021-06-07 01:00:30,687 [Listener at 127.0.0.1/46609] INFO  grpc.GrpcConfigKeys (ConfUtils.java:logGet(44)) - raft.grpc.client.port = 0 (custom)
2021-06-07 01:00:30,687 [Listener at 127.0.0.1/46609] INFO  grpc.GrpcConfigKeys (ConfUtils.java:logGet(44)) - raft.grpc.server.port = 0 (default)
2021-06-07 01:00:30,688 [Listener at 127.0.0.1/46609] INFO  server.GrpcService (ConfUtils.java:logGet(44)) - raft.grpc.message.size.max = 32MB (=33554432) (custom)
2021-06-07 01:00:30,688 [Listener at 127.0.0.1/46609] INFO  server.RaftServerConfigKeys (ConfUtils.java:logGet(44)) - raft.server.log.appender.buffer.byte-limit = 33554432 (custom)
2021-06-07 01:00:30,688 [Listener at 127.0.0.1/46609] INFO  server.GrpcService (ConfUtils.java:logGet(44)) - raft.grpc.flow.control.window = 5MB (=5242880) (custom)
2021-06-07 01:00:30,688 [Listener at 127.0.0.1/46609] INFO  server.RaftServerConfigKeys (ConfUtils.java:logGet(44)) - raft.server.rpc.request.timeout = 3000ms (default)
2021-06-07 01:00:30,689 [Listener at 127.0.0.1/46609] INFO  impl.DataStreamServerImpl (ConfUtils.java:logGet(44)) - raft.datastream.type = DISABLED (default)
2021-06-07 01:00:30,689 [Listener at 127.0.0.1/46609] INFO  server.RaftServerConfigKeys (ConfUtils.java:logGet(44)) - raft.server.rpc.slowness.timeout = 300000ms (custom)
2021-06-07 01:00:30,689 [Listener at 127.0.0.1/46609] INFO  server.RaftServerConfigKeys (ConfUtils.java:logGet(44)) - raft.server.leaderelection.leader.step-down.wait-time = 10s (default)
2021-06-07 01:00:30,690 [Listener at 127.0.0.1/46609] INFO  server.RaftServerConfigKeys (ConfUtils.java:logGet(44)) - raft.server.storage.dir = [/home/runner/work/ozone/ozone/mnt/ozone/hadoop-ozone/integration-test/target/test-dir/MiniOzoneClusterImpl-4d691a8a-0502-4280-8005-09cceedbb589/datanode-8/data/ratis] (custom)
2021-06-07 01:00:30,692 [Listener at 127.0.0.1/46609] INFO  http.BaseHttpServer (BaseHttpServer.java:newHttpServer2BuilderForOzone(209)) - Starting Web-server for hddsDatanode at: http://0.0.0.0:0
2021-06-07 01:00:30,692 [Listener at 127.0.0.1/46609] INFO  http.BaseHttpServer (BaseHttpServer.java:<init>(107)) - Hadoop Security Enabled: false Ozone Security Enabled: false Ozone HTTP Security Enabled: false 
2021-06-07 01:00:30,693 [Listener at 127.0.0.1/46609] INFO  server.AuthenticationFilter (AuthenticationFilter.java:constructSecretProvider(240)) - Unable to initialize FileSignerSecretProvider, falling back to use random secrets.
2021-06-07 01:00:30,693 [Listener at 127.0.0.1/46609] WARN  http.HttpRequestLog (HttpRequestLog.java:getRequestLog(103)) - Jetty request log can only be enabled using Log4j
2021-06-07 01:00:30,694 [Listener at 127.0.0.1/46609] INFO  http.HttpServer2 (HttpServer2.java:addGlobalFilter(1020)) - Added global filter 'safety' (class=org.apache.hadoop.hdds.server.http.HttpServer2$QuotingInputFilter)
2021-06-07 01:00:30,694 [Listener at 127.0.0.1/46609] INFO  http.HttpServer2 (HttpServer2.java:addFilter(996)) - Added filter static_user_filter (class=org.apache.hadoop.http.lib.StaticUserWebFilter$StaticUserFilter) to context hddsDatanode
2021-06-07 01:00:30,694 [Listener at 127.0.0.1/46609] INFO  http.HttpServer2 (HttpServer2.java:addFilter(1004)) - Added filter static_user_filter (class=org.apache.hadoop.http.lib.StaticUserWebFilter$StaticUserFilter) to context logs
2021-06-07 01:00:30,694 [Listener at 127.0.0.1/46609] INFO  http.HttpServer2 (HttpServer2.java:addFilter(1004)) - Added filter static_user_filter (class=org.apache.hadoop.http.lib.StaticUserWebFilter$StaticUserFilter) to context static
2021-06-07 01:00:30,695 [Listener at 127.0.0.1/46609] INFO  http.HttpServer2 (HttpServer2.java:bindListener(1238)) - Jetty bound to port 40311
2021-06-07 01:00:30,695 [Listener at 127.0.0.1/46609] INFO  server.Server (Server.java:doStart(375)) - jetty-9.4.35.v20201120; built: 2020-11-20T21:17:03.964Z; git: bdc54f03a5e0a7e280fab27f55c3c75ee8da89fb; jvm 1.8.0_292-b10
2021-06-07 01:00:30,696 [Listener at 127.0.0.1/46609] INFO  server.session (DefaultSessionIdManager.java:doStart(334)) - DefaultSessionIdManager workerName=node0
2021-06-07 01:00:30,697 [Listener at 127.0.0.1/46609] INFO  server.session (DefaultSessionIdManager.java:doStart(339)) - No SessionScavenger set, using defaults
2021-06-07 01:00:30,697 [Listener at 127.0.0.1/46609] INFO  server.session (HouseKeeper.java:startScavenging(132)) - node0 Scavenging every 600000ms
2021-06-07 01:00:30,697 [Listener at 127.0.0.1/46609] INFO  handler.ContextHandler (ContextHandler.java:doStart(916)) - Started o.e.j.s.ServletContextHandler@11743654{logs,/logs,file:///home/runner/work/ozone/ozone/mnt/ozone/hadoop-ozone/integration-test/target/log,AVAILABLE}
2021-06-07 01:00:30,698 [Listener at 127.0.0.1/46609] INFO  handler.ContextHandler (ContextHandler.java:doStart(916)) - Started o.e.j.s.ServletContextHandler@17993651{static,/static,jar:file:/home/runner/.m2/repository/org/apache/ozone/hdds-container-service/1.2.0-SNAPSHOT/hdds-container-service-1.2.0-SNAPSHOT.jar!/webapps/static,AVAILABLE}
2021-06-07 01:00:30,736 [Listener at 127.0.0.1/46609] INFO  handler.ContextHandler (ContextHandler.java:doStart(916)) - Started o.e.j.w.WebAppContext@4800c946{hddsDatanode,/,file:///tmp/jetty-0_0_0_0-40311-hdds-container-service-1_2_0-SNAPSHOT_jar-_-any-4711286692496787460/webapp/,AVAILABLE}{jar:file:/home/runner/.m2/repository/org/apache/ozone/hdds-container-service/1.2.0-SNAPSHOT/hdds-container-service-1.2.0-SNAPSHOT.jar!/webapps/hddsDatanode}
2021-06-07 01:00:30,739 [Listener at 127.0.0.1/46609] INFO  server.AbstractConnector (AbstractConnector.java:doStart(331)) - Started ServerConnector@6eba6554{HTTP/1.1, (http/1.1)}{0.0.0.0:40311}
2021-06-07 01:00:30,739 [Listener at 127.0.0.1/46609] INFO  server.Server (Server.java:doStart(415)) - Started @67624ms
2021-06-07 01:00:30,739 [Listener at 127.0.0.1/46609] WARN  impl.MetricsSystemImpl (MetricsSystemImpl.java:register(279)) - Sink prometheus already exists!
2021-06-07 01:00:30,740 [Listener at 127.0.0.1/46609] INFO  http.BaseHttpServer (BaseHttpServer.java:updateConnectorAddress(329)) - HTTP server of hddsDatanode listening at http://0.0.0.0:40311
2021-06-07 01:00:30,742 [Listener at 127.0.0.1/46609] INFO  ozone.MiniOzoneClusterImpl (MiniOzoneClusterImpl.java:lambda$waitForClusterToBeReady$0(224)) - Waiting for nodes to be ready. Got 0 of 9 DN Heartbeats.
2021-06-07 01:00:30,742 [Listener at 127.0.0.1/46609] INFO  ozone.MiniOzoneClusterImpl (MiniOzoneClusterImpl.java:lambda$waitForClusterToBeReady$0(227)) - Waiting for cluster to exit safe mode
2021-06-07 01:00:30,742 [Listener at 127.0.0.1/46609] INFO  ozone.MiniOzoneClusterImpl (MiniOzoneClusterImpl.java:lambda$waitForClusterToBeReady$0(230)) - SCM became leader
2021-06-07 01:00:30,746 [org.apache.hadoop.util.JvmPauseMonitor$Monitor@2c2d494c] INFO  util.JvmPauseMonitor (JvmPauseMonitor.java:run(188)) - Starting JVM pause monitor
2021-06-07 01:00:30,747 [Datanode State Machine Task Thread - 0] INFO  datanode.InitDatanodeState (InitDatanodeState.java:persistContainerDatanodeDetails(145)) - DatanodeDetails is persisted to /home/runner/work/ozone/ozone/mnt/ozone/hadoop-ozone/integration-test/target/test-dir/MiniOzoneClusterImpl-4d691a8a-0502-4280-8005-09cceedbb589/datanode-8/meta/datanode.id
2021-06-07 01:00:30,906 [om1@group-C5BA1605619E-FollowerState] INFO  impl.FollowerState (FollowerState.java:run(134)) - om1@group-C5BA1605619E-FollowerState: change to CANDIDATE, lastRpcElapsedTime:1100395437ns, electionTimeout:1097ms
2021-06-07 01:00:30,907 [om1@group-C5BA1605619E-FollowerState] INFO  impl.RoleInfo (RoleInfo.java:shutdownFollowerState(108)) - om1: shutdown om1@group-C5BA1605619E-FollowerState
2021-06-07 01:00:30,907 [om1@group-C5BA1605619E-FollowerState] INFO  server.RaftServer$Division (RaftServerImpl.java:setRole(284)) - om1@group-C5BA1605619E: changes role from  FOLLOWER to CANDIDATE at term 0 for changeToCandidate
2021-06-07 01:00:30,907 [om1@group-C5BA1605619E-FollowerState] INFO  server.RaftServerConfigKeys (ConfUtils.java:logGet(44)) - raft.server.leaderelection.pre-vote = false (custom)
2021-06-07 01:00:30,907 [om1@group-C5BA1605619E-FollowerState] INFO  impl.RoleInfo (RoleInfo.java:updateAndGet(130)) - om1: start om1@group-C5BA1605619E-LeaderElection29
2021-06-07 01:00:30,919 [om1@group-C5BA1605619E-LeaderElection29] INFO  impl.LeaderElection (LeaderElection.java:askForVotes(306)) - om1@group-C5BA1605619E-LeaderElection29 ELECTION round 0: submit vote requests at term 1 for -1: [om1|rpc:localhost:9872|priority:0], old=null
2021-06-07 01:00:30,919 [om1@group-C5BA1605619E-LeaderElection29] INFO  impl.LeaderElection (LeaderElection.java:askForVotes(308)) - om1@group-C5BA1605619E-LeaderElection29 ELECTION round 0: result PASSED (term=1)
2021-06-07 01:00:30,919 [om1@group-C5BA1605619E-LeaderElection29] INFO  impl.RoleInfo (RoleInfo.java:shutdownLeaderElection(121)) - om1: shutdown om1@group-C5BA1605619E-LeaderElection29
2021-06-07 01:00:30,919 [om1@group-C5BA1605619E-LeaderElection29] INFO  server.RaftServer$Division (RaftServerImpl.java:setRole(284)) - om1@group-C5BA1605619E: changes role from CANDIDATE to LEADER at term 1 for changeToLeader
2021-06-07 01:00:30,919 [om1@group-C5BA1605619E-LeaderElection29] INFO  server.RaftServer$Division (ServerState.java:setLeader(271)) - om1@group-C5BA1605619E: change Leader from null to om1 at term 1 for becomeLeader, leader elected after 1117ms
2021-06-07 01:00:30,919 [om1@group-C5BA1605619E-LeaderElection29] INFO  server.RaftServerConfigKeys (ConfUtils.java:logGet(44)) - raft.server.staging.catchup.gap = 1000 (default)
2021-06-07 01:00:30,919 [om1@group-C5BA1605619E-LeaderElection29] INFO  metrics.RatisMetrics (RatisMetrics.java:lambda$create$0(36)) - Creating Metrics Registry : ratis.log_appender.om1@group-C5BA1605619E
2021-06-07 01:00:30,920 [om1@group-C5BA1605619E-LeaderElection29] INFO  server.RaftServerConfigKeys (ConfUtils.java:logGet(44)) - raft.server.write.element-limit = 4096 (default)
2021-06-07 01:00:30,920 [om1@group-C5BA1605619E-LeaderElection29] INFO  server.RaftServerConfigKeys (ConfUtils.java:logGet(44)) - raft.server.write.byte-limit = 64MB (=67108864) (default)
2021-06-07 01:00:30,920 [om1@group-C5BA1605619E-LeaderElection29] INFO  server.RaftServerConfigKeys (ConfUtils.java:logGet(44)) - raft.server.watch.timeout = 10s (default)
2021-06-07 01:00:30,920 [om1@group-C5BA1605619E-LeaderElection29] INFO  server.RaftServerConfigKeys (ConfUtils.java:logGet(44)) - raft.server.watch.timeout.denomination = 1s (default)
2021-06-07 01:00:30,920 [om1@group-C5BA1605619E-LeaderElection29] INFO  server.RaftServerConfigKeys (ConfUtils.java:logGet(44)) - raft.server.watch.element-limit = 65536 (default)
2021-06-07 01:00:30,920 [om1@group-C5BA1605619E-LeaderElection29] INFO  impl.RoleInfo (RoleInfo.java:updateAndGet(130)) - om1: start om1@group-C5BA1605619E-LeaderStateImpl
2021-06-07 01:00:30,921 [om1@group-C5BA1605619E-LeaderElection29] INFO  segmented.SegmentedRaftLogWorker (SegmentedRaftLogWorker.java:startLogSegment(394)) - om1@group-C5BA1605619E-SegmentedRaftLogWorker: Starting segment from index:0
2021-06-07 01:00:30,928 [om1@group-C5BA1605619E-SegmentedRaftLogWorker] INFO  segmented.SegmentedRaftLogWorker (SegmentedRaftLogWorker.java:execute(601)) - om1@group-C5BA1605619E-SegmentedRaftLogWorker: created new log segment /home/runner/work/ozone/ozone/mnt/ozone/hadoop-ozone/integration-test/target/test-dir/MiniOzoneClusterImpl-4d691a8a-0502-4280-8005-09cceedbb589/ozone-meta/ratis/bf265839-605b-3f16-9796-c5ba1605619e/current/log_inprogress_0
2021-06-07 01:00:30,928 [om1@group-C5BA1605619E-LeaderElection29] INFO  server.RaftServer$Division (ServerState.java:setRaftConf(373)) - om1@group-C5BA1605619E: set configuration 0: [om1|rpc:localhost:9872|admin:|client:|dataStream:|priority:0], old=null
2021-06-07 01:00:31,743 [Listener at 127.0.0.1/46609] INFO  ozone.MiniOzoneClusterImpl (MiniOzoneClusterImpl.java:lambda$waitForClusterToBeReady$0(224)) - Waiting for nodes to be ready. Got 0 of 9 DN Heartbeats.
2021-06-07 01:00:31,743 [Listener at 127.0.0.1/46609] INFO  ozone.MiniOzoneClusterImpl (MiniOzoneClusterImpl.java:lambda$waitForClusterToBeReady$0(227)) - Waiting for cluster to exit safe mode
2021-06-07 01:00:31,743 [Listener at 127.0.0.1/46609] INFO  ozone.MiniOzoneClusterImpl (MiniOzoneClusterImpl.java:lambda$waitForClusterToBeReady$0(230)) - SCM became leader
2021-06-07 01:00:31,949 [EndpointStateMachine task thread for /0.0.0.0:41785 - 0 ] INFO  ozoneimpl.OzoneContainer (OzoneContainer.java:start(295)) - Attempting to start container services.
2021-06-07 01:00:31,949 [EndpointStateMachine task thread for /0.0.0.0:41785 - 0 ] INFO  ozoneimpl.OzoneContainer (OzoneContainer.java:startContainerScrub(241)) - Background container scanner has been disabled.
2021-06-07 01:00:31,950 [EndpointStateMachine task thread for /0.0.0.0:41785 - 0 ] INFO  replication.ReplicationServer (ReplicationServer.java:start(106)) - ReplicationServer is started using port 37865
2021-06-07 01:00:31,951 [EndpointStateMachine task thread for /0.0.0.0:41785 - 0 ] INFO  ratis.XceiverServerRatis (XceiverServerRatis.java:start(490)) - Starting XceiverServerRatis e1c54329-0f94-4ac4-b921-c08a88020a90
2021-06-07 01:00:31,953 [EndpointStateMachine task thread for /0.0.0.0:41785 - 0 ] INFO  server.RaftServer (RaftServerProxy.java:lambda$start$5(374)) - e1c54329-0f94-4ac4-b921-c08a88020a90: start RPC server
2021-06-07 01:00:31,953 [EndpointStateMachine task thread for /0.0.0.0:41785 - 0 ] INFO  server.GrpcService (GrpcService.java:startImpl(253)) - e1c54329-0f94-4ac4-b921-c08a88020a90: GrpcService started, listening on 42691
2021-06-07 01:00:31,953 [EndpointStateMachine task thread for /0.0.0.0:41785 - 0 ] INFO  ratis.XceiverServerRatis (XceiverServerRatis.java:getRealPort(511)) - XceiverServerRatis e1c54329-0f94-4ac4-b921-c08a88020a90 is started using port 42691 for RATIS
2021-06-07 01:00:31,953 [org.apache.ratis.util.JvmPauseMonitor$$Lambda$513/325153081@29fda409] INFO  util.JvmPauseMonitor (JvmPauseMonitor.java:run(103)) - JvmPauseMonitor-e1c54329-0f94-4ac4-b921-c08a88020a90: Started
2021-06-07 01:00:31,953 [EndpointStateMachine task thread for /0.0.0.0:41785 - 0 ] INFO  ratis.XceiverServerRatis (XceiverServerRatis.java:getRealPort(511)) - XceiverServerRatis e1c54329-0f94-4ac4-b921-c08a88020a90 is started using port 42691 for RATIS_ADMIN
2021-06-07 01:00:31,954 [EndpointStateMachine task thread for /0.0.0.0:41785 - 0 ] INFO  ratis.XceiverServerRatis (XceiverServerRatis.java:getRealPort(511)) - XceiverServerRatis e1c54329-0f94-4ac4-b921-c08a88020a90 is started using port 42691 for RATIS_SERVER
2021-06-07 01:00:31,954 [EndpointStateMachine task thread for /0.0.0.0:41785 - 0 ] INFO  server.XceiverServerGrpc (XceiverServerGrpc.java:start(135)) - XceiverServerGrpc e1c54329-0f94-4ac4-b921-c08a88020a90 is started using port 35441
2021-06-07 01:00:32,027 [EndpointStateMachine task thread for /0.0.0.0:41785 - 0 ] INFO  ozoneimpl.OzoneContainer (OzoneContainer.java:start(295)) - Attempting to start container services.
2021-06-07 01:00:32,027 [EndpointStateMachine task thread for /0.0.0.0:41785 - 0 ] INFO  ozoneimpl.OzoneContainer (OzoneContainer.java:startContainerScrub(241)) - Background container scanner has been disabled.
2021-06-07 01:00:32,028 [EndpointStateMachine task thread for /0.0.0.0:41785 - 0 ] INFO  replication.ReplicationServer (ReplicationServer.java:start(106)) - ReplicationServer is started using port 35245
2021-06-07 01:00:32,030 [EndpointStateMachine task thread for /0.0.0.0:41785 - 0 ] INFO  ratis.XceiverServerRatis (XceiverServerRatis.java:start(490)) - Starting XceiverServerRatis 3eee8d88-c0ac-4861-bc75-3c80431b5d11
2021-06-07 01:00:32,038 [EndpointStateMachine task thread for /0.0.0.0:41785 - 0 ] INFO  server.RaftServer (RaftServerProxy.java:lambda$start$5(374)) - 3eee8d88-c0ac-4861-bc75-3c80431b5d11: start RPC server
2021-06-07 01:00:32,038 [EndpointStateMachine task thread for /0.0.0.0:41785 - 0 ] INFO  server.GrpcService (GrpcService.java:startImpl(253)) - 3eee8d88-c0ac-4861-bc75-3c80431b5d11: GrpcService started, listening on 45455
2021-06-07 01:00:32,039 [EndpointStateMachine task thread for /0.0.0.0:41785 - 0 ] INFO  ratis.XceiverServerRatis (XceiverServerRatis.java:getRealPort(511)) - XceiverServerRatis 3eee8d88-c0ac-4861-bc75-3c80431b5d11 is started using port 45455 for RATIS
2021-06-07 01:00:32,039 [EndpointStateMachine task thread for /0.0.0.0:41785 - 0 ] INFO  ratis.XceiverServerRatis (XceiverServerRatis.java:getRealPort(511)) - XceiverServerRatis 3eee8d88-c0ac-4861-bc75-3c80431b5d11 is started using port 45455 for RATIS_ADMIN
2021-06-07 01:00:32,039 [EndpointStateMachine task thread for /0.0.0.0:41785 - 0 ] INFO  ratis.XceiverServerRatis (XceiverServerRatis.java:getRealPort(511)) - XceiverServerRatis 3eee8d88-c0ac-4861-bc75-3c80431b5d11 is started using port 45455 for RATIS_SERVER
2021-06-07 01:00:32,039 [org.apache.ratis.util.JvmPauseMonitor$$Lambda$513/325153081@3a40ce3e] INFO  util.JvmPauseMonitor (JvmPauseMonitor.java:run(103)) - JvmPauseMonitor-3eee8d88-c0ac-4861-bc75-3c80431b5d11: Started
2021-06-07 01:00:32,039 [EndpointStateMachine task thread for /0.0.0.0:41785 - 0 ] INFO  server.XceiverServerGrpc (XceiverServerGrpc.java:start(135)) - XceiverServerGrpc 3eee8d88-c0ac-4861-bc75-3c80431b5d11 is started using port 36697
2021-06-07 01:00:32,123 [EndpointStateMachine task thread for /0.0.0.0:41785 - 0 ] INFO  ozoneimpl.OzoneContainer (OzoneContainer.java:start(295)) - Attempting to start container services.
2021-06-07 01:00:32,123 [EndpointStateMachine task thread for /0.0.0.0:41785 - 0 ] INFO  ozoneimpl.OzoneContainer (OzoneContainer.java:startContainerScrub(241)) - Background container scanner has been disabled.
2021-06-07 01:00:32,124 [EndpointStateMachine task thread for /0.0.0.0:41785 - 0 ] INFO  replication.ReplicationServer (ReplicationServer.java:start(106)) - ReplicationServer is started using port 38779
2021-06-07 01:00:32,125 [EndpointStateMachine task thread for /0.0.0.0:41785 - 0 ] INFO  ratis.XceiverServerRatis (XceiverServerRatis.java:start(490)) - Starting XceiverServerRatis c2033f43-39b3-4eb3-b9b2-5a70c0c49867
2021-06-07 01:00:32,126 [EndpointStateMachine task thread for /0.0.0.0:41785 - 0 ] INFO  server.RaftServer (RaftServerProxy.java:lambda$start$5(374)) - c2033f43-39b3-4eb3-b9b2-5a70c0c49867: start RPC server
2021-06-07 01:00:32,126 [EndpointStateMachine task thread for /0.0.0.0:41785 - 0 ] INFO  server.GrpcService (GrpcService.java:startImpl(253)) - c2033f43-39b3-4eb3-b9b2-5a70c0c49867: GrpcService started, listening on 40253
2021-06-07 01:00:32,126 [EndpointStateMachine task thread for /0.0.0.0:41785 - 0 ] INFO  ratis.XceiverServerRatis (XceiverServerRatis.java:getRealPort(511)) - XceiverServerRatis c2033f43-39b3-4eb3-b9b2-5a70c0c49867 is started using port 40253 for RATIS
2021-06-07 01:00:32,127 [org.apache.ratis.util.JvmPauseMonitor$$Lambda$513/325153081@1c0bbea3] INFO  util.JvmPauseMonitor (JvmPauseMonitor.java:run(103)) - JvmPauseMonitor-c2033f43-39b3-4eb3-b9b2-5a70c0c49867: Started
2021-06-07 01:00:32,127 [EndpointStateMachine task thread for /0.0.0.0:41785 - 0 ] INFO  ratis.XceiverServerRatis (XceiverServerRatis.java:getRealPort(511)) - XceiverServerRatis c2033f43-39b3-4eb3-b9b2-5a70c0c49867 is started using port 40253 for RATIS_ADMIN
2021-06-07 01:00:32,127 [EndpointStateMachine task thread for /0.0.0.0:41785 - 0 ] INFO  ratis.XceiverServerRatis (XceiverServerRatis.java:getRealPort(511)) - XceiverServerRatis c2033f43-39b3-4eb3-b9b2-5a70c0c49867 is started using port 40253 for RATIS_SERVER
2021-06-07 01:00:32,127 [EndpointStateMachine task thread for /0.0.0.0:41785 - 0 ] INFO  server.XceiverServerGrpc (XceiverServerGrpc.java:start(135)) - XceiverServerGrpc c2033f43-39b3-4eb3-b9b2-5a70c0c49867 is started using port 46823
2021-06-07 01:00:32,217 [EndpointStateMachine task thread for /0.0.0.0:41785 - 0 ] INFO  ozoneimpl.OzoneContainer (OzoneContainer.java:start(295)) - Attempting to start container services.
2021-06-07 01:00:32,218 [EndpointStateMachine task thread for /0.0.0.0:41785 - 0 ] INFO  ozoneimpl.OzoneContainer (OzoneContainer.java:startContainerScrub(241)) - Background container scanner has been disabled.
2021-06-07 01:00:32,221 [EndpointStateMachine task thread for /0.0.0.0:41785 - 0 ] INFO  replication.ReplicationServer (ReplicationServer.java:start(106)) - ReplicationServer is started using port 34763
2021-06-07 01:00:32,222 [EndpointStateMachine task thread for /0.0.0.0:41785 - 0 ] INFO  ratis.XceiverServerRatis (XceiverServerRatis.java:start(490)) - Starting XceiverServerRatis 8d92b5a7-4709-4dab-ba37-cfa7e81d90ef
2021-06-07 01:00:32,223 [EndpointStateMachine task thread for /0.0.0.0:41785 - 0 ] INFO  server.RaftServer (RaftServerProxy.java:lambda$start$5(374)) - 8d92b5a7-4709-4dab-ba37-cfa7e81d90ef: start RPC server
2021-06-07 01:00:32,223 [EndpointStateMachine task thread for /0.0.0.0:41785 - 0 ] INFO  server.GrpcService (GrpcService.java:startImpl(253)) - 8d92b5a7-4709-4dab-ba37-cfa7e81d90ef: GrpcService started, listening on 45381
2021-06-07 01:00:32,224 [EndpointStateMachine task thread for /0.0.0.0:41785 - 0 ] INFO  ratis.XceiverServerRatis (XceiverServerRatis.java:getRealPort(511)) - XceiverServerRatis 8d92b5a7-4709-4dab-ba37-cfa7e81d90ef is started using port 45381 for RATIS
2021-06-07 01:00:32,224 [EndpointStateMachine task thread for /0.0.0.0:41785 - 0 ] INFO  ratis.XceiverServerRatis (XceiverServerRatis.java:getRealPort(511)) - XceiverServerRatis 8d92b5a7-4709-4dab-ba37-cfa7e81d90ef is started using port 45381 for RATIS_ADMIN
2021-06-07 01:00:32,224 [EndpointStateMachine task thread for /0.0.0.0:41785 - 0 ] INFO  ratis.XceiverServerRatis (XceiverServerRatis.java:getRealPort(511)) - XceiverServerRatis 8d92b5a7-4709-4dab-ba37-cfa7e81d90ef is started using port 45381 for RATIS_SERVER
2021-06-07 01:00:32,224 [org.apache.ratis.util.JvmPauseMonitor$$Lambda$513/325153081@409286d2] INFO  util.JvmPauseMonitor (JvmPauseMonitor.java:run(103)) - JvmPauseMonitor-8d92b5a7-4709-4dab-ba37-cfa7e81d90ef: Started
2021-06-07 01:00:32,224 [EndpointStateMachine task thread for /0.0.0.0:41785 - 0 ] INFO  server.XceiverServerGrpc (XceiverServerGrpc.java:start(135)) - XceiverServerGrpc 8d92b5a7-4709-4dab-ba37-cfa7e81d90ef is started using port 43891
2021-06-07 01:00:32,321 [EndpointStateMachine task thread for /0.0.0.0:41785 - 0 ] INFO  ozoneimpl.OzoneContainer (OzoneContainer.java:start(295)) - Attempting to start container services.
2021-06-07 01:00:32,322 [EndpointStateMachine task thread for /0.0.0.0:41785 - 0 ] INFO  ozoneimpl.OzoneContainer (OzoneContainer.java:startContainerScrub(241)) - Background container scanner has been disabled.
2021-06-07 01:00:32,322 [EndpointStateMachine task thread for /0.0.0.0:41785 - 0 ] INFO  replication.ReplicationServer (ReplicationServer.java:start(106)) - ReplicationServer is started using port 40025
2021-06-07 01:00:32,324 [EndpointStateMachine task thread for /0.0.0.0:41785 - 0 ] INFO  ratis.XceiverServerRatis (XceiverServerRatis.java:start(490)) - Starting XceiverServerRatis 4c0648dc-edb7-46e4-8fb2-cd1978ed42aa
2021-06-07 01:00:32,325 [EndpointStateMachine task thread for /0.0.0.0:41785 - 0 ] INFO  server.RaftServer (RaftServerProxy.java:lambda$start$5(374)) - 4c0648dc-edb7-46e4-8fb2-cd1978ed42aa: start RPC server
2021-06-07 01:00:32,325 [EndpointStateMachine task thread for /0.0.0.0:41785 - 0 ] INFO  server.GrpcService (GrpcService.java:startImpl(253)) - 4c0648dc-edb7-46e4-8fb2-cd1978ed42aa: GrpcService started, listening on 41055
2021-06-07 01:00:32,326 [EndpointStateMachine task thread for /0.0.0.0:41785 - 0 ] INFO  ratis.XceiverServerRatis (XceiverServerRatis.java:getRealPort(511)) - XceiverServerRatis 4c0648dc-edb7-46e4-8fb2-cd1978ed42aa is started using port 41055 for RATIS
2021-06-07 01:00:32,326 [EndpointStateMachine task thread for /0.0.0.0:41785 - 0 ] INFO  ratis.XceiverServerRatis (XceiverServerRatis.java:getRealPort(511)) - XceiverServerRatis 4c0648dc-edb7-46e4-8fb2-cd1978ed42aa is started using port 41055 for RATIS_ADMIN
2021-06-07 01:00:32,326 [EndpointStateMachine task thread for /0.0.0.0:41785 - 0 ] INFO  ratis.XceiverServerRatis (XceiverServerRatis.java:getRealPort(511)) - XceiverServerRatis 4c0648dc-edb7-46e4-8fb2-cd1978ed42aa is started using port 41055 for RATIS_SERVER
2021-06-07 01:00:32,327 [EndpointStateMachine task thread for /0.0.0.0:41785 - 0 ] INFO  server.XceiverServerGrpc (XceiverServerGrpc.java:start(135)) - XceiverServerGrpc 4c0648dc-edb7-46e4-8fb2-cd1978ed42aa is started using port 32829
2021-06-07 01:00:32,327 [org.apache.ratis.util.JvmPauseMonitor$$Lambda$513/325153081@6c16cb94] INFO  util.JvmPauseMonitor (JvmPauseMonitor.java:run(103)) - JvmPauseMonitor-4c0648dc-edb7-46e4-8fb2-cd1978ed42aa: Started
2021-06-07 01:00:32,418 [EndpointStateMachine task thread for /0.0.0.0:41785 - 0 ] INFO  ozoneimpl.OzoneContainer (OzoneContainer.java:start(295)) - Attempting to start container services.
2021-06-07 01:00:32,418 [EndpointStateMachine task thread for /0.0.0.0:41785 - 0 ] INFO  ozoneimpl.OzoneContainer (OzoneContainer.java:startContainerScrub(241)) - Background container scanner has been disabled.
2021-06-07 01:00:32,419 [EndpointStateMachine task thread for /0.0.0.0:41785 - 0 ] INFO  replication.ReplicationServer (ReplicationServer.java:start(106)) - ReplicationServer is started using port 46407
2021-06-07 01:00:32,420 [EndpointStateMachine task thread for /0.0.0.0:41785 - 0 ] INFO  ratis.XceiverServerRatis (XceiverServerRatis.java:start(490)) - Starting XceiverServerRatis 92e97bd9-ad78-40fd-8151-2c7bc5702604
2021-06-07 01:00:32,421 [EndpointStateMachine task thread for /0.0.0.0:41785 - 0 ] INFO  server.RaftServer (RaftServerProxy.java:lambda$start$5(374)) - 92e97bd9-ad78-40fd-8151-2c7bc5702604: start RPC server
2021-06-07 01:00:32,421 [EndpointStateMachine task thread for /0.0.0.0:41785 - 0 ] INFO  server.GrpcService (GrpcService.java:startImpl(253)) - 92e97bd9-ad78-40fd-8151-2c7bc5702604: GrpcService started, listening on 42767
2021-06-07 01:00:32,421 [EndpointStateMachine task thread for /0.0.0.0:41785 - 0 ] INFO  ratis.XceiverServerRatis (XceiverServerRatis.java:getRealPort(511)) - XceiverServerRatis 92e97bd9-ad78-40fd-8151-2c7bc5702604 is started using port 42767 for RATIS
2021-06-07 01:00:32,421 [EndpointStateMachine task thread for /0.0.0.0:41785 - 0 ] INFO  ratis.XceiverServerRatis (XceiverServerRatis.java:getRealPort(511)) - XceiverServerRatis 92e97bd9-ad78-40fd-8151-2c7bc5702604 is started using port 42767 for RATIS_ADMIN
2021-06-07 01:00:32,421 [EndpointStateMachine task thread for /0.0.0.0:41785 - 0 ] INFO  ratis.XceiverServerRatis (XceiverServerRatis.java:getRealPort(511)) - XceiverServerRatis 92e97bd9-ad78-40fd-8151-2c7bc5702604 is started using port 42767 for RATIS_SERVER
2021-06-07 01:00:32,421 [org.apache.ratis.util.JvmPauseMonitor$$Lambda$513/325153081@2d0dc528] INFO  util.JvmPauseMonitor (JvmPauseMonitor.java:run(103)) - JvmPauseMonitor-92e97bd9-ad78-40fd-8151-2c7bc5702604: Started
2021-06-07 01:00:32,422 [EndpointStateMachine task thread for /0.0.0.0:41785 - 0 ] INFO  server.XceiverServerGrpc (XceiverServerGrpc.java:start(135)) - XceiverServerGrpc 92e97bd9-ad78-40fd-8151-2c7bc5702604 is started using port 39155
2021-06-07 01:00:32,531 [EndpointStateMachine task thread for /0.0.0.0:41785 - 0 ] INFO  ozoneimpl.OzoneContainer (OzoneContainer.java:start(295)) - Attempting to start container services.
2021-06-07 01:00:32,532 [EndpointStateMachine task thread for /0.0.0.0:41785 - 0 ] INFO  ozoneimpl.OzoneContainer (OzoneContainer.java:startContainerScrub(241)) - Background container scanner has been disabled.
2021-06-07 01:00:32,532 [EndpointStateMachine task thread for /0.0.0.0:41785 - 0 ] INFO  replication.ReplicationServer (ReplicationServer.java:start(106)) - ReplicationServer is started using port 40843
2021-06-07 01:00:32,533 [EndpointStateMachine task thread for /0.0.0.0:41785 - 0 ] INFO  ratis.XceiverServerRatis (XceiverServerRatis.java:start(490)) - Starting XceiverServerRatis 037b306d-55e4-4cae-90bd-e43eb14a37fd
2021-06-07 01:00:32,537 [EndpointStateMachine task thread for /0.0.0.0:41785 - 0 ] INFO  server.RaftServer (RaftServerProxy.java:lambda$start$5(374)) - 037b306d-55e4-4cae-90bd-e43eb14a37fd: start RPC server
2021-06-07 01:00:32,537 [EndpointStateMachine task thread for /0.0.0.0:41785 - 0 ] INFO  server.GrpcService (GrpcService.java:startImpl(253)) - 037b306d-55e4-4cae-90bd-e43eb14a37fd: GrpcService started, listening on 42733
2021-06-07 01:00:32,537 [EndpointStateMachine task thread for /0.0.0.0:41785 - 0 ] INFO  ratis.XceiverServerRatis (XceiverServerRatis.java:getRealPort(511)) - XceiverServerRatis 037b306d-55e4-4cae-90bd-e43eb14a37fd is started using port 42733 for RATIS
2021-06-07 01:00:32,537 [org.apache.ratis.util.JvmPauseMonitor$$Lambda$513/325153081@3c7ade1e] INFO  util.JvmPauseMonitor (JvmPauseMonitor.java:run(103)) - JvmPauseMonitor-037b306d-55e4-4cae-90bd-e43eb14a37fd: Started
2021-06-07 01:00:32,537 [EndpointStateMachine task thread for /0.0.0.0:41785 - 0 ] INFO  ratis.XceiverServerRatis (XceiverServerRatis.java:getRealPort(511)) - XceiverServerRatis 037b306d-55e4-4cae-90bd-e43eb14a37fd is started using port 42733 for RATIS_ADMIN
2021-06-07 01:00:32,537 [EndpointStateMachine task thread for /0.0.0.0:41785 - 0 ] INFO  ratis.XceiverServerRatis (XceiverServerRatis.java:getRealPort(511)) - XceiverServerRatis 037b306d-55e4-4cae-90bd-e43eb14a37fd is started using port 42733 for RATIS_SERVER
2021-06-07 01:00:32,538 [EndpointStateMachine task thread for /0.0.0.0:41785 - 0 ] INFO  server.XceiverServerGrpc (XceiverServerGrpc.java:start(135)) - XceiverServerGrpc 037b306d-55e4-4cae-90bd-e43eb14a37fd is started using port 42791
2021-06-07 01:00:32,661 [EndpointStateMachine task thread for /0.0.0.0:41785 - 0 ] INFO  ozoneimpl.OzoneContainer (OzoneContainer.java:start(295)) - Attempting to start container services.
2021-06-07 01:00:32,661 [EndpointStateMachine task thread for /0.0.0.0:41785 - 0 ] INFO  ozoneimpl.OzoneContainer (OzoneContainer.java:startContainerScrub(241)) - Background container scanner has been disabled.
2021-06-07 01:00:32,662 [EndpointStateMachine task thread for /0.0.0.0:41785 - 0 ] INFO  replication.ReplicationServer (ReplicationServer.java:start(106)) - ReplicationServer is started using port 38791
2021-06-07 01:00:32,663 [EndpointStateMachine task thread for /0.0.0.0:41785 - 0 ] INFO  ratis.XceiverServerRatis (XceiverServerRatis.java:start(490)) - Starting XceiverServerRatis b8685ee4-5ca3-4a9e-9d6c-fdbcd092b49e
2021-06-07 01:00:32,663 [EndpointStateMachine task thread for /0.0.0.0:41785 - 0 ] INFO  server.RaftServer (RaftServerProxy.java:lambda$start$5(374)) - b8685ee4-5ca3-4a9e-9d6c-fdbcd092b49e: start RPC server
2021-06-07 01:00:32,666 [EndpointStateMachine task thread for /0.0.0.0:41785 - 0 ] INFO  server.GrpcService (GrpcService.java:startImpl(253)) - b8685ee4-5ca3-4a9e-9d6c-fdbcd092b49e: GrpcService started, listening on 46205
2021-06-07 01:00:32,666 [EndpointStateMachine task thread for /0.0.0.0:41785 - 0 ] INFO  ratis.XceiverServerRatis (XceiverServerRatis.java:getRealPort(511)) - XceiverServerRatis b8685ee4-5ca3-4a9e-9d6c-fdbcd092b49e is started using port 46205 for RATIS
2021-06-07 01:00:32,666 [EndpointStateMachine task thread for /0.0.0.0:41785 - 0 ] INFO  ratis.XceiverServerRatis (XceiverServerRatis.java:getRealPort(511)) - XceiverServerRatis b8685ee4-5ca3-4a9e-9d6c-fdbcd092b49e is started using port 46205 for RATIS_ADMIN
2021-06-07 01:00:32,666 [org.apache.ratis.util.JvmPauseMonitor$$Lambda$513/325153081@51cd41d9] INFO  util.JvmPauseMonitor (JvmPauseMonitor.java:run(103)) - JvmPauseMonitor-b8685ee4-5ca3-4a9e-9d6c-fdbcd092b49e: Started
2021-06-07 01:00:32,666 [EndpointStateMachine task thread for /0.0.0.0:41785 - 0 ] INFO  ratis.XceiverServerRatis (XceiverServerRatis.java:getRealPort(511)) - XceiverServerRatis b8685ee4-5ca3-4a9e-9d6c-fdbcd092b49e is started using port 46205 for RATIS_SERVER
2021-06-07 01:00:32,666 [EndpointStateMachine task thread for /0.0.0.0:41785 - 0 ] INFO  server.XceiverServerGrpc (XceiverServerGrpc.java:start(135)) - XceiverServerGrpc b8685ee4-5ca3-4a9e-9d6c-fdbcd092b49e is started using port 35493
2021-06-07 01:00:32,743 [Listener at 127.0.0.1/46609] INFO  ozone.MiniOzoneClusterImpl (MiniOzoneClusterImpl.java:lambda$waitForClusterToBeReady$0(224)) - Waiting for nodes to be ready. Got 0 of 9 DN Heartbeats.
2021-06-07 01:00:32,744 [Listener at 127.0.0.1/46609] INFO  ozone.MiniOzoneClusterImpl (MiniOzoneClusterImpl.java:lambda$waitForClusterToBeReady$0(227)) - Waiting for cluster to exit safe mode
2021-06-07 01:00:32,744 [Listener at 127.0.0.1/46609] INFO  ozone.MiniOzoneClusterImpl (MiniOzoneClusterImpl.java:lambda$waitForClusterToBeReady$0(230)) - SCM became leader
2021-06-07 01:00:32,749 [EndpointStateMachine task thread for /0.0.0.0:41785 - 0 ] INFO  ozoneimpl.OzoneContainer (OzoneContainer.java:start(295)) - Attempting to start container services.
2021-06-07 01:00:32,750 [EndpointStateMachine task thread for /0.0.0.0:41785 - 0 ] INFO  ozoneimpl.OzoneContainer (OzoneContainer.java:startContainerScrub(241)) - Background container scanner has been disabled.
2021-06-07 01:00:32,750 [EndpointStateMachine task thread for /0.0.0.0:41785 - 0 ] INFO  replication.ReplicationServer (ReplicationServer.java:start(106)) - ReplicationServer is started using port 33253
2021-06-07 01:00:32,752 [EndpointStateMachine task thread for /0.0.0.0:41785 - 0 ] INFO  ratis.XceiverServerRatis (XceiverServerRatis.java:start(490)) - Starting XceiverServerRatis 0cacaae5-2f1d-4021-a1c8-b7d3ead785ca
2021-06-07 01:00:32,758 [EndpointStateMachine task thread for /0.0.0.0:41785 - 0 ] INFO  server.RaftServer (RaftServerProxy.java:lambda$start$5(374)) - 0cacaae5-2f1d-4021-a1c8-b7d3ead785ca: start RPC server
2021-06-07 01:00:32,759 [EndpointStateMachine task thread for /0.0.0.0:41785 - 0 ] INFO  server.GrpcService (GrpcService.java:startImpl(253)) - 0cacaae5-2f1d-4021-a1c8-b7d3ead785ca: GrpcService started, listening on 39691
2021-06-07 01:00:32,759 [EndpointStateMachine task thread for /0.0.0.0:41785 - 0 ] INFO  ratis.XceiverServerRatis (XceiverServerRatis.java:getRealPort(511)) - XceiverServerRatis 0cacaae5-2f1d-4021-a1c8-b7d3ead785ca is started using port 39691 for RATIS
2021-06-07 01:00:32,759 [EndpointStateMachine task thread for /0.0.0.0:41785 - 0 ] INFO  ratis.XceiverServerRatis (XceiverServerRatis.java:getRealPort(511)) - XceiverServerRatis 0cacaae5-2f1d-4021-a1c8-b7d3ead785ca is started using port 39691 for RATIS_ADMIN
2021-06-07 01:00:32,759 [EndpointStateMachine task thread for /0.0.0.0:41785 - 0 ] INFO  ratis.XceiverServerRatis (XceiverServerRatis.java:getRealPort(511)) - XceiverServerRatis 0cacaae5-2f1d-4021-a1c8-b7d3ead785ca is started using port 39691 for RATIS_SERVER
2021-06-07 01:00:32,759 [EndpointStateMachine task thread for /0.0.0.0:41785 - 0 ] INFO  server.XceiverServerGrpc (XceiverServerGrpc.java:start(135)) - XceiverServerGrpc 0cacaae5-2f1d-4021-a1c8-b7d3ead785ca is started using port 46773
2021-06-07 01:00:32,760 [org.apache.ratis.util.JvmPauseMonitor$$Lambda$513/325153081@f3445b0] INFO  util.JvmPauseMonitor (JvmPauseMonitor.java:run(103)) - JvmPauseMonitor-0cacaae5-2f1d-4021-a1c8-b7d3ead785ca: Started
2021-06-07 01:00:33,744 [Listener at 127.0.0.1/46609] INFO  ozone.MiniOzoneClusterImpl (MiniOzoneClusterImpl.java:lambda$waitForClusterToBeReady$0(224)) - Waiting for nodes to be ready. Got 0 of 9 DN Heartbeats.
2021-06-07 01:00:33,744 [Listener at 127.0.0.1/46609] INFO  ozone.MiniOzoneClusterImpl (MiniOzoneClusterImpl.java:lambda$waitForClusterToBeReady$0(227)) - Waiting for cluster to exit safe mode
2021-06-07 01:00:33,745 [Listener at 127.0.0.1/46609] INFO  ozone.MiniOzoneClusterImpl (MiniOzoneClusterImpl.java:lambda$waitForClusterToBeReady$0(230)) - SCM became leader
2021-06-07 01:00:33,940 [IPC Server handler 2 on default port 41785] INFO  net.NetworkTopologyImpl (NetworkTopologyImpl.java:add(112)) - Added a new node: /default-rack/e1c54329-0f94-4ac4-b921-c08a88020a90
2021-06-07 01:00:33,942 [IPC Server handler 2 on default port 41785] INFO  node.SCMNodeManager (SCMNodeManager.java:register(348)) - Registered Data node : e1c54329-0f94-4ac4-b921-c08a88020a90{ip: 10.1.0.42, host: fv-az291-903.wgnan5asplgejimfprtllbpdch.jx.internal.cloudapp.net, ports: [REPLICATION=37865, RATIS=42691, RATIS_ADMIN=42691, RATIS_SERVER=42691, STANDALONE=35441], networkLocation: /default-rack, certSerialId: null, persistedOpState: null, persistedOpStateExpiryEpochSec: 0}
2021-06-07 01:00:33,944 [EventQueue-NewNodeForNewNodeHandler] INFO  pipeline.BackgroundPipelineCreator (BackgroundPipelineCreatorV2.java:notifyEventTriggered(282)) - trigger a one-shot run on RatisPipelineUtilsThread.
2021-06-07 01:00:33,945 [RatisPipelineUtilsThread - 0] INFO  pipeline.RatisPipelineProvider (RatisPipelineProvider.java:lambda$create$0(170)) - Sending CreatePipelineCommand for pipeline:PipelineID=7dde0deb-673b-4735-96c6-f92733485968 to datanode:e1c54329-0f94-4ac4-b921-c08a88020a90
2021-06-07 01:00:33,945 [EventQueue-NodeRegistrationContainerReportForContainerSafeModeRule] INFO  safemode.SCMSafeModeManager (SCMSafeModeManager.java:validateSafeModeExitRules(201)) - ContainerSafeModeRule rule is successfully validated
2021-06-07 01:00:33,946 [EventQueue-NodeRegistrationContainerReportForDataNodeSafeModeRule] INFO  safemode.SCMSafeModeManager (DataNodeSafeModeRule.java:process(71)) - SCM in safe mode. 1 DataNodes registered, 1 required.
2021-06-07 01:00:33,951 [EventQueue-PipelineReportForOneReplicaPipelineSafeModeRule] INFO  safemode.SCMSafeModeManager (SCMSafeModeManager.java:validateSafeModeExitRules(201)) - AtleastOneDatanodeReportedRule rule is successfully validated
2021-06-07 01:00:33,951 [EventQueue-NodeRegistrationContainerReportForDataNodeSafeModeRule] INFO  safemode.SCMSafeModeManager (SCMSafeModeManager.java:validateSafeModeExitRules(201)) - DataNodeSafeModeRule rule is successfully validated
2021-06-07 01:00:33,951 [RatisPipelineUtilsThread - 0] INFO  pipeline.PipelineStateManager (PipelineStateManagerV2Impl.java:addPipeline(101)) - Created pipeline Pipeline[ Id: 7dde0deb-673b-4735-96c6-f92733485968, Nodes: e1c54329-0f94-4ac4-b921-c08a88020a90{ip: 10.1.0.42, host: fv-az291-903.wgnan5asplgejimfprtllbpdch.jx.internal.cloudapp.net, ports: [REPLICATION=37865, RATIS=42691, RATIS_ADMIN=42691, RATIS_SERVER=42691, STANDALONE=35441], networkLocation: /default-rack, certSerialId: null, persistedOpState: IN_SERVICE, persistedOpStateExpiryEpochSec: 0}, ReplicationConfig: RATIS/ONE, State:ALLOCATED, leaderId:, CreationTimestamp2021-06-07T01:00:33.945Z].
2021-06-07 01:00:33,952 [EventQueue-NodeRegistrationContainerReportForDataNodeSafeModeRule] INFO  safemode.SCMSafeModeManager (SCMSafeModeManager.java:completePreCheck(229)) - All SCM safe mode pre check rules have passed
2021-06-07 01:00:33,952 [EventQueue-NodeRegistrationContainerReportForDataNodeSafeModeRule] WARN  events.EventQueue (EventQueue.java:fireEvent(185)) - No event handler registered for event TypedEvent{payloadType=SafeModeStatus, name='Safe mode status'}
2021-06-07 01:00:33,952 [EventQueue-NodeRegistrationContainerReportForDataNodeSafeModeRule] INFO  ha.SCMContext (SCMContext.java:updateSafeModeStatus(148)) - Update SafeModeStatus from SafeModeStatus{safeModeStatus=true, preCheckPassed=false} to SafeModeStatus{safeModeStatus=true, preCheckPassed=true}.
2021-06-07 01:00:33,952 [EventQueue-NodeRegistrationContainerReportForDataNodeSafeModeRule] INFO  pipeline.BackgroundPipelineCreator (BackgroundPipelineCreatorV2.java:notifyEventTriggered(282)) - trigger a one-shot run on RatisPipelineUtilsThread.
2021-06-07 01:00:33,953 [RatisPipelineUtilsThread - 0] WARN  pipeline.PipelinePlacementPolicy (PipelinePlacementPolicy.java:filterViableNodes(151)) - Pipeline creation failed due to no sufficient healthy datanodes. Required 3. Found 1.
2021-06-07 01:00:34,024 [IPC Server handler 1 on default port 41785] INFO  net.NetworkTopologyImpl (NetworkTopologyImpl.java:add(112)) - Added a new node: /default-rack/3eee8d88-c0ac-4861-bc75-3c80431b5d11
2021-06-07 01:00:34,025 [IPC Server handler 1 on default port 41785] INFO  node.SCMNodeManager (SCMNodeManager.java:register(348)) - Registered Data node : 3eee8d88-c0ac-4861-bc75-3c80431b5d11{ip: 10.1.0.42, host: fv-az291-903.wgnan5asplgejimfprtllbpdch.jx.internal.cloudapp.net, ports: [REPLICATION=35245, RATIS=45455, RATIS_ADMIN=45455, RATIS_SERVER=45455, STANDALONE=36697], networkLocation: /default-rack, certSerialId: null, persistedOpState: null, persistedOpStateExpiryEpochSec: 0}
2021-06-07 01:00:34,025 [EventQueue-NodeRegistrationContainerReportForContainerSafeModeRule] INFO  safemode.SCMSafeModeManager (SCMSafeModeManager.java:validateSafeModeExitRules(201)) - ContainerSafeModeRule rule is successfully validated
2021-06-07 01:00:34,026 [EventQueue-PipelineReportForOneReplicaPipelineSafeModeRule] INFO  safemode.SCMSafeModeManager (SCMSafeModeManager.java:validateSafeModeExitRules(201)) - AtleastOneDatanodeReportedRule rule is successfully validated
2021-06-07 01:00:34,026 [EventQueue-NewNodeForNewNodeHandler] INFO  pipeline.BackgroundPipelineCreator (BackgroundPipelineCreatorV2.java:notifyEventTriggered(282)) - trigger a one-shot run on RatisPipelineUtilsThread.
2021-06-07 01:00:34,026 [EventQueue-NodeRegistrationContainerReportForDataNodeSafeModeRule] INFO  safemode.SCMSafeModeManager (SCMSafeModeManager.java:validateSafeModeExitRules(201)) - DataNodeSafeModeRule rule is successfully validated
2021-06-07 01:00:34,028 [RatisPipelineUtilsThread - 0] INFO  pipeline.RatisPipelineProvider (RatisPipelineProvider.java:lambda$create$0(170)) - Sending CreatePipelineCommand for pipeline:PipelineID=c524aef2-d63d-42f1-a01f-57b7b015ff83 to datanode:3eee8d88-c0ac-4861-bc75-3c80431b5d11
2021-06-07 01:00:34,029 [RatisPipelineUtilsThread - 0] INFO  pipeline.PipelineStateManager (PipelineStateManagerV2Impl.java:addPipeline(101)) - Created pipeline Pipeline[ Id: c524aef2-d63d-42f1-a01f-57b7b015ff83, Nodes: 3eee8d88-c0ac-4861-bc75-3c80431b5d11{ip: 10.1.0.42, host: fv-az291-903.wgnan5asplgejimfprtllbpdch.jx.internal.cloudapp.net, ports: [REPLICATION=35245, RATIS=45455, RATIS_ADMIN=45455, RATIS_SERVER=45455, STANDALONE=36697], networkLocation: /default-rack, certSerialId: null, persistedOpState: IN_SERVICE, persistedOpStateExpiryEpochSec: 0}, ReplicationConfig: RATIS/ONE, State:ALLOCATED, leaderId:, CreationTimestamp2021-06-07T01:00:34.028Z].
2021-06-07 01:00:34,029 [RatisPipelineUtilsThread - 0] WARN  pipeline.PipelinePlacementPolicy (PipelinePlacementPolicy.java:filterViableNodes(151)) - Pipeline creation failed due to no sufficient healthy datanodes. Required 3. Found 2.
2021-06-07 01:00:34,121 [IPC Server handler 3 on default port 41785] INFO  net.NetworkTopologyImpl (NetworkTopologyImpl.java:add(112)) - Added a new node: /default-rack/c2033f43-39b3-4eb3-b9b2-5a70c0c49867
2021-06-07 01:00:34,121 [IPC Server handler 3 on default port 41785] INFO  node.SCMNodeManager (SCMNodeManager.java:register(348)) - Registered Data node : c2033f43-39b3-4eb3-b9b2-5a70c0c49867{ip: 10.1.0.42, host: fv-az291-903.wgnan5asplgejimfprtllbpdch.jx.internal.cloudapp.net, ports: [REPLICATION=38779, RATIS=40253, RATIS_ADMIN=40253, RATIS_SERVER=40253, STANDALONE=46823], networkLocation: /default-rack, certSerialId: null, persistedOpState: null, persistedOpStateExpiryEpochSec: 0}
2021-06-07 01:00:34,122 [EventQueue-NodeRegistrationContainerReportForContainerSafeModeRule] INFO  safemode.SCMSafeModeManager (SCMSafeModeManager.java:validateSafeModeExitRules(201)) - ContainerSafeModeRule rule is successfully validated
2021-06-07 01:00:34,122 [EventQueue-NodeRegistrationContainerReportForDataNodeSafeModeRule] INFO  safemode.SCMSafeModeManager (SCMSafeModeManager.java:validateSafeModeExitRules(201)) - DataNodeSafeModeRule rule is successfully validated
2021-06-07 01:00:34,122 [EventQueue-PipelineReportForOneReplicaPipelineSafeModeRule] INFO  safemode.SCMSafeModeManager (SCMSafeModeManager.java:validateSafeModeExitRules(201)) - AtleastOneDatanodeReportedRule rule is successfully validated
2021-06-07 01:00:34,121 [EventQueue-NewNodeForNewNodeHandler] INFO  pipeline.BackgroundPipelineCreator (BackgroundPipelineCreatorV2.java:notifyEventTriggered(282)) - trigger a one-shot run on RatisPipelineUtilsThread.
2021-06-07 01:00:34,122 [RatisPipelineUtilsThread - 0] INFO  pipeline.RatisPipelineProvider (RatisPipelineProvider.java:lambda$create$0(170)) - Sending CreatePipelineCommand for pipeline:PipelineID=d8e08c25-1f0e-41ac-be56-342a338590be to datanode:c2033f43-39b3-4eb3-b9b2-5a70c0c49867
2021-06-07 01:00:34,123 [RatisPipelineUtilsThread - 0] INFO  pipeline.PipelineStateManager (PipelineStateManagerV2Impl.java:addPipeline(101)) - Created pipeline Pipeline[ Id: d8e08c25-1f0e-41ac-be56-342a338590be, Nodes: c2033f43-39b3-4eb3-b9b2-5a70c0c49867{ip: 10.1.0.42, host: fv-az291-903.wgnan5asplgejimfprtllbpdch.jx.internal.cloudapp.net, ports: [REPLICATION=38779, RATIS=40253, RATIS_ADMIN=40253, RATIS_SERVER=40253, STANDALONE=46823], networkLocation: /default-rack, certSerialId: null, persistedOpState: IN_SERVICE, persistedOpStateExpiryEpochSec: 0}, ReplicationConfig: RATIS/ONE, State:ALLOCATED, leaderId:, CreationTimestamp2021-06-07T01:00:34.122Z].
2021-06-07 01:00:34,123 [RatisPipelineUtilsThread - 0] INFO  pipeline.RatisPipelineProvider (RatisPipelineProvider.java:lambda$create$0(170)) - Sending CreatePipelineCommand for pipeline:PipelineID=7966a4a9-418d-4bdc-887b-9cdf3ec888c5 to datanode:3eee8d88-c0ac-4861-bc75-3c80431b5d11
2021-06-07 01:00:34,123 [RatisPipelineUtilsThread - 0] INFO  pipeline.RatisPipelineProvider (RatisPipelineProvider.java:lambda$create$0(170)) - Sending CreatePipelineCommand for pipeline:PipelineID=7966a4a9-418d-4bdc-887b-9cdf3ec888c5 to datanode:e1c54329-0f94-4ac4-b921-c08a88020a90
2021-06-07 01:00:34,123 [RatisPipelineUtilsThread - 0] INFO  pipeline.RatisPipelineProvider (RatisPipelineProvider.java:lambda$create$0(170)) - Sending CreatePipelineCommand for pipeline:PipelineID=7966a4a9-418d-4bdc-887b-9cdf3ec888c5 to datanode:c2033f43-39b3-4eb3-b9b2-5a70c0c49867
2021-06-07 01:00:34,125 [RatisPipelineUtilsThread - 0] INFO  pipeline.PipelineStateManager (PipelineStateManagerV2Impl.java:addPipeline(101)) - Created pipeline Pipeline[ Id: 7966a4a9-418d-4bdc-887b-9cdf3ec888c5, Nodes: 3eee8d88-c0ac-4861-bc75-3c80431b5d11{ip: 10.1.0.42, host: fv-az291-903.wgnan5asplgejimfprtllbpdch.jx.internal.cloudapp.net, ports: [REPLICATION=35245, RATIS=45455, RATIS_ADMIN=45455, RATIS_SERVER=45455, STANDALONE=36697], networkLocation: /default-rack, certSerialId: null, persistedOpState: IN_SERVICE, persistedOpStateExpiryEpochSec: 0}e1c54329-0f94-4ac4-b921-c08a88020a90{ip: 10.1.0.42, host: fv-az291-903.wgnan5asplgejimfprtllbpdch.jx.internal.cloudapp.net, ports: [REPLICATION=37865, RATIS=42691, RATIS_ADMIN=42691, RATIS_SERVER=42691, STANDALONE=35441], networkLocation: /default-rack, certSerialId: null, persistedOpState: IN_SERVICE, persistedOpStateExpiryEpochSec: 0}c2033f43-39b3-4eb3-b9b2-5a70c0c49867{ip: 10.1.0.42, host: fv-az291-903.wgnan5asplgejimfprtllbpdch.jx.internal.cloudapp.net, ports: [REPLICATION=38779, RATIS=40253, RATIS_ADMIN=40253, RATIS_SERVER=40253, STANDALONE=46823], networkLocation: /default-rack, certSerialId: null, persistedOpState: IN_SERVICE, persistedOpStateExpiryEpochSec: 0}, ReplicationConfig: RATIS/THREE, State:ALLOCATED, leaderId:, CreationTimestamp2021-06-07T01:00:34.123Z].
2021-06-07 01:00:34,216 [IPC Server handler 5 on default port 41785] INFO  net.NetworkTopologyImpl (NetworkTopologyImpl.java:add(112)) - Added a new node: /default-rack/8d92b5a7-4709-4dab-ba37-cfa7e81d90ef
2021-06-07 01:00:34,216 [IPC Server handler 5 on default port 41785] INFO  node.SCMNodeManager (SCMNodeManager.java:register(348)) - Registered Data node : 8d92b5a7-4709-4dab-ba37-cfa7e81d90ef{ip: 10.1.0.42, host: fv-az291-903.wgnan5asplgejimfprtllbpdch.jx.internal.cloudapp.net, ports: [REPLICATION=34763, RATIS=45381, RATIS_ADMIN=45381, RATIS_SERVER=45381, STANDALONE=43891], networkLocation: /default-rack, certSerialId: null, persistedOpState: null, persistedOpStateExpiryEpochSec: 0}
2021-06-07 01:00:34,216 [EventQueue-NodeRegistrationContainerReportForDataNodeSafeModeRule] INFO  safemode.SCMSafeModeManager (SCMSafeModeManager.java:validateSafeModeExitRules(201)) - DataNodeSafeModeRule rule is successfully validated
2021-06-07 01:00:34,216 [EventQueue-PipelineReportForOneReplicaPipelineSafeModeRule] INFO  safemode.SCMSafeModeManager (SCMSafeModeManager.java:validateSafeModeExitRules(201)) - AtleastOneDatanodeReportedRule rule is successfully validated
2021-06-07 01:00:34,216 [EventQueue-NewNodeForNewNodeHandler] INFO  pipeline.BackgroundPipelineCreator (BackgroundPipelineCreatorV2.java:notifyEventTriggered(282)) - trigger a one-shot run on RatisPipelineUtilsThread.
2021-06-07 01:00:34,217 [EventQueue-NodeRegistrationContainerReportForContainerSafeModeRule] INFO  safemode.SCMSafeModeManager (SCMSafeModeManager.java:validateSafeModeExitRules(201)) - ContainerSafeModeRule rule is successfully validated
2021-06-07 01:00:34,218 [RatisPipelineUtilsThread - 0] INFO  pipeline.RatisPipelineProvider (RatisPipelineProvider.java:lambda$create$0(170)) - Sending CreatePipelineCommand for pipeline:PipelineID=b27efbdc-69f0-43b0-bf86-2b3425d9e77d to datanode:8d92b5a7-4709-4dab-ba37-cfa7e81d90ef
2021-06-07 01:00:34,220 [RatisPipelineUtilsThread - 0] INFO  pipeline.PipelineStateManager (PipelineStateManagerV2Impl.java:addPipeline(101)) - Created pipeline Pipeline[ Id: b27efbdc-69f0-43b0-bf86-2b3425d9e77d, Nodes: 8d92b5a7-4709-4dab-ba37-cfa7e81d90ef{ip: 10.1.0.42, host: fv-az291-903.wgnan5asplgejimfprtllbpdch.jx.internal.cloudapp.net, ports: [REPLICATION=34763, RATIS=45381, RATIS_ADMIN=45381, RATIS_SERVER=45381, STANDALONE=43891], networkLocation: /default-rack, certSerialId: null, persistedOpState: IN_SERVICE, persistedOpStateExpiryEpochSec: 0}, ReplicationConfig: RATIS/ONE, State:ALLOCATED, leaderId:, CreationTimestamp2021-06-07T01:00:34.218Z].
2021-06-07 01:00:34,320 [IPC Server handler 6 on default port 41785] INFO  net.NetworkTopologyImpl (NetworkTopologyImpl.java:add(112)) - Added a new node: /default-rack/4c0648dc-edb7-46e4-8fb2-cd1978ed42aa
2021-06-07 01:00:34,320 [IPC Server handler 6 on default port 41785] INFO  node.SCMNodeManager (SCMNodeManager.java:register(348)) - Registered Data node : 4c0648dc-edb7-46e4-8fb2-cd1978ed42aa{ip: 10.1.0.42, host: fv-az291-903.wgnan5asplgejimfprtllbpdch.jx.internal.cloudapp.net, ports: [REPLICATION=40025, RATIS=41055, RATIS_ADMIN=41055, RATIS_SERVER=41055, STANDALONE=32829], networkLocation: /default-rack, certSerialId: null, persistedOpState: null, persistedOpStateExpiryEpochSec: 0}
2021-06-07 01:00:34,320 [EventQueue-NewNodeForNewNodeHandler] INFO  pipeline.BackgroundPipelineCreator (BackgroundPipelineCreatorV2.java:notifyEventTriggered(282)) - trigger a one-shot run on RatisPipelineUtilsThread.
2021-06-07 01:00:34,320 [EventQueue-NodeRegistrationContainerReportForDataNodeSafeModeRule] INFO  safemode.SCMSafeModeManager (SCMSafeModeManager.java:validateSafeModeExitRules(201)) - DataNodeSafeModeRule rule is successfully validated
2021-06-07 01:00:34,320 [EventQueue-PipelineReportForOneReplicaPipelineSafeModeRule] INFO  safemode.SCMSafeModeManager (SCMSafeModeManager.java:validateSafeModeExitRules(201)) - AtleastOneDatanodeReportedRule rule is successfully validated
2021-06-07 01:00:34,321 [EventQueue-NodeRegistrationContainerReportForContainerSafeModeRule] INFO  safemode.SCMSafeModeManager (SCMSafeModeManager.java:validateSafeModeExitRules(201)) - ContainerSafeModeRule rule is successfully validated
2021-06-07 01:00:34,321 [RatisPipelineUtilsThread - 0] INFO  pipeline.RatisPipelineProvider (RatisPipelineProvider.java:lambda$create$0(170)) - Sending CreatePipelineCommand for pipeline:PipelineID=54b583af-02bc-46aa-b7a5-c9bd68c210e4 to datanode:4c0648dc-edb7-46e4-8fb2-cd1978ed42aa
2021-06-07 01:00:34,321 [RatisPipelineUtilsThread - 0] INFO  pipeline.PipelineStateManager (PipelineStateManagerV2Impl.java:addPipeline(101)) - Created pipeline Pipeline[ Id: 54b583af-02bc-46aa-b7a5-c9bd68c210e4, Nodes: 4c0648dc-edb7-46e4-8fb2-cd1978ed42aa{ip: 10.1.0.42, host: fv-az291-903.wgnan5asplgejimfprtllbpdch.jx.internal.cloudapp.net, ports: [REPLICATION=40025, RATIS=41055, RATIS_ADMIN=41055, RATIS_SERVER=41055, STANDALONE=32829], networkLocation: /default-rack, certSerialId: null, persistedOpState: IN_SERVICE, persistedOpStateExpiryEpochSec: 0}, ReplicationConfig: RATIS/ONE, State:ALLOCATED, leaderId:, CreationTimestamp2021-06-07T01:00:34.321Z].
2021-06-07 01:00:34,416 [IPC Server handler 4 on default port 41785] INFO  net.NetworkTopologyImpl (NetworkTopologyImpl.java:add(112)) - Added a new node: /default-rack/92e97bd9-ad78-40fd-8151-2c7bc5702604
2021-06-07 01:00:34,416 [IPC Server handler 4 on default port 41785] INFO  node.SCMNodeManager (SCMNodeManager.java:register(348)) - Registered Data node : 92e97bd9-ad78-40fd-8151-2c7bc5702604{ip: 10.1.0.42, host: fv-az291-903.wgnan5asplgejimfprtllbpdch.jx.internal.cloudapp.net, ports: [REPLICATION=46407, RATIS=42767, RATIS_ADMIN=42767, RATIS_SERVER=42767, STANDALONE=39155], networkLocation: /default-rack, certSerialId: null, persistedOpState: null, persistedOpStateExpiryEpochSec: 0}
2021-06-07 01:00:34,416 [EventQueue-PipelineReportForOneReplicaPipelineSafeModeRule] INFO  safemode.SCMSafeModeManager (SCMSafeModeManager.java:validateSafeModeExitRules(201)) - AtleastOneDatanodeReportedRule rule is successfully validated
2021-06-07 01:00:34,417 [EventQueue-NodeRegistrationContainerReportForDataNodeSafeModeRule] INFO  safemode.SCMSafeModeManager (SCMSafeModeManager.java:validateSafeModeExitRules(201)) - DataNodeSafeModeRule rule is successfully validated
2021-06-07 01:00:34,417 [EventQueue-NodeRegistrationContainerReportForContainerSafeModeRule] INFO  safemode.SCMSafeModeManager (SCMSafeModeManager.java:validateSafeModeExitRules(201)) - ContainerSafeModeRule rule is successfully validated
2021-06-07 01:00:34,416 [EventQueue-NewNodeForNewNodeHandler] INFO  pipeline.BackgroundPipelineCreator (BackgroundPipelineCreatorV2.java:notifyEventTriggered(282)) - trigger a one-shot run on RatisPipelineUtilsThread.
2021-06-07 01:00:34,419 [RatisPipelineUtilsThread - 0] INFO  pipeline.RatisPipelineProvider (RatisPipelineProvider.java:lambda$create$0(170)) - Sending CreatePipelineCommand for pipeline:PipelineID=3ca65648-812d-4a5a-8558-163f2600bd64 to datanode:92e97bd9-ad78-40fd-8151-2c7bc5702604
2021-06-07 01:00:34,419 [RatisPipelineUtilsThread - 0] INFO  pipeline.PipelineStateManager (PipelineStateManagerV2Impl.java:addPipeline(101)) - Created pipeline Pipeline[ Id: 3ca65648-812d-4a5a-8558-163f2600bd64, Nodes: 92e97bd9-ad78-40fd-8151-2c7bc5702604{ip: 10.1.0.42, host: fv-az291-903.wgnan5asplgejimfprtllbpdch.jx.internal.cloudapp.net, ports: [REPLICATION=46407, RATIS=42767, RATIS_ADMIN=42767, RATIS_SERVER=42767, STANDALONE=39155], networkLocation: /default-rack, certSerialId: null, persistedOpState: IN_SERVICE, persistedOpStateExpiryEpochSec: 0}, ReplicationConfig: RATIS/ONE, State:ALLOCATED, leaderId:, CreationTimestamp2021-06-07T01:00:34.419Z].
2021-06-07 01:00:34,420 [RatisPipelineUtilsThread - 0] INFO  pipeline.RatisPipelineProvider (RatisPipelineProvider.java:lambda$create$0(170)) - Sending CreatePipelineCommand for pipeline:PipelineID=93fb3b92-65a4-4a48-9dd3-0816aee1200f to datanode:8d92b5a7-4709-4dab-ba37-cfa7e81d90ef
2021-06-07 01:00:34,420 [RatisPipelineUtilsThread - 0] INFO  pipeline.RatisPipelineProvider (RatisPipelineProvider.java:lambda$create$0(170)) - Sending CreatePipelineCommand for pipeline:PipelineID=93fb3b92-65a4-4a48-9dd3-0816aee1200f to datanode:92e97bd9-ad78-40fd-8151-2c7bc5702604
2021-06-07 01:00:34,420 [RatisPipelineUtilsThread - 0] INFO  pipeline.RatisPipelineProvider (RatisPipelineProvider.java:lambda$create$0(170)) - Sending CreatePipelineCommand for pipeline:PipelineID=93fb3b92-65a4-4a48-9dd3-0816aee1200f to datanode:4c0648dc-edb7-46e4-8fb2-cd1978ed42aa
2021-06-07 01:00:34,421 [RatisPipelineUtilsThread - 0] INFO  pipeline.PipelineStateManager (PipelineStateManagerV2Impl.java:addPipeline(101)) - Created pipeline Pipeline[ Id: 93fb3b92-65a4-4a48-9dd3-0816aee1200f, Nodes: 8d92b5a7-4709-4dab-ba37-cfa7e81d90ef{ip: 10.1.0.42, host: fv-az291-903.wgnan5asplgejimfprtllbpdch.jx.internal.cloudapp.net, ports: [REPLICATION=34763, RATIS=45381, RATIS_ADMIN=45381, RATIS_SERVER=45381, STANDALONE=43891], networkLocation: /default-rack, certSerialId: null, persistedOpState: IN_SERVICE, persistedOpStateExpiryEpochSec: 0}92e97bd9-ad78-40fd-8151-2c7bc5702604{ip: 10.1.0.42, host: fv-az291-903.wgnan5asplgejimfprtllbpdch.jx.internal.cloudapp.net, ports: [REPLICATION=46407, RATIS=42767, RATIS_ADMIN=42767, RATIS_SERVER=42767, STANDALONE=39155], networkLocation: /default-rack, certSerialId: null, persistedOpState: IN_SERVICE, persistedOpStateExpiryEpochSec: 0}4c0648dc-edb7-46e4-8fb2-cd1978ed42aa{ip: 10.1.0.42, host: fv-az291-903.wgnan5asplgejimfprtllbpdch.jx.internal.cloudapp.net, ports: [REPLICATION=40025, RATIS=41055, RATIS_ADMIN=41055, RATIS_SERVER=41055, STANDALONE=32829], networkLocation: /default-rack, certSerialId: null, persistedOpState: IN_SERVICE, persistedOpStateExpiryEpochSec: 0}, ReplicationConfig: RATIS/THREE, State:ALLOCATED, leaderId:, CreationTimestamp2021-06-07T01:00:34.420Z].
2021-06-07 01:00:34,528 [IPC Server handler 7 on default port 41785] INFO  net.NetworkTopologyImpl (NetworkTopologyImpl.java:add(112)) - Added a new node: /default-rack/037b306d-55e4-4cae-90bd-e43eb14a37fd
2021-06-07 01:00:34,528 [IPC Server handler 7 on default port 41785] INFO  node.SCMNodeManager (SCMNodeManager.java:register(348)) - Registered Data node : 037b306d-55e4-4cae-90bd-e43eb14a37fd{ip: 10.1.0.42, host: fv-az291-903.wgnan5asplgejimfprtllbpdch.jx.internal.cloudapp.net, ports: [REPLICATION=40843, RATIS=42733, RATIS_ADMIN=42733, RATIS_SERVER=42733, STANDALONE=42791], networkLocation: /default-rack, certSerialId: null, persistedOpState: null, persistedOpStateExpiryEpochSec: 0}
2021-06-07 01:00:34,528 [EventQueue-NewNodeForNewNodeHandler] INFO  pipeline.BackgroundPipelineCreator (BackgroundPipelineCreatorV2.java:notifyEventTriggered(282)) - trigger a one-shot run on RatisPipelineUtilsThread.
2021-06-07 01:00:34,528 [EventQueue-NodeRegistrationContainerReportForContainerSafeModeRule] INFO  safemode.SCMSafeModeManager (SCMSafeModeManager.java:validateSafeModeExitRules(201)) - ContainerSafeModeRule rule is successfully validated
2021-06-07 01:00:34,528 [EventQueue-NodeRegistrationContainerReportForDataNodeSafeModeRule] INFO  safemode.SCMSafeModeManager (SCMSafeModeManager.java:validateSafeModeExitRules(201)) - DataNodeSafeModeRule rule is successfully validated
2021-06-07 01:00:34,529 [EventQueue-PipelineReportForOneReplicaPipelineSafeModeRule] INFO  safemode.SCMSafeModeManager (SCMSafeModeManager.java:validateSafeModeExitRules(201)) - AtleastOneDatanodeReportedRule rule is successfully validated
2021-06-07 01:00:34,529 [RatisPipelineUtilsThread - 0] INFO  pipeline.RatisPipelineProvider (RatisPipelineProvider.java:lambda$create$0(170)) - Sending CreatePipelineCommand for pipeline:PipelineID=28bba212-034c-42cc-b475-c901f7e1e50a to datanode:037b306d-55e4-4cae-90bd-e43eb14a37fd
2021-06-07 01:00:34,530 [RatisPipelineUtilsThread - 0] INFO  pipeline.PipelineStateManager (PipelineStateManagerV2Impl.java:addPipeline(101)) - Created pipeline Pipeline[ Id: 28bba212-034c-42cc-b475-c901f7e1e50a, Nodes: 037b306d-55e4-4cae-90bd-e43eb14a37fd{ip: 10.1.0.42, host: fv-az291-903.wgnan5asplgejimfprtllbpdch.jx.internal.cloudapp.net, ports: [REPLICATION=40843, RATIS=42733, RATIS_ADMIN=42733, RATIS_SERVER=42733, STANDALONE=42791], networkLocation: /default-rack, certSerialId: null, persistedOpState: IN_SERVICE, persistedOpStateExpiryEpochSec: 0}, ReplicationConfig: RATIS/ONE, State:ALLOCATED, leaderId:, CreationTimestamp2021-06-07T01:00:34.529Z].
2021-06-07 01:00:34,658 [IPC Server handler 10 on default port 41785] INFO  net.NetworkTopologyImpl (NetworkTopologyImpl.java:add(112)) - Added a new node: /default-rack/b8685ee4-5ca3-4a9e-9d6c-fdbcd092b49e
2021-06-07 01:00:34,659 [IPC Server handler 10 on default port 41785] INFO  node.SCMNodeManager (SCMNodeManager.java:register(348)) - Registered Data node : b8685ee4-5ca3-4a9e-9d6c-fdbcd092b49e{ip: 10.1.0.42, host: fv-az291-903.wgnan5asplgejimfprtllbpdch.jx.internal.cloudapp.net, ports: [REPLICATION=38791, RATIS=46205, RATIS_ADMIN=46205, RATIS_SERVER=46205, STANDALONE=35493], networkLocation: /default-rack, certSerialId: null, persistedOpState: null, persistedOpStateExpiryEpochSec: 0}
2021-06-07 01:00:34,659 [EventQueue-NewNodeForNewNodeHandler] INFO  pipeline.BackgroundPipelineCreator (BackgroundPipelineCreatorV2.java:notifyEventTriggered(282)) - trigger a one-shot run on RatisPipelineUtilsThread.
2021-06-07 01:00:34,659 [EventQueue-NodeRegistrationContainerReportForDataNodeSafeModeRule] INFO  safemode.SCMSafeModeManager (SCMSafeModeManager.java:validateSafeModeExitRules(201)) - DataNodeSafeModeRule rule is successfully validated
2021-06-07 01:00:34,659 [EventQueue-NodeRegistrationContainerReportForContainerSafeModeRule] INFO  safemode.SCMSafeModeManager (SCMSafeModeManager.java:validateSafeModeExitRules(201)) - ContainerSafeModeRule rule is successfully validated
2021-06-07 01:00:34,659 [EventQueue-PipelineReportForOneReplicaPipelineSafeModeRule] INFO  safemode.SCMSafeModeManager (SCMSafeModeManager.java:validateSafeModeExitRules(201)) - AtleastOneDatanodeReportedRule rule is successfully validated
2021-06-07 01:00:34,661 [RatisPipelineUtilsThread - 0] INFO  pipeline.RatisPipelineProvider (RatisPipelineProvider.java:lambda$create$0(170)) - Sending CreatePipelineCommand for pipeline:PipelineID=5f56733d-9e3f-4294-8821-1b81a7a9d557 to datanode:b8685ee4-5ca3-4a9e-9d6c-fdbcd092b49e
2021-06-07 01:00:34,662 [RatisPipelineUtilsThread - 0] INFO  pipeline.PipelineStateManager (PipelineStateManagerV2Impl.java:addPipeline(101)) - Created pipeline Pipeline[ Id: 5f56733d-9e3f-4294-8821-1b81a7a9d557, Nodes: b8685ee4-5ca3-4a9e-9d6c-fdbcd092b49e{ip: 10.1.0.42, host: fv-az291-903.wgnan5asplgejimfprtllbpdch.jx.internal.cloudapp.net, ports: [REPLICATION=38791, RATIS=46205, RATIS_ADMIN=46205, RATIS_SERVER=46205, STANDALONE=35493], networkLocation: /default-rack, certSerialId: null, persistedOpState: IN_SERVICE, persistedOpStateExpiryEpochSec: 0}, ReplicationConfig: RATIS/ONE, State:ALLOCATED, leaderId:, CreationTimestamp2021-06-07T01:00:34.661Z].
2021-06-07 01:00:34,745 [Listener at 127.0.0.1/46609] INFO  ozone.MiniOzoneClusterImpl (MiniOzoneClusterImpl.java:lambda$waitForClusterToBeReady$0(224)) - Waiting for nodes to be ready. Got 8 of 9 DN Heartbeats.
2021-06-07 01:00:34,745 [Listener at 127.0.0.1/46609] INFO  ozone.MiniOzoneClusterImpl (MiniOzoneClusterImpl.java:lambda$waitForClusterToBeReady$0(227)) - Waiting for cluster to exit safe mode
2021-06-07 01:00:34,745 [Listener at 127.0.0.1/46609] INFO  ozone.MiniOzoneClusterImpl (MiniOzoneClusterImpl.java:lambda$waitForClusterToBeReady$0(230)) - SCM became leader
2021-06-07 01:00:34,748 [IPC Server handler 0 on default port 41785] INFO  net.NetworkTopologyImpl (NetworkTopologyImpl.java:add(112)) - Added a new node: /default-rack/0cacaae5-2f1d-4021-a1c8-b7d3ead785ca
2021-06-07 01:00:34,748 [IPC Server handler 0 on default port 41785] INFO  node.SCMNodeManager (SCMNodeManager.java:register(348)) - Registered Data node : 0cacaae5-2f1d-4021-a1c8-b7d3ead785ca{ip: 10.1.0.42, host: fv-az291-903.wgnan5asplgejimfprtllbpdch.jx.internal.cloudapp.net, ports: [REPLICATION=33253, RATIS=39691, RATIS_ADMIN=39691, RATIS_SERVER=39691, STANDALONE=46773], networkLocation: /default-rack, certSerialId: null, persistedOpState: null, persistedOpStateExpiryEpochSec: 0}
2021-06-07 01:00:34,748 [EventQueue-PipelineReportForOneReplicaPipelineSafeModeRule] INFO  safemode.SCMSafeModeManager (SCMSafeModeManager.java:validateSafeModeExitRules(201)) - AtleastOneDatanodeReportedRule rule is successfully validated
2021-06-07 01:00:34,749 [EventQueue-NodeRegistrationContainerReportForDataNodeSafeModeRule] INFO  safemode.SCMSafeModeManager (SCMSafeModeManager.java:validateSafeModeExitRules(201)) - DataNodeSafeModeRule rule is successfully validated
2021-06-07 01:00:34,749 [EventQueue-NodeRegistrationContainerReportForContainerSafeModeRule] INFO  safemode.SCMSafeModeManager (SCMSafeModeManager.java:validateSafeModeExitRules(201)) - ContainerSafeModeRule rule is successfully validated
2021-06-07 01:00:34,749 [EventQueue-NewNodeForNewNodeHandler] INFO  pipeline.BackgroundPipelineCreator (BackgroundPipelineCreatorV2.java:notifyEventTriggered(282)) - trigger a one-shot run on RatisPipelineUtilsThread.
2021-06-07 01:00:34,749 [RatisPipelineUtilsThread - 0] INFO  pipeline.RatisPipelineProvider (RatisPipelineProvider.java:lambda$create$0(170)) - Sending CreatePipelineCommand for pipeline:PipelineID=3e905af0-53c9-4fe9-9357-5b07dacaf2fd to datanode:0cacaae5-2f1d-4021-a1c8-b7d3ead785ca
2021-06-07 01:00:34,750 [RatisPipelineUtilsThread - 0] INFO  pipeline.PipelineStateManager (PipelineStateManagerV2Impl.java:addPipeline(101)) - Created pipeline Pipeline[ Id: 3e905af0-53c9-4fe9-9357-5b07dacaf2fd, Nodes: 0cacaae5-2f1d-4021-a1c8-b7d3ead785ca{ip: 10.1.0.42, host: fv-az291-903.wgnan5asplgejimfprtllbpdch.jx.internal.cloudapp.net, ports: [REPLICATION=33253, RATIS=39691, RATIS_ADMIN=39691, RATIS_SERVER=39691, STANDALONE=46773], networkLocation: /default-rack, certSerialId: null, persistedOpState: IN_SERVICE, persistedOpStateExpiryEpochSec: 0}, ReplicationConfig: RATIS/ONE, State:ALLOCATED, leaderId:, CreationTimestamp2021-06-07T01:00:34.749Z].
2021-06-07 01:00:34,751 [RatisPipelineUtilsThread - 0] INFO  pipeline.RatisPipelineProvider (RatisPipelineProvider.java:lambda$create$0(170)) - Sending CreatePipelineCommand for pipeline:PipelineID=d58ec0e1-1309-4d1c-973f-1bd4f35d16ee to datanode:037b306d-55e4-4cae-90bd-e43eb14a37fd
2021-06-07 01:00:34,751 [RatisPipelineUtilsThread - 0] INFO  pipeline.RatisPipelineProvider (RatisPipelineProvider.java:lambda$create$0(170)) - Sending CreatePipelineCommand for pipeline:PipelineID=d58ec0e1-1309-4d1c-973f-1bd4f35d16ee to datanode:0cacaae5-2f1d-4021-a1c8-b7d3ead785ca
2021-06-07 01:00:34,751 [RatisPipelineUtilsThread - 0] INFO  pipeline.RatisPipelineProvider (RatisPipelineProvider.java:lambda$create$0(170)) - Sending CreatePipelineCommand for pipeline:PipelineID=d58ec0e1-1309-4d1c-973f-1bd4f35d16ee to datanode:b8685ee4-5ca3-4a9e-9d6c-fdbcd092b49e
2021-06-07 01:00:34,751 [RatisPipelineUtilsThread - 0] INFO  pipeline.PipelineStateManager (PipelineStateManagerV2Impl.java:addPipeline(101)) - Created pipeline Pipeline[ Id: d58ec0e1-1309-4d1c-973f-1bd4f35d16ee, Nodes: 037b306d-55e4-4cae-90bd-e43eb14a37fd{ip: 10.1.0.42, host: fv-az291-903.wgnan5asplgejimfprtllbpdch.jx.internal.cloudapp.net, ports: [REPLICATION=40843, RATIS=42733, RATIS_ADMIN=42733, RATIS_SERVER=42733, STANDALONE=42791], networkLocation: /default-rack, certSerialId: null, persistedOpState: IN_SERVICE, persistedOpStateExpiryEpochSec: 0}0cacaae5-2f1d-4021-a1c8-b7d3ead785ca{ip: 10.1.0.42, host: fv-az291-903.wgnan5asplgejimfprtllbpdch.jx.internal.cloudapp.net, ports: [REPLICATION=33253, RATIS=39691, RATIS_ADMIN=39691, RATIS_SERVER=39691, STANDALONE=46773], networkLocation: /default-rack, certSerialId: null, persistedOpState: IN_SERVICE, persistedOpStateExpiryEpochSec: 0}b8685ee4-5ca3-4a9e-9d6c-fdbcd092b49e{ip: 10.1.0.42, host: fv-az291-903.wgnan5asplgejimfprtllbpdch.jx.internal.cloudapp.net, ports: [REPLICATION=38791, RATIS=46205, RATIS_ADMIN=46205, RATIS_SERVER=46205, STANDALONE=35493], networkLocation: /default-rack, certSerialId: null, persistedOpState: IN_SERVICE, persistedOpStateExpiryEpochSec: 0}, ReplicationConfig: RATIS/THREE, State:ALLOCATED, leaderId:, CreationTimestamp2021-06-07T01:00:34.751Z].
2021-06-07 01:00:35,745 [Listener at 127.0.0.1/46609] INFO  ozone.MiniOzoneClusterImpl (MiniOzoneClusterImpl.java:lambda$waitForClusterToBeReady$0(224)) - Nodes are ready. Got 9 of 9 DN Heartbeats.
2021-06-07 01:00:35,746 [Listener at 127.0.0.1/46609] INFO  ozone.MiniOzoneClusterImpl (MiniOzoneClusterImpl.java:lambda$waitForClusterToBeReady$0(227)) - Waiting for cluster to exit safe mode
2021-06-07 01:00:35,746 [Listener at 127.0.0.1/46609] INFO  ozone.MiniOzoneClusterImpl (MiniOzoneClusterImpl.java:lambda$waitForClusterToBeReady$0(230)) - SCM became leader
2021-06-07 01:00:36,746 [Listener at 127.0.0.1/46609] INFO  ozone.MiniOzoneClusterImpl (MiniOzoneClusterImpl.java:lambda$waitForClusterToBeReady$0(224)) - Nodes are ready. Got 9 of 9 DN Heartbeats.
2021-06-07 01:00:36,746 [Listener at 127.0.0.1/46609] INFO  ozone.MiniOzoneClusterImpl (MiniOzoneClusterImpl.java:lambda$waitForClusterToBeReady$0(227)) - Waiting for cluster to exit safe mode
2021-06-07 01:00:36,746 [Listener at 127.0.0.1/46609] INFO  ozone.MiniOzoneClusterImpl (MiniOzoneClusterImpl.java:lambda$waitForClusterToBeReady$0(230)) - SCM became leader
2021-06-07 01:00:36,940 [Command processor thread] INFO  server.RaftServer (RaftServerProxy.java:addNew(95)) - e1c54329-0f94-4ac4-b921-c08a88020a90: addNew group-F92733485968:[e1c54329-0f94-4ac4-b921-c08a88020a90|rpc:10.1.0.42:42691|priority:1] returns group-F92733485968:java.util.concurrent.CompletableFuture@468f0b5c[Not completed]
2021-06-07 01:00:36,941 [pool-267-thread-1] INFO  server.RaftServer$Division (RaftServerImpl.java:<init>(180)) - e1c54329-0f94-4ac4-b921-c08a88020a90: new RaftServerImpl for group-F92733485968:[e1c54329-0f94-4ac4-b921-c08a88020a90|rpc:10.1.0.42:42691|priority:1] with ContainerStateMachine:uninitialized
2021-06-07 01:00:36,941 [pool-267-thread-1] INFO  server.RaftServerConfigKeys (ConfUtils.java:logGet(44)) - raft.server.rpc.timeout.min = 5s (custom)
2021-06-07 01:00:36,941 [pool-267-thread-1] INFO  server.RaftServerConfigKeys (ConfUtils.java:logGet(44)) - raft.server.rpc.timeout.max = 5200ms (custom)
2021-06-07 01:00:36,941 [pool-267-thread-1] INFO  server.RaftServerConfigKeys (ConfUtils.java:logGet(44)) - raft.server.rpc.sleep.time = 25ms (default)
2021-06-07 01:00:36,941 [pool-267-thread-1] INFO  server.RaftServerConfigKeys (ConfUtils.java:logGet(44)) - raft.server.rpc.slowness.timeout = 300000ms (custom)
2021-06-07 01:00:36,941 [pool-267-thread-1] INFO  server.RaftServerConfigKeys (ConfUtils.java:logGet(44)) - raft.server.leaderelection.leader.step-down.wait-time = 10s (default)
2021-06-07 01:00:36,941 [pool-267-thread-1] INFO  server.RaftServerConfigKeys (ConfUtils.java:logGet(44)) - raft.server.sleep.deviation.threshold = 300ms (default)
2021-06-07 01:00:36,941 [pool-267-thread-1] INFO  server.RaftServerConfigKeys (ConfUtils.java:logGet(44)) - raft.server.log.appender.install.snapshot.enabled = false (custom)
2021-06-07 01:00:36,942 [pool-267-thread-1] INFO  server.RaftServer$Division (ServerState.java:<init>(105)) - e1c54329-0f94-4ac4-b921-c08a88020a90@group-F92733485968: ConfigurationManager, init=-1: [e1c54329-0f94-4ac4-b921-c08a88020a90|rpc:10.1.0.42:42691|priority:1], old=null, confs=<EMPTY_MAP>
2021-06-07 01:00:36,942 [pool-267-thread-1] INFO  server.RaftServerConfigKeys (ConfUtils.java:logGet(44)) - raft.server.storage.dir = [/home/runner/work/ozone/ozone/mnt/ozone/hadoop-ozone/integration-test/target/test-dir/MiniOzoneClusterImpl-4d691a8a-0502-4280-8005-09cceedbb589/datanode-0/data/ratis] (custom)
2021-06-07 01:00:36,942 [pool-267-thread-1] INFO  server.RaftServerConfigKeys (ConfUtils.java:logGet(44)) - raft.server.log.corruption.policy = EXCEPTION (default)
2021-06-07 01:00:36,942 [pool-267-thread-1] INFO  storage.RaftStorageDirectory (RaftStorageDirectoryImpl.java:analyzeStorage(132)) - The storage directory /home/runner/work/ozone/ozone/mnt/ozone/hadoop-ozone/integration-test/target/test-dir/MiniOzoneClusterImpl-4d691a8a-0502-4280-8005-09cceedbb589/datanode-0/data/ratis/7dde0deb-673b-4735-96c6-f92733485968 does not exist. Creating ...
2021-06-07 01:00:36,944 [pool-267-thread-1] INFO  storage.RaftStorageDirectory (RaftStorageDirectoryImpl.java:tryLock(215)) - Lock on /home/runner/work/ozone/ozone/mnt/ozone/hadoop-ozone/integration-test/target/test-dir/MiniOzoneClusterImpl-4d691a8a-0502-4280-8005-09cceedbb589/datanode-0/data/ratis/7dde0deb-673b-4735-96c6-f92733485968/in_use.lock acquired by nodename 8828@fv-az291-903
2021-06-07 01:00:36,945 [pool-267-thread-1] INFO  storage.RaftStorage (RaftStorageImpl.java:format(87)) - Storage directory /home/runner/work/ozone/ozone/mnt/ozone/hadoop-ozone/integration-test/target/test-dir/MiniOzoneClusterImpl-4d691a8a-0502-4280-8005-09cceedbb589/datanode-0/data/ratis/7dde0deb-673b-4735-96c6-f92733485968 has been successfully formatted.
2021-06-07 01:00:36,945 [pool-267-thread-1] INFO  ratis.ContainerStateMachine (ContainerStateMachine.java:loadSnapshot(224)) - group-F92733485968: The snapshot info is null. Setting the last applied indexto:(t:0, i:~)
2021-06-07 01:00:36,945 [pool-267-thread-1] INFO  server.RaftServerConfigKeys (ConfUtils.java:logGet(44)) - raft.server.notification.no-leader.timeout = 300000ms (custom)
2021-06-07 01:00:36,945 [pool-267-thread-1] INFO  server.RaftServerConfigKeys (ConfUtils.java:logGet(44)) - raft.server.log.use.memory = false (default)
2021-06-07 01:00:36,945 [pool-267-thread-1] INFO  server.RaftServerConfigKeys (ConfUtils.java:logGet(44)) - raft.server.log.purge.gap = 1000000 (custom)
2021-06-07 01:00:36,945 [pool-267-thread-1] INFO  server.RaftServerConfigKeys (ConfUtils.java:logGet(44)) - raft.server.log.appender.buffer.byte-limit = 33554432 (custom)
2021-06-07 01:00:36,945 [pool-267-thread-1] INFO  metrics.RatisMetrics (RatisMetrics.java:lambda$create$0(36)) - Creating Metrics Registry : ratis.log_worker.e1c54329-0f94-4ac4-b921-c08a88020a90@group-F92733485968
2021-06-07 01:00:36,946 [pool-267-thread-1] INFO  server.RaftServerConfigKeys (ConfUtils.java:logGet(44)) - raft.server.log.segment.size.max = 1048576 (custom)
2021-06-07 01:00:36,946 [EventQueue-PipelineReportForOneReplicaPipelineSafeModeRule] INFO  safemode.SCMSafeModeManager (SCMSafeModeManager.java:validateSafeModeExitRules(201)) - AtleastOneDatanodeReportedRule rule is successfully validated
2021-06-07 01:00:36,946 [EventQueue-PipelineReportForPipelineReportHandler] INFO  pipeline.PipelineManagerV2Impl (PipelineManagerV2Impl.java:openPipeline(270)) - Pipeline Pipeline[ Id: 7dde0deb-673b-4735-96c6-f92733485968, Nodes: e1c54329-0f94-4ac4-b921-c08a88020a90{ip: 10.1.0.42, host: fv-az291-903.wgnan5asplgejimfprtllbpdch.jx.internal.cloudapp.net, ports: [REPLICATION=37865, RATIS=42691, RATIS_ADMIN=42691, RATIS_SERVER=42691, STANDALONE=35441], networkLocation: /default-rack, certSerialId: null, persistedOpState: IN_SERVICE, persistedOpStateExpiryEpochSec: 0}, ReplicationConfig: RATIS/ONE, State:ALLOCATED, leaderId:e1c54329-0f94-4ac4-b921-c08a88020a90, CreationTimestamp2021-06-07T01:00:33.945Z] moved to OPEN state
2021-06-07 01:00:36,946 [pool-267-thread-1] INFO  server.RaftServerConfigKeys (ConfUtils.java:logGet(44)) - raft.server.log.segment.cache.num.max = 2 (custom)
2021-06-07 01:00:36,946 [pool-267-thread-1] INFO  server.RaftServerConfigKeys (ConfUtils.java:logGet(44)) - raft.server.log.segment.cache.size.max = 200MB (=209715200) (default)
2021-06-07 01:00:36,946 [pool-267-thread-1] INFO  segmented.SegmentedRaftLogWorker (SegmentedRaftLogWorker.java:<init>(182)) - new e1c54329-0f94-4ac4-b921-c08a88020a90@group-F92733485968-SegmentedRaftLogWorker for RaftStorageImpl:Storage Directory /home/runner/work/ozone/ozone/mnt/ozone/hadoop-ozone/integration-test/target/test-dir/MiniOzoneClusterImpl-4d691a8a-0502-4280-8005-09cceedbb589/datanode-0/data/ratis/7dde0deb-673b-4735-96c6-f92733485968
2021-06-07 01:00:36,946 [pool-267-thread-1] INFO  server.RaftServerConfigKeys (ConfUtils.java:logGet(44)) - raft.server.log.queue.byte-limit = 2147483647 (custom)
2021-06-07 01:00:36,946 [pool-267-thread-1] INFO  server.RaftServerConfigKeys (ConfUtils.java:logGet(44)) - raft.server.log.queue.element-limit = 1024 (custom)
2021-06-07 01:00:36,946 [pool-267-thread-1] INFO  server.RaftServerConfigKeys (ConfUtils.java:logGet(44)) - raft.server.log.segment.size.max = 1048576 (custom)
2021-06-07 01:00:36,947 [pool-267-thread-1] INFO  server.RaftServerConfigKeys (ConfUtils.java:logGet(44)) - raft.server.log.preallocated.size = 16384 (custom)
2021-06-07 01:00:36,947 [pool-267-thread-1] INFO  server.RaftServerConfigKeys (ConfUtils.java:logGet(44)) - raft.server.log.force.sync.num = 128 (default)
2021-06-07 01:00:36,947 [pool-267-thread-1] INFO  server.RaftServerConfigKeys (ConfUtils.java:logGet(44)) - raft.server.log.statemachine.data.sync = true (default)
2021-06-07 01:00:36,947 [pool-267-thread-1] INFO  server.RaftServerConfigKeys (ConfUtils.java:logGet(44)) - raft.server.log.statemachine.data.sync.timeout = 10s (default)
2021-06-07 01:00:36,947 [pool-267-thread-1] INFO  server.RaftServerConfigKeys (ConfUtils.java:logGet(44)) - raft.server.log.statemachine.data.sync.timeout.retry = -1 (default)
2021-06-07 01:00:36,952 [pool-267-thread-1] INFO  server.RaftServerConfigKeys (ConfUtils.java:logGet(44)) - raft.server.log.write.buffer.size = 1048576 (custom)
2021-06-07 01:00:36,953 [pool-267-thread-1] INFO  server.RaftServerConfigKeys (ConfUtils.java:logGet(44)) - raft.server.log.statemachine.data.caching.enabled = true (custom)
2021-06-07 01:00:36,953 [pool-267-thread-1] INFO  segmented.SegmentedRaftLogWorker (SegmentedRaftLogWorker.java:lambda$new$0(133)) - e1c54329-0f94-4ac4-b921-c08a88020a90@group-F92733485968-SegmentedRaftLogWorker: flushIndex: setUnconditionally 0 -> -1
2021-06-07 01:00:36,953 [pool-267-thread-1] INFO  segmented.SegmentedRaftLogWorker (SegmentedRaftLogWorker.java:lambda$new$0(133)) - e1c54329-0f94-4ac4-b921-c08a88020a90@group-F92733485968-SegmentedRaftLogWorker: safeCacheEvictIndex: setUnconditionally 0 -> -1
2021-06-07 01:00:36,952 [EventQueue-OpenPipelineForHealthyPipelineSafeModeRule] INFO  safemode.SCMSafeModeManager (HealthyPipelineSafeModeRule.java:process(130)) - SCM in safe mode. Healthy pipelines reported count is 0, required healthy pipeline reported count is 1
2021-06-07 01:00:36,955 [pool-267-thread-1] INFO  server.RaftServerConfigKeys (ConfUtils.java:logGet(44)) - raft.server.snapshot.auto.trigger.enabled = true (custom)
2021-06-07 01:00:36,955 [pool-267-thread-1] INFO  server.RaftServerConfigKeys (ConfUtils.java:logGet(44)) - raft.server.snapshot.auto.trigger.threshold = 10000 (custom)
2021-06-07 01:00:36,956 [pool-267-thread-1] INFO  server.RaftServerConfigKeys (ConfUtils.java:logGet(44)) - raft.server.snapshot.retention.file.num = 5 (custom)
2021-06-07 01:00:36,956 [pool-267-thread-1] INFO  server.RaftServerConfigKeys (ConfUtils.java:logGet(44)) - raft.server.log.purge.upto.snapshot.index = false (default)
2021-06-07 01:00:36,956 [pool-267-thread-1] INFO  server.RaftServerConfigKeys (ConfUtils.java:logGet(44)) - raft.server.retrycache.expirytime = 600000ms (custom)
2021-06-07 01:00:36,956 [pool-267-thread-1] INFO  server.RaftServerConfigKeys (ConfUtils.java:logGet(44)) - raft.server.retrycache.statistics.expirytime = 100μs (default)
2021-06-07 01:00:36,956 [pool-267-thread-1] INFO  metrics.RatisMetrics (RatisMetrics.java:lambda$create$0(36)) - Creating Metrics Registry : ratis.leader_election.e1c54329-0f94-4ac4-b921-c08a88020a90@group-F92733485968
2021-06-07 01:00:36,956 [pool-267-thread-1] INFO  metrics.RatisMetrics (RatisMetrics.java:lambda$create$0(36)) - Creating Metrics Registry : ratis.server.e1c54329-0f94-4ac4-b921-c08a88020a90@group-F92733485968
2021-06-07 01:00:36,957 [pool-267-thread-1] INFO  server.RaftServer$Division (RaftServerImpl.java:start(295)) - e1c54329-0f94-4ac4-b921-c08a88020a90@group-F92733485968: start as a follower, conf=-1: [e1c54329-0f94-4ac4-b921-c08a88020a90|rpc:10.1.0.42:42691|priority:1], old=null
2021-06-07 01:00:36,958 [pool-267-thread-1] INFO  server.RaftServer$Division (RaftServerImpl.java:setRole(284)) - e1c54329-0f94-4ac4-b921-c08a88020a90@group-F92733485968: changes role from      null to FOLLOWER at term 0 for startAsFollower
2021-06-07 01:00:36,958 [pool-267-thread-1] INFO  impl.RoleInfo (RoleInfo.java:updateAndGet(130)) - e1c54329-0f94-4ac4-b921-c08a88020a90: start e1c54329-0f94-4ac4-b921-c08a88020a90@group-F92733485968-FollowerState
2021-06-07 01:00:36,962 [pool-267-thread-1] INFO  util.JmxRegister (JmxRegister.java:tryRegister(44)) - Successfully registered JMX Bean with object name Ratis:service=RaftServer,group=group-F92733485968,id=e1c54329-0f94-4ac4-b921-c08a88020a90
2021-06-07 01:00:36,963 [pool-267-thread-1] INFO  metrics.RatisMetrics (RatisMetrics.java:lambda$create$0(36)) - Creating Metrics Registry : ratis.state_machine.e1c54329-0f94-4ac4-b921-c08a88020a90@group-F92733485968
2021-06-07 01:00:36,963 [Command processor thread] INFO  ratis.XceiverServerRatis (XceiverServerRatis.java:addGroup(808)) - Created group PipelineID=7dde0deb-673b-4735-96c6-f92733485968
2021-06-07 01:00:36,963 [Command processor thread] INFO  commandhandler.CreatePipelineCommandHandler (CreatePipelineCommandHandler.java:handle(106)) - Created Pipeline RATIS ONE PipelineID=7dde0deb-673b-4735-96c6-f92733485968.
2021-06-07 01:00:36,964 [Command processor thread] INFO  server.RaftServer (RaftServerProxy.java:addNew(95)) - e1c54329-0f94-4ac4-b921-c08a88020a90: addNew group-9CDF3EC888C5:[3eee8d88-c0ac-4861-bc75-3c80431b5d11|rpc:10.1.0.42:45455|priority:0, e1c54329-0f94-4ac4-b921-c08a88020a90|rpc:10.1.0.42:42691|priority:0, c2033f43-39b3-4eb3-b9b2-5a70c0c49867|rpc:10.1.0.42:40253|priority:1] returns group-9CDF3EC888C5:java.util.concurrent.CompletableFuture@42b08755[Not completed]
2021-06-07 01:00:36,964 [pool-267-thread-1] INFO  server.RaftServer$Division (RaftServerImpl.java:<init>(180)) - e1c54329-0f94-4ac4-b921-c08a88020a90: new RaftServerImpl for group-9CDF3EC888C5:[3eee8d88-c0ac-4861-bc75-3c80431b5d11|rpc:10.1.0.42:45455|priority:0, e1c54329-0f94-4ac4-b921-c08a88020a90|rpc:10.1.0.42:42691|priority:0, c2033f43-39b3-4eb3-b9b2-5a70c0c49867|rpc:10.1.0.42:40253|priority:1] with ContainerStateMachine:uninitialized
2021-06-07 01:00:36,964 [pool-267-thread-1] INFO  server.RaftServerConfigKeys (ConfUtils.java:logGet(44)) - raft.server.rpc.timeout.min = 5s (custom)
2021-06-07 01:00:36,964 [pool-267-thread-1] INFO  server.RaftServerConfigKeys (ConfUtils.java:logGet(44)) - raft.server.rpc.timeout.max = 5200ms (custom)
2021-06-07 01:00:36,964 [pool-267-thread-1] INFO  server.RaftServerConfigKeys (ConfUtils.java:logGet(44)) - raft.server.rpc.sleep.time = 25ms (default)
2021-06-07 01:00:36,965 [pool-267-thread-1] INFO  server.RaftServerConfigKeys (ConfUtils.java:logGet(44)) - raft.server.rpc.slowness.timeout = 300000ms (custom)
2021-06-07 01:00:36,965 [pool-267-thread-1] INFO  server.RaftServerConfigKeys (ConfUtils.java:logGet(44)) - raft.server.leaderelection.leader.step-down.wait-time = 10s (default)
2021-06-07 01:00:36,965 [pool-267-thread-1] INFO  server.RaftServerConfigKeys (ConfUtils.java:logGet(44)) - raft.server.sleep.deviation.threshold = 300ms (default)
2021-06-07 01:00:36,965 [pool-267-thread-1] INFO  server.RaftServerConfigKeys (ConfUtils.java:logGet(44)) - raft.server.log.appender.install.snapshot.enabled = false (custom)
2021-06-07 01:00:36,965 [pool-267-thread-1] INFO  server.RaftServer$Division (ServerState.java:<init>(105)) - e1c54329-0f94-4ac4-b921-c08a88020a90@group-9CDF3EC888C5: ConfigurationManager, init=-1: [3eee8d88-c0ac-4861-bc75-3c80431b5d11|rpc:10.1.0.42:45455|priority:0, e1c54329-0f94-4ac4-b921-c08a88020a90|rpc:10.1.0.42:42691|priority:0, c2033f43-39b3-4eb3-b9b2-5a70c0c49867|rpc:10.1.0.42:40253|priority:1], old=null, confs=<EMPTY_MAP>
2021-06-07 01:00:36,965 [pool-267-thread-1] INFO  server.RaftServerConfigKeys (ConfUtils.java:logGet(44)) - raft.server.storage.dir = [/home/runner/work/ozone/ozone/mnt/ozone/hadoop-ozone/integration-test/target/test-dir/MiniOzoneClusterImpl-4d691a8a-0502-4280-8005-09cceedbb589/datanode-0/data/ratis] (custom)
2021-06-07 01:00:36,965 [pool-267-thread-1] INFO  server.RaftServerConfigKeys (ConfUtils.java:logGet(44)) - raft.server.log.corruption.policy = EXCEPTION (default)
2021-06-07 01:00:36,965 [pool-267-thread-1] INFO  storage.RaftStorageDirectory (RaftStorageDirectoryImpl.java:analyzeStorage(132)) - The storage directory /home/runner/work/ozone/ozone/mnt/ozone/hadoop-ozone/integration-test/target/test-dir/MiniOzoneClusterImpl-4d691a8a-0502-4280-8005-09cceedbb589/datanode-0/data/ratis/7966a4a9-418d-4bdc-887b-9cdf3ec888c5 does not exist. Creating ...
2021-06-07 01:00:36,966 [pool-267-thread-1] INFO  storage.RaftStorageDirectory (RaftStorageDirectoryImpl.java:tryLock(215)) - Lock on /home/runner/work/ozone/ozone/mnt/ozone/hadoop-ozone/integration-test/target/test-dir/MiniOzoneClusterImpl-4d691a8a-0502-4280-8005-09cceedbb589/datanode-0/data/ratis/7966a4a9-418d-4bdc-887b-9cdf3ec888c5/in_use.lock acquired by nodename 8828@fv-az291-903
2021-06-07 01:00:36,967 [pool-267-thread-1] INFO  storage.RaftStorage (RaftStorageImpl.java:format(87)) - Storage directory /home/runner/work/ozone/ozone/mnt/ozone/hadoop-ozone/integration-test/target/test-dir/MiniOzoneClusterImpl-4d691a8a-0502-4280-8005-09cceedbb589/datanode-0/data/ratis/7966a4a9-418d-4bdc-887b-9cdf3ec888c5 has been successfully formatted.
2021-06-07 01:00:36,968 [EventQueue-PipelineReportForOneReplicaPipelineSafeModeRule] INFO  safemode.SCMSafeModeManager (SCMSafeModeManager.java:validateSafeModeExitRules(201)) - AtleastOneDatanodeReportedRule rule is successfully validated
2021-06-07 01:00:36,968 [pool-267-thread-1] INFO  ratis.ContainerStateMachine (ContainerStateMachine.java:loadSnapshot(224)) - group-9CDF3EC888C5: The snapshot info is null. Setting the last applied indexto:(t:0, i:~)
2021-06-07 01:00:36,968 [EventQueue-OpenPipelineForHealthyPipelineSafeModeRule] INFO  safemode.SCMSafeModeManager (HealthyPipelineSafeModeRule.java:process(130)) - SCM in safe mode. Healthy pipelines reported count is 0, required healthy pipeline reported count is 1
2021-06-07 01:00:36,968 [pool-267-thread-1] INFO  server.RaftServerConfigKeys (ConfUtils.java:logGet(44)) - raft.server.notification.no-leader.timeout = 300000ms (custom)
2021-06-07 01:00:36,968 [pool-267-thread-1] INFO  server.RaftServerConfigKeys (ConfUtils.java:logGet(44)) - raft.server.log.use.memory = false (default)
2021-06-07 01:00:36,968 [pool-267-thread-1] INFO  server.RaftServerConfigKeys (ConfUtils.java:logGet(44)) - raft.server.log.purge.gap = 1000000 (custom)
2021-06-07 01:00:36,968 [pool-267-thread-1] INFO  server.RaftServerConfigKeys (ConfUtils.java:logGet(44)) - raft.server.log.appender.buffer.byte-limit = 33554432 (custom)
2021-06-07 01:00:36,968 [pool-267-thread-1] INFO  metrics.RatisMetrics (RatisMetrics.java:lambda$create$0(36)) - Creating Metrics Registry : ratis.log_worker.e1c54329-0f94-4ac4-b921-c08a88020a90@group-9CDF3EC888C5
2021-06-07 01:00:36,968 [pool-267-thread-1] INFO  server.RaftServerConfigKeys (ConfUtils.java:logGet(44)) - raft.server.log.segment.size.max = 1048576 (custom)
2021-06-07 01:00:36,969 [pool-267-thread-1] INFO  server.RaftServerConfigKeys (ConfUtils.java:logGet(44)) - raft.server.log.segment.cache.num.max = 2 (custom)
2021-06-07 01:00:36,969 [pool-267-thread-1] INFO  server.RaftServerConfigKeys (ConfUtils.java:logGet(44)) - raft.server.log.segment.cache.size.max = 200MB (=209715200) (default)
2021-06-07 01:00:36,969 [pool-267-thread-1] INFO  segmented.SegmentedRaftLogWorker (SegmentedRaftLogWorker.java:<init>(182)) - new e1c54329-0f94-4ac4-b921-c08a88020a90@group-9CDF3EC888C5-SegmentedRaftLogWorker for RaftStorageImpl:Storage Directory /home/runner/work/ozone/ozone/mnt/ozone/hadoop-ozone/integration-test/target/test-dir/MiniOzoneClusterImpl-4d691a8a-0502-4280-8005-09cceedbb589/datanode-0/data/ratis/7966a4a9-418d-4bdc-887b-9cdf3ec888c5
2021-06-07 01:00:36,969 [pool-267-thread-1] INFO  server.RaftServerConfigKeys (ConfUtils.java:logGet(44)) - raft.server.log.queue.byte-limit = 2147483647 (custom)
2021-06-07 01:00:36,970 [pool-267-thread-1] INFO  server.RaftServerConfigKeys (ConfUtils.java:logGet(44)) - raft.server.log.queue.element-limit = 1024 (custom)
2021-06-07 01:00:36,970 [pool-267-thread-1] INFO  server.RaftServerConfigKeys (ConfUtils.java:logGet(44)) - raft.server.log.segment.size.max = 1048576 (custom)
2021-06-07 01:00:36,970 [pool-267-thread-1] INFO  server.RaftServerConfigKeys (ConfUtils.java:logGet(44)) - raft.server.log.preallocated.size = 16384 (custom)
2021-06-07 01:00:36,970 [pool-267-thread-1] INFO  server.RaftServerConfigKeys (ConfUtils.java:logGet(44)) - raft.server.log.force.sync.num = 128 (default)
2021-06-07 01:00:36,970 [pool-267-thread-1] INFO  server.RaftServerConfigKeys (ConfUtils.java:logGet(44)) - raft.server.log.statemachine.data.sync = true (default)
2021-06-07 01:00:36,970 [pool-267-thread-1] INFO  server.RaftServerConfigKeys (ConfUtils.java:logGet(44)) - raft.server.log.statemachine.data.sync.timeout = 10s (default)
2021-06-07 01:00:36,970 [pool-267-thread-1] INFO  server.RaftServerConfigKeys (ConfUtils.java:logGet(44)) - raft.server.log.statemachine.data.sync.timeout.retry = -1 (default)
2021-06-07 01:00:36,972 [pool-267-thread-1] INFO  server.RaftServerConfigKeys (ConfUtils.java:logGet(44)) - raft.server.log.write.buffer.size = 1048576 (custom)
2021-06-07 01:00:36,972 [pool-267-thread-1] INFO  server.RaftServerConfigKeys (ConfUtils.java:logGet(44)) - raft.server.log.statemachine.data.caching.enabled = true (custom)
2021-06-07 01:00:36,972 [pool-267-thread-1] INFO  segmented.SegmentedRaftLogWorker (SegmentedRaftLogWorker.java:lambda$new$0(133)) - e1c54329-0f94-4ac4-b921-c08a88020a90@group-9CDF3EC888C5-SegmentedRaftLogWorker: flushIndex: setUnconditionally 0 -> -1
2021-06-07 01:00:36,972 [pool-267-thread-1] INFO  segmented.SegmentedRaftLogWorker (SegmentedRaftLogWorker.java:lambda$new$0(133)) - e1c54329-0f94-4ac4-b921-c08a88020a90@group-9CDF3EC888C5-SegmentedRaftLogWorker: safeCacheEvictIndex: setUnconditionally 0 -> -1
2021-06-07 01:00:36,974 [pool-267-thread-1] INFO  server.RaftServerConfigKeys (ConfUtils.java:logGet(44)) - raft.server.snapshot.auto.trigger.enabled = true (custom)
2021-06-07 01:00:36,974 [pool-267-thread-1] INFO  server.RaftServerConfigKeys (ConfUtils.java:logGet(44)) - raft.server.snapshot.auto.trigger.threshold = 10000 (custom)
2021-06-07 01:00:36,974 [pool-267-thread-1] INFO  server.RaftServerConfigKeys (ConfUtils.java:logGet(44)) - raft.server.snapshot.retention.file.num = 5 (custom)
2021-06-07 01:00:36,974 [pool-267-thread-1] INFO  server.RaftServerConfigKeys (ConfUtils.java:logGet(44)) - raft.server.log.purge.upto.snapshot.index = false (default)
2021-06-07 01:00:36,974 [pool-267-thread-1] INFO  server.RaftServerConfigKeys (ConfUtils.java:logGet(44)) - raft.server.retrycache.expirytime = 600000ms (custom)
2021-06-07 01:00:36,974 [pool-267-thread-1] INFO  server.RaftServerConfigKeys (ConfUtils.java:logGet(44)) - raft.server.retrycache.statistics.expirytime = 100μs (default)
2021-06-07 01:00:36,975 [pool-267-thread-1] INFO  metrics.RatisMetrics (RatisMetrics.java:lambda$create$0(36)) - Creating Metrics Registry : ratis.leader_election.e1c54329-0f94-4ac4-b921-c08a88020a90@group-9CDF3EC888C5
2021-06-07 01:00:36,975 [pool-267-thread-1] INFO  metrics.RatisMetrics (RatisMetrics.java:lambda$create$0(36)) - Creating Metrics Registry : ratis.server.e1c54329-0f94-4ac4-b921-c08a88020a90@group-9CDF3EC888C5
2021-06-07 01:00:36,977 [pool-267-thread-1] INFO  server.RaftServer$Division (RaftServerImpl.java:start(295)) - e1c54329-0f94-4ac4-b921-c08a88020a90@group-9CDF3EC888C5: start as a follower, conf=-1: [3eee8d88-c0ac-4861-bc75-3c80431b5d11|rpc:10.1.0.42:45455|priority:0, e1c54329-0f94-4ac4-b921-c08a88020a90|rpc:10.1.0.42:42691|priority:0, c2033f43-39b3-4eb3-b9b2-5a70c0c49867|rpc:10.1.0.42:40253|priority:1], old=null
2021-06-07 01:00:36,977 [pool-267-thread-1] INFO  server.RaftServer$Division (RaftServerImpl.java:setRole(284)) - e1c54329-0f94-4ac4-b921-c08a88020a90@group-9CDF3EC888C5: changes role from      null to FOLLOWER at term 0 for startAsFollower
2021-06-07 01:00:36,977 [pool-267-thread-1] INFO  impl.RoleInfo (RoleInfo.java:updateAndGet(130)) - e1c54329-0f94-4ac4-b921-c08a88020a90: start e1c54329-0f94-4ac4-b921-c08a88020a90@group-9CDF3EC888C5-FollowerState
2021-06-07 01:00:36,978 [pool-267-thread-1] INFO  util.JmxRegister (JmxRegister.java:tryRegister(44)) - Successfully registered JMX Bean with object name Ratis:service=RaftServer,group=group-9CDF3EC888C5,id=e1c54329-0f94-4ac4-b921-c08a88020a90
2021-06-07 01:00:36,978 [pool-267-thread-1] INFO  metrics.RatisMetrics (RatisMetrics.java:lambda$create$0(36)) - Creating Metrics Registry : ratis.state_machine.e1c54329-0f94-4ac4-b921-c08a88020a90@group-9CDF3EC888C5
2021-06-07 01:00:36,979 [Command processor thread] INFO  ratis.XceiverServerRatis (XceiverServerRatis.java:addGroup(808)) - Created group PipelineID=7966a4a9-418d-4bdc-887b-9cdf3ec888c5
2021-06-07 01:00:36,980 [Command processor thread] INFO  metrics.RatisMetrics (RatisMetrics.java:lambda$create$0(36)) - Creating Metrics Registry : ratis.client_message_metrics.client-7468B4D74DB5->3eee8d88-c0ac-4861-bc75-3c80431b5d11
2021-06-07 01:00:36,988 [grpc-default-executor-3] INFO  metrics.RatisMetrics (RatisMetrics.java:lambda$create$0(36)) - Creating Metrics Registry : ratis.server_message_metrics.3eee8d88-c0ac-4861-bc75-3c80431b5d11
2021-06-07 01:00:36,990 [grpc-default-executor-3] INFO  server.RaftServer (RaftServerProxy.java:addNew(95)) - 3eee8d88-c0ac-4861-bc75-3c80431b5d11: addNew group-9CDF3EC888C5:[3eee8d88-c0ac-4861-bc75-3c80431b5d11|rpc:10.1.0.42:45455|dataStream:|priority:0, e1c54329-0f94-4ac4-b921-c08a88020a90|rpc:10.1.0.42:42691|dataStream:|priority:0, c2033f43-39b3-4eb3-b9b2-5a70c0c49867|rpc:10.1.0.42:40253|dataStream:|priority:1] returns group-9CDF3EC888C5:java.util.concurrent.CompletableFuture@facd761[Not completed]
2021-06-07 01:00:36,991 [pool-285-thread-1] INFO  server.RaftServer$Division (RaftServerImpl.java:<init>(180)) - 3eee8d88-c0ac-4861-bc75-3c80431b5d11: new RaftServerImpl for group-9CDF3EC888C5:[3eee8d88-c0ac-4861-bc75-3c80431b5d11|rpc:10.1.0.42:45455|dataStream:|priority:0, e1c54329-0f94-4ac4-b921-c08a88020a90|rpc:10.1.0.42:42691|dataStream:|priority:0, c2033f43-39b3-4eb3-b9b2-5a70c0c49867|rpc:10.1.0.42:40253|dataStream:|priority:1] with ContainerStateMachine:uninitialized
2021-06-07 01:00:36,991 [pool-285-thread-1] INFO  server.RaftServerConfigKeys (ConfUtils.java:logGet(44)) - raft.server.rpc.timeout.min = 5s (custom)
2021-06-07 01:00:36,991 [pool-285-thread-1] INFO  server.RaftServerConfigKeys (ConfUtils.java:logGet(44)) - raft.server.rpc.timeout.max = 5200ms (custom)
2021-06-07 01:00:36,992 [pool-285-thread-1] INFO  server.RaftServerConfigKeys (ConfUtils.java:logGet(44)) - raft.server.rpc.sleep.time = 25ms (default)
2021-06-07 01:00:36,992 [pool-285-thread-1] INFO  server.RaftServerConfigKeys (ConfUtils.java:logGet(44)) - raft.server.rpc.slowness.timeout = 300000ms (custom)
2021-06-07 01:00:36,992 [pool-285-thread-1] INFO  server.RaftServerConfigKeys (ConfUtils.java:logGet(44)) - raft.server.leaderelection.leader.step-down.wait-time = 10s (default)
2021-06-07 01:00:36,992 [pool-285-thread-1] INFO  server.RaftServerConfigKeys (ConfUtils.java:logGet(44)) - raft.server.sleep.deviation.threshold = 300ms (default)
2021-06-07 01:00:36,992 [pool-285-thread-1] INFO  server.RaftServerConfigKeys (ConfUtils.java:logGet(44)) - raft.server.log.appender.install.snapshot.enabled = false (custom)
2021-06-07 01:00:36,992 [pool-285-thread-1] INFO  server.RaftServer$Division (ServerState.java:<init>(105)) - 3eee8d88-c0ac-4861-bc75-3c80431b5d11@group-9CDF3EC888C5: ConfigurationManager, init=-1: [3eee8d88-c0ac-4861-bc75-3c80431b5d11|rpc:10.1.0.42:45455|dataStream:|priority:0, e1c54329-0f94-4ac4-b921-c08a88020a90|rpc:10.1.0.42:42691|dataStream:|priority:0, c2033f43-39b3-4eb3-b9b2-5a70c0c49867|rpc:10.1.0.42:40253|dataStream:|priority:1], old=null, confs=<EMPTY_MAP>
2021-06-07 01:00:36,992 [pool-285-thread-1] INFO  server.RaftServerConfigKeys (ConfUtils.java:logGet(44)) - raft.server.storage.dir = [/home/runner/work/ozone/ozone/mnt/ozone/hadoop-ozone/integration-test/target/test-dir/MiniOzoneClusterImpl-4d691a8a-0502-4280-8005-09cceedbb589/datanode-1/data/ratis] (custom)
2021-06-07 01:00:36,993 [pool-285-thread-1] INFO  server.RaftServerConfigKeys (ConfUtils.java:logGet(44)) - raft.server.log.corruption.policy = EXCEPTION (default)
2021-06-07 01:00:36,993 [pool-285-thread-1] INFO  storage.RaftStorageDirectory (RaftStorageDirectoryImpl.java:analyzeStorage(132)) - The storage directory /home/runner/work/ozone/ozone/mnt/ozone/hadoop-ozone/integration-test/target/test-dir/MiniOzoneClusterImpl-4d691a8a-0502-4280-8005-09cceedbb589/datanode-1/data/ratis/7966a4a9-418d-4bdc-887b-9cdf3ec888c5 does not exist. Creating ...
2021-06-07 01:00:36,994 [pool-285-thread-1] INFO  storage.RaftStorageDirectory (RaftStorageDirectoryImpl.java:tryLock(215)) - Lock on /home/runner/work/ozone/ozone/mnt/ozone/hadoop-ozone/integration-test/target/test-dir/MiniOzoneClusterImpl-4d691a8a-0502-4280-8005-09cceedbb589/datanode-1/data/ratis/7966a4a9-418d-4bdc-887b-9cdf3ec888c5/in_use.lock acquired by nodename 8828@fv-az291-903
2021-06-07 01:00:36,994 [pool-285-thread-1] INFO  storage.RaftStorage (RaftStorageImpl.java:format(87)) - Storage directory /home/runner/work/ozone/ozone/mnt/ozone/hadoop-ozone/integration-test/target/test-dir/MiniOzoneClusterImpl-4d691a8a-0502-4280-8005-09cceedbb589/datanode-1/data/ratis/7966a4a9-418d-4bdc-887b-9cdf3ec888c5 has been successfully formatted.
2021-06-07 01:00:36,995 [EventQueue-PipelineReportForOneReplicaPipelineSafeModeRule] INFO  safemode.SCMSafeModeManager (SCMSafeModeManager.java:validateSafeModeExitRules(201)) - AtleastOneDatanodeReportedRule rule is successfully validated
2021-06-07 01:00:36,996 [pool-285-thread-1] INFO  ratis.ContainerStateMachine (ContainerStateMachine.java:loadSnapshot(224)) - group-9CDF3EC888C5: The snapshot info is null. Setting the last applied indexto:(t:0, i:~)
2021-06-07 01:00:36,996 [pool-285-thread-1] INFO  server.RaftServerConfigKeys (ConfUtils.java:logGet(44)) - raft.server.notification.no-leader.timeout = 300000ms (custom)
2021-06-07 01:00:36,996 [pool-285-thread-1] INFO  server.RaftServerConfigKeys (ConfUtils.java:logGet(44)) - raft.server.log.use.memory = false (default)
2021-06-07 01:00:36,996 [pool-285-thread-1] INFO  server.RaftServerConfigKeys (ConfUtils.java:logGet(44)) - raft.server.log.purge.gap = 1000000 (custom)
2021-06-07 01:00:36,996 [pool-285-thread-1] INFO  server.RaftServerConfigKeys (ConfUtils.java:logGet(44)) - raft.server.log.appender.buffer.byte-limit = 33554432 (custom)
2021-06-07 01:00:36,996 [pool-285-thread-1] INFO  metrics.RatisMetrics (RatisMetrics.java:lambda$create$0(36)) - Creating Metrics Registry : ratis.log_worker.3eee8d88-c0ac-4861-bc75-3c80431b5d11@group-9CDF3EC888C5
2021-06-07 01:00:36,996 [pool-285-thread-1] INFO  server.RaftServerConfigKeys (ConfUtils.java:logGet(44)) - raft.server.log.segment.size.max = 1048576 (custom)
2021-06-07 01:00:36,997 [pool-285-thread-1] INFO  server.RaftServerConfigKeys (ConfUtils.java:logGet(44)) - raft.server.log.segment.cache.num.max = 2 (custom)
2021-06-07 01:00:36,997 [pool-285-thread-1] INFO  server.RaftServerConfigKeys (ConfUtils.java:logGet(44)) - raft.server.log.segment.cache.size.max = 200MB (=209715200) (default)
2021-06-07 01:00:36,997 [pool-285-thread-1] INFO  segmented.SegmentedRaftLogWorker (SegmentedRaftLogWorker.java:<init>(182)) - new 3eee8d88-c0ac-4861-bc75-3c80431b5d11@group-9CDF3EC888C5-SegmentedRaftLogWorker for RaftStorageImpl:Storage Directory /home/runner/work/ozone/ozone/mnt/ozone/hadoop-ozone/integration-test/target/test-dir/MiniOzoneClusterImpl-4d691a8a-0502-4280-8005-09cceedbb589/datanode-1/data/ratis/7966a4a9-418d-4bdc-887b-9cdf3ec888c5
2021-06-07 01:00:36,997 [pool-285-thread-1] INFO  server.RaftServerConfigKeys (ConfUtils.java:logGet(44)) - raft.server.log.queue.byte-limit = 2147483647 (custom)
2021-06-07 01:00:36,997 [pool-285-thread-1] INFO  server.RaftServerConfigKeys (ConfUtils.java:logGet(44)) - raft.server.log.queue.element-limit = 1024 (custom)
2021-06-07 01:00:36,997 [pool-285-thread-1] INFO  server.RaftServerConfigKeys (ConfUtils.java:logGet(44)) - raft.server.log.segment.size.max = 1048576 (custom)
2021-06-07 01:00:36,997 [pool-285-thread-1] INFO  server.RaftServerConfigKeys (ConfUtils.java:logGet(44)) - raft.server.log.preallocated.size = 16384 (custom)
2021-06-07 01:00:36,997 [pool-285-thread-1] INFO  server.RaftServerConfigKeys (ConfUtils.java:logGet(44)) - raft.server.log.force.sync.num = 128 (default)
2021-06-07 01:00:36,997 [pool-285-thread-1] INFO  server.RaftServerConfigKeys (ConfUtils.java:logGet(44)) - raft.server.log.statemachine.data.sync = true (default)
2021-06-07 01:00:36,997 [pool-285-thread-1] INFO  server.RaftServerConfigKeys (ConfUtils.java:logGet(44)) - raft.server.log.statemachine.data.sync.timeout = 10s (default)
2021-06-07 01:00:36,997 [pool-285-thread-1] INFO  server.RaftServerConfigKeys (ConfUtils.java:logGet(44)) - raft.server.log.statemachine.data.sync.timeout.retry = -1 (default)
2021-06-07 01:00:36,998 [pool-285-thread-1] INFO  server.RaftServerConfigKeys (ConfUtils.java:logGet(44)) - raft.server.log.write.buffer.size = 1048576 (custom)
2021-06-07 01:00:36,999 [pool-285-thread-1] INFO  server.RaftServerConfigKeys (ConfUtils.java:logGet(44)) - raft.server.log.statemachine.data.caching.enabled = true (custom)
2021-06-07 01:00:36,999 [pool-285-thread-1] INFO  segmented.SegmentedRaftLogWorker (SegmentedRaftLogWorker.java:lambda$new$0(133)) - 3eee8d88-c0ac-4861-bc75-3c80431b5d11@group-9CDF3EC888C5-SegmentedRaftLogWorker: flushIndex: setUnconditionally 0 -> -1
2021-06-07 01:00:36,999 [pool-285-thread-1] INFO  segmented.SegmentedRaftLogWorker (SegmentedRaftLogWorker.java:lambda$new$0(133)) - 3eee8d88-c0ac-4861-bc75-3c80431b5d11@group-9CDF3EC888C5-SegmentedRaftLogWorker: safeCacheEvictIndex: setUnconditionally 0 -> -1
2021-06-07 01:00:37,002 [pool-285-thread-1] INFO  server.RaftServerConfigKeys (ConfUtils.java:logGet(44)) - raft.server.snapshot.auto.trigger.enabled = true (custom)
2021-06-07 01:00:37,002 [pool-285-thread-1] INFO  server.RaftServerConfigKeys (ConfUtils.java:logGet(44)) - raft.server.snapshot.auto.trigger.threshold = 10000 (custom)
2021-06-07 01:00:37,002 [pool-285-thread-1] INFO  server.RaftServerConfigKeys (ConfUtils.java:logGet(44)) - raft.server.snapshot.retention.file.num = 5 (custom)
2021-06-07 01:00:37,002 [pool-285-thread-1] INFO  server.RaftServerConfigKeys (ConfUtils.java:logGet(44)) - raft.server.log.purge.upto.snapshot.index = false (default)
2021-06-07 01:00:37,002 [pool-285-thread-1] INFO  server.RaftServerConfigKeys (ConfUtils.java:logGet(44)) - raft.server.retrycache.expirytime = 600000ms (custom)
2021-06-07 01:00:37,002 [pool-285-thread-1] INFO  server.RaftServerConfigKeys (ConfUtils.java:logGet(44)) - raft.server.retrycache.statistics.expirytime = 100μs (default)
2021-06-07 01:00:37,003 [pool-285-thread-1] INFO  metrics.RatisMetrics (RatisMetrics.java:lambda$create$0(36)) - Creating Metrics Registry : ratis.leader_election.3eee8d88-c0ac-4861-bc75-3c80431b5d11@group-9CDF3EC888C5
2021-06-07 01:00:37,003 [pool-285-thread-1] INFO  metrics.RatisMetrics (RatisMetrics.java:lambda$create$0(36)) - Creating Metrics Registry : ratis.server.3eee8d88-c0ac-4861-bc75-3c80431b5d11@group-9CDF3EC888C5
2021-06-07 01:00:37,004 [pool-285-thread-1] INFO  server.RaftServer$Division (RaftServerImpl.java:start(295)) - 3eee8d88-c0ac-4861-bc75-3c80431b5d11@group-9CDF3EC888C5: start as a follower, conf=-1: [3eee8d88-c0ac-4861-bc75-3c80431b5d11|rpc:10.1.0.42:45455|dataStream:|priority:0, e1c54329-0f94-4ac4-b921-c08a88020a90|rpc:10.1.0.42:42691|dataStream:|priority:0, c2033f43-39b3-4eb3-b9b2-5a70c0c49867|rpc:10.1.0.42:40253|dataStream:|priority:1], old=null
2021-06-07 01:00:37,004 [pool-285-thread-1] INFO  server.RaftServer$Division (RaftServerImpl.java:setRole(284)) - 3eee8d88-c0ac-4861-bc75-3c80431b5d11@group-9CDF3EC888C5: changes role from      null to FOLLOWER at term 0 for startAsFollower
2021-06-07 01:00:37,004 [pool-285-thread-1] INFO  impl.RoleInfo (RoleInfo.java:updateAndGet(130)) - 3eee8d88-c0ac-4861-bc75-3c80431b5d11: start 3eee8d88-c0ac-4861-bc75-3c80431b5d11@group-9CDF3EC888C5-FollowerState
2021-06-07 01:00:37,005 [pool-285-thread-1] INFO  util.JmxRegister (JmxRegister.java:tryRegister(44)) - Successfully registered JMX Bean with object name Ratis:service=RaftServer,group=group-9CDF3EC888C5,id=3eee8d88-c0ac-4861-bc75-3c80431b5d11
2021-06-07 01:00:37,005 [pool-285-thread-1] INFO  metrics.RatisMetrics (RatisMetrics.java:lambda$create$0(36)) - Creating Metrics Registry : ratis.state_machine.3eee8d88-c0ac-4861-bc75-3c80431b5d11@group-9CDF3EC888C5
2021-06-07 01:00:37,012 [Command processor thread] INFO  metrics.RatisMetrics (RatisMetrics.java:lambda$create$0(36)) - Creating Metrics Registry : ratis.client_message_metrics.client-DE668D73D7E1->c2033f43-39b3-4eb3-b9b2-5a70c0c49867
2021-06-07 01:00:37,019 [grpc-default-executor-3] INFO  metrics.RatisMetrics (RatisMetrics.java:lambda$create$0(36)) - Creating Metrics Registry : ratis.server_message_metrics.c2033f43-39b3-4eb3-b9b2-5a70c0c49867
2021-06-07 01:00:37,021 [grpc-default-executor-3] INFO  server.RaftServer (RaftServerProxy.java:addNew(95)) - c2033f43-39b3-4eb3-b9b2-5a70c0c49867: addNew group-9CDF3EC888C5:[3eee8d88-c0ac-4861-bc75-3c80431b5d11|rpc:10.1.0.42:45455|dataStream:|priority:0, e1c54329-0f94-4ac4-b921-c08a88020a90|rpc:10.1.0.42:42691|dataStream:|priority:0, c2033f43-39b3-4eb3-b9b2-5a70c0c49867|rpc:10.1.0.42:40253|dataStream:|priority:1] returns group-9CDF3EC888C5:java.util.concurrent.CompletableFuture@1692d09b[Not completed]
2021-06-07 01:00:37,022 [pool-303-thread-1] INFO  server.RaftServer$Division (RaftServerImpl.java:<init>(180)) - c2033f43-39b3-4eb3-b9b2-5a70c0c49867: new RaftServerImpl for group-9CDF3EC888C5:[3eee8d88-c0ac-4861-bc75-3c80431b5d11|rpc:10.1.0.42:45455|dataStream:|priority:0, e1c54329-0f94-4ac4-b921-c08a88020a90|rpc:10.1.0.42:42691|dataStream:|priority:0, c2033f43-39b3-4eb3-b9b2-5a70c0c49867|rpc:10.1.0.42:40253|dataStream:|priority:1] with ContainerStateMachine:uninitialized
2021-06-07 01:00:37,022 [pool-303-thread-1] INFO  server.RaftServerConfigKeys (ConfUtils.java:logGet(44)) - raft.server.rpc.timeout.min = 5s (custom)
2021-06-07 01:00:37,022 [pool-303-thread-1] INFO  server.RaftServerConfigKeys (ConfUtils.java:logGet(44)) - raft.server.rpc.timeout.max = 5200ms (custom)
2021-06-07 01:00:37,022 [pool-303-thread-1] INFO  server.RaftServerConfigKeys (ConfUtils.java:logGet(44)) - raft.server.rpc.sleep.time = 25ms (default)
2021-06-07 01:00:37,022 [pool-303-thread-1] INFO  server.RaftServerConfigKeys (ConfUtils.java:logGet(44)) - raft.server.rpc.slowness.timeout = 300000ms (custom)
2021-06-07 01:00:37,022 [pool-303-thread-1] INFO  server.RaftServerConfigKeys (ConfUtils.java:logGet(44)) - raft.server.leaderelection.leader.step-down.wait-time = 10s (default)
2021-06-07 01:00:37,022 [pool-303-thread-1] INFO  server.RaftServerConfigKeys (ConfUtils.java:logGet(44)) - raft.server.sleep.deviation.threshold = 300ms (default)
2021-06-07 01:00:37,022 [pool-303-thread-1] INFO  server.RaftServerConfigKeys (ConfUtils.java:logGet(44)) - raft.server.log.appender.install.snapshot.enabled = false (custom)
2021-06-07 01:00:37,022 [pool-303-thread-1] INFO  server.RaftServer$Division (ServerState.java:<init>(105)) - c2033f43-39b3-4eb3-b9b2-5a70c0c49867@group-9CDF3EC888C5: ConfigurationManager, init=-1: [3eee8d88-c0ac-4861-bc75-3c80431b5d11|rpc:10.1.0.42:45455|dataStream:|priority:0, e1c54329-0f94-4ac4-b921-c08a88020a90|rpc:10.1.0.42:42691|dataStream:|priority:0, c2033f43-39b3-4eb3-b9b2-5a70c0c49867|rpc:10.1.0.42:40253|dataStream:|priority:1], old=null, confs=<EMPTY_MAP>
2021-06-07 01:00:37,023 [pool-303-thread-1] INFO  server.RaftServerConfigKeys (ConfUtils.java:logGet(44)) - raft.server.storage.dir = [/home/runner/work/ozone/ozone/mnt/ozone/hadoop-ozone/integration-test/target/test-dir/MiniOzoneClusterImpl-4d691a8a-0502-4280-8005-09cceedbb589/datanode-2/data/ratis] (custom)
2021-06-07 01:00:37,023 [pool-303-thread-1] INFO  server.RaftServerConfigKeys (ConfUtils.java:logGet(44)) - raft.server.log.corruption.policy = EXCEPTION (default)
2021-06-07 01:00:37,023 [pool-303-thread-1] INFO  storage.RaftStorageDirectory (RaftStorageDirectoryImpl.java:analyzeStorage(132)) - The storage directory /home/runner/work/ozone/ozone/mnt/ozone/hadoop-ozone/integration-test/target/test-dir/MiniOzoneClusterImpl-4d691a8a-0502-4280-8005-09cceedbb589/datanode-2/data/ratis/7966a4a9-418d-4bdc-887b-9cdf3ec888c5 does not exist. Creating ...
2021-06-07 01:00:37,024 [Command processor thread] INFO  server.RaftServer (RaftServerProxy.java:addNew(95)) - 3eee8d88-c0ac-4861-bc75-3c80431b5d11: addNew group-57B7B015FF83:[3eee8d88-c0ac-4861-bc75-3c80431b5d11|rpc:10.1.0.42:45455|priority:1] returns group-57B7B015FF83:java.util.concurrent.CompletableFuture@6f36315f[Not completed]
2021-06-07 01:00:37,024 [pool-285-thread-1] INFO  server.RaftServer$Division (RaftServerImpl.java:<init>(180)) - 3eee8d88-c0ac-4861-bc75-3c80431b5d11: new RaftServerImpl for group-57B7B015FF83:[3eee8d88-c0ac-4861-bc75-3c80431b5d11|rpc:10.1.0.42:45455|priority:1] with ContainerStateMachine:uninitialized
2021-06-07 01:00:37,025 [pool-285-thread-1] INFO  server.RaftServerConfigKeys (ConfUtils.java:logGet(44)) - raft.server.rpc.timeout.min = 5s (custom)
2021-06-07 01:00:37,025 [pool-285-thread-1] INFO  server.RaftServerConfigKeys (ConfUtils.java:logGet(44)) - raft.server.rpc.timeout.max = 5200ms (custom)
2021-06-07 01:00:37,025 [pool-285-thread-1] INFO  server.RaftServerConfigKeys (ConfUtils.java:logGet(44)) - raft.server.rpc.sleep.time = 25ms (default)
2021-06-07 01:00:37,025 [pool-285-thread-1] INFO  server.RaftServerConfigKeys (ConfUtils.java:logGet(44)) - raft.server.rpc.slowness.timeout = 300000ms (custom)
2021-06-07 01:00:37,025 [pool-285-thread-1] INFO  server.RaftServerConfigKeys (ConfUtils.java:logGet(44)) - raft.server.leaderelection.leader.step-down.wait-time = 10s (default)
2021-06-07 01:00:37,025 [pool-285-thread-1] INFO  server.RaftServerConfigKeys (ConfUtils.java:logGet(44)) - raft.server.sleep.deviation.threshold = 300ms (default)
2021-06-07 01:00:37,025 [pool-285-thread-1] INFO  server.RaftServerConfigKeys (ConfUtils.java:logGet(44)) - raft.server.log.appender.install.snapshot.enabled = false (custom)
2021-06-07 01:00:37,025 [pool-285-thread-1] INFO  server.RaftServer$Division (ServerState.java:<init>(105)) - 3eee8d88-c0ac-4861-bc75-3c80431b5d11@group-57B7B015FF83: ConfigurationManager, init=-1: [3eee8d88-c0ac-4861-bc75-3c80431b5d11|rpc:10.1.0.42:45455|priority:1], old=null, confs=<EMPTY_MAP>
2021-06-07 01:00:37,025 [pool-285-thread-1] INFO  server.RaftServerConfigKeys (ConfUtils.java:logGet(44)) - raft.server.storage.dir = [/home/runner/work/ozone/ozone/mnt/ozone/hadoop-ozone/integration-test/target/test-dir/MiniOzoneClusterImpl-4d691a8a-0502-4280-8005-09cceedbb589/datanode-1/data/ratis] (custom)
2021-06-07 01:00:37,025 [pool-285-thread-1] INFO  server.RaftServerConfigKeys (ConfUtils.java:logGet(44)) - raft.server.log.corruption.policy = EXCEPTION (default)
2021-06-07 01:00:37,025 [pool-285-thread-1] INFO  storage.RaftStorageDirectory (RaftStorageDirectoryImpl.java:analyzeStorage(132)) - The storage directory /home/runner/work/ozone/ozone/mnt/ozone/hadoop-ozone/integration-test/target/test-dir/MiniOzoneClusterImpl-4d691a8a-0502-4280-8005-09cceedbb589/datanode-1/data/ratis/c524aef2-d63d-42f1-a01f-57b7b015ff83 does not exist. Creating ...
2021-06-07 01:00:37,026 [pool-285-thread-1] INFO  storage.RaftStorageDirectory (RaftStorageDirectoryImpl.java:tryLock(215)) - Lock on /home/runner/work/ozone/ozone/mnt/ozone/hadoop-ozone/integration-test/target/test-dir/MiniOzoneClusterImpl-4d691a8a-0502-4280-8005-09cceedbb589/datanode-1/data/ratis/c524aef2-d63d-42f1-a01f-57b7b015ff83/in_use.lock acquired by nodename 8828@fv-az291-903
2021-06-07 01:00:37,027 [pool-303-thread-1] INFO  storage.RaftStorageDirectory (RaftStorageDirectoryImpl.java:tryLock(215)) - Lock on /home/runner/work/ozone/ozone/mnt/ozone/hadoop-ozone/integration-test/target/test-dir/MiniOzoneClusterImpl-4d691a8a-0502-4280-8005-09cceedbb589/datanode-2/data/ratis/7966a4a9-418d-4bdc-887b-9cdf3ec888c5/in_use.lock acquired by nodename 8828@fv-az291-903
2021-06-07 01:00:37,027 [pool-285-thread-1] INFO  storage.RaftStorage (RaftStorageImpl.java:format(87)) - Storage directory /home/runner/work/ozone/ozone/mnt/ozone/hadoop-ozone/integration-test/target/test-dir/MiniOzoneClusterImpl-4d691a8a-0502-4280-8005-09cceedbb589/datanode-1/data/ratis/c524aef2-d63d-42f1-a01f-57b7b015ff83 has been successfully formatted.
2021-06-07 01:00:37,027 [pool-285-thread-1] INFO  ratis.ContainerStateMachine (ContainerStateMachine.java:loadSnapshot(224)) - group-57B7B015FF83: The snapshot info is null. Setting the last applied indexto:(t:0, i:~)
2021-06-07 01:00:37,027 [pool-285-thread-1] INFO  server.RaftServerConfigKeys (ConfUtils.java:logGet(44)) - raft.server.notification.no-leader.timeout = 300000ms (custom)
2021-06-07 01:00:37,027 [pool-285-thread-1] INFO  server.RaftServerConfigKeys (ConfUtils.java:logGet(44)) - raft.server.log.use.memory = false (default)
2021-06-07 01:00:37,027 [pool-285-thread-1] INFO  server.RaftServerConfigKeys (ConfUtils.java:logGet(44)) - raft.server.log.purge.gap = 1000000 (custom)
2021-06-07 01:00:37,027 [pool-285-thread-1] INFO  server.RaftServerConfigKeys (ConfUtils.java:logGet(44)) - raft.server.log.appender.buffer.byte-limit = 33554432 (custom)
2021-06-07 01:00:37,028 [pool-285-thread-1] INFO  metrics.RatisMetrics (RatisMetrics.java:lambda$create$0(36)) - Creating Metrics Registry : ratis.log_worker.3eee8d88-c0ac-4861-bc75-3c80431b5d11@group-57B7B015FF83
2021-06-07 01:00:37,028 [pool-285-thread-1] INFO  server.RaftServerConfigKeys (ConfUtils.java:logGet(44)) - raft.server.log.segment.size.max = 1048576 (custom)
2021-06-07 01:00:37,028 [EventQueue-PipelineReportForOneReplicaPipelineSafeModeRule] INFO  safemode.SCMSafeModeManager (SCMSafeModeManager.java:validateSafeModeExitRules(201)) - AtleastOneDatanodeReportedRule rule is successfully validated
2021-06-07 01:00:37,028 [EventQueue-PipelineReportForPipelineReportHandler] INFO  pipeline.PipelineManagerV2Impl (PipelineManagerV2Impl.java:openPipeline(270)) - Pipeline Pipeline[ Id: c524aef2-d63d-42f1-a01f-57b7b015ff83, Nodes: 3eee8d88-c0ac-4861-bc75-3c80431b5d11{ip: 10.1.0.42, host: fv-az291-903.wgnan5asplgejimfprtllbpdch.jx.internal.cloudapp.net, ports: [REPLICATION=35245, RATIS=45455, RATIS_ADMIN=45455, RATIS_SERVER=45455, STANDALONE=36697], networkLocation: /default-rack, certSerialId: null, persistedOpState: IN_SERVICE, persistedOpStateExpiryEpochSec: 0}, ReplicationConfig: RATIS/ONE, State:ALLOCATED, leaderId:3eee8d88-c0ac-4861-bc75-3c80431b5d11, CreationTimestamp2021-06-07T01:00:34.028Z] moved to OPEN state
2021-06-07 01:00:37,028 [pool-285-thread-1] INFO  server.RaftServerConfigKeys (ConfUtils.java:logGet(44)) - raft.server.log.segment.cache.num.max = 2 (custom)
2021-06-07 01:00:37,028 [EventQueue-OpenPipelineForHealthyPipelineSafeModeRule] INFO  safemode.SCMSafeModeManager (HealthyPipelineSafeModeRule.java:process(130)) - SCM in safe mode. Healthy pipelines reported count is 0, required healthy pipeline reported count is 1
2021-06-07 01:00:37,029 [pool-285-thread-1] INFO  server.RaftServerConfigKeys (ConfUtils.java:logGet(44)) - raft.server.log.segment.cache.size.max = 200MB (=209715200) (default)
2021-06-07 01:00:37,029 [pool-285-thread-1] INFO  segmented.SegmentedRaftLogWorker (SegmentedRaftLogWorker.java:<init>(182)) - new 3eee8d88-c0ac-4861-bc75-3c80431b5d11@group-57B7B015FF83-SegmentedRaftLogWorker for RaftStorageImpl:Storage Directory /home/runner/work/ozone/ozone/mnt/ozone/hadoop-ozone/integration-test/target/test-dir/MiniOzoneClusterImpl-4d691a8a-0502-4280-8005-09cceedbb589/datanode-1/data/ratis/c524aef2-d63d-42f1-a01f-57b7b015ff83
2021-06-07 01:00:37,029 [pool-285-thread-1] INFO  server.RaftServerConfigKeys (ConfUtils.java:logGet(44)) - raft.server.log.queue.byte-limit = 2147483647 (custom)
2021-06-07 01:00:37,029 [pool-285-thread-1] INFO  server.RaftServerConfigKeys (ConfUtils.java:logGet(44)) - raft.server.log.queue.element-limit = 1024 (custom)
2021-06-07 01:00:37,029 [pool-285-thread-1] INFO  server.RaftServerConfigKeys (ConfUtils.java:logGet(44)) - raft.server.log.segment.size.max = 1048576 (custom)
2021-06-07 01:00:37,029 [pool-285-thread-1] INFO  server.RaftServerConfigKeys (ConfUtils.java:logGet(44)) - raft.server.log.preallocated.size = 16384 (custom)
2021-06-07 01:00:37,029 [pool-285-thread-1] INFO  server.RaftServerConfigKeys (ConfUtils.java:logGet(44)) - raft.server.log.force.sync.num = 128 (default)
2021-06-07 01:00:37,029 [pool-285-thread-1] INFO  server.RaftServerConfigKeys (ConfUtils.java:logGet(44)) - raft.server.log.statemachine.data.sync = true (default)
2021-06-07 01:00:37,029 [pool-285-thread-1] INFO  server.RaftServerConfigKeys (ConfUtils.java:logGet(44)) - raft.server.log.statemachine.data.sync.timeout = 10s (default)
2021-06-07 01:00:37,029 [pool-285-thread-1] INFO  server.RaftServerConfigKeys (ConfUtils.java:logGet(44)) - raft.server.log.statemachine.data.sync.timeout.retry = -1 (default)
2021-06-07 01:00:37,029 [pool-303-thread-1] INFO  storage.RaftStorage (RaftStorageImpl.java:format(87)) - Storage directory /home/runner/work/ozone/ozone/mnt/ozone/hadoop-ozone/integration-test/target/test-dir/MiniOzoneClusterImpl-4d691a8a-0502-4280-8005-09cceedbb589/datanode-2/data/ratis/7966a4a9-418d-4bdc-887b-9cdf3ec888c5 has been successfully formatted.
2021-06-07 01:00:37,030 [EventQueue-PipelineReportForOneReplicaPipelineSafeModeRule] INFO  safemode.SCMSafeModeManager (SCMSafeModeManager.java:validateSafeModeExitRules(201)) - AtleastOneDatanodeReportedRule rule is successfully validated
2021-06-07 01:00:37,030 [pool-285-thread-1] INFO  server.RaftServerConfigKeys (ConfUtils.java:logGet(44)) - raft.server.log.write.buffer.size = 1048576 (custom)
2021-06-07 01:00:37,030 [pool-303-thread-1] INFO  ratis.ContainerStateMachine (ContainerStateMachine.java:loadSnapshot(224)) - group-9CDF3EC888C5: The snapshot info is null. Setting the last applied indexto:(t:0, i:~)
2021-06-07 01:00:37,031 [pool-303-thread-1] INFO  server.RaftServerConfigKeys (ConfUtils.java:logGet(44)) - raft.server.notification.no-leader.timeout = 300000ms (custom)
2021-06-07 01:00:37,031 [pool-303-thread-1] INFO  server.RaftServerConfigKeys (ConfUtils.java:logGet(44)) - raft.server.log.use.memory = false (default)
2021-06-07 01:00:37,031 [pool-303-thread-1] INFO  server.RaftServerConfigKeys (ConfUtils.java:logGet(44)) - raft.server.log.purge.gap = 1000000 (custom)
2021-06-07 01:00:37,031 [pool-303-thread-1] INFO  server.RaftServerConfigKeys (ConfUtils.java:logGet(44)) - raft.server.log.appender.buffer.byte-limit = 33554432 (custom)
2021-06-07 01:00:37,031 [pool-303-thread-1] INFO  metrics.RatisMetrics (RatisMetrics.java:lambda$create$0(36)) - Creating Metrics Registry : ratis.log_worker.c2033f43-39b3-4eb3-b9b2-5a70c0c49867@group-9CDF3EC888C5
2021-06-07 01:00:37,031 [pool-303-thread-1] INFO  server.RaftServerConfigKeys (ConfUtils.java:logGet(44)) - raft.server.log.segment.size.max = 1048576 (custom)
2021-06-07 01:00:37,031 [pool-285-thread-1] INFO  server.RaftServerConfigKeys (ConfUtils.java:logGet(44)) - raft.server.log.statemachine.data.caching.enabled = true (custom)
2021-06-07 01:00:37,034 [pool-285-thread-1] INFO  segmented.SegmentedRaftLogWorker (SegmentedRaftLogWorker.java:lambda$new$0(133)) - 3eee8d88-c0ac-4861-bc75-3c80431b5d11@group-57B7B015FF83-SegmentedRaftLogWorker: flushIndex: setUnconditionally 0 -> -1
2021-06-07 01:00:37,034 [pool-285-thread-1] INFO  segmented.SegmentedRaftLogWorker (SegmentedRaftLogWorker.java:lambda$new$0(133)) - 3eee8d88-c0ac-4861-bc75-3c80431b5d11@group-57B7B015FF83-SegmentedRaftLogWorker: safeCacheEvictIndex: setUnconditionally 0 -> -1
2021-06-07 01:00:37,034 [pool-285-thread-1] INFO  server.RaftServerConfigKeys (ConfUtils.java:logGet(44)) - raft.server.snapshot.auto.trigger.enabled = true (custom)
2021-06-07 01:00:37,034 [pool-285-thread-1] INFO  server.RaftServerConfigKeys (ConfUtils.java:logGet(44)) - raft.server.snapshot.auto.trigger.threshold = 10000 (custom)
2021-06-07 01:00:37,034 [pool-285-thread-1] INFO  server.RaftServerConfigKeys (ConfUtils.java:logGet(44)) - raft.server.snapshot.retention.file.num = 5 (custom)
2021-06-07 01:00:37,034 [pool-285-thread-1] INFO  server.RaftServerConfigKeys (ConfUtils.java:logGet(44)) - raft.server.log.purge.upto.snapshot.index = false (default)
2021-06-07 01:00:37,034 [pool-303-thread-1] INFO  server.RaftServerConfigKeys (ConfUtils.java:logGet(44)) - raft.server.log.segment.cache.num.max = 2 (custom)
2021-06-07 01:00:37,034 [pool-285-thread-1] INFO  server.RaftServerConfigKeys (ConfUtils.java:logGet(44)) - raft.server.retrycache.expirytime = 600000ms (custom)
2021-06-07 01:00:37,034 [pool-285-thread-1] INFO  server.RaftServerConfigKeys (ConfUtils.java:logGet(44)) - raft.server.retrycache.statistics.expirytime = 100μs (default)
2021-06-07 01:00:37,034 [pool-303-thread-1] INFO  server.RaftServerConfigKeys (ConfUtils.java:logGet(44)) - raft.server.log.segment.cache.size.max = 200MB (=209715200) (default)
2021-06-07 01:00:37,034 [pool-285-thread-1] INFO  metrics.RatisMetrics (RatisMetrics.java:lambda$create$0(36)) - Creating Metrics Registry : ratis.leader_election.3eee8d88-c0ac-4861-bc75-3c80431b5d11@group-57B7B015FF83
2021-06-07 01:00:37,034 [pool-303-thread-1] INFO  segmented.SegmentedRaftLogWorker (SegmentedRaftLogWorker.java:<init>(182)) - new c2033f43-39b3-4eb3-b9b2-5a70c0c49867@group-9CDF3EC888C5-SegmentedRaftLogWorker for RaftStorageImpl:Storage Directory /home/runner/work/ozone/ozone/mnt/ozone/hadoop-ozone/integration-test/target/test-dir/MiniOzoneClusterImpl-4d691a8a-0502-4280-8005-09cceedbb589/datanode-2/data/ratis/7966a4a9-418d-4bdc-887b-9cdf3ec888c5
2021-06-07 01:00:37,035 [pool-303-thread-1] INFO  server.RaftServerConfigKeys (ConfUtils.java:logGet(44)) - raft.server.log.queue.byte-limit = 2147483647 (custom)
2021-06-07 01:00:37,035 [pool-303-thread-1] INFO  server.RaftServerConfigKeys (ConfUtils.java:logGet(44)) - raft.server.log.queue.element-limit = 1024 (custom)
2021-06-07 01:00:37,035 [pool-303-thread-1] INFO  server.RaftServerConfigKeys (ConfUtils.java:logGet(44)) - raft.server.log.segment.size.max = 1048576 (custom)
2021-06-07 01:00:37,035 [pool-303-thread-1] INFO  server.RaftServerConfigKeys (ConfUtils.java:logGet(44)) - raft.server.log.preallocated.size = 16384 (custom)
2021-06-07 01:00:37,035 [pool-303-thread-1] INFO  server.RaftServerConfigKeys (ConfUtils.java:logGet(44)) - raft.server.log.force.sync.num = 128 (default)
2021-06-07 01:00:37,035 [pool-303-thread-1] INFO  server.RaftServerConfigKeys (ConfUtils.java:logGet(44)) - raft.server.log.statemachine.data.sync = true (default)
2021-06-07 01:00:37,035 [pool-303-thread-1] INFO  server.RaftServerConfigKeys (ConfUtils.java:logGet(44)) - raft.server.log.statemachine.data.sync.timeout = 10s (default)
2021-06-07 01:00:37,035 [pool-303-thread-1] INFO  server.RaftServerConfigKeys (ConfUtils.java:logGet(44)) - raft.server.log.statemachine.data.sync.timeout.retry = -1 (default)
2021-06-07 01:00:37,035 [pool-285-thread-1] INFO  metrics.RatisMetrics (RatisMetrics.java:lambda$create$0(36)) - Creating Metrics Registry : ratis.server.3eee8d88-c0ac-4861-bc75-3c80431b5d11@group-57B7B015FF83
2021-06-07 01:00:37,039 [pool-285-thread-1] INFO  server.RaftServer$Division (RaftServerImpl.java:start(295)) - 3eee8d88-c0ac-4861-bc75-3c80431b5d11@group-57B7B015FF83: start as a follower, conf=-1: [3eee8d88-c0ac-4861-bc75-3c80431b5d11|rpc:10.1.0.42:45455|priority:1], old=null
2021-06-07 01:00:37,039 [pool-285-thread-1] INFO  server.RaftServer$Division (RaftServerImpl.java:setRole(284)) - 3eee8d88-c0ac-4861-bc75-3c80431b5d11@group-57B7B015FF83: changes role from      null to FOLLOWER at term 0 for startAsFollower
2021-06-07 01:00:37,039 [pool-285-thread-1] INFO  impl.RoleInfo (RoleInfo.java:updateAndGet(130)) - 3eee8d88-c0ac-4861-bc75-3c80431b5d11: start 3eee8d88-c0ac-4861-bc75-3c80431b5d11@group-57B7B015FF83-FollowerState
2021-06-07 01:00:37,040 [pool-303-thread-1] INFO  server.RaftServerConfigKeys (ConfUtils.java:logGet(44)) - raft.server.log.write.buffer.size = 1048576 (custom)
2021-06-07 01:00:37,041 [pool-303-thread-1] INFO  server.RaftServerConfigKeys (ConfUtils.java:logGet(44)) - raft.server.log.statemachine.data.caching.enabled = true (custom)
2021-06-07 01:00:37,041 [pool-303-thread-1] INFO  segmented.SegmentedRaftLogWorker (SegmentedRaftLogWorker.java:lambda$new$0(133)) - c2033f43-39b3-4eb3-b9b2-5a70c0c49867@group-9CDF3EC888C5-SegmentedRaftLogWorker: flushIndex: setUnconditionally 0 -> -1
2021-06-07 01:00:37,041 [pool-303-thread-1] INFO  segmented.SegmentedRaftLogWorker (SegmentedRaftLogWorker.java:lambda$new$0(133)) - c2033f43-39b3-4eb3-b9b2-5a70c0c49867@group-9CDF3EC888C5-SegmentedRaftLogWorker: safeCacheEvictIndex: setUnconditionally 0 -> -1
2021-06-07 01:00:37,042 [pool-285-thread-1] INFO  util.JmxRegister (JmxRegister.java:tryRegister(44)) - Successfully registered JMX Bean with object name Ratis:service=RaftServer,group=group-57B7B015FF83,id=3eee8d88-c0ac-4861-bc75-3c80431b5d11
2021-06-07 01:00:37,042 [pool-285-thread-1] INFO  metrics.RatisMetrics (RatisMetrics.java:lambda$create$0(36)) - Creating Metrics Registry : ratis.state_machine.3eee8d88-c0ac-4861-bc75-3c80431b5d11@group-57B7B015FF83
2021-06-07 01:00:37,044 [Command processor thread] INFO  ratis.XceiverServerRatis (XceiverServerRatis.java:addGroup(808)) - Created group PipelineID=c524aef2-d63d-42f1-a01f-57b7b015ff83
2021-06-07 01:00:37,044 [Command processor thread] INFO  commandhandler.CreatePipelineCommandHandler (CreatePipelineCommandHandler.java:handle(106)) - Created Pipeline RATIS ONE PipelineID=c524aef2-d63d-42f1-a01f-57b7b015ff83.
2021-06-07 01:00:37,045 [pool-303-thread-1] INFO  server.RaftServerConfigKeys (ConfUtils.java:logGet(44)) - raft.server.snapshot.auto.trigger.enabled = true (custom)
2021-06-07 01:00:37,045 [pool-303-thread-1] INFO  server.RaftServerConfigKeys (ConfUtils.java:logGet(44)) - raft.server.snapshot.auto.trigger.threshold = 10000 (custom)
2021-06-07 01:00:37,045 [pool-303-thread-1] INFO  server.RaftServerConfigKeys (ConfUtils.java:logGet(44)) - raft.server.snapshot.retention.file.num = 5 (custom)
2021-06-07 01:00:37,045 [pool-303-thread-1] INFO  server.RaftServerConfigKeys (ConfUtils.java:logGet(44)) - raft.server.log.purge.upto.snapshot.index = false (default)
2021-06-07 01:00:37,045 [pool-303-thread-1] INFO  server.RaftServerConfigKeys (ConfUtils.java:logGet(44)) - raft.server.retrycache.expirytime = 600000ms (custom)
2021-06-07 01:00:37,045 [pool-303-thread-1] INFO  server.RaftServerConfigKeys (ConfUtils.java:logGet(44)) - raft.server.retrycache.statistics.expirytime = 100μs (default)
2021-06-07 01:00:37,045 [pool-303-thread-1] INFO  metrics.RatisMetrics (RatisMetrics.java:lambda$create$0(36)) - Creating Metrics Registry : ratis.leader_election.c2033f43-39b3-4eb3-b9b2-5a70c0c49867@group-9CDF3EC888C5
2021-06-07 01:00:37,046 [pool-303-thread-1] INFO  metrics.RatisMetrics (RatisMetrics.java:lambda$create$0(36)) - Creating Metrics Registry : ratis.server.c2033f43-39b3-4eb3-b9b2-5a70c0c49867@group-9CDF3EC888C5
2021-06-07 01:00:37,047 [pool-303-thread-1] INFO  server.RaftServer$Division (RaftServerImpl.java:start(295)) - c2033f43-39b3-4eb3-b9b2-5a70c0c49867@group-9CDF3EC888C5: start as a follower, conf=-1: [3eee8d88-c0ac-4861-bc75-3c80431b5d11|rpc:10.1.0.42:45455|dataStream:|priority:0, e1c54329-0f94-4ac4-b921-c08a88020a90|rpc:10.1.0.42:42691|dataStream:|priority:0, c2033f43-39b3-4eb3-b9b2-5a70c0c49867|rpc:10.1.0.42:40253|dataStream:|priority:1], old=null
2021-06-07 01:00:37,047 [pool-303-thread-1] INFO  server.RaftServer$Division (RaftServerImpl.java:setRole(284)) - c2033f43-39b3-4eb3-b9b2-5a70c0c49867@group-9CDF3EC888C5: changes role from      null to FOLLOWER at term 0 for startAsFollower
2021-06-07 01:00:37,047 [pool-303-thread-1] INFO  impl.RoleInfo (RoleInfo.java:updateAndGet(130)) - c2033f43-39b3-4eb3-b9b2-5a70c0c49867: start c2033f43-39b3-4eb3-b9b2-5a70c0c49867@group-9CDF3EC888C5-FollowerState
2021-06-07 01:00:37,047 [pool-303-thread-1] INFO  util.JmxRegister (JmxRegister.java:tryRegister(44)) - Successfully registered JMX Bean with object name Ratis:service=RaftServer,group=group-9CDF3EC888C5,id=c2033f43-39b3-4eb3-b9b2-5a70c0c49867
2021-06-07 01:00:37,047 [pool-303-thread-1] INFO  metrics.RatisMetrics (RatisMetrics.java:lambda$create$0(36)) - Creating Metrics Registry : ratis.state_machine.c2033f43-39b3-4eb3-b9b2-5a70c0c49867@group-9CDF3EC888C5
2021-06-07 01:00:37,055 [Command processor thread] INFO  commandhandler.CreatePipelineCommandHandler (CreatePipelineCommandHandler.java:handle(106)) - Created Pipeline RATIS THREE PipelineID=7966a4a9-418d-4bdc-887b-9cdf3ec888c5.
2021-06-07 01:00:37,119 [Command processor thread] INFO  server.RaftServer (RaftServerProxy.java:addNew(95)) - c2033f43-39b3-4eb3-b9b2-5a70c0c49867: addNew group-342A338590BE:[c2033f43-39b3-4eb3-b9b2-5a70c0c49867|rpc:10.1.0.42:40253|priority:1] returns group-342A338590BE:java.util.concurrent.CompletableFuture@1584c20d[Not completed]
2021-06-07 01:00:37,120 [pool-303-thread-1] INFO  server.RaftServer$Division (RaftServerImpl.java:<init>(180)) - c2033f43-39b3-4eb3-b9b2-5a70c0c49867: new RaftServerImpl for group-342A338590BE:[c2033f43-39b3-4eb3-b9b2-5a70c0c49867|rpc:10.1.0.42:40253|priority:1] with ContainerStateMachine:uninitialized
2021-06-07 01:00:37,121 [pool-303-thread-1] INFO  server.RaftServerConfigKeys (ConfUtils.java:logGet(44)) - raft.server.rpc.timeout.min = 5s (custom)
2021-06-07 01:00:37,121 [pool-303-thread-1] INFO  server.RaftServerConfigKeys (ConfUtils.java:logGet(44)) - raft.server.rpc.timeout.max = 5200ms (custom)
2021-06-07 01:00:37,121 [pool-303-thread-1] INFO  server.RaftServerConfigKeys (ConfUtils.java:logGet(44)) - raft.server.rpc.sleep.time = 25ms (default)
2021-06-07 01:00:37,121 [pool-303-thread-1] INFO  server.RaftServerConfigKeys (ConfUtils.java:logGet(44)) - raft.server.rpc.slowness.timeout = 300000ms (custom)
2021-06-07 01:00:37,121 [pool-303-thread-1] INFO  server.RaftServerConfigKeys (ConfUtils.java:logGet(44)) - raft.server.leaderelection.leader.step-down.wait-time = 10s (default)
2021-06-07 01:00:37,121 [pool-303-thread-1] INFO  server.RaftServerConfigKeys (ConfUtils.java:logGet(44)) - raft.server.sleep.deviation.threshold = 300ms (default)
2021-06-07 01:00:37,121 [pool-303-thread-1] INFO  server.RaftServerConfigKeys (ConfUtils.java:logGet(44)) - raft.server.log.appender.install.snapshot.enabled = false (custom)
2021-06-07 01:00:37,121 [pool-303-thread-1] INFO  server.RaftServer$Division (ServerState.java:<init>(105)) - c2033f43-39b3-4eb3-b9b2-5a70c0c49867@group-342A338590BE: ConfigurationManager, init=-1: [c2033f43-39b3-4eb3-b9b2-5a70c0c49867|rpc:10.1.0.42:40253|priority:1], old=null, confs=<EMPTY_MAP>
2021-06-07 01:00:37,121 [pool-303-thread-1] INFO  server.RaftServerConfigKeys (ConfUtils.java:logGet(44)) - raft.server.storage.dir = [/home/runner/work/ozone/ozone/mnt/ozone/hadoop-ozone/integration-test/target/test-dir/MiniOzoneClusterImpl-4d691a8a-0502-4280-8005-09cceedbb589/datanode-2/data/ratis] (custom)
2021-06-07 01:00:37,121 [pool-303-thread-1] INFO  server.RaftServerConfigKeys (ConfUtils.java:logGet(44)) - raft.server.log.corruption.policy = EXCEPTION (default)
2021-06-07 01:00:37,122 [pool-303-thread-1] INFO  storage.RaftStorageDirectory (RaftStorageDirectoryImpl.java:analyzeStorage(132)) - The storage directory /home/runner/work/ozone/ozone/mnt/ozone/hadoop-ozone/integration-test/target/test-dir/MiniOzoneClusterImpl-4d691a8a-0502-4280-8005-09cceedbb589/datanode-2/data/ratis/d8e08c25-1f0e-41ac-be56-342a338590be does not exist. Creating ...
2021-06-07 01:00:37,123 [pool-303-thread-1] INFO  storage.RaftStorageDirectory (RaftStorageDirectoryImpl.java:tryLock(215)) - Lock on /home/runner/work/ozone/ozone/mnt/ozone/hadoop-ozone/integration-test/target/test-dir/MiniOzoneClusterImpl-4d691a8a-0502-4280-8005-09cceedbb589/datanode-2/data/ratis/d8e08c25-1f0e-41ac-be56-342a338590be/in_use.lock acquired by nodename 8828@fv-az291-903
2021-06-07 01:00:37,124 [pool-303-thread-1] INFO  storage.RaftStorage (RaftStorageImpl.java:format(87)) - Storage directory /home/runner/work/ozone/ozone/mnt/ozone/hadoop-ozone/integration-test/target/test-dir/MiniOzoneClusterImpl-4d691a8a-0502-4280-8005-09cceedbb589/datanode-2/data/ratis/d8e08c25-1f0e-41ac-be56-342a338590be has been successfully formatted.
2021-06-07 01:00:37,125 [EventQueue-PipelineReportForOneReplicaPipelineSafeModeRule] INFO  safemode.SCMSafeModeManager (SCMSafeModeManager.java:validateSafeModeExitRules(201)) - AtleastOneDatanodeReportedRule rule is successfully validated
2021-06-07 01:00:37,125 [EventQueue-PipelineReportForPipelineReportHandler] INFO  pipeline.PipelineManagerV2Impl (PipelineManagerV2Impl.java:openPipeline(270)) - Pipeline Pipeline[ Id: d8e08c25-1f0e-41ac-be56-342a338590be, Nodes: c2033f43-39b3-4eb3-b9b2-5a70c0c49867{ip: 10.1.0.42, host: fv-az291-903.wgnan5asplgejimfprtllbpdch.jx.internal.cloudapp.net, ports: [REPLICATION=38779, RATIS=40253, RATIS_ADMIN=40253, RATIS_SERVER=40253, STANDALONE=46823], networkLocation: /default-rack, certSerialId: null, persistedOpState: IN_SERVICE, persistedOpStateExpiryEpochSec: 0}, ReplicationConfig: RATIS/ONE, State:ALLOCATED, leaderId:c2033f43-39b3-4eb3-b9b2-5a70c0c49867, CreationTimestamp2021-06-07T01:00:34.122Z] moved to OPEN state
2021-06-07 01:00:37,125 [EventQueue-OpenPipelineForHealthyPipelineSafeModeRule] INFO  safemode.SCMSafeModeManager (HealthyPipelineSafeModeRule.java:process(130)) - SCM in safe mode. Healthy pipelines reported count is 0, required healthy pipeline reported count is 1
2021-06-07 01:00:37,126 [pool-303-thread-1] INFO  ratis.ContainerStateMachine (ContainerStateMachine.java:loadSnapshot(224)) - group-342A338590BE: The snapshot info is null. Setting the last applied indexto:(t:0, i:~)
2021-06-07 01:00:37,126 [pool-303-thread-1] INFO  server.RaftServerConfigKeys (ConfUtils.java:logGet(44)) - raft.server.notification.no-leader.timeout = 300000ms (custom)
2021-06-07 01:00:37,126 [pool-303-thread-1] INFO  server.RaftServerConfigKeys (ConfUtils.java:logGet(44)) - raft.server.log.use.memory = false (default)
2021-06-07 01:00:37,126 [pool-303-thread-1] INFO  server.RaftServerConfigKeys (ConfUtils.java:logGet(44)) - raft.server.log.purge.gap = 1000000 (custom)
2021-06-07 01:00:37,126 [pool-303-thread-1] INFO  server.RaftServerConfigKeys (ConfUtils.java:logGet(44)) - raft.server.log.appender.buffer.byte-limit = 33554432 (custom)
2021-06-07 01:00:37,126 [pool-303-thread-1] INFO  metrics.RatisMetrics (RatisMetrics.java:lambda$create$0(36)) - Creating Metrics Registry : ratis.log_worker.c2033f43-39b3-4eb3-b9b2-5a70c0c49867@group-342A338590BE
2021-06-07 01:00:37,126 [pool-303-thread-1] INFO  server.RaftServerConfigKeys (ConfUtils.java:logGet(44)) - raft.server.log.segment.size.max = 1048576 (custom)
2021-06-07 01:00:37,127 [pool-303-thread-1] INFO  server.RaftServerConfigKeys (ConfUtils.java:logGet(44)) - raft.server.log.segment.cache.num.max = 2 (custom)
2021-06-07 01:00:37,127 [pool-303-thread-1] INFO  server.RaftServerConfigKeys (ConfUtils.java:logGet(44)) - raft.server.log.segment.cache.size.max = 200MB (=209715200) (default)
2021-06-07 01:00:37,127 [pool-303-thread-1] INFO  segmented.SegmentedRaftLogWorker (SegmentedRaftLogWorker.java:<init>(182)) - new c2033f43-39b3-4eb3-b9b2-5a70c0c49867@group-342A338590BE-SegmentedRaftLogWorker for RaftStorageImpl:Storage Directory /home/runner/work/ozone/ozone/mnt/ozone/hadoop-ozone/integration-test/target/test-dir/MiniOzoneClusterImpl-4d691a8a-0502-4280-8005-09cceedbb589/datanode-2/data/ratis/d8e08c25-1f0e-41ac-be56-342a338590be
2021-06-07 01:00:37,127 [pool-303-thread-1] INFO  server.RaftServerConfigKeys (ConfUtils.java:logGet(44)) - raft.server.log.queue.byte-limit = 2147483647 (custom)
2021-06-07 01:00:37,127 [pool-303-thread-1] INFO  server.RaftServerConfigKeys (ConfUtils.java:logGet(44)) - raft.server.log.queue.element-limit = 1024 (custom)
2021-06-07 01:00:37,127 [pool-303-thread-1] INFO  server.RaftServerConfigKeys (ConfUtils.java:logGet(44)) - raft.server.log.segment.size.max = 1048576 (custom)
2021-06-07 01:00:37,127 [pool-303-thread-1] INFO  server.RaftServerConfigKeys (ConfUtils.java:logGet(44)) - raft.server.log.preallocated.size = 16384 (custom)
2021-06-07 01:00:37,127 [pool-303-thread-1] INFO  server.RaftServerConfigKeys (ConfUtils.java:logGet(44)) - raft.server.log.force.sync.num = 128 (default)
2021-06-07 01:00:37,127 [pool-303-thread-1] INFO  server.RaftServerConfigKeys (ConfUtils.java:logGet(44)) - raft.server.log.statemachine.data.sync = true (default)
2021-06-07 01:00:37,127 [pool-303-thread-1] INFO  server.RaftServerConfigKeys (ConfUtils.java:logGet(44)) - raft.server.log.statemachine.data.sync.timeout = 10s (default)
2021-06-07 01:00:37,127 [pool-303-thread-1] INFO  server.RaftServerConfigKeys (ConfUtils.java:logGet(44)) - raft.server.log.statemachine.data.sync.timeout.retry = -1 (default)
2021-06-07 01:00:37,128 [pool-303-thread-1] INFO  server.RaftServerConfigKeys (ConfUtils.java:logGet(44)) - raft.server.log.write.buffer.size = 1048576 (custom)
2021-06-07 01:00:37,129 [pool-303-thread-1] INFO  server.RaftServerConfigKeys (ConfUtils.java:logGet(44)) - raft.server.log.statemachine.data.caching.enabled = true (custom)
2021-06-07 01:00:37,129 [pool-303-thread-1] INFO  segmented.SegmentedRaftLogWorker (SegmentedRaftLogWorker.java:lambda$new$0(133)) - c2033f43-39b3-4eb3-b9b2-5a70c0c49867@group-342A338590BE-SegmentedRaftLogWorker: flushIndex: setUnconditionally 0 -> -1
2021-06-07 01:00:37,129 [pool-303-thread-1] INFO  segmented.SegmentedRaftLogWorker (SegmentedRaftLogWorker.java:lambda$new$0(133)) - c2033f43-39b3-4eb3-b9b2-5a70c0c49867@group-342A338590BE-SegmentedRaftLogWorker: safeCacheEvictIndex: setUnconditionally 0 -> -1
2021-06-07 01:00:37,130 [pool-303-thread-1] INFO  server.RaftServerConfigKeys (ConfUtils.java:logGet(44)) - raft.server.snapshot.auto.trigger.enabled = true (custom)
2021-06-07 01:00:37,130 [pool-303-thread-1] INFO  server.RaftServerConfigKeys (ConfUtils.java:logGet(44)) - raft.server.snapshot.auto.trigger.threshold = 10000 (custom)
2021-06-07 01:00:37,130 [pool-303-thread-1] INFO  server.RaftServerConfigKeys (ConfUtils.java:logGet(44)) - raft.server.snapshot.retention.file.num = 5 (custom)
2021-06-07 01:00:37,130 [pool-303-thread-1] INFO  server.RaftServerConfigKeys (ConfUtils.java:logGet(44)) - raft.server.log.purge.upto.snapshot.index = false (default)
2021-06-07 01:00:37,130 [pool-303-thread-1] INFO  server.RaftServerConfigKeys (ConfUtils.java:logGet(44)) - raft.server.retrycache.expirytime = 600000ms (custom)
2021-06-07 01:00:37,130 [pool-303-thread-1] INFO  server.RaftServerConfigKeys (ConfUtils.java:logGet(44)) - raft.server.retrycache.statistics.expirytime = 100μs (default)
2021-06-07 01:00:37,130 [pool-303-thread-1] INFO  metrics.RatisMetrics (RatisMetrics.java:lambda$create$0(36)) - Creating Metrics Registry : ratis.leader_election.c2033f43-39b3-4eb3-b9b2-5a70c0c49867@group-342A338590BE
2021-06-07 01:00:37,130 [pool-303-thread-1] INFO  metrics.RatisMetrics (RatisMetrics.java:lambda$create$0(36)) - Creating Metrics Registry : ratis.server.c2033f43-39b3-4eb3-b9b2-5a70c0c49867@group-342A338590BE
2021-06-07 01:00:37,131 [pool-303-thread-1] INFO  server.RaftServer$Division (RaftServerImpl.java:start(295)) - c2033f43-39b3-4eb3-b9b2-5a70c0c49867@group-342A338590BE: start as a follower, conf=-1: [c2033f43-39b3-4eb3-b9b2-5a70c0c49867|rpc:10.1.0.42:40253|priority:1], old=null
2021-06-07 01:00:37,131 [pool-303-thread-1] INFO  server.RaftServer$Division (RaftServerImpl.java:setRole(284)) - c2033f43-39b3-4eb3-b9b2-5a70c0c49867@group-342A338590BE: changes role from      null to FOLLOWER at term 0 for startAsFollower
2021-06-07 01:00:37,131 [pool-303-thread-1] INFO  impl.RoleInfo (RoleInfo.java:updateAndGet(130)) - c2033f43-39b3-4eb3-b9b2-5a70c0c49867: start c2033f43-39b3-4eb3-b9b2-5a70c0c49867@group-342A338590BE-FollowerState
2021-06-07 01:00:37,131 [pool-303-thread-1] INFO  util.JmxRegister (JmxRegister.java:tryRegister(44)) - Successfully registered JMX Bean with object name Ratis:service=RaftServer,group=group-342A338590BE,id=c2033f43-39b3-4eb3-b9b2-5a70c0c49867
2021-06-07 01:00:37,131 [pool-303-thread-1] INFO  metrics.RatisMetrics (RatisMetrics.java:lambda$create$0(36)) - Creating Metrics Registry : ratis.state_machine.c2033f43-39b3-4eb3-b9b2-5a70c0c49867@group-342A338590BE
2021-06-07 01:00:37,132 [Command processor thread] INFO  ratis.XceiverServerRatis (XceiverServerRatis.java:addGroup(808)) - Created group PipelineID=d8e08c25-1f0e-41ac-be56-342a338590be
2021-06-07 01:00:37,132 [Command processor thread] INFO  commandhandler.CreatePipelineCommandHandler (CreatePipelineCommandHandler.java:handle(106)) - Created Pipeline RATIS ONE PipelineID=d8e08c25-1f0e-41ac-be56-342a338590be.
2021-06-07 01:00:37,217 [Command processor thread] INFO  server.RaftServer (RaftServerProxy.java:addNew(95)) - 8d92b5a7-4709-4dab-ba37-cfa7e81d90ef: addNew group-2B3425D9E77D:[8d92b5a7-4709-4dab-ba37-cfa7e81d90ef|rpc:10.1.0.42:45381|priority:1] returns group-2B3425D9E77D:java.util.concurrent.CompletableFuture@90fe995[Not completed]
2021-06-07 01:00:37,218 [pool-321-thread-1] INFO  server.RaftServer$Division (RaftServerImpl.java:<init>(180)) - 8d92b5a7-4709-4dab-ba37-cfa7e81d90ef: new RaftServerImpl for group-2B3425D9E77D:[8d92b5a7-4709-4dab-ba37-cfa7e81d90ef|rpc:10.1.0.42:45381|priority:1] with ContainerStateMachine:uninitialized
2021-06-07 01:00:37,219 [pool-321-thread-1] INFO  server.RaftServerConfigKeys (ConfUtils.java:logGet(44)) - raft.server.rpc.timeout.min = 5s (custom)
2021-06-07 01:00:37,219 [pool-321-thread-1] INFO  server.RaftServerConfigKeys (ConfUtils.java:logGet(44)) - raft.server.rpc.timeout.max = 5200ms (custom)
2021-06-07 01:00:37,219 [pool-321-thread-1] INFO  server.RaftServerConfigKeys (ConfUtils.java:logGet(44)) - raft.server.rpc.sleep.time = 25ms (default)
2021-06-07 01:00:37,219 [pool-321-thread-1] INFO  server.RaftServerConfigKeys (ConfUtils.java:logGet(44)) - raft.server.rpc.slowness.timeout = 300000ms (custom)
2021-06-07 01:00:37,219 [pool-321-thread-1] INFO  server.RaftServerConfigKeys (ConfUtils.java:logGet(44)) - raft.server.leaderelection.leader.step-down.wait-time = 10s (default)
2021-06-07 01:00:37,219 [pool-321-thread-1] INFO  server.RaftServerConfigKeys (ConfUtils.java:logGet(44)) - raft.server.sleep.deviation.threshold = 300ms (default)
2021-06-07 01:00:37,219 [pool-321-thread-1] INFO  server.RaftServerConfigKeys (ConfUtils.java:logGet(44)) - raft.server.log.appender.install.snapshot.enabled = false (custom)
2021-06-07 01:00:37,219 [pool-321-thread-1] INFO  server.RaftServer$Division (ServerState.java:<init>(105)) - 8d92b5a7-4709-4dab-ba37-cfa7e81d90ef@group-2B3425D9E77D: ConfigurationManager, init=-1: [8d92b5a7-4709-4dab-ba37-cfa7e81d90ef|rpc:10.1.0.42:45381|priority:1], old=null, confs=<EMPTY_MAP>
2021-06-07 01:00:37,220 [pool-321-thread-1] INFO  server.RaftServerConfigKeys (ConfUtils.java:logGet(44)) - raft.server.storage.dir = [/home/runner/work/ozone/ozone/mnt/ozone/hadoop-ozone/integration-test/target/test-dir/MiniOzoneClusterImpl-4d691a8a-0502-4280-8005-09cceedbb589/datanode-3/data/ratis] (custom)
2021-06-07 01:00:37,220 [pool-321-thread-1] INFO  server.RaftServerConfigKeys (ConfUtils.java:logGet(44)) - raft.server.log.corruption.policy = EXCEPTION (default)
2021-06-07 01:00:37,220 [pool-321-thread-1] INFO  storage.RaftStorageDirectory (RaftStorageDirectoryImpl.java:analyzeStorage(132)) - The storage directory /home/runner/work/ozone/ozone/mnt/ozone/hadoop-ozone/integration-test/target/test-dir/MiniOzoneClusterImpl-4d691a8a-0502-4280-8005-09cceedbb589/datanode-3/data/ratis/b27efbdc-69f0-43b0-bf86-2b3425d9e77d does not exist. Creating ...
2021-06-07 01:00:37,222 [pool-321-thread-1] INFO  storage.RaftStorageDirectory (RaftStorageDirectoryImpl.java:tryLock(215)) - Lock on /home/runner/work/ozone/ozone/mnt/ozone/hadoop-ozone/integration-test/target/test-dir/MiniOzoneClusterImpl-4d691a8a-0502-4280-8005-09cceedbb589/datanode-3/data/ratis/b27efbdc-69f0-43b0-bf86-2b3425d9e77d/in_use.lock acquired by nodename 8828@fv-az291-903
2021-06-07 01:00:37,224 [pool-321-thread-1] INFO  storage.RaftStorage (RaftStorageImpl.java:format(87)) - Storage directory /home/runner/work/ozone/ozone/mnt/ozone/hadoop-ozone/integration-test/target/test-dir/MiniOzoneClusterImpl-4d691a8a-0502-4280-8005-09cceedbb589/datanode-3/data/ratis/b27efbdc-69f0-43b0-bf86-2b3425d9e77d has been successfully formatted.
2021-06-07 01:00:37,224 [pool-321-thread-1] INFO  ratis.ContainerStateMachine (ContainerStateMachine.java:loadSnapshot(224)) - group-2B3425D9E77D: The snapshot info is null. Setting the last applied indexto:(t:0, i:~)
2021-06-07 01:00:37,225 [pool-321-thread-1] INFO  server.RaftServerConfigKeys (ConfUtils.java:logGet(44)) - raft.server.notification.no-leader.timeout = 300000ms (custom)
2021-06-07 01:00:37,225 [pool-321-thread-1] INFO  server.RaftServerConfigKeys (ConfUtils.java:logGet(44)) - raft.server.log.use.memory = false (default)
2021-06-07 01:00:37,225 [EventQueue-PipelineReportForPipelineReportHandler] INFO  pipeline.PipelineManagerV2Impl (PipelineManagerV2Impl.java:openPipeline(270)) - Pipeline Pipeline[ Id: b27efbdc-69f0-43b0-bf86-2b3425d9e77d, Nodes: 8d92b5a7-4709-4dab-ba37-cfa7e81d90ef{ip: 10.1.0.42, host: fv-az291-903.wgnan5asplgejimfprtllbpdch.jx.internal.cloudapp.net, ports: [REPLICATION=34763, RATIS=45381, RATIS_ADMIN=45381, RATIS_SERVER=45381, STANDALONE=43891], networkLocation: /default-rack, certSerialId: null, persistedOpState: IN_SERVICE, persistedOpStateExpiryEpochSec: 0}, ReplicationConfig: RATIS/ONE, State:ALLOCATED, leaderId:8d92b5a7-4709-4dab-ba37-cfa7e81d90ef, CreationTimestamp2021-06-07T01:00:34.218Z] moved to OPEN state
2021-06-07 01:00:37,226 [EventQueue-OpenPipelineForHealthyPipelineSafeModeRule] INFO  safemode.SCMSafeModeManager (HealthyPipelineSafeModeRule.java:process(130)) - SCM in safe mode. Healthy pipelines reported count is 0, required healthy pipeline reported count is 1
2021-06-07 01:00:37,225 [EventQueue-PipelineReportForOneReplicaPipelineSafeModeRule] INFO  safemode.SCMSafeModeManager (SCMSafeModeManager.java:validateSafeModeExitRules(201)) - AtleastOneDatanodeReportedRule rule is successfully validated
2021-06-07 01:00:37,226 [pool-321-thread-1] INFO  server.RaftServerConfigKeys (ConfUtils.java:logGet(44)) - raft.server.log.purge.gap = 1000000 (custom)
2021-06-07 01:00:37,226 [pool-321-thread-1] INFO  server.RaftServerConfigKeys (ConfUtils.java:logGet(44)) - raft.server.log.appender.buffer.byte-limit = 33554432 (custom)
2021-06-07 01:00:37,226 [pool-321-thread-1] INFO  metrics.RatisMetrics (RatisMetrics.java:lambda$create$0(36)) - Creating Metrics Registry : ratis.log_worker.8d92b5a7-4709-4dab-ba37-cfa7e81d90ef@group-2B3425D9E77D
2021-06-07 01:00:37,230 [pool-321-thread-1] INFO  server.RaftServerConfigKeys (ConfUtils.java:logGet(44)) - raft.server.log.segment.size.max = 1048576 (custom)
2021-06-07 01:00:37,230 [pool-321-thread-1] INFO  server.RaftServerConfigKeys (ConfUtils.java:logGet(44)) - raft.server.log.segment.cache.num.max = 2 (custom)
2021-06-07 01:00:37,230 [pool-321-thread-1] INFO  server.RaftServerConfigKeys (ConfUtils.java:logGet(44)) - raft.server.log.segment.cache.size.max = 200MB (=209715200) (default)
2021-06-07 01:00:37,230 [pool-321-thread-1] INFO  segmented.SegmentedRaftLogWorker (SegmentedRaftLogWorker.java:<init>(182)) - new 8d92b5a7-4709-4dab-ba37-cfa7e81d90ef@group-2B3425D9E77D-SegmentedRaftLogWorker for RaftStorageImpl:Storage Directory /home/runner/work/ozone/ozone/mnt/ozone/hadoop-ozone/integration-test/target/test-dir/MiniOzoneClusterImpl-4d691a8a-0502-4280-8005-09cceedbb589/datanode-3/data/ratis/b27efbdc-69f0-43b0-bf86-2b3425d9e77d
2021-06-07 01:00:37,230 [pool-321-thread-1] INFO  server.RaftServerConfigKeys (ConfUtils.java:logGet(44)) - raft.server.log.queue.byte-limit = 2147483647 (custom)
2021-06-07 01:00:37,231 [pool-321-thread-1] INFO  server.RaftServerConfigKeys (ConfUtils.java:logGet(44)) - raft.server.log.queue.element-limit = 1024 (custom)
2021-06-07 01:00:37,231 [pool-321-thread-1] INFO  server.RaftServerConfigKeys (ConfUtils.java:logGet(44)) - raft.server.log.segment.size.max = 1048576 (custom)
2021-06-07 01:00:37,231 [pool-321-thread-1] INFO  server.RaftServerConfigKeys (ConfUtils.java:logGet(44)) - raft.server.log.preallocated.size = 16384 (custom)
2021-06-07 01:00:37,231 [pool-321-thread-1] INFO  server.RaftServerConfigKeys (ConfUtils.java:logGet(44)) - raft.server.log.force.sync.num = 128 (default)
2021-06-07 01:00:37,231 [pool-321-thread-1] INFO  server.RaftServerConfigKeys (ConfUtils.java:logGet(44)) - raft.server.log.statemachine.data.sync = true (default)
2021-06-07 01:00:37,231 [pool-321-thread-1] INFO  server.RaftServerConfigKeys (ConfUtils.java:logGet(44)) - raft.server.log.statemachine.data.sync.timeout = 10s (default)
2021-06-07 01:00:37,231 [pool-321-thread-1] INFO  server.RaftServerConfigKeys (ConfUtils.java:logGet(44)) - raft.server.log.statemachine.data.sync.timeout.retry = -1 (default)
2021-06-07 01:00:37,232 [pool-321-thread-1] INFO  server.RaftServerConfigKeys (ConfUtils.java:logGet(44)) - raft.server.log.write.buffer.size = 1048576 (custom)
2021-06-07 01:00:37,233 [pool-321-thread-1] INFO  server.RaftServerConfigKeys (ConfUtils.java:logGet(44)) - raft.server.log.statemachine.data.caching.enabled = true (custom)
2021-06-07 01:00:37,233 [pool-321-thread-1] INFO  segmented.SegmentedRaftLogWorker (SegmentedRaftLogWorker.java:lambda$new$0(133)) - 8d92b5a7-4709-4dab-ba37-cfa7e81d90ef@group-2B3425D9E77D-SegmentedRaftLogWorker: flushIndex: setUnconditionally 0 -> -1
2021-06-07 01:00:37,233 [pool-321-thread-1] INFO  segmented.SegmentedRaftLogWorker (SegmentedRaftLogWorker.java:lambda$new$0(133)) - 8d92b5a7-4709-4dab-ba37-cfa7e81d90ef@group-2B3425D9E77D-SegmentedRaftLogWorker: safeCacheEvictIndex: setUnconditionally 0 -> -1
2021-06-07 01:00:37,235 [pool-321-thread-1] INFO  server.RaftServerConfigKeys (ConfUtils.java:logGet(44)) - raft.server.snapshot.auto.trigger.enabled = true (custom)
2021-06-07 01:00:37,235 [pool-321-thread-1] INFO  server.RaftServerConfigKeys (ConfUtils.java:logGet(44)) - raft.server.snapshot.auto.trigger.threshold = 10000 (custom)
2021-06-07 01:00:37,235 [pool-321-thread-1] INFO  server.RaftServerConfigKeys (ConfUtils.java:logGet(44)) - raft.server.snapshot.retention.file.num = 5 (custom)
2021-06-07 01:00:37,235 [pool-321-thread-1] INFO  server.RaftServerConfigKeys (ConfUtils.java:logGet(44)) - raft.server.log.purge.upto.snapshot.index = false (default)
2021-06-07 01:00:37,235 [pool-321-thread-1] INFO  server.RaftServerConfigKeys (ConfUtils.java:logGet(44)) - raft.server.retrycache.expirytime = 600000ms (custom)
2021-06-07 01:00:37,235 [pool-321-thread-1] INFO  server.RaftServerConfigKeys (ConfUtils.java:logGet(44)) - raft.server.retrycache.statistics.expirytime = 100μs (default)
2021-06-07 01:00:37,235 [pool-321-thread-1] INFO  metrics.RatisMetrics (RatisMetrics.java:lambda$create$0(36)) - Creating Metrics Registry : ratis.leader_election.8d92b5a7-4709-4dab-ba37-cfa7e81d90ef@group-2B3425D9E77D
2021-06-07 01:00:37,236 [pool-321-thread-1] INFO  metrics.RatisMetrics (RatisMetrics.java:lambda$create$0(36)) - Creating Metrics Registry : ratis.server.8d92b5a7-4709-4dab-ba37-cfa7e81d90ef@group-2B3425D9E77D
2021-06-07 01:00:37,237 [pool-321-thread-1] INFO  server.RaftServer$Division (RaftServerImpl.java:start(295)) - 8d92b5a7-4709-4dab-ba37-cfa7e81d90ef@group-2B3425D9E77D: start as a follower, conf=-1: [8d92b5a7-4709-4dab-ba37-cfa7e81d90ef|rpc:10.1.0.42:45381|priority:1], old=null
2021-06-07 01:00:37,237 [pool-321-thread-1] INFO  server.RaftServer$Division (RaftServerImpl.java:setRole(284)) - 8d92b5a7-4709-4dab-ba37-cfa7e81d90ef@group-2B3425D9E77D: changes role from      null to FOLLOWER at term 0 for startAsFollower
2021-06-07 01:00:37,237 [pool-321-thread-1] INFO  impl.RoleInfo (RoleInfo.java:updateAndGet(130)) - 8d92b5a7-4709-4dab-ba37-cfa7e81d90ef: start 8d92b5a7-4709-4dab-ba37-cfa7e81d90ef@group-2B3425D9E77D-FollowerState
2021-06-07 01:00:37,237 [pool-321-thread-1] INFO  util.JmxRegister (JmxRegister.java:tryRegister(44)) - Successfully registered JMX Bean with object name Ratis:service=RaftServer,group=group-2B3425D9E77D,id=8d92b5a7-4709-4dab-ba37-cfa7e81d90ef
2021-06-07 01:00:37,237 [pool-321-thread-1] INFO  metrics.RatisMetrics (RatisMetrics.java:lambda$create$0(36)) - Creating Metrics Registry : ratis.state_machine.8d92b5a7-4709-4dab-ba37-cfa7e81d90ef@group-2B3425D9E77D
2021-06-07 01:00:37,238 [Command processor thread] INFO  ratis.XceiverServerRatis (XceiverServerRatis.java:addGroup(808)) - Created group PipelineID=b27efbdc-69f0-43b0-bf86-2b3425d9e77d
2021-06-07 01:00:37,238 [Command processor thread] INFO  commandhandler.CreatePipelineCommandHandler (CreatePipelineCommandHandler.java:handle(106)) - Created Pipeline RATIS ONE PipelineID=b27efbdc-69f0-43b0-bf86-2b3425d9e77d.
2021-06-07 01:00:37,238 [Command processor thread] INFO  server.RaftServer (RaftServerProxy.java:addNew(95)) - 8d92b5a7-4709-4dab-ba37-cfa7e81d90ef: addNew group-0816AEE1200F:[4c0648dc-edb7-46e4-8fb2-cd1978ed42aa|rpc:10.1.0.42:41055|priority:0, 8d92b5a7-4709-4dab-ba37-cfa7e81d90ef|rpc:10.1.0.42:45381|priority:1, 92e97bd9-ad78-40fd-8151-2c7bc5702604|rpc:10.1.0.42:42767|priority:0] returns group-0816AEE1200F:java.util.concurrent.CompletableFuture@d306c6c[Not completed]
2021-06-07 01:00:37,239 [pool-321-thread-1] INFO  server.RaftServer$Division (RaftServerImpl.java:<init>(180)) - 8d92b5a7-4709-4dab-ba37-cfa7e81d90ef: new RaftServerImpl for group-0816AEE1200F:[4c0648dc-edb7-46e4-8fb2-cd1978ed42aa|rpc:10.1.0.42:41055|priority:0, 8d92b5a7-4709-4dab-ba37-cfa7e81d90ef|rpc:10.1.0.42:45381|priority:1, 92e97bd9-ad78-40fd-8151-2c7bc5702604|rpc:10.1.0.42:42767|priority:0] with ContainerStateMachine:uninitialized
2021-06-07 01:00:37,239 [pool-321-thread-1] INFO  server.RaftServerConfigKeys (ConfUtils.java:logGet(44)) - raft.server.rpc.timeout.min = 5s (custom)
2021-06-07 01:00:37,239 [pool-321-thread-1] INFO  server.RaftServerConfigKeys (ConfUtils.java:logGet(44)) - raft.server.rpc.timeout.max = 5200ms (custom)
2021-06-07 01:00:37,239 [pool-321-thread-1] INFO  server.RaftServerConfigKeys (ConfUtils.java:logGet(44)) - raft.server.rpc.sleep.time = 25ms (default)
2021-06-07 01:00:37,239 [pool-321-thread-1] INFO  server.RaftServerConfigKeys (ConfUtils.java:logGet(44)) - raft.server.rpc.slowness.timeout = 300000ms (custom)
2021-06-07 01:00:37,239 [pool-321-thread-1] INFO  server.RaftServerConfigKeys (ConfUtils.java:logGet(44)) - raft.server.leaderelection.leader.step-down.wait-time = 10s (default)
2021-06-07 01:00:37,239 [pool-321-thread-1] INFO  server.RaftServerConfigKeys (ConfUtils.java:logGet(44)) - raft.server.sleep.deviation.threshold = 300ms (default)
2021-06-07 01:00:37,239 [pool-321-thread-1] INFO  server.RaftServerConfigKeys (ConfUtils.java:logGet(44)) - raft.server.log.appender.install.snapshot.enabled = false (custom)
2021-06-07 01:00:37,240 [pool-321-thread-1] INFO  server.RaftServer$Division (ServerState.java:<init>(105)) - 8d92b5a7-4709-4dab-ba37-cfa7e81d90ef@group-0816AEE1200F: ConfigurationManager, init=-1: [4c0648dc-edb7-46e4-8fb2-cd1978ed42aa|rpc:10.1.0.42:41055|priority:0, 8d92b5a7-4709-4dab-ba37-cfa7e81d90ef|rpc:10.1.0.42:45381|priority:1, 92e97bd9-ad78-40fd-8151-2c7bc5702604|rpc:10.1.0.42:42767|priority:0], old=null, confs=<EMPTY_MAP>
2021-06-07 01:00:37,240 [pool-321-thread-1] INFO  server.RaftServerConfigKeys (ConfUtils.java:logGet(44)) - raft.server.storage.dir = [/home/runner/work/ozone/ozone/mnt/ozone/hadoop-ozone/integration-test/target/test-dir/MiniOzoneClusterImpl-4d691a8a-0502-4280-8005-09cceedbb589/datanode-3/data/ratis] (custom)
2021-06-07 01:00:37,240 [pool-321-thread-1] INFO  server.RaftServerConfigKeys (ConfUtils.java:logGet(44)) - raft.server.log.corruption.policy = EXCEPTION (default)
2021-06-07 01:00:37,240 [pool-321-thread-1] INFO  storage.RaftStorageDirectory (RaftStorageDirectoryImpl.java:analyzeStorage(132)) - The storage directory /home/runner/work/ozone/ozone/mnt/ozone/hadoop-ozone/integration-test/target/test-dir/MiniOzoneClusterImpl-4d691a8a-0502-4280-8005-09cceedbb589/datanode-3/data/ratis/93fb3b92-65a4-4a48-9dd3-0816aee1200f does not exist. Creating ...
2021-06-07 01:00:37,242 [pool-321-thread-1] INFO  storage.RaftStorageDirectory (RaftStorageDirectoryImpl.java:tryLock(215)) - Lock on /home/runner/work/ozone/ozone/mnt/ozone/hadoop-ozone/integration-test/target/test-dir/MiniOzoneClusterImpl-4d691a8a-0502-4280-8005-09cceedbb589/datanode-3/data/ratis/93fb3b92-65a4-4a48-9dd3-0816aee1200f/in_use.lock acquired by nodename 8828@fv-az291-903
2021-06-07 01:00:37,243 [pool-321-thread-1] INFO  storage.RaftStorage (RaftStorageImpl.java:format(87)) - Storage directory /home/runner/work/ozone/ozone/mnt/ozone/hadoop-ozone/integration-test/target/test-dir/MiniOzoneClusterImpl-4d691a8a-0502-4280-8005-09cceedbb589/datanode-3/data/ratis/93fb3b92-65a4-4a48-9dd3-0816aee1200f has been successfully formatted.
2021-06-07 01:00:37,243 [pool-321-thread-1] INFO  ratis.ContainerStateMachine (ContainerStateMachine.java:loadSnapshot(224)) - group-0816AEE1200F: The snapshot info is null. Setting the last applied indexto:(t:0, i:~)
2021-06-07 01:00:37,243 [pool-321-thread-1] INFO  server.RaftServerConfigKeys (ConfUtils.java:logGet(44)) - raft.server.notification.no-leader.timeout = 300000ms (custom)
2021-06-07 01:00:37,244 [EventQueue-OpenPipelineForHealthyPipelineSafeModeRule] INFO  safemode.SCMSafeModeManager (HealthyPipelineSafeModeRule.java:process(130)) - SCM in safe mode. Healthy pipelines reported count is 0, required healthy pipeline reported count is 1
2021-06-07 01:00:37,244 [pool-321-thread-1] INFO  server.RaftServerConfigKeys (ConfUtils.java:logGet(44)) - raft.server.log.use.memory = false (default)
2021-06-07 01:00:37,244 [EventQueue-PipelineReportForOneReplicaPipelineSafeModeRule] INFO  safemode.SCMSafeModeManager (SCMSafeModeManager.java:validateSafeModeExitRules(201)) - AtleastOneDatanodeReportedRule rule is successfully validated
2021-06-07 01:00:37,244 [pool-321-thread-1] INFO  server.RaftServerConfigKeys (ConfUtils.java:logGet(44)) - raft.server.log.purge.gap = 1000000 (custom)
2021-06-07 01:00:37,244 [pool-321-thread-1] INFO  server.RaftServerConfigKeys (ConfUtils.java:logGet(44)) - raft.server.log.appender.buffer.byte-limit = 33554432 (custom)
2021-06-07 01:00:37,245 [pool-321-thread-1] INFO  metrics.RatisMetrics (RatisMetrics.java:lambda$create$0(36)) - Creating Metrics Registry : ratis.log_worker.8d92b5a7-4709-4dab-ba37-cfa7e81d90ef@group-0816AEE1200F
2021-06-07 01:00:37,246 [pool-321-thread-1] INFO  server.RaftServerConfigKeys (ConfUtils.java:logGet(44)) - raft.server.log.segment.size.max = 1048576 (custom)
2021-06-07 01:00:37,246 [pool-321-thread-1] INFO  server.RaftServerConfigKeys (ConfUtils.java:logGet(44)) - raft.server.log.segment.cache.num.max = 2 (custom)
2021-06-07 01:00:37,248 [pool-321-thread-1] INFO  server.RaftServerConfigKeys (ConfUtils.java:logGet(44)) - raft.server.log.segment.cache.size.max = 200MB (=209715200) (default)
2021-06-07 01:00:37,248 [pool-321-thread-1] INFO  segmented.SegmentedRaftLogWorker (SegmentedRaftLogWorker.java:<init>(182)) - new 8d92b5a7-4709-4dab-ba37-cfa7e81d90ef@group-0816AEE1200F-SegmentedRaftLogWorker for RaftStorageImpl:Storage Directory /home/runner/work/ozone/ozone/mnt/ozone/hadoop-ozone/integration-test/target/test-dir/MiniOzoneClusterImpl-4d691a8a-0502-4280-8005-09cceedbb589/datanode-3/data/ratis/93fb3b92-65a4-4a48-9dd3-0816aee1200f
2021-06-07 01:00:37,248 [pool-321-thread-1] INFO  server.RaftServerConfigKeys (ConfUtils.java:logGet(44)) - raft.server.log.queue.byte-limit = 2147483647 (custom)
2021-06-07 01:00:37,249 [pool-321-thread-1] INFO  server.RaftServerConfigKeys (ConfUtils.java:logGet(44)) - raft.server.log.queue.element-limit = 1024 (custom)
2021-06-07 01:00:37,249 [pool-321-thread-1] INFO  server.RaftServerConfigKeys (ConfUtils.java:logGet(44)) - raft.server.log.segment.size.max = 1048576 (custom)
2021-06-07 01:00:37,249 [pool-321-thread-1] INFO  server.RaftServerConfigKeys (ConfUtils.java:logGet(44)) - raft.server.log.preallocated.size = 16384 (custom)
2021-06-07 01:00:37,249 [pool-321-thread-1] INFO  server.RaftServerConfigKeys (ConfUtils.java:logGet(44)) - raft.server.log.force.sync.num = 128 (default)
2021-06-07 01:00:37,249 [pool-321-thread-1] INFO  server.RaftServerConfigKeys (ConfUtils.java:logGet(44)) - raft.server.log.statemachine.data.sync = true (default)
2021-06-07 01:00:37,249 [pool-321-thread-1] INFO  server.RaftServerConfigKeys (ConfUtils.java:logGet(44)) - raft.server.log.statemachine.data.sync.timeout = 10s (default)
2021-06-07 01:00:37,249 [pool-321-thread-1] INFO  server.RaftServerConfigKeys (ConfUtils.java:logGet(44)) - raft.server.log.statemachine.data.sync.timeout.retry = -1 (default)
2021-06-07 01:00:37,250 [pool-321-thread-1] INFO  server.RaftServerConfigKeys (ConfUtils.java:logGet(44)) - raft.server.log.write.buffer.size = 1048576 (custom)
2021-06-07 01:00:37,251 [pool-321-thread-1] INFO  server.RaftServerConfigKeys (ConfUtils.java:logGet(44)) - raft.server.log.statemachine.data.caching.enabled = true (custom)
2021-06-07 01:00:37,251 [pool-321-thread-1] INFO  segmented.SegmentedRaftLogWorker (SegmentedRaftLogWorker.java:lambda$new$0(133)) - 8d92b5a7-4709-4dab-ba37-cfa7e81d90ef@group-0816AEE1200F-SegmentedRaftLogWorker: flushIndex: setUnconditionally 0 -> -1
2021-06-07 01:00:37,251 [pool-321-thread-1] INFO  segmented.SegmentedRaftLogWorker (SegmentedRaftLogWorker.java:lambda$new$0(133)) - 8d92b5a7-4709-4dab-ba37-cfa7e81d90ef@group-0816AEE1200F-SegmentedRaftLogWorker: safeCacheEvictIndex: setUnconditionally 0 -> -1
2021-06-07 01:00:37,254 [pool-321-thread-1] INFO  server.RaftServerConfigKeys (ConfUtils.java:logGet(44)) - raft.server.snapshot.auto.trigger.enabled = true (custom)
2021-06-07 01:00:37,254 [pool-321-thread-1] INFO  server.RaftServerConfigKeys (ConfUtils.java:logGet(44)) - raft.server.snapshot.auto.trigger.threshold = 10000 (custom)
2021-06-07 01:00:37,254 [pool-321-thread-1] INFO  server.RaftServerConfigKeys (ConfUtils.java:logGet(44)) - raft.server.snapshot.retention.file.num = 5 (custom)
2021-06-07 01:00:37,254 [pool-321-thread-1] INFO  server.RaftServerConfigKeys (ConfUtils.java:logGet(44)) - raft.server.log.purge.upto.snapshot.index = false (default)
2021-06-07 01:00:37,254 [pool-321-thread-1] INFO  server.RaftServerConfigKeys (ConfUtils.java:logGet(44)) - raft.server.retrycache.expirytime = 600000ms (custom)
2021-06-07 01:00:37,255 [pool-321-thread-1] INFO  server.RaftServerConfigKeys (ConfUtils.java:logGet(44)) - raft.server.retrycache.statistics.expirytime = 100μs (default)
2021-06-07 01:00:37,255 [pool-321-thread-1] INFO  metrics.RatisMetrics (RatisMetrics.java:lambda$create$0(36)) - Creating Metrics Registry : ratis.leader_election.8d92b5a7-4709-4dab-ba37-cfa7e81d90ef@group-0816AEE1200F
2021-06-07 01:00:37,256 [pool-321-thread-1] INFO  metrics.RatisMetrics (RatisMetrics.java:lambda$create$0(36)) - Creating Metrics Registry : ratis.server.8d92b5a7-4709-4dab-ba37-cfa7e81d90ef@group-0816AEE1200F
2021-06-07 01:00:37,257 [pool-321-thread-1] INFO  server.RaftServer$Division (RaftServerImpl.java:start(295)) - 8d92b5a7-4709-4dab-ba37-cfa7e81d90ef@group-0816AEE1200F: start as a follower, conf=-1: [4c0648dc-edb7-46e4-8fb2-cd1978ed42aa|rpc:10.1.0.42:41055|priority:0, 8d92b5a7-4709-4dab-ba37-cfa7e81d90ef|rpc:10.1.0.42:45381|priority:1, 92e97bd9-ad78-40fd-8151-2c7bc5702604|rpc:10.1.0.42:42767|priority:0], old=null
2021-06-07 01:00:37,257 [pool-321-thread-1] INFO  server.RaftServer$Division (RaftServerImpl.java:setRole(284)) - 8d92b5a7-4709-4dab-ba37-cfa7e81d90ef@group-0816AEE1200F: changes role from      null to FOLLOWER at term 0 for startAsFollower
2021-06-07 01:00:37,257 [pool-321-thread-1] INFO  impl.RoleInfo (RoleInfo.java:updateAndGet(130)) - 8d92b5a7-4709-4dab-ba37-cfa7e81d90ef: start 8d92b5a7-4709-4dab-ba37-cfa7e81d90ef@group-0816AEE1200F-FollowerState
2021-06-07 01:00:37,257 [pool-321-thread-1] INFO  util.JmxRegister (JmxRegister.java:tryRegister(44)) - Successfully registered JMX Bean with object name Ratis:service=RaftServer,group=group-0816AEE1200F,id=8d92b5a7-4709-4dab-ba37-cfa7e81d90ef
2021-06-07 01:00:37,257 [pool-321-thread-1] INFO  metrics.RatisMetrics (RatisMetrics.java:lambda$create$0(36)) - Creating Metrics Registry : ratis.state_machine.8d92b5a7-4709-4dab-ba37-cfa7e81d90ef@group-0816AEE1200F
2021-06-07 01:00:37,258 [Command processor thread] INFO  ratis.XceiverServerRatis (XceiverServerRatis.java:addGroup(808)) - Created group PipelineID=93fb3b92-65a4-4a48-9dd3-0816aee1200f
2021-06-07 01:00:37,259 [Command processor thread] INFO  metrics.RatisMetrics (RatisMetrics.java:lambda$create$0(36)) - Creating Metrics Registry : ratis.client_message_metrics.client-88E3C8224713->92e97bd9-ad78-40fd-8151-2c7bc5702604
2021-06-07 01:00:37,263 [grpc-default-executor-3] INFO  metrics.RatisMetrics (RatisMetrics.java:lambda$create$0(36)) - Creating Metrics Registry : ratis.server_message_metrics.92e97bd9-ad78-40fd-8151-2c7bc5702604
2021-06-07 01:00:37,265 [grpc-default-executor-3] INFO  server.RaftServer (RaftServerProxy.java:addNew(95)) - 92e97bd9-ad78-40fd-8151-2c7bc5702604: addNew group-0816AEE1200F:[4c0648dc-edb7-46e4-8fb2-cd1978ed42aa|rpc:10.1.0.42:41055|dataStream:|priority:0, 8d92b5a7-4709-4dab-ba37-cfa7e81d90ef|rpc:10.1.0.42:45381|dataStream:|priority:1, 92e97bd9-ad78-40fd-8151-2c7bc5702604|rpc:10.1.0.42:42767|dataStream:|priority:0] returns group-0816AEE1200F:java.util.concurrent.CompletableFuture@4f07013d[Not completed]
2021-06-07 01:00:37,266 [pool-357-thread-1] INFO  server.RaftServer$Division (RaftServerImpl.java:<init>(180)) - 92e97bd9-ad78-40fd-8151-2c7bc5702604: new RaftServerImpl for group-0816AEE1200F:[4c0648dc-edb7-46e4-8fb2-cd1978ed42aa|rpc:10.1.0.42:41055|dataStream:|priority:0, 8d92b5a7-4709-4dab-ba37-cfa7e81d90ef|rpc:10.1.0.42:45381|dataStream:|priority:1, 92e97bd9-ad78-40fd-8151-2c7bc5702604|rpc:10.1.0.42:42767|dataStream:|priority:0] with ContainerStateMachine:uninitialized
2021-06-07 01:00:37,266 [pool-357-thread-1] INFO  server.RaftServerConfigKeys (ConfUtils.java:logGet(44)) - raft.server.rpc.timeout.min = 5s (custom)
2021-06-07 01:00:37,266 [pool-357-thread-1] INFO  server.RaftServerConfigKeys (ConfUtils.java:logGet(44)) - raft.server.rpc.timeout.max = 5200ms (custom)
2021-06-07 01:00:37,266 [pool-357-thread-1] INFO  server.RaftServerConfigKeys (ConfUtils.java:logGet(44)) - raft.server.rpc.sleep.time = 25ms (default)
2021-06-07 01:00:37,266 [pool-357-thread-1] INFO  server.RaftServerConfigKeys (ConfUtils.java:logGet(44)) - raft.server.rpc.slowness.timeout = 300000ms (custom)
2021-06-07 01:00:37,266 [pool-357-thread-1] INFO  server.RaftServerConfigKeys (ConfUtils.java:logGet(44)) - raft.server.leaderelection.leader.step-down.wait-time = 10s (default)
2021-06-07 01:00:37,266 [pool-357-thread-1] INFO  server.RaftServerConfigKeys (ConfUtils.java:logGet(44)) - raft.server.sleep.deviation.threshold = 300ms (default)
2021-06-07 01:00:37,266 [pool-357-thread-1] INFO  server.RaftServerConfigKeys (ConfUtils.java:logGet(44)) - raft.server.log.appender.install.snapshot.enabled = false (custom)
2021-06-07 01:00:37,266 [pool-357-thread-1] INFO  server.RaftServer$Division (ServerState.java:<init>(105)) - 92e97bd9-ad78-40fd-8151-2c7bc5702604@group-0816AEE1200F: ConfigurationManager, init=-1: [4c0648dc-edb7-46e4-8fb2-cd1978ed42aa|rpc:10.1.0.42:41055|dataStream:|priority:0, 8d92b5a7-4709-4dab-ba37-cfa7e81d90ef|rpc:10.1.0.42:45381|dataStream:|priority:1, 92e97bd9-ad78-40fd-8151-2c7bc5702604|rpc:10.1.0.42:42767|dataStream:|priority:0], old=null, confs=<EMPTY_MAP>
2021-06-07 01:00:37,266 [pool-357-thread-1] INFO  server.RaftServerConfigKeys (ConfUtils.java:logGet(44)) - raft.server.storage.dir = [/home/runner/work/ozone/ozone/mnt/ozone/hadoop-ozone/integration-test/target/test-dir/MiniOzoneClusterImpl-4d691a8a-0502-4280-8005-09cceedbb589/datanode-5/data/ratis] (custom)
2021-06-07 01:00:37,266 [pool-357-thread-1] INFO  server.RaftServerConfigKeys (ConfUtils.java:logGet(44)) - raft.server.log.corruption.policy = EXCEPTION (default)
2021-06-07 01:00:37,267 [pool-357-thread-1] INFO  storage.RaftStorageDirectory (RaftStorageDirectoryImpl.java:analyzeStorage(132)) - The storage directory /home/runner/work/ozone/ozone/mnt/ozone/hadoop-ozone/integration-test/target/test-dir/MiniOzoneClusterImpl-4d691a8a-0502-4280-8005-09cceedbb589/datanode-5/data/ratis/93fb3b92-65a4-4a48-9dd3-0816aee1200f does not exist. Creating ...
2021-06-07 01:00:37,267 [pool-357-thread-1] INFO  storage.RaftStorageDirectory (RaftStorageDirectoryImpl.java:tryLock(215)) - Lock on /home/runner/work/ozone/ozone/mnt/ozone/hadoop-ozone/integration-test/target/test-dir/MiniOzoneClusterImpl-4d691a8a-0502-4280-8005-09cceedbb589/datanode-5/data/ratis/93fb3b92-65a4-4a48-9dd3-0816aee1200f/in_use.lock acquired by nodename 8828@fv-az291-903
2021-06-07 01:00:37,269 [pool-357-thread-1] INFO  storage.RaftStorage (RaftStorageImpl.java:format(87)) - Storage directory /home/runner/work/ozone/ozone/mnt/ozone/hadoop-ozone/integration-test/target/test-dir/MiniOzoneClusterImpl-4d691a8a-0502-4280-8005-09cceedbb589/datanode-5/data/ratis/93fb3b92-65a4-4a48-9dd3-0816aee1200f has been successfully formatted.
2021-06-07 01:00:37,269 [pool-357-thread-1] INFO  ratis.ContainerStateMachine (ContainerStateMachine.java:loadSnapshot(224)) - group-0816AEE1200F: The snapshot info is null. Setting the last applied indexto:(t:0, i:~)
2021-06-07 01:00:37,269 [pool-357-thread-1] INFO  server.RaftServerConfigKeys (ConfUtils.java:logGet(44)) - raft.server.notification.no-leader.timeout = 300000ms (custom)
2021-06-07 01:00:37,270 [pool-357-thread-1] INFO  server.RaftServerConfigKeys (ConfUtils.java:logGet(44)) - raft.server.log.use.memory = false (default)
2021-06-07 01:00:37,270 [pool-357-thread-1] INFO  server.RaftServerConfigKeys (ConfUtils.java:logGet(44)) - raft.server.log.purge.gap = 1000000 (custom)
2021-06-07 01:00:37,270 [EventQueue-PipelineReportForOneReplicaPipelineSafeModeRule] INFO  safemode.SCMSafeModeManager (SCMSafeModeManager.java:validateSafeModeExitRules(201)) - AtleastOneDatanodeReportedRule rule is successfully validated
2021-06-07 01:00:37,270 [pool-357-thread-1] INFO  server.RaftServerConfigKeys (ConfUtils.java:logGet(44)) - raft.server.log.appender.buffer.byte-limit = 33554432 (custom)
2021-06-07 01:00:37,270 [pool-357-thread-1] INFO  metrics.RatisMetrics (RatisMetrics.java:lambda$create$0(36)) - Creating Metrics Registry : ratis.log_worker.92e97bd9-ad78-40fd-8151-2c7bc5702604@group-0816AEE1200F
2021-06-07 01:00:37,270 [pool-357-thread-1] INFO  server.RaftServerConfigKeys (ConfUtils.java:logGet(44)) - raft.server.log.segment.size.max = 1048576 (custom)
2021-06-07 01:00:37,271 [pool-357-thread-1] INFO  server.RaftServerConfigKeys (ConfUtils.java:logGet(44)) - raft.server.log.segment.cache.num.max = 2 (custom)
2021-06-07 01:00:37,271 [pool-357-thread-1] INFO  server.RaftServerConfigKeys (ConfUtils.java:logGet(44)) - raft.server.log.segment.cache.size.max = 200MB (=209715200) (default)
2021-06-07 01:00:37,271 [pool-357-thread-1] INFO  segmented.SegmentedRaftLogWorker (SegmentedRaftLogWorker.java:<init>(182)) - new 92e97bd9-ad78-40fd-8151-2c7bc5702604@group-0816AEE1200F-SegmentedRaftLogWorker for RaftStorageImpl:Storage Directory /home/runner/work/ozone/ozone/mnt/ozone/hadoop-ozone/integration-test/target/test-dir/MiniOzoneClusterImpl-4d691a8a-0502-4280-8005-09cceedbb589/datanode-5/data/ratis/93fb3b92-65a4-4a48-9dd3-0816aee1200f
2021-06-07 01:00:37,271 [pool-357-thread-1] INFO  server.RaftServerConfigKeys (ConfUtils.java:logGet(44)) - raft.server.log.queue.byte-limit = 2147483647 (custom)
2021-06-07 01:00:37,271 [pool-357-thread-1] INFO  server.RaftServerConfigKeys (ConfUtils.java:logGet(44)) - raft.server.log.queue.element-limit = 1024 (custom)
2021-06-07 01:00:37,271 [pool-357-thread-1] INFO  server.RaftServerConfigKeys (ConfUtils.java:logGet(44)) - raft.server.log.segment.size.max = 1048576 (custom)
2021-06-07 01:00:37,271 [pool-357-thread-1] INFO  server.RaftServerConfigKeys (ConfUtils.java:logGet(44)) - raft.server.log.preallocated.size = 16384 (custom)
2021-06-07 01:00:37,271 [pool-357-thread-1] INFO  server.RaftServerConfigKeys (ConfUtils.java:logGet(44)) - raft.server.log.force.sync.num = 128 (default)
2021-06-07 01:00:37,271 [pool-357-thread-1] INFO  server.RaftServerConfigKeys (ConfUtils.java:logGet(44)) - raft.server.log.statemachine.data.sync = true (default)
2021-06-07 01:00:37,271 [pool-357-thread-1] INFO  server.RaftServerConfigKeys (ConfUtils.java:logGet(44)) - raft.server.log.statemachine.data.sync.timeout = 10s (default)
2021-06-07 01:00:37,272 [pool-357-thread-1] INFO  server.RaftServerConfigKeys (ConfUtils.java:logGet(44)) - raft.server.log.statemachine.data.sync.timeout.retry = -1 (default)
2021-06-07 01:00:37,272 [pool-357-thread-1] INFO  server.RaftServerConfigKeys (ConfUtils.java:logGet(44)) - raft.server.log.write.buffer.size = 1048576 (custom)
2021-06-07 01:00:37,273 [pool-357-thread-1] INFO  server.RaftServerConfigKeys (ConfUtils.java:logGet(44)) - raft.server.log.statemachine.data.caching.enabled = true (custom)
2021-06-07 01:00:37,273 [pool-357-thread-1] INFO  segmented.SegmentedRaftLogWorker (SegmentedRaftLogWorker.java:lambda$new$0(133)) - 92e97bd9-ad78-40fd-8151-2c7bc5702604@group-0816AEE1200F-SegmentedRaftLogWorker: flushIndex: setUnconditionally 0 -> -1
2021-06-07 01:00:37,273 [pool-357-thread-1] INFO  segmented.SegmentedRaftLogWorker (SegmentedRaftLogWorker.java:lambda$new$0(133)) - 92e97bd9-ad78-40fd-8151-2c7bc5702604@group-0816AEE1200F-SegmentedRaftLogWorker: safeCacheEvictIndex: setUnconditionally 0 -> -1
2021-06-07 01:00:37,273 [pool-357-thread-1] INFO  server.RaftServerConfigKeys (ConfUtils.java:logGet(44)) - raft.server.snapshot.auto.trigger.enabled = true (custom)
2021-06-07 01:00:37,274 [pool-357-thread-1] INFO  server.RaftServerConfigKeys (ConfUtils.java:logGet(44)) - raft.server.snapshot.auto.trigger.threshold = 10000 (custom)
2021-06-07 01:00:37,274 [pool-357-thread-1] INFO  server.RaftServerConfigKeys (ConfUtils.java:logGet(44)) - raft.server.snapshot.retention.file.num = 5 (custom)
2021-06-07 01:00:37,274 [pool-357-thread-1] INFO  server.RaftServerConfigKeys (ConfUtils.java:logGet(44)) - raft.server.log.purge.upto.snapshot.index = false (default)
2021-06-07 01:00:37,274 [pool-357-thread-1] INFO  server.RaftServerConfigKeys (ConfUtils.java:logGet(44)) - raft.server.retrycache.expirytime = 600000ms (custom)
2021-06-07 01:00:37,274 [pool-357-thread-1] INFO  server.RaftServerConfigKeys (ConfUtils.java:logGet(44)) - raft.server.retrycache.statistics.expirytime = 100μs (default)
2021-06-07 01:00:37,274 [pool-357-thread-1] INFO  metrics.RatisMetrics (RatisMetrics.java:lambda$create$0(36)) - Creating Metrics Registry : ratis.leader_election.92e97bd9-ad78-40fd-8151-2c7bc5702604@group-0816AEE1200F
2021-06-07 01:00:37,274 [pool-357-thread-1] INFO  metrics.RatisMetrics (RatisMetrics.java:lambda$create$0(36)) - Creating Metrics Registry : ratis.server.92e97bd9-ad78-40fd-8151-2c7bc5702604@group-0816AEE1200F
2021-06-07 01:00:37,275 [pool-357-thread-1] INFO  server.RaftServer$Division (RaftServerImpl.java:start(295)) - 92e97bd9-ad78-40fd-8151-2c7bc5702604@group-0816AEE1200F: start as a follower, conf=-1: [4c0648dc-edb7-46e4-8fb2-cd1978ed42aa|rpc:10.1.0.42:41055|dataStream:|priority:0, 8d92b5a7-4709-4dab-ba37-cfa7e81d90ef|rpc:10.1.0.42:45381|dataStream:|priority:1, 92e97bd9-ad78-40fd-8151-2c7bc5702604|rpc:10.1.0.42:42767|dataStream:|priority:0], old=null
2021-06-07 01:00:37,275 [pool-357-thread-1] INFO  server.RaftServer$Division (RaftServerImpl.java:setRole(284)) - 92e97bd9-ad78-40fd-8151-2c7bc5702604@group-0816AEE1200F: changes role from      null to FOLLOWER at term 0 for startAsFollower
2021-06-07 01:00:37,275 [pool-357-thread-1] INFO  impl.RoleInfo (RoleInfo.java:updateAndGet(130)) - 92e97bd9-ad78-40fd-8151-2c7bc5702604: start 92e97bd9-ad78-40fd-8151-2c7bc5702604@group-0816AEE1200F-FollowerState
2021-06-07 01:00:37,276 [pool-357-thread-1] INFO  util.JmxRegister (JmxRegister.java:tryRegister(44)) - Successfully registered JMX Bean with object name Ratis:service=RaftServer,group=group-0816AEE1200F,id=92e97bd9-ad78-40fd-8151-2c7bc5702604
2021-06-07 01:00:37,276 [pool-357-thread-1] INFO  metrics.RatisMetrics (RatisMetrics.java:lambda$create$0(36)) - Creating Metrics Registry : ratis.state_machine.92e97bd9-ad78-40fd-8151-2c7bc5702604@group-0816AEE1200F
2021-06-07 01:00:37,281 [Command processor thread] INFO  metrics.RatisMetrics (RatisMetrics.java:lambda$create$0(36)) - Creating Metrics Registry : ratis.client_message_metrics.client-0931759D8129->4c0648dc-edb7-46e4-8fb2-cd1978ed42aa
2021-06-07 01:00:37,285 [grpc-default-executor-3] INFO  metrics.RatisMetrics (RatisMetrics.java:lambda$create$0(36)) - Creating Metrics Registry : ratis.server_message_metrics.4c0648dc-edb7-46e4-8fb2-cd1978ed42aa
2021-06-07 01:00:37,287 [grpc-default-executor-3] INFO  server.RaftServer (RaftServerProxy.java:addNew(95)) - 4c0648dc-edb7-46e4-8fb2-cd1978ed42aa: addNew group-0816AEE1200F:[4c0648dc-edb7-46e4-8fb2-cd1978ed42aa|rpc:10.1.0.42:41055|dataStream:|priority:0, 8d92b5a7-4709-4dab-ba37-cfa7e81d90ef|rpc:10.1.0.42:45381|dataStream:|priority:1, 92e97bd9-ad78-40fd-8151-2c7bc5702604|rpc:10.1.0.42:42767|dataStream:|priority:0] returns group-0816AEE1200F:java.util.concurrent.CompletableFuture@6b08ca90[Not completed]
2021-06-07 01:00:37,288 [pool-339-thread-1] INFO  server.RaftServer$Division (RaftServerImpl.java:<init>(180)) - 4c0648dc-edb7-46e4-8fb2-cd1978ed42aa: new RaftServerImpl for group-0816AEE1200F:[4c0648dc-edb7-46e4-8fb2-cd1978ed42aa|rpc:10.1.0.42:41055|dataStream:|priority:0, 8d92b5a7-4709-4dab-ba37-cfa7e81d90ef|rpc:10.1.0.42:45381|dataStream:|priority:1, 92e97bd9-ad78-40fd-8151-2c7bc5702604|rpc:10.1.0.42:42767|dataStream:|priority:0] with ContainerStateMachine:uninitialized
2021-06-07 01:00:37,288 [pool-339-thread-1] INFO  server.RaftServerConfigKeys (ConfUtils.java:logGet(44)) - raft.server.rpc.timeout.min = 5s (custom)
2021-06-07 01:00:37,288 [pool-339-thread-1] INFO  server.RaftServerConfigKeys (ConfUtils.java:logGet(44)) - raft.server.rpc.timeout.max = 5200ms (custom)
2021-06-07 01:00:37,288 [pool-339-thread-1] INFO  server.RaftServerConfigKeys (ConfUtils.java:logGet(44)) - raft.server.rpc.sleep.time = 25ms (default)
2021-06-07 01:00:37,288 [pool-339-thread-1] INFO  server.RaftServerConfigKeys (ConfUtils.java:logGet(44)) - raft.server.rpc.slowness.timeout = 300000ms (custom)
2021-06-07 01:00:37,288 [pool-339-thread-1] INFO  server.RaftServerConfigKeys (ConfUtils.java:logGet(44)) - raft.server.leaderelection.leader.step-down.wait-time = 10s (default)
2021-06-07 01:00:37,288 [pool-339-thread-1] INFO  server.RaftServerConfigKeys (ConfUtils.java:logGet(44)) - raft.server.sleep.deviation.threshold = 300ms (default)
2021-06-07 01:00:37,288 [pool-339-thread-1] INFO  server.RaftServerConfigKeys (ConfUtils.java:logGet(44)) - raft.server.log.appender.install.snapshot.enabled = false (custom)
2021-06-07 01:00:37,289 [pool-339-thread-1] INFO  server.RaftServer$Division (ServerState.java:<init>(105)) - 4c0648dc-edb7-46e4-8fb2-cd1978ed42aa@group-0816AEE1200F: ConfigurationManager, init=-1: [4c0648dc-edb7-46e4-8fb2-cd1978ed42aa|rpc:10.1.0.42:41055|dataStream:|priority:0, 8d92b5a7-4709-4dab-ba37-cfa7e81d90ef|rpc:10.1.0.42:45381|dataStream:|priority:1, 92e97bd9-ad78-40fd-8151-2c7bc5702604|rpc:10.1.0.42:42767|dataStream:|priority:0], old=null, confs=<EMPTY_MAP>
2021-06-07 01:00:37,289 [pool-339-thread-1] INFO  server.RaftServerConfigKeys (ConfUtils.java:logGet(44)) - raft.server.storage.dir = [/home/runner/work/ozone/ozone/mnt/ozone/hadoop-ozone/integration-test/target/test-dir/MiniOzoneClusterImpl-4d691a8a-0502-4280-8005-09cceedbb589/datanode-4/data/ratis] (custom)
2021-06-07 01:00:37,289 [pool-339-thread-1] INFO  server.RaftServerConfigKeys (ConfUtils.java:logGet(44)) - raft.server.log.corruption.policy = EXCEPTION (default)
2021-06-07 01:00:37,289 [pool-339-thread-1] INFO  storage.RaftStorageDirectory (RaftStorageDirectoryImpl.java:analyzeStorage(132)) - The storage directory /home/runner/work/ozone/ozone/mnt/ozone/hadoop-ozone/integration-test/target/test-dir/MiniOzoneClusterImpl-4d691a8a-0502-4280-8005-09cceedbb589/datanode-4/data/ratis/93fb3b92-65a4-4a48-9dd3-0816aee1200f does not exist. Creating ...
2021-06-07 01:00:37,290 [pool-339-thread-1] INFO  storage.RaftStorageDirectory (RaftStorageDirectoryImpl.java:tryLock(215)) - Lock on /home/runner/work/ozone/ozone/mnt/ozone/hadoop-ozone/integration-test/target/test-dir/MiniOzoneClusterImpl-4d691a8a-0502-4280-8005-09cceedbb589/datanode-4/data/ratis/93fb3b92-65a4-4a48-9dd3-0816aee1200f/in_use.lock acquired by nodename 8828@fv-az291-903
2021-06-07 01:00:37,291 [pool-339-thread-1] INFO  storage.RaftStorage (RaftStorageImpl.java:format(87)) - Storage directory /home/runner/work/ozone/ozone/mnt/ozone/hadoop-ozone/integration-test/target/test-dir/MiniOzoneClusterImpl-4d691a8a-0502-4280-8005-09cceedbb589/datanode-4/data/ratis/93fb3b92-65a4-4a48-9dd3-0816aee1200f has been successfully formatted.
2021-06-07 01:00:37,291 [pool-339-thread-1] INFO  ratis.ContainerStateMachine (ContainerStateMachine.java:loadSnapshot(224)) - group-0816AEE1200F: The snapshot info is null. Setting the last applied indexto:(t:0, i:~)
2021-06-07 01:00:37,292 [EventQueue-PipelineReportForOneReplicaPipelineSafeModeRule] INFO  safemode.SCMSafeModeManager (SCMSafeModeManager.java:validateSafeModeExitRules(201)) - AtleastOneDatanodeReportedRule rule is successfully validated
2021-06-07 01:00:37,292 [pool-339-thread-1] INFO  server.RaftServerConfigKeys (ConfUtils.java:logGet(44)) - raft.server.notification.no-leader.timeout = 300000ms (custom)
2021-06-07 01:00:37,292 [pool-339-thread-1] INFO  server.RaftServerConfigKeys (ConfUtils.java:logGet(44)) - raft.server.log.use.memory = false (default)
2021-06-07 01:00:37,292 [pool-339-thread-1] INFO  server.RaftServerConfigKeys (ConfUtils.java:logGet(44)) - raft.server.log.purge.gap = 1000000 (custom)
2021-06-07 01:00:37,292 [pool-339-thread-1] INFO  server.RaftServerConfigKeys (ConfUtils.java:logGet(44)) - raft.server.log.appender.buffer.byte-limit = 33554432 (custom)
2021-06-07 01:00:37,292 [pool-339-thread-1] INFO  metrics.RatisMetrics (RatisMetrics.java:lambda$create$0(36)) - Creating Metrics Registry : ratis.log_worker.4c0648dc-edb7-46e4-8fb2-cd1978ed42aa@group-0816AEE1200F
2021-06-07 01:00:37,292 [pool-339-thread-1] INFO  server.RaftServerConfigKeys (ConfUtils.java:logGet(44)) - raft.server.log.segment.size.max = 1048576 (custom)
2021-06-07 01:00:37,293 [pool-339-thread-1] INFO  server.RaftServerConfigKeys (ConfUtils.java:logGet(44)) - raft.server.log.segment.cache.num.max = 2 (custom)
2021-06-07 01:00:37,293 [pool-339-thread-1] INFO  server.RaftServerConfigKeys (ConfUtils.java:logGet(44)) - raft.server.log.segment.cache.size.max = 200MB (=209715200) (default)
2021-06-07 01:00:37,293 [pool-339-thread-1] INFO  segmented.SegmentedRaftLogWorker (SegmentedRaftLogWorker.java:<init>(182)) - new 4c0648dc-edb7-46e4-8fb2-cd1978ed42aa@group-0816AEE1200F-SegmentedRaftLogWorker for RaftStorageImpl:Storage Directory /home/runner/work/ozone/ozone/mnt/ozone/hadoop-ozone/integration-test/target/test-dir/MiniOzoneClusterImpl-4d691a8a-0502-4280-8005-09cceedbb589/datanode-4/data/ratis/93fb3b92-65a4-4a48-9dd3-0816aee1200f
2021-06-07 01:00:37,293 [pool-339-thread-1] INFO  server.RaftServerConfigKeys (ConfUtils.java:logGet(44)) - raft.server.log.queue.byte-limit = 2147483647 (custom)
2021-06-07 01:00:37,293 [pool-339-thread-1] INFO  server.RaftServerConfigKeys (ConfUtils.java:logGet(44)) - raft.server.log.queue.element-limit = 1024 (custom)
2021-06-07 01:00:37,293 [pool-339-thread-1] INFO  server.RaftServerConfigKeys (ConfUtils.java:logGet(44)) - raft.server.log.segment.size.max = 1048576 (custom)
2021-06-07 01:00:37,293 [pool-339-thread-1] INFO  server.RaftServerConfigKeys (ConfUtils.java:logGet(44)) - raft.server.log.preallocated.size = 16384 (custom)
2021-06-07 01:00:37,293 [pool-339-thread-1] INFO  server.RaftServerConfigKeys (ConfUtils.java:logGet(44)) - raft.server.log.force.sync.num = 128 (default)
2021-06-07 01:00:37,293 [pool-339-thread-1] INFO  server.RaftServerConfigKeys (ConfUtils.java:logGet(44)) - raft.server.log.statemachine.data.sync = true (default)
2021-06-07 01:00:37,293 [pool-339-thread-1] INFO  server.RaftServerConfigKeys (ConfUtils.java:logGet(44)) - raft.server.log.statemachine.data.sync.timeout = 10s (default)
2021-06-07 01:00:37,293 [pool-339-thread-1] INFO  server.RaftServerConfigKeys (ConfUtils.java:logGet(44)) - raft.server.log.statemachine.data.sync.timeout.retry = -1 (default)
2021-06-07 01:00:37,295 [pool-339-thread-1] INFO  server.RaftServerConfigKeys (ConfUtils.java:logGet(44)) - raft.server.log.write.buffer.size = 1048576 (custom)
2021-06-07 01:00:37,295 [pool-339-thread-1] INFO  server.RaftServerConfigKeys (ConfUtils.java:logGet(44)) - raft.server.log.statemachine.data.caching.enabled = true (custom)
2021-06-07 01:00:37,295 [pool-339-thread-1] INFO  segmented.SegmentedRaftLogWorker (SegmentedRaftLogWorker.java:lambda$new$0(133)) - 4c0648dc-edb7-46e4-8fb2-cd1978ed42aa@group-0816AEE1200F-SegmentedRaftLogWorker: flushIndex: setUnconditionally 0 -> -1
2021-06-07 01:00:37,296 [pool-339-thread-1] INFO  segmented.SegmentedRaftLogWorker (SegmentedRaftLogWorker.java:lambda$new$0(133)) - 4c0648dc-edb7-46e4-8fb2-cd1978ed42aa@group-0816AEE1200F-SegmentedRaftLogWorker: safeCacheEvictIndex: setUnconditionally 0 -> -1
2021-06-07 01:00:37,296 [pool-339-thread-1] INFO  server.RaftServerConfigKeys (ConfUtils.java:logGet(44)) - raft.server.snapshot.auto.trigger.enabled = true (custom)
2021-06-07 01:00:37,296 [pool-339-thread-1] INFO  server.RaftServerConfigKeys (ConfUtils.java:logGet(44)) - raft.server.snapshot.auto.trigger.threshold = 10000 (custom)
2021-06-07 01:00:37,296 [pool-339-thread-1] INFO  server.RaftServerConfigKeys (ConfUtils.java:logGet(44)) - raft.server.snapshot.retention.file.num = 5 (custom)
2021-06-07 01:00:37,296 [pool-339-thread-1] INFO  server.RaftServerConfigKeys (ConfUtils.java:logGet(44)) - raft.server.log.purge.upto.snapshot.index = false (default)
2021-06-07 01:00:37,296 [pool-339-thread-1] INFO  server.RaftServerConfigKeys (ConfUtils.java:logGet(44)) - raft.server.retrycache.expirytime = 600000ms (custom)
2021-06-07 01:00:37,296 [pool-339-thread-1] INFO  server.RaftServerConfigKeys (ConfUtils.java:logGet(44)) - raft.server.retrycache.statistics.expirytime = 100μs (default)
2021-06-07 01:00:37,296 [pool-339-thread-1] INFO  metrics.RatisMetrics (RatisMetrics.java:lambda$create$0(36)) - Creating Metrics Registry : ratis.leader_election.4c0648dc-edb7-46e4-8fb2-cd1978ed42aa@group-0816AEE1200F
2021-06-07 01:00:37,296 [pool-339-thread-1] INFO  metrics.RatisMetrics (RatisMetrics.java:lambda$create$0(36)) - Creating Metrics Registry : ratis.server.4c0648dc-edb7-46e4-8fb2-cd1978ed42aa@group-0816AEE1200F
2021-06-07 01:00:37,297 [pool-339-thread-1] INFO  server.RaftServer$Division (RaftServerImpl.java:start(295)) - 4c0648dc-edb7-46e4-8fb2-cd1978ed42aa@group-0816AEE1200F: start as a follower, conf=-1: [4c0648dc-edb7-46e4-8fb2-cd1978ed42aa|rpc:10.1.0.42:41055|dataStream:|priority:0, 8d92b5a7-4709-4dab-ba37-cfa7e81d90ef|rpc:10.1.0.42:45381|dataStream:|priority:1, 92e97bd9-ad78-40fd-8151-2c7bc5702604|rpc:10.1.0.42:42767|dataStream:|priority:0], old=null
2021-06-07 01:00:37,297 [pool-339-thread-1] INFO  server.RaftServer$Division (RaftServerImpl.java:setRole(284)) - 4c0648dc-edb7-46e4-8fb2-cd1978ed42aa@group-0816AEE1200F: changes role from      null to FOLLOWER at term 0 for startAsFollower
2021-06-07 01:00:37,297 [pool-339-thread-1] INFO  impl.RoleInfo (RoleInfo.java:updateAndGet(130)) - 4c0648dc-edb7-46e4-8fb2-cd1978ed42aa: start 4c0648dc-edb7-46e4-8fb2-cd1978ed42aa@group-0816AEE1200F-FollowerState
2021-06-07 01:00:37,298 [pool-339-thread-1] INFO  util.JmxRegister (JmxRegister.java:tryRegister(44)) - Successfully registered JMX Bean with object name Ratis:service=RaftServer,group=group-0816AEE1200F,id=4c0648dc-edb7-46e4-8fb2-cd1978ed42aa
2021-06-07 01:00:37,298 [pool-339-thread-1] INFO  metrics.RatisMetrics (RatisMetrics.java:lambda$create$0(36)) - Creating Metrics Registry : ratis.state_machine.4c0648dc-edb7-46e4-8fb2-cd1978ed42aa@group-0816AEE1200F
2021-06-07 01:00:37,303 [Command processor thread] INFO  commandhandler.CreatePipelineCommandHandler (CreatePipelineCommandHandler.java:handle(106)) - Created Pipeline RATIS THREE PipelineID=93fb3b92-65a4-4a48-9dd3-0816aee1200f.
2021-06-07 01:00:37,318 [Command processor thread] INFO  server.RaftServer (RaftServerProxy.java:addNew(95)) - 4c0648dc-edb7-46e4-8fb2-cd1978ed42aa: addNew group-C9BD68C210E4:[4c0648dc-edb7-46e4-8fb2-cd1978ed42aa|rpc:10.1.0.42:41055|priority:1] returns group-C9BD68C210E4:java.util.concurrent.CompletableFuture@7fd35056[Not completed]
2021-06-07 01:00:37,319 [pool-339-thread-1] INFO  server.RaftServer$Division (RaftServerImpl.java:<init>(180)) - 4c0648dc-edb7-46e4-8fb2-cd1978ed42aa: new RaftServerImpl for group-C9BD68C210E4:[4c0648dc-edb7-46e4-8fb2-cd1978ed42aa|rpc:10.1.0.42:41055|priority:1] with ContainerStateMachine:uninitialized
2021-06-07 01:00:37,319 [pool-339-thread-1] INFO  server.RaftServerConfigKeys (ConfUtils.java:logGet(44)) - raft.server.rpc.timeout.min = 5s (custom)
2021-06-07 01:00:37,319 [pool-339-thread-1] INFO  server.RaftServerConfigKeys (ConfUtils.java:logGet(44)) - raft.server.rpc.timeout.max = 5200ms (custom)
2021-06-07 01:00:37,319 [pool-339-thread-1] INFO  server.RaftServerConfigKeys (ConfUtils.java:logGet(44)) - raft.server.rpc.sleep.time = 25ms (default)
2021-06-07 01:00:37,319 [pool-339-thread-1] INFO  server.RaftServerConfigKeys (ConfUtils.java:logGet(44)) - raft.server.rpc.slowness.timeout = 300000ms (custom)
2021-06-07 01:00:37,319 [pool-339-thread-1] INFO  server.RaftServerConfigKeys (ConfUtils.java:logGet(44)) - raft.server.leaderelection.leader.step-down.wait-time = 10s (default)
2021-06-07 01:00:37,319 [pool-339-thread-1] INFO  server.RaftServerConfigKeys (ConfUtils.java:logGet(44)) - raft.server.sleep.deviation.threshold = 300ms (default)
2021-06-07 01:00:37,319 [pool-339-thread-1] INFO  server.RaftServerConfigKeys (ConfUtils.java:logGet(44)) - raft.server.log.appender.install.snapshot.enabled = false (custom)
2021-06-07 01:00:37,319 [pool-339-thread-1] INFO  server.RaftServer$Division (ServerState.java:<init>(105)) - 4c0648dc-edb7-46e4-8fb2-cd1978ed42aa@group-C9BD68C210E4: ConfigurationManager, init=-1: [4c0648dc-edb7-46e4-8fb2-cd1978ed42aa|rpc:10.1.0.42:41055|priority:1], old=null, confs=<EMPTY_MAP>
2021-06-07 01:00:37,319 [pool-339-thread-1] INFO  server.RaftServerConfigKeys (ConfUtils.java:logGet(44)) - raft.server.storage.dir = [/home/runner/work/ozone/ozone/mnt/ozone/hadoop-ozone/integration-test/target/test-dir/MiniOzoneClusterImpl-4d691a8a-0502-4280-8005-09cceedbb589/datanode-4/data/ratis] (custom)
2021-06-07 01:00:37,319 [pool-339-thread-1] INFO  server.RaftServerConfigKeys (ConfUtils.java:logGet(44)) - raft.server.log.corruption.policy = EXCEPTION (default)
2021-06-07 01:00:37,320 [pool-339-thread-1] INFO  storage.RaftStorageDirectory (RaftStorageDirectoryImpl.java:analyzeStorage(132)) - The storage directory /home/runner/work/ozone/ozone/mnt/ozone/hadoop-ozone/integration-test/target/test-dir/MiniOzoneClusterImpl-4d691a8a-0502-4280-8005-09cceedbb589/datanode-4/data/ratis/54b583af-02bc-46aa-b7a5-c9bd68c210e4 does not exist. Creating ...
2021-06-07 01:00:37,320 [pool-339-thread-1] INFO  storage.RaftStorageDirectory (RaftStorageDirectoryImpl.java:tryLock(215)) - Lock on /home/runner/work/ozone/ozone/mnt/ozone/hadoop-ozone/integration-test/target/test-dir/MiniOzoneClusterImpl-4d691a8a-0502-4280-8005-09cceedbb589/datanode-4/data/ratis/54b583af-02bc-46aa-b7a5-c9bd68c210e4/in_use.lock acquired by nodename 8828@fv-az291-903
2021-06-07 01:00:37,321 [pool-339-thread-1] INFO  storage.RaftStorage (RaftStorageImpl.java:format(87)) - Storage directory /home/runner/work/ozone/ozone/mnt/ozone/hadoop-ozone/integration-test/target/test-dir/MiniOzoneClusterImpl-4d691a8a-0502-4280-8005-09cceedbb589/datanode-4/data/ratis/54b583af-02bc-46aa-b7a5-c9bd68c210e4 has been successfully formatted.
2021-06-07 01:00:37,321 [pool-339-thread-1] INFO  ratis.ContainerStateMachine (ContainerStateMachine.java:loadSnapshot(224)) - group-C9BD68C210E4: The snapshot info is null. Setting the last applied indexto:(t:0, i:~)
2021-06-07 01:00:37,322 [pool-339-thread-1] INFO  server.RaftServerConfigKeys (ConfUtils.java:logGet(44)) - raft.server.notification.no-leader.timeout = 300000ms (custom)
2021-06-07 01:00:37,322 [pool-339-thread-1] INFO  server.RaftServerConfigKeys (ConfUtils.java:logGet(44)) - raft.server.log.use.memory = false (default)
2021-06-07 01:00:37,322 [pool-339-thread-1] INFO  server.RaftServerConfigKeys (ConfUtils.java:logGet(44)) - raft.server.log.purge.gap = 1000000 (custom)
2021-06-07 01:00:37,322 [pool-339-thread-1] INFO  server.RaftServerConfigKeys (ConfUtils.java:logGet(44)) - raft.server.log.appender.buffer.byte-limit = 33554432 (custom)
2021-06-07 01:00:37,322 [pool-339-thread-1] INFO  metrics.RatisMetrics (RatisMetrics.java:lambda$create$0(36)) - Creating Metrics Registry : ratis.log_worker.4c0648dc-edb7-46e4-8fb2-cd1978ed42aa@group-C9BD68C210E4
2021-06-07 01:00:37,322 [EventQueue-PipelineReportForOneReplicaPipelineSafeModeRule] INFO  safemode.SCMSafeModeManager (SCMSafeModeManager.java:validateSafeModeExitRules(201)) - AtleastOneDatanodeReportedRule rule is successfully validated
2021-06-07 01:00:37,322 [pool-339-thread-1] INFO  server.RaftServerConfigKeys (ConfUtils.java:logGet(44)) - raft.server.log.segment.size.max = 1048576 (custom)
2021-06-07 01:00:37,322 [EventQueue-PipelineReportForPipelineReportHandler] INFO  pipeline.PipelineManagerV2Impl (PipelineManagerV2Impl.java:openPipeline(270)) - Pipeline Pipeline[ Id: 54b583af-02bc-46aa-b7a5-c9bd68c210e4, Nodes: 4c0648dc-edb7-46e4-8fb2-cd1978ed42aa{ip: 10.1.0.42, host: fv-az291-903.wgnan5asplgejimfprtllbpdch.jx.internal.cloudapp.net, ports: [REPLICATION=40025, RATIS=41055, RATIS_ADMIN=41055, RATIS_SERVER=41055, STANDALONE=32829], networkLocation: /default-rack, certSerialId: null, persistedOpState: IN_SERVICE, persistedOpStateExpiryEpochSec: 0}, ReplicationConfig: RATIS/ONE, State:ALLOCATED, leaderId:4c0648dc-edb7-46e4-8fb2-cd1978ed42aa, CreationTimestamp2021-06-07T01:00:34.321Z] moved to OPEN state
2021-06-07 01:00:37,323 [EventQueue-OpenPipelineForHealthyPipelineSafeModeRule] INFO  safemode.SCMSafeModeManager (HealthyPipelineSafeModeRule.java:process(130)) - SCM in safe mode. Healthy pipelines reported count is 0, required healthy pipeline reported count is 1
2021-06-07 01:00:37,323 [pool-339-thread-1] INFO  server.RaftServerConfigKeys (ConfUtils.java:logGet(44)) - raft.server.log.segment.cache.num.max = 2 (custom)
2021-06-07 01:00:37,323 [pool-339-thread-1] INFO  server.RaftServerConfigKeys (ConfUtils.java:logGet(44)) - raft.server.log.segment.cache.size.max = 200MB (=209715200) (default)
2021-06-07 01:00:37,323 [pool-339-thread-1] INFO  segmented.SegmentedRaftLogWorker (SegmentedRaftLogWorker.java:<init>(182)) - new 4c0648dc-edb7-46e4-8fb2-cd1978ed42aa@group-C9BD68C210E4-SegmentedRaftLogWorker for RaftStorageImpl:Storage Directory /home/runner/work/ozone/ozone/mnt/ozone/hadoop-ozone/integration-test/target/test-dir/MiniOzoneClusterImpl-4d691a8a-0502-4280-8005-09cceedbb589/datanode-4/data/ratis/54b583af-02bc-46aa-b7a5-c9bd68c210e4
2021-06-07 01:00:37,323 [pool-339-thread-1] INFO  server.RaftServerConfigKeys (ConfUtils.java:logGet(44)) - raft.server.log.queue.byte-limit = 2147483647 (custom)
2021-06-07 01:00:37,323 [pool-339-thread-1] INFO  server.RaftServerConfigKeys (ConfUtils.java:logGet(44)) - raft.server.log.queue.element-limit = 1024 (custom)
2021-06-07 01:00:37,323 [pool-339-thread-1] INFO  server.RaftServerConfigKeys (ConfUtils.java:logGet(44)) - raft.server.log.segment.size.max = 1048576 (custom)
2021-06-07 01:00:37,323 [pool-339-thread-1] INFO  server.RaftServerConfigKeys (ConfUtils.java:logGet(44)) - raft.server.log.preallocated.size = 16384 (custom)
2021-06-07 01:00:37,323 [pool-339-thread-1] INFO  server.RaftServerConfigKeys (ConfUtils.java:logGet(44)) - raft.server.log.force.sync.num = 128 (default)
2021-06-07 01:00:37,323 [pool-339-thread-1] INFO  server.RaftServerConfigKeys (ConfUtils.java:logGet(44)) - raft.server.log.statemachine.data.sync = true (default)
2021-06-07 01:00:37,323 [pool-339-thread-1] INFO  server.RaftServerConfigKeys (ConfUtils.java:logGet(44)) - raft.server.log.statemachine.data.sync.timeout = 10s (default)
2021-06-07 01:00:37,323 [pool-339-thread-1] INFO  server.RaftServerConfigKeys (ConfUtils.java:logGet(44)) - raft.server.log.statemachine.data.sync.timeout.retry = -1 (default)
2021-06-07 01:00:37,324 [pool-339-thread-1] INFO  server.RaftServerConfigKeys (ConfUtils.java:logGet(44)) - raft.server.log.write.buffer.size = 1048576 (custom)
2021-06-07 01:00:37,325 [pool-339-thread-1] INFO  server.RaftServerConfigKeys (ConfUtils.java:logGet(44)) - raft.server.log.statemachine.data.caching.enabled = true (custom)
2021-06-07 01:00:37,325 [pool-339-thread-1] INFO  segmented.SegmentedRaftLogWorker (SegmentedRaftLogWorker.java:lambda$new$0(133)) - 4c0648dc-edb7-46e4-8fb2-cd1978ed42aa@group-C9BD68C210E4-SegmentedRaftLogWorker: flushIndex: setUnconditionally 0 -> -1
2021-06-07 01:00:37,325 [pool-339-thread-1] INFO  segmented.SegmentedRaftLogWorker (SegmentedRaftLogWorker.java:lambda$new$0(133)) - 4c0648dc-edb7-46e4-8fb2-cd1978ed42aa@group-C9BD68C210E4-SegmentedRaftLogWorker: safeCacheEvictIndex: setUnconditionally 0 -> -1
2021-06-07 01:00:37,325 [pool-339-thread-1] INFO  server.RaftServerConfigKeys (ConfUtils.java:logGet(44)) - raft.server.snapshot.auto.trigger.enabled = true (custom)
2021-06-07 01:00:37,325 [pool-339-thread-1] INFO  server.RaftServerConfigKeys (ConfUtils.java:logGet(44)) - raft.server.snapshot.auto.trigger.threshold = 10000 (custom)
2021-06-07 01:00:37,326 [pool-339-thread-1] INFO  server.RaftServerConfigKeys (ConfUtils.java:logGet(44)) - raft.server.snapshot.retention.file.num = 5 (custom)
2021-06-07 01:00:37,326 [pool-339-thread-1] INFO  server.RaftServerConfigKeys (ConfUtils.java:logGet(44)) - raft.server.log.purge.upto.snapshot.index = false (default)
2021-06-07 01:00:37,326 [pool-339-thread-1] INFO  server.RaftServerConfigKeys (ConfUtils.java:logGet(44)) - raft.server.retrycache.expirytime = 600000ms (custom)
2021-06-07 01:00:37,326 [pool-339-thread-1] INFO  server.RaftServerConfigKeys (ConfUtils.java:logGet(44)) - raft.server.retrycache.statistics.expirytime = 100μs (default)
2021-06-07 01:00:37,326 [pool-339-thread-1] INFO  metrics.RatisMetrics (RatisMetrics.java:lambda$create$0(36)) - Creating Metrics Registry : ratis.leader_election.4c0648dc-edb7-46e4-8fb2-cd1978ed42aa@group-C9BD68C210E4
2021-06-07 01:00:37,326 [pool-339-thread-1] INFO  metrics.RatisMetrics (RatisMetrics.java:lambda$create$0(36)) - Creating Metrics Registry : ratis.server.4c0648dc-edb7-46e4-8fb2-cd1978ed42aa@group-C9BD68C210E4
2021-06-07 01:00:37,327 [pool-339-thread-1] INFO  server.RaftServer$Division (RaftServerImpl.java:start(295)) - 4c0648dc-edb7-46e4-8fb2-cd1978ed42aa@group-C9BD68C210E4: start as a follower, conf=-1: [4c0648dc-edb7-46e4-8fb2-cd1978ed42aa|rpc:10.1.0.42:41055|priority:1], old=null
2021-06-07 01:00:37,327 [pool-339-thread-1] INFO  server.RaftServer$Division (RaftServerImpl.java:setRole(284)) - 4c0648dc-edb7-46e4-8fb2-cd1978ed42aa@group-C9BD68C210E4: changes role from      null to FOLLOWER at term 0 for startAsFollower
2021-06-07 01:00:37,327 [pool-339-thread-1] INFO  impl.RoleInfo (RoleInfo.java:updateAndGet(130)) - 4c0648dc-edb7-46e4-8fb2-cd1978ed42aa: start 4c0648dc-edb7-46e4-8fb2-cd1978ed42aa@group-C9BD68C210E4-FollowerState
2021-06-07 01:00:37,327 [pool-339-thread-1] INFO  util.JmxRegister (JmxRegister.java:tryRegister(44)) - Successfully registered JMX Bean with object name Ratis:service=RaftServer,group=group-C9BD68C210E4,id=4c0648dc-edb7-46e4-8fb2-cd1978ed42aa
2021-06-07 01:00:37,327 [pool-339-thread-1] INFO  metrics.RatisMetrics (RatisMetrics.java:lambda$create$0(36)) - Creating Metrics Registry : ratis.state_machine.4c0648dc-edb7-46e4-8fb2-cd1978ed42aa@group-C9BD68C210E4
2021-06-07 01:00:37,328 [Command processor thread] INFO  ratis.XceiverServerRatis (XceiverServerRatis.java:addGroup(808)) - Created group PipelineID=54b583af-02bc-46aa-b7a5-c9bd68c210e4
2021-06-07 01:00:37,328 [Command processor thread] INFO  commandhandler.CreatePipelineCommandHandler (CreatePipelineCommandHandler.java:handle(106)) - Created Pipeline RATIS ONE PipelineID=54b583af-02bc-46aa-b7a5-c9bd68c210e4.
2021-06-07 01:00:37,415 [Command processor thread] INFO  server.RaftServer (RaftServerProxy.java:addNew(95)) - 92e97bd9-ad78-40fd-8151-2c7bc5702604: addNew group-163F2600BD64:[92e97bd9-ad78-40fd-8151-2c7bc5702604|rpc:10.1.0.42:42767|priority:1] returns group-163F2600BD64:java.util.concurrent.CompletableFuture@7b3c49e6[Not completed]
2021-06-07 01:00:37,416 [pool-357-thread-1] INFO  server.RaftServer$Division (RaftServerImpl.java:<init>(180)) - 92e97bd9-ad78-40fd-8151-2c7bc5702604: new RaftServerImpl for group-163F2600BD64:[92e97bd9-ad78-40fd-8151-2c7bc5702604|rpc:10.1.0.42:42767|priority:1] with ContainerStateMachine:uninitialized
2021-06-07 01:00:37,416 [pool-357-thread-1] INFO  server.RaftServerConfigKeys (ConfUtils.java:logGet(44)) - raft.server.rpc.timeout.min = 5s (custom)
2021-06-07 01:00:37,416 [pool-357-thread-1] INFO  server.RaftServerConfigKeys (ConfUtils.java:logGet(44)) - raft.server.rpc.timeout.max = 5200ms (custom)
2021-06-07 01:00:37,416 [pool-357-thread-1] INFO  server.RaftServerConfigKeys (ConfUtils.java:logGet(44)) - raft.server.rpc.sleep.time = 25ms (default)
2021-06-07 01:00:37,416 [pool-357-thread-1] INFO  server.RaftServerConfigKeys (ConfUtils.java:logGet(44)) - raft.server.rpc.slowness.timeout = 300000ms (custom)
2021-06-07 01:00:37,416 [pool-357-thread-1] INFO  server.RaftServerConfigKeys (ConfUtils.java:logGet(44)) - raft.server.leaderelection.leader.step-down.wait-time = 10s (default)
2021-06-07 01:00:37,416 [pool-357-thread-1] INFO  server.RaftServerConfigKeys (ConfUtils.java:logGet(44)) - raft.server.sleep.deviation.threshold = 300ms (default)
2021-06-07 01:00:37,416 [pool-357-thread-1] INFO  server.RaftServerConfigKeys (ConfUtils.java:logGet(44)) - raft.server.log.appender.install.snapshot.enabled = false (custom)
2021-06-07 01:00:37,416 [pool-357-thread-1] INFO  server.RaftServer$Division (ServerState.java:<init>(105)) - 92e97bd9-ad78-40fd-8151-2c7bc5702604@group-163F2600BD64: ConfigurationManager, init=-1: [92e97bd9-ad78-40fd-8151-2c7bc5702604|rpc:10.1.0.42:42767|priority:1], old=null, confs=<EMPTY_MAP>
2021-06-07 01:00:37,416 [pool-357-thread-1] INFO  server.RaftServerConfigKeys (ConfUtils.java:logGet(44)) - raft.server.storage.dir = [/home/runner/work/ozone/ozone/mnt/ozone/hadoop-ozone/integration-test/target/test-dir/MiniOzoneClusterImpl-4d691a8a-0502-4280-8005-09cceedbb589/datanode-5/data/ratis] (custom)
2021-06-07 01:00:37,416 [pool-357-thread-1] INFO  server.RaftServerConfigKeys (ConfUtils.java:logGet(44)) - raft.server.log.corruption.policy = EXCEPTION (default)
2021-06-07 01:00:37,416 [pool-357-thread-1] INFO  storage.RaftStorageDirectory (RaftStorageDirectoryImpl.java:analyzeStorage(132)) - The storage directory /home/runner/work/ozone/ozone/mnt/ozone/hadoop-ozone/integration-test/target/test-dir/MiniOzoneClusterImpl-4d691a8a-0502-4280-8005-09cceedbb589/datanode-5/data/ratis/3ca65648-812d-4a5a-8558-163f2600bd64 does not exist. Creating ...
2021-06-07 01:00:37,417 [pool-357-thread-1] INFO  storage.RaftStorageDirectory (RaftStorageDirectoryImpl.java:tryLock(215)) - Lock on /home/runner/work/ozone/ozone/mnt/ozone/hadoop-ozone/integration-test/target/test-dir/MiniOzoneClusterImpl-4d691a8a-0502-4280-8005-09cceedbb589/datanode-5/data/ratis/3ca65648-812d-4a5a-8558-163f2600bd64/in_use.lock acquired by nodename 8828@fv-az291-903
2021-06-07 01:00:37,418 [pool-357-thread-1] INFO  storage.RaftStorage (RaftStorageImpl.java:format(87)) - Storage directory /home/runner/work/ozone/ozone/mnt/ozone/hadoop-ozone/integration-test/target/test-dir/MiniOzoneClusterImpl-4d691a8a-0502-4280-8005-09cceedbb589/datanode-5/data/ratis/3ca65648-812d-4a5a-8558-163f2600bd64 has been successfully formatted.
2021-06-07 01:00:37,419 [pool-357-thread-1] INFO  ratis.ContainerStateMachine (ContainerStateMachine.java:loadSnapshot(224)) - group-163F2600BD64: The snapshot info is null. Setting the last applied indexto:(t:0, i:~)
2021-06-07 01:00:37,419 [pool-357-thread-1] INFO  server.RaftServerConfigKeys (ConfUtils.java:logGet(44)) - raft.server.notification.no-leader.timeout = 300000ms (custom)
2021-06-07 01:00:37,419 [pool-357-thread-1] INFO  server.RaftServerConfigKeys (ConfUtils.java:logGet(44)) - raft.server.log.use.memory = false (default)
2021-06-07 01:00:37,419 [pool-357-thread-1] INFO  server.RaftServerConfigKeys (ConfUtils.java:logGet(44)) - raft.server.log.purge.gap = 1000000 (custom)
2021-06-07 01:00:37,419 [pool-357-thread-1] INFO  server.RaftServerConfigKeys (ConfUtils.java:logGet(44)) - raft.server.log.appender.buffer.byte-limit = 33554432 (custom)
2021-06-07 01:00:37,419 [pool-357-thread-1] INFO  metrics.RatisMetrics (RatisMetrics.java:lambda$create$0(36)) - Creating Metrics Registry : ratis.log_worker.92e97bd9-ad78-40fd-8151-2c7bc5702604@group-163F2600BD64
2021-06-07 01:00:37,419 [pool-357-thread-1] INFO  server.RaftServerConfigKeys (ConfUtils.java:logGet(44)) - raft.server.log.segment.size.max = 1048576 (custom)
2021-06-07 01:00:37,420 [EventQueue-PipelineReportForPipelineReportHandler] INFO  pipeline.PipelineManagerV2Impl (PipelineManagerV2Impl.java:openPipeline(270)) - Pipeline Pipeline[ Id: 3ca65648-812d-4a5a-8558-163f2600bd64, Nodes: 92e97bd9-ad78-40fd-8151-2c7bc5702604{ip: 10.1.0.42, host: fv-az291-903.wgnan5asplgejimfprtllbpdch.jx.internal.cloudapp.net, ports: [REPLICATION=46407, RATIS=42767, RATIS_ADMIN=42767, RATIS_SERVER=42767, STANDALONE=39155], networkLocation: /default-rack, certSerialId: null, persistedOpState: IN_SERVICE, persistedOpStateExpiryEpochSec: 0}, ReplicationConfig: RATIS/ONE, State:ALLOCATED, leaderId:92e97bd9-ad78-40fd-8151-2c7bc5702604, CreationTimestamp2021-06-07T01:00:34.419Z] moved to OPEN state
2021-06-07 01:00:37,420 [EventQueue-PipelineReportForOneReplicaPipelineSafeModeRule] INFO  safemode.SCMSafeModeManager (SCMSafeModeManager.java:validateSafeModeExitRules(201)) - AtleastOneDatanodeReportedRule rule is successfully validated
2021-06-07 01:00:37,420 [EventQueue-OpenPipelineForHealthyPipelineSafeModeRule] INFO  safemode.SCMSafeModeManager (HealthyPipelineSafeModeRule.java:process(130)) - SCM in safe mode. Healthy pipelines reported count is 0, required healthy pipeline reported count is 1
2021-06-07 01:00:37,421 [pool-357-thread-1] INFO  server.RaftServerConfigKeys (ConfUtils.java:logGet(44)) - raft.server.log.segment.cache.num.max = 2 (custom)
2021-06-07 01:00:37,421 [pool-357-thread-1] INFO  server.RaftServerConfigKeys (ConfUtils.java:logGet(44)) - raft.server.log.segment.cache.size.max = 200MB (=209715200) (default)
2021-06-07 01:00:37,421 [pool-357-thread-1] INFO  segmented.SegmentedRaftLogWorker (SegmentedRaftLogWorker.java:<init>(182)) - new 92e97bd9-ad78-40fd-8151-2c7bc5702604@group-163F2600BD64-SegmentedRaftLogWorker for RaftStorageImpl:Storage Directory /home/runner/work/ozone/ozone/mnt/ozone/hadoop-ozone/integration-test/target/test-dir/MiniOzoneClusterImpl-4d691a8a-0502-4280-8005-09cceedbb589/datanode-5/data/ratis/3ca65648-812d-4a5a-8558-163f2600bd64
2021-06-07 01:00:37,421 [pool-357-thread-1] INFO  server.RaftServerConfigKeys (ConfUtils.java:logGet(44)) - raft.server.log.queue.byte-limit = 2147483647 (custom)
2021-06-07 01:00:37,421 [pool-357-thread-1] INFO  server.RaftServerConfigKeys (ConfUtils.java:logGet(44)) - raft.server.log.queue.element-limit = 1024 (custom)
2021-06-07 01:00:37,421 [pool-357-thread-1] INFO  server.RaftServerConfigKeys (ConfUtils.java:logGet(44)) - raft.server.log.segment.size.max = 1048576 (custom)
2021-06-07 01:00:37,421 [pool-357-thread-1] INFO  server.RaftServerConfigKeys (ConfUtils.java:logGet(44)) - raft.server.log.preallocated.size = 16384 (custom)
2021-06-07 01:00:37,421 [pool-357-thread-1] INFO  server.RaftServerConfigKeys (ConfUtils.java:logGet(44)) - raft.server.log.force.sync.num = 128 (default)
2021-06-07 01:00:37,421 [pool-357-thread-1] INFO  server.RaftServerConfigKeys (ConfUtils.java:logGet(44)) - raft.server.log.statemachine.data.sync = true (default)
2021-06-07 01:00:37,421 [pool-357-thread-1] INFO  server.RaftServerConfigKeys (ConfUtils.java:logGet(44)) - raft.server.log.statemachine.data.sync.timeout = 10s (default)
2021-06-07 01:00:37,421 [pool-357-thread-1] INFO  server.RaftServerConfigKeys (ConfUtils.java:logGet(44)) - raft.server.log.statemachine.data.sync.timeout.retry = -1 (default)
2021-06-07 01:00:37,422 [pool-357-thread-1] INFO  server.RaftServerConfigKeys (ConfUtils.java:logGet(44)) - raft.server.log.write.buffer.size = 1048576 (custom)
2021-06-07 01:00:37,423 [pool-357-thread-1] INFO  server.RaftServerConfigKeys (ConfUtils.java:logGet(44)) - raft.server.log.statemachine.data.caching.enabled = true (custom)
2021-06-07 01:00:37,423 [pool-357-thread-1] INFO  segmented.SegmentedRaftLogWorker (SegmentedRaftLogWorker.java:lambda$new$0(133)) - 92e97bd9-ad78-40fd-8151-2c7bc5702604@group-163F2600BD64-SegmentedRaftLogWorker: flushIndex: setUnconditionally 0 -> -1
2021-06-07 01:00:37,423 [pool-357-thread-1] INFO  segmented.SegmentedRaftLogWorker (SegmentedRaftLogWorker.java:lambda$new$0(133)) - 92e97bd9-ad78-40fd-8151-2c7bc5702604@group-163F2600BD64-SegmentedRaftLogWorker: safeCacheEvictIndex: setUnconditionally 0 -> -1
2021-06-07 01:00:37,426 [pool-357-thread-1] INFO  server.RaftServerConfigKeys (ConfUtils.java:logGet(44)) - raft.server.snapshot.auto.trigger.enabled = true (custom)
2021-06-07 01:00:37,426 [pool-357-thread-1] INFO  server.RaftServerConfigKeys (ConfUtils.java:logGet(44)) - raft.server.snapshot.auto.trigger.threshold = 10000 (custom)
2021-06-07 01:00:37,426 [pool-357-thread-1] INFO  server.RaftServerConfigKeys (ConfUtils.java:logGet(44)) - raft.server.snapshot.retention.file.num = 5 (custom)
2021-06-07 01:00:37,426 [pool-357-thread-1] INFO  server.RaftServerConfigKeys (ConfUtils.java:logGet(44)) - raft.server.log.purge.upto.snapshot.index = false (default)
2021-06-07 01:00:37,426 [pool-357-thread-1] INFO  server.RaftServerConfigKeys (ConfUtils.java:logGet(44)) - raft.server.retrycache.expirytime = 600000ms (custom)
2021-06-07 01:00:37,427 [pool-357-thread-1] INFO  server.RaftServerConfigKeys (ConfUtils.java:logGet(44)) - raft.server.retrycache.statistics.expirytime = 100μs (default)
2021-06-07 01:00:37,427 [pool-357-thread-1] INFO  metrics.RatisMetrics (RatisMetrics.java:lambda$create$0(36)) - Creating Metrics Registry : ratis.leader_election.92e97bd9-ad78-40fd-8151-2c7bc5702604@group-163F2600BD64
2021-06-07 01:00:37,427 [pool-357-thread-1] INFO  metrics.RatisMetrics (RatisMetrics.java:lambda$create$0(36)) - Creating Metrics Registry : ratis.server.92e97bd9-ad78-40fd-8151-2c7bc5702604@group-163F2600BD64
2021-06-07 01:00:37,428 [pool-357-thread-1] INFO  server.RaftServer$Division (RaftServerImpl.java:start(295)) - 92e97bd9-ad78-40fd-8151-2c7bc5702604@group-163F2600BD64: start as a follower, conf=-1: [92e97bd9-ad78-40fd-8151-2c7bc5702604|rpc:10.1.0.42:42767|priority:1], old=null
2021-06-07 01:00:37,428 [pool-357-thread-1] INFO  server.RaftServer$Division (RaftServerImpl.java:setRole(284)) - 92e97bd9-ad78-40fd-8151-2c7bc5702604@group-163F2600BD64: changes role from      null to FOLLOWER at term 0 for startAsFollower
2021-06-07 01:00:37,428 [pool-357-thread-1] INFO  impl.RoleInfo (RoleInfo.java:updateAndGet(130)) - 92e97bd9-ad78-40fd-8151-2c7bc5702604: start 92e97bd9-ad78-40fd-8151-2c7bc5702604@group-163F2600BD64-FollowerState
2021-06-07 01:00:37,429 [pool-357-thread-1] INFO  util.JmxRegister (JmxRegister.java:tryRegister(44)) - Successfully registered JMX Bean with object name Ratis:service=RaftServer,group=group-163F2600BD64,id=92e97bd9-ad78-40fd-8151-2c7bc5702604
2021-06-07 01:00:37,429 [pool-357-thread-1] INFO  metrics.RatisMetrics (RatisMetrics.java:lambda$create$0(36)) - Creating Metrics Registry : ratis.state_machine.92e97bd9-ad78-40fd-8151-2c7bc5702604@group-163F2600BD64
2021-06-07 01:00:37,430 [Command processor thread] INFO  ratis.XceiverServerRatis (XceiverServerRatis.java:addGroup(808)) - Created group PipelineID=3ca65648-812d-4a5a-8558-163f2600bd64
2021-06-07 01:00:37,430 [Command processor thread] INFO  commandhandler.CreatePipelineCommandHandler (CreatePipelineCommandHandler.java:handle(106)) - Created Pipeline RATIS ONE PipelineID=3ca65648-812d-4a5a-8558-163f2600bd64.
2021-06-07 01:00:37,528 [Command processor thread] INFO  server.RaftServer (RaftServerProxy.java:addNew(95)) - 037b306d-55e4-4cae-90bd-e43eb14a37fd: addNew group-C901F7E1E50A:[037b306d-55e4-4cae-90bd-e43eb14a37fd|rpc:10.1.0.42:42733|priority:1] returns group-C901F7E1E50A:java.util.concurrent.CompletableFuture@7610759d[Not completed]
2021-06-07 01:00:37,538 [pool-375-thread-1] INFO  server.RaftServer$Division (RaftServerImpl.java:<init>(180)) - 037b306d-55e4-4cae-90bd-e43eb14a37fd: new RaftServerImpl for group-C901F7E1E50A:[037b306d-55e4-4cae-90bd-e43eb14a37fd|rpc:10.1.0.42:42733|priority:1] with ContainerStateMachine:uninitialized
2021-06-07 01:00:37,538 [pool-375-thread-1] INFO  server.RaftServerConfigKeys (ConfUtils.java:logGet(44)) - raft.server.rpc.timeout.min = 5s (custom)
2021-06-07 01:00:37,538 [pool-375-thread-1] INFO  server.RaftServerConfigKeys (ConfUtils.java:logGet(44)) - raft.server.rpc.timeout.max = 5200ms (custom)
2021-06-07 01:00:37,538 [pool-375-thread-1] INFO  server.RaftServerConfigKeys (ConfUtils.java:logGet(44)) - raft.server.rpc.sleep.time = 25ms (default)
2021-06-07 01:00:37,538 [pool-375-thread-1] INFO  server.RaftServerConfigKeys (ConfUtils.java:logGet(44)) - raft.server.rpc.slowness.timeout = 300000ms (custom)
2021-06-07 01:00:37,538 [pool-375-thread-1] INFO  server.RaftServerConfigKeys (ConfUtils.java:logGet(44)) - raft.server.leaderelection.leader.step-down.wait-time = 10s (default)
2021-06-07 01:00:37,538 [pool-375-thread-1] INFO  server.RaftServerConfigKeys (ConfUtils.java:logGet(44)) - raft.server.sleep.deviation.threshold = 300ms (default)
2021-06-07 01:00:37,538 [pool-375-thread-1] INFO  server.RaftServerConfigKeys (ConfUtils.java:logGet(44)) - raft.server.log.appender.install.snapshot.enabled = false (custom)
2021-06-07 01:00:37,538 [pool-375-thread-1] INFO  server.RaftServer$Division (ServerState.java:<init>(105)) - 037b306d-55e4-4cae-90bd-e43eb14a37fd@group-C901F7E1E50A: ConfigurationManager, init=-1: [037b306d-55e4-4cae-90bd-e43eb14a37fd|rpc:10.1.0.42:42733|priority:1], old=null, confs=<EMPTY_MAP>
2021-06-07 01:00:37,538 [pool-375-thread-1] INFO  server.RaftServerConfigKeys (ConfUtils.java:logGet(44)) - raft.server.storage.dir = [/home/runner/work/ozone/ozone/mnt/ozone/hadoop-ozone/integration-test/target/test-dir/MiniOzoneClusterImpl-4d691a8a-0502-4280-8005-09cceedbb589/datanode-6/data/ratis] (custom)
2021-06-07 01:00:37,538 [pool-375-thread-1] INFO  server.RaftServerConfigKeys (ConfUtils.java:logGet(44)) - raft.server.log.corruption.policy = EXCEPTION (default)
2021-06-07 01:00:37,539 [pool-375-thread-1] INFO  storage.RaftStorageDirectory (RaftStorageDirectoryImpl.java:analyzeStorage(132)) - The storage directory /home/runner/work/ozone/ozone/mnt/ozone/hadoop-ozone/integration-test/target/test-dir/MiniOzoneClusterImpl-4d691a8a-0502-4280-8005-09cceedbb589/datanode-6/data/ratis/28bba212-034c-42cc-b475-c901f7e1e50a does not exist. Creating ...
2021-06-07 01:00:37,540 [pool-375-thread-1] INFO  storage.RaftStorageDirectory (RaftStorageDirectoryImpl.java:tryLock(215)) - Lock on /home/runner/work/ozone/ozone/mnt/ozone/hadoop-ozone/integration-test/target/test-dir/MiniOzoneClusterImpl-4d691a8a-0502-4280-8005-09cceedbb589/datanode-6/data/ratis/28bba212-034c-42cc-b475-c901f7e1e50a/in_use.lock acquired by nodename 8828@fv-az291-903
2021-06-07 01:00:37,541 [pool-375-thread-1] INFO  storage.RaftStorage (RaftStorageImpl.java:format(87)) - Storage directory /home/runner/work/ozone/ozone/mnt/ozone/hadoop-ozone/integration-test/target/test-dir/MiniOzoneClusterImpl-4d691a8a-0502-4280-8005-09cceedbb589/datanode-6/data/ratis/28bba212-034c-42cc-b475-c901f7e1e50a has been successfully formatted.
2021-06-07 01:00:37,541 [pool-375-thread-1] INFO  ratis.ContainerStateMachine (ContainerStateMachine.java:loadSnapshot(224)) - group-C901F7E1E50A: The snapshot info is null. Setting the last applied indexto:(t:0, i:~)
2021-06-07 01:00:37,541 [pool-375-thread-1] INFO  server.RaftServerConfigKeys (ConfUtils.java:logGet(44)) - raft.server.notification.no-leader.timeout = 300000ms (custom)
2021-06-07 01:00:37,541 [pool-375-thread-1] INFO  server.RaftServerConfigKeys (ConfUtils.java:logGet(44)) - raft.server.log.use.memory = false (default)
2021-06-07 01:00:37,541 [pool-375-thread-1] INFO  server.RaftServerConfigKeys (ConfUtils.java:logGet(44)) - raft.server.log.purge.gap = 1000000 (custom)
2021-06-07 01:00:37,542 [pool-375-thread-1] INFO  server.RaftServerConfigKeys (ConfUtils.java:logGet(44)) - raft.server.log.appender.buffer.byte-limit = 33554432 (custom)
2021-06-07 01:00:37,542 [pool-375-thread-1] INFO  metrics.RatisMetrics (RatisMetrics.java:lambda$create$0(36)) - Creating Metrics Registry : ratis.log_worker.037b306d-55e4-4cae-90bd-e43eb14a37fd@group-C901F7E1E50A
2021-06-07 01:00:37,542 [pool-375-thread-1] INFO  server.RaftServerConfigKeys (ConfUtils.java:logGet(44)) - raft.server.log.segment.size.max = 1048576 (custom)
2021-06-07 01:00:37,542 [EventQueue-PipelineReportForOneReplicaPipelineSafeModeRule] INFO  safemode.SCMSafeModeManager (SCMSafeModeManager.java:validateSafeModeExitRules(201)) - AtleastOneDatanodeReportedRule rule is successfully validated
2021-06-07 01:00:37,542 [EventQueue-PipelineReportForPipelineReportHandler] INFO  pipeline.PipelineManagerV2Impl (PipelineManagerV2Impl.java:openPipeline(270)) - Pipeline Pipeline[ Id: 28bba212-034c-42cc-b475-c901f7e1e50a, Nodes: 037b306d-55e4-4cae-90bd-e43eb14a37fd{ip: 10.1.0.42, host: fv-az291-903.wgnan5asplgejimfprtllbpdch.jx.internal.cloudapp.net, ports: [REPLICATION=40843, RATIS=42733, RATIS_ADMIN=42733, RATIS_SERVER=42733, STANDALONE=42791], networkLocation: /default-rack, certSerialId: null, persistedOpState: IN_SERVICE, persistedOpStateExpiryEpochSec: 0}, ReplicationConfig: RATIS/ONE, State:ALLOCATED, leaderId:037b306d-55e4-4cae-90bd-e43eb14a37fd, CreationTimestamp2021-06-07T01:00:34.529Z] moved to OPEN state
2021-06-07 01:00:37,542 [pool-375-thread-1] INFO  server.RaftServerConfigKeys (ConfUtils.java:logGet(44)) - raft.server.log.segment.cache.num.max = 2 (custom)
2021-06-07 01:00:37,542 [pool-375-thread-1] INFO  server.RaftServerConfigKeys (ConfUtils.java:logGet(44)) - raft.server.log.segment.cache.size.max = 200MB (=209715200) (default)
2021-06-07 01:00:37,542 [pool-375-thread-1] INFO  segmented.SegmentedRaftLogWorker (SegmentedRaftLogWorker.java:<init>(182)) - new 037b306d-55e4-4cae-90bd-e43eb14a37fd@group-C901F7E1E50A-SegmentedRaftLogWorker for RaftStorageImpl:Storage Directory /home/runner/work/ozone/ozone/mnt/ozone/hadoop-ozone/integration-test/target/test-dir/MiniOzoneClusterImpl-4d691a8a-0502-4280-8005-09cceedbb589/datanode-6/data/ratis/28bba212-034c-42cc-b475-c901f7e1e50a
2021-06-07 01:00:37,542 [pool-375-thread-1] INFO  server.RaftServerConfigKeys (ConfUtils.java:logGet(44)) - raft.server.log.queue.byte-limit = 2147483647 (custom)
2021-06-07 01:00:37,543 [pool-375-thread-1] INFO  server.RaftServerConfigKeys (ConfUtils.java:logGet(44)) - raft.server.log.queue.element-limit = 1024 (custom)
2021-06-07 01:00:37,543 [EventQueue-OpenPipelineForHealthyPipelineSafeModeRule] INFO  safemode.SCMSafeModeManager (HealthyPipelineSafeModeRule.java:process(130)) - SCM in safe mode. Healthy pipelines reported count is 0, required healthy pipeline reported count is 1
2021-06-07 01:00:37,543 [pool-375-thread-1] INFO  server.RaftServerConfigKeys (ConfUtils.java:logGet(44)) - raft.server.log.segment.size.max = 1048576 (custom)
2021-06-07 01:00:37,543 [pool-375-thread-1] INFO  server.RaftServerConfigKeys (ConfUtils.java:logGet(44)) - raft.server.log.preallocated.size = 16384 (custom)
2021-06-07 01:00:37,543 [pool-375-thread-1] INFO  server.RaftServerConfigKeys (ConfUtils.java:logGet(44)) - raft.server.log.force.sync.num = 128 (default)
2021-06-07 01:00:37,543 [pool-375-thread-1] INFO  server.RaftServerConfigKeys (ConfUtils.java:logGet(44)) - raft.server.log.statemachine.data.sync = true (default)
2021-06-07 01:00:37,543 [pool-375-thread-1] INFO  server.RaftServerConfigKeys (ConfUtils.java:logGet(44)) - raft.server.log.statemachine.data.sync.timeout = 10s (default)
2021-06-07 01:00:37,543 [pool-375-thread-1] INFO  server.RaftServerConfigKeys (ConfUtils.java:logGet(44)) - raft.server.log.statemachine.data.sync.timeout.retry = -1 (default)
2021-06-07 01:00:37,546 [pool-375-thread-1] INFO  server.RaftServerConfigKeys (ConfUtils.java:logGet(44)) - raft.server.log.write.buffer.size = 1048576 (custom)
2021-06-07 01:00:37,547 [pool-375-thread-1] INFO  server.RaftServerConfigKeys (ConfUtils.java:logGet(44)) - raft.server.log.statemachine.data.caching.enabled = true (custom)
2021-06-07 01:00:37,547 [pool-375-thread-1] INFO  segmented.SegmentedRaftLogWorker (SegmentedRaftLogWorker.java:lambda$new$0(133)) - 037b306d-55e4-4cae-90bd-e43eb14a37fd@group-C901F7E1E50A-SegmentedRaftLogWorker: flushIndex: setUnconditionally 0 -> -1
2021-06-07 01:00:37,547 [pool-375-thread-1] INFO  segmented.SegmentedRaftLogWorker (SegmentedRaftLogWorker.java:lambda$new$0(133)) - 037b306d-55e4-4cae-90bd-e43eb14a37fd@group-C901F7E1E50A-SegmentedRaftLogWorker: safeCacheEvictIndex: setUnconditionally 0 -> -1
2021-06-07 01:00:37,547 [pool-375-thread-1] INFO  server.RaftServerConfigKeys (ConfUtils.java:logGet(44)) - raft.server.snapshot.auto.trigger.enabled = true (custom)
2021-06-07 01:00:37,547 [pool-375-thread-1] INFO  server.RaftServerConfigKeys (ConfUtils.java:logGet(44)) - raft.server.snapshot.auto.trigger.threshold = 10000 (custom)
2021-06-07 01:00:37,547 [pool-375-thread-1] INFO  server.RaftServerConfigKeys (ConfUtils.java:logGet(44)) - raft.server.snapshot.retention.file.num = 5 (custom)
2021-06-07 01:00:37,548 [pool-375-thread-1] INFO  server.RaftServerConfigKeys (ConfUtils.java:logGet(44)) - raft.server.log.purge.upto.snapshot.index = false (default)
2021-06-07 01:00:37,548 [pool-375-thread-1] INFO  server.RaftServerConfigKeys (ConfUtils.java:logGet(44)) - raft.server.retrycache.expirytime = 600000ms (custom)
2021-06-07 01:00:37,548 [pool-375-thread-1] INFO  server.RaftServerConfigKeys (ConfUtils.java:logGet(44)) - raft.server.retrycache.statistics.expirytime = 100μs (default)
2021-06-07 01:00:37,548 [pool-375-thread-1] INFO  metrics.RatisMetrics (RatisMetrics.java:lambda$create$0(36)) - Creating Metrics Registry : ratis.leader_election.037b306d-55e4-4cae-90bd-e43eb14a37fd@group-C901F7E1E50A
2021-06-07 01:00:37,548 [pool-375-thread-1] INFO  metrics.RatisMetrics (RatisMetrics.java:lambda$create$0(36)) - Creating Metrics Registry : ratis.server.037b306d-55e4-4cae-90bd-e43eb14a37fd@group-C901F7E1E50A
2021-06-07 01:00:37,550 [pool-375-thread-1] INFO  server.RaftServer$Division (RaftServerImpl.java:start(295)) - 037b306d-55e4-4cae-90bd-e43eb14a37fd@group-C901F7E1E50A: start as a follower, conf=-1: [037b306d-55e4-4cae-90bd-e43eb14a37fd|rpc:10.1.0.42:42733|priority:1], old=null
2021-06-07 01:00:37,550 [pool-375-thread-1] INFO  server.RaftServer$Division (RaftServerImpl.java:setRole(284)) - 037b306d-55e4-4cae-90bd-e43eb14a37fd@group-C901F7E1E50A: changes role from      null to FOLLOWER at term 0 for startAsFollower
2021-06-07 01:00:37,550 [pool-375-thread-1] INFO  impl.RoleInfo (RoleInfo.java:updateAndGet(130)) - 037b306d-55e4-4cae-90bd-e43eb14a37fd: start 037b306d-55e4-4cae-90bd-e43eb14a37fd@group-C901F7E1E50A-FollowerState
2021-06-07 01:00:37,550 [pool-375-thread-1] INFO  util.JmxRegister (JmxRegister.java:tryRegister(44)) - Successfully registered JMX Bean with object name Ratis:service=RaftServer,group=group-C901F7E1E50A,id=037b306d-55e4-4cae-90bd-e43eb14a37fd
2021-06-07 01:00:37,550 [pool-375-thread-1] INFO  metrics.RatisMetrics (RatisMetrics.java:lambda$create$0(36)) - Creating Metrics Registry : ratis.state_machine.037b306d-55e4-4cae-90bd-e43eb14a37fd@group-C901F7E1E50A
2021-06-07 01:00:37,551 [Command processor thread] INFO  ratis.XceiverServerRatis (XceiverServerRatis.java:addGroup(808)) - Created group PipelineID=28bba212-034c-42cc-b475-c901f7e1e50a
2021-06-07 01:00:37,551 [Command processor thread] INFO  commandhandler.CreatePipelineCommandHandler (CreatePipelineCommandHandler.java:handle(106)) - Created Pipeline RATIS ONE PipelineID=28bba212-034c-42cc-b475-c901f7e1e50a.
2021-06-07 01:00:37,551 [Command processor thread] INFO  server.RaftServer (RaftServerProxy.java:addNew(95)) - 037b306d-55e4-4cae-90bd-e43eb14a37fd: addNew group-1BD4F35D16EE:[037b306d-55e4-4cae-90bd-e43eb14a37fd|rpc:10.1.0.42:42733|priority:0, 0cacaae5-2f1d-4021-a1c8-b7d3ead785ca|rpc:10.1.0.42:39691|priority:1, b8685ee4-5ca3-4a9e-9d6c-fdbcd092b49e|rpc:10.1.0.42:46205|priority:0] returns group-1BD4F35D16EE:java.util.concurrent.CompletableFuture@722fef87[Not completed]
2021-06-07 01:00:37,551 [pool-375-thread-1] INFO  server.RaftServer$Division (RaftServerImpl.java:<init>(180)) - 037b306d-55e4-4cae-90bd-e43eb14a37fd: new RaftServerImpl for group-1BD4F35D16EE:[037b306d-55e4-4cae-90bd-e43eb14a37fd|rpc:10.1.0.42:42733|priority:0, 0cacaae5-2f1d-4021-a1c8-b7d3ead785ca|rpc:10.1.0.42:39691|priority:1, b8685ee4-5ca3-4a9e-9d6c-fdbcd092b49e|rpc:10.1.0.42:46205|priority:0] with ContainerStateMachine:uninitialized
2021-06-07 01:00:37,552 [pool-375-thread-1] INFO  server.RaftServerConfigKeys (ConfUtils.java:logGet(44)) - raft.server.rpc.timeout.min = 5s (custom)
2021-06-07 01:00:37,552 [pool-375-thread-1] INFO  server.RaftServerConfigKeys (ConfUtils.java:logGet(44)) - raft.server.rpc.timeout.max = 5200ms (custom)
2021-06-07 01:00:37,552 [pool-375-thread-1] INFO  server.RaftServerConfigKeys (ConfUtils.java:logGet(44)) - raft.server.rpc.sleep.time = 25ms (default)
2021-06-07 01:00:37,552 [pool-375-thread-1] INFO  server.RaftServerConfigKeys (ConfUtils.java:logGet(44)) - raft.server.rpc.slowness.timeout = 300000ms (custom)
2021-06-07 01:00:37,552 [pool-375-thread-1] INFO  server.RaftServerConfigKeys (ConfUtils.java:logGet(44)) - raft.server.leaderelection.leader.step-down.wait-time = 10s (default)
2021-06-07 01:00:37,552 [pool-375-thread-1] INFO  server.RaftServerConfigKeys (ConfUtils.java:logGet(44)) - raft.server.sleep.deviation.threshold = 300ms (default)
2021-06-07 01:00:37,552 [pool-375-thread-1] INFO  server.RaftServerConfigKeys (ConfUtils.java:logGet(44)) - raft.server.log.appender.install.snapshot.enabled = false (custom)
2021-06-07 01:00:37,552 [pool-375-thread-1] INFO  server.RaftServer$Division (ServerState.java:<init>(105)) - 037b306d-55e4-4cae-90bd-e43eb14a37fd@group-1BD4F35D16EE: ConfigurationManager, init=-1: [037b306d-55e4-4cae-90bd-e43eb14a37fd|rpc:10.1.0.42:42733|priority:0, 0cacaae5-2f1d-4021-a1c8-b7d3ead785ca|rpc:10.1.0.42:39691|priority:1, b8685ee4-5ca3-4a9e-9d6c-fdbcd092b49e|rpc:10.1.0.42:46205|priority:0], old=null, confs=<EMPTY_MAP>
2021-06-07 01:00:37,552 [pool-375-thread-1] INFO  server.RaftServerConfigKeys (ConfUtils.java:logGet(44)) - raft.server.storage.dir = [/home/runner/work/ozone/ozone/mnt/ozone/hadoop-ozone/integration-test/target/test-dir/MiniOzoneClusterImpl-4d691a8a-0502-4280-8005-09cceedbb589/datanode-6/data/ratis] (custom)
2021-06-07 01:00:37,552 [pool-375-thread-1] INFO  server.RaftServerConfigKeys (ConfUtils.java:logGet(44)) - raft.server.log.corruption.policy = EXCEPTION (default)
2021-06-07 01:00:37,552 [pool-375-thread-1] INFO  storage.RaftStorageDirectory (RaftStorageDirectoryImpl.java:analyzeStorage(132)) - The storage directory /home/runner/work/ozone/ozone/mnt/ozone/hadoop-ozone/integration-test/target/test-dir/MiniOzoneClusterImpl-4d691a8a-0502-4280-8005-09cceedbb589/datanode-6/data/ratis/d58ec0e1-1309-4d1c-973f-1bd4f35d16ee does not exist. Creating ...
2021-06-07 01:00:37,553 [pool-375-thread-1] INFO  storage.RaftStorageDirectory (RaftStorageDirectoryImpl.java:tryLock(215)) - Lock on /home/runner/work/ozone/ozone/mnt/ozone/hadoop-ozone/integration-test/target/test-dir/MiniOzoneClusterImpl-4d691a8a-0502-4280-8005-09cceedbb589/datanode-6/data/ratis/d58ec0e1-1309-4d1c-973f-1bd4f35d16ee/in_use.lock acquired by nodename 8828@fv-az291-903
2021-06-07 01:00:37,554 [pool-375-thread-1] INFO  storage.RaftStorage (RaftStorageImpl.java:format(87)) - Storage directory /home/runner/work/ozone/ozone/mnt/ozone/hadoop-ozone/integration-test/target/test-dir/MiniOzoneClusterImpl-4d691a8a-0502-4280-8005-09cceedbb589/datanode-6/data/ratis/d58ec0e1-1309-4d1c-973f-1bd4f35d16ee has been successfully formatted.
2021-06-07 01:00:37,555 [pool-375-thread-1] INFO  ratis.ContainerStateMachine (ContainerStateMachine.java:loadSnapshot(224)) - group-1BD4F35D16EE: The snapshot info is null. Setting the last applied indexto:(t:0, i:~)
2021-06-07 01:00:37,556 [EventQueue-PipelineReportForOneReplicaPipelineSafeModeRule] INFO  safemode.SCMSafeModeManager (SCMSafeModeManager.java:validateSafeModeExitRules(201)) - AtleastOneDatanodeReportedRule rule is successfully validated
2021-06-07 01:00:37,556 [EventQueue-OpenPipelineForHealthyPipelineSafeModeRule] INFO  safemode.SCMSafeModeManager (HealthyPipelineSafeModeRule.java:process(130)) - SCM in safe mode. Healthy pipelines reported count is 0, required healthy pipeline reported count is 1
2021-06-07 01:00:37,557 [pool-375-thread-1] INFO  server.RaftServerConfigKeys (ConfUtils.java:logGet(44)) - raft.server.notification.no-leader.timeout = 300000ms (custom)
2021-06-07 01:00:37,557 [pool-375-thread-1] INFO  server.RaftServerConfigKeys (ConfUtils.java:logGet(44)) - raft.server.log.use.memory = false (default)
2021-06-07 01:00:37,557 [pool-375-thread-1] INFO  server.RaftServerConfigKeys (ConfUtils.java:logGet(44)) - raft.server.log.purge.gap = 1000000 (custom)
2021-06-07 01:00:37,557 [pool-375-thread-1] INFO  server.RaftServerConfigKeys (ConfUtils.java:logGet(44)) - raft.server.log.appender.buffer.byte-limit = 33554432 (custom)
2021-06-07 01:00:37,557 [pool-375-thread-1] INFO  metrics.RatisMetrics (RatisMetrics.java:lambda$create$0(36)) - Creating Metrics Registry : ratis.log_worker.037b306d-55e4-4cae-90bd-e43eb14a37fd@group-1BD4F35D16EE
2021-06-07 01:00:37,557 [pool-375-thread-1] INFO  server.RaftServerConfigKeys (ConfUtils.java:logGet(44)) - raft.server.log.segment.size.max = 1048576 (custom)
2021-06-07 01:00:37,557 [pool-375-thread-1] INFO  server.RaftServerConfigKeys (ConfUtils.java:logGet(44)) - raft.server.log.segment.cache.num.max = 2 (custom)
2021-06-07 01:00:37,557 [pool-375-thread-1] INFO  server.RaftServerConfigKeys (ConfUtils.java:logGet(44)) - raft.server.log.segment.cache.size.max = 200MB (=209715200) (default)
2021-06-07 01:00:37,557 [pool-375-thread-1] INFO  segmented.SegmentedRaftLogWorker (SegmentedRaftLogWorker.java:<init>(182)) - new 037b306d-55e4-4cae-90bd-e43eb14a37fd@group-1BD4F35D16EE-SegmentedRaftLogWorker for RaftStorageImpl:Storage Directory /home/runner/work/ozone/ozone/mnt/ozone/hadoop-ozone/integration-test/target/test-dir/MiniOzoneClusterImpl-4d691a8a-0502-4280-8005-09cceedbb589/datanode-6/data/ratis/d58ec0e1-1309-4d1c-973f-1bd4f35d16ee
2021-06-07 01:00:37,557 [pool-375-thread-1] INFO  server.RaftServerConfigKeys (ConfUtils.java:logGet(44)) - raft.server.log.queue.byte-limit = 2147483647 (custom)
2021-06-07 01:00:37,558 [pool-375-thread-1] INFO  server.RaftServerConfigKeys (ConfUtils.java:logGet(44)) - raft.server.log.queue.element-limit = 1024 (custom)
2021-06-07 01:00:37,558 [pool-375-thread-1] INFO  server.RaftServerConfigKeys (ConfUtils.java:logGet(44)) - raft.server.log.segment.size.max = 1048576 (custom)
2021-06-07 01:00:37,558 [pool-375-thread-1] INFO  server.RaftServerConfigKeys (ConfUtils.java:logGet(44)) - raft.server.log.preallocated.size = 16384 (custom)
2021-06-07 01:00:37,558 [pool-375-thread-1] INFO  server.RaftServerConfigKeys (ConfUtils.java:logGet(44)) - raft.server.log.force.sync.num = 128 (default)
2021-06-07 01:00:37,558 [pool-375-thread-1] INFO  server.RaftServerConfigKeys (ConfUtils.java:logGet(44)) - raft.server.log.statemachine.data.sync = true (default)
2021-06-07 01:00:37,558 [pool-375-thread-1] INFO  server.RaftServerConfigKeys (ConfUtils.java:logGet(44)) - raft.server.log.statemachine.data.sync.timeout = 10s (default)
2021-06-07 01:00:37,558 [pool-375-thread-1] INFO  server.RaftServerConfigKeys (ConfUtils.java:logGet(44)) - raft.server.log.statemachine.data.sync.timeout.retry = -1 (default)
2021-06-07 01:00:37,559 [pool-375-thread-1] INFO  server.RaftServerConfigKeys (ConfUtils.java:logGet(44)) - raft.server.log.write.buffer.size = 1048576 (custom)
2021-06-07 01:00:37,559 [pool-375-thread-1] INFO  server.RaftServerConfigKeys (ConfUtils.java:logGet(44)) - raft.server.log.statemachine.data.caching.enabled = true (custom)
2021-06-07 01:00:37,560 [pool-375-thread-1] INFO  segmented.SegmentedRaftLogWorker (SegmentedRaftLogWorker.java:lambda$new$0(133)) - 037b306d-55e4-4cae-90bd-e43eb14a37fd@group-1BD4F35D16EE-SegmentedRaftLogWorker: flushIndex: setUnconditionally 0 -> -1
2021-06-07 01:00:37,560 [pool-375-thread-1] INFO  segmented.SegmentedRaftLogWorker (SegmentedRaftLogWorker.java:lambda$new$0(133)) - 037b306d-55e4-4cae-90bd-e43eb14a37fd@group-1BD4F35D16EE-SegmentedRaftLogWorker: safeCacheEvictIndex: setUnconditionally 0 -> -1
2021-06-07 01:00:37,560 [pool-375-thread-1] INFO  server.RaftServerConfigKeys (ConfUtils.java:logGet(44)) - raft.server.snapshot.auto.trigger.enabled = true (custom)
2021-06-07 01:00:37,560 [pool-375-thread-1] INFO  server.RaftServerConfigKeys (ConfUtils.java:logGet(44)) - raft.server.snapshot.auto.trigger.threshold = 10000 (custom)
2021-06-07 01:00:37,560 [pool-375-thread-1] INFO  server.RaftServerConfigKeys (ConfUtils.java:logGet(44)) - raft.server.snapshot.retention.file.num = 5 (custom)
2021-06-07 01:00:37,560 [pool-375-thread-1] INFO  server.RaftServerConfigKeys (ConfUtils.java:logGet(44)) - raft.server.log.purge.upto.snapshot.index = false (default)
2021-06-07 01:00:37,560 [pool-375-thread-1] INFO  server.RaftServerConfigKeys (ConfUtils.java:logGet(44)) - raft.server.retrycache.expirytime = 600000ms (custom)
2021-06-07 01:00:37,560 [pool-375-thread-1] INFO  server.RaftServerConfigKeys (ConfUtils.java:logGet(44)) - raft.server.retrycache.statistics.expirytime = 100μs (default)
2021-06-07 01:00:37,560 [pool-375-thread-1] INFO  metrics.RatisMetrics (RatisMetrics.java:lambda$create$0(36)) - Creating Metrics Registry : ratis.leader_election.037b306d-55e4-4cae-90bd-e43eb14a37fd@group-1BD4F35D16EE
2021-06-07 01:00:37,560 [pool-375-thread-1] INFO  metrics.RatisMetrics (RatisMetrics.java:lambda$create$0(36)) - Creating Metrics Registry : ratis.server.037b306d-55e4-4cae-90bd-e43eb14a37fd@group-1BD4F35D16EE
2021-06-07 01:00:37,561 [pool-375-thread-1] INFO  server.RaftServer$Division (RaftServerImpl.java:start(295)) - 037b306d-55e4-4cae-90bd-e43eb14a37fd@group-1BD4F35D16EE: start as a follower, conf=-1: [037b306d-55e4-4cae-90bd-e43eb14a37fd|rpc:10.1.0.42:42733|priority:0, 0cacaae5-2f1d-4021-a1c8-b7d3ead785ca|rpc:10.1.0.42:39691|priority:1, b8685ee4-5ca3-4a9e-9d6c-fdbcd092b49e|rpc:10.1.0.42:46205|priority:0], old=null
2021-06-07 01:00:37,561 [pool-375-thread-1] INFO  server.RaftServer$Division (RaftServerImpl.java:setRole(284)) - 037b306d-55e4-4cae-90bd-e43eb14a37fd@group-1BD4F35D16EE: changes role from      null to FOLLOWER at term 0 for startAsFollower
2021-06-07 01:00:37,561 [pool-375-thread-1] INFO  impl.RoleInfo (RoleInfo.java:updateAndGet(130)) - 037b306d-55e4-4cae-90bd-e43eb14a37fd: start 037b306d-55e4-4cae-90bd-e43eb14a37fd@group-1BD4F35D16EE-FollowerState
2021-06-07 01:00:37,566 [pool-375-thread-1] INFO  util.JmxRegister (JmxRegister.java:tryRegister(44)) - Successfully registered JMX Bean with object name Ratis:service=RaftServer,group=group-1BD4F35D16EE,id=037b306d-55e4-4cae-90bd-e43eb14a37fd
2021-06-07 01:00:37,566 [pool-375-thread-1] INFO  metrics.RatisMetrics (RatisMetrics.java:lambda$create$0(36)) - Creating Metrics Registry : ratis.state_machine.037b306d-55e4-4cae-90bd-e43eb14a37fd@group-1BD4F35D16EE
2021-06-07 01:00:37,567 [Command processor thread] INFO  ratis.XceiverServerRatis (XceiverServerRatis.java:addGroup(808)) - Created group PipelineID=d58ec0e1-1309-4d1c-973f-1bd4f35d16ee
2021-06-07 01:00:37,567 [Command processor thread] INFO  metrics.RatisMetrics (RatisMetrics.java:lambda$create$0(36)) - Creating Metrics Registry : ratis.client_message_metrics.client-0FD5C2823F5C->0cacaae5-2f1d-4021-a1c8-b7d3ead785ca
2021-06-07 01:00:37,576 [grpc-default-executor-3] INFO  metrics.RatisMetrics (RatisMetrics.java:lambda$create$0(36)) - Creating Metrics Registry : ratis.server_message_metrics.0cacaae5-2f1d-4021-a1c8-b7d3ead785ca
2021-06-07 01:00:37,583 [grpc-default-executor-3] INFO  server.RaftServer (RaftServerProxy.java:addNew(95)) - 0cacaae5-2f1d-4021-a1c8-b7d3ead785ca: addNew group-1BD4F35D16EE:[037b306d-55e4-4cae-90bd-e43eb14a37fd|rpc:10.1.0.42:42733|dataStream:|priority:0, 0cacaae5-2f1d-4021-a1c8-b7d3ead785ca|rpc:10.1.0.42:39691|dataStream:|priority:1, b8685ee4-5ca3-4a9e-9d6c-fdbcd092b49e|rpc:10.1.0.42:46205|dataStream:|priority:0] returns group-1BD4F35D16EE:java.util.concurrent.CompletableFuture@68af2498[Not completed]
2021-06-07 01:00:37,585 [pool-411-thread-1] INFO  server.RaftServer$Division (RaftServerImpl.java:<init>(180)) - 0cacaae5-2f1d-4021-a1c8-b7d3ead785ca: new RaftServerImpl for group-1BD4F35D16EE:[037b306d-55e4-4cae-90bd-e43eb14a37fd|rpc:10.1.0.42:42733|dataStream:|priority:0, 0cacaae5-2f1d-4021-a1c8-b7d3ead785ca|rpc:10.1.0.42:39691|dataStream:|priority:1, b8685ee4-5ca3-4a9e-9d6c-fdbcd092b49e|rpc:10.1.0.42:46205|dataStream:|priority:0] with ContainerStateMachine:uninitialized
2021-06-07 01:00:37,586 [pool-411-thread-1] INFO  server.RaftServerConfigKeys (ConfUtils.java:logGet(44)) - raft.server.rpc.timeout.min = 5s (custom)
2021-06-07 01:00:37,587 [pool-411-thread-1] INFO  server.RaftServerConfigKeys (ConfUtils.java:logGet(44)) - raft.server.rpc.timeout.max = 5200ms (custom)
2021-06-07 01:00:37,587 [pool-411-thread-1] INFO  server.RaftServerConfigKeys (ConfUtils.java:logGet(44)) - raft.server.rpc.sleep.time = 25ms (default)
2021-06-07 01:00:37,587 [pool-411-thread-1] INFO  server.RaftServerConfigKeys (ConfUtils.java:logGet(44)) - raft.server.rpc.slowness.timeout = 300000ms (custom)
2021-06-07 01:00:37,587 [pool-411-thread-1] INFO  server.RaftServerConfigKeys (ConfUtils.java:logGet(44)) - raft.server.leaderelection.leader.step-down.wait-time = 10s (default)
2021-06-07 01:00:37,587 [pool-411-thread-1] INFO  server.RaftServerConfigKeys (ConfUtils.java:logGet(44)) - raft.server.sleep.deviation.threshold = 300ms (default)
2021-06-07 01:00:37,587 [pool-411-thread-1] INFO  server.RaftServerConfigKeys (ConfUtils.java:logGet(44)) - raft.server.log.appender.install.snapshot.enabled = false (custom)
2021-06-07 01:00:37,587 [pool-411-thread-1] INFO  server.RaftServer$Division (ServerState.java:<init>(105)) - 0cacaae5-2f1d-4021-a1c8-b7d3ead785ca@group-1BD4F35D16EE: ConfigurationManager, init=-1: [037b306d-55e4-4cae-90bd-e43eb14a37fd|rpc:10.1.0.42:42733|dataStream:|priority:0, 0cacaae5-2f1d-4021-a1c8-b7d3ead785ca|rpc:10.1.0.42:39691|dataStream:|priority:1, b8685ee4-5ca3-4a9e-9d6c-fdbcd092b49e|rpc:10.1.0.42:46205|dataStream:|priority:0], old=null, confs=<EMPTY_MAP>
2021-06-07 01:00:37,587 [pool-411-thread-1] INFO  server.RaftServerConfigKeys (ConfUtils.java:logGet(44)) - raft.server.storage.dir = [/home/runner/work/ozone/ozone/mnt/ozone/hadoop-ozone/integration-test/target/test-dir/MiniOzoneClusterImpl-4d691a8a-0502-4280-8005-09cceedbb589/datanode-8/data/ratis] (custom)
2021-06-07 01:00:37,587 [pool-411-thread-1] INFO  server.RaftServerConfigKeys (ConfUtils.java:logGet(44)) - raft.server.log.corruption.policy = EXCEPTION (default)
2021-06-07 01:00:37,587 [pool-411-thread-1] INFO  storage.RaftStorageDirectory (RaftStorageDirectoryImpl.java:analyzeStorage(132)) - The storage directory /home/runner/work/ozone/ozone/mnt/ozone/hadoop-ozone/integration-test/target/test-dir/MiniOzoneClusterImpl-4d691a8a-0502-4280-8005-09cceedbb589/datanode-8/data/ratis/d58ec0e1-1309-4d1c-973f-1bd4f35d16ee does not exist. Creating ...
2021-06-07 01:00:37,588 [pool-411-thread-1] INFO  storage.RaftStorageDirectory (RaftStorageDirectoryImpl.java:tryLock(215)) - Lock on /home/runner/work/ozone/ozone/mnt/ozone/hadoop-ozone/integration-test/target/test-dir/MiniOzoneClusterImpl-4d691a8a-0502-4280-8005-09cceedbb589/datanode-8/data/ratis/d58ec0e1-1309-4d1c-973f-1bd4f35d16ee/in_use.lock acquired by nodename 8828@fv-az291-903
2021-06-07 01:00:37,589 [pool-411-thread-1] INFO  storage.RaftStorage (RaftStorageImpl.java:format(87)) - Storage directory /home/runner/work/ozone/ozone/mnt/ozone/hadoop-ozone/integration-test/target/test-dir/MiniOzoneClusterImpl-4d691a8a-0502-4280-8005-09cceedbb589/datanode-8/data/ratis/d58ec0e1-1309-4d1c-973f-1bd4f35d16ee has been successfully formatted.
2021-06-07 01:00:37,590 [pool-411-thread-1] INFO  ratis.ContainerStateMachine (ContainerStateMachine.java:loadSnapshot(224)) - group-1BD4F35D16EE: The snapshot info is null. Setting the last applied indexto:(t:0, i:~)
2021-06-07 01:00:37,590 [pool-411-thread-1] INFO  server.RaftServerConfigKeys (ConfUtils.java:logGet(44)) - raft.server.notification.no-leader.timeout = 300000ms (custom)
2021-06-07 01:00:37,591 [EventQueue-PipelineReportForOneReplicaPipelineSafeModeRule] INFO  safemode.SCMSafeModeManager (SCMSafeModeManager.java:validateSafeModeExitRules(201)) - AtleastOneDatanodeReportedRule rule is successfully validated
2021-06-07 01:00:37,591 [pool-411-thread-1] INFO  server.RaftServerConfigKeys (ConfUtils.java:logGet(44)) - raft.server.log.use.memory = false (default)
2021-06-07 01:00:37,591 [pool-411-thread-1] INFO  server.RaftServerConfigKeys (ConfUtils.java:logGet(44)) - raft.server.log.purge.gap = 1000000 (custom)
2021-06-07 01:00:37,591 [pool-411-thread-1] INFO  server.RaftServerConfigKeys (ConfUtils.java:logGet(44)) - raft.server.log.appender.buffer.byte-limit = 33554432 (custom)
2021-06-07 01:00:37,591 [pool-411-thread-1] INFO  metrics.RatisMetrics (RatisMetrics.java:lambda$create$0(36)) - Creating Metrics Registry : ratis.log_worker.0cacaae5-2f1d-4021-a1c8-b7d3ead785ca@group-1BD4F35D16EE
2021-06-07 01:00:37,592 [pool-411-thread-1] INFO  server.RaftServerConfigKeys (ConfUtils.java:logGet(44)) - raft.server.log.segment.size.max = 1048576 (custom)
2021-06-07 01:00:37,592 [pool-411-thread-1] INFO  server.RaftServerConfigKeys (ConfUtils.java:logGet(44)) - raft.server.log.segment.cache.num.max = 2 (custom)
2021-06-07 01:00:37,592 [pool-411-thread-1] INFO  server.RaftServerConfigKeys (ConfUtils.java:logGet(44)) - raft.server.log.segment.cache.size.max = 200MB (=209715200) (default)
2021-06-07 01:00:37,592 [pool-411-thread-1] INFO  segmented.SegmentedRaftLogWorker (SegmentedRaftLogWorker.java:<init>(182)) - new 0cacaae5-2f1d-4021-a1c8-b7d3ead785ca@group-1BD4F35D16EE-SegmentedRaftLogWorker for RaftStorageImpl:Storage Directory /home/runner/work/ozone/ozone/mnt/ozone/hadoop-ozone/integration-test/target/test-dir/MiniOzoneClusterImpl-4d691a8a-0502-4280-8005-09cceedbb589/datanode-8/data/ratis/d58ec0e1-1309-4d1c-973f-1bd4f35d16ee
2021-06-07 01:00:37,592 [pool-411-thread-1] INFO  server.RaftServerConfigKeys (ConfUtils.java:logGet(44)) - raft.server.log.queue.byte-limit = 2147483647 (custom)
2021-06-07 01:00:37,592 [pool-411-thread-1] INFO  server.RaftServerConfigKeys (ConfUtils.java:logGet(44)) - raft.server.log.queue.element-limit = 1024 (custom)
2021-06-07 01:00:37,592 [pool-411-thread-1] INFO  server.RaftServerConfigKeys (ConfUtils.java:logGet(44)) - raft.server.log.segment.size.max = 1048576 (custom)
2021-06-07 01:00:37,592 [pool-411-thread-1] INFO  server.RaftServerConfigKeys (ConfUtils.java:logGet(44)) - raft.server.log.preallocated.size = 16384 (custom)
2021-06-07 01:00:37,592 [pool-411-thread-1] INFO  server.RaftServerConfigKeys (ConfUtils.java:logGet(44)) - raft.server.log.force.sync.num = 128 (default)
2021-06-07 01:00:37,593 [pool-411-thread-1] INFO  server.RaftServerConfigKeys (ConfUtils.java:logGet(44)) - raft.server.log.statemachine.data.sync = true (default)
2021-06-07 01:00:37,593 [pool-411-thread-1] INFO  server.RaftServerConfigKeys (ConfUtils.java:logGet(44)) - raft.server.log.statemachine.data.sync.timeout = 10s (default)
2021-06-07 01:00:37,593 [pool-411-thread-1] INFO  server.RaftServerConfigKeys (ConfUtils.java:logGet(44)) - raft.server.log.statemachine.data.sync.timeout.retry = -1 (default)
2021-06-07 01:00:37,594 [pool-411-thread-1] INFO  server.RaftServerConfigKeys (ConfUtils.java:logGet(44)) - raft.server.log.write.buffer.size = 1048576 (custom)
2021-06-07 01:00:37,594 [pool-411-thread-1] INFO  server.RaftServerConfigKeys (ConfUtils.java:logGet(44)) - raft.server.log.statemachine.data.caching.enabled = true (custom)
2021-06-07 01:00:37,595 [pool-411-thread-1] INFO  segmented.SegmentedRaftLogWorker (SegmentedRaftLogWorker.java:lambda$new$0(133)) - 0cacaae5-2f1d-4021-a1c8-b7d3ead785ca@group-1BD4F35D16EE-SegmentedRaftLogWorker: flushIndex: setUnconditionally 0 -> -1
2021-06-07 01:00:37,595 [pool-411-thread-1] INFO  segmented.SegmentedRaftLogWorker (SegmentedRaftLogWorker.java:lambda$new$0(133)) - 0cacaae5-2f1d-4021-a1c8-b7d3ead785ca@group-1BD4F35D16EE-SegmentedRaftLogWorker: safeCacheEvictIndex: setUnconditionally 0 -> -1
2021-06-07 01:00:37,595 [pool-411-thread-1] INFO  server.RaftServerConfigKeys (ConfUtils.java:logGet(44)) - raft.server.snapshot.auto.trigger.enabled = true (custom)
2021-06-07 01:00:37,595 [pool-411-thread-1] INFO  server.RaftServerConfigKeys (ConfUtils.java:logGet(44)) - raft.server.snapshot.auto.trigger.threshold = 10000 (custom)
2021-06-07 01:00:37,595 [pool-411-thread-1] INFO  server.RaftServerConfigKeys (ConfUtils.java:logGet(44)) - raft.server.snapshot.retention.file.num = 5 (custom)
2021-06-07 01:00:37,595 [pool-411-thread-1] INFO  server.RaftServerConfigKeys (ConfUtils.java:logGet(44)) - raft.server.log.purge.upto.snapshot.index = false (default)
2021-06-07 01:00:37,595 [pool-411-thread-1] INFO  server.RaftServerConfigKeys (ConfUtils.java:logGet(44)) - raft.server.retrycache.expirytime = 600000ms (custom)
2021-06-07 01:00:37,595 [pool-411-thread-1] INFO  server.RaftServerConfigKeys (ConfUtils.java:logGet(44)) - raft.server.retrycache.statistics.expirytime = 100μs (default)
2021-06-07 01:00:37,595 [pool-411-thread-1] INFO  metrics.RatisMetrics (RatisMetrics.java:lambda$create$0(36)) - Creating Metrics Registry : ratis.leader_election.0cacaae5-2f1d-4021-a1c8-b7d3ead785ca@group-1BD4F35D16EE
2021-06-07 01:00:37,595 [pool-411-thread-1] INFO  metrics.RatisMetrics (RatisMetrics.java:lambda$create$0(36)) - Creating Metrics Registry : ratis.server.0cacaae5-2f1d-4021-a1c8-b7d3ead785ca@group-1BD4F35D16EE
2021-06-07 01:00:37,596 [pool-411-thread-1] INFO  server.RaftServer$Division (RaftServerImpl.java:start(295)) - 0cacaae5-2f1d-4021-a1c8-b7d3ead785ca@group-1BD4F35D16EE: start as a follower, conf=-1: [037b306d-55e4-4cae-90bd-e43eb14a37fd|rpc:10.1.0.42:42733|dataStream:|priority:0, 0cacaae5-2f1d-4021-a1c8-b7d3ead785ca|rpc:10.1.0.42:39691|dataStream:|priority:1, b8685ee4-5ca3-4a9e-9d6c-fdbcd092b49e|rpc:10.1.0.42:46205|dataStream:|priority:0], old=null
2021-06-07 01:00:37,596 [pool-411-thread-1] INFO  server.RaftServer$Division (RaftServerImpl.java:setRole(284)) - 0cacaae5-2f1d-4021-a1c8-b7d3ead785ca@group-1BD4F35D16EE: changes role from      null to FOLLOWER at term 0 for startAsFollower
2021-06-07 01:00:37,596 [pool-411-thread-1] INFO  impl.RoleInfo (RoleInfo.java:updateAndGet(130)) - 0cacaae5-2f1d-4021-a1c8-b7d3ead785ca: start 0cacaae5-2f1d-4021-a1c8-b7d3ead785ca@group-1BD4F35D16EE-FollowerState
2021-06-07 01:00:37,596 [pool-411-thread-1] INFO  util.JmxRegister (JmxRegister.java:tryRegister(44)) - Successfully registered JMX Bean with object name Ratis:service=RaftServer,group=group-1BD4F35D16EE,id=0cacaae5-2f1d-4021-a1c8-b7d3ead785ca
2021-06-07 01:00:37,596 [pool-411-thread-1] INFO  metrics.RatisMetrics (RatisMetrics.java:lambda$create$0(36)) - Creating Metrics Registry : ratis.state_machine.0cacaae5-2f1d-4021-a1c8-b7d3ead785ca@group-1BD4F35D16EE
2021-06-07 01:00:37,602 [Command processor thread] INFO  metrics.RatisMetrics (RatisMetrics.java:lambda$create$0(36)) - Creating Metrics Registry : ratis.client_message_metrics.client-2FC5EB76A147->b8685ee4-5ca3-4a9e-9d6c-fdbcd092b49e
2021-06-07 01:00:37,607 [grpc-default-executor-3] INFO  metrics.RatisMetrics (RatisMetrics.java:lambda$create$0(36)) - Creating Metrics Registry : ratis.server_message_metrics.b8685ee4-5ca3-4a9e-9d6c-fdbcd092b49e
2021-06-07 01:00:37,609 [grpc-default-executor-3] INFO  server.RaftServer (RaftServerProxy.java:addNew(95)) - b8685ee4-5ca3-4a9e-9d6c-fdbcd092b49e: addNew group-1BD4F35D16EE:[037b306d-55e4-4cae-90bd-e43eb14a37fd|rpc:10.1.0.42:42733|dataStream:|priority:0, 0cacaae5-2f1d-4021-a1c8-b7d3ead785ca|rpc:10.1.0.42:39691|dataStream:|priority:1, b8685ee4-5ca3-4a9e-9d6c-fdbcd092b49e|rpc:10.1.0.42:46205|dataStream:|priority:0] returns group-1BD4F35D16EE:java.util.concurrent.CompletableFuture@4eceb171[Not completed]
2021-06-07 01:00:37,609 [pool-393-thread-1] INFO  server.RaftServer$Division (RaftServerImpl.java:<init>(180)) - b8685ee4-5ca3-4a9e-9d6c-fdbcd092b49e: new RaftServerImpl for group-1BD4F35D16EE:[037b306d-55e4-4cae-90bd-e43eb14a37fd|rpc:10.1.0.42:42733|dataStream:|priority:0, 0cacaae5-2f1d-4021-a1c8-b7d3ead785ca|rpc:10.1.0.42:39691|dataStream:|priority:1, b8685ee4-5ca3-4a9e-9d6c-fdbcd092b49e|rpc:10.1.0.42:46205|dataStream:|priority:0] with ContainerStateMachine:uninitialized
2021-06-07 01:00:37,609 [pool-393-thread-1] INFO  server.RaftServerConfigKeys (ConfUtils.java:logGet(44)) - raft.server.rpc.timeout.min = 5s (custom)
2021-06-07 01:00:37,609 [pool-393-thread-1] INFO  server.RaftServerConfigKeys (ConfUtils.java:logGet(44)) - raft.server.rpc.timeout.max = 5200ms (custom)
2021-06-07 01:00:37,610 [pool-393-thread-1] INFO  server.RaftServerConfigKeys (ConfUtils.java:logGet(44)) - raft.server.rpc.sleep.time = 25ms (default)
2021-06-07 01:00:37,610 [pool-393-thread-1] INFO  server.RaftServerConfigKeys (ConfUtils.java:logGet(44)) - raft.server.rpc.slowness.timeout = 300000ms (custom)
2021-06-07 01:00:37,610 [pool-393-thread-1] INFO  server.RaftServerConfigKeys (ConfUtils.java:logGet(44)) - raft.server.leaderelection.leader.step-down.wait-time = 10s (default)
2021-06-07 01:00:37,610 [pool-393-thread-1] INFO  server.RaftServerConfigKeys (ConfUtils.java:logGet(44)) - raft.server.sleep.deviation.threshold = 300ms (default)
2021-06-07 01:00:37,610 [pool-393-thread-1] INFO  server.RaftServerConfigKeys (ConfUtils.java:logGet(44)) - raft.server.log.appender.install.snapshot.enabled = false (custom)
2021-06-07 01:00:37,610 [pool-393-thread-1] INFO  server.RaftServer$Division (ServerState.java:<init>(105)) - b8685ee4-5ca3-4a9e-9d6c-fdbcd092b49e@group-1BD4F35D16EE: ConfigurationManager, init=-1: [037b306d-55e4-4cae-90bd-e43eb14a37fd|rpc:10.1.0.42:42733|dataStream:|priority:0, 0cacaae5-2f1d-4021-a1c8-b7d3ead785ca|rpc:10.1.0.42:39691|dataStream:|priority:1, b8685ee4-5ca3-4a9e-9d6c-fdbcd092b49e|rpc:10.1.0.42:46205|dataStream:|priority:0], old=null, confs=<EMPTY_MAP>
2021-06-07 01:00:37,610 [pool-393-thread-1] INFO  server.RaftServerConfigKeys (ConfUtils.java:logGet(44)) - raft.server.storage.dir = [/home/runner/work/ozone/ozone/mnt/ozone/hadoop-ozone/integration-test/target/test-dir/MiniOzoneClusterImpl-4d691a8a-0502-4280-8005-09cceedbb589/datanode-7/data/ratis] (custom)
2021-06-07 01:00:37,610 [pool-393-thread-1] INFO  server.RaftServerConfigKeys (ConfUtils.java:logGet(44)) - raft.server.log.corruption.policy = EXCEPTION (default)
2021-06-07 01:00:37,610 [pool-393-thread-1] INFO  storage.RaftStorageDirectory (RaftStorageDirectoryImpl.java:analyzeStorage(132)) - The storage directory /home/runner/work/ozone/ozone/mnt/ozone/hadoop-ozone/integration-test/target/test-dir/MiniOzoneClusterImpl-4d691a8a-0502-4280-8005-09cceedbb589/datanode-7/data/ratis/d58ec0e1-1309-4d1c-973f-1bd4f35d16ee does not exist. Creating ...
2021-06-07 01:00:37,611 [pool-393-thread-1] INFO  storage.RaftStorageDirectory (RaftStorageDirectoryImpl.java:tryLock(215)) - Lock on /home/runner/work/ozone/ozone/mnt/ozone/hadoop-ozone/integration-test/target/test-dir/MiniOzoneClusterImpl-4d691a8a-0502-4280-8005-09cceedbb589/datanode-7/data/ratis/d58ec0e1-1309-4d1c-973f-1bd4f35d16ee/in_use.lock acquired by nodename 8828@fv-az291-903
2021-06-07 01:00:37,612 [pool-393-thread-1] INFO  storage.RaftStorage (RaftStorageImpl.java:format(87)) - Storage directory /home/runner/work/ozone/ozone/mnt/ozone/hadoop-ozone/integration-test/target/test-dir/MiniOzoneClusterImpl-4d691a8a-0502-4280-8005-09cceedbb589/datanode-7/data/ratis/d58ec0e1-1309-4d1c-973f-1bd4f35d16ee has been successfully formatted.
2021-06-07 01:00:37,612 [pool-393-thread-1] INFO  ratis.ContainerStateMachine (ContainerStateMachine.java:loadSnapshot(224)) - group-1BD4F35D16EE: The snapshot info is null. Setting the last applied indexto:(t:0, i:~)
2021-06-07 01:00:37,612 [pool-393-thread-1] INFO  server.RaftServerConfigKeys (ConfUtils.java:logGet(44)) - raft.server.notification.no-leader.timeout = 300000ms (custom)
2021-06-07 01:00:37,612 [EventQueue-PipelineReportForOneReplicaPipelineSafeModeRule] INFO  safemode.SCMSafeModeManager (SCMSafeModeManager.java:validateSafeModeExitRules(201)) - AtleastOneDatanodeReportedRule rule is successfully validated
2021-06-07 01:00:37,613 [pool-393-thread-1] INFO  server.RaftServerConfigKeys (ConfUtils.java:logGet(44)) - raft.server.log.use.memory = false (default)
2021-06-07 01:00:37,613 [pool-393-thread-1] INFO  server.RaftServerConfigKeys (ConfUtils.java:logGet(44)) - raft.server.log.purge.gap = 1000000 (custom)
2021-06-07 01:00:37,613 [pool-393-thread-1] INFO  server.RaftServerConfigKeys (ConfUtils.java:logGet(44)) - raft.server.log.appender.buffer.byte-limit = 33554432 (custom)
2021-06-07 01:00:37,613 [pool-393-thread-1] INFO  metrics.RatisMetrics (RatisMetrics.java:lambda$create$0(36)) - Creating Metrics Registry : ratis.log_worker.b8685ee4-5ca3-4a9e-9d6c-fdbcd092b49e@group-1BD4F35D16EE
2021-06-07 01:00:37,613 [pool-393-thread-1] INFO  server.RaftServerConfigKeys (ConfUtils.java:logGet(44)) - raft.server.log.segment.size.max = 1048576 (custom)
2021-06-07 01:00:37,614 [pool-393-thread-1] INFO  server.RaftServerConfigKeys (ConfUtils.java:logGet(44)) - raft.server.log.segment.cache.num.max = 2 (custom)
2021-06-07 01:00:37,614 [pool-393-thread-1] INFO  server.RaftServerConfigKeys (ConfUtils.java:logGet(44)) - raft.server.log.segment.cache.size.max = 200MB (=209715200) (default)
2021-06-07 01:00:37,614 [pool-393-thread-1] INFO  segmented.SegmentedRaftLogWorker (SegmentedRaftLogWorker.java:<init>(182)) - new b8685ee4-5ca3-4a9e-9d6c-fdbcd092b49e@group-1BD4F35D16EE-SegmentedRaftLogWorker for RaftStorageImpl:Storage Directory /home/runner/work/ozone/ozone/mnt/ozone/hadoop-ozone/integration-test/target/test-dir/MiniOzoneClusterImpl-4d691a8a-0502-4280-8005-09cceedbb589/datanode-7/data/ratis/d58ec0e1-1309-4d1c-973f-1bd4f35d16ee
2021-06-07 01:00:37,614 [pool-393-thread-1] INFO  server.RaftServerConfigKeys (ConfUtils.java:logGet(44)) - raft.server.log.queue.byte-limit = 2147483647 (custom)
2021-06-07 01:00:37,614 [pool-393-thread-1] INFO  server.RaftServerConfigKeys (ConfUtils.java:logGet(44)) - raft.server.log.queue.element-limit = 1024 (custom)
2021-06-07 01:00:37,614 [pool-393-thread-1] INFO  server.RaftServerConfigKeys (ConfUtils.java:logGet(44)) - raft.server.log.segment.size.max = 1048576 (custom)
2021-06-07 01:00:37,614 [pool-393-thread-1] INFO  server.RaftServerConfigKeys (ConfUtils.java:logGet(44)) - raft.server.log.preallocated.size = 16384 (custom)
2021-06-07 01:00:37,614 [pool-393-thread-1] INFO  server.RaftServerConfigKeys (ConfUtils.java:logGet(44)) - raft.server.log.force.sync.num = 128 (default)
2021-06-07 01:00:37,614 [pool-393-thread-1] INFO  server.RaftServerConfigKeys (ConfUtils.java:logGet(44)) - raft.server.log.statemachine.data.sync = true (default)
2021-06-07 01:00:37,614 [pool-393-thread-1] INFO  server.RaftServerConfigKeys (ConfUtils.java:logGet(44)) - raft.server.log.statemachine.data.sync.timeout = 10s (default)
2021-06-07 01:00:37,615 [pool-393-thread-1] INFO  server.RaftServerConfigKeys (ConfUtils.java:logGet(44)) - raft.server.log.statemachine.data.sync.timeout.retry = -1 (default)
2021-06-07 01:00:37,615 [pool-393-thread-1] INFO  server.RaftServerConfigKeys (ConfUtils.java:logGet(44)) - raft.server.log.write.buffer.size = 1048576 (custom)
2021-06-07 01:00:37,616 [pool-393-thread-1] INFO  server.RaftServerConfigKeys (ConfUtils.java:logGet(44)) - raft.server.log.statemachine.data.caching.enabled = true (custom)
2021-06-07 01:00:37,616 [pool-393-thread-1] INFO  segmented.SegmentedRaftLogWorker (SegmentedRaftLogWorker.java:lambda$new$0(133)) - b8685ee4-5ca3-4a9e-9d6c-fdbcd092b49e@group-1BD4F35D16EE-SegmentedRaftLogWorker: flushIndex: setUnconditionally 0 -> -1
2021-06-07 01:00:37,616 [pool-393-thread-1] INFO  segmented.SegmentedRaftLogWorker (SegmentedRaftLogWorker.java:lambda$new$0(133)) - b8685ee4-5ca3-4a9e-9d6c-fdbcd092b49e@group-1BD4F35D16EE-SegmentedRaftLogWorker: safeCacheEvictIndex: setUnconditionally 0 -> -1
2021-06-07 01:00:37,616 [pool-393-thread-1] INFO  server.RaftServerConfigKeys (ConfUtils.java:logGet(44)) - raft.server.snapshot.auto.trigger.enabled = true (custom)
2021-06-07 01:00:37,616 [pool-393-thread-1] INFO  server.RaftServerConfigKeys (ConfUtils.java:logGet(44)) - raft.server.snapshot.auto.trigger.threshold = 10000 (custom)
2021-06-07 01:00:37,616 [pool-393-thread-1] INFO  server.RaftServerConfigKeys (ConfUtils.java:logGet(44)) - raft.server.snapshot.retention.file.num = 5 (custom)
2021-06-07 01:00:37,616 [pool-393-thread-1] INFO  server.RaftServerConfigKeys (ConfUtils.java:logGet(44)) - raft.server.log.purge.upto.snapshot.index = false (default)
2021-06-07 01:00:37,616 [pool-393-thread-1] INFO  server.RaftServerConfigKeys (ConfUtils.java:logGet(44)) - raft.server.retrycache.expirytime = 600000ms (custom)
2021-06-07 01:00:37,616 [pool-393-thread-1] INFO  server.RaftServerConfigKeys (ConfUtils.java:logGet(44)) - raft.server.retrycache.statistics.expirytime = 100μs (default)
2021-06-07 01:00:37,617 [pool-393-thread-1] INFO  metrics.RatisMetrics (RatisMetrics.java:lambda$create$0(36)) - Creating Metrics Registry : ratis.leader_election.b8685ee4-5ca3-4a9e-9d6c-fdbcd092b49e@group-1BD4F35D16EE
2021-06-07 01:00:37,617 [pool-393-thread-1] INFO  metrics.RatisMetrics (RatisMetrics.java:lambda$create$0(36)) - Creating Metrics Registry : ratis.server.b8685ee4-5ca3-4a9e-9d6c-fdbcd092b49e@group-1BD4F35D16EE
2021-06-07 01:00:37,617 [pool-393-thread-1] INFO  server.RaftServer$Division (RaftServerImpl.java:start(295)) - b8685ee4-5ca3-4a9e-9d6c-fdbcd092b49e@group-1BD4F35D16EE: start as a follower, conf=-1: [037b306d-55e4-4cae-90bd-e43eb14a37fd|rpc:10.1.0.42:42733|dataStream:|priority:0, 0cacaae5-2f1d-4021-a1c8-b7d3ead785ca|rpc:10.1.0.42:39691|dataStream:|priority:1, b8685ee4-5ca3-4a9e-9d6c-fdbcd092b49e|rpc:10.1.0.42:46205|dataStream:|priority:0], old=null
2021-06-07 01:00:37,617 [pool-393-thread-1] INFO  server.RaftServer$Division (RaftServerImpl.java:setRole(284)) - b8685ee4-5ca3-4a9e-9d6c-fdbcd092b49e@group-1BD4F35D16EE: changes role from      null to FOLLOWER at term 0 for startAsFollower
2021-06-07 01:00:37,618 [pool-393-thread-1] INFO  impl.RoleInfo (RoleInfo.java:updateAndGet(130)) - b8685ee4-5ca3-4a9e-9d6c-fdbcd092b49e: start b8685ee4-5ca3-4a9e-9d6c-fdbcd092b49e@group-1BD4F35D16EE-FollowerState
2021-06-07 01:00:37,622 [pool-393-thread-1] INFO  util.JmxRegister (JmxRegister.java:tryRegister(44)) - Successfully registered JMX Bean with object name Ratis:service=RaftServer,group=group-1BD4F35D16EE,id=b8685ee4-5ca3-4a9e-9d6c-fdbcd092b49e
2021-06-07 01:00:37,622 [pool-393-thread-1] INFO  metrics.RatisMetrics (RatisMetrics.java:lambda$create$0(36)) - Creating Metrics Registry : ratis.state_machine.b8685ee4-5ca3-4a9e-9d6c-fdbcd092b49e@group-1BD4F35D16EE
2021-06-07 01:00:37,626 [Command processor thread] INFO  commandhandler.CreatePipelineCommandHandler (CreatePipelineCommandHandler.java:handle(106)) - Created Pipeline RATIS THREE PipelineID=d58ec0e1-1309-4d1c-973f-1bd4f35d16ee.
2021-06-07 01:00:37,657 [Command processor thread] INFO  server.RaftServer (RaftServerProxy.java:addNew(95)) - b8685ee4-5ca3-4a9e-9d6c-fdbcd092b49e: addNew group-1B81A7A9D557:[b8685ee4-5ca3-4a9e-9d6c-fdbcd092b49e|rpc:10.1.0.42:46205|priority:1] returns group-1B81A7A9D557:java.util.concurrent.CompletableFuture@5e61c4ff[Not completed]
2021-06-07 01:00:37,658 [pool-393-thread-1] INFO  server.RaftServer$Division (RaftServerImpl.java:<init>(180)) - b8685ee4-5ca3-4a9e-9d6c-fdbcd092b49e: new RaftServerImpl for group-1B81A7A9D557:[b8685ee4-5ca3-4a9e-9d6c-fdbcd092b49e|rpc:10.1.0.42:46205|priority:1] with ContainerStateMachine:uninitialized
2021-06-07 01:00:37,658 [pool-393-thread-1] INFO  server.RaftServerConfigKeys (ConfUtils.java:logGet(44)) - raft.server.rpc.timeout.min = 5s (custom)
2021-06-07 01:00:37,658 [pool-393-thread-1] INFO  server.RaftServerConfigKeys (ConfUtils.java:logGet(44)) - raft.server.rpc.timeout.max = 5200ms (custom)
2021-06-07 01:00:37,658 [pool-393-thread-1] INFO  server.RaftServerConfigKeys (ConfUtils.java:logGet(44)) - raft.server.rpc.sleep.time = 25ms (default)
2021-06-07 01:00:37,658 [pool-393-thread-1] INFO  server.RaftServerConfigKeys (ConfUtils.java:logGet(44)) - raft.server.rpc.slowness.timeout = 300000ms (custom)
2021-06-07 01:00:37,658 [pool-393-thread-1] INFO  server.RaftServerConfigKeys (ConfUtils.java:logGet(44)) - raft.server.leaderelection.leader.step-down.wait-time = 10s (default)
2021-06-07 01:00:37,658 [pool-393-thread-1] INFO  server.RaftServerConfigKeys (ConfUtils.java:logGet(44)) - raft.server.sleep.deviation.threshold = 300ms (default)
2021-06-07 01:00:37,658 [pool-393-thread-1] INFO  server.RaftServerConfigKeys (ConfUtils.java:logGet(44)) - raft.server.log.appender.install.snapshot.enabled = false (custom)
2021-06-07 01:00:37,658 [pool-393-thread-1] INFO  server.RaftServer$Division (ServerState.java:<init>(105)) - b8685ee4-5ca3-4a9e-9d6c-fdbcd092b49e@group-1B81A7A9D557: ConfigurationManager, init=-1: [b8685ee4-5ca3-4a9e-9d6c-fdbcd092b49e|rpc:10.1.0.42:46205|priority:1], old=null, confs=<EMPTY_MAP>
2021-06-07 01:00:37,658 [pool-393-thread-1] INFO  server.RaftServerConfigKeys (ConfUtils.java:logGet(44)) - raft.server.storage.dir = [/home/runner/work/ozone/ozone/mnt/ozone/hadoop-ozone/integration-test/target/test-dir/MiniOzoneClusterImpl-4d691a8a-0502-4280-8005-09cceedbb589/datanode-7/data/ratis] (custom)
2021-06-07 01:00:37,659 [pool-393-thread-1] INFO  server.RaftServerConfigKeys (ConfUtils.java:logGet(44)) - raft.server.log.corruption.policy = EXCEPTION (default)
2021-06-07 01:00:37,659 [pool-393-thread-1] INFO  storage.RaftStorageDirectory (RaftStorageDirectoryImpl.java:analyzeStorage(132)) - The storage directory /home/runner/work/ozone/ozone/mnt/ozone/hadoop-ozone/integration-test/target/test-dir/MiniOzoneClusterImpl-4d691a8a-0502-4280-8005-09cceedbb589/datanode-7/data/ratis/5f56733d-9e3f-4294-8821-1b81a7a9d557 does not exist. Creating ...
2021-06-07 01:00:37,661 [pool-393-thread-1] INFO  storage.RaftStorageDirectory (RaftStorageDirectoryImpl.java:tryLock(215)) - Lock on /home/runner/work/ozone/ozone/mnt/ozone/hadoop-ozone/integration-test/target/test-dir/MiniOzoneClusterImpl-4d691a8a-0502-4280-8005-09cceedbb589/datanode-7/data/ratis/5f56733d-9e3f-4294-8821-1b81a7a9d557/in_use.lock acquired by nodename 8828@fv-az291-903
2021-06-07 01:00:37,662 [pool-393-thread-1] INFO  storage.RaftStorage (RaftStorageImpl.java:format(87)) - Storage directory /home/runner/work/ozone/ozone/mnt/ozone/hadoop-ozone/integration-test/target/test-dir/MiniOzoneClusterImpl-4d691a8a-0502-4280-8005-09cceedbb589/datanode-7/data/ratis/5f56733d-9e3f-4294-8821-1b81a7a9d557 has been successfully formatted.
2021-06-07 01:00:37,662 [pool-393-thread-1] INFO  ratis.ContainerStateMachine (ContainerStateMachine.java:loadSnapshot(224)) - group-1B81A7A9D557: The snapshot info is null. Setting the last applied indexto:(t:0, i:~)
2021-06-07 01:00:37,663 [pool-393-thread-1] INFO  server.RaftServerConfigKeys (ConfUtils.java:logGet(44)) - raft.server.notification.no-leader.timeout = 300000ms (custom)
2021-06-07 01:00:37,663 [EventQueue-PipelineReportForPipelineReportHandler] INFO  pipeline.PipelineManagerV2Impl (PipelineManagerV2Impl.java:openPipeline(270)) - Pipeline Pipeline[ Id: 5f56733d-9e3f-4294-8821-1b81a7a9d557, Nodes: b8685ee4-5ca3-4a9e-9d6c-fdbcd092b49e{ip: 10.1.0.42, host: fv-az291-903.wgnan5asplgejimfprtllbpdch.jx.internal.cloudapp.net, ports: [REPLICATION=38791, RATIS=46205, RATIS_ADMIN=46205, RATIS_SERVER=46205, STANDALONE=35493], networkLocation: /default-rack, certSerialId: null, persistedOpState: IN_SERVICE, persistedOpStateExpiryEpochSec: 0}, ReplicationConfig: RATIS/ONE, State:ALLOCATED, leaderId:b8685ee4-5ca3-4a9e-9d6c-fdbcd092b49e, CreationTimestamp2021-06-07T01:00:34.661Z] moved to OPEN state
2021-06-07 01:00:37,663 [EventQueue-PipelineReportForOneReplicaPipelineSafeModeRule] INFO  safemode.SCMSafeModeManager (SCMSafeModeManager.java:validateSafeModeExitRules(201)) - AtleastOneDatanodeReportedRule rule is successfully validated
2021-06-07 01:00:37,663 [pool-393-thread-1] INFO  server.RaftServerConfigKeys (ConfUtils.java:logGet(44)) - raft.server.log.use.memory = false (default)
2021-06-07 01:00:37,663 [pool-393-thread-1] INFO  server.RaftServerConfigKeys (ConfUtils.java:logGet(44)) - raft.server.log.purge.gap = 1000000 (custom)
2021-06-07 01:00:37,663 [pool-393-thread-1] INFO  server.RaftServerConfigKeys (ConfUtils.java:logGet(44)) - raft.server.log.appender.buffer.byte-limit = 33554432 (custom)
2021-06-07 01:00:37,663 [EventQueue-OpenPipelineForHealthyPipelineSafeModeRule] INFO  safemode.SCMSafeModeManager (HealthyPipelineSafeModeRule.java:process(130)) - SCM in safe mode. Healthy pipelines reported count is 0, required healthy pipeline reported count is 1
2021-06-07 01:00:37,663 [pool-393-thread-1] INFO  metrics.RatisMetrics (RatisMetrics.java:lambda$create$0(36)) - Creating Metrics Registry : ratis.log_worker.b8685ee4-5ca3-4a9e-9d6c-fdbcd092b49e@group-1B81A7A9D557
2021-06-07 01:00:37,664 [pool-393-thread-1] INFO  server.RaftServerConfigKeys (ConfUtils.java:logGet(44)) - raft.server.log.segment.size.max = 1048576 (custom)
2021-06-07 01:00:37,664 [pool-393-thread-1] INFO  server.RaftServerConfigKeys (ConfUtils.java:logGet(44)) - raft.server.log.segment.cache.num.max = 2 (custom)
2021-06-07 01:00:37,664 [pool-393-thread-1] INFO  server.RaftServerConfigKeys (ConfUtils.java:logGet(44)) - raft.server.log.segment.cache.size.max = 200MB (=209715200) (default)
2021-06-07 01:00:37,664 [pool-393-thread-1] INFO  segmented.SegmentedRaftLogWorker (SegmentedRaftLogWorker.java:<init>(182)) - new b8685ee4-5ca3-4a9e-9d6c-fdbcd092b49e@group-1B81A7A9D557-SegmentedRaftLogWorker for RaftStorageImpl:Storage Directory /home/runner/work/ozone/ozone/mnt/ozone/hadoop-ozone/integration-test/target/test-dir/MiniOzoneClusterImpl-4d691a8a-0502-4280-8005-09cceedbb589/datanode-7/data/ratis/5f56733d-9e3f-4294-8821-1b81a7a9d557
2021-06-07 01:00:37,664 [pool-393-thread-1] INFO  server.RaftServerConfigKeys (ConfUtils.java:logGet(44)) - raft.server.log.queue.byte-limit = 2147483647 (custom)
2021-06-07 01:00:37,664 [pool-393-thread-1] INFO  server.RaftServerConfigKeys (ConfUtils.java:logGet(44)) - raft.server.log.queue.element-limit = 1024 (custom)
2021-06-07 01:00:37,664 [pool-393-thread-1] INFO  server.RaftServerConfigKeys (ConfUtils.java:logGet(44)) - raft.server.log.segment.size.max = 1048576 (custom)
2021-06-07 01:00:37,665 [pool-393-thread-1] INFO  server.RaftServerConfigKeys (ConfUtils.java:logGet(44)) - raft.server.log.preallocated.size = 16384 (custom)
2021-06-07 01:00:37,665 [pool-393-thread-1] INFO  server.RaftServerConfigKeys (ConfUtils.java:logGet(44)) - raft.server.log.force.sync.num = 128 (default)
2021-06-07 01:00:37,665 [pool-393-thread-1] INFO  server.RaftServerConfigKeys (ConfUtils.java:logGet(44)) - raft.server.log.statemachine.data.sync = true (default)
2021-06-07 01:00:37,665 [pool-393-thread-1] INFO  server.RaftServerConfigKeys (ConfUtils.java:logGet(44)) - raft.server.log.statemachine.data.sync.timeout = 10s (default)
2021-06-07 01:00:37,665 [pool-393-thread-1] INFO  server.RaftServerConfigKeys (ConfUtils.java:logGet(44)) - raft.server.log.statemachine.data.sync.timeout.retry = -1 (default)
2021-06-07 01:00:37,666 [pool-393-thread-1] INFO  server.RaftServerConfigKeys (ConfUtils.java:logGet(44)) - raft.server.log.write.buffer.size = 1048576 (custom)
2021-06-07 01:00:37,667 [pool-393-thread-1] INFO  server.RaftServerConfigKeys (ConfUtils.java:logGet(44)) - raft.server.log.statemachine.data.caching.enabled = true (custom)
2021-06-07 01:00:37,667 [pool-393-thread-1] INFO  segmented.SegmentedRaftLogWorker (SegmentedRaftLogWorker.java:lambda$new$0(133)) - b8685ee4-5ca3-4a9e-9d6c-fdbcd092b49e@group-1B81A7A9D557-SegmentedRaftLogWorker: flushIndex: setUnconditionally 0 -> -1
2021-06-07 01:00:37,667 [pool-393-thread-1] INFO  segmented.SegmentedRaftLogWorker (SegmentedRaftLogWorker.java:lambda$new$0(133)) - b8685ee4-5ca3-4a9e-9d6c-fdbcd092b49e@group-1B81A7A9D557-SegmentedRaftLogWorker: safeCacheEvictIndex: setUnconditionally 0 -> -1
2021-06-07 01:00:37,670 [pool-393-thread-1] INFO  server.RaftServerConfigKeys (ConfUtils.java:logGet(44)) - raft.server.snapshot.auto.trigger.enabled = true (custom)
2021-06-07 01:00:37,670 [pool-393-thread-1] INFO  server.RaftServerConfigKeys (ConfUtils.java:logGet(44)) - raft.server.snapshot.auto.trigger.threshold = 10000 (custom)
2021-06-07 01:00:37,670 [pool-393-thread-1] INFO  server.RaftServerConfigKeys (ConfUtils.java:logGet(44)) - raft.server.snapshot.retention.file.num = 5 (custom)
2021-06-07 01:00:37,670 [pool-393-thread-1] INFO  server.RaftServerConfigKeys (ConfUtils.java:logGet(44)) - raft.server.log.purge.upto.snapshot.index = false (default)
2021-06-07 01:00:37,670 [pool-393-thread-1] INFO  server.RaftServerConfigKeys (ConfUtils.java:logGet(44)) - raft.server.retrycache.expirytime = 600000ms (custom)
2021-06-07 01:00:37,670 [pool-393-thread-1] INFO  server.RaftServerConfigKeys (ConfUtils.java:logGet(44)) - raft.server.retrycache.statistics.expirytime = 100μs (default)
2021-06-07 01:00:37,670 [pool-393-thread-1] INFO  metrics.RatisMetrics (RatisMetrics.java:lambda$create$0(36)) - Creating Metrics Registry : ratis.leader_election.b8685ee4-5ca3-4a9e-9d6c-fdbcd092b49e@group-1B81A7A9D557
2021-06-07 01:00:37,671 [pool-393-thread-1] INFO  metrics.RatisMetrics (RatisMetrics.java:lambda$create$0(36)) - Creating Metrics Registry : ratis.server.b8685ee4-5ca3-4a9e-9d6c-fdbcd092b49e@group-1B81A7A9D557
2021-06-07 01:00:37,672 [pool-393-thread-1] INFO  server.RaftServer$Division (RaftServerImpl.java:start(295)) - b8685ee4-5ca3-4a9e-9d6c-fdbcd092b49e@group-1B81A7A9D557: start as a follower, conf=-1: [b8685ee4-5ca3-4a9e-9d6c-fdbcd092b49e|rpc:10.1.0.42:46205|priority:1], old=null
2021-06-07 01:00:37,672 [pool-393-thread-1] INFO  server.RaftServer$Division (RaftServerImpl.java:setRole(284)) - b8685ee4-5ca3-4a9e-9d6c-fdbcd092b49e@group-1B81A7A9D557: changes role from      null to FOLLOWER at term 0 for startAsFollower
2021-06-07 01:00:37,672 [pool-393-thread-1] INFO  impl.RoleInfo (RoleInfo.java:updateAndGet(130)) - b8685ee4-5ca3-4a9e-9d6c-fdbcd092b49e: start b8685ee4-5ca3-4a9e-9d6c-fdbcd092b49e@group-1B81A7A9D557-FollowerState
2021-06-07 01:00:37,672 [pool-393-thread-1] INFO  util.JmxRegister (JmxRegister.java:tryRegister(44)) - Successfully registered JMX Bean with object name Ratis:service=RaftServer,group=group-1B81A7A9D557,id=b8685ee4-5ca3-4a9e-9d6c-fdbcd092b49e
2021-06-07 01:00:37,672 [pool-393-thread-1] INFO  metrics.RatisMetrics (RatisMetrics.java:lambda$create$0(36)) - Creating Metrics Registry : ratis.state_machine.b8685ee4-5ca3-4a9e-9d6c-fdbcd092b49e@group-1B81A7A9D557
2021-06-07 01:00:37,675 [Command processor thread] INFO  ratis.XceiverServerRatis (XceiverServerRatis.java:addGroup(808)) - Created group PipelineID=5f56733d-9e3f-4294-8821-1b81a7a9d557
2021-06-07 01:00:37,675 [Command processor thread] INFO  commandhandler.CreatePipelineCommandHandler (CreatePipelineCommandHandler.java:handle(106)) - Created Pipeline RATIS ONE PipelineID=5f56733d-9e3f-4294-8821-1b81a7a9d557.
2021-06-07 01:00:37,747 [Listener at 127.0.0.1/46609] INFO  ozone.MiniOzoneClusterImpl (MiniOzoneClusterImpl.java:lambda$waitForClusterToBeReady$0(224)) - Nodes are ready. Got 9 of 9 DN Heartbeats.
2021-06-07 01:00:37,747 [Listener at 127.0.0.1/46609] INFO  ozone.MiniOzoneClusterImpl (MiniOzoneClusterImpl.java:lambda$waitForClusterToBeReady$0(227)) - Waiting for cluster to exit safe mode
2021-06-07 01:00:37,747 [Listener at 127.0.0.1/46609] INFO  ozone.MiniOzoneClusterImpl (MiniOzoneClusterImpl.java:lambda$waitForClusterToBeReady$0(230)) - SCM became leader
2021-06-07 01:00:37,748 [Command processor thread] INFO  server.RaftServer (RaftServerProxy.java:addNew(95)) - 0cacaae5-2f1d-4021-a1c8-b7d3ead785ca: addNew group-5B07DACAF2FD:[0cacaae5-2f1d-4021-a1c8-b7d3ead785ca|rpc:10.1.0.42:39691|priority:1] returns group-5B07DACAF2FD:java.util.concurrent.CompletableFuture@2c2fcc0f[Not completed]
2021-06-07 01:00:37,749 [pool-411-thread-1] INFO  server.RaftServer$Division (RaftServerImpl.java:<init>(180)) - 0cacaae5-2f1d-4021-a1c8-b7d3ead785ca: new RaftServerImpl for group-5B07DACAF2FD:[0cacaae5-2f1d-4021-a1c8-b7d3ead785ca|rpc:10.1.0.42:39691|priority:1] with ContainerStateMachine:uninitialized
2021-06-07 01:00:37,749 [pool-411-thread-1] INFO  server.RaftServerConfigKeys (ConfUtils.java:logGet(44)) - raft.server.rpc.timeout.min = 5s (custom)
2021-06-07 01:00:37,749 [pool-411-thread-1] INFO  server.RaftServerConfigKeys (ConfUtils.java:logGet(44)) - raft.server.rpc.timeout.max = 5200ms (custom)
2021-06-07 01:00:37,749 [pool-411-thread-1] INFO  server.RaftServerConfigKeys (ConfUtils.java:logGet(44)) - raft.server.rpc.sleep.time = 25ms (default)
2021-06-07 01:00:37,749 [pool-411-thread-1] INFO  server.RaftServerConfigKeys (ConfUtils.java:logGet(44)) - raft.server.rpc.slowness.timeout = 300000ms (custom)
2021-06-07 01:00:37,749 [pool-411-thread-1] INFO  server.RaftServerConfigKeys (ConfUtils.java:logGet(44)) - raft.server.leaderelection.leader.step-down.wait-time = 10s (default)
2021-06-07 01:00:37,749 [pool-411-thread-1] INFO  server.RaftServerConfigKeys (ConfUtils.java:logGet(44)) - raft.server.sleep.deviation.threshold = 300ms (default)
2021-06-07 01:00:37,749 [pool-411-thread-1] INFO  server.RaftServerConfigKeys (ConfUtils.java:logGet(44)) - raft.server.log.appender.install.snapshot.enabled = false (custom)
2021-06-07 01:00:37,749 [pool-411-thread-1] INFO  server.RaftServer$Division (ServerState.java:<init>(105)) - 0cacaae5-2f1d-4021-a1c8-b7d3ead785ca@group-5B07DACAF2FD: ConfigurationManager, init=-1: [0cacaae5-2f1d-4021-a1c8-b7d3ead785ca|rpc:10.1.0.42:39691|priority:1], old=null, confs=<EMPTY_MAP>
2021-06-07 01:00:37,749 [pool-411-thread-1] INFO  server.RaftServerConfigKeys (ConfUtils.java:logGet(44)) - raft.server.storage.dir = [/home/runner/work/ozone/ozone/mnt/ozone/hadoop-ozone/integration-test/target/test-dir/MiniOzoneClusterImpl-4d691a8a-0502-4280-8005-09cceedbb589/datanode-8/data/ratis] (custom)
2021-06-07 01:00:37,750 [pool-411-thread-1] INFO  server.RaftServerConfigKeys (ConfUtils.java:logGet(44)) - raft.server.log.corruption.policy = EXCEPTION (default)
2021-06-07 01:00:37,750 [pool-411-thread-1] INFO  storage.RaftStorageDirectory (RaftStorageDirectoryImpl.java:analyzeStorage(132)) - The storage directory /home/runner/work/ozone/ozone/mnt/ozone/hadoop-ozone/integration-test/target/test-dir/MiniOzoneClusterImpl-4d691a8a-0502-4280-8005-09cceedbb589/datanode-8/data/ratis/3e905af0-53c9-4fe9-9357-5b07dacaf2fd does not exist. Creating ...
2021-06-07 01:00:37,751 [pool-411-thread-1] INFO  storage.RaftStorageDirectory (RaftStorageDirectoryImpl.java:tryLock(215)) - Lock on /home/runner/work/ozone/ozone/mnt/ozone/hadoop-ozone/integration-test/target/test-dir/MiniOzoneClusterImpl-4d691a8a-0502-4280-8005-09cceedbb589/datanode-8/data/ratis/3e905af0-53c9-4fe9-9357-5b07dacaf2fd/in_use.lock acquired by nodename 8828@fv-az291-903
2021-06-07 01:00:37,752 [pool-411-thread-1] INFO  storage.RaftStorage (RaftStorageImpl.java:format(87)) - Storage directory /home/runner/work/ozone/ozone/mnt/ozone/hadoop-ozone/integration-test/target/test-dir/MiniOzoneClusterImpl-4d691a8a-0502-4280-8005-09cceedbb589/datanode-8/data/ratis/3e905af0-53c9-4fe9-9357-5b07dacaf2fd has been successfully formatted.
2021-06-07 01:00:37,753 [pool-411-thread-1] INFO  ratis.ContainerStateMachine (ContainerStateMachine.java:loadSnapshot(224)) - group-5B07DACAF2FD: The snapshot info is null. Setting the last applied indexto:(t:0, i:~)
2021-06-07 01:00:37,753 [pool-411-thread-1] INFO  server.RaftServerConfigKeys (ConfUtils.java:logGet(44)) - raft.server.notification.no-leader.timeout = 300000ms (custom)
2021-06-07 01:00:37,753 [pool-411-thread-1] INFO  server.RaftServerConfigKeys (ConfUtils.java:logGet(44)) - raft.server.log.use.memory = false (default)
2021-06-07 01:00:37,753 [pool-411-thread-1] INFO  server.RaftServerConfigKeys (ConfUtils.java:logGet(44)) - raft.server.log.purge.gap = 1000000 (custom)
2021-06-07 01:00:37,753 [pool-411-thread-1] INFO  server.RaftServerConfigKeys (ConfUtils.java:logGet(44)) - raft.server.log.appender.buffer.byte-limit = 33554432 (custom)
2021-06-07 01:00:37,753 [pool-411-thread-1] INFO  metrics.RatisMetrics (RatisMetrics.java:lambda$create$0(36)) - Creating Metrics Registry : ratis.log_worker.0cacaae5-2f1d-4021-a1c8-b7d3ead785ca@group-5B07DACAF2FD
2021-06-07 01:00:37,753 [pool-411-thread-1] INFO  server.RaftServerConfigKeys (ConfUtils.java:logGet(44)) - raft.server.log.segment.size.max = 1048576 (custom)
2021-06-07 01:00:37,754 [EventQueue-PipelineReportForPipelineReportHandler] INFO  pipeline.PipelineManagerV2Impl (PipelineManagerV2Impl.java:openPipeline(270)) - Pipeline Pipeline[ Id: 3e905af0-53c9-4fe9-9357-5b07dacaf2fd, Nodes: 0cacaae5-2f1d-4021-a1c8-b7d3ead785ca{ip: 10.1.0.42, host: fv-az291-903.wgnan5asplgejimfprtllbpdch.jx.internal.cloudapp.net, ports: [REPLICATION=33253, RATIS=39691, RATIS_ADMIN=39691, RATIS_SERVER=39691, STANDALONE=46773], networkLocation: /default-rack, certSerialId: null, persistedOpState: IN_SERVICE, persistedOpStateExpiryEpochSec: 0}, ReplicationConfig: RATIS/ONE, State:ALLOCATED, leaderId:0cacaae5-2f1d-4021-a1c8-b7d3ead785ca, CreationTimestamp2021-06-07T01:00:34.749Z] moved to OPEN state
2021-06-07 01:00:37,754 [EventQueue-PipelineReportForOneReplicaPipelineSafeModeRule] INFO  safemode.SCMSafeModeManager (SCMSafeModeManager.java:validateSafeModeExitRules(201)) - AtleastOneDatanodeReportedRule rule is successfully validated
2021-06-07 01:00:37,754 [EventQueue-OpenPipelineForHealthyPipelineSafeModeRule] INFO  safemode.SCMSafeModeManager (HealthyPipelineSafeModeRule.java:process(130)) - SCM in safe mode. Healthy pipelines reported count is 0, required healthy pipeline reported count is 1
2021-06-07 01:00:37,754 [pool-411-thread-1] INFO  server.RaftServerConfigKeys (ConfUtils.java:logGet(44)) - raft.server.log.segment.cache.num.max = 2 (custom)
2021-06-07 01:00:37,754 [pool-411-thread-1] INFO  server.RaftServerConfigKeys (ConfUtils.java:logGet(44)) - raft.server.log.segment.cache.size.max = 200MB (=209715200) (default)
2021-06-07 01:00:37,754 [pool-411-thread-1] INFO  segmented.SegmentedRaftLogWorker (SegmentedRaftLogWorker.java:<init>(182)) - new 0cacaae5-2f1d-4021-a1c8-b7d3ead785ca@group-5B07DACAF2FD-SegmentedRaftLogWorker for RaftStorageImpl:Storage Directory /home/runner/work/ozone/ozone/mnt/ozone/hadoop-ozone/integration-test/target/test-dir/MiniOzoneClusterImpl-4d691a8a-0502-4280-8005-09cceedbb589/datanode-8/data/ratis/3e905af0-53c9-4fe9-9357-5b07dacaf2fd
2021-06-07 01:00:37,754 [pool-411-thread-1] INFO  server.RaftServerConfigKeys (ConfUtils.java:logGet(44)) - raft.server.log.queue.byte-limit = 2147483647 (custom)
2021-06-07 01:00:37,754 [pool-411-thread-1] INFO  server.RaftServerConfigKeys (ConfUtils.java:logGet(44)) - raft.server.log.queue.element-limit = 1024 (custom)
2021-06-07 01:00:37,754 [pool-411-thread-1] INFO  server.RaftServerConfigKeys (ConfUtils.java:logGet(44)) - raft.server.log.segment.size.max = 1048576 (custom)
2021-06-07 01:00:37,754 [pool-411-thread-1] INFO  server.RaftServerConfigKeys (ConfUtils.java:logGet(44)) - raft.server.log.preallocated.size = 16384 (custom)
2021-06-07 01:00:37,754 [pool-411-thread-1] INFO  server.RaftServerConfigKeys (ConfUtils.java:logGet(44)) - raft.server.log.force.sync.num = 128 (default)
2021-06-07 01:00:37,754 [pool-411-thread-1] INFO  server.RaftServerConfigKeys (ConfUtils.java:logGet(44)) - raft.server.log.statemachine.data.sync = true (default)
2021-06-07 01:00:37,755 [pool-411-thread-1] INFO  server.RaftServerConfigKeys (ConfUtils.java:logGet(44)) - raft.server.log.statemachine.data.sync.timeout = 10s (default)
2021-06-07 01:00:37,755 [pool-411-thread-1] INFO  server.RaftServerConfigKeys (ConfUtils.java:logGet(44)) - raft.server.log.statemachine.data.sync.timeout.retry = -1 (default)
2021-06-07 01:00:37,755 [pool-411-thread-1] INFO  server.RaftServerConfigKeys (ConfUtils.java:logGet(44)) - raft.server.log.write.buffer.size = 1048576 (custom)
2021-06-07 01:00:37,758 [pool-411-thread-1] INFO  server.RaftServerConfigKeys (ConfUtils.java:logGet(44)) - raft.server.log.statemachine.data.caching.enabled = true (custom)
2021-06-07 01:00:37,758 [pool-411-thread-1] INFO  segmented.SegmentedRaftLogWorker (SegmentedRaftLogWorker.java:lambda$new$0(133)) - 0cacaae5-2f1d-4021-a1c8-b7d3ead785ca@group-5B07DACAF2FD-SegmentedRaftLogWorker: flushIndex: setUnconditionally 0 -> -1
2021-06-07 01:00:37,758 [pool-411-thread-1] INFO  segmented.SegmentedRaftLogWorker (SegmentedRaftLogWorker.java:lambda$new$0(133)) - 0cacaae5-2f1d-4021-a1c8-b7d3ead785ca@group-5B07DACAF2FD-SegmentedRaftLogWorker: safeCacheEvictIndex: setUnconditionally 0 -> -1
2021-06-07 01:00:37,758 [pool-411-thread-1] INFO  server.RaftServerConfigKeys (ConfUtils.java:logGet(44)) - raft.server.snapshot.auto.trigger.enabled = true (custom)
2021-06-07 01:00:37,758 [pool-411-thread-1] INFO  server.RaftServerConfigKeys (ConfUtils.java:logGet(44)) - raft.server.snapshot.auto.trigger.threshold = 10000 (custom)
2021-06-07 01:00:37,758 [pool-411-thread-1] INFO  server.RaftServerConfigKeys (ConfUtils.java:logGet(44)) - raft.server.snapshot.retention.file.num = 5 (custom)
2021-06-07 01:00:37,758 [pool-411-thread-1] INFO  server.RaftServerConfigKeys (ConfUtils.java:logGet(44)) - raft.server.log.purge.upto.snapshot.index = false (default)
2021-06-07 01:00:37,758 [pool-411-thread-1] INFO  server.RaftServerConfigKeys (ConfUtils.java:logGet(44)) - raft.server.retrycache.expirytime = 600000ms (custom)
2021-06-07 01:00:37,758 [pool-411-thread-1] INFO  server.RaftServerConfigKeys (ConfUtils.java:logGet(44)) - raft.server.retrycache.statistics.expirytime = 100μs (default)
2021-06-07 01:00:37,759 [pool-411-thread-1] INFO  metrics.RatisMetrics (RatisMetrics.java:lambda$create$0(36)) - Creating Metrics Registry : ratis.leader_election.0cacaae5-2f1d-4021-a1c8-b7d3ead785ca@group-5B07DACAF2FD
2021-06-07 01:00:37,759 [pool-411-thread-1] INFO  metrics.RatisMetrics (RatisMetrics.java:lambda$create$0(36)) - Creating Metrics Registry : ratis.server.0cacaae5-2f1d-4021-a1c8-b7d3ead785ca@group-5B07DACAF2FD
2021-06-07 01:00:37,760 [pool-411-thread-1] INFO  server.RaftServer$Division (RaftServerImpl.java:start(295)) - 0cacaae5-2f1d-4021-a1c8-b7d3ead785ca@group-5B07DACAF2FD: start as a follower, conf=-1: [0cacaae5-2f1d-4021-a1c8-b7d3ead785ca|rpc:10.1.0.42:39691|priority:1], old=null
2021-06-07 01:00:37,760 [pool-411-thread-1] INFO  server.RaftServer$Division (RaftServerImpl.java:setRole(284)) - 0cacaae5-2f1d-4021-a1c8-b7d3ead785ca@group-5B07DACAF2FD: changes role from      null to FOLLOWER at term 0 for startAsFollower
2021-06-07 01:00:37,760 [pool-411-thread-1] INFO  impl.RoleInfo (RoleInfo.java:updateAndGet(130)) - 0cacaae5-2f1d-4021-a1c8-b7d3ead785ca: start 0cacaae5-2f1d-4021-a1c8-b7d3ead785ca@group-5B07DACAF2FD-FollowerState
2021-06-07 01:00:37,760 [pool-411-thread-1] INFO  util.JmxRegister (JmxRegister.java:tryRegister(44)) - Successfully registered JMX Bean with object name Ratis:service=RaftServer,group=group-5B07DACAF2FD,id=0cacaae5-2f1d-4021-a1c8-b7d3ead785ca
2021-06-07 01:00:37,760 [pool-411-thread-1] INFO  metrics.RatisMetrics (RatisMetrics.java:lambda$create$0(36)) - Creating Metrics Registry : ratis.state_machine.0cacaae5-2f1d-4021-a1c8-b7d3ead785ca@group-5B07DACAF2FD
2021-06-07 01:00:37,761 [Command processor thread] INFO  ratis.XceiverServerRatis (XceiverServerRatis.java:addGroup(808)) - Created group PipelineID=3e905af0-53c9-4fe9-9357-5b07dacaf2fd
2021-06-07 01:00:37,761 [Command processor thread] INFO  commandhandler.CreatePipelineCommandHandler (CreatePipelineCommandHandler.java:handle(106)) - Created Pipeline RATIS ONE PipelineID=3e905af0-53c9-4fe9-9357-5b07dacaf2fd.
2021-06-07 01:00:37,968 [EventQueue-PipelineReportForOneReplicaPipelineSafeModeRule] INFO  safemode.SCMSafeModeManager (SCMSafeModeManager.java:validateSafeModeExitRules(201)) - AtleastOneDatanodeReportedRule rule is successfully validated
2021-06-07 01:00:37,968 [EventQueue-OpenPipelineForHealthyPipelineSafeModeRule] INFO  safemode.SCMSafeModeManager (HealthyPipelineSafeModeRule.java:process(130)) - SCM in safe mode. Healthy pipelines reported count is 0, required healthy pipeline reported count is 1
2021-06-07 01:00:38,029 [EventQueue-PipelineReportForOneReplicaPipelineSafeModeRule] INFO  safemode.SCMSafeModeManager (SCMSafeModeManager.java:validateSafeModeExitRules(201)) - AtleastOneDatanodeReportedRule rule is successfully validated
2021-06-07 01:00:38,029 [EventQueue-OpenPipelineForHealthyPipelineSafeModeRule] INFO  safemode.SCMSafeModeManager (HealthyPipelineSafeModeRule.java:process(130)) - SCM in safe mode. Healthy pipelines reported count is 0, required healthy pipeline reported count is 1
2021-06-07 01:00:38,126 [EventQueue-PipelineReportForOneReplicaPipelineSafeModeRule] INFO  safemode.SCMSafeModeManager (SCMSafeModeManager.java:validateSafeModeExitRules(201)) - AtleastOneDatanodeReportedRule rule is successfully validated
2021-06-07 01:00:38,126 [EventQueue-OpenPipelineForHealthyPipelineSafeModeRule] INFO  safemode.SCMSafeModeManager (HealthyPipelineSafeModeRule.java:process(130)) - SCM in safe mode. Healthy pipelines reported count is 0, required healthy pipeline reported count is 1
2021-06-07 01:00:38,244 [EventQueue-PipelineReportForOneReplicaPipelineSafeModeRule] INFO  safemode.SCMSafeModeManager (SCMSafeModeManager.java:validateSafeModeExitRules(201)) - AtleastOneDatanodeReportedRule rule is successfully validated
2021-06-07 01:00:38,245 [EventQueue-OpenPipelineForHealthyPipelineSafeModeRule] INFO  safemode.SCMSafeModeManager (HealthyPipelineSafeModeRule.java:process(130)) - SCM in safe mode. Healthy pipelines reported count is 0, required healthy pipeline reported count is 1
2021-06-07 01:00:38,322 [EventQueue-OpenPipelineForHealthyPipelineSafeModeRule] INFO  safemode.SCMSafeModeManager (HealthyPipelineSafeModeRule.java:process(130)) - SCM in safe mode. Healthy pipelines reported count is 0, required healthy pipeline reported count is 1
2021-06-07 01:00:38,322 [EventQueue-PipelineReportForOneReplicaPipelineSafeModeRule] INFO  safemode.SCMSafeModeManager (SCMSafeModeManager.java:validateSafeModeExitRules(201)) - AtleastOneDatanodeReportedRule rule is successfully validated
2021-06-07 01:00:38,420 [EventQueue-PipelineReportForOneReplicaPipelineSafeModeRule] INFO  safemode.SCMSafeModeManager (SCMSafeModeManager.java:validateSafeModeExitRules(201)) - AtleastOneDatanodeReportedRule rule is successfully validated
2021-06-07 01:00:38,421 [EventQueue-OpenPipelineForHealthyPipelineSafeModeRule] INFO  safemode.SCMSafeModeManager (HealthyPipelineSafeModeRule.java:process(130)) - SCM in safe mode. Healthy pipelines reported count is 0, required healthy pipeline reported count is 1
2021-06-07 01:00:38,557 [EventQueue-OpenPipelineForHealthyPipelineSafeModeRule] INFO  safemode.SCMSafeModeManager (HealthyPipelineSafeModeRule.java:process(130)) - SCM in safe mode. Healthy pipelines reported count is 0, required healthy pipeline reported count is 1
2021-06-07 01:00:38,558 [EventQueue-PipelineReportForOneReplicaPipelineSafeModeRule] INFO  safemode.SCMSafeModeManager (SCMSafeModeManager.java:validateSafeModeExitRules(201)) - AtleastOneDatanodeReportedRule rule is successfully validated
2021-06-07 01:00:38,663 [EventQueue-PipelineReportForOneReplicaPipelineSafeModeRule] INFO  safemode.SCMSafeModeManager (SCMSafeModeManager.java:validateSafeModeExitRules(201)) - AtleastOneDatanodeReportedRule rule is successfully validated
2021-06-07 01:00:38,663 [EventQueue-OpenPipelineForHealthyPipelineSafeModeRule] INFO  safemode.SCMSafeModeManager (HealthyPipelineSafeModeRule.java:process(130)) - SCM in safe mode. Healthy pipelines reported count is 0, required healthy pipeline reported count is 1
2021-06-07 01:00:38,747 [Listener at 127.0.0.1/46609] INFO  ozone.MiniOzoneClusterImpl (MiniOzoneClusterImpl.java:lambda$waitForClusterToBeReady$0(224)) - Nodes are ready. Got 9 of 9 DN Heartbeats.
2021-06-07 01:00:38,747 [Listener at 127.0.0.1/46609] INFO  ozone.MiniOzoneClusterImpl (MiniOzoneClusterImpl.java:lambda$waitForClusterToBeReady$0(227)) - Waiting for cluster to exit safe mode
2021-06-07 01:00:38,748 [Listener at 127.0.0.1/46609] INFO  ozone.MiniOzoneClusterImpl (MiniOzoneClusterImpl.java:lambda$waitForClusterToBeReady$0(230)) - SCM became leader
2021-06-07 01:00:38,753 [EventQueue-OpenPipelineForHealthyPipelineSafeModeRule] INFO  safemode.SCMSafeModeManager (HealthyPipelineSafeModeRule.java:process(130)) - SCM in safe mode. Healthy pipelines reported count is 0, required healthy pipeline reported count is 1
2021-06-07 01:00:38,754 [EventQueue-PipelineReportForOneReplicaPipelineSafeModeRule] INFO  safemode.SCMSafeModeManager (SCMSafeModeManager.java:validateSafeModeExitRules(201)) - AtleastOneDatanodeReportedRule rule is successfully validated
2021-06-07 01:00:38,969 [EventQueue-PipelineReportForOneReplicaPipelineSafeModeRule] INFO  safemode.SCMSafeModeManager (SCMSafeModeManager.java:validateSafeModeExitRules(201)) - AtleastOneDatanodeReportedRule rule is successfully validated
2021-06-07 01:00:38,969 [EventQueue-OpenPipelineForHealthyPipelineSafeModeRule] INFO  safemode.SCMSafeModeManager (HealthyPipelineSafeModeRule.java:process(130)) - SCM in safe mode. Healthy pipelines reported count is 0, required healthy pipeline reported count is 1
2021-06-07 01:00:39,030 [EventQueue-PipelineReportForOneReplicaPipelineSafeModeRule] INFO  safemode.SCMSafeModeManager (SCMSafeModeManager.java:validateSafeModeExitRules(201)) - AtleastOneDatanodeReportedRule rule is successfully validated
2021-06-07 01:00:39,030 [EventQueue-OpenPipelineForHealthyPipelineSafeModeRule] INFO  safemode.SCMSafeModeManager (HealthyPipelineSafeModeRule.java:process(130)) - SCM in safe mode. Healthy pipelines reported count is 0, required healthy pipeline reported count is 1
2021-06-07 01:00:39,126 [EventQueue-PipelineReportForOneReplicaPipelineSafeModeRule] INFO  safemode.SCMSafeModeManager (SCMSafeModeManager.java:validateSafeModeExitRules(201)) - AtleastOneDatanodeReportedRule rule is successfully validated
2021-06-07 01:00:39,126 [EventQueue-OpenPipelineForHealthyPipelineSafeModeRule] INFO  safemode.SCMSafeModeManager (HealthyPipelineSafeModeRule.java:process(130)) - SCM in safe mode. Healthy pipelines reported count is 0, required healthy pipeline reported count is 1
2021-06-07 01:00:39,244 [EventQueue-OpenPipelineForHealthyPipelineSafeModeRule] INFO  safemode.SCMSafeModeManager (HealthyPipelineSafeModeRule.java:process(130)) - SCM in safe mode. Healthy pipelines reported count is 0, required healthy pipeline reported count is 1
2021-06-07 01:00:39,245 [EventQueue-PipelineReportForOneReplicaPipelineSafeModeRule] INFO  safemode.SCMSafeModeManager (SCMSafeModeManager.java:validateSafeModeExitRules(201)) - AtleastOneDatanodeReportedRule rule is successfully validated
2021-06-07 01:00:39,322 [EventQueue-PipelineReportForOneReplicaPipelineSafeModeRule] INFO  safemode.SCMSafeModeManager (SCMSafeModeManager.java:validateSafeModeExitRules(201)) - AtleastOneDatanodeReportedRule rule is successfully validated
2021-06-07 01:00:39,323 [EventQueue-OpenPipelineForHealthyPipelineSafeModeRule] INFO  safemode.SCMSafeModeManager (HealthyPipelineSafeModeRule.java:process(130)) - SCM in safe mode. Healthy pipelines reported count is 0, required healthy pipeline reported count is 1
2021-06-07 01:00:39,420 [EventQueue-PipelineReportForOneReplicaPipelineSafeModeRule] INFO  safemode.SCMSafeModeManager (SCMSafeModeManager.java:validateSafeModeExitRules(201)) - AtleastOneDatanodeReportedRule rule is successfully validated
2021-06-07 01:00:39,421 [EventQueue-OpenPipelineForHealthyPipelineSafeModeRule] INFO  safemode.SCMSafeModeManager (HealthyPipelineSafeModeRule.java:process(130)) - SCM in safe mode. Healthy pipelines reported count is 0, required healthy pipeline reported count is 1
2021-06-07 01:00:39,557 [EventQueue-OpenPipelineForHealthyPipelineSafeModeRule] INFO  safemode.SCMSafeModeManager (HealthyPipelineSafeModeRule.java:process(130)) - SCM in safe mode. Healthy pipelines reported count is 0, required healthy pipeline reported count is 1
2021-06-07 01:00:39,557 [EventQueue-PipelineReportForOneReplicaPipelineSafeModeRule] INFO  safemode.SCMSafeModeManager (SCMSafeModeManager.java:validateSafeModeExitRules(201)) - AtleastOneDatanodeReportedRule rule is successfully validated
2021-06-07 01:00:39,671 [EventQueue-OpenPipelineForHealthyPipelineSafeModeRule] INFO  safemode.SCMSafeModeManager (HealthyPipelineSafeModeRule.java:process(130)) - SCM in safe mode. Healthy pipelines reported count is 0, required healthy pipeline reported count is 1
2021-06-07 01:00:39,673 [EventQueue-PipelineReportForOneReplicaPipelineSafeModeRule] INFO  safemode.SCMSafeModeManager (SCMSafeModeManager.java:validateSafeModeExitRules(201)) - AtleastOneDatanodeReportedRule rule is successfully validated
2021-06-07 01:00:39,748 [Listener at 127.0.0.1/46609] INFO  ozone.MiniOzoneClusterImpl (MiniOzoneClusterImpl.java:lambda$waitForClusterToBeReady$0(224)) - Nodes are ready. Got 9 of 9 DN Heartbeats.
2021-06-07 01:00:39,748 [Listener at 127.0.0.1/46609] INFO  ozone.MiniOzoneClusterImpl (MiniOzoneClusterImpl.java:lambda$waitForClusterToBeReady$0(227)) - Waiting for cluster to exit safe mode
2021-06-07 01:00:39,748 [Listener at 127.0.0.1/46609] INFO  ozone.MiniOzoneClusterImpl (MiniOzoneClusterImpl.java:lambda$waitForClusterToBeReady$0(230)) - SCM became leader
2021-06-07 01:00:39,755 [EventQueue-PipelineReportForOneReplicaPipelineSafeModeRule] INFO  safemode.SCMSafeModeManager (SCMSafeModeManager.java:validateSafeModeExitRules(201)) - AtleastOneDatanodeReportedRule rule is successfully validated
2021-06-07 01:00:39,756 [EventQueue-OpenPipelineForHealthyPipelineSafeModeRule] INFO  safemode.SCMSafeModeManager (HealthyPipelineSafeModeRule.java:process(130)) - SCM in safe mode. Healthy pipelines reported count is 0, required healthy pipeline reported count is 1
2021-06-07 01:00:39,968 [EventQueue-PipelineReportForOneReplicaPipelineSafeModeRule] INFO  safemode.SCMSafeModeManager (SCMSafeModeManager.java:validateSafeModeExitRules(201)) - AtleastOneDatanodeReportedRule rule is successfully validated
2021-06-07 01:00:39,969 [EventQueue-OpenPipelineForHealthyPipelineSafeModeRule] INFO  safemode.SCMSafeModeManager (HealthyPipelineSafeModeRule.java:process(130)) - SCM in safe mode. Healthy pipelines reported count is 0, required healthy pipeline reported count is 1
2021-06-07 01:00:40,029 [EventQueue-PipelineReportForOneReplicaPipelineSafeModeRule] INFO  safemode.SCMSafeModeManager (SCMSafeModeManager.java:validateSafeModeExitRules(201)) - AtleastOneDatanodeReportedRule rule is successfully validated
2021-06-07 01:00:40,030 [EventQueue-OpenPipelineForHealthyPipelineSafeModeRule] INFO  safemode.SCMSafeModeManager (HealthyPipelineSafeModeRule.java:process(130)) - SCM in safe mode. Healthy pipelines reported count is 0, required healthy pipeline reported count is 1
2021-06-07 01:00:40,127 [EventQueue-PipelineReportForOneReplicaPipelineSafeModeRule] INFO  safemode.SCMSafeModeManager (SCMSafeModeManager.java:validateSafeModeExitRules(201)) - AtleastOneDatanodeReportedRule rule is successfully validated
2021-06-07 01:00:40,127 [EventQueue-OpenPipelineForHealthyPipelineSafeModeRule] INFO  safemode.SCMSafeModeManager (HealthyPipelineSafeModeRule.java:process(130)) - SCM in safe mode. Healthy pipelines reported count is 0, required healthy pipeline reported count is 1
2021-06-07 01:00:40,244 [EventQueue-PipelineReportForOneReplicaPipelineSafeModeRule] INFO  safemode.SCMSafeModeManager (SCMSafeModeManager.java:validateSafeModeExitRules(201)) - AtleastOneDatanodeReportedRule rule is successfully validated
2021-06-07 01:00:40,244 [EventQueue-OpenPipelineForHealthyPipelineSafeModeRule] INFO  safemode.SCMSafeModeManager (HealthyPipelineSafeModeRule.java:process(130)) - SCM in safe mode. Healthy pipelines reported count is 0, required healthy pipeline reported count is 1
2021-06-07 01:00:40,322 [EventQueue-PipelineReportForOneReplicaPipelineSafeModeRule] INFO  safemode.SCMSafeModeManager (SCMSafeModeManager.java:validateSafeModeExitRules(201)) - AtleastOneDatanodeReportedRule rule is successfully validated
2021-06-07 01:00:40,322 [EventQueue-OpenPipelineForHealthyPipelineSafeModeRule] INFO  safemode.SCMSafeModeManager (HealthyPipelineSafeModeRule.java:process(130)) - SCM in safe mode. Healthy pipelines reported count is 0, required healthy pipeline reported count is 1
2021-06-07 01:00:40,420 [EventQueue-PipelineReportForOneReplicaPipelineSafeModeRule] INFO  safemode.SCMSafeModeManager (SCMSafeModeManager.java:validateSafeModeExitRules(201)) - AtleastOneDatanodeReportedRule rule is successfully validated
2021-06-07 01:00:40,420 [EventQueue-OpenPipelineForHealthyPipelineSafeModeRule] INFO  safemode.SCMSafeModeManager (HealthyPipelineSafeModeRule.java:process(130)) - SCM in safe mode. Healthy pipelines reported count is 0, required healthy pipeline reported count is 1
2021-06-07 01:00:40,558 [EventQueue-PipelineReportForOneReplicaPipelineSafeModeRule] INFO  safemode.SCMSafeModeManager (SCMSafeModeManager.java:validateSafeModeExitRules(201)) - AtleastOneDatanodeReportedRule rule is successfully validated
2021-06-07 01:00:40,560 [EventQueue-OpenPipelineForHealthyPipelineSafeModeRule] INFO  safemode.SCMSafeModeManager (HealthyPipelineSafeModeRule.java:process(130)) - SCM in safe mode. Healthy pipelines reported count is 0, required healthy pipeline reported count is 1
2021-06-07 01:00:40,663 [EventQueue-PipelineReportForOneReplicaPipelineSafeModeRule] INFO  safemode.SCMSafeModeManager (SCMSafeModeManager.java:validateSafeModeExitRules(201)) - AtleastOneDatanodeReportedRule rule is successfully validated
2021-06-07 01:00:40,664 [EventQueue-OpenPipelineForHealthyPipelineSafeModeRule] INFO  safemode.SCMSafeModeManager (HealthyPipelineSafeModeRule.java:process(130)) - SCM in safe mode. Healthy pipelines reported count is 0, required healthy pipeline reported count is 1
2021-06-07 01:00:40,748 [Listener at 127.0.0.1/46609] INFO  ozone.MiniOzoneClusterImpl (MiniOzoneClusterImpl.java:lambda$waitForClusterToBeReady$0(224)) - Nodes are ready. Got 9 of 9 DN Heartbeats.
2021-06-07 01:00:40,749 [Listener at 127.0.0.1/46609] INFO  ozone.MiniOzoneClusterImpl (MiniOzoneClusterImpl.java:lambda$waitForClusterToBeReady$0(227)) - Waiting for cluster to exit safe mode
2021-06-07 01:00:40,749 [Listener at 127.0.0.1/46609] INFO  ozone.MiniOzoneClusterImpl (MiniOzoneClusterImpl.java:lambda$waitForClusterToBeReady$0(230)) - SCM became leader
2021-06-07 01:00:40,753 [EventQueue-PipelineReportForOneReplicaPipelineSafeModeRule] INFO  safemode.SCMSafeModeManager (SCMSafeModeManager.java:validateSafeModeExitRules(201)) - AtleastOneDatanodeReportedRule rule is successfully validated
2021-06-07 01:00:40,754 [EventQueue-OpenPipelineForHealthyPipelineSafeModeRule] INFO  safemode.SCMSafeModeManager (HealthyPipelineSafeModeRule.java:process(130)) - SCM in safe mode. Healthy pipelines reported count is 0, required healthy pipeline reported count is 1
2021-06-07 01:00:40,968 [EventQueue-OpenPipelineForHealthyPipelineSafeModeRule] INFO  safemode.SCMSafeModeManager (HealthyPipelineSafeModeRule.java:process(130)) - SCM in safe mode. Healthy pipelines reported count is 0, required healthy pipeline reported count is 1
2021-06-07 01:00:40,968 [EventQueue-PipelineReportForOneReplicaPipelineSafeModeRule] INFO  safemode.SCMSafeModeManager (SCMSafeModeManager.java:validateSafeModeExitRules(201)) - AtleastOneDatanodeReportedRule rule is successfully validated
2021-06-07 01:00:41,029 [EventQueue-OpenPipelineForHealthyPipelineSafeModeRule] INFO  safemode.SCMSafeModeManager (HealthyPipelineSafeModeRule.java:process(130)) - SCM in safe mode. Healthy pipelines reported count is 0, required healthy pipeline reported count is 1
2021-06-07 01:00:41,029 [EventQueue-PipelineReportForOneReplicaPipelineSafeModeRule] INFO  safemode.SCMSafeModeManager (SCMSafeModeManager.java:validateSafeModeExitRules(201)) - AtleastOneDatanodeReportedRule rule is successfully validated
2021-06-07 01:00:41,126 [EventQueue-PipelineReportForOneReplicaPipelineSafeModeRule] INFO  safemode.SCMSafeModeManager (SCMSafeModeManager.java:validateSafeModeExitRules(201)) - AtleastOneDatanodeReportedRule rule is successfully validated
2021-06-07 01:00:41,127 [EventQueue-OpenPipelineForHealthyPipelineSafeModeRule] INFO  safemode.SCMSafeModeManager (HealthyPipelineSafeModeRule.java:process(130)) - SCM in safe mode. Healthy pipelines reported count is 0, required healthy pipeline reported count is 1
2021-06-07 01:00:41,245 [EventQueue-PipelineReportForOneReplicaPipelineSafeModeRule] INFO  safemode.SCMSafeModeManager (SCMSafeModeManager.java:validateSafeModeExitRules(201)) - AtleastOneDatanodeReportedRule rule is successfully validated
2021-06-07 01:00:41,245 [EventQueue-OpenPipelineForHealthyPipelineSafeModeRule] INFO  safemode.SCMSafeModeManager (HealthyPipelineSafeModeRule.java:process(130)) - SCM in safe mode. Healthy pipelines reported count is 0, required healthy pipeline reported count is 1
2021-06-07 01:00:41,322 [EventQueue-OpenPipelineForHealthyPipelineSafeModeRule] INFO  safemode.SCMSafeModeManager (HealthyPipelineSafeModeRule.java:process(130)) - SCM in safe mode. Healthy pipelines reported count is 0, required healthy pipeline reported count is 1
2021-06-07 01:00:41,323 [EventQueue-PipelineReportForOneReplicaPipelineSafeModeRule] INFO  safemode.SCMSafeModeManager (SCMSafeModeManager.java:validateSafeModeExitRules(201)) - AtleastOneDatanodeReportedRule rule is successfully validated
2021-06-07 01:00:41,421 [EventQueue-OpenPipelineForHealthyPipelineSafeModeRule] INFO  safemode.SCMSafeModeManager (HealthyPipelineSafeModeRule.java:process(130)) - SCM in safe mode. Healthy pipelines reported count is 0, required healthy pipeline reported count is 1
2021-06-07 01:00:41,421 [EventQueue-PipelineReportForOneReplicaPipelineSafeModeRule] INFO  safemode.SCMSafeModeManager (SCMSafeModeManager.java:validateSafeModeExitRules(201)) - AtleastOneDatanodeReportedRule rule is successfully validated
2021-06-07 01:00:41,558 [EventQueue-OpenPipelineForHealthyPipelineSafeModeRule] INFO  safemode.SCMSafeModeManager (HealthyPipelineSafeModeRule.java:process(130)) - SCM in safe mode. Healthy pipelines reported count is 0, required healthy pipeline reported count is 1
2021-06-07 01:00:41,558 [EventQueue-PipelineReportForOneReplicaPipelineSafeModeRule] INFO  safemode.SCMSafeModeManager (SCMSafeModeManager.java:validateSafeModeExitRules(201)) - AtleastOneDatanodeReportedRule rule is successfully validated
2021-06-07 01:00:41,664 [EventQueue-PipelineReportForOneReplicaPipelineSafeModeRule] INFO  safemode.SCMSafeModeManager (SCMSafeModeManager.java:validateSafeModeExitRules(201)) - AtleastOneDatanodeReportedRule rule is successfully validated
2021-06-07 01:00:41,664 [EventQueue-OpenPipelineForHealthyPipelineSafeModeRule] INFO  safemode.SCMSafeModeManager (HealthyPipelineSafeModeRule.java:process(130)) - SCM in safe mode. Healthy pipelines reported count is 0, required healthy pipeline reported count is 1
2021-06-07 01:00:41,749 [Listener at 127.0.0.1/46609] INFO  ozone.MiniOzoneClusterImpl (MiniOzoneClusterImpl.java:lambda$waitForClusterToBeReady$0(224)) - Nodes are ready. Got 9 of 9 DN Heartbeats.
2021-06-07 01:00:41,749 [Listener at 127.0.0.1/46609] INFO  ozone.MiniOzoneClusterImpl (MiniOzoneClusterImpl.java:lambda$waitForClusterToBeReady$0(227)) - Waiting for cluster to exit safe mode
2021-06-07 01:00:41,750 [Listener at 127.0.0.1/46609] INFO  ozone.MiniOzoneClusterImpl (MiniOzoneClusterImpl.java:lambda$waitForClusterToBeReady$0(230)) - SCM became leader
2021-06-07 01:00:41,753 [EventQueue-PipelineReportForOneReplicaPipelineSafeModeRule] INFO  safemode.SCMSafeModeManager (SCMSafeModeManager.java:validateSafeModeExitRules(201)) - AtleastOneDatanodeReportedRule rule is successfully validated
2021-06-07 01:00:41,753 [EventQueue-OpenPipelineForHealthyPipelineSafeModeRule] INFO  safemode.SCMSafeModeManager (HealthyPipelineSafeModeRule.java:process(130)) - SCM in safe mode. Healthy pipelines reported count is 0, required healthy pipeline reported count is 1
2021-06-07 01:00:41,968 [EventQueue-OpenPipelineForHealthyPipelineSafeModeRule] INFO  safemode.SCMSafeModeManager (HealthyPipelineSafeModeRule.java:process(130)) - SCM in safe mode. Healthy pipelines reported count is 0, required healthy pipeline reported count is 1
2021-06-07 01:00:41,968 [EventQueue-PipelineReportForOneReplicaPipelineSafeModeRule] INFO  safemode.SCMSafeModeManager (SCMSafeModeManager.java:validateSafeModeExitRules(201)) - AtleastOneDatanodeReportedRule rule is successfully validated
2021-06-07 01:00:42,013 [e1c54329-0f94-4ac4-b921-c08a88020a90@group-F92733485968-FollowerState] INFO  impl.FollowerState (FollowerState.java:run(134)) - e1c54329-0f94-4ac4-b921-c08a88020a90@group-F92733485968-FollowerState: change to CANDIDATE, lastRpcElapsedTime:5055630129ns, electionTimeout:5050ms
2021-06-07 01:00:42,014 [e1c54329-0f94-4ac4-b921-c08a88020a90@group-F92733485968-FollowerState] INFO  impl.RoleInfo (RoleInfo.java:shutdownFollowerState(108)) - e1c54329-0f94-4ac4-b921-c08a88020a90: shutdown e1c54329-0f94-4ac4-b921-c08a88020a90@group-F92733485968-FollowerState
2021-06-07 01:00:42,014 [e1c54329-0f94-4ac4-b921-c08a88020a90@group-F92733485968-FollowerState] INFO  server.RaftServer$Division (RaftServerImpl.java:setRole(284)) - e1c54329-0f94-4ac4-b921-c08a88020a90@group-F92733485968: changes role from  FOLLOWER to CANDIDATE at term 0 for changeToCandidate
2021-06-07 01:00:42,015 [e1c54329-0f94-4ac4-b921-c08a88020a90@group-F92733485968-FollowerState] INFO  server.RaftServerConfigKeys (ConfUtils.java:logGet(44)) - raft.server.leaderelection.pre-vote = false (custom)
2021-06-07 01:00:42,015 [e1c54329-0f94-4ac4-b921-c08a88020a90@group-F92733485968-FollowerState] INFO  impl.RoleInfo (RoleInfo.java:updateAndGet(130)) - e1c54329-0f94-4ac4-b921-c08a88020a90: start e1c54329-0f94-4ac4-b921-c08a88020a90@group-F92733485968-LeaderElection30
2021-06-07 01:00:42,020 [e1c54329-0f94-4ac4-b921-c08a88020a90@group-F92733485968-LeaderElection30] INFO  impl.LeaderElection (LeaderElection.java:askForVotes(306)) - e1c54329-0f94-4ac4-b921-c08a88020a90@group-F92733485968-LeaderElection30 ELECTION round 0: submit vote requests at term 1 for -1: [e1c54329-0f94-4ac4-b921-c08a88020a90|rpc:10.1.0.42:42691|priority:1], old=null
2021-06-07 01:00:42,020 [e1c54329-0f94-4ac4-b921-c08a88020a90@group-F92733485968-LeaderElection30] INFO  impl.LeaderElection (LeaderElection.java:askForVotes(308)) - e1c54329-0f94-4ac4-b921-c08a88020a90@group-F92733485968-LeaderElection30 ELECTION round 0: result PASSED (term=1)
2021-06-07 01:00:42,020 [e1c54329-0f94-4ac4-b921-c08a88020a90@group-F92733485968-LeaderElection30] INFO  impl.RoleInfo (RoleInfo.java:shutdownLeaderElection(121)) - e1c54329-0f94-4ac4-b921-c08a88020a90: shutdown e1c54329-0f94-4ac4-b921-c08a88020a90@group-F92733485968-LeaderElection30
2021-06-07 01:00:42,020 [e1c54329-0f94-4ac4-b921-c08a88020a90@group-F92733485968-LeaderElection30] INFO  server.RaftServer$Division (RaftServerImpl.java:setRole(284)) - e1c54329-0f94-4ac4-b921-c08a88020a90@group-F92733485968: changes role from CANDIDATE to LEADER at term 1 for changeToLeader
2021-06-07 01:00:42,020 [e1c54329-0f94-4ac4-b921-c08a88020a90@group-F92733485968-LeaderElection30] INFO  ratis.XceiverServerRatis (XceiverServerRatis.java:handleLeaderChangedNotification(906)) - Leader change notification received for group: group-F92733485968 with new leaderId: e1c54329-0f94-4ac4-b921-c08a88020a90
2021-06-07 01:00:42,021 [e1c54329-0f94-4ac4-b921-c08a88020a90@group-F92733485968-LeaderElection30] INFO  server.RaftServer$Division (ServerState.java:setLeader(271)) - e1c54329-0f94-4ac4-b921-c08a88020a90@group-F92733485968: change Leader from null to e1c54329-0f94-4ac4-b921-c08a88020a90 at term 1 for becomeLeader, leader elected after 5075ms
2021-06-07 01:00:42,021 [e1c54329-0f94-4ac4-b921-c08a88020a90@group-F92733485968-LeaderElection30] INFO  server.RaftServerConfigKeys (ConfUtils.java:logGet(44)) - raft.server.staging.catchup.gap = 1000 (default)
2021-06-07 01:00:42,021 [e1c54329-0f94-4ac4-b921-c08a88020a90@group-F92733485968-LeaderElection30] INFO  metrics.RatisMetrics (RatisMetrics.java:lambda$create$0(36)) - Creating Metrics Registry : ratis.log_appender.e1c54329-0f94-4ac4-b921-c08a88020a90@group-F92733485968
2021-06-07 01:00:42,021 [e1c54329-0f94-4ac4-b921-c08a88020a90@group-F92733485968-LeaderElection30] INFO  server.RaftServerConfigKeys (ConfUtils.java:logGet(44)) - raft.server.write.element-limit = 1024 (custom)
2021-06-07 01:00:42,021 [e1c54329-0f94-4ac4-b921-c08a88020a90@group-F92733485968-LeaderElection30] INFO  server.RaftServerConfigKeys (ConfUtils.java:logGet(44)) - raft.server.write.byte-limit = 1073741824 (custom)
2021-06-07 01:00:42,021 [EventQueue-PipelineReportForOneReplicaPipelineSafeModeRule] INFO  safemode.SCMSafeModeManager (SCMSafeModeManager.java:validateSafeModeExitRules(201)) - AtleastOneDatanodeReportedRule rule is successfully validated
2021-06-07 01:00:42,021 [EventQueue-OpenPipelineForHealthyPipelineSafeModeRule] INFO  safemode.SCMSafeModeManager (HealthyPipelineSafeModeRule.java:process(130)) - SCM in safe mode. Healthy pipelines reported count is 0, required healthy pipeline reported count is 1
2021-06-07 01:00:42,022 [e1c54329-0f94-4ac4-b921-c08a88020a90@group-F92733485968-LeaderElection30] INFO  server.RaftServerConfigKeys (ConfUtils.java:logGet(44)) - raft.server.watch.timeout = 3000ms (custom)
2021-06-07 01:00:42,022 [e1c54329-0f94-4ac4-b921-c08a88020a90@group-F92733485968-LeaderElection30] INFO  server.RaftServerConfigKeys (ConfUtils.java:logGet(44)) - raft.server.watch.timeout.denomination = 1s (default)
2021-06-07 01:00:42,022 [e1c54329-0f94-4ac4-b921-c08a88020a90@group-F92733485968-LeaderElection30] INFO  server.RaftServerConfigKeys (ConfUtils.java:logGet(44)) - raft.server.watch.element-limit = 65536 (default)
2021-06-07 01:00:42,022 [e1c54329-0f94-4ac4-b921-c08a88020a90@group-F92733485968-LeaderElection30] INFO  impl.RoleInfo (RoleInfo.java:updateAndGet(130)) - e1c54329-0f94-4ac4-b921-c08a88020a90: start e1c54329-0f94-4ac4-b921-c08a88020a90@group-F92733485968-LeaderStateImpl
2021-06-07 01:00:42,022 [e1c54329-0f94-4ac4-b921-c08a88020a90@group-F92733485968-LeaderElection30] INFO  segmented.SegmentedRaftLogWorker (SegmentedRaftLogWorker.java:startLogSegment(394)) - e1c54329-0f94-4ac4-b921-c08a88020a90@group-F92733485968-SegmentedRaftLogWorker: Starting segment from index:0
2021-06-07 01:00:42,027 [e1c54329-0f94-4ac4-b921-c08a88020a90@group-F92733485968-LeaderElection30] INFO  server.RaftServer$Division (ServerState.java:setRaftConf(373)) - e1c54329-0f94-4ac4-b921-c08a88020a90@group-F92733485968: set configuration 0: [e1c54329-0f94-4ac4-b921-c08a88020a90|rpc:10.1.0.42:42691|dataStream:|priority:1], old=null
2021-06-07 01:00:42,027 [e1c54329-0f94-4ac4-b921-c08a88020a90@group-F92733485968-SegmentedRaftLogWorker] INFO  segmented.SegmentedRaftLogWorker (SegmentedRaftLogWorker.java:execute(601)) - e1c54329-0f94-4ac4-b921-c08a88020a90@group-F92733485968-SegmentedRaftLogWorker: created new log segment /home/runner/work/ozone/ozone/mnt/ozone/hadoop-ozone/integration-test/target/test-dir/MiniOzoneClusterImpl-4d691a8a-0502-4280-8005-09cceedbb589/datanode-0/data/ratis/7dde0deb-673b-4735-96c6-f92733485968/current/log_inprogress_0
2021-06-07 01:00:42,029 [EventQueue-PipelineReportForOneReplicaPipelineSafeModeRule] INFO  safemode.SCMSafeModeManager (SCMSafeModeManager.java:validateSafeModeExitRules(201)) - AtleastOneDatanodeReportedRule rule is successfully validated
2021-06-07 01:00:42,029 [EventQueue-OpenPipelineForHealthyPipelineSafeModeRule] INFO  safemode.SCMSafeModeManager (HealthyPipelineSafeModeRule.java:process(130)) - SCM in safe mode. Healthy pipelines reported count is 0, required healthy pipeline reported count is 1
2021-06-07 01:00:42,054 [3eee8d88-c0ac-4861-bc75-3c80431b5d11@group-9CDF3EC888C5-FollowerState] INFO  impl.FollowerState (FollowerState.java:run(134)) - 3eee8d88-c0ac-4861-bc75-3c80431b5d11@group-9CDF3EC888C5-FollowerState: change to CANDIDATE, lastRpcElapsedTime:5050046298ns, electionTimeout:5049ms
2021-06-07 01:00:42,055 [3eee8d88-c0ac-4861-bc75-3c80431b5d11@group-9CDF3EC888C5-FollowerState] INFO  impl.RoleInfo (RoleInfo.java:shutdownFollowerState(108)) - 3eee8d88-c0ac-4861-bc75-3c80431b5d11: shutdown 3eee8d88-c0ac-4861-bc75-3c80431b5d11@group-9CDF3EC888C5-FollowerState
2021-06-07 01:00:42,055 [3eee8d88-c0ac-4861-bc75-3c80431b5d11@group-9CDF3EC888C5-FollowerState] INFO  server.RaftServer$Division (RaftServerImpl.java:setRole(284)) - 3eee8d88-c0ac-4861-bc75-3c80431b5d11@group-9CDF3EC888C5: changes role from  FOLLOWER to CANDIDATE at term 0 for changeToCandidate
2021-06-07 01:00:42,056 [3eee8d88-c0ac-4861-bc75-3c80431b5d11@group-9CDF3EC888C5-FollowerState] INFO  server.RaftServerConfigKeys (ConfUtils.java:logGet(44)) - raft.server.leaderelection.pre-vote = false (custom)
2021-06-07 01:00:42,056 [3eee8d88-c0ac-4861-bc75-3c80431b5d11@group-9CDF3EC888C5-FollowerState] INFO  impl.RoleInfo (RoleInfo.java:updateAndGet(130)) - 3eee8d88-c0ac-4861-bc75-3c80431b5d11: start 3eee8d88-c0ac-4861-bc75-3c80431b5d11@group-9CDF3EC888C5-LeaderElection31
2021-06-07 01:00:42,059 [3eee8d88-c0ac-4861-bc75-3c80431b5d11@group-9CDF3EC888C5-LeaderElection31] INFO  impl.LeaderElection (LeaderElection.java:askForVotes(306)) - 3eee8d88-c0ac-4861-bc75-3c80431b5d11@group-9CDF3EC888C5-LeaderElection31 ELECTION round 0: submit vote requests at term 1 for -1: [3eee8d88-c0ac-4861-bc75-3c80431b5d11|rpc:10.1.0.42:45455|dataStream:|priority:0, e1c54329-0f94-4ac4-b921-c08a88020a90|rpc:10.1.0.42:42691|dataStream:|priority:0, c2033f43-39b3-4eb3-b9b2-5a70c0c49867|rpc:10.1.0.42:40253|dataStream:|priority:1], old=null
2021-06-07 01:00:42,064 [grpc-default-executor-3] INFO  metrics.RatisMetrics (RatisMetrics.java:lambda$create$0(36)) - Creating Metrics Registry : ratis.server_message_metrics.e1c54329-0f94-4ac4-b921-c08a88020a90
2021-06-07 01:00:42,064 [grpc-default-executor-3] INFO  server.RaftServer$Division (RaftServerImpl.java:requestVote(1042)) - e1c54329-0f94-4ac4-b921-c08a88020a90@group-9CDF3EC888C5: receive requestVote(ELECTION, 3eee8d88-c0ac-4861-bc75-3c80431b5d11, group-9CDF3EC888C5, 1, (t:0, i:0))
2021-06-07 01:00:42,064 [grpc-default-executor-3] INFO  impl.VoteContext (VoteContext.java:log(48)) - e1c54329-0f94-4ac4-b921-c08a88020a90@group-9CDF3EC888C5-FOLLOWER: accept ELECTION from 3eee8d88-c0ac-4861-bc75-3c80431b5d11: our priority 0 <= candidate's priority 0
2021-06-07 01:00:42,064 [grpc-default-executor-3] INFO  server.RaftServer$Division (RaftServerImpl.java:setRole(284)) - e1c54329-0f94-4ac4-b921-c08a88020a90@group-9CDF3EC888C5: changes role from  FOLLOWER to FOLLOWER at term 1 for candidate:3eee8d88-c0ac-4861-bc75-3c80431b5d11
2021-06-07 01:00:42,064 [grpc-default-executor-3] INFO  impl.RoleInfo (RoleInfo.java:shutdownFollowerState(108)) - e1c54329-0f94-4ac4-b921-c08a88020a90: shutdown e1c54329-0f94-4ac4-b921-c08a88020a90@group-9CDF3EC888C5-FollowerState
2021-06-07 01:00:42,064 [grpc-default-executor-3] INFO  impl.RoleInfo (RoleInfo.java:updateAndGet(130)) - e1c54329-0f94-4ac4-b921-c08a88020a90: start e1c54329-0f94-4ac4-b921-c08a88020a90@group-9CDF3EC888C5-FollowerState
2021-06-07 01:00:42,064 [e1c54329-0f94-4ac4-b921-c08a88020a90@group-9CDF3EC888C5-FollowerState] INFO  impl.FollowerState (FollowerState.java:run(143)) - e1c54329-0f94-4ac4-b921-c08a88020a90@group-9CDF3EC888C5-FollowerState was interrupted: {}
java.lang.InterruptedException: sleep interrupted
	at java.lang.Thread.sleep(Native Method)
	at java.lang.Thread.sleep(Thread.java:340)
	at java.util.concurrent.TimeUnit.sleep(TimeUnit.java:386)
	at org.apache.ratis.util.TimeDuration.sleep(TimeDuration.java:324)
	at org.apache.ratis.util.TimeDuration.sleep(TimeDuration.java:309)
	at org.apache.ratis.server.impl.FollowerState.run(FollowerState.java:118)
2021-06-07 01:00:42,066 [grpc-default-executor-0] INFO  server.RaftServer$Division (RaftServerImpl.java:requestVote(1042)) - c2033f43-39b3-4eb3-b9b2-5a70c0c49867@group-9CDF3EC888C5: receive requestVote(ELECTION, 3eee8d88-c0ac-4861-bc75-3c80431b5d11, group-9CDF3EC888C5, 1, (t:0, i:0))
2021-06-07 01:00:42,066 [grpc-default-executor-0] INFO  impl.VoteContext (VoteContext.java:log(48)) - c2033f43-39b3-4eb3-b9b2-5a70c0c49867@group-9CDF3EC888C5-FOLLOWER: reject ELECTION from 3eee8d88-c0ac-4861-bc75-3c80431b5d11: our priority 1 > candidate's priority 0
2021-06-07 01:00:42,066 [grpc-default-executor-0] INFO  server.RaftServer$Division (RaftServerImpl.java:setRole(284)) - c2033f43-39b3-4eb3-b9b2-5a70c0c49867@group-9CDF3EC888C5: changes role from  FOLLOWER to FOLLOWER at term 1 for candidate:3eee8d88-c0ac-4861-bc75-3c80431b5d11
2021-06-07 01:00:42,066 [grpc-default-executor-0] INFO  impl.RoleInfo (RoleInfo.java:shutdownFollowerState(108)) - c2033f43-39b3-4eb3-b9b2-5a70c0c49867: shutdown c2033f43-39b3-4eb3-b9b2-5a70c0c49867@group-9CDF3EC888C5-FollowerState
2021-06-07 01:00:42,067 [grpc-default-executor-0] INFO  impl.RoleInfo (RoleInfo.java:updateAndGet(130)) - c2033f43-39b3-4eb3-b9b2-5a70c0c49867: start c2033f43-39b3-4eb3-b9b2-5a70c0c49867@group-9CDF3EC888C5-FollowerState
2021-06-07 01:00:42,067 [c2033f43-39b3-4eb3-b9b2-5a70c0c49867@group-9CDF3EC888C5-FollowerState] INFO  impl.FollowerState (FollowerState.java:run(143)) - c2033f43-39b3-4eb3-b9b2-5a70c0c49867@group-9CDF3EC888C5-FollowerState was interrupted: {}
java.lang.InterruptedException: sleep interrupted
	at java.lang.Thread.sleep(Native Method)
	at java.lang.Thread.sleep(Thread.java:340)
	at java.util.concurrent.TimeUnit.sleep(TimeUnit.java:386)
	at org.apache.ratis.util.TimeDuration.sleep(TimeDuration.java:324)
	at org.apache.ratis.util.TimeDuration.sleep(TimeDuration.java:309)
	at org.apache.ratis.server.impl.FollowerState.run(FollowerState.java:118)
2021-06-07 01:00:42,075 [grpc-default-executor-3] INFO  server.RaftServer$Division (RaftServerImpl.java:requestVote(1074)) - e1c54329-0f94-4ac4-b921-c08a88020a90@group-9CDF3EC888C5 replies to ELECTION vote request: 3eee8d88-c0ac-4861-bc75-3c80431b5d11<-e1c54329-0f94-4ac4-b921-c08a88020a90#0:OK-t1. Peer's state: e1c54329-0f94-4ac4-b921-c08a88020a90@group-9CDF3EC888C5:t1, leader=null, voted=3eee8d88-c0ac-4861-bc75-3c80431b5d11, raftlog=e1c54329-0f94-4ac4-b921-c08a88020a90@group-9CDF3EC888C5-SegmentedRaftLog:OPENED:c-1,f-1,i0, conf=-1: [3eee8d88-c0ac-4861-bc75-3c80431b5d11|rpc:10.1.0.42:45455|priority:0, e1c54329-0f94-4ac4-b921-c08a88020a90|rpc:10.1.0.42:42691|priority:0, c2033f43-39b3-4eb3-b9b2-5a70c0c49867|rpc:10.1.0.42:40253|priority:1], old=null
2021-06-07 01:00:42,076 [grpc-default-executor-0] INFO  server.RaftServer$Division (RaftServerImpl.java:requestVote(1074)) - c2033f43-39b3-4eb3-b9b2-5a70c0c49867@group-9CDF3EC888C5 replies to ELECTION vote request: 3eee8d88-c0ac-4861-bc75-3c80431b5d11<-c2033f43-39b3-4eb3-b9b2-5a70c0c49867#0:FAIL-t1. Peer's state: c2033f43-39b3-4eb3-b9b2-5a70c0c49867@group-9CDF3EC888C5:t1, leader=null, voted=null, raftlog=c2033f43-39b3-4eb3-b9b2-5a70c0c49867@group-9CDF3EC888C5-SegmentedRaftLog:OPENED:c-1,f-1,i0, conf=-1: [3eee8d88-c0ac-4861-bc75-3c80431b5d11|rpc:10.1.0.42:45455|dataStream:|priority:0, e1c54329-0f94-4ac4-b921-c08a88020a90|rpc:10.1.0.42:42691|dataStream:|priority:0, c2033f43-39b3-4eb3-b9b2-5a70c0c49867|rpc:10.1.0.42:40253|dataStream:|priority:1], old=null
2021-06-07 01:00:42,078 [3eee8d88-c0ac-4861-bc75-3c80431b5d11@group-9CDF3EC888C5-LeaderElection31] INFO  impl.LeaderElection (LeaderElection.java:logAndReturn(89)) - 3eee8d88-c0ac-4861-bc75-3c80431b5d11@group-9CDF3EC888C5-LeaderElection31: ELECTION REJECTED received 2 response(s) and 0 exception(s):
2021-06-07 01:00:42,078 [3eee8d88-c0ac-4861-bc75-3c80431b5d11@group-9CDF3EC888C5-LeaderElection31] INFO  impl.LeaderElection (LeaderElection.java:logAndReturn(93)) -   Response 0: 3eee8d88-c0ac-4861-bc75-3c80431b5d11<-e1c54329-0f94-4ac4-b921-c08a88020a90#0:OK-t1
2021-06-07 01:00:42,078 [3eee8d88-c0ac-4861-bc75-3c80431b5d11@group-9CDF3EC888C5-LeaderElection31] INFO  impl.LeaderElection (LeaderElection.java:logAndReturn(93)) -   Response 1: 3eee8d88-c0ac-4861-bc75-3c80431b5d11<-c2033f43-39b3-4eb3-b9b2-5a70c0c49867#0:FAIL-t1
2021-06-07 01:00:42,078 [3eee8d88-c0ac-4861-bc75-3c80431b5d11@group-9CDF3EC888C5-LeaderElection31] INFO  impl.LeaderElection (LeaderElection.java:askForVotes(308)) - 3eee8d88-c0ac-4861-bc75-3c80431b5d11@group-9CDF3EC888C5-LeaderElection31 ELECTION round 0: result REJECTED
2021-06-07 01:00:42,078 [3eee8d88-c0ac-4861-bc75-3c80431b5d11@group-9CDF3EC888C5-LeaderElection31] INFO  server.RaftServer$Division (RaftServerImpl.java:setRole(284)) - 3eee8d88-c0ac-4861-bc75-3c80431b5d11@group-9CDF3EC888C5: changes role from CANDIDATE to FOLLOWER at term 1 for REJECTED
2021-06-07 01:00:42,078 [3eee8d88-c0ac-4861-bc75-3c80431b5d11@group-9CDF3EC888C5-LeaderElection31] INFO  impl.RoleInfo (RoleInfo.java:shutdownLeaderElection(121)) - 3eee8d88-c0ac-4861-bc75-3c80431b5d11: shutdown 3eee8d88-c0ac-4861-bc75-3c80431b5d11@group-9CDF3EC888C5-LeaderElection31
2021-06-07 01:00:42,079 [3eee8d88-c0ac-4861-bc75-3c80431b5d11@group-9CDF3EC888C5-LeaderElection31] INFO  impl.RoleInfo (RoleInfo.java:updateAndGet(130)) - 3eee8d88-c0ac-4861-bc75-3c80431b5d11: start 3eee8d88-c0ac-4861-bc75-3c80431b5d11@group-9CDF3EC888C5-FollowerState
2021-06-07 01:00:42,125 [3eee8d88-c0ac-4861-bc75-3c80431b5d11@group-57B7B015FF83-FollowerState] INFO  impl.FollowerState (FollowerState.java:run(134)) - 3eee8d88-c0ac-4861-bc75-3c80431b5d11@group-57B7B015FF83-FollowerState: change to CANDIDATE, lastRpcElapsedTime:5085589553ns, electionTimeout:5082ms
2021-06-07 01:00:42,125 [3eee8d88-c0ac-4861-bc75-3c80431b5d11@group-57B7B015FF83-FollowerState] INFO  impl.RoleInfo (RoleInfo.java:shutdownFollowerState(108)) - 3eee8d88-c0ac-4861-bc75-3c80431b5d11: shutdown 3eee8d88-c0ac-4861-bc75-3c80431b5d11@group-57B7B015FF83-FollowerState
2021-06-07 01:00:42,125 [3eee8d88-c0ac-4861-bc75-3c80431b5d11@group-57B7B015FF83-FollowerState] INFO  server.RaftServer$Division (RaftServerImpl.java:setRole(284)) - 3eee8d88-c0ac-4861-bc75-3c80431b5d11@group-57B7B015FF83: changes role from  FOLLOWER to CANDIDATE at term 0 for changeToCandidate
2021-06-07 01:00:42,125 [3eee8d88-c0ac-4861-bc75-3c80431b5d11@group-57B7B015FF83-FollowerState] INFO  server.RaftServerConfigKeys (ConfUtils.java:logGet(44)) - raft.server.leaderelection.pre-vote = false (custom)
2021-06-07 01:00:42,126 [3eee8d88-c0ac-4861-bc75-3c80431b5d11@group-57B7B015FF83-FollowerState] INFO  impl.RoleInfo (RoleInfo.java:updateAndGet(130)) - 3eee8d88-c0ac-4861-bc75-3c80431b5d11: start 3eee8d88-c0ac-4861-bc75-3c80431b5d11@group-57B7B015FF83-LeaderElection32
2021-06-07 01:00:42,129 [EventQueue-PipelineReportForOneReplicaPipelineSafeModeRule] INFO  safemode.SCMSafeModeManager (SCMSafeModeManager.java:validateSafeModeExitRules(201)) - AtleastOneDatanodeReportedRule rule is successfully validated
2021-06-07 01:00:42,130 [EventQueue-OpenPipelineForHealthyPipelineSafeModeRule] INFO  safemode.SCMSafeModeManager (HealthyPipelineSafeModeRule.java:process(130)) - SCM in safe mode. Healthy pipelines reported count is 0, required healthy pipeline reported count is 1
2021-06-07 01:00:42,130 [3eee8d88-c0ac-4861-bc75-3c80431b5d11@group-57B7B015FF83-LeaderElection32] INFO  impl.LeaderElection (LeaderElection.java:askForVotes(306)) - 3eee8d88-c0ac-4861-bc75-3c80431b5d11@group-57B7B015FF83-LeaderElection32 ELECTION round 0: submit vote requests at term 1 for -1: [3eee8d88-c0ac-4861-bc75-3c80431b5d11|rpc:10.1.0.42:45455|priority:1], old=null
2021-06-07 01:00:42,130 [3eee8d88-c0ac-4861-bc75-3c80431b5d11@group-57B7B015FF83-LeaderElection32] INFO  impl.LeaderElection (LeaderElection.java:askForVotes(308)) - 3eee8d88-c0ac-4861-bc75-3c80431b5d11@group-57B7B015FF83-LeaderElection32 ELECTION round 0: result PASSED (term=1)
2021-06-07 01:00:42,130 [3eee8d88-c0ac-4861-bc75-3c80431b5d11@group-57B7B015FF83-LeaderElection32] INFO  impl.RoleInfo (RoleInfo.java:shutdownLeaderElection(121)) - 3eee8d88-c0ac-4861-bc75-3c80431b5d11: shutdown 3eee8d88-c0ac-4861-bc75-3c80431b5d11@group-57B7B015FF83-LeaderElection32
2021-06-07 01:00:42,130 [3eee8d88-c0ac-4861-bc75-3c80431b5d11@group-57B7B015FF83-LeaderElection32] INFO  server.RaftServer$Division (RaftServerImpl.java:setRole(284)) - 3eee8d88-c0ac-4861-bc75-3c80431b5d11@group-57B7B015FF83: changes role from CANDIDATE to LEADER at term 1 for changeToLeader
2021-06-07 01:00:42,130 [3eee8d88-c0ac-4861-bc75-3c80431b5d11@group-57B7B015FF83-LeaderElection32] INFO  ratis.XceiverServerRatis (XceiverServerRatis.java:handleLeaderChangedNotification(906)) - Leader change notification received for group: group-57B7B015FF83 with new leaderId: 3eee8d88-c0ac-4861-bc75-3c80431b5d11
2021-06-07 01:00:42,130 [3eee8d88-c0ac-4861-bc75-3c80431b5d11@group-57B7B015FF83-LeaderElection32] INFO  server.RaftServer$Division (ServerState.java:setLeader(271)) - 3eee8d88-c0ac-4861-bc75-3c80431b5d11@group-57B7B015FF83: change Leader from null to 3eee8d88-c0ac-4861-bc75-3c80431b5d11 at term 1 for becomeLeader, leader elected after 5103ms
2021-06-07 01:00:42,130 [3eee8d88-c0ac-4861-bc75-3c80431b5d11@group-57B7B015FF83-LeaderElection32] INFO  server.RaftServerConfigKeys (ConfUtils.java:logGet(44)) - raft.server.staging.catchup.gap = 1000 (default)
2021-06-07 01:00:42,130 [3eee8d88-c0ac-4861-bc75-3c80431b5d11@group-57B7B015FF83-LeaderElection32] INFO  metrics.RatisMetrics (RatisMetrics.java:lambda$create$0(36)) - Creating Metrics Registry : ratis.log_appender.3eee8d88-c0ac-4861-bc75-3c80431b5d11@group-57B7B015FF83
2021-06-07 01:00:42,131 [3eee8d88-c0ac-4861-bc75-3c80431b5d11@group-57B7B015FF83-LeaderElection32] INFO  server.RaftServerConfigKeys (ConfUtils.java:logGet(44)) - raft.server.write.element-limit = 1024 (custom)
2021-06-07 01:00:42,131 [3eee8d88-c0ac-4861-bc75-3c80431b5d11@group-57B7B015FF83-LeaderElection32] INFO  server.RaftServerConfigKeys (ConfUtils.java:logGet(44)) - raft.server.write.byte-limit = 1073741824 (custom)
2021-06-07 01:00:42,131 [EventQueue-PipelineReportForOneReplicaPipelineSafeModeRule] INFO  safemode.SCMSafeModeManager (SCMSafeModeManager.java:validateSafeModeExitRules(201)) - AtleastOneDatanodeReportedRule rule is successfully validated
2021-06-07 01:00:42,131 [EventQueue-OpenPipelineForHealthyPipelineSafeModeRule] INFO  safemode.SCMSafeModeManager (HealthyPipelineSafeModeRule.java:process(130)) - SCM in safe mode. Healthy pipelines reported count is 0, required healthy pipeline reported count is 1
2021-06-07 01:00:42,131 [3eee8d88-c0ac-4861-bc75-3c80431b5d11@group-57B7B015FF83-LeaderElection32] INFO  server.RaftServerConfigKeys (ConfUtils.java:logGet(44)) - raft.server.watch.timeout = 3000ms (custom)
2021-06-07 01:00:42,131 [3eee8d88-c0ac-4861-bc75-3c80431b5d11@group-57B7B015FF83-LeaderElection32] INFO  server.RaftServerConfigKeys (ConfUtils.java:logGet(44)) - raft.server.watch.timeout.denomination = 1s (default)
2021-06-07 01:00:42,131 [3eee8d88-c0ac-4861-bc75-3c80431b5d11@group-57B7B015FF83-LeaderElection32] INFO  server.RaftServerConfigKeys (ConfUtils.java:logGet(44)) - raft.server.watch.element-limit = 65536 (default)
2021-06-07 01:00:42,131 [3eee8d88-c0ac-4861-bc75-3c80431b5d11@group-57B7B015FF83-LeaderElection32] INFO  impl.RoleInfo (RoleInfo.java:updateAndGet(130)) - 3eee8d88-c0ac-4861-bc75-3c80431b5d11: start 3eee8d88-c0ac-4861-bc75-3c80431b5d11@group-57B7B015FF83-LeaderStateImpl
2021-06-07 01:00:42,132 [3eee8d88-c0ac-4861-bc75-3c80431b5d11@group-57B7B015FF83-LeaderElection32] INFO  segmented.SegmentedRaftLogWorker (SegmentedRaftLogWorker.java:startLogSegment(394)) - 3eee8d88-c0ac-4861-bc75-3c80431b5d11@group-57B7B015FF83-SegmentedRaftLogWorker: Starting segment from index:0
2021-06-07 01:00:42,139 [3eee8d88-c0ac-4861-bc75-3c80431b5d11@group-57B7B015FF83-LeaderElection32] INFO  server.RaftServer$Division (ServerState.java:setRaftConf(373)) - 3eee8d88-c0ac-4861-bc75-3c80431b5d11@group-57B7B015FF83: set configuration 0: [3eee8d88-c0ac-4861-bc75-3c80431b5d11|rpc:10.1.0.42:45455|dataStream:|priority:1], old=null
2021-06-07 01:00:42,141 [3eee8d88-c0ac-4861-bc75-3c80431b5d11@group-57B7B015FF83-SegmentedRaftLogWorker] INFO  segmented.SegmentedRaftLogWorker (SegmentedRaftLogWorker.java:execute(601)) - 3eee8d88-c0ac-4861-bc75-3c80431b5d11@group-57B7B015FF83-SegmentedRaftLogWorker: created new log segment /home/runner/work/ozone/ozone/mnt/ozone/hadoop-ozone/integration-test/target/test-dir/MiniOzoneClusterImpl-4d691a8a-0502-4280-8005-09cceedbb589/datanode-1/data/ratis/c524aef2-d63d-42f1-a01f-57b7b015ff83/current/log_inprogress_0
2021-06-07 01:00:42,172 [c2033f43-39b3-4eb3-b9b2-5a70c0c49867@group-342A338590BE-FollowerState] INFO  impl.FollowerState (FollowerState.java:run(134)) - c2033f43-39b3-4eb3-b9b2-5a70c0c49867@group-342A338590BE-FollowerState: change to CANDIDATE, lastRpcElapsedTime:5040898856ns, electionTimeout:5040ms
2021-06-07 01:00:42,172 [c2033f43-39b3-4eb3-b9b2-5a70c0c49867@group-342A338590BE-FollowerState] INFO  impl.RoleInfo (RoleInfo.java:shutdownFollowerState(108)) - c2033f43-39b3-4eb3-b9b2-5a70c0c49867: shutdown c2033f43-39b3-4eb3-b9b2-5a70c0c49867@group-342A338590BE-FollowerState
2021-06-07 01:00:42,173 [c2033f43-39b3-4eb3-b9b2-5a70c0c49867@group-342A338590BE-FollowerState] INFO  server.RaftServer$Division (RaftServerImpl.java:setRole(284)) - c2033f43-39b3-4eb3-b9b2-5a70c0c49867@group-342A338590BE: changes role from  FOLLOWER to CANDIDATE at term 0 for changeToCandidate
2021-06-07 01:00:42,175 [c2033f43-39b3-4eb3-b9b2-5a70c0c49867@group-342A338590BE-FollowerState] INFO  server.RaftServerConfigKeys (ConfUtils.java:logGet(44)) - raft.server.leaderelection.pre-vote = false (custom)
2021-06-07 01:00:42,175 [c2033f43-39b3-4eb3-b9b2-5a70c0c49867@group-342A338590BE-FollowerState] INFO  impl.RoleInfo (RoleInfo.java:updateAndGet(130)) - c2033f43-39b3-4eb3-b9b2-5a70c0c49867: start c2033f43-39b3-4eb3-b9b2-5a70c0c49867@group-342A338590BE-LeaderElection33
2021-06-07 01:00:42,178 [c2033f43-39b3-4eb3-b9b2-5a70c0c49867@group-342A338590BE-LeaderElection33] INFO  impl.LeaderElection (LeaderElection.java:askForVotes(306)) - c2033f43-39b3-4eb3-b9b2-5a70c0c49867@group-342A338590BE-LeaderElection33 ELECTION round 0: submit vote requests at term 1 for -1: [c2033f43-39b3-4eb3-b9b2-5a70c0c49867|rpc:10.1.0.42:40253|priority:1], old=null
2021-06-07 01:00:42,178 [c2033f43-39b3-4eb3-b9b2-5a70c0c49867@group-342A338590BE-LeaderElection33] INFO  impl.LeaderElection (LeaderElection.java:askForVotes(308)) - c2033f43-39b3-4eb3-b9b2-5a70c0c49867@group-342A338590BE-LeaderElection33 ELECTION round 0: result PASSED (term=1)
2021-06-07 01:00:42,178 [c2033f43-39b3-4eb3-b9b2-5a70c0c49867@group-342A338590BE-LeaderElection33] INFO  impl.RoleInfo (RoleInfo.java:shutdownLeaderElection(121)) - c2033f43-39b3-4eb3-b9b2-5a70c0c49867: shutdown c2033f43-39b3-4eb3-b9b2-5a70c0c49867@group-342A338590BE-LeaderElection33
2021-06-07 01:00:42,178 [c2033f43-39b3-4eb3-b9b2-5a70c0c49867@group-342A338590BE-LeaderElection33] INFO  server.RaftServer$Division (RaftServerImpl.java:setRole(284)) - c2033f43-39b3-4eb3-b9b2-5a70c0c49867@group-342A338590BE: changes role from CANDIDATE to LEADER at term 1 for changeToLeader
2021-06-07 01:00:42,178 [c2033f43-39b3-4eb3-b9b2-5a70c0c49867@group-342A338590BE-LeaderElection33] INFO  ratis.XceiverServerRatis (XceiverServerRatis.java:handleLeaderChangedNotification(906)) - Leader change notification received for group: group-342A338590BE with new leaderId: c2033f43-39b3-4eb3-b9b2-5a70c0c49867
2021-06-07 01:00:42,179 [c2033f43-39b3-4eb3-b9b2-5a70c0c49867@group-342A338590BE-LeaderElection33] INFO  server.RaftServer$Division (ServerState.java:setLeader(271)) - c2033f43-39b3-4eb3-b9b2-5a70c0c49867@group-342A338590BE: change Leader from null to c2033f43-39b3-4eb3-b9b2-5a70c0c49867 at term 1 for becomeLeader, leader elected after 5052ms
2021-06-07 01:00:42,179 [c2033f43-39b3-4eb3-b9b2-5a70c0c49867@group-342A338590BE-LeaderElection33] INFO  server.RaftServerConfigKeys (ConfUtils.java:logGet(44)) - raft.server.staging.catchup.gap = 1000 (default)
2021-06-07 01:00:42,179 [c2033f43-39b3-4eb3-b9b2-5a70c0c49867@group-342A338590BE-LeaderElection33] INFO  metrics.RatisMetrics (RatisMetrics.java:lambda$create$0(36)) - Creating Metrics Registry : ratis.log_appender.c2033f43-39b3-4eb3-b9b2-5a70c0c49867@group-342A338590BE
2021-06-07 01:00:42,179 [c2033f43-39b3-4eb3-b9b2-5a70c0c49867@group-342A338590BE-LeaderElection33] INFO  server.RaftServerConfigKeys (ConfUtils.java:logGet(44)) - raft.server.write.element-limit = 1024 (custom)
2021-06-07 01:00:42,180 [EventQueue-PipelineReportForOneReplicaPipelineSafeModeRule] INFO  safemode.SCMSafeModeManager (SCMSafeModeManager.java:validateSafeModeExitRules(201)) - AtleastOneDatanodeReportedRule rule is successfully validated
2021-06-07 01:00:42,180 [EventQueue-OpenPipelineForHealthyPipelineSafeModeRule] INFO  safemode.SCMSafeModeManager (HealthyPipelineSafeModeRule.java:process(130)) - SCM in safe mode. Healthy pipelines reported count is 0, required healthy pipeline reported count is 1
2021-06-07 01:00:42,180 [c2033f43-39b3-4eb3-b9b2-5a70c0c49867@group-342A338590BE-LeaderElection33] INFO  server.RaftServerConfigKeys (ConfUtils.java:logGet(44)) - raft.server.write.byte-limit = 1073741824 (custom)
2021-06-07 01:00:42,180 [c2033f43-39b3-4eb3-b9b2-5a70c0c49867@group-342A338590BE-LeaderElection33] INFO  server.RaftServerConfigKeys (ConfUtils.java:logGet(44)) - raft.server.watch.timeout = 3000ms (custom)
2021-06-07 01:00:42,180 [c2033f43-39b3-4eb3-b9b2-5a70c0c49867@group-342A338590BE-LeaderElection33] INFO  server.RaftServerConfigKeys (ConfUtils.java:logGet(44)) - raft.server.watch.timeout.denomination = 1s (default)
2021-06-07 01:00:42,180 [c2033f43-39b3-4eb3-b9b2-5a70c0c49867@group-342A338590BE-LeaderElection33] INFO  server.RaftServerConfigKeys (ConfUtils.java:logGet(44)) - raft.server.watch.element-limit = 65536 (default)
2021-06-07 01:00:42,181 [c2033f43-39b3-4eb3-b9b2-5a70c0c49867@group-342A338590BE-LeaderElection33] INFO  impl.RoleInfo (RoleInfo.java:updateAndGet(130)) - c2033f43-39b3-4eb3-b9b2-5a70c0c49867: start c2033f43-39b3-4eb3-b9b2-5a70c0c49867@group-342A338590BE-LeaderStateImpl
2021-06-07 01:00:42,181 [c2033f43-39b3-4eb3-b9b2-5a70c0c49867@group-342A338590BE-LeaderElection33] INFO  segmented.SegmentedRaftLogWorker (SegmentedRaftLogWorker.java:startLogSegment(394)) - c2033f43-39b3-4eb3-b9b2-5a70c0c49867@group-342A338590BE-SegmentedRaftLogWorker: Starting segment from index:0
2021-06-07 01:00:42,182 [c2033f43-39b3-4eb3-b9b2-5a70c0c49867@group-342A338590BE-LeaderElection33] INFO  server.RaftServer$Division (ServerState.java:setRaftConf(373)) - c2033f43-39b3-4eb3-b9b2-5a70c0c49867@group-342A338590BE: set configuration 0: [c2033f43-39b3-4eb3-b9b2-5a70c0c49867|rpc:10.1.0.42:40253|dataStream:|priority:1], old=null
2021-06-07 01:00:42,184 [c2033f43-39b3-4eb3-b9b2-5a70c0c49867@group-342A338590BE-SegmentedRaftLogWorker] INFO  segmented.SegmentedRaftLogWorker (SegmentedRaftLogWorker.java:execute(601)) - c2033f43-39b3-4eb3-b9b2-5a70c0c49867@group-342A338590BE-SegmentedRaftLogWorker: created new log segment /home/runner/work/ozone/ozone/mnt/ozone/hadoop-ozone/integration-test/target/test-dir/MiniOzoneClusterImpl-4d691a8a-0502-4280-8005-09cceedbb589/datanode-2/data/ratis/d8e08c25-1f0e-41ac-be56-342a338590be/current/log_inprogress_0
2021-06-07 01:00:42,244 [EventQueue-PipelineReportForOneReplicaPipelineSafeModeRule] INFO  safemode.SCMSafeModeManager (SCMSafeModeManager.java:validateSafeModeExitRules(201)) - AtleastOneDatanodeReportedRule rule is successfully validated
2021-06-07 01:00:42,245 [EventQueue-OpenPipelineForHealthyPipelineSafeModeRule] INFO  safemode.SCMSafeModeManager (HealthyPipelineSafeModeRule.java:process(130)) - SCM in safe mode. Healthy pipelines reported count is 0, required healthy pipeline reported count is 1
2021-06-07 01:00:42,323 [EventQueue-PipelineReportForOneReplicaPipelineSafeModeRule] INFO  safemode.SCMSafeModeManager (SCMSafeModeManager.java:validateSafeModeExitRules(201)) - AtleastOneDatanodeReportedRule rule is successfully validated
2021-06-07 01:00:42,323 [EventQueue-OpenPipelineForHealthyPipelineSafeModeRule] INFO  safemode.SCMSafeModeManager (HealthyPipelineSafeModeRule.java:process(130)) - SCM in safe mode. Healthy pipelines reported count is 0, required healthy pipeline reported count is 1
2021-06-07 01:00:42,327 [4c0648dc-edb7-46e4-8fb2-cd1978ed42aa@group-0816AEE1200F-FollowerState] INFO  impl.FollowerState (FollowerState.java:run(134)) - 4c0648dc-edb7-46e4-8fb2-cd1978ed42aa@group-0816AEE1200F-FollowerState: change to CANDIDATE, lastRpcElapsedTime:5029162601ns, electionTimeout:5028ms
2021-06-07 01:00:42,327 [4c0648dc-edb7-46e4-8fb2-cd1978ed42aa@group-0816AEE1200F-FollowerState] INFO  impl.RoleInfo (RoleInfo.java:shutdownFollowerState(108)) - 4c0648dc-edb7-46e4-8fb2-cd1978ed42aa: shutdown 4c0648dc-edb7-46e4-8fb2-cd1978ed42aa@group-0816AEE1200F-FollowerState
2021-06-07 01:00:42,327 [4c0648dc-edb7-46e4-8fb2-cd1978ed42aa@group-0816AEE1200F-FollowerState] INFO  server.RaftServer$Division (RaftServerImpl.java:setRole(284)) - 4c0648dc-edb7-46e4-8fb2-cd1978ed42aa@group-0816AEE1200F: changes role from  FOLLOWER to CANDIDATE at term 0 for changeToCandidate
2021-06-07 01:00:42,329 [4c0648dc-edb7-46e4-8fb2-cd1978ed42aa@group-0816AEE1200F-FollowerState] INFO  server.RaftServerConfigKeys (ConfUtils.java:logGet(44)) - raft.server.leaderelection.pre-vote = false (custom)
2021-06-07 01:00:42,329 [4c0648dc-edb7-46e4-8fb2-cd1978ed42aa@group-0816AEE1200F-FollowerState] INFO  impl.RoleInfo (RoleInfo.java:updateAndGet(130)) - 4c0648dc-edb7-46e4-8fb2-cd1978ed42aa: start 4c0648dc-edb7-46e4-8fb2-cd1978ed42aa@group-0816AEE1200F-LeaderElection34
2021-06-07 01:00:42,334 [4c0648dc-edb7-46e4-8fb2-cd1978ed42aa@group-0816AEE1200F-LeaderElection34] INFO  impl.LeaderElection (LeaderElection.java:askForVotes(306)) - 4c0648dc-edb7-46e4-8fb2-cd1978ed42aa@group-0816AEE1200F-LeaderElection34 ELECTION round 0: submit vote requests at term 1 for -1: [4c0648dc-edb7-46e4-8fb2-cd1978ed42aa|rpc:10.1.0.42:41055|dataStream:|priority:0, 8d92b5a7-4709-4dab-ba37-cfa7e81d90ef|rpc:10.1.0.42:45381|dataStream:|priority:1, 92e97bd9-ad78-40fd-8151-2c7bc5702604|rpc:10.1.0.42:42767|dataStream:|priority:0], old=null
2021-06-07 01:00:42,340 [grpc-default-executor-3] INFO  server.RaftServer$Division (RaftServerImpl.java:requestVote(1042)) - 92e97bd9-ad78-40fd-8151-2c7bc5702604@group-0816AEE1200F: receive requestVote(ELECTION, 4c0648dc-edb7-46e4-8fb2-cd1978ed42aa, group-0816AEE1200F, 1, (t:0, i:0))
2021-06-07 01:00:42,340 [grpc-default-executor-3] INFO  impl.VoteContext (VoteContext.java:log(48)) - 92e97bd9-ad78-40fd-8151-2c7bc5702604@group-0816AEE1200F-FOLLOWER: accept ELECTION from 4c0648dc-edb7-46e4-8fb2-cd1978ed42aa: our priority 0 <= candidate's priority 0
2021-06-07 01:00:42,340 [grpc-default-executor-3] INFO  server.RaftServer$Division (RaftServerImpl.java:setRole(284)) - 92e97bd9-ad78-40fd-8151-2c7bc5702604@group-0816AEE1200F: changes role from  FOLLOWER to FOLLOWER at term 1 for candidate:4c0648dc-edb7-46e4-8fb2-cd1978ed42aa
2021-06-07 01:00:42,340 [grpc-default-executor-3] INFO  impl.RoleInfo (RoleInfo.java:shutdownFollowerState(108)) - 92e97bd9-ad78-40fd-8151-2c7bc5702604: shutdown 92e97bd9-ad78-40fd-8151-2c7bc5702604@group-0816AEE1200F-FollowerState
2021-06-07 01:00:42,341 [grpc-default-executor-3] INFO  impl.RoleInfo (RoleInfo.java:updateAndGet(130)) - 92e97bd9-ad78-40fd-8151-2c7bc5702604: start 92e97bd9-ad78-40fd-8151-2c7bc5702604@group-0816AEE1200F-FollowerState
2021-06-07 01:00:42,341 [92e97bd9-ad78-40fd-8151-2c7bc5702604@group-0816AEE1200F-FollowerState] INFO  impl.FollowerState (FollowerState.java:run(143)) - 92e97bd9-ad78-40fd-8151-2c7bc5702604@group-0816AEE1200F-FollowerState was interrupted: {}
java.lang.InterruptedException: sleep interrupted
	at java.lang.Thread.sleep(Native Method)
	at java.lang.Thread.sleep(Thread.java:340)
	at java.util.concurrent.TimeUnit.sleep(TimeUnit.java:386)
	at org.apache.ratis.util.TimeDuration.sleep(TimeDuration.java:324)
	at org.apache.ratis.util.TimeDuration.sleep(TimeDuration.java:309)
	at org.apache.ratis.server.impl.FollowerState.run(FollowerState.java:118)
2021-06-07 01:00:42,341 [grpc-default-executor-0] INFO  metrics.RatisMetrics (RatisMetrics.java:lambda$create$0(36)) - Creating Metrics Registry : ratis.server_message_metrics.8d92b5a7-4709-4dab-ba37-cfa7e81d90ef
2021-06-07 01:00:42,343 [grpc-default-executor-0] INFO  server.RaftServer$Division (RaftServerImpl.java:requestVote(1042)) - 8d92b5a7-4709-4dab-ba37-cfa7e81d90ef@group-0816AEE1200F: receive requestVote(ELECTION, 4c0648dc-edb7-46e4-8fb2-cd1978ed42aa, group-0816AEE1200F, 1, (t:0, i:0))
2021-06-07 01:00:42,343 [grpc-default-executor-0] INFO  impl.VoteContext (VoteContext.java:log(48)) - 8d92b5a7-4709-4dab-ba37-cfa7e81d90ef@group-0816AEE1200F-FOLLOWER: reject ELECTION from 4c0648dc-edb7-46e4-8fb2-cd1978ed42aa: our priority 1 > candidate's priority 0
2021-06-07 01:00:42,343 [grpc-default-executor-0] INFO  server.RaftServer$Division (RaftServerImpl.java:setRole(284)) - 8d92b5a7-4709-4dab-ba37-cfa7e81d90ef@group-0816AEE1200F: changes role from  FOLLOWER to FOLLOWER at term 1 for candidate:4c0648dc-edb7-46e4-8fb2-cd1978ed42aa
2021-06-07 01:00:42,343 [grpc-default-executor-0] INFO  impl.RoleInfo (RoleInfo.java:shutdownFollowerState(108)) - 8d92b5a7-4709-4dab-ba37-cfa7e81d90ef: shutdown 8d92b5a7-4709-4dab-ba37-cfa7e81d90ef@group-0816AEE1200F-FollowerState
2021-06-07 01:00:42,343 [grpc-default-executor-0] INFO  impl.RoleInfo (RoleInfo.java:updateAndGet(130)) - 8d92b5a7-4709-4dab-ba37-cfa7e81d90ef: start 8d92b5a7-4709-4dab-ba37-cfa7e81d90ef@group-0816AEE1200F-FollowerState
2021-06-07 01:00:42,343 [8d92b5a7-4709-4dab-ba37-cfa7e81d90ef@group-0816AEE1200F-FollowerState] INFO  impl.FollowerState (FollowerState.java:run(143)) - 8d92b5a7-4709-4dab-ba37-cfa7e81d90ef@group-0816AEE1200F-FollowerState was interrupted: {}
java.lang.InterruptedException: sleep interrupted
	at java.lang.Thread.sleep(Native Method)
	at java.lang.Thread.sleep(Thread.java:340)
	at java.util.concurrent.TimeUnit.sleep(TimeUnit.java:386)
	at org.apache.ratis.util.TimeDuration.sleep(TimeDuration.java:324)
	at org.apache.ratis.util.TimeDuration.sleep(TimeDuration.java:309)
	at org.apache.ratis.server.impl.FollowerState.run(FollowerState.java:118)
2021-06-07 01:00:42,344 [grpc-default-executor-3] INFO  server.RaftServer$Division (RaftServerImpl.java:requestVote(1074)) - 92e97bd9-ad78-40fd-8151-2c7bc5702604@group-0816AEE1200F replies to ELECTION vote request: 4c0648dc-edb7-46e4-8fb2-cd1978ed42aa<-92e97bd9-ad78-40fd-8151-2c7bc5702604#0:OK-t1. Peer's state: 92e97bd9-ad78-40fd-8151-2c7bc5702604@group-0816AEE1200F:t1, leader=null, voted=4c0648dc-edb7-46e4-8fb2-cd1978ed42aa, raftlog=92e97bd9-ad78-40fd-8151-2c7bc5702604@group-0816AEE1200F-SegmentedRaftLog:OPENED:c-1,f-1,i0, conf=-1: [4c0648dc-edb7-46e4-8fb2-cd1978ed42aa|rpc:10.1.0.42:41055|dataStream:|priority:0, 8d92b5a7-4709-4dab-ba37-cfa7e81d90ef|rpc:10.1.0.42:45381|dataStream:|priority:1, 92e97bd9-ad78-40fd-8151-2c7bc5702604|rpc:10.1.0.42:42767|dataStream:|priority:0], old=null
2021-06-07 01:00:42,347 [grpc-default-executor-0] INFO  server.RaftServer$Division (RaftServerImpl.java:requestVote(1074)) - 8d92b5a7-4709-4dab-ba37-cfa7e81d90ef@group-0816AEE1200F replies to ELECTION vote request: 4c0648dc-edb7-46e4-8fb2-cd1978ed42aa<-8d92b5a7-4709-4dab-ba37-cfa7e81d90ef#0:FAIL-t1. Peer's state: 8d92b5a7-4709-4dab-ba37-cfa7e81d90ef@group-0816AEE1200F:t1, leader=null, voted=null, raftlog=8d92b5a7-4709-4dab-ba37-cfa7e81d90ef@group-0816AEE1200F-SegmentedRaftLog:OPENED:c-1,f-1,i0, conf=-1: [4c0648dc-edb7-46e4-8fb2-cd1978ed42aa|rpc:10.1.0.42:41055|priority:0, 8d92b5a7-4709-4dab-ba37-cfa7e81d90ef|rpc:10.1.0.42:45381|priority:1, 92e97bd9-ad78-40fd-8151-2c7bc5702604|rpc:10.1.0.42:42767|priority:0], old=null
2021-06-07 01:00:42,348 [4c0648dc-edb7-46e4-8fb2-cd1978ed42aa@group-0816AEE1200F-LeaderElection34] INFO  impl.LeaderElection (LeaderElection.java:logAndReturn(89)) - 4c0648dc-edb7-46e4-8fb2-cd1978ed42aa@group-0816AEE1200F-LeaderElection34: ELECTION REJECTED received 2 response(s) and 0 exception(s):
2021-06-07 01:00:42,348 [4c0648dc-edb7-46e4-8fb2-cd1978ed42aa@group-0816AEE1200F-LeaderElection34] INFO  impl.LeaderElection (LeaderElection.java:logAndReturn(93)) -   Response 0: 4c0648dc-edb7-46e4-8fb2-cd1978ed42aa<-8d92b5a7-4709-4dab-ba37-cfa7e81d90ef#0:FAIL-t1
2021-06-07 01:00:42,348 [4c0648dc-edb7-46e4-8fb2-cd1978ed42aa@group-0816AEE1200F-LeaderElection34] INFO  impl.LeaderElection (LeaderElection.java:logAndReturn(93)) -   Response 1: 4c0648dc-edb7-46e4-8fb2-cd1978ed42aa<-92e97bd9-ad78-40fd-8151-2c7bc5702604#0:OK-t1
2021-06-07 01:00:42,348 [4c0648dc-edb7-46e4-8fb2-cd1978ed42aa@group-0816AEE1200F-LeaderElection34] INFO  impl.LeaderElection (LeaderElection.java:askForVotes(308)) - 4c0648dc-edb7-46e4-8fb2-cd1978ed42aa@group-0816AEE1200F-LeaderElection34 ELECTION round 0: result REJECTED
2021-06-07 01:00:42,348 [4c0648dc-edb7-46e4-8fb2-cd1978ed42aa@group-0816AEE1200F-LeaderElection34] INFO  server.RaftServer$Division (RaftServerImpl.java:setRole(284)) - 4c0648dc-edb7-46e4-8fb2-cd1978ed42aa@group-0816AEE1200F: changes role from CANDIDATE to FOLLOWER at term 1 for REJECTED
2021-06-07 01:00:42,348 [4c0648dc-edb7-46e4-8fb2-cd1978ed42aa@group-0816AEE1200F-LeaderElection34] INFO  impl.RoleInfo (RoleInfo.java:shutdownLeaderElection(121)) - 4c0648dc-edb7-46e4-8fb2-cd1978ed42aa: shutdown 4c0648dc-edb7-46e4-8fb2-cd1978ed42aa@group-0816AEE1200F-LeaderElection34
2021-06-07 01:00:42,348 [4c0648dc-edb7-46e4-8fb2-cd1978ed42aa@group-0816AEE1200F-LeaderElection34] INFO  impl.RoleInfo (RoleInfo.java:updateAndGet(130)) - 4c0648dc-edb7-46e4-8fb2-cd1978ed42aa: start 4c0648dc-edb7-46e4-8fb2-cd1978ed42aa@group-0816AEE1200F-FollowerState
2021-06-07 01:00:42,360 [4c0648dc-edb7-46e4-8fb2-cd1978ed42aa@group-C9BD68C210E4-FollowerState] INFO  impl.FollowerState (FollowerState.java:run(134)) - 4c0648dc-edb7-46e4-8fb2-cd1978ed42aa@group-C9BD68C210E4-FollowerState: change to CANDIDATE, lastRpcElapsedTime:5033263347ns, electionTimeout:5033ms
2021-06-07 01:00:42,361 [4c0648dc-edb7-46e4-8fb2-cd1978ed42aa@group-C9BD68C210E4-FollowerState] INFO  impl.RoleInfo (RoleInfo.java:shutdownFollowerState(108)) - 4c0648dc-edb7-46e4-8fb2-cd1978ed42aa: shutdown 4c0648dc-edb7-46e4-8fb2-cd1978ed42aa@group-C9BD68C210E4-FollowerState
2021-06-07 01:00:42,361 [4c0648dc-edb7-46e4-8fb2-cd1978ed42aa@group-C9BD68C210E4-FollowerState] INFO  server.RaftServer$Division (RaftServerImpl.java:setRole(284)) - 4c0648dc-edb7-46e4-8fb2-cd1978ed42aa@group-C9BD68C210E4: changes role from  FOLLOWER to CANDIDATE at term 0 for changeToCandidate
2021-06-07 01:00:42,361 [4c0648dc-edb7-46e4-8fb2-cd1978ed42aa@group-C9BD68C210E4-FollowerState] INFO  server.RaftServerConfigKeys (ConfUtils.java:logGet(44)) - raft.server.leaderelection.pre-vote = false (custom)
2021-06-07 01:00:42,361 [4c0648dc-edb7-46e4-8fb2-cd1978ed42aa@group-C9BD68C210E4-FollowerState] INFO  impl.RoleInfo (RoleInfo.java:updateAndGet(130)) - 4c0648dc-edb7-46e4-8fb2-cd1978ed42aa: start 4c0648dc-edb7-46e4-8fb2-cd1978ed42aa@group-C9BD68C210E4-LeaderElection35
2021-06-07 01:00:42,365 [4c0648dc-edb7-46e4-8fb2-cd1978ed42aa@group-C9BD68C210E4-LeaderElection35] INFO  impl.LeaderElection (LeaderElection.java:askForVotes(306)) - 4c0648dc-edb7-46e4-8fb2-cd1978ed42aa@group-C9BD68C210E4-LeaderElection35 ELECTION round 0: submit vote requests at term 1 for -1: [4c0648dc-edb7-46e4-8fb2-cd1978ed42aa|rpc:10.1.0.42:41055|priority:1], old=null
2021-06-07 01:00:42,365 [4c0648dc-edb7-46e4-8fb2-cd1978ed42aa@group-C9BD68C210E4-LeaderElection35] INFO  impl.LeaderElection (LeaderElection.java:askForVotes(308)) - 4c0648dc-edb7-46e4-8fb2-cd1978ed42aa@group-C9BD68C210E4-LeaderElection35 ELECTION round 0: result PASSED (term=1)
2021-06-07 01:00:42,365 [4c0648dc-edb7-46e4-8fb2-cd1978ed42aa@group-C9BD68C210E4-LeaderElection35] INFO  impl.RoleInfo (RoleInfo.java:shutdownLeaderElection(121)) - 4c0648dc-edb7-46e4-8fb2-cd1978ed42aa: shutdown 4c0648dc-edb7-46e4-8fb2-cd1978ed42aa@group-C9BD68C210E4-LeaderElection35
2021-06-07 01:00:42,365 [4c0648dc-edb7-46e4-8fb2-cd1978ed42aa@group-C9BD68C210E4-LeaderElection35] INFO  server.RaftServer$Division (RaftServerImpl.java:setRole(284)) - 4c0648dc-edb7-46e4-8fb2-cd1978ed42aa@group-C9BD68C210E4: changes role from CANDIDATE to LEADER at term 1 for changeToLeader
2021-06-07 01:00:42,365 [4c0648dc-edb7-46e4-8fb2-cd1978ed42aa@group-C9BD68C210E4-LeaderElection35] INFO  ratis.XceiverServerRatis (XceiverServerRatis.java:handleLeaderChangedNotification(906)) - Leader change notification received for group: group-C9BD68C210E4 with new leaderId: 4c0648dc-edb7-46e4-8fb2-cd1978ed42aa
2021-06-07 01:00:42,365 [4c0648dc-edb7-46e4-8fb2-cd1978ed42aa@group-C9BD68C210E4-LeaderElection35] INFO  server.RaftServer$Division (ServerState.java:setLeader(271)) - 4c0648dc-edb7-46e4-8fb2-cd1978ed42aa@group-C9BD68C210E4: change Leader from null to 4c0648dc-edb7-46e4-8fb2-cd1978ed42aa at term 1 for becomeLeader, leader elected after 5043ms
2021-06-07 01:00:42,365 [4c0648dc-edb7-46e4-8fb2-cd1978ed42aa@group-C9BD68C210E4-LeaderElection35] INFO  server.RaftServerConfigKeys (ConfUtils.java:logGet(44)) - raft.server.staging.catchup.gap = 1000 (default)
2021-06-07 01:00:42,365 [4c0648dc-edb7-46e4-8fb2-cd1978ed42aa@group-C9BD68C210E4-LeaderElection35] INFO  metrics.RatisMetrics (RatisMetrics.java:lambda$create$0(36)) - Creating Metrics Registry : ratis.log_appender.4c0648dc-edb7-46e4-8fb2-cd1978ed42aa@group-C9BD68C210E4
2021-06-07 01:00:42,365 [4c0648dc-edb7-46e4-8fb2-cd1978ed42aa@group-C9BD68C210E4-LeaderElection35] INFO  server.RaftServerConfigKeys (ConfUtils.java:logGet(44)) - raft.server.write.element-limit = 1024 (custom)
2021-06-07 01:00:42,365 [4c0648dc-edb7-46e4-8fb2-cd1978ed42aa@group-C9BD68C210E4-LeaderElection35] INFO  server.RaftServerConfigKeys (ConfUtils.java:logGet(44)) - raft.server.write.byte-limit = 1073741824 (custom)
2021-06-07 01:00:42,366 [EventQueue-PipelineReportForOneReplicaPipelineSafeModeRule] INFO  safemode.SCMSafeModeManager (SCMSafeModeManager.java:validateSafeModeExitRules(201)) - AtleastOneDatanodeReportedRule rule is successfully validated
2021-06-07 01:00:42,366 [EventQueue-OpenPipelineForHealthyPipelineSafeModeRule] INFO  safemode.SCMSafeModeManager (HealthyPipelineSafeModeRule.java:process(130)) - SCM in safe mode. Healthy pipelines reported count is 0, required healthy pipeline reported count is 1
2021-06-07 01:00:42,366 [4c0648dc-edb7-46e4-8fb2-cd1978ed42aa@group-C9BD68C210E4-LeaderElection35] INFO  server.RaftServerConfigKeys (ConfUtils.java:logGet(44)) - raft.server.watch.timeout = 3000ms (custom)
2021-06-07 01:00:42,366 [4c0648dc-edb7-46e4-8fb2-cd1978ed42aa@group-C9BD68C210E4-LeaderElection35] INFO  server.RaftServerConfigKeys (ConfUtils.java:logGet(44)) - raft.server.watch.timeout.denomination = 1s (default)
2021-06-07 01:00:42,366 [4c0648dc-edb7-46e4-8fb2-cd1978ed42aa@group-C9BD68C210E4-LeaderElection35] INFO  server.RaftServerConfigKeys (ConfUtils.java:logGet(44)) - raft.server.watch.element-limit = 65536 (default)
2021-06-07 01:00:42,366 [4c0648dc-edb7-46e4-8fb2-cd1978ed42aa@group-C9BD68C210E4-LeaderElection35] INFO  impl.RoleInfo (RoleInfo.java:updateAndGet(130)) - 4c0648dc-edb7-46e4-8fb2-cd1978ed42aa: start 4c0648dc-edb7-46e4-8fb2-cd1978ed42aa@group-C9BD68C210E4-LeaderStateImpl
2021-06-07 01:00:42,366 [4c0648dc-edb7-46e4-8fb2-cd1978ed42aa@group-C9BD68C210E4-LeaderElection35] INFO  segmented.SegmentedRaftLogWorker (SegmentedRaftLogWorker.java:startLogSegment(394)) - 4c0648dc-edb7-46e4-8fb2-cd1978ed42aa@group-C9BD68C210E4-SegmentedRaftLogWorker: Starting segment from index:0
2021-06-07 01:00:42,368 [4c0648dc-edb7-46e4-8fb2-cd1978ed42aa@group-C9BD68C210E4-SegmentedRaftLogWorker] INFO  segmented.SegmentedRaftLogWorker (SegmentedRaftLogWorker.java:execute(601)) - 4c0648dc-edb7-46e4-8fb2-cd1978ed42aa@group-C9BD68C210E4-SegmentedRaftLogWorker: created new log segment /home/runner/work/ozone/ozone/mnt/ozone/hadoop-ozone/integration-test/target/test-dir/MiniOzoneClusterImpl-4d691a8a-0502-4280-8005-09cceedbb589/datanode-4/data/ratis/54b583af-02bc-46aa-b7a5-c9bd68c210e4/current/log_inprogress_0
2021-06-07 01:00:42,368 [4c0648dc-edb7-46e4-8fb2-cd1978ed42aa@group-C9BD68C210E4-LeaderElection35] INFO  server.RaftServer$Division (ServerState.java:setRaftConf(373)) - 4c0648dc-edb7-46e4-8fb2-cd1978ed42aa@group-C9BD68C210E4: set configuration 0: [4c0648dc-edb7-46e4-8fb2-cd1978ed42aa|rpc:10.1.0.42:41055|dataStream:|priority:1], old=null
2021-06-07 01:00:42,390 [8d92b5a7-4709-4dab-ba37-cfa7e81d90ef@group-2B3425D9E77D-FollowerState] INFO  impl.FollowerState (FollowerState.java:run(134)) - 8d92b5a7-4709-4dab-ba37-cfa7e81d90ef@group-2B3425D9E77D-FollowerState: change to CANDIDATE, lastRpcElapsedTime:5152891880ns, electionTimeout:5152ms
2021-06-07 01:00:42,390 [8d92b5a7-4709-4dab-ba37-cfa7e81d90ef@group-2B3425D9E77D-FollowerState] INFO  impl.RoleInfo (RoleInfo.java:shutdownFollowerState(108)) - 8d92b5a7-4709-4dab-ba37-cfa7e81d90ef: shutdown 8d92b5a7-4709-4dab-ba37-cfa7e81d90ef@group-2B3425D9E77D-FollowerState
2021-06-07 01:00:42,390 [8d92b5a7-4709-4dab-ba37-cfa7e81d90ef@group-2B3425D9E77D-FollowerState] INFO  server.RaftServer$Division (RaftServerImpl.java:setRole(284)) - 8d92b5a7-4709-4dab-ba37-cfa7e81d90ef@group-2B3425D9E77D: changes role from  FOLLOWER to CANDIDATE at term 0 for changeToCandidate
2021-06-07 01:00:42,390 [8d92b5a7-4709-4dab-ba37-cfa7e81d90ef@group-2B3425D9E77D-FollowerState] INFO  server.RaftServerConfigKeys (ConfUtils.java:logGet(44)) - raft.server.leaderelection.pre-vote = false (custom)
2021-06-07 01:00:42,390 [8d92b5a7-4709-4dab-ba37-cfa7e81d90ef@group-2B3425D9E77D-FollowerState] INFO  impl.RoleInfo (RoleInfo.java:updateAndGet(130)) - 8d92b5a7-4709-4dab-ba37-cfa7e81d90ef: start 8d92b5a7-4709-4dab-ba37-cfa7e81d90ef@group-2B3425D9E77D-LeaderElection36
2021-06-07 01:00:42,392 [8d92b5a7-4709-4dab-ba37-cfa7e81d90ef@group-2B3425D9E77D-LeaderElection36] INFO  impl.LeaderElection (LeaderElection.java:askForVotes(306)) - 8d92b5a7-4709-4dab-ba37-cfa7e81d90ef@group-2B3425D9E77D-LeaderElection36 ELECTION round 0: submit vote requests at term 1 for -1: [8d92b5a7-4709-4dab-ba37-cfa7e81d90ef|rpc:10.1.0.42:45381|priority:1], old=null
2021-06-07 01:00:42,392 [8d92b5a7-4709-4dab-ba37-cfa7e81d90ef@group-2B3425D9E77D-LeaderElection36] INFO  impl.LeaderElection (LeaderElection.java:askForVotes(308)) - 8d92b5a7-4709-4dab-ba37-cfa7e81d90ef@group-2B3425D9E77D-LeaderElection36 ELECTION round 0: result PASSED (term=1)
2021-06-07 01:00:42,392 [8d92b5a7-4709-4dab-ba37-cfa7e81d90ef@group-2B3425D9E77D-LeaderElection36] INFO  impl.RoleInfo (RoleInfo.java:shutdownLeaderElection(121)) - 8d92b5a7-4709-4dab-ba37-cfa7e81d90ef: shutdown 8d92b5a7-4709-4dab-ba37-cfa7e81d90ef@group-2B3425D9E77D-LeaderElection36
2021-06-07 01:00:42,392 [8d92b5a7-4709-4dab-ba37-cfa7e81d90ef@group-2B3425D9E77D-LeaderElection36] INFO  server.RaftServer$Division (RaftServerImpl.java:setRole(284)) - 8d92b5a7-4709-4dab-ba37-cfa7e81d90ef@group-2B3425D9E77D: changes role from CANDIDATE to LEADER at term 1 for changeToLeader
2021-06-07 01:00:42,393 [8d92b5a7-4709-4dab-ba37-cfa7e81d90ef@group-2B3425D9E77D-LeaderElection36] INFO  ratis.XceiverServerRatis (XceiverServerRatis.java:handleLeaderChangedNotification(906)) - Leader change notification received for group: group-2B3425D9E77D with new leaderId: 8d92b5a7-4709-4dab-ba37-cfa7e81d90ef
2021-06-07 01:00:42,393 [8d92b5a7-4709-4dab-ba37-cfa7e81d90ef@group-2B3425D9E77D-LeaderElection36] INFO  server.RaftServer$Division (ServerState.java:setLeader(271)) - 8d92b5a7-4709-4dab-ba37-cfa7e81d90ef@group-2B3425D9E77D: change Leader from null to 8d92b5a7-4709-4dab-ba37-cfa7e81d90ef at term 1 for becomeLeader, leader elected after 5167ms
2021-06-07 01:00:42,393 [8d92b5a7-4709-4dab-ba37-cfa7e81d90ef@group-2B3425D9E77D-LeaderElection36] INFO  server.RaftServerConfigKeys (ConfUtils.java:logGet(44)) - raft.server.staging.catchup.gap = 1000 (default)
2021-06-07 01:00:42,393 [8d92b5a7-4709-4dab-ba37-cfa7e81d90ef@group-2B3425D9E77D-LeaderElection36] INFO  metrics.RatisMetrics (RatisMetrics.java:lambda$create$0(36)) - Creating Metrics Registry : ratis.log_appender.8d92b5a7-4709-4dab-ba37-cfa7e81d90ef@group-2B3425D9E77D
2021-06-07 01:00:42,393 [8d92b5a7-4709-4dab-ba37-cfa7e81d90ef@group-2B3425D9E77D-LeaderElection36] INFO  server.RaftServerConfigKeys (ConfUtils.java:logGet(44)) - raft.server.write.element-limit = 1024 (custom)
2021-06-07 01:00:42,393 [8d92b5a7-4709-4dab-ba37-cfa7e81d90ef@group-2B3425D9E77D-LeaderElection36] INFO  server.RaftServerConfigKeys (ConfUtils.java:logGet(44)) - raft.server.write.byte-limit = 1073741824 (custom)
2021-06-07 01:00:42,393 [8d92b5a7-4709-4dab-ba37-cfa7e81d90ef@group-2B3425D9E77D-LeaderElection36] INFO  server.RaftServerConfigKeys (ConfUtils.java:logGet(44)) - raft.server.watch.timeout = 3000ms (custom)
2021-06-07 01:00:42,393 [8d92b5a7-4709-4dab-ba37-cfa7e81d90ef@group-2B3425D9E77D-LeaderElection36] INFO  server.RaftServerConfigKeys (ConfUtils.java:logGet(44)) - raft.server.watch.timeout.denomination = 1s (default)
2021-06-07 01:00:42,393 [8d92b5a7-4709-4dab-ba37-cfa7e81d90ef@group-2B3425D9E77D-LeaderElection36] INFO  server.RaftServerConfigKeys (ConfUtils.java:logGet(44)) - raft.server.watch.element-limit = 65536 (default)
2021-06-07 01:00:42,394 [8d92b5a7-4709-4dab-ba37-cfa7e81d90ef@group-2B3425D9E77D-LeaderElection36] INFO  impl.RoleInfo (RoleInfo.java:updateAndGet(130)) - 8d92b5a7-4709-4dab-ba37-cfa7e81d90ef: start 8d92b5a7-4709-4dab-ba37-cfa7e81d90ef@group-2B3425D9E77D-LeaderStateImpl
2021-06-07 01:00:42,394 [8d92b5a7-4709-4dab-ba37-cfa7e81d90ef@group-2B3425D9E77D-LeaderElection36] INFO  segmented.SegmentedRaftLogWorker (SegmentedRaftLogWorker.java:startLogSegment(394)) - 8d92b5a7-4709-4dab-ba37-cfa7e81d90ef@group-2B3425D9E77D-SegmentedRaftLogWorker: Starting segment from index:0
2021-06-07 01:00:42,399 [8d92b5a7-4709-4dab-ba37-cfa7e81d90ef@group-2B3425D9E77D-LeaderElection36] INFO  server.RaftServer$Division (ServerState.java:setRaftConf(373)) - 8d92b5a7-4709-4dab-ba37-cfa7e81d90ef@group-2B3425D9E77D: set configuration 0: [8d92b5a7-4709-4dab-ba37-cfa7e81d90ef|rpc:10.1.0.42:45381|dataStream:|priority:1], old=null
2021-06-07 01:00:42,399 [8d92b5a7-4709-4dab-ba37-cfa7e81d90ef@group-2B3425D9E77D-SegmentedRaftLogWorker] INFO  segmented.SegmentedRaftLogWorker (SegmentedRaftLogWorker.java:execute(601)) - 8d92b5a7-4709-4dab-ba37-cfa7e81d90ef@group-2B3425D9E77D-SegmentedRaftLogWorker: created new log segment /home/runner/work/ozone/ozone/mnt/ozone/hadoop-ozone/integration-test/target/test-dir/MiniOzoneClusterImpl-4d691a8a-0502-4280-8005-09cceedbb589/datanode-3/data/ratis/b27efbdc-69f0-43b0-bf86-2b3425d9e77d/current/log_inprogress_0
2021-06-07 01:00:42,399 [EventQueue-PipelineReportForOneReplicaPipelineSafeModeRule] INFO  safemode.SCMSafeModeManager (SCMSafeModeManager.java:validateSafeModeExitRules(201)) - AtleastOneDatanodeReportedRule rule is successfully validated
2021-06-07 01:00:42,400 [EventQueue-OpenPipelineForHealthyPipelineSafeModeRule] INFO  safemode.SCMSafeModeManager (HealthyPipelineSafeModeRule.java:process(130)) - SCM in safe mode. Healthy pipelines reported count is 0, required healthy pipeline reported count is 1
2021-06-07 01:00:42,421 [EventQueue-PipelineReportForOneReplicaPipelineSafeModeRule] INFO  safemode.SCMSafeModeManager (SCMSafeModeManager.java:validateSafeModeExitRules(201)) - AtleastOneDatanodeReportedRule rule is successfully validated
2021-06-07 01:00:42,422 [EventQueue-OpenPipelineForHealthyPipelineSafeModeRule] INFO  safemode.SCMSafeModeManager (HealthyPipelineSafeModeRule.java:process(130)) - SCM in safe mode. Healthy pipelines reported count is 0, required healthy pipeline reported count is 1
2021-06-07 01:00:42,528 [92e97bd9-ad78-40fd-8151-2c7bc5702604@group-163F2600BD64-FollowerState] INFO  impl.FollowerState (FollowerState.java:run(134)) - 92e97bd9-ad78-40fd-8151-2c7bc5702604@group-163F2600BD64-FollowerState: change to CANDIDATE, lastRpcElapsedTime:5100325555ns, electionTimeout:5098ms
2021-06-07 01:00:42,529 [92e97bd9-ad78-40fd-8151-2c7bc5702604@group-163F2600BD64-FollowerState] INFO  impl.RoleInfo (RoleInfo.java:shutdownFollowerState(108)) - 92e97bd9-ad78-40fd-8151-2c7bc5702604: shutdown 92e97bd9-ad78-40fd-8151-2c7bc5702604@group-163F2600BD64-FollowerState
2021-06-07 01:00:42,529 [92e97bd9-ad78-40fd-8151-2c7bc5702604@group-163F2600BD64-FollowerState] INFO  server.RaftServer$Division (RaftServerImpl.java:setRole(284)) - 92e97bd9-ad78-40fd-8151-2c7bc5702604@group-163F2600BD64: changes role from  FOLLOWER to CANDIDATE at term 0 for changeToCandidate
2021-06-07 01:00:42,530 [92e97bd9-ad78-40fd-8151-2c7bc5702604@group-163F2600BD64-FollowerState] INFO  server.RaftServerConfigKeys (ConfUtils.java:logGet(44)) - raft.server.leaderelection.pre-vote = false (custom)
2021-06-07 01:00:42,530 [92e97bd9-ad78-40fd-8151-2c7bc5702604@group-163F2600BD64-FollowerState] INFO  impl.RoleInfo (RoleInfo.java:updateAndGet(130)) - 92e97bd9-ad78-40fd-8151-2c7bc5702604: start 92e97bd9-ad78-40fd-8151-2c7bc5702604@group-163F2600BD64-LeaderElection37
2021-06-07 01:00:42,534 [92e97bd9-ad78-40fd-8151-2c7bc5702604@group-163F2600BD64-LeaderElection37] INFO  impl.LeaderElection (LeaderElection.java:askForVotes(306)) - 92e97bd9-ad78-40fd-8151-2c7bc5702604@group-163F2600BD64-LeaderElection37 ELECTION round 0: submit vote requests at term 1 for -1: [92e97bd9-ad78-40fd-8151-2c7bc5702604|rpc:10.1.0.42:42767|priority:1], old=null
2021-06-07 01:00:42,534 [92e97bd9-ad78-40fd-8151-2c7bc5702604@group-163F2600BD64-LeaderElection37] INFO  impl.LeaderElection (LeaderElection.java:askForVotes(308)) - 92e97bd9-ad78-40fd-8151-2c7bc5702604@group-163F2600BD64-LeaderElection37 ELECTION round 0: result PASSED (term=1)
2021-06-07 01:00:42,534 [92e97bd9-ad78-40fd-8151-2c7bc5702604@group-163F2600BD64-LeaderElection37] INFO  impl.RoleInfo (RoleInfo.java:shutdownLeaderElection(121)) - 92e97bd9-ad78-40fd-8151-2c7bc5702604: shutdown 92e97bd9-ad78-40fd-8151-2c7bc5702604@group-163F2600BD64-LeaderElection37
2021-06-07 01:00:42,534 [92e97bd9-ad78-40fd-8151-2c7bc5702604@group-163F2600BD64-LeaderElection37] INFO  server.RaftServer$Division (RaftServerImpl.java:setRole(284)) - 92e97bd9-ad78-40fd-8151-2c7bc5702604@group-163F2600BD64: changes role from CANDIDATE to LEADER at term 1 for changeToLeader
2021-06-07 01:00:42,534 [92e97bd9-ad78-40fd-8151-2c7bc5702604@group-163F2600BD64-LeaderElection37] INFO  ratis.XceiverServerRatis (XceiverServerRatis.java:handleLeaderChangedNotification(906)) - Leader change notification received for group: group-163F2600BD64 with new leaderId: 92e97bd9-ad78-40fd-8151-2c7bc5702604
2021-06-07 01:00:42,534 [92e97bd9-ad78-40fd-8151-2c7bc5702604@group-163F2600BD64-LeaderElection37] INFO  server.RaftServer$Division (ServerState.java:setLeader(271)) - 92e97bd9-ad78-40fd-8151-2c7bc5702604@group-163F2600BD64: change Leader from null to 92e97bd9-ad78-40fd-8151-2c7bc5702604 at term 1 for becomeLeader, leader elected after 5115ms
2021-06-07 01:00:42,535 [92e97bd9-ad78-40fd-8151-2c7bc5702604@group-163F2600BD64-LeaderElection37] INFO  server.RaftServerConfigKeys (ConfUtils.java:logGet(44)) - raft.server.staging.catchup.gap = 1000 (default)
2021-06-07 01:00:42,535 [92e97bd9-ad78-40fd-8151-2c7bc5702604@group-163F2600BD64-LeaderElection37] INFO  metrics.RatisMetrics (RatisMetrics.java:lambda$create$0(36)) - Creating Metrics Registry : ratis.log_appender.92e97bd9-ad78-40fd-8151-2c7bc5702604@group-163F2600BD64
2021-06-07 01:00:42,535 [92e97bd9-ad78-40fd-8151-2c7bc5702604@group-163F2600BD64-LeaderElection37] INFO  server.RaftServerConfigKeys (ConfUtils.java:logGet(44)) - raft.server.write.element-limit = 1024 (custom)
2021-06-07 01:00:42,535 [92e97bd9-ad78-40fd-8151-2c7bc5702604@group-163F2600BD64-LeaderElection37] INFO  server.RaftServerConfigKeys (ConfUtils.java:logGet(44)) - raft.server.write.byte-limit = 1073741824 (custom)
2021-06-07 01:00:42,535 [92e97bd9-ad78-40fd-8151-2c7bc5702604@group-163F2600BD64-LeaderElection37] INFO  server.RaftServerConfigKeys (ConfUtils.java:logGet(44)) - raft.server.watch.timeout = 3000ms (custom)
2021-06-07 01:00:42,535 [92e97bd9-ad78-40fd-8151-2c7bc5702604@group-163F2600BD64-LeaderElection37] INFO  server.RaftServerConfigKeys (ConfUtils.java:logGet(44)) - raft.server.watch.timeout.denomination = 1s (default)
2021-06-07 01:00:42,536 [92e97bd9-ad78-40fd-8151-2c7bc5702604@group-163F2600BD64-LeaderElection37] INFO  server.RaftServerConfigKeys (ConfUtils.java:logGet(44)) - raft.server.watch.element-limit = 65536 (default)
2021-06-07 01:00:42,536 [92e97bd9-ad78-40fd-8151-2c7bc5702604@group-163F2600BD64-LeaderElection37] INFO  impl.RoleInfo (RoleInfo.java:updateAndGet(130)) - 92e97bd9-ad78-40fd-8151-2c7bc5702604: start 92e97bd9-ad78-40fd-8151-2c7bc5702604@group-163F2600BD64-LeaderStateImpl
2021-06-07 01:00:42,536 [92e97bd9-ad78-40fd-8151-2c7bc5702604@group-163F2600BD64-LeaderElection37] INFO  segmented.SegmentedRaftLogWorker (SegmentedRaftLogWorker.java:startLogSegment(394)) - 92e97bd9-ad78-40fd-8151-2c7bc5702604@group-163F2600BD64-SegmentedRaftLogWorker: Starting segment from index:0
2021-06-07 01:00:42,536 [EventQueue-PipelineReportForOneReplicaPipelineSafeModeRule] INFO  safemode.SCMSafeModeManager (SCMSafeModeManager.java:validateSafeModeExitRules(201)) - AtleastOneDatanodeReportedRule rule is successfully validated
2021-06-07 01:00:42,542 [EventQueue-OpenPipelineForHealthyPipelineSafeModeRule] INFO  safemode.SCMSafeModeManager (HealthyPipelineSafeModeRule.java:process(130)) - SCM in safe mode. Healthy pipelines reported count is 0, required healthy pipeline reported count is 1
2021-06-07 01:00:42,542 [92e97bd9-ad78-40fd-8151-2c7bc5702604@group-163F2600BD64-SegmentedRaftLogWorker] INFO  segmented.SegmentedRaftLogWorker (SegmentedRaftLogWorker.java:execute(601)) - 92e97bd9-ad78-40fd-8151-2c7bc5702604@group-163F2600BD64-SegmentedRaftLogWorker: created new log segment /home/runner/work/ozone/ozone/mnt/ozone/hadoop-ozone/integration-test/target/test-dir/MiniOzoneClusterImpl-4d691a8a-0502-4280-8005-09cceedbb589/datanode-5/data/ratis/3ca65648-812d-4a5a-8558-163f2600bd64/current/log_inprogress_0
2021-06-07 01:00:42,546 [92e97bd9-ad78-40fd-8151-2c7bc5702604@group-163F2600BD64-LeaderElection37] INFO  server.RaftServer$Division (ServerState.java:setRaftConf(373)) - 92e97bd9-ad78-40fd-8151-2c7bc5702604@group-163F2600BD64: set configuration 0: [92e97bd9-ad78-40fd-8151-2c7bc5702604|rpc:10.1.0.42:42767|dataStream:|priority:1], old=null
2021-06-07 01:00:42,558 [EventQueue-OpenPipelineForHealthyPipelineSafeModeRule] INFO  safemode.SCMSafeModeManager (HealthyPipelineSafeModeRule.java:process(130)) - SCM in safe mode. Healthy pipelines reported count is 0, required healthy pipeline reported count is 1
2021-06-07 01:00:42,559 [EventQueue-PipelineReportForOneReplicaPipelineSafeModeRule] INFO  safemode.SCMSafeModeManager (SCMSafeModeManager.java:validateSafeModeExitRules(201)) - AtleastOneDatanodeReportedRule rule is successfully validated
2021-06-07 01:00:42,663 [EventQueue-OpenPipelineForHealthyPipelineSafeModeRule] INFO  safemode.SCMSafeModeManager (HealthyPipelineSafeModeRule.java:process(130)) - SCM in safe mode. Healthy pipelines reported count is 0, required healthy pipeline reported count is 1
2021-06-07 01:00:42,663 [EventQueue-PipelineReportForOneReplicaPipelineSafeModeRule] INFO  safemode.SCMSafeModeManager (SCMSafeModeManager.java:validateSafeModeExitRules(201)) - AtleastOneDatanodeReportedRule rule is successfully validated
2021-06-07 01:00:42,715 [037b306d-55e4-4cae-90bd-e43eb14a37fd@group-C901F7E1E50A-FollowerState] INFO  impl.FollowerState (FollowerState.java:run(134)) - 037b306d-55e4-4cae-90bd-e43eb14a37fd@group-C901F7E1E50A-FollowerState: change to CANDIDATE, lastRpcElapsedTime:5165382406ns, electionTimeout:5165ms
2021-06-07 01:00:42,716 [037b306d-55e4-4cae-90bd-e43eb14a37fd@group-C901F7E1E50A-FollowerState] INFO  impl.RoleInfo (RoleInfo.java:shutdownFollowerState(108)) - 037b306d-55e4-4cae-90bd-e43eb14a37fd: shutdown 037b306d-55e4-4cae-90bd-e43eb14a37fd@group-C901F7E1E50A-FollowerState
2021-06-07 01:00:42,716 [037b306d-55e4-4cae-90bd-e43eb14a37fd@group-C901F7E1E50A-FollowerState] INFO  server.RaftServer$Division (RaftServerImpl.java:setRole(284)) - 037b306d-55e4-4cae-90bd-e43eb14a37fd@group-C901F7E1E50A: changes role from  FOLLOWER to CANDIDATE at term 0 for changeToCandidate
2021-06-07 01:00:42,717 [037b306d-55e4-4cae-90bd-e43eb14a37fd@group-C901F7E1E50A-FollowerState] INFO  server.RaftServerConfigKeys (ConfUtils.java:logGet(44)) - raft.server.leaderelection.pre-vote = false (custom)
2021-06-07 01:00:42,717 [037b306d-55e4-4cae-90bd-e43eb14a37fd@group-C901F7E1E50A-FollowerState] INFO  impl.RoleInfo (RoleInfo.java:updateAndGet(130)) - 037b306d-55e4-4cae-90bd-e43eb14a37fd: start 037b306d-55e4-4cae-90bd-e43eb14a37fd@group-C901F7E1E50A-LeaderElection38
2021-06-07 01:00:42,720 [037b306d-55e4-4cae-90bd-e43eb14a37fd@group-1BD4F35D16EE-FollowerState] INFO  impl.FollowerState (FollowerState.java:run(134)) - 037b306d-55e4-4cae-90bd-e43eb14a37fd@group-1BD4F35D16EE-FollowerState: change to CANDIDATE, lastRpcElapsedTime:5158452130ns, electionTimeout:5153ms
2021-06-07 01:00:42,720 [037b306d-55e4-4cae-90bd-e43eb14a37fd@group-1BD4F35D16EE-FollowerState] INFO  impl.RoleInfo (RoleInfo.java:shutdownFollowerState(108)) - 037b306d-55e4-4cae-90bd-e43eb14a37fd: shutdown 037b306d-55e4-4cae-90bd-e43eb14a37fd@group-1BD4F35D16EE-FollowerState
2021-06-07 01:00:42,720 [037b306d-55e4-4cae-90bd-e43eb14a37fd@group-1BD4F35D16EE-FollowerState] INFO  server.RaftServer$Division (RaftServerImpl.java:setRole(284)) - 037b306d-55e4-4cae-90bd-e43eb14a37fd@group-1BD4F35D16EE: changes role from  FOLLOWER to CANDIDATE at term 0 for changeToCandidate
2021-06-07 01:00:42,720 [037b306d-55e4-4cae-90bd-e43eb14a37fd@group-1BD4F35D16EE-FollowerState] INFO  server.RaftServerConfigKeys (ConfUtils.java:logGet(44)) - raft.server.leaderelection.pre-vote = false (custom)
2021-06-07 01:00:42,720 [037b306d-55e4-4cae-90bd-e43eb14a37fd@group-1BD4F35D16EE-FollowerState] INFO  impl.RoleInfo (RoleInfo.java:updateAndGet(130)) - 037b306d-55e4-4cae-90bd-e43eb14a37fd: start 037b306d-55e4-4cae-90bd-e43eb14a37fd@group-1BD4F35D16EE-LeaderElection39
2021-06-07 01:00:42,722 [037b306d-55e4-4cae-90bd-e43eb14a37fd@group-C901F7E1E50A-LeaderElection38] INFO  impl.LeaderElection (LeaderElection.java:askForVotes(306)) - 037b306d-55e4-4cae-90bd-e43eb14a37fd@group-C901F7E1E50A-LeaderElection38 ELECTION round 0: submit vote requests at term 1 for -1: [037b306d-55e4-4cae-90bd-e43eb14a37fd|rpc:10.1.0.42:42733|priority:1], old=null
2021-06-07 01:00:42,722 [037b306d-55e4-4cae-90bd-e43eb14a37fd@group-C901F7E1E50A-LeaderElection38] INFO  impl.LeaderElection (LeaderElection.java:askForVotes(308)) - 037b306d-55e4-4cae-90bd-e43eb14a37fd@group-C901F7E1E50A-LeaderElection38 ELECTION round 0: result PASSED (term=1)
2021-06-07 01:00:42,722 [037b306d-55e4-4cae-90bd-e43eb14a37fd@group-C901F7E1E50A-LeaderElection38] INFO  impl.RoleInfo (RoleInfo.java:shutdownLeaderElection(121)) - 037b306d-55e4-4cae-90bd-e43eb14a37fd: shutdown 037b306d-55e4-4cae-90bd-e43eb14a37fd@group-C901F7E1E50A-LeaderElection38
2021-06-07 01:00:42,722 [037b306d-55e4-4cae-90bd-e43eb14a37fd@group-C901F7E1E50A-LeaderElection38] INFO  server.RaftServer$Division (RaftServerImpl.java:setRole(284)) - 037b306d-55e4-4cae-90bd-e43eb14a37fd@group-C901F7E1E50A: changes role from CANDIDATE to LEADER at term 1 for changeToLeader
2021-06-07 01:00:42,722 [037b306d-55e4-4cae-90bd-e43eb14a37fd@group-C901F7E1E50A-LeaderElection38] INFO  ratis.XceiverServerRatis (XceiverServerRatis.java:handleLeaderChangedNotification(906)) - Leader change notification received for group: group-C901F7E1E50A with new leaderId: 037b306d-55e4-4cae-90bd-e43eb14a37fd
2021-06-07 01:00:42,722 [037b306d-55e4-4cae-90bd-e43eb14a37fd@group-C901F7E1E50A-LeaderElection38] INFO  server.RaftServer$Division (ServerState.java:setLeader(271)) - 037b306d-55e4-4cae-90bd-e43eb14a37fd@group-C901F7E1E50A: change Leader from null to 037b306d-55e4-4cae-90bd-e43eb14a37fd at term 1 for becomeLeader, leader elected after 5180ms
2021-06-07 01:00:42,722 [037b306d-55e4-4cae-90bd-e43eb14a37fd@group-C901F7E1E50A-LeaderElection38] INFO  server.RaftServerConfigKeys (ConfUtils.java:logGet(44)) - raft.server.staging.catchup.gap = 1000 (default)
2021-06-07 01:00:42,722 [037b306d-55e4-4cae-90bd-e43eb14a37fd@group-C901F7E1E50A-LeaderElection38] INFO  metrics.RatisMetrics (RatisMetrics.java:lambda$create$0(36)) - Creating Metrics Registry : ratis.log_appender.037b306d-55e4-4cae-90bd-e43eb14a37fd@group-C901F7E1E50A
2021-06-07 01:00:42,722 [037b306d-55e4-4cae-90bd-e43eb14a37fd@group-C901F7E1E50A-LeaderElection38] INFO  server.RaftServerConfigKeys (ConfUtils.java:logGet(44)) - raft.server.write.element-limit = 1024 (custom)
2021-06-07 01:00:42,722 [037b306d-55e4-4cae-90bd-e43eb14a37fd@group-C901F7E1E50A-LeaderElection38] INFO  server.RaftServerConfigKeys (ConfUtils.java:logGet(44)) - raft.server.write.byte-limit = 1073741824 (custom)
2021-06-07 01:00:42,723 [037b306d-55e4-4cae-90bd-e43eb14a37fd@group-C901F7E1E50A-LeaderElection38] INFO  server.RaftServerConfigKeys (ConfUtils.java:logGet(44)) - raft.server.watch.timeout = 3000ms (custom)
2021-06-07 01:00:42,723 [037b306d-55e4-4cae-90bd-e43eb14a37fd@group-C901F7E1E50A-LeaderElection38] INFO  server.RaftServerConfigKeys (ConfUtils.java:logGet(44)) - raft.server.watch.timeout.denomination = 1s (default)
2021-06-07 01:00:42,723 [037b306d-55e4-4cae-90bd-e43eb14a37fd@group-C901F7E1E50A-LeaderElection38] INFO  server.RaftServerConfigKeys (ConfUtils.java:logGet(44)) - raft.server.watch.element-limit = 65536 (default)
2021-06-07 01:00:42,723 [037b306d-55e4-4cae-90bd-e43eb14a37fd@group-C901F7E1E50A-LeaderElection38] INFO  impl.RoleInfo (RoleInfo.java:updateAndGet(130)) - 037b306d-55e4-4cae-90bd-e43eb14a37fd: start 037b306d-55e4-4cae-90bd-e43eb14a37fd@group-C901F7E1E50A-LeaderStateImpl
2021-06-07 01:00:42,723 [EventQueue-OpenPipelineForHealthyPipelineSafeModeRule] INFO  safemode.SCMSafeModeManager (HealthyPipelineSafeModeRule.java:process(130)) - SCM in safe mode. Healthy pipelines reported count is 0, required healthy pipeline reported count is 1
2021-06-07 01:00:42,723 [EventQueue-PipelineReportForOneReplicaPipelineSafeModeRule] INFO  safemode.SCMSafeModeManager (SCMSafeModeManager.java:validateSafeModeExitRules(201)) - AtleastOneDatanodeReportedRule rule is successfully validated
2021-06-07 01:00:42,723 [037b306d-55e4-4cae-90bd-e43eb14a37fd@group-C901F7E1E50A-LeaderElection38] INFO  segmented.SegmentedRaftLogWorker (SegmentedRaftLogWorker.java:startLogSegment(394)) - 037b306d-55e4-4cae-90bd-e43eb14a37fd@group-C901F7E1E50A-SegmentedRaftLogWorker: Starting segment from index:0
2021-06-07 01:00:42,725 [037b306d-55e4-4cae-90bd-e43eb14a37fd@group-C901F7E1E50A-SegmentedRaftLogWorker] INFO  segmented.SegmentedRaftLogWorker (SegmentedRaftLogWorker.java:execute(601)) - 037b306d-55e4-4cae-90bd-e43eb14a37fd@group-C901F7E1E50A-SegmentedRaftLogWorker: created new log segment /home/runner/work/ozone/ozone/mnt/ozone/hadoop-ozone/integration-test/target/test-dir/MiniOzoneClusterImpl-4d691a8a-0502-4280-8005-09cceedbb589/datanode-6/data/ratis/28bba212-034c-42cc-b475-c901f7e1e50a/current/log_inprogress_0
2021-06-07 01:00:42,726 [037b306d-55e4-4cae-90bd-e43eb14a37fd@group-C901F7E1E50A-LeaderElection38] INFO  server.RaftServer$Division (ServerState.java:setRaftConf(373)) - 037b306d-55e4-4cae-90bd-e43eb14a37fd@group-C901F7E1E50A: set configuration 0: [037b306d-55e4-4cae-90bd-e43eb14a37fd|rpc:10.1.0.42:42733|dataStream:|priority:1], old=null
2021-06-07 01:00:42,727 [037b306d-55e4-4cae-90bd-e43eb14a37fd@group-1BD4F35D16EE-LeaderElection39] INFO  impl.LeaderElection (LeaderElection.java:askForVotes(306)) - 037b306d-55e4-4cae-90bd-e43eb14a37fd@group-1BD4F35D16EE-LeaderElection39 ELECTION round 0: submit vote requests at term 1 for -1: [037b306d-55e4-4cae-90bd-e43eb14a37fd|rpc:10.1.0.42:42733|priority:0, 0cacaae5-2f1d-4021-a1c8-b7d3ead785ca|rpc:10.1.0.42:39691|priority:1, b8685ee4-5ca3-4a9e-9d6c-fdbcd092b49e|rpc:10.1.0.42:46205|priority:0], old=null
2021-06-07 01:00:42,734 [b8685ee4-5ca3-4a9e-9d6c-fdbcd092b49e@group-1BD4F35D16EE-FollowerState] INFO  impl.FollowerState (FollowerState.java:run(134)) - b8685ee4-5ca3-4a9e-9d6c-fdbcd092b49e@group-1BD4F35D16EE-FollowerState: change to CANDIDATE, lastRpcElapsedTime:5116184931ns, electionTimeout:5111ms
2021-06-07 01:00:42,735 [b8685ee4-5ca3-4a9e-9d6c-fdbcd092b49e@group-1BD4F35D16EE-FollowerState] INFO  impl.RoleInfo (RoleInfo.java:shutdownFollowerState(108)) - b8685ee4-5ca3-4a9e-9d6c-fdbcd092b49e: shutdown b8685ee4-5ca3-4a9e-9d6c-fdbcd092b49e@group-1BD4F35D16EE-FollowerState
2021-06-07 01:00:42,735 [b8685ee4-5ca3-4a9e-9d6c-fdbcd092b49e@group-1BD4F35D16EE-FollowerState] INFO  server.RaftServer$Division (RaftServerImpl.java:setRole(284)) - b8685ee4-5ca3-4a9e-9d6c-fdbcd092b49e@group-1BD4F35D16EE: changes role from  FOLLOWER to CANDIDATE at term 0 for changeToCandidate
2021-06-07 01:00:42,736 [b8685ee4-5ca3-4a9e-9d6c-fdbcd092b49e@group-1BD4F35D16EE-FollowerState] INFO  server.RaftServerConfigKeys (ConfUtils.java:logGet(44)) - raft.server.leaderelection.pre-vote = false (custom)
2021-06-07 01:00:42,736 [b8685ee4-5ca3-4a9e-9d6c-fdbcd092b49e@group-1BD4F35D16EE-FollowerState] INFO  impl.RoleInfo (RoleInfo.java:updateAndGet(130)) - b8685ee4-5ca3-4a9e-9d6c-fdbcd092b49e: start b8685ee4-5ca3-4a9e-9d6c-fdbcd092b49e@group-1BD4F35D16EE-LeaderElection40
2021-06-07 01:00:42,738 [grpc-default-executor-0] INFO  server.RaftServer$Division (RaftServerImpl.java:requestVote(1042)) - b8685ee4-5ca3-4a9e-9d6c-fdbcd092b49e@group-1BD4F35D16EE: receive requestVote(ELECTION, 037b306d-55e4-4cae-90bd-e43eb14a37fd, group-1BD4F35D16EE, 1, (t:0, i:0))
2021-06-07 01:00:42,741 [grpc-default-executor-0] INFO  impl.VoteContext (VoteContext.java:log(48)) - b8685ee4-5ca3-4a9e-9d6c-fdbcd092b49e@group-1BD4F35D16EE-CANDIDATE: reject ELECTION from 037b306d-55e4-4cae-90bd-e43eb14a37fd: already has voted for b8685ee4-5ca3-4a9e-9d6c-fdbcd092b49e at current term 1
2021-06-07 01:00:42,741 [grpc-default-executor-0] INFO  server.RaftServer$Division (RaftServerImpl.java:requestVote(1074)) - b8685ee4-5ca3-4a9e-9d6c-fdbcd092b49e@group-1BD4F35D16EE replies to ELECTION vote request: 037b306d-55e4-4cae-90bd-e43eb14a37fd<-b8685ee4-5ca3-4a9e-9d6c-fdbcd092b49e#0:FAIL-t1. Peer's state: b8685ee4-5ca3-4a9e-9d6c-fdbcd092b49e@group-1BD4F35D16EE:t1, leader=null, voted=b8685ee4-5ca3-4a9e-9d6c-fdbcd092b49e, raftlog=b8685ee4-5ca3-4a9e-9d6c-fdbcd092b49e@group-1BD4F35D16EE-SegmentedRaftLog:OPENED:c-1,f-1,i0, conf=-1: [037b306d-55e4-4cae-90bd-e43eb14a37fd|rpc:10.1.0.42:42733|dataStream:|priority:0, 0cacaae5-2f1d-4021-a1c8-b7d3ead785ca|rpc:10.1.0.42:39691|dataStream:|priority:1, b8685ee4-5ca3-4a9e-9d6c-fdbcd092b49e|rpc:10.1.0.42:46205|dataStream:|priority:0], old=null
2021-06-07 01:00:42,741 [grpc-default-executor-3] INFO  server.RaftServer$Division (RaftServerImpl.java:requestVote(1042)) - 0cacaae5-2f1d-4021-a1c8-b7d3ead785ca@group-1BD4F35D16EE: receive requestVote(ELECTION, 037b306d-55e4-4cae-90bd-e43eb14a37fd, group-1BD4F35D16EE, 1, (t:0, i:0))
2021-06-07 01:00:42,741 [grpc-default-executor-3] INFO  impl.VoteContext (VoteContext.java:log(48)) - 0cacaae5-2f1d-4021-a1c8-b7d3ead785ca@group-1BD4F35D16EE-FOLLOWER: reject ELECTION from 037b306d-55e4-4cae-90bd-e43eb14a37fd: our priority 1 > candidate's priority 0
2021-06-07 01:00:42,741 [grpc-default-executor-3] INFO  server.RaftServer$Division (RaftServerImpl.java:setRole(284)) - 0cacaae5-2f1d-4021-a1c8-b7d3ead785ca@group-1BD4F35D16EE: changes role from  FOLLOWER to FOLLOWER at term 1 for candidate:037b306d-55e4-4cae-90bd-e43eb14a37fd
2021-06-07 01:00:42,741 [grpc-default-executor-3] INFO  impl.RoleInfo (RoleInfo.java:shutdownFollowerState(108)) - 0cacaae5-2f1d-4021-a1c8-b7d3ead785ca: shutdown 0cacaae5-2f1d-4021-a1c8-b7d3ead785ca@group-1BD4F35D16EE-FollowerState
2021-06-07 01:00:42,741 [grpc-default-executor-3] INFO  impl.RoleInfo (RoleInfo.java:updateAndGet(130)) - 0cacaae5-2f1d-4021-a1c8-b7d3ead785ca: start 0cacaae5-2f1d-4021-a1c8-b7d3ead785ca@group-1BD4F35D16EE-FollowerState
2021-06-07 01:00:42,741 [0cacaae5-2f1d-4021-a1c8-b7d3ead785ca@group-1BD4F35D16EE-FollowerState] INFO  impl.FollowerState (FollowerState.java:run(143)) - 0cacaae5-2f1d-4021-a1c8-b7d3ead785ca@group-1BD4F35D16EE-FollowerState was interrupted: {}
java.lang.InterruptedException: sleep interrupted
	at java.lang.Thread.sleep(Native Method)
	at java.lang.Thread.sleep(Thread.java:340)
	at java.util.concurrent.TimeUnit.sleep(TimeUnit.java:386)
	at org.apache.ratis.util.TimeDuration.sleep(TimeDuration.java:324)
	at org.apache.ratis.util.TimeDuration.sleep(TimeDuration.java:309)
	at org.apache.ratis.server.impl.FollowerState.run(FollowerState.java:118)
2021-06-07 01:00:42,742 [b8685ee4-5ca3-4a9e-9d6c-fdbcd092b49e@group-1BD4F35D16EE-LeaderElection40] INFO  impl.LeaderElection (LeaderElection.java:askForVotes(306)) - b8685ee4-5ca3-4a9e-9d6c-fdbcd092b49e@group-1BD4F35D16EE-LeaderElection40 ELECTION round 0: submit vote requests at term 1 for -1: [037b306d-55e4-4cae-90bd-e43eb14a37fd|rpc:10.1.0.42:42733|dataStream:|priority:0, 0cacaae5-2f1d-4021-a1c8-b7d3ead785ca|rpc:10.1.0.42:39691|dataStream:|priority:1, b8685ee4-5ca3-4a9e-9d6c-fdbcd092b49e|rpc:10.1.0.42:46205|dataStream:|priority:0], old=null
2021-06-07 01:00:42,743 [grpc-default-executor-3] INFO  server.RaftServer$Division (RaftServerImpl.java:requestVote(1074)) - 0cacaae5-2f1d-4021-a1c8-b7d3ead785ca@group-1BD4F35D16EE replies to ELECTION vote request: 037b306d-55e4-4cae-90bd-e43eb14a37fd<-0cacaae5-2f1d-4021-a1c8-b7d3ead785ca#0:FAIL-t1. Peer's state: 0cacaae5-2f1d-4021-a1c8-b7d3ead785ca@group-1BD4F35D16EE:t1, leader=null, voted=null, raftlog=0cacaae5-2f1d-4021-a1c8-b7d3ead785ca@group-1BD4F35D16EE-SegmentedRaftLog:OPENED:c-1,f-1,i0, conf=-1: [037b306d-55e4-4cae-90bd-e43eb14a37fd|rpc:10.1.0.42:42733|dataStream:|priority:0, 0cacaae5-2f1d-4021-a1c8-b7d3ead785ca|rpc:10.1.0.42:39691|dataStream:|priority:1, b8685ee4-5ca3-4a9e-9d6c-fdbcd092b49e|rpc:10.1.0.42:46205|dataStream:|priority:0], old=null
2021-06-07 01:00:42,755 [037b306d-55e4-4cae-90bd-e43eb14a37fd@group-1BD4F35D16EE-LeaderElection39] INFO  impl.LeaderElection (LeaderElection.java:logAndReturn(89)) - 037b306d-55e4-4cae-90bd-e43eb14a37fd@group-1BD4F35D16EE-LeaderElection39: ELECTION REJECTED received 1 response(s) and 0 exception(s):
2021-06-07 01:00:42,755 [037b306d-55e4-4cae-90bd-e43eb14a37fd@group-1BD4F35D16EE-LeaderElection39] INFO  impl.LeaderElection (LeaderElection.java:logAndReturn(93)) -   Response 0: 037b306d-55e4-4cae-90bd-e43eb14a37fd<-0cacaae5-2f1d-4021-a1c8-b7d3ead785ca#0:FAIL-t1
2021-06-07 01:00:42,757 [Listener at 127.0.0.1/46609] INFO  ozone.MiniOzoneClusterImpl (MiniOzoneClusterImpl.java:lambda$waitForClusterToBeReady$0(224)) - Nodes are ready. Got 9 of 9 DN Heartbeats.
2021-06-07 01:00:42,757 [Listener at 127.0.0.1/46609] INFO  ozone.MiniOzoneClusterImpl (MiniOzoneClusterImpl.java:lambda$waitForClusterToBeReady$0(227)) - Waiting for cluster to exit safe mode
2021-06-07 01:00:42,757 [Listener at 127.0.0.1/46609] INFO  ozone.MiniOzoneClusterImpl (MiniOzoneClusterImpl.java:lambda$waitForClusterToBeReady$0(230)) - SCM became leader
2021-06-07 01:00:42,757 [EventQueue-PipelineReportForOneReplicaPipelineSafeModeRule] INFO  safemode.SCMSafeModeManager (SCMSafeModeManager.java:validateSafeModeExitRules(201)) - AtleastOneDatanodeReportedRule rule is successfully validated
2021-06-07 01:00:42,757 [EventQueue-OpenPipelineForHealthyPipelineSafeModeRule] INFO  safemode.SCMSafeModeManager (HealthyPipelineSafeModeRule.java:process(130)) - SCM in safe mode. Healthy pipelines reported count is 0, required healthy pipeline reported count is 1
2021-06-07 01:00:42,758 [037b306d-55e4-4cae-90bd-e43eb14a37fd@group-1BD4F35D16EE-LeaderElection39] INFO  impl.LeaderElection (LeaderElection.java:askForVotes(308)) - 037b306d-55e4-4cae-90bd-e43eb14a37fd@group-1BD4F35D16EE-LeaderElection39 ELECTION round 0: result REJECTED
2021-06-07 01:00:42,758 [037b306d-55e4-4cae-90bd-e43eb14a37fd@group-1BD4F35D16EE-LeaderElection39] INFO  server.RaftServer$Division (RaftServerImpl.java:setRole(284)) - 037b306d-55e4-4cae-90bd-e43eb14a37fd@group-1BD4F35D16EE: changes role from CANDIDATE to FOLLOWER at term 1 for REJECTED
2021-06-07 01:00:42,758 [037b306d-55e4-4cae-90bd-e43eb14a37fd@group-1BD4F35D16EE-LeaderElection39] INFO  impl.RoleInfo (RoleInfo.java:shutdownLeaderElection(121)) - 037b306d-55e4-4cae-90bd-e43eb14a37fd: shutdown 037b306d-55e4-4cae-90bd-e43eb14a37fd@group-1BD4F35D16EE-LeaderElection39
2021-06-07 01:00:42,758 [037b306d-55e4-4cae-90bd-e43eb14a37fd@group-1BD4F35D16EE-LeaderElection39] INFO  impl.RoleInfo (RoleInfo.java:updateAndGet(130)) - 037b306d-55e4-4cae-90bd-e43eb14a37fd: start 037b306d-55e4-4cae-90bd-e43eb14a37fd@group-1BD4F35D16EE-FollowerState
2021-06-07 01:00:42,767 [grpc-default-executor-3] INFO  server.RaftServer$Division (RaftServerImpl.java:requestVote(1042)) - 0cacaae5-2f1d-4021-a1c8-b7d3ead785ca@group-1BD4F35D16EE: receive requestVote(ELECTION, b8685ee4-5ca3-4a9e-9d6c-fdbcd092b49e, group-1BD4F35D16EE, 1, (t:0, i:0))
2021-06-07 01:00:42,767 [grpc-default-executor-3] INFO  impl.VoteContext (VoteContext.java:log(48)) - 0cacaae5-2f1d-4021-a1c8-b7d3ead785ca@group-1BD4F35D16EE-FOLLOWER: reject ELECTION from b8685ee4-5ca3-4a9e-9d6c-fdbcd092b49e: our priority 1 > candidate's priority 0
2021-06-07 01:00:42,767 [grpc-default-executor-3] INFO  server.RaftServer$Division (RaftServerImpl.java:setRole(284)) - 0cacaae5-2f1d-4021-a1c8-b7d3ead785ca@group-1BD4F35D16EE: changes role from  FOLLOWER to FOLLOWER at term 1 for candidate:b8685ee4-5ca3-4a9e-9d6c-fdbcd092b49e
2021-06-07 01:00:42,767 [grpc-default-executor-3] INFO  impl.RoleInfo (RoleInfo.java:shutdownFollowerState(108)) - 0cacaae5-2f1d-4021-a1c8-b7d3ead785ca: shutdown 0cacaae5-2f1d-4021-a1c8-b7d3ead785ca@group-1BD4F35D16EE-FollowerState
2021-06-07 01:00:42,767 [grpc-default-executor-3] INFO  impl.RoleInfo (RoleInfo.java:updateAndGet(130)) - 0cacaae5-2f1d-4021-a1c8-b7d3ead785ca: start 0cacaae5-2f1d-4021-a1c8-b7d3ead785ca@group-1BD4F35D16EE-FollowerState
2021-06-07 01:00:42,767 [0cacaae5-2f1d-4021-a1c8-b7d3ead785ca@group-1BD4F35D16EE-FollowerState] INFO  impl.FollowerState (FollowerState.java:run(143)) - 0cacaae5-2f1d-4021-a1c8-b7d3ead785ca@group-1BD4F35D16EE-FollowerState was interrupted: {}
java.lang.InterruptedException: sleep interrupted
	at java.lang.Thread.sleep(Native Method)
	at java.lang.Thread.sleep(Thread.java:340)
	at java.util.concurrent.TimeUnit.sleep(TimeUnit.java:386)
	at org.apache.ratis.util.TimeDuration.sleep(TimeDuration.java:324)
	at org.apache.ratis.util.TimeDuration.sleep(TimeDuration.java:309)
	at org.apache.ratis.server.impl.FollowerState.run(FollowerState.java:118)
2021-06-07 01:00:42,768 [grpc-default-executor-0] INFO  metrics.RatisMetrics (RatisMetrics.java:lambda$create$0(36)) - Creating Metrics Registry : ratis.server_message_metrics.037b306d-55e4-4cae-90bd-e43eb14a37fd
2021-06-07 01:00:42,768 [grpc-default-executor-0] INFO  server.RaftServer$Division (RaftServerImpl.java:requestVote(1042)) - 037b306d-55e4-4cae-90bd-e43eb14a37fd@group-1BD4F35D16EE: receive requestVote(ELECTION, b8685ee4-5ca3-4a9e-9d6c-fdbcd092b49e, group-1BD4F35D16EE, 1, (t:0, i:0))
2021-06-07 01:00:42,769 [grpc-default-executor-0] INFO  impl.VoteContext (VoteContext.java:log(48)) - 037b306d-55e4-4cae-90bd-e43eb14a37fd@group-1BD4F35D16EE-FOLLOWER: reject ELECTION from b8685ee4-5ca3-4a9e-9d6c-fdbcd092b49e: already has voted for 037b306d-55e4-4cae-90bd-e43eb14a37fd at current term 1
2021-06-07 01:00:42,769 [grpc-default-executor-0] INFO  server.RaftServer$Division (RaftServerImpl.java:requestVote(1074)) - 037b306d-55e4-4cae-90bd-e43eb14a37fd@group-1BD4F35D16EE replies to ELECTION vote request: b8685ee4-5ca3-4a9e-9d6c-fdbcd092b49e<-037b306d-55e4-4cae-90bd-e43eb14a37fd#0:FAIL-t1. Peer's state: 037b306d-55e4-4cae-90bd-e43eb14a37fd@group-1BD4F35D16EE:t1, leader=null, voted=037b306d-55e4-4cae-90bd-e43eb14a37fd, raftlog=037b306d-55e4-4cae-90bd-e43eb14a37fd@group-1BD4F35D16EE-SegmentedRaftLog:OPENED:c-1,f-1,i0, conf=-1: [037b306d-55e4-4cae-90bd-e43eb14a37fd|rpc:10.1.0.42:42733|priority:0, 0cacaae5-2f1d-4021-a1c8-b7d3ead785ca|rpc:10.1.0.42:39691|priority:1, b8685ee4-5ca3-4a9e-9d6c-fdbcd092b49e|rpc:10.1.0.42:46205|priority:0], old=null
2021-06-07 01:00:42,770 [grpc-default-executor-3] INFO  server.RaftServer$Division (RaftServerImpl.java:requestVote(1074)) - 0cacaae5-2f1d-4021-a1c8-b7d3ead785ca@group-1BD4F35D16EE replies to ELECTION vote request: b8685ee4-5ca3-4a9e-9d6c-fdbcd092b49e<-0cacaae5-2f1d-4021-a1c8-b7d3ead785ca#0:FAIL-t1. Peer's state: 0cacaae5-2f1d-4021-a1c8-b7d3ead785ca@group-1BD4F35D16EE:t1, leader=null, voted=null, raftlog=0cacaae5-2f1d-4021-a1c8-b7d3ead785ca@group-1BD4F35D16EE-SegmentedRaftLog:OPENED:c-1,f-1,i0, conf=-1: [037b306d-55e4-4cae-90bd-e43eb14a37fd|rpc:10.1.0.42:42733|dataStream:|priority:0, 0cacaae5-2f1d-4021-a1c8-b7d3ead785ca|rpc:10.1.0.42:39691|dataStream:|priority:1, b8685ee4-5ca3-4a9e-9d6c-fdbcd092b49e|rpc:10.1.0.42:46205|dataStream:|priority:0], old=null
2021-06-07 01:00:42,772 [b8685ee4-5ca3-4a9e-9d6c-fdbcd092b49e@group-1BD4F35D16EE-LeaderElection40] INFO  impl.LeaderElection (LeaderElection.java:logAndReturn(89)) - b8685ee4-5ca3-4a9e-9d6c-fdbcd092b49e@group-1BD4F35D16EE-LeaderElection40: ELECTION REJECTED received 2 response(s) and 0 exception(s):
2021-06-07 01:00:42,772 [b8685ee4-5ca3-4a9e-9d6c-fdbcd092b49e@group-1BD4F35D16EE-LeaderElection40] INFO  impl.LeaderElection (LeaderElection.java:logAndReturn(93)) -   Response 0: b8685ee4-5ca3-4a9e-9d6c-fdbcd092b49e<-037b306d-55e4-4cae-90bd-e43eb14a37fd#0:FAIL-t1
2021-06-07 01:00:42,772 [b8685ee4-5ca3-4a9e-9d6c-fdbcd092b49e@group-1BD4F35D16EE-LeaderElection40] INFO  impl.LeaderElection (LeaderElection.java:logAndReturn(93)) -   Response 1: b8685ee4-5ca3-4a9e-9d6c-fdbcd092b49e<-0cacaae5-2f1d-4021-a1c8-b7d3ead785ca#0:FAIL-t1
2021-06-07 01:00:42,772 [b8685ee4-5ca3-4a9e-9d6c-fdbcd092b49e@group-1BD4F35D16EE-LeaderElection40] INFO  impl.LeaderElection (LeaderElection.java:askForVotes(308)) - b8685ee4-5ca3-4a9e-9d6c-fdbcd092b49e@group-1BD4F35D16EE-LeaderElection40 ELECTION round 0: result REJECTED
2021-06-07 01:00:42,772 [b8685ee4-5ca3-4a9e-9d6c-fdbcd092b49e@group-1BD4F35D16EE-LeaderElection40] INFO  server.RaftServer$Division (RaftServerImpl.java:setRole(284)) - b8685ee4-5ca3-4a9e-9d6c-fdbcd092b49e@group-1BD4F35D16EE: changes role from CANDIDATE to FOLLOWER at term 1 for REJECTED
2021-06-07 01:00:42,772 [b8685ee4-5ca3-4a9e-9d6c-fdbcd092b49e@group-1BD4F35D16EE-LeaderElection40] INFO  impl.RoleInfo (RoleInfo.java:shutdownLeaderElection(121)) - b8685ee4-5ca3-4a9e-9d6c-fdbcd092b49e: shutdown b8685ee4-5ca3-4a9e-9d6c-fdbcd092b49e@group-1BD4F35D16EE-LeaderElection40
2021-06-07 01:00:42,772 [b8685ee4-5ca3-4a9e-9d6c-fdbcd092b49e@group-1BD4F35D16EE-LeaderElection40] INFO  impl.RoleInfo (RoleInfo.java:updateAndGet(130)) - b8685ee4-5ca3-4a9e-9d6c-fdbcd092b49e: start b8685ee4-5ca3-4a9e-9d6c-fdbcd092b49e@group-1BD4F35D16EE-FollowerState
2021-06-07 01:00:42,857 [b8685ee4-5ca3-4a9e-9d6c-fdbcd092b49e@group-1B81A7A9D557-FollowerState] INFO  impl.FollowerState (FollowerState.java:run(134)) - b8685ee4-5ca3-4a9e-9d6c-fdbcd092b49e@group-1B81A7A9D557-FollowerState: change to CANDIDATE, lastRpcElapsedTime:5184647279ns, electionTimeout:5182ms
2021-06-07 01:00:42,857 [b8685ee4-5ca3-4a9e-9d6c-fdbcd092b49e@group-1B81A7A9D557-FollowerState] INFO  impl.RoleInfo (RoleInfo.java:shutdownFollowerState(108)) - b8685ee4-5ca3-4a9e-9d6c-fdbcd092b49e: shutdown b8685ee4-5ca3-4a9e-9d6c-fdbcd092b49e@group-1B81A7A9D557-FollowerState
2021-06-07 01:00:42,857 [b8685ee4-5ca3-4a9e-9d6c-fdbcd092b49e@group-1B81A7A9D557-FollowerState] INFO  server.RaftServer$Division (RaftServerImpl.java:setRole(284)) - b8685ee4-5ca3-4a9e-9d6c-fdbcd092b49e@group-1B81A7A9D557: changes role from  FOLLOWER to CANDIDATE at term 0 for changeToCandidate
2021-06-07 01:00:42,857 [b8685ee4-5ca3-4a9e-9d6c-fdbcd092b49e@group-1B81A7A9D557-FollowerState] INFO  server.RaftServerConfigKeys (ConfUtils.java:logGet(44)) - raft.server.leaderelection.pre-vote = false (custom)
2021-06-07 01:00:42,857 [b8685ee4-5ca3-4a9e-9d6c-fdbcd092b49e@group-1B81A7A9D557-FollowerState] INFO  impl.RoleInfo (RoleInfo.java:updateAndGet(130)) - b8685ee4-5ca3-4a9e-9d6c-fdbcd092b49e: start b8685ee4-5ca3-4a9e-9d6c-fdbcd092b49e@group-1B81A7A9D557-LeaderElection41
2021-06-07 01:00:42,861 [b8685ee4-5ca3-4a9e-9d6c-fdbcd092b49e@group-1B81A7A9D557-LeaderElection41] INFO  impl.LeaderElection (LeaderElection.java:askForVotes(306)) - b8685ee4-5ca3-4a9e-9d6c-fdbcd092b49e@group-1B81A7A9D557-LeaderElection41 ELECTION round 0: submit vote requests at term 1 for -1: [b8685ee4-5ca3-4a9e-9d6c-fdbcd092b49e|rpc:10.1.0.42:46205|priority:1], old=null
2021-06-07 01:00:42,861 [b8685ee4-5ca3-4a9e-9d6c-fdbcd092b49e@group-1B81A7A9D557-LeaderElection41] INFO  impl.LeaderElection (LeaderElection.java:askForVotes(308)) - b8685ee4-5ca3-4a9e-9d6c-fdbcd092b49e@group-1B81A7A9D557-LeaderElection41 ELECTION round 0: result PASSED (term=1)
2021-06-07 01:00:42,861 [b8685ee4-5ca3-4a9e-9d6c-fdbcd092b49e@group-1B81A7A9D557-LeaderElection41] INFO  impl.RoleInfo (RoleInfo.java:shutdownLeaderElection(121)) - b8685ee4-5ca3-4a9e-9d6c-fdbcd092b49e: shutdown b8685ee4-5ca3-4a9e-9d6c-fdbcd092b49e@group-1B81A7A9D557-LeaderElection41
2021-06-07 01:00:42,861 [b8685ee4-5ca3-4a9e-9d6c-fdbcd092b49e@group-1B81A7A9D557-LeaderElection41] INFO  server.RaftServer$Division (RaftServerImpl.java:setRole(284)) - b8685ee4-5ca3-4a9e-9d6c-fdbcd092b49e@group-1B81A7A9D557: changes role from CANDIDATE to LEADER at term 1 for changeToLeader
2021-06-07 01:00:42,861 [b8685ee4-5ca3-4a9e-9d6c-fdbcd092b49e@group-1B81A7A9D557-LeaderElection41] INFO  ratis.XceiverServerRatis (XceiverServerRatis.java:handleLeaderChangedNotification(906)) - Leader change notification received for group: group-1B81A7A9D557 with new leaderId: b8685ee4-5ca3-4a9e-9d6c-fdbcd092b49e
2021-06-07 01:00:42,861 [b8685ee4-5ca3-4a9e-9d6c-fdbcd092b49e@group-1B81A7A9D557-LeaderElection41] INFO  server.RaftServer$Division (ServerState.java:setLeader(271)) - b8685ee4-5ca3-4a9e-9d6c-fdbcd092b49e@group-1B81A7A9D557: change Leader from null to b8685ee4-5ca3-4a9e-9d6c-fdbcd092b49e at term 1 for becomeLeader, leader elected after 5198ms
2021-06-07 01:00:42,861 [b8685ee4-5ca3-4a9e-9d6c-fdbcd092b49e@group-1B81A7A9D557-LeaderElection41] INFO  server.RaftServerConfigKeys (ConfUtils.java:logGet(44)) - raft.server.staging.catchup.gap = 1000 (default)
2021-06-07 01:00:42,862 [b8685ee4-5ca3-4a9e-9d6c-fdbcd092b49e@group-1B81A7A9D557-LeaderElection41] INFO  metrics.RatisMetrics (RatisMetrics.java:lambda$create$0(36)) - Creating Metrics Registry : ratis.log_appender.b8685ee4-5ca3-4a9e-9d6c-fdbcd092b49e@group-1B81A7A9D557
2021-06-07 01:00:42,862 [b8685ee4-5ca3-4a9e-9d6c-fdbcd092b49e@group-1B81A7A9D557-LeaderElection41] INFO  server.RaftServerConfigKeys (ConfUtils.java:logGet(44)) - raft.server.write.element-limit = 1024 (custom)
2021-06-07 01:00:42,862 [b8685ee4-5ca3-4a9e-9d6c-fdbcd092b49e@group-1B81A7A9D557-LeaderElection41] INFO  server.RaftServerConfigKeys (ConfUtils.java:logGet(44)) - raft.server.write.byte-limit = 1073741824 (custom)
2021-06-07 01:00:42,862 [EventQueue-PipelineReportForOneReplicaPipelineSafeModeRule] INFO  safemode.SCMSafeModeManager (SCMSafeModeManager.java:validateSafeModeExitRules(201)) - AtleastOneDatanodeReportedRule rule is successfully validated
2021-06-07 01:00:42,862 [EventQueue-OpenPipelineForHealthyPipelineSafeModeRule] INFO  safemode.SCMSafeModeManager (HealthyPipelineSafeModeRule.java:process(130)) - SCM in safe mode. Healthy pipelines reported count is 0, required healthy pipeline reported count is 1
2021-06-07 01:00:42,862 [b8685ee4-5ca3-4a9e-9d6c-fdbcd092b49e@group-1B81A7A9D557-LeaderElection41] INFO  server.RaftServerConfigKeys (ConfUtils.java:logGet(44)) - raft.server.watch.timeout = 3000ms (custom)
2021-06-07 01:00:42,862 [b8685ee4-5ca3-4a9e-9d6c-fdbcd092b49e@group-1B81A7A9D557-LeaderElection41] INFO  server.RaftServerConfigKeys (ConfUtils.java:logGet(44)) - raft.server.watch.timeout.denomination = 1s (default)
2021-06-07 01:00:42,862 [b8685ee4-5ca3-4a9e-9d6c-fdbcd092b49e@group-1B81A7A9D557-LeaderElection41] INFO  server.RaftServerConfigKeys (ConfUtils.java:logGet(44)) - raft.server.watch.element-limit = 65536 (default)
2021-06-07 01:00:42,862 [b8685ee4-5ca3-4a9e-9d6c-fdbcd092b49e@group-1B81A7A9D557-LeaderElection41] INFO  impl.RoleInfo (RoleInfo.java:updateAndGet(130)) - b8685ee4-5ca3-4a9e-9d6c-fdbcd092b49e: start b8685ee4-5ca3-4a9e-9d6c-fdbcd092b49e@group-1B81A7A9D557-LeaderStateImpl
2021-06-07 01:00:42,863 [b8685ee4-5ca3-4a9e-9d6c-fdbcd092b49e@group-1B81A7A9D557-LeaderElection41] INFO  segmented.SegmentedRaftLogWorker (SegmentedRaftLogWorker.java:startLogSegment(394)) - b8685ee4-5ca3-4a9e-9d6c-fdbcd092b49e@group-1B81A7A9D557-SegmentedRaftLogWorker: Starting segment from index:0
2021-06-07 01:00:42,864 [b8685ee4-5ca3-4a9e-9d6c-fdbcd092b49e@group-1B81A7A9D557-SegmentedRaftLogWorker] INFO  segmented.SegmentedRaftLogWorker (SegmentedRaftLogWorker.java:execute(601)) - b8685ee4-5ca3-4a9e-9d6c-fdbcd092b49e@group-1B81A7A9D557-SegmentedRaftLogWorker: created new log segment /home/runner/work/ozone/ozone/mnt/ozone/hadoop-ozone/integration-test/target/test-dir/MiniOzoneClusterImpl-4d691a8a-0502-4280-8005-09cceedbb589/datanode-7/data/ratis/5f56733d-9e3f-4294-8821-1b81a7a9d557/current/log_inprogress_0
2021-06-07 01:00:42,874 [b8685ee4-5ca3-4a9e-9d6c-fdbcd092b49e@group-1B81A7A9D557-LeaderElection41] INFO  server.RaftServer$Division (ServerState.java:setRaftConf(373)) - b8685ee4-5ca3-4a9e-9d6c-fdbcd092b49e@group-1B81A7A9D557: set configuration 0: [b8685ee4-5ca3-4a9e-9d6c-fdbcd092b49e|rpc:10.1.0.42:46205|dataStream:|priority:1], old=null
2021-06-07 01:00:42,906 [0cacaae5-2f1d-4021-a1c8-b7d3ead785ca@group-5B07DACAF2FD-FollowerState] INFO  impl.FollowerState (FollowerState.java:run(134)) - 0cacaae5-2f1d-4021-a1c8-b7d3ead785ca@group-5B07DACAF2FD-FollowerState: change to CANDIDATE, lastRpcElapsedTime:5146389620ns, electionTimeout:5146ms
2021-06-07 01:00:42,907 [0cacaae5-2f1d-4021-a1c8-b7d3ead785ca@group-5B07DACAF2FD-FollowerState] INFO  impl.RoleInfo (RoleInfo.java:shutdownFollowerState(108)) - 0cacaae5-2f1d-4021-a1c8-b7d3ead785ca: shutdown 0cacaae5-2f1d-4021-a1c8-b7d3ead785ca@group-5B07DACAF2FD-FollowerState
2021-06-07 01:00:42,907 [0cacaae5-2f1d-4021-a1c8-b7d3ead785ca@group-5B07DACAF2FD-FollowerState] INFO  server.RaftServer$Division (RaftServerImpl.java:setRole(284)) - 0cacaae5-2f1d-4021-a1c8-b7d3ead785ca@group-5B07DACAF2FD: changes role from  FOLLOWER to CANDIDATE at term 0 for changeToCandidate
2021-06-07 01:00:42,907 [0cacaae5-2f1d-4021-a1c8-b7d3ead785ca@group-5B07DACAF2FD-FollowerState] INFO  server.RaftServerConfigKeys (ConfUtils.java:logGet(44)) - raft.server.leaderelection.pre-vote = false (custom)
2021-06-07 01:00:42,907 [0cacaae5-2f1d-4021-a1c8-b7d3ead785ca@group-5B07DACAF2FD-FollowerState] INFO  impl.RoleInfo (RoleInfo.java:updateAndGet(130)) - 0cacaae5-2f1d-4021-a1c8-b7d3ead785ca: start 0cacaae5-2f1d-4021-a1c8-b7d3ead785ca@group-5B07DACAF2FD-LeaderElection42
2021-06-07 01:00:42,910 [0cacaae5-2f1d-4021-a1c8-b7d3ead785ca@group-5B07DACAF2FD-LeaderElection42] INFO  impl.LeaderElection (LeaderElection.java:askForVotes(306)) - 0cacaae5-2f1d-4021-a1c8-b7d3ead785ca@group-5B07DACAF2FD-LeaderElection42 ELECTION round 0: submit vote requests at term 1 for -1: [0cacaae5-2f1d-4021-a1c8-b7d3ead785ca|rpc:10.1.0.42:39691|priority:1], old=null
2021-06-07 01:00:42,910 [0cacaae5-2f1d-4021-a1c8-b7d3ead785ca@group-5B07DACAF2FD-LeaderElection42] INFO  impl.LeaderElection (LeaderElection.java:askForVotes(308)) - 0cacaae5-2f1d-4021-a1c8-b7d3ead785ca@group-5B07DACAF2FD-LeaderElection42 ELECTION round 0: result PASSED (term=1)
2021-06-07 01:00:42,910 [0cacaae5-2f1d-4021-a1c8-b7d3ead785ca@group-5B07DACAF2FD-LeaderElection42] INFO  impl.RoleInfo (RoleInfo.java:shutdownLeaderElection(121)) - 0cacaae5-2f1d-4021-a1c8-b7d3ead785ca: shutdown 0cacaae5-2f1d-4021-a1c8-b7d3ead785ca@group-5B07DACAF2FD-LeaderElection42
2021-06-07 01:00:42,910 [0cacaae5-2f1d-4021-a1c8-b7d3ead785ca@group-5B07DACAF2FD-LeaderElection42] INFO  server.RaftServer$Division (RaftServerImpl.java:setRole(284)) - 0cacaae5-2f1d-4021-a1c8-b7d3ead785ca@group-5B07DACAF2FD: changes role from CANDIDATE to LEADER at term 1 for changeToLeader
2021-06-07 01:00:42,910 [0cacaae5-2f1d-4021-a1c8-b7d3ead785ca@group-5B07DACAF2FD-LeaderElection42] INFO  ratis.XceiverServerRatis (XceiverServerRatis.java:handleLeaderChangedNotification(906)) - Leader change notification received for group: group-5B07DACAF2FD with new leaderId: 0cacaae5-2f1d-4021-a1c8-b7d3ead785ca
2021-06-07 01:00:42,910 [0cacaae5-2f1d-4021-a1c8-b7d3ead785ca@group-5B07DACAF2FD-LeaderElection42] INFO  server.RaftServer$Division (ServerState.java:setLeader(271)) - 0cacaae5-2f1d-4021-a1c8-b7d3ead785ca@group-5B07DACAF2FD: change Leader from null to 0cacaae5-2f1d-4021-a1c8-b7d3ead785ca at term 1 for becomeLeader, leader elected after 5157ms
2021-06-07 01:00:42,910 [0cacaae5-2f1d-4021-a1c8-b7d3ead785ca@group-5B07DACAF2FD-LeaderElection42] INFO  server.RaftServerConfigKeys (ConfUtils.java:logGet(44)) - raft.server.staging.catchup.gap = 1000 (default)
2021-06-07 01:00:42,910 [0cacaae5-2f1d-4021-a1c8-b7d3ead785ca@group-5B07DACAF2FD-LeaderElection42] INFO  metrics.RatisMetrics (RatisMetrics.java:lambda$create$0(36)) - Creating Metrics Registry : ratis.log_appender.0cacaae5-2f1d-4021-a1c8-b7d3ead785ca@group-5B07DACAF2FD
2021-06-07 01:00:42,911 [0cacaae5-2f1d-4021-a1c8-b7d3ead785ca@group-5B07DACAF2FD-LeaderElection42] INFO  server.RaftServerConfigKeys (ConfUtils.java:logGet(44)) - raft.server.write.element-limit = 1024 (custom)
2021-06-07 01:00:42,911 [0cacaae5-2f1d-4021-a1c8-b7d3ead785ca@group-5B07DACAF2FD-LeaderElection42] INFO  server.RaftServerConfigKeys (ConfUtils.java:logGet(44)) - raft.server.write.byte-limit = 1073741824 (custom)
2021-06-07 01:00:42,911 [0cacaae5-2f1d-4021-a1c8-b7d3ead785ca@group-5B07DACAF2FD-LeaderElection42] INFO  server.RaftServerConfigKeys (ConfUtils.java:logGet(44)) - raft.server.watch.timeout = 3000ms (custom)
2021-06-07 01:00:42,911 [0cacaae5-2f1d-4021-a1c8-b7d3ead785ca@group-5B07DACAF2FD-LeaderElection42] INFO  server.RaftServerConfigKeys (ConfUtils.java:logGet(44)) - raft.server.watch.timeout.denomination = 1s (default)
2021-06-07 01:00:42,911 [0cacaae5-2f1d-4021-a1c8-b7d3ead785ca@group-5B07DACAF2FD-LeaderElection42] INFO  server.RaftServerConfigKeys (ConfUtils.java:logGet(44)) - raft.server.watch.element-limit = 65536 (default)
2021-06-07 01:00:42,911 [EventQueue-PipelineReportForOneReplicaPipelineSafeModeRule] INFO  safemode.SCMSafeModeManager (SCMSafeModeManager.java:validateSafeModeExitRules(201)) - AtleastOneDatanodeReportedRule rule is successfully validated
2021-06-07 01:00:42,911 [0cacaae5-2f1d-4021-a1c8-b7d3ead785ca@group-5B07DACAF2FD-LeaderElection42] INFO  impl.RoleInfo (RoleInfo.java:updateAndGet(130)) - 0cacaae5-2f1d-4021-a1c8-b7d3ead785ca: start 0cacaae5-2f1d-4021-a1c8-b7d3ead785ca@group-5B07DACAF2FD-LeaderStateImpl
2021-06-07 01:00:42,911 [EventQueue-OpenPipelineForHealthyPipelineSafeModeRule] INFO  safemode.SCMSafeModeManager (HealthyPipelineSafeModeRule.java:process(130)) - SCM in safe mode. Healthy pipelines reported count is 0, required healthy pipeline reported count is 1
2021-06-07 01:00:42,911 [0cacaae5-2f1d-4021-a1c8-b7d3ead785ca@group-5B07DACAF2FD-LeaderElection42] INFO  segmented.SegmentedRaftLogWorker (SegmentedRaftLogWorker.java:startLogSegment(394)) - 0cacaae5-2f1d-4021-a1c8-b7d3ead785ca@group-5B07DACAF2FD-SegmentedRaftLogWorker: Starting segment from index:0
2021-06-07 01:00:42,913 [0cacaae5-2f1d-4021-a1c8-b7d3ead785ca@group-5B07DACAF2FD-LeaderElection42] INFO  server.RaftServer$Division (ServerState.java:setRaftConf(373)) - 0cacaae5-2f1d-4021-a1c8-b7d3ead785ca@group-5B07DACAF2FD: set configuration 0: [0cacaae5-2f1d-4021-a1c8-b7d3ead785ca|rpc:10.1.0.42:39691|dataStream:|priority:1], old=null
2021-06-07 01:00:42,913 [0cacaae5-2f1d-4021-a1c8-b7d3ead785ca@group-5B07DACAF2FD-SegmentedRaftLogWorker] INFO  segmented.SegmentedRaftLogWorker (SegmentedRaftLogWorker.java:execute(601)) - 0cacaae5-2f1d-4021-a1c8-b7d3ead785ca@group-5B07DACAF2FD-SegmentedRaftLogWorker: created new log segment /home/runner/work/ozone/ozone/mnt/ozone/hadoop-ozone/integration-test/target/test-dir/MiniOzoneClusterImpl-4d691a8a-0502-4280-8005-09cceedbb589/datanode-8/data/ratis/3e905af0-53c9-4fe9-9357-5b07dacaf2fd/current/log_inprogress_0
2021-06-07 01:00:43,022 [EventQueue-PipelineReportForOneReplicaPipelineSafeModeRule] INFO  safemode.SCMSafeModeManager (SCMSafeModeManager.java:validateSafeModeExitRules(201)) - AtleastOneDatanodeReportedRule rule is successfully validated
2021-06-07 01:00:43,022 [EventQueue-OpenPipelineForHealthyPipelineSafeModeRule] INFO  safemode.SCMSafeModeManager (HealthyPipelineSafeModeRule.java:process(130)) - SCM in safe mode. Healthy pipelines reported count is 0, required healthy pipeline reported count is 1
2021-06-07 01:00:43,131 [EventQueue-PipelineReportForOneReplicaPipelineSafeModeRule] INFO  safemode.SCMSafeModeManager (SCMSafeModeManager.java:validateSafeModeExitRules(201)) - AtleastOneDatanodeReportedRule rule is successfully validated
2021-06-07 01:00:43,132 [EventQueue-OpenPipelineForHealthyPipelineSafeModeRule] INFO  safemode.SCMSafeModeManager (HealthyPipelineSafeModeRule.java:process(130)) - SCM in safe mode. Healthy pipelines reported count is 0, required healthy pipeline reported count is 1
2021-06-07 01:00:43,179 [EventQueue-PipelineReportForOneReplicaPipelineSafeModeRule] INFO  safemode.SCMSafeModeManager (SCMSafeModeManager.java:validateSafeModeExitRules(201)) - AtleastOneDatanodeReportedRule rule is successfully validated
2021-06-07 01:00:43,179 [EventQueue-OpenPipelineForHealthyPipelineSafeModeRule] INFO  safemode.SCMSafeModeManager (HealthyPipelineSafeModeRule.java:process(130)) - SCM in safe mode. Healthy pipelines reported count is 0, required healthy pipeline reported count is 1
2021-06-07 01:00:43,366 [EventQueue-PipelineReportForOneReplicaPipelineSafeModeRule] INFO  safemode.SCMSafeModeManager (SCMSafeModeManager.java:validateSafeModeExitRules(201)) - AtleastOneDatanodeReportedRule rule is successfully validated
2021-06-07 01:00:43,367 [EventQueue-OpenPipelineForHealthyPipelineSafeModeRule] INFO  safemode.SCMSafeModeManager (HealthyPipelineSafeModeRule.java:process(130)) - SCM in safe mode. Healthy pipelines reported count is 0, required healthy pipeline reported count is 1
2021-06-07 01:00:43,394 [EventQueue-PipelineReportForOneReplicaPipelineSafeModeRule] INFO  safemode.SCMSafeModeManager (SCMSafeModeManager.java:validateSafeModeExitRules(201)) - AtleastOneDatanodeReportedRule rule is successfully validated
2021-06-07 01:00:43,394 [EventQueue-OpenPipelineForHealthyPipelineSafeModeRule] INFO  safemode.SCMSafeModeManager (HealthyPipelineSafeModeRule.java:process(130)) - SCM in safe mode. Healthy pipelines reported count is 0, required healthy pipeline reported count is 1
2021-06-07 01:00:43,536 [EventQueue-PipelineReportForOneReplicaPipelineSafeModeRule] INFO  safemode.SCMSafeModeManager (SCMSafeModeManager.java:validateSafeModeExitRules(201)) - AtleastOneDatanodeReportedRule rule is successfully validated
2021-06-07 01:00:43,536 [EventQueue-OpenPipelineForHealthyPipelineSafeModeRule] INFO  safemode.SCMSafeModeManager (HealthyPipelineSafeModeRule.java:process(130)) - SCM in safe mode. Healthy pipelines reported count is 0, required healthy pipeline reported count is 1
2021-06-07 01:00:43,723 [EventQueue-PipelineReportForOneReplicaPipelineSafeModeRule] INFO  safemode.SCMSafeModeManager (SCMSafeModeManager.java:validateSafeModeExitRules(201)) - AtleastOneDatanodeReportedRule rule is successfully validated
2021-06-07 01:00:43,724 [EventQueue-OpenPipelineForHealthyPipelineSafeModeRule] INFO  safemode.SCMSafeModeManager (HealthyPipelineSafeModeRule.java:process(130)) - SCM in safe mode. Healthy pipelines reported count is 0, required healthy pipeline reported count is 1
2021-06-07 01:00:43,757 [Listener at 127.0.0.1/46609] INFO  ozone.MiniOzoneClusterImpl (MiniOzoneClusterImpl.java:lambda$waitForClusterToBeReady$0(224)) - Nodes are ready. Got 9 of 9 DN Heartbeats.
2021-06-07 01:00:43,757 [Listener at 127.0.0.1/46609] INFO  ozone.MiniOzoneClusterImpl (MiniOzoneClusterImpl.java:lambda$waitForClusterToBeReady$0(227)) - Waiting for cluster to exit safe mode
2021-06-07 01:00:43,758 [Listener at 127.0.0.1/46609] INFO  ozone.MiniOzoneClusterImpl (MiniOzoneClusterImpl.java:lambda$waitForClusterToBeReady$0(230)) - SCM became leader
2021-06-07 01:00:43,863 [EventQueue-PipelineReportForOneReplicaPipelineSafeModeRule] INFO  safemode.SCMSafeModeManager (SCMSafeModeManager.java:validateSafeModeExitRules(201)) - AtleastOneDatanodeReportedRule rule is successfully validated
2021-06-07 01:00:43,863 [EventQueue-OpenPipelineForHealthyPipelineSafeModeRule] INFO  safemode.SCMSafeModeManager (HealthyPipelineSafeModeRule.java:process(130)) - SCM in safe mode. Healthy pipelines reported count is 0, required healthy pipeline reported count is 1
2021-06-07 01:00:43,912 [EventQueue-PipelineReportForOneReplicaPipelineSafeModeRule] INFO  safemode.SCMSafeModeManager (SCMSafeModeManager.java:validateSafeModeExitRules(201)) - AtleastOneDatanodeReportedRule rule is successfully validated
2021-06-07 01:00:43,912 [EventQueue-OpenPipelineForHealthyPipelineSafeModeRule] INFO  safemode.SCMSafeModeManager (HealthyPipelineSafeModeRule.java:process(130)) - SCM in safe mode. Healthy pipelines reported count is 0, required healthy pipeline reported count is 1
2021-06-07 01:00:44,023 [EventQueue-PipelineReportForOneReplicaPipelineSafeModeRule] INFO  safemode.SCMSafeModeManager (SCMSafeModeManager.java:validateSafeModeExitRules(201)) - AtleastOneDatanodeReportedRule rule is successfully validated
2021-06-07 01:00:44,023 [EventQueue-OpenPipelineForHealthyPipelineSafeModeRule] INFO  safemode.SCMSafeModeManager (HealthyPipelineSafeModeRule.java:process(130)) - SCM in safe mode. Healthy pipelines reported count is 0, required healthy pipeline reported count is 1
2021-06-07 01:00:44,131 [EventQueue-OpenPipelineForHealthyPipelineSafeModeRule] INFO  safemode.SCMSafeModeManager (HealthyPipelineSafeModeRule.java:process(130)) - SCM in safe mode. Healthy pipelines reported count is 0, required healthy pipeline reported count is 1
2021-06-07 01:00:44,131 [EventQueue-PipelineReportForOneReplicaPipelineSafeModeRule] INFO  safemode.SCMSafeModeManager (SCMSafeModeManager.java:validateSafeModeExitRules(201)) - AtleastOneDatanodeReportedRule rule is successfully validated
2021-06-07 01:00:44,180 [EventQueue-PipelineReportForOneReplicaPipelineSafeModeRule] INFO  safemode.SCMSafeModeManager (SCMSafeModeManager.java:validateSafeModeExitRules(201)) - AtleastOneDatanodeReportedRule rule is successfully validated
2021-06-07 01:00:44,180 [EventQueue-OpenPipelineForHealthyPipelineSafeModeRule] INFO  safemode.SCMSafeModeManager (HealthyPipelineSafeModeRule.java:process(130)) - SCM in safe mode. Healthy pipelines reported count is 0, required healthy pipeline reported count is 1
2021-06-07 01:00:44,366 [EventQueue-PipelineReportForOneReplicaPipelineSafeModeRule] INFO  safemode.SCMSafeModeManager (SCMSafeModeManager.java:validateSafeModeExitRules(201)) - AtleastOneDatanodeReportedRule rule is successfully validated
2021-06-07 01:00:44,366 [EventQueue-OpenPipelineForHealthyPipelineSafeModeRule] INFO  safemode.SCMSafeModeManager (HealthyPipelineSafeModeRule.java:process(130)) - SCM in safe mode. Healthy pipelines reported count is 0, required healthy pipeline reported count is 1
2021-06-07 01:00:44,393 [EventQueue-PipelineReportForOneReplicaPipelineSafeModeRule] INFO  safemode.SCMSafeModeManager (SCMSafeModeManager.java:validateSafeModeExitRules(201)) - AtleastOneDatanodeReportedRule rule is successfully validated
2021-06-07 01:00:44,393 [EventQueue-OpenPipelineForHealthyPipelineSafeModeRule] INFO  safemode.SCMSafeModeManager (HealthyPipelineSafeModeRule.java:process(130)) - SCM in safe mode. Healthy pipelines reported count is 0, required healthy pipeline reported count is 1
2021-06-07 01:00:44,537 [EventQueue-OpenPipelineForHealthyPipelineSafeModeRule] INFO  safemode.SCMSafeModeManager (HealthyPipelineSafeModeRule.java:process(130)) - SCM in safe mode. Healthy pipelines reported count is 0, required healthy pipeline reported count is 1
2021-06-07 01:00:44,537 [EventQueue-PipelineReportForOneReplicaPipelineSafeModeRule] INFO  safemode.SCMSafeModeManager (SCMSafeModeManager.java:validateSafeModeExitRules(201)) - AtleastOneDatanodeReportedRule rule is successfully validated
2021-06-07 01:00:44,723 [EventQueue-OpenPipelineForHealthyPipelineSafeModeRule] INFO  safemode.SCMSafeModeManager (HealthyPipelineSafeModeRule.java:process(130)) - SCM in safe mode. Healthy pipelines reported count is 0, required healthy pipeline reported count is 1
2021-06-07 01:00:44,723 [EventQueue-PipelineReportForOneReplicaPipelineSafeModeRule] INFO  safemode.SCMSafeModeManager (SCMSafeModeManager.java:validateSafeModeExitRules(201)) - AtleastOneDatanodeReportedRule rule is successfully validated
2021-06-07 01:00:44,758 [Listener at 127.0.0.1/46609] INFO  ozone.MiniOzoneClusterImpl (MiniOzoneClusterImpl.java:lambda$waitForClusterToBeReady$0(224)) - Nodes are ready. Got 9 of 9 DN Heartbeats.
2021-06-07 01:00:44,758 [Listener at 127.0.0.1/46609] INFO  ozone.MiniOzoneClusterImpl (MiniOzoneClusterImpl.java:lambda$waitForClusterToBeReady$0(227)) - Waiting for cluster to exit safe mode
2021-06-07 01:00:44,758 [Listener at 127.0.0.1/46609] INFO  ozone.MiniOzoneClusterImpl (MiniOzoneClusterImpl.java:lambda$waitForClusterToBeReady$0(230)) - SCM became leader
2021-06-07 01:00:44,862 [EventQueue-PipelineReportForOneReplicaPipelineSafeModeRule] INFO  safemode.SCMSafeModeManager (SCMSafeModeManager.java:validateSafeModeExitRules(201)) - AtleastOneDatanodeReportedRule rule is successfully validated
2021-06-07 01:00:44,862 [EventQueue-OpenPipelineForHealthyPipelineSafeModeRule] INFO  safemode.SCMSafeModeManager (HealthyPipelineSafeModeRule.java:process(130)) - SCM in safe mode. Healthy pipelines reported count is 0, required healthy pipeline reported count is 1
2021-06-07 01:00:44,911 [EventQueue-PipelineReportForOneReplicaPipelineSafeModeRule] INFO  safemode.SCMSafeModeManager (SCMSafeModeManager.java:validateSafeModeExitRules(201)) - AtleastOneDatanodeReportedRule rule is successfully validated
2021-06-07 01:00:44,912 [EventQueue-OpenPipelineForHealthyPipelineSafeModeRule] INFO  safemode.SCMSafeModeManager (HealthyPipelineSafeModeRule.java:process(130)) - SCM in safe mode. Healthy pipelines reported count is 0, required healthy pipeline reported count is 1
2021-06-07 01:00:45,023 [EventQueue-PipelineReportForOneReplicaPipelineSafeModeRule] INFO  safemode.SCMSafeModeManager (SCMSafeModeManager.java:validateSafeModeExitRules(201)) - AtleastOneDatanodeReportedRule rule is successfully validated
2021-06-07 01:00:45,025 [EventQueue-OpenPipelineForHealthyPipelineSafeModeRule] INFO  safemode.SCMSafeModeManager (HealthyPipelineSafeModeRule.java:process(130)) - SCM in safe mode. Healthy pipelines reported count is 0, required healthy pipeline reported count is 1
2021-06-07 01:00:45,131 [EventQueue-OpenPipelineForHealthyPipelineSafeModeRule] INFO  safemode.SCMSafeModeManager (HealthyPipelineSafeModeRule.java:process(130)) - SCM in safe mode. Healthy pipelines reported count is 0, required healthy pipeline reported count is 1
2021-06-07 01:00:45,131 [EventQueue-PipelineReportForOneReplicaPipelineSafeModeRule] INFO  safemode.SCMSafeModeManager (SCMSafeModeManager.java:validateSafeModeExitRules(201)) - AtleastOneDatanodeReportedRule rule is successfully validated
2021-06-07 01:00:45,180 [EventQueue-OpenPipelineForHealthyPipelineSafeModeRule] INFO  safemode.SCMSafeModeManager (HealthyPipelineSafeModeRule.java:process(130)) - SCM in safe mode. Healthy pipelines reported count is 0, required healthy pipeline reported count is 1
2021-06-07 01:00:45,181 [EventQueue-PipelineReportForOneReplicaPipelineSafeModeRule] INFO  safemode.SCMSafeModeManager (SCMSafeModeManager.java:validateSafeModeExitRules(201)) - AtleastOneDatanodeReportedRule rule is successfully validated
2021-06-07 01:00:45,367 [EventQueue-PipelineReportForOneReplicaPipelineSafeModeRule] INFO  safemode.SCMSafeModeManager (SCMSafeModeManager.java:validateSafeModeExitRules(201)) - AtleastOneDatanodeReportedRule rule is successfully validated
2021-06-07 01:00:45,367 [EventQueue-OpenPipelineForHealthyPipelineSafeModeRule] INFO  safemode.SCMSafeModeManager (HealthyPipelineSafeModeRule.java:process(130)) - SCM in safe mode. Healthy pipelines reported count is 0, required healthy pipeline reported count is 1
2021-06-07 01:00:45,394 [EventQueue-OpenPipelineForHealthyPipelineSafeModeRule] INFO  safemode.SCMSafeModeManager (HealthyPipelineSafeModeRule.java:process(130)) - SCM in safe mode. Healthy pipelines reported count is 0, required healthy pipeline reported count is 1
2021-06-07 01:00:45,394 [EventQueue-PipelineReportForOneReplicaPipelineSafeModeRule] INFO  safemode.SCMSafeModeManager (SCMSafeModeManager.java:validateSafeModeExitRules(201)) - AtleastOneDatanodeReportedRule rule is successfully validated
2021-06-07 01:00:45,538 [EventQueue-PipelineReportForOneReplicaPipelineSafeModeRule] INFO  safemode.SCMSafeModeManager (SCMSafeModeManager.java:validateSafeModeExitRules(201)) - AtleastOneDatanodeReportedRule rule is successfully validated
2021-06-07 01:00:45,538 [EventQueue-OpenPipelineForHealthyPipelineSafeModeRule] INFO  safemode.SCMSafeModeManager (HealthyPipelineSafeModeRule.java:process(130)) - SCM in safe mode. Healthy pipelines reported count is 0, required healthy pipeline reported count is 1
2021-06-07 01:00:45,724 [EventQueue-OpenPipelineForHealthyPipelineSafeModeRule] INFO  safemode.SCMSafeModeManager (HealthyPipelineSafeModeRule.java:process(130)) - SCM in safe mode. Healthy pipelines reported count is 0, required healthy pipeline reported count is 1
2021-06-07 01:00:45,724 [EventQueue-PipelineReportForOneReplicaPipelineSafeModeRule] INFO  safemode.SCMSafeModeManager (SCMSafeModeManager.java:validateSafeModeExitRules(201)) - AtleastOneDatanodeReportedRule rule is successfully validated
2021-06-07 01:00:45,758 [Listener at 127.0.0.1/46609] INFO  ozone.MiniOzoneClusterImpl (MiniOzoneClusterImpl.java:lambda$waitForClusterToBeReady$0(224)) - Nodes are ready. Got 9 of 9 DN Heartbeats.
2021-06-07 01:00:45,759 [Listener at 127.0.0.1/46609] INFO  ozone.MiniOzoneClusterImpl (MiniOzoneClusterImpl.java:lambda$waitForClusterToBeReady$0(227)) - Waiting for cluster to exit safe mode
2021-06-07 01:00:45,759 [Listener at 127.0.0.1/46609] INFO  ozone.MiniOzoneClusterImpl (MiniOzoneClusterImpl.java:lambda$waitForClusterToBeReady$0(230)) - SCM became leader
2021-06-07 01:00:45,863 [EventQueue-PipelineReportForOneReplicaPipelineSafeModeRule] INFO  safemode.SCMSafeModeManager (SCMSafeModeManager.java:validateSafeModeExitRules(201)) - AtleastOneDatanodeReportedRule rule is successfully validated
2021-06-07 01:00:45,863 [EventQueue-OpenPipelineForHealthyPipelineSafeModeRule] INFO  safemode.SCMSafeModeManager (HealthyPipelineSafeModeRule.java:process(130)) - SCM in safe mode. Healthy pipelines reported count is 0, required healthy pipeline reported count is 1
2021-06-07 01:00:45,911 [EventQueue-PipelineReportForOneReplicaPipelineSafeModeRule] INFO  safemode.SCMSafeModeManager (SCMSafeModeManager.java:validateSafeModeExitRules(201)) - AtleastOneDatanodeReportedRule rule is successfully validated
2021-06-07 01:00:45,911 [EventQueue-OpenPipelineForHealthyPipelineSafeModeRule] INFO  safemode.SCMSafeModeManager (HealthyPipelineSafeModeRule.java:process(130)) - SCM in safe mode. Healthy pipelines reported count is 0, required healthy pipeline reported count is 1
2021-06-07 01:00:46,025 [EventQueue-PipelineReportForOneReplicaPipelineSafeModeRule] INFO  safemode.SCMSafeModeManager (SCMSafeModeManager.java:validateSafeModeExitRules(201)) - AtleastOneDatanodeReportedRule rule is successfully validated
2021-06-07 01:00:46,025 [EventQueue-OpenPipelineForHealthyPipelineSafeModeRule] INFO  safemode.SCMSafeModeManager (HealthyPipelineSafeModeRule.java:process(130)) - SCM in safe mode. Healthy pipelines reported count is 0, required healthy pipeline reported count is 1
2021-06-07 01:00:46,132 [EventQueue-OpenPipelineForHealthyPipelineSafeModeRule] INFO  safemode.SCMSafeModeManager (HealthyPipelineSafeModeRule.java:process(130)) - SCM in safe mode. Healthy pipelines reported count is 0, required healthy pipeline reported count is 1
2021-06-07 01:00:46,133 [EventQueue-PipelineReportForOneReplicaPipelineSafeModeRule] INFO  safemode.SCMSafeModeManager (SCMSafeModeManager.java:validateSafeModeExitRules(201)) - AtleastOneDatanodeReportedRule rule is successfully validated
2021-06-07 01:00:46,180 [EventQueue-PipelineReportForOneReplicaPipelineSafeModeRule] INFO  safemode.SCMSafeModeManager (SCMSafeModeManager.java:validateSafeModeExitRules(201)) - AtleastOneDatanodeReportedRule rule is successfully validated
2021-06-07 01:00:46,180 [EventQueue-OpenPipelineForHealthyPipelineSafeModeRule] INFO  safemode.SCMSafeModeManager (HealthyPipelineSafeModeRule.java:process(130)) - SCM in safe mode. Healthy pipelines reported count is 0, required healthy pipeline reported count is 1
2021-06-07 01:00:46,367 [EventQueue-PipelineReportForOneReplicaPipelineSafeModeRule] INFO  safemode.SCMSafeModeManager (SCMSafeModeManager.java:validateSafeModeExitRules(201)) - AtleastOneDatanodeReportedRule rule is successfully validated
2021-06-07 01:00:46,367 [EventQueue-OpenPipelineForHealthyPipelineSafeModeRule] INFO  safemode.SCMSafeModeManager (HealthyPipelineSafeModeRule.java:process(130)) - SCM in safe mode. Healthy pipelines reported count is 0, required healthy pipeline reported count is 1
2021-06-07 01:00:46,393 [EventQueue-PipelineReportForOneReplicaPipelineSafeModeRule] INFO  safemode.SCMSafeModeManager (SCMSafeModeManager.java:validateSafeModeExitRules(201)) - AtleastOneDatanodeReportedRule rule is successfully validated
2021-06-07 01:00:46,393 [EventQueue-OpenPipelineForHealthyPipelineSafeModeRule] INFO  safemode.SCMSafeModeManager (HealthyPipelineSafeModeRule.java:process(130)) - SCM in safe mode. Healthy pipelines reported count is 0, required healthy pipeline reported count is 1
2021-06-07 01:00:46,537 [EventQueue-PipelineReportForOneReplicaPipelineSafeModeRule] INFO  safemode.SCMSafeModeManager (SCMSafeModeManager.java:validateSafeModeExitRules(201)) - AtleastOneDatanodeReportedRule rule is successfully validated
2021-06-07 01:00:46,537 [EventQueue-OpenPipelineForHealthyPipelineSafeModeRule] INFO  safemode.SCMSafeModeManager (HealthyPipelineSafeModeRule.java:process(130)) - SCM in safe mode. Healthy pipelines reported count is 0, required healthy pipeline reported count is 1
2021-06-07 01:00:46,725 [EventQueue-PipelineReportForOneReplicaPipelineSafeModeRule] INFO  safemode.SCMSafeModeManager (SCMSafeModeManager.java:validateSafeModeExitRules(201)) - AtleastOneDatanodeReportedRule rule is successfully validated
2021-06-07 01:00:46,725 [EventQueue-OpenPipelineForHealthyPipelineSafeModeRule] INFO  safemode.SCMSafeModeManager (HealthyPipelineSafeModeRule.java:process(130)) - SCM in safe mode. Healthy pipelines reported count is 0, required healthy pipeline reported count is 1
2021-06-07 01:00:46,759 [Listener at 127.0.0.1/46609] INFO  ozone.MiniOzoneClusterImpl (MiniOzoneClusterImpl.java:lambda$waitForClusterToBeReady$0(224)) - Nodes are ready. Got 9 of 9 DN Heartbeats.
2021-06-07 01:00:46,759 [Listener at 127.0.0.1/46609] INFO  ozone.MiniOzoneClusterImpl (MiniOzoneClusterImpl.java:lambda$waitForClusterToBeReady$0(227)) - Waiting for cluster to exit safe mode
2021-06-07 01:00:46,759 [Listener at 127.0.0.1/46609] INFO  ozone.MiniOzoneClusterImpl (MiniOzoneClusterImpl.java:lambda$waitForClusterToBeReady$0(230)) - SCM became leader
2021-06-07 01:00:46,864 [EventQueue-PipelineReportForOneReplicaPipelineSafeModeRule] INFO  safemode.SCMSafeModeManager (SCMSafeModeManager.java:validateSafeModeExitRules(201)) - AtleastOneDatanodeReportedRule rule is successfully validated
2021-06-07 01:00:46,864 [EventQueue-OpenPipelineForHealthyPipelineSafeModeRule] INFO  safemode.SCMSafeModeManager (HealthyPipelineSafeModeRule.java:process(130)) - SCM in safe mode. Healthy pipelines reported count is 0, required healthy pipeline reported count is 1
2021-06-07 01:00:46,912 [EventQueue-PipelineReportForOneReplicaPipelineSafeModeRule] INFO  safemode.SCMSafeModeManager (SCMSafeModeManager.java:validateSafeModeExitRules(201)) - AtleastOneDatanodeReportedRule rule is successfully validated
2021-06-07 01:00:46,912 [EventQueue-OpenPipelineForHealthyPipelineSafeModeRule] INFO  safemode.SCMSafeModeManager (HealthyPipelineSafeModeRule.java:process(130)) - SCM in safe mode. Healthy pipelines reported count is 0, required healthy pipeline reported count is 1
2021-06-07 01:00:47,023 [EventQueue-OpenPipelineForHealthyPipelineSafeModeRule] INFO  safemode.SCMSafeModeManager (HealthyPipelineSafeModeRule.java:process(130)) - SCM in safe mode. Healthy pipelines reported count is 0, required healthy pipeline reported count is 1
2021-06-07 01:00:47,023 [EventQueue-PipelineReportForOneReplicaPipelineSafeModeRule] INFO  safemode.SCMSafeModeManager (SCMSafeModeManager.java:validateSafeModeExitRules(201)) - AtleastOneDatanodeReportedRule rule is successfully validated
2021-06-07 01:00:47,078 [c2033f43-39b3-4eb3-b9b2-5a70c0c49867@group-9CDF3EC888C5-FollowerState] INFO  impl.FollowerState (FollowerState.java:run(134)) - c2033f43-39b3-4eb3-b9b2-5a70c0c49867@group-9CDF3EC888C5-FollowerState: change to CANDIDATE, lastRpcElapsedTime:5011562321ns, electionTimeout:5009ms
2021-06-07 01:00:47,079 [c2033f43-39b3-4eb3-b9b2-5a70c0c49867@group-9CDF3EC888C5-FollowerState] INFO  impl.RoleInfo (RoleInfo.java:shutdownFollowerState(108)) - c2033f43-39b3-4eb3-b9b2-5a70c0c49867: shutdown c2033f43-39b3-4eb3-b9b2-5a70c0c49867@group-9CDF3EC888C5-FollowerState
2021-06-07 01:00:47,079 [c2033f43-39b3-4eb3-b9b2-5a70c0c49867@group-9CDF3EC888C5-FollowerState] INFO  server.RaftServer$Division (RaftServerImpl.java:setRole(284)) - c2033f43-39b3-4eb3-b9b2-5a70c0c49867@group-9CDF3EC888C5: changes role from  FOLLOWER to CANDIDATE at term 1 for changeToCandidate
2021-06-07 01:00:47,079 [c2033f43-39b3-4eb3-b9b2-5a70c0c49867@group-9CDF3EC888C5-FollowerState] INFO  server.RaftServerConfigKeys (ConfUtils.java:logGet(44)) - raft.server.leaderelection.pre-vote = false (custom)
2021-06-07 01:00:47,079 [c2033f43-39b3-4eb3-b9b2-5a70c0c49867@group-9CDF3EC888C5-FollowerState] INFO  impl.RoleInfo (RoleInfo.java:updateAndGet(130)) - c2033f43-39b3-4eb3-b9b2-5a70c0c49867: start c2033f43-39b3-4eb3-b9b2-5a70c0c49867@group-9CDF3EC888C5-LeaderElection43
2021-06-07 01:00:47,081 [c2033f43-39b3-4eb3-b9b2-5a70c0c49867@group-9CDF3EC888C5-LeaderElection43] INFO  impl.LeaderElection (LeaderElection.java:askForVotes(306)) - c2033f43-39b3-4eb3-b9b2-5a70c0c49867@group-9CDF3EC888C5-LeaderElection43 ELECTION round 0: submit vote requests at term 2 for -1: [3eee8d88-c0ac-4861-bc75-3c80431b5d11|rpc:10.1.0.42:45455|dataStream:|priority:0, e1c54329-0f94-4ac4-b921-c08a88020a90|rpc:10.1.0.42:42691|dataStream:|priority:0, c2033f43-39b3-4eb3-b9b2-5a70c0c49867|rpc:10.1.0.42:40253|dataStream:|priority:1], old=null
2021-06-07 01:00:47,100 [grpc-default-executor-3] INFO  server.RaftServer$Division (RaftServerImpl.java:requestVote(1042)) - e1c54329-0f94-4ac4-b921-c08a88020a90@group-9CDF3EC888C5: receive requestVote(ELECTION, c2033f43-39b3-4eb3-b9b2-5a70c0c49867, group-9CDF3EC888C5, 2, (t:0, i:0))
2021-06-07 01:00:47,100 [grpc-default-executor-3] INFO  impl.VoteContext (VoteContext.java:log(48)) - e1c54329-0f94-4ac4-b921-c08a88020a90@group-9CDF3EC888C5-FOLLOWER: accept ELECTION from c2033f43-39b3-4eb3-b9b2-5a70c0c49867: our priority 0 <= candidate's priority 1
2021-06-07 01:00:47,100 [grpc-default-executor-3] INFO  server.RaftServer$Division (RaftServerImpl.java:setRole(284)) - e1c54329-0f94-4ac4-b921-c08a88020a90@group-9CDF3EC888C5: changes role from  FOLLOWER to FOLLOWER at term 2 for candidate:c2033f43-39b3-4eb3-b9b2-5a70c0c49867
2021-06-07 01:00:47,100 [grpc-default-executor-3] INFO  impl.RoleInfo (RoleInfo.java:shutdownFollowerState(108)) - e1c54329-0f94-4ac4-b921-c08a88020a90: shutdown e1c54329-0f94-4ac4-b921-c08a88020a90@group-9CDF3EC888C5-FollowerState
2021-06-07 01:00:47,100 [grpc-default-executor-3] INFO  impl.RoleInfo (RoleInfo.java:updateAndGet(130)) - e1c54329-0f94-4ac4-b921-c08a88020a90: start e1c54329-0f94-4ac4-b921-c08a88020a90@group-9CDF3EC888C5-FollowerState
2021-06-07 01:00:47,103 [grpc-default-executor-3] INFO  server.RaftServer$Division (RaftServerImpl.java:requestVote(1074)) - e1c54329-0f94-4ac4-b921-c08a88020a90@group-9CDF3EC888C5 replies to ELECTION vote request: c2033f43-39b3-4eb3-b9b2-5a70c0c49867<-e1c54329-0f94-4ac4-b921-c08a88020a90#0:OK-t2. Peer's state: e1c54329-0f94-4ac4-b921-c08a88020a90@group-9CDF3EC888C5:t2, leader=null, voted=c2033f43-39b3-4eb3-b9b2-5a70c0c49867, raftlog=e1c54329-0f94-4ac4-b921-c08a88020a90@group-9CDF3EC888C5-SegmentedRaftLog:OPENED:c-1,f-1,i0, conf=-1: [3eee8d88-c0ac-4861-bc75-3c80431b5d11|rpc:10.1.0.42:45455|priority:0, e1c54329-0f94-4ac4-b921-c08a88020a90|rpc:10.1.0.42:42691|priority:0, c2033f43-39b3-4eb3-b9b2-5a70c0c49867|rpc:10.1.0.42:40253|priority:1], old=null
2021-06-07 01:00:47,104 [e1c54329-0f94-4ac4-b921-c08a88020a90@group-9CDF3EC888C5-FollowerState] INFO  impl.FollowerState (FollowerState.java:run(134)) - e1c54329-0f94-4ac4-b921-c08a88020a90@group-9CDF3EC888C5-FollowerState: change to CANDIDATE, lastRpcElapsedTime:5029085574ns, electionTimeout:5020ms
2021-06-07 01:00:47,104 [e1c54329-0f94-4ac4-b921-c08a88020a90@group-9CDF3EC888C5-FollowerState] INFO  impl.RoleInfo (RoleInfo.java:shutdownFollowerState(108)) - e1c54329-0f94-4ac4-b921-c08a88020a90: shutdown e1c54329-0f94-4ac4-b921-c08a88020a90@group-9CDF3EC888C5-FollowerState
2021-06-07 01:00:47,104 [e1c54329-0f94-4ac4-b921-c08a88020a90@group-9CDF3EC888C5-FollowerState] INFO  server.RaftServer$Division (RaftServerImpl.java:setRole(284)) - e1c54329-0f94-4ac4-b921-c08a88020a90@group-9CDF3EC888C5: changes role from  FOLLOWER to CANDIDATE at term 2 for changeToCandidate
2021-06-07 01:00:47,104 [e1c54329-0f94-4ac4-b921-c08a88020a90@group-9CDF3EC888C5-FollowerState] INFO  server.RaftServerConfigKeys (ConfUtils.java:logGet(44)) - raft.server.leaderelection.pre-vote = false (custom)
2021-06-07 01:00:47,104 [e1c54329-0f94-4ac4-b921-c08a88020a90@group-9CDF3EC888C5-FollowerState] INFO  impl.RoleInfo (RoleInfo.java:updateAndGet(130)) - e1c54329-0f94-4ac4-b921-c08a88020a90: start e1c54329-0f94-4ac4-b921-c08a88020a90@group-9CDF3EC888C5-LeaderElection44
2021-06-07 01:00:47,105 [e1c54329-0f94-4ac4-b921-c08a88020a90@group-9CDF3EC888C5-FollowerState] INFO  impl.FollowerState (FollowerState.java:run(143)) - e1c54329-0f94-4ac4-b921-c08a88020a90@group-9CDF3EC888C5-FollowerState was interrupted: {}
java.lang.InterruptedException: sleep interrupted
	at java.lang.Thread.sleep(Native Method)
	at java.lang.Thread.sleep(Thread.java:340)
	at java.util.concurrent.TimeUnit.sleep(TimeUnit.java:386)
	at org.apache.ratis.util.TimeDuration.sleep(TimeDuration.java:324)
	at org.apache.ratis.util.TimeDuration.sleep(TimeDuration.java:309)
	at org.apache.ratis.server.impl.FollowerState.run(FollowerState.java:118)
2021-06-07 01:00:47,106 [grpc-default-executor-0] INFO  server.RaftServer$Division (RaftServerImpl.java:requestVote(1042)) - 3eee8d88-c0ac-4861-bc75-3c80431b5d11@group-9CDF3EC888C5: receive requestVote(ELECTION, c2033f43-39b3-4eb3-b9b2-5a70c0c49867, group-9CDF3EC888C5, 2, (t:0, i:0))
2021-06-07 01:00:47,106 [grpc-default-executor-0] INFO  impl.VoteContext (VoteContext.java:log(48)) - 3eee8d88-c0ac-4861-bc75-3c80431b5d11@group-9CDF3EC888C5-FOLLOWER: accept ELECTION from c2033f43-39b3-4eb3-b9b2-5a70c0c49867: our priority 0 <= candidate's priority 1
2021-06-07 01:00:47,106 [grpc-default-executor-0] INFO  server.RaftServer$Division (RaftServerImpl.java:setRole(284)) - 3eee8d88-c0ac-4861-bc75-3c80431b5d11@group-9CDF3EC888C5: changes role from  FOLLOWER to FOLLOWER at term 2 for candidate:c2033f43-39b3-4eb3-b9b2-5a70c0c49867
2021-06-07 01:00:47,106 [grpc-default-executor-0] INFO  impl.RoleInfo (RoleInfo.java:shutdownFollowerState(108)) - 3eee8d88-c0ac-4861-bc75-3c80431b5d11: shutdown 3eee8d88-c0ac-4861-bc75-3c80431b5d11@group-9CDF3EC888C5-FollowerState
2021-06-07 01:00:47,106 [grpc-default-executor-0] INFO  impl.RoleInfo (RoleInfo.java:updateAndGet(130)) - 3eee8d88-c0ac-4861-bc75-3c80431b5d11: start 3eee8d88-c0ac-4861-bc75-3c80431b5d11@group-9CDF3EC888C5-FollowerState
2021-06-07 01:00:47,106 [3eee8d88-c0ac-4861-bc75-3c80431b5d11@group-9CDF3EC888C5-FollowerState] INFO  impl.FollowerState (FollowerState.java:run(143)) - 3eee8d88-c0ac-4861-bc75-3c80431b5d11@group-9CDF3EC888C5-FollowerState was interrupted: {}
java.lang.InterruptedException: sleep interrupted
	at java.lang.Thread.sleep(Native Method)
	at java.lang.Thread.sleep(Thread.java:340)
	at java.util.concurrent.TimeUnit.sleep(TimeUnit.java:386)
	at org.apache.ratis.util.TimeDuration.sleep(TimeDuration.java:324)
	at org.apache.ratis.util.TimeDuration.sleep(TimeDuration.java:309)
	at org.apache.ratis.server.impl.FollowerState.run(FollowerState.java:118)
2021-06-07 01:00:47,111 [e1c54329-0f94-4ac4-b921-c08a88020a90@group-9CDF3EC888C5-LeaderElection44] INFO  impl.LeaderElection (LeaderElection.java:askForVotes(306)) - e1c54329-0f94-4ac4-b921-c08a88020a90@group-9CDF3EC888C5-LeaderElection44 ELECTION round 0: submit vote requests at term 3 for -1: [3eee8d88-c0ac-4861-bc75-3c80431b5d11|rpc:10.1.0.42:45455|priority:0, e1c54329-0f94-4ac4-b921-c08a88020a90|rpc:10.1.0.42:42691|priority:0, c2033f43-39b3-4eb3-b9b2-5a70c0c49867|rpc:10.1.0.42:40253|priority:1], old=null
2021-06-07 01:00:47,111 [grpc-default-executor-0] INFO  server.RaftServer$Division (RaftServerImpl.java:requestVote(1074)) - 3eee8d88-c0ac-4861-bc75-3c80431b5d11@group-9CDF3EC888C5 replies to ELECTION vote request: c2033f43-39b3-4eb3-b9b2-5a70c0c49867<-3eee8d88-c0ac-4861-bc75-3c80431b5d11#0:OK-t2. Peer's state: 3eee8d88-c0ac-4861-bc75-3c80431b5d11@group-9CDF3EC888C5:t2, leader=null, voted=c2033f43-39b3-4eb3-b9b2-5a70c0c49867, raftlog=3eee8d88-c0ac-4861-bc75-3c80431b5d11@group-9CDF3EC888C5-SegmentedRaftLog:OPENED:c-1,f-1,i0, conf=-1: [3eee8d88-c0ac-4861-bc75-3c80431b5d11|rpc:10.1.0.42:45455|dataStream:|priority:0, e1c54329-0f94-4ac4-b921-c08a88020a90|rpc:10.1.0.42:42691|dataStream:|priority:0, c2033f43-39b3-4eb3-b9b2-5a70c0c49867|rpc:10.1.0.42:40253|dataStream:|priority:1], old=null
2021-06-07 01:00:47,113 [c2033f43-39b3-4eb3-b9b2-5a70c0c49867@group-9CDF3EC888C5-LeaderElection43] INFO  impl.LeaderElection (LeaderElection.java:logAndReturn(89)) - c2033f43-39b3-4eb3-b9b2-5a70c0c49867@group-9CDF3EC888C5-LeaderElection43: ELECTION PASSED received 1 response(s) and 0 exception(s):
2021-06-07 01:00:47,113 [c2033f43-39b3-4eb3-b9b2-5a70c0c49867@group-9CDF3EC888C5-LeaderElection43] INFO  impl.LeaderElection (LeaderElection.java:logAndReturn(93)) -   Response 0: c2033f43-39b3-4eb3-b9b2-5a70c0c49867<-3eee8d88-c0ac-4861-bc75-3c80431b5d11#0:OK-t2
2021-06-07 01:00:47,113 [c2033f43-39b3-4eb3-b9b2-5a70c0c49867@group-9CDF3EC888C5-LeaderElection43] INFO  impl.LeaderElection (LeaderElection.java:askForVotes(308)) - c2033f43-39b3-4eb3-b9b2-5a70c0c49867@group-9CDF3EC888C5-LeaderElection43 ELECTION round 0: result PASSED
2021-06-07 01:00:47,113 [c2033f43-39b3-4eb3-b9b2-5a70c0c49867@group-9CDF3EC888C5-LeaderElection43] INFO  impl.RoleInfo (RoleInfo.java:shutdownLeaderElection(121)) - c2033f43-39b3-4eb3-b9b2-5a70c0c49867: shutdown c2033f43-39b3-4eb3-b9b2-5a70c0c49867@group-9CDF3EC888C5-LeaderElection43
2021-06-07 01:00:47,114 [c2033f43-39b3-4eb3-b9b2-5a70c0c49867@group-9CDF3EC888C5-LeaderElection43] INFO  server.RaftServer$Division (RaftServerImpl.java:setRole(284)) - c2033f43-39b3-4eb3-b9b2-5a70c0c49867@group-9CDF3EC888C5: changes role from CANDIDATE to LEADER at term 2 for changeToLeader
2021-06-07 01:00:47,114 [c2033f43-39b3-4eb3-b9b2-5a70c0c49867@group-9CDF3EC888C5-LeaderElection43] INFO  ratis.XceiverServerRatis (XceiverServerRatis.java:handleLeaderChangedNotification(906)) - Leader change notification received for group: group-9CDF3EC888C5 with new leaderId: c2033f43-39b3-4eb3-b9b2-5a70c0c49867
2021-06-07 01:00:47,114 [c2033f43-39b3-4eb3-b9b2-5a70c0c49867@group-9CDF3EC888C5-LeaderElection43] INFO  server.RaftServer$Division (ServerState.java:setLeader(271)) - c2033f43-39b3-4eb3-b9b2-5a70c0c49867@group-9CDF3EC888C5: change Leader from null to c2033f43-39b3-4eb3-b9b2-5a70c0c49867 at term 2 for becomeLeader, leader elected after 10082ms
2021-06-07 01:00:47,114 [c2033f43-39b3-4eb3-b9b2-5a70c0c49867@group-9CDF3EC888C5-LeaderElection43] INFO  server.RaftServerConfigKeys (ConfUtils.java:logGet(44)) - raft.server.staging.catchup.gap = 1000 (default)
2021-06-07 01:00:47,114 [c2033f43-39b3-4eb3-b9b2-5a70c0c49867@group-9CDF3EC888C5-LeaderElection43] INFO  metrics.RatisMetrics (RatisMetrics.java:lambda$create$0(36)) - Creating Metrics Registry : ratis.log_appender.c2033f43-39b3-4eb3-b9b2-5a70c0c49867@group-9CDF3EC888C5
2021-06-07 01:00:47,114 [c2033f43-39b3-4eb3-b9b2-5a70c0c49867@group-9CDF3EC888C5-LeaderElection43] INFO  server.RaftServerConfigKeys (ConfUtils.java:logGet(44)) - raft.server.write.element-limit = 1024 (custom)
2021-06-07 01:00:47,114 [c2033f43-39b3-4eb3-b9b2-5a70c0c49867@group-9CDF3EC888C5-LeaderElection43] INFO  server.RaftServerConfigKeys (ConfUtils.java:logGet(44)) - raft.server.write.byte-limit = 1073741824 (custom)
2021-06-07 01:00:47,115 [c2033f43-39b3-4eb3-b9b2-5a70c0c49867@group-9CDF3EC888C5-LeaderElection43] INFO  server.RaftServerConfigKeys (ConfUtils.java:logGet(44)) - raft.server.watch.timeout = 3000ms (custom)
2021-06-07 01:00:47,115 [c2033f43-39b3-4eb3-b9b2-5a70c0c49867@group-9CDF3EC888C5-LeaderElection43] INFO  server.RaftServerConfigKeys (ConfUtils.java:logGet(44)) - raft.server.watch.timeout.denomination = 1s (default)
2021-06-07 01:00:47,115 [c2033f43-39b3-4eb3-b9b2-5a70c0c49867@group-9CDF3EC888C5-LeaderElection43] INFO  server.RaftServerConfigKeys (ConfUtils.java:logGet(44)) - raft.server.watch.element-limit = 65536 (default)
2021-06-07 01:00:47,115 [c2033f43-39b3-4eb3-b9b2-5a70c0c49867@group-9CDF3EC888C5-LeaderElection43] INFO  server.RaftServerConfigKeys (ConfUtils.java:logGet(44)) - raft.server.log.appender.snapshot.chunk.size.max = 16MB (=16777216) (default)
2021-06-07 01:00:47,115 [c2033f43-39b3-4eb3-b9b2-5a70c0c49867@group-9CDF3EC888C5-LeaderElection43] INFO  server.RaftServerConfigKeys (ConfUtils.java:logGet(44)) - raft.server.log.appender.buffer.byte-limit = 33554432 (custom)
2021-06-07 01:00:47,115 [c2033f43-39b3-4eb3-b9b2-5a70c0c49867@group-9CDF3EC888C5-LeaderElection43] INFO  server.RaftServerConfigKeys (ConfUtils.java:logGet(44)) - raft.server.log.appender.buffer.element-limit = 1 (custom)
2021-06-07 01:00:47,115 [c2033f43-39b3-4eb3-b9b2-5a70c0c49867@group-9CDF3EC888C5-LeaderElection43] INFO  grpc.GrpcConfigKeys (ConfUtils.java:logGet(44)) - raft.grpc.server.leader.outstanding.appends.max = 128 (default)
2021-06-07 01:00:47,116 [c2033f43-39b3-4eb3-b9b2-5a70c0c49867@group-9CDF3EC888C5-LeaderElection43] INFO  server.RaftServerConfigKeys (ConfUtils.java:logGet(44)) - raft.server.rpc.request.timeout = 3000ms (default)
2021-06-07 01:00:47,116 [c2033f43-39b3-4eb3-b9b2-5a70c0c49867@group-9CDF3EC888C5-LeaderElection43] INFO  server.RaftServerConfigKeys (ConfUtils.java:logGet(44)) - raft.server.log.appender.install.snapshot.enabled = false (custom)
2021-06-07 01:00:47,116 [c2033f43-39b3-4eb3-b9b2-5a70c0c49867@group-9CDF3EC888C5-LeaderElection43] INFO  metrics.RatisMetrics (RatisMetrics.java:lambda$create$0(36)) - Creating Metrics Registry : ratis_grpc.log_appender.c2033f43-39b3-4eb3-b9b2-5a70c0c49867@group-9CDF3EC888C5
2021-06-07 01:00:47,117 [c2033f43-39b3-4eb3-b9b2-5a70c0c49867@group-9CDF3EC888C5-LeaderElection43] INFO  server.RaftServerConfigKeys (ConfUtils.java:logGet(44)) - raft.server.log.appender.snapshot.chunk.size.max = 16MB (=16777216) (default)
2021-06-07 01:00:47,117 [c2033f43-39b3-4eb3-b9b2-5a70c0c49867@group-9CDF3EC888C5-LeaderElection43] INFO  server.RaftServerConfigKeys (ConfUtils.java:logGet(44)) - raft.server.log.appender.buffer.byte-limit = 33554432 (custom)
2021-06-07 01:00:47,117 [c2033f43-39b3-4eb3-b9b2-5a70c0c49867@group-9CDF3EC888C5-LeaderElection43] INFO  server.RaftServerConfigKeys (ConfUtils.java:logGet(44)) - raft.server.log.appender.buffer.element-limit = 1 (custom)
2021-06-07 01:00:47,118 [c2033f43-39b3-4eb3-b9b2-5a70c0c49867@group-9CDF3EC888C5-LeaderElection43] INFO  grpc.GrpcConfigKeys (ConfUtils.java:logGet(44)) - raft.grpc.server.leader.outstanding.appends.max = 128 (default)
2021-06-07 01:00:47,118 [c2033f43-39b3-4eb3-b9b2-5a70c0c49867@group-9CDF3EC888C5-LeaderElection43] INFO  server.RaftServerConfigKeys (ConfUtils.java:logGet(44)) - raft.server.rpc.request.timeout = 3000ms (default)
2021-06-07 01:00:47,118 [c2033f43-39b3-4eb3-b9b2-5a70c0c49867@group-9CDF3EC888C5-LeaderElection43] INFO  server.RaftServerConfigKeys (ConfUtils.java:logGet(44)) - raft.server.log.appender.install.snapshot.enabled = false (custom)
2021-06-07 01:00:47,119 [EventQueue-PipelineReportForOneReplicaPipelineSafeModeRule] INFO  safemode.SCMSafeModeManager (SCMSafeModeManager.java:validateSafeModeExitRules(201)) - AtleastOneDatanodeReportedRule rule is successfully validated
2021-06-07 01:00:47,119 [EventQueue-OpenPipelineForHealthyPipelineSafeModeRule] INFO  safemode.SCMSafeModeManager (HealthyPipelineSafeModeRule.java:process(130)) - SCM in safe mode. Healthy pipelines reported count is 0, required healthy pipeline reported count is 1
2021-06-07 01:00:47,119 [EventQueue-PipelineReportForPipelineReportHandler] INFO  pipeline.PipelineManagerV2Impl (PipelineManagerV2Impl.java:openPipeline(270)) - Pipeline Pipeline[ Id: 7966a4a9-418d-4bdc-887b-9cdf3ec888c5, Nodes: 3eee8d88-c0ac-4861-bc75-3c80431b5d11{ip: 10.1.0.42, host: fv-az291-903.wgnan5asplgejimfprtllbpdch.jx.internal.cloudapp.net, ports: [REPLICATION=35245, RATIS=45455, RATIS_ADMIN=45455, RATIS_SERVER=45455, STANDALONE=36697], networkLocation: /default-rack, certSerialId: null, persistedOpState: IN_SERVICE, persistedOpStateExpiryEpochSec: 0}e1c54329-0f94-4ac4-b921-c08a88020a90{ip: 10.1.0.42, host: fv-az291-903.wgnan5asplgejimfprtllbpdch.jx.internal.cloudapp.net, ports: [REPLICATION=37865, RATIS=42691, RATIS_ADMIN=42691, RATIS_SERVER=42691, STANDALONE=35441], networkLocation: /default-rack, certSerialId: null, persistedOpState: IN_SERVICE, persistedOpStateExpiryEpochSec: 0}c2033f43-39b3-4eb3-b9b2-5a70c0c49867{ip: 10.1.0.42, host: fv-az291-903.wgnan5asplgejimfprtllbpdch.jx.internal.cloudapp.net, ports: [REPLICATION=38779, RATIS=40253, RATIS_ADMIN=40253, RATIS_SERVER=40253, STANDALONE=46823], networkLocation: /default-rack, certSerialId: null, persistedOpState: IN_SERVICE, persistedOpStateExpiryEpochSec: 0}, ReplicationConfig: RATIS/THREE, State:ALLOCATED, leaderId:c2033f43-39b3-4eb3-b9b2-5a70c0c49867, CreationTimestamp2021-06-07T01:00:34.123Z] moved to OPEN state
2021-06-07 01:00:47,120 [EventQueue-OpenPipelineForHealthyPipelineSafeModeRule] INFO  safemode.SCMSafeModeManager (HealthyPipelineSafeModeRule.java:process(130)) - SCM in safe mode. Healthy pipelines reported count is 1, required healthy pipeline reported count is 1
2021-06-07 01:00:47,120 [EventQueue-OpenPipelineForHealthyPipelineSafeModeRule] INFO  safemode.SCMSafeModeManager (SCMSafeModeManager.java:validateSafeModeExitRules(201)) - HealthyPipelineSafeModeRule rule is successfully validated
2021-06-07 01:00:47,120 [EventQueue-OpenPipelineForHealthyPipelineSafeModeRule] INFO  safemode.SCMSafeModeManager (SCMSafeModeManager.java:validateSafeModeExitRules(215)) - ScmSafeModeManager, all rules are successfully validated
2021-06-07 01:00:47,120 [EventQueue-OpenPipelineForHealthyPipelineSafeModeRule] INFO  safemode.SCMSafeModeManager (SCMSafeModeManager.java:exitSafeMode(244)) - SCM exiting safe mode.
2021-06-07 01:00:47,120 [EventQueue-OpenPipelineForHealthyPipelineSafeModeRule] WARN  events.EventQueue (EventQueue.java:fireEvent(185)) - No event handler registered for event TypedEvent{payloadType=SafeModeStatus, name='Safe mode status'}
2021-06-07 01:00:47,120 [EventQueue-OpenPipelineForHealthyPipelineSafeModeRule] INFO  ha.SCMContext (SCMContext.java:updateSafeModeStatus(148)) - Update SafeModeStatus from SafeModeStatus{safeModeStatus=true, preCheckPassed=true} to SafeModeStatus{safeModeStatus=false, preCheckPassed=true}.
2021-06-07 01:00:47,120 [EventQueue-OpenPipelineForHealthyPipelineSafeModeRule] INFO  pipeline.BackgroundPipelineCreator (BackgroundPipelineCreatorV2.java:notifyStatusChanged(261)) - Service BackgroundPipelineCreator transitions to RUNNING.
2021-06-07 01:00:47,120 [EventQueue-OpenPipelineForHealthyPipelineSafeModeRule] INFO  container.ReplicationManager (ReplicationManager.java:notifyStatusChanged(1289)) - Service ReplicationManager transitions to RUNNING.
2021-06-07 01:00:47,120 [c2033f43-39b3-4eb3-b9b2-5a70c0c49867@group-9CDF3EC888C5-LeaderElection43] INFO  impl.RoleInfo (RoleInfo.java:updateAndGet(130)) - c2033f43-39b3-4eb3-b9b2-5a70c0c49867: start c2033f43-39b3-4eb3-b9b2-5a70c0c49867@group-9CDF3EC888C5-LeaderStateImpl
2021-06-07 01:00:47,121 [c2033f43-39b3-4eb3-b9b2-5a70c0c49867@group-9CDF3EC888C5-LeaderElection43] INFO  segmented.SegmentedRaftLogWorker (SegmentedRaftLogWorker.java:startLogSegment(394)) - c2033f43-39b3-4eb3-b9b2-5a70c0c49867@group-9CDF3EC888C5-SegmentedRaftLogWorker: Starting segment from index:0
2021-06-07 01:00:47,124 [c2033f43-39b3-4eb3-b9b2-5a70c0c49867@group-9CDF3EC888C5-SegmentedRaftLogWorker] INFO  segmented.SegmentedRaftLogWorker (SegmentedRaftLogWorker.java:execute(601)) - c2033f43-39b3-4eb3-b9b2-5a70c0c49867@group-9CDF3EC888C5-SegmentedRaftLogWorker: created new log segment /home/runner/work/ozone/ozone/mnt/ozone/hadoop-ozone/integration-test/target/test-dir/MiniOzoneClusterImpl-4d691a8a-0502-4280-8005-09cceedbb589/datanode-2/data/ratis/7966a4a9-418d-4bdc-887b-9cdf3ec888c5/current/log_inprogress_0
2021-06-07 01:00:47,125 [grpc-default-executor-0] INFO  ratis.XceiverServerRatis (XceiverServerRatis.java:handleLeaderChangedNotification(906)) - Leader change notification received for group: group-9CDF3EC888C5 with new leaderId: c2033f43-39b3-4eb3-b9b2-5a70c0c49867
2021-06-07 01:00:47,125 [grpc-default-executor-0] INFO  server.RaftServer$Division (ServerState.java:setLeader(271)) - 3eee8d88-c0ac-4861-bc75-3c80431b5d11@group-9CDF3EC888C5: change Leader from null to c2033f43-39b3-4eb3-b9b2-5a70c0c49867 at term 2 for appendEntries, leader elected after 10129ms
2021-06-07 01:00:47,127 [c2033f43-39b3-4eb3-b9b2-5a70c0c49867@group-9CDF3EC888C5-LeaderElection43] INFO  server.RaftServer$Division (ServerState.java:setRaftConf(373)) - c2033f43-39b3-4eb3-b9b2-5a70c0c49867@group-9CDF3EC888C5: set configuration 0: [3eee8d88-c0ac-4861-bc75-3c80431b5d11|rpc:10.1.0.42:45455|dataStream:|priority:0, e1c54329-0f94-4ac4-b921-c08a88020a90|rpc:10.1.0.42:42691|dataStream:|priority:0, c2033f43-39b3-4eb3-b9b2-5a70c0c49867|rpc:10.1.0.42:40253|dataStream:|priority:1], old=null
2021-06-07 01:00:47,131 [grpc-default-executor-5] INFO  server.RaftServer$Division (RaftServerImpl.java:requestVote(1042)) - 3eee8d88-c0ac-4861-bc75-3c80431b5d11@group-9CDF3EC888C5: receive requestVote(ELECTION, e1c54329-0f94-4ac4-b921-c08a88020a90, group-9CDF3EC888C5, 3, (t:0, i:0))
2021-06-07 01:00:47,133 [grpc-default-executor-3] INFO  server.RaftServer$Division (ServerState.java:setRaftConf(373)) - 3eee8d88-c0ac-4861-bc75-3c80431b5d11@group-9CDF3EC888C5: set configuration 0: [3eee8d88-c0ac-4861-bc75-3c80431b5d11|rpc:10.1.0.42:45455|dataStream:|priority:0, e1c54329-0f94-4ac4-b921-c08a88020a90|rpc:10.1.0.42:42691|dataStream:|priority:0, c2033f43-39b3-4eb3-b9b2-5a70c0c49867|rpc:10.1.0.42:40253|dataStream:|priority:1], old=null
2021-06-07 01:00:47,133 [grpc-default-executor-3] INFO  segmented.SegmentedRaftLogWorker (SegmentedRaftLogWorker.java:startLogSegment(394)) - 3eee8d88-c0ac-4861-bc75-3c80431b5d11@group-9CDF3EC888C5-SegmentedRaftLogWorker: Starting segment from index:0
2021-06-07 01:00:47,134 [grpc-default-executor-5] INFO  impl.VoteContext (VoteContext.java:log(48)) - 3eee8d88-c0ac-4861-bc75-3c80431b5d11@group-9CDF3EC888C5-FOLLOWER: reject ELECTION from e1c54329-0f94-4ac4-b921-c08a88020a90: our last entry (t:2, i:0) > candidate's last entry (t:0, i:0)
2021-06-07 01:00:47,134 [grpc-default-executor-5] INFO  server.RaftServer$Division (ServerState.java:setLeader(271)) - 3eee8d88-c0ac-4861-bc75-3c80431b5d11@group-9CDF3EC888C5: change Leader from c2033f43-39b3-4eb3-b9b2-5a70c0c49867 to null at term 3 for updateCurrentTerm
2021-06-07 01:00:47,134 [grpc-default-executor-5] INFO  server.RaftServer$Division (RaftServerImpl.java:setRole(284)) - 3eee8d88-c0ac-4861-bc75-3c80431b5d11@group-9CDF3EC888C5: changes role from  FOLLOWER to FOLLOWER at term 3 for candidate:e1c54329-0f94-4ac4-b921-c08a88020a90
2021-06-07 01:00:47,134 [grpc-default-executor-5] INFO  impl.RoleInfo (RoleInfo.java:shutdownFollowerState(108)) - 3eee8d88-c0ac-4861-bc75-3c80431b5d11: shutdown 3eee8d88-c0ac-4861-bc75-3c80431b5d11@group-9CDF3EC888C5-FollowerState
2021-06-07 01:00:47,134 [grpc-default-executor-5] INFO  impl.RoleInfo (RoleInfo.java:updateAndGet(130)) - 3eee8d88-c0ac-4861-bc75-3c80431b5d11: start 3eee8d88-c0ac-4861-bc75-3c80431b5d11@group-9CDF3EC888C5-FollowerState
2021-06-07 01:00:47,134 [3eee8d88-c0ac-4861-bc75-3c80431b5d11@group-9CDF3EC888C5-FollowerState] INFO  impl.FollowerState (FollowerState.java:run(143)) - 3eee8d88-c0ac-4861-bc75-3c80431b5d11@group-9CDF3EC888C5-FollowerState was interrupted: {}
java.lang.InterruptedException: sleep interrupted
	at java.lang.Thread.sleep(Native Method)
	at java.lang.Thread.sleep(Thread.java:340)
	at java.util.concurrent.TimeUnit.sleep(TimeUnit.java:386)
	at org.apache.ratis.util.TimeDuration.sleep(TimeDuration.java:324)
	at org.apache.ratis.util.TimeDuration.sleep(TimeDuration.java:309)
	at org.apache.ratis.server.impl.FollowerState.run(FollowerState.java:118)
2021-06-07 01:00:47,135 [3eee8d88-c0ac-4861-bc75-3c80431b5d11@group-9CDF3EC888C5-SegmentedRaftLogWorker] INFO  segmented.SegmentedRaftLogWorker (SegmentedRaftLogWorker.java:execute(601)) - 3eee8d88-c0ac-4861-bc75-3c80431b5d11@group-9CDF3EC888C5-SegmentedRaftLogWorker: created new log segment /home/runner/work/ozone/ozone/mnt/ozone/hadoop-ozone/integration-test/target/test-dir/MiniOzoneClusterImpl-4d691a8a-0502-4280-8005-09cceedbb589/datanode-1/data/ratis/7966a4a9-418d-4bdc-887b-9cdf3ec888c5/current/log_inprogress_0
2021-06-07 01:00:47,139 [grpc-default-executor-5] INFO  server.RaftServer$Division (RaftServerImpl.java:requestVote(1074)) - 3eee8d88-c0ac-4861-bc75-3c80431b5d11@group-9CDF3EC888C5 replies to ELECTION vote request: e1c54329-0f94-4ac4-b921-c08a88020a90<-3eee8d88-c0ac-4861-bc75-3c80431b5d11#0:FAIL-t3. Peer's state: 3eee8d88-c0ac-4861-bc75-3c80431b5d11@group-9CDF3EC888C5:t3, leader=null, voted=null, raftlog=3eee8d88-c0ac-4861-bc75-3c80431b5d11@group-9CDF3EC888C5-SegmentedRaftLog:OPENED:c-1,f-1,i0, conf=0: [3eee8d88-c0ac-4861-bc75-3c80431b5d11|rpc:10.1.0.42:45455|dataStream:|priority:0, e1c54329-0f94-4ac4-b921-c08a88020a90|rpc:10.1.0.42:42691|dataStream:|priority:0, c2033f43-39b3-4eb3-b9b2-5a70c0c49867|rpc:10.1.0.42:40253|dataStream:|priority:1], old=null
2021-06-07 01:00:47,141 [grpc-default-executor-5] INFO  server.RaftServer$Division (RaftServerImpl.java:requestVote(1042)) - c2033f43-39b3-4eb3-b9b2-5a70c0c49867@group-9CDF3EC888C5: receive requestVote(ELECTION, e1c54329-0f94-4ac4-b921-c08a88020a90, group-9CDF3EC888C5, 3, (t:0, i:0))
2021-06-07 01:00:47,141 [grpc-default-executor-5] INFO  impl.VoteContext (VoteContext.java:log(48)) - c2033f43-39b3-4eb3-b9b2-5a70c0c49867@group-9CDF3EC888C5-LEADER: reject ELECTION from e1c54329-0f94-4ac4-b921-c08a88020a90: our last entry (t:2, i:0) > candidate's last entry (t:0, i:0)
2021-06-07 01:00:47,141 [grpc-default-executor-5] INFO  server.RaftServer$Division (ServerState.java:setLeader(271)) - c2033f43-39b3-4eb3-b9b2-5a70c0c49867@group-9CDF3EC888C5: change Leader from c2033f43-39b3-4eb3-b9b2-5a70c0c49867 to null at term 3 for updateCurrentTerm
2021-06-07 01:00:47,141 [grpc-default-executor-5] INFO  server.RaftServer$Division (RaftServerImpl.java:setRole(284)) - c2033f43-39b3-4eb3-b9b2-5a70c0c49867@group-9CDF3EC888C5: changes role from    LEADER to FOLLOWER at term 3 for candidate:e1c54329-0f94-4ac4-b921-c08a88020a90
2021-06-07 01:00:47,141 [grpc-default-executor-5] INFO  impl.RoleInfo (RoleInfo.java:shutdownLeaderState(91)) - c2033f43-39b3-4eb3-b9b2-5a70c0c49867: shutdown c2033f43-39b3-4eb3-b9b2-5a70c0c49867@group-9CDF3EC888C5-LeaderStateImpl
2021-06-07 01:00:47,142 [grpc-default-executor-5] INFO  metrics.RatisMetrics (RatisMetrics.java:unregister(43)) - Unregistering Metrics Registry : ratis_grpc.log_appender.c2033f43-39b3-4eb3-b9b2-5a70c0c49867@group-9CDF3EC888C5
2021-06-07 01:00:47,142 [grpc-default-executor-5] INFO  metrics.RatisMetrics (RatisMetrics.java:unregister(43)) - Unregistering Metrics Registry : ratis_grpc.log_appender.c2033f43-39b3-4eb3-b9b2-5a70c0c49867@group-9CDF3EC888C5
2021-06-07 01:00:47,142 [c2033f43-39b3-4eb3-b9b2-5a70c0c49867@group-9CDF3EC888C5->3eee8d88-c0ac-4861-bc75-3c80431b5d11-GrpcLogAppender-LogAppenderDaemon] WARN  server.GrpcLogAppender (GrpcLogAppender.java:mayWait(175)) - c2033f43-39b3-4eb3-b9b2-5a70c0c49867@group-9CDF3EC888C5->3eee8d88-c0ac-4861-bc75-3c80431b5d11-GrpcLogAppender: Wait interrupted by java.lang.InterruptedException
2021-06-07 01:00:47,142 [grpc-default-executor-5] INFO  impl.PendingRequests (PendingRequests.java:sendNotLeaderResponses(249)) - c2033f43-39b3-4eb3-b9b2-5a70c0c49867@group-9CDF3EC888C5-PendingRequests: sendNotLeaderResponses
2021-06-07 01:00:47,142 [grpc-default-executor-5] INFO  metrics.RatisMetrics (RatisMetrics.java:unregister(43)) - Unregistering Metrics Registry : ratis.log_appender.c2033f43-39b3-4eb3-b9b2-5a70c0c49867@group-9CDF3EC888C5
2021-06-07 01:00:47,142 [grpc-default-executor-5] INFO  metrics.RatisMetrics (RatisMetrics.java:unregister(43)) - Unregistering Metrics Registry : ratis.server.c2033f43-39b3-4eb3-b9b2-5a70c0c49867@group-9CDF3EC888C5
2021-06-07 01:00:47,143 [grpc-default-executor-0] INFO  server.GrpcServerProtocolService (GrpcServerProtocolService.java:onCompleted(140)) - 3eee8d88-c0ac-4861-bc75-3c80431b5d11: Completed APPEND_ENTRIES, lastRequest: c2033f43-39b3-4eb3-b9b2-5a70c0c49867->3eee8d88-c0ac-4861-bc75-3c80431b5d11#1-t2,previous=(t:0, i:0),leaderCommit=-1,initializing? true,entries: size=1, first=(t:2, i:0), CONFIGURATIONENTRY
2021-06-07 01:00:47,145 [c2033f43-39b3-4eb3-b9b2-5a70c0c49867@group-9CDF3EC888C5->e1c54329-0f94-4ac4-b921-c08a88020a90-GrpcLogAppender-LogAppenderDaemon] WARN  server.GrpcLogAppender (GrpcLogAppender.java:mayWait(175)) - c2033f43-39b3-4eb3-b9b2-5a70c0c49867@group-9CDF3EC888C5->e1c54329-0f94-4ac4-b921-c08a88020a90-GrpcLogAppender: Wait interrupted by java.lang.InterruptedException
2021-06-07 01:00:47,147 [grpc-default-executor-2] INFO  server.GrpcServerProtocolService (GrpcServerProtocolService.java:onCompleted(140)) - e1c54329-0f94-4ac4-b921-c08a88020a90: Completed APPEND_ENTRIES, lastRequest: null
2021-06-07 01:00:47,149 [grpc-default-executor-5] INFO  impl.RoleInfo (RoleInfo.java:updateAndGet(130)) - c2033f43-39b3-4eb3-b9b2-5a70c0c49867: start c2033f43-39b3-4eb3-b9b2-5a70c0c49867@group-9CDF3EC888C5-FollowerState
2021-06-07 01:00:47,151 [grpc-default-executor-5] INFO  server.RaftServer$Division (RaftServerImpl.java:requestVote(1074)) - c2033f43-39b3-4eb3-b9b2-5a70c0c49867@group-9CDF3EC888C5 replies to ELECTION vote request: e1c54329-0f94-4ac4-b921-c08a88020a90<-c2033f43-39b3-4eb3-b9b2-5a70c0c49867#0:FAIL-t3. Peer's state: c2033f43-39b3-4eb3-b9b2-5a70c0c49867@group-9CDF3EC888C5:t3, leader=null, voted=null, raftlog=c2033f43-39b3-4eb3-b9b2-5a70c0c49867@group-9CDF3EC888C5-SegmentedRaftLog:OPENED:c0,f0,i0, conf=0: [3eee8d88-c0ac-4861-bc75-3c80431b5d11|rpc:10.1.0.42:45455|dataStream:|priority:0, e1c54329-0f94-4ac4-b921-c08a88020a90|rpc:10.1.0.42:42691|dataStream:|priority:0, c2033f43-39b3-4eb3-b9b2-5a70c0c49867|rpc:10.1.0.42:40253|dataStream:|priority:1], old=null
2021-06-07 01:00:47,151 [grpc-default-executor-0] INFO  server.GrpcLogAppender (GrpcLogAppender.java:onCompleted(344)) - c2033f43-39b3-4eb3-b9b2-5a70c0c49867@group-9CDF3EC888C5->e1c54329-0f94-4ac4-b921-c08a88020a90-AppendLogResponseHandler: follower responses appendEntries COMPLETED
2021-06-07 01:00:47,151 [grpc-default-executor-0] INFO  leader.FollowerInfo (FollowerInfoImpl.java:lambda$new$0(46)) - c2033f43-39b3-4eb3-b9b2-5a70c0c49867@group-9CDF3EC888C5->e1c54329-0f94-4ac4-b921-c08a88020a90: nextIndex: updateUnconditionally 1 -> 0
2021-06-07 01:00:47,152 [grpc-default-executor-3] INFO  server.GrpcLogAppender (GrpcLogAppender.java:onCompleted(344)) - c2033f43-39b3-4eb3-b9b2-5a70c0c49867@group-9CDF3EC888C5->3eee8d88-c0ac-4861-bc75-3c80431b5d11-AppendLogResponseHandler: follower responses appendEntries COMPLETED
2021-06-07 01:00:47,152 [grpc-default-executor-3] INFO  leader.FollowerInfo (FollowerInfoImpl.java:lambda$new$0(46)) - c2033f43-39b3-4eb3-b9b2-5a70c0c49867@group-9CDF3EC888C5->3eee8d88-c0ac-4861-bc75-3c80431b5d11: nextIndex: updateUnconditionally 1 -> 0
2021-06-07 01:00:47,153 [e1c54329-0f94-4ac4-b921-c08a88020a90@group-9CDF3EC888C5-LeaderElection44] INFO  impl.LeaderElection (LeaderElection.java:logAndReturn(89)) - e1c54329-0f94-4ac4-b921-c08a88020a90@group-9CDF3EC888C5-LeaderElection44: ELECTION REJECTED received 2 response(s) and 0 exception(s):
2021-06-07 01:00:47,153 [e1c54329-0f94-4ac4-b921-c08a88020a90@group-9CDF3EC888C5-LeaderElection44] INFO  impl.LeaderElection (LeaderElection.java:logAndReturn(93)) -   Response 0: e1c54329-0f94-4ac4-b921-c08a88020a90<-3eee8d88-c0ac-4861-bc75-3c80431b5d11#0:FAIL-t3
2021-06-07 01:00:47,153 [e1c54329-0f94-4ac4-b921-c08a88020a90@group-9CDF3EC888C5-LeaderElection44] INFO  impl.LeaderElection (LeaderElection.java:logAndReturn(93)) -   Response 1: e1c54329-0f94-4ac4-b921-c08a88020a90<-c2033f43-39b3-4eb3-b9b2-5a70c0c49867#0:FAIL-t3
2021-06-07 01:00:47,153 [e1c54329-0f94-4ac4-b921-c08a88020a90@group-9CDF3EC888C5-LeaderElection44] INFO  impl.LeaderElection (LeaderElection.java:askForVotes(308)) - e1c54329-0f94-4ac4-b921-c08a88020a90@group-9CDF3EC888C5-LeaderElection44 ELECTION round 0: result REJECTED
2021-06-07 01:00:47,153 [e1c54329-0f94-4ac4-b921-c08a88020a90@group-9CDF3EC888C5-LeaderElection44] INFO  server.RaftServer$Division (RaftServerImpl.java:setRole(284)) - e1c54329-0f94-4ac4-b921-c08a88020a90@group-9CDF3EC888C5: changes role from CANDIDATE to FOLLOWER at term 3 for REJECTED
2021-06-07 01:00:47,153 [e1c54329-0f94-4ac4-b921-c08a88020a90@group-9CDF3EC888C5-LeaderElection44] INFO  impl.RoleInfo (RoleInfo.java:shutdownLeaderElection(121)) - e1c54329-0f94-4ac4-b921-c08a88020a90: shutdown e1c54329-0f94-4ac4-b921-c08a88020a90@group-9CDF3EC888C5-LeaderElection44
2021-06-07 01:00:47,153 [e1c54329-0f94-4ac4-b921-c08a88020a90@group-9CDF3EC888C5-LeaderElection44] INFO  impl.RoleInfo (RoleInfo.java:updateAndGet(130)) - e1c54329-0f94-4ac4-b921-c08a88020a90: start e1c54329-0f94-4ac4-b921-c08a88020a90@group-9CDF3EC888C5-FollowerState
2021-06-07 01:00:47,433 [4c0648dc-edb7-46e4-8fb2-cd1978ed42aa@group-0816AEE1200F-FollowerState] INFO  impl.FollowerState (FollowerState.java:run(134)) - 4c0648dc-edb7-46e4-8fb2-cd1978ed42aa@group-0816AEE1200F-FollowerState: change to CANDIDATE, lastRpcElapsedTime:5085411244ns, electionTimeout:5085ms
2021-06-07 01:00:47,434 [4c0648dc-edb7-46e4-8fb2-cd1978ed42aa@group-0816AEE1200F-FollowerState] INFO  impl.RoleInfo (RoleInfo.java:shutdownFollowerState(108)) - 4c0648dc-edb7-46e4-8fb2-cd1978ed42aa: shutdown 4c0648dc-edb7-46e4-8fb2-cd1978ed42aa@group-0816AEE1200F-FollowerState
2021-06-07 01:00:47,434 [4c0648dc-edb7-46e4-8fb2-cd1978ed42aa@group-0816AEE1200F-FollowerState] INFO  server.RaftServer$Division (RaftServerImpl.java:setRole(284)) - 4c0648dc-edb7-46e4-8fb2-cd1978ed42aa@group-0816AEE1200F: changes role from  FOLLOWER to CANDIDATE at term 1 for changeToCandidate
2021-06-07 01:00:47,434 [4c0648dc-edb7-46e4-8fb2-cd1978ed42aa@group-0816AEE1200F-FollowerState] INFO  server.RaftServerConfigKeys (ConfUtils.java:logGet(44)) - raft.server.leaderelection.pre-vote = false (custom)
2021-06-07 01:00:47,434 [4c0648dc-edb7-46e4-8fb2-cd1978ed42aa@group-0816AEE1200F-FollowerState] INFO  impl.RoleInfo (RoleInfo.java:updateAndGet(130)) - 4c0648dc-edb7-46e4-8fb2-cd1978ed42aa: start 4c0648dc-edb7-46e4-8fb2-cd1978ed42aa@group-0816AEE1200F-LeaderElection45
2021-06-07 01:00:47,436 [4c0648dc-edb7-46e4-8fb2-cd1978ed42aa@group-0816AEE1200F-LeaderElection45] INFO  impl.LeaderElection (LeaderElection.java:askForVotes(306)) - 4c0648dc-edb7-46e4-8fb2-cd1978ed42aa@group-0816AEE1200F-LeaderElection45 ELECTION round 0: submit vote requests at term 2 for -1: [4c0648dc-edb7-46e4-8fb2-cd1978ed42aa|rpc:10.1.0.42:41055|dataStream:|priority:0, 8d92b5a7-4709-4dab-ba37-cfa7e81d90ef|rpc:10.1.0.42:45381|dataStream:|priority:1, 92e97bd9-ad78-40fd-8151-2c7bc5702604|rpc:10.1.0.42:42767|dataStream:|priority:0], old=null
2021-06-07 01:00:47,438 [grpc-default-executor-3] INFO  server.RaftServer$Division (RaftServerImpl.java:requestVote(1042)) - 8d92b5a7-4709-4dab-ba37-cfa7e81d90ef@group-0816AEE1200F: receive requestVote(ELECTION, 4c0648dc-edb7-46e4-8fb2-cd1978ed42aa, group-0816AEE1200F, 2, (t:0, i:0))
2021-06-07 01:00:47,440 [grpc-default-executor-3] INFO  impl.VoteContext (VoteContext.java:log(48)) - 8d92b5a7-4709-4dab-ba37-cfa7e81d90ef@group-0816AEE1200F-FOLLOWER: reject ELECTION from 4c0648dc-edb7-46e4-8fb2-cd1978ed42aa: our priority 1 > candidate's priority 0
2021-06-07 01:00:47,440 [grpc-default-executor-3] INFO  server.RaftServer$Division (RaftServerImpl.java:setRole(284)) - 8d92b5a7-4709-4dab-ba37-cfa7e81d90ef@group-0816AEE1200F: changes role from  FOLLOWER to FOLLOWER at term 2 for candidate:4c0648dc-edb7-46e4-8fb2-cd1978ed42aa
2021-06-07 01:00:47,440 [grpc-default-executor-3] INFO  impl.RoleInfo (RoleInfo.java:shutdownFollowerState(108)) - 8d92b5a7-4709-4dab-ba37-cfa7e81d90ef: shutdown 8d92b5a7-4709-4dab-ba37-cfa7e81d90ef@group-0816AEE1200F-FollowerState
2021-06-07 01:00:47,440 [grpc-default-executor-3] INFO  impl.RoleInfo (RoleInfo.java:updateAndGet(130)) - 8d92b5a7-4709-4dab-ba37-cfa7e81d90ef: start 8d92b5a7-4709-4dab-ba37-cfa7e81d90ef@group-0816AEE1200F-FollowerState
2021-06-07 01:00:47,442 [grpc-default-executor-0] INFO  server.RaftServer$Division (RaftServerImpl.java:requestVote(1042)) - 92e97bd9-ad78-40fd-8151-2c7bc5702604@group-0816AEE1200F: receive requestVote(ELECTION, 4c0648dc-edb7-46e4-8fb2-cd1978ed42aa, group-0816AEE1200F, 2, (t:0, i:0))
2021-06-07 01:00:47,444 [grpc-default-executor-0] INFO  impl.VoteContext (VoteContext.java:log(48)) - 92e97bd9-ad78-40fd-8151-2c7bc5702604@group-0816AEE1200F-FOLLOWER: accept ELECTION from 4c0648dc-edb7-46e4-8fb2-cd1978ed42aa: our priority 0 <= candidate's priority 0
2021-06-07 01:00:47,444 [grpc-default-executor-0] INFO  server.RaftServer$Division (RaftServerImpl.java:setRole(284)) - 92e97bd9-ad78-40fd-8151-2c7bc5702604@group-0816AEE1200F: changes role from  FOLLOWER to FOLLOWER at term 2 for candidate:4c0648dc-edb7-46e4-8fb2-cd1978ed42aa
2021-06-07 01:00:47,444 [grpc-default-executor-3] INFO  server.RaftServer$Division (RaftServerImpl.java:requestVote(1074)) - 8d92b5a7-4709-4dab-ba37-cfa7e81d90ef@group-0816AEE1200F replies to ELECTION vote request: 4c0648dc-edb7-46e4-8fb2-cd1978ed42aa<-8d92b5a7-4709-4dab-ba37-cfa7e81d90ef#0:FAIL-t2. Peer's state: 8d92b5a7-4709-4dab-ba37-cfa7e81d90ef@group-0816AEE1200F:t2, leader=null, voted=null, raftlog=8d92b5a7-4709-4dab-ba37-cfa7e81d90ef@group-0816AEE1200F-SegmentedRaftLog:OPENED:c-1,f-1,i0, conf=-1: [4c0648dc-edb7-46e4-8fb2-cd1978ed42aa|rpc:10.1.0.42:41055|priority:0, 8d92b5a7-4709-4dab-ba37-cfa7e81d90ef|rpc:10.1.0.42:45381|priority:1, 92e97bd9-ad78-40fd-8151-2c7bc5702604|rpc:10.1.0.42:42767|priority:0], old=null
2021-06-07 01:00:47,444 [grpc-default-executor-0] INFO  impl.RoleInfo (RoleInfo.java:shutdownFollowerState(108)) - 92e97bd9-ad78-40fd-8151-2c7bc5702604: shutdown 92e97bd9-ad78-40fd-8151-2c7bc5702604@group-0816AEE1200F-FollowerState
2021-06-07 01:00:47,444 [grpc-default-executor-0] INFO  impl.RoleInfo (RoleInfo.java:updateAndGet(130)) - 92e97bd9-ad78-40fd-8151-2c7bc5702604: start 92e97bd9-ad78-40fd-8151-2c7bc5702604@group-0816AEE1200F-FollowerState
2021-06-07 01:00:47,444 [92e97bd9-ad78-40fd-8151-2c7bc5702604@group-0816AEE1200F-FollowerState] INFO  impl.FollowerState (FollowerState.java:run(143)) - 92e97bd9-ad78-40fd-8151-2c7bc5702604@group-0816AEE1200F-FollowerState was interrupted: {}
java.lang.InterruptedException: sleep interrupted
	at java.lang.Thread.sleep(Native Method)
	at java.lang.Thread.sleep(Thread.java:340)
	at java.util.concurrent.TimeUnit.sleep(TimeUnit.java:386)
	at org.apache.ratis.util.TimeDuration.sleep(TimeDuration.java:324)
	at org.apache.ratis.util.TimeDuration.sleep(TimeDuration.java:309)
	at org.apache.ratis.server.impl.FollowerState.run(FollowerState.java:118)
2021-06-07 01:00:47,445 [8d92b5a7-4709-4dab-ba37-cfa7e81d90ef@group-0816AEE1200F-FollowerState] INFO  impl.FollowerState (FollowerState.java:run(143)) - 8d92b5a7-4709-4dab-ba37-cfa7e81d90ef@group-0816AEE1200F-FollowerState was interrupted: {}
java.lang.InterruptedException: sleep interrupted
	at java.lang.Thread.sleep(Native Method)
	at java.lang.Thread.sleep(Thread.java:340)
	at java.util.concurrent.TimeUnit.sleep(TimeUnit.java:386)
	at org.apache.ratis.util.TimeDuration.sleep(TimeDuration.java:324)
	at org.apache.ratis.util.TimeDuration.sleep(TimeDuration.java:309)
	at org.apache.ratis.server.impl.FollowerState.run(FollowerState.java:118)
2021-06-07 01:00:47,446 [grpc-default-executor-0] INFO  server.RaftServer$Division (RaftServerImpl.java:requestVote(1074)) - 92e97bd9-ad78-40fd-8151-2c7bc5702604@group-0816AEE1200F replies to ELECTION vote request: 4c0648dc-edb7-46e4-8fb2-cd1978ed42aa<-92e97bd9-ad78-40fd-8151-2c7bc5702604#0:OK-t2. Peer's state: 92e97bd9-ad78-40fd-8151-2c7bc5702604@group-0816AEE1200F:t2, leader=null, voted=4c0648dc-edb7-46e4-8fb2-cd1978ed42aa, raftlog=92e97bd9-ad78-40fd-8151-2c7bc5702604@group-0816AEE1200F-SegmentedRaftLog:OPENED:c-1,f-1,i0, conf=-1: [4c0648dc-edb7-46e4-8fb2-cd1978ed42aa|rpc:10.1.0.42:41055|dataStream:|priority:0, 8d92b5a7-4709-4dab-ba37-cfa7e81d90ef|rpc:10.1.0.42:45381|dataStream:|priority:1, 92e97bd9-ad78-40fd-8151-2c7bc5702604|rpc:10.1.0.42:42767|dataStream:|priority:0], old=null
2021-06-07 01:00:47,449 [4c0648dc-edb7-46e4-8fb2-cd1978ed42aa@group-0816AEE1200F-LeaderElection45] INFO  impl.LeaderElection (LeaderElection.java:logAndReturn(89)) - 4c0648dc-edb7-46e4-8fb2-cd1978ed42aa@group-0816AEE1200F-LeaderElection45: ELECTION REJECTED received 1 response(s) and 0 exception(s):
2021-06-07 01:00:47,449 [4c0648dc-edb7-46e4-8fb2-cd1978ed42aa@group-0816AEE1200F-LeaderElection45] INFO  impl.LeaderElection (LeaderElection.java:logAndReturn(93)) -   Response 0: 4c0648dc-edb7-46e4-8fb2-cd1978ed42aa<-8d92b5a7-4709-4dab-ba37-cfa7e81d90ef#0:FAIL-t2
2021-06-07 01:00:47,449 [4c0648dc-edb7-46e4-8fb2-cd1978ed42aa@group-0816AEE1200F-LeaderElection45] INFO  impl.LeaderElection (LeaderElection.java:askForVotes(308)) - 4c0648dc-edb7-46e4-8fb2-cd1978ed42aa@group-0816AEE1200F-LeaderElection45 ELECTION round 0: result REJECTED
2021-06-07 01:00:47,449 [4c0648dc-edb7-46e4-8fb2-cd1978ed42aa@group-0816AEE1200F-LeaderElection45] INFO  server.RaftServer$Division (RaftServerImpl.java:setRole(284)) - 4c0648dc-edb7-46e4-8fb2-cd1978ed42aa@group-0816AEE1200F: changes role from CANDIDATE to FOLLOWER at term 2 for REJECTED
2021-06-07 01:00:47,449 [4c0648dc-edb7-46e4-8fb2-cd1978ed42aa@group-0816AEE1200F-LeaderElection45] INFO  impl.RoleInfo (RoleInfo.java:shutdownLeaderElection(121)) - 4c0648dc-edb7-46e4-8fb2-cd1978ed42aa: shutdown 4c0648dc-edb7-46e4-8fb2-cd1978ed42aa@group-0816AEE1200F-LeaderElection45
2021-06-07 01:00:47,449 [4c0648dc-edb7-46e4-8fb2-cd1978ed42aa@group-0816AEE1200F-LeaderElection45] INFO  impl.RoleInfo (RoleInfo.java:updateAndGet(130)) - 4c0648dc-edb7-46e4-8fb2-cd1978ed42aa: start 4c0648dc-edb7-46e4-8fb2-cd1978ed42aa@group-0816AEE1200F-FollowerState
2021-06-07 01:00:47,760 [Listener at 127.0.0.1/46609] INFO  ozone.MiniOzoneClusterImpl (MiniOzoneClusterImpl.java:lambda$waitForClusterToBeReady$0(224)) - Nodes are ready. Got 9 of 9 DN Heartbeats.
2021-06-07 01:00:47,760 [Listener at 127.0.0.1/46609] INFO  ozone.MiniOzoneClusterImpl (MiniOzoneClusterImpl.java:lambda$waitForClusterToBeReady$0(227)) - Cluster exits safe mode
2021-06-07 01:00:47,760 [Listener at 127.0.0.1/46609] INFO  ozone.MiniOzoneClusterImpl (MiniOzoneClusterImpl.java:lambda$waitForClusterToBeReady$0(230)) - SCM became leader
2021-06-07 01:00:47,771 [Listener at 127.0.0.1/46609] INFO  rpc.RpcClient (RpcClient.java:createVolume(337)) - Creating Volume: watchforcommithandlingtest, with runner as owner and space quota set to -1 bytes, counts quota set to -1
2021-06-07 01:00:47,776 [OM StateMachine ApplyTransaction Thread - 0] INFO  volume.OMVolumeCreateRequest (OMVolumeCreateRequest.java:validateAndUpdateCache(195)) - created volume:watchforcommithandlingtest for user:runner
2021-06-07 01:00:47,787 [Listener at 127.0.0.1/46609] INFO  rpc.RpcClient (RpcClient.java:createBucket(496)) - Creating Bucket: watchforcommithandlingtest/watchforcommithandlingtest, with Versioning false and Storage Type set to DISK and Encryption set to false 
2021-06-07 01:00:47,792 [Listener at 127.0.0.1/46609] INFO  ozone.MiniOzoneClusterImpl (MiniOzoneClusterImpl.java:getStorageContainerLocationClient(336)) - Creating StorageContainerLocationProtocol RPC client with address /0.0.0.0:37511
2021-06-07 01:00:47,800 [IPC Server handler 1 on default port 37511] INFO  ha.SequenceIdGenerator (SequenceIdGenerator.java:getNextId(127)) - Allocate a batch for containerId, change lastId from 0 to 1000.
2021-06-07 01:00:47,805 [Listener at 127.0.0.1/46609] INFO  metrics.RatisMetrics (RatisMetrics.java:lambda$create$0(36)) - Creating Metrics Registry : ratis.client_message_metrics.client-5062C4326C7D->c2033f43-39b3-4eb3-b9b2-5a70c0c49867
2021-06-07 01:00:47,819 [037b306d-55e4-4cae-90bd-e43eb14a37fd@group-1BD4F35D16EE-FollowerState] INFO  impl.FollowerState (FollowerState.java:run(134)) - 037b306d-55e4-4cae-90bd-e43eb14a37fd@group-1BD4F35D16EE-FollowerState: change to CANDIDATE, lastRpcElapsedTime:5061307753ns, electionTimeout:5056ms
2021-06-07 01:00:47,819 [037b306d-55e4-4cae-90bd-e43eb14a37fd@group-1BD4F35D16EE-FollowerState] INFO  impl.RoleInfo (RoleInfo.java:shutdownFollowerState(108)) - 037b306d-55e4-4cae-90bd-e43eb14a37fd: shutdown 037b306d-55e4-4cae-90bd-e43eb14a37fd@group-1BD4F35D16EE-FollowerState
2021-06-07 01:00:47,819 [037b306d-55e4-4cae-90bd-e43eb14a37fd@group-1BD4F35D16EE-FollowerState] INFO  server.RaftServer$Division (RaftServerImpl.java:setRole(284)) - 037b306d-55e4-4cae-90bd-e43eb14a37fd@group-1BD4F35D16EE: changes role from  FOLLOWER to CANDIDATE at term 1 for changeToCandidate
2021-06-07 01:00:47,819 [037b306d-55e4-4cae-90bd-e43eb14a37fd@group-1BD4F35D16EE-FollowerState] INFO  server.RaftServerConfigKeys (ConfUtils.java:logGet(44)) - raft.server.leaderelection.pre-vote = false (custom)
2021-06-07 01:00:47,819 [037b306d-55e4-4cae-90bd-e43eb14a37fd@group-1BD4F35D16EE-FollowerState] INFO  impl.RoleInfo (RoleInfo.java:updateAndGet(130)) - 037b306d-55e4-4cae-90bd-e43eb14a37fd: start 037b306d-55e4-4cae-90bd-e43eb14a37fd@group-1BD4F35D16EE-LeaderElection46
2021-06-07 01:00:47,826 [037b306d-55e4-4cae-90bd-e43eb14a37fd@group-1BD4F35D16EE-LeaderElection46] INFO  impl.LeaderElection (LeaderElection.java:askForVotes(306)) - 037b306d-55e4-4cae-90bd-e43eb14a37fd@group-1BD4F35D16EE-LeaderElection46 ELECTION round 0: submit vote requests at term 2 for -1: [037b306d-55e4-4cae-90bd-e43eb14a37fd|rpc:10.1.0.42:42733|priority:0, 0cacaae5-2f1d-4021-a1c8-b7d3ead785ca|rpc:10.1.0.42:39691|priority:1, b8685ee4-5ca3-4a9e-9d6c-fdbcd092b49e|rpc:10.1.0.42:46205|priority:0], old=null
2021-06-07 01:00:47,827 [grpc-default-executor-0] INFO  server.RaftServer$Division (RaftServerImpl.java:requestVote(1042)) - 0cacaae5-2f1d-4021-a1c8-b7d3ead785ca@group-1BD4F35D16EE: receive requestVote(ELECTION, 037b306d-55e4-4cae-90bd-e43eb14a37fd, group-1BD4F35D16EE, 2, (t:0, i:0))
2021-06-07 01:00:47,833 [grpc-default-executor-0] INFO  impl.VoteContext (VoteContext.java:log(48)) - 0cacaae5-2f1d-4021-a1c8-b7d3ead785ca@group-1BD4F35D16EE-FOLLOWER: reject ELECTION from 037b306d-55e4-4cae-90bd-e43eb14a37fd: our priority 1 > candidate's priority 0
2021-06-07 01:00:47,834 [grpc-default-executor-0] INFO  server.RaftServer$Division (RaftServerImpl.java:setRole(284)) - 0cacaae5-2f1d-4021-a1c8-b7d3ead785ca@group-1BD4F35D16EE: changes role from  FOLLOWER to FOLLOWER at term 2 for candidate:037b306d-55e4-4cae-90bd-e43eb14a37fd
2021-06-07 01:00:47,834 [grpc-default-executor-0] INFO  impl.RoleInfo (RoleInfo.java:shutdownFollowerState(108)) - 0cacaae5-2f1d-4021-a1c8-b7d3ead785ca: shutdown 0cacaae5-2f1d-4021-a1c8-b7d3ead785ca@group-1BD4F35D16EE-FollowerState
2021-06-07 01:00:47,834 [grpc-default-executor-0] INFO  impl.RoleInfo (RoleInfo.java:updateAndGet(130)) - 0cacaae5-2f1d-4021-a1c8-b7d3ead785ca: start 0cacaae5-2f1d-4021-a1c8-b7d3ead785ca@group-1BD4F35D16EE-FollowerState
2021-06-07 01:00:47,834 [0cacaae5-2f1d-4021-a1c8-b7d3ead785ca@group-1BD4F35D16EE-FollowerState] INFO  impl.FollowerState (FollowerState.java:run(143)) - 0cacaae5-2f1d-4021-a1c8-b7d3ead785ca@group-1BD4F35D16EE-FollowerState was interrupted: {}
java.lang.InterruptedException: sleep interrupted
	at java.lang.Thread.sleep(Native Method)
	at java.lang.Thread.sleep(Thread.java:340)
	at java.util.concurrent.TimeUnit.sleep(TimeUnit.java:386)
	at org.apache.ratis.util.TimeDuration.sleep(TimeDuration.java:324)
	at org.apache.ratis.util.TimeDuration.sleep(TimeDuration.java:309)
	at org.apache.ratis.server.impl.FollowerState.run(FollowerState.java:118)
2021-06-07 01:00:47,840 [grpc-default-executor-3] INFO  server.RaftServer$Division (RaftServerImpl.java:requestVote(1042)) - b8685ee4-5ca3-4a9e-9d6c-fdbcd092b49e@group-1BD4F35D16EE: receive requestVote(ELECTION, 037b306d-55e4-4cae-90bd-e43eb14a37fd, group-1BD4F35D16EE, 2, (t:0, i:0))
2021-06-07 01:00:47,840 [grpc-default-executor-3] INFO  impl.VoteContext (VoteContext.java:log(48)) - b8685ee4-5ca3-4a9e-9d6c-fdbcd092b49e@group-1BD4F35D16EE-FOLLOWER: accept ELECTION from 037b306d-55e4-4cae-90bd-e43eb14a37fd: our priority 0 <= candidate's priority 0
2021-06-07 01:00:47,840 [grpc-default-executor-3] INFO  server.RaftServer$Division (RaftServerImpl.java:setRole(284)) - b8685ee4-5ca3-4a9e-9d6c-fdbcd092b49e@group-1BD4F35D16EE: changes role from  FOLLOWER to FOLLOWER at term 2 for candidate:037b306d-55e4-4cae-90bd-e43eb14a37fd
2021-06-07 01:00:47,840 [grpc-default-executor-3] INFO  impl.RoleInfo (RoleInfo.java:shutdownFollowerState(108)) - b8685ee4-5ca3-4a9e-9d6c-fdbcd092b49e: shutdown b8685ee4-5ca3-4a9e-9d6c-fdbcd092b49e@group-1BD4F35D16EE-FollowerState
2021-06-07 01:00:47,840 [grpc-default-executor-3] INFO  impl.RoleInfo (RoleInfo.java:updateAndGet(130)) - b8685ee4-5ca3-4a9e-9d6c-fdbcd092b49e: start b8685ee4-5ca3-4a9e-9d6c-fdbcd092b49e@group-1BD4F35D16EE-FollowerState
2021-06-07 01:00:47,840 [b8685ee4-5ca3-4a9e-9d6c-fdbcd092b49e@group-1BD4F35D16EE-FollowerState] INFO  impl.FollowerState (FollowerState.java:run(143)) - b8685ee4-5ca3-4a9e-9d6c-fdbcd092b49e@group-1BD4F35D16EE-FollowerState was interrupted: {}
java.lang.InterruptedException: sleep interrupted
	at java.lang.Thread.sleep(Native Method)
	at java.lang.Thread.sleep(Thread.java:340)
	at java.util.concurrent.TimeUnit.sleep(TimeUnit.java:386)
	at org.apache.ratis.util.TimeDuration.sleep(TimeDuration.java:324)
	at org.apache.ratis.util.TimeDuration.sleep(TimeDuration.java:309)
	at org.apache.ratis.server.impl.FollowerState.run(FollowerState.java:118)
2021-06-07 01:00:47,841 [grpc-default-executor-3] INFO  server.RaftServer$Division (RaftServerImpl.java:requestVote(1074)) - b8685ee4-5ca3-4a9e-9d6c-fdbcd092b49e@group-1BD4F35D16EE replies to ELECTION vote request: 037b306d-55e4-4cae-90bd-e43eb14a37fd<-b8685ee4-5ca3-4a9e-9d6c-fdbcd092b49e#0:OK-t2. Peer's state: b8685ee4-5ca3-4a9e-9d6c-fdbcd092b49e@group-1BD4F35D16EE:t2, leader=null, voted=037b306d-55e4-4cae-90bd-e43eb14a37fd, raftlog=b8685ee4-5ca3-4a9e-9d6c-fdbcd092b49e@group-1BD4F35D16EE-SegmentedRaftLog:OPENED:c-1,f-1,i0, conf=-1: [037b306d-55e4-4cae-90bd-e43eb14a37fd|rpc:10.1.0.42:42733|dataStream:|priority:0, 0cacaae5-2f1d-4021-a1c8-b7d3ead785ca|rpc:10.1.0.42:39691|dataStream:|priority:1, b8685ee4-5ca3-4a9e-9d6c-fdbcd092b49e|rpc:10.1.0.42:46205|dataStream:|priority:0], old=null
2021-06-07 01:00:47,846 [grpc-default-executor-0] INFO  server.RaftServer$Division (RaftServerImpl.java:requestVote(1074)) - 0cacaae5-2f1d-4021-a1c8-b7d3ead785ca@group-1BD4F35D16EE replies to ELECTION vote request: 037b306d-55e4-4cae-90bd-e43eb14a37fd<-0cacaae5-2f1d-4021-a1c8-b7d3ead785ca#0:FAIL-t2. Peer's state: 0cacaae5-2f1d-4021-a1c8-b7d3ead785ca@group-1BD4F35D16EE:t2, leader=null, voted=null, raftlog=0cacaae5-2f1d-4021-a1c8-b7d3ead785ca@group-1BD4F35D16EE-SegmentedRaftLog:OPENED:c-1,f-1,i0, conf=-1: [037b306d-55e4-4cae-90bd-e43eb14a37fd|rpc:10.1.0.42:42733|dataStream:|priority:0, 0cacaae5-2f1d-4021-a1c8-b7d3ead785ca|rpc:10.1.0.42:39691|dataStream:|priority:1, b8685ee4-5ca3-4a9e-9d6c-fdbcd092b49e|rpc:10.1.0.42:46205|dataStream:|priority:0], old=null
2021-06-07 01:00:47,847 [037b306d-55e4-4cae-90bd-e43eb14a37fd@group-1BD4F35D16EE-LeaderElection46] INFO  impl.LeaderElection (LeaderElection.java:logAndReturn(89)) - 037b306d-55e4-4cae-90bd-e43eb14a37fd@group-1BD4F35D16EE-LeaderElection46: ELECTION REJECTED received 2 response(s) and 0 exception(s):
2021-06-07 01:00:47,847 [037b306d-55e4-4cae-90bd-e43eb14a37fd@group-1BD4F35D16EE-LeaderElection46] INFO  impl.LeaderElection (LeaderElection.java:logAndReturn(93)) -   Response 0: 037b306d-55e4-4cae-90bd-e43eb14a37fd<-0cacaae5-2f1d-4021-a1c8-b7d3ead785ca#0:FAIL-t2
2021-06-07 01:00:47,847 [037b306d-55e4-4cae-90bd-e43eb14a37fd@group-1BD4F35D16EE-LeaderElection46] INFO  impl.LeaderElection (LeaderElection.java:logAndReturn(93)) -   Response 1: 037b306d-55e4-4cae-90bd-e43eb14a37fd<-b8685ee4-5ca3-4a9e-9d6c-fdbcd092b49e#0:OK-t2
2021-06-07 01:00:47,847 [037b306d-55e4-4cae-90bd-e43eb14a37fd@group-1BD4F35D16EE-LeaderElection46] INFO  impl.LeaderElection (LeaderElection.java:askForVotes(308)) - 037b306d-55e4-4cae-90bd-e43eb14a37fd@group-1BD4F35D16EE-LeaderElection46 ELECTION round 0: result REJECTED
2021-06-07 01:00:47,847 [037b306d-55e4-4cae-90bd-e43eb14a37fd@group-1BD4F35D16EE-LeaderElection46] INFO  server.RaftServer$Division (RaftServerImpl.java:setRole(284)) - 037b306d-55e4-4cae-90bd-e43eb14a37fd@group-1BD4F35D16EE: changes role from CANDIDATE to FOLLOWER at term 2 for REJECTED
2021-06-07 01:00:47,847 [037b306d-55e4-4cae-90bd-e43eb14a37fd@group-1BD4F35D16EE-LeaderElection46] INFO  impl.RoleInfo (RoleInfo.java:shutdownLeaderElection(121)) - 037b306d-55e4-4cae-90bd-e43eb14a37fd: shutdown 037b306d-55e4-4cae-90bd-e43eb14a37fd@group-1BD4F35D16EE-LeaderElection46
2021-06-07 01:00:47,847 [037b306d-55e4-4cae-90bd-e43eb14a37fd@group-1BD4F35D16EE-LeaderElection46] INFO  impl.RoleInfo (RoleInfo.java:updateAndGet(130)) - 037b306d-55e4-4cae-90bd-e43eb14a37fd: start 037b306d-55e4-4cae-90bd-e43eb14a37fd@group-1BD4F35D16EE-FollowerState
2021-06-07 01:00:51,705 [java.util.concurrent.ThreadPoolExecutor$Worker@1d11516a[State = -1, empty queue]] INFO  metrics.RatisMetrics (RatisMetrics.java:lambda$create$0(36)) - Creating Metrics Registry : ratis.client_message_metrics.client-5062C4326C7D->3eee8d88-c0ac-4861-bc75-3c80431b5d11
2021-06-07 01:00:52,207 [e1c54329-0f94-4ac4-b921-c08a88020a90@group-9CDF3EC888C5-FollowerState] INFO  impl.FollowerState (FollowerState.java:run(134)) - e1c54329-0f94-4ac4-b921-c08a88020a90@group-9CDF3EC888C5-FollowerState: change to CANDIDATE, lastRpcElapsedTime:5054545315ns, electionTimeout:5054ms
2021-06-07 01:00:52,208 [e1c54329-0f94-4ac4-b921-c08a88020a90@group-9CDF3EC888C5-FollowerState] INFO  impl.RoleInfo (RoleInfo.java:shutdownFollowerState(108)) - e1c54329-0f94-4ac4-b921-c08a88020a90: shutdown e1c54329-0f94-4ac4-b921-c08a88020a90@group-9CDF3EC888C5-FollowerState
2021-06-07 01:00:52,208 [e1c54329-0f94-4ac4-b921-c08a88020a90@group-9CDF3EC888C5-FollowerState] INFO  server.RaftServer$Division (RaftServerImpl.java:setRole(284)) - e1c54329-0f94-4ac4-b921-c08a88020a90@group-9CDF3EC888C5: changes role from  FOLLOWER to CANDIDATE at term 3 for changeToCandidate
2021-06-07 01:00:52,208 [e1c54329-0f94-4ac4-b921-c08a88020a90@group-9CDF3EC888C5-FollowerState] INFO  server.RaftServerConfigKeys (ConfUtils.java:logGet(44)) - raft.server.leaderelection.pre-vote = false (custom)
2021-06-07 01:00:52,208 [e1c54329-0f94-4ac4-b921-c08a88020a90@group-9CDF3EC888C5-FollowerState] INFO  impl.RoleInfo (RoleInfo.java:updateAndGet(130)) - e1c54329-0f94-4ac4-b921-c08a88020a90: start e1c54329-0f94-4ac4-b921-c08a88020a90@group-9CDF3EC888C5-LeaderElection47
2021-06-07 01:00:52,220 [e1c54329-0f94-4ac4-b921-c08a88020a90@group-9CDF3EC888C5-LeaderElection47] INFO  impl.LeaderElection (LeaderElection.java:askForVotes(306)) - e1c54329-0f94-4ac4-b921-c08a88020a90@group-9CDF3EC888C5-LeaderElection47 ELECTION round 0: submit vote requests at term 4 for -1: [3eee8d88-c0ac-4861-bc75-3c80431b5d11|rpc:10.1.0.42:45455|priority:0, e1c54329-0f94-4ac4-b921-c08a88020a90|rpc:10.1.0.42:42691|priority:0, c2033f43-39b3-4eb3-b9b2-5a70c0c49867|rpc:10.1.0.42:40253|priority:1], old=null
2021-06-07 01:00:52,222 [grpc-default-executor-0] INFO  server.RaftServer$Division (RaftServerImpl.java:requestVote(1042)) - 3eee8d88-c0ac-4861-bc75-3c80431b5d11@group-9CDF3EC888C5: receive requestVote(ELECTION, e1c54329-0f94-4ac4-b921-c08a88020a90, group-9CDF3EC888C5, 4, (t:0, i:0))
2021-06-07 01:00:52,222 [grpc-default-executor-0] INFO  impl.VoteContext (VoteContext.java:log(48)) - 3eee8d88-c0ac-4861-bc75-3c80431b5d11@group-9CDF3EC888C5-FOLLOWER: reject ELECTION from e1c54329-0f94-4ac4-b921-c08a88020a90: our last entry (t:2, i:0) > candidate's last entry (t:0, i:0)
2021-06-07 01:00:52,222 [grpc-default-executor-0] INFO  server.RaftServer$Division (RaftServerImpl.java:setRole(284)) - 3eee8d88-c0ac-4861-bc75-3c80431b5d11@group-9CDF3EC888C5: changes role from  FOLLOWER to FOLLOWER at term 4 for candidate:e1c54329-0f94-4ac4-b921-c08a88020a90
2021-06-07 01:00:52,222 [grpc-default-executor-0] INFO  impl.RoleInfo (RoleInfo.java:shutdownFollowerState(108)) - 3eee8d88-c0ac-4861-bc75-3c80431b5d11: shutdown 3eee8d88-c0ac-4861-bc75-3c80431b5d11@group-9CDF3EC888C5-FollowerState
2021-06-07 01:00:52,222 [grpc-default-executor-0] INFO  impl.RoleInfo (RoleInfo.java:updateAndGet(130)) - 3eee8d88-c0ac-4861-bc75-3c80431b5d11: start 3eee8d88-c0ac-4861-bc75-3c80431b5d11@group-9CDF3EC888C5-FollowerState
2021-06-07 01:00:52,222 [3eee8d88-c0ac-4861-bc75-3c80431b5d11@group-9CDF3EC888C5-FollowerState] INFO  impl.FollowerState (FollowerState.java:run(143)) - 3eee8d88-c0ac-4861-bc75-3c80431b5d11@group-9CDF3EC888C5-FollowerState was interrupted: {}
java.lang.InterruptedException: sleep interrupted
	at java.lang.Thread.sleep(Native Method)
	at java.lang.Thread.sleep(Thread.java:340)
	at java.util.concurrent.TimeUnit.sleep(TimeUnit.java:386)
	at org.apache.ratis.util.TimeDuration.sleep(TimeDuration.java:324)
	at org.apache.ratis.util.TimeDuration.sleep(TimeDuration.java:309)
	at org.apache.ratis.server.impl.FollowerState.run(FollowerState.java:118)
2021-06-07 01:00:52,224 [grpc-default-executor-5] INFO  server.RaftServer$Division (RaftServerImpl.java:requestVote(1042)) - c2033f43-39b3-4eb3-b9b2-5a70c0c49867@group-9CDF3EC888C5: receive requestVote(ELECTION, e1c54329-0f94-4ac4-b921-c08a88020a90, group-9CDF3EC888C5, 4, (t:0, i:0))
2021-06-07 01:00:52,224 [grpc-default-executor-5] INFO  impl.VoteContext (VoteContext.java:log(48)) - c2033f43-39b3-4eb3-b9b2-5a70c0c49867@group-9CDF3EC888C5-FOLLOWER: reject ELECTION from e1c54329-0f94-4ac4-b921-c08a88020a90: our last entry (t:2, i:0) > candidate's last entry (t:0, i:0)
2021-06-07 01:00:52,224 [grpc-default-executor-5] INFO  server.RaftServer$Division (RaftServerImpl.java:setRole(284)) - c2033f43-39b3-4eb3-b9b2-5a70c0c49867@group-9CDF3EC888C5: changes role from  FOLLOWER to FOLLOWER at term 4 for candidate:e1c54329-0f94-4ac4-b921-c08a88020a90
2021-06-07 01:00:52,224 [grpc-default-executor-5] INFO  impl.RoleInfo (RoleInfo.java:shutdownFollowerState(108)) - c2033f43-39b3-4eb3-b9b2-5a70c0c49867: shutdown c2033f43-39b3-4eb3-b9b2-5a70c0c49867@group-9CDF3EC888C5-FollowerState
2021-06-07 01:00:52,224 [grpc-default-executor-5] INFO  impl.RoleInfo (RoleInfo.java:updateAndGet(130)) - c2033f43-39b3-4eb3-b9b2-5a70c0c49867: start c2033f43-39b3-4eb3-b9b2-5a70c0c49867@group-9CDF3EC888C5-FollowerState
2021-06-07 01:00:52,224 [c2033f43-39b3-4eb3-b9b2-5a70c0c49867@group-9CDF3EC888C5-FollowerState] INFO  impl.FollowerState (FollowerState.java:run(143)) - c2033f43-39b3-4eb3-b9b2-5a70c0c49867@group-9CDF3EC888C5-FollowerState was interrupted: {}
java.lang.InterruptedException: sleep interrupted
	at java.lang.Thread.sleep(Native Method)
	at java.lang.Thread.sleep(Thread.java:340)
	at java.util.concurrent.TimeUnit.sleep(TimeUnit.java:386)
	at org.apache.ratis.util.TimeDuration.sleep(TimeDuration.java:324)
	at org.apache.ratis.util.TimeDuration.sleep(TimeDuration.java:309)
	at org.apache.ratis.server.impl.FollowerState.run(FollowerState.java:118)
2021-06-07 01:00:52,224 [grpc-default-executor-0] INFO  server.RaftServer$Division (RaftServerImpl.java:requestVote(1074)) - 3eee8d88-c0ac-4861-bc75-3c80431b5d11@group-9CDF3EC888C5 replies to ELECTION vote request: e1c54329-0f94-4ac4-b921-c08a88020a90<-3eee8d88-c0ac-4861-bc75-3c80431b5d11#0:FAIL-t4. Peer's state: 3eee8d88-c0ac-4861-bc75-3c80431b5d11@group-9CDF3EC888C5:t4, leader=null, voted=null, raftlog=3eee8d88-c0ac-4861-bc75-3c80431b5d11@group-9CDF3EC888C5-SegmentedRaftLog:OPENED:c-1,f0,i0, conf=0: [3eee8d88-c0ac-4861-bc75-3c80431b5d11|rpc:10.1.0.42:45455|dataStream:|priority:0, e1c54329-0f94-4ac4-b921-c08a88020a90|rpc:10.1.0.42:42691|dataStream:|priority:0, c2033f43-39b3-4eb3-b9b2-5a70c0c49867|rpc:10.1.0.42:40253|dataStream:|priority:1], old=null
2021-06-07 01:00:52,227 [grpc-default-executor-5] INFO  server.RaftServer$Division (RaftServerImpl.java:requestVote(1074)) - c2033f43-39b3-4eb3-b9b2-5a70c0c49867@group-9CDF3EC888C5 replies to ELECTION vote request: e1c54329-0f94-4ac4-b921-c08a88020a90<-c2033f43-39b3-4eb3-b9b2-5a70c0c49867#0:FAIL-t4. Peer's state: c2033f43-39b3-4eb3-b9b2-5a70c0c49867@group-9CDF3EC888C5:t4, leader=null, voted=null, raftlog=c2033f43-39b3-4eb3-b9b2-5a70c0c49867@group-9CDF3EC888C5-SegmentedRaftLog:OPENED:c0,f0,i0, conf=0: [3eee8d88-c0ac-4861-bc75-3c80431b5d11|rpc:10.1.0.42:45455|dataStream:|priority:0, e1c54329-0f94-4ac4-b921-c08a88020a90|rpc:10.1.0.42:42691|dataStream:|priority:0, c2033f43-39b3-4eb3-b9b2-5a70c0c49867|rpc:10.1.0.42:40253|dataStream:|priority:1], old=null
2021-06-07 01:00:52,227 [e1c54329-0f94-4ac4-b921-c08a88020a90@group-9CDF3EC888C5-LeaderElection47] INFO  impl.LeaderElection (LeaderElection.java:logAndReturn(89)) - e1c54329-0f94-4ac4-b921-c08a88020a90@group-9CDF3EC888C5-LeaderElection47: ELECTION REJECTED received 2 response(s) and 0 exception(s):
2021-06-07 01:00:52,228 [e1c54329-0f94-4ac4-b921-c08a88020a90@group-9CDF3EC888C5-LeaderElection47] INFO  impl.LeaderElection (LeaderElection.java:logAndReturn(93)) -   Response 0: e1c54329-0f94-4ac4-b921-c08a88020a90<-3eee8d88-c0ac-4861-bc75-3c80431b5d11#0:FAIL-t4
2021-06-07 01:00:52,228 [e1c54329-0f94-4ac4-b921-c08a88020a90@group-9CDF3EC888C5-LeaderElection47] INFO  impl.LeaderElection (LeaderElection.java:logAndReturn(93)) -   Response 1: e1c54329-0f94-4ac4-b921-c08a88020a90<-c2033f43-39b3-4eb3-b9b2-5a70c0c49867#0:FAIL-t4
2021-06-07 01:00:52,228 [e1c54329-0f94-4ac4-b921-c08a88020a90@group-9CDF3EC888C5-LeaderElection47] INFO  impl.LeaderElection (LeaderElection.java:askForVotes(308)) - e1c54329-0f94-4ac4-b921-c08a88020a90@group-9CDF3EC888C5-LeaderElection47 ELECTION round 0: result REJECTED
2021-06-07 01:00:52,228 [e1c54329-0f94-4ac4-b921-c08a88020a90@group-9CDF3EC888C5-LeaderElection47] INFO  server.RaftServer$Division (RaftServerImpl.java:setRole(284)) - e1c54329-0f94-4ac4-b921-c08a88020a90@group-9CDF3EC888C5: changes role from CANDIDATE to FOLLOWER at term 4 for REJECTED
2021-06-07 01:00:52,228 [e1c54329-0f94-4ac4-b921-c08a88020a90@group-9CDF3EC888C5-LeaderElection47] INFO  impl.RoleInfo (RoleInfo.java:shutdownLeaderElection(121)) - e1c54329-0f94-4ac4-b921-c08a88020a90: shutdown e1c54329-0f94-4ac4-b921-c08a88020a90@group-9CDF3EC888C5-LeaderElection47
2021-06-07 01:00:52,228 [e1c54329-0f94-4ac4-b921-c08a88020a90@group-9CDF3EC888C5-LeaderElection47] INFO  impl.RoleInfo (RoleInfo.java:updateAndGet(130)) - e1c54329-0f94-4ac4-b921-c08a88020a90: start e1c54329-0f94-4ac4-b921-c08a88020a90@group-9CDF3EC888C5-FollowerState
2021-06-07 01:00:52,540 [4c0648dc-edb7-46e4-8fb2-cd1978ed42aa@group-0816AEE1200F-FollowerState] INFO  impl.FollowerState (FollowerState.java:run(134)) - 4c0648dc-edb7-46e4-8fb2-cd1978ed42aa@group-0816AEE1200F-FollowerState: change to CANDIDATE, lastRpcElapsedTime:5090702003ns, electionTimeout:5090ms
2021-06-07 01:00:52,540 [4c0648dc-edb7-46e4-8fb2-cd1978ed42aa@group-0816AEE1200F-FollowerState] INFO  impl.RoleInfo (RoleInfo.java:shutdownFollowerState(108)) - 4c0648dc-edb7-46e4-8fb2-cd1978ed42aa: shutdown 4c0648dc-edb7-46e4-8fb2-cd1978ed42aa@group-0816AEE1200F-FollowerState
2021-06-07 01:00:52,540 [4c0648dc-edb7-46e4-8fb2-cd1978ed42aa@group-0816AEE1200F-FollowerState] INFO  server.RaftServer$Division (RaftServerImpl.java:setRole(284)) - 4c0648dc-edb7-46e4-8fb2-cd1978ed42aa@group-0816AEE1200F: changes role from  FOLLOWER to CANDIDATE at term 2 for changeToCandidate
2021-06-07 01:00:52,540 [4c0648dc-edb7-46e4-8fb2-cd1978ed42aa@group-0816AEE1200F-FollowerState] INFO  server.RaftServerConfigKeys (ConfUtils.java:logGet(44)) - raft.server.leaderelection.pre-vote = false (custom)
2021-06-07 01:00:52,540 [4c0648dc-edb7-46e4-8fb2-cd1978ed42aa@group-0816AEE1200F-FollowerState] INFO  impl.RoleInfo (RoleInfo.java:updateAndGet(130)) - 4c0648dc-edb7-46e4-8fb2-cd1978ed42aa: start 4c0648dc-edb7-46e4-8fb2-cd1978ed42aa@group-0816AEE1200F-LeaderElection48
2021-06-07 01:00:52,544 [4c0648dc-edb7-46e4-8fb2-cd1978ed42aa@group-0816AEE1200F-LeaderElection48] INFO  impl.LeaderElection (LeaderElection.java:askForVotes(306)) - 4c0648dc-edb7-46e4-8fb2-cd1978ed42aa@group-0816AEE1200F-LeaderElection48 ELECTION round 0: submit vote requests at term 3 for -1: [4c0648dc-edb7-46e4-8fb2-cd1978ed42aa|rpc:10.1.0.42:41055|dataStream:|priority:0, 8d92b5a7-4709-4dab-ba37-cfa7e81d90ef|rpc:10.1.0.42:45381|dataStream:|priority:1, 92e97bd9-ad78-40fd-8151-2c7bc5702604|rpc:10.1.0.42:42767|dataStream:|priority:0], old=null
2021-06-07 01:00:52,546 [grpc-default-executor-5] INFO  server.RaftServer$Division (RaftServerImpl.java:requestVote(1042)) - 8d92b5a7-4709-4dab-ba37-cfa7e81d90ef@group-0816AEE1200F: receive requestVote(ELECTION, 4c0648dc-edb7-46e4-8fb2-cd1978ed42aa, group-0816AEE1200F, 3, (t:0, i:0))
2021-06-07 01:00:52,546 [grpc-default-executor-5] INFO  impl.VoteContext (VoteContext.java:log(48)) - 8d92b5a7-4709-4dab-ba37-cfa7e81d90ef@group-0816AEE1200F-FOLLOWER: reject ELECTION from 4c0648dc-edb7-46e4-8fb2-cd1978ed42aa: our priority 1 > candidate's priority 0
2021-06-07 01:00:52,546 [grpc-default-executor-5] INFO  server.RaftServer$Division (RaftServerImpl.java:setRole(284)) - 8d92b5a7-4709-4dab-ba37-cfa7e81d90ef@group-0816AEE1200F: changes role from  FOLLOWER to FOLLOWER at term 3 for candidate:4c0648dc-edb7-46e4-8fb2-cd1978ed42aa
2021-06-07 01:00:52,546 [grpc-default-executor-5] INFO  impl.RoleInfo (RoleInfo.java:shutdownFollowerState(108)) - 8d92b5a7-4709-4dab-ba37-cfa7e81d90ef: shutdown 8d92b5a7-4709-4dab-ba37-cfa7e81d90ef@group-0816AEE1200F-FollowerState
2021-06-07 01:00:52,546 [grpc-default-executor-5] INFO  impl.RoleInfo (RoleInfo.java:updateAndGet(130)) - 8d92b5a7-4709-4dab-ba37-cfa7e81d90ef: start 8d92b5a7-4709-4dab-ba37-cfa7e81d90ef@group-0816AEE1200F-FollowerState
2021-06-07 01:00:52,547 [grpc-default-executor-5] INFO  server.RaftServer$Division (RaftServerImpl.java:requestVote(1074)) - 8d92b5a7-4709-4dab-ba37-cfa7e81d90ef@group-0816AEE1200F replies to ELECTION vote request: 4c0648dc-edb7-46e4-8fb2-cd1978ed42aa<-8d92b5a7-4709-4dab-ba37-cfa7e81d90ef#0:FAIL-t3. Peer's state: 8d92b5a7-4709-4dab-ba37-cfa7e81d90ef@group-0816AEE1200F:t3, leader=null, voted=null, raftlog=8d92b5a7-4709-4dab-ba37-cfa7e81d90ef@group-0816AEE1200F-SegmentedRaftLog:OPENED:c-1,f-1,i0, conf=-1: [4c0648dc-edb7-46e4-8fb2-cd1978ed42aa|rpc:10.1.0.42:41055|priority:0, 8d92b5a7-4709-4dab-ba37-cfa7e81d90ef|rpc:10.1.0.42:45381|priority:1, 92e97bd9-ad78-40fd-8151-2c7bc5702604|rpc:10.1.0.42:42767|priority:0], old=null
2021-06-07 01:00:52,548 [4c0648dc-edb7-46e4-8fb2-cd1978ed42aa@group-0816AEE1200F-LeaderElection48] INFO  impl.LeaderElection (LeaderElection.java:logAndReturn(89)) - 4c0648dc-edb7-46e4-8fb2-cd1978ed42aa@group-0816AEE1200F-LeaderElection48: ELECTION REJECTED received 1 response(s) and 0 exception(s):
2021-06-07 01:00:52,548 [4c0648dc-edb7-46e4-8fb2-cd1978ed42aa@group-0816AEE1200F-LeaderElection48] INFO  impl.LeaderElection (LeaderElection.java:logAndReturn(93)) -   Response 0: 4c0648dc-edb7-46e4-8fb2-cd1978ed42aa<-8d92b5a7-4709-4dab-ba37-cfa7e81d90ef#0:FAIL-t3
2021-06-07 01:00:52,549 [4c0648dc-edb7-46e4-8fb2-cd1978ed42aa@group-0816AEE1200F-LeaderElection48] INFO  impl.LeaderElection (LeaderElection.java:askForVotes(308)) - 4c0648dc-edb7-46e4-8fb2-cd1978ed42aa@group-0816AEE1200F-LeaderElection48 ELECTION round 0: result REJECTED
2021-06-07 01:00:52,549 [4c0648dc-edb7-46e4-8fb2-cd1978ed42aa@group-0816AEE1200F-LeaderElection48] INFO  server.RaftServer$Division (RaftServerImpl.java:setRole(284)) - 4c0648dc-edb7-46e4-8fb2-cd1978ed42aa@group-0816AEE1200F: changes role from CANDIDATE to FOLLOWER at term 3 for REJECTED
2021-06-07 01:00:52,549 [4c0648dc-edb7-46e4-8fb2-cd1978ed42aa@group-0816AEE1200F-LeaderElection48] INFO  impl.RoleInfo (RoleInfo.java:shutdownLeaderElection(121)) - 4c0648dc-edb7-46e4-8fb2-cd1978ed42aa: shutdown 4c0648dc-edb7-46e4-8fb2-cd1978ed42aa@group-0816AEE1200F-LeaderElection48
2021-06-07 01:00:52,549 [4c0648dc-edb7-46e4-8fb2-cd1978ed42aa@group-0816AEE1200F-LeaderElection48] INFO  impl.RoleInfo (RoleInfo.java:updateAndGet(130)) - 4c0648dc-edb7-46e4-8fb2-cd1978ed42aa: start 4c0648dc-edb7-46e4-8fb2-cd1978ed42aa@group-0816AEE1200F-FollowerState
2021-06-07 01:00:52,549 [8d92b5a7-4709-4dab-ba37-cfa7e81d90ef@group-0816AEE1200F-FollowerState] INFO  impl.FollowerState (FollowerState.java:run(143)) - 8d92b5a7-4709-4dab-ba37-cfa7e81d90ef@group-0816AEE1200F-FollowerState was interrupted: {}
java.lang.InterruptedException: sleep interrupted
	at java.lang.Thread.sleep(Native Method)
	at java.lang.Thread.sleep(Thread.java:340)
	at java.util.concurrent.TimeUnit.sleep(TimeUnit.java:386)
	at org.apache.ratis.util.TimeDuration.sleep(TimeDuration.java:324)
	at org.apache.ratis.util.TimeDuration.sleep(TimeDuration.java:309)
	at org.apache.ratis.server.impl.FollowerState.run(FollowerState.java:118)
2021-06-07 01:00:52,559 [grpc-default-executor-5] INFO  server.RaftServer$Division (RaftServerImpl.java:requestVote(1042)) - 92e97bd9-ad78-40fd-8151-2c7bc5702604@group-0816AEE1200F: receive requestVote(ELECTION, 4c0648dc-edb7-46e4-8fb2-cd1978ed42aa, group-0816AEE1200F, 3, (t:0, i:0))
2021-06-07 01:00:52,559 [grpc-default-executor-5] INFO  impl.VoteContext (VoteContext.java:log(48)) - 92e97bd9-ad78-40fd-8151-2c7bc5702604@group-0816AEE1200F-FOLLOWER: accept ELECTION from 4c0648dc-edb7-46e4-8fb2-cd1978ed42aa: our priority 0 <= candidate's priority 0
2021-06-07 01:00:52,559 [grpc-default-executor-5] INFO  server.RaftServer$Division (RaftServerImpl.java:setRole(284)) - 92e97bd9-ad78-40fd-8151-2c7bc5702604@group-0816AEE1200F: changes role from  FOLLOWER to FOLLOWER at term 3 for candidate:4c0648dc-edb7-46e4-8fb2-cd1978ed42aa
2021-06-07 01:00:52,559 [grpc-default-executor-5] INFO  impl.RoleInfo (RoleInfo.java:shutdownFollowerState(108)) - 92e97bd9-ad78-40fd-8151-2c7bc5702604: shutdown 92e97bd9-ad78-40fd-8151-2c7bc5702604@group-0816AEE1200F-FollowerState
2021-06-07 01:00:52,559 [grpc-default-executor-5] INFO  impl.RoleInfo (RoleInfo.java:updateAndGet(130)) - 92e97bd9-ad78-40fd-8151-2c7bc5702604: start 92e97bd9-ad78-40fd-8151-2c7bc5702604@group-0816AEE1200F-FollowerState
2021-06-07 01:00:52,559 [92e97bd9-ad78-40fd-8151-2c7bc5702604@group-0816AEE1200F-FollowerState] INFO  impl.FollowerState (FollowerState.java:run(143)) - 92e97bd9-ad78-40fd-8151-2c7bc5702604@group-0816AEE1200F-FollowerState was interrupted: {}
java.lang.InterruptedException: sleep interrupted
	at java.lang.Thread.sleep(Native Method)
	at java.lang.Thread.sleep(Thread.java:340)
	at java.util.concurrent.TimeUnit.sleep(TimeUnit.java:386)
	at org.apache.ratis.util.TimeDuration.sleep(TimeDuration.java:324)
	at org.apache.ratis.util.TimeDuration.sleep(TimeDuration.java:309)
	at org.apache.ratis.server.impl.FollowerState.run(FollowerState.java:118)
2021-06-07 01:00:52,567 [grpc-default-executor-5] INFO  server.RaftServer$Division (RaftServerImpl.java:requestVote(1074)) - 92e97bd9-ad78-40fd-8151-2c7bc5702604@group-0816AEE1200F replies to ELECTION vote request: 4c0648dc-edb7-46e4-8fb2-cd1978ed42aa<-92e97bd9-ad78-40fd-8151-2c7bc5702604#0:OK-t3. Peer's state: 92e97bd9-ad78-40fd-8151-2c7bc5702604@group-0816AEE1200F:t3, leader=null, voted=4c0648dc-edb7-46e4-8fb2-cd1978ed42aa, raftlog=92e97bd9-ad78-40fd-8151-2c7bc5702604@group-0816AEE1200F-SegmentedRaftLog:OPENED:c-1,f-1,i0, conf=-1: [4c0648dc-edb7-46e4-8fb2-cd1978ed42aa|rpc:10.1.0.42:41055|dataStream:|priority:0, 8d92b5a7-4709-4dab-ba37-cfa7e81d90ef|rpc:10.1.0.42:45381|dataStream:|priority:1, 92e97bd9-ad78-40fd-8151-2c7bc5702604|rpc:10.1.0.42:42767|dataStream:|priority:0], old=null
2021-06-07 01:00:52,920 [037b306d-55e4-4cae-90bd-e43eb14a37fd@group-1BD4F35D16EE-FollowerState] INFO  impl.FollowerState (FollowerState.java:run(134)) - 037b306d-55e4-4cae-90bd-e43eb14a37fd@group-1BD4F35D16EE-FollowerState: change to CANDIDATE, lastRpcElapsedTime:5073356003ns, electionTimeout:5073ms
2021-06-07 01:00:52,921 [037b306d-55e4-4cae-90bd-e43eb14a37fd@group-1BD4F35D16EE-FollowerState] INFO  impl.RoleInfo (RoleInfo.java:shutdownFollowerState(108)) - 037b306d-55e4-4cae-90bd-e43eb14a37fd: shutdown 037b306d-55e4-4cae-90bd-e43eb14a37fd@group-1BD4F35D16EE-FollowerState
2021-06-07 01:00:52,921 [037b306d-55e4-4cae-90bd-e43eb14a37fd@group-1BD4F35D16EE-FollowerState] INFO  server.RaftServer$Division (RaftServerImpl.java:setRole(284)) - 037b306d-55e4-4cae-90bd-e43eb14a37fd@group-1BD4F35D16EE: changes role from  FOLLOWER to CANDIDATE at term 2 for changeToCandidate
2021-06-07 01:00:52,921 [037b306d-55e4-4cae-90bd-e43eb14a37fd@group-1BD4F35D16EE-FollowerState] INFO  server.RaftServerConfigKeys (ConfUtils.java:logGet(44)) - raft.server.leaderelection.pre-vote = false (custom)
2021-06-07 01:00:52,921 [037b306d-55e4-4cae-90bd-e43eb14a37fd@group-1BD4F35D16EE-FollowerState] INFO  impl.RoleInfo (RoleInfo.java:updateAndGet(130)) - 037b306d-55e4-4cae-90bd-e43eb14a37fd: start 037b306d-55e4-4cae-90bd-e43eb14a37fd@group-1BD4F35D16EE-LeaderElection49
2021-06-07 01:00:52,924 [037b306d-55e4-4cae-90bd-e43eb14a37fd@group-1BD4F35D16EE-LeaderElection49] INFO  impl.LeaderElection (LeaderElection.java:askForVotes(306)) - 037b306d-55e4-4cae-90bd-e43eb14a37fd@group-1BD4F35D16EE-LeaderElection49 ELECTION round 0: submit vote requests at term 3 for -1: [037b306d-55e4-4cae-90bd-e43eb14a37fd|rpc:10.1.0.42:42733|priority:0, 0cacaae5-2f1d-4021-a1c8-b7d3ead785ca|rpc:10.1.0.42:39691|priority:1, b8685ee4-5ca3-4a9e-9d6c-fdbcd092b49e|rpc:10.1.0.42:46205|priority:0], old=null
2021-06-07 01:00:52,926 [grpc-default-executor-5] INFO  server.RaftServer$Division (RaftServerImpl.java:requestVote(1042)) - b8685ee4-5ca3-4a9e-9d6c-fdbcd092b49e@group-1BD4F35D16EE: receive requestVote(ELECTION, 037b306d-55e4-4cae-90bd-e43eb14a37fd, group-1BD4F35D16EE, 3, (t:0, i:0))
2021-06-07 01:00:52,926 [grpc-default-executor-5] INFO  impl.VoteContext (VoteContext.java:log(48)) - b8685ee4-5ca3-4a9e-9d6c-fdbcd092b49e@group-1BD4F35D16EE-FOLLOWER: accept ELECTION from 037b306d-55e4-4cae-90bd-e43eb14a37fd: our priority 0 <= candidate's priority 0
2021-06-07 01:00:52,926 [grpc-default-executor-5] INFO  server.RaftServer$Division (RaftServerImpl.java:setRole(284)) - b8685ee4-5ca3-4a9e-9d6c-fdbcd092b49e@group-1BD4F35D16EE: changes role from  FOLLOWER to FOLLOWER at term 3 for candidate:037b306d-55e4-4cae-90bd-e43eb14a37fd
2021-06-07 01:00:52,926 [grpc-default-executor-5] INFO  impl.RoleInfo (RoleInfo.java:shutdownFollowerState(108)) - b8685ee4-5ca3-4a9e-9d6c-fdbcd092b49e: shutdown b8685ee4-5ca3-4a9e-9d6c-fdbcd092b49e@group-1BD4F35D16EE-FollowerState
2021-06-07 01:00:52,926 [grpc-default-executor-5] INFO  impl.RoleInfo (RoleInfo.java:updateAndGet(130)) - b8685ee4-5ca3-4a9e-9d6c-fdbcd092b49e: start b8685ee4-5ca3-4a9e-9d6c-fdbcd092b49e@group-1BD4F35D16EE-FollowerState
2021-06-07 01:00:52,926 [b8685ee4-5ca3-4a9e-9d6c-fdbcd092b49e@group-1BD4F35D16EE-FollowerState] INFO  impl.FollowerState (FollowerState.java:run(143)) - b8685ee4-5ca3-4a9e-9d6c-fdbcd092b49e@group-1BD4F35D16EE-FollowerState was interrupted: {}
java.lang.InterruptedException: sleep interrupted
	at java.lang.Thread.sleep(Native Method)
	at java.lang.Thread.sleep(Thread.java:340)
	at java.util.concurrent.TimeUnit.sleep(TimeUnit.java:386)
	at org.apache.ratis.util.TimeDuration.sleep(TimeDuration.java:324)
	at org.apache.ratis.util.TimeDuration.sleep(TimeDuration.java:309)
	at org.apache.ratis.server.impl.FollowerState.run(FollowerState.java:118)
2021-06-07 01:00:52,927 [grpc-default-executor-5] INFO  server.RaftServer$Division (RaftServerImpl.java:requestVote(1074)) - b8685ee4-5ca3-4a9e-9d6c-fdbcd092b49e@group-1BD4F35D16EE replies to ELECTION vote request: 037b306d-55e4-4cae-90bd-e43eb14a37fd<-b8685ee4-5ca3-4a9e-9d6c-fdbcd092b49e#0:OK-t3. Peer's state: b8685ee4-5ca3-4a9e-9d6c-fdbcd092b49e@group-1BD4F35D16EE:t3, leader=null, voted=037b306d-55e4-4cae-90bd-e43eb14a37fd, raftlog=b8685ee4-5ca3-4a9e-9d6c-fdbcd092b49e@group-1BD4F35D16EE-SegmentedRaftLog:OPENED:c-1,f-1,i0, conf=-1: [037b306d-55e4-4cae-90bd-e43eb14a37fd|rpc:10.1.0.42:42733|dataStream:|priority:0, 0cacaae5-2f1d-4021-a1c8-b7d3ead785ca|rpc:10.1.0.42:39691|dataStream:|priority:1, b8685ee4-5ca3-4a9e-9d6c-fdbcd092b49e|rpc:10.1.0.42:46205|dataStream:|priority:0], old=null
2021-06-07 01:00:52,929 [grpc-default-executor-5] INFO  server.RaftServer$Division (RaftServerImpl.java:requestVote(1042)) - 0cacaae5-2f1d-4021-a1c8-b7d3ead785ca@group-1BD4F35D16EE: receive requestVote(ELECTION, 037b306d-55e4-4cae-90bd-e43eb14a37fd, group-1BD4F35D16EE, 3, (t:0, i:0))
2021-06-07 01:00:52,929 [grpc-default-executor-5] INFO  impl.VoteContext (VoteContext.java:log(48)) - 0cacaae5-2f1d-4021-a1c8-b7d3ead785ca@group-1BD4F35D16EE-FOLLOWER: reject ELECTION from 037b306d-55e4-4cae-90bd-e43eb14a37fd: our priority 1 > candidate's priority 0
2021-06-07 01:00:52,929 [grpc-default-executor-5] INFO  server.RaftServer$Division (RaftServerImpl.java:setRole(284)) - 0cacaae5-2f1d-4021-a1c8-b7d3ead785ca@group-1BD4F35D16EE: changes role from  FOLLOWER to FOLLOWER at term 3 for candidate:037b306d-55e4-4cae-90bd-e43eb14a37fd
2021-06-07 01:00:52,929 [grpc-default-executor-5] INFO  impl.RoleInfo (RoleInfo.java:shutdownFollowerState(108)) - 0cacaae5-2f1d-4021-a1c8-b7d3ead785ca: shutdown 0cacaae5-2f1d-4021-a1c8-b7d3ead785ca@group-1BD4F35D16EE-FollowerState
2021-06-07 01:00:52,929 [grpc-default-executor-5] INFO  impl.RoleInfo (RoleInfo.java:updateAndGet(130)) - 0cacaae5-2f1d-4021-a1c8-b7d3ead785ca: start 0cacaae5-2f1d-4021-a1c8-b7d3ead785ca@group-1BD4F35D16EE-FollowerState
2021-06-07 01:00:52,929 [0cacaae5-2f1d-4021-a1c8-b7d3ead785ca@group-1BD4F35D16EE-FollowerState] INFO  impl.FollowerState (FollowerState.java:run(143)) - 0cacaae5-2f1d-4021-a1c8-b7d3ead785ca@group-1BD4F35D16EE-FollowerState was interrupted: {}
java.lang.InterruptedException: sleep interrupted
	at java.lang.Thread.sleep(Native Method)
	at java.lang.Thread.sleep(Thread.java:340)
	at java.util.concurrent.TimeUnit.sleep(TimeUnit.java:386)
	at org.apache.ratis.util.TimeDuration.sleep(TimeDuration.java:324)
	at org.apache.ratis.util.TimeDuration.sleep(TimeDuration.java:309)
	at org.apache.ratis.server.impl.FollowerState.run(FollowerState.java:118)
2021-06-07 01:00:52,931 [grpc-default-executor-5] INFO  server.RaftServer$Division (RaftServerImpl.java:requestVote(1074)) - 0cacaae5-2f1d-4021-a1c8-b7d3ead785ca@group-1BD4F35D16EE replies to ELECTION vote request: 037b306d-55e4-4cae-90bd-e43eb14a37fd<-0cacaae5-2f1d-4021-a1c8-b7d3ead785ca#0:FAIL-t3. Peer's state: 0cacaae5-2f1d-4021-a1c8-b7d3ead785ca@group-1BD4F35D16EE:t3, leader=null, voted=null, raftlog=0cacaae5-2f1d-4021-a1c8-b7d3ead785ca@group-1BD4F35D16EE-SegmentedRaftLog:OPENED:c-1,f-1,i0, conf=-1: [037b306d-55e4-4cae-90bd-e43eb14a37fd|rpc:10.1.0.42:42733|dataStream:|priority:0, 0cacaae5-2f1d-4021-a1c8-b7d3ead785ca|rpc:10.1.0.42:39691|dataStream:|priority:1, b8685ee4-5ca3-4a9e-9d6c-fdbcd092b49e|rpc:10.1.0.42:46205|dataStream:|priority:0], old=null
2021-06-07 01:00:52,931 [037b306d-55e4-4cae-90bd-e43eb14a37fd@group-1BD4F35D16EE-LeaderElection49] INFO  impl.LeaderElection (LeaderElection.java:logAndReturn(89)) - 037b306d-55e4-4cae-90bd-e43eb14a37fd@group-1BD4F35D16EE-LeaderElection49: ELECTION REJECTED received 2 response(s) and 0 exception(s):
2021-06-07 01:00:52,931 [037b306d-55e4-4cae-90bd-e43eb14a37fd@group-1BD4F35D16EE-LeaderElection49] INFO  impl.LeaderElection (LeaderElection.java:logAndReturn(93)) -   Response 0: 037b306d-55e4-4cae-90bd-e43eb14a37fd<-0cacaae5-2f1d-4021-a1c8-b7d3ead785ca#0:FAIL-t3
2021-06-07 01:00:52,931 [037b306d-55e4-4cae-90bd-e43eb14a37fd@group-1BD4F35D16EE-LeaderElection49] INFO  impl.LeaderElection (LeaderElection.java:logAndReturn(93)) -   Response 1: 037b306d-55e4-4cae-90bd-e43eb14a37fd<-b8685ee4-5ca3-4a9e-9d6c-fdbcd092b49e#0:OK-t3
2021-06-07 01:00:52,932 [037b306d-55e4-4cae-90bd-e43eb14a37fd@group-1BD4F35D16EE-LeaderElection49] INFO  impl.LeaderElection (LeaderElection.java:askForVotes(308)) - 037b306d-55e4-4cae-90bd-e43eb14a37fd@group-1BD4F35D16EE-LeaderElection49 ELECTION round 0: result REJECTED
2021-06-07 01:00:52,932 [037b306d-55e4-4cae-90bd-e43eb14a37fd@group-1BD4F35D16EE-LeaderElection49] INFO  server.RaftServer$Division (RaftServerImpl.java:setRole(284)) - 037b306d-55e4-4cae-90bd-e43eb14a37fd@group-1BD4F35D16EE: changes role from CANDIDATE to FOLLOWER at term 3 for REJECTED
2021-06-07 01:00:52,932 [037b306d-55e4-4cae-90bd-e43eb14a37fd@group-1BD4F35D16EE-LeaderElection49] INFO  impl.RoleInfo (RoleInfo.java:shutdownLeaderElection(121)) - 037b306d-55e4-4cae-90bd-e43eb14a37fd: shutdown 037b306d-55e4-4cae-90bd-e43eb14a37fd@group-1BD4F35D16EE-LeaderElection49
2021-06-07 01:00:52,932 [037b306d-55e4-4cae-90bd-e43eb14a37fd@group-1BD4F35D16EE-LeaderElection49] INFO  impl.RoleInfo (RoleInfo.java:updateAndGet(130)) - 037b306d-55e4-4cae-90bd-e43eb14a37fd: start 037b306d-55e4-4cae-90bd-e43eb14a37fd@group-1BD4F35D16EE-FollowerState
2021-06-07 01:00:57,292 [c2033f43-39b3-4eb3-b9b2-5a70c0c49867@group-9CDF3EC888C5-FollowerState] INFO  impl.FollowerState (FollowerState.java:run(134)) - c2033f43-39b3-4eb3-b9b2-5a70c0c49867@group-9CDF3EC888C5-FollowerState: change to CANDIDATE, lastRpcElapsedTime:5067740318ns, electionTimeout:5065ms
2021-06-07 01:00:57,292 [c2033f43-39b3-4eb3-b9b2-5a70c0c49867@group-9CDF3EC888C5-FollowerState] INFO  impl.RoleInfo (RoleInfo.java:shutdownFollowerState(108)) - c2033f43-39b3-4eb3-b9b2-5a70c0c49867: shutdown c2033f43-39b3-4eb3-b9b2-5a70c0c49867@group-9CDF3EC888C5-FollowerState
2021-06-07 01:00:57,292 [c2033f43-39b3-4eb3-b9b2-5a70c0c49867@group-9CDF3EC888C5-FollowerState] INFO  server.RaftServer$Division (RaftServerImpl.java:setRole(284)) - c2033f43-39b3-4eb3-b9b2-5a70c0c49867@group-9CDF3EC888C5: changes role from  FOLLOWER to CANDIDATE at term 4 for changeToCandidate
2021-06-07 01:00:57,292 [c2033f43-39b3-4eb3-b9b2-5a70c0c49867@group-9CDF3EC888C5-FollowerState] INFO  server.RaftServerConfigKeys (ConfUtils.java:logGet(44)) - raft.server.leaderelection.pre-vote = false (custom)
2021-06-07 01:00:57,293 [c2033f43-39b3-4eb3-b9b2-5a70c0c49867@group-9CDF3EC888C5-FollowerState] INFO  impl.RoleInfo (RoleInfo.java:updateAndGet(130)) - c2033f43-39b3-4eb3-b9b2-5a70c0c49867: start c2033f43-39b3-4eb3-b9b2-5a70c0c49867@group-9CDF3EC888C5-LeaderElection50
2021-06-07 01:00:57,296 [c2033f43-39b3-4eb3-b9b2-5a70c0c49867@group-9CDF3EC888C5-LeaderElection50] INFO  impl.LeaderElection (LeaderElection.java:askForVotes(306)) - c2033f43-39b3-4eb3-b9b2-5a70c0c49867@group-9CDF3EC888C5-LeaderElection50 ELECTION round 0: submit vote requests at term 5 for 0: [3eee8d88-c0ac-4861-bc75-3c80431b5d11|rpc:10.1.0.42:45455|dataStream:|priority:0, e1c54329-0f94-4ac4-b921-c08a88020a90|rpc:10.1.0.42:42691|dataStream:|priority:0, c2033f43-39b3-4eb3-b9b2-5a70c0c49867|rpc:10.1.0.42:40253|dataStream:|priority:1], old=null
2021-06-07 01:00:57,298 [grpc-default-executor-5] INFO  server.RaftServer$Division (RaftServerImpl.java:requestVote(1042)) - 3eee8d88-c0ac-4861-bc75-3c80431b5d11@group-9CDF3EC888C5: receive requestVote(ELECTION, c2033f43-39b3-4eb3-b9b2-5a70c0c49867, group-9CDF3EC888C5, 5, (t:2, i:0))
2021-06-07 01:00:57,298 [grpc-default-executor-5] INFO  impl.VoteContext (VoteContext.java:log(48)) - 3eee8d88-c0ac-4861-bc75-3c80431b5d11@group-9CDF3EC888C5-FOLLOWER: accept ELECTION from c2033f43-39b3-4eb3-b9b2-5a70c0c49867: our priority 0 <= candidate's priority 1
2021-06-07 01:00:57,298 [grpc-default-executor-5] INFO  server.RaftServer$Division (RaftServerImpl.java:setRole(284)) - 3eee8d88-c0ac-4861-bc75-3c80431b5d11@group-9CDF3EC888C5: changes role from  FOLLOWER to FOLLOWER at term 5 for candidate:c2033f43-39b3-4eb3-b9b2-5a70c0c49867
2021-06-07 01:00:57,299 [grpc-default-executor-5] INFO  impl.RoleInfo (RoleInfo.java:shutdownFollowerState(108)) - 3eee8d88-c0ac-4861-bc75-3c80431b5d11: shutdown 3eee8d88-c0ac-4861-bc75-3c80431b5d11@group-9CDF3EC888C5-FollowerState
2021-06-07 01:00:57,299 [grpc-default-executor-5] INFO  impl.RoleInfo (RoleInfo.java:updateAndGet(130)) - 3eee8d88-c0ac-4861-bc75-3c80431b5d11: start 3eee8d88-c0ac-4861-bc75-3c80431b5d11@group-9CDF3EC888C5-FollowerState
2021-06-07 01:00:57,299 [3eee8d88-c0ac-4861-bc75-3c80431b5d11@group-9CDF3EC888C5-FollowerState] INFO  impl.FollowerState (FollowerState.java:run(143)) - 3eee8d88-c0ac-4861-bc75-3c80431b5d11@group-9CDF3EC888C5-FollowerState was interrupted: {}
java.lang.InterruptedException: sleep interrupted
	at java.lang.Thread.sleep(Native Method)
	at java.lang.Thread.sleep(Thread.java:340)
	at java.util.concurrent.TimeUnit.sleep(TimeUnit.java:386)
	at org.apache.ratis.util.TimeDuration.sleep(TimeDuration.java:324)
	at org.apache.ratis.util.TimeDuration.sleep(TimeDuration.java:309)
	at org.apache.ratis.server.impl.FollowerState.run(FollowerState.java:118)
2021-06-07 01:00:57,302 [grpc-default-executor-0] INFO  server.RaftServer$Division (RaftServerImpl.java:requestVote(1042)) - e1c54329-0f94-4ac4-b921-c08a88020a90@group-9CDF3EC888C5: receive requestVote(ELECTION, c2033f43-39b3-4eb3-b9b2-5a70c0c49867, group-9CDF3EC888C5, 5, (t:2, i:0))
2021-06-07 01:00:57,302 [grpc-default-executor-0] INFO  impl.VoteContext (VoteContext.java:log(48)) - e1c54329-0f94-4ac4-b921-c08a88020a90@group-9CDF3EC888C5-FOLLOWER: accept ELECTION from c2033f43-39b3-4eb3-b9b2-5a70c0c49867: our last entry null < candidate's last entry (t:2, i:0)
2021-06-07 01:00:57,302 [grpc-default-executor-0] INFO  server.RaftServer$Division (RaftServerImpl.java:setRole(284)) - e1c54329-0f94-4ac4-b921-c08a88020a90@group-9CDF3EC888C5: changes role from  FOLLOWER to FOLLOWER at term 5 for candidate:c2033f43-39b3-4eb3-b9b2-5a70c0c49867
2021-06-07 01:00:57,302 [grpc-default-executor-0] INFO  impl.RoleInfo (RoleInfo.java:shutdownFollowerState(108)) - e1c54329-0f94-4ac4-b921-c08a88020a90: shutdown e1c54329-0f94-4ac4-b921-c08a88020a90@group-9CDF3EC888C5-FollowerState
2021-06-07 01:00:57,303 [grpc-default-executor-0] INFO  impl.RoleInfo (RoleInfo.java:updateAndGet(130)) - e1c54329-0f94-4ac4-b921-c08a88020a90: start e1c54329-0f94-4ac4-b921-c08a88020a90@group-9CDF3EC888C5-FollowerState
2021-06-07 01:00:57,303 [e1c54329-0f94-4ac4-b921-c08a88020a90@group-9CDF3EC888C5-FollowerState] INFO  impl.FollowerState (FollowerState.java:run(143)) - e1c54329-0f94-4ac4-b921-c08a88020a90@group-9CDF3EC888C5-FollowerState was interrupted: {}
java.lang.InterruptedException: sleep interrupted
	at java.lang.Thread.sleep(Native Method)
	at java.lang.Thread.sleep(Thread.java:340)
	at java.util.concurrent.TimeUnit.sleep(TimeUnit.java:386)
	at org.apache.ratis.util.TimeDuration.sleep(TimeDuration.java:324)
	at org.apache.ratis.util.TimeDuration.sleep(TimeDuration.java:309)
	at org.apache.ratis.server.impl.FollowerState.run(FollowerState.java:118)
2021-06-07 01:00:57,308 [grpc-default-executor-0] INFO  server.RaftServer$Division (RaftServerImpl.java:requestVote(1074)) - e1c54329-0f94-4ac4-b921-c08a88020a90@group-9CDF3EC888C5 replies to ELECTION vote request: c2033f43-39b3-4eb3-b9b2-5a70c0c49867<-e1c54329-0f94-4ac4-b921-c08a88020a90#0:OK-t5. Peer's state: e1c54329-0f94-4ac4-b921-c08a88020a90@group-9CDF3EC888C5:t5, leader=null, voted=c2033f43-39b3-4eb3-b9b2-5a70c0c49867, raftlog=e1c54329-0f94-4ac4-b921-c08a88020a90@group-9CDF3EC888C5-SegmentedRaftLog:OPENED:c-1,f-1,i0, conf=-1: [3eee8d88-c0ac-4861-bc75-3c80431b5d11|rpc:10.1.0.42:45455|priority:0, e1c54329-0f94-4ac4-b921-c08a88020a90|rpc:10.1.0.42:42691|priority:0, c2033f43-39b3-4eb3-b9b2-5a70c0c49867|rpc:10.1.0.42:40253|priority:1], old=null
2021-06-07 01:00:57,309 [c2033f43-39b3-4eb3-b9b2-5a70c0c49867@group-9CDF3EC888C5-LeaderElection50] INFO  impl.LeaderElection (LeaderElection.java:logAndReturn(89)) - c2033f43-39b3-4eb3-b9b2-5a70c0c49867@group-9CDF3EC888C5-LeaderElection50: ELECTION PASSED received 1 response(s) and 0 exception(s):
2021-06-07 01:00:57,309 [c2033f43-39b3-4eb3-b9b2-5a70c0c49867@group-9CDF3EC888C5-LeaderElection50] INFO  impl.LeaderElection (LeaderElection.java:logAndReturn(93)) -   Response 0: c2033f43-39b3-4eb3-b9b2-5a70c0c49867<-e1c54329-0f94-4ac4-b921-c08a88020a90#0:OK-t5
2021-06-07 01:00:57,309 [c2033f43-39b3-4eb3-b9b2-5a70c0c49867@group-9CDF3EC888C5-LeaderElection50] INFO  impl.LeaderElection (LeaderElection.java:askForVotes(308)) - c2033f43-39b3-4eb3-b9b2-5a70c0c49867@group-9CDF3EC888C5-LeaderElection50 ELECTION round 0: result PASSED
2021-06-07 01:00:57,309 [c2033f43-39b3-4eb3-b9b2-5a70c0c49867@group-9CDF3EC888C5-LeaderElection50] INFO  impl.RoleInfo (RoleInfo.java:shutdownLeaderElection(121)) - c2033f43-39b3-4eb3-b9b2-5a70c0c49867: shutdown c2033f43-39b3-4eb3-b9b2-5a70c0c49867@group-9CDF3EC888C5-LeaderElection50
2021-06-07 01:00:57,309 [c2033f43-39b3-4eb3-b9b2-5a70c0c49867@group-9CDF3EC888C5-LeaderElection50] INFO  server.RaftServer$Division (RaftServerImpl.java:setRole(284)) - c2033f43-39b3-4eb3-b9b2-5a70c0c49867@group-9CDF3EC888C5: changes role from CANDIDATE to LEADER at term 5 for changeToLeader
2021-06-07 01:00:57,309 [c2033f43-39b3-4eb3-b9b2-5a70c0c49867@group-9CDF3EC888C5-LeaderElection50] INFO  ratis.XceiverServerRatis (XceiverServerRatis.java:handleLeaderChangedNotification(906)) - Leader change notification received for group: group-9CDF3EC888C5 with new leaderId: c2033f43-39b3-4eb3-b9b2-5a70c0c49867
2021-06-07 01:00:57,309 [c2033f43-39b3-4eb3-b9b2-5a70c0c49867@group-9CDF3EC888C5-LeaderElection50] INFO  server.RaftServer$Division (ServerState.java:setLeader(271)) - c2033f43-39b3-4eb3-b9b2-5a70c0c49867@group-9CDF3EC888C5: change Leader from null to c2033f43-39b3-4eb3-b9b2-5a70c0c49867 at term 5 for becomeLeader, leader elected after 10167ms
2021-06-07 01:00:57,309 [c2033f43-39b3-4eb3-b9b2-5a70c0c49867@group-9CDF3EC888C5-LeaderElection50] INFO  server.RaftServerConfigKeys (ConfUtils.java:logGet(44)) - raft.server.staging.catchup.gap = 1000 (default)
2021-06-07 01:00:57,309 [c2033f43-39b3-4eb3-b9b2-5a70c0c49867@group-9CDF3EC888C5-LeaderElection50] INFO  metrics.RatisMetrics (RatisMetrics.java:lambda$create$0(36)) - Creating Metrics Registry : ratis.log_appender.c2033f43-39b3-4eb3-b9b2-5a70c0c49867@group-9CDF3EC888C5
2021-06-07 01:00:57,309 [c2033f43-39b3-4eb3-b9b2-5a70c0c49867@group-9CDF3EC888C5-LeaderElection50] INFO  server.RaftServerConfigKeys (ConfUtils.java:logGet(44)) - raft.server.write.element-limit = 1024 (custom)
2021-06-07 01:00:57,309 [c2033f43-39b3-4eb3-b9b2-5a70c0c49867@group-9CDF3EC888C5-LeaderElection50] INFO  server.RaftServerConfigKeys (ConfUtils.java:logGet(44)) - raft.server.write.byte-limit = 1073741824 (custom)
2021-06-07 01:00:57,310 [c2033f43-39b3-4eb3-b9b2-5a70c0c49867@group-9CDF3EC888C5-LeaderElection50] INFO  server.RaftServerConfigKeys (ConfUtils.java:logGet(44)) - raft.server.watch.timeout = 3000ms (custom)
2021-06-07 01:00:57,310 [c2033f43-39b3-4eb3-b9b2-5a70c0c49867@group-9CDF3EC888C5-LeaderElection50] INFO  server.RaftServerConfigKeys (ConfUtils.java:logGet(44)) - raft.server.watch.timeout.denomination = 1s (default)
2021-06-07 01:00:57,310 [c2033f43-39b3-4eb3-b9b2-5a70c0c49867@group-9CDF3EC888C5-LeaderElection50] INFO  server.RaftServerConfigKeys (ConfUtils.java:logGet(44)) - raft.server.watch.element-limit = 65536 (default)
2021-06-07 01:00:57,310 [c2033f43-39b3-4eb3-b9b2-5a70c0c49867@group-9CDF3EC888C5-LeaderElection50] INFO  server.RaftServerConfigKeys (ConfUtils.java:logGet(44)) - raft.server.log.appender.snapshot.chunk.size.max = 16MB (=16777216) (default)
2021-06-07 01:00:57,310 [c2033f43-39b3-4eb3-b9b2-5a70c0c49867@group-9CDF3EC888C5-LeaderElection50] INFO  server.RaftServerConfigKeys (ConfUtils.java:logGet(44)) - raft.server.log.appender.buffer.byte-limit = 33554432 (custom)
2021-06-07 01:00:57,310 [c2033f43-39b3-4eb3-b9b2-5a70c0c49867@group-9CDF3EC888C5-LeaderElection50] INFO  server.RaftServerConfigKeys (ConfUtils.java:logGet(44)) - raft.server.log.appender.buffer.element-limit = 1 (custom)
2021-06-07 01:00:57,310 [c2033f43-39b3-4eb3-b9b2-5a70c0c49867@group-9CDF3EC888C5-LeaderElection50] INFO  grpc.GrpcConfigKeys (ConfUtils.java:logGet(44)) - raft.grpc.server.leader.outstanding.appends.max = 128 (default)
2021-06-07 01:00:57,310 [c2033f43-39b3-4eb3-b9b2-5a70c0c49867@group-9CDF3EC888C5-LeaderElection50] INFO  server.RaftServerConfigKeys (ConfUtils.java:logGet(44)) - raft.server.rpc.request.timeout = 3000ms (default)
2021-06-07 01:00:57,310 [c2033f43-39b3-4eb3-b9b2-5a70c0c49867@group-9CDF3EC888C5-LeaderElection50] INFO  server.RaftServerConfigKeys (ConfUtils.java:logGet(44)) - raft.server.log.appender.install.snapshot.enabled = false (custom)
2021-06-07 01:00:57,310 [c2033f43-39b3-4eb3-b9b2-5a70c0c49867@group-9CDF3EC888C5-LeaderElection50] INFO  metrics.RatisMetrics (RatisMetrics.java:lambda$create$0(36)) - Creating Metrics Registry : ratis_grpc.log_appender.c2033f43-39b3-4eb3-b9b2-5a70c0c49867@group-9CDF3EC888C5
2021-06-07 01:00:57,311 [c2033f43-39b3-4eb3-b9b2-5a70c0c49867@group-9CDF3EC888C5-LeaderElection50] INFO  server.RaftServerConfigKeys (ConfUtils.java:logGet(44)) - raft.server.log.appender.snapshot.chunk.size.max = 16MB (=16777216) (default)
2021-06-07 01:00:57,311 [c2033f43-39b3-4eb3-b9b2-5a70c0c49867@group-9CDF3EC888C5-LeaderElection50] INFO  server.RaftServerConfigKeys (ConfUtils.java:logGet(44)) - raft.server.log.appender.buffer.byte-limit = 33554432 (custom)
2021-06-07 01:00:57,311 [c2033f43-39b3-4eb3-b9b2-5a70c0c49867@group-9CDF3EC888C5-LeaderElection50] INFO  server.RaftServerConfigKeys (ConfUtils.java:logGet(44)) - raft.server.log.appender.buffer.element-limit = 1 (custom)
2021-06-07 01:00:57,311 [c2033f43-39b3-4eb3-b9b2-5a70c0c49867@group-9CDF3EC888C5-LeaderElection50] INFO  grpc.GrpcConfigKeys (ConfUtils.java:logGet(44)) - raft.grpc.server.leader.outstanding.appends.max = 128 (default)
2021-06-07 01:00:57,311 [c2033f43-39b3-4eb3-b9b2-5a70c0c49867@group-9CDF3EC888C5-LeaderElection50] INFO  server.RaftServerConfigKeys (ConfUtils.java:logGet(44)) - raft.server.rpc.request.timeout = 3000ms (default)
2021-06-07 01:00:57,311 [c2033f43-39b3-4eb3-b9b2-5a70c0c49867@group-9CDF3EC888C5-LeaderElection50] INFO  server.RaftServerConfigKeys (ConfUtils.java:logGet(44)) - raft.server.log.appender.install.snapshot.enabled = false (custom)
2021-06-07 01:00:57,312 [c2033f43-39b3-4eb3-b9b2-5a70c0c49867@group-9CDF3EC888C5-LeaderElection50] INFO  impl.RoleInfo (RoleInfo.java:updateAndGet(130)) - c2033f43-39b3-4eb3-b9b2-5a70c0c49867: start c2033f43-39b3-4eb3-b9b2-5a70c0c49867@group-9CDF3EC888C5-LeaderStateImpl
2021-06-07 01:00:57,312 [c2033f43-39b3-4eb3-b9b2-5a70c0c49867@group-9CDF3EC888C5-LeaderElection50] INFO  segmented.SegmentedRaftLogWorker (SegmentedRaftLogWorker.java:rollLogSegment(399)) - c2033f43-39b3-4eb3-b9b2-5a70c0c49867@group-9CDF3EC888C5-SegmentedRaftLogWorker: Rolling segment log-0_0 to index:0
2021-06-07 01:00:57,312 [c2033f43-39b3-4eb3-b9b2-5a70c0c49867@group-9CDF3EC888C5-SegmentedRaftLogWorker] INFO  segmented.SegmentedRaftLogWorker (SegmentedRaftLogWorker.java:execute(558)) - c2033f43-39b3-4eb3-b9b2-5a70c0c49867@group-9CDF3EC888C5-SegmentedRaftLogWorker: Rolled log segment from /home/runner/work/ozone/ozone/mnt/ozone/hadoop-ozone/integration-test/target/test-dir/MiniOzoneClusterImpl-4d691a8a-0502-4280-8005-09cceedbb589/datanode-2/data/ratis/7966a4a9-418d-4bdc-887b-9cdf3ec888c5/current/log_inprogress_0 to /home/runner/work/ozone/ozone/mnt/ozone/hadoop-ozone/integration-test/target/test-dir/MiniOzoneClusterImpl-4d691a8a-0502-4280-8005-09cceedbb589/datanode-2/data/ratis/7966a4a9-418d-4bdc-887b-9cdf3ec888c5/current/log_0-0
2021-06-07 01:00:57,313 [c2033f43-39b3-4eb3-b9b2-5a70c0c49867@group-9CDF3EC888C5-SegmentedRaftLogWorker] INFO  segmented.SegmentedRaftLogWorker (SegmentedRaftLogWorker.java:execute(601)) - c2033f43-39b3-4eb3-b9b2-5a70c0c49867@group-9CDF3EC888C5-SegmentedRaftLogWorker: created new log segment /home/runner/work/ozone/ozone/mnt/ozone/hadoop-ozone/integration-test/target/test-dir/MiniOzoneClusterImpl-4d691a8a-0502-4280-8005-09cceedbb589/datanode-2/data/ratis/7966a4a9-418d-4bdc-887b-9cdf3ec888c5/current/log_inprogress_1
2021-06-07 01:00:57,322 [c2033f43-39b3-4eb3-b9b2-5a70c0c49867@group-9CDF3EC888C5-LeaderElection50] INFO  server.RaftServer$Division (ServerState.java:setRaftConf(373)) - c2033f43-39b3-4eb3-b9b2-5a70c0c49867@group-9CDF3EC888C5: set configuration 1: [3eee8d88-c0ac-4861-bc75-3c80431b5d11|rpc:10.1.0.42:45455|dataStream:|priority:0, e1c54329-0f94-4ac4-b921-c08a88020a90|rpc:10.1.0.42:42691|dataStream:|priority:0, c2033f43-39b3-4eb3-b9b2-5a70c0c49867|rpc:10.1.0.42:40253|dataStream:|priority:1], old=null
2021-06-07 01:00:57,322 [grpc-default-executor-5] INFO  server.RaftServer$Division (RaftServerImpl.java:requestVote(1074)) - 3eee8d88-c0ac-4861-bc75-3c80431b5d11@group-9CDF3EC888C5 replies to ELECTION vote request: c2033f43-39b3-4eb3-b9b2-5a70c0c49867<-3eee8d88-c0ac-4861-bc75-3c80431b5d11#0:OK-t5. Peer's state: 3eee8d88-c0ac-4861-bc75-3c80431b5d11@group-9CDF3EC888C5:t5, leader=null, voted=c2033f43-39b3-4eb3-b9b2-5a70c0c49867, raftlog=3eee8d88-c0ac-4861-bc75-3c80431b5d11@group-9CDF3EC888C5-SegmentedRaftLog:OPENED:c-1,f0,i0, conf=0: [3eee8d88-c0ac-4861-bc75-3c80431b5d11|rpc:10.1.0.42:45455|dataStream:|priority:0, e1c54329-0f94-4ac4-b921-c08a88020a90|rpc:10.1.0.42:42691|dataStream:|priority:0, c2033f43-39b3-4eb3-b9b2-5a70c0c49867|rpc:10.1.0.42:40253|dataStream:|priority:1], old=null
2021-06-07 01:00:57,323 [grpc-default-executor-0] INFO  ratis.XceiverServerRatis (XceiverServerRatis.java:handleLeaderChangedNotification(906)) - Leader change notification received for group: group-9CDF3EC888C5 with new leaderId: c2033f43-39b3-4eb3-b9b2-5a70c0c49867
2021-06-07 01:00:57,323 [grpc-default-executor-0] INFO  server.RaftServer$Division (ServerState.java:setLeader(271)) - 3eee8d88-c0ac-4861-bc75-3c80431b5d11@group-9CDF3EC888C5: change Leader from null to c2033f43-39b3-4eb3-b9b2-5a70c0c49867 at term 5 for appendEntries, leader elected after 10188ms
2021-06-07 01:00:57,326 [grpc-default-executor-3] INFO  ratis.XceiverServerRatis (XceiverServerRatis.java:handleLeaderChangedNotification(906)) - Leader change notification received for group: group-9CDF3EC888C5 with new leaderId: c2033f43-39b3-4eb3-b9b2-5a70c0c49867
2021-06-07 01:00:57,326 [grpc-default-executor-3] INFO  server.RaftServer$Division (ServerState.java:setLeader(271)) - e1c54329-0f94-4ac4-b921-c08a88020a90@group-9CDF3EC888C5: change Leader from null to c2033f43-39b3-4eb3-b9b2-5a70c0c49867 at term 5 for appendEntries, leader elected after 20357ms
2021-06-07 01:00:57,326 [grpc-default-executor-3] INFO  server.RaftServer$Division (RaftServerImpl.java:checkInconsistentAppendEntries(1318)) - e1c54329-0f94-4ac4-b921-c08a88020a90@group-9CDF3EC888C5: Failed appendEntries as previous log entry ((t:2, i:0)) is not found
2021-06-07 01:00:57,326 [grpc-default-executor-3] INFO  server.RaftServer$Division (RaftServerImpl.java:checkInconsistentAppendEntries(1284)) - e1c54329-0f94-4ac4-b921-c08a88020a90@group-9CDF3EC888C5: inconsistency entries. Reply:c2033f43-39b3-4eb3-b9b2-5a70c0c49867<-e1c54329-0f94-4ac4-b921-c08a88020a90#0:FAIL-t5,INCONSISTENCY,nextIndex=0,followerCommit=-1
2021-06-07 01:00:57,327 [grpc-default-executor-3] INFO  server.RaftServer$Division (RaftServerImpl.java:checkInconsistentAppendEntries(1318)) - e1c54329-0f94-4ac4-b921-c08a88020a90@group-9CDF3EC888C5: Failed appendEntries as previous log entry ((t:2, i:0)) is not found
2021-06-07 01:00:57,327 [grpc-default-executor-3] INFO  server.RaftServer$Division (RaftServerImpl.java:checkInconsistentAppendEntries(1284)) - e1c54329-0f94-4ac4-b921-c08a88020a90@group-9CDF3EC888C5: inconsistency entries. Reply:c2033f43-39b3-4eb3-b9b2-5a70c0c49867<-e1c54329-0f94-4ac4-b921-c08a88020a90#1:FAIL-t5,INCONSISTENCY,nextIndex=0,followerCommit=-1
2021-06-07 01:00:57,327 [grpc-default-executor-0] INFO  server.RaftServer$Division (ServerState.java:setRaftConf(373)) - 3eee8d88-c0ac-4861-bc75-3c80431b5d11@group-9CDF3EC888C5: set configuration 1: [3eee8d88-c0ac-4861-bc75-3c80431b5d11|rpc:10.1.0.42:45455|dataStream:|priority:0, e1c54329-0f94-4ac4-b921-c08a88020a90|rpc:10.1.0.42:42691|dataStream:|priority:0, c2033f43-39b3-4eb3-b9b2-5a70c0c49867|rpc:10.1.0.42:40253|dataStream:|priority:1], old=null
2021-06-07 01:00:57,328 [grpc-default-executor-0] INFO  segmented.SegmentedRaftLogWorker (SegmentedRaftLogWorker.java:rollLogSegment(399)) - 3eee8d88-c0ac-4861-bc75-3c80431b5d11@group-9CDF3EC888C5-SegmentedRaftLogWorker: Rolling segment log-0_0 to index:0
2021-06-07 01:00:57,328 [grpc-default-executor-5] INFO  leader.FollowerInfo (FollowerInfoImpl.java:lambda$new$0(46)) - c2033f43-39b3-4eb3-b9b2-5a70c0c49867@group-9CDF3EC888C5->e1c54329-0f94-4ac4-b921-c08a88020a90: nextIndex: updateUnconditionally 2 -> 0
2021-06-07 01:00:57,328 [3eee8d88-c0ac-4861-bc75-3c80431b5d11@group-9CDF3EC888C5-SegmentedRaftLogWorker] INFO  segmented.SegmentedRaftLogWorker (SegmentedRaftLogWorker.java:execute(558)) - 3eee8d88-c0ac-4861-bc75-3c80431b5d11@group-9CDF3EC888C5-SegmentedRaftLogWorker: Rolled log segment from /home/runner/work/ozone/ozone/mnt/ozone/hadoop-ozone/integration-test/target/test-dir/MiniOzoneClusterImpl-4d691a8a-0502-4280-8005-09cceedbb589/datanode-1/data/ratis/7966a4a9-418d-4bdc-887b-9cdf3ec888c5/current/log_inprogress_0 to /home/runner/work/ozone/ozone/mnt/ozone/hadoop-ozone/integration-test/target/test-dir/MiniOzoneClusterImpl-4d691a8a-0502-4280-8005-09cceedbb589/datanode-1/data/ratis/7966a4a9-418d-4bdc-887b-9cdf3ec888c5/current/log_0-0
2021-06-07 01:00:57,329 [grpc-default-executor-5] INFO  leader.FollowerInfo (FollowerInfoImpl.java:lambda$new$0(46)) - c2033f43-39b3-4eb3-b9b2-5a70c0c49867@group-9CDF3EC888C5->e1c54329-0f94-4ac4-b921-c08a88020a90: nextIndex: updateUnconditionally 1 -> 0
2021-06-07 01:00:57,331 [3eee8d88-c0ac-4861-bc75-3c80431b5d11@group-9CDF3EC888C5-SegmentedRaftLogWorker] INFO  segmented.SegmentedRaftLogWorker (SegmentedRaftLogWorker.java:execute(601)) - 3eee8d88-c0ac-4861-bc75-3c80431b5d11@group-9CDF3EC888C5-SegmentedRaftLogWorker: created new log segment /home/runner/work/ozone/ozone/mnt/ozone/hadoop-ozone/integration-test/target/test-dir/MiniOzoneClusterImpl-4d691a8a-0502-4280-8005-09cceedbb589/datanode-1/data/ratis/7966a4a9-418d-4bdc-887b-9cdf3ec888c5/current/log_inprogress_1
2021-06-07 01:00:57,331 [grpc-default-executor-5] INFO  server.RaftServer$Division (ServerState.java:setRaftConf(373)) - e1c54329-0f94-4ac4-b921-c08a88020a90@group-9CDF3EC888C5: set configuration 0: [3eee8d88-c0ac-4861-bc75-3c80431b5d11|rpc:10.1.0.42:45455|dataStream:|priority:0, e1c54329-0f94-4ac4-b921-c08a88020a90|rpc:10.1.0.42:42691|dataStream:|priority:0, c2033f43-39b3-4eb3-b9b2-5a70c0c49867|rpc:10.1.0.42:40253|dataStream:|priority:1], old=null
2021-06-07 01:00:57,331 [grpc-default-executor-5] INFO  segmented.SegmentedRaftLogWorker (SegmentedRaftLogWorker.java:startLogSegment(394)) - e1c54329-0f94-4ac4-b921-c08a88020a90@group-9CDF3EC888C5-SegmentedRaftLogWorker: Starting segment from index:0
2021-06-07 01:00:57,332 [grpc-default-executor-5] INFO  server.RaftServer$Division (ServerState.java:setRaftConf(373)) - e1c54329-0f94-4ac4-b921-c08a88020a90@group-9CDF3EC888C5: set configuration 0: [3eee8d88-c0ac-4861-bc75-3c80431b5d11|rpc:10.1.0.42:45455|dataStream:|priority:0, e1c54329-0f94-4ac4-b921-c08a88020a90|rpc:10.1.0.42:42691|dataStream:|priority:0, c2033f43-39b3-4eb3-b9b2-5a70c0c49867|rpc:10.1.0.42:40253|dataStream:|priority:1], old=null
2021-06-07 01:00:57,332 [e1c54329-0f94-4ac4-b921-c08a88020a90@group-9CDF3EC888C5-SegmentedRaftLogWorker] INFO  segmented.SegmentedRaftLogWorker (SegmentedRaftLogWorker.java:execute(601)) - e1c54329-0f94-4ac4-b921-c08a88020a90@group-9CDF3EC888C5-SegmentedRaftLogWorker: created new log segment /home/runner/work/ozone/ozone/mnt/ozone/hadoop-ozone/integration-test/target/test-dir/MiniOzoneClusterImpl-4d691a8a-0502-4280-8005-09cceedbb589/datanode-0/data/ratis/7966a4a9-418d-4bdc-887b-9cdf3ec888c5/current/log_inprogress_0
2021-06-07 01:00:57,346 [grpc-default-executor-5] INFO  server.RaftServer$Division (ServerState.java:setRaftConf(373)) - e1c54329-0f94-4ac4-b921-c08a88020a90@group-9CDF3EC888C5: set configuration 1: [3eee8d88-c0ac-4861-bc75-3c80431b5d11|rpc:10.1.0.42:45455|dataStream:|priority:0, e1c54329-0f94-4ac4-b921-c08a88020a90|rpc:10.1.0.42:42691|dataStream:|priority:0, c2033f43-39b3-4eb3-b9b2-5a70c0c49867|rpc:10.1.0.42:40253|dataStream:|priority:1], old=null
2021-06-07 01:00:57,346 [grpc-default-executor-5] INFO  segmented.SegmentedRaftLogWorker (SegmentedRaftLogWorker.java:rollLogSegment(399)) - e1c54329-0f94-4ac4-b921-c08a88020a90@group-9CDF3EC888C5-SegmentedRaftLogWorker: Rolling segment log-0_0 to index:0
2021-06-07 01:00:57,346 [e1c54329-0f94-4ac4-b921-c08a88020a90@group-9CDF3EC888C5-SegmentedRaftLogWorker] INFO  segmented.SegmentedRaftLogWorker (SegmentedRaftLogWorker.java:execute(558)) - e1c54329-0f94-4ac4-b921-c08a88020a90@group-9CDF3EC888C5-SegmentedRaftLogWorker: Rolled log segment from /home/runner/work/ozone/ozone/mnt/ozone/hadoop-ozone/integration-test/target/test-dir/MiniOzoneClusterImpl-4d691a8a-0502-4280-8005-09cceedbb589/datanode-0/data/ratis/7966a4a9-418d-4bdc-887b-9cdf3ec888c5/current/log_inprogress_0 to /home/runner/work/ozone/ozone/mnt/ozone/hadoop-ozone/integration-test/target/test-dir/MiniOzoneClusterImpl-4d691a8a-0502-4280-8005-09cceedbb589/datanode-0/data/ratis/7966a4a9-418d-4bdc-887b-9cdf3ec888c5/current/log_0-0
2021-06-07 01:00:57,347 [e1c54329-0f94-4ac4-b921-c08a88020a90@group-9CDF3EC888C5-SegmentedRaftLogWorker] INFO  segmented.SegmentedRaftLogWorker (SegmentedRaftLogWorker.java:execute(601)) - e1c54329-0f94-4ac4-b921-c08a88020a90@group-9CDF3EC888C5-SegmentedRaftLogWorker: created new log segment /home/runner/work/ozone/ozone/mnt/ozone/hadoop-ozone/integration-test/target/test-dir/MiniOzoneClusterImpl-4d691a8a-0502-4280-8005-09cceedbb589/datanode-0/data/ratis/7966a4a9-418d-4bdc-887b-9cdf3ec888c5/current/log_inprogress_1
2021-06-07 01:00:57,613 [8d92b5a7-4709-4dab-ba37-cfa7e81d90ef@group-0816AEE1200F-FollowerState] INFO  impl.FollowerState (FollowerState.java:run(134)) - 8d92b5a7-4709-4dab-ba37-cfa7e81d90ef@group-0816AEE1200F-FollowerState: change to CANDIDATE, lastRpcElapsedTime:5066706465ns, electionTimeout:5066ms
2021-06-07 01:00:57,613 [8d92b5a7-4709-4dab-ba37-cfa7e81d90ef@group-0816AEE1200F-FollowerState] INFO  impl.RoleInfo (RoleInfo.java:shutdownFollowerState(108)) - 8d92b5a7-4709-4dab-ba37-cfa7e81d90ef: shutdown 8d92b5a7-4709-4dab-ba37-cfa7e81d90ef@group-0816AEE1200F-FollowerState
2021-06-07 01:00:57,614 [8d92b5a7-4709-4dab-ba37-cfa7e81d90ef@group-0816AEE1200F-FollowerState] INFO  server.RaftServer$Division (RaftServerImpl.java:setRole(284)) - 8d92b5a7-4709-4dab-ba37-cfa7e81d90ef@group-0816AEE1200F: changes role from  FOLLOWER to CANDIDATE at term 3 for changeToCandidate
2021-06-07 01:00:57,614 [8d92b5a7-4709-4dab-ba37-cfa7e81d90ef@group-0816AEE1200F-FollowerState] INFO  server.RaftServerConfigKeys (ConfUtils.java:logGet(44)) - raft.server.leaderelection.pre-vote = false (custom)
2021-06-07 01:00:57,614 [8d92b5a7-4709-4dab-ba37-cfa7e81d90ef@group-0816AEE1200F-FollowerState] INFO  impl.RoleInfo (RoleInfo.java:updateAndGet(130)) - 8d92b5a7-4709-4dab-ba37-cfa7e81d90ef: start 8d92b5a7-4709-4dab-ba37-cfa7e81d90ef@group-0816AEE1200F-LeaderElection51
2021-06-07 01:00:57,617 [8d92b5a7-4709-4dab-ba37-cfa7e81d90ef@group-0816AEE1200F-LeaderElection51] INFO  impl.LeaderElection (LeaderElection.java:askForVotes(306)) - 8d92b5a7-4709-4dab-ba37-cfa7e81d90ef@group-0816AEE1200F-LeaderElection51 ELECTION round 0: submit vote requests at term 4 for -1: [4c0648dc-edb7-46e4-8fb2-cd1978ed42aa|rpc:10.1.0.42:41055|priority:0, 8d92b5a7-4709-4dab-ba37-cfa7e81d90ef|rpc:10.1.0.42:45381|priority:1, 92e97bd9-ad78-40fd-8151-2c7bc5702604|rpc:10.1.0.42:42767|priority:0], old=null
2021-06-07 01:00:57,623 [grpc-default-executor-5] INFO  server.RaftServer$Division (RaftServerImpl.java:requestVote(1042)) - 4c0648dc-edb7-46e4-8fb2-cd1978ed42aa@group-0816AEE1200F: receive requestVote(ELECTION, 8d92b5a7-4709-4dab-ba37-cfa7e81d90ef, group-0816AEE1200F, 4, (t:0, i:0))
2021-06-07 01:00:57,623 [grpc-default-executor-5] INFO  impl.VoteContext (VoteContext.java:log(48)) - 4c0648dc-edb7-46e4-8fb2-cd1978ed42aa@group-0816AEE1200F-FOLLOWER: accept ELECTION from 8d92b5a7-4709-4dab-ba37-cfa7e81d90ef: our priority 0 <= candidate's priority 1
2021-06-07 01:00:57,623 [grpc-default-executor-5] INFO  server.RaftServer$Division (RaftServerImpl.java:setRole(284)) - 4c0648dc-edb7-46e4-8fb2-cd1978ed42aa@group-0816AEE1200F: changes role from  FOLLOWER to FOLLOWER at term 4 for candidate:8d92b5a7-4709-4dab-ba37-cfa7e81d90ef
2021-06-07 01:00:57,624 [grpc-default-executor-5] INFO  impl.RoleInfo (RoleInfo.java:shutdownFollowerState(108)) - 4c0648dc-edb7-46e4-8fb2-cd1978ed42aa: shutdown 4c0648dc-edb7-46e4-8fb2-cd1978ed42aa@group-0816AEE1200F-FollowerState
2021-06-07 01:00:57,624 [grpc-default-executor-5] INFO  impl.RoleInfo (RoleInfo.java:updateAndGet(130)) - 4c0648dc-edb7-46e4-8fb2-cd1978ed42aa: start 4c0648dc-edb7-46e4-8fb2-cd1978ed42aa@group-0816AEE1200F-FollowerState
2021-06-07 01:00:57,625 [4c0648dc-edb7-46e4-8fb2-cd1978ed42aa@group-0816AEE1200F-FollowerState] INFO  impl.FollowerState (FollowerState.java:run(143)) - 4c0648dc-edb7-46e4-8fb2-cd1978ed42aa@group-0816AEE1200F-FollowerState was interrupted: {}
java.lang.InterruptedException: sleep interrupted
	at java.lang.Thread.sleep(Native Method)
	at java.lang.Thread.sleep(Thread.java:340)
	at java.util.concurrent.TimeUnit.sleep(TimeUnit.java:386)
	at org.apache.ratis.util.TimeDuration.sleep(TimeDuration.java:324)
	at org.apache.ratis.util.TimeDuration.sleep(TimeDuration.java:309)
	at org.apache.ratis.server.impl.FollowerState.run(FollowerState.java:118)
2021-06-07 01:00:57,625 [grpc-default-executor-0] INFO  server.RaftServer$Division (RaftServerImpl.java:requestVote(1042)) - 92e97bd9-ad78-40fd-8151-2c7bc5702604@group-0816AEE1200F: receive requestVote(ELECTION, 8d92b5a7-4709-4dab-ba37-cfa7e81d90ef, group-0816AEE1200F, 4, (t:0, i:0))
2021-06-07 01:00:57,625 [grpc-default-executor-0] INFO  impl.VoteContext (VoteContext.java:log(48)) - 92e97bd9-ad78-40fd-8151-2c7bc5702604@group-0816AEE1200F-FOLLOWER: accept ELECTION from 8d92b5a7-4709-4dab-ba37-cfa7e81d90ef: our priority 0 <= candidate's priority 1
2021-06-07 01:00:57,625 [grpc-default-executor-0] INFO  server.RaftServer$Division (RaftServerImpl.java:setRole(284)) - 92e97bd9-ad78-40fd-8151-2c7bc5702604@group-0816AEE1200F: changes role from  FOLLOWER to FOLLOWER at term 4 for candidate:8d92b5a7-4709-4dab-ba37-cfa7e81d90ef
2021-06-07 01:00:57,625 [grpc-default-executor-0] INFO  impl.RoleInfo (RoleInfo.java:shutdownFollowerState(108)) - 92e97bd9-ad78-40fd-8151-2c7bc5702604: shutdown 92e97bd9-ad78-40fd-8151-2c7bc5702604@group-0816AEE1200F-FollowerState
2021-06-07 01:00:57,625 [grpc-default-executor-0] INFO  impl.RoleInfo (RoleInfo.java:updateAndGet(130)) - 92e97bd9-ad78-40fd-8151-2c7bc5702604: start 92e97bd9-ad78-40fd-8151-2c7bc5702604@group-0816AEE1200F-FollowerState
2021-06-07 01:00:57,625 [92e97bd9-ad78-40fd-8151-2c7bc5702604@group-0816AEE1200F-FollowerState] INFO  impl.FollowerState (FollowerState.java:run(143)) - 92e97bd9-ad78-40fd-8151-2c7bc5702604@group-0816AEE1200F-FollowerState was interrupted: {}
java.lang.InterruptedException: sleep interrupted
	at java.lang.Thread.sleep(Native Method)
	at java.lang.Thread.sleep(Thread.java:340)
	at java.util.concurrent.TimeUnit.sleep(TimeUnit.java:386)
	at org.apache.ratis.util.TimeDuration.sleep(TimeDuration.java:324)
	at org.apache.ratis.util.TimeDuration.sleep(TimeDuration.java:309)
	at org.apache.ratis.server.impl.FollowerState.run(FollowerState.java:118)
2021-06-07 01:00:57,632 [grpc-default-executor-5] INFO  server.RaftServer$Division (RaftServerImpl.java:requestVote(1074)) - 4c0648dc-edb7-46e4-8fb2-cd1978ed42aa@group-0816AEE1200F replies to ELECTION vote request: 8d92b5a7-4709-4dab-ba37-cfa7e81d90ef<-4c0648dc-edb7-46e4-8fb2-cd1978ed42aa#0:OK-t4. Peer's state: 4c0648dc-edb7-46e4-8fb2-cd1978ed42aa@group-0816AEE1200F:t4, leader=null, voted=8d92b5a7-4709-4dab-ba37-cfa7e81d90ef, raftlog=4c0648dc-edb7-46e4-8fb2-cd1978ed42aa@group-0816AEE1200F-SegmentedRaftLog:OPENED:c-1,f-1,i0, conf=-1: [4c0648dc-edb7-46e4-8fb2-cd1978ed42aa|rpc:10.1.0.42:41055|dataStream:|priority:0, 8d92b5a7-4709-4dab-ba37-cfa7e81d90ef|rpc:10.1.0.42:45381|dataStream:|priority:1, 92e97bd9-ad78-40fd-8151-2c7bc5702604|rpc:10.1.0.42:42767|dataStream:|priority:0], old=null
2021-06-07 01:00:57,634 [8d92b5a7-4709-4dab-ba37-cfa7e81d90ef@group-0816AEE1200F-LeaderElection51] INFO  impl.LeaderElection (LeaderElection.java:logAndReturn(89)) - 8d92b5a7-4709-4dab-ba37-cfa7e81d90ef@group-0816AEE1200F-LeaderElection51: ELECTION PASSED received 1 response(s) and 0 exception(s):
2021-06-07 01:00:57,634 [8d92b5a7-4709-4dab-ba37-cfa7e81d90ef@group-0816AEE1200F-LeaderElection51] INFO  impl.LeaderElection (LeaderElection.java:logAndReturn(93)) -   Response 0: 8d92b5a7-4709-4dab-ba37-cfa7e81d90ef<-4c0648dc-edb7-46e4-8fb2-cd1978ed42aa#0:OK-t4
2021-06-07 01:00:57,634 [8d92b5a7-4709-4dab-ba37-cfa7e81d90ef@group-0816AEE1200F-LeaderElection51] INFO  impl.LeaderElection (LeaderElection.java:askForVotes(308)) - 8d92b5a7-4709-4dab-ba37-cfa7e81d90ef@group-0816AEE1200F-LeaderElection51 ELECTION round 0: result PASSED
2021-06-07 01:00:57,634 [8d92b5a7-4709-4dab-ba37-cfa7e81d90ef@group-0816AEE1200F-LeaderElection51] INFO  impl.RoleInfo (RoleInfo.java:shutdownLeaderElection(121)) - 8d92b5a7-4709-4dab-ba37-cfa7e81d90ef: shutdown 8d92b5a7-4709-4dab-ba37-cfa7e81d90ef@group-0816AEE1200F-LeaderElection51
2021-06-07 01:00:57,634 [8d92b5a7-4709-4dab-ba37-cfa7e81d90ef@group-0816AEE1200F-LeaderElection51] INFO  server.RaftServer$Division (RaftServerImpl.java:setRole(284)) - 8d92b5a7-4709-4dab-ba37-cfa7e81d90ef@group-0816AEE1200F: changes role from CANDIDATE to LEADER at term 4 for changeToLeader
2021-06-07 01:00:57,634 [8d92b5a7-4709-4dab-ba37-cfa7e81d90ef@group-0816AEE1200F-LeaderElection51] INFO  ratis.XceiverServerRatis (XceiverServerRatis.java:handleLeaderChangedNotification(906)) - Leader change notification received for group: group-0816AEE1200F with new leaderId: 8d92b5a7-4709-4dab-ba37-cfa7e81d90ef
2021-06-07 01:00:57,635 [8d92b5a7-4709-4dab-ba37-cfa7e81d90ef@group-0816AEE1200F-LeaderElection51] INFO  server.RaftServer$Division (ServerState.java:setLeader(271)) - 8d92b5a7-4709-4dab-ba37-cfa7e81d90ef@group-0816AEE1200F: change Leader from null to 8d92b5a7-4709-4dab-ba37-cfa7e81d90ef at term 4 for becomeLeader, leader elected after 20391ms
2021-06-07 01:00:57,635 [8d92b5a7-4709-4dab-ba37-cfa7e81d90ef@group-0816AEE1200F-LeaderElection51] INFO  server.RaftServerConfigKeys (ConfUtils.java:logGet(44)) - raft.server.staging.catchup.gap = 1000 (default)
2021-06-07 01:00:57,635 [8d92b5a7-4709-4dab-ba37-cfa7e81d90ef@group-0816AEE1200F-LeaderElection51] INFO  metrics.RatisMetrics (RatisMetrics.java:lambda$create$0(36)) - Creating Metrics Registry : ratis.log_appender.8d92b5a7-4709-4dab-ba37-cfa7e81d90ef@group-0816AEE1200F
2021-06-07 01:00:57,635 [8d92b5a7-4709-4dab-ba37-cfa7e81d90ef@group-0816AEE1200F-LeaderElection51] INFO  server.RaftServerConfigKeys (ConfUtils.java:logGet(44)) - raft.server.write.element-limit = 1024 (custom)
2021-06-07 01:00:57,635 [8d92b5a7-4709-4dab-ba37-cfa7e81d90ef@group-0816AEE1200F-LeaderElection51] INFO  server.RaftServerConfigKeys (ConfUtils.java:logGet(44)) - raft.server.write.byte-limit = 1073741824 (custom)
2021-06-07 01:00:57,635 [8d92b5a7-4709-4dab-ba37-cfa7e81d90ef@group-0816AEE1200F-LeaderElection51] INFO  server.RaftServerConfigKeys (ConfUtils.java:logGet(44)) - raft.server.watch.timeout = 3000ms (custom)
2021-06-07 01:00:57,635 [8d92b5a7-4709-4dab-ba37-cfa7e81d90ef@group-0816AEE1200F-LeaderElection51] INFO  server.RaftServerConfigKeys (ConfUtils.java:logGet(44)) - raft.server.watch.timeout.denomination = 1s (default)
2021-06-07 01:00:57,635 [8d92b5a7-4709-4dab-ba37-cfa7e81d90ef@group-0816AEE1200F-LeaderElection51] INFO  server.RaftServerConfigKeys (ConfUtils.java:logGet(44)) - raft.server.watch.element-limit = 65536 (default)
2021-06-07 01:00:57,635 [8d92b5a7-4709-4dab-ba37-cfa7e81d90ef@group-0816AEE1200F-LeaderElection51] INFO  server.RaftServerConfigKeys (ConfUtils.java:logGet(44)) - raft.server.log.appender.snapshot.chunk.size.max = 16MB (=16777216) (default)
2021-06-07 01:00:57,636 [8d92b5a7-4709-4dab-ba37-cfa7e81d90ef@group-0816AEE1200F-LeaderElection51] INFO  server.RaftServerConfigKeys (ConfUtils.java:logGet(44)) - raft.server.log.appender.buffer.byte-limit = 33554432 (custom)
2021-06-07 01:00:57,636 [8d92b5a7-4709-4dab-ba37-cfa7e81d90ef@group-0816AEE1200F-LeaderElection51] INFO  server.RaftServerConfigKeys (ConfUtils.java:logGet(44)) - raft.server.log.appender.buffer.element-limit = 1 (custom)
2021-06-07 01:00:57,636 [8d92b5a7-4709-4dab-ba37-cfa7e81d90ef@group-0816AEE1200F-LeaderElection51] INFO  grpc.GrpcConfigKeys (ConfUtils.java:logGet(44)) - raft.grpc.server.leader.outstanding.appends.max = 128 (default)
2021-06-07 01:00:57,636 [8d92b5a7-4709-4dab-ba37-cfa7e81d90ef@group-0816AEE1200F-LeaderElection51] INFO  server.RaftServerConfigKeys (ConfUtils.java:logGet(44)) - raft.server.rpc.request.timeout = 3000ms (default)
2021-06-07 01:00:57,636 [8d92b5a7-4709-4dab-ba37-cfa7e81d90ef@group-0816AEE1200F-LeaderElection51] INFO  server.RaftServerConfigKeys (ConfUtils.java:logGet(44)) - raft.server.log.appender.install.snapshot.enabled = false (custom)
2021-06-07 01:00:57,636 [8d92b5a7-4709-4dab-ba37-cfa7e81d90ef@group-0816AEE1200F-LeaderElection51] INFO  metrics.RatisMetrics (RatisMetrics.java:lambda$create$0(36)) - Creating Metrics Registry : ratis_grpc.log_appender.8d92b5a7-4709-4dab-ba37-cfa7e81d90ef@group-0816AEE1200F
2021-06-07 01:00:57,637 [8d92b5a7-4709-4dab-ba37-cfa7e81d90ef@group-0816AEE1200F-LeaderElection51] INFO  server.RaftServerConfigKeys (ConfUtils.java:logGet(44)) - raft.server.log.appender.snapshot.chunk.size.max = 16MB (=16777216) (default)
2021-06-07 01:00:57,637 [8d92b5a7-4709-4dab-ba37-cfa7e81d90ef@group-0816AEE1200F-LeaderElection51] INFO  server.RaftServerConfigKeys (ConfUtils.java:logGet(44)) - raft.server.log.appender.buffer.byte-limit = 33554432 (custom)
2021-06-07 01:00:57,637 [8d92b5a7-4709-4dab-ba37-cfa7e81d90ef@group-0816AEE1200F-LeaderElection51] INFO  server.RaftServerConfigKeys (ConfUtils.java:logGet(44)) - raft.server.log.appender.buffer.element-limit = 1 (custom)
2021-06-07 01:00:57,637 [8d92b5a7-4709-4dab-ba37-cfa7e81d90ef@group-0816AEE1200F-LeaderElection51] INFO  grpc.GrpcConfigKeys (ConfUtils.java:logGet(44)) - raft.grpc.server.leader.outstanding.appends.max = 128 (default)
2021-06-07 01:00:57,637 [8d92b5a7-4709-4dab-ba37-cfa7e81d90ef@group-0816AEE1200F-LeaderElection51] INFO  server.RaftServerConfigKeys (ConfUtils.java:logGet(44)) - raft.server.rpc.request.timeout = 3000ms (default)
2021-06-07 01:00:57,637 [8d92b5a7-4709-4dab-ba37-cfa7e81d90ef@group-0816AEE1200F-LeaderElection51] INFO  server.RaftServerConfigKeys (ConfUtils.java:logGet(44)) - raft.server.log.appender.install.snapshot.enabled = false (custom)
2021-06-07 01:00:57,638 [8d92b5a7-4709-4dab-ba37-cfa7e81d90ef@group-0816AEE1200F-LeaderElection51] INFO  impl.RoleInfo (RoleInfo.java:updateAndGet(130)) - 8d92b5a7-4709-4dab-ba37-cfa7e81d90ef: start 8d92b5a7-4709-4dab-ba37-cfa7e81d90ef@group-0816AEE1200F-LeaderStateImpl
2021-06-07 01:00:57,638 [8d92b5a7-4709-4dab-ba37-cfa7e81d90ef@group-0816AEE1200F-LeaderElection51] INFO  segmented.SegmentedRaftLogWorker (SegmentedRaftLogWorker.java:startLogSegment(394)) - 8d92b5a7-4709-4dab-ba37-cfa7e81d90ef@group-0816AEE1200F-SegmentedRaftLogWorker: Starting segment from index:0
2021-06-07 01:00:57,638 [EventQueue-PipelineReportForPipelineReportHandler] INFO  pipeline.PipelineManagerV2Impl (PipelineManagerV2Impl.java:openPipeline(270)) - Pipeline Pipeline[ Id: 93fb3b92-65a4-4a48-9dd3-0816aee1200f, Nodes: 8d92b5a7-4709-4dab-ba37-cfa7e81d90ef{ip: 10.1.0.42, host: fv-az291-903.wgnan5asplgejimfprtllbpdch.jx.internal.cloudapp.net, ports: [REPLICATION=34763, RATIS=45381, RATIS_ADMIN=45381, RATIS_SERVER=45381, STANDALONE=43891], networkLocation: /default-rack, certSerialId: null, persistedOpState: IN_SERVICE, persistedOpStateExpiryEpochSec: 0}92e97bd9-ad78-40fd-8151-2c7bc5702604{ip: 10.1.0.42, host: fv-az291-903.wgnan5asplgejimfprtllbpdch.jx.internal.cloudapp.net, ports: [REPLICATION=46407, RATIS=42767, RATIS_ADMIN=42767, RATIS_SERVER=42767, STANDALONE=39155], networkLocation: /default-rack, certSerialId: null, persistedOpState: IN_SERVICE, persistedOpStateExpiryEpochSec: 0}4c0648dc-edb7-46e4-8fb2-cd1978ed42aa{ip: 10.1.0.42, host: fv-az291-903.wgnan5asplgejimfprtllbpdch.jx.internal.cloudapp.net, ports: [REPLICATION=40025, RATIS=41055, RATIS_ADMIN=41055, RATIS_SERVER=41055, STANDALONE=32829], networkLocation: /default-rack, certSerialId: null, persistedOpState: IN_SERVICE, persistedOpStateExpiryEpochSec: 0}, ReplicationConfig: RATIS/THREE, State:ALLOCATED, leaderId:8d92b5a7-4709-4dab-ba37-cfa7e81d90ef, CreationTimestamp2021-06-07T01:00:34.420Z] moved to OPEN state
2021-06-07 01:00:57,639 [grpc-default-executor-0] INFO  server.RaftServer$Division (RaftServerImpl.java:requestVote(1074)) - 92e97bd9-ad78-40fd-8151-2c7bc5702604@group-0816AEE1200F replies to ELECTION vote request: 8d92b5a7-4709-4dab-ba37-cfa7e81d90ef<-92e97bd9-ad78-40fd-8151-2c7bc5702604#0:OK-t4. Peer's state: 92e97bd9-ad78-40fd-8151-2c7bc5702604@group-0816AEE1200F:t4, leader=null, voted=8d92b5a7-4709-4dab-ba37-cfa7e81d90ef, raftlog=92e97bd9-ad78-40fd-8151-2c7bc5702604@group-0816AEE1200F-SegmentedRaftLog:OPENED:c-1,f-1,i0, conf=-1: [4c0648dc-edb7-46e4-8fb2-cd1978ed42aa|rpc:10.1.0.42:41055|dataStream:|priority:0, 8d92b5a7-4709-4dab-ba37-cfa7e81d90ef|rpc:10.1.0.42:45381|dataStream:|priority:1, 92e97bd9-ad78-40fd-8151-2c7bc5702604|rpc:10.1.0.42:42767|dataStream:|priority:0], old=null
2021-06-07 01:00:57,640 [8d92b5a7-4709-4dab-ba37-cfa7e81d90ef@group-0816AEE1200F-SegmentedRaftLogWorker] INFO  segmented.SegmentedRaftLogWorker (SegmentedRaftLogWorker.java:execute(601)) - 8d92b5a7-4709-4dab-ba37-cfa7e81d90ef@group-0816AEE1200F-SegmentedRaftLogWorker: created new log segment /home/runner/work/ozone/ozone/mnt/ozone/hadoop-ozone/integration-test/target/test-dir/MiniOzoneClusterImpl-4d691a8a-0502-4280-8005-09cceedbb589/datanode-3/data/ratis/93fb3b92-65a4-4a48-9dd3-0816aee1200f/current/log_inprogress_0
2021-06-07 01:00:57,643 [8d92b5a7-4709-4dab-ba37-cfa7e81d90ef@group-0816AEE1200F-LeaderElection51] INFO  server.RaftServer$Division (ServerState.java:setRaftConf(373)) - 8d92b5a7-4709-4dab-ba37-cfa7e81d90ef@group-0816AEE1200F: set configuration 0: [4c0648dc-edb7-46e4-8fb2-cd1978ed42aa|rpc:10.1.0.42:41055|dataStream:|priority:0, 8d92b5a7-4709-4dab-ba37-cfa7e81d90ef|rpc:10.1.0.42:45381|dataStream:|priority:1, 92e97bd9-ad78-40fd-8151-2c7bc5702604|rpc:10.1.0.42:42767|dataStream:|priority:0], old=null
2021-06-07 01:00:57,648 [grpc-default-executor-5] INFO  ratis.XceiverServerRatis (XceiverServerRatis.java:handleLeaderChangedNotification(906)) - Leader change notification received for group: group-0816AEE1200F with new leaderId: 8d92b5a7-4709-4dab-ba37-cfa7e81d90ef
2021-06-07 01:00:57,648 [grpc-default-executor-5] INFO  server.RaftServer$Division (ServerState.java:setLeader(271)) - 4c0648dc-edb7-46e4-8fb2-cd1978ed42aa@group-0816AEE1200F: change Leader from null to 8d92b5a7-4709-4dab-ba37-cfa7e81d90ef at term 4 for appendEntries, leader elected after 20356ms
2021-06-07 01:00:57,653 [grpc-default-executor-5] INFO  server.RaftServer$Division (ServerState.java:setRaftConf(373)) - 4c0648dc-edb7-46e4-8fb2-cd1978ed42aa@group-0816AEE1200F: set configuration 0: [4c0648dc-edb7-46e4-8fb2-cd1978ed42aa|rpc:10.1.0.42:41055|dataStream:|priority:0, 8d92b5a7-4709-4dab-ba37-cfa7e81d90ef|rpc:10.1.0.42:45381|dataStream:|priority:1, 92e97bd9-ad78-40fd-8151-2c7bc5702604|rpc:10.1.0.42:42767|dataStream:|priority:0], old=null
2021-06-07 01:00:57,653 [grpc-default-executor-5] INFO  segmented.SegmentedRaftLogWorker (SegmentedRaftLogWorker.java:startLogSegment(394)) - 4c0648dc-edb7-46e4-8fb2-cd1978ed42aa@group-0816AEE1200F-SegmentedRaftLogWorker: Starting segment from index:0
2021-06-07 01:00:57,655 [4c0648dc-edb7-46e4-8fb2-cd1978ed42aa@group-0816AEE1200F-SegmentedRaftLogWorker] INFO  segmented.SegmentedRaftLogWorker (SegmentedRaftLogWorker.java:execute(601)) - 4c0648dc-edb7-46e4-8fb2-cd1978ed42aa@group-0816AEE1200F-SegmentedRaftLogWorker: created new log segment /home/runner/work/ozone/ozone/mnt/ozone/hadoop-ozone/integration-test/target/test-dir/MiniOzoneClusterImpl-4d691a8a-0502-4280-8005-09cceedbb589/datanode-4/data/ratis/93fb3b92-65a4-4a48-9dd3-0816aee1200f/current/log_inprogress_0
2021-06-07 01:00:57,655 [grpc-default-executor-3] INFO  ratis.XceiverServerRatis (XceiverServerRatis.java:handleLeaderChangedNotification(906)) - Leader change notification received for group: group-0816AEE1200F with new leaderId: 8d92b5a7-4709-4dab-ba37-cfa7e81d90ef
2021-06-07 01:00:57,655 [grpc-default-executor-3] INFO  server.RaftServer$Division (ServerState.java:setLeader(271)) - 92e97bd9-ad78-40fd-8151-2c7bc5702604@group-0816AEE1200F: change Leader from null to 8d92b5a7-4709-4dab-ba37-cfa7e81d90ef at term 4 for appendEntries, leader elected after 20385ms
2021-06-07 01:00:57,662 [grpc-default-executor-3] INFO  server.RaftServer$Division (ServerState.java:setRaftConf(373)) - 92e97bd9-ad78-40fd-8151-2c7bc5702604@group-0816AEE1200F: set configuration 0: [4c0648dc-edb7-46e4-8fb2-cd1978ed42aa|rpc:10.1.0.42:41055|dataStream:|priority:0, 8d92b5a7-4709-4dab-ba37-cfa7e81d90ef|rpc:10.1.0.42:45381|dataStream:|priority:1, 92e97bd9-ad78-40fd-8151-2c7bc5702604|rpc:10.1.0.42:42767|dataStream:|priority:0], old=null
2021-06-07 01:00:57,663 [grpc-default-executor-3] INFO  segmented.SegmentedRaftLogWorker (SegmentedRaftLogWorker.java:startLogSegment(394)) - 92e97bd9-ad78-40fd-8151-2c7bc5702604@group-0816AEE1200F-SegmentedRaftLogWorker: Starting segment from index:0
2021-06-07 01:00:57,664 [92e97bd9-ad78-40fd-8151-2c7bc5702604@group-0816AEE1200F-SegmentedRaftLogWorker] INFO  segmented.SegmentedRaftLogWorker (SegmentedRaftLogWorker.java:execute(601)) - 92e97bd9-ad78-40fd-8151-2c7bc5702604@group-0816AEE1200F-SegmentedRaftLogWorker: created new log segment /home/runner/work/ozone/ozone/mnt/ozone/hadoop-ozone/integration-test/target/test-dir/MiniOzoneClusterImpl-4d691a8a-0502-4280-8005-09cceedbb589/datanode-5/data/ratis/93fb3b92-65a4-4a48-9dd3-0816aee1200f/current/log_inprogress_0
2021-06-07 01:00:57,937 [0cacaae5-2f1d-4021-a1c8-b7d3ead785ca@group-1BD4F35D16EE-FollowerState] INFO  impl.FollowerState (FollowerState.java:run(134)) - 0cacaae5-2f1d-4021-a1c8-b7d3ead785ca@group-1BD4F35D16EE-FollowerState: change to CANDIDATE, lastRpcElapsedTime:5008129249ns, electionTimeout:5007ms
2021-06-07 01:00:57,938 [0cacaae5-2f1d-4021-a1c8-b7d3ead785ca@group-1BD4F35D16EE-FollowerState] INFO  impl.RoleInfo (RoleInfo.java:shutdownFollowerState(108)) - 0cacaae5-2f1d-4021-a1c8-b7d3ead785ca: shutdown 0cacaae5-2f1d-4021-a1c8-b7d3ead785ca@group-1BD4F35D16EE-FollowerState
2021-06-07 01:00:57,938 [0cacaae5-2f1d-4021-a1c8-b7d3ead785ca@group-1BD4F35D16EE-FollowerState] INFO  server.RaftServer$Division (RaftServerImpl.java:setRole(284)) - 0cacaae5-2f1d-4021-a1c8-b7d3ead785ca@group-1BD4F35D16EE: changes role from  FOLLOWER to CANDIDATE at term 3 for changeToCandidate
2021-06-07 01:00:57,938 [0cacaae5-2f1d-4021-a1c8-b7d3ead785ca@group-1BD4F35D16EE-FollowerState] INFO  server.RaftServerConfigKeys (ConfUtils.java:logGet(44)) - raft.server.leaderelection.pre-vote = false (custom)
2021-06-07 01:00:57,938 [0cacaae5-2f1d-4021-a1c8-b7d3ead785ca@group-1BD4F35D16EE-FollowerState] INFO  impl.RoleInfo (RoleInfo.java:updateAndGet(130)) - 0cacaae5-2f1d-4021-a1c8-b7d3ead785ca: start 0cacaae5-2f1d-4021-a1c8-b7d3ead785ca@group-1BD4F35D16EE-LeaderElection52
2021-06-07 01:00:57,940 [0cacaae5-2f1d-4021-a1c8-b7d3ead785ca@group-1BD4F35D16EE-LeaderElection52] INFO  impl.LeaderElection (LeaderElection.java:askForVotes(306)) - 0cacaae5-2f1d-4021-a1c8-b7d3ead785ca@group-1BD4F35D16EE-LeaderElection52 ELECTION round 0: submit vote requests at term 4 for -1: [037b306d-55e4-4cae-90bd-e43eb14a37fd|rpc:10.1.0.42:42733|dataStream:|priority:0, 0cacaae5-2f1d-4021-a1c8-b7d3ead785ca|rpc:10.1.0.42:39691|dataStream:|priority:1, b8685ee4-5ca3-4a9e-9d6c-fdbcd092b49e|rpc:10.1.0.42:46205|dataStream:|priority:0], old=null
2021-06-07 01:00:57,945 [grpc-default-executor-3] INFO  server.RaftServer$Division (RaftServerImpl.java:requestVote(1042)) - 037b306d-55e4-4cae-90bd-e43eb14a37fd@group-1BD4F35D16EE: receive requestVote(ELECTION, 0cacaae5-2f1d-4021-a1c8-b7d3ead785ca, group-1BD4F35D16EE, 4, (t:0, i:0))
2021-06-07 01:00:57,945 [grpc-default-executor-3] INFO  impl.VoteContext (VoteContext.java:log(48)) - 037b306d-55e4-4cae-90bd-e43eb14a37fd@group-1BD4F35D16EE-FOLLOWER: accept ELECTION from 0cacaae5-2f1d-4021-a1c8-b7d3ead785ca: our priority 0 <= candidate's priority 1
2021-06-07 01:00:57,945 [grpc-default-executor-3] INFO  server.RaftServer$Division (RaftServerImpl.java:setRole(284)) - 037b306d-55e4-4cae-90bd-e43eb14a37fd@group-1BD4F35D16EE: changes role from  FOLLOWER to FOLLOWER at term 4 for candidate:0cacaae5-2f1d-4021-a1c8-b7d3ead785ca
2021-06-07 01:00:57,945 [grpc-default-executor-3] INFO  impl.RoleInfo (RoleInfo.java:shutdownFollowerState(108)) - 037b306d-55e4-4cae-90bd-e43eb14a37fd: shutdown 037b306d-55e4-4cae-90bd-e43eb14a37fd@group-1BD4F35D16EE-FollowerState
2021-06-07 01:00:57,945 [grpc-default-executor-3] INFO  impl.RoleInfo (RoleInfo.java:updateAndGet(130)) - 037b306d-55e4-4cae-90bd-e43eb14a37fd: start 037b306d-55e4-4cae-90bd-e43eb14a37fd@group-1BD4F35D16EE-FollowerState
2021-06-07 01:00:57,945 [037b306d-55e4-4cae-90bd-e43eb14a37fd@group-1BD4F35D16EE-FollowerState] INFO  impl.FollowerState (FollowerState.java:run(143)) - 037b306d-55e4-4cae-90bd-e43eb14a37fd@group-1BD4F35D16EE-FollowerState was interrupted: {}
java.lang.InterruptedException: sleep interrupted
	at java.lang.Thread.sleep(Native Method)
	at java.lang.Thread.sleep(Thread.java:340)
	at java.util.concurrent.TimeUnit.sleep(TimeUnit.java:386)
	at org.apache.ratis.util.TimeDuration.sleep(TimeDuration.java:324)
	at org.apache.ratis.util.TimeDuration.sleep(TimeDuration.java:309)
	at org.apache.ratis.server.impl.FollowerState.run(FollowerState.java:118)
2021-06-07 01:00:57,946 [grpc-default-executor-3] INFO  server.RaftServer$Division (RaftServerImpl.java:requestVote(1074)) - 037b306d-55e4-4cae-90bd-e43eb14a37fd@group-1BD4F35D16EE replies to ELECTION vote request: 0cacaae5-2f1d-4021-a1c8-b7d3ead785ca<-037b306d-55e4-4cae-90bd-e43eb14a37fd#0:OK-t4. Peer's state: 037b306d-55e4-4cae-90bd-e43eb14a37fd@group-1BD4F35D16EE:t4, leader=null, voted=0cacaae5-2f1d-4021-a1c8-b7d3ead785ca, raftlog=037b306d-55e4-4cae-90bd-e43eb14a37fd@group-1BD4F35D16EE-SegmentedRaftLog:OPENED:c-1,f-1,i0, conf=-1: [037b306d-55e4-4cae-90bd-e43eb14a37fd|rpc:10.1.0.42:42733|priority:0, 0cacaae5-2f1d-4021-a1c8-b7d3ead785ca|rpc:10.1.0.42:39691|priority:1, b8685ee4-5ca3-4a9e-9d6c-fdbcd092b49e|rpc:10.1.0.42:46205|priority:0], old=null
2021-06-07 01:00:57,948 [0cacaae5-2f1d-4021-a1c8-b7d3ead785ca@group-1BD4F35D16EE-LeaderElection52] INFO  impl.LeaderElection (LeaderElection.java:logAndReturn(89)) - 0cacaae5-2f1d-4021-a1c8-b7d3ead785ca@group-1BD4F35D16EE-LeaderElection52: ELECTION PASSED received 1 response(s) and 0 exception(s):
2021-06-07 01:00:57,949 [0cacaae5-2f1d-4021-a1c8-b7d3ead785ca@group-1BD4F35D16EE-LeaderElection52] INFO  impl.LeaderElection (LeaderElection.java:logAndReturn(93)) -   Response 0: 0cacaae5-2f1d-4021-a1c8-b7d3ead785ca<-037b306d-55e4-4cae-90bd-e43eb14a37fd#0:OK-t4
2021-06-07 01:00:57,949 [0cacaae5-2f1d-4021-a1c8-b7d3ead785ca@group-1BD4F35D16EE-LeaderElection52] INFO  impl.LeaderElection (LeaderElection.java:askForVotes(308)) - 0cacaae5-2f1d-4021-a1c8-b7d3ead785ca@group-1BD4F35D16EE-LeaderElection52 ELECTION round 0: result PASSED
2021-06-07 01:00:57,949 [0cacaae5-2f1d-4021-a1c8-b7d3ead785ca@group-1BD4F35D16EE-LeaderElection52] INFO  impl.RoleInfo (RoleInfo.java:shutdownLeaderElection(121)) - 0cacaae5-2f1d-4021-a1c8-b7d3ead785ca: shutdown 0cacaae5-2f1d-4021-a1c8-b7d3ead785ca@group-1BD4F35D16EE-LeaderElection52
2021-06-07 01:00:57,949 [0cacaae5-2f1d-4021-a1c8-b7d3ead785ca@group-1BD4F35D16EE-LeaderElection52] INFO  server.RaftServer$Division (RaftServerImpl.java:setRole(284)) - 0cacaae5-2f1d-4021-a1c8-b7d3ead785ca@group-1BD4F35D16EE: changes role from CANDIDATE to LEADER at term 4 for changeToLeader
2021-06-07 01:00:57,949 [grpc-default-executor-3] INFO  server.RaftServer$Division (RaftServerImpl.java:requestVote(1042)) - b8685ee4-5ca3-4a9e-9d6c-fdbcd092b49e@group-1BD4F35D16EE: receive requestVote(ELECTION, 0cacaae5-2f1d-4021-a1c8-b7d3ead785ca, group-1BD4F35D16EE, 4, (t:0, i:0))
2021-06-07 01:00:57,949 [0cacaae5-2f1d-4021-a1c8-b7d3ead785ca@group-1BD4F35D16EE-LeaderElection52] INFO  ratis.XceiverServerRatis (XceiverServerRatis.java:handleLeaderChangedNotification(906)) - Leader change notification received for group: group-1BD4F35D16EE with new leaderId: 0cacaae5-2f1d-4021-a1c8-b7d3ead785ca
2021-06-07 01:00:57,949 [grpc-default-executor-3] INFO  impl.VoteContext (VoteContext.java:log(48)) - b8685ee4-5ca3-4a9e-9d6c-fdbcd092b49e@group-1BD4F35D16EE-FOLLOWER: accept ELECTION from 0cacaae5-2f1d-4021-a1c8-b7d3ead785ca: our priority 0 <= candidate's priority 1
2021-06-07 01:00:57,949 [0cacaae5-2f1d-4021-a1c8-b7d3ead785ca@group-1BD4F35D16EE-LeaderElection52] INFO  server.RaftServer$Division (ServerState.java:setLeader(271)) - 0cacaae5-2f1d-4021-a1c8-b7d3ead785ca@group-1BD4F35D16EE: change Leader from null to 0cacaae5-2f1d-4021-a1c8-b7d3ead785ca at term 4 for becomeLeader, leader elected after 20358ms
2021-06-07 01:00:57,949 [grpc-default-executor-3] INFO  server.RaftServer$Division (RaftServerImpl.java:setRole(284)) - b8685ee4-5ca3-4a9e-9d6c-fdbcd092b49e@group-1BD4F35D16EE: changes role from  FOLLOWER to FOLLOWER at term 4 for candidate:0cacaae5-2f1d-4021-a1c8-b7d3ead785ca
2021-06-07 01:00:57,949 [0cacaae5-2f1d-4021-a1c8-b7d3ead785ca@group-1BD4F35D16EE-LeaderElection52] INFO  server.RaftServerConfigKeys (ConfUtils.java:logGet(44)) - raft.server.staging.catchup.gap = 1000 (default)
2021-06-07 01:00:57,949 [0cacaae5-2f1d-4021-a1c8-b7d3ead785ca@group-1BD4F35D16EE-LeaderElection52] INFO  metrics.RatisMetrics (RatisMetrics.java:lambda$create$0(36)) - Creating Metrics Registry : ratis.log_appender.0cacaae5-2f1d-4021-a1c8-b7d3ead785ca@group-1BD4F35D16EE
2021-06-07 01:00:57,949 [0cacaae5-2f1d-4021-a1c8-b7d3ead785ca@group-1BD4F35D16EE-LeaderElection52] INFO  server.RaftServerConfigKeys (ConfUtils.java:logGet(44)) - raft.server.write.element-limit = 1024 (custom)
2021-06-07 01:00:57,949 [0cacaae5-2f1d-4021-a1c8-b7d3ead785ca@group-1BD4F35D16EE-LeaderElection52] INFO  server.RaftServerConfigKeys (ConfUtils.java:logGet(44)) - raft.server.write.byte-limit = 1073741824 (custom)
2021-06-07 01:00:57,949 [grpc-default-executor-3] INFO  impl.RoleInfo (RoleInfo.java:shutdownFollowerState(108)) - b8685ee4-5ca3-4a9e-9d6c-fdbcd092b49e: shutdown b8685ee4-5ca3-4a9e-9d6c-fdbcd092b49e@group-1BD4F35D16EE-FollowerState
2021-06-07 01:00:57,949 [grpc-default-executor-3] INFO  impl.RoleInfo (RoleInfo.java:updateAndGet(130)) - b8685ee4-5ca3-4a9e-9d6c-fdbcd092b49e: start b8685ee4-5ca3-4a9e-9d6c-fdbcd092b49e@group-1BD4F35D16EE-FollowerState
2021-06-07 01:00:57,950 [0cacaae5-2f1d-4021-a1c8-b7d3ead785ca@group-1BD4F35D16EE-LeaderElection52] INFO  server.RaftServerConfigKeys (ConfUtils.java:logGet(44)) - raft.server.watch.timeout = 3000ms (custom)
2021-06-07 01:00:57,950 [0cacaae5-2f1d-4021-a1c8-b7d3ead785ca@group-1BD4F35D16EE-LeaderElection52] INFO  server.RaftServerConfigKeys (ConfUtils.java:logGet(44)) - raft.server.watch.timeout.denomination = 1s (default)
2021-06-07 01:00:57,950 [0cacaae5-2f1d-4021-a1c8-b7d3ead785ca@group-1BD4F35D16EE-LeaderElection52] INFO  server.RaftServerConfigKeys (ConfUtils.java:logGet(44)) - raft.server.watch.element-limit = 65536 (default)
2021-06-07 01:00:57,950 [0cacaae5-2f1d-4021-a1c8-b7d3ead785ca@group-1BD4F35D16EE-LeaderElection52] INFO  server.RaftServerConfigKeys (ConfUtils.java:logGet(44)) - raft.server.log.appender.snapshot.chunk.size.max = 16MB (=16777216) (default)
2021-06-07 01:00:57,950 [0cacaae5-2f1d-4021-a1c8-b7d3ead785ca@group-1BD4F35D16EE-LeaderElection52] INFO  server.RaftServerConfigKeys (ConfUtils.java:logGet(44)) - raft.server.log.appender.buffer.byte-limit = 33554432 (custom)
2021-06-07 01:00:57,950 [0cacaae5-2f1d-4021-a1c8-b7d3ead785ca@group-1BD4F35D16EE-LeaderElection52] INFO  server.RaftServerConfigKeys (ConfUtils.java:logGet(44)) - raft.server.log.appender.buffer.element-limit = 1 (custom)
2021-06-07 01:00:57,950 [b8685ee4-5ca3-4a9e-9d6c-fdbcd092b49e@group-1BD4F35D16EE-FollowerState] INFO  impl.FollowerState (FollowerState.java:run(143)) - b8685ee4-5ca3-4a9e-9d6c-fdbcd092b49e@group-1BD4F35D16EE-FollowerState was interrupted: {}
java.lang.InterruptedException: sleep interrupted
	at java.lang.Thread.sleep(Native Method)
	at java.lang.Thread.sleep(Thread.java:340)
	at java.util.concurrent.TimeUnit.sleep(TimeUnit.java:386)
	at org.apache.ratis.util.TimeDuration.sleep(TimeDuration.java:324)
	at org.apache.ratis.util.TimeDuration.sleep(TimeDuration.java:309)
	at org.apache.ratis.server.impl.FollowerState.run(FollowerState.java:118)
2021-06-07 01:00:57,950 [0cacaae5-2f1d-4021-a1c8-b7d3ead785ca@group-1BD4F35D16EE-LeaderElection52] INFO  grpc.GrpcConfigKeys (ConfUtils.java:logGet(44)) - raft.grpc.server.leader.outstanding.appends.max = 128 (default)
2021-06-07 01:00:57,950 [0cacaae5-2f1d-4021-a1c8-b7d3ead785ca@group-1BD4F35D16EE-LeaderElection52] INFO  server.RaftServerConfigKeys (ConfUtils.java:logGet(44)) - raft.server.rpc.request.timeout = 3000ms (default)
2021-06-07 01:00:57,951 [0cacaae5-2f1d-4021-a1c8-b7d3ead785ca@group-1BD4F35D16EE-LeaderElection52] INFO  server.RaftServerConfigKeys (ConfUtils.java:logGet(44)) - raft.server.log.appender.install.snapshot.enabled = false (custom)
2021-06-07 01:00:57,951 [0cacaae5-2f1d-4021-a1c8-b7d3ead785ca@group-1BD4F35D16EE-LeaderElection52] INFO  metrics.RatisMetrics (RatisMetrics.java:lambda$create$0(36)) - Creating Metrics Registry : ratis_grpc.log_appender.0cacaae5-2f1d-4021-a1c8-b7d3ead785ca@group-1BD4F35D16EE
2021-06-07 01:00:57,952 [0cacaae5-2f1d-4021-a1c8-b7d3ead785ca@group-1BD4F35D16EE-LeaderElection52] INFO  server.RaftServerConfigKeys (ConfUtils.java:logGet(44)) - raft.server.log.appender.snapshot.chunk.size.max = 16MB (=16777216) (default)
2021-06-07 01:00:57,952 [0cacaae5-2f1d-4021-a1c8-b7d3ead785ca@group-1BD4F35D16EE-LeaderElection52] INFO  server.RaftServerConfigKeys (ConfUtils.java:logGet(44)) - raft.server.log.appender.buffer.byte-limit = 33554432 (custom)
2021-06-07 01:00:57,952 [0cacaae5-2f1d-4021-a1c8-b7d3ead785ca@group-1BD4F35D16EE-LeaderElection52] INFO  server.RaftServerConfigKeys (ConfUtils.java:logGet(44)) - raft.server.log.appender.buffer.element-limit = 1 (custom)
2021-06-07 01:00:57,952 [0cacaae5-2f1d-4021-a1c8-b7d3ead785ca@group-1BD4F35D16EE-LeaderElection52] INFO  grpc.GrpcConfigKeys (ConfUtils.java:logGet(44)) - raft.grpc.server.leader.outstanding.appends.max = 128 (default)
2021-06-07 01:00:57,952 [0cacaae5-2f1d-4021-a1c8-b7d3ead785ca@group-1BD4F35D16EE-LeaderElection52] INFO  server.RaftServerConfigKeys (ConfUtils.java:logGet(44)) - raft.server.rpc.request.timeout = 3000ms (default)
2021-06-07 01:00:57,952 [0cacaae5-2f1d-4021-a1c8-b7d3ead785ca@group-1BD4F35D16EE-LeaderElection52] INFO  server.RaftServerConfigKeys (ConfUtils.java:logGet(44)) - raft.server.log.appender.install.snapshot.enabled = false (custom)
2021-06-07 01:00:57,953 [0cacaae5-2f1d-4021-a1c8-b7d3ead785ca@group-1BD4F35D16EE-LeaderElection52] INFO  impl.RoleInfo (RoleInfo.java:updateAndGet(130)) - 0cacaae5-2f1d-4021-a1c8-b7d3ead785ca: start 0cacaae5-2f1d-4021-a1c8-b7d3ead785ca@group-1BD4F35D16EE-LeaderStateImpl
2021-06-07 01:00:57,953 [0cacaae5-2f1d-4021-a1c8-b7d3ead785ca@group-1BD4F35D16EE-LeaderElection52] INFO  segmented.SegmentedRaftLogWorker (SegmentedRaftLogWorker.java:startLogSegment(394)) - 0cacaae5-2f1d-4021-a1c8-b7d3ead785ca@group-1BD4F35D16EE-SegmentedRaftLogWorker: Starting segment from index:0
2021-06-07 01:00:57,953 [EventQueue-PipelineReportForPipelineReportHandler] INFO  pipeline.PipelineManagerV2Impl (PipelineManagerV2Impl.java:openPipeline(270)) - Pipeline Pipeline[ Id: d58ec0e1-1309-4d1c-973f-1bd4f35d16ee, Nodes: 037b306d-55e4-4cae-90bd-e43eb14a37fd{ip: 10.1.0.42, host: fv-az291-903.wgnan5asplgejimfprtllbpdch.jx.internal.cloudapp.net, ports: [REPLICATION=40843, RATIS=42733, RATIS_ADMIN=42733, RATIS_SERVER=42733, STANDALONE=42791], networkLocation: /default-rack, certSerialId: null, persistedOpState: IN_SERVICE, persistedOpStateExpiryEpochSec: 0}0cacaae5-2f1d-4021-a1c8-b7d3ead785ca{ip: 10.1.0.42, host: fv-az291-903.wgnan5asplgejimfprtllbpdch.jx.internal.cloudapp.net, ports: [REPLICATION=33253, RATIS=39691, RATIS_ADMIN=39691, RATIS_SERVER=39691, STANDALONE=46773], networkLocation: /default-rack, certSerialId: null, persistedOpState: IN_SERVICE, persistedOpStateExpiryEpochSec: 0}b8685ee4-5ca3-4a9e-9d6c-fdbcd092b49e{ip: 10.1.0.42, host: fv-az291-903.wgnan5asplgejimfprtllbpdch.jx.internal.cloudapp.net, ports: [REPLICATION=38791, RATIS=46205, RATIS_ADMIN=46205, RATIS_SERVER=46205, STANDALONE=35493], networkLocation: /default-rack, certSerialId: null, persistedOpState: IN_SERVICE, persistedOpStateExpiryEpochSec: 0}, ReplicationConfig: RATIS/THREE, State:ALLOCATED, leaderId:0cacaae5-2f1d-4021-a1c8-b7d3ead785ca, CreationTimestamp2021-06-07T01:00:34.751Z] moved to OPEN state
2021-06-07 01:00:57,955 [grpc-default-executor-3] INFO  server.RaftServer$Division (RaftServerImpl.java:requestVote(1074)) - b8685ee4-5ca3-4a9e-9d6c-fdbcd092b49e@group-1BD4F35D16EE replies to ELECTION vote request: 0cacaae5-2f1d-4021-a1c8-b7d3ead785ca<-b8685ee4-5ca3-4a9e-9d6c-fdbcd092b49e#0:OK-t4. Peer's state: b8685ee4-5ca3-4a9e-9d6c-fdbcd092b49e@group-1BD4F35D16EE:t4, leader=null, voted=0cacaae5-2f1d-4021-a1c8-b7d3ead785ca, raftlog=b8685ee4-5ca3-4a9e-9d6c-fdbcd092b49e@group-1BD4F35D16EE-SegmentedRaftLog:OPENED:c-1,f-1,i0, conf=-1: [037b306d-55e4-4cae-90bd-e43eb14a37fd|rpc:10.1.0.42:42733|dataStream:|priority:0, 0cacaae5-2f1d-4021-a1c8-b7d3ead785ca|rpc:10.1.0.42:39691|dataStream:|priority:1, b8685ee4-5ca3-4a9e-9d6c-fdbcd092b49e|rpc:10.1.0.42:46205|dataStream:|priority:0], old=null
2021-06-07 01:00:57,955 [0cacaae5-2f1d-4021-a1c8-b7d3ead785ca@group-1BD4F35D16EE-SegmentedRaftLogWorker] INFO  segmented.SegmentedRaftLogWorker (SegmentedRaftLogWorker.java:execute(601)) - 0cacaae5-2f1d-4021-a1c8-b7d3ead785ca@group-1BD4F35D16EE-SegmentedRaftLogWorker: created new log segment /home/runner/work/ozone/ozone/mnt/ozone/hadoop-ozone/integration-test/target/test-dir/MiniOzoneClusterImpl-4d691a8a-0502-4280-8005-09cceedbb589/datanode-8/data/ratis/d58ec0e1-1309-4d1c-973f-1bd4f35d16ee/current/log_inprogress_0
2021-06-07 01:00:57,962 [grpc-default-executor-3] INFO  ratis.XceiverServerRatis (XceiverServerRatis.java:handleLeaderChangedNotification(906)) - Leader change notification received for group: group-1BD4F35D16EE with new leaderId: 0cacaae5-2f1d-4021-a1c8-b7d3ead785ca
2021-06-07 01:00:57,962 [grpc-default-executor-3] INFO  server.RaftServer$Division (ServerState.java:setLeader(271)) - 037b306d-55e4-4cae-90bd-e43eb14a37fd@group-1BD4F35D16EE: change Leader from null to 0cacaae5-2f1d-4021-a1c8-b7d3ead785ca at term 4 for appendEntries, leader elected after 20406ms
2021-06-07 01:00:57,967 [0cacaae5-2f1d-4021-a1c8-b7d3ead785ca@group-1BD4F35D16EE-LeaderElection52] INFO  server.RaftServer$Division (ServerState.java:setRaftConf(373)) - 0cacaae5-2f1d-4021-a1c8-b7d3ead785ca@group-1BD4F35D16EE: set configuration 0: [037b306d-55e4-4cae-90bd-e43eb14a37fd|rpc:10.1.0.42:42733|dataStream:|priority:0, 0cacaae5-2f1d-4021-a1c8-b7d3ead785ca|rpc:10.1.0.42:39691|dataStream:|priority:1, b8685ee4-5ca3-4a9e-9d6c-fdbcd092b49e|rpc:10.1.0.42:46205|dataStream:|priority:0], old=null
2021-06-07 01:00:57,970 [grpc-default-executor-3] INFO  server.RaftServer$Division (ServerState.java:setRaftConf(373)) - 037b306d-55e4-4cae-90bd-e43eb14a37fd@group-1BD4F35D16EE: set configuration 0: [037b306d-55e4-4cae-90bd-e43eb14a37fd|rpc:10.1.0.42:42733|dataStream:|priority:0, 0cacaae5-2f1d-4021-a1c8-b7d3ead785ca|rpc:10.1.0.42:39691|dataStream:|priority:1, b8685ee4-5ca3-4a9e-9d6c-fdbcd092b49e|rpc:10.1.0.42:46205|dataStream:|priority:0], old=null
2021-06-07 01:00:57,972 [grpc-default-executor-3] INFO  segmented.SegmentedRaftLogWorker (SegmentedRaftLogWorker.java:startLogSegment(394)) - 037b306d-55e4-4cae-90bd-e43eb14a37fd@group-1BD4F35D16EE-SegmentedRaftLogWorker: Starting segment from index:0
2021-06-07 01:00:57,978 [grpc-default-executor-5] INFO  ratis.XceiverServerRatis (XceiverServerRatis.java:handleLeaderChangedNotification(906)) - Leader change notification received for group: group-1BD4F35D16EE with new leaderId: 0cacaae5-2f1d-4021-a1c8-b7d3ead785ca
2021-06-07 01:00:57,978 [grpc-default-executor-5] INFO  server.RaftServer$Division (ServerState.java:setLeader(271)) - b8685ee4-5ca3-4a9e-9d6c-fdbcd092b49e@group-1BD4F35D16EE: change Leader from null to 0cacaae5-2f1d-4021-a1c8-b7d3ead785ca at term 4 for appendEntries, leader elected after 20365ms
2021-06-07 01:00:57,983 [grpc-default-executor-5] INFO  server.RaftServer$Division (ServerState.java:setRaftConf(373)) - b8685ee4-5ca3-4a9e-9d6c-fdbcd092b49e@group-1BD4F35D16EE: set configuration 0: [037b306d-55e4-4cae-90bd-e43eb14a37fd|rpc:10.1.0.42:42733|dataStream:|priority:0, 0cacaae5-2f1d-4021-a1c8-b7d3ead785ca|rpc:10.1.0.42:39691|dataStream:|priority:1, b8685ee4-5ca3-4a9e-9d6c-fdbcd092b49e|rpc:10.1.0.42:46205|dataStream:|priority:0], old=null
2021-06-07 01:00:57,983 [037b306d-55e4-4cae-90bd-e43eb14a37fd@group-1BD4F35D16EE-SegmentedRaftLogWorker] INFO  segmented.SegmentedRaftLogWorker (SegmentedRaftLogWorker.java:execute(601)) - 037b306d-55e4-4cae-90bd-e43eb14a37fd@group-1BD4F35D16EE-SegmentedRaftLogWorker: created new log segment /home/runner/work/ozone/ozone/mnt/ozone/hadoop-ozone/integration-test/target/test-dir/MiniOzoneClusterImpl-4d691a8a-0502-4280-8005-09cceedbb589/datanode-6/data/ratis/d58ec0e1-1309-4d1c-973f-1bd4f35d16ee/current/log_inprogress_0
2021-06-07 01:00:57,987 [grpc-default-executor-5] INFO  segmented.SegmentedRaftLogWorker (SegmentedRaftLogWorker.java:startLogSegment(394)) - b8685ee4-5ca3-4a9e-9d6c-fdbcd092b49e@group-1BD4F35D16EE-SegmentedRaftLogWorker: Starting segment from index:0
2021-06-07 01:00:57,989 [b8685ee4-5ca3-4a9e-9d6c-fdbcd092b49e@group-1BD4F35D16EE-SegmentedRaftLogWorker] INFO  segmented.SegmentedRaftLogWorker (SegmentedRaftLogWorker.java:execute(601)) - b8685ee4-5ca3-4a9e-9d6c-fdbcd092b49e@group-1BD4F35D16EE-SegmentedRaftLogWorker: created new log segment /home/runner/work/ozone/ozone/mnt/ozone/hadoop-ozone/integration-test/target/test-dir/MiniOzoneClusterImpl-4d691a8a-0502-4280-8005-09cceedbb589/datanode-7/data/ratis/d58ec0e1-1309-4d1c-973f-1bd4f35d16ee/current/log_inprogress_0
2021-06-07 01:00:58,396 [java.util.concurrent.ThreadPoolExecutor$Worker@582e0d16[State = -1, empty queue]] INFO  metrics.RatisMetrics (RatisMetrics.java:lambda$create$0(36)) - Creating Metrics Registry : ratis.client_message_metrics.client-5062C4326C7D->e1c54329-0f94-4ac4-b921-c08a88020a90
2021-06-07 01:00:58,409 [Listener at 127.0.0.1/46609] INFO  ozone.MiniOzoneClusterImpl (MiniOzoneClusterImpl.java:shutdown(443)) - Shutting down the Mini Ozone Cluster
2021-06-07 01:00:58,409 [Listener at 127.0.0.1/46609] INFO  ozone.MiniOzoneClusterImpl (MiniOzoneClusterImpl.java:stop(458)) - Stopping the Mini Ozone Cluster
2021-06-07 01:00:58,410 [Listener at 127.0.0.1/46609] INFO  ozone.MiniOzoneClusterImpl (MiniOzoneClusterImpl.java:stopOM(540)) - Stopping the OzoneManager
2021-06-07 01:00:58,410 [Listener at 127.0.0.1/46609] INFO  ipc.Server (Server.java:stop(3403)) - Stopping server on 46609
2021-06-07 01:00:58,414 [IPC Server listener on 0] INFO  ipc.Server (Server.java:run(1366)) - Stopping IPC Server listener on 0
2021-06-07 01:00:58,414 [IPC Server Responder] INFO  ipc.Server (Server.java:run(1502)) - Stopping IPC Server Responder
2021-06-07 01:00:58,414 [Listener at 127.0.0.1/46609] INFO  server.RaftServer (RaftServerProxy.java:lambda$close$6(391)) - om1: close
2021-06-07 01:00:58,415 [Listener at 127.0.0.1/46609] INFO  server.RaftServer$Division (RaftServerImpl.java:lambda$close$4(406)) - om1@group-C5BA1605619E: shutdown
2021-06-07 01:00:58,415 [Listener at 127.0.0.1/46609] INFO  util.JmxRegister (JmxRegister.java:unregister(73)) - Successfully un-registered JMX Bean with object name Ratis:service=RaftServer,group=group-C5BA1605619E,id=om1
2021-06-07 01:00:58,415 [Listener at 127.0.0.1/46609] INFO  impl.RoleInfo (RoleInfo.java:shutdownLeaderState(91)) - om1: shutdown om1@group-C5BA1605619E-LeaderStateImpl
2021-06-07 01:00:58,415 [Listener at 127.0.0.1/46609] INFO  impl.PendingRequests (PendingRequests.java:sendNotLeaderResponses(249)) - om1@group-C5BA1605619E-PendingRequests: sendNotLeaderResponses
2021-06-07 01:00:58,417 [Listener at 127.0.0.1/46609] INFO  metrics.RatisMetrics (RatisMetrics.java:unregister(43)) - Unregistering Metrics Registry : ratis.log_appender.om1@group-C5BA1605619E
2021-06-07 01:00:58,417 [Listener at 127.0.0.1/46609] INFO  metrics.RatisMetrics (RatisMetrics.java:unregister(43)) - Unregistering Metrics Registry : ratis.server.om1@group-C5BA1605619E
2021-06-07 01:00:58,417 [Listener at 127.0.0.1/46609] INFO  impl.StateMachineUpdater (StateMachineUpdater.java:stopAndJoin(149)) - om1@group-C5BA1605619E-StateMachineUpdater: set stopIndex = 4
2021-06-07 01:00:58,417 [om1@group-C5BA1605619E-StateMachineUpdater] INFO  ratis.OzoneManagerStateMachine (OzoneManagerStateMachine.java:takeSnapshot(347)) - Current Snapshot Index (t:1, i:4)
2021-06-07 01:00:58,418 [om1@group-C5BA1605619E-StateMachineUpdater] INFO  impl.StateMachineUpdater (StateMachineUpdater.java:takeSnapshot(281)) - om1@group-C5BA1605619E-StateMachineUpdater: Took a snapshot at index 4
2021-06-07 01:00:58,418 [om1@group-C5BA1605619E-StateMachineUpdater] INFO  impl.StateMachineUpdater (StateMachineUpdater.java:lambda$new$0(89)) - om1@group-C5BA1605619E-StateMachineUpdater: snapshotIndex: updateIncreasingly -1 -> 4
2021-06-07 01:00:58,418 [om1@group-C5BA1605619E-StateMachineUpdater] INFO  metrics.RatisMetrics (RatisMetrics.java:unregister(43)) - Unregistering Metrics Registry : ratis.state_machine.om1@group-C5BA1605619E
2021-06-07 01:00:58,418 [Listener at 127.0.0.1/46609] INFO  server.RaftServer$Division (ServerState.java:close(405)) - om1@group-C5BA1605619E: closes. applyIndex: 4
2021-06-07 01:00:58,418 [om1@group-C5BA1605619E-SegmentedRaftLogWorker] INFO  segmented.SegmentedRaftLogWorker (SegmentedRaftLogWorker.java:run(327)) - om1@group-C5BA1605619E-SegmentedRaftLogWorker was interrupted, exiting. There are 0 tasks remaining in the queue.
2021-06-07 01:00:58,419 [Listener at 127.0.0.1/46609] INFO  segmented.SegmentedRaftLogWorker (SegmentedRaftLogWorker.java:close(237)) - om1@group-C5BA1605619E-SegmentedRaftLogWorker close()
2021-06-07 01:00:58,422 [Listener at 127.0.0.1/46609] INFO  metrics.RatisMetrics (RatisMetrics.java:unregister(43)) - Unregistering Metrics Registry : ratis.log_worker.om1@group-C5BA1605619E
2021-06-07 01:00:58,422 [Listener at 127.0.0.1/46609] INFO  metrics.RatisMetrics (RatisMetrics.java:unregister(43)) - Unregistering Metrics Registry : ratis.leader_election.om1@group-C5BA1605619E
2021-06-07 01:00:58,422 [Listener at 127.0.0.1/46609] INFO  metrics.RatisMetrics (RatisMetrics.java:unregister(43)) - Unregistering Metrics Registry : ratis.server.om1@group-C5BA1605619E
2021-06-07 01:00:58,422 [Listener at 127.0.0.1/46609] INFO  server.GrpcService (GrpcService.java:closeImpl(262)) - om1: shutdown server with port 9872 now
2021-06-07 01:00:58,422 [Listener at 127.0.0.1/46609] INFO  server.GrpcService (GrpcService.java:closeImpl(271)) - om1: shutdown server with port 9872 successfully
2021-06-07 01:00:58,422 [org.apache.ratis.util.JvmPauseMonitor$$Lambda$513/325153081@de44b10] INFO  util.JvmPauseMonitor (JvmPauseMonitor.java:run(109)) - JvmPauseMonitor-om1: Stopped
2021-06-07 01:00:58,423 [Listener at 127.0.0.1/46609] INFO  ratis.OzoneManagerDoubleBuffer (OzoneManagerDoubleBuffer.java:stop(426)) - Stopping OMDoubleBuffer flush thread
2021-06-07 01:00:58,423 [OMDoubleBufferFlushThread] INFO  ratis.OzoneManagerDoubleBuffer (OzoneManagerDoubleBuffer.java:flushTransactions(353)) - OMDoubleBuffer flush thread OMDoubleBufferFlushThread is interrupted and will exit. OMDoubleBufferFlushThread
2021-06-07 01:00:58,423 [Listener at 127.0.0.1/46609] INFO  ratis.OzoneManagerStateMachine (HadoopExecutors.java:shutdown(118)) - Gracefully shutting down executor service. Waiting max 5 SECONDS
2021-06-07 01:00:58,424 [Listener at 127.0.0.1/46609] INFO  ratis.OzoneManagerStateMachine (HadoopExecutors.java:shutdown(129)) - Succesfully shutdown executor service
2021-06-07 01:00:58,424 [Listener at 127.0.0.1/46609] INFO  ratis.OzoneManagerStateMachine (HadoopExecutors.java:shutdown(118)) - Gracefully shutting down executor service. Waiting max 5 SECONDS
2021-06-07 01:00:58,424 [Listener at 127.0.0.1/46609] INFO  ratis.OzoneManagerStateMachine (HadoopExecutors.java:shutdown(129)) - Succesfully shutdown executor service
2021-06-07 01:00:58,424 [Listener at 127.0.0.1/46609] INFO  utils.BackgroundService (BackgroundService.java:shutdown(132)) - Shutting down service KeyDeletingService
2021-06-07 01:00:58,426 [Listener at 127.0.0.1/46609] INFO  handler.ContextHandler (ContextHandler.java:doStop(1154)) - Stopped o.e.j.w.WebAppContext@b1284fa{ozoneManager,/,null,STOPPED}{file:/home/runner/work/ozone/ozone/mnt/ozone/hadoop-ozone/integration-test/target/test-classes/webapps/ozoneManager}
2021-06-07 01:00:58,427 [Listener at 127.0.0.1/46609] INFO  server.AbstractConnector (AbstractConnector.java:doStop(381)) - Stopped ServerConnector@1f3b3c33{HTTP/1.1, (http/1.1)}{0.0.0.0:0}
2021-06-07 01:00:58,427 [Listener at 127.0.0.1/46609] INFO  server.session (HouseKeeper.java:stopScavenging(149)) - node0 Stopped scavenging
2021-06-07 01:00:58,427 [Listener at 127.0.0.1/46609] INFO  handler.ContextHandler (ContextHandler.java:doStop(1154)) - Stopped o.e.j.s.ServletContextHandler@34e0f4d3{static,/static,file:///home/runner/work/ozone/ozone/mnt/ozone/hadoop-ozone/integration-test/target/test-classes/webapps/static,STOPPED}
2021-06-07 01:00:58,427 [Listener at 127.0.0.1/46609] INFO  handler.ContextHandler (ContextHandler.java:doStop(1154)) - Stopped o.e.j.s.ServletContextHandler@fc7308{logs,/logs,file:///home/runner/work/ozone/ozone/mnt/ozone/hadoop-ozone/integration-test/target/log,STOPPED}
2021-06-07 01:00:58,429 [Listener at 127.0.0.1/46609] INFO  ozone.MiniOzoneClusterImpl (MiniOzoneClusterImpl.java:stopDatanodes(517)) - Stopping the HddsDatanodes
2021-06-07 01:00:59,310 [Datanode State Machine Thread - 0] INFO  statemachine.DatanodeStateMachine (DatanodeStateMachine.java:lambda$startDaemon$0(428)) - Ozone container server started.
2021-06-07 01:00:59,366 [Datanode State Machine Thread - 0] INFO  statemachine.DatanodeStateMachine (DatanodeStateMachine.java:lambda$startDaemon$0(428)) - Ozone container server started.
2021-06-07 01:01:03,430 [Listener at 127.0.0.1/46609] INFO  ozoneimpl.OzoneContainer (OzoneContainer.java:stop(316)) - Attempting to stop container services.
2021-06-07 01:01:03,431 [ForkJoinPool.commonPool-worker-0] INFO  ozoneimpl.OzoneContainer (OzoneContainer.java:stop(316)) - Attempting to stop container services.
2021-06-07 01:01:03,432 [ForkJoinPool.commonPool-worker-0] INFO  server.RaftServer (RaftServerProxy.java:lambda$close$6(391)) - c2033f43-39b3-4eb3-b9b2-5a70c0c49867: close
2021-06-07 01:01:03,432 [Listener at 127.0.0.1/46609] INFO  server.RaftServer (RaftServerProxy.java:lambda$close$6(391)) - 4c0648dc-edb7-46e4-8fb2-cd1978ed42aa: close
2021-06-07 01:01:03,432 [ForkJoinPool.commonPool-worker-0] INFO  server.RaftServer$Division (RaftServerImpl.java:lambda$close$4(406)) - c2033f43-39b3-4eb3-b9b2-5a70c0c49867@group-342A338590BE: shutdown
2021-06-07 01:01:03,432 [ForkJoinPool.commonPool-worker-0] INFO  util.JmxRegister (JmxRegister.java:unregister(73)) - Successfully un-registered JMX Bean with object name Ratis:service=RaftServer,group=group-342A338590BE,id=c2033f43-39b3-4eb3-b9b2-5a70c0c49867
2021-06-07 01:01:03,432 [ForkJoinPool.commonPool-worker-0] INFO  impl.RoleInfo (RoleInfo.java:shutdownLeaderState(91)) - c2033f43-39b3-4eb3-b9b2-5a70c0c49867: shutdown c2033f43-39b3-4eb3-b9b2-5a70c0c49867@group-342A338590BE-LeaderStateImpl
2021-06-07 01:01:03,432 [Listener at 127.0.0.1/46609] INFO  server.RaftServer$Division (RaftServerImpl.java:lambda$close$4(406)) - 4c0648dc-edb7-46e4-8fb2-cd1978ed42aa@group-C9BD68C210E4: shutdown
2021-06-07 01:01:03,433 [Listener at 127.0.0.1/46609] INFO  util.JmxRegister (JmxRegister.java:unregister(73)) - Successfully un-registered JMX Bean with object name Ratis:service=RaftServer,group=group-C9BD68C210E4,id=4c0648dc-edb7-46e4-8fb2-cd1978ed42aa
2021-06-07 01:01:03,433 [Listener at 127.0.0.1/46609] INFO  impl.RoleInfo (RoleInfo.java:shutdownLeaderState(91)) - 4c0648dc-edb7-46e4-8fb2-cd1978ed42aa: shutdown 4c0648dc-edb7-46e4-8fb2-cd1978ed42aa@group-C9BD68C210E4-LeaderStateImpl
2021-06-07 01:01:03,433 [ForkJoinPool.commonPool-worker-0] INFO  impl.PendingRequests (PendingRequests.java:sendNotLeaderResponses(249)) - c2033f43-39b3-4eb3-b9b2-5a70c0c49867@group-342A338590BE-PendingRequests: sendNotLeaderResponses
2021-06-07 01:01:03,433 [Listener at 127.0.0.1/46609] INFO  impl.PendingRequests (PendingRequests.java:sendNotLeaderResponses(249)) - 4c0648dc-edb7-46e4-8fb2-cd1978ed42aa@group-C9BD68C210E4-PendingRequests: sendNotLeaderResponses
2021-06-07 01:01:03,434 [ForkJoinPool.commonPool-worker-0] INFO  metrics.RatisMetrics (RatisMetrics.java:unregister(43)) - Unregistering Metrics Registry : ratis.log_appender.c2033f43-39b3-4eb3-b9b2-5a70c0c49867@group-342A338590BE
2021-06-07 01:01:03,434 [ForkJoinPool.commonPool-worker-0] INFO  metrics.RatisMetrics (RatisMetrics.java:unregister(43)) - Unregistering Metrics Registry : ratis.server.c2033f43-39b3-4eb3-b9b2-5a70c0c49867@group-342A338590BE
2021-06-07 01:01:03,435 [ForkJoinPool.commonPool-worker-0] INFO  impl.StateMachineUpdater (StateMachineUpdater.java:stopAndJoin(149)) - c2033f43-39b3-4eb3-b9b2-5a70c0c49867@group-342A338590BE-StateMachineUpdater: set stopIndex = 0
2021-06-07 01:01:03,435 [c2033f43-39b3-4eb3-b9b2-5a70c0c49867@group-342A338590BE-StateMachineUpdater] INFO  ratis.ContainerStateMachine (ContainerStateMachine.java:takeSnapshot(292)) - group-342A338590BE: Taking a snapshot at:(t:1, i:0) file /home/runner/work/ozone/ozone/mnt/ozone/hadoop-ozone/integration-test/target/test-dir/MiniOzoneClusterImpl-4d691a8a-0502-4280-8005-09cceedbb589/datanode-2/data/ratis/d8e08c25-1f0e-41ac-be56-342a338590be/sm/snapshot.1_0
2021-06-07 01:01:03,434 [Listener at 127.0.0.1/46609] INFO  metrics.RatisMetrics (RatisMetrics.java:unregister(43)) - Unregistering Metrics Registry : ratis.log_appender.4c0648dc-edb7-46e4-8fb2-cd1978ed42aa@group-C9BD68C210E4
2021-06-07 01:01:03,436 [Listener at 127.0.0.1/46609] INFO  metrics.RatisMetrics (RatisMetrics.java:unregister(43)) - Unregistering Metrics Registry : ratis.server.4c0648dc-edb7-46e4-8fb2-cd1978ed42aa@group-C9BD68C210E4
2021-06-07 01:01:03,436 [c2033f43-39b3-4eb3-b9b2-5a70c0c49867@group-342A338590BE-StateMachineUpdater] INFO  ratis.ContainerStateMachine (ContainerStateMachine.java:takeSnapshot(303)) - group-342A338590BE: Finished taking a snapshot at:(t:1, i:0) file:/home/runner/work/ozone/ozone/mnt/ozone/hadoop-ozone/integration-test/target/test-dir/MiniOzoneClusterImpl-4d691a8a-0502-4280-8005-09cceedbb589/datanode-2/data/ratis/d8e08c25-1f0e-41ac-be56-342a338590be/sm/snapshot.1_0 took: 1 ms
2021-06-07 01:01:03,437 [c2033f43-39b3-4eb3-b9b2-5a70c0c49867@group-342A338590BE-StateMachineUpdater] INFO  impl.StateMachineUpdater (StateMachineUpdater.java:takeSnapshot(281)) - c2033f43-39b3-4eb3-b9b2-5a70c0c49867@group-342A338590BE-StateMachineUpdater: Took a snapshot at index 0
2021-06-07 01:01:03,437 [c2033f43-39b3-4eb3-b9b2-5a70c0c49867@group-342A338590BE-StateMachineUpdater] INFO  impl.StateMachineUpdater (StateMachineUpdater.java:lambda$new$0(89)) - c2033f43-39b3-4eb3-b9b2-5a70c0c49867@group-342A338590BE-StateMachineUpdater: snapshotIndex: updateIncreasingly -1 -> 0
2021-06-07 01:01:03,437 [c2033f43-39b3-4eb3-b9b2-5a70c0c49867@group-342A338590BE-StateMachineUpdater] INFO  metrics.RatisMetrics (RatisMetrics.java:unregister(43)) - Unregistering Metrics Registry : ratis.state_machine.c2033f43-39b3-4eb3-b9b2-5a70c0c49867@group-342A338590BE
2021-06-07 01:01:03,437 [ForkJoinPool.commonPool-worker-0] INFO  server.RaftServer$Division (ServerState.java:close(405)) - c2033f43-39b3-4eb3-b9b2-5a70c0c49867@group-342A338590BE: closes. applyIndex: 0
2021-06-07 01:01:03,437 [c2033f43-39b3-4eb3-b9b2-5a70c0c49867@group-342A338590BE-SegmentedRaftLogWorker] INFO  segmented.SegmentedRaftLogWorker (SegmentedRaftLogWorker.java:run(327)) - c2033f43-39b3-4eb3-b9b2-5a70c0c49867@group-342A338590BE-SegmentedRaftLogWorker was interrupted, exiting. There are 0 tasks remaining in the queue.
2021-06-07 01:01:03,438 [ForkJoinPool.commonPool-worker-0] INFO  segmented.SegmentedRaftLogWorker (SegmentedRaftLogWorker.java:close(237)) - c2033f43-39b3-4eb3-b9b2-5a70c0c49867@group-342A338590BE-SegmentedRaftLogWorker close()
2021-06-07 01:01:03,439 [ForkJoinPool.commonPool-worker-0] INFO  metrics.RatisMetrics (RatisMetrics.java:unregister(43)) - Unregistering Metrics Registry : ratis.log_worker.c2033f43-39b3-4eb3-b9b2-5a70c0c49867@group-342A338590BE
2021-06-07 01:01:03,439 [4c0648dc-edb7-46e4-8fb2-cd1978ed42aa@group-C9BD68C210E4-StateMachineUpdater] INFO  ratis.ContainerStateMachine (ContainerStateMachine.java:takeSnapshot(292)) - group-C9BD68C210E4: Taking a snapshot at:(t:1, i:0) file /home/runner/work/ozone/ozone/mnt/ozone/hadoop-ozone/integration-test/target/test-dir/MiniOzoneClusterImpl-4d691a8a-0502-4280-8005-09cceedbb589/datanode-4/data/ratis/54b583af-02bc-46aa-b7a5-c9bd68c210e4/sm/snapshot.1_0
2021-06-07 01:01:03,440 [ForkJoinPool.commonPool-worker-0] INFO  metrics.RatisMetrics (RatisMetrics.java:unregister(43)) - Unregistering Metrics Registry : ratis.leader_election.c2033f43-39b3-4eb3-b9b2-5a70c0c49867@group-342A338590BE
2021-06-07 01:01:03,440 [Listener at 127.0.0.1/46609] INFO  impl.StateMachineUpdater (StateMachineUpdater.java:stopAndJoin(149)) - 4c0648dc-edb7-46e4-8fb2-cd1978ed42aa@group-C9BD68C210E4-StateMachineUpdater: set stopIndex = 0
2021-06-07 01:01:03,440 [ForkJoinPool.commonPool-worker-0] INFO  metrics.RatisMetrics (RatisMetrics.java:unregister(43)) - Unregistering Metrics Registry : ratis.server.c2033f43-39b3-4eb3-b9b2-5a70c0c49867@group-342A338590BE
2021-06-07 01:01:03,440 [ForkJoinPool.commonPool-worker-0] INFO  server.RaftServer$Division (RaftServerImpl.java:lambda$close$4(406)) - c2033f43-39b3-4eb3-b9b2-5a70c0c49867@group-9CDF3EC888C5: shutdown
2021-06-07 01:01:03,440 [ForkJoinPool.commonPool-worker-0] INFO  util.JmxRegister (JmxRegister.java:unregister(73)) - Successfully un-registered JMX Bean with object name Ratis:service=RaftServer,group=group-9CDF3EC888C5,id=c2033f43-39b3-4eb3-b9b2-5a70c0c49867
2021-06-07 01:01:03,440 [ForkJoinPool.commonPool-worker-0] INFO  impl.RoleInfo (RoleInfo.java:shutdownLeaderState(91)) - c2033f43-39b3-4eb3-b9b2-5a70c0c49867: shutdown c2033f43-39b3-4eb3-b9b2-5a70c0c49867@group-9CDF3EC888C5-LeaderStateImpl
2021-06-07 01:01:03,440 [4c0648dc-edb7-46e4-8fb2-cd1978ed42aa@group-C9BD68C210E4-StateMachineUpdater] INFO  ratis.ContainerStateMachine (ContainerStateMachine.java:takeSnapshot(303)) - group-C9BD68C210E4: Finished taking a snapshot at:(t:1, i:0) file:/home/runner/work/ozone/ozone/mnt/ozone/hadoop-ozone/integration-test/target/test-dir/MiniOzoneClusterImpl-4d691a8a-0502-4280-8005-09cceedbb589/datanode-4/data/ratis/54b583af-02bc-46aa-b7a5-c9bd68c210e4/sm/snapshot.1_0 took: 1 ms
2021-06-07 01:01:03,440 [ForkJoinPool.commonPool-worker-0] INFO  metrics.RatisMetrics (RatisMetrics.java:unregister(43)) - Unregistering Metrics Registry : ratis_grpc.log_appender.c2033f43-39b3-4eb3-b9b2-5a70c0c49867@group-9CDF3EC888C5
2021-06-07 01:01:03,440 [4c0648dc-edb7-46e4-8fb2-cd1978ed42aa@group-C9BD68C210E4-StateMachineUpdater] INFO  impl.StateMachineUpdater (StateMachineUpdater.java:takeSnapshot(281)) - 4c0648dc-edb7-46e4-8fb2-cd1978ed42aa@group-C9BD68C210E4-StateMachineUpdater: Took a snapshot at index 0
2021-06-07 01:01:03,441 [4c0648dc-edb7-46e4-8fb2-cd1978ed42aa@group-C9BD68C210E4-StateMachineUpdater] INFO  impl.StateMachineUpdater (StateMachineUpdater.java:lambda$new$0(89)) - 4c0648dc-edb7-46e4-8fb2-cd1978ed42aa@group-C9BD68C210E4-StateMachineUpdater: snapshotIndex: updateIncreasingly -1 -> 0
2021-06-07 01:01:03,441 [c2033f43-39b3-4eb3-b9b2-5a70c0c49867@group-9CDF3EC888C5->3eee8d88-c0ac-4861-bc75-3c80431b5d11-GrpcLogAppender-LogAppenderDaemon] WARN  server.GrpcLogAppender (GrpcLogAppender.java:mayWait(175)) - c2033f43-39b3-4eb3-b9b2-5a70c0c49867@group-9CDF3EC888C5->3eee8d88-c0ac-4861-bc75-3c80431b5d11-GrpcLogAppender: Wait interrupted by java.lang.InterruptedException
2021-06-07 01:01:03,441 [4c0648dc-edb7-46e4-8fb2-cd1978ed42aa@group-C9BD68C210E4-StateMachineUpdater] INFO  metrics.RatisMetrics (RatisMetrics.java:unregister(43)) - Unregistering Metrics Registry : ratis.state_machine.4c0648dc-edb7-46e4-8fb2-cd1978ed42aa@group-C9BD68C210E4
2021-06-07 01:01:03,441 [grpc-default-executor-5] INFO  server.GrpcServerProtocolService (GrpcServerProtocolService.java:onCompleted(140)) - 3eee8d88-c0ac-4861-bc75-3c80431b5d11: Completed APPEND_ENTRIES, lastRequest: c2033f43-39b3-4eb3-b9b2-5a70c0c49867->3eee8d88-c0ac-4861-bc75-3c80431b5d11#2-t5,previous=(t:5, i:1),leaderCommit=1,initializing? true,entries: size=1, first=(t:5, i:2), METADATAENTRY(c:1)
2021-06-07 01:01:03,441 [Listener at 127.0.0.1/46609] INFO  server.RaftServer$Division (ServerState.java:close(405)) - 4c0648dc-edb7-46e4-8fb2-cd1978ed42aa@group-C9BD68C210E4: closes. applyIndex: 0
2021-06-07 01:01:03,441 [grpc-default-executor-0] INFO  server.GrpcLogAppender (GrpcLogAppender.java:onCompleted(344)) - c2033f43-39b3-4eb3-b9b2-5a70c0c49867@group-9CDF3EC888C5->3eee8d88-c0ac-4861-bc75-3c80431b5d11-AppendLogResponseHandler: follower responses appendEntries COMPLETED
2021-06-07 01:01:03,442 [ForkJoinPool.commonPool-worker-0] INFO  metrics.RatisMetrics (RatisMetrics.java:unregister(43)) - Unregistering Metrics Registry : ratis_grpc.log_appender.c2033f43-39b3-4eb3-b9b2-5a70c0c49867@group-9CDF3EC888C5
2021-06-07 01:01:03,442 [ForkJoinPool.commonPool-worker-0] INFO  impl.PendingRequests (PendingRequests.java:sendNotLeaderResponses(249)) - c2033f43-39b3-4eb3-b9b2-5a70c0c49867@group-9CDF3EC888C5-PendingRequests: sendNotLeaderResponses
2021-06-07 01:01:03,442 [grpc-default-executor-0] INFO  leader.FollowerInfo (FollowerInfoImpl.java:lambda$new$0(46)) - c2033f43-39b3-4eb3-b9b2-5a70c0c49867@group-9CDF3EC888C5->3eee8d88-c0ac-4861-bc75-3c80431b5d11: nextIndex: updateUnconditionally 3 -> 2
2021-06-07 01:01:03,442 [4c0648dc-edb7-46e4-8fb2-cd1978ed42aa@group-C9BD68C210E4-SegmentedRaftLogWorker] INFO  segmented.SegmentedRaftLogWorker (SegmentedRaftLogWorker.java:run(327)) - 4c0648dc-edb7-46e4-8fb2-cd1978ed42aa@group-C9BD68C210E4-SegmentedRaftLogWorker was interrupted, exiting. There are 0 tasks remaining in the queue.
2021-06-07 01:01:03,442 [c2033f43-39b3-4eb3-b9b2-5a70c0c49867@group-9CDF3EC888C5->e1c54329-0f94-4ac4-b921-c08a88020a90-GrpcLogAppender-LogAppenderDaemon] WARN  server.GrpcLogAppender (GrpcLogAppender.java:mayWait(175)) - c2033f43-39b3-4eb3-b9b2-5a70c0c49867@group-9CDF3EC888C5->e1c54329-0f94-4ac4-b921-c08a88020a90-GrpcLogAppender: Wait interrupted by java.lang.InterruptedException
2021-06-07 01:01:03,442 [ForkJoinPool.commonPool-worker-0] INFO  metrics.RatisMetrics (RatisMetrics.java:unregister(43)) - Unregistering Metrics Registry : ratis.log_appender.c2033f43-39b3-4eb3-b9b2-5a70c0c49867@group-9CDF3EC888C5
2021-06-07 01:01:03,443 [ForkJoinPool.commonPool-worker-0] INFO  metrics.RatisMetrics (RatisMetrics.java:unregister(43)) - Unregistering Metrics Registry : ratis.server.c2033f43-39b3-4eb3-b9b2-5a70c0c49867@group-9CDF3EC888C5
2021-06-07 01:01:03,444 [grpc-default-executor-0] INFO  server.GrpcServerProtocolService (GrpcServerProtocolService.java:onCompleted(140)) - e1c54329-0f94-4ac4-b921-c08a88020a90: Completed APPEND_ENTRIES, lastRequest: c2033f43-39b3-4eb3-b9b2-5a70c0c49867->e1c54329-0f94-4ac4-b921-c08a88020a90#6-t5,previous=(t:5, i:1),leaderCommit=1,initializing? true,entries: size=1, first=(t:5, i:2), METADATAENTRY(c:1)
2021-06-07 01:01:03,444 [ForkJoinPool.commonPool-worker-0] INFO  impl.StateMachineUpdater (StateMachineUpdater.java:stopAndJoin(149)) - c2033f43-39b3-4eb3-b9b2-5a70c0c49867@group-9CDF3EC888C5-StateMachineUpdater: set stopIndex = 2
2021-06-07 01:01:03,444 [c2033f43-39b3-4eb3-b9b2-5a70c0c49867@group-9CDF3EC888C5-StateMachineUpdater] INFO  ratis.ContainerStateMachine (ContainerStateMachine.java:takeSnapshot(292)) - group-9CDF3EC888C5: Taking a snapshot at:(t:5, i:2) file /home/runner/work/ozone/ozone/mnt/ozone/hadoop-ozone/integration-test/target/test-dir/MiniOzoneClusterImpl-4d691a8a-0502-4280-8005-09cceedbb589/datanode-2/data/ratis/7966a4a9-418d-4bdc-887b-9cdf3ec888c5/sm/snapshot.5_2
2021-06-07 01:01:03,444 [grpc-default-executor-5] INFO  server.GrpcLogAppender (GrpcLogAppender.java:onCompleted(344)) - c2033f43-39b3-4eb3-b9b2-5a70c0c49867@group-9CDF3EC888C5->e1c54329-0f94-4ac4-b921-c08a88020a90-AppendLogResponseHandler: follower responses appendEntries COMPLETED
2021-06-07 01:01:03,444 [grpc-default-executor-5] INFO  leader.FollowerInfo (FollowerInfoImpl.java:lambda$new$0(46)) - c2033f43-39b3-4eb3-b9b2-5a70c0c49867@group-9CDF3EC888C5->e1c54329-0f94-4ac4-b921-c08a88020a90: nextIndex: updateUnconditionally 3 -> 2
2021-06-07 01:01:03,445 [c2033f43-39b3-4eb3-b9b2-5a70c0c49867@group-9CDF3EC888C5-StateMachineUpdater] INFO  ratis.ContainerStateMachine (ContainerStateMachine.java:takeSnapshot(303)) - group-9CDF3EC888C5: Finished taking a snapshot at:(t:5, i:2) file:/home/runner/work/ozone/ozone/mnt/ozone/hadoop-ozone/integration-test/target/test-dir/MiniOzoneClusterImpl-4d691a8a-0502-4280-8005-09cceedbb589/datanode-2/data/ratis/7966a4a9-418d-4bdc-887b-9cdf3ec888c5/sm/snapshot.5_2 took: 0 ms
2021-06-07 01:01:03,445 [c2033f43-39b3-4eb3-b9b2-5a70c0c49867@group-9CDF3EC888C5-StateMachineUpdater] INFO  impl.StateMachineUpdater (StateMachineUpdater.java:takeSnapshot(281)) - c2033f43-39b3-4eb3-b9b2-5a70c0c49867@group-9CDF3EC888C5-StateMachineUpdater: Took a snapshot at index 2
2021-06-07 01:01:03,445 [c2033f43-39b3-4eb3-b9b2-5a70c0c49867@group-9CDF3EC888C5-StateMachineUpdater] INFO  impl.StateMachineUpdater (StateMachineUpdater.java:lambda$new$0(89)) - c2033f43-39b3-4eb3-b9b2-5a70c0c49867@group-9CDF3EC888C5-StateMachineUpdater: snapshotIndex: updateIncreasingly -1 -> 2
2021-06-07 01:01:03,445 [c2033f43-39b3-4eb3-b9b2-5a70c0c49867@group-9CDF3EC888C5-StateMachineUpdater] INFO  metrics.RatisMetrics (RatisMetrics.java:unregister(43)) - Unregistering Metrics Registry : ratis.state_machine.c2033f43-39b3-4eb3-b9b2-5a70c0c49867@group-9CDF3EC888C5
2021-06-07 01:01:03,445 [ForkJoinPool.commonPool-worker-0] INFO  server.RaftServer$Division (ServerState.java:close(405)) - c2033f43-39b3-4eb3-b9b2-5a70c0c49867@group-9CDF3EC888C5: closes. applyIndex: 2
2021-06-07 01:01:03,445 [c2033f43-39b3-4eb3-b9b2-5a70c0c49867@group-9CDF3EC888C5-SegmentedRaftLogWorker] INFO  segmented.SegmentedRaftLogWorker (SegmentedRaftLogWorker.java:run(327)) - c2033f43-39b3-4eb3-b9b2-5a70c0c49867@group-9CDF3EC888C5-SegmentedRaftLogWorker was interrupted, exiting. There are 0 tasks remaining in the queue.
2021-06-07 01:01:03,446 [Listener at 127.0.0.1/46609] INFO  segmented.SegmentedRaftLogWorker (SegmentedRaftLogWorker.java:close(237)) - 4c0648dc-edb7-46e4-8fb2-cd1978ed42aa@group-C9BD68C210E4-SegmentedRaftLogWorker close()
2021-06-07 01:01:03,447 [ForkJoinPool.commonPool-worker-0] INFO  segmented.SegmentedRaftLogWorker (SegmentedRaftLogWorker.java:close(237)) - c2033f43-39b3-4eb3-b9b2-5a70c0c49867@group-9CDF3EC888C5-SegmentedRaftLogWorker close()
2021-06-07 01:01:03,447 [Listener at 127.0.0.1/46609] INFO  metrics.RatisMetrics (RatisMetrics.java:unregister(43)) - Unregistering Metrics Registry : ratis.log_worker.4c0648dc-edb7-46e4-8fb2-cd1978ed42aa@group-C9BD68C210E4
2021-06-07 01:01:03,448 [Listener at 127.0.0.1/46609] INFO  metrics.RatisMetrics (RatisMetrics.java:unregister(43)) - Unregistering Metrics Registry : ratis.leader_election.4c0648dc-edb7-46e4-8fb2-cd1978ed42aa@group-C9BD68C210E4
2021-06-07 01:01:03,448 [Listener at 127.0.0.1/46609] INFO  metrics.RatisMetrics (RatisMetrics.java:unregister(43)) - Unregistering Metrics Registry : ratis.server.4c0648dc-edb7-46e4-8fb2-cd1978ed42aa@group-C9BD68C210E4
2021-06-07 01:01:03,448 [Listener at 127.0.0.1/46609] INFO  server.RaftServer$Division (RaftServerImpl.java:lambda$close$4(406)) - 4c0648dc-edb7-46e4-8fb2-cd1978ed42aa@group-0816AEE1200F: shutdown
2021-06-07 01:01:03,448 [Listener at 127.0.0.1/46609] INFO  util.JmxRegister (JmxRegister.java:unregister(73)) - Successfully un-registered JMX Bean with object name Ratis:service=RaftServer,group=group-0816AEE1200F,id=4c0648dc-edb7-46e4-8fb2-cd1978ed42aa
2021-06-07 01:01:03,448 [Listener at 127.0.0.1/46609] INFO  impl.RoleInfo (RoleInfo.java:shutdownFollowerState(108)) - 4c0648dc-edb7-46e4-8fb2-cd1978ed42aa: shutdown 4c0648dc-edb7-46e4-8fb2-cd1978ed42aa@group-0816AEE1200F-FollowerState
2021-06-07 01:01:03,448 [ForkJoinPool.commonPool-worker-0] INFO  metrics.RatisMetrics (RatisMetrics.java:unregister(43)) - Unregistering Metrics Registry : ratis.log_worker.c2033f43-39b3-4eb3-b9b2-5a70c0c49867@group-9CDF3EC888C5
2021-06-07 01:01:03,448 [4c0648dc-edb7-46e4-8fb2-cd1978ed42aa@group-0816AEE1200F-FollowerState] INFO  impl.FollowerState (FollowerState.java:run(143)) - 4c0648dc-edb7-46e4-8fb2-cd1978ed42aa@group-0816AEE1200F-FollowerState was interrupted: {}
java.lang.InterruptedException: sleep interrupted
	at java.lang.Thread.sleep(Native Method)
	at java.lang.Thread.sleep(Thread.java:340)
	at java.util.concurrent.TimeUnit.sleep(TimeUnit.java:386)
	at org.apache.ratis.util.TimeDuration.sleep(TimeDuration.java:324)
	at org.apache.ratis.util.TimeDuration.sleep(TimeDuration.java:309)
	at org.apache.ratis.server.impl.FollowerState.run(FollowerState.java:118)
2021-06-07 01:01:03,449 [4c0648dc-edb7-46e4-8fb2-cd1978ed42aa@group-0816AEE1200F-StateMachineUpdater] INFO  ratis.ContainerStateMachine (ContainerStateMachine.java:takeSnapshot(292)) - group-0816AEE1200F: Taking a snapshot at:(t:4, i:0) file /home/runner/work/ozone/ozone/mnt/ozone/hadoop-ozone/integration-test/target/test-dir/MiniOzoneClusterImpl-4d691a8a-0502-4280-8005-09cceedbb589/datanode-4/data/ratis/93fb3b92-65a4-4a48-9dd3-0816aee1200f/sm/snapshot.4_0
2021-06-07 01:01:03,448 [ForkJoinPool.commonPool-worker-0] INFO  metrics.RatisMetrics (RatisMetrics.java:unregister(43)) - Unregistering Metrics Registry : ratis.leader_election.c2033f43-39b3-4eb3-b9b2-5a70c0c49867@group-9CDF3EC888C5
2021-06-07 01:01:03,449 [ForkJoinPool.commonPool-worker-0] INFO  metrics.RatisMetrics (RatisMetrics.java:unregister(43)) - Unregistering Metrics Registry : ratis.server.c2033f43-39b3-4eb3-b9b2-5a70c0c49867@group-9CDF3EC888C5
2021-06-07 01:01:03,449 [ForkJoinPool.commonPool-worker-0] INFO  server.GrpcService (GrpcService.java:closeImpl(262)) - c2033f43-39b3-4eb3-b9b2-5a70c0c49867: shutdown server with port 40253 now
2021-06-07 01:01:03,450 [4c0648dc-edb7-46e4-8fb2-cd1978ed42aa@group-0816AEE1200F-StateMachineUpdater] INFO  ratis.ContainerStateMachine (ContainerStateMachine.java:takeSnapshot(303)) - group-0816AEE1200F: Finished taking a snapshot at:(t:4, i:0) file:/home/runner/work/ozone/ozone/mnt/ozone/hadoop-ozone/integration-test/target/test-dir/MiniOzoneClusterImpl-4d691a8a-0502-4280-8005-09cceedbb589/datanode-4/data/ratis/93fb3b92-65a4-4a48-9dd3-0816aee1200f/sm/snapshot.4_0 took: 1 ms
2021-06-07 01:01:03,450 [4c0648dc-edb7-46e4-8fb2-cd1978ed42aa@group-0816AEE1200F-StateMachineUpdater] INFO  impl.StateMachineUpdater (StateMachineUpdater.java:takeSnapshot(281)) - 4c0648dc-edb7-46e4-8fb2-cd1978ed42aa@group-0816AEE1200F-StateMachineUpdater: Took a snapshot at index 0
2021-06-07 01:01:03,450 [4c0648dc-edb7-46e4-8fb2-cd1978ed42aa@group-0816AEE1200F-StateMachineUpdater] INFO  impl.StateMachineUpdater (StateMachineUpdater.java:lambda$new$0(89)) - 4c0648dc-edb7-46e4-8fb2-cd1978ed42aa@group-0816AEE1200F-StateMachineUpdater: snapshotIndex: updateIncreasingly -1 -> 0
2021-06-07 01:01:03,450 [4c0648dc-edb7-46e4-8fb2-cd1978ed42aa@group-0816AEE1200F-StateMachineUpdater] INFO  metrics.RatisMetrics (RatisMetrics.java:unregister(43)) - Unregistering Metrics Registry : ratis.state_machine.4c0648dc-edb7-46e4-8fb2-cd1978ed42aa@group-0816AEE1200F
2021-06-07 01:01:03,451 [Listener at 127.0.0.1/46609] INFO  impl.StateMachineUpdater (StateMachineUpdater.java:stopAndJoin(149)) - 4c0648dc-edb7-46e4-8fb2-cd1978ed42aa@group-0816AEE1200F-StateMachineUpdater: set stopIndex = 0
2021-06-07 01:01:03,451 [Listener at 127.0.0.1/46609] INFO  server.RaftServer$Division (ServerState.java:close(405)) - 4c0648dc-edb7-46e4-8fb2-cd1978ed42aa@group-0816AEE1200F: closes. applyIndex: 0
2021-06-07 01:01:03,452 [4c0648dc-edb7-46e4-8fb2-cd1978ed42aa@group-0816AEE1200F-SegmentedRaftLogWorker] INFO  segmented.SegmentedRaftLogWorker (SegmentedRaftLogWorker.java:run(327)) - 4c0648dc-edb7-46e4-8fb2-cd1978ed42aa@group-0816AEE1200F-SegmentedRaftLogWorker was interrupted, exiting. There are 0 tasks remaining in the queue.
2021-06-07 01:01:03,453 [Listener at 127.0.0.1/46609] INFO  segmented.SegmentedRaftLogWorker (SegmentedRaftLogWorker.java:close(237)) - 4c0648dc-edb7-46e4-8fb2-cd1978ed42aa@group-0816AEE1200F-SegmentedRaftLogWorker close()
2021-06-07 01:01:03,453 [Listener at 127.0.0.1/46609] INFO  metrics.RatisMetrics (RatisMetrics.java:unregister(43)) - Unregistering Metrics Registry : ratis.log_worker.4c0648dc-edb7-46e4-8fb2-cd1978ed42aa@group-0816AEE1200F
2021-06-07 01:01:03,455 [ForkJoinPool.commonPool-worker-0] INFO  server.GrpcService (GrpcService.java:closeImpl(271)) - c2033f43-39b3-4eb3-b9b2-5a70c0c49867: shutdown server with port 40253 successfully
2021-06-07 01:01:03,455 [org.apache.ratis.util.JvmPauseMonitor$$Lambda$513/325153081@1c0bbea3] INFO  util.JvmPauseMonitor (JvmPauseMonitor.java:run(109)) - JvmPauseMonitor-c2033f43-39b3-4eb3-b9b2-5a70c0c49867: Stopped
2021-06-07 01:01:03,458 [Listener at 127.0.0.1/46609] INFO  metrics.RatisMetrics (RatisMetrics.java:unregister(43)) - Unregistering Metrics Registry : ratis.leader_election.4c0648dc-edb7-46e4-8fb2-cd1978ed42aa@group-0816AEE1200F
2021-06-07 01:01:03,458 [Listener at 127.0.0.1/46609] INFO  metrics.RatisMetrics (RatisMetrics.java:unregister(43)) - Unregistering Metrics Registry : ratis.server.4c0648dc-edb7-46e4-8fb2-cd1978ed42aa@group-0816AEE1200F
2021-06-07 01:01:03,458 [Listener at 127.0.0.1/46609] INFO  server.GrpcService (GrpcService.java:closeImpl(262)) - 4c0648dc-edb7-46e4-8fb2-cd1978ed42aa: shutdown server with port 41055 now
2021-06-07 01:01:03,460 [grpc-default-executor-3] WARN  server.GrpcLogAppender (LogUtils.java:warn(122)) - 8d92b5a7-4709-4dab-ba37-cfa7e81d90ef@group-0816AEE1200F->4c0648dc-edb7-46e4-8fb2-cd1978ed42aa-AppendLogResponseHandler: Failed appendEntries: org.apache.ratis.thirdparty.io.grpc.StatusRuntimeException: CANCELLED: HTTP/2 error code: CANCEL
Received Rst Stream
2021-06-07 01:01:03,461 [grpc-default-executor-0] WARN  server.GrpcServerProtocolService (LogUtils.java:warn(122)) - 4c0648dc-edb7-46e4-8fb2-cd1978ed42aa: installSnapshot onError, lastRequest: 8d92b5a7-4709-4dab-ba37-cfa7e81d90ef->4c0648dc-edb7-46e4-8fb2-cd1978ed42aa#1-t4,previous=(t:0, i:0),leaderCommit=-1,initializing? true,entries: size=1, first=(t:4, i:0), CONFIGURATIONENTRY: org.apache.ratis.thirdparty.io.grpc.StatusRuntimeException: CANCELLED: client cancelled
2021-06-07 01:01:03,461 [grpc-default-executor-3] WARN  server.GrpcLogAppender (GrpcLogAppender.java:resetClient(111)) - 8d92b5a7-4709-4dab-ba37-cfa7e81d90ef@group-0816AEE1200F->4c0648dc-edb7-46e4-8fb2-cd1978ed42aa-GrpcLogAppender: Leader has not got in touch with Follower 8d92b5a7-4709-4dab-ba37-cfa7e81d90ef@group-0816AEE1200F->4c0648dc-edb7-46e4-8fb2-cd1978ed42aa(c0,m0,n1, attendVote=true, lastRpcSendTime=794, lastRpcResponseTime=792) yet, just keep nextIndex unchanged and retry.
2021-06-07 01:01:03,462 [ForkJoinPool.commonPool-worker-0] INFO  utils.BackgroundService (BackgroundService.java:shutdown(132)) - Shutting down service BlockDeletingService
2021-06-07 01:01:03,463 [Listener at 127.0.0.1/46609] INFO  server.GrpcService (GrpcService.java:closeImpl(271)) - 4c0648dc-edb7-46e4-8fb2-cd1978ed42aa: shutdown server with port 41055 successfully
2021-06-07 01:01:03,464 [org.apache.ratis.util.JvmPauseMonitor$$Lambda$513/325153081@6c16cb94] INFO  util.JvmPauseMonitor (JvmPauseMonitor.java:run(109)) - JvmPauseMonitor-4c0648dc-edb7-46e4-8fb2-cd1978ed42aa: Stopped
2021-06-07 01:01:03,465 [Listener at 127.0.0.1/46609] INFO  utils.BackgroundService (BackgroundService.java:shutdown(132)) - Shutting down service BlockDeletingService
2021-06-07 01:01:03,470 [ForkJoinPool.commonPool-worker-0] INFO  statemachine.DatanodeStateMachine (DatanodeStateMachine.java:stopDaemon(486)) - Ozone container server stopped.
2021-06-07 01:01:03,471 [Listener at 127.0.0.1/46609] INFO  statemachine.DatanodeStateMachine (DatanodeStateMachine.java:stopDaemon(486)) - Ozone container server stopped.
2021-06-07 01:01:03,471 [Listener at 127.0.0.1/46609] INFO  handler.ContextHandler (ContextHandler.java:doStop(1154)) - Stopped o.e.j.w.WebAppContext@1bfca85c{hddsDatanode,/,null,STOPPED}{jar:file:/home/runner/.m2/repository/org/apache/ozone/hdds-container-service/1.2.0-SNAPSHOT/hdds-container-service-1.2.0-SNAPSHOT.jar!/webapps/hddsDatanode}
2021-06-07 01:01:03,472 [Listener at 127.0.0.1/46609] INFO  server.AbstractConnector (AbstractConnector.java:doStop(381)) - Stopped ServerConnector@791930f8{HTTP/1.1, (http/1.1)}{0.0.0.0:0}
2021-06-07 01:01:03,472 [Listener at 127.0.0.1/46609] INFO  server.session (HouseKeeper.java:stopScavenging(149)) - node0 Stopped scavenging
2021-06-07 01:01:03,472 [Listener at 127.0.0.1/46609] INFO  handler.ContextHandler (ContextHandler.java:doStop(1154)) - Stopped o.e.j.s.ServletContextHandler@6dceb58c{static,/static,jar:file:/home/runner/.m2/repository/org/apache/ozone/hdds-container-service/1.2.0-SNAPSHOT/hdds-container-service-1.2.0-SNAPSHOT.jar!/webapps/static,STOPPED}
2021-06-07 01:01:03,473 [Listener at 127.0.0.1/46609] INFO  handler.ContextHandler (ContextHandler.java:doStop(1154)) - Stopped o.e.j.s.ServletContextHandler@52029f28{logs,/logs,file:///home/runner/work/ozone/ozone/mnt/ozone/hadoop-ozone/integration-test/target/log,STOPPED}
2021-06-07 01:01:03,496 [ForkJoinPool.commonPool-worker-0] INFO  handler.ContextHandler (ContextHandler.java:doStop(1154)) - Stopped o.e.j.w.WebAppContext@c1539bf{hddsDatanode,/,null,STOPPED}{jar:file:/home/runner/.m2/repository/org/apache/ozone/hdds-container-service/1.2.0-SNAPSHOT/hdds-container-service-1.2.0-SNAPSHOT.jar!/webapps/hddsDatanode}
2021-06-07 01:01:03,498 [ForkJoinPool.commonPool-worker-0] INFO  server.AbstractConnector (AbstractConnector.java:doStop(381)) - Stopped ServerConnector@7f8ac54f{HTTP/1.1, (http/1.1)}{0.0.0.0:0}
2021-06-07 01:01:03,498 [ForkJoinPool.commonPool-worker-0] INFO  server.session (HouseKeeper.java:stopScavenging(149)) - node0 Stopped scavenging
2021-06-07 01:01:03,499 [ForkJoinPool.commonPool-worker-0] INFO  handler.ContextHandler (ContextHandler.java:doStop(1154)) - Stopped o.e.j.s.ServletContextHandler@6da3dcc3{static,/static,jar:file:/home/runner/.m2/repository/org/apache/ozone/hdds-container-service/1.2.0-SNAPSHOT/hdds-container-service-1.2.0-SNAPSHOT.jar!/webapps/static,STOPPED}
2021-06-07 01:01:03,499 [ForkJoinPool.commonPool-worker-0] INFO  handler.ContextHandler (ContextHandler.java:doStop(1154)) - Stopped o.e.j.s.ServletContextHandler@1ccc4cc5{logs,/logs,file:///home/runner/work/ozone/ozone/mnt/ozone/hadoop-ozone/integration-test/target/log,STOPPED}
2021-06-07 01:01:03,543 [Datanode State Machine Thread - 0] INFO  statemachine.DatanodeStateMachine (DatanodeStateMachine.java:lambda$startDaemon$0(428)) - Ozone container server started.
2021-06-07 01:01:03,640 [Datanode State Machine Thread - 0] INFO  statemachine.DatanodeStateMachine (DatanodeStateMachine.java:lambda$startDaemon$0(428)) - Ozone container server started.
2021-06-07 01:01:05,171 [grpc-default-executor-5] WARN  server.GrpcLogAppender (LogUtils.java:warn(122)) - 8d92b5a7-4709-4dab-ba37-cfa7e81d90ef@group-0816AEE1200F->4c0648dc-edb7-46e4-8fb2-cd1978ed42aa-AppendLogResponseHandler: Failed appendEntries: org.apache.ratis.thirdparty.io.grpc.StatusRuntimeException: UNAVAILABLE: io exception
2021-06-07 01:01:05,171 [grpc-default-executor-5] WARN  server.GrpcLogAppender (GrpcLogAppender.java:resetClient(111)) - 8d92b5a7-4709-4dab-ba37-cfa7e81d90ef@group-0816AEE1200F->4c0648dc-edb7-46e4-8fb2-cd1978ed42aa-GrpcLogAppender: Leader has not got in touch with Follower 8d92b5a7-4709-4dab-ba37-cfa7e81d90ef@group-0816AEE1200F->4c0648dc-edb7-46e4-8fb2-cd1978ed42aa(c0,m0,n1, attendVote=true, lastRpcSendTime=1, lastRpcResponseTime=2502) yet, just keep nextIndex unchanged and retry.
2021-06-07 01:01:07,543 [3eee8d88-c0ac-4861-bc75-3c80431b5d11@group-9CDF3EC888C5-FollowerState] INFO  impl.FollowerState (FollowerState.java:run(134)) - 3eee8d88-c0ac-4861-bc75-3c80431b5d11@group-9CDF3EC888C5-FollowerState: change to CANDIDATE, lastRpcElapsedTime:5188387788ns, electionTimeout:5109ms
2021-06-07 01:01:07,543 [3eee8d88-c0ac-4861-bc75-3c80431b5d11@group-9CDF3EC888C5-FollowerState] INFO  impl.RoleInfo (RoleInfo.java:shutdownFollowerState(108)) - 3eee8d88-c0ac-4861-bc75-3c80431b5d11: shutdown 3eee8d88-c0ac-4861-bc75-3c80431b5d11@group-9CDF3EC888C5-FollowerState
2021-06-07 01:01:07,544 [3eee8d88-c0ac-4861-bc75-3c80431b5d11@group-9CDF3EC888C5-FollowerState] INFO  server.RaftServer$Division (RaftServerImpl.java:setRole(284)) - 3eee8d88-c0ac-4861-bc75-3c80431b5d11@group-9CDF3EC888C5: changes role from  FOLLOWER to CANDIDATE at term 5 for changeToCandidate
2021-06-07 01:01:07,544 [3eee8d88-c0ac-4861-bc75-3c80431b5d11@group-9CDF3EC888C5-FollowerState] INFO  server.RaftServerConfigKeys (ConfUtils.java:logGet(44)) - raft.server.leaderelection.pre-vote = false (custom)
2021-06-07 01:01:07,544 [3eee8d88-c0ac-4861-bc75-3c80431b5d11@group-9CDF3EC888C5-FollowerState] INFO  impl.RoleInfo (RoleInfo.java:updateAndGet(130)) - 3eee8d88-c0ac-4861-bc75-3c80431b5d11: start 3eee8d88-c0ac-4861-bc75-3c80431b5d11@group-9CDF3EC888C5-LeaderElection53
2021-06-07 01:01:07,544 [3eee8d88-c0ac-4861-bc75-3c80431b5d11@group-9CDF3EC888C5-LeaderElection53] INFO  server.RaftServer$Division (ServerState.java:setLeader(271)) - 3eee8d88-c0ac-4861-bc75-3c80431b5d11@group-9CDF3EC888C5: change Leader from c2033f43-39b3-4eb3-b9b2-5a70c0c49867 to null at term 5 for ELECTION
2021-06-07 01:01:07,546 [3eee8d88-c0ac-4861-bc75-3c80431b5d11@group-9CDF3EC888C5-LeaderElection53] INFO  impl.LeaderElection (LeaderElection.java:askForVotes(306)) - 3eee8d88-c0ac-4861-bc75-3c80431b5d11@group-9CDF3EC888C5-LeaderElection53 ELECTION round 0: submit vote requests at term 6 for 1: [3eee8d88-c0ac-4861-bc75-3c80431b5d11|rpc:10.1.0.42:45455|dataStream:|priority:0, e1c54329-0f94-4ac4-b921-c08a88020a90|rpc:10.1.0.42:42691|dataStream:|priority:0, c2033f43-39b3-4eb3-b9b2-5a70c0c49867|rpc:10.1.0.42:40253|dataStream:|priority:1], old=null
2021-06-07 01:01:07,549 [grpc-default-executor-3] INFO  server.RaftServer$Division (RaftServerImpl.java:requestVote(1042)) - e1c54329-0f94-4ac4-b921-c08a88020a90@group-9CDF3EC888C5: receive requestVote(ELECTION, 3eee8d88-c0ac-4861-bc75-3c80431b5d11, group-9CDF3EC888C5, 6, (t:5, i:2))
2021-06-07 01:01:07,549 [grpc-default-executor-3] INFO  impl.VoteContext (VoteContext.java:log(48)) - e1c54329-0f94-4ac4-b921-c08a88020a90@group-9CDF3EC888C5-FOLLOWER: accept ELECTION from 3eee8d88-c0ac-4861-bc75-3c80431b5d11: our priority 0 <= candidate's priority 0
2021-06-07 01:01:07,549 [grpc-default-executor-3] INFO  server.RaftServer$Division (ServerState.java:setLeader(271)) - e1c54329-0f94-4ac4-b921-c08a88020a90@group-9CDF3EC888C5: change Leader from c2033f43-39b3-4eb3-b9b2-5a70c0c49867 to null at term 6 for updateCurrentTerm
2021-06-07 01:01:07,549 [grpc-default-executor-3] INFO  server.RaftServer$Division (RaftServerImpl.java:setRole(284)) - e1c54329-0f94-4ac4-b921-c08a88020a90@group-9CDF3EC888C5: changes role from  FOLLOWER to FOLLOWER at term 6 for candidate:3eee8d88-c0ac-4861-bc75-3c80431b5d11
2021-06-07 01:01:07,549 [grpc-default-executor-3] INFO  impl.RoleInfo (RoleInfo.java:shutdownFollowerState(108)) - e1c54329-0f94-4ac4-b921-c08a88020a90: shutdown e1c54329-0f94-4ac4-b921-c08a88020a90@group-9CDF3EC888C5-FollowerState
2021-06-07 01:01:07,549 [grpc-default-executor-3] INFO  impl.RoleInfo (RoleInfo.java:updateAndGet(130)) - e1c54329-0f94-4ac4-b921-c08a88020a90: start e1c54329-0f94-4ac4-b921-c08a88020a90@group-9CDF3EC888C5-FollowerState
2021-06-07 01:01:07,549 [e1c54329-0f94-4ac4-b921-c08a88020a90@group-9CDF3EC888C5-FollowerState] INFO  impl.FollowerState (FollowerState.java:run(143)) - e1c54329-0f94-4ac4-b921-c08a88020a90@group-9CDF3EC888C5-FollowerState was interrupted: {}
java.lang.InterruptedException: sleep interrupted
	at java.lang.Thread.sleep(Native Method)
	at java.lang.Thread.sleep(Thread.java:340)
	at java.util.concurrent.TimeUnit.sleep(TimeUnit.java:386)
	at org.apache.ratis.util.TimeDuration.sleep(TimeDuration.java:324)
	at org.apache.ratis.util.TimeDuration.sleep(TimeDuration.java:309)
	at org.apache.ratis.server.impl.FollowerState.run(FollowerState.java:118)
2021-06-07 01:01:07,551 [3eee8d88-c0ac-4861-bc75-3c80431b5d11@group-9CDF3EC888C5-LeaderElection53] INFO  impl.LeaderElection (LogUtils.java:infoOrTrace(137)) - 3eee8d88-c0ac-4861-bc75-3c80431b5d11@group-9CDF3EC888C5-LeaderElection53 got exception when requesting votes: java.util.concurrent.ExecutionException: org.apache.ratis.thirdparty.io.grpc.StatusRuntimeException: UNAVAILABLE: io exception
2021-06-07 01:01:07,553 [grpc-default-executor-3] INFO  server.RaftServer$Division (RaftServerImpl.java:requestVote(1074)) - e1c54329-0f94-4ac4-b921-c08a88020a90@group-9CDF3EC888C5 replies to ELECTION vote request: 3eee8d88-c0ac-4861-bc75-3c80431b5d11<-e1c54329-0f94-4ac4-b921-c08a88020a90#0:OK-t6. Peer's state: e1c54329-0f94-4ac4-b921-c08a88020a90@group-9CDF3EC888C5:t6, leader=null, voted=3eee8d88-c0ac-4861-bc75-3c80431b5d11, raftlog=e1c54329-0f94-4ac4-b921-c08a88020a90@group-9CDF3EC888C5-SegmentedRaftLog:OPENED:c2,f2,i2, conf=1: [3eee8d88-c0ac-4861-bc75-3c80431b5d11|rpc:10.1.0.42:45455|dataStream:|priority:0, e1c54329-0f94-4ac4-b921-c08a88020a90|rpc:10.1.0.42:42691|dataStream:|priority:0, c2033f43-39b3-4eb3-b9b2-5a70c0c49867|rpc:10.1.0.42:40253|dataStream:|priority:1], old=null
2021-06-07 01:01:07,553 [3eee8d88-c0ac-4861-bc75-3c80431b5d11@group-9CDF3EC888C5-LeaderElection53] INFO  impl.LeaderElection (LeaderElection.java:logAndReturn(89)) - 3eee8d88-c0ac-4861-bc75-3c80431b5d11@group-9CDF3EC888C5-LeaderElection53: ELECTION PASSED received 1 response(s) and 1 exception(s):
2021-06-07 01:01:07,553 [3eee8d88-c0ac-4861-bc75-3c80431b5d11@group-9CDF3EC888C5-LeaderElection53] INFO  impl.LeaderElection (LeaderElection.java:logAndReturn(93)) -   Response 0: 3eee8d88-c0ac-4861-bc75-3c80431b5d11<-e1c54329-0f94-4ac4-b921-c08a88020a90#0:OK-t6
2021-06-07 01:01:07,554 [3eee8d88-c0ac-4861-bc75-3c80431b5d11@group-9CDF3EC888C5-LeaderElection53] INFO  impl.LeaderElection (LogUtils.java:infoOrTrace(137)) -   Exception 1: java.util.concurrent.ExecutionException: org.apache.ratis.thirdparty.io.grpc.StatusRuntimeException: UNAVAILABLE: io exception
2021-06-07 01:01:07,554 [3eee8d88-c0ac-4861-bc75-3c80431b5d11@group-9CDF3EC888C5-LeaderElection53] INFO  impl.LeaderElection (LeaderElection.java:askForVotes(308)) - 3eee8d88-c0ac-4861-bc75-3c80431b5d11@group-9CDF3EC888C5-LeaderElection53 ELECTION round 0: result PASSED
2021-06-07 01:01:07,554 [3eee8d88-c0ac-4861-bc75-3c80431b5d11@group-9CDF3EC888C5-LeaderElection53] INFO  impl.RoleInfo (RoleInfo.java:shutdownLeaderElection(121)) - 3eee8d88-c0ac-4861-bc75-3c80431b5d11: shutdown 3eee8d88-c0ac-4861-bc75-3c80431b5d11@group-9CDF3EC888C5-LeaderElection53
2021-06-07 01:01:07,554 [3eee8d88-c0ac-4861-bc75-3c80431b5d11@group-9CDF3EC888C5-LeaderElection53] INFO  server.RaftServer$Division (RaftServerImpl.java:setRole(284)) - 3eee8d88-c0ac-4861-bc75-3c80431b5d11@group-9CDF3EC888C5: changes role from CANDIDATE to LEADER at term 6 for changeToLeader
2021-06-07 01:01:07,554 [3eee8d88-c0ac-4861-bc75-3c80431b5d11@group-9CDF3EC888C5-LeaderElection53] INFO  ratis.XceiverServerRatis (XceiverServerRatis.java:handleLeaderChangedNotification(906)) - Leader change notification received for group: group-9CDF3EC888C5 with new leaderId: 3eee8d88-c0ac-4861-bc75-3c80431b5d11
2021-06-07 01:01:07,554 [3eee8d88-c0ac-4861-bc75-3c80431b5d11@group-9CDF3EC888C5-LeaderElection53] INFO  server.RaftServer$Division (ServerState.java:setLeader(271)) - 3eee8d88-c0ac-4861-bc75-3c80431b5d11@group-9CDF3EC888C5: change Leader from null to 3eee8d88-c0ac-4861-bc75-3c80431b5d11 at term 6 for becomeLeader, leader elected after 9ms
2021-06-07 01:01:07,554 [3eee8d88-c0ac-4861-bc75-3c80431b5d11@group-9CDF3EC888C5-LeaderElection53] INFO  server.RaftServerConfigKeys (ConfUtils.java:logGet(44)) - raft.server.staging.catchup.gap = 1000 (default)
2021-06-07 01:01:07,554 [3eee8d88-c0ac-4861-bc75-3c80431b5d11@group-9CDF3EC888C5-LeaderElection53] INFO  metrics.RatisMetrics (RatisMetrics.java:lambda$create$0(36)) - Creating Metrics Registry : ratis.log_appender.3eee8d88-c0ac-4861-bc75-3c80431b5d11@group-9CDF3EC888C5
2021-06-07 01:01:07,554 [3eee8d88-c0ac-4861-bc75-3c80431b5d11@group-9CDF3EC888C5-LeaderElection53] INFO  server.RaftServerConfigKeys (ConfUtils.java:logGet(44)) - raft.server.write.element-limit = 1024 (custom)
2021-06-07 01:01:07,555 [3eee8d88-c0ac-4861-bc75-3c80431b5d11@group-9CDF3EC888C5-LeaderElection53] INFO  server.RaftServerConfigKeys (ConfUtils.java:logGet(44)) - raft.server.write.byte-limit = 1073741824 (custom)
2021-06-07 01:01:07,555 [3eee8d88-c0ac-4861-bc75-3c80431b5d11@group-9CDF3EC888C5-LeaderElection53] INFO  server.RaftServerConfigKeys (ConfUtils.java:logGet(44)) - raft.server.watch.timeout = 3000ms (custom)
2021-06-07 01:01:07,555 [3eee8d88-c0ac-4861-bc75-3c80431b5d11@group-9CDF3EC888C5-LeaderElection53] INFO  server.RaftServerConfigKeys (ConfUtils.java:logGet(44)) - raft.server.watch.timeout.denomination = 1s (default)
2021-06-07 01:01:07,555 [3eee8d88-c0ac-4861-bc75-3c80431b5d11@group-9CDF3EC888C5-LeaderElection53] INFO  server.RaftServerConfigKeys (ConfUtils.java:logGet(44)) - raft.server.watch.element-limit = 65536 (default)
2021-06-07 01:01:07,555 [3eee8d88-c0ac-4861-bc75-3c80431b5d11@group-9CDF3EC888C5-LeaderElection53] INFO  server.RaftServerConfigKeys (ConfUtils.java:logGet(44)) - raft.server.log.appender.snapshot.chunk.size.max = 16MB (=16777216) (default)
2021-06-07 01:01:07,555 [3eee8d88-c0ac-4861-bc75-3c80431b5d11@group-9CDF3EC888C5-LeaderElection53] INFO  server.RaftServerConfigKeys (ConfUtils.java:logGet(44)) - raft.server.log.appender.buffer.byte-limit = 33554432 (custom)
2021-06-07 01:01:07,555 [3eee8d88-c0ac-4861-bc75-3c80431b5d11@group-9CDF3EC888C5-LeaderElection53] INFO  server.RaftServerConfigKeys (ConfUtils.java:logGet(44)) - raft.server.log.appender.buffer.element-limit = 1 (custom)
2021-06-07 01:01:07,555 [3eee8d88-c0ac-4861-bc75-3c80431b5d11@group-9CDF3EC888C5-LeaderElection53] INFO  grpc.GrpcConfigKeys (ConfUtils.java:logGet(44)) - raft.grpc.server.leader.outstanding.appends.max = 128 (default)
2021-06-07 01:01:07,555 [3eee8d88-c0ac-4861-bc75-3c80431b5d11@group-9CDF3EC888C5-LeaderElection53] INFO  server.RaftServerConfigKeys (ConfUtils.java:logGet(44)) - raft.server.rpc.request.timeout = 3000ms (default)
2021-06-07 01:01:07,555 [3eee8d88-c0ac-4861-bc75-3c80431b5d11@group-9CDF3EC888C5-LeaderElection53] INFO  server.RaftServerConfigKeys (ConfUtils.java:logGet(44)) - raft.server.log.appender.install.snapshot.enabled = false (custom)
2021-06-07 01:01:07,555 [3eee8d88-c0ac-4861-bc75-3c80431b5d11@group-9CDF3EC888C5-LeaderElection53] INFO  metrics.RatisMetrics (RatisMetrics.java:lambda$create$0(36)) - Creating Metrics Registry : ratis_grpc.log_appender.3eee8d88-c0ac-4861-bc75-3c80431b5d11@group-9CDF3EC888C5
2021-06-07 01:01:07,556 [3eee8d88-c0ac-4861-bc75-3c80431b5d11@group-9CDF3EC888C5-LeaderElection53] INFO  server.RaftServerConfigKeys (ConfUtils.java:logGet(44)) - raft.server.log.appender.snapshot.chunk.size.max = 16MB (=16777216) (default)
2021-06-07 01:01:07,556 [3eee8d88-c0ac-4861-bc75-3c80431b5d11@group-9CDF3EC888C5-LeaderElection53] INFO  server.RaftServerConfigKeys (ConfUtils.java:logGet(44)) - raft.server.log.appender.buffer.byte-limit = 33554432 (custom)
2021-06-07 01:01:07,556 [3eee8d88-c0ac-4861-bc75-3c80431b5d11@group-9CDF3EC888C5-LeaderElection53] INFO  server.RaftServerConfigKeys (ConfUtils.java:logGet(44)) - raft.server.log.appender.buffer.element-limit = 1 (custom)
2021-06-07 01:01:07,556 [3eee8d88-c0ac-4861-bc75-3c80431b5d11@group-9CDF3EC888C5-LeaderElection53] INFO  grpc.GrpcConfigKeys (ConfUtils.java:logGet(44)) - raft.grpc.server.leader.outstanding.appends.max = 128 (default)
2021-06-07 01:01:07,556 [3eee8d88-c0ac-4861-bc75-3c80431b5d11@group-9CDF3EC888C5-LeaderElection53] INFO  server.RaftServerConfigKeys (ConfUtils.java:logGet(44)) - raft.server.rpc.request.timeout = 3000ms (default)
2021-06-07 01:01:07,556 [3eee8d88-c0ac-4861-bc75-3c80431b5d11@group-9CDF3EC888C5-LeaderElection53] INFO  server.RaftServerConfigKeys (ConfUtils.java:logGet(44)) - raft.server.log.appender.install.snapshot.enabled = false (custom)
2021-06-07 01:01:07,557 [3eee8d88-c0ac-4861-bc75-3c80431b5d11@group-9CDF3EC888C5-LeaderElection53] INFO  impl.RoleInfo (RoleInfo.java:updateAndGet(130)) - 3eee8d88-c0ac-4861-bc75-3c80431b5d11: start 3eee8d88-c0ac-4861-bc75-3c80431b5d11@group-9CDF3EC888C5-LeaderStateImpl
2021-06-07 01:01:07,557 [3eee8d88-c0ac-4861-bc75-3c80431b5d11@group-9CDF3EC888C5-LeaderElection53] INFO  segmented.SegmentedRaftLogWorker (SegmentedRaftLogWorker.java:rollLogSegment(399)) - 3eee8d88-c0ac-4861-bc75-3c80431b5d11@group-9CDF3EC888C5-SegmentedRaftLogWorker: Rolling segment log-1_2 to index:2
2021-06-07 01:01:07,558 [3eee8d88-c0ac-4861-bc75-3c80431b5d11@group-9CDF3EC888C5-SegmentedRaftLogWorker] INFO  segmented.SegmentedRaftLogWorker (SegmentedRaftLogWorker.java:execute(558)) - 3eee8d88-c0ac-4861-bc75-3c80431b5d11@group-9CDF3EC888C5-SegmentedRaftLogWorker: Rolled log segment from /home/runner/work/ozone/ozone/mnt/ozone/hadoop-ozone/integration-test/target/test-dir/MiniOzoneClusterImpl-4d691a8a-0502-4280-8005-09cceedbb589/datanode-1/data/ratis/7966a4a9-418d-4bdc-887b-9cdf3ec888c5/current/log_inprogress_1 to /home/runner/work/ozone/ozone/mnt/ozone/hadoop-ozone/integration-test/target/test-dir/MiniOzoneClusterImpl-4d691a8a-0502-4280-8005-09cceedbb589/datanode-1/data/ratis/7966a4a9-418d-4bdc-887b-9cdf3ec888c5/current/log_1-2
2021-06-07 01:01:07,560 [3eee8d88-c0ac-4861-bc75-3c80431b5d11@group-9CDF3EC888C5-SegmentedRaftLogWorker] INFO  segmented.SegmentedRaftLogWorker (SegmentedRaftLogWorker.java:execute(601)) - 3eee8d88-c0ac-4861-bc75-3c80431b5d11@group-9CDF3EC888C5-SegmentedRaftLogWorker: created new log segment /home/runner/work/ozone/ozone/mnt/ozone/hadoop-ozone/integration-test/target/test-dir/MiniOzoneClusterImpl-4d691a8a-0502-4280-8005-09cceedbb589/datanode-1/data/ratis/7966a4a9-418d-4bdc-887b-9cdf3ec888c5/current/log_inprogress_3
2021-06-07 01:01:07,570 [grpc-default-executor-5] INFO  ratis.XceiverServerRatis (XceiverServerRatis.java:handleLeaderChangedNotification(906)) - Leader change notification received for group: group-9CDF3EC888C5 with new leaderId: 3eee8d88-c0ac-4861-bc75-3c80431b5d11
2021-06-07 01:01:07,570 [grpc-default-executor-5] INFO  server.RaftServer$Division (ServerState.java:setLeader(271)) - e1c54329-0f94-4ac4-b921-c08a88020a90@group-9CDF3EC888C5: change Leader from null to 3eee8d88-c0ac-4861-bc75-3c80431b5d11 at term 6 for appendEntries, leader elected after 21ms
2021-06-07 01:01:07,572 [3eee8d88-c0ac-4861-bc75-3c80431b5d11@group-9CDF3EC888C5-LeaderElection53] INFO  server.RaftServer$Division (ServerState.java:setRaftConf(373)) - 3eee8d88-c0ac-4861-bc75-3c80431b5d11@group-9CDF3EC888C5: set configuration 3: [3eee8d88-c0ac-4861-bc75-3c80431b5d11|rpc:10.1.0.42:45455|dataStream:|priority:0, e1c54329-0f94-4ac4-b921-c08a88020a90|rpc:10.1.0.42:42691|dataStream:|priority:0, c2033f43-39b3-4eb3-b9b2-5a70c0c49867|rpc:10.1.0.42:40253|dataStream:|priority:1], old=null
2021-06-07 01:01:07,573 [grpc-default-executor-3] WARN  server.GrpcLogAppender (LogUtils.java:warn(122)) - 3eee8d88-c0ac-4861-bc75-3c80431b5d11@group-9CDF3EC888C5->c2033f43-39b3-4eb3-b9b2-5a70c0c49867-AppendLogResponseHandler: Failed appendEntries: org.apache.ratis.thirdparty.io.grpc.StatusRuntimeException: UNAVAILABLE: io exception
2021-06-07 01:01:07,573 [grpc-default-executor-5] INFO  server.RaftServer$Division (ServerState.java:setRaftConf(373)) - e1c54329-0f94-4ac4-b921-c08a88020a90@group-9CDF3EC888C5: set configuration 3: [3eee8d88-c0ac-4861-bc75-3c80431b5d11|rpc:10.1.0.42:45455|dataStream:|priority:0, e1c54329-0f94-4ac4-b921-c08a88020a90|rpc:10.1.0.42:42691|dataStream:|priority:0, c2033f43-39b3-4eb3-b9b2-5a70c0c49867|rpc:10.1.0.42:40253|dataStream:|priority:1], old=null
2021-06-07 01:01:07,573 [grpc-default-executor-5] INFO  segmented.SegmentedRaftLogWorker (SegmentedRaftLogWorker.java:rollLogSegment(399)) - e1c54329-0f94-4ac4-b921-c08a88020a90@group-9CDF3EC888C5-SegmentedRaftLogWorker: Rolling segment log-1_2 to index:2
2021-06-07 01:01:07,574 [e1c54329-0f94-4ac4-b921-c08a88020a90@group-9CDF3EC888C5-SegmentedRaftLogWorker] INFO  segmented.SegmentedRaftLogWorker (SegmentedRaftLogWorker.java:execute(558)) - e1c54329-0f94-4ac4-b921-c08a88020a90@group-9CDF3EC888C5-SegmentedRaftLogWorker: Rolled log segment from /home/runner/work/ozone/ozone/mnt/ozone/hadoop-ozone/integration-test/target/test-dir/MiniOzoneClusterImpl-4d691a8a-0502-4280-8005-09cceedbb589/datanode-0/data/ratis/7966a4a9-418d-4bdc-887b-9cdf3ec888c5/current/log_inprogress_1 to /home/runner/work/ozone/ozone/mnt/ozone/hadoop-ozone/integration-test/target/test-dir/MiniOzoneClusterImpl-4d691a8a-0502-4280-8005-09cceedbb589/datanode-0/data/ratis/7966a4a9-418d-4bdc-887b-9cdf3ec888c5/current/log_1-2
2021-06-07 01:01:07,575 [e1c54329-0f94-4ac4-b921-c08a88020a90@group-9CDF3EC888C5-SegmentedRaftLogWorker] INFO  segmented.SegmentedRaftLogWorker (SegmentedRaftLogWorker.java:execute(601)) - e1c54329-0f94-4ac4-b921-c08a88020a90@group-9CDF3EC888C5-SegmentedRaftLogWorker: created new log segment /home/runner/work/ozone/ozone/mnt/ozone/hadoop-ozone/integration-test/target/test-dir/MiniOzoneClusterImpl-4d691a8a-0502-4280-8005-09cceedbb589/datanode-0/data/ratis/7966a4a9-418d-4bdc-887b-9cdf3ec888c5/current/log_inprogress_3
2021-06-07 01:01:07,580 [grpc-default-executor-3] WARN  server.GrpcLogAppender (GrpcLogAppender.java:resetClient(111)) - 3eee8d88-c0ac-4861-bc75-3c80431b5d11@group-9CDF3EC888C5->c2033f43-39b3-4eb3-b9b2-5a70c0c49867-GrpcLogAppender: Leader has not got in touch with Follower 3eee8d88-c0ac-4861-bc75-3c80431b5d11@group-9CDF3EC888C5->c2033f43-39b3-4eb3-b9b2-5a70c0c49867(c-1,m0,n4, attendVote=true, lastRpcSendTime=0, lastRpcResponseTime=5225) yet, just keep nextIndex unchanged and retry.
2021-06-07 01:01:07,598 [grpc-default-executor-3] WARN  server.GrpcLogAppender (LogUtils.java:warn(122)) - 3eee8d88-c0ac-4861-bc75-3c80431b5d11@group-9CDF3EC888C5->c2033f43-39b3-4eb3-b9b2-5a70c0c49867-AppendLogResponseHandler: Failed appendEntries: org.apache.ratis.thirdparty.io.grpc.StatusRuntimeException: UNAVAILABLE: io exception
2021-06-07 01:01:07,599 [grpc-default-executor-3] WARN  server.GrpcLogAppender (GrpcLogAppender.java:resetClient(111)) - 3eee8d88-c0ac-4861-bc75-3c80431b5d11@group-9CDF3EC888C5->c2033f43-39b3-4eb3-b9b2-5a70c0c49867-GrpcLogAppender: Leader has not got in touch with Follower 3eee8d88-c0ac-4861-bc75-3c80431b5d11@group-9CDF3EC888C5->c2033f43-39b3-4eb3-b9b2-5a70c0c49867(c-1,m0,n5, attendVote=true, lastRpcSendTime=19, lastRpcResponseTime=5244) yet, just keep nextIndex unchanged and retry.
2021-06-07 01:01:07,670 [grpc-default-executor-3] WARN  server.GrpcLogAppender (LogUtils.java:warn(122)) - 8d92b5a7-4709-4dab-ba37-cfa7e81d90ef@group-0816AEE1200F->4c0648dc-edb7-46e4-8fb2-cd1978ed42aa-AppendLogResponseHandler: Failed appendEntries: org.apache.ratis.thirdparty.io.grpc.StatusRuntimeException: UNAVAILABLE: io exception
2021-06-07 01:01:07,670 [grpc-default-executor-3] WARN  server.GrpcLogAppender (GrpcLogAppender.java:resetClient(111)) - 8d92b5a7-4709-4dab-ba37-cfa7e81d90ef@group-0816AEE1200F->4c0648dc-edb7-46e4-8fb2-cd1978ed42aa-GrpcLogAppender: Leader has not got in touch with Follower 8d92b5a7-4709-4dab-ba37-cfa7e81d90ef@group-0816AEE1200F->4c0648dc-edb7-46e4-8fb2-cd1978ed42aa(c0,m0,n1, attendVote=true, lastRpcSendTime=0, lastRpcResponseTime=5001) yet, just keep nextIndex unchanged and retry.
2021-06-07 01:01:08,495 [Listener at 127.0.0.1/46609] INFO  ozoneimpl.OzoneContainer (OzoneContainer.java:stop(316)) - Attempting to stop container services.
2021-06-07 01:01:08,496 [Listener at 127.0.0.1/46609] INFO  server.RaftServer (RaftServerProxy.java:lambda$close$6(391)) - 92e97bd9-ad78-40fd-8151-2c7bc5702604: close
2021-06-07 01:01:08,496 [Listener at 127.0.0.1/46609] INFO  server.RaftServer$Division (RaftServerImpl.java:lambda$close$4(406)) - 92e97bd9-ad78-40fd-8151-2c7bc5702604@group-163F2600BD64: shutdown
2021-06-07 01:01:08,496 [Listener at 127.0.0.1/46609] INFO  util.JmxRegister (JmxRegister.java:unregister(73)) - Successfully un-registered JMX Bean with object name Ratis:service=RaftServer,group=group-163F2600BD64,id=92e97bd9-ad78-40fd-8151-2c7bc5702604
2021-06-07 01:01:08,496 [Listener at 127.0.0.1/46609] INFO  impl.RoleInfo (RoleInfo.java:shutdownLeaderState(91)) - 92e97bd9-ad78-40fd-8151-2c7bc5702604: shutdown 92e97bd9-ad78-40fd-8151-2c7bc5702604@group-163F2600BD64-LeaderStateImpl
2021-06-07 01:01:08,496 [Listener at 127.0.0.1/46609] INFO  impl.PendingRequests (PendingRequests.java:sendNotLeaderResponses(249)) - 92e97bd9-ad78-40fd-8151-2c7bc5702604@group-163F2600BD64-PendingRequests: sendNotLeaderResponses
2021-06-07 01:01:08,496 [Listener at 127.0.0.1/46609] INFO  metrics.RatisMetrics (RatisMetrics.java:unregister(43)) - Unregistering Metrics Registry : ratis.log_appender.92e97bd9-ad78-40fd-8151-2c7bc5702604@group-163F2600BD64
2021-06-07 01:01:08,497 [Listener at 127.0.0.1/46609] INFO  metrics.RatisMetrics (RatisMetrics.java:unregister(43)) - Unregistering Metrics Registry : ratis.server.92e97bd9-ad78-40fd-8151-2c7bc5702604@group-163F2600BD64
2021-06-07 01:01:08,497 [Listener at 127.0.0.1/46609] INFO  impl.StateMachineUpdater (StateMachineUpdater.java:stopAndJoin(149)) - 92e97bd9-ad78-40fd-8151-2c7bc5702604@group-163F2600BD64-StateMachineUpdater: set stopIndex = 0
2021-06-07 01:01:08,498 [92e97bd9-ad78-40fd-8151-2c7bc5702604@group-163F2600BD64-StateMachineUpdater] INFO  ratis.ContainerStateMachine (ContainerStateMachine.java:takeSnapshot(292)) - group-163F2600BD64: Taking a snapshot at:(t:1, i:0) file /home/runner/work/ozone/ozone/mnt/ozone/hadoop-ozone/integration-test/target/test-dir/MiniOzoneClusterImpl-4d691a8a-0502-4280-8005-09cceedbb589/datanode-5/data/ratis/3ca65648-812d-4a5a-8558-163f2600bd64/sm/snapshot.1_0
2021-06-07 01:01:08,499 [92e97bd9-ad78-40fd-8151-2c7bc5702604@group-163F2600BD64-StateMachineUpdater] INFO  ratis.ContainerStateMachine (ContainerStateMachine.java:takeSnapshot(303)) - group-163F2600BD64: Finished taking a snapshot at:(t:1, i:0) file:/home/runner/work/ozone/ozone/mnt/ozone/hadoop-ozone/integration-test/target/test-dir/MiniOzoneClusterImpl-4d691a8a-0502-4280-8005-09cceedbb589/datanode-5/data/ratis/3ca65648-812d-4a5a-8558-163f2600bd64/sm/snapshot.1_0 took: 2 ms
2021-06-07 01:01:08,499 [92e97bd9-ad78-40fd-8151-2c7bc5702604@group-163F2600BD64-StateMachineUpdater] INFO  impl.StateMachineUpdater (StateMachineUpdater.java:takeSnapshot(281)) - 92e97bd9-ad78-40fd-8151-2c7bc5702604@group-163F2600BD64-StateMachineUpdater: Took a snapshot at index 0
2021-06-07 01:01:08,499 [92e97bd9-ad78-40fd-8151-2c7bc5702604@group-163F2600BD64-StateMachineUpdater] INFO  impl.StateMachineUpdater (StateMachineUpdater.java:lambda$new$0(89)) - 92e97bd9-ad78-40fd-8151-2c7bc5702604@group-163F2600BD64-StateMachineUpdater: snapshotIndex: updateIncreasingly -1 -> 0
2021-06-07 01:01:08,499 [92e97bd9-ad78-40fd-8151-2c7bc5702604@group-163F2600BD64-StateMachineUpdater] INFO  metrics.RatisMetrics (RatisMetrics.java:unregister(43)) - Unregistering Metrics Registry : ratis.state_machine.92e97bd9-ad78-40fd-8151-2c7bc5702604@group-163F2600BD64
2021-06-07 01:01:08,499 [Listener at 127.0.0.1/46609] INFO  server.RaftServer$Division (ServerState.java:close(405)) - 92e97bd9-ad78-40fd-8151-2c7bc5702604@group-163F2600BD64: closes. applyIndex: 0
2021-06-07 01:01:08,500 [92e97bd9-ad78-40fd-8151-2c7bc5702604@group-163F2600BD64-SegmentedRaftLogWorker] INFO  segmented.SegmentedRaftLogWorker (SegmentedRaftLogWorker.java:run(327)) - 92e97bd9-ad78-40fd-8151-2c7bc5702604@group-163F2600BD64-SegmentedRaftLogWorker was interrupted, exiting. There are 0 tasks remaining in the queue.
2021-06-07 01:01:08,503 [Listener at 127.0.0.1/46609] INFO  segmented.SegmentedRaftLogWorker (SegmentedRaftLogWorker.java:close(237)) - 92e97bd9-ad78-40fd-8151-2c7bc5702604@group-163F2600BD64-SegmentedRaftLogWorker close()
2021-06-07 01:01:08,504 [ForkJoinPool.commonPool-worker-0] INFO  ozoneimpl.OzoneContainer (OzoneContainer.java:stop(316)) - Attempting to stop container services.
2021-06-07 01:01:08,504 [ForkJoinPool.commonPool-worker-0] INFO  server.RaftServer (RaftServerProxy.java:lambda$close$6(391)) - 8d92b5a7-4709-4dab-ba37-cfa7e81d90ef: close
2021-06-07 01:01:08,504 [ForkJoinPool.commonPool-worker-0] INFO  server.RaftServer$Division (RaftServerImpl.java:lambda$close$4(406)) - 8d92b5a7-4709-4dab-ba37-cfa7e81d90ef@group-2B3425D9E77D: shutdown
2021-06-07 01:01:08,504 [ForkJoinPool.commonPool-worker-0] INFO  util.JmxRegister (JmxRegister.java:unregister(73)) - Successfully un-registered JMX Bean with object name Ratis:service=RaftServer,group=group-2B3425D9E77D,id=8d92b5a7-4709-4dab-ba37-cfa7e81d90ef
2021-06-07 01:01:08,504 [ForkJoinPool.commonPool-worker-0] INFO  impl.RoleInfo (RoleInfo.java:shutdownLeaderState(91)) - 8d92b5a7-4709-4dab-ba37-cfa7e81d90ef: shutdown 8d92b5a7-4709-4dab-ba37-cfa7e81d90ef@group-2B3425D9E77D-LeaderStateImpl
2021-06-07 01:01:08,505 [ForkJoinPool.commonPool-worker-0] INFO  impl.PendingRequests (PendingRequests.java:sendNotLeaderResponses(249)) - 8d92b5a7-4709-4dab-ba37-cfa7e81d90ef@group-2B3425D9E77D-PendingRequests: sendNotLeaderResponses
2021-06-07 01:01:08,505 [ForkJoinPool.commonPool-worker-0] INFO  metrics.RatisMetrics (RatisMetrics.java:unregister(43)) - Unregistering Metrics Registry : ratis.log_appender.8d92b5a7-4709-4dab-ba37-cfa7e81d90ef@group-2B3425D9E77D
2021-06-07 01:01:08,505 [ForkJoinPool.commonPool-worker-0] INFO  metrics.RatisMetrics (RatisMetrics.java:unregister(43)) - Unregistering Metrics Registry : ratis.server.8d92b5a7-4709-4dab-ba37-cfa7e81d90ef@group-2B3425D9E77D
2021-06-07 01:01:08,505 [ForkJoinPool.commonPool-worker-0] INFO  impl.StateMachineUpdater (StateMachineUpdater.java:stopAndJoin(149)) - 8d92b5a7-4709-4dab-ba37-cfa7e81d90ef@group-2B3425D9E77D-StateMachineUpdater: set stopIndex = 0
2021-06-07 01:01:08,508 [8d92b5a7-4709-4dab-ba37-cfa7e81d90ef@group-2B3425D9E77D-StateMachineUpdater] INFO  ratis.ContainerStateMachine (ContainerStateMachine.java:takeSnapshot(292)) - group-2B3425D9E77D: Taking a snapshot at:(t:1, i:0) file /home/runner/work/ozone/ozone/mnt/ozone/hadoop-ozone/integration-test/target/test-dir/MiniOzoneClusterImpl-4d691a8a-0502-4280-8005-09cceedbb589/datanode-3/data/ratis/b27efbdc-69f0-43b0-bf86-2b3425d9e77d/sm/snapshot.1_0
2021-06-07 01:01:08,509 [Listener at 127.0.0.1/46609] INFO  metrics.RatisMetrics (RatisMetrics.java:unregister(43)) - Unregistering Metrics Registry : ratis.log_worker.92e97bd9-ad78-40fd-8151-2c7bc5702604@group-163F2600BD64
2021-06-07 01:01:08,509 [Listener at 127.0.0.1/46609] INFO  metrics.RatisMetrics (RatisMetrics.java:unregister(43)) - Unregistering Metrics Registry : ratis.leader_election.92e97bd9-ad78-40fd-8151-2c7bc5702604@group-163F2600BD64
2021-06-07 01:01:08,509 [Listener at 127.0.0.1/46609] INFO  metrics.RatisMetrics (RatisMetrics.java:unregister(43)) - Unregistering Metrics Registry : ratis.server.92e97bd9-ad78-40fd-8151-2c7bc5702604@group-163F2600BD64
2021-06-07 01:01:08,509 [Listener at 127.0.0.1/46609] INFO  server.RaftServer$Division (RaftServerImpl.java:lambda$close$4(406)) - 92e97bd9-ad78-40fd-8151-2c7bc5702604@group-0816AEE1200F: shutdown
2021-06-07 01:01:08,509 [Listener at 127.0.0.1/46609] INFO  util.JmxRegister (JmxRegister.java:unregister(73)) - Successfully un-registered JMX Bean with object name Ratis:service=RaftServer,group=group-0816AEE1200F,id=92e97bd9-ad78-40fd-8151-2c7bc5702604
2021-06-07 01:01:08,510 [Listener at 127.0.0.1/46609] INFO  impl.RoleInfo (RoleInfo.java:shutdownFollowerState(108)) - 92e97bd9-ad78-40fd-8151-2c7bc5702604: shutdown 92e97bd9-ad78-40fd-8151-2c7bc5702604@group-0816AEE1200F-FollowerState
2021-06-07 01:01:08,510 [Listener at 127.0.0.1/46609] INFO  impl.StateMachineUpdater (StateMachineUpdater.java:stopAndJoin(149)) - 92e97bd9-ad78-40fd-8151-2c7bc5702604@group-0816AEE1200F-StateMachineUpdater: set stopIndex = 0
2021-06-07 01:01:08,510 [92e97bd9-ad78-40fd-8151-2c7bc5702604@group-0816AEE1200F-FollowerState] INFO  impl.FollowerState (FollowerState.java:run(143)) - 92e97bd9-ad78-40fd-8151-2c7bc5702604@group-0816AEE1200F-FollowerState was interrupted: {}
java.lang.InterruptedException: sleep interrupted
	at java.lang.Thread.sleep(Native Method)
	at java.lang.Thread.sleep(Thread.java:340)
	at java.util.concurrent.TimeUnit.sleep(TimeUnit.java:386)
	at org.apache.ratis.util.TimeDuration.sleep(TimeDuration.java:324)
	at org.apache.ratis.util.TimeDuration.sleep(TimeDuration.java:309)
	at org.apache.ratis.server.impl.FollowerState.run(FollowerState.java:118)
2021-06-07 01:01:08,510 [92e97bd9-ad78-40fd-8151-2c7bc5702604@group-0816AEE1200F-StateMachineUpdater] INFO  ratis.ContainerStateMachine (ContainerStateMachine.java:takeSnapshot(292)) - group-0816AEE1200F: Taking a snapshot at:(t:4, i:0) file /home/runner/work/ozone/ozone/mnt/ozone/hadoop-ozone/integration-test/target/test-dir/MiniOzoneClusterImpl-4d691a8a-0502-4280-8005-09cceedbb589/datanode-5/data/ratis/93fb3b92-65a4-4a48-9dd3-0816aee1200f/sm/snapshot.4_0
2021-06-07 01:01:08,510 [8d92b5a7-4709-4dab-ba37-cfa7e81d90ef@group-2B3425D9E77D-StateMachineUpdater] INFO  ratis.ContainerStateMachine (ContainerStateMachine.java:takeSnapshot(303)) - group-2B3425D9E77D: Finished taking a snapshot at:(t:1, i:0) file:/home/runner/work/ozone/ozone/mnt/ozone/hadoop-ozone/integration-test/target/test-dir/MiniOzoneClusterImpl-4d691a8a-0502-4280-8005-09cceedbb589/datanode-3/data/ratis/b27efbdc-69f0-43b0-bf86-2b3425d9e77d/sm/snapshot.1_0 took: 2 ms
2021-06-07 01:01:08,511 [8d92b5a7-4709-4dab-ba37-cfa7e81d90ef@group-2B3425D9E77D-StateMachineUpdater] INFO  impl.StateMachineUpdater (StateMachineUpdater.java:takeSnapshot(281)) - 8d92b5a7-4709-4dab-ba37-cfa7e81d90ef@group-2B3425D9E77D-StateMachineUpdater: Took a snapshot at index 0
2021-06-07 01:01:08,511 [8d92b5a7-4709-4dab-ba37-cfa7e81d90ef@group-2B3425D9E77D-StateMachineUpdater] INFO  impl.StateMachineUpdater (StateMachineUpdater.java:lambda$new$0(89)) - 8d92b5a7-4709-4dab-ba37-cfa7e81d90ef@group-2B3425D9E77D-StateMachineUpdater: snapshotIndex: updateIncreasingly -1 -> 0
2021-06-07 01:01:08,511 [8d92b5a7-4709-4dab-ba37-cfa7e81d90ef@group-2B3425D9E77D-StateMachineUpdater] INFO  metrics.RatisMetrics (RatisMetrics.java:unregister(43)) - Unregistering Metrics Registry : ratis.state_machine.8d92b5a7-4709-4dab-ba37-cfa7e81d90ef@group-2B3425D9E77D
2021-06-07 01:01:08,511 [92e97bd9-ad78-40fd-8151-2c7bc5702604@group-0816AEE1200F-StateMachineUpdater] INFO  ratis.ContainerStateMachine (ContainerStateMachine.java:takeSnapshot(303)) - group-0816AEE1200F: Finished taking a snapshot at:(t:4, i:0) file:/home/runner/work/ozone/ozone/mnt/ozone/hadoop-ozone/integration-test/target/test-dir/MiniOzoneClusterImpl-4d691a8a-0502-4280-8005-09cceedbb589/datanode-5/data/ratis/93fb3b92-65a4-4a48-9dd3-0816aee1200f/sm/snapshot.4_0 took: 1 ms
2021-06-07 01:01:08,511 [92e97bd9-ad78-40fd-8151-2c7bc5702604@group-0816AEE1200F-StateMachineUpdater] INFO  impl.StateMachineUpdater (StateMachineUpdater.java:takeSnapshot(281)) - 92e97bd9-ad78-40fd-8151-2c7bc5702604@group-0816AEE1200F-StateMachineUpdater: Took a snapshot at index 0
2021-06-07 01:01:08,511 [92e97bd9-ad78-40fd-8151-2c7bc5702604@group-0816AEE1200F-StateMachineUpdater] INFO  impl.StateMachineUpdater (StateMachineUpdater.java:lambda$new$0(89)) - 92e97bd9-ad78-40fd-8151-2c7bc5702604@group-0816AEE1200F-StateMachineUpdater: snapshotIndex: updateIncreasingly -1 -> 0
2021-06-07 01:01:08,511 [92e97bd9-ad78-40fd-8151-2c7bc5702604@group-0816AEE1200F-StateMachineUpdater] INFO  metrics.RatisMetrics (RatisMetrics.java:unregister(43)) - Unregistering Metrics Registry : ratis.state_machine.92e97bd9-ad78-40fd-8151-2c7bc5702604@group-0816AEE1200F
2021-06-07 01:01:08,511 [ForkJoinPool.commonPool-worker-0] INFO  server.RaftServer$Division (ServerState.java:close(405)) - 8d92b5a7-4709-4dab-ba37-cfa7e81d90ef@group-2B3425D9E77D: closes. applyIndex: 0
2021-06-07 01:01:08,512 [8d92b5a7-4709-4dab-ba37-cfa7e81d90ef@group-2B3425D9E77D-SegmentedRaftLogWorker] INFO  segmented.SegmentedRaftLogWorker (SegmentedRaftLogWorker.java:run(327)) - 8d92b5a7-4709-4dab-ba37-cfa7e81d90ef@group-2B3425D9E77D-SegmentedRaftLogWorker was interrupted, exiting. There are 0 tasks remaining in the queue.
2021-06-07 01:01:08,512 [Listener at 127.0.0.1/46609] INFO  server.RaftServer$Division (ServerState.java:close(405)) - 92e97bd9-ad78-40fd-8151-2c7bc5702604@group-0816AEE1200F: closes. applyIndex: 0
2021-06-07 01:01:08,512 [92e97bd9-ad78-40fd-8151-2c7bc5702604@group-0816AEE1200F-SegmentedRaftLogWorker] INFO  segmented.SegmentedRaftLogWorker (SegmentedRaftLogWorker.java:run(327)) - 92e97bd9-ad78-40fd-8151-2c7bc5702604@group-0816AEE1200F-SegmentedRaftLogWorker was interrupted, exiting. There are 0 tasks remaining in the queue.
2021-06-07 01:01:08,513 [ForkJoinPool.commonPool-worker-0] INFO  segmented.SegmentedRaftLogWorker (SegmentedRaftLogWorker.java:close(237)) - 8d92b5a7-4709-4dab-ba37-cfa7e81d90ef@group-2B3425D9E77D-SegmentedRaftLogWorker close()
2021-06-07 01:01:08,513 [Listener at 127.0.0.1/46609] INFO  segmented.SegmentedRaftLogWorker (SegmentedRaftLogWorker.java:close(237)) - 92e97bd9-ad78-40fd-8151-2c7bc5702604@group-0816AEE1200F-SegmentedRaftLogWorker close()
2021-06-07 01:01:08,514 [ForkJoinPool.commonPool-worker-0] INFO  metrics.RatisMetrics (RatisMetrics.java:unregister(43)) - Unregistering Metrics Registry : ratis.log_worker.8d92b5a7-4709-4dab-ba37-cfa7e81d90ef@group-2B3425D9E77D
2021-06-07 01:01:08,514 [ForkJoinPool.commonPool-worker-0] INFO  metrics.RatisMetrics (RatisMetrics.java:unregister(43)) - Unregistering Metrics Registry : ratis.leader_election.8d92b5a7-4709-4dab-ba37-cfa7e81d90ef@group-2B3425D9E77D
2021-06-07 01:01:08,514 [ForkJoinPool.commonPool-worker-0] INFO  metrics.RatisMetrics (RatisMetrics.java:unregister(43)) - Unregistering Metrics Registry : ratis.server.8d92b5a7-4709-4dab-ba37-cfa7e81d90ef@group-2B3425D9E77D
2021-06-07 01:01:08,515 [ForkJoinPool.commonPool-worker-0] INFO  server.RaftServer$Division (RaftServerImpl.java:lambda$close$4(406)) - 8d92b5a7-4709-4dab-ba37-cfa7e81d90ef@group-0816AEE1200F: shutdown
2021-06-07 01:01:08,515 [ForkJoinPool.commonPool-worker-0] INFO  util.JmxRegister (JmxRegister.java:unregister(73)) - Successfully un-registered JMX Bean with object name Ratis:service=RaftServer,group=group-0816AEE1200F,id=8d92b5a7-4709-4dab-ba37-cfa7e81d90ef
2021-06-07 01:01:08,515 [ForkJoinPool.commonPool-worker-0] INFO  impl.RoleInfo (RoleInfo.java:shutdownLeaderState(91)) - 8d92b5a7-4709-4dab-ba37-cfa7e81d90ef: shutdown 8d92b5a7-4709-4dab-ba37-cfa7e81d90ef@group-0816AEE1200F-LeaderStateImpl
2021-06-07 01:01:08,515 [ForkJoinPool.commonPool-worker-0] INFO  metrics.RatisMetrics (RatisMetrics.java:unregister(43)) - Unregistering Metrics Registry : ratis_grpc.log_appender.8d92b5a7-4709-4dab-ba37-cfa7e81d90ef@group-0816AEE1200F
2021-06-07 01:01:08,515 [ForkJoinPool.commonPool-worker-0] INFO  metrics.RatisMetrics (RatisMetrics.java:unregister(43)) - Unregistering Metrics Registry : ratis_grpc.log_appender.8d92b5a7-4709-4dab-ba37-cfa7e81d90ef@group-0816AEE1200F
2021-06-07 01:01:08,515 [ForkJoinPool.commonPool-worker-0] INFO  impl.PendingRequests (PendingRequests.java:sendNotLeaderResponses(249)) - 8d92b5a7-4709-4dab-ba37-cfa7e81d90ef@group-0816AEE1200F-PendingRequests: sendNotLeaderResponses
2021-06-07 01:01:08,515 [8d92b5a7-4709-4dab-ba37-cfa7e81d90ef@group-0816AEE1200F->92e97bd9-ad78-40fd-8151-2c7bc5702604-GrpcLogAppender-LogAppenderDaemon] WARN  server.GrpcLogAppender (GrpcLogAppender.java:mayWait(175)) - 8d92b5a7-4709-4dab-ba37-cfa7e81d90ef@group-0816AEE1200F->92e97bd9-ad78-40fd-8151-2c7bc5702604-GrpcLogAppender: Wait interrupted by java.lang.InterruptedException
2021-06-07 01:01:08,516 [grpc-default-executor-5] INFO  server.GrpcServerProtocolService (GrpcServerProtocolService.java:onCompleted(140)) - 92e97bd9-ad78-40fd-8151-2c7bc5702604: Completed APPEND_ENTRIES, lastRequest: 8d92b5a7-4709-4dab-ba37-cfa7e81d90ef->92e97bd9-ad78-40fd-8151-2c7bc5702604#1-t4,previous=(t:0, i:0),leaderCommit=0,initializing? true,entries: size=1, first=(t:4, i:0), CONFIGURATIONENTRY
2021-06-07 01:01:08,516 [grpc-default-executor-3] INFO  server.GrpcLogAppender (GrpcLogAppender.java:onCompleted(344)) - 8d92b5a7-4709-4dab-ba37-cfa7e81d90ef@group-0816AEE1200F->92e97bd9-ad78-40fd-8151-2c7bc5702604-AppendLogResponseHandler: follower responses appendEntries COMPLETED
2021-06-07 01:01:08,516 [grpc-default-executor-3] INFO  leader.FollowerInfo (FollowerInfoImpl.java:lambda$new$0(46)) - 8d92b5a7-4709-4dab-ba37-cfa7e81d90ef@group-0816AEE1200F->92e97bd9-ad78-40fd-8151-2c7bc5702604: nextIndex: updateUnconditionally 1 -> 0
2021-06-07 01:01:08,515 [ForkJoinPool.commonPool-worker-0] INFO  metrics.RatisMetrics (RatisMetrics.java:unregister(43)) - Unregistering Metrics Registry : ratis.log_appender.8d92b5a7-4709-4dab-ba37-cfa7e81d90ef@group-0816AEE1200F
2021-06-07 01:01:08,517 [ForkJoinPool.commonPool-worker-0] INFO  metrics.RatisMetrics (RatisMetrics.java:unregister(43)) - Unregistering Metrics Registry : ratis.server.8d92b5a7-4709-4dab-ba37-cfa7e81d90ef@group-0816AEE1200F
2021-06-07 01:01:08,517 [Listener at 127.0.0.1/46609] INFO  metrics.RatisMetrics (RatisMetrics.java:unregister(43)) - Unregistering Metrics Registry : ratis.log_worker.92e97bd9-ad78-40fd-8151-2c7bc5702604@group-0816AEE1200F
2021-06-07 01:01:08,517 [Listener at 127.0.0.1/46609] INFO  metrics.RatisMetrics (RatisMetrics.java:unregister(43)) - Unregistering Metrics Registry : ratis.leader_election.92e97bd9-ad78-40fd-8151-2c7bc5702604@group-0816AEE1200F
2021-06-07 01:01:08,518 [Listener at 127.0.0.1/46609] INFO  metrics.RatisMetrics (RatisMetrics.java:unregister(43)) - Unregistering Metrics Registry : ratis.server.92e97bd9-ad78-40fd-8151-2c7bc5702604@group-0816AEE1200F
2021-06-07 01:01:08,518 [Listener at 127.0.0.1/46609] INFO  server.GrpcService (GrpcService.java:closeImpl(262)) - 92e97bd9-ad78-40fd-8151-2c7bc5702604: shutdown server with port 42767 now
2021-06-07 01:01:08,517 [ForkJoinPool.commonPool-worker-0] INFO  impl.StateMachineUpdater (StateMachineUpdater.java:stopAndJoin(149)) - 8d92b5a7-4709-4dab-ba37-cfa7e81d90ef@group-0816AEE1200F-StateMachineUpdater: set stopIndex = 0
2021-06-07 01:01:08,517 [8d92b5a7-4709-4dab-ba37-cfa7e81d90ef@group-0816AEE1200F-StateMachineUpdater] INFO  ratis.ContainerStateMachine (ContainerStateMachine.java:takeSnapshot(292)) - group-0816AEE1200F: Taking a snapshot at:(t:4, i:0) file /home/runner/work/ozone/ozone/mnt/ozone/hadoop-ozone/integration-test/target/test-dir/MiniOzoneClusterImpl-4d691a8a-0502-4280-8005-09cceedbb589/datanode-3/data/ratis/93fb3b92-65a4-4a48-9dd3-0816aee1200f/sm/snapshot.4_0
2021-06-07 01:01:08,519 [8d92b5a7-4709-4dab-ba37-cfa7e81d90ef@group-0816AEE1200F-StateMachineUpdater] INFO  ratis.ContainerStateMachine (ContainerStateMachine.java:takeSnapshot(303)) - group-0816AEE1200F: Finished taking a snapshot at:(t:4, i:0) file:/home/runner/work/ozone/ozone/mnt/ozone/hadoop-ozone/integration-test/target/test-dir/MiniOzoneClusterImpl-4d691a8a-0502-4280-8005-09cceedbb589/datanode-3/data/ratis/93fb3b92-65a4-4a48-9dd3-0816aee1200f/sm/snapshot.4_0 took: 2 ms
2021-06-07 01:01:08,519 [8d92b5a7-4709-4dab-ba37-cfa7e81d90ef@group-0816AEE1200F-StateMachineUpdater] INFO  impl.StateMachineUpdater (StateMachineUpdater.java:takeSnapshot(281)) - 8d92b5a7-4709-4dab-ba37-cfa7e81d90ef@group-0816AEE1200F-StateMachineUpdater: Took a snapshot at index 0
2021-06-07 01:01:08,519 [8d92b5a7-4709-4dab-ba37-cfa7e81d90ef@group-0816AEE1200F-StateMachineUpdater] INFO  impl.StateMachineUpdater (StateMachineUpdater.java:lambda$new$0(89)) - 8d92b5a7-4709-4dab-ba37-cfa7e81d90ef@group-0816AEE1200F-StateMachineUpdater: snapshotIndex: updateIncreasingly -1 -> 0
2021-06-07 01:01:08,519 [8d92b5a7-4709-4dab-ba37-cfa7e81d90ef@group-0816AEE1200F-StateMachineUpdater] INFO  metrics.RatisMetrics (RatisMetrics.java:unregister(43)) - Unregistering Metrics Registry : ratis.state_machine.8d92b5a7-4709-4dab-ba37-cfa7e81d90ef@group-0816AEE1200F
2021-06-07 01:01:08,520 [ForkJoinPool.commonPool-worker-0] INFO  server.RaftServer$Division (ServerState.java:close(405)) - 8d92b5a7-4709-4dab-ba37-cfa7e81d90ef@group-0816AEE1200F: closes. applyIndex: 0
2021-06-07 01:01:08,520 [8d92b5a7-4709-4dab-ba37-cfa7e81d90ef@group-0816AEE1200F-SegmentedRaftLogWorker] INFO  segmented.SegmentedRaftLogWorker (SegmentedRaftLogWorker.java:run(327)) - 8d92b5a7-4709-4dab-ba37-cfa7e81d90ef@group-0816AEE1200F-SegmentedRaftLogWorker was interrupted, exiting. There are 0 tasks remaining in the queue.
2021-06-07 01:01:08,520 [Listener at 127.0.0.1/46609] INFO  server.GrpcService (GrpcService.java:closeImpl(271)) - 92e97bd9-ad78-40fd-8151-2c7bc5702604: shutdown server with port 42767 successfully
2021-06-07 01:01:08,520 [org.apache.ratis.util.JvmPauseMonitor$$Lambda$513/325153081@2d0dc528] INFO  util.JvmPauseMonitor (JvmPauseMonitor.java:run(109)) - JvmPauseMonitor-92e97bd9-ad78-40fd-8151-2c7bc5702604: Stopped
2021-06-07 01:01:08,521 [Listener at 127.0.0.1/46609] INFO  utils.BackgroundService (BackgroundService.java:shutdown(132)) - Shutting down service BlockDeletingService
2021-06-07 01:01:08,522 [ForkJoinPool.commonPool-worker-0] INFO  segmented.SegmentedRaftLogWorker (SegmentedRaftLogWorker.java:close(237)) - 8d92b5a7-4709-4dab-ba37-cfa7e81d90ef@group-0816AEE1200F-SegmentedRaftLogWorker close()
2021-06-07 01:01:08,523 [ForkJoinPool.commonPool-worker-0] INFO  metrics.RatisMetrics (RatisMetrics.java:unregister(43)) - Unregistering Metrics Registry : ratis.log_worker.8d92b5a7-4709-4dab-ba37-cfa7e81d90ef@group-0816AEE1200F
2021-06-07 01:01:08,523 [ForkJoinPool.commonPool-worker-0] INFO  metrics.RatisMetrics (RatisMetrics.java:unregister(43)) - Unregistering Metrics Registry : ratis.leader_election.8d92b5a7-4709-4dab-ba37-cfa7e81d90ef@group-0816AEE1200F
2021-06-07 01:01:08,523 [ForkJoinPool.commonPool-worker-0] INFO  metrics.RatisMetrics (RatisMetrics.java:unregister(43)) - Unregistering Metrics Registry : ratis.server.8d92b5a7-4709-4dab-ba37-cfa7e81d90ef@group-0816AEE1200F
2021-06-07 01:01:08,523 [ForkJoinPool.commonPool-worker-0] INFO  server.GrpcService (GrpcService.java:closeImpl(262)) - 8d92b5a7-4709-4dab-ba37-cfa7e81d90ef: shutdown server with port 45381 now
2021-06-07 01:01:08,526 [Listener at 127.0.0.1/46609] INFO  statemachine.DatanodeStateMachine (DatanodeStateMachine.java:stopDaemon(486)) - Ozone container server stopped.
2021-06-07 01:01:08,527 [Listener at 127.0.0.1/46609] INFO  handler.ContextHandler (ContextHandler.java:doStop(1154)) - Stopped o.e.j.w.WebAppContext@399c0608{hddsDatanode,/,null,STOPPED}{jar:file:/home/runner/.m2/repository/org/apache/ozone/hdds-container-service/1.2.0-SNAPSHOT/hdds-container-service-1.2.0-SNAPSHOT.jar!/webapps/hddsDatanode}
2021-06-07 01:01:08,527 [Listener at 127.0.0.1/46609] INFO  server.AbstractConnector (AbstractConnector.java:doStop(381)) - Stopped ServerConnector@64073f50{HTTP/1.1, (http/1.1)}{0.0.0.0:0}
2021-06-07 01:01:08,527 [Listener at 127.0.0.1/46609] INFO  server.session (HouseKeeper.java:stopScavenging(149)) - node0 Stopped scavenging
2021-06-07 01:01:08,527 [Listener at 127.0.0.1/46609] INFO  handler.ContextHandler (ContextHandler.java:doStop(1154)) - Stopped o.e.j.s.ServletContextHandler@20347d47{static,/static,jar:file:/home/runner/.m2/repository/org/apache/ozone/hdds-container-service/1.2.0-SNAPSHOT/hdds-container-service-1.2.0-SNAPSHOT.jar!/webapps/static,STOPPED}
2021-06-07 01:01:08,529 [Listener at 127.0.0.1/46609] INFO  handler.ContextHandler (ContextHandler.java:doStop(1154)) - Stopped o.e.j.s.ServletContextHandler@6cb715fd{logs,/logs,file:///home/runner/work/ozone/ozone/mnt/ozone/hadoop-ozone/integration-test/target/log,STOPPED}
2021-06-07 01:01:08,529 [ForkJoinPool.commonPool-worker-0] INFO  server.GrpcService (GrpcService.java:closeImpl(271)) - 8d92b5a7-4709-4dab-ba37-cfa7e81d90ef: shutdown server with port 45381 successfully
2021-06-07 01:01:08,530 [org.apache.ratis.util.JvmPauseMonitor$$Lambda$513/325153081@409286d2] INFO  util.JvmPauseMonitor (JvmPauseMonitor.java:run(109)) - JvmPauseMonitor-8d92b5a7-4709-4dab-ba37-cfa7e81d90ef: Stopped
2021-06-07 01:01:08,535 [ForkJoinPool.commonPool-worker-0] INFO  utils.BackgroundService (BackgroundService.java:shutdown(132)) - Shutting down service BlockDeletingService
2021-06-07 01:01:08,537 [ForkJoinPool.commonPool-worker-0] INFO  statemachine.DatanodeStateMachine (DatanodeStateMachine.java:stopDaemon(486)) - Ozone container server stopped.
2021-06-07 01:01:08,540 [ForkJoinPool.commonPool-worker-0] INFO  handler.ContextHandler (ContextHandler.java:doStop(1154)) - Stopped o.e.j.w.WebAppContext@422790a1{hddsDatanode,/,null,STOPPED}{jar:file:/home/runner/.m2/repository/org/apache/ozone/hdds-container-service/1.2.0-SNAPSHOT/hdds-container-service-1.2.0-SNAPSHOT.jar!/webapps/hddsDatanode}
2021-06-07 01:01:08,541 [ForkJoinPool.commonPool-worker-0] INFO  server.AbstractConnector (AbstractConnector.java:doStop(381)) - Stopped ServerConnector@5d6c74de{HTTP/1.1, (http/1.1)}{0.0.0.0:0}
2021-06-07 01:01:08,541 [ForkJoinPool.commonPool-worker-0] INFO  server.session (HouseKeeper.java:stopScavenging(149)) - node0 Stopped scavenging
2021-06-07 01:01:08,541 [ForkJoinPool.commonPool-worker-0] INFO  handler.ContextHandler (ContextHandler.java:doStop(1154)) - Stopped o.e.j.s.ServletContextHandler@67c15a48{static,/static,jar:file:/home/runner/.m2/repository/org/apache/ozone/hdds-container-service/1.2.0-SNAPSHOT/hdds-container-service-1.2.0-SNAPSHOT.jar!/webapps/static,STOPPED}
2021-06-07 01:01:08,543 [ForkJoinPool.commonPool-worker-0] INFO  handler.ContextHandler (ContextHandler.java:doStop(1154)) - Stopped o.e.j.s.ServletContextHandler@707f68e0{logs,/logs,file:///home/runner/work/ozone/ozone/mnt/ozone/hadoop-ozone/integration-test/target/log,STOPPED}
2021-06-07 01:01:08,863 [Datanode State Machine Thread - 0] INFO  statemachine.DatanodeStateMachine (DatanodeStateMachine.java:lambda$startDaemon$0(428)) - Ozone container server started.
2021-06-07 01:01:09,027 [Datanode State Machine Thread - 0] INFO  statemachine.DatanodeStateMachine (DatanodeStateMachine.java:lambda$startDaemon$0(428)) - Ozone container server started.
2021-06-07 01:01:10,100 [grpc-default-executor-5] WARN  server.GrpcLogAppender (LogUtils.java:warn(122)) - 3eee8d88-c0ac-4861-bc75-3c80431b5d11@group-9CDF3EC888C5->c2033f43-39b3-4eb3-b9b2-5a70c0c49867-AppendLogResponseHandler: Failed appendEntries: org.apache.ratis.thirdparty.io.grpc.StatusRuntimeException: UNAVAILABLE: io exception
2021-06-07 01:01:10,101 [grpc-default-executor-5] WARN  server.GrpcLogAppender (GrpcLogAppender.java:resetClient(111)) - 3eee8d88-c0ac-4861-bc75-3c80431b5d11@group-9CDF3EC888C5->c2033f43-39b3-4eb3-b9b2-5a70c0c49867-GrpcLogAppender: Leader has not got in touch with Follower 3eee8d88-c0ac-4861-bc75-3c80431b5d11@group-9CDF3EC888C5->c2033f43-39b3-4eb3-b9b2-5a70c0c49867(c-1,m0,n5, attendVote=true, lastRpcSendTime=0, lastRpcResponseTime=7746) yet, just keep nextIndex unchanged and retry.
2021-06-07 01:01:12,600 [grpc-default-executor-3] WARN  server.GrpcLogAppender (LogUtils.java:warn(122)) - 3eee8d88-c0ac-4861-bc75-3c80431b5d11@group-9CDF3EC888C5->c2033f43-39b3-4eb3-b9b2-5a70c0c49867-AppendLogResponseHandler: Failed appendEntries: org.apache.ratis.thirdparty.io.grpc.StatusRuntimeException: UNAVAILABLE: io exception
2021-06-07 01:01:12,601 [grpc-default-executor-3] WARN  server.GrpcLogAppender (GrpcLogAppender.java:resetClient(111)) - 3eee8d88-c0ac-4861-bc75-3c80431b5d11@group-9CDF3EC888C5->c2033f43-39b3-4eb3-b9b2-5a70c0c49867-GrpcLogAppender: Leader has not got in touch with Follower 3eee8d88-c0ac-4861-bc75-3c80431b5d11@group-9CDF3EC888C5->c2033f43-39b3-4eb3-b9b2-5a70c0c49867(c-1,m0,n5, attendVote=true, lastRpcSendTime=0, lastRpcResponseTime=10246) yet, just keep nextIndex unchanged and retry.
2021-06-07 01:01:13,532 [Listener at 127.0.0.1/46609] INFO  ozoneimpl.OzoneContainer (OzoneContainer.java:stop(316)) - Attempting to stop container services.
2021-06-07 01:01:13,533 [Listener at 127.0.0.1/46609] INFO  server.RaftServer (RaftServerProxy.java:lambda$close$6(391)) - b8685ee4-5ca3-4a9e-9d6c-fdbcd092b49e: close
2021-06-07 01:01:13,533 [Listener at 127.0.0.1/46609] INFO  server.RaftServer$Division (RaftServerImpl.java:lambda$close$4(406)) - b8685ee4-5ca3-4a9e-9d6c-fdbcd092b49e@group-1BD4F35D16EE: shutdown
2021-06-07 01:01:13,533 [Listener at 127.0.0.1/46609] INFO  util.JmxRegister (JmxRegister.java:unregister(73)) - Successfully un-registered JMX Bean with object name Ratis:service=RaftServer,group=group-1BD4F35D16EE,id=b8685ee4-5ca3-4a9e-9d6c-fdbcd092b49e
2021-06-07 01:01:13,533 [Listener at 127.0.0.1/46609] INFO  impl.RoleInfo (RoleInfo.java:shutdownFollowerState(108)) - b8685ee4-5ca3-4a9e-9d6c-fdbcd092b49e: shutdown b8685ee4-5ca3-4a9e-9d6c-fdbcd092b49e@group-1BD4F35D16EE-FollowerState
2021-06-07 01:01:13,533 [Listener at 127.0.0.1/46609] INFO  impl.StateMachineUpdater (StateMachineUpdater.java:stopAndJoin(149)) - b8685ee4-5ca3-4a9e-9d6c-fdbcd092b49e@group-1BD4F35D16EE-StateMachineUpdater: set stopIndex = 0
2021-06-07 01:01:13,534 [b8685ee4-5ca3-4a9e-9d6c-fdbcd092b49e@group-1BD4F35D16EE-FollowerState] INFO  impl.FollowerState (FollowerState.java:run(143)) - b8685ee4-5ca3-4a9e-9d6c-fdbcd092b49e@group-1BD4F35D16EE-FollowerState was interrupted: {}
java.lang.InterruptedException: sleep interrupted
	at java.lang.Thread.sleep(Native Method)
	at java.lang.Thread.sleep(Thread.java:340)
	at java.util.concurrent.TimeUnit.sleep(TimeUnit.java:386)
	at org.apache.ratis.util.TimeDuration.sleep(TimeDuration.java:324)
	at org.apache.ratis.util.TimeDuration.sleep(TimeDuration.java:309)
	at org.apache.ratis.server.impl.FollowerState.run(FollowerState.java:118)
2021-06-07 01:01:13,534 [b8685ee4-5ca3-4a9e-9d6c-fdbcd092b49e@group-1BD4F35D16EE-StateMachineUpdater] INFO  ratis.ContainerStateMachine (ContainerStateMachine.java:takeSnapshot(292)) - group-1BD4F35D16EE: Taking a snapshot at:(t:4, i:0) file /home/runner/work/ozone/ozone/mnt/ozone/hadoop-ozone/integration-test/target/test-dir/MiniOzoneClusterImpl-4d691a8a-0502-4280-8005-09cceedbb589/datanode-7/data/ratis/d58ec0e1-1309-4d1c-973f-1bd4f35d16ee/sm/snapshot.4_0
2021-06-07 01:01:13,535 [b8685ee4-5ca3-4a9e-9d6c-fdbcd092b49e@group-1BD4F35D16EE-StateMachineUpdater] INFO  ratis.ContainerStateMachine (ContainerStateMachine.java:takeSnapshot(303)) - group-1BD4F35D16EE: Finished taking a snapshot at:(t:4, i:0) file:/home/runner/work/ozone/ozone/mnt/ozone/hadoop-ozone/integration-test/target/test-dir/MiniOzoneClusterImpl-4d691a8a-0502-4280-8005-09cceedbb589/datanode-7/data/ratis/d58ec0e1-1309-4d1c-973f-1bd4f35d16ee/sm/snapshot.4_0 took: 1 ms
2021-06-07 01:01:13,535 [b8685ee4-5ca3-4a9e-9d6c-fdbcd092b49e@group-1BD4F35D16EE-StateMachineUpdater] INFO  impl.StateMachineUpdater (StateMachineUpdater.java:takeSnapshot(281)) - b8685ee4-5ca3-4a9e-9d6c-fdbcd092b49e@group-1BD4F35D16EE-StateMachineUpdater: Took a snapshot at index 0
2021-06-07 01:01:13,535 [b8685ee4-5ca3-4a9e-9d6c-fdbcd092b49e@group-1BD4F35D16EE-StateMachineUpdater] INFO  impl.StateMachineUpdater (StateMachineUpdater.java:lambda$new$0(89)) - b8685ee4-5ca3-4a9e-9d6c-fdbcd092b49e@group-1BD4F35D16EE-StateMachineUpdater: snapshotIndex: updateIncreasingly -1 -> 0
2021-06-07 01:01:13,535 [b8685ee4-5ca3-4a9e-9d6c-fdbcd092b49e@group-1BD4F35D16EE-StateMachineUpdater] INFO  metrics.RatisMetrics (RatisMetrics.java:unregister(43)) - Unregistering Metrics Registry : ratis.state_machine.b8685ee4-5ca3-4a9e-9d6c-fdbcd092b49e@group-1BD4F35D16EE
2021-06-07 01:01:13,535 [Listener at 127.0.0.1/46609] INFO  server.RaftServer$Division (ServerState.java:close(405)) - b8685ee4-5ca3-4a9e-9d6c-fdbcd092b49e@group-1BD4F35D16EE: closes. applyIndex: 0
2021-06-07 01:01:13,535 [b8685ee4-5ca3-4a9e-9d6c-fdbcd092b49e@group-1BD4F35D16EE-SegmentedRaftLogWorker] INFO  segmented.SegmentedRaftLogWorker (SegmentedRaftLogWorker.java:run(327)) - b8685ee4-5ca3-4a9e-9d6c-fdbcd092b49e@group-1BD4F35D16EE-SegmentedRaftLogWorker was interrupted, exiting. There are 0 tasks remaining in the queue.
2021-06-07 01:01:13,536 [Listener at 127.0.0.1/46609] INFO  segmented.SegmentedRaftLogWorker (SegmentedRaftLogWorker.java:close(237)) - b8685ee4-5ca3-4a9e-9d6c-fdbcd092b49e@group-1BD4F35D16EE-SegmentedRaftLogWorker close()
2021-06-07 01:01:13,538 [Listener at 127.0.0.1/46609] INFO  metrics.RatisMetrics (RatisMetrics.java:unregister(43)) - Unregistering Metrics Registry : ratis.log_worker.b8685ee4-5ca3-4a9e-9d6c-fdbcd092b49e@group-1BD4F35D16EE
2021-06-07 01:01:13,538 [Listener at 127.0.0.1/46609] INFO  metrics.RatisMetrics (RatisMetrics.java:unregister(43)) - Unregistering Metrics Registry : ratis.leader_election.b8685ee4-5ca3-4a9e-9d6c-fdbcd092b49e@group-1BD4F35D16EE
2021-06-07 01:01:13,538 [Listener at 127.0.0.1/46609] INFO  metrics.RatisMetrics (RatisMetrics.java:unregister(43)) - Unregistering Metrics Registry : ratis.server.b8685ee4-5ca3-4a9e-9d6c-fdbcd092b49e@group-1BD4F35D16EE
2021-06-07 01:01:13,539 [Listener at 127.0.0.1/46609] INFO  server.RaftServer$Division (RaftServerImpl.java:lambda$close$4(406)) - b8685ee4-5ca3-4a9e-9d6c-fdbcd092b49e@group-1B81A7A9D557: shutdown
2021-06-07 01:01:13,539 [Listener at 127.0.0.1/46609] INFO  util.JmxRegister (JmxRegister.java:unregister(73)) - Successfully un-registered JMX Bean with object name Ratis:service=RaftServer,group=group-1B81A7A9D557,id=b8685ee4-5ca3-4a9e-9d6c-fdbcd092b49e
2021-06-07 01:01:13,539 [Listener at 127.0.0.1/46609] INFO  impl.RoleInfo (RoleInfo.java:shutdownLeaderState(91)) - b8685ee4-5ca3-4a9e-9d6c-fdbcd092b49e: shutdown b8685ee4-5ca3-4a9e-9d6c-fdbcd092b49e@group-1B81A7A9D557-LeaderStateImpl
2021-06-07 01:01:13,539 [Listener at 127.0.0.1/46609] INFO  impl.PendingRequests (PendingRequests.java:sendNotLeaderResponses(249)) - b8685ee4-5ca3-4a9e-9d6c-fdbcd092b49e@group-1B81A7A9D557-PendingRequests: sendNotLeaderResponses
2021-06-07 01:01:13,539 [Listener at 127.0.0.1/46609] INFO  metrics.RatisMetrics (RatisMetrics.java:unregister(43)) - Unregistering Metrics Registry : ratis.log_appender.b8685ee4-5ca3-4a9e-9d6c-fdbcd092b49e@group-1B81A7A9D557
2021-06-07 01:01:13,539 [Listener at 127.0.0.1/46609] INFO  metrics.RatisMetrics (RatisMetrics.java:unregister(43)) - Unregistering Metrics Registry : ratis.server.b8685ee4-5ca3-4a9e-9d6c-fdbcd092b49e@group-1B81A7A9D557
2021-06-07 01:01:13,540 [b8685ee4-5ca3-4a9e-9d6c-fdbcd092b49e@group-1B81A7A9D557-StateMachineUpdater] INFO  ratis.ContainerStateMachine (ContainerStateMachine.java:takeSnapshot(292)) - group-1B81A7A9D557: Taking a snapshot at:(t:1, i:0) file /home/runner/work/ozone/ozone/mnt/ozone/hadoop-ozone/integration-test/target/test-dir/MiniOzoneClusterImpl-4d691a8a-0502-4280-8005-09cceedbb589/datanode-7/data/ratis/5f56733d-9e3f-4294-8821-1b81a7a9d557/sm/snapshot.1_0
2021-06-07 01:01:13,540 [Listener at 127.0.0.1/46609] INFO  impl.StateMachineUpdater (StateMachineUpdater.java:stopAndJoin(149)) - b8685ee4-5ca3-4a9e-9d6c-fdbcd092b49e@group-1B81A7A9D557-StateMachineUpdater: set stopIndex = 0
2021-06-07 01:01:13,541 [b8685ee4-5ca3-4a9e-9d6c-fdbcd092b49e@group-1B81A7A9D557-StateMachineUpdater] INFO  ratis.ContainerStateMachine (ContainerStateMachine.java:takeSnapshot(303)) - group-1B81A7A9D557: Finished taking a snapshot at:(t:1, i:0) file:/home/runner/work/ozone/ozone/mnt/ozone/hadoop-ozone/integration-test/target/test-dir/MiniOzoneClusterImpl-4d691a8a-0502-4280-8005-09cceedbb589/datanode-7/data/ratis/5f56733d-9e3f-4294-8821-1b81a7a9d557/sm/snapshot.1_0 took: 1 ms
2021-06-07 01:01:13,541 [b8685ee4-5ca3-4a9e-9d6c-fdbcd092b49e@group-1B81A7A9D557-StateMachineUpdater] INFO  impl.StateMachineUpdater (StateMachineUpdater.java:takeSnapshot(281)) - b8685ee4-5ca3-4a9e-9d6c-fdbcd092b49e@group-1B81A7A9D557-StateMachineUpdater: Took a snapshot at index 0
2021-06-07 01:01:13,541 [b8685ee4-5ca3-4a9e-9d6c-fdbcd092b49e@group-1B81A7A9D557-StateMachineUpdater] INFO  impl.StateMachineUpdater (StateMachineUpdater.java:lambda$new$0(89)) - b8685ee4-5ca3-4a9e-9d6c-fdbcd092b49e@group-1B81A7A9D557-StateMachineUpdater: snapshotIndex: updateIncreasingly -1 -> 0
2021-06-07 01:01:13,541 [b8685ee4-5ca3-4a9e-9d6c-fdbcd092b49e@group-1B81A7A9D557-StateMachineUpdater] INFO  metrics.RatisMetrics (RatisMetrics.java:unregister(43)) - Unregistering Metrics Registry : ratis.state_machine.b8685ee4-5ca3-4a9e-9d6c-fdbcd092b49e@group-1B81A7A9D557
2021-06-07 01:01:13,541 [Listener at 127.0.0.1/46609] INFO  server.RaftServer$Division (ServerState.java:close(405)) - b8685ee4-5ca3-4a9e-9d6c-fdbcd092b49e@group-1B81A7A9D557: closes. applyIndex: 0
2021-06-07 01:01:13,542 [b8685ee4-5ca3-4a9e-9d6c-fdbcd092b49e@group-1B81A7A9D557-SegmentedRaftLogWorker] INFO  segmented.SegmentedRaftLogWorker (SegmentedRaftLogWorker.java:run(327)) - b8685ee4-5ca3-4a9e-9d6c-fdbcd092b49e@group-1B81A7A9D557-SegmentedRaftLogWorker was interrupted, exiting. There are 0 tasks remaining in the queue.
2021-06-07 01:01:13,542 [Listener at 127.0.0.1/46609] INFO  segmented.SegmentedRaftLogWorker (SegmentedRaftLogWorker.java:close(237)) - b8685ee4-5ca3-4a9e-9d6c-fdbcd092b49e@group-1B81A7A9D557-SegmentedRaftLogWorker close()
2021-06-07 01:01:13,542 [Listener at 127.0.0.1/46609] INFO  metrics.RatisMetrics (RatisMetrics.java:unregister(43)) - Unregistering Metrics Registry : ratis.log_worker.b8685ee4-5ca3-4a9e-9d6c-fdbcd092b49e@group-1B81A7A9D557
2021-06-07 01:01:13,542 [Listener at 127.0.0.1/46609] INFO  metrics.RatisMetrics (RatisMetrics.java:unregister(43)) - Unregistering Metrics Registry : ratis.leader_election.b8685ee4-5ca3-4a9e-9d6c-fdbcd092b49e@group-1B81A7A9D557
2021-06-07 01:01:13,542 [Listener at 127.0.0.1/46609] INFO  metrics.RatisMetrics (RatisMetrics.java:unregister(43)) - Unregistering Metrics Registry : ratis.server.b8685ee4-5ca3-4a9e-9d6c-fdbcd092b49e@group-1B81A7A9D557
2021-06-07 01:01:13,543 [Listener at 127.0.0.1/46609] INFO  server.GrpcService (GrpcService.java:closeImpl(262)) - b8685ee4-5ca3-4a9e-9d6c-fdbcd092b49e: shutdown server with port 46205 now
2021-06-07 01:01:13,544 [grpc-default-executor-3] WARN  server.GrpcServerProtocolService (LogUtils.java:warn(122)) - b8685ee4-5ca3-4a9e-9d6c-fdbcd092b49e: installSnapshot onError, lastRequest: 0cacaae5-2f1d-4021-a1c8-b7d3ead785ca->b8685ee4-5ca3-4a9e-9d6c-fdbcd092b49e#1-t4,previous=(t:0, i:0),leaderCommit=0,initializing? true,entries: size=1, first=(t:4, i:0), CONFIGURATIONENTRY: org.apache.ratis.thirdparty.io.grpc.StatusRuntimeException: CANCELLED: client cancelled
2021-06-07 01:01:13,544 [grpc-default-executor-0] WARN  server.GrpcLogAppender (LogUtils.java:warn(122)) - 0cacaae5-2f1d-4021-a1c8-b7d3ead785ca@group-1BD4F35D16EE->b8685ee4-5ca3-4a9e-9d6c-fdbcd092b49e-AppendLogResponseHandler: Failed appendEntries: org.apache.ratis.thirdparty.io.grpc.StatusRuntimeException: CANCELLED: HTTP/2 error code: CANCEL
Received Rst Stream
2021-06-07 01:01:13,544 [grpc-default-executor-0] WARN  server.GrpcLogAppender (GrpcLogAppender.java:resetClient(111)) - 0cacaae5-2f1d-4021-a1c8-b7d3ead785ca@group-1BD4F35D16EE->b8685ee4-5ca3-4a9e-9d6c-fdbcd092b49e-GrpcLogAppender: Leader has not got in touch with Follower 0cacaae5-2f1d-4021-a1c8-b7d3ead785ca@group-1BD4F35D16EE->b8685ee4-5ca3-4a9e-9d6c-fdbcd092b49e(c0,m0,n1, attendVote=true, lastRpcSendTime=515, lastRpcResponseTime=512) yet, just keep nextIndex unchanged and retry.
2021-06-07 01:01:13,545 [ForkJoinPool.commonPool-worker-0] INFO  ozoneimpl.OzoneContainer (OzoneContainer.java:stop(316)) - Attempting to stop container services.
2021-06-07 01:01:13,550 [ForkJoinPool.commonPool-worker-0] INFO  server.RaftServer (RaftServerProxy.java:lambda$close$6(391)) - e1c54329-0f94-4ac4-b921-c08a88020a90: close
2021-06-07 01:01:13,550 [ForkJoinPool.commonPool-worker-0] INFO  server.RaftServer$Division (RaftServerImpl.java:lambda$close$4(406)) - e1c54329-0f94-4ac4-b921-c08a88020a90@group-9CDF3EC888C5: shutdown
2021-06-07 01:01:13,550 [ForkJoinPool.commonPool-worker-0] INFO  util.JmxRegister (JmxRegister.java:unregister(73)) - Successfully un-registered JMX Bean with object name Ratis:service=RaftServer,group=group-9CDF3EC888C5,id=e1c54329-0f94-4ac4-b921-c08a88020a90
2021-06-07 01:01:13,550 [ForkJoinPool.commonPool-worker-0] INFO  impl.RoleInfo (RoleInfo.java:shutdownFollowerState(108)) - e1c54329-0f94-4ac4-b921-c08a88020a90: shutdown e1c54329-0f94-4ac4-b921-c08a88020a90@group-9CDF3EC888C5-FollowerState
2021-06-07 01:01:13,551 [ForkJoinPool.commonPool-worker-0] INFO  impl.StateMachineUpdater (StateMachineUpdater.java:stopAndJoin(149)) - e1c54329-0f94-4ac4-b921-c08a88020a90@group-9CDF3EC888C5-StateMachineUpdater: set stopIndex = 4
2021-06-07 01:01:13,551 [e1c54329-0f94-4ac4-b921-c08a88020a90@group-9CDF3EC888C5-FollowerState] INFO  impl.FollowerState (FollowerState.java:run(143)) - e1c54329-0f94-4ac4-b921-c08a88020a90@group-9CDF3EC888C5-FollowerState was interrupted: {}
java.lang.InterruptedException: sleep interrupted
	at java.lang.Thread.sleep(Native Method)
	at java.lang.Thread.sleep(Thread.java:340)
	at java.util.concurrent.TimeUnit.sleep(TimeUnit.java:386)
	at org.apache.ratis.util.TimeDuration.sleep(TimeDuration.java:324)
	at org.apache.ratis.util.TimeDuration.sleep(TimeDuration.java:309)
	at org.apache.ratis.server.impl.FollowerState.run(FollowerState.java:118)
2021-06-07 01:01:13,551 [e1c54329-0f94-4ac4-b921-c08a88020a90@group-9CDF3EC888C5-StateMachineUpdater] INFO  ratis.ContainerStateMachine (ContainerStateMachine.java:takeSnapshot(292)) - group-9CDF3EC888C5: Taking a snapshot at:(t:6, i:4) file /home/runner/work/ozone/ozone/mnt/ozone/hadoop-ozone/integration-test/target/test-dir/MiniOzoneClusterImpl-4d691a8a-0502-4280-8005-09cceedbb589/datanode-0/data/ratis/7966a4a9-418d-4bdc-887b-9cdf3ec888c5/sm/snapshot.6_4
2021-06-07 01:01:13,552 [e1c54329-0f94-4ac4-b921-c08a88020a90@group-9CDF3EC888C5-StateMachineUpdater] INFO  ratis.ContainerStateMachine (ContainerStateMachine.java:takeSnapshot(303)) - group-9CDF3EC888C5: Finished taking a snapshot at:(t:6, i:4) file:/home/runner/work/ozone/ozone/mnt/ozone/hadoop-ozone/integration-test/target/test-dir/MiniOzoneClusterImpl-4d691a8a-0502-4280-8005-09cceedbb589/datanode-0/data/ratis/7966a4a9-418d-4bdc-887b-9cdf3ec888c5/sm/snapshot.6_4 took: 1 ms
2021-06-07 01:01:13,552 [e1c54329-0f94-4ac4-b921-c08a88020a90@group-9CDF3EC888C5-StateMachineUpdater] INFO  impl.StateMachineUpdater (StateMachineUpdater.java:takeSnapshot(281)) - e1c54329-0f94-4ac4-b921-c08a88020a90@group-9CDF3EC888C5-StateMachineUpdater: Took a snapshot at index 4
2021-06-07 01:01:13,552 [e1c54329-0f94-4ac4-b921-c08a88020a90@group-9CDF3EC888C5-StateMachineUpdater] INFO  impl.StateMachineUpdater (StateMachineUpdater.java:lambda$new$0(89)) - e1c54329-0f94-4ac4-b921-c08a88020a90@group-9CDF3EC888C5-StateMachineUpdater: snapshotIndex: updateIncreasingly -1 -> 4
2021-06-07 01:01:13,552 [e1c54329-0f94-4ac4-b921-c08a88020a90@group-9CDF3EC888C5-StateMachineUpdater] INFO  metrics.RatisMetrics (RatisMetrics.java:unregister(43)) - Unregistering Metrics Registry : ratis.state_machine.e1c54329-0f94-4ac4-b921-c08a88020a90@group-9CDF3EC888C5
2021-06-07 01:01:13,552 [ForkJoinPool.commonPool-worker-0] INFO  server.RaftServer$Division (ServerState.java:close(405)) - e1c54329-0f94-4ac4-b921-c08a88020a90@group-9CDF3EC888C5: closes. applyIndex: 4
2021-06-07 01:01:13,553 [e1c54329-0f94-4ac4-b921-c08a88020a90@group-9CDF3EC888C5-SegmentedRaftLogWorker] INFO  segmented.SegmentedRaftLogWorker (SegmentedRaftLogWorker.java:run(327)) - e1c54329-0f94-4ac4-b921-c08a88020a90@group-9CDF3EC888C5-SegmentedRaftLogWorker was interrupted, exiting. There are 0 tasks remaining in the queue.
2021-06-07 01:01:13,553 [ForkJoinPool.commonPool-worker-0] INFO  segmented.SegmentedRaftLogWorker (SegmentedRaftLogWorker.java:close(237)) - e1c54329-0f94-4ac4-b921-c08a88020a90@group-9CDF3EC888C5-SegmentedRaftLogWorker close()
2021-06-07 01:01:13,553 [ForkJoinPool.commonPool-worker-0] INFO  metrics.RatisMetrics (RatisMetrics.java:unregister(43)) - Unregistering Metrics Registry : ratis.log_worker.e1c54329-0f94-4ac4-b921-c08a88020a90@group-9CDF3EC888C5
2021-06-07 01:01:13,553 [ForkJoinPool.commonPool-worker-0] INFO  metrics.RatisMetrics (RatisMetrics.java:unregister(43)) - Unregistering Metrics Registry : ratis.leader_election.e1c54329-0f94-4ac4-b921-c08a88020a90@group-9CDF3EC888C5
2021-06-07 01:01:13,553 [ForkJoinPool.commonPool-worker-0] INFO  metrics.RatisMetrics (RatisMetrics.java:unregister(43)) - Unregistering Metrics Registry : ratis.server.e1c54329-0f94-4ac4-b921-c08a88020a90@group-9CDF3EC888C5
2021-06-07 01:01:13,553 [ForkJoinPool.commonPool-worker-0] INFO  server.RaftServer$Division (RaftServerImpl.java:lambda$close$4(406)) - e1c54329-0f94-4ac4-b921-c08a88020a90@group-F92733485968: shutdown
2021-06-07 01:01:13,553 [ForkJoinPool.commonPool-worker-0] INFO  util.JmxRegister (JmxRegister.java:unregister(73)) - Successfully un-registered JMX Bean with object name Ratis:service=RaftServer,group=group-F92733485968,id=e1c54329-0f94-4ac4-b921-c08a88020a90
2021-06-07 01:01:13,553 [ForkJoinPool.commonPool-worker-0] INFO  impl.RoleInfo (RoleInfo.java:shutdownLeaderState(91)) - e1c54329-0f94-4ac4-b921-c08a88020a90: shutdown e1c54329-0f94-4ac4-b921-c08a88020a90@group-F92733485968-LeaderStateImpl
2021-06-07 01:01:13,553 [ForkJoinPool.commonPool-worker-0] INFO  impl.PendingRequests (PendingRequests.java:sendNotLeaderResponses(249)) - e1c54329-0f94-4ac4-b921-c08a88020a90@group-F92733485968-PendingRequests: sendNotLeaderResponses
2021-06-07 01:01:13,553 [ForkJoinPool.commonPool-worker-0] INFO  metrics.RatisMetrics (RatisMetrics.java:unregister(43)) - Unregistering Metrics Registry : ratis.log_appender.e1c54329-0f94-4ac4-b921-c08a88020a90@group-F92733485968
2021-06-07 01:01:13,553 [ForkJoinPool.commonPool-worker-0] INFO  metrics.RatisMetrics (RatisMetrics.java:unregister(43)) - Unregistering Metrics Registry : ratis.server.e1c54329-0f94-4ac4-b921-c08a88020a90@group-F92733485968
2021-06-07 01:01:13,554 [ForkJoinPool.commonPool-worker-0] INFO  impl.StateMachineUpdater (StateMachineUpdater.java:stopAndJoin(149)) - e1c54329-0f94-4ac4-b921-c08a88020a90@group-F92733485968-StateMachineUpdater: set stopIndex = 0
2021-06-07 01:01:13,554 [e1c54329-0f94-4ac4-b921-c08a88020a90@group-F92733485968-StateMachineUpdater] INFO  ratis.ContainerStateMachine (ContainerStateMachine.java:takeSnapshot(292)) - group-F92733485968: Taking a snapshot at:(t:1, i:0) file /home/runner/work/ozone/ozone/mnt/ozone/hadoop-ozone/integration-test/target/test-dir/MiniOzoneClusterImpl-4d691a8a-0502-4280-8005-09cceedbb589/datanode-0/data/ratis/7dde0deb-673b-4735-96c6-f92733485968/sm/snapshot.1_0
2021-06-07 01:01:13,556 [e1c54329-0f94-4ac4-b921-c08a88020a90@group-F92733485968-StateMachineUpdater] INFO  ratis.ContainerStateMachine (ContainerStateMachine.java:takeSnapshot(303)) - group-F92733485968: Finished taking a snapshot at:(t:1, i:0) file:/home/runner/work/ozone/ozone/mnt/ozone/hadoop-ozone/integration-test/target/test-dir/MiniOzoneClusterImpl-4d691a8a-0502-4280-8005-09cceedbb589/datanode-0/data/ratis/7dde0deb-673b-4735-96c6-f92733485968/sm/snapshot.1_0 took: 1 ms
2021-06-07 01:01:13,556 [e1c54329-0f94-4ac4-b921-c08a88020a90@group-F92733485968-StateMachineUpdater] INFO  impl.StateMachineUpdater (StateMachineUpdater.java:takeSnapshot(281)) - e1c54329-0f94-4ac4-b921-c08a88020a90@group-F92733485968-StateMachineUpdater: Took a snapshot at index 0
2021-06-07 01:01:13,556 [e1c54329-0f94-4ac4-b921-c08a88020a90@group-F92733485968-StateMachineUpdater] INFO  impl.StateMachineUpdater (StateMachineUpdater.java:lambda$new$0(89)) - e1c54329-0f94-4ac4-b921-c08a88020a90@group-F92733485968-StateMachineUpdater: snapshotIndex: updateIncreasingly -1 -> 0
2021-06-07 01:01:13,556 [e1c54329-0f94-4ac4-b921-c08a88020a90@group-F92733485968-StateMachineUpdater] INFO  metrics.RatisMetrics (RatisMetrics.java:unregister(43)) - Unregistering Metrics Registry : ratis.state_machine.e1c54329-0f94-4ac4-b921-c08a88020a90@group-F92733485968
2021-06-07 01:01:13,556 [ForkJoinPool.commonPool-worker-0] INFO  server.RaftServer$Division (ServerState.java:close(405)) - e1c54329-0f94-4ac4-b921-c08a88020a90@group-F92733485968: closes. applyIndex: 0
2021-06-07 01:01:13,556 [e1c54329-0f94-4ac4-b921-c08a88020a90@group-F92733485968-SegmentedRaftLogWorker] INFO  segmented.SegmentedRaftLogWorker (SegmentedRaftLogWorker.java:run(327)) - e1c54329-0f94-4ac4-b921-c08a88020a90@group-F92733485968-SegmentedRaftLogWorker was interrupted, exiting. There are 0 tasks remaining in the queue.
2021-06-07 01:01:13,556 [ForkJoinPool.commonPool-worker-0] INFO  segmented.SegmentedRaftLogWorker (SegmentedRaftLogWorker.java:close(237)) - e1c54329-0f94-4ac4-b921-c08a88020a90@group-F92733485968-SegmentedRaftLogWorker close()
2021-06-07 01:01:13,557 [ForkJoinPool.commonPool-worker-0] INFO  metrics.RatisMetrics (RatisMetrics.java:unregister(43)) - Unregistering Metrics Registry : ratis.log_worker.e1c54329-0f94-4ac4-b921-c08a88020a90@group-F92733485968
2021-06-07 01:01:13,557 [ForkJoinPool.commonPool-worker-0] INFO  metrics.RatisMetrics (RatisMetrics.java:unregister(43)) - Unregistering Metrics Registry : ratis.leader_election.e1c54329-0f94-4ac4-b921-c08a88020a90@group-F92733485968
2021-06-07 01:01:13,557 [ForkJoinPool.commonPool-worker-0] INFO  metrics.RatisMetrics (RatisMetrics.java:unregister(43)) - Unregistering Metrics Registry : ratis.server.e1c54329-0f94-4ac4-b921-c08a88020a90@group-F92733485968
2021-06-07 01:01:13,557 [ForkJoinPool.commonPool-worker-0] INFO  server.GrpcService (GrpcService.java:closeImpl(262)) - e1c54329-0f94-4ac4-b921-c08a88020a90: shutdown server with port 42691 now
2021-06-07 01:01:13,560 [grpc-default-executor-2] WARN  client.GrpcClientProtocolService (LogUtils.java:warn(122)) - 0-OrderedRequestStreamObserver0: onError: org.apache.ratis.thirdparty.io.grpc.StatusRuntimeException: CANCELLED: client cancelled
2021-06-07 01:01:13,561 [grpc-default-executor-2] WARN  server.GrpcLogAppender (LogUtils.java:warn(122)) - 3eee8d88-c0ac-4861-bc75-3c80431b5d11@group-9CDF3EC888C5->e1c54329-0f94-4ac4-b921-c08a88020a90-AppendLogResponseHandler: Failed appendEntries: org.apache.ratis.thirdparty.io.grpc.StatusRuntimeException: CANCELLED: HTTP/2 error code: CANCEL
Received Rst Stream
2021-06-07 01:01:13,561 [grpc-default-executor-2] INFO  leader.FollowerInfo (FollowerInfoImpl.java:lambda$new$0(46)) - 3eee8d88-c0ac-4861-bc75-3c80431b5d11@group-9CDF3EC888C5->e1c54329-0f94-4ac4-b921-c08a88020a90: nextIndex: updateUnconditionally 5 -> 4
2021-06-07 01:01:13,561 [grpc-default-executor-5] WARN  server.GrpcServerProtocolService (LogUtils.java:warn(122)) - e1c54329-0f94-4ac4-b921-c08a88020a90: installSnapshot onError, lastRequest: 3eee8d88-c0ac-4861-bc75-3c80431b5d11->e1c54329-0f94-4ac4-b921-c08a88020a90#2-t6,previous=(t:6, i:3),leaderCommit=3,initializing? true,entries: size=1, first=(t:6, i:4), METADATAENTRY(c:3): org.apache.ratis.thirdparty.io.grpc.StatusRuntimeException: CANCELLED: client cancelled
2021-06-07 01:01:13,563 [Listener at 127.0.0.1/46609] INFO  server.GrpcService (GrpcService.java:closeImpl(271)) - b8685ee4-5ca3-4a9e-9d6c-fdbcd092b49e: shutdown server with port 46205 successfully
2021-06-07 01:01:13,564 [org.apache.ratis.util.JvmPauseMonitor$$Lambda$513/325153081@51cd41d9] INFO  util.JvmPauseMonitor (JvmPauseMonitor.java:run(109)) - JvmPauseMonitor-b8685ee4-5ca3-4a9e-9d6c-fdbcd092b49e: Stopped
2021-06-07 01:01:13,564 [Listener at 127.0.0.1/46609] INFO  utils.BackgroundService (BackgroundService.java:shutdown(132)) - Shutting down service BlockDeletingService
2021-06-07 01:01:13,571 [ForkJoinPool.commonPool-worker-0] INFO  server.GrpcService (GrpcService.java:closeImpl(271)) - e1c54329-0f94-4ac4-b921-c08a88020a90: shutdown server with port 42691 successfully
2021-06-07 01:01:13,571 [org.apache.ratis.util.JvmPauseMonitor$$Lambda$513/325153081@29fda409] INFO  util.JvmPauseMonitor (JvmPauseMonitor.java:run(109)) - JvmPauseMonitor-e1c54329-0f94-4ac4-b921-c08a88020a90: Stopped
2021-06-07 01:01:13,573 [grpc-default-executor-0] WARN  server.GrpcLogAppender (LogUtils.java:warn(122)) - 3eee8d88-c0ac-4861-bc75-3c80431b5d11@group-9CDF3EC888C5->e1c54329-0f94-4ac4-b921-c08a88020a90-AppendLogResponseHandler: Failed appendEntries: org.apache.ratis.thirdparty.io.grpc.StatusRuntimeException: UNAVAILABLE: io exception
2021-06-07 01:01:13,573 [grpc-default-executor-0] INFO  leader.FollowerInfo (FollowerInfoImpl.java:lambda$new$0(46)) - 3eee8d88-c0ac-4861-bc75-3c80431b5d11@group-9CDF3EC888C5->e1c54329-0f94-4ac4-b921-c08a88020a90: nextIndex: updateUnconditionally 5 -> 4
2021-06-07 01:01:13,578 [Listener at 127.0.0.1/46609] INFO  statemachine.DatanodeStateMachine (DatanodeStateMachine.java:stopDaemon(486)) - Ozone container server stopped.
2021-06-07 01:01:13,579 [Listener at 127.0.0.1/46609] INFO  handler.ContextHandler (ContextHandler.java:doStop(1154)) - Stopped o.e.j.w.WebAppContext@19fd0299{hddsDatanode,/,null,STOPPED}{jar:file:/home/runner/.m2/repository/org/apache/ozone/hdds-container-service/1.2.0-SNAPSHOT/hdds-container-service-1.2.0-SNAPSHOT.jar!/webapps/hddsDatanode}
2021-06-07 01:01:13,580 [Listener at 127.0.0.1/46609] INFO  server.AbstractConnector (AbstractConnector.java:doStop(381)) - Stopped ServerConnector@1c490bf2{HTTP/1.1, (http/1.1)}{0.0.0.0:0}
2021-06-07 01:01:13,580 [Listener at 127.0.0.1/46609] INFO  server.session (HouseKeeper.java:stopScavenging(149)) - node0 Stopped scavenging
2021-06-07 01:01:13,580 [Listener at 127.0.0.1/46609] INFO  handler.ContextHandler (ContextHandler.java:doStop(1154)) - Stopped o.e.j.s.ServletContextHandler@5b2897d7{static,/static,jar:file:/home/runner/.m2/repository/org/apache/ozone/hdds-container-service/1.2.0-SNAPSHOT/hdds-container-service-1.2.0-SNAPSHOT.jar!/webapps/static,STOPPED}
2021-06-07 01:01:13,580 [Listener at 127.0.0.1/46609] INFO  handler.ContextHandler (ContextHandler.java:doStop(1154)) - Stopped o.e.j.s.ServletContextHandler@733e1e36{logs,/logs,file:///home/runner/work/ozone/ozone/mnt/ozone/hadoop-ozone/integration-test/target/log,STOPPED}
2021-06-07 01:01:13,593 [ForkJoinPool.commonPool-worker-0] INFO  utils.BackgroundService (BackgroundService.java:shutdown(132)) - Shutting down service BlockDeletingService
2021-06-07 01:01:13,606 [ForkJoinPool.commonPool-worker-0] INFO  statemachine.DatanodeStateMachine (DatanodeStateMachine.java:stopDaemon(486)) - Ozone container server stopped.
2021-06-07 01:01:13,628 [ForkJoinPool.commonPool-worker-0] INFO  handler.ContextHandler (ContextHandler.java:doStop(1154)) - Stopped o.e.j.w.WebAppContext@79a3ff22{hddsDatanode,/,null,STOPPED}{jar:file:/home/runner/.m2/repository/org/apache/ozone/hdds-container-service/1.2.0-SNAPSHOT/hdds-container-service-1.2.0-SNAPSHOT.jar!/webapps/hddsDatanode}
2021-06-07 01:01:13,628 [ForkJoinPool.commonPool-worker-0] INFO  server.AbstractConnector (AbstractConnector.java:doStop(381)) - Stopped ServerConnector@76a7f2fa{HTTP/1.1, (http/1.1)}{0.0.0.0:0}
2021-06-07 01:01:13,629 [ForkJoinPool.commonPool-worker-0] INFO  server.session (HouseKeeper.java:stopScavenging(149)) - node0 Stopped scavenging
2021-06-07 01:01:13,639 [ForkJoinPool.commonPool-worker-0] INFO  handler.ContextHandler (ContextHandler.java:doStop(1154)) - Stopped o.e.j.s.ServletContextHandler@63a26b8f{static,/static,jar:file:/home/runner/.m2/repository/org/apache/ozone/hdds-container-service/1.2.0-SNAPSHOT/hdds-container-service-1.2.0-SNAPSHOT.jar!/webapps/static,STOPPED}
2021-06-07 01:01:13,640 [ForkJoinPool.commonPool-worker-0] INFO  handler.ContextHandler (ContextHandler.java:doStop(1154)) - Stopped o.e.j.s.ServletContextHandler@c7934ea{logs,/logs,file:///home/runner/work/ozone/ozone/mnt/ozone/hadoop-ozone/integration-test/target/log,STOPPED}
2021-06-07 01:01:13,955 [Datanode State Machine Thread - 0] INFO  statemachine.DatanodeStateMachine (DatanodeStateMachine.java:lambda$startDaemon$0(428)) - Ozone container server started.
2021-06-07 01:01:14,555 [Datanode State Machine Thread - 0] INFO  statemachine.DatanodeStateMachine (DatanodeStateMachine.java:lambda$startDaemon$0(428)) - Ozone container server started.
2021-06-07 01:01:15,101 [grpc-default-executor-0] WARN  server.GrpcLogAppender (LogUtils.java:warn(122)) - 3eee8d88-c0ac-4861-bc75-3c80431b5d11@group-9CDF3EC888C5->c2033f43-39b3-4eb3-b9b2-5a70c0c49867-AppendLogResponseHandler: Failed appendEntries: org.apache.ratis.thirdparty.io.grpc.StatusRuntimeException: UNAVAILABLE: io exception
2021-06-07 01:01:15,101 [grpc-default-executor-0] WARN  server.GrpcLogAppender (GrpcLogAppender.java:resetClient(111)) - 3eee8d88-c0ac-4861-bc75-3c80431b5d11@group-9CDF3EC888C5->c2033f43-39b3-4eb3-b9b2-5a70c0c49867-GrpcLogAppender: Leader has not got in touch with Follower 3eee8d88-c0ac-4861-bc75-3c80431b5d11@group-9CDF3EC888C5->c2033f43-39b3-4eb3-b9b2-5a70c0c49867(c-1,m0,n5, attendVote=true, lastRpcSendTime=0, lastRpcResponseTime=12746) yet, just keep nextIndex unchanged and retry.
2021-06-07 01:01:15,533 [grpc-default-executor-0] WARN  server.GrpcLogAppender (LogUtils.java:warn(122)) - 0cacaae5-2f1d-4021-a1c8-b7d3ead785ca@group-1BD4F35D16EE->b8685ee4-5ca3-4a9e-9d6c-fdbcd092b49e-AppendLogResponseHandler: Failed appendEntries: org.apache.ratis.thirdparty.io.grpc.StatusRuntimeException: UNAVAILABLE: io exception
2021-06-07 01:01:15,534 [grpc-default-executor-0] WARN  server.GrpcLogAppender (GrpcLogAppender.java:resetClient(111)) - 0cacaae5-2f1d-4021-a1c8-b7d3ead785ca@group-1BD4F35D16EE->b8685ee4-5ca3-4a9e-9d6c-fdbcd092b49e-GrpcLogAppender: Leader has not got in touch with Follower 0cacaae5-2f1d-4021-a1c8-b7d3ead785ca@group-1BD4F35D16EE->b8685ee4-5ca3-4a9e-9d6c-fdbcd092b49e(c0,m0,n1, attendVote=true, lastRpcSendTime=2505, lastRpcResponseTime=2502) yet, just keep nextIndex unchanged and retry.
2021-06-07 01:01:16,073 [grpc-default-executor-2] WARN  server.GrpcLogAppender (LogUtils.java:warn(122)) - 3eee8d88-c0ac-4861-bc75-3c80431b5d11@group-9CDF3EC888C5->e1c54329-0f94-4ac4-b921-c08a88020a90-AppendLogResponseHandler: Failed appendEntries: org.apache.ratis.thirdparty.io.grpc.StatusRuntimeException: UNAVAILABLE: io exception
2021-06-07 01:01:16,074 [grpc-default-executor-2] INFO  leader.FollowerInfo (FollowerInfoImpl.java:lambda$new$0(46)) - 3eee8d88-c0ac-4861-bc75-3c80431b5d11@group-9CDF3EC888C5->e1c54329-0f94-4ac4-b921-c08a88020a90: nextIndex: updateUnconditionally 5 -> 4
2021-06-07 01:01:17,601 [grpc-default-executor-2] WARN  server.GrpcLogAppender (LogUtils.java:warn(122)) - 3eee8d88-c0ac-4861-bc75-3c80431b5d11@group-9CDF3EC888C5->c2033f43-39b3-4eb3-b9b2-5a70c0c49867-AppendLogResponseHandler: Failed appendEntries: org.apache.ratis.thirdparty.io.grpc.StatusRuntimeException: UNAVAILABLE: io exception
2021-06-07 01:01:17,601 [grpc-default-executor-2] WARN  server.GrpcLogAppender (GrpcLogAppender.java:resetClient(111)) - 3eee8d88-c0ac-4861-bc75-3c80431b5d11@group-9CDF3EC888C5->c2033f43-39b3-4eb3-b9b2-5a70c0c49867-GrpcLogAppender: Leader has not got in touch with Follower 3eee8d88-c0ac-4861-bc75-3c80431b5d11@group-9CDF3EC888C5->c2033f43-39b3-4eb3-b9b2-5a70c0c49867(c-1,m0,n5, attendVote=true, lastRpcSendTime=2500, lastRpcResponseTime=15246) yet, just keep nextIndex unchanged and retry.
2021-06-07 01:01:18,007 [3eee8d88-c0ac-4861-bc75-3c80431b5d11@group-9CDF3EC888C5-LeaderStateImpl] WARN  server.RaftServer$Division (LeaderStateImpl.java:checkLeadership(944)) - 3eee8d88-c0ac-4861-bc75-3c80431b5d11@group-9CDF3EC888C5-LeaderStateImpl: Lost leadership on term: 6. Election timeout: 5200ms. In charge for: 10453ms. Conf: 3: [3eee8d88-c0ac-4861-bc75-3c80431b5d11|rpc:10.1.0.42:45455|dataStream:|priority:0, e1c54329-0f94-4ac4-b921-c08a88020a90|rpc:10.1.0.42:42691|dataStream:|priority:0, c2033f43-39b3-4eb3-b9b2-5a70c0c49867|rpc:10.1.0.42:40253|dataStream:|priority:1], old=null
2021-06-07 01:01:18,008 [3eee8d88-c0ac-4861-bc75-3c80431b5d11@group-9CDF3EC888C5-LeaderStateImpl] WARN  server.RaftServer$Division (LeaderStateImpl.java:lambda$checkLeadership$15(948)) - Follower 3eee8d88-c0ac-4861-bc75-3c80431b5d11@group-9CDF3EC888C5->e1c54329-0f94-4ac4-b921-c08a88020a90(c4,m4,n4, attendVote=true, lastRpcSendTime=1935, lastRpcResponseTime=5398)
2021-06-07 01:01:18,008 [3eee8d88-c0ac-4861-bc75-3c80431b5d11@group-9CDF3EC888C5-LeaderStateImpl] WARN  server.RaftServer$Division (LeaderStateImpl.java:lambda$checkLeadership$15(948)) - Follower 3eee8d88-c0ac-4861-bc75-3c80431b5d11@group-9CDF3EC888C5->c2033f43-39b3-4eb3-b9b2-5a70c0c49867(c-1,m0,n5, attendVote=true, lastRpcSendTime=405, lastRpcResponseTime=15653)
2021-06-07 01:01:18,008 [3eee8d88-c0ac-4861-bc75-3c80431b5d11@group-9CDF3EC888C5-LeaderStateImpl] INFO  server.RaftServer$Division (RaftServerImpl.java:setRole(284)) - 3eee8d88-c0ac-4861-bc75-3c80431b5d11@group-9CDF3EC888C5: changes role from    LEADER to FOLLOWER at term 6 for StepDownReason:LOST_MAJORITY_HEARTBEATS
2021-06-07 01:01:18,008 [3eee8d88-c0ac-4861-bc75-3c80431b5d11@group-9CDF3EC888C5-LeaderStateImpl] INFO  impl.RoleInfo (RoleInfo.java:shutdownLeaderState(91)) - 3eee8d88-c0ac-4861-bc75-3c80431b5d11: shutdown 3eee8d88-c0ac-4861-bc75-3c80431b5d11@group-9CDF3EC888C5-LeaderStateImpl
2021-06-07 01:01:18,008 [3eee8d88-c0ac-4861-bc75-3c80431b5d11@group-9CDF3EC888C5-LeaderStateImpl] INFO  metrics.RatisMetrics (RatisMetrics.java:unregister(43)) - Unregistering Metrics Registry : ratis_grpc.log_appender.3eee8d88-c0ac-4861-bc75-3c80431b5d11@group-9CDF3EC888C5
2021-06-07 01:01:18,008 [3eee8d88-c0ac-4861-bc75-3c80431b5d11@group-9CDF3EC888C5-LeaderStateImpl] INFO  metrics.RatisMetrics (RatisMetrics.java:unregister(43)) - Unregistering Metrics Registry : ratis_grpc.log_appender.3eee8d88-c0ac-4861-bc75-3c80431b5d11@group-9CDF3EC888C5
2021-06-07 01:01:18,008 [3eee8d88-c0ac-4861-bc75-3c80431b5d11@group-9CDF3EC888C5-LeaderStateImpl] INFO  impl.PendingRequests (PendingRequests.java:sendNotLeaderResponses(249)) - 3eee8d88-c0ac-4861-bc75-3c80431b5d11@group-9CDF3EC888C5-PendingRequests: sendNotLeaderResponses
2021-06-07 01:01:18,009 [3eee8d88-c0ac-4861-bc75-3c80431b5d11@group-9CDF3EC888C5-LeaderStateImpl] INFO  metrics.RatisMetrics (RatisMetrics.java:unregister(43)) - Unregistering Metrics Registry : ratis.log_appender.3eee8d88-c0ac-4861-bc75-3c80431b5d11@group-9CDF3EC888C5
2021-06-07 01:01:18,009 [3eee8d88-c0ac-4861-bc75-3c80431b5d11@group-9CDF3EC888C5-LeaderStateImpl] INFO  metrics.RatisMetrics (RatisMetrics.java:unregister(43)) - Unregistering Metrics Registry : ratis.server.3eee8d88-c0ac-4861-bc75-3c80431b5d11@group-9CDF3EC888C5
2021-06-07 01:01:18,009 [3eee8d88-c0ac-4861-bc75-3c80431b5d11@group-9CDF3EC888C5-LeaderStateImpl] INFO  impl.RoleInfo (RoleInfo.java:updateAndGet(130)) - 3eee8d88-c0ac-4861-bc75-3c80431b5d11: start 3eee8d88-c0ac-4861-bc75-3c80431b5d11@group-9CDF3EC888C5-FollowerState
2021-06-07 01:01:18,009 [3eee8d88-c0ac-4861-bc75-3c80431b5d11@group-9CDF3EC888C5->e1c54329-0f94-4ac4-b921-c08a88020a90-GrpcLogAppender-LogAppenderDaemon] WARN  server.GrpcLogAppender (GrpcLogAppender.java:mayWait(175)) - 3eee8d88-c0ac-4861-bc75-3c80431b5d11@group-9CDF3EC888C5->e1c54329-0f94-4ac4-b921-c08a88020a90-GrpcLogAppender: Wait interrupted by java.lang.InterruptedException
2021-06-07 01:01:18,035 [grpc-default-executor-2] WARN  server.GrpcLogAppender (LogUtils.java:warn(122)) - 0cacaae5-2f1d-4021-a1c8-b7d3ead785ca@group-1BD4F35D16EE->b8685ee4-5ca3-4a9e-9d6c-fdbcd092b49e-AppendLogResponseHandler: Failed appendEntries: org.apache.ratis.thirdparty.io.grpc.StatusRuntimeException: UNAVAILABLE: io exception
2021-06-07 01:01:18,036 [grpc-default-executor-2] WARN  server.GrpcLogAppender (GrpcLogAppender.java:resetClient(111)) - 0cacaae5-2f1d-4021-a1c8-b7d3ead785ca@group-1BD4F35D16EE->b8685ee4-5ca3-4a9e-9d6c-fdbcd092b49e-GrpcLogAppender: Leader has not got in touch with Follower 0cacaae5-2f1d-4021-a1c8-b7d3ead785ca@group-1BD4F35D16EE->b8685ee4-5ca3-4a9e-9d6c-fdbcd092b49e(c0,m0,n1, attendVote=true, lastRpcSendTime=0, lastRpcResponseTime=5004) yet, just keep nextIndex unchanged and retry.
2021-06-07 01:01:18,594 [Listener at 127.0.0.1/46609] INFO  ozoneimpl.OzoneContainer (OzoneContainer.java:stop(316)) - Attempting to stop container services.
2021-06-07 01:01:18,595 [Listener at 127.0.0.1/46609] INFO  server.RaftServer (RaftServerProxy.java:lambda$close$6(391)) - 0cacaae5-2f1d-4021-a1c8-b7d3ead785ca: close
2021-06-07 01:01:18,595 [Listener at 127.0.0.1/46609] INFO  server.RaftServer$Division (RaftServerImpl.java:lambda$close$4(406)) - 0cacaae5-2f1d-4021-a1c8-b7d3ead785ca@group-1BD4F35D16EE: shutdown
2021-06-07 01:01:18,595 [Listener at 127.0.0.1/46609] INFO  util.JmxRegister (JmxRegister.java:unregister(73)) - Successfully un-registered JMX Bean with object name Ratis:service=RaftServer,group=group-1BD4F35D16EE,id=0cacaae5-2f1d-4021-a1c8-b7d3ead785ca
2021-06-07 01:01:18,596 [Listener at 127.0.0.1/46609] INFO  impl.RoleInfo (RoleInfo.java:shutdownLeaderState(91)) - 0cacaae5-2f1d-4021-a1c8-b7d3ead785ca: shutdown 0cacaae5-2f1d-4021-a1c8-b7d3ead785ca@group-1BD4F35D16EE-LeaderStateImpl
2021-06-07 01:01:18,596 [Listener at 127.0.0.1/46609] INFO  metrics.RatisMetrics (RatisMetrics.java:unregister(43)) - Unregistering Metrics Registry : ratis_grpc.log_appender.0cacaae5-2f1d-4021-a1c8-b7d3ead785ca@group-1BD4F35D16EE
2021-06-07 01:01:18,596 [Listener at 127.0.0.1/46609] INFO  metrics.RatisMetrics (RatisMetrics.java:unregister(43)) - Unregistering Metrics Registry : ratis_grpc.log_appender.0cacaae5-2f1d-4021-a1c8-b7d3ead785ca@group-1BD4F35D16EE
2021-06-07 01:01:18,596 [Listener at 127.0.0.1/46609] INFO  impl.PendingRequests (PendingRequests.java:sendNotLeaderResponses(249)) - 0cacaae5-2f1d-4021-a1c8-b7d3ead785ca@group-1BD4F35D16EE-PendingRequests: sendNotLeaderResponses
2021-06-07 01:01:18,597 [Listener at 127.0.0.1/46609] INFO  metrics.RatisMetrics (RatisMetrics.java:unregister(43)) - Unregistering Metrics Registry : ratis.log_appender.0cacaae5-2f1d-4021-a1c8-b7d3ead785ca@group-1BD4F35D16EE
2021-06-07 01:01:18,597 [Listener at 127.0.0.1/46609] INFO  metrics.RatisMetrics (RatisMetrics.java:unregister(43)) - Unregistering Metrics Registry : ratis.server.0cacaae5-2f1d-4021-a1c8-b7d3ead785ca@group-1BD4F35D16EE
2021-06-07 01:01:18,598 [0cacaae5-2f1d-4021-a1c8-b7d3ead785ca@group-1BD4F35D16EE->037b306d-55e4-4cae-90bd-e43eb14a37fd-GrpcLogAppender-LogAppenderDaemon] WARN  server.GrpcLogAppender (GrpcLogAppender.java:mayWait(175)) - 0cacaae5-2f1d-4021-a1c8-b7d3ead785ca@group-1BD4F35D16EE->037b306d-55e4-4cae-90bd-e43eb14a37fd-GrpcLogAppender: Wait interrupted by java.lang.InterruptedException
2021-06-07 01:01:18,599 [grpc-default-executor-2] INFO  server.GrpcServerProtocolService (GrpcServerProtocolService.java:onCompleted(140)) - 037b306d-55e4-4cae-90bd-e43eb14a37fd: Completed APPEND_ENTRIES, lastRequest: 0cacaae5-2f1d-4021-a1c8-b7d3ead785ca->037b306d-55e4-4cae-90bd-e43eb14a37fd#1-t4,previous=(t:0, i:0),leaderCommit=-1,initializing? true,entries: size=1, first=(t:4, i:0), CONFIGURATIONENTRY
2021-06-07 01:01:18,600 [grpc-default-executor-2] INFO  server.GrpcLogAppender (GrpcLogAppender.java:onCompleted(344)) - 0cacaae5-2f1d-4021-a1c8-b7d3ead785ca@group-1BD4F35D16EE->037b306d-55e4-4cae-90bd-e43eb14a37fd-AppendLogResponseHandler: follower responses appendEntries COMPLETED
2021-06-07 01:01:18,600 [grpc-default-executor-2] INFO  leader.FollowerInfo (FollowerInfoImpl.java:lambda$new$0(46)) - 0cacaae5-2f1d-4021-a1c8-b7d3ead785ca@group-1BD4F35D16EE->037b306d-55e4-4cae-90bd-e43eb14a37fd: nextIndex: updateUnconditionally 1 -> 0
2021-06-07 01:01:18,602 [0cacaae5-2f1d-4021-a1c8-b7d3ead785ca@group-1BD4F35D16EE-StateMachineUpdater] INFO  ratis.ContainerStateMachine (ContainerStateMachine.java:takeSnapshot(292)) - group-1BD4F35D16EE: Taking a snapshot at:(t:4, i:0) file /home/runner/work/ozone/ozone/mnt/ozone/hadoop-ozone/integration-test/target/test-dir/MiniOzoneClusterImpl-4d691a8a-0502-4280-8005-09cceedbb589/datanode-8/data/ratis/d58ec0e1-1309-4d1c-973f-1bd4f35d16ee/sm/snapshot.4_0
2021-06-07 01:01:18,603 [Listener at 127.0.0.1/46609] INFO  impl.StateMachineUpdater (StateMachineUpdater.java:stopAndJoin(149)) - 0cacaae5-2f1d-4021-a1c8-b7d3ead785ca@group-1BD4F35D16EE-StateMachineUpdater: set stopIndex = 0
2021-06-07 01:01:18,603 [0cacaae5-2f1d-4021-a1c8-b7d3ead785ca@group-1BD4F35D16EE-StateMachineUpdater] INFO  ratis.ContainerStateMachine (ContainerStateMachine.java:takeSnapshot(303)) - group-1BD4F35D16EE: Finished taking a snapshot at:(t:4, i:0) file:/home/runner/work/ozone/ozone/mnt/ozone/hadoop-ozone/integration-test/target/test-dir/MiniOzoneClusterImpl-4d691a8a-0502-4280-8005-09cceedbb589/datanode-8/data/ratis/d58ec0e1-1309-4d1c-973f-1bd4f35d16ee/sm/snapshot.4_0 took: 1 ms
2021-06-07 01:01:18,603 [0cacaae5-2f1d-4021-a1c8-b7d3ead785ca@group-1BD4F35D16EE-StateMachineUpdater] INFO  impl.StateMachineUpdater (StateMachineUpdater.java:takeSnapshot(281)) - 0cacaae5-2f1d-4021-a1c8-b7d3ead785ca@group-1BD4F35D16EE-StateMachineUpdater: Took a snapshot at index 0
2021-06-07 01:01:18,603 [0cacaae5-2f1d-4021-a1c8-b7d3ead785ca@group-1BD4F35D16EE-StateMachineUpdater] INFO  impl.StateMachineUpdater (StateMachineUpdater.java:lambda$new$0(89)) - 0cacaae5-2f1d-4021-a1c8-b7d3ead785ca@group-1BD4F35D16EE-StateMachineUpdater: snapshotIndex: updateIncreasingly -1 -> 0
2021-06-07 01:01:18,603 [0cacaae5-2f1d-4021-a1c8-b7d3ead785ca@group-1BD4F35D16EE-StateMachineUpdater] INFO  metrics.RatisMetrics (RatisMetrics.java:unregister(43)) - Unregistering Metrics Registry : ratis.state_machine.0cacaae5-2f1d-4021-a1c8-b7d3ead785ca@group-1BD4F35D16EE
2021-06-07 01:01:18,604 [Listener at 127.0.0.1/46609] INFO  server.RaftServer$Division (ServerState.java:close(405)) - 0cacaae5-2f1d-4021-a1c8-b7d3ead785ca@group-1BD4F35D16EE: closes. applyIndex: 0
2021-06-07 01:01:18,604 [0cacaae5-2f1d-4021-a1c8-b7d3ead785ca@group-1BD4F35D16EE-SegmentedRaftLogWorker] INFO  segmented.SegmentedRaftLogWorker (SegmentedRaftLogWorker.java:run(327)) - 0cacaae5-2f1d-4021-a1c8-b7d3ead785ca@group-1BD4F35D16EE-SegmentedRaftLogWorker was interrupted, exiting. There are 0 tasks remaining in the queue.
2021-06-07 01:01:18,604 [Listener at 127.0.0.1/46609] INFO  segmented.SegmentedRaftLogWorker (SegmentedRaftLogWorker.java:close(237)) - 0cacaae5-2f1d-4021-a1c8-b7d3ead785ca@group-1BD4F35D16EE-SegmentedRaftLogWorker close()
2021-06-07 01:01:18,604 [Listener at 127.0.0.1/46609] INFO  metrics.RatisMetrics (RatisMetrics.java:unregister(43)) - Unregistering Metrics Registry : ratis.log_worker.0cacaae5-2f1d-4021-a1c8-b7d3ead785ca@group-1BD4F35D16EE
2021-06-07 01:01:18,604 [Listener at 127.0.0.1/46609] INFO  metrics.RatisMetrics (RatisMetrics.java:unregister(43)) - Unregistering Metrics Registry : ratis.leader_election.0cacaae5-2f1d-4021-a1c8-b7d3ead785ca@group-1BD4F35D16EE
2021-06-07 01:01:18,605 [Listener at 127.0.0.1/46609] INFO  metrics.RatisMetrics (RatisMetrics.java:unregister(43)) - Unregistering Metrics Registry : ratis.server.0cacaae5-2f1d-4021-a1c8-b7d3ead785ca@group-1BD4F35D16EE
2021-06-07 01:01:18,605 [Listener at 127.0.0.1/46609] INFO  server.RaftServer$Division (RaftServerImpl.java:lambda$close$4(406)) - 0cacaae5-2f1d-4021-a1c8-b7d3ead785ca@group-5B07DACAF2FD: shutdown
2021-06-07 01:01:18,605 [Listener at 127.0.0.1/46609] INFO  util.JmxRegister (JmxRegister.java:unregister(73)) - Successfully un-registered JMX Bean with object name Ratis:service=RaftServer,group=group-5B07DACAF2FD,id=0cacaae5-2f1d-4021-a1c8-b7d3ead785ca
2021-06-07 01:01:18,605 [Listener at 127.0.0.1/46609] INFO  impl.RoleInfo (RoleInfo.java:shutdownLeaderState(91)) - 0cacaae5-2f1d-4021-a1c8-b7d3ead785ca: shutdown 0cacaae5-2f1d-4021-a1c8-b7d3ead785ca@group-5B07DACAF2FD-LeaderStateImpl
2021-06-07 01:01:18,605 [Listener at 127.0.0.1/46609] INFO  impl.PendingRequests (PendingRequests.java:sendNotLeaderResponses(249)) - 0cacaae5-2f1d-4021-a1c8-b7d3ead785ca@group-5B07DACAF2FD-PendingRequests: sendNotLeaderResponses
2021-06-07 01:01:18,606 [Listener at 127.0.0.1/46609] INFO  metrics.RatisMetrics (RatisMetrics.java:unregister(43)) - Unregistering Metrics Registry : ratis.log_appender.0cacaae5-2f1d-4021-a1c8-b7d3ead785ca@group-5B07DACAF2FD
2021-06-07 01:01:18,606 [Listener at 127.0.0.1/46609] INFO  metrics.RatisMetrics (RatisMetrics.java:unregister(43)) - Unregistering Metrics Registry : ratis.server.0cacaae5-2f1d-4021-a1c8-b7d3ead785ca@group-5B07DACAF2FD
2021-06-07 01:01:18,606 [0cacaae5-2f1d-4021-a1c8-b7d3ead785ca@group-5B07DACAF2FD-StateMachineUpdater] INFO  ratis.ContainerStateMachine (ContainerStateMachine.java:takeSnapshot(292)) - group-5B07DACAF2FD: Taking a snapshot at:(t:1, i:0) file /home/runner/work/ozone/ozone/mnt/ozone/hadoop-ozone/integration-test/target/test-dir/MiniOzoneClusterImpl-4d691a8a-0502-4280-8005-09cceedbb589/datanode-8/data/ratis/3e905af0-53c9-4fe9-9357-5b07dacaf2fd/sm/snapshot.1_0
2021-06-07 01:01:18,607 [Listener at 127.0.0.1/46609] INFO  impl.StateMachineUpdater (StateMachineUpdater.java:stopAndJoin(149)) - 0cacaae5-2f1d-4021-a1c8-b7d3ead785ca@group-5B07DACAF2FD-StateMachineUpdater: set stopIndex = 0
2021-06-07 01:01:18,607 [0cacaae5-2f1d-4021-a1c8-b7d3ead785ca@group-5B07DACAF2FD-StateMachineUpdater] INFO  ratis.ContainerStateMachine (ContainerStateMachine.java:takeSnapshot(303)) - group-5B07DACAF2FD: Finished taking a snapshot at:(t:1, i:0) file:/home/runner/work/ozone/ozone/mnt/ozone/hadoop-ozone/integration-test/target/test-dir/MiniOzoneClusterImpl-4d691a8a-0502-4280-8005-09cceedbb589/datanode-8/data/ratis/3e905af0-53c9-4fe9-9357-5b07dacaf2fd/sm/snapshot.1_0 took: 1 ms
2021-06-07 01:01:18,607 [0cacaae5-2f1d-4021-a1c8-b7d3ead785ca@group-5B07DACAF2FD-StateMachineUpdater] INFO  impl.StateMachineUpdater (StateMachineUpdater.java:takeSnapshot(281)) - 0cacaae5-2f1d-4021-a1c8-b7d3ead785ca@group-5B07DACAF2FD-StateMachineUpdater: Took a snapshot at index 0
2021-06-07 01:01:18,607 [0cacaae5-2f1d-4021-a1c8-b7d3ead785ca@group-5B07DACAF2FD-StateMachineUpdater] INFO  impl.StateMachineUpdater (StateMachineUpdater.java:lambda$new$0(89)) - 0cacaae5-2f1d-4021-a1c8-b7d3ead785ca@group-5B07DACAF2FD-StateMachineUpdater: snapshotIndex: updateIncreasingly -1 -> 0
2021-06-07 01:01:18,607 [0cacaae5-2f1d-4021-a1c8-b7d3ead785ca@group-5B07DACAF2FD-StateMachineUpdater] INFO  metrics.RatisMetrics (RatisMetrics.java:unregister(43)) - Unregistering Metrics Registry : ratis.state_machine.0cacaae5-2f1d-4021-a1c8-b7d3ead785ca@group-5B07DACAF2FD
2021-06-07 01:01:18,608 [Listener at 127.0.0.1/46609] INFO  server.RaftServer$Division (ServerState.java:close(405)) - 0cacaae5-2f1d-4021-a1c8-b7d3ead785ca@group-5B07DACAF2FD: closes. applyIndex: 0
2021-06-07 01:01:18,608 [0cacaae5-2f1d-4021-a1c8-b7d3ead785ca@group-5B07DACAF2FD-SegmentedRaftLogWorker] INFO  segmented.SegmentedRaftLogWorker (SegmentedRaftLogWorker.java:run(327)) - 0cacaae5-2f1d-4021-a1c8-b7d3ead785ca@group-5B07DACAF2FD-SegmentedRaftLogWorker was interrupted, exiting. There are 0 tasks remaining in the queue.
2021-06-07 01:01:18,608 [Listener at 127.0.0.1/46609] INFO  segmented.SegmentedRaftLogWorker (SegmentedRaftLogWorker.java:close(237)) - 0cacaae5-2f1d-4021-a1c8-b7d3ead785ca@group-5B07DACAF2FD-SegmentedRaftLogWorker close()
2021-06-07 01:01:18,608 [Listener at 127.0.0.1/46609] INFO  metrics.RatisMetrics (RatisMetrics.java:unregister(43)) - Unregistering Metrics Registry : ratis.log_worker.0cacaae5-2f1d-4021-a1c8-b7d3ead785ca@group-5B07DACAF2FD
2021-06-07 01:01:18,608 [Listener at 127.0.0.1/46609] INFO  metrics.RatisMetrics (RatisMetrics.java:unregister(43)) - Unregistering Metrics Registry : ratis.leader_election.0cacaae5-2f1d-4021-a1c8-b7d3ead785ca@group-5B07DACAF2FD
2021-06-07 01:01:18,608 [Listener at 127.0.0.1/46609] INFO  metrics.RatisMetrics (RatisMetrics.java:unregister(43)) - Unregistering Metrics Registry : ratis.server.0cacaae5-2f1d-4021-a1c8-b7d3ead785ca@group-5B07DACAF2FD
2021-06-07 01:01:18,609 [Listener at 127.0.0.1/46609] INFO  server.GrpcService (GrpcService.java:closeImpl(262)) - 0cacaae5-2f1d-4021-a1c8-b7d3ead785ca: shutdown server with port 39691 now
2021-06-07 01:01:18,616 [Listener at 127.0.0.1/46609] INFO  server.GrpcService (GrpcService.java:closeImpl(271)) - 0cacaae5-2f1d-4021-a1c8-b7d3ead785ca: shutdown server with port 39691 successfully
2021-06-07 01:01:18,616 [org.apache.ratis.util.JvmPauseMonitor$$Lambda$513/325153081@f3445b0] INFO  util.JvmPauseMonitor (JvmPauseMonitor.java:run(109)) - JvmPauseMonitor-0cacaae5-2f1d-4021-a1c8-b7d3ead785ca: Stopped
2021-06-07 01:01:18,617 [Listener at 127.0.0.1/46609] INFO  utils.BackgroundService (BackgroundService.java:shutdown(132)) - Shutting down service BlockDeletingService
2021-06-07 01:01:18,618 [Listener at 127.0.0.1/46609] INFO  statemachine.DatanodeStateMachine (DatanodeStateMachine.java:stopDaemon(486)) - Ozone container server stopped.
2021-06-07 01:01:18,619 [Listener at 127.0.0.1/46609] INFO  handler.ContextHandler (ContextHandler.java:doStop(1154)) - Stopped o.e.j.w.WebAppContext@4800c946{hddsDatanode,/,null,STOPPED}{jar:file:/home/runner/.m2/repository/org/apache/ozone/hdds-container-service/1.2.0-SNAPSHOT/hdds-container-service-1.2.0-SNAPSHOT.jar!/webapps/hddsDatanode}
2021-06-07 01:01:18,619 [Listener at 127.0.0.1/46609] INFO  server.AbstractConnector (AbstractConnector.java:doStop(381)) - Stopped ServerConnector@6eba6554{HTTP/1.1, (http/1.1)}{0.0.0.0:0}
2021-06-07 01:01:18,620 [Listener at 127.0.0.1/46609] INFO  server.session (HouseKeeper.java:stopScavenging(149)) - node0 Stopped scavenging
2021-06-07 01:01:18,620 [Listener at 127.0.0.1/46609] INFO  handler.ContextHandler (ContextHandler.java:doStop(1154)) - Stopped o.e.j.s.ServletContextHandler@17993651{static,/static,jar:file:/home/runner/.m2/repository/org/apache/ozone/hdds-container-service/1.2.0-SNAPSHOT/hdds-container-service-1.2.0-SNAPSHOT.jar!/webapps/static,STOPPED}
2021-06-07 01:01:18,620 [Listener at 127.0.0.1/46609] INFO  handler.ContextHandler (ContextHandler.java:doStop(1154)) - Stopped o.e.j.s.ServletContextHandler@11743654{logs,/logs,file:///home/runner/work/ozone/ozone/mnt/ozone/hadoop-ozone/integration-test/target/log,STOPPED}
2021-06-07 01:01:18,641 [ForkJoinPool.commonPool-worker-0] INFO  ozoneimpl.OzoneContainer (OzoneContainer.java:stop(316)) - Attempting to stop container services.
2021-06-07 01:01:18,641 [ForkJoinPool.commonPool-worker-0] INFO  server.RaftServer (RaftServerProxy.java:lambda$close$6(391)) - 3eee8d88-c0ac-4861-bc75-3c80431b5d11: close
2021-06-07 01:01:18,641 [ForkJoinPool.commonPool-worker-0] INFO  server.RaftServer$Division (RaftServerImpl.java:lambda$close$4(406)) - 3eee8d88-c0ac-4861-bc75-3c80431b5d11@group-57B7B015FF83: shutdown
2021-06-07 01:01:18,642 [ForkJoinPool.commonPool-worker-0] INFO  util.JmxRegister (JmxRegister.java:unregister(73)) - Successfully un-registered JMX Bean with object name Ratis:service=RaftServer,group=group-57B7B015FF83,id=3eee8d88-c0ac-4861-bc75-3c80431b5d11
2021-06-07 01:01:18,642 [ForkJoinPool.commonPool-worker-0] INFO  impl.RoleInfo (RoleInfo.java:shutdownLeaderState(91)) - 3eee8d88-c0ac-4861-bc75-3c80431b5d11: shutdown 3eee8d88-c0ac-4861-bc75-3c80431b5d11@group-57B7B015FF83-LeaderStateImpl
2021-06-07 01:01:18,642 [ForkJoinPool.commonPool-worker-0] INFO  impl.PendingRequests (PendingRequests.java:sendNotLeaderResponses(249)) - 3eee8d88-c0ac-4861-bc75-3c80431b5d11@group-57B7B015FF83-PendingRequests: sendNotLeaderResponses
2021-06-07 01:01:18,642 [ForkJoinPool.commonPool-worker-0] INFO  metrics.RatisMetrics (RatisMetrics.java:unregister(43)) - Unregistering Metrics Registry : ratis.log_appender.3eee8d88-c0ac-4861-bc75-3c80431b5d11@group-57B7B015FF83
2021-06-07 01:01:18,642 [ForkJoinPool.commonPool-worker-0] INFO  metrics.RatisMetrics (RatisMetrics.java:unregister(43)) - Unregistering Metrics Registry : ratis.server.3eee8d88-c0ac-4861-bc75-3c80431b5d11@group-57B7B015FF83
2021-06-07 01:01:18,643 [ForkJoinPool.commonPool-worker-0] INFO  impl.StateMachineUpdater (StateMachineUpdater.java:stopAndJoin(149)) - 3eee8d88-c0ac-4861-bc75-3c80431b5d11@group-57B7B015FF83-StateMachineUpdater: set stopIndex = 0
2021-06-07 01:01:18,643 [3eee8d88-c0ac-4861-bc75-3c80431b5d11@group-57B7B015FF83-StateMachineUpdater] INFO  ratis.ContainerStateMachine (ContainerStateMachine.java:takeSnapshot(292)) - group-57B7B015FF83: Taking a snapshot at:(t:1, i:0) file /home/runner/work/ozone/ozone/mnt/ozone/hadoop-ozone/integration-test/target/test-dir/MiniOzoneClusterImpl-4d691a8a-0502-4280-8005-09cceedbb589/datanode-1/data/ratis/c524aef2-d63d-42f1-a01f-57b7b015ff83/sm/snapshot.1_0
2021-06-07 01:01:18,643 [3eee8d88-c0ac-4861-bc75-3c80431b5d11@group-57B7B015FF83-StateMachineUpdater] INFO  ratis.ContainerStateMachine (ContainerStateMachine.java:takeSnapshot(303)) - group-57B7B015FF83: Finished taking a snapshot at:(t:1, i:0) file:/home/runner/work/ozone/ozone/mnt/ozone/hadoop-ozone/integration-test/target/test-dir/MiniOzoneClusterImpl-4d691a8a-0502-4280-8005-09cceedbb589/datanode-1/data/ratis/c524aef2-d63d-42f1-a01f-57b7b015ff83/sm/snapshot.1_0 took: 0 ms
2021-06-07 01:01:18,644 [3eee8d88-c0ac-4861-bc75-3c80431b5d11@group-57B7B015FF83-StateMachineUpdater] INFO  impl.StateMachineUpdater (StateMachineUpdater.java:takeSnapshot(281)) - 3eee8d88-c0ac-4861-bc75-3c80431b5d11@group-57B7B015FF83-StateMachineUpdater: Took a snapshot at index 0
2021-06-07 01:01:18,644 [3eee8d88-c0ac-4861-bc75-3c80431b5d11@group-57B7B015FF83-StateMachineUpdater] INFO  impl.StateMachineUpdater (StateMachineUpdater.java:lambda$new$0(89)) - 3eee8d88-c0ac-4861-bc75-3c80431b5d11@group-57B7B015FF83-StateMachineUpdater: snapshotIndex: updateIncreasingly -1 -> 0
2021-06-07 01:01:18,644 [3eee8d88-c0ac-4861-bc75-3c80431b5d11@group-57B7B015FF83-StateMachineUpdater] INFO  metrics.RatisMetrics (RatisMetrics.java:unregister(43)) - Unregistering Metrics Registry : ratis.state_machine.3eee8d88-c0ac-4861-bc75-3c80431b5d11@group-57B7B015FF83
2021-06-07 01:01:18,644 [ForkJoinPool.commonPool-worker-0] INFO  server.RaftServer$Division (ServerState.java:close(405)) - 3eee8d88-c0ac-4861-bc75-3c80431b5d11@group-57B7B015FF83: closes. applyIndex: 0
2021-06-07 01:01:18,644 [3eee8d88-c0ac-4861-bc75-3c80431b5d11@group-57B7B015FF83-SegmentedRaftLogWorker] INFO  segmented.SegmentedRaftLogWorker (SegmentedRaftLogWorker.java:run(327)) - 3eee8d88-c0ac-4861-bc75-3c80431b5d11@group-57B7B015FF83-SegmentedRaftLogWorker was interrupted, exiting. There are 0 tasks remaining in the queue.
2021-06-07 01:01:18,644 [ForkJoinPool.commonPool-worker-0] INFO  segmented.SegmentedRaftLogWorker (SegmentedRaftLogWorker.java:close(237)) - 3eee8d88-c0ac-4861-bc75-3c80431b5d11@group-57B7B015FF83-SegmentedRaftLogWorker close()
2021-06-07 01:01:18,644 [ForkJoinPool.commonPool-worker-0] INFO  metrics.RatisMetrics (RatisMetrics.java:unregister(43)) - Unregistering Metrics Registry : ratis.log_worker.3eee8d88-c0ac-4861-bc75-3c80431b5d11@group-57B7B015FF83
2021-06-07 01:01:18,645 [ForkJoinPool.commonPool-worker-0] INFO  metrics.RatisMetrics (RatisMetrics.java:unregister(43)) - Unregistering Metrics Registry : ratis.leader_election.3eee8d88-c0ac-4861-bc75-3c80431b5d11@group-57B7B015FF83
2021-06-07 01:01:18,645 [ForkJoinPool.commonPool-worker-0] INFO  metrics.RatisMetrics (RatisMetrics.java:unregister(43)) - Unregistering Metrics Registry : ratis.server.3eee8d88-c0ac-4861-bc75-3c80431b5d11@group-57B7B015FF83
2021-06-07 01:01:18,645 [ForkJoinPool.commonPool-worker-0] INFO  server.RaftServer$Division (RaftServerImpl.java:lambda$close$4(406)) - 3eee8d88-c0ac-4861-bc75-3c80431b5d11@group-9CDF3EC888C5: shutdown
2021-06-07 01:01:18,645 [ForkJoinPool.commonPool-worker-0] INFO  util.JmxRegister (JmxRegister.java:unregister(73)) - Successfully un-registered JMX Bean with object name Ratis:service=RaftServer,group=group-9CDF3EC888C5,id=3eee8d88-c0ac-4861-bc75-3c80431b5d11
2021-06-07 01:01:18,645 [ForkJoinPool.commonPool-worker-0] INFO  impl.RoleInfo (RoleInfo.java:shutdownFollowerState(108)) - 3eee8d88-c0ac-4861-bc75-3c80431b5d11: shutdown 3eee8d88-c0ac-4861-bc75-3c80431b5d11@group-9CDF3EC888C5-FollowerState
2021-06-07 01:01:18,645 [3eee8d88-c0ac-4861-bc75-3c80431b5d11@group-9CDF3EC888C5-FollowerState] INFO  impl.FollowerState (FollowerState.java:run(143)) - 3eee8d88-c0ac-4861-bc75-3c80431b5d11@group-9CDF3EC888C5-FollowerState was interrupted: {}
java.lang.InterruptedException: sleep interrupted
	at java.lang.Thread.sleep(Native Method)
	at java.lang.Thread.sleep(Thread.java:340)
	at java.util.concurrent.TimeUnit.sleep(TimeUnit.java:386)
	at org.apache.ratis.util.TimeDuration.sleep(TimeDuration.java:324)
	at org.apache.ratis.util.TimeDuration.sleep(TimeDuration.java:309)
	at org.apache.ratis.server.impl.FollowerState.run(FollowerState.java:118)
2021-06-07 01:01:18,645 [3eee8d88-c0ac-4861-bc75-3c80431b5d11@group-9CDF3EC888C5-StateMachineUpdater] INFO  ratis.ContainerStateMachine (ContainerStateMachine.java:takeSnapshot(292)) - group-9CDF3EC888C5: Taking a snapshot at:(t:6, i:4) file /home/runner/work/ozone/ozone/mnt/ozone/hadoop-ozone/integration-test/target/test-dir/MiniOzoneClusterImpl-4d691a8a-0502-4280-8005-09cceedbb589/datanode-1/data/ratis/7966a4a9-418d-4bdc-887b-9cdf3ec888c5/sm/snapshot.6_4
2021-06-07 01:01:18,645 [ForkJoinPool.commonPool-worker-0] INFO  impl.StateMachineUpdater (StateMachineUpdater.java:stopAndJoin(149)) - 3eee8d88-c0ac-4861-bc75-3c80431b5d11@group-9CDF3EC888C5-StateMachineUpdater: set stopIndex = 4
2021-06-07 01:01:18,646 [3eee8d88-c0ac-4861-bc75-3c80431b5d11@group-9CDF3EC888C5-StateMachineUpdater] INFO  ratis.ContainerStateMachine (ContainerStateMachine.java:takeSnapshot(303)) - group-9CDF3EC888C5: Finished taking a snapshot at:(t:6, i:4) file:/home/runner/work/ozone/ozone/mnt/ozone/hadoop-ozone/integration-test/target/test-dir/MiniOzoneClusterImpl-4d691a8a-0502-4280-8005-09cceedbb589/datanode-1/data/ratis/7966a4a9-418d-4bdc-887b-9cdf3ec888c5/sm/snapshot.6_4 took: 1 ms
2021-06-07 01:01:18,646 [3eee8d88-c0ac-4861-bc75-3c80431b5d11@group-9CDF3EC888C5-StateMachineUpdater] INFO  impl.StateMachineUpdater (StateMachineUpdater.java:takeSnapshot(281)) - 3eee8d88-c0ac-4861-bc75-3c80431b5d11@group-9CDF3EC888C5-StateMachineUpdater: Took a snapshot at index 4
2021-06-07 01:01:18,646 [3eee8d88-c0ac-4861-bc75-3c80431b5d11@group-9CDF3EC888C5-StateMachineUpdater] INFO  impl.StateMachineUpdater (StateMachineUpdater.java:lambda$new$0(89)) - 3eee8d88-c0ac-4861-bc75-3c80431b5d11@group-9CDF3EC888C5-StateMachineUpdater: snapshotIndex: updateIncreasingly -1 -> 4
2021-06-07 01:01:18,646 [3eee8d88-c0ac-4861-bc75-3c80431b5d11@group-9CDF3EC888C5-StateMachineUpdater] INFO  metrics.RatisMetrics (RatisMetrics.java:unregister(43)) - Unregistering Metrics Registry : ratis.state_machine.3eee8d88-c0ac-4861-bc75-3c80431b5d11@group-9CDF3EC888C5
2021-06-07 01:01:18,646 [ForkJoinPool.commonPool-worker-0] INFO  server.RaftServer$Division (ServerState.java:close(405)) - 3eee8d88-c0ac-4861-bc75-3c80431b5d11@group-9CDF3EC888C5: closes. applyIndex: 4
2021-06-07 01:01:18,647 [3eee8d88-c0ac-4861-bc75-3c80431b5d11@group-9CDF3EC888C5-SegmentedRaftLogWorker] INFO  segmented.SegmentedRaftLogWorker (SegmentedRaftLogWorker.java:run(327)) - 3eee8d88-c0ac-4861-bc75-3c80431b5d11@group-9CDF3EC888C5-SegmentedRaftLogWorker was interrupted, exiting. There are 0 tasks remaining in the queue.
2021-06-07 01:01:18,647 [ForkJoinPool.commonPool-worker-0] INFO  segmented.SegmentedRaftLogWorker (SegmentedRaftLogWorker.java:close(237)) - 3eee8d88-c0ac-4861-bc75-3c80431b5d11@group-9CDF3EC888C5-SegmentedRaftLogWorker close()
2021-06-07 01:01:18,647 [ForkJoinPool.commonPool-worker-0] INFO  metrics.RatisMetrics (RatisMetrics.java:unregister(43)) - Unregistering Metrics Registry : ratis.log_worker.3eee8d88-c0ac-4861-bc75-3c80431b5d11@group-9CDF3EC888C5
2021-06-07 01:01:18,647 [ForkJoinPool.commonPool-worker-0] INFO  metrics.RatisMetrics (RatisMetrics.java:unregister(43)) - Unregistering Metrics Registry : ratis.leader_election.3eee8d88-c0ac-4861-bc75-3c80431b5d11@group-9CDF3EC888C5
2021-06-07 01:01:18,647 [ForkJoinPool.commonPool-worker-0] INFO  metrics.RatisMetrics (RatisMetrics.java:unregister(43)) - Unregistering Metrics Registry : ratis.server.3eee8d88-c0ac-4861-bc75-3c80431b5d11@group-9CDF3EC888C5
2021-06-07 01:01:18,647 [ForkJoinPool.commonPool-worker-0] INFO  server.GrpcService (GrpcService.java:closeImpl(262)) - 3eee8d88-c0ac-4861-bc75-3c80431b5d11: shutdown server with port 45455 now
2021-06-07 01:01:18,650 [ForkJoinPool.commonPool-worker-0] INFO  server.GrpcService (GrpcService.java:closeImpl(271)) - 3eee8d88-c0ac-4861-bc75-3c80431b5d11: shutdown server with port 45455 successfully
2021-06-07 01:01:18,650 [org.apache.ratis.util.JvmPauseMonitor$$Lambda$513/325153081@3a40ce3e] INFO  util.JvmPauseMonitor (JvmPauseMonitor.java:run(109)) - JvmPauseMonitor-3eee8d88-c0ac-4861-bc75-3c80431b5d11: Stopped
2021-06-07 01:01:18,652 [ForkJoinPool.commonPool-worker-0] INFO  utils.BackgroundService (BackgroundService.java:shutdown(132)) - Shutting down service BlockDeletingService
2021-06-07 01:01:18,655 [ForkJoinPool.commonPool-worker-0] INFO  statemachine.DatanodeStateMachine (DatanodeStateMachine.java:stopDaemon(486)) - Ozone container server stopped.
2021-06-07 01:01:18,656 [ForkJoinPool.commonPool-worker-0] INFO  handler.ContextHandler (ContextHandler.java:doStop(1154)) - Stopped o.e.j.w.WebAppContext@25d439a{hddsDatanode,/,null,STOPPED}{jar:file:/home/runner/.m2/repository/org/apache/ozone/hdds-container-service/1.2.0-SNAPSHOT/hdds-container-service-1.2.0-SNAPSHOT.jar!/webapps/hddsDatanode}
2021-06-07 01:01:18,656 [ForkJoinPool.commonPool-worker-0] INFO  server.AbstractConnector (AbstractConnector.java:doStop(381)) - Stopped ServerConnector@742d5736{HTTP/1.1, (http/1.1)}{0.0.0.0:0}
2021-06-07 01:01:18,656 [ForkJoinPool.commonPool-worker-0] INFO  server.session (HouseKeeper.java:stopScavenging(149)) - node0 Stopped scavenging
2021-06-07 01:01:18,656 [ForkJoinPool.commonPool-worker-0] INFO  handler.ContextHandler (ContextHandler.java:doStop(1154)) - Stopped o.e.j.s.ServletContextHandler@462d4f3c{static,/static,jar:file:/home/runner/.m2/repository/org/apache/ozone/hdds-container-service/1.2.0-SNAPSHOT/hdds-container-service-1.2.0-SNAPSHOT.jar!/webapps/static,STOPPED}
2021-06-07 01:01:18,656 [ForkJoinPool.commonPool-worker-0] INFO  handler.ContextHandler (ContextHandler.java:doStop(1154)) - Stopped o.e.j.s.ServletContextHandler@6dd55493{logs,/logs,file:///home/runner/work/ozone/ozone/mnt/ozone/hadoop-ozone/integration-test/target/log,STOPPED}
2021-06-07 01:01:18,729 [Datanode State Machine Thread - 0] INFO  statemachine.DatanodeStateMachine (DatanodeStateMachine.java:lambda$startDaemon$0(428)) - Ozone container server started.
2021-06-07 01:01:23,572 [037b306d-55e4-4cae-90bd-e43eb14a37fd@group-1BD4F35D16EE-FollowerState] INFO  impl.FollowerState (FollowerState.java:run(134)) - 037b306d-55e4-4cae-90bd-e43eb14a37fd@group-1BD4F35D16EE-FollowerState: change to CANDIDATE, lastRpcElapsedTime:5527964385ns, electionTimeout:5128ms
2021-06-07 01:01:23,572 [037b306d-55e4-4cae-90bd-e43eb14a37fd@group-1BD4F35D16EE-FollowerState] INFO  impl.RoleInfo (RoleInfo.java:shutdownFollowerState(108)) - 037b306d-55e4-4cae-90bd-e43eb14a37fd: shutdown 037b306d-55e4-4cae-90bd-e43eb14a37fd@group-1BD4F35D16EE-FollowerState
2021-06-07 01:01:23,573 [037b306d-55e4-4cae-90bd-e43eb14a37fd@group-1BD4F35D16EE-FollowerState] INFO  server.RaftServer$Division (RaftServerImpl.java:setRole(284)) - 037b306d-55e4-4cae-90bd-e43eb14a37fd@group-1BD4F35D16EE: changes role from  FOLLOWER to CANDIDATE at term 4 for changeToCandidate
2021-06-07 01:01:23,573 [037b306d-55e4-4cae-90bd-e43eb14a37fd@group-1BD4F35D16EE-FollowerState] INFO  server.RaftServerConfigKeys (ConfUtils.java:logGet(44)) - raft.server.leaderelection.pre-vote = false (custom)
2021-06-07 01:01:23,573 [037b306d-55e4-4cae-90bd-e43eb14a37fd@group-1BD4F35D16EE-FollowerState] INFO  impl.RoleInfo (RoleInfo.java:updateAndGet(130)) - 037b306d-55e4-4cae-90bd-e43eb14a37fd: start 037b306d-55e4-4cae-90bd-e43eb14a37fd@group-1BD4F35D16EE-LeaderElection54
2021-06-07 01:01:23,573 [037b306d-55e4-4cae-90bd-e43eb14a37fd@group-1BD4F35D16EE-LeaderElection54] INFO  server.RaftServer$Division (ServerState.java:setLeader(271)) - 037b306d-55e4-4cae-90bd-e43eb14a37fd@group-1BD4F35D16EE: change Leader from 0cacaae5-2f1d-4021-a1c8-b7d3ead785ca to null at term 4 for ELECTION
2021-06-07 01:01:23,575 [037b306d-55e4-4cae-90bd-e43eb14a37fd@group-1BD4F35D16EE-LeaderElection54] INFO  impl.LeaderElection (LeaderElection.java:askForVotes(306)) - 037b306d-55e4-4cae-90bd-e43eb14a37fd@group-1BD4F35D16EE-LeaderElection54 ELECTION round 0: submit vote requests at term 5 for 0: [037b306d-55e4-4cae-90bd-e43eb14a37fd|rpc:10.1.0.42:42733|dataStream:|priority:0, 0cacaae5-2f1d-4021-a1c8-b7d3ead785ca|rpc:10.1.0.42:39691|dataStream:|priority:1, b8685ee4-5ca3-4a9e-9d6c-fdbcd092b49e|rpc:10.1.0.42:46205|dataStream:|priority:0], old=null
2021-06-07 01:01:23,577 [037b306d-55e4-4cae-90bd-e43eb14a37fd@group-1BD4F35D16EE-LeaderElection54] INFO  impl.LeaderElection (LogUtils.java:infoOrTrace(137)) - 037b306d-55e4-4cae-90bd-e43eb14a37fd@group-1BD4F35D16EE-LeaderElection54 got exception when requesting votes: java.util.concurrent.ExecutionException: org.apache.ratis.thirdparty.io.grpc.StatusRuntimeException: UNAVAILABLE: io exception
2021-06-07 01:01:23,579 [037b306d-55e4-4cae-90bd-e43eb14a37fd@group-1BD4F35D16EE-LeaderElection54] INFO  impl.LeaderElection (LogUtils.java:infoOrTrace(137)) - 037b306d-55e4-4cae-90bd-e43eb14a37fd@group-1BD4F35D16EE-LeaderElection54 got exception when requesting votes: java.util.concurrent.ExecutionException: org.apache.ratis.thirdparty.io.grpc.StatusRuntimeException: UNAVAILABLE: io exception
2021-06-07 01:01:23,579 [037b306d-55e4-4cae-90bd-e43eb14a37fd@group-1BD4F35D16EE-LeaderElection54] INFO  impl.LeaderElection (LeaderElection.java:logAndReturn(89)) - 037b306d-55e4-4cae-90bd-e43eb14a37fd@group-1BD4F35D16EE-LeaderElection54: ELECTION REJECTED received 0 response(s) and 2 exception(s):
2021-06-07 01:01:23,579 [037b306d-55e4-4cae-90bd-e43eb14a37fd@group-1BD4F35D16EE-LeaderElection54] INFO  impl.LeaderElection (LogUtils.java:infoOrTrace(137)) -   Exception 0: java.util.concurrent.ExecutionException: org.apache.ratis.thirdparty.io.grpc.StatusRuntimeException: UNAVAILABLE: io exception
2021-06-07 01:01:23,579 [037b306d-55e4-4cae-90bd-e43eb14a37fd@group-1BD4F35D16EE-LeaderElection54] INFO  impl.LeaderElection (LogUtils.java:infoOrTrace(137)) -   Exception 1: java.util.concurrent.ExecutionException: org.apache.ratis.thirdparty.io.grpc.StatusRuntimeException: UNAVAILABLE: io exception
2021-06-07 01:01:23,579 [037b306d-55e4-4cae-90bd-e43eb14a37fd@group-1BD4F35D16EE-LeaderElection54] INFO  impl.LeaderElection (LeaderElection.java:askForVotes(308)) - 037b306d-55e4-4cae-90bd-e43eb14a37fd@group-1BD4F35D16EE-LeaderElection54 ELECTION round 0: result REJECTED
2021-06-07 01:01:23,579 [037b306d-55e4-4cae-90bd-e43eb14a37fd@group-1BD4F35D16EE-LeaderElection54] INFO  server.RaftServer$Division (RaftServerImpl.java:setRole(284)) - 037b306d-55e4-4cae-90bd-e43eb14a37fd@group-1BD4F35D16EE: changes role from CANDIDATE to FOLLOWER at term 5 for REJECTED
2021-06-07 01:01:23,579 [037b306d-55e4-4cae-90bd-e43eb14a37fd@group-1BD4F35D16EE-LeaderElection54] INFO  impl.RoleInfo (RoleInfo.java:shutdownLeaderElection(121)) - 037b306d-55e4-4cae-90bd-e43eb14a37fd: shutdown 037b306d-55e4-4cae-90bd-e43eb14a37fd@group-1BD4F35D16EE-LeaderElection54
2021-06-07 01:01:23,580 [037b306d-55e4-4cae-90bd-e43eb14a37fd@group-1BD4F35D16EE-LeaderElection54] INFO  impl.RoleInfo (RoleInfo.java:updateAndGet(130)) - 037b306d-55e4-4cae-90bd-e43eb14a37fd: start 037b306d-55e4-4cae-90bd-e43eb14a37fd@group-1BD4F35D16EE-FollowerState
2021-06-07 01:01:23,622 [Listener at 127.0.0.1/46609] INFO  ozoneimpl.OzoneContainer (OzoneContainer.java:stop(316)) - Attempting to stop container services.
2021-06-07 01:01:23,625 [Listener at 127.0.0.1/46609] INFO  server.RaftServer (RaftServerProxy.java:lambda$close$6(391)) - 037b306d-55e4-4cae-90bd-e43eb14a37fd: close
2021-06-07 01:01:23,626 [Listener at 127.0.0.1/46609] INFO  server.RaftServer$Division (RaftServerImpl.java:lambda$close$4(406)) - 037b306d-55e4-4cae-90bd-e43eb14a37fd@group-1BD4F35D16EE: shutdown
2021-06-07 01:01:23,626 [Listener at 127.0.0.1/46609] INFO  util.JmxRegister (JmxRegister.java:unregister(73)) - Successfully un-registered JMX Bean with object name Ratis:service=RaftServer,group=group-1BD4F35D16EE,id=037b306d-55e4-4cae-90bd-e43eb14a37fd
2021-06-07 01:01:23,626 [Listener at 127.0.0.1/46609] INFO  impl.RoleInfo (RoleInfo.java:shutdownFollowerState(108)) - 037b306d-55e4-4cae-90bd-e43eb14a37fd: shutdown 037b306d-55e4-4cae-90bd-e43eb14a37fd@group-1BD4F35D16EE-FollowerState
2021-06-07 01:01:23,626 [Listener at 127.0.0.1/46609] INFO  impl.StateMachineUpdater (StateMachineUpdater.java:stopAndJoin(149)) - 037b306d-55e4-4cae-90bd-e43eb14a37fd@group-1BD4F35D16EE-StateMachineUpdater: set stopIndex = 0
2021-06-07 01:01:23,626 [037b306d-55e4-4cae-90bd-e43eb14a37fd@group-1BD4F35D16EE-FollowerState] INFO  impl.FollowerState (FollowerState.java:run(143)) - 037b306d-55e4-4cae-90bd-e43eb14a37fd@group-1BD4F35D16EE-FollowerState was interrupted: {}
java.lang.InterruptedException: sleep interrupted
	at java.lang.Thread.sleep(Native Method)
	at java.lang.Thread.sleep(Thread.java:340)
	at java.util.concurrent.TimeUnit.sleep(TimeUnit.java:386)
	at org.apache.ratis.util.TimeDuration.sleep(TimeDuration.java:324)
	at org.apache.ratis.util.TimeDuration.sleep(TimeDuration.java:309)
	at org.apache.ratis.server.impl.FollowerState.run(FollowerState.java:118)
2021-06-07 01:01:23,627 [037b306d-55e4-4cae-90bd-e43eb14a37fd@group-1BD4F35D16EE-StateMachineUpdater] INFO  ratis.ContainerStateMachine (ContainerStateMachine.java:takeSnapshot(292)) - group-1BD4F35D16EE: Taking a snapshot at:(t:4, i:0) file /home/runner/work/ozone/ozone/mnt/ozone/hadoop-ozone/integration-test/target/test-dir/MiniOzoneClusterImpl-4d691a8a-0502-4280-8005-09cceedbb589/datanode-6/data/ratis/d58ec0e1-1309-4d1c-973f-1bd4f35d16ee/sm/snapshot.4_0
2021-06-07 01:01:23,627 [037b306d-55e4-4cae-90bd-e43eb14a37fd@group-1BD4F35D16EE-StateMachineUpdater] INFO  ratis.ContainerStateMachine (ContainerStateMachine.java:takeSnapshot(303)) - group-1BD4F35D16EE: Finished taking a snapshot at:(t:4, i:0) file:/home/runner/work/ozone/ozone/mnt/ozone/hadoop-ozone/integration-test/target/test-dir/MiniOzoneClusterImpl-4d691a8a-0502-4280-8005-09cceedbb589/datanode-6/data/ratis/d58ec0e1-1309-4d1c-973f-1bd4f35d16ee/sm/snapshot.4_0 took: 1 ms
2021-06-07 01:01:23,628 [037b306d-55e4-4cae-90bd-e43eb14a37fd@group-1BD4F35D16EE-StateMachineUpdater] INFO  impl.StateMachineUpdater (StateMachineUpdater.java:takeSnapshot(281)) - 037b306d-55e4-4cae-90bd-e43eb14a37fd@group-1BD4F35D16EE-StateMachineUpdater: Took a snapshot at index 0
2021-06-07 01:01:23,628 [037b306d-55e4-4cae-90bd-e43eb14a37fd@group-1BD4F35D16EE-StateMachineUpdater] INFO  impl.StateMachineUpdater (StateMachineUpdater.java:lambda$new$0(89)) - 037b306d-55e4-4cae-90bd-e43eb14a37fd@group-1BD4F35D16EE-StateMachineUpdater: snapshotIndex: updateIncreasingly -1 -> 0
2021-06-07 01:01:23,628 [037b306d-55e4-4cae-90bd-e43eb14a37fd@group-1BD4F35D16EE-StateMachineUpdater] INFO  metrics.RatisMetrics (RatisMetrics.java:unregister(43)) - Unregistering Metrics Registry : ratis.state_machine.037b306d-55e4-4cae-90bd-e43eb14a37fd@group-1BD4F35D16EE
2021-06-07 01:01:23,628 [Listener at 127.0.0.1/46609] INFO  server.RaftServer$Division (ServerState.java:close(405)) - 037b306d-55e4-4cae-90bd-e43eb14a37fd@group-1BD4F35D16EE: closes. applyIndex: 0
2021-06-07 01:01:23,629 [037b306d-55e4-4cae-90bd-e43eb14a37fd@group-1BD4F35D16EE-SegmentedRaftLogWorker] INFO  segmented.SegmentedRaftLogWorker (SegmentedRaftLogWorker.java:run(327)) - 037b306d-55e4-4cae-90bd-e43eb14a37fd@group-1BD4F35D16EE-SegmentedRaftLogWorker was interrupted, exiting. There are 0 tasks remaining in the queue.
2021-06-07 01:01:23,629 [Listener at 127.0.0.1/46609] INFO  segmented.SegmentedRaftLogWorker (SegmentedRaftLogWorker.java:close(237)) - 037b306d-55e4-4cae-90bd-e43eb14a37fd@group-1BD4F35D16EE-SegmentedRaftLogWorker close()
2021-06-07 01:01:23,629 [Listener at 127.0.0.1/46609] INFO  metrics.RatisMetrics (RatisMetrics.java:unregister(43)) - Unregistering Metrics Registry : ratis.log_worker.037b306d-55e4-4cae-90bd-e43eb14a37fd@group-1BD4F35D16EE
2021-06-07 01:01:23,630 [Listener at 127.0.0.1/46609] INFO  metrics.RatisMetrics (RatisMetrics.java:unregister(43)) - Unregistering Metrics Registry : ratis.leader_election.037b306d-55e4-4cae-90bd-e43eb14a37fd@group-1BD4F35D16EE
2021-06-07 01:01:23,630 [Listener at 127.0.0.1/46609] INFO  metrics.RatisMetrics (RatisMetrics.java:unregister(43)) - Unregistering Metrics Registry : ratis.server.037b306d-55e4-4cae-90bd-e43eb14a37fd@group-1BD4F35D16EE
2021-06-07 01:01:23,630 [Listener at 127.0.0.1/46609] INFO  server.RaftServer$Division (RaftServerImpl.java:lambda$close$4(406)) - 037b306d-55e4-4cae-90bd-e43eb14a37fd@group-C901F7E1E50A: shutdown
2021-06-07 01:01:23,630 [Listener at 127.0.0.1/46609] INFO  util.JmxRegister (JmxRegister.java:unregister(73)) - Successfully un-registered JMX Bean with object name Ratis:service=RaftServer,group=group-C901F7E1E50A,id=037b306d-55e4-4cae-90bd-e43eb14a37fd
2021-06-07 01:01:23,631 [Listener at 127.0.0.1/46609] INFO  impl.RoleInfo (RoleInfo.java:shutdownLeaderState(91)) - 037b306d-55e4-4cae-90bd-e43eb14a37fd: shutdown 037b306d-55e4-4cae-90bd-e43eb14a37fd@group-C901F7E1E50A-LeaderStateImpl
2021-06-07 01:01:23,631 [Listener at 127.0.0.1/46609] INFO  impl.PendingRequests (PendingRequests.java:sendNotLeaderResponses(249)) - 037b306d-55e4-4cae-90bd-e43eb14a37fd@group-C901F7E1E50A-PendingRequests: sendNotLeaderResponses
2021-06-07 01:01:23,632 [Listener at 127.0.0.1/46609] INFO  metrics.RatisMetrics (RatisMetrics.java:unregister(43)) - Unregistering Metrics Registry : ratis.log_appender.037b306d-55e4-4cae-90bd-e43eb14a37fd@group-C901F7E1E50A
2021-06-07 01:01:23,632 [Listener at 127.0.0.1/46609] INFO  metrics.RatisMetrics (RatisMetrics.java:unregister(43)) - Unregistering Metrics Registry : ratis.server.037b306d-55e4-4cae-90bd-e43eb14a37fd@group-C901F7E1E50A
2021-06-07 01:01:23,633 [037b306d-55e4-4cae-90bd-e43eb14a37fd@group-C901F7E1E50A-StateMachineUpdater] INFO  ratis.ContainerStateMachine (ContainerStateMachine.java:takeSnapshot(292)) - group-C901F7E1E50A: Taking a snapshot at:(t:1, i:0) file /home/runner/work/ozone/ozone/mnt/ozone/hadoop-ozone/integration-test/target/test-dir/MiniOzoneClusterImpl-4d691a8a-0502-4280-8005-09cceedbb589/datanode-6/data/ratis/28bba212-034c-42cc-b475-c901f7e1e50a/sm/snapshot.1_0
2021-06-07 01:01:23,633 [Listener at 127.0.0.1/46609] INFO  impl.StateMachineUpdater (StateMachineUpdater.java:stopAndJoin(149)) - 037b306d-55e4-4cae-90bd-e43eb14a37fd@group-C901F7E1E50A-StateMachineUpdater: set stopIndex = 0
2021-06-07 01:01:23,634 [037b306d-55e4-4cae-90bd-e43eb14a37fd@group-C901F7E1E50A-StateMachineUpdater] INFO  ratis.ContainerStateMachine (ContainerStateMachine.java:takeSnapshot(303)) - group-C901F7E1E50A: Finished taking a snapshot at:(t:1, i:0) file:/home/runner/work/ozone/ozone/mnt/ozone/hadoop-ozone/integration-test/target/test-dir/MiniOzoneClusterImpl-4d691a8a-0502-4280-8005-09cceedbb589/datanode-6/data/ratis/28bba212-034c-42cc-b475-c901f7e1e50a/sm/snapshot.1_0 took: 1 ms
2021-06-07 01:01:23,634 [037b306d-55e4-4cae-90bd-e43eb14a37fd@group-C901F7E1E50A-StateMachineUpdater] INFO  impl.StateMachineUpdater (StateMachineUpdater.java:takeSnapshot(281)) - 037b306d-55e4-4cae-90bd-e43eb14a37fd@group-C901F7E1E50A-StateMachineUpdater: Took a snapshot at index 0
2021-06-07 01:01:23,634 [037b306d-55e4-4cae-90bd-e43eb14a37fd@group-C901F7E1E50A-StateMachineUpdater] INFO  impl.StateMachineUpdater (StateMachineUpdater.java:lambda$new$0(89)) - 037b306d-55e4-4cae-90bd-e43eb14a37fd@group-C901F7E1E50A-StateMachineUpdater: snapshotIndex: updateIncreasingly -1 -> 0
2021-06-07 01:01:23,634 [037b306d-55e4-4cae-90bd-e43eb14a37fd@group-C901F7E1E50A-StateMachineUpdater] INFO  metrics.RatisMetrics (RatisMetrics.java:unregister(43)) - Unregistering Metrics Registry : ratis.state_machine.037b306d-55e4-4cae-90bd-e43eb14a37fd@group-C901F7E1E50A
2021-06-07 01:01:23,634 [Listener at 127.0.0.1/46609] INFO  server.RaftServer$Division (ServerState.java:close(405)) - 037b306d-55e4-4cae-90bd-e43eb14a37fd@group-C901F7E1E50A: closes. applyIndex: 0
2021-06-07 01:01:23,635 [037b306d-55e4-4cae-90bd-e43eb14a37fd@group-C901F7E1E50A-SegmentedRaftLogWorker] INFO  segmented.SegmentedRaftLogWorker (SegmentedRaftLogWorker.java:run(327)) - 037b306d-55e4-4cae-90bd-e43eb14a37fd@group-C901F7E1E50A-SegmentedRaftLogWorker was interrupted, exiting. There are 0 tasks remaining in the queue.
2021-06-07 01:01:23,636 [Listener at 127.0.0.1/46609] INFO  segmented.SegmentedRaftLogWorker (SegmentedRaftLogWorker.java:close(237)) - 037b306d-55e4-4cae-90bd-e43eb14a37fd@group-C901F7E1E50A-SegmentedRaftLogWorker close()
2021-06-07 01:01:23,636 [Listener at 127.0.0.1/46609] INFO  metrics.RatisMetrics (RatisMetrics.java:unregister(43)) - Unregistering Metrics Registry : ratis.log_worker.037b306d-55e4-4cae-90bd-e43eb14a37fd@group-C901F7E1E50A
2021-06-07 01:01:23,636 [Listener at 127.0.0.1/46609] INFO  metrics.RatisMetrics (RatisMetrics.java:unregister(43)) - Unregistering Metrics Registry : ratis.leader_election.037b306d-55e4-4cae-90bd-e43eb14a37fd@group-C901F7E1E50A
2021-06-07 01:01:23,636 [Listener at 127.0.0.1/46609] INFO  metrics.RatisMetrics (RatisMetrics.java:unregister(43)) - Unregistering Metrics Registry : ratis.server.037b306d-55e4-4cae-90bd-e43eb14a37fd@group-C901F7E1E50A
2021-06-07 01:01:23,636 [Listener at 127.0.0.1/46609] INFO  server.GrpcService (GrpcService.java:closeImpl(262)) - 037b306d-55e4-4cae-90bd-e43eb14a37fd: shutdown server with port 42733 now
2021-06-07 01:01:23,638 [Listener at 127.0.0.1/46609] INFO  server.GrpcService (GrpcService.java:closeImpl(271)) - 037b306d-55e4-4cae-90bd-e43eb14a37fd: shutdown server with port 42733 successfully
2021-06-07 01:01:23,638 [org.apache.ratis.util.JvmPauseMonitor$$Lambda$513/325153081@3c7ade1e] INFO  util.JvmPauseMonitor (JvmPauseMonitor.java:run(109)) - JvmPauseMonitor-037b306d-55e4-4cae-90bd-e43eb14a37fd: Stopped
2021-06-07 01:01:23,639 [Listener at 127.0.0.1/46609] INFO  utils.BackgroundService (BackgroundService.java:shutdown(132)) - Shutting down service BlockDeletingService
2021-06-07 01:01:23,641 [Listener at 127.0.0.1/46609] INFO  statemachine.DatanodeStateMachine (DatanodeStateMachine.java:stopDaemon(486)) - Ozone container server stopped.
2021-06-07 01:01:23,642 [Listener at 127.0.0.1/46609] INFO  handler.ContextHandler (ContextHandler.java:doStop(1154)) - Stopped o.e.j.w.WebAppContext@4fe57305{hddsDatanode,/,null,STOPPED}{jar:file:/home/runner/.m2/repository/org/apache/ozone/hdds-container-service/1.2.0-SNAPSHOT/hdds-container-service-1.2.0-SNAPSHOT.jar!/webapps/hddsDatanode}
2021-06-07 01:01:23,643 [Listener at 127.0.0.1/46609] INFO  server.AbstractConnector (AbstractConnector.java:doStop(381)) - Stopped ServerConnector@47daff53{HTTP/1.1, (http/1.1)}{0.0.0.0:0}
2021-06-07 01:01:23,643 [Listener at 127.0.0.1/46609] INFO  server.session (HouseKeeper.java:stopScavenging(149)) - node0 Stopped scavenging
2021-06-07 01:01:23,643 [Listener at 127.0.0.1/46609] INFO  handler.ContextHandler (ContextHandler.java:doStop(1154)) - Stopped o.e.j.s.ServletContextHandler@50bdd956{static,/static,jar:file:/home/runner/.m2/repository/org/apache/ozone/hdds-container-service/1.2.0-SNAPSHOT/hdds-container-service-1.2.0-SNAPSHOT.jar!/webapps/static,STOPPED}
2021-06-07 01:01:23,644 [Listener at 127.0.0.1/46609] INFO  handler.ContextHandler (ContextHandler.java:doStop(1154)) - Stopped o.e.j.s.ServletContextHandler@78b2504d{logs,/logs,file:///home/runner/work/ozone/ozone/mnt/ozone/hadoop-ozone/integration-test/target/log,STOPPED}
2021-06-07 01:01:23,645 [Listener at 127.0.0.1/46609] INFO  ozone.MiniOzoneClusterImpl (MiniOzoneClusterImpl.java:stopSCM(532)) - Stopping the StorageContainerManager
2021-06-07 01:01:23,645 [Listener at 127.0.0.1/46609] INFO  server.StorageContainerManager (StorageContainerManager.java:stop(1296)) - Stopping Replication Manager Service.
2021-06-07 01:01:23,646 [Listener at 127.0.0.1/46609] INFO  container.ReplicationManager (ReplicationManager.java:stop(268)) - Stopping Replication Monitor Thread.
2021-06-07 01:01:23,646 [Listener at 127.0.0.1/46609] INFO  server.StorageContainerManager (StorageContainerManager.java:stop(1303)) - Stopping the Datanode Admin Monitor.
2021-06-07 01:01:23,646 [Listener at 127.0.0.1/46609] INFO  server.StorageContainerManager (StorageContainerManager.java:stop(1310)) - Stopping Lease Manager of the command watchers
2021-06-07 01:01:23,646 [Listener at 127.0.0.1/46609] INFO  server.StorageContainerManager (StorageContainerManager.java:stop(1317)) - Stopping datanode service RPC server
2021-06-07 01:01:23,646 [Listener at 127.0.0.1/46609] INFO  server.SCMDatanodeProtocolServer (SCMDatanodeProtocolServer.java:stop(374)) - Stopping the RPC server for DataNodes
2021-06-07 01:01:23,646 [Listener at 127.0.0.1/46609] INFO  ipc.Server (Server.java:stop(3403)) - Stopping server on 41785
2021-06-07 01:01:23,648 [IPC Server listener on 0] INFO  ipc.Server (Server.java:run(1366)) - Stopping IPC Server listener on 0
2021-06-07 01:01:23,649 [IPC Server Responder] INFO  ipc.Server (Server.java:run(1502)) - Stopping IPC Server Responder
2021-06-07 01:01:23,734 [SCM Heartbeat Processing Thread - 0] WARN  node.NodeStateManager (NodeStateManager.java:scheduleNextHealthCheck(688)) - Current Thread is interrupted, shutting down HB processing thread for Node Manager.
2021-06-07 01:01:23,734 [Listener at 127.0.0.1/46609] INFO  server.StorageContainerManager (StorageContainerManager.java:stop(1325)) - Stopping block service RPC server
2021-06-07 01:01:23,734 [Listener at 127.0.0.1/46609] INFO  server.SCMBlockProtocolServer (SCMBlockProtocolServer.java:stop(158)) - Stopping the RPC server for Block Protocol
2021-06-07 01:01:23,734 [Listener at 127.0.0.1/46609] INFO  ipc.Server (Server.java:stop(3403)) - Stopping server on 38801
2021-06-07 01:01:23,736 [IPC Server listener on 0] INFO  ipc.Server (Server.java:run(1366)) - Stopping IPC Server listener on 0
2021-06-07 01:01:23,737 [Listener at 127.0.0.1/46609] INFO  server.StorageContainerManager (StorageContainerManager.java:stop(1332)) - Stopping the StorageContainerLocationProtocol RPC server
2021-06-07 01:01:23,737 [IPC Server Responder] INFO  ipc.Server (Server.java:run(1502)) - Stopping IPC Server Responder
2021-06-07 01:01:23,738 [Listener at 127.0.0.1/46609] INFO  server.SCMClientProtocolServer (SCMClientProtocolServer.java:stop(166)) - Stopping the RPC server for Client Protocol
2021-06-07 01:01:23,738 [Listener at 127.0.0.1/46609] INFO  ipc.Server (Server.java:stop(3403)) - Stopping server on 37511
2021-06-07 01:01:23,739 [IPC Server listener on 0] INFO  ipc.Server (Server.java:run(1366)) - Stopping IPC Server listener on 0
2021-06-07 01:01:23,744 [IPC Server Responder] INFO  ipc.Server (Server.java:run(1502)) - Stopping IPC Server Responder
2021-06-07 01:01:23,744 [Listener at 127.0.0.1/46609] INFO  server.StorageContainerManager (StorageContainerManager.java:stop(1339)) - Stopping Storage Container Manager HTTP server.
2021-06-07 01:01:23,745 [Listener at 127.0.0.1/46609] INFO  handler.ContextHandler (ContextHandler.java:doStop(1154)) - Stopped o.e.j.w.WebAppContext@6797120c{scm,/,null,STOPPED}{file:/home/runner/work/ozone/ozone/mnt/ozone/hadoop-ozone/integration-test/target/test-classes/webapps/scm}
2021-06-07 01:01:23,745 [Listener at 127.0.0.1/46609] INFO  server.AbstractConnector (AbstractConnector.java:doStop(381)) - Stopped ServerConnector@4ff95435{HTTP/1.1, (http/1.1)}{0.0.0.0:0}
2021-06-07 01:01:23,745 [Listener at 127.0.0.1/46609] INFO  server.session (HouseKeeper.java:stopScavenging(149)) - node0 Stopped scavenging
2021-06-07 01:01:23,745 [Listener at 127.0.0.1/46609] INFO  handler.ContextHandler (ContextHandler.java:doStop(1154)) - Stopped o.e.j.s.ServletContextHandler@45adac0e{static,/static,file:///home/runner/work/ozone/ozone/mnt/ozone/hadoop-ozone/integration-test/target/test-classes/webapps/static,STOPPED}
2021-06-07 01:01:23,746 [Listener at 127.0.0.1/46609] INFO  handler.ContextHandler (ContextHandler.java:doStop(1154)) - Stopped o.e.j.s.ServletContextHandler@61e1ecd5{logs,/logs,file:///home/runner/work/ozone/ozone/mnt/ozone/hadoop-ozone/integration-test/target/log,STOPPED}
2021-06-07 01:01:23,746 [Listener at 127.0.0.1/46609] INFO  server.StorageContainerManager (StorageContainerManager.java:stop(1350)) - Stopping Block Manager Service.
2021-06-07 01:01:23,746 [Listener at 127.0.0.1/46609] INFO  utils.BackgroundService (BackgroundService.java:shutdown(132)) - Shutting down service SCMBlockDeletingService
2021-06-07 01:01:23,747 [Listener at 127.0.0.1/46609] INFO  utils.BackgroundService (BackgroundService.java:shutdown(132)) - Shutting down service SCMBlockDeletingService
2021-06-07 01:01:23,747 [Listener at 127.0.0.1/46609] INFO  server.StorageContainerManager (StorageContainerManager.java:stop(1377)) - Stopping SCM Event Queue.
2021-06-07 01:01:23,748 [Listener at 127.0.0.1/46609] WARN  pipeline.BackgroundPipelineCreator (BackgroundPipelineCreatorV2.java:stop(154)) - RatisPipelineUtilsThread is not running, just ignore.
2021-06-07 01:01:23,750 [Listener at 127.0.0.1/46609] INFO  impl.MetricsSystemImpl (MetricsSystemImpl.java:stop(210)) - Stopping HddsDatanode metrics system...
2021-06-07 01:01:23,755 [prometheus] INFO  impl.MetricsSinkAdapter (MetricsSinkAdapter.java:publishMetricsFromQueue(141)) - prometheus thread interrupted.
2021-06-07 01:01:23,756 [Listener at 127.0.0.1/46609] INFO  impl.MetricsSystemImpl (MetricsSystemImpl.java:stop(216)) - HddsDatanode metrics system stopped.
]]></system-out>
    <system-err><![CDATA[Jun 07, 2021 1:01:18 AM org.apache.ratis.thirdparty.io.grpc.internal.ManagedChannelOrphanWrapper$ManagedChannelReference cleanQueue
SEVERE: *~*~*~ Channel ManagedChannelImpl{logId=521, target=10.1.0.42:42691} was not shutdown properly!!! ~*~*~*
    Make sure to call shutdown()/shutdownNow() and wait until awaitTermination() returns true.
java.lang.RuntimeException: ManagedChannel allocation site
	at org.apache.ratis.thirdparty.io.grpc.internal.ManagedChannelOrphanWrapper$ManagedChannelReference.<init>(ManagedChannelOrphanWrapper.java:93)
	at org.apache.ratis.thirdparty.io.grpc.internal.ManagedChannelOrphanWrapper.<init>(ManagedChannelOrphanWrapper.java:53)
	at org.apache.ratis.thirdparty.io.grpc.internal.ManagedChannelOrphanWrapper.<init>(ManagedChannelOrphanWrapper.java:44)
	at org.apache.ratis.thirdparty.io.grpc.internal.ManagedChannelImplBuilder.build(ManagedChannelImplBuilder.java:596)
	at org.apache.ratis.thirdparty.io.grpc.ForwardingChannelBuilder.build(ForwardingChannelBuilder.java:255)
	at org.apache.ratis.grpc.client.GrpcClientProtocolClient.buildChannel(GrpcClientProtocolClient.java:159)
	at org.apache.ratis.grpc.client.GrpcClientProtocolClient.<init>(GrpcClientProtocolClient.java:110)
	at org.apache.ratis.grpc.client.GrpcClientRpc.lambda$new$0(GrpcClientRpc.java:57)
	at org.apache.ratis.util.PeerProxyMap$PeerAndProxy.lambda$getProxy$0(PeerProxyMap.java:63)
	at org.apache.ratis.util.LifeCycle.startAndTransition(LifeCycle.java:270)
	at org.apache.ratis.util.PeerProxyMap$PeerAndProxy.getProxy(PeerProxyMap.java:62)
	at org.apache.ratis.util.PeerProxyMap.getProxy(PeerProxyMap.java:114)
	at org.apache.ratis.grpc.client.GrpcClientRpc.sendRequestAsync(GrpcClientRpc.java:67)
	at org.apache.ratis.client.impl.OrderedAsync.sendRequest(OrderedAsync.java:235)
	at org.apache.ratis.client.impl.OrderedAsync.sendRequestWithRetry(OrderedAsync.java:189)
	at org.apache.ratis.util.SlidingWindow$Client.sendOrDelayRequest(SlidingWindow.java:280)
	at org.apache.ratis.util.SlidingWindow$Client.retry(SlidingWindow.java:296)
	at org.apache.ratis.client.impl.OrderedAsync.lambda$scheduleWithTimeout$7(OrderedAsync.java:222)
	at org.apache.ratis.util.TimeoutScheduler.lambda$onTimeout$0(TimeoutScheduler.java:141)
	at org.apache.ratis.util.TimeoutScheduler.lambda$onTimeout$1(TimeoutScheduler.java:155)
	at org.apache.ratis.util.LogUtils.runAndLog(LogUtils.java:38)
	at org.apache.ratis.util.LogUtils$1.run(LogUtils.java:79)
	at java.util.concurrent.Executors$RunnableAdapter.call(Executors.java:511)
	at java.util.concurrent.FutureTask.run(FutureTask.java:266)
	at java.util.concurrent.ScheduledThreadPoolExecutor$ScheduledFutureTask.access$201(ScheduledThreadPoolExecutor.java:180)
	at java.util.concurrent.ScheduledThreadPoolExecutor$ScheduledFutureTask.run(ScheduledThreadPoolExecutor.java:293)
	at java.util.concurrent.ThreadPoolExecutor.runWorker(ThreadPoolExecutor.java:1149)
	at java.util.concurrent.ThreadPoolExecutor$Worker.run(ThreadPoolExecutor.java:624)
	at java.lang.Thread.run(Thread.java:748)

]]></system-err>
  </testcase>
  <testcase name="testWatchForCommitForGroupMismatchException" classname="org.apache.hadoop.ozone.client.rpc.TestWatchForCommit" time="40.629"/>
  <testcase name="test2WayCommitForTimeoutException" classname="org.apache.hadoop.ozone.client.rpc.TestWatchForCommit" time="41.789"/>
</testsuite>