<?xml version="1.0" encoding="UTF-8"?>
<testsuite xmlns:xsi="http://www.w3.org/2001/XMLSchema-instance" xsi:noNamespaceSchemaLocation="https://maven.apache.org/surefire/maven-surefire-plugin/xsd/surefire-test-report.xsd" version="3.0.2" name="org.apache.hadoop.ozone.client.rpc.TestSecureOzoneRpcClient" time="146.406" tests="187" errors="0" skipped="0" failures="1">
  <properties>
    <property name="java.specification.version" value="21"/>
    <property name="log4j.configurationFile" value="auditlog.properties"/>
    <property name="sun.jnu.encoding" value="UTF-8"/>
    <property name="java.class.path" value="/home/runner/work/ozone/ozone/hadoop-ozone/integration-test/target/test-classes:/home/runner/work/ozone/ozone/hadoop-ozone/integration-test/target/classes:/home/runner/.m2/repository/ch/qos/reload4j/reload4j/1.2.26/reload4j-1.2.26.jar:/home/runner/.m2/repository/com/fasterxml/jackson/core/jackson-core/2.16.2/jackson-core-2.16.2.jar:/home/runner/.m2/repository/com/fasterxml/jackson/core/jackson-databind/2.16.2/jackson-databind-2.16.2.jar:/home/runner/.m2/repository/com/fasterxml/jackson/core/jackson-annotations/2.16.2/jackson-annotations-2.16.2.jar:/home/runner/.m2/repository/com/github/stephenc/jcip/jcip-annotations/1.0-1/jcip-annotations-1.0-1.jar:/home/runner/.m2/repository/com/google/guava/guava/33.5.0-jre/guava-33.5.0-jre.jar:/home/runner/.m2/repository/com/google/guava/failureaccess/1.0.3/failureaccess-1.0.3.jar:/home/runner/.m2/repository/com/google/guava/listenablefuture/9999.0-empty-to-avoid-conflict-with-guava/listenablefuture-9999.0-empty-to-avoid-conflict-with-guava.jar:/home/runner/.m2/repository/org/jspecify/jspecify/1.0.0/jspecify-1.0.0.jar:/home/runner/.m2/repository/com/google/errorprone/error_prone_annotations/2.29.2/error_prone_annotations-2.29.2.jar:/home/runner/.m2/repository/com/google/j2objc/j2objc-annotations/3.1/j2objc-annotations-3.1.jar:/home/runner/.m2/repository/com/google/protobuf/protobuf-java/2.5.0/protobuf-java-2.5.0.jar:/home/runner/.m2/repository/com/squareup/okhttp3/okhttp/4.12.0/okhttp-4.12.0.jar:/home/runner/.m2/repository/com/squareup/okio/okio/3.6.0/okio-3.6.0.jar:/home/runner/.m2/repository/com/squareup/okio/okio-jvm/3.6.0/okio-jvm-3.6.0.jar:/home/runner/.m2/repository/org/jetbrains/kotlin/kotlin-stdlib-common/1.9.25/kotlin-stdlib-common-1.9.25.jar:/home/runner/.m2/repository/org/jetbrains/kotlin/kotlin-stdlib-jdk8/1.9.25/kotlin-stdlib-jdk8-1.9.25.jar:/home/runner/.m2/repository/org/jetbrains/kotlin/kotlin-stdlib/1.9.25/kotlin-stdlib-1.9.25.jar:/home/runner/.m2/repository/org/jetbrains/annotations/13.0/annotations-13.0.jar:/home/runner/.m2/repository/org/jetbrains/kotlin/kotlin-stdlib-jdk7/1.9.25/kotlin-stdlib-jdk7-1.9.25.jar:/home/runner/.m2/repository/commons-codec/commons-codec/1.18.0/commons-codec-1.18.0.jar:/home/runner/.m2/repository/commons-io/commons-io/2.18.0/commons-io-2.18.0.jar:/home/runner/.m2/repository/commons-validator/commons-validator/1.10.0/commons-validator-1.10.0.jar:/home/runner/.m2/repository/commons-beanutils/commons-beanutils/1.11.0/commons-beanutils-1.11.0.jar:/home/runner/.m2/repository/commons-digester/commons-digester/2.1/commons-digester-2.1.jar:/home/runner/.m2/repository/commons-collections/commons-collections/3.2.2/commons-collections-3.2.2.jar:/home/runner/.m2/repository/info/picocli/picocli/4.7.7/picocli-4.7.7.jar:/home/runner/.m2/repository/jakarta/annotation/jakarta.annotation-api/2.1.1/jakarta.annotation-api-2.1.1.jar:/home/runner/.m2/repository/jakarta/xml/bind/jakarta.xml.bind-api/2.3.3/jakarta.xml.bind-api-2.3.3.jar:/home/runner/.m2/repository/jakarta/activation/jakarta.activation-api/1.2.2/jakarta.activation-api-1.2.2.jar:/home/runner/.m2/repository/javax/servlet/javax.servlet-api/3.1.0/javax.servlet-api-3.1.0.jar:/home/runner/.m2/repository/javax/ws/rs/jsr311-api/1.1.1/jsr311-api-1.1.1.jar:/home/runner/.m2/repository/org/apache/commons/commons-compress/1.27.1/commons-compress-1.27.1.jar:/home/runner/.m2/repository/org/apache/commons/commons-lang3/3.18.0/commons-lang3-3.18.0.jar:/home/runner/.m2/repository/org/apache/commons/commons-text/1.13.1/commons-text-1.13.1.jar:/home/runner/.m2/repository/org/apache/hadoop/hadoop-auth/3.4.2/hadoop-auth-3.4.2.jar:/home/runner/.m2/repository/com/nimbusds/nimbus-jose-jwt/10.4/nimbus-jose-jwt-10.4.jar:/home/runner/.m2/repository/io/dropwizard/metrics/metrics-core/3.2.6/metrics-core-3.2.6.jar:/home/runner/.m2/repository/org/apache/kerby/kerb-core/1.0.1/kerb-core-1.0.1.jar:/home/runner/.m2/repository/org/apache/kerby/kerby-pkix/1.0.1/kerby-pkix-1.0.1.jar:/home/runner/.m2/repository/org/apache/kerby/kerby-asn1/1.0.1/kerby-asn1-1.0.1.jar:/home/runner/.m2/repository/org/apache/kerby/kerb-util/1.0.1/kerb-util-1.0.1.jar:/home/runner/.m2/repository/org/apache/kerby/kerby-config/1.0.1/kerby-config-1.0.1.jar:/home/runner/.m2/repository/org/apache/kerby/kerb-crypto/1.0.1/kerb-crypto-1.0.1.jar:/home/runner/.m2/repository/org/apache/hadoop/thirdparty/hadoop-shaded-guava/1.4.0/hadoop-shaded-guava-1.4.0.jar:/home/runner/.m2/repository/org/apache/hadoop/hadoop-common/3.4.2/hadoop-common-3.4.2.jar:/home/runner/.m2/repository/org/apache/hadoop/thirdparty/hadoop-shaded-protobuf_3_25/1.4.0/hadoop-shaded-protobuf_3_25-1.4.0.jar:/home/runner/.m2/repository/org/apache/hadoop/hadoop-annotations/3.4.2/hadoop-annotations-3.4.2.jar:/home/runner/.m2/repository/commons-cli/commons-cli/1.8.0/commons-cli-1.8.0.jar:/home/runner/.m2/repository/commons-net/commons-net/3.11.1/commons-net-3.11.1.jar:/home/runner/.m2/repository/org/apache/commons/commons-collections4/4.4/commons-collections4-4.4.jar:/home/runner/.m2/repository/org/eclipse/jetty/jetty-server/9.4.58.v20250814/jetty-server-9.4.58.v20250814.jar:/home/runner/.m2/repository/org/eclipse/jetty/jetty-io/9.4.58.v20250814/jetty-io-9.4.58.v20250814.jar:/home/runner/.m2/repository/org/eclipse/jetty/jetty-util/9.4.58.v20250814/jetty-util-9.4.58.v20250814.jar:/home/runner/.m2/repository/org/eclipse/jetty/jetty-servlet/9.4.58.v20250814/jetty-servlet-9.4.58.v20250814.jar:/home/runner/.m2/repository/org/eclipse/jetty/jetty-security/9.4.58.v20250814/jetty-security-9.4.58.v20250814.jar:/home/runner/.m2/repository/org/eclipse/jetty/jetty-webapp/9.4.58.v20250814/jetty-webapp-9.4.58.v20250814.jar:/home/runner/.m2/repository/org/eclipse/jetty/jetty-xml/9.4.58.v20250814/jetty-xml-9.4.58.v20250814.jar:/home/runner/.m2/repository/javax/servlet/jsp/jsp-api/2.1/jsp-api-2.1.jar:/home/runner/.m2/repository/org/codehaus/jettison/jettison/1.5.4/jettison-1.5.4.jar:/home/runner/.m2/repository/org/apache/commons/commons-configuration2/2.12.0/commons-configuration2-2.12.0.jar:/home/runner/.m2/repository/com/google/re2j/re2j/1.7/re2j-1.7.jar:/home/runner/.m2/repository/com/google/code/gson/gson/2.13.1/gson-2.13.1.jar:/home/runner/.m2/repository/com/jcraft/jsch/0.1.55/jsch-0.1.55.jar:/home/runner/.m2/repository/io/netty/netty-handler/4.1.119.Final/netty-handler-4.1.119.Final.jar:/home/runner/.m2/repository/io/netty/netty-resolver/4.1.119.Final/netty-resolver-4.1.119.Final.jar:/home/runner/.m2/repository/io/netty/netty-transport-native-epoll/4.1.119.Final/netty-transport-native-epoll-4.1.119.Final.jar:/home/runner/.m2/repository/org/bouncycastle/bcprov-jdk18on/1.81/bcprov-jdk18on-1.81.jar:/home/runner/.m2/repository/org/codehaus/woodstox/stax2-api/4.2.1/stax2-api-4.2.1.jar:/home/runner/.m2/repository/com/fasterxml/woodstox/woodstox-core/5.4.0/woodstox-core-5.4.0.jar:/home/runner/.m2/repository/dnsjava/dnsjava/3.6.1/dnsjava-3.6.1.jar:/home/runner/.m2/repository/org/apache/hadoop/hadoop-common/3.4.2/hadoop-common-3.4.2-tests.jar:/home/runner/.m2/repository/org/apache/commons/commons-math3/3.6.1/commons-math3-3.6.1.jar:/home/runner/.m2/repository/com/sun/jersey/jersey-core/1.19.4/jersey-core-1.19.4.jar:/home/runner/.m2/repository/com/sun/jersey/jersey-servlet/1.19.4/jersey-servlet-1.19.4.jar:/home/runner/.m2/repository/com/github/pjfanning/jersey-json/1.22.0/jersey-json-1.22.0.jar:/home/runner/.m2/repository/com/sun/xml/bind/jaxb-impl/2.2.3-1/jaxb-impl-2.2.3-1.jar:/home/runner/.m2/repository/com/sun/jersey/jersey-server/1.19.4/jersey-server-1.19.4.jar:/home/runner/.m2/repository/org/slf4j/slf4j-reload4j/2.0.17/slf4j-reload4j-2.0.17.jar:/home/runner/.m2/repository/org/apache/avro/avro/1.11.4/avro-1.11.4.jar:/home/runner/.m2/repository/org/apache/curator/curator-client/4.2.0/curator-client-4.2.0.jar:/home/runner/.m2/repository/org/apache/curator/curator-recipes/5.2.0/curator-recipes-5.2.0.jar:/home/runner/.m2/repository/org/apache/curator/curator-framework/4.2.0/curator-framework-4.2.0.jar:/home/runner/.m2/repository/com/google/code/findbugs/jsr305/3.0.2/jsr305-3.0.2.jar:/home/runner/.m2/repository/org/apache/zookeeper/zookeeper/3.8.4/zookeeper-3.8.4.jar:/home/runner/.m2/repository/org/apache/zookeeper/zookeeper-jute/3.8.4/zookeeper-jute-3.8.4.jar:/home/runner/.m2/repository/org/apache/yetus/audience-annotations/0.12.0/audience-annotations-0.12.0.jar:/home/runner/.m2/repository/org/xerial/snappy/snappy-java/1.1.10.8/snappy-java-1.1.10.8.jar:/home/runner/.m2/repository/org/apache/hadoop/hadoop-distcp/3.4.2/hadoop-distcp-3.4.2.jar:/home/runner/.m2/repository/org/apache/hadoop/hadoop-distcp/3.4.2/hadoop-distcp-3.4.2-tests.jar:/home/runner/.m2/repository/org/apache/hadoop/hadoop-hdfs/3.4.2/hadoop-hdfs-3.4.2.jar:/home/runner/.m2/repository/org/eclipse/jetty/jetty-util-ajax/9.4.58.v20250814/jetty-util-ajax-9.4.58.v20250814.jar:/home/runner/.m2/repository/commons-daemon/commons-daemon/1.4.0/commons-daemon-1.4.0.jar:/home/runner/.m2/repository/org/apache/hadoop/hadoop-hdfs/3.4.2/hadoop-hdfs-3.4.2-tests.jar:/home/runner/.m2/repository/io/netty/netty-all/4.1.119.Final/netty-all-4.1.119.Final.jar:/home/runner/.m2/repository/io/netty/netty-codec-dns/4.1.119.Final/netty-codec-dns-4.1.119.Final.jar:/home/runner/.m2/repository/io/netty/netty-codec-haproxy/4.1.119.Final/netty-codec-haproxy-4.1.119.Final.jar:/home/runner/.m2/repository/io/netty/netty-codec-http/4.1.119.Final/netty-codec-http-4.1.119.Final.jar:/home/runner/.m2/repository/io/netty/netty-codec-memcache/4.1.119.Final/netty-codec-memcache-4.1.119.Final.jar:/home/runner/.m2/repository/io/netty/netty-codec-mqtt/4.1.119.Final/netty-codec-mqtt-4.1.119.Final.jar:/home/runner/.m2/repository/io/netty/netty-codec-redis/4.1.119.Final/netty-codec-redis-4.1.119.Final.jar:/home/runner/.m2/repository/io/netty/netty-codec-smtp/4.1.119.Final/netty-codec-smtp-4.1.119.Final.jar:/home/runner/.m2/repository/io/netty/netty-codec-socks/4.1.119.Final/netty-codec-socks-4.1.119.Final.jar:/home/runner/.m2/repository/io/netty/netty-codec-stomp/4.1.119.Final/netty-codec-stomp-4.1.119.Final.jar:/home/runner/.m2/repository/io/netty/netty-codec-xml/4.1.119.Final/netty-codec-xml-4.1.119.Final.jar:/home/runner/.m2/repository/io/netty/netty-handler-ssl-ocsp/4.1.119.Final/netty-handler-ssl-ocsp-4.1.119.Final.jar:/home/runner/.m2/repository/io/netty/netty-resolver-dns/4.1.119.Final/netty-resolver-dns-4.1.119.Final.jar:/home/runner/.m2/repository/io/netty/netty-transport-rxtx/4.1.119.Final/netty-transport-rxtx-4.1.119.Final.jar:/home/runner/.m2/repository/io/netty/netty-transport-sctp/4.1.119.Final/netty-transport-sctp-4.1.119.Final.jar:/home/runner/.m2/repository/io/netty/netty-transport-udt/4.1.119.Final/netty-transport-udt-4.1.119.Final.jar:/home/runner/.m2/repository/io/netty/netty-transport-classes-kqueue/4.1.119.Final/netty-transport-classes-kqueue-4.1.119.Final.jar:/home/runner/.m2/repository/io/netty/netty-resolver-dns-classes-macos/4.1.119.Final/netty-resolver-dns-classes-macos-4.1.119.Final.jar:/home/runner/.m2/repository/io/netty/netty-transport-native-epoll/4.1.119.Final/netty-transport-native-epoll-4.1.119.Final-linux-aarch_64.jar:/home/runner/.m2/repository/io/netty/netty-transport-native-epoll/4.1.119.Final/netty-transport-native-epoll-4.1.119.Final-linux-riscv64.jar:/home/runner/.m2/repository/io/netty/netty-transport-native-kqueue/4.1.119.Final/netty-transport-native-kqueue-4.1.119.Final-osx-x86_64.jar:/home/runner/.m2/repository/io/netty/netty-transport-native-kqueue/4.1.119.Final/netty-transport-native-kqueue-4.1.119.Final-osx-aarch_64.jar:/home/runner/.m2/repository/io/netty/netty-resolver-dns-native-macos/4.1.119.Final/netty-resolver-dns-native-macos-4.1.119.Final-osx-x86_64.jar:/home/runner/.m2/repository/io/netty/netty-resolver-dns-native-macos/4.1.119.Final/netty-resolver-dns-native-macos-4.1.119.Final-osx-aarch_64.jar:/home/runner/.m2/repository/org/fusesource/leveldbjni/leveldbjni-all/1.8/leveldbjni-all-1.8.jar:/home/runner/.m2/repository/org/apache/hadoop/hadoop-hdfs-client/3.4.2/hadoop-hdfs-client-3.4.2.jar:/home/runner/.m2/repository/org/apache/hadoop/hadoop-kms/3.4.2/hadoop-kms-3.4.2.jar:/home/runner/.m2/repository/org/apache/hadoop/hadoop-kms/3.4.2/hadoop-kms-3.4.2-tests.jar:/home/runner/.m2/repository/org/apache/hadoop/hadoop-mapreduce-client-core/3.4.2/hadoop-mapreduce-client-core-3.4.2.jar:/home/runner/.m2/repository/org/apache/hadoop/hadoop-yarn-client/3.4.2/hadoop-yarn-client-3.4.2.jar:/home/runner/.m2/repository/org/eclipse/jetty/websocket/websocket-client/9.4.57.v20241219/websocket-client-9.4.57.v20241219.jar:/home/runner/.m2/repository/org/eclipse/jetty/jetty-client/9.4.58.v20250814/jetty-client-9.4.58.v20250814.jar:/home/runner/.m2/repository/org/eclipse/jetty/websocket/websocket-common/9.4.57.v20241219/websocket-common-9.4.57.v20241219.jar:/home/runner/.m2/repository/org/eclipse/jetty/websocket/websocket-api/9.4.57.v20241219/websocket-api-9.4.57.v20241219.jar:/home/runner/.m2/repository/org/apache/hadoop/hadoop-yarn-api/3.4.2/hadoop-yarn-api-3.4.2.jar:/home/runner/.m2/repository/org/apache/hadoop/hadoop-yarn-common/3.4.2/hadoop-yarn-common-3.4.2.jar:/home/runner/.m2/repository/javax/xml/bind/jaxb-api/2.2.11/jaxb-api-2.2.11.jar:/home/runner/.m2/repository/com/sun/jersey/contribs/jersey-guice/1.19.4/jersey-guice-1.19.4.jar:/home/runner/.m2/repository/com/fasterxml/jackson/module/jackson-module-jaxb-annotations/2.16.2/jackson-module-jaxb-annotations-2.16.2.jar:/home/runner/.m2/repository/com/fasterxml/jackson/jaxrs/jackson-jaxrs-json-provider/2.16.2/jackson-jaxrs-json-provider-2.16.2.jar:/home/runner/.m2/repository/com/google/inject/extensions/guice-servlet/6.0.0/guice-servlet-6.0.0.jar:/home/runner/.m2/repository/org/apache/hadoop/hadoop-mapreduce-client-jobclient/3.4.2/hadoop-mapreduce-client-jobclient-3.4.2.jar:/home/runner/.m2/repository/org/apache/hadoop/hadoop-mapreduce-client-common/3.4.2/hadoop-mapreduce-client-common-3.4.2.jar:/home/runner/.m2/repository/org/apache/hadoop/hadoop-minikdc/3.4.2/hadoop-minikdc-3.4.2.jar:/home/runner/.m2/repository/org/apache/kerby/kerb-simplekdc/2.0.3/kerb-simplekdc-2.0.3.jar:/home/runner/.m2/repository/org/apache/kerby/kerb-client/2.0.3/kerb-client-2.0.3.jar:/home/runner/.m2/repository/org/apache/kerby/kerb-common/2.0.3/kerb-common-2.0.3.jar:/home/runner/.m2/repository/org/apache/kerby/token-provider/2.0.3/token-provider-2.0.3.jar:/home/runner/.m2/repository/org/apache/kerby/kerb-admin/2.0.3/kerb-admin-2.0.3.jar:/home/runner/.m2/repository/org/apache/kerby/kerb-server/2.0.3/kerb-server-2.0.3.jar:/home/runner/.m2/repository/org/apache/kerby/kerb-identity/2.0.3/kerb-identity-2.0.3.jar:/home/runner/.m2/repository/org/apache/kerby/kerby-xdr/2.0.3/kerby-xdr-2.0.3.jar:/home/runner/.m2/repository/junit/junit/4.13.2/junit-4.13.2.jar:/home/runner/.m2/repository/org/hamcrest/hamcrest-core/1.3/hamcrest-core-1.3.jar:/home/runner/.m2/repository/org/apache/httpcomponents/httpclient/4.5.14/httpclient-4.5.14.jar:/home/runner/.m2/repository/org/apache/httpcomponents/httpcore/4.4.16/httpcore-4.4.16.jar:/home/runner/.m2/repository/org/apache/kerby/kerby-util/1.0.1/kerby-util-1.0.1.jar:/home/runner/work/ozone/ozone/hadoop-hdds/client/target/hdds-client-2.1.0-SNAPSHOT.jar:/home/runner/work/ozone/ozone/hadoop-hdds/erasurecode/target/hdds-erasurecode-2.1.0-SNAPSHOT.jar:/home/runner/work/ozone/ozone/hadoop-hdds/common/target/hdds-common-2.1.0-SNAPSHOT.jar:/home/runner/.m2/repository/com/fasterxml/jackson/datatype/jackson-datatype-jsr310/2.16.2/jackson-datatype-jsr310-2.16.2.jar:/home/runner/.m2/repository/io/opentelemetry/opentelemetry-api/1.54.1/opentelemetry-api-1.54.1.jar:/home/runner/.m2/repository/io/opentelemetry/opentelemetry-context/1.54.1/opentelemetry-context-1.54.1.jar:/home/runner/.m2/repository/io/opentelemetry/opentelemetry-common/1.54.1/opentelemetry-common-1.54.1.jar:/home/runner/.m2/repository/io/opentelemetry/opentelemetry-exporter-otlp/1.54.1/opentelemetry-exporter-otlp-1.54.1.jar:/home/runner/.m2/repository/io/opentelemetry/opentelemetry-sdk-metrics/1.54.1/opentelemetry-sdk-metrics-1.54.1.jar:/home/runner/.m2/repository/io/opentelemetry/opentelemetry-sdk-logs/1.54.1/opentelemetry-sdk-logs-1.54.1.jar:/home/runner/.m2/repository/io/opentelemetry/opentelemetry-exporter-otlp-common/1.54.1/opentelemetry-exporter-otlp-common-1.54.1.jar:/home/runner/.m2/repository/io/opentelemetry/opentelemetry-exporter-common/1.54.1/opentelemetry-exporter-common-1.54.1.jar:/home/runner/.m2/repository/io/opentelemetry/opentelemetry-exporter-sender-okhttp/1.54.1/opentelemetry-exporter-sender-okhttp-1.54.1.jar:/home/runner/.m2/repository/com/squareup/okhttp3/okhttp-jvm/5.1.0/okhttp-jvm-5.1.0.jar:/home/runner/.m2/repository/io/opentelemetry/opentelemetry-sdk-extension-autoconfigure-spi/1.54.1/opentelemetry-sdk-extension-autoconfigure-spi-1.54.1.jar:/home/runner/.m2/repository/io/opentelemetry/opentelemetry-sdk/1.54.1/opentelemetry-sdk-1.54.1.jar:/home/runner/.m2/repository/io/opentelemetry/opentelemetry-sdk-common/1.54.1/opentelemetry-sdk-common-1.54.1.jar:/home/runner/.m2/repository/io/opentelemetry/opentelemetry-sdk-trace/1.54.1/opentelemetry-sdk-trace-1.54.1.jar:/home/runner/.m2/repository/org/apache/commons/commons-pool2/2.12.1/commons-pool2-2.12.1.jar:/home/runner/.m2/repository/org/apache/ratis/ratis-netty/3.2.0/ratis-netty-3.2.0.jar:/home/runner/.m2/repository/org/yaml/snakeyaml/2.5/snakeyaml-2.5.jar:/home/runner/.m2/repository/org/apache/ratis/ratis-metrics-dropwizard3/3.2.0/ratis-metrics-dropwizard3-3.2.0.jar:/home/runner/.m2/repository/org/slf4j/jcl-over-slf4j/2.0.17/jcl-over-slf4j-2.0.17.jar:/home/runner/work/ozone/ozone/hadoop-hdds/common/target/hdds-common-2.1.0-SNAPSHOT-tests.jar:/home/runner/work/ozone/ozone/hadoop-hdds/config/target/hdds-config-2.1.0-SNAPSHOT.jar:/home/runner/work/ozone/ozone/hadoop-hdds/container-service/target/hdds-container-service-2.1.0-SNAPSHOT.jar:/home/runner/.m2/repository/io/netty/netty-buffer/4.1.119.Final/netty-buffer-4.1.119.Final.jar:/home/runner/.m2/repository/io/netty/netty-codec/4.1.119.Final/netty-codec-4.1.119.Final.jar:/home/runner/.m2/repository/io/netty/netty-common/4.1.119.Final/netty-common-4.1.119.Final.jar:/home/runner/.m2/repository/io/netty/netty-transport/4.1.119.Final/netty-transport-4.1.119.Final.jar:/home/runner/.m2/repository/org/apache/logging/log4j/log4j-api/2.25.0/log4j-api-2.25.0.jar:/home/runner/.m2/repository/com/github/luben/zstd-jni/1.5.7-5/zstd-jni-1.5.7-5.jar:/home/runner/.m2/repository/log4j/apache-log4j-extras/1.2.17/apache-log4j-extras-1.2.17.jar:/home/runner/.m2/repository/org/glassfish/jaxb/jaxb-runtime/2.3.9/jaxb-runtime-2.3.9.jar:/home/runner/.m2/repository/org/glassfish/jaxb/txw2/2.3.9/txw2-2.3.9.jar:/home/runner/.m2/repository/com/sun/istack/istack-commons-runtime/3.0.12/istack-commons-runtime-3.0.12.jar:/home/runner/.m2/repository/com/sun/activation/jakarta.activation/1.2.2/jakarta.activation-1.2.2.jar:/home/runner/work/ozone/ozone/hadoop-hdds/container-service/target/hdds-container-service-2.1.0-SNAPSHOT-tests.jar:/home/runner/work/ozone/ozone/hadoop-hdds/interface-admin/target/hdds-interface-admin-2.1.0-SNAPSHOT.jar:/home/runner/work/ozone/ozone/hadoop-hdds/interface-client/target/hdds-interface-client-2.1.0-SNAPSHOT.jar:/home/runner/work/ozone/ozone/hadoop-hdds/interface-server/target/hdds-interface-server-2.1.0-SNAPSHOT.jar:/home/runner/work/ozone/ozone/hadoop-hdds/managed-rocksdb/target/hdds-managed-rocksdb-2.1.0-SNAPSHOT.jar:/home/runner/work/ozone/ozone/hadoop-hdds/rocks-native/target/hdds-rocks-native-2.1.0-SNAPSHOT.jar:/home/runner/work/ozone/ozone/hadoop-hdds/framework/target/hdds-server-framework-2.1.0-SNAPSHOT.jar:/home/runner/.m2/repository/com/github/jnr/jnr-constants/0.10.4/jnr-constants-0.10.4.jar:/home/runner/.m2/repository/com/github/jnr/jnr-posix/3.1.20/jnr-posix-3.1.20.jar:/home/runner/.m2/repository/com/github/jnr/jnr-ffi/2.2.17/jnr-ffi-2.2.17.jar:/home/runner/.m2/repository/com/github/jnr/jffi/1.3.13/jffi-1.3.13.jar:/home/runner/.m2/repository/com/github/jnr/jffi/1.3.13/jffi-1.3.13-native.jar:/home/runner/.m2/repository/org/ow2/asm/asm/9.7.1/asm-9.7.1.jar:/home/runner/.m2/repository/org/ow2/asm/asm-commons/9.7.1/asm-commons-9.7.1.jar:/home/runner/.m2/repository/org/ow2/asm/asm-analysis/9.7.1/asm-analysis-9.7.1.jar:/home/runner/.m2/repository/org/ow2/asm/asm-tree/9.7.1/asm-tree-9.7.1.jar:/home/runner/.m2/repository/org/ow2/asm/asm-util/9.7.1/asm-util-9.7.1.jar:/home/runner/.m2/repository/com/github/jnr/jnr-a64asm/1.0.0/jnr-a64asm-1.0.0.jar:/home/runner/.m2/repository/com/github/jnr/jnr-x86asm/1.0.2/jnr-x86asm-1.0.2.jar:/home/runner/.m2/repository/commons-fileupload/commons-fileupload/1.6.0/commons-fileupload-1.6.0.jar:/home/runner/.m2/repository/io/grpc/grpc-api/1.71.0/grpc-api-1.71.0.jar:/home/runner/.m2/repository/io/prometheus/simpleclient/0.16.0/simpleclient-0.16.0.jar:/home/runner/.m2/repository/io/prometheus/simpleclient_common/0.16.0/simpleclient_common-0.16.0.jar:/home/runner/.m2/repository/io/prometheus/simpleclient_dropwizard/0.16.0/simpleclient_dropwizard-0.16.0.jar:/home/runner/.m2/repository/jakarta/ws/rs/jakarta.ws.rs-api/2.1.6/jakarta.ws.rs-api-2.1.6.jar:/home/runner/.m2/repository/org/eclipse/jetty/jetty-http/9.4.58.v20250814/jetty-http-9.4.58.v20250814.jar:/home/runner/.m2/repository/org/glassfish/jersey/containers/jersey-container-servlet-core/2.47/jersey-container-servlet-core-2.47.jar:/home/runner/.m2/repository/org/glassfish/jersey/core/jersey-server/2.47/jersey-server-2.47.jar:/home/runner/.m2/repository/org/glassfish/jersey/core/jersey-client/2.47/jersey-client-2.47.jar:/home/runner/.m2/repository/com/lmax/disruptor/3.4.4/disruptor-3.4.4.jar:/home/runner/.m2/repository/org/apache/logging/log4j/log4j-core/2.25.0/log4j-core-2.25.0.jar:/home/runner/work/ozone/ozone/hadoop-hdds/framework/target/hdds-server-framework-2.1.0-SNAPSHOT-tests.jar:/home/runner/work/ozone/ozone/hadoop-hdds/server-scm/target/hdds-server-scm-2.1.0-SNAPSHOT.jar:/home/runner/work/ozone/ozone/hadoop-hdds/server-scm/target/hdds-server-scm-2.1.0-SNAPSHOT-tests.jar:/home/runner/work/ozone/ozone/hadoop-hdds/test-utils/target/hdds-test-utils-2.1.0-SNAPSHOT-tests.jar:/home/runner/work/ozone/ozone/hadoop-ozone/cli-admin/target/ozone-cli-admin-2.1.0-SNAPSHOT.jar:/home/runner/work/ozone/ozone/hadoop-ozone/cli-shell/target/ozone-cli-shell-2.1.0-SNAPSHOT.jar:/home/runner/.m2/repository/info/picocli/picocli-shell-jline3/4.7.7/picocli-shell-jline3-4.7.7.jar:/home/runner/.m2/repository/org/jline/jline/3.30.6/jline-3.30.6.jar:/home/runner/work/ozone/ozone/hadoop-ozone/client/target/ozone-client-2.1.0-SNAPSHOT.jar:/home/runner/work/ozone/ozone/hadoop-ozone/common/target/ozone-common-2.1.0-SNAPSHOT.jar:/home/runner/.m2/repository/io/grpc/grpc-netty/1.71.0/grpc-netty-1.71.0.jar:/home/runner/.m2/repository/org/codehaus/mojo/animal-sniffer-annotations/1.24/animal-sniffer-annotations-1.24.jar:/home/runner/.m2/repository/io/grpc/grpc-core/1.71.0/grpc-core-1.71.0.jar:/home/runner/.m2/repository/com/google/android/annotations/4.1.1.4/annotations-4.1.1.4.jar:/home/runner/.m2/repository/io/grpc/grpc-context/1.71.0/grpc-context-1.71.0.jar:/home/runner/.m2/repository/io/perfmark/perfmark-api/0.27.0/perfmark-api-0.27.0.jar:/home/runner/.m2/repository/io/grpc/grpc-util/1.71.0/grpc-util-1.71.0.jar:/home/runner/.m2/repository/io/netty/netty-codec-http2/4.1.119.Final/netty-codec-http2-4.1.119.Final.jar:/home/runner/.m2/repository/io/netty/netty-handler-proxy/4.1.119.Final/netty-handler-proxy-4.1.119.Final.jar:/home/runner/.m2/repository/io/netty/netty-tcnative-boringssl-static/2.0.70.Final/netty-tcnative-boringssl-static-2.0.70.Final.jar:/home/runner/.m2/repository/io/netty/netty-tcnative-classes/2.0.70.Final/netty-tcnative-classes-2.0.70.Final.jar:/home/runner/.m2/repository/io/netty/netty-tcnative-boringssl-static/2.0.70.Final/netty-tcnative-boringssl-static-2.0.70.Final-linux-x86_64.jar:/home/runner/.m2/repository/io/netty/netty-tcnative-boringssl-static/2.0.70.Final/netty-tcnative-boringssl-static-2.0.70.Final-linux-aarch_64.jar:/home/runner/.m2/repository/io/netty/netty-tcnative-boringssl-static/2.0.70.Final/netty-tcnative-boringssl-static-2.0.70.Final-osx-x86_64.jar:/home/runner/.m2/repository/io/netty/netty-tcnative-boringssl-static/2.0.70.Final/netty-tcnative-boringssl-static-2.0.70.Final-osx-aarch_64.jar:/home/runner/.m2/repository/io/netty/netty-tcnative-boringssl-static/2.0.70.Final/netty-tcnative-boringssl-static-2.0.70.Final-windows-x86_64.jar:/home/runner/work/ozone/ozone/hadoop-ozone/csi/target/ozone-csi-2.1.0-SNAPSHOT.jar:/home/runner/.m2/repository/io/grpc/grpc-protobuf/1.71.0/grpc-protobuf-1.71.0.jar:/home/runner/.m2/repository/com/google/api/grpc/proto-google-common-protos/2.51.0/proto-google-common-protos-2.51.0.jar:/home/runner/.m2/repository/io/grpc/grpc-protobuf-lite/1.71.0/grpc-protobuf-lite-1.71.0.jar:/home/runner/.m2/repository/io/grpc/grpc-stub/1.71.0/grpc-stub-1.71.0.jar:/home/runner/.m2/repository/io/netty/netty-transport-classes-epoll/4.1.119.Final/netty-transport-classes-epoll-4.1.119.Final.jar:/home/runner/.m2/repository/io/netty/netty-transport-native-unix-common/4.1.119.Final/netty-transport-native-unix-common-4.1.119.Final.jar:/home/runner/.m2/repository/io/netty/netty-transport-native-epoll/4.1.119.Final/netty-transport-native-epoll-4.1.119.Final-linux-x86_64.jar:/home/runner/work/ozone/ozone/hadoop-ozone/ozonefs/target/ozone-filesystem-2.1.0-SNAPSHOT.jar:/home/runner/work/ozone/ozone/hadoop-ozone/ozonefs-common/target/ozone-filesystem-common-2.1.0-SNAPSHOT.jar:/home/runner/work/ozone/ozone/hadoop-ozone/freon/target/ozone-freon-2.1.0-SNAPSHOT.jar:/home/runner/.m2/repository/com/amazonaws/aws-java-sdk-core/1.12.788/aws-java-sdk-core-1.12.788.jar:/home/runner/.m2/repository/com/fasterxml/jackson/dataformat/jackson-dataformat-cbor/2.16.2/jackson-dataformat-cbor-2.16.2.jar:/home/runner/.m2/repository/joda-time/joda-time/2.12.7/joda-time-2.12.7.jar:/home/runner/.m2/repository/com/amazonaws/aws-java-sdk-s3/1.12.788/aws-java-sdk-s3-1.12.788.jar:/home/runner/.m2/repository/com/amazonaws/aws-java-sdk-kms/1.12.788/aws-java-sdk-kms-1.12.788.jar:/home/runner/.m2/repository/com/amazonaws/jmespath-java/1.12.788/jmespath-java-1.12.788.jar:/home/runner/work/ozone/ozone/hadoop-ozone/interface-client/target/ozone-interface-client-2.1.0-SNAPSHOT.jar:/home/runner/work/ozone/ozone/hadoop-ozone/interface-storage/target/ozone-interface-storage-2.1.0-SNAPSHOT.jar:/home/runner/work/ozone/ozone/hadoop-ozone/ozone-manager/target/ozone-manager-2.1.0-SNAPSHOT.jar:/home/runner/.m2/repository/org/aspectj/aspectjrt/1.9.24/aspectjrt-1.9.24.jar:/home/runner/work/ozone/ozone/hadoop-ozone/ozone-manager/target/ozone-manager-2.1.0-SNAPSHOT-tests.jar:/home/runner/work/ozone/ozone/hadoop-ozone/mini-cluster/target/ozone-mini-cluster-2.1.0-SNAPSHOT.jar:/home/runner/work/ozone/ozone/hadoop-ozone/multitenancy-ranger/target/ozone-multitenancy-ranger-2.1.0-SNAPSHOT.jar:/home/runner/.m2/repository/com/sun/jersey/jersey-client/1.19.4/jersey-client-1.19.4.jar:/home/runner/.m2/repository/org/apache/ranger/ranger-plugins-common/2.6.0/ranger-plugins-common-2.6.0.jar:/home/runner/.m2/repository/com/fasterxml/jackson/jaxrs/jackson-jaxrs-base/2.16.2/jackson-jaxrs-base-2.16.2.jar:/home/runner/.m2/repository/com/kstruct/gethostname4j/1.0.0/gethostname4j-1.0.0.jar:/home/runner/.m2/repository/commons-lang/commons-lang/2.6/commons-lang-2.6.jar:/home/runner/.m2/repository/net/java/dev/jna/jna/5.2.0/jna-5.2.0.jar:/home/runner/.m2/repository/net/java/dev/jna/jna-platform/5.2.0/jna-platform-5.2.0.jar:/home/runner/.m2/repository/org/apache/ranger/ranger-plugin-classloader/2.6.0/ranger-plugin-classloader-2.6.0.jar:/home/runner/.m2/repository/org/apache/ranger/ranger-plugins-audit/2.6.0/ranger-plugins-audit-2.6.0.jar:/home/runner/.m2/repository/com/amazonaws/aws-java-sdk-logs/1.12.765/aws-java-sdk-logs-1.12.765.jar:/home/runner/.m2/repository/com/carrotsearch/hppc/0.8.0/hppc-0.8.0.jar:/home/runner/.m2/repository/io/airlift/aircompressor/0.27/aircompressor-0.27.jar:/home/runner/.m2/repository/org/apache/httpcomponents/httpasyncclient/4.1.4/httpasyncclient-4.1.4.jar:/home/runner/.m2/repository/org/apache/httpcomponents/httpcore-nio/4.4.16/httpcore-nio-4.4.16.jar:/home/runner/.m2/repository/org/apache/httpcomponents/httpmime/4.5.13/httpmime-4.5.13.jar:/home/runner/.m2/repository/org/apache/orc/orc-core/1.5.8/orc-core-1.5.8.jar:/home/runner/.m2/repository/org/apache/orc/orc-shims/1.5.8/orc-shims-1.5.8.jar:/home/runner/.m2/repository/org/apache/ranger/ranger-plugins-cred/2.6.0/ranger-plugins-cred-2.6.0.jar:/home/runner/work/ozone/ozone/hadoop-ozone/recon/target/ozone-recon-2.1.0-SNAPSHOT.jar:/home/runner/.m2/repository/aopalliance/aopalliance/1.0/aopalliance-1.0.jar:/home/runner/.m2/repository/com/google/inject/guice/6.0.0/guice-6.0.0.jar:/home/runner/.m2/repository/jakarta/inject/jakarta.inject-api/2.0.1/jakarta.inject-api-2.0.1.jar:/home/runner/.m2/repository/com/jolbox/bonecp/0.8.0.RELEASE/bonecp-0.8.0.RELEASE.jar:/home/runner/.m2/repository/jakarta/validation/jakarta.validation-api/2.0.2/jakarta.validation-api-2.0.2.jar:/home/runner/.m2/repository/javax/annotation/javax.annotation-api/1.3.2/javax.annotation-api-1.3.2.jar:/home/runner/.m2/repository/javax/inject/javax.inject/1/javax.inject-1.jar:/home/runner/.m2/repository/org/apache/derby/derby/10.14.2.0/derby-10.14.2.0.jar:/home/runner/.m2/repository/org/glassfish/hk2/guice-bridge/2.6.1/guice-bridge-2.6.1.jar:/home/runner/.m2/repository/org/glassfish/hk2/hk2-api/2.6.1/hk2-api-2.6.1.jar:/home/runner/.m2/repository/org/glassfish/hk2/hk2-utils/2.6.1/hk2-utils-2.6.1.jar:/home/runner/.m2/repository/org/glassfish/hk2/external/aopalliance-repackaged/2.6.1/aopalliance-repackaged-2.6.1.jar:/home/runner/.m2/repository/org/glassfish/jersey/core/jersey-common/2.47/jersey-common-2.47.jar:/home/runner/.m2/repository/org/glassfish/hk2/osgi-resource-locator/1.0.3/osgi-resource-locator-1.0.3.jar:/home/runner/.m2/repository/org/jooq/jooq/3.11.10/jooq-3.11.10.jar:/home/runner/.m2/repository/org/springframework/spring-core/5.3.39/spring-core-5.3.39.jar:/home/runner/.m2/repository/org/springframework/spring-jdbc/5.3.39/spring-jdbc-5.3.39.jar:/home/runner/.m2/repository/org/springframework/spring-beans/5.3.39/spring-beans-5.3.39.jar:/home/runner/.m2/repository/org/springframework/spring-tx/5.3.39/spring-tx-5.3.39.jar:/home/runner/.m2/repository/org/xerial/sqlite-jdbc/3.50.3.0/sqlite-jdbc-3.50.3.0.jar:/home/runner/.m2/repository/com/google/inject/extensions/guice-assistedinject/6.0.0/guice-assistedinject-6.0.0.jar:/home/runner/.m2/repository/org/glassfish/hk2/external/jakarta.inject/2.6.1/jakarta.inject-2.6.1.jar:/home/runner/.m2/repository/org/glassfish/jersey/inject/jersey-hk2/2.47/jersey-hk2-2.47.jar:/home/runner/.m2/repository/org/glassfish/hk2/hk2-locator/2.6.1/hk2-locator-2.6.1.jar:/home/runner/.m2/repository/org/glassfish/jersey/media/jersey-media-jaxb/2.47/jersey-media-jaxb-2.47.jar:/home/runner/.m2/repository/org/glassfish/jersey/media/jersey-media-json-jackson/2.47/jersey-media-json-jackson-2.47.jar:/home/runner/.m2/repository/org/glassfish/jersey/ext/jersey-entity-filtering/2.47/jersey-entity-filtering-2.47.jar:/home/runner/work/ozone/ozone/hadoop-ozone/recon-codegen/target/ozone-reconcodegen-2.1.0-SNAPSHOT.jar:/home/runner/.m2/repository/org/jooq/jooq-codegen/3.11.10/jooq-codegen-3.11.10.jar:/home/runner/.m2/repository/org/jooq/jooq-meta/3.11.10/jooq-meta-3.11.10.jar:/home/runner/work/ozone/ozone/hadoop-ozone/s3gateway/target/ozone-s3gateway-2.1.0-SNAPSHOT.jar:/home/runner/work/ozone/ozone/hadoop-ozone/tools/target/ozone-tools-2.1.0-SNAPSHOT.jar:/home/runner/.m2/repository/com/github/vlsi/mxgraph/jgraphx/3.9.12/jgraphx-3.9.12.jar:/home/runner/.m2/repository/org/apache/ratis/ratis-shell/3.2.0/ratis-shell-3.2.0.jar:/home/runner/.m2/repository/org/apache/ratis/ratis-tools/3.2.0/ratis-tools-3.2.0.jar:/home/runner/.m2/repository/org/jgrapht/jgrapht-core/1.4.0/jgrapht-core-1.4.0.jar:/home/runner/.m2/repository/org/jheaps/jheaps/0.11/jheaps-0.11.jar:/home/runner/.m2/repository/org/jgrapht/jgrapht-ext/1.4.0/jgrapht-ext-1.4.0.jar:/home/runner/work/ozone/ozone/hadoop-hdds/rocksdb-checkpoint-differ/target/rocksdb-checkpoint-differ-2.1.0-SNAPSHOT.jar:/home/runner/.m2/repository/org/apache/ranger/ranger-intg/2.6.0/ranger-intg-2.6.0.jar:/home/runner/.m2/repository/org/apache/ratis/ratis-client/3.2.0/ratis-client-3.2.0.jar:/home/runner/.m2/repository/org/apache/ratis/ratis-common/3.2.0/ratis-common-3.2.0.jar:/home/runner/.m2/repository/org/apache/ratis/ratis-grpc/3.2.0/ratis-grpc-3.2.0.jar:/home/runner/.m2/repository/org/apache/ratis/ratis-metrics-api/3.2.0/ratis-metrics-api-3.2.0.jar:/home/runner/.m2/repository/org/apache/ratis/ratis-proto/3.2.0/ratis-proto-3.2.0.jar:/home/runner/.m2/repository/org/apache/ratis/ratis-server/3.2.0/ratis-server-3.2.0.jar:/home/runner/.m2/repository/org/apache/ratis/ratis-server-api/3.2.0/ratis-server-api-3.2.0.jar:/home/runner/.m2/repository/org/apache/ratis/ratis-thirdparty-misc/1.0.9/ratis-thirdparty-misc-1.0.9.jar:/home/runner/.m2/repository/org/bouncycastle/bcpkix-jdk18on/1.81/bcpkix-jdk18on-1.81.jar:/home/runner/.m2/repository/org/bouncycastle/bcutil-jdk18on/1.81/bcutil-jdk18on-1.81.jar:/home/runner/.m2/repository/org/hamcrest/hamcrest/2.2/hamcrest-2.2.jar:/home/runner/.m2/repository/org/reflections/reflections/0.10.2/reflections-0.10.2.jar:/home/runner/.m2/repository/org/javassist/javassist/3.30.2-GA/javassist-3.30.2-GA.jar:/home/runner/.m2/repository/org/rocksdb/rocksdbjni/7.7.3/rocksdbjni-7.7.3.jar:/home/runner/.m2/repository/org/slf4j/jul-to-slf4j/2.0.17/jul-to-slf4j-2.0.17.jar:/home/runner/.m2/repository/org/slf4j/slf4j-api/2.0.17/slf4j-api-2.0.17.jar:/home/runner/.m2/repository/org/assertj/assertj-core/3.27.6/assertj-core-3.27.6.jar:/home/runner/.m2/repository/net/bytebuddy/byte-buddy/1.17.7/byte-buddy-1.17.7.jar:/home/runner/.m2/repository/org/junit/jupiter/junit-jupiter-api/5.14.0/junit-jupiter-api-5.14.0.jar:/home/runner/.m2/repository/org/opentest4j/opentest4j/1.3.0/opentest4j-1.3.0.jar:/home/runner/.m2/repository/org/junit/platform/junit-platform-commons/1.14.0/junit-platform-commons-1.14.0.jar:/home/runner/.m2/repository/org/apiguardian/apiguardian-api/1.1.2/apiguardian-api-1.1.2.jar:/home/runner/.m2/repository/org/junit/jupiter/junit-jupiter-params/5.14.0/junit-jupiter-params-5.14.0.jar:/home/runner/.m2/repository/org/mockito/mockito-core/4.11.0/mockito-core-4.11.0.jar:/home/runner/.m2/repository/net/bytebuddy/byte-buddy-agent/1.12.19/byte-buddy-agent-1.12.19.jar:/home/runner/.m2/repository/org/objenesis/objenesis/3.3/objenesis-3.3.jar:/home/runner/.m2/repository/org/mockito/mockito-inline/4.11.0/mockito-inline-4.11.0.jar:/home/runner/.m2/repository/org/mockito/mockito-junit-jupiter/4.11.0/mockito-junit-jupiter-4.11.0.jar:/home/runner/work/ozone/ozone/hadoop-ozone/integration-test/target/gradle-enterprise/test-listeners.jar:"/>
    <property name="java.vm.vendor" value="Eclipse Adoptium"/>
    <property name="sun.arch.data.model" value="64"/>
    <property name="jceks.key.serialFilter" value="java.lang.Enum;java.security.KeyRep;java.security.KeyRep$Type;javax.crypto.spec.SecretKeySpec;org.apache.hadoop.crypto.key.JavaKeyStoreProvider$KeyMetadata;!*"/>
    <property name="test.build.dir" value="/home/runner/work/ozone/ozone/hadoop-ozone/integration-test/target/test-dir"/>
    <property name="test.cache.data" value=""/>
    <property name="java.vendor.url" value="https://adoptium.net/"/>
    <property name="user.timezone" value="Etc/UTC"/>
    <property name="maven-surefire-plugin.argLineAccessArgs" value=" --add-opens java.management/com.sun.jmx.mbeanserver=ALL-UNNAMED --add-exports java.management/com.sun.jmx.mbeanserver=ALL-UNNAMED --add-opens java.base/java.nio=ALL-UNNAMED --add-opens java.base/java.lang=ALL-UNNAMED --add-opens java.base/java.lang.reflect=ALL-UNNAMED"/>
    <property name="java.vm.specification.version" value="21"/>
    <property name="os.name" value="Linux"/>
    <property name="test.build.data" value="/home/runner/work/ozone/ozone/hadoop-ozone/integration-test/target/test-dir"/>
    <property name="sun.java.launcher" value="SUN_STANDARD"/>
    <property name="sun.boot.library.path" value="/usr/lib/jvm/temurin-21-jdk-amd64/lib"/>
    <property name="sun.java.command" value="/home/runner/work/ozone/ozone/hadoop-ozone/integration-test/target/surefire/surefirebooter-20251017105110114_380.jar /home/runner/work/ozone/ozone/hadoop-ozone/integration-test/target/surefire 2025-10-17T10-46-54_896-jvmRun1 surefire-20251017105110114_378tmp surefire_29-20251017105110114_379tmp"/>
    <property name="jdk.debug" value="release"/>
    <property name="native.lib.tmp.dir" value="/tmp"/>
    <property name="surefire.test.class.path" value="/home/runner/work/ozone/ozone/hadoop-ozone/integration-test/target/test-classes:/home/runner/work/ozone/ozone/hadoop-ozone/integration-test/target/classes:/home/runner/.m2/repository/ch/qos/reload4j/reload4j/1.2.26/reload4j-1.2.26.jar:/home/runner/.m2/repository/com/fasterxml/jackson/core/jackson-core/2.16.2/jackson-core-2.16.2.jar:/home/runner/.m2/repository/com/fasterxml/jackson/core/jackson-databind/2.16.2/jackson-databind-2.16.2.jar:/home/runner/.m2/repository/com/fasterxml/jackson/core/jackson-annotations/2.16.2/jackson-annotations-2.16.2.jar:/home/runner/.m2/repository/com/github/stephenc/jcip/jcip-annotations/1.0-1/jcip-annotations-1.0-1.jar:/home/runner/.m2/repository/com/google/guava/guava/33.5.0-jre/guava-33.5.0-jre.jar:/home/runner/.m2/repository/com/google/guava/failureaccess/1.0.3/failureaccess-1.0.3.jar:/home/runner/.m2/repository/com/google/guava/listenablefuture/9999.0-empty-to-avoid-conflict-with-guava/listenablefuture-9999.0-empty-to-avoid-conflict-with-guava.jar:/home/runner/.m2/repository/org/jspecify/jspecify/1.0.0/jspecify-1.0.0.jar:/home/runner/.m2/repository/com/google/errorprone/error_prone_annotations/2.29.2/error_prone_annotations-2.29.2.jar:/home/runner/.m2/repository/com/google/j2objc/j2objc-annotations/3.1/j2objc-annotations-3.1.jar:/home/runner/.m2/repository/com/google/protobuf/protobuf-java/2.5.0/protobuf-java-2.5.0.jar:/home/runner/.m2/repository/com/squareup/okhttp3/okhttp/4.12.0/okhttp-4.12.0.jar:/home/runner/.m2/repository/com/squareup/okio/okio/3.6.0/okio-3.6.0.jar:/home/runner/.m2/repository/com/squareup/okio/okio-jvm/3.6.0/okio-jvm-3.6.0.jar:/home/runner/.m2/repository/org/jetbrains/kotlin/kotlin-stdlib-common/1.9.25/kotlin-stdlib-common-1.9.25.jar:/home/runner/.m2/repository/org/jetbrains/kotlin/kotlin-stdlib-jdk8/1.9.25/kotlin-stdlib-jdk8-1.9.25.jar:/home/runner/.m2/repository/org/jetbrains/kotlin/kotlin-stdlib/1.9.25/kotlin-stdlib-1.9.25.jar:/home/runner/.m2/repository/org/jetbrains/annotations/13.0/annotations-13.0.jar:/home/runner/.m2/repository/org/jetbrains/kotlin/kotlin-stdlib-jdk7/1.9.25/kotlin-stdlib-jdk7-1.9.25.jar:/home/runner/.m2/repository/commons-codec/commons-codec/1.18.0/commons-codec-1.18.0.jar:/home/runner/.m2/repository/commons-io/commons-io/2.18.0/commons-io-2.18.0.jar:/home/runner/.m2/repository/commons-validator/commons-validator/1.10.0/commons-validator-1.10.0.jar:/home/runner/.m2/repository/commons-beanutils/commons-beanutils/1.11.0/commons-beanutils-1.11.0.jar:/home/runner/.m2/repository/commons-digester/commons-digester/2.1/commons-digester-2.1.jar:/home/runner/.m2/repository/commons-collections/commons-collections/3.2.2/commons-collections-3.2.2.jar:/home/runner/.m2/repository/info/picocli/picocli/4.7.7/picocli-4.7.7.jar:/home/runner/.m2/repository/jakarta/annotation/jakarta.annotation-api/2.1.1/jakarta.annotation-api-2.1.1.jar:/home/runner/.m2/repository/jakarta/xml/bind/jakarta.xml.bind-api/2.3.3/jakarta.xml.bind-api-2.3.3.jar:/home/runner/.m2/repository/jakarta/activation/jakarta.activation-api/1.2.2/jakarta.activation-api-1.2.2.jar:/home/runner/.m2/repository/javax/servlet/javax.servlet-api/3.1.0/javax.servlet-api-3.1.0.jar:/home/runner/.m2/repository/javax/ws/rs/jsr311-api/1.1.1/jsr311-api-1.1.1.jar:/home/runner/.m2/repository/org/apache/commons/commons-compress/1.27.1/commons-compress-1.27.1.jar:/home/runner/.m2/repository/org/apache/commons/commons-lang3/3.18.0/commons-lang3-3.18.0.jar:/home/runner/.m2/repository/org/apache/commons/commons-text/1.13.1/commons-text-1.13.1.jar:/home/runner/.m2/repository/org/apache/hadoop/hadoop-auth/3.4.2/hadoop-auth-3.4.2.jar:/home/runner/.m2/repository/com/nimbusds/nimbus-jose-jwt/10.4/nimbus-jose-jwt-10.4.jar:/home/runner/.m2/repository/io/dropwizard/metrics/metrics-core/3.2.6/metrics-core-3.2.6.jar:/home/runner/.m2/repository/org/apache/kerby/kerb-core/1.0.1/kerb-core-1.0.1.jar:/home/runner/.m2/repository/org/apache/kerby/kerby-pkix/1.0.1/kerby-pkix-1.0.1.jar:/home/runner/.m2/repository/org/apache/kerby/kerby-asn1/1.0.1/kerby-asn1-1.0.1.jar:/home/runner/.m2/repository/org/apache/kerby/kerb-util/1.0.1/kerb-util-1.0.1.jar:/home/runner/.m2/repository/org/apache/kerby/kerby-config/1.0.1/kerby-config-1.0.1.jar:/home/runner/.m2/repository/org/apache/kerby/kerb-crypto/1.0.1/kerb-crypto-1.0.1.jar:/home/runner/.m2/repository/org/apache/hadoop/thirdparty/hadoop-shaded-guava/1.4.0/hadoop-shaded-guava-1.4.0.jar:/home/runner/.m2/repository/org/apache/hadoop/hadoop-common/3.4.2/hadoop-common-3.4.2.jar:/home/runner/.m2/repository/org/apache/hadoop/thirdparty/hadoop-shaded-protobuf_3_25/1.4.0/hadoop-shaded-protobuf_3_25-1.4.0.jar:/home/runner/.m2/repository/org/apache/hadoop/hadoop-annotations/3.4.2/hadoop-annotations-3.4.2.jar:/home/runner/.m2/repository/commons-cli/commons-cli/1.8.0/commons-cli-1.8.0.jar:/home/runner/.m2/repository/commons-net/commons-net/3.11.1/commons-net-3.11.1.jar:/home/runner/.m2/repository/org/apache/commons/commons-collections4/4.4/commons-collections4-4.4.jar:/home/runner/.m2/repository/org/eclipse/jetty/jetty-server/9.4.58.v20250814/jetty-server-9.4.58.v20250814.jar:/home/runner/.m2/repository/org/eclipse/jetty/jetty-io/9.4.58.v20250814/jetty-io-9.4.58.v20250814.jar:/home/runner/.m2/repository/org/eclipse/jetty/jetty-util/9.4.58.v20250814/jetty-util-9.4.58.v20250814.jar:/home/runner/.m2/repository/org/eclipse/jetty/jetty-servlet/9.4.58.v20250814/jetty-servlet-9.4.58.v20250814.jar:/home/runner/.m2/repository/org/eclipse/jetty/jetty-security/9.4.58.v20250814/jetty-security-9.4.58.v20250814.jar:/home/runner/.m2/repository/org/eclipse/jetty/jetty-webapp/9.4.58.v20250814/jetty-webapp-9.4.58.v20250814.jar:/home/runner/.m2/repository/org/eclipse/jetty/jetty-xml/9.4.58.v20250814/jetty-xml-9.4.58.v20250814.jar:/home/runner/.m2/repository/javax/servlet/jsp/jsp-api/2.1/jsp-api-2.1.jar:/home/runner/.m2/repository/org/codehaus/jettison/jettison/1.5.4/jettison-1.5.4.jar:/home/runner/.m2/repository/org/apache/commons/commons-configuration2/2.12.0/commons-configuration2-2.12.0.jar:/home/runner/.m2/repository/com/google/re2j/re2j/1.7/re2j-1.7.jar:/home/runner/.m2/repository/com/google/code/gson/gson/2.13.1/gson-2.13.1.jar:/home/runner/.m2/repository/com/jcraft/jsch/0.1.55/jsch-0.1.55.jar:/home/runner/.m2/repository/io/netty/netty-handler/4.1.119.Final/netty-handler-4.1.119.Final.jar:/home/runner/.m2/repository/io/netty/netty-resolver/4.1.119.Final/netty-resolver-4.1.119.Final.jar:/home/runner/.m2/repository/io/netty/netty-transport-native-epoll/4.1.119.Final/netty-transport-native-epoll-4.1.119.Final.jar:/home/runner/.m2/repository/org/bouncycastle/bcprov-jdk18on/1.81/bcprov-jdk18on-1.81.jar:/home/runner/.m2/repository/org/codehaus/woodstox/stax2-api/4.2.1/stax2-api-4.2.1.jar:/home/runner/.m2/repository/com/fasterxml/woodstox/woodstox-core/5.4.0/woodstox-core-5.4.0.jar:/home/runner/.m2/repository/dnsjava/dnsjava/3.6.1/dnsjava-3.6.1.jar:/home/runner/.m2/repository/org/apache/hadoop/hadoop-common/3.4.2/hadoop-common-3.4.2-tests.jar:/home/runner/.m2/repository/org/apache/commons/commons-math3/3.6.1/commons-math3-3.6.1.jar:/home/runner/.m2/repository/com/sun/jersey/jersey-core/1.19.4/jersey-core-1.19.4.jar:/home/runner/.m2/repository/com/sun/jersey/jersey-servlet/1.19.4/jersey-servlet-1.19.4.jar:/home/runner/.m2/repository/com/github/pjfanning/jersey-json/1.22.0/jersey-json-1.22.0.jar:/home/runner/.m2/repository/com/sun/xml/bind/jaxb-impl/2.2.3-1/jaxb-impl-2.2.3-1.jar:/home/runner/.m2/repository/com/sun/jersey/jersey-server/1.19.4/jersey-server-1.19.4.jar:/home/runner/.m2/repository/org/slf4j/slf4j-reload4j/2.0.17/slf4j-reload4j-2.0.17.jar:/home/runner/.m2/repository/org/apache/avro/avro/1.11.4/avro-1.11.4.jar:/home/runner/.m2/repository/org/apache/curator/curator-client/4.2.0/curator-client-4.2.0.jar:/home/runner/.m2/repository/org/apache/curator/curator-recipes/5.2.0/curator-recipes-5.2.0.jar:/home/runner/.m2/repository/org/apache/curator/curator-framework/4.2.0/curator-framework-4.2.0.jar:/home/runner/.m2/repository/com/google/code/findbugs/jsr305/3.0.2/jsr305-3.0.2.jar:/home/runner/.m2/repository/org/apache/zookeeper/zookeeper/3.8.4/zookeeper-3.8.4.jar:/home/runner/.m2/repository/org/apache/zookeeper/zookeeper-jute/3.8.4/zookeeper-jute-3.8.4.jar:/home/runner/.m2/repository/org/apache/yetus/audience-annotations/0.12.0/audience-annotations-0.12.0.jar:/home/runner/.m2/repository/org/xerial/snappy/snappy-java/1.1.10.8/snappy-java-1.1.10.8.jar:/home/runner/.m2/repository/org/apache/hadoop/hadoop-distcp/3.4.2/hadoop-distcp-3.4.2.jar:/home/runner/.m2/repository/org/apache/hadoop/hadoop-distcp/3.4.2/hadoop-distcp-3.4.2-tests.jar:/home/runner/.m2/repository/org/apache/hadoop/hadoop-hdfs/3.4.2/hadoop-hdfs-3.4.2.jar:/home/runner/.m2/repository/org/eclipse/jetty/jetty-util-ajax/9.4.58.v20250814/jetty-util-ajax-9.4.58.v20250814.jar:/home/runner/.m2/repository/commons-daemon/commons-daemon/1.4.0/commons-daemon-1.4.0.jar:/home/runner/.m2/repository/org/apache/hadoop/hadoop-hdfs/3.4.2/hadoop-hdfs-3.4.2-tests.jar:/home/runner/.m2/repository/io/netty/netty-all/4.1.119.Final/netty-all-4.1.119.Final.jar:/home/runner/.m2/repository/io/netty/netty-codec-dns/4.1.119.Final/netty-codec-dns-4.1.119.Final.jar:/home/runner/.m2/repository/io/netty/netty-codec-haproxy/4.1.119.Final/netty-codec-haproxy-4.1.119.Final.jar:/home/runner/.m2/repository/io/netty/netty-codec-http/4.1.119.Final/netty-codec-http-4.1.119.Final.jar:/home/runner/.m2/repository/io/netty/netty-codec-memcache/4.1.119.Final/netty-codec-memcache-4.1.119.Final.jar:/home/runner/.m2/repository/io/netty/netty-codec-mqtt/4.1.119.Final/netty-codec-mqtt-4.1.119.Final.jar:/home/runner/.m2/repository/io/netty/netty-codec-redis/4.1.119.Final/netty-codec-redis-4.1.119.Final.jar:/home/runner/.m2/repository/io/netty/netty-codec-smtp/4.1.119.Final/netty-codec-smtp-4.1.119.Final.jar:/home/runner/.m2/repository/io/netty/netty-codec-socks/4.1.119.Final/netty-codec-socks-4.1.119.Final.jar:/home/runner/.m2/repository/io/netty/netty-codec-stomp/4.1.119.Final/netty-codec-stomp-4.1.119.Final.jar:/home/runner/.m2/repository/io/netty/netty-codec-xml/4.1.119.Final/netty-codec-xml-4.1.119.Final.jar:/home/runner/.m2/repository/io/netty/netty-handler-ssl-ocsp/4.1.119.Final/netty-handler-ssl-ocsp-4.1.119.Final.jar:/home/runner/.m2/repository/io/netty/netty-resolver-dns/4.1.119.Final/netty-resolver-dns-4.1.119.Final.jar:/home/runner/.m2/repository/io/netty/netty-transport-rxtx/4.1.119.Final/netty-transport-rxtx-4.1.119.Final.jar:/home/runner/.m2/repository/io/netty/netty-transport-sctp/4.1.119.Final/netty-transport-sctp-4.1.119.Final.jar:/home/runner/.m2/repository/io/netty/netty-transport-udt/4.1.119.Final/netty-transport-udt-4.1.119.Final.jar:/home/runner/.m2/repository/io/netty/netty-transport-classes-kqueue/4.1.119.Final/netty-transport-classes-kqueue-4.1.119.Final.jar:/home/runner/.m2/repository/io/netty/netty-resolver-dns-classes-macos/4.1.119.Final/netty-resolver-dns-classes-macos-4.1.119.Final.jar:/home/runner/.m2/repository/io/netty/netty-transport-native-epoll/4.1.119.Final/netty-transport-native-epoll-4.1.119.Final-linux-aarch_64.jar:/home/runner/.m2/repository/io/netty/netty-transport-native-epoll/4.1.119.Final/netty-transport-native-epoll-4.1.119.Final-linux-riscv64.jar:/home/runner/.m2/repository/io/netty/netty-transport-native-kqueue/4.1.119.Final/netty-transport-native-kqueue-4.1.119.Final-osx-x86_64.jar:/home/runner/.m2/repository/io/netty/netty-transport-native-kqueue/4.1.119.Final/netty-transport-native-kqueue-4.1.119.Final-osx-aarch_64.jar:/home/runner/.m2/repository/io/netty/netty-resolver-dns-native-macos/4.1.119.Final/netty-resolver-dns-native-macos-4.1.119.Final-osx-x86_64.jar:/home/runner/.m2/repository/io/netty/netty-resolver-dns-native-macos/4.1.119.Final/netty-resolver-dns-native-macos-4.1.119.Final-osx-aarch_64.jar:/home/runner/.m2/repository/org/fusesource/leveldbjni/leveldbjni-all/1.8/leveldbjni-all-1.8.jar:/home/runner/.m2/repository/org/apache/hadoop/hadoop-hdfs-client/3.4.2/hadoop-hdfs-client-3.4.2.jar:/home/runner/.m2/repository/org/apache/hadoop/hadoop-kms/3.4.2/hadoop-kms-3.4.2.jar:/home/runner/.m2/repository/org/apache/hadoop/hadoop-kms/3.4.2/hadoop-kms-3.4.2-tests.jar:/home/runner/.m2/repository/org/apache/hadoop/hadoop-mapreduce-client-core/3.4.2/hadoop-mapreduce-client-core-3.4.2.jar:/home/runner/.m2/repository/org/apache/hadoop/hadoop-yarn-client/3.4.2/hadoop-yarn-client-3.4.2.jar:/home/runner/.m2/repository/org/eclipse/jetty/websocket/websocket-client/9.4.57.v20241219/websocket-client-9.4.57.v20241219.jar:/home/runner/.m2/repository/org/eclipse/jetty/jetty-client/9.4.58.v20250814/jetty-client-9.4.58.v20250814.jar:/home/runner/.m2/repository/org/eclipse/jetty/websocket/websocket-common/9.4.57.v20241219/websocket-common-9.4.57.v20241219.jar:/home/runner/.m2/repository/org/eclipse/jetty/websocket/websocket-api/9.4.57.v20241219/websocket-api-9.4.57.v20241219.jar:/home/runner/.m2/repository/org/apache/hadoop/hadoop-yarn-api/3.4.2/hadoop-yarn-api-3.4.2.jar:/home/runner/.m2/repository/org/apache/hadoop/hadoop-yarn-common/3.4.2/hadoop-yarn-common-3.4.2.jar:/home/runner/.m2/repository/javax/xml/bind/jaxb-api/2.2.11/jaxb-api-2.2.11.jar:/home/runner/.m2/repository/com/sun/jersey/contribs/jersey-guice/1.19.4/jersey-guice-1.19.4.jar:/home/runner/.m2/repository/com/fasterxml/jackson/module/jackson-module-jaxb-annotations/2.16.2/jackson-module-jaxb-annotations-2.16.2.jar:/home/runner/.m2/repository/com/fasterxml/jackson/jaxrs/jackson-jaxrs-json-provider/2.16.2/jackson-jaxrs-json-provider-2.16.2.jar:/home/runner/.m2/repository/com/google/inject/extensions/guice-servlet/6.0.0/guice-servlet-6.0.0.jar:/home/runner/.m2/repository/org/apache/hadoop/hadoop-mapreduce-client-jobclient/3.4.2/hadoop-mapreduce-client-jobclient-3.4.2.jar:/home/runner/.m2/repository/org/apache/hadoop/hadoop-mapreduce-client-common/3.4.2/hadoop-mapreduce-client-common-3.4.2.jar:/home/runner/.m2/repository/org/apache/hadoop/hadoop-minikdc/3.4.2/hadoop-minikdc-3.4.2.jar:/home/runner/.m2/repository/org/apache/kerby/kerb-simplekdc/2.0.3/kerb-simplekdc-2.0.3.jar:/home/runner/.m2/repository/org/apache/kerby/kerb-client/2.0.3/kerb-client-2.0.3.jar:/home/runner/.m2/repository/org/apache/kerby/kerb-common/2.0.3/kerb-common-2.0.3.jar:/home/runner/.m2/repository/org/apache/kerby/token-provider/2.0.3/token-provider-2.0.3.jar:/home/runner/.m2/repository/org/apache/kerby/kerb-admin/2.0.3/kerb-admin-2.0.3.jar:/home/runner/.m2/repository/org/apache/kerby/kerb-server/2.0.3/kerb-server-2.0.3.jar:/home/runner/.m2/repository/org/apache/kerby/kerb-identity/2.0.3/kerb-identity-2.0.3.jar:/home/runner/.m2/repository/org/apache/kerby/kerby-xdr/2.0.3/kerby-xdr-2.0.3.jar:/home/runner/.m2/repository/junit/junit/4.13.2/junit-4.13.2.jar:/home/runner/.m2/repository/org/hamcrest/hamcrest-core/1.3/hamcrest-core-1.3.jar:/home/runner/.m2/repository/org/apache/httpcomponents/httpclient/4.5.14/httpclient-4.5.14.jar:/home/runner/.m2/repository/org/apache/httpcomponents/httpcore/4.4.16/httpcore-4.4.16.jar:/home/runner/.m2/repository/org/apache/kerby/kerby-util/1.0.1/kerby-util-1.0.1.jar:/home/runner/work/ozone/ozone/hadoop-hdds/client/target/hdds-client-2.1.0-SNAPSHOT.jar:/home/runner/work/ozone/ozone/hadoop-hdds/erasurecode/target/hdds-erasurecode-2.1.0-SNAPSHOT.jar:/home/runner/work/ozone/ozone/hadoop-hdds/common/target/hdds-common-2.1.0-SNAPSHOT.jar:/home/runner/.m2/repository/com/fasterxml/jackson/datatype/jackson-datatype-jsr310/2.16.2/jackson-datatype-jsr310-2.16.2.jar:/home/runner/.m2/repository/io/opentelemetry/opentelemetry-api/1.54.1/opentelemetry-api-1.54.1.jar:/home/runner/.m2/repository/io/opentelemetry/opentelemetry-context/1.54.1/opentelemetry-context-1.54.1.jar:/home/runner/.m2/repository/io/opentelemetry/opentelemetry-common/1.54.1/opentelemetry-common-1.54.1.jar:/home/runner/.m2/repository/io/opentelemetry/opentelemetry-exporter-otlp/1.54.1/opentelemetry-exporter-otlp-1.54.1.jar:/home/runner/.m2/repository/io/opentelemetry/opentelemetry-sdk-metrics/1.54.1/opentelemetry-sdk-metrics-1.54.1.jar:/home/runner/.m2/repository/io/opentelemetry/opentelemetry-sdk-logs/1.54.1/opentelemetry-sdk-logs-1.54.1.jar:/home/runner/.m2/repository/io/opentelemetry/opentelemetry-exporter-otlp-common/1.54.1/opentelemetry-exporter-otlp-common-1.54.1.jar:/home/runner/.m2/repository/io/opentelemetry/opentelemetry-exporter-common/1.54.1/opentelemetry-exporter-common-1.54.1.jar:/home/runner/.m2/repository/io/opentelemetry/opentelemetry-exporter-sender-okhttp/1.54.1/opentelemetry-exporter-sender-okhttp-1.54.1.jar:/home/runner/.m2/repository/com/squareup/okhttp3/okhttp-jvm/5.1.0/okhttp-jvm-5.1.0.jar:/home/runner/.m2/repository/io/opentelemetry/opentelemetry-sdk-extension-autoconfigure-spi/1.54.1/opentelemetry-sdk-extension-autoconfigure-spi-1.54.1.jar:/home/runner/.m2/repository/io/opentelemetry/opentelemetry-sdk/1.54.1/opentelemetry-sdk-1.54.1.jar:/home/runner/.m2/repository/io/opentelemetry/opentelemetry-sdk-common/1.54.1/opentelemetry-sdk-common-1.54.1.jar:/home/runner/.m2/repository/io/opentelemetry/opentelemetry-sdk-trace/1.54.1/opentelemetry-sdk-trace-1.54.1.jar:/home/runner/.m2/repository/org/apache/commons/commons-pool2/2.12.1/commons-pool2-2.12.1.jar:/home/runner/.m2/repository/org/apache/ratis/ratis-netty/3.2.0/ratis-netty-3.2.0.jar:/home/runner/.m2/repository/org/yaml/snakeyaml/2.5/snakeyaml-2.5.jar:/home/runner/.m2/repository/org/apache/ratis/ratis-metrics-dropwizard3/3.2.0/ratis-metrics-dropwizard3-3.2.0.jar:/home/runner/.m2/repository/org/slf4j/jcl-over-slf4j/2.0.17/jcl-over-slf4j-2.0.17.jar:/home/runner/work/ozone/ozone/hadoop-hdds/common/target/hdds-common-2.1.0-SNAPSHOT-tests.jar:/home/runner/work/ozone/ozone/hadoop-hdds/config/target/hdds-config-2.1.0-SNAPSHOT.jar:/home/runner/work/ozone/ozone/hadoop-hdds/container-service/target/hdds-container-service-2.1.0-SNAPSHOT.jar:/home/runner/.m2/repository/io/netty/netty-buffer/4.1.119.Final/netty-buffer-4.1.119.Final.jar:/home/runner/.m2/repository/io/netty/netty-codec/4.1.119.Final/netty-codec-4.1.119.Final.jar:/home/runner/.m2/repository/io/netty/netty-common/4.1.119.Final/netty-common-4.1.119.Final.jar:/home/runner/.m2/repository/io/netty/netty-transport/4.1.119.Final/netty-transport-4.1.119.Final.jar:/home/runner/.m2/repository/org/apache/logging/log4j/log4j-api/2.25.0/log4j-api-2.25.0.jar:/home/runner/.m2/repository/com/github/luben/zstd-jni/1.5.7-5/zstd-jni-1.5.7-5.jar:/home/runner/.m2/repository/log4j/apache-log4j-extras/1.2.17/apache-log4j-extras-1.2.17.jar:/home/runner/.m2/repository/org/glassfish/jaxb/jaxb-runtime/2.3.9/jaxb-runtime-2.3.9.jar:/home/runner/.m2/repository/org/glassfish/jaxb/txw2/2.3.9/txw2-2.3.9.jar:/home/runner/.m2/repository/com/sun/istack/istack-commons-runtime/3.0.12/istack-commons-runtime-3.0.12.jar:/home/runner/.m2/repository/com/sun/activation/jakarta.activation/1.2.2/jakarta.activation-1.2.2.jar:/home/runner/work/ozone/ozone/hadoop-hdds/container-service/target/hdds-container-service-2.1.0-SNAPSHOT-tests.jar:/home/runner/work/ozone/ozone/hadoop-hdds/interface-admin/target/hdds-interface-admin-2.1.0-SNAPSHOT.jar:/home/runner/work/ozone/ozone/hadoop-hdds/interface-client/target/hdds-interface-client-2.1.0-SNAPSHOT.jar:/home/runner/work/ozone/ozone/hadoop-hdds/interface-server/target/hdds-interface-server-2.1.0-SNAPSHOT.jar:/home/runner/work/ozone/ozone/hadoop-hdds/managed-rocksdb/target/hdds-managed-rocksdb-2.1.0-SNAPSHOT.jar:/home/runner/work/ozone/ozone/hadoop-hdds/rocks-native/target/hdds-rocks-native-2.1.0-SNAPSHOT.jar:/home/runner/work/ozone/ozone/hadoop-hdds/framework/target/hdds-server-framework-2.1.0-SNAPSHOT.jar:/home/runner/.m2/repository/com/github/jnr/jnr-constants/0.10.4/jnr-constants-0.10.4.jar:/home/runner/.m2/repository/com/github/jnr/jnr-posix/3.1.20/jnr-posix-3.1.20.jar:/home/runner/.m2/repository/com/github/jnr/jnr-ffi/2.2.17/jnr-ffi-2.2.17.jar:/home/runner/.m2/repository/com/github/jnr/jffi/1.3.13/jffi-1.3.13.jar:/home/runner/.m2/repository/com/github/jnr/jffi/1.3.13/jffi-1.3.13-native.jar:/home/runner/.m2/repository/org/ow2/asm/asm/9.7.1/asm-9.7.1.jar:/home/runner/.m2/repository/org/ow2/asm/asm-commons/9.7.1/asm-commons-9.7.1.jar:/home/runner/.m2/repository/org/ow2/asm/asm-analysis/9.7.1/asm-analysis-9.7.1.jar:/home/runner/.m2/repository/org/ow2/asm/asm-tree/9.7.1/asm-tree-9.7.1.jar:/home/runner/.m2/repository/org/ow2/asm/asm-util/9.7.1/asm-util-9.7.1.jar:/home/runner/.m2/repository/com/github/jnr/jnr-a64asm/1.0.0/jnr-a64asm-1.0.0.jar:/home/runner/.m2/repository/com/github/jnr/jnr-x86asm/1.0.2/jnr-x86asm-1.0.2.jar:/home/runner/.m2/repository/commons-fileupload/commons-fileupload/1.6.0/commons-fileupload-1.6.0.jar:/home/runner/.m2/repository/io/grpc/grpc-api/1.71.0/grpc-api-1.71.0.jar:/home/runner/.m2/repository/io/prometheus/simpleclient/0.16.0/simpleclient-0.16.0.jar:/home/runner/.m2/repository/io/prometheus/simpleclient_common/0.16.0/simpleclient_common-0.16.0.jar:/home/runner/.m2/repository/io/prometheus/simpleclient_dropwizard/0.16.0/simpleclient_dropwizard-0.16.0.jar:/home/runner/.m2/repository/jakarta/ws/rs/jakarta.ws.rs-api/2.1.6/jakarta.ws.rs-api-2.1.6.jar:/home/runner/.m2/repository/org/eclipse/jetty/jetty-http/9.4.58.v20250814/jetty-http-9.4.58.v20250814.jar:/home/runner/.m2/repository/org/glassfish/jersey/containers/jersey-container-servlet-core/2.47/jersey-container-servlet-core-2.47.jar:/home/runner/.m2/repository/org/glassfish/jersey/core/jersey-server/2.47/jersey-server-2.47.jar:/home/runner/.m2/repository/org/glassfish/jersey/core/jersey-client/2.47/jersey-client-2.47.jar:/home/runner/.m2/repository/com/lmax/disruptor/3.4.4/disruptor-3.4.4.jar:/home/runner/.m2/repository/org/apache/logging/log4j/log4j-core/2.25.0/log4j-core-2.25.0.jar:/home/runner/work/ozone/ozone/hadoop-hdds/framework/target/hdds-server-framework-2.1.0-SNAPSHOT-tests.jar:/home/runner/work/ozone/ozone/hadoop-hdds/server-scm/target/hdds-server-scm-2.1.0-SNAPSHOT.jar:/home/runner/work/ozone/ozone/hadoop-hdds/server-scm/target/hdds-server-scm-2.1.0-SNAPSHOT-tests.jar:/home/runner/work/ozone/ozone/hadoop-hdds/test-utils/target/hdds-test-utils-2.1.0-SNAPSHOT-tests.jar:/home/runner/work/ozone/ozone/hadoop-ozone/cli-admin/target/ozone-cli-admin-2.1.0-SNAPSHOT.jar:/home/runner/work/ozone/ozone/hadoop-ozone/cli-shell/target/ozone-cli-shell-2.1.0-SNAPSHOT.jar:/home/runner/.m2/repository/info/picocli/picocli-shell-jline3/4.7.7/picocli-shell-jline3-4.7.7.jar:/home/runner/.m2/repository/org/jline/jline/3.30.6/jline-3.30.6.jar:/home/runner/work/ozone/ozone/hadoop-ozone/client/target/ozone-client-2.1.0-SNAPSHOT.jar:/home/runner/work/ozone/ozone/hadoop-ozone/common/target/ozone-common-2.1.0-SNAPSHOT.jar:/home/runner/.m2/repository/io/grpc/grpc-netty/1.71.0/grpc-netty-1.71.0.jar:/home/runner/.m2/repository/org/codehaus/mojo/animal-sniffer-annotations/1.24/animal-sniffer-annotations-1.24.jar:/home/runner/.m2/repository/io/grpc/grpc-core/1.71.0/grpc-core-1.71.0.jar:/home/runner/.m2/repository/com/google/android/annotations/4.1.1.4/annotations-4.1.1.4.jar:/home/runner/.m2/repository/io/grpc/grpc-context/1.71.0/grpc-context-1.71.0.jar:/home/runner/.m2/repository/io/perfmark/perfmark-api/0.27.0/perfmark-api-0.27.0.jar:/home/runner/.m2/repository/io/grpc/grpc-util/1.71.0/grpc-util-1.71.0.jar:/home/runner/.m2/repository/io/netty/netty-codec-http2/4.1.119.Final/netty-codec-http2-4.1.119.Final.jar:/home/runner/.m2/repository/io/netty/netty-handler-proxy/4.1.119.Final/netty-handler-proxy-4.1.119.Final.jar:/home/runner/.m2/repository/io/netty/netty-tcnative-boringssl-static/2.0.70.Final/netty-tcnative-boringssl-static-2.0.70.Final.jar:/home/runner/.m2/repository/io/netty/netty-tcnative-classes/2.0.70.Final/netty-tcnative-classes-2.0.70.Final.jar:/home/runner/.m2/repository/io/netty/netty-tcnative-boringssl-static/2.0.70.Final/netty-tcnative-boringssl-static-2.0.70.Final-linux-x86_64.jar:/home/runner/.m2/repository/io/netty/netty-tcnative-boringssl-static/2.0.70.Final/netty-tcnative-boringssl-static-2.0.70.Final-linux-aarch_64.jar:/home/runner/.m2/repository/io/netty/netty-tcnative-boringssl-static/2.0.70.Final/netty-tcnative-boringssl-static-2.0.70.Final-osx-x86_64.jar:/home/runner/.m2/repository/io/netty/netty-tcnative-boringssl-static/2.0.70.Final/netty-tcnative-boringssl-static-2.0.70.Final-osx-aarch_64.jar:/home/runner/.m2/repository/io/netty/netty-tcnative-boringssl-static/2.0.70.Final/netty-tcnative-boringssl-static-2.0.70.Final-windows-x86_64.jar:/home/runner/work/ozone/ozone/hadoop-ozone/csi/target/ozone-csi-2.1.0-SNAPSHOT.jar:/home/runner/.m2/repository/io/grpc/grpc-protobuf/1.71.0/grpc-protobuf-1.71.0.jar:/home/runner/.m2/repository/com/google/api/grpc/proto-google-common-protos/2.51.0/proto-google-common-protos-2.51.0.jar:/home/runner/.m2/repository/io/grpc/grpc-protobuf-lite/1.71.0/grpc-protobuf-lite-1.71.0.jar:/home/runner/.m2/repository/io/grpc/grpc-stub/1.71.0/grpc-stub-1.71.0.jar:/home/runner/.m2/repository/io/netty/netty-transport-classes-epoll/4.1.119.Final/netty-transport-classes-epoll-4.1.119.Final.jar:/home/runner/.m2/repository/io/netty/netty-transport-native-unix-common/4.1.119.Final/netty-transport-native-unix-common-4.1.119.Final.jar:/home/runner/.m2/repository/io/netty/netty-transport-native-epoll/4.1.119.Final/netty-transport-native-epoll-4.1.119.Final-linux-x86_64.jar:/home/runner/work/ozone/ozone/hadoop-ozone/ozonefs/target/ozone-filesystem-2.1.0-SNAPSHOT.jar:/home/runner/work/ozone/ozone/hadoop-ozone/ozonefs-common/target/ozone-filesystem-common-2.1.0-SNAPSHOT.jar:/home/runner/work/ozone/ozone/hadoop-ozone/freon/target/ozone-freon-2.1.0-SNAPSHOT.jar:/home/runner/.m2/repository/com/amazonaws/aws-java-sdk-core/1.12.788/aws-java-sdk-core-1.12.788.jar:/home/runner/.m2/repository/com/fasterxml/jackson/dataformat/jackson-dataformat-cbor/2.16.2/jackson-dataformat-cbor-2.16.2.jar:/home/runner/.m2/repository/joda-time/joda-time/2.12.7/joda-time-2.12.7.jar:/home/runner/.m2/repository/com/amazonaws/aws-java-sdk-s3/1.12.788/aws-java-sdk-s3-1.12.788.jar:/home/runner/.m2/repository/com/amazonaws/aws-java-sdk-kms/1.12.788/aws-java-sdk-kms-1.12.788.jar:/home/runner/.m2/repository/com/amazonaws/jmespath-java/1.12.788/jmespath-java-1.12.788.jar:/home/runner/work/ozone/ozone/hadoop-ozone/interface-client/target/ozone-interface-client-2.1.0-SNAPSHOT.jar:/home/runner/work/ozone/ozone/hadoop-ozone/interface-storage/target/ozone-interface-storage-2.1.0-SNAPSHOT.jar:/home/runner/work/ozone/ozone/hadoop-ozone/ozone-manager/target/ozone-manager-2.1.0-SNAPSHOT.jar:/home/runner/.m2/repository/org/aspectj/aspectjrt/1.9.24/aspectjrt-1.9.24.jar:/home/runner/work/ozone/ozone/hadoop-ozone/ozone-manager/target/ozone-manager-2.1.0-SNAPSHOT-tests.jar:/home/runner/work/ozone/ozone/hadoop-ozone/mini-cluster/target/ozone-mini-cluster-2.1.0-SNAPSHOT.jar:/home/runner/work/ozone/ozone/hadoop-ozone/multitenancy-ranger/target/ozone-multitenancy-ranger-2.1.0-SNAPSHOT.jar:/home/runner/.m2/repository/com/sun/jersey/jersey-client/1.19.4/jersey-client-1.19.4.jar:/home/runner/.m2/repository/org/apache/ranger/ranger-plugins-common/2.6.0/ranger-plugins-common-2.6.0.jar:/home/runner/.m2/repository/com/fasterxml/jackson/jaxrs/jackson-jaxrs-base/2.16.2/jackson-jaxrs-base-2.16.2.jar:/home/runner/.m2/repository/com/kstruct/gethostname4j/1.0.0/gethostname4j-1.0.0.jar:/home/runner/.m2/repository/commons-lang/commons-lang/2.6/commons-lang-2.6.jar:/home/runner/.m2/repository/net/java/dev/jna/jna/5.2.0/jna-5.2.0.jar:/home/runner/.m2/repository/net/java/dev/jna/jna-platform/5.2.0/jna-platform-5.2.0.jar:/home/runner/.m2/repository/org/apache/ranger/ranger-plugin-classloader/2.6.0/ranger-plugin-classloader-2.6.0.jar:/home/runner/.m2/repository/org/apache/ranger/ranger-plugins-audit/2.6.0/ranger-plugins-audit-2.6.0.jar:/home/runner/.m2/repository/com/amazonaws/aws-java-sdk-logs/1.12.765/aws-java-sdk-logs-1.12.765.jar:/home/runner/.m2/repository/com/carrotsearch/hppc/0.8.0/hppc-0.8.0.jar:/home/runner/.m2/repository/io/airlift/aircompressor/0.27/aircompressor-0.27.jar:/home/runner/.m2/repository/org/apache/httpcomponents/httpasyncclient/4.1.4/httpasyncclient-4.1.4.jar:/home/runner/.m2/repository/org/apache/httpcomponents/httpcore-nio/4.4.16/httpcore-nio-4.4.16.jar:/home/runner/.m2/repository/org/apache/httpcomponents/httpmime/4.5.13/httpmime-4.5.13.jar:/home/runner/.m2/repository/org/apache/orc/orc-core/1.5.8/orc-core-1.5.8.jar:/home/runner/.m2/repository/org/apache/orc/orc-shims/1.5.8/orc-shims-1.5.8.jar:/home/runner/.m2/repository/org/apache/ranger/ranger-plugins-cred/2.6.0/ranger-plugins-cred-2.6.0.jar:/home/runner/work/ozone/ozone/hadoop-ozone/recon/target/ozone-recon-2.1.0-SNAPSHOT.jar:/home/runner/.m2/repository/aopalliance/aopalliance/1.0/aopalliance-1.0.jar:/home/runner/.m2/repository/com/google/inject/guice/6.0.0/guice-6.0.0.jar:/home/runner/.m2/repository/jakarta/inject/jakarta.inject-api/2.0.1/jakarta.inject-api-2.0.1.jar:/home/runner/.m2/repository/com/jolbox/bonecp/0.8.0.RELEASE/bonecp-0.8.0.RELEASE.jar:/home/runner/.m2/repository/jakarta/validation/jakarta.validation-api/2.0.2/jakarta.validation-api-2.0.2.jar:/home/runner/.m2/repository/javax/annotation/javax.annotation-api/1.3.2/javax.annotation-api-1.3.2.jar:/home/runner/.m2/repository/javax/inject/javax.inject/1/javax.inject-1.jar:/home/runner/.m2/repository/org/apache/derby/derby/10.14.2.0/derby-10.14.2.0.jar:/home/runner/.m2/repository/org/glassfish/hk2/guice-bridge/2.6.1/guice-bridge-2.6.1.jar:/home/runner/.m2/repository/org/glassfish/hk2/hk2-api/2.6.1/hk2-api-2.6.1.jar:/home/runner/.m2/repository/org/glassfish/hk2/hk2-utils/2.6.1/hk2-utils-2.6.1.jar:/home/runner/.m2/repository/org/glassfish/hk2/external/aopalliance-repackaged/2.6.1/aopalliance-repackaged-2.6.1.jar:/home/runner/.m2/repository/org/glassfish/jersey/core/jersey-common/2.47/jersey-common-2.47.jar:/home/runner/.m2/repository/org/glassfish/hk2/osgi-resource-locator/1.0.3/osgi-resource-locator-1.0.3.jar:/home/runner/.m2/repository/org/jooq/jooq/3.11.10/jooq-3.11.10.jar:/home/runner/.m2/repository/org/springframework/spring-core/5.3.39/spring-core-5.3.39.jar:/home/runner/.m2/repository/org/springframework/spring-jdbc/5.3.39/spring-jdbc-5.3.39.jar:/home/runner/.m2/repository/org/springframework/spring-beans/5.3.39/spring-beans-5.3.39.jar:/home/runner/.m2/repository/org/springframework/spring-tx/5.3.39/spring-tx-5.3.39.jar:/home/runner/.m2/repository/org/xerial/sqlite-jdbc/3.50.3.0/sqlite-jdbc-3.50.3.0.jar:/home/runner/.m2/repository/com/google/inject/extensions/guice-assistedinject/6.0.0/guice-assistedinject-6.0.0.jar:/home/runner/.m2/repository/org/glassfish/hk2/external/jakarta.inject/2.6.1/jakarta.inject-2.6.1.jar:/home/runner/.m2/repository/org/glassfish/jersey/inject/jersey-hk2/2.47/jersey-hk2-2.47.jar:/home/runner/.m2/repository/org/glassfish/hk2/hk2-locator/2.6.1/hk2-locator-2.6.1.jar:/home/runner/.m2/repository/org/glassfish/jersey/media/jersey-media-jaxb/2.47/jersey-media-jaxb-2.47.jar:/home/runner/.m2/repository/org/glassfish/jersey/media/jersey-media-json-jackson/2.47/jersey-media-json-jackson-2.47.jar:/home/runner/.m2/repository/org/glassfish/jersey/ext/jersey-entity-filtering/2.47/jersey-entity-filtering-2.47.jar:/home/runner/work/ozone/ozone/hadoop-ozone/recon-codegen/target/ozone-reconcodegen-2.1.0-SNAPSHOT.jar:/home/runner/.m2/repository/org/jooq/jooq-codegen/3.11.10/jooq-codegen-3.11.10.jar:/home/runner/.m2/repository/org/jooq/jooq-meta/3.11.10/jooq-meta-3.11.10.jar:/home/runner/work/ozone/ozone/hadoop-ozone/s3gateway/target/ozone-s3gateway-2.1.0-SNAPSHOT.jar:/home/runner/work/ozone/ozone/hadoop-ozone/tools/target/ozone-tools-2.1.0-SNAPSHOT.jar:/home/runner/.m2/repository/com/github/vlsi/mxgraph/jgraphx/3.9.12/jgraphx-3.9.12.jar:/home/runner/.m2/repository/org/apache/ratis/ratis-shell/3.2.0/ratis-shell-3.2.0.jar:/home/runner/.m2/repository/org/apache/ratis/ratis-tools/3.2.0/ratis-tools-3.2.0.jar:/home/runner/.m2/repository/org/jgrapht/jgrapht-core/1.4.0/jgrapht-core-1.4.0.jar:/home/runner/.m2/repository/org/jheaps/jheaps/0.11/jheaps-0.11.jar:/home/runner/.m2/repository/org/jgrapht/jgrapht-ext/1.4.0/jgrapht-ext-1.4.0.jar:/home/runner/work/ozone/ozone/hadoop-hdds/rocksdb-checkpoint-differ/target/rocksdb-checkpoint-differ-2.1.0-SNAPSHOT.jar:/home/runner/.m2/repository/org/apache/ranger/ranger-intg/2.6.0/ranger-intg-2.6.0.jar:/home/runner/.m2/repository/org/apache/ratis/ratis-client/3.2.0/ratis-client-3.2.0.jar:/home/runner/.m2/repository/org/apache/ratis/ratis-common/3.2.0/ratis-common-3.2.0.jar:/home/runner/.m2/repository/org/apache/ratis/ratis-grpc/3.2.0/ratis-grpc-3.2.0.jar:/home/runner/.m2/repository/org/apache/ratis/ratis-metrics-api/3.2.0/ratis-metrics-api-3.2.0.jar:/home/runner/.m2/repository/org/apache/ratis/ratis-proto/3.2.0/ratis-proto-3.2.0.jar:/home/runner/.m2/repository/org/apache/ratis/ratis-server/3.2.0/ratis-server-3.2.0.jar:/home/runner/.m2/repository/org/apache/ratis/ratis-server-api/3.2.0/ratis-server-api-3.2.0.jar:/home/runner/.m2/repository/org/apache/ratis/ratis-thirdparty-misc/1.0.9/ratis-thirdparty-misc-1.0.9.jar:/home/runner/.m2/repository/org/bouncycastle/bcpkix-jdk18on/1.81/bcpkix-jdk18on-1.81.jar:/home/runner/.m2/repository/org/bouncycastle/bcutil-jdk18on/1.81/bcutil-jdk18on-1.81.jar:/home/runner/.m2/repository/org/hamcrest/hamcrest/2.2/hamcrest-2.2.jar:/home/runner/.m2/repository/org/reflections/reflections/0.10.2/reflections-0.10.2.jar:/home/runner/.m2/repository/org/javassist/javassist/3.30.2-GA/javassist-3.30.2-GA.jar:/home/runner/.m2/repository/org/rocksdb/rocksdbjni/7.7.3/rocksdbjni-7.7.3.jar:/home/runner/.m2/repository/org/slf4j/jul-to-slf4j/2.0.17/jul-to-slf4j-2.0.17.jar:/home/runner/.m2/repository/org/slf4j/slf4j-api/2.0.17/slf4j-api-2.0.17.jar:/home/runner/.m2/repository/org/assertj/assertj-core/3.27.6/assertj-core-3.27.6.jar:/home/runner/.m2/repository/net/bytebuddy/byte-buddy/1.17.7/byte-buddy-1.17.7.jar:/home/runner/.m2/repository/org/junit/jupiter/junit-jupiter-api/5.14.0/junit-jupiter-api-5.14.0.jar:/home/runner/.m2/repository/org/opentest4j/opentest4j/1.3.0/opentest4j-1.3.0.jar:/home/runner/.m2/repository/org/junit/platform/junit-platform-commons/1.14.0/junit-platform-commons-1.14.0.jar:/home/runner/.m2/repository/org/apiguardian/apiguardian-api/1.1.2/apiguardian-api-1.1.2.jar:/home/runner/.m2/repository/org/junit/jupiter/junit-jupiter-params/5.14.0/junit-jupiter-params-5.14.0.jar:/home/runner/.m2/repository/org/mockito/mockito-core/4.11.0/mockito-core-4.11.0.jar:/home/runner/.m2/repository/net/bytebuddy/byte-buddy-agent/1.12.19/byte-buddy-agent-1.12.19.jar:/home/runner/.m2/repository/org/objenesis/objenesis/3.3/objenesis-3.3.jar:/home/runner/.m2/repository/org/mockito/mockito-inline/4.11.0/mockito-inline-4.11.0.jar:/home/runner/.m2/repository/org/mockito/mockito-junit-jupiter/4.11.0/mockito-junit-jupiter-4.11.0.jar:/home/runner/work/ozone/ozone/hadoop-ozone/integration-test/target/gradle-enterprise/test-listeners.jar:"/>
    <property name="sun.cpu.endian" value="little"/>
    <property name="user.home" value="/home/runner"/>
    <property name="user.language" value="en"/>
    <property name="java.specification.vendor" value="Oracle Corporation"/>
    <property name="skipRecon" value="true"/>
    <property name="java.version.date" value="2025-07-15"/>
    <property name="java.home" value="/usr/lib/jvm/temurin-21-jdk-amd64"/>
    <property name="java.security.krb5.conf" value="/home/runner/work/ozone/ozone/hadoop-ozone/integration-test/target/test-classes/krb5.conf"/>
    <property name="file.separator" value="/"/>
    <property name="basedir" value="/home/runner/work/ozone/ozone/hadoop-ozone/integration-test"/>
    <property name="java.vm.compressedOopsMode" value="Zero based"/>
    <property name="line.separator" value="&#10;"/>
    <property name="java.vm.specification.vendor" value="Oracle Corporation"/>
    <property name="java.specification.name" value="Java Platform API Specification"/>
    <property name="OZONE.CLIENT.RECOVER.LEASE.FORCE" value="true"/>
    <property name="surefire.real.class.path" value="/home/runner/work/ozone/ozone/hadoop-ozone/integration-test/target/surefire/surefirebooter-20251017105110114_380.jar"/>
    <property name="hadoop.log.dir" value="/home/runner/work/ozone/ozone/hadoop-ozone/integration-test/target/log"/>
    <property name="sun.management.compiler" value="HotSpot 64-Bit Tiered Compilers"/>
    <property name="skipShade" value="true"/>
    <property name="java.runtime.version" value="21.0.8+9-LTS"/>
    <property name="user.name" value="runner"/>
    <property name="java.net.preferIPv4Stack" value="true"/>
    <property name="stdout.encoding" value="UTF-8"/>
    <property name="path.separator" value=":"/>
    <property name="java.security.egd" value="file:///dev/urandom"/>
    <property name="os.version" value="6.11.0-1018-azure"/>
    <property name="java.runtime.name" value="OpenJDK Runtime Environment"/>
    <property name="com.gradle.maven.scan.extension.test.listener.junitplatform.NestedExecutionSafeDelegatingTestExecutionListener" value="56e07a08"/>
    <property name="file.encoding" value="UTF-8"/>
    <property name="java.vm.name" value="OpenJDK 64-Bit Server VM"/>
    <property name="rocks_tools_native" value="true"/>
    <property name="java.vendor.version" value="Temurin-21.0.8+9"/>
    <property name="test.build.webapps" value=""/>
    <property name="develocity.listener.surefire.forkId" value="1"/>
    <property name="localRepository" value="/home/runner/.m2/repository"/>
    <property name="java.vendor.url.bug" value="https://github.com/adoptium/adoptium-support/issues"/>
    <property name="jetty.git.hash" value="8f1440587e9e4ae7db3d74cf205643f3d707148d"/>
    <property name="java.io.tmpdir" value="/tmp"/>
    <property name="require.test.libhadoop" value=""/>
    <property name="java.version" value="21.0.8"/>
    <property name="user.dir" value="/home/runner/work/ozone/ozone/hadoop-ozone/integration-test"/>
    <property name="os.arch" value="amd64"/>
    <property name="java.vm.specification.name" value="Java Virtual Machine Specification"/>
    <property name="test.build.classes" value="/home/runner/work/ozone/ozone/hadoop-ozone/integration-test/target/test-classes"/>
    <property name="org.apache.ratis.thirdparty.io.netty.allocator.useCacheForAllThreads" value="false"/>
    <property name="native.encoding" value="UTF-8"/>
    <property name="hadoop.tmp.dir" value="/home/runner/work/ozone/ozone/hadoop-ozone/integration-test/target/tmp"/>
    <property name="java.library.path" value="/usr/java/packages/lib:/usr/lib64:/lib64:/lib:/usr/lib"/>
    <property name="java.vm.info" value="mixed mode, sharing"/>
    <property name="stderr.encoding" value="UTF-8"/>
    <property name="java.vendor" value="Eclipse Adoptium"/>
    <property name="java.vm.version" value="21.0.8+9-LTS"/>
    <property name="sun.io.unicode.encoding" value="UnicodeLittle"/>
    <property name="develocity.listener.port" value="34029"/>
    <property name="java.class.version" value="65.0"/>
  </properties>
  <testcase name="bucketUsedBytesOverWrite(BucketLayout)[1]" classname="org.apache.hadoop.ozone.client.rpc.TestSecureOzoneRpcClient" time="0.554">
    <system-out><![CDATA[2025-10-17 11:01:08,132 [ForkJoinPool-1-worker-1] INFO  audit.AuditLogger (AuditLogger.java:refreshDebugCmdSet(133)) - Refresh DebugCmdSet for OMAudit to [].
2025-10-17 11:01:08,163 [ForkJoinPool-1-worker-1] INFO  audit.AuditLogger (AuditLogger.java:refreshDebugCmdSet(133)) - Refresh DebugCmdSet for OMSystemAudit to [].
2025-10-17 11:01:09,513 [ForkJoinPool-1-worker-1] INFO  utils.SelfSignedCertificate (SelfSignedCertificate.java:generateCertificate(156)) - Certificate 1 is issued by SERIALNUMBER=1, O=cluster1, OU=scm1, CN=rootCA@localhost to SERIALNUMBER=1, O=cluster1, OU=scm1, CN=rootCA@localhost, valid from Fri Oct 17 11:01:09 UTC 2025 to Mon Nov 25 11:01:09 UTC 2030
2025-10-17 11:01:09,535 [ForkJoinPool-1-worker-1] INFO  authority.DefaultApprover (DefaultApprover.java:sign(171)) - Extensions in CSR: 2.5.29.15
2025-10-17 11:01:09,536 [ForkJoinPool-1-worker-1] INFO  authority.DefaultApprover (DefaultApprover.java:sign(175)) - Extensions to add to the certificate if they present in CSR: 2.5.29.15, 2.5.29.17, 2.5.29.35, 2.5.29.37, 1.3.6.1.5.5.7.1.12
2025-10-17 11:01:09,781 [ForkJoinPool-1-worker-1] INFO  reflections.Reflections (Reflections.java:scan(219)) - Reflections took 152 ms to scan 7 urls, producing 168 keys and 381 values
2025-10-17 11:01:09,896 [ForkJoinPool-1-worker-1] INFO  ha.SCMHANodeDetails (SCMHANodeDetails.java:loadSCMHAConfig(162)) - ServiceID for StorageContainerManager is null
2025-10-17 11:01:09,896 [ForkJoinPool-1-worker-1] INFO  ha.SCMHANodeDetails (SCMHANodeDetails.java:loadSCMHAConfig(166)) - ozone.scm.default.service.id is not defined, falling back to ozone.scm.service.ids to find serviceID for StorageContainerManager if it is HA enabled cluster
2025-10-17 11:01:10,034 [ForkJoinPool-1-worker-1] INFO  server.RaftServerConfigKeys (ConfUtils.java:logGet(62)) - raft.server.log.appender.buffer.byte-limit = 4194304 (custom)
2025-10-17 11:01:10,051 [ForkJoinPool-1-worker-1] INFO  server.RaftServer (ConfUtils.java:logGet(62)) - raft.rpc.type = GRPC (default)
2025-10-17 11:01:10,099 [ForkJoinPool-1-worker-1] INFO  grpc.GrpcConfigKeys (ConfUtils.java:logFallback(69)) - raft.grpc.admin.host = null (fallback to raft.grpc.server.host)
2025-10-17 11:01:10,100 [ForkJoinPool-1-worker-1] INFO  grpc.GrpcConfigKeys (ConfUtils.java:logFallback(69)) - raft.grpc.admin.port = 15004 (fallback to raft.grpc.server.port)
2025-10-17 11:01:10,100 [ForkJoinPool-1-worker-1] INFO  grpc.GrpcConfigKeys (ConfUtils.java:logFallback(69)) - raft.grpc.client.host = null (fallback to raft.grpc.server.host)
2025-10-17 11:01:10,101 [ForkJoinPool-1-worker-1] INFO  grpc.GrpcConfigKeys (ConfUtils.java:logFallback(69)) - raft.grpc.client.port = 15004 (fallback to raft.grpc.server.port)
2025-10-17 11:01:10,101 [ForkJoinPool-1-worker-1] INFO  grpc.GrpcConfigKeys (ConfUtils.java:logGet(62)) - raft.grpc.server.port = 15004 (custom)
2025-10-17 11:01:10,101 [ForkJoinPool-1-worker-1] INFO  server.GrpcServicesImpl (ConfUtils.java:logGet(62)) - raft.grpc.message.size.max = 5242880 (custom)
2025-10-17 11:01:10,102 [ForkJoinPool-1-worker-1] INFO  server.GrpcServicesImpl (ConfUtils.java:logGet(62)) - raft.grpc.flow.control.window = 1MB (=1048576) (default)
2025-10-17 11:01:10,102 [ForkJoinPool-1-worker-1] INFO  server.RaftServerConfigKeys (ConfUtils.java:logGet(62)) - raft.server.rpc.request.timeout = 30000ms (custom)
2025-10-17 11:01:10,105 [ForkJoinPool-1-worker-1] INFO  grpc.GrpcConfigKeys (ConfUtils.java:logGet(62)) - raft.grpc.server.heartbeat.channel = true (default)
2025-10-17 11:01:10,106 [ForkJoinPool-1-worker-1] INFO  server.RaftServerConfigKeys (ConfUtils.java:logGet(62)) - raft.server.log.appender.buffer.byte-limit = 4194304 (custom)
2025-10-17 11:01:10,108 [ForkJoinPool-1-worker-1] INFO  grpc.GrpcConfigKeys (ConfUtils.java:logGet(62)) - raft.grpc.server.async.request.thread.pool.cached = true (default)
2025-10-17 11:01:10,108 [ForkJoinPool-1-worker-1] INFO  grpc.GrpcConfigKeys (ConfUtils.java:logGet(62)) - raft.grpc.server.async.request.thread.pool.size = 32 (default)
2025-10-17 11:01:10,273 [ForkJoinPool-1-worker-1] INFO  impl.DataStreamServerImpl (ConfUtils.java:logGet(62)) - raft.datastream.type = DISABLED (default)
2025-10-17 11:01:10,276 [ForkJoinPool-1-worker-1] INFO  server.RaftServerConfigKeys (ConfUtils.java:logGet(62)) - raft.server.sleep.deviation.threshold = 300ms (default)
2025-10-17 11:01:10,276 [ForkJoinPool-1-worker-1] INFO  server.RaftServerConfigKeys (ConfUtils.java:logGet(62)) - raft.server.close.threshold = 60s (default)
2025-10-17 11:01:10,276 [ForkJoinPool-1-worker-1] INFO  server.RaftServerConfigKeys (ConfUtils.java:logGet(62)) - raft.server.leaderelection.leader.step-down.wait-time = 10s (default)
2025-10-17 11:01:10,279 [ForkJoinPool-1-worker-1] INFO  server.RaftServerConfigKeys (ConfUtils.java:logGet(62)) - raft.server.storage.dir = [/home/runner/work/ozone/ozone/hadoop-ozone/integration-test/target/test-dir/MiniOzoneClusterImpl-d1ffa5d3-3301-45c3-9f44-1ffa6967d237/scm/ratis] (custom)
2025-10-17 11:01:10,280 [ForkJoinPool-1-worker-1] INFO  server.RaftServerConfigKeys (ConfUtils.java:logGet(62)) - raft.server.threadpool.proxy.cached = true (default)
2025-10-17 11:01:10,281 [ForkJoinPool-1-worker-1] INFO  server.RaftServerConfigKeys (ConfUtils.java:logGet(62)) - raft.server.threadpool.proxy.size = 0 (default)
2025-10-17 11:01:10,285 [ForkJoinPool-1-worker-1] INFO  server.RaftServer (RaftServerProxy.java:addNew(105)) - 069dddce-46ee-48e8-8453-914416002559: addNew group-1FFA6967D237:[069dddce-46ee-48e8-8453-914416002559|localhost:15004] returns group-1FFA6967D237:java.util.concurrent.CompletableFuture@5d71e421[Not completed]
2025-10-17 11:01:10,301 [069dddce-46ee-48e8-8453-914416002559-groupManagement] INFO  server.RaftServer$Division (RaftServerImpl.java:<init>(268)) - 069dddce-46ee-48e8-8453-914416002559: new RaftServerImpl for group-1FFA6967D237:[069dddce-46ee-48e8-8453-914416002559|localhost:15004] with SCMStateMachine:uninitialized
2025-10-17 11:01:10,302 [069dddce-46ee-48e8-8453-914416002559-groupManagement] INFO  server.RaftServerConfigKeys (ConfUtils.java:logGet(62)) - raft.server.rpc.timeout.min = 5000ms (custom)
2025-10-17 11:01:10,302 [069dddce-46ee-48e8-8453-914416002559-groupManagement] INFO  server.RaftServerConfigKeys (ConfUtils.java:logGet(62)) - raft.server.rpc.timeout.max = 5200ms (custom)
2025-10-17 11:01:10,303 [069dddce-46ee-48e8-8453-914416002559-groupManagement] INFO  server.RaftServerConfigKeys (ConfUtils.java:logGet(62)) - raft.server.rpc.sleep.time = 25ms (default)
2025-10-17 11:01:10,303 [069dddce-46ee-48e8-8453-914416002559-groupManagement] INFO  server.RaftServerConfigKeys (ConfUtils.java:logGet(62)) - raft.server.rpc.slowness.timeout = 120000ms (custom)
2025-10-17 11:01:10,303 [069dddce-46ee-48e8-8453-914416002559-groupManagement] INFO  server.RaftServerConfigKeys (ConfUtils.java:logGet(62)) - raft.server.leaderelection.member.majority-add = false (default)
2025-10-17 11:01:10,308 [069dddce-46ee-48e8-8453-914416002559-groupManagement] INFO  server.RaftServer$Division (ServerState.java:<init>(114)) - 069dddce-46ee-48e8-8453-914416002559@group-1FFA6967D237: ConfigurationManager, init=conf: {index: -1, cur=peers:[069dddce-46ee-48e8-8453-914416002559|localhost:15004]|listeners:[], old=null}, confs=<EMPTY_MAP>
2025-10-17 11:01:10,311 [069dddce-46ee-48e8-8453-914416002559-groupManagement] INFO  server.RaftServerConfigKeys (ConfUtils.java:logGet(62)) - raft.server.notification.no-leader.timeout = 60s (default)
2025-10-17 11:01:10,313 [069dddce-46ee-48e8-8453-914416002559-groupManagement] INFO  server.RaftServerConfigKeys (ConfUtils.java:logGet(62)) - raft.server.read.timeout = 10s (default)
2025-10-17 11:01:10,316 [069dddce-46ee-48e8-8453-914416002559-groupManagement] INFO  server.RaftServerConfigKeys (ConfUtils.java:logGet(62)) - raft.server.retrycache.expirytime = 60000ms (default)
2025-10-17 11:01:10,317 [069dddce-46ee-48e8-8453-914416002559-groupManagement] INFO  server.RaftServerConfigKeys (ConfUtils.java:logGet(62)) - raft.server.retrycache.statistics.expirytime = 100ms (default)
2025-10-17 11:01:10,328 [069dddce-46ee-48e8-8453-914416002559-groupManagement] INFO  server.RaftServerConfigKeys (ConfUtils.java:logGet(62)) - raft.server.read.option = DEFAULT (default)
2025-10-17 11:01:10,330 [069dddce-46ee-48e8-8453-914416002559-groupManagement] INFO  server.RaftServerConfigKeys (ConfUtils.java:logGet(62)) - raft.server.read.read-after-write-consistent.write-index-cache.expiry-time = 60s (default)
2025-10-17 11:01:10,426 [069dddce-46ee-48e8-8453-914416002559-groupManagement] INFO  server.RaftServerConfigKeys (ConfUtils.java:logGet(62)) - raft.server.log.appender.install.snapshot.enabled = false (custom)
2025-10-17 11:01:10,426 [069dddce-46ee-48e8-8453-914416002559-groupManagement] INFO  server.RaftServerConfigKeys (ConfUtils.java:logGet(62)) - raft.server.threadpool.server.cached = true (default)
2025-10-17 11:01:10,427 [069dddce-46ee-48e8-8453-914416002559-groupManagement] INFO  server.RaftServerConfigKeys (ConfUtils.java:logGet(62)) - raft.server.threadpool.server.size = 0 (default)
2025-10-17 11:01:10,427 [069dddce-46ee-48e8-8453-914416002559-groupManagement] INFO  server.RaftServerConfigKeys (ConfUtils.java:logGet(62)) - raft.server.threadpool.client.cached = true (default)
2025-10-17 11:01:10,428 [069dddce-46ee-48e8-8453-914416002559-groupManagement] INFO  server.RaftServerConfigKeys (ConfUtils.java:logGet(62)) - raft.server.threadpool.client.size = 0 (default)
2025-10-17 11:01:10,429 [069dddce-46ee-48e8-8453-914416002559-impl-thread1] INFO  server.RaftServerConfigKeys (ConfUtils.java:logGet(62)) - raft.server.storage.free-space.min = 0MB (=0) (default)
2025-10-17 11:01:10,430 [069dddce-46ee-48e8-8453-914416002559-impl-thread1] INFO  server.RaftServerConfigKeys (ConfUtils.java:logGet(62)) - raft.server.log.corruption.policy = EXCEPTION (default)
2025-10-17 11:01:10,437 [069dddce-46ee-48e8-8453-914416002559-impl-thread1] INFO  storage.RaftStorageDirectory (RaftStorageDirectoryImpl.java:analyzeStorage(138)) - The storage directory /home/runner/work/ozone/ozone/hadoop-ozone/integration-test/target/test-dir/MiniOzoneClusterImpl-d1ffa5d3-3301-45c3-9f44-1ffa6967d237/scm/ratis/d1ffa5d3-3301-45c3-9f44-1ffa6967d237 does not exist. Creating ...
2025-10-17 11:01:10,439 [069dddce-46ee-48e8-8453-914416002559-impl-thread1] INFO  storage.RaftStorageDirectory (RaftStorageDirectoryImpl.java:tryLock(229)) - Lock on /home/runner/work/ozone/ozone/hadoop-ozone/integration-test/target/test-dir/MiniOzoneClusterImpl-d1ffa5d3-3301-45c3-9f44-1ffa6967d237/scm/ratis/d1ffa5d3-3301-45c3-9f44-1ffa6967d237/in_use.lock acquired by nodename 40979@localhost
2025-10-17 11:01:10,442 [069dddce-46ee-48e8-8453-914416002559-impl-thread1] INFO  storage.RaftStorage (RaftStorageImpl.java:format(98)) - Storage directory /home/runner/work/ozone/ozone/hadoop-ozone/integration-test/target/test-dir/MiniOzoneClusterImpl-d1ffa5d3-3301-45c3-9f44-1ffa6967d237/scm/ratis/d1ffa5d3-3301-45c3-9f44-1ffa6967d237 has been successfully formatted.
2025-10-17 11:01:10,444 [069dddce-46ee-48e8-8453-914416002559-impl-thread1] INFO  ha.SCMStateMachine (SCMStateMachine.java:lambda$initialize$0(135)) - 069dddce-46ee-48e8-8453-914416002559: initialize group-1FFA6967D237
2025-10-17 11:01:10,445 [069dddce-46ee-48e8-8453-914416002559-impl-thread1] INFO  server.RaftServerConfigKeys (ConfUtils.java:logGet(62)) - raft.server.log.use.memory = false (default)
2025-10-17 11:01:10,452 [069dddce-46ee-48e8-8453-914416002559-impl-thread1] INFO  server.RaftServerConfigKeys (ConfUtils.java:logGet(62)) - raft.server.log.purge.gap = 1000000 (custom)
2025-10-17 11:01:10,452 [069dddce-46ee-48e8-8453-914416002559-impl-thread1] INFO  server.RaftServerConfigKeys (ConfUtils.java:logGet(62)) - raft.server.log.appender.buffer.byte-limit = 4194304 (custom)
2025-10-17 11:01:10,454 [069dddce-46ee-48e8-8453-914416002559-impl-thread1] INFO  server.RaftServerConfigKeys (ConfUtils.java:logGet(62)) - raft.server.log.statemachine.data.read.timeout = 1000ms (default)
2025-10-17 11:01:10,454 [069dddce-46ee-48e8-8453-914416002559-impl-thread1] INFO  server.RaftServerConfigKeys (ConfUtils.java:logGet(62)) - raft.server.log.purge.preservation.log.num = 0 (default)
2025-10-17 11:01:10,457 [069dddce-46ee-48e8-8453-914416002559-impl-thread1] INFO  server.RaftServerConfigKeys (ConfUtils.java:logGet(62)) - raft.server.log.segment.size.max = 67108864 (custom)
2025-10-17 11:01:10,461 [069dddce-46ee-48e8-8453-914416002559-impl-thread1] INFO  server.RaftServerConfigKeys (ConfUtils.java:logGet(62)) - raft.server.log.segment.cache.num.max = 2 (custom)
2025-10-17 11:01:10,461 [069dddce-46ee-48e8-8453-914416002559-impl-thread1] INFO  server.RaftServerConfigKeys (ConfUtils.java:logGet(62)) - raft.server.log.segment.cache.size.max = 200MB (=209715200) (default)
2025-10-17 11:01:10,461 [069dddce-46ee-48e8-8453-914416002559-impl-thread1] INFO  server.RaftServerConfigKeys (ConfUtils.java:logGet(62)) - raft.server.log.appender.buffer.byte-limit = 4194304 (custom)
2025-10-17 11:01:10,463 [069dddce-46ee-48e8-8453-914416002559-impl-thread1] INFO  util.AwaitToRun (AwaitToRun.java:start(81)) - Thread[#43,069dddce-46ee-48e8-8453-914416002559@group-1FFA6967D237-cacheEviction-AwaitToRun,5,main] started
2025-10-17 11:01:10,467 [069dddce-46ee-48e8-8453-914416002559-impl-thread1] INFO  segmented.SegmentedRaftLogWorker (SegmentedRaftLogWorker.java:<init>(190)) - new 069dddce-46ee-48e8-8453-914416002559@group-1FFA6967D237-SegmentedRaftLogWorker for RaftStorageImpl:Storage Directory /home/runner/work/ozone/ozone/hadoop-ozone/integration-test/target/test-dir/MiniOzoneClusterImpl-d1ffa5d3-3301-45c3-9f44-1ffa6967d237/scm/ratis/d1ffa5d3-3301-45c3-9f44-1ffa6967d237
2025-10-17 11:01:10,467 [069dddce-46ee-48e8-8453-914416002559-impl-thread1] INFO  server.RaftServerConfigKeys (ConfUtils.java:logGet(62)) - raft.server.log.queue.byte-limit = 64MB (=67108864) (default)
2025-10-17 11:01:10,468 [069dddce-46ee-48e8-8453-914416002559-impl-thread1] INFO  server.RaftServerConfigKeys (ConfUtils.java:logGet(62)) - raft.server.log.queue.element-limit = 4096 (default)
2025-10-17 11:01:10,469 [069dddce-46ee-48e8-8453-914416002559-impl-thread1] INFO  server.RaftServerConfigKeys (ConfUtils.java:logGet(62)) - raft.server.log.segment.size.max = 67108864 (custom)
2025-10-17 11:01:10,469 [069dddce-46ee-48e8-8453-914416002559-impl-thread1] INFO  server.RaftServerConfigKeys (ConfUtils.java:logGet(62)) - raft.server.log.preallocated.size = 4194304 (custom)
2025-10-17 11:01:10,470 [069dddce-46ee-48e8-8453-914416002559-impl-thread1] INFO  server.RaftServerConfigKeys (ConfUtils.java:logGet(62)) - raft.server.log.force.sync.num = 128 (default)
2025-10-17 11:01:10,470 [069dddce-46ee-48e8-8453-914416002559-impl-thread1] INFO  server.RaftServerConfigKeys (ConfUtils.java:logGet(62)) - raft.server.log.statemachine.data.sync = true (default)
2025-10-17 11:01:10,471 [069dddce-46ee-48e8-8453-914416002559-impl-thread1] INFO  server.RaftServerConfigKeys (ConfUtils.java:logGet(62)) - raft.server.log.statemachine.data.sync.timeout = 10s (default)
2025-10-17 11:01:10,471 [069dddce-46ee-48e8-8453-914416002559-impl-thread1] INFO  server.RaftServerConfigKeys (ConfUtils.java:logGet(62)) - raft.server.log.statemachine.data.sync.timeout.retry = -1 (default)
2025-10-17 11:01:10,472 [069dddce-46ee-48e8-8453-914416002559-impl-thread1] INFO  server.RaftServerConfigKeys (ConfUtils.java:logGet(62)) - raft.server.log.write.buffer.size = 4194312 (custom)
2025-10-17 11:01:10,474 [069dddce-46ee-48e8-8453-914416002559-impl-thread1] INFO  server.RaftServerConfigKeys (ConfUtils.java:logGet(62)) - raft.server.log.appender.buffer.byte-limit = 4194304 (custom)
2025-10-17 11:01:10,475 [069dddce-46ee-48e8-8453-914416002559-impl-thread1] INFO  server.RaftServerConfigKeys (ConfUtils.java:logGet(62)) - raft.server.log.unsafe-flush.enabled = false (default)
2025-10-17 11:01:10,475 [069dddce-46ee-48e8-8453-914416002559-impl-thread1] INFO  server.RaftServerConfigKeys (ConfUtils.java:logGet(62)) - raft.server.log.async-flush.enabled = false (default)
2025-10-17 11:01:10,475 [069dddce-46ee-48e8-8453-914416002559-impl-thread1] INFO  server.RaftServerConfigKeys (ConfUtils.java:logGet(62)) - raft.server.log.statemachine.data.caching.enabled = false (default)
2025-10-17 11:01:10,480 [069dddce-46ee-48e8-8453-914416002559-impl-thread1] INFO  segmented.SegmentedRaftLogWorker (SegmentedRaftLogWorker.java:lambda$new$0(141)) - 069dddce-46ee-48e8-8453-914416002559@group-1FFA6967D237-SegmentedRaftLogWorker: flushIndex: setUnconditionally 0 -> -1
2025-10-17 11:01:10,480 [069dddce-46ee-48e8-8453-914416002559-impl-thread1] INFO  segmented.SegmentedRaftLogWorker (SegmentedRaftLogWorker.java:lambda$new$0(141)) - 069dddce-46ee-48e8-8453-914416002559@group-1FFA6967D237-SegmentedRaftLogWorker: safeCacheEvictIndex: setUnconditionally 0 -> -1
2025-10-17 11:01:10,481 [069dddce-46ee-48e8-8453-914416002559-impl-thread1] INFO  server.RaftServer$Division (RaftServerImpl.java:start(405)) - 069dddce-46ee-48e8-8453-914416002559@group-1FFA6967D237: start as a follower, conf=conf: {index: -1, cur=peers:[069dddce-46ee-48e8-8453-914416002559|localhost:15004]|listeners:[], old=null}
2025-10-17 11:01:10,482 [069dddce-46ee-48e8-8453-914416002559-impl-thread1] INFO  server.RaftServer$Division (RaftServerImpl.java:setRole(392)) - 069dddce-46ee-48e8-8453-914416002559@group-1FFA6967D237: changes role from      null to FOLLOWER at term 0 for startAsFollower
2025-10-17 11:01:10,483 [069dddce-46ee-48e8-8453-914416002559-impl-thread1] INFO  impl.RoleInfo (RoleInfo.java:updateAndGet(148)) - 069dddce-46ee-48e8-8453-914416002559: start 069dddce-46ee-48e8-8453-914416002559@group-1FFA6967D237-FollowerState
2025-10-17 11:01:10,485 [069dddce-46ee-48e8-8453-914416002559@group-1FFA6967D237-FollowerState] INFO  server.RaftServerConfigKeys (ConfUtils.java:logGet(62)) - raft.server.rpc.first-election.timeout.min = 1000ms (custom)
2025-10-17 11:01:10,485 [069dddce-46ee-48e8-8453-914416002559@group-1FFA6967D237-FollowerState] INFO  server.RaftServerConfigKeys (ConfUtils.java:logGet(62)) - raft.server.rpc.first-election.timeout.max = 1200ms (custom)
2025-10-17 11:01:10,485 [069dddce-46ee-48e8-8453-914416002559-impl-thread1] INFO  util.JmxRegister (JmxRegister.java:tryRegister(44)) - Successfully registered JMX Bean with object name Ratis:service=RaftServer,group=group-1FFA6967D237,id=069dddce-46ee-48e8-8453-914416002559
2025-10-17 11:01:10,486 [069dddce-46ee-48e8-8453-914416002559-impl-thread1] INFO  util.JmxRegister (JmxRegister.java:register(58)) - register mxBean class org.apache.ratis.server.impl.RaftServerJmxAdapter as Ratis:service=RaftServer,group=group-1FFA6967D237,id=069dddce-46ee-48e8-8453-914416002559
2025-10-17 11:01:10,487 [069dddce-46ee-48e8-8453-914416002559-impl-thread1] INFO  server.RaftServerConfigKeys (ConfUtils.java:logGet(62)) - raft.server.snapshot.trigger-when-stop.enabled = true (default)
2025-10-17 11:01:10,488 [069dddce-46ee-48e8-8453-914416002559-impl-thread1] INFO  server.RaftServerConfigKeys (ConfUtils.java:logGet(62)) - raft.server.snapshot.trigger-when-remove.enabled = true (default)
2025-10-17 11:01:10,488 [069dddce-46ee-48e8-8453-914416002559-impl-thread1] INFO  server.RaftServerConfigKeys (ConfUtils.java:logGet(62)) - raft.server.snapshot.auto.trigger.enabled = true (custom)
2025-10-17 11:01:10,489 [069dddce-46ee-48e8-8453-914416002559-impl-thread1] INFO  server.RaftServerConfigKeys (ConfUtils.java:logGet(62)) - raft.server.snapshot.auto.trigger.threshold = 1000 (custom)
2025-10-17 11:01:10,489 [069dddce-46ee-48e8-8453-914416002559-impl-thread1] INFO  server.RaftServerConfigKeys (ConfUtils.java:logGet(62)) - raft.server.snapshot.retention.file.num = -1 (default)
2025-10-17 11:01:10,489 [069dddce-46ee-48e8-8453-914416002559-impl-thread1] INFO  server.RaftServerConfigKeys (ConfUtils.java:logGet(62)) - raft.server.log.purge.upto.snapshot.index = false (default)
2025-10-17 11:01:10,492 [069dddce-46ee-48e8-8453-914416002559-impl-thread1] INFO  server.RaftServer$Division (RaftServerImpl.java:start(419)) - 069dddce-46ee-48e8-8453-914416002559@group-1FFA6967D237: Successfully started.
2025-10-17 11:01:10,493 [ForkJoinPool-1-worker-1] INFO  server.RaftServer (RaftServerProxy.java:startImpl(412)) - 069dddce-46ee-48e8-8453-914416002559: start RPC server
2025-10-17 11:01:10,533 [ForkJoinPool-1-worker-1] INFO  server.GrpcServicesImpl (GrpcServicesImpl.java:startImpl(346)) - 069dddce-46ee-48e8-8453-914416002559: GrpcServicesImpl started, listening on 15004
2025-10-17 11:01:10,534 [JvmPauseMonitor0] INFO  util.JvmPauseMonitor (JvmPauseMonitor.java:run(146)) - JvmPauseMonitor-069dddce-46ee-48e8-8453-914416002559: Started
2025-10-17 11:01:11,624 [069dddce-46ee-48e8-8453-914416002559@group-1FFA6967D237-FollowerState] INFO  impl.FollowerState (FollowerState.java:runImpl(161)) - 069dddce-46ee-48e8-8453-914416002559@group-1FFA6967D237-FollowerState: change to CANDIDATE, lastRpcElapsedTime:1140531240ns, electionTimeout:1137ms
2025-10-17 11:01:11,624 [069dddce-46ee-48e8-8453-914416002559@group-1FFA6967D237-FollowerState] INFO  impl.RoleInfo (RoleInfo.java:shutdownFollowerState(121)) - 069dddce-46ee-48e8-8453-914416002559: shutdown 069dddce-46ee-48e8-8453-914416002559@group-1FFA6967D237-FollowerState
2025-10-17 11:01:11,624 [069dddce-46ee-48e8-8453-914416002559@group-1FFA6967D237-FollowerState] INFO  server.RaftServer$Division (RaftServerImpl.java:setRole(392)) - 069dddce-46ee-48e8-8453-914416002559@group-1FFA6967D237: changes role from  FOLLOWER to CANDIDATE at term 0 for changeToCandidate
2025-10-17 11:01:11,626 [069dddce-46ee-48e8-8453-914416002559@group-1FFA6967D237-FollowerState] INFO  server.RaftServerConfigKeys (ConfUtils.java:logGet(62)) - raft.server.leaderelection.pre-vote = true (default)
2025-10-17 11:01:11,627 [069dddce-46ee-48e8-8453-914416002559@group-1FFA6967D237-FollowerState] INFO  impl.RoleInfo (RoleInfo.java:updateAndGet(148)) - 069dddce-46ee-48e8-8453-914416002559: start 069dddce-46ee-48e8-8453-914416002559@group-1FFA6967D237-LeaderElection1
2025-10-17 11:01:11,629 [069dddce-46ee-48e8-8453-914416002559@group-1FFA6967D237-LeaderElection1] INFO  impl.LeaderElection (LeaderElection.java:askForVotes(448)) - 069dddce-46ee-48e8-8453-914416002559@group-1FFA6967D237-LeaderElection1 PRE_VOTE round 0: submit vote requests at term 0 for conf: {index: -1, cur=peers:[069dddce-46ee-48e8-8453-914416002559|localhost:15004]|listeners:[], old=null}
2025-10-17 11:01:11,630 [069dddce-46ee-48e8-8453-914416002559@group-1FFA6967D237-LeaderElection1] INFO  impl.LeaderElection (LeaderElection.java:askForVotes(450)) - 069dddce-46ee-48e8-8453-914416002559@group-1FFA6967D237-LeaderElection1 PRE_VOTE round 0: result PASSED (term=0)
2025-10-17 11:01:11,631 [069dddce-46ee-48e8-8453-914416002559@group-1FFA6967D237-LeaderElection1] INFO  impl.LeaderElection (LeaderElection.java:askForVotes(448)) - 069dddce-46ee-48e8-8453-914416002559@group-1FFA6967D237-LeaderElection1 ELECTION round 0: submit vote requests at term 1 for conf: {index: -1, cur=peers:[069dddce-46ee-48e8-8453-914416002559|localhost:15004]|listeners:[], old=null}
2025-10-17 11:01:11,631 [069dddce-46ee-48e8-8453-914416002559@group-1FFA6967D237-LeaderElection1] INFO  impl.LeaderElection (LeaderElection.java:askForVotes(450)) - 069dddce-46ee-48e8-8453-914416002559@group-1FFA6967D237-LeaderElection1 ELECTION round 0: result PASSED (term=1)
2025-10-17 11:01:11,632 [069dddce-46ee-48e8-8453-914416002559@group-1FFA6967D237-LeaderElection1] INFO  impl.RoleInfo (RoleInfo.java:shutdownLeaderElection(141)) - 069dddce-46ee-48e8-8453-914416002559: shutdown 069dddce-46ee-48e8-8453-914416002559@group-1FFA6967D237-LeaderElection1
2025-10-17 11:01:11,632 [069dddce-46ee-48e8-8453-914416002559@group-1FFA6967D237-LeaderElection1] INFO  server.RaftServer$Division (RaftServerImpl.java:setRole(392)) - 069dddce-46ee-48e8-8453-914416002559@group-1FFA6967D237: changes role from CANDIDATE to LEADER at term 1 for changeToLeader
2025-10-17 11:01:11,635 [069dddce-46ee-48e8-8453-914416002559@group-1FFA6967D237-LeaderElection1] INFO  server.RaftServerConfigKeys (ConfUtils.java:logGet(62)) - raft.server.staging.catchup.gap = 1000 (default)
2025-10-17 11:01:11,636 [069dddce-46ee-48e8-8453-914416002559@group-1FFA6967D237-LeaderElection1] INFO  server.RaftServerConfigKeys (ConfUtils.java:logFallback(69)) - raft.server.staging.timeout = 15600ms (fallback to raft.server.rpc.timeout.max)
2025-10-17 11:01:11,638 [069dddce-46ee-48e8-8453-914416002559@group-1FFA6967D237-LeaderElection1] INFO  server.RaftServerConfigKeys (ConfUtils.java:logGet(62)) - raft.server.write.element-limit = 4096 (default)
2025-10-17 11:01:11,639 [069dddce-46ee-48e8-8453-914416002559@group-1FFA6967D237-LeaderElection1] INFO  server.RaftServerConfigKeys (ConfUtils.java:logGet(62)) - raft.server.write.byte-limit = 64MB (=67108864) (default)
2025-10-17 11:01:11,641 [069dddce-46ee-48e8-8453-914416002559@group-1FFA6967D237-LeaderElection1] INFO  server.RaftServerConfigKeys (ConfUtils.java:logGet(62)) - raft.server.watch.timeout = 10s (default)
2025-10-17 11:01:11,641 [069dddce-46ee-48e8-8453-914416002559@group-1FFA6967D237-LeaderElection1] INFO  server.RaftServerConfigKeys (ConfUtils.java:logGet(62)) - raft.server.watch.timeout.denomination = 1s (default)
2025-10-17 11:01:11,642 [069dddce-46ee-48e8-8453-914416002559@group-1FFA6967D237-LeaderElection1] INFO  server.RaftServerConfigKeys (ConfUtils.java:logGet(62)) - raft.server.watch.element-limit = 65536 (default)
2025-10-17 11:01:11,646 [069dddce-46ee-48e8-8453-914416002559@group-1FFA6967D237-LeaderElection1] INFO  server.RaftServerConfigKeys (ConfUtils.java:logGet(62)) - raft.server.read.leader.lease.enabled = false (default)
2025-10-17 11:01:11,647 [069dddce-46ee-48e8-8453-914416002559@group-1FFA6967D237-LeaderElection1] INFO  server.RaftServerConfigKeys (ConfUtils.java:logGet(62)) - raft.server.read.leader.lease.timeout.ratio = 0.9 (default)
2025-10-17 11:01:11,647 [069dddce-46ee-48e8-8453-914416002559@group-1FFA6967D237-LeaderElection1] INFO  server.RaftServerConfigKeys (ConfUtils.java:logGet(62)) - raft.server.log.log-metadata.enabled = false (custom)
2025-10-17 11:01:11,648 [069dddce-46ee-48e8-8453-914416002559@group-1FFA6967D237-LeaderElection1] INFO  server.RaftServerConfigKeys (ConfUtils.java:logGet(62)) - raft.server.write.follower.gap.ratio.max = -1.0 (default)
2025-10-17 11:01:11,649 [069dddce-46ee-48e8-8453-914416002559@group-1FFA6967D237-LeaderElection1] INFO  impl.RoleInfo (RoleInfo.java:updateAndGet(148)) - 069dddce-46ee-48e8-8453-914416002559: start 069dddce-46ee-48e8-8453-914416002559@group-1FFA6967D237-LeaderStateImpl
2025-10-17 11:01:11,649 [069dddce-46ee-48e8-8453-914416002559@group-1FFA6967D237-LeaderElection1] INFO  server.RaftServer$Division (RaftServerImpl.java:setFirstElection(576)) - 069dddce-46ee-48e8-8453-914416002559@group-1FFA6967D237: set firstElectionSinceStartup to false for becomeLeader
2025-10-17 11:01:11,649 [069dddce-46ee-48e8-8453-914416002559@group-1FFA6967D237-LeaderElection1] INFO  server.RaftServer$Division (ServerState.java:setLeader(272)) - 069dddce-46ee-48e8-8453-914416002559@group-1FFA6967D237: change Leader from null to 069dddce-46ee-48e8-8453-914416002559 at term 1 for becomeLeader, leader elected after 1338ms
2025-10-17 11:01:11,662 [069dddce-46ee-48e8-8453-914416002559@group-1FFA6967D237-LeaderElection1] INFO  segmented.SegmentedRaftLogWorker (SegmentedRaftLogWorker.java:startLogSegment(440)) - 069dddce-46ee-48e8-8453-914416002559@group-1FFA6967D237-SegmentedRaftLogWorker: Starting segment from index:0
2025-10-17 11:01:11,678 [069dddce-46ee-48e8-8453-914416002559@group-1FFA6967D237-LeaderElection1] INFO  server.RaftServer$Division (ServerState.java:setRaftConf(386)) - 069dddce-46ee-48e8-8453-914416002559@group-1FFA6967D237: set configuration conf: {index: 0, cur=peers:[069dddce-46ee-48e8-8453-914416002559|localhost:15004]|listeners:[], old=null}
2025-10-17 11:01:11,682 [069dddce-46ee-48e8-8453-914416002559@group-1FFA6967D237-SegmentedRaftLogWorker] INFO  segmented.BufferedWriteChannel (BufferedWriteChannel.java:open(61)) - open log_inprogress_0 at position 0
2025-10-17 11:01:11,688 [069dddce-46ee-48e8-8453-914416002559@group-1FFA6967D237-SegmentedRaftLogWorker] INFO  segmented.SegmentedRaftLogWorker (SegmentedRaftLogWorker.java:execute(647)) - 069dddce-46ee-48e8-8453-914416002559@group-1FFA6967D237-SegmentedRaftLogWorker: created new log segment /home/runner/work/ozone/ozone/hadoop-ozone/integration-test/target/test-dir/MiniOzoneClusterImpl-d1ffa5d3-3301-45c3-9f44-1ffa6967d237/scm/ratis/d1ffa5d3-3301-45c3-9f44-1ffa6967d237/current/log_inprogress_0
2025-10-17 11:01:11,695 [069dddce-46ee-48e8-8453-914416002559@group-1FFA6967D237-StateMachineUpdater] INFO  server.RaftServer$Division (LeaderStateImpl.java:checkStartIndex(309)) - Leader 069dddce-46ee-48e8-8453-914416002559@group-1FFA6967D237-LeaderStateImpl is ready since appliedIndex == startIndex == 0
2025-10-17 11:01:12,535 [ForkJoinPool-1-worker-1] INFO  server.RaftServer (RaftServerProxy.java:lambda$close$9(422)) - 069dddce-46ee-48e8-8453-914416002559: close
2025-10-17 11:01:12,536 [ForkJoinPool-1-worker-1] INFO  server.GrpcServicesImpl (GrpcServicesImpl.java:closeImpl(355)) - 069dddce-46ee-48e8-8453-914416002559: shutdown server GrpcServerProtocolService now
2025-10-17 11:01:12,536 [069dddce-46ee-48e8-8453-914416002559-impl-thread1] INFO  server.RaftServer$Division (RaftServerImpl.java:lambda$close$1(527)) - 069dddce-46ee-48e8-8453-914416002559@group-1FFA6967D237: shutdown
2025-10-17 11:01:12,537 [069dddce-46ee-48e8-8453-914416002559-impl-thread1] INFO  util.JmxRegister (JmxRegister.java:unregister(74)) - Successfully un-registered JMX Bean with object name Ratis:service=RaftServer,group=group-1FFA6967D237,id=069dddce-46ee-48e8-8453-914416002559
2025-10-17 11:01:12,537 [069dddce-46ee-48e8-8453-914416002559-impl-thread1] INFO  impl.RoleInfo (RoleInfo.java:shutdownLeaderState(103)) - 069dddce-46ee-48e8-8453-914416002559: shutdown 069dddce-46ee-48e8-8453-914416002559@group-1FFA6967D237-LeaderStateImpl
2025-10-17 11:01:12,541 [069dddce-46ee-48e8-8453-914416002559-impl-thread1] INFO  impl.PendingRequests (PendingRequests.java:sendNotLeaderResponses(287)) - 069dddce-46ee-48e8-8453-914416002559@group-1FFA6967D237-PendingRequests: sendNotLeaderResponses
2025-10-17 11:01:12,542 [ForkJoinPool-1-worker-1] INFO  server.GrpcServicesImpl (GrpcServicesImpl.java:closeImpl(364)) - 069dddce-46ee-48e8-8453-914416002559: shutdown server GrpcServerProtocolService successfully
2025-10-17 11:01:12,543 [069dddce-46ee-48e8-8453-914416002559-impl-thread1] INFO  impl.StateMachineUpdater (StateMachineUpdater.java:stopAndJoin(163)) - 069dddce-46ee-48e8-8453-914416002559@group-1FFA6967D237-StateMachineUpdater: set stopIndex = 0
2025-10-17 11:01:12,544 [069dddce-46ee-48e8-8453-914416002559@group-1FFA6967D237-StateMachineUpdater] INFO  impl.StateMachineUpdater (StateMachineUpdater.java:takeSnapshot(307)) - 069dddce-46ee-48e8-8453-914416002559@group-1FFA6967D237-StateMachineUpdater: Took a snapshot at index 0
2025-10-17 11:01:12,544 [069dddce-46ee-48e8-8453-914416002559@group-1FFA6967D237-StateMachineUpdater] INFO  impl.StateMachineUpdater (StateMachineUpdater.java:lambda$new$0(101)) - 069dddce-46ee-48e8-8453-914416002559@group-1FFA6967D237-StateMachineUpdater: snapshotIndex: updateIncreasingly -1 -> 0
2025-10-17 11:01:12,545 [069dddce-46ee-48e8-8453-914416002559@group-1FFA6967D237-StateMachineUpdater] INFO  impl.StateMachineUpdater (StateMachineUpdater.java:stop(140)) - 069dddce-46ee-48e8-8453-914416002559@group-1FFA6967D237-StateMachineUpdater: closing SCMStateMachine, lastApplied=(t:1, i:0)
2025-10-17 11:01:12,546 [069dddce-46ee-48e8-8453-914416002559@group-1FFA6967D237-cacheEviction-AwaitToRun] INFO  util.AwaitToRun (AwaitToRun.java:run(49)) - 069dddce-46ee-48e8-8453-914416002559@group-1FFA6967D237-cacheEviction-AwaitToRun-AwaitForSignal is interrupted
2025-10-17 11:01:12,693 [069dddce-46ee-48e8-8453-914416002559-impl-thread1] INFO  segmented.SegmentedRaftLogWorker (SegmentedRaftLogWorker.java:close(254)) - 069dddce-46ee-48e8-8453-914416002559@group-1FFA6967D237-SegmentedRaftLogWorker close()
2025-10-17 11:01:12,698 [JvmPauseMonitor0] INFO  util.JvmPauseMonitor (JvmPauseMonitor.java:run(152)) - JvmPauseMonitor-069dddce-46ee-48e8-8453-914416002559: Stopped
2025-10-17 11:01:12,714 [ForkJoinPool-1-worker-1] INFO  ha.SCMHANodeDetails (SCMHANodeDetails.java:loadSCMHAConfig(162)) - ServiceID for StorageContainerManager is null
2025-10-17 11:01:12,714 [ForkJoinPool-1-worker-1] INFO  ha.SCMHANodeDetails (SCMHANodeDetails.java:loadSCMHAConfig(166)) - ozone.scm.default.service.id is not defined, falling back to ozone.scm.service.ids to find serviceID for StorageContainerManager if it is HA enabled cluster
2025-10-17 11:01:12,960 [ForkJoinPool-1-worker-1] INFO  net.NodeSchemaLoader (NodeSchemaLoader.java:loadSchemaFromFile(128)) - Loading schema from [jar:file:/home/runner/work/ozone/ozone/hadoop-hdds/common/target/hdds-common-2.1.0-SNAPSHOT.jar!/network-topology-default.xml]
2025-10-17 11:01:12,961 [ForkJoinPool-1-worker-1] INFO  net.NodeSchemaLoader (NodeSchemaLoader.java:loadSchema(175)) - Loading network topology layer schema file
2025-10-17 11:01:13,030 [ForkJoinPool-1-worker-1] INFO  ha.SCMRatisServerImpl (SCMRatisServerImpl.java:<init>(100)) - starting Raft server for scm:069dddce-46ee-48e8-8453-914416002559
2025-10-17 11:01:13,032 [ForkJoinPool-1-worker-1] INFO  server.RaftServerConfigKeys (ConfUtils.java:logGet(62)) - raft.server.log.appender.buffer.byte-limit = 4194304 (custom)
2025-10-17 11:01:13,034 [ForkJoinPool-1-worker-1] INFO  grpc.GrpcConfigKeys (ConfUtils.java:logFallback(69)) - raft.grpc.admin.host = null (fallback to raft.grpc.server.host)
2025-10-17 11:01:13,034 [ForkJoinPool-1-worker-1] INFO  grpc.GrpcConfigKeys (ConfUtils.java:logFallback(69)) - raft.grpc.admin.port = 15004 (fallback to raft.grpc.server.port)
2025-10-17 11:01:13,034 [ForkJoinPool-1-worker-1] INFO  grpc.GrpcConfigKeys (ConfUtils.java:logFallback(69)) - raft.grpc.client.host = null (fallback to raft.grpc.server.host)
2025-10-17 11:01:13,034 [ForkJoinPool-1-worker-1] INFO  grpc.GrpcConfigKeys (ConfUtils.java:logFallback(69)) - raft.grpc.client.port = 15004 (fallback to raft.grpc.server.port)
2025-10-17 11:01:13,035 [ForkJoinPool-1-worker-1] INFO  server.GrpcServicesImpl (ConfUtils.java:logGet(62)) - raft.grpc.message.size.max = 5242880 (custom)
2025-10-17 11:01:13,035 [ForkJoinPool-1-worker-1] INFO  server.RaftServerConfigKeys (ConfUtils.java:logGet(62)) - raft.server.log.appender.buffer.byte-limit = 4194304 (custom)
2025-10-17 11:01:13,036 [069dddce-46ee-48e8-8453-914416002559-impl-thread1] INFO  server.RaftServer (RaftServerProxy.java:initGroupDir(270)) - 069dddce-46ee-48e8-8453-914416002559: found a subdirectory /home/runner/work/ozone/ozone/hadoop-ozone/integration-test/target/test-dir/MiniOzoneClusterImpl-d1ffa5d3-3301-45c3-9f44-1ffa6967d237/scm/ratis/d1ffa5d3-3301-45c3-9f44-1ffa6967d237
2025-10-17 11:01:13,037 [ForkJoinPool-1-worker-1] INFO  server.RaftServer (RaftServerProxy.java:addNew(105)) - 069dddce-46ee-48e8-8453-914416002559: addNew group-1FFA6967D237:[] returns group-1FFA6967D237:java.util.concurrent.CompletableFuture@31842ef[Not completed]
2025-10-17 11:01:13,039 [069dddce-46ee-48e8-8453-914416002559-groupManagement] INFO  server.RaftServer$Division (RaftServerImpl.java:<init>(268)) - 069dddce-46ee-48e8-8453-914416002559: new RaftServerImpl for group-1FFA6967D237:[] with SCMStateMachine:uninitialized
2025-10-17 11:01:13,039 [069dddce-46ee-48e8-8453-914416002559-groupManagement] INFO  server.RaftServer$Division (ServerState.java:<init>(114)) - 069dddce-46ee-48e8-8453-914416002559@group-1FFA6967D237: ConfigurationManager, init=conf: {index: -1, cur=peers:[]|listeners:[], old=null}, confs=<EMPTY_MAP>
2025-10-17 11:01:13,045 [ForkJoinPool-1-worker-1] INFO  ha.SCMSnapshotProvider (SCMSnapshotProvider.java:<init>(61)) - Initializing SCM Snapshot Provider
2025-10-17 11:01:13,071 [ForkJoinPool-1-worker-1] INFO  upgrade.AbstractLayoutVersionManager (AbstractLayoutVersionManager.java:init(80)) - Initializing Layout version manager with metadata layout = WITNESSED_CONTAINER_DB_PROTO_VALUE (version = 9), software layout = WITNESSED_CONTAINER_DB_PROTO_VALUE (version = 9)
2025-10-17 11:01:13,091 [ForkJoinPool-1-worker-1] INFO  ha.SequenceIdGenerator (SequenceIdGenerator.java:upgradeToSequenceId(353)) - upgrade localId to 115816896921600000
2025-10-17 11:01:13,092 [ForkJoinPool-1-worker-1] INFO  ha.SequenceIdGenerator (SequenceIdGenerator.java:upgradeToSequenceId(363)) - upgrade delTxnId to 0
2025-10-17 11:01:13,097 [ForkJoinPool-1-worker-1] INFO  ha.SequenceIdGenerator (SequenceIdGenerator.java:upgradeToSequenceId(379)) - upgrade containerId to 0
2025-10-17 11:01:13,100 [ForkJoinPool-1-worker-1] INFO  ha.SequenceIdGenerator (SequenceIdGenerator.java:upgradeToCertificateSequenceId(414)) - upgrade CertificateId to 2
2025-10-17 11:01:13,101 [ForkJoinPool-1-worker-1] INFO  ha.SequenceIdGenerator (SequenceIdGenerator.java:<init>(231)) - Init the HA SequenceIdGenerator.
2025-10-17 11:01:13,139 [ForkJoinPool-1-worker-1] INFO  node.SCMNodeManager (SCMNodeManager.java:<init>(180)) - Entering startup safe mode.
2025-10-17 11:01:13,147 [ForkJoinPool-1-worker-1] INFO  algorithms.ContainerPlacementPolicyFactory (ContainerPlacementPolicyFactory.java:getPolicyInternal(83)) - Create container placement policy of type org.apache.hadoop.hdds.scm.container.placement.algorithms.SCMContainerPlacementRackAware
2025-10-17 11:01:13,151 [ForkJoinPool-1-worker-1] INFO  algorithms.ContainerPlacementPolicyFactory (ContainerPlacementPolicyFactory.java:getPolicyInternal(83)) - Create container placement policy of type org.apache.hadoop.hdds.scm.container.placement.algorithms.SCMContainerPlacementRackScatter
2025-10-17 11:01:13,157 [ForkJoinPool-1-worker-1] INFO  pipeline.PipelineStateManagerImpl (PipelineStateManagerImpl.java:initialize(75)) - No pipeline exists in current db
2025-10-17 11:01:13,166 [ForkJoinPool-1-worker-1] INFO  algorithms.LeaderChoosePolicyFactory (LeaderChoosePolicyFactory.java:getPolicy(55)) - Create leader choose policy of type org.apache.hadoop.hdds.scm.pipeline.leader.choose.algorithms.MinLeaderCountChoosePolicy
2025-10-17 11:01:13,167 [ForkJoinPool-1-worker-1] INFO  algorithms.ContainerPlacementPolicyFactory (ContainerPlacementPolicyFactory.java:getPolicyInternal(83)) - Create container placement policy of type org.apache.hadoop.hdds.scm.container.placement.algorithms.SCMContainerPlacementRackScatter
2025-10-17 11:01:13,172 [ForkJoinPool-1-worker-1] INFO  ha.SCMServiceManager (SCMServiceManager.java:register(42)) - Registering service BackgroundPipelineCreator.
2025-10-17 11:01:13,172 [ForkJoinPool-1-worker-1] INFO  pipeline.BackgroundPipelineCreator (BackgroundPipelineCreator.java:start(126)) - Starting RatisPipelineUtilsThread.
2025-10-17 11:01:13,174 [ForkJoinPool-1-worker-1] INFO  BackgroundPipelineScrubber (BackgroundSCMService.java:start(64)) - Starting BackgroundPipelineScrubber Service.
2025-10-17 11:01:13,175 [ForkJoinPool-1-worker-1] INFO  ha.SCMServiceManager (SCMServiceManager.java:register(42)) - Registering service BackgroundPipelineScrubber.
2025-10-17 11:01:13,182 [ForkJoinPool-1-worker-1] INFO  ExpiredContainerReplicaOpScrubber (BackgroundSCMService.java:start(64)) - Starting ExpiredContainerReplicaOpScrubber Service.
2025-10-17 11:01:13,182 [ForkJoinPool-1-worker-1] INFO  ha.SCMServiceManager (SCMServiceManager.java:register(42)) - Registering service ExpiredContainerReplicaOpScrubber.
2025-10-17 11:01:13,206 [ForkJoinPool-1-worker-1] INFO  algorithms.PipelineChoosePolicyFactory (PipelineChoosePolicyFactory.java:createPipelineChoosePolicyFromClass(78)) - Create pipeline choose policy of type org.apache.hadoop.hdds.scm.pipeline.choose.algorithms.RandomPipelineChoosePolicy
2025-10-17 11:01:13,206 [ForkJoinPool-1-worker-1] INFO  algorithms.PipelineChoosePolicyFactory (PipelineChoosePolicyFactory.java:createPipelineChoosePolicyFromClass(78)) - Create pipeline choose policy of type org.apache.hadoop.hdds.scm.pipeline.choose.algorithms.RandomPipelineChoosePolicy
2025-10-17 11:01:13,229 [ForkJoinPool-1-worker-1] INFO  ha.SCMServiceManager (SCMServiceManager.java:register(42)) - Registering service SCMBlockDeletingService.
2025-10-17 11:01:13,271 [ForkJoinPool-1-worker-1] INFO  replication.ReplicationManager (ReplicationManager.java:start(287)) - Starting Replication Monitor Thread.
2025-10-17 11:01:13,272 [ForkJoinPool-1-worker-1] INFO  ha.SCMServiceManager (SCMServiceManager.java:register(42)) - Registering service ReplicationManager.
2025-10-17 11:01:13,283 [ForkJoinPool-1-worker-1] INFO  safemode.SCMSafeModeManager (AbstractContainerSafeModeRule.java:initializeRule(83)) - Refreshed RATIS Containers threshold count to 0.
2025-10-17 11:01:13,284 [ForkJoinPool-1-worker-1] INFO  safemode.SCMSafeModeManager (AbstractContainerSafeModeRule.java:initializeRule(83)) - Refreshed EC Containers threshold count to 0.
2025-10-17 11:01:13,288 [ForkJoinPool-1-worker-1] INFO  safemode.HealthyPipelineSafeModeRule (HealthyPipelineSafeModeRule.java:initializeRule(230)) - Total pipeline count is 0, healthy pipeline threshold count is 1
2025-10-17 11:01:13,290 [ForkJoinPool-1-worker-1] INFO  safemode.OneReplicaPipelineSafeModeRule (OneReplicaPipelineSafeModeRule.java:initializeRule(189)) - Total pipeline count is 0, pipeline's with at least one datanode reported threshold count is 0
2025-10-17 11:01:13,349 [ForkJoinPool-1-worker-1] INFO  server.StorageContainerManager (StorageContainerManager.java:<init>(432)) - SCM start with adminUsers: [admin, runner]
2025-10-17 11:01:13,377 [ForkJoinPool-1-worker-1] INFO  audit.AuditLogger (AuditLogger.java:refreshDebugCmdSet(133)) - Refresh DebugCmdSet for SCMAudit to [].
2025-10-17 11:01:13,399 [ForkJoinPool-1-worker-1] INFO  ipc.CallQueueManager (CallQueueManager.java:<init>(93)) - Using callQueue: class java.util.concurrent.LinkedBlockingQueue, queueCapacity: 10000, scheduler: class org.apache.hadoop.ipc.DefaultRpcScheduler, ipcBackoff: false, ipcFailOver: false.
2025-10-17 11:01:13,424 [ForkJoinPool-1-worker-1] INFO  ipc.Server (Server.java:<init>(1438)) - Listener at 0.0.0.0:15002
2025-10-17 11:01:13,426 [Socket Reader #1 for port 15002] INFO  ipc.Server (Server.java:run(1474)) - Starting Socket Reader #1 for port 15002
2025-10-17 11:01:13,426 [Socket Reader #2 for port 15002] INFO  ipc.Server (Server.java:run(1474)) - Starting Socket Reader #2 for port 15002
2025-10-17 11:01:13,427 [Socket Reader #3 for port 15002] INFO  ipc.Server (Server.java:run(1474)) - Starting Socket Reader #3 for port 15002
2025-10-17 11:01:13,427 [Socket Reader #4 for port 15002] INFO  ipc.Server (Server.java:run(1474)) - Starting Socket Reader #4 for port 15002
2025-10-17 11:01:13,428 [Socket Reader #5 for port 15002] INFO  ipc.Server (Server.java:run(1474)) - Starting Socket Reader #5 for port 15002
2025-10-17 11:01:13,428 [Socket Reader #6 for port 15002] INFO  ipc.Server (Server.java:run(1474)) - Starting Socket Reader #6 for port 15002
2025-10-17 11:01:13,428 [Socket Reader #7 for port 15002] INFO  ipc.Server (Server.java:run(1474)) - Starting Socket Reader #7 for port 15002
2025-10-17 11:01:13,429 [Socket Reader #8 for port 15002] INFO  ipc.Server (Server.java:run(1474)) - Starting Socket Reader #8 for port 15002
2025-10-17 11:01:13,429 [Socket Reader #9 for port 15002] INFO  ipc.Server (Server.java:run(1474)) - Starting Socket Reader #9 for port 15002
2025-10-17 11:01:13,430 [Socket Reader #10 for port 15002] INFO  ipc.Server (Server.java:run(1474)) - Starting Socket Reader #10 for port 15002
2025-10-17 11:01:13,472 [ForkJoinPool-1-worker-1] INFO  audit.AuditLogger (AuditLogger.java:refreshDebugCmdSet(133)) - Refresh DebugCmdSet for SCMAudit to [].
2025-10-17 11:01:13,477 [ForkJoinPool-1-worker-1] INFO  ipc.CallQueueManager (CallQueueManager.java:<init>(93)) - Using callQueue: class java.util.concurrent.LinkedBlockingQueue, queueCapacity: 10000, scheduler: class org.apache.hadoop.ipc.DefaultRpcScheduler, ipcBackoff: false, ipcFailOver: false.
2025-10-17 11:01:13,477 [ForkJoinPool-1-worker-1] INFO  ipc.Server (Server.java:<init>(1438)) - Listener at 0.0.0.0:15001
2025-10-17 11:01:13,478 [Socket Reader #1 for port 15001] INFO  ipc.Server (Server.java:run(1474)) - Starting Socket Reader #1 for port 15001
2025-10-17 11:01:13,478 [Socket Reader #3 for port 15001] INFO  ipc.Server (Server.java:run(1474)) - Starting Socket Reader #3 for port 15001
2025-10-17 11:01:13,478 [Socket Reader #2 for port 15001] INFO  ipc.Server (Server.java:run(1474)) - Starting Socket Reader #2 for port 15001
2025-10-17 11:01:13,479 [Socket Reader #5 for port 15001] INFO  ipc.Server (Server.java:run(1474)) - Starting Socket Reader #5 for port 15001
2025-10-17 11:01:13,479 [Socket Reader #4 for port 15001] INFO  ipc.Server (Server.java:run(1474)) - Starting Socket Reader #4 for port 15001
2025-10-17 11:01:13,479 [Socket Reader #6 for port 15001] INFO  ipc.Server (Server.java:run(1474)) - Starting Socket Reader #6 for port 15001
2025-10-17 11:01:13,480 [Socket Reader #7 for port 15001] INFO  ipc.Server (Server.java:run(1474)) - Starting Socket Reader #7 for port 15001
2025-10-17 11:01:13,480 [Socket Reader #8 for port 15001] INFO  ipc.Server (Server.java:run(1474)) - Starting Socket Reader #8 for port 15001
2025-10-17 11:01:13,481 [Socket Reader #9 for port 15001] INFO  ipc.Server (Server.java:run(1474)) - Starting Socket Reader #9 for port 15001
2025-10-17 11:01:13,481 [Socket Reader #10 for port 15001] INFO  ipc.Server (Server.java:run(1474)) - Starting Socket Reader #10 for port 15001
2025-10-17 11:01:13,513 [ForkJoinPool-1-worker-1] INFO  audit.AuditLogger (AuditLogger.java:refreshDebugCmdSet(133)) - Refresh DebugCmdSet for SCMAudit to [].
2025-10-17 11:01:13,523 [ForkJoinPool-1-worker-1] INFO  ipc.CallQueueManager (CallQueueManager.java:<init>(93)) - Using callQueue: class java.util.concurrent.LinkedBlockingQueue, queueCapacity: 10000, scheduler: class org.apache.hadoop.ipc.DefaultRpcScheduler, ipcBackoff: false, ipcFailOver: false.
2025-10-17 11:01:13,524 [ForkJoinPool-1-worker-1] INFO  ipc.Server (Server.java:<init>(1438)) - Listener at 0.0.0.0:15000
2025-10-17 11:01:13,524 [Socket Reader #1 for port 15000] INFO  ipc.Server (Server.java:run(1474)) - Starting Socket Reader #1 for port 15000
2025-10-17 11:01:13,525 [Socket Reader #2 for port 15000] INFO  ipc.Server (Server.java:run(1474)) - Starting Socket Reader #2 for port 15000
2025-10-17 11:01:13,525 [Socket Reader #3 for port 15000] INFO  ipc.Server (Server.java:run(1474)) - Starting Socket Reader #3 for port 15000
2025-10-17 11:01:13,526 [Socket Reader #4 for port 15000] INFO  ipc.Server (Server.java:run(1474)) - Starting Socket Reader #4 for port 15000
2025-10-17 11:01:13,526 [Socket Reader #5 for port 15000] INFO  ipc.Server (Server.java:run(1474)) - Starting Socket Reader #5 for port 15000
2025-10-17 11:01:13,527 [Socket Reader #6 for port 15000] INFO  ipc.Server (Server.java:run(1474)) - Starting Socket Reader #6 for port 15000
2025-10-17 11:01:13,527 [Socket Reader #7 for port 15000] INFO  ipc.Server (Server.java:run(1474)) - Starting Socket Reader #7 for port 15000
2025-10-17 11:01:13,527 [Socket Reader #8 for port 15000] INFO  ipc.Server (Server.java:run(1474)) - Starting Socket Reader #8 for port 15000
2025-10-17 11:01:13,528 [Socket Reader #9 for port 15000] INFO  ipc.Server (Server.java:run(1474)) - Starting Socket Reader #9 for port 15000
2025-10-17 11:01:13,528 [Socket Reader #10 for port 15000] INFO  ipc.Server (Server.java:run(1474)) - Starting Socket Reader #10 for port 15000
2025-10-17 11:01:13,587 [ForkJoinPool-1-worker-1] INFO  ha.SCMServiceManager (SCMServiceManager.java:register(42)) - Registering service ContainerBalancer.
2025-10-17 11:01:13,588 [ForkJoinPool-1-worker-1] INFO  ha.SCMContext (SCMContext.java:updateSafeModeStatus(224)) - Update SafeModeStatus from SafeModeStatus{safeModeStatus=true, preCheckPassed=false} to SafeModeStatus{safeModeStatus=true, preCheckPassed=false}.
2025-10-17 11:01:13,596 [ForkJoinPool-1-worker-1] INFO  server.StorageContainerManager (StorageContainerManager.java:start(1515)) - StorageContainerLocationProtocol RPC server is listening at /0.0.0.0:15000
2025-10-17 11:01:13,597 [ForkJoinPool-1-worker-1] INFO  ha.SCMRatisServerImpl (SCMRatisServerImpl.java:start(203)) - starting ratis server 0.0.0.0:15004
2025-10-17 11:01:13,599 [069dddce-46ee-48e8-8453-914416002559-impl-thread1] INFO  storage.RaftStorageDirectory (RaftStorageDirectoryImpl.java:tryLock(229)) - Lock on /home/runner/work/ozone/ozone/hadoop-ozone/integration-test/target/test-dir/MiniOzoneClusterImpl-d1ffa5d3-3301-45c3-9f44-1ffa6967d237/scm/ratis/d1ffa5d3-3301-45c3-9f44-1ffa6967d237/in_use.lock acquired by nodename 40979@localhost
2025-10-17 11:01:13,600 [069dddce-46ee-48e8-8453-914416002559-impl-thread1] INFO  storage.RaftStorage (RaftStorageImpl.java:analyzeAndRecoverStorage(118)) - Read RaftStorageMetadata{term=1, votedFor=069dddce-46ee-48e8-8453-914416002559} from /home/runner/work/ozone/ozone/hadoop-ozone/integration-test/target/test-dir/MiniOzoneClusterImpl-d1ffa5d3-3301-45c3-9f44-1ffa6967d237/scm/ratis/d1ffa5d3-3301-45c3-9f44-1ffa6967d237/current/raft-meta
2025-10-17 11:01:13,602 [069dddce-46ee-48e8-8453-914416002559-impl-thread1] INFO  server.RaftServer$Division (ServerState.java:setRaftConf(386)) - 069dddce-46ee-48e8-8453-914416002559@group-1FFA6967D237: set configuration conf: {index: 0, cur=peers:[069dddce-46ee-48e8-8453-914416002559|localhost:15004]|listeners:[], old=null}
2025-10-17 11:01:13,603 [069dddce-46ee-48e8-8453-914416002559-impl-thread1] INFO  ha.SCMStateMachine (SCMStateMachine.java:lambda$initialize$0(135)) - 069dddce-46ee-48e8-8453-914416002559: initialize group-1FFA6967D237
2025-10-17 11:01:13,603 [069dddce-46ee-48e8-8453-914416002559-impl-thread1] INFO  server.RaftServerConfigKeys (ConfUtils.java:logGet(62)) - raft.server.log.appender.buffer.byte-limit = 4194304 (custom)
2025-10-17 11:01:13,605 [069dddce-46ee-48e8-8453-914416002559-impl-thread1] INFO  server.RaftServerConfigKeys (ConfUtils.java:logGet(62)) - raft.server.log.segment.size.max = 67108864 (custom)
2025-10-17 11:01:13,605 [069dddce-46ee-48e8-8453-914416002559-impl-thread1] INFO  server.RaftServerConfigKeys (ConfUtils.java:logGet(62)) - raft.server.log.appender.buffer.byte-limit = 4194304 (custom)
2025-10-17 11:01:13,606 [069dddce-46ee-48e8-8453-914416002559-impl-thread1] INFO  util.AwaitToRun (AwaitToRun.java:start(81)) - Thread[#116,069dddce-46ee-48e8-8453-914416002559@group-1FFA6967D237-cacheEviction-AwaitToRun,5,main] started
2025-10-17 11:01:13,606 [069dddce-46ee-48e8-8453-914416002559-impl-thread1] INFO  segmented.SegmentedRaftLogWorker (SegmentedRaftLogWorker.java:<init>(190)) - new 069dddce-46ee-48e8-8453-914416002559@group-1FFA6967D237-SegmentedRaftLogWorker for RaftStorageImpl:Storage Directory /home/runner/work/ozone/ozone/hadoop-ozone/integration-test/target/test-dir/MiniOzoneClusterImpl-d1ffa5d3-3301-45c3-9f44-1ffa6967d237/scm/ratis/d1ffa5d3-3301-45c3-9f44-1ffa6967d237
2025-10-17 11:01:13,606 [069dddce-46ee-48e8-8453-914416002559-impl-thread1] INFO  server.RaftServerConfigKeys (ConfUtils.java:logGet(62)) - raft.server.log.segment.size.max = 67108864 (custom)
2025-10-17 11:01:13,606 [069dddce-46ee-48e8-8453-914416002559-impl-thread1] INFO  server.RaftServerConfigKeys (ConfUtils.java:logGet(62)) - raft.server.log.preallocated.size = 4194304 (custom)
2025-10-17 11:01:13,607 [069dddce-46ee-48e8-8453-914416002559-impl-thread1] INFO  server.RaftServerConfigKeys (ConfUtils.java:logGet(62)) - raft.server.log.write.buffer.size = 4194312 (custom)
2025-10-17 11:01:13,609 [069dddce-46ee-48e8-8453-914416002559-impl-thread1] INFO  server.RaftServerConfigKeys (ConfUtils.java:logGet(62)) - raft.server.log.appender.buffer.byte-limit = 4194304 (custom)
2025-10-17 11:01:13,613 [069dddce-46ee-48e8-8453-914416002559-impl-thread1] INFO  server.RaftServer$Division (ServerState.java:setRaftConf(386)) - 069dddce-46ee-48e8-8453-914416002559@group-1FFA6967D237: set configuration conf: {index: 0, cur=peers:[069dddce-46ee-48e8-8453-914416002559|localhost:15004]|listeners:[], old=null}
2025-10-17 11:01:13,614 [069dddce-46ee-48e8-8453-914416002559-impl-thread1] INFO  segmented.LogSegment (LogSegment.java:loadSegment(171)) - Successfully read 1 entries from segment file /home/runner/work/ozone/ozone/hadoop-ozone/integration-test/target/test-dir/MiniOzoneClusterImpl-d1ffa5d3-3301-45c3-9f44-1ffa6967d237/scm/ratis/d1ffa5d3-3301-45c3-9f44-1ffa6967d237/current/log_inprogress_0
2025-10-17 11:01:13,614 [069dddce-46ee-48e8-8453-914416002559-impl-thread1] INFO  segmented.SegmentedRaftLogWorker (SegmentedRaftLogWorker.java:lambda$new$0(141)) - 069dddce-46ee-48e8-8453-914416002559@group-1FFA6967D237-SegmentedRaftLogWorker: safeCacheEvictIndex: setUnconditionally 0 -> -1
2025-10-17 11:01:13,614 [069dddce-46ee-48e8-8453-914416002559-impl-thread1] INFO  segmented.BufferedWriteChannel (BufferedWriteChannel.java:open(61)) - open log_inprogress_0 (append) at position 76
2025-10-17 11:01:13,615 [069dddce-46ee-48e8-8453-914416002559-impl-thread1] INFO  server.RaftServer$Division (RaftServerImpl.java:start(405)) - 069dddce-46ee-48e8-8453-914416002559@group-1FFA6967D237: start as a follower, conf=conf: {index: 0, cur=peers:[069dddce-46ee-48e8-8453-914416002559|localhost:15004]|listeners:[], old=null}
2025-10-17 11:01:13,615 [069dddce-46ee-48e8-8453-914416002559-impl-thread1] INFO  server.RaftServer$Division (RaftServerImpl.java:setRole(392)) - 069dddce-46ee-48e8-8453-914416002559@group-1FFA6967D237: changes role from      null to FOLLOWER at term 1 for startAsFollower
2025-10-17 11:01:13,615 [069dddce-46ee-48e8-8453-914416002559-impl-thread1] INFO  impl.RoleInfo (RoleInfo.java:updateAndGet(148)) - 069dddce-46ee-48e8-8453-914416002559: start 069dddce-46ee-48e8-8453-914416002559@group-1FFA6967D237-FollowerState
2025-10-17 11:01:13,617 [069dddce-46ee-48e8-8453-914416002559-impl-thread1] INFO  util.JmxRegister (JmxRegister.java:tryRegister(44)) - Successfully registered JMX Bean with object name Ratis:service=RaftServer,group=group-1FFA6967D237,id=069dddce-46ee-48e8-8453-914416002559
2025-10-17 11:01:13,617 [069dddce-46ee-48e8-8453-914416002559-impl-thread1] INFO  util.JmxRegister (JmxRegister.java:register(58)) - register mxBean class org.apache.ratis.server.impl.RaftServerJmxAdapter as Ratis:service=RaftServer,group=group-1FFA6967D237,id=069dddce-46ee-48e8-8453-914416002559
2025-10-17 11:01:13,618 [069dddce-46ee-48e8-8453-914416002559-impl-thread1] INFO  server.RaftServer$Division (RaftServerImpl.java:start(419)) - 069dddce-46ee-48e8-8453-914416002559@group-1FFA6967D237: Successfully started.
2025-10-17 11:01:13,618 [ForkJoinPool-1-worker-1] INFO  server.RaftServer (RaftServerProxy.java:startImpl(412)) - 069dddce-46ee-48e8-8453-914416002559: start RPC server
2025-10-17 11:01:13,619 [ForkJoinPool-1-worker-1] INFO  server.GrpcServicesImpl (GrpcServicesImpl.java:startImpl(346)) - 069dddce-46ee-48e8-8453-914416002559: GrpcServicesImpl started, listening on 15004
2025-10-17 11:01:13,620 [JvmPauseMonitor1] INFO  util.JvmPauseMonitor (JvmPauseMonitor.java:run(146)) - JvmPauseMonitor-069dddce-46ee-48e8-8453-914416002559: Started
2025-10-17 11:01:13,628 [ForkJoinPool-1-worker-1] INFO  ha.SCMHAManagerImpl (SCMHAManagerImpl.java:start(131)) -  scm role is FOLLOWER peers [069dddce-46ee-48e8-8453-914416002559|localhost:15004]
2025-10-17 11:01:13,628 [ForkJoinPool-1-worker-1] INFO  ha.InterSCMGrpcService (InterSCMGrpcProtocolService.java:start(98)) - Starting SCM Grpc Service at port 15005
2025-10-17 11:01:13,630 [ForkJoinPool-1-worker-1] INFO  SCMHATransactionMonitor (BackgroundSCMService.java:start(64)) - Starting SCMHATransactionMonitor Service.
2025-10-17 11:01:13,630 [ForkJoinPool-1-worker-1] INFO  ha.SCMServiceManager (SCMServiceManager.java:register(42)) - Registering service SCMHATransactionMonitor.
2025-10-17 11:01:13,630 [ForkJoinPool-1-worker-1] INFO  SCMHATransactionMonitor (BackgroundSCMService.java:start(61)) - SCMHATransactionMonitor Service is already running, skip start.
2025-10-17 11:01:13,748 [ForkJoinPool-1-worker-1] INFO  server.SCMClientProtocolServer (SCMClientProtocolServer.java:start(208)) - RPC server for Client  is listening at /0.0.0.0:15000
2025-10-17 11:01:13,749 [IPC Server listener on 15000] INFO  ipc.Server (Server.java:run(1553)) - IPC Server listener on 15000: starting
2025-10-17 11:01:13,749 [IPC Server Responder] INFO  ipc.Server (Server.java:run(1713)) - IPC Server Responder: starting
2025-10-17 11:01:13,762 [ForkJoinPool-1-worker-1] INFO  server.StorageContainerManager (StorageContainerManager.java:start(1528)) - ScmBlockLocationProtocol RPC server is listening at /0.0.0.0:15001
2025-10-17 11:01:13,763 [ForkJoinPool-1-worker-1] INFO  server.SCMBlockProtocolServer (SCMBlockProtocolServer.java:start(166)) - RPC server for Block Protocol is listening at /0.0.0.0:15001
2025-10-17 11:01:13,763 [IPC Server Responder] INFO  ipc.Server (Server.java:run(1713)) - IPC Server Responder: starting
2025-10-17 11:01:13,764 [IPC Server listener on 15001] INFO  ipc.Server (Server.java:run(1553)) - IPC Server listener on 15001: starting
2025-10-17 11:01:13,778 [ForkJoinPool-1-worker-1] INFO  utils.BackgroundService (BackgroundService.java:start(119)) - Starting service SCMBlockDeletingService with interval 60000 milliseconds
2025-10-17 11:01:13,789 [ForkJoinPool-1-worker-1] INFO  http.BaseHttpServer (BaseHttpServer.java:newHttpServer2BuilderForOzone(227)) - Starting Web-server for scm at: http://0.0.0.0:15003
2025-10-17 11:01:13,789 [ForkJoinPool-1-worker-1] INFO  http.BaseHttpServer (BaseHttpServer.java:<init>(105)) - Hadoop Security Enabled: false Ozone Security Enabled: false Ozone HTTP Security Enabled: false 
2025-10-17 11:01:13,809 [ForkJoinPool-1-worker-1] INFO  util.log (Log.java:initialized(170)) - Logging initialized @7336ms to org.eclipse.jetty.util.log.Slf4jLog
2025-10-17 11:01:13,876 [ForkJoinPool-1-worker-1] WARN  server.AuthenticationFilter (AuthenticationFilter.java:constructSecretProvider(240)) - Unable to initialize FileSignerSecretProvider, falling back to use random secrets. Reason: Could not read signature secret file: /home/runner/hadoop-http-auth-signature-secret
2025-10-17 11:01:13,898 [ForkJoinPool-1-worker-1] INFO  http.HttpServer2 (HttpServer2.java:addGlobalFilter(1040)) - Added global filter 'safety' (class=org.apache.hadoop.hdds.server.http.HttpServer2$QuotingInputFilter)
2025-10-17 11:01:13,901 [ForkJoinPool-1-worker-1] INFO  http.HttpServer2 (HttpServer2.java:addFilter(1016)) - Added filter static_user_filter (class=org.apache.hadoop.http.lib.StaticUserWebFilter$StaticUserFilter) to context scm
2025-10-17 11:01:13,901 [ForkJoinPool-1-worker-1] INFO  http.HttpServer2 (HttpServer2.java:addFilter(1024)) - Added filter static_user_filter (class=org.apache.hadoop.http.lib.StaticUserWebFilter$StaticUserFilter) to context static
2025-10-17 11:01:13,901 [ForkJoinPool-1-worker-1] INFO  http.HttpServer2 (HttpServer2.java:addFilter(1024)) - Added filter static_user_filter (class=org.apache.hadoop.http.lib.StaticUserWebFilter$StaticUserFilter) to context logs
2025-10-17 11:01:13,923 [ForkJoinPool-1-worker-1] INFO  http.BaseHttpServer (BaseHttpServer.java:<init>(193)) - HTTP server of scm uses base directory /home/runner/work/ozone/ozone/hadoop-ozone/integration-test/target/test-dir/MiniOzoneClusterImpl-d1ffa5d3-3301-45c3-9f44-1ffa6967d237/scm/ozone-metadata/webserver
2025-10-17 11:01:13,923 [ForkJoinPool-1-worker-1] INFO  http.HttpServer2 (HttpServer2.java:bindListener(1240)) - Jetty bound to port 15003
2025-10-17 11:01:13,924 [ForkJoinPool-1-worker-1] INFO  server.Server (Server.java:doStart(375)) - jetty-9.4.58.v20250814; built: 2025-08-14T02:28:49.637Z; git: 8f1440587e9e4ae7db3d74cf205643f3d707148d; jvm 21.0.8+9-LTS
2025-10-17 11:01:13,939 [ForkJoinPool-1-worker-1] INFO  server.session (DefaultSessionIdManager.java:doStart(334)) - DefaultSessionIdManager workerName=node0
2025-10-17 11:01:13,939 [ForkJoinPool-1-worker-1] INFO  server.session (DefaultSessionIdManager.java:doStart(339)) - No SessionScavenger set, using defaults
2025-10-17 11:01:13,940 [ForkJoinPool-1-worker-1] INFO  server.session (HouseKeeper.java:startScavenging(132)) - node0 Scavenging every 600000ms
2025-10-17 11:01:13,947 [ForkJoinPool-1-worker-1] INFO  handler.ContextHandler (ContextHandler.java:doStart(921)) - Started o.e.j.s.ServletContextHandler@409eb9a5{logs,/logs,file:///home/runner/work/ozone/ozone/hadoop-ozone/integration-test/target/log,AVAILABLE}
2025-10-17 11:01:13,948 [ForkJoinPool-1-worker-1] INFO  handler.ContextHandler (ContextHandler.java:doStart(921)) - Started o.e.j.s.ServletContextHandler@276ae013{static,/static,file:///home/runner/work/ozone/ozone/hadoop-ozone/integration-test/target/test-classes/webapps/static,AVAILABLE}
2025-10-17 11:01:13,978 [ForkJoinPool-1-worker-1] INFO  handler.ContextHandler (ContextHandler.java:doStart(921)) - Started o.e.j.w.WebAppContext@4178cf9f{scm,/,file:///home/runner/work/ozone/ozone/hadoop-ozone/integration-test/target/test-classes/webapps/scm/,AVAILABLE}{file:/home/runner/work/ozone/ozone/hadoop-ozone/integration-test/target/test-classes/webapps/scm}
2025-10-17 11:01:13,983 [ForkJoinPool-1-worker-1] INFO  server.AbstractConnector (AbstractConnector.java:doStart(333)) - Started ServerConnector@16c8d405{HTTP/1.1, (http/1.1)}{0.0.0.0:15003}
2025-10-17 11:01:13,984 [ForkJoinPool-1-worker-1] INFO  server.Server (Server.java:doStart(415)) - Started @7511ms
2025-10-17 11:01:13,985 [ForkJoinPool-1-worker-1] INFO  impl.MetricsSinkAdapter (MetricsSinkAdapter.java:start(204)) - Sink prometheus started
2025-10-17 11:01:13,986 [ForkJoinPool-1-worker-1] INFO  http.BaseHttpServer (BaseHttpServer.java:updateConnectorAddress(357)) - HTTP server of scm listening at http://localhost:15003
2025-10-17 11:01:14,002 [ForkJoinPool-1-worker-1] INFO  ha.OMHANodeDetails (OMHANodeDetails.java:loadOMHAConfig(114)) - ozone.om.internal.service.id is not defined, falling back to ozone.om.service.ids to find serviceID for OzoneManager if it is HA enabled cluster
2025-10-17 11:01:14,005 [ForkJoinPool-1-worker-1] INFO  ha.OMHANodeDetails (OMHANodeDetails.java:loadOMHAConfig(228)) - Configuration does not have ozone.om.address set. Falling back to the default OM address /127.0.0.1:15006
2025-10-17 11:01:14,006 [ForkJoinPool-1-worker-1] INFO  ha.OMHANodeDetails (OMHANodeDetails.java:getOMNodeDetailsForNonHA(262)) - OM Service ID is not set. Setting it to the default ID: omServiceIdDefault
2025-10-17 11:01:14,006 [ForkJoinPool-1-worker-1] INFO  ha.OMHANodeDetails (OMHANodeDetails.java:getOMNodeDetailsForNonHA(269)) - OM Node ID is not set. Setting it to the default ID: om1
2025-10-17 11:01:14,012 [ForkJoinPool-1-worker-1] INFO  upgrade.AbstractLayoutVersionManager (AbstractLayoutVersionManager.java:init(80)) - Initializing Layout version manager with metadata layout = DELEGATION_TOKEN_SYMMETRIC_SIGN (version = 8), software layout = DELEGATION_TOKEN_SYMMETRIC_SIGN (version = 8)
2025-10-17 11:01:14,136 [ForkJoinPool-1-worker-1] INFO  reflections.Reflections (Reflections.java:scan(219)) - Reflections took 122 ms to scan 2 urls, producing 220 keys and 641 values
2025-10-17 11:01:14,140 [ForkJoinPool-1-worker-1] INFO  upgrade.OMLayoutVersionManager (OMLayoutVersionManager.java:lambda$0(110)) - Skipping Upgrade Action QuotaRepairUpgradeAction since it has been finalized.
2025-10-17 11:01:14,141 [ForkJoinPool-1-worker-1] INFO  upgrade.OMLayoutVersionManager (OMLayoutVersionManager.java:lambda$0(110)) - Skipping Upgrade Action MockOmUpgradeAction since it has been finalized.
2025-10-17 11:01:14,148 [ForkJoinPool-1-worker-1] INFO  om.OzoneManager (OzoneManager.java:setReplicationFromConfig(4665)) - Set default replication in OM: RATIS/3 -> RATIS/THREE
2025-10-17 11:01:14,154 [ForkJoinPool-1-worker-1] INFO  proxy.SCMContainerLocationFailoverProxyProvider (SCMFailoverProxyProviderBase.java:<init>(120)) - Created fail-over proxy for protocol StorageContainerLocationProtocolPB with 1 nodes: [nodeId=scmNodeId,nodeAddress=/0.0.0.0:15000]
2025-10-17 11:01:14,188 [ForkJoinPool-1-worker-1] INFO  proxy.SCMBlockLocationFailoverProxyProvider (SCMFailoverProxyProviderBase.java:<init>(120)) - Created fail-over proxy for protocol ScmBlockLocationProtocolPB with 1 nodes: [nodeId=scmNodeId,nodeAddress=/0.0.0.0:15001]
2025-10-17 11:01:14,277 [ForkJoinPool-1-worker-1] INFO  om.OzoneManager (OzoneManager.java:<init>(687)) - OM start with adminUsers: [admin, runner]
2025-10-17 11:01:14,426 [ForkJoinPool-1-worker-1] INFO  utils.NativeLibraryLoader (NativeLibraryLoader.java:loadLibrary(120)) - Loading Library: ozone_rocksdb_tools
2025-10-17 11:01:14,654 [069dddce-46ee-48e8-8453-914416002559@group-1FFA6967D237-FollowerState] INFO  impl.FollowerState (FollowerState.java:runImpl(161)) - 069dddce-46ee-48e8-8453-914416002559@group-1FFA6967D237-FollowerState: change to CANDIDATE, lastRpcElapsedTime:1038958792ns, electionTimeout:1038ms
2025-10-17 11:01:14,654 [069dddce-46ee-48e8-8453-914416002559@group-1FFA6967D237-FollowerState] INFO  impl.RoleInfo (RoleInfo.java:shutdownFollowerState(121)) - 069dddce-46ee-48e8-8453-914416002559: shutdown 069dddce-46ee-48e8-8453-914416002559@group-1FFA6967D237-FollowerState
2025-10-17 11:01:14,655 [069dddce-46ee-48e8-8453-914416002559@group-1FFA6967D237-FollowerState] INFO  server.RaftServer$Division (RaftServerImpl.java:setRole(392)) - 069dddce-46ee-48e8-8453-914416002559@group-1FFA6967D237: changes role from  FOLLOWER to CANDIDATE at term 1 for changeToCandidate
2025-10-17 11:01:14,655 [069dddce-46ee-48e8-8453-914416002559@group-1FFA6967D237-FollowerState] INFO  impl.RoleInfo (RoleInfo.java:updateAndGet(148)) - 069dddce-46ee-48e8-8453-914416002559: start 069dddce-46ee-48e8-8453-914416002559@group-1FFA6967D237-LeaderElection2
2025-10-17 11:01:14,655 [069dddce-46ee-48e8-8453-914416002559@group-1FFA6967D237-LeaderElection2] INFO  impl.LeaderElection (LeaderElection.java:askForVotes(448)) - 069dddce-46ee-48e8-8453-914416002559@group-1FFA6967D237-LeaderElection2 PRE_VOTE round 0: submit vote requests at term 1 for conf: {index: 0, cur=peers:[069dddce-46ee-48e8-8453-914416002559|localhost:15004]|listeners:[], old=null}
2025-10-17 11:01:14,656 [069dddce-46ee-48e8-8453-914416002559@group-1FFA6967D237-LeaderElection2] INFO  impl.LeaderElection (LeaderElection.java:askForVotes(450)) - 069dddce-46ee-48e8-8453-914416002559@group-1FFA6967D237-LeaderElection2 PRE_VOTE round 0: result PASSED (term=1)
2025-10-17 11:01:14,657 [069dddce-46ee-48e8-8453-914416002559@group-1FFA6967D237-LeaderElection2] INFO  impl.LeaderElection (LeaderElection.java:askForVotes(448)) - 069dddce-46ee-48e8-8453-914416002559@group-1FFA6967D237-LeaderElection2 ELECTION round 0: submit vote requests at term 2 for conf: {index: 0, cur=peers:[069dddce-46ee-48e8-8453-914416002559|localhost:15004]|listeners:[], old=null}
2025-10-17 11:01:14,657 [069dddce-46ee-48e8-8453-914416002559@group-1FFA6967D237-LeaderElection2] INFO  impl.LeaderElection (LeaderElection.java:askForVotes(450)) - 069dddce-46ee-48e8-8453-914416002559@group-1FFA6967D237-LeaderElection2 ELECTION round 0: result PASSED (term=2)
2025-10-17 11:01:14,657 [069dddce-46ee-48e8-8453-914416002559@group-1FFA6967D237-LeaderElection2] INFO  impl.RoleInfo (RoleInfo.java:shutdownLeaderElection(141)) - 069dddce-46ee-48e8-8453-914416002559: shutdown 069dddce-46ee-48e8-8453-914416002559@group-1FFA6967D237-LeaderElection2
2025-10-17 11:01:14,657 [069dddce-46ee-48e8-8453-914416002559@group-1FFA6967D237-LeaderElection2] INFO  server.RaftServer$Division (RaftServerImpl.java:setRole(392)) - 069dddce-46ee-48e8-8453-914416002559@group-1FFA6967D237: changes role from CANDIDATE to LEADER at term 2 for changeToLeader
2025-10-17 11:01:14,658 [069dddce-46ee-48e8-8453-914416002559@group-1FFA6967D237-LeaderElection2] INFO  server.RaftServerConfigKeys (ConfUtils.java:logFallback(69)) - raft.server.staging.timeout = 15600ms (fallback to raft.server.rpc.timeout.max)
2025-10-17 11:01:14,659 [069dddce-46ee-48e8-8453-914416002559@group-1FFA6967D237-LeaderElection2] INFO  impl.RoleInfo (RoleInfo.java:updateAndGet(148)) - 069dddce-46ee-48e8-8453-914416002559: start 069dddce-46ee-48e8-8453-914416002559@group-1FFA6967D237-LeaderStateImpl
2025-10-17 11:01:14,659 [069dddce-46ee-48e8-8453-914416002559@group-1FFA6967D237-LeaderElection2] INFO  server.RaftServer$Division (RaftServerImpl.java:setFirstElection(576)) - 069dddce-46ee-48e8-8453-914416002559@group-1FFA6967D237: set firstElectionSinceStartup to false for becomeLeader
2025-10-17 11:01:14,659 [069dddce-46ee-48e8-8453-914416002559@group-1FFA6967D237-LeaderElection2] INFO  ha.SCMStateMachine (SCMStateMachine.java:notifyLeaderChanged(293)) - current SCM becomes leader of term 2.
2025-10-17 11:01:14,659 [069dddce-46ee-48e8-8453-914416002559@group-1FFA6967D237-LeaderElection2] INFO  ha.SCMContext (SCMContext.java:updateLeaderAndTerm(95)) - update <isLeader,term> from <false,0> to <true,2>
2025-10-17 11:01:14,661 [069dddce-46ee-48e8-8453-914416002559@group-1FFA6967D237-LeaderElection2] INFO  server.RaftServer$Division (ServerState.java:setLeader(272)) - 069dddce-46ee-48e8-8453-914416002559@group-1FFA6967D237: change Leader from null to 069dddce-46ee-48e8-8453-914416002559 at term 2 for becomeLeader, leader elected after 1620ms
2025-10-17 11:01:14,662 [069dddce-46ee-48e8-8453-914416002559@group-1FFA6967D237-LeaderElection2] INFO  segmented.SegmentedRaftLogWorker (SegmentedRaftLogWorker.java:rollLogSegment(445)) - 069dddce-46ee-48e8-8453-914416002559@group-1FFA6967D237-SegmentedRaftLogWorker: Rolling segment log-0_0 to index:0
2025-10-17 11:01:14,663 [069dddce-46ee-48e8-8453-914416002559@group-1FFA6967D237-SegmentedRaftLogWorker] INFO  segmented.SegmentedRaftLogWorker (SegmentedRaftLogWorker.java:execute(604)) - 069dddce-46ee-48e8-8453-914416002559@group-1FFA6967D237-SegmentedRaftLogWorker: Rolled log segment from /home/runner/work/ozone/ozone/hadoop-ozone/integration-test/target/test-dir/MiniOzoneClusterImpl-d1ffa5d3-3301-45c3-9f44-1ffa6967d237/scm/ratis/d1ffa5d3-3301-45c3-9f44-1ffa6967d237/current/log_inprogress_0 to /home/runner/work/ozone/ozone/hadoop-ozone/integration-test/target/test-dir/MiniOzoneClusterImpl-d1ffa5d3-3301-45c3-9f44-1ffa6967d237/scm/ratis/d1ffa5d3-3301-45c3-9f44-1ffa6967d237/current/log_0-0
2025-10-17 11:01:14,663 [069dddce-46ee-48e8-8453-914416002559@group-1FFA6967D237-LeaderElection2] INFO  server.RaftServer$Division (ServerState.java:setRaftConf(386)) - 069dddce-46ee-48e8-8453-914416002559@group-1FFA6967D237: set configuration conf: {index: 1, cur=peers:[069dddce-46ee-48e8-8453-914416002559|localhost:15004]|listeners:[], old=null}
2025-10-17 11:01:14,665 [069dddce-46ee-48e8-8453-914416002559@group-1FFA6967D237-SegmentedRaftLogWorker] INFO  segmented.BufferedWriteChannel (BufferedWriteChannel.java:open(61)) - open log_inprogress_1 at position 0
2025-10-17 11:01:14,669 [069dddce-46ee-48e8-8453-914416002559@group-1FFA6967D237-SegmentedRaftLogWorker] INFO  segmented.SegmentedRaftLogWorker (SegmentedRaftLogWorker.java:execute(647)) - 069dddce-46ee-48e8-8453-914416002559@group-1FFA6967D237-SegmentedRaftLogWorker: created new log segment /home/runner/work/ozone/ozone/hadoop-ozone/integration-test/target/test-dir/MiniOzoneClusterImpl-d1ffa5d3-3301-45c3-9f44-1ffa6967d237/scm/ratis/d1ffa5d3-3301-45c3-9f44-1ffa6967d237/current/log_inprogress_1
2025-10-17 11:01:14,671 [069dddce-46ee-48e8-8453-914416002559@group-1FFA6967D237-StateMachineUpdater] INFO  server.RaftServer$Division (LeaderStateImpl.java:checkStartIndex(309)) - Leader 069dddce-46ee-48e8-8453-914416002559@group-1FFA6967D237-LeaderStateImpl is ready since appliedIndex == startIndex == 1
2025-10-17 11:01:14,671 [069dddce-46ee-48e8-8453-914416002559@group-1FFA6967D237-StateMachineUpdater] INFO  ha.SCMContext (SCMContext.java:setLeaderReady(122)) - update <isLeaderReady> from <false> to <true>
2025-10-17 11:01:14,672 [069dddce-46ee-48e8-8453-914416002559@group-1FFA6967D237-StateMachineUpdater] INFO  pipeline.BackgroundPipelineCreator (BackgroundPipelineCreator.java:notifyStatusChanged(268)) - Service BackgroundPipelineCreator transitions to RUNNING.
2025-10-17 11:01:14,672 [069dddce-46ee-48e8-8453-914416002559@group-1FFA6967D237-StateMachineUpdater] INFO  safemode.SCMSafeModeManager (AbstractContainerSafeModeRule.java:initializeRule(83)) - Refreshed RATIS Containers threshold count to 0.
2025-10-17 11:01:14,673 [069dddce-46ee-48e8-8453-914416002559@group-1FFA6967D237-StateMachineUpdater] INFO  safemode.HealthyPipelineSafeModeRule (HealthyPipelineSafeModeRule.java:initializeRule(226)) - Refreshed total pipeline count is 0, healthy pipeline threshold count is 1
2025-10-17 11:01:14,673 [069dddce-46ee-48e8-8453-914416002559@group-1FFA6967D237-StateMachineUpdater] INFO  safemode.OneReplicaPipelineSafeModeRule (OneReplicaPipelineSafeModeRule.java:initializeRule(185)) - Refreshed Total pipeline count is 0, pipeline's with at least one datanode reported threshold count is 0
2025-10-17 11:01:14,673 [069dddce-46ee-48e8-8453-914416002559@group-1FFA6967D237-StateMachineUpdater] INFO  safemode.SCMSafeModeManager (AbstractContainerSafeModeRule.java:initializeRule(83)) - Refreshed EC Containers threshold count to 0.
2025-10-17 11:01:14,673 [069dddce-46ee-48e8-8453-914416002559@group-1FFA6967D237-StateMachineUpdater] INFO  server.SCMDatanodeProtocolServer (SCMDatanodeProtocolServer.java:start(195)) - ScmDatanodeProtocol RPC server for DataNodes is listening at /0.0.0.0:15002
2025-10-17 11:01:14,674 [IPC Server Responder] INFO  ipc.Server (Server.java:run(1713)) - IPC Server Responder: starting
2025-10-17 11:01:14,674 [IPC Server listener on 15002] INFO  ipc.Server (Server.java:run(1553)) - IPC Server listener on 15002: starting
2025-10-17 11:01:14,681 [ForkJoinPool-1-worker-1] INFO  om.OzoneManager (OzoneManager.java:instantiateServices(931)) - S3 Multi-Tenancy is disabled
2025-10-17 11:01:14,690 [ForkJoinPool-1-worker-1] INFO  security.OzoneSecretStore (OzoneSecretStore.java:loadState(58)) - Loaded 0 tokens
2025-10-17 11:01:14,690 [ForkJoinPool-1-worker-1] INFO  security.OzoneDelegationTokenSecretManager (OzoneDelegationTokenSecretManager.java:loadTokenSecretState(517)) - Loading token state into token manager.
2025-10-17 11:01:14,706 [ForkJoinPool-1-worker-1] INFO  acl.OzoneAuthorizerFactory (OzoneAuthorizerFactory.java:create(69)) - om1: Authorizer for OM is class org.apache.hadoop.ozone.security.acl.OzoneNativeAuthorizer
2025-10-17 11:01:14,718 [ForkJoinPool-1-worker-1] INFO  om.OmSnapshotManager (OmSnapshotManager.java:<init>(202)) - Ozone filesystem snapshot feature is enabled.
2025-10-17 11:01:14,757 [ForkJoinPool-1-worker-1] INFO  utils.BackgroundService (BackgroundService.java:start(119)) - Starting service SnapshotDiffCleanupService with interval 60000 milliseconds
2025-10-17 11:01:14,800 [ForkJoinPool-1-worker-1] INFO  om.OzoneManager (OzoneManager.java:addS3GVolumeToDB(4723)) - Created Volume s3v With Owner runner required for S3Gateway operations.
2025-10-17 11:01:14,879 [ForkJoinPool-1-worker-1] WARN  dropwizard3.Dm3MetricRegistriesImpl (Dm3MetricRegistriesImpl.java:addReporterRegistration(114)) - New reporters are added after registries were created. Some metrics will be missing from the reporter. Please add reporter before adding any new registry.
2025-10-17 11:01:14,880 [ForkJoinPool-1-worker-1] WARN  dropwizard3.Dm3MetricRegistriesImpl (Dm3MetricRegistriesImpl.java:addReporterRegistration(114)) - New reporters are added after registries were created. Some metrics will be missing from the reporter. Please add reporter before adding any new registry.
2025-10-17 11:01:14,881 [ForkJoinPool-1-worker-1] INFO  server.RaftServerConfigKeys (ConfUtils.java:logGet(62)) - raft.server.log.appender.buffer.byte-limit = 4194304 (custom)
2025-10-17 11:01:14,882 [ForkJoinPool-1-worker-1] INFO  ratis.OzoneManagerRatisServer (OzoneManagerRatisServer.java:<init>(169)) - Instantiating OM Ratis server with groupID: omServiceIdDefault and peers: localhost:15009
2025-10-17 11:01:14,909 [ForkJoinPool-1-worker-1] INFO  audit.AuditLogger (AuditLogger.java:refreshDebugCmdSet(133)) - Refresh DebugCmdSet for OMSystemAudit to [].
2025-10-17 11:01:14,910 [ForkJoinPool-1-worker-1] INFO  ratis.OzoneManagerStateMachine (OzoneManagerStateMachine.java:loadSnapshotInfoFromDB(649)) - TransactionInfo not found in OM DB.
2025-10-17 11:01:14,951 [ForkJoinPool-1-worker-1] INFO  grpc.GrpcConfigKeys (ConfUtils.java:logFallback(69)) - raft.grpc.admin.host = null (fallback to raft.grpc.server.host)
2025-10-17 11:01:14,951 [ForkJoinPool-1-worker-1] INFO  grpc.GrpcConfigKeys (ConfUtils.java:logFallback(69)) - raft.grpc.admin.port = 15009 (fallback to raft.grpc.server.port)
2025-10-17 11:01:14,951 [ForkJoinPool-1-worker-1] INFO  grpc.GrpcConfigKeys (ConfUtils.java:logFallback(69)) - raft.grpc.client.host = null (fallback to raft.grpc.server.host)
2025-10-17 11:01:14,951 [ForkJoinPool-1-worker-1] INFO  grpc.GrpcConfigKeys (ConfUtils.java:logFallback(69)) - raft.grpc.client.port = 15009 (fallback to raft.grpc.server.port)
2025-10-17 11:01:14,951 [ForkJoinPool-1-worker-1] INFO  grpc.GrpcConfigKeys (ConfUtils.java:logGet(62)) - raft.grpc.server.port = 15009 (custom)
2025-10-17 11:01:14,952 [ForkJoinPool-1-worker-1] INFO  server.GrpcServicesImpl (ConfUtils.java:logGet(62)) - raft.grpc.message.size.max = 5242880 (custom)
2025-10-17 11:01:14,952 [ForkJoinPool-1-worker-1] INFO  server.RaftServerConfigKeys (ConfUtils.java:logGet(62)) - raft.server.rpc.request.timeout = 3000ms (default)
2025-10-17 11:01:14,952 [ForkJoinPool-1-worker-1] INFO  server.RaftServerConfigKeys (ConfUtils.java:logGet(62)) - raft.server.log.appender.buffer.byte-limit = 4194304 (custom)
2025-10-17 11:01:14,953 [ForkJoinPool-1-worker-1] INFO  server.RaftServerConfigKeys (ConfUtils.java:logGet(62)) - raft.server.storage.dir = [/home/runner/work/ozone/ozone/hadoop-ozone/integration-test/target/test-dir/MiniOzoneClusterImpl-d1ffa5d3-3301-45c3-9f44-1ffa6967d237/om/ratis] (custom)
2025-10-17 11:01:14,954 [ForkJoinPool-1-worker-1] INFO  server.RaftServer (RaftServerProxy.java:addNew(105)) - om1: addNew group-C5BA1605619E:[om1|localhost:15009] returns group-C5BA1605619E:java.util.concurrent.CompletableFuture@4318067e[Not completed]
2025-10-17 11:01:14,954 [om1-groupManagement] INFO  server.RaftServer$Division (RaftServerImpl.java:<init>(268)) - om1: new RaftServerImpl for group-C5BA1605619E:[om1|localhost:15009] with OzoneManagerStateMachine:uninitialized
2025-10-17 11:01:14,954 [om1-groupManagement] INFO  server.RaftServerConfigKeys (ConfUtils.java:logGet(62)) - raft.server.rpc.timeout.min = 1s (custom)
2025-10-17 11:01:14,954 [om1-groupManagement] INFO  server.RaftServerConfigKeys (ConfUtils.java:logGet(62)) - raft.server.rpc.timeout.max = 1200ms (custom)
2025-10-17 11:01:14,954 [ForkJoinPool-1-worker-1] INFO  om.OzoneManager (OzoneManager.java:initializeRatisServer(2342)) - OzoneManager Ratis server initialized at port 15009
2025-10-17 11:01:14,955 [om1-groupManagement] INFO  server.RaftServer$Division (ServerState.java:<init>(114)) - om1@group-C5BA1605619E: ConfigurationManager, init=conf: {index: -1, cur=peers:[om1|localhost:15009]|listeners:[], old=null}, confs=<EMPTY_MAP>
2025-10-17 11:01:14,955 [om1-groupManagement] INFO  server.RaftServerConfigKeys (ConfUtils.java:logGet(62)) - raft.server.notification.no-leader.timeout = 120s (custom)
2025-10-17 11:01:14,955 [om1-groupManagement] INFO  server.RaftServerConfigKeys (ConfUtils.java:logGet(62)) - raft.server.retrycache.expirytime = 300s (custom)
2025-10-17 11:01:14,959 [ForkJoinPool-1-worker-1] INFO  om.OzoneManager (OzoneManager.java:getRpcServer(1394)) - Creating RPC Server
2025-10-17 11:01:15,747 [ForkJoinPool-1-worker-1] INFO  reflections.Reflections (Reflections.java:scan(219)) - Reflections took 762 ms to scan 25 urls, producing 62 keys and 7991 values
2025-10-17 11:01:15,910 [ForkJoinPool-1-worker-1] INFO  ipc.CallQueueManager (CallQueueManager.java:<init>(93)) - Using callQueue: class java.util.concurrent.LinkedBlockingQueue, queueCapacity: 2000, scheduler: class org.apache.hadoop.ipc.DefaultRpcScheduler, ipcBackoff: false, ipcFailOver: false.
2025-10-17 11:01:15,913 [ForkJoinPool-1-worker-1] INFO  ipc.Server (Server.java:<init>(1438)) - Listener at 127.0.0.1:15006
2025-10-17 11:01:15,913 [Socket Reader #1 for port 15006] INFO  ipc.Server (Server.java:run(1474)) - Starting Socket Reader #1 for port 15006
2025-10-17 11:01:15,914 [Socket Reader #3 for port 15006] INFO  ipc.Server (Server.java:run(1474)) - Starting Socket Reader #3 for port 15006
2025-10-17 11:01:15,914 [Socket Reader #5 for port 15006] INFO  ipc.Server (Server.java:run(1474)) - Starting Socket Reader #5 for port 15006
2025-10-17 11:01:15,913 [Socket Reader #2 for port 15006] INFO  ipc.Server (Server.java:run(1474)) - Starting Socket Reader #2 for port 15006
2025-10-17 11:01:15,914 [Socket Reader #6 for port 15006] INFO  ipc.Server (Server.java:run(1474)) - Starting Socket Reader #6 for port 15006
2025-10-17 11:01:15,914 [Socket Reader #4 for port 15006] INFO  ipc.Server (Server.java:run(1474)) - Starting Socket Reader #4 for port 15006
2025-10-17 11:01:15,914 [Socket Reader #9 for port 15006] INFO  ipc.Server (Server.java:run(1474)) - Starting Socket Reader #9 for port 15006
2025-10-17 11:01:15,914 [Socket Reader #7 for port 15006] INFO  ipc.Server (Server.java:run(1474)) - Starting Socket Reader #7 for port 15006
2025-10-17 11:01:15,914 [Socket Reader #10 for port 15006] INFO  ipc.Server (Server.java:run(1474)) - Starting Socket Reader #10 for port 15006
2025-10-17 11:01:15,915 [Socket Reader #8 for port 15006] INFO  ipc.Server (Server.java:run(1474)) - Starting Socket Reader #8 for port 15006
2025-10-17 11:01:15,958 [ForkJoinPool-1-worker-1] INFO  om.OzoneManager (OzoneManager.java:start(1826)) - OzoneManager RPC server is listening at localhost/127.0.0.1:15006
2025-10-17 11:01:15,959 [ForkJoinPool-1-worker-1] INFO  ratis.OzoneManagerRatisServer (OzoneManagerRatisServer.java:start(673)) - Starting OzoneManagerRatisServer om1 at port 15009
2025-10-17 11:01:15,959 [om1-impl-thread1] INFO  storage.RaftStorageDirectory (RaftStorageDirectoryImpl.java:analyzeStorage(138)) - The storage directory /home/runner/work/ozone/ozone/hadoop-ozone/integration-test/target/test-dir/MiniOzoneClusterImpl-d1ffa5d3-3301-45c3-9f44-1ffa6967d237/om/ratis/bf265839-605b-3f16-9796-c5ba1605619e does not exist. Creating ...
2025-10-17 11:01:15,960 [om1-impl-thread1] INFO  storage.RaftStorageDirectory (RaftStorageDirectoryImpl.java:tryLock(229)) - Lock on /home/runner/work/ozone/ozone/hadoop-ozone/integration-test/target/test-dir/MiniOzoneClusterImpl-d1ffa5d3-3301-45c3-9f44-1ffa6967d237/om/ratis/bf265839-605b-3f16-9796-c5ba1605619e/in_use.lock acquired by nodename 40979@localhost
2025-10-17 11:01:15,962 [om1-impl-thread1] INFO  storage.RaftStorage (RaftStorageImpl.java:format(98)) - Storage directory /home/runner/work/ozone/ozone/hadoop-ozone/integration-test/target/test-dir/MiniOzoneClusterImpl-d1ffa5d3-3301-45c3-9f44-1ffa6967d237/om/ratis/bf265839-605b-3f16-9796-c5ba1605619e has been successfully formatted.
2025-10-17 11:01:15,962 [om1-impl-thread1] INFO  ratis.OzoneManagerStateMachine (OzoneManagerStateMachine.java:lambda$0(147)) - om1: initialize group-C5BA1605619E with <INITIAL_VALUE>
2025-10-17 11:01:15,962 [om1-impl-thread1] INFO  server.RaftServerConfigKeys (ConfUtils.java:logGet(62)) - raft.server.log.appender.buffer.byte-limit = 4194304 (custom)
2025-10-17 11:01:15,964 [om1-impl-thread1] INFO  server.RaftServerConfigKeys (ConfUtils.java:logGet(62)) - raft.server.log.segment.size.max = 67108864 (custom)
2025-10-17 11:01:15,965 [om1-impl-thread1] INFO  server.RaftServerConfigKeys (ConfUtils.java:logGet(62)) - raft.server.log.appender.buffer.byte-limit = 4194304 (custom)
2025-10-17 11:01:15,965 [om1-impl-thread1] INFO  util.AwaitToRun (AwaitToRun.java:start(81)) - Thread[#463,om1@group-C5BA1605619E-cacheEviction-AwaitToRun,5,main] started
2025-10-17 11:01:15,965 [om1-impl-thread1] INFO  segmented.SegmentedRaftLogWorker (SegmentedRaftLogWorker.java:<init>(190)) - new om1@group-C5BA1605619E-SegmentedRaftLogWorker for RaftStorageImpl:Storage Directory /home/runner/work/ozone/ozone/hadoop-ozone/integration-test/target/test-dir/MiniOzoneClusterImpl-d1ffa5d3-3301-45c3-9f44-1ffa6967d237/om/ratis/bf265839-605b-3f16-9796-c5ba1605619e
2025-10-17 11:01:15,965 [om1-impl-thread1] INFO  server.RaftServerConfigKeys (ConfUtils.java:logGet(62)) - raft.server.log.segment.size.max = 67108864 (custom)
2025-10-17 11:01:15,965 [om1-impl-thread1] INFO  server.RaftServerConfigKeys (ConfUtils.java:logGet(62)) - raft.server.log.preallocated.size = 4194304 (custom)
2025-10-17 11:01:15,966 [om1-impl-thread1] INFO  server.RaftServerConfigKeys (ConfUtils.java:logGet(62)) - raft.server.log.write.buffer.size = 4194312 (custom)
2025-10-17 11:01:15,967 [om1-impl-thread1] INFO  server.RaftServerConfigKeys (ConfUtils.java:logGet(62)) - raft.server.log.appender.buffer.byte-limit = 4194304 (custom)
2025-10-17 11:01:15,968 [om1-impl-thread1] INFO  segmented.SegmentedRaftLogWorker (SegmentedRaftLogWorker.java:lambda$new$0(141)) - om1@group-C5BA1605619E-SegmentedRaftLogWorker: flushIndex: setUnconditionally 0 -> -1
2025-10-17 11:01:15,968 [om1-impl-thread1] INFO  segmented.SegmentedRaftLogWorker (SegmentedRaftLogWorker.java:lambda$new$0(141)) - om1@group-C5BA1605619E-SegmentedRaftLogWorker: safeCacheEvictIndex: setUnconditionally 0 -> -1
2025-10-17 11:01:15,968 [om1-impl-thread1] INFO  server.RaftServer$Division (RaftServerImpl.java:start(405)) - om1@group-C5BA1605619E: start as a follower, conf=conf: {index: -1, cur=peers:[om1|localhost:15009]|listeners:[], old=null}
2025-10-17 11:01:15,968 [om1-impl-thread1] INFO  server.RaftServer$Division (RaftServerImpl.java:setRole(392)) - om1@group-C5BA1605619E: changes role from      null to FOLLOWER at term 0 for startAsFollower
2025-10-17 11:01:15,968 [om1-impl-thread1] INFO  impl.RoleInfo (RoleInfo.java:updateAndGet(148)) - om1: start om1@group-C5BA1605619E-FollowerState
2025-10-17 11:01:15,969 [om1@group-C5BA1605619E-FollowerState] INFO  server.RaftServerConfigKeys (ConfUtils.java:logFallback(69)) - raft.server.rpc.first-election.timeout.min = 1s (fallback to raft.server.rpc.timeout.min)
2025-10-17 11:01:15,969 [om1-impl-thread1] INFO  util.JmxRegister (JmxRegister.java:tryRegister(44)) - Successfully registered JMX Bean with object name Ratis:service=RaftServer,group=group-C5BA1605619E,id=om1
2025-10-17 11:01:15,969 [om1-impl-thread1] INFO  util.JmxRegister (JmxRegister.java:register(58)) - register mxBean class org.apache.ratis.server.impl.RaftServerJmxAdapter as Ratis:service=RaftServer,group=group-C5BA1605619E,id=om1
2025-10-17 11:01:15,969 [om1@group-C5BA1605619E-FollowerState] INFO  server.RaftServerConfigKeys (ConfUtils.java:logFallback(69)) - raft.server.rpc.first-election.timeout.max = 1200ms (fallback to raft.server.rpc.timeout.max)
2025-10-17 11:01:15,969 [om1-impl-thread1] INFO  server.RaftServerConfigKeys (ConfUtils.java:logGet(62)) - raft.server.snapshot.auto.trigger.threshold = 400000 (default)
2025-10-17 11:01:15,969 [om1-impl-thread1] INFO  server.RaftServerConfigKeys (ConfUtils.java:logGet(62)) - raft.server.log.purge.upto.snapshot.index = true (custom)
2025-10-17 11:01:15,970 [om1-impl-thread1] INFO  server.RaftServer$Division (RaftServerImpl.java:start(419)) - om1@group-C5BA1605619E: Successfully started.
2025-10-17 11:01:15,970 [ForkJoinPool-1-worker-1] INFO  server.RaftServer (RaftServerProxy.java:startImpl(412)) - om1: start RPC server
2025-10-17 11:01:15,970 [ForkJoinPool-1-worker-1] INFO  server.GrpcServicesImpl (GrpcServicesImpl.java:startImpl(346)) - om1: GrpcServicesImpl started, listening on 15009
2025-10-17 11:01:15,971 [JvmPauseMonitor2] INFO  util.JvmPauseMonitor (JvmPauseMonitor.java:run(146)) - JvmPauseMonitor-om1: Started
2025-10-17 11:01:15,971 [ForkJoinPool-1-worker-1] INFO  om.OzoneManager (OzoneManager.java:start(1841)) - Version File has different layout version (8) than OM DB (null). That is expected if this OM has never been finalized to a newer layout version.
2025-10-17 11:01:16,100 [ForkJoinPool-1-worker-1] INFO  client.ScmTopologyClient (ScmTopologyClient.java:start(70)) - Initial network topology fetched from SCM: /.
2025-10-17 11:01:16,100 [ForkJoinPool-1-worker-1] INFO  net.NodeSchemaLoader (NodeSchemaLoader.java:loadSchemaFromFile(128)) - Loading schema from [jar:file:/home/runner/work/ozone/ozone/hadoop-hdds/common/target/hdds-common-2.1.0-SNAPSHOT.jar!/network-topology-default.xml]
2025-10-17 11:01:16,100 [ForkJoinPool-1-worker-1] INFO  net.NodeSchemaLoader (NodeSchemaLoader.java:loadSchema(175)) - Loading network topology layer schema file
2025-10-17 11:01:16,106 [ForkJoinPool-1-worker-1] INFO  utils.BackgroundService (BackgroundService.java:start(119)) - Starting service KeyDeletingService with interval 1000 milliseconds
2025-10-17 11:01:16,110 [ForkJoinPool-1-worker-1] INFO  utils.BackgroundService (BackgroundService.java:start(119)) - Starting service DirectoryDeletingService with interval 1000 milliseconds
2025-10-17 11:01:16,111 [ForkJoinPool-1-worker-1] INFO  utils.BackgroundService (BackgroundService.java:start(119)) - Starting service OpenKeyCleanupService with interval 86400000 milliseconds
2025-10-17 11:01:16,112 [ForkJoinPool-1-worker-1] INFO  utils.BackgroundService (BackgroundService.java:start(119)) - Starting service SstFilteringService with interval 60000 milliseconds
2025-10-17 11:01:16,112 [ForkJoinPool-1-worker-1] INFO  om.KeyManagerImpl (KeyManagerImpl.java:startSnapshotDefragService(426)) - SnapshotDefragService is disabled. Snapshot defragmentation will not run periodically.
2025-10-17 11:01:16,114 [ForkJoinPool-1-worker-1] INFO  utils.BackgroundService (BackgroundService.java:start(119)) - Starting service SnapshotDeletingService with interval 30000 milliseconds
2025-10-17 11:01:16,114 [ForkJoinPool-1-worker-1] INFO  utils.BackgroundService (BackgroundService.java:start(119)) - Starting service MultipartUploadCleanupService with interval 86400000 milliseconds
2025-10-17 11:01:16,116 [ForkJoinPool-1-worker-1] INFO  http.BaseHttpServer (BaseHttpServer.java:newHttpServer2BuilderForOzone(227)) - Starting Web-server for ozoneManager at: http://0.0.0.0:15007
2025-10-17 11:01:16,116 [ForkJoinPool-1-worker-1] INFO  http.BaseHttpServer (BaseHttpServer.java:<init>(105)) - Hadoop Security Enabled: false Ozone Security Enabled: false Ozone HTTP Security Enabled: false 
2025-10-17 11:01:16,118 [ForkJoinPool-1-worker-1] WARN  server.AuthenticationFilter (AuthenticationFilter.java:constructSecretProvider(240)) - Unable to initialize FileSignerSecretProvider, falling back to use random secrets. Reason: Could not read signature secret file: /home/runner/hadoop-http-auth-signature-secret
2025-10-17 11:01:16,121 [ForkJoinPool-1-worker-1] INFO  http.HttpServer2 (HttpServer2.java:addGlobalFilter(1040)) - Added global filter 'safety' (class=org.apache.hadoop.hdds.server.http.HttpServer2$QuotingInputFilter)
2025-10-17 11:01:16,123 [ForkJoinPool-1-worker-1] INFO  http.HttpServer2 (HttpServer2.java:addFilter(1016)) - Added filter static_user_filter (class=org.apache.hadoop.http.lib.StaticUserWebFilter$StaticUserFilter) to context ozoneManager
2025-10-17 11:01:16,123 [ForkJoinPool-1-worker-1] INFO  http.HttpServer2 (HttpServer2.java:addFilter(1024)) - Added filter static_user_filter (class=org.apache.hadoop.http.lib.StaticUserWebFilter$StaticUserFilter) to context logs
2025-10-17 11:01:16,123 [ForkJoinPool-1-worker-1] INFO  http.HttpServer2 (HttpServer2.java:addFilter(1024)) - Added filter static_user_filter (class=org.apache.hadoop.http.lib.StaticUserWebFilter$StaticUserFilter) to context static
2025-10-17 11:01:16,124 [ForkJoinPool-1-worker-1] INFO  http.BaseHttpServer (BaseHttpServer.java:<init>(193)) - HTTP server of ozoneManager uses base directory /home/runner/work/ozone/ozone/hadoop-ozone/integration-test/target/test-dir/MiniOzoneClusterImpl-d1ffa5d3-3301-45c3-9f44-1ffa6967d237/scm/ozone-metadata/webserver
2025-10-17 11:01:16,129 [ForkJoinPool-1-worker-1] INFO  http.HttpServer2 (HttpServer2.java:bindListener(1240)) - Jetty bound to port 15007
2025-10-17 11:01:16,129 [ForkJoinPool-1-worker-1] INFO  server.Server (Server.java:doStart(375)) - jetty-9.4.58.v20250814; built: 2025-08-14T02:28:49.637Z; git: 8f1440587e9e4ae7db3d74cf205643f3d707148d; jvm 21.0.8+9-LTS
2025-10-17 11:01:16,130 [ForkJoinPool-1-worker-1] INFO  server.session (DefaultSessionIdManager.java:doStart(334)) - DefaultSessionIdManager workerName=node0
2025-10-17 11:01:16,131 [ForkJoinPool-1-worker-1] INFO  server.session (DefaultSessionIdManager.java:doStart(339)) - No SessionScavenger set, using defaults
2025-10-17 11:01:16,131 [ForkJoinPool-1-worker-1] INFO  server.session (HouseKeeper.java:startScavenging(132)) - node0 Scavenging every 600000ms
2025-10-17 11:01:16,132 [ForkJoinPool-1-worker-1] INFO  handler.ContextHandler (ContextHandler.java:doStart(921)) - Started o.e.j.s.ServletContextHandler@7da5295e{logs,/logs,file:///home/runner/work/ozone/ozone/hadoop-ozone/integration-test/target/log,AVAILABLE}
2025-10-17 11:01:16,132 [ForkJoinPool-1-worker-1] INFO  handler.ContextHandler (ContextHandler.java:doStart(921)) - Started o.e.j.s.ServletContextHandler@5053ba7d{static,/static,file:///home/runner/work/ozone/ozone/hadoop-ozone/integration-test/target/test-classes/webapps/static,AVAILABLE}
2025-10-17 11:01:16,141 [ForkJoinPool-1-worker-1] INFO  handler.ContextHandler (ContextHandler.java:doStart(921)) - Started o.e.j.w.WebAppContext@6db0af2f{ozoneManager,/,file:///home/runner/work/ozone/ozone/hadoop-ozone/integration-test/target/test-classes/webapps/ozoneManager/,AVAILABLE}{file:/home/runner/work/ozone/ozone/hadoop-ozone/integration-test/target/test-classes/webapps/ozoneManager}
2025-10-17 11:01:16,142 [ForkJoinPool-1-worker-1] INFO  server.AbstractConnector (AbstractConnector.java:doStart(333)) - Started ServerConnector@741dca82{HTTP/1.1, (http/1.1)}{0.0.0.0:15007}
2025-10-17 11:01:16,142 [ForkJoinPool-1-worker-1] INFO  server.Server (Server.java:doStart(415)) - Started @9669ms
2025-10-17 11:01:16,142 [ForkJoinPool-1-worker-1] WARN  impl.MetricsSystemImpl (MetricsSystemImpl.java:register(279)) - Sink prometheus already exists!
2025-10-17 11:01:16,142 [ForkJoinPool-1-worker-1] INFO  http.BaseHttpServer (BaseHttpServer.java:updateConnectorAddress(357)) - HTTP server of ozoneManager listening at http://localhost:15007
2025-10-17 11:01:16,142 [IPC Server Responder] INFO  ipc.Server (Server.java:run(1713)) - IPC Server Responder: starting
2025-10-17 11:01:16,143 [IPC Server listener on 15006] INFO  ipc.Server (Server.java:run(1553)) - IPC Server listener on 15006: starting
2025-10-17 11:01:16,146 [ForkJoinPool-1-worker-1] INFO  om.OzoneManager (OzoneManager.java:startTrashEmptier(2296)) - Trash Interval set to 0. Files deleted won't move to trash
2025-10-17 11:01:16,161 | INFO  | OMSystemAudit | user=null | ip= | op=STARTUP {"NewOmState":"RUNNING","OmState":"INITIALIZED"} | ret=SUCCESS |  
2025-10-17 11:01:16,171 [ForkJoinPool-1-worker-1] INFO  db.CodecBuffer (CodecBuffer.java:set(85)) - Successfully set constructor to LeakDetector::newCodecBuffer: org.apache.hadoop.hdds.utils.db.CodecBuffer$$Lambda/0x00007fd7ac897188@12a4f60b
2025-10-17 11:01:16,260 [ForkJoinPool-1-worker-1] WARN  dropwizard3.Dm3MetricRegistriesImpl (Dm3MetricRegistriesImpl.java:addReporterRegistration(114)) - New reporters are added after registries were created. Some metrics will be missing from the reporter. Please add reporter before adding any new registry.
2025-10-17 11:01:16,261 [ForkJoinPool-1-worker-1] WARN  dropwizard3.Dm3MetricRegistriesImpl (Dm3MetricRegistriesImpl.java:addReporterRegistration(114)) - New reporters are added after registries were created. Some metrics will be missing from the reporter. Please add reporter before adding any new registry.
2025-10-17 11:01:16,281 [ForkJoinPool-1-worker-1] INFO  protocol.DatanodeDetails (DatanodeDetails.java:validateDatanodeIpAddress(199)) - Updating IP address of datanode 309ab1ff-9f5a-4058-8b2f-94d451ce5267(localhost/null) to 127.0.0.1
2025-10-17 11:01:16,281 [ForkJoinPool-1-worker-1] INFO  ozone.HddsDatanodeService (HddsDatanodeService.java:start(236)) - HddsDatanodeService 309ab1ff-9f5a-4058-8b2f-94d451ce5267(localhost/127.0.0.1)
2025-10-17 11:01:16,285 [ForkJoinPool-1-worker-1] INFO  upgrade.AbstractLayoutVersionManager (AbstractLayoutVersionManager.java:init(80)) - Initializing Layout version manager with metadata layout = WITNESSED_CONTAINER_DB_PROTO_VALUE (version = 9), software layout = WITNESSED_CONTAINER_DB_PROTO_VALUE (version = 9)
2025-10-17 11:01:16,287 [ForkJoinPool-1-worker-1] INFO  statemachine.DatanodeStateMachine (DatanodeStateMachine.java:getEndPointTaskThreadPoolSize(321)) - Datanode State Machine Task Thread Pool size 2
2025-10-17 11:01:16,328 [ForkJoinPool-1-worker-1] INFO  volume.HddsVolume (HddsVolume.java:<init>(162)) - HddsVolume: { id=DS-e53884b2-1e58-4c47-ab50-158880e3aaa7 dir=/home/runner/work/ozone/ozone/hadoop-ozone/integration-test/target/test-dir/MiniOzoneClusterImpl-d1ffa5d3-3301-45c3-9f44-1ffa6967d237/ozone-metadata/datanode-1/data-0/hdds type=DISK capacity=9222449699674390527 used=0 available=9222449699674390527 minFree=184448985434423296 committed=0 }
2025-10-17 11:01:16,328 [ForkJoinPool-1-worker-1] INFO  volume.MutableVolumeSet (MutableVolumeSet.java:initializeVolumeSet(175)) - Added Volume : /home/runner/work/ozone/ozone/hadoop-ozone/integration-test/target/test-dir/MiniOzoneClusterImpl-d1ffa5d3-3301-45c3-9f44-1ffa6967d237/ozone-metadata/datanode-1/data-0/hdds to VolumeSet
2025-10-17 11:01:16,332 [ForkJoinPool-1-worker-1] INFO  volume.MutableVolumeSet (MutableVolumeSet.java:initializeVolumeSet(175)) - Added Volume : /home/runner/work/ozone/ozone/hadoop-ozone/integration-test/target/test-dir/MiniOzoneClusterImpl-d1ffa5d3-3301-45c3-9f44-1ffa6967d237/ozone-metadata/datanode-1/ratis to VolumeSet
2025-10-17 11:01:16,335 [ForkJoinPool-1-worker-1] INFO  ozoneimpl.OzoneContainer (HddsVolumeUtil.java:loadAllHddsVolumeDbStore(102)) - Load 1 volumes DbStore cost: 1ms
2025-10-17 11:01:16,340 [ForkJoinPool-1-worker-1] WARN  db.DBStoreBuilder (DBStoreBuilder.java:getDBDirPath(157)) - ozone.scm.datanode.id.dir is not configured. We recommend adding this setting. Falling back to ozone.metadata.dirs instead.
2025-10-17 11:01:16,343 [ForkJoinPool-1-worker-1] WARN  db.DBStoreBuilder (DBStoreBuilder.java:getDBDirPath(157)) - ozone.scm.datanode.id.dir is not configured. We recommend adding this setting. Falling back to ozone.metadata.dirs instead.
2025-10-17 11:01:16,392 [ForkJoinPool-1-worker-1] INFO  impl.FilePerChunkStrategy (FilePerChunkStrategy.java:<init>(79)) - ozone.chunk.read.mapped.buffer.max.count is load with 0
2025-10-17 11:01:16,395 [ForkJoinPool-1-worker-1] INFO  impl.FilePerBlockStrategy (FilePerBlockStrategy.java:<init>(88)) - ozone.chunk.read.mapped.buffer.max.count is load with 0
2025-10-17 11:01:16,433 [ForkJoinPool-1-worker-1] INFO  audit.AuditLogger (AuditLogger.java:refreshDebugCmdSet(133)) - Refresh DebugCmdSet for DNAudit to [].
2025-10-17 11:01:16,450 [ForkJoinPool-1-worker-1] INFO  server.RaftServerConfigKeys (ConfUtils.java:logGet(62)) - raft.server.log.appender.buffer.byte-limit = 33554432 (custom)
2025-10-17 11:01:16,458 [ForkJoinPool-1-worker-1] INFO  grpc.GrpcConfigKeys (ConfUtils.java:logFallback(69)) - raft.grpc.admin.host = null (fallback to raft.grpc.server.host)
2025-10-17 11:01:16,458 [ForkJoinPool-1-worker-1] INFO  grpc.GrpcConfigKeys (ConfUtils.java:logGet(62)) - raft.grpc.admin.port = 15014 (custom)
2025-10-17 11:01:16,458 [ForkJoinPool-1-worker-1] INFO  grpc.GrpcConfigKeys (ConfUtils.java:logFallback(69)) - raft.grpc.client.host = null (fallback to raft.grpc.server.host)
2025-10-17 11:01:16,458 [ForkJoinPool-1-worker-1] INFO  grpc.GrpcConfigKeys (ConfUtils.java:logGet(62)) - raft.grpc.client.port = 15013 (custom)
2025-10-17 11:01:16,458 [ForkJoinPool-1-worker-1] INFO  grpc.GrpcConfigKeys (ConfUtils.java:logGet(62)) - raft.grpc.server.port = 15015 (custom)
2025-10-17 11:01:16,458 [ForkJoinPool-1-worker-1] INFO  server.GrpcServicesImpl (ConfUtils.java:logGet(62)) - raft.grpc.message.size.max = 34603008 (custom)
2025-10-17 11:01:16,459 [ForkJoinPool-1-worker-1] INFO  server.GrpcServicesImpl (ConfUtils.java:logGet(62)) - raft.grpc.flow.control.window = 5MB (=5242880) (custom)
2025-10-17 11:01:16,459 [ForkJoinPool-1-worker-1] INFO  server.RaftServerConfigKeys (ConfUtils.java:logGet(62)) - raft.server.rpc.request.timeout = 60s (custom)
2025-10-17 11:01:16,459 [ForkJoinPool-1-worker-1] INFO  server.RaftServerConfigKeys (ConfUtils.java:logGet(62)) - raft.server.log.appender.buffer.byte-limit = 33554432 (custom)
2025-10-17 11:01:16,461 [ForkJoinPool-1-worker-1] INFO  impl.DataStreamServerImpl (ConfUtils.java:logGet(62)) - raft.datastream.type = NETTY (custom)
2025-10-17 11:01:16,471 [ForkJoinPool-1-worker-1] INFO  server.RaftServerConfigKeys (ConfUtils.java:logGet(62)) - raft.server.data-stream.async.request.thread.pool.cached = false (default)
2025-10-17 11:01:16,471 [ForkJoinPool-1-worker-1] INFO  server.RaftServerConfigKeys (ConfUtils.java:logGet(62)) - raft.server.data-stream.async.request.thread.pool.size = 20 (custom)
2025-10-17 11:01:16,471 [ForkJoinPool-1-worker-1] INFO  server.RaftServerConfigKeys (ConfUtils.java:logGet(62)) - raft.server.data-stream.async.write.thread.pool.size = 16 (default)
2025-10-17 11:01:16,473 [ForkJoinPool-1-worker-1] INFO  netty.NettyConfigKeys$DataStream (ConfUtils.java:logGet(62)) - raft.netty.dataStream.server.channel.inactive.grace-period = 10min (default)
2025-10-17 11:01:16,473 [ForkJoinPool-1-worker-1] INFO  server.RaftServerConfigKeys (ConfUtils.java:logGet(62)) - raft.server.data-stream.client.pool.size = 10 (default)
2025-10-17 11:01:16,474 [ForkJoinPool-1-worker-1] INFO  netty.NettyConfigKeys$DataStream (ConfUtils.java:logGet(62)) - raft.netty.dataStream.server.use-epoll = true (default)
2025-10-17 11:01:16,475 [ForkJoinPool-1-worker-1] INFO  netty.NettyConfigKeys$DataStream (ConfUtils.java:logGet(62)) - raft.netty.dataStream.server.boss-group.size = 0 (default)
2025-10-17 11:01:16,475 [ForkJoinPool-1-worker-1] INFO  netty.NettyUtils (NettyUtils.java:newEventLoopGroup(74)) - Create EpollEventLoopGroup for 309ab1ff-9f5a-4058-8b2f-94d451ce5267-NettyServerStreamRpc-bossGroup; Thread size is 0.
2025-10-17 11:01:16,476 [ForkJoinPool-1-worker-1] INFO  netty.NettyConfigKeys$DataStream (ConfUtils.java:logGet(62)) - raft.netty.dataStream.server.worker-group.size = 0 (default)
2025-10-17 11:01:16,476 [ForkJoinPool-1-worker-1] INFO  netty.NettyUtils (NettyUtils.java:newEventLoopGroup(74)) - Create EpollEventLoopGroup for 309ab1ff-9f5a-4058-8b2f-94d451ce5267-NettyServerStreamRpc-workerGroup; Thread size is 0.
2025-10-17 11:01:16,477 [ForkJoinPool-1-worker-1] INFO  netty.NettyConfigKeys$DataStream (ConfUtils.java:logGet(62)) - raft.netty.dataStream.port = 15016 (custom)
2025-10-17 11:01:16,480 [ForkJoinPool-1-worker-1] INFO  server.RaftServerConfigKeys (ConfUtils.java:logGet(62)) - raft.server.storage.dir = [/home/runner/work/ozone/ozone/hadoop-ozone/integration-test/target/test-dir/MiniOzoneClusterImpl-d1ffa5d3-3301-45c3-9f44-1ffa6967d237/ozone-metadata/datanode-1/ratis] (custom)
2025-10-17 11:01:16,481 [309ab1ff-9f5a-4058-8b2f-94d451ce5267-impl-thread1] INFO  server.RaftServer (RaftServerProxy.java:initGroupDir(270)) - 309ab1ff-9f5a-4058-8b2f-94d451ce5267: found a subdirectory /home/runner/work/ozone/ozone/hadoop-ozone/integration-test/target/test-dir/MiniOzoneClusterImpl-d1ffa5d3-3301-45c3-9f44-1ffa6967d237/ozone-metadata/datanode-1/ratis/tmp
2025-10-17 11:01:16,481 [309ab1ff-9f5a-4058-8b2f-94d451ce5267-impl-thread1] INFO  server.RaftServer (RaftServerProxy.java:initGroupDir(275)) - 309ab1ff-9f5a-4058-8b2f-94d451ce5267: The directory /home/runner/work/ozone/ozone/hadoop-ozone/integration-test/target/test-dir/MiniOzoneClusterImpl-d1ffa5d3-3301-45c3-9f44-1ffa6967d237/ozone-metadata/datanode-1/ratis/tmp is not a group directory; ignoring it. 
2025-10-17 11:01:16,483 [ForkJoinPool-1-worker-1] INFO  replication.ReplicationServer (ReplicationServer.java:<init>(84)) - Initializing replication server with thread count = 10 queue length = 4096
2025-10-17 11:01:16,487 [309ab1ff-9f5a-4058-8b2f-94d451ce5267-NettyServerStreamRpc-bossGroup--thread1] INFO  logging.LoggingHandler (AbstractInternalLogger.java:log(148)) - [id: 0xc34a31cf] REGISTERED
2025-10-17 11:01:16,488 [309ab1ff-9f5a-4058-8b2f-94d451ce5267-NettyServerStreamRpc-bossGroup--thread1] INFO  logging.LoggingHandler (AbstractInternalLogger.java:log(148)) - [id: 0xc34a31cf] BIND: 0.0.0.0/0.0.0.0:15016
2025-10-17 11:01:16,488 [309ab1ff-9f5a-4058-8b2f-94d451ce5267-NettyServerStreamRpc-bossGroup--thread1] INFO  logging.LoggingHandler (AbstractInternalLogger.java:log(148)) - [id: 0xc34a31cf, L:/0.0.0.0:15016] ACTIVE
2025-10-17 11:01:16,498 [ForkJoinPool-1-worker-1] INFO  server.XceiverServerGrpc (XceiverServerGrpc.java:<init>(129)) - GrpcServer channel type EpollServerSocketChannel
2025-10-17 11:01:16,517 [ForkJoinPool-1-worker-1] INFO  lib.Interns (Interns.java:removeEldestEntry(50)) - Metrics intern cache overflow at 2011 for MetricsSystem={MetricsSystem=MetricsInfoImpl{name=MetricsSystem, description=MetricsSystem}, MetricsSystem record=MetricsInfoImpl{name=MetricsSystem, description=MetricsSystem record}}
2025-10-17 11:01:16,521 [ForkJoinPool-1-worker-1] INFO  replication.ReplicationSupervisor (ReplicationSupervisor.java:build(169)) - Initializing replication supervisor with thread count = 10
2025-10-17 11:01:16,522 [ForkJoinPool-1-worker-1] INFO  replication.ReplicationSupervisor (ReplicationSupervisor.java:nodeStateUpdated(358)) - Node state updated to IN_SERVICE, scaling executor pool size to 10
2025-10-17 11:01:16,558 [ForkJoinPool-1-worker-1] INFO  http.BaseHttpServer (BaseHttpServer.java:newHttpServer2BuilderForOzone(227)) - Starting Web-server for hddsDatanode at: http://0.0.0.0:15010
2025-10-17 11:01:16,558 [ForkJoinPool-1-worker-1] INFO  http.BaseHttpServer (BaseHttpServer.java:<init>(105)) - Hadoop Security Enabled: false Ozone Security Enabled: false Ozone HTTP Security Enabled: false 
2025-10-17 11:01:16,560 [ForkJoinPool-1-worker-1] WARN  server.AuthenticationFilter (AuthenticationFilter.java:constructSecretProvider(240)) - Unable to initialize FileSignerSecretProvider, falling back to use random secrets. Reason: Could not read signature secret file: /home/runner/hadoop-http-auth-signature-secret
2025-10-17 11:01:16,562 [ForkJoinPool-1-worker-1] INFO  http.HttpServer2 (HttpServer2.java:addGlobalFilter(1040)) - Added global filter 'safety' (class=org.apache.hadoop.hdds.server.http.HttpServer2$QuotingInputFilter)
2025-10-17 11:01:16,564 [ForkJoinPool-1-worker-1] INFO  http.HttpServer2 (HttpServer2.java:addFilter(1016)) - Added filter static_user_filter (class=org.apache.hadoop.http.lib.StaticUserWebFilter$StaticUserFilter) to context hddsDatanode
2025-10-17 11:01:16,564 [ForkJoinPool-1-worker-1] INFO  http.HttpServer2 (HttpServer2.java:addFilter(1024)) - Added filter static_user_filter (class=org.apache.hadoop.http.lib.StaticUserWebFilter$StaticUserFilter) to context static
2025-10-17 11:01:16,565 [ForkJoinPool-1-worker-1] INFO  http.HttpServer2 (HttpServer2.java:addFilter(1024)) - Added filter static_user_filter (class=org.apache.hadoop.http.lib.StaticUserWebFilter$StaticUserFilter) to context logs
2025-10-17 11:01:16,565 [ForkJoinPool-1-worker-1] INFO  http.BaseHttpServer (BaseHttpServer.java:<init>(193)) - HTTP server of hddsDatanode uses base directory /home/runner/work/ozone/ozone/hadoop-ozone/integration-test/target/test-dir/MiniOzoneClusterImpl-d1ffa5d3-3301-45c3-9f44-1ffa6967d237/scm/ozone-metadata/webserver
2025-10-17 11:01:16,566 [ForkJoinPool-1-worker-1] INFO  http.HttpServer2 (HttpServer2.java:bindListener(1240)) - Jetty bound to port 15010
2025-10-17 11:01:16,566 [ForkJoinPool-1-worker-1] INFO  server.Server (Server.java:doStart(375)) - jetty-9.4.58.v20250814; built: 2025-08-14T02:28:49.637Z; git: 8f1440587e9e4ae7db3d74cf205643f3d707148d; jvm 21.0.8+9-LTS
2025-10-17 11:01:16,567 [ForkJoinPool-1-worker-1] INFO  server.session (DefaultSessionIdManager.java:doStart(334)) - DefaultSessionIdManager workerName=node0
2025-10-17 11:01:16,568 [ForkJoinPool-1-worker-1] INFO  server.session (DefaultSessionIdManager.java:doStart(339)) - No SessionScavenger set, using defaults
2025-10-17 11:01:16,568 [ForkJoinPool-1-worker-1] INFO  server.session (HouseKeeper.java:startScavenging(132)) - node0 Scavenging every 660000ms
2025-10-17 11:01:16,569 [ForkJoinPool-1-worker-1] INFO  handler.ContextHandler (ContextHandler.java:doStart(921)) - Started o.e.j.s.ServletContextHandler@3baf6c58{logs,/logs,file:///home/runner/work/ozone/ozone/hadoop-ozone/integration-test/target/log,AVAILABLE}
2025-10-17 11:01:16,569 [ForkJoinPool-1-worker-1] INFO  handler.ContextHandler (ContextHandler.java:doStart(921)) - Started o.e.j.s.ServletContextHandler@69eb29aa{static,/static,jar:file:/home/runner/work/ozone/ozone/hadoop-hdds/container-service/target/hdds-container-service-2.1.0-SNAPSHOT.jar!/webapps/static,AVAILABLE}
2025-10-17 11:01:16,741 [ForkJoinPool-1-worker-1] INFO  handler.ContextHandler (ContextHandler.java:doStart(921)) - Started o.e.j.w.WebAppContext@5f3c781a{hddsDatanode,/,file:///home/runner/work/ozone/ozone/hadoop-ozone/integration-test/target/test-dir/MiniOzoneClusterImpl-d1ffa5d3-3301-45c3-9f44-1ffa6967d237/scm/ozone-metadata/webserver/jetty-0_0_0_0-15010-hdds-container-service-2_1_0-SNAPSHOT_jar-_-any-4863470464943569607/webapp/,AVAILABLE}{jar:file:/home/runner/work/ozone/ozone/hadoop-hdds/container-service/target/hdds-container-service-2.1.0-SNAPSHOT.jar!/webapps/hddsDatanode}
2025-10-17 11:01:16,742 [ForkJoinPool-1-worker-1] INFO  server.AbstractConnector (AbstractConnector.java:doStart(333)) - Started ServerConnector@24d418d0{HTTP/1.1, (http/1.1)}{0.0.0.0:15010}
2025-10-17 11:01:16,742 [ForkJoinPool-1-worker-1] INFO  server.Server (Server.java:doStart(415)) - Started @10269ms
2025-10-17 11:01:16,742 [ForkJoinPool-1-worker-1] WARN  impl.MetricsSystemImpl (MetricsSystemImpl.java:register(279)) - Sink prometheus already exists!
2025-10-17 11:01:16,742 [ForkJoinPool-1-worker-1] INFO  http.BaseHttpServer (BaseHttpServer.java:updateConnectorAddress(357)) - HTTP server of hddsDatanode listening at http://localhost:15010
2025-10-17 11:01:16,746 [ForkJoinPool-1-worker-1] INFO  ipc.CallQueueManager (CallQueueManager.java:<init>(93)) - Using callQueue: class java.util.concurrent.LinkedBlockingQueue, queueCapacity: 1000, scheduler: class org.apache.hadoop.ipc.DefaultRpcScheduler, ipcBackoff: false, ipcFailOver: false.
2025-10-17 11:01:16,746 [ForkJoinPool-1-worker-1] INFO  ipc.Server (Server.java:<init>(1438)) - Listener at 0.0.0.0:15011
2025-10-17 11:01:16,747 [Socket Reader #1 for port 15011] INFO  ipc.Server (Server.java:run(1474)) - Starting Socket Reader #1 for port 15011
2025-10-17 11:01:16,747 [Socket Reader #2 for port 15011] INFO  ipc.Server (Server.java:run(1474)) - Starting Socket Reader #2 for port 15011
2025-10-17 11:01:16,748 [Socket Reader #3 for port 15011] INFO  ipc.Server (Server.java:run(1474)) - Starting Socket Reader #3 for port 15011
2025-10-17 11:01:16,748 [Socket Reader #4 for port 15011] INFO  ipc.Server (Server.java:run(1474)) - Starting Socket Reader #4 for port 15011
2025-10-17 11:01:16,748 [Socket Reader #5 for port 15011] INFO  ipc.Server (Server.java:run(1474)) - Starting Socket Reader #5 for port 15011
2025-10-17 11:01:16,749 [Socket Reader #6 for port 15011] INFO  ipc.Server (Server.java:run(1474)) - Starting Socket Reader #6 for port 15011
2025-10-17 11:01:16,749 [Socket Reader #7 for port 15011] INFO  ipc.Server (Server.java:run(1474)) - Starting Socket Reader #7 for port 15011
2025-10-17 11:01:16,749 [Socket Reader #8 for port 15011] INFO  ipc.Server (Server.java:run(1474)) - Starting Socket Reader #8 for port 15011
2025-10-17 11:01:16,749 [Socket Reader #9 for port 15011] INFO  ipc.Server (Server.java:run(1474)) - Starting Socket Reader #9 for port 15011
2025-10-17 11:01:16,750 [Socket Reader #10 for port 15011] INFO  ipc.Server (Server.java:run(1474)) - Starting Socket Reader #10 for port 15011
2025-10-17 11:01:16,752 [ForkJoinPool-1-worker-1] INFO  ozone.HddsDatanodeService (HddsDatanodeService.java:start(333)) - Datanode start with admins: [admin, runner]
2025-10-17 11:01:16,752 [ForkJoinPool-1-worker-1] INFO  ozone.HddsDatanodeClientProtocolServer (HddsDatanodeClientProtocolServer.java:start(76)) - RPC server for Client /0.0.0.0:15011
2025-10-17 11:01:16,752 [IPC Server Responder] INFO  ipc.Server (Server.java:run(1713)) - IPC Server Responder: starting
2025-10-17 11:01:16,752 [IPC Server listener on 15011] INFO  ipc.Server (Server.java:run(1553)) - IPC Server listener on 15011: starting
2025-10-17 11:01:16,754 [ForkJoinPool-1-worker-1] WARN  dropwizard3.Dm3MetricRegistriesImpl (Dm3MetricRegistriesImpl.java:addReporterRegistration(114)) - New reporters are added after registries were created. Some metrics will be missing from the reporter. Please add reporter before adding any new registry.
2025-10-17 11:01:16,754 [ForkJoinPool-1-worker-1] WARN  dropwizard3.Dm3MetricRegistriesImpl (Dm3MetricRegistriesImpl.java:addReporterRegistration(114)) - New reporters are added after registries were created. Some metrics will be missing from the reporter. Please add reporter before adding any new registry.
2025-10-17 11:01:16,758 [309ab1ff-9f5a-4058-8b2f-94d451ce5267-DatanodeStateMachineDaemonThread] INFO  statemachine.DatanodeStateMachine (DatanodeStateMachine.java:startStateMachineThread(363)) - Ozone container server started.
2025-10-17 11:01:16,771 [ForkJoinPool-1-worker-1] INFO  protocol.DatanodeDetails (DatanodeDetails.java:validateDatanodeIpAddress(199)) - Updating IP address of datanode 99c47355-c013-4450-a734-aff6d3c99677(localhost/null) to 127.0.0.1
2025-10-17 11:01:16,772 [ForkJoinPool-1-worker-1] INFO  ozone.HddsDatanodeService (HddsDatanodeService.java:start(236)) - HddsDatanodeService 99c47355-c013-4450-a734-aff6d3c99677(localhost/127.0.0.1)
2025-10-17 11:01:16,774 [ForkJoinPool-1-worker-1] INFO  upgrade.AbstractLayoutVersionManager (AbstractLayoutVersionManager.java:init(80)) - Initializing Layout version manager with metadata layout = WITNESSED_CONTAINER_DB_PROTO_VALUE (version = 9), software layout = WITNESSED_CONTAINER_DB_PROTO_VALUE (version = 9)
2025-10-17 11:01:16,775 [ForkJoinPool-1-worker-1] INFO  statemachine.DatanodeStateMachine (DatanodeStateMachine.java:getEndPointTaskThreadPoolSize(321)) - Datanode State Machine Task Thread Pool size 2
2025-10-17 11:01:16,782 [ForkJoinPool-1-worker-1] INFO  volume.HddsVolume (HddsVolume.java:<init>(162)) - HddsVolume: { id=DS-b390c621-5f1b-4d7a-83d0-a6910a8ba183 dir=/home/runner/work/ozone/ozone/hadoop-ozone/integration-test/target/test-dir/MiniOzoneClusterImpl-d1ffa5d3-3301-45c3-9f44-1ffa6967d237/ozone-metadata/datanode-2/data-0/hdds type=DISK capacity=9222449699674390527 used=0 available=9222449699674390527 minFree=184448985434423296 committed=0 }
2025-10-17 11:01:16,782 [ForkJoinPool-1-worker-1] INFO  volume.MutableVolumeSet (MutableVolumeSet.java:initializeVolumeSet(175)) - Added Volume : /home/runner/work/ozone/ozone/hadoop-ozone/integration-test/target/test-dir/MiniOzoneClusterImpl-d1ffa5d3-3301-45c3-9f44-1ffa6967d237/ozone-metadata/datanode-2/data-0/hdds to VolumeSet
2025-10-17 11:01:16,784 [ForkJoinPool-1-worker-1] INFO  volume.MutableVolumeSet (MutableVolumeSet.java:initializeVolumeSet(175)) - Added Volume : /home/runner/work/ozone/ozone/hadoop-ozone/integration-test/target/test-dir/MiniOzoneClusterImpl-d1ffa5d3-3301-45c3-9f44-1ffa6967d237/ozone-metadata/datanode-2/ratis to VolumeSet
2025-10-17 11:01:16,785 [ForkJoinPool-1-worker-1] INFO  ozoneimpl.OzoneContainer (HddsVolumeUtil.java:loadAllHddsVolumeDbStore(102)) - Load 1 volumes DbStore cost: 0ms
2025-10-17 11:01:16,786 [ForkJoinPool-1-worker-1] WARN  db.DBStoreBuilder (DBStoreBuilder.java:getDBDirPath(157)) - ozone.scm.datanode.id.dir is not configured. We recommend adding this setting. Falling back to ozone.metadata.dirs instead.
2025-10-17 11:01:16,787 [ForkJoinPool-1-worker-1] WARN  db.DBStoreBuilder (DBStoreBuilder.java:getDBDirPath(157)) - ozone.scm.datanode.id.dir is not configured. We recommend adding this setting. Falling back to ozone.metadata.dirs instead.
2025-10-17 11:01:16,800 [ForkJoinPool-1-worker-1] INFO  impl.FilePerChunkStrategy (FilePerChunkStrategy.java:<init>(79)) - ozone.chunk.read.mapped.buffer.max.count is load with 0
2025-10-17 11:01:16,800 [ForkJoinPool-1-worker-1] INFO  impl.FilePerBlockStrategy (FilePerBlockStrategy.java:<init>(88)) - ozone.chunk.read.mapped.buffer.max.count is load with 0
2025-10-17 11:01:16,801 [ForkJoinPool-1-worker-1] INFO  server.RaftServerConfigKeys (ConfUtils.java:logGet(62)) - raft.server.log.appender.buffer.byte-limit = 33554432 (custom)
2025-10-17 11:01:16,803 [ForkJoinPool-1-worker-1] INFO  grpc.GrpcConfigKeys (ConfUtils.java:logFallback(69)) - raft.grpc.admin.host = null (fallback to raft.grpc.server.host)
2025-10-17 11:01:16,803 [ForkJoinPool-1-worker-1] INFO  grpc.GrpcConfigKeys (ConfUtils.java:logGet(62)) - raft.grpc.admin.port = 15022 (custom)
2025-10-17 11:01:16,803 [ForkJoinPool-1-worker-1] INFO  grpc.GrpcConfigKeys (ConfUtils.java:logFallback(69)) - raft.grpc.client.host = null (fallback to raft.grpc.server.host)
2025-10-17 11:01:16,804 [ForkJoinPool-1-worker-1] INFO  grpc.GrpcConfigKeys (ConfUtils.java:logGet(62)) - raft.grpc.client.port = 15021 (custom)
2025-10-17 11:01:16,804 [ForkJoinPool-1-worker-1] INFO  grpc.GrpcConfigKeys (ConfUtils.java:logGet(62)) - raft.grpc.server.port = 15023 (custom)
2025-10-17 11:01:16,805 [ForkJoinPool-1-worker-1] INFO  server.GrpcServicesImpl (ConfUtils.java:logGet(62)) - raft.grpc.message.size.max = 34603008 (custom)
2025-10-17 11:01:16,805 [ForkJoinPool-1-worker-1] INFO  server.GrpcServicesImpl (ConfUtils.java:logGet(62)) - raft.grpc.flow.control.window = 5MB (=5242880) (custom)
2025-10-17 11:01:16,805 [ForkJoinPool-1-worker-1] INFO  server.RaftServerConfigKeys (ConfUtils.java:logGet(62)) - raft.server.log.appender.buffer.byte-limit = 33554432 (custom)
2025-10-17 11:01:16,807 [ForkJoinPool-1-worker-1] INFO  netty.NettyUtils (NettyUtils.java:newEventLoopGroup(74)) - Create EpollEventLoopGroup for 99c47355-c013-4450-a734-aff6d3c99677-NettyServerStreamRpc-bossGroup; Thread size is 0.
2025-10-17 11:01:16,808 [ForkJoinPool-1-worker-1] INFO  netty.NettyUtils (NettyUtils.java:newEventLoopGroup(74)) - Create EpollEventLoopGroup for 99c47355-c013-4450-a734-aff6d3c99677-NettyServerStreamRpc-workerGroup; Thread size is 0.
2025-10-17 11:01:16,809 [ForkJoinPool-1-worker-1] INFO  netty.NettyConfigKeys$DataStream (ConfUtils.java:logGet(62)) - raft.netty.dataStream.port = 15024 (custom)
2025-10-17 11:01:16,810 [ForkJoinPool-1-worker-1] INFO  server.RaftServerConfigKeys (ConfUtils.java:logGet(62)) - raft.server.storage.dir = [/home/runner/work/ozone/ozone/hadoop-ozone/integration-test/target/test-dir/MiniOzoneClusterImpl-d1ffa5d3-3301-45c3-9f44-1ffa6967d237/ozone-metadata/datanode-2/ratis] (custom)
2025-10-17 11:01:16,810 [99c47355-c013-4450-a734-aff6d3c99677-NettyServerStreamRpc-bossGroup--thread1] INFO  logging.LoggingHandler (AbstractInternalLogger.java:log(148)) - [id: 0x017e1e76] REGISTERED
2025-10-17 11:01:16,811 [99c47355-c013-4450-a734-aff6d3c99677-NettyServerStreamRpc-bossGroup--thread1] INFO  logging.LoggingHandler (AbstractInternalLogger.java:log(148)) - [id: 0x017e1e76] BIND: 0.0.0.0/0.0.0.0:15024
2025-10-17 11:01:16,811 [99c47355-c013-4450-a734-aff6d3c99677-NettyServerStreamRpc-bossGroup--thread1] INFO  logging.LoggingHandler (AbstractInternalLogger.java:log(148)) - [id: 0x017e1e76, L:/0.0.0.0:15024] ACTIVE
2025-10-17 11:01:16,811 [99c47355-c013-4450-a734-aff6d3c99677-impl-thread1] INFO  server.RaftServer (RaftServerProxy.java:initGroupDir(270)) - 99c47355-c013-4450-a734-aff6d3c99677: found a subdirectory /home/runner/work/ozone/ozone/hadoop-ozone/integration-test/target/test-dir/MiniOzoneClusterImpl-d1ffa5d3-3301-45c3-9f44-1ffa6967d237/ozone-metadata/datanode-2/ratis/tmp
2025-10-17 11:01:16,811 [99c47355-c013-4450-a734-aff6d3c99677-impl-thread1] INFO  server.RaftServer (RaftServerProxy.java:initGroupDir(275)) - 99c47355-c013-4450-a734-aff6d3c99677: The directory /home/runner/work/ozone/ozone/hadoop-ozone/integration-test/target/test-dir/MiniOzoneClusterImpl-d1ffa5d3-3301-45c3-9f44-1ffa6967d237/ozone-metadata/datanode-2/ratis/tmp is not a group directory; ignoring it. 
2025-10-17 11:01:16,811 [ForkJoinPool-1-worker-1] INFO  replication.ReplicationServer (ReplicationServer.java:<init>(84)) - Initializing replication server with thread count = 10 queue length = 4096
2025-10-17 11:01:16,813 [ForkJoinPool-1-worker-1] INFO  server.XceiverServerGrpc (XceiverServerGrpc.java:<init>(129)) - GrpcServer channel type EpollServerSocketChannel
2025-10-17 11:01:16,815 [ForkJoinPool-1-worker-1] INFO  replication.ReplicationSupervisor (ReplicationSupervisor.java:build(169)) - Initializing replication supervisor with thread count = 10
2025-10-17 11:01:16,815 [ForkJoinPool-1-worker-1] INFO  replication.ReplicationSupervisor (ReplicationSupervisor.java:nodeStateUpdated(358)) - Node state updated to IN_SERVICE, scaling executor pool size to 10
2025-10-17 11:01:16,819 [ForkJoinPool-1-worker-1] INFO  http.BaseHttpServer (BaseHttpServer.java:newHttpServer2BuilderForOzone(227)) - Starting Web-server for hddsDatanode at: http://0.0.0.0:15018
2025-10-17 11:01:16,819 [ForkJoinPool-1-worker-1] INFO  http.BaseHttpServer (BaseHttpServer.java:<init>(105)) - Hadoop Security Enabled: false Ozone Security Enabled: false Ozone HTTP Security Enabled: false 
2025-10-17 11:01:16,819 [309ab1ff-9f5a-4058-8b2f-94d451ce5267-DatanodeStateMachineTaskThread-0] INFO  datanode.InitDatanodeState (InitDatanodeState.java:persistContainerDatanodeDetails(139)) - DatanodeDetails is persisted to /home/runner/work/ozone/ozone/hadoop-ozone/integration-test/target/test-dir/MiniOzoneClusterImpl-d1ffa5d3-3301-45c3-9f44-1ffa6967d237/ozone-metadata/datanode-1/ozone-metadata/datanode.id
2025-10-17 11:01:16,820 [ForkJoinPool-1-worker-1] WARN  server.AuthenticationFilter (AuthenticationFilter.java:constructSecretProvider(240)) - Unable to initialize FileSignerSecretProvider, falling back to use random secrets. Reason: Could not read signature secret file: /home/runner/hadoop-http-auth-signature-secret
2025-10-17 11:01:16,823 [ForkJoinPool-1-worker-1] INFO  http.HttpServer2 (HttpServer2.java:addGlobalFilter(1040)) - Added global filter 'safety' (class=org.apache.hadoop.hdds.server.http.HttpServer2$QuotingInputFilter)
2025-10-17 11:01:16,825 [ForkJoinPool-1-worker-1] INFO  http.HttpServer2 (HttpServer2.java:addFilter(1016)) - Added filter static_user_filter (class=org.apache.hadoop.http.lib.StaticUserWebFilter$StaticUserFilter) to context hddsDatanode
2025-10-17 11:01:16,825 [ForkJoinPool-1-worker-1] INFO  http.HttpServer2 (HttpServer2.java:addFilter(1024)) - Added filter static_user_filter (class=org.apache.hadoop.http.lib.StaticUserWebFilter$StaticUserFilter) to context logs
2025-10-17 11:01:16,825 [ForkJoinPool-1-worker-1] INFO  http.HttpServer2 (HttpServer2.java:addFilter(1024)) - Added filter static_user_filter (class=org.apache.hadoop.http.lib.StaticUserWebFilter$StaticUserFilter) to context static
2025-10-17 11:01:16,826 [ForkJoinPool-1-worker-1] INFO  http.BaseHttpServer (BaseHttpServer.java:<init>(193)) - HTTP server of hddsDatanode uses base directory /home/runner/work/ozone/ozone/hadoop-ozone/integration-test/target/test-dir/MiniOzoneClusterImpl-d1ffa5d3-3301-45c3-9f44-1ffa6967d237/scm/ozone-metadata/webserver
2025-10-17 11:01:16,826 [ForkJoinPool-1-worker-1] INFO  http.HttpServer2 (HttpServer2.java:bindListener(1240)) - Jetty bound to port 15018
2025-10-17 11:01:16,826 [ForkJoinPool-1-worker-1] INFO  server.Server (Server.java:doStart(375)) - jetty-9.4.58.v20250814; built: 2025-08-14T02:28:49.637Z; git: 8f1440587e9e4ae7db3d74cf205643f3d707148d; jvm 21.0.8+9-LTS
2025-10-17 11:01:16,828 [ForkJoinPool-1-worker-1] INFO  server.session (DefaultSessionIdManager.java:doStart(334)) - DefaultSessionIdManager workerName=node0
2025-10-17 11:01:16,828 [ForkJoinPool-1-worker-1] INFO  server.session (DefaultSessionIdManager.java:doStart(339)) - No SessionScavenger set, using defaults
2025-10-17 11:01:16,828 [ForkJoinPool-1-worker-1] INFO  server.session (HouseKeeper.java:startScavenging(132)) - node0 Scavenging every 660000ms
2025-10-17 11:01:16,829 [ForkJoinPool-1-worker-1] INFO  handler.ContextHandler (ContextHandler.java:doStart(921)) - Started o.e.j.s.ServletContextHandler@4233aaba{logs,/logs,file:///home/runner/work/ozone/ozone/hadoop-ozone/integration-test/target/log,AVAILABLE}
2025-10-17 11:01:16,829 [ForkJoinPool-1-worker-1] INFO  handler.ContextHandler (ContextHandler.java:doStart(921)) - Started o.e.j.s.ServletContextHandler@115332bd{static,/static,jar:file:/home/runner/work/ozone/ozone/hadoop-hdds/container-service/target/hdds-container-service-2.1.0-SNAPSHOT.jar!/webapps/static,AVAILABLE}
2025-10-17 11:01:16,981 [ForkJoinPool-1-worker-1] INFO  handler.ContextHandler (ContextHandler.java:doStart(921)) - Started o.e.j.w.WebAppContext@54163f31{hddsDatanode,/,file:///home/runner/work/ozone/ozone/hadoop-ozone/integration-test/target/test-dir/MiniOzoneClusterImpl-d1ffa5d3-3301-45c3-9f44-1ffa6967d237/scm/ozone-metadata/webserver/jetty-0_0_0_0-15018-hdds-container-service-2_1_0-SNAPSHOT_jar-_-any-17814900224306822602/webapp/,AVAILABLE}{jar:file:/home/runner/work/ozone/ozone/hadoop-hdds/container-service/target/hdds-container-service-2.1.0-SNAPSHOT.jar!/webapps/hddsDatanode}
2025-10-17 11:01:16,981 [ForkJoinPool-1-worker-1] INFO  server.AbstractConnector (AbstractConnector.java:doStart(333)) - Started ServerConnector@7e312d74{HTTP/1.1, (http/1.1)}{0.0.0.0:15018}
2025-10-17 11:01:16,982 [ForkJoinPool-1-worker-1] INFO  server.Server (Server.java:doStart(415)) - Started @10509ms
2025-10-17 11:01:16,982 [ForkJoinPool-1-worker-1] WARN  impl.MetricsSystemImpl (MetricsSystemImpl.java:register(279)) - Sink prometheus already exists!
2025-10-17 11:01:16,982 [ForkJoinPool-1-worker-1] INFO  http.BaseHttpServer (BaseHttpServer.java:updateConnectorAddress(357)) - HTTP server of hddsDatanode listening at http://localhost:15018
2025-10-17 11:01:16,983 [ForkJoinPool-1-worker-1] INFO  ipc.CallQueueManager (CallQueueManager.java:<init>(93)) - Using callQueue: class java.util.concurrent.LinkedBlockingQueue, queueCapacity: 1000, scheduler: class org.apache.hadoop.ipc.DefaultRpcScheduler, ipcBackoff: false, ipcFailOver: false.
2025-10-17 11:01:16,983 [ForkJoinPool-1-worker-1] INFO  ipc.Server (Server.java:<init>(1438)) - Listener at 0.0.0.0:15019
2025-10-17 11:01:16,983 [Socket Reader #1 for port 15019] INFO  ipc.Server (Server.java:run(1474)) - Starting Socket Reader #1 for port 15019
2025-10-17 11:01:16,984 [Socket Reader #2 for port 15019] INFO  ipc.Server (Server.java:run(1474)) - Starting Socket Reader #2 for port 15019
2025-10-17 11:01:16,984 [Socket Reader #3 for port 15019] INFO  ipc.Server (Server.java:run(1474)) - Starting Socket Reader #3 for port 15019
2025-10-17 11:01:16,984 [Socket Reader #4 for port 15019] INFO  ipc.Server (Server.java:run(1474)) - Starting Socket Reader #4 for port 15019
2025-10-17 11:01:16,984 [Socket Reader #5 for port 15019] INFO  ipc.Server (Server.java:run(1474)) - Starting Socket Reader #5 for port 15019
2025-10-17 11:01:16,985 [Socket Reader #6 for port 15019] INFO  ipc.Server (Server.java:run(1474)) - Starting Socket Reader #6 for port 15019
2025-10-17 11:01:16,985 [Socket Reader #7 for port 15019] INFO  ipc.Server (Server.java:run(1474)) - Starting Socket Reader #7 for port 15019
2025-10-17 11:01:16,985 [Socket Reader #8 for port 15019] INFO  ipc.Server (Server.java:run(1474)) - Starting Socket Reader #8 for port 15019
2025-10-17 11:01:16,985 [Socket Reader #9 for port 15019] INFO  ipc.Server (Server.java:run(1474)) - Starting Socket Reader #9 for port 15019
2025-10-17 11:01:16,986 [Socket Reader #10 for port 15019] INFO  ipc.Server (Server.java:run(1474)) - Starting Socket Reader #10 for port 15019
2025-10-17 11:01:16,988 [ForkJoinPool-1-worker-1] INFO  ozone.HddsDatanodeService (HddsDatanodeService.java:start(333)) - Datanode start with admins: [admin, runner]
2025-10-17 11:01:16,988 [ForkJoinPool-1-worker-1] INFO  ozone.HddsDatanodeClientProtocolServer (HddsDatanodeClientProtocolServer.java:start(76)) - RPC server for Client /0.0.0.0:15019
2025-10-17 11:01:16,989 [IPC Server listener on 15019] INFO  ipc.Server (Server.java:run(1553)) - IPC Server listener on 15019: starting
2025-10-17 11:01:16,989 [IPC Server Responder] INFO  ipc.Server (Server.java:run(1713)) - IPC Server Responder: starting
2025-10-17 11:01:16,990 [ForkJoinPool-1-worker-1] WARN  dropwizard3.Dm3MetricRegistriesImpl (Dm3MetricRegistriesImpl.java:addReporterRegistration(114)) - New reporters are added after registries were created. Some metrics will be missing from the reporter. Please add reporter before adding any new registry.
2025-10-17 11:01:16,990 [ForkJoinPool-1-worker-1] WARN  dropwizard3.Dm3MetricRegistriesImpl (Dm3MetricRegistriesImpl.java:addReporterRegistration(114)) - New reporters are added after registries were created. Some metrics will be missing from the reporter. Please add reporter before adding any new registry.
2025-10-17 11:01:16,995 [99c47355-c013-4450-a734-aff6d3c99677-DatanodeStateMachineDaemonThread] INFO  statemachine.DatanodeStateMachine (DatanodeStateMachine.java:startStateMachineThread(363)) - Ozone container server started.
2025-10-17 11:01:17,001 [99c47355-c013-4450-a734-aff6d3c99677-DatanodeStateMachineTaskThread-0] INFO  datanode.InitDatanodeState (InitDatanodeState.java:persistContainerDatanodeDetails(139)) - DatanodeDetails is persisted to /home/runner/work/ozone/ozone/hadoop-ozone/integration-test/target/test-dir/MiniOzoneClusterImpl-d1ffa5d3-3301-45c3-9f44-1ffa6967d237/ozone-metadata/datanode-2/ozone-metadata/datanode.id
2025-10-17 11:01:17,012 [ForkJoinPool-1-worker-1] INFO  protocol.DatanodeDetails (DatanodeDetails.java:validateDatanodeIpAddress(199)) - Updating IP address of datanode b292b6be-9482-4c30-a3e0-c9f721931b72(localhost/null) to 127.0.0.1
2025-10-17 11:01:17,012 [ForkJoinPool-1-worker-1] INFO  ozone.HddsDatanodeService (HddsDatanodeService.java:start(236)) - HddsDatanodeService b292b6be-9482-4c30-a3e0-c9f721931b72(localhost/127.0.0.1)
2025-10-17 11:01:17,015 [ForkJoinPool-1-worker-1] INFO  upgrade.AbstractLayoutVersionManager (AbstractLayoutVersionManager.java:init(80)) - Initializing Layout version manager with metadata layout = WITNESSED_CONTAINER_DB_PROTO_VALUE (version = 9), software layout = WITNESSED_CONTAINER_DB_PROTO_VALUE (version = 9)
2025-10-17 11:01:17,015 [ForkJoinPool-1-worker-1] INFO  statemachine.DatanodeStateMachine (DatanodeStateMachine.java:getEndPointTaskThreadPoolSize(321)) - Datanode State Machine Task Thread Pool size 2
2025-10-17 11:01:17,020 [ForkJoinPool-1-worker-1] INFO  volume.HddsVolume (HddsVolume.java:<init>(162)) - HddsVolume: { id=DS-5ff61e50-d9ca-4d87-bd8a-de94cddedded dir=/home/runner/work/ozone/ozone/hadoop-ozone/integration-test/target/test-dir/MiniOzoneClusterImpl-d1ffa5d3-3301-45c3-9f44-1ffa6967d237/ozone-metadata/datanode-3/data-0/hdds type=DISK capacity=9222449699674390527 used=0 available=9222449699674390527 minFree=184448985434423296 committed=0 }
2025-10-17 11:01:17,020 [ForkJoinPool-1-worker-1] INFO  volume.MutableVolumeSet (MutableVolumeSet.java:initializeVolumeSet(175)) - Added Volume : /home/runner/work/ozone/ozone/hadoop-ozone/integration-test/target/test-dir/MiniOzoneClusterImpl-d1ffa5d3-3301-45c3-9f44-1ffa6967d237/ozone-metadata/datanode-3/data-0/hdds to VolumeSet
2025-10-17 11:01:17,022 [ForkJoinPool-1-worker-1] INFO  volume.MutableVolumeSet (MutableVolumeSet.java:initializeVolumeSet(175)) - Added Volume : /home/runner/work/ozone/ozone/hadoop-ozone/integration-test/target/test-dir/MiniOzoneClusterImpl-d1ffa5d3-3301-45c3-9f44-1ffa6967d237/ozone-metadata/datanode-3/ratis to VolumeSet
2025-10-17 11:01:17,024 [ForkJoinPool-1-worker-1] INFO  ozoneimpl.OzoneContainer (HddsVolumeUtil.java:loadAllHddsVolumeDbStore(102)) - Load 1 volumes DbStore cost: 2ms
2025-10-17 11:01:17,025 [ForkJoinPool-1-worker-1] WARN  db.DBStoreBuilder (DBStoreBuilder.java:getDBDirPath(157)) - ozone.scm.datanode.id.dir is not configured. We recommend adding this setting. Falling back to ozone.metadata.dirs instead.
2025-10-17 11:01:17,026 [ForkJoinPool-1-worker-1] WARN  db.DBStoreBuilder (DBStoreBuilder.java:getDBDirPath(157)) - ozone.scm.datanode.id.dir is not configured. We recommend adding this setting. Falling back to ozone.metadata.dirs instead.
2025-10-17 11:01:17,038 [ForkJoinPool-1-worker-1] INFO  impl.FilePerChunkStrategy (FilePerChunkStrategy.java:<init>(79)) - ozone.chunk.read.mapped.buffer.max.count is load with 0
2025-10-17 11:01:17,038 [ForkJoinPool-1-worker-1] INFO  impl.FilePerBlockStrategy (FilePerBlockStrategy.java:<init>(88)) - ozone.chunk.read.mapped.buffer.max.count is load with 0
2025-10-17 11:01:17,039 [ForkJoinPool-1-worker-1] INFO  server.RaftServerConfigKeys (ConfUtils.java:logGet(62)) - raft.server.log.appender.buffer.byte-limit = 33554432 (custom)
2025-10-17 11:01:17,041 [ForkJoinPool-1-worker-1] INFO  grpc.GrpcConfigKeys (ConfUtils.java:logFallback(69)) - raft.grpc.admin.host = null (fallback to raft.grpc.server.host)
2025-10-17 11:01:17,041 [ForkJoinPool-1-worker-1] INFO  grpc.GrpcConfigKeys (ConfUtils.java:logGet(62)) - raft.grpc.admin.port = 15030 (custom)
2025-10-17 11:01:17,041 [ForkJoinPool-1-worker-1] INFO  grpc.GrpcConfigKeys (ConfUtils.java:logFallback(69)) - raft.grpc.client.host = null (fallback to raft.grpc.server.host)
2025-10-17 11:01:17,041 [ForkJoinPool-1-worker-1] INFO  grpc.GrpcConfigKeys (ConfUtils.java:logGet(62)) - raft.grpc.client.port = 15029 (custom)
2025-10-17 11:01:17,041 [ForkJoinPool-1-worker-1] INFO  grpc.GrpcConfigKeys (ConfUtils.java:logGet(62)) - raft.grpc.server.port = 15031 (custom)
2025-10-17 11:01:17,041 [ForkJoinPool-1-worker-1] INFO  server.GrpcServicesImpl (ConfUtils.java:logGet(62)) - raft.grpc.message.size.max = 34603008 (custom)
2025-10-17 11:01:17,042 [ForkJoinPool-1-worker-1] INFO  server.GrpcServicesImpl (ConfUtils.java:logGet(62)) - raft.grpc.flow.control.window = 5MB (=5242880) (custom)
2025-10-17 11:01:17,042 [ForkJoinPool-1-worker-1] INFO  server.RaftServerConfigKeys (ConfUtils.java:logGet(62)) - raft.server.log.appender.buffer.byte-limit = 33554432 (custom)
2025-10-17 11:01:17,044 [ForkJoinPool-1-worker-1] INFO  netty.NettyUtils (NettyUtils.java:newEventLoopGroup(74)) - Create EpollEventLoopGroup for b292b6be-9482-4c30-a3e0-c9f721931b72-NettyServerStreamRpc-bossGroup; Thread size is 0.
2025-10-17 11:01:17,044 [ForkJoinPool-1-worker-1] INFO  netty.NettyUtils (NettyUtils.java:newEventLoopGroup(74)) - Create EpollEventLoopGroup for b292b6be-9482-4c30-a3e0-c9f721931b72-NettyServerStreamRpc-workerGroup; Thread size is 0.
2025-10-17 11:01:17,045 [ForkJoinPool-1-worker-1] INFO  netty.NettyConfigKeys$DataStream (ConfUtils.java:logGet(62)) - raft.netty.dataStream.port = 15032 (custom)
2025-10-17 11:01:17,046 [ForkJoinPool-1-worker-1] INFO  server.RaftServerConfigKeys (ConfUtils.java:logGet(62)) - raft.server.storage.dir = [/home/runner/work/ozone/ozone/hadoop-ozone/integration-test/target/test-dir/MiniOzoneClusterImpl-d1ffa5d3-3301-45c3-9f44-1ffa6967d237/ozone-metadata/datanode-3/ratis] (custom)
2025-10-17 11:01:17,046 [b292b6be-9482-4c30-a3e0-c9f721931b72-NettyServerStreamRpc-bossGroup--thread1] INFO  logging.LoggingHandler (AbstractInternalLogger.java:log(148)) - [id: 0x66fcbf24] REGISTERED
2025-10-17 11:01:17,046 [b292b6be-9482-4c30-a3e0-c9f721931b72-NettyServerStreamRpc-bossGroup--thread1] INFO  logging.LoggingHandler (AbstractInternalLogger.java:log(148)) - [id: 0x66fcbf24] BIND: 0.0.0.0/0.0.0.0:15032
2025-10-17 11:01:17,046 [b292b6be-9482-4c30-a3e0-c9f721931b72-NettyServerStreamRpc-bossGroup--thread1] INFO  logging.LoggingHandler (AbstractInternalLogger.java:log(148)) - [id: 0x66fcbf24, L:/0.0.0.0:15032] ACTIVE
2025-10-17 11:01:17,046 [b292b6be-9482-4c30-a3e0-c9f721931b72-impl-thread1] INFO  server.RaftServer (RaftServerProxy.java:initGroupDir(270)) - b292b6be-9482-4c30-a3e0-c9f721931b72: found a subdirectory /home/runner/work/ozone/ozone/hadoop-ozone/integration-test/target/test-dir/MiniOzoneClusterImpl-d1ffa5d3-3301-45c3-9f44-1ffa6967d237/ozone-metadata/datanode-3/ratis/tmp
2025-10-17 11:01:17,047 [b292b6be-9482-4c30-a3e0-c9f721931b72-impl-thread1] INFO  server.RaftServer (RaftServerProxy.java:initGroupDir(275)) - b292b6be-9482-4c30-a3e0-c9f721931b72: The directory /home/runner/work/ozone/ozone/hadoop-ozone/integration-test/target/test-dir/MiniOzoneClusterImpl-d1ffa5d3-3301-45c3-9f44-1ffa6967d237/ozone-metadata/datanode-3/ratis/tmp is not a group directory; ignoring it. 
2025-10-17 11:01:17,047 [ForkJoinPool-1-worker-1] INFO  replication.ReplicationServer (ReplicationServer.java:<init>(84)) - Initializing replication server with thread count = 10 queue length = 4096
2025-10-17 11:01:17,048 [ForkJoinPool-1-worker-1] INFO  server.XceiverServerGrpc (XceiverServerGrpc.java:<init>(129)) - GrpcServer channel type EpollServerSocketChannel
2025-10-17 11:01:17,050 [ForkJoinPool-1-worker-1] INFO  replication.ReplicationSupervisor (ReplicationSupervisor.java:build(169)) - Initializing replication supervisor with thread count = 10
2025-10-17 11:01:17,050 [ForkJoinPool-1-worker-1] INFO  replication.ReplicationSupervisor (ReplicationSupervisor.java:nodeStateUpdated(358)) - Node state updated to IN_SERVICE, scaling executor pool size to 10
2025-10-17 11:01:17,054 [ForkJoinPool-1-worker-1] INFO  http.BaseHttpServer (BaseHttpServer.java:newHttpServer2BuilderForOzone(227)) - Starting Web-server for hddsDatanode at: http://0.0.0.0:15026
2025-10-17 11:01:17,054 [ForkJoinPool-1-worker-1] INFO  http.BaseHttpServer (BaseHttpServer.java:<init>(105)) - Hadoop Security Enabled: false Ozone Security Enabled: false Ozone HTTP Security Enabled: false 
2025-10-17 11:01:17,056 [ForkJoinPool-1-worker-1] WARN  server.AuthenticationFilter (AuthenticationFilter.java:constructSecretProvider(240)) - Unable to initialize FileSignerSecretProvider, falling back to use random secrets. Reason: Could not read signature secret file: /home/runner/hadoop-http-auth-signature-secret
2025-10-17 11:01:17,058 [ForkJoinPool-1-worker-1] INFO  http.HttpServer2 (HttpServer2.java:addGlobalFilter(1040)) - Added global filter 'safety' (class=org.apache.hadoop.hdds.server.http.HttpServer2$QuotingInputFilter)
2025-10-17 11:01:17,060 [ForkJoinPool-1-worker-1] INFO  http.HttpServer2 (HttpServer2.java:addFilter(1016)) - Added filter static_user_filter (class=org.apache.hadoop.http.lib.StaticUserWebFilter$StaticUserFilter) to context hddsDatanode
2025-10-17 11:01:17,060 [ForkJoinPool-1-worker-1] INFO  http.HttpServer2 (HttpServer2.java:addFilter(1024)) - Added filter static_user_filter (class=org.apache.hadoop.http.lib.StaticUserWebFilter$StaticUserFilter) to context static
2025-10-17 11:01:17,061 [ForkJoinPool-1-worker-1] INFO  http.HttpServer2 (HttpServer2.java:addFilter(1024)) - Added filter static_user_filter (class=org.apache.hadoop.http.lib.StaticUserWebFilter$StaticUserFilter) to context logs
2025-10-17 11:01:17,061 [ForkJoinPool-1-worker-1] INFO  http.BaseHttpServer (BaseHttpServer.java:<init>(193)) - HTTP server of hddsDatanode uses base directory /home/runner/work/ozone/ozone/hadoop-ozone/integration-test/target/test-dir/MiniOzoneClusterImpl-d1ffa5d3-3301-45c3-9f44-1ffa6967d237/scm/ozone-metadata/webserver
2025-10-17 11:01:17,061 [ForkJoinPool-1-worker-1] INFO  http.HttpServer2 (HttpServer2.java:bindListener(1240)) - Jetty bound to port 15026
2025-10-17 11:01:17,061 [ForkJoinPool-1-worker-1] INFO  server.Server (Server.java:doStart(375)) - jetty-9.4.58.v20250814; built: 2025-08-14T02:28:49.637Z; git: 8f1440587e9e4ae7db3d74cf205643f3d707148d; jvm 21.0.8+9-LTS
2025-10-17 11:01:17,064 [ForkJoinPool-1-worker-1] INFO  server.session (DefaultSessionIdManager.java:doStart(334)) - DefaultSessionIdManager workerName=node0
2025-10-17 11:01:17,064 [ForkJoinPool-1-worker-1] INFO  server.session (DefaultSessionIdManager.java:doStart(339)) - No SessionScavenger set, using defaults
2025-10-17 11:01:17,064 [ForkJoinPool-1-worker-1] INFO  server.session (HouseKeeper.java:startScavenging(132)) - node0 Scavenging every 660000ms
2025-10-17 11:01:17,066 [ForkJoinPool-1-worker-1] INFO  handler.ContextHandler (ContextHandler.java:doStart(921)) - Started o.e.j.s.ServletContextHandler@5fa4a6cb{logs,/logs,file:///home/runner/work/ozone/ozone/hadoop-ozone/integration-test/target/log,AVAILABLE}
2025-10-17 11:01:17,066 [ForkJoinPool-1-worker-1] INFO  handler.ContextHandler (ContextHandler.java:doStart(921)) - Started o.e.j.s.ServletContextHandler@497d0cba{static,/static,jar:file:/home/runner/work/ozone/ozone/hadoop-hdds/container-service/target/hdds-container-service-2.1.0-SNAPSHOT.jar!/webapps/static,AVAILABLE}
2025-10-17 11:01:17,141 [om1@group-C5BA1605619E-FollowerState] INFO  impl.FollowerState (FollowerState.java:runImpl(161)) - om1@group-C5BA1605619E-FollowerState: change to CANDIDATE, lastRpcElapsedTime:1172867844ns, electionTimeout:1172ms
2025-10-17 11:01:17,141 [om1@group-C5BA1605619E-FollowerState] INFO  impl.RoleInfo (RoleInfo.java:shutdownFollowerState(121)) - om1: shutdown om1@group-C5BA1605619E-FollowerState
2025-10-17 11:01:17,141 [om1@group-C5BA1605619E-FollowerState] INFO  server.RaftServer$Division (RaftServerImpl.java:setRole(392)) - om1@group-C5BA1605619E: changes role from  FOLLOWER to CANDIDATE at term 0 for changeToCandidate
2025-10-17 11:01:17,142 [om1@group-C5BA1605619E-FollowerState] INFO  impl.RoleInfo (RoleInfo.java:updateAndGet(148)) - om1: start om1@group-C5BA1605619E-LeaderElection3
2025-10-17 11:01:17,142 [om1@group-C5BA1605619E-LeaderElection3] INFO  impl.LeaderElection (LeaderElection.java:askForVotes(448)) - om1@group-C5BA1605619E-LeaderElection3 PRE_VOTE round 0: submit vote requests at term 0 for conf: {index: -1, cur=peers:[om1|localhost:15009]|listeners:[], old=null}
2025-10-17 11:01:17,142 [om1@group-C5BA1605619E-LeaderElection3] INFO  impl.LeaderElection (LeaderElection.java:askForVotes(450)) - om1@group-C5BA1605619E-LeaderElection3 PRE_VOTE round 0: result PASSED (term=0)
2025-10-17 11:01:17,144 [om1@group-C5BA1605619E-LeaderElection3] INFO  impl.LeaderElection (LeaderElection.java:askForVotes(448)) - om1@group-C5BA1605619E-LeaderElection3 ELECTION round 0: submit vote requests at term 1 for conf: {index: -1, cur=peers:[om1|localhost:15009]|listeners:[], old=null}
2025-10-17 11:01:17,144 [om1@group-C5BA1605619E-LeaderElection3] INFO  impl.LeaderElection (LeaderElection.java:askForVotes(450)) - om1@group-C5BA1605619E-LeaderElection3 ELECTION round 0: result PASSED (term=1)
2025-10-17 11:01:17,144 [om1@group-C5BA1605619E-LeaderElection3] INFO  impl.RoleInfo (RoleInfo.java:shutdownLeaderElection(141)) - om1: shutdown om1@group-C5BA1605619E-LeaderElection3
2025-10-17 11:01:17,145 [om1@group-C5BA1605619E-LeaderElection3] INFO  server.RaftServer$Division (RaftServerImpl.java:setRole(392)) - om1@group-C5BA1605619E: changes role from CANDIDATE to LEADER at term 1 for changeToLeader
2025-10-17 11:01:17,145 [om1@group-C5BA1605619E-LeaderElection3] INFO  server.RaftServerConfigKeys (ConfUtils.java:logFallback(69)) - raft.server.staging.timeout = 3600ms (fallback to raft.server.rpc.timeout.max)
2025-10-17 11:01:17,145 [om1@group-C5BA1605619E-LeaderElection3] INFO  server.RaftServerConfigKeys (ConfUtils.java:logGet(62)) - raft.server.write.byte-limit = 67108864 (custom)
2025-10-17 11:01:17,146 [om1@group-C5BA1605619E-LeaderElection3] INFO  impl.RoleInfo (RoleInfo.java:updateAndGet(148)) - om1: start om1@group-C5BA1605619E-LeaderStateImpl
2025-10-17 11:01:17,146 [om1@group-C5BA1605619E-LeaderElection3] INFO  server.RaftServer$Division (RaftServerImpl.java:setFirstElection(576)) - om1@group-C5BA1605619E: set firstElectionSinceStartup to false for becomeLeader
2025-10-17 11:01:17,147 [Warm Up EDEK Cache Thread #0] INFO  om.OzoneManager (OzoneManager.java:run(771)) - Warming up 0 EDEKs... (initialDelay=3000, retryInterval=1000, maxRetries=10)
2025-10-17 11:01:17,149 | INFO  | OMSystemAudit | user=null | ip= | op=LEADER_CHANGE {"previousLeader":"NONE","newLeader":"om1"} | ret=SUCCESS |  
2025-10-17 11:01:17,150 [om1@group-C5BA1605619E-LeaderElection3] INFO  ratis.OzoneManagerStateMachine (OzoneManagerStateMachine.java:notifyLeaderChanged(195)) - om1@group-C5BA1605619E: leader changed to om1
2025-10-17 11:01:17,150 [om1@group-C5BA1605619E-LeaderElection3] INFO  server.RaftServer$Division (ServerState.java:setLeader(272)) - om1@group-C5BA1605619E: change Leader from null to om1 at term 1 for becomeLeader, leader elected after 2190ms
2025-10-17 11:01:17,151 [om1@group-C5BA1605619E-LeaderElection3] INFO  segmented.SegmentedRaftLogWorker (SegmentedRaftLogWorker.java:startLogSegment(440)) - om1@group-C5BA1605619E-SegmentedRaftLogWorker: Starting segment from index:0
2025-10-17 11:01:17,151 [om1@group-C5BA1605619E-LeaderElection3] INFO  server.RaftServer$Division (ServerState.java:setRaftConf(386)) - om1@group-C5BA1605619E: set configuration conf: {index: 0, cur=peers:[om1|localhost:15009]|listeners:[], old=null}
2025-10-17 11:01:17,152 [om1@group-C5BA1605619E-SegmentedRaftLogWorker] INFO  segmented.BufferedWriteChannel (BufferedWriteChannel.java:open(61)) - open log_inprogress_0 at position 0
2025-10-17 11:01:17,156 [om1@group-C5BA1605619E-SegmentedRaftLogWorker] INFO  segmented.SegmentedRaftLogWorker (SegmentedRaftLogWorker.java:execute(647)) - om1@group-C5BA1605619E-SegmentedRaftLogWorker: created new log segment /home/runner/work/ozone/ozone/hadoop-ozone/integration-test/target/test-dir/MiniOzoneClusterImpl-d1ffa5d3-3301-45c3-9f44-1ffa6967d237/om/ratis/bf265839-605b-3f16-9796-c5ba1605619e/current/log_inprogress_0
2025-10-17 11:01:17,158 [om1@group-C5BA1605619E-StateMachineUpdater] INFO  ratis.OzoneManagerStateMachine (OzoneManagerStateMachine.java:notifyConfigurationChanged(264)) - notifyConfigurationChanged from Ratis: term=1, index=0, New Peer list: om1(localhost:15009), New Listener list
2025-10-17 11:01:17,158 [om1@group-C5BA1605619E-StateMachineUpdater] INFO  server.RaftServer$Division (LeaderStateImpl.java:checkStartIndex(309)) - Leader om1@group-C5BA1605619E-LeaderStateImpl is ready since appliedIndex == startIndex == 0
2025-10-17 11:01:17,222 [ForkJoinPool-1-worker-1] INFO  handler.ContextHandler (ContextHandler.java:doStart(921)) - Started o.e.j.w.WebAppContext@60793143{hddsDatanode,/,file:///home/runner/work/ozone/ozone/hadoop-ozone/integration-test/target/test-dir/MiniOzoneClusterImpl-d1ffa5d3-3301-45c3-9f44-1ffa6967d237/scm/ozone-metadata/webserver/jetty-0_0_0_0-15026-hdds-container-service-2_1_0-SNAPSHOT_jar-_-any-12242974192911188753/webapp/,AVAILABLE}{jar:file:/home/runner/work/ozone/ozone/hadoop-hdds/container-service/target/hdds-container-service-2.1.0-SNAPSHOT.jar!/webapps/hddsDatanode}
2025-10-17 11:01:17,223 [ForkJoinPool-1-worker-1] INFO  server.AbstractConnector (AbstractConnector.java:doStart(333)) - Started ServerConnector@73861304{HTTP/1.1, (http/1.1)}{0.0.0.0:15026}
2025-10-17 11:01:17,223 [ForkJoinPool-1-worker-1] INFO  server.Server (Server.java:doStart(415)) - Started @10750ms
2025-10-17 11:01:17,223 [ForkJoinPool-1-worker-1] WARN  impl.MetricsSystemImpl (MetricsSystemImpl.java:register(279)) - Sink prometheus already exists!
2025-10-17 11:01:17,223 [ForkJoinPool-1-worker-1] INFO  http.BaseHttpServer (BaseHttpServer.java:updateConnectorAddress(357)) - HTTP server of hddsDatanode listening at http://localhost:15026
2025-10-17 11:01:17,224 [ForkJoinPool-1-worker-1] INFO  ipc.CallQueueManager (CallQueueManager.java:<init>(93)) - Using callQueue: class java.util.concurrent.LinkedBlockingQueue, queueCapacity: 1000, scheduler: class org.apache.hadoop.ipc.DefaultRpcScheduler, ipcBackoff: false, ipcFailOver: false.
2025-10-17 11:01:17,224 [ForkJoinPool-1-worker-1] INFO  ipc.Server (Server.java:<init>(1438)) - Listener at 0.0.0.0:15027
2025-10-17 11:01:17,224 [Socket Reader #1 for port 15027] INFO  ipc.Server (Server.java:run(1474)) - Starting Socket Reader #1 for port 15027
2025-10-17 11:01:17,224 [Socket Reader #2 for port 15027] INFO  ipc.Server (Server.java:run(1474)) - Starting Socket Reader #2 for port 15027
2025-10-17 11:01:17,224 [Socket Reader #3 for port 15027] INFO  ipc.Server (Server.java:run(1474)) - Starting Socket Reader #3 for port 15027
2025-10-17 11:01:17,224 [Socket Reader #4 for port 15027] INFO  ipc.Server (Server.java:run(1474)) - Starting Socket Reader #4 for port 15027
2025-10-17 11:01:17,225 [Socket Reader #5 for port 15027] INFO  ipc.Server (Server.java:run(1474)) - Starting Socket Reader #5 for port 15027
2025-10-17 11:01:17,225 [Socket Reader #6 for port 15027] INFO  ipc.Server (Server.java:run(1474)) - Starting Socket Reader #6 for port 15027
2025-10-17 11:01:17,225 [Socket Reader #7 for port 15027] INFO  ipc.Server (Server.java:run(1474)) - Starting Socket Reader #7 for port 15027
2025-10-17 11:01:17,225 [Socket Reader #8 for port 15027] INFO  ipc.Server (Server.java:run(1474)) - Starting Socket Reader #8 for port 15027
2025-10-17 11:01:17,225 [Socket Reader #9 for port 15027] INFO  ipc.Server (Server.java:run(1474)) - Starting Socket Reader #9 for port 15027
2025-10-17 11:01:17,225 [Socket Reader #10 for port 15027] INFO  ipc.Server (Server.java:run(1474)) - Starting Socket Reader #10 for port 15027
2025-10-17 11:01:17,227 [ForkJoinPool-1-worker-1] INFO  ozone.HddsDatanodeService (HddsDatanodeService.java:start(333)) - Datanode start with admins: [admin, runner]
2025-10-17 11:01:17,227 [ForkJoinPool-1-worker-1] INFO  ozone.HddsDatanodeClientProtocolServer (HddsDatanodeClientProtocolServer.java:start(76)) - RPC server for Client /0.0.0.0:15027
2025-10-17 11:01:17,228 [IPC Server Responder] INFO  ipc.Server (Server.java:run(1713)) - IPC Server Responder: starting
2025-10-17 11:01:17,228 [IPC Server listener on 15027] INFO  ipc.Server (Server.java:run(1553)) - IPC Server listener on 15027: starting
2025-10-17 11:01:17,229 [ForkJoinPool-1-worker-1] WARN  dropwizard3.Dm3MetricRegistriesImpl (Dm3MetricRegistriesImpl.java:addReporterRegistration(114)) - New reporters are added after registries were created. Some metrics will be missing from the reporter. Please add reporter before adding any new registry.
2025-10-17 11:01:17,229 [ForkJoinPool-1-worker-1] WARN  dropwizard3.Dm3MetricRegistriesImpl (Dm3MetricRegistriesImpl.java:addReporterRegistration(114)) - New reporters are added after registries were created. Some metrics will be missing from the reporter. Please add reporter before adding any new registry.
2025-10-17 11:01:17,230 [b292b6be-9482-4c30-a3e0-c9f721931b72-DatanodeStateMachineDaemonThread] INFO  statemachine.DatanodeStateMachine (DatanodeStateMachine.java:startStateMachineThread(363)) - Ozone container server started.
2025-10-17 11:01:17,234 [b292b6be-9482-4c30-a3e0-c9f721931b72-DatanodeStateMachineTaskThread-0] INFO  datanode.InitDatanodeState (InitDatanodeState.java:persistContainerDatanodeDetails(139)) - DatanodeDetails is persisted to /home/runner/work/ozone/ozone/hadoop-ozone/integration-test/target/test-dir/MiniOzoneClusterImpl-d1ffa5d3-3301-45c3-9f44-1ffa6967d237/ozone-metadata/datanode-3/ozone-metadata/datanode.id
2025-10-17 11:01:17,247 [ForkJoinPool-1-worker-1] INFO  protocol.DatanodeDetails (DatanodeDetails.java:validateDatanodeIpAddress(199)) - Updating IP address of datanode 718bfa29-2c47-4ab5-ac61-3dfe9c6b9d5c(localhost/null) to 127.0.0.1
2025-10-17 11:01:17,247 [ForkJoinPool-1-worker-1] INFO  ozone.HddsDatanodeService (HddsDatanodeService.java:start(236)) - HddsDatanodeService 718bfa29-2c47-4ab5-ac61-3dfe9c6b9d5c(localhost/127.0.0.1)
2025-10-17 11:01:17,249 [ForkJoinPool-1-worker-1] INFO  upgrade.AbstractLayoutVersionManager (AbstractLayoutVersionManager.java:init(80)) - Initializing Layout version manager with metadata layout = WITNESSED_CONTAINER_DB_PROTO_VALUE (version = 9), software layout = WITNESSED_CONTAINER_DB_PROTO_VALUE (version = 9)
2025-10-17 11:01:17,249 [ForkJoinPool-1-worker-1] INFO  statemachine.DatanodeStateMachine (DatanodeStateMachine.java:getEndPointTaskThreadPoolSize(321)) - Datanode State Machine Task Thread Pool size 2
2025-10-17 11:01:17,253 [ForkJoinPool-1-worker-1] INFO  volume.HddsVolume (HddsVolume.java:<init>(162)) - HddsVolume: { id=DS-b9a126a5-d0d5-48ca-b1e8-8ab293509bb9 dir=/home/runner/work/ozone/ozone/hadoop-ozone/integration-test/target/test-dir/MiniOzoneClusterImpl-d1ffa5d3-3301-45c3-9f44-1ffa6967d237/ozone-metadata/datanode-4/data-0/hdds type=DISK capacity=9222449699674390527 used=0 available=9222449699674390527 minFree=184448985434423296 committed=0 }
2025-10-17 11:01:17,253 [ForkJoinPool-1-worker-1] INFO  volume.MutableVolumeSet (MutableVolumeSet.java:initializeVolumeSet(175)) - Added Volume : /home/runner/work/ozone/ozone/hadoop-ozone/integration-test/target/test-dir/MiniOzoneClusterImpl-d1ffa5d3-3301-45c3-9f44-1ffa6967d237/ozone-metadata/datanode-4/data-0/hdds to VolumeSet
2025-10-17 11:01:17,254 [ForkJoinPool-1-worker-1] INFO  volume.MutableVolumeSet (MutableVolumeSet.java:initializeVolumeSet(175)) - Added Volume : /home/runner/work/ozone/ozone/hadoop-ozone/integration-test/target/test-dir/MiniOzoneClusterImpl-d1ffa5d3-3301-45c3-9f44-1ffa6967d237/ozone-metadata/datanode-4/ratis to VolumeSet
2025-10-17 11:01:17,266 [ForkJoinPool-1-worker-1] INFO  ozoneimpl.OzoneContainer (HddsVolumeUtil.java:loadAllHddsVolumeDbStore(102)) - Load 1 volumes DbStore cost: 1ms
2025-10-17 11:01:17,267 [ForkJoinPool-1-worker-1] WARN  db.DBStoreBuilder (DBStoreBuilder.java:getDBDirPath(157)) - ozone.scm.datanode.id.dir is not configured. We recommend adding this setting. Falling back to ozone.metadata.dirs instead.
2025-10-17 11:01:17,269 [ForkJoinPool-1-worker-1] WARN  db.DBStoreBuilder (DBStoreBuilder.java:getDBDirPath(157)) - ozone.scm.datanode.id.dir is not configured. We recommend adding this setting. Falling back to ozone.metadata.dirs instead.
2025-10-17 11:01:17,284 [ForkJoinPool-1-worker-1] INFO  impl.FilePerChunkStrategy (FilePerChunkStrategy.java:<init>(79)) - ozone.chunk.read.mapped.buffer.max.count is load with 0
2025-10-17 11:01:17,284 [ForkJoinPool-1-worker-1] INFO  impl.FilePerBlockStrategy (FilePerBlockStrategy.java:<init>(88)) - ozone.chunk.read.mapped.buffer.max.count is load with 0
2025-10-17 11:01:17,288 [ForkJoinPool-1-worker-1] INFO  server.RaftServerConfigKeys (ConfUtils.java:logGet(62)) - raft.server.log.appender.buffer.byte-limit = 33554432 (custom)
2025-10-17 11:01:17,292 [ForkJoinPool-1-worker-1] INFO  grpc.GrpcConfigKeys (ConfUtils.java:logFallback(69)) - raft.grpc.admin.host = null (fallback to raft.grpc.server.host)
2025-10-17 11:01:17,293 [ForkJoinPool-1-worker-1] INFO  grpc.GrpcConfigKeys (ConfUtils.java:logGet(62)) - raft.grpc.admin.port = 15038 (custom)
2025-10-17 11:01:17,293 [ForkJoinPool-1-worker-1] INFO  grpc.GrpcConfigKeys (ConfUtils.java:logFallback(69)) - raft.grpc.client.host = null (fallback to raft.grpc.server.host)
2025-10-17 11:01:17,294 [ForkJoinPool-1-worker-1] INFO  grpc.GrpcConfigKeys (ConfUtils.java:logGet(62)) - raft.grpc.client.port = 15037 (custom)
2025-10-17 11:01:17,294 [ForkJoinPool-1-worker-1] INFO  grpc.GrpcConfigKeys (ConfUtils.java:logGet(62)) - raft.grpc.server.port = 15039 (custom)
2025-10-17 11:01:17,294 [ForkJoinPool-1-worker-1] INFO  server.GrpcServicesImpl (ConfUtils.java:logGet(62)) - raft.grpc.message.size.max = 34603008 (custom)
2025-10-17 11:01:17,294 [ForkJoinPool-1-worker-1] INFO  server.GrpcServicesImpl (ConfUtils.java:logGet(62)) - raft.grpc.flow.control.window = 5MB (=5242880) (custom)
2025-10-17 11:01:17,296 [ForkJoinPool-1-worker-1] INFO  server.RaftServerConfigKeys (ConfUtils.java:logGet(62)) - raft.server.log.appender.buffer.byte-limit = 33554432 (custom)
2025-10-17 11:01:17,301 [ForkJoinPool-1-worker-1] INFO  netty.NettyUtils (NettyUtils.java:newEventLoopGroup(74)) - Create EpollEventLoopGroup for 718bfa29-2c47-4ab5-ac61-3dfe9c6b9d5c-NettyServerStreamRpc-bossGroup; Thread size is 0.
2025-10-17 11:01:17,302 [ForkJoinPool-1-worker-1] INFO  netty.NettyUtils (NettyUtils.java:newEventLoopGroup(74)) - Create EpollEventLoopGroup for 718bfa29-2c47-4ab5-ac61-3dfe9c6b9d5c-NettyServerStreamRpc-workerGroup; Thread size is 0.
2025-10-17 11:01:17,303 [ForkJoinPool-1-worker-1] INFO  netty.NettyConfigKeys$DataStream (ConfUtils.java:logGet(62)) - raft.netty.dataStream.port = 15040 (custom)
2025-10-17 11:01:17,305 [ForkJoinPool-1-worker-1] INFO  server.RaftServerConfigKeys (ConfUtils.java:logGet(62)) - raft.server.storage.dir = [/home/runner/work/ozone/ozone/hadoop-ozone/integration-test/target/test-dir/MiniOzoneClusterImpl-d1ffa5d3-3301-45c3-9f44-1ffa6967d237/ozone-metadata/datanode-4/ratis] (custom)
2025-10-17 11:01:17,306 [718bfa29-2c47-4ab5-ac61-3dfe9c6b9d5c-impl-thread1] INFO  server.RaftServer (RaftServerProxy.java:initGroupDir(270)) - 718bfa29-2c47-4ab5-ac61-3dfe9c6b9d5c: found a subdirectory /home/runner/work/ozone/ozone/hadoop-ozone/integration-test/target/test-dir/MiniOzoneClusterImpl-d1ffa5d3-3301-45c3-9f44-1ffa6967d237/ozone-metadata/datanode-4/ratis/tmp
2025-10-17 11:01:17,306 [718bfa29-2c47-4ab5-ac61-3dfe9c6b9d5c-impl-thread1] INFO  server.RaftServer (RaftServerProxy.java:initGroupDir(275)) - 718bfa29-2c47-4ab5-ac61-3dfe9c6b9d5c: The directory /home/runner/work/ozone/ozone/hadoop-ozone/integration-test/target/test-dir/MiniOzoneClusterImpl-d1ffa5d3-3301-45c3-9f44-1ffa6967d237/ozone-metadata/datanode-4/ratis/tmp is not a group directory; ignoring it. 
2025-10-17 11:01:17,307 [ForkJoinPool-1-worker-1] INFO  replication.ReplicationServer (ReplicationServer.java:<init>(84)) - Initializing replication server with thread count = 10 queue length = 4096
2025-10-17 11:01:17,306 [718bfa29-2c47-4ab5-ac61-3dfe9c6b9d5c-NettyServerStreamRpc-bossGroup--thread1] INFO  logging.LoggingHandler (AbstractInternalLogger.java:log(148)) - [id: 0x8a3c6ae6] REGISTERED
2025-10-17 11:01:17,308 [718bfa29-2c47-4ab5-ac61-3dfe9c6b9d5c-NettyServerStreamRpc-bossGroup--thread1] INFO  logging.LoggingHandler (AbstractInternalLogger.java:log(148)) - [id: 0x8a3c6ae6] BIND: 0.0.0.0/0.0.0.0:15040
2025-10-17 11:01:17,309 [718bfa29-2c47-4ab5-ac61-3dfe9c6b9d5c-NettyServerStreamRpc-bossGroup--thread1] INFO  logging.LoggingHandler (AbstractInternalLogger.java:log(148)) - [id: 0x8a3c6ae6, L:/0.0.0.0:15040] ACTIVE
2025-10-17 11:01:17,308 [ForkJoinPool-1-worker-1] INFO  server.XceiverServerGrpc (XceiverServerGrpc.java:<init>(129)) - GrpcServer channel type EpollServerSocketChannel
2025-10-17 11:01:17,312 | INFO  | SCMAudit | user=runner | ip=127.0.0.1 | op=GET_VERSION {} | ret=SUCCESS |  
2025-10-17 11:01:17,314 [ForkJoinPool-1-worker-1] INFO  replication.ReplicationSupervisor (ReplicationSupervisor.java:build(169)) - Initializing replication supervisor with thread count = 10
2025-10-17 11:01:17,314 [ForkJoinPool-1-worker-1] INFO  replication.ReplicationSupervisor (ReplicationSupervisor.java:nodeStateUpdated(358)) - Node state updated to IN_SERVICE, scaling executor pool size to 10
2025-10-17 11:01:17,319 [ForkJoinPool-1-worker-1] INFO  http.BaseHttpServer (BaseHttpServer.java:newHttpServer2BuilderForOzone(227)) - Starting Web-server for hddsDatanode at: http://0.0.0.0:15034
2025-10-17 11:01:17,319 [ForkJoinPool-1-worker-1] INFO  http.BaseHttpServer (BaseHttpServer.java:<init>(105)) - Hadoop Security Enabled: false Ozone Security Enabled: false Ozone HTTP Security Enabled: false 
2025-10-17 11:01:17,321 [ForkJoinPool-1-worker-1] WARN  server.AuthenticationFilter (AuthenticationFilter.java:constructSecretProvider(240)) - Unable to initialize FileSignerSecretProvider, falling back to use random secrets. Reason: Could not read signature secret file: /home/runner/hadoop-http-auth-signature-secret
2025-10-17 11:01:17,325 [ForkJoinPool-1-worker-1] INFO  http.HttpServer2 (HttpServer2.java:addGlobalFilter(1040)) - Added global filter 'safety' (class=org.apache.hadoop.hdds.server.http.HttpServer2$QuotingInputFilter)
2025-10-17 11:01:17,327 [ForkJoinPool-1-worker-1] INFO  http.HttpServer2 (HttpServer2.java:addFilter(1016)) - Added filter static_user_filter (class=org.apache.hadoop.http.lib.StaticUserWebFilter$StaticUserFilter) to context hddsDatanode
2025-10-17 11:01:17,327 [ForkJoinPool-1-worker-1] INFO  http.HttpServer2 (HttpServer2.java:addFilter(1024)) - Added filter static_user_filter (class=org.apache.hadoop.http.lib.StaticUserWebFilter$StaticUserFilter) to context static
2025-10-17 11:01:17,327 [ForkJoinPool-1-worker-1] INFO  http.HttpServer2 (HttpServer2.java:addFilter(1024)) - Added filter static_user_filter (class=org.apache.hadoop.http.lib.StaticUserWebFilter$StaticUserFilter) to context logs
2025-10-17 11:01:17,328 [ForkJoinPool-1-worker-1] INFO  http.BaseHttpServer (BaseHttpServer.java:<init>(193)) - HTTP server of hddsDatanode uses base directory /home/runner/work/ozone/ozone/hadoop-ozone/integration-test/target/test-dir/MiniOzoneClusterImpl-d1ffa5d3-3301-45c3-9f44-1ffa6967d237/scm/ozone-metadata/webserver
2025-10-17 11:01:17,329 [ForkJoinPool-1-worker-1] INFO  http.HttpServer2 (HttpServer2.java:bindListener(1240)) - Jetty bound to port 15034
2025-10-17 11:01:17,329 [ForkJoinPool-1-worker-1] INFO  server.Server (Server.java:doStart(375)) - jetty-9.4.58.v20250814; built: 2025-08-14T02:28:49.637Z; git: 8f1440587e9e4ae7db3d74cf205643f3d707148d; jvm 21.0.8+9-LTS
2025-10-17 11:01:17,331 [ForkJoinPool-1-worker-1] INFO  server.session (DefaultSessionIdManager.java:doStart(334)) - DefaultSessionIdManager workerName=node0
2025-10-17 11:01:17,331 [ForkJoinPool-1-worker-1] INFO  server.session (DefaultSessionIdManager.java:doStart(339)) - No SessionScavenger set, using defaults
2025-10-17 11:01:17,332 [ForkJoinPool-1-worker-1] INFO  server.session (HouseKeeper.java:startScavenging(132)) - node0 Scavenging every 660000ms
2025-10-17 11:01:17,333 [ForkJoinPool-1-worker-1] INFO  handler.ContextHandler (ContextHandler.java:doStart(921)) - Started o.e.j.s.ServletContextHandler@2b350f5a{logs,/logs,file:///home/runner/work/ozone/ozone/hadoop-ozone/integration-test/target/log,AVAILABLE}
2025-10-17 11:01:17,334 [ForkJoinPool-1-worker-1] INFO  handler.ContextHandler (ContextHandler.java:doStart(921)) - Started o.e.j.s.ServletContextHandler@5571ce5c{static,/static,jar:file:/home/runner/work/ozone/ozone/hadoop-hdds/container-service/target/hdds-container-service-2.1.0-SNAPSHOT.jar!/webapps/static,AVAILABLE}
2025-10-17 11:01:17,377 [309ab1ff-9f5a-4058-8b2f-94d451ce5267-EndpointStateMachineTaskThread-/0.0.0.0:15002-0 ] INFO  utils.DatanodeStoreCache (DatanodeStoreCache.java:addDB(70)) - Added db /home/runner/work/ozone/ozone/hadoop-ozone/integration-test/target/test-dir/MiniOzoneClusterImpl-d1ffa5d3-3301-45c3-9f44-1ffa6967d237/ozone-metadata/datanode-1/data-0/hdds/d1ffa5d3-3301-45c3-9f44-1ffa6967d237/DS-842c4b9c-a823-477e-9ba1-308f56ff044f/container.db to cache
2025-10-17 11:01:17,377 [309ab1ff-9f5a-4058-8b2f-94d451ce5267-EndpointStateMachineTaskThread-/0.0.0.0:15002-0 ] INFO  volume.HddsVolume (HddsVolume.java:createDbStore(576)) - SchemaV3 db is created and loaded at /home/runner/work/ozone/ozone/hadoop-ozone/integration-test/target/test-dir/MiniOzoneClusterImpl-d1ffa5d3-3301-45c3-9f44-1ffa6967d237/ozone-metadata/datanode-1/data-0/hdds/d1ffa5d3-3301-45c3-9f44-1ffa6967d237/DS-842c4b9c-a823-477e-9ba1-308f56ff044f/container.db for volume DS-842c4b9c-a823-477e-9ba1-308f56ff044f
2025-10-17 11:01:17,386 [309ab1ff-9f5a-4058-8b2f-94d451ce5267-ContainerReader-0] INFO  ozoneimpl.ContainerReader (ContainerReader.java:readVolume(147)) - Start to verify containers on volume /home/runner/work/ozone/ozone/hadoop-ozone/integration-test/target/test-dir/MiniOzoneClusterImpl-d1ffa5d3-3301-45c3-9f44-1ffa6967d237/ozone-metadata/datanode-1/data-0/hdds
2025-10-17 11:01:17,386 [309ab1ff-9f5a-4058-8b2f-94d451ce5267-ContainerReader-0] INFO  ozoneimpl.ContainerReader (ContainerReader.java:readVolume(177)) - Finish verifying containers on volume /home/runner/work/ozone/ozone/hadoop-ozone/integration-test/target/test-dir/MiniOzoneClusterImpl-d1ffa5d3-3301-45c3-9f44-1ffa6967d237/ozone-metadata/datanode-1/data-0/hdds
2025-10-17 11:01:17,387 [309ab1ff-9f5a-4058-8b2f-94d451ce5267-EndpointStateMachineTaskThread-/0.0.0.0:15002-0 ] INFO  ozoneimpl.OzoneContainer (OzoneContainer.java:buildContainerSet(359)) - Build ContainerSet costs 0s
2025-10-17 11:01:17,388 [309ab1ff-9f5a-4058-8b2f-94d451ce5267-EndpointStateMachineTaskThread-/0.0.0.0:15002-0 ] INFO  volume.ThrottledAsyncChecker (ThrottledAsyncChecker.java:schedule(138)) - Scheduling a check for /home/runner/work/ozone/ozone/hadoop-ozone/integration-test/target/test-dir/MiniOzoneClusterImpl-d1ffa5d3-3301-45c3-9f44-1ffa6967d237/ozone-metadata/datanode-1/data-0/hdds
2025-10-17 11:01:17,393 [309ab1ff-9f5a-4058-8b2f-94d451ce5267-EndpointStateMachineTaskThread-/0.0.0.0:15002-0 ] INFO  volume.StorageVolumeChecker (StorageVolumeChecker.java:checkAllVolumes(231)) - Scheduled health check for volume /home/runner/work/ozone/ozone/hadoop-ozone/integration-test/target/test-dir/MiniOzoneClusterImpl-d1ffa5d3-3301-45c3-9f44-1ffa6967d237/ozone-metadata/datanode-1/data-0/hdds
2025-10-17 11:01:17,401 [309ab1ff-9f5a-4058-8b2f-94d451ce5267-EndpointStateMachineTaskThread-/0.0.0.0:15002-0 ] INFO  volume.ThrottledAsyncChecker (ThrottledAsyncChecker.java:schedule(138)) - Scheduling a check for /home/runner/work/ozone/ozone/hadoop-ozone/integration-test/target/test-dir/MiniOzoneClusterImpl-d1ffa5d3-3301-45c3-9f44-1ffa6967d237/ozone-metadata/datanode-1/ratis
2025-10-17 11:01:17,401 [309ab1ff-9f5a-4058-8b2f-94d451ce5267-EndpointStateMachineTaskThread-/0.0.0.0:15002-0 ] INFO  volume.StorageVolumeChecker (StorageVolumeChecker.java:checkAllVolumes(231)) - Scheduled health check for volume /home/runner/work/ozone/ozone/hadoop-ozone/integration-test/target/test-dir/MiniOzoneClusterImpl-d1ffa5d3-3301-45c3-9f44-1ffa6967d237/ozone-metadata/datanode-1/ratis
2025-10-17 11:01:17,402 [309ab1ff-9f5a-4058-8b2f-94d451ce5267-EndpointStateMachineTaskThread-/0.0.0.0:15002-0 ] INFO  ozoneimpl.OzoneContainer (OzoneContainer.java:start(544)) - Attempting to start container services.
2025-10-17 11:01:17,410 [ContainerMetadataScanner] INFO  ozoneimpl.AbstractBackgroundContainerScanner (AbstractBackgroundContainerScanner.java:runIteration(89)) - Completed an iteration in 0 minutes. Number of iterations (since the data-node restart) : 1, Number of containers scanned in this iteration : 0, Number of unhealthy containers found in this iteration : 0
2025-10-17 11:01:17,413 [ContainerDataScanner(/home/runner/work/ozone/ozone/hadoop-ozone/integration-test/target/test-dir/MiniOzoneClusterImpl-d1ffa5d3-3301-45c3-9f44-1ffa6967d237/ozone-metadata/datanode-1/data-0/hdds)] INFO  ozoneimpl.AbstractBackgroundContainerScanner (AbstractBackgroundContainerScanner.java:runIteration(89)) - Completed an iteration in 0 minutes. Number of iterations (since the data-node restart) : 1, Number of containers scanned in this iteration : 0, Number of unhealthy containers found in this iteration : 0
2025-10-17 11:01:17,413 [309ab1ff-9f5a-4058-8b2f-94d451ce5267-EndpointStateMachineTaskThread-/0.0.0.0:15002-0 ] INFO  replication.ReplicationServer (ReplicationServer.java:start(137)) - ReplicationServer is started using port 15017
2025-10-17 11:01:17,414 [309ab1ff-9f5a-4058-8b2f-94d451ce5267-EndpointStateMachineTaskThread-/0.0.0.0:15002-0 ] INFO  ratis.XceiverServerRatis (XceiverServerRatis.java:start(559)) - Starting XceiverServerRatis(309ab1ff-9f5a-4058-8b2f-94d451ce5267)
2025-10-17 11:01:17,416 [309ab1ff-9f5a-4058-8b2f-94d451ce5267-EndpointStateMachineTaskThread-/0.0.0.0:15002-0 ] INFO  server.RaftServer (RaftServerProxy.java:startImpl(412)) - 309ab1ff-9f5a-4058-8b2f-94d451ce5267: start RPC server
2025-10-17 11:01:17,417 [309ab1ff-9f5a-4058-8b2f-94d451ce5267-EndpointStateMachineTaskThread-/0.0.0.0:15002-0 ] INFO  server.GrpcServicesImpl (GrpcServicesImpl.java:startImpl(346)) - 309ab1ff-9f5a-4058-8b2f-94d451ce5267: GrpcServicesImpl started, listening on 15013
2025-10-17 11:01:17,418 [309ab1ff-9f5a-4058-8b2f-94d451ce5267-EndpointStateMachineTaskThread-/0.0.0.0:15002-0 ] INFO  server.GrpcServicesImpl (GrpcServicesImpl.java:startImpl(346)) - 309ab1ff-9f5a-4058-8b2f-94d451ce5267: GrpcServicesImpl started, listening on 15015
2025-10-17 11:01:17,419 [309ab1ff-9f5a-4058-8b2f-94d451ce5267-EndpointStateMachineTaskThread-/0.0.0.0:15002-0 ] INFO  server.GrpcServicesImpl (GrpcServicesImpl.java:startImpl(346)) - 309ab1ff-9f5a-4058-8b2f-94d451ce5267: GrpcServicesImpl started, listening on 15014
2025-10-17 11:01:17,422 [309ab1ff-9f5a-4058-8b2f-94d451ce5267-EndpointStateMachineTaskThread-/0.0.0.0:15002-0 ] INFO  ratis.XceiverServerRatis (XceiverServerRatis.java:getRealPort(586)) - XceiverServerRatis(309ab1ff-9f5a-4058-8b2f-94d451ce5267) is started using port RATIS=15013
2025-10-17 11:01:17,422 [309ab1ff-9f5a-4058-8b2f-94d451ce5267-EndpointStateMachineTaskThread-/0.0.0.0:15002-0 ] INFO  ratis.XceiverServerRatis (XceiverServerRatis.java:getRealPort(586)) - XceiverServerRatis(309ab1ff-9f5a-4058-8b2f-94d451ce5267) is started using port RATIS_ADMIN=15014
2025-10-17 11:01:17,422 [309ab1ff-9f5a-4058-8b2f-94d451ce5267-EndpointStateMachineTaskThread-/0.0.0.0:15002-0 ] INFO  ratis.XceiverServerRatis (XceiverServerRatis.java:getRealPort(586)) - XceiverServerRatis(309ab1ff-9f5a-4058-8b2f-94d451ce5267) is started using port RATIS_SERVER=15015
2025-10-17 11:01:17,422 [309ab1ff-9f5a-4058-8b2f-94d451ce5267-EndpointStateMachineTaskThread-/0.0.0.0:15002-0 ] INFO  ratis.XceiverServerRatis (XceiverServerRatis.java:getRealPort(586)) - XceiverServerRatis(309ab1ff-9f5a-4058-8b2f-94d451ce5267) is started using port RATIS_DATASTREAM=15016
2025-10-17 11:01:17,422 [JvmPauseMonitor3] INFO  util.JvmPauseMonitor (JvmPauseMonitor.java:run(146)) - JvmPauseMonitor-309ab1ff-9f5a-4058-8b2f-94d451ce5267: Started
2025-10-17 11:01:17,424 [309ab1ff-9f5a-4058-8b2f-94d451ce5267-EndpointStateMachineTaskThread-/0.0.0.0:15002-0 ] INFO  utils.BackgroundService (BackgroundService.java:start(119)) - Starting service BlockDeletingService with interval 60000 milliseconds
2025-10-17 11:01:17,424 [309ab1ff-9f5a-4058-8b2f-94d451ce5267-EndpointStateMachineTaskThread-/0.0.0.0:15002-0 ] INFO  utils.BackgroundService (BackgroundService.java:start(119)) - Starting service StaleRecoveringContainerScrubbingService with interval 60000 milliseconds
2025-10-17 11:01:17,492 [ForkJoinPool-1-worker-1] INFO  handler.ContextHandler (ContextHandler.java:doStart(921)) - Started o.e.j.w.WebAppContext@63a60f70{hddsDatanode,/,file:///home/runner/work/ozone/ozone/hadoop-ozone/integration-test/target/test-dir/MiniOzoneClusterImpl-d1ffa5d3-3301-45c3-9f44-1ffa6967d237/scm/ozone-metadata/webserver/jetty-0_0_0_0-15034-hdds-container-service-2_1_0-SNAPSHOT_jar-_-any-15802935775159621083/webapp/,AVAILABLE}{jar:file:/home/runner/work/ozone/ozone/hadoop-hdds/container-service/target/hdds-container-service-2.1.0-SNAPSHOT.jar!/webapps/hddsDatanode}
2025-10-17 11:01:17,492 [ForkJoinPool-1-worker-1] INFO  server.AbstractConnector (AbstractConnector.java:doStart(333)) - Started ServerConnector@60fd0f1f{HTTP/1.1, (http/1.1)}{0.0.0.0:15034}
2025-10-17 11:01:17,493 [ForkJoinPool-1-worker-1] INFO  server.Server (Server.java:doStart(415)) - Started @11020ms
2025-10-17 11:01:17,493 [ForkJoinPool-1-worker-1] WARN  impl.MetricsSystemImpl (MetricsSystemImpl.java:register(279)) - Sink prometheus already exists!
2025-10-17 11:01:17,493 [ForkJoinPool-1-worker-1] INFO  http.BaseHttpServer (BaseHttpServer.java:updateConnectorAddress(357)) - HTTP server of hddsDatanode listening at http://localhost:15034
2025-10-17 11:01:17,493 [ForkJoinPool-1-worker-1] INFO  ipc.CallQueueManager (CallQueueManager.java:<init>(93)) - Using callQueue: class java.util.concurrent.LinkedBlockingQueue, queueCapacity: 1000, scheduler: class org.apache.hadoop.ipc.DefaultRpcScheduler, ipcBackoff: false, ipcFailOver: false.
2025-10-17 11:01:17,493 [ForkJoinPool-1-worker-1] INFO  ipc.Server (Server.java:<init>(1438)) - Listener at 0.0.0.0:15035
2025-10-17 11:01:17,494 [Socket Reader #1 for port 15035] INFO  ipc.Server (Server.java:run(1474)) - Starting Socket Reader #1 for port 15035
2025-10-17 11:01:17,494 [Socket Reader #2 for port 15035] INFO  ipc.Server (Server.java:run(1474)) - Starting Socket Reader #2 for port 15035
2025-10-17 11:01:17,494 [Socket Reader #3 for port 15035] INFO  ipc.Server (Server.java:run(1474)) - Starting Socket Reader #3 for port 15035
2025-10-17 11:01:17,494 [Socket Reader #4 for port 15035] INFO  ipc.Server (Server.java:run(1474)) - Starting Socket Reader #4 for port 15035
2025-10-17 11:01:17,494 [Socket Reader #5 for port 15035] INFO  ipc.Server (Server.java:run(1474)) - Starting Socket Reader #5 for port 15035
2025-10-17 11:01:17,495 [Socket Reader #6 for port 15035] INFO  ipc.Server (Server.java:run(1474)) - Starting Socket Reader #6 for port 15035
2025-10-17 11:01:17,495 [Socket Reader #7 for port 15035] INFO  ipc.Server (Server.java:run(1474)) - Starting Socket Reader #7 for port 15035
2025-10-17 11:01:17,495 [Socket Reader #8 for port 15035] INFO  ipc.Server (Server.java:run(1474)) - Starting Socket Reader #8 for port 15035
2025-10-17 11:01:17,495 [Socket Reader #9 for port 15035] INFO  ipc.Server (Server.java:run(1474)) - Starting Socket Reader #9 for port 15035
2025-10-17 11:01:17,495 [Socket Reader #10 for port 15035] INFO  ipc.Server (Server.java:run(1474)) - Starting Socket Reader #10 for port 15035
2025-10-17 11:01:17,497 | INFO  | SCMAudit | user=runner | ip=127.0.0.1 | op=GET_VERSION {} | ret=SUCCESS |  
2025-10-17 11:01:17,497 [ForkJoinPool-1-worker-1] INFO  ozone.HddsDatanodeService (HddsDatanodeService.java:start(333)) - Datanode start with admins: [admin, runner]
2025-10-17 11:01:17,497 [ForkJoinPool-1-worker-1] INFO  ozone.HddsDatanodeClientProtocolServer (HddsDatanodeClientProtocolServer.java:start(76)) - RPC server for Client /0.0.0.0:15035
2025-10-17 11:01:17,498 [IPC Server Responder] INFO  ipc.Server (Server.java:run(1713)) - IPC Server Responder: starting
2025-10-17 11:01:17,498 [IPC Server listener on 15035] INFO  ipc.Server (Server.java:run(1553)) - IPC Server listener on 15035: starting
2025-10-17 11:01:17,499 [ForkJoinPool-1-worker-1] WARN  dropwizard3.Dm3MetricRegistriesImpl (Dm3MetricRegistriesImpl.java:addReporterRegistration(114)) - New reporters are added after registries were created. Some metrics will be missing from the reporter. Please add reporter before adding any new registry.
2025-10-17 11:01:17,500 [ForkJoinPool-1-worker-1] WARN  dropwizard3.Dm3MetricRegistriesImpl (Dm3MetricRegistriesImpl.java:addReporterRegistration(114)) - New reporters are added after registries were created. Some metrics will be missing from the reporter. Please add reporter before adding any new registry.
2025-10-17 11:01:17,501 [718bfa29-2c47-4ab5-ac61-3dfe9c6b9d5c-DatanodeStateMachineDaemonThread] INFO  statemachine.DatanodeStateMachine (DatanodeStateMachine.java:startStateMachineThread(363)) - Ozone container server started.
2025-10-17 11:01:17,505 [718bfa29-2c47-4ab5-ac61-3dfe9c6b9d5c-DatanodeStateMachineTaskThread-0] INFO  datanode.InitDatanodeState (InitDatanodeState.java:persistContainerDatanodeDetails(139)) - DatanodeDetails is persisted to /home/runner/work/ozone/ozone/hadoop-ozone/integration-test/target/test-dir/MiniOzoneClusterImpl-d1ffa5d3-3301-45c3-9f44-1ffa6967d237/ozone-metadata/datanode-4/ozone-metadata/datanode.id
2025-10-17 11:01:17,523 [ForkJoinPool-1-worker-1] INFO  protocol.DatanodeDetails (DatanodeDetails.java:validateDatanodeIpAddress(199)) - Updating IP address of datanode b1eee25a-1fdf-4744-83c7-58e0513fce3b(localhost/null) to 127.0.0.1
2025-10-17 11:01:17,523 [ForkJoinPool-1-worker-1] INFO  ozone.HddsDatanodeService (HddsDatanodeService.java:start(236)) - HddsDatanodeService b1eee25a-1fdf-4744-83c7-58e0513fce3b(localhost/127.0.0.1)
2025-10-17 11:01:17,525 [ForkJoinPool-1-worker-1] INFO  upgrade.AbstractLayoutVersionManager (AbstractLayoutVersionManager.java:init(80)) - Initializing Layout version manager with metadata layout = WITNESSED_CONTAINER_DB_PROTO_VALUE (version = 9), software layout = WITNESSED_CONTAINER_DB_PROTO_VALUE (version = 9)
2025-10-17 11:01:17,525 [ForkJoinPool-1-worker-1] INFO  statemachine.DatanodeStateMachine (DatanodeStateMachine.java:getEndPointTaskThreadPoolSize(321)) - Datanode State Machine Task Thread Pool size 2
2025-10-17 11:01:17,529 [ForkJoinPool-1-worker-1] INFO  volume.HddsVolume (HddsVolume.java:<init>(162)) - HddsVolume: { id=DS-43caca79-4b6c-4585-9ed7-d22f34f45adb dir=/home/runner/work/ozone/ozone/hadoop-ozone/integration-test/target/test-dir/MiniOzoneClusterImpl-d1ffa5d3-3301-45c3-9f44-1ffa6967d237/ozone-metadata/datanode-5/data-0/hdds type=DISK capacity=9222449699674390527 used=0 available=9222449699674390527 minFree=184448985434423296 committed=0 }
2025-10-17 11:01:17,530 [ForkJoinPool-1-worker-1] INFO  volume.MutableVolumeSet (MutableVolumeSet.java:initializeVolumeSet(175)) - Added Volume : /home/runner/work/ozone/ozone/hadoop-ozone/integration-test/target/test-dir/MiniOzoneClusterImpl-d1ffa5d3-3301-45c3-9f44-1ffa6967d237/ozone-metadata/datanode-5/data-0/hdds to VolumeSet
2025-10-17 11:01:17,531 [99c47355-c013-4450-a734-aff6d3c99677-EndpointStateMachineTaskThread-/0.0.0.0:15002-0 ] INFO  utils.DatanodeStoreCache (DatanodeStoreCache.java:addDB(70)) - Added db /home/runner/work/ozone/ozone/hadoop-ozone/integration-test/target/test-dir/MiniOzoneClusterImpl-d1ffa5d3-3301-45c3-9f44-1ffa6967d237/ozone-metadata/datanode-2/data-0/hdds/d1ffa5d3-3301-45c3-9f44-1ffa6967d237/DS-4151d39a-f155-4b03-882f-df71844481e8/container.db to cache
2025-10-17 11:01:17,531 [99c47355-c013-4450-a734-aff6d3c99677-EndpointStateMachineTaskThread-/0.0.0.0:15002-0 ] INFO  volume.HddsVolume (HddsVolume.java:createDbStore(576)) - SchemaV3 db is created and loaded at /home/runner/work/ozone/ozone/hadoop-ozone/integration-test/target/test-dir/MiniOzoneClusterImpl-d1ffa5d3-3301-45c3-9f44-1ffa6967d237/ozone-metadata/datanode-2/data-0/hdds/d1ffa5d3-3301-45c3-9f44-1ffa6967d237/DS-4151d39a-f155-4b03-882f-df71844481e8/container.db for volume DS-4151d39a-f155-4b03-882f-df71844481e8
2025-10-17 11:01:17,533 [ForkJoinPool-1-worker-1] INFO  volume.MutableVolumeSet (MutableVolumeSet.java:initializeVolumeSet(175)) - Added Volume : /home/runner/work/ozone/ozone/hadoop-ozone/integration-test/target/test-dir/MiniOzoneClusterImpl-d1ffa5d3-3301-45c3-9f44-1ffa6967d237/ozone-metadata/datanode-5/ratis to VolumeSet
2025-10-17 11:01:17,533 [99c47355-c013-4450-a734-aff6d3c99677-ContainerReader-0] INFO  ozoneimpl.ContainerReader (ContainerReader.java:readVolume(147)) - Start to verify containers on volume /home/runner/work/ozone/ozone/hadoop-ozone/integration-test/target/test-dir/MiniOzoneClusterImpl-d1ffa5d3-3301-45c3-9f44-1ffa6967d237/ozone-metadata/datanode-2/data-0/hdds
2025-10-17 11:01:17,534 [99c47355-c013-4450-a734-aff6d3c99677-ContainerReader-0] INFO  ozoneimpl.ContainerReader (ContainerReader.java:readVolume(177)) - Finish verifying containers on volume /home/runner/work/ozone/ozone/hadoop-ozone/integration-test/target/test-dir/MiniOzoneClusterImpl-d1ffa5d3-3301-45c3-9f44-1ffa6967d237/ozone-metadata/datanode-2/data-0/hdds
2025-10-17 11:01:17,534 [99c47355-c013-4450-a734-aff6d3c99677-EndpointStateMachineTaskThread-/0.0.0.0:15002-0 ] INFO  ozoneimpl.OzoneContainer (OzoneContainer.java:buildContainerSet(359)) - Build ContainerSet costs 0s
2025-10-17 11:01:17,534 [ForkJoinPool-1-worker-1] INFO  ozoneimpl.OzoneContainer (HddsVolumeUtil.java:loadAllHddsVolumeDbStore(102)) - Load 1 volumes DbStore cost: 0ms
2025-10-17 11:01:17,535 [99c47355-c013-4450-a734-aff6d3c99677-EndpointStateMachineTaskThread-/0.0.0.0:15002-0 ] INFO  volume.ThrottledAsyncChecker (ThrottledAsyncChecker.java:schedule(138)) - Scheduling a check for /home/runner/work/ozone/ozone/hadoop-ozone/integration-test/target/test-dir/MiniOzoneClusterImpl-d1ffa5d3-3301-45c3-9f44-1ffa6967d237/ozone-metadata/datanode-2/data-0/hdds
2025-10-17 11:01:17,535 [ForkJoinPool-1-worker-1] WARN  db.DBStoreBuilder (DBStoreBuilder.java:getDBDirPath(157)) - ozone.scm.datanode.id.dir is not configured. We recommend adding this setting. Falling back to ozone.metadata.dirs instead.
2025-10-17 11:01:17,536 [ForkJoinPool-1-worker-1] WARN  db.DBStoreBuilder (DBStoreBuilder.java:getDBDirPath(157)) - ozone.scm.datanode.id.dir is not configured. We recommend adding this setting. Falling back to ozone.metadata.dirs instead.
2025-10-17 11:01:17,538 [99c47355-c013-4450-a734-aff6d3c99677-EndpointStateMachineTaskThread-/0.0.0.0:15002-0 ] INFO  volume.StorageVolumeChecker (StorageVolumeChecker.java:checkAllVolumes(231)) - Scheduled health check for volume /home/runner/work/ozone/ozone/hadoop-ozone/integration-test/target/test-dir/MiniOzoneClusterImpl-d1ffa5d3-3301-45c3-9f44-1ffa6967d237/ozone-metadata/datanode-2/data-0/hdds
2025-10-17 11:01:17,542 [99c47355-c013-4450-a734-aff6d3c99677-EndpointStateMachineTaskThread-/0.0.0.0:15002-0 ] INFO  volume.ThrottledAsyncChecker (ThrottledAsyncChecker.java:schedule(138)) - Scheduling a check for /home/runner/work/ozone/ozone/hadoop-ozone/integration-test/target/test-dir/MiniOzoneClusterImpl-d1ffa5d3-3301-45c3-9f44-1ffa6967d237/ozone-metadata/datanode-2/ratis
2025-10-17 11:01:17,542 [99c47355-c013-4450-a734-aff6d3c99677-EndpointStateMachineTaskThread-/0.0.0.0:15002-0 ] INFO  volume.StorageVolumeChecker (StorageVolumeChecker.java:checkAllVolumes(231)) - Scheduled health check for volume /home/runner/work/ozone/ozone/hadoop-ozone/integration-test/target/test-dir/MiniOzoneClusterImpl-d1ffa5d3-3301-45c3-9f44-1ffa6967d237/ozone-metadata/datanode-2/ratis
2025-10-17 11:01:17,544 [99c47355-c013-4450-a734-aff6d3c99677-EndpointStateMachineTaskThread-/0.0.0.0:15002-0 ] INFO  ozoneimpl.OzoneContainer (OzoneContainer.java:start(544)) - Attempting to start container services.
2025-10-17 11:01:17,545 [ContainerMetadataScanner] INFO  ozoneimpl.AbstractBackgroundContainerScanner (AbstractBackgroundContainerScanner.java:runIteration(89)) - Completed an iteration in 0 minutes. Number of iterations (since the data-node restart) : 1, Number of containers scanned in this iteration : 0, Number of unhealthy containers found in this iteration : 0
2025-10-17 11:01:17,546 [ContainerDataScanner(/home/runner/work/ozone/ozone/hadoop-ozone/integration-test/target/test-dir/MiniOzoneClusterImpl-d1ffa5d3-3301-45c3-9f44-1ffa6967d237/ozone-metadata/datanode-2/data-0/hdds)] INFO  ozoneimpl.AbstractBackgroundContainerScanner (AbstractBackgroundContainerScanner.java:runIteration(89)) - Completed an iteration in 0 minutes. Number of iterations (since the data-node restart) : 1, Number of containers scanned in this iteration : 0, Number of unhealthy containers found in this iteration : 0
2025-10-17 11:01:17,546 [99c47355-c013-4450-a734-aff6d3c99677-EndpointStateMachineTaskThread-/0.0.0.0:15002-0 ] INFO  replication.ReplicationServer (ReplicationServer.java:start(137)) - ReplicationServer is started using port 15025
2025-10-17 11:01:17,547 [99c47355-c013-4450-a734-aff6d3c99677-EndpointStateMachineTaskThread-/0.0.0.0:15002-0 ] INFO  ratis.XceiverServerRatis (XceiverServerRatis.java:start(559)) - Starting XceiverServerRatis(99c47355-c013-4450-a734-aff6d3c99677)
2025-10-17 11:01:17,548 [99c47355-c013-4450-a734-aff6d3c99677-EndpointStateMachineTaskThread-/0.0.0.0:15002-0 ] INFO  server.RaftServer (RaftServerProxy.java:startImpl(412)) - 99c47355-c013-4450-a734-aff6d3c99677: start RPC server
2025-10-17 11:01:17,549 [99c47355-c013-4450-a734-aff6d3c99677-EndpointStateMachineTaskThread-/0.0.0.0:15002-0 ] INFO  server.GrpcServicesImpl (GrpcServicesImpl.java:startImpl(346)) - 99c47355-c013-4450-a734-aff6d3c99677: GrpcServicesImpl started, listening on 15021
2025-10-17 11:01:17,550 [99c47355-c013-4450-a734-aff6d3c99677-EndpointStateMachineTaskThread-/0.0.0.0:15002-0 ] INFO  server.GrpcServicesImpl (GrpcServicesImpl.java:startImpl(346)) - 99c47355-c013-4450-a734-aff6d3c99677: GrpcServicesImpl started, listening on 15023
2025-10-17 11:01:17,551 [99c47355-c013-4450-a734-aff6d3c99677-EndpointStateMachineTaskThread-/0.0.0.0:15002-0 ] INFO  server.GrpcServicesImpl (GrpcServicesImpl.java:startImpl(346)) - 99c47355-c013-4450-a734-aff6d3c99677: GrpcServicesImpl started, listening on 15022
2025-10-17 11:01:17,552 [JvmPauseMonitor4] INFO  util.JvmPauseMonitor (JvmPauseMonitor.java:run(146)) - JvmPauseMonitor-99c47355-c013-4450-a734-aff6d3c99677: Started
2025-10-17 11:01:17,552 [ForkJoinPool-1-worker-1] INFO  impl.FilePerChunkStrategy (FilePerChunkStrategy.java:<init>(79)) - ozone.chunk.read.mapped.buffer.max.count is load with 0
2025-10-17 11:01:17,552 [99c47355-c013-4450-a734-aff6d3c99677-EndpointStateMachineTaskThread-/0.0.0.0:15002-0 ] INFO  ratis.XceiverServerRatis (XceiverServerRatis.java:getRealPort(586)) - XceiverServerRatis(99c47355-c013-4450-a734-aff6d3c99677) is started using port RATIS=15021
2025-10-17 11:01:17,552 [99c47355-c013-4450-a734-aff6d3c99677-EndpointStateMachineTaskThread-/0.0.0.0:15002-0 ] INFO  ratis.XceiverServerRatis (XceiverServerRatis.java:getRealPort(586)) - XceiverServerRatis(99c47355-c013-4450-a734-aff6d3c99677) is started using port RATIS_ADMIN=15022
2025-10-17 11:01:17,552 [99c47355-c013-4450-a734-aff6d3c99677-EndpointStateMachineTaskThread-/0.0.0.0:15002-0 ] INFO  ratis.XceiverServerRatis (XceiverServerRatis.java:getRealPort(586)) - XceiverServerRatis(99c47355-c013-4450-a734-aff6d3c99677) is started using port RATIS_SERVER=15023
2025-10-17 11:01:17,552 [99c47355-c013-4450-a734-aff6d3c99677-EndpointStateMachineTaskThread-/0.0.0.0:15002-0 ] INFO  ratis.XceiverServerRatis (XceiverServerRatis.java:getRealPort(586)) - XceiverServerRatis(99c47355-c013-4450-a734-aff6d3c99677) is started using port RATIS_DATASTREAM=15024
2025-10-17 11:01:17,552 [ForkJoinPool-1-worker-1] INFO  impl.FilePerBlockStrategy (FilePerBlockStrategy.java:<init>(88)) - ozone.chunk.read.mapped.buffer.max.count is load with 0
2025-10-17 11:01:17,553 [99c47355-c013-4450-a734-aff6d3c99677-EndpointStateMachineTaskThread-/0.0.0.0:15002-0 ] INFO  utils.BackgroundService (BackgroundService.java:start(119)) - Starting service BlockDeletingService with interval 60000 milliseconds
2025-10-17 11:01:17,553 [99c47355-c013-4450-a734-aff6d3c99677-EndpointStateMachineTaskThread-/0.0.0.0:15002-0 ] INFO  utils.BackgroundService (BackgroundService.java:start(119)) - Starting service StaleRecoveringContainerScrubbingService with interval 60000 milliseconds
2025-10-17 11:01:17,554 [ForkJoinPool-1-worker-1] INFO  server.RaftServerConfigKeys (ConfUtils.java:logGet(62)) - raft.server.log.appender.buffer.byte-limit = 33554432 (custom)
2025-10-17 11:01:17,556 [ForkJoinPool-1-worker-1] INFO  grpc.GrpcConfigKeys (ConfUtils.java:logFallback(69)) - raft.grpc.admin.host = null (fallback to raft.grpc.server.host)
2025-10-17 11:01:17,556 [ForkJoinPool-1-worker-1] INFO  grpc.GrpcConfigKeys (ConfUtils.java:logGet(62)) - raft.grpc.admin.port = 15046 (custom)
2025-10-17 11:01:17,556 [ForkJoinPool-1-worker-1] INFO  grpc.GrpcConfigKeys (ConfUtils.java:logFallback(69)) - raft.grpc.client.host = null (fallback to raft.grpc.server.host)
2025-10-17 11:01:17,556 [ForkJoinPool-1-worker-1] INFO  grpc.GrpcConfigKeys (ConfUtils.java:logGet(62)) - raft.grpc.client.port = 15045 (custom)
2025-10-17 11:01:17,556 [ForkJoinPool-1-worker-1] INFO  grpc.GrpcConfigKeys (ConfUtils.java:logGet(62)) - raft.grpc.server.port = 15047 (custom)
2025-10-17 11:01:17,556 [ForkJoinPool-1-worker-1] INFO  server.GrpcServicesImpl (ConfUtils.java:logGet(62)) - raft.grpc.message.size.max = 34603008 (custom)
2025-10-17 11:01:17,556 [ForkJoinPool-1-worker-1] INFO  server.GrpcServicesImpl (ConfUtils.java:logGet(62)) - raft.grpc.flow.control.window = 5MB (=5242880) (custom)
2025-10-17 11:01:17,557 [ForkJoinPool-1-worker-1] INFO  server.RaftServerConfigKeys (ConfUtils.java:logGet(62)) - raft.server.log.appender.buffer.byte-limit = 33554432 (custom)
2025-10-17 11:01:17,559 [ForkJoinPool-1-worker-1] INFO  netty.NettyUtils (NettyUtils.java:newEventLoopGroup(74)) - Create EpollEventLoopGroup for b1eee25a-1fdf-4744-83c7-58e0513fce3b-NettyServerStreamRpc-bossGroup; Thread size is 0.
2025-10-17 11:01:17,559 [ForkJoinPool-1-worker-1] INFO  netty.NettyUtils (NettyUtils.java:newEventLoopGroup(74)) - Create EpollEventLoopGroup for b1eee25a-1fdf-4744-83c7-58e0513fce3b-NettyServerStreamRpc-workerGroup; Thread size is 0.
2025-10-17 11:01:17,560 [ForkJoinPool-1-worker-1] INFO  netty.NettyConfigKeys$DataStream (ConfUtils.java:logGet(62)) - raft.netty.dataStream.port = 15048 (custom)
2025-10-17 11:01:17,560 [ForkJoinPool-1-worker-1] INFO  server.RaftServerConfigKeys (ConfUtils.java:logGet(62)) - raft.server.storage.dir = [/home/runner/work/ozone/ozone/hadoop-ozone/integration-test/target/test-dir/MiniOzoneClusterImpl-d1ffa5d3-3301-45c3-9f44-1ffa6967d237/ozone-metadata/datanode-5/ratis] (custom)
2025-10-17 11:01:17,561 [b1eee25a-1fdf-4744-83c7-58e0513fce3b-NettyServerStreamRpc-bossGroup--thread1] INFO  logging.LoggingHandler (AbstractInternalLogger.java:log(148)) - [id: 0x449a6007] REGISTERED
2025-10-17 11:01:17,561 [b1eee25a-1fdf-4744-83c7-58e0513fce3b-NettyServerStreamRpc-bossGroup--thread1] INFO  logging.LoggingHandler (AbstractInternalLogger.java:log(148)) - [id: 0x449a6007] BIND: 0.0.0.0/0.0.0.0:15048
2025-10-17 11:01:17,561 [b1eee25a-1fdf-4744-83c7-58e0513fce3b-NettyServerStreamRpc-bossGroup--thread1] INFO  logging.LoggingHandler (AbstractInternalLogger.java:log(148)) - [id: 0x449a6007, L:/0.0.0.0:15048] ACTIVE
2025-10-17 11:01:17,562 [b1eee25a-1fdf-4744-83c7-58e0513fce3b-impl-thread1] INFO  server.RaftServer (RaftServerProxy.java:initGroupDir(270)) - b1eee25a-1fdf-4744-83c7-58e0513fce3b: found a subdirectory /home/runner/work/ozone/ozone/hadoop-ozone/integration-test/target/test-dir/MiniOzoneClusterImpl-d1ffa5d3-3301-45c3-9f44-1ffa6967d237/ozone-metadata/datanode-5/ratis/tmp
2025-10-17 11:01:17,562 [b1eee25a-1fdf-4744-83c7-58e0513fce3b-impl-thread1] INFO  server.RaftServer (RaftServerProxy.java:initGroupDir(275)) - b1eee25a-1fdf-4744-83c7-58e0513fce3b: The directory /home/runner/work/ozone/ozone/hadoop-ozone/integration-test/target/test-dir/MiniOzoneClusterImpl-d1ffa5d3-3301-45c3-9f44-1ffa6967d237/ozone-metadata/datanode-5/ratis/tmp is not a group directory; ignoring it. 
2025-10-17 11:01:17,562 [ForkJoinPool-1-worker-1] INFO  replication.ReplicationServer (ReplicationServer.java:<init>(84)) - Initializing replication server with thread count = 10 queue length = 4096
2025-10-17 11:01:17,564 [ForkJoinPool-1-worker-1] INFO  server.XceiverServerGrpc (XceiverServerGrpc.java:<init>(129)) - GrpcServer channel type EpollServerSocketChannel
2025-10-17 11:01:17,565 [ForkJoinPool-1-worker-1] INFO  replication.ReplicationSupervisor (ReplicationSupervisor.java:build(169)) - Initializing replication supervisor with thread count = 10
2025-10-17 11:01:17,566 [ForkJoinPool-1-worker-1] INFO  replication.ReplicationSupervisor (ReplicationSupervisor.java:nodeStateUpdated(358)) - Node state updated to IN_SERVICE, scaling executor pool size to 10
2025-10-17 11:01:17,569 [ForkJoinPool-1-worker-1] INFO  http.BaseHttpServer (BaseHttpServer.java:newHttpServer2BuilderForOzone(227)) - Starting Web-server for hddsDatanode at: http://0.0.0.0:15042
2025-10-17 11:01:17,569 [ForkJoinPool-1-worker-1] INFO  http.BaseHttpServer (BaseHttpServer.java:<init>(105)) - Hadoop Security Enabled: false Ozone Security Enabled: false Ozone HTTP Security Enabled: false 
2025-10-17 11:01:17,570 [ForkJoinPool-1-worker-1] WARN  server.AuthenticationFilter (AuthenticationFilter.java:constructSecretProvider(240)) - Unable to initialize FileSignerSecretProvider, falling back to use random secrets. Reason: Could not read signature secret file: /home/runner/hadoop-http-auth-signature-secret
2025-10-17 11:01:17,573 [ForkJoinPool-1-worker-1] INFO  http.HttpServer2 (HttpServer2.java:addGlobalFilter(1040)) - Added global filter 'safety' (class=org.apache.hadoop.hdds.server.http.HttpServer2$QuotingInputFilter)
2025-10-17 11:01:17,574 [ForkJoinPool-1-worker-1] INFO  http.HttpServer2 (HttpServer2.java:addFilter(1016)) - Added filter static_user_filter (class=org.apache.hadoop.http.lib.StaticUserWebFilter$StaticUserFilter) to context hddsDatanode
2025-10-17 11:01:17,575 [ForkJoinPool-1-worker-1] INFO  http.HttpServer2 (HttpServer2.java:addFilter(1024)) - Added filter static_user_filter (class=org.apache.hadoop.http.lib.StaticUserWebFilter$StaticUserFilter) to context static
2025-10-17 11:01:17,575 [ForkJoinPool-1-worker-1] INFO  http.HttpServer2 (HttpServer2.java:addFilter(1024)) - Added filter static_user_filter (class=org.apache.hadoop.http.lib.StaticUserWebFilter$StaticUserFilter) to context logs
2025-10-17 11:01:17,575 [ForkJoinPool-1-worker-1] INFO  http.BaseHttpServer (BaseHttpServer.java:<init>(193)) - HTTP server of hddsDatanode uses base directory /home/runner/work/ozone/ozone/hadoop-ozone/integration-test/target/test-dir/MiniOzoneClusterImpl-d1ffa5d3-3301-45c3-9f44-1ffa6967d237/scm/ozone-metadata/webserver
2025-10-17 11:01:17,575 [ForkJoinPool-1-worker-1] INFO  http.HttpServer2 (HttpServer2.java:bindListener(1240)) - Jetty bound to port 15042
2025-10-17 11:01:17,576 [ForkJoinPool-1-worker-1] INFO  server.Server (Server.java:doStart(375)) - jetty-9.4.58.v20250814; built: 2025-08-14T02:28:49.637Z; git: 8f1440587e9e4ae7db3d74cf205643f3d707148d; jvm 21.0.8+9-LTS
2025-10-17 11:01:17,577 [ForkJoinPool-1-worker-1] INFO  server.session (DefaultSessionIdManager.java:doStart(334)) - DefaultSessionIdManager workerName=node0
2025-10-17 11:01:17,577 [ForkJoinPool-1-worker-1] INFO  server.session (DefaultSessionIdManager.java:doStart(339)) - No SessionScavenger set, using defaults
2025-10-17 11:01:17,577 [ForkJoinPool-1-worker-1] INFO  server.session (HouseKeeper.java:startScavenging(132)) - node0 Scavenging every 600000ms
2025-10-17 11:01:17,578 [ForkJoinPool-1-worker-1] INFO  handler.ContextHandler (ContextHandler.java:doStart(921)) - Started o.e.j.s.ServletContextHandler@2871c84c{logs,/logs,file:///home/runner/work/ozone/ozone/hadoop-ozone/integration-test/target/log,AVAILABLE}
2025-10-17 11:01:17,578 [ForkJoinPool-1-worker-1] INFO  handler.ContextHandler (ContextHandler.java:doStart(921)) - Started o.e.j.s.ServletContextHandler@6b2884c4{static,/static,jar:file:/home/runner/work/ozone/ozone/hadoop-hdds/container-service/target/hdds-container-service-2.1.0-SNAPSHOT.jar!/webapps/static,AVAILABLE}
2025-10-17 11:01:17,722 [ForkJoinPool-1-worker-1] INFO  handler.ContextHandler (ContextHandler.java:doStart(921)) - Started o.e.j.w.WebAppContext@59a6cea2{hddsDatanode,/,file:///home/runner/work/ozone/ozone/hadoop-ozone/integration-test/target/test-dir/MiniOzoneClusterImpl-d1ffa5d3-3301-45c3-9f44-1ffa6967d237/scm/ozone-metadata/webserver/jetty-0_0_0_0-15042-hdds-container-service-2_1_0-SNAPSHOT_jar-_-any-6842845398584547602/webapp/,AVAILABLE}{jar:file:/home/runner/work/ozone/ozone/hadoop-hdds/container-service/target/hdds-container-service-2.1.0-SNAPSHOT.jar!/webapps/hddsDatanode}
2025-10-17 11:01:17,723 [ForkJoinPool-1-worker-1] INFO  server.AbstractConnector (AbstractConnector.java:doStart(333)) - Started ServerConnector@36a17dac{HTTP/1.1, (http/1.1)}{0.0.0.0:15042}
2025-10-17 11:01:17,723 [ForkJoinPool-1-worker-1] INFO  server.Server (Server.java:doStart(415)) - Started @11250ms
2025-10-17 11:01:17,723 [ForkJoinPool-1-worker-1] WARN  impl.MetricsSystemImpl (MetricsSystemImpl.java:register(279)) - Sink prometheus already exists!
2025-10-17 11:01:17,723 [ForkJoinPool-1-worker-1] INFO  http.BaseHttpServer (BaseHttpServer.java:updateConnectorAddress(357)) - HTTP server of hddsDatanode listening at http://localhost:15042
2025-10-17 11:01:17,723 [ForkJoinPool-1-worker-1] INFO  ipc.CallQueueManager (CallQueueManager.java:<init>(93)) - Using callQueue: class java.util.concurrent.LinkedBlockingQueue, queueCapacity: 1000, scheduler: class org.apache.hadoop.ipc.DefaultRpcScheduler, ipcBackoff: false, ipcFailOver: false.
2025-10-17 11:01:17,724 [ForkJoinPool-1-worker-1] INFO  ipc.Server (Server.java:<init>(1438)) - Listener at 0.0.0.0:15043
2025-10-17 11:01:17,724 [Socket Reader #1 for port 15043] INFO  ipc.Server (Server.java:run(1474)) - Starting Socket Reader #1 for port 15043
2025-10-17 11:01:17,724 [Socket Reader #2 for port 15043] INFO  ipc.Server (Server.java:run(1474)) - Starting Socket Reader #2 for port 15043
2025-10-17 11:01:17,724 [Socket Reader #3 for port 15043] INFO  ipc.Server (Server.java:run(1474)) - Starting Socket Reader #3 for port 15043
2025-10-17 11:01:17,724 [Socket Reader #4 for port 15043] INFO  ipc.Server (Server.java:run(1474)) - Starting Socket Reader #4 for port 15043
2025-10-17 11:01:17,725 [Socket Reader #5 for port 15043] INFO  ipc.Server (Server.java:run(1474)) - Starting Socket Reader #5 for port 15043
2025-10-17 11:01:17,725 [Socket Reader #6 for port 15043] INFO  ipc.Server (Server.java:run(1474)) - Starting Socket Reader #6 for port 15043
2025-10-17 11:01:17,725 [Socket Reader #7 for port 15043] INFO  ipc.Server (Server.java:run(1474)) - Starting Socket Reader #7 for port 15043
2025-10-17 11:01:17,725 [Socket Reader #9 for port 15043] INFO  ipc.Server (Server.java:run(1474)) - Starting Socket Reader #9 for port 15043
2025-10-17 11:01:17,726 [Socket Reader #10 for port 15043] INFO  ipc.Server (Server.java:run(1474)) - Starting Socket Reader #10 for port 15043
2025-10-17 11:01:17,725 [Socket Reader #8 for port 15043] INFO  ipc.Server (Server.java:run(1474)) - Starting Socket Reader #8 for port 15043
2025-10-17 11:01:17,727 [ForkJoinPool-1-worker-1] INFO  ozone.HddsDatanodeService (HddsDatanodeService.java:start(333)) - Datanode start with admins: [admin, runner]
2025-10-17 11:01:17,727 [ForkJoinPool-1-worker-1] INFO  ozone.HddsDatanodeClientProtocolServer (HddsDatanodeClientProtocolServer.java:start(76)) - RPC server for Client /0.0.0.0:15043
2025-10-17 11:01:17,728 [IPC Server Responder] INFO  ipc.Server (Server.java:run(1713)) - IPC Server Responder: starting
2025-10-17 11:01:17,728 [IPC Server listener on 15043] INFO  ipc.Server (Server.java:run(1553)) - IPC Server listener on 15043: starting
2025-10-17 11:01:17,729 [ForkJoinPool-1-worker-1] WARN  dropwizard3.Dm3MetricRegistriesImpl (Dm3MetricRegistriesImpl.java:addReporterRegistration(114)) - New reporters are added after registries were created. Some metrics will be missing from the reporter. Please add reporter before adding any new registry.
2025-10-17 11:01:17,729 [ForkJoinPool-1-worker-1] WARN  dropwizard3.Dm3MetricRegistriesImpl (Dm3MetricRegistriesImpl.java:addReporterRegistration(114)) - New reporters are added after registries were created. Some metrics will be missing from the reporter. Please add reporter before adding any new registry.
2025-10-17 11:01:17,731 [b1eee25a-1fdf-4744-83c7-58e0513fce3b-DatanodeStateMachineDaemonThread] INFO  statemachine.DatanodeStateMachine (DatanodeStateMachine.java:startStateMachineThread(363)) - Ozone container server started.
2025-10-17 11:01:17,735 | INFO  | SCMAudit | user=runner | ip=127.0.0.1 | op=GET_VERSION {} | ret=SUCCESS |  
2025-10-17 11:01:17,736 [b1eee25a-1fdf-4744-83c7-58e0513fce3b-DatanodeStateMachineTaskThread-0] INFO  datanode.InitDatanodeState (InitDatanodeState.java:persistContainerDatanodeDetails(139)) - DatanodeDetails is persisted to /home/runner/work/ozone/ozone/hadoop-ozone/integration-test/target/test-dir/MiniOzoneClusterImpl-d1ffa5d3-3301-45c3-9f44-1ffa6967d237/ozone-metadata/datanode-5/ozone-metadata/datanode.id
2025-10-17 11:01:17,751 [ForkJoinPool-1-worker-1] INFO  protocol.DatanodeDetails (DatanodeDetails.java:validateDatanodeIpAddress(199)) - Updating IP address of datanode 2b4cc429-f9c1-416c-9a38-6239a2e149ea(localhost/null) to 127.0.0.1
2025-10-17 11:01:17,751 [ForkJoinPool-1-worker-1] INFO  ozone.HddsDatanodeService (HddsDatanodeService.java:start(236)) - HddsDatanodeService 2b4cc429-f9c1-416c-9a38-6239a2e149ea(localhost/127.0.0.1)
2025-10-17 11:01:17,752 [ForkJoinPool-1-worker-1] INFO  upgrade.AbstractLayoutVersionManager (AbstractLayoutVersionManager.java:init(80)) - Initializing Layout version manager with metadata layout = WITNESSED_CONTAINER_DB_PROTO_VALUE (version = 9), software layout = WITNESSED_CONTAINER_DB_PROTO_VALUE (version = 9)
2025-10-17 11:01:17,753 [ForkJoinPool-1-worker-1] INFO  statemachine.DatanodeStateMachine (DatanodeStateMachine.java:getEndPointTaskThreadPoolSize(321)) - Datanode State Machine Task Thread Pool size 2
2025-10-17 11:01:17,756 [ForkJoinPool-1-worker-1] INFO  volume.HddsVolume (HddsVolume.java:<init>(162)) - HddsVolume: { id=DS-86472caf-7f4f-4f9f-829c-00e0fee494c6 dir=/home/runner/work/ozone/ozone/hadoop-ozone/integration-test/target/test-dir/MiniOzoneClusterImpl-d1ffa5d3-3301-45c3-9f44-1ffa6967d237/ozone-metadata/datanode-6/data-0/hdds type=DISK capacity=9222449699674390527 used=0 available=9222449699674390527 minFree=184448985434423296 committed=0 }
2025-10-17 11:01:17,756 [ForkJoinPool-1-worker-1] INFO  volume.MutableVolumeSet (MutableVolumeSet.java:initializeVolumeSet(175)) - Added Volume : /home/runner/work/ozone/ozone/hadoop-ozone/integration-test/target/test-dir/MiniOzoneClusterImpl-d1ffa5d3-3301-45c3-9f44-1ffa6967d237/ozone-metadata/datanode-6/data-0/hdds to VolumeSet
2025-10-17 11:01:17,758 [ForkJoinPool-1-worker-1] INFO  volume.MutableVolumeSet (MutableVolumeSet.java:initializeVolumeSet(175)) - Added Volume : /home/runner/work/ozone/ozone/hadoop-ozone/integration-test/target/test-dir/MiniOzoneClusterImpl-d1ffa5d3-3301-45c3-9f44-1ffa6967d237/ozone-metadata/datanode-6/ratis to VolumeSet
2025-10-17 11:01:17,758 [ForkJoinPool-1-worker-1] INFO  ozoneimpl.OzoneContainer (HddsVolumeUtil.java:loadAllHddsVolumeDbStore(102)) - Load 1 volumes DbStore cost: 0ms
2025-10-17 11:01:17,759 [ForkJoinPool-1-worker-1] WARN  db.DBStoreBuilder (DBStoreBuilder.java:getDBDirPath(157)) - ozone.scm.datanode.id.dir is not configured. We recommend adding this setting. Falling back to ozone.metadata.dirs instead.
2025-10-17 11:01:17,760 [ForkJoinPool-1-worker-1] WARN  db.DBStoreBuilder (DBStoreBuilder.java:getDBDirPath(157)) - ozone.scm.datanode.id.dir is not configured. We recommend adding this setting. Falling back to ozone.metadata.dirs instead.
2025-10-17 11:01:17,769 [b292b6be-9482-4c30-a3e0-c9f721931b72-EndpointStateMachineTaskThread-/0.0.0.0:15002-0 ] INFO  utils.DatanodeStoreCache (DatanodeStoreCache.java:addDB(70)) - Added db /home/runner/work/ozone/ozone/hadoop-ozone/integration-test/target/test-dir/MiniOzoneClusterImpl-d1ffa5d3-3301-45c3-9f44-1ffa6967d237/ozone-metadata/datanode-3/data-0/hdds/d1ffa5d3-3301-45c3-9f44-1ffa6967d237/DS-99801667-cb67-41cf-8c05-11ebb0d044dd/container.db to cache
2025-10-17 11:01:17,769 [b292b6be-9482-4c30-a3e0-c9f721931b72-EndpointStateMachineTaskThread-/0.0.0.0:15002-0 ] INFO  volume.HddsVolume (HddsVolume.java:createDbStore(576)) - SchemaV3 db is created and loaded at /home/runner/work/ozone/ozone/hadoop-ozone/integration-test/target/test-dir/MiniOzoneClusterImpl-d1ffa5d3-3301-45c3-9f44-1ffa6967d237/ozone-metadata/datanode-3/data-0/hdds/d1ffa5d3-3301-45c3-9f44-1ffa6967d237/DS-99801667-cb67-41cf-8c05-11ebb0d044dd/container.db for volume DS-99801667-cb67-41cf-8c05-11ebb0d044dd
2025-10-17 11:01:17,772 [b292b6be-9482-4c30-a3e0-c9f721931b72-ContainerReader-0] INFO  ozoneimpl.ContainerReader (ContainerReader.java:readVolume(147)) - Start to verify containers on volume /home/runner/work/ozone/ozone/hadoop-ozone/integration-test/target/test-dir/MiniOzoneClusterImpl-d1ffa5d3-3301-45c3-9f44-1ffa6967d237/ozone-metadata/datanode-3/data-0/hdds
2025-10-17 11:01:17,772 [b292b6be-9482-4c30-a3e0-c9f721931b72-ContainerReader-0] INFO  ozoneimpl.ContainerReader (ContainerReader.java:readVolume(177)) - Finish verifying containers on volume /home/runner/work/ozone/ozone/hadoop-ozone/integration-test/target/test-dir/MiniOzoneClusterImpl-d1ffa5d3-3301-45c3-9f44-1ffa6967d237/ozone-metadata/datanode-3/data-0/hdds
2025-10-17 11:01:17,773 [b292b6be-9482-4c30-a3e0-c9f721931b72-EndpointStateMachineTaskThread-/0.0.0.0:15002-0 ] INFO  ozoneimpl.OzoneContainer (OzoneContainer.java:buildContainerSet(359)) - Build ContainerSet costs 0s
2025-10-17 11:01:17,773 [b292b6be-9482-4c30-a3e0-c9f721931b72-EndpointStateMachineTaskThread-/0.0.0.0:15002-0 ] INFO  volume.ThrottledAsyncChecker (ThrottledAsyncChecker.java:schedule(138)) - Scheduling a check for /home/runner/work/ozone/ozone/hadoop-ozone/integration-test/target/test-dir/MiniOzoneClusterImpl-d1ffa5d3-3301-45c3-9f44-1ffa6967d237/ozone-metadata/datanode-3/data-0/hdds
2025-10-17 11:01:17,775 [b292b6be-9482-4c30-a3e0-c9f721931b72-EndpointStateMachineTaskThread-/0.0.0.0:15002-0 ] INFO  volume.StorageVolumeChecker (StorageVolumeChecker.java:checkAllVolumes(231)) - Scheduled health check for volume /home/runner/work/ozone/ozone/hadoop-ozone/integration-test/target/test-dir/MiniOzoneClusterImpl-d1ffa5d3-3301-45c3-9f44-1ffa6967d237/ozone-metadata/datanode-3/data-0/hdds
2025-10-17 11:01:17,776 [ForkJoinPool-1-worker-1] INFO  impl.FilePerChunkStrategy (FilePerChunkStrategy.java:<init>(79)) - ozone.chunk.read.mapped.buffer.max.count is load with 0
2025-10-17 11:01:17,776 [ForkJoinPool-1-worker-1] INFO  impl.FilePerBlockStrategy (FilePerBlockStrategy.java:<init>(88)) - ozone.chunk.read.mapped.buffer.max.count is load with 0
2025-10-17 11:01:17,778 [ForkJoinPool-1-worker-1] INFO  server.RaftServerConfigKeys (ConfUtils.java:logGet(62)) - raft.server.log.appender.buffer.byte-limit = 33554432 (custom)
2025-10-17 11:01:17,778 [b292b6be-9482-4c30-a3e0-c9f721931b72-EndpointStateMachineTaskThread-/0.0.0.0:15002-0 ] INFO  volume.ThrottledAsyncChecker (ThrottledAsyncChecker.java:schedule(138)) - Scheduling a check for /home/runner/work/ozone/ozone/hadoop-ozone/integration-test/target/test-dir/MiniOzoneClusterImpl-d1ffa5d3-3301-45c3-9f44-1ffa6967d237/ozone-metadata/datanode-3/ratis
2025-10-17 11:01:17,779 [b292b6be-9482-4c30-a3e0-c9f721931b72-EndpointStateMachineTaskThread-/0.0.0.0:15002-0 ] INFO  volume.StorageVolumeChecker (StorageVolumeChecker.java:checkAllVolumes(231)) - Scheduled health check for volume /home/runner/work/ozone/ozone/hadoop-ozone/integration-test/target/test-dir/MiniOzoneClusterImpl-d1ffa5d3-3301-45c3-9f44-1ffa6967d237/ozone-metadata/datanode-3/ratis
2025-10-17 11:01:17,780 [ForkJoinPool-1-worker-1] INFO  grpc.GrpcConfigKeys (ConfUtils.java:logFallback(69)) - raft.grpc.admin.host = null (fallback to raft.grpc.server.host)
2025-10-17 11:01:17,780 [b292b6be-9482-4c30-a3e0-c9f721931b72-EndpointStateMachineTaskThread-/0.0.0.0:15002-0 ] INFO  ozoneimpl.OzoneContainer (OzoneContainer.java:start(544)) - Attempting to start container services.
2025-10-17 11:01:17,780 [ForkJoinPool-1-worker-1] INFO  grpc.GrpcConfigKeys (ConfUtils.java:logGet(62)) - raft.grpc.admin.port = 15054 (custom)
2025-10-17 11:01:17,780 [ForkJoinPool-1-worker-1] INFO  grpc.GrpcConfigKeys (ConfUtils.java:logFallback(69)) - raft.grpc.client.host = null (fallback to raft.grpc.server.host)
2025-10-17 11:01:17,780 [ForkJoinPool-1-worker-1] INFO  grpc.GrpcConfigKeys (ConfUtils.java:logGet(62)) - raft.grpc.client.port = 15053 (custom)
2025-10-17 11:01:17,780 [ForkJoinPool-1-worker-1] INFO  grpc.GrpcConfigKeys (ConfUtils.java:logGet(62)) - raft.grpc.server.port = 15055 (custom)
2025-10-17 11:01:17,780 [ForkJoinPool-1-worker-1] INFO  server.GrpcServicesImpl (ConfUtils.java:logGet(62)) - raft.grpc.message.size.max = 34603008 (custom)
2025-10-17 11:01:17,781 [ForkJoinPool-1-worker-1] INFO  server.GrpcServicesImpl (ConfUtils.java:logGet(62)) - raft.grpc.flow.control.window = 5MB (=5242880) (custom)
2025-10-17 11:01:17,781 [ForkJoinPool-1-worker-1] INFO  server.RaftServerConfigKeys (ConfUtils.java:logGet(62)) - raft.server.log.appender.buffer.byte-limit = 33554432 (custom)
2025-10-17 11:01:17,781 [ContainerMetadataScanner] INFO  ozoneimpl.AbstractBackgroundContainerScanner (AbstractBackgroundContainerScanner.java:runIteration(89)) - Completed an iteration in 0 minutes. Number of iterations (since the data-node restart) : 1, Number of containers scanned in this iteration : 0, Number of unhealthy containers found in this iteration : 0
2025-10-17 11:01:17,782 [ContainerDataScanner(/home/runner/work/ozone/ozone/hadoop-ozone/integration-test/target/test-dir/MiniOzoneClusterImpl-d1ffa5d3-3301-45c3-9f44-1ffa6967d237/ozone-metadata/datanode-3/data-0/hdds)] INFO  ozoneimpl.AbstractBackgroundContainerScanner (AbstractBackgroundContainerScanner.java:runIteration(89)) - Completed an iteration in 0 minutes. Number of iterations (since the data-node restart) : 1, Number of containers scanned in this iteration : 0, Number of unhealthy containers found in this iteration : 0
2025-10-17 11:01:17,784 [ForkJoinPool-1-worker-1] INFO  netty.NettyUtils (NettyUtils.java:newEventLoopGroup(74)) - Create EpollEventLoopGroup for 2b4cc429-f9c1-416c-9a38-6239a2e149ea-NettyServerStreamRpc-bossGroup; Thread size is 0.
2025-10-17 11:01:17,784 [b292b6be-9482-4c30-a3e0-c9f721931b72-EndpointStateMachineTaskThread-/0.0.0.0:15002-0 ] INFO  replication.ReplicationServer (ReplicationServer.java:start(137)) - ReplicationServer is started using port 15033
2025-10-17 11:01:17,784 [ForkJoinPool-1-worker-1] INFO  netty.NettyUtils (NettyUtils.java:newEventLoopGroup(74)) - Create EpollEventLoopGroup for 2b4cc429-f9c1-416c-9a38-6239a2e149ea-NettyServerStreamRpc-workerGroup; Thread size is 0.
2025-10-17 11:01:17,785 [ForkJoinPool-1-worker-1] INFO  netty.NettyConfigKeys$DataStream (ConfUtils.java:logGet(62)) - raft.netty.dataStream.port = 15056 (custom)
2025-10-17 11:01:17,785 [b292b6be-9482-4c30-a3e0-c9f721931b72-EndpointStateMachineTaskThread-/0.0.0.0:15002-0 ] INFO  ratis.XceiverServerRatis (XceiverServerRatis.java:start(559)) - Starting XceiverServerRatis(b292b6be-9482-4c30-a3e0-c9f721931b72)
2025-10-17 11:01:17,786 [ForkJoinPool-1-worker-1] INFO  server.RaftServerConfigKeys (ConfUtils.java:logGet(62)) - raft.server.storage.dir = [/home/runner/work/ozone/ozone/hadoop-ozone/integration-test/target/test-dir/MiniOzoneClusterImpl-d1ffa5d3-3301-45c3-9f44-1ffa6967d237/ozone-metadata/datanode-6/ratis] (custom)
2025-10-17 11:01:17,787 [2b4cc429-f9c1-416c-9a38-6239a2e149ea-impl-thread1] INFO  server.RaftServer (RaftServerProxy.java:initGroupDir(270)) - 2b4cc429-f9c1-416c-9a38-6239a2e149ea: found a subdirectory /home/runner/work/ozone/ozone/hadoop-ozone/integration-test/target/test-dir/MiniOzoneClusterImpl-d1ffa5d3-3301-45c3-9f44-1ffa6967d237/ozone-metadata/datanode-6/ratis/tmp
2025-10-17 11:01:17,787 [2b4cc429-f9c1-416c-9a38-6239a2e149ea-impl-thread1] INFO  server.RaftServer (RaftServerProxy.java:initGroupDir(275)) - 2b4cc429-f9c1-416c-9a38-6239a2e149ea: The directory /home/runner/work/ozone/ozone/hadoop-ozone/integration-test/target/test-dir/MiniOzoneClusterImpl-d1ffa5d3-3301-45c3-9f44-1ffa6967d237/ozone-metadata/datanode-6/ratis/tmp is not a group directory; ignoring it. 
2025-10-17 11:01:17,787 [2b4cc429-f9c1-416c-9a38-6239a2e149ea-NettyServerStreamRpc-bossGroup--thread1] INFO  logging.LoggingHandler (AbstractInternalLogger.java:log(148)) - [id: 0x849c3418] REGISTERED
2025-10-17 11:01:17,787 [2b4cc429-f9c1-416c-9a38-6239a2e149ea-NettyServerStreamRpc-bossGroup--thread1] INFO  logging.LoggingHandler (AbstractInternalLogger.java:log(148)) - [id: 0x849c3418] BIND: 0.0.0.0/0.0.0.0:15056
2025-10-17 11:01:17,787 [2b4cc429-f9c1-416c-9a38-6239a2e149ea-NettyServerStreamRpc-bossGroup--thread1] INFO  logging.LoggingHandler (AbstractInternalLogger.java:log(148)) - [id: 0x849c3418, L:/0.0.0.0:15056] ACTIVE
2025-10-17 11:01:17,788 [ForkJoinPool-1-worker-1] INFO  replication.ReplicationServer (ReplicationServer.java:<init>(84)) - Initializing replication server with thread count = 10 queue length = 4096
2025-10-17 11:01:17,789 [ForkJoinPool-1-worker-1] INFO  server.XceiverServerGrpc (XceiverServerGrpc.java:<init>(129)) - GrpcServer channel type EpollServerSocketChannel
2025-10-17 11:01:17,789 [b292b6be-9482-4c30-a3e0-c9f721931b72-EndpointStateMachineTaskThread-/0.0.0.0:15002-0 ] INFO  server.RaftServer (RaftServerProxy.java:startImpl(412)) - b292b6be-9482-4c30-a3e0-c9f721931b72: start RPC server
2025-10-17 11:01:17,790 [b292b6be-9482-4c30-a3e0-c9f721931b72-EndpointStateMachineTaskThread-/0.0.0.0:15002-0 ] INFO  server.GrpcServicesImpl (GrpcServicesImpl.java:startImpl(346)) - b292b6be-9482-4c30-a3e0-c9f721931b72: GrpcServicesImpl started, listening on 15029
2025-10-17 11:01:17,790 [b292b6be-9482-4c30-a3e0-c9f721931b72-EndpointStateMachineTaskThread-/0.0.0.0:15002-0 ] INFO  server.GrpcServicesImpl (GrpcServicesImpl.java:startImpl(346)) - b292b6be-9482-4c30-a3e0-c9f721931b72: GrpcServicesImpl started, listening on 15031
2025-10-17 11:01:17,791 [b292b6be-9482-4c30-a3e0-c9f721931b72-EndpointStateMachineTaskThread-/0.0.0.0:15002-0 ] INFO  server.GrpcServicesImpl (GrpcServicesImpl.java:startImpl(346)) - b292b6be-9482-4c30-a3e0-c9f721931b72: GrpcServicesImpl started, listening on 15030
2025-10-17 11:01:17,791 [ForkJoinPool-1-worker-1] INFO  replication.ReplicationSupervisor (ReplicationSupervisor.java:build(169)) - Initializing replication supervisor with thread count = 10
2025-10-17 11:01:17,791 [ForkJoinPool-1-worker-1] INFO  replication.ReplicationSupervisor (ReplicationSupervisor.java:nodeStateUpdated(358)) - Node state updated to IN_SERVICE, scaling executor pool size to 10
2025-10-17 11:01:17,792 [b292b6be-9482-4c30-a3e0-c9f721931b72-EndpointStateMachineTaskThread-/0.0.0.0:15002-0 ] INFO  ratis.XceiverServerRatis (XceiverServerRatis.java:getRealPort(586)) - XceiverServerRatis(b292b6be-9482-4c30-a3e0-c9f721931b72) is started using port RATIS=15029
2025-10-17 11:01:17,792 [b292b6be-9482-4c30-a3e0-c9f721931b72-EndpointStateMachineTaskThread-/0.0.0.0:15002-0 ] INFO  ratis.XceiverServerRatis (XceiverServerRatis.java:getRealPort(586)) - XceiverServerRatis(b292b6be-9482-4c30-a3e0-c9f721931b72) is started using port RATIS_ADMIN=15030
2025-10-17 11:01:17,792 [b292b6be-9482-4c30-a3e0-c9f721931b72-EndpointStateMachineTaskThread-/0.0.0.0:15002-0 ] INFO  ratis.XceiverServerRatis (XceiverServerRatis.java:getRealPort(586)) - XceiverServerRatis(b292b6be-9482-4c30-a3e0-c9f721931b72) is started using port RATIS_SERVER=15031
2025-10-17 11:01:17,792 [b292b6be-9482-4c30-a3e0-c9f721931b72-EndpointStateMachineTaskThread-/0.0.0.0:15002-0 ] INFO  ratis.XceiverServerRatis (XceiverServerRatis.java:getRealPort(586)) - XceiverServerRatis(b292b6be-9482-4c30-a3e0-c9f721931b72) is started using port RATIS_DATASTREAM=15032
2025-10-17 11:01:17,792 [JvmPauseMonitor5] INFO  util.JvmPauseMonitor (JvmPauseMonitor.java:run(146)) - JvmPauseMonitor-b292b6be-9482-4c30-a3e0-c9f721931b72: Started
2025-10-17 11:01:17,794 [b292b6be-9482-4c30-a3e0-c9f721931b72-EndpointStateMachineTaskThread-/0.0.0.0:15002-0 ] INFO  utils.BackgroundService (BackgroundService.java:start(119)) - Starting service BlockDeletingService with interval 60000 milliseconds
2025-10-17 11:01:17,795 [b292b6be-9482-4c30-a3e0-c9f721931b72-EndpointStateMachineTaskThread-/0.0.0.0:15002-0 ] INFO  utils.BackgroundService (BackgroundService.java:start(119)) - Starting service StaleRecoveringContainerScrubbingService with interval 60000 milliseconds
2025-10-17 11:01:17,796 [ForkJoinPool-1-worker-1] INFO  http.BaseHttpServer (BaseHttpServer.java:newHttpServer2BuilderForOzone(227)) - Starting Web-server for hddsDatanode at: http://0.0.0.0:15050
2025-10-17 11:01:17,796 [ForkJoinPool-1-worker-1] INFO  http.BaseHttpServer (BaseHttpServer.java:<init>(105)) - Hadoop Security Enabled: false Ozone Security Enabled: false Ozone HTTP Security Enabled: false 
2025-10-17 11:01:17,799 [ForkJoinPool-1-worker-1] WARN  server.AuthenticationFilter (AuthenticationFilter.java:constructSecretProvider(240)) - Unable to initialize FileSignerSecretProvider, falling back to use random secrets. Reason: Could not read signature secret file: /home/runner/hadoop-http-auth-signature-secret
2025-10-17 11:01:17,802 [ForkJoinPool-1-worker-1] INFO  http.HttpServer2 (HttpServer2.java:addGlobalFilter(1040)) - Added global filter 'safety' (class=org.apache.hadoop.hdds.server.http.HttpServer2$QuotingInputFilter)
2025-10-17 11:01:17,804 [ForkJoinPool-1-worker-1] INFO  http.HttpServer2 (HttpServer2.java:addFilter(1016)) - Added filter static_user_filter (class=org.apache.hadoop.http.lib.StaticUserWebFilter$StaticUserFilter) to context hddsDatanode
2025-10-17 11:01:17,804 [ForkJoinPool-1-worker-1] INFO  http.HttpServer2 (HttpServer2.java:addFilter(1024)) - Added filter static_user_filter (class=org.apache.hadoop.http.lib.StaticUserWebFilter$StaticUserFilter) to context logs
2025-10-17 11:01:17,804 [ForkJoinPool-1-worker-1] INFO  http.HttpServer2 (HttpServer2.java:addFilter(1024)) - Added filter static_user_filter (class=org.apache.hadoop.http.lib.StaticUserWebFilter$StaticUserFilter) to context static
2025-10-17 11:01:17,805 [ForkJoinPool-1-worker-1] INFO  http.BaseHttpServer (BaseHttpServer.java:<init>(193)) - HTTP server of hddsDatanode uses base directory /home/runner/work/ozone/ozone/hadoop-ozone/integration-test/target/test-dir/MiniOzoneClusterImpl-d1ffa5d3-3301-45c3-9f44-1ffa6967d237/scm/ozone-metadata/webserver
2025-10-17 11:01:17,805 [ForkJoinPool-1-worker-1] INFO  http.HttpServer2 (HttpServer2.java:bindListener(1240)) - Jetty bound to port 15050
2025-10-17 11:01:17,805 [ForkJoinPool-1-worker-1] INFO  server.Server (Server.java:doStart(375)) - jetty-9.4.58.v20250814; built: 2025-08-14T02:28:49.637Z; git: 8f1440587e9e4ae7db3d74cf205643f3d707148d; jvm 21.0.8+9-LTS
2025-10-17 11:01:17,807 [ForkJoinPool-1-worker-1] INFO  server.session (DefaultSessionIdManager.java:doStart(334)) - DefaultSessionIdManager workerName=node0
2025-10-17 11:01:17,807 [ForkJoinPool-1-worker-1] INFO  server.session (DefaultSessionIdManager.java:doStart(339)) - No SessionScavenger set, using defaults
2025-10-17 11:01:17,807 [ForkJoinPool-1-worker-1] INFO  server.session (HouseKeeper.java:startScavenging(132)) - node0 Scavenging every 600000ms
2025-10-17 11:01:17,808 [ForkJoinPool-1-worker-1] INFO  handler.ContextHandler (ContextHandler.java:doStart(921)) - Started o.e.j.s.ServletContextHandler@5fb0b490{logs,/logs,file:///home/runner/work/ozone/ozone/hadoop-ozone/integration-test/target/log,AVAILABLE}
2025-10-17 11:01:17,809 [ForkJoinPool-1-worker-1] INFO  handler.ContextHandler (ContextHandler.java:doStart(921)) - Started o.e.j.s.ServletContextHandler@78cb52cf{static,/static,jar:file:/home/runner/work/ozone/ozone/hadoop-hdds/container-service/target/hdds-container-service-2.1.0-SNAPSHOT.jar!/webapps/static,AVAILABLE}
2025-10-17 11:01:17,815 [IPC Server handler 2 on default port 15002] INFO  net.NetworkTopologyImpl (NetworkTopologyImpl.java:add(133)) - Added a new node: /default-rack/309ab1ff-9f5a-4058-8b2f-94d451ce5267
2025-10-17 11:01:17,818 [IPC Server handler 2 on default port 15002] INFO  node.SCMNodeManager (SCMNodeManager.java:register(423)) - Registered datanode: 309ab1ff-9f5a-4058-8b2f-94d451ce5267{ip: 127.0.0.1, host: localhost, ports: [HTTP=15010, CLIENT_RPC=15011, REPLICATION=15017, RATIS=15013, RATIS_ADMIN=15014, RATIS_SERVER=15015, RATIS_DATASTREAM=15016, STANDALONE=15012], networkLocation: /default-rack, certSerialId: null, persistedOpState: null, persistedOpStateExpiryEpochSec: 0}
2025-10-17 11:01:17,820 [EventQueue-NewNodeForNewNodeHandler] INFO  pipeline.BackgroundPipelineCreator (BackgroundPipelineCreator.java:notifyEventTriggered(290)) - trigger a one-shot run on RatisPipelineUtilsThread.
2025-10-17 11:01:17,823 [EventQueue-NodeRegistrationContainerReportForDataNodeSafeModeRule] INFO  safemode.SCMSafeModeManager (DataNodeSafeModeRule.java:process(78)) - SCM in safe mode. 1 DataNodes registered, 3 required.
2025-10-17 11:01:17,823 [EventQueue-ContainerRegistrationReportForRatisContainerSafeModeRule] INFO  safemode.SCMSafeModeManager (SCMSafeModeManager.java:validateSafeModeExitRules(138)) - RatisContainerSafeModeRule rule is successfully validated
2025-10-17 11:01:17,824 [EventQueue-PipelineReportForOneReplicaPipelineSafeModeRule] INFO  safemode.SCMSafeModeManager (SCMSafeModeManager.java:validateSafeModeExitRules(138)) - OneReplicaPipelineSafeModeRule rule is successfully validated
2025-10-17 11:01:17,825 [EventQueue-ContainerRegistrationReportForECContainerSafeModeRule] INFO  safemode.SCMSafeModeManager (SCMSafeModeManager.java:validateSafeModeExitRules(138)) - ECContainerSafeModeRule rule is successfully validated
2025-10-17 11:01:17,827 | INFO  | SCMAudit | user=runner | ip=127.0.0.1 | op=REGISTER {"datanodeDetails":"309ab1ff-9f5a-4058-8b2f-94d451ce5267(localhost/127.0.0.1)"} | ret=SUCCESS |  
2025-10-17 11:01:17,831 [RatisPipelineUtilsThread-0] INFO  pipeline.RatisPipelineProvider (RatisPipelineProvider.java:lambda$create$0(208)) - Sending CreatePipelineCommand for pipeline:Pipeline-b203f549-6b85-46a8-bf24-71b2df240043 to datanode:309ab1ff-9f5a-4058-8b2f-94d451ce5267(localhost/127.0.0.1)
2025-10-17 11:01:17,888 [069dddce-46ee-48e8-8453-914416002559@group-1FFA6967D237-StateMachineUpdater] INFO  safemode.SCMSafeModeManager (SCMSafeModeManager.java:validateSafeModeExitRules(138)) - RatisContainerSafeModeRule rule is successfully validated
2025-10-17 11:01:17,889 [069dddce-46ee-48e8-8453-914416002559@group-1FFA6967D237-StateMachineUpdater] INFO  safemode.HealthyPipelineSafeModeRule (HealthyPipelineSafeModeRule.java:initializeRule(226)) - Refreshed total pipeline count is 0, healthy pipeline threshold count is 1
2025-10-17 11:01:17,890 [069dddce-46ee-48e8-8453-914416002559@group-1FFA6967D237-StateMachineUpdater] INFO  safemode.SCMSafeModeManager (SCMSafeModeManager.java:validateSafeModeExitRules(138)) - OneReplicaPipelineSafeModeRule rule is successfully validated
2025-10-17 11:01:17,890 [069dddce-46ee-48e8-8453-914416002559@group-1FFA6967D237-StateMachineUpdater] INFO  safemode.SCMSafeModeManager (SCMSafeModeManager.java:validateSafeModeExitRules(138)) - ECContainerSafeModeRule rule is successfully validated
2025-10-17 11:01:17,894 [RatisPipelineUtilsThread-0] INFO  pipeline.BackgroundPipelineCreator (BackgroundPipelineCreator.java:createPipelines(246)) - Created new pipeline Pipeline{ Id: b203f549-6b85-46a8-bf24-71b2df240043, Nodes: [ {309ab1ff-9f5a-4058-8b2f-94d451ce5267(localhost/127.0.0.1), ReplicaIndex: 0},], ReplicationConfig: RATIS/ONE, State:ALLOCATED, leaderId:, CreationTimestamp2025-10-17T11:01:17.830290366Z[Etc/UTC]}
2025-10-17 11:01:17,995 [ForkJoinPool-1-worker-1] INFO  handler.ContextHandler (ContextHandler.java:doStart(921)) - Started o.e.j.w.WebAppContext@4a08f720{hddsDatanode,/,file:///home/runner/work/ozone/ozone/hadoop-ozone/integration-test/target/test-dir/MiniOzoneClusterImpl-d1ffa5d3-3301-45c3-9f44-1ffa6967d237/scm/ozone-metadata/webserver/jetty-0_0_0_0-15050-hdds-container-service-2_1_0-SNAPSHOT_jar-_-any-16351795526918448947/webapp/,AVAILABLE}{jar:file:/home/runner/work/ozone/ozone/hadoop-hdds/container-service/target/hdds-container-service-2.1.0-SNAPSHOT.jar!/webapps/hddsDatanode}
2025-10-17 11:01:17,996 [ForkJoinPool-1-worker-1] INFO  server.AbstractConnector (AbstractConnector.java:doStart(333)) - Started ServerConnector@2fc24003{HTTP/1.1, (http/1.1)}{0.0.0.0:15050}
2025-10-17 11:01:17,996 [ForkJoinPool-1-worker-1] INFO  server.Server (Server.java:doStart(415)) - Started @11523ms
2025-10-17 11:01:17,996 [ForkJoinPool-1-worker-1] WARN  impl.MetricsSystemImpl (MetricsSystemImpl.java:register(279)) - Sink prometheus already exists!
2025-10-17 11:01:17,996 [ForkJoinPool-1-worker-1] INFO  http.BaseHttpServer (BaseHttpServer.java:updateConnectorAddress(357)) - HTTP server of hddsDatanode listening at http://localhost:15050
2025-10-17 11:01:17,997 [ForkJoinPool-1-worker-1] INFO  ipc.CallQueueManager (CallQueueManager.java:<init>(93)) - Using callQueue: class java.util.concurrent.LinkedBlockingQueue, queueCapacity: 1000, scheduler: class org.apache.hadoop.ipc.DefaultRpcScheduler, ipcBackoff: false, ipcFailOver: false.
2025-10-17 11:01:17,997 [ForkJoinPool-1-worker-1] INFO  ipc.Server (Server.java:<init>(1438)) - Listener at 0.0.0.0:15051
2025-10-17 11:01:17,997 [Socket Reader #1 for port 15051] INFO  ipc.Server (Server.java:run(1474)) - Starting Socket Reader #1 for port 15051
2025-10-17 11:01:17,998 [Socket Reader #2 for port 15051] INFO  ipc.Server (Server.java:run(1474)) - Starting Socket Reader #2 for port 15051
2025-10-17 11:01:17,998 [Socket Reader #3 for port 15051] INFO  ipc.Server (Server.java:run(1474)) - Starting Socket Reader #3 for port 15051
2025-10-17 11:01:17,998 [Socket Reader #4 for port 15051] INFO  ipc.Server (Server.java:run(1474)) - Starting Socket Reader #4 for port 15051
2025-10-17 11:01:17,998 [IPC Server handler 1 on default port 15002] INFO  net.NetworkTopologyImpl (NetworkTopologyImpl.java:add(133)) - Added a new node: /default-rack/99c47355-c013-4450-a734-aff6d3c99677
2025-10-17 11:01:17,999 [IPC Server handler 1 on default port 15002] INFO  node.SCMNodeManager (SCMNodeManager.java:register(423)) - Registered datanode: 99c47355-c013-4450-a734-aff6d3c99677{ip: 127.0.0.1, host: localhost, ports: [HTTP=15018, CLIENT_RPC=15019, REPLICATION=15025, RATIS=15021, RATIS_ADMIN=15022, RATIS_SERVER=15023, RATIS_DATASTREAM=15024, STANDALONE=15020], networkLocation: /default-rack, certSerialId: null, persistedOpState: null, persistedOpStateExpiryEpochSec: 0}
2025-10-17 11:01:17,999 [EventQueue-NodeRegistrationContainerReportForDataNodeSafeModeRule] INFO  safemode.SCMSafeModeManager (DataNodeSafeModeRule.java:process(78)) - SCM in safe mode. 2 DataNodes registered, 3 required.
2025-10-17 11:01:17,999 [Socket Reader #5 for port 15051] INFO  ipc.Server (Server.java:run(1474)) - Starting Socket Reader #5 for port 15051
2025-10-17 11:01:18,000 [EventQueue-ContainerRegistrationReportForECContainerSafeModeRule] INFO  safemode.SCMSafeModeManager (SCMSafeModeManager.java:validateSafeModeExitRules(138)) - ECContainerSafeModeRule rule is successfully validated
2025-10-17 11:01:18,000 [EventQueue-ContainerRegistrationReportForRatisContainerSafeModeRule] INFO  safemode.SCMSafeModeManager (SCMSafeModeManager.java:validateSafeModeExitRules(138)) - RatisContainerSafeModeRule rule is successfully validated
2025-10-17 11:01:18,000 | INFO  | SCMAudit | user=runner | ip=127.0.0.1 | op=REGISTER {"datanodeDetails":"99c47355-c013-4450-a734-aff6d3c99677(localhost/127.0.0.1)"} | ret=SUCCESS |  
2025-10-17 11:01:18,000 [EventQueue-PipelineReportForOneReplicaPipelineSafeModeRule] INFO  safemode.SCMSafeModeManager (SCMSafeModeManager.java:validateSafeModeExitRules(138)) - OneReplicaPipelineSafeModeRule rule is successfully validated
2025-10-17 11:01:18,000 [EventQueue-NewNodeForNewNodeHandler] INFO  pipeline.BackgroundPipelineCreator (BackgroundPipelineCreator.java:notifyEventTriggered(290)) - trigger a one-shot run on RatisPipelineUtilsThread.
2025-10-17 11:01:18,000 [Socket Reader #6 for port 15051] INFO  ipc.Server (Server.java:run(1474)) - Starting Socket Reader #6 for port 15051
2025-10-17 11:01:18,001 [Socket Reader #7 for port 15051] INFO  ipc.Server (Server.java:run(1474)) - Starting Socket Reader #7 for port 15051
2025-10-17 11:01:18,002 [RatisPipelineUtilsThread-0] INFO  pipeline.RatisPipelineProvider (RatisPipelineProvider.java:lambda$create$0(208)) - Sending CreatePipelineCommand for pipeline:Pipeline-6b2deba0-04fb-41c2-94ac-6ea1d32114b8 to datanode:99c47355-c013-4450-a734-aff6d3c99677(localhost/127.0.0.1)
2025-10-17 11:01:18,002 [Socket Reader #8 for port 15051] INFO  ipc.Server (Server.java:run(1474)) - Starting Socket Reader #8 for port 15051
2025-10-17 11:01:18,004 [Socket Reader #9 for port 15051] INFO  ipc.Server (Server.java:run(1474)) - Starting Socket Reader #9 for port 15051
2025-10-17 11:01:18,004 [Socket Reader #10 for port 15051] INFO  ipc.Server (Server.java:run(1474)) - Starting Socket Reader #10 for port 15051
2025-10-17 11:01:18,004 | INFO  | SCMAudit | user=runner | ip=127.0.0.1 | op=GET_VERSION {} | ret=SUCCESS |  
2025-10-17 11:01:18,005 [069dddce-46ee-48e8-8453-914416002559@group-1FFA6967D237-StateMachineUpdater] INFO  safemode.SCMSafeModeManager (SCMSafeModeManager.java:validateSafeModeExitRules(138)) - RatisContainerSafeModeRule rule is successfully validated
2025-10-17 11:01:18,006 [069dddce-46ee-48e8-8453-914416002559@group-1FFA6967D237-StateMachineUpdater] INFO  safemode.HealthyPipelineSafeModeRule (HealthyPipelineSafeModeRule.java:initializeRule(226)) - Refreshed total pipeline count is 0, healthy pipeline threshold count is 1
2025-10-17 11:01:18,006 [069dddce-46ee-48e8-8453-914416002559@group-1FFA6967D237-StateMachineUpdater] INFO  safemode.SCMSafeModeManager (SCMSafeModeManager.java:validateSafeModeExitRules(138)) - OneReplicaPipelineSafeModeRule rule is successfully validated
2025-10-17 11:01:18,006 [069dddce-46ee-48e8-8453-914416002559@group-1FFA6967D237-StateMachineUpdater] INFO  safemode.SCMSafeModeManager (SCMSafeModeManager.java:validateSafeModeExitRules(138)) - ECContainerSafeModeRule rule is successfully validated
2025-10-17 11:01:18,006 [RatisPipelineUtilsThread-0] INFO  pipeline.BackgroundPipelineCreator (BackgroundPipelineCreator.java:createPipelines(246)) - Created new pipeline Pipeline{ Id: 6b2deba0-04fb-41c2-94ac-6ea1d32114b8, Nodes: [ {99c47355-c013-4450-a734-aff6d3c99677(localhost/127.0.0.1), ReplicaIndex: 0},], ReplicationConfig: RATIS/ONE, State:ALLOCATED, leaderId:, CreationTimestamp2025-10-17T11:01:18.002044734Z[Etc/UTC]}
2025-10-17 11:01:18,009 [ForkJoinPool-1-worker-1] INFO  ozone.HddsDatanodeService (HddsDatanodeService.java:start(333)) - Datanode start with admins: [admin, runner]
2025-10-17 11:01:18,009 [ForkJoinPool-1-worker-1] INFO  ozone.HddsDatanodeClientProtocolServer (HddsDatanodeClientProtocolServer.java:start(76)) - RPC server for Client /0.0.0.0:15051
2025-10-17 11:01:18,011 [IPC Server Responder] INFO  ipc.Server (Server.java:run(1713)) - IPC Server Responder: starting
2025-10-17 11:01:18,012 [IPC Server listener on 15051] INFO  ipc.Server (Server.java:run(1553)) - IPC Server listener on 15051: starting
2025-10-17 11:01:18,014 [ForkJoinPool-1-worker-1] WARN  dropwizard3.Dm3MetricRegistriesImpl (Dm3MetricRegistriesImpl.java:addReporterRegistration(114)) - New reporters are added after registries were created. Some metrics will be missing from the reporter. Please add reporter before adding any new registry.
2025-10-17 11:01:18,014 [ForkJoinPool-1-worker-1] WARN  dropwizard3.Dm3MetricRegistriesImpl (Dm3MetricRegistriesImpl.java:addReporterRegistration(114)) - New reporters are added after registries were created. Some metrics will be missing from the reporter. Please add reporter before adding any new registry.
2025-10-17 11:01:18,017 [2b4cc429-f9c1-416c-9a38-6239a2e149ea-DatanodeStateMachineDaemonThread] INFO  statemachine.DatanodeStateMachine (DatanodeStateMachine.java:startStateMachineThread(363)) - Ozone container server started.
2025-10-17 11:01:18,025 [2b4cc429-f9c1-416c-9a38-6239a2e149ea-DatanodeStateMachineTaskThread-0] INFO  datanode.InitDatanodeState (InitDatanodeState.java:persistContainerDatanodeDetails(139)) - DatanodeDetails is persisted to /home/runner/work/ozone/ozone/hadoop-ozone/integration-test/target/test-dir/MiniOzoneClusterImpl-d1ffa5d3-3301-45c3-9f44-1ffa6967d237/ozone-metadata/datanode-6/ozone-metadata/datanode.id
2025-10-17 11:01:18,038 [ForkJoinPool-1-worker-1] INFO  protocol.DatanodeDetails (DatanodeDetails.java:validateDatanodeIpAddress(199)) - Updating IP address of datanode 50dccd39-549f-4f43-8b1f-597bf98f9c16(localhost/null) to 127.0.0.1
2025-10-17 11:01:18,038 [ForkJoinPool-1-worker-1] INFO  ozone.HddsDatanodeService (HddsDatanodeService.java:start(236)) - HddsDatanodeService 50dccd39-549f-4f43-8b1f-597bf98f9c16(localhost/127.0.0.1)
2025-10-17 11:01:18,041 [ForkJoinPool-1-worker-1] INFO  upgrade.AbstractLayoutVersionManager (AbstractLayoutVersionManager.java:init(80)) - Initializing Layout version manager with metadata layout = WITNESSED_CONTAINER_DB_PROTO_VALUE (version = 9), software layout = WITNESSED_CONTAINER_DB_PROTO_VALUE (version = 9)
2025-10-17 11:01:18,042 [ForkJoinPool-1-worker-1] INFO  statemachine.DatanodeStateMachine (DatanodeStateMachine.java:getEndPointTaskThreadPoolSize(321)) - Datanode State Machine Task Thread Pool size 2
2025-10-17 11:01:18,046 [ForkJoinPool-1-worker-1] INFO  volume.HddsVolume (HddsVolume.java:<init>(162)) - HddsVolume: { id=DS-d24c5cd0-9be6-4041-ad47-653903bfc236 dir=/home/runner/work/ozone/ozone/hadoop-ozone/integration-test/target/test-dir/MiniOzoneClusterImpl-d1ffa5d3-3301-45c3-9f44-1ffa6967d237/ozone-metadata/datanode-7/data-0/hdds type=DISK capacity=9222449699674390527 used=0 available=9222449699674390527 minFree=184448985434423296 committed=0 }
2025-10-17 11:01:18,046 [ForkJoinPool-1-worker-1] INFO  volume.MutableVolumeSet (MutableVolumeSet.java:initializeVolumeSet(175)) - Added Volume : /home/runner/work/ozone/ozone/hadoop-ozone/integration-test/target/test-dir/MiniOzoneClusterImpl-d1ffa5d3-3301-45c3-9f44-1ffa6967d237/ozone-metadata/datanode-7/data-0/hdds to VolumeSet
2025-10-17 11:01:18,047 [ForkJoinPool-1-worker-1] INFO  volume.MutableVolumeSet (MutableVolumeSet.java:initializeVolumeSet(175)) - Added Volume : /home/runner/work/ozone/ozone/hadoop-ozone/integration-test/target/test-dir/MiniOzoneClusterImpl-d1ffa5d3-3301-45c3-9f44-1ffa6967d237/ozone-metadata/datanode-7/ratis to VolumeSet
2025-10-17 11:01:18,048 [ForkJoinPool-1-worker-1] INFO  ozoneimpl.OzoneContainer (HddsVolumeUtil.java:loadAllHddsVolumeDbStore(102)) - Load 1 volumes DbStore cost: 0ms
2025-10-17 11:01:18,049 [ForkJoinPool-1-worker-1] WARN  db.DBStoreBuilder (DBStoreBuilder.java:getDBDirPath(157)) - ozone.scm.datanode.id.dir is not configured. We recommend adding this setting. Falling back to ozone.metadata.dirs instead.
2025-10-17 11:01:18,050 [ForkJoinPool-1-worker-1] WARN  db.DBStoreBuilder (DBStoreBuilder.java:getDBDirPath(157)) - ozone.scm.datanode.id.dir is not configured. We recommend adding this setting. Falling back to ozone.metadata.dirs instead.
2025-10-17 11:01:18,052 [718bfa29-2c47-4ab5-ac61-3dfe9c6b9d5c-EndpointStateMachineTaskThread-/0.0.0.0:15002-0 ] INFO  utils.DatanodeStoreCache (DatanodeStoreCache.java:addDB(70)) - Added db /home/runner/work/ozone/ozone/hadoop-ozone/integration-test/target/test-dir/MiniOzoneClusterImpl-d1ffa5d3-3301-45c3-9f44-1ffa6967d237/ozone-metadata/datanode-4/data-0/hdds/d1ffa5d3-3301-45c3-9f44-1ffa6967d237/DS-ad4275b4-dc59-42f8-a131-9a7023045d8a/container.db to cache
2025-10-17 11:01:18,052 [718bfa29-2c47-4ab5-ac61-3dfe9c6b9d5c-EndpointStateMachineTaskThread-/0.0.0.0:15002-0 ] INFO  volume.HddsVolume (HddsVolume.java:createDbStore(576)) - SchemaV3 db is created and loaded at /home/runner/work/ozone/ozone/hadoop-ozone/integration-test/target/test-dir/MiniOzoneClusterImpl-d1ffa5d3-3301-45c3-9f44-1ffa6967d237/ozone-metadata/datanode-4/data-0/hdds/d1ffa5d3-3301-45c3-9f44-1ffa6967d237/DS-ad4275b4-dc59-42f8-a131-9a7023045d8a/container.db for volume DS-ad4275b4-dc59-42f8-a131-9a7023045d8a
2025-10-17 11:01:18,055 [718bfa29-2c47-4ab5-ac61-3dfe9c6b9d5c-ContainerReader-0] INFO  ozoneimpl.ContainerReader (ContainerReader.java:readVolume(147)) - Start to verify containers on volume /home/runner/work/ozone/ozone/hadoop-ozone/integration-test/target/test-dir/MiniOzoneClusterImpl-d1ffa5d3-3301-45c3-9f44-1ffa6967d237/ozone-metadata/datanode-4/data-0/hdds
2025-10-17 11:01:18,055 [718bfa29-2c47-4ab5-ac61-3dfe9c6b9d5c-ContainerReader-0] INFO  ozoneimpl.ContainerReader (ContainerReader.java:readVolume(177)) - Finish verifying containers on volume /home/runner/work/ozone/ozone/hadoop-ozone/integration-test/target/test-dir/MiniOzoneClusterImpl-d1ffa5d3-3301-45c3-9f44-1ffa6967d237/ozone-metadata/datanode-4/data-0/hdds
2025-10-17 11:01:18,056 [718bfa29-2c47-4ab5-ac61-3dfe9c6b9d5c-EndpointStateMachineTaskThread-/0.0.0.0:15002-0 ] INFO  ozoneimpl.OzoneContainer (OzoneContainer.java:buildContainerSet(359)) - Build ContainerSet costs 0s
2025-10-17 11:01:18,056 [718bfa29-2c47-4ab5-ac61-3dfe9c6b9d5c-EndpointStateMachineTaskThread-/0.0.0.0:15002-0 ] INFO  volume.ThrottledAsyncChecker (ThrottledAsyncChecker.java:schedule(138)) - Scheduling a check for /home/runner/work/ozone/ozone/hadoop-ozone/integration-test/target/test-dir/MiniOzoneClusterImpl-d1ffa5d3-3301-45c3-9f44-1ffa6967d237/ozone-metadata/datanode-4/data-0/hdds
2025-10-17 11:01:18,057 [718bfa29-2c47-4ab5-ac61-3dfe9c6b9d5c-EndpointStateMachineTaskThread-/0.0.0.0:15002-0 ] INFO  volume.StorageVolumeChecker (StorageVolumeChecker.java:checkAllVolumes(231)) - Scheduled health check for volume /home/runner/work/ozone/ozone/hadoop-ozone/integration-test/target/test-dir/MiniOzoneClusterImpl-d1ffa5d3-3301-45c3-9f44-1ffa6967d237/ozone-metadata/datanode-4/data-0/hdds
2025-10-17 11:01:18,061 [718bfa29-2c47-4ab5-ac61-3dfe9c6b9d5c-EndpointStateMachineTaskThread-/0.0.0.0:15002-0 ] INFO  volume.ThrottledAsyncChecker (ThrottledAsyncChecker.java:schedule(138)) - Scheduling a check for /home/runner/work/ozone/ozone/hadoop-ozone/integration-test/target/test-dir/MiniOzoneClusterImpl-d1ffa5d3-3301-45c3-9f44-1ffa6967d237/ozone-metadata/datanode-4/ratis
2025-10-17 11:01:18,061 [718bfa29-2c47-4ab5-ac61-3dfe9c6b9d5c-EndpointStateMachineTaskThread-/0.0.0.0:15002-0 ] INFO  volume.StorageVolumeChecker (StorageVolumeChecker.java:checkAllVolumes(231)) - Scheduled health check for volume /home/runner/work/ozone/ozone/hadoop-ozone/integration-test/target/test-dir/MiniOzoneClusterImpl-d1ffa5d3-3301-45c3-9f44-1ffa6967d237/ozone-metadata/datanode-4/ratis
2025-10-17 11:01:18,062 [718bfa29-2c47-4ab5-ac61-3dfe9c6b9d5c-EndpointStateMachineTaskThread-/0.0.0.0:15002-0 ] INFO  ozoneimpl.OzoneContainer (OzoneContainer.java:start(544)) - Attempting to start container services.
2025-10-17 11:01:18,062 [ContainerMetadataScanner] INFO  ozoneimpl.AbstractBackgroundContainerScanner (AbstractBackgroundContainerScanner.java:runIteration(89)) - Completed an iteration in 0 minutes. Number of iterations (since the data-node restart) : 1, Number of containers scanned in this iteration : 0, Number of unhealthy containers found in this iteration : 0
2025-10-17 11:01:18,063 [ContainerDataScanner(/home/runner/work/ozone/ozone/hadoop-ozone/integration-test/target/test-dir/MiniOzoneClusterImpl-d1ffa5d3-3301-45c3-9f44-1ffa6967d237/ozone-metadata/datanode-4/data-0/hdds)] INFO  ozoneimpl.AbstractBackgroundContainerScanner (AbstractBackgroundContainerScanner.java:runIteration(89)) - Completed an iteration in 0 minutes. Number of iterations (since the data-node restart) : 1, Number of containers scanned in this iteration : 0, Number of unhealthy containers found in this iteration : 0
2025-10-17 11:01:18,064 [718bfa29-2c47-4ab5-ac61-3dfe9c6b9d5c-EndpointStateMachineTaskThread-/0.0.0.0:15002-0 ] INFO  replication.ReplicationServer (ReplicationServer.java:start(137)) - ReplicationServer is started using port 15041
2025-10-17 11:01:18,064 [718bfa29-2c47-4ab5-ac61-3dfe9c6b9d5c-EndpointStateMachineTaskThread-/0.0.0.0:15002-0 ] INFO  ratis.XceiverServerRatis (XceiverServerRatis.java:start(559)) - Starting XceiverServerRatis(718bfa29-2c47-4ab5-ac61-3dfe9c6b9d5c)
2025-10-17 11:01:18,065 [718bfa29-2c47-4ab5-ac61-3dfe9c6b9d5c-EndpointStateMachineTaskThread-/0.0.0.0:15002-0 ] INFO  server.RaftServer (RaftServerProxy.java:startImpl(412)) - 718bfa29-2c47-4ab5-ac61-3dfe9c6b9d5c: start RPC server
2025-10-17 11:01:18,066 [718bfa29-2c47-4ab5-ac61-3dfe9c6b9d5c-EndpointStateMachineTaskThread-/0.0.0.0:15002-0 ] INFO  server.GrpcServicesImpl (GrpcServicesImpl.java:startImpl(346)) - 718bfa29-2c47-4ab5-ac61-3dfe9c6b9d5c: GrpcServicesImpl started, listening on 15037
2025-10-17 11:01:18,066 [718bfa29-2c47-4ab5-ac61-3dfe9c6b9d5c-EndpointStateMachineTaskThread-/0.0.0.0:15002-0 ] INFO  server.GrpcServicesImpl (GrpcServicesImpl.java:startImpl(346)) - 718bfa29-2c47-4ab5-ac61-3dfe9c6b9d5c: GrpcServicesImpl started, listening on 15039
2025-10-17 11:01:18,067 [718bfa29-2c47-4ab5-ac61-3dfe9c6b9d5c-EndpointStateMachineTaskThread-/0.0.0.0:15002-0 ] INFO  server.GrpcServicesImpl (GrpcServicesImpl.java:startImpl(346)) - 718bfa29-2c47-4ab5-ac61-3dfe9c6b9d5c: GrpcServicesImpl started, listening on 15038
2025-10-17 11:01:18,067 [718bfa29-2c47-4ab5-ac61-3dfe9c6b9d5c-EndpointStateMachineTaskThread-/0.0.0.0:15002-0 ] INFO  ratis.XceiverServerRatis (XceiverServerRatis.java:getRealPort(586)) - XceiverServerRatis(718bfa29-2c47-4ab5-ac61-3dfe9c6b9d5c) is started using port RATIS=15037
2025-10-17 11:01:18,067 [718bfa29-2c47-4ab5-ac61-3dfe9c6b9d5c-EndpointStateMachineTaskThread-/0.0.0.0:15002-0 ] INFO  ratis.XceiverServerRatis (XceiverServerRatis.java:getRealPort(586)) - XceiverServerRatis(718bfa29-2c47-4ab5-ac61-3dfe9c6b9d5c) is started using port RATIS_ADMIN=15038
2025-10-17 11:01:18,067 [718bfa29-2c47-4ab5-ac61-3dfe9c6b9d5c-EndpointStateMachineTaskThread-/0.0.0.0:15002-0 ] INFO  ratis.XceiverServerRatis (XceiverServerRatis.java:getRealPort(586)) - XceiverServerRatis(718bfa29-2c47-4ab5-ac61-3dfe9c6b9d5c) is started using port RATIS_SERVER=15039
2025-10-17 11:01:18,067 [718bfa29-2c47-4ab5-ac61-3dfe9c6b9d5c-EndpointStateMachineTaskThread-/0.0.0.0:15002-0 ] INFO  ratis.XceiverServerRatis (XceiverServerRatis.java:getRealPort(586)) - XceiverServerRatis(718bfa29-2c47-4ab5-ac61-3dfe9c6b9d5c) is started using port RATIS_DATASTREAM=15040
2025-10-17 11:01:18,067 [JvmPauseMonitor6] INFO  util.JvmPauseMonitor (JvmPauseMonitor.java:run(146)) - JvmPauseMonitor-718bfa29-2c47-4ab5-ac61-3dfe9c6b9d5c: Started
2025-10-17 11:01:18,068 [718bfa29-2c47-4ab5-ac61-3dfe9c6b9d5c-EndpointStateMachineTaskThread-/0.0.0.0:15002-0 ] INFO  utils.BackgroundService (BackgroundService.java:start(119)) - Starting service BlockDeletingService with interval 60000 milliseconds
2025-10-17 11:01:18,068 [718bfa29-2c47-4ab5-ac61-3dfe9c6b9d5c-EndpointStateMachineTaskThread-/0.0.0.0:15002-0 ] INFO  utils.BackgroundService (BackgroundService.java:start(119)) - Starting service StaleRecoveringContainerScrubbingService with interval 60000 milliseconds
2025-10-17 11:01:18,069 [ForkJoinPool-1-worker-1] INFO  impl.FilePerChunkStrategy (FilePerChunkStrategy.java:<init>(79)) - ozone.chunk.read.mapped.buffer.max.count is load with 0
2025-10-17 11:01:18,069 [ForkJoinPool-1-worker-1] INFO  impl.FilePerBlockStrategy (FilePerBlockStrategy.java:<init>(88)) - ozone.chunk.read.mapped.buffer.max.count is load with 0
2025-10-17 11:01:18,070 [ForkJoinPool-1-worker-1] INFO  server.RaftServerConfigKeys (ConfUtils.java:logGet(62)) - raft.server.log.appender.buffer.byte-limit = 33554432 (custom)
2025-10-17 11:01:18,072 [ForkJoinPool-1-worker-1] INFO  grpc.GrpcConfigKeys (ConfUtils.java:logFallback(69)) - raft.grpc.admin.host = null (fallback to raft.grpc.server.host)
2025-10-17 11:01:18,072 [ForkJoinPool-1-worker-1] INFO  grpc.GrpcConfigKeys (ConfUtils.java:logGet(62)) - raft.grpc.admin.port = 15062 (custom)
2025-10-17 11:01:18,073 [ForkJoinPool-1-worker-1] INFO  grpc.GrpcConfigKeys (ConfUtils.java:logFallback(69)) - raft.grpc.client.host = null (fallback to raft.grpc.server.host)
2025-10-17 11:01:18,073 [ForkJoinPool-1-worker-1] INFO  grpc.GrpcConfigKeys (ConfUtils.java:logGet(62)) - raft.grpc.client.port = 15061 (custom)
2025-10-17 11:01:18,073 [ForkJoinPool-1-worker-1] INFO  grpc.GrpcConfigKeys (ConfUtils.java:logGet(62)) - raft.grpc.server.port = 15063 (custom)
2025-10-17 11:01:18,073 [ForkJoinPool-1-worker-1] INFO  server.GrpcServicesImpl (ConfUtils.java:logGet(62)) - raft.grpc.message.size.max = 34603008 (custom)
2025-10-17 11:01:18,073 [ForkJoinPool-1-worker-1] INFO  server.GrpcServicesImpl (ConfUtils.java:logGet(62)) - raft.grpc.flow.control.window = 5MB (=5242880) (custom)
2025-10-17 11:01:18,073 [ForkJoinPool-1-worker-1] INFO  server.RaftServerConfigKeys (ConfUtils.java:logGet(62)) - raft.server.log.appender.buffer.byte-limit = 33554432 (custom)
2025-10-17 11:01:18,076 [ForkJoinPool-1-worker-1] INFO  netty.NettyUtils (NettyUtils.java:newEventLoopGroup(74)) - Create EpollEventLoopGroup for 50dccd39-549f-4f43-8b1f-597bf98f9c16-NettyServerStreamRpc-bossGroup; Thread size is 0.
2025-10-17 11:01:18,076 [ForkJoinPool-1-worker-1] INFO  netty.NettyUtils (NettyUtils.java:newEventLoopGroup(74)) - Create EpollEventLoopGroup for 50dccd39-549f-4f43-8b1f-597bf98f9c16-NettyServerStreamRpc-workerGroup; Thread size is 0.
2025-10-17 11:01:18,077 [ForkJoinPool-1-worker-1] INFO  netty.NettyConfigKeys$DataStream (ConfUtils.java:logGet(62)) - raft.netty.dataStream.port = 15064 (custom)
2025-10-17 11:01:18,077 [ForkJoinPool-1-worker-1] INFO  server.RaftServerConfigKeys (ConfUtils.java:logGet(62)) - raft.server.storage.dir = [/home/runner/work/ozone/ozone/hadoop-ozone/integration-test/target/test-dir/MiniOzoneClusterImpl-d1ffa5d3-3301-45c3-9f44-1ffa6967d237/ozone-metadata/datanode-7/ratis] (custom)
2025-10-17 11:01:18,078 [50dccd39-549f-4f43-8b1f-597bf98f9c16-NettyServerStreamRpc-bossGroup--thread1] INFO  logging.LoggingHandler (AbstractInternalLogger.java:log(148)) - [id: 0xc6b05f6d] REGISTERED
2025-10-17 11:01:18,078 [50dccd39-549f-4f43-8b1f-597bf98f9c16-NettyServerStreamRpc-bossGroup--thread1] INFO  logging.LoggingHandler (AbstractInternalLogger.java:log(148)) - [id: 0xc6b05f6d] BIND: 0.0.0.0/0.0.0.0:15064
2025-10-17 11:01:18,078 [50dccd39-549f-4f43-8b1f-597bf98f9c16-impl-thread1] INFO  server.RaftServer (RaftServerProxy.java:initGroupDir(270)) - 50dccd39-549f-4f43-8b1f-597bf98f9c16: found a subdirectory /home/runner/work/ozone/ozone/hadoop-ozone/integration-test/target/test-dir/MiniOzoneClusterImpl-d1ffa5d3-3301-45c3-9f44-1ffa6967d237/ozone-metadata/datanode-7/ratis/tmp
2025-10-17 11:01:18,078 [50dccd39-549f-4f43-8b1f-597bf98f9c16-impl-thread1] INFO  server.RaftServer (RaftServerProxy.java:initGroupDir(275)) - 50dccd39-549f-4f43-8b1f-597bf98f9c16: The directory /home/runner/work/ozone/ozone/hadoop-ozone/integration-test/target/test-dir/MiniOzoneClusterImpl-d1ffa5d3-3301-45c3-9f44-1ffa6967d237/ozone-metadata/datanode-7/ratis/tmp is not a group directory; ignoring it. 
2025-10-17 11:01:18,078 [ForkJoinPool-1-worker-1] INFO  replication.ReplicationServer (ReplicationServer.java:<init>(84)) - Initializing replication server with thread count = 10 queue length = 4096
2025-10-17 11:01:18,079 [ForkJoinPool-1-worker-1] INFO  server.XceiverServerGrpc (XceiverServerGrpc.java:<init>(129)) - GrpcServer channel type EpollServerSocketChannel
2025-10-17 11:01:18,078 [50dccd39-549f-4f43-8b1f-597bf98f9c16-NettyServerStreamRpc-bossGroup--thread1] INFO  logging.LoggingHandler (AbstractInternalLogger.java:log(148)) - [id: 0xc6b05f6d, L:/0.0.0.0:15064] ACTIVE
2025-10-17 11:01:18,086 [ForkJoinPool-1-worker-1] INFO  replication.ReplicationSupervisor (ReplicationSupervisor.java:build(169)) - Initializing replication supervisor with thread count = 10
2025-10-17 11:01:18,086 [ForkJoinPool-1-worker-1] INFO  replication.ReplicationSupervisor (ReplicationSupervisor.java:nodeStateUpdated(358)) - Node state updated to IN_SERVICE, scaling executor pool size to 10
2025-10-17 11:01:18,089 [ForkJoinPool-1-worker-1] INFO  http.BaseHttpServer (BaseHttpServer.java:newHttpServer2BuilderForOzone(227)) - Starting Web-server for hddsDatanode at: http://0.0.0.0:15058
2025-10-17 11:01:18,089 [ForkJoinPool-1-worker-1] INFO  http.BaseHttpServer (BaseHttpServer.java:<init>(105)) - Hadoop Security Enabled: false Ozone Security Enabled: false Ozone HTTP Security Enabled: false 
2025-10-17 11:01:18,091 [ForkJoinPool-1-worker-1] WARN  server.AuthenticationFilter (AuthenticationFilter.java:constructSecretProvider(240)) - Unable to initialize FileSignerSecretProvider, falling back to use random secrets. Reason: Could not read signature secret file: /home/runner/hadoop-http-auth-signature-secret
2025-10-17 11:01:18,093 [ForkJoinPool-1-worker-1] INFO  http.HttpServer2 (HttpServer2.java:addGlobalFilter(1040)) - Added global filter 'safety' (class=org.apache.hadoop.hdds.server.http.HttpServer2$QuotingInputFilter)
2025-10-17 11:01:18,095 [ForkJoinPool-1-worker-1] INFO  http.HttpServer2 (HttpServer2.java:addFilter(1016)) - Added filter static_user_filter (class=org.apache.hadoop.http.lib.StaticUserWebFilter$StaticUserFilter) to context hddsDatanode
2025-10-17 11:01:18,095 [ForkJoinPool-1-worker-1] INFO  http.HttpServer2 (HttpServer2.java:addFilter(1024)) - Added filter static_user_filter (class=org.apache.hadoop.http.lib.StaticUserWebFilter$StaticUserFilter) to context static
2025-10-17 11:01:18,095 [ForkJoinPool-1-worker-1] INFO  http.HttpServer2 (HttpServer2.java:addFilter(1024)) - Added filter static_user_filter (class=org.apache.hadoop.http.lib.StaticUserWebFilter$StaticUserFilter) to context logs
2025-10-17 11:01:18,096 [ForkJoinPool-1-worker-1] INFO  http.BaseHttpServer (BaseHttpServer.java:<init>(193)) - HTTP server of hddsDatanode uses base directory /home/runner/work/ozone/ozone/hadoop-ozone/integration-test/target/test-dir/MiniOzoneClusterImpl-d1ffa5d3-3301-45c3-9f44-1ffa6967d237/scm/ozone-metadata/webserver
2025-10-17 11:01:18,096 [ForkJoinPool-1-worker-1] INFO  http.HttpServer2 (HttpServer2.java:bindListener(1240)) - Jetty bound to port 15058
2025-10-17 11:01:18,096 [ForkJoinPool-1-worker-1] INFO  server.Server (Server.java:doStart(375)) - jetty-9.4.58.v20250814; built: 2025-08-14T02:28:49.637Z; git: 8f1440587e9e4ae7db3d74cf205643f3d707148d; jvm 21.0.8+9-LTS
2025-10-17 11:01:18,098 [ForkJoinPool-1-worker-1] INFO  server.session (DefaultSessionIdManager.java:doStart(334)) - DefaultSessionIdManager workerName=node0
2025-10-17 11:01:18,098 [ForkJoinPool-1-worker-1] INFO  server.session (DefaultSessionIdManager.java:doStart(339)) - No SessionScavenger set, using defaults
2025-10-17 11:01:18,098 [ForkJoinPool-1-worker-1] INFO  server.session (HouseKeeper.java:startScavenging(132)) - node0 Scavenging every 660000ms
2025-10-17 11:01:18,099 [ForkJoinPool-1-worker-1] INFO  handler.ContextHandler (ContextHandler.java:doStart(921)) - Started o.e.j.s.ServletContextHandler@5f0a85bd{logs,/logs,file:///home/runner/work/ozone/ozone/hadoop-ozone/integration-test/target/log,AVAILABLE}
2025-10-17 11:01:18,099 [ForkJoinPool-1-worker-1] INFO  handler.ContextHandler (ContextHandler.java:doStart(921)) - Started o.e.j.s.ServletContextHandler@5347d27{static,/static,jar:file:/home/runner/work/ozone/ozone/hadoop-hdds/container-service/target/hdds-container-service-2.1.0-SNAPSHOT.jar!/webapps/static,AVAILABLE}
2025-10-17 11:01:18,231 [IPC Server handler 3 on default port 15002] INFO  net.NetworkTopologyImpl (NetworkTopologyImpl.java:add(133)) - Added a new node: /default-rack/b292b6be-9482-4c30-a3e0-c9f721931b72
2025-10-17 11:01:18,232 [IPC Server handler 3 on default port 15002] INFO  node.SCMNodeManager (SCMNodeManager.java:register(423)) - Registered datanode: b292b6be-9482-4c30-a3e0-c9f721931b72{ip: 127.0.0.1, host: localhost, ports: [HTTP=15026, CLIENT_RPC=15027, REPLICATION=15033, RATIS=15029, RATIS_ADMIN=15030, RATIS_SERVER=15031, RATIS_DATASTREAM=15032, STANDALONE=15028], networkLocation: /default-rack, certSerialId: null, persistedOpState: null, persistedOpStateExpiryEpochSec: 0}
2025-10-17 11:01:18,232 [EventQueue-NewNodeForNewNodeHandler] INFO  pipeline.BackgroundPipelineCreator (BackgroundPipelineCreator.java:notifyEventTriggered(290)) - trigger a one-shot run on RatisPipelineUtilsThread.
2025-10-17 11:01:18,232 [EventQueue-NodeRegistrationContainerReportForDataNodeSafeModeRule] INFO  safemode.SCMSafeModeManager (DataNodeSafeModeRule.java:process(78)) - SCM in safe mode. 3 DataNodes registered, 3 required.
2025-10-17 11:01:18,232 [EventQueue-NodeRegistrationContainerReportForDataNodeSafeModeRule] INFO  safemode.SCMSafeModeManager (SCMSafeModeManager.java:validateSafeModeExitRules(138)) - DataNodeSafeModeRule rule is successfully validated
2025-10-17 11:01:18,232 [EventQueue-NodeRegistrationContainerReportForDataNodeSafeModeRule] INFO  safemode.SCMSafeModeManager (SCMSafeModeManager.java:validateSafeModeExitRules(151)) - All SCM safe mode pre check rules have passed
2025-10-17 11:01:18,232 [EventQueue-NodeRegistrationContainerReportForDataNodeSafeModeRule] INFO  ha.SCMContext (SCMContext.java:updateSafeModeStatus(224)) - Update SafeModeStatus from SafeModeStatus{safeModeStatus=true, preCheckPassed=false} to SafeModeStatus{safeModeStatus=true, preCheckPassed=true}.
2025-10-17 11:01:18,232 [EventQueue-NodeRegistrationContainerReportForDataNodeSafeModeRule] INFO  pipeline.BackgroundPipelineCreator (BackgroundPipelineCreator.java:notifyEventTriggered(290)) - trigger a one-shot run on RatisPipelineUtilsThread.
2025-10-17 11:01:18,233 [EventQueue-ContainerRegistrationReportForRatisContainerSafeModeRule] INFO  safemode.SCMSafeModeManager (SCMSafeModeManager.java:validateSafeModeExitRules(138)) - RatisContainerSafeModeRule rule is successfully validated
2025-10-17 11:01:18,233 | INFO  | SCMAudit | user=runner | ip=127.0.0.1 | op=REGISTER {"datanodeDetails":"b292b6be-9482-4c30-a3e0-c9f721931b72(localhost/127.0.0.1)"} | ret=SUCCESS |  
2025-10-17 11:01:18,233 [EventQueue-ContainerRegistrationReportForECContainerSafeModeRule] INFO  safemode.SCMSafeModeManager (SCMSafeModeManager.java:validateSafeModeExitRules(138)) - ECContainerSafeModeRule rule is successfully validated
2025-10-17 11:01:18,233 [EventQueue-PipelineReportForOneReplicaPipelineSafeModeRule] INFO  safemode.SCMSafeModeManager (SCMSafeModeManager.java:validateSafeModeExitRules(138)) - OneReplicaPipelineSafeModeRule rule is successfully validated
2025-10-17 11:01:18,234 [RatisPipelineUtilsThread-0] INFO  pipeline.RatisPipelineProvider (RatisPipelineProvider.java:lambda$create$0(208)) - Sending CreatePipelineCommand for pipeline:Pipeline-7ec4e0b4-59a0-41ec-9ce6-be6a807861e4 to datanode:b292b6be-9482-4c30-a3e0-c9f721931b72(localhost/127.0.0.1)
2025-10-17 11:01:18,235 | INFO  | SCMAudit | user=runner | ip=127.0.0.1 | op=GET_VERSION {} | ret=SUCCESS |  
2025-10-17 11:01:18,240 [069dddce-46ee-48e8-8453-914416002559@group-1FFA6967D237-StateMachineUpdater] INFO  safemode.SCMSafeModeManager (SCMSafeModeManager.java:validateSafeModeExitRules(138)) - DataNodeSafeModeRule rule is successfully validated
2025-10-17 11:01:18,240 [069dddce-46ee-48e8-8453-914416002559@group-1FFA6967D237-StateMachineUpdater] INFO  safemode.SCMSafeModeManager (SCMSafeModeManager.java:validateSafeModeExitRules(138)) - RatisContainerSafeModeRule rule is successfully validated
2025-10-17 11:01:18,240 [069dddce-46ee-48e8-8453-914416002559@group-1FFA6967D237-StateMachineUpdater] INFO  safemode.HealthyPipelineSafeModeRule (HealthyPipelineSafeModeRule.java:initializeRule(226)) - Refreshed total pipeline count is 0, healthy pipeline threshold count is 1
2025-10-17 11:01:18,240 [069dddce-46ee-48e8-8453-914416002559@group-1FFA6967D237-StateMachineUpdater] INFO  safemode.SCMSafeModeManager (SCMSafeModeManager.java:validateSafeModeExitRules(138)) - OneReplicaPipelineSafeModeRule rule is successfully validated
2025-10-17 11:01:18,240 [069dddce-46ee-48e8-8453-914416002559@group-1FFA6967D237-StateMachineUpdater] INFO  safemode.SCMSafeModeManager (SCMSafeModeManager.java:validateSafeModeExitRules(138)) - ECContainerSafeModeRule rule is successfully validated
2025-10-17 11:01:18,241 [RatisPipelineUtilsThread-0] INFO  pipeline.BackgroundPipelineCreator (BackgroundPipelineCreator.java:createPipelines(246)) - Created new pipeline Pipeline{ Id: 7ec4e0b4-59a0-41ec-9ce6-be6a807861e4, Nodes: [ {b292b6be-9482-4c30-a3e0-c9f721931b72(localhost/127.0.0.1), ReplicaIndex: 0},], ReplicationConfig: RATIS/ONE, State:ALLOCATED, leaderId:, CreationTimestamp2025-10-17T11:01:18.234357886Z[Etc/UTC]}
2025-10-17 11:01:18,246 [RatisPipelineUtilsThread-0] INFO  pipeline.RatisPipelineProvider (RatisPipelineProvider.java:lambda$create$0(208)) - Sending CreatePipelineCommand for pipeline:Pipeline-ae51cc73-aed0-4fa1-9a76-f894a97e0367 to datanode:b292b6be-9482-4c30-a3e0-c9f721931b72(localhost/127.0.0.1)
2025-10-17 11:01:18,246 [RatisPipelineUtilsThread-0] INFO  pipeline.RatisPipelineProvider (RatisPipelineProvider.java:lambda$create$0(208)) - Sending CreatePipelineCommand for pipeline:Pipeline-ae51cc73-aed0-4fa1-9a76-f894a97e0367 to datanode:309ab1ff-9f5a-4058-8b2f-94d451ce5267(localhost/127.0.0.1)
2025-10-17 11:01:18,246 [RatisPipelineUtilsThread-0] INFO  pipeline.RatisPipelineProvider (RatisPipelineProvider.java:lambda$create$0(208)) - Sending CreatePipelineCommand for pipeline:Pipeline-ae51cc73-aed0-4fa1-9a76-f894a97e0367 to datanode:99c47355-c013-4450-a734-aff6d3c99677(localhost/127.0.0.1)
2025-10-17 11:01:18,252 [069dddce-46ee-48e8-8453-914416002559@group-1FFA6967D237-StateMachineUpdater] INFO  safemode.SCMSafeModeManager (SCMSafeModeManager.java:validateSafeModeExitRules(138)) - DataNodeSafeModeRule rule is successfully validated
2025-10-17 11:01:18,253 [069dddce-46ee-48e8-8453-914416002559@group-1FFA6967D237-StateMachineUpdater] INFO  safemode.SCMSafeModeManager (SCMSafeModeManager.java:validateSafeModeExitRules(138)) - RatisContainerSafeModeRule rule is successfully validated
2025-10-17 11:01:18,253 [069dddce-46ee-48e8-8453-914416002559@group-1FFA6967D237-StateMachineUpdater] INFO  safemode.HealthyPipelineSafeModeRule (HealthyPipelineSafeModeRule.java:initializeRule(226)) - Refreshed total pipeline count is 0, healthy pipeline threshold count is 1
2025-10-17 11:01:18,253 [069dddce-46ee-48e8-8453-914416002559@group-1FFA6967D237-StateMachineUpdater] INFO  safemode.SCMSafeModeManager (SCMSafeModeManager.java:validateSafeModeExitRules(138)) - OneReplicaPipelineSafeModeRule rule is successfully validated
2025-10-17 11:01:18,253 [069dddce-46ee-48e8-8453-914416002559@group-1FFA6967D237-StateMachineUpdater] INFO  safemode.SCMSafeModeManager (SCMSafeModeManager.java:validateSafeModeExitRules(138)) - ECContainerSafeModeRule rule is successfully validated
2025-10-17 11:01:18,254 [RatisPipelineUtilsThread-0] INFO  pipeline.BackgroundPipelineCreator (BackgroundPipelineCreator.java:createPipelines(246)) - Created new pipeline Pipeline{ Id: ae51cc73-aed0-4fa1-9a76-f894a97e0367, Nodes: [ {b292b6be-9482-4c30-a3e0-c9f721931b72(localhost/127.0.0.1), ReplicaIndex: 0}, {309ab1ff-9f5a-4058-8b2f-94d451ce5267(localhost/127.0.0.1), ReplicaIndex: 0}, {99c47355-c013-4450-a734-aff6d3c99677(localhost/127.0.0.1), ReplicaIndex: 0},], ReplicationConfig: RATIS/THREE, State:ALLOCATED, leaderId:, CreationTimestamp2025-10-17T11:01:18.246277166Z[Etc/UTC]}
2025-10-17 11:01:18,255 [RatisPipelineUtilsThread-0] INFO  pipeline.RatisPipelineProvider (RatisPipelineProvider.java:lambda$create$0(208)) - Sending CreatePipelineCommand for pipeline:Pipeline-72e95c79-0fe3-4346-a9e3-bd423c7185ab to datanode:99c47355-c013-4450-a734-aff6d3c99677(localhost/127.0.0.1)
2025-10-17 11:01:18,256 [RatisPipelineUtilsThread-0] INFO  pipeline.RatisPipelineProvider (RatisPipelineProvider.java:lambda$create$0(208)) - Sending CreatePipelineCommand for pipeline:Pipeline-72e95c79-0fe3-4346-a9e3-bd423c7185ab to datanode:b292b6be-9482-4c30-a3e0-c9f721931b72(localhost/127.0.0.1)
2025-10-17 11:01:18,256 [RatisPipelineUtilsThread-0] INFO  pipeline.RatisPipelineProvider (RatisPipelineProvider.java:lambda$create$0(208)) - Sending CreatePipelineCommand for pipeline:Pipeline-72e95c79-0fe3-4346-a9e3-bd423c7185ab to datanode:309ab1ff-9f5a-4058-8b2f-94d451ce5267(localhost/127.0.0.1)
2025-10-17 11:01:18,259 [069dddce-46ee-48e8-8453-914416002559@group-1FFA6967D237-StateMachineUpdater] INFO  safemode.SCMSafeModeManager (SCMSafeModeManager.java:validateSafeModeExitRules(138)) - DataNodeSafeModeRule rule is successfully validated
2025-10-17 11:01:18,259 [069dddce-46ee-48e8-8453-914416002559@group-1FFA6967D237-StateMachineUpdater] INFO  safemode.SCMSafeModeManager (SCMSafeModeManager.java:validateSafeModeExitRules(138)) - RatisContainerSafeModeRule rule is successfully validated
2025-10-17 11:01:18,259 [069dddce-46ee-48e8-8453-914416002559@group-1FFA6967D237-StateMachineUpdater] INFO  safemode.HealthyPipelineSafeModeRule (HealthyPipelineSafeModeRule.java:initializeRule(226)) - Refreshed total pipeline count is 0, healthy pipeline threshold count is 1
2025-10-17 11:01:18,259 [069dddce-46ee-48e8-8453-914416002559@group-1FFA6967D237-StateMachineUpdater] INFO  safemode.SCMSafeModeManager (SCMSafeModeManager.java:validateSafeModeExitRules(138)) - OneReplicaPipelineSafeModeRule rule is successfully validated
2025-10-17 11:01:18,259 [069dddce-46ee-48e8-8453-914416002559@group-1FFA6967D237-StateMachineUpdater] INFO  safemode.SCMSafeModeManager (SCMSafeModeManager.java:validateSafeModeExitRules(138)) - ECContainerSafeModeRule rule is successfully validated
2025-10-17 11:01:18,259 [RatisPipelineUtilsThread-0] INFO  pipeline.PipelineManagerImpl (PipelineManagerImpl.java:recordMetricsForPipeline(922)) - Pipeline-72e95c79-0fe3-4346-a9e3-bd423c7185ab and Pipeline-ae51cc73-aed0-4fa1-9a76-f894a97e0367 have exactly the same set of datanodes: [99c47355-c013-4450-a734-aff6d3c99677(localhost/127.0.0.1), b292b6be-9482-4c30-a3e0-c9f721931b72(localhost/127.0.0.1), 309ab1ff-9f5a-4058-8b2f-94d451ce5267(localhost/127.0.0.1)]
2025-10-17 11:01:18,260 [RatisPipelineUtilsThread-0] INFO  pipeline.BackgroundPipelineCreator (BackgroundPipelineCreator.java:createPipelines(246)) - Created new pipeline Pipeline{ Id: 72e95c79-0fe3-4346-a9e3-bd423c7185ab, Nodes: [ {99c47355-c013-4450-a734-aff6d3c99677(localhost/127.0.0.1), ReplicaIndex: 0}, {b292b6be-9482-4c30-a3e0-c9f721931b72(localhost/127.0.0.1), ReplicaIndex: 0}, {309ab1ff-9f5a-4058-8b2f-94d451ce5267(localhost/127.0.0.1), ReplicaIndex: 0},], ReplicationConfig: RATIS/THREE, State:ALLOCATED, leaderId:, CreationTimestamp2025-10-17T11:01:18.255345283Z[Etc/UTC]}
2025-10-17 11:01:18,265 [ForkJoinPool-1-worker-1] INFO  handler.ContextHandler (ContextHandler.java:doStart(921)) - Started o.e.j.w.WebAppContext@1cf3afc9{hddsDatanode,/,file:///home/runner/work/ozone/ozone/hadoop-ozone/integration-test/target/test-dir/MiniOzoneClusterImpl-d1ffa5d3-3301-45c3-9f44-1ffa6967d237/scm/ozone-metadata/webserver/jetty-0_0_0_0-15058-hdds-container-service-2_1_0-SNAPSHOT_jar-_-any-3320554441476135698/webapp/,AVAILABLE}{jar:file:/home/runner/work/ozone/ozone/hadoop-hdds/container-service/target/hdds-container-service-2.1.0-SNAPSHOT.jar!/webapps/hddsDatanode}
2025-10-17 11:01:18,266 [ForkJoinPool-1-worker-1] INFO  server.AbstractConnector (AbstractConnector.java:doStart(333)) - Started ServerConnector@5a5000ad{HTTP/1.1, (http/1.1)}{0.0.0.0:15058}
2025-10-17 11:01:18,266 [ForkJoinPool-1-worker-1] INFO  server.Server (Server.java:doStart(415)) - Started @11793ms
2025-10-17 11:01:18,266 [ForkJoinPool-1-worker-1] WARN  impl.MetricsSystemImpl (MetricsSystemImpl.java:register(279)) - Sink prometheus already exists!
2025-10-17 11:01:18,266 [ForkJoinPool-1-worker-1] INFO  http.BaseHttpServer (BaseHttpServer.java:updateConnectorAddress(357)) - HTTP server of hddsDatanode listening at http://localhost:15058
2025-10-17 11:01:18,267 [ForkJoinPool-1-worker-1] INFO  ipc.CallQueueManager (CallQueueManager.java:<init>(93)) - Using callQueue: class java.util.concurrent.LinkedBlockingQueue, queueCapacity: 1000, scheduler: class org.apache.hadoop.ipc.DefaultRpcScheduler, ipcBackoff: false, ipcFailOver: false.
2025-10-17 11:01:18,267 [ForkJoinPool-1-worker-1] INFO  ipc.Server (Server.java:<init>(1438)) - Listener at 0.0.0.0:15059
2025-10-17 11:01:18,268 [Socket Reader #1 for port 15059] INFO  ipc.Server (Server.java:run(1474)) - Starting Socket Reader #1 for port 15059
2025-10-17 11:01:18,268 [Socket Reader #2 for port 15059] INFO  ipc.Server (Server.java:run(1474)) - Starting Socket Reader #2 for port 15059
2025-10-17 11:01:18,268 [Socket Reader #3 for port 15059] INFO  ipc.Server (Server.java:run(1474)) - Starting Socket Reader #3 for port 15059
2025-10-17 11:01:18,268 [Socket Reader #4 for port 15059] INFO  ipc.Server (Server.java:run(1474)) - Starting Socket Reader #4 for port 15059
2025-10-17 11:01:18,269 [Socket Reader #5 for port 15059] INFO  ipc.Server (Server.java:run(1474)) - Starting Socket Reader #5 for port 15059
2025-10-17 11:01:18,269 [Socket Reader #6 for port 15059] INFO  ipc.Server (Server.java:run(1474)) - Starting Socket Reader #6 for port 15059
2025-10-17 11:01:18,269 [Socket Reader #8 for port 15059] INFO  ipc.Server (Server.java:run(1474)) - Starting Socket Reader #8 for port 15059
2025-10-17 11:01:18,269 [Socket Reader #7 for port 15059] INFO  ipc.Server (Server.java:run(1474)) - Starting Socket Reader #7 for port 15059
2025-10-17 11:01:18,270 [Socket Reader #9 for port 15059] INFO  ipc.Server (Server.java:run(1474)) - Starting Socket Reader #9 for port 15059
2025-10-17 11:01:18,270 [Socket Reader #10 for port 15059] INFO  ipc.Server (Server.java:run(1474)) - Starting Socket Reader #10 for port 15059
2025-10-17 11:01:18,273 [b1eee25a-1fdf-4744-83c7-58e0513fce3b-EndpointStateMachineTaskThread-/0.0.0.0:15002-0 ] INFO  utils.DatanodeStoreCache (DatanodeStoreCache.java:addDB(70)) - Added db /home/runner/work/ozone/ozone/hadoop-ozone/integration-test/target/test-dir/MiniOzoneClusterImpl-d1ffa5d3-3301-45c3-9f44-1ffa6967d237/ozone-metadata/datanode-5/data-0/hdds/d1ffa5d3-3301-45c3-9f44-1ffa6967d237/DS-1c076b52-a0f5-4ac0-be54-ec9866346cc7/container.db to cache
2025-10-17 11:01:18,274 [b1eee25a-1fdf-4744-83c7-58e0513fce3b-EndpointStateMachineTaskThread-/0.0.0.0:15002-0 ] INFO  volume.HddsVolume (HddsVolume.java:createDbStore(576)) - SchemaV3 db is created and loaded at /home/runner/work/ozone/ozone/hadoop-ozone/integration-test/target/test-dir/MiniOzoneClusterImpl-d1ffa5d3-3301-45c3-9f44-1ffa6967d237/ozone-metadata/datanode-5/data-0/hdds/d1ffa5d3-3301-45c3-9f44-1ffa6967d237/DS-1c076b52-a0f5-4ac0-be54-ec9866346cc7/container.db for volume DS-1c076b52-a0f5-4ac0-be54-ec9866346cc7
2025-10-17 11:01:18,275 [ForkJoinPool-1-worker-1] INFO  ozone.HddsDatanodeService (HddsDatanodeService.java:start(333)) - Datanode start with admins: [admin, runner]
2025-10-17 11:01:18,275 [ForkJoinPool-1-worker-1] INFO  ozone.HddsDatanodeClientProtocolServer (HddsDatanodeClientProtocolServer.java:start(76)) - RPC server for Client /0.0.0.0:15059
2025-10-17 11:01:18,275 [IPC Server Responder] INFO  ipc.Server (Server.java:run(1713)) - IPC Server Responder: starting
2025-10-17 11:01:18,276 [IPC Server listener on 15059] INFO  ipc.Server (Server.java:run(1553)) - IPC Server listener on 15059: starting
2025-10-17 11:01:18,276 [b1eee25a-1fdf-4744-83c7-58e0513fce3b-ContainerReader-0] INFO  ozoneimpl.ContainerReader (ContainerReader.java:readVolume(147)) - Start to verify containers on volume /home/runner/work/ozone/ozone/hadoop-ozone/integration-test/target/test-dir/MiniOzoneClusterImpl-d1ffa5d3-3301-45c3-9f44-1ffa6967d237/ozone-metadata/datanode-5/data-0/hdds
2025-10-17 11:01:18,276 [b1eee25a-1fdf-4744-83c7-58e0513fce3b-ContainerReader-0] INFO  ozoneimpl.ContainerReader (ContainerReader.java:readVolume(177)) - Finish verifying containers on volume /home/runner/work/ozone/ozone/hadoop-ozone/integration-test/target/test-dir/MiniOzoneClusterImpl-d1ffa5d3-3301-45c3-9f44-1ffa6967d237/ozone-metadata/datanode-5/data-0/hdds
2025-10-17 11:01:18,276 [b1eee25a-1fdf-4744-83c7-58e0513fce3b-EndpointStateMachineTaskThread-/0.0.0.0:15002-0 ] INFO  ozoneimpl.OzoneContainer (OzoneContainer.java:buildContainerSet(359)) - Build ContainerSet costs 0s
2025-10-17 11:01:18,277 [b1eee25a-1fdf-4744-83c7-58e0513fce3b-EndpointStateMachineTaskThread-/0.0.0.0:15002-0 ] INFO  volume.ThrottledAsyncChecker (ThrottledAsyncChecker.java:schedule(138)) - Scheduling a check for /home/runner/work/ozone/ozone/hadoop-ozone/integration-test/target/test-dir/MiniOzoneClusterImpl-d1ffa5d3-3301-45c3-9f44-1ffa6967d237/ozone-metadata/datanode-5/data-0/hdds
2025-10-17 11:01:18,278 [b1eee25a-1fdf-4744-83c7-58e0513fce3b-EndpointStateMachineTaskThread-/0.0.0.0:15002-0 ] INFO  volume.StorageVolumeChecker (StorageVolumeChecker.java:checkAllVolumes(231)) - Scheduled health check for volume /home/runner/work/ozone/ozone/hadoop-ozone/integration-test/target/test-dir/MiniOzoneClusterImpl-d1ffa5d3-3301-45c3-9f44-1ffa6967d237/ozone-metadata/datanode-5/data-0/hdds
2025-10-17 11:01:18,280 [ForkJoinPool-1-worker-1] WARN  dropwizard3.Dm3MetricRegistriesImpl (Dm3MetricRegistriesImpl.java:addReporterRegistration(114)) - New reporters are added after registries were created. Some metrics will be missing from the reporter. Please add reporter before adding any new registry.
2025-10-17 11:01:18,281 [ForkJoinPool-1-worker-1] WARN  dropwizard3.Dm3MetricRegistriesImpl (Dm3MetricRegistriesImpl.java:addReporterRegistration(114)) - New reporters are added after registries were created. Some metrics will be missing from the reporter. Please add reporter before adding any new registry.
2025-10-17 11:01:18,286 [b1eee25a-1fdf-4744-83c7-58e0513fce3b-EndpointStateMachineTaskThread-/0.0.0.0:15002-0 ] INFO  volume.ThrottledAsyncChecker (ThrottledAsyncChecker.java:schedule(138)) - Scheduling a check for /home/runner/work/ozone/ozone/hadoop-ozone/integration-test/target/test-dir/MiniOzoneClusterImpl-d1ffa5d3-3301-45c3-9f44-1ffa6967d237/ozone-metadata/datanode-5/ratis
2025-10-17 11:01:18,286 [b1eee25a-1fdf-4744-83c7-58e0513fce3b-EndpointStateMachineTaskThread-/0.0.0.0:15002-0 ] INFO  volume.StorageVolumeChecker (StorageVolumeChecker.java:checkAllVolumes(231)) - Scheduled health check for volume /home/runner/work/ozone/ozone/hadoop-ozone/integration-test/target/test-dir/MiniOzoneClusterImpl-d1ffa5d3-3301-45c3-9f44-1ffa6967d237/ozone-metadata/datanode-5/ratis
2025-10-17 11:01:18,287 [b1eee25a-1fdf-4744-83c7-58e0513fce3b-EndpointStateMachineTaskThread-/0.0.0.0:15002-0 ] INFO  ozoneimpl.OzoneContainer (OzoneContainer.java:start(544)) - Attempting to start container services.
2025-10-17 11:01:18,288 [50dccd39-549f-4f43-8b1f-597bf98f9c16-DatanodeStateMachineDaemonThread] INFO  statemachine.DatanodeStateMachine (DatanodeStateMachine.java:startStateMachineThread(363)) - Ozone container server started.
2025-10-17 11:01:18,291 [ContainerMetadataScanner] INFO  ozoneimpl.AbstractBackgroundContainerScanner (AbstractBackgroundContainerScanner.java:runIteration(89)) - Completed an iteration in 0 minutes. Number of iterations (since the data-node restart) : 1, Number of containers scanned in this iteration : 0, Number of unhealthy containers found in this iteration : 0
2025-10-17 11:01:18,293 [ContainerDataScanner(/home/runner/work/ozone/ozone/hadoop-ozone/integration-test/target/test-dir/MiniOzoneClusterImpl-d1ffa5d3-3301-45c3-9f44-1ffa6967d237/ozone-metadata/datanode-5/data-0/hdds)] INFO  ozoneimpl.AbstractBackgroundContainerScanner (AbstractBackgroundContainerScanner.java:runIteration(89)) - Completed an iteration in 0 minutes. Number of iterations (since the data-node restart) : 1, Number of containers scanned in this iteration : 0, Number of unhealthy containers found in this iteration : 0
2025-10-17 11:01:18,297 [b1eee25a-1fdf-4744-83c7-58e0513fce3b-EndpointStateMachineTaskThread-/0.0.0.0:15002-0 ] INFO  replication.ReplicationServer (ReplicationServer.java:start(137)) - ReplicationServer is started using port 15049
2025-10-17 11:01:18,297 [b1eee25a-1fdf-4744-83c7-58e0513fce3b-EndpointStateMachineTaskThread-/0.0.0.0:15002-0 ] INFO  ratis.XceiverServerRatis (XceiverServerRatis.java:start(559)) - Starting XceiverServerRatis(b1eee25a-1fdf-4744-83c7-58e0513fce3b)
2025-10-17 11:01:18,299 [50dccd39-549f-4f43-8b1f-597bf98f9c16-DatanodeStateMachineTaskThread-0] INFO  datanode.InitDatanodeState (InitDatanodeState.java:persistContainerDatanodeDetails(139)) - DatanodeDetails is persisted to /home/runner/work/ozone/ozone/hadoop-ozone/integration-test/target/test-dir/MiniOzoneClusterImpl-d1ffa5d3-3301-45c3-9f44-1ffa6967d237/ozone-metadata/datanode-7/ozone-metadata/datanode.id
2025-10-17 11:01:18,303 [b1eee25a-1fdf-4744-83c7-58e0513fce3b-EndpointStateMachineTaskThread-/0.0.0.0:15002-0 ] INFO  server.RaftServer (RaftServerProxy.java:startImpl(412)) - b1eee25a-1fdf-4744-83c7-58e0513fce3b: start RPC server
2025-10-17 11:01:18,306 [ForkJoinPool-1-worker-1] INFO  protocol.DatanodeDetails (DatanodeDetails.java:validateDatanodeIpAddress(199)) - Updating IP address of datanode dbd6f242-9b73-4bca-a110-3e2ec656b979(localhost/null) to 127.0.0.1
2025-10-17 11:01:18,306 [ForkJoinPool-1-worker-1] INFO  ozone.HddsDatanodeService (HddsDatanodeService.java:start(236)) - HddsDatanodeService dbd6f242-9b73-4bca-a110-3e2ec656b979(localhost/127.0.0.1)
2025-10-17 11:01:18,307 [b1eee25a-1fdf-4744-83c7-58e0513fce3b-EndpointStateMachineTaskThread-/0.0.0.0:15002-0 ] INFO  server.GrpcServicesImpl (GrpcServicesImpl.java:startImpl(346)) - b1eee25a-1fdf-4744-83c7-58e0513fce3b: GrpcServicesImpl started, listening on 15045
2025-10-17 11:01:18,308 [b1eee25a-1fdf-4744-83c7-58e0513fce3b-EndpointStateMachineTaskThread-/0.0.0.0:15002-0 ] INFO  server.GrpcServicesImpl (GrpcServicesImpl.java:startImpl(346)) - b1eee25a-1fdf-4744-83c7-58e0513fce3b: GrpcServicesImpl started, listening on 15047
2025-10-17 11:01:18,308 [b1eee25a-1fdf-4744-83c7-58e0513fce3b-EndpointStateMachineTaskThread-/0.0.0.0:15002-0 ] INFO  server.GrpcServicesImpl (GrpcServicesImpl.java:startImpl(346)) - b1eee25a-1fdf-4744-83c7-58e0513fce3b: GrpcServicesImpl started, listening on 15046
2025-10-17 11:01:18,309 [b1eee25a-1fdf-4744-83c7-58e0513fce3b-EndpointStateMachineTaskThread-/0.0.0.0:15002-0 ] INFO  ratis.XceiverServerRatis (XceiverServerRatis.java:getRealPort(586)) - XceiverServerRatis(b1eee25a-1fdf-4744-83c7-58e0513fce3b) is started using port RATIS=15045
2025-10-17 11:01:18,309 [b1eee25a-1fdf-4744-83c7-58e0513fce3b-EndpointStateMachineTaskThread-/0.0.0.0:15002-0 ] INFO  ratis.XceiverServerRatis (XceiverServerRatis.java:getRealPort(586)) - XceiverServerRatis(b1eee25a-1fdf-4744-83c7-58e0513fce3b) is started using port RATIS_ADMIN=15046
2025-10-17 11:01:18,309 [b1eee25a-1fdf-4744-83c7-58e0513fce3b-EndpointStateMachineTaskThread-/0.0.0.0:15002-0 ] INFO  ratis.XceiverServerRatis (XceiverServerRatis.java:getRealPort(586)) - XceiverServerRatis(b1eee25a-1fdf-4744-83c7-58e0513fce3b) is started using port RATIS_SERVER=15047
2025-10-17 11:01:18,309 [b1eee25a-1fdf-4744-83c7-58e0513fce3b-EndpointStateMachineTaskThread-/0.0.0.0:15002-0 ] INFO  ratis.XceiverServerRatis (XceiverServerRatis.java:getRealPort(586)) - XceiverServerRatis(b1eee25a-1fdf-4744-83c7-58e0513fce3b) is started using port RATIS_DATASTREAM=15048
2025-10-17 11:01:18,309 [JvmPauseMonitor7] INFO  util.JvmPauseMonitor (JvmPauseMonitor.java:run(146)) - JvmPauseMonitor-b1eee25a-1fdf-4744-83c7-58e0513fce3b: Started
2025-10-17 11:01:18,309 [ForkJoinPool-1-worker-1] INFO  upgrade.AbstractLayoutVersionManager (AbstractLayoutVersionManager.java:init(80)) - Initializing Layout version manager with metadata layout = WITNESSED_CONTAINER_DB_PROTO_VALUE (version = 9), software layout = WITNESSED_CONTAINER_DB_PROTO_VALUE (version = 9)
2025-10-17 11:01:18,311 [ForkJoinPool-1-worker-1] INFO  statemachine.DatanodeStateMachine (DatanodeStateMachine.java:getEndPointTaskThreadPoolSize(321)) - Datanode State Machine Task Thread Pool size 2
2025-10-17 11:01:18,312 [b1eee25a-1fdf-4744-83c7-58e0513fce3b-EndpointStateMachineTaskThread-/0.0.0.0:15002-0 ] INFO  utils.BackgroundService (BackgroundService.java:start(119)) - Starting service BlockDeletingService with interval 60000 milliseconds
2025-10-17 11:01:18,312 [b1eee25a-1fdf-4744-83c7-58e0513fce3b-EndpointStateMachineTaskThread-/0.0.0.0:15002-0 ] INFO  utils.BackgroundService (BackgroundService.java:start(119)) - Starting service StaleRecoveringContainerScrubbingService with interval 60000 milliseconds
2025-10-17 11:01:18,315 [ForkJoinPool-1-worker-1] INFO  volume.HddsVolume (HddsVolume.java:<init>(162)) - HddsVolume: { id=DS-904fca96-bf50-4d45-91d6-da3b4dcd094b dir=/home/runner/work/ozone/ozone/hadoop-ozone/integration-test/target/test-dir/MiniOzoneClusterImpl-d1ffa5d3-3301-45c3-9f44-1ffa6967d237/ozone-metadata/datanode-8/data-0/hdds type=DISK capacity=9222449699674390527 used=0 available=9222449699674390527 minFree=184448985434423296 committed=0 }
2025-10-17 11:01:18,315 [ForkJoinPool-1-worker-1] INFO  volume.MutableVolumeSet (MutableVolumeSet.java:initializeVolumeSet(175)) - Added Volume : /home/runner/work/ozone/ozone/hadoop-ozone/integration-test/target/test-dir/MiniOzoneClusterImpl-d1ffa5d3-3301-45c3-9f44-1ffa6967d237/ozone-metadata/datanode-8/data-0/hdds to VolumeSet
2025-10-17 11:01:18,318 [ForkJoinPool-1-worker-1] INFO  volume.MutableVolumeSet (MutableVolumeSet.java:initializeVolumeSet(175)) - Added Volume : /home/runner/work/ozone/ozone/hadoop-ozone/integration-test/target/test-dir/MiniOzoneClusterImpl-d1ffa5d3-3301-45c3-9f44-1ffa6967d237/ozone-metadata/datanode-8/ratis to VolumeSet
2025-10-17 11:01:18,319 [ForkJoinPool-1-worker-1] INFO  ozoneimpl.OzoneContainer (HddsVolumeUtil.java:loadAllHddsVolumeDbStore(102)) - Load 1 volumes DbStore cost: 0ms
2025-10-17 11:01:18,319 [ForkJoinPool-1-worker-1] WARN  db.DBStoreBuilder (DBStoreBuilder.java:getDBDirPath(157)) - ozone.scm.datanode.id.dir is not configured. We recommend adding this setting. Falling back to ozone.metadata.dirs instead.
2025-10-17 11:01:18,320 [ForkJoinPool-1-worker-1] WARN  db.DBStoreBuilder (DBStoreBuilder.java:getDBDirPath(157)) - ozone.scm.datanode.id.dir is not configured. We recommend adding this setting. Falling back to ozone.metadata.dirs instead.
2025-10-17 11:01:18,333 [ForkJoinPool-1-worker-1] INFO  impl.FilePerChunkStrategy (FilePerChunkStrategy.java:<init>(79)) - ozone.chunk.read.mapped.buffer.max.count is load with 0
2025-10-17 11:01:18,333 [ForkJoinPool-1-worker-1] INFO  impl.FilePerBlockStrategy (FilePerBlockStrategy.java:<init>(88)) - ozone.chunk.read.mapped.buffer.max.count is load with 0
2025-10-17 11:01:18,334 [ForkJoinPool-1-worker-1] INFO  server.RaftServerConfigKeys (ConfUtils.java:logGet(62)) - raft.server.log.appender.buffer.byte-limit = 33554432 (custom)
2025-10-17 11:01:18,336 [ForkJoinPool-1-worker-1] INFO  grpc.GrpcConfigKeys (ConfUtils.java:logFallback(69)) - raft.grpc.admin.host = null (fallback to raft.grpc.server.host)
2025-10-17 11:01:18,336 [ForkJoinPool-1-worker-1] INFO  grpc.GrpcConfigKeys (ConfUtils.java:logGet(62)) - raft.grpc.admin.port = 15070 (custom)
2025-10-17 11:01:18,336 [ForkJoinPool-1-worker-1] INFO  grpc.GrpcConfigKeys (ConfUtils.java:logFallback(69)) - raft.grpc.client.host = null (fallback to raft.grpc.server.host)
2025-10-17 11:01:18,336 [ForkJoinPool-1-worker-1] INFO  grpc.GrpcConfigKeys (ConfUtils.java:logGet(62)) - raft.grpc.client.port = 15069 (custom)
2025-10-17 11:01:18,336 [ForkJoinPool-1-worker-1] INFO  grpc.GrpcConfigKeys (ConfUtils.java:logGet(62)) - raft.grpc.server.port = 15071 (custom)
2025-10-17 11:01:18,336 [ForkJoinPool-1-worker-1] INFO  server.GrpcServicesImpl (ConfUtils.java:logGet(62)) - raft.grpc.message.size.max = 34603008 (custom)
2025-10-17 11:01:18,336 [ForkJoinPool-1-worker-1] INFO  server.GrpcServicesImpl (ConfUtils.java:logGet(62)) - raft.grpc.flow.control.window = 5MB (=5242880) (custom)
2025-10-17 11:01:18,336 [ForkJoinPool-1-worker-1] INFO  server.RaftServerConfigKeys (ConfUtils.java:logGet(62)) - raft.server.log.appender.buffer.byte-limit = 33554432 (custom)
2025-10-17 11:01:18,339 [ForkJoinPool-1-worker-1] INFO  netty.NettyUtils (NettyUtils.java:newEventLoopGroup(74)) - Create EpollEventLoopGroup for dbd6f242-9b73-4bca-a110-3e2ec656b979-NettyServerStreamRpc-bossGroup; Thread size is 0.
2025-10-17 11:01:18,340 [ForkJoinPool-1-worker-1] INFO  netty.NettyUtils (NettyUtils.java:newEventLoopGroup(74)) - Create EpollEventLoopGroup for dbd6f242-9b73-4bca-a110-3e2ec656b979-NettyServerStreamRpc-workerGroup; Thread size is 0.
2025-10-17 11:01:18,341 [ForkJoinPool-1-worker-1] INFO  netty.NettyConfigKeys$DataStream (ConfUtils.java:logGet(62)) - raft.netty.dataStream.port = 15072 (custom)
2025-10-17 11:01:18,342 [ForkJoinPool-1-worker-1] INFO  server.RaftServerConfigKeys (ConfUtils.java:logGet(62)) - raft.server.storage.dir = [/home/runner/work/ozone/ozone/hadoop-ozone/integration-test/target/test-dir/MiniOzoneClusterImpl-d1ffa5d3-3301-45c3-9f44-1ffa6967d237/ozone-metadata/datanode-8/ratis] (custom)
2025-10-17 11:01:18,342 [dbd6f242-9b73-4bca-a110-3e2ec656b979-NettyServerStreamRpc-bossGroup--thread1] INFO  logging.LoggingHandler (AbstractInternalLogger.java:log(148)) - [id: 0xf2c64d4b] REGISTERED
2025-10-17 11:01:18,343 [dbd6f242-9b73-4bca-a110-3e2ec656b979-NettyServerStreamRpc-bossGroup--thread1] INFO  logging.LoggingHandler (AbstractInternalLogger.java:log(148)) - [id: 0xf2c64d4b] BIND: 0.0.0.0/0.0.0.0:15072
2025-10-17 11:01:18,343 [dbd6f242-9b73-4bca-a110-3e2ec656b979-NettyServerStreamRpc-bossGroup--thread1] INFO  logging.LoggingHandler (AbstractInternalLogger.java:log(148)) - [id: 0xf2c64d4b, L:/0.0.0.0:15072] ACTIVE
2025-10-17 11:01:18,343 [dbd6f242-9b73-4bca-a110-3e2ec656b979-impl-thread1] INFO  server.RaftServer (RaftServerProxy.java:initGroupDir(270)) - dbd6f242-9b73-4bca-a110-3e2ec656b979: found a subdirectory /home/runner/work/ozone/ozone/hadoop-ozone/integration-test/target/test-dir/MiniOzoneClusterImpl-d1ffa5d3-3301-45c3-9f44-1ffa6967d237/ozone-metadata/datanode-8/ratis/tmp
2025-10-17 11:01:18,343 [dbd6f242-9b73-4bca-a110-3e2ec656b979-impl-thread1] INFO  server.RaftServer (RaftServerProxy.java:initGroupDir(275)) - dbd6f242-9b73-4bca-a110-3e2ec656b979: The directory /home/runner/work/ozone/ozone/hadoop-ozone/integration-test/target/test-dir/MiniOzoneClusterImpl-d1ffa5d3-3301-45c3-9f44-1ffa6967d237/ozone-metadata/datanode-8/ratis/tmp is not a group directory; ignoring it. 
2025-10-17 11:01:18,343 [ForkJoinPool-1-worker-1] INFO  replication.ReplicationServer (ReplicationServer.java:<init>(84)) - Initializing replication server with thread count = 10 queue length = 4096
2025-10-17 11:01:18,345 [ForkJoinPool-1-worker-1] INFO  server.XceiverServerGrpc (XceiverServerGrpc.java:<init>(129)) - GrpcServer channel type EpollServerSocketChannel
2025-10-17 11:01:18,358 [ForkJoinPool-1-worker-1] INFO  replication.ReplicationSupervisor (ReplicationSupervisor.java:build(169)) - Initializing replication supervisor with thread count = 10
2025-10-17 11:01:18,358 [ForkJoinPool-1-worker-1] INFO  replication.ReplicationSupervisor (ReplicationSupervisor.java:nodeStateUpdated(358)) - Node state updated to IN_SERVICE, scaling executor pool size to 10
2025-10-17 11:01:18,361 [ForkJoinPool-1-worker-1] INFO  http.BaseHttpServer (BaseHttpServer.java:newHttpServer2BuilderForOzone(227)) - Starting Web-server for hddsDatanode at: http://0.0.0.0:15066
2025-10-17 11:01:18,361 [ForkJoinPool-1-worker-1] INFO  http.BaseHttpServer (BaseHttpServer.java:<init>(105)) - Hadoop Security Enabled: false Ozone Security Enabled: false Ozone HTTP Security Enabled: false 
2025-10-17 11:01:18,363 [ForkJoinPool-1-worker-1] WARN  server.AuthenticationFilter (AuthenticationFilter.java:constructSecretProvider(240)) - Unable to initialize FileSignerSecretProvider, falling back to use random secrets. Reason: Could not read signature secret file: /home/runner/hadoop-http-auth-signature-secret
2025-10-17 11:01:18,367 [ForkJoinPool-1-worker-1] INFO  http.HttpServer2 (HttpServer2.java:addGlobalFilter(1040)) - Added global filter 'safety' (class=org.apache.hadoop.hdds.server.http.HttpServer2$QuotingInputFilter)
2025-10-17 11:01:18,369 [ForkJoinPool-1-worker-1] INFO  http.HttpServer2 (HttpServer2.java:addFilter(1016)) - Added filter static_user_filter (class=org.apache.hadoop.http.lib.StaticUserWebFilter$StaticUserFilter) to context hddsDatanode
2025-10-17 11:01:18,369 [ForkJoinPool-1-worker-1] INFO  http.HttpServer2 (HttpServer2.java:addFilter(1024)) - Added filter static_user_filter (class=org.apache.hadoop.http.lib.StaticUserWebFilter$StaticUserFilter) to context logs
2025-10-17 11:01:18,369 [ForkJoinPool-1-worker-1] INFO  http.HttpServer2 (HttpServer2.java:addFilter(1024)) - Added filter static_user_filter (class=org.apache.hadoop.http.lib.StaticUserWebFilter$StaticUserFilter) to context static
2025-10-17 11:01:18,370 [ForkJoinPool-1-worker-1] INFO  http.BaseHttpServer (BaseHttpServer.java:<init>(193)) - HTTP server of hddsDatanode uses base directory /home/runner/work/ozone/ozone/hadoop-ozone/integration-test/target/test-dir/MiniOzoneClusterImpl-d1ffa5d3-3301-45c3-9f44-1ffa6967d237/scm/ozone-metadata/webserver
2025-10-17 11:01:18,370 [ForkJoinPool-1-worker-1] INFO  http.HttpServer2 (HttpServer2.java:bindListener(1240)) - Jetty bound to port 15066
2025-10-17 11:01:18,370 [ForkJoinPool-1-worker-1] INFO  server.Server (Server.java:doStart(375)) - jetty-9.4.58.v20250814; built: 2025-08-14T02:28:49.637Z; git: 8f1440587e9e4ae7db3d74cf205643f3d707148d; jvm 21.0.8+9-LTS
2025-10-17 11:01:18,374 | INFO  | SCMAudit | user=runner | ip=127.0.0.1 | op=SEND_HEARTBEAT {"datanodeUUID":"309ab1ff-9f5a-4058-8b2f-94d451ce5267","term":"2","command":"[commandType: createPipelineCommand createPipelineCommandProto { pipelineID { id: \"b203f549-6b85-46a8-bf24-71b2df240043\" uuid128 { mostSigBits: -5619378214342932824 leastSigBits: -4673485500241936317 } } type: RATIS factor: ONE datanode { uuid: \"309ab1ff-9f5a-4058-8b2f-94d451ce5267\" ipAddress: \"127.0.0.1\" hostName: \"localhost\" ports { name: \"HTTP\" value: 15010 } ports { name: \"CLIENT_RPC\" value: 15011 } ports { name: \"REPLICATION\" value: 15017 } ports { name: \"RATIS\" value: 15013 } ports { name: \"RATIS_ADMIN\" value: 15014 } ports { name: \"RATIS_SERVER\" value: 15015 } ports { name: \"RATIS_DATASTREAM\" value: 15016 } ports { name: \"STANDALONE\" value: 15012 } networkName: \"309ab1ff-9f5a-4058-8b2f-94d451ce5267\" networkLocation: \"/default-rack\" persistedOpState: IN_SERVICE persistedOpStateExpiry: 0 currentVersion: 2 uuid128 { mostSigBits: 3502307371682250840 leastSigBits: -8417345538905714073 } level: 3 id { uuid { mostSigBits: 3502307371682250840 leastSigBits: -8417345538905714073 } } } cmdId: 1760698877831 priority: 1 } term: 2 encodedToken: \"\" deadlineMsSinceEpoch: 0, commandType: createPipelineCommand createPipelineCommandProto { pipelineID { id: \"ae51cc73-aed0-4fa1-9a76-f894a97e0367\" uuid128 { mostSigBits: -5885698440770334815 leastSigBits: -7316387227234335897 } } type: RATIS factor: THREE datanode { uuid: \"b292b6be-9482-4c30-a3e0-c9f721931b72\" ipAddress: \"127.0.0.1\" hostName: \"localhost\" ports { name: \"HTTP\" value: 15026 } ports { name: \"CLIENT_RPC\" value: 15027 } ports { name: \"REPLICATION\" value: 15033 } ports { name: \"RATIS\" value: 15029 } ports { name: \"RATIS_ADMIN\" value: 15030 } ports { name: \"RATIS_SERVER\" value: 15031 } ports { name: \"RATIS_DATASTREAM\" value: 15032 } ports { name: \"STANDALONE\" value: 15028 } networkName: \"b292b6be-9482-4c30-a3e0-c9f721931b72\" networkLocation: \"/default-rack\" persistedOpState: IN_SERVICE persistedOpStateExpiry: 0 currentVersion: 2 uuid128 { mostSigBits: -5579196058707014608 leastSigBits: -6638083787486717070 } level: 3 id { uuid { mostSigBits: -5579196058707014608 leastSigBits: -6638083787486717070 } } } datanode { uuid: \"309ab1ff-9f5a-4058-8b2f-94d451ce5267\" ipAddress: \"127.0.0.1\" hostName: \"localhost\" ports { name: \"HTTP\" value: 15010 } ports { name: \"CLIENT_RPC\" value: 15011 } ports { name: \"REPLICATION\" value: 15017 } ports { name: \"RATIS\" value: 15013 } ports { name: \"RATIS_ADMIN\" value: 15014 } ports { name: \"RATIS_SERVER\" value: 15015 } ports { name: \"RATIS_DATASTREAM\" value: 15016 } ports { name: \"STANDALONE\" value: 15012 } networkName: \"309ab1ff-9f5a-4058-8b2f-94d451ce5267\" networkLocation: \"/default-rack\" persistedOpState: IN_SERVICE persistedOpStateExpiry: 0 currentVersion: 2 uuid128 { mostSigBits: 3502307371682250840 leastSigBits: -8417345538905714073 } level: 3 id { uuid { mostSigBits: 3502307371682250840 leastSigBits: -8417345538905714073 } } } datanode { uuid: \"99c47355-c013-4450-a734-aff6d3c99677\" ipAddress: \"127.0.0.1\" hostName: \"localhost\" ports { name: \"HTTP\" value: 15018 } ports { name: \"CLIENT_RPC\" value: 15019 } ports { name: \"REPLICATION\" value: 15025 } ports { name: \"RATIS\" value: 15021 } ports { name: \"RATIS_ADMIN\" value: 15022 } ports { name: \"RATIS_SERVER\" value: 15023 } ports { name: \"RATIS_DATASTREAM\" value: 15024 } ports { name: \"STANDALONE\" value: 15020 } networkName: \"99c47355-c013-4450-a734-aff6d3c99677\" networkLocation: \"/default-rack\" persistedOpState: IN_SERVICE persistedOpStateExpiry: 0 currentVersion: 2 uuid128 { mostSigBits: -7366636278339386288 leastSigBits: -6398295695936612745 } level: 3 id { uuid { mostSigBits: -7366636278339386288 leastSigBits: -6398295695936612745 } } } cmdId: 1760698877834 priority: 0 priority: 1 priority: 0 } term: 2 encodedToken: \"\" deadlineMsSinceEpoch: 0, commandType: createPipelineCommand createPipelineCommandProto { pipelineID { id: \"72e95c79-0fe3-4346-a9e3-bd423c7185ab\" uuid128 { mostSigBits: 8280251064924717894 leastSigBits: -6204907769406847573 } } type: RATIS factor: THREE datanode { uuid: \"99c47355-c013-4450-a734-aff6d3c99677\" ipAddress: \"127.0.0.1\" hostName: \"localhost\" ports { name: \"HTTP\" value: 15018 } ports { name: \"CLIENT_RPC\" value: 15019 } ports { name: \"REPLICATION\" value: 15025 } ports { name: \"RATIS\" value: 15021 } ports { name: \"RATIS_ADMIN\" value: 15022 } ports { name: \"RATIS_SERVER\" value: 15023 } ports { name: \"RATIS_DATASTREAM\" value: 15024 } ports { name: \"STANDALONE\" value: 15020 } networkName: \"99c47355-c013-4450-a734-aff6d3c99677\" networkLocation: \"/default-rack\" persistedOpState: IN_SERVICE persistedOpStateExpiry: 0 currentVersion: 2 uuid128 { mostSigBits: -7366636278339386288 leastSigBits: -6398295695936612745 } level: 3 id { uuid { mostSigBits: -7366636278339386288 leastSigBits: -6398295695936612745 } } } datanode { uuid: \"b292b6be-9482-4c30-a3e0-c9f721931b72\" ipAddress: \"127.0.0.1\" hostName: \"localhost\" ports { name: \"HTTP\" value: 15026 } ports { name: \"CLIENT_RPC\" value: 15027 } ports { name: \"REPLICATION\" value: 15033 } ports { name: \"RATIS\" value: 15029 } ports { name: \"RATIS_ADMIN\" value: 15030 } ports { name: \"RATIS_SERVER\" value: 15031 } ports { name: \"RATIS_DATASTREAM\" value: 15032 } ports { name: \"STANDALONE\" value: 15028 } networkName: \"b292b6be-9482-4c30-a3e0-c9f721931b72\" networkLocation: \"/default-rack\" persistedOpState: IN_SERVICE persistedOpStateExpiry: 0 currentVersion: 2 uuid128 { mostSigBits: -5579196058707014608 leastSigBits: -6638083787486717070 } level: 3 id { uuid { mostSigBits: -5579196058707014608 leastSigBits: -6638083787486717070 } } } datanode { uuid: \"309ab1ff-9f5a-4058-8b2f-94d451ce5267\" ipAddress: \"127.0.0.1\" hostName: \"localhost\" ports { name: \"HTTP\" value: 15010 } ports { name: \"CLIENT_RPC\" value: 15011 } ports { name: \"REPLICATION\" value: 15017 } ports { name: \"RATIS\" value: 15013 } ports { name: \"RATIS_ADMIN\" value: 15014 } ports { name: \"RATIS_SERVER\" value: 15015 } ports { name: \"RATIS_DATASTREAM\" value: 15016 } ports { name: \"STANDALONE\" value: 15012 } networkName: \"309ab1ff-9f5a-4058-8b2f-94d451ce5267\" networkLocation: \"/default-rack\" persistedOpState: IN_SERVICE persistedOpStateExpiry: 0 currentVersion: 2 uuid128 { mostSigBits: 3502307371682250840 leastSigBits: -8417345538905714073 } level: 3 id { uuid { mostSigBits: 3502307371682250840 leastSigBits: -8417345538905714073 } } } cmdId: 1760698877835 priority: 0 priority: 1 priority: 0 } term: 2 encodedToken: \"\" deadlineMsSinceEpoch: 0]"} | ret=SUCCESS |  
2025-10-17 11:01:18,376 [ForkJoinPool-1-worker-1] INFO  server.session (DefaultSessionIdManager.java:doStart(334)) - DefaultSessionIdManager workerName=node0
2025-10-17 11:01:18,376 [ForkJoinPool-1-worker-1] INFO  server.session (DefaultSessionIdManager.java:doStart(339)) - No SessionScavenger set, using defaults
2025-10-17 11:01:18,377 [ForkJoinPool-1-worker-1] INFO  server.session (HouseKeeper.java:startScavenging(132)) - node0 Scavenging every 600000ms
2025-10-17 11:01:18,377 [ForkJoinPool-1-worker-1] INFO  handler.ContextHandler (ContextHandler.java:doStart(921)) - Started o.e.j.s.ServletContextHandler@7ae8de08{logs,/logs,file:///home/runner/work/ozone/ozone/hadoop-ozone/integration-test/target/log,AVAILABLE}
2025-10-17 11:01:18,378 [ForkJoinPool-1-worker-1] INFO  handler.ContextHandler (ContextHandler.java:doStart(921)) - Started o.e.j.s.ServletContextHandler@1e4674d0{static,/static,jar:file:/home/runner/work/ozone/ozone/hadoop-hdds/container-service/target/hdds-container-service-2.1.0-SNAPSHOT.jar!/webapps/static,AVAILABLE}
2025-10-17 11:01:18,501 | INFO  | SCMAudit | user=runner | ip=127.0.0.1 | op=SEND_HEARTBEAT {"datanodeUUID":"99c47355-c013-4450-a734-aff6d3c99677","term":"2","command":"[commandType: createPipelineCommand createPipelineCommandProto { pipelineID { id: \"6b2deba0-04fb-41c2-94ac-6ea1d32114b8\" uuid128 { mostSigBits: 7723088008521138626 leastSigBits: -7733684818791033672 } } type: RATIS factor: ONE datanode { uuid: \"99c47355-c013-4450-a734-aff6d3c99677\" ipAddress: \"127.0.0.1\" hostName: \"localhost\" ports { name: \"HTTP\" value: 15018 } ports { name: \"CLIENT_RPC\" value: 15019 } ports { name: \"REPLICATION\" value: 15025 } ports { name: \"RATIS\" value: 15021 } ports { name: \"RATIS_ADMIN\" value: 15022 } ports { name: \"RATIS_SERVER\" value: 15023 } ports { name: \"RATIS_DATASTREAM\" value: 15024 } ports { name: \"STANDALONE\" value: 15020 } networkName: \"99c47355-c013-4450-a734-aff6d3c99677\" networkLocation: \"/default-rack\" persistedOpState: IN_SERVICE persistedOpStateExpiry: 0 currentVersion: 2 uuid128 { mostSigBits: -7366636278339386288 leastSigBits: -6398295695936612745 } level: 3 id { uuid { mostSigBits: -7366636278339386288 leastSigBits: -6398295695936612745 } } } cmdId: 1760698877832 priority: 1 } term: 2 encodedToken: \"\" deadlineMsSinceEpoch: 0, commandType: createPipelineCommand createPipelineCommandProto { pipelineID { id: \"ae51cc73-aed0-4fa1-9a76-f894a97e0367\" uuid128 { mostSigBits: -5885698440770334815 leastSigBits: -7316387227234335897 } } type: RATIS factor: THREE datanode { uuid: \"b292b6be-9482-4c30-a3e0-c9f721931b72\" ipAddress: \"127.0.0.1\" hostName: \"localhost\" ports { name: \"HTTP\" value: 15026 } ports { name: \"CLIENT_RPC\" value: 15027 } ports { name: \"REPLICATION\" value: 15033 } ports { name: \"RATIS\" value: 15029 } ports { name: \"RATIS_ADMIN\" value: 15030 } ports { name: \"RATIS_SERVER\" value: 15031 } ports { name: \"RATIS_DATASTREAM\" value: 15032 } ports { name: \"STANDALONE\" value: 15028 } networkName: \"b292b6be-9482-4c30-a3e0-c9f721931b72\" networkLocation: \"/default-rack\" persistedOpState: IN_SERVICE persistedOpStateExpiry: 0 currentVersion: 2 uuid128 { mostSigBits: -5579196058707014608 leastSigBits: -6638083787486717070 } level: 3 id { uuid { mostSigBits: -5579196058707014608 leastSigBits: -6638083787486717070 } } } datanode { uuid: \"309ab1ff-9f5a-4058-8b2f-94d451ce5267\" ipAddress: \"127.0.0.1\" hostName: \"localhost\" ports { name: \"HTTP\" value: 15010 } ports { name: \"CLIENT_RPC\" value: 15011 } ports { name: \"REPLICATION\" value: 15017 } ports { name: \"RATIS\" value: 15013 } ports { name: \"RATIS_ADMIN\" value: 15014 } ports { name: \"RATIS_SERVER\" value: 15015 } ports { name: \"RATIS_DATASTREAM\" value: 15016 } ports { name: \"STANDALONE\" value: 15012 } networkName: \"309ab1ff-9f5a-4058-8b2f-94d451ce5267\" networkLocation: \"/default-rack\" persistedOpState: IN_SERVICE persistedOpStateExpiry: 0 currentVersion: 2 uuid128 { mostSigBits: 3502307371682250840 leastSigBits: -8417345538905714073 } level: 3 id { uuid { mostSigBits: 3502307371682250840 leastSigBits: -8417345538905714073 } } } datanode { uuid: \"99c47355-c013-4450-a734-aff6d3c99677\" ipAddress: \"127.0.0.1\" hostName: \"localhost\" ports { name: \"HTTP\" value: 15018 } ports { name: \"CLIENT_RPC\" value: 15019 } ports { name: \"REPLICATION\" value: 15025 } ports { name: \"RATIS\" value: 15021 } ports { name: \"RATIS_ADMIN\" value: 15022 } ports { name: \"RATIS_SERVER\" value: 15023 } ports { name: \"RATIS_DATASTREAM\" value: 15024 } ports { name: \"STANDALONE\" value: 15020 } networkName: \"99c47355-c013-4450-a734-aff6d3c99677\" networkLocation: \"/default-rack\" persistedOpState: IN_SERVICE persistedOpStateExpiry: 0 currentVersion: 2 uuid128 { mostSigBits: -7366636278339386288 leastSigBits: -6398295695936612745 } level: 3 id { uuid { mostSigBits: -7366636278339386288 leastSigBits: -6398295695936612745 } } } cmdId: 1760698877834 priority: 0 priority: 1 priority: 0 } term: 2 encodedToken: \"\" deadlineMsSinceEpoch: 0, commandType: createPipelineCommand createPipelineCommandProto { pipelineID { id: \"72e95c79-0fe3-4346-a9e3-bd423c7185ab\" uuid128 { mostSigBits: 8280251064924717894 leastSigBits: -6204907769406847573 } } type: RATIS factor: THREE datanode { uuid: \"99c47355-c013-4450-a734-aff6d3c99677\" ipAddress: \"127.0.0.1\" hostName: \"localhost\" ports { name: \"HTTP\" value: 15018 } ports { name: \"CLIENT_RPC\" value: 15019 } ports { name: \"REPLICATION\" value: 15025 } ports { name: \"RATIS\" value: 15021 } ports { name: \"RATIS_ADMIN\" value: 15022 } ports { name: \"RATIS_SERVER\" value: 15023 } ports { name: \"RATIS_DATASTREAM\" value: 15024 } ports { name: \"STANDALONE\" value: 15020 } networkName: \"99c47355-c013-4450-a734-aff6d3c99677\" networkLocation: \"/default-rack\" persistedOpState: IN_SERVICE persistedOpStateExpiry: 0 currentVersion: 2 uuid128 { mostSigBits: -7366636278339386288 leastSigBits: -6398295695936612745 } level: 3 id { uuid { mostSigBits: -7366636278339386288 leastSigBits: -6398295695936612745 } } } datanode { uuid: \"b292b6be-9482-4c30-a3e0-c9f721931b72\" ipAddress: \"127.0.0.1\" hostName: \"localhost\" ports { name: \"HTTP\" value: 15026 } ports { name: \"CLIENT_RPC\" value: 15027 } ports { name: \"REPLICATION\" value: 15033 } ports { name: \"RATIS\" value: 15029 } ports { name: \"RATIS_ADMIN\" value: 15030 } ports { name: \"RATIS_SERVER\" value: 15031 } ports { name: \"RATIS_DATASTREAM\" value: 15032 } ports { name: \"STANDALONE\" value: 15028 } networkName: \"b292b6be-9482-4c30-a3e0-c9f721931b72\" networkLocation: \"/default-rack\" persistedOpState: IN_SERVICE persistedOpStateExpiry: 0 currentVersion: 2 uuid128 { mostSigBits: -5579196058707014608 leastSigBits: -6638083787486717070 } level: 3 id { uuid { mostSigBits: -5579196058707014608 leastSigBits: -6638083787486717070 } } } datanode { uuid: \"309ab1ff-9f5a-4058-8b2f-94d451ce5267\" ipAddress: \"127.0.0.1\" hostName: \"localhost\" ports { name: \"HTTP\" value: 15010 } ports { name: \"CLIENT_RPC\" value: 15011 } ports { name: \"REPLICATION\" value: 15017 } ports { name: \"RATIS\" value: 15013 } ports { name: \"RATIS_ADMIN\" value: 15014 } ports { name: \"RATIS_SERVER\" value: 15015 } ports { name: \"RATIS_DATASTREAM\" value: 15016 } ports { name: \"STANDALONE\" value: 15012 } networkName: \"309ab1ff-9f5a-4058-8b2f-94d451ce5267\" networkLocation: \"/default-rack\" persistedOpState: IN_SERVICE persistedOpStateExpiry: 0 currentVersion: 2 uuid128 { mostSigBits: 3502307371682250840 leastSigBits: -8417345538905714073 } level: 3 id { uuid { mostSigBits: 3502307371682250840 leastSigBits: -8417345538905714073 } } } cmdId: 1760698877835 priority: 0 priority: 1 priority: 0 } term: 2 encodedToken: \"\" deadlineMsSinceEpoch: 0]"} | ret=SUCCESS |  
2025-10-17 11:01:18,503 [IPC Server handler 8 on default port 15002] INFO  net.NetworkTopologyImpl (NetworkTopologyImpl.java:add(133)) - Added a new node: /default-rack/718bfa29-2c47-4ab5-ac61-3dfe9c6b9d5c
2025-10-17 11:01:18,504 [IPC Server handler 8 on default port 15002] INFO  node.SCMNodeManager (SCMNodeManager.java:register(423)) - Registered datanode: 718bfa29-2c47-4ab5-ac61-3dfe9c6b9d5c{ip: 127.0.0.1, host: localhost, ports: [HTTP=15034, CLIENT_RPC=15035, REPLICATION=15041, RATIS=15037, RATIS_ADMIN=15038, RATIS_SERVER=15039, RATIS_DATASTREAM=15040, STANDALONE=15036], networkLocation: /default-rack, certSerialId: null, persistedOpState: null, persistedOpStateExpiryEpochSec: 0}
2025-10-17 11:01:18,504 [EventQueue-NodeRegistrationContainerReportForDataNodeSafeModeRule] INFO  safemode.SCMSafeModeManager (SCMSafeModeManager.java:validateSafeModeExitRules(138)) - DataNodeSafeModeRule rule is successfully validated
2025-10-17 11:01:18,504 [EventQueue-ContainerRegistrationReportForRatisContainerSafeModeRule] INFO  safemode.SCMSafeModeManager (SCMSafeModeManager.java:validateSafeModeExitRules(138)) - RatisContainerSafeModeRule rule is successfully validated
2025-10-17 11:01:18,505 [EventQueue-ContainerRegistrationReportForECContainerSafeModeRule] INFO  safemode.SCMSafeModeManager (SCMSafeModeManager.java:validateSafeModeExitRules(138)) - ECContainerSafeModeRule rule is successfully validated
2025-10-17 11:01:18,505 [EventQueue-NewNodeForNewNodeHandler] INFO  pipeline.BackgroundPipelineCreator (BackgroundPipelineCreator.java:notifyEventTriggered(290)) - trigger a one-shot run on RatisPipelineUtilsThread.
2025-10-17 11:01:18,506 [RatisPipelineUtilsThread-0] INFO  pipeline.RatisPipelineProvider (RatisPipelineProvider.java:lambda$create$0(208)) - Sending CreatePipelineCommand for pipeline:Pipeline-6b95370b-02ef-41c9-9de6-95d8efae7158 to datanode:718bfa29-2c47-4ab5-ac61-3dfe9c6b9d5c(localhost/127.0.0.1)
2025-10-17 11:01:18,506 | INFO  | SCMAudit | user=runner | ip=127.0.0.1 | op=REGISTER {"datanodeDetails":"718bfa29-2c47-4ab5-ac61-3dfe9c6b9d5c(localhost/127.0.0.1)"} | ret=SUCCESS |  
2025-10-17 11:01:18,506 [EventQueue-PipelineReportForOneReplicaPipelineSafeModeRule] INFO  safemode.SCMSafeModeManager (SCMSafeModeManager.java:validateSafeModeExitRules(138)) - OneReplicaPipelineSafeModeRule rule is successfully validated
2025-10-17 11:01:18,509 [069dddce-46ee-48e8-8453-914416002559@group-1FFA6967D237-StateMachineUpdater] INFO  safemode.SCMSafeModeManager (SCMSafeModeManager.java:validateSafeModeExitRules(138)) - DataNodeSafeModeRule rule is successfully validated
2025-10-17 11:01:18,509 [069dddce-46ee-48e8-8453-914416002559@group-1FFA6967D237-StateMachineUpdater] INFO  safemode.SCMSafeModeManager (SCMSafeModeManager.java:validateSafeModeExitRules(138)) - RatisContainerSafeModeRule rule is successfully validated
2025-10-17 11:01:18,509 [069dddce-46ee-48e8-8453-914416002559@group-1FFA6967D237-StateMachineUpdater] INFO  safemode.HealthyPipelineSafeModeRule (HealthyPipelineSafeModeRule.java:initializeRule(226)) - Refreshed total pipeline count is 0, healthy pipeline threshold count is 1
2025-10-17 11:01:18,509 [069dddce-46ee-48e8-8453-914416002559@group-1FFA6967D237-StateMachineUpdater] INFO  safemode.SCMSafeModeManager (SCMSafeModeManager.java:validateSafeModeExitRules(138)) - OneReplicaPipelineSafeModeRule rule is successfully validated
2025-10-17 11:01:18,510 [069dddce-46ee-48e8-8453-914416002559@group-1FFA6967D237-StateMachineUpdater] INFO  safemode.SCMSafeModeManager (SCMSafeModeManager.java:validateSafeModeExitRules(138)) - ECContainerSafeModeRule rule is successfully validated
2025-10-17 11:01:18,510 [RatisPipelineUtilsThread-0] INFO  pipeline.BackgroundPipelineCreator (BackgroundPipelineCreator.java:createPipelines(246)) - Created new pipeline Pipeline{ Id: 6b95370b-02ef-41c9-9de6-95d8efae7158, Nodes: [ {718bfa29-2c47-4ab5-ac61-3dfe9c6b9d5c(localhost/127.0.0.1), ReplicaIndex: 0},], ReplicationConfig: RATIS/ONE, State:ALLOCATED, leaderId:, CreationTimestamp2025-10-17T11:01:18.506109434Z[Etc/UTC]}
2025-10-17 11:01:18,518 | INFO  | SCMAudit | user=runner | ip=127.0.0.1 | op=GET_VERSION {} | ret=SUCCESS |  
2025-10-17 11:01:18,522 [ForkJoinPool-1-worker-1] INFO  handler.ContextHandler (ContextHandler.java:doStart(921)) - Started o.e.j.w.WebAppContext@44d9471f{hddsDatanode,/,file:///home/runner/work/ozone/ozone/hadoop-ozone/integration-test/target/test-dir/MiniOzoneClusterImpl-d1ffa5d3-3301-45c3-9f44-1ffa6967d237/scm/ozone-metadata/webserver/jetty-0_0_0_0-15066-hdds-container-service-2_1_0-SNAPSHOT_jar-_-any-3512343097935759369/webapp/,AVAILABLE}{jar:file:/home/runner/work/ozone/ozone/hadoop-hdds/container-service/target/hdds-container-service-2.1.0-SNAPSHOT.jar!/webapps/hddsDatanode}
2025-10-17 11:01:18,523 [ForkJoinPool-1-worker-1] INFO  server.AbstractConnector (AbstractConnector.java:doStart(333)) - Started ServerConnector@90ed7fb{HTTP/1.1, (http/1.1)}{0.0.0.0:15066}
2025-10-17 11:01:18,523 [ForkJoinPool-1-worker-1] INFO  server.Server (Server.java:doStart(415)) - Started @12050ms
2025-10-17 11:01:18,523 [ForkJoinPool-1-worker-1] WARN  impl.MetricsSystemImpl (MetricsSystemImpl.java:register(279)) - Sink prometheus already exists!
2025-10-17 11:01:18,523 [ForkJoinPool-1-worker-1] INFO  http.BaseHttpServer (BaseHttpServer.java:updateConnectorAddress(357)) - HTTP server of hddsDatanode listening at http://localhost:15066
2025-10-17 11:01:18,524 [ForkJoinPool-1-worker-1] INFO  ipc.CallQueueManager (CallQueueManager.java:<init>(93)) - Using callQueue: class java.util.concurrent.LinkedBlockingQueue, queueCapacity: 1000, scheduler: class org.apache.hadoop.ipc.DefaultRpcScheduler, ipcBackoff: false, ipcFailOver: false.
2025-10-17 11:01:18,524 [ForkJoinPool-1-worker-1] INFO  ipc.Server (Server.java:<init>(1438)) - Listener at 0.0.0.0:15067
2025-10-17 11:01:18,524 [Socket Reader #1 for port 15067] INFO  ipc.Server (Server.java:run(1474)) - Starting Socket Reader #1 for port 15067
2025-10-17 11:01:18,525 [Socket Reader #2 for port 15067] INFO  ipc.Server (Server.java:run(1474)) - Starting Socket Reader #2 for port 15067
2025-10-17 11:01:18,525 [Socket Reader #3 for port 15067] INFO  ipc.Server (Server.java:run(1474)) - Starting Socket Reader #3 for port 15067
2025-10-17 11:01:18,526 [Socket Reader #4 for port 15067] INFO  ipc.Server (Server.java:run(1474)) - Starting Socket Reader #4 for port 15067
2025-10-17 11:01:18,526 [Socket Reader #5 for port 15067] INFO  ipc.Server (Server.java:run(1474)) - Starting Socket Reader #5 for port 15067
2025-10-17 11:01:18,526 [Socket Reader #6 for port 15067] INFO  ipc.Server (Server.java:run(1474)) - Starting Socket Reader #6 for port 15067
2025-10-17 11:01:18,526 [Socket Reader #7 for port 15067] INFO  ipc.Server (Server.java:run(1474)) - Starting Socket Reader #7 for port 15067
2025-10-17 11:01:18,527 [Socket Reader #8 for port 15067] INFO  ipc.Server (Server.java:run(1474)) - Starting Socket Reader #8 for port 15067
2025-10-17 11:01:18,527 [Socket Reader #9 for port 15067] INFO  ipc.Server (Server.java:run(1474)) - Starting Socket Reader #9 for port 15067
2025-10-17 11:01:18,527 [Socket Reader #10 for port 15067] INFO  ipc.Server (Server.java:run(1474)) - Starting Socket Reader #10 for port 15067
2025-10-17 11:01:18,529 [ForkJoinPool-1-worker-1] INFO  ozone.HddsDatanodeService (HddsDatanodeService.java:start(333)) - Datanode start with admins: [admin, runner]
2025-10-17 11:01:18,529 [ForkJoinPool-1-worker-1] INFO  ozone.HddsDatanodeClientProtocolServer (HddsDatanodeClientProtocolServer.java:start(76)) - RPC server for Client /0.0.0.0:15067
2025-10-17 11:01:18,529 [IPC Server Responder] INFO  ipc.Server (Server.java:run(1713)) - IPC Server Responder: starting
2025-10-17 11:01:18,529 [IPC Server listener on 15067] INFO  ipc.Server (Server.java:run(1553)) - IPC Server listener on 15067: starting
2025-10-17 11:01:18,531 [ForkJoinPool-1-worker-1] WARN  dropwizard3.Dm3MetricRegistriesImpl (Dm3MetricRegistriesImpl.java:addReporterRegistration(114)) - New reporters are added after registries were created. Some metrics will be missing from the reporter. Please add reporter before adding any new registry.
2025-10-17 11:01:18,531 [ForkJoinPool-1-worker-1] WARN  dropwizard3.Dm3MetricRegistriesImpl (Dm3MetricRegistriesImpl.java:addReporterRegistration(114)) - New reporters are added after registries were created. Some metrics will be missing from the reporter. Please add reporter before adding any new registry.
2025-10-17 11:01:18,533 [dbd6f242-9b73-4bca-a110-3e2ec656b979-DatanodeStateMachineDaemonThread] INFO  statemachine.DatanodeStateMachine (DatanodeStateMachine.java:startStateMachineThread(363)) - Ozone container server started.
2025-10-17 11:01:18,537 [dbd6f242-9b73-4bca-a110-3e2ec656b979-DatanodeStateMachineTaskThread-0] INFO  datanode.InitDatanodeState (InitDatanodeState.java:persistContainerDatanodeDetails(139)) - DatanodeDetails is persisted to /home/runner/work/ozone/ozone/hadoop-ozone/integration-test/target/test-dir/MiniOzoneClusterImpl-d1ffa5d3-3301-45c3-9f44-1ffa6967d237/ozone-metadata/datanode-8/ozone-metadata/datanode.id
2025-10-17 11:01:18,554 [ForkJoinPool-1-worker-1] INFO  protocol.DatanodeDetails (DatanodeDetails.java:validateDatanodeIpAddress(199)) - Updating IP address of datanode ed6e9581-5875-4278-a8db-50829892434b(localhost/null) to 127.0.0.1
2025-10-17 11:01:18,554 [ForkJoinPool-1-worker-1] INFO  ozone.HddsDatanodeService (HddsDatanodeService.java:start(236)) - HddsDatanodeService ed6e9581-5875-4278-a8db-50829892434b(localhost/127.0.0.1)
2025-10-17 11:01:18,554 [2b4cc429-f9c1-416c-9a38-6239a2e149ea-EndpointStateMachineTaskThread-/0.0.0.0:15002-0 ] INFO  utils.DatanodeStoreCache (DatanodeStoreCache.java:addDB(70)) - Added db /home/runner/work/ozone/ozone/hadoop-ozone/integration-test/target/test-dir/MiniOzoneClusterImpl-d1ffa5d3-3301-45c3-9f44-1ffa6967d237/ozone-metadata/datanode-6/data-0/hdds/d1ffa5d3-3301-45c3-9f44-1ffa6967d237/DS-24579aaf-95bc-4449-ada6-64d15dd593d4/container.db to cache
2025-10-17 11:01:18,554 [2b4cc429-f9c1-416c-9a38-6239a2e149ea-EndpointStateMachineTaskThread-/0.0.0.0:15002-0 ] INFO  volume.HddsVolume (HddsVolume.java:createDbStore(576)) - SchemaV3 db is created and loaded at /home/runner/work/ozone/ozone/hadoop-ozone/integration-test/target/test-dir/MiniOzoneClusterImpl-d1ffa5d3-3301-45c3-9f44-1ffa6967d237/ozone-metadata/datanode-6/data-0/hdds/d1ffa5d3-3301-45c3-9f44-1ffa6967d237/DS-24579aaf-95bc-4449-ada6-64d15dd593d4/container.db for volume DS-24579aaf-95bc-4449-ada6-64d15dd593d4
2025-10-17 11:01:18,556 [ForkJoinPool-1-worker-1] INFO  upgrade.AbstractLayoutVersionManager (AbstractLayoutVersionManager.java:init(80)) - Initializing Layout version manager with metadata layout = WITNESSED_CONTAINER_DB_PROTO_VALUE (version = 9), software layout = WITNESSED_CONTAINER_DB_PROTO_VALUE (version = 9)
2025-10-17 11:01:18,556 [ForkJoinPool-1-worker-1] INFO  statemachine.DatanodeStateMachine (DatanodeStateMachine.java:getEndPointTaskThreadPoolSize(321)) - Datanode State Machine Task Thread Pool size 2
2025-10-17 11:01:18,557 [2b4cc429-f9c1-416c-9a38-6239a2e149ea-ContainerReader-0] INFO  ozoneimpl.ContainerReader (ContainerReader.java:readVolume(147)) - Start to verify containers on volume /home/runner/work/ozone/ozone/hadoop-ozone/integration-test/target/test-dir/MiniOzoneClusterImpl-d1ffa5d3-3301-45c3-9f44-1ffa6967d237/ozone-metadata/datanode-6/data-0/hdds
2025-10-17 11:01:18,558 [2b4cc429-f9c1-416c-9a38-6239a2e149ea-ContainerReader-0] INFO  ozoneimpl.ContainerReader (ContainerReader.java:readVolume(177)) - Finish verifying containers on volume /home/runner/work/ozone/ozone/hadoop-ozone/integration-test/target/test-dir/MiniOzoneClusterImpl-d1ffa5d3-3301-45c3-9f44-1ffa6967d237/ozone-metadata/datanode-6/data-0/hdds
2025-10-17 11:01:18,558 [2b4cc429-f9c1-416c-9a38-6239a2e149ea-EndpointStateMachineTaskThread-/0.0.0.0:15002-0 ] INFO  ozoneimpl.OzoneContainer (OzoneContainer.java:buildContainerSet(359)) - Build ContainerSet costs 0s
2025-10-17 11:01:18,558 [2b4cc429-f9c1-416c-9a38-6239a2e149ea-EndpointStateMachineTaskThread-/0.0.0.0:15002-0 ] INFO  volume.ThrottledAsyncChecker (ThrottledAsyncChecker.java:schedule(138)) - Scheduling a check for /home/runner/work/ozone/ozone/hadoop-ozone/integration-test/target/test-dir/MiniOzoneClusterImpl-d1ffa5d3-3301-45c3-9f44-1ffa6967d237/ozone-metadata/datanode-6/data-0/hdds
2025-10-17 11:01:18,558 [ForkJoinPool-1-worker-1] INFO  volume.HddsVolume (HddsVolume.java:<init>(162)) - HddsVolume: { id=DS-45552300-4c0c-4702-ac24-9a64e12c5df5 dir=/home/runner/work/ozone/ozone/hadoop-ozone/integration-test/target/test-dir/MiniOzoneClusterImpl-d1ffa5d3-3301-45c3-9f44-1ffa6967d237/ozone-metadata/datanode-9/data-0/hdds type=DISK capacity=9222449699674390527 used=0 available=9222449699674390527 minFree=184448985434423296 committed=0 }
2025-10-17 11:01:18,559 [ForkJoinPool-1-worker-1] INFO  volume.MutableVolumeSet (MutableVolumeSet.java:initializeVolumeSet(175)) - Added Volume : /home/runner/work/ozone/ozone/hadoop-ozone/integration-test/target/test-dir/MiniOzoneClusterImpl-d1ffa5d3-3301-45c3-9f44-1ffa6967d237/ozone-metadata/datanode-9/data-0/hdds to VolumeSet
2025-10-17 11:01:18,559 [2b4cc429-f9c1-416c-9a38-6239a2e149ea-EndpointStateMachineTaskThread-/0.0.0.0:15002-0 ] INFO  volume.StorageVolumeChecker (StorageVolumeChecker.java:checkAllVolumes(231)) - Scheduled health check for volume /home/runner/work/ozone/ozone/hadoop-ozone/integration-test/target/test-dir/MiniOzoneClusterImpl-d1ffa5d3-3301-45c3-9f44-1ffa6967d237/ozone-metadata/datanode-6/data-0/hdds
2025-10-17 11:01:18,560 [ForkJoinPool-1-worker-1] INFO  volume.MutableVolumeSet (MutableVolumeSet.java:initializeVolumeSet(175)) - Added Volume : /home/runner/work/ozone/ozone/hadoop-ozone/integration-test/target/test-dir/MiniOzoneClusterImpl-d1ffa5d3-3301-45c3-9f44-1ffa6967d237/ozone-metadata/datanode-9/ratis to VolumeSet
2025-10-17 11:01:18,560 [ForkJoinPool-1-worker-1] INFO  ozoneimpl.OzoneContainer (HddsVolumeUtil.java:loadAllHddsVolumeDbStore(102)) - Load 1 volumes DbStore cost: 0ms
2025-10-17 11:01:18,561 [ForkJoinPool-1-worker-1] WARN  db.DBStoreBuilder (DBStoreBuilder.java:getDBDirPath(157)) - ozone.scm.datanode.id.dir is not configured. We recommend adding this setting. Falling back to ozone.metadata.dirs instead.
2025-10-17 11:01:18,562 [ForkJoinPool-1-worker-1] WARN  db.DBStoreBuilder (DBStoreBuilder.java:getDBDirPath(157)) - ozone.scm.datanode.id.dir is not configured. We recommend adding this setting. Falling back to ozone.metadata.dirs instead.
2025-10-17 11:01:18,562 [2b4cc429-f9c1-416c-9a38-6239a2e149ea-EndpointStateMachineTaskThread-/0.0.0.0:15002-0 ] INFO  volume.ThrottledAsyncChecker (ThrottledAsyncChecker.java:schedule(138)) - Scheduling a check for /home/runner/work/ozone/ozone/hadoop-ozone/integration-test/target/test-dir/MiniOzoneClusterImpl-d1ffa5d3-3301-45c3-9f44-1ffa6967d237/ozone-metadata/datanode-6/ratis
2025-10-17 11:01:18,562 [2b4cc429-f9c1-416c-9a38-6239a2e149ea-EndpointStateMachineTaskThread-/0.0.0.0:15002-0 ] INFO  volume.StorageVolumeChecker (StorageVolumeChecker.java:checkAllVolumes(231)) - Scheduled health check for volume /home/runner/work/ozone/ozone/hadoop-ozone/integration-test/target/test-dir/MiniOzoneClusterImpl-d1ffa5d3-3301-45c3-9f44-1ffa6967d237/ozone-metadata/datanode-6/ratis
2025-10-17 11:01:18,563 [2b4cc429-f9c1-416c-9a38-6239a2e149ea-EndpointStateMachineTaskThread-/0.0.0.0:15002-0 ] INFO  ozoneimpl.OzoneContainer (OzoneContainer.java:start(544)) - Attempting to start container services.
2025-10-17 11:01:18,564 [ContainerMetadataScanner] INFO  ozoneimpl.AbstractBackgroundContainerScanner (AbstractBackgroundContainerScanner.java:runIteration(89)) - Completed an iteration in 0 minutes. Number of iterations (since the data-node restart) : 1, Number of containers scanned in this iteration : 0, Number of unhealthy containers found in this iteration : 0
2025-10-17 11:01:18,564 [ContainerDataScanner(/home/runner/work/ozone/ozone/hadoop-ozone/integration-test/target/test-dir/MiniOzoneClusterImpl-d1ffa5d3-3301-45c3-9f44-1ffa6967d237/ozone-metadata/datanode-6/data-0/hdds)] INFO  ozoneimpl.AbstractBackgroundContainerScanner (AbstractBackgroundContainerScanner.java:runIteration(89)) - Completed an iteration in 0 minutes. Number of iterations (since the data-node restart) : 1, Number of containers scanned in this iteration : 0, Number of unhealthy containers found in this iteration : 0
2025-10-17 11:01:18,564 [2b4cc429-f9c1-416c-9a38-6239a2e149ea-EndpointStateMachineTaskThread-/0.0.0.0:15002-0 ] INFO  replication.ReplicationServer (ReplicationServer.java:start(137)) - ReplicationServer is started using port 15057
2025-10-17 11:01:18,565 [2b4cc429-f9c1-416c-9a38-6239a2e149ea-EndpointStateMachineTaskThread-/0.0.0.0:15002-0 ] INFO  ratis.XceiverServerRatis (XceiverServerRatis.java:start(559)) - Starting XceiverServerRatis(2b4cc429-f9c1-416c-9a38-6239a2e149ea)
2025-10-17 11:01:18,565 [2b4cc429-f9c1-416c-9a38-6239a2e149ea-EndpointStateMachineTaskThread-/0.0.0.0:15002-0 ] INFO  server.RaftServer (RaftServerProxy.java:startImpl(412)) - 2b4cc429-f9c1-416c-9a38-6239a2e149ea: start RPC server
2025-10-17 11:01:18,566 [2b4cc429-f9c1-416c-9a38-6239a2e149ea-EndpointStateMachineTaskThread-/0.0.0.0:15002-0 ] INFO  server.GrpcServicesImpl (GrpcServicesImpl.java:startImpl(346)) - 2b4cc429-f9c1-416c-9a38-6239a2e149ea: GrpcServicesImpl started, listening on 15053
2025-10-17 11:01:18,566 [2b4cc429-f9c1-416c-9a38-6239a2e149ea-EndpointStateMachineTaskThread-/0.0.0.0:15002-0 ] INFO  server.GrpcServicesImpl (GrpcServicesImpl.java:startImpl(346)) - 2b4cc429-f9c1-416c-9a38-6239a2e149ea: GrpcServicesImpl started, listening on 15055
2025-10-17 11:01:18,567 [2b4cc429-f9c1-416c-9a38-6239a2e149ea-EndpointStateMachineTaskThread-/0.0.0.0:15002-0 ] INFO  server.GrpcServicesImpl (GrpcServicesImpl.java:startImpl(346)) - 2b4cc429-f9c1-416c-9a38-6239a2e149ea: GrpcServicesImpl started, listening on 15054
2025-10-17 11:01:18,567 [2b4cc429-f9c1-416c-9a38-6239a2e149ea-EndpointStateMachineTaskThread-/0.0.0.0:15002-0 ] INFO  ratis.XceiverServerRatis (XceiverServerRatis.java:getRealPort(586)) - XceiverServerRatis(2b4cc429-f9c1-416c-9a38-6239a2e149ea) is started using port RATIS=15053
2025-10-17 11:01:18,567 [2b4cc429-f9c1-416c-9a38-6239a2e149ea-EndpointStateMachineTaskThread-/0.0.0.0:15002-0 ] INFO  ratis.XceiverServerRatis (XceiverServerRatis.java:getRealPort(586)) - XceiverServerRatis(2b4cc429-f9c1-416c-9a38-6239a2e149ea) is started using port RATIS_ADMIN=15054
2025-10-17 11:01:18,567 [2b4cc429-f9c1-416c-9a38-6239a2e149ea-EndpointStateMachineTaskThread-/0.0.0.0:15002-0 ] INFO  ratis.XceiverServerRatis (XceiverServerRatis.java:getRealPort(586)) - XceiverServerRatis(2b4cc429-f9c1-416c-9a38-6239a2e149ea) is started using port RATIS_SERVER=15055
2025-10-17 11:01:18,567 [2b4cc429-f9c1-416c-9a38-6239a2e149ea-EndpointStateMachineTaskThread-/0.0.0.0:15002-0 ] INFO  ratis.XceiverServerRatis (XceiverServerRatis.java:getRealPort(586)) - XceiverServerRatis(2b4cc429-f9c1-416c-9a38-6239a2e149ea) is started using port RATIS_DATASTREAM=15056
2025-10-17 11:01:18,567 [JvmPauseMonitor8] INFO  util.JvmPauseMonitor (JvmPauseMonitor.java:run(146)) - JvmPauseMonitor-2b4cc429-f9c1-416c-9a38-6239a2e149ea: Started
2025-10-17 11:01:18,568 [2b4cc429-f9c1-416c-9a38-6239a2e149ea-EndpointStateMachineTaskThread-/0.0.0.0:15002-0 ] INFO  utils.BackgroundService (BackgroundService.java:start(119)) - Starting service BlockDeletingService with interval 60000 milliseconds
2025-10-17 11:01:18,568 [2b4cc429-f9c1-416c-9a38-6239a2e149ea-EndpointStateMachineTaskThread-/0.0.0.0:15002-0 ] INFO  utils.BackgroundService (BackgroundService.java:start(119)) - Starting service StaleRecoveringContainerScrubbingService with interval 60000 milliseconds
2025-10-17 11:01:18,575 [ForkJoinPool-1-worker-1] INFO  impl.FilePerChunkStrategy (FilePerChunkStrategy.java:<init>(79)) - ozone.chunk.read.mapped.buffer.max.count is load with 0
2025-10-17 11:01:18,575 [ForkJoinPool-1-worker-1] INFO  impl.FilePerBlockStrategy (FilePerBlockStrategy.java:<init>(88)) - ozone.chunk.read.mapped.buffer.max.count is load with 0
2025-10-17 11:01:18,576 [ForkJoinPool-1-worker-1] INFO  server.RaftServerConfigKeys (ConfUtils.java:logGet(62)) - raft.server.log.appender.buffer.byte-limit = 33554432 (custom)
2025-10-17 11:01:18,577 [ForkJoinPool-1-worker-1] INFO  grpc.GrpcConfigKeys (ConfUtils.java:logFallback(69)) - raft.grpc.admin.host = null (fallback to raft.grpc.server.host)
2025-10-17 11:01:18,577 [ForkJoinPool-1-worker-1] INFO  grpc.GrpcConfigKeys (ConfUtils.java:logGet(62)) - raft.grpc.admin.port = 15078 (custom)
2025-10-17 11:01:18,577 [ForkJoinPool-1-worker-1] INFO  grpc.GrpcConfigKeys (ConfUtils.java:logFallback(69)) - raft.grpc.client.host = null (fallback to raft.grpc.server.host)
2025-10-17 11:01:18,577 [ForkJoinPool-1-worker-1] INFO  grpc.GrpcConfigKeys (ConfUtils.java:logGet(62)) - raft.grpc.client.port = 15077 (custom)
2025-10-17 11:01:18,577 [ForkJoinPool-1-worker-1] INFO  grpc.GrpcConfigKeys (ConfUtils.java:logGet(62)) - raft.grpc.server.port = 15079 (custom)
2025-10-17 11:01:18,577 [ForkJoinPool-1-worker-1] INFO  server.GrpcServicesImpl (ConfUtils.java:logGet(62)) - raft.grpc.message.size.max = 34603008 (custom)
2025-10-17 11:01:18,578 [ForkJoinPool-1-worker-1] INFO  server.GrpcServicesImpl (ConfUtils.java:logGet(62)) - raft.grpc.flow.control.window = 5MB (=5242880) (custom)
2025-10-17 11:01:18,578 [ForkJoinPool-1-worker-1] INFO  server.RaftServerConfigKeys (ConfUtils.java:logGet(62)) - raft.server.log.appender.buffer.byte-limit = 33554432 (custom)
2025-10-17 11:01:18,579 [ForkJoinPool-1-worker-1] INFO  netty.NettyUtils (NettyUtils.java:newEventLoopGroup(74)) - Create EpollEventLoopGroup for ed6e9581-5875-4278-a8db-50829892434b-NettyServerStreamRpc-bossGroup; Thread size is 0.
2025-10-17 11:01:18,580 [ForkJoinPool-1-worker-1] INFO  netty.NettyUtils (NettyUtils.java:newEventLoopGroup(74)) - Create EpollEventLoopGroup for ed6e9581-5875-4278-a8db-50829892434b-NettyServerStreamRpc-workerGroup; Thread size is 0.
2025-10-17 11:01:18,580 [ForkJoinPool-1-worker-1] INFO  netty.NettyConfigKeys$DataStream (ConfUtils.java:logGet(62)) - raft.netty.dataStream.port = 15080 (custom)
2025-10-17 11:01:18,581 [ForkJoinPool-1-worker-1] INFO  server.RaftServerConfigKeys (ConfUtils.java:logGet(62)) - raft.server.storage.dir = [/home/runner/work/ozone/ozone/hadoop-ozone/integration-test/target/test-dir/MiniOzoneClusterImpl-d1ffa5d3-3301-45c3-9f44-1ffa6967d237/ozone-metadata/datanode-9/ratis] (custom)
2025-10-17 11:01:18,581 [ed6e9581-5875-4278-a8db-50829892434b-NettyServerStreamRpc-bossGroup--thread1] INFO  logging.LoggingHandler (AbstractInternalLogger.java:log(148)) - [id: 0x477cb485] REGISTERED
2025-10-17 11:01:18,581 [ed6e9581-5875-4278-a8db-50829892434b-NettyServerStreamRpc-bossGroup--thread1] INFO  logging.LoggingHandler (AbstractInternalLogger.java:log(148)) - [id: 0x477cb485] BIND: 0.0.0.0/0.0.0.0:15080
2025-10-17 11:01:18,581 [ed6e9581-5875-4278-a8db-50829892434b-impl-thread1] INFO  server.RaftServer (RaftServerProxy.java:initGroupDir(270)) - ed6e9581-5875-4278-a8db-50829892434b: found a subdirectory /home/runner/work/ozone/ozone/hadoop-ozone/integration-test/target/test-dir/MiniOzoneClusterImpl-d1ffa5d3-3301-45c3-9f44-1ffa6967d237/ozone-metadata/datanode-9/ratis/tmp
2025-10-17 11:01:18,581 [ed6e9581-5875-4278-a8db-50829892434b-NettyServerStreamRpc-bossGroup--thread1] INFO  logging.LoggingHandler (AbstractInternalLogger.java:log(148)) - [id: 0x477cb485, L:/0.0.0.0:15080] ACTIVE
2025-10-17 11:01:18,581 [ed6e9581-5875-4278-a8db-50829892434b-impl-thread1] INFO  server.RaftServer (RaftServerProxy.java:initGroupDir(275)) - ed6e9581-5875-4278-a8db-50829892434b: The directory /home/runner/work/ozone/ozone/hadoop-ozone/integration-test/target/test-dir/MiniOzoneClusterImpl-d1ffa5d3-3301-45c3-9f44-1ffa6967d237/ozone-metadata/datanode-9/ratis/tmp is not a group directory; ignoring it. 
2025-10-17 11:01:18,581 [ForkJoinPool-1-worker-1] INFO  replication.ReplicationServer (ReplicationServer.java:<init>(84)) - Initializing replication server with thread count = 10 queue length = 4096
2025-10-17 11:01:18,582 [ForkJoinPool-1-worker-1] INFO  server.XceiverServerGrpc (XceiverServerGrpc.java:<init>(129)) - GrpcServer channel type EpollServerSocketChannel
2025-10-17 11:01:18,583 [ForkJoinPool-1-worker-1] INFO  replication.ReplicationSupervisor (ReplicationSupervisor.java:build(169)) - Initializing replication supervisor with thread count = 10
2025-10-17 11:01:18,583 [ForkJoinPool-1-worker-1] INFO  replication.ReplicationSupervisor (ReplicationSupervisor.java:nodeStateUpdated(358)) - Node state updated to IN_SERVICE, scaling executor pool size to 10
2025-10-17 11:01:18,585 [ForkJoinPool-1-worker-1] INFO  http.BaseHttpServer (BaseHttpServer.java:newHttpServer2BuilderForOzone(227)) - Starting Web-server for hddsDatanode at: http://0.0.0.0:15074
2025-10-17 11:01:18,585 [ForkJoinPool-1-worker-1] INFO  http.BaseHttpServer (BaseHttpServer.java:<init>(105)) - Hadoop Security Enabled: false Ozone Security Enabled: false Ozone HTTP Security Enabled: false 
2025-10-17 11:01:18,587 [ForkJoinPool-1-worker-1] WARN  server.AuthenticationFilter (AuthenticationFilter.java:constructSecretProvider(240)) - Unable to initialize FileSignerSecretProvider, falling back to use random secrets. Reason: Could not read signature secret file: /home/runner/hadoop-http-auth-signature-secret
2025-10-17 11:01:18,588 [ForkJoinPool-1-worker-1] INFO  http.HttpServer2 (HttpServer2.java:addGlobalFilter(1040)) - Added global filter 'safety' (class=org.apache.hadoop.hdds.server.http.HttpServer2$QuotingInputFilter)
2025-10-17 11:01:18,589 [ForkJoinPool-1-worker-1] INFO  http.HttpServer2 (HttpServer2.java:addFilter(1016)) - Added filter static_user_filter (class=org.apache.hadoop.http.lib.StaticUserWebFilter$StaticUserFilter) to context hddsDatanode
2025-10-17 11:01:18,590 [ForkJoinPool-1-worker-1] INFO  http.HttpServer2 (HttpServer2.java:addFilter(1024)) - Added filter static_user_filter (class=org.apache.hadoop.http.lib.StaticUserWebFilter$StaticUserFilter) to context logs
2025-10-17 11:01:18,590 [ForkJoinPool-1-worker-1] INFO  http.HttpServer2 (HttpServer2.java:addFilter(1024)) - Added filter static_user_filter (class=org.apache.hadoop.http.lib.StaticUserWebFilter$StaticUserFilter) to context static
2025-10-17 11:01:18,590 [ForkJoinPool-1-worker-1] INFO  http.BaseHttpServer (BaseHttpServer.java:<init>(193)) - HTTP server of hddsDatanode uses base directory /home/runner/work/ozone/ozone/hadoop-ozone/integration-test/target/test-dir/MiniOzoneClusterImpl-d1ffa5d3-3301-45c3-9f44-1ffa6967d237/scm/ozone-metadata/webserver
2025-10-17 11:01:18,590 [ForkJoinPool-1-worker-1] INFO  http.HttpServer2 (HttpServer2.java:bindListener(1240)) - Jetty bound to port 15074
2025-10-17 11:01:18,590 [ForkJoinPool-1-worker-1] INFO  server.Server (Server.java:doStart(375)) - jetty-9.4.58.v20250814; built: 2025-08-14T02:28:49.637Z; git: 8f1440587e9e4ae7db3d74cf205643f3d707148d; jvm 21.0.8+9-LTS
2025-10-17 11:01:18,591 [ForkJoinPool-1-worker-1] INFO  server.session (DefaultSessionIdManager.java:doStart(334)) - DefaultSessionIdManager workerName=node0
2025-10-17 11:01:18,591 [ForkJoinPool-1-worker-1] INFO  server.session (DefaultSessionIdManager.java:doStart(339)) - No SessionScavenger set, using defaults
2025-10-17 11:01:18,591 [ForkJoinPool-1-worker-1] INFO  server.session (HouseKeeper.java:startScavenging(132)) - node0 Scavenging every 600000ms
2025-10-17 11:01:18,592 [ForkJoinPool-1-worker-1] INFO  handler.ContextHandler (ContextHandler.java:doStart(921)) - Started o.e.j.s.ServletContextHandler@23dba86b{logs,/logs,file:///home/runner/work/ozone/ozone/hadoop-ozone/integration-test/target/log,AVAILABLE}
2025-10-17 11:01:18,592 [ForkJoinPool-1-worker-1] INFO  handler.ContextHandler (ContextHandler.java:doStart(921)) - Started o.e.j.s.ServletContextHandler@76cfa8d6{static,/static,jar:file:/home/runner/work/ozone/ozone/hadoop-hdds/container-service/target/hdds-container-service-2.1.0-SNAPSHOT.jar!/webapps/static,AVAILABLE}
2025-10-17 11:01:18,724 [ForkJoinPool-1-worker-1] INFO  handler.ContextHandler (ContextHandler.java:doStart(921)) - Started o.e.j.w.WebAppContext@3c486d2d{hddsDatanode,/,file:///home/runner/work/ozone/ozone/hadoop-ozone/integration-test/target/test-dir/MiniOzoneClusterImpl-d1ffa5d3-3301-45c3-9f44-1ffa6967d237/scm/ozone-metadata/webserver/jetty-0_0_0_0-15074-hdds-container-service-2_1_0-SNAPSHOT_jar-_-any-13177933022066586709/webapp/,AVAILABLE}{jar:file:/home/runner/work/ozone/ozone/hadoop-hdds/container-service/target/hdds-container-service-2.1.0-SNAPSHOT.jar!/webapps/hddsDatanode}
2025-10-17 11:01:18,725 [ForkJoinPool-1-worker-1] INFO  server.AbstractConnector (AbstractConnector.java:doStart(333)) - Started ServerConnector@6b4beb39{HTTP/1.1, (http/1.1)}{0.0.0.0:15074}
2025-10-17 11:01:18,725 [ForkJoinPool-1-worker-1] INFO  server.Server (Server.java:doStart(415)) - Started @12252ms
2025-10-17 11:01:18,725 [ForkJoinPool-1-worker-1] WARN  impl.MetricsSystemImpl (MetricsSystemImpl.java:register(279)) - Sink prometheus already exists!
2025-10-17 11:01:18,725 [ForkJoinPool-1-worker-1] INFO  http.BaseHttpServer (BaseHttpServer.java:updateConnectorAddress(357)) - HTTP server of hddsDatanode listening at http://localhost:15074
2025-10-17 11:01:18,726 [ForkJoinPool-1-worker-1] INFO  ipc.CallQueueManager (CallQueueManager.java:<init>(93)) - Using callQueue: class java.util.concurrent.LinkedBlockingQueue, queueCapacity: 1000, scheduler: class org.apache.hadoop.ipc.DefaultRpcScheduler, ipcBackoff: false, ipcFailOver: false.
2025-10-17 11:01:18,726 [ForkJoinPool-1-worker-1] INFO  ipc.Server (Server.java:<init>(1438)) - Listener at 0.0.0.0:15075
2025-10-17 11:01:18,726 [Socket Reader #1 for port 15075] INFO  ipc.Server (Server.java:run(1474)) - Starting Socket Reader #1 for port 15075
2025-10-17 11:01:18,726 [Socket Reader #2 for port 15075] INFO  ipc.Server (Server.java:run(1474)) - Starting Socket Reader #2 for port 15075
2025-10-17 11:01:18,727 [Socket Reader #3 for port 15075] INFO  ipc.Server (Server.java:run(1474)) - Starting Socket Reader #3 for port 15075
2025-10-17 11:01:18,727 [Socket Reader #4 for port 15075] INFO  ipc.Server (Server.java:run(1474)) - Starting Socket Reader #4 for port 15075
2025-10-17 11:01:18,727 [Socket Reader #5 for port 15075] INFO  ipc.Server (Server.java:run(1474)) - Starting Socket Reader #5 for port 15075
2025-10-17 11:01:18,727 [Socket Reader #6 for port 15075] INFO  ipc.Server (Server.java:run(1474)) - Starting Socket Reader #6 for port 15075
2025-10-17 11:01:18,727 [Socket Reader #7 for port 15075] INFO  ipc.Server (Server.java:run(1474)) - Starting Socket Reader #7 for port 15075
2025-10-17 11:01:18,727 [Socket Reader #8 for port 15075] INFO  ipc.Server (Server.java:run(1474)) - Starting Socket Reader #8 for port 15075
2025-10-17 11:01:18,728 [Socket Reader #9 for port 15075] INFO  ipc.Server (Server.java:run(1474)) - Starting Socket Reader #9 for port 15075
2025-10-17 11:01:18,728 [Socket Reader #10 for port 15075] INFO  ipc.Server (Server.java:run(1474)) - Starting Socket Reader #10 for port 15075
2025-10-17 11:01:18,729 [ForkJoinPool-1-worker-1] INFO  ozone.HddsDatanodeService (HddsDatanodeService.java:start(333)) - Datanode start with admins: [admin, runner]
2025-10-17 11:01:18,729 [ForkJoinPool-1-worker-1] INFO  ozone.HddsDatanodeClientProtocolServer (HddsDatanodeClientProtocolServer.java:start(76)) - RPC server for Client /0.0.0.0:15075
2025-10-17 11:01:18,730 [IPC Server Responder] INFO  ipc.Server (Server.java:run(1713)) - IPC Server Responder: starting
2025-10-17 11:01:18,730 [IPC Server listener on 15075] INFO  ipc.Server (Server.java:run(1553)) - IPC Server listener on 15075: starting
2025-10-17 11:01:18,731 [ForkJoinPool-1-worker-1] WARN  dropwizard3.Dm3MetricRegistriesImpl (Dm3MetricRegistriesImpl.java:addReporterRegistration(114)) - New reporters are added after registries were created. Some metrics will be missing from the reporter. Please add reporter before adding any new registry.
2025-10-17 11:01:18,731 [ForkJoinPool-1-worker-1] WARN  dropwizard3.Dm3MetricRegistriesImpl (Dm3MetricRegistriesImpl.java:addReporterRegistration(114)) - New reporters are added after registries were created. Some metrics will be missing from the reporter. Please add reporter before adding any new registry.
2025-10-17 11:01:18,735 | INFO  | SCMAudit | user=runner | ip=127.0.0.1 | op=SEND_HEARTBEAT {"datanodeUUID":"b292b6be-9482-4c30-a3e0-c9f721931b72","term":"2","command":"[commandType: createPipelineCommand createPipelineCommandProto { pipelineID { id: \"7ec4e0b4-59a0-41ec-9ce6-be6a807861e4\" uuid128 { mostSigBits: 9134673009416618476 leastSigBits: -7140810794518158876 } } type: RATIS factor: ONE datanode { uuid: \"b292b6be-9482-4c30-a3e0-c9f721931b72\" ipAddress: \"127.0.0.1\" hostName: \"localhost\" ports { name: \"HTTP\" value: 15026 } ports { name: \"CLIENT_RPC\" value: 15027 } ports { name: \"REPLICATION\" value: 15033 } ports { name: \"RATIS\" value: 15029 } ports { name: \"RATIS_ADMIN\" value: 15030 } ports { name: \"RATIS_SERVER\" value: 15031 } ports { name: \"RATIS_DATASTREAM\" value: 15032 } ports { name: \"STANDALONE\" value: 15028 } networkName: \"b292b6be-9482-4c30-a3e0-c9f721931b72\" networkLocation: \"/default-rack\" persistedOpState: IN_SERVICE persistedOpStateExpiry: 0 currentVersion: 2 uuid128 { mostSigBits: -5579196058707014608 leastSigBits: -6638083787486717070 } level: 3 id { uuid { mostSigBits: -5579196058707014608 leastSigBits: -6638083787486717070 } } } cmdId: 1760698877833 priority: 1 } term: 2 encodedToken: \"\" deadlineMsSinceEpoch: 0, commandType: createPipelineCommand createPipelineCommandProto { pipelineID { id: \"ae51cc73-aed0-4fa1-9a76-f894a97e0367\" uuid128 { mostSigBits: -5885698440770334815 leastSigBits: -7316387227234335897 } } type: RATIS factor: THREE datanode { uuid: \"b292b6be-9482-4c30-a3e0-c9f721931b72\" ipAddress: \"127.0.0.1\" hostName: \"localhost\" ports { name: \"HTTP\" value: 15026 } ports { name: \"CLIENT_RPC\" value: 15027 } ports { name: \"REPLICATION\" value: 15033 } ports { name: \"RATIS\" value: 15029 } ports { name: \"RATIS_ADMIN\" value: 15030 } ports { name: \"RATIS_SERVER\" value: 15031 } ports { name: \"RATIS_DATASTREAM\" value: 15032 } ports { name: \"STANDALONE\" value: 15028 } networkName: \"b292b6be-9482-4c30-a3e0-c9f721931b72\" networkLocation: \"/default-rack\" persistedOpState: IN_SERVICE persistedOpStateExpiry: 0 currentVersion: 2 uuid128 { mostSigBits: -5579196058707014608 leastSigBits: -6638083787486717070 } level: 3 id { uuid { mostSigBits: -5579196058707014608 leastSigBits: -6638083787486717070 } } } datanode { uuid: \"309ab1ff-9f5a-4058-8b2f-94d451ce5267\" ipAddress: \"127.0.0.1\" hostName: \"localhost\" ports { name: \"HTTP\" value: 15010 } ports { name: \"CLIENT_RPC\" value: 15011 } ports { name: \"REPLICATION\" value: 15017 } ports { name: \"RATIS\" value: 15013 } ports { name: \"RATIS_ADMIN\" value: 15014 } ports { name: \"RATIS_SERVER\" value: 15015 } ports { name: \"RATIS_DATASTREAM\" value: 15016 } ports { name: \"STANDALONE\" value: 15012 } networkName: \"309ab1ff-9f5a-4058-8b2f-94d451ce5267\" networkLocation: \"/default-rack\" persistedOpState: IN_SERVICE persistedOpStateExpiry: 0 currentVersion: 2 uuid128 { mostSigBits: 3502307371682250840 leastSigBits: -8417345538905714073 } level: 3 id { uuid { mostSigBits: 3502307371682250840 leastSigBits: -8417345538905714073 } } } datanode { uuid: \"99c47355-c013-4450-a734-aff6d3c99677\" ipAddress: \"127.0.0.1\" hostName: \"localhost\" ports { name: \"HTTP\" value: 15018 } ports { name: \"CLIENT_RPC\" value: 15019 } ports { name: \"REPLICATION\" value: 15025 } ports { name: \"RATIS\" value: 15021 } ports { name: \"RATIS_ADMIN\" value: 15022 } ports { name: \"RATIS_SERVER\" value: 15023 } ports { name: \"RATIS_DATASTREAM\" value: 15024 } ports { name: \"STANDALONE\" value: 15020 } networkName: \"99c47355-c013-4450-a734-aff6d3c99677\" networkLocation: \"/default-rack\" persistedOpState: IN_SERVICE persistedOpStateExpiry: 0 currentVersion: 2 uuid128 { mostSigBits: -7366636278339386288 leastSigBits: -6398295695936612745 } level: 3 id { uuid { mostSigBits: -7366636278339386288 leastSigBits: -6398295695936612745 } } } cmdId: 1760698877834 priority: 0 priority: 1 priority: 0 } term: 2 encodedToken: \"\" deadlineMsSinceEpoch: 0, commandType: createPipelineCommand createPipelineCommandProto { pipelineID { id: \"72e95c79-0fe3-4346-a9e3-bd423c7185ab\" uuid128 { mostSigBits: 8280251064924717894 leastSigBits: -6204907769406847573 } } type: RATIS factor: THREE datanode { uuid: \"99c47355-c013-4450-a734-aff6d3c99677\" ipAddress: \"127.0.0.1\" hostName: \"localhost\" ports { name: \"HTTP\" value: 15018 } ports { name: \"CLIENT_RPC\" value: 15019 } ports { name: \"REPLICATION\" value: 15025 } ports { name: \"RATIS\" value: 15021 } ports { name: \"RATIS_ADMIN\" value: 15022 } ports { name: \"RATIS_SERVER\" value: 15023 } ports { name: \"RATIS_DATASTREAM\" value: 15024 } ports { name: \"STANDALONE\" value: 15020 } networkName: \"99c47355-c013-4450-a734-aff6d3c99677\" networkLocation: \"/default-rack\" persistedOpState: IN_SERVICE persistedOpStateExpiry: 0 currentVersion: 2 uuid128 { mostSigBits: -7366636278339386288 leastSigBits: -6398295695936612745 } level: 3 id { uuid { mostSigBits: -7366636278339386288 leastSigBits: -6398295695936612745 } } } datanode { uuid: \"b292b6be-9482-4c30-a3e0-c9f721931b72\" ipAddress: \"127.0.0.1\" hostName: \"localhost\" ports { name: \"HTTP\" value: 15026 } ports { name: \"CLIENT_RPC\" value: 15027 } ports { name: \"REPLICATION\" value: 15033 } ports { name: \"RATIS\" value: 15029 } ports { name: \"RATIS_ADMIN\" value: 15030 } ports { name: \"RATIS_SERVER\" value: 15031 } ports { name: \"RATIS_DATASTREAM\" value: 15032 } ports { name: \"STANDALONE\" value: 15028 } networkName: \"b292b6be-9482-4c30-a3e0-c9f721931b72\" networkLocation: \"/default-rack\" persistedOpState: IN_SERVICE persistedOpStateExpiry: 0 currentVersion: 2 uuid128 { mostSigBits: -5579196058707014608 leastSigBits: -6638083787486717070 } level: 3 id { uuid { mostSigBits: -5579196058707014608 leastSigBits: -6638083787486717070 } } } datanode { uuid: \"309ab1ff-9f5a-4058-8b2f-94d451ce5267\" ipAddress: \"127.0.0.1\" hostName: \"localhost\" ports { name: \"HTTP\" value: 15010 } ports { name: \"CLIENT_RPC\" value: 15011 } ports { name: \"REPLICATION\" value: 15017 } ports { name: \"RATIS\" value: 15013 } ports { name: \"RATIS_ADMIN\" value: 15014 } ports { name: \"RATIS_SERVER\" value: 15015 } ports { name: \"RATIS_DATASTREAM\" value: 15016 } ports { name: \"STANDALONE\" value: 15012 } networkName: \"309ab1ff-9f5a-4058-8b2f-94d451ce5267\" networkLocation: \"/default-rack\" persistedOpState: IN_SERVICE persistedOpStateExpiry: 0 currentVersion: 2 uuid128 { mostSigBits: 3502307371682250840 leastSigBits: -8417345538905714073 } level: 3 id { uuid { mostSigBits: 3502307371682250840 leastSigBits: -8417345538905714073 } } } cmdId: 1760698877835 priority: 0 priority: 1 priority: 0 } term: 2 encodedToken: \"\" deadlineMsSinceEpoch: 0]"} | ret=SUCCESS |  
2025-10-17 11:01:18,736 [IPC Server handler 2 on default port 15002] INFO  net.NetworkTopologyImpl (NetworkTopologyImpl.java:add(133)) - Added a new node: /default-rack/b1eee25a-1fdf-4744-83c7-58e0513fce3b
2025-10-17 11:01:18,737 [IPC Server handler 2 on default port 15002] INFO  node.SCMNodeManager (SCMNodeManager.java:register(423)) - Registered datanode: b1eee25a-1fdf-4744-83c7-58e0513fce3b{ip: 127.0.0.1, host: localhost, ports: [HTTP=15042, CLIENT_RPC=15043, REPLICATION=15049, RATIS=15045, RATIS_ADMIN=15046, RATIS_SERVER=15047, RATIS_DATASTREAM=15048, STANDALONE=15044], networkLocation: /default-rack, certSerialId: null, persistedOpState: null, persistedOpStateExpiryEpochSec: 0}
2025-10-17 11:01:18,737 [EventQueue-NewNodeForNewNodeHandler] INFO  pipeline.BackgroundPipelineCreator (BackgroundPipelineCreator.java:notifyEventTriggered(290)) - trigger a one-shot run on RatisPipelineUtilsThread.
2025-10-17 11:01:18,737 [EventQueue-ContainerRegistrationReportForRatisContainerSafeModeRule] INFO  safemode.SCMSafeModeManager (SCMSafeModeManager.java:validateSafeModeExitRules(138)) - RatisContainerSafeModeRule rule is successfully validated
2025-10-17 11:01:18,737 [EventQueue-NodeRegistrationContainerReportForDataNodeSafeModeRule] INFO  safemode.SCMSafeModeManager (SCMSafeModeManager.java:validateSafeModeExitRules(138)) - DataNodeSafeModeRule rule is successfully validated
2025-10-17 11:01:18,737 [EventQueue-ContainerRegistrationReportForECContainerSafeModeRule] INFO  safemode.SCMSafeModeManager (SCMSafeModeManager.java:validateSafeModeExitRules(138)) - ECContainerSafeModeRule rule is successfully validated
2025-10-17 11:01:18,738 | INFO  | SCMAudit | user=runner | ip=127.0.0.1 | op=REGISTER {"datanodeDetails":"b1eee25a-1fdf-4744-83c7-58e0513fce3b(localhost/127.0.0.1)"} | ret=SUCCESS |  
2025-10-17 11:01:18,738 [EventQueue-PipelineReportForOneReplicaPipelineSafeModeRule] INFO  safemode.SCMSafeModeManager (SCMSafeModeManager.java:validateSafeModeExitRules(138)) - OneReplicaPipelineSafeModeRule rule is successfully validated
2025-10-17 11:01:18,739 [ed6e9581-5875-4278-a8db-50829892434b-DatanodeStateMachineDaemonThread] INFO  statemachine.DatanodeStateMachine (DatanodeStateMachine.java:startStateMachineThread(363)) - Ozone container server started.
2025-10-17 11:01:18,740 [RatisPipelineUtilsThread-0] INFO  pipeline.RatisPipelineProvider (RatisPipelineProvider.java:lambda$create$0(208)) - Sending CreatePipelineCommand for pipeline:Pipeline-2fcb5946-037c-4155-89ee-0f2049393845 to datanode:b1eee25a-1fdf-4744-83c7-58e0513fce3b(localhost/127.0.0.1)
2025-10-17 11:01:18,746 [069dddce-46ee-48e8-8453-914416002559@group-1FFA6967D237-StateMachineUpdater] INFO  safemode.SCMSafeModeManager (SCMSafeModeManager.java:validateSafeModeExitRules(138)) - DataNodeSafeModeRule rule is successfully validated
2025-10-17 11:01:18,746 [069dddce-46ee-48e8-8453-914416002559@group-1FFA6967D237-StateMachineUpdater] INFO  safemode.SCMSafeModeManager (SCMSafeModeManager.java:validateSafeModeExitRules(138)) - RatisContainerSafeModeRule rule is successfully validated
2025-10-17 11:01:18,746 [069dddce-46ee-48e8-8453-914416002559@group-1FFA6967D237-StateMachineUpdater] INFO  safemode.HealthyPipelineSafeModeRule (HealthyPipelineSafeModeRule.java:initializeRule(226)) - Refreshed total pipeline count is 0, healthy pipeline threshold count is 1
2025-10-17 11:01:18,746 [ed6e9581-5875-4278-a8db-50829892434b-DatanodeStateMachineTaskThread-0] INFO  datanode.InitDatanodeState (InitDatanodeState.java:persistContainerDatanodeDetails(139)) - DatanodeDetails is persisted to /home/runner/work/ozone/ozone/hadoop-ozone/integration-test/target/test-dir/MiniOzoneClusterImpl-d1ffa5d3-3301-45c3-9f44-1ffa6967d237/ozone-metadata/datanode-9/ozone-metadata/datanode.id
2025-10-17 11:01:18,747 [069dddce-46ee-48e8-8453-914416002559@group-1FFA6967D237-StateMachineUpdater] INFO  safemode.SCMSafeModeManager (SCMSafeModeManager.java:validateSafeModeExitRules(138)) - OneReplicaPipelineSafeModeRule rule is successfully validated
2025-10-17 11:01:18,747 [069dddce-46ee-48e8-8453-914416002559@group-1FFA6967D237-StateMachineUpdater] INFO  safemode.SCMSafeModeManager (SCMSafeModeManager.java:validateSafeModeExitRules(138)) - ECContainerSafeModeRule rule is successfully validated
2025-10-17 11:01:18,748 [RatisPipelineUtilsThread-0] INFO  pipeline.BackgroundPipelineCreator (BackgroundPipelineCreator.java:createPipelines(246)) - Created new pipeline Pipeline{ Id: 2fcb5946-037c-4155-89ee-0f2049393845, Nodes: [ {b1eee25a-1fdf-4744-83c7-58e0513fce3b(localhost/127.0.0.1), ReplicaIndex: 0},], ReplicationConfig: RATIS/ONE, State:ALLOCATED, leaderId:, CreationTimestamp2025-10-17T11:01:18.740574843Z[Etc/UTC]}
2025-10-17 11:01:18,754 [ForkJoinPool-1-worker-1] INFO  protocol.DatanodeDetails (DatanodeDetails.java:validateDatanodeIpAddress(199)) - Updating IP address of datanode 28c08cd4-c049-4c66-8210-e254cf68b291(localhost/null) to 127.0.0.1
2025-10-17 11:01:18,754 [ForkJoinPool-1-worker-1] INFO  ozone.HddsDatanodeService (HddsDatanodeService.java:start(236)) - HddsDatanodeService 28c08cd4-c049-4c66-8210-e254cf68b291(localhost/127.0.0.1)
2025-10-17 11:01:18,756 [ForkJoinPool-1-worker-1] INFO  upgrade.AbstractLayoutVersionManager (AbstractLayoutVersionManager.java:init(80)) - Initializing Layout version manager with metadata layout = WITNESSED_CONTAINER_DB_PROTO_VALUE (version = 9), software layout = WITNESSED_CONTAINER_DB_PROTO_VALUE (version = 9)
2025-10-17 11:01:18,757 [ForkJoinPool-1-worker-1] INFO  statemachine.DatanodeStateMachine (DatanodeStateMachine.java:getEndPointTaskThreadPoolSize(321)) - Datanode State Machine Task Thread Pool size 2
2025-10-17 11:01:18,760 [ForkJoinPool-1-worker-1] INFO  volume.HddsVolume (HddsVolume.java:<init>(162)) - HddsVolume: { id=DS-ce9cdbe3-6593-4d2a-a3bd-d2e2a1a4c369 dir=/home/runner/work/ozone/ozone/hadoop-ozone/integration-test/target/test-dir/MiniOzoneClusterImpl-d1ffa5d3-3301-45c3-9f44-1ffa6967d237/ozone-metadata/datanode-10/data-0/hdds type=DISK capacity=9222449699674390527 used=0 available=9222449699674390527 minFree=184448985434423296 committed=0 }
2025-10-17 11:01:18,760 [ForkJoinPool-1-worker-1] INFO  volume.MutableVolumeSet (MutableVolumeSet.java:initializeVolumeSet(175)) - Added Volume : /home/runner/work/ozone/ozone/hadoop-ozone/integration-test/target/test-dir/MiniOzoneClusterImpl-d1ffa5d3-3301-45c3-9f44-1ffa6967d237/ozone-metadata/datanode-10/data-0/hdds to VolumeSet
2025-10-17 11:01:18,761 [ForkJoinPool-1-worker-1] INFO  volume.MutableVolumeSet (MutableVolumeSet.java:initializeVolumeSet(175)) - Added Volume : /home/runner/work/ozone/ozone/hadoop-ozone/integration-test/target/test-dir/MiniOzoneClusterImpl-d1ffa5d3-3301-45c3-9f44-1ffa6967d237/ozone-metadata/datanode-10/ratis to VolumeSet
2025-10-17 11:01:18,761 [ForkJoinPool-1-worker-1] INFO  ozoneimpl.OzoneContainer (HddsVolumeUtil.java:loadAllHddsVolumeDbStore(102)) - Load 1 volumes DbStore cost: 0ms
2025-10-17 11:01:18,762 [ForkJoinPool-1-worker-1] WARN  db.DBStoreBuilder (DBStoreBuilder.java:getDBDirPath(157)) - ozone.scm.datanode.id.dir is not configured. We recommend adding this setting. Falling back to ozone.metadata.dirs instead.
2025-10-17 11:01:18,763 [ForkJoinPool-1-worker-1] WARN  db.DBStoreBuilder (DBStoreBuilder.java:getDBDirPath(157)) - ozone.scm.datanode.id.dir is not configured. We recommend adding this setting. Falling back to ozone.metadata.dirs instead.
2025-10-17 11:01:18,772 [ForkJoinPool-1-worker-1] INFO  impl.FilePerChunkStrategy (FilePerChunkStrategy.java:<init>(79)) - ozone.chunk.read.mapped.buffer.max.count is load with 0
2025-10-17 11:01:18,772 [ForkJoinPool-1-worker-1] INFO  impl.FilePerBlockStrategy (FilePerBlockStrategy.java:<init>(88)) - ozone.chunk.read.mapped.buffer.max.count is load with 0
2025-10-17 11:01:18,773 [ForkJoinPool-1-worker-1] INFO  server.RaftServerConfigKeys (ConfUtils.java:logGet(62)) - raft.server.log.appender.buffer.byte-limit = 33554432 (custom)
2025-10-17 11:01:18,774 [ForkJoinPool-1-worker-1] INFO  grpc.GrpcConfigKeys (ConfUtils.java:logFallback(69)) - raft.grpc.admin.host = null (fallback to raft.grpc.server.host)
2025-10-17 11:01:18,774 [ForkJoinPool-1-worker-1] INFO  grpc.GrpcConfigKeys (ConfUtils.java:logGet(62)) - raft.grpc.admin.port = 15086 (custom)
2025-10-17 11:01:18,774 [ForkJoinPool-1-worker-1] INFO  grpc.GrpcConfigKeys (ConfUtils.java:logFallback(69)) - raft.grpc.client.host = null (fallback to raft.grpc.server.host)
2025-10-17 11:01:18,775 [ForkJoinPool-1-worker-1] INFO  grpc.GrpcConfigKeys (ConfUtils.java:logGet(62)) - raft.grpc.client.port = 15085 (custom)
2025-10-17 11:01:18,775 [ForkJoinPool-1-worker-1] INFO  grpc.GrpcConfigKeys (ConfUtils.java:logGet(62)) - raft.grpc.server.port = 15087 (custom)
2025-10-17 11:01:18,775 [ForkJoinPool-1-worker-1] INFO  server.GrpcServicesImpl (ConfUtils.java:logGet(62)) - raft.grpc.message.size.max = 34603008 (custom)
2025-10-17 11:01:18,775 [ForkJoinPool-1-worker-1] INFO  server.GrpcServicesImpl (ConfUtils.java:logGet(62)) - raft.grpc.flow.control.window = 5MB (=5242880) (custom)
2025-10-17 11:01:18,775 [ForkJoinPool-1-worker-1] INFO  server.RaftServerConfigKeys (ConfUtils.java:logGet(62)) - raft.server.log.appender.buffer.byte-limit = 33554432 (custom)
2025-10-17 11:01:18,777 [ForkJoinPool-1-worker-1] INFO  netty.NettyUtils (NettyUtils.java:newEventLoopGroup(74)) - Create EpollEventLoopGroup for 28c08cd4-c049-4c66-8210-e254cf68b291-NettyServerStreamRpc-bossGroup; Thread size is 0.
2025-10-17 11:01:18,778 [ForkJoinPool-1-worker-1] INFO  netty.NettyUtils (NettyUtils.java:newEventLoopGroup(74)) - Create EpollEventLoopGroup for 28c08cd4-c049-4c66-8210-e254cf68b291-NettyServerStreamRpc-workerGroup; Thread size is 0.
2025-10-17 11:01:18,778 [ForkJoinPool-1-worker-1] INFO  netty.NettyConfigKeys$DataStream (ConfUtils.java:logGet(62)) - raft.netty.dataStream.port = 15088 (custom)
2025-10-17 11:01:18,779 [ForkJoinPool-1-worker-1] INFO  server.RaftServerConfigKeys (ConfUtils.java:logGet(62)) - raft.server.storage.dir = [/home/runner/work/ozone/ozone/hadoop-ozone/integration-test/target/test-dir/MiniOzoneClusterImpl-d1ffa5d3-3301-45c3-9f44-1ffa6967d237/ozone-metadata/datanode-10/ratis] (custom)
2025-10-17 11:01:18,779 [28c08cd4-c049-4c66-8210-e254cf68b291-NettyServerStreamRpc-bossGroup--thread1] INFO  logging.LoggingHandler (AbstractInternalLogger.java:log(148)) - [id: 0xb07ef0ee] REGISTERED
2025-10-17 11:01:18,779 [28c08cd4-c049-4c66-8210-e254cf68b291-impl-thread1] INFO  server.RaftServer (RaftServerProxy.java:initGroupDir(270)) - 28c08cd4-c049-4c66-8210-e254cf68b291: found a subdirectory /home/runner/work/ozone/ozone/hadoop-ozone/integration-test/target/test-dir/MiniOzoneClusterImpl-d1ffa5d3-3301-45c3-9f44-1ffa6967d237/ozone-metadata/datanode-10/ratis/tmp
2025-10-17 11:01:18,779 [28c08cd4-c049-4c66-8210-e254cf68b291-impl-thread1] INFO  server.RaftServer (RaftServerProxy.java:initGroupDir(275)) - 28c08cd4-c049-4c66-8210-e254cf68b291: The directory /home/runner/work/ozone/ozone/hadoop-ozone/integration-test/target/test-dir/MiniOzoneClusterImpl-d1ffa5d3-3301-45c3-9f44-1ffa6967d237/ozone-metadata/datanode-10/ratis/tmp is not a group directory; ignoring it. 
2025-10-17 11:01:18,779 [28c08cd4-c049-4c66-8210-e254cf68b291-NettyServerStreamRpc-bossGroup--thread1] INFO  logging.LoggingHandler (AbstractInternalLogger.java:log(148)) - [id: 0xb07ef0ee] BIND: 0.0.0.0/0.0.0.0:15088
2025-10-17 11:01:18,780 [28c08cd4-c049-4c66-8210-e254cf68b291-NettyServerStreamRpc-bossGroup--thread1] INFO  logging.LoggingHandler (AbstractInternalLogger.java:log(148)) - [id: 0xb07ef0ee, L:/0.0.0.0:15088] ACTIVE
2025-10-17 11:01:18,780 [ForkJoinPool-1-worker-1] INFO  replication.ReplicationServer (ReplicationServer.java:<init>(84)) - Initializing replication server with thread count = 10 queue length = 4096
2025-10-17 11:01:18,781 [ForkJoinPool-1-worker-1] INFO  server.XceiverServerGrpc (XceiverServerGrpc.java:<init>(129)) - GrpcServer channel type EpollServerSocketChannel
2025-10-17 11:01:18,782 [ForkJoinPool-1-worker-1] INFO  replication.ReplicationSupervisor (ReplicationSupervisor.java:build(169)) - Initializing replication supervisor with thread count = 10
2025-10-17 11:01:18,783 [ForkJoinPool-1-worker-1] INFO  replication.ReplicationSupervisor (ReplicationSupervisor.java:nodeStateUpdated(358)) - Node state updated to IN_SERVICE, scaling executor pool size to 10
2025-10-17 11:01:18,786 [ForkJoinPool-1-worker-1] INFO  http.BaseHttpServer (BaseHttpServer.java:newHttpServer2BuilderForOzone(227)) - Starting Web-server for hddsDatanode at: http://0.0.0.0:15082
2025-10-17 11:01:18,786 [ForkJoinPool-1-worker-1] INFO  http.BaseHttpServer (BaseHttpServer.java:<init>(105)) - Hadoop Security Enabled: false Ozone Security Enabled: false Ozone HTTP Security Enabled: false 
2025-10-17 11:01:18,787 [ForkJoinPool-1-worker-1] WARN  server.AuthenticationFilter (AuthenticationFilter.java:constructSecretProvider(240)) - Unable to initialize FileSignerSecretProvider, falling back to use random secrets. Reason: Could not read signature secret file: /home/runner/hadoop-http-auth-signature-secret
2025-10-17 11:01:18,790 [ForkJoinPool-1-worker-1] INFO  http.HttpServer2 (HttpServer2.java:addGlobalFilter(1040)) - Added global filter 'safety' (class=org.apache.hadoop.hdds.server.http.HttpServer2$QuotingInputFilter)
2025-10-17 11:01:18,791 | INFO  | SCMAudit | user=runner | ip=127.0.0.1 | op=GET_VERSION {} | ret=SUCCESS |  
2025-10-17 11:01:18,792 [ForkJoinPool-1-worker-1] INFO  http.HttpServer2 (HttpServer2.java:addFilter(1016)) - Added filter static_user_filter (class=org.apache.hadoop.http.lib.StaticUserWebFilter$StaticUserFilter) to context hddsDatanode
2025-10-17 11:01:18,792 [ForkJoinPool-1-worker-1] INFO  http.HttpServer2 (HttpServer2.java:addFilter(1024)) - Added filter static_user_filter (class=org.apache.hadoop.http.lib.StaticUserWebFilter$StaticUserFilter) to context logs
2025-10-17 11:01:18,792 [ForkJoinPool-1-worker-1] INFO  http.HttpServer2 (HttpServer2.java:addFilter(1024)) - Added filter static_user_filter (class=org.apache.hadoop.http.lib.StaticUserWebFilter$StaticUserFilter) to context static
2025-10-17 11:01:18,793 [ForkJoinPool-1-worker-1] INFO  http.BaseHttpServer (BaseHttpServer.java:<init>(193)) - HTTP server of hddsDatanode uses base directory /home/runner/work/ozone/ozone/hadoop-ozone/integration-test/target/test-dir/MiniOzoneClusterImpl-d1ffa5d3-3301-45c3-9f44-1ffa6967d237/scm/ozone-metadata/webserver
2025-10-17 11:01:18,793 [ForkJoinPool-1-worker-1] INFO  http.HttpServer2 (HttpServer2.java:bindListener(1240)) - Jetty bound to port 15082
2025-10-17 11:01:18,793 [ForkJoinPool-1-worker-1] INFO  server.Server (Server.java:doStart(375)) - jetty-9.4.58.v20250814; built: 2025-08-14T02:28:49.637Z; git: 8f1440587e9e4ae7db3d74cf205643f3d707148d; jvm 21.0.8+9-LTS
2025-10-17 11:01:18,797 [ForkJoinPool-1-worker-1] INFO  server.session (DefaultSessionIdManager.java:doStart(334)) - DefaultSessionIdManager workerName=node0
2025-10-17 11:01:18,797 [ForkJoinPool-1-worker-1] INFO  server.session (DefaultSessionIdManager.java:doStart(339)) - No SessionScavenger set, using defaults
2025-10-17 11:01:18,797 [ForkJoinPool-1-worker-1] INFO  server.session (HouseKeeper.java:startScavenging(132)) - node0 Scavenging every 600000ms
2025-10-17 11:01:18,798 [ForkJoinPool-1-worker-1] INFO  handler.ContextHandler (ContextHandler.java:doStart(921)) - Started o.e.j.s.ServletContextHandler@6822be70{logs,/logs,file:///home/runner/work/ozone/ozone/hadoop-ozone/integration-test/target/log,AVAILABLE}
2025-10-17 11:01:18,798 [ForkJoinPool-1-worker-1] INFO  handler.ContextHandler (ContextHandler.java:doStart(921)) - Started o.e.j.s.ServletContextHandler@3a9b5500{static,/static,jar:file:/home/runner/work/ozone/ozone/hadoop-hdds/container-service/target/hdds-container-service-2.1.0-SNAPSHOT.jar!/webapps/static,AVAILABLE}
2025-10-17 11:01:18,826 [50dccd39-549f-4f43-8b1f-597bf98f9c16-EndpointStateMachineTaskThread-/0.0.0.0:15002-0 ] INFO  utils.DatanodeStoreCache (DatanodeStoreCache.java:addDB(70)) - Added db /home/runner/work/ozone/ozone/hadoop-ozone/integration-test/target/test-dir/MiniOzoneClusterImpl-d1ffa5d3-3301-45c3-9f44-1ffa6967d237/ozone-metadata/datanode-7/data-0/hdds/d1ffa5d3-3301-45c3-9f44-1ffa6967d237/DS-38d8249f-bdab-4888-99f1-31759570b675/container.db to cache
2025-10-17 11:01:18,826 [50dccd39-549f-4f43-8b1f-597bf98f9c16-EndpointStateMachineTaskThread-/0.0.0.0:15002-0 ] INFO  volume.HddsVolume (HddsVolume.java:createDbStore(576)) - SchemaV3 db is created and loaded at /home/runner/work/ozone/ozone/hadoop-ozone/integration-test/target/test-dir/MiniOzoneClusterImpl-d1ffa5d3-3301-45c3-9f44-1ffa6967d237/ozone-metadata/datanode-7/data-0/hdds/d1ffa5d3-3301-45c3-9f44-1ffa6967d237/DS-38d8249f-bdab-4888-99f1-31759570b675/container.db for volume DS-38d8249f-bdab-4888-99f1-31759570b675
2025-10-17 11:01:18,828 [50dccd39-549f-4f43-8b1f-597bf98f9c16-ContainerReader-0] INFO  ozoneimpl.ContainerReader (ContainerReader.java:readVolume(147)) - Start to verify containers on volume /home/runner/work/ozone/ozone/hadoop-ozone/integration-test/target/test-dir/MiniOzoneClusterImpl-d1ffa5d3-3301-45c3-9f44-1ffa6967d237/ozone-metadata/datanode-7/data-0/hdds
2025-10-17 11:01:18,828 [50dccd39-549f-4f43-8b1f-597bf98f9c16-ContainerReader-0] INFO  ozoneimpl.ContainerReader (ContainerReader.java:readVolume(177)) - Finish verifying containers on volume /home/runner/work/ozone/ozone/hadoop-ozone/integration-test/target/test-dir/MiniOzoneClusterImpl-d1ffa5d3-3301-45c3-9f44-1ffa6967d237/ozone-metadata/datanode-7/data-0/hdds
2025-10-17 11:01:18,829 [50dccd39-549f-4f43-8b1f-597bf98f9c16-EndpointStateMachineTaskThread-/0.0.0.0:15002-0 ] INFO  ozoneimpl.OzoneContainer (OzoneContainer.java:buildContainerSet(359)) - Build ContainerSet costs 0s
2025-10-17 11:01:18,829 [50dccd39-549f-4f43-8b1f-597bf98f9c16-EndpointStateMachineTaskThread-/0.0.0.0:15002-0 ] INFO  volume.ThrottledAsyncChecker (ThrottledAsyncChecker.java:schedule(138)) - Scheduling a check for /home/runner/work/ozone/ozone/hadoop-ozone/integration-test/target/test-dir/MiniOzoneClusterImpl-d1ffa5d3-3301-45c3-9f44-1ffa6967d237/ozone-metadata/datanode-7/data-0/hdds
2025-10-17 11:01:18,829 [50dccd39-549f-4f43-8b1f-597bf98f9c16-EndpointStateMachineTaskThread-/0.0.0.0:15002-0 ] INFO  volume.StorageVolumeChecker (StorageVolumeChecker.java:checkAllVolumes(231)) - Scheduled health check for volume /home/runner/work/ozone/ozone/hadoop-ozone/integration-test/target/test-dir/MiniOzoneClusterImpl-d1ffa5d3-3301-45c3-9f44-1ffa6967d237/ozone-metadata/datanode-7/data-0/hdds
2025-10-17 11:01:18,832 [50dccd39-549f-4f43-8b1f-597bf98f9c16-EndpointStateMachineTaskThread-/0.0.0.0:15002-0 ] INFO  volume.ThrottledAsyncChecker (ThrottledAsyncChecker.java:schedule(138)) - Scheduling a check for /home/runner/work/ozone/ozone/hadoop-ozone/integration-test/target/test-dir/MiniOzoneClusterImpl-d1ffa5d3-3301-45c3-9f44-1ffa6967d237/ozone-metadata/datanode-7/ratis
2025-10-17 11:01:18,832 [50dccd39-549f-4f43-8b1f-597bf98f9c16-EndpointStateMachineTaskThread-/0.0.0.0:15002-0 ] INFO  volume.StorageVolumeChecker (StorageVolumeChecker.java:checkAllVolumes(231)) - Scheduled health check for volume /home/runner/work/ozone/ozone/hadoop-ozone/integration-test/target/test-dir/MiniOzoneClusterImpl-d1ffa5d3-3301-45c3-9f44-1ffa6967d237/ozone-metadata/datanode-7/ratis
2025-10-17 11:01:18,834 [50dccd39-549f-4f43-8b1f-597bf98f9c16-EndpointStateMachineTaskThread-/0.0.0.0:15002-0 ] INFO  ozoneimpl.OzoneContainer (OzoneContainer.java:start(544)) - Attempting to start container services.
2025-10-17 11:01:18,834 [ContainerMetadataScanner] INFO  ozoneimpl.AbstractBackgroundContainerScanner (AbstractBackgroundContainerScanner.java:runIteration(89)) - Completed an iteration in 0 minutes. Number of iterations (since the data-node restart) : 1, Number of containers scanned in this iteration : 0, Number of unhealthy containers found in this iteration : 0
2025-10-17 11:01:18,835 [ContainerDataScanner(/home/runner/work/ozone/ozone/hadoop-ozone/integration-test/target/test-dir/MiniOzoneClusterImpl-d1ffa5d3-3301-45c3-9f44-1ffa6967d237/ozone-metadata/datanode-7/data-0/hdds)] INFO  ozoneimpl.AbstractBackgroundContainerScanner (AbstractBackgroundContainerScanner.java:runIteration(89)) - Completed an iteration in 0 minutes. Number of iterations (since the data-node restart) : 1, Number of containers scanned in this iteration : 0, Number of unhealthy containers found in this iteration : 0
2025-10-17 11:01:18,835 [50dccd39-549f-4f43-8b1f-597bf98f9c16-EndpointStateMachineTaskThread-/0.0.0.0:15002-0 ] INFO  replication.ReplicationServer (ReplicationServer.java:start(137)) - ReplicationServer is started using port 15065
2025-10-17 11:01:18,836 [50dccd39-549f-4f43-8b1f-597bf98f9c16-EndpointStateMachineTaskThread-/0.0.0.0:15002-0 ] INFO  ratis.XceiverServerRatis (XceiverServerRatis.java:start(559)) - Starting XceiverServerRatis(50dccd39-549f-4f43-8b1f-597bf98f9c16)
2025-10-17 11:01:18,836 [50dccd39-549f-4f43-8b1f-597bf98f9c16-EndpointStateMachineTaskThread-/0.0.0.0:15002-0 ] INFO  server.RaftServer (RaftServerProxy.java:startImpl(412)) - 50dccd39-549f-4f43-8b1f-597bf98f9c16: start RPC server
2025-10-17 11:01:18,837 [50dccd39-549f-4f43-8b1f-597bf98f9c16-EndpointStateMachineTaskThread-/0.0.0.0:15002-0 ] INFO  server.GrpcServicesImpl (GrpcServicesImpl.java:startImpl(346)) - 50dccd39-549f-4f43-8b1f-597bf98f9c16: GrpcServicesImpl started, listening on 15061
2025-10-17 11:01:18,837 [50dccd39-549f-4f43-8b1f-597bf98f9c16-EndpointStateMachineTaskThread-/0.0.0.0:15002-0 ] INFO  server.GrpcServicesImpl (GrpcServicesImpl.java:startImpl(346)) - 50dccd39-549f-4f43-8b1f-597bf98f9c16: GrpcServicesImpl started, listening on 15063
2025-10-17 11:01:18,838 [50dccd39-549f-4f43-8b1f-597bf98f9c16-EndpointStateMachineTaskThread-/0.0.0.0:15002-0 ] INFO  server.GrpcServicesImpl (GrpcServicesImpl.java:startImpl(346)) - 50dccd39-549f-4f43-8b1f-597bf98f9c16: GrpcServicesImpl started, listening on 15062
2025-10-17 11:01:18,838 [50dccd39-549f-4f43-8b1f-597bf98f9c16-EndpointStateMachineTaskThread-/0.0.0.0:15002-0 ] INFO  ratis.XceiverServerRatis (XceiverServerRatis.java:getRealPort(586)) - XceiverServerRatis(50dccd39-549f-4f43-8b1f-597bf98f9c16) is started using port RATIS=15061
2025-10-17 11:01:18,838 [JvmPauseMonitor9] INFO  util.JvmPauseMonitor (JvmPauseMonitor.java:run(146)) - JvmPauseMonitor-50dccd39-549f-4f43-8b1f-597bf98f9c16: Started
2025-10-17 11:01:18,838 [50dccd39-549f-4f43-8b1f-597bf98f9c16-EndpointStateMachineTaskThread-/0.0.0.0:15002-0 ] INFO  ratis.XceiverServerRatis (XceiverServerRatis.java:getRealPort(586)) - XceiverServerRatis(50dccd39-549f-4f43-8b1f-597bf98f9c16) is started using port RATIS_ADMIN=15062
2025-10-17 11:01:18,838 [50dccd39-549f-4f43-8b1f-597bf98f9c16-EndpointStateMachineTaskThread-/0.0.0.0:15002-0 ] INFO  ratis.XceiverServerRatis (XceiverServerRatis.java:getRealPort(586)) - XceiverServerRatis(50dccd39-549f-4f43-8b1f-597bf98f9c16) is started using port RATIS_SERVER=15063
2025-10-17 11:01:18,838 [50dccd39-549f-4f43-8b1f-597bf98f9c16-EndpointStateMachineTaskThread-/0.0.0.0:15002-0 ] INFO  ratis.XceiverServerRatis (XceiverServerRatis.java:getRealPort(586)) - XceiverServerRatis(50dccd39-549f-4f43-8b1f-597bf98f9c16) is started using port RATIS_DATASTREAM=15064
2025-10-17 11:01:18,839 [50dccd39-549f-4f43-8b1f-597bf98f9c16-EndpointStateMachineTaskThread-/0.0.0.0:15002-0 ] INFO  utils.BackgroundService (BackgroundService.java:start(119)) - Starting service BlockDeletingService with interval 60000 milliseconds
2025-10-17 11:01:18,839 [50dccd39-549f-4f43-8b1f-597bf98f9c16-EndpointStateMachineTaskThread-/0.0.0.0:15002-0 ] INFO  utils.BackgroundService (BackgroundService.java:start(119)) - Starting service StaleRecoveringContainerScrubbingService with interval 60000 milliseconds
2025-10-17 11:01:18,938 [ForkJoinPool-1-worker-1] INFO  handler.ContextHandler (ContextHandler.java:doStart(921)) - Started o.e.j.w.WebAppContext@503dd37f{hddsDatanode,/,file:///home/runner/work/ozone/ozone/hadoop-ozone/integration-test/target/test-dir/MiniOzoneClusterImpl-d1ffa5d3-3301-45c3-9f44-1ffa6967d237/scm/ozone-metadata/webserver/jetty-0_0_0_0-15082-hdds-container-service-2_1_0-SNAPSHOT_jar-_-any-16642411852866841125/webapp/,AVAILABLE}{jar:file:/home/runner/work/ozone/ozone/hadoop-hdds/container-service/target/hdds-container-service-2.1.0-SNAPSHOT.jar!/webapps/hddsDatanode}
2025-10-17 11:01:18,938 [ForkJoinPool-1-worker-1] INFO  server.AbstractConnector (AbstractConnector.java:doStart(333)) - Started ServerConnector@6ee68266{HTTP/1.1, (http/1.1)}{0.0.0.0:15082}
2025-10-17 11:01:18,939 [ForkJoinPool-1-worker-1] INFO  server.Server (Server.java:doStart(415)) - Started @12466ms
2025-10-17 11:01:18,939 [ForkJoinPool-1-worker-1] WARN  impl.MetricsSystemImpl (MetricsSystemImpl.java:register(279)) - Sink prometheus already exists!
2025-10-17 11:01:18,939 [ForkJoinPool-1-worker-1] INFO  http.BaseHttpServer (BaseHttpServer.java:updateConnectorAddress(357)) - HTTP server of hddsDatanode listening at http://localhost:15082
2025-10-17 11:01:18,939 [ForkJoinPool-1-worker-1] INFO  ipc.CallQueueManager (CallQueueManager.java:<init>(93)) - Using callQueue: class java.util.concurrent.LinkedBlockingQueue, queueCapacity: 1000, scheduler: class org.apache.hadoop.ipc.DefaultRpcScheduler, ipcBackoff: false, ipcFailOver: false.
2025-10-17 11:01:18,939 [ForkJoinPool-1-worker-1] INFO  ipc.Server (Server.java:<init>(1438)) - Listener at 0.0.0.0:15083
2025-10-17 11:01:18,940 [Socket Reader #1 for port 15083] INFO  ipc.Server (Server.java:run(1474)) - Starting Socket Reader #1 for port 15083
2025-10-17 11:01:18,940 [Socket Reader #2 for port 15083] INFO  ipc.Server (Server.java:run(1474)) - Starting Socket Reader #2 for port 15083
2025-10-17 11:01:18,940 [Socket Reader #3 for port 15083] INFO  ipc.Server (Server.java:run(1474)) - Starting Socket Reader #3 for port 15083
2025-10-17 11:01:18,940 [Socket Reader #4 for port 15083] INFO  ipc.Server (Server.java:run(1474)) - Starting Socket Reader #4 for port 15083
2025-10-17 11:01:18,940 [Socket Reader #5 for port 15083] INFO  ipc.Server (Server.java:run(1474)) - Starting Socket Reader #5 for port 15083
2025-10-17 11:01:18,940 [Socket Reader #6 for port 15083] INFO  ipc.Server (Server.java:run(1474)) - Starting Socket Reader #6 for port 15083
2025-10-17 11:01:18,941 [Socket Reader #7 for port 15083] INFO  ipc.Server (Server.java:run(1474)) - Starting Socket Reader #7 for port 15083
2025-10-17 11:01:18,941 [Socket Reader #8 for port 15083] INFO  ipc.Server (Server.java:run(1474)) - Starting Socket Reader #8 for port 15083
2025-10-17 11:01:18,941 [Socket Reader #9 for port 15083] INFO  ipc.Server (Server.java:run(1474)) - Starting Socket Reader #9 for port 15083
2025-10-17 11:01:18,941 [Socket Reader #10 for port 15083] INFO  ipc.Server (Server.java:run(1474)) - Starting Socket Reader #10 for port 15083
2025-10-17 11:01:18,943 [ForkJoinPool-1-worker-1] INFO  ozone.HddsDatanodeService (HddsDatanodeService.java:start(333)) - Datanode start with admins: [admin, runner]
2025-10-17 11:01:18,943 [ForkJoinPool-1-worker-1] INFO  ozone.HddsDatanodeClientProtocolServer (HddsDatanodeClientProtocolServer.java:start(76)) - RPC server for Client /0.0.0.0:15083
2025-10-17 11:01:18,943 [IPC Server Responder] INFO  ipc.Server (Server.java:run(1713)) - IPC Server Responder: starting
2025-10-17 11:01:18,943 [IPC Server listener on 15083] INFO  ipc.Server (Server.java:run(1553)) - IPC Server listener on 15083: starting
2025-10-17 11:01:18,944 [ForkJoinPool-1-worker-1] WARN  dropwizard3.Dm3MetricRegistriesImpl (Dm3MetricRegistriesImpl.java:addReporterRegistration(114)) - New reporters are added after registries were created. Some metrics will be missing from the reporter. Please add reporter before adding any new registry.
2025-10-17 11:01:18,944 [ForkJoinPool-1-worker-1] WARN  dropwizard3.Dm3MetricRegistriesImpl (Dm3MetricRegistriesImpl.java:addReporterRegistration(114)) - New reporters are added after registries were created. Some metrics will be missing from the reporter. Please add reporter before adding any new registry.
2025-10-17 11:01:18,945 [28c08cd4-c049-4c66-8210-e254cf68b291-DatanodeStateMachineDaemonThread] INFO  statemachine.DatanodeStateMachine (DatanodeStateMachine.java:startStateMachineThread(363)) - Ozone container server started.
2025-10-17 11:01:18,948 [28c08cd4-c049-4c66-8210-e254cf68b291-DatanodeStateMachineTaskThread-0] INFO  datanode.InitDatanodeState (InitDatanodeState.java:persistContainerDatanodeDetails(139)) - DatanodeDetails is persisted to /home/runner/work/ozone/ozone/hadoop-ozone/integration-test/target/test-dir/MiniOzoneClusterImpl-d1ffa5d3-3301-45c3-9f44-1ffa6967d237/ozone-metadata/datanode-10/ozone-metadata/datanode.id
2025-10-17 11:01:18,960 [ForkJoinPool-1-worker-1] INFO  protocol.DatanodeDetails (DatanodeDetails.java:validateDatanodeIpAddress(199)) - Updating IP address of datanode 7995ae7b-77ec-4e72-809d-814459f62ee0(localhost/null) to 127.0.0.1
2025-10-17 11:01:18,960 [ForkJoinPool-1-worker-1] INFO  ozone.HddsDatanodeService (HddsDatanodeService.java:start(236)) - HddsDatanodeService 7995ae7b-77ec-4e72-809d-814459f62ee0(localhost/127.0.0.1)
2025-10-17 11:01:18,961 [ForkJoinPool-1-worker-1] INFO  upgrade.AbstractLayoutVersionManager (AbstractLayoutVersionManager.java:init(80)) - Initializing Layout version manager with metadata layout = WITNESSED_CONTAINER_DB_PROTO_VALUE (version = 9), software layout = WITNESSED_CONTAINER_DB_PROTO_VALUE (version = 9)
2025-10-17 11:01:18,962 [ForkJoinPool-1-worker-1] INFO  statemachine.DatanodeStateMachine (DatanodeStateMachine.java:getEndPointTaskThreadPoolSize(321)) - Datanode State Machine Task Thread Pool size 2
2025-10-17 11:01:18,964 [ForkJoinPool-1-worker-1] INFO  volume.HddsVolume (HddsVolume.java:<init>(162)) - HddsVolume: { id=DS-d5646fb9-2bc1-431b-9a95-a0b87e45eb10 dir=/home/runner/work/ozone/ozone/hadoop-ozone/integration-test/target/test-dir/MiniOzoneClusterImpl-d1ffa5d3-3301-45c3-9f44-1ffa6967d237/ozone-metadata/datanode-11/data-0/hdds type=DISK capacity=9222449699674390527 used=0 available=9222449699674390527 minFree=184448985434423296 committed=0 }
2025-10-17 11:01:18,964 [ForkJoinPool-1-worker-1] INFO  volume.MutableVolumeSet (MutableVolumeSet.java:initializeVolumeSet(175)) - Added Volume : /home/runner/work/ozone/ozone/hadoop-ozone/integration-test/target/test-dir/MiniOzoneClusterImpl-d1ffa5d3-3301-45c3-9f44-1ffa6967d237/ozone-metadata/datanode-11/data-0/hdds to VolumeSet
2025-10-17 11:01:18,964 [ForkJoinPool-1-worker-1] INFO  volume.MutableVolumeSet (MutableVolumeSet.java:initializeVolumeSet(175)) - Added Volume : /home/runner/work/ozone/ozone/hadoop-ozone/integration-test/target/test-dir/MiniOzoneClusterImpl-d1ffa5d3-3301-45c3-9f44-1ffa6967d237/ozone-metadata/datanode-11/ratis to VolumeSet
2025-10-17 11:01:18,965 [ForkJoinPool-1-worker-1] INFO  ozoneimpl.OzoneContainer (HddsVolumeUtil.java:loadAllHddsVolumeDbStore(102)) - Load 1 volumes DbStore cost: 0ms
2025-10-17 11:01:18,965 [ForkJoinPool-1-worker-1] WARN  db.DBStoreBuilder (DBStoreBuilder.java:getDBDirPath(157)) - ozone.scm.datanode.id.dir is not configured. We recommend adding this setting. Falling back to ozone.metadata.dirs instead.
2025-10-17 11:01:18,966 [ForkJoinPool-1-worker-1] WARN  db.DBStoreBuilder (DBStoreBuilder.java:getDBDirPath(157)) - ozone.scm.datanode.id.dir is not configured. We recommend adding this setting. Falling back to ozone.metadata.dirs instead.
2025-10-17 11:01:18,975 [ForkJoinPool-1-worker-1] INFO  impl.FilePerChunkStrategy (FilePerChunkStrategy.java:<init>(79)) - ozone.chunk.read.mapped.buffer.max.count is load with 0
2025-10-17 11:01:18,975 [ForkJoinPool-1-worker-1] INFO  impl.FilePerBlockStrategy (FilePerBlockStrategy.java:<init>(88)) - ozone.chunk.read.mapped.buffer.max.count is load with 0
2025-10-17 11:01:18,976 [ForkJoinPool-1-worker-1] INFO  server.RaftServerConfigKeys (ConfUtils.java:logGet(62)) - raft.server.log.appender.buffer.byte-limit = 33554432 (custom)
2025-10-17 11:01:18,977 [ForkJoinPool-1-worker-1] INFO  grpc.GrpcConfigKeys (ConfUtils.java:logFallback(69)) - raft.grpc.admin.host = null (fallback to raft.grpc.server.host)
2025-10-17 11:01:18,977 [ForkJoinPool-1-worker-1] INFO  grpc.GrpcConfigKeys (ConfUtils.java:logGet(62)) - raft.grpc.admin.port = 15094 (custom)
2025-10-17 11:01:18,977 [ForkJoinPool-1-worker-1] INFO  grpc.GrpcConfigKeys (ConfUtils.java:logFallback(69)) - raft.grpc.client.host = null (fallback to raft.grpc.server.host)
2025-10-17 11:01:18,977 [ForkJoinPool-1-worker-1] INFO  grpc.GrpcConfigKeys (ConfUtils.java:logGet(62)) - raft.grpc.client.port = 15093 (custom)
2025-10-17 11:01:18,977 [ForkJoinPool-1-worker-1] INFO  grpc.GrpcConfigKeys (ConfUtils.java:logGet(62)) - raft.grpc.server.port = 15095 (custom)
2025-10-17 11:01:18,977 [ForkJoinPool-1-worker-1] INFO  server.GrpcServicesImpl (ConfUtils.java:logGet(62)) - raft.grpc.message.size.max = 34603008 (custom)
2025-10-17 11:01:18,977 [ForkJoinPool-1-worker-1] INFO  server.GrpcServicesImpl (ConfUtils.java:logGet(62)) - raft.grpc.flow.control.window = 5MB (=5242880) (custom)
2025-10-17 11:01:18,977 [ForkJoinPool-1-worker-1] INFO  server.RaftServerConfigKeys (ConfUtils.java:logGet(62)) - raft.server.log.appender.buffer.byte-limit = 33554432 (custom)
2025-10-17 11:01:18,978 [ForkJoinPool-1-worker-1] INFO  netty.NettyUtils (NettyUtils.java:newEventLoopGroup(74)) - Create EpollEventLoopGroup for 7995ae7b-77ec-4e72-809d-814459f62ee0-NettyServerStreamRpc-bossGroup; Thread size is 0.
2025-10-17 11:01:18,979 [ForkJoinPool-1-worker-1] INFO  netty.NettyUtils (NettyUtils.java:newEventLoopGroup(74)) - Create EpollEventLoopGroup for 7995ae7b-77ec-4e72-809d-814459f62ee0-NettyServerStreamRpc-workerGroup; Thread size is 0.
2025-10-17 11:01:18,979 [ForkJoinPool-1-worker-1] INFO  netty.NettyConfigKeys$DataStream (ConfUtils.java:logGet(62)) - raft.netty.dataStream.port = 15096 (custom)
2025-10-17 11:01:18,980 [ForkJoinPool-1-worker-1] INFO  server.RaftServerConfigKeys (ConfUtils.java:logGet(62)) - raft.server.storage.dir = [/home/runner/work/ozone/ozone/hadoop-ozone/integration-test/target/test-dir/MiniOzoneClusterImpl-d1ffa5d3-3301-45c3-9f44-1ffa6967d237/ozone-metadata/datanode-11/ratis] (custom)
2025-10-17 11:01:18,980 [7995ae7b-77ec-4e72-809d-814459f62ee0-NettyServerStreamRpc-bossGroup--thread1] INFO  logging.LoggingHandler (AbstractInternalLogger.java:log(148)) - [id: 0xdd41f189] REGISTERED
2025-10-17 11:01:18,980 [7995ae7b-77ec-4e72-809d-814459f62ee0-NettyServerStreamRpc-bossGroup--thread1] INFO  logging.LoggingHandler (AbstractInternalLogger.java:log(148)) - [id: 0xdd41f189] BIND: 0.0.0.0/0.0.0.0:15096
2025-10-17 11:01:18,980 [7995ae7b-77ec-4e72-809d-814459f62ee0-NettyServerStreamRpc-bossGroup--thread1] INFO  logging.LoggingHandler (AbstractInternalLogger.java:log(148)) - [id: 0xdd41f189, L:/0.0.0.0:15096] ACTIVE
2025-10-17 11:01:18,980 [7995ae7b-77ec-4e72-809d-814459f62ee0-impl-thread1] INFO  server.RaftServer (RaftServerProxy.java:initGroupDir(270)) - 7995ae7b-77ec-4e72-809d-814459f62ee0: found a subdirectory /home/runner/work/ozone/ozone/hadoop-ozone/integration-test/target/test-dir/MiniOzoneClusterImpl-d1ffa5d3-3301-45c3-9f44-1ffa6967d237/ozone-metadata/datanode-11/ratis/tmp
2025-10-17 11:01:18,981 [7995ae7b-77ec-4e72-809d-814459f62ee0-impl-thread1] INFO  server.RaftServer (RaftServerProxy.java:initGroupDir(275)) - 7995ae7b-77ec-4e72-809d-814459f62ee0: The directory /home/runner/work/ozone/ozone/hadoop-ozone/integration-test/target/test-dir/MiniOzoneClusterImpl-d1ffa5d3-3301-45c3-9f44-1ffa6967d237/ozone-metadata/datanode-11/ratis/tmp is not a group directory; ignoring it. 
2025-10-17 11:01:18,981 [ForkJoinPool-1-worker-1] INFO  replication.ReplicationServer (ReplicationServer.java:<init>(84)) - Initializing replication server with thread count = 10 queue length = 4096
2025-10-17 11:01:18,982 [ForkJoinPool-1-worker-1] INFO  server.XceiverServerGrpc (XceiverServerGrpc.java:<init>(129)) - GrpcServer channel type EpollServerSocketChannel
2025-10-17 11:01:18,984 [ForkJoinPool-1-worker-1] INFO  replication.ReplicationSupervisor (ReplicationSupervisor.java:build(169)) - Initializing replication supervisor with thread count = 10
2025-10-17 11:01:18,984 [ForkJoinPool-1-worker-1] INFO  replication.ReplicationSupervisor (ReplicationSupervisor.java:nodeStateUpdated(358)) - Node state updated to IN_SERVICE, scaling executor pool size to 10
2025-10-17 11:01:18,987 [ForkJoinPool-1-worker-1] INFO  http.BaseHttpServer (BaseHttpServer.java:newHttpServer2BuilderForOzone(227)) - Starting Web-server for hddsDatanode at: http://0.0.0.0:15090
2025-10-17 11:01:18,987 [ForkJoinPool-1-worker-1] INFO  http.BaseHttpServer (BaseHttpServer.java:<init>(105)) - Hadoop Security Enabled: false Ozone Security Enabled: false Ozone HTTP Security Enabled: false 
2025-10-17 11:01:18,988 [ForkJoinPool-1-worker-1] WARN  server.AuthenticationFilter (AuthenticationFilter.java:constructSecretProvider(240)) - Unable to initialize FileSignerSecretProvider, falling back to use random secrets. Reason: Could not read signature secret file: /home/runner/hadoop-http-auth-signature-secret
2025-10-17 11:01:18,990 [ForkJoinPool-1-worker-1] INFO  http.HttpServer2 (HttpServer2.java:addGlobalFilter(1040)) - Added global filter 'safety' (class=org.apache.hadoop.hdds.server.http.HttpServer2$QuotingInputFilter)
2025-10-17 11:01:18,991 [ForkJoinPool-1-worker-1] INFO  http.HttpServer2 (HttpServer2.java:addFilter(1016)) - Added filter static_user_filter (class=org.apache.hadoop.http.lib.StaticUserWebFilter$StaticUserFilter) to context hddsDatanode
2025-10-17 11:01:18,991 [ForkJoinPool-1-worker-1] INFO  http.HttpServer2 (HttpServer2.java:addFilter(1024)) - Added filter static_user_filter (class=org.apache.hadoop.http.lib.StaticUserWebFilter$StaticUserFilter) to context static
2025-10-17 11:01:18,991 [ForkJoinPool-1-worker-1] INFO  http.HttpServer2 (HttpServer2.java:addFilter(1024)) - Added filter static_user_filter (class=org.apache.hadoop.http.lib.StaticUserWebFilter$StaticUserFilter) to context logs
2025-10-17 11:01:18,991 [ForkJoinPool-1-worker-1] INFO  http.BaseHttpServer (BaseHttpServer.java:<init>(193)) - HTTP server of hddsDatanode uses base directory /home/runner/work/ozone/ozone/hadoop-ozone/integration-test/target/test-dir/MiniOzoneClusterImpl-d1ffa5d3-3301-45c3-9f44-1ffa6967d237/scm/ozone-metadata/webserver
2025-10-17 11:01:18,992 [ForkJoinPool-1-worker-1] INFO  http.HttpServer2 (HttpServer2.java:bindListener(1240)) - Jetty bound to port 15090
2025-10-17 11:01:18,992 [ForkJoinPool-1-worker-1] INFO  server.Server (Server.java:doStart(375)) - jetty-9.4.58.v20250814; built: 2025-08-14T02:28:49.637Z; git: 8f1440587e9e4ae7db3d74cf205643f3d707148d; jvm 21.0.8+9-LTS
2025-10-17 11:01:18,993 [ForkJoinPool-1-worker-1] INFO  server.session (DefaultSessionIdManager.java:doStart(334)) - DefaultSessionIdManager workerName=node0
2025-10-17 11:01:18,993 [ForkJoinPool-1-worker-1] INFO  server.session (DefaultSessionIdManager.java:doStart(339)) - No SessionScavenger set, using defaults
2025-10-17 11:01:18,993 [ForkJoinPool-1-worker-1] INFO  server.session (HouseKeeper.java:startScavenging(132)) - node0 Scavenging every 600000ms
2025-10-17 11:01:18,994 [ForkJoinPool-1-worker-1] INFO  handler.ContextHandler (ContextHandler.java:doStart(921)) - Started o.e.j.s.ServletContextHandler@267d1236{logs,/logs,file:///home/runner/work/ozone/ozone/hadoop-ozone/integration-test/target/log,AVAILABLE}
2025-10-17 11:01:18,994 [ForkJoinPool-1-worker-1] INFO  handler.ContextHandler (ContextHandler.java:doStart(921)) - Started o.e.j.s.ServletContextHandler@242998ff{static,/static,jar:file:/home/runner/work/ozone/ozone/hadoop-hdds/container-service/target/hdds-container-service-2.1.0-SNAPSHOT.jar!/webapps/static,AVAILABLE}
2025-10-17 11:01:19,004 | INFO  | SCMAudit | user=runner | ip=127.0.0.1 | op=SEND_HEARTBEAT {"datanodeUUID":"718bfa29-2c47-4ab5-ac61-3dfe9c6b9d5c","term":"2","command":"[commandType: createPipelineCommand createPipelineCommandProto { pipelineID { id: \"6b95370b-02ef-41c9-9de6-95d8efae7158\" uuid128 { mostSigBits: 7752162854021579209 leastSigBits: -7068797806144753320 } } type: RATIS factor: ONE datanode { uuid: \"718bfa29-2c47-4ab5-ac61-3dfe9c6b9d5c\" ipAddress: \"127.0.0.1\" hostName: \"localhost\" ports { name: \"HTTP\" value: 15034 } ports { name: \"CLIENT_RPC\" value: 15035 } ports { name: \"REPLICATION\" value: 15041 } ports { name: \"RATIS\" value: 15037 } ports { name: \"RATIS_ADMIN\" value: 15038 } ports { name: \"RATIS_SERVER\" value: 15039 } ports { name: \"RATIS_DATASTREAM\" value: 15040 } ports { name: \"STANDALONE\" value: 15036 } networkName: \"718bfa29-2c47-4ab5-ac61-3dfe9c6b9d5c\" networkLocation: \"/default-rack\" persistedOpState: IN_SERVICE persistedOpStateExpiry: 0 currentVersion: 2 uuid128 { mostSigBits: 8181908202792110773 leastSigBits: -6025466662689727140 } level: 3 id { uuid { mostSigBits: 8181908202792110773 leastSigBits: -6025466662689727140 } } } cmdId: 1760698877836 priority: 1 } term: 2 encodedToken: \"\" deadlineMsSinceEpoch: 0]"} | ret=SUCCESS |  
2025-10-17 11:01:19,018 [IPC Server handler 3 on default port 15002] INFO  net.NetworkTopologyImpl (NetworkTopologyImpl.java:add(133)) - Added a new node: /default-rack/2b4cc429-f9c1-416c-9a38-6239a2e149ea
2025-10-17 11:01:19,019 [IPC Server handler 3 on default port 15002] INFO  node.SCMNodeManager (SCMNodeManager.java:register(423)) - Registered datanode: 2b4cc429-f9c1-416c-9a38-6239a2e149ea{ip: 127.0.0.1, host: localhost, ports: [HTTP=15050, CLIENT_RPC=15051, REPLICATION=15057, RATIS=15053, RATIS_ADMIN=15054, RATIS_SERVER=15055, RATIS_DATASTREAM=15056, STANDALONE=15052], networkLocation: /default-rack, certSerialId: null, persistedOpState: null, persistedOpStateExpiryEpochSec: 0}
2025-10-17 11:01:19,019 [EventQueue-NewNodeForNewNodeHandler] INFO  pipeline.BackgroundPipelineCreator (BackgroundPipelineCreator.java:notifyEventTriggered(290)) - trigger a one-shot run on RatisPipelineUtilsThread.
2025-10-17 11:01:19,019 [EventQueue-NodeRegistrationContainerReportForDataNodeSafeModeRule] INFO  safemode.SCMSafeModeManager (SCMSafeModeManager.java:validateSafeModeExitRules(138)) - DataNodeSafeModeRule rule is successfully validated
2025-10-17 11:01:19,019 | INFO  | SCMAudit | user=runner | ip=127.0.0.1 | op=REGISTER {"datanodeDetails":"2b4cc429-f9c1-416c-9a38-6239a2e149ea(localhost/127.0.0.1)"} | ret=SUCCESS |  
2025-10-17 11:01:19,020 [EventQueue-PipelineReportForOneReplicaPipelineSafeModeRule] INFO  safemode.SCMSafeModeManager (SCMSafeModeManager.java:validateSafeModeExitRules(138)) - OneReplicaPipelineSafeModeRule rule is successfully validated
2025-10-17 11:01:19,020 [RatisPipelineUtilsThread-0] INFO  pipeline.RatisPipelineProvider (RatisPipelineProvider.java:lambda$create$0(208)) - Sending CreatePipelineCommand for pipeline:Pipeline-5f4e9118-c366-43aa-be7d-5a0e63d108f7 to datanode:2b4cc429-f9c1-416c-9a38-6239a2e149ea(localhost/127.0.0.1)
2025-10-17 11:01:19,020 [EventQueue-ContainerRegistrationReportForECContainerSafeModeRule] INFO  safemode.SCMSafeModeManager (SCMSafeModeManager.java:validateSafeModeExitRules(138)) - ECContainerSafeModeRule rule is successfully validated
2025-10-17 11:01:19,020 [EventQueue-ContainerRegistrationReportForRatisContainerSafeModeRule] INFO  safemode.SCMSafeModeManager (SCMSafeModeManager.java:validateSafeModeExitRules(138)) - RatisContainerSafeModeRule rule is successfully validated
2025-10-17 11:01:19,022 [069dddce-46ee-48e8-8453-914416002559@group-1FFA6967D237-StateMachineUpdater] INFO  safemode.SCMSafeModeManager (SCMSafeModeManager.java:validateSafeModeExitRules(138)) - DataNodeSafeModeRule rule is successfully validated
2025-10-17 11:01:19,022 [069dddce-46ee-48e8-8453-914416002559@group-1FFA6967D237-StateMachineUpdater] INFO  safemode.SCMSafeModeManager (SCMSafeModeManager.java:validateSafeModeExitRules(138)) - RatisContainerSafeModeRule rule is successfully validated
2025-10-17 11:01:19,022 [069dddce-46ee-48e8-8453-914416002559@group-1FFA6967D237-StateMachineUpdater] INFO  safemode.HealthyPipelineSafeModeRule (HealthyPipelineSafeModeRule.java:initializeRule(226)) - Refreshed total pipeline count is 0, healthy pipeline threshold count is 1
2025-10-17 11:01:19,023 [069dddce-46ee-48e8-8453-914416002559@group-1FFA6967D237-StateMachineUpdater] INFO  safemode.SCMSafeModeManager (SCMSafeModeManager.java:validateSafeModeExitRules(138)) - OneReplicaPipelineSafeModeRule rule is successfully validated
2025-10-17 11:01:19,023 [069dddce-46ee-48e8-8453-914416002559@group-1FFA6967D237-StateMachineUpdater] INFO  safemode.SCMSafeModeManager (SCMSafeModeManager.java:validateSafeModeExitRules(138)) - ECContainerSafeModeRule rule is successfully validated
2025-10-17 11:01:19,023 [RatisPipelineUtilsThread-0] INFO  pipeline.BackgroundPipelineCreator (BackgroundPipelineCreator.java:createPipelines(246)) - Created new pipeline Pipeline{ Id: 5f4e9118-c366-43aa-be7d-5a0e63d108f7, Nodes: [ {2b4cc429-f9c1-416c-9a38-6239a2e149ea(localhost/127.0.0.1), ReplicaIndex: 0},], ReplicationConfig: RATIS/ONE, State:ALLOCATED, leaderId:, CreationTimestamp2025-10-17T11:01:19.020293461Z[Etc/UTC]}
2025-10-17 11:01:19,024 [RatisPipelineUtilsThread-0] INFO  pipeline.RatisPipelineProvider (RatisPipelineProvider.java:lambda$create$0(208)) - Sending CreatePipelineCommand for pipeline:Pipeline-94abbb40-729e-490b-8eb4-7468994f70af to datanode:718bfa29-2c47-4ab5-ac61-3dfe9c6b9d5c(localhost/127.0.0.1)
2025-10-17 11:01:19,024 [RatisPipelineUtilsThread-0] INFO  pipeline.RatisPipelineProvider (RatisPipelineProvider.java:lambda$create$0(208)) - Sending CreatePipelineCommand for pipeline:Pipeline-94abbb40-729e-490b-8eb4-7468994f70af to datanode:b1eee25a-1fdf-4744-83c7-58e0513fce3b(localhost/127.0.0.1)
2025-10-17 11:01:19,024 [RatisPipelineUtilsThread-0] INFO  pipeline.RatisPipelineProvider (RatisPipelineProvider.java:lambda$create$0(208)) - Sending CreatePipelineCommand for pipeline:Pipeline-94abbb40-729e-490b-8eb4-7468994f70af to datanode:2b4cc429-f9c1-416c-9a38-6239a2e149ea(localhost/127.0.0.1)
2025-10-17 11:01:19,027 [069dddce-46ee-48e8-8453-914416002559@group-1FFA6967D237-StateMachineUpdater] INFO  safemode.SCMSafeModeManager (SCMSafeModeManager.java:validateSafeModeExitRules(138)) - DataNodeSafeModeRule rule is successfully validated
2025-10-17 11:01:19,027 [069dddce-46ee-48e8-8453-914416002559@group-1FFA6967D237-StateMachineUpdater] INFO  safemode.SCMSafeModeManager (SCMSafeModeManager.java:validateSafeModeExitRules(138)) - RatisContainerSafeModeRule rule is successfully validated
2025-10-17 11:01:19,028 [069dddce-46ee-48e8-8453-914416002559@group-1FFA6967D237-StateMachineUpdater] INFO  safemode.HealthyPipelineSafeModeRule (HealthyPipelineSafeModeRule.java:initializeRule(226)) - Refreshed total pipeline count is 0, healthy pipeline threshold count is 1
2025-10-17 11:01:19,028 [069dddce-46ee-48e8-8453-914416002559@group-1FFA6967D237-StateMachineUpdater] INFO  safemode.SCMSafeModeManager (SCMSafeModeManager.java:validateSafeModeExitRules(138)) - OneReplicaPipelineSafeModeRule rule is successfully validated
2025-10-17 11:01:19,028 [069dddce-46ee-48e8-8453-914416002559@group-1FFA6967D237-StateMachineUpdater] INFO  safemode.SCMSafeModeManager (SCMSafeModeManager.java:validateSafeModeExitRules(138)) - ECContainerSafeModeRule rule is successfully validated
2025-10-17 11:01:19,028 [RatisPipelineUtilsThread-0] INFO  pipeline.BackgroundPipelineCreator (BackgroundPipelineCreator.java:createPipelines(246)) - Created new pipeline Pipeline{ Id: 94abbb40-729e-490b-8eb4-7468994f70af, Nodes: [ {718bfa29-2c47-4ab5-ac61-3dfe9c6b9d5c(localhost/127.0.0.1), ReplicaIndex: 0}, {b1eee25a-1fdf-4744-83c7-58e0513fce3b(localhost/127.0.0.1), ReplicaIndex: 0}, {2b4cc429-f9c1-416c-9a38-6239a2e149ea(localhost/127.0.0.1), ReplicaIndex: 0},], ReplicationConfig: RATIS/THREE, State:ALLOCATED, leaderId:, CreationTimestamp2025-10-17T11:01:19.024272254Z[Etc/UTC]}
2025-10-17 11:01:19,030 [RatisPipelineUtilsThread-0] INFO  pipeline.RatisPipelineProvider (RatisPipelineProvider.java:lambda$create$0(208)) - Sending CreatePipelineCommand for pipeline:Pipeline-d912fc3f-3f11-4fdd-b926-75927d842139 to datanode:718bfa29-2c47-4ab5-ac61-3dfe9c6b9d5c(localhost/127.0.0.1)
2025-10-17 11:01:19,030 [RatisPipelineUtilsThread-0] INFO  pipeline.RatisPipelineProvider (RatisPipelineProvider.java:lambda$create$0(208)) - Sending CreatePipelineCommand for pipeline:Pipeline-d912fc3f-3f11-4fdd-b926-75927d842139 to datanode:2b4cc429-f9c1-416c-9a38-6239a2e149ea(localhost/127.0.0.1)
2025-10-17 11:01:19,030 [RatisPipelineUtilsThread-0] INFO  pipeline.RatisPipelineProvider (RatisPipelineProvider.java:lambda$create$0(208)) - Sending CreatePipelineCommand for pipeline:Pipeline-d912fc3f-3f11-4fdd-b926-75927d842139 to datanode:b1eee25a-1fdf-4744-83c7-58e0513fce3b(localhost/127.0.0.1)
2025-10-17 11:01:19,033 [069dddce-46ee-48e8-8453-914416002559@group-1FFA6967D237-StateMachineUpdater] INFO  safemode.SCMSafeModeManager (SCMSafeModeManager.java:validateSafeModeExitRules(138)) - DataNodeSafeModeRule rule is successfully validated
2025-10-17 11:01:19,033 [069dddce-46ee-48e8-8453-914416002559@group-1FFA6967D237-StateMachineUpdater] INFO  safemode.SCMSafeModeManager (SCMSafeModeManager.java:validateSafeModeExitRules(138)) - RatisContainerSafeModeRule rule is successfully validated
2025-10-17 11:01:19,033 [069dddce-46ee-48e8-8453-914416002559@group-1FFA6967D237-StateMachineUpdater] INFO  safemode.HealthyPipelineSafeModeRule (HealthyPipelineSafeModeRule.java:initializeRule(226)) - Refreshed total pipeline count is 0, healthy pipeline threshold count is 1
2025-10-17 11:01:19,033 [069dddce-46ee-48e8-8453-914416002559@group-1FFA6967D237-StateMachineUpdater] INFO  safemode.SCMSafeModeManager (SCMSafeModeManager.java:validateSafeModeExitRules(138)) - OneReplicaPipelineSafeModeRule rule is successfully validated
2025-10-17 11:01:19,033 [069dddce-46ee-48e8-8453-914416002559@group-1FFA6967D237-StateMachineUpdater] INFO  safemode.SCMSafeModeManager (SCMSafeModeManager.java:validateSafeModeExitRules(138)) - ECContainerSafeModeRule rule is successfully validated
2025-10-17 11:01:19,034 [RatisPipelineUtilsThread-0] INFO  pipeline.PipelineManagerImpl (PipelineManagerImpl.java:recordMetricsForPipeline(922)) - Pipeline-d912fc3f-3f11-4fdd-b926-75927d842139 and Pipeline-94abbb40-729e-490b-8eb4-7468994f70af have exactly the same set of datanodes: [718bfa29-2c47-4ab5-ac61-3dfe9c6b9d5c(localhost/127.0.0.1), 2b4cc429-f9c1-416c-9a38-6239a2e149ea(localhost/127.0.0.1), b1eee25a-1fdf-4744-83c7-58e0513fce3b(localhost/127.0.0.1)]
2025-10-17 11:01:19,034 [RatisPipelineUtilsThread-0] INFO  pipeline.BackgroundPipelineCreator (BackgroundPipelineCreator.java:createPipelines(246)) - Created new pipeline Pipeline{ Id: d912fc3f-3f11-4fdd-b926-75927d842139, Nodes: [ {718bfa29-2c47-4ab5-ac61-3dfe9c6b9d5c(localhost/127.0.0.1), ReplicaIndex: 0}, {2b4cc429-f9c1-416c-9a38-6239a2e149ea(localhost/127.0.0.1), ReplicaIndex: 0}, {b1eee25a-1fdf-4744-83c7-58e0513fce3b(localhost/127.0.0.1), ReplicaIndex: 0},], ReplicationConfig: RATIS/THREE, State:ALLOCATED, leaderId:, CreationTimestamp2025-10-17T11:01:19.030294539Z[Etc/UTC]}
2025-10-17 11:01:19,036 | INFO  | SCMAudit | user=runner | ip=127.0.0.1 | op=GET_VERSION {} | ret=SUCCESS |  
2025-10-17 11:01:19,059 [dbd6f242-9b73-4bca-a110-3e2ec656b979-EndpointStateMachineTaskThread-/0.0.0.0:15002-0 ] INFO  utils.DatanodeStoreCache (DatanodeStoreCache.java:addDB(70)) - Added db /home/runner/work/ozone/ozone/hadoop-ozone/integration-test/target/test-dir/MiniOzoneClusterImpl-d1ffa5d3-3301-45c3-9f44-1ffa6967d237/ozone-metadata/datanode-8/data-0/hdds/d1ffa5d3-3301-45c3-9f44-1ffa6967d237/DS-aa66768b-3ecb-44aa-8b37-fa16e8095430/container.db to cache
2025-10-17 11:01:19,059 [dbd6f242-9b73-4bca-a110-3e2ec656b979-EndpointStateMachineTaskThread-/0.0.0.0:15002-0 ] INFO  volume.HddsVolume (HddsVolume.java:createDbStore(576)) - SchemaV3 db is created and loaded at /home/runner/work/ozone/ozone/hadoop-ozone/integration-test/target/test-dir/MiniOzoneClusterImpl-d1ffa5d3-3301-45c3-9f44-1ffa6967d237/ozone-metadata/datanode-8/data-0/hdds/d1ffa5d3-3301-45c3-9f44-1ffa6967d237/DS-aa66768b-3ecb-44aa-8b37-fa16e8095430/container.db for volume DS-aa66768b-3ecb-44aa-8b37-fa16e8095430
2025-10-17 11:01:19,061 [dbd6f242-9b73-4bca-a110-3e2ec656b979-ContainerReader-0] INFO  ozoneimpl.ContainerReader (ContainerReader.java:readVolume(147)) - Start to verify containers on volume /home/runner/work/ozone/ozone/hadoop-ozone/integration-test/target/test-dir/MiniOzoneClusterImpl-d1ffa5d3-3301-45c3-9f44-1ffa6967d237/ozone-metadata/datanode-8/data-0/hdds
2025-10-17 11:01:19,061 [dbd6f242-9b73-4bca-a110-3e2ec656b979-ContainerReader-0] INFO  ozoneimpl.ContainerReader (ContainerReader.java:readVolume(177)) - Finish verifying containers on volume /home/runner/work/ozone/ozone/hadoop-ozone/integration-test/target/test-dir/MiniOzoneClusterImpl-d1ffa5d3-3301-45c3-9f44-1ffa6967d237/ozone-metadata/datanode-8/data-0/hdds
2025-10-17 11:01:19,061 [dbd6f242-9b73-4bca-a110-3e2ec656b979-EndpointStateMachineTaskThread-/0.0.0.0:15002-0 ] INFO  ozoneimpl.OzoneContainer (OzoneContainer.java:buildContainerSet(359)) - Build ContainerSet costs 0s
2025-10-17 11:01:19,061 [dbd6f242-9b73-4bca-a110-3e2ec656b979-EndpointStateMachineTaskThread-/0.0.0.0:15002-0 ] INFO  volume.ThrottledAsyncChecker (ThrottledAsyncChecker.java:schedule(138)) - Scheduling a check for /home/runner/work/ozone/ozone/hadoop-ozone/integration-test/target/test-dir/MiniOzoneClusterImpl-d1ffa5d3-3301-45c3-9f44-1ffa6967d237/ozone-metadata/datanode-8/data-0/hdds
2025-10-17 11:01:19,062 [dbd6f242-9b73-4bca-a110-3e2ec656b979-EndpointStateMachineTaskThread-/0.0.0.0:15002-0 ] INFO  volume.StorageVolumeChecker (StorageVolumeChecker.java:checkAllVolumes(231)) - Scheduled health check for volume /home/runner/work/ozone/ozone/hadoop-ozone/integration-test/target/test-dir/MiniOzoneClusterImpl-d1ffa5d3-3301-45c3-9f44-1ffa6967d237/ozone-metadata/datanode-8/data-0/hdds
2025-10-17 11:01:19,065 [dbd6f242-9b73-4bca-a110-3e2ec656b979-EndpointStateMachineTaskThread-/0.0.0.0:15002-0 ] INFO  volume.ThrottledAsyncChecker (ThrottledAsyncChecker.java:schedule(138)) - Scheduling a check for /home/runner/work/ozone/ozone/hadoop-ozone/integration-test/target/test-dir/MiniOzoneClusterImpl-d1ffa5d3-3301-45c3-9f44-1ffa6967d237/ozone-metadata/datanode-8/ratis
2025-10-17 11:01:19,065 [dbd6f242-9b73-4bca-a110-3e2ec656b979-EndpointStateMachineTaskThread-/0.0.0.0:15002-0 ] INFO  volume.StorageVolumeChecker (StorageVolumeChecker.java:checkAllVolumes(231)) - Scheduled health check for volume /home/runner/work/ozone/ozone/hadoop-ozone/integration-test/target/test-dir/MiniOzoneClusterImpl-d1ffa5d3-3301-45c3-9f44-1ffa6967d237/ozone-metadata/datanode-8/ratis
2025-10-17 11:01:19,065 [dbd6f242-9b73-4bca-a110-3e2ec656b979-EndpointStateMachineTaskThread-/0.0.0.0:15002-0 ] INFO  ozoneimpl.OzoneContainer (OzoneContainer.java:start(544)) - Attempting to start container services.
2025-10-17 11:01:19,066 [ContainerMetadataScanner] INFO  ozoneimpl.AbstractBackgroundContainerScanner (AbstractBackgroundContainerScanner.java:runIteration(89)) - Completed an iteration in 0 minutes. Number of iterations (since the data-node restart) : 1, Number of containers scanned in this iteration : 0, Number of unhealthy containers found in this iteration : 0
2025-10-17 11:01:19,067 [ContainerDataScanner(/home/runner/work/ozone/ozone/hadoop-ozone/integration-test/target/test-dir/MiniOzoneClusterImpl-d1ffa5d3-3301-45c3-9f44-1ffa6967d237/ozone-metadata/datanode-8/data-0/hdds)] INFO  ozoneimpl.AbstractBackgroundContainerScanner (AbstractBackgroundContainerScanner.java:runIteration(89)) - Completed an iteration in 0 minutes. Number of iterations (since the data-node restart) : 1, Number of containers scanned in this iteration : 0, Number of unhealthy containers found in this iteration : 0
2025-10-17 11:01:19,067 [dbd6f242-9b73-4bca-a110-3e2ec656b979-EndpointStateMachineTaskThread-/0.0.0.0:15002-0 ] INFO  replication.ReplicationServer (ReplicationServer.java:start(137)) - ReplicationServer is started using port 15073
2025-10-17 11:01:19,067 [dbd6f242-9b73-4bca-a110-3e2ec656b979-EndpointStateMachineTaskThread-/0.0.0.0:15002-0 ] INFO  ratis.XceiverServerRatis (XceiverServerRatis.java:start(559)) - Starting XceiverServerRatis(dbd6f242-9b73-4bca-a110-3e2ec656b979)
2025-10-17 11:01:19,068 [dbd6f242-9b73-4bca-a110-3e2ec656b979-EndpointStateMachineTaskThread-/0.0.0.0:15002-0 ] INFO  server.RaftServer (RaftServerProxy.java:startImpl(412)) - dbd6f242-9b73-4bca-a110-3e2ec656b979: start RPC server
2025-10-17 11:01:19,068 [dbd6f242-9b73-4bca-a110-3e2ec656b979-EndpointStateMachineTaskThread-/0.0.0.0:15002-0 ] INFO  server.GrpcServicesImpl (GrpcServicesImpl.java:startImpl(346)) - dbd6f242-9b73-4bca-a110-3e2ec656b979: GrpcServicesImpl started, listening on 15069
2025-10-17 11:01:19,068 [dbd6f242-9b73-4bca-a110-3e2ec656b979-EndpointStateMachineTaskThread-/0.0.0.0:15002-0 ] INFO  server.GrpcServicesImpl (GrpcServicesImpl.java:startImpl(346)) - dbd6f242-9b73-4bca-a110-3e2ec656b979: GrpcServicesImpl started, listening on 15071
2025-10-17 11:01:19,069 [dbd6f242-9b73-4bca-a110-3e2ec656b979-EndpointStateMachineTaskThread-/0.0.0.0:15002-0 ] INFO  server.GrpcServicesImpl (GrpcServicesImpl.java:startImpl(346)) - dbd6f242-9b73-4bca-a110-3e2ec656b979: GrpcServicesImpl started, listening on 15070
2025-10-17 11:01:19,069 [JvmPauseMonitor10] INFO  util.JvmPauseMonitor (JvmPauseMonitor.java:run(146)) - JvmPauseMonitor-dbd6f242-9b73-4bca-a110-3e2ec656b979: Started
2025-10-17 11:01:19,069 [dbd6f242-9b73-4bca-a110-3e2ec656b979-EndpointStateMachineTaskThread-/0.0.0.0:15002-0 ] INFO  ratis.XceiverServerRatis (XceiverServerRatis.java:getRealPort(586)) - XceiverServerRatis(dbd6f242-9b73-4bca-a110-3e2ec656b979) is started using port RATIS=15069
2025-10-17 11:01:19,069 [dbd6f242-9b73-4bca-a110-3e2ec656b979-EndpointStateMachineTaskThread-/0.0.0.0:15002-0 ] INFO  ratis.XceiverServerRatis (XceiverServerRatis.java:getRealPort(586)) - XceiverServerRatis(dbd6f242-9b73-4bca-a110-3e2ec656b979) is started using port RATIS_ADMIN=15070
2025-10-17 11:01:19,069 [dbd6f242-9b73-4bca-a110-3e2ec656b979-EndpointStateMachineTaskThread-/0.0.0.0:15002-0 ] INFO  ratis.XceiverServerRatis (XceiverServerRatis.java:getRealPort(586)) - XceiverServerRatis(dbd6f242-9b73-4bca-a110-3e2ec656b979) is started using port RATIS_SERVER=15071
2025-10-17 11:01:19,069 [dbd6f242-9b73-4bca-a110-3e2ec656b979-EndpointStateMachineTaskThread-/0.0.0.0:15002-0 ] INFO  ratis.XceiverServerRatis (XceiverServerRatis.java:getRealPort(586)) - XceiverServerRatis(dbd6f242-9b73-4bca-a110-3e2ec656b979) is started using port RATIS_DATASTREAM=15072
2025-10-17 11:01:19,070 [dbd6f242-9b73-4bca-a110-3e2ec656b979-EndpointStateMachineTaskThread-/0.0.0.0:15002-0 ] INFO  utils.BackgroundService (BackgroundService.java:start(119)) - Starting service BlockDeletingService with interval 60000 milliseconds
2025-10-17 11:01:19,070 [dbd6f242-9b73-4bca-a110-3e2ec656b979-EndpointStateMachineTaskThread-/0.0.0.0:15002-0 ] INFO  utils.BackgroundService (BackgroundService.java:start(119)) - Starting service StaleRecoveringContainerScrubbingService with interval 60000 milliseconds
2025-10-17 11:01:19,138 [ForkJoinPool-1-worker-1] INFO  handler.ContextHandler (ContextHandler.java:doStart(921)) - Started o.e.j.w.WebAppContext@6eb9a948{hddsDatanode,/,file:///home/runner/work/ozone/ozone/hadoop-ozone/integration-test/target/test-dir/MiniOzoneClusterImpl-d1ffa5d3-3301-45c3-9f44-1ffa6967d237/scm/ozone-metadata/webserver/jetty-0_0_0_0-15090-hdds-container-service-2_1_0-SNAPSHOT_jar-_-any-13717248722607075345/webapp/,AVAILABLE}{jar:file:/home/runner/work/ozone/ozone/hadoop-hdds/container-service/target/hdds-container-service-2.1.0-SNAPSHOT.jar!/webapps/hddsDatanode}
2025-10-17 11:01:19,139 [ForkJoinPool-1-worker-1] INFO  server.AbstractConnector (AbstractConnector.java:doStart(333)) - Started ServerConnector@4f555bd4{HTTP/1.1, (http/1.1)}{0.0.0.0:15090}
2025-10-17 11:01:19,139 [ForkJoinPool-1-worker-1] INFO  server.Server (Server.java:doStart(415)) - Started @12666ms
2025-10-17 11:01:19,139 [ForkJoinPool-1-worker-1] WARN  impl.MetricsSystemImpl (MetricsSystemImpl.java:register(279)) - Sink prometheus already exists!
2025-10-17 11:01:19,139 [ForkJoinPool-1-worker-1] INFO  http.BaseHttpServer (BaseHttpServer.java:updateConnectorAddress(357)) - HTTP server of hddsDatanode listening at http://localhost:15090
2025-10-17 11:01:19,140 [ForkJoinPool-1-worker-1] INFO  ipc.CallQueueManager (CallQueueManager.java:<init>(93)) - Using callQueue: class java.util.concurrent.LinkedBlockingQueue, queueCapacity: 1000, scheduler: class org.apache.hadoop.ipc.DefaultRpcScheduler, ipcBackoff: false, ipcFailOver: false.
2025-10-17 11:01:19,140 [ForkJoinPool-1-worker-1] INFO  ipc.Server (Server.java:<init>(1438)) - Listener at 0.0.0.0:15091
2025-10-17 11:01:19,140 [Socket Reader #1 for port 15091] INFO  ipc.Server (Server.java:run(1474)) - Starting Socket Reader #1 for port 15091
2025-10-17 11:01:19,141 [Socket Reader #2 for port 15091] INFO  ipc.Server (Server.java:run(1474)) - Starting Socket Reader #2 for port 15091
2025-10-17 11:01:19,141 [Socket Reader #3 for port 15091] INFO  ipc.Server (Server.java:run(1474)) - Starting Socket Reader #3 for port 15091
2025-10-17 11:01:19,141 [Socket Reader #4 for port 15091] INFO  ipc.Server (Server.java:run(1474)) - Starting Socket Reader #4 for port 15091
2025-10-17 11:01:19,142 [Socket Reader #5 for port 15091] INFO  ipc.Server (Server.java:run(1474)) - Starting Socket Reader #5 for port 15091
2025-10-17 11:01:19,142 [Socket Reader #6 for port 15091] INFO  ipc.Server (Server.java:run(1474)) - Starting Socket Reader #6 for port 15091
2025-10-17 11:01:19,142 [Socket Reader #7 for port 15091] INFO  ipc.Server (Server.java:run(1474)) - Starting Socket Reader #7 for port 15091
2025-10-17 11:01:19,142 [Socket Reader #8 for port 15091] INFO  ipc.Server (Server.java:run(1474)) - Starting Socket Reader #8 for port 15091
2025-10-17 11:01:19,142 [Socket Reader #9 for port 15091] INFO  ipc.Server (Server.java:run(1474)) - Starting Socket Reader #9 for port 15091
2025-10-17 11:01:19,143 [Socket Reader #10 for port 15091] INFO  ipc.Server (Server.java:run(1474)) - Starting Socket Reader #10 for port 15091
2025-10-17 11:01:19,144 [ForkJoinPool-1-worker-1] INFO  ozone.HddsDatanodeService (HddsDatanodeService.java:start(333)) - Datanode start with admins: [admin, runner]
2025-10-17 11:01:19,144 [ForkJoinPool-1-worker-1] INFO  ozone.HddsDatanodeClientProtocolServer (HddsDatanodeClientProtocolServer.java:start(76)) - RPC server for Client /0.0.0.0:15091
2025-10-17 11:01:19,144 [IPC Server Responder] INFO  ipc.Server (Server.java:run(1713)) - IPC Server Responder: starting
2025-10-17 11:01:19,144 [IPC Server listener on 15091] INFO  ipc.Server (Server.java:run(1553)) - IPC Server listener on 15091: starting
2025-10-17 11:01:19,146 [ForkJoinPool-1-worker-1] WARN  dropwizard3.Dm3MetricRegistriesImpl (Dm3MetricRegistriesImpl.java:addReporterRegistration(114)) - New reporters are added after registries were created. Some metrics will be missing from the reporter. Please add reporter before adding any new registry.
2025-10-17 11:01:19,146 [ForkJoinPool-1-worker-1] WARN  dropwizard3.Dm3MetricRegistriesImpl (Dm3MetricRegistriesImpl.java:addReporterRegistration(114)) - New reporters are added after registries were created. Some metrics will be missing from the reporter. Please add reporter before adding any new registry.
2025-10-17 11:01:19,147 [7995ae7b-77ec-4e72-809d-814459f62ee0-DatanodeStateMachineDaemonThread] INFO  statemachine.DatanodeStateMachine (DatanodeStateMachine.java:startStateMachineThread(363)) - Ozone container server started.
2025-10-17 11:01:19,151 [7995ae7b-77ec-4e72-809d-814459f62ee0-DatanodeStateMachineTaskThread-0] INFO  datanode.InitDatanodeState (InitDatanodeState.java:persistContainerDatanodeDetails(139)) - DatanodeDetails is persisted to /home/runner/work/ozone/ozone/hadoop-ozone/integration-test/target/test-dir/MiniOzoneClusterImpl-d1ffa5d3-3301-45c3-9f44-1ffa6967d237/ozone-metadata/datanode-11/ozone-metadata/datanode.id
2025-10-17 11:01:19,161 [ForkJoinPool-1-worker-1] INFO  protocol.DatanodeDetails (DatanodeDetails.java:validateDatanodeIpAddress(199)) - Updating IP address of datanode 3a11eef6-a527-493c-8ba3-ae39ecaefa56(localhost/null) to 127.0.0.1
2025-10-17 11:01:19,162 [ForkJoinPool-1-worker-1] INFO  ozone.HddsDatanodeService (HddsDatanodeService.java:start(236)) - HddsDatanodeService 3a11eef6-a527-493c-8ba3-ae39ecaefa56(localhost/127.0.0.1)
2025-10-17 11:01:19,163 [ForkJoinPool-1-worker-1] INFO  upgrade.AbstractLayoutVersionManager (AbstractLayoutVersionManager.java:init(80)) - Initializing Layout version manager with metadata layout = WITNESSED_CONTAINER_DB_PROTO_VALUE (version = 9), software layout = WITNESSED_CONTAINER_DB_PROTO_VALUE (version = 9)
2025-10-17 11:01:19,163 [ForkJoinPool-1-worker-1] INFO  statemachine.DatanodeStateMachine (DatanodeStateMachine.java:getEndPointTaskThreadPoolSize(321)) - Datanode State Machine Task Thread Pool size 2
2025-10-17 11:01:19,165 [ForkJoinPool-1-worker-1] INFO  volume.HddsVolume (HddsVolume.java:<init>(162)) - HddsVolume: { id=DS-066fc90e-2072-4611-81c1-c79086fd72a4 dir=/home/runner/work/ozone/ozone/hadoop-ozone/integration-test/target/test-dir/MiniOzoneClusterImpl-d1ffa5d3-3301-45c3-9f44-1ffa6967d237/ozone-metadata/datanode-12/data-0/hdds type=DISK capacity=9222449699674390527 used=0 available=9222449699674390527 minFree=184448985434423296 committed=0 }
2025-10-17 11:01:19,165 [ForkJoinPool-1-worker-1] INFO  volume.MutableVolumeSet (MutableVolumeSet.java:initializeVolumeSet(175)) - Added Volume : /home/runner/work/ozone/ozone/hadoop-ozone/integration-test/target/test-dir/MiniOzoneClusterImpl-d1ffa5d3-3301-45c3-9f44-1ffa6967d237/ozone-metadata/datanode-12/data-0/hdds to VolumeSet
2025-10-17 11:01:19,166 [ForkJoinPool-1-worker-1] INFO  volume.MutableVolumeSet (MutableVolumeSet.java:initializeVolumeSet(175)) - Added Volume : /home/runner/work/ozone/ozone/hadoop-ozone/integration-test/target/test-dir/MiniOzoneClusterImpl-d1ffa5d3-3301-45c3-9f44-1ffa6967d237/ozone-metadata/datanode-12/ratis to VolumeSet
2025-10-17 11:01:19,167 [ForkJoinPool-1-worker-1] INFO  ozoneimpl.OzoneContainer (HddsVolumeUtil.java:loadAllHddsVolumeDbStore(102)) - Load 1 volumes DbStore cost: 0ms
2025-10-17 11:01:19,167 [ForkJoinPool-1-worker-1] WARN  db.DBStoreBuilder (DBStoreBuilder.java:getDBDirPath(157)) - ozone.scm.datanode.id.dir is not configured. We recommend adding this setting. Falling back to ozone.metadata.dirs instead.
2025-10-17 11:01:19,167 [ForkJoinPool-1-worker-1] WARN  db.DBStoreBuilder (DBStoreBuilder.java:getDBDirPath(157)) - ozone.scm.datanode.id.dir is not configured. We recommend adding this setting. Falling back to ozone.metadata.dirs instead.
2025-10-17 11:01:19,177 [ForkJoinPool-1-worker-1] INFO  impl.FilePerChunkStrategy (FilePerChunkStrategy.java:<init>(79)) - ozone.chunk.read.mapped.buffer.max.count is load with 0
2025-10-17 11:01:19,178 [ForkJoinPool-1-worker-1] INFO  impl.FilePerBlockStrategy (FilePerBlockStrategy.java:<init>(88)) - ozone.chunk.read.mapped.buffer.max.count is load with 0
2025-10-17 11:01:19,178 [ForkJoinPool-1-worker-1] INFO  server.RaftServerConfigKeys (ConfUtils.java:logGet(62)) - raft.server.log.appender.buffer.byte-limit = 33554432 (custom)
2025-10-17 11:01:19,179 [ForkJoinPool-1-worker-1] INFO  grpc.GrpcConfigKeys (ConfUtils.java:logFallback(69)) - raft.grpc.admin.host = null (fallback to raft.grpc.server.host)
2025-10-17 11:01:19,179 [ForkJoinPool-1-worker-1] INFO  grpc.GrpcConfigKeys (ConfUtils.java:logGet(62)) - raft.grpc.admin.port = 15102 (custom)
2025-10-17 11:01:19,179 [ForkJoinPool-1-worker-1] INFO  grpc.GrpcConfigKeys (ConfUtils.java:logFallback(69)) - raft.grpc.client.host = null (fallback to raft.grpc.server.host)
2025-10-17 11:01:19,179 [ForkJoinPool-1-worker-1] INFO  grpc.GrpcConfigKeys (ConfUtils.java:logGet(62)) - raft.grpc.client.port = 15101 (custom)
2025-10-17 11:01:19,179 [ForkJoinPool-1-worker-1] INFO  grpc.GrpcConfigKeys (ConfUtils.java:logGet(62)) - raft.grpc.server.port = 15103 (custom)
2025-10-17 11:01:19,179 [ForkJoinPool-1-worker-1] INFO  server.GrpcServicesImpl (ConfUtils.java:logGet(62)) - raft.grpc.message.size.max = 34603008 (custom)
2025-10-17 11:01:19,180 [ForkJoinPool-1-worker-1] INFO  server.GrpcServicesImpl (ConfUtils.java:logGet(62)) - raft.grpc.flow.control.window = 5MB (=5242880) (custom)
2025-10-17 11:01:19,180 [ForkJoinPool-1-worker-1] INFO  server.RaftServerConfigKeys (ConfUtils.java:logGet(62)) - raft.server.log.appender.buffer.byte-limit = 33554432 (custom)
2025-10-17 11:01:19,181 [ForkJoinPool-1-worker-1] INFO  netty.NettyUtils (NettyUtils.java:newEventLoopGroup(74)) - Create EpollEventLoopGroup for 3a11eef6-a527-493c-8ba3-ae39ecaefa56-NettyServerStreamRpc-bossGroup; Thread size is 0.
2025-10-17 11:01:19,182 [ForkJoinPool-1-worker-1] INFO  netty.NettyUtils (NettyUtils.java:newEventLoopGroup(74)) - Create EpollEventLoopGroup for 3a11eef6-a527-493c-8ba3-ae39ecaefa56-NettyServerStreamRpc-workerGroup; Thread size is 0.
2025-10-17 11:01:19,182 [ForkJoinPool-1-worker-1] INFO  netty.NettyConfigKeys$DataStream (ConfUtils.java:logGet(62)) - raft.netty.dataStream.port = 15104 (custom)
2025-10-17 11:01:19,183 [ForkJoinPool-1-worker-1] INFO  server.RaftServerConfigKeys (ConfUtils.java:logGet(62)) - raft.server.storage.dir = [/home/runner/work/ozone/ozone/hadoop-ozone/integration-test/target/test-dir/MiniOzoneClusterImpl-d1ffa5d3-3301-45c3-9f44-1ffa6967d237/ozone-metadata/datanode-12/ratis] (custom)
2025-10-17 11:01:19,183 [3a11eef6-a527-493c-8ba3-ae39ecaefa56-NettyServerStreamRpc-bossGroup--thread1] INFO  logging.LoggingHandler (AbstractInternalLogger.java:log(148)) - [id: 0xc1fe5402] REGISTERED
2025-10-17 11:01:19,183 [3a11eef6-a527-493c-8ba3-ae39ecaefa56-impl-thread1] INFO  server.RaftServer (RaftServerProxy.java:initGroupDir(270)) - 3a11eef6-a527-493c-8ba3-ae39ecaefa56: found a subdirectory /home/runner/work/ozone/ozone/hadoop-ozone/integration-test/target/test-dir/MiniOzoneClusterImpl-d1ffa5d3-3301-45c3-9f44-1ffa6967d237/ozone-metadata/datanode-12/ratis/tmp
2025-10-17 11:01:19,183 [3a11eef6-a527-493c-8ba3-ae39ecaefa56-impl-thread1] INFO  server.RaftServer (RaftServerProxy.java:initGroupDir(275)) - 3a11eef6-a527-493c-8ba3-ae39ecaefa56: The directory /home/runner/work/ozone/ozone/hadoop-ozone/integration-test/target/test-dir/MiniOzoneClusterImpl-d1ffa5d3-3301-45c3-9f44-1ffa6967d237/ozone-metadata/datanode-12/ratis/tmp is not a group directory; ignoring it. 
2025-10-17 11:01:19,183 [3a11eef6-a527-493c-8ba3-ae39ecaefa56-NettyServerStreamRpc-bossGroup--thread1] INFO  logging.LoggingHandler (AbstractInternalLogger.java:log(148)) - [id: 0xc1fe5402] BIND: 0.0.0.0/0.0.0.0:15104
2025-10-17 11:01:19,184 [ForkJoinPool-1-worker-1] INFO  replication.ReplicationServer (ReplicationServer.java:<init>(84)) - Initializing replication server with thread count = 10 queue length = 4096
2025-10-17 11:01:19,184 [3a11eef6-a527-493c-8ba3-ae39ecaefa56-NettyServerStreamRpc-bossGroup--thread1] INFO  logging.LoggingHandler (AbstractInternalLogger.java:log(148)) - [id: 0xc1fe5402, L:/0.0.0.0:15104] ACTIVE
2025-10-17 11:01:19,184 [ForkJoinPool-1-worker-1] INFO  server.XceiverServerGrpc (XceiverServerGrpc.java:<init>(129)) - GrpcServer channel type EpollServerSocketChannel
2025-10-17 11:01:19,185 [ForkJoinPool-1-worker-1] INFO  replication.ReplicationSupervisor (ReplicationSupervisor.java:build(169)) - Initializing replication supervisor with thread count = 10
2025-10-17 11:01:19,186 [ForkJoinPool-1-worker-1] INFO  replication.ReplicationSupervisor (ReplicationSupervisor.java:nodeStateUpdated(358)) - Node state updated to IN_SERVICE, scaling executor pool size to 10
2025-10-17 11:01:19,188 [ForkJoinPool-1-worker-1] INFO  http.BaseHttpServer (BaseHttpServer.java:newHttpServer2BuilderForOzone(227)) - Starting Web-server for hddsDatanode at: http://0.0.0.0:15098
2025-10-17 11:01:19,188 [ForkJoinPool-1-worker-1] INFO  http.BaseHttpServer (BaseHttpServer.java:<init>(105)) - Hadoop Security Enabled: false Ozone Security Enabled: false Ozone HTTP Security Enabled: false 
2025-10-17 11:01:19,189 [ForkJoinPool-1-worker-1] WARN  server.AuthenticationFilter (AuthenticationFilter.java:constructSecretProvider(240)) - Unable to initialize FileSignerSecretProvider, falling back to use random secrets. Reason: Could not read signature secret file: /home/runner/hadoop-http-auth-signature-secret
2025-10-17 11:01:19,191 [ForkJoinPool-1-worker-1] INFO  http.HttpServer2 (HttpServer2.java:addGlobalFilter(1040)) - Added global filter 'safety' (class=org.apache.hadoop.hdds.server.http.HttpServer2$QuotingInputFilter)
2025-10-17 11:01:19,192 [ForkJoinPool-1-worker-1] INFO  http.HttpServer2 (HttpServer2.java:addFilter(1016)) - Added filter static_user_filter (class=org.apache.hadoop.http.lib.StaticUserWebFilter$StaticUserFilter) to context hddsDatanode
2025-10-17 11:01:19,192 [ForkJoinPool-1-worker-1] INFO  http.HttpServer2 (HttpServer2.java:addFilter(1024)) - Added filter static_user_filter (class=org.apache.hadoop.http.lib.StaticUserWebFilter$StaticUserFilter) to context logs
2025-10-17 11:01:19,192 [ForkJoinPool-1-worker-1] INFO  http.HttpServer2 (HttpServer2.java:addFilter(1024)) - Added filter static_user_filter (class=org.apache.hadoop.http.lib.StaticUserWebFilter$StaticUserFilter) to context static
2025-10-17 11:01:19,192 [ForkJoinPool-1-worker-1] INFO  http.BaseHttpServer (BaseHttpServer.java:<init>(193)) - HTTP server of hddsDatanode uses base directory /home/runner/work/ozone/ozone/hadoop-ozone/integration-test/target/test-dir/MiniOzoneClusterImpl-d1ffa5d3-3301-45c3-9f44-1ffa6967d237/scm/ozone-metadata/webserver
2025-10-17 11:01:19,193 [ForkJoinPool-1-worker-1] INFO  http.HttpServer2 (HttpServer2.java:bindListener(1240)) - Jetty bound to port 15098
2025-10-17 11:01:19,193 [ForkJoinPool-1-worker-1] INFO  server.Server (Server.java:doStart(375)) - jetty-9.4.58.v20250814; built: 2025-08-14T02:28:49.637Z; git: 8f1440587e9e4ae7db3d74cf205643f3d707148d; jvm 21.0.8+9-LTS
2025-10-17 11:01:19,194 [ForkJoinPool-1-worker-1] INFO  server.session (DefaultSessionIdManager.java:doStart(334)) - DefaultSessionIdManager workerName=node0
2025-10-17 11:01:19,194 [ForkJoinPool-1-worker-1] INFO  server.session (DefaultSessionIdManager.java:doStart(339)) - No SessionScavenger set, using defaults
2025-10-17 11:01:19,194 [ForkJoinPool-1-worker-1] INFO  server.session (HouseKeeper.java:startScavenging(132)) - node0 Scavenging every 660000ms
2025-10-17 11:01:19,195 [ForkJoinPool-1-worker-1] INFO  handler.ContextHandler (ContextHandler.java:doStart(921)) - Started o.e.j.s.ServletContextHandler@1715d1f9{logs,/logs,file:///home/runner/work/ozone/ozone/hadoop-ozone/integration-test/target/log,AVAILABLE}
2025-10-17 11:01:19,196 [ForkJoinPool-1-worker-1] INFO  handler.ContextHandler (ContextHandler.java:doStart(921)) - Started o.e.j.s.ServletContextHandler@5a7696c8{static,/static,jar:file:/home/runner/work/ozone/ozone/hadoop-hdds/container-service/target/hdds-container-service-2.1.0-SNAPSHOT.jar!/webapps/static,AVAILABLE}
2025-10-17 11:01:19,235 | INFO  | SCMAudit | user=runner | ip=127.0.0.1 | op=SEND_HEARTBEAT {"datanodeUUID":"b1eee25a-1fdf-4744-83c7-58e0513fce3b","term":"2","command":"[commandType: createPipelineCommand createPipelineCommandProto { pipelineID { id: \"2fcb5946-037c-4155-89ee-0f2049393845\" uuid128 { mostSigBits: 3443944497295933781 leastSigBits: -8507846014714431419 } } type: RATIS factor: ONE datanode { uuid: \"b1eee25a-1fdf-4744-83c7-58e0513fce3b\" ipAddress: \"127.0.0.1\" hostName: \"localhost\" ports { name: \"HTTP\" value: 15042 } ports { name: \"CLIENT_RPC\" value: 15043 } ports { name: \"REPLICATION\" value: 15049 } ports { name: \"RATIS\" value: 15045 } ports { name: \"RATIS_ADMIN\" value: 15046 } ports { name: \"RATIS_SERVER\" value: 15047 } ports { name: \"RATIS_DATASTREAM\" value: 15048 } ports { name: \"STANDALONE\" value: 15044 } networkName: \"b1eee25a-1fdf-4744-83c7-58e0513fce3b\" networkLocation: \"/default-rack\" persistedOpState: IN_SERVICE persistedOpStateExpiry: 0 currentVersion: 2 uuid128 { mostSigBits: -5625310007829510332 leastSigBits: -8951088013916516805 } level: 3 id { uuid { mostSigBits: -5625310007829510332 leastSigBits: -8951088013916516805 } } } cmdId: 1760698877837 priority: 1 } term: 2 encodedToken: \"\" deadlineMsSinceEpoch: 0, commandType: createPipelineCommand createPipelineCommandProto { pipelineID { id: \"94abbb40-729e-490b-8eb4-7468994f70af\" uuid128 { mostSigBits: -7733882049603417845 leastSigBits: -8163772231918325585 } } type: RATIS factor: THREE datanode { uuid: \"718bfa29-2c47-4ab5-ac61-3dfe9c6b9d5c\" ipAddress: \"127.0.0.1\" hostName: \"localhost\" ports { name: \"HTTP\" value: 15034 } ports { name: \"CLIENT_RPC\" value: 15035 } ports { name: \"REPLICATION\" value: 15041 } ports { name: \"RATIS\" value: 15037 } ports { name: \"RATIS_ADMIN\" value: 15038 } ports { name: \"RATIS_SERVER\" value: 15039 } ports { name: \"RATIS_DATASTREAM\" value: 15040 } ports { name: \"STANDALONE\" value: 15036 } networkName: \"718bfa29-2c47-4ab5-ac61-3dfe9c6b9d5c\" networkLocation: \"/default-rack\" persistedOpState: IN_SERVICE persistedOpStateExpiry: 0 currentVersion: 2 uuid128 { mostSigBits: 8181908202792110773 leastSigBits: -6025466662689727140 } level: 3 id { uuid { mostSigBits: 8181908202792110773 leastSigBits: -6025466662689727140 } } } datanode { uuid: \"b1eee25a-1fdf-4744-83c7-58e0513fce3b\" ipAddress: \"127.0.0.1\" hostName: \"localhost\" ports { name: \"HTTP\" value: 15042 } ports { name: \"CLIENT_RPC\" value: 15043 } ports { name: \"REPLICATION\" value: 15049 } ports { name: \"RATIS\" value: 15045 } ports { name: \"RATIS_ADMIN\" value: 15046 } ports { name: \"RATIS_SERVER\" value: 15047 } ports { name: \"RATIS_DATASTREAM\" value: 15048 } ports { name: \"STANDALONE\" value: 15044 } networkName: \"b1eee25a-1fdf-4744-83c7-58e0513fce3b\" networkLocation: \"/default-rack\" persistedOpState: IN_SERVICE persistedOpStateExpiry: 0 currentVersion: 2 uuid128 { mostSigBits: -5625310007829510332 leastSigBits: -8951088013916516805 } level: 3 id { uuid { mostSigBits: -5625310007829510332 leastSigBits: -8951088013916516805 } } } datanode { uuid: \"2b4cc429-f9c1-416c-9a38-6239a2e149ea\" ipAddress: \"127.0.0.1\" hostName: \"localhost\" ports { name: \"HTTP\" value: 15050 } ports { name: \"CLIENT_RPC\" value: 15051 } ports { name: \"REPLICATION\" value: 15057 } ports { name: \"RATIS\" value: 15053 } ports { name: \"RATIS_ADMIN\" value: 15054 } ports { name: \"RATIS_SERVER\" value: 15055 } ports { name: \"RATIS_DATASTREAM\" value: 15056 } ports { name: \"STANDALONE\" value: 15052 } networkName: \"2b4cc429-f9c1-416c-9a38-6239a2e149ea\" networkLocation: \"/default-rack\" persistedOpState: IN_SERVICE persistedOpStateExpiry: 0 currentVersion: 2 uuid128 { mostSigBits: 3120084326423806316 leastSigBits: -7334003993487521302 } level: 3 id { uuid { mostSigBits: 3120084326423806316 leastSigBits: -7334003993487521302 } } } cmdId: 1760698877839 priority: 0 priority: 0 priority: 1 } term: 2 encodedToken: \"\" deadlineMsSinceEpoch: 0, commandType: createPipelineCommand createPipelineCommandProto { pipelineID { id: \"d912fc3f-3f11-4fdd-b926-75927d842139\" uuid128 { mostSigBits: -2804902269327159331 leastSigBits: -5105263855546392263 } } type: RATIS factor: THREE datanode { uuid: \"718bfa29-2c47-4ab5-ac61-3dfe9c6b9d5c\" ipAddress: \"127.0.0.1\" hostName: \"localhost\" ports { name: \"HTTP\" value: 15034 } ports { name: \"CLIENT_RPC\" value: 15035 } ports { name: \"REPLICATION\" value: 15041 } ports { name: \"RATIS\" value: 15037 } ports { name: \"RATIS_ADMIN\" value: 15038 } ports { name: \"RATIS_SERVER\" value: 15039 } ports { name: \"RATIS_DATASTREAM\" value: 15040 } ports { name: \"STANDALONE\" value: 15036 } networkName: \"718bfa29-2c47-4ab5-ac61-3dfe9c6b9d5c\" networkLocation: \"/default-rack\" persistedOpState: IN_SERVICE persistedOpStateExpiry: 0 currentVersion: 2 uuid128 { mostSigBits: 8181908202792110773 leastSigBits: -6025466662689727140 } level: 3 id { uuid { mostSigBits: 8181908202792110773 leastSigBits: -6025466662689727140 } } } datanode { uuid: \"2b4cc429-f9c1-416c-9a38-6239a2e149ea\" ipAddress: \"127.0.0.1\" hostName: \"localhost\" ports { name: \"HTTP\" value: 15050 } ports { name: \"CLIENT_RPC\" value: 15051 } ports { name: \"REPLICATION\" value: 15057 } ports { name: \"RATIS\" value: 15053 } ports { name: \"RATIS_ADMIN\" value: 15054 } ports { name: \"RATIS_SERVER\" value: 15055 } ports { name: \"RATIS_DATASTREAM\" value: 15056 } ports { name: \"STANDALONE\" value: 15052 } networkName: \"2b4cc429-f9c1-416c-9a38-6239a2e149ea\" networkLocation: \"/default-rack\" persistedOpState: IN_SERVICE persistedOpStateExpiry: 0 currentVersion: 2 uuid128 { mostSigBits: 3120084326423806316 leastSigBits: -7334003993487521302 } level: 3 id { uuid { mostSigBits: 3120084326423806316 leastSigBits: -7334003993487521302 } } } datanode { uuid: \"b1eee25a-1fdf-4744-83c7-58e0513fce3b\" ipAddress: \"127.0.0.1\" hostName: \"localhost\" ports { name: \"HTTP\" value: 15042 } ports { name: \"CLIENT_RPC\" value: 15043 } ports { name: \"REPLICATION\" value: 15049 } ports { name: \"RATIS\" value: 15045 } ports { name: \"RATIS_ADMIN\" value: 15046 } ports { name: \"RATIS_SERVER\" value: 15047 } ports { name: \"RATIS_DATASTREAM\" value: 15048 } ports { name: \"STANDALONE\" value: 15044 } networkName: \"b1eee25a-1fdf-4744-83c7-58e0513fce3b\" networkLocation: \"/default-rack\" persistedOpState: IN_SERVICE persistedOpStateExpiry: 0 currentVersion: 2 uuid128 { mostSigBits: -5625310007829510332 leastSigBits: -8951088013916516805 } level: 3 id { uuid { mostSigBits: -5625310007829510332 leastSigBits: -8951088013916516805 } } } cmdId: 1760698877840 priority: 1 priority: 0 priority: 0 } term: 2 encodedToken: \"\" deadlineMsSinceEpoch: 0]"} | ret=SUCCESS |  
2025-10-17 11:01:19,241 | INFO  | SCMAudit | user=runner | ip=127.0.0.1 | op=GET_VERSION {} | ret=SUCCESS |  
2025-10-17 11:01:19,266 [ed6e9581-5875-4278-a8db-50829892434b-EndpointStateMachineTaskThread-/0.0.0.0:15002-0 ] INFO  utils.DatanodeStoreCache (DatanodeStoreCache.java:addDB(70)) - Added db /home/runner/work/ozone/ozone/hadoop-ozone/integration-test/target/test-dir/MiniOzoneClusterImpl-d1ffa5d3-3301-45c3-9f44-1ffa6967d237/ozone-metadata/datanode-9/data-0/hdds/d1ffa5d3-3301-45c3-9f44-1ffa6967d237/DS-f6f602e0-b425-4fc7-b7d5-3e3456e686dc/container.db to cache
2025-10-17 11:01:19,266 [ed6e9581-5875-4278-a8db-50829892434b-EndpointStateMachineTaskThread-/0.0.0.0:15002-0 ] INFO  volume.HddsVolume (HddsVolume.java:createDbStore(576)) - SchemaV3 db is created and loaded at /home/runner/work/ozone/ozone/hadoop-ozone/integration-test/target/test-dir/MiniOzoneClusterImpl-d1ffa5d3-3301-45c3-9f44-1ffa6967d237/ozone-metadata/datanode-9/data-0/hdds/d1ffa5d3-3301-45c3-9f44-1ffa6967d237/DS-f6f602e0-b425-4fc7-b7d5-3e3456e686dc/container.db for volume DS-f6f602e0-b425-4fc7-b7d5-3e3456e686dc
2025-10-17 11:01:19,269 | INFO  | SCMAudit | user=runner | ip=127.0.0.1 | op=SEND_HEARTBEAT {"datanodeUUID":"309ab1ff-9f5a-4058-8b2f-94d451ce5267","term":"2","command":"[]"} | ret=SUCCESS |  
2025-10-17 11:01:19,269 [ed6e9581-5875-4278-a8db-50829892434b-ContainerReader-0] INFO  ozoneimpl.ContainerReader (ContainerReader.java:readVolume(147)) - Start to verify containers on volume /home/runner/work/ozone/ozone/hadoop-ozone/integration-test/target/test-dir/MiniOzoneClusterImpl-d1ffa5d3-3301-45c3-9f44-1ffa6967d237/ozone-metadata/datanode-9/data-0/hdds
2025-10-17 11:01:19,269 [ed6e9581-5875-4278-a8db-50829892434b-ContainerReader-0] INFO  ozoneimpl.ContainerReader (ContainerReader.java:readVolume(177)) - Finish verifying containers on volume /home/runner/work/ozone/ozone/hadoop-ozone/integration-test/target/test-dir/MiniOzoneClusterImpl-d1ffa5d3-3301-45c3-9f44-1ffa6967d237/ozone-metadata/datanode-9/data-0/hdds
2025-10-17 11:01:19,270 [ed6e9581-5875-4278-a8db-50829892434b-EndpointStateMachineTaskThread-/0.0.0.0:15002-0 ] INFO  ozoneimpl.OzoneContainer (OzoneContainer.java:buildContainerSet(359)) - Build ContainerSet costs 0s
2025-10-17 11:01:19,271 [ed6e9581-5875-4278-a8db-50829892434b-EndpointStateMachineTaskThread-/0.0.0.0:15002-0 ] INFO  volume.ThrottledAsyncChecker (ThrottledAsyncChecker.java:schedule(138)) - Scheduling a check for /home/runner/work/ozone/ozone/hadoop-ozone/integration-test/target/test-dir/MiniOzoneClusterImpl-d1ffa5d3-3301-45c3-9f44-1ffa6967d237/ozone-metadata/datanode-9/data-0/hdds
2025-10-17 11:01:19,272 [ed6e9581-5875-4278-a8db-50829892434b-EndpointStateMachineTaskThread-/0.0.0.0:15002-0 ] INFO  volume.StorageVolumeChecker (StorageVolumeChecker.java:checkAllVolumes(231)) - Scheduled health check for volume /home/runner/work/ozone/ozone/hadoop-ozone/integration-test/target/test-dir/MiniOzoneClusterImpl-d1ffa5d3-3301-45c3-9f44-1ffa6967d237/ozone-metadata/datanode-9/data-0/hdds
2025-10-17 11:01:19,276 [ed6e9581-5875-4278-a8db-50829892434b-EndpointStateMachineTaskThread-/0.0.0.0:15002-0 ] INFO  volume.ThrottledAsyncChecker (ThrottledAsyncChecker.java:schedule(138)) - Scheduling a check for /home/runner/work/ozone/ozone/hadoop-ozone/integration-test/target/test-dir/MiniOzoneClusterImpl-d1ffa5d3-3301-45c3-9f44-1ffa6967d237/ozone-metadata/datanode-9/ratis
2025-10-17 11:01:19,276 [ed6e9581-5875-4278-a8db-50829892434b-EndpointStateMachineTaskThread-/0.0.0.0:15002-0 ] INFO  volume.StorageVolumeChecker (StorageVolumeChecker.java:checkAllVolumes(231)) - Scheduled health check for volume /home/runner/work/ozone/ozone/hadoop-ozone/integration-test/target/test-dir/MiniOzoneClusterImpl-d1ffa5d3-3301-45c3-9f44-1ffa6967d237/ozone-metadata/datanode-9/ratis
2025-10-17 11:01:19,277 [ed6e9581-5875-4278-a8db-50829892434b-EndpointStateMachineTaskThread-/0.0.0.0:15002-0 ] INFO  ozoneimpl.OzoneContainer (OzoneContainer.java:start(544)) - Attempting to start container services.
2025-10-17 11:01:19,278 [ContainerMetadataScanner] INFO  ozoneimpl.AbstractBackgroundContainerScanner (AbstractBackgroundContainerScanner.java:runIteration(89)) - Completed an iteration in 0 minutes. Number of iterations (since the data-node restart) : 1, Number of containers scanned in this iteration : 0, Number of unhealthy containers found in this iteration : 0
2025-10-17 11:01:19,279 [ContainerDataScanner(/home/runner/work/ozone/ozone/hadoop-ozone/integration-test/target/test-dir/MiniOzoneClusterImpl-d1ffa5d3-3301-45c3-9f44-1ffa6967d237/ozone-metadata/datanode-9/data-0/hdds)] INFO  ozoneimpl.AbstractBackgroundContainerScanner (AbstractBackgroundContainerScanner.java:runIteration(89)) - Completed an iteration in 0 minutes. Number of iterations (since the data-node restart) : 1, Number of containers scanned in this iteration : 0, Number of unhealthy containers found in this iteration : 0
2025-10-17 11:01:19,279 [ed6e9581-5875-4278-a8db-50829892434b-EndpointStateMachineTaskThread-/0.0.0.0:15002-0 ] INFO  replication.ReplicationServer (ReplicationServer.java:start(137)) - ReplicationServer is started using port 15081
2025-10-17 11:01:19,280 [ed6e9581-5875-4278-a8db-50829892434b-EndpointStateMachineTaskThread-/0.0.0.0:15002-0 ] INFO  ratis.XceiverServerRatis (XceiverServerRatis.java:start(559)) - Starting XceiverServerRatis(ed6e9581-5875-4278-a8db-50829892434b)
2025-10-17 11:01:19,281 [ed6e9581-5875-4278-a8db-50829892434b-EndpointStateMachineTaskThread-/0.0.0.0:15002-0 ] INFO  server.RaftServer (RaftServerProxy.java:startImpl(412)) - ed6e9581-5875-4278-a8db-50829892434b: start RPC server
2025-10-17 11:01:19,282 [ed6e9581-5875-4278-a8db-50829892434b-EndpointStateMachineTaskThread-/0.0.0.0:15002-0 ] INFO  server.GrpcServicesImpl (GrpcServicesImpl.java:startImpl(346)) - ed6e9581-5875-4278-a8db-50829892434b: GrpcServicesImpl started, listening on 15077
2025-10-17 11:01:19,283 [ed6e9581-5875-4278-a8db-50829892434b-EndpointStateMachineTaskThread-/0.0.0.0:15002-0 ] INFO  server.GrpcServicesImpl (GrpcServicesImpl.java:startImpl(346)) - ed6e9581-5875-4278-a8db-50829892434b: GrpcServicesImpl started, listening on 15079
2025-10-17 11:01:19,283 [ed6e9581-5875-4278-a8db-50829892434b-EndpointStateMachineTaskThread-/0.0.0.0:15002-0 ] INFO  server.GrpcServicesImpl (GrpcServicesImpl.java:startImpl(346)) - ed6e9581-5875-4278-a8db-50829892434b: GrpcServicesImpl started, listening on 15078
2025-10-17 11:01:19,284 [JvmPauseMonitor11] INFO  util.JvmPauseMonitor (JvmPauseMonitor.java:run(146)) - JvmPauseMonitor-ed6e9581-5875-4278-a8db-50829892434b: Started
2025-10-17 11:01:19,284 [ed6e9581-5875-4278-a8db-50829892434b-EndpointStateMachineTaskThread-/0.0.0.0:15002-0 ] INFO  ratis.XceiverServerRatis (XceiverServerRatis.java:getRealPort(586)) - XceiverServerRatis(ed6e9581-5875-4278-a8db-50829892434b) is started using port RATIS=15077
2025-10-17 11:01:19,284 [ed6e9581-5875-4278-a8db-50829892434b-EndpointStateMachineTaskThread-/0.0.0.0:15002-0 ] INFO  ratis.XceiverServerRatis (XceiverServerRatis.java:getRealPort(586)) - XceiverServerRatis(ed6e9581-5875-4278-a8db-50829892434b) is started using port RATIS_ADMIN=15078
2025-10-17 11:01:19,284 [ed6e9581-5875-4278-a8db-50829892434b-EndpointStateMachineTaskThread-/0.0.0.0:15002-0 ] INFO  ratis.XceiverServerRatis (XceiverServerRatis.java:getRealPort(586)) - XceiverServerRatis(ed6e9581-5875-4278-a8db-50829892434b) is started using port RATIS_SERVER=15079
2025-10-17 11:01:19,284 [ed6e9581-5875-4278-a8db-50829892434b-EndpointStateMachineTaskThread-/0.0.0.0:15002-0 ] INFO  ratis.XceiverServerRatis (XceiverServerRatis.java:getRealPort(586)) - XceiverServerRatis(ed6e9581-5875-4278-a8db-50829892434b) is started using port RATIS_DATASTREAM=15080
2025-10-17 11:01:19,286 [ed6e9581-5875-4278-a8db-50829892434b-EndpointStateMachineTaskThread-/0.0.0.0:15002-0 ] INFO  utils.BackgroundService (BackgroundService.java:start(119)) - Starting service BlockDeletingService with interval 60000 milliseconds
2025-10-17 11:01:19,287 [ed6e9581-5875-4278-a8db-50829892434b-EndpointStateMachineTaskThread-/0.0.0.0:15002-0 ] INFO  utils.BackgroundService (BackgroundService.java:start(119)) - Starting service StaleRecoveringContainerScrubbingService with interval 60000 milliseconds
2025-10-17 11:01:19,291 [IPC Server handler 9 on default port 15002] INFO  net.NetworkTopologyImpl (NetworkTopologyImpl.java:add(133)) - Added a new node: /default-rack/50dccd39-549f-4f43-8b1f-597bf98f9c16
2025-10-17 11:01:19,291 [IPC Server handler 9 on default port 15002] INFO  node.SCMNodeManager (SCMNodeManager.java:register(423)) - Registered datanode: 50dccd39-549f-4f43-8b1f-597bf98f9c16{ip: 127.0.0.1, host: localhost, ports: [HTTP=15058, CLIENT_RPC=15059, REPLICATION=15065, RATIS=15061, RATIS_ADMIN=15062, RATIS_SERVER=15063, RATIS_DATASTREAM=15064, STANDALONE=15060], networkLocation: /default-rack, certSerialId: null, persistedOpState: null, persistedOpStateExpiryEpochSec: 0}
2025-10-17 11:01:19,291 [EventQueue-NodeRegistrationContainerReportForDataNodeSafeModeRule] INFO  safemode.SCMSafeModeManager (SCMSafeModeManager.java:validateSafeModeExitRules(138)) - DataNodeSafeModeRule rule is successfully validated
2025-10-17 11:01:19,291 [EventQueue-PipelineReportForOneReplicaPipelineSafeModeRule] INFO  safemode.SCMSafeModeManager (SCMSafeModeManager.java:validateSafeModeExitRules(138)) - OneReplicaPipelineSafeModeRule rule is successfully validated
2025-10-17 11:01:19,291 | INFO  | SCMAudit | user=runner | ip=127.0.0.1 | op=REGISTER {"datanodeDetails":"50dccd39-549f-4f43-8b1f-597bf98f9c16(localhost/127.0.0.1)"} | ret=SUCCESS |  
2025-10-17 11:01:19,292 [EventQueue-ContainerRegistrationReportForRatisContainerSafeModeRule] INFO  safemode.SCMSafeModeManager (SCMSafeModeManager.java:validateSafeModeExitRules(138)) - RatisContainerSafeModeRule rule is successfully validated
2025-10-17 11:01:19,292 [EventQueue-NewNodeForNewNodeHandler] INFO  pipeline.BackgroundPipelineCreator (BackgroundPipelineCreator.java:notifyEventTriggered(290)) - trigger a one-shot run on RatisPipelineUtilsThread.
2025-10-17 11:01:19,292 [EventQueue-ContainerRegistrationReportForECContainerSafeModeRule] INFO  safemode.SCMSafeModeManager (SCMSafeModeManager.java:validateSafeModeExitRules(138)) - ECContainerSafeModeRule rule is successfully validated
2025-10-17 11:01:19,292 [309ab1ff-9f5a-4058-8b2f-94d451ce5267-CreatePipelineCommandHandlerThread-0] INFO  server.RaftServer (RaftServerProxy.java:addNew(105)) - 309ab1ff-9f5a-4058-8b2f-94d451ce5267: addNew group-71B2DF240043:[309ab1ff-9f5a-4058-8b2f-94d451ce5267|127.0.0.1:15015] returns group-71B2DF240043:java.util.concurrent.CompletableFuture@20ff4631[Not completed]
2025-10-17 11:01:19,293 [RatisPipelineUtilsThread-0] INFO  pipeline.RatisPipelineProvider (RatisPipelineProvider.java:lambda$create$0(208)) - Sending CreatePipelineCommand for pipeline:Pipeline-f6b61d96-eb36-42dc-ac38-4629ca486b08 to datanode:50dccd39-549f-4f43-8b1f-597bf98f9c16(localhost/127.0.0.1)
2025-10-17 11:01:19,296 [069dddce-46ee-48e8-8453-914416002559@group-1FFA6967D237-StateMachineUpdater] INFO  safemode.SCMSafeModeManager (SCMSafeModeManager.java:validateSafeModeExitRules(138)) - DataNodeSafeModeRule rule is successfully validated
2025-10-17 11:01:19,296 [069dddce-46ee-48e8-8453-914416002559@group-1FFA6967D237-StateMachineUpdater] INFO  safemode.SCMSafeModeManager (SCMSafeModeManager.java:validateSafeModeExitRules(138)) - RatisContainerSafeModeRule rule is successfully validated
2025-10-17 11:01:19,296 [069dddce-46ee-48e8-8453-914416002559@group-1FFA6967D237-StateMachineUpdater] INFO  safemode.HealthyPipelineSafeModeRule (HealthyPipelineSafeModeRule.java:initializeRule(226)) - Refreshed total pipeline count is 0, healthy pipeline threshold count is 1
2025-10-17 11:01:19,296 [069dddce-46ee-48e8-8453-914416002559@group-1FFA6967D237-StateMachineUpdater] INFO  safemode.SCMSafeModeManager (SCMSafeModeManager.java:validateSafeModeExitRules(138)) - OneReplicaPipelineSafeModeRule rule is successfully validated
2025-10-17 11:01:19,296 [069dddce-46ee-48e8-8453-914416002559@group-1FFA6967D237-StateMachineUpdater] INFO  safemode.SCMSafeModeManager (SCMSafeModeManager.java:validateSafeModeExitRules(138)) - ECContainerSafeModeRule rule is successfully validated
2025-10-17 11:01:19,296 [RatisPipelineUtilsThread-0] INFO  pipeline.BackgroundPipelineCreator (BackgroundPipelineCreator.java:createPipelines(246)) - Created new pipeline Pipeline{ Id: f6b61d96-eb36-42dc-ac38-4629ca486b08, Nodes: [ {50dccd39-549f-4f43-8b1f-597bf98f9c16(localhost/127.0.0.1), ReplicaIndex: 0},], ReplicationConfig: RATIS/ONE, State:ALLOCATED, leaderId:, CreationTimestamp2025-10-17T11:01:19.293808937Z[Etc/UTC]}
2025-10-17 11:01:19,299 [309ab1ff-9f5a-4058-8b2f-94d451ce5267-groupManagement] INFO  server.RaftServer$Division (RaftServerImpl.java:<init>(268)) - 309ab1ff-9f5a-4058-8b2f-94d451ce5267: new RaftServerImpl for group-71B2DF240043:[309ab1ff-9f5a-4058-8b2f-94d451ce5267|127.0.0.1:15015] with ContainerStateMachine:uninitialized
2025-10-17 11:01:19,299 [309ab1ff-9f5a-4058-8b2f-94d451ce5267-groupManagement] INFO  server.RaftServerConfigKeys (ConfUtils.java:logGet(62)) - raft.server.rpc.timeout.min = 5s (custom)
2025-10-17 11:01:19,300 [309ab1ff-9f5a-4058-8b2f-94d451ce5267-groupManagement] INFO  server.RaftServerConfigKeys (ConfUtils.java:logGet(62)) - raft.server.rpc.timeout.max = 5200ms (custom)
2025-10-17 11:01:19,300 [309ab1ff-9f5a-4058-8b2f-94d451ce5267-groupManagement] INFO  server.RaftServerConfigKeys (ConfUtils.java:logGet(62)) - raft.server.rpc.slowness.timeout = 300s (custom)
2025-10-17 11:01:19,300 [309ab1ff-9f5a-4058-8b2f-94d451ce5267-groupManagement] INFO  server.RaftServer$Division (ServerState.java:<init>(114)) - 309ab1ff-9f5a-4058-8b2f-94d451ce5267@group-71B2DF240043: ConfigurationManager, init=conf: {index: -1, cur=peers:[309ab1ff-9f5a-4058-8b2f-94d451ce5267|127.0.0.1:15015]|listeners:[], old=null}, confs=<EMPTY_MAP>
2025-10-17 11:01:19,300 [309ab1ff-9f5a-4058-8b2f-94d451ce5267-groupManagement] INFO  server.RaftServerConfigKeys (ConfUtils.java:logGet(62)) - raft.server.notification.no-leader.timeout = 300s (custom)
2025-10-17 11:01:19,300 [309ab1ff-9f5a-4058-8b2f-94d451ce5267-groupManagement] INFO  server.RaftServerConfigKeys (ConfUtils.java:logGet(62)) - raft.server.retrycache.expirytime = 600000ms (custom)
2025-10-17 11:01:19,311 [309ab1ff-9f5a-4058-8b2f-94d451ce5267-groupManagement] INFO  server.RaftServerConfigKeys (ConfUtils.java:logGet(62)) - raft.server.storage.dir = [/home/runner/work/ozone/ozone/hadoop-ozone/integration-test/target/test-dir/MiniOzoneClusterImpl-d1ffa5d3-3301-45c3-9f44-1ffa6967d237/ozone-metadata/datanode-1/ratis] (custom)
2025-10-17 11:01:19,311 [309ab1ff-9f5a-4058-8b2f-94d451ce5267-groupManagement] INFO  storage.RaftStorageDirectory (RaftStorageDirectoryImpl.java:analyzeStorage(138)) - The storage directory /home/runner/work/ozone/ozone/hadoop-ozone/integration-test/target/test-dir/MiniOzoneClusterImpl-d1ffa5d3-3301-45c3-9f44-1ffa6967d237/ozone-metadata/datanode-1/ratis/b203f549-6b85-46a8-bf24-71b2df240043 does not exist. Creating ...
2025-10-17 11:01:19,313 [309ab1ff-9f5a-4058-8b2f-94d451ce5267-groupManagement] INFO  storage.RaftStorageDirectory (RaftStorageDirectoryImpl.java:tryLock(229)) - Lock on /home/runner/work/ozone/ozone/hadoop-ozone/integration-test/target/test-dir/MiniOzoneClusterImpl-d1ffa5d3-3301-45c3-9f44-1ffa6967d237/ozone-metadata/datanode-1/ratis/b203f549-6b85-46a8-bf24-71b2df240043/in_use.lock acquired by nodename 40979@localhost
2025-10-17 11:01:19,314 [309ab1ff-9f5a-4058-8b2f-94d451ce5267-groupManagement] INFO  storage.RaftStorage (RaftStorageImpl.java:format(98)) - Storage directory /home/runner/work/ozone/ozone/hadoop-ozone/integration-test/target/test-dir/MiniOzoneClusterImpl-d1ffa5d3-3301-45c3-9f44-1ffa6967d237/ozone-metadata/datanode-1/ratis/b203f549-6b85-46a8-bf24-71b2df240043 has been successfully formatted.
2025-10-17 11:01:19,317 [309ab1ff-9f5a-4058-8b2f-94d451ce5267-groupManagement] INFO  ratis.ContainerStateMachine (ContainerStateMachine.java:initialize(339)) - 309ab1ff-9f5a-4058-8b2f-94d451ce5267: initialize group-71B2DF240043
2025-10-17 11:01:19,318 [309ab1ff-9f5a-4058-8b2f-94d451ce5267-groupManagement] INFO  ratis.ContainerStateMachine (ContainerStateMachine.java:loadSnapshot(347)) - group-71B2DF240043: The snapshot info is null. Setting the last applied index to:<INITIAL_VALUE>
2025-10-17 11:01:19,318 [309ab1ff-9f5a-4058-8b2f-94d451ce5267-groupManagement] INFO  server.RaftServerConfigKeys (ConfUtils.java:logGet(62)) - raft.server.log.appender.buffer.byte-limit = 33554432 (custom)
2025-10-17 11:01:19,328 [309ab1ff-9f5a-4058-8b2f-94d451ce5267-groupManagement] INFO  server.RaftServerConfigKeys (ConfUtils.java:logGet(62)) - raft.server.log.segment.size.max = 67108864 (custom)
2025-10-17 11:01:19,329 [309ab1ff-9f5a-4058-8b2f-94d451ce5267-groupManagement] INFO  server.RaftServerConfigKeys (ConfUtils.java:logGet(62)) - raft.server.log.appender.buffer.byte-limit = 33554432 (custom)
2025-10-17 11:01:19,329 [309ab1ff-9f5a-4058-8b2f-94d451ce5267-groupManagement] INFO  util.AwaitToRun (AwaitToRun.java:start(81)) - Thread[#1230,309ab1ff-9f5a-4058-8b2f-94d451ce5267@group-71B2DF240043-cacheEviction-AwaitToRun,5,main] started
2025-10-17 11:01:19,329 [309ab1ff-9f5a-4058-8b2f-94d451ce5267-groupManagement] INFO  segmented.SegmentedRaftLogWorker (SegmentedRaftLogWorker.java:<init>(190)) - new 309ab1ff-9f5a-4058-8b2f-94d451ce5267@group-71B2DF240043-SegmentedRaftLogWorker for RaftStorageImpl:Storage Directory /home/runner/work/ozone/ozone/hadoop-ozone/integration-test/target/test-dir/MiniOzoneClusterImpl-d1ffa5d3-3301-45c3-9f44-1ffa6967d237/ozone-metadata/datanode-1/ratis/b203f549-6b85-46a8-bf24-71b2df240043
2025-10-17 11:01:19,330 [309ab1ff-9f5a-4058-8b2f-94d451ce5267-groupManagement] INFO  server.RaftServerConfigKeys (ConfUtils.java:logGet(62)) - raft.server.log.queue.byte-limit = 4294967296 (custom)
2025-10-17 11:01:19,330 [309ab1ff-9f5a-4058-8b2f-94d451ce5267-groupManagement] INFO  server.RaftServerConfigKeys (ConfUtils.java:logGet(62)) - raft.server.log.queue.element-limit = 1024 (custom)
2025-10-17 11:01:19,330 [309ab1ff-9f5a-4058-8b2f-94d451ce5267-groupManagement] INFO  server.RaftServerConfigKeys (ConfUtils.java:logGet(62)) - raft.server.log.segment.size.max = 67108864 (custom)
2025-10-17 11:01:19,330 [309ab1ff-9f5a-4058-8b2f-94d451ce5267-groupManagement] INFO  server.RaftServerConfigKeys (ConfUtils.java:logGet(62)) - raft.server.log.preallocated.size = 4194304 (custom)
2025-10-17 11:01:19,330 [309ab1ff-9f5a-4058-8b2f-94d451ce5267-groupManagement] INFO  server.RaftServerConfigKeys (ConfUtils.java:logGet(62)) - raft.server.log.statemachine.data.sync.timeout.retry = 30 (custom)
2025-10-17 11:01:19,332 [309ab1ff-9f5a-4058-8b2f-94d451ce5267-groupManagement] INFO  server.RaftServerConfigKeys (ConfUtils.java:logGet(62)) - raft.server.log.write.buffer.size = 33554440 (custom)
2025-10-17 11:01:19,340 | INFO  | SCMAudit | user=runner | ip=127.0.0.1 | op=SEND_HEARTBEAT {"datanodeUUID":"309ab1ff-9f5a-4058-8b2f-94d451ce5267","term":"2","command":"[]"} | ret=SUCCESS |  
2025-10-17 11:01:19,341 [EventQueue-PipelineReportForOneReplicaPipelineSafeModeRule] INFO  safemode.SCMSafeModeManager (SCMSafeModeManager.java:validateSafeModeExitRules(138)) - OneReplicaPipelineSafeModeRule rule is successfully validated
2025-10-17 11:01:19,344 [309ab1ff-9f5a-4058-8b2f-94d451ce5267-groupManagement] INFO  server.RaftServerConfigKeys (ConfUtils.java:logGet(62)) - raft.server.log.appender.buffer.byte-limit = 33554432 (custom)
2025-10-17 11:01:19,344 [309ab1ff-9f5a-4058-8b2f-94d451ce5267-groupManagement] INFO  server.RaftServerConfigKeys (ConfUtils.java:logGet(62)) - raft.server.log.statemachine.data.caching.enabled = true (custom)
2025-10-17 11:01:19,344 [309ab1ff-9f5a-4058-8b2f-94d451ce5267-groupManagement] INFO  segmented.SegmentedRaftLogWorker (SegmentedRaftLogWorker.java:lambda$new$0(141)) - 309ab1ff-9f5a-4058-8b2f-94d451ce5267@group-71B2DF240043-SegmentedRaftLogWorker: flushIndex: setUnconditionally 0 -> -1
2025-10-17 11:01:19,345 [309ab1ff-9f5a-4058-8b2f-94d451ce5267-groupManagement] INFO  segmented.SegmentedRaftLogWorker (SegmentedRaftLogWorker.java:lambda$new$0(141)) - 309ab1ff-9f5a-4058-8b2f-94d451ce5267@group-71B2DF240043-SegmentedRaftLogWorker: safeCacheEvictIndex: setUnconditionally 0 -> -1
2025-10-17 11:01:19,346 [309ab1ff-9f5a-4058-8b2f-94d451ce5267-groupManagement] INFO  server.RaftServer$Division (RaftServerImpl.java:start(405)) - 309ab1ff-9f5a-4058-8b2f-94d451ce5267@group-71B2DF240043: start as a follower, conf=conf: {index: -1, cur=peers:[309ab1ff-9f5a-4058-8b2f-94d451ce5267|127.0.0.1:15015]|listeners:[], old=null}
2025-10-17 11:01:19,346 [309ab1ff-9f5a-4058-8b2f-94d451ce5267-groupManagement] INFO  server.RaftServer$Division (RaftServerImpl.java:setRole(392)) - 309ab1ff-9f5a-4058-8b2f-94d451ce5267@group-71B2DF240043: changes role from      null to FOLLOWER at term 0 for startAsFollower
2025-10-17 11:01:19,347 [309ab1ff-9f5a-4058-8b2f-94d451ce5267-groupManagement] INFO  impl.RoleInfo (RoleInfo.java:updateAndGet(148)) - 309ab1ff-9f5a-4058-8b2f-94d451ce5267: start 309ab1ff-9f5a-4058-8b2f-94d451ce5267@group-71B2DF240043-FollowerState
2025-10-17 11:01:19,349 [309ab1ff-9f5a-4058-8b2f-94d451ce5267-groupManagement] INFO  util.JmxRegister (JmxRegister.java:tryRegister(44)) - Successfully registered JMX Bean with object name Ratis:service=RaftServer,group=group-71B2DF240043,id=309ab1ff-9f5a-4058-8b2f-94d451ce5267
2025-10-17 11:01:19,349 [309ab1ff-9f5a-4058-8b2f-94d451ce5267-groupManagement] INFO  util.JmxRegister (JmxRegister.java:register(58)) - register mxBean class org.apache.ratis.server.impl.RaftServerJmxAdapter as Ratis:service=RaftServer,group=group-71B2DF240043,id=309ab1ff-9f5a-4058-8b2f-94d451ce5267
2025-10-17 11:01:19,349 [309ab1ff-9f5a-4058-8b2f-94d451ce5267-groupManagement] INFO  server.RaftServerConfigKeys (ConfUtils.java:logGet(62)) - raft.server.snapshot.auto.trigger.threshold = 100000 (custom)
2025-10-17 11:01:19,350 [309ab1ff-9f5a-4058-8b2f-94d451ce5267-groupManagement] INFO  server.RaftServerConfigKeys (ConfUtils.java:logGet(62)) - raft.server.snapshot.retention.file.num = 5 (custom)
2025-10-17 11:01:19,350 [309ab1ff-9f5a-4058-8b2f-94d451ce5267-groupManagement] INFO  server.RaftServerConfigKeys (ConfUtils.java:logGet(62)) - raft.server.log.purge.upto.snapshot.index = false (default)
2025-10-17 11:01:19,353 [069dddce-46ee-48e8-8453-914416002559@group-1FFA6967D237-StateMachineUpdater] INFO  safemode.SCMSafeModeManager (SCMSafeModeManager.java:validateSafeModeExitRules(138)) - DataNodeSafeModeRule rule is successfully validated
2025-10-17 11:01:19,353 [069dddce-46ee-48e8-8453-914416002559@group-1FFA6967D237-StateMachineUpdater] INFO  safemode.SCMSafeModeManager (SCMSafeModeManager.java:validateSafeModeExitRules(138)) - RatisContainerSafeModeRule rule is successfully validated
2025-10-17 11:01:19,353 [069dddce-46ee-48e8-8453-914416002559@group-1FFA6967D237-StateMachineUpdater] INFO  safemode.HealthyPipelineSafeModeRule (HealthyPipelineSafeModeRule.java:initializeRule(226)) - Refreshed total pipeline count is 0, healthy pipeline threshold count is 1
2025-10-17 11:01:19,353 [309ab1ff-9f5a-4058-8b2f-94d451ce5267-groupManagement] INFO  server.RaftServer$Division (RaftServerImpl.java:start(419)) - 309ab1ff-9f5a-4058-8b2f-94d451ce5267@group-71B2DF240043: Successfully started.
2025-10-17 11:01:19,354 [069dddce-46ee-48e8-8453-914416002559@group-1FFA6967D237-StateMachineUpdater] INFO  safemode.SCMSafeModeManager (SCMSafeModeManager.java:validateSafeModeExitRules(138)) - OneReplicaPipelineSafeModeRule rule is successfully validated
2025-10-17 11:01:19,354 [069dddce-46ee-48e8-8453-914416002559@group-1FFA6967D237-StateMachineUpdater] INFO  safemode.SCMSafeModeManager (SCMSafeModeManager.java:validateSafeModeExitRules(138)) - ECContainerSafeModeRule rule is successfully validated
2025-10-17 11:01:19,355 [EventQueue-PipelineReportForPipelineReportHandler] INFO  pipeline.PipelineReportHandler (PipelineReportHandler.java:processPipelineReport(132)) - Opened pipeline Pipeline-b203f549-6b85-46a8-bf24-71b2df240043
2025-10-17 11:01:19,356 [309ab1ff-9f5a-4058-8b2f-94d451ce5267-CreatePipelineCommandHandlerThread-0] INFO  ratis.XceiverServerRatis (XceiverServerRatis.java:addGroup(839)) - Created group Pipeline-b203f549-6b85-46a8-bf24-71b2df240043
2025-10-17 11:01:19,356 [309ab1ff-9f5a-4058-8b2f-94d451ce5267-CreatePipelineCommandHandlerThread-0] INFO  commandhandler.CreatePipelineCommandHandler (CreatePipelineCommandHandler.java:lambda$handle$2(141)) - Created Pipeline RATIS ONE Pipeline-b203f549-6b85-46a8-bf24-71b2df240043.
2025-10-17 11:01:19,357 [309ab1ff-9f5a-4058-8b2f-94d451ce5267-CreatePipelineCommandHandlerThread-0] INFO  server.RaftServer (RaftServerProxy.java:addNew(105)) - 309ab1ff-9f5a-4058-8b2f-94d451ce5267: addNew group-F894A97E0367:[99c47355-c013-4450-a734-aff6d3c99677|127.0.0.1:15023, b292b6be-9482-4c30-a3e0-c9f721931b72|127.0.0.1:15031, 309ab1ff-9f5a-4058-8b2f-94d451ce5267|127.0.0.1:15015] returns group-F894A97E0367:java.util.concurrent.CompletableFuture@1244db49[Not completed]
2025-10-17 11:01:19,359 [309ab1ff-9f5a-4058-8b2f-94d451ce5267-groupManagement] INFO  server.RaftServer$Division (RaftServerImpl.java:<init>(268)) - 309ab1ff-9f5a-4058-8b2f-94d451ce5267: new RaftServerImpl for group-F894A97E0367:[99c47355-c013-4450-a734-aff6d3c99677|127.0.0.1:15023, b292b6be-9482-4c30-a3e0-c9f721931b72|127.0.0.1:15031, 309ab1ff-9f5a-4058-8b2f-94d451ce5267|127.0.0.1:15015] with ContainerStateMachine:uninitialized
2025-10-17 11:01:19,361 [309ab1ff-9f5a-4058-8b2f-94d451ce5267-groupManagement] INFO  server.RaftServer$Division (ServerState.java:<init>(114)) - 309ab1ff-9f5a-4058-8b2f-94d451ce5267@group-F894A97E0367: ConfigurationManager, init=conf: {index: -1, cur=peers:[99c47355-c013-4450-a734-aff6d3c99677|127.0.0.1:15023, b292b6be-9482-4c30-a3e0-c9f721931b72|127.0.0.1:15031, 309ab1ff-9f5a-4058-8b2f-94d451ce5267|127.0.0.1:15015]|listeners:[], old=null}, confs=<EMPTY_MAP>
2025-10-17 11:01:19,365 [ForkJoinPool-1-worker-1] INFO  handler.ContextHandler (ContextHandler.java:doStart(921)) - Started o.e.j.w.WebAppContext@6e0a1e5e{hddsDatanode,/,file:///home/runner/work/ozone/ozone/hadoop-ozone/integration-test/target/test-dir/MiniOzoneClusterImpl-d1ffa5d3-3301-45c3-9f44-1ffa6967d237/scm/ozone-metadata/webserver/jetty-0_0_0_0-15098-hdds-container-service-2_1_0-SNAPSHOT_jar-_-any-1938390375048964177/webapp/,AVAILABLE}{jar:file:/home/runner/work/ozone/ozone/hadoop-hdds/container-service/target/hdds-container-service-2.1.0-SNAPSHOT.jar!/webapps/hddsDatanode}
2025-10-17 11:01:19,365 [ForkJoinPool-1-worker-1] INFO  server.AbstractConnector (AbstractConnector.java:doStart(333)) - Started ServerConnector@21e1dca{HTTP/1.1, (http/1.1)}{0.0.0.0:15098}
2025-10-17 11:01:19,365 [ForkJoinPool-1-worker-1] INFO  server.Server (Server.java:doStart(415)) - Started @12892ms
2025-10-17 11:01:19,365 [ForkJoinPool-1-worker-1] WARN  impl.MetricsSystemImpl (MetricsSystemImpl.java:register(279)) - Sink prometheus already exists!
2025-10-17 11:01:19,365 [ForkJoinPool-1-worker-1] INFO  http.BaseHttpServer (BaseHttpServer.java:updateConnectorAddress(357)) - HTTP server of hddsDatanode listening at http://localhost:15098
2025-10-17 11:01:19,366 [ForkJoinPool-1-worker-1] INFO  ipc.CallQueueManager (CallQueueManager.java:<init>(93)) - Using callQueue: class java.util.concurrent.LinkedBlockingQueue, queueCapacity: 1000, scheduler: class org.apache.hadoop.ipc.DefaultRpcScheduler, ipcBackoff: false, ipcFailOver: false.
2025-10-17 11:01:19,366 [ForkJoinPool-1-worker-1] INFO  ipc.Server (Server.java:<init>(1438)) - Listener at 0.0.0.0:15099
2025-10-17 11:01:19,367 [Socket Reader #1 for port 15099] INFO  ipc.Server (Server.java:run(1474)) - Starting Socket Reader #1 for port 15099
2025-10-17 11:01:19,367 [Socket Reader #2 for port 15099] INFO  ipc.Server (Server.java:run(1474)) - Starting Socket Reader #2 for port 15099
2025-10-17 11:01:19,367 [Socket Reader #3 for port 15099] INFO  ipc.Server (Server.java:run(1474)) - Starting Socket Reader #3 for port 15099
2025-10-17 11:01:19,368 [Socket Reader #4 for port 15099] INFO  ipc.Server (Server.java:run(1474)) - Starting Socket Reader #4 for port 15099
2025-10-17 11:01:19,369 [Socket Reader #5 for port 15099] INFO  ipc.Server (Server.java:run(1474)) - Starting Socket Reader #5 for port 15099
2025-10-17 11:01:19,369 [Socket Reader #6 for port 15099] INFO  ipc.Server (Server.java:run(1474)) - Starting Socket Reader #6 for port 15099
2025-10-17 11:01:19,370 [Socket Reader #7 for port 15099] INFO  ipc.Server (Server.java:run(1474)) - Starting Socket Reader #7 for port 15099
2025-10-17 11:01:19,370 [Socket Reader #8 for port 15099] INFO  ipc.Server (Server.java:run(1474)) - Starting Socket Reader #8 for port 15099
2025-10-17 11:01:19,371 [Socket Reader #9 for port 15099] INFO  ipc.Server (Server.java:run(1474)) - Starting Socket Reader #9 for port 15099
2025-10-17 11:01:19,374 [Socket Reader #10 for port 15099] INFO  ipc.Server (Server.java:run(1474)) - Starting Socket Reader #10 for port 15099
2025-10-17 11:01:19,375 [309ab1ff-9f5a-4058-8b2f-94d451ce5267-groupManagement] INFO  storage.RaftStorageDirectory (RaftStorageDirectoryImpl.java:analyzeStorage(138)) - The storage directory /home/runner/work/ozone/ozone/hadoop-ozone/integration-test/target/test-dir/MiniOzoneClusterImpl-d1ffa5d3-3301-45c3-9f44-1ffa6967d237/ozone-metadata/datanode-1/ratis/ae51cc73-aed0-4fa1-9a76-f894a97e0367 does not exist. Creating ...
2025-10-17 11:01:19,376 [ForkJoinPool-1-worker-1] INFO  ozone.HddsDatanodeService (HddsDatanodeService.java:start(333)) - Datanode start with admins: [admin, runner]
2025-10-17 11:01:19,376 [ForkJoinPool-1-worker-1] INFO  ozone.HddsDatanodeClientProtocolServer (HddsDatanodeClientProtocolServer.java:start(76)) - RPC server for Client /0.0.0.0:15099
2025-10-17 11:01:19,376 [IPC Server Responder] INFO  ipc.Server (Server.java:run(1713)) - IPC Server Responder: starting
2025-10-17 11:01:19,377 [IPC Server listener on 15099] INFO  ipc.Server (Server.java:run(1553)) - IPC Server listener on 15099: starting
2025-10-17 11:01:19,377 [309ab1ff-9f5a-4058-8b2f-94d451ce5267-groupManagement] INFO  storage.RaftStorageDirectory (RaftStorageDirectoryImpl.java:tryLock(229)) - Lock on /home/runner/work/ozone/ozone/hadoop-ozone/integration-test/target/test-dir/MiniOzoneClusterImpl-d1ffa5d3-3301-45c3-9f44-1ffa6967d237/ozone-metadata/datanode-1/ratis/ae51cc73-aed0-4fa1-9a76-f894a97e0367/in_use.lock acquired by nodename 40979@localhost
2025-10-17 11:01:19,378 [309ab1ff-9f5a-4058-8b2f-94d451ce5267-groupManagement] INFO  storage.RaftStorage (RaftStorageImpl.java:format(98)) - Storage directory /home/runner/work/ozone/ozone/hadoop-ozone/integration-test/target/test-dir/MiniOzoneClusterImpl-d1ffa5d3-3301-45c3-9f44-1ffa6967d237/ozone-metadata/datanode-1/ratis/ae51cc73-aed0-4fa1-9a76-f894a97e0367 has been successfully formatted.
2025-10-17 11:01:19,378 [309ab1ff-9f5a-4058-8b2f-94d451ce5267-groupManagement] INFO  ratis.ContainerStateMachine (ContainerStateMachine.java:initialize(339)) - 309ab1ff-9f5a-4058-8b2f-94d451ce5267: initialize group-F894A97E0367
2025-10-17 11:01:19,379 [309ab1ff-9f5a-4058-8b2f-94d451ce5267-groupManagement] INFO  ratis.ContainerStateMachine (ContainerStateMachine.java:loadSnapshot(347)) - group-F894A97E0367: The snapshot info is null. Setting the last applied index to:<INITIAL_VALUE>
2025-10-17 11:01:19,379 [309ab1ff-9f5a-4058-8b2f-94d451ce5267-groupManagement] INFO  server.RaftServerConfigKeys (ConfUtils.java:logGet(62)) - raft.server.log.appender.buffer.byte-limit = 33554432 (custom)
2025-10-17 11:01:19,380 [EventQueue-PipelineReportForOneReplicaPipelineSafeModeRule] INFO  safemode.SCMSafeModeManager (SCMSafeModeManager.java:validateSafeModeExitRules(138)) - OneReplicaPipelineSafeModeRule rule is successfully validated
2025-10-17 11:01:19,380 | INFO  | SCMAudit | user=runner | ip=127.0.0.1 | op=SEND_HEARTBEAT {"datanodeUUID":"309ab1ff-9f5a-4058-8b2f-94d451ce5267","term":"2","command":"[]"} | ret=SUCCESS |  
2025-10-17 11:01:19,382 [ForkJoinPool-1-worker-1] WARN  dropwizard3.Dm3MetricRegistriesImpl (Dm3MetricRegistriesImpl.java:addReporterRegistration(114)) - New reporters are added after registries were created. Some metrics will be missing from the reporter. Please add reporter before adding any new registry.
2025-10-17 11:01:19,382 [ForkJoinPool-1-worker-1] WARN  dropwizard3.Dm3MetricRegistriesImpl (Dm3MetricRegistriesImpl.java:addReporterRegistration(114)) - New reporters are added after registries were created. Some metrics will be missing from the reporter. Please add reporter before adding any new registry.
2025-10-17 11:01:19,382 [309ab1ff-9f5a-4058-8b2f-94d451ce5267-groupManagement] INFO  server.RaftServerConfigKeys (ConfUtils.java:logGet(62)) - raft.server.log.segment.size.max = 67108864 (custom)
2025-10-17 11:01:19,383 [309ab1ff-9f5a-4058-8b2f-94d451ce5267-groupManagement] INFO  server.RaftServerConfigKeys (ConfUtils.java:logGet(62)) - raft.server.log.appender.buffer.byte-limit = 33554432 (custom)
2025-10-17 11:01:19,384 [309ab1ff-9f5a-4058-8b2f-94d451ce5267-groupManagement] INFO  util.AwaitToRun (AwaitToRun.java:start(81)) - Thread[#1261,309ab1ff-9f5a-4058-8b2f-94d451ce5267@group-F894A97E0367-cacheEviction-AwaitToRun,5,main] started
2025-10-17 11:01:19,384 [309ab1ff-9f5a-4058-8b2f-94d451ce5267-groupManagement] INFO  segmented.SegmentedRaftLogWorker (SegmentedRaftLogWorker.java:<init>(190)) - new 309ab1ff-9f5a-4058-8b2f-94d451ce5267@group-F894A97E0367-SegmentedRaftLogWorker for RaftStorageImpl:Storage Directory /home/runner/work/ozone/ozone/hadoop-ozone/integration-test/target/test-dir/MiniOzoneClusterImpl-d1ffa5d3-3301-45c3-9f44-1ffa6967d237/ozone-metadata/datanode-1/ratis/ae51cc73-aed0-4fa1-9a76-f894a97e0367
2025-10-17 11:01:19,385 [309ab1ff-9f5a-4058-8b2f-94d451ce5267-groupManagement] INFO  server.RaftServerConfigKeys (ConfUtils.java:logGet(62)) - raft.server.log.queue.byte-limit = 4294967296 (custom)
2025-10-17 11:01:19,385 [309ab1ff-9f5a-4058-8b2f-94d451ce5267-groupManagement] INFO  server.RaftServerConfigKeys (ConfUtils.java:logGet(62)) - raft.server.log.segment.size.max = 67108864 (custom)
2025-10-17 11:01:19,385 [309ab1ff-9f5a-4058-8b2f-94d451ce5267-groupManagement] INFO  server.RaftServerConfigKeys (ConfUtils.java:logGet(62)) - raft.server.log.preallocated.size = 4194304 (custom)
2025-10-17 11:01:19,385 [3a11eef6-a527-493c-8ba3-ae39ecaefa56-DatanodeStateMachineDaemonThread] INFO  statemachine.DatanodeStateMachine (DatanodeStateMachine.java:startStateMachineThread(363)) - Ozone container server started.
2025-10-17 11:01:19,386 [309ab1ff-9f5a-4058-8b2f-94d451ce5267-groupManagement] INFO  server.RaftServerConfigKeys (ConfUtils.java:logGet(62)) - raft.server.log.write.buffer.size = 33554440 (custom)
2025-10-17 11:01:19,395 [309ab1ff-9f5a-4058-8b2f-94d451ce5267-groupManagement] INFO  server.RaftServerConfigKeys (ConfUtils.java:logGet(62)) - raft.server.log.appender.buffer.byte-limit = 33554432 (custom)
2025-10-17 11:01:19,395 [309ab1ff-9f5a-4058-8b2f-94d451ce5267-groupManagement] INFO  segmented.SegmentedRaftLogWorker (SegmentedRaftLogWorker.java:lambda$new$0(141)) - 309ab1ff-9f5a-4058-8b2f-94d451ce5267@group-F894A97E0367-SegmentedRaftLogWorker: flushIndex: setUnconditionally 0 -> -1
2025-10-17 11:01:19,395 [3a11eef6-a527-493c-8ba3-ae39ecaefa56-DatanodeStateMachineTaskThread-0] INFO  datanode.InitDatanodeState (InitDatanodeState.java:persistContainerDatanodeDetails(139)) - DatanodeDetails is persisted to /home/runner/work/ozone/ozone/hadoop-ozone/integration-test/target/test-dir/MiniOzoneClusterImpl-d1ffa5d3-3301-45c3-9f44-1ffa6967d237/ozone-metadata/datanode-12/ozone-metadata/datanode.id
2025-10-17 11:01:19,395 [309ab1ff-9f5a-4058-8b2f-94d451ce5267-groupManagement] INFO  segmented.SegmentedRaftLogWorker (SegmentedRaftLogWorker.java:lambda$new$0(141)) - 309ab1ff-9f5a-4058-8b2f-94d451ce5267@group-F894A97E0367-SegmentedRaftLogWorker: safeCacheEvictIndex: setUnconditionally 0 -> -1
2025-10-17 11:01:19,396 [309ab1ff-9f5a-4058-8b2f-94d451ce5267-groupManagement] INFO  server.RaftServer$Division (RaftServerImpl.java:start(405)) - 309ab1ff-9f5a-4058-8b2f-94d451ce5267@group-F894A97E0367: start as a follower, conf=conf: {index: -1, cur=peers:[99c47355-c013-4450-a734-aff6d3c99677|127.0.0.1:15023, b292b6be-9482-4c30-a3e0-c9f721931b72|127.0.0.1:15031, 309ab1ff-9f5a-4058-8b2f-94d451ce5267|127.0.0.1:15015]|listeners:[], old=null}
2025-10-17 11:01:19,396 [309ab1ff-9f5a-4058-8b2f-94d451ce5267-groupManagement] INFO  server.RaftServer$Division (RaftServerImpl.java:setRole(392)) - 309ab1ff-9f5a-4058-8b2f-94d451ce5267@group-F894A97E0367: changes role from      null to FOLLOWER at term 0 for startAsFollower
2025-10-17 11:01:19,396 [309ab1ff-9f5a-4058-8b2f-94d451ce5267-groupManagement] INFO  impl.RoleInfo (RoleInfo.java:updateAndGet(148)) - 309ab1ff-9f5a-4058-8b2f-94d451ce5267: start 309ab1ff-9f5a-4058-8b2f-94d451ce5267@group-F894A97E0367-FollowerState
2025-10-17 11:01:19,396 [309ab1ff-9f5a-4058-8b2f-94d451ce5267-groupManagement] INFO  util.JmxRegister (JmxRegister.java:tryRegister(44)) - Successfully registered JMX Bean with object name Ratis:service=RaftServer,group=group-F894A97E0367,id=309ab1ff-9f5a-4058-8b2f-94d451ce5267
2025-10-17 11:01:19,396 [309ab1ff-9f5a-4058-8b2f-94d451ce5267-groupManagement] INFO  util.JmxRegister (JmxRegister.java:register(58)) - register mxBean class org.apache.ratis.server.impl.RaftServerJmxAdapter as Ratis:service=RaftServer,group=group-F894A97E0367,id=309ab1ff-9f5a-4058-8b2f-94d451ce5267
2025-10-17 11:01:19,399 [309ab1ff-9f5a-4058-8b2f-94d451ce5267-groupManagement] INFO  server.RaftServer$Division (RaftServerImpl.java:start(419)) - 309ab1ff-9f5a-4058-8b2f-94d451ce5267@group-F894A97E0367: Successfully started.
2025-10-17 11:01:19,400 [309ab1ff-9f5a-4058-8b2f-94d451ce5267-CreatePipelineCommandHandlerThread-0] INFO  ratis.XceiverServerRatis (XceiverServerRatis.java:addGroup(839)) - Created group Pipeline-ae51cc73-aed0-4fa1-9a76-f894a97e0367
2025-10-17 11:01:19,408 [ForkJoinPool-1-worker-1] INFO  protocol.DatanodeDetails (DatanodeDetails.java:validateDatanodeIpAddress(199)) - Updating IP address of datanode b6f92338-e951-49df-a986-ea31ece96e9e(localhost/null) to 127.0.0.1
2025-10-17 11:01:19,408 [ForkJoinPool-1-worker-1] INFO  ozone.HddsDatanodeService (HddsDatanodeService.java:start(236)) - HddsDatanodeService b6f92338-e951-49df-a986-ea31ece96e9e(localhost/127.0.0.1)
2025-10-17 11:01:19,411 [ForkJoinPool-1-worker-1] INFO  upgrade.AbstractLayoutVersionManager (AbstractLayoutVersionManager.java:init(80)) - Initializing Layout version manager with metadata layout = WITNESSED_CONTAINER_DB_PROTO_VALUE (version = 9), software layout = WITNESSED_CONTAINER_DB_PROTO_VALUE (version = 9)
2025-10-17 11:01:19,412 [ForkJoinPool-1-worker-1] INFO  statemachine.DatanodeStateMachine (DatanodeStateMachine.java:getEndPointTaskThreadPoolSize(321)) - Datanode State Machine Task Thread Pool size 2
2025-10-17 11:01:19,417 [ForkJoinPool-1-worker-1] INFO  volume.HddsVolume (HddsVolume.java:<init>(162)) - HddsVolume: { id=DS-41c6d75d-17fb-4bbf-bdda-8b78b86301ea dir=/home/runner/work/ozone/ozone/hadoop-ozone/integration-test/target/test-dir/MiniOzoneClusterImpl-d1ffa5d3-3301-45c3-9f44-1ffa6967d237/ozone-metadata/datanode-13/data-0/hdds type=DISK capacity=9222449699674390527 used=0 available=9222449699674390527 minFree=184448985434423296 committed=0 }
2025-10-17 11:01:19,417 [ForkJoinPool-1-worker-1] INFO  volume.MutableVolumeSet (MutableVolumeSet.java:initializeVolumeSet(175)) - Added Volume : /home/runner/work/ozone/ozone/hadoop-ozone/integration-test/target/test-dir/MiniOzoneClusterImpl-d1ffa5d3-3301-45c3-9f44-1ffa6967d237/ozone-metadata/datanode-13/data-0/hdds to VolumeSet
2025-10-17 11:01:19,418 [ForkJoinPool-1-worker-1] INFO  volume.MutableVolumeSet (MutableVolumeSet.java:initializeVolumeSet(175)) - Added Volume : /home/runner/work/ozone/ozone/hadoop-ozone/integration-test/target/test-dir/MiniOzoneClusterImpl-d1ffa5d3-3301-45c3-9f44-1ffa6967d237/ozone-metadata/datanode-13/ratis to VolumeSet
2025-10-17 11:01:19,419 [ForkJoinPool-1-worker-1] INFO  ozoneimpl.OzoneContainer (HddsVolumeUtil.java:loadAllHddsVolumeDbStore(102)) - Load 1 volumes DbStore cost: 0ms
2025-10-17 11:01:19,420 [ForkJoinPool-1-worker-1] WARN  db.DBStoreBuilder (DBStoreBuilder.java:getDBDirPath(157)) - ozone.scm.datanode.id.dir is not configured. We recommend adding this setting. Falling back to ozone.metadata.dirs instead.
2025-10-17 11:01:19,421 [ForkJoinPool-1-worker-1] WARN  db.DBStoreBuilder (DBStoreBuilder.java:getDBDirPath(157)) - ozone.scm.datanode.id.dir is not configured. We recommend adding this setting. Falling back to ozone.metadata.dirs instead.
2025-10-17 11:01:19,434 [ForkJoinPool-1-worker-1] INFO  impl.FilePerChunkStrategy (FilePerChunkStrategy.java:<init>(79)) - ozone.chunk.read.mapped.buffer.max.count is load with 0
2025-10-17 11:01:19,435 [ForkJoinPool-1-worker-1] INFO  impl.FilePerBlockStrategy (FilePerBlockStrategy.java:<init>(88)) - ozone.chunk.read.mapped.buffer.max.count is load with 0
2025-10-17 11:01:19,435 [ForkJoinPool-1-worker-1] INFO  server.RaftServerConfigKeys (ConfUtils.java:logGet(62)) - raft.server.log.appender.buffer.byte-limit = 33554432 (custom)
2025-10-17 11:01:19,437 [ForkJoinPool-1-worker-1] INFO  grpc.GrpcConfigKeys (ConfUtils.java:logFallback(69)) - raft.grpc.admin.host = null (fallback to raft.grpc.server.host)
2025-10-17 11:01:19,437 [ForkJoinPool-1-worker-1] INFO  grpc.GrpcConfigKeys (ConfUtils.java:logGet(62)) - raft.grpc.admin.port = 15110 (custom)
2025-10-17 11:01:19,437 [ForkJoinPool-1-worker-1] INFO  grpc.GrpcConfigKeys (ConfUtils.java:logFallback(69)) - raft.grpc.client.host = null (fallback to raft.grpc.server.host)
2025-10-17 11:01:19,437 [ForkJoinPool-1-worker-1] INFO  grpc.GrpcConfigKeys (ConfUtils.java:logGet(62)) - raft.grpc.client.port = 15109 (custom)
2025-10-17 11:01:19,437 [ForkJoinPool-1-worker-1] INFO  grpc.GrpcConfigKeys (ConfUtils.java:logGet(62)) - raft.grpc.server.port = 15111 (custom)
2025-10-17 11:01:19,437 [ForkJoinPool-1-worker-1] INFO  server.GrpcServicesImpl (ConfUtils.java:logGet(62)) - raft.grpc.message.size.max = 34603008 (custom)
2025-10-17 11:01:19,437 [ForkJoinPool-1-worker-1] INFO  server.GrpcServicesImpl (ConfUtils.java:logGet(62)) - raft.grpc.flow.control.window = 5MB (=5242880) (custom)
2025-10-17 11:01:19,438 [ForkJoinPool-1-worker-1] INFO  server.RaftServerConfigKeys (ConfUtils.java:logGet(62)) - raft.server.log.appender.buffer.byte-limit = 33554432 (custom)
2025-10-17 11:01:19,441 [ForkJoinPool-1-worker-1] INFO  netty.NettyUtils (NettyUtils.java:newEventLoopGroup(74)) - Create EpollEventLoopGroup for b6f92338-e951-49df-a986-ea31ece96e9e-NettyServerStreamRpc-bossGroup; Thread size is 0.
2025-10-17 11:01:19,441 [ForkJoinPool-1-worker-1] INFO  netty.NettyUtils (NettyUtils.java:newEventLoopGroup(74)) - Create EpollEventLoopGroup for b6f92338-e951-49df-a986-ea31ece96e9e-NettyServerStreamRpc-workerGroup; Thread size is 0.
2025-10-17 11:01:19,442 [ForkJoinPool-1-worker-1] INFO  netty.NettyConfigKeys$DataStream (ConfUtils.java:logGet(62)) - raft.netty.dataStream.port = 15112 (custom)
2025-10-17 11:01:19,443 [b6f92338-e951-49df-a986-ea31ece96e9e-NettyServerStreamRpc-bossGroup--thread1] INFO  logging.LoggingHandler (AbstractInternalLogger.java:log(148)) - [id: 0xe83560b9] REGISTERED
2025-10-17 11:01:19,443 [ForkJoinPool-1-worker-1] INFO  server.RaftServerConfigKeys (ConfUtils.java:logGet(62)) - raft.server.storage.dir = [/home/runner/work/ozone/ozone/hadoop-ozone/integration-test/target/test-dir/MiniOzoneClusterImpl-d1ffa5d3-3301-45c3-9f44-1ffa6967d237/ozone-metadata/datanode-13/ratis] (custom)
2025-10-17 11:01:19,444 [b6f92338-e951-49df-a986-ea31ece96e9e-NettyServerStreamRpc-bossGroup--thread1] INFO  logging.LoggingHandler (AbstractInternalLogger.java:log(148)) - [id: 0xe83560b9] BIND: 0.0.0.0/0.0.0.0:15112
2025-10-17 11:01:19,444 [b6f92338-e951-49df-a986-ea31ece96e9e-NettyServerStreamRpc-bossGroup--thread1] INFO  logging.LoggingHandler (AbstractInternalLogger.java:log(148)) - [id: 0xe83560b9, L:/0.0.0.0:15112] ACTIVE
2025-10-17 11:01:19,444 [b6f92338-e951-49df-a986-ea31ece96e9e-impl-thread1] INFO  server.RaftServer (RaftServerProxy.java:initGroupDir(270)) - b6f92338-e951-49df-a986-ea31ece96e9e: found a subdirectory /home/runner/work/ozone/ozone/hadoop-ozone/integration-test/target/test-dir/MiniOzoneClusterImpl-d1ffa5d3-3301-45c3-9f44-1ffa6967d237/ozone-metadata/datanode-13/ratis/tmp
2025-10-17 11:01:19,444 [b6f92338-e951-49df-a986-ea31ece96e9e-impl-thread1] INFO  server.RaftServer (RaftServerProxy.java:initGroupDir(275)) - b6f92338-e951-49df-a986-ea31ece96e9e: The directory /home/runner/work/ozone/ozone/hadoop-ozone/integration-test/target/test-dir/MiniOzoneClusterImpl-d1ffa5d3-3301-45c3-9f44-1ffa6967d237/ozone-metadata/datanode-13/ratis/tmp is not a group directory; ignoring it. 
2025-10-17 11:01:19,444 [ForkJoinPool-1-worker-1] INFO  replication.ReplicationServer (ReplicationServer.java:<init>(84)) - Initializing replication server with thread count = 10 queue length = 4096
2025-10-17 11:01:19,446 [ForkJoinPool-1-worker-1] INFO  server.XceiverServerGrpc (XceiverServerGrpc.java:<init>(129)) - GrpcServer channel type EpollServerSocketChannel
2025-10-17 11:01:19,447 [ForkJoinPool-1-worker-1] INFO  replication.ReplicationSupervisor (ReplicationSupervisor.java:build(169)) - Initializing replication supervisor with thread count = 10
2025-10-17 11:01:19,447 [ForkJoinPool-1-worker-1] INFO  replication.ReplicationSupervisor (ReplicationSupervisor.java:nodeStateUpdated(358)) - Node state updated to IN_SERVICE, scaling executor pool size to 10
2025-10-17 11:01:19,450 [ForkJoinPool-1-worker-1] INFO  http.BaseHttpServer (BaseHttpServer.java:newHttpServer2BuilderForOzone(227)) - Starting Web-server for hddsDatanode at: http://0.0.0.0:15106
2025-10-17 11:01:19,450 [ForkJoinPool-1-worker-1] INFO  http.BaseHttpServer (BaseHttpServer.java:<init>(105)) - Hadoop Security Enabled: false Ozone Security Enabled: false Ozone HTTP Security Enabled: false 
2025-10-17 11:01:19,451 [ForkJoinPool-1-worker-1] WARN  server.AuthenticationFilter (AuthenticationFilter.java:constructSecretProvider(240)) - Unable to initialize FileSignerSecretProvider, falling back to use random secrets. Reason: Could not read signature secret file: /home/runner/hadoop-http-auth-signature-secret
2025-10-17 11:01:19,455 | INFO  | SCMAudit | user=runner | ip=127.0.0.1 | op=GET_VERSION {} | ret=SUCCESS |  
2025-10-17 11:01:19,457 [ForkJoinPool-1-worker-1] INFO  http.HttpServer2 (HttpServer2.java:addGlobalFilter(1040)) - Added global filter 'safety' (class=org.apache.hadoop.hdds.server.http.HttpServer2$QuotingInputFilter)
2025-10-17 11:01:19,458 [ForkJoinPool-1-worker-1] INFO  http.HttpServer2 (HttpServer2.java:addFilter(1016)) - Added filter static_user_filter (class=org.apache.hadoop.http.lib.StaticUserWebFilter$StaticUserFilter) to context hddsDatanode
2025-10-17 11:01:19,458 [ForkJoinPool-1-worker-1] INFO  http.HttpServer2 (HttpServer2.java:addFilter(1024)) - Added filter static_user_filter (class=org.apache.hadoop.http.lib.StaticUserWebFilter$StaticUserFilter) to context static
2025-10-17 11:01:19,458 [ForkJoinPool-1-worker-1] INFO  http.HttpServer2 (HttpServer2.java:addFilter(1024)) - Added filter static_user_filter (class=org.apache.hadoop.http.lib.StaticUserWebFilter$StaticUserFilter) to context logs
2025-10-17 11:01:19,459 [ForkJoinPool-1-worker-1] INFO  http.BaseHttpServer (BaseHttpServer.java:<init>(193)) - HTTP server of hddsDatanode uses base directory /home/runner/work/ozone/ozone/hadoop-ozone/integration-test/target/test-dir/MiniOzoneClusterImpl-d1ffa5d3-3301-45c3-9f44-1ffa6967d237/scm/ozone-metadata/webserver
2025-10-17 11:01:19,460 [ForkJoinPool-1-worker-1] INFO  http.HttpServer2 (HttpServer2.java:bindListener(1240)) - Jetty bound to port 15106
2025-10-17 11:01:19,460 [ForkJoinPool-1-worker-1] INFO  server.Server (Server.java:doStart(375)) - jetty-9.4.58.v20250814; built: 2025-08-14T02:28:49.637Z; git: 8f1440587e9e4ae7db3d74cf205643f3d707148d; jvm 21.0.8+9-LTS
2025-10-17 11:01:19,465 [ForkJoinPool-1-worker-1] INFO  server.session (DefaultSessionIdManager.java:doStart(334)) - DefaultSessionIdManager workerName=node0
2025-10-17 11:01:19,466 [ForkJoinPool-1-worker-1] INFO  server.session (DefaultSessionIdManager.java:doStart(339)) - No SessionScavenger set, using defaults
2025-10-17 11:01:19,466 [ForkJoinPool-1-worker-1] INFO  server.session (HouseKeeper.java:startScavenging(132)) - node0 Scavenging every 660000ms
2025-10-17 11:01:19,466 [ForkJoinPool-1-worker-1] INFO  handler.ContextHandler (ContextHandler.java:doStart(921)) - Started o.e.j.s.ServletContextHandler@2233a8fb{logs,/logs,file:///home/runner/work/ozone/ozone/hadoop-ozone/integration-test/target/log,AVAILABLE}
2025-10-17 11:01:19,468 [ForkJoinPool-1-worker-1] INFO  handler.ContextHandler (ContextHandler.java:doStart(921)) - Started o.e.j.s.ServletContextHandler@2c510e46{static,/static,jar:file:/home/runner/work/ozone/ozone/hadoop-hdds/container-service/target/hdds-container-service-2.1.0-SNAPSHOT.jar!/webapps/static,AVAILABLE}
2025-10-17 11:01:19,512 [28c08cd4-c049-4c66-8210-e254cf68b291-EndpointStateMachineTaskThread-/0.0.0.0:15002-0 ] INFO  utils.DatanodeStoreCache (DatanodeStoreCache.java:addDB(70)) - Added db /home/runner/work/ozone/ozone/hadoop-ozone/integration-test/target/test-dir/MiniOzoneClusterImpl-d1ffa5d3-3301-45c3-9f44-1ffa6967d237/ozone-metadata/datanode-10/data-0/hdds/d1ffa5d3-3301-45c3-9f44-1ffa6967d237/DS-213b91bd-661d-4b60-8412-1e384095eb63/container.db to cache
2025-10-17 11:01:19,512 [28c08cd4-c049-4c66-8210-e254cf68b291-EndpointStateMachineTaskThread-/0.0.0.0:15002-0 ] INFO  volume.HddsVolume (HddsVolume.java:createDbStore(576)) - SchemaV3 db is created and loaded at /home/runner/work/ozone/ozone/hadoop-ozone/integration-test/target/test-dir/MiniOzoneClusterImpl-d1ffa5d3-3301-45c3-9f44-1ffa6967d237/ozone-metadata/datanode-10/data-0/hdds/d1ffa5d3-3301-45c3-9f44-1ffa6967d237/DS-213b91bd-661d-4b60-8412-1e384095eb63/container.db for volume DS-213b91bd-661d-4b60-8412-1e384095eb63
2025-10-17 11:01:19,514 | INFO  | SCMAudit | user=runner | ip=127.0.0.1 | op=SEND_HEARTBEAT {"datanodeUUID":"99c47355-c013-4450-a734-aff6d3c99677","term":"2","command":"[]"} | ret=SUCCESS |  
2025-10-17 11:01:19,515 [28c08cd4-c049-4c66-8210-e254cf68b291-ContainerReader-0] INFO  ozoneimpl.ContainerReader (ContainerReader.java:readVolume(147)) - Start to verify containers on volume /home/runner/work/ozone/ozone/hadoop-ozone/integration-test/target/test-dir/MiniOzoneClusterImpl-d1ffa5d3-3301-45c3-9f44-1ffa6967d237/ozone-metadata/datanode-10/data-0/hdds
2025-10-17 11:01:19,516 [28c08cd4-c049-4c66-8210-e254cf68b291-ContainerReader-0] INFO  ozoneimpl.ContainerReader (ContainerReader.java:readVolume(177)) - Finish verifying containers on volume /home/runner/work/ozone/ozone/hadoop-ozone/integration-test/target/test-dir/MiniOzoneClusterImpl-d1ffa5d3-3301-45c3-9f44-1ffa6967d237/ozone-metadata/datanode-10/data-0/hdds
2025-10-17 11:01:19,516 [28c08cd4-c049-4c66-8210-e254cf68b291-EndpointStateMachineTaskThread-/0.0.0.0:15002-0 ] INFO  ozoneimpl.OzoneContainer (OzoneContainer.java:buildContainerSet(359)) - Build ContainerSet costs 0s
2025-10-17 11:01:19,517 [28c08cd4-c049-4c66-8210-e254cf68b291-EndpointStateMachineTaskThread-/0.0.0.0:15002-0 ] INFO  volume.ThrottledAsyncChecker (ThrottledAsyncChecker.java:schedule(138)) - Scheduling a check for /home/runner/work/ozone/ozone/hadoop-ozone/integration-test/target/test-dir/MiniOzoneClusterImpl-d1ffa5d3-3301-45c3-9f44-1ffa6967d237/ozone-metadata/datanode-10/data-0/hdds
2025-10-17 11:01:19,519 [28c08cd4-c049-4c66-8210-e254cf68b291-EndpointStateMachineTaskThread-/0.0.0.0:15002-0 ] INFO  volume.StorageVolumeChecker (StorageVolumeChecker.java:checkAllVolumes(231)) - Scheduled health check for volume /home/runner/work/ozone/ozone/hadoop-ozone/integration-test/target/test-dir/MiniOzoneClusterImpl-d1ffa5d3-3301-45c3-9f44-1ffa6967d237/ozone-metadata/datanode-10/data-0/hdds
2025-10-17 11:01:19,524 | INFO  | SCMAudit | user=runner | ip=127.0.0.1 | op=SEND_HEARTBEAT {"datanodeUUID":"2b4cc429-f9c1-416c-9a38-6239a2e149ea","term":"2","command":"[commandType: createPipelineCommand createPipelineCommandProto { pipelineID { id: \"5f4e9118-c366-43aa-be7d-5a0e63d108f7\" uuid128 { mostSigBits: 6867586017330086826 leastSigBits: -4720517816563726089 } } type: RATIS factor: ONE datanode { uuid: \"2b4cc429-f9c1-416c-9a38-6239a2e149ea\" ipAddress: \"127.0.0.1\" hostName: \"localhost\" ports { name: \"HTTP\" value: 15050 } ports { name: \"CLIENT_RPC\" value: 15051 } ports { name: \"REPLICATION\" value: 15057 } ports { name: \"RATIS\" value: 15053 } ports { name: \"RATIS_ADMIN\" value: 15054 } ports { name: \"RATIS_SERVER\" value: 15055 } ports { name: \"RATIS_DATASTREAM\" value: 15056 } ports { name: \"STANDALONE\" value: 15052 } networkName: \"2b4cc429-f9c1-416c-9a38-6239a2e149ea\" networkLocation: \"/default-rack\" persistedOpState: IN_SERVICE persistedOpStateExpiry: 0 currentVersion: 2 uuid128 { mostSigBits: 3120084326423806316 leastSigBits: -7334003993487521302 } level: 3 id { uuid { mostSigBits: 3120084326423806316 leastSigBits: -7334003993487521302 } } } cmdId: 1760698877838 priority: 1 } term: 2 encodedToken: \"\" deadlineMsSinceEpoch: 0, commandType: createPipelineCommand createPipelineCommandProto { pipelineID { id: \"94abbb40-729e-490b-8eb4-7468994f70af\" uuid128 { mostSigBits: -7733882049603417845 leastSigBits: -8163772231918325585 } } type: RATIS factor: THREE datanode { uuid: \"718bfa29-2c47-4ab5-ac61-3dfe9c6b9d5c\" ipAddress: \"127.0.0.1\" hostName: \"localhost\" ports { name: \"HTTP\" value: 15034 } ports { name: \"CLIENT_RPC\" value: 15035 } ports { name: \"REPLICATION\" value: 15041 } ports { name: \"RATIS\" value: 15037 } ports { name: \"RATIS_ADMIN\" value: 15038 } ports { name: \"RATIS_SERVER\" value: 15039 } ports { name: \"RATIS_DATASTREAM\" value: 15040 } ports { name: \"STANDALONE\" value: 15036 } networkName: \"718bfa29-2c47-4ab5-ac61-3dfe9c6b9d5c\" networkLocation: \"/default-rack\" persistedOpState: IN_SERVICE persistedOpStateExpiry: 0 currentVersion: 2 uuid128 { mostSigBits: 8181908202792110773 leastSigBits: -6025466662689727140 } level: 3 id { uuid { mostSigBits: 8181908202792110773 leastSigBits: -6025466662689727140 } } } datanode { uuid: \"b1eee25a-1fdf-4744-83c7-58e0513fce3b\" ipAddress: \"127.0.0.1\" hostName: \"localhost\" ports { name: \"HTTP\" value: 15042 } ports { name: \"CLIENT_RPC\" value: 15043 } ports { name: \"REPLICATION\" value: 15049 } ports { name: \"RATIS\" value: 15045 } ports { name: \"RATIS_ADMIN\" value: 15046 } ports { name: \"RATIS_SERVER\" value: 15047 } ports { name: \"RATIS_DATASTREAM\" value: 15048 } ports { name: \"STANDALONE\" value: 15044 } networkName: \"b1eee25a-1fdf-4744-83c7-58e0513fce3b\" networkLocation: \"/default-rack\" persistedOpState: IN_SERVICE persistedOpStateExpiry: 0 currentVersion: 2 uuid128 { mostSigBits: -5625310007829510332 leastSigBits: -8951088013916516805 } level: 3 id { uuid { mostSigBits: -5625310007829510332 leastSigBits: -8951088013916516805 } } } datanode { uuid: \"2b4cc429-f9c1-416c-9a38-6239a2e149ea\" ipAddress: \"127.0.0.1\" hostName: \"localhost\" ports { name: \"HTTP\" value: 15050 } ports { name: \"CLIENT_RPC\" value: 15051 } ports { name: \"REPLICATION\" value: 15057 } ports { name: \"RATIS\" value: 15053 } ports { name: \"RATIS_ADMIN\" value: 15054 } ports { name: \"RATIS_SERVER\" value: 15055 } ports { name: \"RATIS_DATASTREAM\" value: 15056 } ports { name: \"STANDALONE\" value: 15052 } networkName: \"2b4cc429-f9c1-416c-9a38-6239a2e149ea\" networkLocation: \"/default-rack\" persistedOpState: IN_SERVICE persistedOpStateExpiry: 0 currentVersion: 2 uuid128 { mostSigBits: 3120084326423806316 leastSigBits: -7334003993487521302 } level: 3 id { uuid { mostSigBits: 3120084326423806316 leastSigBits: -7334003993487521302 } } } cmdId: 1760698877839 priority: 0 priority: 0 priority: 1 } term: 2 encodedToken: \"\" deadlineMsSinceEpoch: 0, commandType: createPipelineCommand createPipelineCommandProto { pipelineID { id: \"d912fc3f-3f11-4fdd-b926-75927d842139\" uuid128 { mostSigBits: -2804902269327159331 leastSigBits: -5105263855546392263 } } type: RATIS factor: THREE datanode { uuid: \"718bfa29-2c47-4ab5-ac61-3dfe9c6b9d5c\" ipAddress: \"127.0.0.1\" hostName: \"localhost\" ports { name: \"HTTP\" value: 15034 } ports { name: \"CLIENT_RPC\" value: 15035 } ports { name: \"REPLICATION\" value: 15041 } ports { name: \"RATIS\" value: 15037 } ports { name: \"RATIS_ADMIN\" value: 15038 } ports { name: \"RATIS_SERVER\" value: 15039 } ports { name: \"RATIS_DATASTREAM\" value: 15040 } ports { name: \"STANDALONE\" value: 15036 } networkName: \"718bfa29-2c47-4ab5-ac61-3dfe9c6b9d5c\" networkLocation: \"/default-rack\" persistedOpState: IN_SERVICE persistedOpStateExpiry: 0 currentVersion: 2 uuid128 { mostSigBits: 8181908202792110773 leastSigBits: -6025466662689727140 } level: 3 id { uuid { mostSigBits: 8181908202792110773 leastSigBits: -6025466662689727140 } } } datanode { uuid: \"2b4cc429-f9c1-416c-9a38-6239a2e149ea\" ipAddress: \"127.0.0.1\" hostName: \"localhost\" ports { name: \"HTTP\" value: 15050 } ports { name: \"CLIENT_RPC\" value: 15051 } ports { name: \"REPLICATION\" value: 15057 } ports { name: \"RATIS\" value: 15053 } ports { name: \"RATIS_ADMIN\" value: 15054 } ports { name: \"RATIS_SERVER\" value: 15055 } ports { name: \"RATIS_DATASTREAM\" value: 15056 } ports { name: \"STANDALONE\" value: 15052 } networkName: \"2b4cc429-f9c1-416c-9a38-6239a2e149ea\" networkLocation: \"/default-rack\" persistedOpState: IN_SERVICE persistedOpStateExpiry: 0 currentVersion: 2 uuid128 { mostSigBits: 3120084326423806316 leastSigBits: -7334003993487521302 } level: 3 id { uuid { mostSigBits: 3120084326423806316 leastSigBits: -7334003993487521302 } } } datanode { uuid: \"b1eee25a-1fdf-4744-83c7-58e0513fce3b\" ipAddress: \"127.0.0.1\" hostName: \"localhost\" ports { name: \"HTTP\" value: 15042 } ports { name: \"CLIENT_RPC\" value: 15043 } ports { name: \"REPLICATION\" value: 15049 } ports { name: \"RATIS\" value: 15045 } ports { name: \"RATIS_ADMIN\" value: 15046 } ports { name: \"RATIS_SERVER\" value: 15047 } ports { name: \"RATIS_DATASTREAM\" value: 15048 } ports { name: \"STANDALONE\" value: 15044 } networkName: \"b1eee25a-1fdf-4744-83c7-58e0513fce3b\" networkLocation: \"/default-rack\" persistedOpState: IN_SERVICE persistedOpStateExpiry: 0 currentVersion: 2 uuid128 { mostSigBits: -5625310007829510332 leastSigBits: -8951088013916516805 } level: 3 id { uuid { mostSigBits: -5625310007829510332 leastSigBits: -8951088013916516805 } } } cmdId: 1760698877840 priority: 1 priority: 0 priority: 0 } term: 2 encodedToken: \"\" deadlineMsSinceEpoch: 0]"} | ret=SUCCESS |  
2025-10-17 11:01:19,525 [28c08cd4-c049-4c66-8210-e254cf68b291-EndpointStateMachineTaskThread-/0.0.0.0:15002-0 ] INFO  volume.ThrottledAsyncChecker (ThrottledAsyncChecker.java:schedule(138)) - Scheduling a check for /home/runner/work/ozone/ozone/hadoop-ozone/integration-test/target/test-dir/MiniOzoneClusterImpl-d1ffa5d3-3301-45c3-9f44-1ffa6967d237/ozone-metadata/datanode-10/ratis
2025-10-17 11:01:19,525 [28c08cd4-c049-4c66-8210-e254cf68b291-EndpointStateMachineTaskThread-/0.0.0.0:15002-0 ] INFO  volume.StorageVolumeChecker (StorageVolumeChecker.java:checkAllVolumes(231)) - Scheduled health check for volume /home/runner/work/ozone/ozone/hadoop-ozone/integration-test/target/test-dir/MiniOzoneClusterImpl-d1ffa5d3-3301-45c3-9f44-1ffa6967d237/ozone-metadata/datanode-10/ratis
2025-10-17 11:01:19,526 [28c08cd4-c049-4c66-8210-e254cf68b291-EndpointStateMachineTaskThread-/0.0.0.0:15002-0 ] INFO  ozoneimpl.OzoneContainer (OzoneContainer.java:start(544)) - Attempting to start container services.
2025-10-17 11:01:19,527 [ContainerMetadataScanner] INFO  ozoneimpl.AbstractBackgroundContainerScanner (AbstractBackgroundContainerScanner.java:runIteration(89)) - Completed an iteration in 0 minutes. Number of iterations (since the data-node restart) : 1, Number of containers scanned in this iteration : 0, Number of unhealthy containers found in this iteration : 0
2025-10-17 11:01:19,528 [ContainerDataScanner(/home/runner/work/ozone/ozone/hadoop-ozone/integration-test/target/test-dir/MiniOzoneClusterImpl-d1ffa5d3-3301-45c3-9f44-1ffa6967d237/ozone-metadata/datanode-10/data-0/hdds)] INFO  ozoneimpl.AbstractBackgroundContainerScanner (AbstractBackgroundContainerScanner.java:runIteration(89)) - Completed an iteration in 0 minutes. Number of iterations (since the data-node restart) : 1, Number of containers scanned in this iteration : 0, Number of unhealthy containers found in this iteration : 0
2025-10-17 11:01:19,529 [28c08cd4-c049-4c66-8210-e254cf68b291-EndpointStateMachineTaskThread-/0.0.0.0:15002-0 ] INFO  replication.ReplicationServer (ReplicationServer.java:start(137)) - ReplicationServer is started using port 15089
2025-10-17 11:01:19,530 [28c08cd4-c049-4c66-8210-e254cf68b291-EndpointStateMachineTaskThread-/0.0.0.0:15002-0 ] INFO  ratis.XceiverServerRatis (XceiverServerRatis.java:start(559)) - Starting XceiverServerRatis(28c08cd4-c049-4c66-8210-e254cf68b291)
2025-10-17 11:01:19,532 [28c08cd4-c049-4c66-8210-e254cf68b291-EndpointStateMachineTaskThread-/0.0.0.0:15002-0 ] INFO  server.RaftServer (RaftServerProxy.java:startImpl(412)) - 28c08cd4-c049-4c66-8210-e254cf68b291: start RPC server
2025-10-17 11:01:19,532 [28c08cd4-c049-4c66-8210-e254cf68b291-EndpointStateMachineTaskThread-/0.0.0.0:15002-0 ] INFO  server.GrpcServicesImpl (GrpcServicesImpl.java:startImpl(346)) - 28c08cd4-c049-4c66-8210-e254cf68b291: GrpcServicesImpl started, listening on 15085
2025-10-17 11:01:19,532 [28c08cd4-c049-4c66-8210-e254cf68b291-EndpointStateMachineTaskThread-/0.0.0.0:15002-0 ] INFO  server.GrpcServicesImpl (GrpcServicesImpl.java:startImpl(346)) - 28c08cd4-c049-4c66-8210-e254cf68b291: GrpcServicesImpl started, listening on 15087
2025-10-17 11:01:19,533 [28c08cd4-c049-4c66-8210-e254cf68b291-EndpointStateMachineTaskThread-/0.0.0.0:15002-0 ] INFO  server.GrpcServicesImpl (GrpcServicesImpl.java:startImpl(346)) - 28c08cd4-c049-4c66-8210-e254cf68b291: GrpcServicesImpl started, listening on 15086
2025-10-17 11:01:19,533 [28c08cd4-c049-4c66-8210-e254cf68b291-EndpointStateMachineTaskThread-/0.0.0.0:15002-0 ] INFO  ratis.XceiverServerRatis (XceiverServerRatis.java:getRealPort(586)) - XceiverServerRatis(28c08cd4-c049-4c66-8210-e254cf68b291) is started using port RATIS=15085
2025-10-17 11:01:19,533 [28c08cd4-c049-4c66-8210-e254cf68b291-EndpointStateMachineTaskThread-/0.0.0.0:15002-0 ] INFO  ratis.XceiverServerRatis (XceiverServerRatis.java:getRealPort(586)) - XceiverServerRatis(28c08cd4-c049-4c66-8210-e254cf68b291) is started using port RATIS_ADMIN=15086
2025-10-17 11:01:19,533 [28c08cd4-c049-4c66-8210-e254cf68b291-EndpointStateMachineTaskThread-/0.0.0.0:15002-0 ] INFO  ratis.XceiverServerRatis (XceiverServerRatis.java:getRealPort(586)) - XceiverServerRatis(28c08cd4-c049-4c66-8210-e254cf68b291) is started using port RATIS_SERVER=15087
2025-10-17 11:01:19,533 [28c08cd4-c049-4c66-8210-e254cf68b291-EndpointStateMachineTaskThread-/0.0.0.0:15002-0 ] INFO  ratis.XceiverServerRatis (XceiverServerRatis.java:getRealPort(586)) - XceiverServerRatis(28c08cd4-c049-4c66-8210-e254cf68b291) is started using port RATIS_DATASTREAM=15088
2025-10-17 11:01:19,534 [JvmPauseMonitor12] INFO  util.JvmPauseMonitor (JvmPauseMonitor.java:run(146)) - JvmPauseMonitor-28c08cd4-c049-4c66-8210-e254cf68b291: Started
2025-10-17 11:01:19,535 [28c08cd4-c049-4c66-8210-e254cf68b291-EndpointStateMachineTaskThread-/0.0.0.0:15002-0 ] INFO  utils.BackgroundService (BackgroundService.java:start(119)) - Starting service BlockDeletingService with interval 60000 milliseconds
2025-10-17 11:01:19,536 [28c08cd4-c049-4c66-8210-e254cf68b291-EndpointStateMachineTaskThread-/0.0.0.0:15002-0 ] INFO  utils.BackgroundService (BackgroundService.java:start(119)) - Starting service StaleRecoveringContainerScrubbingService with interval 60000 milliseconds
2025-10-17 11:01:19,537 [IPC Server handler 15 on default port 15002] INFO  net.NetworkTopologyImpl (NetworkTopologyImpl.java:add(133)) - Added a new node: /default-rack/dbd6f242-9b73-4bca-a110-3e2ec656b979
2025-10-17 11:01:19,537 [IPC Server handler 15 on default port 15002] INFO  node.SCMNodeManager (SCMNodeManager.java:register(423)) - Registered datanode: dbd6f242-9b73-4bca-a110-3e2ec656b979{ip: 127.0.0.1, host: localhost, ports: [HTTP=15066, CLIENT_RPC=15067, REPLICATION=15073, RATIS=15069, RATIS_ADMIN=15070, RATIS_SERVER=15071, RATIS_DATASTREAM=15072, STANDALONE=15068], networkLocation: /default-rack, certSerialId: null, persistedOpState: null, persistedOpStateExpiryEpochSec: 0}
2025-10-17 11:01:19,537 [EventQueue-NewNodeForNewNodeHandler] INFO  pipeline.BackgroundPipelineCreator (BackgroundPipelineCreator.java:notifyEventTriggered(290)) - trigger a one-shot run on RatisPipelineUtilsThread.
2025-10-17 11:01:19,538 [EventQueue-ContainerRegistrationReportForRatisContainerSafeModeRule] INFO  safemode.SCMSafeModeManager (SCMSafeModeManager.java:validateSafeModeExitRules(138)) - RatisContainerSafeModeRule rule is successfully validated
2025-10-17 11:01:19,538 [EventQueue-ContainerRegistrationReportForECContainerSafeModeRule] INFO  safemode.SCMSafeModeManager (SCMSafeModeManager.java:validateSafeModeExitRules(138)) - ECContainerSafeModeRule rule is successfully validated
2025-10-17 11:01:19,538 [RatisPipelineUtilsThread-0] INFO  pipeline.RatisPipelineProvider (RatisPipelineProvider.java:lambda$create$0(208)) - Sending CreatePipelineCommand for pipeline:Pipeline-b8a6752f-5f1b-4e2c-afb5-492bd614e53f to datanode:dbd6f242-9b73-4bca-a110-3e2ec656b979(localhost/127.0.0.1)
2025-10-17 11:01:19,538 [EventQueue-NodeRegistrationContainerReportForDataNodeSafeModeRule] INFO  safemode.SCMSafeModeManager (SCMSafeModeManager.java:validateSafeModeExitRules(138)) - DataNodeSafeModeRule rule is successfully validated
2025-10-17 11:01:19,539 [EventQueue-PipelineReportForOneReplicaPipelineSafeModeRule] INFO  safemode.SCMSafeModeManager (SCMSafeModeManager.java:validateSafeModeExitRules(138)) - OneReplicaPipelineSafeModeRule rule is successfully validated
2025-10-17 11:01:19,539 | INFO  | SCMAudit | user=runner | ip=127.0.0.1 | op=REGISTER {"datanodeDetails":"dbd6f242-9b73-4bca-a110-3e2ec656b979(localhost/127.0.0.1)"} | ret=SUCCESS |  
2025-10-17 11:01:19,541 [069dddce-46ee-48e8-8453-914416002559@group-1FFA6967D237-StateMachineUpdater] INFO  safemode.SCMSafeModeManager (SCMSafeModeManager.java:validateSafeModeExitRules(138)) - DataNodeSafeModeRule rule is successfully validated
2025-10-17 11:01:19,542 [069dddce-46ee-48e8-8453-914416002559@group-1FFA6967D237-StateMachineUpdater] INFO  safemode.SCMSafeModeManager (SCMSafeModeManager.java:validateSafeModeExitRules(138)) - RatisContainerSafeModeRule rule is successfully validated
2025-10-17 11:01:19,542 [069dddce-46ee-48e8-8453-914416002559@group-1FFA6967D237-StateMachineUpdater] INFO  safemode.HealthyPipelineSafeModeRule (HealthyPipelineSafeModeRule.java:initializeRule(226)) - Refreshed total pipeline count is 0, healthy pipeline threshold count is 1
2025-10-17 11:01:19,542 [069dddce-46ee-48e8-8453-914416002559@group-1FFA6967D237-StateMachineUpdater] INFO  safemode.SCMSafeModeManager (SCMSafeModeManager.java:validateSafeModeExitRules(138)) - OneReplicaPipelineSafeModeRule rule is successfully validated
2025-10-17 11:01:19,542 [069dddce-46ee-48e8-8453-914416002559@group-1FFA6967D237-StateMachineUpdater] INFO  safemode.SCMSafeModeManager (SCMSafeModeManager.java:validateSafeModeExitRules(138)) - ECContainerSafeModeRule rule is successfully validated
2025-10-17 11:01:19,542 [RatisPipelineUtilsThread-0] INFO  pipeline.BackgroundPipelineCreator (BackgroundPipelineCreator.java:createPipelines(246)) - Created new pipeline Pipeline{ Id: b8a6752f-5f1b-4e2c-afb5-492bd614e53f, Nodes: [ {dbd6f242-9b73-4bca-a110-3e2ec656b979(localhost/127.0.0.1), ReplicaIndex: 0},], ReplicationConfig: RATIS/ONE, State:ALLOCATED, leaderId:, CreationTimestamp2025-10-17T11:01:19.538618774Z[Etc/UTC]}
2025-10-17 11:01:19,648 [ForkJoinPool-1-worker-1] INFO  handler.ContextHandler (ContextHandler.java:doStart(921)) - Started o.e.j.w.WebAppContext@1b53f2a2{hddsDatanode,/,file:///home/runner/work/ozone/ozone/hadoop-ozone/integration-test/target/test-dir/MiniOzoneClusterImpl-d1ffa5d3-3301-45c3-9f44-1ffa6967d237/scm/ozone-metadata/webserver/jetty-0_0_0_0-15106-hdds-container-service-2_1_0-SNAPSHOT_jar-_-any-15392175899611392282/webapp/,AVAILABLE}{jar:file:/home/runner/work/ozone/ozone/hadoop-hdds/container-service/target/hdds-container-service-2.1.0-SNAPSHOT.jar!/webapps/hddsDatanode}
2025-10-17 11:01:19,651 [ForkJoinPool-1-worker-1] INFO  server.AbstractConnector (AbstractConnector.java:doStart(333)) - Started ServerConnector@1c0cf820{HTTP/1.1, (http/1.1)}{0.0.0.0:15106}
2025-10-17 11:01:19,651 [ForkJoinPool-1-worker-1] INFO  server.Server (Server.java:doStart(415)) - Started @13178ms
2025-10-17 11:01:19,651 [ForkJoinPool-1-worker-1] WARN  impl.MetricsSystemImpl (MetricsSystemImpl.java:register(279)) - Sink prometheus already exists!
2025-10-17 11:01:19,651 [ForkJoinPool-1-worker-1] INFO  http.BaseHttpServer (BaseHttpServer.java:updateConnectorAddress(357)) - HTTP server of hddsDatanode listening at http://localhost:15106
2025-10-17 11:01:19,652 [ForkJoinPool-1-worker-1] INFO  ipc.CallQueueManager (CallQueueManager.java:<init>(93)) - Using callQueue: class java.util.concurrent.LinkedBlockingQueue, queueCapacity: 1000, scheduler: class org.apache.hadoop.ipc.DefaultRpcScheduler, ipcBackoff: false, ipcFailOver: false.
2025-10-17 11:01:19,652 [ForkJoinPool-1-worker-1] INFO  ipc.Server (Server.java:<init>(1438)) - Listener at 0.0.0.0:15107
2025-10-17 11:01:19,653 | INFO  | SCMAudit | user=runner | ip=127.0.0.1 | op=GET_VERSION {} | ret=SUCCESS |  
2025-10-17 11:01:19,653 [Socket Reader #1 for port 15107] INFO  ipc.Server (Server.java:run(1474)) - Starting Socket Reader #1 for port 15107
2025-10-17 11:01:19,654 [Socket Reader #2 for port 15107] INFO  ipc.Server (Server.java:run(1474)) - Starting Socket Reader #2 for port 15107
2025-10-17 11:01:19,655 [Socket Reader #3 for port 15107] INFO  ipc.Server (Server.java:run(1474)) - Starting Socket Reader #3 for port 15107
2025-10-17 11:01:19,656 [Socket Reader #5 for port 15107] INFO  ipc.Server (Server.java:run(1474)) - Starting Socket Reader #5 for port 15107
2025-10-17 11:01:19,656 [Socket Reader #4 for port 15107] INFO  ipc.Server (Server.java:run(1474)) - Starting Socket Reader #4 for port 15107
2025-10-17 11:01:19,656 [Socket Reader #6 for port 15107] INFO  ipc.Server (Server.java:run(1474)) - Starting Socket Reader #6 for port 15107
2025-10-17 11:01:19,657 [Socket Reader #7 for port 15107] INFO  ipc.Server (Server.java:run(1474)) - Starting Socket Reader #7 for port 15107
2025-10-17 11:01:19,657 [Socket Reader #8 for port 15107] INFO  ipc.Server (Server.java:run(1474)) - Starting Socket Reader #8 for port 15107
2025-10-17 11:01:19,658 [Socket Reader #9 for port 15107] INFO  ipc.Server (Server.java:run(1474)) - Starting Socket Reader #9 for port 15107
2025-10-17 11:01:19,658 [Socket Reader #10 for port 15107] INFO  ipc.Server (Server.java:run(1474)) - Starting Socket Reader #10 for port 15107
2025-10-17 11:01:19,661 [ForkJoinPool-1-worker-1] INFO  ozone.HddsDatanodeService (HddsDatanodeService.java:start(333)) - Datanode start with admins: [admin, runner]
2025-10-17 11:01:19,661 [ForkJoinPool-1-worker-1] INFO  ozone.HddsDatanodeClientProtocolServer (HddsDatanodeClientProtocolServer.java:start(76)) - RPC server for Client /0.0.0.0:15107
2025-10-17 11:01:19,662 [IPC Server Responder] INFO  ipc.Server (Server.java:run(1713)) - IPC Server Responder: starting
2025-10-17 11:01:19,662 [IPC Server listener on 15107] INFO  ipc.Server (Server.java:run(1553)) - IPC Server listener on 15107: starting
2025-10-17 11:01:19,664 [ForkJoinPool-1-worker-1] WARN  dropwizard3.Dm3MetricRegistriesImpl (Dm3MetricRegistriesImpl.java:addReporterRegistration(114)) - New reporters are added after registries were created. Some metrics will be missing from the reporter. Please add reporter before adding any new registry.
2025-10-17 11:01:19,664 [ForkJoinPool-1-worker-1] WARN  dropwizard3.Dm3MetricRegistriesImpl (Dm3MetricRegistriesImpl.java:addReporterRegistration(114)) - New reporters are added after registries were created. Some metrics will be missing from the reporter. Please add reporter before adding any new registry.
2025-10-17 11:01:19,669 [b6f92338-e951-49df-a986-ea31ece96e9e-DatanodeStateMachineDaemonThread] INFO  statemachine.DatanodeStateMachine (DatanodeStateMachine.java:startStateMachineThread(363)) - Ozone container server started.
2025-10-17 11:01:19,675 [b6f92338-e951-49df-a986-ea31ece96e9e-DatanodeStateMachineTaskThread-0] INFO  datanode.InitDatanodeState (InitDatanodeState.java:persistContainerDatanodeDetails(139)) - DatanodeDetails is persisted to /home/runner/work/ozone/ozone/hadoop-ozone/integration-test/target/test-dir/MiniOzoneClusterImpl-d1ffa5d3-3301-45c3-9f44-1ffa6967d237/ozone-metadata/datanode-13/ozone-metadata/datanode.id
2025-10-17 11:01:19,690 [ForkJoinPool-1-worker-1] INFO  protocol.DatanodeDetails (DatanodeDetails.java:validateDatanodeIpAddress(199)) - Updating IP address of datanode a5293c95-44e9-4ea9-88ca-89089eac4b59(localhost/null) to 127.0.0.1
2025-10-17 11:01:19,690 [ForkJoinPool-1-worker-1] INFO  ozone.HddsDatanodeService (HddsDatanodeService.java:start(236)) - HddsDatanodeService a5293c95-44e9-4ea9-88ca-89089eac4b59(localhost/127.0.0.1)
2025-10-17 11:01:19,692 [ForkJoinPool-1-worker-1] INFO  upgrade.AbstractLayoutVersionManager (AbstractLayoutVersionManager.java:init(80)) - Initializing Layout version manager with metadata layout = WITNESSED_CONTAINER_DB_PROTO_VALUE (version = 9), software layout = WITNESSED_CONTAINER_DB_PROTO_VALUE (version = 9)
2025-10-17 11:01:19,692 [ForkJoinPool-1-worker-1] INFO  statemachine.DatanodeStateMachine (DatanodeStateMachine.java:getEndPointTaskThreadPoolSize(321)) - Datanode State Machine Task Thread Pool size 2
2025-10-17 11:01:19,695 [ForkJoinPool-1-worker-1] INFO  volume.HddsVolume (HddsVolume.java:<init>(162)) - HddsVolume: { id=DS-b701a3a5-aa5a-49d5-a597-9791537c1899 dir=/home/runner/work/ozone/ozone/hadoop-ozone/integration-test/target/test-dir/MiniOzoneClusterImpl-d1ffa5d3-3301-45c3-9f44-1ffa6967d237/ozone-metadata/datanode-14/data-0/hdds type=DISK capacity=9222449699674390527 used=0 available=9222449699674390527 minFree=184448985434423296 committed=0 }
2025-10-17 11:01:19,695 [ForkJoinPool-1-worker-1] INFO  volume.MutableVolumeSet (MutableVolumeSet.java:initializeVolumeSet(175)) - Added Volume : /home/runner/work/ozone/ozone/hadoop-ozone/integration-test/target/test-dir/MiniOzoneClusterImpl-d1ffa5d3-3301-45c3-9f44-1ffa6967d237/ozone-metadata/datanode-14/data-0/hdds to VolumeSet
2025-10-17 11:01:19,696 [ForkJoinPool-1-worker-1] INFO  volume.MutableVolumeSet (MutableVolumeSet.java:initializeVolumeSet(175)) - Added Volume : /home/runner/work/ozone/ozone/hadoop-ozone/integration-test/target/test-dir/MiniOzoneClusterImpl-d1ffa5d3-3301-45c3-9f44-1ffa6967d237/ozone-metadata/datanode-14/ratis to VolumeSet
2025-10-17 11:01:19,697 [ForkJoinPool-1-worker-1] INFO  ozoneimpl.OzoneContainer (HddsVolumeUtil.java:loadAllHddsVolumeDbStore(102)) - Load 1 volumes DbStore cost: 1ms
2025-10-17 11:01:19,698 [ForkJoinPool-1-worker-1] WARN  db.DBStoreBuilder (DBStoreBuilder.java:getDBDirPath(157)) - ozone.scm.datanode.id.dir is not configured. We recommend adding this setting. Falling back to ozone.metadata.dirs instead.
2025-10-17 11:01:19,699 [ForkJoinPool-1-worker-1] WARN  db.DBStoreBuilder (DBStoreBuilder.java:getDBDirPath(157)) - ozone.scm.datanode.id.dir is not configured. We recommend adding this setting. Falling back to ozone.metadata.dirs instead.
2025-10-17 11:01:19,700 [7995ae7b-77ec-4e72-809d-814459f62ee0-EndpointStateMachineTaskThread-/0.0.0.0:15002-0 ] INFO  utils.DatanodeStoreCache (DatanodeStoreCache.java:addDB(70)) - Added db /home/runner/work/ozone/ozone/hadoop-ozone/integration-test/target/test-dir/MiniOzoneClusterImpl-d1ffa5d3-3301-45c3-9f44-1ffa6967d237/ozone-metadata/datanode-11/data-0/hdds/d1ffa5d3-3301-45c3-9f44-1ffa6967d237/DS-90cf3cca-eb35-45dc-b55e-4a7eb4dd683f/container.db to cache
2025-10-17 11:01:19,700 [7995ae7b-77ec-4e72-809d-814459f62ee0-EndpointStateMachineTaskThread-/0.0.0.0:15002-0 ] INFO  volume.HddsVolume (HddsVolume.java:createDbStore(576)) - SchemaV3 db is created and loaded at /home/runner/work/ozone/ozone/hadoop-ozone/integration-test/target/test-dir/MiniOzoneClusterImpl-d1ffa5d3-3301-45c3-9f44-1ffa6967d237/ozone-metadata/datanode-11/data-0/hdds/d1ffa5d3-3301-45c3-9f44-1ffa6967d237/DS-90cf3cca-eb35-45dc-b55e-4a7eb4dd683f/container.db for volume DS-90cf3cca-eb35-45dc-b55e-4a7eb4dd683f
2025-10-17 11:01:19,703 [7995ae7b-77ec-4e72-809d-814459f62ee0-ContainerReader-0] INFO  ozoneimpl.ContainerReader (ContainerReader.java:readVolume(147)) - Start to verify containers on volume /home/runner/work/ozone/ozone/hadoop-ozone/integration-test/target/test-dir/MiniOzoneClusterImpl-d1ffa5d3-3301-45c3-9f44-1ffa6967d237/ozone-metadata/datanode-11/data-0/hdds
2025-10-17 11:01:19,703 [7995ae7b-77ec-4e72-809d-814459f62ee0-ContainerReader-0] INFO  ozoneimpl.ContainerReader (ContainerReader.java:readVolume(177)) - Finish verifying containers on volume /home/runner/work/ozone/ozone/hadoop-ozone/integration-test/target/test-dir/MiniOzoneClusterImpl-d1ffa5d3-3301-45c3-9f44-1ffa6967d237/ozone-metadata/datanode-11/data-0/hdds
2025-10-17 11:01:19,704 [7995ae7b-77ec-4e72-809d-814459f62ee0-EndpointStateMachineTaskThread-/0.0.0.0:15002-0 ] INFO  ozoneimpl.OzoneContainer (OzoneContainer.java:buildContainerSet(359)) - Build ContainerSet costs 0s
2025-10-17 11:01:19,704 [7995ae7b-77ec-4e72-809d-814459f62ee0-EndpointStateMachineTaskThread-/0.0.0.0:15002-0 ] INFO  volume.ThrottledAsyncChecker (ThrottledAsyncChecker.java:schedule(138)) - Scheduling a check for /home/runner/work/ozone/ozone/hadoop-ozone/integration-test/target/test-dir/MiniOzoneClusterImpl-d1ffa5d3-3301-45c3-9f44-1ffa6967d237/ozone-metadata/datanode-11/data-0/hdds
2025-10-17 11:01:19,705 [7995ae7b-77ec-4e72-809d-814459f62ee0-EndpointStateMachineTaskThread-/0.0.0.0:15002-0 ] INFO  volume.StorageVolumeChecker (StorageVolumeChecker.java:checkAllVolumes(231)) - Scheduled health check for volume /home/runner/work/ozone/ozone/hadoop-ozone/integration-test/target/test-dir/MiniOzoneClusterImpl-d1ffa5d3-3301-45c3-9f44-1ffa6967d237/ozone-metadata/datanode-11/data-0/hdds
2025-10-17 11:01:19,710 [7995ae7b-77ec-4e72-809d-814459f62ee0-EndpointStateMachineTaskThread-/0.0.0.0:15002-0 ] INFO  volume.ThrottledAsyncChecker (ThrottledAsyncChecker.java:schedule(138)) - Scheduling a check for /home/runner/work/ozone/ozone/hadoop-ozone/integration-test/target/test-dir/MiniOzoneClusterImpl-d1ffa5d3-3301-45c3-9f44-1ffa6967d237/ozone-metadata/datanode-11/ratis
2025-10-17 11:01:19,710 [7995ae7b-77ec-4e72-809d-814459f62ee0-EndpointStateMachineTaskThread-/0.0.0.0:15002-0 ] INFO  volume.StorageVolumeChecker (StorageVolumeChecker.java:checkAllVolumes(231)) - Scheduled health check for volume /home/runner/work/ozone/ozone/hadoop-ozone/integration-test/target/test-dir/MiniOzoneClusterImpl-d1ffa5d3-3301-45c3-9f44-1ffa6967d237/ozone-metadata/datanode-11/ratis
2025-10-17 11:01:19,712 [7995ae7b-77ec-4e72-809d-814459f62ee0-EndpointStateMachineTaskThread-/0.0.0.0:15002-0 ] INFO  ozoneimpl.OzoneContainer (OzoneContainer.java:start(544)) - Attempting to start container services.
2025-10-17 11:01:19,713 [ContainerMetadataScanner] INFO  ozoneimpl.AbstractBackgroundContainerScanner (AbstractBackgroundContainerScanner.java:runIteration(89)) - Completed an iteration in 0 minutes. Number of iterations (since the data-node restart) : 1, Number of containers scanned in this iteration : 0, Number of unhealthy containers found in this iteration : 0
2025-10-17 11:01:19,713 [ContainerDataScanner(/home/runner/work/ozone/ozone/hadoop-ozone/integration-test/target/test-dir/MiniOzoneClusterImpl-d1ffa5d3-3301-45c3-9f44-1ffa6967d237/ozone-metadata/datanode-11/data-0/hdds)] INFO  ozoneimpl.AbstractBackgroundContainerScanner (AbstractBackgroundContainerScanner.java:runIteration(89)) - Completed an iteration in 0 minutes. Number of iterations (since the data-node restart) : 1, Number of containers scanned in this iteration : 0, Number of unhealthy containers found in this iteration : 0
2025-10-17 11:01:19,714 [7995ae7b-77ec-4e72-809d-814459f62ee0-EndpointStateMachineTaskThread-/0.0.0.0:15002-0 ] INFO  replication.ReplicationServer (ReplicationServer.java:start(137)) - ReplicationServer is started using port 15097
2025-10-17 11:01:19,715 [7995ae7b-77ec-4e72-809d-814459f62ee0-EndpointStateMachineTaskThread-/0.0.0.0:15002-0 ] INFO  ratis.XceiverServerRatis (XceiverServerRatis.java:start(559)) - Starting XceiverServerRatis(7995ae7b-77ec-4e72-809d-814459f62ee0)
2025-10-17 11:01:19,716 [7995ae7b-77ec-4e72-809d-814459f62ee0-EndpointStateMachineTaskThread-/0.0.0.0:15002-0 ] INFO  server.RaftServer (RaftServerProxy.java:startImpl(412)) - 7995ae7b-77ec-4e72-809d-814459f62ee0: start RPC server
2025-10-17 11:01:19,717 [7995ae7b-77ec-4e72-809d-814459f62ee0-EndpointStateMachineTaskThread-/0.0.0.0:15002-0 ] INFO  server.GrpcServicesImpl (GrpcServicesImpl.java:startImpl(346)) - 7995ae7b-77ec-4e72-809d-814459f62ee0: GrpcServicesImpl started, listening on 15093
2025-10-17 11:01:19,718 [7995ae7b-77ec-4e72-809d-814459f62ee0-EndpointStateMachineTaskThread-/0.0.0.0:15002-0 ] INFO  server.GrpcServicesImpl (GrpcServicesImpl.java:startImpl(346)) - 7995ae7b-77ec-4e72-809d-814459f62ee0: GrpcServicesImpl started, listening on 15095
2025-10-17 11:01:19,720 [7995ae7b-77ec-4e72-809d-814459f62ee0-EndpointStateMachineTaskThread-/0.0.0.0:15002-0 ] INFO  server.GrpcServicesImpl (GrpcServicesImpl.java:startImpl(346)) - 7995ae7b-77ec-4e72-809d-814459f62ee0: GrpcServicesImpl started, listening on 15094
2025-10-17 11:01:19,720 [ForkJoinPool-1-worker-1] INFO  impl.FilePerChunkStrategy (FilePerChunkStrategy.java:<init>(79)) - ozone.chunk.read.mapped.buffer.max.count is load with 0
2025-10-17 11:01:19,721 [ForkJoinPool-1-worker-1] INFO  impl.FilePerBlockStrategy (FilePerBlockStrategy.java:<init>(88)) - ozone.chunk.read.mapped.buffer.max.count is load with 0
2025-10-17 11:01:19,721 [JvmPauseMonitor13] INFO  util.JvmPauseMonitor (JvmPauseMonitor.java:run(146)) - JvmPauseMonitor-7995ae7b-77ec-4e72-809d-814459f62ee0: Started
2025-10-17 11:01:19,721 [7995ae7b-77ec-4e72-809d-814459f62ee0-EndpointStateMachineTaskThread-/0.0.0.0:15002-0 ] INFO  ratis.XceiverServerRatis (XceiverServerRatis.java:getRealPort(586)) - XceiverServerRatis(7995ae7b-77ec-4e72-809d-814459f62ee0) is started using port RATIS=15093
2025-10-17 11:01:19,722 [7995ae7b-77ec-4e72-809d-814459f62ee0-EndpointStateMachineTaskThread-/0.0.0.0:15002-0 ] INFO  ratis.XceiverServerRatis (XceiverServerRatis.java:getRealPort(586)) - XceiverServerRatis(7995ae7b-77ec-4e72-809d-814459f62ee0) is started using port RATIS_ADMIN=15094
2025-10-17 11:01:19,722 [7995ae7b-77ec-4e72-809d-814459f62ee0-EndpointStateMachineTaskThread-/0.0.0.0:15002-0 ] INFO  ratis.XceiverServerRatis (XceiverServerRatis.java:getRealPort(586)) - XceiverServerRatis(7995ae7b-77ec-4e72-809d-814459f62ee0) is started using port RATIS_SERVER=15095
2025-10-17 11:01:19,722 [7995ae7b-77ec-4e72-809d-814459f62ee0-EndpointStateMachineTaskThread-/0.0.0.0:15002-0 ] INFO  ratis.XceiverServerRatis (XceiverServerRatis.java:getRealPort(586)) - XceiverServerRatis(7995ae7b-77ec-4e72-809d-814459f62ee0) is started using port RATIS_DATASTREAM=15096
2025-10-17 11:01:19,722 [ForkJoinPool-1-worker-1] INFO  server.RaftServerConfigKeys (ConfUtils.java:logGet(62)) - raft.server.log.appender.buffer.byte-limit = 33554432 (custom)
2025-10-17 11:01:19,723 [7995ae7b-77ec-4e72-809d-814459f62ee0-EndpointStateMachineTaskThread-/0.0.0.0:15002-0 ] INFO  utils.BackgroundService (BackgroundService.java:start(119)) - Starting service BlockDeletingService with interval 60000 milliseconds
2025-10-17 11:01:19,724 [7995ae7b-77ec-4e72-809d-814459f62ee0-EndpointStateMachineTaskThread-/0.0.0.0:15002-0 ] INFO  utils.BackgroundService (BackgroundService.java:start(119)) - Starting service StaleRecoveringContainerScrubbingService with interval 60000 milliseconds
2025-10-17 11:01:19,724 [ForkJoinPool-1-worker-1] INFO  grpc.GrpcConfigKeys (ConfUtils.java:logFallback(69)) - raft.grpc.admin.host = null (fallback to raft.grpc.server.host)
2025-10-17 11:01:19,725 [ForkJoinPool-1-worker-1] INFO  grpc.GrpcConfigKeys (ConfUtils.java:logGet(62)) - raft.grpc.admin.port = 15118 (custom)
2025-10-17 11:01:19,725 [ForkJoinPool-1-worker-1] INFO  grpc.GrpcConfigKeys (ConfUtils.java:logFallback(69)) - raft.grpc.client.host = null (fallback to raft.grpc.server.host)
2025-10-17 11:01:19,725 [ForkJoinPool-1-worker-1] INFO  grpc.GrpcConfigKeys (ConfUtils.java:logGet(62)) - raft.grpc.client.port = 15117 (custom)
2025-10-17 11:01:19,725 [ForkJoinPool-1-worker-1] INFO  grpc.GrpcConfigKeys (ConfUtils.java:logGet(62)) - raft.grpc.server.port = 15119 (custom)
2025-10-17 11:01:19,725 [ForkJoinPool-1-worker-1] INFO  server.GrpcServicesImpl (ConfUtils.java:logGet(62)) - raft.grpc.message.size.max = 34603008 (custom)
2025-10-17 11:01:19,726 [ForkJoinPool-1-worker-1] INFO  server.GrpcServicesImpl (ConfUtils.java:logGet(62)) - raft.grpc.flow.control.window = 5MB (=5242880) (custom)
2025-10-17 11:01:19,726 [ForkJoinPool-1-worker-1] INFO  server.RaftServerConfigKeys (ConfUtils.java:logGet(62)) - raft.server.log.appender.buffer.byte-limit = 33554432 (custom)
2025-10-17 11:01:19,728 [ForkJoinPool-1-worker-1] INFO  netty.NettyUtils (NettyUtils.java:newEventLoopGroup(74)) - Create EpollEventLoopGroup for a5293c95-44e9-4ea9-88ca-89089eac4b59-NettyServerStreamRpc-bossGroup; Thread size is 0.
2025-10-17 11:01:19,728 [ForkJoinPool-1-worker-1] INFO  netty.NettyUtils (NettyUtils.java:newEventLoopGroup(74)) - Create EpollEventLoopGroup for a5293c95-44e9-4ea9-88ca-89089eac4b59-NettyServerStreamRpc-workerGroup; Thread size is 0.
2025-10-17 11:01:19,729 [ForkJoinPool-1-worker-1] INFO  netty.NettyConfigKeys$DataStream (ConfUtils.java:logGet(62)) - raft.netty.dataStream.port = 15120 (custom)
2025-10-17 11:01:19,729 [a5293c95-44e9-4ea9-88ca-89089eac4b59-NettyServerStreamRpc-bossGroup--thread1] INFO  logging.LoggingHandler (AbstractInternalLogger.java:log(148)) - [id: 0x11ca870e] REGISTERED
2025-10-17 11:01:19,730 [ForkJoinPool-1-worker-1] INFO  server.RaftServerConfigKeys (ConfUtils.java:logGet(62)) - raft.server.storage.dir = [/home/runner/work/ozone/ozone/hadoop-ozone/integration-test/target/test-dir/MiniOzoneClusterImpl-d1ffa5d3-3301-45c3-9f44-1ffa6967d237/ozone-metadata/datanode-14/ratis] (custom)
2025-10-17 11:01:19,730 [a5293c95-44e9-4ea9-88ca-89089eac4b59-NettyServerStreamRpc-bossGroup--thread1] INFO  logging.LoggingHandler (AbstractInternalLogger.java:log(148)) - [id: 0x11ca870e] BIND: 0.0.0.0/0.0.0.0:15120
2025-10-17 11:01:19,730 [a5293c95-44e9-4ea9-88ca-89089eac4b59-NettyServerStreamRpc-bossGroup--thread1] INFO  logging.LoggingHandler (AbstractInternalLogger.java:log(148)) - [id: 0x11ca870e, L:/0.0.0.0:15120] ACTIVE
2025-10-17 11:01:19,731 [a5293c95-44e9-4ea9-88ca-89089eac4b59-impl-thread1] INFO  server.RaftServer (RaftServerProxy.java:initGroupDir(270)) - a5293c95-44e9-4ea9-88ca-89089eac4b59: found a subdirectory /home/runner/work/ozone/ozone/hadoop-ozone/integration-test/target/test-dir/MiniOzoneClusterImpl-d1ffa5d3-3301-45c3-9f44-1ffa6967d237/ozone-metadata/datanode-14/ratis/tmp
2025-10-17 11:01:19,731 [a5293c95-44e9-4ea9-88ca-89089eac4b59-impl-thread1] INFO  server.RaftServer (RaftServerProxy.java:initGroupDir(275)) - a5293c95-44e9-4ea9-88ca-89089eac4b59: The directory /home/runner/work/ozone/ozone/hadoop-ozone/integration-test/target/test-dir/MiniOzoneClusterImpl-d1ffa5d3-3301-45c3-9f44-1ffa6967d237/ozone-metadata/datanode-14/ratis/tmp is not a group directory; ignoring it. 
2025-10-17 11:01:19,731 | INFO  | SCMAudit | user=runner | ip=127.0.0.1 | op=SEND_HEARTBEAT {"datanodeUUID":"b292b6be-9482-4c30-a3e0-c9f721931b72","term":"2","command":"[]"} | ret=SUCCESS |  
2025-10-17 11:01:19,732 [ForkJoinPool-1-worker-1] INFO  replication.ReplicationServer (ReplicationServer.java:<init>(84)) - Initializing replication server with thread count = 10 queue length = 4096
2025-10-17 11:01:19,733 [ForkJoinPool-1-worker-1] INFO  server.XceiverServerGrpc (XceiverServerGrpc.java:<init>(129)) - GrpcServer channel type EpollServerSocketChannel
2025-10-17 11:01:19,734 [ForkJoinPool-1-worker-1] INFO  replication.ReplicationSupervisor (ReplicationSupervisor.java:build(169)) - Initializing replication supervisor with thread count = 10
2025-10-17 11:01:19,734 [ForkJoinPool-1-worker-1] INFO  replication.ReplicationSupervisor (ReplicationSupervisor.java:nodeStateUpdated(358)) - Node state updated to IN_SERVICE, scaling executor pool size to 10
2025-10-17 11:01:19,739 [ForkJoinPool-1-worker-1] INFO  http.BaseHttpServer (BaseHttpServer.java:newHttpServer2BuilderForOzone(227)) - Starting Web-server for hddsDatanode at: http://0.0.0.0:15114
2025-10-17 11:01:19,740 [ForkJoinPool-1-worker-1] INFO  http.BaseHttpServer (BaseHttpServer.java:<init>(105)) - Hadoop Security Enabled: false Ozone Security Enabled: false Ozone HTTP Security Enabled: false 
2025-10-17 11:01:19,741 [IPC Server handler 2 on default port 15002] INFO  net.NetworkTopologyImpl (NetworkTopologyImpl.java:add(133)) - Added a new node: /default-rack/ed6e9581-5875-4278-a8db-50829892434b
2025-10-17 11:01:19,741 [IPC Server handler 2 on default port 15002] INFO  node.SCMNodeManager (SCMNodeManager.java:register(423)) - Registered datanode: ed6e9581-5875-4278-a8db-50829892434b{ip: 127.0.0.1, host: localhost, ports: [HTTP=15074, CLIENT_RPC=15075, REPLICATION=15081, RATIS=15077, RATIS_ADMIN=15078, RATIS_SERVER=15079, RATIS_DATASTREAM=15080, STANDALONE=15076], networkLocation: /default-rack, certSerialId: null, persistedOpState: null, persistedOpStateExpiryEpochSec: 0}
2025-10-17 11:01:19,741 [EventQueue-NodeRegistrationContainerReportForDataNodeSafeModeRule] INFO  safemode.SCMSafeModeManager (SCMSafeModeManager.java:validateSafeModeExitRules(138)) - DataNodeSafeModeRule rule is successfully validated
2025-10-17 11:01:19,741 [EventQueue-ContainerRegistrationReportForECContainerSafeModeRule] INFO  safemode.SCMSafeModeManager (SCMSafeModeManager.java:validateSafeModeExitRules(138)) - ECContainerSafeModeRule rule is successfully validated
2025-10-17 11:01:19,741 [EventQueue-PipelineReportForOneReplicaPipelineSafeModeRule] INFO  safemode.SCMSafeModeManager (SCMSafeModeManager.java:validateSafeModeExitRules(138)) - OneReplicaPipelineSafeModeRule rule is successfully validated
2025-10-17 11:01:19,741 | INFO  | SCMAudit | user=runner | ip=127.0.0.1 | op=REGISTER {"datanodeDetails":"ed6e9581-5875-4278-a8db-50829892434b(localhost/127.0.0.1)"} | ret=SUCCESS |  
2025-10-17 11:01:19,741 [EventQueue-ContainerRegistrationReportForRatisContainerSafeModeRule] INFO  safemode.SCMSafeModeManager (SCMSafeModeManager.java:validateSafeModeExitRules(138)) - RatisContainerSafeModeRule rule is successfully validated
2025-10-17 11:01:19,742 [EventQueue-NewNodeForNewNodeHandler] INFO  pipeline.BackgroundPipelineCreator (BackgroundPipelineCreator.java:notifyEventTriggered(290)) - trigger a one-shot run on RatisPipelineUtilsThread.
2025-10-17 11:01:19,742 [ForkJoinPool-1-worker-1] WARN  server.AuthenticationFilter (AuthenticationFilter.java:constructSecretProvider(240)) - Unable to initialize FileSignerSecretProvider, falling back to use random secrets. Reason: Could not read signature secret file: /home/runner/hadoop-http-auth-signature-secret
2025-10-17 11:01:19,743 [RatisPipelineUtilsThread-0] INFO  pipeline.RatisPipelineProvider (RatisPipelineProvider.java:lambda$create$0(208)) - Sending CreatePipelineCommand for pipeline:Pipeline-6ea816f1-4d1a-4203-a6c5-0e6f53606e6c to datanode:ed6e9581-5875-4278-a8db-50829892434b(localhost/127.0.0.1)
2025-10-17 11:01:19,746 [ForkJoinPool-1-worker-1] INFO  http.HttpServer2 (HttpServer2.java:addGlobalFilter(1040)) - Added global filter 'safety' (class=org.apache.hadoop.hdds.server.http.HttpServer2$QuotingInputFilter)
2025-10-17 11:01:19,747 [069dddce-46ee-48e8-8453-914416002559@group-1FFA6967D237-StateMachineUpdater] INFO  safemode.SCMSafeModeManager (SCMSafeModeManager.java:validateSafeModeExitRules(138)) - DataNodeSafeModeRule rule is successfully validated
2025-10-17 11:01:19,748 [069dddce-46ee-48e8-8453-914416002559@group-1FFA6967D237-StateMachineUpdater] INFO  safemode.SCMSafeModeManager (SCMSafeModeManager.java:validateSafeModeExitRules(138)) - RatisContainerSafeModeRule rule is successfully validated
2025-10-17 11:01:19,748 [grpc-default-executor-0] INFO  server.RaftServer (RaftServerProxy.java:addNew(105)) - b292b6be-9482-4c30-a3e0-c9f721931b72: addNew group-F894A97E0367:[99c47355-c013-4450-a734-aff6d3c99677|127.0.0.1:15023, b292b6be-9482-4c30-a3e0-c9f721931b72|127.0.0.1:15031, 309ab1ff-9f5a-4058-8b2f-94d451ce5267|127.0.0.1:15015] returns group-F894A97E0367:java.util.concurrent.CompletableFuture@569a9705[Not completed]
2025-10-17 11:01:19,747 [ForkJoinPool-1-worker-1] INFO  http.HttpServer2 (HttpServer2.java:addFilter(1016)) - Added filter static_user_filter (class=org.apache.hadoop.http.lib.StaticUserWebFilter$StaticUserFilter) to context hddsDatanode
2025-10-17 11:01:19,748 [ForkJoinPool-1-worker-1] INFO  http.HttpServer2 (HttpServer2.java:addFilter(1024)) - Added filter static_user_filter (class=org.apache.hadoop.http.lib.StaticUserWebFilter$StaticUserFilter) to context static
2025-10-17 11:01:19,749 [ForkJoinPool-1-worker-1] INFO  http.HttpServer2 (HttpServer2.java:addFilter(1024)) - Added filter static_user_filter (class=org.apache.hadoop.http.lib.StaticUserWebFilter$StaticUserFilter) to context logs
2025-10-17 11:01:19,748 [069dddce-46ee-48e8-8453-914416002559@group-1FFA6967D237-StateMachineUpdater] INFO  safemode.HealthyPipelineSafeModeRule (HealthyPipelineSafeModeRule.java:initializeRule(226)) - Refreshed total pipeline count is 0, healthy pipeline threshold count is 1
2025-10-17 11:01:19,749 [069dddce-46ee-48e8-8453-914416002559@group-1FFA6967D237-StateMachineUpdater] INFO  safemode.SCMSafeModeManager (SCMSafeModeManager.java:validateSafeModeExitRules(138)) - OneReplicaPipelineSafeModeRule rule is successfully validated
2025-10-17 11:01:19,749 [069dddce-46ee-48e8-8453-914416002559@group-1FFA6967D237-StateMachineUpdater] INFO  safemode.SCMSafeModeManager (SCMSafeModeManager.java:validateSafeModeExitRules(138)) - ECContainerSafeModeRule rule is successfully validated
2025-10-17 11:01:19,749 [ForkJoinPool-1-worker-1] INFO  http.BaseHttpServer (BaseHttpServer.java:<init>(193)) - HTTP server of hddsDatanode uses base directory /home/runner/work/ozone/ozone/hadoop-ozone/integration-test/target/test-dir/MiniOzoneClusterImpl-d1ffa5d3-3301-45c3-9f44-1ffa6967d237/scm/ozone-metadata/webserver
2025-10-17 11:01:19,750 [ForkJoinPool-1-worker-1] INFO  http.HttpServer2 (HttpServer2.java:bindListener(1240)) - Jetty bound to port 15114
2025-10-17 11:01:19,750 [ForkJoinPool-1-worker-1] INFO  server.Server (Server.java:doStart(375)) - jetty-9.4.58.v20250814; built: 2025-08-14T02:28:49.637Z; git: 8f1440587e9e4ae7db3d74cf205643f3d707148d; jvm 21.0.8+9-LTS
2025-10-17 11:01:19,750 [b292b6be-9482-4c30-a3e0-c9f721931b72-groupManagement] INFO  server.RaftServer$Division (RaftServerImpl.java:<init>(268)) - b292b6be-9482-4c30-a3e0-c9f721931b72: new RaftServerImpl for group-F894A97E0367:[99c47355-c013-4450-a734-aff6d3c99677|127.0.0.1:15023, b292b6be-9482-4c30-a3e0-c9f721931b72|127.0.0.1:15031, 309ab1ff-9f5a-4058-8b2f-94d451ce5267|127.0.0.1:15015] with ContainerStateMachine:uninitialized
2025-10-17 11:01:19,750 [RatisPipelineUtilsThread-0] INFO  pipeline.BackgroundPipelineCreator (BackgroundPipelineCreator.java:createPipelines(246)) - Created new pipeline Pipeline{ Id: 6ea816f1-4d1a-4203-a6c5-0e6f53606e6c, Nodes: [ {ed6e9581-5875-4278-a8db-50829892434b(localhost/127.0.0.1), ReplicaIndex: 0},], ReplicationConfig: RATIS/ONE, State:ALLOCATED, leaderId:, CreationTimestamp2025-10-17T11:01:19.743737615Z[Etc/UTC]}
2025-10-17 11:01:19,752 [b292b6be-9482-4c30-a3e0-c9f721931b72-groupManagement] INFO  server.RaftServer$Division (ServerState.java:<init>(114)) - b292b6be-9482-4c30-a3e0-c9f721931b72@group-F894A97E0367: ConfigurationManager, init=conf: {index: -1, cur=peers:[99c47355-c013-4450-a734-aff6d3c99677|127.0.0.1:15023, b292b6be-9482-4c30-a3e0-c9f721931b72|127.0.0.1:15031, 309ab1ff-9f5a-4058-8b2f-94d451ce5267|127.0.0.1:15015]|listeners:[], old=null}, confs=<EMPTY_MAP>
2025-10-17 11:01:19,752 [RatisPipelineUtilsThread-0] INFO  pipeline.RatisPipelineProvider (RatisPipelineProvider.java:lambda$create$0(208)) - Sending CreatePipelineCommand for pipeline:Pipeline-d666d628-fdf5-494b-9e89-1cc4a7d0bb09 to datanode:50dccd39-549f-4f43-8b1f-597bf98f9c16(localhost/127.0.0.1)
2025-10-17 11:01:19,753 [RatisPipelineUtilsThread-0] INFO  pipeline.RatisPipelineProvider (RatisPipelineProvider.java:lambda$create$0(208)) - Sending CreatePipelineCommand for pipeline:Pipeline-d666d628-fdf5-494b-9e89-1cc4a7d0bb09 to datanode:ed6e9581-5875-4278-a8db-50829892434b(localhost/127.0.0.1)
2025-10-17 11:01:19,753 [RatisPipelineUtilsThread-0] INFO  pipeline.RatisPipelineProvider (RatisPipelineProvider.java:lambda$create$0(208)) - Sending CreatePipelineCommand for pipeline:Pipeline-d666d628-fdf5-494b-9e89-1cc4a7d0bb09 to datanode:dbd6f242-9b73-4bca-a110-3e2ec656b979(localhost/127.0.0.1)
2025-10-17 11:01:19,755 [069dddce-46ee-48e8-8453-914416002559@group-1FFA6967D237-StateMachineUpdater] INFO  safemode.SCMSafeModeManager (SCMSafeModeManager.java:validateSafeModeExitRules(138)) - DataNodeSafeModeRule rule is successfully validated
2025-10-17 11:01:19,755 [069dddce-46ee-48e8-8453-914416002559@group-1FFA6967D237-StateMachineUpdater] INFO  safemode.SCMSafeModeManager (SCMSafeModeManager.java:validateSafeModeExitRules(138)) - RatisContainerSafeModeRule rule is successfully validated
2025-10-17 11:01:19,755 [069dddce-46ee-48e8-8453-914416002559@group-1FFA6967D237-StateMachineUpdater] INFO  safemode.HealthyPipelineSafeModeRule (HealthyPipelineSafeModeRule.java:initializeRule(226)) - Refreshed total pipeline count is 0, healthy pipeline threshold count is 1
2025-10-17 11:01:19,755 [069dddce-46ee-48e8-8453-914416002559@group-1FFA6967D237-StateMachineUpdater] INFO  safemode.SCMSafeModeManager (SCMSafeModeManager.java:validateSafeModeExitRules(138)) - OneReplicaPipelineSafeModeRule rule is successfully validated
2025-10-17 11:01:19,755 [069dddce-46ee-48e8-8453-914416002559@group-1FFA6967D237-StateMachineUpdater] INFO  safemode.SCMSafeModeManager (SCMSafeModeManager.java:validateSafeModeExitRules(138)) - ECContainerSafeModeRule rule is successfully validated
2025-10-17 11:01:19,756 [RatisPipelineUtilsThread-0] INFO  pipeline.BackgroundPipelineCreator (BackgroundPipelineCreator.java:createPipelines(246)) - Created new pipeline Pipeline{ Id: d666d628-fdf5-494b-9e89-1cc4a7d0bb09, Nodes: [ {50dccd39-549f-4f43-8b1f-597bf98f9c16(localhost/127.0.0.1), ReplicaIndex: 0}, {ed6e9581-5875-4278-a8db-50829892434b(localhost/127.0.0.1), ReplicaIndex: 0}, {dbd6f242-9b73-4bca-a110-3e2ec656b979(localhost/127.0.0.1), ReplicaIndex: 0},], ReplicationConfig: RATIS/THREE, State:ALLOCATED, leaderId:, CreationTimestamp2025-10-17T11:01:19.752543645Z[Etc/UTC]}
2025-10-17 11:01:19,757 [ForkJoinPool-1-worker-1] INFO  server.session (DefaultSessionIdManager.java:doStart(334)) - DefaultSessionIdManager workerName=node0
2025-10-17 11:01:19,758 [ForkJoinPool-1-worker-1] INFO  server.session (DefaultSessionIdManager.java:doStart(339)) - No SessionScavenger set, using defaults
2025-10-17 11:01:19,758 [ForkJoinPool-1-worker-1] INFO  server.session (HouseKeeper.java:startScavenging(132)) - node0 Scavenging every 660000ms
2025-10-17 11:01:19,758 [RatisPipelineUtilsThread-0] INFO  pipeline.RatisPipelineProvider (RatisPipelineProvider.java:lambda$create$0(208)) - Sending CreatePipelineCommand for pipeline:Pipeline-934e2a31-aad3-48ca-83cf-464fe5c38337 to datanode:ed6e9581-5875-4278-a8db-50829892434b(localhost/127.0.0.1)
2025-10-17 11:01:19,759 [RatisPipelineUtilsThread-0] INFO  pipeline.RatisPipelineProvider (RatisPipelineProvider.java:lambda$create$0(208)) - Sending CreatePipelineCommand for pipeline:Pipeline-934e2a31-aad3-48ca-83cf-464fe5c38337 to datanode:dbd6f242-9b73-4bca-a110-3e2ec656b979(localhost/127.0.0.1)
2025-10-17 11:01:19,759 [RatisPipelineUtilsThread-0] INFO  pipeline.RatisPipelineProvider (RatisPipelineProvider.java:lambda$create$0(208)) - Sending CreatePipelineCommand for pipeline:Pipeline-934e2a31-aad3-48ca-83cf-464fe5c38337 to datanode:50dccd39-549f-4f43-8b1f-597bf98f9c16(localhost/127.0.0.1)
2025-10-17 11:01:19,760 [ForkJoinPool-1-worker-1] INFO  handler.ContextHandler (ContextHandler.java:doStart(921)) - Started o.e.j.s.ServletContextHandler@4940a7dd{logs,/logs,file:///home/runner/work/ozone/ozone/hadoop-ozone/integration-test/target/log,AVAILABLE}
2025-10-17 11:01:19,760 [ForkJoinPool-1-worker-1] INFO  handler.ContextHandler (ContextHandler.java:doStart(921)) - Started o.e.j.s.ServletContextHandler@221dce6c{static,/static,jar:file:/home/runner/work/ozone/ozone/hadoop-hdds/container-service/target/hdds-container-service-2.1.0-SNAPSHOT.jar!/webapps/static,AVAILABLE}
2025-10-17 11:01:19,762 [069dddce-46ee-48e8-8453-914416002559@group-1FFA6967D237-StateMachineUpdater] INFO  safemode.SCMSafeModeManager (SCMSafeModeManager.java:validateSafeModeExitRules(138)) - DataNodeSafeModeRule rule is successfully validated
2025-10-17 11:01:19,762 [069dddce-46ee-48e8-8453-914416002559@group-1FFA6967D237-StateMachineUpdater] INFO  safemode.SCMSafeModeManager (SCMSafeModeManager.java:validateSafeModeExitRules(138)) - RatisContainerSafeModeRule rule is successfully validated
2025-10-17 11:01:19,762 [069dddce-46ee-48e8-8453-914416002559@group-1FFA6967D237-StateMachineUpdater] INFO  safemode.HealthyPipelineSafeModeRule (HealthyPipelineSafeModeRule.java:initializeRule(226)) - Refreshed total pipeline count is 0, healthy pipeline threshold count is 1
2025-10-17 11:01:19,763 [069dddce-46ee-48e8-8453-914416002559@group-1FFA6967D237-StateMachineUpdater] INFO  safemode.SCMSafeModeManager (SCMSafeModeManager.java:validateSafeModeExitRules(138)) - OneReplicaPipelineSafeModeRule rule is successfully validated
2025-10-17 11:01:19,763 [069dddce-46ee-48e8-8453-914416002559@group-1FFA6967D237-StateMachineUpdater] INFO  safemode.SCMSafeModeManager (SCMSafeModeManager.java:validateSafeModeExitRules(138)) - ECContainerSafeModeRule rule is successfully validated
2025-10-17 11:01:19,763 [RatisPipelineUtilsThread-0] INFO  pipeline.PipelineManagerImpl (PipelineManagerImpl.java:recordMetricsForPipeline(922)) - Pipeline-934e2a31-aad3-48ca-83cf-464fe5c38337 and Pipeline-d666d628-fdf5-494b-9e89-1cc4a7d0bb09 have exactly the same set of datanodes: [ed6e9581-5875-4278-a8db-50829892434b(localhost/127.0.0.1), dbd6f242-9b73-4bca-a110-3e2ec656b979(localhost/127.0.0.1), 50dccd39-549f-4f43-8b1f-597bf98f9c16(localhost/127.0.0.1)]
2025-10-17 11:01:19,764 [RatisPipelineUtilsThread-0] INFO  pipeline.BackgroundPipelineCreator (BackgroundPipelineCreator.java:createPipelines(246)) - Created new pipeline Pipeline{ Id: 934e2a31-aad3-48ca-83cf-464fe5c38337, Nodes: [ {ed6e9581-5875-4278-a8db-50829892434b(localhost/127.0.0.1), ReplicaIndex: 0}, {dbd6f242-9b73-4bca-a110-3e2ec656b979(localhost/127.0.0.1), ReplicaIndex: 0}, {50dccd39-549f-4f43-8b1f-597bf98f9c16(localhost/127.0.0.1), ReplicaIndex: 0},], ReplicationConfig: RATIS/THREE, State:ALLOCATED, leaderId:, CreationTimestamp2025-10-17T11:01:19.757399873Z[Etc/UTC]}
2025-10-17 11:01:19,765 [b292b6be-9482-4c30-a3e0-c9f721931b72-groupManagement] INFO  server.RaftServerConfigKeys (ConfUtils.java:logGet(62)) - raft.server.storage.dir = [/home/runner/work/ozone/ozone/hadoop-ozone/integration-test/target/test-dir/MiniOzoneClusterImpl-d1ffa5d3-3301-45c3-9f44-1ffa6967d237/ozone-metadata/datanode-3/ratis] (custom)
2025-10-17 11:01:19,766 [b292b6be-9482-4c30-a3e0-c9f721931b72-groupManagement] INFO  storage.RaftStorageDirectory (RaftStorageDirectoryImpl.java:analyzeStorage(138)) - The storage directory /home/runner/work/ozone/ozone/hadoop-ozone/integration-test/target/test-dir/MiniOzoneClusterImpl-d1ffa5d3-3301-45c3-9f44-1ffa6967d237/ozone-metadata/datanode-3/ratis/ae51cc73-aed0-4fa1-9a76-f894a97e0367 does not exist. Creating ...
2025-10-17 11:01:19,768 [b292b6be-9482-4c30-a3e0-c9f721931b72-groupManagement] INFO  storage.RaftStorageDirectory (RaftStorageDirectoryImpl.java:tryLock(229)) - Lock on /home/runner/work/ozone/ozone/hadoop-ozone/integration-test/target/test-dir/MiniOzoneClusterImpl-d1ffa5d3-3301-45c3-9f44-1ffa6967d237/ozone-metadata/datanode-3/ratis/ae51cc73-aed0-4fa1-9a76-f894a97e0367/in_use.lock acquired by nodename 40979@localhost
2025-10-17 11:01:19,769 [b292b6be-9482-4c30-a3e0-c9f721931b72-groupManagement] INFO  storage.RaftStorage (RaftStorageImpl.java:format(98)) - Storage directory /home/runner/work/ozone/ozone/hadoop-ozone/integration-test/target/test-dir/MiniOzoneClusterImpl-d1ffa5d3-3301-45c3-9f44-1ffa6967d237/ozone-metadata/datanode-3/ratis/ae51cc73-aed0-4fa1-9a76-f894a97e0367 has been successfully formatted.
2025-10-17 11:01:19,770 [b292b6be-9482-4c30-a3e0-c9f721931b72-groupManagement] INFO  ratis.ContainerStateMachine (ContainerStateMachine.java:initialize(339)) - b292b6be-9482-4c30-a3e0-c9f721931b72: initialize group-F894A97E0367
2025-10-17 11:01:19,770 [b292b6be-9482-4c30-a3e0-c9f721931b72-groupManagement] INFO  ratis.ContainerStateMachine (ContainerStateMachine.java:loadSnapshot(347)) - group-F894A97E0367: The snapshot info is null. Setting the last applied index to:<INITIAL_VALUE>
2025-10-17 11:01:19,770 [b292b6be-9482-4c30-a3e0-c9f721931b72-groupManagement] INFO  server.RaftServerConfigKeys (ConfUtils.java:logGet(62)) - raft.server.log.appender.buffer.byte-limit = 33554432 (custom)
2025-10-17 11:01:19,775 | INFO  | SCMAudit | user=runner | ip=127.0.0.1 | op=SEND_HEARTBEAT {"datanodeUUID":"b292b6be-9482-4c30-a3e0-c9f721931b72","term":"2","command":"[]"} | ret=SUCCESS |  
2025-10-17 11:01:19,775 [EventQueue-PipelineReportForOneReplicaPipelineSafeModeRule] INFO  safemode.SCMSafeModeManager (SCMSafeModeManager.java:validateSafeModeExitRules(138)) - OneReplicaPipelineSafeModeRule rule is successfully validated
2025-10-17 11:01:19,778 [b292b6be-9482-4c30-a3e0-c9f721931b72-groupManagement] INFO  server.RaftServerConfigKeys (ConfUtils.java:logGet(62)) - raft.server.log.segment.size.max = 67108864 (custom)
2025-10-17 11:01:19,778 [b292b6be-9482-4c30-a3e0-c9f721931b72-groupManagement] INFO  server.RaftServerConfigKeys (ConfUtils.java:logGet(62)) - raft.server.log.appender.buffer.byte-limit = 33554432 (custom)
2025-10-17 11:01:19,778 [b292b6be-9482-4c30-a3e0-c9f721931b72-groupManagement] INFO  util.AwaitToRun (AwaitToRun.java:start(81)) - Thread[#1373,b292b6be-9482-4c30-a3e0-c9f721931b72@group-F894A97E0367-cacheEviction-AwaitToRun,5,main] started
2025-10-17 11:01:19,779 [b292b6be-9482-4c30-a3e0-c9f721931b72-groupManagement] INFO  segmented.SegmentedRaftLogWorker (SegmentedRaftLogWorker.java:<init>(190)) - new b292b6be-9482-4c30-a3e0-c9f721931b72@group-F894A97E0367-SegmentedRaftLogWorker for RaftStorageImpl:Storage Directory /home/runner/work/ozone/ozone/hadoop-ozone/integration-test/target/test-dir/MiniOzoneClusterImpl-d1ffa5d3-3301-45c3-9f44-1ffa6967d237/ozone-metadata/datanode-3/ratis/ae51cc73-aed0-4fa1-9a76-f894a97e0367
2025-10-17 11:01:19,779 [b292b6be-9482-4c30-a3e0-c9f721931b72-groupManagement] INFO  server.RaftServerConfigKeys (ConfUtils.java:logGet(62)) - raft.server.log.queue.byte-limit = 4294967296 (custom)
2025-10-17 11:01:19,779 [b292b6be-9482-4c30-a3e0-c9f721931b72-groupManagement] INFO  server.RaftServerConfigKeys (ConfUtils.java:logGet(62)) - raft.server.log.segment.size.max = 67108864 (custom)
2025-10-17 11:01:19,779 [b292b6be-9482-4c30-a3e0-c9f721931b72-groupManagement] INFO  server.RaftServerConfigKeys (ConfUtils.java:logGet(62)) - raft.server.log.preallocated.size = 4194304 (custom)
2025-10-17 11:01:19,779 [b292b6be-9482-4c30-a3e0-c9f721931b72-groupManagement] INFO  server.RaftServerConfigKeys (ConfUtils.java:logGet(62)) - raft.server.log.write.buffer.size = 33554440 (custom)
2025-10-17 11:01:19,788 [b292b6be-9482-4c30-a3e0-c9f721931b72-groupManagement] INFO  server.RaftServerConfigKeys (ConfUtils.java:logGet(62)) - raft.server.log.appender.buffer.byte-limit = 33554432 (custom)
2025-10-17 11:01:19,789 [b292b6be-9482-4c30-a3e0-c9f721931b72-groupManagement] INFO  segmented.SegmentedRaftLogWorker (SegmentedRaftLogWorker.java:lambda$new$0(141)) - b292b6be-9482-4c30-a3e0-c9f721931b72@group-F894A97E0367-SegmentedRaftLogWorker: flushIndex: setUnconditionally 0 -> -1
2025-10-17 11:01:19,789 [b292b6be-9482-4c30-a3e0-c9f721931b72-groupManagement] INFO  segmented.SegmentedRaftLogWorker (SegmentedRaftLogWorker.java:lambda$new$0(141)) - b292b6be-9482-4c30-a3e0-c9f721931b72@group-F894A97E0367-SegmentedRaftLogWorker: safeCacheEvictIndex: setUnconditionally 0 -> -1
2025-10-17 11:01:19,791 [b292b6be-9482-4c30-a3e0-c9f721931b72-groupManagement] INFO  server.RaftServer$Division (RaftServerImpl.java:start(405)) - b292b6be-9482-4c30-a3e0-c9f721931b72@group-F894A97E0367: start as a follower, conf=conf: {index: -1, cur=peers:[99c47355-c013-4450-a734-aff6d3c99677|127.0.0.1:15023, b292b6be-9482-4c30-a3e0-c9f721931b72|127.0.0.1:15031, 309ab1ff-9f5a-4058-8b2f-94d451ce5267|127.0.0.1:15015]|listeners:[], old=null}
2025-10-17 11:01:19,791 [b292b6be-9482-4c30-a3e0-c9f721931b72-groupManagement] INFO  server.RaftServer$Division (RaftServerImpl.java:setRole(392)) - b292b6be-9482-4c30-a3e0-c9f721931b72@group-F894A97E0367: changes role from      null to FOLLOWER at term 0 for startAsFollower
2025-10-17 11:01:19,791 [b292b6be-9482-4c30-a3e0-c9f721931b72-groupManagement] INFO  impl.RoleInfo (RoleInfo.java:updateAndGet(148)) - b292b6be-9482-4c30-a3e0-c9f721931b72: start b292b6be-9482-4c30-a3e0-c9f721931b72@group-F894A97E0367-FollowerState
2025-10-17 11:01:19,792 [b292b6be-9482-4c30-a3e0-c9f721931b72-groupManagement] INFO  util.JmxRegister (JmxRegister.java:tryRegister(44)) - Successfully registered JMX Bean with object name Ratis:service=RaftServer,group=group-F894A97E0367,id=b292b6be-9482-4c30-a3e0-c9f721931b72
2025-10-17 11:01:19,792 [b292b6be-9482-4c30-a3e0-c9f721931b72-groupManagement] INFO  util.JmxRegister (JmxRegister.java:register(58)) - register mxBean class org.apache.ratis.server.impl.RaftServerJmxAdapter as Ratis:service=RaftServer,group=group-F894A97E0367,id=b292b6be-9482-4c30-a3e0-c9f721931b72
2025-10-17 11:01:19,793 [b292b6be-9482-4c30-a3e0-c9f721931b72-groupManagement] INFO  server.RaftServer$Division (RaftServerImpl.java:start(419)) - b292b6be-9482-4c30-a3e0-c9f721931b72@group-F894A97E0367: Successfully started.
2025-10-17 11:01:19,798 | INFO  | SCMAudit | user=runner | ip=127.0.0.1 | op=SEND_HEARTBEAT {"datanodeUUID":"50dccd39-549f-4f43-8b1f-597bf98f9c16","term":"2","command":"[commandType: createPipelineCommand createPipelineCommandProto { pipelineID { id: \"f6b61d96-eb36-42dc-ac38-4629ca486b08\" uuid128 { mostSigBits: -669314960589438244 leastSigBits: -6036998155188802808 } } type: RATIS factor: ONE datanode { uuid: \"50dccd39-549f-4f43-8b1f-597bf98f9c16\" ipAddress: \"127.0.0.1\" hostName: \"localhost\" ports { name: \"HTTP\" value: 15058 } ports { name: \"CLIENT_RPC\" value: 15059 } ports { name: \"REPLICATION\" value: 15065 } ports { name: \"RATIS\" value: 15061 } ports { name: \"RATIS_ADMIN\" value: 15062 } ports { name: \"RATIS_SERVER\" value: 15063 } ports { name: \"RATIS_DATASTREAM\" value: 15064 } ports { name: \"STANDALONE\" value: 15060 } networkName: \"50dccd39-549f-4f43-8b1f-597bf98f9c16\" networkLocation: \"/default-rack\" persistedOpState: IN_SERVICE persistedOpStateExpiry: 0 currentVersion: 2 uuid128 { mostSigBits: 5826757664027135811 leastSigBits: -8421914389156750314 } level: 3 id { uuid { mostSigBits: 5826757664027135811 leastSigBits: -8421914389156750314 } } } cmdId: 1760698877841 priority: 1 } term: 2 encodedToken: \"\" deadlineMsSinceEpoch: 0, commandType: createPipelineCommand createPipelineCommandProto { pipelineID { id: \"d666d628-fdf5-494b-9e89-1cc4a7d0bb09\" uuid128 { mostSigBits: -2997473030420739765 leastSigBits: -7023050512952935671 } } type: RATIS factor: THREE datanode { uuid: \"50dccd39-549f-4f43-8b1f-597bf98f9c16\" ipAddress: \"127.0.0.1\" hostName: \"localhost\" ports { name: \"HTTP\" value: 15058 } ports { name: \"CLIENT_RPC\" value: 15059 } ports { name: \"REPLICATION\" value: 15065 } ports { name: \"RATIS\" value: 15061 } ports { name: \"RATIS_ADMIN\" value: 15062 } ports { name: \"RATIS_SERVER\" value: 15063 } ports { name: \"RATIS_DATASTREAM\" value: 15064 } ports { name: \"STANDALONE\" value: 15060 } networkName: \"50dccd39-549f-4f43-8b1f-597bf98f9c16\" networkLocation: \"/default-rack\" persistedOpState: IN_SERVICE persistedOpStateExpiry: 0 currentVersion: 2 uuid128 { mostSigBits: 5826757664027135811 leastSigBits: -8421914389156750314 } level: 3 id { uuid { mostSigBits: 5826757664027135811 leastSigBits: -8421914389156750314 } } } datanode { uuid: \"ed6e9581-5875-4278-a8db-50829892434b\" ipAddress: \"127.0.0.1\" hostName: \"localhost\" ports { name: \"HTTP\" value: 15074 } ports { name: \"CLIENT_RPC\" value: 15075 } ports { name: \"REPLICATION\" value: 15081 } ports { name: \"RATIS\" value: 15077 } ports { name: \"RATIS_ADMIN\" value: 15078 } ports { name: \"RATIS_SERVER\" value: 15079 } ports { name: \"RATIS_DATASTREAM\" value: 15080 } ports { name: \"STANDALONE\" value: 15076 } networkName: \"ed6e9581-5875-4278-a8db-50829892434b\" networkLocation: \"/default-rack\" persistedOpState: IN_SERVICE persistedOpStateExpiry: 0 currentVersion: 2 uuid128 { mostSigBits: -1337967656515059080 leastSigBits: -6279336733602331829 } level: 3 id { uuid { mostSigBits: -1337967656515059080 leastSigBits: -6279336733602331829 } } } datanode { uuid: \"dbd6f242-9b73-4bca-a110-3e2ec656b979\" ipAddress: \"127.0.0.1\" hostName: \"localhost\" ports { name: \"HTTP\" value: 15066 } ports { name: \"CLIENT_RPC\" value: 15067 } ports { name: \"REPLICATION\" value: 15073 } ports { name: \"RATIS\" value: 15069 } ports { name: \"RATIS_ADMIN\" value: 15070 } ports { name: \"RATIS_SERVER\" value: 15071 } ports { name: \"RATIS_DATASTREAM\" value: 15072 } ports { name: \"STANDALONE\" value: 15068 } networkName: \"dbd6f242-9b73-4bca-a110-3e2ec656b979\" networkLocation: \"/default-rack\" persistedOpState: IN_SERVICE persistedOpStateExpiry: 0 currentVersion: 2 uuid128 { mostSigBits: -2605628966497465398 leastSigBits: -6840899463358793351 } level: 3 id { uuid { mostSigBits: -2605628966497465398 leastSigBits: -6840899463358793351 } } } cmdId: 1760698877844 priority: 0 priority: 1 priority: 0 } term: 2 encodedToken: \"\" deadlineMsSinceEpoch: 0, commandType: createPipelineCommand createPipelineCommandProto { pipelineID { id: \"934e2a31-aad3-48ca-83cf-464fe5c38337\" uuid128 { mostSigBits: -7832276309142976310 leastSigBits: -8948856625590729929 } } type: RATIS factor: THREE datanode { uuid: \"ed6e9581-5875-4278-a8db-50829892434b\" ipAddress: \"127.0.0.1\" hostName: \"localhost\" ports { name: \"HTTP\" value: 15074 } ports { name: \"CLIENT_RPC\" value: 15075 } ports { name: \"REPLICATION\" value: 15081 } ports { name: \"RATIS\" value: 15077 } ports { name: \"RATIS_ADMIN\" value: 15078 } ports { name: \"RATIS_SERVER\" value: 15079 } ports { name: \"RATIS_DATASTREAM\" value: 15080 } ports { name: \"STANDALONE\" value: 15076 } networkName: \"ed6e9581-5875-4278-a8db-50829892434b\" networkLocation: \"/default-rack\" persistedOpState: IN_SERVICE persistedOpStateExpiry: 0 currentVersion: 2 uuid128 { mostSigBits: -1337967656515059080 leastSigBits: -6279336733602331829 } level: 3 id { uuid { mostSigBits: -1337967656515059080 leastSigBits: -6279336733602331829 } } } datanode { uuid: \"dbd6f242-9b73-4bca-a110-3e2ec656b979\" ipAddress: \"127.0.0.1\" hostName: \"localhost\" ports { name: \"HTTP\" value: 15066 } ports { name: \"CLIENT_RPC\" value: 15067 } ports { name: \"REPLICATION\" value: 15073 } ports { name: \"RATIS\" value: 15069 } ports { name: \"RATIS_ADMIN\" value: 15070 } ports { name: \"RATIS_SERVER\" value: 15071 } ports { name: \"RATIS_DATASTREAM\" value: 15072 } ports { name: \"STANDALONE\" value: 15068 } networkName: \"dbd6f242-9b73-4bca-a110-3e2ec656b979\" networkLocation: \"/default-rack\" persistedOpState: IN_SERVICE persistedOpStateExpiry: 0 currentVersion: 2 uuid128 { mostSigBits: -2605628966497465398 leastSigBits: -6840899463358793351 } level: 3 id { uuid { mostSigBits: -2605628966497465398 leastSigBits: -6840899463358793351 } } } datanode { uuid: \"50dccd39-549f-4f43-8b1f-597bf98f9c16\" ipAddress: \"127.0.0.1\" hostName: \"localhost\" ports { name: \"HTTP\" value: 15058 } ports { name: \"CLIENT_RPC\" value: 15059 } ports { name: \"REPLICATION\" value: 15065 } ports { name: \"RATIS\" value: 15061 } ports { name: \"RATIS_ADMIN\" value: 15062 } ports { name: \"RATIS_SERVER\" value: 15063 } ports { name: \"RATIS_DATASTREAM\" value: 15064 } ports { name: \"STANDALONE\" value: 15060 } networkName: \"50dccd39-549f-4f43-8b1f-597bf98f9c16\" networkLocation: \"/default-rack\" persistedOpState: IN_SERVICE persistedOpStateExpiry: 0 currentVersion: 2 uuid128 { mostSigBits: 5826757664027135811 leastSigBits: -8421914389156750314 } level: 3 id { uuid { mostSigBits: 5826757664027135811 leastSigBits: -8421914389156750314 } } } cmdId: 1760698877845 priority: 0 priority: 0 priority: 1 } term: 2 encodedToken: \"\" deadlineMsSinceEpoch: 0]"} | ret=SUCCESS |  
2025-10-17 11:01:19,853 [grpc-default-executor-0] INFO  server.RaftServer (RaftServerProxy.java:addNew(105)) - 99c47355-c013-4450-a734-aff6d3c99677: addNew group-F894A97E0367:[99c47355-c013-4450-a734-aff6d3c99677|127.0.0.1:15023, b292b6be-9482-4c30-a3e0-c9f721931b72|127.0.0.1:15031, 309ab1ff-9f5a-4058-8b2f-94d451ce5267|127.0.0.1:15015] returns group-F894A97E0367:java.util.concurrent.CompletableFuture@2769676[Not completed]
2025-10-17 11:01:19,856 [99c47355-c013-4450-a734-aff6d3c99677-groupManagement] INFO  server.RaftServer$Division (RaftServerImpl.java:<init>(268)) - 99c47355-c013-4450-a734-aff6d3c99677: new RaftServerImpl for group-F894A97E0367:[99c47355-c013-4450-a734-aff6d3c99677|127.0.0.1:15023, b292b6be-9482-4c30-a3e0-c9f721931b72|127.0.0.1:15031, 309ab1ff-9f5a-4058-8b2f-94d451ce5267|127.0.0.1:15015] with ContainerStateMachine:uninitialized
2025-10-17 11:01:19,857 [99c47355-c013-4450-a734-aff6d3c99677-groupManagement] INFO  server.RaftServer$Division (ServerState.java:<init>(114)) - 99c47355-c013-4450-a734-aff6d3c99677@group-F894A97E0367: ConfigurationManager, init=conf: {index: -1, cur=peers:[99c47355-c013-4450-a734-aff6d3c99677|127.0.0.1:15023, b292b6be-9482-4c30-a3e0-c9f721931b72|127.0.0.1:15031, 309ab1ff-9f5a-4058-8b2f-94d451ce5267|127.0.0.1:15015]|listeners:[], old=null}, confs=<EMPTY_MAP>
2025-10-17 11:01:19,867 [99c47355-c013-4450-a734-aff6d3c99677-groupManagement] INFO  server.RaftServerConfigKeys (ConfUtils.java:logGet(62)) - raft.server.storage.dir = [/home/runner/work/ozone/ozone/hadoop-ozone/integration-test/target/test-dir/MiniOzoneClusterImpl-d1ffa5d3-3301-45c3-9f44-1ffa6967d237/ozone-metadata/datanode-2/ratis] (custom)
2025-10-17 11:01:19,868 [99c47355-c013-4450-a734-aff6d3c99677-groupManagement] INFO  storage.RaftStorageDirectory (RaftStorageDirectoryImpl.java:analyzeStorage(138)) - The storage directory /home/runner/work/ozone/ozone/hadoop-ozone/integration-test/target/test-dir/MiniOzoneClusterImpl-d1ffa5d3-3301-45c3-9f44-1ffa6967d237/ozone-metadata/datanode-2/ratis/ae51cc73-aed0-4fa1-9a76-f894a97e0367 does not exist. Creating ...
2025-10-17 11:01:19,869 [99c47355-c013-4450-a734-aff6d3c99677-groupManagement] INFO  storage.RaftStorageDirectory (RaftStorageDirectoryImpl.java:tryLock(229)) - Lock on /home/runner/work/ozone/ozone/hadoop-ozone/integration-test/target/test-dir/MiniOzoneClusterImpl-d1ffa5d3-3301-45c3-9f44-1ffa6967d237/ozone-metadata/datanode-2/ratis/ae51cc73-aed0-4fa1-9a76-f894a97e0367/in_use.lock acquired by nodename 40979@localhost
2025-10-17 11:01:19,870 [99c47355-c013-4450-a734-aff6d3c99677-groupManagement] INFO  storage.RaftStorage (RaftStorageImpl.java:format(98)) - Storage directory /home/runner/work/ozone/ozone/hadoop-ozone/integration-test/target/test-dir/MiniOzoneClusterImpl-d1ffa5d3-3301-45c3-9f44-1ffa6967d237/ozone-metadata/datanode-2/ratis/ae51cc73-aed0-4fa1-9a76-f894a97e0367 has been successfully formatted.
2025-10-17 11:01:19,870 [99c47355-c013-4450-a734-aff6d3c99677-groupManagement] INFO  ratis.ContainerStateMachine (ContainerStateMachine.java:initialize(339)) - 99c47355-c013-4450-a734-aff6d3c99677: initialize group-F894A97E0367
2025-10-17 11:01:19,870 [99c47355-c013-4450-a734-aff6d3c99677-groupManagement] INFO  ratis.ContainerStateMachine (ContainerStateMachine.java:loadSnapshot(347)) - group-F894A97E0367: The snapshot info is null. Setting the last applied index to:<INITIAL_VALUE>
2025-10-17 11:01:19,871 [99c47355-c013-4450-a734-aff6d3c99677-groupManagement] INFO  server.RaftServerConfigKeys (ConfUtils.java:logGet(62)) - raft.server.log.appender.buffer.byte-limit = 33554432 (custom)
2025-10-17 11:01:19,873 | INFO  | SCMAudit | user=runner | ip=127.0.0.1 | op=SEND_HEARTBEAT {"datanodeUUID":"99c47355-c013-4450-a734-aff6d3c99677","term":"2","command":"[]"} | ret=SUCCESS |  
2025-10-17 11:01:19,874 [EventQueue-PipelineReportForOneReplicaPipelineSafeModeRule] INFO  safemode.SCMSafeModeManager (SCMSafeModeManager.java:validateSafeModeExitRules(138)) - OneReplicaPipelineSafeModeRule rule is successfully validated
2025-10-17 11:01:19,874 [99c47355-c013-4450-a734-aff6d3c99677-groupManagement] INFO  server.RaftServerConfigKeys (ConfUtils.java:logGet(62)) - raft.server.log.segment.size.max = 67108864 (custom)
2025-10-17 11:01:19,875 [99c47355-c013-4450-a734-aff6d3c99677-groupManagement] INFO  server.RaftServerConfigKeys (ConfUtils.java:logGet(62)) - raft.server.log.appender.buffer.byte-limit = 33554432 (custom)
2025-10-17 11:01:19,876 [99c47355-c013-4450-a734-aff6d3c99677-groupManagement] INFO  util.AwaitToRun (AwaitToRun.java:start(81)) - Thread[#1381,99c47355-c013-4450-a734-aff6d3c99677@group-F894A97E0367-cacheEviction-AwaitToRun,5,main] started
2025-10-17 11:01:19,876 [99c47355-c013-4450-a734-aff6d3c99677-groupManagement] INFO  segmented.SegmentedRaftLogWorker (SegmentedRaftLogWorker.java:<init>(190)) - new 99c47355-c013-4450-a734-aff6d3c99677@group-F894A97E0367-SegmentedRaftLogWorker for RaftStorageImpl:Storage Directory /home/runner/work/ozone/ozone/hadoop-ozone/integration-test/target/test-dir/MiniOzoneClusterImpl-d1ffa5d3-3301-45c3-9f44-1ffa6967d237/ozone-metadata/datanode-2/ratis/ae51cc73-aed0-4fa1-9a76-f894a97e0367
2025-10-17 11:01:19,876 [99c47355-c013-4450-a734-aff6d3c99677-groupManagement] INFO  server.RaftServerConfigKeys (ConfUtils.java:logGet(62)) - raft.server.log.queue.byte-limit = 4294967296 (custom)
2025-10-17 11:01:19,876 [99c47355-c013-4450-a734-aff6d3c99677-groupManagement] INFO  server.RaftServerConfigKeys (ConfUtils.java:logGet(62)) - raft.server.log.segment.size.max = 67108864 (custom)
2025-10-17 11:01:19,876 [99c47355-c013-4450-a734-aff6d3c99677-groupManagement] INFO  server.RaftServerConfigKeys (ConfUtils.java:logGet(62)) - raft.server.log.preallocated.size = 4194304 (custom)
2025-10-17 11:01:19,876 [99c47355-c013-4450-a734-aff6d3c99677-groupManagement] INFO  server.RaftServerConfigKeys (ConfUtils.java:logGet(62)) - raft.server.log.write.buffer.size = 33554440 (custom)
2025-10-17 11:01:19,887 | INFO  | SCMAudit | user=runner | ip=127.0.0.1 | op=GET_VERSION {} | ret=SUCCESS |  
2025-10-17 11:01:19,888 [99c47355-c013-4450-a734-aff6d3c99677-groupManagement] INFO  server.RaftServerConfigKeys (ConfUtils.java:logGet(62)) - raft.server.log.appender.buffer.byte-limit = 33554432 (custom)
2025-10-17 11:01:19,889 [99c47355-c013-4450-a734-aff6d3c99677-groupManagement] INFO  segmented.SegmentedRaftLogWorker (SegmentedRaftLogWorker.java:lambda$new$0(141)) - 99c47355-c013-4450-a734-aff6d3c99677@group-F894A97E0367-SegmentedRaftLogWorker: flushIndex: setUnconditionally 0 -> -1
2025-10-17 11:01:19,889 [99c47355-c013-4450-a734-aff6d3c99677-groupManagement] INFO  segmented.SegmentedRaftLogWorker (SegmentedRaftLogWorker.java:lambda$new$0(141)) - 99c47355-c013-4450-a734-aff6d3c99677@group-F894A97E0367-SegmentedRaftLogWorker: safeCacheEvictIndex: setUnconditionally 0 -> -1
2025-10-17 11:01:19,890 [99c47355-c013-4450-a734-aff6d3c99677-groupManagement] INFO  server.RaftServer$Division (RaftServerImpl.java:start(405)) - 99c47355-c013-4450-a734-aff6d3c99677@group-F894A97E0367: start as a follower, conf=conf: {index: -1, cur=peers:[99c47355-c013-4450-a734-aff6d3c99677|127.0.0.1:15023, b292b6be-9482-4c30-a3e0-c9f721931b72|127.0.0.1:15031, 309ab1ff-9f5a-4058-8b2f-94d451ce5267|127.0.0.1:15015]|listeners:[], old=null}
2025-10-17 11:01:19,890 [99c47355-c013-4450-a734-aff6d3c99677-groupManagement] INFO  server.RaftServer$Division (RaftServerImpl.java:setRole(392)) - 99c47355-c013-4450-a734-aff6d3c99677@group-F894A97E0367: changes role from      null to FOLLOWER at term 0 for startAsFollower
2025-10-17 11:01:19,890 [99c47355-c013-4450-a734-aff6d3c99677-groupManagement] INFO  impl.RoleInfo (RoleInfo.java:updateAndGet(148)) - 99c47355-c013-4450-a734-aff6d3c99677: start 99c47355-c013-4450-a734-aff6d3c99677@group-F894A97E0367-FollowerState
2025-10-17 11:01:19,894 [99c47355-c013-4450-a734-aff6d3c99677-groupManagement] INFO  util.JmxRegister (JmxRegister.java:tryRegister(44)) - Successfully registered JMX Bean with object name Ratis:service=RaftServer,group=group-F894A97E0367,id=99c47355-c013-4450-a734-aff6d3c99677
2025-10-17 11:01:19,894 [99c47355-c013-4450-a734-aff6d3c99677-groupManagement] INFO  util.JmxRegister (JmxRegister.java:register(58)) - register mxBean class org.apache.ratis.server.impl.RaftServerJmxAdapter as Ratis:service=RaftServer,group=group-F894A97E0367,id=99c47355-c013-4450-a734-aff6d3c99677
2025-10-17 11:01:19,897 [99c47355-c013-4450-a734-aff6d3c99677-groupManagement] INFO  server.RaftServer$Division (RaftServerImpl.java:start(419)) - 99c47355-c013-4450-a734-aff6d3c99677@group-F894A97E0367: Successfully started.
2025-10-17 11:01:19,902 [309ab1ff-9f5a-4058-8b2f-94d451ce5267-CreatePipelineCommandHandlerThread-0] INFO  commandhandler.CreatePipelineCommandHandler (CreatePipelineCommandHandler.java:lambda$handle$2(141)) - Created Pipeline RATIS THREE Pipeline-ae51cc73-aed0-4fa1-9a76-f894a97e0367.
2025-10-17 11:01:19,902 [309ab1ff-9f5a-4058-8b2f-94d451ce5267-CreatePipelineCommandHandlerThread-0] INFO  server.RaftServer (RaftServerProxy.java:addNew(105)) - 309ab1ff-9f5a-4058-8b2f-94d451ce5267: addNew group-BD423C7185AB:[99c47355-c013-4450-a734-aff6d3c99677|127.0.0.1:15023, b292b6be-9482-4c30-a3e0-c9f721931b72|127.0.0.1:15031, 309ab1ff-9f5a-4058-8b2f-94d451ce5267|127.0.0.1:15015] returns group-BD423C7185AB:java.util.concurrent.CompletableFuture@61d6e613[Not completed]
2025-10-17 11:01:19,904 [309ab1ff-9f5a-4058-8b2f-94d451ce5267-groupManagement] INFO  server.RaftServer$Division (RaftServerImpl.java:<init>(268)) - 309ab1ff-9f5a-4058-8b2f-94d451ce5267: new RaftServerImpl for group-BD423C7185AB:[99c47355-c013-4450-a734-aff6d3c99677|127.0.0.1:15023, b292b6be-9482-4c30-a3e0-c9f721931b72|127.0.0.1:15031, 309ab1ff-9f5a-4058-8b2f-94d451ce5267|127.0.0.1:15015] with ContainerStateMachine:uninitialized
2025-10-17 11:01:19,904 [309ab1ff-9f5a-4058-8b2f-94d451ce5267-groupManagement] INFO  server.RaftServer$Division (ServerState.java:<init>(114)) - 309ab1ff-9f5a-4058-8b2f-94d451ce5267@group-BD423C7185AB: ConfigurationManager, init=conf: {index: -1, cur=peers:[99c47355-c013-4450-a734-aff6d3c99677|127.0.0.1:15023, b292b6be-9482-4c30-a3e0-c9f721931b72|127.0.0.1:15031, 309ab1ff-9f5a-4058-8b2f-94d451ce5267|127.0.0.1:15015]|listeners:[], old=null}, confs=<EMPTY_MAP>
2025-10-17 11:01:19,914 [309ab1ff-9f5a-4058-8b2f-94d451ce5267-groupManagement] INFO  server.RaftServerConfigKeys (ConfUtils.java:logGet(62)) - raft.server.storage.dir = [/home/runner/work/ozone/ozone/hadoop-ozone/integration-test/target/test-dir/MiniOzoneClusterImpl-d1ffa5d3-3301-45c3-9f44-1ffa6967d237/ozone-metadata/datanode-1/ratis] (custom)
2025-10-17 11:01:19,914 [309ab1ff-9f5a-4058-8b2f-94d451ce5267-groupManagement] INFO  storage.RaftStorageDirectory (RaftStorageDirectoryImpl.java:analyzeStorage(138)) - The storage directory /home/runner/work/ozone/ozone/hadoop-ozone/integration-test/target/test-dir/MiniOzoneClusterImpl-d1ffa5d3-3301-45c3-9f44-1ffa6967d237/ozone-metadata/datanode-1/ratis/72e95c79-0fe3-4346-a9e3-bd423c7185ab does not exist. Creating ...
2025-10-17 11:01:19,916 [309ab1ff-9f5a-4058-8b2f-94d451ce5267-groupManagement] INFO  storage.RaftStorageDirectory (RaftStorageDirectoryImpl.java:tryLock(229)) - Lock on /home/runner/work/ozone/ozone/hadoop-ozone/integration-test/target/test-dir/MiniOzoneClusterImpl-d1ffa5d3-3301-45c3-9f44-1ffa6967d237/ozone-metadata/datanode-1/ratis/72e95c79-0fe3-4346-a9e3-bd423c7185ab/in_use.lock acquired by nodename 40979@localhost
2025-10-17 11:01:19,917 [309ab1ff-9f5a-4058-8b2f-94d451ce5267-groupManagement] INFO  storage.RaftStorage (RaftStorageImpl.java:format(98)) - Storage directory /home/runner/work/ozone/ozone/hadoop-ozone/integration-test/target/test-dir/MiniOzoneClusterImpl-d1ffa5d3-3301-45c3-9f44-1ffa6967d237/ozone-metadata/datanode-1/ratis/72e95c79-0fe3-4346-a9e3-bd423c7185ab has been successfully formatted.
2025-10-17 11:01:19,919 [309ab1ff-9f5a-4058-8b2f-94d451ce5267-groupManagement] INFO  ratis.ContainerStateMachine (ContainerStateMachine.java:initialize(339)) - 309ab1ff-9f5a-4058-8b2f-94d451ce5267: initialize group-BD423C7185AB
2025-10-17 11:01:19,919 [309ab1ff-9f5a-4058-8b2f-94d451ce5267-groupManagement] INFO  ratis.ContainerStateMachine (ContainerStateMachine.java:loadSnapshot(347)) - group-BD423C7185AB: The snapshot info is null. Setting the last applied index to:<INITIAL_VALUE>
2025-10-17 11:01:19,921 [EventQueue-PipelineReportForOneReplicaPipelineSafeModeRule] INFO  safemode.SCMSafeModeManager (SCMSafeModeManager.java:validateSafeModeExitRules(138)) - OneReplicaPipelineSafeModeRule rule is successfully validated
2025-10-17 11:01:19,921 [309ab1ff-9f5a-4058-8b2f-94d451ce5267-groupManagement] INFO  server.RaftServerConfigKeys (ConfUtils.java:logGet(62)) - raft.server.log.appender.buffer.byte-limit = 33554432 (custom)
2025-10-17 11:01:19,922 | INFO  | SCMAudit | user=runner | ip=127.0.0.1 | op=SEND_HEARTBEAT {"datanodeUUID":"309ab1ff-9f5a-4058-8b2f-94d451ce5267","term":"2","command":"[]"} | ret=SUCCESS |  
2025-10-17 11:01:19,929 [309ab1ff-9f5a-4058-8b2f-94d451ce5267-groupManagement] INFO  server.RaftServerConfigKeys (ConfUtils.java:logGet(62)) - raft.server.log.segment.size.max = 67108864 (custom)
2025-10-17 11:01:19,930 [309ab1ff-9f5a-4058-8b2f-94d451ce5267-groupManagement] INFO  server.RaftServerConfigKeys (ConfUtils.java:logGet(62)) - raft.server.log.appender.buffer.byte-limit = 33554432 (custom)
2025-10-17 11:01:19,933 [309ab1ff-9f5a-4058-8b2f-94d451ce5267-groupManagement] INFO  util.AwaitToRun (AwaitToRun.java:start(81)) - Thread[#1390,309ab1ff-9f5a-4058-8b2f-94d451ce5267@group-BD423C7185AB-cacheEviction-AwaitToRun,5,main] started
2025-10-17 11:01:19,934 [309ab1ff-9f5a-4058-8b2f-94d451ce5267-groupManagement] INFO  segmented.SegmentedRaftLogWorker (SegmentedRaftLogWorker.java:<init>(190)) - new 309ab1ff-9f5a-4058-8b2f-94d451ce5267@group-BD423C7185AB-SegmentedRaftLogWorker for RaftStorageImpl:Storage Directory /home/runner/work/ozone/ozone/hadoop-ozone/integration-test/target/test-dir/MiniOzoneClusterImpl-d1ffa5d3-3301-45c3-9f44-1ffa6967d237/ozone-metadata/datanode-1/ratis/72e95c79-0fe3-4346-a9e3-bd423c7185ab
2025-10-17 11:01:19,934 [309ab1ff-9f5a-4058-8b2f-94d451ce5267-groupManagement] INFO  server.RaftServerConfigKeys (ConfUtils.java:logGet(62)) - raft.server.log.queue.byte-limit = 4294967296 (custom)
2025-10-17 11:01:19,934 [309ab1ff-9f5a-4058-8b2f-94d451ce5267-groupManagement] INFO  server.RaftServerConfigKeys (ConfUtils.java:logGet(62)) - raft.server.log.segment.size.max = 67108864 (custom)
2025-10-17 11:01:19,934 [309ab1ff-9f5a-4058-8b2f-94d451ce5267-groupManagement] INFO  server.RaftServerConfigKeys (ConfUtils.java:logGet(62)) - raft.server.log.preallocated.size = 4194304 (custom)
2025-10-17 11:01:19,936 [309ab1ff-9f5a-4058-8b2f-94d451ce5267-groupManagement] INFO  server.RaftServerConfigKeys (ConfUtils.java:logGet(62)) - raft.server.log.write.buffer.size = 33554440 (custom)
2025-10-17 11:01:19,947 [309ab1ff-9f5a-4058-8b2f-94d451ce5267-groupManagement] INFO  server.RaftServerConfigKeys (ConfUtils.java:logGet(62)) - raft.server.log.appender.buffer.byte-limit = 33554432 (custom)
2025-10-17 11:01:19,948 [309ab1ff-9f5a-4058-8b2f-94d451ce5267-groupManagement] INFO  segmented.SegmentedRaftLogWorker (SegmentedRaftLogWorker.java:lambda$new$0(141)) - 309ab1ff-9f5a-4058-8b2f-94d451ce5267@group-BD423C7185AB-SegmentedRaftLogWorker: flushIndex: setUnconditionally 0 -> -1
2025-10-17 11:01:19,948 [IPC Server handler 7 on default port 15002] INFO  net.NetworkTopologyImpl (NetworkTopologyImpl.java:add(133)) - Added a new node: /default-rack/28c08cd4-c049-4c66-8210-e254cf68b291
2025-10-17 11:01:19,949 [309ab1ff-9f5a-4058-8b2f-94d451ce5267-groupManagement] INFO  segmented.SegmentedRaftLogWorker (SegmentedRaftLogWorker.java:lambda$new$0(141)) - 309ab1ff-9f5a-4058-8b2f-94d451ce5267@group-BD423C7185AB-SegmentedRaftLogWorker: safeCacheEvictIndex: setUnconditionally 0 -> -1
2025-10-17 11:01:19,949 [IPC Server handler 7 on default port 15002] INFO  node.SCMNodeManager (SCMNodeManager.java:register(423)) - Registered datanode: 28c08cd4-c049-4c66-8210-e254cf68b291{ip: 127.0.0.1, host: localhost, ports: [HTTP=15082, CLIENT_RPC=15083, REPLICATION=15089, RATIS=15085, RATIS_ADMIN=15086, RATIS_SERVER=15087, RATIS_DATASTREAM=15088, STANDALONE=15084], networkLocation: /default-rack, certSerialId: null, persistedOpState: null, persistedOpStateExpiryEpochSec: 0}
2025-10-17 11:01:19,951 [EventQueue-ContainerRegistrationReportForRatisContainerSafeModeRule] INFO  safemode.SCMSafeModeManager (SCMSafeModeManager.java:validateSafeModeExitRules(138)) - RatisContainerSafeModeRule rule is successfully validated
2025-10-17 11:01:19,951 [EventQueue-ContainerRegistrationReportForECContainerSafeModeRule] INFO  safemode.SCMSafeModeManager (SCMSafeModeManager.java:validateSafeModeExitRules(138)) - ECContainerSafeModeRule rule is successfully validated
2025-10-17 11:01:19,952 [EventQueue-NodeRegistrationContainerReportForDataNodeSafeModeRule] INFO  safemode.SCMSafeModeManager (SCMSafeModeManager.java:validateSafeModeExitRules(138)) - DataNodeSafeModeRule rule is successfully validated
2025-10-17 11:01:19,952 [EventQueue-PipelineReportForOneReplicaPipelineSafeModeRule] INFO  safemode.SCMSafeModeManager (SCMSafeModeManager.java:validateSafeModeExitRules(138)) - OneReplicaPipelineSafeModeRule rule is successfully validated
2025-10-17 11:01:19,950 [309ab1ff-9f5a-4058-8b2f-94d451ce5267-groupManagement] INFO  server.RaftServer$Division (RaftServerImpl.java:start(405)) - 309ab1ff-9f5a-4058-8b2f-94d451ce5267@group-BD423C7185AB: start as a follower, conf=conf: {index: -1, cur=peers:[99c47355-c013-4450-a734-aff6d3c99677|127.0.0.1:15023, b292b6be-9482-4c30-a3e0-c9f721931b72|127.0.0.1:15031, 309ab1ff-9f5a-4058-8b2f-94d451ce5267|127.0.0.1:15015]|listeners:[], old=null}
2025-10-17 11:01:19,952 [309ab1ff-9f5a-4058-8b2f-94d451ce5267-groupManagement] INFO  server.RaftServer$Division (RaftServerImpl.java:setRole(392)) - 309ab1ff-9f5a-4058-8b2f-94d451ce5267@group-BD423C7185AB: changes role from      null to FOLLOWER at term 0 for startAsFollower
2025-10-17 11:01:19,953 [309ab1ff-9f5a-4058-8b2f-94d451ce5267-groupManagement] INFO  impl.RoleInfo (RoleInfo.java:updateAndGet(148)) - 309ab1ff-9f5a-4058-8b2f-94d451ce5267: start 309ab1ff-9f5a-4058-8b2f-94d451ce5267@group-BD423C7185AB-FollowerState
2025-10-17 11:01:19,952 [EventQueue-NewNodeForNewNodeHandler] INFO  pipeline.BackgroundPipelineCreator (BackgroundPipelineCreator.java:notifyEventTriggered(290)) - trigger a one-shot run on RatisPipelineUtilsThread.
2025-10-17 11:01:19,952 | INFO  | SCMAudit | user=runner | ip=127.0.0.1 | op=REGISTER {"datanodeDetails":"28c08cd4-c049-4c66-8210-e254cf68b291(localhost/127.0.0.1)"} | ret=SUCCESS |  
2025-10-17 11:01:19,954 [309ab1ff-9f5a-4058-8b2f-94d451ce5267-groupManagement] INFO  util.JmxRegister (JmxRegister.java:tryRegister(44)) - Successfully registered JMX Bean with object name Ratis:service=RaftServer,group=group-BD423C7185AB,id=309ab1ff-9f5a-4058-8b2f-94d451ce5267
2025-10-17 11:01:19,954 [309ab1ff-9f5a-4058-8b2f-94d451ce5267-groupManagement] INFO  util.JmxRegister (JmxRegister.java:register(58)) - register mxBean class org.apache.ratis.server.impl.RaftServerJmxAdapter as Ratis:service=RaftServer,group=group-BD423C7185AB,id=309ab1ff-9f5a-4058-8b2f-94d451ce5267
2025-10-17 11:01:19,956 [309ab1ff-9f5a-4058-8b2f-94d451ce5267-groupManagement] INFO  server.RaftServer$Division (RaftServerImpl.java:start(419)) - 309ab1ff-9f5a-4058-8b2f-94d451ce5267@group-BD423C7185AB: Successfully started.
2025-10-17 11:01:19,956 [RatisPipelineUtilsThread-0] INFO  pipeline.RatisPipelineProvider (RatisPipelineProvider.java:lambda$create$0(208)) - Sending CreatePipelineCommand for pipeline:Pipeline-ec0c3d4d-6ff3-4aad-b043-843322e62f72 to datanode:28c08cd4-c049-4c66-8210-e254cf68b291(localhost/127.0.0.1)
2025-10-17 11:01:19,957 [309ab1ff-9f5a-4058-8b2f-94d451ce5267-CreatePipelineCommandHandlerThread-0] INFO  ratis.XceiverServerRatis (XceiverServerRatis.java:addGroup(839)) - Created group Pipeline-72e95c79-0fe3-4346-a9e3-bd423c7185ab
2025-10-17 11:01:19,962 [069dddce-46ee-48e8-8453-914416002559@group-1FFA6967D237-StateMachineUpdater] INFO  safemode.SCMSafeModeManager (SCMSafeModeManager.java:validateSafeModeExitRules(138)) - DataNodeSafeModeRule rule is successfully validated
2025-10-17 11:01:19,962 [069dddce-46ee-48e8-8453-914416002559@group-1FFA6967D237-StateMachineUpdater] INFO  safemode.SCMSafeModeManager (SCMSafeModeManager.java:validateSafeModeExitRules(138)) - RatisContainerSafeModeRule rule is successfully validated
2025-10-17 11:01:19,962 [069dddce-46ee-48e8-8453-914416002559@group-1FFA6967D237-StateMachineUpdater] INFO  safemode.HealthyPipelineSafeModeRule (HealthyPipelineSafeModeRule.java:initializeRule(226)) - Refreshed total pipeline count is 0, healthy pipeline threshold count is 1
2025-10-17 11:01:19,962 [069dddce-46ee-48e8-8453-914416002559@group-1FFA6967D237-StateMachineUpdater] INFO  safemode.SCMSafeModeManager (SCMSafeModeManager.java:validateSafeModeExitRules(138)) - OneReplicaPipelineSafeModeRule rule is successfully validated
2025-10-17 11:01:19,962 [069dddce-46ee-48e8-8453-914416002559@group-1FFA6967D237-StateMachineUpdater] INFO  safemode.SCMSafeModeManager (SCMSafeModeManager.java:validateSafeModeExitRules(138)) - ECContainerSafeModeRule rule is successfully validated
2025-10-17 11:01:19,963 [3a11eef6-a527-493c-8ba3-ae39ecaefa56-EndpointStateMachineTaskThread-/0.0.0.0:15002-0 ] INFO  utils.DatanodeStoreCache (DatanodeStoreCache.java:addDB(70)) - Added db /home/runner/work/ozone/ozone/hadoop-ozone/integration-test/target/test-dir/MiniOzoneClusterImpl-d1ffa5d3-3301-45c3-9f44-1ffa6967d237/ozone-metadata/datanode-12/data-0/hdds/d1ffa5d3-3301-45c3-9f44-1ffa6967d237/DS-cefcad84-0e81-4587-b1f8-591db3d52c9a/container.db to cache
2025-10-17 11:01:19,963 [3a11eef6-a527-493c-8ba3-ae39ecaefa56-EndpointStateMachineTaskThread-/0.0.0.0:15002-0 ] INFO  volume.HddsVolume (HddsVolume.java:createDbStore(576)) - SchemaV3 db is created and loaded at /home/runner/work/ozone/ozone/hadoop-ozone/integration-test/target/test-dir/MiniOzoneClusterImpl-d1ffa5d3-3301-45c3-9f44-1ffa6967d237/ozone-metadata/datanode-12/data-0/hdds/d1ffa5d3-3301-45c3-9f44-1ffa6967d237/DS-cefcad84-0e81-4587-b1f8-591db3d52c9a/container.db for volume DS-cefcad84-0e81-4587-b1f8-591db3d52c9a
2025-10-17 11:01:19,963 [RatisPipelineUtilsThread-0] INFO  pipeline.BackgroundPipelineCreator (BackgroundPipelineCreator.java:createPipelines(246)) - Created new pipeline Pipeline{ Id: ec0c3d4d-6ff3-4aad-b043-843322e62f72, Nodes: [ {28c08cd4-c049-4c66-8210-e254cf68b291(localhost/127.0.0.1), ReplicaIndex: 0},], ReplicationConfig: RATIS/ONE, State:ALLOCATED, leaderId:, CreationTimestamp2025-10-17T11:01:19.956825161Z[Etc/UTC]}
2025-10-17 11:01:19,968 [3a11eef6-a527-493c-8ba3-ae39ecaefa56-ContainerReader-0] INFO  ozoneimpl.ContainerReader (ContainerReader.java:readVolume(147)) - Start to verify containers on volume /home/runner/work/ozone/ozone/hadoop-ozone/integration-test/target/test-dir/MiniOzoneClusterImpl-d1ffa5d3-3301-45c3-9f44-1ffa6967d237/ozone-metadata/datanode-12/data-0/hdds
2025-10-17 11:01:19,968 [3a11eef6-a527-493c-8ba3-ae39ecaefa56-ContainerReader-0] INFO  ozoneimpl.ContainerReader (ContainerReader.java:readVolume(177)) - Finish verifying containers on volume /home/runner/work/ozone/ozone/hadoop-ozone/integration-test/target/test-dir/MiniOzoneClusterImpl-d1ffa5d3-3301-45c3-9f44-1ffa6967d237/ozone-metadata/datanode-12/data-0/hdds
2025-10-17 11:01:19,969 [3a11eef6-a527-493c-8ba3-ae39ecaefa56-EndpointStateMachineTaskThread-/0.0.0.0:15002-0 ] INFO  ozoneimpl.OzoneContainer (OzoneContainer.java:buildContainerSet(359)) - Build ContainerSet costs 0s
2025-10-17 11:01:19,970 [3a11eef6-a527-493c-8ba3-ae39ecaefa56-EndpointStateMachineTaskThread-/0.0.0.0:15002-0 ] INFO  volume.ThrottledAsyncChecker (ThrottledAsyncChecker.java:schedule(138)) - Scheduling a check for /home/runner/work/ozone/ozone/hadoop-ozone/integration-test/target/test-dir/MiniOzoneClusterImpl-d1ffa5d3-3301-45c3-9f44-1ffa6967d237/ozone-metadata/datanode-12/data-0/hdds
2025-10-17 11:01:19,971 [ForkJoinPool-1-worker-1] INFO  handler.ContextHandler (ContextHandler.java:doStart(921)) - Started o.e.j.w.WebAppContext@4e9ee764{hddsDatanode,/,file:///home/runner/work/ozone/ozone/hadoop-ozone/integration-test/target/test-dir/MiniOzoneClusterImpl-d1ffa5d3-3301-45c3-9f44-1ffa6967d237/scm/ozone-metadata/webserver/jetty-0_0_0_0-15114-hdds-container-service-2_1_0-SNAPSHOT_jar-_-any-9883573388451216752/webapp/,AVAILABLE}{jar:file:/home/runner/work/ozone/ozone/hadoop-hdds/container-service/target/hdds-container-service-2.1.0-SNAPSHOT.jar!/webapps/hddsDatanode}
2025-10-17 11:01:19,972 [3a11eef6-a527-493c-8ba3-ae39ecaefa56-EndpointStateMachineTaskThread-/0.0.0.0:15002-0 ] INFO  volume.StorageVolumeChecker (StorageVolumeChecker.java:checkAllVolumes(231)) - Scheduled health check for volume /home/runner/work/ozone/ozone/hadoop-ozone/integration-test/target/test-dir/MiniOzoneClusterImpl-d1ffa5d3-3301-45c3-9f44-1ffa6967d237/ozone-metadata/datanode-12/data-0/hdds
2025-10-17 11:01:19,974 [ForkJoinPool-1-worker-1] INFO  server.AbstractConnector (AbstractConnector.java:doStart(333)) - Started ServerConnector@59c8defd{HTTP/1.1, (http/1.1)}{0.0.0.0:15114}
2025-10-17 11:01:19,974 [ForkJoinPool-1-worker-1] INFO  server.Server (Server.java:doStart(415)) - Started @13501ms
2025-10-17 11:01:19,974 [ForkJoinPool-1-worker-1] WARN  impl.MetricsSystemImpl (MetricsSystemImpl.java:register(279)) - Sink prometheus already exists!
2025-10-17 11:01:19,974 [grpc-default-executor-0] INFO  server.RaftServer (RaftServerProxy.java:addNew(105)) - 99c47355-c013-4450-a734-aff6d3c99677: addNew group-BD423C7185AB:[99c47355-c013-4450-a734-aff6d3c99677|127.0.0.1:15023, b292b6be-9482-4c30-a3e0-c9f721931b72|127.0.0.1:15031, 309ab1ff-9f5a-4058-8b2f-94d451ce5267|127.0.0.1:15015] returns group-BD423C7185AB:java.util.concurrent.CompletableFuture@17c0c9d2[Not completed]
2025-10-17 11:01:19,974 [ForkJoinPool-1-worker-1] INFO  http.BaseHttpServer (BaseHttpServer.java:updateConnectorAddress(357)) - HTTP server of hddsDatanode listening at http://localhost:15114
2025-10-17 11:01:19,975 [ForkJoinPool-1-worker-1] INFO  ipc.CallQueueManager (CallQueueManager.java:<init>(93)) - Using callQueue: class java.util.concurrent.LinkedBlockingQueue, queueCapacity: 1000, scheduler: class org.apache.hadoop.ipc.DefaultRpcScheduler, ipcBackoff: false, ipcFailOver: false.
2025-10-17 11:01:19,975 [ForkJoinPool-1-worker-1] INFO  ipc.Server (Server.java:<init>(1438)) - Listener at 0.0.0.0:15115
2025-10-17 11:01:19,976 [Socket Reader #1 for port 15115] INFO  ipc.Server (Server.java:run(1474)) - Starting Socket Reader #1 for port 15115
2025-10-17 11:01:19,976 [99c47355-c013-4450-a734-aff6d3c99677-groupManagement] INFO  server.RaftServer$Division (RaftServerImpl.java:<init>(268)) - 99c47355-c013-4450-a734-aff6d3c99677: new RaftServerImpl for group-BD423C7185AB:[99c47355-c013-4450-a734-aff6d3c99677|127.0.0.1:15023, b292b6be-9482-4c30-a3e0-c9f721931b72|127.0.0.1:15031, 309ab1ff-9f5a-4058-8b2f-94d451ce5267|127.0.0.1:15015] with ContainerStateMachine:uninitialized
2025-10-17 11:01:19,977 [99c47355-c013-4450-a734-aff6d3c99677-groupManagement] INFO  server.RaftServer$Division (ServerState.java:<init>(114)) - 99c47355-c013-4450-a734-aff6d3c99677@group-BD423C7185AB: ConfigurationManager, init=conf: {index: -1, cur=peers:[99c47355-c013-4450-a734-aff6d3c99677|127.0.0.1:15023, b292b6be-9482-4c30-a3e0-c9f721931b72|127.0.0.1:15031, 309ab1ff-9f5a-4058-8b2f-94d451ce5267|127.0.0.1:15015]|listeners:[], old=null}, confs=<EMPTY_MAP>
2025-10-17 11:01:19,977 [Socket Reader #2 for port 15115] INFO  ipc.Server (Server.java:run(1474)) - Starting Socket Reader #2 for port 15115
2025-10-17 11:01:19,977 [Socket Reader #3 for port 15115] INFO  ipc.Server (Server.java:run(1474)) - Starting Socket Reader #3 for port 15115
2025-10-17 11:01:19,978 [Socket Reader #4 for port 15115] INFO  ipc.Server (Server.java:run(1474)) - Starting Socket Reader #4 for port 15115
2025-10-17 11:01:19,979 [Socket Reader #5 for port 15115] INFO  ipc.Server (Server.java:run(1474)) - Starting Socket Reader #5 for port 15115
2025-10-17 11:01:19,980 [3a11eef6-a527-493c-8ba3-ae39ecaefa56-EndpointStateMachineTaskThread-/0.0.0.0:15002-0 ] INFO  volume.ThrottledAsyncChecker (ThrottledAsyncChecker.java:schedule(138)) - Scheduling a check for /home/runner/work/ozone/ozone/hadoop-ozone/integration-test/target/test-dir/MiniOzoneClusterImpl-d1ffa5d3-3301-45c3-9f44-1ffa6967d237/ozone-metadata/datanode-12/ratis
2025-10-17 11:01:19,980 [Socket Reader #6 for port 15115] INFO  ipc.Server (Server.java:run(1474)) - Starting Socket Reader #6 for port 15115
2025-10-17 11:01:19,980 [Socket Reader #7 for port 15115] INFO  ipc.Server (Server.java:run(1474)) - Starting Socket Reader #7 for port 15115
2025-10-17 11:01:19,980 [3a11eef6-a527-493c-8ba3-ae39ecaefa56-EndpointStateMachineTaskThread-/0.0.0.0:15002-0 ] INFO  volume.StorageVolumeChecker (StorageVolumeChecker.java:checkAllVolumes(231)) - Scheduled health check for volume /home/runner/work/ozone/ozone/hadoop-ozone/integration-test/target/test-dir/MiniOzoneClusterImpl-d1ffa5d3-3301-45c3-9f44-1ffa6967d237/ozone-metadata/datanode-12/ratis
2025-10-17 11:01:19,981 [Socket Reader #8 for port 15115] INFO  ipc.Server (Server.java:run(1474)) - Starting Socket Reader #8 for port 15115
2025-10-17 11:01:19,981 [Socket Reader #9 for port 15115] INFO  ipc.Server (Server.java:run(1474)) - Starting Socket Reader #9 for port 15115
2025-10-17 11:01:19,982 [Socket Reader #10 for port 15115] INFO  ipc.Server (Server.java:run(1474)) - Starting Socket Reader #10 for port 15115
2025-10-17 11:01:19,982 [3a11eef6-a527-493c-8ba3-ae39ecaefa56-EndpointStateMachineTaskThread-/0.0.0.0:15002-0 ] INFO  ozoneimpl.OzoneContainer (OzoneContainer.java:start(544)) - Attempting to start container services.
2025-10-17 11:01:19,983 [ContainerMetadataScanner] INFO  ozoneimpl.AbstractBackgroundContainerScanner (AbstractBackgroundContainerScanner.java:runIteration(89)) - Completed an iteration in 0 minutes. Number of iterations (since the data-node restart) : 1, Number of containers scanned in this iteration : 0, Number of unhealthy containers found in this iteration : 0
2025-10-17 11:01:19,986 [ForkJoinPool-1-worker-1] INFO  ozone.HddsDatanodeService (HddsDatanodeService.java:start(333)) - Datanode start with admins: [admin, runner]
2025-10-17 11:01:19,986 [ForkJoinPool-1-worker-1] INFO  ozone.HddsDatanodeClientProtocolServer (HddsDatanodeClientProtocolServer.java:start(76)) - RPC server for Client /0.0.0.0:15115
2025-10-17 11:01:19,986 [99c47355-c013-4450-a734-aff6d3c99677-groupManagement] INFO  server.RaftServerConfigKeys (ConfUtils.java:logGet(62)) - raft.server.storage.dir = [/home/runner/work/ozone/ozone/hadoop-ozone/integration-test/target/test-dir/MiniOzoneClusterImpl-d1ffa5d3-3301-45c3-9f44-1ffa6967d237/ozone-metadata/datanode-2/ratis] (custom)
2025-10-17 11:01:19,986 [99c47355-c013-4450-a734-aff6d3c99677-groupManagement] INFO  storage.RaftStorageDirectory (RaftStorageDirectoryImpl.java:analyzeStorage(138)) - The storage directory /home/runner/work/ozone/ozone/hadoop-ozone/integration-test/target/test-dir/MiniOzoneClusterImpl-d1ffa5d3-3301-45c3-9f44-1ffa6967d237/ozone-metadata/datanode-2/ratis/72e95c79-0fe3-4346-a9e3-bd423c7185ab does not exist. Creating ...
2025-10-17 11:01:19,987 [ContainerDataScanner(/home/runner/work/ozone/ozone/hadoop-ozone/integration-test/target/test-dir/MiniOzoneClusterImpl-d1ffa5d3-3301-45c3-9f44-1ffa6967d237/ozone-metadata/datanode-12/data-0/hdds)] INFO  ozoneimpl.AbstractBackgroundContainerScanner (AbstractBackgroundContainerScanner.java:runIteration(89)) - Completed an iteration in 0 minutes. Number of iterations (since the data-node restart) : 1, Number of containers scanned in this iteration : 0, Number of unhealthy containers found in this iteration : 0
2025-10-17 11:01:19,987 [IPC Server Responder] INFO  ipc.Server (Server.java:run(1713)) - IPC Server Responder: starting
2025-10-17 11:01:19,987 [99c47355-c013-4450-a734-aff6d3c99677-groupManagement] INFO  storage.RaftStorageDirectory (RaftStorageDirectoryImpl.java:tryLock(229)) - Lock on /home/runner/work/ozone/ozone/hadoop-ozone/integration-test/target/test-dir/MiniOzoneClusterImpl-d1ffa5d3-3301-45c3-9f44-1ffa6967d237/ozone-metadata/datanode-2/ratis/72e95c79-0fe3-4346-a9e3-bd423c7185ab/in_use.lock acquired by nodename 40979@localhost
2025-10-17 11:01:19,988 [3a11eef6-a527-493c-8ba3-ae39ecaefa56-EndpointStateMachineTaskThread-/0.0.0.0:15002-0 ] INFO  replication.ReplicationServer (ReplicationServer.java:start(137)) - ReplicationServer is started using port 15105
2025-10-17 11:01:19,988 [3a11eef6-a527-493c-8ba3-ae39ecaefa56-EndpointStateMachineTaskThread-/0.0.0.0:15002-0 ] INFO  ratis.XceiverServerRatis (XceiverServerRatis.java:start(559)) - Starting XceiverServerRatis(3a11eef6-a527-493c-8ba3-ae39ecaefa56)
2025-10-17 11:01:19,988 [IPC Server listener on 15115] INFO  ipc.Server (Server.java:run(1553)) - IPC Server listener on 15115: starting
2025-10-17 11:01:19,989 [99c47355-c013-4450-a734-aff6d3c99677-groupManagement] INFO  storage.RaftStorage (RaftStorageImpl.java:format(98)) - Storage directory /home/runner/work/ozone/ozone/hadoop-ozone/integration-test/target/test-dir/MiniOzoneClusterImpl-d1ffa5d3-3301-45c3-9f44-1ffa6967d237/ozone-metadata/datanode-2/ratis/72e95c79-0fe3-4346-a9e3-bd423c7185ab has been successfully formatted.
2025-10-17 11:01:19,990 [99c47355-c013-4450-a734-aff6d3c99677-groupManagement] INFO  ratis.ContainerStateMachine (ContainerStateMachine.java:initialize(339)) - 99c47355-c013-4450-a734-aff6d3c99677: initialize group-BD423C7185AB
2025-10-17 11:01:19,990 [99c47355-c013-4450-a734-aff6d3c99677-groupManagement] INFO  ratis.ContainerStateMachine (ContainerStateMachine.java:loadSnapshot(347)) - group-BD423C7185AB: The snapshot info is null. Setting the last applied index to:<INITIAL_VALUE>
2025-10-17 11:01:19,990 [99c47355-c013-4450-a734-aff6d3c99677-groupManagement] INFO  server.RaftServerConfigKeys (ConfUtils.java:logGet(62)) - raft.server.log.appender.buffer.byte-limit = 33554432 (custom)
2025-10-17 11:01:19,992 | INFO  | SCMAudit | user=runner | ip=127.0.0.1 | op=SEND_HEARTBEAT {"datanodeUUID":"99c47355-c013-4450-a734-aff6d3c99677","term":"2","command":"[]"} | ret=SUCCESS |  
2025-10-17 11:01:19,992 [EventQueue-PipelineReportForOneReplicaPipelineSafeModeRule] INFO  safemode.SCMSafeModeManager (SCMSafeModeManager.java:validateSafeModeExitRules(138)) - OneReplicaPipelineSafeModeRule rule is successfully validated
2025-10-17 11:01:19,994 [99c47355-c013-4450-a734-aff6d3c99677-groupManagement] INFO  server.RaftServerConfigKeys (ConfUtils.java:logGet(62)) - raft.server.log.segment.size.max = 67108864 (custom)
2025-10-17 11:01:19,995 [99c47355-c013-4450-a734-aff6d3c99677-groupManagement] INFO  server.RaftServerConfigKeys (ConfUtils.java:logGet(62)) - raft.server.log.appender.buffer.byte-limit = 33554432 (custom)
2025-10-17 11:01:19,995 [3a11eef6-a527-493c-8ba3-ae39ecaefa56-EndpointStateMachineTaskThread-/0.0.0.0:15002-0 ] INFO  server.RaftServer (RaftServerProxy.java:startImpl(412)) - 3a11eef6-a527-493c-8ba3-ae39ecaefa56: start RPC server
2025-10-17 11:01:19,996 [99c47355-c013-4450-a734-aff6d3c99677-groupManagement] INFO  util.AwaitToRun (AwaitToRun.java:start(81)) - Thread[#1427,99c47355-c013-4450-a734-aff6d3c99677@group-BD423C7185AB-cacheEviction-AwaitToRun,5,main] started
2025-10-17 11:01:19,996 [99c47355-c013-4450-a734-aff6d3c99677-groupManagement] INFO  segmented.SegmentedRaftLogWorker (SegmentedRaftLogWorker.java:<init>(190)) - new 99c47355-c013-4450-a734-aff6d3c99677@group-BD423C7185AB-SegmentedRaftLogWorker for RaftStorageImpl:Storage Directory /home/runner/work/ozone/ozone/hadoop-ozone/integration-test/target/test-dir/MiniOzoneClusterImpl-d1ffa5d3-3301-45c3-9f44-1ffa6967d237/ozone-metadata/datanode-2/ratis/72e95c79-0fe3-4346-a9e3-bd423c7185ab
2025-10-17 11:01:19,996 [99c47355-c013-4450-a734-aff6d3c99677-groupManagement] INFO  server.RaftServerConfigKeys (ConfUtils.java:logGet(62)) - raft.server.log.queue.byte-limit = 4294967296 (custom)
2025-10-17 11:01:19,996 [99c47355-c013-4450-a734-aff6d3c99677-groupManagement] INFO  server.RaftServerConfigKeys (ConfUtils.java:logGet(62)) - raft.server.log.segment.size.max = 67108864 (custom)
2025-10-17 11:01:19,996 [99c47355-c013-4450-a734-aff6d3c99677-groupManagement] INFO  server.RaftServerConfigKeys (ConfUtils.java:logGet(62)) - raft.server.log.preallocated.size = 4194304 (custom)
2025-10-17 11:01:19,996 [3a11eef6-a527-493c-8ba3-ae39ecaefa56-EndpointStateMachineTaskThread-/0.0.0.0:15002-0 ] INFO  server.GrpcServicesImpl (GrpcServicesImpl.java:startImpl(346)) - 3a11eef6-a527-493c-8ba3-ae39ecaefa56: GrpcServicesImpl started, listening on 15101
2025-10-17 11:01:19,996 [99c47355-c013-4450-a734-aff6d3c99677-groupManagement] INFO  server.RaftServerConfigKeys (ConfUtils.java:logGet(62)) - raft.server.log.write.buffer.size = 33554440 (custom)
2025-10-17 11:01:19,999 [3a11eef6-a527-493c-8ba3-ae39ecaefa56-EndpointStateMachineTaskThread-/0.0.0.0:15002-0 ] INFO  server.GrpcServicesImpl (GrpcServicesImpl.java:startImpl(346)) - 3a11eef6-a527-493c-8ba3-ae39ecaefa56: GrpcServicesImpl started, listening on 15103
2025-10-17 11:01:19,999 [ForkJoinPool-1-worker-1] INFO  ozone.MiniOzoneClusterImpl (MiniOzoneClusterImpl.java:lambda$waitForClusterToBeReady$0(181)) - Waiting for nodes to be ready. Got 10 of 14 DN Heartbeats.
2025-10-17 11:01:19,999 [ForkJoinPool-1-worker-1] INFO  ozone.MiniOzoneClusterImpl (MiniOzoneClusterImpl.java:lambda$waitForClusterToBeReady$0(184)) - Waiting for cluster to exit safe mode
2025-10-17 11:01:19,999 [ForkJoinPool-1-worker-1] INFO  ozone.MiniOzoneClusterImpl (MiniOzoneClusterImpl.java:lambda$waitForClusterToBeReady$0(186)) - SCM became leader
2025-10-17 11:01:19,999 [3a11eef6-a527-493c-8ba3-ae39ecaefa56-EndpointStateMachineTaskThread-/0.0.0.0:15002-0 ] INFO  server.GrpcServicesImpl (GrpcServicesImpl.java:startImpl(346)) - 3a11eef6-a527-493c-8ba3-ae39ecaefa56: GrpcServicesImpl started, listening on 15102
2025-10-17 11:01:20,000 [3a11eef6-a527-493c-8ba3-ae39ecaefa56-EndpointStateMachineTaskThread-/0.0.0.0:15002-0 ] INFO  ratis.XceiverServerRatis (XceiverServerRatis.java:getRealPort(586)) - XceiverServerRatis(3a11eef6-a527-493c-8ba3-ae39ecaefa56) is started using port RATIS=15101
2025-10-17 11:01:20,000 [3a11eef6-a527-493c-8ba3-ae39ecaefa56-EndpointStateMachineTaskThread-/0.0.0.0:15002-0 ] INFO  ratis.XceiverServerRatis (XceiverServerRatis.java:getRealPort(586)) - XceiverServerRatis(3a11eef6-a527-493c-8ba3-ae39ecaefa56) is started using port RATIS_ADMIN=15102
2025-10-17 11:01:20,000 [3a11eef6-a527-493c-8ba3-ae39ecaefa56-EndpointStateMachineTaskThread-/0.0.0.0:15002-0 ] INFO  ratis.XceiverServerRatis (XceiverServerRatis.java:getRealPort(586)) - XceiverServerRatis(3a11eef6-a527-493c-8ba3-ae39ecaefa56) is started using port RATIS_SERVER=15103
2025-10-17 11:01:20,000 [3a11eef6-a527-493c-8ba3-ae39ecaefa56-EndpointStateMachineTaskThread-/0.0.0.0:15002-0 ] INFO  ratis.XceiverServerRatis (XceiverServerRatis.java:getRealPort(586)) - XceiverServerRatis(3a11eef6-a527-493c-8ba3-ae39ecaefa56) is started using port RATIS_DATASTREAM=15104
2025-10-17 11:01:20,000 [JvmPauseMonitor14] INFO  util.JvmPauseMonitor (JvmPauseMonitor.java:run(146)) - JvmPauseMonitor-3a11eef6-a527-493c-8ba3-ae39ecaefa56: Started
2025-10-17 11:01:20,001 [3a11eef6-a527-493c-8ba3-ae39ecaefa56-EndpointStateMachineTaskThread-/0.0.0.0:15002-0 ] INFO  utils.BackgroundService (BackgroundService.java:start(119)) - Starting service BlockDeletingService with interval 60000 milliseconds
2025-10-17 11:01:20,004 [3a11eef6-a527-493c-8ba3-ae39ecaefa56-EndpointStateMachineTaskThread-/0.0.0.0:15002-0 ] INFO  utils.BackgroundService (BackgroundService.java:start(119)) - Starting service StaleRecoveringContainerScrubbingService with interval 60000 milliseconds
2025-10-17 11:01:20,005 [a5293c95-44e9-4ea9-88ca-89089eac4b59-DatanodeStateMachineDaemonThread] INFO  statemachine.DatanodeStateMachine (DatanodeStateMachine.java:startStateMachineThread(363)) - Ozone container server started.
2025-10-17 11:01:20,008 | INFO  | SCMAudit | user=runner | ip=127.0.0.1 | op=SEND_HEARTBEAT {"datanodeUUID":"718bfa29-2c47-4ab5-ac61-3dfe9c6b9d5c","term":"2","command":"[commandType: createPipelineCommand createPipelineCommandProto { pipelineID { id: \"94abbb40-729e-490b-8eb4-7468994f70af\" uuid128 { mostSigBits: -7733882049603417845 leastSigBits: -8163772231918325585 } } type: RATIS factor: THREE datanode { uuid: \"718bfa29-2c47-4ab5-ac61-3dfe9c6b9d5c\" ipAddress: \"127.0.0.1\" hostName: \"localhost\" ports { name: \"HTTP\" value: 15034 } ports { name: \"CLIENT_RPC\" value: 15035 } ports { name: \"REPLICATION\" value: 15041 } ports { name: \"RATIS\" value: 15037 } ports { name: \"RATIS_ADMIN\" value: 15038 } ports { name: \"RATIS_SERVER\" value: 15039 } ports { name: \"RATIS_DATASTREAM\" value: 15040 } ports { name: \"STANDALONE\" value: 15036 } networkName: \"718bfa29-2c47-4ab5-ac61-3dfe9c6b9d5c\" networkLocation: \"/default-rack\" persistedOpState: IN_SERVICE persistedOpStateExpiry: 0 currentVersion: 2 uuid128 { mostSigBits: 8181908202792110773 leastSigBits: -6025466662689727140 } level: 3 id { uuid { mostSigBits: 8181908202792110773 leastSigBits: -6025466662689727140 } } } datanode { uuid: \"b1eee25a-1fdf-4744-83c7-58e0513fce3b\" ipAddress: \"127.0.0.1\" hostName: \"localhost\" ports { name: \"HTTP\" value: 15042 } ports { name: \"CLIENT_RPC\" value: 15043 } ports { name: \"REPLICATION\" value: 15049 } ports { name: \"RATIS\" value: 15045 } ports { name: \"RATIS_ADMIN\" value: 15046 } ports { name: \"RATIS_SERVER\" value: 15047 } ports { name: \"RATIS_DATASTREAM\" value: 15048 } ports { name: \"STANDALONE\" value: 15044 } networkName: \"b1eee25a-1fdf-4744-83c7-58e0513fce3b\" networkLocation: \"/default-rack\" persistedOpState: IN_SERVICE persistedOpStateExpiry: 0 currentVersion: 2 uuid128 { mostSigBits: -5625310007829510332 leastSigBits: -8951088013916516805 } level: 3 id { uuid { mostSigBits: -5625310007829510332 leastSigBits: -8951088013916516805 } } } datanode { uuid: \"2b4cc429-f9c1-416c-9a38-6239a2e149ea\" ipAddress: \"127.0.0.1\" hostName: \"localhost\" ports { name: \"HTTP\" value: 15050 } ports { name: \"CLIENT_RPC\" value: 15051 } ports { name: \"REPLICATION\" value: 15057 } ports { name: \"RATIS\" value: 15053 } ports { name: \"RATIS_ADMIN\" value: 15054 } ports { name: \"RATIS_SERVER\" value: 15055 } ports { name: \"RATIS_DATASTREAM\" value: 15056 } ports { name: \"STANDALONE\" value: 15052 } networkName: \"2b4cc429-f9c1-416c-9a38-6239a2e149ea\" networkLocation: \"/default-rack\" persistedOpState: IN_SERVICE persistedOpStateExpiry: 0 currentVersion: 2 uuid128 { mostSigBits: 3120084326423806316 leastSigBits: -7334003993487521302 } level: 3 id { uuid { mostSigBits: 3120084326423806316 leastSigBits: -7334003993487521302 } } } cmdId: 1760698877839 priority: 0 priority: 0 priority: 1 } term: 2 encodedToken: \"\" deadlineMsSinceEpoch: 0, commandType: createPipelineCommand createPipelineCommandProto { pipelineID { id: \"d912fc3f-3f11-4fdd-b926-75927d842139\" uuid128 { mostSigBits: -2804902269327159331 leastSigBits: -5105263855546392263 } } type: RATIS factor: THREE datanode { uuid: \"718bfa29-2c47-4ab5-ac61-3dfe9c6b9d5c\" ipAddress: \"127.0.0.1\" hostName: \"localhost\" ports { name: \"HTTP\" value: 15034 } ports { name: \"CLIENT_RPC\" value: 15035 } ports { name: \"REPLICATION\" value: 15041 } ports { name: \"RATIS\" value: 15037 } ports { name: \"RATIS_ADMIN\" value: 15038 } ports { name: \"RATIS_SERVER\" value: 15039 } ports { name: \"RATIS_DATASTREAM\" value: 15040 } ports { name: \"STANDALONE\" value: 15036 } networkName: \"718bfa29-2c47-4ab5-ac61-3dfe9c6b9d5c\" networkLocation: \"/default-rack\" persistedOpState: IN_SERVICE persistedOpStateExpiry: 0 currentVersion: 2 uuid128 { mostSigBits: 8181908202792110773 leastSigBits: -6025466662689727140 } level: 3 id { uuid { mostSigBits: 8181908202792110773 leastSigBits: -6025466662689727140 } } } datanode { uuid: \"2b4cc429-f9c1-416c-9a38-6239a2e149ea\" ipAddress: \"127.0.0.1\" hostName: \"localhost\" ports { name: \"HTTP\" value: 15050 } ports { name: \"CLIENT_RPC\" value: 15051 } ports { name: \"REPLICATION\" value: 15057 } ports { name: \"RATIS\" value: 15053 } ports { name: \"RATIS_ADMIN\" value: 15054 } ports { name: \"RATIS_SERVER\" value: 15055 } ports { name: \"RATIS_DATASTREAM\" value: 15056 } ports { name: \"STANDALONE\" value: 15052 } networkName: \"2b4cc429-f9c1-416c-9a38-6239a2e149ea\" networkLocation: \"/default-rack\" persistedOpState: IN_SERVICE persistedOpStateExpiry: 0 currentVersion: 2 uuid128 { mostSigBits: 3120084326423806316 leastSigBits: -7334003993487521302 } level: 3 id { uuid { mostSigBits: 3120084326423806316 leastSigBits: -7334003993487521302 } } } datanode { uuid: \"b1eee25a-1fdf-4744-83c7-58e0513fce3b\" ipAddress: \"127.0.0.1\" hostName: \"localhost\" ports { name: \"HTTP\" value: 15042 } ports { name: \"CLIENT_RPC\" value: 15043 } ports { name: \"REPLICATION\" value: 15049 } ports { name: \"RATIS\" value: 15045 } ports { name: \"RATIS_ADMIN\" value: 15046 } ports { name: \"RATIS_SERVER\" value: 15047 } ports { name: \"RATIS_DATASTREAM\" value: 15048 } ports { name: \"STANDALONE\" value: 15044 } networkName: \"b1eee25a-1fdf-4744-83c7-58e0513fce3b\" networkLocation: \"/default-rack\" persistedOpState: IN_SERVICE persistedOpStateExpiry: 0 currentVersion: 2 uuid128 { mostSigBits: -5625310007829510332 leastSigBits: -8951088013916516805 } level: 3 id { uuid { mostSigBits: -5625310007829510332 leastSigBits: -8951088013916516805 } } } cmdId: 1760698877840 priority: 1 priority: 0 priority: 0 } term: 2 encodedToken: \"\" deadlineMsSinceEpoch: 0]"} | ret=SUCCESS |  
2025-10-17 11:01:20,011 [a5293c95-44e9-4ea9-88ca-89089eac4b59-DatanodeStateMachineTaskThread-0] INFO  datanode.InitDatanodeState (InitDatanodeState.java:persistContainerDatanodeDetails(139)) - DatanodeDetails is persisted to /home/runner/work/ozone/ozone/hadoop-ozone/integration-test/target/test-dir/MiniOzoneClusterImpl-d1ffa5d3-3301-45c3-9f44-1ffa6967d237/ozone-metadata/datanode-14/ozone-metadata/datanode.id
2025-10-17 11:01:20,014 [99c47355-c013-4450-a734-aff6d3c99677-groupManagement] INFO  server.RaftServerConfigKeys (ConfUtils.java:logGet(62)) - raft.server.log.appender.buffer.byte-limit = 33554432 (custom)
2025-10-17 11:01:20,014 [99c47355-c013-4450-a734-aff6d3c99677-groupManagement] INFO  segmented.SegmentedRaftLogWorker (SegmentedRaftLogWorker.java:lambda$new$0(141)) - 99c47355-c013-4450-a734-aff6d3c99677@group-BD423C7185AB-SegmentedRaftLogWorker: flushIndex: setUnconditionally 0 -> -1
2025-10-17 11:01:20,014 [99c47355-c013-4450-a734-aff6d3c99677-groupManagement] INFO  segmented.SegmentedRaftLogWorker (SegmentedRaftLogWorker.java:lambda$new$0(141)) - 99c47355-c013-4450-a734-aff6d3c99677@group-BD423C7185AB-SegmentedRaftLogWorker: safeCacheEvictIndex: setUnconditionally 0 -> -1
2025-10-17 11:01:20,014 [99c47355-c013-4450-a734-aff6d3c99677-groupManagement] INFO  server.RaftServer$Division (RaftServerImpl.java:start(405)) - 99c47355-c013-4450-a734-aff6d3c99677@group-BD423C7185AB: start as a follower, conf=conf: {index: -1, cur=peers:[99c47355-c013-4450-a734-aff6d3c99677|127.0.0.1:15023, b292b6be-9482-4c30-a3e0-c9f721931b72|127.0.0.1:15031, 309ab1ff-9f5a-4058-8b2f-94d451ce5267|127.0.0.1:15015]|listeners:[], old=null}
2025-10-17 11:01:20,015 [99c47355-c013-4450-a734-aff6d3c99677-groupManagement] INFO  server.RaftServer$Division (RaftServerImpl.java:setRole(392)) - 99c47355-c013-4450-a734-aff6d3c99677@group-BD423C7185AB: changes role from      null to FOLLOWER at term 0 for startAsFollower
2025-10-17 11:01:20,015 [99c47355-c013-4450-a734-aff6d3c99677-groupManagement] INFO  impl.RoleInfo (RoleInfo.java:updateAndGet(148)) - 99c47355-c013-4450-a734-aff6d3c99677: start 99c47355-c013-4450-a734-aff6d3c99677@group-BD423C7185AB-FollowerState
2025-10-17 11:01:20,015 [99c47355-c013-4450-a734-aff6d3c99677-groupManagement] INFO  util.JmxRegister (JmxRegister.java:tryRegister(44)) - Successfully registered JMX Bean with object name Ratis:service=RaftServer,group=group-BD423C7185AB,id=99c47355-c013-4450-a734-aff6d3c99677
2025-10-17 11:01:20,015 [99c47355-c013-4450-a734-aff6d3c99677-groupManagement] INFO  util.JmxRegister (JmxRegister.java:register(58)) - register mxBean class org.apache.ratis.server.impl.RaftServerJmxAdapter as Ratis:service=RaftServer,group=group-BD423C7185AB,id=99c47355-c013-4450-a734-aff6d3c99677
2025-10-17 11:01:20,016 [99c47355-c013-4450-a734-aff6d3c99677-groupManagement] INFO  server.RaftServer$Division (RaftServerImpl.java:start(419)) - 99c47355-c013-4450-a734-aff6d3c99677@group-BD423C7185AB: Successfully started.
2025-10-17 11:01:20,031 [grpc-default-executor-0] INFO  server.RaftServer (RaftServerProxy.java:addNew(105)) - b292b6be-9482-4c30-a3e0-c9f721931b72: addNew group-BD423C7185AB:[99c47355-c013-4450-a734-aff6d3c99677|127.0.0.1:15023, b292b6be-9482-4c30-a3e0-c9f721931b72|127.0.0.1:15031, 309ab1ff-9f5a-4058-8b2f-94d451ce5267|127.0.0.1:15015] returns group-BD423C7185AB:java.util.concurrent.CompletableFuture@46a53340[Not completed]
2025-10-17 11:01:20,033 [b292b6be-9482-4c30-a3e0-c9f721931b72-groupManagement] INFO  server.RaftServer$Division (RaftServerImpl.java:<init>(268)) - b292b6be-9482-4c30-a3e0-c9f721931b72: new RaftServerImpl for group-BD423C7185AB:[99c47355-c013-4450-a734-aff6d3c99677|127.0.0.1:15023, b292b6be-9482-4c30-a3e0-c9f721931b72|127.0.0.1:15031, 309ab1ff-9f5a-4058-8b2f-94d451ce5267|127.0.0.1:15015] with ContainerStateMachine:uninitialized
2025-10-17 11:01:20,033 [b292b6be-9482-4c30-a3e0-c9f721931b72-groupManagement] INFO  server.RaftServer$Division (ServerState.java:<init>(114)) - b292b6be-9482-4c30-a3e0-c9f721931b72@group-BD423C7185AB: ConfigurationManager, init=conf: {index: -1, cur=peers:[99c47355-c013-4450-a734-aff6d3c99677|127.0.0.1:15023, b292b6be-9482-4c30-a3e0-c9f721931b72|127.0.0.1:15031, 309ab1ff-9f5a-4058-8b2f-94d451ce5267|127.0.0.1:15015]|listeners:[], old=null}, confs=<EMPTY_MAP>
2025-10-17 11:01:20,040 | INFO  | SCMAudit | user=runner | ip=127.0.0.1 | op=SEND_HEARTBEAT {"datanodeUUID":"dbd6f242-9b73-4bca-a110-3e2ec656b979","term":"2","command":"[commandType: createPipelineCommand createPipelineCommandProto { pipelineID { id: \"b8a6752f-5f1b-4e2c-afb5-492bd614e53f\" uuid128 { mostSigBits: -5141293078277304788 leastSigBits: -5785637693663419073 } } type: RATIS factor: ONE datanode { uuid: \"dbd6f242-9b73-4bca-a110-3e2ec656b979\" ipAddress: \"127.0.0.1\" hostName: \"localhost\" ports { name: \"HTTP\" value: 15066 } ports { name: \"CLIENT_RPC\" value: 15067 } ports { name: \"REPLICATION\" value: 15073 } ports { name: \"RATIS\" value: 15069 } ports { name: \"RATIS_ADMIN\" value: 15070 } ports { name: \"RATIS_SERVER\" value: 15071 } ports { name: \"RATIS_DATASTREAM\" value: 15072 } ports { name: \"STANDALONE\" value: 15068 } networkName: \"dbd6f242-9b73-4bca-a110-3e2ec656b979\" networkLocation: \"/default-rack\" persistedOpState: IN_SERVICE persistedOpStateExpiry: 0 currentVersion: 2 uuid128 { mostSigBits: -2605628966497465398 leastSigBits: -6840899463358793351 } level: 3 id { uuid { mostSigBits: -2605628966497465398 leastSigBits: -6840899463358793351 } } } cmdId: 1760698877842 priority: 1 } term: 2 encodedToken: \"\" deadlineMsSinceEpoch: 0, commandType: createPipelineCommand createPipelineCommandProto { pipelineID { id: \"d666d628-fdf5-494b-9e89-1cc4a7d0bb09\" uuid128 { mostSigBits: -2997473030420739765 leastSigBits: -7023050512952935671 } } type: RATIS factor: THREE datanode { uuid: \"50dccd39-549f-4f43-8b1f-597bf98f9c16\" ipAddress: \"127.0.0.1\" hostName: \"localhost\" ports { name: \"HTTP\" value: 15058 } ports { name: \"CLIENT_RPC\" value: 15059 } ports { name: \"REPLICATION\" value: 15065 } ports { name: \"RATIS\" value: 15061 } ports { name: \"RATIS_ADMIN\" value: 15062 } ports { name: \"RATIS_SERVER\" value: 15063 } ports { name: \"RATIS_DATASTREAM\" value: 15064 } ports { name: \"STANDALONE\" value: 15060 } networkName: \"50dccd39-549f-4f43-8b1f-597bf98f9c16\" networkLocation: \"/default-rack\" persistedOpState: IN_SERVICE persistedOpStateExpiry: 0 currentVersion: 2 uuid128 { mostSigBits: 5826757664027135811 leastSigBits: -8421914389156750314 } level: 3 id { uuid { mostSigBits: 5826757664027135811 leastSigBits: -8421914389156750314 } } } datanode { uuid: \"ed6e9581-5875-4278-a8db-50829892434b\" ipAddress: \"127.0.0.1\" hostName: \"localhost\" ports { name: \"HTTP\" value: 15074 } ports { name: \"CLIENT_RPC\" value: 15075 } ports { name: \"REPLICATION\" value: 15081 } ports { name: \"RATIS\" value: 15077 } ports { name: \"RATIS_ADMIN\" value: 15078 } ports { name: \"RATIS_SERVER\" value: 15079 } ports { name: \"RATIS_DATASTREAM\" value: 15080 } ports { name: \"STANDALONE\" value: 15076 } networkName: \"ed6e9581-5875-4278-a8db-50829892434b\" networkLocation: \"/default-rack\" persistedOpState: IN_SERVICE persistedOpStateExpiry: 0 currentVersion: 2 uuid128 { mostSigBits: -1337967656515059080 leastSigBits: -6279336733602331829 } level: 3 id { uuid { mostSigBits: -1337967656515059080 leastSigBits: -6279336733602331829 } } } datanode { uuid: \"dbd6f242-9b73-4bca-a110-3e2ec656b979\" ipAddress: \"127.0.0.1\" hostName: \"localhost\" ports { name: \"HTTP\" value: 15066 } ports { name: \"CLIENT_RPC\" value: 15067 } ports { name: \"REPLICATION\" value: 15073 } ports { name: \"RATIS\" value: 15069 } ports { name: \"RATIS_ADMIN\" value: 15070 } ports { name: \"RATIS_SERVER\" value: 15071 } ports { name: \"RATIS_DATASTREAM\" value: 15072 } ports { name: \"STANDALONE\" value: 15068 } networkName: \"dbd6f242-9b73-4bca-a110-3e2ec656b979\" networkLocation: \"/default-rack\" persistedOpState: IN_SERVICE persistedOpStateExpiry: 0 currentVersion: 2 uuid128 { mostSigBits: -2605628966497465398 leastSigBits: -6840899463358793351 } level: 3 id { uuid { mostSigBits: -2605628966497465398 leastSigBits: -6840899463358793351 } } } cmdId: 1760698877844 priority: 0 priority: 1 priority: 0 } term: 2 encodedToken: \"\" deadlineMsSinceEpoch: 0, commandType: createPipelineCommand createPipelineCommandProto { pipelineID { id: \"934e2a31-aad3-48ca-83cf-464fe5c38337\" uuid128 { mostSigBits: -7832276309142976310 leastSigBits: -8948856625590729929 } } type: RATIS factor: THREE datanode { uuid: \"ed6e9581-5875-4278-a8db-50829892434b\" ipAddress: \"127.0.0.1\" hostName: \"localhost\" ports { name: \"HTTP\" value: 15074 } ports { name: \"CLIENT_RPC\" value: 15075 } ports { name: \"REPLICATION\" value: 15081 } ports { name: \"RATIS\" value: 15077 } ports { name: \"RATIS_ADMIN\" value: 15078 } ports { name: \"RATIS_SERVER\" value: 15079 } ports { name: \"RATIS_DATASTREAM\" value: 15080 } ports { name: \"STANDALONE\" value: 15076 } networkName: \"ed6e9581-5875-4278-a8db-50829892434b\" networkLocation: \"/default-rack\" persistedOpState: IN_SERVICE persistedOpStateExpiry: 0 currentVersion: 2 uuid128 { mostSigBits: -1337967656515059080 leastSigBits: -6279336733602331829 } level: 3 id { uuid { mostSigBits: -1337967656515059080 leastSigBits: -6279336733602331829 } } } datanode { uuid: \"dbd6f242-9b73-4bca-a110-3e2ec656b979\" ipAddress: \"127.0.0.1\" hostName: \"localhost\" ports { name: \"HTTP\" value: 15066 } ports { name: \"CLIENT_RPC\" value: 15067 } ports { name: \"REPLICATION\" value: 15073 } ports { name: \"RATIS\" value: 15069 } ports { name: \"RATIS_ADMIN\" value: 15070 } ports { name: \"RATIS_SERVER\" value: 15071 } ports { name: \"RATIS_DATASTREAM\" value: 15072 } ports { name: \"STANDALONE\" value: 15068 } networkName: \"dbd6f242-9b73-4bca-a110-3e2ec656b979\" networkLocation: \"/default-rack\" persistedOpState: IN_SERVICE persistedOpStateExpiry: 0 currentVersion: 2 uuid128 { mostSigBits: -2605628966497465398 leastSigBits: -6840899463358793351 } level: 3 id { uuid { mostSigBits: -2605628966497465398 leastSigBits: -6840899463358793351 } } } datanode { uuid: \"50dccd39-549f-4f43-8b1f-597bf98f9c16\" ipAddress: \"127.0.0.1\" hostName: \"localhost\" ports { name: \"HTTP\" value: 15058 } ports { name: \"CLIENT_RPC\" value: 15059 } ports { name: \"REPLICATION\" value: 15065 } ports { name: \"RATIS\" value: 15061 } ports { name: \"RATIS_ADMIN\" value: 15062 } ports { name: \"RATIS_SERVER\" value: 15063 } ports { name: \"RATIS_DATASTREAM\" value: 15064 } ports { name: \"STANDALONE\" value: 15060 } networkName: \"50dccd39-549f-4f43-8b1f-597bf98f9c16\" networkLocation: \"/default-rack\" persistedOpState: IN_SERVICE persistedOpStateExpiry: 0 currentVersion: 2 uuid128 { mostSigBits: 5826757664027135811 leastSigBits: -8421914389156750314 } level: 3 id { uuid { mostSigBits: 5826757664027135811 leastSigBits: -8421914389156750314 } } } cmdId: 1760698877845 priority: 0 priority: 0 priority: 1 } term: 2 encodedToken: \"\" deadlineMsSinceEpoch: 0]"} | ret=SUCCESS |  
2025-10-17 11:01:20,041 [b292b6be-9482-4c30-a3e0-c9f721931b72-groupManagement] INFO  server.RaftServerConfigKeys (ConfUtils.java:logGet(62)) - raft.server.storage.dir = [/home/runner/work/ozone/ozone/hadoop-ozone/integration-test/target/test-dir/MiniOzoneClusterImpl-d1ffa5d3-3301-45c3-9f44-1ffa6967d237/ozone-metadata/datanode-3/ratis] (custom)
2025-10-17 11:01:20,041 [b292b6be-9482-4c30-a3e0-c9f721931b72-groupManagement] INFO  storage.RaftStorageDirectory (RaftStorageDirectoryImpl.java:analyzeStorage(138)) - The storage directory /home/runner/work/ozone/ozone/hadoop-ozone/integration-test/target/test-dir/MiniOzoneClusterImpl-d1ffa5d3-3301-45c3-9f44-1ffa6967d237/ozone-metadata/datanode-3/ratis/72e95c79-0fe3-4346-a9e3-bd423c7185ab does not exist. Creating ...
2025-10-17 11:01:20,043 [b292b6be-9482-4c30-a3e0-c9f721931b72-groupManagement] INFO  storage.RaftStorageDirectory (RaftStorageDirectoryImpl.java:tryLock(229)) - Lock on /home/runner/work/ozone/ozone/hadoop-ozone/integration-test/target/test-dir/MiniOzoneClusterImpl-d1ffa5d3-3301-45c3-9f44-1ffa6967d237/ozone-metadata/datanode-3/ratis/72e95c79-0fe3-4346-a9e3-bd423c7185ab/in_use.lock acquired by nodename 40979@localhost
2025-10-17 11:01:20,043 [b292b6be-9482-4c30-a3e0-c9f721931b72-groupManagement] INFO  storage.RaftStorage (RaftStorageImpl.java:format(98)) - Storage directory /home/runner/work/ozone/ozone/hadoop-ozone/integration-test/target/test-dir/MiniOzoneClusterImpl-d1ffa5d3-3301-45c3-9f44-1ffa6967d237/ozone-metadata/datanode-3/ratis/72e95c79-0fe3-4346-a9e3-bd423c7185ab has been successfully formatted.
2025-10-17 11:01:20,044 [b292b6be-9482-4c30-a3e0-c9f721931b72-groupManagement] INFO  ratis.ContainerStateMachine (ContainerStateMachine.java:initialize(339)) - b292b6be-9482-4c30-a3e0-c9f721931b72: initialize group-BD423C7185AB
2025-10-17 11:01:20,044 [b292b6be-9482-4c30-a3e0-c9f721931b72-groupManagement] INFO  ratis.ContainerStateMachine (ContainerStateMachine.java:loadSnapshot(347)) - group-BD423C7185AB: The snapshot info is null. Setting the last applied index to:<INITIAL_VALUE>
2025-10-17 11:01:20,045 [b292b6be-9482-4c30-a3e0-c9f721931b72-groupManagement] INFO  server.RaftServerConfigKeys (ConfUtils.java:logGet(62)) - raft.server.log.appender.buffer.byte-limit = 33554432 (custom)
2025-10-17 11:01:20,045 | INFO  | SCMAudit | user=runner | ip=127.0.0.1 | op=SEND_HEARTBEAT {"datanodeUUID":"b292b6be-9482-4c30-a3e0-c9f721931b72","term":"2","command":"[]"} | ret=SUCCESS |  
2025-10-17 11:01:20,045 [EventQueue-PipelineReportForOneReplicaPipelineSafeModeRule] INFO  safemode.SCMSafeModeManager (SCMSafeModeManager.java:validateSafeModeExitRules(138)) - OneReplicaPipelineSafeModeRule rule is successfully validated
2025-10-17 11:01:20,049 [b292b6be-9482-4c30-a3e0-c9f721931b72-groupManagement] INFO  server.RaftServerConfigKeys (ConfUtils.java:logGet(62)) - raft.server.log.segment.size.max = 67108864 (custom)
2025-10-17 11:01:20,049 [b292b6be-9482-4c30-a3e0-c9f721931b72-groupManagement] INFO  server.RaftServerConfigKeys (ConfUtils.java:logGet(62)) - raft.server.log.appender.buffer.byte-limit = 33554432 (custom)
2025-10-17 11:01:20,050 [b292b6be-9482-4c30-a3e0-c9f721931b72-groupManagement] INFO  util.AwaitToRun (AwaitToRun.java:start(81)) - Thread[#1449,b292b6be-9482-4c30-a3e0-c9f721931b72@group-BD423C7185AB-cacheEviction-AwaitToRun,5,main] started
2025-10-17 11:01:20,050 [b292b6be-9482-4c30-a3e0-c9f721931b72-groupManagement] INFO  segmented.SegmentedRaftLogWorker (SegmentedRaftLogWorker.java:<init>(190)) - new b292b6be-9482-4c30-a3e0-c9f721931b72@group-BD423C7185AB-SegmentedRaftLogWorker for RaftStorageImpl:Storage Directory /home/runner/work/ozone/ozone/hadoop-ozone/integration-test/target/test-dir/MiniOzoneClusterImpl-d1ffa5d3-3301-45c3-9f44-1ffa6967d237/ozone-metadata/datanode-3/ratis/72e95c79-0fe3-4346-a9e3-bd423c7185ab
2025-10-17 11:01:20,050 [b292b6be-9482-4c30-a3e0-c9f721931b72-groupManagement] INFO  server.RaftServerConfigKeys (ConfUtils.java:logGet(62)) - raft.server.log.queue.byte-limit = 4294967296 (custom)
2025-10-17 11:01:20,050 [b292b6be-9482-4c30-a3e0-c9f721931b72-groupManagement] INFO  server.RaftServerConfigKeys (ConfUtils.java:logGet(62)) - raft.server.log.segment.size.max = 67108864 (custom)
2025-10-17 11:01:20,050 [b292b6be-9482-4c30-a3e0-c9f721931b72-groupManagement] INFO  server.RaftServerConfigKeys (ConfUtils.java:logGet(62)) - raft.server.log.preallocated.size = 4194304 (custom)
2025-10-17 11:01:20,051 [b292b6be-9482-4c30-a3e0-c9f721931b72-groupManagement] INFO  server.RaftServerConfigKeys (ConfUtils.java:logGet(62)) - raft.server.log.write.buffer.size = 33554440 (custom)
2025-10-17 11:01:20,060 [b292b6be-9482-4c30-a3e0-c9f721931b72-groupManagement] INFO  server.RaftServerConfigKeys (ConfUtils.java:logGet(62)) - raft.server.log.appender.buffer.byte-limit = 33554432 (custom)
2025-10-17 11:01:20,060 [b292b6be-9482-4c30-a3e0-c9f721931b72-groupManagement] INFO  segmented.SegmentedRaftLogWorker (SegmentedRaftLogWorker.java:lambda$new$0(141)) - b292b6be-9482-4c30-a3e0-c9f721931b72@group-BD423C7185AB-SegmentedRaftLogWorker: flushIndex: setUnconditionally 0 -> -1
2025-10-17 11:01:20,060 [b292b6be-9482-4c30-a3e0-c9f721931b72-groupManagement] INFO  segmented.SegmentedRaftLogWorker (SegmentedRaftLogWorker.java:lambda$new$0(141)) - b292b6be-9482-4c30-a3e0-c9f721931b72@group-BD423C7185AB-SegmentedRaftLogWorker: safeCacheEvictIndex: setUnconditionally 0 -> -1
2025-10-17 11:01:20,060 [b292b6be-9482-4c30-a3e0-c9f721931b72-groupManagement] INFO  server.RaftServer$Division (RaftServerImpl.java:start(405)) - b292b6be-9482-4c30-a3e0-c9f721931b72@group-BD423C7185AB: start as a follower, conf=conf: {index: -1, cur=peers:[99c47355-c013-4450-a734-aff6d3c99677|127.0.0.1:15023, b292b6be-9482-4c30-a3e0-c9f721931b72|127.0.0.1:15031, 309ab1ff-9f5a-4058-8b2f-94d451ce5267|127.0.0.1:15015]|listeners:[], old=null}
2025-10-17 11:01:20,060 [b292b6be-9482-4c30-a3e0-c9f721931b72-groupManagement] INFO  server.RaftServer$Division (RaftServerImpl.java:setRole(392)) - b292b6be-9482-4c30-a3e0-c9f721931b72@group-BD423C7185AB: changes role from      null to FOLLOWER at term 0 for startAsFollower
2025-10-17 11:01:20,061 [b292b6be-9482-4c30-a3e0-c9f721931b72-groupManagement] INFO  impl.RoleInfo (RoleInfo.java:updateAndGet(148)) - b292b6be-9482-4c30-a3e0-c9f721931b72: start b292b6be-9482-4c30-a3e0-c9f721931b72@group-BD423C7185AB-FollowerState
2025-10-17 11:01:20,061 [b292b6be-9482-4c30-a3e0-c9f721931b72-groupManagement] INFO  util.JmxRegister (JmxRegister.java:tryRegister(44)) - Successfully registered JMX Bean with object name Ratis:service=RaftServer,group=group-BD423C7185AB,id=b292b6be-9482-4c30-a3e0-c9f721931b72
2025-10-17 11:01:20,061 [b292b6be-9482-4c30-a3e0-c9f721931b72-groupManagement] INFO  util.JmxRegister (JmxRegister.java:register(58)) - register mxBean class org.apache.ratis.server.impl.RaftServerJmxAdapter as Ratis:service=RaftServer,group=group-BD423C7185AB,id=b292b6be-9482-4c30-a3e0-c9f721931b72
2025-10-17 11:01:20,062 [b292b6be-9482-4c30-a3e0-c9f721931b72-groupManagement] INFO  server.RaftServer$Division (RaftServerImpl.java:start(419)) - b292b6be-9482-4c30-a3e0-c9f721931b72@group-BD423C7185AB: Successfully started.
2025-10-17 11:01:20,067 [309ab1ff-9f5a-4058-8b2f-94d451ce5267-CreatePipelineCommandHandlerThread-0] INFO  commandhandler.CreatePipelineCommandHandler (CreatePipelineCommandHandler.java:lambda$handle$2(141)) - Created Pipeline RATIS THREE Pipeline-72e95c79-0fe3-4346-a9e3-bd423c7185ab.
2025-10-17 11:01:20,148 [Warm Up EDEK Cache Thread #0] INFO  om.OzoneManager (OzoneManager.java:run(789)) - Successfully warmed up 0 EDEKs.
2025-10-17 11:01:20,150 [IPC Server handler 12 on default port 15002] INFO  net.NetworkTopologyImpl (NetworkTopologyImpl.java:add(133)) - Added a new node: /default-rack/7995ae7b-77ec-4e72-809d-814459f62ee0
2025-10-17 11:01:20,150 [IPC Server handler 12 on default port 15002] INFO  node.SCMNodeManager (SCMNodeManager.java:register(423)) - Registered datanode: 7995ae7b-77ec-4e72-809d-814459f62ee0{ip: 127.0.0.1, host: localhost, ports: [HTTP=15090, CLIENT_RPC=15091, REPLICATION=15097, RATIS=15093, RATIS_ADMIN=15094, RATIS_SERVER=15095, RATIS_DATASTREAM=15096, STANDALONE=15092], networkLocation: /default-rack, certSerialId: null, persistedOpState: null, persistedOpStateExpiryEpochSec: 0}
2025-10-17 11:01:20,150 [EventQueue-NodeRegistrationContainerReportForDataNodeSafeModeRule] INFO  safemode.SCMSafeModeManager (SCMSafeModeManager.java:validateSafeModeExitRules(138)) - DataNodeSafeModeRule rule is successfully validated
2025-10-17 11:01:20,150 [EventQueue-NewNodeForNewNodeHandler] INFO  pipeline.BackgroundPipelineCreator (BackgroundPipelineCreator.java:notifyEventTriggered(290)) - trigger a one-shot run on RatisPipelineUtilsThread.
2025-10-17 11:01:20,150 | INFO  | SCMAudit | user=runner | ip=127.0.0.1 | op=REGISTER {"datanodeDetails":"7995ae7b-77ec-4e72-809d-814459f62ee0(localhost/127.0.0.1)"} | ret=SUCCESS |  
2025-10-17 11:01:20,151 [EventQueue-ContainerRegistrationReportForECContainerSafeModeRule] INFO  safemode.SCMSafeModeManager (SCMSafeModeManager.java:validateSafeModeExitRules(138)) - ECContainerSafeModeRule rule is successfully validated
2025-10-17 11:01:20,151 [EventQueue-PipelineReportForOneReplicaPipelineSafeModeRule] INFO  safemode.SCMSafeModeManager (SCMSafeModeManager.java:validateSafeModeExitRules(138)) - OneReplicaPipelineSafeModeRule rule is successfully validated
2025-10-17 11:01:20,151 [EventQueue-ContainerRegistrationReportForRatisContainerSafeModeRule] INFO  safemode.SCMSafeModeManager (SCMSafeModeManager.java:validateSafeModeExitRules(138)) - RatisContainerSafeModeRule rule is successfully validated
2025-10-17 11:01:20,152 [RatisPipelineUtilsThread-0] INFO  pipeline.RatisPipelineProvider (RatisPipelineProvider.java:lambda$create$0(208)) - Sending CreatePipelineCommand for pipeline:Pipeline-333b9edd-f738-4917-8db9-be399a50c686 to datanode:7995ae7b-77ec-4e72-809d-814459f62ee0(localhost/127.0.0.1)
2025-10-17 11:01:20,154 [069dddce-46ee-48e8-8453-914416002559@group-1FFA6967D237-StateMachineUpdater] INFO  safemode.SCMSafeModeManager (SCMSafeModeManager.java:validateSafeModeExitRules(138)) - DataNodeSafeModeRule rule is successfully validated
2025-10-17 11:01:20,154 [069dddce-46ee-48e8-8453-914416002559@group-1FFA6967D237-StateMachineUpdater] INFO  safemode.SCMSafeModeManager (SCMSafeModeManager.java:validateSafeModeExitRules(138)) - RatisContainerSafeModeRule rule is successfully validated
2025-10-17 11:01:20,154 [069dddce-46ee-48e8-8453-914416002559@group-1FFA6967D237-StateMachineUpdater] INFO  safemode.HealthyPipelineSafeModeRule (HealthyPipelineSafeModeRule.java:initializeRule(226)) - Refreshed total pipeline count is 0, healthy pipeline threshold count is 1
2025-10-17 11:01:20,154 [069dddce-46ee-48e8-8453-914416002559@group-1FFA6967D237-StateMachineUpdater] INFO  safemode.SCMSafeModeManager (SCMSafeModeManager.java:validateSafeModeExitRules(138)) - OneReplicaPipelineSafeModeRule rule is successfully validated
2025-10-17 11:01:20,154 [069dddce-46ee-48e8-8453-914416002559@group-1FFA6967D237-StateMachineUpdater] INFO  safemode.SCMSafeModeManager (SCMSafeModeManager.java:validateSafeModeExitRules(138)) - ECContainerSafeModeRule rule is successfully validated
2025-10-17 11:01:20,154 [RatisPipelineUtilsThread-0] INFO  pipeline.BackgroundPipelineCreator (BackgroundPipelineCreator.java:createPipelines(246)) - Created new pipeline Pipeline{ Id: 333b9edd-f738-4917-8db9-be399a50c686, Nodes: [ {7995ae7b-77ec-4e72-809d-814459f62ee0(localhost/127.0.0.1), ReplicaIndex: 0},], ReplicationConfig: RATIS/ONE, State:ALLOCATED, leaderId:, CreationTimestamp2025-10-17T11:01:20.151991410Z[Etc/UTC]}
2025-10-17 11:01:20,171 | INFO  | SCMAudit | user=runner | ip=127.0.0.1 | op=GET_VERSION {} | ret=SUCCESS |  
2025-10-17 11:01:20,199 [b6f92338-e951-49df-a986-ea31ece96e9e-EndpointStateMachineTaskThread-/0.0.0.0:15002-0 ] INFO  utils.DatanodeStoreCache (DatanodeStoreCache.java:addDB(70)) - Added db /home/runner/work/ozone/ozone/hadoop-ozone/integration-test/target/test-dir/MiniOzoneClusterImpl-d1ffa5d3-3301-45c3-9f44-1ffa6967d237/ozone-metadata/datanode-13/data-0/hdds/d1ffa5d3-3301-45c3-9f44-1ffa6967d237/DS-a9f54f2a-f4d9-4dc0-8ccb-4979c50db031/container.db to cache
2025-10-17 11:01:20,199 [b6f92338-e951-49df-a986-ea31ece96e9e-EndpointStateMachineTaskThread-/0.0.0.0:15002-0 ] INFO  volume.HddsVolume (HddsVolume.java:createDbStore(576)) - SchemaV3 db is created and loaded at /home/runner/work/ozone/ozone/hadoop-ozone/integration-test/target/test-dir/MiniOzoneClusterImpl-d1ffa5d3-3301-45c3-9f44-1ffa6967d237/ozone-metadata/datanode-13/data-0/hdds/d1ffa5d3-3301-45c3-9f44-1ffa6967d237/DS-a9f54f2a-f4d9-4dc0-8ccb-4979c50db031/container.db for volume DS-a9f54f2a-f4d9-4dc0-8ccb-4979c50db031
2025-10-17 11:01:20,202 [b6f92338-e951-49df-a986-ea31ece96e9e-ContainerReader-0] INFO  ozoneimpl.ContainerReader (ContainerReader.java:readVolume(147)) - Start to verify containers on volume /home/runner/work/ozone/ozone/hadoop-ozone/integration-test/target/test-dir/MiniOzoneClusterImpl-d1ffa5d3-3301-45c3-9f44-1ffa6967d237/ozone-metadata/datanode-13/data-0/hdds
2025-10-17 11:01:20,202 [b6f92338-e951-49df-a986-ea31ece96e9e-ContainerReader-0] INFO  ozoneimpl.ContainerReader (ContainerReader.java:readVolume(177)) - Finish verifying containers on volume /home/runner/work/ozone/ozone/hadoop-ozone/integration-test/target/test-dir/MiniOzoneClusterImpl-d1ffa5d3-3301-45c3-9f44-1ffa6967d237/ozone-metadata/datanode-13/data-0/hdds
2025-10-17 11:01:20,202 [b6f92338-e951-49df-a986-ea31ece96e9e-EndpointStateMachineTaskThread-/0.0.0.0:15002-0 ] INFO  ozoneimpl.OzoneContainer (OzoneContainer.java:buildContainerSet(359)) - Build ContainerSet costs 0s
2025-10-17 11:01:20,203 [b6f92338-e951-49df-a986-ea31ece96e9e-EndpointStateMachineTaskThread-/0.0.0.0:15002-0 ] INFO  volume.ThrottledAsyncChecker (ThrottledAsyncChecker.java:schedule(138)) - Scheduling a check for /home/runner/work/ozone/ozone/hadoop-ozone/integration-test/target/test-dir/MiniOzoneClusterImpl-d1ffa5d3-3301-45c3-9f44-1ffa6967d237/ozone-metadata/datanode-13/data-0/hdds
2025-10-17 11:01:20,204 [b6f92338-e951-49df-a986-ea31ece96e9e-EndpointStateMachineTaskThread-/0.0.0.0:15002-0 ] INFO  volume.StorageVolumeChecker (StorageVolumeChecker.java:checkAllVolumes(231)) - Scheduled health check for volume /home/runner/work/ozone/ozone/hadoop-ozone/integration-test/target/test-dir/MiniOzoneClusterImpl-d1ffa5d3-3301-45c3-9f44-1ffa6967d237/ozone-metadata/datanode-13/data-0/hdds
2025-10-17 11:01:20,207 [b6f92338-e951-49df-a986-ea31ece96e9e-EndpointStateMachineTaskThread-/0.0.0.0:15002-0 ] INFO  volume.ThrottledAsyncChecker (ThrottledAsyncChecker.java:schedule(138)) - Scheduling a check for /home/runner/work/ozone/ozone/hadoop-ozone/integration-test/target/test-dir/MiniOzoneClusterImpl-d1ffa5d3-3301-45c3-9f44-1ffa6967d237/ozone-metadata/datanode-13/ratis
2025-10-17 11:01:20,207 [b6f92338-e951-49df-a986-ea31ece96e9e-EndpointStateMachineTaskThread-/0.0.0.0:15002-0 ] INFO  volume.StorageVolumeChecker (StorageVolumeChecker.java:checkAllVolumes(231)) - Scheduled health check for volume /home/runner/work/ozone/ozone/hadoop-ozone/integration-test/target/test-dir/MiniOzoneClusterImpl-d1ffa5d3-3301-45c3-9f44-1ffa6967d237/ozone-metadata/datanode-13/ratis
2025-10-17 11:01:20,208 [b6f92338-e951-49df-a986-ea31ece96e9e-EndpointStateMachineTaskThread-/0.0.0.0:15002-0 ] INFO  ozoneimpl.OzoneContainer (OzoneContainer.java:start(544)) - Attempting to start container services.
2025-10-17 11:01:20,209 [ContainerMetadataScanner] INFO  ozoneimpl.AbstractBackgroundContainerScanner (AbstractBackgroundContainerScanner.java:runIteration(89)) - Completed an iteration in 0 minutes. Number of iterations (since the data-node restart) : 1, Number of containers scanned in this iteration : 0, Number of unhealthy containers found in this iteration : 0
2025-10-17 11:01:20,209 [ContainerDataScanner(/home/runner/work/ozone/ozone/hadoop-ozone/integration-test/target/test-dir/MiniOzoneClusterImpl-d1ffa5d3-3301-45c3-9f44-1ffa6967d237/ozone-metadata/datanode-13/data-0/hdds)] INFO  ozoneimpl.AbstractBackgroundContainerScanner (AbstractBackgroundContainerScanner.java:runIteration(89)) - Completed an iteration in 0 minutes. Number of iterations (since the data-node restart) : 1, Number of containers scanned in this iteration : 0, Number of unhealthy containers found in this iteration : 0
2025-10-17 11:01:20,210 [b6f92338-e951-49df-a986-ea31ece96e9e-EndpointStateMachineTaskThread-/0.0.0.0:15002-0 ] INFO  replication.ReplicationServer (ReplicationServer.java:start(137)) - ReplicationServer is started using port 15113
2025-10-17 11:01:20,210 [b6f92338-e951-49df-a986-ea31ece96e9e-EndpointStateMachineTaskThread-/0.0.0.0:15002-0 ] INFO  ratis.XceiverServerRatis (XceiverServerRatis.java:start(559)) - Starting XceiverServerRatis(b6f92338-e951-49df-a986-ea31ece96e9e)
2025-10-17 11:01:20,211 [b6f92338-e951-49df-a986-ea31ece96e9e-EndpointStateMachineTaskThread-/0.0.0.0:15002-0 ] INFO  server.RaftServer (RaftServerProxy.java:startImpl(412)) - b6f92338-e951-49df-a986-ea31ece96e9e: start RPC server
2025-10-17 11:01:20,211 [b6f92338-e951-49df-a986-ea31ece96e9e-EndpointStateMachineTaskThread-/0.0.0.0:15002-0 ] INFO  server.GrpcServicesImpl (GrpcServicesImpl.java:startImpl(346)) - b6f92338-e951-49df-a986-ea31ece96e9e: GrpcServicesImpl started, listening on 15109
2025-10-17 11:01:20,212 [b6f92338-e951-49df-a986-ea31ece96e9e-EndpointStateMachineTaskThread-/0.0.0.0:15002-0 ] INFO  server.GrpcServicesImpl (GrpcServicesImpl.java:startImpl(346)) - b6f92338-e951-49df-a986-ea31ece96e9e: GrpcServicesImpl started, listening on 15111
2025-10-17 11:01:20,212 [b6f92338-e951-49df-a986-ea31ece96e9e-EndpointStateMachineTaskThread-/0.0.0.0:15002-0 ] INFO  server.GrpcServicesImpl (GrpcServicesImpl.java:startImpl(346)) - b6f92338-e951-49df-a986-ea31ece96e9e: GrpcServicesImpl started, listening on 15110
2025-10-17 11:01:20,212 [b6f92338-e951-49df-a986-ea31ece96e9e-EndpointStateMachineTaskThread-/0.0.0.0:15002-0 ] INFO  ratis.XceiverServerRatis (XceiverServerRatis.java:getRealPort(586)) - XceiverServerRatis(b6f92338-e951-49df-a986-ea31ece96e9e) is started using port RATIS=15109
2025-10-17 11:01:20,212 [JvmPauseMonitor15] INFO  util.JvmPauseMonitor (JvmPauseMonitor.java:run(146)) - JvmPauseMonitor-b6f92338-e951-49df-a986-ea31ece96e9e: Started
2025-10-17 11:01:20,212 [b6f92338-e951-49df-a986-ea31ece96e9e-EndpointStateMachineTaskThread-/0.0.0.0:15002-0 ] INFO  ratis.XceiverServerRatis (XceiverServerRatis.java:getRealPort(586)) - XceiverServerRatis(b6f92338-e951-49df-a986-ea31ece96e9e) is started using port RATIS_ADMIN=15110
2025-10-17 11:01:20,212 [b6f92338-e951-49df-a986-ea31ece96e9e-EndpointStateMachineTaskThread-/0.0.0.0:15002-0 ] INFO  ratis.XceiverServerRatis (XceiverServerRatis.java:getRealPort(586)) - XceiverServerRatis(b6f92338-e951-49df-a986-ea31ece96e9e) is started using port RATIS_SERVER=15111
2025-10-17 11:01:20,212 [b6f92338-e951-49df-a986-ea31ece96e9e-EndpointStateMachineTaskThread-/0.0.0.0:15002-0 ] INFO  ratis.XceiverServerRatis (XceiverServerRatis.java:getRealPort(586)) - XceiverServerRatis(b6f92338-e951-49df-a986-ea31ece96e9e) is started using port RATIS_DATASTREAM=15112
2025-10-17 11:01:20,213 [b6f92338-e951-49df-a986-ea31ece96e9e-EndpointStateMachineTaskThread-/0.0.0.0:15002-0 ] INFO  utils.BackgroundService (BackgroundService.java:start(119)) - Starting service BlockDeletingService with interval 60000 milliseconds
2025-10-17 11:01:20,213 [b6f92338-e951-49df-a986-ea31ece96e9e-EndpointStateMachineTaskThread-/0.0.0.0:15002-0 ] INFO  utils.BackgroundService (BackgroundService.java:start(119)) - Starting service StaleRecoveringContainerScrubbingService with interval 60000 milliseconds
2025-10-17 11:01:20,233 | INFO  | SCMAudit | user=runner | ip=127.0.0.1 | op=SEND_HEARTBEAT {"datanodeUUID":"b1eee25a-1fdf-4744-83c7-58e0513fce3b","term":"2","command":"[]"} | ret=SUCCESS |  
2025-10-17 11:01:20,242 | INFO  | SCMAudit | user=runner | ip=127.0.0.1 | op=SEND_HEARTBEAT {"datanodeUUID":"ed6e9581-5875-4278-a8db-50829892434b","term":"2","command":"[commandType: createPipelineCommand createPipelineCommandProto { pipelineID { id: \"6ea816f1-4d1a-4203-a6c5-0e6f53606e6c\" uuid128 { mostSigBits: 7973648365895959043 leastSigBits: -6429717021698527636 } } type: RATIS factor: ONE datanode { uuid: \"ed6e9581-5875-4278-a8db-50829892434b\" ipAddress: \"127.0.0.1\" hostName: \"localhost\" ports { name: \"HTTP\" value: 15074 } ports { name: \"CLIENT_RPC\" value: 15075 } ports { name: \"REPLICATION\" value: 15081 } ports { name: \"RATIS\" value: 15077 } ports { name: \"RATIS_ADMIN\" value: 15078 } ports { name: \"RATIS_SERVER\" value: 15079 } ports { name: \"RATIS_DATASTREAM\" value: 15080 } ports { name: \"STANDALONE\" value: 15076 } networkName: \"ed6e9581-5875-4278-a8db-50829892434b\" networkLocation: \"/default-rack\" persistedOpState: IN_SERVICE persistedOpStateExpiry: 0 currentVersion: 2 uuid128 { mostSigBits: -1337967656515059080 leastSigBits: -6279336733602331829 } level: 3 id { uuid { mostSigBits: -1337967656515059080 leastSigBits: -6279336733602331829 } } } cmdId: 1760698877843 priority: 1 } term: 2 encodedToken: \"\" deadlineMsSinceEpoch: 0, commandType: createPipelineCommand createPipelineCommandProto { pipelineID { id: \"d666d628-fdf5-494b-9e89-1cc4a7d0bb09\" uuid128 { mostSigBits: -2997473030420739765 leastSigBits: -7023050512952935671 } } type: RATIS factor: THREE datanode { uuid: \"50dccd39-549f-4f43-8b1f-597bf98f9c16\" ipAddress: \"127.0.0.1\" hostName: \"localhost\" ports { name: \"HTTP\" value: 15058 } ports { name: \"CLIENT_RPC\" value: 15059 } ports { name: \"REPLICATION\" value: 15065 } ports { name: \"RATIS\" value: 15061 } ports { name: \"RATIS_ADMIN\" value: 15062 } ports { name: \"RATIS_SERVER\" value: 15063 } ports { name: \"RATIS_DATASTREAM\" value: 15064 } ports { name: \"STANDALONE\" value: 15060 } networkName: \"50dccd39-549f-4f43-8b1f-597bf98f9c16\" networkLocation: \"/default-rack\" persistedOpState: IN_SERVICE persistedOpStateExpiry: 0 currentVersion: 2 uuid128 { mostSigBits: 5826757664027135811 leastSigBits: -8421914389156750314 } level: 3 id { uuid { mostSigBits: 5826757664027135811 leastSigBits: -8421914389156750314 } } } datanode { uuid: \"ed6e9581-5875-4278-a8db-50829892434b\" ipAddress: \"127.0.0.1\" hostName: \"localhost\" ports { name: \"HTTP\" value: 15074 } ports { name: \"CLIENT_RPC\" value: 15075 } ports { name: \"REPLICATION\" value: 15081 } ports { name: \"RATIS\" value: 15077 } ports { name: \"RATIS_ADMIN\" value: 15078 } ports { name: \"RATIS_SERVER\" value: 15079 } ports { name: \"RATIS_DATASTREAM\" value: 15080 } ports { name: \"STANDALONE\" value: 15076 } networkName: \"ed6e9581-5875-4278-a8db-50829892434b\" networkLocation: \"/default-rack\" persistedOpState: IN_SERVICE persistedOpStateExpiry: 0 currentVersion: 2 uuid128 { mostSigBits: -1337967656515059080 leastSigBits: -6279336733602331829 } level: 3 id { uuid { mostSigBits: -1337967656515059080 leastSigBits: -6279336733602331829 } } } datanode { uuid: \"dbd6f242-9b73-4bca-a110-3e2ec656b979\" ipAddress: \"127.0.0.1\" hostName: \"localhost\" ports { name: \"HTTP\" value: 15066 } ports { name: \"CLIENT_RPC\" value: 15067 } ports { name: \"REPLICATION\" value: 15073 } ports { name: \"RATIS\" value: 15069 } ports { name: \"RATIS_ADMIN\" value: 15070 } ports { name: \"RATIS_SERVER\" value: 15071 } ports { name: \"RATIS_DATASTREAM\" value: 15072 } ports { name: \"STANDALONE\" value: 15068 } networkName: \"dbd6f242-9b73-4bca-a110-3e2ec656b979\" networkLocation: \"/default-rack\" persistedOpState: IN_SERVICE persistedOpStateExpiry: 0 currentVersion: 2 uuid128 { mostSigBits: -2605628966497465398 leastSigBits: -6840899463358793351 } level: 3 id { uuid { mostSigBits: -2605628966497465398 leastSigBits: -6840899463358793351 } } } cmdId: 1760698877844 priority: 0 priority: 1 priority: 0 } term: 2 encodedToken: \"\" deadlineMsSinceEpoch: 0, commandType: createPipelineCommand createPipelineCommandProto { pipelineID { id: \"934e2a31-aad3-48ca-83cf-464fe5c38337\" uuid128 { mostSigBits: -7832276309142976310 leastSigBits: -8948856625590729929 } } type: RATIS factor: THREE datanode { uuid: \"ed6e9581-5875-4278-a8db-50829892434b\" ipAddress: \"127.0.0.1\" hostName: \"localhost\" ports { name: \"HTTP\" value: 15074 } ports { name: \"CLIENT_RPC\" value: 15075 } ports { name: \"REPLICATION\" value: 15081 } ports { name: \"RATIS\" value: 15077 } ports { name: \"RATIS_ADMIN\" value: 15078 } ports { name: \"RATIS_SERVER\" value: 15079 } ports { name: \"RATIS_DATASTREAM\" value: 15080 } ports { name: \"STANDALONE\" value: 15076 } networkName: \"ed6e9581-5875-4278-a8db-50829892434b\" networkLocation: \"/default-rack\" persistedOpState: IN_SERVICE persistedOpStateExpiry: 0 currentVersion: 2 uuid128 { mostSigBits: -1337967656515059080 leastSigBits: -6279336733602331829 } level: 3 id { uuid { mostSigBits: -1337967656515059080 leastSigBits: -6279336733602331829 } } } datanode { uuid: \"dbd6f242-9b73-4bca-a110-3e2ec656b979\" ipAddress: \"127.0.0.1\" hostName: \"localhost\" ports { name: \"HTTP\" value: 15066 } ports { name: \"CLIENT_RPC\" value: 15067 } ports { name: \"REPLICATION\" value: 15073 } ports { name: \"RATIS\" value: 15069 } ports { name: \"RATIS_ADMIN\" value: 15070 } ports { name: \"RATIS_SERVER\" value: 15071 } ports { name: \"RATIS_DATASTREAM\" value: 15072 } ports { name: \"STANDALONE\" value: 15068 } networkName: \"dbd6f242-9b73-4bca-a110-3e2ec656b979\" networkLocation: \"/default-rack\" persistedOpState: IN_SERVICE persistedOpStateExpiry: 0 currentVersion: 2 uuid128 { mostSigBits: -2605628966497465398 leastSigBits: -6840899463358793351 } level: 3 id { uuid { mostSigBits: -2605628966497465398 leastSigBits: -6840899463358793351 } } } datanode { uuid: \"50dccd39-549f-4f43-8b1f-597bf98f9c16\" ipAddress: \"127.0.0.1\" hostName: \"localhost\" ports { name: \"HTTP\" value: 15058 } ports { name: \"CLIENT_RPC\" value: 15059 } ports { name: \"REPLICATION\" value: 15065 } ports { name: \"RATIS\" value: 15061 } ports { name: \"RATIS_ADMIN\" value: 15062 } ports { name: \"RATIS_SERVER\" value: 15063 } ports { name: \"RATIS_DATASTREAM\" value: 15064 } ports { name: \"STANDALONE\" value: 15060 } networkName: \"50dccd39-549f-4f43-8b1f-597bf98f9c16\" networkLocation: \"/default-rack\" persistedOpState: IN_SERVICE persistedOpStateExpiry: 0 currentVersion: 2 uuid128 { mostSigBits: 5826757664027135811 leastSigBits: -8421914389156750314 } level: 3 id { uuid { mostSigBits: 5826757664027135811 leastSigBits: -8421914389156750314 } } } cmdId: 1760698877845 priority: 0 priority: 0 priority: 1 } term: 2 encodedToken: \"\" deadlineMsSinceEpoch: 0]"} | ret=SUCCESS |  
2025-10-17 11:01:20,386 [IPC Server handler 16 on default port 15002] INFO  net.NetworkTopologyImpl (NetworkTopologyImpl.java:add(133)) - Added a new node: /default-rack/3a11eef6-a527-493c-8ba3-ae39ecaefa56
2025-10-17 11:01:20,386 [IPC Server handler 16 on default port 15002] INFO  node.SCMNodeManager (SCMNodeManager.java:register(423)) - Registered datanode: 3a11eef6-a527-493c-8ba3-ae39ecaefa56{ip: 127.0.0.1, host: localhost, ports: [HTTP=15098, CLIENT_RPC=15099, REPLICATION=15105, RATIS=15101, RATIS_ADMIN=15102, RATIS_SERVER=15103, RATIS_DATASTREAM=15104, STANDALONE=15100], networkLocation: /default-rack, certSerialId: null, persistedOpState: null, persistedOpStateExpiryEpochSec: 0}
2025-10-17 11:01:20,387 [EventQueue-NodeRegistrationContainerReportForDataNodeSafeModeRule] INFO  safemode.SCMSafeModeManager (SCMSafeModeManager.java:validateSafeModeExitRules(138)) - DataNodeSafeModeRule rule is successfully validated
2025-10-17 11:01:20,387 [EventQueue-ContainerRegistrationReportForRatisContainerSafeModeRule] INFO  safemode.SCMSafeModeManager (SCMSafeModeManager.java:validateSafeModeExitRules(138)) - RatisContainerSafeModeRule rule is successfully validated
2025-10-17 11:01:20,387 [EventQueue-NewNodeForNewNodeHandler] INFO  pipeline.BackgroundPipelineCreator (BackgroundPipelineCreator.java:notifyEventTriggered(290)) - trigger a one-shot run on RatisPipelineUtilsThread.
2025-10-17 11:01:20,387 [EventQueue-PipelineReportForOneReplicaPipelineSafeModeRule] INFO  safemode.SCMSafeModeManager (SCMSafeModeManager.java:validateSafeModeExitRules(138)) - OneReplicaPipelineSafeModeRule rule is successfully validated
2025-10-17 11:01:20,387 | INFO  | SCMAudit | user=runner | ip=127.0.0.1 | op=REGISTER {"datanodeDetails":"3a11eef6-a527-493c-8ba3-ae39ecaefa56(localhost/127.0.0.1)"} | ret=SUCCESS |  
2025-10-17 11:01:20,387 [EventQueue-ContainerRegistrationReportForECContainerSafeModeRule] INFO  safemode.SCMSafeModeManager (SCMSafeModeManager.java:validateSafeModeExitRules(138)) - ECContainerSafeModeRule rule is successfully validated
2025-10-17 11:01:20,387 [RatisPipelineUtilsThread-0] INFO  pipeline.RatisPipelineProvider (RatisPipelineProvider.java:lambda$create$0(208)) - Sending CreatePipelineCommand for pipeline:Pipeline-a7ebf1f0-00a0-43d1-b8e1-896c9d030b15 to datanode:3a11eef6-a527-493c-8ba3-ae39ecaefa56(localhost/127.0.0.1)
2025-10-17 11:01:20,389 [069dddce-46ee-48e8-8453-914416002559@group-1FFA6967D237-StateMachineUpdater] INFO  safemode.SCMSafeModeManager (SCMSafeModeManager.java:validateSafeModeExitRules(138)) - DataNodeSafeModeRule rule is successfully validated
2025-10-17 11:01:20,390 [069dddce-46ee-48e8-8453-914416002559@group-1FFA6967D237-StateMachineUpdater] INFO  safemode.SCMSafeModeManager (SCMSafeModeManager.java:validateSafeModeExitRules(138)) - RatisContainerSafeModeRule rule is successfully validated
2025-10-17 11:01:20,390 [069dddce-46ee-48e8-8453-914416002559@group-1FFA6967D237-StateMachineUpdater] INFO  safemode.HealthyPipelineSafeModeRule (HealthyPipelineSafeModeRule.java:initializeRule(226)) - Refreshed total pipeline count is 0, healthy pipeline threshold count is 1
2025-10-17 11:01:20,390 [069dddce-46ee-48e8-8453-914416002559@group-1FFA6967D237-StateMachineUpdater] INFO  safemode.SCMSafeModeManager (SCMSafeModeManager.java:validateSafeModeExitRules(138)) - OneReplicaPipelineSafeModeRule rule is successfully validated
2025-10-17 11:01:20,390 [069dddce-46ee-48e8-8453-914416002559@group-1FFA6967D237-StateMachineUpdater] INFO  safemode.SCMSafeModeManager (SCMSafeModeManager.java:validateSafeModeExitRules(138)) - ECContainerSafeModeRule rule is successfully validated
2025-10-17 11:01:20,390 [RatisPipelineUtilsThread-0] INFO  pipeline.BackgroundPipelineCreator (BackgroundPipelineCreator.java:createPipelines(246)) - Created new pipeline Pipeline{ Id: a7ebf1f0-00a0-43d1-b8e1-896c9d030b15, Nodes: [ {3a11eef6-a527-493c-8ba3-ae39ecaefa56(localhost/127.0.0.1), ReplicaIndex: 0},], ReplicationConfig: RATIS/ONE, State:ALLOCATED, leaderId:, CreationTimestamp2025-10-17T11:01:20.387876247Z[Etc/UTC]}
2025-10-17 11:01:20,391 [RatisPipelineUtilsThread-0] INFO  pipeline.RatisPipelineProvider (RatisPipelineProvider.java:lambda$create$0(208)) - Sending CreatePipelineCommand for pipeline:Pipeline-4324291b-b287-433b-ae36-5c170ccb5e2d to datanode:3a11eef6-a527-493c-8ba3-ae39ecaefa56(localhost/127.0.0.1)
2025-10-17 11:01:20,391 [RatisPipelineUtilsThread-0] INFO  pipeline.RatisPipelineProvider (RatisPipelineProvider.java:lambda$create$0(208)) - Sending CreatePipelineCommand for pipeline:Pipeline-4324291b-b287-433b-ae36-5c170ccb5e2d to datanode:7995ae7b-77ec-4e72-809d-814459f62ee0(localhost/127.0.0.1)
2025-10-17 11:01:20,391 [RatisPipelineUtilsThread-0] INFO  pipeline.RatisPipelineProvider (RatisPipelineProvider.java:lambda$create$0(208)) - Sending CreatePipelineCommand for pipeline:Pipeline-4324291b-b287-433b-ae36-5c170ccb5e2d to datanode:28c08cd4-c049-4c66-8210-e254cf68b291(localhost/127.0.0.1)
2025-10-17 11:01:20,393 [069dddce-46ee-48e8-8453-914416002559@group-1FFA6967D237-StateMachineUpdater] INFO  safemode.SCMSafeModeManager (SCMSafeModeManager.java:validateSafeModeExitRules(138)) - DataNodeSafeModeRule rule is successfully validated
2025-10-17 11:01:20,393 [069dddce-46ee-48e8-8453-914416002559@group-1FFA6967D237-StateMachineUpdater] INFO  safemode.SCMSafeModeManager (SCMSafeModeManager.java:validateSafeModeExitRules(138)) - RatisContainerSafeModeRule rule is successfully validated
2025-10-17 11:01:20,393 [069dddce-46ee-48e8-8453-914416002559@group-1FFA6967D237-StateMachineUpdater] INFO  safemode.HealthyPipelineSafeModeRule (HealthyPipelineSafeModeRule.java:initializeRule(226)) - Refreshed total pipeline count is 0, healthy pipeline threshold count is 1
2025-10-17 11:01:20,393 [069dddce-46ee-48e8-8453-914416002559@group-1FFA6967D237-StateMachineUpdater] INFO  safemode.SCMSafeModeManager (SCMSafeModeManager.java:validateSafeModeExitRules(138)) - OneReplicaPipelineSafeModeRule rule is successfully validated
2025-10-17 11:01:20,393 [069dddce-46ee-48e8-8453-914416002559@group-1FFA6967D237-StateMachineUpdater] INFO  safemode.SCMSafeModeManager (SCMSafeModeManager.java:validateSafeModeExitRules(138)) - ECContainerSafeModeRule rule is successfully validated
2025-10-17 11:01:20,393 [RatisPipelineUtilsThread-0] INFO  pipeline.BackgroundPipelineCreator (BackgroundPipelineCreator.java:createPipelines(246)) - Created new pipeline Pipeline{ Id: 4324291b-b287-433b-ae36-5c170ccb5e2d, Nodes: [ {3a11eef6-a527-493c-8ba3-ae39ecaefa56(localhost/127.0.0.1), ReplicaIndex: 0}, {7995ae7b-77ec-4e72-809d-814459f62ee0(localhost/127.0.0.1), ReplicaIndex: 0}, {28c08cd4-c049-4c66-8210-e254cf68b291(localhost/127.0.0.1), ReplicaIndex: 0},], ReplicationConfig: RATIS/THREE, State:ALLOCATED, leaderId:, CreationTimestamp2025-10-17T11:01:20.391152937Z[Etc/UTC]}
2025-10-17 11:01:20,394 [RatisPipelineUtilsThread-0] INFO  pipeline.RatisPipelineProvider (RatisPipelineProvider.java:lambda$create$0(208)) - Sending CreatePipelineCommand for pipeline:Pipeline-7345f0ea-8df2-4439-b2f1-0dbc4bfeaa43 to datanode:28c08cd4-c049-4c66-8210-e254cf68b291(localhost/127.0.0.1)
2025-10-17 11:01:20,394 [RatisPipelineUtilsThread-0] INFO  pipeline.RatisPipelineProvider (RatisPipelineProvider.java:lambda$create$0(208)) - Sending CreatePipelineCommand for pipeline:Pipeline-7345f0ea-8df2-4439-b2f1-0dbc4bfeaa43 to datanode:7995ae7b-77ec-4e72-809d-814459f62ee0(localhost/127.0.0.1)
2025-10-17 11:01:20,394 [RatisPipelineUtilsThread-0] INFO  pipeline.RatisPipelineProvider (RatisPipelineProvider.java:lambda$create$0(208)) - Sending CreatePipelineCommand for pipeline:Pipeline-7345f0ea-8df2-4439-b2f1-0dbc4bfeaa43 to datanode:3a11eef6-a527-493c-8ba3-ae39ecaefa56(localhost/127.0.0.1)
2025-10-17 11:01:20,396 [069dddce-46ee-48e8-8453-914416002559@group-1FFA6967D237-StateMachineUpdater] INFO  safemode.SCMSafeModeManager (SCMSafeModeManager.java:validateSafeModeExitRules(138)) - DataNodeSafeModeRule rule is successfully validated
2025-10-17 11:01:20,396 [069dddce-46ee-48e8-8453-914416002559@group-1FFA6967D237-StateMachineUpdater] INFO  safemode.SCMSafeModeManager (SCMSafeModeManager.java:validateSafeModeExitRules(138)) - RatisContainerSafeModeRule rule is successfully validated
2025-10-17 11:01:20,396 [069dddce-46ee-48e8-8453-914416002559@group-1FFA6967D237-StateMachineUpdater] INFO  safemode.HealthyPipelineSafeModeRule (HealthyPipelineSafeModeRule.java:initializeRule(226)) - Refreshed total pipeline count is 0, healthy pipeline threshold count is 1
2025-10-17 11:01:20,396 [069dddce-46ee-48e8-8453-914416002559@group-1FFA6967D237-StateMachineUpdater] INFO  safemode.SCMSafeModeManager (SCMSafeModeManager.java:validateSafeModeExitRules(138)) - OneReplicaPipelineSafeModeRule rule is successfully validated
2025-10-17 11:01:20,396 [069dddce-46ee-48e8-8453-914416002559@group-1FFA6967D237-StateMachineUpdater] INFO  safemode.SCMSafeModeManager (SCMSafeModeManager.java:validateSafeModeExitRules(138)) - ECContainerSafeModeRule rule is successfully validated
2025-10-17 11:01:20,397 [RatisPipelineUtilsThread-0] INFO  pipeline.PipelineManagerImpl (PipelineManagerImpl.java:recordMetricsForPipeline(922)) - Pipeline-7345f0ea-8df2-4439-b2f1-0dbc4bfeaa43 and Pipeline-4324291b-b287-433b-ae36-5c170ccb5e2d have exactly the same set of datanodes: [28c08cd4-c049-4c66-8210-e254cf68b291(localhost/127.0.0.1), 7995ae7b-77ec-4e72-809d-814459f62ee0(localhost/127.0.0.1), 3a11eef6-a527-493c-8ba3-ae39ecaefa56(localhost/127.0.0.1)]
2025-10-17 11:01:20,397 [RatisPipelineUtilsThread-0] INFO  pipeline.BackgroundPipelineCreator (BackgroundPipelineCreator.java:createPipelines(246)) - Created new pipeline Pipeline{ Id: 7345f0ea-8df2-4439-b2f1-0dbc4bfeaa43, Nodes: [ {28c08cd4-c049-4c66-8210-e254cf68b291(localhost/127.0.0.1), ReplicaIndex: 0}, {7995ae7b-77ec-4e72-809d-814459f62ee0(localhost/127.0.0.1), ReplicaIndex: 0}, {3a11eef6-a527-493c-8ba3-ae39ecaefa56(localhost/127.0.0.1), ReplicaIndex: 0},], ReplicationConfig: RATIS/THREE, State:ALLOCATED, leaderId:, CreationTimestamp2025-10-17T11:01:20.394503839Z[Etc/UTC]}
2025-10-17 11:01:20,420 [309ab1ff-9f5a-4058-8b2f-94d451ce5267@group-71B2DF240043-FollowerState] INFO  impl.FollowerState (FollowerState.java:runImpl(161)) - 309ab1ff-9f5a-4058-8b2f-94d451ce5267@group-71B2DF240043-FollowerState: change to CANDIDATE, lastRpcElapsedTime:1072956934ns, electionTimeout:1071ms
2025-10-17 11:01:20,420 [309ab1ff-9f5a-4058-8b2f-94d451ce5267@group-71B2DF240043-FollowerState] INFO  impl.RoleInfo (RoleInfo.java:shutdownFollowerState(121)) - 309ab1ff-9f5a-4058-8b2f-94d451ce5267: shutdown 309ab1ff-9f5a-4058-8b2f-94d451ce5267@group-71B2DF240043-FollowerState
2025-10-17 11:01:20,420 [309ab1ff-9f5a-4058-8b2f-94d451ce5267@group-71B2DF240043-FollowerState] INFO  server.RaftServer$Division (RaftServerImpl.java:setRole(392)) - 309ab1ff-9f5a-4058-8b2f-94d451ce5267@group-71B2DF240043: changes role from  FOLLOWER to CANDIDATE at term 0 for changeToCandidate
2025-10-17 11:01:20,420 [309ab1ff-9f5a-4058-8b2f-94d451ce5267@group-71B2DF240043-FollowerState] INFO  impl.RoleInfo (RoleInfo.java:updateAndGet(148)) - 309ab1ff-9f5a-4058-8b2f-94d451ce5267: start 309ab1ff-9f5a-4058-8b2f-94d451ce5267@group-71B2DF240043-LeaderElection4
2025-10-17 11:01:20,421 [309ab1ff-9f5a-4058-8b2f-94d451ce5267@group-71B2DF240043-LeaderElection4] INFO  impl.LeaderElection (LeaderElection.java:askForVotes(448)) - 309ab1ff-9f5a-4058-8b2f-94d451ce5267@group-71B2DF240043-LeaderElection4 PRE_VOTE round 0: submit vote requests at term 0 for conf: {index: -1, cur=peers:[309ab1ff-9f5a-4058-8b2f-94d451ce5267|127.0.0.1:15015]|listeners:[], old=null}
2025-10-17 11:01:20,421 [309ab1ff-9f5a-4058-8b2f-94d451ce5267@group-71B2DF240043-LeaderElection4] INFO  impl.LeaderElection (LeaderElection.java:askForVotes(450)) - 309ab1ff-9f5a-4058-8b2f-94d451ce5267@group-71B2DF240043-LeaderElection4 PRE_VOTE round 0: result PASSED (term=0)
2025-10-17 11:01:20,422 [309ab1ff-9f5a-4058-8b2f-94d451ce5267@group-71B2DF240043-LeaderElection4] INFO  impl.LeaderElection (LeaderElection.java:askForVotes(448)) - 309ab1ff-9f5a-4058-8b2f-94d451ce5267@group-71B2DF240043-LeaderElection4 ELECTION round 0: submit vote requests at term 1 for conf: {index: -1, cur=peers:[309ab1ff-9f5a-4058-8b2f-94d451ce5267|127.0.0.1:15015]|listeners:[], old=null}
2025-10-17 11:01:20,422 [309ab1ff-9f5a-4058-8b2f-94d451ce5267@group-71B2DF240043-LeaderElection4] INFO  impl.LeaderElection (LeaderElection.java:askForVotes(450)) - 309ab1ff-9f5a-4058-8b2f-94d451ce5267@group-71B2DF240043-LeaderElection4 ELECTION round 0: result PASSED (term=1)
2025-10-17 11:01:20,422 [309ab1ff-9f5a-4058-8b2f-94d451ce5267@group-71B2DF240043-LeaderElection4] INFO  impl.RoleInfo (RoleInfo.java:shutdownLeaderElection(141)) - 309ab1ff-9f5a-4058-8b2f-94d451ce5267: shutdown 309ab1ff-9f5a-4058-8b2f-94d451ce5267@group-71B2DF240043-LeaderElection4
2025-10-17 11:01:20,422 [309ab1ff-9f5a-4058-8b2f-94d451ce5267@group-71B2DF240043-LeaderElection4] INFO  server.RaftServer$Division (RaftServerImpl.java:setRole(392)) - 309ab1ff-9f5a-4058-8b2f-94d451ce5267@group-71B2DF240043: changes role from CANDIDATE to LEADER at term 1 for changeToLeader
2025-10-17 11:01:20,422 [309ab1ff-9f5a-4058-8b2f-94d451ce5267@group-71B2DF240043-LeaderElection4] INFO  server.RaftServerConfigKeys (ConfUtils.java:logFallback(69)) - raft.server.staging.timeout = 15600ms (fallback to raft.server.rpc.timeout.max)
2025-10-17 11:01:20,423 [309ab1ff-9f5a-4058-8b2f-94d451ce5267@group-71B2DF240043-LeaderElection4] INFO  server.RaftServerConfigKeys (ConfUtils.java:logGet(62)) - raft.server.write.element-limit = 1024 (custom)
2025-10-17 11:01:20,423 [309ab1ff-9f5a-4058-8b2f-94d451ce5267@group-71B2DF240043-LeaderElection4] INFO  server.RaftServerConfigKeys (ConfUtils.java:logGet(62)) - raft.server.write.byte-limit = 1024 M (=1073741824) (custom)
2025-10-17 11:01:20,423 [309ab1ff-9f5a-4058-8b2f-94d451ce5267@group-71B2DF240043-LeaderElection4] INFO  server.RaftServerConfigKeys (ConfUtils.java:logGet(62)) - raft.server.watch.timeout = 30s (custom)
2025-10-17 11:01:20,424 [309ab1ff-9f5a-4058-8b2f-94d451ce5267@group-71B2DF240043-LeaderElection4] INFO  server.RaftServerConfigKeys (ConfUtils.java:logGet(62)) - raft.server.log.log-metadata.enabled = true (default)
2025-10-17 11:01:20,424 [309ab1ff-9f5a-4058-8b2f-94d451ce5267@group-71B2DF240043-LeaderElection4] INFO  impl.RoleInfo (RoleInfo.java:updateAndGet(148)) - 309ab1ff-9f5a-4058-8b2f-94d451ce5267: start 309ab1ff-9f5a-4058-8b2f-94d451ce5267@group-71B2DF240043-LeaderStateImpl
2025-10-17 11:01:20,424 [309ab1ff-9f5a-4058-8b2f-94d451ce5267@group-71B2DF240043-LeaderElection4] INFO  server.RaftServer$Division (RaftServerImpl.java:setFirstElection(576)) - 309ab1ff-9f5a-4058-8b2f-94d451ce5267@group-71B2DF240043: set firstElectionSinceStartup to false for becomeLeader
2025-10-17 11:01:20,424 [309ab1ff-9f5a-4058-8b2f-94d451ce5267@group-71B2DF240043-LeaderElection4] INFO  ratis.XceiverServerRatis (XceiverServerRatis.java:handleLeaderChangedNotification(940)) - Leader change notification received for group: group-71B2DF240043 with new leaderId: 309ab1ff-9f5a-4058-8b2f-94d451ce5267
2025-10-17 11:01:20,425 [309ab1ff-9f5a-4058-8b2f-94d451ce5267@group-71B2DF240043-LeaderElection4] INFO  server.RaftServer$Division (ServerState.java:setLeader(272)) - 309ab1ff-9f5a-4058-8b2f-94d451ce5267@group-71B2DF240043: change Leader from null to 309ab1ff-9f5a-4058-8b2f-94d451ce5267 at term 1 for becomeLeader, leader elected after 1123ms
2025-10-17 11:01:20,425 [309ab1ff-9f5a-4058-8b2f-94d451ce5267@group-71B2DF240043-LeaderElection4] INFO  segmented.SegmentedRaftLogWorker (SegmentedRaftLogWorker.java:startLogSegment(440)) - 309ab1ff-9f5a-4058-8b2f-94d451ce5267@group-71B2DF240043-SegmentedRaftLogWorker: Starting segment from index:0
2025-10-17 11:01:20,425 [309ab1ff-9f5a-4058-8b2f-94d451ce5267@group-71B2DF240043-LeaderElection4] INFO  server.RaftServer$Division (ServerState.java:setRaftConf(386)) - 309ab1ff-9f5a-4058-8b2f-94d451ce5267@group-71B2DF240043: set configuration conf: {index: 0, cur=peers:[309ab1ff-9f5a-4058-8b2f-94d451ce5267|127.0.0.1:15015]|listeners:[], old=null}
2025-10-17 11:01:20,426 [309ab1ff-9f5a-4058-8b2f-94d451ce5267@group-71B2DF240043-SegmentedRaftLogWorker] INFO  segmented.BufferedWriteChannel (BufferedWriteChannel.java:open(61)) - open log_inprogress_0 at position 0
2025-10-17 11:01:20,426 [EventQueue-PipelineReportForOneReplicaPipelineSafeModeRule] INFO  safemode.SCMSafeModeManager (SCMSafeModeManager.java:validateSafeModeExitRules(138)) - OneReplicaPipelineSafeModeRule rule is successfully validated
2025-10-17 11:01:20,426 | INFO  | SCMAudit | user=runner | ip=127.0.0.1 | op=SEND_HEARTBEAT {"datanodeUUID":"309ab1ff-9f5a-4058-8b2f-94d451ce5267","term":"2","command":"[]"} | ret=SUCCESS |  
2025-10-17 11:01:20,430 [309ab1ff-9f5a-4058-8b2f-94d451ce5267@group-71B2DF240043-SegmentedRaftLogWorker] INFO  segmented.SegmentedRaftLogWorker (SegmentedRaftLogWorker.java:execute(647)) - 309ab1ff-9f5a-4058-8b2f-94d451ce5267@group-71B2DF240043-SegmentedRaftLogWorker: created new log segment /home/runner/work/ozone/ozone/hadoop-ozone/integration-test/target/test-dir/MiniOzoneClusterImpl-d1ffa5d3-3301-45c3-9f44-1ffa6967d237/ozone-metadata/datanode-1/ratis/b203f549-6b85-46a8-bf24-71b2df240043/current/log_inprogress_0
2025-10-17 11:01:20,445 [309ab1ff-9f5a-4058-8b2f-94d451ce5267@group-71B2DF240043-StateMachineUpdater] INFO  server.RaftServer$Division (LeaderStateImpl.java:checkStartIndex(309)) - Leader 309ab1ff-9f5a-4058-8b2f-94d451ce5267@group-71B2DF240043-LeaderStateImpl is ready since appliedIndex == startIndex == 0
2025-10-17 11:01:20,448 | INFO  | SCMAudit | user=runner | ip=127.0.0.1 | op=SEND_HEARTBEAT {"datanodeUUID":"28c08cd4-c049-4c66-8210-e254cf68b291","term":"2","command":"[commandType: createPipelineCommand createPipelineCommandProto { pipelineID { id: \"ec0c3d4d-6ff3-4aad-b043-843322e62f72\" uuid128 { mostSigBits: -1437706778238039379 leastSigBits: -5745603344430911630 } } type: RATIS factor: ONE datanode { uuid: \"28c08cd4-c049-4c66-8210-e254cf68b291\" ipAddress: \"127.0.0.1\" hostName: \"localhost\" ports { name: \"HTTP\" value: 15082 } ports { name: \"CLIENT_RPC\" value: 15083 } ports { name: \"REPLICATION\" value: 15089 } ports { name: \"RATIS\" value: 15085 } ports { name: \"RATIS_ADMIN\" value: 15086 } ports { name: \"RATIS_SERVER\" value: 15087 } ports { name: \"RATIS_DATASTREAM\" value: 15088 } ports { name: \"STANDALONE\" value: 15084 } networkName: \"28c08cd4-c049-4c66-8210-e254cf68b291\" networkLocation: \"/default-rack\" persistedOpState: IN_SERVICE persistedOpStateExpiry: 0 currentVersion: 2 uuid128 { mostSigBits: 2936501802432547942 leastSigBits: -9074504395266674031 } level: 3 id { uuid { mostSigBits: 2936501802432547942 leastSigBits: -9074504395266674031 } } } cmdId: 1760698877846 priority: 1 } term: 2 encodedToken: \"\" deadlineMsSinceEpoch: 0, commandType: createPipelineCommand createPipelineCommandProto { pipelineID { id: \"4324291b-b287-433b-ae36-5c170ccb5e2d\" uuid128 { mostSigBits: 4838037098638820155 leastSigBits: -5893421808299057619 } } type: RATIS factor: THREE datanode { uuid: \"3a11eef6-a527-493c-8ba3-ae39ecaefa56\" ipAddress: \"127.0.0.1\" hostName: \"localhost\" ports { name: \"HTTP\" value: 15098 } ports { name: \"CLIENT_RPC\" value: 15099 } ports { name: \"REPLICATION\" value: 15105 } ports { name: \"RATIS\" value: 15101 } ports { name: \"RATIS_ADMIN\" value: 15102 } ports { name: \"RATIS_SERVER\" value: 15103 } ports { name: \"RATIS_DATASTREAM\" value: 15104 } ports { name: \"STANDALONE\" value: 15100 } networkName: \"3a11eef6-a527-493c-8ba3-ae39ecaefa56\" networkLocation: \"/default-rack\" persistedOpState: IN_SERVICE persistedOpStateExpiry: 0 currentVersion: 2 uuid128 { mostSigBits: 4184388271904082236 leastSigBits: -8384666517426472362 } level: 3 id { uuid { mostSigBits: 4184388271904082236 leastSigBits: -8384666517426472362 } } } datanode { uuid: \"7995ae7b-77ec-4e72-809d-814459f62ee0\" ipAddress: \"127.0.0.1\" hostName: \"localhost\" ports { name: \"HTTP\" value: 15090 } ports { name: \"CLIENT_RPC\" value: 15091 } ports { name: \"REPLICATION\" value: 15097 } ports { name: \"RATIS\" value: 15093 } ports { name: \"RATIS_ADMIN\" value: 15094 } ports { name: \"RATIS_SERVER\" value: 15095 } ports { name: \"RATIS_DATASTREAM\" value: 15096 } ports { name: \"STANDALONE\" value: 15092 } networkName: \"7995ae7b-77ec-4e72-809d-814459f62ee0\" networkLocation: \"/default-rack\" persistedOpState: IN_SERVICE persistedOpStateExpiry: 0 currentVersion: 2 uuid128 { mostSigBits: 8761100495435353714 leastSigBits: -9179038334944137504 } level: 3 id { uuid { mostSigBits: 8761100495435353714 leastSigBits: -9179038334944137504 } } } datanode { uuid: \"28c08cd4-c049-4c66-8210-e254cf68b291\" ipAddress: \"127.0.0.1\" hostName: \"localhost\" ports { name: \"HTTP\" value: 15082 } ports { name: \"CLIENT_RPC\" value: 15083 } ports { name: \"REPLICATION\" value: 15089 } ports { name: \"RATIS\" value: 15085 } ports { name: \"RATIS_ADMIN\" value: 15086 } ports { name: \"RATIS_SERVER\" value: 15087 } ports { name: \"RATIS_DATASTREAM\" value: 15088 } ports { name: \"STANDALONE\" value: 15084 } networkName: \"28c08cd4-c049-4c66-8210-e254cf68b291\" networkLocation: \"/default-rack\" persistedOpState: IN_SERVICE persistedOpStateExpiry: 0 currentVersion: 2 uuid128 { mostSigBits: 2936501802432547942 leastSigBits: -9074504395266674031 } level: 3 id { uuid { mostSigBits: 2936501802432547942 leastSigBits: -9074504395266674031 } } } cmdId: 1760698877849 priority: 0 priority: 0 priority: 1 } term: 2 encodedToken: \"\" deadlineMsSinceEpoch: 0, commandType: createPipelineCommand createPipelineCommandProto { pipelineID { id: \"7345f0ea-8df2-4439-b2f1-0dbc4bfeaa43\" uuid128 { mostSigBits: 8306309977949226041 leastSigBits: -5552641763191117245 } } type: RATIS factor: THREE datanode { uuid: \"28c08cd4-c049-4c66-8210-e254cf68b291\" ipAddress: \"127.0.0.1\" hostName: \"localhost\" ports { name: \"HTTP\" value: 15082 } ports { name: \"CLIENT_RPC\" value: 15083 } ports { name: \"REPLICATION\" value: 15089 } ports { name: \"RATIS\" value: 15085 } ports { name: \"RATIS_ADMIN\" value: 15086 } ports { name: \"RATIS_SERVER\" value: 15087 } ports { name: \"RATIS_DATASTREAM\" value: 15088 } ports { name: \"STANDALONE\" value: 15084 } networkName: \"28c08cd4-c049-4c66-8210-e254cf68b291\" networkLocation: \"/default-rack\" persistedOpState: IN_SERVICE persistedOpStateExpiry: 0 currentVersion: 2 uuid128 { mostSigBits: 2936501802432547942 leastSigBits: -9074504395266674031 } level: 3 id { uuid { mostSigBits: 2936501802432547942 leastSigBits: -9074504395266674031 } } } datanode { uuid: \"7995ae7b-77ec-4e72-809d-814459f62ee0\" ipAddress: \"127.0.0.1\" hostName: \"localhost\" ports { name: \"HTTP\" value: 15090 } ports { name: \"CLIENT_RPC\" value: 15091 } ports { name: \"REPLICATION\" value: 15097 } ports { name: \"RATIS\" value: 15093 } ports { name: \"RATIS_ADMIN\" value: 15094 } ports { name: \"RATIS_SERVER\" value: 15095 } ports { name: \"RATIS_DATASTREAM\" value: 15096 } ports { name: \"STANDALONE\" value: 15092 } networkName: \"7995ae7b-77ec-4e72-809d-814459f62ee0\" networkLocation: \"/default-rack\" persistedOpState: IN_SERVICE persistedOpStateExpiry: 0 currentVersion: 2 uuid128 { mostSigBits: 8761100495435353714 leastSigBits: -9179038334944137504 } level: 3 id { uuid { mostSigBits: 8761100495435353714 leastSigBits: -9179038334944137504 } } } datanode { uuid: \"3a11eef6-a527-493c-8ba3-ae39ecaefa56\" ipAddress: \"127.0.0.1\" hostName: \"localhost\" ports { name: \"HTTP\" value: 15098 } ports { name: \"CLIENT_RPC\" value: 15099 } ports { name: \"REPLICATION\" value: 15105 } ports { name: \"RATIS\" value: 15101 } ports { name: \"RATIS_ADMIN\" value: 15102 } ports { name: \"RATIS_SERVER\" value: 15103 } ports { name: \"RATIS_DATASTREAM\" value: 15104 } ports { name: \"STANDALONE\" value: 15100 } networkName: \"3a11eef6-a527-493c-8ba3-ae39ecaefa56\" networkLocation: \"/default-rack\" persistedOpState: IN_SERVICE persistedOpStateExpiry: 0 currentVersion: 2 uuid128 { mostSigBits: 4184388271904082236 leastSigBits: -8384666517426472362 } level: 3 id { uuid { mostSigBits: 4184388271904082236 leastSigBits: -8384666517426472362 } } } cmdId: 1760698877850 priority: 0 priority: 0 priority: 1 } term: 2 encodedToken: \"\" deadlineMsSinceEpoch: 0]"} | ret=SUCCESS |  
2025-10-17 11:01:20,497 [99c47355-c013-4450-a734-aff6d3c99677-CreatePipelineCommandHandlerThread-0] INFO  server.RaftServer (RaftServerProxy.java:addNew(105)) - 99c47355-c013-4450-a734-aff6d3c99677: addNew group-6EA1D32114B8:[99c47355-c013-4450-a734-aff6d3c99677|127.0.0.1:15023] returns group-6EA1D32114B8:java.util.concurrent.CompletableFuture@5368de2b[Not completed]
2025-10-17 11:01:20,498 [99c47355-c013-4450-a734-aff6d3c99677-groupManagement] INFO  server.RaftServer$Division (RaftServerImpl.java:<init>(268)) - 99c47355-c013-4450-a734-aff6d3c99677: new RaftServerImpl for group-6EA1D32114B8:[99c47355-c013-4450-a734-aff6d3c99677|127.0.0.1:15023] with ContainerStateMachine:uninitialized
2025-10-17 11:01:20,498 [99c47355-c013-4450-a734-aff6d3c99677-groupManagement] INFO  server.RaftServer$Division (ServerState.java:<init>(114)) - 99c47355-c013-4450-a734-aff6d3c99677@group-6EA1D32114B8: ConfigurationManager, init=conf: {index: -1, cur=peers:[99c47355-c013-4450-a734-aff6d3c99677|127.0.0.1:15023]|listeners:[], old=null}, confs=<EMPTY_MAP>
2025-10-17 11:01:20,502 [99c47355-c013-4450-a734-aff6d3c99677-groupManagement] INFO  server.RaftServerConfigKeys (ConfUtils.java:logGet(62)) - raft.server.storage.dir = [/home/runner/work/ozone/ozone/hadoop-ozone/integration-test/target/test-dir/MiniOzoneClusterImpl-d1ffa5d3-3301-45c3-9f44-1ffa6967d237/ozone-metadata/datanode-2/ratis] (custom)
2025-10-17 11:01:20,503 [99c47355-c013-4450-a734-aff6d3c99677-groupManagement] INFO  storage.RaftStorageDirectory (RaftStorageDirectoryImpl.java:analyzeStorage(138)) - The storage directory /home/runner/work/ozone/ozone/hadoop-ozone/integration-test/target/test-dir/MiniOzoneClusterImpl-d1ffa5d3-3301-45c3-9f44-1ffa6967d237/ozone-metadata/datanode-2/ratis/6b2deba0-04fb-41c2-94ac-6ea1d32114b8 does not exist. Creating ...
2025-10-17 11:01:20,504 [99c47355-c013-4450-a734-aff6d3c99677-groupManagement] INFO  storage.RaftStorageDirectory (RaftStorageDirectoryImpl.java:tryLock(229)) - Lock on /home/runner/work/ozone/ozone/hadoop-ozone/integration-test/target/test-dir/MiniOzoneClusterImpl-d1ffa5d3-3301-45c3-9f44-1ffa6967d237/ozone-metadata/datanode-2/ratis/6b2deba0-04fb-41c2-94ac-6ea1d32114b8/in_use.lock acquired by nodename 40979@localhost
2025-10-17 11:01:20,504 [99c47355-c013-4450-a734-aff6d3c99677-groupManagement] INFO  storage.RaftStorage (RaftStorageImpl.java:format(98)) - Storage directory /home/runner/work/ozone/ozone/hadoop-ozone/integration-test/target/test-dir/MiniOzoneClusterImpl-d1ffa5d3-3301-45c3-9f44-1ffa6967d237/ozone-metadata/datanode-2/ratis/6b2deba0-04fb-41c2-94ac-6ea1d32114b8 has been successfully formatted.
2025-10-17 11:01:20,505 [99c47355-c013-4450-a734-aff6d3c99677-groupManagement] INFO  ratis.ContainerStateMachine (ContainerStateMachine.java:initialize(339)) - 99c47355-c013-4450-a734-aff6d3c99677: initialize group-6EA1D32114B8
2025-10-17 11:01:20,506 [99c47355-c013-4450-a734-aff6d3c99677-groupManagement] INFO  ratis.ContainerStateMachine (ContainerStateMachine.java:loadSnapshot(347)) - group-6EA1D32114B8: The snapshot info is null. Setting the last applied index to:<INITIAL_VALUE>
2025-10-17 11:01:20,506 [99c47355-c013-4450-a734-aff6d3c99677-groupManagement] INFO  server.RaftServerConfigKeys (ConfUtils.java:logGet(62)) - raft.server.log.appender.buffer.byte-limit = 33554432 (custom)
2025-10-17 11:01:20,508 | INFO  | SCMAudit | user=runner | ip=127.0.0.1 | op=SEND_HEARTBEAT {"datanodeUUID":"99c47355-c013-4450-a734-aff6d3c99677","term":"2","command":"[]"} | ret=SUCCESS |  
2025-10-17 11:01:20,509 [99c47355-c013-4450-a734-aff6d3c99677-groupManagement] INFO  server.RaftServerConfigKeys (ConfUtils.java:logGet(62)) - raft.server.log.segment.size.max = 67108864 (custom)
2025-10-17 11:01:20,509 [EventQueue-PipelineReportForOneReplicaPipelineSafeModeRule] INFO  safemode.SCMSafeModeManager (SCMSafeModeManager.java:validateSafeModeExitRules(138)) - OneReplicaPipelineSafeModeRule rule is successfully validated
2025-10-17 11:01:20,510 [99c47355-c013-4450-a734-aff6d3c99677-groupManagement] INFO  server.RaftServerConfigKeys (ConfUtils.java:logGet(62)) - raft.server.log.appender.buffer.byte-limit = 33554432 (custom)
2025-10-17 11:01:20,510 | INFO  | SCMAudit | user=runner | ip=127.0.0.1 | op=GET_VERSION {} | ret=SUCCESS |  
2025-10-17 11:01:20,510 [99c47355-c013-4450-a734-aff6d3c99677-groupManagement] INFO  util.AwaitToRun (AwaitToRun.java:start(81)) - Thread[#1481,99c47355-c013-4450-a734-aff6d3c99677@group-6EA1D32114B8-cacheEviction-AwaitToRun,5,main] started
2025-10-17 11:01:20,511 [99c47355-c013-4450-a734-aff6d3c99677-groupManagement] INFO  segmented.SegmentedRaftLogWorker (SegmentedRaftLogWorker.java:<init>(190)) - new 99c47355-c013-4450-a734-aff6d3c99677@group-6EA1D32114B8-SegmentedRaftLogWorker for RaftStorageImpl:Storage Directory /home/runner/work/ozone/ozone/hadoop-ozone/integration-test/target/test-dir/MiniOzoneClusterImpl-d1ffa5d3-3301-45c3-9f44-1ffa6967d237/ozone-metadata/datanode-2/ratis/6b2deba0-04fb-41c2-94ac-6ea1d32114b8
2025-10-17 11:01:20,511 [99c47355-c013-4450-a734-aff6d3c99677-groupManagement] INFO  server.RaftServerConfigKeys (ConfUtils.java:logGet(62)) - raft.server.log.queue.byte-limit = 4294967296 (custom)
2025-10-17 11:01:20,511 [99c47355-c013-4450-a734-aff6d3c99677-groupManagement] INFO  server.RaftServerConfigKeys (ConfUtils.java:logGet(62)) - raft.server.log.segment.size.max = 67108864 (custom)
2025-10-17 11:01:20,511 [99c47355-c013-4450-a734-aff6d3c99677-groupManagement] INFO  server.RaftServerConfigKeys (ConfUtils.java:logGet(62)) - raft.server.log.preallocated.size = 4194304 (custom)
2025-10-17 11:01:20,512 [309ab1ff-9f5a-4058-8b2f-94d451ce5267@group-F894A97E0367-FollowerState] INFO  impl.FollowerState (FollowerState.java:runImpl(161)) - 309ab1ff-9f5a-4058-8b2f-94d451ce5267@group-F894A97E0367-FollowerState: change to CANDIDATE, lastRpcElapsedTime:1115719708ns, electionTimeout:1115ms
2025-10-17 11:01:20,512 [309ab1ff-9f5a-4058-8b2f-94d451ce5267@group-F894A97E0367-FollowerState] INFO  impl.RoleInfo (RoleInfo.java:shutdownFollowerState(121)) - 309ab1ff-9f5a-4058-8b2f-94d451ce5267: shutdown 309ab1ff-9f5a-4058-8b2f-94d451ce5267@group-F894A97E0367-FollowerState
2025-10-17 11:01:20,512 [309ab1ff-9f5a-4058-8b2f-94d451ce5267@group-F894A97E0367-FollowerState] INFO  server.RaftServer$Division (RaftServerImpl.java:setRole(392)) - 309ab1ff-9f5a-4058-8b2f-94d451ce5267@group-F894A97E0367: changes role from  FOLLOWER to CANDIDATE at term 0 for changeToCandidate
2025-10-17 11:01:20,512 [309ab1ff-9f5a-4058-8b2f-94d451ce5267@group-F894A97E0367-FollowerState] INFO  impl.RoleInfo (RoleInfo.java:updateAndGet(148)) - 309ab1ff-9f5a-4058-8b2f-94d451ce5267: start 309ab1ff-9f5a-4058-8b2f-94d451ce5267@group-F894A97E0367-LeaderElection5
2025-10-17 11:01:20,512 [99c47355-c013-4450-a734-aff6d3c99677-groupManagement] INFO  server.RaftServerConfigKeys (ConfUtils.java:logGet(62)) - raft.server.log.write.buffer.size = 33554440 (custom)
2025-10-17 11:01:20,513 [069dddce-46ee-48e8-8453-914416002559@group-1FFA6967D237-StateMachineUpdater] INFO  safemode.SCMSafeModeManager (SCMSafeModeManager.java:validateSafeModeExitRules(138)) - DataNodeSafeModeRule rule is successfully validated
2025-10-17 11:01:20,513 [069dddce-46ee-48e8-8453-914416002559@group-1FFA6967D237-StateMachineUpdater] INFO  safemode.SCMSafeModeManager (SCMSafeModeManager.java:validateSafeModeExitRules(138)) - RatisContainerSafeModeRule rule is successfully validated
2025-10-17 11:01:20,513 [069dddce-46ee-48e8-8453-914416002559@group-1FFA6967D237-StateMachineUpdater] INFO  safemode.HealthyPipelineSafeModeRule (HealthyPipelineSafeModeRule.java:initializeRule(226)) - Refreshed total pipeline count is 0, healthy pipeline threshold count is 1
2025-10-17 11:01:20,513 [069dddce-46ee-48e8-8453-914416002559@group-1FFA6967D237-StateMachineUpdater] INFO  safemode.SCMSafeModeManager (SCMSafeModeManager.java:validateSafeModeExitRules(138)) - OneReplicaPipelineSafeModeRule rule is successfully validated
2025-10-17 11:01:20,513 [069dddce-46ee-48e8-8453-914416002559@group-1FFA6967D237-StateMachineUpdater] INFO  safemode.SCMSafeModeManager (SCMSafeModeManager.java:validateSafeModeExitRules(138)) - ECContainerSafeModeRule rule is successfully validated
2025-10-17 11:01:20,514 [EventQueue-PipelineReportForPipelineReportHandler] INFO  pipeline.PipelineReportHandler (PipelineReportHandler.java:processPipelineReport(132)) - Opened pipeline Pipeline-6b2deba0-04fb-41c2-94ac-6ea1d32114b8
2025-10-17 11:01:20,516 [309ab1ff-9f5a-4058-8b2f-94d451ce5267@group-F894A97E0367-LeaderElection5] INFO  impl.LeaderElection (LeaderElection.java:askForVotes(448)) - 309ab1ff-9f5a-4058-8b2f-94d451ce5267@group-F894A97E0367-LeaderElection5 PRE_VOTE round 0: submit vote requests at term 0 for conf: {index: -1, cur=peers:[99c47355-c013-4450-a734-aff6d3c99677|127.0.0.1:15023, b292b6be-9482-4c30-a3e0-c9f721931b72|127.0.0.1:15031, 309ab1ff-9f5a-4058-8b2f-94d451ce5267|127.0.0.1:15015]|listeners:[], old=null}
2025-10-17 11:01:20,523 | INFO  | SCMAudit | user=runner | ip=127.0.0.1 | op=SEND_HEARTBEAT {"datanodeUUID":"2b4cc429-f9c1-416c-9a38-6239a2e149ea","term":"2","command":"[]"} | ret=SUCCESS |  
2025-10-17 11:01:20,524 [309ab1ff-9f5a-4058-8b2f-94d451ce5267@group-F894A97E0367-LeaderElection5-1] INFO  server.GrpcServerProtocolClient (GrpcServerProtocolClient.java:<init>(65)) - Build channel for 99c47355-c013-4450-a734-aff6d3c99677|127.0.0.1:15023
2025-10-17 11:01:20,525 [309ab1ff-9f5a-4058-8b2f-94d451ce5267@group-F894A97E0367-LeaderElection5-2] INFO  server.GrpcServerProtocolClient (GrpcServerProtocolClient.java:<init>(65)) - Build channel for b292b6be-9482-4c30-a3e0-c9f721931b72|127.0.0.1:15031
2025-10-17 11:01:20,527 [99c47355-c013-4450-a734-aff6d3c99677-groupManagement] INFO  server.RaftServerConfigKeys (ConfUtils.java:logGet(62)) - raft.server.log.appender.buffer.byte-limit = 33554432 (custom)
2025-10-17 11:01:20,528 [99c47355-c013-4450-a734-aff6d3c99677-groupManagement] INFO  segmented.SegmentedRaftLogWorker (SegmentedRaftLogWorker.java:lambda$new$0(141)) - 99c47355-c013-4450-a734-aff6d3c99677@group-6EA1D32114B8-SegmentedRaftLogWorker: flushIndex: setUnconditionally 0 -> -1
2025-10-17 11:01:20,529 [99c47355-c013-4450-a734-aff6d3c99677-groupManagement] INFO  segmented.SegmentedRaftLogWorker (SegmentedRaftLogWorker.java:lambda$new$0(141)) - 99c47355-c013-4450-a734-aff6d3c99677@group-6EA1D32114B8-SegmentedRaftLogWorker: safeCacheEvictIndex: setUnconditionally 0 -> -1
2025-10-17 11:01:20,529 [99c47355-c013-4450-a734-aff6d3c99677-groupManagement] INFO  server.RaftServer$Division (RaftServerImpl.java:start(405)) - 99c47355-c013-4450-a734-aff6d3c99677@group-6EA1D32114B8: start as a follower, conf=conf: {index: -1, cur=peers:[99c47355-c013-4450-a734-aff6d3c99677|127.0.0.1:15023]|listeners:[], old=null}
2025-10-17 11:01:20,530 [99c47355-c013-4450-a734-aff6d3c99677-groupManagement] INFO  server.RaftServer$Division (RaftServerImpl.java:setRole(392)) - 99c47355-c013-4450-a734-aff6d3c99677@group-6EA1D32114B8: changes role from      null to FOLLOWER at term 0 for startAsFollower
2025-10-17 11:01:20,530 [99c47355-c013-4450-a734-aff6d3c99677-groupManagement] INFO  impl.RoleInfo (RoleInfo.java:updateAndGet(148)) - 99c47355-c013-4450-a734-aff6d3c99677: start 99c47355-c013-4450-a734-aff6d3c99677@group-6EA1D32114B8-FollowerState
2025-10-17 11:01:20,531 [99c47355-c013-4450-a734-aff6d3c99677-groupManagement] INFO  util.JmxRegister (JmxRegister.java:tryRegister(44)) - Successfully registered JMX Bean with object name Ratis:service=RaftServer,group=group-6EA1D32114B8,id=99c47355-c013-4450-a734-aff6d3c99677
2025-10-17 11:01:20,531 [99c47355-c013-4450-a734-aff6d3c99677-groupManagement] INFO  util.JmxRegister (JmxRegister.java:register(58)) - register mxBean class org.apache.ratis.server.impl.RaftServerJmxAdapter as Ratis:service=RaftServer,group=group-6EA1D32114B8,id=99c47355-c013-4450-a734-aff6d3c99677
2025-10-17 11:01:20,533 [99c47355-c013-4450-a734-aff6d3c99677-groupManagement] INFO  server.RaftServer$Division (RaftServerImpl.java:start(419)) - 99c47355-c013-4450-a734-aff6d3c99677@group-6EA1D32114B8: Successfully started.
2025-10-17 11:01:20,533 [99c47355-c013-4450-a734-aff6d3c99677-CreatePipelineCommandHandlerThread-0] INFO  ratis.XceiverServerRatis (XceiverServerRatis.java:addGroup(839)) - Created group Pipeline-6b2deba0-04fb-41c2-94ac-6ea1d32114b8
2025-10-17 11:01:20,534 [99c47355-c013-4450-a734-aff6d3c99677-CreatePipelineCommandHandlerThread-0] INFO  commandhandler.CreatePipelineCommandHandler (CreatePipelineCommandHandler.java:lambda$handle$2(141)) - Created Pipeline RATIS ONE Pipeline-6b2deba0-04fb-41c2-94ac-6ea1d32114b8.
2025-10-17 11:01:20,540 [grpc-default-executor-0] INFO  server.RaftServer$Division (RaftServerImpl.java:requestVote(1421)) - 99c47355-c013-4450-a734-aff6d3c99677@group-F894A97E0367: receive requestVote(PRE_VOTE, 309ab1ff-9f5a-4058-8b2f-94d451ce5267, group-F894A97E0367, 0, <PROTO_DEFAULT>)
2025-10-17 11:01:20,541 [grpc-default-executor-0] INFO  impl.VoteContext (VoteContext.java:log(49)) - 99c47355-c013-4450-a734-aff6d3c99677@group-F894A97E0367-FOLLOWER: accept PRE_VOTE from 309ab1ff-9f5a-4058-8b2f-94d451ce5267: our priority 0 <= candidate's priority 1
2025-10-17 11:01:20,542 [grpc-default-executor-1] INFO  server.RaftServer$Division (RaftServerImpl.java:requestVote(1421)) - b292b6be-9482-4c30-a3e0-c9f721931b72@group-F894A97E0367: receive requestVote(PRE_VOTE, 309ab1ff-9f5a-4058-8b2f-94d451ce5267, group-F894A97E0367, 0, <PROTO_DEFAULT>)
2025-10-17 11:01:20,542 [grpc-default-executor-1] INFO  impl.VoteContext (VoteContext.java:log(49)) - b292b6be-9482-4c30-a3e0-c9f721931b72@group-F894A97E0367-FOLLOWER: accept PRE_VOTE from 309ab1ff-9f5a-4058-8b2f-94d451ce5267: our priority 0 <= candidate's priority 1
2025-10-17 11:01:20,546 [grpc-default-executor-0] INFO  server.RaftServer$Division (RaftServerImpl.java:requestVote(1455)) - 99c47355-c013-4450-a734-aff6d3c99677@group-F894A97E0367 replies to PRE_VOTE vote request: 309ab1ff-9f5a-4058-8b2f-94d451ce5267<-99c47355-c013-4450-a734-aff6d3c99677#0:OK-t0-last:<INITIAL_VALUE>. Peer's state: 99c47355-c013-4450-a734-aff6d3c99677@group-F894A97E0367:t0, leader=null, voted=, raftlog=Memoized:99c47355-c013-4450-a734-aff6d3c99677@group-F894A97E0367-SegmentedRaftLog:OPENED:c-1:lastnull, conf=conf: {index: -1, cur=peers:[99c47355-c013-4450-a734-aff6d3c99677|127.0.0.1:15023, b292b6be-9482-4c30-a3e0-c9f721931b72|127.0.0.1:15031, 309ab1ff-9f5a-4058-8b2f-94d451ce5267|127.0.0.1:15015]|listeners:[], old=null}
2025-10-17 11:01:20,546 [grpc-default-executor-1] INFO  server.RaftServer$Division (RaftServerImpl.java:requestVote(1455)) - b292b6be-9482-4c30-a3e0-c9f721931b72@group-F894A97E0367 replies to PRE_VOTE vote request: 309ab1ff-9f5a-4058-8b2f-94d451ce5267<-b292b6be-9482-4c30-a3e0-c9f721931b72#0:OK-t0-last:<INITIAL_VALUE>. Peer's state: b292b6be-9482-4c30-a3e0-c9f721931b72@group-F894A97E0367:t0, leader=null, voted=, raftlog=Memoized:b292b6be-9482-4c30-a3e0-c9f721931b72@group-F894A97E0367-SegmentedRaftLog:OPENED:c-1:lastnull, conf=conf: {index: -1, cur=peers:[99c47355-c013-4450-a734-aff6d3c99677|127.0.0.1:15023, b292b6be-9482-4c30-a3e0-c9f721931b72|127.0.0.1:15031, 309ab1ff-9f5a-4058-8b2f-94d451ce5267|127.0.0.1:15015]|listeners:[], old=null}
2025-10-17 11:01:20,550 [309ab1ff-9f5a-4058-8b2f-94d451ce5267@group-F894A97E0367-LeaderElection5] INFO  impl.LeaderElection (LeaderElection.java:logAndReturn(206)) - 309ab1ff-9f5a-4058-8b2f-94d451ce5267@group-F894A97E0367-LeaderElection5: PRE_VOTE PASSED received 1 response(s) and 0 exception(s):
2025-10-17 11:01:20,551 [309ab1ff-9f5a-4058-8b2f-94d451ce5267@group-F894A97E0367-LeaderElection5] INFO  impl.LeaderElection (LeaderElection.java:logAndReturn(210)) -   Response 0: 309ab1ff-9f5a-4058-8b2f-94d451ce5267<-99c47355-c013-4450-a734-aff6d3c99677#0:OK-t0-last:<INITIAL_VALUE>
2025-10-17 11:01:20,552 [309ab1ff-9f5a-4058-8b2f-94d451ce5267@group-F894A97E0367-LeaderElection5] INFO  impl.LeaderElection (LeaderElection.java:askForVotes(450)) - 309ab1ff-9f5a-4058-8b2f-94d451ce5267@group-F894A97E0367-LeaderElection5 PRE_VOTE round 0: result PASSED
2025-10-17 11:01:20,554 [309ab1ff-9f5a-4058-8b2f-94d451ce5267@group-F894A97E0367-LeaderElection5] INFO  impl.LeaderElection (LeaderElection.java:askForVotes(448)) - 309ab1ff-9f5a-4058-8b2f-94d451ce5267@group-F894A97E0367-LeaderElection5 ELECTION round 0: submit vote requests at term 1 for conf: {index: -1, cur=peers:[99c47355-c013-4450-a734-aff6d3c99677|127.0.0.1:15023, b292b6be-9482-4c30-a3e0-c9f721931b72|127.0.0.1:15031, 309ab1ff-9f5a-4058-8b2f-94d451ce5267|127.0.0.1:15015]|listeners:[], old=null}
2025-10-17 11:01:20,557 [grpc-default-executor-1] INFO  server.RaftServer$Division (RaftServerImpl.java:requestVote(1421)) - 99c47355-c013-4450-a734-aff6d3c99677@group-F894A97E0367: receive requestVote(ELECTION, 309ab1ff-9f5a-4058-8b2f-94d451ce5267, group-F894A97E0367, 1, <PROTO_DEFAULT>)
2025-10-17 11:01:20,557 [grpc-default-executor-1] INFO  impl.VoteContext (VoteContext.java:log(49)) - 99c47355-c013-4450-a734-aff6d3c99677@group-F894A97E0367-FOLLOWER: accept ELECTION from 309ab1ff-9f5a-4058-8b2f-94d451ce5267: our priority 0 <= candidate's priority 1
2025-10-17 11:01:20,557 [grpc-default-executor-1] INFO  server.RaftServer$Division (RaftServerImpl.java:setRole(392)) - 99c47355-c013-4450-a734-aff6d3c99677@group-F894A97E0367: changes role from  FOLLOWER to FOLLOWER at term 0 for candidate:309ab1ff-9f5a-4058-8b2f-94d451ce5267
2025-10-17 11:01:20,557 [grpc-default-executor-1] INFO  impl.RoleInfo (RoleInfo.java:shutdownFollowerState(121)) - 99c47355-c013-4450-a734-aff6d3c99677: shutdown 99c47355-c013-4450-a734-aff6d3c99677@group-F894A97E0367-FollowerState
2025-10-17 11:01:20,557 [99c47355-c013-4450-a734-aff6d3c99677@group-F894A97E0367-FollowerState] INFO  impl.FollowerState (FollowerState.java:runImpl(170)) - 99c47355-c013-4450-a734-aff6d3c99677@group-F894A97E0367-FollowerState was interrupted
2025-10-17 11:01:20,557 [grpc-default-executor-1] INFO  impl.RoleInfo (RoleInfo.java:updateAndGet(148)) - 99c47355-c013-4450-a734-aff6d3c99677: start 99c47355-c013-4450-a734-aff6d3c99677@group-F894A97E0367-FollowerState
2025-10-17 11:01:20,559 [grpc-default-executor-1] INFO  server.RaftServer$Division (RaftServerImpl.java:setFirstElection(576)) - 99c47355-c013-4450-a734-aff6d3c99677@group-F894A97E0367: set firstElectionSinceStartup to false for candidate:309ab1ff-9f5a-4058-8b2f-94d451ce5267
2025-10-17 11:01:20,560 [grpc-default-executor-0] INFO  server.RaftServer$Division (RaftServerImpl.java:requestVote(1421)) - b292b6be-9482-4c30-a3e0-c9f721931b72@group-F894A97E0367: receive requestVote(ELECTION, 309ab1ff-9f5a-4058-8b2f-94d451ce5267, group-F894A97E0367, 1, <PROTO_DEFAULT>)
2025-10-17 11:01:20,560 [grpc-default-executor-0] INFO  impl.VoteContext (VoteContext.java:log(49)) - b292b6be-9482-4c30-a3e0-c9f721931b72@group-F894A97E0367-FOLLOWER: accept ELECTION from 309ab1ff-9f5a-4058-8b2f-94d451ce5267: our priority 0 <= candidate's priority 1
2025-10-17 11:01:20,560 [grpc-default-executor-0] INFO  server.RaftServer$Division (RaftServerImpl.java:setRole(392)) - b292b6be-9482-4c30-a3e0-c9f721931b72@group-F894A97E0367: changes role from  FOLLOWER to FOLLOWER at term 0 for candidate:309ab1ff-9f5a-4058-8b2f-94d451ce5267
2025-10-17 11:01:20,560 [grpc-default-executor-0] INFO  impl.RoleInfo (RoleInfo.java:shutdownFollowerState(121)) - b292b6be-9482-4c30-a3e0-c9f721931b72: shutdown b292b6be-9482-4c30-a3e0-c9f721931b72@group-F894A97E0367-FollowerState
2025-10-17 11:01:20,560 [grpc-default-executor-0] INFO  impl.RoleInfo (RoleInfo.java:updateAndGet(148)) - b292b6be-9482-4c30-a3e0-c9f721931b72: start b292b6be-9482-4c30-a3e0-c9f721931b72@group-F894A97E0367-FollowerState
2025-10-17 11:01:20,561 [b292b6be-9482-4c30-a3e0-c9f721931b72@group-F894A97E0367-FollowerState] INFO  impl.FollowerState (FollowerState.java:runImpl(170)) - b292b6be-9482-4c30-a3e0-c9f721931b72@group-F894A97E0367-FollowerState was interrupted
2025-10-17 11:01:20,562 [grpc-default-executor-1] INFO  server.RaftServer$Division (RaftServerImpl.java:requestVote(1455)) - 99c47355-c013-4450-a734-aff6d3c99677@group-F894A97E0367 replies to ELECTION vote request: 309ab1ff-9f5a-4058-8b2f-94d451ce5267<-99c47355-c013-4450-a734-aff6d3c99677#0:OK-t1-last:<INITIAL_VALUE>. Peer's state: 99c47355-c013-4450-a734-aff6d3c99677@group-F894A97E0367:t1, leader=null, voted=309ab1ff-9f5a-4058-8b2f-94d451ce5267, raftlog=Memoized:99c47355-c013-4450-a734-aff6d3c99677@group-F894A97E0367-SegmentedRaftLog:OPENED:c-1:lastnull, conf=conf: {index: -1, cur=peers:[99c47355-c013-4450-a734-aff6d3c99677|127.0.0.1:15023, b292b6be-9482-4c30-a3e0-c9f721931b72|127.0.0.1:15031, 309ab1ff-9f5a-4058-8b2f-94d451ce5267|127.0.0.1:15015]|listeners:[], old=null}
2025-10-17 11:01:20,563 [grpc-default-executor-0] INFO  server.RaftServer$Division (RaftServerImpl.java:setFirstElection(576)) - b292b6be-9482-4c30-a3e0-c9f721931b72@group-F894A97E0367: set firstElectionSinceStartup to false for candidate:309ab1ff-9f5a-4058-8b2f-94d451ce5267
2025-10-17 11:01:20,564 [grpc-default-executor-0] INFO  server.RaftServer$Division (RaftServerImpl.java:requestVote(1455)) - b292b6be-9482-4c30-a3e0-c9f721931b72@group-F894A97E0367 replies to ELECTION vote request: 309ab1ff-9f5a-4058-8b2f-94d451ce5267<-b292b6be-9482-4c30-a3e0-c9f721931b72#0:OK-t1-last:<INITIAL_VALUE>. Peer's state: b292b6be-9482-4c30-a3e0-c9f721931b72@group-F894A97E0367:t1, leader=null, voted=309ab1ff-9f5a-4058-8b2f-94d451ce5267, raftlog=Memoized:b292b6be-9482-4c30-a3e0-c9f721931b72@group-F894A97E0367-SegmentedRaftLog:OPENED:c-1:lastnull, conf=conf: {index: -1, cur=peers:[99c47355-c013-4450-a734-aff6d3c99677|127.0.0.1:15023, b292b6be-9482-4c30-a3e0-c9f721931b72|127.0.0.1:15031, 309ab1ff-9f5a-4058-8b2f-94d451ce5267|127.0.0.1:15015]|listeners:[], old=null}
2025-10-17 11:01:20,565 [309ab1ff-9f5a-4058-8b2f-94d451ce5267@group-F894A97E0367-LeaderElection5] INFO  impl.LeaderElection (LeaderElection.java:logAndReturn(206)) - 309ab1ff-9f5a-4058-8b2f-94d451ce5267@group-F894A97E0367-LeaderElection5: ELECTION PASSED received 1 response(s) and 0 exception(s):
2025-10-17 11:01:20,565 [309ab1ff-9f5a-4058-8b2f-94d451ce5267@group-F894A97E0367-LeaderElection5] INFO  impl.LeaderElection (LeaderElection.java:logAndReturn(210)) -   Response 0: 309ab1ff-9f5a-4058-8b2f-94d451ce5267<-99c47355-c013-4450-a734-aff6d3c99677#0:OK-t1-last:<INITIAL_VALUE>
2025-10-17 11:01:20,565 [309ab1ff-9f5a-4058-8b2f-94d451ce5267@group-F894A97E0367-LeaderElection5] INFO  impl.LeaderElection (LeaderElection.java:askForVotes(450)) - 309ab1ff-9f5a-4058-8b2f-94d451ce5267@group-F894A97E0367-LeaderElection5 ELECTION round 0: result PASSED
2025-10-17 11:01:20,565 [309ab1ff-9f5a-4058-8b2f-94d451ce5267@group-F894A97E0367-LeaderElection5] INFO  impl.RoleInfo (RoleInfo.java:shutdownLeaderElection(141)) - 309ab1ff-9f5a-4058-8b2f-94d451ce5267: shutdown 309ab1ff-9f5a-4058-8b2f-94d451ce5267@group-F894A97E0367-LeaderElection5
2025-10-17 11:01:20,565 [309ab1ff-9f5a-4058-8b2f-94d451ce5267@group-F894A97E0367-LeaderElection5] INFO  server.RaftServer$Division (RaftServerImpl.java:setRole(392)) - 309ab1ff-9f5a-4058-8b2f-94d451ce5267@group-F894A97E0367: changes role from CANDIDATE to LEADER at term 1 for changeToLeader
2025-10-17 11:01:20,566 [309ab1ff-9f5a-4058-8b2f-94d451ce5267@group-F894A97E0367-LeaderElection5] INFO  server.RaftServerConfigKeys (ConfUtils.java:logFallback(69)) - raft.server.staging.timeout = 15600ms (fallback to raft.server.rpc.timeout.max)
2025-10-17 11:01:20,566 [309ab1ff-9f5a-4058-8b2f-94d451ce5267@group-F894A97E0367-LeaderElection5] INFO  server.RaftServerConfigKeys (ConfUtils.java:logGet(62)) - raft.server.write.byte-limit = 1024 M (=1073741824) (custom)
2025-10-17 11:01:20,572 [a5293c95-44e9-4ea9-88ca-89089eac4b59-EndpointStateMachineTaskThread-/0.0.0.0:15002-0 ] INFO  utils.DatanodeStoreCache (DatanodeStoreCache.java:addDB(70)) - Added db /home/runner/work/ozone/ozone/hadoop-ozone/integration-test/target/test-dir/MiniOzoneClusterImpl-d1ffa5d3-3301-45c3-9f44-1ffa6967d237/ozone-metadata/datanode-14/data-0/hdds/d1ffa5d3-3301-45c3-9f44-1ffa6967d237/DS-1e7e5b85-e478-4083-86a0-575cd4a86fcf/container.db to cache
2025-10-17 11:01:20,572 [a5293c95-44e9-4ea9-88ca-89089eac4b59-EndpointStateMachineTaskThread-/0.0.0.0:15002-0 ] INFO  volume.HddsVolume (HddsVolume.java:createDbStore(576)) - SchemaV3 db is created and loaded at /home/runner/work/ozone/ozone/hadoop-ozone/integration-test/target/test-dir/MiniOzoneClusterImpl-d1ffa5d3-3301-45c3-9f44-1ffa6967d237/ozone-metadata/datanode-14/data-0/hdds/d1ffa5d3-3301-45c3-9f44-1ffa6967d237/DS-1e7e5b85-e478-4083-86a0-575cd4a86fcf/container.db for volume DS-1e7e5b85-e478-4083-86a0-575cd4a86fcf
2025-10-17 11:01:20,574 [a5293c95-44e9-4ea9-88ca-89089eac4b59-ContainerReader-0] INFO  ozoneimpl.ContainerReader (ContainerReader.java:readVolume(147)) - Start to verify containers on volume /home/runner/work/ozone/ozone/hadoop-ozone/integration-test/target/test-dir/MiniOzoneClusterImpl-d1ffa5d3-3301-45c3-9f44-1ffa6967d237/ozone-metadata/datanode-14/data-0/hdds
2025-10-17 11:01:20,574 [a5293c95-44e9-4ea9-88ca-89089eac4b59-ContainerReader-0] INFO  ozoneimpl.ContainerReader (ContainerReader.java:readVolume(177)) - Finish verifying containers on volume /home/runner/work/ozone/ozone/hadoop-ozone/integration-test/target/test-dir/MiniOzoneClusterImpl-d1ffa5d3-3301-45c3-9f44-1ffa6967d237/ozone-metadata/datanode-14/data-0/hdds
2025-10-17 11:01:20,575 [a5293c95-44e9-4ea9-88ca-89089eac4b59-EndpointStateMachineTaskThread-/0.0.0.0:15002-0 ] INFO  ozoneimpl.OzoneContainer (OzoneContainer.java:buildContainerSet(359)) - Build ContainerSet costs 0s
2025-10-17 11:01:20,575 [a5293c95-44e9-4ea9-88ca-89089eac4b59-EndpointStateMachineTaskThread-/0.0.0.0:15002-0 ] INFO  volume.ThrottledAsyncChecker (ThrottledAsyncChecker.java:schedule(138)) - Scheduling a check for /home/runner/work/ozone/ozone/hadoop-ozone/integration-test/target/test-dir/MiniOzoneClusterImpl-d1ffa5d3-3301-45c3-9f44-1ffa6967d237/ozone-metadata/datanode-14/data-0/hdds
2025-10-17 11:01:20,576 [a5293c95-44e9-4ea9-88ca-89089eac4b59-EndpointStateMachineTaskThread-/0.0.0.0:15002-0 ] INFO  volume.StorageVolumeChecker (StorageVolumeChecker.java:checkAllVolumes(231)) - Scheduled health check for volume /home/runner/work/ozone/ozone/hadoop-ozone/integration-test/target/test-dir/MiniOzoneClusterImpl-d1ffa5d3-3301-45c3-9f44-1ffa6967d237/ozone-metadata/datanode-14/data-0/hdds
2025-10-17 11:01:20,577 [309ab1ff-9f5a-4058-8b2f-94d451ce5267@group-F894A97E0367-LeaderElection5] INFO  server.RaftServerConfigKeys (ConfUtils.java:logGet(62)) - raft.server.log.appender.snapshot.chunk.size.max = 16MB (=16777216) (default)
2025-10-17 11:01:20,578 [309ab1ff-9f5a-4058-8b2f-94d451ce5267@group-F894A97E0367-LeaderElection5] INFO  server.RaftServerConfigKeys (ConfUtils.java:logGet(62)) - raft.server.log.appender.buffer.byte-limit = 33554432 (custom)
2025-10-17 11:01:20,578 [309ab1ff-9f5a-4058-8b2f-94d451ce5267@group-F894A97E0367-LeaderElection5] INFO  server.RaftServerConfigKeys (ConfUtils.java:logGet(62)) - raft.server.log.appender.buffer.element-limit = 1024 (custom)
2025-10-17 11:01:20,579 [a5293c95-44e9-4ea9-88ca-89089eac4b59-EndpointStateMachineTaskThread-/0.0.0.0:15002-0 ] INFO  volume.ThrottledAsyncChecker (ThrottledAsyncChecker.java:schedule(138)) - Scheduling a check for /home/runner/work/ozone/ozone/hadoop-ozone/integration-test/target/test-dir/MiniOzoneClusterImpl-d1ffa5d3-3301-45c3-9f44-1ffa6967d237/ozone-metadata/datanode-14/ratis
2025-10-17 11:01:20,579 [a5293c95-44e9-4ea9-88ca-89089eac4b59-EndpointStateMachineTaskThread-/0.0.0.0:15002-0 ] INFO  volume.StorageVolumeChecker (StorageVolumeChecker.java:checkAllVolumes(231)) - Scheduled health check for volume /home/runner/work/ozone/ozone/hadoop-ozone/integration-test/target/test-dir/MiniOzoneClusterImpl-d1ffa5d3-3301-45c3-9f44-1ffa6967d237/ozone-metadata/datanode-14/ratis
2025-10-17 11:01:20,580 [309ab1ff-9f5a-4058-8b2f-94d451ce5267@group-F894A97E0367-LeaderElection5] INFO  server.RaftServerConfigKeys (ConfUtils.java:logGet(62)) - raft.server.log.appender.wait-time.min = 0μs (custom)
2025-10-17 11:01:20,580 [a5293c95-44e9-4ea9-88ca-89089eac4b59-EndpointStateMachineTaskThread-/0.0.0.0:15002-0 ] INFO  ozoneimpl.OzoneContainer (OzoneContainer.java:start(544)) - Attempting to start container services.
2025-10-17 11:01:20,581 [309ab1ff-9f5a-4058-8b2f-94d451ce5267@group-F894A97E0367-LeaderElection5] INFO  grpc.GrpcConfigKeys (ConfUtils.java:logGet(62)) - raft.grpc.server.leader.outstanding.appends.max = 8 (default)
2025-10-17 11:01:20,582 [309ab1ff-9f5a-4058-8b2f-94d451ce5267@group-F894A97E0367-LeaderElection5] INFO  grpc.GrpcConfigKeys (ConfUtils.java:logGet(62)) - raft.grpc.server.install_snapshot.request.element-limit = 8 (default)
2025-10-17 11:01:20,582 [309ab1ff-9f5a-4058-8b2f-94d451ce5267@group-F894A97E0367-LeaderElection5] INFO  grpc.GrpcConfigKeys (ConfUtils.java:logGet(62)) - raft.grpc.server.install_snapshot.request.timeout = 3000ms (default)
2025-10-17 11:01:20,582 [ContainerMetadataScanner] INFO  ozoneimpl.AbstractBackgroundContainerScanner (AbstractBackgroundContainerScanner.java:runIteration(89)) - Completed an iteration in 0 minutes. Number of iterations (since the data-node restart) : 1, Number of containers scanned in this iteration : 0, Number of unhealthy containers found in this iteration : 0
2025-10-17 11:01:20,582 [309ab1ff-9f5a-4058-8b2f-94d451ce5267@group-F894A97E0367-LeaderElection5] INFO  grpc.GrpcConfigKeys (ConfUtils.java:logGet(62)) - raft.grpc.server.log-message.batch.duration = 5s (default)
2025-10-17 11:01:20,585 [a5293c95-44e9-4ea9-88ca-89089eac4b59-EndpointStateMachineTaskThread-/0.0.0.0:15002-0 ] INFO  replication.ReplicationServer (ReplicationServer.java:start(137)) - ReplicationServer is started using port 15121
2025-10-17 11:01:20,585 [a5293c95-44e9-4ea9-88ca-89089eac4b59-EndpointStateMachineTaskThread-/0.0.0.0:15002-0 ] INFO  ratis.XceiverServerRatis (XceiverServerRatis.java:start(559)) - Starting XceiverServerRatis(a5293c95-44e9-4ea9-88ca-89089eac4b59)
2025-10-17 11:01:20,585 [ContainerDataScanner(/home/runner/work/ozone/ozone/hadoop-ozone/integration-test/target/test-dir/MiniOzoneClusterImpl-d1ffa5d3-3301-45c3-9f44-1ffa6967d237/ozone-metadata/datanode-14/data-0/hdds)] INFO  ozoneimpl.AbstractBackgroundContainerScanner (AbstractBackgroundContainerScanner.java:runIteration(89)) - Completed an iteration in 0 minutes. Number of iterations (since the data-node restart) : 1, Number of containers scanned in this iteration : 0, Number of unhealthy containers found in this iteration : 0
2025-10-17 11:01:20,586 [309ab1ff-9f5a-4058-8b2f-94d451ce5267@group-F894A97E0367-LeaderElection5] INFO  server.RaftServerConfigKeys (ConfUtils.java:logGet(62)) - raft.server.log.appender.buffer.byte-limit = 33554432 (custom)
2025-10-17 11:01:20,588 [309ab1ff-9f5a-4058-8b2f-94d451ce5267@group-F894A97E0367-LeaderElection5] INFO  impl.RoleInfo (RoleInfo.java:updateAndGet(148)) - 309ab1ff-9f5a-4058-8b2f-94d451ce5267: start 309ab1ff-9f5a-4058-8b2f-94d451ce5267@group-F894A97E0367-LeaderStateImpl
2025-10-17 11:01:20,588 [309ab1ff-9f5a-4058-8b2f-94d451ce5267@group-F894A97E0367-LeaderElection5] INFO  server.RaftServer$Division (RaftServerImpl.java:setFirstElection(576)) - 309ab1ff-9f5a-4058-8b2f-94d451ce5267@group-F894A97E0367: set firstElectionSinceStartup to false for becomeLeader
2025-10-17 11:01:20,588 [309ab1ff-9f5a-4058-8b2f-94d451ce5267@group-F894A97E0367-LeaderElection5] INFO  ratis.XceiverServerRatis (XceiverServerRatis.java:handleLeaderChangedNotification(940)) - Leader change notification received for group: group-F894A97E0367 with new leaderId: 309ab1ff-9f5a-4058-8b2f-94d451ce5267
2025-10-17 11:01:20,589 [a5293c95-44e9-4ea9-88ca-89089eac4b59-EndpointStateMachineTaskThread-/0.0.0.0:15002-0 ] INFO  server.RaftServer (RaftServerProxy.java:startImpl(412)) - a5293c95-44e9-4ea9-88ca-89089eac4b59: start RPC server
2025-10-17 11:01:20,589 [309ab1ff-9f5a-4058-8b2f-94d451ce5267@group-F894A97E0367-LeaderElection5] INFO  server.RaftServer$Division (ServerState.java:setLeader(272)) - 309ab1ff-9f5a-4058-8b2f-94d451ce5267@group-F894A97E0367: change Leader from null to 309ab1ff-9f5a-4058-8b2f-94d451ce5267 at term 1 for becomeLeader, leader elected after 1227ms
2025-10-17 11:01:20,589 [309ab1ff-9f5a-4058-8b2f-94d451ce5267@group-F894A97E0367-LeaderElection5] INFO  segmented.SegmentedRaftLogWorker (SegmentedRaftLogWorker.java:startLogSegment(440)) - 309ab1ff-9f5a-4058-8b2f-94d451ce5267@group-F894A97E0367-SegmentedRaftLogWorker: Starting segment from index:0
2025-10-17 11:01:20,589 [309ab1ff-9f5a-4058-8b2f-94d451ce5267@group-F894A97E0367-LeaderElection5] INFO  server.RaftServer$Division (ServerState.java:setRaftConf(386)) - 309ab1ff-9f5a-4058-8b2f-94d451ce5267@group-F894A97E0367: set configuration conf: {index: 0, cur=peers:[99c47355-c013-4450-a734-aff6d3c99677|127.0.0.1:15023, b292b6be-9482-4c30-a3e0-c9f721931b72|127.0.0.1:15031, 309ab1ff-9f5a-4058-8b2f-94d451ce5267|127.0.0.1:15015]|listeners:[], old=null}
2025-10-17 11:01:20,590 [309ab1ff-9f5a-4058-8b2f-94d451ce5267@group-F894A97E0367-SegmentedRaftLogWorker] INFO  segmented.BufferedWriteChannel (BufferedWriteChannel.java:open(61)) - open log_inprogress_0 at position 0
2025-10-17 11:01:20,592 [a5293c95-44e9-4ea9-88ca-89089eac4b59-EndpointStateMachineTaskThread-/0.0.0.0:15002-0 ] INFO  server.GrpcServicesImpl (GrpcServicesImpl.java:startImpl(346)) - a5293c95-44e9-4ea9-88ca-89089eac4b59: GrpcServicesImpl started, listening on 15117
2025-10-17 11:01:20,593 [EventQueue-PipelineReportForOneReplicaPipelineSafeModeRule] INFO  safemode.SCMSafeModeManager (SCMSafeModeManager.java:validateSafeModeExitRules(138)) - OneReplicaPipelineSafeModeRule rule is successfully validated
2025-10-17 11:01:20,593 [a5293c95-44e9-4ea9-88ca-89089eac4b59-EndpointStateMachineTaskThread-/0.0.0.0:15002-0 ] INFO  server.GrpcServicesImpl (GrpcServicesImpl.java:startImpl(346)) - a5293c95-44e9-4ea9-88ca-89089eac4b59: GrpcServicesImpl started, listening on 15119
2025-10-17 11:01:20,594 [a5293c95-44e9-4ea9-88ca-89089eac4b59-EndpointStateMachineTaskThread-/0.0.0.0:15002-0 ] INFO  server.GrpcServicesImpl (GrpcServicesImpl.java:startImpl(346)) - a5293c95-44e9-4ea9-88ca-89089eac4b59: GrpcServicesImpl started, listening on 15118
2025-10-17 11:01:20,594 [a5293c95-44e9-4ea9-88ca-89089eac4b59-EndpointStateMachineTaskThread-/0.0.0.0:15002-0 ] INFO  ratis.XceiverServerRatis (XceiverServerRatis.java:getRealPort(586)) - XceiverServerRatis(a5293c95-44e9-4ea9-88ca-89089eac4b59) is started using port RATIS=15117
2025-10-17 11:01:20,594 [a5293c95-44e9-4ea9-88ca-89089eac4b59-EndpointStateMachineTaskThread-/0.0.0.0:15002-0 ] INFO  ratis.XceiverServerRatis (XceiverServerRatis.java:getRealPort(586)) - XceiverServerRatis(a5293c95-44e9-4ea9-88ca-89089eac4b59) is started using port RATIS_ADMIN=15118
2025-10-17 11:01:20,594 [a5293c95-44e9-4ea9-88ca-89089eac4b59-EndpointStateMachineTaskThread-/0.0.0.0:15002-0 ] INFO  ratis.XceiverServerRatis (XceiverServerRatis.java:getRealPort(586)) - XceiverServerRatis(a5293c95-44e9-4ea9-88ca-89089eac4b59) is started using port RATIS_SERVER=15119
2025-10-17 11:01:20,594 | INFO  | SCMAudit | user=runner | ip=127.0.0.1 | op=SEND_HEARTBEAT {"datanodeUUID":"309ab1ff-9f5a-4058-8b2f-94d451ce5267","term":"2","command":"[]"} | ret=SUCCESS |  
2025-10-17 11:01:20,594 [a5293c95-44e9-4ea9-88ca-89089eac4b59-EndpointStateMachineTaskThread-/0.0.0.0:15002-0 ] INFO  ratis.XceiverServerRatis (XceiverServerRatis.java:getRealPort(586)) - XceiverServerRatis(a5293c95-44e9-4ea9-88ca-89089eac4b59) is started using port RATIS_DATASTREAM=15120
2025-10-17 11:01:20,594 [JvmPauseMonitor16] INFO  util.JvmPauseMonitor (JvmPauseMonitor.java:run(146)) - JvmPauseMonitor-a5293c95-44e9-4ea9-88ca-89089eac4b59: Started
2025-10-17 11:01:20,596 [a5293c95-44e9-4ea9-88ca-89089eac4b59-EndpointStateMachineTaskThread-/0.0.0.0:15002-0 ] INFO  utils.BackgroundService (BackgroundService.java:start(119)) - Starting service BlockDeletingService with interval 60000 milliseconds
2025-10-17 11:01:20,596 [a5293c95-44e9-4ea9-88ca-89089eac4b59-EndpointStateMachineTaskThread-/0.0.0.0:15002-0 ] INFO  utils.BackgroundService (BackgroundService.java:start(119)) - Starting service StaleRecoveringContainerScrubbingService with interval 60000 milliseconds
2025-10-17 11:01:20,601 [069dddce-46ee-48e8-8453-914416002559@group-1FFA6967D237-StateMachineUpdater] INFO  safemode.SCMSafeModeManager (SCMSafeModeManager.java:validateSafeModeExitRules(138)) - DataNodeSafeModeRule rule is successfully validated
2025-10-17 11:01:20,602 [069dddce-46ee-48e8-8453-914416002559@group-1FFA6967D237-StateMachineUpdater] INFO  safemode.SCMSafeModeManager (SCMSafeModeManager.java:validateSafeModeExitRules(138)) - RatisContainerSafeModeRule rule is successfully validated
2025-10-17 11:01:20,602 [069dddce-46ee-48e8-8453-914416002559@group-1FFA6967D237-StateMachineUpdater] INFO  safemode.HealthyPipelineSafeModeRule (HealthyPipelineSafeModeRule.java:initializeRule(226)) - Refreshed total pipeline count is 1, healthy pipeline threshold count is 1
2025-10-17 11:01:20,602 [069dddce-46ee-48e8-8453-914416002559@group-1FFA6967D237-StateMachineUpdater] INFO  safemode.SCMSafeModeManager (SCMSafeModeManager.java:validateSafeModeExitRules(138)) - OneReplicaPipelineSafeModeRule rule is successfully validated
2025-10-17 11:01:20,602 [069dddce-46ee-48e8-8453-914416002559@group-1FFA6967D237-StateMachineUpdater] INFO  safemode.SCMSafeModeManager (SCMSafeModeManager.java:validateSafeModeExitRules(138)) - ECContainerSafeModeRule rule is successfully validated
2025-10-17 11:01:20,602 [EventQueue-PipelineReportForPipelineReportHandler] INFO  pipeline.PipelineReportHandler (PipelineReportHandler.java:processPipelineReport(132)) - Opened pipeline Pipeline-ae51cc73-aed0-4fa1-9a76-f894a97e0367
2025-10-17 11:01:20,602 [EventQueue-OpenPipelineForHealthyPipelineSafeModeRule] INFO  safemode.SCMSafeModeManager (HealthyPipelineSafeModeRule.java:process(194)) - SCM in safe mode. Healthy pipelines reported count is 1, required healthy pipeline reported count is 1
2025-10-17 11:01:20,602 [EventQueue-OpenPipelineForHealthyPipelineSafeModeRule] INFO  safemode.SCMSafeModeManager (SCMSafeModeManager.java:validateSafeModeExitRules(138)) - HealthyPipelineSafeModeRule rule is successfully validated
2025-10-17 11:01:20,602 [EventQueue-OpenPipelineForHealthyPipelineSafeModeRule] INFO  safemode.SCMSafeModeManager (SCMSafeModeManager.java:validateSafeModeExitRules(158)) - ScmSafeModeManager, all rules are successfully validated
2025-10-17 11:01:20,602 [EventQueue-OpenPipelineForHealthyPipelineSafeModeRule] INFO  safemode.SCMSafeModeManager (SCMSafeModeManager.java:validateSafeModeExitRules(159)) - SCM exiting safe mode.
2025-10-17 11:01:20,602 [EventQueue-OpenPipelineForHealthyPipelineSafeModeRule] INFO  ha.SCMContext (SCMContext.java:updateSafeModeStatus(224)) - Update SafeModeStatus from SafeModeStatus{safeModeStatus=true, preCheckPassed=true} to SafeModeStatus{safeModeStatus=false, preCheckPassed=true}.
2025-10-17 11:01:20,604 [309ab1ff-9f5a-4058-8b2f-94d451ce5267@group-F894A97E0367-SegmentedRaftLogWorker] INFO  segmented.SegmentedRaftLogWorker (SegmentedRaftLogWorker.java:execute(647)) - 309ab1ff-9f5a-4058-8b2f-94d451ce5267@group-F894A97E0367-SegmentedRaftLogWorker: created new log segment /home/runner/work/ozone/ozone/hadoop-ozone/integration-test/target/test-dir/MiniOzoneClusterImpl-d1ffa5d3-3301-45c3-9f44-1ffa6967d237/ozone-metadata/datanode-1/ratis/ae51cc73-aed0-4fa1-9a76-f894a97e0367/current/log_inprogress_0
2025-10-17 11:01:20,604 [EventQueue-OpenPipelineForHealthyPipelineSafeModeRule] INFO  BackgroundPipelineScrubber (BackgroundSCMService.java:notifyStatusChanged(78)) - Service BackgroundPipelineScrubber transitions to RUNNING.
2025-10-17 11:01:20,605 [EventQueue-OpenPipelineForHealthyPipelineSafeModeRule] INFO  ExpiredContainerReplicaOpScrubber (BackgroundSCMService.java:notifyStatusChanged(78)) - Service ExpiredContainerReplicaOpScrubber transitions to RUNNING.
2025-10-17 11:01:20,605 [EventQueue-OpenPipelineForHealthyPipelineSafeModeRule] INFO  block.SCMBlockDeletingService (SCMBlockDeletingService.java:notifyStatusChanged(265)) - notifyStatusChanged:RUNNING
2025-10-17 11:01:20,605 [EventQueue-OpenPipelineForHealthyPipelineSafeModeRule] INFO  replication.ReplicationManager (ReplicationManager.java:notifyStatusChanged(1389)) - Service ReplicationManager transitions to RUNNING.
2025-10-17 11:01:20,612 [EventQueue-OpenPipelineForHealthyPipelineSafeModeRule] WARN  balancer.ContainerBalancer (ContainerBalancer.java:shouldRun(136)) - Could not find persisted configuration for ContainerBalancer when checking if ContainerBalancer should run. ContainerBalancer should not run now.
2025-10-17 11:01:20,614 [EventQueue-OpenPipelineForHealthyPipelineSafeModeRule] INFO  SCMHATransactionMonitor (BackgroundSCMService.java:notifyStatusChanged(78)) - Service SCMHATransactionMonitor transitions to RUNNING.
2025-10-17 11:01:20,615 [grpc-default-executor-3] INFO  ratis.XceiverServerRatis (XceiverServerRatis.java:handleLeaderChangedNotification(940)) - Leader change notification received for group: group-F894A97E0367 with new leaderId: 309ab1ff-9f5a-4058-8b2f-94d451ce5267
2025-10-17 11:01:20,615 [grpc-default-executor-3] INFO  server.RaftServer$Division (ServerState.java:setLeader(272)) - b292b6be-9482-4c30-a3e0-c9f721931b72@group-F894A97E0367: change Leader from null to 309ab1ff-9f5a-4058-8b2f-94d451ce5267 at term 1 for appendEntries, leader elected after 863ms
2025-10-17 11:01:20,615 [grpc-default-executor-1] INFO  ratis.XceiverServerRatis (XceiverServerRatis.java:handleLeaderChangedNotification(940)) - Leader change notification received for group: group-F894A97E0367 with new leaderId: 309ab1ff-9f5a-4058-8b2f-94d451ce5267
2025-10-17 11:01:20,616 [grpc-default-executor-1] INFO  server.RaftServer$Division (ServerState.java:setLeader(272)) - 99c47355-c013-4450-a734-aff6d3c99677@group-F894A97E0367: change Leader from null to 309ab1ff-9f5a-4058-8b2f-94d451ce5267 at term 1 for appendEntries, leader elected after 758ms
2025-10-17 11:01:20,624 [grpc-default-executor-5] INFO  server.RaftServer$Division (ServerState.java:setRaftConf(386)) - 99c47355-c013-4450-a734-aff6d3c99677@group-F894A97E0367: set configuration conf: {index: 0, cur=peers:[99c47355-c013-4450-a734-aff6d3c99677|127.0.0.1:15023, b292b6be-9482-4c30-a3e0-c9f721931b72|127.0.0.1:15031, 309ab1ff-9f5a-4058-8b2f-94d451ce5267|127.0.0.1:15015]|listeners:[], old=null}
2025-10-17 11:01:20,627 [grpc-default-executor-4] INFO  server.RaftServer$Division (ServerState.java:setRaftConf(386)) - b292b6be-9482-4c30-a3e0-c9f721931b72@group-F894A97E0367: set configuration conf: {index: 0, cur=peers:[99c47355-c013-4450-a734-aff6d3c99677|127.0.0.1:15023, b292b6be-9482-4c30-a3e0-c9f721931b72|127.0.0.1:15031, 309ab1ff-9f5a-4058-8b2f-94d451ce5267|127.0.0.1:15015]|listeners:[], old=null}
2025-10-17 11:01:20,627 [grpc-default-executor-4] INFO  segmented.SegmentedRaftLogWorker (SegmentedRaftLogWorker.java:startLogSegment(440)) - b292b6be-9482-4c30-a3e0-c9f721931b72@group-F894A97E0367-SegmentedRaftLogWorker: Starting segment from index:0
2025-10-17 11:01:20,628 [b292b6be-9482-4c30-a3e0-c9f721931b72@group-F894A97E0367-SegmentedRaftLogWorker] INFO  segmented.BufferedWriteChannel (BufferedWriteChannel.java:open(61)) - open log_inprogress_0 at position 0
2025-10-17 11:01:20,629 [grpc-default-executor-5] INFO  segmented.SegmentedRaftLogWorker (SegmentedRaftLogWorker.java:startLogSegment(440)) - 99c47355-c013-4450-a734-aff6d3c99677@group-F894A97E0367-SegmentedRaftLogWorker: Starting segment from index:0
2025-10-17 11:01:20,630 [99c47355-c013-4450-a734-aff6d3c99677@group-F894A97E0367-SegmentedRaftLogWorker] INFO  segmented.BufferedWriteChannel (BufferedWriteChannel.java:open(61)) - open log_inprogress_0 at position 0
2025-10-17 11:01:20,634 [b292b6be-9482-4c30-a3e0-c9f721931b72@group-F894A97E0367-SegmentedRaftLogWorker] INFO  segmented.SegmentedRaftLogWorker (SegmentedRaftLogWorker.java:execute(647)) - b292b6be-9482-4c30-a3e0-c9f721931b72@group-F894A97E0367-SegmentedRaftLogWorker: created new log segment /home/runner/work/ozone/ozone/hadoop-ozone/integration-test/target/test-dir/MiniOzoneClusterImpl-d1ffa5d3-3301-45c3-9f44-1ffa6967d237/ozone-metadata/datanode-3/ratis/ae51cc73-aed0-4fa1-9a76-f894a97e0367/current/log_inprogress_0
2025-10-17 11:01:20,635 [99c47355-c013-4450-a734-aff6d3c99677@group-F894A97E0367-SegmentedRaftLogWorker] INFO  segmented.SegmentedRaftLogWorker (SegmentedRaftLogWorker.java:execute(647)) - 99c47355-c013-4450-a734-aff6d3c99677@group-F894A97E0367-SegmentedRaftLogWorker: created new log segment /home/runner/work/ozone/ozone/hadoop-ozone/integration-test/target/test-dir/MiniOzoneClusterImpl-d1ffa5d3-3301-45c3-9f44-1ffa6967d237/ozone-metadata/datanode-2/ratis/ae51cc73-aed0-4fa1-9a76-f894a97e0367/current/log_inprogress_0
2025-10-17 11:01:20,639 [309ab1ff-9f5a-4058-8b2f-94d451ce5267@group-F894A97E0367-StateMachineUpdater] INFO  server.RaftServer$Division (LeaderStateImpl.java:checkStartIndex(309)) - Leader 309ab1ff-9f5a-4058-8b2f-94d451ce5267@group-F894A97E0367-LeaderStateImpl is ready since appliedIndex == startIndex == 0
2025-10-17 11:01:20,651 | INFO  | SCMAudit | user=runner | ip=127.0.0.1 | op=SEND_HEARTBEAT {"datanodeUUID":"7995ae7b-77ec-4e72-809d-814459f62ee0","term":"2","command":"[commandType: createPipelineCommand createPipelineCommandProto { pipelineID { id: \"333b9edd-f738-4917-8db9-be399a50c686\" uuid128 { mostSigBits: 3691718995732875543 leastSigBits: -8234341289058843002 } } type: RATIS factor: ONE datanode { uuid: \"7995ae7b-77ec-4e72-809d-814459f62ee0\" ipAddress: \"127.0.0.1\" hostName: \"localhost\" ports { name: \"HTTP\" value: 15090 } ports { name: \"CLIENT_RPC\" value: 15091 } ports { name: \"REPLICATION\" value: 15097 } ports { name: \"RATIS\" value: 15093 } ports { name: \"RATIS_ADMIN\" value: 15094 } ports { name: \"RATIS_SERVER\" value: 15095 } ports { name: \"RATIS_DATASTREAM\" value: 15096 } ports { name: \"STANDALONE\" value: 15092 } networkName: \"7995ae7b-77ec-4e72-809d-814459f62ee0\" networkLocation: \"/default-rack\" persistedOpState: IN_SERVICE persistedOpStateExpiry: 0 currentVersion: 2 uuid128 { mostSigBits: 8761100495435353714 leastSigBits: -9179038334944137504 } level: 3 id { uuid { mostSigBits: 8761100495435353714 leastSigBits: -9179038334944137504 } } } cmdId: 1760698877847 priority: 1 } term: 2 encodedToken: \"\" deadlineMsSinceEpoch: 0, commandType: createPipelineCommand createPipelineCommandProto { pipelineID { id: \"4324291b-b287-433b-ae36-5c170ccb5e2d\" uuid128 { mostSigBits: 4838037098638820155 leastSigBits: -5893421808299057619 } } type: RATIS factor: THREE datanode { uuid: \"3a11eef6-a527-493c-8ba3-ae39ecaefa56\" ipAddress: \"127.0.0.1\" hostName: \"localhost\" ports { name: \"HTTP\" value: 15098 } ports { name: \"CLIENT_RPC\" value: 15099 } ports { name: \"REPLICATION\" value: 15105 } ports { name: \"RATIS\" value: 15101 } ports { name: \"RATIS_ADMIN\" value: 15102 } ports { name: \"RATIS_SERVER\" value: 15103 } ports { name: \"RATIS_DATASTREAM\" value: 15104 } ports { name: \"STANDALONE\" value: 15100 } networkName: \"3a11eef6-a527-493c-8ba3-ae39ecaefa56\" networkLocation: \"/default-rack\" persistedOpState: IN_SERVICE persistedOpStateExpiry: 0 currentVersion: 2 uuid128 { mostSigBits: 4184388271904082236 leastSigBits: -8384666517426472362 } level: 3 id { uuid { mostSigBits: 4184388271904082236 leastSigBits: -8384666517426472362 } } } datanode { uuid: \"7995ae7b-77ec-4e72-809d-814459f62ee0\" ipAddress: \"127.0.0.1\" hostName: \"localhost\" ports { name: \"HTTP\" value: 15090 } ports { name: \"CLIENT_RPC\" value: 15091 } ports { name: \"REPLICATION\" value: 15097 } ports { name: \"RATIS\" value: 15093 } ports { name: \"RATIS_ADMIN\" value: 15094 } ports { name: \"RATIS_SERVER\" value: 15095 } ports { name: \"RATIS_DATASTREAM\" value: 15096 } ports { name: \"STANDALONE\" value: 15092 } networkName: \"7995ae7b-77ec-4e72-809d-814459f62ee0\" networkLocation: \"/default-rack\" persistedOpState: IN_SERVICE persistedOpStateExpiry: 0 currentVersion: 2 uuid128 { mostSigBits: 8761100495435353714 leastSigBits: -9179038334944137504 } level: 3 id { uuid { mostSigBits: 8761100495435353714 leastSigBits: -9179038334944137504 } } } datanode { uuid: \"28c08cd4-c049-4c66-8210-e254cf68b291\" ipAddress: \"127.0.0.1\" hostName: \"localhost\" ports { name: \"HTTP\" value: 15082 } ports { name: \"CLIENT_RPC\" value: 15083 } ports { name: \"REPLICATION\" value: 15089 } ports { name: \"RATIS\" value: 15085 } ports { name: \"RATIS_ADMIN\" value: 15086 } ports { name: \"RATIS_SERVER\" value: 15087 } ports { name: \"RATIS_DATASTREAM\" value: 15088 } ports { name: \"STANDALONE\" value: 15084 } networkName: \"28c08cd4-c049-4c66-8210-e254cf68b291\" networkLocation: \"/default-rack\" persistedOpState: IN_SERVICE persistedOpStateExpiry: 0 currentVersion: 2 uuid128 { mostSigBits: 2936501802432547942 leastSigBits: -9074504395266674031 } level: 3 id { uuid { mostSigBits: 2936501802432547942 leastSigBits: -9074504395266674031 } } } cmdId: 1760698877849 priority: 0 priority: 0 priority: 1 } term: 2 encodedToken: \"\" deadlineMsSinceEpoch: 0, commandType: createPipelineCommand createPipelineCommandProto { pipelineID { id: \"7345f0ea-8df2-4439-b2f1-0dbc4bfeaa43\" uuid128 { mostSigBits: 8306309977949226041 leastSigBits: -5552641763191117245 } } type: RATIS factor: THREE datanode { uuid: \"28c08cd4-c049-4c66-8210-e254cf68b291\" ipAddress: \"127.0.0.1\" hostName: \"localhost\" ports { name: \"HTTP\" value: 15082 } ports { name: \"CLIENT_RPC\" value: 15083 } ports { name: \"REPLICATION\" value: 15089 } ports { name: \"RATIS\" value: 15085 } ports { name: \"RATIS_ADMIN\" value: 15086 } ports { name: \"RATIS_SERVER\" value: 15087 } ports { name: \"RATIS_DATASTREAM\" value: 15088 } ports { name: \"STANDALONE\" value: 15084 } networkName: \"28c08cd4-c049-4c66-8210-e254cf68b291\" networkLocation: \"/default-rack\" persistedOpState: IN_SERVICE persistedOpStateExpiry: 0 currentVersion: 2 uuid128 { mostSigBits: 2936501802432547942 leastSigBits: -9074504395266674031 } level: 3 id { uuid { mostSigBits: 2936501802432547942 leastSigBits: -9074504395266674031 } } } datanode { uuid: \"7995ae7b-77ec-4e72-809d-814459f62ee0\" ipAddress: \"127.0.0.1\" hostName: \"localhost\" ports { name: \"HTTP\" value: 15090 } ports { name: \"CLIENT_RPC\" value: 15091 } ports { name: \"REPLICATION\" value: 15097 } ports { name: \"RATIS\" value: 15093 } ports { name: \"RATIS_ADMIN\" value: 15094 } ports { name: \"RATIS_SERVER\" value: 15095 } ports { name: \"RATIS_DATASTREAM\" value: 15096 } ports { name: \"STANDALONE\" value: 15092 } networkName: \"7995ae7b-77ec-4e72-809d-814459f62ee0\" networkLocation: \"/default-rack\" persistedOpState: IN_SERVICE persistedOpStateExpiry: 0 currentVersion: 2 uuid128 { mostSigBits: 8761100495435353714 leastSigBits: -9179038334944137504 } level: 3 id { uuid { mostSigBits: 8761100495435353714 leastSigBits: -9179038334944137504 } } } datanode { uuid: \"3a11eef6-a527-493c-8ba3-ae39ecaefa56\" ipAddress: \"127.0.0.1\" hostName: \"localhost\" ports { name: \"HTTP\" value: 15098 } ports { name: \"CLIENT_RPC\" value: 15099 } ports { name: \"REPLICATION\" value: 15105 } ports { name: \"RATIS\" value: 15101 } ports { name: \"RATIS_ADMIN\" value: 15102 } ports { name: \"RATIS_SERVER\" value: 15103 } ports { name: \"RATIS_DATASTREAM\" value: 15104 } ports { name: \"STANDALONE\" value: 15100 } networkName: \"3a11eef6-a527-493c-8ba3-ae39ecaefa56\" networkLocation: \"/default-rack\" persistedOpState: IN_SERVICE persistedOpStateExpiry: 0 currentVersion: 2 uuid128 { mostSigBits: 4184388271904082236 leastSigBits: -8384666517426472362 } level: 3 id { uuid { mostSigBits: 4184388271904082236 leastSigBits: -8384666517426472362 } } } cmdId: 1760698877850 priority: 0 priority: 0 priority: 1 } term: 2 encodedToken: \"\" deadlineMsSinceEpoch: 0]"} | ret=SUCCESS |  
2025-10-17 11:01:20,671 [IPC Server handler 27 on default port 15002] INFO  net.NetworkTopologyImpl (NetworkTopologyImpl.java:add(133)) - Added a new node: /default-rack/b6f92338-e951-49df-a986-ea31ece96e9e
2025-10-17 11:01:20,671 [IPC Server handler 27 on default port 15002] INFO  node.SCMNodeManager (SCMNodeManager.java:register(423)) - Registered datanode: b6f92338-e951-49df-a986-ea31ece96e9e{ip: 127.0.0.1, host: localhost, ports: [HTTP=15106, CLIENT_RPC=15107, REPLICATION=15113, RATIS=15109, RATIS_ADMIN=15110, RATIS_SERVER=15111, RATIS_DATASTREAM=15112, STANDALONE=15108], networkLocation: /default-rack, certSerialId: null, persistedOpState: null, persistedOpStateExpiryEpochSec: 0}
2025-10-17 11:01:20,672 | INFO  | SCMAudit | user=runner | ip=127.0.0.1 | op=REGISTER {"datanodeDetails":"b6f92338-e951-49df-a986-ea31ece96e9e(localhost/127.0.0.1)"} | ret=SUCCESS |  
2025-10-17 11:01:20,672 [EventQueue-NewNodeForNewNodeHandler] INFO  pipeline.BackgroundPipelineCreator (BackgroundPipelineCreator.java:notifyEventTriggered(290)) - trigger a one-shot run on RatisPipelineUtilsThread.
2025-10-17 11:01:20,672 [RatisPipelineUtilsThread-0] INFO  pipeline.RatisPipelineProvider (RatisPipelineProvider.java:lambda$create$0(208)) - Sending CreatePipelineCommand for pipeline:Pipeline-f8b0d738-cfda-4f0f-9937-ff9fb0c4e76c to datanode:b6f92338-e951-49df-a986-ea31ece96e9e(localhost/127.0.0.1)
2025-10-17 11:01:20,675 [RatisPipelineUtilsThread-0] INFO  pipeline.BackgroundPipelineCreator (BackgroundPipelineCreator.java:createPipelines(246)) - Created new pipeline Pipeline{ Id: f8b0d738-cfda-4f0f-9937-ff9fb0c4e76c, Nodes: [ {b6f92338-e951-49df-a986-ea31ece96e9e(localhost/127.0.0.1), ReplicaIndex: 0},], ReplicationConfig: RATIS/ONE, State:ALLOCATED, leaderId:, CreationTimestamp2025-10-17T11:01:20.672858137Z[Etc/UTC]}
2025-10-17 11:01:20,730 [b292b6be-9482-4c30-a3e0-c9f721931b72-CreatePipelineCommandHandlerThread-0] INFO  server.RaftServer (RaftServerProxy.java:addNew(105)) - b292b6be-9482-4c30-a3e0-c9f721931b72: addNew group-BE6A807861E4:[b292b6be-9482-4c30-a3e0-c9f721931b72|127.0.0.1:15031] returns group-BE6A807861E4:java.util.concurrent.CompletableFuture@427812f4[Not completed]
2025-10-17 11:01:20,731 [b292b6be-9482-4c30-a3e0-c9f721931b72-groupManagement] INFO  server.RaftServer$Division (RaftServerImpl.java:<init>(268)) - b292b6be-9482-4c30-a3e0-c9f721931b72: new RaftServerImpl for group-BE6A807861E4:[b292b6be-9482-4c30-a3e0-c9f721931b72|127.0.0.1:15031] with ContainerStateMachine:uninitialized
2025-10-17 11:01:20,732 [b292b6be-9482-4c30-a3e0-c9f721931b72-groupManagement] INFO  server.RaftServer$Division (ServerState.java:<init>(114)) - b292b6be-9482-4c30-a3e0-c9f721931b72@group-BE6A807861E4: ConfigurationManager, init=conf: {index: -1, cur=peers:[b292b6be-9482-4c30-a3e0-c9f721931b72|127.0.0.1:15031]|listeners:[], old=null}, confs=<EMPTY_MAP>
2025-10-17 11:01:20,737 [b292b6be-9482-4c30-a3e0-c9f721931b72-groupManagement] INFO  server.RaftServerConfigKeys (ConfUtils.java:logGet(62)) - raft.server.storage.dir = [/home/runner/work/ozone/ozone/hadoop-ozone/integration-test/target/test-dir/MiniOzoneClusterImpl-d1ffa5d3-3301-45c3-9f44-1ffa6967d237/ozone-metadata/datanode-3/ratis] (custom)
2025-10-17 11:01:20,737 [b292b6be-9482-4c30-a3e0-c9f721931b72-groupManagement] INFO  storage.RaftStorageDirectory (RaftStorageDirectoryImpl.java:analyzeStorage(138)) - The storage directory /home/runner/work/ozone/ozone/hadoop-ozone/integration-test/target/test-dir/MiniOzoneClusterImpl-d1ffa5d3-3301-45c3-9f44-1ffa6967d237/ozone-metadata/datanode-3/ratis/7ec4e0b4-59a0-41ec-9ce6-be6a807861e4 does not exist. Creating ...
2025-10-17 11:01:20,738 [b292b6be-9482-4c30-a3e0-c9f721931b72-groupManagement] INFO  storage.RaftStorageDirectory (RaftStorageDirectoryImpl.java:tryLock(229)) - Lock on /home/runner/work/ozone/ozone/hadoop-ozone/integration-test/target/test-dir/MiniOzoneClusterImpl-d1ffa5d3-3301-45c3-9f44-1ffa6967d237/ozone-metadata/datanode-3/ratis/7ec4e0b4-59a0-41ec-9ce6-be6a807861e4/in_use.lock acquired by nodename 40979@localhost
2025-10-17 11:01:20,739 [b292b6be-9482-4c30-a3e0-c9f721931b72-groupManagement] INFO  storage.RaftStorage (RaftStorageImpl.java:format(98)) - Storage directory /home/runner/work/ozone/ozone/hadoop-ozone/integration-test/target/test-dir/MiniOzoneClusterImpl-d1ffa5d3-3301-45c3-9f44-1ffa6967d237/ozone-metadata/datanode-3/ratis/7ec4e0b4-59a0-41ec-9ce6-be6a807861e4 has been successfully formatted.
2025-10-17 11:01:20,740 [b292b6be-9482-4c30-a3e0-c9f721931b72-groupManagement] INFO  ratis.ContainerStateMachine (ContainerStateMachine.java:initialize(339)) - b292b6be-9482-4c30-a3e0-c9f721931b72: initialize group-BE6A807861E4
2025-10-17 11:01:20,740 [b292b6be-9482-4c30-a3e0-c9f721931b72-groupManagement] INFO  ratis.ContainerStateMachine (ContainerStateMachine.java:loadSnapshot(347)) - group-BE6A807861E4: The snapshot info is null. Setting the last applied index to:<INITIAL_VALUE>
2025-10-17 11:01:20,740 [b292b6be-9482-4c30-a3e0-c9f721931b72-groupManagement] INFO  server.RaftServerConfigKeys (ConfUtils.java:logGet(62)) - raft.server.log.appender.buffer.byte-limit = 33554432 (custom)
2025-10-17 11:01:20,743 [b292b6be-9482-4c30-a3e0-c9f721931b72-groupManagement] INFO  server.RaftServerConfigKeys (ConfUtils.java:logGet(62)) - raft.server.log.segment.size.max = 67108864 (custom)
2025-10-17 11:01:20,743 [b292b6be-9482-4c30-a3e0-c9f721931b72-groupManagement] INFO  server.RaftServerConfigKeys (ConfUtils.java:logGet(62)) - raft.server.log.appender.buffer.byte-limit = 33554432 (custom)
2025-10-17 11:01:20,744 [b292b6be-9482-4c30-a3e0-c9f721931b72-groupManagement] INFO  util.AwaitToRun (AwaitToRun.java:start(81)) - Thread[#1524,b292b6be-9482-4c30-a3e0-c9f721931b72@group-BE6A807861E4-cacheEviction-AwaitToRun,5,main] started
2025-10-17 11:01:20,744 [b292b6be-9482-4c30-a3e0-c9f721931b72-groupManagement] INFO  segmented.SegmentedRaftLogWorker (SegmentedRaftLogWorker.java:<init>(190)) - new b292b6be-9482-4c30-a3e0-c9f721931b72@group-BE6A807861E4-SegmentedRaftLogWorker for RaftStorageImpl:Storage Directory /home/runner/work/ozone/ozone/hadoop-ozone/integration-test/target/test-dir/MiniOzoneClusterImpl-d1ffa5d3-3301-45c3-9f44-1ffa6967d237/ozone-metadata/datanode-3/ratis/7ec4e0b4-59a0-41ec-9ce6-be6a807861e4
2025-10-17 11:01:20,744 [b292b6be-9482-4c30-a3e0-c9f721931b72-groupManagement] INFO  server.RaftServerConfigKeys (ConfUtils.java:logGet(62)) - raft.server.log.queue.byte-limit = 4294967296 (custom)
2025-10-17 11:01:20,744 [b292b6be-9482-4c30-a3e0-c9f721931b72-groupManagement] INFO  server.RaftServerConfigKeys (ConfUtils.java:logGet(62)) - raft.server.log.segment.size.max = 67108864 (custom)
2025-10-17 11:01:20,744 [b292b6be-9482-4c30-a3e0-c9f721931b72-groupManagement] INFO  server.RaftServerConfigKeys (ConfUtils.java:logGet(62)) - raft.server.log.preallocated.size = 4194304 (custom)
2025-10-17 11:01:20,745 [b292b6be-9482-4c30-a3e0-c9f721931b72-groupManagement] INFO  server.RaftServerConfigKeys (ConfUtils.java:logGet(62)) - raft.server.log.write.buffer.size = 33554440 (custom)
2025-10-17 11:01:20,745 | INFO  | SCMAudit | user=runner | ip=127.0.0.1 | op=SEND_HEARTBEAT {"datanodeUUID":"b292b6be-9482-4c30-a3e0-c9f721931b72","term":"2","command":"[]"} | ret=SUCCESS |  
2025-10-17 11:01:20,749 [EventQueue-PipelineReportForPipelineReportHandler] INFO  pipeline.PipelineReportHandler (PipelineReportHandler.java:processPipelineReport(132)) - Opened pipeline Pipeline-7ec4e0b4-59a0-41ec-9ce6-be6a807861e4
2025-10-17 11:01:20,753 [b292b6be-9482-4c30-a3e0-c9f721931b72-groupManagement] INFO  server.RaftServerConfigKeys (ConfUtils.java:logGet(62)) - raft.server.log.appender.buffer.byte-limit = 33554432 (custom)
2025-10-17 11:01:20,753 [b292b6be-9482-4c30-a3e0-c9f721931b72-groupManagement] INFO  segmented.SegmentedRaftLogWorker (SegmentedRaftLogWorker.java:lambda$new$0(141)) - b292b6be-9482-4c30-a3e0-c9f721931b72@group-BE6A807861E4-SegmentedRaftLogWorker: flushIndex: setUnconditionally 0 -> -1
2025-10-17 11:01:20,753 [b292b6be-9482-4c30-a3e0-c9f721931b72-groupManagement] INFO  segmented.SegmentedRaftLogWorker (SegmentedRaftLogWorker.java:lambda$new$0(141)) - b292b6be-9482-4c30-a3e0-c9f721931b72@group-BE6A807861E4-SegmentedRaftLogWorker: safeCacheEvictIndex: setUnconditionally 0 -> -1
2025-10-17 11:01:20,753 [b292b6be-9482-4c30-a3e0-c9f721931b72-groupManagement] INFO  server.RaftServer$Division (RaftServerImpl.java:start(405)) - b292b6be-9482-4c30-a3e0-c9f721931b72@group-BE6A807861E4: start as a follower, conf=conf: {index: -1, cur=peers:[b292b6be-9482-4c30-a3e0-c9f721931b72|127.0.0.1:15031]|listeners:[], old=null}
2025-10-17 11:01:20,754 [b292b6be-9482-4c30-a3e0-c9f721931b72-groupManagement] INFO  server.RaftServer$Division (RaftServerImpl.java:setRole(392)) - b292b6be-9482-4c30-a3e0-c9f721931b72@group-BE6A807861E4: changes role from      null to FOLLOWER at term 0 for startAsFollower
2025-10-17 11:01:20,754 [b292b6be-9482-4c30-a3e0-c9f721931b72-groupManagement] INFO  impl.RoleInfo (RoleInfo.java:updateAndGet(148)) - b292b6be-9482-4c30-a3e0-c9f721931b72: start b292b6be-9482-4c30-a3e0-c9f721931b72@group-BE6A807861E4-FollowerState
2025-10-17 11:01:20,754 [b292b6be-9482-4c30-a3e0-c9f721931b72-groupManagement] INFO  util.JmxRegister (JmxRegister.java:tryRegister(44)) - Successfully registered JMX Bean with object name Ratis:service=RaftServer,group=group-BE6A807861E4,id=b292b6be-9482-4c30-a3e0-c9f721931b72
2025-10-17 11:01:20,754 [b292b6be-9482-4c30-a3e0-c9f721931b72-groupManagement] INFO  util.JmxRegister (JmxRegister.java:register(58)) - register mxBean class org.apache.ratis.server.impl.RaftServerJmxAdapter as Ratis:service=RaftServer,group=group-BE6A807861E4,id=b292b6be-9482-4c30-a3e0-c9f721931b72
2025-10-17 11:01:20,755 [b292b6be-9482-4c30-a3e0-c9f721931b72-groupManagement] INFO  server.RaftServer$Division (RaftServerImpl.java:start(419)) - b292b6be-9482-4c30-a3e0-c9f721931b72@group-BE6A807861E4: Successfully started.
2025-10-17 11:01:20,755 [b292b6be-9482-4c30-a3e0-c9f721931b72-CreatePipelineCommandHandlerThread-0] INFO  ratis.XceiverServerRatis (XceiverServerRatis.java:addGroup(839)) - Created group Pipeline-7ec4e0b4-59a0-41ec-9ce6-be6a807861e4
2025-10-17 11:01:20,755 [b292b6be-9482-4c30-a3e0-c9f721931b72-CreatePipelineCommandHandlerThread-0] INFO  commandhandler.CreatePipelineCommandHandler (CreatePipelineCommandHandler.java:lambda$handle$2(141)) - Created Pipeline RATIS ONE Pipeline-7ec4e0b4-59a0-41ec-9ce6-be6a807861e4.
2025-10-17 11:01:20,792 | INFO  | SCMAudit | user=runner | ip=127.0.0.1 | op=SEND_HEARTBEAT {"datanodeUUID":"50dccd39-549f-4f43-8b1f-597bf98f9c16","term":"2","command":"[]"} | ret=SUCCESS |  
2025-10-17 11:01:20,888 | INFO  | SCMAudit | user=runner | ip=127.0.0.1 | op=SEND_HEARTBEAT {"datanodeUUID":"3a11eef6-a527-493c-8ba3-ae39ecaefa56","term":"2","command":"[commandType: createPipelineCommand createPipelineCommandProto { pipelineID { id: \"a7ebf1f0-00a0-43d1-b8e1-896c9d030b15\" uuid128 { mostSigBits: -6346713236743633967 leastSigBits: -5124663801387218155 } } type: RATIS factor: ONE datanode { uuid: \"3a11eef6-a527-493c-8ba3-ae39ecaefa56\" ipAddress: \"127.0.0.1\" hostName: \"localhost\" ports { name: \"HTTP\" value: 15098 } ports { name: \"CLIENT_RPC\" value: 15099 } ports { name: \"REPLICATION\" value: 15105 } ports { name: \"RATIS\" value: 15101 } ports { name: \"RATIS_ADMIN\" value: 15102 } ports { name: \"RATIS_SERVER\" value: 15103 } ports { name: \"RATIS_DATASTREAM\" value: 15104 } ports { name: \"STANDALONE\" value: 15100 } networkName: \"3a11eef6-a527-493c-8ba3-ae39ecaefa56\" networkLocation: \"/default-rack\" persistedOpState: IN_SERVICE persistedOpStateExpiry: 0 currentVersion: 2 uuid128 { mostSigBits: 4184388271904082236 leastSigBits: -8384666517426472362 } level: 3 id { uuid { mostSigBits: 4184388271904082236 leastSigBits: -8384666517426472362 } } } cmdId: 1760698877848 priority: 1 } term: 2 encodedToken: \"\" deadlineMsSinceEpoch: 0, commandType: createPipelineCommand createPipelineCommandProto { pipelineID { id: \"4324291b-b287-433b-ae36-5c170ccb5e2d\" uuid128 { mostSigBits: 4838037098638820155 leastSigBits: -5893421808299057619 } } type: RATIS factor: THREE datanode { uuid: \"3a11eef6-a527-493c-8ba3-ae39ecaefa56\" ipAddress: \"127.0.0.1\" hostName: \"localhost\" ports { name: \"HTTP\" value: 15098 } ports { name: \"CLIENT_RPC\" value: 15099 } ports { name: \"REPLICATION\" value: 15105 } ports { name: \"RATIS\" value: 15101 } ports { name: \"RATIS_ADMIN\" value: 15102 } ports { name: \"RATIS_SERVER\" value: 15103 } ports { name: \"RATIS_DATASTREAM\" value: 15104 } ports { name: \"STANDALONE\" value: 15100 } networkName: \"3a11eef6-a527-493c-8ba3-ae39ecaefa56\" networkLocation: \"/default-rack\" persistedOpState: IN_SERVICE persistedOpStateExpiry: 0 currentVersion: 2 uuid128 { mostSigBits: 4184388271904082236 leastSigBits: -8384666517426472362 } level: 3 id { uuid { mostSigBits: 4184388271904082236 leastSigBits: -8384666517426472362 } } } datanode { uuid: \"7995ae7b-77ec-4e72-809d-814459f62ee0\" ipAddress: \"127.0.0.1\" hostName: \"localhost\" ports { name: \"HTTP\" value: 15090 } ports { name: \"CLIENT_RPC\" value: 15091 } ports { name: \"REPLICATION\" value: 15097 } ports { name: \"RATIS\" value: 15093 } ports { name: \"RATIS_ADMIN\" value: 15094 } ports { name: \"RATIS_SERVER\" value: 15095 } ports { name: \"RATIS_DATASTREAM\" value: 15096 } ports { name: \"STANDALONE\" value: 15092 } networkName: \"7995ae7b-77ec-4e72-809d-814459f62ee0\" networkLocation: \"/default-rack\" persistedOpState: IN_SERVICE persistedOpStateExpiry: 0 currentVersion: 2 uuid128 { mostSigBits: 8761100495435353714 leastSigBits: -9179038334944137504 } level: 3 id { uuid { mostSigBits: 8761100495435353714 leastSigBits: -9179038334944137504 } } } datanode { uuid: \"28c08cd4-c049-4c66-8210-e254cf68b291\" ipAddress: \"127.0.0.1\" hostName: \"localhost\" ports { name: \"HTTP\" value: 15082 } ports { name: \"CLIENT_RPC\" value: 15083 } ports { name: \"REPLICATION\" value: 15089 } ports { name: \"RATIS\" value: 15085 } ports { name: \"RATIS_ADMIN\" value: 15086 } ports { name: \"RATIS_SERVER\" value: 15087 } ports { name: \"RATIS_DATASTREAM\" value: 15088 } ports { name: \"STANDALONE\" value: 15084 } networkName: \"28c08cd4-c049-4c66-8210-e254cf68b291\" networkLocation: \"/default-rack\" persistedOpState: IN_SERVICE persistedOpStateExpiry: 0 currentVersion: 2 uuid128 { mostSigBits: 2936501802432547942 leastSigBits: -9074504395266674031 } level: 3 id { uuid { mostSigBits: 2936501802432547942 leastSigBits: -9074504395266674031 } } } cmdId: 1760698877849 priority: 0 priority: 0 priority: 1 } term: 2 encodedToken: \"\" deadlineMsSinceEpoch: 0, commandType: createPipelineCommand createPipelineCommandProto { pipelineID { id: \"7345f0ea-8df2-4439-b2f1-0dbc4bfeaa43\" uuid128 { mostSigBits: 8306309977949226041 leastSigBits: -5552641763191117245 } } type: RATIS factor: THREE datanode { uuid: \"28c08cd4-c049-4c66-8210-e254cf68b291\" ipAddress: \"127.0.0.1\" hostName: \"localhost\" ports { name: \"HTTP\" value: 15082 } ports { name: \"CLIENT_RPC\" value: 15083 } ports { name: \"REPLICATION\" value: 15089 } ports { name: \"RATIS\" value: 15085 } ports { name: \"RATIS_ADMIN\" value: 15086 } ports { name: \"RATIS_SERVER\" value: 15087 } ports { name: \"RATIS_DATASTREAM\" value: 15088 } ports { name: \"STANDALONE\" value: 15084 } networkName: \"28c08cd4-c049-4c66-8210-e254cf68b291\" networkLocation: \"/default-rack\" persistedOpState: IN_SERVICE persistedOpStateExpiry: 0 currentVersion: 2 uuid128 { mostSigBits: 2936501802432547942 leastSigBits: -9074504395266674031 } level: 3 id { uuid { mostSigBits: 2936501802432547942 leastSigBits: -9074504395266674031 } } } datanode { uuid: \"7995ae7b-77ec-4e72-809d-814459f62ee0\" ipAddress: \"127.0.0.1\" hostName: \"localhost\" ports { name: \"HTTP\" value: 15090 } ports { name: \"CLIENT_RPC\" value: 15091 } ports { name: \"REPLICATION\" value: 15097 } ports { name: \"RATIS\" value: 15093 } ports { name: \"RATIS_ADMIN\" value: 15094 } ports { name: \"RATIS_SERVER\" value: 15095 } ports { name: \"RATIS_DATASTREAM\" value: 15096 } ports { name: \"STANDALONE\" value: 15092 } networkName: \"7995ae7b-77ec-4e72-809d-814459f62ee0\" networkLocation: \"/default-rack\" persistedOpState: IN_SERVICE persistedOpStateExpiry: 0 currentVersion: 2 uuid128 { mostSigBits: 8761100495435353714 leastSigBits: -9179038334944137504 } level: 3 id { uuid { mostSigBits: 8761100495435353714 leastSigBits: -9179038334944137504 } } } datanode { uuid: \"3a11eef6-a527-493c-8ba3-ae39ecaefa56\" ipAddress: \"127.0.0.1\" hostName: \"localhost\" ports { name: \"HTTP\" value: 15098 } ports { name: \"CLIENT_RPC\" value: 15099 } ports { name: \"REPLICATION\" value: 15105 } ports { name: \"RATIS\" value: 15101 } ports { name: \"RATIS_ADMIN\" value: 15102 } ports { name: \"RATIS_SERVER\" value: 15103 } ports { name: \"RATIS_DATASTREAM\" value: 15104 } ports { name: \"STANDALONE\" value: 15100 } networkName: \"3a11eef6-a527-493c-8ba3-ae39ecaefa56\" networkLocation: \"/default-rack\" persistedOpState: IN_SERVICE persistedOpStateExpiry: 0 currentVersion: 2 uuid128 { mostSigBits: 4184388271904082236 leastSigBits: -8384666517426472362 } level: 3 id { uuid { mostSigBits: 4184388271904082236 leastSigBits: -8384666517426472362 } } } cmdId: 1760698877850 priority: 0 priority: 0 priority: 1 } term: 2 encodedToken: \"\" deadlineMsSinceEpoch: 0]"} | ret=SUCCESS |  
2025-10-17 11:01:20,999 [ForkJoinPool-1-worker-1] INFO  ozone.MiniOzoneClusterImpl (MiniOzoneClusterImpl.java:lambda$waitForClusterToBeReady$0(181)) - Waiting for nodes to be ready. Got 13 of 14 DN Heartbeats.
2025-10-17 11:01:21,000 [ForkJoinPool-1-worker-1] INFO  ozone.MiniOzoneClusterImpl (MiniOzoneClusterImpl.java:lambda$waitForClusterToBeReady$0(184)) - Cluster exits safe mode
2025-10-17 11:01:21,000 [ForkJoinPool-1-worker-1] INFO  ozone.MiniOzoneClusterImpl (MiniOzoneClusterImpl.java:lambda$waitForClusterToBeReady$0(186)) - SCM became leader
2025-10-17 11:01:21,002 [718bfa29-2c47-4ab5-ac61-3dfe9c6b9d5c-CreatePipelineCommandHandlerThread-0] INFO  server.RaftServer (RaftServerProxy.java:addNew(105)) - 718bfa29-2c47-4ab5-ac61-3dfe9c6b9d5c: addNew group-95D8EFAE7158:[718bfa29-2c47-4ab5-ac61-3dfe9c6b9d5c|127.0.0.1:15039] returns group-95D8EFAE7158:java.util.concurrent.CompletableFuture@1969c180[Not completed]
2025-10-17 11:01:21,003 [718bfa29-2c47-4ab5-ac61-3dfe9c6b9d5c-groupManagement] INFO  server.RaftServer$Division (RaftServerImpl.java:<init>(268)) - 718bfa29-2c47-4ab5-ac61-3dfe9c6b9d5c: new RaftServerImpl for group-95D8EFAE7158:[718bfa29-2c47-4ab5-ac61-3dfe9c6b9d5c|127.0.0.1:15039] with ContainerStateMachine:uninitialized
2025-10-17 11:01:21,003 [718bfa29-2c47-4ab5-ac61-3dfe9c6b9d5c-groupManagement] INFO  server.RaftServer$Division (ServerState.java:<init>(114)) - 718bfa29-2c47-4ab5-ac61-3dfe9c6b9d5c@group-95D8EFAE7158: ConfigurationManager, init=conf: {index: -1, cur=peers:[718bfa29-2c47-4ab5-ac61-3dfe9c6b9d5c|127.0.0.1:15039]|listeners:[], old=null}, confs=<EMPTY_MAP>
2025-10-17 11:01:21,003 | INFO  | SCMAudit | user=runner | ip=127.0.0.1 | op=SEND_HEARTBEAT {"datanodeUUID":"718bfa29-2c47-4ab5-ac61-3dfe9c6b9d5c","term":"2","command":"[]"} | ret=SUCCESS |  
2025-10-17 11:01:21,006 [IPC Server handler 10 on default port 15002] INFO  net.NetworkTopologyImpl (NetworkTopologyImpl.java:add(133)) - Added a new node: /default-rack/a5293c95-44e9-4ea9-88ca-89089eac4b59
2025-10-17 11:01:21,006 [IPC Server handler 10 on default port 15002] INFO  node.SCMNodeManager (SCMNodeManager.java:register(423)) - Registered datanode: a5293c95-44e9-4ea9-88ca-89089eac4b59{ip: 127.0.0.1, host: localhost, ports: [HTTP=15114, CLIENT_RPC=15115, REPLICATION=15121, RATIS=15117, RATIS_ADMIN=15118, RATIS_SERVER=15119, RATIS_DATASTREAM=15120, STANDALONE=15116], networkLocation: /default-rack, certSerialId: null, persistedOpState: null, persistedOpStateExpiryEpochSec: 0}
2025-10-17 11:01:21,006 [EventQueue-NewNodeForNewNodeHandler] INFO  pipeline.BackgroundPipelineCreator (BackgroundPipelineCreator.java:notifyEventTriggered(290)) - trigger a one-shot run on RatisPipelineUtilsThread.
2025-10-17 11:01:21,006 | INFO  | SCMAudit | user=runner | ip=127.0.0.1 | op=REGISTER {"datanodeDetails":"a5293c95-44e9-4ea9-88ca-89089eac4b59(localhost/127.0.0.1)"} | ret=SUCCESS |  
2025-10-17 11:01:21,007 [RatisPipelineUtilsThread-0] INFO  pipeline.RatisPipelineProvider (RatisPipelineProvider.java:lambda$create$0(208)) - Sending CreatePipelineCommand for pipeline:Pipeline-db0770b4-cfb6-4df0-b01c-950a8ad064ec to datanode:a5293c95-44e9-4ea9-88ca-89089eac4b59(localhost/127.0.0.1)
2025-10-17 11:01:21,008 [718bfa29-2c47-4ab5-ac61-3dfe9c6b9d5c-groupManagement] INFO  server.RaftServerConfigKeys (ConfUtils.java:logGet(62)) - raft.server.storage.dir = [/home/runner/work/ozone/ozone/hadoop-ozone/integration-test/target/test-dir/MiniOzoneClusterImpl-d1ffa5d3-3301-45c3-9f44-1ffa6967d237/ozone-metadata/datanode-4/ratis] (custom)
2025-10-17 11:01:21,008 [718bfa29-2c47-4ab5-ac61-3dfe9c6b9d5c-groupManagement] INFO  storage.RaftStorageDirectory (RaftStorageDirectoryImpl.java:analyzeStorage(138)) - The storage directory /home/runner/work/ozone/ozone/hadoop-ozone/integration-test/target/test-dir/MiniOzoneClusterImpl-d1ffa5d3-3301-45c3-9f44-1ffa6967d237/ozone-metadata/datanode-4/ratis/6b95370b-02ef-41c9-9de6-95d8efae7158 does not exist. Creating ...
2025-10-17 11:01:21,009 [718bfa29-2c47-4ab5-ac61-3dfe9c6b9d5c-groupManagement] INFO  storage.RaftStorageDirectory (RaftStorageDirectoryImpl.java:tryLock(229)) - Lock on /home/runner/work/ozone/ozone/hadoop-ozone/integration-test/target/test-dir/MiniOzoneClusterImpl-d1ffa5d3-3301-45c3-9f44-1ffa6967d237/ozone-metadata/datanode-4/ratis/6b95370b-02ef-41c9-9de6-95d8efae7158/in_use.lock acquired by nodename 40979@localhost
2025-10-17 11:01:21,009 [RatisPipelineUtilsThread-0] INFO  pipeline.BackgroundPipelineCreator (BackgroundPipelineCreator.java:createPipelines(246)) - Created new pipeline Pipeline{ Id: db0770b4-cfb6-4df0-b01c-950a8ad064ec, Nodes: [ {a5293c95-44e9-4ea9-88ca-89089eac4b59(localhost/127.0.0.1), ReplicaIndex: 0},], ReplicationConfig: RATIS/ONE, State:ALLOCATED, leaderId:, CreationTimestamp2025-10-17T11:01:21.007361214Z[Etc/UTC]}
2025-10-17 11:01:21,009 [718bfa29-2c47-4ab5-ac61-3dfe9c6b9d5c-groupManagement] INFO  storage.RaftStorage (RaftStorageImpl.java:format(98)) - Storage directory /home/runner/work/ozone/ozone/hadoop-ozone/integration-test/target/test-dir/MiniOzoneClusterImpl-d1ffa5d3-3301-45c3-9f44-1ffa6967d237/ozone-metadata/datanode-4/ratis/6b95370b-02ef-41c9-9de6-95d8efae7158 has been successfully formatted.
2025-10-17 11:01:21,010 [718bfa29-2c47-4ab5-ac61-3dfe9c6b9d5c-groupManagement] INFO  ratis.ContainerStateMachine (ContainerStateMachine.java:initialize(339)) - 718bfa29-2c47-4ab5-ac61-3dfe9c6b9d5c: initialize group-95D8EFAE7158
2025-10-17 11:01:21,010 [718bfa29-2c47-4ab5-ac61-3dfe9c6b9d5c-groupManagement] INFO  ratis.ContainerStateMachine (ContainerStateMachine.java:loadSnapshot(347)) - group-95D8EFAE7158: The snapshot info is null. Setting the last applied index to:<INITIAL_VALUE>
2025-10-17 11:01:21,010 [718bfa29-2c47-4ab5-ac61-3dfe9c6b9d5c-groupManagement] INFO  server.RaftServerConfigKeys (ConfUtils.java:logGet(62)) - raft.server.log.appender.buffer.byte-limit = 33554432 (custom)
2025-10-17 11:01:21,011 | INFO  | SCMAudit | user=runner | ip=127.0.0.1 | op=SEND_HEARTBEAT {"datanodeUUID":"718bfa29-2c47-4ab5-ac61-3dfe9c6b9d5c","term":"2","command":"[]"} | ret=SUCCESS |  
2025-10-17 11:01:21,012 [718bfa29-2c47-4ab5-ac61-3dfe9c6b9d5c-groupManagement] INFO  server.RaftServerConfigKeys (ConfUtils.java:logGet(62)) - raft.server.log.segment.size.max = 67108864 (custom)
2025-10-17 11:01:21,012 [718bfa29-2c47-4ab5-ac61-3dfe9c6b9d5c-groupManagement] INFO  server.RaftServerConfigKeys (ConfUtils.java:logGet(62)) - raft.server.log.appender.buffer.byte-limit = 33554432 (custom)
2025-10-17 11:01:21,013 [718bfa29-2c47-4ab5-ac61-3dfe9c6b9d5c-groupManagement] INFO  util.AwaitToRun (AwaitToRun.java:start(81)) - Thread[#1530,718bfa29-2c47-4ab5-ac61-3dfe9c6b9d5c@group-95D8EFAE7158-cacheEviction-AwaitToRun,5,main] started
2025-10-17 11:01:21,013 [718bfa29-2c47-4ab5-ac61-3dfe9c6b9d5c-groupManagement] INFO  segmented.SegmentedRaftLogWorker (SegmentedRaftLogWorker.java:<init>(190)) - new 718bfa29-2c47-4ab5-ac61-3dfe9c6b9d5c@group-95D8EFAE7158-SegmentedRaftLogWorker for RaftStorageImpl:Storage Directory /home/runner/work/ozone/ozone/hadoop-ozone/integration-test/target/test-dir/MiniOzoneClusterImpl-d1ffa5d3-3301-45c3-9f44-1ffa6967d237/ozone-metadata/datanode-4/ratis/6b95370b-02ef-41c9-9de6-95d8efae7158
2025-10-17 11:01:21,013 [718bfa29-2c47-4ab5-ac61-3dfe9c6b9d5c-groupManagement] INFO  server.RaftServerConfigKeys (ConfUtils.java:logGet(62)) - raft.server.log.queue.byte-limit = 4294967296 (custom)
2025-10-17 11:01:21,013 [718bfa29-2c47-4ab5-ac61-3dfe9c6b9d5c-groupManagement] INFO  server.RaftServerConfigKeys (ConfUtils.java:logGet(62)) - raft.server.log.segment.size.max = 67108864 (custom)
2025-10-17 11:01:21,013 [718bfa29-2c47-4ab5-ac61-3dfe9c6b9d5c-groupManagement] INFO  server.RaftServerConfigKeys (ConfUtils.java:logGet(62)) - raft.server.log.preallocated.size = 4194304 (custom)
2025-10-17 11:01:21,013 [718bfa29-2c47-4ab5-ac61-3dfe9c6b9d5c-groupManagement] INFO  server.RaftServerConfigKeys (ConfUtils.java:logGet(62)) - raft.server.log.write.buffer.size = 33554440 (custom)
2025-10-17 11:01:21,014 [EventQueue-PipelineReportForPipelineReportHandler] INFO  pipeline.PipelineReportHandler (PipelineReportHandler.java:processPipelineReport(132)) - Opened pipeline Pipeline-6b95370b-02ef-41c9-9de6-95d8efae7158
2025-10-17 11:01:21,021 [718bfa29-2c47-4ab5-ac61-3dfe9c6b9d5c-groupManagement] INFO  server.RaftServerConfigKeys (ConfUtils.java:logGet(62)) - raft.server.log.appender.buffer.byte-limit = 33554432 (custom)
2025-10-17 11:01:21,022 [718bfa29-2c47-4ab5-ac61-3dfe9c6b9d5c-groupManagement] INFO  segmented.SegmentedRaftLogWorker (SegmentedRaftLogWorker.java:lambda$new$0(141)) - 718bfa29-2c47-4ab5-ac61-3dfe9c6b9d5c@group-95D8EFAE7158-SegmentedRaftLogWorker: flushIndex: setUnconditionally 0 -> -1
2025-10-17 11:01:21,022 [718bfa29-2c47-4ab5-ac61-3dfe9c6b9d5c-groupManagement] INFO  segmented.SegmentedRaftLogWorker (SegmentedRaftLogWorker.java:lambda$new$0(141)) - 718bfa29-2c47-4ab5-ac61-3dfe9c6b9d5c@group-95D8EFAE7158-SegmentedRaftLogWorker: safeCacheEvictIndex: setUnconditionally 0 -> -1
2025-10-17 11:01:21,022 [718bfa29-2c47-4ab5-ac61-3dfe9c6b9d5c-groupManagement] INFO  server.RaftServer$Division (RaftServerImpl.java:start(405)) - 718bfa29-2c47-4ab5-ac61-3dfe9c6b9d5c@group-95D8EFAE7158: start as a follower, conf=conf: {index: -1, cur=peers:[718bfa29-2c47-4ab5-ac61-3dfe9c6b9d5c|127.0.0.1:15039]|listeners:[], old=null}
2025-10-17 11:01:21,022 [718bfa29-2c47-4ab5-ac61-3dfe9c6b9d5c-groupManagement] INFO  server.RaftServer$Division (RaftServerImpl.java:setRole(392)) - 718bfa29-2c47-4ab5-ac61-3dfe9c6b9d5c@group-95D8EFAE7158: changes role from      null to FOLLOWER at term 0 for startAsFollower
2025-10-17 11:01:21,022 [718bfa29-2c47-4ab5-ac61-3dfe9c6b9d5c-groupManagement] INFO  impl.RoleInfo (RoleInfo.java:updateAndGet(148)) - 718bfa29-2c47-4ab5-ac61-3dfe9c6b9d5c: start 718bfa29-2c47-4ab5-ac61-3dfe9c6b9d5c@group-95D8EFAE7158-FollowerState
2025-10-17 11:01:21,023 [718bfa29-2c47-4ab5-ac61-3dfe9c6b9d5c-groupManagement] INFO  util.JmxRegister (JmxRegister.java:tryRegister(44)) - Successfully registered JMX Bean with object name Ratis:service=RaftServer,group=group-95D8EFAE7158,id=718bfa29-2c47-4ab5-ac61-3dfe9c6b9d5c
2025-10-17 11:01:21,023 [718bfa29-2c47-4ab5-ac61-3dfe9c6b9d5c-groupManagement] INFO  util.JmxRegister (JmxRegister.java:register(58)) - register mxBean class org.apache.ratis.server.impl.RaftServerJmxAdapter as Ratis:service=RaftServer,group=group-95D8EFAE7158,id=718bfa29-2c47-4ab5-ac61-3dfe9c6b9d5c
2025-10-17 11:01:21,023 [718bfa29-2c47-4ab5-ac61-3dfe9c6b9d5c-groupManagement] INFO  server.RaftServer$Division (RaftServerImpl.java:start(419)) - 718bfa29-2c47-4ab5-ac61-3dfe9c6b9d5c@group-95D8EFAE7158: Successfully started.
2025-10-17 11:01:21,024 [718bfa29-2c47-4ab5-ac61-3dfe9c6b9d5c-CreatePipelineCommandHandlerThread-0] INFO  ratis.XceiverServerRatis (XceiverServerRatis.java:addGroup(839)) - Created group Pipeline-6b95370b-02ef-41c9-9de6-95d8efae7158
2025-10-17 11:01:21,024 [718bfa29-2c47-4ab5-ac61-3dfe9c6b9d5c-CreatePipelineCommandHandlerThread-0] INFO  commandhandler.CreatePipelineCommandHandler (CreatePipelineCommandHandler.java:lambda$handle$2(141)) - Created Pipeline RATIS ONE Pipeline-6b95370b-02ef-41c9-9de6-95d8efae7158.
2025-10-17 11:01:21,024 [718bfa29-2c47-4ab5-ac61-3dfe9c6b9d5c-CreatePipelineCommandHandlerThread-0] INFO  server.RaftServer (RaftServerProxy.java:addNew(105)) - 718bfa29-2c47-4ab5-ac61-3dfe9c6b9d5c: addNew group-7468994F70AF:[b1eee25a-1fdf-4744-83c7-58e0513fce3b|127.0.0.1:15047, 718bfa29-2c47-4ab5-ac61-3dfe9c6b9d5c|127.0.0.1:15039, 2b4cc429-f9c1-416c-9a38-6239a2e149ea|127.0.0.1:15055] returns group-7468994F70AF:java.util.concurrent.CompletableFuture@56cd4e43[Not completed]
2025-10-17 11:01:21,025 [718bfa29-2c47-4ab5-ac61-3dfe9c6b9d5c-groupManagement] INFO  server.RaftServer$Division (RaftServerImpl.java:<init>(268)) - 718bfa29-2c47-4ab5-ac61-3dfe9c6b9d5c: new RaftServerImpl for group-7468994F70AF:[b1eee25a-1fdf-4744-83c7-58e0513fce3b|127.0.0.1:15047, 718bfa29-2c47-4ab5-ac61-3dfe9c6b9d5c|127.0.0.1:15039, 2b4cc429-f9c1-416c-9a38-6239a2e149ea|127.0.0.1:15055] with ContainerStateMachine:uninitialized
2025-10-17 11:01:21,026 [718bfa29-2c47-4ab5-ac61-3dfe9c6b9d5c-groupManagement] INFO  server.RaftServer$Division (ServerState.java:<init>(114)) - 718bfa29-2c47-4ab5-ac61-3dfe9c6b9d5c@group-7468994F70AF: ConfigurationManager, init=conf: {index: -1, cur=peers:[b1eee25a-1fdf-4744-83c7-58e0513fce3b|127.0.0.1:15047, 718bfa29-2c47-4ab5-ac61-3dfe9c6b9d5c|127.0.0.1:15039, 2b4cc429-f9c1-416c-9a38-6239a2e149ea|127.0.0.1:15055]|listeners:[], old=null}, confs=<EMPTY_MAP>
2025-10-17 11:01:21,030 [718bfa29-2c47-4ab5-ac61-3dfe9c6b9d5c-groupManagement] INFO  storage.RaftStorageDirectory (RaftStorageDirectoryImpl.java:analyzeStorage(138)) - The storage directory /home/runner/work/ozone/ozone/hadoop-ozone/integration-test/target/test-dir/MiniOzoneClusterImpl-d1ffa5d3-3301-45c3-9f44-1ffa6967d237/ozone-metadata/datanode-4/ratis/94abbb40-729e-490b-8eb4-7468994f70af does not exist. Creating ...
2025-10-17 11:01:21,031 [718bfa29-2c47-4ab5-ac61-3dfe9c6b9d5c-groupManagement] INFO  storage.RaftStorageDirectory (RaftStorageDirectoryImpl.java:tryLock(229)) - Lock on /home/runner/work/ozone/ozone/hadoop-ozone/integration-test/target/test-dir/MiniOzoneClusterImpl-d1ffa5d3-3301-45c3-9f44-1ffa6967d237/ozone-metadata/datanode-4/ratis/94abbb40-729e-490b-8eb4-7468994f70af/in_use.lock acquired by nodename 40979@localhost
2025-10-17 11:01:21,032 [718bfa29-2c47-4ab5-ac61-3dfe9c6b9d5c-groupManagement] INFO  storage.RaftStorage (RaftStorageImpl.java:format(98)) - Storage directory /home/runner/work/ozone/ozone/hadoop-ozone/integration-test/target/test-dir/MiniOzoneClusterImpl-d1ffa5d3-3301-45c3-9f44-1ffa6967d237/ozone-metadata/datanode-4/ratis/94abbb40-729e-490b-8eb4-7468994f70af has been successfully formatted.
2025-10-17 11:01:21,032 [718bfa29-2c47-4ab5-ac61-3dfe9c6b9d5c-groupManagement] INFO  ratis.ContainerStateMachine (ContainerStateMachine.java:initialize(339)) - 718bfa29-2c47-4ab5-ac61-3dfe9c6b9d5c: initialize group-7468994F70AF
2025-10-17 11:01:21,032 [718bfa29-2c47-4ab5-ac61-3dfe9c6b9d5c-groupManagement] INFO  ratis.ContainerStateMachine (ContainerStateMachine.java:loadSnapshot(347)) - group-7468994F70AF: The snapshot info is null. Setting the last applied index to:<INITIAL_VALUE>
2025-10-17 11:01:21,032 [718bfa29-2c47-4ab5-ac61-3dfe9c6b9d5c-groupManagement] INFO  server.RaftServerConfigKeys (ConfUtils.java:logGet(62)) - raft.server.log.appender.buffer.byte-limit = 33554432 (custom)
2025-10-17 11:01:21,034 [718bfa29-2c47-4ab5-ac61-3dfe9c6b9d5c-groupManagement] INFO  server.RaftServerConfigKeys (ConfUtils.java:logGet(62)) - raft.server.log.segment.size.max = 67108864 (custom)
2025-10-17 11:01:21,034 [718bfa29-2c47-4ab5-ac61-3dfe9c6b9d5c-groupManagement] INFO  server.RaftServerConfigKeys (ConfUtils.java:logGet(62)) - raft.server.log.appender.buffer.byte-limit = 33554432 (custom)
2025-10-17 11:01:21,035 [718bfa29-2c47-4ab5-ac61-3dfe9c6b9d5c-groupManagement] INFO  util.AwaitToRun (AwaitToRun.java:start(81)) - Thread[#1534,718bfa29-2c47-4ab5-ac61-3dfe9c6b9d5c@group-7468994F70AF-cacheEviction-AwaitToRun,5,main] started
2025-10-17 11:01:21,035 [718bfa29-2c47-4ab5-ac61-3dfe9c6b9d5c-groupManagement] INFO  segmented.SegmentedRaftLogWorker (SegmentedRaftLogWorker.java:<init>(190)) - new 718bfa29-2c47-4ab5-ac61-3dfe9c6b9d5c@group-7468994F70AF-SegmentedRaftLogWorker for RaftStorageImpl:Storage Directory /home/runner/work/ozone/ozone/hadoop-ozone/integration-test/target/test-dir/MiniOzoneClusterImpl-d1ffa5d3-3301-45c3-9f44-1ffa6967d237/ozone-metadata/datanode-4/ratis/94abbb40-729e-490b-8eb4-7468994f70af
2025-10-17 11:01:21,035 | INFO  | SCMAudit | user=runner | ip=127.0.0.1 | op=SEND_HEARTBEAT {"datanodeUUID":"718bfa29-2c47-4ab5-ac61-3dfe9c6b9d5c","term":"2","command":"[]"} | ret=SUCCESS |  
2025-10-17 11:01:21,036 [718bfa29-2c47-4ab5-ac61-3dfe9c6b9d5c-groupManagement] INFO  server.RaftServerConfigKeys (ConfUtils.java:logGet(62)) - raft.server.log.queue.byte-limit = 4294967296 (custom)
2025-10-17 11:01:21,036 [718bfa29-2c47-4ab5-ac61-3dfe9c6b9d5c-groupManagement] INFO  server.RaftServerConfigKeys (ConfUtils.java:logGet(62)) - raft.server.log.segment.size.max = 67108864 (custom)
2025-10-17 11:01:21,036 [718bfa29-2c47-4ab5-ac61-3dfe9c6b9d5c-groupManagement] INFO  server.RaftServerConfigKeys (ConfUtils.java:logGet(62)) - raft.server.log.preallocated.size = 4194304 (custom)
2025-10-17 11:01:21,037 [718bfa29-2c47-4ab5-ac61-3dfe9c6b9d5c-groupManagement] INFO  server.RaftServerConfigKeys (ConfUtils.java:logGet(62)) - raft.server.log.write.buffer.size = 33554440 (custom)
2025-10-17 11:01:21,038 | INFO  | SCMAudit | user=runner | ip=127.0.0.1 | op=SEND_HEARTBEAT {"datanodeUUID":"dbd6f242-9b73-4bca-a110-3e2ec656b979","term":"2","command":"[]"} | ret=SUCCESS |  
2025-10-17 11:01:21,040 [dbd6f242-9b73-4bca-a110-3e2ec656b979-CreatePipelineCommandHandlerThread-0] INFO  server.RaftServer (RaftServerProxy.java:addNew(105)) - dbd6f242-9b73-4bca-a110-3e2ec656b979: addNew group-492BD614E53F:[dbd6f242-9b73-4bca-a110-3e2ec656b979|127.0.0.1:15071] returns group-492BD614E53F:java.util.concurrent.CompletableFuture@52a974a3[Not completed]
2025-10-17 11:01:21,041 [dbd6f242-9b73-4bca-a110-3e2ec656b979-groupManagement] INFO  server.RaftServer$Division (RaftServerImpl.java:<init>(268)) - dbd6f242-9b73-4bca-a110-3e2ec656b979: new RaftServerImpl for group-492BD614E53F:[dbd6f242-9b73-4bca-a110-3e2ec656b979|127.0.0.1:15071] with ContainerStateMachine:uninitialized
2025-10-17 11:01:21,041 [dbd6f242-9b73-4bca-a110-3e2ec656b979-groupManagement] INFO  server.RaftServer$Division (ServerState.java:<init>(114)) - dbd6f242-9b73-4bca-a110-3e2ec656b979@group-492BD614E53F: ConfigurationManager, init=conf: {index: -1, cur=peers:[dbd6f242-9b73-4bca-a110-3e2ec656b979|127.0.0.1:15071]|listeners:[], old=null}, confs=<EMPTY_MAP>
2025-10-17 11:01:21,046 [dbd6f242-9b73-4bca-a110-3e2ec656b979-groupManagement] INFO  server.RaftServerConfigKeys (ConfUtils.java:logGet(62)) - raft.server.storage.dir = [/home/runner/work/ozone/ozone/hadoop-ozone/integration-test/target/test-dir/MiniOzoneClusterImpl-d1ffa5d3-3301-45c3-9f44-1ffa6967d237/ozone-metadata/datanode-8/ratis] (custom)
2025-10-17 11:01:21,047 [718bfa29-2c47-4ab5-ac61-3dfe9c6b9d5c-groupManagement] INFO  server.RaftServerConfigKeys (ConfUtils.java:logGet(62)) - raft.server.log.appender.buffer.byte-limit = 33554432 (custom)
2025-10-17 11:01:21,047 [dbd6f242-9b73-4bca-a110-3e2ec656b979-groupManagement] INFO  storage.RaftStorageDirectory (RaftStorageDirectoryImpl.java:analyzeStorage(138)) - The storage directory /home/runner/work/ozone/ozone/hadoop-ozone/integration-test/target/test-dir/MiniOzoneClusterImpl-d1ffa5d3-3301-45c3-9f44-1ffa6967d237/ozone-metadata/datanode-8/ratis/b8a6752f-5f1b-4e2c-afb5-492bd614e53f does not exist. Creating ...
2025-10-17 11:01:21,047 [718bfa29-2c47-4ab5-ac61-3dfe9c6b9d5c-groupManagement] INFO  segmented.SegmentedRaftLogWorker (SegmentedRaftLogWorker.java:lambda$new$0(141)) - 718bfa29-2c47-4ab5-ac61-3dfe9c6b9d5c@group-7468994F70AF-SegmentedRaftLogWorker: flushIndex: setUnconditionally 0 -> -1
2025-10-17 11:01:21,047 [718bfa29-2c47-4ab5-ac61-3dfe9c6b9d5c-groupManagement] INFO  segmented.SegmentedRaftLogWorker (SegmentedRaftLogWorker.java:lambda$new$0(141)) - 718bfa29-2c47-4ab5-ac61-3dfe9c6b9d5c@group-7468994F70AF-SegmentedRaftLogWorker: safeCacheEvictIndex: setUnconditionally 0 -> -1
2025-10-17 11:01:21,047 [718bfa29-2c47-4ab5-ac61-3dfe9c6b9d5c-groupManagement] INFO  server.RaftServer$Division (RaftServerImpl.java:start(405)) - 718bfa29-2c47-4ab5-ac61-3dfe9c6b9d5c@group-7468994F70AF: start as a follower, conf=conf: {index: -1, cur=peers:[b1eee25a-1fdf-4744-83c7-58e0513fce3b|127.0.0.1:15047, 718bfa29-2c47-4ab5-ac61-3dfe9c6b9d5c|127.0.0.1:15039, 2b4cc429-f9c1-416c-9a38-6239a2e149ea|127.0.0.1:15055]|listeners:[], old=null}
2025-10-17 11:01:21,047 [718bfa29-2c47-4ab5-ac61-3dfe9c6b9d5c-groupManagement] INFO  server.RaftServer$Division (RaftServerImpl.java:setRole(392)) - 718bfa29-2c47-4ab5-ac61-3dfe9c6b9d5c@group-7468994F70AF: changes role from      null to FOLLOWER at term 0 for startAsFollower
2025-10-17 11:01:21,047 [718bfa29-2c47-4ab5-ac61-3dfe9c6b9d5c-groupManagement] INFO  impl.RoleInfo (RoleInfo.java:updateAndGet(148)) - 718bfa29-2c47-4ab5-ac61-3dfe9c6b9d5c: start 718bfa29-2c47-4ab5-ac61-3dfe9c6b9d5c@group-7468994F70AF-FollowerState
2025-10-17 11:01:21,048 [dbd6f242-9b73-4bca-a110-3e2ec656b979-groupManagement] INFO  storage.RaftStorageDirectory (RaftStorageDirectoryImpl.java:tryLock(229)) - Lock on /home/runner/work/ozone/ozone/hadoop-ozone/integration-test/target/test-dir/MiniOzoneClusterImpl-d1ffa5d3-3301-45c3-9f44-1ffa6967d237/ozone-metadata/datanode-8/ratis/b8a6752f-5f1b-4e2c-afb5-492bd614e53f/in_use.lock acquired by nodename 40979@localhost
2025-10-17 11:01:21,048 [718bfa29-2c47-4ab5-ac61-3dfe9c6b9d5c-groupManagement] INFO  util.JmxRegister (JmxRegister.java:tryRegister(44)) - Successfully registered JMX Bean with object name Ratis:service=RaftServer,group=group-7468994F70AF,id=718bfa29-2c47-4ab5-ac61-3dfe9c6b9d5c
2025-10-17 11:01:21,048 [718bfa29-2c47-4ab5-ac61-3dfe9c6b9d5c-groupManagement] INFO  util.JmxRegister (JmxRegister.java:register(58)) - register mxBean class org.apache.ratis.server.impl.RaftServerJmxAdapter as Ratis:service=RaftServer,group=group-7468994F70AF,id=718bfa29-2c47-4ab5-ac61-3dfe9c6b9d5c
2025-10-17 11:01:21,049 [dbd6f242-9b73-4bca-a110-3e2ec656b979-groupManagement] INFO  storage.RaftStorage (RaftStorageImpl.java:format(98)) - Storage directory /home/runner/work/ozone/ozone/hadoop-ozone/integration-test/target/test-dir/MiniOzoneClusterImpl-d1ffa5d3-3301-45c3-9f44-1ffa6967d237/ozone-metadata/datanode-8/ratis/b8a6752f-5f1b-4e2c-afb5-492bd614e53f has been successfully formatted.
2025-10-17 11:01:21,049 [718bfa29-2c47-4ab5-ac61-3dfe9c6b9d5c-groupManagement] INFO  server.RaftServer$Division (RaftServerImpl.java:start(419)) - 718bfa29-2c47-4ab5-ac61-3dfe9c6b9d5c@group-7468994F70AF: Successfully started.
2025-10-17 11:01:21,049 [dbd6f242-9b73-4bca-a110-3e2ec656b979-groupManagement] INFO  ratis.ContainerStateMachine (ContainerStateMachine.java:initialize(339)) - dbd6f242-9b73-4bca-a110-3e2ec656b979: initialize group-492BD614E53F
2025-10-17 11:01:21,049 [dbd6f242-9b73-4bca-a110-3e2ec656b979-groupManagement] INFO  ratis.ContainerStateMachine (ContainerStateMachine.java:loadSnapshot(347)) - group-492BD614E53F: The snapshot info is null. Setting the last applied index to:<INITIAL_VALUE>
2025-10-17 11:01:21,049 [dbd6f242-9b73-4bca-a110-3e2ec656b979-groupManagement] INFO  server.RaftServerConfigKeys (ConfUtils.java:logGet(62)) - raft.server.log.appender.buffer.byte-limit = 33554432 (custom)
2025-10-17 11:01:21,049 [718bfa29-2c47-4ab5-ac61-3dfe9c6b9d5c-CreatePipelineCommandHandlerThread-0] INFO  ratis.XceiverServerRatis (XceiverServerRatis.java:addGroup(839)) - Created group Pipeline-94abbb40-729e-490b-8eb4-7468994f70af
2025-10-17 11:01:21,051 [dbd6f242-9b73-4bca-a110-3e2ec656b979-groupManagement] INFO  server.RaftServerConfigKeys (ConfUtils.java:logGet(62)) - raft.server.log.segment.size.max = 67108864 (custom)
2025-10-17 11:01:21,051 [dbd6f242-9b73-4bca-a110-3e2ec656b979-groupManagement] INFO  server.RaftServerConfigKeys (ConfUtils.java:logGet(62)) - raft.server.log.appender.buffer.byte-limit = 33554432 (custom)
2025-10-17 11:01:21,052 [dbd6f242-9b73-4bca-a110-3e2ec656b979-groupManagement] INFO  util.AwaitToRun (AwaitToRun.java:start(81)) - Thread[#1540,dbd6f242-9b73-4bca-a110-3e2ec656b979@group-492BD614E53F-cacheEviction-AwaitToRun,5,main] started
2025-10-17 11:01:21,052 [dbd6f242-9b73-4bca-a110-3e2ec656b979-groupManagement] INFO  segmented.SegmentedRaftLogWorker (SegmentedRaftLogWorker.java:<init>(190)) - new dbd6f242-9b73-4bca-a110-3e2ec656b979@group-492BD614E53F-SegmentedRaftLogWorker for RaftStorageImpl:Storage Directory /home/runner/work/ozone/ozone/hadoop-ozone/integration-test/target/test-dir/MiniOzoneClusterImpl-d1ffa5d3-3301-45c3-9f44-1ffa6967d237/ozone-metadata/datanode-8/ratis/b8a6752f-5f1b-4e2c-afb5-492bd614e53f
2025-10-17 11:01:21,052 [dbd6f242-9b73-4bca-a110-3e2ec656b979-groupManagement] INFO  server.RaftServerConfigKeys (ConfUtils.java:logGet(62)) - raft.server.log.queue.byte-limit = 4294967296 (custom)
2025-10-17 11:01:21,052 [dbd6f242-9b73-4bca-a110-3e2ec656b979-groupManagement] INFO  server.RaftServerConfigKeys (ConfUtils.java:logGet(62)) - raft.server.log.segment.size.max = 67108864 (custom)
2025-10-17 11:01:21,053 [dbd6f242-9b73-4bca-a110-3e2ec656b979-groupManagement] INFO  server.RaftServerConfigKeys (ConfUtils.java:logGet(62)) - raft.server.log.preallocated.size = 4194304 (custom)
2025-10-17 11:01:21,053 [dbd6f242-9b73-4bca-a110-3e2ec656b979-groupManagement] INFO  server.RaftServerConfigKeys (ConfUtils.java:logGet(62)) - raft.server.log.write.buffer.size = 33554440 (custom)
2025-10-17 11:01:21,052 | INFO  | SCMAudit | user=runner | ip=127.0.0.1 | op=SEND_HEARTBEAT {"datanodeUUID":"dbd6f242-9b73-4bca-a110-3e2ec656b979","term":"2","command":"[]"} | ret=SUCCESS |  
2025-10-17 11:01:21,057 [EventQueue-PipelineReportForPipelineReportHandler] INFO  pipeline.PipelineReportHandler (PipelineReportHandler.java:processPipelineReport(132)) - Opened pipeline Pipeline-b8a6752f-5f1b-4e2c-afb5-492bd614e53f
2025-10-17 11:01:21,060 [grpc-default-executor-4] INFO  server.RaftServer (RaftServerProxy.java:addNew(105)) - b1eee25a-1fdf-4744-83c7-58e0513fce3b: addNew group-7468994F70AF:[b1eee25a-1fdf-4744-83c7-58e0513fce3b|127.0.0.1:15047, 718bfa29-2c47-4ab5-ac61-3dfe9c6b9d5c|127.0.0.1:15039, 2b4cc429-f9c1-416c-9a38-6239a2e149ea|127.0.0.1:15055] returns group-7468994F70AF:java.util.concurrent.CompletableFuture@64272544[Not completed]
2025-10-17 11:01:21,062 [b1eee25a-1fdf-4744-83c7-58e0513fce3b-groupManagement] INFO  server.RaftServer$Division (RaftServerImpl.java:<init>(268)) - b1eee25a-1fdf-4744-83c7-58e0513fce3b: new RaftServerImpl for group-7468994F70AF:[b1eee25a-1fdf-4744-83c7-58e0513fce3b|127.0.0.1:15047, 718bfa29-2c47-4ab5-ac61-3dfe9c6b9d5c|127.0.0.1:15039, 2b4cc429-f9c1-416c-9a38-6239a2e149ea|127.0.0.1:15055] with ContainerStateMachine:uninitialized
2025-10-17 11:01:21,062 [b1eee25a-1fdf-4744-83c7-58e0513fce3b-groupManagement] INFO  server.RaftServer$Division (ServerState.java:<init>(114)) - b1eee25a-1fdf-4744-83c7-58e0513fce3b@group-7468994F70AF: ConfigurationManager, init=conf: {index: -1, cur=peers:[b1eee25a-1fdf-4744-83c7-58e0513fce3b|127.0.0.1:15047, 718bfa29-2c47-4ab5-ac61-3dfe9c6b9d5c|127.0.0.1:15039, 2b4cc429-f9c1-416c-9a38-6239a2e149ea|127.0.0.1:15055]|listeners:[], old=null}, confs=<EMPTY_MAP>
2025-10-17 11:01:21,062 [dbd6f242-9b73-4bca-a110-3e2ec656b979-groupManagement] INFO  server.RaftServerConfigKeys (ConfUtils.java:logGet(62)) - raft.server.log.appender.buffer.byte-limit = 33554432 (custom)
2025-10-17 11:01:21,062 [dbd6f242-9b73-4bca-a110-3e2ec656b979-groupManagement] INFO  segmented.SegmentedRaftLogWorker (SegmentedRaftLogWorker.java:lambda$new$0(141)) - dbd6f242-9b73-4bca-a110-3e2ec656b979@group-492BD614E53F-SegmentedRaftLogWorker: flushIndex: setUnconditionally 0 -> -1
2025-10-17 11:01:21,062 [dbd6f242-9b73-4bca-a110-3e2ec656b979-groupManagement] INFO  segmented.SegmentedRaftLogWorker (SegmentedRaftLogWorker.java:lambda$new$0(141)) - dbd6f242-9b73-4bca-a110-3e2ec656b979@group-492BD614E53F-SegmentedRaftLogWorker: safeCacheEvictIndex: setUnconditionally 0 -> -1
2025-10-17 11:01:21,063 [dbd6f242-9b73-4bca-a110-3e2ec656b979-groupManagement] INFO  server.RaftServer$Division (RaftServerImpl.java:start(405)) - dbd6f242-9b73-4bca-a110-3e2ec656b979@group-492BD614E53F: start as a follower, conf=conf: {index: -1, cur=peers:[dbd6f242-9b73-4bca-a110-3e2ec656b979|127.0.0.1:15071]|listeners:[], old=null}
2025-10-17 11:01:21,063 [dbd6f242-9b73-4bca-a110-3e2ec656b979-groupManagement] INFO  server.RaftServer$Division (RaftServerImpl.java:setRole(392)) - dbd6f242-9b73-4bca-a110-3e2ec656b979@group-492BD614E53F: changes role from      null to FOLLOWER at term 0 for startAsFollower
2025-10-17 11:01:21,063 [dbd6f242-9b73-4bca-a110-3e2ec656b979-groupManagement] INFO  impl.RoleInfo (RoleInfo.java:updateAndGet(148)) - dbd6f242-9b73-4bca-a110-3e2ec656b979: start dbd6f242-9b73-4bca-a110-3e2ec656b979@group-492BD614E53F-FollowerState
2025-10-17 11:01:21,063 [dbd6f242-9b73-4bca-a110-3e2ec656b979-groupManagement] INFO  util.JmxRegister (JmxRegister.java:tryRegister(44)) - Successfully registered JMX Bean with object name Ratis:service=RaftServer,group=group-492BD614E53F,id=dbd6f242-9b73-4bca-a110-3e2ec656b979
2025-10-17 11:01:21,064 [dbd6f242-9b73-4bca-a110-3e2ec656b979-groupManagement] INFO  util.JmxRegister (JmxRegister.java:register(58)) - register mxBean class org.apache.ratis.server.impl.RaftServerJmxAdapter as Ratis:service=RaftServer,group=group-492BD614E53F,id=dbd6f242-9b73-4bca-a110-3e2ec656b979
2025-10-17 11:01:21,066 [dbd6f242-9b73-4bca-a110-3e2ec656b979-groupManagement] INFO  server.RaftServer$Division (RaftServerImpl.java:start(419)) - dbd6f242-9b73-4bca-a110-3e2ec656b979@group-492BD614E53F: Successfully started.
2025-10-17 11:01:21,067 [dbd6f242-9b73-4bca-a110-3e2ec656b979-CreatePipelineCommandHandlerThread-0] INFO  ratis.XceiverServerRatis (XceiverServerRatis.java:addGroup(839)) - Created group Pipeline-b8a6752f-5f1b-4e2c-afb5-492bd614e53f
2025-10-17 11:01:21,067 [dbd6f242-9b73-4bca-a110-3e2ec656b979-CreatePipelineCommandHandlerThread-0] INFO  commandhandler.CreatePipelineCommandHandler (CreatePipelineCommandHandler.java:lambda$handle$2(141)) - Created Pipeline RATIS ONE Pipeline-b8a6752f-5f1b-4e2c-afb5-492bd614e53f.
2025-10-17 11:01:21,067 [dbd6f242-9b73-4bca-a110-3e2ec656b979-CreatePipelineCommandHandlerThread-0] INFO  server.RaftServer (RaftServerProxy.java:addNew(105)) - dbd6f242-9b73-4bca-a110-3e2ec656b979: addNew group-1CC4A7D0BB09:[50dccd39-549f-4f43-8b1f-597bf98f9c16|127.0.0.1:15063, ed6e9581-5875-4278-a8db-50829892434b|127.0.0.1:15079, dbd6f242-9b73-4bca-a110-3e2ec656b979|127.0.0.1:15071] returns group-1CC4A7D0BB09:java.util.concurrent.CompletableFuture@53613437[Not completed]
2025-10-17 11:01:21,068 [b1eee25a-1fdf-4744-83c7-58e0513fce3b-groupManagement] INFO  server.RaftServerConfigKeys (ConfUtils.java:logGet(62)) - raft.server.storage.dir = [/home/runner/work/ozone/ozone/hadoop-ozone/integration-test/target/test-dir/MiniOzoneClusterImpl-d1ffa5d3-3301-45c3-9f44-1ffa6967d237/ozone-metadata/datanode-5/ratis] (custom)
2025-10-17 11:01:21,068 [b1eee25a-1fdf-4744-83c7-58e0513fce3b-groupManagement] INFO  storage.RaftStorageDirectory (RaftStorageDirectoryImpl.java:analyzeStorage(138)) - The storage directory /home/runner/work/ozone/ozone/hadoop-ozone/integration-test/target/test-dir/MiniOzoneClusterImpl-d1ffa5d3-3301-45c3-9f44-1ffa6967d237/ozone-metadata/datanode-5/ratis/94abbb40-729e-490b-8eb4-7468994f70af does not exist. Creating ...
2025-10-17 11:01:21,069 [dbd6f242-9b73-4bca-a110-3e2ec656b979-groupManagement] INFO  server.RaftServer$Division (RaftServerImpl.java:<init>(268)) - dbd6f242-9b73-4bca-a110-3e2ec656b979: new RaftServerImpl for group-1CC4A7D0BB09:[50dccd39-549f-4f43-8b1f-597bf98f9c16|127.0.0.1:15063, ed6e9581-5875-4278-a8db-50829892434b|127.0.0.1:15079, dbd6f242-9b73-4bca-a110-3e2ec656b979|127.0.0.1:15071] with ContainerStateMachine:uninitialized
2025-10-17 11:01:21,069 [dbd6f242-9b73-4bca-a110-3e2ec656b979-groupManagement] INFO  server.RaftServer$Division (ServerState.java:<init>(114)) - dbd6f242-9b73-4bca-a110-3e2ec656b979@group-1CC4A7D0BB09: ConfigurationManager, init=conf: {index: -1, cur=peers:[50dccd39-549f-4f43-8b1f-597bf98f9c16|127.0.0.1:15063, ed6e9581-5875-4278-a8db-50829892434b|127.0.0.1:15079, dbd6f242-9b73-4bca-a110-3e2ec656b979|127.0.0.1:15071]|listeners:[], old=null}, confs=<EMPTY_MAP>
2025-10-17 11:01:21,069 [b1eee25a-1fdf-4744-83c7-58e0513fce3b-groupManagement] INFO  storage.RaftStorageDirectory (RaftStorageDirectoryImpl.java:tryLock(229)) - Lock on /home/runner/work/ozone/ozone/hadoop-ozone/integration-test/target/test-dir/MiniOzoneClusterImpl-d1ffa5d3-3301-45c3-9f44-1ffa6967d237/ozone-metadata/datanode-5/ratis/94abbb40-729e-490b-8eb4-7468994f70af/in_use.lock acquired by nodename 40979@localhost
2025-10-17 11:01:21,070 [b1eee25a-1fdf-4744-83c7-58e0513fce3b-groupManagement] INFO  storage.RaftStorage (RaftStorageImpl.java:format(98)) - Storage directory /home/runner/work/ozone/ozone/hadoop-ozone/integration-test/target/test-dir/MiniOzoneClusterImpl-d1ffa5d3-3301-45c3-9f44-1ffa6967d237/ozone-metadata/datanode-5/ratis/94abbb40-729e-490b-8eb4-7468994f70af has been successfully formatted.
2025-10-17 11:01:21,070 [b1eee25a-1fdf-4744-83c7-58e0513fce3b-groupManagement] INFO  ratis.ContainerStateMachine (ContainerStateMachine.java:initialize(339)) - b1eee25a-1fdf-4744-83c7-58e0513fce3b: initialize group-7468994F70AF
2025-10-17 11:01:21,070 [b1eee25a-1fdf-4744-83c7-58e0513fce3b-groupManagement] INFO  ratis.ContainerStateMachine (ContainerStateMachine.java:loadSnapshot(347)) - group-7468994F70AF: The snapshot info is null. Setting the last applied index to:<INITIAL_VALUE>
2025-10-17 11:01:21,070 [b1eee25a-1fdf-4744-83c7-58e0513fce3b-groupManagement] INFO  server.RaftServerConfigKeys (ConfUtils.java:logGet(62)) - raft.server.log.appender.buffer.byte-limit = 33554432 (custom)
2025-10-17 11:01:21,072 | INFO  | SCMAudit | user=runner | ip=127.0.0.1 | op=SEND_HEARTBEAT {"datanodeUUID":"b1eee25a-1fdf-4744-83c7-58e0513fce3b","term":"2","command":"[]"} | ret=SUCCESS |  
2025-10-17 11:01:21,079 [b1eee25a-1fdf-4744-83c7-58e0513fce3b-groupManagement] INFO  server.RaftServerConfigKeys (ConfUtils.java:logGet(62)) - raft.server.log.segment.size.max = 67108864 (custom)
2025-10-17 11:01:21,080 [b1eee25a-1fdf-4744-83c7-58e0513fce3b-groupManagement] INFO  server.RaftServerConfigKeys (ConfUtils.java:logGet(62)) - raft.server.log.appender.buffer.byte-limit = 33554432 (custom)
2025-10-17 11:01:21,080 [dbd6f242-9b73-4bca-a110-3e2ec656b979-groupManagement] INFO  server.RaftServerConfigKeys (ConfUtils.java:logGet(62)) - raft.server.storage.dir = [/home/runner/work/ozone/ozone/hadoop-ozone/integration-test/target/test-dir/MiniOzoneClusterImpl-d1ffa5d3-3301-45c3-9f44-1ffa6967d237/ozone-metadata/datanode-8/ratis] (custom)
2025-10-17 11:01:21,081 [b1eee25a-1fdf-4744-83c7-58e0513fce3b-groupManagement] INFO  util.AwaitToRun (AwaitToRun.java:start(81)) - Thread[#1545,b1eee25a-1fdf-4744-83c7-58e0513fce3b@group-7468994F70AF-cacheEviction-AwaitToRun,5,main] started
2025-10-17 11:01:21,081 [b1eee25a-1fdf-4744-83c7-58e0513fce3b-groupManagement] INFO  segmented.SegmentedRaftLogWorker (SegmentedRaftLogWorker.java:<init>(190)) - new b1eee25a-1fdf-4744-83c7-58e0513fce3b@group-7468994F70AF-SegmentedRaftLogWorker for RaftStorageImpl:Storage Directory /home/runner/work/ozone/ozone/hadoop-ozone/integration-test/target/test-dir/MiniOzoneClusterImpl-d1ffa5d3-3301-45c3-9f44-1ffa6967d237/ozone-metadata/datanode-5/ratis/94abbb40-729e-490b-8eb4-7468994f70af
2025-10-17 11:01:21,081 [dbd6f242-9b73-4bca-a110-3e2ec656b979-groupManagement] INFO  storage.RaftStorageDirectory (RaftStorageDirectoryImpl.java:analyzeStorage(138)) - The storage directory /home/runner/work/ozone/ozone/hadoop-ozone/integration-test/target/test-dir/MiniOzoneClusterImpl-d1ffa5d3-3301-45c3-9f44-1ffa6967d237/ozone-metadata/datanode-8/ratis/d666d628-fdf5-494b-9e89-1cc4a7d0bb09 does not exist. Creating ...
2025-10-17 11:01:21,081 [b1eee25a-1fdf-4744-83c7-58e0513fce3b-groupManagement] INFO  server.RaftServerConfigKeys (ConfUtils.java:logGet(62)) - raft.server.log.queue.byte-limit = 4294967296 (custom)
2025-10-17 11:01:21,081 [b1eee25a-1fdf-4744-83c7-58e0513fce3b-groupManagement] INFO  server.RaftServerConfigKeys (ConfUtils.java:logGet(62)) - raft.server.log.segment.size.max = 67108864 (custom)
2025-10-17 11:01:21,081 [b1eee25a-1fdf-4744-83c7-58e0513fce3b-groupManagement] INFO  server.RaftServerConfigKeys (ConfUtils.java:logGet(62)) - raft.server.log.preallocated.size = 4194304 (custom)
2025-10-17 11:01:21,082 [b1eee25a-1fdf-4744-83c7-58e0513fce3b-groupManagement] INFO  server.RaftServerConfigKeys (ConfUtils.java:logGet(62)) - raft.server.log.write.buffer.size = 33554440 (custom)
2025-10-17 11:01:21,082 [dbd6f242-9b73-4bca-a110-3e2ec656b979-groupManagement] INFO  storage.RaftStorageDirectory (RaftStorageDirectoryImpl.java:tryLock(229)) - Lock on /home/runner/work/ozone/ozone/hadoop-ozone/integration-test/target/test-dir/MiniOzoneClusterImpl-d1ffa5d3-3301-45c3-9f44-1ffa6967d237/ozone-metadata/datanode-8/ratis/d666d628-fdf5-494b-9e89-1cc4a7d0bb09/in_use.lock acquired by nodename 40979@localhost
2025-10-17 11:01:21,083 [dbd6f242-9b73-4bca-a110-3e2ec656b979-groupManagement] INFO  storage.RaftStorage (RaftStorageImpl.java:format(98)) - Storage directory /home/runner/work/ozone/ozone/hadoop-ozone/integration-test/target/test-dir/MiniOzoneClusterImpl-d1ffa5d3-3301-45c3-9f44-1ffa6967d237/ozone-metadata/datanode-8/ratis/d666d628-fdf5-494b-9e89-1cc4a7d0bb09 has been successfully formatted.
2025-10-17 11:01:21,083 [dbd6f242-9b73-4bca-a110-3e2ec656b979-groupManagement] INFO  ratis.ContainerStateMachine (ContainerStateMachine.java:initialize(339)) - dbd6f242-9b73-4bca-a110-3e2ec656b979: initialize group-1CC4A7D0BB09
2025-10-17 11:01:21,083 [dbd6f242-9b73-4bca-a110-3e2ec656b979-groupManagement] INFO  ratis.ContainerStateMachine (ContainerStateMachine.java:loadSnapshot(347)) - group-1CC4A7D0BB09: The snapshot info is null. Setting the last applied index to:<INITIAL_VALUE>
2025-10-17 11:01:21,083 [dbd6f242-9b73-4bca-a110-3e2ec656b979-groupManagement] INFO  server.RaftServerConfigKeys (ConfUtils.java:logGet(62)) - raft.server.log.appender.buffer.byte-limit = 33554432 (custom)
2025-10-17 11:01:21,085 | INFO  | SCMAudit | user=runner | ip=127.0.0.1 | op=SEND_HEARTBEAT {"datanodeUUID":"dbd6f242-9b73-4bca-a110-3e2ec656b979","term":"2","command":"[]"} | ret=SUCCESS |  
2025-10-17 11:01:21,086 [dbd6f242-9b73-4bca-a110-3e2ec656b979-groupManagement] INFO  server.RaftServerConfigKeys (ConfUtils.java:logGet(62)) - raft.server.log.segment.size.max = 67108864 (custom)
2025-10-17 11:01:21,087 [dbd6f242-9b73-4bca-a110-3e2ec656b979-groupManagement] INFO  server.RaftServerConfigKeys (ConfUtils.java:logGet(62)) - raft.server.log.appender.buffer.byte-limit = 33554432 (custom)
2025-10-17 11:01:21,087 [dbd6f242-9b73-4bca-a110-3e2ec656b979-groupManagement] INFO  util.AwaitToRun (AwaitToRun.java:start(81)) - Thread[#1546,dbd6f242-9b73-4bca-a110-3e2ec656b979@group-1CC4A7D0BB09-cacheEviction-AwaitToRun,5,main] started
2025-10-17 11:01:21,087 [dbd6f242-9b73-4bca-a110-3e2ec656b979-groupManagement] INFO  segmented.SegmentedRaftLogWorker (SegmentedRaftLogWorker.java:<init>(190)) - new dbd6f242-9b73-4bca-a110-3e2ec656b979@group-1CC4A7D0BB09-SegmentedRaftLogWorker for RaftStorageImpl:Storage Directory /home/runner/work/ozone/ozone/hadoop-ozone/integration-test/target/test-dir/MiniOzoneClusterImpl-d1ffa5d3-3301-45c3-9f44-1ffa6967d237/ozone-metadata/datanode-8/ratis/d666d628-fdf5-494b-9e89-1cc4a7d0bb09
2025-10-17 11:01:21,087 [dbd6f242-9b73-4bca-a110-3e2ec656b979-groupManagement] INFO  server.RaftServerConfigKeys (ConfUtils.java:logGet(62)) - raft.server.log.queue.byte-limit = 4294967296 (custom)
2025-10-17 11:01:21,088 [dbd6f242-9b73-4bca-a110-3e2ec656b979-groupManagement] INFO  server.RaftServerConfigKeys (ConfUtils.java:logGet(62)) - raft.server.log.segment.size.max = 67108864 (custom)
2025-10-17 11:01:21,088 [dbd6f242-9b73-4bca-a110-3e2ec656b979-groupManagement] INFO  server.RaftServerConfigKeys (ConfUtils.java:logGet(62)) - raft.server.log.preallocated.size = 4194304 (custom)
2025-10-17 11:01:21,088 [dbd6f242-9b73-4bca-a110-3e2ec656b979-groupManagement] INFO  server.RaftServerConfigKeys (ConfUtils.java:logGet(62)) - raft.server.log.write.buffer.size = 33554440 (custom)
2025-10-17 11:01:21,092 [b1eee25a-1fdf-4744-83c7-58e0513fce3b-groupManagement] INFO  server.RaftServerConfigKeys (ConfUtils.java:logGet(62)) - raft.server.log.appender.buffer.byte-limit = 33554432 (custom)
2025-10-17 11:01:21,092 [b1eee25a-1fdf-4744-83c7-58e0513fce3b-groupManagement] INFO  segmented.SegmentedRaftLogWorker (SegmentedRaftLogWorker.java:lambda$new$0(141)) - b1eee25a-1fdf-4744-83c7-58e0513fce3b@group-7468994F70AF-SegmentedRaftLogWorker: flushIndex: setUnconditionally 0 -> -1
2025-10-17 11:01:21,093 [b1eee25a-1fdf-4744-83c7-58e0513fce3b-groupManagement] INFO  segmented.SegmentedRaftLogWorker (SegmentedRaftLogWorker.java:lambda$new$0(141)) - b1eee25a-1fdf-4744-83c7-58e0513fce3b@group-7468994F70AF-SegmentedRaftLogWorker: safeCacheEvictIndex: setUnconditionally 0 -> -1
2025-10-17 11:01:21,093 [b1eee25a-1fdf-4744-83c7-58e0513fce3b-groupManagement] INFO  server.RaftServer$Division (RaftServerImpl.java:start(405)) - b1eee25a-1fdf-4744-83c7-58e0513fce3b@group-7468994F70AF: start as a follower, conf=conf: {index: -1, cur=peers:[b1eee25a-1fdf-4744-83c7-58e0513fce3b|127.0.0.1:15047, 718bfa29-2c47-4ab5-ac61-3dfe9c6b9d5c|127.0.0.1:15039, 2b4cc429-f9c1-416c-9a38-6239a2e149ea|127.0.0.1:15055]|listeners:[], old=null}
2025-10-17 11:01:21,093 [b1eee25a-1fdf-4744-83c7-58e0513fce3b-groupManagement] INFO  server.RaftServer$Division (RaftServerImpl.java:setRole(392)) - b1eee25a-1fdf-4744-83c7-58e0513fce3b@group-7468994F70AF: changes role from      null to FOLLOWER at term 0 for startAsFollower
2025-10-17 11:01:21,093 [b1eee25a-1fdf-4744-83c7-58e0513fce3b-groupManagement] INFO  impl.RoleInfo (RoleInfo.java:updateAndGet(148)) - b1eee25a-1fdf-4744-83c7-58e0513fce3b: start b1eee25a-1fdf-4744-83c7-58e0513fce3b@group-7468994F70AF-FollowerState
2025-10-17 11:01:21,093 [b1eee25a-1fdf-4744-83c7-58e0513fce3b-groupManagement] INFO  util.JmxRegister (JmxRegister.java:tryRegister(44)) - Successfully registered JMX Bean with object name Ratis:service=RaftServer,group=group-7468994F70AF,id=b1eee25a-1fdf-4744-83c7-58e0513fce3b
2025-10-17 11:01:21,094 [b1eee25a-1fdf-4744-83c7-58e0513fce3b-groupManagement] INFO  util.JmxRegister (JmxRegister.java:register(58)) - register mxBean class org.apache.ratis.server.impl.RaftServerJmxAdapter as Ratis:service=RaftServer,group=group-7468994F70AF,id=b1eee25a-1fdf-4744-83c7-58e0513fce3b
2025-10-17 11:01:21,094 [b1eee25a-1fdf-4744-83c7-58e0513fce3b-groupManagement] INFO  server.RaftServer$Division (RaftServerImpl.java:start(419)) - b1eee25a-1fdf-4744-83c7-58e0513fce3b@group-7468994F70AF: Successfully started.
2025-10-17 11:01:21,098 [dbd6f242-9b73-4bca-a110-3e2ec656b979-groupManagement] INFO  server.RaftServerConfigKeys (ConfUtils.java:logGet(62)) - raft.server.log.appender.buffer.byte-limit = 33554432 (custom)
2025-10-17 11:01:21,098 [dbd6f242-9b73-4bca-a110-3e2ec656b979-groupManagement] INFO  segmented.SegmentedRaftLogWorker (SegmentedRaftLogWorker.java:lambda$new$0(141)) - dbd6f242-9b73-4bca-a110-3e2ec656b979@group-1CC4A7D0BB09-SegmentedRaftLogWorker: flushIndex: setUnconditionally 0 -> -1
2025-10-17 11:01:21,098 [dbd6f242-9b73-4bca-a110-3e2ec656b979-groupManagement] INFO  segmented.SegmentedRaftLogWorker (SegmentedRaftLogWorker.java:lambda$new$0(141)) - dbd6f242-9b73-4bca-a110-3e2ec656b979@group-1CC4A7D0BB09-SegmentedRaftLogWorker: safeCacheEvictIndex: setUnconditionally 0 -> -1
2025-10-17 11:01:21,099 [dbd6f242-9b73-4bca-a110-3e2ec656b979-groupManagement] INFO  server.RaftServer$Division (RaftServerImpl.java:start(405)) - dbd6f242-9b73-4bca-a110-3e2ec656b979@group-1CC4A7D0BB09: start as a follower, conf=conf: {index: -1, cur=peers:[50dccd39-549f-4f43-8b1f-597bf98f9c16|127.0.0.1:15063, ed6e9581-5875-4278-a8db-50829892434b|127.0.0.1:15079, dbd6f242-9b73-4bca-a110-3e2ec656b979|127.0.0.1:15071]|listeners:[], old=null}
2025-10-17 11:01:21,100 [dbd6f242-9b73-4bca-a110-3e2ec656b979-groupManagement] INFO  server.RaftServer$Division (RaftServerImpl.java:setRole(392)) - dbd6f242-9b73-4bca-a110-3e2ec656b979@group-1CC4A7D0BB09: changes role from      null to FOLLOWER at term 0 for startAsFollower
2025-10-17 11:01:21,100 [dbd6f242-9b73-4bca-a110-3e2ec656b979-groupManagement] INFO  impl.RoleInfo (RoleInfo.java:updateAndGet(148)) - dbd6f242-9b73-4bca-a110-3e2ec656b979: start dbd6f242-9b73-4bca-a110-3e2ec656b979@group-1CC4A7D0BB09-FollowerState
2025-10-17 11:01:21,100 [dbd6f242-9b73-4bca-a110-3e2ec656b979-groupManagement] INFO  util.JmxRegister (JmxRegister.java:tryRegister(44)) - Successfully registered JMX Bean with object name Ratis:service=RaftServer,group=group-1CC4A7D0BB09,id=dbd6f242-9b73-4bca-a110-3e2ec656b979
2025-10-17 11:01:21,100 [dbd6f242-9b73-4bca-a110-3e2ec656b979-groupManagement] INFO  util.JmxRegister (JmxRegister.java:register(58)) - register mxBean class org.apache.ratis.server.impl.RaftServerJmxAdapter as Ratis:service=RaftServer,group=group-1CC4A7D0BB09,id=dbd6f242-9b73-4bca-a110-3e2ec656b979
2025-10-17 11:01:21,102 [dbd6f242-9b73-4bca-a110-3e2ec656b979-groupManagement] INFO  server.RaftServer$Division (RaftServerImpl.java:start(419)) - dbd6f242-9b73-4bca-a110-3e2ec656b979@group-1CC4A7D0BB09: Successfully started.
2025-10-17 11:01:21,103 [dbd6f242-9b73-4bca-a110-3e2ec656b979-CreatePipelineCommandHandlerThread-0] INFO  ratis.XceiverServerRatis (XceiverServerRatis.java:addGroup(839)) - Created group Pipeline-d666d628-fdf5-494b-9e89-1cc4a7d0bb09
2025-10-17 11:01:21,108 [grpc-default-executor-4] INFO  server.RaftServer (RaftServerProxy.java:addNew(105)) - 2b4cc429-f9c1-416c-9a38-6239a2e149ea: addNew group-7468994F70AF:[b1eee25a-1fdf-4744-83c7-58e0513fce3b|127.0.0.1:15047, 718bfa29-2c47-4ab5-ac61-3dfe9c6b9d5c|127.0.0.1:15039, 2b4cc429-f9c1-416c-9a38-6239a2e149ea|127.0.0.1:15055] returns group-7468994F70AF:java.util.concurrent.CompletableFuture@167ec334[Not completed]
2025-10-17 11:01:21,108 [309ab1ff-9f5a-4058-8b2f-94d451ce5267@group-BD423C7185AB-FollowerState] INFO  impl.FollowerState (FollowerState.java:runImpl(161)) - 309ab1ff-9f5a-4058-8b2f-94d451ce5267@group-BD423C7185AB-FollowerState: change to CANDIDATE, lastRpcElapsedTime:1155589609ns, electionTimeout:1154ms
2025-10-17 11:01:21,108 [309ab1ff-9f5a-4058-8b2f-94d451ce5267@group-BD423C7185AB-FollowerState] INFO  impl.RoleInfo (RoleInfo.java:shutdownFollowerState(121)) - 309ab1ff-9f5a-4058-8b2f-94d451ce5267: shutdown 309ab1ff-9f5a-4058-8b2f-94d451ce5267@group-BD423C7185AB-FollowerState
2025-10-17 11:01:21,108 [309ab1ff-9f5a-4058-8b2f-94d451ce5267@group-BD423C7185AB-FollowerState] INFO  server.RaftServer$Division (RaftServerImpl.java:setRole(392)) - 309ab1ff-9f5a-4058-8b2f-94d451ce5267@group-BD423C7185AB: changes role from  FOLLOWER to CANDIDATE at term 0 for changeToCandidate
2025-10-17 11:01:21,108 [309ab1ff-9f5a-4058-8b2f-94d451ce5267@group-BD423C7185AB-FollowerState] INFO  impl.RoleInfo (RoleInfo.java:updateAndGet(148)) - 309ab1ff-9f5a-4058-8b2f-94d451ce5267: start 309ab1ff-9f5a-4058-8b2f-94d451ce5267@group-BD423C7185AB-LeaderElection6
2025-10-17 11:01:21,109 [99c47355-c013-4450-a734-aff6d3c99677@group-BD423C7185AB-FollowerState] INFO  impl.FollowerState (FollowerState.java:runImpl(161)) - 99c47355-c013-4450-a734-aff6d3c99677@group-BD423C7185AB-FollowerState: change to CANDIDATE, lastRpcElapsedTime:1093878761ns, electionTimeout:1093ms
2025-10-17 11:01:21,109 [99c47355-c013-4450-a734-aff6d3c99677@group-BD423C7185AB-FollowerState] INFO  impl.RoleInfo (RoleInfo.java:shutdownFollowerState(121)) - 99c47355-c013-4450-a734-aff6d3c99677: shutdown 99c47355-c013-4450-a734-aff6d3c99677@group-BD423C7185AB-FollowerState
2025-10-17 11:01:21,109 [99c47355-c013-4450-a734-aff6d3c99677@group-BD423C7185AB-FollowerState] INFO  server.RaftServer$Division (RaftServerImpl.java:setRole(392)) - 99c47355-c013-4450-a734-aff6d3c99677@group-BD423C7185AB: changes role from  FOLLOWER to CANDIDATE at term 0 for changeToCandidate
2025-10-17 11:01:21,109 [2b4cc429-f9c1-416c-9a38-6239a2e149ea-groupManagement] INFO  server.RaftServer$Division (RaftServerImpl.java:<init>(268)) - 2b4cc429-f9c1-416c-9a38-6239a2e149ea: new RaftServerImpl for group-7468994F70AF:[b1eee25a-1fdf-4744-83c7-58e0513fce3b|127.0.0.1:15047, 718bfa29-2c47-4ab5-ac61-3dfe9c6b9d5c|127.0.0.1:15039, 2b4cc429-f9c1-416c-9a38-6239a2e149ea|127.0.0.1:15055] with ContainerStateMachine:uninitialized
2025-10-17 11:01:21,109 [99c47355-c013-4450-a734-aff6d3c99677@group-BD423C7185AB-FollowerState] INFO  impl.RoleInfo (RoleInfo.java:updateAndGet(148)) - 99c47355-c013-4450-a734-aff6d3c99677: start 99c47355-c013-4450-a734-aff6d3c99677@group-BD423C7185AB-LeaderElection7
2025-10-17 11:01:21,110 [99c47355-c013-4450-a734-aff6d3c99677@group-BD423C7185AB-LeaderElection7] INFO  impl.LeaderElection (LeaderElection.java:askForVotes(448)) - 99c47355-c013-4450-a734-aff6d3c99677@group-BD423C7185AB-LeaderElection7 PRE_VOTE round 0: submit vote requests at term 0 for conf: {index: -1, cur=peers:[99c47355-c013-4450-a734-aff6d3c99677|127.0.0.1:15023, b292b6be-9482-4c30-a3e0-c9f721931b72|127.0.0.1:15031, 309ab1ff-9f5a-4058-8b2f-94d451ce5267|127.0.0.1:15015]|listeners:[], old=null}
2025-10-17 11:01:21,109 [309ab1ff-9f5a-4058-8b2f-94d451ce5267@group-BD423C7185AB-LeaderElection6] INFO  impl.LeaderElection (LeaderElection.java:askForVotes(448)) - 309ab1ff-9f5a-4058-8b2f-94d451ce5267@group-BD423C7185AB-LeaderElection6 PRE_VOTE round 0: submit vote requests at term 0 for conf: {index: -1, cur=peers:[99c47355-c013-4450-a734-aff6d3c99677|127.0.0.1:15023, b292b6be-9482-4c30-a3e0-c9f721931b72|127.0.0.1:15031, 309ab1ff-9f5a-4058-8b2f-94d451ce5267|127.0.0.1:15015]|listeners:[], old=null}
2025-10-17 11:01:21,111 [2b4cc429-f9c1-416c-9a38-6239a2e149ea-groupManagement] INFO  server.RaftServer$Division (ServerState.java:<init>(114)) - 2b4cc429-f9c1-416c-9a38-6239a2e149ea@group-7468994F70AF: ConfigurationManager, init=conf: {index: -1, cur=peers:[b1eee25a-1fdf-4744-83c7-58e0513fce3b|127.0.0.1:15047, 718bfa29-2c47-4ab5-ac61-3dfe9c6b9d5c|127.0.0.1:15039, 2b4cc429-f9c1-416c-9a38-6239a2e149ea|127.0.0.1:15055]|listeners:[], old=null}, confs=<EMPTY_MAP>
2025-10-17 11:01:21,111 [99c47355-c013-4450-a734-aff6d3c99677@group-BD423C7185AB-LeaderElection7-1] INFO  server.GrpcServerProtocolClient (GrpcServerProtocolClient.java:<init>(65)) - Build channel for b292b6be-9482-4c30-a3e0-c9f721931b72|127.0.0.1:15031
2025-10-17 11:01:21,112 [99c47355-c013-4450-a734-aff6d3c99677@group-BD423C7185AB-LeaderElection7-2] INFO  server.GrpcServerProtocolClient (GrpcServerProtocolClient.java:<init>(65)) - Build channel for 309ab1ff-9f5a-4058-8b2f-94d451ce5267|127.0.0.1:15015
2025-10-17 11:01:21,116 [grpc-default-executor-4] INFO  server.RaftServer (RaftServerProxy.java:addNew(105)) - 50dccd39-549f-4f43-8b1f-597bf98f9c16: addNew group-1CC4A7D0BB09:[50dccd39-549f-4f43-8b1f-597bf98f9c16|127.0.0.1:15063, ed6e9581-5875-4278-a8db-50829892434b|127.0.0.1:15079, dbd6f242-9b73-4bca-a110-3e2ec656b979|127.0.0.1:15071] returns group-1CC4A7D0BB09:java.util.concurrent.CompletableFuture@c13c690[Not completed]
2025-10-17 11:01:21,119 [50dccd39-549f-4f43-8b1f-597bf98f9c16-groupManagement] INFO  server.RaftServer$Division (RaftServerImpl.java:<init>(268)) - 50dccd39-549f-4f43-8b1f-597bf98f9c16: new RaftServerImpl for group-1CC4A7D0BB09:[50dccd39-549f-4f43-8b1f-597bf98f9c16|127.0.0.1:15063, ed6e9581-5875-4278-a8db-50829892434b|127.0.0.1:15079, dbd6f242-9b73-4bca-a110-3e2ec656b979|127.0.0.1:15071] with ContainerStateMachine:uninitialized
2025-10-17 11:01:21,120 [50dccd39-549f-4f43-8b1f-597bf98f9c16-groupManagement] INFO  server.RaftServer$Division (ServerState.java:<init>(114)) - 50dccd39-549f-4f43-8b1f-597bf98f9c16@group-1CC4A7D0BB09: ConfigurationManager, init=conf: {index: -1, cur=peers:[50dccd39-549f-4f43-8b1f-597bf98f9c16|127.0.0.1:15063, ed6e9581-5875-4278-a8db-50829892434b|127.0.0.1:15079, dbd6f242-9b73-4bca-a110-3e2ec656b979|127.0.0.1:15071]|listeners:[], old=null}, confs=<EMPTY_MAP>
2025-10-17 11:01:21,119 [grpc-default-executor-4] INFO  server.RaftServer$Division (RaftServerImpl.java:requestVote(1421)) - 99c47355-c013-4450-a734-aff6d3c99677@group-BD423C7185AB: receive requestVote(PRE_VOTE, 309ab1ff-9f5a-4058-8b2f-94d451ce5267, group-BD423C7185AB, 0, <PROTO_DEFAULT>)
2025-10-17 11:01:21,120 [grpc-default-executor-4] INFO  impl.VoteContext (VoteContext.java:log(49)) - 99c47355-c013-4450-a734-aff6d3c99677@group-BD423C7185AB-CANDIDATE: accept PRE_VOTE from 309ab1ff-9f5a-4058-8b2f-94d451ce5267: our priority 0 <= candidate's priority 0
2025-10-17 11:01:21,120 [grpc-default-executor-4] INFO  server.RaftServer$Division (RaftServerImpl.java:requestVote(1455)) - 99c47355-c013-4450-a734-aff6d3c99677@group-BD423C7185AB replies to PRE_VOTE vote request: 309ab1ff-9f5a-4058-8b2f-94d451ce5267<-99c47355-c013-4450-a734-aff6d3c99677#0:OK-t0-last:<INITIAL_VALUE>. Peer's state: 99c47355-c013-4450-a734-aff6d3c99677@group-BD423C7185AB:t0, leader=null, voted=, raftlog=Memoized:99c47355-c013-4450-a734-aff6d3c99677@group-BD423C7185AB-SegmentedRaftLog:OPENED:c-1:lastnull, conf=conf: {index: -1, cur=peers:[99c47355-c013-4450-a734-aff6d3c99677|127.0.0.1:15023, b292b6be-9482-4c30-a3e0-c9f721931b72|127.0.0.1:15031, 309ab1ff-9f5a-4058-8b2f-94d451ce5267|127.0.0.1:15015]|listeners:[], old=null}
2025-10-17 11:01:21,123 [grpc-default-executor-1] INFO  server.RaftServer$Division (RaftServerImpl.java:requestVote(1421)) - b292b6be-9482-4c30-a3e0-c9f721931b72@group-BD423C7185AB: receive requestVote(PRE_VOTE, 309ab1ff-9f5a-4058-8b2f-94d451ce5267, group-BD423C7185AB, 0, <PROTO_DEFAULT>)
2025-10-17 11:01:21,123 [grpc-default-executor-1] INFO  impl.VoteContext (VoteContext.java:log(49)) - b292b6be-9482-4c30-a3e0-c9f721931b72@group-BD423C7185AB-FOLLOWER: reject PRE_VOTE from 309ab1ff-9f5a-4058-8b2f-94d451ce5267: our priority 1 > candidate's priority 0
2025-10-17 11:01:21,123 [grpc-default-executor-1] INFO  server.RaftServer$Division (RaftServerImpl.java:requestVote(1455)) - b292b6be-9482-4c30-a3e0-c9f721931b72@group-BD423C7185AB replies to PRE_VOTE vote request: 309ab1ff-9f5a-4058-8b2f-94d451ce5267<-b292b6be-9482-4c30-a3e0-c9f721931b72#0:FAIL-t0-last:<INITIAL_VALUE>. Peer's state: b292b6be-9482-4c30-a3e0-c9f721931b72@group-BD423C7185AB:t0, leader=null, voted=, raftlog=Memoized:b292b6be-9482-4c30-a3e0-c9f721931b72@group-BD423C7185AB-SegmentedRaftLog:OPENED:c-1:lastnull, conf=conf: {index: -1, cur=peers:[99c47355-c013-4450-a734-aff6d3c99677|127.0.0.1:15023, b292b6be-9482-4c30-a3e0-c9f721931b72|127.0.0.1:15031, 309ab1ff-9f5a-4058-8b2f-94d451ce5267|127.0.0.1:15015]|listeners:[], old=null}
2025-10-17 11:01:21,123 [grpc-default-executor-4] INFO  server.RaftServer$Division (RaftServerImpl.java:requestVote(1421)) - 309ab1ff-9f5a-4058-8b2f-94d451ce5267@group-BD423C7185AB: receive requestVote(PRE_VOTE, 99c47355-c013-4450-a734-aff6d3c99677, group-BD423C7185AB, 0, <PROTO_DEFAULT>)
2025-10-17 11:01:21,124 [grpc-default-executor-4] INFO  impl.VoteContext (VoteContext.java:log(49)) - 309ab1ff-9f5a-4058-8b2f-94d451ce5267@group-BD423C7185AB-CANDIDATE: accept PRE_VOTE from 99c47355-c013-4450-a734-aff6d3c99677: our priority 0 <= candidate's priority 0
2025-10-17 11:01:21,124 [grpc-default-executor-4] INFO  server.RaftServer$Division (RaftServerImpl.java:requestVote(1455)) - 309ab1ff-9f5a-4058-8b2f-94d451ce5267@group-BD423C7185AB replies to PRE_VOTE vote request: 99c47355-c013-4450-a734-aff6d3c99677<-309ab1ff-9f5a-4058-8b2f-94d451ce5267#0:OK-t0-last:<INITIAL_VALUE>. Peer's state: 309ab1ff-9f5a-4058-8b2f-94d451ce5267@group-BD423C7185AB:t0, leader=null, voted=, raftlog=Memoized:309ab1ff-9f5a-4058-8b2f-94d451ce5267@group-BD423C7185AB-SegmentedRaftLog:OPENED:c-1:lastnull, conf=conf: {index: -1, cur=peers:[99c47355-c013-4450-a734-aff6d3c99677|127.0.0.1:15023, b292b6be-9482-4c30-a3e0-c9f721931b72|127.0.0.1:15031, 309ab1ff-9f5a-4058-8b2f-94d451ce5267|127.0.0.1:15015]|listeners:[], old=null}
2025-10-17 11:01:21,125 [309ab1ff-9f5a-4058-8b2f-94d451ce5267@group-BD423C7185AB-LeaderElection6] INFO  impl.LeaderElection (LeaderElection.java:logAndReturn(206)) - 309ab1ff-9f5a-4058-8b2f-94d451ce5267@group-BD423C7185AB-LeaderElection6: PRE_VOTE REJECTED received 2 response(s) and 0 exception(s):
2025-10-17 11:01:21,125 [309ab1ff-9f5a-4058-8b2f-94d451ce5267@group-BD423C7185AB-LeaderElection6] INFO  impl.LeaderElection (LeaderElection.java:logAndReturn(210)) -   Response 0: 309ab1ff-9f5a-4058-8b2f-94d451ce5267<-99c47355-c013-4450-a734-aff6d3c99677#0:OK-t0-last:<INITIAL_VALUE>
2025-10-17 11:01:21,125 [309ab1ff-9f5a-4058-8b2f-94d451ce5267@group-BD423C7185AB-LeaderElection6] INFO  impl.LeaderElection (LeaderElection.java:logAndReturn(210)) -   Response 1: 309ab1ff-9f5a-4058-8b2f-94d451ce5267<-b292b6be-9482-4c30-a3e0-c9f721931b72#0:FAIL-t0-last:<INITIAL_VALUE>
2025-10-17 11:01:21,125 [309ab1ff-9f5a-4058-8b2f-94d451ce5267@group-BD423C7185AB-LeaderElection6] INFO  impl.LeaderElection (LeaderElection.java:askForVotes(450)) - 309ab1ff-9f5a-4058-8b2f-94d451ce5267@group-BD423C7185AB-LeaderElection6 PRE_VOTE round 0: result REJECTED
2025-10-17 11:01:21,125 [309ab1ff-9f5a-4058-8b2f-94d451ce5267@group-BD423C7185AB-LeaderElection6] INFO  server.RaftServer$Division (RaftServerImpl.java:setRole(392)) - 309ab1ff-9f5a-4058-8b2f-94d451ce5267@group-BD423C7185AB: changes role from CANDIDATE to FOLLOWER at term 0 for REJECTED
2025-10-17 11:01:21,125 [309ab1ff-9f5a-4058-8b2f-94d451ce5267@group-BD423C7185AB-LeaderElection6] INFO  impl.RoleInfo (RoleInfo.java:shutdownLeaderElection(141)) - 309ab1ff-9f5a-4058-8b2f-94d451ce5267: shutdown 309ab1ff-9f5a-4058-8b2f-94d451ce5267@group-BD423C7185AB-LeaderElection6
2025-10-17 11:01:21,125 [309ab1ff-9f5a-4058-8b2f-94d451ce5267@group-BD423C7185AB-LeaderElection6] INFO  impl.RoleInfo (RoleInfo.java:updateAndGet(148)) - 309ab1ff-9f5a-4058-8b2f-94d451ce5267: start 309ab1ff-9f5a-4058-8b2f-94d451ce5267@group-BD423C7185AB-FollowerState
2025-10-17 11:01:21,127 [grpc-default-executor-1] INFO  server.RaftServer$Division (RaftServerImpl.java:requestVote(1421)) - b292b6be-9482-4c30-a3e0-c9f721931b72@group-BD423C7185AB: receive requestVote(PRE_VOTE, 99c47355-c013-4450-a734-aff6d3c99677, group-BD423C7185AB, 0, <PROTO_DEFAULT>)
2025-10-17 11:01:21,127 [2b4cc429-f9c1-416c-9a38-6239a2e149ea-groupManagement] INFO  server.RaftServerConfigKeys (ConfUtils.java:logGet(62)) - raft.server.storage.dir = [/home/runner/work/ozone/ozone/hadoop-ozone/integration-test/target/test-dir/MiniOzoneClusterImpl-d1ffa5d3-3301-45c3-9f44-1ffa6967d237/ozone-metadata/datanode-6/ratis] (custom)
2025-10-17 11:01:21,127 [2b4cc429-f9c1-416c-9a38-6239a2e149ea-groupManagement] INFO  storage.RaftStorageDirectory (RaftStorageDirectoryImpl.java:analyzeStorage(138)) - The storage directory /home/runner/work/ozone/ozone/hadoop-ozone/integration-test/target/test-dir/MiniOzoneClusterImpl-d1ffa5d3-3301-45c3-9f44-1ffa6967d237/ozone-metadata/datanode-6/ratis/94abbb40-729e-490b-8eb4-7468994f70af does not exist. Creating ...
2025-10-17 11:01:21,127 [309ab1ff-9f5a-4058-8b2f-94d451ce5267@group-BD423C7185AB-LeaderElection6] INFO  server.RaftServer$Division (RaftServerImpl.java:setFirstElection(576)) - 309ab1ff-9f5a-4058-8b2f-94d451ce5267@group-BD423C7185AB: set firstElectionSinceStartup to false for REJECTED
2025-10-17 11:01:21,127 [grpc-default-executor-1] INFO  impl.VoteContext (VoteContext.java:log(49)) - b292b6be-9482-4c30-a3e0-c9f721931b72@group-BD423C7185AB-FOLLOWER: reject PRE_VOTE from 99c47355-c013-4450-a734-aff6d3c99677: our priority 1 > candidate's priority 0
2025-10-17 11:01:21,129 [grpc-default-executor-1] INFO  server.RaftServer$Division (RaftServerImpl.java:requestVote(1455)) - b292b6be-9482-4c30-a3e0-c9f721931b72@group-BD423C7185AB replies to PRE_VOTE vote request: 99c47355-c013-4450-a734-aff6d3c99677<-b292b6be-9482-4c30-a3e0-c9f721931b72#0:FAIL-t0-last:<INITIAL_VALUE>. Peer's state: b292b6be-9482-4c30-a3e0-c9f721931b72@group-BD423C7185AB:t0, leader=null, voted=, raftlog=Memoized:b292b6be-9482-4c30-a3e0-c9f721931b72@group-BD423C7185AB-SegmentedRaftLog:OPENED:c-1:lastnull, conf=conf: {index: -1, cur=peers:[99c47355-c013-4450-a734-aff6d3c99677|127.0.0.1:15023, b292b6be-9482-4c30-a3e0-c9f721931b72|127.0.0.1:15031, 309ab1ff-9f5a-4058-8b2f-94d451ce5267|127.0.0.1:15015]|listeners:[], old=null}
2025-10-17 11:01:21,130 [2b4cc429-f9c1-416c-9a38-6239a2e149ea-groupManagement] INFO  storage.RaftStorageDirectory (RaftStorageDirectoryImpl.java:tryLock(229)) - Lock on /home/runner/work/ozone/ozone/hadoop-ozone/integration-test/target/test-dir/MiniOzoneClusterImpl-d1ffa5d3-3301-45c3-9f44-1ffa6967d237/ozone-metadata/datanode-6/ratis/94abbb40-729e-490b-8eb4-7468994f70af/in_use.lock acquired by nodename 40979@localhost
2025-10-17 11:01:21,131 [2b4cc429-f9c1-416c-9a38-6239a2e149ea-groupManagement] INFO  storage.RaftStorage (RaftStorageImpl.java:format(98)) - Storage directory /home/runner/work/ozone/ozone/hadoop-ozone/integration-test/target/test-dir/MiniOzoneClusterImpl-d1ffa5d3-3301-45c3-9f44-1ffa6967d237/ozone-metadata/datanode-6/ratis/94abbb40-729e-490b-8eb4-7468994f70af has been successfully formatted.
2025-10-17 11:01:21,131 [2b4cc429-f9c1-416c-9a38-6239a2e149ea-groupManagement] INFO  ratis.ContainerStateMachine (ContainerStateMachine.java:initialize(339)) - 2b4cc429-f9c1-416c-9a38-6239a2e149ea: initialize group-7468994F70AF
2025-10-17 11:01:21,132 [2b4cc429-f9c1-416c-9a38-6239a2e149ea-groupManagement] INFO  ratis.ContainerStateMachine (ContainerStateMachine.java:loadSnapshot(347)) - group-7468994F70AF: The snapshot info is null. Setting the last applied index to:<INITIAL_VALUE>
2025-10-17 11:01:21,132 [2b4cc429-f9c1-416c-9a38-6239a2e149ea-groupManagement] INFO  server.RaftServerConfigKeys (ConfUtils.java:logGet(62)) - raft.server.log.appender.buffer.byte-limit = 33554432 (custom)
2025-10-17 11:01:21,134 | INFO  | SCMAudit | user=runner | ip=127.0.0.1 | op=SEND_HEARTBEAT {"datanodeUUID":"2b4cc429-f9c1-416c-9a38-6239a2e149ea","term":"2","command":"[]"} | ret=SUCCESS |  
2025-10-17 11:01:21,134 [50dccd39-549f-4f43-8b1f-597bf98f9c16-groupManagement] INFO  server.RaftServerConfigKeys (ConfUtils.java:logGet(62)) - raft.server.storage.dir = [/home/runner/work/ozone/ozone/hadoop-ozone/integration-test/target/test-dir/MiniOzoneClusterImpl-d1ffa5d3-3301-45c3-9f44-1ffa6967d237/ozone-metadata/datanode-7/ratis] (custom)
2025-10-17 11:01:21,134 [99c47355-c013-4450-a734-aff6d3c99677@group-BD423C7185AB-LeaderElection7] INFO  impl.LeaderElection (LeaderElection.java:logAndReturn(206)) - 99c47355-c013-4450-a734-aff6d3c99677@group-BD423C7185AB-LeaderElection7: PRE_VOTE REJECTED received 2 response(s) and 0 exception(s):
2025-10-17 11:01:21,135 [99c47355-c013-4450-a734-aff6d3c99677@group-BD423C7185AB-LeaderElection7] INFO  impl.LeaderElection (LeaderElection.java:logAndReturn(210)) -   Response 0: 99c47355-c013-4450-a734-aff6d3c99677<-b292b6be-9482-4c30-a3e0-c9f721931b72#0:FAIL-t0-last:<INITIAL_VALUE>
2025-10-17 11:01:21,135 [99c47355-c013-4450-a734-aff6d3c99677@group-BD423C7185AB-LeaderElection7] INFO  impl.LeaderElection (LeaderElection.java:logAndReturn(210)) -   Response 1: 99c47355-c013-4450-a734-aff6d3c99677<-309ab1ff-9f5a-4058-8b2f-94d451ce5267#0:OK-t0-last:<INITIAL_VALUE>
2025-10-17 11:01:21,136 [50dccd39-549f-4f43-8b1f-597bf98f9c16-groupManagement] INFO  storage.RaftStorageDirectory (RaftStorageDirectoryImpl.java:analyzeStorage(138)) - The storage directory /home/runner/work/ozone/ozone/hadoop-ozone/integration-test/target/test-dir/MiniOzoneClusterImpl-d1ffa5d3-3301-45c3-9f44-1ffa6967d237/ozone-metadata/datanode-7/ratis/d666d628-fdf5-494b-9e89-1cc4a7d0bb09 does not exist. Creating ...
2025-10-17 11:01:21,137 [2b4cc429-f9c1-416c-9a38-6239a2e149ea-groupManagement] INFO  server.RaftServerConfigKeys (ConfUtils.java:logGet(62)) - raft.server.log.segment.size.max = 67108864 (custom)
2025-10-17 11:01:21,137 [99c47355-c013-4450-a734-aff6d3c99677@group-BD423C7185AB-LeaderElection7] INFO  impl.LeaderElection (LeaderElection.java:askForVotes(450)) - 99c47355-c013-4450-a734-aff6d3c99677@group-BD423C7185AB-LeaderElection7 PRE_VOTE round 0: result REJECTED
2025-10-17 11:01:21,138 [50dccd39-549f-4f43-8b1f-597bf98f9c16-groupManagement] INFO  storage.RaftStorageDirectory (RaftStorageDirectoryImpl.java:tryLock(229)) - Lock on /home/runner/work/ozone/ozone/hadoop-ozone/integration-test/target/test-dir/MiniOzoneClusterImpl-d1ffa5d3-3301-45c3-9f44-1ffa6967d237/ozone-metadata/datanode-7/ratis/d666d628-fdf5-494b-9e89-1cc4a7d0bb09/in_use.lock acquired by nodename 40979@localhost
2025-10-17 11:01:21,139 [2b4cc429-f9c1-416c-9a38-6239a2e149ea-groupManagement] INFO  server.RaftServerConfigKeys (ConfUtils.java:logGet(62)) - raft.server.log.appender.buffer.byte-limit = 33554432 (custom)
2025-10-17 11:01:21,139 [99c47355-c013-4450-a734-aff6d3c99677@group-BD423C7185AB-LeaderElection7] INFO  server.RaftServer$Division (RaftServerImpl.java:setRole(392)) - 99c47355-c013-4450-a734-aff6d3c99677@group-BD423C7185AB: changes role from CANDIDATE to FOLLOWER at term 0 for REJECTED
2025-10-17 11:01:21,139 [99c47355-c013-4450-a734-aff6d3c99677@group-BD423C7185AB-LeaderElection7] INFO  impl.RoleInfo (RoleInfo.java:shutdownLeaderElection(141)) - 99c47355-c013-4450-a734-aff6d3c99677: shutdown 99c47355-c013-4450-a734-aff6d3c99677@group-BD423C7185AB-LeaderElection7
2025-10-17 11:01:21,140 [99c47355-c013-4450-a734-aff6d3c99677@group-BD423C7185AB-LeaderElection7] INFO  impl.RoleInfo (RoleInfo.java:updateAndGet(148)) - 99c47355-c013-4450-a734-aff6d3c99677: start 99c47355-c013-4450-a734-aff6d3c99677@group-BD423C7185AB-FollowerState
2025-10-17 11:01:21,139 [50dccd39-549f-4f43-8b1f-597bf98f9c16-groupManagement] INFO  storage.RaftStorage (RaftStorageImpl.java:format(98)) - Storage directory /home/runner/work/ozone/ozone/hadoop-ozone/integration-test/target/test-dir/MiniOzoneClusterImpl-d1ffa5d3-3301-45c3-9f44-1ffa6967d237/ozone-metadata/datanode-7/ratis/d666d628-fdf5-494b-9e89-1cc4a7d0bb09 has been successfully formatted.
2025-10-17 11:01:21,140 [50dccd39-549f-4f43-8b1f-597bf98f9c16-groupManagement] INFO  ratis.ContainerStateMachine (ContainerStateMachine.java:initialize(339)) - 50dccd39-549f-4f43-8b1f-597bf98f9c16: initialize group-1CC4A7D0BB09
2025-10-17 11:01:21,140 [50dccd39-549f-4f43-8b1f-597bf98f9c16-groupManagement] INFO  ratis.ContainerStateMachine (ContainerStateMachine.java:loadSnapshot(347)) - group-1CC4A7D0BB09: The snapshot info is null. Setting the last applied index to:<INITIAL_VALUE>
2025-10-17 11:01:21,140 [50dccd39-549f-4f43-8b1f-597bf98f9c16-groupManagement] INFO  server.RaftServerConfigKeys (ConfUtils.java:logGet(62)) - raft.server.log.appender.buffer.byte-limit = 33554432 (custom)
2025-10-17 11:01:21,141 [99c47355-c013-4450-a734-aff6d3c99677@group-BD423C7185AB-LeaderElection7] INFO  server.RaftServer$Division (RaftServerImpl.java:setFirstElection(576)) - 99c47355-c013-4450-a734-aff6d3c99677@group-BD423C7185AB: set firstElectionSinceStartup to false for REJECTED
2025-10-17 11:01:21,139 [2b4cc429-f9c1-416c-9a38-6239a2e149ea-groupManagement] INFO  util.AwaitToRun (AwaitToRun.java:start(81)) - Thread[#1565,2b4cc429-f9c1-416c-9a38-6239a2e149ea@group-7468994F70AF-cacheEviction-AwaitToRun,5,main] started
2025-10-17 11:01:21,141 [2b4cc429-f9c1-416c-9a38-6239a2e149ea-groupManagement] INFO  segmented.SegmentedRaftLogWorker (SegmentedRaftLogWorker.java:<init>(190)) - new 2b4cc429-f9c1-416c-9a38-6239a2e149ea@group-7468994F70AF-SegmentedRaftLogWorker for RaftStorageImpl:Storage Directory /home/runner/work/ozone/ozone/hadoop-ozone/integration-test/target/test-dir/MiniOzoneClusterImpl-d1ffa5d3-3301-45c3-9f44-1ffa6967d237/ozone-metadata/datanode-6/ratis/94abbb40-729e-490b-8eb4-7468994f70af
2025-10-17 11:01:21,141 [2b4cc429-f9c1-416c-9a38-6239a2e149ea-groupManagement] INFO  server.RaftServerConfigKeys (ConfUtils.java:logGet(62)) - raft.server.log.queue.byte-limit = 4294967296 (custom)
2025-10-17 11:01:21,142 [2b4cc429-f9c1-416c-9a38-6239a2e149ea-groupManagement] INFO  server.RaftServerConfigKeys (ConfUtils.java:logGet(62)) - raft.server.log.segment.size.max = 67108864 (custom)
2025-10-17 11:01:21,142 [2b4cc429-f9c1-416c-9a38-6239a2e149ea-groupManagement] INFO  server.RaftServerConfigKeys (ConfUtils.java:logGet(62)) - raft.server.log.preallocated.size = 4194304 (custom)
2025-10-17 11:01:21,143 [2b4cc429-f9c1-416c-9a38-6239a2e149ea-groupManagement] INFO  server.RaftServerConfigKeys (ConfUtils.java:logGet(62)) - raft.server.log.write.buffer.size = 33554440 (custom)
2025-10-17 11:01:21,143 | INFO  | SCMAudit | user=runner | ip=127.0.0.1 | op=SEND_HEARTBEAT {"datanodeUUID":"50dccd39-549f-4f43-8b1f-597bf98f9c16","term":"2","command":"[]"} | ret=SUCCESS |  
2025-10-17 11:01:21,144 [50dccd39-549f-4f43-8b1f-597bf98f9c16-groupManagement] INFO  server.RaftServerConfigKeys (ConfUtils.java:logGet(62)) - raft.server.log.segment.size.max = 67108864 (custom)
2025-10-17 11:01:21,144 [50dccd39-549f-4f43-8b1f-597bf98f9c16-groupManagement] INFO  server.RaftServerConfigKeys (ConfUtils.java:logGet(62)) - raft.server.log.appender.buffer.byte-limit = 33554432 (custom)
2025-10-17 11:01:21,144 [50dccd39-549f-4f43-8b1f-597bf98f9c16-groupManagement] INFO  util.AwaitToRun (AwaitToRun.java:start(81)) - Thread[#1567,50dccd39-549f-4f43-8b1f-597bf98f9c16@group-1CC4A7D0BB09-cacheEviction-AwaitToRun,5,main] started
2025-10-17 11:01:21,145 [50dccd39-549f-4f43-8b1f-597bf98f9c16-groupManagement] INFO  segmented.SegmentedRaftLogWorker (SegmentedRaftLogWorker.java:<init>(190)) - new 50dccd39-549f-4f43-8b1f-597bf98f9c16@group-1CC4A7D0BB09-SegmentedRaftLogWorker for RaftStorageImpl:Storage Directory /home/runner/work/ozone/ozone/hadoop-ozone/integration-test/target/test-dir/MiniOzoneClusterImpl-d1ffa5d3-3301-45c3-9f44-1ffa6967d237/ozone-metadata/datanode-7/ratis/d666d628-fdf5-494b-9e89-1cc4a7d0bb09
2025-10-17 11:01:21,145 [50dccd39-549f-4f43-8b1f-597bf98f9c16-groupManagement] INFO  server.RaftServerConfigKeys (ConfUtils.java:logGet(62)) - raft.server.log.queue.byte-limit = 4294967296 (custom)
2025-10-17 11:01:21,145 [50dccd39-549f-4f43-8b1f-597bf98f9c16-groupManagement] INFO  server.RaftServerConfigKeys (ConfUtils.java:logGet(62)) - raft.server.log.segment.size.max = 67108864 (custom)
2025-10-17 11:01:21,145 [50dccd39-549f-4f43-8b1f-597bf98f9c16-groupManagement] INFO  server.RaftServerConfigKeys (ConfUtils.java:logGet(62)) - raft.server.log.preallocated.size = 4194304 (custom)
2025-10-17 11:01:21,145 [50dccd39-549f-4f43-8b1f-597bf98f9c16-groupManagement] INFO  server.RaftServerConfigKeys (ConfUtils.java:logGet(62)) - raft.server.log.write.buffer.size = 33554440 (custom)
2025-10-17 11:01:21,155 [2b4cc429-f9c1-416c-9a38-6239a2e149ea-groupManagement] INFO  server.RaftServerConfigKeys (ConfUtils.java:logGet(62)) - raft.server.log.appender.buffer.byte-limit = 33554432 (custom)
2025-10-17 11:01:21,155 [2b4cc429-f9c1-416c-9a38-6239a2e149ea-groupManagement] INFO  segmented.SegmentedRaftLogWorker (SegmentedRaftLogWorker.java:lambda$new$0(141)) - 2b4cc429-f9c1-416c-9a38-6239a2e149ea@group-7468994F70AF-SegmentedRaftLogWorker: flushIndex: setUnconditionally 0 -> -1
2025-10-17 11:01:21,156 [2b4cc429-f9c1-416c-9a38-6239a2e149ea-groupManagement] INFO  segmented.SegmentedRaftLogWorker (SegmentedRaftLogWorker.java:lambda$new$0(141)) - 2b4cc429-f9c1-416c-9a38-6239a2e149ea@group-7468994F70AF-SegmentedRaftLogWorker: safeCacheEvictIndex: setUnconditionally 0 -> -1
2025-10-17 11:01:21,156 [50dccd39-549f-4f43-8b1f-597bf98f9c16-groupManagement] INFO  server.RaftServerConfigKeys (ConfUtils.java:logGet(62)) - raft.server.log.appender.buffer.byte-limit = 33554432 (custom)
2025-10-17 11:01:21,156 [50dccd39-549f-4f43-8b1f-597bf98f9c16-groupManagement] INFO  segmented.SegmentedRaftLogWorker (SegmentedRaftLogWorker.java:lambda$new$0(141)) - 50dccd39-549f-4f43-8b1f-597bf98f9c16@group-1CC4A7D0BB09-SegmentedRaftLogWorker: flushIndex: setUnconditionally 0 -> -1
2025-10-17 11:01:21,156 [50dccd39-549f-4f43-8b1f-597bf98f9c16-groupManagement] INFO  segmented.SegmentedRaftLogWorker (SegmentedRaftLogWorker.java:lambda$new$0(141)) - 50dccd39-549f-4f43-8b1f-597bf98f9c16@group-1CC4A7D0BB09-SegmentedRaftLogWorker: safeCacheEvictIndex: setUnconditionally 0 -> -1
2025-10-17 11:01:21,156 [2b4cc429-f9c1-416c-9a38-6239a2e149ea-groupManagement] INFO  server.RaftServer$Division (RaftServerImpl.java:start(405)) - 2b4cc429-f9c1-416c-9a38-6239a2e149ea@group-7468994F70AF: start as a follower, conf=conf: {index: -1, cur=peers:[b1eee25a-1fdf-4744-83c7-58e0513fce3b|127.0.0.1:15047, 718bfa29-2c47-4ab5-ac61-3dfe9c6b9d5c|127.0.0.1:15039, 2b4cc429-f9c1-416c-9a38-6239a2e149ea|127.0.0.1:15055]|listeners:[], old=null}
2025-10-17 11:01:21,156 [2b4cc429-f9c1-416c-9a38-6239a2e149ea-groupManagement] INFO  server.RaftServer$Division (RaftServerImpl.java:setRole(392)) - 2b4cc429-f9c1-416c-9a38-6239a2e149ea@group-7468994F70AF: changes role from      null to FOLLOWER at term 0 for startAsFollower
2025-10-17 11:01:21,156 [2b4cc429-f9c1-416c-9a38-6239a2e149ea-groupManagement] INFO  impl.RoleInfo (RoleInfo.java:updateAndGet(148)) - 2b4cc429-f9c1-416c-9a38-6239a2e149ea: start 2b4cc429-f9c1-416c-9a38-6239a2e149ea@group-7468994F70AF-FollowerState
2025-10-17 11:01:21,157 [50dccd39-549f-4f43-8b1f-597bf98f9c16-groupManagement] INFO  server.RaftServer$Division (RaftServerImpl.java:start(405)) - 50dccd39-549f-4f43-8b1f-597bf98f9c16@group-1CC4A7D0BB09: start as a follower, conf=conf: {index: -1, cur=peers:[50dccd39-549f-4f43-8b1f-597bf98f9c16|127.0.0.1:15063, ed6e9581-5875-4278-a8db-50829892434b|127.0.0.1:15079, dbd6f242-9b73-4bca-a110-3e2ec656b979|127.0.0.1:15071]|listeners:[], old=null}
2025-10-17 11:01:21,157 [50dccd39-549f-4f43-8b1f-597bf98f9c16-groupManagement] INFO  server.RaftServer$Division (RaftServerImpl.java:setRole(392)) - 50dccd39-549f-4f43-8b1f-597bf98f9c16@group-1CC4A7D0BB09: changes role from      null to FOLLOWER at term 0 for startAsFollower
2025-10-17 11:01:21,157 [50dccd39-549f-4f43-8b1f-597bf98f9c16-groupManagement] INFO  impl.RoleInfo (RoleInfo.java:updateAndGet(148)) - 50dccd39-549f-4f43-8b1f-597bf98f9c16: start 50dccd39-549f-4f43-8b1f-597bf98f9c16@group-1CC4A7D0BB09-FollowerState
2025-10-17 11:01:21,157 [2b4cc429-f9c1-416c-9a38-6239a2e149ea-groupManagement] INFO  util.JmxRegister (JmxRegister.java:tryRegister(44)) - Successfully registered JMX Bean with object name Ratis:service=RaftServer,group=group-7468994F70AF,id=2b4cc429-f9c1-416c-9a38-6239a2e149ea
2025-10-17 11:01:21,157 [2b4cc429-f9c1-416c-9a38-6239a2e149ea-groupManagement] INFO  util.JmxRegister (JmxRegister.java:register(58)) - register mxBean class org.apache.ratis.server.impl.RaftServerJmxAdapter as Ratis:service=RaftServer,group=group-7468994F70AF,id=2b4cc429-f9c1-416c-9a38-6239a2e149ea
2025-10-17 11:01:21,157 [50dccd39-549f-4f43-8b1f-597bf98f9c16-groupManagement] INFO  util.JmxRegister (JmxRegister.java:tryRegister(44)) - Successfully registered JMX Bean with object name Ratis:service=RaftServer,group=group-1CC4A7D0BB09,id=50dccd39-549f-4f43-8b1f-597bf98f9c16
2025-10-17 11:01:21,157 [50dccd39-549f-4f43-8b1f-597bf98f9c16-groupManagement] INFO  util.JmxRegister (JmxRegister.java:register(58)) - register mxBean class org.apache.ratis.server.impl.RaftServerJmxAdapter as Ratis:service=RaftServer,group=group-1CC4A7D0BB09,id=50dccd39-549f-4f43-8b1f-597bf98f9c16
2025-10-17 11:01:21,159 [50dccd39-549f-4f43-8b1f-597bf98f9c16-groupManagement] INFO  server.RaftServer$Division (RaftServerImpl.java:start(419)) - 50dccd39-549f-4f43-8b1f-597bf98f9c16@group-1CC4A7D0BB09: Successfully started.
2025-10-17 11:01:21,159 [2b4cc429-f9c1-416c-9a38-6239a2e149ea-groupManagement] INFO  server.RaftServer$Division (RaftServerImpl.java:start(419)) - 2b4cc429-f9c1-416c-9a38-6239a2e149ea@group-7468994F70AF: Successfully started.
2025-10-17 11:01:21,166 [718bfa29-2c47-4ab5-ac61-3dfe9c6b9d5c-CreatePipelineCommandHandlerThread-0] INFO  commandhandler.CreatePipelineCommandHandler (CreatePipelineCommandHandler.java:lambda$handle$2(141)) - Created Pipeline RATIS THREE Pipeline-94abbb40-729e-490b-8eb4-7468994f70af.
2025-10-17 11:01:21,167 [718bfa29-2c47-4ab5-ac61-3dfe9c6b9d5c-CreatePipelineCommandHandlerThread-0] INFO  server.RaftServer (RaftServerProxy.java:addNew(105)) - 718bfa29-2c47-4ab5-ac61-3dfe9c6b9d5c: addNew group-75927D842139:[b1eee25a-1fdf-4744-83c7-58e0513fce3b|127.0.0.1:15047, 718bfa29-2c47-4ab5-ac61-3dfe9c6b9d5c|127.0.0.1:15039, 2b4cc429-f9c1-416c-9a38-6239a2e149ea|127.0.0.1:15055] returns group-75927D842139:java.util.concurrent.CompletableFuture@67d87f56[Not completed]
2025-10-17 11:01:21,168 [718bfa29-2c47-4ab5-ac61-3dfe9c6b9d5c-groupManagement] INFO  server.RaftServer$Division (RaftServerImpl.java:<init>(268)) - 718bfa29-2c47-4ab5-ac61-3dfe9c6b9d5c: new RaftServerImpl for group-75927D842139:[b1eee25a-1fdf-4744-83c7-58e0513fce3b|127.0.0.1:15047, 718bfa29-2c47-4ab5-ac61-3dfe9c6b9d5c|127.0.0.1:15039, 2b4cc429-f9c1-416c-9a38-6239a2e149ea|127.0.0.1:15055] with ContainerStateMachine:uninitialized
2025-10-17 11:01:21,168 [718bfa29-2c47-4ab5-ac61-3dfe9c6b9d5c-groupManagement] INFO  server.RaftServer$Division (ServerState.java:<init>(114)) - 718bfa29-2c47-4ab5-ac61-3dfe9c6b9d5c@group-75927D842139: ConfigurationManager, init=conf: {index: -1, cur=peers:[b1eee25a-1fdf-4744-83c7-58e0513fce3b|127.0.0.1:15047, 718bfa29-2c47-4ab5-ac61-3dfe9c6b9d5c|127.0.0.1:15039, 2b4cc429-f9c1-416c-9a38-6239a2e149ea|127.0.0.1:15055]|listeners:[], old=null}, confs=<EMPTY_MAP>
2025-10-17 11:01:21,174 | INFO  | SCMAudit | user=runner | ip=127.0.0.1 | op=SEND_HEARTBEAT {"datanodeUUID":"b6f92338-e951-49df-a986-ea31ece96e9e","term":"2","command":"[commandType: createPipelineCommand createPipelineCommandProto { pipelineID { id: \"f8b0d738-cfda-4f0f-9937-ff9fb0c4e76c\" uuid128 { mostSigBits: -526684517397016817 leastSigBits: -7406170000856914068 } } type: RATIS factor: ONE datanode { uuid: \"b6f92338-e951-49df-a986-ea31ece96e9e\" ipAddress: \"127.0.0.1\" hostName: \"localhost\" ports { name: \"HTTP\" value: 15106 } ports { name: \"CLIENT_RPC\" value: 15107 } ports { name: \"REPLICATION\" value: 15113 } ports { name: \"RATIS\" value: 15109 } ports { name: \"RATIS_ADMIN\" value: 15110 } ports { name: \"RATIS_SERVER\" value: 15111 } ports { name: \"RATIS_DATASTREAM\" value: 15112 } ports { name: \"STANDALONE\" value: 15108 } networkName: \"b6f92338-e951-49df-a986-ea31ece96e9e\" networkLocation: \"/default-rack\" persistedOpState: IN_SERVICE persistedOpStateExpiry: 0 currentVersion: 2 uuid128 { mostSigBits: -5262135962266154529 leastSigBits: -6231035534271484258 } level: 3 id { uuid { mostSigBits: -5262135962266154529 leastSigBits: -6231035534271484258 } } } cmdId: 1760698877851 priority: 1 } term: 2 encodedToken: \"\" deadlineMsSinceEpoch: 0]"} | ret=SUCCESS |  
2025-10-17 11:01:21,195 [b292b6be-9482-4c30-a3e0-c9f721931b72@group-BD423C7185AB-FollowerState] INFO  impl.FollowerState (FollowerState.java:runImpl(161)) - b292b6be-9482-4c30-a3e0-c9f721931b72@group-BD423C7185AB-FollowerState: change to CANDIDATE, lastRpcElapsedTime:1134481124ns, electionTimeout:1134ms
2025-10-17 11:01:21,195 [b292b6be-9482-4c30-a3e0-c9f721931b72@group-BD423C7185AB-FollowerState] INFO  impl.RoleInfo (RoleInfo.java:shutdownFollowerState(121)) - b292b6be-9482-4c30-a3e0-c9f721931b72: shutdown b292b6be-9482-4c30-a3e0-c9f721931b72@group-BD423C7185AB-FollowerState
2025-10-17 11:01:21,195 [b292b6be-9482-4c30-a3e0-c9f721931b72@group-BD423C7185AB-FollowerState] INFO  server.RaftServer$Division (RaftServerImpl.java:setRole(392)) - b292b6be-9482-4c30-a3e0-c9f721931b72@group-BD423C7185AB: changes role from  FOLLOWER to CANDIDATE at term 0 for changeToCandidate
2025-10-17 11:01:21,195 [b292b6be-9482-4c30-a3e0-c9f721931b72@group-BD423C7185AB-FollowerState] INFO  impl.RoleInfo (RoleInfo.java:updateAndGet(148)) - b292b6be-9482-4c30-a3e0-c9f721931b72: start b292b6be-9482-4c30-a3e0-c9f721931b72@group-BD423C7185AB-LeaderElection8
2025-10-17 11:01:21,195 [grpc-default-executor-1] INFO  server.RaftServer (RaftServerProxy.java:addNew(105)) - ed6e9581-5875-4278-a8db-50829892434b: addNew group-1CC4A7D0BB09:[50dccd39-549f-4f43-8b1f-597bf98f9c16|127.0.0.1:15063, ed6e9581-5875-4278-a8db-50829892434b|127.0.0.1:15079, dbd6f242-9b73-4bca-a110-3e2ec656b979|127.0.0.1:15071] returns group-1CC4A7D0BB09:java.util.concurrent.CompletableFuture@38e8b449[Not completed]
2025-10-17 11:01:21,197 [b292b6be-9482-4c30-a3e0-c9f721931b72@group-BD423C7185AB-LeaderElection8] INFO  impl.LeaderElection (LeaderElection.java:askForVotes(448)) - b292b6be-9482-4c30-a3e0-c9f721931b72@group-BD423C7185AB-LeaderElection8 PRE_VOTE round 0: submit vote requests at term 0 for conf: {index: -1, cur=peers:[99c47355-c013-4450-a734-aff6d3c99677|127.0.0.1:15023, b292b6be-9482-4c30-a3e0-c9f721931b72|127.0.0.1:15031, 309ab1ff-9f5a-4058-8b2f-94d451ce5267|127.0.0.1:15015]|listeners:[], old=null}
2025-10-17 11:01:21,198 [ed6e9581-5875-4278-a8db-50829892434b-groupManagement] INFO  server.RaftServer$Division (RaftServerImpl.java:<init>(268)) - ed6e9581-5875-4278-a8db-50829892434b: new RaftServerImpl for group-1CC4A7D0BB09:[50dccd39-549f-4f43-8b1f-597bf98f9c16|127.0.0.1:15063, ed6e9581-5875-4278-a8db-50829892434b|127.0.0.1:15079, dbd6f242-9b73-4bca-a110-3e2ec656b979|127.0.0.1:15071] with ContainerStateMachine:uninitialized
2025-10-17 11:01:21,198 [ed6e9581-5875-4278-a8db-50829892434b-groupManagement] INFO  server.RaftServer$Division (ServerState.java:<init>(114)) - ed6e9581-5875-4278-a8db-50829892434b@group-1CC4A7D0BB09: ConfigurationManager, init=conf: {index: -1, cur=peers:[50dccd39-549f-4f43-8b1f-597bf98f9c16|127.0.0.1:15063, ed6e9581-5875-4278-a8db-50829892434b|127.0.0.1:15079, dbd6f242-9b73-4bca-a110-3e2ec656b979|127.0.0.1:15071]|listeners:[], old=null}, confs=<EMPTY_MAP>
2025-10-17 11:01:21,198 [b292b6be-9482-4c30-a3e0-c9f721931b72@group-BD423C7185AB-LeaderElection8-1] INFO  server.GrpcServerProtocolClient (GrpcServerProtocolClient.java:<init>(65)) - Build channel for 99c47355-c013-4450-a734-aff6d3c99677|127.0.0.1:15023
2025-10-17 11:01:21,198 [718bfa29-2c47-4ab5-ac61-3dfe9c6b9d5c-groupManagement] INFO  server.RaftServerConfigKeys (ConfUtils.java:logGet(62)) - raft.server.storage.dir = [/home/runner/work/ozone/ozone/hadoop-ozone/integration-test/target/test-dir/MiniOzoneClusterImpl-d1ffa5d3-3301-45c3-9f44-1ffa6967d237/ozone-metadata/datanode-4/ratis] (custom)
2025-10-17 11:01:21,198 [b292b6be-9482-4c30-a3e0-c9f721931b72@group-BD423C7185AB-LeaderElection8-2] INFO  server.GrpcServerProtocolClient (GrpcServerProtocolClient.java:<init>(65)) - Build channel for 309ab1ff-9f5a-4058-8b2f-94d451ce5267|127.0.0.1:15015
2025-10-17 11:01:21,203 [718bfa29-2c47-4ab5-ac61-3dfe9c6b9d5c-groupManagement] INFO  storage.RaftStorageDirectory (RaftStorageDirectoryImpl.java:analyzeStorage(138)) - The storage directory /home/runner/work/ozone/ozone/hadoop-ozone/integration-test/target/test-dir/MiniOzoneClusterImpl-d1ffa5d3-3301-45c3-9f44-1ffa6967d237/ozone-metadata/datanode-4/ratis/d912fc3f-3f11-4fdd-b926-75927d842139 does not exist. Creating ...
2025-10-17 11:01:21,207 [718bfa29-2c47-4ab5-ac61-3dfe9c6b9d5c-groupManagement] INFO  storage.RaftStorageDirectory (RaftStorageDirectoryImpl.java:tryLock(229)) - Lock on /home/runner/work/ozone/ozone/hadoop-ozone/integration-test/target/test-dir/MiniOzoneClusterImpl-d1ffa5d3-3301-45c3-9f44-1ffa6967d237/ozone-metadata/datanode-4/ratis/d912fc3f-3f11-4fdd-b926-75927d842139/in_use.lock acquired by nodename 40979@localhost
2025-10-17 11:01:21,210 [718bfa29-2c47-4ab5-ac61-3dfe9c6b9d5c-groupManagement] INFO  storage.RaftStorage (RaftStorageImpl.java:format(98)) - Storage directory /home/runner/work/ozone/ozone/hadoop-ozone/integration-test/target/test-dir/MiniOzoneClusterImpl-d1ffa5d3-3301-45c3-9f44-1ffa6967d237/ozone-metadata/datanode-4/ratis/d912fc3f-3f11-4fdd-b926-75927d842139 has been successfully formatted.
2025-10-17 11:01:21,210 [718bfa29-2c47-4ab5-ac61-3dfe9c6b9d5c-groupManagement] INFO  ratis.ContainerStateMachine (ContainerStateMachine.java:initialize(339)) - 718bfa29-2c47-4ab5-ac61-3dfe9c6b9d5c: initialize group-75927D842139
2025-10-17 11:01:21,210 [718bfa29-2c47-4ab5-ac61-3dfe9c6b9d5c-groupManagement] INFO  ratis.ContainerStateMachine (ContainerStateMachine.java:loadSnapshot(347)) - group-75927D842139: The snapshot info is null. Setting the last applied index to:<INITIAL_VALUE>
2025-10-17 11:01:21,210 [718bfa29-2c47-4ab5-ac61-3dfe9c6b9d5c-groupManagement] INFO  server.RaftServerConfigKeys (ConfUtils.java:logGet(62)) - raft.server.log.appender.buffer.byte-limit = 33554432 (custom)
2025-10-17 11:01:21,211 [grpc-default-executor-4] INFO  server.RaftServer$Division (RaftServerImpl.java:requestVote(1421)) - 99c47355-c013-4450-a734-aff6d3c99677@group-BD423C7185AB: receive requestVote(PRE_VOTE, b292b6be-9482-4c30-a3e0-c9f721931b72, group-BD423C7185AB, 0, <PROTO_DEFAULT>)
2025-10-17 11:01:21,212 [grpc-default-executor-4] INFO  impl.VoteContext (VoteContext.java:log(49)) - 99c47355-c013-4450-a734-aff6d3c99677@group-BD423C7185AB-FOLLOWER: accept PRE_VOTE from b292b6be-9482-4c30-a3e0-c9f721931b72: our priority 0 <= candidate's priority 1
2025-10-17 11:01:21,213 [grpc-default-executor-4] INFO  server.RaftServer$Division (RaftServerImpl.java:requestVote(1455)) - 99c47355-c013-4450-a734-aff6d3c99677@group-BD423C7185AB replies to PRE_VOTE vote request: b292b6be-9482-4c30-a3e0-c9f721931b72<-99c47355-c013-4450-a734-aff6d3c99677#0:OK-t0-last:<INITIAL_VALUE>. Peer's state: 99c47355-c013-4450-a734-aff6d3c99677@group-BD423C7185AB:t0, leader=null, voted=, raftlog=Memoized:99c47355-c013-4450-a734-aff6d3c99677@group-BD423C7185AB-SegmentedRaftLog:OPENED:c-1:lastnull, conf=conf: {index: -1, cur=peers:[99c47355-c013-4450-a734-aff6d3c99677|127.0.0.1:15023, b292b6be-9482-4c30-a3e0-c9f721931b72|127.0.0.1:15031, 309ab1ff-9f5a-4058-8b2f-94d451ce5267|127.0.0.1:15015]|listeners:[], old=null}
2025-10-17 11:01:21,216 [b292b6be-9482-4c30-a3e0-c9f721931b72@group-BD423C7185AB-LeaderElection8] INFO  impl.LeaderElection (LeaderElection.java:logAndReturn(206)) - b292b6be-9482-4c30-a3e0-c9f721931b72@group-BD423C7185AB-LeaderElection8: PRE_VOTE PASSED received 1 response(s) and 0 exception(s):
2025-10-17 11:01:21,216 [b292b6be-9482-4c30-a3e0-c9f721931b72@group-BD423C7185AB-LeaderElection8] INFO  impl.LeaderElection (LeaderElection.java:logAndReturn(210)) -   Response 0: b292b6be-9482-4c30-a3e0-c9f721931b72<-99c47355-c013-4450-a734-aff6d3c99677#0:OK-t0-last:<INITIAL_VALUE>
2025-10-17 11:01:21,216 [b292b6be-9482-4c30-a3e0-c9f721931b72@group-BD423C7185AB-LeaderElection8] INFO  impl.LeaderElection (LeaderElection.java:askForVotes(450)) - b292b6be-9482-4c30-a3e0-c9f721931b72@group-BD423C7185AB-LeaderElection8 PRE_VOTE round 0: result PASSED
2025-10-17 11:01:21,217 [grpc-default-executor-4] INFO  server.RaftServer$Division (RaftServerImpl.java:requestVote(1421)) - 309ab1ff-9f5a-4058-8b2f-94d451ce5267@group-BD423C7185AB: receive requestVote(PRE_VOTE, b292b6be-9482-4c30-a3e0-c9f721931b72, group-BD423C7185AB, 0, <PROTO_DEFAULT>)
2025-10-17 11:01:21,217 [grpc-default-executor-4] INFO  impl.VoteContext (VoteContext.java:log(49)) - 309ab1ff-9f5a-4058-8b2f-94d451ce5267@group-BD423C7185AB-FOLLOWER: accept PRE_VOTE from b292b6be-9482-4c30-a3e0-c9f721931b72: our priority 0 <= candidate's priority 1
2025-10-17 11:01:21,217 [grpc-default-executor-4] INFO  server.RaftServer$Division (RaftServerImpl.java:requestVote(1455)) - 309ab1ff-9f5a-4058-8b2f-94d451ce5267@group-BD423C7185AB replies to PRE_VOTE vote request: b292b6be-9482-4c30-a3e0-c9f721931b72<-309ab1ff-9f5a-4058-8b2f-94d451ce5267#0:OK-t0-last:<INITIAL_VALUE>. Peer's state: 309ab1ff-9f5a-4058-8b2f-94d451ce5267@group-BD423C7185AB:t0, leader=null, voted=, raftlog=Memoized:309ab1ff-9f5a-4058-8b2f-94d451ce5267@group-BD423C7185AB-SegmentedRaftLog:OPENED:c-1:lastnull, conf=conf: {index: -1, cur=peers:[99c47355-c013-4450-a734-aff6d3c99677|127.0.0.1:15023, b292b6be-9482-4c30-a3e0-c9f721931b72|127.0.0.1:15031, 309ab1ff-9f5a-4058-8b2f-94d451ce5267|127.0.0.1:15015]|listeners:[], old=null}
2025-10-17 11:01:21,218 [b292b6be-9482-4c30-a3e0-c9f721931b72@group-BD423C7185AB-LeaderElection8] INFO  impl.LeaderElection (LeaderElection.java:askForVotes(448)) - b292b6be-9482-4c30-a3e0-c9f721931b72@group-BD423C7185AB-LeaderElection8 ELECTION round 0: submit vote requests at term 1 for conf: {index: -1, cur=peers:[99c47355-c013-4450-a734-aff6d3c99677|127.0.0.1:15023, b292b6be-9482-4c30-a3e0-c9f721931b72|127.0.0.1:15031, 309ab1ff-9f5a-4058-8b2f-94d451ce5267|127.0.0.1:15015]|listeners:[], old=null}
2025-10-17 11:01:21,220 | INFO  | SCMAudit | user=runner | ip=127.0.0.1 | op=SEND_HEARTBEAT {"datanodeUUID":"718bfa29-2c47-4ab5-ac61-3dfe9c6b9d5c","term":"2","command":"[]"} | ret=SUCCESS |  
2025-10-17 11:01:21,224 [ed6e9581-5875-4278-a8db-50829892434b-groupManagement] INFO  server.RaftServerConfigKeys (ConfUtils.java:logGet(62)) - raft.server.storage.dir = [/home/runner/work/ozone/ozone/hadoop-ozone/integration-test/target/test-dir/MiniOzoneClusterImpl-d1ffa5d3-3301-45c3-9f44-1ffa6967d237/ozone-metadata/datanode-9/ratis] (custom)
2025-10-17 11:01:21,225 [ed6e9581-5875-4278-a8db-50829892434b-groupManagement] INFO  storage.RaftStorageDirectory (RaftStorageDirectoryImpl.java:analyzeStorage(138)) - The storage directory /home/runner/work/ozone/ozone/hadoop-ozone/integration-test/target/test-dir/MiniOzoneClusterImpl-d1ffa5d3-3301-45c3-9f44-1ffa6967d237/ozone-metadata/datanode-9/ratis/d666d628-fdf5-494b-9e89-1cc4a7d0bb09 does not exist. Creating ...
2025-10-17 11:01:21,225 [grpc-default-executor-1] INFO  server.RaftServer$Division (RaftServerImpl.java:requestVote(1421)) - 99c47355-c013-4450-a734-aff6d3c99677@group-BD423C7185AB: receive requestVote(ELECTION, b292b6be-9482-4c30-a3e0-c9f721931b72, group-BD423C7185AB, 1, <PROTO_DEFAULT>)
2025-10-17 11:01:21,225 [grpc-default-executor-1] INFO  impl.VoteContext (VoteContext.java:log(49)) - 99c47355-c013-4450-a734-aff6d3c99677@group-BD423C7185AB-FOLLOWER: accept ELECTION from b292b6be-9482-4c30-a3e0-c9f721931b72: our priority 0 <= candidate's priority 1
2025-10-17 11:01:21,225 [grpc-default-executor-1] INFO  server.RaftServer$Division (RaftServerImpl.java:setRole(392)) - 99c47355-c013-4450-a734-aff6d3c99677@group-BD423C7185AB: changes role from  FOLLOWER to FOLLOWER at term 0 for candidate:b292b6be-9482-4c30-a3e0-c9f721931b72
2025-10-17 11:01:21,225 [grpc-default-executor-1] INFO  impl.RoleInfo (RoleInfo.java:shutdownFollowerState(121)) - 99c47355-c013-4450-a734-aff6d3c99677: shutdown 99c47355-c013-4450-a734-aff6d3c99677@group-BD423C7185AB-FollowerState
2025-10-17 11:01:21,225 [grpc-default-executor-1] INFO  impl.RoleInfo (RoleInfo.java:updateAndGet(148)) - 99c47355-c013-4450-a734-aff6d3c99677: start 99c47355-c013-4450-a734-aff6d3c99677@group-BD423C7185AB-FollowerState
2025-10-17 11:01:21,224 [718bfa29-2c47-4ab5-ac61-3dfe9c6b9d5c-groupManagement] INFO  server.RaftServerConfigKeys (ConfUtils.java:logGet(62)) - raft.server.log.segment.size.max = 67108864 (custom)
2025-10-17 11:01:21,226 [ed6e9581-5875-4278-a8db-50829892434b-groupManagement] INFO  storage.RaftStorageDirectory (RaftStorageDirectoryImpl.java:tryLock(229)) - Lock on /home/runner/work/ozone/ozone/hadoop-ozone/integration-test/target/test-dir/MiniOzoneClusterImpl-d1ffa5d3-3301-45c3-9f44-1ffa6967d237/ozone-metadata/datanode-9/ratis/d666d628-fdf5-494b-9e89-1cc4a7d0bb09/in_use.lock acquired by nodename 40979@localhost
2025-10-17 11:01:21,225 [99c47355-c013-4450-a734-aff6d3c99677@group-BD423C7185AB-FollowerState] INFO  impl.FollowerState (FollowerState.java:runImpl(170)) - 99c47355-c013-4450-a734-aff6d3c99677@group-BD423C7185AB-FollowerState was interrupted
2025-10-17 11:01:21,227 [718bfa29-2c47-4ab5-ac61-3dfe9c6b9d5c-groupManagement] INFO  server.RaftServerConfigKeys (ConfUtils.java:logGet(62)) - raft.server.log.appender.buffer.byte-limit = 33554432 (custom)
2025-10-17 11:01:21,227 [grpc-default-executor-1] INFO  server.RaftServer$Division (RaftServerImpl.java:requestVote(1455)) - 99c47355-c013-4450-a734-aff6d3c99677@group-BD423C7185AB replies to ELECTION vote request: b292b6be-9482-4c30-a3e0-c9f721931b72<-99c47355-c013-4450-a734-aff6d3c99677#0:OK-t1-last:<INITIAL_VALUE>. Peer's state: 99c47355-c013-4450-a734-aff6d3c99677@group-BD423C7185AB:t1, leader=null, voted=b292b6be-9482-4c30-a3e0-c9f721931b72, raftlog=Memoized:99c47355-c013-4450-a734-aff6d3c99677@group-BD423C7185AB-SegmentedRaftLog:OPENED:c-1:lastnull, conf=conf: {index: -1, cur=peers:[99c47355-c013-4450-a734-aff6d3c99677|127.0.0.1:15023, b292b6be-9482-4c30-a3e0-c9f721931b72|127.0.0.1:15031, 309ab1ff-9f5a-4058-8b2f-94d451ce5267|127.0.0.1:15015]|listeners:[], old=null}
2025-10-17 11:01:21,227 [grpc-default-executor-4] INFO  server.RaftServer$Division (RaftServerImpl.java:requestVote(1421)) - 309ab1ff-9f5a-4058-8b2f-94d451ce5267@group-BD423C7185AB: receive requestVote(ELECTION, b292b6be-9482-4c30-a3e0-c9f721931b72, group-BD423C7185AB, 1, <PROTO_DEFAULT>)
2025-10-17 11:01:21,228 [grpc-default-executor-4] INFO  impl.VoteContext (VoteContext.java:log(49)) - 309ab1ff-9f5a-4058-8b2f-94d451ce5267@group-BD423C7185AB-FOLLOWER: accept ELECTION from b292b6be-9482-4c30-a3e0-c9f721931b72: our priority 0 <= candidate's priority 1
2025-10-17 11:01:21,228 [ed6e9581-5875-4278-a8db-50829892434b-groupManagement] INFO  storage.RaftStorage (RaftStorageImpl.java:format(98)) - Storage directory /home/runner/work/ozone/ozone/hadoop-ozone/integration-test/target/test-dir/MiniOzoneClusterImpl-d1ffa5d3-3301-45c3-9f44-1ffa6967d237/ozone-metadata/datanode-9/ratis/d666d628-fdf5-494b-9e89-1cc4a7d0bb09 has been successfully formatted.
2025-10-17 11:01:21,228 [718bfa29-2c47-4ab5-ac61-3dfe9c6b9d5c-groupManagement] INFO  util.AwaitToRun (AwaitToRun.java:start(81)) - Thread[#1587,718bfa29-2c47-4ab5-ac61-3dfe9c6b9d5c@group-75927D842139-cacheEviction-AwaitToRun,5,main] started
2025-10-17 11:01:21,228 [718bfa29-2c47-4ab5-ac61-3dfe9c6b9d5c-groupManagement] INFO  segmented.SegmentedRaftLogWorker (SegmentedRaftLogWorker.java:<init>(190)) - new 718bfa29-2c47-4ab5-ac61-3dfe9c6b9d5c@group-75927D842139-SegmentedRaftLogWorker for RaftStorageImpl:Storage Directory /home/runner/work/ozone/ozone/hadoop-ozone/integration-test/target/test-dir/MiniOzoneClusterImpl-d1ffa5d3-3301-45c3-9f44-1ffa6967d237/ozone-metadata/datanode-4/ratis/d912fc3f-3f11-4fdd-b926-75927d842139
2025-10-17 11:01:21,228 [718bfa29-2c47-4ab5-ac61-3dfe9c6b9d5c-groupManagement] INFO  server.RaftServerConfigKeys (ConfUtils.java:logGet(62)) - raft.server.log.queue.byte-limit = 4294967296 (custom)
2025-10-17 11:01:21,229 [718bfa29-2c47-4ab5-ac61-3dfe9c6b9d5c-groupManagement] INFO  server.RaftServerConfigKeys (ConfUtils.java:logGet(62)) - raft.server.log.segment.size.max = 67108864 (custom)
2025-10-17 11:01:21,228 [grpc-default-executor-4] INFO  server.RaftServer$Division (RaftServerImpl.java:setRole(392)) - 309ab1ff-9f5a-4058-8b2f-94d451ce5267@group-BD423C7185AB: changes role from  FOLLOWER to FOLLOWER at term 0 for candidate:b292b6be-9482-4c30-a3e0-c9f721931b72
2025-10-17 11:01:21,229 [grpc-default-executor-4] INFO  impl.RoleInfo (RoleInfo.java:shutdownFollowerState(121)) - 309ab1ff-9f5a-4058-8b2f-94d451ce5267: shutdown 309ab1ff-9f5a-4058-8b2f-94d451ce5267@group-BD423C7185AB-FollowerState
2025-10-17 11:01:21,229 [grpc-default-executor-4] INFO  impl.RoleInfo (RoleInfo.java:updateAndGet(148)) - 309ab1ff-9f5a-4058-8b2f-94d451ce5267: start 309ab1ff-9f5a-4058-8b2f-94d451ce5267@group-BD423C7185AB-FollowerState
2025-10-17 11:01:21,229 [718bfa29-2c47-4ab5-ac61-3dfe9c6b9d5c-groupManagement] INFO  server.RaftServerConfigKeys (ConfUtils.java:logGet(62)) - raft.server.log.preallocated.size = 4194304 (custom)
2025-10-17 11:01:21,229 [309ab1ff-9f5a-4058-8b2f-94d451ce5267@group-BD423C7185AB-FollowerState] INFO  impl.FollowerState (FollowerState.java:runImpl(170)) - 309ab1ff-9f5a-4058-8b2f-94d451ce5267@group-BD423C7185AB-FollowerState was interrupted
2025-10-17 11:01:21,228 [ed6e9581-5875-4278-a8db-50829892434b-groupManagement] INFO  ratis.ContainerStateMachine (ContainerStateMachine.java:initialize(339)) - ed6e9581-5875-4278-a8db-50829892434b: initialize group-1CC4A7D0BB09
2025-10-17 11:01:21,229 [ed6e9581-5875-4278-a8db-50829892434b-groupManagement] INFO  ratis.ContainerStateMachine (ContainerStateMachine.java:loadSnapshot(347)) - group-1CC4A7D0BB09: The snapshot info is null. Setting the last applied index to:<INITIAL_VALUE>
2025-10-17 11:01:21,230 [718bfa29-2c47-4ab5-ac61-3dfe9c6b9d5c-groupManagement] INFO  server.RaftServerConfigKeys (ConfUtils.java:logGet(62)) - raft.server.log.write.buffer.size = 33554440 (custom)
2025-10-17 11:01:21,230 [b292b6be-9482-4c30-a3e0-c9f721931b72@group-BD423C7185AB-LeaderElection8] INFO  impl.LeaderElection (LeaderElection.java:logAndReturn(206)) - b292b6be-9482-4c30-a3e0-c9f721931b72@group-BD423C7185AB-LeaderElection8: ELECTION PASSED received 1 response(s) and 0 exception(s):
2025-10-17 11:01:21,231 [b292b6be-9482-4c30-a3e0-c9f721931b72@group-BD423C7185AB-LeaderElection8] INFO  impl.LeaderElection (LeaderElection.java:logAndReturn(210)) -   Response 0: b292b6be-9482-4c30-a3e0-c9f721931b72<-99c47355-c013-4450-a734-aff6d3c99677#0:OK-t1-last:<INITIAL_VALUE>
2025-10-17 11:01:21,231 [b292b6be-9482-4c30-a3e0-c9f721931b72@group-BD423C7185AB-LeaderElection8] INFO  impl.LeaderElection (LeaderElection.java:askForVotes(450)) - b292b6be-9482-4c30-a3e0-c9f721931b72@group-BD423C7185AB-LeaderElection8 ELECTION round 0: result PASSED
2025-10-17 11:01:21,231 [b292b6be-9482-4c30-a3e0-c9f721931b72@group-BD423C7185AB-LeaderElection8] INFO  impl.RoleInfo (RoleInfo.java:shutdownLeaderElection(141)) - b292b6be-9482-4c30-a3e0-c9f721931b72: shutdown b292b6be-9482-4c30-a3e0-c9f721931b72@group-BD423C7185AB-LeaderElection8
2025-10-17 11:01:21,231 [b292b6be-9482-4c30-a3e0-c9f721931b72@group-BD423C7185AB-LeaderElection8] INFO  server.RaftServer$Division (RaftServerImpl.java:setRole(392)) - b292b6be-9482-4c30-a3e0-c9f721931b72@group-BD423C7185AB: changes role from CANDIDATE to LEADER at term 1 for changeToLeader
2025-10-17 11:01:21,231 [b292b6be-9482-4c30-a3e0-c9f721931b72@group-BD423C7185AB-LeaderElection8] INFO  server.RaftServerConfigKeys (ConfUtils.java:logFallback(69)) - raft.server.staging.timeout = 15600ms (fallback to raft.server.rpc.timeout.max)
2025-10-17 11:01:21,230 [grpc-default-executor-4] INFO  server.RaftServer$Division (RaftServerImpl.java:requestVote(1455)) - 309ab1ff-9f5a-4058-8b2f-94d451ce5267@group-BD423C7185AB replies to ELECTION vote request: b292b6be-9482-4c30-a3e0-c9f721931b72<-309ab1ff-9f5a-4058-8b2f-94d451ce5267#0:OK-t1-last:<INITIAL_VALUE>. Peer's state: 309ab1ff-9f5a-4058-8b2f-94d451ce5267@group-BD423C7185AB:t1, leader=null, voted=b292b6be-9482-4c30-a3e0-c9f721931b72, raftlog=Memoized:309ab1ff-9f5a-4058-8b2f-94d451ce5267@group-BD423C7185AB-SegmentedRaftLog:OPENED:c-1:lastnull, conf=conf: {index: -1, cur=peers:[99c47355-c013-4450-a734-aff6d3c99677|127.0.0.1:15023, b292b6be-9482-4c30-a3e0-c9f721931b72|127.0.0.1:15031, 309ab1ff-9f5a-4058-8b2f-94d451ce5267|127.0.0.1:15015]|listeners:[], old=null}
2025-10-17 11:01:21,230 [ed6e9581-5875-4278-a8db-50829892434b-groupManagement] INFO  server.RaftServerConfigKeys (ConfUtils.java:logGet(62)) - raft.server.log.appender.buffer.byte-limit = 33554432 (custom)
2025-10-17 11:01:21,232 [b292b6be-9482-4c30-a3e0-c9f721931b72@group-BD423C7185AB-LeaderElection8] INFO  server.RaftServerConfigKeys (ConfUtils.java:logGet(62)) - raft.server.write.byte-limit = 1024 M (=1073741824) (custom)
2025-10-17 11:01:21,232 | INFO  | SCMAudit | user=runner | ip=127.0.0.1 | op=SEND_HEARTBEAT {"datanodeUUID":"ed6e9581-5875-4278-a8db-50829892434b","term":"2","command":"[]"} | ret=SUCCESS |  
2025-10-17 11:01:21,233 [b1eee25a-1fdf-4744-83c7-58e0513fce3b-CreatePipelineCommandHandlerThread-0] INFO  server.RaftServer (RaftServerProxy.java:addNew(105)) - b1eee25a-1fdf-4744-83c7-58e0513fce3b: addNew group-0F2049393845:[b1eee25a-1fdf-4744-83c7-58e0513fce3b|127.0.0.1:15047] returns group-0F2049393845:java.util.concurrent.CompletableFuture@7ec560c5[Not completed]
2025-10-17 11:01:21,236 [b292b6be-9482-4c30-a3e0-c9f721931b72@group-BD423C7185AB-LeaderElection8] INFO  server.RaftServerConfigKeys (ConfUtils.java:logGet(62)) - raft.server.log.appender.buffer.byte-limit = 33554432 (custom)
2025-10-17 11:01:21,235 [b1eee25a-1fdf-4744-83c7-58e0513fce3b-groupManagement] INFO  server.RaftServer$Division (RaftServerImpl.java:<init>(268)) - b1eee25a-1fdf-4744-83c7-58e0513fce3b: new RaftServerImpl for group-0F2049393845:[b1eee25a-1fdf-4744-83c7-58e0513fce3b|127.0.0.1:15047] with ContainerStateMachine:uninitialized
2025-10-17 11:01:21,239 [b1eee25a-1fdf-4744-83c7-58e0513fce3b-groupManagement] INFO  server.RaftServer$Division (ServerState.java:<init>(114)) - b1eee25a-1fdf-4744-83c7-58e0513fce3b@group-0F2049393845: ConfigurationManager, init=conf: {index: -1, cur=peers:[b1eee25a-1fdf-4744-83c7-58e0513fce3b|127.0.0.1:15047]|listeners:[], old=null}, confs=<EMPTY_MAP>
2025-10-17 11:01:21,242 [718bfa29-2c47-4ab5-ac61-3dfe9c6b9d5c-groupManagement] INFO  server.RaftServerConfigKeys (ConfUtils.java:logGet(62)) - raft.server.log.appender.buffer.byte-limit = 33554432 (custom)
2025-10-17 11:01:21,242 [718bfa29-2c47-4ab5-ac61-3dfe9c6b9d5c-groupManagement] INFO  segmented.SegmentedRaftLogWorker (SegmentedRaftLogWorker.java:lambda$new$0(141)) - 718bfa29-2c47-4ab5-ac61-3dfe9c6b9d5c@group-75927D842139-SegmentedRaftLogWorker: flushIndex: setUnconditionally 0 -> -1
2025-10-17 11:01:21,242 [718bfa29-2c47-4ab5-ac61-3dfe9c6b9d5c-groupManagement] INFO  segmented.SegmentedRaftLogWorker (SegmentedRaftLogWorker.java:lambda$new$0(141)) - 718bfa29-2c47-4ab5-ac61-3dfe9c6b9d5c@group-75927D842139-SegmentedRaftLogWorker: safeCacheEvictIndex: setUnconditionally 0 -> -1
2025-10-17 11:01:21,242 [718bfa29-2c47-4ab5-ac61-3dfe9c6b9d5c-groupManagement] INFO  server.RaftServer$Division (RaftServerImpl.java:start(405)) - 718bfa29-2c47-4ab5-ac61-3dfe9c6b9d5c@group-75927D842139: start as a follower, conf=conf: {index: -1, cur=peers:[b1eee25a-1fdf-4744-83c7-58e0513fce3b|127.0.0.1:15047, 718bfa29-2c47-4ab5-ac61-3dfe9c6b9d5c|127.0.0.1:15039, 2b4cc429-f9c1-416c-9a38-6239a2e149ea|127.0.0.1:15055]|listeners:[], old=null}
2025-10-17 11:01:21,243 [718bfa29-2c47-4ab5-ac61-3dfe9c6b9d5c-groupManagement] INFO  server.RaftServer$Division (RaftServerImpl.java:setRole(392)) - 718bfa29-2c47-4ab5-ac61-3dfe9c6b9d5c@group-75927D842139: changes role from      null to FOLLOWER at term 0 for startAsFollower
2025-10-17 11:01:21,243 [718bfa29-2c47-4ab5-ac61-3dfe9c6b9d5c-groupManagement] INFO  impl.RoleInfo (RoleInfo.java:updateAndGet(148)) - 718bfa29-2c47-4ab5-ac61-3dfe9c6b9d5c: start 718bfa29-2c47-4ab5-ac61-3dfe9c6b9d5c@group-75927D842139-FollowerState
2025-10-17 11:01:21,243 [718bfa29-2c47-4ab5-ac61-3dfe9c6b9d5c-groupManagement] INFO  util.JmxRegister (JmxRegister.java:tryRegister(44)) - Successfully registered JMX Bean with object name Ratis:service=RaftServer,group=group-75927D842139,id=718bfa29-2c47-4ab5-ac61-3dfe9c6b9d5c
2025-10-17 11:01:21,243 [718bfa29-2c47-4ab5-ac61-3dfe9c6b9d5c-groupManagement] INFO  util.JmxRegister (JmxRegister.java:register(58)) - register mxBean class org.apache.ratis.server.impl.RaftServerJmxAdapter as Ratis:service=RaftServer,group=group-75927D842139,id=718bfa29-2c47-4ab5-ac61-3dfe9c6b9d5c
2025-10-17 11:01:21,247 [718bfa29-2c47-4ab5-ac61-3dfe9c6b9d5c-groupManagement] INFO  server.RaftServer$Division (RaftServerImpl.java:start(419)) - 718bfa29-2c47-4ab5-ac61-3dfe9c6b9d5c@group-75927D842139: Successfully started.
2025-10-17 11:01:21,247 [718bfa29-2c47-4ab5-ac61-3dfe9c6b9d5c-CreatePipelineCommandHandlerThread-0] INFO  ratis.XceiverServerRatis (XceiverServerRatis.java:addGroup(839)) - Created group Pipeline-d912fc3f-3f11-4fdd-b926-75927d842139
2025-10-17 11:01:21,250 [b292b6be-9482-4c30-a3e0-c9f721931b72@group-BD423C7185AB-LeaderElection8] INFO  server.RaftServerConfigKeys (ConfUtils.java:logGet(62)) - raft.server.log.appender.buffer.byte-limit = 33554432 (custom)
2025-10-17 11:01:21,251 [b292b6be-9482-4c30-a3e0-c9f721931b72@group-BD423C7185AB-LeaderElection8] INFO  impl.RoleInfo (RoleInfo.java:updateAndGet(148)) - b292b6be-9482-4c30-a3e0-c9f721931b72: start b292b6be-9482-4c30-a3e0-c9f721931b72@group-BD423C7185AB-LeaderStateImpl
2025-10-17 11:01:21,251 [b292b6be-9482-4c30-a3e0-c9f721931b72@group-BD423C7185AB-LeaderElection8] INFO  server.RaftServer$Division (RaftServerImpl.java:setFirstElection(576)) - b292b6be-9482-4c30-a3e0-c9f721931b72@group-BD423C7185AB: set firstElectionSinceStartup to false for becomeLeader
2025-10-17 11:01:21,251 [b292b6be-9482-4c30-a3e0-c9f721931b72@group-BD423C7185AB-LeaderElection8] INFO  ratis.XceiverServerRatis (XceiverServerRatis.java:handleLeaderChangedNotification(940)) - Leader change notification received for group: group-BD423C7185AB with new leaderId: b292b6be-9482-4c30-a3e0-c9f721931b72
2025-10-17 11:01:21,251 [b292b6be-9482-4c30-a3e0-c9f721931b72@group-BD423C7185AB-LeaderElection8] INFO  server.RaftServer$Division (ServerState.java:setLeader(272)) - b292b6be-9482-4c30-a3e0-c9f721931b72@group-BD423C7185AB: change Leader from null to b292b6be-9482-4c30-a3e0-c9f721931b72 at term 1 for becomeLeader, leader elected after 1217ms
2025-10-17 11:01:21,251 [b292b6be-9482-4c30-a3e0-c9f721931b72@group-BD423C7185AB-LeaderElection8] INFO  segmented.SegmentedRaftLogWorker (SegmentedRaftLogWorker.java:startLogSegment(440)) - b292b6be-9482-4c30-a3e0-c9f721931b72@group-BD423C7185AB-SegmentedRaftLogWorker: Starting segment from index:0
2025-10-17 11:01:21,251 [b292b6be-9482-4c30-a3e0-c9f721931b72@group-BD423C7185AB-LeaderElection8] INFO  server.RaftServer$Division (ServerState.java:setRaftConf(386)) - b292b6be-9482-4c30-a3e0-c9f721931b72@group-BD423C7185AB: set configuration conf: {index: 0, cur=peers:[99c47355-c013-4450-a734-aff6d3c99677|127.0.0.1:15023, b292b6be-9482-4c30-a3e0-c9f721931b72|127.0.0.1:15031, 309ab1ff-9f5a-4058-8b2f-94d451ce5267|127.0.0.1:15015]|listeners:[], old=null}
2025-10-17 11:01:21,255 | INFO  | SCMAudit | user=runner | ip=127.0.0.1 | op=SEND_HEARTBEAT {"datanodeUUID":"b292b6be-9482-4c30-a3e0-c9f721931b72","term":"2","command":"[]"} | ret=SUCCESS |  
2025-10-17 11:01:21,257 [b292b6be-9482-4c30-a3e0-c9f721931b72@group-BD423C7185AB-SegmentedRaftLogWorker] INFO  segmented.BufferedWriteChannel (BufferedWriteChannel.java:open(61)) - open log_inprogress_0 at position 0
2025-10-17 11:01:21,260 [EventQueue-PipelineReportForPipelineReportHandler] INFO  pipeline.PipelineReportHandler (PipelineReportHandler.java:processPipelineReport(132)) - Opened pipeline Pipeline-72e95c79-0fe3-4346-a9e3-bd423c7185ab
2025-10-17 11:01:21,262 [b292b6be-9482-4c30-a3e0-c9f721931b72@group-BD423C7185AB-SegmentedRaftLogWorker] INFO  segmented.SegmentedRaftLogWorker (SegmentedRaftLogWorker.java:execute(647)) - b292b6be-9482-4c30-a3e0-c9f721931b72@group-BD423C7185AB-SegmentedRaftLogWorker: created new log segment /home/runner/work/ozone/ozone/hadoop-ozone/integration-test/target/test-dir/MiniOzoneClusterImpl-d1ffa5d3-3301-45c3-9f44-1ffa6967d237/ozone-metadata/datanode-3/ratis/72e95c79-0fe3-4346-a9e3-bd423c7185ab/current/log_inprogress_0
2025-10-17 11:01:21,263 [ed6e9581-5875-4278-a8db-50829892434b-groupManagement] INFO  server.RaftServerConfigKeys (ConfUtils.java:logGet(62)) - raft.server.log.segment.size.max = 67108864 (custom)
2025-10-17 11:01:21,264 [b1eee25a-1fdf-4744-83c7-58e0513fce3b-groupManagement] INFO  server.RaftServerConfigKeys (ConfUtils.java:logGet(62)) - raft.server.storage.dir = [/home/runner/work/ozone/ozone/hadoop-ozone/integration-test/target/test-dir/MiniOzoneClusterImpl-d1ffa5d3-3301-45c3-9f44-1ffa6967d237/ozone-metadata/datanode-5/ratis] (custom)
2025-10-17 11:01:21,265 [b1eee25a-1fdf-4744-83c7-58e0513fce3b-groupManagement] INFO  storage.RaftStorageDirectory (RaftStorageDirectoryImpl.java:analyzeStorage(138)) - The storage directory /home/runner/work/ozone/ozone/hadoop-ozone/integration-test/target/test-dir/MiniOzoneClusterImpl-d1ffa5d3-3301-45c3-9f44-1ffa6967d237/ozone-metadata/datanode-5/ratis/2fcb5946-037c-4155-89ee-0f2049393845 does not exist. Creating ...
2025-10-17 11:01:21,267 [grpc-default-executor-5] INFO  server.RaftServer (RaftServerProxy.java:addNew(105)) - 2b4cc429-f9c1-416c-9a38-6239a2e149ea: addNew group-75927D842139:[b1eee25a-1fdf-4744-83c7-58e0513fce3b|127.0.0.1:15047, 718bfa29-2c47-4ab5-ac61-3dfe9c6b9d5c|127.0.0.1:15039, 2b4cc429-f9c1-416c-9a38-6239a2e149ea|127.0.0.1:15055] returns group-75927D842139:java.util.concurrent.CompletableFuture@1ee07391[Not completed]
2025-10-17 11:01:21,267 [ed6e9581-5875-4278-a8db-50829892434b-groupManagement] INFO  server.RaftServerConfigKeys (ConfUtils.java:logGet(62)) - raft.server.log.appender.buffer.byte-limit = 33554432 (custom)
2025-10-17 11:01:21,270 [b1eee25a-1fdf-4744-83c7-58e0513fce3b-groupManagement] INFO  storage.RaftStorageDirectory (RaftStorageDirectoryImpl.java:tryLock(229)) - Lock on /home/runner/work/ozone/ozone/hadoop-ozone/integration-test/target/test-dir/MiniOzoneClusterImpl-d1ffa5d3-3301-45c3-9f44-1ffa6967d237/ozone-metadata/datanode-5/ratis/2fcb5946-037c-4155-89ee-0f2049393845/in_use.lock acquired by nodename 40979@localhost
2025-10-17 11:01:21,270 [ed6e9581-5875-4278-a8db-50829892434b-groupManagement] INFO  util.AwaitToRun (AwaitToRun.java:start(81)) - Thread[#1596,ed6e9581-5875-4278-a8db-50829892434b@group-1CC4A7D0BB09-cacheEviction-AwaitToRun,5,main] started
2025-10-17 11:01:21,270 [2b4cc429-f9c1-416c-9a38-6239a2e149ea-groupManagement] INFO  server.RaftServer$Division (RaftServerImpl.java:<init>(268)) - 2b4cc429-f9c1-416c-9a38-6239a2e149ea: new RaftServerImpl for group-75927D842139:[b1eee25a-1fdf-4744-83c7-58e0513fce3b|127.0.0.1:15047, 718bfa29-2c47-4ab5-ac61-3dfe9c6b9d5c|127.0.0.1:15039, 2b4cc429-f9c1-416c-9a38-6239a2e149ea|127.0.0.1:15055] with ContainerStateMachine:uninitialized
2025-10-17 11:01:21,270 [2b4cc429-f9c1-416c-9a38-6239a2e149ea-groupManagement] INFO  server.RaftServer$Division (ServerState.java:<init>(114)) - 2b4cc429-f9c1-416c-9a38-6239a2e149ea@group-75927D842139: ConfigurationManager, init=conf: {index: -1, cur=peers:[b1eee25a-1fdf-4744-83c7-58e0513fce3b|127.0.0.1:15047, 718bfa29-2c47-4ab5-ac61-3dfe9c6b9d5c|127.0.0.1:15039, 2b4cc429-f9c1-416c-9a38-6239a2e149ea|127.0.0.1:15055]|listeners:[], old=null}, confs=<EMPTY_MAP>
2025-10-17 11:01:21,271 [grpc-default-executor-5] INFO  ratis.XceiverServerRatis (XceiverServerRatis.java:handleLeaderChangedNotification(940)) - Leader change notification received for group: group-BD423C7185AB with new leaderId: b292b6be-9482-4c30-a3e0-c9f721931b72
2025-10-17 11:01:21,270 [ed6e9581-5875-4278-a8db-50829892434b-groupManagement] INFO  segmented.SegmentedRaftLogWorker (SegmentedRaftLogWorker.java:<init>(190)) - new ed6e9581-5875-4278-a8db-50829892434b@group-1CC4A7D0BB09-SegmentedRaftLogWorker for RaftStorageImpl:Storage Directory /home/runner/work/ozone/ozone/hadoop-ozone/integration-test/target/test-dir/MiniOzoneClusterImpl-d1ffa5d3-3301-45c3-9f44-1ffa6967d237/ozone-metadata/datanode-9/ratis/d666d628-fdf5-494b-9e89-1cc4a7d0bb09
2025-10-17 11:01:21,272 [ed6e9581-5875-4278-a8db-50829892434b-groupManagement] INFO  server.RaftServerConfigKeys (ConfUtils.java:logGet(62)) - raft.server.log.queue.byte-limit = 4294967296 (custom)
2025-10-17 11:01:21,272 [ed6e9581-5875-4278-a8db-50829892434b-groupManagement] INFO  server.RaftServerConfigKeys (ConfUtils.java:logGet(62)) - raft.server.log.segment.size.max = 67108864 (custom)
2025-10-17 11:01:21,272 [ed6e9581-5875-4278-a8db-50829892434b-groupManagement] INFO  server.RaftServerConfigKeys (ConfUtils.java:logGet(62)) - raft.server.log.preallocated.size = 4194304 (custom)
2025-10-17 11:01:21,272 [grpc-default-executor-5] INFO  server.RaftServer$Division (ServerState.java:setLeader(272)) - 309ab1ff-9f5a-4058-8b2f-94d451ce5267@group-BD423C7185AB: change Leader from null to b292b6be-9482-4c30-a3e0-c9f721931b72 at term 1 for appendEntries, leader elected after 1366ms
2025-10-17 11:01:21,273 [b1eee25a-1fdf-4744-83c7-58e0513fce3b-groupManagement] INFO  storage.RaftStorage (RaftStorageImpl.java:format(98)) - Storage directory /home/runner/work/ozone/ozone/hadoop-ozone/integration-test/target/test-dir/MiniOzoneClusterImpl-d1ffa5d3-3301-45c3-9f44-1ffa6967d237/ozone-metadata/datanode-5/ratis/2fcb5946-037c-4155-89ee-0f2049393845 has been successfully formatted.
2025-10-17 11:01:21,273 [grpc-default-executor-4] INFO  ratis.XceiverServerRatis (XceiverServerRatis.java:handleLeaderChangedNotification(940)) - Leader change notification received for group: group-BD423C7185AB with new leaderId: b292b6be-9482-4c30-a3e0-c9f721931b72
2025-10-17 11:01:21,274 [b1eee25a-1fdf-4744-83c7-58e0513fce3b-groupManagement] INFO  ratis.ContainerStateMachine (ContainerStateMachine.java:initialize(339)) - b1eee25a-1fdf-4744-83c7-58e0513fce3b: initialize group-0F2049393845
2025-10-17 11:01:21,274 [b1eee25a-1fdf-4744-83c7-58e0513fce3b-groupManagement] INFO  ratis.ContainerStateMachine (ContainerStateMachine.java:loadSnapshot(347)) - group-0F2049393845: The snapshot info is null. Setting the last applied index to:<INITIAL_VALUE>
2025-10-17 11:01:21,274 [b1eee25a-1fdf-4744-83c7-58e0513fce3b-groupManagement] INFO  server.RaftServerConfigKeys (ConfUtils.java:logGet(62)) - raft.server.log.appender.buffer.byte-limit = 33554432 (custom)
2025-10-17 11:01:21,275 [grpc-default-executor-4] INFO  server.RaftServer$Division (ServerState.java:setLeader(272)) - 99c47355-c013-4450-a734-aff6d3c99677@group-BD423C7185AB: change Leader from null to b292b6be-9482-4c30-a3e0-c9f721931b72 at term 1 for appendEntries, leader elected after 1296ms
2025-10-17 11:01:21,277 [grpc-default-executor-5] INFO  server.RaftServer$Division (ServerState.java:setRaftConf(386)) - 309ab1ff-9f5a-4058-8b2f-94d451ce5267@group-BD423C7185AB: set configuration conf: {index: 0, cur=peers:[99c47355-c013-4450-a734-aff6d3c99677|127.0.0.1:15023, b292b6be-9482-4c30-a3e0-c9f721931b72|127.0.0.1:15031, 309ab1ff-9f5a-4058-8b2f-94d451ce5267|127.0.0.1:15015]|listeners:[], old=null}
2025-10-17 11:01:21,279 [grpc-default-executor-5] INFO  segmented.SegmentedRaftLogWorker (SegmentedRaftLogWorker.java:startLogSegment(440)) - 309ab1ff-9f5a-4058-8b2f-94d451ce5267@group-BD423C7185AB-SegmentedRaftLogWorker: Starting segment from index:0
2025-10-17 11:01:21,279 | INFO  | SCMAudit | user=runner | ip=127.0.0.1 | op=SEND_HEARTBEAT {"datanodeUUID":"b1eee25a-1fdf-4744-83c7-58e0513fce3b","term":"2","command":"[]"} | ret=SUCCESS |  
2025-10-17 11:01:21,282 [ed6e9581-5875-4278-a8db-50829892434b-groupManagement] INFO  server.RaftServerConfigKeys (ConfUtils.java:logGet(62)) - raft.server.log.write.buffer.size = 33554440 (custom)
2025-10-17 11:01:21,283 [grpc-default-executor-5] INFO  server.RaftServer$Division (ServerState.java:setRaftConf(386)) - 99c47355-c013-4450-a734-aff6d3c99677@group-BD423C7185AB: set configuration conf: {index: 0, cur=peers:[99c47355-c013-4450-a734-aff6d3c99677|127.0.0.1:15023, b292b6be-9482-4c30-a3e0-c9f721931b72|127.0.0.1:15031, 309ab1ff-9f5a-4058-8b2f-94d451ce5267|127.0.0.1:15015]|listeners:[], old=null}
2025-10-17 11:01:21,283 [grpc-default-executor-5] INFO  segmented.SegmentedRaftLogWorker (SegmentedRaftLogWorker.java:startLogSegment(440)) - 99c47355-c013-4450-a734-aff6d3c99677@group-BD423C7185AB-SegmentedRaftLogWorker: Starting segment from index:0
2025-10-17 11:01:21,285 [309ab1ff-9f5a-4058-8b2f-94d451ce5267@group-BD423C7185AB-SegmentedRaftLogWorker] INFO  segmented.BufferedWriteChannel (BufferedWriteChannel.java:open(61)) - open log_inprogress_0 at position 0
2025-10-17 11:01:21,286 [EventQueue-PipelineReportForPipelineReportHandler] INFO  pipeline.PipelineReportHandler (PipelineReportHandler.java:processPipelineReport(132)) - Opened pipeline Pipeline-2fcb5946-037c-4155-89ee-0f2049393845
2025-10-17 11:01:21,288 [99c47355-c013-4450-a734-aff6d3c99677@group-BD423C7185AB-SegmentedRaftLogWorker] INFO  segmented.BufferedWriteChannel (BufferedWriteChannel.java:open(61)) - open log_inprogress_0 at position 0
2025-10-17 11:01:21,294 [b1eee25a-1fdf-4744-83c7-58e0513fce3b-groupManagement] INFO  server.RaftServerConfigKeys (ConfUtils.java:logGet(62)) - raft.server.log.segment.size.max = 67108864 (custom)
2025-10-17 11:01:21,294 [ed6e9581-5875-4278-a8db-50829892434b-groupManagement] INFO  server.RaftServerConfigKeys (ConfUtils.java:logGet(62)) - raft.server.log.appender.buffer.byte-limit = 33554432 (custom)
2025-10-17 11:01:21,294 [309ab1ff-9f5a-4058-8b2f-94d451ce5267@group-BD423C7185AB-SegmentedRaftLogWorker] INFO  segmented.SegmentedRaftLogWorker (SegmentedRaftLogWorker.java:execute(647)) - 309ab1ff-9f5a-4058-8b2f-94d451ce5267@group-BD423C7185AB-SegmentedRaftLogWorker: created new log segment /home/runner/work/ozone/ozone/hadoop-ozone/integration-test/target/test-dir/MiniOzoneClusterImpl-d1ffa5d3-3301-45c3-9f44-1ffa6967d237/ozone-metadata/datanode-1/ratis/72e95c79-0fe3-4346-a9e3-bd423c7185ab/current/log_inprogress_0
2025-10-17 11:01:21,296 [ed6e9581-5875-4278-a8db-50829892434b-groupManagement] INFO  segmented.SegmentedRaftLogWorker (SegmentedRaftLogWorker.java:lambda$new$0(141)) - ed6e9581-5875-4278-a8db-50829892434b@group-1CC4A7D0BB09-SegmentedRaftLogWorker: flushIndex: setUnconditionally 0 -> -1
2025-10-17 11:01:21,296 [ed6e9581-5875-4278-a8db-50829892434b-groupManagement] INFO  segmented.SegmentedRaftLogWorker (SegmentedRaftLogWorker.java:lambda$new$0(141)) - ed6e9581-5875-4278-a8db-50829892434b@group-1CC4A7D0BB09-SegmentedRaftLogWorker: safeCacheEvictIndex: setUnconditionally 0 -> -1
2025-10-17 11:01:21,297 [ed6e9581-5875-4278-a8db-50829892434b-groupManagement] INFO  server.RaftServer$Division (RaftServerImpl.java:start(405)) - ed6e9581-5875-4278-a8db-50829892434b@group-1CC4A7D0BB09: start as a follower, conf=conf: {index: -1, cur=peers:[50dccd39-549f-4f43-8b1f-597bf98f9c16|127.0.0.1:15063, ed6e9581-5875-4278-a8db-50829892434b|127.0.0.1:15079, dbd6f242-9b73-4bca-a110-3e2ec656b979|127.0.0.1:15071]|listeners:[], old=null}
2025-10-17 11:01:21,297 [99c47355-c013-4450-a734-aff6d3c99677@group-BD423C7185AB-SegmentedRaftLogWorker] INFO  segmented.SegmentedRaftLogWorker (SegmentedRaftLogWorker.java:execute(647)) - 99c47355-c013-4450-a734-aff6d3c99677@group-BD423C7185AB-SegmentedRaftLogWorker: created new log segment /home/runner/work/ozone/ozone/hadoop-ozone/integration-test/target/test-dir/MiniOzoneClusterImpl-d1ffa5d3-3301-45c3-9f44-1ffa6967d237/ozone-metadata/datanode-2/ratis/72e95c79-0fe3-4346-a9e3-bd423c7185ab/current/log_inprogress_0
2025-10-17 11:01:21,297 [ed6e9581-5875-4278-a8db-50829892434b-groupManagement] INFO  server.RaftServer$Division (RaftServerImpl.java:setRole(392)) - ed6e9581-5875-4278-a8db-50829892434b@group-1CC4A7D0BB09: changes role from      null to FOLLOWER at term 0 for startAsFollower
2025-10-17 11:01:21,297 [ed6e9581-5875-4278-a8db-50829892434b-groupManagement] INFO  impl.RoleInfo (RoleInfo.java:updateAndGet(148)) - ed6e9581-5875-4278-a8db-50829892434b: start ed6e9581-5875-4278-a8db-50829892434b@group-1CC4A7D0BB09-FollowerState
2025-10-17 11:01:21,298 [ed6e9581-5875-4278-a8db-50829892434b-groupManagement] INFO  util.JmxRegister (JmxRegister.java:tryRegister(44)) - Successfully registered JMX Bean with object name Ratis:service=RaftServer,group=group-1CC4A7D0BB09,id=ed6e9581-5875-4278-a8db-50829892434b
2025-10-17 11:01:21,298 [ed6e9581-5875-4278-a8db-50829892434b-groupManagement] INFO  util.JmxRegister (JmxRegister.java:register(58)) - register mxBean class org.apache.ratis.server.impl.RaftServerJmxAdapter as Ratis:service=RaftServer,group=group-1CC4A7D0BB09,id=ed6e9581-5875-4278-a8db-50829892434b
2025-10-17 11:01:21,298 [b1eee25a-1fdf-4744-83c7-58e0513fce3b-groupManagement] INFO  server.RaftServerConfigKeys (ConfUtils.java:logGet(62)) - raft.server.log.appender.buffer.byte-limit = 33554432 (custom)
2025-10-17 11:01:21,300 [2b4cc429-f9c1-416c-9a38-6239a2e149ea-groupManagement] INFO  server.RaftServerConfigKeys (ConfUtils.java:logGet(62)) - raft.server.storage.dir = [/home/runner/work/ozone/ozone/hadoop-ozone/integration-test/target/test-dir/MiniOzoneClusterImpl-d1ffa5d3-3301-45c3-9f44-1ffa6967d237/ozone-metadata/datanode-6/ratis] (custom)
2025-10-17 11:01:21,300 [2b4cc429-f9c1-416c-9a38-6239a2e149ea-groupManagement] INFO  storage.RaftStorageDirectory (RaftStorageDirectoryImpl.java:analyzeStorage(138)) - The storage directory /home/runner/work/ozone/ozone/hadoop-ozone/integration-test/target/test-dir/MiniOzoneClusterImpl-d1ffa5d3-3301-45c3-9f44-1ffa6967d237/ozone-metadata/datanode-6/ratis/d912fc3f-3f11-4fdd-b926-75927d842139 does not exist. Creating ...
2025-10-17 11:01:21,300 [b1eee25a-1fdf-4744-83c7-58e0513fce3b-groupManagement] INFO  util.AwaitToRun (AwaitToRun.java:start(81)) - Thread[#1606,b1eee25a-1fdf-4744-83c7-58e0513fce3b@group-0F2049393845-cacheEviction-AwaitToRun,5,main] started
2025-10-17 11:01:21,300 [b1eee25a-1fdf-4744-83c7-58e0513fce3b-groupManagement] INFO  segmented.SegmentedRaftLogWorker (SegmentedRaftLogWorker.java:<init>(190)) - new b1eee25a-1fdf-4744-83c7-58e0513fce3b@group-0F2049393845-SegmentedRaftLogWorker for RaftStorageImpl:Storage Directory /home/runner/work/ozone/ozone/hadoop-ozone/integration-test/target/test-dir/MiniOzoneClusterImpl-d1ffa5d3-3301-45c3-9f44-1ffa6967d237/ozone-metadata/datanode-5/ratis/2fcb5946-037c-4155-89ee-0f2049393845
2025-10-17 11:01:21,301 [b1eee25a-1fdf-4744-83c7-58e0513fce3b-groupManagement] INFO  server.RaftServerConfigKeys (ConfUtils.java:logGet(62)) - raft.server.log.queue.byte-limit = 4294967296 (custom)
2025-10-17 11:01:21,301 [b1eee25a-1fdf-4744-83c7-58e0513fce3b-groupManagement] INFO  server.RaftServerConfigKeys (ConfUtils.java:logGet(62)) - raft.server.log.segment.size.max = 67108864 (custom)
2025-10-17 11:01:21,301 [b1eee25a-1fdf-4744-83c7-58e0513fce3b-groupManagement] INFO  server.RaftServerConfigKeys (ConfUtils.java:logGet(62)) - raft.server.log.preallocated.size = 4194304 (custom)
2025-10-17 11:01:21,301 [ed6e9581-5875-4278-a8db-50829892434b-groupManagement] INFO  server.RaftServer$Division (RaftServerImpl.java:start(419)) - ed6e9581-5875-4278-a8db-50829892434b@group-1CC4A7D0BB09: Successfully started.
2025-10-17 11:01:21,301 [2b4cc429-f9c1-416c-9a38-6239a2e149ea-groupManagement] INFO  storage.RaftStorageDirectory (RaftStorageDirectoryImpl.java:tryLock(229)) - Lock on /home/runner/work/ozone/ozone/hadoop-ozone/integration-test/target/test-dir/MiniOzoneClusterImpl-d1ffa5d3-3301-45c3-9f44-1ffa6967d237/ozone-metadata/datanode-6/ratis/d912fc3f-3f11-4fdd-b926-75927d842139/in_use.lock acquired by nodename 40979@localhost
2025-10-17 11:01:21,302 [b292b6be-9482-4c30-a3e0-c9f721931b72@group-BD423C7185AB-StateMachineUpdater] INFO  server.RaftServer$Division (LeaderStateImpl.java:checkStartIndex(309)) - Leader b292b6be-9482-4c30-a3e0-c9f721931b72@group-BD423C7185AB-LeaderStateImpl is ready since appliedIndex == startIndex == 0
2025-10-17 11:01:21,302 [b1eee25a-1fdf-4744-83c7-58e0513fce3b-groupManagement] INFO  server.RaftServerConfigKeys (ConfUtils.java:logGet(62)) - raft.server.log.write.buffer.size = 33554440 (custom)
2025-10-17 11:01:21,303 [2b4cc429-f9c1-416c-9a38-6239a2e149ea-groupManagement] INFO  storage.RaftStorage (RaftStorageImpl.java:format(98)) - Storage directory /home/runner/work/ozone/ozone/hadoop-ozone/integration-test/target/test-dir/MiniOzoneClusterImpl-d1ffa5d3-3301-45c3-9f44-1ffa6967d237/ozone-metadata/datanode-6/ratis/d912fc3f-3f11-4fdd-b926-75927d842139 has been successfully formatted.
2025-10-17 11:01:21,305 [2b4cc429-f9c1-416c-9a38-6239a2e149ea-groupManagement] INFO  ratis.ContainerStateMachine (ContainerStateMachine.java:initialize(339)) - 2b4cc429-f9c1-416c-9a38-6239a2e149ea: initialize group-75927D842139
2025-10-17 11:01:21,305 [2b4cc429-f9c1-416c-9a38-6239a2e149ea-groupManagement] INFO  ratis.ContainerStateMachine (ContainerStateMachine.java:loadSnapshot(347)) - group-75927D842139: The snapshot info is null. Setting the last applied index to:<INITIAL_VALUE>
2025-10-17 11:01:21,305 [2b4cc429-f9c1-416c-9a38-6239a2e149ea-groupManagement] INFO  server.RaftServerConfigKeys (ConfUtils.java:logGet(62)) - raft.server.log.appender.buffer.byte-limit = 33554432 (custom)
2025-10-17 11:01:21,305 [dbd6f242-9b73-4bca-a110-3e2ec656b979-CreatePipelineCommandHandlerThread-0] INFO  commandhandler.CreatePipelineCommandHandler (CreatePipelineCommandHandler.java:lambda$handle$2(141)) - Created Pipeline RATIS THREE Pipeline-d666d628-fdf5-494b-9e89-1cc4a7d0bb09.
2025-10-17 11:01:21,306 [dbd6f242-9b73-4bca-a110-3e2ec656b979-CreatePipelineCommandHandlerThread-0] INFO  server.RaftServer (RaftServerProxy.java:addNew(105)) - dbd6f242-9b73-4bca-a110-3e2ec656b979: addNew group-464FE5C38337:[50dccd39-549f-4f43-8b1f-597bf98f9c16|127.0.0.1:15063, ed6e9581-5875-4278-a8db-50829892434b|127.0.0.1:15079, dbd6f242-9b73-4bca-a110-3e2ec656b979|127.0.0.1:15071] returns group-464FE5C38337:java.util.concurrent.CompletableFuture@5319aff7[Not completed]
2025-10-17 11:01:21,309 | INFO  | SCMAudit | user=runner | ip=127.0.0.1 | op=SEND_HEARTBEAT {"datanodeUUID":"2b4cc429-f9c1-416c-9a38-6239a2e149ea","term":"2","command":"[]"} | ret=SUCCESS |  
2025-10-17 11:01:21,310 [dbd6f242-9b73-4bca-a110-3e2ec656b979-groupManagement] INFO  server.RaftServer$Division (RaftServerImpl.java:<init>(268)) - dbd6f242-9b73-4bca-a110-3e2ec656b979: new RaftServerImpl for group-464FE5C38337:[50dccd39-549f-4f43-8b1f-597bf98f9c16|127.0.0.1:15063, ed6e9581-5875-4278-a8db-50829892434b|127.0.0.1:15079, dbd6f242-9b73-4bca-a110-3e2ec656b979|127.0.0.1:15071] with ContainerStateMachine:uninitialized
2025-10-17 11:01:21,311 [dbd6f242-9b73-4bca-a110-3e2ec656b979-groupManagement] INFO  server.RaftServer$Division (ServerState.java:<init>(114)) - dbd6f242-9b73-4bca-a110-3e2ec656b979@group-464FE5C38337: ConfigurationManager, init=conf: {index: -1, cur=peers:[50dccd39-549f-4f43-8b1f-597bf98f9c16|127.0.0.1:15063, ed6e9581-5875-4278-a8db-50829892434b|127.0.0.1:15079, dbd6f242-9b73-4bca-a110-3e2ec656b979|127.0.0.1:15071]|listeners:[], old=null}, confs=<EMPTY_MAP>
2025-10-17 11:01:21,313 [2b4cc429-f9c1-416c-9a38-6239a2e149ea-groupManagement] INFO  server.RaftServerConfigKeys (ConfUtils.java:logGet(62)) - raft.server.log.segment.size.max = 67108864 (custom)
2025-10-17 11:01:21,315 [2b4cc429-f9c1-416c-9a38-6239a2e149ea-groupManagement] INFO  server.RaftServerConfigKeys (ConfUtils.java:logGet(62)) - raft.server.log.appender.buffer.byte-limit = 33554432 (custom)
2025-10-17 11:01:21,315 [2b4cc429-f9c1-416c-9a38-6239a2e149ea-groupManagement] INFO  util.AwaitToRun (AwaitToRun.java:start(81)) - Thread[#1610,2b4cc429-f9c1-416c-9a38-6239a2e149ea@group-75927D842139-cacheEviction-AwaitToRun,5,main] started
2025-10-17 11:01:21,315 [2b4cc429-f9c1-416c-9a38-6239a2e149ea-groupManagement] INFO  segmented.SegmentedRaftLogWorker (SegmentedRaftLogWorker.java:<init>(190)) - new 2b4cc429-f9c1-416c-9a38-6239a2e149ea@group-75927D842139-SegmentedRaftLogWorker for RaftStorageImpl:Storage Directory /home/runner/work/ozone/ozone/hadoop-ozone/integration-test/target/test-dir/MiniOzoneClusterImpl-d1ffa5d3-3301-45c3-9f44-1ffa6967d237/ozone-metadata/datanode-6/ratis/d912fc3f-3f11-4fdd-b926-75927d842139
2025-10-17 11:01:21,315 [2b4cc429-f9c1-416c-9a38-6239a2e149ea-groupManagement] INFO  server.RaftServerConfigKeys (ConfUtils.java:logGet(62)) - raft.server.log.queue.byte-limit = 4294967296 (custom)
2025-10-17 11:01:21,317 [2b4cc429-f9c1-416c-9a38-6239a2e149ea-groupManagement] INFO  server.RaftServerConfigKeys (ConfUtils.java:logGet(62)) - raft.server.log.segment.size.max = 67108864 (custom)
2025-10-17 11:01:21,317 [2b4cc429-f9c1-416c-9a38-6239a2e149ea-groupManagement] INFO  server.RaftServerConfigKeys (ConfUtils.java:logGet(62)) - raft.server.log.preallocated.size = 4194304 (custom)
2025-10-17 11:01:21,318 [2b4cc429-f9c1-416c-9a38-6239a2e149ea-groupManagement] INFO  server.RaftServerConfigKeys (ConfUtils.java:logGet(62)) - raft.server.log.write.buffer.size = 33554440 (custom)
2025-10-17 11:01:21,319 [b1eee25a-1fdf-4744-83c7-58e0513fce3b-groupManagement] INFO  server.RaftServerConfigKeys (ConfUtils.java:logGet(62)) - raft.server.log.appender.buffer.byte-limit = 33554432 (custom)
2025-10-17 11:01:21,320 [b1eee25a-1fdf-4744-83c7-58e0513fce3b-groupManagement] INFO  segmented.SegmentedRaftLogWorker (SegmentedRaftLogWorker.java:lambda$new$0(141)) - b1eee25a-1fdf-4744-83c7-58e0513fce3b@group-0F2049393845-SegmentedRaftLogWorker: flushIndex: setUnconditionally 0 -> -1
2025-10-17 11:01:21,321 [b1eee25a-1fdf-4744-83c7-58e0513fce3b-groupManagement] INFO  segmented.SegmentedRaftLogWorker (SegmentedRaftLogWorker.java:lambda$new$0(141)) - b1eee25a-1fdf-4744-83c7-58e0513fce3b@group-0F2049393845-SegmentedRaftLogWorker: safeCacheEvictIndex: setUnconditionally 0 -> -1
2025-10-17 11:01:21,322 [b1eee25a-1fdf-4744-83c7-58e0513fce3b-groupManagement] INFO  server.RaftServer$Division (RaftServerImpl.java:start(405)) - b1eee25a-1fdf-4744-83c7-58e0513fce3b@group-0F2049393845: start as a follower, conf=conf: {index: -1, cur=peers:[b1eee25a-1fdf-4744-83c7-58e0513fce3b|127.0.0.1:15047]|listeners:[], old=null}
2025-10-17 11:01:21,322 [dbd6f242-9b73-4bca-a110-3e2ec656b979-groupManagement] INFO  server.RaftServerConfigKeys (ConfUtils.java:logGet(62)) - raft.server.storage.dir = [/home/runner/work/ozone/ozone/hadoop-ozone/integration-test/target/test-dir/MiniOzoneClusterImpl-d1ffa5d3-3301-45c3-9f44-1ffa6967d237/ozone-metadata/datanode-8/ratis] (custom)
2025-10-17 11:01:21,322 [b1eee25a-1fdf-4744-83c7-58e0513fce3b-groupManagement] INFO  server.RaftServer$Division (RaftServerImpl.java:setRole(392)) - b1eee25a-1fdf-4744-83c7-58e0513fce3b@group-0F2049393845: changes role from      null to FOLLOWER at term 0 for startAsFollower
2025-10-17 11:01:21,322 [b1eee25a-1fdf-4744-83c7-58e0513fce3b-groupManagement] INFO  impl.RoleInfo (RoleInfo.java:updateAndGet(148)) - b1eee25a-1fdf-4744-83c7-58e0513fce3b: start b1eee25a-1fdf-4744-83c7-58e0513fce3b@group-0F2049393845-FollowerState
2025-10-17 11:01:21,322 [dbd6f242-9b73-4bca-a110-3e2ec656b979-groupManagement] INFO  storage.RaftStorageDirectory (RaftStorageDirectoryImpl.java:analyzeStorage(138)) - The storage directory /home/runner/work/ozone/ozone/hadoop-ozone/integration-test/target/test-dir/MiniOzoneClusterImpl-d1ffa5d3-3301-45c3-9f44-1ffa6967d237/ozone-metadata/datanode-8/ratis/934e2a31-aad3-48ca-83cf-464fe5c38337 does not exist. Creating ...
2025-10-17 11:01:21,323 [b1eee25a-1fdf-4744-83c7-58e0513fce3b-groupManagement] INFO  util.JmxRegister (JmxRegister.java:tryRegister(44)) - Successfully registered JMX Bean with object name Ratis:service=RaftServer,group=group-0F2049393845,id=b1eee25a-1fdf-4744-83c7-58e0513fce3b
2025-10-17 11:01:21,323 [b1eee25a-1fdf-4744-83c7-58e0513fce3b-groupManagement] INFO  util.JmxRegister (JmxRegister.java:register(58)) - register mxBean class org.apache.ratis.server.impl.RaftServerJmxAdapter as Ratis:service=RaftServer,group=group-0F2049393845,id=b1eee25a-1fdf-4744-83c7-58e0513fce3b
2025-10-17 11:01:21,323 [dbd6f242-9b73-4bca-a110-3e2ec656b979-groupManagement] INFO  storage.RaftStorageDirectory (RaftStorageDirectoryImpl.java:tryLock(229)) - Lock on /home/runner/work/ozone/ozone/hadoop-ozone/integration-test/target/test-dir/MiniOzoneClusterImpl-d1ffa5d3-3301-45c3-9f44-1ffa6967d237/ozone-metadata/datanode-8/ratis/934e2a31-aad3-48ca-83cf-464fe5c38337/in_use.lock acquired by nodename 40979@localhost
2025-10-17 11:01:21,325 [b1eee25a-1fdf-4744-83c7-58e0513fce3b-groupManagement] INFO  server.RaftServer$Division (RaftServerImpl.java:start(419)) - b1eee25a-1fdf-4744-83c7-58e0513fce3b@group-0F2049393845: Successfully started.
2025-10-17 11:01:21,325 [dbd6f242-9b73-4bca-a110-3e2ec656b979-groupManagement] INFO  storage.RaftStorage (RaftStorageImpl.java:format(98)) - Storage directory /home/runner/work/ozone/ozone/hadoop-ozone/integration-test/target/test-dir/MiniOzoneClusterImpl-d1ffa5d3-3301-45c3-9f44-1ffa6967d237/ozone-metadata/datanode-8/ratis/934e2a31-aad3-48ca-83cf-464fe5c38337 has been successfully formatted.
2025-10-17 11:01:21,325 [b1eee25a-1fdf-4744-83c7-58e0513fce3b-CreatePipelineCommandHandlerThread-0] INFO  ratis.XceiverServerRatis (XceiverServerRatis.java:addGroup(839)) - Created group Pipeline-2fcb5946-037c-4155-89ee-0f2049393845
2025-10-17 11:01:21,325 [b1eee25a-1fdf-4744-83c7-58e0513fce3b-CreatePipelineCommandHandlerThread-0] INFO  commandhandler.CreatePipelineCommandHandler (CreatePipelineCommandHandler.java:lambda$handle$2(141)) - Created Pipeline RATIS ONE Pipeline-2fcb5946-037c-4155-89ee-0f2049393845.
2025-10-17 11:01:21,326 [b1eee25a-1fdf-4744-83c7-58e0513fce3b-CreatePipelineCommandHandlerThread-0] INFO  server.RaftServer (RaftServerProxy.java:addNew(105)) - b1eee25a-1fdf-4744-83c7-58e0513fce3b: addNew group-75927D842139:[b1eee25a-1fdf-4744-83c7-58e0513fce3b|127.0.0.1:15047, 718bfa29-2c47-4ab5-ac61-3dfe9c6b9d5c|127.0.0.1:15039, 2b4cc429-f9c1-416c-9a38-6239a2e149ea|127.0.0.1:15055] returns group-75927D842139:java.util.concurrent.CompletableFuture@7002816d[Not completed]
2025-10-17 11:01:21,326 [dbd6f242-9b73-4bca-a110-3e2ec656b979-groupManagement] INFO  ratis.ContainerStateMachine (ContainerStateMachine.java:initialize(339)) - dbd6f242-9b73-4bca-a110-3e2ec656b979: initialize group-464FE5C38337
2025-10-17 11:01:21,326 [dbd6f242-9b73-4bca-a110-3e2ec656b979-groupManagement] INFO  ratis.ContainerStateMachine (ContainerStateMachine.java:loadSnapshot(347)) - group-464FE5C38337: The snapshot info is null. Setting the last applied index to:<INITIAL_VALUE>
2025-10-17 11:01:21,326 [dbd6f242-9b73-4bca-a110-3e2ec656b979-groupManagement] INFO  server.RaftServerConfigKeys (ConfUtils.java:logGet(62)) - raft.server.log.appender.buffer.byte-limit = 33554432 (custom)
2025-10-17 11:01:21,331 [b1eee25a-1fdf-4744-83c7-58e0513fce3b-groupManagement] INFO  server.RaftServer$Division (RaftServerImpl.java:<init>(268)) - b1eee25a-1fdf-4744-83c7-58e0513fce3b: new RaftServerImpl for group-75927D842139:[b1eee25a-1fdf-4744-83c7-58e0513fce3b|127.0.0.1:15047, 718bfa29-2c47-4ab5-ac61-3dfe9c6b9d5c|127.0.0.1:15039, 2b4cc429-f9c1-416c-9a38-6239a2e149ea|127.0.0.1:15055] with ContainerStateMachine:uninitialized
2025-10-17 11:01:21,331 [b1eee25a-1fdf-4744-83c7-58e0513fce3b-groupManagement] INFO  server.RaftServer$Division (ServerState.java:<init>(114)) - b1eee25a-1fdf-4744-83c7-58e0513fce3b@group-75927D842139: ConfigurationManager, init=conf: {index: -1, cur=peers:[b1eee25a-1fdf-4744-83c7-58e0513fce3b|127.0.0.1:15047, 718bfa29-2c47-4ab5-ac61-3dfe9c6b9d5c|127.0.0.1:15039, 2b4cc429-f9c1-416c-9a38-6239a2e149ea|127.0.0.1:15055]|listeners:[], old=null}, confs=<EMPTY_MAP>
2025-10-17 11:01:21,332 [2b4cc429-f9c1-416c-9a38-6239a2e149ea-groupManagement] INFO  server.RaftServerConfigKeys (ConfUtils.java:logGet(62)) - raft.server.log.appender.buffer.byte-limit = 33554432 (custom)
2025-10-17 11:01:21,333 [2b4cc429-f9c1-416c-9a38-6239a2e149ea-groupManagement] INFO  segmented.SegmentedRaftLogWorker (SegmentedRaftLogWorker.java:lambda$new$0(141)) - 2b4cc429-f9c1-416c-9a38-6239a2e149ea@group-75927D842139-SegmentedRaftLogWorker: flushIndex: setUnconditionally 0 -> -1
2025-10-17 11:01:21,333 [2b4cc429-f9c1-416c-9a38-6239a2e149ea-groupManagement] INFO  segmented.SegmentedRaftLogWorker (SegmentedRaftLogWorker.java:lambda$new$0(141)) - 2b4cc429-f9c1-416c-9a38-6239a2e149ea@group-75927D842139-SegmentedRaftLogWorker: safeCacheEvictIndex: setUnconditionally 0 -> -1
2025-10-17 11:01:21,333 | INFO  | SCMAudit | user=runner | ip=127.0.0.1 | op=SEND_HEARTBEAT {"datanodeUUID":"dbd6f242-9b73-4bca-a110-3e2ec656b979","term":"2","command":"[]"} | ret=SUCCESS |  
2025-10-17 11:01:21,333 [2b4cc429-f9c1-416c-9a38-6239a2e149ea-groupManagement] INFO  server.RaftServer$Division (RaftServerImpl.java:start(405)) - 2b4cc429-f9c1-416c-9a38-6239a2e149ea@group-75927D842139: start as a follower, conf=conf: {index: -1, cur=peers:[b1eee25a-1fdf-4744-83c7-58e0513fce3b|127.0.0.1:15047, 718bfa29-2c47-4ab5-ac61-3dfe9c6b9d5c|127.0.0.1:15039, 2b4cc429-f9c1-416c-9a38-6239a2e149ea|127.0.0.1:15055]|listeners:[], old=null}
2025-10-17 11:01:21,334 [2b4cc429-f9c1-416c-9a38-6239a2e149ea-groupManagement] INFO  server.RaftServer$Division (RaftServerImpl.java:setRole(392)) - 2b4cc429-f9c1-416c-9a38-6239a2e149ea@group-75927D842139: changes role from      null to FOLLOWER at term 0 for startAsFollower
2025-10-17 11:01:21,334 [2b4cc429-f9c1-416c-9a38-6239a2e149ea-groupManagement] INFO  impl.RoleInfo (RoleInfo.java:updateAndGet(148)) - 2b4cc429-f9c1-416c-9a38-6239a2e149ea: start 2b4cc429-f9c1-416c-9a38-6239a2e149ea@group-75927D842139-FollowerState
2025-10-17 11:01:21,335 [2b4cc429-f9c1-416c-9a38-6239a2e149ea-groupManagement] INFO  util.JmxRegister (JmxRegister.java:tryRegister(44)) - Successfully registered JMX Bean with object name Ratis:service=RaftServer,group=group-75927D842139,id=2b4cc429-f9c1-416c-9a38-6239a2e149ea
2025-10-17 11:01:21,335 [2b4cc429-f9c1-416c-9a38-6239a2e149ea-groupManagement] INFO  util.JmxRegister (JmxRegister.java:register(58)) - register mxBean class org.apache.ratis.server.impl.RaftServerJmxAdapter as Ratis:service=RaftServer,group=group-75927D842139,id=2b4cc429-f9c1-416c-9a38-6239a2e149ea
2025-10-17 11:01:21,338 [2b4cc429-f9c1-416c-9a38-6239a2e149ea-groupManagement] INFO  server.RaftServer$Division (RaftServerImpl.java:start(419)) - 2b4cc429-f9c1-416c-9a38-6239a2e149ea@group-75927D842139: Successfully started.
2025-10-17 11:01:21,339 [dbd6f242-9b73-4bca-a110-3e2ec656b979-groupManagement] INFO  server.RaftServerConfigKeys (ConfUtils.java:logGet(62)) - raft.server.log.segment.size.max = 67108864 (custom)
2025-10-17 11:01:21,344 [dbd6f242-9b73-4bca-a110-3e2ec656b979-groupManagement] INFO  server.RaftServerConfigKeys (ConfUtils.java:logGet(62)) - raft.server.log.appender.buffer.byte-limit = 33554432 (custom)
2025-10-17 11:01:21,344 [dbd6f242-9b73-4bca-a110-3e2ec656b979-groupManagement] INFO  util.AwaitToRun (AwaitToRun.java:start(81)) - Thread[#1620,dbd6f242-9b73-4bca-a110-3e2ec656b979@group-464FE5C38337-cacheEviction-AwaitToRun,5,main] started
2025-10-17 11:01:21,344 [dbd6f242-9b73-4bca-a110-3e2ec656b979-groupManagement] INFO  segmented.SegmentedRaftLogWorker (SegmentedRaftLogWorker.java:<init>(190)) - new dbd6f242-9b73-4bca-a110-3e2ec656b979@group-464FE5C38337-SegmentedRaftLogWorker for RaftStorageImpl:Storage Directory /home/runner/work/ozone/ozone/hadoop-ozone/integration-test/target/test-dir/MiniOzoneClusterImpl-d1ffa5d3-3301-45c3-9f44-1ffa6967d237/ozone-metadata/datanode-8/ratis/934e2a31-aad3-48ca-83cf-464fe5c38337
2025-10-17 11:01:21,344 [dbd6f242-9b73-4bca-a110-3e2ec656b979-groupManagement] INFO  server.RaftServerConfigKeys (ConfUtils.java:logGet(62)) - raft.server.log.queue.byte-limit = 4294967296 (custom)
2025-10-17 11:01:21,345 [dbd6f242-9b73-4bca-a110-3e2ec656b979-groupManagement] INFO  server.RaftServerConfigKeys (ConfUtils.java:logGet(62)) - raft.server.log.segment.size.max = 67108864 (custom)
2025-10-17 11:01:21,345 [dbd6f242-9b73-4bca-a110-3e2ec656b979-groupManagement] INFO  server.RaftServerConfigKeys (ConfUtils.java:logGet(62)) - raft.server.log.preallocated.size = 4194304 (custom)
2025-10-17 11:01:21,347 [dbd6f242-9b73-4bca-a110-3e2ec656b979-groupManagement] INFO  server.RaftServerConfigKeys (ConfUtils.java:logGet(62)) - raft.server.log.write.buffer.size = 33554440 (custom)
2025-10-17 11:01:21,348 [b1eee25a-1fdf-4744-83c7-58e0513fce3b-groupManagement] INFO  server.RaftServerConfigKeys (ConfUtils.java:logGet(62)) - raft.server.storage.dir = [/home/runner/work/ozone/ozone/hadoop-ozone/integration-test/target/test-dir/MiniOzoneClusterImpl-d1ffa5d3-3301-45c3-9f44-1ffa6967d237/ozone-metadata/datanode-5/ratis] (custom)
2025-10-17 11:01:21,349 [b1eee25a-1fdf-4744-83c7-58e0513fce3b-groupManagement] INFO  storage.RaftStorageDirectory (RaftStorageDirectoryImpl.java:analyzeStorage(138)) - The storage directory /home/runner/work/ozone/ozone/hadoop-ozone/integration-test/target/test-dir/MiniOzoneClusterImpl-d1ffa5d3-3301-45c3-9f44-1ffa6967d237/ozone-metadata/datanode-5/ratis/d912fc3f-3f11-4fdd-b926-75927d842139 does not exist. Creating ...
2025-10-17 11:01:21,351 [b1eee25a-1fdf-4744-83c7-58e0513fce3b-groupManagement] INFO  storage.RaftStorageDirectory (RaftStorageDirectoryImpl.java:tryLock(229)) - Lock on /home/runner/work/ozone/ozone/hadoop-ozone/integration-test/target/test-dir/MiniOzoneClusterImpl-d1ffa5d3-3301-45c3-9f44-1ffa6967d237/ozone-metadata/datanode-5/ratis/d912fc3f-3f11-4fdd-b926-75927d842139/in_use.lock acquired by nodename 40979@localhost
2025-10-17 11:01:21,353 [b1eee25a-1fdf-4744-83c7-58e0513fce3b-groupManagement] INFO  storage.RaftStorage (RaftStorageImpl.java:format(98)) - Storage directory /home/runner/work/ozone/ozone/hadoop-ozone/integration-test/target/test-dir/MiniOzoneClusterImpl-d1ffa5d3-3301-45c3-9f44-1ffa6967d237/ozone-metadata/datanode-5/ratis/d912fc3f-3f11-4fdd-b926-75927d842139 has been successfully formatted.
2025-10-17 11:01:21,354 [b1eee25a-1fdf-4744-83c7-58e0513fce3b-groupManagement] INFO  ratis.ContainerStateMachine (ContainerStateMachine.java:initialize(339)) - b1eee25a-1fdf-4744-83c7-58e0513fce3b: initialize group-75927D842139
2025-10-17 11:01:21,354 [b1eee25a-1fdf-4744-83c7-58e0513fce3b-groupManagement] INFO  ratis.ContainerStateMachine (ContainerStateMachine.java:loadSnapshot(347)) - group-75927D842139: The snapshot info is null. Setting the last applied index to:<INITIAL_VALUE>
2025-10-17 11:01:21,354 [b1eee25a-1fdf-4744-83c7-58e0513fce3b-groupManagement] INFO  server.RaftServerConfigKeys (ConfUtils.java:logGet(62)) - raft.server.log.appender.buffer.byte-limit = 33554432 (custom)
2025-10-17 11:01:21,356 [grpc-default-executor-4] WARN  server.GrpcAdminProtocolService (GrpcAdminProtocolService.java:lambda$groupManagement$1(53)) - Failed groupManagement: GROUPADD, GroupManagementRequest:client-C44E69CC3616->b1eee25a-1fdf-4744-83c7-58e0513fce3b@group-75927D842139, cid=10, seq=null, RW, null, Add:group-75927D842139:[b1eee25a-1fdf-4744-83c7-58e0513fce3b|127.0.0.1:15047, 718bfa29-2c47-4ab5-ac61-3dfe9c6b9d5c|127.0.0.1:15039, 2b4cc429-f9c1-416c-9a38-6239a2e149ea|127.0.0.1:15055]
java.util.concurrent.CompletionException: org.apache.ratis.protocol.exceptions.AlreadyExistsException: b1eee25a-1fdf-4744-83c7-58e0513fce3b: Failed to add group-75927D842139:[b1eee25a-1fdf-4744-83c7-58e0513fce3b|127.0.0.1:15047, 718bfa29-2c47-4ab5-ac61-3dfe9c6b9d5c|127.0.0.1:15039, 2b4cc429-f9c1-416c-9a38-6239a2e149ea|127.0.0.1:15055] since the group already exists in the map.
	at java.base/java.util.concurrent.CompletableFuture.encodeThrowable(CompletableFuture.java:332)
	at java.base/java.util.concurrent.CompletableFuture.uniApplyNow(CompletableFuture.java:674)
	at java.base/java.util.concurrent.CompletableFuture.uniApplyStage(CompletableFuture.java:662)
	at java.base/java.util.concurrent.CompletableFuture.thenApplyAsync(CompletableFuture.java:2210)
	at org.apache.ratis.server.impl.RaftServerProxy.groupAddAsync(RaftServerProxy.java:513)
	at org.apache.ratis.server.impl.RaftServerProxy.groupManagementAsync(RaftServerProxy.java:495)
	at org.apache.ratis.grpc.server.GrpcAdminProtocolService.lambda$groupManagement$0(GrpcAdminProtocolService.java:51)
	at org.apache.ratis.grpc.GrpcUtil.asyncCall(GrpcUtil.java:172)
	at org.apache.ratis.grpc.server.GrpcAdminProtocolService.groupManagement(GrpcAdminProtocolService.java:51)
	at org.apache.ratis.proto.grpc.AdminProtocolServiceGrpc$MethodHandlers.invoke(AdminProtocolServiceGrpc.java:701)
	at org.apache.ratis.thirdparty.io.grpc.stub.ServerCalls$UnaryServerCallHandler$UnaryServerCallListener.onHalfClose(ServerCalls.java:182)
	at org.apache.ratis.thirdparty.io.grpc.internal.ServerCallImpl$ServerStreamListenerImpl.halfClosed(ServerCallImpl.java:356)
	at org.apache.ratis.thirdparty.io.grpc.internal.ServerImpl$JumpToApplicationThreadServerStreamListener$1HalfClosed.runInContext(ServerImpl.java:861)
	at org.apache.ratis.thirdparty.io.grpc.internal.ContextRunnable.run(ContextRunnable.java:37)
	at org.apache.ratis.thirdparty.io.grpc.internal.SerializingExecutor.run(SerializingExecutor.java:133)
	at java.base/java.util.concurrent.ThreadPoolExecutor.runWorker(ThreadPoolExecutor.java:1144)
	at java.base/java.util.concurrent.ThreadPoolExecutor$Worker.run(ThreadPoolExecutor.java:642)
	at java.base/java.lang.Thread.run(Thread.java:1583)
Caused by: org.apache.ratis.protocol.exceptions.AlreadyExistsException: b1eee25a-1fdf-4744-83c7-58e0513fce3b: Failed to add group-75927D842139:[b1eee25a-1fdf-4744-83c7-58e0513fce3b|127.0.0.1:15047, 718bfa29-2c47-4ab5-ac61-3dfe9c6b9d5c|127.0.0.1:15039, 2b4cc429-f9c1-416c-9a38-6239a2e149ea|127.0.0.1:15055] since the group already exists in the map.
	at org.apache.ratis.server.impl.RaftServerProxy$ImplMap.addNew(RaftServerProxy.java:99)
	at org.apache.ratis.server.impl.RaftServerProxy.groupAddAsync(RaftServerProxy.java:512)
	... 13 more
2025-10-17 11:01:21,358 [b1eee25a-1fdf-4744-83c7-58e0513fce3b-groupManagement] INFO  server.RaftServerConfigKeys (ConfUtils.java:logGet(62)) - raft.server.log.segment.size.max = 67108864 (custom)
2025-10-17 11:01:21,359 [b1eee25a-1fdf-4744-83c7-58e0513fce3b-groupManagement] INFO  server.RaftServerConfigKeys (ConfUtils.java:logGet(62)) - raft.server.log.appender.buffer.byte-limit = 33554432 (custom)
2025-10-17 11:01:21,359 | INFO  | SCMAudit | user=runner | ip=127.0.0.1 | op=SEND_HEARTBEAT {"datanodeUUID":"b1eee25a-1fdf-4744-83c7-58e0513fce3b","term":"2","command":"[]"} | ret=SUCCESS |  
2025-10-17 11:01:21,361 [b1eee25a-1fdf-4744-83c7-58e0513fce3b-groupManagement] INFO  util.AwaitToRun (AwaitToRun.java:start(81)) - Thread[#1621,b1eee25a-1fdf-4744-83c7-58e0513fce3b@group-75927D842139-cacheEviction-AwaitToRun,5,main] started
2025-10-17 11:01:21,361 [b1eee25a-1fdf-4744-83c7-58e0513fce3b-groupManagement] INFO  segmented.SegmentedRaftLogWorker (SegmentedRaftLogWorker.java:<init>(190)) - new b1eee25a-1fdf-4744-83c7-58e0513fce3b@group-75927D842139-SegmentedRaftLogWorker for RaftStorageImpl:Storage Directory /home/runner/work/ozone/ozone/hadoop-ozone/integration-test/target/test-dir/MiniOzoneClusterImpl-d1ffa5d3-3301-45c3-9f44-1ffa6967d237/ozone-metadata/datanode-5/ratis/d912fc3f-3f11-4fdd-b926-75927d842139
2025-10-17 11:01:21,362 [b1eee25a-1fdf-4744-83c7-58e0513fce3b-groupManagement] INFO  server.RaftServerConfigKeys (ConfUtils.java:logGet(62)) - raft.server.log.queue.byte-limit = 4294967296 (custom)
2025-10-17 11:01:21,362 [b1eee25a-1fdf-4744-83c7-58e0513fce3b-groupManagement] INFO  server.RaftServerConfigKeys (ConfUtils.java:logGet(62)) - raft.server.log.segment.size.max = 67108864 (custom)
2025-10-17 11:01:21,362 [b1eee25a-1fdf-4744-83c7-58e0513fce3b-groupManagement] INFO  server.RaftServerConfigKeys (ConfUtils.java:logGet(62)) - raft.server.log.preallocated.size = 4194304 (custom)
2025-10-17 11:01:21,362 [b1eee25a-1fdf-4744-83c7-58e0513fce3b-groupManagement] INFO  server.RaftServerConfigKeys (ConfUtils.java:logGet(62)) - raft.server.log.write.buffer.size = 33554440 (custom)
2025-10-17 11:01:21,362 [dbd6f242-9b73-4bca-a110-3e2ec656b979-groupManagement] INFO  server.RaftServerConfigKeys (ConfUtils.java:logGet(62)) - raft.server.log.appender.buffer.byte-limit = 33554432 (custom)
2025-10-17 11:01:21,362 [dbd6f242-9b73-4bca-a110-3e2ec656b979-groupManagement] INFO  segmented.SegmentedRaftLogWorker (SegmentedRaftLogWorker.java:lambda$new$0(141)) - dbd6f242-9b73-4bca-a110-3e2ec656b979@group-464FE5C38337-SegmentedRaftLogWorker: flushIndex: setUnconditionally 0 -> -1
2025-10-17 11:01:21,363 [dbd6f242-9b73-4bca-a110-3e2ec656b979-groupManagement] INFO  segmented.SegmentedRaftLogWorker (SegmentedRaftLogWorker.java:lambda$new$0(141)) - dbd6f242-9b73-4bca-a110-3e2ec656b979@group-464FE5C38337-SegmentedRaftLogWorker: safeCacheEvictIndex: setUnconditionally 0 -> -1
2025-10-17 11:01:21,363 [dbd6f242-9b73-4bca-a110-3e2ec656b979-groupManagement] INFO  server.RaftServer$Division (RaftServerImpl.java:start(405)) - dbd6f242-9b73-4bca-a110-3e2ec656b979@group-464FE5C38337: start as a follower, conf=conf: {index: -1, cur=peers:[50dccd39-549f-4f43-8b1f-597bf98f9c16|127.0.0.1:15063, ed6e9581-5875-4278-a8db-50829892434b|127.0.0.1:15079, dbd6f242-9b73-4bca-a110-3e2ec656b979|127.0.0.1:15071]|listeners:[], old=null}
2025-10-17 11:01:21,363 [dbd6f242-9b73-4bca-a110-3e2ec656b979-groupManagement] INFO  server.RaftServer$Division (RaftServerImpl.java:setRole(392)) - dbd6f242-9b73-4bca-a110-3e2ec656b979@group-464FE5C38337: changes role from      null to FOLLOWER at term 0 for startAsFollower
2025-10-17 11:01:21,363 [dbd6f242-9b73-4bca-a110-3e2ec656b979-groupManagement] INFO  impl.RoleInfo (RoleInfo.java:updateAndGet(148)) - dbd6f242-9b73-4bca-a110-3e2ec656b979: start dbd6f242-9b73-4bca-a110-3e2ec656b979@group-464FE5C38337-FollowerState
2025-10-17 11:01:21,363 [dbd6f242-9b73-4bca-a110-3e2ec656b979-groupManagement] INFO  util.JmxRegister (JmxRegister.java:tryRegister(44)) - Successfully registered JMX Bean with object name Ratis:service=RaftServer,group=group-464FE5C38337,id=dbd6f242-9b73-4bca-a110-3e2ec656b979
2025-10-17 11:01:21,363 [dbd6f242-9b73-4bca-a110-3e2ec656b979-groupManagement] INFO  util.JmxRegister (JmxRegister.java:register(58)) - register mxBean class org.apache.ratis.server.impl.RaftServerJmxAdapter as Ratis:service=RaftServer,group=group-464FE5C38337,id=dbd6f242-9b73-4bca-a110-3e2ec656b979
2025-10-17 11:01:21,364 [dbd6f242-9b73-4bca-a110-3e2ec656b979-groupManagement] INFO  server.RaftServer$Division (RaftServerImpl.java:start(419)) - dbd6f242-9b73-4bca-a110-3e2ec656b979@group-464FE5C38337: Successfully started.
2025-10-17 11:01:21,365 [dbd6f242-9b73-4bca-a110-3e2ec656b979-CreatePipelineCommandHandlerThread-0] INFO  ratis.XceiverServerRatis (XceiverServerRatis.java:addGroup(839)) - Created group Pipeline-934e2a31-aad3-48ca-83cf-464fe5c38337
2025-10-17 11:01:21,373 [b1eee25a-1fdf-4744-83c7-58e0513fce3b-groupManagement] INFO  server.RaftServerConfigKeys (ConfUtils.java:logGet(62)) - raft.server.log.appender.buffer.byte-limit = 33554432 (custom)
2025-10-17 11:01:21,373 [b1eee25a-1fdf-4744-83c7-58e0513fce3b-groupManagement] INFO  segmented.SegmentedRaftLogWorker (SegmentedRaftLogWorker.java:lambda$new$0(141)) - b1eee25a-1fdf-4744-83c7-58e0513fce3b@group-75927D842139-SegmentedRaftLogWorker: flushIndex: setUnconditionally 0 -> -1
2025-10-17 11:01:21,373 [b1eee25a-1fdf-4744-83c7-58e0513fce3b-groupManagement] INFO  segmented.SegmentedRaftLogWorker (SegmentedRaftLogWorker.java:lambda$new$0(141)) - b1eee25a-1fdf-4744-83c7-58e0513fce3b@group-75927D842139-SegmentedRaftLogWorker: safeCacheEvictIndex: setUnconditionally 0 -> -1
2025-10-17 11:01:21,374 [b1eee25a-1fdf-4744-83c7-58e0513fce3b-groupManagement] INFO  server.RaftServer$Division (RaftServerImpl.java:start(405)) - b1eee25a-1fdf-4744-83c7-58e0513fce3b@group-75927D842139: start as a follower, conf=conf: {index: -1, cur=peers:[b1eee25a-1fdf-4744-83c7-58e0513fce3b|127.0.0.1:15047, 718bfa29-2c47-4ab5-ac61-3dfe9c6b9d5c|127.0.0.1:15039, 2b4cc429-f9c1-416c-9a38-6239a2e149ea|127.0.0.1:15055]|listeners:[], old=null}
2025-10-17 11:01:21,374 [b1eee25a-1fdf-4744-83c7-58e0513fce3b-groupManagement] INFO  server.RaftServer$Division (RaftServerImpl.java:setRole(392)) - b1eee25a-1fdf-4744-83c7-58e0513fce3b@group-75927D842139: changes role from      null to FOLLOWER at term 0 for startAsFollower
2025-10-17 11:01:21,374 [b1eee25a-1fdf-4744-83c7-58e0513fce3b-groupManagement] INFO  impl.RoleInfo (RoleInfo.java:updateAndGet(148)) - b1eee25a-1fdf-4744-83c7-58e0513fce3b: start b1eee25a-1fdf-4744-83c7-58e0513fce3b@group-75927D842139-FollowerState
2025-10-17 11:01:21,374 [b1eee25a-1fdf-4744-83c7-58e0513fce3b-groupManagement] INFO  util.JmxRegister (JmxRegister.java:tryRegister(44)) - Successfully registered JMX Bean with object name Ratis:service=RaftServer,group=group-75927D842139,id=b1eee25a-1fdf-4744-83c7-58e0513fce3b
2025-10-17 11:01:21,374 [b1eee25a-1fdf-4744-83c7-58e0513fce3b-groupManagement] INFO  util.JmxRegister (JmxRegister.java:register(58)) - register mxBean class org.apache.ratis.server.impl.RaftServerJmxAdapter as Ratis:service=RaftServer,group=group-75927D842139,id=b1eee25a-1fdf-4744-83c7-58e0513fce3b
2025-10-17 11:01:21,377 [b1eee25a-1fdf-4744-83c7-58e0513fce3b-groupManagement] INFO  server.RaftServer$Division (RaftServerImpl.java:start(419)) - b1eee25a-1fdf-4744-83c7-58e0513fce3b@group-75927D842139: Successfully started.
2025-10-17 11:01:21,378 [b1eee25a-1fdf-4744-83c7-58e0513fce3b-CreatePipelineCommandHandlerThread-0] INFO  ratis.XceiverServerRatis (XceiverServerRatis.java:addGroup(839)) - Created group Pipeline-d912fc3f-3f11-4fdd-b926-75927d842139
2025-10-17 11:01:21,380 [grpc-default-executor-1] INFO  server.RaftServer (RaftServerProxy.java:addNew(105)) - ed6e9581-5875-4278-a8db-50829892434b: addNew group-464FE5C38337:[50dccd39-549f-4f43-8b1f-597bf98f9c16|127.0.0.1:15063, ed6e9581-5875-4278-a8db-50829892434b|127.0.0.1:15079, dbd6f242-9b73-4bca-a110-3e2ec656b979|127.0.0.1:15071] returns group-464FE5C38337:java.util.concurrent.CompletableFuture@65bcb3cc[Not completed]
2025-10-17 11:01:21,381 [ed6e9581-5875-4278-a8db-50829892434b-groupManagement] INFO  server.RaftServer$Division (RaftServerImpl.java:<init>(268)) - ed6e9581-5875-4278-a8db-50829892434b: new RaftServerImpl for group-464FE5C38337:[50dccd39-549f-4f43-8b1f-597bf98f9c16|127.0.0.1:15063, ed6e9581-5875-4278-a8db-50829892434b|127.0.0.1:15079, dbd6f242-9b73-4bca-a110-3e2ec656b979|127.0.0.1:15071] with ContainerStateMachine:uninitialized
2025-10-17 11:01:21,382 [ed6e9581-5875-4278-a8db-50829892434b-groupManagement] INFO  server.RaftServer$Division (ServerState.java:<init>(114)) - ed6e9581-5875-4278-a8db-50829892434b@group-464FE5C38337: ConfigurationManager, init=conf: {index: -1, cur=peers:[50dccd39-549f-4f43-8b1f-597bf98f9c16|127.0.0.1:15063, ed6e9581-5875-4278-a8db-50829892434b|127.0.0.1:15079, dbd6f242-9b73-4bca-a110-3e2ec656b979|127.0.0.1:15071]|listeners:[], old=null}, confs=<EMPTY_MAP>
2025-10-17 11:01:21,388 [ed6e9581-5875-4278-a8db-50829892434b-groupManagement] INFO  server.RaftServerConfigKeys (ConfUtils.java:logGet(62)) - raft.server.storage.dir = [/home/runner/work/ozone/ozone/hadoop-ozone/integration-test/target/test-dir/MiniOzoneClusterImpl-d1ffa5d3-3301-45c3-9f44-1ffa6967d237/ozone-metadata/datanode-9/ratis] (custom)
2025-10-17 11:01:21,389 [ed6e9581-5875-4278-a8db-50829892434b-groupManagement] INFO  storage.RaftStorageDirectory (RaftStorageDirectoryImpl.java:analyzeStorage(138)) - The storage directory /home/runner/work/ozone/ozone/hadoop-ozone/integration-test/target/test-dir/MiniOzoneClusterImpl-d1ffa5d3-3301-45c3-9f44-1ffa6967d237/ozone-metadata/datanode-9/ratis/934e2a31-aad3-48ca-83cf-464fe5c38337 does not exist. Creating ...
2025-10-17 11:01:21,390 [ed6e9581-5875-4278-a8db-50829892434b-groupManagement] INFO  storage.RaftStorageDirectory (RaftStorageDirectoryImpl.java:tryLock(229)) - Lock on /home/runner/work/ozone/ozone/hadoop-ozone/integration-test/target/test-dir/MiniOzoneClusterImpl-d1ffa5d3-3301-45c3-9f44-1ffa6967d237/ozone-metadata/datanode-9/ratis/934e2a31-aad3-48ca-83cf-464fe5c38337/in_use.lock acquired by nodename 40979@localhost
2025-10-17 11:01:21,393 [grpc-default-executor-4] WARN  server.GrpcAdminProtocolService (GrpcAdminProtocolService.java:lambda$groupManagement$1(53)) - Failed groupManagement: GROUPADD, GroupManagementRequest:client-48897F1720E0->718bfa29-2c47-4ab5-ac61-3dfe9c6b9d5c@group-75927D842139, cid=12, seq=null, RW, null, Add:group-75927D842139:[b1eee25a-1fdf-4744-83c7-58e0513fce3b|127.0.0.1:15047, 718bfa29-2c47-4ab5-ac61-3dfe9c6b9d5c|127.0.0.1:15039, 2b4cc429-f9c1-416c-9a38-6239a2e149ea|127.0.0.1:15055]
java.util.concurrent.CompletionException: org.apache.ratis.protocol.exceptions.AlreadyExistsException: 718bfa29-2c47-4ab5-ac61-3dfe9c6b9d5c: Failed to add group-75927D842139:[b1eee25a-1fdf-4744-83c7-58e0513fce3b|127.0.0.1:15047, 718bfa29-2c47-4ab5-ac61-3dfe9c6b9d5c|127.0.0.1:15039, 2b4cc429-f9c1-416c-9a38-6239a2e149ea|127.0.0.1:15055] since the group already exists in the map.
	at java.base/java.util.concurrent.CompletableFuture.encodeThrowable(CompletableFuture.java:332)
	at java.base/java.util.concurrent.CompletableFuture.uniApplyNow(CompletableFuture.java:674)
	at java.base/java.util.concurrent.CompletableFuture.uniApplyStage(CompletableFuture.java:662)
	at java.base/java.util.concurrent.CompletableFuture.thenApplyAsync(CompletableFuture.java:2210)
	at org.apache.ratis.server.impl.RaftServerProxy.groupAddAsync(RaftServerProxy.java:513)
	at org.apache.ratis.server.impl.RaftServerProxy.groupManagementAsync(RaftServerProxy.java:495)
	at org.apache.ratis.grpc.server.GrpcAdminProtocolService.lambda$groupManagement$0(GrpcAdminProtocolService.java:51)
	at org.apache.ratis.grpc.GrpcUtil.asyncCall(GrpcUtil.java:172)
	at org.apache.ratis.grpc.server.GrpcAdminProtocolService.groupManagement(GrpcAdminProtocolService.java:51)
	at org.apache.ratis.proto.grpc.AdminProtocolServiceGrpc$MethodHandlers.invoke(AdminProtocolServiceGrpc.java:701)
	at org.apache.ratis.thirdparty.io.grpc.stub.ServerCalls$UnaryServerCallHandler$UnaryServerCallListener.onHalfClose(ServerCalls.java:182)
	at org.apache.ratis.thirdparty.io.grpc.internal.ServerCallImpl$ServerStreamListenerImpl.halfClosed(ServerCallImpl.java:356)
	at org.apache.ratis.thirdparty.io.grpc.internal.ServerImpl$JumpToApplicationThreadServerStreamListener$1HalfClosed.runInContext(ServerImpl.java:861)
	at org.apache.ratis.thirdparty.io.grpc.internal.ContextRunnable.run(ContextRunnable.java:37)
	at org.apache.ratis.thirdparty.io.grpc.internal.SerializingExecutor.run(SerializingExecutor.java:133)
	at java.base/java.util.concurrent.ThreadPoolExecutor.runWorker(ThreadPoolExecutor.java:1144)
	at java.base/java.util.concurrent.ThreadPoolExecutor$Worker.run(ThreadPoolExecutor.java:642)
	at java.base/java.lang.Thread.run(Thread.java:1583)
Caused by: org.apache.ratis.protocol.exceptions.AlreadyExistsException: 718bfa29-2c47-4ab5-ac61-3dfe9c6b9d5c: Failed to add group-75927D842139:[b1eee25a-1fdf-4744-83c7-58e0513fce3b|127.0.0.1:15047, 718bfa29-2c47-4ab5-ac61-3dfe9c6b9d5c|127.0.0.1:15039, 2b4cc429-f9c1-416c-9a38-6239a2e149ea|127.0.0.1:15055] since the group already exists in the map.
	at org.apache.ratis.server.impl.RaftServerProxy$ImplMap.addNew(RaftServerProxy.java:99)
	at org.apache.ratis.server.impl.RaftServerProxy.groupAddAsync(RaftServerProxy.java:512)
	... 13 more
2025-10-17 11:01:21,393 [ed6e9581-5875-4278-a8db-50829892434b-groupManagement] INFO  storage.RaftStorage (RaftStorageImpl.java:format(98)) - Storage directory /home/runner/work/ozone/ozone/hadoop-ozone/integration-test/target/test-dir/MiniOzoneClusterImpl-d1ffa5d3-3301-45c3-9f44-1ffa6967d237/ozone-metadata/datanode-9/ratis/934e2a31-aad3-48ca-83cf-464fe5c38337 has been successfully formatted.
2025-10-17 11:01:21,394 [ed6e9581-5875-4278-a8db-50829892434b-groupManagement] INFO  ratis.ContainerStateMachine (ContainerStateMachine.java:initialize(339)) - ed6e9581-5875-4278-a8db-50829892434b: initialize group-464FE5C38337
2025-10-17 11:01:21,394 [ed6e9581-5875-4278-a8db-50829892434b-groupManagement] INFO  ratis.ContainerStateMachine (ContainerStateMachine.java:loadSnapshot(347)) - group-464FE5C38337: The snapshot info is null. Setting the last applied index to:<INITIAL_VALUE>
2025-10-17 11:01:21,396 [ed6e9581-5875-4278-a8db-50829892434b-groupManagement] INFO  server.RaftServerConfigKeys (ConfUtils.java:logGet(62)) - raft.server.log.appender.buffer.byte-limit = 33554432 (custom)
2025-10-17 11:01:21,400 | INFO  | SCMAudit | user=runner | ip=127.0.0.1 | op=SEND_HEARTBEAT {"datanodeUUID":"ed6e9581-5875-4278-a8db-50829892434b","term":"2","command":"[]"} | ret=SUCCESS |  
2025-10-17 11:01:21,403 [ed6e9581-5875-4278-a8db-50829892434b-groupManagement] INFO  server.RaftServerConfigKeys (ConfUtils.java:logGet(62)) - raft.server.log.segment.size.max = 67108864 (custom)
2025-10-17 11:01:21,403 [ed6e9581-5875-4278-a8db-50829892434b-groupManagement] INFO  server.RaftServerConfigKeys (ConfUtils.java:logGet(62)) - raft.server.log.appender.buffer.byte-limit = 33554432 (custom)
2025-10-17 11:01:21,404 [ed6e9581-5875-4278-a8db-50829892434b-groupManagement] INFO  util.AwaitToRun (AwaitToRun.java:start(81)) - Thread[#1630,ed6e9581-5875-4278-a8db-50829892434b@group-464FE5C38337-cacheEviction-AwaitToRun,5,main] started
2025-10-17 11:01:21,404 [ed6e9581-5875-4278-a8db-50829892434b-groupManagement] INFO  segmented.SegmentedRaftLogWorker (SegmentedRaftLogWorker.java:<init>(190)) - new ed6e9581-5875-4278-a8db-50829892434b@group-464FE5C38337-SegmentedRaftLogWorker for RaftStorageImpl:Storage Directory /home/runner/work/ozone/ozone/hadoop-ozone/integration-test/target/test-dir/MiniOzoneClusterImpl-d1ffa5d3-3301-45c3-9f44-1ffa6967d237/ozone-metadata/datanode-9/ratis/934e2a31-aad3-48ca-83cf-464fe5c38337
2025-10-17 11:01:21,405 [ed6e9581-5875-4278-a8db-50829892434b-groupManagement] INFO  server.RaftServerConfigKeys (ConfUtils.java:logGet(62)) - raft.server.log.queue.byte-limit = 4294967296 (custom)
2025-10-17 11:01:21,405 [ed6e9581-5875-4278-a8db-50829892434b-groupManagement] INFO  server.RaftServerConfigKeys (ConfUtils.java:logGet(62)) - raft.server.log.segment.size.max = 67108864 (custom)
2025-10-17 11:01:21,405 [ed6e9581-5875-4278-a8db-50829892434b-groupManagement] INFO  server.RaftServerConfigKeys (ConfUtils.java:logGet(62)) - raft.server.log.preallocated.size = 4194304 (custom)
2025-10-17 11:01:21,405 [ed6e9581-5875-4278-a8db-50829892434b-groupManagement] INFO  server.RaftServerConfigKeys (ConfUtils.java:logGet(62)) - raft.server.log.write.buffer.size = 33554440 (custom)
2025-10-17 11:01:21,407 [718bfa29-2c47-4ab5-ac61-3dfe9c6b9d5c-CreatePipelineCommandHandlerThread-0] INFO  commandhandler.CreatePipelineCommandHandler (CreatePipelineCommandHandler.java:lambda$handle$2(141)) - Created Pipeline RATIS THREE Pipeline-d912fc3f-3f11-4fdd-b926-75927d842139.
2025-10-17 11:01:21,417 [grpc-default-executor-4] WARN  server.GrpcAdminProtocolService (GrpcAdminProtocolService.java:lambda$groupManagement$1(53)) - Failed groupManagement: GROUPADD, GroupManagementRequest:client-10B2BB349308->2b4cc429-f9c1-416c-9a38-6239a2e149ea@group-75927D842139, cid=13, seq=null, RW, null, Add:group-75927D842139:[b1eee25a-1fdf-4744-83c7-58e0513fce3b|127.0.0.1:15047, 718bfa29-2c47-4ab5-ac61-3dfe9c6b9d5c|127.0.0.1:15039, 2b4cc429-f9c1-416c-9a38-6239a2e149ea|127.0.0.1:15055]
java.util.concurrent.CompletionException: org.apache.ratis.protocol.exceptions.AlreadyExistsException: 2b4cc429-f9c1-416c-9a38-6239a2e149ea: Failed to add group-75927D842139:[b1eee25a-1fdf-4744-83c7-58e0513fce3b|127.0.0.1:15047, 718bfa29-2c47-4ab5-ac61-3dfe9c6b9d5c|127.0.0.1:15039, 2b4cc429-f9c1-416c-9a38-6239a2e149ea|127.0.0.1:15055] since the group already exists in the map.
	at java.base/java.util.concurrent.CompletableFuture.encodeThrowable(CompletableFuture.java:332)
	at java.base/java.util.concurrent.CompletableFuture.uniApplyNow(CompletableFuture.java:674)
	at java.base/java.util.concurrent.CompletableFuture.uniApplyStage(CompletableFuture.java:662)
	at java.base/java.util.concurrent.CompletableFuture.thenApplyAsync(CompletableFuture.java:2210)
	at org.apache.ratis.server.impl.RaftServerProxy.groupAddAsync(RaftServerProxy.java:513)
	at org.apache.ratis.server.impl.RaftServerProxy.groupManagementAsync(RaftServerProxy.java:495)
	at org.apache.ratis.grpc.server.GrpcAdminProtocolService.lambda$groupManagement$0(GrpcAdminProtocolService.java:51)
	at org.apache.ratis.grpc.GrpcUtil.asyncCall(GrpcUtil.java:172)
	at org.apache.ratis.grpc.server.GrpcAdminProtocolService.groupManagement(GrpcAdminProtocolService.java:51)
	at org.apache.ratis.proto.grpc.AdminProtocolServiceGrpc$MethodHandlers.invoke(AdminProtocolServiceGrpc.java:701)
	at org.apache.ratis.thirdparty.io.grpc.stub.ServerCalls$UnaryServerCallHandler$UnaryServerCallListener.onHalfClose(ServerCalls.java:182)
	at org.apache.ratis.thirdparty.io.grpc.internal.ServerCallImpl$ServerStreamListenerImpl.halfClosed(ServerCallImpl.java:356)
	at org.apache.ratis.thirdparty.io.grpc.internal.ServerImpl$JumpToApplicationThreadServerStreamListener$1HalfClosed.runInContext(ServerImpl.java:861)
	at org.apache.ratis.thirdparty.io.grpc.internal.ContextRunnable.run(ContextRunnable.java:37)
	at org.apache.ratis.thirdparty.io.grpc.internal.SerializingExecutor.run(SerializingExecutor.java:133)
	at java.base/java.util.concurrent.ThreadPoolExecutor.runWorker(ThreadPoolExecutor.java:1144)
	at java.base/java.util.concurrent.ThreadPoolExecutor$Worker.run(ThreadPoolExecutor.java:642)
	at java.base/java.lang.Thread.run(Thread.java:1583)
Caused by: org.apache.ratis.protocol.exceptions.AlreadyExistsException: 2b4cc429-f9c1-416c-9a38-6239a2e149ea: Failed to add group-75927D842139:[b1eee25a-1fdf-4744-83c7-58e0513fce3b|127.0.0.1:15047, 718bfa29-2c47-4ab5-ac61-3dfe9c6b9d5c|127.0.0.1:15039, 2b4cc429-f9c1-416c-9a38-6239a2e149ea|127.0.0.1:15055] since the group already exists in the map.
	at org.apache.ratis.server.impl.RaftServerProxy$ImplMap.addNew(RaftServerProxy.java:99)
	at org.apache.ratis.server.impl.RaftServerProxy.groupAddAsync(RaftServerProxy.java:512)
	... 13 more
2025-10-17 11:01:21,417 [ed6e9581-5875-4278-a8db-50829892434b-groupManagement] INFO  server.RaftServerConfigKeys (ConfUtils.java:logGet(62)) - raft.server.log.appender.buffer.byte-limit = 33554432 (custom)
2025-10-17 11:01:21,418 [ed6e9581-5875-4278-a8db-50829892434b-groupManagement] INFO  segmented.SegmentedRaftLogWorker (SegmentedRaftLogWorker.java:lambda$new$0(141)) - ed6e9581-5875-4278-a8db-50829892434b@group-464FE5C38337-SegmentedRaftLogWorker: flushIndex: setUnconditionally 0 -> -1
2025-10-17 11:01:21,418 [ed6e9581-5875-4278-a8db-50829892434b-groupManagement] INFO  segmented.SegmentedRaftLogWorker (SegmentedRaftLogWorker.java:lambda$new$0(141)) - ed6e9581-5875-4278-a8db-50829892434b@group-464FE5C38337-SegmentedRaftLogWorker: safeCacheEvictIndex: setUnconditionally 0 -> -1
2025-10-17 11:01:21,418 [ed6e9581-5875-4278-a8db-50829892434b-groupManagement] INFO  server.RaftServer$Division (RaftServerImpl.java:start(405)) - ed6e9581-5875-4278-a8db-50829892434b@group-464FE5C38337: start as a follower, conf=conf: {index: -1, cur=peers:[50dccd39-549f-4f43-8b1f-597bf98f9c16|127.0.0.1:15063, ed6e9581-5875-4278-a8db-50829892434b|127.0.0.1:15079, dbd6f242-9b73-4bca-a110-3e2ec656b979|127.0.0.1:15071]|listeners:[], old=null}
2025-10-17 11:01:21,419 [ed6e9581-5875-4278-a8db-50829892434b-groupManagement] INFO  server.RaftServer$Division (RaftServerImpl.java:setRole(392)) - ed6e9581-5875-4278-a8db-50829892434b@group-464FE5C38337: changes role from      null to FOLLOWER at term 0 for startAsFollower
2025-10-17 11:01:21,419 [ed6e9581-5875-4278-a8db-50829892434b-groupManagement] INFO  impl.RoleInfo (RoleInfo.java:updateAndGet(148)) - ed6e9581-5875-4278-a8db-50829892434b: start ed6e9581-5875-4278-a8db-50829892434b@group-464FE5C38337-FollowerState
2025-10-17 11:01:21,419 [ed6e9581-5875-4278-a8db-50829892434b-groupManagement] INFO  util.JmxRegister (JmxRegister.java:tryRegister(44)) - Successfully registered JMX Bean with object name Ratis:service=RaftServer,group=group-464FE5C38337,id=ed6e9581-5875-4278-a8db-50829892434b
2025-10-17 11:01:21,419 [ed6e9581-5875-4278-a8db-50829892434b-groupManagement] INFO  util.JmxRegister (JmxRegister.java:register(58)) - register mxBean class org.apache.ratis.server.impl.RaftServerJmxAdapter as Ratis:service=RaftServer,group=group-464FE5C38337,id=ed6e9581-5875-4278-a8db-50829892434b
2025-10-17 11:01:21,423 [ed6e9581-5875-4278-a8db-50829892434b-groupManagement] INFO  server.RaftServer$Division (RaftServerImpl.java:start(419)) - ed6e9581-5875-4278-a8db-50829892434b@group-464FE5C38337: Successfully started.
2025-10-17 11:01:21,430 [b1eee25a-1fdf-4744-83c7-58e0513fce3b-CreatePipelineCommandHandlerThread-0] INFO  commandhandler.CreatePipelineCommandHandler (CreatePipelineCommandHandler.java:lambda$handle$2(141)) - Created Pipeline RATIS THREE Pipeline-d912fc3f-3f11-4fdd-b926-75927d842139.
2025-10-17 11:01:21,434 [grpc-default-executor-4] INFO  server.RaftServer (RaftServerProxy.java:addNew(105)) - 50dccd39-549f-4f43-8b1f-597bf98f9c16: addNew group-464FE5C38337:[50dccd39-549f-4f43-8b1f-597bf98f9c16|127.0.0.1:15063, ed6e9581-5875-4278-a8db-50829892434b|127.0.0.1:15079, dbd6f242-9b73-4bca-a110-3e2ec656b979|127.0.0.1:15071] returns group-464FE5C38337:java.util.concurrent.CompletableFuture@1e135cc1[Not completed]
2025-10-17 11:01:21,436 [50dccd39-549f-4f43-8b1f-597bf98f9c16-groupManagement] INFO  server.RaftServer$Division (RaftServerImpl.java:<init>(268)) - 50dccd39-549f-4f43-8b1f-597bf98f9c16: new RaftServerImpl for group-464FE5C38337:[50dccd39-549f-4f43-8b1f-597bf98f9c16|127.0.0.1:15063, ed6e9581-5875-4278-a8db-50829892434b|127.0.0.1:15079, dbd6f242-9b73-4bca-a110-3e2ec656b979|127.0.0.1:15071] with ContainerStateMachine:uninitialized
2025-10-17 11:01:21,436 [50dccd39-549f-4f43-8b1f-597bf98f9c16-groupManagement] INFO  server.RaftServer$Division (ServerState.java:<init>(114)) - 50dccd39-549f-4f43-8b1f-597bf98f9c16@group-464FE5C38337: ConfigurationManager, init=conf: {index: -1, cur=peers:[50dccd39-549f-4f43-8b1f-597bf98f9c16|127.0.0.1:15063, ed6e9581-5875-4278-a8db-50829892434b|127.0.0.1:15079, dbd6f242-9b73-4bca-a110-3e2ec656b979|127.0.0.1:15071]|listeners:[], old=null}, confs=<EMPTY_MAP>
2025-10-17 11:01:21,441 [50dccd39-549f-4f43-8b1f-597bf98f9c16-groupManagement] INFO  server.RaftServerConfigKeys (ConfUtils.java:logGet(62)) - raft.server.storage.dir = [/home/runner/work/ozone/ozone/hadoop-ozone/integration-test/target/test-dir/MiniOzoneClusterImpl-d1ffa5d3-3301-45c3-9f44-1ffa6967d237/ozone-metadata/datanode-7/ratis] (custom)
2025-10-17 11:01:21,442 [50dccd39-549f-4f43-8b1f-597bf98f9c16-groupManagement] INFO  storage.RaftStorageDirectory (RaftStorageDirectoryImpl.java:analyzeStorage(138)) - The storage directory /home/runner/work/ozone/ozone/hadoop-ozone/integration-test/target/test-dir/MiniOzoneClusterImpl-d1ffa5d3-3301-45c3-9f44-1ffa6967d237/ozone-metadata/datanode-7/ratis/934e2a31-aad3-48ca-83cf-464fe5c38337 does not exist. Creating ...
2025-10-17 11:01:21,443 [50dccd39-549f-4f43-8b1f-597bf98f9c16-groupManagement] INFO  storage.RaftStorageDirectory (RaftStorageDirectoryImpl.java:tryLock(229)) - Lock on /home/runner/work/ozone/ozone/hadoop-ozone/integration-test/target/test-dir/MiniOzoneClusterImpl-d1ffa5d3-3301-45c3-9f44-1ffa6967d237/ozone-metadata/datanode-7/ratis/934e2a31-aad3-48ca-83cf-464fe5c38337/in_use.lock acquired by nodename 40979@localhost
2025-10-17 11:01:21,444 [50dccd39-549f-4f43-8b1f-597bf98f9c16-groupManagement] INFO  storage.RaftStorage (RaftStorageImpl.java:format(98)) - Storage directory /home/runner/work/ozone/ozone/hadoop-ozone/integration-test/target/test-dir/MiniOzoneClusterImpl-d1ffa5d3-3301-45c3-9f44-1ffa6967d237/ozone-metadata/datanode-7/ratis/934e2a31-aad3-48ca-83cf-464fe5c38337 has been successfully formatted.
2025-10-17 11:01:21,445 [50dccd39-549f-4f43-8b1f-597bf98f9c16-groupManagement] INFO  ratis.ContainerStateMachine (ContainerStateMachine.java:initialize(339)) - 50dccd39-549f-4f43-8b1f-597bf98f9c16: initialize group-464FE5C38337
2025-10-17 11:01:21,445 [50dccd39-549f-4f43-8b1f-597bf98f9c16-groupManagement] INFO  ratis.ContainerStateMachine (ContainerStateMachine.java:loadSnapshot(347)) - group-464FE5C38337: The snapshot info is null. Setting the last applied index to:<INITIAL_VALUE>
2025-10-17 11:01:21,446 [50dccd39-549f-4f43-8b1f-597bf98f9c16-groupManagement] INFO  server.RaftServerConfigKeys (ConfUtils.java:logGet(62)) - raft.server.log.appender.buffer.byte-limit = 33554432 (custom)
2025-10-17 11:01:21,446 | INFO  | SCMAudit | user=runner | ip=127.0.0.1 | op=SEND_HEARTBEAT {"datanodeUUID":"50dccd39-549f-4f43-8b1f-597bf98f9c16","term":"2","command":"[]"} | ret=SUCCESS |  
2025-10-17 11:01:21,447 [50dccd39-549f-4f43-8b1f-597bf98f9c16-groupManagement] INFO  server.RaftServerConfigKeys (ConfUtils.java:logGet(62)) - raft.server.log.segment.size.max = 67108864 (custom)
2025-10-17 11:01:21,448 [50dccd39-549f-4f43-8b1f-597bf98f9c16-groupManagement] INFO  server.RaftServerConfigKeys (ConfUtils.java:logGet(62)) - raft.server.log.appender.buffer.byte-limit = 33554432 (custom)
2025-10-17 11:01:21,449 | INFO  | SCMAudit | user=runner | ip=127.0.0.1 | op=SEND_HEARTBEAT {"datanodeUUID":"28c08cd4-c049-4c66-8210-e254cf68b291","term":"2","command":"[]"} | ret=SUCCESS |  
2025-10-17 11:01:21,450 [50dccd39-549f-4f43-8b1f-597bf98f9c16-groupManagement] INFO  util.AwaitToRun (AwaitToRun.java:start(81)) - Thread[#1644,50dccd39-549f-4f43-8b1f-597bf98f9c16@group-464FE5C38337-cacheEviction-AwaitToRun,5,main] started
2025-10-17 11:01:21,450 [50dccd39-549f-4f43-8b1f-597bf98f9c16-groupManagement] INFO  segmented.SegmentedRaftLogWorker (SegmentedRaftLogWorker.java:<init>(190)) - new 50dccd39-549f-4f43-8b1f-597bf98f9c16@group-464FE5C38337-SegmentedRaftLogWorker for RaftStorageImpl:Storage Directory /home/runner/work/ozone/ozone/hadoop-ozone/integration-test/target/test-dir/MiniOzoneClusterImpl-d1ffa5d3-3301-45c3-9f44-1ffa6967d237/ozone-metadata/datanode-7/ratis/934e2a31-aad3-48ca-83cf-464fe5c38337
2025-10-17 11:01:21,450 [50dccd39-549f-4f43-8b1f-597bf98f9c16-groupManagement] INFO  server.RaftServerConfigKeys (ConfUtils.java:logGet(62)) - raft.server.log.queue.byte-limit = 4294967296 (custom)
2025-10-17 11:01:21,450 [50dccd39-549f-4f43-8b1f-597bf98f9c16-groupManagement] INFO  server.RaftServerConfigKeys (ConfUtils.java:logGet(62)) - raft.server.log.segment.size.max = 67108864 (custom)
2025-10-17 11:01:21,450 [50dccd39-549f-4f43-8b1f-597bf98f9c16-groupManagement] INFO  server.RaftServerConfigKeys (ConfUtils.java:logGet(62)) - raft.server.log.preallocated.size = 4194304 (custom)
2025-10-17 11:01:21,450 [50dccd39-549f-4f43-8b1f-597bf98f9c16-groupManagement] INFO  server.RaftServerConfigKeys (ConfUtils.java:logGet(62)) - raft.server.log.write.buffer.size = 33554440 (custom)
2025-10-17 11:01:21,459 [50dccd39-549f-4f43-8b1f-597bf98f9c16-groupManagement] INFO  server.RaftServerConfigKeys (ConfUtils.java:logGet(62)) - raft.server.log.appender.buffer.byte-limit = 33554432 (custom)
2025-10-17 11:01:21,459 [50dccd39-549f-4f43-8b1f-597bf98f9c16-groupManagement] INFO  segmented.SegmentedRaftLogWorker (SegmentedRaftLogWorker.java:lambda$new$0(141)) - 50dccd39-549f-4f43-8b1f-597bf98f9c16@group-464FE5C38337-SegmentedRaftLogWorker: flushIndex: setUnconditionally 0 -> -1
2025-10-17 11:01:21,460 [50dccd39-549f-4f43-8b1f-597bf98f9c16-groupManagement] INFO  segmented.SegmentedRaftLogWorker (SegmentedRaftLogWorker.java:lambda$new$0(141)) - 50dccd39-549f-4f43-8b1f-597bf98f9c16@group-464FE5C38337-SegmentedRaftLogWorker: safeCacheEvictIndex: setUnconditionally 0 -> -1
2025-10-17 11:01:21,460 [50dccd39-549f-4f43-8b1f-597bf98f9c16-groupManagement] INFO  server.RaftServer$Division (RaftServerImpl.java:start(405)) - 50dccd39-549f-4f43-8b1f-597bf98f9c16@group-464FE5C38337: start as a follower, conf=conf: {index: -1, cur=peers:[50dccd39-549f-4f43-8b1f-597bf98f9c16|127.0.0.1:15063, ed6e9581-5875-4278-a8db-50829892434b|127.0.0.1:15079, dbd6f242-9b73-4bca-a110-3e2ec656b979|127.0.0.1:15071]|listeners:[], old=null}
2025-10-17 11:01:21,460 [50dccd39-549f-4f43-8b1f-597bf98f9c16-groupManagement] INFO  server.RaftServer$Division (RaftServerImpl.java:setRole(392)) - 50dccd39-549f-4f43-8b1f-597bf98f9c16@group-464FE5C38337: changes role from      null to FOLLOWER at term 0 for startAsFollower
2025-10-17 11:01:21,460 [50dccd39-549f-4f43-8b1f-597bf98f9c16-groupManagement] INFO  impl.RoleInfo (RoleInfo.java:updateAndGet(148)) - 50dccd39-549f-4f43-8b1f-597bf98f9c16: start 50dccd39-549f-4f43-8b1f-597bf98f9c16@group-464FE5C38337-FollowerState
2025-10-17 11:01:21,461 [50dccd39-549f-4f43-8b1f-597bf98f9c16-groupManagement] INFO  util.JmxRegister (JmxRegister.java:tryRegister(44)) - Successfully registered JMX Bean with object name Ratis:service=RaftServer,group=group-464FE5C38337,id=50dccd39-549f-4f43-8b1f-597bf98f9c16
2025-10-17 11:01:21,461 [50dccd39-549f-4f43-8b1f-597bf98f9c16-groupManagement] INFO  util.JmxRegister (JmxRegister.java:register(58)) - register mxBean class org.apache.ratis.server.impl.RaftServerJmxAdapter as Ratis:service=RaftServer,group=group-464FE5C38337,id=50dccd39-549f-4f43-8b1f-597bf98f9c16
2025-10-17 11:01:21,461 [50dccd39-549f-4f43-8b1f-597bf98f9c16-groupManagement] INFO  server.RaftServer$Division (RaftServerImpl.java:start(419)) - 50dccd39-549f-4f43-8b1f-597bf98f9c16@group-464FE5C38337: Successfully started.
2025-10-17 11:01:21,465 [dbd6f242-9b73-4bca-a110-3e2ec656b979-CreatePipelineCommandHandlerThread-0] INFO  commandhandler.CreatePipelineCommandHandler (CreatePipelineCommandHandler.java:lambda$handle$2(141)) - Created Pipeline RATIS THREE Pipeline-934e2a31-aad3-48ca-83cf-464fe5c38337.
2025-10-17 11:01:21,506 | INFO  | SCMAudit | user=runner | ip=127.0.0.1 | op=SEND_HEARTBEAT {"datanodeUUID":"99c47355-c013-4450-a734-aff6d3c99677","term":"2","command":"[]"} | ret=SUCCESS |  
2025-10-17 11:01:21,507 | INFO  | SCMAudit | user=runner | ip=127.0.0.1 | op=SEND_HEARTBEAT {"datanodeUUID":"a5293c95-44e9-4ea9-88ca-89089eac4b59","term":"2","command":"[commandType: createPipelineCommand createPipelineCommandProto { pipelineID { id: \"db0770b4-cfb6-4df0-b01c-950a8ad064ec\" uuid128 { mostSigBits: -2664036732685103632 leastSigBits: -5756562351175211796 } } type: RATIS factor: ONE datanode { uuid: \"a5293c95-44e9-4ea9-88ca-89089eac4b59\" ipAddress: \"127.0.0.1\" hostName: \"localhost\" ports { name: \"HTTP\" value: 15114 } ports { name: \"CLIENT_RPC\" value: 15115 } ports { name: \"REPLICATION\" value: 15121 } ports { name: \"RATIS\" value: 15117 } ports { name: \"RATIS_ADMIN\" value: 15118 } ports { name: \"RATIS_SERVER\" value: 15119 } ports { name: \"RATIS_DATASTREAM\" value: 15120 } ports { name: \"STANDALONE\" value: 15116 } networkName: \"a5293c95-44e9-4ea9-88ca-89089eac4b59\" networkLocation: \"/default-rack\" persistedOpState: IN_SERVICE persistedOpStateExpiry: 0 currentVersion: 2 uuid128 { mostSigBits: -6545633971602370903 leastSigBits: -8589902669140964519 } level: 3 id { uuid { mostSigBits: -6545633971602370903 leastSigBits: -8589902669140964519 } } } cmdId: 1760698877852 priority: 1 } term: 2 encodedToken: \"\" deadlineMsSinceEpoch: 0]"} | ret=SUCCESS |  
2025-10-17 11:01:21,519 [2b4cc429-f9c1-416c-9a38-6239a2e149ea-CreatePipelineCommandHandlerThread-0] INFO  server.RaftServer (RaftServerProxy.java:addNew(105)) - 2b4cc429-f9c1-416c-9a38-6239a2e149ea: addNew group-5A0E63D108F7:[2b4cc429-f9c1-416c-9a38-6239a2e149ea|127.0.0.1:15055] returns group-5A0E63D108F7:java.util.concurrent.CompletableFuture@380046f2[Not completed]
2025-10-17 11:01:21,520 [2b4cc429-f9c1-416c-9a38-6239a2e149ea-groupManagement] INFO  server.RaftServer$Division (RaftServerImpl.java:<init>(268)) - 2b4cc429-f9c1-416c-9a38-6239a2e149ea: new RaftServerImpl for group-5A0E63D108F7:[2b4cc429-f9c1-416c-9a38-6239a2e149ea|127.0.0.1:15055] with ContainerStateMachine:uninitialized
2025-10-17 11:01:21,520 [2b4cc429-f9c1-416c-9a38-6239a2e149ea-groupManagement] INFO  server.RaftServer$Division (ServerState.java:<init>(114)) - 2b4cc429-f9c1-416c-9a38-6239a2e149ea@group-5A0E63D108F7: ConfigurationManager, init=conf: {index: -1, cur=peers:[2b4cc429-f9c1-416c-9a38-6239a2e149ea|127.0.0.1:15055]|listeners:[], old=null}, confs=<EMPTY_MAP>
2025-10-17 11:01:21,525 [2b4cc429-f9c1-416c-9a38-6239a2e149ea-groupManagement] INFO  server.RaftServerConfigKeys (ConfUtils.java:logGet(62)) - raft.server.storage.dir = [/home/runner/work/ozone/ozone/hadoop-ozone/integration-test/target/test-dir/MiniOzoneClusterImpl-d1ffa5d3-3301-45c3-9f44-1ffa6967d237/ozone-metadata/datanode-6/ratis] (custom)
2025-10-17 11:01:21,525 [2b4cc429-f9c1-416c-9a38-6239a2e149ea-groupManagement] INFO  storage.RaftStorageDirectory (RaftStorageDirectoryImpl.java:analyzeStorage(138)) - The storage directory /home/runner/work/ozone/ozone/hadoop-ozone/integration-test/target/test-dir/MiniOzoneClusterImpl-d1ffa5d3-3301-45c3-9f44-1ffa6967d237/ozone-metadata/datanode-6/ratis/5f4e9118-c366-43aa-be7d-5a0e63d108f7 does not exist. Creating ...
2025-10-17 11:01:21,526 [2b4cc429-f9c1-416c-9a38-6239a2e149ea-groupManagement] INFO  storage.RaftStorageDirectory (RaftStorageDirectoryImpl.java:tryLock(229)) - Lock on /home/runner/work/ozone/ozone/hadoop-ozone/integration-test/target/test-dir/MiniOzoneClusterImpl-d1ffa5d3-3301-45c3-9f44-1ffa6967d237/ozone-metadata/datanode-6/ratis/5f4e9118-c366-43aa-be7d-5a0e63d108f7/in_use.lock acquired by nodename 40979@localhost
2025-10-17 11:01:21,527 [2b4cc429-f9c1-416c-9a38-6239a2e149ea-groupManagement] INFO  storage.RaftStorage (RaftStorageImpl.java:format(98)) - Storage directory /home/runner/work/ozone/ozone/hadoop-ozone/integration-test/target/test-dir/MiniOzoneClusterImpl-d1ffa5d3-3301-45c3-9f44-1ffa6967d237/ozone-metadata/datanode-6/ratis/5f4e9118-c366-43aa-be7d-5a0e63d108f7 has been successfully formatted.
2025-10-17 11:01:21,527 [2b4cc429-f9c1-416c-9a38-6239a2e149ea-groupManagement] INFO  ratis.ContainerStateMachine (ContainerStateMachine.java:initialize(339)) - 2b4cc429-f9c1-416c-9a38-6239a2e149ea: initialize group-5A0E63D108F7
2025-10-17 11:01:21,527 [2b4cc429-f9c1-416c-9a38-6239a2e149ea-groupManagement] INFO  ratis.ContainerStateMachine (ContainerStateMachine.java:loadSnapshot(347)) - group-5A0E63D108F7: The snapshot info is null. Setting the last applied index to:<INITIAL_VALUE>
2025-10-17 11:01:21,528 [2b4cc429-f9c1-416c-9a38-6239a2e149ea-groupManagement] INFO  server.RaftServerConfigKeys (ConfUtils.java:logGet(62)) - raft.server.log.appender.buffer.byte-limit = 33554432 (custom)
2025-10-17 11:01:21,530 [2b4cc429-f9c1-416c-9a38-6239a2e149ea-groupManagement] INFO  server.RaftServerConfigKeys (ConfUtils.java:logGet(62)) - raft.server.log.segment.size.max = 67108864 (custom)
2025-10-17 11:01:21,530 | INFO  | SCMAudit | user=runner | ip=127.0.0.1 | op=SEND_HEARTBEAT {"datanodeUUID":"2b4cc429-f9c1-416c-9a38-6239a2e149ea","term":"2","command":"[]"} | ret=SUCCESS |  
2025-10-17 11:01:21,530 [2b4cc429-f9c1-416c-9a38-6239a2e149ea-groupManagement] INFO  server.RaftServerConfigKeys (ConfUtils.java:logGet(62)) - raft.server.log.appender.buffer.byte-limit = 33554432 (custom)
2025-10-17 11:01:21,530 [2b4cc429-f9c1-416c-9a38-6239a2e149ea-groupManagement] INFO  util.AwaitToRun (AwaitToRun.java:start(81)) - Thread[#1652,2b4cc429-f9c1-416c-9a38-6239a2e149ea@group-5A0E63D108F7-cacheEviction-AwaitToRun,5,main] started
2025-10-17 11:01:21,530 [2b4cc429-f9c1-416c-9a38-6239a2e149ea-groupManagement] INFO  segmented.SegmentedRaftLogWorker (SegmentedRaftLogWorker.java:<init>(190)) - new 2b4cc429-f9c1-416c-9a38-6239a2e149ea@group-5A0E63D108F7-SegmentedRaftLogWorker for RaftStorageImpl:Storage Directory /home/runner/work/ozone/ozone/hadoop-ozone/integration-test/target/test-dir/MiniOzoneClusterImpl-d1ffa5d3-3301-45c3-9f44-1ffa6967d237/ozone-metadata/datanode-6/ratis/5f4e9118-c366-43aa-be7d-5a0e63d108f7
2025-10-17 11:01:21,530 [2b4cc429-f9c1-416c-9a38-6239a2e149ea-groupManagement] INFO  server.RaftServerConfigKeys (ConfUtils.java:logGet(62)) - raft.server.log.queue.byte-limit = 4294967296 (custom)
2025-10-17 11:01:21,530 [2b4cc429-f9c1-416c-9a38-6239a2e149ea-groupManagement] INFO  server.RaftServerConfigKeys (ConfUtils.java:logGet(62)) - raft.server.log.segment.size.max = 67108864 (custom)
2025-10-17 11:01:21,530 [2b4cc429-f9c1-416c-9a38-6239a2e149ea-groupManagement] INFO  server.RaftServerConfigKeys (ConfUtils.java:logGet(62)) - raft.server.log.preallocated.size = 4194304 (custom)
2025-10-17 11:01:21,531 [2b4cc429-f9c1-416c-9a38-6239a2e149ea-groupManagement] INFO  server.RaftServerConfigKeys (ConfUtils.java:logGet(62)) - raft.server.log.write.buffer.size = 33554440 (custom)
2025-10-17 11:01:21,531 [EventQueue-PipelineReportForPipelineReportHandler] INFO  pipeline.PipelineReportHandler (PipelineReportHandler.java:processPipelineReport(132)) - Opened pipeline Pipeline-5f4e9118-c366-43aa-be7d-5a0e63d108f7
2025-10-17 11:01:21,538 [2b4cc429-f9c1-416c-9a38-6239a2e149ea-groupManagement] INFO  server.RaftServerConfigKeys (ConfUtils.java:logGet(62)) - raft.server.log.appender.buffer.byte-limit = 33554432 (custom)
2025-10-17 11:01:21,538 [2b4cc429-f9c1-416c-9a38-6239a2e149ea-groupManagement] INFO  segmented.SegmentedRaftLogWorker (SegmentedRaftLogWorker.java:lambda$new$0(141)) - 2b4cc429-f9c1-416c-9a38-6239a2e149ea@group-5A0E63D108F7-SegmentedRaftLogWorker: flushIndex: setUnconditionally 0 -> -1
2025-10-17 11:01:21,538 [2b4cc429-f9c1-416c-9a38-6239a2e149ea-groupManagement] INFO  segmented.SegmentedRaftLogWorker (SegmentedRaftLogWorker.java:lambda$new$0(141)) - 2b4cc429-f9c1-416c-9a38-6239a2e149ea@group-5A0E63D108F7-SegmentedRaftLogWorker: safeCacheEvictIndex: setUnconditionally 0 -> -1
2025-10-17 11:01:21,538 [2b4cc429-f9c1-416c-9a38-6239a2e149ea-groupManagement] INFO  server.RaftServer$Division (RaftServerImpl.java:start(405)) - 2b4cc429-f9c1-416c-9a38-6239a2e149ea@group-5A0E63D108F7: start as a follower, conf=conf: {index: -1, cur=peers:[2b4cc429-f9c1-416c-9a38-6239a2e149ea|127.0.0.1:15055]|listeners:[], old=null}
2025-10-17 11:01:21,539 [2b4cc429-f9c1-416c-9a38-6239a2e149ea-groupManagement] INFO  server.RaftServer$Division (RaftServerImpl.java:setRole(392)) - 2b4cc429-f9c1-416c-9a38-6239a2e149ea@group-5A0E63D108F7: changes role from      null to FOLLOWER at term 0 for startAsFollower
2025-10-17 11:01:21,539 [2b4cc429-f9c1-416c-9a38-6239a2e149ea-groupManagement] INFO  impl.RoleInfo (RoleInfo.java:updateAndGet(148)) - 2b4cc429-f9c1-416c-9a38-6239a2e149ea: start 2b4cc429-f9c1-416c-9a38-6239a2e149ea@group-5A0E63D108F7-FollowerState
2025-10-17 11:01:21,539 [2b4cc429-f9c1-416c-9a38-6239a2e149ea-groupManagement] INFO  util.JmxRegister (JmxRegister.java:tryRegister(44)) - Successfully registered JMX Bean with object name Ratis:service=RaftServer,group=group-5A0E63D108F7,id=2b4cc429-f9c1-416c-9a38-6239a2e149ea
2025-10-17 11:01:21,539 [2b4cc429-f9c1-416c-9a38-6239a2e149ea-groupManagement] INFO  util.JmxRegister (JmxRegister.java:register(58)) - register mxBean class org.apache.ratis.server.impl.RaftServerJmxAdapter as Ratis:service=RaftServer,group=group-5A0E63D108F7,id=2b4cc429-f9c1-416c-9a38-6239a2e149ea
2025-10-17 11:01:21,540 [2b4cc429-f9c1-416c-9a38-6239a2e149ea-groupManagement] INFO  server.RaftServer$Division (RaftServerImpl.java:start(419)) - 2b4cc429-f9c1-416c-9a38-6239a2e149ea@group-5A0E63D108F7: Successfully started.
2025-10-17 11:01:21,540 [2b4cc429-f9c1-416c-9a38-6239a2e149ea-CreatePipelineCommandHandlerThread-0] INFO  ratis.XceiverServerRatis (XceiverServerRatis.java:addGroup(839)) - Created group Pipeline-5f4e9118-c366-43aa-be7d-5a0e63d108f7
2025-10-17 11:01:21,540 [2b4cc429-f9c1-416c-9a38-6239a2e149ea-CreatePipelineCommandHandlerThread-0] INFO  commandhandler.CreatePipelineCommandHandler (CreatePipelineCommandHandler.java:lambda$handle$2(141)) - Created Pipeline RATIS ONE Pipeline-5f4e9118-c366-43aa-be7d-5a0e63d108f7.
2025-10-17 11:01:21,590 | INFO  | SCMAudit | user=runner | ip=127.0.0.1 | op=SEND_HEARTBEAT {"datanodeUUID":"309ab1ff-9f5a-4058-8b2f-94d451ce5267","term":"2","command":"[]"} | ret=SUCCESS |  
2025-10-17 11:01:21,650 [7995ae7b-77ec-4e72-809d-814459f62ee0-CreatePipelineCommandHandlerThread-0] INFO  server.RaftServer (RaftServerProxy.java:addNew(105)) - 7995ae7b-77ec-4e72-809d-814459f62ee0: addNew group-BE399A50C686:[7995ae7b-77ec-4e72-809d-814459f62ee0|127.0.0.1:15095] returns group-BE399A50C686:java.util.concurrent.CompletableFuture@ea5359[Not completed]
2025-10-17 11:01:21,651 [7995ae7b-77ec-4e72-809d-814459f62ee0-groupManagement] INFO  server.RaftServer$Division (RaftServerImpl.java:<init>(268)) - 7995ae7b-77ec-4e72-809d-814459f62ee0: new RaftServerImpl for group-BE399A50C686:[7995ae7b-77ec-4e72-809d-814459f62ee0|127.0.0.1:15095] with ContainerStateMachine:uninitialized
2025-10-17 11:01:21,651 [7995ae7b-77ec-4e72-809d-814459f62ee0-groupManagement] INFO  server.RaftServer$Division (ServerState.java:<init>(114)) - 7995ae7b-77ec-4e72-809d-814459f62ee0@group-BE399A50C686: ConfigurationManager, init=conf: {index: -1, cur=peers:[7995ae7b-77ec-4e72-809d-814459f62ee0|127.0.0.1:15095]|listeners:[], old=null}, confs=<EMPTY_MAP>
2025-10-17 11:01:21,653 | INFO  | SCMAudit | user=runner | ip=127.0.0.1 | op=SEND_HEARTBEAT {"datanodeUUID":"7995ae7b-77ec-4e72-809d-814459f62ee0","term":"2","command":"[]"} | ret=SUCCESS |  
2025-10-17 11:01:21,656 [7995ae7b-77ec-4e72-809d-814459f62ee0-groupManagement] INFO  server.RaftServerConfigKeys (ConfUtils.java:logGet(62)) - raft.server.storage.dir = [/home/runner/work/ozone/ozone/hadoop-ozone/integration-test/target/test-dir/MiniOzoneClusterImpl-d1ffa5d3-3301-45c3-9f44-1ffa6967d237/ozone-metadata/datanode-11/ratis] (custom)
2025-10-17 11:01:21,656 [7995ae7b-77ec-4e72-809d-814459f62ee0-groupManagement] INFO  storage.RaftStorageDirectory (RaftStorageDirectoryImpl.java:analyzeStorage(138)) - The storage directory /home/runner/work/ozone/ozone/hadoop-ozone/integration-test/target/test-dir/MiniOzoneClusterImpl-d1ffa5d3-3301-45c3-9f44-1ffa6967d237/ozone-metadata/datanode-11/ratis/333b9edd-f738-4917-8db9-be399a50c686 does not exist. Creating ...
2025-10-17 11:01:21,657 [7995ae7b-77ec-4e72-809d-814459f62ee0-groupManagement] INFO  storage.RaftStorageDirectory (RaftStorageDirectoryImpl.java:tryLock(229)) - Lock on /home/runner/work/ozone/ozone/hadoop-ozone/integration-test/target/test-dir/MiniOzoneClusterImpl-d1ffa5d3-3301-45c3-9f44-1ffa6967d237/ozone-metadata/datanode-11/ratis/333b9edd-f738-4917-8db9-be399a50c686/in_use.lock acquired by nodename 40979@localhost
2025-10-17 11:01:21,658 [7995ae7b-77ec-4e72-809d-814459f62ee0-groupManagement] INFO  storage.RaftStorage (RaftStorageImpl.java:format(98)) - Storage directory /home/runner/work/ozone/ozone/hadoop-ozone/integration-test/target/test-dir/MiniOzoneClusterImpl-d1ffa5d3-3301-45c3-9f44-1ffa6967d237/ozone-metadata/datanode-11/ratis/333b9edd-f738-4917-8db9-be399a50c686 has been successfully formatted.
2025-10-17 11:01:21,658 [7995ae7b-77ec-4e72-809d-814459f62ee0-groupManagement] INFO  ratis.ContainerStateMachine (ContainerStateMachine.java:initialize(339)) - 7995ae7b-77ec-4e72-809d-814459f62ee0: initialize group-BE399A50C686
2025-10-17 11:01:21,658 [7995ae7b-77ec-4e72-809d-814459f62ee0-groupManagement] INFO  ratis.ContainerStateMachine (ContainerStateMachine.java:loadSnapshot(347)) - group-BE399A50C686: The snapshot info is null. Setting the last applied index to:<INITIAL_VALUE>
2025-10-17 11:01:21,658 [7995ae7b-77ec-4e72-809d-814459f62ee0-groupManagement] INFO  server.RaftServerConfigKeys (ConfUtils.java:logGet(62)) - raft.server.log.appender.buffer.byte-limit = 33554432 (custom)
2025-10-17 11:01:21,660 | INFO  | SCMAudit | user=runner | ip=127.0.0.1 | op=SEND_HEARTBEAT {"datanodeUUID":"7995ae7b-77ec-4e72-809d-814459f62ee0","term":"2","command":"[]"} | ret=SUCCESS |  
2025-10-17 11:01:21,660 [7995ae7b-77ec-4e72-809d-814459f62ee0-groupManagement] INFO  server.RaftServerConfigKeys (ConfUtils.java:logGet(62)) - raft.server.log.segment.size.max = 67108864 (custom)
2025-10-17 11:01:21,661 [7995ae7b-77ec-4e72-809d-814459f62ee0-groupManagement] INFO  server.RaftServerConfigKeys (ConfUtils.java:logGet(62)) - raft.server.log.appender.buffer.byte-limit = 33554432 (custom)
2025-10-17 11:01:21,661 [7995ae7b-77ec-4e72-809d-814459f62ee0-groupManagement] INFO  util.AwaitToRun (AwaitToRun.java:start(81)) - Thread[#1658,7995ae7b-77ec-4e72-809d-814459f62ee0@group-BE399A50C686-cacheEviction-AwaitToRun,5,main] started
2025-10-17 11:01:21,661 [7995ae7b-77ec-4e72-809d-814459f62ee0-groupManagement] INFO  segmented.SegmentedRaftLogWorker (SegmentedRaftLogWorker.java:<init>(190)) - new 7995ae7b-77ec-4e72-809d-814459f62ee0@group-BE399A50C686-SegmentedRaftLogWorker for RaftStorageImpl:Storage Directory /home/runner/work/ozone/ozone/hadoop-ozone/integration-test/target/test-dir/MiniOzoneClusterImpl-d1ffa5d3-3301-45c3-9f44-1ffa6967d237/ozone-metadata/datanode-11/ratis/333b9edd-f738-4917-8db9-be399a50c686
2025-10-17 11:01:21,661 [7995ae7b-77ec-4e72-809d-814459f62ee0-groupManagement] INFO  server.RaftServerConfigKeys (ConfUtils.java:logGet(62)) - raft.server.log.queue.byte-limit = 4294967296 (custom)
2025-10-17 11:01:21,661 [7995ae7b-77ec-4e72-809d-814459f62ee0-groupManagement] INFO  server.RaftServerConfigKeys (ConfUtils.java:logGet(62)) - raft.server.log.segment.size.max = 67108864 (custom)
2025-10-17 11:01:21,661 [7995ae7b-77ec-4e72-809d-814459f62ee0-groupManagement] INFO  server.RaftServerConfigKeys (ConfUtils.java:logGet(62)) - raft.server.log.preallocated.size = 4194304 (custom)
2025-10-17 11:01:21,662 [7995ae7b-77ec-4e72-809d-814459f62ee0-groupManagement] INFO  server.RaftServerConfigKeys (ConfUtils.java:logGet(62)) - raft.server.log.write.buffer.size = 33554440 (custom)
2025-10-17 11:01:21,665 [EventQueue-PipelineReportForPipelineReportHandler] INFO  pipeline.PipelineReportHandler (PipelineReportHandler.java:processPipelineReport(132)) - Opened pipeline Pipeline-333b9edd-f738-4917-8db9-be399a50c686
2025-10-17 11:01:21,670 [7995ae7b-77ec-4e72-809d-814459f62ee0-groupManagement] INFO  server.RaftServerConfigKeys (ConfUtils.java:logGet(62)) - raft.server.log.appender.buffer.byte-limit = 33554432 (custom)
2025-10-17 11:01:21,670 [7995ae7b-77ec-4e72-809d-814459f62ee0-groupManagement] INFO  segmented.SegmentedRaftLogWorker (SegmentedRaftLogWorker.java:lambda$new$0(141)) - 7995ae7b-77ec-4e72-809d-814459f62ee0@group-BE399A50C686-SegmentedRaftLogWorker: flushIndex: setUnconditionally 0 -> -1
2025-10-17 11:01:21,670 [7995ae7b-77ec-4e72-809d-814459f62ee0-groupManagement] INFO  segmented.SegmentedRaftLogWorker (SegmentedRaftLogWorker.java:lambda$new$0(141)) - 7995ae7b-77ec-4e72-809d-814459f62ee0@group-BE399A50C686-SegmentedRaftLogWorker: safeCacheEvictIndex: setUnconditionally 0 -> -1
2025-10-17 11:01:21,670 [7995ae7b-77ec-4e72-809d-814459f62ee0-groupManagement] INFO  server.RaftServer$Division (RaftServerImpl.java:start(405)) - 7995ae7b-77ec-4e72-809d-814459f62ee0@group-BE399A50C686: start as a follower, conf=conf: {index: -1, cur=peers:[7995ae7b-77ec-4e72-809d-814459f62ee0|127.0.0.1:15095]|listeners:[], old=null}
2025-10-17 11:01:21,670 [7995ae7b-77ec-4e72-809d-814459f62ee0-groupManagement] INFO  server.RaftServer$Division (RaftServerImpl.java:setRole(392)) - 7995ae7b-77ec-4e72-809d-814459f62ee0@group-BE399A50C686: changes role from      null to FOLLOWER at term 0 for startAsFollower
2025-10-17 11:01:21,670 [7995ae7b-77ec-4e72-809d-814459f62ee0-groupManagement] INFO  impl.RoleInfo (RoleInfo.java:updateAndGet(148)) - 7995ae7b-77ec-4e72-809d-814459f62ee0: start 7995ae7b-77ec-4e72-809d-814459f62ee0@group-BE399A50C686-FollowerState
2025-10-17 11:01:21,671 [7995ae7b-77ec-4e72-809d-814459f62ee0-groupManagement] INFO  util.JmxRegister (JmxRegister.java:tryRegister(44)) - Successfully registered JMX Bean with object name Ratis:service=RaftServer,group=group-BE399A50C686,id=7995ae7b-77ec-4e72-809d-814459f62ee0
2025-10-17 11:01:21,671 [7995ae7b-77ec-4e72-809d-814459f62ee0-groupManagement] INFO  util.JmxRegister (JmxRegister.java:register(58)) - register mxBean class org.apache.ratis.server.impl.RaftServerJmxAdapter as Ratis:service=RaftServer,group=group-BE399A50C686,id=7995ae7b-77ec-4e72-809d-814459f62ee0
2025-10-17 11:01:21,672 [7995ae7b-77ec-4e72-809d-814459f62ee0-groupManagement] INFO  server.RaftServer$Division (RaftServerImpl.java:start(419)) - 7995ae7b-77ec-4e72-809d-814459f62ee0@group-BE399A50C686: Successfully started.
2025-10-17 11:01:21,672 [7995ae7b-77ec-4e72-809d-814459f62ee0-CreatePipelineCommandHandlerThread-0] INFO  ratis.XceiverServerRatis (XceiverServerRatis.java:addGroup(839)) - Created group Pipeline-333b9edd-f738-4917-8db9-be399a50c686
2025-10-17 11:01:21,672 [7995ae7b-77ec-4e72-809d-814459f62ee0-CreatePipelineCommandHandlerThread-0] INFO  commandhandler.CreatePipelineCommandHandler (CreatePipelineCommandHandler.java:lambda$handle$2(141)) - Created Pipeline RATIS ONE Pipeline-333b9edd-f738-4917-8db9-be399a50c686.
2025-10-17 11:01:21,672 [7995ae7b-77ec-4e72-809d-814459f62ee0-CreatePipelineCommandHandlerThread-0] INFO  server.RaftServer (RaftServerProxy.java:addNew(105)) - 7995ae7b-77ec-4e72-809d-814459f62ee0: addNew group-5C170CCB5E2D:[3a11eef6-a527-493c-8ba3-ae39ecaefa56|127.0.0.1:15103, 28c08cd4-c049-4c66-8210-e254cf68b291|127.0.0.1:15087, 7995ae7b-77ec-4e72-809d-814459f62ee0|127.0.0.1:15095] returns group-5C170CCB5E2D:java.util.concurrent.CompletableFuture@4a470a9a[Not completed]
2025-10-17 11:01:21,673 [7995ae7b-77ec-4e72-809d-814459f62ee0-groupManagement] INFO  server.RaftServer$Division (RaftServerImpl.java:<init>(268)) - 7995ae7b-77ec-4e72-809d-814459f62ee0: new RaftServerImpl for group-5C170CCB5E2D:[3a11eef6-a527-493c-8ba3-ae39ecaefa56|127.0.0.1:15103, 28c08cd4-c049-4c66-8210-e254cf68b291|127.0.0.1:15087, 7995ae7b-77ec-4e72-809d-814459f62ee0|127.0.0.1:15095] with ContainerStateMachine:uninitialized
2025-10-17 11:01:21,673 [7995ae7b-77ec-4e72-809d-814459f62ee0-groupManagement] INFO  server.RaftServer$Division (ServerState.java:<init>(114)) - 7995ae7b-77ec-4e72-809d-814459f62ee0@group-5C170CCB5E2D: ConfigurationManager, init=conf: {index: -1, cur=peers:[3a11eef6-a527-493c-8ba3-ae39ecaefa56|127.0.0.1:15103, 28c08cd4-c049-4c66-8210-e254cf68b291|127.0.0.1:15087, 7995ae7b-77ec-4e72-809d-814459f62ee0|127.0.0.1:15095]|listeners:[], old=null}, confs=<EMPTY_MAP>
2025-10-17 11:01:21,677 [7995ae7b-77ec-4e72-809d-814459f62ee0-groupManagement] INFO  storage.RaftStorageDirectory (RaftStorageDirectoryImpl.java:analyzeStorage(138)) - The storage directory /home/runner/work/ozone/ozone/hadoop-ozone/integration-test/target/test-dir/MiniOzoneClusterImpl-d1ffa5d3-3301-45c3-9f44-1ffa6967d237/ozone-metadata/datanode-11/ratis/4324291b-b287-433b-ae36-5c170ccb5e2d does not exist. Creating ...
2025-10-17 11:01:21,678 [7995ae7b-77ec-4e72-809d-814459f62ee0-groupManagement] INFO  storage.RaftStorageDirectory (RaftStorageDirectoryImpl.java:tryLock(229)) - Lock on /home/runner/work/ozone/ozone/hadoop-ozone/integration-test/target/test-dir/MiniOzoneClusterImpl-d1ffa5d3-3301-45c3-9f44-1ffa6967d237/ozone-metadata/datanode-11/ratis/4324291b-b287-433b-ae36-5c170ccb5e2d/in_use.lock acquired by nodename 40979@localhost
2025-10-17 11:01:21,679 [7995ae7b-77ec-4e72-809d-814459f62ee0-groupManagement] INFO  storage.RaftStorage (RaftStorageImpl.java:format(98)) - Storage directory /home/runner/work/ozone/ozone/hadoop-ozone/integration-test/target/test-dir/MiniOzoneClusterImpl-d1ffa5d3-3301-45c3-9f44-1ffa6967d237/ozone-metadata/datanode-11/ratis/4324291b-b287-433b-ae36-5c170ccb5e2d has been successfully formatted.
2025-10-17 11:01:21,679 [7995ae7b-77ec-4e72-809d-814459f62ee0-groupManagement] INFO  ratis.ContainerStateMachine (ContainerStateMachine.java:initialize(339)) - 7995ae7b-77ec-4e72-809d-814459f62ee0: initialize group-5C170CCB5E2D
2025-10-17 11:01:21,679 [7995ae7b-77ec-4e72-809d-814459f62ee0-groupManagement] INFO  ratis.ContainerStateMachine (ContainerStateMachine.java:loadSnapshot(347)) - group-5C170CCB5E2D: The snapshot info is null. Setting the last applied index to:<INITIAL_VALUE>
2025-10-17 11:01:21,679 [7995ae7b-77ec-4e72-809d-814459f62ee0-groupManagement] INFO  server.RaftServerConfigKeys (ConfUtils.java:logGet(62)) - raft.server.log.appender.buffer.byte-limit = 33554432 (custom)
2025-10-17 11:01:21,681 [7995ae7b-77ec-4e72-809d-814459f62ee0-groupManagement] INFO  server.RaftServerConfigKeys (ConfUtils.java:logGet(62)) - raft.server.log.segment.size.max = 67108864 (custom)
2025-10-17 11:01:21,682 [7995ae7b-77ec-4e72-809d-814459f62ee0-groupManagement] INFO  server.RaftServerConfigKeys (ConfUtils.java:logGet(62)) - raft.server.log.appender.buffer.byte-limit = 33554432 (custom)
2025-10-17 11:01:21,683 | INFO  | SCMAudit | user=runner | ip=127.0.0.1 | op=SEND_HEARTBEAT {"datanodeUUID":"7995ae7b-77ec-4e72-809d-814459f62ee0","term":"2","command":"[]"} | ret=SUCCESS |  
2025-10-17 11:01:21,683 [7995ae7b-77ec-4e72-809d-814459f62ee0-groupManagement] INFO  util.AwaitToRun (AwaitToRun.java:start(81)) - Thread[#1662,7995ae7b-77ec-4e72-809d-814459f62ee0@group-5C170CCB5E2D-cacheEviction-AwaitToRun,5,main] started
2025-10-17 11:01:21,684 [7995ae7b-77ec-4e72-809d-814459f62ee0-groupManagement] INFO  segmented.SegmentedRaftLogWorker (SegmentedRaftLogWorker.java:<init>(190)) - new 7995ae7b-77ec-4e72-809d-814459f62ee0@group-5C170CCB5E2D-SegmentedRaftLogWorker for RaftStorageImpl:Storage Directory /home/runner/work/ozone/ozone/hadoop-ozone/integration-test/target/test-dir/MiniOzoneClusterImpl-d1ffa5d3-3301-45c3-9f44-1ffa6967d237/ozone-metadata/datanode-11/ratis/4324291b-b287-433b-ae36-5c170ccb5e2d
2025-10-17 11:01:21,684 [7995ae7b-77ec-4e72-809d-814459f62ee0-groupManagement] INFO  server.RaftServerConfigKeys (ConfUtils.java:logGet(62)) - raft.server.log.queue.byte-limit = 4294967296 (custom)
2025-10-17 11:01:21,684 [7995ae7b-77ec-4e72-809d-814459f62ee0-groupManagement] INFO  server.RaftServerConfigKeys (ConfUtils.java:logGet(62)) - raft.server.log.segment.size.max = 67108864 (custom)
2025-10-17 11:01:21,684 [7995ae7b-77ec-4e72-809d-814459f62ee0-groupManagement] INFO  server.RaftServerConfigKeys (ConfUtils.java:logGet(62)) - raft.server.log.preallocated.size = 4194304 (custom)
2025-10-17 11:01:21,685 [7995ae7b-77ec-4e72-809d-814459f62ee0-groupManagement] INFO  server.RaftServerConfigKeys (ConfUtils.java:logGet(62)) - raft.server.log.write.buffer.size = 33554440 (custom)
2025-10-17 11:01:21,694 [7995ae7b-77ec-4e72-809d-814459f62ee0-groupManagement] INFO  server.RaftServerConfigKeys (ConfUtils.java:logGet(62)) - raft.server.log.appender.buffer.byte-limit = 33554432 (custom)
2025-10-17 11:01:21,694 [7995ae7b-77ec-4e72-809d-814459f62ee0-groupManagement] INFO  segmented.SegmentedRaftLogWorker (SegmentedRaftLogWorker.java:lambda$new$0(141)) - 7995ae7b-77ec-4e72-809d-814459f62ee0@group-5C170CCB5E2D-SegmentedRaftLogWorker: flushIndex: setUnconditionally 0 -> -1
2025-10-17 11:01:21,694 [7995ae7b-77ec-4e72-809d-814459f62ee0-groupManagement] INFO  segmented.SegmentedRaftLogWorker (SegmentedRaftLogWorker.java:lambda$new$0(141)) - 7995ae7b-77ec-4e72-809d-814459f62ee0@group-5C170CCB5E2D-SegmentedRaftLogWorker: safeCacheEvictIndex: setUnconditionally 0 -> -1
2025-10-17 11:01:21,694 [7995ae7b-77ec-4e72-809d-814459f62ee0-groupManagement] INFO  server.RaftServer$Division (RaftServerImpl.java:start(405)) - 7995ae7b-77ec-4e72-809d-814459f62ee0@group-5C170CCB5E2D: start as a follower, conf=conf: {index: -1, cur=peers:[3a11eef6-a527-493c-8ba3-ae39ecaefa56|127.0.0.1:15103, 28c08cd4-c049-4c66-8210-e254cf68b291|127.0.0.1:15087, 7995ae7b-77ec-4e72-809d-814459f62ee0|127.0.0.1:15095]|listeners:[], old=null}
2025-10-17 11:01:21,694 [7995ae7b-77ec-4e72-809d-814459f62ee0-groupManagement] INFO  server.RaftServer$Division (RaftServerImpl.java:setRole(392)) - 7995ae7b-77ec-4e72-809d-814459f62ee0@group-5C170CCB5E2D: changes role from      null to FOLLOWER at term 0 for startAsFollower
2025-10-17 11:01:21,695 [7995ae7b-77ec-4e72-809d-814459f62ee0-groupManagement] INFO  impl.RoleInfo (RoleInfo.java:updateAndGet(148)) - 7995ae7b-77ec-4e72-809d-814459f62ee0: start 7995ae7b-77ec-4e72-809d-814459f62ee0@group-5C170CCB5E2D-FollowerState
2025-10-17 11:01:21,695 [7995ae7b-77ec-4e72-809d-814459f62ee0-groupManagement] INFO  util.JmxRegister (JmxRegister.java:tryRegister(44)) - Successfully registered JMX Bean with object name Ratis:service=RaftServer,group=group-5C170CCB5E2D,id=7995ae7b-77ec-4e72-809d-814459f62ee0
2025-10-17 11:01:21,695 [7995ae7b-77ec-4e72-809d-814459f62ee0-groupManagement] INFO  util.JmxRegister (JmxRegister.java:register(58)) - register mxBean class org.apache.ratis.server.impl.RaftServerJmxAdapter as Ratis:service=RaftServer,group=group-5C170CCB5E2D,id=7995ae7b-77ec-4e72-809d-814459f62ee0
2025-10-17 11:01:21,696 [7995ae7b-77ec-4e72-809d-814459f62ee0-groupManagement] INFO  server.RaftServer$Division (RaftServerImpl.java:start(419)) - 7995ae7b-77ec-4e72-809d-814459f62ee0@group-5C170CCB5E2D: Successfully started.
2025-10-17 11:01:21,696 [7995ae7b-77ec-4e72-809d-814459f62ee0-CreatePipelineCommandHandlerThread-0] INFO  ratis.XceiverServerRatis (XceiverServerRatis.java:addGroup(839)) - Created group Pipeline-4324291b-b287-433b-ae36-5c170ccb5e2d
2025-10-17 11:01:21,699 [99c47355-c013-4450-a734-aff6d3c99677@group-6EA1D32114B8-FollowerState] INFO  impl.FollowerState (FollowerState.java:runImpl(161)) - 99c47355-c013-4450-a734-aff6d3c99677@group-6EA1D32114B8-FollowerState: change to CANDIDATE, lastRpcElapsedTime:1168903781ns, electionTimeout:1168ms
2025-10-17 11:01:21,699 [99c47355-c013-4450-a734-aff6d3c99677@group-6EA1D32114B8-FollowerState] INFO  impl.RoleInfo (RoleInfo.java:shutdownFollowerState(121)) - 99c47355-c013-4450-a734-aff6d3c99677: shutdown 99c47355-c013-4450-a734-aff6d3c99677@group-6EA1D32114B8-FollowerState
2025-10-17 11:01:21,699 [99c47355-c013-4450-a734-aff6d3c99677@group-6EA1D32114B8-FollowerState] INFO  server.RaftServer$Division (RaftServerImpl.java:setRole(392)) - 99c47355-c013-4450-a734-aff6d3c99677@group-6EA1D32114B8: changes role from  FOLLOWER to CANDIDATE at term 0 for changeToCandidate
2025-10-17 11:01:21,699 [99c47355-c013-4450-a734-aff6d3c99677@group-6EA1D32114B8-FollowerState] INFO  impl.RoleInfo (RoleInfo.java:updateAndGet(148)) - 99c47355-c013-4450-a734-aff6d3c99677: start 99c47355-c013-4450-a734-aff6d3c99677@group-6EA1D32114B8-LeaderElection9
2025-10-17 11:01:21,700 [99c47355-c013-4450-a734-aff6d3c99677@group-6EA1D32114B8-LeaderElection9] INFO  impl.LeaderElection (LeaderElection.java:askForVotes(448)) - 99c47355-c013-4450-a734-aff6d3c99677@group-6EA1D32114B8-LeaderElection9 PRE_VOTE round 0: submit vote requests at term 0 for conf: {index: -1, cur=peers:[99c47355-c013-4450-a734-aff6d3c99677|127.0.0.1:15023]|listeners:[], old=null}
2025-10-17 11:01:21,700 [99c47355-c013-4450-a734-aff6d3c99677@group-6EA1D32114B8-LeaderElection9] INFO  impl.LeaderElection (LeaderElection.java:askForVotes(450)) - 99c47355-c013-4450-a734-aff6d3c99677@group-6EA1D32114B8-LeaderElection9 PRE_VOTE round 0: result PASSED (term=0)
2025-10-17 11:01:21,704 [99c47355-c013-4450-a734-aff6d3c99677@group-6EA1D32114B8-LeaderElection9] INFO  impl.LeaderElection (LeaderElection.java:askForVotes(448)) - 99c47355-c013-4450-a734-aff6d3c99677@group-6EA1D32114B8-LeaderElection9 ELECTION round 0: submit vote requests at term 1 for conf: {index: -1, cur=peers:[99c47355-c013-4450-a734-aff6d3c99677|127.0.0.1:15023]|listeners:[], old=null}
2025-10-17 11:01:21,704 [99c47355-c013-4450-a734-aff6d3c99677@group-6EA1D32114B8-LeaderElection9] INFO  impl.LeaderElection (LeaderElection.java:askForVotes(450)) - 99c47355-c013-4450-a734-aff6d3c99677@group-6EA1D32114B8-LeaderElection9 ELECTION round 0: result PASSED (term=1)
2025-10-17 11:01:21,704 [99c47355-c013-4450-a734-aff6d3c99677@group-6EA1D32114B8-LeaderElection9] INFO  impl.RoleInfo (RoleInfo.java:shutdownLeaderElection(141)) - 99c47355-c013-4450-a734-aff6d3c99677: shutdown 99c47355-c013-4450-a734-aff6d3c99677@group-6EA1D32114B8-LeaderElection9
2025-10-17 11:01:21,704 [99c47355-c013-4450-a734-aff6d3c99677@group-6EA1D32114B8-LeaderElection9] INFO  server.RaftServer$Division (RaftServerImpl.java:setRole(392)) - 99c47355-c013-4450-a734-aff6d3c99677@group-6EA1D32114B8: changes role from CANDIDATE to LEADER at term 1 for changeToLeader
2025-10-17 11:01:21,704 [99c47355-c013-4450-a734-aff6d3c99677@group-6EA1D32114B8-LeaderElection9] INFO  server.RaftServerConfigKeys (ConfUtils.java:logFallback(69)) - raft.server.staging.timeout = 15600ms (fallback to raft.server.rpc.timeout.max)
2025-10-17 11:01:21,704 [99c47355-c013-4450-a734-aff6d3c99677@group-6EA1D32114B8-LeaderElection9] INFO  server.RaftServerConfigKeys (ConfUtils.java:logGet(62)) - raft.server.write.byte-limit = 1024 M (=1073741824) (custom)
2025-10-17 11:01:21,704 [grpc-default-executor-4] INFO  server.RaftServer (RaftServerProxy.java:addNew(105)) - 3a11eef6-a527-493c-8ba3-ae39ecaefa56: addNew group-5C170CCB5E2D:[3a11eef6-a527-493c-8ba3-ae39ecaefa56|127.0.0.1:15103, 28c08cd4-c049-4c66-8210-e254cf68b291|127.0.0.1:15087, 7995ae7b-77ec-4e72-809d-814459f62ee0|127.0.0.1:15095] returns group-5C170CCB5E2D:java.util.concurrent.CompletableFuture@380bc3fe[Not completed]
2025-10-17 11:01:21,705 [3a11eef6-a527-493c-8ba3-ae39ecaefa56-groupManagement] INFO  server.RaftServer$Division (RaftServerImpl.java:<init>(268)) - 3a11eef6-a527-493c-8ba3-ae39ecaefa56: new RaftServerImpl for group-5C170CCB5E2D:[3a11eef6-a527-493c-8ba3-ae39ecaefa56|127.0.0.1:15103, 28c08cd4-c049-4c66-8210-e254cf68b291|127.0.0.1:15087, 7995ae7b-77ec-4e72-809d-814459f62ee0|127.0.0.1:15095] with ContainerStateMachine:uninitialized
2025-10-17 11:01:21,706 [3a11eef6-a527-493c-8ba3-ae39ecaefa56-groupManagement] INFO  server.RaftServer$Division (ServerState.java:<init>(114)) - 3a11eef6-a527-493c-8ba3-ae39ecaefa56@group-5C170CCB5E2D: ConfigurationManager, init=conf: {index: -1, cur=peers:[3a11eef6-a527-493c-8ba3-ae39ecaefa56|127.0.0.1:15103, 28c08cd4-c049-4c66-8210-e254cf68b291|127.0.0.1:15087, 7995ae7b-77ec-4e72-809d-814459f62ee0|127.0.0.1:15095]|listeners:[], old=null}, confs=<EMPTY_MAP>
2025-10-17 11:01:21,708 [99c47355-c013-4450-a734-aff6d3c99677@group-6EA1D32114B8-LeaderElection9] INFO  impl.RoleInfo (RoleInfo.java:updateAndGet(148)) - 99c47355-c013-4450-a734-aff6d3c99677: start 99c47355-c013-4450-a734-aff6d3c99677@group-6EA1D32114B8-LeaderStateImpl
2025-10-17 11:01:21,708 [99c47355-c013-4450-a734-aff6d3c99677@group-6EA1D32114B8-LeaderElection9] INFO  server.RaftServer$Division (RaftServerImpl.java:setFirstElection(576)) - 99c47355-c013-4450-a734-aff6d3c99677@group-6EA1D32114B8: set firstElectionSinceStartup to false for becomeLeader
2025-10-17 11:01:21,709 [99c47355-c013-4450-a734-aff6d3c99677@group-6EA1D32114B8-LeaderElection9] INFO  ratis.XceiverServerRatis (XceiverServerRatis.java:handleLeaderChangedNotification(940)) - Leader change notification received for group: group-6EA1D32114B8 with new leaderId: 99c47355-c013-4450-a734-aff6d3c99677
2025-10-17 11:01:21,709 [99c47355-c013-4450-a734-aff6d3c99677@group-6EA1D32114B8-LeaderElection9] INFO  server.RaftServer$Division (ServerState.java:setLeader(272)) - 99c47355-c013-4450-a734-aff6d3c99677@group-6EA1D32114B8: change Leader from null to 99c47355-c013-4450-a734-aff6d3c99677 at term 1 for becomeLeader, leader elected after 1210ms
2025-10-17 11:01:21,709 [99c47355-c013-4450-a734-aff6d3c99677@group-6EA1D32114B8-LeaderElection9] INFO  segmented.SegmentedRaftLogWorker (SegmentedRaftLogWorker.java:startLogSegment(440)) - 99c47355-c013-4450-a734-aff6d3c99677@group-6EA1D32114B8-SegmentedRaftLogWorker: Starting segment from index:0
2025-10-17 11:01:21,709 [99c47355-c013-4450-a734-aff6d3c99677@group-6EA1D32114B8-LeaderElection9] INFO  server.RaftServer$Division (ServerState.java:setRaftConf(386)) - 99c47355-c013-4450-a734-aff6d3c99677@group-6EA1D32114B8: set configuration conf: {index: 0, cur=peers:[99c47355-c013-4450-a734-aff6d3c99677|127.0.0.1:15023]|listeners:[], old=null}
2025-10-17 11:01:21,712 | INFO  | SCMAudit | user=runner | ip=127.0.0.1 | op=SEND_HEARTBEAT {"datanodeUUID":"99c47355-c013-4450-a734-aff6d3c99677","term":"2","command":"[]"} | ret=SUCCESS |  
2025-10-17 11:01:21,713 [99c47355-c013-4450-a734-aff6d3c99677@group-6EA1D32114B8-SegmentedRaftLogWorker] INFO  segmented.BufferedWriteChannel (BufferedWriteChannel.java:open(61)) - open log_inprogress_0 at position 0
2025-10-17 11:01:21,715 [3a11eef6-a527-493c-8ba3-ae39ecaefa56-groupManagement] INFO  server.RaftServerConfigKeys (ConfUtils.java:logGet(62)) - raft.server.storage.dir = [/home/runner/work/ozone/ozone/hadoop-ozone/integration-test/target/test-dir/MiniOzoneClusterImpl-d1ffa5d3-3301-45c3-9f44-1ffa6967d237/ozone-metadata/datanode-12/ratis] (custom)
2025-10-17 11:01:21,715 [3a11eef6-a527-493c-8ba3-ae39ecaefa56-groupManagement] INFO  storage.RaftStorageDirectory (RaftStorageDirectoryImpl.java:analyzeStorage(138)) - The storage directory /home/runner/work/ozone/ozone/hadoop-ozone/integration-test/target/test-dir/MiniOzoneClusterImpl-d1ffa5d3-3301-45c3-9f44-1ffa6967d237/ozone-metadata/datanode-12/ratis/4324291b-b287-433b-ae36-5c170ccb5e2d does not exist. Creating ...
2025-10-17 11:01:21,717 [3a11eef6-a527-493c-8ba3-ae39ecaefa56-groupManagement] INFO  storage.RaftStorageDirectory (RaftStorageDirectoryImpl.java:tryLock(229)) - Lock on /home/runner/work/ozone/ozone/hadoop-ozone/integration-test/target/test-dir/MiniOzoneClusterImpl-d1ffa5d3-3301-45c3-9f44-1ffa6967d237/ozone-metadata/datanode-12/ratis/4324291b-b287-433b-ae36-5c170ccb5e2d/in_use.lock acquired by nodename 40979@localhost
2025-10-17 11:01:21,718 [99c47355-c013-4450-a734-aff6d3c99677@group-6EA1D32114B8-SegmentedRaftLogWorker] INFO  segmented.SegmentedRaftLogWorker (SegmentedRaftLogWorker.java:execute(647)) - 99c47355-c013-4450-a734-aff6d3c99677@group-6EA1D32114B8-SegmentedRaftLogWorker: created new log segment /home/runner/work/ozone/ozone/hadoop-ozone/integration-test/target/test-dir/MiniOzoneClusterImpl-d1ffa5d3-3301-45c3-9f44-1ffa6967d237/ozone-metadata/datanode-2/ratis/6b2deba0-04fb-41c2-94ac-6ea1d32114b8/current/log_inprogress_0
2025-10-17 11:01:21,718 [3a11eef6-a527-493c-8ba3-ae39ecaefa56-groupManagement] INFO  storage.RaftStorage (RaftStorageImpl.java:format(98)) - Storage directory /home/runner/work/ozone/ozone/hadoop-ozone/integration-test/target/test-dir/MiniOzoneClusterImpl-d1ffa5d3-3301-45c3-9f44-1ffa6967d237/ozone-metadata/datanode-12/ratis/4324291b-b287-433b-ae36-5c170ccb5e2d has been successfully formatted.
2025-10-17 11:01:21,718 [3a11eef6-a527-493c-8ba3-ae39ecaefa56-groupManagement] INFO  ratis.ContainerStateMachine (ContainerStateMachine.java:initialize(339)) - 3a11eef6-a527-493c-8ba3-ae39ecaefa56: initialize group-5C170CCB5E2D
2025-10-17 11:01:21,719 [3a11eef6-a527-493c-8ba3-ae39ecaefa56-groupManagement] INFO  ratis.ContainerStateMachine (ContainerStateMachine.java:loadSnapshot(347)) - group-5C170CCB5E2D: The snapshot info is null. Setting the last applied index to:<INITIAL_VALUE>
2025-10-17 11:01:21,720 [3a11eef6-a527-493c-8ba3-ae39ecaefa56-groupManagement] INFO  server.RaftServerConfigKeys (ConfUtils.java:logGet(62)) - raft.server.log.appender.buffer.byte-limit = 33554432 (custom)
2025-10-17 11:01:21,720 [99c47355-c013-4450-a734-aff6d3c99677@group-6EA1D32114B8-StateMachineUpdater] INFO  server.RaftServer$Division (LeaderStateImpl.java:checkStartIndex(309)) - Leader 99c47355-c013-4450-a734-aff6d3c99677@group-6EA1D32114B8-LeaderStateImpl is ready since appliedIndex == startIndex == 0
2025-10-17 11:01:21,721 | INFO  | SCMAudit | user=runner | ip=127.0.0.1 | op=SEND_HEARTBEAT {"datanodeUUID":"3a11eef6-a527-493c-8ba3-ae39ecaefa56","term":"2","command":"[]"} | ret=SUCCESS |  
2025-10-17 11:01:21,723 [3a11eef6-a527-493c-8ba3-ae39ecaefa56-groupManagement] INFO  server.RaftServerConfigKeys (ConfUtils.java:logGet(62)) - raft.server.log.segment.size.max = 67108864 (custom)
2025-10-17 11:01:21,724 [3a11eef6-a527-493c-8ba3-ae39ecaefa56-groupManagement] INFO  server.RaftServerConfigKeys (ConfUtils.java:logGet(62)) - raft.server.log.appender.buffer.byte-limit = 33554432 (custom)
2025-10-17 11:01:21,724 [3a11eef6-a527-493c-8ba3-ae39ecaefa56-groupManagement] INFO  util.AwaitToRun (AwaitToRun.java:start(81)) - Thread[#1669,3a11eef6-a527-493c-8ba3-ae39ecaefa56@group-5C170CCB5E2D-cacheEviction-AwaitToRun,5,main] started
2025-10-17 11:01:21,724 [3a11eef6-a527-493c-8ba3-ae39ecaefa56-groupManagement] INFO  segmented.SegmentedRaftLogWorker (SegmentedRaftLogWorker.java:<init>(190)) - new 3a11eef6-a527-493c-8ba3-ae39ecaefa56@group-5C170CCB5E2D-SegmentedRaftLogWorker for RaftStorageImpl:Storage Directory /home/runner/work/ozone/ozone/hadoop-ozone/integration-test/target/test-dir/MiniOzoneClusterImpl-d1ffa5d3-3301-45c3-9f44-1ffa6967d237/ozone-metadata/datanode-12/ratis/4324291b-b287-433b-ae36-5c170ccb5e2d
2025-10-17 11:01:21,724 [3a11eef6-a527-493c-8ba3-ae39ecaefa56-groupManagement] INFO  server.RaftServerConfigKeys (ConfUtils.java:logGet(62)) - raft.server.log.queue.byte-limit = 4294967296 (custom)
2025-10-17 11:01:21,724 [3a11eef6-a527-493c-8ba3-ae39ecaefa56-groupManagement] INFO  server.RaftServerConfigKeys (ConfUtils.java:logGet(62)) - raft.server.log.segment.size.max = 67108864 (custom)
2025-10-17 11:01:21,724 [3a11eef6-a527-493c-8ba3-ae39ecaefa56-groupManagement] INFO  server.RaftServerConfigKeys (ConfUtils.java:logGet(62)) - raft.server.log.preallocated.size = 4194304 (custom)
2025-10-17 11:01:21,725 [3a11eef6-a527-493c-8ba3-ae39ecaefa56-groupManagement] INFO  server.RaftServerConfigKeys (ConfUtils.java:logGet(62)) - raft.server.log.write.buffer.size = 33554440 (custom)
2025-10-17 11:01:21,735 [3a11eef6-a527-493c-8ba3-ae39ecaefa56-groupManagement] INFO  server.RaftServerConfigKeys (ConfUtils.java:logGet(62)) - raft.server.log.appender.buffer.byte-limit = 33554432 (custom)
2025-10-17 11:01:21,735 [3a11eef6-a527-493c-8ba3-ae39ecaefa56-groupManagement] INFO  segmented.SegmentedRaftLogWorker (SegmentedRaftLogWorker.java:lambda$new$0(141)) - 3a11eef6-a527-493c-8ba3-ae39ecaefa56@group-5C170CCB5E2D-SegmentedRaftLogWorker: flushIndex: setUnconditionally 0 -> -1
2025-10-17 11:01:21,736 [3a11eef6-a527-493c-8ba3-ae39ecaefa56-groupManagement] INFO  segmented.SegmentedRaftLogWorker (SegmentedRaftLogWorker.java:lambda$new$0(141)) - 3a11eef6-a527-493c-8ba3-ae39ecaefa56@group-5C170CCB5E2D-SegmentedRaftLogWorker: safeCacheEvictIndex: setUnconditionally 0 -> -1
2025-10-17 11:01:21,736 [3a11eef6-a527-493c-8ba3-ae39ecaefa56-groupManagement] INFO  server.RaftServer$Division (RaftServerImpl.java:start(405)) - 3a11eef6-a527-493c-8ba3-ae39ecaefa56@group-5C170CCB5E2D: start as a follower, conf=conf: {index: -1, cur=peers:[3a11eef6-a527-493c-8ba3-ae39ecaefa56|127.0.0.1:15103, 28c08cd4-c049-4c66-8210-e254cf68b291|127.0.0.1:15087, 7995ae7b-77ec-4e72-809d-814459f62ee0|127.0.0.1:15095]|listeners:[], old=null}
2025-10-17 11:01:21,737 [3a11eef6-a527-493c-8ba3-ae39ecaefa56-groupManagement] INFO  server.RaftServer$Division (RaftServerImpl.java:setRole(392)) - 3a11eef6-a527-493c-8ba3-ae39ecaefa56@group-5C170CCB5E2D: changes role from      null to FOLLOWER at term 0 for startAsFollower
2025-10-17 11:01:21,737 [3a11eef6-a527-493c-8ba3-ae39ecaefa56-groupManagement] INFO  impl.RoleInfo (RoleInfo.java:updateAndGet(148)) - 3a11eef6-a527-493c-8ba3-ae39ecaefa56: start 3a11eef6-a527-493c-8ba3-ae39ecaefa56@group-5C170CCB5E2D-FollowerState
2025-10-17 11:01:21,737 [3a11eef6-a527-493c-8ba3-ae39ecaefa56-groupManagement] INFO  util.JmxRegister (JmxRegister.java:tryRegister(44)) - Successfully registered JMX Bean with object name Ratis:service=RaftServer,group=group-5C170CCB5E2D,id=3a11eef6-a527-493c-8ba3-ae39ecaefa56
2025-10-17 11:01:21,737 [3a11eef6-a527-493c-8ba3-ae39ecaefa56-groupManagement] INFO  util.JmxRegister (JmxRegister.java:register(58)) - register mxBean class org.apache.ratis.server.impl.RaftServerJmxAdapter as Ratis:service=RaftServer,group=group-5C170CCB5E2D,id=3a11eef6-a527-493c-8ba3-ae39ecaefa56
2025-10-17 11:01:21,738 [3a11eef6-a527-493c-8ba3-ae39ecaefa56-groupManagement] INFO  server.RaftServer$Division (RaftServerImpl.java:start(419)) - 3a11eef6-a527-493c-8ba3-ae39ecaefa56@group-5C170CCB5E2D: Successfully started.
2025-10-17 11:01:21,749 [grpc-default-executor-4] INFO  server.RaftServer (RaftServerProxy.java:addNew(105)) - 28c08cd4-c049-4c66-8210-e254cf68b291: addNew group-5C170CCB5E2D:[3a11eef6-a527-493c-8ba3-ae39ecaefa56|127.0.0.1:15103, 28c08cd4-c049-4c66-8210-e254cf68b291|127.0.0.1:15087, 7995ae7b-77ec-4e72-809d-814459f62ee0|127.0.0.1:15095] returns group-5C170CCB5E2D:java.util.concurrent.CompletableFuture@78ddf62[Not completed]
2025-10-17 11:01:21,751 [28c08cd4-c049-4c66-8210-e254cf68b291-groupManagement] INFO  server.RaftServer$Division (RaftServerImpl.java:<init>(268)) - 28c08cd4-c049-4c66-8210-e254cf68b291: new RaftServerImpl for group-5C170CCB5E2D:[3a11eef6-a527-493c-8ba3-ae39ecaefa56|127.0.0.1:15103, 28c08cd4-c049-4c66-8210-e254cf68b291|127.0.0.1:15087, 7995ae7b-77ec-4e72-809d-814459f62ee0|127.0.0.1:15095] with ContainerStateMachine:uninitialized
2025-10-17 11:01:21,751 [28c08cd4-c049-4c66-8210-e254cf68b291-groupManagement] INFO  server.RaftServer$Division (ServerState.java:<init>(114)) - 28c08cd4-c049-4c66-8210-e254cf68b291@group-5C170CCB5E2D: ConfigurationManager, init=conf: {index: -1, cur=peers:[3a11eef6-a527-493c-8ba3-ae39ecaefa56|127.0.0.1:15103, 28c08cd4-c049-4c66-8210-e254cf68b291|127.0.0.1:15087, 7995ae7b-77ec-4e72-809d-814459f62ee0|127.0.0.1:15095]|listeners:[], old=null}, confs=<EMPTY_MAP>
2025-10-17 11:01:21,754 [28c08cd4-c049-4c66-8210-e254cf68b291-groupManagement] INFO  server.RaftServerConfigKeys (ConfUtils.java:logGet(62)) - raft.server.storage.dir = [/home/runner/work/ozone/ozone/hadoop-ozone/integration-test/target/test-dir/MiniOzoneClusterImpl-d1ffa5d3-3301-45c3-9f44-1ffa6967d237/ozone-metadata/datanode-10/ratis] (custom)
2025-10-17 11:01:21,754 [28c08cd4-c049-4c66-8210-e254cf68b291-groupManagement] INFO  storage.RaftStorageDirectory (RaftStorageDirectoryImpl.java:analyzeStorage(138)) - The storage directory /home/runner/work/ozone/ozone/hadoop-ozone/integration-test/target/test-dir/MiniOzoneClusterImpl-d1ffa5d3-3301-45c3-9f44-1ffa6967d237/ozone-metadata/datanode-10/ratis/4324291b-b287-433b-ae36-5c170ccb5e2d does not exist. Creating ...
2025-10-17 11:01:21,756 [28c08cd4-c049-4c66-8210-e254cf68b291-groupManagement] INFO  storage.RaftStorageDirectory (RaftStorageDirectoryImpl.java:tryLock(229)) - Lock on /home/runner/work/ozone/ozone/hadoop-ozone/integration-test/target/test-dir/MiniOzoneClusterImpl-d1ffa5d3-3301-45c3-9f44-1ffa6967d237/ozone-metadata/datanode-10/ratis/4324291b-b287-433b-ae36-5c170ccb5e2d/in_use.lock acquired by nodename 40979@localhost
2025-10-17 11:01:21,757 [28c08cd4-c049-4c66-8210-e254cf68b291-groupManagement] INFO  storage.RaftStorage (RaftStorageImpl.java:format(98)) - Storage directory /home/runner/work/ozone/ozone/hadoop-ozone/integration-test/target/test-dir/MiniOzoneClusterImpl-d1ffa5d3-3301-45c3-9f44-1ffa6967d237/ozone-metadata/datanode-10/ratis/4324291b-b287-433b-ae36-5c170ccb5e2d has been successfully formatted.
2025-10-17 11:01:21,758 [28c08cd4-c049-4c66-8210-e254cf68b291-groupManagement] INFO  ratis.ContainerStateMachine (ContainerStateMachine.java:initialize(339)) - 28c08cd4-c049-4c66-8210-e254cf68b291: initialize group-5C170CCB5E2D
2025-10-17 11:01:21,758 [28c08cd4-c049-4c66-8210-e254cf68b291-groupManagement] INFO  ratis.ContainerStateMachine (ContainerStateMachine.java:loadSnapshot(347)) - group-5C170CCB5E2D: The snapshot info is null. Setting the last applied index to:<INITIAL_VALUE>
2025-10-17 11:01:21,758 [28c08cd4-c049-4c66-8210-e254cf68b291-groupManagement] INFO  server.RaftServerConfigKeys (ConfUtils.java:logGet(62)) - raft.server.log.appender.buffer.byte-limit = 33554432 (custom)
2025-10-17 11:01:21,759 | INFO  | SCMAudit | user=runner | ip=127.0.0.1 | op=SEND_HEARTBEAT {"datanodeUUID":"28c08cd4-c049-4c66-8210-e254cf68b291","term":"2","command":"[]"} | ret=SUCCESS |  
2025-10-17 11:01:21,760 [28c08cd4-c049-4c66-8210-e254cf68b291-groupManagement] INFO  server.RaftServerConfigKeys (ConfUtils.java:logGet(62)) - raft.server.log.segment.size.max = 67108864 (custom)
2025-10-17 11:01:21,760 [28c08cd4-c049-4c66-8210-e254cf68b291-groupManagement] INFO  server.RaftServerConfigKeys (ConfUtils.java:logGet(62)) - raft.server.log.appender.buffer.byte-limit = 33554432 (custom)
2025-10-17 11:01:21,760 [28c08cd4-c049-4c66-8210-e254cf68b291-groupManagement] INFO  util.AwaitToRun (AwaitToRun.java:start(81)) - Thread[#1677,28c08cd4-c049-4c66-8210-e254cf68b291@group-5C170CCB5E2D-cacheEviction-AwaitToRun,5,main] started
2025-10-17 11:01:21,761 [28c08cd4-c049-4c66-8210-e254cf68b291-groupManagement] INFO  segmented.SegmentedRaftLogWorker (SegmentedRaftLogWorker.java:<init>(190)) - new 28c08cd4-c049-4c66-8210-e254cf68b291@group-5C170CCB5E2D-SegmentedRaftLogWorker for RaftStorageImpl:Storage Directory /home/runner/work/ozone/ozone/hadoop-ozone/integration-test/target/test-dir/MiniOzoneClusterImpl-d1ffa5d3-3301-45c3-9f44-1ffa6967d237/ozone-metadata/datanode-10/ratis/4324291b-b287-433b-ae36-5c170ccb5e2d
2025-10-17 11:01:21,761 [28c08cd4-c049-4c66-8210-e254cf68b291-groupManagement] INFO  server.RaftServerConfigKeys (ConfUtils.java:logGet(62)) - raft.server.log.queue.byte-limit = 4294967296 (custom)
2025-10-17 11:01:21,761 [28c08cd4-c049-4c66-8210-e254cf68b291-groupManagement] INFO  server.RaftServerConfigKeys (ConfUtils.java:logGet(62)) - raft.server.log.segment.size.max = 67108864 (custom)
2025-10-17 11:01:21,761 [28c08cd4-c049-4c66-8210-e254cf68b291-groupManagement] INFO  server.RaftServerConfigKeys (ConfUtils.java:logGet(62)) - raft.server.log.preallocated.size = 4194304 (custom)
2025-10-17 11:01:21,761 [28c08cd4-c049-4c66-8210-e254cf68b291-groupManagement] INFO  server.RaftServerConfigKeys (ConfUtils.java:logGet(62)) - raft.server.log.write.buffer.size = 33554440 (custom)
2025-10-17 11:01:21,769 [28c08cd4-c049-4c66-8210-e254cf68b291-groupManagement] INFO  server.RaftServerConfigKeys (ConfUtils.java:logGet(62)) - raft.server.log.appender.buffer.byte-limit = 33554432 (custom)
2025-10-17 11:01:21,769 [28c08cd4-c049-4c66-8210-e254cf68b291-groupManagement] INFO  segmented.SegmentedRaftLogWorker (SegmentedRaftLogWorker.java:lambda$new$0(141)) - 28c08cd4-c049-4c66-8210-e254cf68b291@group-5C170CCB5E2D-SegmentedRaftLogWorker: flushIndex: setUnconditionally 0 -> -1
2025-10-17 11:01:21,769 [28c08cd4-c049-4c66-8210-e254cf68b291-groupManagement] INFO  segmented.SegmentedRaftLogWorker (SegmentedRaftLogWorker.java:lambda$new$0(141)) - 28c08cd4-c049-4c66-8210-e254cf68b291@group-5C170CCB5E2D-SegmentedRaftLogWorker: safeCacheEvictIndex: setUnconditionally 0 -> -1
2025-10-17 11:01:21,769 [28c08cd4-c049-4c66-8210-e254cf68b291-groupManagement] INFO  server.RaftServer$Division (RaftServerImpl.java:start(405)) - 28c08cd4-c049-4c66-8210-e254cf68b291@group-5C170CCB5E2D: start as a follower, conf=conf: {index: -1, cur=peers:[3a11eef6-a527-493c-8ba3-ae39ecaefa56|127.0.0.1:15103, 28c08cd4-c049-4c66-8210-e254cf68b291|127.0.0.1:15087, 7995ae7b-77ec-4e72-809d-814459f62ee0|127.0.0.1:15095]|listeners:[], old=null}
2025-10-17 11:01:21,769 [28c08cd4-c049-4c66-8210-e254cf68b291-groupManagement] INFO  server.RaftServer$Division (RaftServerImpl.java:setRole(392)) - 28c08cd4-c049-4c66-8210-e254cf68b291@group-5C170CCB5E2D: changes role from      null to FOLLOWER at term 0 for startAsFollower
2025-10-17 11:01:21,769 [28c08cd4-c049-4c66-8210-e254cf68b291-groupManagement] INFO  impl.RoleInfo (RoleInfo.java:updateAndGet(148)) - 28c08cd4-c049-4c66-8210-e254cf68b291: start 28c08cd4-c049-4c66-8210-e254cf68b291@group-5C170CCB5E2D-FollowerState
2025-10-17 11:01:21,770 [28c08cd4-c049-4c66-8210-e254cf68b291-groupManagement] INFO  util.JmxRegister (JmxRegister.java:tryRegister(44)) - Successfully registered JMX Bean with object name Ratis:service=RaftServer,group=group-5C170CCB5E2D,id=28c08cd4-c049-4c66-8210-e254cf68b291
2025-10-17 11:01:21,770 [28c08cd4-c049-4c66-8210-e254cf68b291-groupManagement] INFO  util.JmxRegister (JmxRegister.java:register(58)) - register mxBean class org.apache.ratis.server.impl.RaftServerJmxAdapter as Ratis:service=RaftServer,group=group-5C170CCB5E2D,id=28c08cd4-c049-4c66-8210-e254cf68b291
2025-10-17 11:01:21,771 [28c08cd4-c049-4c66-8210-e254cf68b291-groupManagement] INFO  server.RaftServer$Division (RaftServerImpl.java:start(419)) - 28c08cd4-c049-4c66-8210-e254cf68b291@group-5C170CCB5E2D: Successfully started.
2025-10-17 11:01:21,775 [7995ae7b-77ec-4e72-809d-814459f62ee0-CreatePipelineCommandHandlerThread-0] INFO  commandhandler.CreatePipelineCommandHandler (CreatePipelineCommandHandler.java:lambda$handle$2(141)) - Created Pipeline RATIS THREE Pipeline-4324291b-b287-433b-ae36-5c170ccb5e2d.
2025-10-17 11:01:21,776 [7995ae7b-77ec-4e72-809d-814459f62ee0-CreatePipelineCommandHandlerThread-0] INFO  server.RaftServer (RaftServerProxy.java:addNew(105)) - 7995ae7b-77ec-4e72-809d-814459f62ee0: addNew group-0DBC4BFEAA43:[28c08cd4-c049-4c66-8210-e254cf68b291|127.0.0.1:15087, 3a11eef6-a527-493c-8ba3-ae39ecaefa56|127.0.0.1:15103, 7995ae7b-77ec-4e72-809d-814459f62ee0|127.0.0.1:15095] returns group-0DBC4BFEAA43:java.util.concurrent.CompletableFuture@448c00d0[Not completed]
2025-10-17 11:01:21,777 [7995ae7b-77ec-4e72-809d-814459f62ee0-groupManagement] INFO  server.RaftServer$Division (RaftServerImpl.java:<init>(268)) - 7995ae7b-77ec-4e72-809d-814459f62ee0: new RaftServerImpl for group-0DBC4BFEAA43:[28c08cd4-c049-4c66-8210-e254cf68b291|127.0.0.1:15087, 3a11eef6-a527-493c-8ba3-ae39ecaefa56|127.0.0.1:15103, 7995ae7b-77ec-4e72-809d-814459f62ee0|127.0.0.1:15095] with ContainerStateMachine:uninitialized
2025-10-17 11:01:21,777 [7995ae7b-77ec-4e72-809d-814459f62ee0-groupManagement] INFO  server.RaftServer$Division (ServerState.java:<init>(114)) - 7995ae7b-77ec-4e72-809d-814459f62ee0@group-0DBC4BFEAA43: ConfigurationManager, init=conf: {index: -1, cur=peers:[28c08cd4-c049-4c66-8210-e254cf68b291|127.0.0.1:15087, 3a11eef6-a527-493c-8ba3-ae39ecaefa56|127.0.0.1:15103, 7995ae7b-77ec-4e72-809d-814459f62ee0|127.0.0.1:15095]|listeners:[], old=null}, confs=<EMPTY_MAP>
2025-10-17 11:01:21,782 [7995ae7b-77ec-4e72-809d-814459f62ee0-groupManagement] INFO  server.RaftServerConfigKeys (ConfUtils.java:logGet(62)) - raft.server.storage.dir = [/home/runner/work/ozone/ozone/hadoop-ozone/integration-test/target/test-dir/MiniOzoneClusterImpl-d1ffa5d3-3301-45c3-9f44-1ffa6967d237/ozone-metadata/datanode-11/ratis] (custom)
2025-10-17 11:01:21,782 [7995ae7b-77ec-4e72-809d-814459f62ee0-groupManagement] INFO  storage.RaftStorageDirectory (RaftStorageDirectoryImpl.java:analyzeStorage(138)) - The storage directory /home/runner/work/ozone/ozone/hadoop-ozone/integration-test/target/test-dir/MiniOzoneClusterImpl-d1ffa5d3-3301-45c3-9f44-1ffa6967d237/ozone-metadata/datanode-11/ratis/7345f0ea-8df2-4439-b2f1-0dbc4bfeaa43 does not exist. Creating ...
2025-10-17 11:01:21,783 [7995ae7b-77ec-4e72-809d-814459f62ee0-groupManagement] INFO  storage.RaftStorageDirectory (RaftStorageDirectoryImpl.java:tryLock(229)) - Lock on /home/runner/work/ozone/ozone/hadoop-ozone/integration-test/target/test-dir/MiniOzoneClusterImpl-d1ffa5d3-3301-45c3-9f44-1ffa6967d237/ozone-metadata/datanode-11/ratis/7345f0ea-8df2-4439-b2f1-0dbc4bfeaa43/in_use.lock acquired by nodename 40979@localhost
2025-10-17 11:01:21,784 [7995ae7b-77ec-4e72-809d-814459f62ee0-groupManagement] INFO  storage.RaftStorage (RaftStorageImpl.java:format(98)) - Storage directory /home/runner/work/ozone/ozone/hadoop-ozone/integration-test/target/test-dir/MiniOzoneClusterImpl-d1ffa5d3-3301-45c3-9f44-1ffa6967d237/ozone-metadata/datanode-11/ratis/7345f0ea-8df2-4439-b2f1-0dbc4bfeaa43 has been successfully formatted.
2025-10-17 11:01:21,786 | INFO  | SCMAudit | user=runner | ip=127.0.0.1 | op=SEND_HEARTBEAT {"datanodeUUID":"7995ae7b-77ec-4e72-809d-814459f62ee0","term":"2","command":"[]"} | ret=SUCCESS |  
2025-10-17 11:01:21,787 [7995ae7b-77ec-4e72-809d-814459f62ee0-groupManagement] INFO  ratis.ContainerStateMachine (ContainerStateMachine.java:initialize(339)) - 7995ae7b-77ec-4e72-809d-814459f62ee0: initialize group-0DBC4BFEAA43
2025-10-17 11:01:21,787 [7995ae7b-77ec-4e72-809d-814459f62ee0-groupManagement] INFO  ratis.ContainerStateMachine (ContainerStateMachine.java:loadSnapshot(347)) - group-0DBC4BFEAA43: The snapshot info is null. Setting the last applied index to:<INITIAL_VALUE>
2025-10-17 11:01:21,787 [7995ae7b-77ec-4e72-809d-814459f62ee0-groupManagement] INFO  server.RaftServerConfigKeys (ConfUtils.java:logGet(62)) - raft.server.log.appender.buffer.byte-limit = 33554432 (custom)
2025-10-17 11:01:21,789 [7995ae7b-77ec-4e72-809d-814459f62ee0-groupManagement] INFO  server.RaftServerConfigKeys (ConfUtils.java:logGet(62)) - raft.server.log.segment.size.max = 67108864 (custom)
2025-10-17 11:01:21,789 [7995ae7b-77ec-4e72-809d-814459f62ee0-groupManagement] INFO  server.RaftServerConfigKeys (ConfUtils.java:logGet(62)) - raft.server.log.appender.buffer.byte-limit = 33554432 (custom)
2025-10-17 11:01:21,789 [7995ae7b-77ec-4e72-809d-814459f62ee0-groupManagement] INFO  util.AwaitToRun (AwaitToRun.java:start(81)) - Thread[#1684,7995ae7b-77ec-4e72-809d-814459f62ee0@group-0DBC4BFEAA43-cacheEviction-AwaitToRun,5,main] started
2025-10-17 11:01:21,790 [7995ae7b-77ec-4e72-809d-814459f62ee0-groupManagement] INFO  segmented.SegmentedRaftLogWorker (SegmentedRaftLogWorker.java:<init>(190)) - new 7995ae7b-77ec-4e72-809d-814459f62ee0@group-0DBC4BFEAA43-SegmentedRaftLogWorker for RaftStorageImpl:Storage Directory /home/runner/work/ozone/ozone/hadoop-ozone/integration-test/target/test-dir/MiniOzoneClusterImpl-d1ffa5d3-3301-45c3-9f44-1ffa6967d237/ozone-metadata/datanode-11/ratis/7345f0ea-8df2-4439-b2f1-0dbc4bfeaa43
2025-10-17 11:01:21,790 [7995ae7b-77ec-4e72-809d-814459f62ee0-groupManagement] INFO  server.RaftServerConfigKeys (ConfUtils.java:logGet(62)) - raft.server.log.queue.byte-limit = 4294967296 (custom)
2025-10-17 11:01:21,790 [7995ae7b-77ec-4e72-809d-814459f62ee0-groupManagement] INFO  server.RaftServerConfigKeys (ConfUtils.java:logGet(62)) - raft.server.log.segment.size.max = 67108864 (custom)
2025-10-17 11:01:21,790 [7995ae7b-77ec-4e72-809d-814459f62ee0-groupManagement] INFO  server.RaftServerConfigKeys (ConfUtils.java:logGet(62)) - raft.server.log.preallocated.size = 4194304 (custom)
2025-10-17 11:01:21,790 [7995ae7b-77ec-4e72-809d-814459f62ee0-groupManagement] INFO  server.RaftServerConfigKeys (ConfUtils.java:logGet(62)) - raft.server.log.write.buffer.size = 33554440 (custom)
2025-10-17 11:01:21,792 [50dccd39-549f-4f43-8b1f-597bf98f9c16-CreatePipelineCommandHandlerThread-0] INFO  server.RaftServer (RaftServerProxy.java:addNew(105)) - 50dccd39-549f-4f43-8b1f-597bf98f9c16: addNew group-4629CA486B08:[50dccd39-549f-4f43-8b1f-597bf98f9c16|127.0.0.1:15063] returns group-4629CA486B08:java.util.concurrent.CompletableFuture@58262767[Not completed]
2025-10-17 11:01:21,793 [50dccd39-549f-4f43-8b1f-597bf98f9c16-groupManagement] INFO  server.RaftServer$Division (RaftServerImpl.java:<init>(268)) - 50dccd39-549f-4f43-8b1f-597bf98f9c16: new RaftServerImpl for group-4629CA486B08:[50dccd39-549f-4f43-8b1f-597bf98f9c16|127.0.0.1:15063] with ContainerStateMachine:uninitialized
2025-10-17 11:01:21,794 [50dccd39-549f-4f43-8b1f-597bf98f9c16-groupManagement] INFO  server.RaftServer$Division (ServerState.java:<init>(114)) - 50dccd39-549f-4f43-8b1f-597bf98f9c16@group-4629CA486B08: ConfigurationManager, init=conf: {index: -1, cur=peers:[50dccd39-549f-4f43-8b1f-597bf98f9c16|127.0.0.1:15063]|listeners:[], old=null}, confs=<EMPTY_MAP>
2025-10-17 11:01:21,798 [50dccd39-549f-4f43-8b1f-597bf98f9c16-groupManagement] INFO  server.RaftServerConfigKeys (ConfUtils.java:logGet(62)) - raft.server.storage.dir = [/home/runner/work/ozone/ozone/hadoop-ozone/integration-test/target/test-dir/MiniOzoneClusterImpl-d1ffa5d3-3301-45c3-9f44-1ffa6967d237/ozone-metadata/datanode-7/ratis] (custom)
2025-10-17 11:01:21,799 [50dccd39-549f-4f43-8b1f-597bf98f9c16-groupManagement] INFO  storage.RaftStorageDirectory (RaftStorageDirectoryImpl.java:analyzeStorage(138)) - The storage directory /home/runner/work/ozone/ozone/hadoop-ozone/integration-test/target/test-dir/MiniOzoneClusterImpl-d1ffa5d3-3301-45c3-9f44-1ffa6967d237/ozone-metadata/datanode-7/ratis/f6b61d96-eb36-42dc-ac38-4629ca486b08 does not exist. Creating ...
2025-10-17 11:01:21,799 [7995ae7b-77ec-4e72-809d-814459f62ee0-groupManagement] INFO  server.RaftServerConfigKeys (ConfUtils.java:logGet(62)) - raft.server.log.appender.buffer.byte-limit = 33554432 (custom)
2025-10-17 11:01:21,800 [7995ae7b-77ec-4e72-809d-814459f62ee0-groupManagement] INFO  segmented.SegmentedRaftLogWorker (SegmentedRaftLogWorker.java:lambda$new$0(141)) - 7995ae7b-77ec-4e72-809d-814459f62ee0@group-0DBC4BFEAA43-SegmentedRaftLogWorker: flushIndex: setUnconditionally 0 -> -1
2025-10-17 11:01:21,800 [7995ae7b-77ec-4e72-809d-814459f62ee0-groupManagement] INFO  segmented.SegmentedRaftLogWorker (SegmentedRaftLogWorker.java:lambda$new$0(141)) - 7995ae7b-77ec-4e72-809d-814459f62ee0@group-0DBC4BFEAA43-SegmentedRaftLogWorker: safeCacheEvictIndex: setUnconditionally 0 -> -1
2025-10-17 11:01:21,800 [50dccd39-549f-4f43-8b1f-597bf98f9c16-groupManagement] INFO  storage.RaftStorageDirectory (RaftStorageDirectoryImpl.java:tryLock(229)) - Lock on /home/runner/work/ozone/ozone/hadoop-ozone/integration-test/target/test-dir/MiniOzoneClusterImpl-d1ffa5d3-3301-45c3-9f44-1ffa6967d237/ozone-metadata/datanode-7/ratis/f6b61d96-eb36-42dc-ac38-4629ca486b08/in_use.lock acquired by nodename 40979@localhost
2025-10-17 11:01:21,801 [7995ae7b-77ec-4e72-809d-814459f62ee0-groupManagement] INFO  server.RaftServer$Division (RaftServerImpl.java:start(405)) - 7995ae7b-77ec-4e72-809d-814459f62ee0@group-0DBC4BFEAA43: start as a follower, conf=conf: {index: -1, cur=peers:[28c08cd4-c049-4c66-8210-e254cf68b291|127.0.0.1:15087, 3a11eef6-a527-493c-8ba3-ae39ecaefa56|127.0.0.1:15103, 7995ae7b-77ec-4e72-809d-814459f62ee0|127.0.0.1:15095]|listeners:[], old=null}
2025-10-17 11:01:21,801 [7995ae7b-77ec-4e72-809d-814459f62ee0-groupManagement] INFO  server.RaftServer$Division (RaftServerImpl.java:setRole(392)) - 7995ae7b-77ec-4e72-809d-814459f62ee0@group-0DBC4BFEAA43: changes role from      null to FOLLOWER at term 0 for startAsFollower
2025-10-17 11:01:21,801 [7995ae7b-77ec-4e72-809d-814459f62ee0-groupManagement] INFO  impl.RoleInfo (RoleInfo.java:updateAndGet(148)) - 7995ae7b-77ec-4e72-809d-814459f62ee0: start 7995ae7b-77ec-4e72-809d-814459f62ee0@group-0DBC4BFEAA43-FollowerState
2025-10-17 11:01:21,801 [7995ae7b-77ec-4e72-809d-814459f62ee0-groupManagement] INFO  util.JmxRegister (JmxRegister.java:tryRegister(44)) - Successfully registered JMX Bean with object name Ratis:service=RaftServer,group=group-0DBC4BFEAA43,id=7995ae7b-77ec-4e72-809d-814459f62ee0
2025-10-17 11:01:21,801 [7995ae7b-77ec-4e72-809d-814459f62ee0-groupManagement] INFO  util.JmxRegister (JmxRegister.java:register(58)) - register mxBean class org.apache.ratis.server.impl.RaftServerJmxAdapter as Ratis:service=RaftServer,group=group-0DBC4BFEAA43,id=7995ae7b-77ec-4e72-809d-814459f62ee0
2025-10-17 11:01:21,802 [50dccd39-549f-4f43-8b1f-597bf98f9c16-groupManagement] INFO  storage.RaftStorage (RaftStorageImpl.java:format(98)) - Storage directory /home/runner/work/ozone/ozone/hadoop-ozone/integration-test/target/test-dir/MiniOzoneClusterImpl-d1ffa5d3-3301-45c3-9f44-1ffa6967d237/ozone-metadata/datanode-7/ratis/f6b61d96-eb36-42dc-ac38-4629ca486b08 has been successfully formatted.
2025-10-17 11:01:21,802 [7995ae7b-77ec-4e72-809d-814459f62ee0-groupManagement] INFO  server.RaftServer$Division (RaftServerImpl.java:start(419)) - 7995ae7b-77ec-4e72-809d-814459f62ee0@group-0DBC4BFEAA43: Successfully started.
2025-10-17 11:01:21,802 [7995ae7b-77ec-4e72-809d-814459f62ee0-CreatePipelineCommandHandlerThread-0] INFO  ratis.XceiverServerRatis (XceiverServerRatis.java:addGroup(839)) - Created group Pipeline-7345f0ea-8df2-4439-b2f1-0dbc4bfeaa43
2025-10-17 11:01:21,803 [50dccd39-549f-4f43-8b1f-597bf98f9c16-groupManagement] INFO  ratis.ContainerStateMachine (ContainerStateMachine.java:initialize(339)) - 50dccd39-549f-4f43-8b1f-597bf98f9c16: initialize group-4629CA486B08
2025-10-17 11:01:21,803 [50dccd39-549f-4f43-8b1f-597bf98f9c16-groupManagement] INFO  ratis.ContainerStateMachine (ContainerStateMachine.java:loadSnapshot(347)) - group-4629CA486B08: The snapshot info is null. Setting the last applied index to:<INITIAL_VALUE>
2025-10-17 11:01:21,804 [50dccd39-549f-4f43-8b1f-597bf98f9c16-groupManagement] INFO  server.RaftServerConfigKeys (ConfUtils.java:logGet(62)) - raft.server.log.appender.buffer.byte-limit = 33554432 (custom)
2025-10-17 11:01:21,806 | INFO  | SCMAudit | user=runner | ip=127.0.0.1 | op=SEND_HEARTBEAT {"datanodeUUID":"50dccd39-549f-4f43-8b1f-597bf98f9c16","term":"2","command":"[]"} | ret=SUCCESS |  
2025-10-17 11:01:21,807 [50dccd39-549f-4f43-8b1f-597bf98f9c16-groupManagement] INFO  server.RaftServerConfigKeys (ConfUtils.java:logGet(62)) - raft.server.log.segment.size.max = 67108864 (custom)
2025-10-17 11:01:21,809 [50dccd39-549f-4f43-8b1f-597bf98f9c16-groupManagement] INFO  server.RaftServerConfigKeys (ConfUtils.java:logGet(62)) - raft.server.log.appender.buffer.byte-limit = 33554432 (custom)
2025-10-17 11:01:21,810 [EventQueue-PipelineReportForPipelineReportHandler] INFO  pipeline.PipelineReportHandler (PipelineReportHandler.java:processPipelineReport(132)) - Opened pipeline Pipeline-f6b61d96-eb36-42dc-ac38-4629ca486b08
2025-10-17 11:01:21,812 [grpc-default-executor-4] INFO  server.RaftServer (RaftServerProxy.java:addNew(105)) - 28c08cd4-c049-4c66-8210-e254cf68b291: addNew group-0DBC4BFEAA43:[28c08cd4-c049-4c66-8210-e254cf68b291|127.0.0.1:15087, 3a11eef6-a527-493c-8ba3-ae39ecaefa56|127.0.0.1:15103, 7995ae7b-77ec-4e72-809d-814459f62ee0|127.0.0.1:15095] returns group-0DBC4BFEAA43:java.util.concurrent.CompletableFuture@1bb31c12[Not completed]
2025-10-17 11:01:21,812 [50dccd39-549f-4f43-8b1f-597bf98f9c16-groupManagement] INFO  util.AwaitToRun (AwaitToRun.java:start(81)) - Thread[#1689,50dccd39-549f-4f43-8b1f-597bf98f9c16@group-4629CA486B08-cacheEviction-AwaitToRun,5,main] started
2025-10-17 11:01:21,812 [50dccd39-549f-4f43-8b1f-597bf98f9c16-groupManagement] INFO  segmented.SegmentedRaftLogWorker (SegmentedRaftLogWorker.java:<init>(190)) - new 50dccd39-549f-4f43-8b1f-597bf98f9c16@group-4629CA486B08-SegmentedRaftLogWorker for RaftStorageImpl:Storage Directory /home/runner/work/ozone/ozone/hadoop-ozone/integration-test/target/test-dir/MiniOzoneClusterImpl-d1ffa5d3-3301-45c3-9f44-1ffa6967d237/ozone-metadata/datanode-7/ratis/f6b61d96-eb36-42dc-ac38-4629ca486b08
2025-10-17 11:01:21,812 [50dccd39-549f-4f43-8b1f-597bf98f9c16-groupManagement] INFO  server.RaftServerConfigKeys (ConfUtils.java:logGet(62)) - raft.server.log.queue.byte-limit = 4294967296 (custom)
2025-10-17 11:01:21,812 [50dccd39-549f-4f43-8b1f-597bf98f9c16-groupManagement] INFO  server.RaftServerConfigKeys (ConfUtils.java:logGet(62)) - raft.server.log.segment.size.max = 67108864 (custom)
2025-10-17 11:01:21,812 [50dccd39-549f-4f43-8b1f-597bf98f9c16-groupManagement] INFO  server.RaftServerConfigKeys (ConfUtils.java:logGet(62)) - raft.server.log.preallocated.size = 4194304 (custom)
2025-10-17 11:01:21,813 [50dccd39-549f-4f43-8b1f-597bf98f9c16-groupManagement] INFO  server.RaftServerConfigKeys (ConfUtils.java:logGet(62)) - raft.server.log.write.buffer.size = 33554440 (custom)
2025-10-17 11:01:21,814 [28c08cd4-c049-4c66-8210-e254cf68b291-groupManagement] INFO  server.RaftServer$Division (RaftServerImpl.java:<init>(268)) - 28c08cd4-c049-4c66-8210-e254cf68b291: new RaftServerImpl for group-0DBC4BFEAA43:[28c08cd4-c049-4c66-8210-e254cf68b291|127.0.0.1:15087, 3a11eef6-a527-493c-8ba3-ae39ecaefa56|127.0.0.1:15103, 7995ae7b-77ec-4e72-809d-814459f62ee0|127.0.0.1:15095] with ContainerStateMachine:uninitialized
2025-10-17 11:01:21,814 [28c08cd4-c049-4c66-8210-e254cf68b291-groupManagement] INFO  server.RaftServer$Division (ServerState.java:<init>(114)) - 28c08cd4-c049-4c66-8210-e254cf68b291@group-0DBC4BFEAA43: ConfigurationManager, init=conf: {index: -1, cur=peers:[28c08cd4-c049-4c66-8210-e254cf68b291|127.0.0.1:15087, 3a11eef6-a527-493c-8ba3-ae39ecaefa56|127.0.0.1:15103, 7995ae7b-77ec-4e72-809d-814459f62ee0|127.0.0.1:15095]|listeners:[], old=null}, confs=<EMPTY_MAP>
2025-10-17 11:01:21,819 [28c08cd4-c049-4c66-8210-e254cf68b291-groupManagement] INFO  server.RaftServerConfigKeys (ConfUtils.java:logGet(62)) - raft.server.storage.dir = [/home/runner/work/ozone/ozone/hadoop-ozone/integration-test/target/test-dir/MiniOzoneClusterImpl-d1ffa5d3-3301-45c3-9f44-1ffa6967d237/ozone-metadata/datanode-10/ratis] (custom)
2025-10-17 11:01:21,819 [28c08cd4-c049-4c66-8210-e254cf68b291-groupManagement] INFO  storage.RaftStorageDirectory (RaftStorageDirectoryImpl.java:analyzeStorage(138)) - The storage directory /home/runner/work/ozone/ozone/hadoop-ozone/integration-test/target/test-dir/MiniOzoneClusterImpl-d1ffa5d3-3301-45c3-9f44-1ffa6967d237/ozone-metadata/datanode-10/ratis/7345f0ea-8df2-4439-b2f1-0dbc4bfeaa43 does not exist. Creating ...
2025-10-17 11:01:21,820 [28c08cd4-c049-4c66-8210-e254cf68b291-groupManagement] INFO  storage.RaftStorageDirectory (RaftStorageDirectoryImpl.java:tryLock(229)) - Lock on /home/runner/work/ozone/ozone/hadoop-ozone/integration-test/target/test-dir/MiniOzoneClusterImpl-d1ffa5d3-3301-45c3-9f44-1ffa6967d237/ozone-metadata/datanode-10/ratis/7345f0ea-8df2-4439-b2f1-0dbc4bfeaa43/in_use.lock acquired by nodename 40979@localhost
2025-10-17 11:01:21,821 [28c08cd4-c049-4c66-8210-e254cf68b291-groupManagement] INFO  storage.RaftStorage (RaftStorageImpl.java:format(98)) - Storage directory /home/runner/work/ozone/ozone/hadoop-ozone/integration-test/target/test-dir/MiniOzoneClusterImpl-d1ffa5d3-3301-45c3-9f44-1ffa6967d237/ozone-metadata/datanode-10/ratis/7345f0ea-8df2-4439-b2f1-0dbc4bfeaa43 has been successfully formatted.
2025-10-17 11:01:21,822 [28c08cd4-c049-4c66-8210-e254cf68b291-groupManagement] INFO  ratis.ContainerStateMachine (ContainerStateMachine.java:initialize(339)) - 28c08cd4-c049-4c66-8210-e254cf68b291: initialize group-0DBC4BFEAA43
2025-10-17 11:01:21,822 [28c08cd4-c049-4c66-8210-e254cf68b291-groupManagement] INFO  ratis.ContainerStateMachine (ContainerStateMachine.java:loadSnapshot(347)) - group-0DBC4BFEAA43: The snapshot info is null. Setting the last applied index to:<INITIAL_VALUE>
2025-10-17 11:01:21,822 [28c08cd4-c049-4c66-8210-e254cf68b291-groupManagement] INFO  server.RaftServerConfigKeys (ConfUtils.java:logGet(62)) - raft.server.log.appender.buffer.byte-limit = 33554432 (custom)
2025-10-17 11:01:21,824 [28c08cd4-c049-4c66-8210-e254cf68b291-groupManagement] INFO  server.RaftServerConfigKeys (ConfUtils.java:logGet(62)) - raft.server.log.segment.size.max = 67108864 (custom)
2025-10-17 11:01:21,825 [28c08cd4-c049-4c66-8210-e254cf68b291-groupManagement] INFO  server.RaftServerConfigKeys (ConfUtils.java:logGet(62)) - raft.server.log.appender.buffer.byte-limit = 33554432 (custom)
2025-10-17 11:01:21,825 [28c08cd4-c049-4c66-8210-e254cf68b291-groupManagement] INFO  util.AwaitToRun (AwaitToRun.java:start(81)) - Thread[#1690,28c08cd4-c049-4c66-8210-e254cf68b291@group-0DBC4BFEAA43-cacheEviction-AwaitToRun,5,main] started
2025-10-17 11:01:21,825 | INFO  | SCMAudit | user=runner | ip=127.0.0.1 | op=SEND_HEARTBEAT {"datanodeUUID":"28c08cd4-c049-4c66-8210-e254cf68b291","term":"2","command":"[]"} | ret=SUCCESS |  
2025-10-17 11:01:21,825 [28c08cd4-c049-4c66-8210-e254cf68b291-groupManagement] INFO  segmented.SegmentedRaftLogWorker (SegmentedRaftLogWorker.java:<init>(190)) - new 28c08cd4-c049-4c66-8210-e254cf68b291@group-0DBC4BFEAA43-SegmentedRaftLogWorker for RaftStorageImpl:Storage Directory /home/runner/work/ozone/ozone/hadoop-ozone/integration-test/target/test-dir/MiniOzoneClusterImpl-d1ffa5d3-3301-45c3-9f44-1ffa6967d237/ozone-metadata/datanode-10/ratis/7345f0ea-8df2-4439-b2f1-0dbc4bfeaa43
2025-10-17 11:01:21,825 [28c08cd4-c049-4c66-8210-e254cf68b291-groupManagement] INFO  server.RaftServerConfigKeys (ConfUtils.java:logGet(62)) - raft.server.log.queue.byte-limit = 4294967296 (custom)
2025-10-17 11:01:21,825 [28c08cd4-c049-4c66-8210-e254cf68b291-groupManagement] INFO  server.RaftServerConfigKeys (ConfUtils.java:logGet(62)) - raft.server.log.segment.size.max = 67108864 (custom)
2025-10-17 11:01:21,825 [28c08cd4-c049-4c66-8210-e254cf68b291-groupManagement] INFO  server.RaftServerConfigKeys (ConfUtils.java:logGet(62)) - raft.server.log.preallocated.size = 4194304 (custom)
2025-10-17 11:01:21,826 [28c08cd4-c049-4c66-8210-e254cf68b291-groupManagement] INFO  server.RaftServerConfigKeys (ConfUtils.java:logGet(62)) - raft.server.log.write.buffer.size = 33554440 (custom)
2025-10-17 11:01:21,827 [50dccd39-549f-4f43-8b1f-597bf98f9c16-groupManagement] INFO  server.RaftServerConfigKeys (ConfUtils.java:logGet(62)) - raft.server.log.appender.buffer.byte-limit = 33554432 (custom)
2025-10-17 11:01:21,827 [50dccd39-549f-4f43-8b1f-597bf98f9c16-groupManagement] INFO  segmented.SegmentedRaftLogWorker (SegmentedRaftLogWorker.java:lambda$new$0(141)) - 50dccd39-549f-4f43-8b1f-597bf98f9c16@group-4629CA486B08-SegmentedRaftLogWorker: flushIndex: setUnconditionally 0 -> -1
2025-10-17 11:01:21,827 [50dccd39-549f-4f43-8b1f-597bf98f9c16-groupManagement] INFO  segmented.SegmentedRaftLogWorker (SegmentedRaftLogWorker.java:lambda$new$0(141)) - 50dccd39-549f-4f43-8b1f-597bf98f9c16@group-4629CA486B08-SegmentedRaftLogWorker: safeCacheEvictIndex: setUnconditionally 0 -> -1
2025-10-17 11:01:21,828 [50dccd39-549f-4f43-8b1f-597bf98f9c16-groupManagement] INFO  server.RaftServer$Division (RaftServerImpl.java:start(405)) - 50dccd39-549f-4f43-8b1f-597bf98f9c16@group-4629CA486B08: start as a follower, conf=conf: {index: -1, cur=peers:[50dccd39-549f-4f43-8b1f-597bf98f9c16|127.0.0.1:15063]|listeners:[], old=null}
2025-10-17 11:01:21,828 [50dccd39-549f-4f43-8b1f-597bf98f9c16-groupManagement] INFO  server.RaftServer$Division (RaftServerImpl.java:setRole(392)) - 50dccd39-549f-4f43-8b1f-597bf98f9c16@group-4629CA486B08: changes role from      null to FOLLOWER at term 0 for startAsFollower
2025-10-17 11:01:21,829 [50dccd39-549f-4f43-8b1f-597bf98f9c16-groupManagement] INFO  impl.RoleInfo (RoleInfo.java:updateAndGet(148)) - 50dccd39-549f-4f43-8b1f-597bf98f9c16: start 50dccd39-549f-4f43-8b1f-597bf98f9c16@group-4629CA486B08-FollowerState
2025-10-17 11:01:21,829 [50dccd39-549f-4f43-8b1f-597bf98f9c16-groupManagement] INFO  util.JmxRegister (JmxRegister.java:tryRegister(44)) - Successfully registered JMX Bean with object name Ratis:service=RaftServer,group=group-4629CA486B08,id=50dccd39-549f-4f43-8b1f-597bf98f9c16
2025-10-17 11:01:21,829 [50dccd39-549f-4f43-8b1f-597bf98f9c16-groupManagement] INFO  util.JmxRegister (JmxRegister.java:register(58)) - register mxBean class org.apache.ratis.server.impl.RaftServerJmxAdapter as Ratis:service=RaftServer,group=group-4629CA486B08,id=50dccd39-549f-4f43-8b1f-597bf98f9c16
2025-10-17 11:01:21,830 [50dccd39-549f-4f43-8b1f-597bf98f9c16-groupManagement] INFO  server.RaftServer$Division (RaftServerImpl.java:start(419)) - 50dccd39-549f-4f43-8b1f-597bf98f9c16@group-4629CA486B08: Successfully started.
2025-10-17 11:01:21,831 [50dccd39-549f-4f43-8b1f-597bf98f9c16-CreatePipelineCommandHandlerThread-0] INFO  ratis.XceiverServerRatis (XceiverServerRatis.java:addGroup(839)) - Created group Pipeline-f6b61d96-eb36-42dc-ac38-4629ca486b08
2025-10-17 11:01:21,831 [50dccd39-549f-4f43-8b1f-597bf98f9c16-CreatePipelineCommandHandlerThread-0] INFO  commandhandler.CreatePipelineCommandHandler (CreatePipelineCommandHandler.java:lambda$handle$2(141)) - Created Pipeline RATIS ONE Pipeline-f6b61d96-eb36-42dc-ac38-4629ca486b08.
2025-10-17 11:01:21,835 [28c08cd4-c049-4c66-8210-e254cf68b291-groupManagement] INFO  server.RaftServerConfigKeys (ConfUtils.java:logGet(62)) - raft.server.log.appender.buffer.byte-limit = 33554432 (custom)
2025-10-17 11:01:21,835 [28c08cd4-c049-4c66-8210-e254cf68b291-groupManagement] INFO  segmented.SegmentedRaftLogWorker (SegmentedRaftLogWorker.java:lambda$new$0(141)) - 28c08cd4-c049-4c66-8210-e254cf68b291@group-0DBC4BFEAA43-SegmentedRaftLogWorker: flushIndex: setUnconditionally 0 -> -1
2025-10-17 11:01:21,836 [28c08cd4-c049-4c66-8210-e254cf68b291-groupManagement] INFO  segmented.SegmentedRaftLogWorker (SegmentedRaftLogWorker.java:lambda$new$0(141)) - 28c08cd4-c049-4c66-8210-e254cf68b291@group-0DBC4BFEAA43-SegmentedRaftLogWorker: safeCacheEvictIndex: setUnconditionally 0 -> -1
2025-10-17 11:01:21,836 [28c08cd4-c049-4c66-8210-e254cf68b291-groupManagement] INFO  server.RaftServer$Division (RaftServerImpl.java:start(405)) - 28c08cd4-c049-4c66-8210-e254cf68b291@group-0DBC4BFEAA43: start as a follower, conf=conf: {index: -1, cur=peers:[28c08cd4-c049-4c66-8210-e254cf68b291|127.0.0.1:15087, 3a11eef6-a527-493c-8ba3-ae39ecaefa56|127.0.0.1:15103, 7995ae7b-77ec-4e72-809d-814459f62ee0|127.0.0.1:15095]|listeners:[], old=null}
2025-10-17 11:01:21,836 [28c08cd4-c049-4c66-8210-e254cf68b291-groupManagement] INFO  server.RaftServer$Division (RaftServerImpl.java:setRole(392)) - 28c08cd4-c049-4c66-8210-e254cf68b291@group-0DBC4BFEAA43: changes role from      null to FOLLOWER at term 0 for startAsFollower
2025-10-17 11:01:21,836 [28c08cd4-c049-4c66-8210-e254cf68b291-groupManagement] INFO  impl.RoleInfo (RoleInfo.java:updateAndGet(148)) - 28c08cd4-c049-4c66-8210-e254cf68b291: start 28c08cd4-c049-4c66-8210-e254cf68b291@group-0DBC4BFEAA43-FollowerState
2025-10-17 11:01:21,836 [28c08cd4-c049-4c66-8210-e254cf68b291-groupManagement] INFO  util.JmxRegister (JmxRegister.java:tryRegister(44)) - Successfully registered JMX Bean with object name Ratis:service=RaftServer,group=group-0DBC4BFEAA43,id=28c08cd4-c049-4c66-8210-e254cf68b291
2025-10-17 11:01:21,836 [28c08cd4-c049-4c66-8210-e254cf68b291-groupManagement] INFO  util.JmxRegister (JmxRegister.java:register(58)) - register mxBean class org.apache.ratis.server.impl.RaftServerJmxAdapter as Ratis:service=RaftServer,group=group-0DBC4BFEAA43,id=28c08cd4-c049-4c66-8210-e254cf68b291
2025-10-17 11:01:21,837 [28c08cd4-c049-4c66-8210-e254cf68b291-groupManagement] INFO  server.RaftServer$Division (RaftServerImpl.java:start(419)) - 28c08cd4-c049-4c66-8210-e254cf68b291@group-0DBC4BFEAA43: Successfully started.
2025-10-17 11:01:21,846 [grpc-default-executor-4] INFO  server.RaftServer (RaftServerProxy.java:addNew(105)) - 3a11eef6-a527-493c-8ba3-ae39ecaefa56: addNew group-0DBC4BFEAA43:[28c08cd4-c049-4c66-8210-e254cf68b291|127.0.0.1:15087, 3a11eef6-a527-493c-8ba3-ae39ecaefa56|127.0.0.1:15103, 7995ae7b-77ec-4e72-809d-814459f62ee0|127.0.0.1:15095] returns group-0DBC4BFEAA43:java.util.concurrent.CompletableFuture@51d3594e[Not completed]
2025-10-17 11:01:21,848 [3a11eef6-a527-493c-8ba3-ae39ecaefa56-groupManagement] INFO  server.RaftServer$Division (RaftServerImpl.java:<init>(268)) - 3a11eef6-a527-493c-8ba3-ae39ecaefa56: new RaftServerImpl for group-0DBC4BFEAA43:[28c08cd4-c049-4c66-8210-e254cf68b291|127.0.0.1:15087, 3a11eef6-a527-493c-8ba3-ae39ecaefa56|127.0.0.1:15103, 7995ae7b-77ec-4e72-809d-814459f62ee0|127.0.0.1:15095] with ContainerStateMachine:uninitialized
2025-10-17 11:01:21,848 [3a11eef6-a527-493c-8ba3-ae39ecaefa56-groupManagement] INFO  server.RaftServer$Division (ServerState.java:<init>(114)) - 3a11eef6-a527-493c-8ba3-ae39ecaefa56@group-0DBC4BFEAA43: ConfigurationManager, init=conf: {index: -1, cur=peers:[28c08cd4-c049-4c66-8210-e254cf68b291|127.0.0.1:15087, 3a11eef6-a527-493c-8ba3-ae39ecaefa56|127.0.0.1:15103, 7995ae7b-77ec-4e72-809d-814459f62ee0|127.0.0.1:15095]|listeners:[], old=null}, confs=<EMPTY_MAP>
2025-10-17 11:01:21,852 [3a11eef6-a527-493c-8ba3-ae39ecaefa56-groupManagement] INFO  server.RaftServerConfigKeys (ConfUtils.java:logGet(62)) - raft.server.storage.dir = [/home/runner/work/ozone/ozone/hadoop-ozone/integration-test/target/test-dir/MiniOzoneClusterImpl-d1ffa5d3-3301-45c3-9f44-1ffa6967d237/ozone-metadata/datanode-12/ratis] (custom)
2025-10-17 11:01:21,853 [3a11eef6-a527-493c-8ba3-ae39ecaefa56-groupManagement] INFO  storage.RaftStorageDirectory (RaftStorageDirectoryImpl.java:analyzeStorage(138)) - The storage directory /home/runner/work/ozone/ozone/hadoop-ozone/integration-test/target/test-dir/MiniOzoneClusterImpl-d1ffa5d3-3301-45c3-9f44-1ffa6967d237/ozone-metadata/datanode-12/ratis/7345f0ea-8df2-4439-b2f1-0dbc4bfeaa43 does not exist. Creating ...
2025-10-17 11:01:21,853 [3a11eef6-a527-493c-8ba3-ae39ecaefa56-groupManagement] INFO  storage.RaftStorageDirectory (RaftStorageDirectoryImpl.java:tryLock(229)) - Lock on /home/runner/work/ozone/ozone/hadoop-ozone/integration-test/target/test-dir/MiniOzoneClusterImpl-d1ffa5d3-3301-45c3-9f44-1ffa6967d237/ozone-metadata/datanode-12/ratis/7345f0ea-8df2-4439-b2f1-0dbc4bfeaa43/in_use.lock acquired by nodename 40979@localhost
2025-10-17 11:01:21,854 [3a11eef6-a527-493c-8ba3-ae39ecaefa56-groupManagement] INFO  storage.RaftStorage (RaftStorageImpl.java:format(98)) - Storage directory /home/runner/work/ozone/ozone/hadoop-ozone/integration-test/target/test-dir/MiniOzoneClusterImpl-d1ffa5d3-3301-45c3-9f44-1ffa6967d237/ozone-metadata/datanode-12/ratis/7345f0ea-8df2-4439-b2f1-0dbc4bfeaa43 has been successfully formatted.
2025-10-17 11:01:21,855 [3a11eef6-a527-493c-8ba3-ae39ecaefa56-groupManagement] INFO  ratis.ContainerStateMachine (ContainerStateMachine.java:initialize(339)) - 3a11eef6-a527-493c-8ba3-ae39ecaefa56: initialize group-0DBC4BFEAA43
2025-10-17 11:01:21,855 [3a11eef6-a527-493c-8ba3-ae39ecaefa56-groupManagement] INFO  ratis.ContainerStateMachine (ContainerStateMachine.java:loadSnapshot(347)) - group-0DBC4BFEAA43: The snapshot info is null. Setting the last applied index to:<INITIAL_VALUE>
2025-10-17 11:01:21,855 [3a11eef6-a527-493c-8ba3-ae39ecaefa56-groupManagement] INFO  server.RaftServerConfigKeys (ConfUtils.java:logGet(62)) - raft.server.log.appender.buffer.byte-limit = 33554432 (custom)
2025-10-17 11:01:21,857 [3a11eef6-a527-493c-8ba3-ae39ecaefa56-groupManagement] INFO  server.RaftServerConfigKeys (ConfUtils.java:logGet(62)) - raft.server.log.segment.size.max = 67108864 (custom)
2025-10-17 11:01:21,857 [3a11eef6-a527-493c-8ba3-ae39ecaefa56-groupManagement] INFO  server.RaftServerConfigKeys (ConfUtils.java:logGet(62)) - raft.server.log.appender.buffer.byte-limit = 33554432 (custom)
2025-10-17 11:01:21,858 [3a11eef6-a527-493c-8ba3-ae39ecaefa56-groupManagement] INFO  util.AwaitToRun (AwaitToRun.java:start(81)) - Thread[#1700,3a11eef6-a527-493c-8ba3-ae39ecaefa56@group-0DBC4BFEAA43-cacheEviction-AwaitToRun,5,main] started
2025-10-17 11:01:21,858 [3a11eef6-a527-493c-8ba3-ae39ecaefa56-groupManagement] INFO  segmented.SegmentedRaftLogWorker (SegmentedRaftLogWorker.java:<init>(190)) - new 3a11eef6-a527-493c-8ba3-ae39ecaefa56@group-0DBC4BFEAA43-SegmentedRaftLogWorker for RaftStorageImpl:Storage Directory /home/runner/work/ozone/ozone/hadoop-ozone/integration-test/target/test-dir/MiniOzoneClusterImpl-d1ffa5d3-3301-45c3-9f44-1ffa6967d237/ozone-metadata/datanode-12/ratis/7345f0ea-8df2-4439-b2f1-0dbc4bfeaa43
2025-10-17 11:01:21,858 | INFO  | SCMAudit | user=runner | ip=127.0.0.1 | op=SEND_HEARTBEAT {"datanodeUUID":"3a11eef6-a527-493c-8ba3-ae39ecaefa56","term":"2","command":"[]"} | ret=SUCCESS |  
2025-10-17 11:01:21,858 [3a11eef6-a527-493c-8ba3-ae39ecaefa56-groupManagement] INFO  server.RaftServerConfigKeys (ConfUtils.java:logGet(62)) - raft.server.log.queue.byte-limit = 4294967296 (custom)
2025-10-17 11:01:21,859 [3a11eef6-a527-493c-8ba3-ae39ecaefa56-groupManagement] INFO  server.RaftServerConfigKeys (ConfUtils.java:logGet(62)) - raft.server.log.segment.size.max = 67108864 (custom)
2025-10-17 11:01:21,859 [3a11eef6-a527-493c-8ba3-ae39ecaefa56-groupManagement] INFO  server.RaftServerConfigKeys (ConfUtils.java:logGet(62)) - raft.server.log.preallocated.size = 4194304 (custom)
2025-10-17 11:01:21,859 [3a11eef6-a527-493c-8ba3-ae39ecaefa56-groupManagement] INFO  server.RaftServerConfigKeys (ConfUtils.java:logGet(62)) - raft.server.log.write.buffer.size = 33554440 (custom)
2025-10-17 11:01:21,868 [3a11eef6-a527-493c-8ba3-ae39ecaefa56-groupManagement] INFO  server.RaftServerConfigKeys (ConfUtils.java:logGet(62)) - raft.server.log.appender.buffer.byte-limit = 33554432 (custom)
2025-10-17 11:01:21,868 [3a11eef6-a527-493c-8ba3-ae39ecaefa56-groupManagement] INFO  segmented.SegmentedRaftLogWorker (SegmentedRaftLogWorker.java:lambda$new$0(141)) - 3a11eef6-a527-493c-8ba3-ae39ecaefa56@group-0DBC4BFEAA43-SegmentedRaftLogWorker: flushIndex: setUnconditionally 0 -> -1
2025-10-17 11:01:21,868 [3a11eef6-a527-493c-8ba3-ae39ecaefa56-groupManagement] INFO  segmented.SegmentedRaftLogWorker (SegmentedRaftLogWorker.java:lambda$new$0(141)) - 3a11eef6-a527-493c-8ba3-ae39ecaefa56@group-0DBC4BFEAA43-SegmentedRaftLogWorker: safeCacheEvictIndex: setUnconditionally 0 -> -1
2025-10-17 11:01:21,868 [3a11eef6-a527-493c-8ba3-ae39ecaefa56-groupManagement] INFO  server.RaftServer$Division (RaftServerImpl.java:start(405)) - 3a11eef6-a527-493c-8ba3-ae39ecaefa56@group-0DBC4BFEAA43: start as a follower, conf=conf: {index: -1, cur=peers:[28c08cd4-c049-4c66-8210-e254cf68b291|127.0.0.1:15087, 3a11eef6-a527-493c-8ba3-ae39ecaefa56|127.0.0.1:15103, 7995ae7b-77ec-4e72-809d-814459f62ee0|127.0.0.1:15095]|listeners:[], old=null}
2025-10-17 11:01:21,868 [3a11eef6-a527-493c-8ba3-ae39ecaefa56-groupManagement] INFO  server.RaftServer$Division (RaftServerImpl.java:setRole(392)) - 3a11eef6-a527-493c-8ba3-ae39ecaefa56@group-0DBC4BFEAA43: changes role from      null to FOLLOWER at term 0 for startAsFollower
2025-10-17 11:01:21,869 [3a11eef6-a527-493c-8ba3-ae39ecaefa56-groupManagement] INFO  impl.RoleInfo (RoleInfo.java:updateAndGet(148)) - 3a11eef6-a527-493c-8ba3-ae39ecaefa56: start 3a11eef6-a527-493c-8ba3-ae39ecaefa56@group-0DBC4BFEAA43-FollowerState
2025-10-17 11:01:21,869 [3a11eef6-a527-493c-8ba3-ae39ecaefa56-groupManagement] INFO  util.JmxRegister (JmxRegister.java:tryRegister(44)) - Successfully registered JMX Bean with object name Ratis:service=RaftServer,group=group-0DBC4BFEAA43,id=3a11eef6-a527-493c-8ba3-ae39ecaefa56
2025-10-17 11:01:21,869 [3a11eef6-a527-493c-8ba3-ae39ecaefa56-groupManagement] INFO  util.JmxRegister (JmxRegister.java:register(58)) - register mxBean class org.apache.ratis.server.impl.RaftServerJmxAdapter as Ratis:service=RaftServer,group=group-0DBC4BFEAA43,id=3a11eef6-a527-493c-8ba3-ae39ecaefa56
2025-10-17 11:01:21,870 [3a11eef6-a527-493c-8ba3-ae39ecaefa56-groupManagement] INFO  server.RaftServer$Division (RaftServerImpl.java:start(419)) - 3a11eef6-a527-493c-8ba3-ae39ecaefa56@group-0DBC4BFEAA43: Successfully started.
2025-10-17 11:01:21,874 [7995ae7b-77ec-4e72-809d-814459f62ee0-CreatePipelineCommandHandlerThread-0] INFO  commandhandler.CreatePipelineCommandHandler (CreatePipelineCommandHandler.java:lambda$handle$2(141)) - Created Pipeline RATIS THREE Pipeline-7345f0ea-8df2-4439-b2f1-0dbc4bfeaa43.
2025-10-17 11:01:21,893 [b292b6be-9482-4c30-a3e0-c9f721931b72@group-BE6A807861E4-FollowerState] INFO  impl.FollowerState (FollowerState.java:runImpl(161)) - b292b6be-9482-4c30-a3e0-c9f721931b72@group-BE6A807861E4-FollowerState: change to CANDIDATE, lastRpcElapsedTime:1139363757ns, electionTimeout:1139ms
2025-10-17 11:01:21,893 [b292b6be-9482-4c30-a3e0-c9f721931b72@group-BE6A807861E4-FollowerState] INFO  impl.RoleInfo (RoleInfo.java:shutdownFollowerState(121)) - b292b6be-9482-4c30-a3e0-c9f721931b72: shutdown b292b6be-9482-4c30-a3e0-c9f721931b72@group-BE6A807861E4-FollowerState
2025-10-17 11:01:21,893 [b292b6be-9482-4c30-a3e0-c9f721931b72@group-BE6A807861E4-FollowerState] INFO  server.RaftServer$Division (RaftServerImpl.java:setRole(392)) - b292b6be-9482-4c30-a3e0-c9f721931b72@group-BE6A807861E4: changes role from  FOLLOWER to CANDIDATE at term 0 for changeToCandidate
2025-10-17 11:01:21,893 [b292b6be-9482-4c30-a3e0-c9f721931b72@group-BE6A807861E4-FollowerState] INFO  impl.RoleInfo (RoleInfo.java:updateAndGet(148)) - b292b6be-9482-4c30-a3e0-c9f721931b72: start b292b6be-9482-4c30-a3e0-c9f721931b72@group-BE6A807861E4-LeaderElection10
2025-10-17 11:01:21,894 [b292b6be-9482-4c30-a3e0-c9f721931b72@group-BE6A807861E4-LeaderElection10] INFO  impl.LeaderElection (LeaderElection.java:askForVotes(448)) - b292b6be-9482-4c30-a3e0-c9f721931b72@group-BE6A807861E4-LeaderElection10 PRE_VOTE round 0: submit vote requests at term 0 for conf: {index: -1, cur=peers:[b292b6be-9482-4c30-a3e0-c9f721931b72|127.0.0.1:15031]|listeners:[], old=null}
2025-10-17 11:01:21,894 [b292b6be-9482-4c30-a3e0-c9f721931b72@group-BE6A807861E4-LeaderElection10] INFO  impl.LeaderElection (LeaderElection.java:askForVotes(450)) - b292b6be-9482-4c30-a3e0-c9f721931b72@group-BE6A807861E4-LeaderElection10 PRE_VOTE round 0: result PASSED (term=0)
2025-10-17 11:01:21,895 [b292b6be-9482-4c30-a3e0-c9f721931b72@group-BE6A807861E4-LeaderElection10] INFO  impl.LeaderElection (LeaderElection.java:askForVotes(448)) - b292b6be-9482-4c30-a3e0-c9f721931b72@group-BE6A807861E4-LeaderElection10 ELECTION round 0: submit vote requests at term 1 for conf: {index: -1, cur=peers:[b292b6be-9482-4c30-a3e0-c9f721931b72|127.0.0.1:15031]|listeners:[], old=null}
2025-10-17 11:01:21,895 [b292b6be-9482-4c30-a3e0-c9f721931b72@group-BE6A807861E4-LeaderElection10] INFO  impl.LeaderElection (LeaderElection.java:askForVotes(450)) - b292b6be-9482-4c30-a3e0-c9f721931b72@group-BE6A807861E4-LeaderElection10 ELECTION round 0: result PASSED (term=1)
2025-10-17 11:01:21,895 [b292b6be-9482-4c30-a3e0-c9f721931b72@group-BE6A807861E4-LeaderElection10] INFO  impl.RoleInfo (RoleInfo.java:shutdownLeaderElection(141)) - b292b6be-9482-4c30-a3e0-c9f721931b72: shutdown b292b6be-9482-4c30-a3e0-c9f721931b72@group-BE6A807861E4-LeaderElection10
2025-10-17 11:01:21,895 [b292b6be-9482-4c30-a3e0-c9f721931b72@group-BE6A807861E4-LeaderElection10] INFO  server.RaftServer$Division (RaftServerImpl.java:setRole(392)) - b292b6be-9482-4c30-a3e0-c9f721931b72@group-BE6A807861E4: changes role from CANDIDATE to LEADER at term 1 for changeToLeader
2025-10-17 11:01:21,895 [b292b6be-9482-4c30-a3e0-c9f721931b72@group-BE6A807861E4-LeaderElection10] INFO  server.RaftServerConfigKeys (ConfUtils.java:logFallback(69)) - raft.server.staging.timeout = 15600ms (fallback to raft.server.rpc.timeout.max)
2025-10-17 11:01:21,896 [b292b6be-9482-4c30-a3e0-c9f721931b72@group-BE6A807861E4-LeaderElection10] INFO  server.RaftServerConfigKeys (ConfUtils.java:logGet(62)) - raft.server.write.byte-limit = 1024 M (=1073741824) (custom)
2025-10-17 11:01:21,896 [b292b6be-9482-4c30-a3e0-c9f721931b72@group-BE6A807861E4-LeaderElection10] INFO  impl.RoleInfo (RoleInfo.java:updateAndGet(148)) - b292b6be-9482-4c30-a3e0-c9f721931b72: start b292b6be-9482-4c30-a3e0-c9f721931b72@group-BE6A807861E4-LeaderStateImpl
2025-10-17 11:01:21,896 [b292b6be-9482-4c30-a3e0-c9f721931b72@group-BE6A807861E4-LeaderElection10] INFO  server.RaftServer$Division (RaftServerImpl.java:setFirstElection(576)) - b292b6be-9482-4c30-a3e0-c9f721931b72@group-BE6A807861E4: set firstElectionSinceStartup to false for becomeLeader
2025-10-17 11:01:21,896 [b292b6be-9482-4c30-a3e0-c9f721931b72@group-BE6A807861E4-LeaderElection10] INFO  ratis.XceiverServerRatis (XceiverServerRatis.java:handleLeaderChangedNotification(940)) - Leader change notification received for group: group-BE6A807861E4 with new leaderId: b292b6be-9482-4c30-a3e0-c9f721931b72
2025-10-17 11:01:21,897 [b292b6be-9482-4c30-a3e0-c9f721931b72@group-BE6A807861E4-LeaderElection10] INFO  server.RaftServer$Division (ServerState.java:setLeader(272)) - b292b6be-9482-4c30-a3e0-c9f721931b72@group-BE6A807861E4: change Leader from null to b292b6be-9482-4c30-a3e0-c9f721931b72 at term 1 for becomeLeader, leader elected after 1164ms
2025-10-17 11:01:21,897 [b292b6be-9482-4c30-a3e0-c9f721931b72@group-BE6A807861E4-LeaderElection10] INFO  segmented.SegmentedRaftLogWorker (SegmentedRaftLogWorker.java:startLogSegment(440)) - b292b6be-9482-4c30-a3e0-c9f721931b72@group-BE6A807861E4-SegmentedRaftLogWorker: Starting segment from index:0
2025-10-17 11:01:21,897 [b292b6be-9482-4c30-a3e0-c9f721931b72@group-BE6A807861E4-SegmentedRaftLogWorker] INFO  segmented.BufferedWriteChannel (BufferedWriteChannel.java:open(61)) - open log_inprogress_0 at position 0
2025-10-17 11:01:21,897 [b292b6be-9482-4c30-a3e0-c9f721931b72@group-BE6A807861E4-LeaderElection10] INFO  server.RaftServer$Division (ServerState.java:setRaftConf(386)) - b292b6be-9482-4c30-a3e0-c9f721931b72@group-BE6A807861E4: set configuration conf: {index: 0, cur=peers:[b292b6be-9482-4c30-a3e0-c9f721931b72|127.0.0.1:15031]|listeners:[], old=null}
2025-10-17 11:01:21,899 | INFO  | SCMAudit | user=runner | ip=127.0.0.1 | op=SEND_HEARTBEAT {"datanodeUUID":"b292b6be-9482-4c30-a3e0-c9f721931b72","term":"2","command":"[]"} | ret=SUCCESS |  
2025-10-17 11:01:21,901 [b292b6be-9482-4c30-a3e0-c9f721931b72@group-BE6A807861E4-SegmentedRaftLogWorker] INFO  segmented.SegmentedRaftLogWorker (SegmentedRaftLogWorker.java:execute(647)) - b292b6be-9482-4c30-a3e0-c9f721931b72@group-BE6A807861E4-SegmentedRaftLogWorker: created new log segment /home/runner/work/ozone/ozone/hadoop-ozone/integration-test/target/test-dir/MiniOzoneClusterImpl-d1ffa5d3-3301-45c3-9f44-1ffa6967d237/ozone-metadata/datanode-3/ratis/7ec4e0b4-59a0-41ec-9ce6-be6a807861e4/current/log_inprogress_0
2025-10-17 11:01:21,902 [b292b6be-9482-4c30-a3e0-c9f721931b72@group-BE6A807861E4-StateMachineUpdater] INFO  server.RaftServer$Division (LeaderStateImpl.java:checkStartIndex(309)) - Leader b292b6be-9482-4c30-a3e0-c9f721931b72@group-BE6A807861E4-LeaderStateImpl is ready since appliedIndex == startIndex == 0
2025-10-17 11:01:22,000 [ForkJoinPool-1-worker-1] INFO  ozone.MiniOzoneClusterImpl (MiniOzoneClusterImpl.java:lambda$waitForClusterToBeReady$0(181)) - Nodes are ready. Got 14 of 14 DN Heartbeats.
2025-10-17 11:01:22,000 [ForkJoinPool-1-worker-1] INFO  ozone.MiniOzoneClusterImpl (MiniOzoneClusterImpl.java:lambda$waitForClusterToBeReady$0(184)) - Cluster exits safe mode
2025-10-17 11:01:22,000 [ForkJoinPool-1-worker-1] INFO  ozone.MiniOzoneClusterImpl (MiniOzoneClusterImpl.java:lambda$waitForClusterToBeReady$0(186)) - SCM became leader
2025-10-17 11:01:22,119 [718bfa29-2c47-4ab5-ac61-3dfe9c6b9d5c@group-95D8EFAE7158-FollowerState] INFO  impl.FollowerState (FollowerState.java:runImpl(161)) - 718bfa29-2c47-4ab5-ac61-3dfe9c6b9d5c@group-95D8EFAE7158-FollowerState: change to CANDIDATE, lastRpcElapsedTime:1097178983ns, electionTimeout:1096ms
2025-10-17 11:01:22,120 [718bfa29-2c47-4ab5-ac61-3dfe9c6b9d5c@group-95D8EFAE7158-FollowerState] INFO  impl.RoleInfo (RoleInfo.java:shutdownFollowerState(121)) - 718bfa29-2c47-4ab5-ac61-3dfe9c6b9d5c: shutdown 718bfa29-2c47-4ab5-ac61-3dfe9c6b9d5c@group-95D8EFAE7158-FollowerState
2025-10-17 11:01:22,120 [718bfa29-2c47-4ab5-ac61-3dfe9c6b9d5c@group-95D8EFAE7158-FollowerState] INFO  server.RaftServer$Division (RaftServerImpl.java:setRole(392)) - 718bfa29-2c47-4ab5-ac61-3dfe9c6b9d5c@group-95D8EFAE7158: changes role from  FOLLOWER to CANDIDATE at term 0 for changeToCandidate
2025-10-17 11:01:22,120 [718bfa29-2c47-4ab5-ac61-3dfe9c6b9d5c@group-95D8EFAE7158-FollowerState] INFO  impl.RoleInfo (RoleInfo.java:updateAndGet(148)) - 718bfa29-2c47-4ab5-ac61-3dfe9c6b9d5c: start 718bfa29-2c47-4ab5-ac61-3dfe9c6b9d5c@group-95D8EFAE7158-LeaderElection11
2025-10-17 11:01:22,120 [718bfa29-2c47-4ab5-ac61-3dfe9c6b9d5c@group-95D8EFAE7158-LeaderElection11] INFO  impl.LeaderElection (LeaderElection.java:askForVotes(448)) - 718bfa29-2c47-4ab5-ac61-3dfe9c6b9d5c@group-95D8EFAE7158-LeaderElection11 PRE_VOTE round 0: submit vote requests at term 0 for conf: {index: -1, cur=peers:[718bfa29-2c47-4ab5-ac61-3dfe9c6b9d5c|127.0.0.1:15039]|listeners:[], old=null}
2025-10-17 11:01:22,120 [718bfa29-2c47-4ab5-ac61-3dfe9c6b9d5c@group-95D8EFAE7158-LeaderElection11] INFO  impl.LeaderElection (LeaderElection.java:askForVotes(450)) - 718bfa29-2c47-4ab5-ac61-3dfe9c6b9d5c@group-95D8EFAE7158-LeaderElection11 PRE_VOTE round 0: result PASSED (term=0)
2025-10-17 11:01:22,121 [718bfa29-2c47-4ab5-ac61-3dfe9c6b9d5c@group-95D8EFAE7158-LeaderElection11] INFO  impl.LeaderElection (LeaderElection.java:askForVotes(448)) - 718bfa29-2c47-4ab5-ac61-3dfe9c6b9d5c@group-95D8EFAE7158-LeaderElection11 ELECTION round 0: submit vote requests at term 1 for conf: {index: -1, cur=peers:[718bfa29-2c47-4ab5-ac61-3dfe9c6b9d5c|127.0.0.1:15039]|listeners:[], old=null}
2025-10-17 11:01:22,121 [718bfa29-2c47-4ab5-ac61-3dfe9c6b9d5c@group-95D8EFAE7158-LeaderElection11] INFO  impl.LeaderElection (LeaderElection.java:askForVotes(450)) - 718bfa29-2c47-4ab5-ac61-3dfe9c6b9d5c@group-95D8EFAE7158-LeaderElection11 ELECTION round 0: result PASSED (term=1)
2025-10-17 11:01:22,122 [718bfa29-2c47-4ab5-ac61-3dfe9c6b9d5c@group-95D8EFAE7158-LeaderElection11] INFO  impl.RoleInfo (RoleInfo.java:shutdownLeaderElection(141)) - 718bfa29-2c47-4ab5-ac61-3dfe9c6b9d5c: shutdown 718bfa29-2c47-4ab5-ac61-3dfe9c6b9d5c@group-95D8EFAE7158-LeaderElection11
2025-10-17 11:01:22,122 [718bfa29-2c47-4ab5-ac61-3dfe9c6b9d5c@group-95D8EFAE7158-LeaderElection11] INFO  server.RaftServer$Division (RaftServerImpl.java:setRole(392)) - 718bfa29-2c47-4ab5-ac61-3dfe9c6b9d5c@group-95D8EFAE7158: changes role from CANDIDATE to LEADER at term 1 for changeToLeader
2025-10-17 11:01:22,122 [718bfa29-2c47-4ab5-ac61-3dfe9c6b9d5c@group-95D8EFAE7158-LeaderElection11] INFO  server.RaftServerConfigKeys (ConfUtils.java:logFallback(69)) - raft.server.staging.timeout = 15600ms (fallback to raft.server.rpc.timeout.max)
2025-10-17 11:01:22,122 [718bfa29-2c47-4ab5-ac61-3dfe9c6b9d5c@group-95D8EFAE7158-LeaderElection11] INFO  server.RaftServerConfigKeys (ConfUtils.java:logGet(62)) - raft.server.write.byte-limit = 1024 M (=1073741824) (custom)
2025-10-17 11:01:22,123 [718bfa29-2c47-4ab5-ac61-3dfe9c6b9d5c@group-95D8EFAE7158-LeaderElection11] INFO  impl.RoleInfo (RoleInfo.java:updateAndGet(148)) - 718bfa29-2c47-4ab5-ac61-3dfe9c6b9d5c: start 718bfa29-2c47-4ab5-ac61-3dfe9c6b9d5c@group-95D8EFAE7158-LeaderStateImpl
2025-10-17 11:01:22,123 [718bfa29-2c47-4ab5-ac61-3dfe9c6b9d5c@group-95D8EFAE7158-LeaderElection11] INFO  server.RaftServer$Division (RaftServerImpl.java:setFirstElection(576)) - 718bfa29-2c47-4ab5-ac61-3dfe9c6b9d5c@group-95D8EFAE7158: set firstElectionSinceStartup to false for becomeLeader
2025-10-17 11:01:22,123 [718bfa29-2c47-4ab5-ac61-3dfe9c6b9d5c@group-95D8EFAE7158-LeaderElection11] INFO  ratis.XceiverServerRatis (XceiverServerRatis.java:handleLeaderChangedNotification(940)) - Leader change notification received for group: group-95D8EFAE7158 with new leaderId: 718bfa29-2c47-4ab5-ac61-3dfe9c6b9d5c
2025-10-17 11:01:22,123 [718bfa29-2c47-4ab5-ac61-3dfe9c6b9d5c@group-95D8EFAE7158-LeaderElection11] INFO  server.RaftServer$Division (ServerState.java:setLeader(272)) - 718bfa29-2c47-4ab5-ac61-3dfe9c6b9d5c@group-95D8EFAE7158: change Leader from null to 718bfa29-2c47-4ab5-ac61-3dfe9c6b9d5c at term 1 for becomeLeader, leader elected after 1119ms
2025-10-17 11:01:22,124 [718bfa29-2c47-4ab5-ac61-3dfe9c6b9d5c@group-95D8EFAE7158-LeaderElection11] INFO  segmented.SegmentedRaftLogWorker (SegmentedRaftLogWorker.java:startLogSegment(440)) - 718bfa29-2c47-4ab5-ac61-3dfe9c6b9d5c@group-95D8EFAE7158-SegmentedRaftLogWorker: Starting segment from index:0
2025-10-17 11:01:22,124 [718bfa29-2c47-4ab5-ac61-3dfe9c6b9d5c@group-95D8EFAE7158-LeaderElection11] INFO  server.RaftServer$Division (ServerState.java:setRaftConf(386)) - 718bfa29-2c47-4ab5-ac61-3dfe9c6b9d5c@group-95D8EFAE7158: set configuration conf: {index: 0, cur=peers:[718bfa29-2c47-4ab5-ac61-3dfe9c6b9d5c|127.0.0.1:15039]|listeners:[], old=null}
2025-10-17 11:01:22,124 [718bfa29-2c47-4ab5-ac61-3dfe9c6b9d5c@group-95D8EFAE7158-SegmentedRaftLogWorker] INFO  segmented.BufferedWriteChannel (BufferedWriteChannel.java:open(61)) - open log_inprogress_0 at position 0
2025-10-17 11:01:22,125 | INFO  | SCMAudit | user=runner | ip=127.0.0.1 | op=SEND_HEARTBEAT {"datanodeUUID":"718bfa29-2c47-4ab5-ac61-3dfe9c6b9d5c","term":"2","command":"[]"} | ret=SUCCESS |  
2025-10-17 11:01:22,128 [718bfa29-2c47-4ab5-ac61-3dfe9c6b9d5c@group-95D8EFAE7158-SegmentedRaftLogWorker] INFO  segmented.SegmentedRaftLogWorker (SegmentedRaftLogWorker.java:execute(647)) - 718bfa29-2c47-4ab5-ac61-3dfe9c6b9d5c@group-95D8EFAE7158-SegmentedRaftLogWorker: created new log segment /home/runner/work/ozone/ozone/hadoop-ozone/integration-test/target/test-dir/MiniOzoneClusterImpl-d1ffa5d3-3301-45c3-9f44-1ffa6967d237/ozone-metadata/datanode-4/ratis/6b95370b-02ef-41c9-9de6-95d8efae7158/current/log_inprogress_0
2025-10-17 11:01:22,129 [718bfa29-2c47-4ab5-ac61-3dfe9c6b9d5c@group-95D8EFAE7158-StateMachineUpdater] INFO  server.RaftServer$Division (LeaderStateImpl.java:checkStartIndex(309)) - Leader 718bfa29-2c47-4ab5-ac61-3dfe9c6b9d5c@group-95D8EFAE7158-LeaderStateImpl is ready since appliedIndex == startIndex == 0
2025-10-17 11:01:22,164 [b1eee25a-1fdf-4744-83c7-58e0513fce3b@group-7468994F70AF-FollowerState] INFO  impl.FollowerState (FollowerState.java:runImpl(161)) - b1eee25a-1fdf-4744-83c7-58e0513fce3b@group-7468994F70AF-FollowerState: change to CANDIDATE, lastRpcElapsedTime:1070979184ns, electionTimeout:1070ms
2025-10-17 11:01:22,164 [b1eee25a-1fdf-4744-83c7-58e0513fce3b@group-7468994F70AF-FollowerState] INFO  impl.RoleInfo (RoleInfo.java:shutdownFollowerState(121)) - b1eee25a-1fdf-4744-83c7-58e0513fce3b: shutdown b1eee25a-1fdf-4744-83c7-58e0513fce3b@group-7468994F70AF-FollowerState
2025-10-17 11:01:22,164 [b1eee25a-1fdf-4744-83c7-58e0513fce3b@group-7468994F70AF-FollowerState] INFO  server.RaftServer$Division (RaftServerImpl.java:setRole(392)) - b1eee25a-1fdf-4744-83c7-58e0513fce3b@group-7468994F70AF: changes role from  FOLLOWER to CANDIDATE at term 0 for changeToCandidate
2025-10-17 11:01:22,164 [b1eee25a-1fdf-4744-83c7-58e0513fce3b@group-7468994F70AF-FollowerState] INFO  impl.RoleInfo (RoleInfo.java:updateAndGet(148)) - b1eee25a-1fdf-4744-83c7-58e0513fce3b: start b1eee25a-1fdf-4744-83c7-58e0513fce3b@group-7468994F70AF-LeaderElection12
2025-10-17 11:01:22,165 [b1eee25a-1fdf-4744-83c7-58e0513fce3b@group-7468994F70AF-LeaderElection12] INFO  impl.LeaderElection (LeaderElection.java:askForVotes(448)) - b1eee25a-1fdf-4744-83c7-58e0513fce3b@group-7468994F70AF-LeaderElection12 PRE_VOTE round 0: submit vote requests at term 0 for conf: {index: -1, cur=peers:[b1eee25a-1fdf-4744-83c7-58e0513fce3b|127.0.0.1:15047, 718bfa29-2c47-4ab5-ac61-3dfe9c6b9d5c|127.0.0.1:15039, 2b4cc429-f9c1-416c-9a38-6239a2e149ea|127.0.0.1:15055]|listeners:[], old=null}
2025-10-17 11:01:22,165 [b1eee25a-1fdf-4744-83c7-58e0513fce3b@group-7468994F70AF-LeaderElection12-1] INFO  server.GrpcServerProtocolClient (GrpcServerProtocolClient.java:<init>(65)) - Build channel for 718bfa29-2c47-4ab5-ac61-3dfe9c6b9d5c|127.0.0.1:15039
2025-10-17 11:01:22,166 [b1eee25a-1fdf-4744-83c7-58e0513fce3b@group-7468994F70AF-LeaderElection12-2] INFO  server.GrpcServerProtocolClient (GrpcServerProtocolClient.java:<init>(65)) - Build channel for 2b4cc429-f9c1-416c-9a38-6239a2e149ea|127.0.0.1:15055
2025-10-17 11:01:22,171 | INFO  | SCMAudit | user=runner | ip=127.0.0.1 | op=SEND_HEARTBEAT {"datanodeUUID":"b6f92338-e951-49df-a986-ea31ece96e9e","term":"2","command":"[]"} | ret=SUCCESS |  
2025-10-17 11:01:22,171 [grpc-default-executor-4] INFO  server.RaftServer$Division (RaftServerImpl.java:requestVote(1421)) - 2b4cc429-f9c1-416c-9a38-6239a2e149ea@group-7468994F70AF: receive requestVote(PRE_VOTE, b1eee25a-1fdf-4744-83c7-58e0513fce3b, group-7468994F70AF, 0, <PROTO_DEFAULT>)
2025-10-17 11:01:22,172 [grpc-default-executor-4] INFO  impl.VoteContext (VoteContext.java:log(49)) - 2b4cc429-f9c1-416c-9a38-6239a2e149ea@group-7468994F70AF-FOLLOWER: reject PRE_VOTE from b1eee25a-1fdf-4744-83c7-58e0513fce3b: our priority 1 > candidate's priority 0
2025-10-17 11:01:22,172 [grpc-default-executor-4] INFO  server.RaftServer$Division (RaftServerImpl.java:requestVote(1455)) - 2b4cc429-f9c1-416c-9a38-6239a2e149ea@group-7468994F70AF replies to PRE_VOTE vote request: b1eee25a-1fdf-4744-83c7-58e0513fce3b<-2b4cc429-f9c1-416c-9a38-6239a2e149ea#0:FAIL-t0-last:<INITIAL_VALUE>. Peer's state: 2b4cc429-f9c1-416c-9a38-6239a2e149ea@group-7468994F70AF:t0, leader=null, voted=, raftlog=Memoized:2b4cc429-f9c1-416c-9a38-6239a2e149ea@group-7468994F70AF-SegmentedRaftLog:OPENED:c-1:lastnull, conf=conf: {index: -1, cur=peers:[b1eee25a-1fdf-4744-83c7-58e0513fce3b|127.0.0.1:15047, 718bfa29-2c47-4ab5-ac61-3dfe9c6b9d5c|127.0.0.1:15039, 2b4cc429-f9c1-416c-9a38-6239a2e149ea|127.0.0.1:15055]|listeners:[], old=null}
2025-10-17 11:01:22,173 [grpc-default-executor-4] INFO  server.RaftServer$Division (RaftServerImpl.java:requestVote(1421)) - 718bfa29-2c47-4ab5-ac61-3dfe9c6b9d5c@group-7468994F70AF: receive requestVote(PRE_VOTE, b1eee25a-1fdf-4744-83c7-58e0513fce3b, group-7468994F70AF, 0, <PROTO_DEFAULT>)
2025-10-17 11:01:22,173 [grpc-default-executor-4] INFO  impl.VoteContext (VoteContext.java:log(49)) - 718bfa29-2c47-4ab5-ac61-3dfe9c6b9d5c@group-7468994F70AF-FOLLOWER: accept PRE_VOTE from b1eee25a-1fdf-4744-83c7-58e0513fce3b: our priority 0 <= candidate's priority 0
2025-10-17 11:01:22,173 [grpc-default-executor-4] INFO  server.RaftServer$Division (RaftServerImpl.java:requestVote(1455)) - 718bfa29-2c47-4ab5-ac61-3dfe9c6b9d5c@group-7468994F70AF replies to PRE_VOTE vote request: b1eee25a-1fdf-4744-83c7-58e0513fce3b<-718bfa29-2c47-4ab5-ac61-3dfe9c6b9d5c#0:OK-t0-last:<INITIAL_VALUE>. Peer's state: 718bfa29-2c47-4ab5-ac61-3dfe9c6b9d5c@group-7468994F70AF:t0, leader=null, voted=, raftlog=Memoized:718bfa29-2c47-4ab5-ac61-3dfe9c6b9d5c@group-7468994F70AF-SegmentedRaftLog:OPENED:c-1:lastnull, conf=conf: {index: -1, cur=peers:[b1eee25a-1fdf-4744-83c7-58e0513fce3b|127.0.0.1:15047, 718bfa29-2c47-4ab5-ac61-3dfe9c6b9d5c|127.0.0.1:15039, 2b4cc429-f9c1-416c-9a38-6239a2e149ea|127.0.0.1:15055]|listeners:[], old=null}
2025-10-17 11:01:22,174 [b1eee25a-1fdf-4744-83c7-58e0513fce3b@group-7468994F70AF-LeaderElection12] INFO  impl.LeaderElection (LeaderElection.java:logAndReturn(206)) - b1eee25a-1fdf-4744-83c7-58e0513fce3b@group-7468994F70AF-LeaderElection12: PRE_VOTE REJECTED received 1 response(s) and 0 exception(s):
2025-10-17 11:01:22,174 [b1eee25a-1fdf-4744-83c7-58e0513fce3b@group-7468994F70AF-LeaderElection12] INFO  impl.LeaderElection (LeaderElection.java:logAndReturn(210)) -   Response 0: b1eee25a-1fdf-4744-83c7-58e0513fce3b<-2b4cc429-f9c1-416c-9a38-6239a2e149ea#0:FAIL-t0-last:<INITIAL_VALUE>
2025-10-17 11:01:22,174 [b1eee25a-1fdf-4744-83c7-58e0513fce3b@group-7468994F70AF-LeaderElection12] INFO  impl.LeaderElection (LeaderElection.java:askForVotes(450)) - b1eee25a-1fdf-4744-83c7-58e0513fce3b@group-7468994F70AF-LeaderElection12 PRE_VOTE round 0: result REJECTED
2025-10-17 11:01:22,174 [b1eee25a-1fdf-4744-83c7-58e0513fce3b@group-7468994F70AF-LeaderElection12] INFO  server.RaftServer$Division (RaftServerImpl.java:setRole(392)) - b1eee25a-1fdf-4744-83c7-58e0513fce3b@group-7468994F70AF: changes role from CANDIDATE to FOLLOWER at term 0 for REJECTED
2025-10-17 11:01:22,174 [b1eee25a-1fdf-4744-83c7-58e0513fce3b@group-7468994F70AF-LeaderElection12] INFO  impl.RoleInfo (RoleInfo.java:shutdownLeaderElection(141)) - b1eee25a-1fdf-4744-83c7-58e0513fce3b: shutdown b1eee25a-1fdf-4744-83c7-58e0513fce3b@group-7468994F70AF-LeaderElection12
2025-10-17 11:01:22,174 [b1eee25a-1fdf-4744-83c7-58e0513fce3b@group-7468994F70AF-LeaderElection12] INFO  impl.RoleInfo (RoleInfo.java:updateAndGet(148)) - b1eee25a-1fdf-4744-83c7-58e0513fce3b: start b1eee25a-1fdf-4744-83c7-58e0513fce3b@group-7468994F70AF-FollowerState
2025-10-17 11:01:22,174 [b1eee25a-1fdf-4744-83c7-58e0513fce3b@group-7468994F70AF-LeaderElection12] INFO  server.RaftServer$Division (RaftServerImpl.java:setFirstElection(576)) - b1eee25a-1fdf-4744-83c7-58e0513fce3b@group-7468994F70AF: set firstElectionSinceStartup to false for REJECTED
2025-10-17 11:01:22,219 [dbd6f242-9b73-4bca-a110-3e2ec656b979@group-1CC4A7D0BB09-FollowerState] INFO  impl.FollowerState (FollowerState.java:runImpl(161)) - dbd6f242-9b73-4bca-a110-3e2ec656b979@group-1CC4A7D0BB09-FollowerState: change to CANDIDATE, lastRpcElapsedTime:1119440460ns, electionTimeout:1115ms
2025-10-17 11:01:22,219 [dbd6f242-9b73-4bca-a110-3e2ec656b979@group-1CC4A7D0BB09-FollowerState] INFO  impl.RoleInfo (RoleInfo.java:shutdownFollowerState(121)) - dbd6f242-9b73-4bca-a110-3e2ec656b979: shutdown dbd6f242-9b73-4bca-a110-3e2ec656b979@group-1CC4A7D0BB09-FollowerState
2025-10-17 11:01:22,219 [dbd6f242-9b73-4bca-a110-3e2ec656b979@group-1CC4A7D0BB09-FollowerState] INFO  server.RaftServer$Division (RaftServerImpl.java:setRole(392)) - dbd6f242-9b73-4bca-a110-3e2ec656b979@group-1CC4A7D0BB09: changes role from  FOLLOWER to CANDIDATE at term 0 for changeToCandidate
2025-10-17 11:01:22,219 [dbd6f242-9b73-4bca-a110-3e2ec656b979@group-1CC4A7D0BB09-FollowerState] INFO  impl.RoleInfo (RoleInfo.java:updateAndGet(148)) - dbd6f242-9b73-4bca-a110-3e2ec656b979: start dbd6f242-9b73-4bca-a110-3e2ec656b979@group-1CC4A7D0BB09-LeaderElection13
2025-10-17 11:01:22,220 [dbd6f242-9b73-4bca-a110-3e2ec656b979@group-1CC4A7D0BB09-LeaderElection13] INFO  impl.LeaderElection (LeaderElection.java:askForVotes(448)) - dbd6f242-9b73-4bca-a110-3e2ec656b979@group-1CC4A7D0BB09-LeaderElection13 PRE_VOTE round 0: submit vote requests at term 0 for conf: {index: -1, cur=peers:[50dccd39-549f-4f43-8b1f-597bf98f9c16|127.0.0.1:15063, ed6e9581-5875-4278-a8db-50829892434b|127.0.0.1:15079, dbd6f242-9b73-4bca-a110-3e2ec656b979|127.0.0.1:15071]|listeners:[], old=null}
2025-10-17 11:01:22,222 [dbd6f242-9b73-4bca-a110-3e2ec656b979@group-1CC4A7D0BB09-LeaderElection13-1] INFO  server.GrpcServerProtocolClient (GrpcServerProtocolClient.java:<init>(65)) - Build channel for 50dccd39-549f-4f43-8b1f-597bf98f9c16|127.0.0.1:15063
2025-10-17 11:01:22,224 [dbd6f242-9b73-4bca-a110-3e2ec656b979@group-1CC4A7D0BB09-LeaderElection13-2] INFO  server.GrpcServerProtocolClient (GrpcServerProtocolClient.java:<init>(65)) - Build channel for ed6e9581-5875-4278-a8db-50829892434b|127.0.0.1:15079
2025-10-17 11:01:22,233 [grpc-default-executor-1] INFO  server.RaftServer$Division (RaftServerImpl.java:requestVote(1421)) - 50dccd39-549f-4f43-8b1f-597bf98f9c16@group-1CC4A7D0BB09: receive requestVote(PRE_VOTE, dbd6f242-9b73-4bca-a110-3e2ec656b979, group-1CC4A7D0BB09, 0, <PROTO_DEFAULT>)
2025-10-17 11:01:22,234 [grpc-default-executor-1] INFO  impl.VoteContext (VoteContext.java:log(49)) - 50dccd39-549f-4f43-8b1f-597bf98f9c16@group-1CC4A7D0BB09-FOLLOWER: accept PRE_VOTE from dbd6f242-9b73-4bca-a110-3e2ec656b979: our priority 0 <= candidate's priority 0
2025-10-17 11:01:22,233 [grpc-default-executor-4] INFO  server.RaftServer$Division (RaftServerImpl.java:requestVote(1421)) - ed6e9581-5875-4278-a8db-50829892434b@group-1CC4A7D0BB09: receive requestVote(PRE_VOTE, dbd6f242-9b73-4bca-a110-3e2ec656b979, group-1CC4A7D0BB09, 0, <PROTO_DEFAULT>)
2025-10-17 11:01:22,234 [grpc-default-executor-4] INFO  impl.VoteContext (VoteContext.java:log(49)) - ed6e9581-5875-4278-a8db-50829892434b@group-1CC4A7D0BB09-FOLLOWER: reject PRE_VOTE from dbd6f242-9b73-4bca-a110-3e2ec656b979: our priority 1 > candidate's priority 0
2025-10-17 11:01:22,234 [grpc-default-executor-4] INFO  server.RaftServer$Division (RaftServerImpl.java:requestVote(1455)) - ed6e9581-5875-4278-a8db-50829892434b@group-1CC4A7D0BB09 replies to PRE_VOTE vote request: dbd6f242-9b73-4bca-a110-3e2ec656b979<-ed6e9581-5875-4278-a8db-50829892434b#0:FAIL-t0-last:<INITIAL_VALUE>. Peer's state: ed6e9581-5875-4278-a8db-50829892434b@group-1CC4A7D0BB09:t0, leader=null, voted=, raftlog=Memoized:ed6e9581-5875-4278-a8db-50829892434b@group-1CC4A7D0BB09-SegmentedRaftLog:OPENED:c-1:lastnull, conf=conf: {index: -1, cur=peers:[50dccd39-549f-4f43-8b1f-597bf98f9c16|127.0.0.1:15063, ed6e9581-5875-4278-a8db-50829892434b|127.0.0.1:15079, dbd6f242-9b73-4bca-a110-3e2ec656b979|127.0.0.1:15071]|listeners:[], old=null}
2025-10-17 11:01:22,234 [grpc-default-executor-1] INFO  server.RaftServer$Division (RaftServerImpl.java:requestVote(1455)) - 50dccd39-549f-4f43-8b1f-597bf98f9c16@group-1CC4A7D0BB09 replies to PRE_VOTE vote request: dbd6f242-9b73-4bca-a110-3e2ec656b979<-50dccd39-549f-4f43-8b1f-597bf98f9c16#0:OK-t0-last:<INITIAL_VALUE>. Peer's state: 50dccd39-549f-4f43-8b1f-597bf98f9c16@group-1CC4A7D0BB09:t0, leader=null, voted=, raftlog=Memoized:50dccd39-549f-4f43-8b1f-597bf98f9c16@group-1CC4A7D0BB09-SegmentedRaftLog:OPENED:c-1:lastnull, conf=conf: {index: -1, cur=peers:[50dccd39-549f-4f43-8b1f-597bf98f9c16|127.0.0.1:15063, ed6e9581-5875-4278-a8db-50829892434b|127.0.0.1:15079, dbd6f242-9b73-4bca-a110-3e2ec656b979|127.0.0.1:15071]|listeners:[], old=null}
2025-10-17 11:01:22,235 [dbd6f242-9b73-4bca-a110-3e2ec656b979@group-492BD614E53F-FollowerState] INFO  impl.FollowerState (FollowerState.java:runImpl(161)) - dbd6f242-9b73-4bca-a110-3e2ec656b979@group-492BD614E53F-FollowerState: change to CANDIDATE, lastRpcElapsedTime:1171931418ns, electionTimeout:1171ms
2025-10-17 11:01:22,235 [dbd6f242-9b73-4bca-a110-3e2ec656b979@group-492BD614E53F-FollowerState] INFO  impl.RoleInfo (RoleInfo.java:shutdownFollowerState(121)) - dbd6f242-9b73-4bca-a110-3e2ec656b979: shutdown dbd6f242-9b73-4bca-a110-3e2ec656b979@group-492BD614E53F-FollowerState
2025-10-17 11:01:22,235 [dbd6f242-9b73-4bca-a110-3e2ec656b979@group-492BD614E53F-FollowerState] INFO  server.RaftServer$Division (RaftServerImpl.java:setRole(392)) - dbd6f242-9b73-4bca-a110-3e2ec656b979@group-492BD614E53F: changes role from  FOLLOWER to CANDIDATE at term 0 for changeToCandidate
2025-10-17 11:01:22,235 [dbd6f242-9b73-4bca-a110-3e2ec656b979@group-492BD614E53F-FollowerState] INFO  impl.RoleInfo (RoleInfo.java:updateAndGet(148)) - dbd6f242-9b73-4bca-a110-3e2ec656b979: start dbd6f242-9b73-4bca-a110-3e2ec656b979@group-492BD614E53F-LeaderElection14
2025-10-17 11:01:22,236 [dbd6f242-9b73-4bca-a110-3e2ec656b979@group-492BD614E53F-LeaderElection14] INFO  impl.LeaderElection (LeaderElection.java:askForVotes(448)) - dbd6f242-9b73-4bca-a110-3e2ec656b979@group-492BD614E53F-LeaderElection14 PRE_VOTE round 0: submit vote requests at term 0 for conf: {index: -1, cur=peers:[dbd6f242-9b73-4bca-a110-3e2ec656b979|127.0.0.1:15071]|listeners:[], old=null}
2025-10-17 11:01:22,236 [dbd6f242-9b73-4bca-a110-3e2ec656b979@group-1CC4A7D0BB09-LeaderElection13] INFO  impl.LeaderElection (LeaderElection.java:logAndReturn(206)) - dbd6f242-9b73-4bca-a110-3e2ec656b979@group-1CC4A7D0BB09-LeaderElection13: PRE_VOTE REJECTED received 1 response(s) and 0 exception(s):
2025-10-17 11:01:22,236 [dbd6f242-9b73-4bca-a110-3e2ec656b979@group-1CC4A7D0BB09-LeaderElection13] INFO  impl.LeaderElection (LeaderElection.java:logAndReturn(210)) -   Response 0: dbd6f242-9b73-4bca-a110-3e2ec656b979<-ed6e9581-5875-4278-a8db-50829892434b#0:FAIL-t0-last:<INITIAL_VALUE>
2025-10-17 11:01:22,236 [dbd6f242-9b73-4bca-a110-3e2ec656b979@group-1CC4A7D0BB09-LeaderElection13] INFO  impl.LeaderElection (LeaderElection.java:askForVotes(450)) - dbd6f242-9b73-4bca-a110-3e2ec656b979@group-1CC4A7D0BB09-LeaderElection13 PRE_VOTE round 0: result REJECTED
2025-10-17 11:01:22,236 [dbd6f242-9b73-4bca-a110-3e2ec656b979@group-1CC4A7D0BB09-LeaderElection13] INFO  server.RaftServer$Division (RaftServerImpl.java:setRole(392)) - dbd6f242-9b73-4bca-a110-3e2ec656b979@group-1CC4A7D0BB09: changes role from CANDIDATE to FOLLOWER at term 0 for REJECTED
2025-10-17 11:01:22,236 [dbd6f242-9b73-4bca-a110-3e2ec656b979@group-1CC4A7D0BB09-LeaderElection13] INFO  impl.RoleInfo (RoleInfo.java:shutdownLeaderElection(141)) - dbd6f242-9b73-4bca-a110-3e2ec656b979: shutdown dbd6f242-9b73-4bca-a110-3e2ec656b979@group-1CC4A7D0BB09-LeaderElection13
2025-10-17 11:01:22,236 [dbd6f242-9b73-4bca-a110-3e2ec656b979@group-1CC4A7D0BB09-LeaderElection13] INFO  impl.RoleInfo (RoleInfo.java:updateAndGet(148)) - dbd6f242-9b73-4bca-a110-3e2ec656b979: start dbd6f242-9b73-4bca-a110-3e2ec656b979@group-1CC4A7D0BB09-FollowerState
2025-10-17 11:01:22,236 [dbd6f242-9b73-4bca-a110-3e2ec656b979@group-492BD614E53F-LeaderElection14] INFO  impl.LeaderElection (LeaderElection.java:askForVotes(450)) - dbd6f242-9b73-4bca-a110-3e2ec656b979@group-492BD614E53F-LeaderElection14 PRE_VOTE round 0: result PASSED (term=0)
2025-10-17 11:01:22,237 [dbd6f242-9b73-4bca-a110-3e2ec656b979@group-1CC4A7D0BB09-LeaderElection13] INFO  server.RaftServer$Division (RaftServerImpl.java:setFirstElection(576)) - dbd6f242-9b73-4bca-a110-3e2ec656b979@group-1CC4A7D0BB09: set firstElectionSinceStartup to false for REJECTED
2025-10-17 11:01:22,238 [dbd6f242-9b73-4bca-a110-3e2ec656b979@group-492BD614E53F-LeaderElection14] INFO  impl.LeaderElection (LeaderElection.java:askForVotes(448)) - dbd6f242-9b73-4bca-a110-3e2ec656b979@group-492BD614E53F-LeaderElection14 ELECTION round 0: submit vote requests at term 1 for conf: {index: -1, cur=peers:[dbd6f242-9b73-4bca-a110-3e2ec656b979|127.0.0.1:15071]|listeners:[], old=null}
2025-10-17 11:01:22,238 [dbd6f242-9b73-4bca-a110-3e2ec656b979@group-492BD614E53F-LeaderElection14] INFO  impl.LeaderElection (LeaderElection.java:askForVotes(450)) - dbd6f242-9b73-4bca-a110-3e2ec656b979@group-492BD614E53F-LeaderElection14 ELECTION round 0: result PASSED (term=1)
2025-10-17 11:01:22,238 [dbd6f242-9b73-4bca-a110-3e2ec656b979@group-492BD614E53F-LeaderElection14] INFO  impl.RoleInfo (RoleInfo.java:shutdownLeaderElection(141)) - dbd6f242-9b73-4bca-a110-3e2ec656b979: shutdown dbd6f242-9b73-4bca-a110-3e2ec656b979@group-492BD614E53F-LeaderElection14
2025-10-17 11:01:22,238 [dbd6f242-9b73-4bca-a110-3e2ec656b979@group-492BD614E53F-LeaderElection14] INFO  server.RaftServer$Division (RaftServerImpl.java:setRole(392)) - dbd6f242-9b73-4bca-a110-3e2ec656b979@group-492BD614E53F: changes role from CANDIDATE to LEADER at term 1 for changeToLeader
2025-10-17 11:01:22,239 [dbd6f242-9b73-4bca-a110-3e2ec656b979@group-492BD614E53F-LeaderElection14] INFO  server.RaftServerConfigKeys (ConfUtils.java:logFallback(69)) - raft.server.staging.timeout = 15600ms (fallback to raft.server.rpc.timeout.max)
2025-10-17 11:01:22,239 [dbd6f242-9b73-4bca-a110-3e2ec656b979@group-492BD614E53F-LeaderElection14] INFO  server.RaftServerConfigKeys (ConfUtils.java:logGet(62)) - raft.server.write.byte-limit = 1024 M (=1073741824) (custom)
2025-10-17 11:01:22,240 [ed6e9581-5875-4278-a8db-50829892434b-CreatePipelineCommandHandlerThread-0] INFO  server.RaftServer (RaftServerProxy.java:addNew(105)) - ed6e9581-5875-4278-a8db-50829892434b: addNew group-0E6F53606E6C:[ed6e9581-5875-4278-a8db-50829892434b|127.0.0.1:15079] returns group-0E6F53606E6C:java.util.concurrent.CompletableFuture@5ee552ac[Not completed]
2025-10-17 11:01:22,240 [dbd6f242-9b73-4bca-a110-3e2ec656b979@group-492BD614E53F-LeaderElection14] INFO  impl.RoleInfo (RoleInfo.java:updateAndGet(148)) - dbd6f242-9b73-4bca-a110-3e2ec656b979: start dbd6f242-9b73-4bca-a110-3e2ec656b979@group-492BD614E53F-LeaderStateImpl
2025-10-17 11:01:22,240 [dbd6f242-9b73-4bca-a110-3e2ec656b979@group-492BD614E53F-LeaderElection14] INFO  server.RaftServer$Division (RaftServerImpl.java:setFirstElection(576)) - dbd6f242-9b73-4bca-a110-3e2ec656b979@group-492BD614E53F: set firstElectionSinceStartup to false for becomeLeader
2025-10-17 11:01:22,240 [dbd6f242-9b73-4bca-a110-3e2ec656b979@group-492BD614E53F-LeaderElection14] INFO  ratis.XceiverServerRatis (XceiverServerRatis.java:handleLeaderChangedNotification(940)) - Leader change notification received for group: group-492BD614E53F with new leaderId: dbd6f242-9b73-4bca-a110-3e2ec656b979
2025-10-17 11:01:22,255 [dbd6f242-9b73-4bca-a110-3e2ec656b979@group-492BD614E53F-LeaderElection14] INFO  server.RaftServer$Division (ServerState.java:setLeader(272)) - dbd6f242-9b73-4bca-a110-3e2ec656b979@group-492BD614E53F: change Leader from null to dbd6f242-9b73-4bca-a110-3e2ec656b979 at term 1 for becomeLeader, leader elected after 1199ms
2025-10-17 11:01:22,256 [dbd6f242-9b73-4bca-a110-3e2ec656b979@group-492BD614E53F-LeaderElection14] INFO  segmented.SegmentedRaftLogWorker (SegmentedRaftLogWorker.java:startLogSegment(440)) - dbd6f242-9b73-4bca-a110-3e2ec656b979@group-492BD614E53F-SegmentedRaftLogWorker: Starting segment from index:0
2025-10-17 11:01:22,256 [dbd6f242-9b73-4bca-a110-3e2ec656b979@group-492BD614E53F-LeaderElection14] INFO  server.RaftServer$Division (ServerState.java:setRaftConf(386)) - dbd6f242-9b73-4bca-a110-3e2ec656b979@group-492BD614E53F: set configuration conf: {index: 0, cur=peers:[dbd6f242-9b73-4bca-a110-3e2ec656b979|127.0.0.1:15071]|listeners:[], old=null}
2025-10-17 11:01:22,257 [dbd6f242-9b73-4bca-a110-3e2ec656b979@group-492BD614E53F-SegmentedRaftLogWorker] INFO  segmented.BufferedWriteChannel (BufferedWriteChannel.java:open(61)) - open log_inprogress_0 at position 0
2025-10-17 11:01:22,258 | INFO  | SCMAudit | user=runner | ip=127.0.0.1 | op=SEND_HEARTBEAT {"datanodeUUID":"dbd6f242-9b73-4bca-a110-3e2ec656b979","term":"2","command":"[]"} | ret=SUCCESS |  
2025-10-17 11:01:22,257 [ed6e9581-5875-4278-a8db-50829892434b-groupManagement] INFO  server.RaftServer$Division (RaftServerImpl.java:<init>(268)) - ed6e9581-5875-4278-a8db-50829892434b: new RaftServerImpl for group-0E6F53606E6C:[ed6e9581-5875-4278-a8db-50829892434b|127.0.0.1:15079] with ContainerStateMachine:uninitialized
2025-10-17 11:01:22,259 [ed6e9581-5875-4278-a8db-50829892434b-groupManagement] INFO  server.RaftServer$Division (ServerState.java:<init>(114)) - ed6e9581-5875-4278-a8db-50829892434b@group-0E6F53606E6C: ConfigurationManager, init=conf: {index: -1, cur=peers:[ed6e9581-5875-4278-a8db-50829892434b|127.0.0.1:15079]|listeners:[], old=null}, confs=<EMPTY_MAP>
2025-10-17 11:01:22,263 [dbd6f242-9b73-4bca-a110-3e2ec656b979@group-492BD614E53F-SegmentedRaftLogWorker] INFO  segmented.SegmentedRaftLogWorker (SegmentedRaftLogWorker.java:execute(647)) - dbd6f242-9b73-4bca-a110-3e2ec656b979@group-492BD614E53F-SegmentedRaftLogWorker: created new log segment /home/runner/work/ozone/ozone/hadoop-ozone/integration-test/target/test-dir/MiniOzoneClusterImpl-d1ffa5d3-3301-45c3-9f44-1ffa6967d237/ozone-metadata/datanode-8/ratis/b8a6752f-5f1b-4e2c-afb5-492bd614e53f/current/log_inprogress_0
2025-10-17 11:01:22,265 [ed6e9581-5875-4278-a8db-50829892434b-groupManagement] INFO  server.RaftServerConfigKeys (ConfUtils.java:logGet(62)) - raft.server.storage.dir = [/home/runner/work/ozone/ozone/hadoop-ozone/integration-test/target/test-dir/MiniOzoneClusterImpl-d1ffa5d3-3301-45c3-9f44-1ffa6967d237/ozone-metadata/datanode-9/ratis] (custom)
2025-10-17 11:01:22,266 [ed6e9581-5875-4278-a8db-50829892434b-groupManagement] INFO  storage.RaftStorageDirectory (RaftStorageDirectoryImpl.java:analyzeStorage(138)) - The storage directory /home/runner/work/ozone/ozone/hadoop-ozone/integration-test/target/test-dir/MiniOzoneClusterImpl-d1ffa5d3-3301-45c3-9f44-1ffa6967d237/ozone-metadata/datanode-9/ratis/6ea816f1-4d1a-4203-a6c5-0e6f53606e6c does not exist. Creating ...
2025-10-17 11:01:22,266 [dbd6f242-9b73-4bca-a110-3e2ec656b979@group-492BD614E53F-StateMachineUpdater] INFO  server.RaftServer$Division (LeaderStateImpl.java:checkStartIndex(309)) - Leader dbd6f242-9b73-4bca-a110-3e2ec656b979@group-492BD614E53F-LeaderStateImpl is ready since appliedIndex == startIndex == 0
2025-10-17 11:01:22,266 [ed6e9581-5875-4278-a8db-50829892434b-groupManagement] INFO  storage.RaftStorageDirectory (RaftStorageDirectoryImpl.java:tryLock(229)) - Lock on /home/runner/work/ozone/ozone/hadoop-ozone/integration-test/target/test-dir/MiniOzoneClusterImpl-d1ffa5d3-3301-45c3-9f44-1ffa6967d237/ozone-metadata/datanode-9/ratis/6ea816f1-4d1a-4203-a6c5-0e6f53606e6c/in_use.lock acquired by nodename 40979@localhost
2025-10-17 11:01:22,268 [ed6e9581-5875-4278-a8db-50829892434b-groupManagement] INFO  storage.RaftStorage (RaftStorageImpl.java:format(98)) - Storage directory /home/runner/work/ozone/ozone/hadoop-ozone/integration-test/target/test-dir/MiniOzoneClusterImpl-d1ffa5d3-3301-45c3-9f44-1ffa6967d237/ozone-metadata/datanode-9/ratis/6ea816f1-4d1a-4203-a6c5-0e6f53606e6c has been successfully formatted.
2025-10-17 11:01:22,268 [ed6e9581-5875-4278-a8db-50829892434b-groupManagement] INFO  ratis.ContainerStateMachine (ContainerStateMachine.java:initialize(339)) - ed6e9581-5875-4278-a8db-50829892434b: initialize group-0E6F53606E6C
2025-10-17 11:01:22,268 [ed6e9581-5875-4278-a8db-50829892434b-groupManagement] INFO  ratis.ContainerStateMachine (ContainerStateMachine.java:loadSnapshot(347)) - group-0E6F53606E6C: The snapshot info is null. Setting the last applied index to:<INITIAL_VALUE>
2025-10-17 11:01:22,269 [ed6e9581-5875-4278-a8db-50829892434b-groupManagement] INFO  server.RaftServerConfigKeys (ConfUtils.java:logGet(62)) - raft.server.log.appender.buffer.byte-limit = 33554432 (custom)
2025-10-17 11:01:22,270 [ed6e9581-5875-4278-a8db-50829892434b-groupManagement] INFO  server.RaftServerConfigKeys (ConfUtils.java:logGet(62)) - raft.server.log.segment.size.max = 67108864 (custom)
2025-10-17 11:01:22,271 | INFO  | SCMAudit | user=runner | ip=127.0.0.1 | op=SEND_HEARTBEAT {"datanodeUUID":"ed6e9581-5875-4278-a8db-50829892434b","term":"2","command":"[]"} | ret=SUCCESS |  
2025-10-17 11:01:22,272 [ed6e9581-5875-4278-a8db-50829892434b-groupManagement] INFO  server.RaftServerConfigKeys (ConfUtils.java:logGet(62)) - raft.server.log.appender.buffer.byte-limit = 33554432 (custom)
2025-10-17 11:01:22,273 [ed6e9581-5875-4278-a8db-50829892434b-groupManagement] INFO  util.AwaitToRun (AwaitToRun.java:start(81)) - Thread[#1725,ed6e9581-5875-4278-a8db-50829892434b@group-0E6F53606E6C-cacheEviction-AwaitToRun,5,main] started
2025-10-17 11:01:22,273 [ed6e9581-5875-4278-a8db-50829892434b-groupManagement] INFO  segmented.SegmentedRaftLogWorker (SegmentedRaftLogWorker.java:<init>(190)) - new ed6e9581-5875-4278-a8db-50829892434b@group-0E6F53606E6C-SegmentedRaftLogWorker for RaftStorageImpl:Storage Directory /home/runner/work/ozone/ozone/hadoop-ozone/integration-test/target/test-dir/MiniOzoneClusterImpl-d1ffa5d3-3301-45c3-9f44-1ffa6967d237/ozone-metadata/datanode-9/ratis/6ea816f1-4d1a-4203-a6c5-0e6f53606e6c
2025-10-17 11:01:22,273 [ed6e9581-5875-4278-a8db-50829892434b-groupManagement] INFO  server.RaftServerConfigKeys (ConfUtils.java:logGet(62)) - raft.server.log.queue.byte-limit = 4294967296 (custom)
2025-10-17 11:01:22,273 [ed6e9581-5875-4278-a8db-50829892434b-groupManagement] INFO  server.RaftServerConfigKeys (ConfUtils.java:logGet(62)) - raft.server.log.segment.size.max = 67108864 (custom)
2025-10-17 11:01:22,273 [ed6e9581-5875-4278-a8db-50829892434b-groupManagement] INFO  server.RaftServerConfigKeys (ConfUtils.java:logGet(62)) - raft.server.log.preallocated.size = 4194304 (custom)
2025-10-17 11:01:22,274 [ed6e9581-5875-4278-a8db-50829892434b-groupManagement] INFO  server.RaftServerConfigKeys (ConfUtils.java:logGet(62)) - raft.server.log.write.buffer.size = 33554440 (custom)
2025-10-17 11:01:22,274 [EventQueue-PipelineReportForPipelineReportHandler] INFO  pipeline.PipelineReportHandler (PipelineReportHandler.java:processPipelineReport(132)) - Opened pipeline Pipeline-6ea816f1-4d1a-4203-a6c5-0e6f53606e6c
2025-10-17 11:01:22,283 [ed6e9581-5875-4278-a8db-50829892434b-groupManagement] INFO  server.RaftServerConfigKeys (ConfUtils.java:logGet(62)) - raft.server.log.appender.buffer.byte-limit = 33554432 (custom)
2025-10-17 11:01:22,284 [ed6e9581-5875-4278-a8db-50829892434b-groupManagement] INFO  segmented.SegmentedRaftLogWorker (SegmentedRaftLogWorker.java:lambda$new$0(141)) - ed6e9581-5875-4278-a8db-50829892434b@group-0E6F53606E6C-SegmentedRaftLogWorker: flushIndex: setUnconditionally 0 -> -1
2025-10-17 11:01:22,284 [ed6e9581-5875-4278-a8db-50829892434b-groupManagement] INFO  segmented.SegmentedRaftLogWorker (SegmentedRaftLogWorker.java:lambda$new$0(141)) - ed6e9581-5875-4278-a8db-50829892434b@group-0E6F53606E6C-SegmentedRaftLogWorker: safeCacheEvictIndex: setUnconditionally 0 -> -1
2025-10-17 11:01:22,284 [ed6e9581-5875-4278-a8db-50829892434b-groupManagement] INFO  server.RaftServer$Division (RaftServerImpl.java:start(405)) - ed6e9581-5875-4278-a8db-50829892434b@group-0E6F53606E6C: start as a follower, conf=conf: {index: -1, cur=peers:[ed6e9581-5875-4278-a8db-50829892434b|127.0.0.1:15079]|listeners:[], old=null}
2025-10-17 11:01:22,285 [ed6e9581-5875-4278-a8db-50829892434b-groupManagement] INFO  server.RaftServer$Division (RaftServerImpl.java:setRole(392)) - ed6e9581-5875-4278-a8db-50829892434b@group-0E6F53606E6C: changes role from      null to FOLLOWER at term 0 for startAsFollower
2025-10-17 11:01:22,285 [ed6e9581-5875-4278-a8db-50829892434b-groupManagement] INFO  impl.RoleInfo (RoleInfo.java:updateAndGet(148)) - ed6e9581-5875-4278-a8db-50829892434b: start ed6e9581-5875-4278-a8db-50829892434b@group-0E6F53606E6C-FollowerState
2025-10-17 11:01:22,285 [ed6e9581-5875-4278-a8db-50829892434b-groupManagement] INFO  util.JmxRegister (JmxRegister.java:tryRegister(44)) - Successfully registered JMX Bean with object name Ratis:service=RaftServer,group=group-0E6F53606E6C,id=ed6e9581-5875-4278-a8db-50829892434b
2025-10-17 11:01:22,285 [ed6e9581-5875-4278-a8db-50829892434b-groupManagement] INFO  util.JmxRegister (JmxRegister.java:register(58)) - register mxBean class org.apache.ratis.server.impl.RaftServerJmxAdapter as Ratis:service=RaftServer,group=group-0E6F53606E6C,id=ed6e9581-5875-4278-a8db-50829892434b
2025-10-17 11:01:22,286 [ed6e9581-5875-4278-a8db-50829892434b-groupManagement] INFO  server.RaftServer$Division (RaftServerImpl.java:start(419)) - ed6e9581-5875-4278-a8db-50829892434b@group-0E6F53606E6C: Successfully started.
2025-10-17 11:01:22,286 [ed6e9581-5875-4278-a8db-50829892434b-CreatePipelineCommandHandlerThread-0] INFO  ratis.XceiverServerRatis (XceiverServerRatis.java:addGroup(839)) - Created group Pipeline-6ea816f1-4d1a-4203-a6c5-0e6f53606e6c
2025-10-17 11:01:22,287 [ed6e9581-5875-4278-a8db-50829892434b-CreatePipelineCommandHandlerThread-0] INFO  commandhandler.CreatePipelineCommandHandler (CreatePipelineCommandHandler.java:lambda$handle$2(141)) - Created Pipeline RATIS ONE Pipeline-6ea816f1-4d1a-4203-a6c5-0e6f53606e6c.
2025-10-17 11:01:22,350 [2b4cc429-f9c1-416c-9a38-6239a2e149ea@group-7468994F70AF-FollowerState] INFO  impl.FollowerState (FollowerState.java:runImpl(161)) - 2b4cc429-f9c1-416c-9a38-6239a2e149ea@group-7468994F70AF-FollowerState: change to CANDIDATE, lastRpcElapsedTime:1193390516ns, electionTimeout:1193ms
2025-10-17 11:01:22,350 [2b4cc429-f9c1-416c-9a38-6239a2e149ea@group-7468994F70AF-FollowerState] INFO  impl.RoleInfo (RoleInfo.java:shutdownFollowerState(121)) - 2b4cc429-f9c1-416c-9a38-6239a2e149ea: shutdown 2b4cc429-f9c1-416c-9a38-6239a2e149ea@group-7468994F70AF-FollowerState
2025-10-17 11:01:22,350 [2b4cc429-f9c1-416c-9a38-6239a2e149ea@group-7468994F70AF-FollowerState] INFO  server.RaftServer$Division (RaftServerImpl.java:setRole(392)) - 2b4cc429-f9c1-416c-9a38-6239a2e149ea@group-7468994F70AF: changes role from  FOLLOWER to CANDIDATE at term 0 for changeToCandidate
2025-10-17 11:01:22,350 [2b4cc429-f9c1-416c-9a38-6239a2e149ea@group-7468994F70AF-FollowerState] INFO  impl.RoleInfo (RoleInfo.java:updateAndGet(148)) - 2b4cc429-f9c1-416c-9a38-6239a2e149ea: start 2b4cc429-f9c1-416c-9a38-6239a2e149ea@group-7468994F70AF-LeaderElection15
2025-10-17 11:01:22,351 [2b4cc429-f9c1-416c-9a38-6239a2e149ea@group-7468994F70AF-LeaderElection15] INFO  impl.LeaderElection (LeaderElection.java:askForVotes(448)) - 2b4cc429-f9c1-416c-9a38-6239a2e149ea@group-7468994F70AF-LeaderElection15 PRE_VOTE round 0: submit vote requests at term 0 for conf: {index: -1, cur=peers:[b1eee25a-1fdf-4744-83c7-58e0513fce3b|127.0.0.1:15047, 718bfa29-2c47-4ab5-ac61-3dfe9c6b9d5c|127.0.0.1:15039, 2b4cc429-f9c1-416c-9a38-6239a2e149ea|127.0.0.1:15055]|listeners:[], old=null}
2025-10-17 11:01:22,351 [2b4cc429-f9c1-416c-9a38-6239a2e149ea@group-7468994F70AF-LeaderElection15-1] INFO  server.GrpcServerProtocolClient (GrpcServerProtocolClient.java:<init>(65)) - Build channel for b1eee25a-1fdf-4744-83c7-58e0513fce3b|127.0.0.1:15047
2025-10-17 11:01:22,351 [2b4cc429-f9c1-416c-9a38-6239a2e149ea@group-7468994F70AF-LeaderElection15-2] INFO  server.GrpcServerProtocolClient (GrpcServerProtocolClient.java:<init>(65)) - Build channel for 718bfa29-2c47-4ab5-ac61-3dfe9c6b9d5c|127.0.0.1:15039
2025-10-17 11:01:22,357 | INFO  | SCMAudit | user=runner | ip=127.0.0.1 | op=SEND_HEARTBEAT {"datanodeUUID":"b1eee25a-1fdf-4744-83c7-58e0513fce3b","term":"2","command":"[]"} | ret=SUCCESS |  
2025-10-17 11:01:22,358 [grpc-default-executor-1] INFO  server.RaftServer$Division (RaftServerImpl.java:requestVote(1421)) - 718bfa29-2c47-4ab5-ac61-3dfe9c6b9d5c@group-7468994F70AF: receive requestVote(PRE_VOTE, 2b4cc429-f9c1-416c-9a38-6239a2e149ea, group-7468994F70AF, 0, <PROTO_DEFAULT>)
2025-10-17 11:01:22,358 [grpc-default-executor-1] INFO  impl.VoteContext (VoteContext.java:log(49)) - 718bfa29-2c47-4ab5-ac61-3dfe9c6b9d5c@group-7468994F70AF-FOLLOWER: accept PRE_VOTE from 2b4cc429-f9c1-416c-9a38-6239a2e149ea: our priority 0 <= candidate's priority 1
2025-10-17 11:01:22,358 [grpc-default-executor-1] INFO  server.RaftServer$Division (RaftServerImpl.java:requestVote(1455)) - 718bfa29-2c47-4ab5-ac61-3dfe9c6b9d5c@group-7468994F70AF replies to PRE_VOTE vote request: 2b4cc429-f9c1-416c-9a38-6239a2e149ea<-718bfa29-2c47-4ab5-ac61-3dfe9c6b9d5c#0:OK-t0-last:<INITIAL_VALUE>. Peer's state: 718bfa29-2c47-4ab5-ac61-3dfe9c6b9d5c@group-7468994F70AF:t0, leader=null, voted=, raftlog=Memoized:718bfa29-2c47-4ab5-ac61-3dfe9c6b9d5c@group-7468994F70AF-SegmentedRaftLog:OPENED:c-1:lastnull, conf=conf: {index: -1, cur=peers:[b1eee25a-1fdf-4744-83c7-58e0513fce3b|127.0.0.1:15047, 718bfa29-2c47-4ab5-ac61-3dfe9c6b9d5c|127.0.0.1:15039, 2b4cc429-f9c1-416c-9a38-6239a2e149ea|127.0.0.1:15055]|listeners:[], old=null}
2025-10-17 11:01:22,359 [grpc-default-executor-1] INFO  server.RaftServer$Division (RaftServerImpl.java:requestVote(1421)) - b1eee25a-1fdf-4744-83c7-58e0513fce3b@group-7468994F70AF: receive requestVote(PRE_VOTE, 2b4cc429-f9c1-416c-9a38-6239a2e149ea, group-7468994F70AF, 0, <PROTO_DEFAULT>)
2025-10-17 11:01:22,360 [grpc-default-executor-1] INFO  impl.VoteContext (VoteContext.java:log(49)) - b1eee25a-1fdf-4744-83c7-58e0513fce3b@group-7468994F70AF-FOLLOWER: accept PRE_VOTE from 2b4cc429-f9c1-416c-9a38-6239a2e149ea: our priority 0 <= candidate's priority 1
2025-10-17 11:01:22,359 [2b4cc429-f9c1-416c-9a38-6239a2e149ea@group-7468994F70AF-LeaderElection15] INFO  impl.LeaderElection (LeaderElection.java:logAndReturn(206)) - 2b4cc429-f9c1-416c-9a38-6239a2e149ea@group-7468994F70AF-LeaderElection15: PRE_VOTE PASSED received 1 response(s) and 0 exception(s):
2025-10-17 11:01:22,360 [2b4cc429-f9c1-416c-9a38-6239a2e149ea@group-7468994F70AF-LeaderElection15] INFO  impl.LeaderElection (LeaderElection.java:logAndReturn(210)) -   Response 0: 2b4cc429-f9c1-416c-9a38-6239a2e149ea<-718bfa29-2c47-4ab5-ac61-3dfe9c6b9d5c#0:OK-t0-last:<INITIAL_VALUE>
2025-10-17 11:01:22,360 [2b4cc429-f9c1-416c-9a38-6239a2e149ea@group-7468994F70AF-LeaderElection15] INFO  impl.LeaderElection (LeaderElection.java:askForVotes(450)) - 2b4cc429-f9c1-416c-9a38-6239a2e149ea@group-7468994F70AF-LeaderElection15 PRE_VOTE round 0: result PASSED
2025-10-17 11:01:22,360 [grpc-default-executor-1] INFO  server.RaftServer$Division (RaftServerImpl.java:requestVote(1455)) - b1eee25a-1fdf-4744-83c7-58e0513fce3b@group-7468994F70AF replies to PRE_VOTE vote request: 2b4cc429-f9c1-416c-9a38-6239a2e149ea<-b1eee25a-1fdf-4744-83c7-58e0513fce3b#0:OK-t0-last:<INITIAL_VALUE>. Peer's state: b1eee25a-1fdf-4744-83c7-58e0513fce3b@group-7468994F70AF:t0, leader=null, voted=, raftlog=Memoized:b1eee25a-1fdf-4744-83c7-58e0513fce3b@group-7468994F70AF-SegmentedRaftLog:OPENED:c-1:lastnull, conf=conf: {index: -1, cur=peers:[b1eee25a-1fdf-4744-83c7-58e0513fce3b|127.0.0.1:15047, 718bfa29-2c47-4ab5-ac61-3dfe9c6b9d5c|127.0.0.1:15039, 2b4cc429-f9c1-416c-9a38-6239a2e149ea|127.0.0.1:15055]|listeners:[], old=null}
2025-10-17 11:01:22,361 [2b4cc429-f9c1-416c-9a38-6239a2e149ea@group-7468994F70AF-LeaderElection15] INFO  impl.LeaderElection (LeaderElection.java:askForVotes(448)) - 2b4cc429-f9c1-416c-9a38-6239a2e149ea@group-7468994F70AF-LeaderElection15 ELECTION round 0: submit vote requests at term 1 for conf: {index: -1, cur=peers:[b1eee25a-1fdf-4744-83c7-58e0513fce3b|127.0.0.1:15047, 718bfa29-2c47-4ab5-ac61-3dfe9c6b9d5c|127.0.0.1:15039, 2b4cc429-f9c1-416c-9a38-6239a2e149ea|127.0.0.1:15055]|listeners:[], old=null}
2025-10-17 11:01:22,364 [grpc-default-executor-1] INFO  server.RaftServer$Division (RaftServerImpl.java:requestVote(1421)) - b1eee25a-1fdf-4744-83c7-58e0513fce3b@group-7468994F70AF: receive requestVote(ELECTION, 2b4cc429-f9c1-416c-9a38-6239a2e149ea, group-7468994F70AF, 1, <PROTO_DEFAULT>)
2025-10-17 11:01:22,364 [grpc-default-executor-1] INFO  impl.VoteContext (VoteContext.java:log(49)) - b1eee25a-1fdf-4744-83c7-58e0513fce3b@group-7468994F70AF-FOLLOWER: accept ELECTION from 2b4cc429-f9c1-416c-9a38-6239a2e149ea: our priority 0 <= candidate's priority 1
2025-10-17 11:01:22,364 [grpc-default-executor-1] INFO  server.RaftServer$Division (RaftServerImpl.java:setRole(392)) - b1eee25a-1fdf-4744-83c7-58e0513fce3b@group-7468994F70AF: changes role from  FOLLOWER to FOLLOWER at term 0 for candidate:2b4cc429-f9c1-416c-9a38-6239a2e149ea
2025-10-17 11:01:22,364 [grpc-default-executor-1] INFO  impl.RoleInfo (RoleInfo.java:shutdownFollowerState(121)) - b1eee25a-1fdf-4744-83c7-58e0513fce3b: shutdown b1eee25a-1fdf-4744-83c7-58e0513fce3b@group-7468994F70AF-FollowerState
2025-10-17 11:01:22,364 [grpc-default-executor-1] INFO  impl.RoleInfo (RoleInfo.java:updateAndGet(148)) - b1eee25a-1fdf-4744-83c7-58e0513fce3b: start b1eee25a-1fdf-4744-83c7-58e0513fce3b@group-7468994F70AF-FollowerState
2025-10-17 11:01:22,364 [b1eee25a-1fdf-4744-83c7-58e0513fce3b@group-7468994F70AF-FollowerState] INFO  impl.FollowerState (FollowerState.java:runImpl(170)) - b1eee25a-1fdf-4744-83c7-58e0513fce3b@group-7468994F70AF-FollowerState was interrupted
2025-10-17 11:01:22,365 [grpc-default-executor-4] INFO  server.RaftServer$Division (RaftServerImpl.java:requestVote(1421)) - 718bfa29-2c47-4ab5-ac61-3dfe9c6b9d5c@group-7468994F70AF: receive requestVote(ELECTION, 2b4cc429-f9c1-416c-9a38-6239a2e149ea, group-7468994F70AF, 1, <PROTO_DEFAULT>)
2025-10-17 11:01:22,365 [grpc-default-executor-4] INFO  impl.VoteContext (VoteContext.java:log(49)) - 718bfa29-2c47-4ab5-ac61-3dfe9c6b9d5c@group-7468994F70AF-FOLLOWER: accept ELECTION from 2b4cc429-f9c1-416c-9a38-6239a2e149ea: our priority 0 <= candidate's priority 1
2025-10-17 11:01:22,365 [grpc-default-executor-4] INFO  server.RaftServer$Division (RaftServerImpl.java:setRole(392)) - 718bfa29-2c47-4ab5-ac61-3dfe9c6b9d5c@group-7468994F70AF: changes role from  FOLLOWER to FOLLOWER at term 0 for candidate:2b4cc429-f9c1-416c-9a38-6239a2e149ea
2025-10-17 11:01:22,366 [grpc-default-executor-4] INFO  impl.RoleInfo (RoleInfo.java:shutdownFollowerState(121)) - 718bfa29-2c47-4ab5-ac61-3dfe9c6b9d5c: shutdown 718bfa29-2c47-4ab5-ac61-3dfe9c6b9d5c@group-7468994F70AF-FollowerState
2025-10-17 11:01:22,366 [grpc-default-executor-4] INFO  impl.RoleInfo (RoleInfo.java:updateAndGet(148)) - 718bfa29-2c47-4ab5-ac61-3dfe9c6b9d5c: start 718bfa29-2c47-4ab5-ac61-3dfe9c6b9d5c@group-7468994F70AF-FollowerState
2025-10-17 11:01:22,366 [grpc-default-executor-1] INFO  server.RaftServer$Division (RaftServerImpl.java:requestVote(1455)) - b1eee25a-1fdf-4744-83c7-58e0513fce3b@group-7468994F70AF replies to ELECTION vote request: 2b4cc429-f9c1-416c-9a38-6239a2e149ea<-b1eee25a-1fdf-4744-83c7-58e0513fce3b#0:OK-t1-last:<INITIAL_VALUE>. Peer's state: b1eee25a-1fdf-4744-83c7-58e0513fce3b@group-7468994F70AF:t1, leader=null, voted=2b4cc429-f9c1-416c-9a38-6239a2e149ea, raftlog=Memoized:b1eee25a-1fdf-4744-83c7-58e0513fce3b@group-7468994F70AF-SegmentedRaftLog:OPENED:c-1:lastnull, conf=conf: {index: -1, cur=peers:[b1eee25a-1fdf-4744-83c7-58e0513fce3b|127.0.0.1:15047, 718bfa29-2c47-4ab5-ac61-3dfe9c6b9d5c|127.0.0.1:15039, 2b4cc429-f9c1-416c-9a38-6239a2e149ea|127.0.0.1:15055]|listeners:[], old=null}
2025-10-17 11:01:22,366 [718bfa29-2c47-4ab5-ac61-3dfe9c6b9d5c@group-7468994F70AF-FollowerState] INFO  impl.FollowerState (FollowerState.java:runImpl(170)) - 718bfa29-2c47-4ab5-ac61-3dfe9c6b9d5c@group-7468994F70AF-FollowerState was interrupted
2025-10-17 11:01:22,367 [grpc-default-executor-4] INFO  server.RaftServer$Division (RaftServerImpl.java:setFirstElection(576)) - 718bfa29-2c47-4ab5-ac61-3dfe9c6b9d5c@group-7468994F70AF: set firstElectionSinceStartup to false for candidate:2b4cc429-f9c1-416c-9a38-6239a2e149ea
2025-10-17 11:01:22,368 [grpc-default-executor-4] INFO  server.RaftServer$Division (RaftServerImpl.java:requestVote(1455)) - 718bfa29-2c47-4ab5-ac61-3dfe9c6b9d5c@group-7468994F70AF replies to ELECTION vote request: 2b4cc429-f9c1-416c-9a38-6239a2e149ea<-718bfa29-2c47-4ab5-ac61-3dfe9c6b9d5c#0:OK-t1-last:<INITIAL_VALUE>. Peer's state: 718bfa29-2c47-4ab5-ac61-3dfe9c6b9d5c@group-7468994F70AF:t1, leader=null, voted=2b4cc429-f9c1-416c-9a38-6239a2e149ea, raftlog=Memoized:718bfa29-2c47-4ab5-ac61-3dfe9c6b9d5c@group-7468994F70AF-SegmentedRaftLog:OPENED:c-1:lastnull, conf=conf: {index: -1, cur=peers:[b1eee25a-1fdf-4744-83c7-58e0513fce3b|127.0.0.1:15047, 718bfa29-2c47-4ab5-ac61-3dfe9c6b9d5c|127.0.0.1:15039, 2b4cc429-f9c1-416c-9a38-6239a2e149ea|127.0.0.1:15055]|listeners:[], old=null}
2025-10-17 11:01:22,369 [2b4cc429-f9c1-416c-9a38-6239a2e149ea@group-7468994F70AF-LeaderElection15] INFO  impl.LeaderElection (LeaderElection.java:logAndReturn(206)) - 2b4cc429-f9c1-416c-9a38-6239a2e149ea@group-7468994F70AF-LeaderElection15: ELECTION PASSED received 1 response(s) and 0 exception(s):
2025-10-17 11:01:22,369 [2b4cc429-f9c1-416c-9a38-6239a2e149ea@group-7468994F70AF-LeaderElection15] INFO  impl.LeaderElection (LeaderElection.java:logAndReturn(210)) -   Response 0: 2b4cc429-f9c1-416c-9a38-6239a2e149ea<-b1eee25a-1fdf-4744-83c7-58e0513fce3b#0:OK-t1-last:<INITIAL_VALUE>
2025-10-17 11:01:22,369 [2b4cc429-f9c1-416c-9a38-6239a2e149ea@group-7468994F70AF-LeaderElection15] INFO  impl.LeaderElection (LeaderElection.java:askForVotes(450)) - 2b4cc429-f9c1-416c-9a38-6239a2e149ea@group-7468994F70AF-LeaderElection15 ELECTION round 0: result PASSED
2025-10-17 11:01:22,369 [2b4cc429-f9c1-416c-9a38-6239a2e149ea@group-7468994F70AF-LeaderElection15] INFO  impl.RoleInfo (RoleInfo.java:shutdownLeaderElection(141)) - 2b4cc429-f9c1-416c-9a38-6239a2e149ea: shutdown 2b4cc429-f9c1-416c-9a38-6239a2e149ea@group-7468994F70AF-LeaderElection15
2025-10-17 11:01:22,369 [2b4cc429-f9c1-416c-9a38-6239a2e149ea@group-7468994F70AF-LeaderElection15] INFO  server.RaftServer$Division (RaftServerImpl.java:setRole(392)) - 2b4cc429-f9c1-416c-9a38-6239a2e149ea@group-7468994F70AF: changes role from CANDIDATE to LEADER at term 1 for changeToLeader
2025-10-17 11:01:22,369 [2b4cc429-f9c1-416c-9a38-6239a2e149ea@group-7468994F70AF-LeaderElection15] INFO  server.RaftServerConfigKeys (ConfUtils.java:logFallback(69)) - raft.server.staging.timeout = 15600ms (fallback to raft.server.rpc.timeout.max)
2025-10-17 11:01:22,372 [2b4cc429-f9c1-416c-9a38-6239a2e149ea@group-7468994F70AF-LeaderElection15] INFO  server.RaftServerConfigKeys (ConfUtils.java:logGet(62)) - raft.server.write.byte-limit = 1024 M (=1073741824) (custom)
2025-10-17 11:01:22,374 [2b4cc429-f9c1-416c-9a38-6239a2e149ea@group-7468994F70AF-LeaderElection15] INFO  server.RaftServerConfigKeys (ConfUtils.java:logGet(62)) - raft.server.log.appender.buffer.byte-limit = 33554432 (custom)
2025-10-17 11:01:22,375 [2b4cc429-f9c1-416c-9a38-6239a2e149ea@group-7468994F70AF-LeaderElection15] INFO  server.RaftServerConfigKeys (ConfUtils.java:logGet(62)) - raft.server.log.appender.buffer.byte-limit = 33554432 (custom)
2025-10-17 11:01:22,376 [2b4cc429-f9c1-416c-9a38-6239a2e149ea@group-7468994F70AF-LeaderElection15] INFO  impl.RoleInfo (RoleInfo.java:updateAndGet(148)) - 2b4cc429-f9c1-416c-9a38-6239a2e149ea: start 2b4cc429-f9c1-416c-9a38-6239a2e149ea@group-7468994F70AF-LeaderStateImpl
2025-10-17 11:01:22,376 [2b4cc429-f9c1-416c-9a38-6239a2e149ea@group-7468994F70AF-LeaderElection15] INFO  server.RaftServer$Division (RaftServerImpl.java:setFirstElection(576)) - 2b4cc429-f9c1-416c-9a38-6239a2e149ea@group-7468994F70AF: set firstElectionSinceStartup to false for becomeLeader
2025-10-17 11:01:22,376 [2b4cc429-f9c1-416c-9a38-6239a2e149ea@group-7468994F70AF-LeaderElection15] INFO  ratis.XceiverServerRatis (XceiverServerRatis.java:handleLeaderChangedNotification(940)) - Leader change notification received for group: group-7468994F70AF with new leaderId: 2b4cc429-f9c1-416c-9a38-6239a2e149ea
2025-10-17 11:01:22,376 [2b4cc429-f9c1-416c-9a38-6239a2e149ea@group-7468994F70AF-LeaderElection15] INFO  server.RaftServer$Division (ServerState.java:setLeader(272)) - 2b4cc429-f9c1-416c-9a38-6239a2e149ea@group-7468994F70AF: change Leader from null to 2b4cc429-f9c1-416c-9a38-6239a2e149ea at term 1 for becomeLeader, leader elected after 1264ms
2025-10-17 11:01:22,376 [2b4cc429-f9c1-416c-9a38-6239a2e149ea@group-7468994F70AF-LeaderElection15] INFO  segmented.SegmentedRaftLogWorker (SegmentedRaftLogWorker.java:startLogSegment(440)) - 2b4cc429-f9c1-416c-9a38-6239a2e149ea@group-7468994F70AF-SegmentedRaftLogWorker: Starting segment from index:0
2025-10-17 11:01:22,376 [2b4cc429-f9c1-416c-9a38-6239a2e149ea@group-7468994F70AF-LeaderElection15] INFO  server.RaftServer$Division (ServerState.java:setRaftConf(386)) - 2b4cc429-f9c1-416c-9a38-6239a2e149ea@group-7468994F70AF: set configuration conf: {index: 0, cur=peers:[b1eee25a-1fdf-4744-83c7-58e0513fce3b|127.0.0.1:15047, 718bfa29-2c47-4ab5-ac61-3dfe9c6b9d5c|127.0.0.1:15039, 2b4cc429-f9c1-416c-9a38-6239a2e149ea|127.0.0.1:15055]|listeners:[], old=null}
2025-10-17 11:01:22,377 [2b4cc429-f9c1-416c-9a38-6239a2e149ea@group-7468994F70AF-SegmentedRaftLogWorker] INFO  segmented.BufferedWriteChannel (BufferedWriteChannel.java:open(61)) - open log_inprogress_0 at position 0
2025-10-17 11:01:22,381 | INFO  | SCMAudit | user=runner | ip=127.0.0.1 | op=SEND_HEARTBEAT {"datanodeUUID":"2b4cc429-f9c1-416c-9a38-6239a2e149ea","term":"2","command":"[]"} | ret=SUCCESS |  
2025-10-17 11:01:22,383 [EventQueue-PipelineReportForPipelineReportHandler] INFO  pipeline.PipelineReportHandler (PipelineReportHandler.java:processPipelineReport(132)) - Opened pipeline Pipeline-94abbb40-729e-490b-8eb4-7468994f70af
2025-10-17 11:01:22,383 [2b4cc429-f9c1-416c-9a38-6239a2e149ea@group-7468994F70AF-SegmentedRaftLogWorker] INFO  segmented.SegmentedRaftLogWorker (SegmentedRaftLogWorker.java:execute(647)) - 2b4cc429-f9c1-416c-9a38-6239a2e149ea@group-7468994F70AF-SegmentedRaftLogWorker: created new log segment /home/runner/work/ozone/ozone/hadoop-ozone/integration-test/target/test-dir/MiniOzoneClusterImpl-d1ffa5d3-3301-45c3-9f44-1ffa6967d237/ozone-metadata/datanode-6/ratis/94abbb40-729e-490b-8eb4-7468994f70af/current/log_inprogress_0
2025-10-17 11:01:22,387 [grpc-default-executor-4] INFO  ratis.XceiverServerRatis (XceiverServerRatis.java:handleLeaderChangedNotification(940)) - Leader change notification received for group: group-7468994F70AF with new leaderId: 2b4cc429-f9c1-416c-9a38-6239a2e149ea
2025-10-17 11:01:22,387 [grpc-default-executor-4] INFO  server.RaftServer$Division (ServerState.java:setLeader(272)) - b1eee25a-1fdf-4744-83c7-58e0513fce3b@group-7468994F70AF: change Leader from null to 2b4cc429-f9c1-416c-9a38-6239a2e149ea at term 1 for appendEntries, leader elected after 1324ms
2025-10-17 11:01:22,389 [grpc-default-executor-6] INFO  ratis.XceiverServerRatis (XceiverServerRatis.java:handleLeaderChangedNotification(940)) - Leader change notification received for group: group-7468994F70AF with new leaderId: 2b4cc429-f9c1-416c-9a38-6239a2e149ea
2025-10-17 11:01:22,389 [grpc-default-executor-6] INFO  server.RaftServer$Division (ServerState.java:setLeader(272)) - 718bfa29-2c47-4ab5-ac61-3dfe9c6b9d5c@group-7468994F70AF: change Leader from null to 2b4cc429-f9c1-416c-9a38-6239a2e149ea at term 1 for appendEntries, leader elected after 1363ms
2025-10-17 11:01:22,390 [grpc-default-executor-5] INFO  server.RaftServer$Division (ServerState.java:setRaftConf(386)) - b1eee25a-1fdf-4744-83c7-58e0513fce3b@group-7468994F70AF: set configuration conf: {index: 0, cur=peers:[b1eee25a-1fdf-4744-83c7-58e0513fce3b|127.0.0.1:15047, 718bfa29-2c47-4ab5-ac61-3dfe9c6b9d5c|127.0.0.1:15039, 2b4cc429-f9c1-416c-9a38-6239a2e149ea|127.0.0.1:15055]|listeners:[], old=null}
2025-10-17 11:01:22,391 [grpc-default-executor-5] INFO  segmented.SegmentedRaftLogWorker (SegmentedRaftLogWorker.java:startLogSegment(440)) - b1eee25a-1fdf-4744-83c7-58e0513fce3b@group-7468994F70AF-SegmentedRaftLogWorker: Starting segment from index:0
2025-10-17 11:01:22,391 [b1eee25a-1fdf-4744-83c7-58e0513fce3b@group-7468994F70AF-SegmentedRaftLogWorker] INFO  segmented.BufferedWriteChannel (BufferedWriteChannel.java:open(61)) - open log_inprogress_0 at position 0
2025-10-17 11:01:22,393 [grpc-default-executor-5] INFO  server.RaftServer$Division (ServerState.java:setRaftConf(386)) - 718bfa29-2c47-4ab5-ac61-3dfe9c6b9d5c@group-7468994F70AF: set configuration conf: {index: 0, cur=peers:[b1eee25a-1fdf-4744-83c7-58e0513fce3b|127.0.0.1:15047, 718bfa29-2c47-4ab5-ac61-3dfe9c6b9d5c|127.0.0.1:15039, 2b4cc429-f9c1-416c-9a38-6239a2e149ea|127.0.0.1:15055]|listeners:[], old=null}
2025-10-17 11:01:22,394 [grpc-default-executor-5] INFO  segmented.SegmentedRaftLogWorker (SegmentedRaftLogWorker.java:startLogSegment(440)) - 718bfa29-2c47-4ab5-ac61-3dfe9c6b9d5c@group-7468994F70AF-SegmentedRaftLogWorker: Starting segment from index:0
2025-10-17 11:01:22,394 [718bfa29-2c47-4ab5-ac61-3dfe9c6b9d5c@group-7468994F70AF-SegmentedRaftLogWorker] INFO  segmented.BufferedWriteChannel (BufferedWriteChannel.java:open(61)) - open log_inprogress_0 at position 0
2025-10-17 11:01:22,399 [b1eee25a-1fdf-4744-83c7-58e0513fce3b@group-7468994F70AF-SegmentedRaftLogWorker] INFO  segmented.SegmentedRaftLogWorker (SegmentedRaftLogWorker.java:execute(647)) - b1eee25a-1fdf-4744-83c7-58e0513fce3b@group-7468994F70AF-SegmentedRaftLogWorker: created new log segment /home/runner/work/ozone/ozone/hadoop-ozone/integration-test/target/test-dir/MiniOzoneClusterImpl-d1ffa5d3-3301-45c3-9f44-1ffa6967d237/ozone-metadata/datanode-5/ratis/94abbb40-729e-490b-8eb4-7468994f70af/current/log_inprogress_0
2025-10-17 11:01:22,399 [718bfa29-2c47-4ab5-ac61-3dfe9c6b9d5c@group-7468994F70AF-SegmentedRaftLogWorker] INFO  segmented.SegmentedRaftLogWorker (SegmentedRaftLogWorker.java:execute(647)) - 718bfa29-2c47-4ab5-ac61-3dfe9c6b9d5c@group-7468994F70AF-SegmentedRaftLogWorker: created new log segment /home/runner/work/ozone/ozone/hadoop-ozone/integration-test/target/test-dir/MiniOzoneClusterImpl-d1ffa5d3-3301-45c3-9f44-1ffa6967d237/ozone-metadata/datanode-4/ratis/94abbb40-729e-490b-8eb4-7468994f70af/current/log_inprogress_0
2025-10-17 11:01:22,402 [2b4cc429-f9c1-416c-9a38-6239a2e149ea@group-7468994F70AF-StateMachineUpdater] INFO  server.RaftServer$Division (LeaderStateImpl.java:checkStartIndex(309)) - Leader 2b4cc429-f9c1-416c-9a38-6239a2e149ea@group-7468994F70AF-LeaderStateImpl is ready since appliedIndex == startIndex == 0
2025-10-17 11:01:22,416 | INFO  | OMAudit | user=runner | ip=127.0.0.1 | op=GET_SERVICE_LIST {} | ret=SUCCESS |  
2025-10-17 11:01:22,425 [718bfa29-2c47-4ab5-ac61-3dfe9c6b9d5c@group-75927D842139-FollowerState] INFO  impl.FollowerState (FollowerState.java:runImpl(161)) - 718bfa29-2c47-4ab5-ac61-3dfe9c6b9d5c@group-75927D842139-FollowerState: change to CANDIDATE, lastRpcElapsedTime:1182361466ns, electionTimeout:1182ms
2025-10-17 11:01:22,425 [718bfa29-2c47-4ab5-ac61-3dfe9c6b9d5c@group-75927D842139-FollowerState] INFO  impl.RoleInfo (RoleInfo.java:shutdownFollowerState(121)) - 718bfa29-2c47-4ab5-ac61-3dfe9c6b9d5c: shutdown 718bfa29-2c47-4ab5-ac61-3dfe9c6b9d5c@group-75927D842139-FollowerState
2025-10-17 11:01:22,425 [718bfa29-2c47-4ab5-ac61-3dfe9c6b9d5c@group-75927D842139-FollowerState] INFO  server.RaftServer$Division (RaftServerImpl.java:setRole(392)) - 718bfa29-2c47-4ab5-ac61-3dfe9c6b9d5c@group-75927D842139: changes role from  FOLLOWER to CANDIDATE at term 0 for changeToCandidate
2025-10-17 11:01:22,425 [718bfa29-2c47-4ab5-ac61-3dfe9c6b9d5c@group-75927D842139-FollowerState] INFO  impl.RoleInfo (RoleInfo.java:updateAndGet(148)) - 718bfa29-2c47-4ab5-ac61-3dfe9c6b9d5c: start 718bfa29-2c47-4ab5-ac61-3dfe9c6b9d5c@group-75927D842139-LeaderElection16
2025-10-17 11:01:22,426 [718bfa29-2c47-4ab5-ac61-3dfe9c6b9d5c@group-75927D842139-LeaderElection16] INFO  impl.LeaderElection (LeaderElection.java:askForVotes(448)) - 718bfa29-2c47-4ab5-ac61-3dfe9c6b9d5c@group-75927D842139-LeaderElection16 PRE_VOTE round 0: submit vote requests at term 0 for conf: {index: -1, cur=peers:[b1eee25a-1fdf-4744-83c7-58e0513fce3b|127.0.0.1:15047, 718bfa29-2c47-4ab5-ac61-3dfe9c6b9d5c|127.0.0.1:15039, 2b4cc429-f9c1-416c-9a38-6239a2e149ea|127.0.0.1:15055]|listeners:[], old=null}
2025-10-17 11:01:22,426 [718bfa29-2c47-4ab5-ac61-3dfe9c6b9d5c@group-75927D842139-LeaderElection16-1] INFO  server.GrpcServerProtocolClient (GrpcServerProtocolClient.java:<init>(65)) - Build channel for b1eee25a-1fdf-4744-83c7-58e0513fce3b|127.0.0.1:15047
2025-10-17 11:01:22,426 [718bfa29-2c47-4ab5-ac61-3dfe9c6b9d5c@group-75927D842139-LeaderElection16-2] INFO  server.GrpcServerProtocolClient (GrpcServerProtocolClient.java:<init>(65)) - Build channel for 2b4cc429-f9c1-416c-9a38-6239a2e149ea|127.0.0.1:15055
2025-10-17 11:01:22,427 [ForkJoinPool-1-worker-1] INFO  proxy.SCMContainerLocationFailoverProxyProvider (SCMFailoverProxyProviderBase.java:<init>(120)) - Created fail-over proxy for protocol StorageContainerLocationProtocolPB with 1 nodes: [nodeId=scmNodeId,nodeAddress=/0.0.0.0:15000]
2025-10-17 11:01:22,427 [ForkJoinPool-1-worker-1] INFO  om.OzoneManager (OzoneManager.java:startSecretManager(1286)) - Starting OM delegation token secret manager
2025-10-17 11:01:22,428 [ForkJoinPool-1-worker-1] INFO  security.OzoneDelegationTokenSecretManager (OzoneSecretManager.java:updateCurrentKey(179)) - Updated current master key for generating tokens. Cert id 909105216881, Master key id 1
2025-10-17 11:01:22,430 [om1-ExpiredTokenRemover] INFO  security.OzoneDelegationTokenSecretManager (OzoneDelegationTokenSecretManager.java:run(649)) - Starting expired delegation token remover thread, tokenRemoverScanInterval=60 min(s)
2025-10-17 11:01:22,431 [grpc-default-executor-6] INFO  server.RaftServer$Division (RaftServerImpl.java:requestVote(1421)) - 2b4cc429-f9c1-416c-9a38-6239a2e149ea@group-75927D842139: receive requestVote(PRE_VOTE, 718bfa29-2c47-4ab5-ac61-3dfe9c6b9d5c, group-75927D842139, 0, <PROTO_DEFAULT>)
2025-10-17 11:01:22,431 [grpc-default-executor-6] INFO  impl.VoteContext (VoteContext.java:log(49)) - 2b4cc429-f9c1-416c-9a38-6239a2e149ea@group-75927D842139-FOLLOWER: accept PRE_VOTE from 718bfa29-2c47-4ab5-ac61-3dfe9c6b9d5c: our priority 0 <= candidate's priority 1
2025-10-17 11:01:22,431 [grpc-default-executor-6] INFO  server.RaftServer$Division (RaftServerImpl.java:requestVote(1455)) - 2b4cc429-f9c1-416c-9a38-6239a2e149ea@group-75927D842139 replies to PRE_VOTE vote request: 718bfa29-2c47-4ab5-ac61-3dfe9c6b9d5c<-2b4cc429-f9c1-416c-9a38-6239a2e149ea#0:OK-t0-last:<INITIAL_VALUE>. Peer's state: 2b4cc429-f9c1-416c-9a38-6239a2e149ea@group-75927D842139:t0, leader=null, voted=, raftlog=Memoized:2b4cc429-f9c1-416c-9a38-6239a2e149ea@group-75927D842139-SegmentedRaftLog:OPENED:c-1:lastnull, conf=conf: {index: -1, cur=peers:[b1eee25a-1fdf-4744-83c7-58e0513fce3b|127.0.0.1:15047, 718bfa29-2c47-4ab5-ac61-3dfe9c6b9d5c|127.0.0.1:15039, 2b4cc429-f9c1-416c-9a38-6239a2e149ea|127.0.0.1:15055]|listeners:[], old=null}
2025-10-17 11:01:22,433 [718bfa29-2c47-4ab5-ac61-3dfe9c6b9d5c@group-75927D842139-LeaderElection16] INFO  impl.LeaderElection (LeaderElection.java:logAndReturn(206)) - 718bfa29-2c47-4ab5-ac61-3dfe9c6b9d5c@group-75927D842139-LeaderElection16: PRE_VOTE PASSED received 1 response(s) and 0 exception(s):
2025-10-17 11:01:22,433 [718bfa29-2c47-4ab5-ac61-3dfe9c6b9d5c@group-75927D842139-LeaderElection16] INFO  impl.LeaderElection (LeaderElection.java:logAndReturn(210)) -   Response 0: 718bfa29-2c47-4ab5-ac61-3dfe9c6b9d5c<-2b4cc429-f9c1-416c-9a38-6239a2e149ea#0:OK-t0-last:<INITIAL_VALUE>
2025-10-17 11:01:22,433 [718bfa29-2c47-4ab5-ac61-3dfe9c6b9d5c@group-75927D842139-LeaderElection16] INFO  impl.LeaderElection (LeaderElection.java:askForVotes(450)) - 718bfa29-2c47-4ab5-ac61-3dfe9c6b9d5c@group-75927D842139-LeaderElection16 PRE_VOTE round 0: result PASSED
2025-10-17 11:01:22,435 [grpc-default-executor-6] INFO  server.RaftServer$Division (RaftServerImpl.java:requestVote(1421)) - b1eee25a-1fdf-4744-83c7-58e0513fce3b@group-75927D842139: receive requestVote(PRE_VOTE, 718bfa29-2c47-4ab5-ac61-3dfe9c6b9d5c, group-75927D842139, 0, <PROTO_DEFAULT>)
2025-10-17 11:01:22,435 [grpc-default-executor-6] INFO  impl.VoteContext (VoteContext.java:log(49)) - b1eee25a-1fdf-4744-83c7-58e0513fce3b@group-75927D842139-FOLLOWER: accept PRE_VOTE from 718bfa29-2c47-4ab5-ac61-3dfe9c6b9d5c: our priority 0 <= candidate's priority 1
2025-10-17 11:01:22,436 [grpc-default-executor-6] INFO  server.RaftServer$Division (RaftServerImpl.java:requestVote(1455)) - b1eee25a-1fdf-4744-83c7-58e0513fce3b@group-75927D842139 replies to PRE_VOTE vote request: 718bfa29-2c47-4ab5-ac61-3dfe9c6b9d5c<-b1eee25a-1fdf-4744-83c7-58e0513fce3b#0:OK-t0-last:<INITIAL_VALUE>. Peer's state: b1eee25a-1fdf-4744-83c7-58e0513fce3b@group-75927D842139:t0, leader=null, voted=, raftlog=Memoized:b1eee25a-1fdf-4744-83c7-58e0513fce3b@group-75927D842139-SegmentedRaftLog:OPENED:c-1:lastnull, conf=conf: {index: -1, cur=peers:[b1eee25a-1fdf-4744-83c7-58e0513fce3b|127.0.0.1:15047, 718bfa29-2c47-4ab5-ac61-3dfe9c6b9d5c|127.0.0.1:15039, 2b4cc429-f9c1-416c-9a38-6239a2e149ea|127.0.0.1:15055]|listeners:[], old=null}
2025-10-17 11:01:22,437 [718bfa29-2c47-4ab5-ac61-3dfe9c6b9d5c@group-75927D842139-LeaderElection16] INFO  impl.LeaderElection (LeaderElection.java:askForVotes(448)) - 718bfa29-2c47-4ab5-ac61-3dfe9c6b9d5c@group-75927D842139-LeaderElection16 ELECTION round 0: submit vote requests at term 1 for conf: {index: -1, cur=peers:[b1eee25a-1fdf-4744-83c7-58e0513fce3b|127.0.0.1:15047, 718bfa29-2c47-4ab5-ac61-3dfe9c6b9d5c|127.0.0.1:15039, 2b4cc429-f9c1-416c-9a38-6239a2e149ea|127.0.0.1:15055]|listeners:[], old=null}
2025-10-17 11:01:22,439 [grpc-default-executor-5] INFO  server.RaftServer$Division (RaftServerImpl.java:requestVote(1421)) - b1eee25a-1fdf-4744-83c7-58e0513fce3b@group-75927D842139: receive requestVote(ELECTION, 718bfa29-2c47-4ab5-ac61-3dfe9c6b9d5c, group-75927D842139, 1, <PROTO_DEFAULT>)
2025-10-17 11:01:22,440 [grpc-default-executor-5] INFO  impl.VoteContext (VoteContext.java:log(49)) - b1eee25a-1fdf-4744-83c7-58e0513fce3b@group-75927D842139-FOLLOWER: accept ELECTION from 718bfa29-2c47-4ab5-ac61-3dfe9c6b9d5c: our priority 0 <= candidate's priority 1
2025-10-17 11:01:22,440 [grpc-default-executor-5] INFO  server.RaftServer$Division (RaftServerImpl.java:setRole(392)) - b1eee25a-1fdf-4744-83c7-58e0513fce3b@group-75927D842139: changes role from  FOLLOWER to FOLLOWER at term 0 for candidate:718bfa29-2c47-4ab5-ac61-3dfe9c6b9d5c
2025-10-17 11:01:22,440 [grpc-default-executor-5] INFO  impl.RoleInfo (RoleInfo.java:shutdownFollowerState(121)) - b1eee25a-1fdf-4744-83c7-58e0513fce3b: shutdown b1eee25a-1fdf-4744-83c7-58e0513fce3b@group-75927D842139-FollowerState
2025-10-17 11:01:22,440 [grpc-default-executor-5] INFO  impl.RoleInfo (RoleInfo.java:updateAndGet(148)) - b1eee25a-1fdf-4744-83c7-58e0513fce3b: start b1eee25a-1fdf-4744-83c7-58e0513fce3b@group-75927D842139-FollowerState
2025-10-17 11:01:22,440 [grpc-default-executor-5] INFO  server.RaftServer$Division (RaftServerImpl.java:setFirstElection(576)) - b1eee25a-1fdf-4744-83c7-58e0513fce3b@group-75927D842139: set firstElectionSinceStartup to false for candidate:718bfa29-2c47-4ab5-ac61-3dfe9c6b9d5c
2025-10-17 11:01:22,441 [b1eee25a-1fdf-4744-83c7-58e0513fce3b@group-75927D842139-FollowerState] INFO  impl.FollowerState (FollowerState.java:runImpl(170)) - b1eee25a-1fdf-4744-83c7-58e0513fce3b@group-75927D842139-FollowerState was interrupted
2025-10-17 11:01:22,442 [grpc-default-executor-6] INFO  server.RaftServer$Division (RaftServerImpl.java:requestVote(1421)) - 2b4cc429-f9c1-416c-9a38-6239a2e149ea@group-75927D842139: receive requestVote(ELECTION, 718bfa29-2c47-4ab5-ac61-3dfe9c6b9d5c, group-75927D842139, 1, <PROTO_DEFAULT>)
2025-10-17 11:01:22,442 [grpc-default-executor-5] INFO  server.RaftServer$Division (RaftServerImpl.java:requestVote(1455)) - b1eee25a-1fdf-4744-83c7-58e0513fce3b@group-75927D842139 replies to ELECTION vote request: 718bfa29-2c47-4ab5-ac61-3dfe9c6b9d5c<-b1eee25a-1fdf-4744-83c7-58e0513fce3b#0:OK-t1-last:<INITIAL_VALUE>. Peer's state: b1eee25a-1fdf-4744-83c7-58e0513fce3b@group-75927D842139:t1, leader=null, voted=718bfa29-2c47-4ab5-ac61-3dfe9c6b9d5c, raftlog=Memoized:b1eee25a-1fdf-4744-83c7-58e0513fce3b@group-75927D842139-SegmentedRaftLog:OPENED:c-1:lastnull, conf=conf: {index: -1, cur=peers:[b1eee25a-1fdf-4744-83c7-58e0513fce3b|127.0.0.1:15047, 718bfa29-2c47-4ab5-ac61-3dfe9c6b9d5c|127.0.0.1:15039, 2b4cc429-f9c1-416c-9a38-6239a2e149ea|127.0.0.1:15055]|listeners:[], old=null}
2025-10-17 11:01:22,442 [grpc-default-executor-6] INFO  impl.VoteContext (VoteContext.java:log(49)) - 2b4cc429-f9c1-416c-9a38-6239a2e149ea@group-75927D842139-FOLLOWER: accept ELECTION from 718bfa29-2c47-4ab5-ac61-3dfe9c6b9d5c: our priority 0 <= candidate's priority 1
2025-10-17 11:01:22,443 [grpc-default-executor-6] INFO  server.RaftServer$Division (RaftServerImpl.java:setRole(392)) - 2b4cc429-f9c1-416c-9a38-6239a2e149ea@group-75927D842139: changes role from  FOLLOWER to FOLLOWER at term 0 for candidate:718bfa29-2c47-4ab5-ac61-3dfe9c6b9d5c
2025-10-17 11:01:22,443 [grpc-default-executor-6] INFO  impl.RoleInfo (RoleInfo.java:shutdownFollowerState(121)) - 2b4cc429-f9c1-416c-9a38-6239a2e149ea: shutdown 2b4cc429-f9c1-416c-9a38-6239a2e149ea@group-75927D842139-FollowerState
2025-10-17 11:01:22,443 [grpc-default-executor-6] INFO  impl.RoleInfo (RoleInfo.java:updateAndGet(148)) - 2b4cc429-f9c1-416c-9a38-6239a2e149ea: start 2b4cc429-f9c1-416c-9a38-6239a2e149ea@group-75927D842139-FollowerState
2025-10-17 11:01:22,443 [2b4cc429-f9c1-416c-9a38-6239a2e149ea@group-75927D842139-FollowerState] INFO  impl.FollowerState (FollowerState.java:runImpl(170)) - 2b4cc429-f9c1-416c-9a38-6239a2e149ea@group-75927D842139-FollowerState was interrupted
2025-10-17 11:01:22,443 [grpc-default-executor-6] INFO  server.RaftServer$Division (RaftServerImpl.java:setFirstElection(576)) - 2b4cc429-f9c1-416c-9a38-6239a2e149ea@group-75927D842139: set firstElectionSinceStartup to false for candidate:718bfa29-2c47-4ab5-ac61-3dfe9c6b9d5c
2025-10-17 11:01:22,443 [718bfa29-2c47-4ab5-ac61-3dfe9c6b9d5c@group-75927D842139-LeaderElection16] INFO  impl.LeaderElection (LeaderElection.java:logAndReturn(206)) - 718bfa29-2c47-4ab5-ac61-3dfe9c6b9d5c@group-75927D842139-LeaderElection16: ELECTION PASSED received 1 response(s) and 0 exception(s):
2025-10-17 11:01:22,444 [718bfa29-2c47-4ab5-ac61-3dfe9c6b9d5c@group-75927D842139-LeaderElection16] INFO  impl.LeaderElection (LeaderElection.java:logAndReturn(210)) -   Response 0: 718bfa29-2c47-4ab5-ac61-3dfe9c6b9d5c<-b1eee25a-1fdf-4744-83c7-58e0513fce3b#0:OK-t1-last:<INITIAL_VALUE>
2025-10-17 11:01:22,444 [718bfa29-2c47-4ab5-ac61-3dfe9c6b9d5c@group-75927D842139-LeaderElection16] INFO  impl.LeaderElection (LeaderElection.java:askForVotes(450)) - 718bfa29-2c47-4ab5-ac61-3dfe9c6b9d5c@group-75927D842139-LeaderElection16 ELECTION round 0: result PASSED
2025-10-17 11:01:22,444 [718bfa29-2c47-4ab5-ac61-3dfe9c6b9d5c@group-75927D842139-LeaderElection16] INFO  impl.RoleInfo (RoleInfo.java:shutdownLeaderElection(141)) - 718bfa29-2c47-4ab5-ac61-3dfe9c6b9d5c: shutdown 718bfa29-2c47-4ab5-ac61-3dfe9c6b9d5c@group-75927D842139-LeaderElection16
2025-10-17 11:01:22,444 [718bfa29-2c47-4ab5-ac61-3dfe9c6b9d5c@group-75927D842139-LeaderElection16] INFO  server.RaftServer$Division (RaftServerImpl.java:setRole(392)) - 718bfa29-2c47-4ab5-ac61-3dfe9c6b9d5c@group-75927D842139: changes role from CANDIDATE to LEADER at term 1 for changeToLeader
2025-10-17 11:01:22,444 [718bfa29-2c47-4ab5-ac61-3dfe9c6b9d5c@group-75927D842139-LeaderElection16] INFO  server.RaftServerConfigKeys (ConfUtils.java:logFallback(69)) - raft.server.staging.timeout = 15600ms (fallback to raft.server.rpc.timeout.max)
2025-10-17 11:01:22,444 [grpc-default-executor-6] INFO  server.RaftServer$Division (RaftServerImpl.java:requestVote(1455)) - 2b4cc429-f9c1-416c-9a38-6239a2e149ea@group-75927D842139 replies to ELECTION vote request: 718bfa29-2c47-4ab5-ac61-3dfe9c6b9d5c<-2b4cc429-f9c1-416c-9a38-6239a2e149ea#0:OK-t1-last:<INITIAL_VALUE>. Peer's state: 2b4cc429-f9c1-416c-9a38-6239a2e149ea@group-75927D842139:t1, leader=null, voted=718bfa29-2c47-4ab5-ac61-3dfe9c6b9d5c, raftlog=Memoized:2b4cc429-f9c1-416c-9a38-6239a2e149ea@group-75927D842139-SegmentedRaftLog:OPENED:c-1:lastnull, conf=conf: {index: -1, cur=peers:[b1eee25a-1fdf-4744-83c7-58e0513fce3b|127.0.0.1:15047, 718bfa29-2c47-4ab5-ac61-3dfe9c6b9d5c|127.0.0.1:15039, 2b4cc429-f9c1-416c-9a38-6239a2e149ea|127.0.0.1:15055]|listeners:[], old=null}
2025-10-17 11:01:22,444 [718bfa29-2c47-4ab5-ac61-3dfe9c6b9d5c@group-75927D842139-LeaderElection16] INFO  server.RaftServerConfigKeys (ConfUtils.java:logGet(62)) - raft.server.write.byte-limit = 1024 M (=1073741824) (custom)
2025-10-17 11:01:22,447 [718bfa29-2c47-4ab5-ac61-3dfe9c6b9d5c@group-75927D842139-LeaderElection16] INFO  server.RaftServerConfigKeys (ConfUtils.java:logGet(62)) - raft.server.log.appender.buffer.byte-limit = 33554432 (custom)
2025-10-17 11:01:22,449 [28c08cd4-c049-4c66-8210-e254cf68b291-CreatePipelineCommandHandlerThread-0] INFO  server.RaftServer (RaftServerProxy.java:addNew(105)) - 28c08cd4-c049-4c66-8210-e254cf68b291: addNew group-843322E62F72:[28c08cd4-c049-4c66-8210-e254cf68b291|127.0.0.1:15087] returns group-843322E62F72:java.util.concurrent.CompletableFuture@2a701a57[Not completed]
2025-10-17 11:01:22,450 [718bfa29-2c47-4ab5-ac61-3dfe9c6b9d5c@group-75927D842139-LeaderElection16] INFO  server.RaftServerConfigKeys (ConfUtils.java:logGet(62)) - raft.server.log.appender.buffer.byte-limit = 33554432 (custom)
2025-10-17 11:01:22,450 [718bfa29-2c47-4ab5-ac61-3dfe9c6b9d5c@group-75927D842139-LeaderElection16] INFO  impl.RoleInfo (RoleInfo.java:updateAndGet(148)) - 718bfa29-2c47-4ab5-ac61-3dfe9c6b9d5c: start 718bfa29-2c47-4ab5-ac61-3dfe9c6b9d5c@group-75927D842139-LeaderStateImpl
2025-10-17 11:01:22,451 [718bfa29-2c47-4ab5-ac61-3dfe9c6b9d5c@group-75927D842139-LeaderElection16] INFO  server.RaftServer$Division (RaftServerImpl.java:setFirstElection(576)) - 718bfa29-2c47-4ab5-ac61-3dfe9c6b9d5c@group-75927D842139: set firstElectionSinceStartup to false for becomeLeader
2025-10-17 11:01:22,451 [718bfa29-2c47-4ab5-ac61-3dfe9c6b9d5c@group-75927D842139-LeaderElection16] INFO  ratis.XceiverServerRatis (XceiverServerRatis.java:handleLeaderChangedNotification(940)) - Leader change notification received for group: group-75927D842139 with new leaderId: 718bfa29-2c47-4ab5-ac61-3dfe9c6b9d5c
2025-10-17 11:01:22,451 [718bfa29-2c47-4ab5-ac61-3dfe9c6b9d5c@group-75927D842139-LeaderElection16] INFO  server.RaftServer$Division (ServerState.java:setLeader(272)) - 718bfa29-2c47-4ab5-ac61-3dfe9c6b9d5c@group-75927D842139: change Leader from null to 718bfa29-2c47-4ab5-ac61-3dfe9c6b9d5c at term 1 for becomeLeader, leader elected after 1282ms
2025-10-17 11:01:22,451 [718bfa29-2c47-4ab5-ac61-3dfe9c6b9d5c@group-75927D842139-LeaderElection16] INFO  segmented.SegmentedRaftLogWorker (SegmentedRaftLogWorker.java:startLogSegment(440)) - 718bfa29-2c47-4ab5-ac61-3dfe9c6b9d5c@group-75927D842139-SegmentedRaftLogWorker: Starting segment from index:0
2025-10-17 11:01:22,452 [718bfa29-2c47-4ab5-ac61-3dfe9c6b9d5c@group-75927D842139-SegmentedRaftLogWorker] INFO  segmented.BufferedWriteChannel (BufferedWriteChannel.java:open(61)) - open log_inprogress_0 at position 0
2025-10-17 11:01:22,451 [28c08cd4-c049-4c66-8210-e254cf68b291-groupManagement] INFO  server.RaftServer$Division (RaftServerImpl.java:<init>(268)) - 28c08cd4-c049-4c66-8210-e254cf68b291: new RaftServerImpl for group-843322E62F72:[28c08cd4-c049-4c66-8210-e254cf68b291|127.0.0.1:15087] with ContainerStateMachine:uninitialized
2025-10-17 11:01:22,453 [28c08cd4-c049-4c66-8210-e254cf68b291-groupManagement] INFO  server.RaftServer$Division (ServerState.java:<init>(114)) - 28c08cd4-c049-4c66-8210-e254cf68b291@group-843322E62F72: ConfigurationManager, init=conf: {index: -1, cur=peers:[28c08cd4-c049-4c66-8210-e254cf68b291|127.0.0.1:15087]|listeners:[], old=null}, confs=<EMPTY_MAP>
2025-10-17 11:01:22,454 [718bfa29-2c47-4ab5-ac61-3dfe9c6b9d5c@group-75927D842139-LeaderElection16] INFO  server.RaftServer$Division (ServerState.java:setRaftConf(386)) - 718bfa29-2c47-4ab5-ac61-3dfe9c6b9d5c@group-75927D842139: set configuration conf: {index: 0, cur=peers:[b1eee25a-1fdf-4744-83c7-58e0513fce3b|127.0.0.1:15047, 718bfa29-2c47-4ab5-ac61-3dfe9c6b9d5c|127.0.0.1:15039, 2b4cc429-f9c1-416c-9a38-6239a2e149ea|127.0.0.1:15055]|listeners:[], old=null}
2025-10-17 11:01:22,457 [ed6e9581-5875-4278-a8db-50829892434b@group-1CC4A7D0BB09-FollowerState] INFO  impl.FollowerState (FollowerState.java:runImpl(161)) - ed6e9581-5875-4278-a8db-50829892434b@group-1CC4A7D0BB09-FollowerState: change to CANDIDATE, lastRpcElapsedTime:1159574544ns, electionTimeout:1157ms
2025-10-17 11:01:22,457 [ed6e9581-5875-4278-a8db-50829892434b@group-1CC4A7D0BB09-FollowerState] INFO  impl.RoleInfo (RoleInfo.java:shutdownFollowerState(121)) - ed6e9581-5875-4278-a8db-50829892434b: shutdown ed6e9581-5875-4278-a8db-50829892434b@group-1CC4A7D0BB09-FollowerState
2025-10-17 11:01:22,458 [ed6e9581-5875-4278-a8db-50829892434b@group-1CC4A7D0BB09-FollowerState] INFO  server.RaftServer$Division (RaftServerImpl.java:setRole(392)) - ed6e9581-5875-4278-a8db-50829892434b@group-1CC4A7D0BB09: changes role from  FOLLOWER to CANDIDATE at term 0 for changeToCandidate
2025-10-17 11:01:22,458 [ed6e9581-5875-4278-a8db-50829892434b@group-1CC4A7D0BB09-FollowerState] INFO  impl.RoleInfo (RoleInfo.java:updateAndGet(148)) - ed6e9581-5875-4278-a8db-50829892434b: start ed6e9581-5875-4278-a8db-50829892434b@group-1CC4A7D0BB09-LeaderElection17
2025-10-17 11:01:22,458 | INFO  | SCMAudit | user=runner | ip=127.0.0.1 | op=SEND_HEARTBEAT {"datanodeUUID":"718bfa29-2c47-4ab5-ac61-3dfe9c6b9d5c","term":"2","command":"[]"} | ret=SUCCESS |  
2025-10-17 11:01:22,460 [ed6e9581-5875-4278-a8db-50829892434b@group-1CC4A7D0BB09-LeaderElection17] INFO  impl.LeaderElection (LeaderElection.java:askForVotes(448)) - ed6e9581-5875-4278-a8db-50829892434b@group-1CC4A7D0BB09-LeaderElection17 PRE_VOTE round 0: submit vote requests at term 0 for conf: {index: -1, cur=peers:[50dccd39-549f-4f43-8b1f-597bf98f9c16|127.0.0.1:15063, ed6e9581-5875-4278-a8db-50829892434b|127.0.0.1:15079, dbd6f242-9b73-4bca-a110-3e2ec656b979|127.0.0.1:15071]|listeners:[], old=null}
2025-10-17 11:01:22,461 [EventQueue-PipelineReportForPipelineReportHandler] INFO  pipeline.PipelineReportHandler (PipelineReportHandler.java:processPipelineReport(132)) - Opened pipeline Pipeline-d912fc3f-3f11-4fdd-b926-75927d842139
2025-10-17 11:01:22,462 [718bfa29-2c47-4ab5-ac61-3dfe9c6b9d5c@group-75927D842139-SegmentedRaftLogWorker] INFO  segmented.SegmentedRaftLogWorker (SegmentedRaftLogWorker.java:execute(647)) - 718bfa29-2c47-4ab5-ac61-3dfe9c6b9d5c@group-75927D842139-SegmentedRaftLogWorker: created new log segment /home/runner/work/ozone/ozone/hadoop-ozone/integration-test/target/test-dir/MiniOzoneClusterImpl-d1ffa5d3-3301-45c3-9f44-1ffa6967d237/ozone-metadata/datanode-4/ratis/d912fc3f-3f11-4fdd-b926-75927d842139/current/log_inprogress_0
2025-10-17 11:01:22,462 [ed6e9581-5875-4278-a8db-50829892434b@group-1CC4A7D0BB09-LeaderElection17-1] INFO  server.GrpcServerProtocolClient (GrpcServerProtocolClient.java:<init>(65)) - Build channel for 50dccd39-549f-4f43-8b1f-597bf98f9c16|127.0.0.1:15063
2025-10-17 11:01:22,464 [ed6e9581-5875-4278-a8db-50829892434b@group-1CC4A7D0BB09-LeaderElection17-2] INFO  server.GrpcServerProtocolClient (GrpcServerProtocolClient.java:<init>(65)) - Build channel for dbd6f242-9b73-4bca-a110-3e2ec656b979|127.0.0.1:15071
2025-10-17 11:01:22,471 [grpc-default-executor-6] INFO  ratis.XceiverServerRatis (XceiverServerRatis.java:handleLeaderChangedNotification(940)) - Leader change notification received for group: group-75927D842139 with new leaderId: 718bfa29-2c47-4ab5-ac61-3dfe9c6b9d5c
2025-10-17 11:01:22,471 [grpc-default-executor-6] INFO  server.RaftServer$Division (ServerState.java:setLeader(272)) - 2b4cc429-f9c1-416c-9a38-6239a2e149ea@group-75927D842139: change Leader from null to 718bfa29-2c47-4ab5-ac61-3dfe9c6b9d5c at term 1 for appendEntries, leader elected after 1200ms
2025-10-17 11:01:22,472 [grpc-default-executor-6] INFO  server.RaftServer$Division (ServerState.java:setRaftConf(386)) - 2b4cc429-f9c1-416c-9a38-6239a2e149ea@group-75927D842139: set configuration conf: {index: 0, cur=peers:[b1eee25a-1fdf-4744-83c7-58e0513fce3b|127.0.0.1:15047, 718bfa29-2c47-4ab5-ac61-3dfe9c6b9d5c|127.0.0.1:15039, 2b4cc429-f9c1-416c-9a38-6239a2e149ea|127.0.0.1:15055]|listeners:[], old=null}
2025-10-17 11:01:22,472 [grpc-default-executor-6] INFO  segmented.SegmentedRaftLogWorker (SegmentedRaftLogWorker.java:startLogSegment(440)) - 2b4cc429-f9c1-416c-9a38-6239a2e149ea@group-75927D842139-SegmentedRaftLogWorker: Starting segment from index:0
2025-10-17 11:01:22,473 [grpc-default-executor-3] INFO  server.RaftServer$Division (RaftServerImpl.java:requestVote(1421)) - 50dccd39-549f-4f43-8b1f-597bf98f9c16@group-1CC4A7D0BB09: receive requestVote(PRE_VOTE, ed6e9581-5875-4278-a8db-50829892434b, group-1CC4A7D0BB09, 0, <PROTO_DEFAULT>)
2025-10-17 11:01:22,473 [grpc-default-executor-3] INFO  impl.VoteContext (VoteContext.java:log(49)) - 50dccd39-549f-4f43-8b1f-597bf98f9c16@group-1CC4A7D0BB09-FOLLOWER: accept PRE_VOTE from ed6e9581-5875-4278-a8db-50829892434b: our priority 0 <= candidate's priority 1
2025-10-17 11:01:22,473 [grpc-default-executor-3] INFO  server.RaftServer$Division (RaftServerImpl.java:requestVote(1455)) - 50dccd39-549f-4f43-8b1f-597bf98f9c16@group-1CC4A7D0BB09 replies to PRE_VOTE vote request: ed6e9581-5875-4278-a8db-50829892434b<-50dccd39-549f-4f43-8b1f-597bf98f9c16#0:OK-t0-last:<INITIAL_VALUE>. Peer's state: 50dccd39-549f-4f43-8b1f-597bf98f9c16@group-1CC4A7D0BB09:t0, leader=null, voted=, raftlog=Memoized:50dccd39-549f-4f43-8b1f-597bf98f9c16@group-1CC4A7D0BB09-SegmentedRaftLog:OPENED:c-1:lastnull, conf=conf: {index: -1, cur=peers:[50dccd39-549f-4f43-8b1f-597bf98f9c16|127.0.0.1:15063, ed6e9581-5875-4278-a8db-50829892434b|127.0.0.1:15079, dbd6f242-9b73-4bca-a110-3e2ec656b979|127.0.0.1:15071]|listeners:[], old=null}
2025-10-17 11:01:22,474 [grpc-default-executor-4] INFO  ratis.XceiverServerRatis (XceiverServerRatis.java:handleLeaderChangedNotification(940)) - Leader change notification received for group: group-75927D842139 with new leaderId: 718bfa29-2c47-4ab5-ac61-3dfe9c6b9d5c
2025-10-17 11:01:22,474 [grpc-default-executor-4] INFO  server.RaftServer$Division (ServerState.java:setLeader(272)) - b1eee25a-1fdf-4744-83c7-58e0513fce3b@group-75927D842139: change Leader from null to 718bfa29-2c47-4ab5-ac61-3dfe9c6b9d5c at term 1 for appendEntries, leader elected after 1142ms
2025-10-17 11:01:22,474 [2b4cc429-f9c1-416c-9a38-6239a2e149ea@group-75927D842139-SegmentedRaftLogWorker] INFO  segmented.BufferedWriteChannel (BufferedWriteChannel.java:open(61)) - open log_inprogress_0 at position 0
2025-10-17 11:01:22,474 [28c08cd4-c049-4c66-8210-e254cf68b291-groupManagement] INFO  server.RaftServerConfigKeys (ConfUtils.java:logGet(62)) - raft.server.storage.dir = [/home/runner/work/ozone/ozone/hadoop-ozone/integration-test/target/test-dir/MiniOzoneClusterImpl-d1ffa5d3-3301-45c3-9f44-1ffa6967d237/ozone-metadata/datanode-10/ratis] (custom)
2025-10-17 11:01:22,476 [ed6e9581-5875-4278-a8db-50829892434b@group-1CC4A7D0BB09-LeaderElection17] INFO  impl.LeaderElection (LeaderElection.java:logAndReturn(206)) - ed6e9581-5875-4278-a8db-50829892434b@group-1CC4A7D0BB09-LeaderElection17: PRE_VOTE PASSED received 1 response(s) and 0 exception(s):
2025-10-17 11:01:22,476 [ed6e9581-5875-4278-a8db-50829892434b@group-1CC4A7D0BB09-LeaderElection17] INFO  impl.LeaderElection (LeaderElection.java:logAndReturn(210)) -   Response 0: ed6e9581-5875-4278-a8db-50829892434b<-50dccd39-549f-4f43-8b1f-597bf98f9c16#0:OK-t0-last:<INITIAL_VALUE>
2025-10-17 11:01:22,476 [28c08cd4-c049-4c66-8210-e254cf68b291-groupManagement] INFO  storage.RaftStorageDirectory (RaftStorageDirectoryImpl.java:analyzeStorage(138)) - The storage directory /home/runner/work/ozone/ozone/hadoop-ozone/integration-test/target/test-dir/MiniOzoneClusterImpl-d1ffa5d3-3301-45c3-9f44-1ffa6967d237/ozone-metadata/datanode-10/ratis/ec0c3d4d-6ff3-4aad-b043-843322e62f72 does not exist. Creating ...
2025-10-17 11:01:22,476 [ed6e9581-5875-4278-a8db-50829892434b@group-1CC4A7D0BB09-LeaderElection17] INFO  impl.LeaderElection (LeaderElection.java:askForVotes(450)) - ed6e9581-5875-4278-a8db-50829892434b@group-1CC4A7D0BB09-LeaderElection17 PRE_VOTE round 0: result PASSED
2025-10-17 11:01:22,478 [28c08cd4-c049-4c66-8210-e254cf68b291-groupManagement] INFO  storage.RaftStorageDirectory (RaftStorageDirectoryImpl.java:tryLock(229)) - Lock on /home/runner/work/ozone/ozone/hadoop-ozone/integration-test/target/test-dir/MiniOzoneClusterImpl-d1ffa5d3-3301-45c3-9f44-1ffa6967d237/ozone-metadata/datanode-10/ratis/ec0c3d4d-6ff3-4aad-b043-843322e62f72/in_use.lock acquired by nodename 40979@localhost
2025-10-17 11:01:22,478 [ed6e9581-5875-4278-a8db-50829892434b@group-1CC4A7D0BB09-LeaderElection17] INFO  impl.LeaderElection (LeaderElection.java:askForVotes(448)) - ed6e9581-5875-4278-a8db-50829892434b@group-1CC4A7D0BB09-LeaderElection17 ELECTION round 0: submit vote requests at term 1 for conf: {index: -1, cur=peers:[50dccd39-549f-4f43-8b1f-597bf98f9c16|127.0.0.1:15063, ed6e9581-5875-4278-a8db-50829892434b|127.0.0.1:15079, dbd6f242-9b73-4bca-a110-3e2ec656b979|127.0.0.1:15071]|listeners:[], old=null}
2025-10-17 11:01:22,479 [grpc-default-executor-3] INFO  server.RaftServer$Division (ServerState.java:setRaftConf(386)) - b1eee25a-1fdf-4744-83c7-58e0513fce3b@group-75927D842139: set configuration conf: {index: 0, cur=peers:[b1eee25a-1fdf-4744-83c7-58e0513fce3b|127.0.0.1:15047, 718bfa29-2c47-4ab5-ac61-3dfe9c6b9d5c|127.0.0.1:15039, 2b4cc429-f9c1-416c-9a38-6239a2e149ea|127.0.0.1:15055]|listeners:[], old=null}
2025-10-17 11:01:22,480 [grpc-default-executor-3] INFO  segmented.SegmentedRaftLogWorker (SegmentedRaftLogWorker.java:startLogSegment(440)) - b1eee25a-1fdf-4744-83c7-58e0513fce3b@group-75927D842139-SegmentedRaftLogWorker: Starting segment from index:0
2025-10-17 11:01:22,480 [b1eee25a-1fdf-4744-83c7-58e0513fce3b@group-75927D842139-SegmentedRaftLogWorker] INFO  segmented.BufferedWriteChannel (BufferedWriteChannel.java:open(61)) - open log_inprogress_0 at position 0
2025-10-17 11:01:22,482 [28c08cd4-c049-4c66-8210-e254cf68b291-groupManagement] INFO  storage.RaftStorage (RaftStorageImpl.java:format(98)) - Storage directory /home/runner/work/ozone/ozone/hadoop-ozone/integration-test/target/test-dir/MiniOzoneClusterImpl-d1ffa5d3-3301-45c3-9f44-1ffa6967d237/ozone-metadata/datanode-10/ratis/ec0c3d4d-6ff3-4aad-b043-843322e62f72 has been successfully formatted.
2025-10-17 11:01:22,482 [28c08cd4-c049-4c66-8210-e254cf68b291-groupManagement] INFO  ratis.ContainerStateMachine (ContainerStateMachine.java:initialize(339)) - 28c08cd4-c049-4c66-8210-e254cf68b291: initialize group-843322E62F72
2025-10-17 11:01:22,482 [28c08cd4-c049-4c66-8210-e254cf68b291-groupManagement] INFO  ratis.ContainerStateMachine (ContainerStateMachine.java:loadSnapshot(347)) - group-843322E62F72: The snapshot info is null. Setting the last applied index to:<INITIAL_VALUE>
2025-10-17 11:01:22,482 [28c08cd4-c049-4c66-8210-e254cf68b291-groupManagement] INFO  server.RaftServerConfigKeys (ConfUtils.java:logGet(62)) - raft.server.log.appender.buffer.byte-limit = 33554432 (custom)
2025-10-17 11:01:22,486 [grpc-default-executor-3] INFO  server.RaftServer$Division (RaftServerImpl.java:requestVote(1421)) - 50dccd39-549f-4f43-8b1f-597bf98f9c16@group-1CC4A7D0BB09: receive requestVote(ELECTION, ed6e9581-5875-4278-a8db-50829892434b, group-1CC4A7D0BB09, 1, <PROTO_DEFAULT>)
2025-10-17 11:01:22,487 [grpc-default-executor-3] INFO  impl.VoteContext (VoteContext.java:log(49)) - 50dccd39-549f-4f43-8b1f-597bf98f9c16@group-1CC4A7D0BB09-FOLLOWER: accept ELECTION from ed6e9581-5875-4278-a8db-50829892434b: our priority 0 <= candidate's priority 1
2025-10-17 11:01:22,487 [2b4cc429-f9c1-416c-9a38-6239a2e149ea@group-75927D842139-SegmentedRaftLogWorker] INFO  segmented.SegmentedRaftLogWorker (SegmentedRaftLogWorker.java:execute(647)) - 2b4cc429-f9c1-416c-9a38-6239a2e149ea@group-75927D842139-SegmentedRaftLogWorker: created new log segment /home/runner/work/ozone/ozone/hadoop-ozone/integration-test/target/test-dir/MiniOzoneClusterImpl-d1ffa5d3-3301-45c3-9f44-1ffa6967d237/ozone-metadata/datanode-6/ratis/d912fc3f-3f11-4fdd-b926-75927d842139/current/log_inprogress_0
2025-10-17 11:01:22,487 [28c08cd4-c049-4c66-8210-e254cf68b291-groupManagement] INFO  server.RaftServerConfigKeys (ConfUtils.java:logGet(62)) - raft.server.log.segment.size.max = 67108864 (custom)
2025-10-17 11:01:22,487 [b1eee25a-1fdf-4744-83c7-58e0513fce3b@group-75927D842139-SegmentedRaftLogWorker] INFO  segmented.SegmentedRaftLogWorker (SegmentedRaftLogWorker.java:execute(647)) - b1eee25a-1fdf-4744-83c7-58e0513fce3b@group-75927D842139-SegmentedRaftLogWorker: created new log segment /home/runner/work/ozone/ozone/hadoop-ozone/integration-test/target/test-dir/MiniOzoneClusterImpl-d1ffa5d3-3301-45c3-9f44-1ffa6967d237/ozone-metadata/datanode-5/ratis/d912fc3f-3f11-4fdd-b926-75927d842139/current/log_inprogress_0
2025-10-17 11:01:22,486 | INFO  | SCMAudit | user=runner | ip=127.0.0.1 | op=SEND_HEARTBEAT {"datanodeUUID":"28c08cd4-c049-4c66-8210-e254cf68b291","term":"2","command":"[]"} | ret=SUCCESS |  
2025-10-17 11:01:22,488 [grpc-default-executor-3] INFO  server.RaftServer$Division (RaftServerImpl.java:setRole(392)) - 50dccd39-549f-4f43-8b1f-597bf98f9c16@group-1CC4A7D0BB09: changes role from  FOLLOWER to FOLLOWER at term 0 for candidate:ed6e9581-5875-4278-a8db-50829892434b
2025-10-17 11:01:22,490 [grpc-default-executor-3] INFO  impl.RoleInfo (RoleInfo.java:shutdownFollowerState(121)) - 50dccd39-549f-4f43-8b1f-597bf98f9c16: shutdown 50dccd39-549f-4f43-8b1f-597bf98f9c16@group-1CC4A7D0BB09-FollowerState
2025-10-17 11:01:22,490 [50dccd39-549f-4f43-8b1f-597bf98f9c16@group-1CC4A7D0BB09-FollowerState] INFO  impl.FollowerState (FollowerState.java:runImpl(170)) - 50dccd39-549f-4f43-8b1f-597bf98f9c16@group-1CC4A7D0BB09-FollowerState was interrupted
2025-10-17 11:01:22,490 [grpc-default-executor-4] INFO  server.RaftServer$Division (RaftServerImpl.java:requestVote(1421)) - dbd6f242-9b73-4bca-a110-3e2ec656b979@group-1CC4A7D0BB09: receive requestVote(ELECTION, ed6e9581-5875-4278-a8db-50829892434b, group-1CC4A7D0BB09, 1, <PROTO_DEFAULT>)
2025-10-17 11:01:22,490 [EventQueue-PipelineReportForPipelineReportHandler] INFO  pipeline.PipelineReportHandler (PipelineReportHandler.java:processPipelineReport(132)) - Opened pipeline Pipeline-ec0c3d4d-6ff3-4aad-b043-843322e62f72
2025-10-17 11:01:22,491 [718bfa29-2c47-4ab5-ac61-3dfe9c6b9d5c@group-75927D842139-StateMachineUpdater] INFO  server.RaftServer$Division (LeaderStateImpl.java:checkStartIndex(309)) - Leader 718bfa29-2c47-4ab5-ac61-3dfe9c6b9d5c@group-75927D842139-LeaderStateImpl is ready since appliedIndex == startIndex == 0
2025-10-17 11:01:22,491 [grpc-default-executor-3] INFO  impl.RoleInfo (RoleInfo.java:updateAndGet(148)) - 50dccd39-549f-4f43-8b1f-597bf98f9c16: start 50dccd39-549f-4f43-8b1f-597bf98f9c16@group-1CC4A7D0BB09-FollowerState
2025-10-17 11:01:22,492 [grpc-default-executor-3] INFO  server.RaftServer$Division (RaftServerImpl.java:setFirstElection(576)) - 50dccd39-549f-4f43-8b1f-597bf98f9c16@group-1CC4A7D0BB09: set firstElectionSinceStartup to false for candidate:ed6e9581-5875-4278-a8db-50829892434b
2025-10-17 11:01:22,491 [28c08cd4-c049-4c66-8210-e254cf68b291-groupManagement] INFO  server.RaftServerConfigKeys (ConfUtils.java:logGet(62)) - raft.server.log.appender.buffer.byte-limit = 33554432 (custom)
2025-10-17 11:01:22,491 [grpc-default-executor-4] INFO  impl.VoteContext (VoteContext.java:log(49)) - dbd6f242-9b73-4bca-a110-3e2ec656b979@group-1CC4A7D0BB09-FOLLOWER: accept ELECTION from ed6e9581-5875-4278-a8db-50829892434b: our priority 0 <= candidate's priority 1
2025-10-17 11:01:22,493 [grpc-default-executor-4] INFO  server.RaftServer$Division (RaftServerImpl.java:setRole(392)) - dbd6f242-9b73-4bca-a110-3e2ec656b979@group-1CC4A7D0BB09: changes role from  FOLLOWER to FOLLOWER at term 0 for candidate:ed6e9581-5875-4278-a8db-50829892434b
2025-10-17 11:01:22,493 [grpc-default-executor-4] INFO  impl.RoleInfo (RoleInfo.java:shutdownFollowerState(121)) - dbd6f242-9b73-4bca-a110-3e2ec656b979: shutdown dbd6f242-9b73-4bca-a110-3e2ec656b979@group-1CC4A7D0BB09-FollowerState
2025-10-17 11:01:22,493 [dbd6f242-9b73-4bca-a110-3e2ec656b979@group-1CC4A7D0BB09-FollowerState] INFO  impl.FollowerState (FollowerState.java:runImpl(170)) - dbd6f242-9b73-4bca-a110-3e2ec656b979@group-1CC4A7D0BB09-FollowerState was interrupted
2025-10-17 11:01:22,493 [grpc-default-executor-3] INFO  server.RaftServer$Division (RaftServerImpl.java:requestVote(1455)) - 50dccd39-549f-4f43-8b1f-597bf98f9c16@group-1CC4A7D0BB09 replies to ELECTION vote request: ed6e9581-5875-4278-a8db-50829892434b<-50dccd39-549f-4f43-8b1f-597bf98f9c16#0:OK-t1-last:<INITIAL_VALUE>. Peer's state: 50dccd39-549f-4f43-8b1f-597bf98f9c16@group-1CC4A7D0BB09:t1, leader=null, voted=ed6e9581-5875-4278-a8db-50829892434b, raftlog=Memoized:50dccd39-549f-4f43-8b1f-597bf98f9c16@group-1CC4A7D0BB09-SegmentedRaftLog:OPENED:c-1:lastnull, conf=conf: {index: -1, cur=peers:[50dccd39-549f-4f43-8b1f-597bf98f9c16|127.0.0.1:15063, ed6e9581-5875-4278-a8db-50829892434b|127.0.0.1:15079, dbd6f242-9b73-4bca-a110-3e2ec656b979|127.0.0.1:15071]|listeners:[], old=null}
2025-10-17 11:01:22,494 [grpc-default-executor-4] INFO  impl.RoleInfo (RoleInfo.java:updateAndGet(148)) - dbd6f242-9b73-4bca-a110-3e2ec656b979: start dbd6f242-9b73-4bca-a110-3e2ec656b979@group-1CC4A7D0BB09-FollowerState
2025-10-17 11:01:22,494 [ed6e9581-5875-4278-a8db-50829892434b@group-1CC4A7D0BB09-LeaderElection17] INFO  impl.LeaderElection (LeaderElection.java:logAndReturn(206)) - ed6e9581-5875-4278-a8db-50829892434b@group-1CC4A7D0BB09-LeaderElection17: ELECTION PASSED received 1 response(s) and 0 exception(s):
2025-10-17 11:01:22,494 [28c08cd4-c049-4c66-8210-e254cf68b291-groupManagement] INFO  util.AwaitToRun (AwaitToRun.java:start(81)) - Thread[#1762,28c08cd4-c049-4c66-8210-e254cf68b291@group-843322E62F72-cacheEviction-AwaitToRun,5,main] started
2025-10-17 11:01:22,495 [ed6e9581-5875-4278-a8db-50829892434b@group-1CC4A7D0BB09-LeaderElection17] INFO  impl.LeaderElection (LeaderElection.java:logAndReturn(210)) -   Response 0: ed6e9581-5875-4278-a8db-50829892434b<-50dccd39-549f-4f43-8b1f-597bf98f9c16#0:OK-t1-last:<INITIAL_VALUE>
2025-10-17 11:01:22,495 [28c08cd4-c049-4c66-8210-e254cf68b291-groupManagement] INFO  segmented.SegmentedRaftLogWorker (SegmentedRaftLogWorker.java:<init>(190)) - new 28c08cd4-c049-4c66-8210-e254cf68b291@group-843322E62F72-SegmentedRaftLogWorker for RaftStorageImpl:Storage Directory /home/runner/work/ozone/ozone/hadoop-ozone/integration-test/target/test-dir/MiniOzoneClusterImpl-d1ffa5d3-3301-45c3-9f44-1ffa6967d237/ozone-metadata/datanode-10/ratis/ec0c3d4d-6ff3-4aad-b043-843322e62f72
2025-10-17 11:01:22,495 [ed6e9581-5875-4278-a8db-50829892434b@group-1CC4A7D0BB09-LeaderElection17] INFO  impl.LeaderElection (LeaderElection.java:askForVotes(450)) - ed6e9581-5875-4278-a8db-50829892434b@group-1CC4A7D0BB09-LeaderElection17 ELECTION round 0: result PASSED
2025-10-17 11:01:22,495 [28c08cd4-c049-4c66-8210-e254cf68b291-groupManagement] INFO  server.RaftServerConfigKeys (ConfUtils.java:logGet(62)) - raft.server.log.queue.byte-limit = 4294967296 (custom)
2025-10-17 11:01:22,495 [ed6e9581-5875-4278-a8db-50829892434b@group-1CC4A7D0BB09-LeaderElection17] INFO  impl.RoleInfo (RoleInfo.java:shutdownLeaderElection(141)) - ed6e9581-5875-4278-a8db-50829892434b: shutdown ed6e9581-5875-4278-a8db-50829892434b@group-1CC4A7D0BB09-LeaderElection17
2025-10-17 11:01:22,495 [28c08cd4-c049-4c66-8210-e254cf68b291-groupManagement] INFO  server.RaftServerConfigKeys (ConfUtils.java:logGet(62)) - raft.server.log.segment.size.max = 67108864 (custom)
2025-10-17 11:01:22,495 [ed6e9581-5875-4278-a8db-50829892434b@group-1CC4A7D0BB09-LeaderElection17] INFO  server.RaftServer$Division (RaftServerImpl.java:setRole(392)) - ed6e9581-5875-4278-a8db-50829892434b@group-1CC4A7D0BB09: changes role from CANDIDATE to LEADER at term 1 for changeToLeader
2025-10-17 11:01:22,495 [28c08cd4-c049-4c66-8210-e254cf68b291-groupManagement] INFO  server.RaftServerConfigKeys (ConfUtils.java:logGet(62)) - raft.server.log.preallocated.size = 4194304 (custom)
2025-10-17 11:01:22,495 [ed6e9581-5875-4278-a8db-50829892434b@group-1CC4A7D0BB09-LeaderElection17] INFO  server.RaftServerConfigKeys (ConfUtils.java:logFallback(69)) - raft.server.staging.timeout = 15600ms (fallback to raft.server.rpc.timeout.max)
2025-10-17 11:01:22,495 [ed6e9581-5875-4278-a8db-50829892434b@group-1CC4A7D0BB09-LeaderElection17] INFO  server.RaftServerConfigKeys (ConfUtils.java:logGet(62)) - raft.server.write.byte-limit = 1024 M (=1073741824) (custom)
2025-10-17 11:01:22,497 [28c08cd4-c049-4c66-8210-e254cf68b291-groupManagement] INFO  server.RaftServerConfigKeys (ConfUtils.java:logGet(62)) - raft.server.log.write.buffer.size = 33554440 (custom)
2025-10-17 11:01:22,499 [grpc-default-executor-4] INFO  server.RaftServer$Division (RaftServerImpl.java:requestVote(1455)) - dbd6f242-9b73-4bca-a110-3e2ec656b979@group-1CC4A7D0BB09 replies to ELECTION vote request: ed6e9581-5875-4278-a8db-50829892434b<-dbd6f242-9b73-4bca-a110-3e2ec656b979#0:OK-t1-last:<INITIAL_VALUE>. Peer's state: dbd6f242-9b73-4bca-a110-3e2ec656b979@group-1CC4A7D0BB09:t1, leader=null, voted=ed6e9581-5875-4278-a8db-50829892434b, raftlog=Memoized:dbd6f242-9b73-4bca-a110-3e2ec656b979@group-1CC4A7D0BB09-SegmentedRaftLog:OPENED:c-1:lastnull, conf=conf: {index: -1, cur=peers:[50dccd39-549f-4f43-8b1f-597bf98f9c16|127.0.0.1:15063, ed6e9581-5875-4278-a8db-50829892434b|127.0.0.1:15079, dbd6f242-9b73-4bca-a110-3e2ec656b979|127.0.0.1:15071]|listeners:[], old=null}
2025-10-17 11:01:22,500 [ed6e9581-5875-4278-a8db-50829892434b@group-1CC4A7D0BB09-LeaderElection17] INFO  server.RaftServerConfigKeys (ConfUtils.java:logGet(62)) - raft.server.log.appender.buffer.byte-limit = 33554432 (custom)
2025-10-17 11:01:22,502 [ed6e9581-5875-4278-a8db-50829892434b@group-1CC4A7D0BB09-LeaderElection17] INFO  server.RaftServerConfigKeys (ConfUtils.java:logGet(62)) - raft.server.log.appender.buffer.byte-limit = 33554432 (custom)
2025-10-17 11:01:22,503 [ed6e9581-5875-4278-a8db-50829892434b@group-1CC4A7D0BB09-LeaderElection17] INFO  impl.RoleInfo (RoleInfo.java:updateAndGet(148)) - ed6e9581-5875-4278-a8db-50829892434b: start ed6e9581-5875-4278-a8db-50829892434b@group-1CC4A7D0BB09-LeaderStateImpl
2025-10-17 11:01:22,503 [ed6e9581-5875-4278-a8db-50829892434b@group-1CC4A7D0BB09-LeaderElection17] INFO  server.RaftServer$Division (RaftServerImpl.java:setFirstElection(576)) - ed6e9581-5875-4278-a8db-50829892434b@group-1CC4A7D0BB09: set firstElectionSinceStartup to false for becomeLeader
2025-10-17 11:01:22,504 [ed6e9581-5875-4278-a8db-50829892434b@group-1CC4A7D0BB09-LeaderElection17] INFO  ratis.XceiverServerRatis (XceiverServerRatis.java:handleLeaderChangedNotification(940)) - Leader change notification received for group: group-1CC4A7D0BB09 with new leaderId: ed6e9581-5875-4278-a8db-50829892434b
2025-10-17 11:01:22,505 [ed6e9581-5875-4278-a8db-50829892434b@group-1CC4A7D0BB09-LeaderElection17] INFO  server.RaftServer$Division (ServerState.java:setLeader(272)) - ed6e9581-5875-4278-a8db-50829892434b@group-1CC4A7D0BB09: change Leader from null to ed6e9581-5875-4278-a8db-50829892434b at term 1 for becomeLeader, leader elected after 1304ms
2025-10-17 11:01:22,505 [ed6e9581-5875-4278-a8db-50829892434b@group-1CC4A7D0BB09-LeaderElection17] INFO  segmented.SegmentedRaftLogWorker (SegmentedRaftLogWorker.java:startLogSegment(440)) - ed6e9581-5875-4278-a8db-50829892434b@group-1CC4A7D0BB09-SegmentedRaftLogWorker: Starting segment from index:0
2025-10-17 11:01:22,505 [ed6e9581-5875-4278-a8db-50829892434b@group-1CC4A7D0BB09-LeaderElection17] INFO  server.RaftServer$Division (ServerState.java:setRaftConf(386)) - ed6e9581-5875-4278-a8db-50829892434b@group-1CC4A7D0BB09: set configuration conf: {index: 0, cur=peers:[50dccd39-549f-4f43-8b1f-597bf98f9c16|127.0.0.1:15063, ed6e9581-5875-4278-a8db-50829892434b|127.0.0.1:15079, dbd6f242-9b73-4bca-a110-3e2ec656b979|127.0.0.1:15071]|listeners:[], old=null}
2025-10-17 11:01:22,506 [ed6e9581-5875-4278-a8db-50829892434b@group-1CC4A7D0BB09-SegmentedRaftLogWorker] INFO  segmented.BufferedWriteChannel (BufferedWriteChannel.java:open(61)) - open log_inprogress_0 at position 0
2025-10-17 11:01:22,509 | INFO  | SCMAudit | user=runner | ip=127.0.0.1 | op=SEND_HEARTBEAT {"datanodeUUID":"ed6e9581-5875-4278-a8db-50829892434b","term":"2","command":"[]"} | ret=SUCCESS |  
2025-10-17 11:01:22,510 | INFO  | SCMAudit | user=runner | ip=127.0.0.1 | op=SEND_HEARTBEAT {"datanodeUUID":"a5293c95-44e9-4ea9-88ca-89089eac4b59","term":"2","command":"[]"} | ret=SUCCESS |  
2025-10-17 11:01:22,513 [EventQueue-PipelineReportForPipelineReportHandler] INFO  pipeline.PipelineReportHandler (PipelineReportHandler.java:processPipelineReport(132)) - Opened pipeline Pipeline-d666d628-fdf5-494b-9e89-1cc4a7d0bb09
2025-10-17 11:01:22,515 [28c08cd4-c049-4c66-8210-e254cf68b291-groupManagement] INFO  server.RaftServerConfigKeys (ConfUtils.java:logGet(62)) - raft.server.log.appender.buffer.byte-limit = 33554432 (custom)
2025-10-17 11:01:22,515 [28c08cd4-c049-4c66-8210-e254cf68b291-groupManagement] INFO  segmented.SegmentedRaftLogWorker (SegmentedRaftLogWorker.java:lambda$new$0(141)) - 28c08cd4-c049-4c66-8210-e254cf68b291@group-843322E62F72-SegmentedRaftLogWorker: flushIndex: setUnconditionally 0 -> -1
2025-10-17 11:01:22,516 [28c08cd4-c049-4c66-8210-e254cf68b291-groupManagement] INFO  segmented.SegmentedRaftLogWorker (SegmentedRaftLogWorker.java:lambda$new$0(141)) - 28c08cd4-c049-4c66-8210-e254cf68b291@group-843322E62F72-SegmentedRaftLogWorker: safeCacheEvictIndex: setUnconditionally 0 -> -1
2025-10-17 11:01:22,518 [28c08cd4-c049-4c66-8210-e254cf68b291-groupManagement] INFO  server.RaftServer$Division (RaftServerImpl.java:start(405)) - 28c08cd4-c049-4c66-8210-e254cf68b291@group-843322E62F72: start as a follower, conf=conf: {index: -1, cur=peers:[28c08cd4-c049-4c66-8210-e254cf68b291|127.0.0.1:15087]|listeners:[], old=null}
2025-10-17 11:01:22,518 [28c08cd4-c049-4c66-8210-e254cf68b291-groupManagement] INFO  server.RaftServer$Division (RaftServerImpl.java:setRole(392)) - 28c08cd4-c049-4c66-8210-e254cf68b291@group-843322E62F72: changes role from      null to FOLLOWER at term 0 for startAsFollower
2025-10-17 11:01:22,518 [28c08cd4-c049-4c66-8210-e254cf68b291-groupManagement] INFO  impl.RoleInfo (RoleInfo.java:updateAndGet(148)) - 28c08cd4-c049-4c66-8210-e254cf68b291: start 28c08cd4-c049-4c66-8210-e254cf68b291@group-843322E62F72-FollowerState
2025-10-17 11:01:22,519 [28c08cd4-c049-4c66-8210-e254cf68b291-groupManagement] INFO  util.JmxRegister (JmxRegister.java:tryRegister(44)) - Successfully registered JMX Bean with object name Ratis:service=RaftServer,group=group-843322E62F72,id=28c08cd4-c049-4c66-8210-e254cf68b291
2025-10-17 11:01:22,519 [b1eee25a-1fdf-4744-83c7-58e0513fce3b@group-0F2049393845-FollowerState] INFO  impl.FollowerState (FollowerState.java:runImpl(161)) - b1eee25a-1fdf-4744-83c7-58e0513fce3b@group-0F2049393845-FollowerState: change to CANDIDATE, lastRpcElapsedTime:1197199336ns, electionTimeout:1196ms
2025-10-17 11:01:22,520 [28c08cd4-c049-4c66-8210-e254cf68b291-groupManagement] INFO  util.JmxRegister (JmxRegister.java:register(58)) - register mxBean class org.apache.ratis.server.impl.RaftServerJmxAdapter as Ratis:service=RaftServer,group=group-843322E62F72,id=28c08cd4-c049-4c66-8210-e254cf68b291
2025-10-17 11:01:22,520 [b1eee25a-1fdf-4744-83c7-58e0513fce3b@group-0F2049393845-FollowerState] INFO  impl.RoleInfo (RoleInfo.java:shutdownFollowerState(121)) - b1eee25a-1fdf-4744-83c7-58e0513fce3b: shutdown b1eee25a-1fdf-4744-83c7-58e0513fce3b@group-0F2049393845-FollowerState
2025-10-17 11:01:22,521 [grpc-default-executor-4] INFO  ratis.XceiverServerRatis (XceiverServerRatis.java:handleLeaderChangedNotification(940)) - Leader change notification received for group: group-1CC4A7D0BB09 with new leaderId: ed6e9581-5875-4278-a8db-50829892434b
2025-10-17 11:01:22,521 [grpc-default-executor-4] INFO  server.RaftServer$Division (ServerState.java:setLeader(272)) - dbd6f242-9b73-4bca-a110-3e2ec656b979@group-1CC4A7D0BB09: change Leader from null to ed6e9581-5875-4278-a8db-50829892434b at term 1 for appendEntries, leader elected after 1451ms
2025-10-17 11:01:22,521 [grpc-default-executor-2] INFO  ratis.XceiverServerRatis (XceiverServerRatis.java:handleLeaderChangedNotification(940)) - Leader change notification received for group: group-1CC4A7D0BB09 with new leaderId: ed6e9581-5875-4278-a8db-50829892434b
2025-10-17 11:01:22,521 [grpc-default-executor-2] INFO  server.RaftServer$Division (ServerState.java:setLeader(272)) - 50dccd39-549f-4f43-8b1f-597bf98f9c16@group-1CC4A7D0BB09: change Leader from null to ed6e9581-5875-4278-a8db-50829892434b at term 1 for appendEntries, leader elected after 1400ms
2025-10-17 11:01:22,521 [ed6e9581-5875-4278-a8db-50829892434b@group-1CC4A7D0BB09-SegmentedRaftLogWorker] INFO  segmented.SegmentedRaftLogWorker (SegmentedRaftLogWorker.java:execute(647)) - ed6e9581-5875-4278-a8db-50829892434b@group-1CC4A7D0BB09-SegmentedRaftLogWorker: created new log segment /home/runner/work/ozone/ozone/hadoop-ozone/integration-test/target/test-dir/MiniOzoneClusterImpl-d1ffa5d3-3301-45c3-9f44-1ffa6967d237/ozone-metadata/datanode-9/ratis/d666d628-fdf5-494b-9e89-1cc4a7d0bb09/current/log_inprogress_0
2025-10-17 11:01:22,521 [b1eee25a-1fdf-4744-83c7-58e0513fce3b@group-0F2049393845-FollowerState] INFO  server.RaftServer$Division (RaftServerImpl.java:setRole(392)) - b1eee25a-1fdf-4744-83c7-58e0513fce3b@group-0F2049393845: changes role from  FOLLOWER to CANDIDATE at term 0 for changeToCandidate
2025-10-17 11:01:22,524 [b1eee25a-1fdf-4744-83c7-58e0513fce3b@group-0F2049393845-FollowerState] INFO  impl.RoleInfo (RoleInfo.java:updateAndGet(148)) - b1eee25a-1fdf-4744-83c7-58e0513fce3b: start b1eee25a-1fdf-4744-83c7-58e0513fce3b@group-0F2049393845-LeaderElection18
2025-10-17 11:01:22,524 [28c08cd4-c049-4c66-8210-e254cf68b291-groupManagement] INFO  server.RaftServer$Division (RaftServerImpl.java:start(419)) - 28c08cd4-c049-4c66-8210-e254cf68b291@group-843322E62F72: Successfully started.
2025-10-17 11:01:22,525 [grpc-default-executor-5] INFO  server.RaftServer$Division (ServerState.java:setRaftConf(386)) - 50dccd39-549f-4f43-8b1f-597bf98f9c16@group-1CC4A7D0BB09: set configuration conf: {index: 0, cur=peers:[50dccd39-549f-4f43-8b1f-597bf98f9c16|127.0.0.1:15063, ed6e9581-5875-4278-a8db-50829892434b|127.0.0.1:15079, dbd6f242-9b73-4bca-a110-3e2ec656b979|127.0.0.1:15071]|listeners:[], old=null}
2025-10-17 11:01:22,525 [28c08cd4-c049-4c66-8210-e254cf68b291-CreatePipelineCommandHandlerThread-0] INFO  ratis.XceiverServerRatis (XceiverServerRatis.java:addGroup(839)) - Created group Pipeline-ec0c3d4d-6ff3-4aad-b043-843322e62f72
2025-10-17 11:01:22,526 [grpc-default-executor-5] INFO  segmented.SegmentedRaftLogWorker (SegmentedRaftLogWorker.java:startLogSegment(440)) - 50dccd39-549f-4f43-8b1f-597bf98f9c16@group-1CC4A7D0BB09-SegmentedRaftLogWorker: Starting segment from index:0
2025-10-17 11:01:22,526 [28c08cd4-c049-4c66-8210-e254cf68b291-CreatePipelineCommandHandlerThread-0] INFO  commandhandler.CreatePipelineCommandHandler (CreatePipelineCommandHandler.java:lambda$handle$2(141)) - Created Pipeline RATIS ONE Pipeline-ec0c3d4d-6ff3-4aad-b043-843322e62f72.
2025-10-17 11:01:22,526 [50dccd39-549f-4f43-8b1f-597bf98f9c16@group-1CC4A7D0BB09-SegmentedRaftLogWorker] INFO  segmented.BufferedWriteChannel (BufferedWriteChannel.java:open(61)) - open log_inprogress_0 at position 0
2025-10-17 11:01:22,526 [grpc-default-executor-4] INFO  server.RaftServer$Division (ServerState.java:setRaftConf(386)) - dbd6f242-9b73-4bca-a110-3e2ec656b979@group-1CC4A7D0BB09: set configuration conf: {index: 0, cur=peers:[50dccd39-549f-4f43-8b1f-597bf98f9c16|127.0.0.1:15063, ed6e9581-5875-4278-a8db-50829892434b|127.0.0.1:15079, dbd6f242-9b73-4bca-a110-3e2ec656b979|127.0.0.1:15071]|listeners:[], old=null}
2025-10-17 11:01:22,528 [b1eee25a-1fdf-4744-83c7-58e0513fce3b@group-0F2049393845-LeaderElection18] INFO  impl.LeaderElection (LeaderElection.java:askForVotes(448)) - b1eee25a-1fdf-4744-83c7-58e0513fce3b@group-0F2049393845-LeaderElection18 PRE_VOTE round 0: submit vote requests at term 0 for conf: {index: -1, cur=peers:[b1eee25a-1fdf-4744-83c7-58e0513fce3b|127.0.0.1:15047]|listeners:[], old=null}
2025-10-17 11:01:22,528 [b1eee25a-1fdf-4744-83c7-58e0513fce3b@group-0F2049393845-LeaderElection18] INFO  impl.LeaderElection (LeaderElection.java:askForVotes(450)) - b1eee25a-1fdf-4744-83c7-58e0513fce3b@group-0F2049393845-LeaderElection18 PRE_VOTE round 0: result PASSED (term=0)
2025-10-17 11:01:22,528 [grpc-default-executor-4] INFO  segmented.SegmentedRaftLogWorker (SegmentedRaftLogWorker.java:startLogSegment(440)) - dbd6f242-9b73-4bca-a110-3e2ec656b979@group-1CC4A7D0BB09-SegmentedRaftLogWorker: Starting segment from index:0
2025-10-17 11:01:22,530 [dbd6f242-9b73-4bca-a110-3e2ec656b979@group-1CC4A7D0BB09-SegmentedRaftLogWorker] INFO  segmented.BufferedWriteChannel (BufferedWriteChannel.java:open(61)) - open log_inprogress_0 at position 0
2025-10-17 11:01:22,531 [b1eee25a-1fdf-4744-83c7-58e0513fce3b@group-0F2049393845-LeaderElection18] INFO  impl.LeaderElection (LeaderElection.java:askForVotes(448)) - b1eee25a-1fdf-4744-83c7-58e0513fce3b@group-0F2049393845-LeaderElection18 ELECTION round 0: submit vote requests at term 1 for conf: {index: -1, cur=peers:[b1eee25a-1fdf-4744-83c7-58e0513fce3b|127.0.0.1:15047]|listeners:[], old=null}
2025-10-17 11:01:22,531 [b1eee25a-1fdf-4744-83c7-58e0513fce3b@group-0F2049393845-LeaderElection18] INFO  impl.LeaderElection (LeaderElection.java:askForVotes(450)) - b1eee25a-1fdf-4744-83c7-58e0513fce3b@group-0F2049393845-LeaderElection18 ELECTION round 0: result PASSED (term=1)
2025-10-17 11:01:22,531 [b1eee25a-1fdf-4744-83c7-58e0513fce3b@group-0F2049393845-LeaderElection18] INFO  impl.RoleInfo (RoleInfo.java:shutdownLeaderElection(141)) - b1eee25a-1fdf-4744-83c7-58e0513fce3b: shutdown b1eee25a-1fdf-4744-83c7-58e0513fce3b@group-0F2049393845-LeaderElection18
2025-10-17 11:01:22,531 [b1eee25a-1fdf-4744-83c7-58e0513fce3b@group-0F2049393845-LeaderElection18] INFO  server.RaftServer$Division (RaftServerImpl.java:setRole(392)) - b1eee25a-1fdf-4744-83c7-58e0513fce3b@group-0F2049393845: changes role from CANDIDATE to LEADER at term 1 for changeToLeader
2025-10-17 11:01:22,531 [b1eee25a-1fdf-4744-83c7-58e0513fce3b@group-0F2049393845-LeaderElection18] INFO  server.RaftServerConfigKeys (ConfUtils.java:logFallback(69)) - raft.server.staging.timeout = 15600ms (fallback to raft.server.rpc.timeout.max)
2025-10-17 11:01:22,531 [b1eee25a-1fdf-4744-83c7-58e0513fce3b@group-0F2049393845-LeaderElection18] INFO  server.RaftServerConfigKeys (ConfUtils.java:logGet(62)) - raft.server.write.byte-limit = 1024 M (=1073741824) (custom)
2025-10-17 11:01:22,532 [b1eee25a-1fdf-4744-83c7-58e0513fce3b@group-0F2049393845-LeaderElection18] INFO  impl.RoleInfo (RoleInfo.java:updateAndGet(148)) - b1eee25a-1fdf-4744-83c7-58e0513fce3b: start b1eee25a-1fdf-4744-83c7-58e0513fce3b@group-0F2049393845-LeaderStateImpl
2025-10-17 11:01:22,534 [b1eee25a-1fdf-4744-83c7-58e0513fce3b@group-0F2049393845-LeaderElection18] INFO  server.RaftServer$Division (RaftServerImpl.java:setFirstElection(576)) - b1eee25a-1fdf-4744-83c7-58e0513fce3b@group-0F2049393845: set firstElectionSinceStartup to false for becomeLeader
2025-10-17 11:01:22,534 [b1eee25a-1fdf-4744-83c7-58e0513fce3b@group-0F2049393845-LeaderElection18] INFO  ratis.XceiverServerRatis (XceiverServerRatis.java:handleLeaderChangedNotification(940)) - Leader change notification received for group: group-0F2049393845 with new leaderId: b1eee25a-1fdf-4744-83c7-58e0513fce3b
2025-10-17 11:01:22,534 [b1eee25a-1fdf-4744-83c7-58e0513fce3b@group-0F2049393845-LeaderElection18] INFO  server.RaftServer$Division (ServerState.java:setLeader(272)) - b1eee25a-1fdf-4744-83c7-58e0513fce3b@group-0F2049393845: change Leader from null to b1eee25a-1fdf-4744-83c7-58e0513fce3b at term 1 for becomeLeader, leader elected after 1294ms
2025-10-17 11:01:22,534 [b1eee25a-1fdf-4744-83c7-58e0513fce3b@group-0F2049393845-LeaderElection18] INFO  segmented.SegmentedRaftLogWorker (SegmentedRaftLogWorker.java:startLogSegment(440)) - b1eee25a-1fdf-4744-83c7-58e0513fce3b@group-0F2049393845-SegmentedRaftLogWorker: Starting segment from index:0
2025-10-17 11:01:22,534 [b1eee25a-1fdf-4744-83c7-58e0513fce3b@group-0F2049393845-LeaderElection18] INFO  server.RaftServer$Division (ServerState.java:setRaftConf(386)) - b1eee25a-1fdf-4744-83c7-58e0513fce3b@group-0F2049393845: set configuration conf: {index: 0, cur=peers:[b1eee25a-1fdf-4744-83c7-58e0513fce3b|127.0.0.1:15047]|listeners:[], old=null}
2025-10-17 11:01:22,535 [b1eee25a-1fdf-4744-83c7-58e0513fce3b@group-0F2049393845-SegmentedRaftLogWorker] INFO  segmented.BufferedWriteChannel (BufferedWriteChannel.java:open(61)) - open log_inprogress_0 at position 0
2025-10-17 11:01:22,537 [50dccd39-549f-4f43-8b1f-597bf98f9c16@group-1CC4A7D0BB09-SegmentedRaftLogWorker] INFO  segmented.SegmentedRaftLogWorker (SegmentedRaftLogWorker.java:execute(647)) - 50dccd39-549f-4f43-8b1f-597bf98f9c16@group-1CC4A7D0BB09-SegmentedRaftLogWorker: created new log segment /home/runner/work/ozone/ozone/hadoop-ozone/integration-test/target/test-dir/MiniOzoneClusterImpl-d1ffa5d3-3301-45c3-9f44-1ffa6967d237/ozone-metadata/datanode-7/ratis/d666d628-fdf5-494b-9e89-1cc4a7d0bb09/current/log_inprogress_0
2025-10-17 11:01:22,538 | INFO  | SCMAudit | user=runner | ip=127.0.0.1 | op=SEND_HEARTBEAT {"datanodeUUID":"b1eee25a-1fdf-4744-83c7-58e0513fce3b","term":"2","command":"[]"} | ret=SUCCESS |  
2025-10-17 11:01:22,540 [dbd6f242-9b73-4bca-a110-3e2ec656b979@group-1CC4A7D0BB09-SegmentedRaftLogWorker] INFO  segmented.SegmentedRaftLogWorker (SegmentedRaftLogWorker.java:execute(647)) - dbd6f242-9b73-4bca-a110-3e2ec656b979@group-1CC4A7D0BB09-SegmentedRaftLogWorker: created new log segment /home/runner/work/ozone/ozone/hadoop-ozone/integration-test/target/test-dir/MiniOzoneClusterImpl-d1ffa5d3-3301-45c3-9f44-1ffa6967d237/ozone-metadata/datanode-8/ratis/d666d628-fdf5-494b-9e89-1cc4a7d0bb09/current/log_inprogress_0
2025-10-17 11:01:22,542 [ed6e9581-5875-4278-a8db-50829892434b@group-1CC4A7D0BB09-StateMachineUpdater] INFO  server.RaftServer$Division (LeaderStateImpl.java:checkStartIndex(309)) - Leader ed6e9581-5875-4278-a8db-50829892434b@group-1CC4A7D0BB09-LeaderStateImpl is ready since appliedIndex == startIndex == 0
2025-10-17 11:01:22,543 [b1eee25a-1fdf-4744-83c7-58e0513fce3b@group-0F2049393845-SegmentedRaftLogWorker] INFO  segmented.SegmentedRaftLogWorker (SegmentedRaftLogWorker.java:execute(647)) - b1eee25a-1fdf-4744-83c7-58e0513fce3b@group-0F2049393845-SegmentedRaftLogWorker: created new log segment /home/runner/work/ozone/ozone/hadoop-ozone/integration-test/target/test-dir/MiniOzoneClusterImpl-d1ffa5d3-3301-45c3-9f44-1ffa6967d237/ozone-metadata/datanode-5/ratis/2fcb5946-037c-4155-89ee-0f2049393845/current/log_inprogress_0
2025-10-17 11:01:22,545 [b1eee25a-1fdf-4744-83c7-58e0513fce3b@group-0F2049393845-StateMachineUpdater] INFO  server.RaftServer$Division (LeaderStateImpl.java:checkStartIndex(309)) - Leader b1eee25a-1fdf-4744-83c7-58e0513fce3b@group-0F2049393845-LeaderStateImpl is ready since appliedIndex == startIndex == 0
2025-10-17 11:01:22,548 [dbd6f242-9b73-4bca-a110-3e2ec656b979@group-464FE5C38337-FollowerState] INFO  impl.FollowerState (FollowerState.java:runImpl(161)) - dbd6f242-9b73-4bca-a110-3e2ec656b979@group-464FE5C38337-FollowerState: change to CANDIDATE, lastRpcElapsedTime:1185336321ns, electionTimeout:1185ms
2025-10-17 11:01:22,549 [dbd6f242-9b73-4bca-a110-3e2ec656b979@group-464FE5C38337-FollowerState] INFO  impl.RoleInfo (RoleInfo.java:shutdownFollowerState(121)) - dbd6f242-9b73-4bca-a110-3e2ec656b979: shutdown dbd6f242-9b73-4bca-a110-3e2ec656b979@group-464FE5C38337-FollowerState
2025-10-17 11:01:22,549 [dbd6f242-9b73-4bca-a110-3e2ec656b979@group-464FE5C38337-FollowerState] INFO  server.RaftServer$Division (RaftServerImpl.java:setRole(392)) - dbd6f242-9b73-4bca-a110-3e2ec656b979@group-464FE5C38337: changes role from  FOLLOWER to CANDIDATE at term 0 for changeToCandidate
2025-10-17 11:01:22,549 [dbd6f242-9b73-4bca-a110-3e2ec656b979@group-464FE5C38337-FollowerState] INFO  impl.RoleInfo (RoleInfo.java:updateAndGet(148)) - dbd6f242-9b73-4bca-a110-3e2ec656b979: start dbd6f242-9b73-4bca-a110-3e2ec656b979@group-464FE5C38337-LeaderElection19
2025-10-17 11:01:22,550 [dbd6f242-9b73-4bca-a110-3e2ec656b979@group-464FE5C38337-LeaderElection19] INFO  impl.LeaderElection (LeaderElection.java:askForVotes(448)) - dbd6f242-9b73-4bca-a110-3e2ec656b979@group-464FE5C38337-LeaderElection19 PRE_VOTE round 0: submit vote requests at term 0 for conf: {index: -1, cur=peers:[50dccd39-549f-4f43-8b1f-597bf98f9c16|127.0.0.1:15063, ed6e9581-5875-4278-a8db-50829892434b|127.0.0.1:15079, dbd6f242-9b73-4bca-a110-3e2ec656b979|127.0.0.1:15071]|listeners:[], old=null}
2025-10-17 11:01:22,550 [ForkJoinPool-1-worker-1] INFO  rpc.RpcClient (RpcClient.java:createVolume(461)) - Creating Volume: 9ef34ce4-193b-4f4a-a3fb-bb89b8528da5, with runner as owner and space quota set to -1 bytes, counts quota set to -1
2025-10-17 11:01:22,554 [grpc-default-executor-4] INFO  server.RaftServer$Division (RaftServerImpl.java:requestVote(1421)) - 50dccd39-549f-4f43-8b1f-597bf98f9c16@group-464FE5C38337: receive requestVote(PRE_VOTE, dbd6f242-9b73-4bca-a110-3e2ec656b979, group-464FE5C38337, 0, <PROTO_DEFAULT>)
2025-10-17 11:01:22,554 [grpc-default-executor-4] INFO  impl.VoteContext (VoteContext.java:log(49)) - 50dccd39-549f-4f43-8b1f-597bf98f9c16@group-464FE5C38337-FOLLOWER: reject PRE_VOTE from dbd6f242-9b73-4bca-a110-3e2ec656b979: our priority 1 > candidate's priority 0
2025-10-17 11:01:22,554 [grpc-default-executor-4] INFO  server.RaftServer$Division (RaftServerImpl.java:requestVote(1455)) - 50dccd39-549f-4f43-8b1f-597bf98f9c16@group-464FE5C38337 replies to PRE_VOTE vote request: dbd6f242-9b73-4bca-a110-3e2ec656b979<-50dccd39-549f-4f43-8b1f-597bf98f9c16#0:FAIL-t0-last:<INITIAL_VALUE>. Peer's state: 50dccd39-549f-4f43-8b1f-597bf98f9c16@group-464FE5C38337:t0, leader=null, voted=, raftlog=Memoized:50dccd39-549f-4f43-8b1f-597bf98f9c16@group-464FE5C38337-SegmentedRaftLog:OPENED:c-1:lastnull, conf=conf: {index: -1, cur=peers:[50dccd39-549f-4f43-8b1f-597bf98f9c16|127.0.0.1:15063, ed6e9581-5875-4278-a8db-50829892434b|127.0.0.1:15079, dbd6f242-9b73-4bca-a110-3e2ec656b979|127.0.0.1:15071]|listeners:[], old=null}
2025-10-17 11:01:22,555 [grpc-default-executor-5] INFO  server.RaftServer$Division (RaftServerImpl.java:requestVote(1421)) - ed6e9581-5875-4278-a8db-50829892434b@group-464FE5C38337: receive requestVote(PRE_VOTE, dbd6f242-9b73-4bca-a110-3e2ec656b979, group-464FE5C38337, 0, <PROTO_DEFAULT>)
2025-10-17 11:01:22,555 [grpc-default-executor-5] INFO  impl.VoteContext (VoteContext.java:log(49)) - ed6e9581-5875-4278-a8db-50829892434b@group-464FE5C38337-FOLLOWER: accept PRE_VOTE from dbd6f242-9b73-4bca-a110-3e2ec656b979: our priority 0 <= candidate's priority 0
2025-10-17 11:01:22,556 [grpc-default-executor-5] INFO  server.RaftServer$Division (RaftServerImpl.java:requestVote(1455)) - ed6e9581-5875-4278-a8db-50829892434b@group-464FE5C38337 replies to PRE_VOTE vote request: dbd6f242-9b73-4bca-a110-3e2ec656b979<-ed6e9581-5875-4278-a8db-50829892434b#0:OK-t0-last:<INITIAL_VALUE>. Peer's state: ed6e9581-5875-4278-a8db-50829892434b@group-464FE5C38337:t0, leader=null, voted=, raftlog=Memoized:ed6e9581-5875-4278-a8db-50829892434b@group-464FE5C38337-SegmentedRaftLog:OPENED:c-1:lastnull, conf=conf: {index: -1, cur=peers:[50dccd39-549f-4f43-8b1f-597bf98f9c16|127.0.0.1:15063, ed6e9581-5875-4278-a8db-50829892434b|127.0.0.1:15079, dbd6f242-9b73-4bca-a110-3e2ec656b979|127.0.0.1:15071]|listeners:[], old=null}
2025-10-17 11:01:22,558 [dbd6f242-9b73-4bca-a110-3e2ec656b979@group-464FE5C38337-LeaderElection19] INFO  impl.LeaderElection (LeaderElection.java:logAndReturn(206)) - dbd6f242-9b73-4bca-a110-3e2ec656b979@group-464FE5C38337-LeaderElection19: PRE_VOTE REJECTED received 1 response(s) and 0 exception(s):
2025-10-17 11:01:22,558 [dbd6f242-9b73-4bca-a110-3e2ec656b979@group-464FE5C38337-LeaderElection19] INFO  impl.LeaderElection (LeaderElection.java:logAndReturn(210)) -   Response 0: dbd6f242-9b73-4bca-a110-3e2ec656b979<-50dccd39-549f-4f43-8b1f-597bf98f9c16#0:FAIL-t0-last:<INITIAL_VALUE>
2025-10-17 11:01:22,558 [dbd6f242-9b73-4bca-a110-3e2ec656b979@group-464FE5C38337-LeaderElection19] INFO  impl.LeaderElection (LeaderElection.java:askForVotes(450)) - dbd6f242-9b73-4bca-a110-3e2ec656b979@group-464FE5C38337-LeaderElection19 PRE_VOTE round 0: result REJECTED
2025-10-17 11:01:22,558 [dbd6f242-9b73-4bca-a110-3e2ec656b979@group-464FE5C38337-LeaderElection19] INFO  server.RaftServer$Division (RaftServerImpl.java:setRole(392)) - dbd6f242-9b73-4bca-a110-3e2ec656b979@group-464FE5C38337: changes role from CANDIDATE to FOLLOWER at term 0 for REJECTED
2025-10-17 11:01:22,558 [dbd6f242-9b73-4bca-a110-3e2ec656b979@group-464FE5C38337-LeaderElection19] INFO  impl.RoleInfo (RoleInfo.java:shutdownLeaderElection(141)) - dbd6f242-9b73-4bca-a110-3e2ec656b979: shutdown dbd6f242-9b73-4bca-a110-3e2ec656b979@group-464FE5C38337-LeaderElection19
2025-10-17 11:01:22,559 [dbd6f242-9b73-4bca-a110-3e2ec656b979@group-464FE5C38337-LeaderElection19] INFO  impl.RoleInfo (RoleInfo.java:updateAndGet(148)) - dbd6f242-9b73-4bca-a110-3e2ec656b979: start dbd6f242-9b73-4bca-a110-3e2ec656b979@group-464FE5C38337-FollowerState
2025-10-17 11:01:22,560 [dbd6f242-9b73-4bca-a110-3e2ec656b979@group-464FE5C38337-LeaderElection19] INFO  server.RaftServer$Division (RaftServerImpl.java:setFirstElection(576)) - dbd6f242-9b73-4bca-a110-3e2ec656b979@group-464FE5C38337: set firstElectionSinceStartup to false for REJECTED
2025-10-17 11:01:22,575 [50dccd39-549f-4f43-8b1f-597bf98f9c16@group-464FE5C38337-FollowerState] INFO  impl.FollowerState (FollowerState.java:runImpl(161)) - 50dccd39-549f-4f43-8b1f-597bf98f9c16@group-464FE5C38337-FollowerState: change to CANDIDATE, lastRpcElapsedTime:1114532928ns, electionTimeout:1114ms
2025-10-17 11:01:22,575 [50dccd39-549f-4f43-8b1f-597bf98f9c16@group-464FE5C38337-FollowerState] INFO  impl.RoleInfo (RoleInfo.java:shutdownFollowerState(121)) - 50dccd39-549f-4f43-8b1f-597bf98f9c16: shutdown 50dccd39-549f-4f43-8b1f-597bf98f9c16@group-464FE5C38337-FollowerState
2025-10-17 11:01:22,576 [50dccd39-549f-4f43-8b1f-597bf98f9c16@group-464FE5C38337-FollowerState] INFO  server.RaftServer$Division (RaftServerImpl.java:setRole(392)) - 50dccd39-549f-4f43-8b1f-597bf98f9c16@group-464FE5C38337: changes role from  FOLLOWER to CANDIDATE at term 0 for changeToCandidate
2025-10-17 11:01:22,576 [50dccd39-549f-4f43-8b1f-597bf98f9c16@group-464FE5C38337-FollowerState] INFO  impl.RoleInfo (RoleInfo.java:updateAndGet(148)) - 50dccd39-549f-4f43-8b1f-597bf98f9c16: start 50dccd39-549f-4f43-8b1f-597bf98f9c16@group-464FE5C38337-LeaderElection20
2025-10-17 11:01:22,577 [50dccd39-549f-4f43-8b1f-597bf98f9c16@group-464FE5C38337-LeaderElection20] INFO  impl.LeaderElection (LeaderElection.java:askForVotes(448)) - 50dccd39-549f-4f43-8b1f-597bf98f9c16@group-464FE5C38337-LeaderElection20 PRE_VOTE round 0: submit vote requests at term 0 for conf: {index: -1, cur=peers:[50dccd39-549f-4f43-8b1f-597bf98f9c16|127.0.0.1:15063, ed6e9581-5875-4278-a8db-50829892434b|127.0.0.1:15079, dbd6f242-9b73-4bca-a110-3e2ec656b979|127.0.0.1:15071]|listeners:[], old=null}
2025-10-17 11:01:22,577 [om1-OMStateMachineApplyTransactionThread - 0] INFO  volume.OMVolumeCreateRequest (OMVolumeCreateRequest.java:validateAndUpdateCache(213)) - created volume:9ef34ce4-193b-4f4a-a3fb-bb89b8528da5 for user:runner
2025-10-17 11:01:22,578 [50dccd39-549f-4f43-8b1f-597bf98f9c16@group-464FE5C38337-LeaderElection20-1] INFO  server.GrpcServerProtocolClient (GrpcServerProtocolClient.java:<init>(65)) - Build channel for ed6e9581-5875-4278-a8db-50829892434b|127.0.0.1:15079
2025-10-17 11:01:22,578 [50dccd39-549f-4f43-8b1f-597bf98f9c16@group-464FE5C38337-LeaderElection20-2] INFO  server.GrpcServerProtocolClient (GrpcServerProtocolClient.java:<init>(65)) - Build channel for dbd6f242-9b73-4bca-a110-3e2ec656b979|127.0.0.1:15071
2025-10-17 11:01:22,578 | INFO  | OMAudit | user=runner | ip=127.0.0.1 | op=CREATE_VOLUME {"admin":"runner","owner":"runner","volume":"9ef34ce4-193b-4f4a-a3fb-bb89b8528da5","creationTime":"1760698882568","modificationTime":"1760698882568","quotaInBytes":"-1","quotaInNamespace":"-1","usedNamespace":"0","objectID":"-9223372036854775552","updateID":"1","Transaction":"1"} | ret=SUCCESS |  
2025-10-17 11:01:22,586 [grpc-default-executor-5] INFO  server.RaftServer$Division (RaftServerImpl.java:requestVote(1421)) - dbd6f242-9b73-4bca-a110-3e2ec656b979@group-464FE5C38337: receive requestVote(PRE_VOTE, 50dccd39-549f-4f43-8b1f-597bf98f9c16, group-464FE5C38337, 0, <PROTO_DEFAULT>)
2025-10-17 11:01:22,586 [grpc-default-executor-5] INFO  impl.VoteContext (VoteContext.java:log(49)) - dbd6f242-9b73-4bca-a110-3e2ec656b979@group-464FE5C38337-FOLLOWER: accept PRE_VOTE from 50dccd39-549f-4f43-8b1f-597bf98f9c16: our priority 0 <= candidate's priority 1
2025-10-17 11:01:22,586 [grpc-default-executor-4] INFO  server.RaftServer$Division (RaftServerImpl.java:requestVote(1421)) - ed6e9581-5875-4278-a8db-50829892434b@group-464FE5C38337: receive requestVote(PRE_VOTE, 50dccd39-549f-4f43-8b1f-597bf98f9c16, group-464FE5C38337, 0, <PROTO_DEFAULT>)
2025-10-17 11:01:22,587 [grpc-default-executor-4] INFO  impl.VoteContext (VoteContext.java:log(49)) - ed6e9581-5875-4278-a8db-50829892434b@group-464FE5C38337-FOLLOWER: accept PRE_VOTE from 50dccd39-549f-4f43-8b1f-597bf98f9c16: our priority 0 <= candidate's priority 1
2025-10-17 11:01:22,586 [grpc-default-executor-5] INFO  server.RaftServer$Division (RaftServerImpl.java:requestVote(1455)) - dbd6f242-9b73-4bca-a110-3e2ec656b979@group-464FE5C38337 replies to PRE_VOTE vote request: 50dccd39-549f-4f43-8b1f-597bf98f9c16<-dbd6f242-9b73-4bca-a110-3e2ec656b979#0:OK-t0-last:<INITIAL_VALUE>. Peer's state: dbd6f242-9b73-4bca-a110-3e2ec656b979@group-464FE5C38337:t0, leader=null, voted=, raftlog=Memoized:dbd6f242-9b73-4bca-a110-3e2ec656b979@group-464FE5C38337-SegmentedRaftLog:OPENED:c-1:lastnull, conf=conf: {index: -1, cur=peers:[50dccd39-549f-4f43-8b1f-597bf98f9c16|127.0.0.1:15063, ed6e9581-5875-4278-a8db-50829892434b|127.0.0.1:15079, dbd6f242-9b73-4bca-a110-3e2ec656b979|127.0.0.1:15071]|listeners:[], old=null}
2025-10-17 11:01:22,588 [grpc-default-executor-4] INFO  server.RaftServer$Division (RaftServerImpl.java:requestVote(1455)) - ed6e9581-5875-4278-a8db-50829892434b@group-464FE5C38337 replies to PRE_VOTE vote request: 50dccd39-549f-4f43-8b1f-597bf98f9c16<-ed6e9581-5875-4278-a8db-50829892434b#0:OK-t0-last:<INITIAL_VALUE>. Peer's state: ed6e9581-5875-4278-a8db-50829892434b@group-464FE5C38337:t0, leader=null, voted=, raftlog=Memoized:ed6e9581-5875-4278-a8db-50829892434b@group-464FE5C38337-SegmentedRaftLog:OPENED:c-1:lastnull, conf=conf: {index: -1, cur=peers:[50dccd39-549f-4f43-8b1f-597bf98f9c16|127.0.0.1:15063, ed6e9581-5875-4278-a8db-50829892434b|127.0.0.1:15079, dbd6f242-9b73-4bca-a110-3e2ec656b979|127.0.0.1:15071]|listeners:[], old=null}
2025-10-17 11:01:22,589 [50dccd39-549f-4f43-8b1f-597bf98f9c16@group-464FE5C38337-LeaderElection20] INFO  impl.LeaderElection (LeaderElection.java:logAndReturn(206)) - 50dccd39-549f-4f43-8b1f-597bf98f9c16@group-464FE5C38337-LeaderElection20: PRE_VOTE PASSED received 1 response(s) and 0 exception(s):
2025-10-17 11:01:22,589 [50dccd39-549f-4f43-8b1f-597bf98f9c16@group-464FE5C38337-LeaderElection20] INFO  impl.LeaderElection (LeaderElection.java:logAndReturn(210)) -   Response 0: 50dccd39-549f-4f43-8b1f-597bf98f9c16<-dbd6f242-9b73-4bca-a110-3e2ec656b979#0:OK-t0-last:<INITIAL_VALUE>
2025-10-17 11:01:22,591 [50dccd39-549f-4f43-8b1f-597bf98f9c16@group-464FE5C38337-LeaderElection20] INFO  impl.LeaderElection (LeaderElection.java:askForVotes(450)) - 50dccd39-549f-4f43-8b1f-597bf98f9c16@group-464FE5C38337-LeaderElection20 PRE_VOTE round 0: result PASSED
2025-10-17 11:01:22,591 | INFO  | SCMAudit | user=runner | ip=127.0.0.1 | op=SEND_HEARTBEAT {"datanodeUUID":"309ab1ff-9f5a-4058-8b2f-94d451ce5267","term":"2","command":"[]"} | ret=SUCCESS |  
2025-10-17 11:01:22,592 | INFO  | OMAudit | user=runner | ip=127.0.0.1 | op=READ_VOLUME {"volume":"9ef34ce4-193b-4f4a-a3fb-bb89b8528da5"} | ret=SUCCESS |  
2025-10-17 11:01:22,594 [50dccd39-549f-4f43-8b1f-597bf98f9c16@group-464FE5C38337-LeaderElection20] INFO  impl.LeaderElection (LeaderElection.java:askForVotes(448)) - 50dccd39-549f-4f43-8b1f-597bf98f9c16@group-464FE5C38337-LeaderElection20 ELECTION round 0: submit vote requests at term 1 for conf: {index: -1, cur=peers:[50dccd39-549f-4f43-8b1f-597bf98f9c16|127.0.0.1:15063, ed6e9581-5875-4278-a8db-50829892434b|127.0.0.1:15079, dbd6f242-9b73-4bca-a110-3e2ec656b979|127.0.0.1:15071]|listeners:[], old=null}
2025-10-17 11:01:22,597 [grpc-default-executor-5] INFO  server.RaftServer$Division (RaftServerImpl.java:requestVote(1421)) - dbd6f242-9b73-4bca-a110-3e2ec656b979@group-464FE5C38337: receive requestVote(ELECTION, 50dccd39-549f-4f43-8b1f-597bf98f9c16, group-464FE5C38337, 1, <PROTO_DEFAULT>)
2025-10-17 11:01:22,597 [grpc-default-executor-5] INFO  impl.VoteContext (VoteContext.java:log(49)) - dbd6f242-9b73-4bca-a110-3e2ec656b979@group-464FE5C38337-FOLLOWER: accept ELECTION from 50dccd39-549f-4f43-8b1f-597bf98f9c16: our priority 0 <= candidate's priority 1
2025-10-17 11:01:22,597 [grpc-default-executor-5] INFO  server.RaftServer$Division (RaftServerImpl.java:setRole(392)) - dbd6f242-9b73-4bca-a110-3e2ec656b979@group-464FE5C38337: changes role from  FOLLOWER to FOLLOWER at term 0 for candidate:50dccd39-549f-4f43-8b1f-597bf98f9c16
2025-10-17 11:01:22,598 [grpc-default-executor-5] INFO  impl.RoleInfo (RoleInfo.java:shutdownFollowerState(121)) - dbd6f242-9b73-4bca-a110-3e2ec656b979: shutdown dbd6f242-9b73-4bca-a110-3e2ec656b979@group-464FE5C38337-FollowerState
2025-10-17 11:01:22,598 [dbd6f242-9b73-4bca-a110-3e2ec656b979@group-464FE5C38337-FollowerState] INFO  impl.FollowerState (FollowerState.java:runImpl(170)) - dbd6f242-9b73-4bca-a110-3e2ec656b979@group-464FE5C38337-FollowerState was interrupted
2025-10-17 11:01:22,598 [grpc-default-executor-5] INFO  impl.RoleInfo (RoleInfo.java:updateAndGet(148)) - dbd6f242-9b73-4bca-a110-3e2ec656b979: start dbd6f242-9b73-4bca-a110-3e2ec656b979@group-464FE5C38337-FollowerState
2025-10-17 11:01:22,598 [grpc-default-executor-4] INFO  server.RaftServer$Division (RaftServerImpl.java:requestVote(1421)) - ed6e9581-5875-4278-a8db-50829892434b@group-464FE5C38337: receive requestVote(ELECTION, 50dccd39-549f-4f43-8b1f-597bf98f9c16, group-464FE5C38337, 1, <PROTO_DEFAULT>)
2025-10-17 11:01:22,598 [grpc-default-executor-4] INFO  impl.VoteContext (VoteContext.java:log(49)) - ed6e9581-5875-4278-a8db-50829892434b@group-464FE5C38337-FOLLOWER: accept ELECTION from 50dccd39-549f-4f43-8b1f-597bf98f9c16: our priority 0 <= candidate's priority 1
2025-10-17 11:01:22,598 [grpc-default-executor-4] INFO  server.RaftServer$Division (RaftServerImpl.java:setRole(392)) - ed6e9581-5875-4278-a8db-50829892434b@group-464FE5C38337: changes role from  FOLLOWER to FOLLOWER at term 0 for candidate:50dccd39-549f-4f43-8b1f-597bf98f9c16
2025-10-17 11:01:22,598 [grpc-default-executor-4] INFO  impl.RoleInfo (RoleInfo.java:shutdownFollowerState(121)) - ed6e9581-5875-4278-a8db-50829892434b: shutdown ed6e9581-5875-4278-a8db-50829892434b@group-464FE5C38337-FollowerState
2025-10-17 11:01:22,598 [grpc-default-executor-4] INFO  impl.RoleInfo (RoleInfo.java:updateAndGet(148)) - ed6e9581-5875-4278-a8db-50829892434b: start ed6e9581-5875-4278-a8db-50829892434b@group-464FE5C38337-FollowerState
2025-10-17 11:01:22,598 [ed6e9581-5875-4278-a8db-50829892434b@group-464FE5C38337-FollowerState] INFO  impl.FollowerState (FollowerState.java:runImpl(170)) - ed6e9581-5875-4278-a8db-50829892434b@group-464FE5C38337-FollowerState was interrupted
2025-10-17 11:01:22,599 [grpc-default-executor-4] INFO  server.RaftServer$Division (RaftServerImpl.java:setFirstElection(576)) - ed6e9581-5875-4278-a8db-50829892434b@group-464FE5C38337: set firstElectionSinceStartup to false for candidate:50dccd39-549f-4f43-8b1f-597bf98f9c16
2025-10-17 11:01:22,599 [ForkJoinPool-1-worker-1] INFO  rpc.RpcClient (RpcClient.java:createBucket(686)) - Creating Bucket: 9ef34ce4-193b-4f4a-a3fb-bb89b8528da5/2ac53ee6-be32-4b98-bfdb-36284b292466, with bucket layout OBJECT_STORE, runner as owner, Versioning true, Storage Type set to DISK and Encryption set to false, Replication Type set to server-side default replication type, Namespace Quota set to -1, Space Quota set to -1 
2025-10-17 11:01:22,600 [grpc-default-executor-4] INFO  server.RaftServer$Division (RaftServerImpl.java:requestVote(1455)) - ed6e9581-5875-4278-a8db-50829892434b@group-464FE5C38337 replies to ELECTION vote request: 50dccd39-549f-4f43-8b1f-597bf98f9c16<-ed6e9581-5875-4278-a8db-50829892434b#0:OK-t1-last:<INITIAL_VALUE>. Peer's state: ed6e9581-5875-4278-a8db-50829892434b@group-464FE5C38337:t1, leader=null, voted=50dccd39-549f-4f43-8b1f-597bf98f9c16, raftlog=Memoized:ed6e9581-5875-4278-a8db-50829892434b@group-464FE5C38337-SegmentedRaftLog:OPENED:c-1:lastnull, conf=conf: {index: -1, cur=peers:[50dccd39-549f-4f43-8b1f-597bf98f9c16|127.0.0.1:15063, ed6e9581-5875-4278-a8db-50829892434b|127.0.0.1:15079, dbd6f242-9b73-4bca-a110-3e2ec656b979|127.0.0.1:15071]|listeners:[], old=null}
2025-10-17 11:01:22,601 [grpc-default-executor-5] INFO  server.RaftServer$Division (RaftServerImpl.java:requestVote(1455)) - dbd6f242-9b73-4bca-a110-3e2ec656b979@group-464FE5C38337 replies to ELECTION vote request: 50dccd39-549f-4f43-8b1f-597bf98f9c16<-dbd6f242-9b73-4bca-a110-3e2ec656b979#0:OK-t1-last:<INITIAL_VALUE>. Peer's state: dbd6f242-9b73-4bca-a110-3e2ec656b979@group-464FE5C38337:t1, leader=null, voted=50dccd39-549f-4f43-8b1f-597bf98f9c16, raftlog=Memoized:dbd6f242-9b73-4bca-a110-3e2ec656b979@group-464FE5C38337-SegmentedRaftLog:OPENED:c-1:lastnull, conf=conf: {index: -1, cur=peers:[50dccd39-549f-4f43-8b1f-597bf98f9c16|127.0.0.1:15063, ed6e9581-5875-4278-a8db-50829892434b|127.0.0.1:15079, dbd6f242-9b73-4bca-a110-3e2ec656b979|127.0.0.1:15071]|listeners:[], old=null}
2025-10-17 11:01:22,602 [50dccd39-549f-4f43-8b1f-597bf98f9c16@group-464FE5C38337-LeaderElection20] INFO  impl.LeaderElection (LeaderElection.java:logAndReturn(206)) - 50dccd39-549f-4f43-8b1f-597bf98f9c16@group-464FE5C38337-LeaderElection20: ELECTION PASSED received 1 response(s) and 0 exception(s):
2025-10-17 11:01:22,602 [50dccd39-549f-4f43-8b1f-597bf98f9c16@group-464FE5C38337-LeaderElection20] INFO  impl.LeaderElection (LeaderElection.java:logAndReturn(210)) -   Response 0: 50dccd39-549f-4f43-8b1f-597bf98f9c16<-dbd6f242-9b73-4bca-a110-3e2ec656b979#0:OK-t1-last:<INITIAL_VALUE>
2025-10-17 11:01:22,602 [50dccd39-549f-4f43-8b1f-597bf98f9c16@group-464FE5C38337-LeaderElection20] INFO  impl.LeaderElection (LeaderElection.java:askForVotes(450)) - 50dccd39-549f-4f43-8b1f-597bf98f9c16@group-464FE5C38337-LeaderElection20 ELECTION round 0: result PASSED
2025-10-17 11:01:22,602 [50dccd39-549f-4f43-8b1f-597bf98f9c16@group-464FE5C38337-LeaderElection20] INFO  impl.RoleInfo (RoleInfo.java:shutdownLeaderElection(141)) - 50dccd39-549f-4f43-8b1f-597bf98f9c16: shutdown 50dccd39-549f-4f43-8b1f-597bf98f9c16@group-464FE5C38337-LeaderElection20
2025-10-17 11:01:22,602 [50dccd39-549f-4f43-8b1f-597bf98f9c16@group-464FE5C38337-LeaderElection20] INFO  server.RaftServer$Division (RaftServerImpl.java:setRole(392)) - 50dccd39-549f-4f43-8b1f-597bf98f9c16@group-464FE5C38337: changes role from CANDIDATE to LEADER at term 1 for changeToLeader
2025-10-17 11:01:22,603 [50dccd39-549f-4f43-8b1f-597bf98f9c16@group-464FE5C38337-LeaderElection20] INFO  server.RaftServerConfigKeys (ConfUtils.java:logFallback(69)) - raft.server.staging.timeout = 15600ms (fallback to raft.server.rpc.timeout.max)
2025-10-17 11:01:22,603 [50dccd39-549f-4f43-8b1f-597bf98f9c16@group-464FE5C38337-LeaderElection20] INFO  server.RaftServerConfigKeys (ConfUtils.java:logGet(62)) - raft.server.write.byte-limit = 1024 M (=1073741824) (custom)
2025-10-17 11:01:22,605 [50dccd39-549f-4f43-8b1f-597bf98f9c16@group-464FE5C38337-LeaderElection20] INFO  server.RaftServerConfigKeys (ConfUtils.java:logGet(62)) - raft.server.log.appender.buffer.byte-limit = 33554432 (custom)
2025-10-17 11:01:22,607 [50dccd39-549f-4f43-8b1f-597bf98f9c16@group-464FE5C38337-LeaderElection20] INFO  server.RaftServerConfigKeys (ConfUtils.java:logGet(62)) - raft.server.log.appender.buffer.byte-limit = 33554432 (custom)
2025-10-17 11:01:22,608 [50dccd39-549f-4f43-8b1f-597bf98f9c16@group-464FE5C38337-LeaderElection20] INFO  impl.RoleInfo (RoleInfo.java:updateAndGet(148)) - 50dccd39-549f-4f43-8b1f-597bf98f9c16: start 50dccd39-549f-4f43-8b1f-597bf98f9c16@group-464FE5C38337-LeaderStateImpl
2025-10-17 11:01:22,608 [50dccd39-549f-4f43-8b1f-597bf98f9c16@group-464FE5C38337-LeaderElection20] INFO  server.RaftServer$Division (RaftServerImpl.java:setFirstElection(576)) - 50dccd39-549f-4f43-8b1f-597bf98f9c16@group-464FE5C38337: set firstElectionSinceStartup to false for becomeLeader
2025-10-17 11:01:22,608 [50dccd39-549f-4f43-8b1f-597bf98f9c16@group-464FE5C38337-LeaderElection20] INFO  ratis.XceiverServerRatis (XceiverServerRatis.java:handleLeaderChangedNotification(940)) - Leader change notification received for group: group-464FE5C38337 with new leaderId: 50dccd39-549f-4f43-8b1f-597bf98f9c16
2025-10-17 11:01:22,609 [50dccd39-549f-4f43-8b1f-597bf98f9c16@group-464FE5C38337-LeaderElection20] INFO  server.RaftServer$Division (ServerState.java:setLeader(272)) - 50dccd39-549f-4f43-8b1f-597bf98f9c16@group-464FE5C38337: change Leader from null to 50dccd39-549f-4f43-8b1f-597bf98f9c16 at term 1 for becomeLeader, leader elected after 1171ms
2025-10-17 11:01:22,609 [50dccd39-549f-4f43-8b1f-597bf98f9c16@group-464FE5C38337-LeaderElection20] INFO  segmented.SegmentedRaftLogWorker (SegmentedRaftLogWorker.java:startLogSegment(440)) - 50dccd39-549f-4f43-8b1f-597bf98f9c16@group-464FE5C38337-SegmentedRaftLogWorker: Starting segment from index:0
2025-10-17 11:01:22,609 [50dccd39-549f-4f43-8b1f-597bf98f9c16@group-464FE5C38337-LeaderElection20] INFO  server.RaftServer$Division (ServerState.java:setRaftConf(386)) - 50dccd39-549f-4f43-8b1f-597bf98f9c16@group-464FE5C38337: set configuration conf: {index: 0, cur=peers:[50dccd39-549f-4f43-8b1f-597bf98f9c16|127.0.0.1:15063, ed6e9581-5875-4278-a8db-50829892434b|127.0.0.1:15079, dbd6f242-9b73-4bca-a110-3e2ec656b979|127.0.0.1:15071]|listeners:[], old=null}
2025-10-17 11:01:22,610 | INFO  | SCMAudit | user=runner | ip=127.0.0.1 | op=SEND_HEARTBEAT {"datanodeUUID":"50dccd39-549f-4f43-8b1f-597bf98f9c16","term":"2","command":"[]"} | ret=SUCCESS |  
2025-10-17 11:01:22,610 [50dccd39-549f-4f43-8b1f-597bf98f9c16@group-464FE5C38337-SegmentedRaftLogWorker] INFO  segmented.BufferedWriteChannel (BufferedWriteChannel.java:open(61)) - open log_inprogress_0 at position 0
2025-10-17 11:01:22,612 [EventQueue-PipelineReportForPipelineReportHandler] INFO  pipeline.PipelineReportHandler (PipelineReportHandler.java:processPipelineReport(132)) - Opened pipeline Pipeline-934e2a31-aad3-48ca-83cf-464fe5c38337
2025-10-17 11:01:22,616 [50dccd39-549f-4f43-8b1f-597bf98f9c16@group-464FE5C38337-SegmentedRaftLogWorker] INFO  segmented.SegmentedRaftLogWorker (SegmentedRaftLogWorker.java:execute(647)) - 50dccd39-549f-4f43-8b1f-597bf98f9c16@group-464FE5C38337-SegmentedRaftLogWorker: created new log segment /home/runner/work/ozone/ozone/hadoop-ozone/integration-test/target/test-dir/MiniOzoneClusterImpl-d1ffa5d3-3301-45c3-9f44-1ffa6967d237/ozone-metadata/datanode-7/ratis/934e2a31-aad3-48ca-83cf-464fe5c38337/current/log_inprogress_0
2025-10-17 11:01:22,619 [om1-OMStateMachineApplyTransactionThread - 0] INFO  bucket.OMBucketCreateRequest (OMBucketCreateRequest.java:validateAndUpdateCache(303)) - created bucket: 2ac53ee6-be32-4b98-bfdb-36284b292466 of layout OBJECT_STORE in volume: 9ef34ce4-193b-4f4a-a3fb-bb89b8528da5
2025-10-17 11:01:22,619 | INFO  | OMAudit | user=runner | ip=127.0.0.1 | op=CREATE_BUCKET {"volume":"9ef34ce4-193b-4f4a-a3fb-bb89b8528da5","bucket":"2ac53ee6-be32-4b98-bfdb-36284b292466","bucketLayout":"OBJECT_STORE","gdprEnabled":null,"acls":"[user:runner:a[ACCESS], group:runner:rl[ACCESS]]","isVersionEnabled":"true","storageType":"DISK","creationTime":"1760698882607","bucketEncryptionKey":null,"modificationTime":"1760698882607","usedBytes":"0","usedNamespace":"0","snapshotUsedBytes":"0","snapshotUsedNamespace":"0","owner":"runner","replicationType":null,"replicationConfig":null,"quotaInBytes":"-1","quotaInNamespace":"-1","Transaction":"2"} | ret=SUCCESS |  
2025-10-17 11:01:22,622 [grpc-default-executor-5] INFO  ratis.XceiverServerRatis (XceiverServerRatis.java:handleLeaderChangedNotification(940)) - Leader change notification received for group: group-464FE5C38337 with new leaderId: 50dccd39-549f-4f43-8b1f-597bf98f9c16
2025-10-17 11:01:22,622 [grpc-default-executor-5] INFO  server.RaftServer$Division (ServerState.java:setLeader(272)) - dbd6f242-9b73-4bca-a110-3e2ec656b979@group-464FE5C38337: change Leader from null to 50dccd39-549f-4f43-8b1f-597bf98f9c16 at term 1 for appendEntries, leader elected after 1311ms
2025-10-17 11:01:22,623 [grpc-default-executor-5] INFO  server.RaftServer$Division (ServerState.java:setRaftConf(386)) - dbd6f242-9b73-4bca-a110-3e2ec656b979@group-464FE5C38337: set configuration conf: {index: 0, cur=peers:[50dccd39-549f-4f43-8b1f-597bf98f9c16|127.0.0.1:15063, ed6e9581-5875-4278-a8db-50829892434b|127.0.0.1:15079, dbd6f242-9b73-4bca-a110-3e2ec656b979|127.0.0.1:15071]|listeners:[], old=null}
2025-10-17 11:01:22,623 [grpc-default-executor-5] INFO  segmented.SegmentedRaftLogWorker (SegmentedRaftLogWorker.java:startLogSegment(440)) - dbd6f242-9b73-4bca-a110-3e2ec656b979@group-464FE5C38337-SegmentedRaftLogWorker: Starting segment from index:0
2025-10-17 11:01:22,624 [dbd6f242-9b73-4bca-a110-3e2ec656b979@group-464FE5C38337-SegmentedRaftLogWorker] INFO  segmented.BufferedWriteChannel (BufferedWriteChannel.java:open(61)) - open log_inprogress_0 at position 0
2025-10-17 11:01:22,625 [grpc-default-executor-3] INFO  ratis.XceiverServerRatis (XceiverServerRatis.java:handleLeaderChangedNotification(940)) - Leader change notification received for group: group-464FE5C38337 with new leaderId: 50dccd39-549f-4f43-8b1f-597bf98f9c16
2025-10-17 11:01:22,625 [grpc-default-executor-3] INFO  server.RaftServer$Division (ServerState.java:setLeader(272)) - ed6e9581-5875-4278-a8db-50829892434b@group-464FE5C38337: change Leader from null to 50dccd39-549f-4f43-8b1f-597bf98f9c16 at term 1 for appendEntries, leader elected after 1243ms
2025-10-17 11:01:22,625 [grpc-default-executor-5] INFO  server.RaftServer$Division (ServerState.java:setRaftConf(386)) - ed6e9581-5875-4278-a8db-50829892434b@group-464FE5C38337: set configuration conf: {index: 0, cur=peers:[50dccd39-549f-4f43-8b1f-597bf98f9c16|127.0.0.1:15063, ed6e9581-5875-4278-a8db-50829892434b|127.0.0.1:15079, dbd6f242-9b73-4bca-a110-3e2ec656b979|127.0.0.1:15071]|listeners:[], old=null}
2025-10-17 11:01:22,626 [grpc-default-executor-5] INFO  segmented.SegmentedRaftLogWorker (SegmentedRaftLogWorker.java:startLogSegment(440)) - ed6e9581-5875-4278-a8db-50829892434b@group-464FE5C38337-SegmentedRaftLogWorker: Starting segment from index:0
2025-10-17 11:01:22,628 [ed6e9581-5875-4278-a8db-50829892434b@group-464FE5C38337-SegmentedRaftLogWorker] INFO  segmented.BufferedWriteChannel (BufferedWriteChannel.java:open(61)) - open log_inprogress_0 at position 0
2025-10-17 11:01:22,630 [dbd6f242-9b73-4bca-a110-3e2ec656b979@group-464FE5C38337-SegmentedRaftLogWorker] INFO  segmented.SegmentedRaftLogWorker (SegmentedRaftLogWorker.java:execute(647)) - dbd6f242-9b73-4bca-a110-3e2ec656b979@group-464FE5C38337-SegmentedRaftLogWorker: created new log segment /home/runner/work/ozone/ozone/hadoop-ozone/integration-test/target/test-dir/MiniOzoneClusterImpl-d1ffa5d3-3301-45c3-9f44-1ffa6967d237/ozone-metadata/datanode-8/ratis/934e2a31-aad3-48ca-83cf-464fe5c38337/current/log_inprogress_0
2025-10-17 11:01:22,634 [ed6e9581-5875-4278-a8db-50829892434b@group-464FE5C38337-SegmentedRaftLogWorker] INFO  segmented.SegmentedRaftLogWorker (SegmentedRaftLogWorker.java:execute(647)) - ed6e9581-5875-4278-a8db-50829892434b@group-464FE5C38337-SegmentedRaftLogWorker: created new log segment /home/runner/work/ozone/ozone/hadoop-ozone/integration-test/target/test-dir/MiniOzoneClusterImpl-d1ffa5d3-3301-45c3-9f44-1ffa6967d237/ozone-metadata/datanode-9/ratis/934e2a31-aad3-48ca-83cf-464fe5c38337/current/log_inprogress_0
2025-10-17 11:01:22,635 | INFO  | OMAudit | user=runner | ip=127.0.0.1 | op=READ_BUCKET {"volume":"9ef34ce4-193b-4f4a-a3fb-bb89b8528da5","bucket":"2ac53ee6-be32-4b98-bfdb-36284b292466"} | ret=SUCCESS |  
2025-10-17 11:01:22,637 [50dccd39-549f-4f43-8b1f-597bf98f9c16@group-464FE5C38337-StateMachineUpdater] INFO  server.RaftServer$Division (LeaderStateImpl.java:checkStartIndex(309)) - Leader 50dccd39-549f-4f43-8b1f-597bf98f9c16@group-464FE5C38337-LeaderStateImpl is ready since appliedIndex == startIndex == 0
2025-10-17 11:01:22,646 [2b4cc429-f9c1-416c-9a38-6239a2e149ea@group-5A0E63D108F7-FollowerState] INFO  impl.FollowerState (FollowerState.java:runImpl(161)) - 2b4cc429-f9c1-416c-9a38-6239a2e149ea@group-5A0E63D108F7-FollowerState: change to CANDIDATE, lastRpcElapsedTime:1107336742ns, electionTimeout:1107ms
2025-10-17 11:01:22,646 [2b4cc429-f9c1-416c-9a38-6239a2e149ea@group-5A0E63D108F7-FollowerState] INFO  impl.RoleInfo (RoleInfo.java:shutdownFollowerState(121)) - 2b4cc429-f9c1-416c-9a38-6239a2e149ea: shutdown 2b4cc429-f9c1-416c-9a38-6239a2e149ea@group-5A0E63D108F7-FollowerState
2025-10-17 11:01:22,647 [2b4cc429-f9c1-416c-9a38-6239a2e149ea@group-5A0E63D108F7-FollowerState] INFO  server.RaftServer$Division (RaftServerImpl.java:setRole(392)) - 2b4cc429-f9c1-416c-9a38-6239a2e149ea@group-5A0E63D108F7: changes role from  FOLLOWER to CANDIDATE at term 0 for changeToCandidate
2025-10-17 11:01:22,647 [2b4cc429-f9c1-416c-9a38-6239a2e149ea@group-5A0E63D108F7-FollowerState] INFO  impl.RoleInfo (RoleInfo.java:updateAndGet(148)) - 2b4cc429-f9c1-416c-9a38-6239a2e149ea: start 2b4cc429-f9c1-416c-9a38-6239a2e149ea@group-5A0E63D108F7-LeaderElection21
2025-10-17 11:01:22,648 [2b4cc429-f9c1-416c-9a38-6239a2e149ea@group-5A0E63D108F7-LeaderElection21] INFO  impl.LeaderElection (LeaderElection.java:askForVotes(448)) - 2b4cc429-f9c1-416c-9a38-6239a2e149ea@group-5A0E63D108F7-LeaderElection21 PRE_VOTE round 0: submit vote requests at term 0 for conf: {index: -1, cur=peers:[2b4cc429-f9c1-416c-9a38-6239a2e149ea|127.0.0.1:15055]|listeners:[], old=null}
2025-10-17 11:01:22,648 [2b4cc429-f9c1-416c-9a38-6239a2e149ea@group-5A0E63D108F7-LeaderElection21] INFO  impl.LeaderElection (LeaderElection.java:askForVotes(450)) - 2b4cc429-f9c1-416c-9a38-6239a2e149ea@group-5A0E63D108F7-LeaderElection21 PRE_VOTE round 0: result PASSED (term=0)
2025-10-17 11:01:22,649 [2b4cc429-f9c1-416c-9a38-6239a2e149ea@group-5A0E63D108F7-LeaderElection21] INFO  impl.LeaderElection (LeaderElection.java:askForVotes(448)) - 2b4cc429-f9c1-416c-9a38-6239a2e149ea@group-5A0E63D108F7-LeaderElection21 ELECTION round 0: submit vote requests at term 1 for conf: {index: -1, cur=peers:[2b4cc429-f9c1-416c-9a38-6239a2e149ea|127.0.0.1:15055]|listeners:[], old=null}
2025-10-17 11:01:22,650 [2b4cc429-f9c1-416c-9a38-6239a2e149ea@group-5A0E63D108F7-LeaderElection21] INFO  impl.LeaderElection (LeaderElection.java:askForVotes(450)) - 2b4cc429-f9c1-416c-9a38-6239a2e149ea@group-5A0E63D108F7-LeaderElection21 ELECTION round 0: result PASSED (term=1)
2025-10-17 11:01:22,650 [2b4cc429-f9c1-416c-9a38-6239a2e149ea@group-5A0E63D108F7-LeaderElection21] INFO  impl.RoleInfo (RoleInfo.java:shutdownLeaderElection(141)) - 2b4cc429-f9c1-416c-9a38-6239a2e149ea: shutdown 2b4cc429-f9c1-416c-9a38-6239a2e149ea@group-5A0E63D108F7-LeaderElection21
2025-10-17 11:01:22,650 [2b4cc429-f9c1-416c-9a38-6239a2e149ea@group-5A0E63D108F7-LeaderElection21] INFO  server.RaftServer$Division (RaftServerImpl.java:setRole(392)) - 2b4cc429-f9c1-416c-9a38-6239a2e149ea@group-5A0E63D108F7: changes role from CANDIDATE to LEADER at term 1 for changeToLeader
2025-10-17 11:01:22,651 [2b4cc429-f9c1-416c-9a38-6239a2e149ea@group-5A0E63D108F7-LeaderElection21] INFO  server.RaftServerConfigKeys (ConfUtils.java:logFallback(69)) - raft.server.staging.timeout = 15600ms (fallback to raft.server.rpc.timeout.max)
2025-10-17 11:01:22,651 [2b4cc429-f9c1-416c-9a38-6239a2e149ea@group-5A0E63D108F7-LeaderElection21] INFO  server.RaftServerConfigKeys (ConfUtils.java:logGet(62)) - raft.server.write.byte-limit = 1024 M (=1073741824) (custom)
2025-10-17 11:01:22,652 [2b4cc429-f9c1-416c-9a38-6239a2e149ea@group-5A0E63D108F7-LeaderElection21] INFO  impl.RoleInfo (RoleInfo.java:updateAndGet(148)) - 2b4cc429-f9c1-416c-9a38-6239a2e149ea: start 2b4cc429-f9c1-416c-9a38-6239a2e149ea@group-5A0E63D108F7-LeaderStateImpl
2025-10-17 11:01:22,652 [2b4cc429-f9c1-416c-9a38-6239a2e149ea@group-5A0E63D108F7-LeaderElection21] INFO  server.RaftServer$Division (RaftServerImpl.java:setFirstElection(576)) - 2b4cc429-f9c1-416c-9a38-6239a2e149ea@group-5A0E63D108F7: set firstElectionSinceStartup to false for becomeLeader
2025-10-17 11:01:22,652 [2b4cc429-f9c1-416c-9a38-6239a2e149ea@group-5A0E63D108F7-LeaderElection21] INFO  ratis.XceiverServerRatis (XceiverServerRatis.java:handleLeaderChangedNotification(940)) - Leader change notification received for group: group-5A0E63D108F7 with new leaderId: 2b4cc429-f9c1-416c-9a38-6239a2e149ea
2025-10-17 11:01:22,652 [2b4cc429-f9c1-416c-9a38-6239a2e149ea@group-5A0E63D108F7-LeaderElection21] INFO  server.RaftServer$Division (ServerState.java:setLeader(272)) - 2b4cc429-f9c1-416c-9a38-6239a2e149ea@group-5A0E63D108F7: change Leader from null to 2b4cc429-f9c1-416c-9a38-6239a2e149ea at term 1 for becomeLeader, leader elected after 1131ms
2025-10-17 11:01:22,652 [2b4cc429-f9c1-416c-9a38-6239a2e149ea@group-5A0E63D108F7-LeaderElection21] INFO  segmented.SegmentedRaftLogWorker (SegmentedRaftLogWorker.java:startLogSegment(440)) - 2b4cc429-f9c1-416c-9a38-6239a2e149ea@group-5A0E63D108F7-SegmentedRaftLogWorker: Starting segment from index:0
2025-10-17 11:01:22,652 [2b4cc429-f9c1-416c-9a38-6239a2e149ea@group-5A0E63D108F7-LeaderElection21] INFO  server.RaftServer$Division (ServerState.java:setRaftConf(386)) - 2b4cc429-f9c1-416c-9a38-6239a2e149ea@group-5A0E63D108F7: set configuration conf: {index: 0, cur=peers:[2b4cc429-f9c1-416c-9a38-6239a2e149ea|127.0.0.1:15055]|listeners:[], old=null}
2025-10-17 11:01:22,653 [2b4cc429-f9c1-416c-9a38-6239a2e149ea@group-5A0E63D108F7-SegmentedRaftLogWorker] INFO  segmented.BufferedWriteChannel (BufferedWriteChannel.java:open(61)) - open log_inprogress_0 at position 0
2025-10-17 11:01:22,656 | INFO  | SCMAudit | user=runner | ip=127.0.0.1 | op=SEND_HEARTBEAT {"datanodeUUID":"2b4cc429-f9c1-416c-9a38-6239a2e149ea","term":"2","command":"[]"} | ret=SUCCESS |  
2025-10-17 11:01:22,657 [2b4cc429-f9c1-416c-9a38-6239a2e149ea@group-5A0E63D108F7-SegmentedRaftLogWorker] INFO  segmented.SegmentedRaftLogWorker (SegmentedRaftLogWorker.java:execute(647)) - 2b4cc429-f9c1-416c-9a38-6239a2e149ea@group-5A0E63D108F7-SegmentedRaftLogWorker: created new log segment /home/runner/work/ozone/ozone/hadoop-ozone/integration-test/target/test-dir/MiniOzoneClusterImpl-d1ffa5d3-3301-45c3-9f44-1ffa6967d237/ozone-metadata/datanode-6/ratis/5f4e9118-c366-43aa-be7d-5a0e63d108f7/current/log_inprogress_0
2025-10-17 11:01:22,659 [2b4cc429-f9c1-416c-9a38-6239a2e149ea@group-5A0E63D108F7-StateMachineUpdater] INFO  server.RaftServer$Division (LeaderStateImpl.java:checkStartIndex(309)) - Leader 2b4cc429-f9c1-416c-9a38-6239a2e149ea@group-5A0E63D108F7-LeaderStateImpl is ready since appliedIndex == startIndex == 0
2025-10-17 11:01:22,670 | INFO  | OMAudit | user=runner | ip=127.0.0.1 | op=READ_BUCKET {"volume":"9ef34ce4-193b-4f4a-a3fb-bb89b8528da5","bucket":"2ac53ee6-be32-4b98-bfdb-36284b292466"} | ret=SUCCESS |  
2025-10-17 11:01:22,687 [IPC Server handler 1 on default port 15001] INFO  ha.SequenceIdGenerator (SequenceIdGenerator.java:getNextId(135)) - Allocate a batch for containerId, change lastId from 0 to 1000.
2025-10-17 11:01:22,695 [069dddce-46ee-48e8-8453-914416002559@group-1FFA6967D237-StateMachineUpdater] WARN  ha.SequenceIdGenerator (SequenceIdGenerator.java:allocateBatch(248)) - Failed to allocate a batch for localId, expected lastId is 0, actual lastId is 115816896921600000.
2025-10-17 11:01:22,696 [IPC Server handler 1 on default port 15001] INFO  ha.SequenceIdGenerator (SequenceIdGenerator.java:getNextId(135)) - Allocate a batch for localId, change lastId from 115816896921600000 to 115816896921601000.
2025-10-17 11:01:22,698 | INFO  | SCMAudit | user=runner | ip=127.0.0.1 | op=ALLOCATE_BLOCK {"replication":"RATIS/ONE","owner":"omServiceIdDefault","size":"4194304","sampleBlocks":"[conID: 1 locID: 115816896921600001]","num":"1","client":"","allocated":"1"} | ret=SUCCESS |  
2025-10-17 11:01:22,711 | INFO  | SCMAudit | user=runner | ip=127.0.0.1 | op=SEND_HEARTBEAT {"datanodeUUID":"99c47355-c013-4450-a734-aff6d3c99677","term":"2","command":"[]"} | ret=SUCCESS |  
2025-10-17 11:01:22,736 | INFO  | OMAudit | user=runner | ip=127.0.0.1 | op=ALLOCATE_KEY {"volume":"9ef34ce4-193b-4f4a-a3fb-bb89b8528da5","bucket":"2ac53ee6-be32-4b98-bfdb-36284b292466","key":"5cefd221-82e3-4d2d-96f6-eda9ff9f1e21","dataSize":"12","replicationType":"RATIS","replicationFactor":"ONE","Transaction":"3"} | ret=SUCCESS |  
2025-10-17 11:01:22,783 [7995ae7b-77ec-4e72-809d-814459f62ee0@group-5C170CCB5E2D-FollowerState] INFO  impl.FollowerState (FollowerState.java:runImpl(161)) - 7995ae7b-77ec-4e72-809d-814459f62ee0@group-5C170CCB5E2D-FollowerState: change to CANDIDATE, lastRpcElapsedTime:1088500559ns, electionTimeout:1088ms
2025-10-17 11:01:22,783 [7995ae7b-77ec-4e72-809d-814459f62ee0@group-5C170CCB5E2D-FollowerState] INFO  impl.RoleInfo (RoleInfo.java:shutdownFollowerState(121)) - 7995ae7b-77ec-4e72-809d-814459f62ee0: shutdown 7995ae7b-77ec-4e72-809d-814459f62ee0@group-5C170CCB5E2D-FollowerState
2025-10-17 11:01:22,783 [7995ae7b-77ec-4e72-809d-814459f62ee0@group-5C170CCB5E2D-FollowerState] INFO  server.RaftServer$Division (RaftServerImpl.java:setRole(392)) - 7995ae7b-77ec-4e72-809d-814459f62ee0@group-5C170CCB5E2D: changes role from  FOLLOWER to CANDIDATE at term 0 for changeToCandidate
2025-10-17 11:01:22,783 [7995ae7b-77ec-4e72-809d-814459f62ee0@group-5C170CCB5E2D-FollowerState] INFO  impl.RoleInfo (RoleInfo.java:updateAndGet(148)) - 7995ae7b-77ec-4e72-809d-814459f62ee0: start 7995ae7b-77ec-4e72-809d-814459f62ee0@group-5C170CCB5E2D-LeaderElection22
2025-10-17 11:01:22,784 [7995ae7b-77ec-4e72-809d-814459f62ee0@group-5C170CCB5E2D-LeaderElection22] INFO  impl.LeaderElection (LeaderElection.java:askForVotes(448)) - 7995ae7b-77ec-4e72-809d-814459f62ee0@group-5C170CCB5E2D-LeaderElection22 PRE_VOTE round 0: submit vote requests at term 0 for conf: {index: -1, cur=peers:[3a11eef6-a527-493c-8ba3-ae39ecaefa56|127.0.0.1:15103, 28c08cd4-c049-4c66-8210-e254cf68b291|127.0.0.1:15087, 7995ae7b-77ec-4e72-809d-814459f62ee0|127.0.0.1:15095]|listeners:[], old=null}
2025-10-17 11:01:22,784 [7995ae7b-77ec-4e72-809d-814459f62ee0@group-5C170CCB5E2D-LeaderElection22-1] INFO  server.GrpcServerProtocolClient (GrpcServerProtocolClient.java:<init>(65)) - Build channel for 3a11eef6-a527-493c-8ba3-ae39ecaefa56|127.0.0.1:15103
2025-10-17 11:01:22,784 [7995ae7b-77ec-4e72-809d-814459f62ee0@group-5C170CCB5E2D-LeaderElection22-2] INFO  server.GrpcServerProtocolClient (GrpcServerProtocolClient.java:<init>(65)) - Build channel for 28c08cd4-c049-4c66-8210-e254cf68b291|127.0.0.1:15087
2025-10-17 11:01:22,789 [grpc-default-executor-2] INFO  server.RaftServer$Division (RaftServerImpl.java:requestVote(1421)) - 3a11eef6-a527-493c-8ba3-ae39ecaefa56@group-5C170CCB5E2D: receive requestVote(PRE_VOTE, 7995ae7b-77ec-4e72-809d-814459f62ee0, group-5C170CCB5E2D, 0, <PROTO_DEFAULT>)
2025-10-17 11:01:22,789 [grpc-default-executor-3] INFO  server.RaftServer$Division (RaftServerImpl.java:requestVote(1421)) - 28c08cd4-c049-4c66-8210-e254cf68b291@group-5C170CCB5E2D: receive requestVote(PRE_VOTE, 7995ae7b-77ec-4e72-809d-814459f62ee0, group-5C170CCB5E2D, 0, <PROTO_DEFAULT>)
2025-10-17 11:01:22,789 [grpc-default-executor-3] INFO  impl.VoteContext (VoteContext.java:log(49)) - 28c08cd4-c049-4c66-8210-e254cf68b291@group-5C170CCB5E2D-FOLLOWER: reject PRE_VOTE from 7995ae7b-77ec-4e72-809d-814459f62ee0: our priority 1 > candidate's priority 0
2025-10-17 11:01:22,790 [grpc-default-executor-3] INFO  server.RaftServer$Division (RaftServerImpl.java:requestVote(1455)) - 28c08cd4-c049-4c66-8210-e254cf68b291@group-5C170CCB5E2D replies to PRE_VOTE vote request: 7995ae7b-77ec-4e72-809d-814459f62ee0<-28c08cd4-c049-4c66-8210-e254cf68b291#0:FAIL-t0-last:<INITIAL_VALUE>. Peer's state: 28c08cd4-c049-4c66-8210-e254cf68b291@group-5C170CCB5E2D:t0, leader=null, voted=, raftlog=Memoized:28c08cd4-c049-4c66-8210-e254cf68b291@group-5C170CCB5E2D-SegmentedRaftLog:OPENED:c-1:lastnull, conf=conf: {index: -1, cur=peers:[3a11eef6-a527-493c-8ba3-ae39ecaefa56|127.0.0.1:15103, 28c08cd4-c049-4c66-8210-e254cf68b291|127.0.0.1:15087, 7995ae7b-77ec-4e72-809d-814459f62ee0|127.0.0.1:15095]|listeners:[], old=null}
2025-10-17 11:01:22,790 [grpc-default-executor-2] INFO  impl.VoteContext (VoteContext.java:log(49)) - 3a11eef6-a527-493c-8ba3-ae39ecaefa56@group-5C170CCB5E2D-FOLLOWER: accept PRE_VOTE from 7995ae7b-77ec-4e72-809d-814459f62ee0: our priority 0 <= candidate's priority 0
2025-10-17 11:01:22,790 [grpc-default-executor-2] INFO  server.RaftServer$Division (RaftServerImpl.java:requestVote(1455)) - 3a11eef6-a527-493c-8ba3-ae39ecaefa56@group-5C170CCB5E2D replies to PRE_VOTE vote request: 7995ae7b-77ec-4e72-809d-814459f62ee0<-3a11eef6-a527-493c-8ba3-ae39ecaefa56#0:OK-t0-last:<INITIAL_VALUE>. Peer's state: 3a11eef6-a527-493c-8ba3-ae39ecaefa56@group-5C170CCB5E2D:t0, leader=null, voted=, raftlog=Memoized:3a11eef6-a527-493c-8ba3-ae39ecaefa56@group-5C170CCB5E2D-SegmentedRaftLog:OPENED:c-1:lastnull, conf=conf: {index: -1, cur=peers:[3a11eef6-a527-493c-8ba3-ae39ecaefa56|127.0.0.1:15103, 28c08cd4-c049-4c66-8210-e254cf68b291|127.0.0.1:15087, 7995ae7b-77ec-4e72-809d-814459f62ee0|127.0.0.1:15095]|listeners:[], old=null}
2025-10-17 11:01:22,792 | INFO  | SCMAudit | user=runner | ip=127.0.0.1 | op=SEND_HEARTBEAT {"datanodeUUID":"7995ae7b-77ec-4e72-809d-814459f62ee0","term":"2","command":"[]"} | ret=SUCCESS |  
2025-10-17 11:01:22,793 [7995ae7b-77ec-4e72-809d-814459f62ee0@group-5C170CCB5E2D-LeaderElection22] INFO  impl.LeaderElection (LeaderElection.java:logAndReturn(206)) - 7995ae7b-77ec-4e72-809d-814459f62ee0@group-5C170CCB5E2D-LeaderElection22: PRE_VOTE REJECTED received 2 response(s) and 0 exception(s):
2025-10-17 11:01:22,793 [7995ae7b-77ec-4e72-809d-814459f62ee0@group-5C170CCB5E2D-LeaderElection22] INFO  impl.LeaderElection (LeaderElection.java:logAndReturn(210)) -   Response 0: 7995ae7b-77ec-4e72-809d-814459f62ee0<-3a11eef6-a527-493c-8ba3-ae39ecaefa56#0:OK-t0-last:<INITIAL_VALUE>
2025-10-17 11:01:22,793 [7995ae7b-77ec-4e72-809d-814459f62ee0@group-5C170CCB5E2D-LeaderElection22] INFO  impl.LeaderElection (LeaderElection.java:logAndReturn(210)) -   Response 1: 7995ae7b-77ec-4e72-809d-814459f62ee0<-28c08cd4-c049-4c66-8210-e254cf68b291#0:FAIL-t0-last:<INITIAL_VALUE>
2025-10-17 11:01:22,794 [7995ae7b-77ec-4e72-809d-814459f62ee0@group-5C170CCB5E2D-LeaderElection22] INFO  impl.LeaderElection (LeaderElection.java:askForVotes(450)) - 7995ae7b-77ec-4e72-809d-814459f62ee0@group-5C170CCB5E2D-LeaderElection22 PRE_VOTE round 0: result REJECTED
2025-10-17 11:01:22,794 [7995ae7b-77ec-4e72-809d-814459f62ee0@group-5C170CCB5E2D-LeaderElection22] INFO  server.RaftServer$Division (RaftServerImpl.java:setRole(392)) - 7995ae7b-77ec-4e72-809d-814459f62ee0@group-5C170CCB5E2D: changes role from CANDIDATE to FOLLOWER at term 0 for REJECTED
2025-10-17 11:01:22,794 [7995ae7b-77ec-4e72-809d-814459f62ee0@group-5C170CCB5E2D-LeaderElection22] INFO  impl.RoleInfo (RoleInfo.java:shutdownLeaderElection(141)) - 7995ae7b-77ec-4e72-809d-814459f62ee0: shutdown 7995ae7b-77ec-4e72-809d-814459f62ee0@group-5C170CCB5E2D-LeaderElection22
2025-10-17 11:01:22,794 [7995ae7b-77ec-4e72-809d-814459f62ee0@group-5C170CCB5E2D-LeaderElection22] INFO  impl.RoleInfo (RoleInfo.java:updateAndGet(148)) - 7995ae7b-77ec-4e72-809d-814459f62ee0: start 7995ae7b-77ec-4e72-809d-814459f62ee0@group-5C170CCB5E2D-FollowerState
2025-10-17 11:01:22,795 [7995ae7b-77ec-4e72-809d-814459f62ee0@group-5C170CCB5E2D-LeaderElection22] INFO  server.RaftServer$Division (RaftServerImpl.java:setFirstElection(576)) - 7995ae7b-77ec-4e72-809d-814459f62ee0@group-5C170CCB5E2D: set firstElectionSinceStartup to false for REJECTED
2025-10-17 11:01:22,798 [28c08cd4-c049-4c66-8210-e254cf68b291@group-5C170CCB5E2D-FollowerState] INFO  impl.FollowerState (FollowerState.java:runImpl(161)) - 28c08cd4-c049-4c66-8210-e254cf68b291@group-5C170CCB5E2D-FollowerState: change to CANDIDATE, lastRpcElapsedTime:1028445681ns, electionTimeout:1028ms
2025-10-17 11:01:22,798 [28c08cd4-c049-4c66-8210-e254cf68b291@group-5C170CCB5E2D-FollowerState] INFO  impl.RoleInfo (RoleInfo.java:shutdownFollowerState(121)) - 28c08cd4-c049-4c66-8210-e254cf68b291: shutdown 28c08cd4-c049-4c66-8210-e254cf68b291@group-5C170CCB5E2D-FollowerState
2025-10-17 11:01:22,798 [28c08cd4-c049-4c66-8210-e254cf68b291@group-5C170CCB5E2D-FollowerState] INFO  server.RaftServer$Division (RaftServerImpl.java:setRole(392)) - 28c08cd4-c049-4c66-8210-e254cf68b291@group-5C170CCB5E2D: changes role from  FOLLOWER to CANDIDATE at term 0 for changeToCandidate
2025-10-17 11:01:22,798 [28c08cd4-c049-4c66-8210-e254cf68b291@group-5C170CCB5E2D-FollowerState] INFO  impl.RoleInfo (RoleInfo.java:updateAndGet(148)) - 28c08cd4-c049-4c66-8210-e254cf68b291: start 28c08cd4-c049-4c66-8210-e254cf68b291@group-5C170CCB5E2D-LeaderElection23
2025-10-17 11:01:22,799 [28c08cd4-c049-4c66-8210-e254cf68b291@group-5C170CCB5E2D-LeaderElection23] INFO  impl.LeaderElection (LeaderElection.java:askForVotes(448)) - 28c08cd4-c049-4c66-8210-e254cf68b291@group-5C170CCB5E2D-LeaderElection23 PRE_VOTE round 0: submit vote requests at term 0 for conf: {index: -1, cur=peers:[3a11eef6-a527-493c-8ba3-ae39ecaefa56|127.0.0.1:15103, 28c08cd4-c049-4c66-8210-e254cf68b291|127.0.0.1:15087, 7995ae7b-77ec-4e72-809d-814459f62ee0|127.0.0.1:15095]|listeners:[], old=null}
2025-10-17 11:01:22,799 [28c08cd4-c049-4c66-8210-e254cf68b291@group-5C170CCB5E2D-LeaderElection23-1] INFO  server.GrpcServerProtocolClient (GrpcServerProtocolClient.java:<init>(65)) - Build channel for 3a11eef6-a527-493c-8ba3-ae39ecaefa56|127.0.0.1:15103
2025-10-17 11:01:22,799 [28c08cd4-c049-4c66-8210-e254cf68b291@group-5C170CCB5E2D-LeaderElection23-2] INFO  server.GrpcServerProtocolClient (GrpcServerProtocolClient.java:<init>(65)) - Build channel for 7995ae7b-77ec-4e72-809d-814459f62ee0|127.0.0.1:15095
2025-10-17 11:01:22,803 [grpc-default-executor-2] INFO  server.RaftServer$Division (RaftServerImpl.java:requestVote(1421)) - 3a11eef6-a527-493c-8ba3-ae39ecaefa56@group-5C170CCB5E2D: receive requestVote(PRE_VOTE, 28c08cd4-c049-4c66-8210-e254cf68b291, group-5C170CCB5E2D, 0, <PROTO_DEFAULT>)
2025-10-17 11:01:22,803 [grpc-default-executor-2] INFO  impl.VoteContext (VoteContext.java:log(49)) - 3a11eef6-a527-493c-8ba3-ae39ecaefa56@group-5C170CCB5E2D-FOLLOWER: accept PRE_VOTE from 28c08cd4-c049-4c66-8210-e254cf68b291: our priority 0 <= candidate's priority 1
2025-10-17 11:01:22,803 [grpc-default-executor-2] INFO  server.RaftServer$Division (RaftServerImpl.java:requestVote(1455)) - 3a11eef6-a527-493c-8ba3-ae39ecaefa56@group-5C170CCB5E2D replies to PRE_VOTE vote request: 28c08cd4-c049-4c66-8210-e254cf68b291<-3a11eef6-a527-493c-8ba3-ae39ecaefa56#0:OK-t0-last:<INITIAL_VALUE>. Peer's state: 3a11eef6-a527-493c-8ba3-ae39ecaefa56@group-5C170CCB5E2D:t0, leader=null, voted=, raftlog=Memoized:3a11eef6-a527-493c-8ba3-ae39ecaefa56@group-5C170CCB5E2D-SegmentedRaftLog:OPENED:c-1:lastnull, conf=conf: {index: -1, cur=peers:[3a11eef6-a527-493c-8ba3-ae39ecaefa56|127.0.0.1:15103, 28c08cd4-c049-4c66-8210-e254cf68b291|127.0.0.1:15087, 7995ae7b-77ec-4e72-809d-814459f62ee0|127.0.0.1:15095]|listeners:[], old=null}
2025-10-17 11:01:22,805 [grpc-default-executor-2] INFO  server.RaftServer$Division (RaftServerImpl.java:requestVote(1421)) - 7995ae7b-77ec-4e72-809d-814459f62ee0@group-5C170CCB5E2D: receive requestVote(PRE_VOTE, 28c08cd4-c049-4c66-8210-e254cf68b291, group-5C170CCB5E2D, 0, <PROTO_DEFAULT>)
2025-10-17 11:01:22,805 [grpc-default-executor-2] INFO  impl.VoteContext (VoteContext.java:log(49)) - 7995ae7b-77ec-4e72-809d-814459f62ee0@group-5C170CCB5E2D-FOLLOWER: accept PRE_VOTE from 28c08cd4-c049-4c66-8210-e254cf68b291: our priority 0 <= candidate's priority 1
2025-10-17 11:01:22,806 [grpc-default-executor-2] INFO  server.RaftServer$Division (RaftServerImpl.java:requestVote(1455)) - 7995ae7b-77ec-4e72-809d-814459f62ee0@group-5C170CCB5E2D replies to PRE_VOTE vote request: 28c08cd4-c049-4c66-8210-e254cf68b291<-7995ae7b-77ec-4e72-809d-814459f62ee0#0:OK-t0-last:<INITIAL_VALUE>. Peer's state: 7995ae7b-77ec-4e72-809d-814459f62ee0@group-5C170CCB5E2D:t0, leader=null, voted=, raftlog=Memoized:7995ae7b-77ec-4e72-809d-814459f62ee0@group-5C170CCB5E2D-SegmentedRaftLog:OPENED:c-1:lastnull, conf=conf: {index: -1, cur=peers:[3a11eef6-a527-493c-8ba3-ae39ecaefa56|127.0.0.1:15103, 28c08cd4-c049-4c66-8210-e254cf68b291|127.0.0.1:15087, 7995ae7b-77ec-4e72-809d-814459f62ee0|127.0.0.1:15095]|listeners:[], old=null}
2025-10-17 11:01:22,807 [28c08cd4-c049-4c66-8210-e254cf68b291@group-5C170CCB5E2D-LeaderElection23] INFO  impl.LeaderElection (LeaderElection.java:logAndReturn(206)) - 28c08cd4-c049-4c66-8210-e254cf68b291@group-5C170CCB5E2D-LeaderElection23: PRE_VOTE PASSED received 1 response(s) and 0 exception(s):
2025-10-17 11:01:22,808 [28c08cd4-c049-4c66-8210-e254cf68b291@group-5C170CCB5E2D-LeaderElection23] INFO  impl.LeaderElection (LeaderElection.java:logAndReturn(210)) -   Response 0: 28c08cd4-c049-4c66-8210-e254cf68b291<-3a11eef6-a527-493c-8ba3-ae39ecaefa56#0:OK-t0-last:<INITIAL_VALUE>
2025-10-17 11:01:22,808 [28c08cd4-c049-4c66-8210-e254cf68b291@group-5C170CCB5E2D-LeaderElection23] INFO  impl.LeaderElection (LeaderElection.java:askForVotes(450)) - 28c08cd4-c049-4c66-8210-e254cf68b291@group-5C170CCB5E2D-LeaderElection23 PRE_VOTE round 0: result PASSED
2025-10-17 11:01:22,810 [28c08cd4-c049-4c66-8210-e254cf68b291@group-5C170CCB5E2D-LeaderElection23] INFO  impl.LeaderElection (LeaderElection.java:askForVotes(448)) - 28c08cd4-c049-4c66-8210-e254cf68b291@group-5C170CCB5E2D-LeaderElection23 ELECTION round 0: submit vote requests at term 1 for conf: {index: -1, cur=peers:[3a11eef6-a527-493c-8ba3-ae39ecaefa56|127.0.0.1:15103, 28c08cd4-c049-4c66-8210-e254cf68b291|127.0.0.1:15087, 7995ae7b-77ec-4e72-809d-814459f62ee0|127.0.0.1:15095]|listeners:[], old=null}
2025-10-17 11:01:22,812 [grpc-default-executor-2] INFO  server.RaftServer$Division (RaftServerImpl.java:requestVote(1421)) - 7995ae7b-77ec-4e72-809d-814459f62ee0@group-5C170CCB5E2D: receive requestVote(ELECTION, 28c08cd4-c049-4c66-8210-e254cf68b291, group-5C170CCB5E2D, 1, <PROTO_DEFAULT>)
2025-10-17 11:01:22,813 [grpc-default-executor-2] INFO  impl.VoteContext (VoteContext.java:log(49)) - 7995ae7b-77ec-4e72-809d-814459f62ee0@group-5C170CCB5E2D-FOLLOWER: accept ELECTION from 28c08cd4-c049-4c66-8210-e254cf68b291: our priority 0 <= candidate's priority 1
2025-10-17 11:01:22,813 [grpc-default-executor-2] INFO  server.RaftServer$Division (RaftServerImpl.java:setRole(392)) - 7995ae7b-77ec-4e72-809d-814459f62ee0@group-5C170CCB5E2D: changes role from  FOLLOWER to FOLLOWER at term 0 for candidate:28c08cd4-c049-4c66-8210-e254cf68b291
2025-10-17 11:01:22,813 [grpc-default-executor-2] INFO  impl.RoleInfo (RoleInfo.java:shutdownFollowerState(121)) - 7995ae7b-77ec-4e72-809d-814459f62ee0: shutdown 7995ae7b-77ec-4e72-809d-814459f62ee0@group-5C170CCB5E2D-FollowerState
2025-10-17 11:01:22,813 [grpc-default-executor-2] INFO  impl.RoleInfo (RoleInfo.java:updateAndGet(148)) - 7995ae7b-77ec-4e72-809d-814459f62ee0: start 7995ae7b-77ec-4e72-809d-814459f62ee0@group-5C170CCB5E2D-FollowerState
2025-10-17 11:01:22,813 [7995ae7b-77ec-4e72-809d-814459f62ee0@group-5C170CCB5E2D-FollowerState] INFO  impl.FollowerState (FollowerState.java:runImpl(170)) - 7995ae7b-77ec-4e72-809d-814459f62ee0@group-5C170CCB5E2D-FollowerState was interrupted
2025-10-17 11:01:22,814 [grpc-default-executor-3] INFO  server.RaftServer$Division (RaftServerImpl.java:requestVote(1421)) - 3a11eef6-a527-493c-8ba3-ae39ecaefa56@group-5C170CCB5E2D: receive requestVote(ELECTION, 28c08cd4-c049-4c66-8210-e254cf68b291, group-5C170CCB5E2D, 1, <PROTO_DEFAULT>)
2025-10-17 11:01:22,814 [grpc-default-executor-3] INFO  impl.VoteContext (VoteContext.java:log(49)) - 3a11eef6-a527-493c-8ba3-ae39ecaefa56@group-5C170CCB5E2D-FOLLOWER: accept ELECTION from 28c08cd4-c049-4c66-8210-e254cf68b291: our priority 0 <= candidate's priority 1
2025-10-17 11:01:22,814 [grpc-default-executor-3] INFO  server.RaftServer$Division (RaftServerImpl.java:setRole(392)) - 3a11eef6-a527-493c-8ba3-ae39ecaefa56@group-5C170CCB5E2D: changes role from  FOLLOWER to FOLLOWER at term 0 for candidate:28c08cd4-c049-4c66-8210-e254cf68b291
2025-10-17 11:01:22,814 [grpc-default-executor-3] INFO  impl.RoleInfo (RoleInfo.java:shutdownFollowerState(121)) - 3a11eef6-a527-493c-8ba3-ae39ecaefa56: shutdown 3a11eef6-a527-493c-8ba3-ae39ecaefa56@group-5C170CCB5E2D-FollowerState
2025-10-17 11:01:22,814 [grpc-default-executor-3] INFO  impl.RoleInfo (RoleInfo.java:updateAndGet(148)) - 3a11eef6-a527-493c-8ba3-ae39ecaefa56: start 3a11eef6-a527-493c-8ba3-ae39ecaefa56@group-5C170CCB5E2D-FollowerState
2025-10-17 11:01:22,815 [3a11eef6-a527-493c-8ba3-ae39ecaefa56@group-5C170CCB5E2D-FollowerState] INFO  impl.FollowerState (FollowerState.java:runImpl(170)) - 3a11eef6-a527-493c-8ba3-ae39ecaefa56@group-5C170CCB5E2D-FollowerState was interrupted
2025-10-17 11:01:22,818 [grpc-default-executor-3] INFO  server.RaftServer$Division (RaftServerImpl.java:setFirstElection(576)) - 3a11eef6-a527-493c-8ba3-ae39ecaefa56@group-5C170CCB5E2D: set firstElectionSinceStartup to false for candidate:28c08cd4-c049-4c66-8210-e254cf68b291
2025-10-17 11:01:22,819 [grpc-default-executor-2] INFO  server.RaftServer$Division (RaftServerImpl.java:requestVote(1455)) - 7995ae7b-77ec-4e72-809d-814459f62ee0@group-5C170CCB5E2D replies to ELECTION vote request: 28c08cd4-c049-4c66-8210-e254cf68b291<-7995ae7b-77ec-4e72-809d-814459f62ee0#0:OK-t1-last:<INITIAL_VALUE>. Peer's state: 7995ae7b-77ec-4e72-809d-814459f62ee0@group-5C170CCB5E2D:t1, leader=null, voted=28c08cd4-c049-4c66-8210-e254cf68b291, raftlog=Memoized:7995ae7b-77ec-4e72-809d-814459f62ee0@group-5C170CCB5E2D-SegmentedRaftLog:OPENED:c-1:lastnull, conf=conf: {index: -1, cur=peers:[3a11eef6-a527-493c-8ba3-ae39ecaefa56|127.0.0.1:15103, 28c08cd4-c049-4c66-8210-e254cf68b291|127.0.0.1:15087, 7995ae7b-77ec-4e72-809d-814459f62ee0|127.0.0.1:15095]|listeners:[], old=null}
2025-10-17 11:01:22,819 [grpc-default-executor-3] INFO  server.RaftServer$Division (RaftServerImpl.java:requestVote(1455)) - 3a11eef6-a527-493c-8ba3-ae39ecaefa56@group-5C170CCB5E2D replies to ELECTION vote request: 28c08cd4-c049-4c66-8210-e254cf68b291<-3a11eef6-a527-493c-8ba3-ae39ecaefa56#0:OK-t1-last:<INITIAL_VALUE>. Peer's state: 3a11eef6-a527-493c-8ba3-ae39ecaefa56@group-5C170CCB5E2D:t1, leader=null, voted=28c08cd4-c049-4c66-8210-e254cf68b291, raftlog=Memoized:3a11eef6-a527-493c-8ba3-ae39ecaefa56@group-5C170CCB5E2D-SegmentedRaftLog:OPENED:c-1:lastnull, conf=conf: {index: -1, cur=peers:[3a11eef6-a527-493c-8ba3-ae39ecaefa56|127.0.0.1:15103, 28c08cd4-c049-4c66-8210-e254cf68b291|127.0.0.1:15087, 7995ae7b-77ec-4e72-809d-814459f62ee0|127.0.0.1:15095]|listeners:[], old=null}
2025-10-17 11:01:22,822 [28c08cd4-c049-4c66-8210-e254cf68b291@group-5C170CCB5E2D-LeaderElection23] INFO  impl.LeaderElection (LeaderElection.java:logAndReturn(206)) - 28c08cd4-c049-4c66-8210-e254cf68b291@group-5C170CCB5E2D-LeaderElection23: ELECTION PASSED received 1 response(s) and 0 exception(s):
2025-10-17 11:01:22,822 [28c08cd4-c049-4c66-8210-e254cf68b291@group-5C170CCB5E2D-LeaderElection23] INFO  impl.LeaderElection (LeaderElection.java:logAndReturn(210)) -   Response 0: 28c08cd4-c049-4c66-8210-e254cf68b291<-7995ae7b-77ec-4e72-809d-814459f62ee0#0:OK-t1-last:<INITIAL_VALUE>
2025-10-17 11:01:22,822 [28c08cd4-c049-4c66-8210-e254cf68b291@group-5C170CCB5E2D-LeaderElection23] INFO  impl.LeaderElection (LeaderElection.java:askForVotes(450)) - 28c08cd4-c049-4c66-8210-e254cf68b291@group-5C170CCB5E2D-LeaderElection23 ELECTION round 0: result PASSED
2025-10-17 11:01:22,823 [28c08cd4-c049-4c66-8210-e254cf68b291@group-5C170CCB5E2D-LeaderElection23] INFO  impl.RoleInfo (RoleInfo.java:shutdownLeaderElection(141)) - 28c08cd4-c049-4c66-8210-e254cf68b291: shutdown 28c08cd4-c049-4c66-8210-e254cf68b291@group-5C170CCB5E2D-LeaderElection23
2025-10-17 11:01:22,823 [28c08cd4-c049-4c66-8210-e254cf68b291@group-5C170CCB5E2D-LeaderElection23] INFO  server.RaftServer$Division (RaftServerImpl.java:setRole(392)) - 28c08cd4-c049-4c66-8210-e254cf68b291@group-5C170CCB5E2D: changes role from CANDIDATE to LEADER at term 1 for changeToLeader
2025-10-17 11:01:22,823 [28c08cd4-c049-4c66-8210-e254cf68b291@group-5C170CCB5E2D-LeaderElection23] INFO  server.RaftServerConfigKeys (ConfUtils.java:logFallback(69)) - raft.server.staging.timeout = 15600ms (fallback to raft.server.rpc.timeout.max)
2025-10-17 11:01:22,823 [28c08cd4-c049-4c66-8210-e254cf68b291@group-5C170CCB5E2D-LeaderElection23] INFO  server.RaftServerConfigKeys (ConfUtils.java:logGet(62)) - raft.server.write.byte-limit = 1024 M (=1073741824) (custom)
2025-10-17 11:01:22,826 [28c08cd4-c049-4c66-8210-e254cf68b291@group-5C170CCB5E2D-LeaderElection23] INFO  server.RaftServerConfigKeys (ConfUtils.java:logGet(62)) - raft.server.log.appender.buffer.byte-limit = 33554432 (custom)
2025-10-17 11:01:22,827 [28c08cd4-c049-4c66-8210-e254cf68b291@group-5C170CCB5E2D-LeaderElection23] INFO  server.RaftServerConfigKeys (ConfUtils.java:logGet(62)) - raft.server.log.appender.buffer.byte-limit = 33554432 (custom)
2025-10-17 11:01:22,828 [28c08cd4-c049-4c66-8210-e254cf68b291@group-5C170CCB5E2D-LeaderElection23] INFO  impl.RoleInfo (RoleInfo.java:updateAndGet(148)) - 28c08cd4-c049-4c66-8210-e254cf68b291: start 28c08cd4-c049-4c66-8210-e254cf68b291@group-5C170CCB5E2D-LeaderStateImpl
2025-10-17 11:01:22,828 [28c08cd4-c049-4c66-8210-e254cf68b291@group-5C170CCB5E2D-LeaderElection23] INFO  server.RaftServer$Division (RaftServerImpl.java:setFirstElection(576)) - 28c08cd4-c049-4c66-8210-e254cf68b291@group-5C170CCB5E2D: set firstElectionSinceStartup to false for becomeLeader
2025-10-17 11:01:22,828 [28c08cd4-c049-4c66-8210-e254cf68b291@group-5C170CCB5E2D-LeaderElection23] INFO  ratis.XceiverServerRatis (XceiverServerRatis.java:handleLeaderChangedNotification(940)) - Leader change notification received for group: group-5C170CCB5E2D with new leaderId: 28c08cd4-c049-4c66-8210-e254cf68b291
2025-10-17 11:01:22,828 [28c08cd4-c049-4c66-8210-e254cf68b291@group-5C170CCB5E2D-LeaderElection23] INFO  server.RaftServer$Division (ServerState.java:setLeader(272)) - 28c08cd4-c049-4c66-8210-e254cf68b291@group-5C170CCB5E2D: change Leader from null to 28c08cd4-c049-4c66-8210-e254cf68b291 at term 1 for becomeLeader, leader elected after 1076ms
2025-10-17 11:01:22,828 [28c08cd4-c049-4c66-8210-e254cf68b291@group-5C170CCB5E2D-LeaderElection23] INFO  segmented.SegmentedRaftLogWorker (SegmentedRaftLogWorker.java:startLogSegment(440)) - 28c08cd4-c049-4c66-8210-e254cf68b291@group-5C170CCB5E2D-SegmentedRaftLogWorker: Starting segment from index:0
2025-10-17 11:01:22,828 [28c08cd4-c049-4c66-8210-e254cf68b291@group-5C170CCB5E2D-LeaderElection23] INFO  server.RaftServer$Division (ServerState.java:setRaftConf(386)) - 28c08cd4-c049-4c66-8210-e254cf68b291@group-5C170CCB5E2D: set configuration conf: {index: 0, cur=peers:[3a11eef6-a527-493c-8ba3-ae39ecaefa56|127.0.0.1:15103, 28c08cd4-c049-4c66-8210-e254cf68b291|127.0.0.1:15087, 7995ae7b-77ec-4e72-809d-814459f62ee0|127.0.0.1:15095]|listeners:[], old=null}
2025-10-17 11:01:22,829 [28c08cd4-c049-4c66-8210-e254cf68b291@group-5C170CCB5E2D-SegmentedRaftLogWorker] INFO  segmented.BufferedWriteChannel (BufferedWriteChannel.java:open(61)) - open log_inprogress_0 at position 0
2025-10-17 11:01:22,831 | INFO  | SCMAudit | user=runner | ip=127.0.0.1 | op=SEND_HEARTBEAT {"datanodeUUID":"28c08cd4-c049-4c66-8210-e254cf68b291","term":"2","command":"[]"} | ret=SUCCESS |  
2025-10-17 11:01:22,835 [EventQueue-PipelineReportForPipelineReportHandler] INFO  pipeline.PipelineReportHandler (PipelineReportHandler.java:processPipelineReport(132)) - Opened pipeline Pipeline-4324291b-b287-433b-ae36-5c170ccb5e2d
2025-10-17 11:01:22,836 [28c08cd4-c049-4c66-8210-e254cf68b291@group-5C170CCB5E2D-SegmentedRaftLogWorker] INFO  segmented.SegmentedRaftLogWorker (SegmentedRaftLogWorker.java:execute(647)) - 28c08cd4-c049-4c66-8210-e254cf68b291@group-5C170CCB5E2D-SegmentedRaftLogWorker: created new log segment /home/runner/work/ozone/ozone/hadoop-ozone/integration-test/target/test-dir/MiniOzoneClusterImpl-d1ffa5d3-3301-45c3-9f44-1ffa6967d237/ozone-metadata/datanode-10/ratis/4324291b-b287-433b-ae36-5c170ccb5e2d/current/log_inprogress_0
2025-10-17 11:01:22,838 [7995ae7b-77ec-4e72-809d-814459f62ee0@group-BE399A50C686-FollowerState] INFO  impl.FollowerState (FollowerState.java:runImpl(161)) - 7995ae7b-77ec-4e72-809d-814459f62ee0@group-BE399A50C686-FollowerState: change to CANDIDATE, lastRpcElapsedTime:1167634696ns, electionTimeout:1164ms
2025-10-17 11:01:22,838 [7995ae7b-77ec-4e72-809d-814459f62ee0@group-BE399A50C686-FollowerState] INFO  impl.RoleInfo (RoleInfo.java:shutdownFollowerState(121)) - 7995ae7b-77ec-4e72-809d-814459f62ee0: shutdown 7995ae7b-77ec-4e72-809d-814459f62ee0@group-BE399A50C686-FollowerState
2025-10-17 11:01:22,838 [7995ae7b-77ec-4e72-809d-814459f62ee0@group-BE399A50C686-FollowerState] INFO  server.RaftServer$Division (RaftServerImpl.java:setRole(392)) - 7995ae7b-77ec-4e72-809d-814459f62ee0@group-BE399A50C686: changes role from  FOLLOWER to CANDIDATE at term 0 for changeToCandidate
2025-10-17 11:01:22,838 [7995ae7b-77ec-4e72-809d-814459f62ee0@group-BE399A50C686-FollowerState] INFO  impl.RoleInfo (RoleInfo.java:updateAndGet(148)) - 7995ae7b-77ec-4e72-809d-814459f62ee0: start 7995ae7b-77ec-4e72-809d-814459f62ee0@group-BE399A50C686-LeaderElection24
2025-10-17 11:01:22,839 [7995ae7b-77ec-4e72-809d-814459f62ee0@group-BE399A50C686-LeaderElection24] INFO  impl.LeaderElection (LeaderElection.java:askForVotes(448)) - 7995ae7b-77ec-4e72-809d-814459f62ee0@group-BE399A50C686-LeaderElection24 PRE_VOTE round 0: submit vote requests at term 0 for conf: {index: -1, cur=peers:[7995ae7b-77ec-4e72-809d-814459f62ee0|127.0.0.1:15095]|listeners:[], old=null}
2025-10-17 11:01:22,840 [7995ae7b-77ec-4e72-809d-814459f62ee0@group-BE399A50C686-LeaderElection24] INFO  impl.LeaderElection (LeaderElection.java:askForVotes(450)) - 7995ae7b-77ec-4e72-809d-814459f62ee0@group-BE399A50C686-LeaderElection24 PRE_VOTE round 0: result PASSED (term=0)
2025-10-17 11:01:22,841 [grpc-default-executor-2] INFO  ratis.XceiverServerRatis (XceiverServerRatis.java:handleLeaderChangedNotification(940)) - Leader change notification received for group: group-5C170CCB5E2D with new leaderId: 28c08cd4-c049-4c66-8210-e254cf68b291
2025-10-17 11:01:22,842 [7995ae7b-77ec-4e72-809d-814459f62ee0@group-BE399A50C686-LeaderElection24] INFO  impl.LeaderElection (LeaderElection.java:askForVotes(448)) - 7995ae7b-77ec-4e72-809d-814459f62ee0@group-BE399A50C686-LeaderElection24 ELECTION round 0: submit vote requests at term 1 for conf: {index: -1, cur=peers:[7995ae7b-77ec-4e72-809d-814459f62ee0|127.0.0.1:15095]|listeners:[], old=null}
2025-10-17 11:01:22,842 [7995ae7b-77ec-4e72-809d-814459f62ee0@group-BE399A50C686-LeaderElection24] INFO  impl.LeaderElection (LeaderElection.java:askForVotes(450)) - 7995ae7b-77ec-4e72-809d-814459f62ee0@group-BE399A50C686-LeaderElection24 ELECTION round 0: result PASSED (term=1)
2025-10-17 11:01:22,842 [7995ae7b-77ec-4e72-809d-814459f62ee0@group-BE399A50C686-LeaderElection24] INFO  impl.RoleInfo (RoleInfo.java:shutdownLeaderElection(141)) - 7995ae7b-77ec-4e72-809d-814459f62ee0: shutdown 7995ae7b-77ec-4e72-809d-814459f62ee0@group-BE399A50C686-LeaderElection24
2025-10-17 11:01:22,842 [7995ae7b-77ec-4e72-809d-814459f62ee0@group-BE399A50C686-LeaderElection24] INFO  server.RaftServer$Division (RaftServerImpl.java:setRole(392)) - 7995ae7b-77ec-4e72-809d-814459f62ee0@group-BE399A50C686: changes role from CANDIDATE to LEADER at term 1 for changeToLeader
2025-10-17 11:01:22,842 [7995ae7b-77ec-4e72-809d-814459f62ee0@group-BE399A50C686-LeaderElection24] INFO  server.RaftServerConfigKeys (ConfUtils.java:logFallback(69)) - raft.server.staging.timeout = 15600ms (fallback to raft.server.rpc.timeout.max)
2025-10-17 11:01:22,842 [7995ae7b-77ec-4e72-809d-814459f62ee0@group-BE399A50C686-LeaderElection24] INFO  server.RaftServerConfigKeys (ConfUtils.java:logGet(62)) - raft.server.write.byte-limit = 1024 M (=1073741824) (custom)
2025-10-17 11:01:22,842 [grpc-default-executor-2] INFO  server.RaftServer$Division (ServerState.java:setLeader(272)) - 7995ae7b-77ec-4e72-809d-814459f62ee0@group-5C170CCB5E2D: change Leader from null to 28c08cd4-c049-4c66-8210-e254cf68b291 at term 1 for appendEntries, leader elected after 1167ms
2025-10-17 11:01:22,843 [grpc-default-executor-3] INFO  ratis.XceiverServerRatis (XceiverServerRatis.java:handleLeaderChangedNotification(940)) - Leader change notification received for group: group-5C170CCB5E2D with new leaderId: 28c08cd4-c049-4c66-8210-e254cf68b291
2025-10-17 11:01:22,846 [grpc-default-executor-3] INFO  server.RaftServer$Division (ServerState.java:setLeader(272)) - 3a11eef6-a527-493c-8ba3-ae39ecaefa56@group-5C170CCB5E2D: change Leader from null to 28c08cd4-c049-4c66-8210-e254cf68b291 at term 1 for appendEntries, leader elected after 1136ms
2025-10-17 11:01:22,847 [grpc-default-executor-4] INFO  server.RaftServer$Division (ServerState.java:setRaftConf(386)) - 3a11eef6-a527-493c-8ba3-ae39ecaefa56@group-5C170CCB5E2D: set configuration conf: {index: 0, cur=peers:[3a11eef6-a527-493c-8ba3-ae39ecaefa56|127.0.0.1:15103, 28c08cd4-c049-4c66-8210-e254cf68b291|127.0.0.1:15087, 7995ae7b-77ec-4e72-809d-814459f62ee0|127.0.0.1:15095]|listeners:[], old=null}
2025-10-17 11:01:22,847 [grpc-default-executor-4] INFO  segmented.SegmentedRaftLogWorker (SegmentedRaftLogWorker.java:startLogSegment(440)) - 3a11eef6-a527-493c-8ba3-ae39ecaefa56@group-5C170CCB5E2D-SegmentedRaftLogWorker: Starting segment from index:0
2025-10-17 11:01:22,847 [grpc-default-executor-5] INFO  server.RaftServer$Division (ServerState.java:setRaftConf(386)) - 7995ae7b-77ec-4e72-809d-814459f62ee0@group-5C170CCB5E2D: set configuration conf: {index: 0, cur=peers:[3a11eef6-a527-493c-8ba3-ae39ecaefa56|127.0.0.1:15103, 28c08cd4-c049-4c66-8210-e254cf68b291|127.0.0.1:15087, 7995ae7b-77ec-4e72-809d-814459f62ee0|127.0.0.1:15095]|listeners:[], old=null}
2025-10-17 11:01:22,847 [grpc-default-executor-5] INFO  segmented.SegmentedRaftLogWorker (SegmentedRaftLogWorker.java:startLogSegment(440)) - 7995ae7b-77ec-4e72-809d-814459f62ee0@group-5C170CCB5E2D-SegmentedRaftLogWorker: Starting segment from index:0
2025-10-17 11:01:22,848 [7995ae7b-77ec-4e72-809d-814459f62ee0@group-5C170CCB5E2D-SegmentedRaftLogWorker] INFO  segmented.BufferedWriteChannel (BufferedWriteChannel.java:open(61)) - open log_inprogress_0 at position 0
2025-10-17 11:01:22,848 [7995ae7b-77ec-4e72-809d-814459f62ee0@group-BE399A50C686-LeaderElection24] INFO  impl.RoleInfo (RoleInfo.java:updateAndGet(148)) - 7995ae7b-77ec-4e72-809d-814459f62ee0: start 7995ae7b-77ec-4e72-809d-814459f62ee0@group-BE399A50C686-LeaderStateImpl
2025-10-17 11:01:22,848 [7995ae7b-77ec-4e72-809d-814459f62ee0@group-BE399A50C686-LeaderElection24] INFO  server.RaftServer$Division (RaftServerImpl.java:setFirstElection(576)) - 7995ae7b-77ec-4e72-809d-814459f62ee0@group-BE399A50C686: set firstElectionSinceStartup to false for becomeLeader
2025-10-17 11:01:22,848 [7995ae7b-77ec-4e72-809d-814459f62ee0@group-BE399A50C686-LeaderElection24] INFO  ratis.XceiverServerRatis (XceiverServerRatis.java:handleLeaderChangedNotification(940)) - Leader change notification received for group: group-BE399A50C686 with new leaderId: 7995ae7b-77ec-4e72-809d-814459f62ee0
2025-10-17 11:01:22,849 [7995ae7b-77ec-4e72-809d-814459f62ee0@group-BE399A50C686-LeaderElection24] INFO  server.RaftServer$Division (ServerState.java:setLeader(272)) - 7995ae7b-77ec-4e72-809d-814459f62ee0@group-BE399A50C686: change Leader from null to 7995ae7b-77ec-4e72-809d-814459f62ee0 at term 1 for becomeLeader, leader elected after 1196ms
2025-10-17 11:01:22,849 [7995ae7b-77ec-4e72-809d-814459f62ee0@group-BE399A50C686-LeaderElection24] INFO  segmented.SegmentedRaftLogWorker (SegmentedRaftLogWorker.java:startLogSegment(440)) - 7995ae7b-77ec-4e72-809d-814459f62ee0@group-BE399A50C686-SegmentedRaftLogWorker: Starting segment from index:0
2025-10-17 11:01:22,849 [7995ae7b-77ec-4e72-809d-814459f62ee0@group-BE399A50C686-LeaderElection24] INFO  server.RaftServer$Division (ServerState.java:setRaftConf(386)) - 7995ae7b-77ec-4e72-809d-814459f62ee0@group-BE399A50C686: set configuration conf: {index: 0, cur=peers:[7995ae7b-77ec-4e72-809d-814459f62ee0|127.0.0.1:15095]|listeners:[], old=null}
2025-10-17 11:01:22,849 [7995ae7b-77ec-4e72-809d-814459f62ee0@group-BE399A50C686-SegmentedRaftLogWorker] INFO  segmented.BufferedWriteChannel (BufferedWriteChannel.java:open(61)) - open log_inprogress_0 at position 0
2025-10-17 11:01:22,850 [3a11eef6-a527-493c-8ba3-ae39ecaefa56@group-5C170CCB5E2D-SegmentedRaftLogWorker] INFO  segmented.BufferedWriteChannel (BufferedWriteChannel.java:open(61)) - open log_inprogress_0 at position 0
2025-10-17 11:01:22,852 | INFO  | SCMAudit | user=runner | ip=127.0.0.1 | op=SEND_HEARTBEAT {"datanodeUUID":"7995ae7b-77ec-4e72-809d-814459f62ee0","term":"2","command":"[]"} | ret=SUCCESS |  
2025-10-17 11:01:22,858 [7995ae7b-77ec-4e72-809d-814459f62ee0@group-5C170CCB5E2D-SegmentedRaftLogWorker] INFO  segmented.SegmentedRaftLogWorker (SegmentedRaftLogWorker.java:execute(647)) - 7995ae7b-77ec-4e72-809d-814459f62ee0@group-5C170CCB5E2D-SegmentedRaftLogWorker: created new log segment /home/runner/work/ozone/ozone/hadoop-ozone/integration-test/target/test-dir/MiniOzoneClusterImpl-d1ffa5d3-3301-45c3-9f44-1ffa6967d237/ozone-metadata/datanode-11/ratis/4324291b-b287-433b-ae36-5c170ccb5e2d/current/log_inprogress_0
2025-10-17 11:01:22,859 | INFO  | SCMAudit | user=runner | ip=127.0.0.1 | op=SEND_HEARTBEAT {"datanodeUUID":"3a11eef6-a527-493c-8ba3-ae39ecaefa56","term":"2","command":"[]"} | ret=SUCCESS |  
2025-10-17 11:01:22,859 [7995ae7b-77ec-4e72-809d-814459f62ee0@group-BE399A50C686-SegmentedRaftLogWorker] INFO  segmented.SegmentedRaftLogWorker (SegmentedRaftLogWorker.java:execute(647)) - 7995ae7b-77ec-4e72-809d-814459f62ee0@group-BE399A50C686-SegmentedRaftLogWorker: created new log segment /home/runner/work/ozone/ozone/hadoop-ozone/integration-test/target/test-dir/MiniOzoneClusterImpl-d1ffa5d3-3301-45c3-9f44-1ffa6967d237/ozone-metadata/datanode-11/ratis/333b9edd-f738-4917-8db9-be399a50c686/current/log_inprogress_0
2025-10-17 11:01:22,860 [3a11eef6-a527-493c-8ba3-ae39ecaefa56@group-5C170CCB5E2D-SegmentedRaftLogWorker] INFO  segmented.SegmentedRaftLogWorker (SegmentedRaftLogWorker.java:execute(647)) - 3a11eef6-a527-493c-8ba3-ae39ecaefa56@group-5C170CCB5E2D-SegmentedRaftLogWorker: created new log segment /home/runner/work/ozone/ozone/hadoop-ozone/integration-test/target/test-dir/MiniOzoneClusterImpl-d1ffa5d3-3301-45c3-9f44-1ffa6967d237/ozone-metadata/datanode-12/ratis/4324291b-b287-433b-ae36-5c170ccb5e2d/current/log_inprogress_0
2025-10-17 11:01:22,861 [7995ae7b-77ec-4e72-809d-814459f62ee0@group-BE399A50C686-StateMachineUpdater] INFO  server.RaftServer$Division (LeaderStateImpl.java:checkStartIndex(309)) - Leader 7995ae7b-77ec-4e72-809d-814459f62ee0@group-BE399A50C686-LeaderStateImpl is ready since appliedIndex == startIndex == 0
2025-10-17 11:01:22,862 [28c08cd4-c049-4c66-8210-e254cf68b291@group-5C170CCB5E2D-StateMachineUpdater] INFO  server.RaftServer$Division (LeaderStateImpl.java:checkStartIndex(309)) - Leader 28c08cd4-c049-4c66-8210-e254cf68b291@group-5C170CCB5E2D-LeaderStateImpl is ready since appliedIndex == startIndex == 0
2025-10-17 11:01:22,881 [50dccd39-549f-4f43-8b1f-597bf98f9c16@group-4629CA486B08-FollowerState] INFO  impl.FollowerState (FollowerState.java:runImpl(161)) - 50dccd39-549f-4f43-8b1f-597bf98f9c16@group-4629CA486B08-FollowerState: change to CANDIDATE, lastRpcElapsedTime:1052483722ns, electionTimeout:1051ms
2025-10-17 11:01:22,881 [50dccd39-549f-4f43-8b1f-597bf98f9c16@group-4629CA486B08-FollowerState] INFO  impl.RoleInfo (RoleInfo.java:shutdownFollowerState(121)) - 50dccd39-549f-4f43-8b1f-597bf98f9c16: shutdown 50dccd39-549f-4f43-8b1f-597bf98f9c16@group-4629CA486B08-FollowerState
2025-10-17 11:01:22,881 [50dccd39-549f-4f43-8b1f-597bf98f9c16@group-4629CA486B08-FollowerState] INFO  server.RaftServer$Division (RaftServerImpl.java:setRole(392)) - 50dccd39-549f-4f43-8b1f-597bf98f9c16@group-4629CA486B08: changes role from  FOLLOWER to CANDIDATE at term 0 for changeToCandidate
2025-10-17 11:01:22,881 [50dccd39-549f-4f43-8b1f-597bf98f9c16@group-4629CA486B08-FollowerState] INFO  impl.RoleInfo (RoleInfo.java:updateAndGet(148)) - 50dccd39-549f-4f43-8b1f-597bf98f9c16: start 50dccd39-549f-4f43-8b1f-597bf98f9c16@group-4629CA486B08-LeaderElection25
2025-10-17 11:01:22,882 [50dccd39-549f-4f43-8b1f-597bf98f9c16@group-4629CA486B08-LeaderElection25] INFO  impl.LeaderElection (LeaderElection.java:askForVotes(448)) - 50dccd39-549f-4f43-8b1f-597bf98f9c16@group-4629CA486B08-LeaderElection25 PRE_VOTE round 0: submit vote requests at term 0 for conf: {index: -1, cur=peers:[50dccd39-549f-4f43-8b1f-597bf98f9c16|127.0.0.1:15063]|listeners:[], old=null}
2025-10-17 11:01:22,882 [50dccd39-549f-4f43-8b1f-597bf98f9c16@group-4629CA486B08-LeaderElection25] INFO  impl.LeaderElection (LeaderElection.java:askForVotes(450)) - 50dccd39-549f-4f43-8b1f-597bf98f9c16@group-4629CA486B08-LeaderElection25 PRE_VOTE round 0: result PASSED (term=0)
2025-10-17 11:01:22,883 [50dccd39-549f-4f43-8b1f-597bf98f9c16@group-4629CA486B08-LeaderElection25] INFO  impl.LeaderElection (LeaderElection.java:askForVotes(448)) - 50dccd39-549f-4f43-8b1f-597bf98f9c16@group-4629CA486B08-LeaderElection25 ELECTION round 0: submit vote requests at term 1 for conf: {index: -1, cur=peers:[50dccd39-549f-4f43-8b1f-597bf98f9c16|127.0.0.1:15063]|listeners:[], old=null}
2025-10-17 11:01:22,883 [50dccd39-549f-4f43-8b1f-597bf98f9c16@group-4629CA486B08-LeaderElection25] INFO  impl.LeaderElection (LeaderElection.java:askForVotes(450)) - 50dccd39-549f-4f43-8b1f-597bf98f9c16@group-4629CA486B08-LeaderElection25 ELECTION round 0: result PASSED (term=1)
2025-10-17 11:01:22,884 [50dccd39-549f-4f43-8b1f-597bf98f9c16@group-4629CA486B08-LeaderElection25] INFO  impl.RoleInfo (RoleInfo.java:shutdownLeaderElection(141)) - 50dccd39-549f-4f43-8b1f-597bf98f9c16: shutdown 50dccd39-549f-4f43-8b1f-597bf98f9c16@group-4629CA486B08-LeaderElection25
2025-10-17 11:01:22,884 [50dccd39-549f-4f43-8b1f-597bf98f9c16@group-4629CA486B08-LeaderElection25] INFO  server.RaftServer$Division (RaftServerImpl.java:setRole(392)) - 50dccd39-549f-4f43-8b1f-597bf98f9c16@group-4629CA486B08: changes role from CANDIDATE to LEADER at term 1 for changeToLeader
2025-10-17 11:01:22,884 [50dccd39-549f-4f43-8b1f-597bf98f9c16@group-4629CA486B08-LeaderElection25] INFO  server.RaftServerConfigKeys (ConfUtils.java:logFallback(69)) - raft.server.staging.timeout = 15600ms (fallback to raft.server.rpc.timeout.max)
2025-10-17 11:01:22,885 [50dccd39-549f-4f43-8b1f-597bf98f9c16@group-4629CA486B08-LeaderElection25] INFO  server.RaftServerConfigKeys (ConfUtils.java:logGet(62)) - raft.server.write.byte-limit = 1024 M (=1073741824) (custom)
2025-10-17 11:01:22,886 [50dccd39-549f-4f43-8b1f-597bf98f9c16@group-4629CA486B08-LeaderElection25] INFO  impl.RoleInfo (RoleInfo.java:updateAndGet(148)) - 50dccd39-549f-4f43-8b1f-597bf98f9c16: start 50dccd39-549f-4f43-8b1f-597bf98f9c16@group-4629CA486B08-LeaderStateImpl
2025-10-17 11:01:22,886 [50dccd39-549f-4f43-8b1f-597bf98f9c16@group-4629CA486B08-LeaderElection25] INFO  server.RaftServer$Division (RaftServerImpl.java:setFirstElection(576)) - 50dccd39-549f-4f43-8b1f-597bf98f9c16@group-4629CA486B08: set firstElectionSinceStartup to false for becomeLeader
2025-10-17 11:01:22,886 [50dccd39-549f-4f43-8b1f-597bf98f9c16@group-4629CA486B08-LeaderElection25] INFO  ratis.XceiverServerRatis (XceiverServerRatis.java:handleLeaderChangedNotification(940)) - Leader change notification received for group: group-4629CA486B08 with new leaderId: 50dccd39-549f-4f43-8b1f-597bf98f9c16
2025-10-17 11:01:22,887 [50dccd39-549f-4f43-8b1f-597bf98f9c16@group-4629CA486B08-LeaderElection25] INFO  server.RaftServer$Division (ServerState.java:setLeader(272)) - 50dccd39-549f-4f43-8b1f-597bf98f9c16@group-4629CA486B08: change Leader from null to 50dccd39-549f-4f43-8b1f-597bf98f9c16 at term 1 for becomeLeader, leader elected after 1092ms
2025-10-17 11:01:22,887 [50dccd39-549f-4f43-8b1f-597bf98f9c16@group-4629CA486B08-LeaderElection25] INFO  segmented.SegmentedRaftLogWorker (SegmentedRaftLogWorker.java:startLogSegment(440)) - 50dccd39-549f-4f43-8b1f-597bf98f9c16@group-4629CA486B08-SegmentedRaftLogWorker: Starting segment from index:0
2025-10-17 11:01:22,887 [50dccd39-549f-4f43-8b1f-597bf98f9c16@group-4629CA486B08-LeaderElection25] INFO  server.RaftServer$Division (ServerState.java:setRaftConf(386)) - 50dccd39-549f-4f43-8b1f-597bf98f9c16@group-4629CA486B08: set configuration conf: {index: 0, cur=peers:[50dccd39-549f-4f43-8b1f-597bf98f9c16|127.0.0.1:15063]|listeners:[], old=null}
2025-10-17 11:01:22,887 [50dccd39-549f-4f43-8b1f-597bf98f9c16@group-4629CA486B08-SegmentedRaftLogWorker] INFO  segmented.BufferedWriteChannel (BufferedWriteChannel.java:open(61)) - open log_inprogress_0 at position 0
2025-10-17 11:01:22,888 | INFO  | SCMAudit | user=runner | ip=127.0.0.1 | op=SEND_HEARTBEAT {"datanodeUUID":"50dccd39-549f-4f43-8b1f-597bf98f9c16","term":"2","command":"[]"} | ret=SUCCESS |  
2025-10-17 11:01:22,891 [3a11eef6-a527-493c-8ba3-ae39ecaefa56-CreatePipelineCommandHandlerThread-0] INFO  server.RaftServer (RaftServerProxy.java:addNew(105)) - 3a11eef6-a527-493c-8ba3-ae39ecaefa56: addNew group-896C9D030B15:[3a11eef6-a527-493c-8ba3-ae39ecaefa56|127.0.0.1:15103] returns group-896C9D030B15:java.util.concurrent.CompletableFuture@5b9d49d9[Not completed]
2025-10-17 11:01:22,892 [28c08cd4-c049-4c66-8210-e254cf68b291@group-0DBC4BFEAA43-FollowerState] INFO  impl.FollowerState (FollowerState.java:runImpl(161)) - 28c08cd4-c049-4c66-8210-e254cf68b291@group-0DBC4BFEAA43-FollowerState: change to CANDIDATE, lastRpcElapsedTime:1055522230ns, electionTimeout:1055ms
2025-10-17 11:01:22,892 [28c08cd4-c049-4c66-8210-e254cf68b291@group-0DBC4BFEAA43-FollowerState] INFO  impl.RoleInfo (RoleInfo.java:shutdownFollowerState(121)) - 28c08cd4-c049-4c66-8210-e254cf68b291: shutdown 28c08cd4-c049-4c66-8210-e254cf68b291@group-0DBC4BFEAA43-FollowerState
2025-10-17 11:01:22,892 [28c08cd4-c049-4c66-8210-e254cf68b291@group-0DBC4BFEAA43-FollowerState] INFO  server.RaftServer$Division (RaftServerImpl.java:setRole(392)) - 28c08cd4-c049-4c66-8210-e254cf68b291@group-0DBC4BFEAA43: changes role from  FOLLOWER to CANDIDATE at term 0 for changeToCandidate
2025-10-17 11:01:22,892 [28c08cd4-c049-4c66-8210-e254cf68b291@group-0DBC4BFEAA43-FollowerState] INFO  impl.RoleInfo (RoleInfo.java:updateAndGet(148)) - 28c08cd4-c049-4c66-8210-e254cf68b291: start 28c08cd4-c049-4c66-8210-e254cf68b291@group-0DBC4BFEAA43-LeaderElection26
2025-10-17 11:01:22,892 [50dccd39-549f-4f43-8b1f-597bf98f9c16@group-4629CA486B08-SegmentedRaftLogWorker] INFO  segmented.SegmentedRaftLogWorker (SegmentedRaftLogWorker.java:execute(647)) - 50dccd39-549f-4f43-8b1f-597bf98f9c16@group-4629CA486B08-SegmentedRaftLogWorker: created new log segment /home/runner/work/ozone/ozone/hadoop-ozone/integration-test/target/test-dir/MiniOzoneClusterImpl-d1ffa5d3-3301-45c3-9f44-1ffa6967d237/ozone-metadata/datanode-7/ratis/f6b61d96-eb36-42dc-ac38-4629ca486b08/current/log_inprogress_0
2025-10-17 11:01:22,894 [3a11eef6-a527-493c-8ba3-ae39ecaefa56-groupManagement] INFO  server.RaftServer$Division (RaftServerImpl.java:<init>(268)) - 3a11eef6-a527-493c-8ba3-ae39ecaefa56: new RaftServerImpl for group-896C9D030B15:[3a11eef6-a527-493c-8ba3-ae39ecaefa56|127.0.0.1:15103] with ContainerStateMachine:uninitialized
2025-10-17 11:01:22,895 [3a11eef6-a527-493c-8ba3-ae39ecaefa56-groupManagement] INFO  server.RaftServer$Division (ServerState.java:<init>(114)) - 3a11eef6-a527-493c-8ba3-ae39ecaefa56@group-896C9D030B15: ConfigurationManager, init=conf: {index: -1, cur=peers:[3a11eef6-a527-493c-8ba3-ae39ecaefa56|127.0.0.1:15103]|listeners:[], old=null}, confs=<EMPTY_MAP>
2025-10-17 11:01:22,895 [50dccd39-549f-4f43-8b1f-597bf98f9c16@group-4629CA486B08-StateMachineUpdater] INFO  server.RaftServer$Division (LeaderStateImpl.java:checkStartIndex(309)) - Leader 50dccd39-549f-4f43-8b1f-597bf98f9c16@group-4629CA486B08-LeaderStateImpl is ready since appliedIndex == startIndex == 0
2025-10-17 11:01:22,897 [28c08cd4-c049-4c66-8210-e254cf68b291@group-0DBC4BFEAA43-LeaderElection26] INFO  impl.LeaderElection (LeaderElection.java:askForVotes(448)) - 28c08cd4-c049-4c66-8210-e254cf68b291@group-0DBC4BFEAA43-LeaderElection26 PRE_VOTE round 0: submit vote requests at term 0 for conf: {index: -1, cur=peers:[28c08cd4-c049-4c66-8210-e254cf68b291|127.0.0.1:15087, 3a11eef6-a527-493c-8ba3-ae39ecaefa56|127.0.0.1:15103, 7995ae7b-77ec-4e72-809d-814459f62ee0|127.0.0.1:15095]|listeners:[], old=null}
2025-10-17 11:01:22,900 [grpc-default-executor-3] INFO  server.RaftServer$Division (RaftServerImpl.java:requestVote(1421)) - 3a11eef6-a527-493c-8ba3-ae39ecaefa56@group-0DBC4BFEAA43: receive requestVote(PRE_VOTE, 28c08cd4-c049-4c66-8210-e254cf68b291, group-0DBC4BFEAA43, 0, <PROTO_DEFAULT>)
2025-10-17 11:01:22,900 [grpc-default-executor-3] INFO  impl.VoteContext (VoteContext.java:log(49)) - 3a11eef6-a527-493c-8ba3-ae39ecaefa56@group-0DBC4BFEAA43-FOLLOWER: reject PRE_VOTE from 28c08cd4-c049-4c66-8210-e254cf68b291: our priority 1 > candidate's priority 0
2025-10-17 11:01:22,900 [grpc-default-executor-3] INFO  server.RaftServer$Division (RaftServerImpl.java:requestVote(1455)) - 3a11eef6-a527-493c-8ba3-ae39ecaefa56@group-0DBC4BFEAA43 replies to PRE_VOTE vote request: 28c08cd4-c049-4c66-8210-e254cf68b291<-3a11eef6-a527-493c-8ba3-ae39ecaefa56#0:FAIL-t0-last:<INITIAL_VALUE>. Peer's state: 3a11eef6-a527-493c-8ba3-ae39ecaefa56@group-0DBC4BFEAA43:t0, leader=null, voted=, raftlog=Memoized:3a11eef6-a527-493c-8ba3-ae39ecaefa56@group-0DBC4BFEAA43-SegmentedRaftLog:OPENED:c-1:lastnull, conf=conf: {index: -1, cur=peers:[28c08cd4-c049-4c66-8210-e254cf68b291|127.0.0.1:15087, 3a11eef6-a527-493c-8ba3-ae39ecaefa56|127.0.0.1:15103, 7995ae7b-77ec-4e72-809d-814459f62ee0|127.0.0.1:15095]|listeners:[], old=null}
2025-10-17 11:01:22,903 [grpc-default-executor-3] INFO  server.RaftServer$Division (RaftServerImpl.java:requestVote(1421)) - 7995ae7b-77ec-4e72-809d-814459f62ee0@group-0DBC4BFEAA43: receive requestVote(PRE_VOTE, 28c08cd4-c049-4c66-8210-e254cf68b291, group-0DBC4BFEAA43, 0, <PROTO_DEFAULT>)
2025-10-17 11:01:22,903 [grpc-default-executor-3] INFO  impl.VoteContext (VoteContext.java:log(49)) - 7995ae7b-77ec-4e72-809d-814459f62ee0@group-0DBC4BFEAA43-FOLLOWER: accept PRE_VOTE from 28c08cd4-c049-4c66-8210-e254cf68b291: our priority 0 <= candidate's priority 0
2025-10-17 11:01:22,903 [3a11eef6-a527-493c-8ba3-ae39ecaefa56-groupManagement] INFO  server.RaftServerConfigKeys (ConfUtils.java:logGet(62)) - raft.server.storage.dir = [/home/runner/work/ozone/ozone/hadoop-ozone/integration-test/target/test-dir/MiniOzoneClusterImpl-d1ffa5d3-3301-45c3-9f44-1ffa6967d237/ozone-metadata/datanode-12/ratis] (custom)
2025-10-17 11:01:22,904 [3a11eef6-a527-493c-8ba3-ae39ecaefa56-groupManagement] INFO  storage.RaftStorageDirectory (RaftStorageDirectoryImpl.java:analyzeStorage(138)) - The storage directory /home/runner/work/ozone/ozone/hadoop-ozone/integration-test/target/test-dir/MiniOzoneClusterImpl-d1ffa5d3-3301-45c3-9f44-1ffa6967d237/ozone-metadata/datanode-12/ratis/a7ebf1f0-00a0-43d1-b8e1-896c9d030b15 does not exist. Creating ...
2025-10-17 11:01:22,904 [28c08cd4-c049-4c66-8210-e254cf68b291@group-0DBC4BFEAA43-LeaderElection26] INFO  impl.LeaderElection (LeaderElection.java:logAndReturn(206)) - 28c08cd4-c049-4c66-8210-e254cf68b291@group-0DBC4BFEAA43-LeaderElection26: PRE_VOTE REJECTED received 1 response(s) and 0 exception(s):
2025-10-17 11:01:22,904 [28c08cd4-c049-4c66-8210-e254cf68b291@group-0DBC4BFEAA43-LeaderElection26] INFO  impl.LeaderElection (LeaderElection.java:logAndReturn(210)) -   Response 0: 28c08cd4-c049-4c66-8210-e254cf68b291<-3a11eef6-a527-493c-8ba3-ae39ecaefa56#0:FAIL-t0-last:<INITIAL_VALUE>
2025-10-17 11:01:22,904 | INFO  | SCMAudit | user=runner | ip=127.0.0.1 | op=SEND_HEARTBEAT {"datanodeUUID":"b292b6be-9482-4c30-a3e0-c9f721931b72","term":"2","command":"[]"} | ret=SUCCESS |  
2025-10-17 11:01:22,904 [28c08cd4-c049-4c66-8210-e254cf68b291@group-0DBC4BFEAA43-LeaderElection26] INFO  impl.LeaderElection (LeaderElection.java:askForVotes(450)) - 28c08cd4-c049-4c66-8210-e254cf68b291@group-0DBC4BFEAA43-LeaderElection26 PRE_VOTE round 0: result REJECTED
2025-10-17 11:01:22,904 [28c08cd4-c049-4c66-8210-e254cf68b291@group-0DBC4BFEAA43-LeaderElection26] INFO  server.RaftServer$Division (RaftServerImpl.java:setRole(392)) - 28c08cd4-c049-4c66-8210-e254cf68b291@group-0DBC4BFEAA43: changes role from CANDIDATE to FOLLOWER at term 0 for REJECTED
2025-10-17 11:01:22,904 [28c08cd4-c049-4c66-8210-e254cf68b291@group-0DBC4BFEAA43-LeaderElection26] INFO  impl.RoleInfo (RoleInfo.java:shutdownLeaderElection(141)) - 28c08cd4-c049-4c66-8210-e254cf68b291: shutdown 28c08cd4-c049-4c66-8210-e254cf68b291@group-0DBC4BFEAA43-LeaderElection26
2025-10-17 11:01:22,904 [28c08cd4-c049-4c66-8210-e254cf68b291@group-0DBC4BFEAA43-LeaderElection26] INFO  impl.RoleInfo (RoleInfo.java:updateAndGet(148)) - 28c08cd4-c049-4c66-8210-e254cf68b291: start 28c08cd4-c049-4c66-8210-e254cf68b291@group-0DBC4BFEAA43-FollowerState
2025-10-17 11:01:22,905 [28c08cd4-c049-4c66-8210-e254cf68b291@group-0DBC4BFEAA43-LeaderElection26] INFO  server.RaftServer$Division (RaftServerImpl.java:setFirstElection(576)) - 28c08cd4-c049-4c66-8210-e254cf68b291@group-0DBC4BFEAA43: set firstElectionSinceStartup to false for REJECTED
2025-10-17 11:01:22,903 [grpc-default-executor-3] INFO  server.RaftServer$Division (RaftServerImpl.java:requestVote(1455)) - 7995ae7b-77ec-4e72-809d-814459f62ee0@group-0DBC4BFEAA43 replies to PRE_VOTE vote request: 28c08cd4-c049-4c66-8210-e254cf68b291<-7995ae7b-77ec-4e72-809d-814459f62ee0#0:OK-t0-last:<INITIAL_VALUE>. Peer's state: 7995ae7b-77ec-4e72-809d-814459f62ee0@group-0DBC4BFEAA43:t0, leader=null, voted=, raftlog=Memoized:7995ae7b-77ec-4e72-809d-814459f62ee0@group-0DBC4BFEAA43-SegmentedRaftLog:OPENED:c-1:lastnull, conf=conf: {index: -1, cur=peers:[28c08cd4-c049-4c66-8210-e254cf68b291|127.0.0.1:15087, 3a11eef6-a527-493c-8ba3-ae39ecaefa56|127.0.0.1:15103, 7995ae7b-77ec-4e72-809d-814459f62ee0|127.0.0.1:15095]|listeners:[], old=null}
2025-10-17 11:01:22,908 [3a11eef6-a527-493c-8ba3-ae39ecaefa56-groupManagement] INFO  storage.RaftStorageDirectory (RaftStorageDirectoryImpl.java:tryLock(229)) - Lock on /home/runner/work/ozone/ozone/hadoop-ozone/integration-test/target/test-dir/MiniOzoneClusterImpl-d1ffa5d3-3301-45c3-9f44-1ffa6967d237/ozone-metadata/datanode-12/ratis/a7ebf1f0-00a0-43d1-b8e1-896c9d030b15/in_use.lock acquired by nodename 40979@localhost
2025-10-17 11:01:22,910 [3a11eef6-a527-493c-8ba3-ae39ecaefa56-groupManagement] INFO  storage.RaftStorage (RaftStorageImpl.java:format(98)) - Storage directory /home/runner/work/ozone/ozone/hadoop-ozone/integration-test/target/test-dir/MiniOzoneClusterImpl-d1ffa5d3-3301-45c3-9f44-1ffa6967d237/ozone-metadata/datanode-12/ratis/a7ebf1f0-00a0-43d1-b8e1-896c9d030b15 has been successfully formatted.
2025-10-17 11:01:22,910 [3a11eef6-a527-493c-8ba3-ae39ecaefa56-groupManagement] INFO  ratis.ContainerStateMachine (ContainerStateMachine.java:initialize(339)) - 3a11eef6-a527-493c-8ba3-ae39ecaefa56: initialize group-896C9D030B15
2025-10-17 11:01:22,910 [3a11eef6-a527-493c-8ba3-ae39ecaefa56-groupManagement] INFO  ratis.ContainerStateMachine (ContainerStateMachine.java:loadSnapshot(347)) - group-896C9D030B15: The snapshot info is null. Setting the last applied index to:<INITIAL_VALUE>
2025-10-17 11:01:22,911 [3a11eef6-a527-493c-8ba3-ae39ecaefa56-groupManagement] INFO  server.RaftServerConfigKeys (ConfUtils.java:logGet(62)) - raft.server.log.appender.buffer.byte-limit = 33554432 (custom)
2025-10-17 11:01:22,915 [3a11eef6-a527-493c-8ba3-ae39ecaefa56-groupManagement] INFO  server.RaftServerConfigKeys (ConfUtils.java:logGet(62)) - raft.server.log.segment.size.max = 67108864 (custom)
2025-10-17 11:01:22,916 [3a11eef6-a527-493c-8ba3-ae39ecaefa56-groupManagement] INFO  server.RaftServerConfigKeys (ConfUtils.java:logGet(62)) - raft.server.log.appender.buffer.byte-limit = 33554432 (custom)
2025-10-17 11:01:22,917 [3a11eef6-a527-493c-8ba3-ae39ecaefa56-groupManagement] INFO  util.AwaitToRun (AwaitToRun.java:start(81)) - Thread[#1823,3a11eef6-a527-493c-8ba3-ae39ecaefa56@group-896C9D030B15-cacheEviction-AwaitToRun,5,main] started
2025-10-17 11:01:22,917 | INFO  | SCMAudit | user=runner | ip=127.0.0.1 | op=SEND_HEARTBEAT {"datanodeUUID":"3a11eef6-a527-493c-8ba3-ae39ecaefa56","term":"2","command":"[]"} | ret=SUCCESS |  
2025-10-17 11:01:22,918 [3a11eef6-a527-493c-8ba3-ae39ecaefa56-groupManagement] INFO  segmented.SegmentedRaftLogWorker (SegmentedRaftLogWorker.java:<init>(190)) - new 3a11eef6-a527-493c-8ba3-ae39ecaefa56@group-896C9D030B15-SegmentedRaftLogWorker for RaftStorageImpl:Storage Directory /home/runner/work/ozone/ozone/hadoop-ozone/integration-test/target/test-dir/MiniOzoneClusterImpl-d1ffa5d3-3301-45c3-9f44-1ffa6967d237/ozone-metadata/datanode-12/ratis/a7ebf1f0-00a0-43d1-b8e1-896c9d030b15
2025-10-17 11:01:22,920 [3a11eef6-a527-493c-8ba3-ae39ecaefa56-groupManagement] INFO  server.RaftServerConfigKeys (ConfUtils.java:logGet(62)) - raft.server.log.queue.byte-limit = 4294967296 (custom)
2025-10-17 11:01:22,920 [3a11eef6-a527-493c-8ba3-ae39ecaefa56-groupManagement] INFO  server.RaftServerConfigKeys (ConfUtils.java:logGet(62)) - raft.server.log.segment.size.max = 67108864 (custom)
2025-10-17 11:01:22,920 [3a11eef6-a527-493c-8ba3-ae39ecaefa56-groupManagement] INFO  server.RaftServerConfigKeys (ConfUtils.java:logGet(62)) - raft.server.log.preallocated.size = 4194304 (custom)
2025-10-17 11:01:22,919 [EventQueue-PipelineReportForPipelineReportHandler] INFO  pipeline.PipelineReportHandler (PipelineReportHandler.java:processPipelineReport(132)) - Opened pipeline Pipeline-a7ebf1f0-00a0-43d1-b8e1-896c9d030b15
2025-10-17 11:01:22,921 [3a11eef6-a527-493c-8ba3-ae39ecaefa56-groupManagement] INFO  server.RaftServerConfigKeys (ConfUtils.java:logGet(62)) - raft.server.log.write.buffer.size = 33554440 (custom)
2025-10-17 11:01:22,930 [3a11eef6-a527-493c-8ba3-ae39ecaefa56-groupManagement] INFO  server.RaftServerConfigKeys (ConfUtils.java:logGet(62)) - raft.server.log.appender.buffer.byte-limit = 33554432 (custom)
2025-10-17 11:01:22,930 [3a11eef6-a527-493c-8ba3-ae39ecaefa56-groupManagement] INFO  segmented.SegmentedRaftLogWorker (SegmentedRaftLogWorker.java:lambda$new$0(141)) - 3a11eef6-a527-493c-8ba3-ae39ecaefa56@group-896C9D030B15-SegmentedRaftLogWorker: flushIndex: setUnconditionally 0 -> -1
2025-10-17 11:01:22,931 [3a11eef6-a527-493c-8ba3-ae39ecaefa56-groupManagement] INFO  segmented.SegmentedRaftLogWorker (SegmentedRaftLogWorker.java:lambda$new$0(141)) - 3a11eef6-a527-493c-8ba3-ae39ecaefa56@group-896C9D030B15-SegmentedRaftLogWorker: safeCacheEvictIndex: setUnconditionally 0 -> -1
2025-10-17 11:01:22,931 [3a11eef6-a527-493c-8ba3-ae39ecaefa56-groupManagement] INFO  server.RaftServer$Division (RaftServerImpl.java:start(405)) - 3a11eef6-a527-493c-8ba3-ae39ecaefa56@group-896C9D030B15: start as a follower, conf=conf: {index: -1, cur=peers:[3a11eef6-a527-493c-8ba3-ae39ecaefa56|127.0.0.1:15103]|listeners:[], old=null}
2025-10-17 11:01:22,931 [3a11eef6-a527-493c-8ba3-ae39ecaefa56-groupManagement] INFO  server.RaftServer$Division (RaftServerImpl.java:setRole(392)) - 3a11eef6-a527-493c-8ba3-ae39ecaefa56@group-896C9D030B15: changes role from      null to FOLLOWER at term 0 for startAsFollower
2025-10-17 11:01:22,931 [3a11eef6-a527-493c-8ba3-ae39ecaefa56-groupManagement] INFO  impl.RoleInfo (RoleInfo.java:updateAndGet(148)) - 3a11eef6-a527-493c-8ba3-ae39ecaefa56: start 3a11eef6-a527-493c-8ba3-ae39ecaefa56@group-896C9D030B15-FollowerState
2025-10-17 11:01:22,932 [3a11eef6-a527-493c-8ba3-ae39ecaefa56-groupManagement] INFO  util.JmxRegister (JmxRegister.java:tryRegister(44)) - Successfully registered JMX Bean with object name Ratis:service=RaftServer,group=group-896C9D030B15,id=3a11eef6-a527-493c-8ba3-ae39ecaefa56
2025-10-17 11:01:22,932 [3a11eef6-a527-493c-8ba3-ae39ecaefa56-groupManagement] INFO  util.JmxRegister (JmxRegister.java:register(58)) - register mxBean class org.apache.ratis.server.impl.RaftServerJmxAdapter as Ratis:service=RaftServer,group=group-896C9D030B15,id=3a11eef6-a527-493c-8ba3-ae39ecaefa56
2025-10-17 11:01:22,933 [3a11eef6-a527-493c-8ba3-ae39ecaefa56-groupManagement] INFO  server.RaftServer$Division (RaftServerImpl.java:start(419)) - 3a11eef6-a527-493c-8ba3-ae39ecaefa56@group-896C9D030B15: Successfully started.
2025-10-17 11:01:22,933 [3a11eef6-a527-493c-8ba3-ae39ecaefa56-CreatePipelineCommandHandlerThread-0] INFO  ratis.XceiverServerRatis (XceiverServerRatis.java:addGroup(839)) - Created group Pipeline-a7ebf1f0-00a0-43d1-b8e1-896c9d030b15
2025-10-17 11:01:22,933 [3a11eef6-a527-493c-8ba3-ae39ecaefa56-CreatePipelineCommandHandlerThread-0] INFO  commandhandler.CreatePipelineCommandHandler (CreatePipelineCommandHandler.java:lambda$handle$2(141)) - Created Pipeline RATIS ONE Pipeline-a7ebf1f0-00a0-43d1-b8e1-896c9d030b15.
2025-10-17 11:01:22,957 | INFO  | ContainerLog | ID=1 | Index=0 | BCSID=0 | State=OPEN | Volume=/home/runner/work/ozone/ozone/hadoop-ozone/integration-test/target/test-dir/MiniOzoneClusterImpl-d1ffa5d3-3301-45c3-9f44-1ffa6967d237/ozone-metadata/datanode-1/data-0/hdds | DataChecksum=0 |  
2025-10-17 11:01:22,963 | INFO  | SCMAudit | user=runner | ip=127.0.0.1 | op=SEND_HEARTBEAT {"datanodeUUID":"309ab1ff-9f5a-4058-8b2f-94d451ce5267","term":"2","command":"[]"} | ret=SUCCESS |  
2025-10-17 11:01:23,012 | INFO  | OMAudit | user=runner | ip=127.0.0.1 | op=COMMIT_KEY {"volume":"9ef34ce4-193b-4f4a-a3fb-bb89b8528da5","bucket":"2ac53ee6-be32-4b98-bfdb-36284b292466","key":"5cefd221-82e3-4d2d-96f6-eda9ff9f1e21","dataSize":"12","replicationType":"RATIS","replicationFactor":"ONE","Transaction":"4"} | ret=SUCCESS |  
2025-10-17 11:01:23,015 | INFO  | OMAudit | user=runner | ip=127.0.0.1 | op=READ_VOLUME {"volume":"9ef34ce4-193b-4f4a-a3fb-bb89b8528da5"} | ret=SUCCESS |  
2025-10-17 11:01:23,017 | INFO  | OMAudit | user=runner | ip=127.0.0.1 | op=READ_BUCKET {"volume":"9ef34ce4-193b-4f4a-a3fb-bb89b8528da5","bucket":"2ac53ee6-be32-4b98-bfdb-36284b292466"} | ret=SUCCESS |  
2025-10-17 11:01:23,021 | INFO  | OMAudit | user=runner | ip=127.0.0.1 | op=READ_BUCKET {"volume":"9ef34ce4-193b-4f4a-a3fb-bb89b8528da5","bucket":"2ac53ee6-be32-4b98-bfdb-36284b292466"} | ret=SUCCESS |  
2025-10-17 11:01:23,024 | INFO  | SCMAudit | user=runner | ip=127.0.0.1 | op=ALLOCATE_BLOCK {"replication":"RATIS/ONE","owner":"omServiceIdDefault","size":"4194304","sampleBlocks":"[conID: 2 locID: 115816896921600002]","num":"1","client":"","allocated":"1"} | ret=SUCCESS |  
2025-10-17 11:01:23,028 | INFO  | OMAudit | user=runner | ip=127.0.0.1 | op=ALLOCATE_KEY {"volume":"9ef34ce4-193b-4f4a-a3fb-bb89b8528da5","bucket":"2ac53ee6-be32-4b98-bfdb-36284b292466","key":"5cefd221-82e3-4d2d-96f6-eda9ff9f1e21","dataSize":"12","replicationType":"RATIS","replicationFactor":"ONE","Transaction":"5"} | ret=SUCCESS |  
2025-10-17 11:01:23,045 | INFO  | ContainerLog | ID=2 | Index=0 | BCSID=0 | State=OPEN | Volume=/home/runner/work/ozone/ozone/hadoop-ozone/integration-test/target/test-dir/MiniOzoneClusterImpl-d1ffa5d3-3301-45c3-9f44-1ffa6967d237/ozone-metadata/datanode-2/data-0/hdds | DataChecksum=0 |  
2025-10-17 11:01:23,049 | INFO  | SCMAudit | user=runner | ip=127.0.0.1 | op=SEND_HEARTBEAT {"datanodeUUID":"99c47355-c013-4450-a734-aff6d3c99677","term":"2","command":"[]"} | ret=SUCCESS |  
2025-10-17 11:01:23,053 [3a11eef6-a527-493c-8ba3-ae39ecaefa56@group-0DBC4BFEAA43-FollowerState] INFO  impl.FollowerState (FollowerState.java:runImpl(161)) - 3a11eef6-a527-493c-8ba3-ae39ecaefa56@group-0DBC4BFEAA43-FollowerState: change to CANDIDATE, lastRpcElapsedTime:1184318795ns, electionTimeout:1183ms
2025-10-17 11:01:23,053 [3a11eef6-a527-493c-8ba3-ae39ecaefa56@group-0DBC4BFEAA43-FollowerState] INFO  impl.RoleInfo (RoleInfo.java:shutdownFollowerState(121)) - 3a11eef6-a527-493c-8ba3-ae39ecaefa56: shutdown 3a11eef6-a527-493c-8ba3-ae39ecaefa56@group-0DBC4BFEAA43-FollowerState
2025-10-17 11:01:23,053 [3a11eef6-a527-493c-8ba3-ae39ecaefa56@group-0DBC4BFEAA43-FollowerState] INFO  server.RaftServer$Division (RaftServerImpl.java:setRole(392)) - 3a11eef6-a527-493c-8ba3-ae39ecaefa56@group-0DBC4BFEAA43: changes role from  FOLLOWER to CANDIDATE at term 0 for changeToCandidate
2025-10-17 11:01:23,053 [3a11eef6-a527-493c-8ba3-ae39ecaefa56@group-0DBC4BFEAA43-FollowerState] INFO  impl.RoleInfo (RoleInfo.java:updateAndGet(148)) - 3a11eef6-a527-493c-8ba3-ae39ecaefa56: start 3a11eef6-a527-493c-8ba3-ae39ecaefa56@group-0DBC4BFEAA43-LeaderElection27
2025-10-17 11:01:23,055 [3a11eef6-a527-493c-8ba3-ae39ecaefa56@group-0DBC4BFEAA43-LeaderElection27] INFO  impl.LeaderElection (LeaderElection.java:askForVotes(448)) - 3a11eef6-a527-493c-8ba3-ae39ecaefa56@group-0DBC4BFEAA43-LeaderElection27 PRE_VOTE round 0: submit vote requests at term 0 for conf: {index: -1, cur=peers:[28c08cd4-c049-4c66-8210-e254cf68b291|127.0.0.1:15087, 3a11eef6-a527-493c-8ba3-ae39ecaefa56|127.0.0.1:15103, 7995ae7b-77ec-4e72-809d-814459f62ee0|127.0.0.1:15095]|listeners:[], old=null}
2025-10-17 11:01:23,056 [3a11eef6-a527-493c-8ba3-ae39ecaefa56@group-0DBC4BFEAA43-LeaderElection27-1] INFO  server.GrpcServerProtocolClient (GrpcServerProtocolClient.java:<init>(65)) - Build channel for 28c08cd4-c049-4c66-8210-e254cf68b291|127.0.0.1:15087
2025-10-17 11:01:23,057 [3a11eef6-a527-493c-8ba3-ae39ecaefa56@group-0DBC4BFEAA43-LeaderElection27-2] INFO  server.GrpcServerProtocolClient (GrpcServerProtocolClient.java:<init>(65)) - Build channel for 7995ae7b-77ec-4e72-809d-814459f62ee0|127.0.0.1:15095
2025-10-17 11:01:23,062 [grpc-default-executor-4] INFO  server.RaftServer$Division (RaftServerImpl.java:requestVote(1421)) - 28c08cd4-c049-4c66-8210-e254cf68b291@group-0DBC4BFEAA43: receive requestVote(PRE_VOTE, 3a11eef6-a527-493c-8ba3-ae39ecaefa56, group-0DBC4BFEAA43, 0, <PROTO_DEFAULT>)
2025-10-17 11:01:23,063 [grpc-default-executor-3] INFO  server.RaftServer$Division (RaftServerImpl.java:requestVote(1421)) - 7995ae7b-77ec-4e72-809d-814459f62ee0@group-0DBC4BFEAA43: receive requestVote(PRE_VOTE, 3a11eef6-a527-493c-8ba3-ae39ecaefa56, group-0DBC4BFEAA43, 0, <PROTO_DEFAULT>)
2025-10-17 11:01:23,063 [grpc-default-executor-3] INFO  impl.VoteContext (VoteContext.java:log(49)) - 7995ae7b-77ec-4e72-809d-814459f62ee0@group-0DBC4BFEAA43-FOLLOWER: accept PRE_VOTE from 3a11eef6-a527-493c-8ba3-ae39ecaefa56: our priority 0 <= candidate's priority 1
2025-10-17 11:01:23,063 [grpc-default-executor-4] INFO  impl.VoteContext (VoteContext.java:log(49)) - 28c08cd4-c049-4c66-8210-e254cf68b291@group-0DBC4BFEAA43-FOLLOWER: accept PRE_VOTE from 3a11eef6-a527-493c-8ba3-ae39ecaefa56: our priority 0 <= candidate's priority 1
2025-10-17 11:01:23,064 [grpc-default-executor-4] INFO  server.RaftServer$Division (RaftServerImpl.java:requestVote(1455)) - 28c08cd4-c049-4c66-8210-e254cf68b291@group-0DBC4BFEAA43 replies to PRE_VOTE vote request: 3a11eef6-a527-493c-8ba3-ae39ecaefa56<-28c08cd4-c049-4c66-8210-e254cf68b291#0:OK-t0-last:<INITIAL_VALUE>. Peer's state: 28c08cd4-c049-4c66-8210-e254cf68b291@group-0DBC4BFEAA43:t0, leader=null, voted=, raftlog=Memoized:28c08cd4-c049-4c66-8210-e254cf68b291@group-0DBC4BFEAA43-SegmentedRaftLog:OPENED:c-1:lastnull, conf=conf: {index: -1, cur=peers:[28c08cd4-c049-4c66-8210-e254cf68b291|127.0.0.1:15087, 3a11eef6-a527-493c-8ba3-ae39ecaefa56|127.0.0.1:15103, 7995ae7b-77ec-4e72-809d-814459f62ee0|127.0.0.1:15095]|listeners:[], old=null}
2025-10-17 11:01:23,064 [grpc-default-executor-3] INFO  server.RaftServer$Division (RaftServerImpl.java:requestVote(1455)) - 7995ae7b-77ec-4e72-809d-814459f62ee0@group-0DBC4BFEAA43 replies to PRE_VOTE vote request: 3a11eef6-a527-493c-8ba3-ae39ecaefa56<-7995ae7b-77ec-4e72-809d-814459f62ee0#0:OK-t0-last:<INITIAL_VALUE>. Peer's state: 7995ae7b-77ec-4e72-809d-814459f62ee0@group-0DBC4BFEAA43:t0, leader=null, voted=, raftlog=Memoized:7995ae7b-77ec-4e72-809d-814459f62ee0@group-0DBC4BFEAA43-SegmentedRaftLog:OPENED:c-1:lastnull, conf=conf: {index: -1, cur=peers:[28c08cd4-c049-4c66-8210-e254cf68b291|127.0.0.1:15087, 3a11eef6-a527-493c-8ba3-ae39ecaefa56|127.0.0.1:15103, 7995ae7b-77ec-4e72-809d-814459f62ee0|127.0.0.1:15095]|listeners:[], old=null}
2025-10-17 11:01:23,065 [3a11eef6-a527-493c-8ba3-ae39ecaefa56@group-0DBC4BFEAA43-LeaderElection27] INFO  impl.LeaderElection (LeaderElection.java:logAndReturn(206)) - 3a11eef6-a527-493c-8ba3-ae39ecaefa56@group-0DBC4BFEAA43-LeaderElection27: PRE_VOTE PASSED received 1 response(s) and 0 exception(s):
2025-10-17 11:01:23,065 [3a11eef6-a527-493c-8ba3-ae39ecaefa56@group-0DBC4BFEAA43-LeaderElection27] INFO  impl.LeaderElection (LeaderElection.java:logAndReturn(210)) -   Response 0: 3a11eef6-a527-493c-8ba3-ae39ecaefa56<-7995ae7b-77ec-4e72-809d-814459f62ee0#0:OK-t0-last:<INITIAL_VALUE>
2025-10-17 11:01:23,066 [3a11eef6-a527-493c-8ba3-ae39ecaefa56@group-0DBC4BFEAA43-LeaderElection27] INFO  impl.LeaderElection (LeaderElection.java:askForVotes(450)) - 3a11eef6-a527-493c-8ba3-ae39ecaefa56@group-0DBC4BFEAA43-LeaderElection27 PRE_VOTE round 0: result PASSED
2025-10-17 11:01:23,066 | INFO  | OMAudit | user=runner | ip=127.0.0.1 | op=COMMIT_KEY {"volume":"9ef34ce4-193b-4f4a-a3fb-bb89b8528da5","bucket":"2ac53ee6-be32-4b98-bfdb-36284b292466","key":"5cefd221-82e3-4d2d-96f6-eda9ff9f1e21","dataSize":"12","replicationType":"RATIS","replicationFactor":"ONE","Transaction":"6"} | ret=SUCCESS |  
2025-10-17 11:01:23,067 [3a11eef6-a527-493c-8ba3-ae39ecaefa56@group-0DBC4BFEAA43-LeaderElection27] INFO  impl.LeaderElection (LeaderElection.java:askForVotes(448)) - 3a11eef6-a527-493c-8ba3-ae39ecaefa56@group-0DBC4BFEAA43-LeaderElection27 ELECTION round 0: submit vote requests at term 1 for conf: {index: -1, cur=peers:[28c08cd4-c049-4c66-8210-e254cf68b291|127.0.0.1:15087, 3a11eef6-a527-493c-8ba3-ae39ecaefa56|127.0.0.1:15103, 7995ae7b-77ec-4e72-809d-814459f62ee0|127.0.0.1:15095]|listeners:[], old=null}
2025-10-17 11:01:23,069 | INFO  | OMAudit | user=runner | ip=127.0.0.1 | op=READ_VOLUME {"volume":"9ef34ce4-193b-4f4a-a3fb-bb89b8528da5"} | ret=SUCCESS |  
2025-10-17 11:01:23,071 | INFO  | OMAudit | user=runner | ip=127.0.0.1 | op=READ_BUCKET {"volume":"9ef34ce4-193b-4f4a-a3fb-bb89b8528da5","bucket":"2ac53ee6-be32-4b98-bfdb-36284b292466"} | ret=SUCCESS |  
2025-10-17 11:01:23,072 [grpc-default-executor-3] INFO  server.RaftServer$Division (RaftServerImpl.java:requestVote(1421)) - 28c08cd4-c049-4c66-8210-e254cf68b291@group-0DBC4BFEAA43: receive requestVote(ELECTION, 3a11eef6-a527-493c-8ba3-ae39ecaefa56, group-0DBC4BFEAA43, 1, <PROTO_DEFAULT>)
2025-10-17 11:01:23,073 [grpc-default-executor-3] INFO  impl.VoteContext (VoteContext.java:log(49)) - 28c08cd4-c049-4c66-8210-e254cf68b291@group-0DBC4BFEAA43-FOLLOWER: accept ELECTION from 3a11eef6-a527-493c-8ba3-ae39ecaefa56: our priority 0 <= candidate's priority 1
2025-10-17 11:01:23,073 [grpc-default-executor-3] INFO  server.RaftServer$Division (RaftServerImpl.java:setRole(392)) - 28c08cd4-c049-4c66-8210-e254cf68b291@group-0DBC4BFEAA43: changes role from  FOLLOWER to FOLLOWER at term 0 for candidate:3a11eef6-a527-493c-8ba3-ae39ecaefa56
2025-10-17 11:01:23,073 [grpc-default-executor-3] INFO  impl.RoleInfo (RoleInfo.java:shutdownFollowerState(121)) - 28c08cd4-c049-4c66-8210-e254cf68b291: shutdown 28c08cd4-c049-4c66-8210-e254cf68b291@group-0DBC4BFEAA43-FollowerState
2025-10-17 11:01:23,073 [grpc-default-executor-3] INFO  impl.RoleInfo (RoleInfo.java:updateAndGet(148)) - 28c08cd4-c049-4c66-8210-e254cf68b291: start 28c08cd4-c049-4c66-8210-e254cf68b291@group-0DBC4BFEAA43-FollowerState
2025-10-17 11:01:23,073 [grpc-default-executor-4] INFO  server.RaftServer$Division (RaftServerImpl.java:requestVote(1421)) - 7995ae7b-77ec-4e72-809d-814459f62ee0@group-0DBC4BFEAA43: receive requestVote(ELECTION, 3a11eef6-a527-493c-8ba3-ae39ecaefa56, group-0DBC4BFEAA43, 1, <PROTO_DEFAULT>)
2025-10-17 11:01:23,073 [28c08cd4-c049-4c66-8210-e254cf68b291@group-0DBC4BFEAA43-FollowerState] INFO  impl.FollowerState (FollowerState.java:runImpl(170)) - 28c08cd4-c049-4c66-8210-e254cf68b291@group-0DBC4BFEAA43-FollowerState was interrupted
2025-10-17 11:01:23,073 [grpc-default-executor-4] INFO  impl.VoteContext (VoteContext.java:log(49)) - 7995ae7b-77ec-4e72-809d-814459f62ee0@group-0DBC4BFEAA43-FOLLOWER: accept ELECTION from 3a11eef6-a527-493c-8ba3-ae39ecaefa56: our priority 0 <= candidate's priority 1
2025-10-17 11:01:23,073 [grpc-default-executor-4] INFO  server.RaftServer$Division (RaftServerImpl.java:setRole(392)) - 7995ae7b-77ec-4e72-809d-814459f62ee0@group-0DBC4BFEAA43: changes role from  FOLLOWER to FOLLOWER at term 0 for candidate:3a11eef6-a527-493c-8ba3-ae39ecaefa56
2025-10-17 11:01:23,073 [grpc-default-executor-4] INFO  impl.RoleInfo (RoleInfo.java:shutdownFollowerState(121)) - 7995ae7b-77ec-4e72-809d-814459f62ee0: shutdown 7995ae7b-77ec-4e72-809d-814459f62ee0@group-0DBC4BFEAA43-FollowerState
2025-10-17 11:01:23,074 [grpc-default-executor-4] INFO  impl.RoleInfo (RoleInfo.java:updateAndGet(148)) - 7995ae7b-77ec-4e72-809d-814459f62ee0: start 7995ae7b-77ec-4e72-809d-814459f62ee0@group-0DBC4BFEAA43-FollowerState
2025-10-17 11:01:23,074 [7995ae7b-77ec-4e72-809d-814459f62ee0@group-0DBC4BFEAA43-FollowerState] INFO  impl.FollowerState (FollowerState.java:runImpl(170)) - 7995ae7b-77ec-4e72-809d-814459f62ee0@group-0DBC4BFEAA43-FollowerState was interrupted
2025-10-17 11:01:23,076 [grpc-default-executor-4] INFO  server.RaftServer$Division (RaftServerImpl.java:setFirstElection(576)) - 7995ae7b-77ec-4e72-809d-814459f62ee0@group-0DBC4BFEAA43: set firstElectionSinceStartup to false for candidate:3a11eef6-a527-493c-8ba3-ae39ecaefa56
2025-10-17 11:01:23,077 [grpc-default-executor-3] INFO  server.RaftServer$Division (RaftServerImpl.java:requestVote(1455)) - 28c08cd4-c049-4c66-8210-e254cf68b291@group-0DBC4BFEAA43 replies to ELECTION vote request: 3a11eef6-a527-493c-8ba3-ae39ecaefa56<-28c08cd4-c049-4c66-8210-e254cf68b291#0:OK-t1-last:<INITIAL_VALUE>. Peer's state: 28c08cd4-c049-4c66-8210-e254cf68b291@group-0DBC4BFEAA43:t1, leader=null, voted=3a11eef6-a527-493c-8ba3-ae39ecaefa56, raftlog=Memoized:28c08cd4-c049-4c66-8210-e254cf68b291@group-0DBC4BFEAA43-SegmentedRaftLog:OPENED:c-1:lastnull, conf=conf: {index: -1, cur=peers:[28c08cd4-c049-4c66-8210-e254cf68b291|127.0.0.1:15087, 3a11eef6-a527-493c-8ba3-ae39ecaefa56|127.0.0.1:15103, 7995ae7b-77ec-4e72-809d-814459f62ee0|127.0.0.1:15095]|listeners:[], old=null}
2025-10-17 11:01:23,077 [grpc-default-executor-4] INFO  server.RaftServer$Division (RaftServerImpl.java:requestVote(1455)) - 7995ae7b-77ec-4e72-809d-814459f62ee0@group-0DBC4BFEAA43 replies to ELECTION vote request: 3a11eef6-a527-493c-8ba3-ae39ecaefa56<-7995ae7b-77ec-4e72-809d-814459f62ee0#0:OK-t1-last:<INITIAL_VALUE>. Peer's state: 7995ae7b-77ec-4e72-809d-814459f62ee0@group-0DBC4BFEAA43:t1, leader=null, voted=3a11eef6-a527-493c-8ba3-ae39ecaefa56, raftlog=Memoized:7995ae7b-77ec-4e72-809d-814459f62ee0@group-0DBC4BFEAA43-SegmentedRaftLog:OPENED:c-1:lastnull, conf=conf: {index: -1, cur=peers:[28c08cd4-c049-4c66-8210-e254cf68b291|127.0.0.1:15087, 3a11eef6-a527-493c-8ba3-ae39ecaefa56|127.0.0.1:15103, 7995ae7b-77ec-4e72-809d-814459f62ee0|127.0.0.1:15095]|listeners:[], old=null}
2025-10-17 11:01:23,079 [3a11eef6-a527-493c-8ba3-ae39ecaefa56@group-0DBC4BFEAA43-LeaderElection27] INFO  impl.LeaderElection (LeaderElection.java:logAndReturn(206)) - 3a11eef6-a527-493c-8ba3-ae39ecaefa56@group-0DBC4BFEAA43-LeaderElection27: ELECTION PASSED received 1 response(s) and 0 exception(s):
2025-10-17 11:01:23,079 [3a11eef6-a527-493c-8ba3-ae39ecaefa56@group-0DBC4BFEAA43-LeaderElection27] INFO  impl.LeaderElection (LeaderElection.java:logAndReturn(210)) -   Response 0: 3a11eef6-a527-493c-8ba3-ae39ecaefa56<-28c08cd4-c049-4c66-8210-e254cf68b291#0:OK-t1-last:<INITIAL_VALUE>
2025-10-17 11:01:23,080 [3a11eef6-a527-493c-8ba3-ae39ecaefa56@group-0DBC4BFEAA43-LeaderElection27] INFO  impl.LeaderElection (LeaderElection.java:askForVotes(450)) - 3a11eef6-a527-493c-8ba3-ae39ecaefa56@group-0DBC4BFEAA43-LeaderElection27 ELECTION round 0: result PASSED
2025-10-17 11:01:23,080 [3a11eef6-a527-493c-8ba3-ae39ecaefa56@group-0DBC4BFEAA43-LeaderElection27] INFO  impl.RoleInfo (RoleInfo.java:shutdownLeaderElection(141)) - 3a11eef6-a527-493c-8ba3-ae39ecaefa56: shutdown 3a11eef6-a527-493c-8ba3-ae39ecaefa56@group-0DBC4BFEAA43-LeaderElection27
2025-10-17 11:01:23,080 [3a11eef6-a527-493c-8ba3-ae39ecaefa56@group-0DBC4BFEAA43-LeaderElection27] INFO  server.RaftServer$Division (RaftServerImpl.java:setRole(392)) - 3a11eef6-a527-493c-8ba3-ae39ecaefa56@group-0DBC4BFEAA43: changes role from CANDIDATE to LEADER at term 1 for changeToLeader
2025-10-17 11:01:23,080 [3a11eef6-a527-493c-8ba3-ae39ecaefa56@group-0DBC4BFEAA43-LeaderElection27] INFO  server.RaftServerConfigKeys (ConfUtils.java:logFallback(69)) - raft.server.staging.timeout = 15600ms (fallback to raft.server.rpc.timeout.max)
2025-10-17 11:01:23,080 [3a11eef6-a527-493c-8ba3-ae39ecaefa56@group-0DBC4BFEAA43-LeaderElection27] INFO  server.RaftServerConfigKeys (ConfUtils.java:logGet(62)) - raft.server.write.byte-limit = 1024 M (=1073741824) (custom)
2025-10-17 11:01:23,082 [3a11eef6-a527-493c-8ba3-ae39ecaefa56@group-0DBC4BFEAA43-LeaderElection27] INFO  server.RaftServerConfigKeys (ConfUtils.java:logGet(62)) - raft.server.log.appender.buffer.byte-limit = 33554432 (custom)
2025-10-17 11:01:23,084 [3a11eef6-a527-493c-8ba3-ae39ecaefa56@group-0DBC4BFEAA43-LeaderElection27] INFO  server.RaftServerConfigKeys (ConfUtils.java:logGet(62)) - raft.server.log.appender.buffer.byte-limit = 33554432 (custom)
2025-10-17 11:01:23,084 [3a11eef6-a527-493c-8ba3-ae39ecaefa56@group-0DBC4BFEAA43-LeaderElection27] INFO  impl.RoleInfo (RoleInfo.java:updateAndGet(148)) - 3a11eef6-a527-493c-8ba3-ae39ecaefa56: start 3a11eef6-a527-493c-8ba3-ae39ecaefa56@group-0DBC4BFEAA43-LeaderStateImpl
]]></system-out>
  </testcase>
  <testcase name="bucketUsedBytesOverWrite(BucketLayout)[2]" classname="org.apache.hadoop.ozone.client.rpc.TestSecureOzoneRpcClient" time="0.143">
    <system-out><![CDATA[2025-10-17 11:01:23,085 [3a11eef6-a527-493c-8ba3-ae39ecaefa56@group-0DBC4BFEAA43-LeaderElection27] INFO  server.RaftServer$Division (RaftServerImpl.java:setFirstElection(576)) - 3a11eef6-a527-493c-8ba3-ae39ecaefa56@group-0DBC4BFEAA43: set firstElectionSinceStartup to false for becomeLeader
2025-10-17 11:01:23,085 [3a11eef6-a527-493c-8ba3-ae39ecaefa56@group-0DBC4BFEAA43-LeaderElection27] INFO  ratis.XceiverServerRatis (XceiverServerRatis.java:handleLeaderChangedNotification(940)) - Leader change notification received for group: group-0DBC4BFEAA43 with new leaderId: 3a11eef6-a527-493c-8ba3-ae39ecaefa56
2025-10-17 11:01:23,103 | INFO  | SCMAudit | user=runner | ip=127.0.0.1 | op=SEND_HEARTBEAT {"datanodeUUID":"3a11eef6-a527-493c-8ba3-ae39ecaefa56","term":"2","command":"[]"} | ret=SUCCESS |  
2025-10-17 11:01:23,086 [3a11eef6-a527-493c-8ba3-ae39ecaefa56@group-0DBC4BFEAA43-LeaderElection27] INFO  server.RaftServer$Division (ServerState.java:setLeader(272)) - 3a11eef6-a527-493c-8ba3-ae39ecaefa56@group-0DBC4BFEAA43: change Leader from null to 3a11eef6-a527-493c-8ba3-ae39ecaefa56 at term 1 for becomeLeader, leader elected after 1236ms
2025-10-17 11:01:23,105 [3a11eef6-a527-493c-8ba3-ae39ecaefa56@group-0DBC4BFEAA43-LeaderElection27] INFO  segmented.SegmentedRaftLogWorker (SegmentedRaftLogWorker.java:startLogSegment(440)) - 3a11eef6-a527-493c-8ba3-ae39ecaefa56@group-0DBC4BFEAA43-SegmentedRaftLogWorker: Starting segment from index:0
2025-10-17 11:01:23,105 [3a11eef6-a527-493c-8ba3-ae39ecaefa56@group-0DBC4BFEAA43-LeaderElection27] INFO  server.RaftServer$Division (ServerState.java:setRaftConf(386)) - 3a11eef6-a527-493c-8ba3-ae39ecaefa56@group-0DBC4BFEAA43: set configuration conf: {index: 0, cur=peers:[28c08cd4-c049-4c66-8210-e254cf68b291|127.0.0.1:15087, 3a11eef6-a527-493c-8ba3-ae39ecaefa56|127.0.0.1:15103, 7995ae7b-77ec-4e72-809d-814459f62ee0|127.0.0.1:15095]|listeners:[], old=null}
2025-10-17 11:01:23,106 [3a11eef6-a527-493c-8ba3-ae39ecaefa56@group-0DBC4BFEAA43-SegmentedRaftLogWorker] INFO  segmented.BufferedWriteChannel (BufferedWriteChannel.java:open(61)) - open log_inprogress_0 at position 0
2025-10-17 11:01:23,106 [EventQueue-PipelineReportForPipelineReportHandler] INFO  pipeline.PipelineReportHandler (PipelineReportHandler.java:processPipelineReport(132)) - Opened pipeline Pipeline-7345f0ea-8df2-4439-b2f1-0dbc4bfeaa43
2025-10-17 11:01:23,110 [ForkJoinPool-1-worker-1] INFO  rpc.RpcClient (RpcClient.java:createVolume(461)) - Creating Volume: 4fda9212-c118-441f-aec4-20fe20389612, with runner as owner and space quota set to -1 bytes, counts quota set to -1
2025-10-17 11:01:23,117 [grpc-default-executor-2] INFO  ratis.XceiverServerRatis (XceiverServerRatis.java:handleLeaderChangedNotification(940)) - Leader change notification received for group: group-0DBC4BFEAA43 with new leaderId: 3a11eef6-a527-493c-8ba3-ae39ecaefa56
2025-10-17 11:01:23,119 [grpc-default-executor-2] INFO  server.RaftServer$Division (ServerState.java:setLeader(272)) - 7995ae7b-77ec-4e72-809d-814459f62ee0@group-0DBC4BFEAA43: change Leader from null to 3a11eef6-a527-493c-8ba3-ae39ecaefa56 at term 1 for appendEntries, leader elected after 1340ms
2025-10-17 11:01:23,119 [grpc-default-executor-4] INFO  ratis.XceiverServerRatis (XceiverServerRatis.java:handleLeaderChangedNotification(940)) - Leader change notification received for group: group-0DBC4BFEAA43 with new leaderId: 3a11eef6-a527-493c-8ba3-ae39ecaefa56
2025-10-17 11:01:23,119 [grpc-default-executor-4] INFO  server.RaftServer$Division (ServerState.java:setLeader(272)) - 28c08cd4-c049-4c66-8210-e254cf68b291@group-0DBC4BFEAA43: change Leader from null to 3a11eef6-a527-493c-8ba3-ae39ecaefa56 at term 1 for appendEntries, leader elected after 1304ms
2025-10-17 11:01:23,119 [grpc-default-executor-4] INFO  server.RaftServer$Division (ServerState.java:setRaftConf(386)) - 28c08cd4-c049-4c66-8210-e254cf68b291@group-0DBC4BFEAA43: set configuration conf: {index: 0, cur=peers:[28c08cd4-c049-4c66-8210-e254cf68b291|127.0.0.1:15087, 3a11eef6-a527-493c-8ba3-ae39ecaefa56|127.0.0.1:15103, 7995ae7b-77ec-4e72-809d-814459f62ee0|127.0.0.1:15095]|listeners:[], old=null}
2025-10-17 11:01:23,119 [grpc-default-executor-4] INFO  segmented.SegmentedRaftLogWorker (SegmentedRaftLogWorker.java:startLogSegment(440)) - 28c08cd4-c049-4c66-8210-e254cf68b291@group-0DBC4BFEAA43-SegmentedRaftLogWorker: Starting segment from index:0
2025-10-17 11:01:23,119 [grpc-default-executor-3] INFO  server.RaftServer$Division (ServerState.java:setRaftConf(386)) - 7995ae7b-77ec-4e72-809d-814459f62ee0@group-0DBC4BFEAA43: set configuration conf: {index: 0, cur=peers:[28c08cd4-c049-4c66-8210-e254cf68b291|127.0.0.1:15087, 3a11eef6-a527-493c-8ba3-ae39ecaefa56|127.0.0.1:15103, 7995ae7b-77ec-4e72-809d-814459f62ee0|127.0.0.1:15095]|listeners:[], old=null}
2025-10-17 11:01:23,120 [grpc-default-executor-3] INFO  segmented.SegmentedRaftLogWorker (SegmentedRaftLogWorker.java:startLogSegment(440)) - 7995ae7b-77ec-4e72-809d-814459f62ee0@group-0DBC4BFEAA43-SegmentedRaftLogWorker: Starting segment from index:0
2025-10-17 11:01:23,120 [28c08cd4-c049-4c66-8210-e254cf68b291@group-0DBC4BFEAA43-SegmentedRaftLogWorker] INFO  segmented.BufferedWriteChannel (BufferedWriteChannel.java:open(61)) - open log_inprogress_0 at position 0
2025-10-17 11:01:23,119 [om1-OMStateMachineApplyTransactionThread - 0] INFO  volume.OMVolumeCreateRequest (OMVolumeCreateRequest.java:validateAndUpdateCache(213)) - created volume:4fda9212-c118-441f-aec4-20fe20389612 for user:runner
2025-10-17 11:01:23,120 [3a11eef6-a527-493c-8ba3-ae39ecaefa56@group-0DBC4BFEAA43-SegmentedRaftLogWorker] INFO  segmented.SegmentedRaftLogWorker (SegmentedRaftLogWorker.java:execute(647)) - 3a11eef6-a527-493c-8ba3-ae39ecaefa56@group-0DBC4BFEAA43-SegmentedRaftLogWorker: created new log segment /home/runner/work/ozone/ozone/hadoop-ozone/integration-test/target/test-dir/MiniOzoneClusterImpl-d1ffa5d3-3301-45c3-9f44-1ffa6967d237/ozone-metadata/datanode-12/ratis/7345f0ea-8df2-4439-b2f1-0dbc4bfeaa43/current/log_inprogress_0
2025-10-17 11:01:23,121 [7995ae7b-77ec-4e72-809d-814459f62ee0@group-0DBC4BFEAA43-SegmentedRaftLogWorker] INFO  segmented.BufferedWriteChannel (BufferedWriteChannel.java:open(61)) - open log_inprogress_0 at position 0
2025-10-17 11:01:23,121 | INFO  | OMAudit | user=runner | ip=127.0.0.1 | op=CREATE_VOLUME {"admin":"runner","owner":"runner","volume":"4fda9212-c118-441f-aec4-20fe20389612","creationTime":"1760698883114","modificationTime":"1760698883114","quotaInBytes":"-1","quotaInNamespace":"-1","usedNamespace":"0","objectID":"-9223372036854774016","updateID":"7","Transaction":"7"} | ret=SUCCESS |  
2025-10-17 11:01:23,128 [28c08cd4-c049-4c66-8210-e254cf68b291@group-0DBC4BFEAA43-SegmentedRaftLogWorker] INFO  segmented.SegmentedRaftLogWorker (SegmentedRaftLogWorker.java:execute(647)) - 28c08cd4-c049-4c66-8210-e254cf68b291@group-0DBC4BFEAA43-SegmentedRaftLogWorker: created new log segment /home/runner/work/ozone/ozone/hadoop-ozone/integration-test/target/test-dir/MiniOzoneClusterImpl-d1ffa5d3-3301-45c3-9f44-1ffa6967d237/ozone-metadata/datanode-10/ratis/7345f0ea-8df2-4439-b2f1-0dbc4bfeaa43/current/log_inprogress_0
2025-10-17 11:01:23,128 [7995ae7b-77ec-4e72-809d-814459f62ee0@group-0DBC4BFEAA43-SegmentedRaftLogWorker] INFO  segmented.SegmentedRaftLogWorker (SegmentedRaftLogWorker.java:execute(647)) - 7995ae7b-77ec-4e72-809d-814459f62ee0@group-0DBC4BFEAA43-SegmentedRaftLogWorker: created new log segment /home/runner/work/ozone/ozone/hadoop-ozone/integration-test/target/test-dir/MiniOzoneClusterImpl-d1ffa5d3-3301-45c3-9f44-1ffa6967d237/ozone-metadata/datanode-11/ratis/7345f0ea-8df2-4439-b2f1-0dbc4bfeaa43/current/log_inprogress_0
2025-10-17 11:01:23,127 | INFO  | OMAudit | user=runner | ip=127.0.0.1 | op=READ_VOLUME {"volume":"4fda9212-c118-441f-aec4-20fe20389612"} | ret=SUCCESS |  
2025-10-17 11:01:23,130 [ForkJoinPool-1-worker-1] INFO  rpc.RpcClient (RpcClient.java:createBucket(686)) - Creating Bucket: 4fda9212-c118-441f-aec4-20fe20389612/aca8658f-f4f1-4480-b114-08962cdbfeeb, with bucket layout LEGACY, runner as owner, Versioning true, Storage Type set to DISK and Encryption set to false, Replication Type set to server-side default replication type, Namespace Quota set to -1, Space Quota set to -1 
2025-10-17 11:01:23,132 [3a11eef6-a527-493c-8ba3-ae39ecaefa56@group-0DBC4BFEAA43-StateMachineUpdater] INFO  server.RaftServer$Division (LeaderStateImpl.java:checkStartIndex(309)) - Leader 3a11eef6-a527-493c-8ba3-ae39ecaefa56@group-0DBC4BFEAA43-LeaderStateImpl is ready since appliedIndex == startIndex == 0
2025-10-17 11:01:23,133 [om1-OMStateMachineApplyTransactionThread - 0] INFO  bucket.OMBucketCreateRequest (OMBucketCreateRequest.java:validateAndUpdateCache(303)) - created bucket: aca8658f-f4f1-4480-b114-08962cdbfeeb of layout LEGACY in volume: 4fda9212-c118-441f-aec4-20fe20389612
2025-10-17 11:01:23,133 | INFO  | OMAudit | user=runner | ip=127.0.0.1 | op=CREATE_BUCKET {"volume":"4fda9212-c118-441f-aec4-20fe20389612","bucket":"aca8658f-f4f1-4480-b114-08962cdbfeeb","bucketLayout":"LEGACY","gdprEnabled":null,"acls":"[user:runner:a[ACCESS], group:runner:rl[ACCESS]]","isVersionEnabled":"true","storageType":"DISK","creationTime":"1760698883131","bucketEncryptionKey":null,"modificationTime":"1760698883131","usedBytes":"0","usedNamespace":"0","snapshotUsedBytes":"0","snapshotUsedNamespace":"0","owner":"runner","replicationType":null,"replicationConfig":null,"quotaInBytes":"-1","quotaInNamespace":"-1","Transaction":"8"} | ret=SUCCESS |  
2025-10-17 11:01:23,136 | INFO  | OMAudit | user=runner | ip=127.0.0.1 | op=READ_BUCKET {"volume":"4fda9212-c118-441f-aec4-20fe20389612","bucket":"aca8658f-f4f1-4480-b114-08962cdbfeeb"} | ret=SUCCESS |  
2025-10-17 11:01:23,141 | INFO  | OMAudit | user=runner | ip=127.0.0.1 | op=READ_BUCKET {"volume":"4fda9212-c118-441f-aec4-20fe20389612","bucket":"aca8658f-f4f1-4480-b114-08962cdbfeeb"} | ret=SUCCESS |  
2025-10-17 11:01:23,145 | INFO  | SCMAudit | user=runner | ip=127.0.0.1 | op=ALLOCATE_BLOCK {"replication":"RATIS/ONE","owner":"omServiceIdDefault","size":"4194304","sampleBlocks":"[conID: 3 locID: 115816896921600003]","num":"1","client":"","allocated":"1"} | ret=SUCCESS |  
2025-10-17 11:01:23,149 | INFO  | OMAudit | user=runner | ip=127.0.0.1 | op=ALLOCATE_KEY {"volume":"4fda9212-c118-441f-aec4-20fe20389612","bucket":"aca8658f-f4f1-4480-b114-08962cdbfeeb","key":"9f9fd360-a9b1-4bf2-b147-95a67a21c288","dataSize":"12","replicationType":"RATIS","replicationFactor":"ONE","Transaction":"9"} | ret=SUCCESS |  
2025-10-17 11:01:23,168 | INFO  | ContainerLog | ID=3 | Index=0 | BCSID=0 | State=OPEN | Volume=/home/runner/work/ozone/ozone/hadoop-ozone/integration-test/target/test-dir/MiniOzoneClusterImpl-d1ffa5d3-3301-45c3-9f44-1ffa6967d237/ozone-metadata/datanode-4/data-0/hdds | DataChecksum=0 |  
2025-10-17 11:01:23,171 | INFO  | SCMAudit | user=runner | ip=127.0.0.1 | op=SEND_HEARTBEAT {"datanodeUUID":"b6f92338-e951-49df-a986-ea31ece96e9e","term":"2","command":"[]"} | ret=SUCCESS |  
2025-10-17 11:01:23,171 | INFO  | SCMAudit | user=runner | ip=127.0.0.1 | op=SEND_HEARTBEAT {"datanodeUUID":"718bfa29-2c47-4ab5-ac61-3dfe9c6b9d5c","term":"2","command":"[]"} | ret=SUCCESS |  
2025-10-17 11:01:23,173 [b6f92338-e951-49df-a986-ea31ece96e9e-CreatePipelineCommandHandlerThread-0] INFO  server.RaftServer (RaftServerProxy.java:addNew(105)) - b6f92338-e951-49df-a986-ea31ece96e9e: addNew group-FF9FB0C4E76C:[b6f92338-e951-49df-a986-ea31ece96e9e|127.0.0.1:15111] returns group-FF9FB0C4E76C:java.util.concurrent.CompletableFuture@61f665cc[Not completed]
2025-10-17 11:01:23,174 [b6f92338-e951-49df-a986-ea31ece96e9e-groupManagement] INFO  server.RaftServer$Division (RaftServerImpl.java:<init>(268)) - b6f92338-e951-49df-a986-ea31ece96e9e: new RaftServerImpl for group-FF9FB0C4E76C:[b6f92338-e951-49df-a986-ea31ece96e9e|127.0.0.1:15111] with ContainerStateMachine:uninitialized
2025-10-17 11:01:23,175 [b6f92338-e951-49df-a986-ea31ece96e9e-groupManagement] INFO  server.RaftServer$Division (ServerState.java:<init>(114)) - b6f92338-e951-49df-a986-ea31ece96e9e@group-FF9FB0C4E76C: ConfigurationManager, init=conf: {index: -1, cur=peers:[b6f92338-e951-49df-a986-ea31ece96e9e|127.0.0.1:15111]|listeners:[], old=null}, confs=<EMPTY_MAP>
2025-10-17 11:01:23,181 [b6f92338-e951-49df-a986-ea31ece96e9e-groupManagement] INFO  server.RaftServerConfigKeys (ConfUtils.java:logGet(62)) - raft.server.storage.dir = [/home/runner/work/ozone/ozone/hadoop-ozone/integration-test/target/test-dir/MiniOzoneClusterImpl-d1ffa5d3-3301-45c3-9f44-1ffa6967d237/ozone-metadata/datanode-13/ratis] (custom)
2025-10-17 11:01:23,181 [b6f92338-e951-49df-a986-ea31ece96e9e-groupManagement] INFO  storage.RaftStorageDirectory (RaftStorageDirectoryImpl.java:analyzeStorage(138)) - The storage directory /home/runner/work/ozone/ozone/hadoop-ozone/integration-test/target/test-dir/MiniOzoneClusterImpl-d1ffa5d3-3301-45c3-9f44-1ffa6967d237/ozone-metadata/datanode-13/ratis/f8b0d738-cfda-4f0f-9937-ff9fb0c4e76c does not exist. Creating ...
2025-10-17 11:01:23,183 [b6f92338-e951-49df-a986-ea31ece96e9e-groupManagement] INFO  storage.RaftStorageDirectory (RaftStorageDirectoryImpl.java:tryLock(229)) - Lock on /home/runner/work/ozone/ozone/hadoop-ozone/integration-test/target/test-dir/MiniOzoneClusterImpl-d1ffa5d3-3301-45c3-9f44-1ffa6967d237/ozone-metadata/datanode-13/ratis/f8b0d738-cfda-4f0f-9937-ff9fb0c4e76c/in_use.lock acquired by nodename 40979@localhost
2025-10-17 11:01:23,184 | INFO  | OMAudit | user=runner | ip=127.0.0.1 | op=COMMIT_KEY {"volume":"4fda9212-c118-441f-aec4-20fe20389612","bucket":"aca8658f-f4f1-4480-b114-08962cdbfeeb","key":"9f9fd360-a9b1-4bf2-b147-95a67a21c288","dataSize":"12","replicationType":"RATIS","replicationFactor":"ONE","Transaction":"10"} | ret=SUCCESS |  
2025-10-17 11:01:23,185 [b6f92338-e951-49df-a986-ea31ece96e9e-groupManagement] INFO  storage.RaftStorage (RaftStorageImpl.java:format(98)) - Storage directory /home/runner/work/ozone/ozone/hadoop-ozone/integration-test/target/test-dir/MiniOzoneClusterImpl-d1ffa5d3-3301-45c3-9f44-1ffa6967d237/ozone-metadata/datanode-13/ratis/f8b0d738-cfda-4f0f-9937-ff9fb0c4e76c has been successfully formatted.
2025-10-17 11:01:23,185 [b6f92338-e951-49df-a986-ea31ece96e9e-groupManagement] INFO  ratis.ContainerStateMachine (ContainerStateMachine.java:initialize(339)) - b6f92338-e951-49df-a986-ea31ece96e9e: initialize group-FF9FB0C4E76C
2025-10-17 11:01:23,185 [b6f92338-e951-49df-a986-ea31ece96e9e-groupManagement] INFO  ratis.ContainerStateMachine (ContainerStateMachine.java:loadSnapshot(347)) - group-FF9FB0C4E76C: The snapshot info is null. Setting the last applied index to:<INITIAL_VALUE>
2025-10-17 11:01:23,186 [b6f92338-e951-49df-a986-ea31ece96e9e-groupManagement] INFO  server.RaftServerConfigKeys (ConfUtils.java:logGet(62)) - raft.server.log.appender.buffer.byte-limit = 33554432 (custom)
2025-10-17 11:01:23,187 | INFO  | OMAudit | user=runner | ip=127.0.0.1 | op=READ_VOLUME {"volume":"4fda9212-c118-441f-aec4-20fe20389612"} | ret=SUCCESS |  
2025-10-17 11:01:23,189 | INFO  | SCMAudit | user=runner | ip=127.0.0.1 | op=SEND_HEARTBEAT {"datanodeUUID":"b6f92338-e951-49df-a986-ea31ece96e9e","term":"2","command":"[]"} | ret=SUCCESS |  
2025-10-17 11:01:23,190 | INFO  | OMAudit | user=runner | ip=127.0.0.1 | op=READ_BUCKET {"volume":"4fda9212-c118-441f-aec4-20fe20389612","bucket":"aca8658f-f4f1-4480-b114-08962cdbfeeb"} | ret=SUCCESS |  
2025-10-17 11:01:23,192 [EventQueue-PipelineReportForPipelineReportHandler] INFO  pipeline.PipelineReportHandler (PipelineReportHandler.java:processPipelineReport(132)) - Opened pipeline Pipeline-f8b0d738-cfda-4f0f-9937-ff9fb0c4e76c
2025-10-17 11:01:23,193 [b6f92338-e951-49df-a986-ea31ece96e9e-groupManagement] INFO  server.RaftServerConfigKeys (ConfUtils.java:logGet(62)) - raft.server.log.segment.size.max = 67108864 (custom)
2025-10-17 11:01:23,193 [b6f92338-e951-49df-a986-ea31ece96e9e-groupManagement] INFO  server.RaftServerConfigKeys (ConfUtils.java:logGet(62)) - raft.server.log.appender.buffer.byte-limit = 33554432 (custom)
2025-10-17 11:01:23,194 | INFO  | OMAudit | user=runner | ip=127.0.0.1 | op=READ_BUCKET {"volume":"4fda9212-c118-441f-aec4-20fe20389612","bucket":"aca8658f-f4f1-4480-b114-08962cdbfeeb"} | ret=SUCCESS |  
2025-10-17 11:01:23,194 [b6f92338-e951-49df-a986-ea31ece96e9e-groupManagement] INFO  util.AwaitToRun (AwaitToRun.java:start(81)) - Thread[#1853,b6f92338-e951-49df-a986-ea31ece96e9e@group-FF9FB0C4E76C-cacheEviction-AwaitToRun,5,main] started
2025-10-17 11:01:23,194 [b6f92338-e951-49df-a986-ea31ece96e9e-groupManagement] INFO  segmented.SegmentedRaftLogWorker (SegmentedRaftLogWorker.java:<init>(190)) - new b6f92338-e951-49df-a986-ea31ece96e9e@group-FF9FB0C4E76C-SegmentedRaftLogWorker for RaftStorageImpl:Storage Directory /home/runner/work/ozone/ozone/hadoop-ozone/integration-test/target/test-dir/MiniOzoneClusterImpl-d1ffa5d3-3301-45c3-9f44-1ffa6967d237/ozone-metadata/datanode-13/ratis/f8b0d738-cfda-4f0f-9937-ff9fb0c4e76c
2025-10-17 11:01:23,195 [b6f92338-e951-49df-a986-ea31ece96e9e-groupManagement] INFO  server.RaftServerConfigKeys (ConfUtils.java:logGet(62)) - raft.server.log.queue.byte-limit = 4294967296 (custom)
2025-10-17 11:01:23,195 [b6f92338-e951-49df-a986-ea31ece96e9e-groupManagement] INFO  server.RaftServerConfigKeys (ConfUtils.java:logGet(62)) - raft.server.log.segment.size.max = 67108864 (custom)
2025-10-17 11:01:23,195 [b6f92338-e951-49df-a986-ea31ece96e9e-groupManagement] INFO  server.RaftServerConfigKeys (ConfUtils.java:logGet(62)) - raft.server.log.preallocated.size = 4194304 (custom)
2025-10-17 11:01:23,196 [b6f92338-e951-49df-a986-ea31ece96e9e-groupManagement] INFO  server.RaftServerConfigKeys (ConfUtils.java:logGet(62)) - raft.server.log.write.buffer.size = 33554440 (custom)
2025-10-17 11:01:23,198 | INFO  | SCMAudit | user=runner | ip=127.0.0.1 | op=ALLOCATE_BLOCK {"replication":"RATIS/ONE","owner":"omServiceIdDefault","size":"4194304","sampleBlocks":"[conID: 4 locID: 115816896921600004]","num":"1","client":"","allocated":"1"} | ret=SUCCESS |  
2025-10-17 11:01:23,206 [b6f92338-e951-49df-a986-ea31ece96e9e-groupManagement] INFO  server.RaftServerConfigKeys (ConfUtils.java:logGet(62)) - raft.server.log.appender.buffer.byte-limit = 33554432 (custom)
2025-10-17 11:01:23,206 [b6f92338-e951-49df-a986-ea31ece96e9e-groupManagement] INFO  segmented.SegmentedRaftLogWorker (SegmentedRaftLogWorker.java:lambda$new$0(141)) - b6f92338-e951-49df-a986-ea31ece96e9e@group-FF9FB0C4E76C-SegmentedRaftLogWorker: flushIndex: setUnconditionally 0 -> -1
2025-10-17 11:01:23,206 [b6f92338-e951-49df-a986-ea31ece96e9e-groupManagement] INFO  segmented.SegmentedRaftLogWorker (SegmentedRaftLogWorker.java:lambda$new$0(141)) - b6f92338-e951-49df-a986-ea31ece96e9e@group-FF9FB0C4E76C-SegmentedRaftLogWorker: safeCacheEvictIndex: setUnconditionally 0 -> -1
2025-10-17 11:01:23,208 | INFO  | OMAudit | user=runner | ip=127.0.0.1 | op=ALLOCATE_KEY {"volume":"4fda9212-c118-441f-aec4-20fe20389612","bucket":"aca8658f-f4f1-4480-b114-08962cdbfeeb","key":"9f9fd360-a9b1-4bf2-b147-95a67a21c288","dataSize":"12","replicationType":"RATIS","replicationFactor":"ONE","Transaction":"11"} | ret=SUCCESS |  
2025-10-17 11:01:23,208 [b6f92338-e951-49df-a986-ea31ece96e9e-groupManagement] INFO  server.RaftServer$Division (RaftServerImpl.java:start(405)) - b6f92338-e951-49df-a986-ea31ece96e9e@group-FF9FB0C4E76C: start as a follower, conf=conf: {index: -1, cur=peers:[b6f92338-e951-49df-a986-ea31ece96e9e|127.0.0.1:15111]|listeners:[], old=null}
2025-10-17 11:01:23,208 [b6f92338-e951-49df-a986-ea31ece96e9e-groupManagement] INFO  server.RaftServer$Division (RaftServerImpl.java:setRole(392)) - b6f92338-e951-49df-a986-ea31ece96e9e@group-FF9FB0C4E76C: changes role from      null to FOLLOWER at term 0 for startAsFollower
2025-10-17 11:01:23,209 [b6f92338-e951-49df-a986-ea31ece96e9e-groupManagement] INFO  impl.RoleInfo (RoleInfo.java:updateAndGet(148)) - b6f92338-e951-49df-a986-ea31ece96e9e: start b6f92338-e951-49df-a986-ea31ece96e9e@group-FF9FB0C4E76C-FollowerState
2025-10-17 11:01:23,210 [b6f92338-e951-49df-a986-ea31ece96e9e-groupManagement] INFO  util.JmxRegister (JmxRegister.java:tryRegister(44)) - Successfully registered JMX Bean with object name Ratis:service=RaftServer,group=group-FF9FB0C4E76C,id=b6f92338-e951-49df-a986-ea31ece96e9e
2025-10-17 11:01:23,210 [b6f92338-e951-49df-a986-ea31ece96e9e-groupManagement] INFO  util.JmxRegister (JmxRegister.java:register(58)) - register mxBean class org.apache.ratis.server.impl.RaftServerJmxAdapter as Ratis:service=RaftServer,group=group-FF9FB0C4E76C,id=b6f92338-e951-49df-a986-ea31ece96e9e
2025-10-17 11:01:23,211 [b6f92338-e951-49df-a986-ea31ece96e9e-groupManagement] INFO  server.RaftServer$Division (RaftServerImpl.java:start(419)) - b6f92338-e951-49df-a986-ea31ece96e9e@group-FF9FB0C4E76C: Successfully started.
2025-10-17 11:01:23,213 [b6f92338-e951-49df-a986-ea31ece96e9e-CreatePipelineCommandHandlerThread-0] INFO  ratis.XceiverServerRatis (XceiverServerRatis.java:addGroup(839)) - Created group Pipeline-f8b0d738-cfda-4f0f-9937-ff9fb0c4e76c
2025-10-17 11:01:23,213 [b6f92338-e951-49df-a986-ea31ece96e9e-CreatePipelineCommandHandlerThread-0] INFO  commandhandler.CreatePipelineCommandHandler (CreatePipelineCommandHandler.java:lambda$handle$2(141)) - Created Pipeline RATIS ONE Pipeline-f8b0d738-cfda-4f0f-9937-ff9fb0c4e76c.
2025-10-17 11:01:23,231 | INFO  | ContainerLog | ID=4 | Index=0 | BCSID=0 | State=OPEN | Volume=/home/runner/work/ozone/ozone/hadoop-ozone/integration-test/target/test-dir/MiniOzoneClusterImpl-d1ffa5d3-3301-45c3-9f44-1ffa6967d237/ozone-metadata/datanode-11/data-0/hdds | DataChecksum=0 |  
2025-10-17 11:01:23,234 | INFO  | SCMAudit | user=runner | ip=127.0.0.1 | op=SEND_HEARTBEAT {"datanodeUUID":"7995ae7b-77ec-4e72-809d-814459f62ee0","term":"2","command":"[]"} | ret=SUCCESS |  
2025-10-17 11:01:23,242 | INFO  | OMAudit | user=runner | ip=127.0.0.1 | op=COMMIT_KEY {"volume":"4fda9212-c118-441f-aec4-20fe20389612","bucket":"aca8658f-f4f1-4480-b114-08962cdbfeeb","key":"9f9fd360-a9b1-4bf2-b147-95a67a21c288","dataSize":"12","replicationType":"RATIS","replicationFactor":"ONE","Transaction":"12"} | ret=SUCCESS |  
2025-10-17 11:01:23,243 | INFO  | SCMAudit | user=runner | ip=127.0.0.1 | op=SEND_HEARTBEAT {"datanodeUUID":"dbd6f242-9b73-4bca-a110-3e2ec656b979","term":"2","command":"[]"} | ret=SUCCESS |  
2025-10-17 11:01:23,245 | INFO  | OMAudit | user=runner | ip=127.0.0.1 | op=READ_VOLUME {"volume":"4fda9212-c118-441f-aec4-20fe20389612"} | ret=SUCCESS |  
2025-10-17 11:01:23,247 | INFO  | OMAudit | user=runner | ip=127.0.0.1 | op=READ_BUCKET {"volume":"4fda9212-c118-441f-aec4-20fe20389612","bucket":"aca8658f-f4f1-4480-b114-08962cdbfeeb"} | ret=SUCCESS |  
]]></system-out>
  </testcase>
  <testcase name="bucketUsedBytesOverWrite(BucketLayout)[3]" classname="org.apache.hadoop.ozone.client.rpc.TestSecureOzoneRpcClient" time="0.097">
    <system-out><![CDATA[2025-10-17 11:01:23,251 [ForkJoinPool-1-worker-1] INFO  rpc.RpcClient (RpcClient.java:createVolume(461)) - Creating Volume: 9dd12ef3-7264-4e05-bf3c-0198eef66a6b, with runner as owner and space quota set to -1 bytes, counts quota set to -1
2025-10-17 11:01:23,253 [om1-OMStateMachineApplyTransactionThread - 0] INFO  volume.OMVolumeCreateRequest (OMVolumeCreateRequest.java:validateAndUpdateCache(213)) - created volume:9dd12ef3-7264-4e05-bf3c-0198eef66a6b for user:runner
2025-10-17 11:01:23,253 | INFO  | OMAudit | user=runner | ip=127.0.0.1 | op=CREATE_VOLUME {"admin":"runner","owner":"runner","volume":"9dd12ef3-7264-4e05-bf3c-0198eef66a6b","creationTime":"1760698883252","modificationTime":"1760698883252","quotaInBytes":"-1","quotaInNamespace":"-1","usedNamespace":"0","objectID":"-9223372036854772480","updateID":"13","Transaction":"13"} | ret=SUCCESS |  
2025-10-17 11:01:23,255 | INFO  | OMAudit | user=runner | ip=127.0.0.1 | op=READ_VOLUME {"volume":"9dd12ef3-7264-4e05-bf3c-0198eef66a6b"} | ret=SUCCESS |  
2025-10-17 11:01:23,256 [ForkJoinPool-1-worker-1] INFO  rpc.RpcClient (RpcClient.java:createBucket(686)) - Creating Bucket: 9dd12ef3-7264-4e05-bf3c-0198eef66a6b/750a7ddd-b7ef-4773-8f21-31a9db431865, with bucket layout FILE_SYSTEM_OPTIMIZED, runner as owner, Versioning true, Storage Type set to DISK and Encryption set to false, Replication Type set to server-side default replication type, Namespace Quota set to -1, Space Quota set to -1 
2025-10-17 11:01:23,258 [om1-OMStateMachineApplyTransactionThread - 0] INFO  bucket.OMBucketCreateRequest (OMBucketCreateRequest.java:validateAndUpdateCache(303)) - created bucket: 750a7ddd-b7ef-4773-8f21-31a9db431865 of layout FILE_SYSTEM_OPTIMIZED in volume: 9dd12ef3-7264-4e05-bf3c-0198eef66a6b
2025-10-17 11:01:23,259 | INFO  | OMAudit | user=runner | ip=127.0.0.1 | op=CREATE_BUCKET {"volume":"9dd12ef3-7264-4e05-bf3c-0198eef66a6b","bucket":"750a7ddd-b7ef-4773-8f21-31a9db431865","bucketLayout":"FILE_SYSTEM_OPTIMIZED","gdprEnabled":null,"acls":"[user:runner:a[ACCESS], group:runner:rl[ACCESS]]","isVersionEnabled":"true","storageType":"DISK","creationTime":"1760698883257","bucketEncryptionKey":null,"modificationTime":"1760698883257","usedBytes":"0","usedNamespace":"0","snapshotUsedBytes":"0","snapshotUsedNamespace":"0","owner":"runner","replicationType":null,"replicationConfig":null,"quotaInBytes":"-1","quotaInNamespace":"-1","Transaction":"14"} | ret=SUCCESS |  
2025-10-17 11:01:23,261 | INFO  | OMAudit | user=runner | ip=127.0.0.1 | op=READ_BUCKET {"volume":"9dd12ef3-7264-4e05-bf3c-0198eef66a6b","bucket":"750a7ddd-b7ef-4773-8f21-31a9db431865"} | ret=SUCCESS |  
2025-10-17 11:01:23,265 | INFO  | OMAudit | user=runner | ip=127.0.0.1 | op=READ_BUCKET {"volume":"9dd12ef3-7264-4e05-bf3c-0198eef66a6b","bucket":"750a7ddd-b7ef-4773-8f21-31a9db431865"} | ret=SUCCESS |  
2025-10-17 11:01:23,268 | INFO  | SCMAudit | user=runner | ip=127.0.0.1 | op=ALLOCATE_BLOCK {"replication":"RATIS/ONE","owner":"omServiceIdDefault","size":"4194304","sampleBlocks":"[conID: 3 locID: 115816896921600005]","num":"1","client":"","allocated":"1"} | ret=SUCCESS |  
2025-10-17 11:01:23,273 | INFO  | OMAudit | user=runner | ip=127.0.0.1 | op=ALLOCATE_KEY {"volume":"9dd12ef3-7264-4e05-bf3c-0198eef66a6b","bucket":"750a7ddd-b7ef-4773-8f21-31a9db431865","key":"b4910a7f-beda-47d3-a22b-19b6be37c17e","dataSize":"12","replicationType":"RATIS","replicationFactor":"ONE","Transaction":"15"} | ret=SUCCESS |  
2025-10-17 11:01:23,294 | INFO  | OMAudit | user=runner | ip=127.0.0.1 | op=COMMIT_KEY {"volume":"9dd12ef3-7264-4e05-bf3c-0198eef66a6b","bucket":"750a7ddd-b7ef-4773-8f21-31a9db431865","key":"b4910a7f-beda-47d3-a22b-19b6be37c17e","dataSize":"12","replicationType":"RATIS","replicationFactor":"ONE","Transaction":"16"} | ret=SUCCESS |  
2025-10-17 11:01:23,296 | INFO  | OMAudit | user=runner | ip=127.0.0.1 | op=READ_VOLUME {"volume":"9dd12ef3-7264-4e05-bf3c-0198eef66a6b"} | ret=SUCCESS |  
2025-10-17 11:01:23,298 [ed6e9581-5875-4278-a8db-50829892434b@group-0E6F53606E6C-FollowerState] INFO  impl.FollowerState (FollowerState.java:runImpl(161)) - ed6e9581-5875-4278-a8db-50829892434b@group-0E6F53606E6C-FollowerState: change to CANDIDATE, lastRpcElapsedTime:1012922273ns, electionTimeout:1011ms
2025-10-17 11:01:23,298 [ed6e9581-5875-4278-a8db-50829892434b@group-0E6F53606E6C-FollowerState] INFO  impl.RoleInfo (RoleInfo.java:shutdownFollowerState(121)) - ed6e9581-5875-4278-a8db-50829892434b: shutdown ed6e9581-5875-4278-a8db-50829892434b@group-0E6F53606E6C-FollowerState
2025-10-17 11:01:23,298 [ed6e9581-5875-4278-a8db-50829892434b@group-0E6F53606E6C-FollowerState] INFO  server.RaftServer$Division (RaftServerImpl.java:setRole(392)) - ed6e9581-5875-4278-a8db-50829892434b@group-0E6F53606E6C: changes role from  FOLLOWER to CANDIDATE at term 0 for changeToCandidate
2025-10-17 11:01:23,298 [ed6e9581-5875-4278-a8db-50829892434b@group-0E6F53606E6C-FollowerState] INFO  impl.RoleInfo (RoleInfo.java:updateAndGet(148)) - ed6e9581-5875-4278-a8db-50829892434b: start ed6e9581-5875-4278-a8db-50829892434b@group-0E6F53606E6C-LeaderElection28
2025-10-17 11:01:23,298 | INFO  | OMAudit | user=runner | ip=127.0.0.1 | op=READ_BUCKET {"volume":"9dd12ef3-7264-4e05-bf3c-0198eef66a6b","bucket":"750a7ddd-b7ef-4773-8f21-31a9db431865"} | ret=SUCCESS |  
2025-10-17 11:01:23,299 [ed6e9581-5875-4278-a8db-50829892434b@group-0E6F53606E6C-LeaderElection28] INFO  impl.LeaderElection (LeaderElection.java:askForVotes(448)) - ed6e9581-5875-4278-a8db-50829892434b@group-0E6F53606E6C-LeaderElection28 PRE_VOTE round 0: submit vote requests at term 0 for conf: {index: -1, cur=peers:[ed6e9581-5875-4278-a8db-50829892434b|127.0.0.1:15079]|listeners:[], old=null}
2025-10-17 11:01:23,299 [ed6e9581-5875-4278-a8db-50829892434b@group-0E6F53606E6C-LeaderElection28] INFO  impl.LeaderElection (LeaderElection.java:askForVotes(450)) - ed6e9581-5875-4278-a8db-50829892434b@group-0E6F53606E6C-LeaderElection28 PRE_VOTE round 0: result PASSED (term=0)
2025-10-17 11:01:23,301 | INFO  | OMAudit | user=runner | ip=127.0.0.1 | op=READ_BUCKET {"volume":"9dd12ef3-7264-4e05-bf3c-0198eef66a6b","bucket":"750a7ddd-b7ef-4773-8f21-31a9db431865"} | ret=SUCCESS |  
2025-10-17 11:01:23,301 [ed6e9581-5875-4278-a8db-50829892434b@group-0E6F53606E6C-LeaderElection28] INFO  impl.LeaderElection (LeaderElection.java:askForVotes(448)) - ed6e9581-5875-4278-a8db-50829892434b@group-0E6F53606E6C-LeaderElection28 ELECTION round 0: submit vote requests at term 1 for conf: {index: -1, cur=peers:[ed6e9581-5875-4278-a8db-50829892434b|127.0.0.1:15079]|listeners:[], old=null}
2025-10-17 11:01:23,301 [ed6e9581-5875-4278-a8db-50829892434b@group-0E6F53606E6C-LeaderElection28] INFO  impl.LeaderElection (LeaderElection.java:askForVotes(450)) - ed6e9581-5875-4278-a8db-50829892434b@group-0E6F53606E6C-LeaderElection28 ELECTION round 0: result PASSED (term=1)
2025-10-17 11:01:23,301 [ed6e9581-5875-4278-a8db-50829892434b@group-0E6F53606E6C-LeaderElection28] INFO  impl.RoleInfo (RoleInfo.java:shutdownLeaderElection(141)) - ed6e9581-5875-4278-a8db-50829892434b: shutdown ed6e9581-5875-4278-a8db-50829892434b@group-0E6F53606E6C-LeaderElection28
2025-10-17 11:01:23,301 [ed6e9581-5875-4278-a8db-50829892434b@group-0E6F53606E6C-LeaderElection28] INFO  server.RaftServer$Division (RaftServerImpl.java:setRole(392)) - ed6e9581-5875-4278-a8db-50829892434b@group-0E6F53606E6C: changes role from CANDIDATE to LEADER at term 1 for changeToLeader
2025-10-17 11:01:23,301 [ed6e9581-5875-4278-a8db-50829892434b@group-0E6F53606E6C-LeaderElection28] INFO  server.RaftServerConfigKeys (ConfUtils.java:logFallback(69)) - raft.server.staging.timeout = 15600ms (fallback to raft.server.rpc.timeout.max)
2025-10-17 11:01:23,302 [ed6e9581-5875-4278-a8db-50829892434b@group-0E6F53606E6C-LeaderElection28] INFO  server.RaftServerConfigKeys (ConfUtils.java:logGet(62)) - raft.server.write.byte-limit = 1024 M (=1073741824) (custom)
2025-10-17 11:01:23,304 | INFO  | SCMAudit | user=runner | ip=127.0.0.1 | op=ALLOCATE_BLOCK {"replication":"RATIS/ONE","owner":"omServiceIdDefault","size":"4194304","sampleBlocks":"[conID: 5 locID: 115816896921600006]","num":"1","client":"","allocated":"1"} | ret=SUCCESS |  
2025-10-17 11:01:23,304 [ed6e9581-5875-4278-a8db-50829892434b@group-0E6F53606E6C-LeaderElection28] INFO  impl.RoleInfo (RoleInfo.java:updateAndGet(148)) - ed6e9581-5875-4278-a8db-50829892434b: start ed6e9581-5875-4278-a8db-50829892434b@group-0E6F53606E6C-LeaderStateImpl
2025-10-17 11:01:23,304 [ed6e9581-5875-4278-a8db-50829892434b@group-0E6F53606E6C-LeaderElection28] INFO  server.RaftServer$Division (RaftServerImpl.java:setFirstElection(576)) - ed6e9581-5875-4278-a8db-50829892434b@group-0E6F53606E6C: set firstElectionSinceStartup to false for becomeLeader
2025-10-17 11:01:23,304 [ed6e9581-5875-4278-a8db-50829892434b@group-0E6F53606E6C-LeaderElection28] INFO  ratis.XceiverServerRatis (XceiverServerRatis.java:handleLeaderChangedNotification(940)) - Leader change notification received for group: group-0E6F53606E6C with new leaderId: ed6e9581-5875-4278-a8db-50829892434b
2025-10-17 11:01:23,306 [ed6e9581-5875-4278-a8db-50829892434b@group-0E6F53606E6C-LeaderElection28] INFO  server.RaftServer$Division (ServerState.java:setLeader(272)) - ed6e9581-5875-4278-a8db-50829892434b@group-0E6F53606E6C: change Leader from null to ed6e9581-5875-4278-a8db-50829892434b at term 1 for becomeLeader, leader elected after 1045ms
2025-10-17 11:01:23,306 [ed6e9581-5875-4278-a8db-50829892434b@group-0E6F53606E6C-LeaderElection28] INFO  segmented.SegmentedRaftLogWorker (SegmentedRaftLogWorker.java:startLogSegment(440)) - ed6e9581-5875-4278-a8db-50829892434b@group-0E6F53606E6C-SegmentedRaftLogWorker: Starting segment from index:0
2025-10-17 11:01:23,306 [ed6e9581-5875-4278-a8db-50829892434b@group-0E6F53606E6C-LeaderElection28] INFO  server.RaftServer$Division (ServerState.java:setRaftConf(386)) - ed6e9581-5875-4278-a8db-50829892434b@group-0E6F53606E6C: set configuration conf: {index: 0, cur=peers:[ed6e9581-5875-4278-a8db-50829892434b|127.0.0.1:15079]|listeners:[], old=null}
2025-10-17 11:01:23,306 | INFO  | SCMAudit | user=runner | ip=127.0.0.1 | op=SEND_HEARTBEAT {"datanodeUUID":"ed6e9581-5875-4278-a8db-50829892434b","term":"2","command":"[]"} | ret=SUCCESS |  
2025-10-17 11:01:23,307 [ed6e9581-5875-4278-a8db-50829892434b@group-0E6F53606E6C-SegmentedRaftLogWorker] INFO  segmented.BufferedWriteChannel (BufferedWriteChannel.java:open(61)) - open log_inprogress_0 at position 0
2025-10-17 11:01:23,311 | INFO  | OMAudit | user=runner | ip=127.0.0.1 | op=ALLOCATE_KEY {"volume":"9dd12ef3-7264-4e05-bf3c-0198eef66a6b","bucket":"750a7ddd-b7ef-4773-8f21-31a9db431865","key":"b4910a7f-beda-47d3-a22b-19b6be37c17e","dataSize":"12","replicationType":"RATIS","replicationFactor":"ONE","Transaction":"17"} | ret=SUCCESS |  
2025-10-17 11:01:23,311 [ed6e9581-5875-4278-a8db-50829892434b@group-0E6F53606E6C-SegmentedRaftLogWorker] INFO  segmented.SegmentedRaftLogWorker (SegmentedRaftLogWorker.java:execute(647)) - ed6e9581-5875-4278-a8db-50829892434b@group-0E6F53606E6C-SegmentedRaftLogWorker: created new log segment /home/runner/work/ozone/ozone/hadoop-ozone/integration-test/target/test-dir/MiniOzoneClusterImpl-d1ffa5d3-3301-45c3-9f44-1ffa6967d237/ozone-metadata/datanode-9/ratis/6ea816f1-4d1a-4203-a6c5-0e6f53606e6c/current/log_inprogress_0
2025-10-17 11:01:23,314 [ed6e9581-5875-4278-a8db-50829892434b@group-0E6F53606E6C-StateMachineUpdater] INFO  server.RaftServer$Division (LeaderStateImpl.java:checkStartIndex(309)) - Leader ed6e9581-5875-4278-a8db-50829892434b@group-0E6F53606E6C-LeaderStateImpl is ready since appliedIndex == startIndex == 0
2025-10-17 11:01:23,328 | INFO  | ContainerLog | ID=5 | Index=0 | BCSID=0 | State=OPEN | Volume=/home/runner/work/ozone/ozone/hadoop-ozone/integration-test/target/test-dir/MiniOzoneClusterImpl-d1ffa5d3-3301-45c3-9f44-1ffa6967d237/ozone-metadata/datanode-3/data-0/hdds | DataChecksum=0 |  
2025-10-17 11:01:23,331 | INFO  | SCMAudit | user=runner | ip=127.0.0.1 | op=SEND_HEARTBEAT {"datanodeUUID":"b292b6be-9482-4c30-a3e0-c9f721931b72","term":"2","command":"[]"} | ret=SUCCESS |  
2025-10-17 11:01:23,340 | INFO  | OMAudit | user=runner | ip=127.0.0.1 | op=COMMIT_KEY {"volume":"9dd12ef3-7264-4e05-bf3c-0198eef66a6b","bucket":"750a7ddd-b7ef-4773-8f21-31a9db431865","key":"b4910a7f-beda-47d3-a22b-19b6be37c17e","dataSize":"12","replicationType":"RATIS","replicationFactor":"ONE","Transaction":"18"} | ret=SUCCESS |  
2025-10-17 11:01:23,343 | INFO  | OMAudit | user=runner | ip=127.0.0.1 | op=READ_VOLUME {"volume":"9dd12ef3-7264-4e05-bf3c-0198eef66a6b"} | ret=SUCCESS |  
2025-10-17 11:01:23,345 | INFO  | OMAudit | user=runner | ip=127.0.0.1 | op=READ_BUCKET {"volume":"9dd12ef3-7264-4e05-bf3c-0198eef66a6b","bucket":"750a7ddd-b7ef-4773-8f21-31a9db431865"} | ret=SUCCESS |  
]]></system-out>
  </testcase>
  <testcase name="cannotRewriteDeletedKey(BucketLayout)[1]" classname="org.apache.hadoop.ozone.client.rpc.TestSecureOzoneRpcClient" time="0.377">
    <system-out><![CDATA[2025-10-17 11:01:23,352 [ForkJoinPool-1-worker-1] INFO  rpc.RpcClient (RpcClient.java:createVolume(461)) - Creating Volume: 1adefc5e-a81f-40cd-9e27-cfb0c3342cfc, with runner as owner and space quota set to -1 bytes, counts quota set to -1
2025-10-17 11:01:23,356 [om1-OMStateMachineApplyTransactionThread - 0] INFO  volume.OMVolumeCreateRequest (OMVolumeCreateRequest.java:validateAndUpdateCache(213)) - created volume:1adefc5e-a81f-40cd-9e27-cfb0c3342cfc for user:runner
2025-10-17 11:01:23,356 | INFO  | OMAudit | user=runner | ip=127.0.0.1 | op=CREATE_VOLUME {"admin":"runner","owner":"runner","volume":"1adefc5e-a81f-40cd-9e27-cfb0c3342cfc","creationTime":"1760698883354","modificationTime":"1760698883354","quotaInBytes":"-1","quotaInNamespace":"-1","usedNamespace":"0","objectID":"-9223372036854770944","updateID":"19","Transaction":"19"} | ret=SUCCESS |  
2025-10-17 11:01:23,360 | INFO  | OMAudit | user=runner | ip=127.0.0.1 | op=READ_VOLUME {"volume":"1adefc5e-a81f-40cd-9e27-cfb0c3342cfc"} | ret=SUCCESS |  
2025-10-17 11:01:23,361 [ForkJoinPool-1-worker-1] INFO  rpc.RpcClient (RpcClient.java:createBucket(686)) - Creating Bucket: 1adefc5e-a81f-40cd-9e27-cfb0c3342cfc/643ba6eb-0824-4065-bf7a-a2913ca18e28, with bucket layout FILE_SYSTEM_OPTIMIZED, runner as owner, Versioning false, Storage Type set to DISK and Encryption set to false, Replication Type set to server-side default replication type, Namespace Quota set to -1, Space Quota set to -1 
2025-10-17 11:01:23,364 [om1-OMStateMachineApplyTransactionThread - 0] INFO  bucket.OMBucketCreateRequest (OMBucketCreateRequest.java:validateAndUpdateCache(303)) - created bucket: 643ba6eb-0824-4065-bf7a-a2913ca18e28 of layout FILE_SYSTEM_OPTIMIZED in volume: 1adefc5e-a81f-40cd-9e27-cfb0c3342cfc
2025-10-17 11:01:23,364 | INFO  | OMAudit | user=runner | ip=127.0.0.1 | op=CREATE_BUCKET {"volume":"1adefc5e-a81f-40cd-9e27-cfb0c3342cfc","bucket":"643ba6eb-0824-4065-bf7a-a2913ca18e28","bucketLayout":"FILE_SYSTEM_OPTIMIZED","gdprEnabled":null,"acls":"[user:runner:a[ACCESS], group:runner:rl[ACCESS]]","isVersionEnabled":"false","storageType":"DISK","creationTime":"1760698883362","bucketEncryptionKey":null,"modificationTime":"1760698883362","usedBytes":"0","usedNamespace":"0","snapshotUsedBytes":"0","snapshotUsedNamespace":"0","owner":"runner","replicationType":null,"replicationConfig":null,"quotaInBytes":"-1","quotaInNamespace":"-1","Transaction":"20"} | ret=SUCCESS |  
2025-10-17 11:01:23,366 | INFO  | OMAudit | user=runner | ip=127.0.0.1 | op=READ_BUCKET {"volume":"1adefc5e-a81f-40cd-9e27-cfb0c3342cfc","bucket":"643ba6eb-0824-4065-bf7a-a2913ca18e28"} | ret=SUCCESS |  
2025-10-17 11:01:23,370 | INFO  | OMAudit | user=runner | ip=127.0.0.1 | op=READ_BUCKET {"volume":"1adefc5e-a81f-40cd-9e27-cfb0c3342cfc","bucket":"643ba6eb-0824-4065-bf7a-a2913ca18e28"} | ret=SUCCESS |  
2025-10-17 11:01:23,371 | INFO  | SCMAudit | user=runner | ip=127.0.0.1 | op=ALLOCATE_BLOCK {"replication":"RATIS/ONE","owner":"omServiceIdDefault","size":"4194304","sampleBlocks":"[conID: 3 locID: 115816896921600007]","num":"1","client":"","allocated":"1"} | ret=SUCCESS |  
2025-10-17 11:01:23,376 | INFO  | OMAudit | user=runner | ip=127.0.0.1 | op=ALLOCATE_KEY {"volume":"1adefc5e-a81f-40cd-9e27-cfb0c3342cfc","bucket":"643ba6eb-0824-4065-bf7a-a2913ca18e28","key":"cannotRewriteDeletedKey","dataSize":"36","replicationType":"RATIS","replicationFactor":"ONE","Transaction":"21"} | ret=SUCCESS |  
2025-10-17 11:01:23,390 | INFO  | OMAudit | user=runner | ip=127.0.0.1 | op=COMMIT_KEY {"volume":"1adefc5e-a81f-40cd-9e27-cfb0c3342cfc","bucket":"643ba6eb-0824-4065-bf7a-a2913ca18e28","key":"cannotRewriteDeletedKey","dataSize":"36","replicationType":"RATIS","replicationFactor":"ONE","Transaction":"22"} | ret=SUCCESS |  
2025-10-17 11:01:23,505 [a5293c95-44e9-4ea9-88ca-89089eac4b59-CreatePipelineCommandHandlerThread-0] INFO  server.RaftServer (RaftServerProxy.java:addNew(105)) - a5293c95-44e9-4ea9-88ca-89089eac4b59: addNew group-950A8AD064EC:[a5293c95-44e9-4ea9-88ca-89089eac4b59|127.0.0.1:15119] returns group-950A8AD064EC:java.util.concurrent.CompletableFuture@18fe7e73[Not completed]
2025-10-17 11:01:23,507 [a5293c95-44e9-4ea9-88ca-89089eac4b59-groupManagement] INFO  server.RaftServer$Division (RaftServerImpl.java:<init>(268)) - a5293c95-44e9-4ea9-88ca-89089eac4b59: new RaftServerImpl for group-950A8AD064EC:[a5293c95-44e9-4ea9-88ca-89089eac4b59|127.0.0.1:15119] with ContainerStateMachine:uninitialized
2025-10-17 11:01:23,508 [a5293c95-44e9-4ea9-88ca-89089eac4b59-groupManagement] INFO  server.RaftServer$Division (ServerState.java:<init>(114)) - a5293c95-44e9-4ea9-88ca-89089eac4b59@group-950A8AD064EC: ConfigurationManager, init=conf: {index: -1, cur=peers:[a5293c95-44e9-4ea9-88ca-89089eac4b59|127.0.0.1:15119]|listeners:[], old=null}, confs=<EMPTY_MAP>
2025-10-17 11:01:23,508 | INFO  | SCMAudit | user=runner | ip=127.0.0.1 | op=SEND_HEARTBEAT {"datanodeUUID":"a5293c95-44e9-4ea9-88ca-89089eac4b59","term":"2","command":"[]"} | ret=SUCCESS |  
2025-10-17 11:01:23,512 [a5293c95-44e9-4ea9-88ca-89089eac4b59-groupManagement] INFO  server.RaftServerConfigKeys (ConfUtils.java:logGet(62)) - raft.server.storage.dir = [/home/runner/work/ozone/ozone/hadoop-ozone/integration-test/target/test-dir/MiniOzoneClusterImpl-d1ffa5d3-3301-45c3-9f44-1ffa6967d237/ozone-metadata/datanode-14/ratis] (custom)
2025-10-17 11:01:23,513 [a5293c95-44e9-4ea9-88ca-89089eac4b59-groupManagement] INFO  storage.RaftStorageDirectory (RaftStorageDirectoryImpl.java:analyzeStorage(138)) - The storage directory /home/runner/work/ozone/ozone/hadoop-ozone/integration-test/target/test-dir/MiniOzoneClusterImpl-d1ffa5d3-3301-45c3-9f44-1ffa6967d237/ozone-metadata/datanode-14/ratis/db0770b4-cfb6-4df0-b01c-950a8ad064ec does not exist. Creating ...
2025-10-17 11:01:23,514 [a5293c95-44e9-4ea9-88ca-89089eac4b59-groupManagement] INFO  storage.RaftStorageDirectory (RaftStorageDirectoryImpl.java:tryLock(229)) - Lock on /home/runner/work/ozone/ozone/hadoop-ozone/integration-test/target/test-dir/MiniOzoneClusterImpl-d1ffa5d3-3301-45c3-9f44-1ffa6967d237/ozone-metadata/datanode-14/ratis/db0770b4-cfb6-4df0-b01c-950a8ad064ec/in_use.lock acquired by nodename 40979@localhost
2025-10-17 11:01:23,515 [a5293c95-44e9-4ea9-88ca-89089eac4b59-groupManagement] INFO  storage.RaftStorage (RaftStorageImpl.java:format(98)) - Storage directory /home/runner/work/ozone/ozone/hadoop-ozone/integration-test/target/test-dir/MiniOzoneClusterImpl-d1ffa5d3-3301-45c3-9f44-1ffa6967d237/ozone-metadata/datanode-14/ratis/db0770b4-cfb6-4df0-b01c-950a8ad064ec has been successfully formatted.
2025-10-17 11:01:23,516 [a5293c95-44e9-4ea9-88ca-89089eac4b59-groupManagement] INFO  ratis.ContainerStateMachine (ContainerStateMachine.java:initialize(339)) - a5293c95-44e9-4ea9-88ca-89089eac4b59: initialize group-950A8AD064EC
2025-10-17 11:01:23,516 [a5293c95-44e9-4ea9-88ca-89089eac4b59-groupManagement] INFO  ratis.ContainerStateMachine (ContainerStateMachine.java:loadSnapshot(347)) - group-950A8AD064EC: The snapshot info is null. Setting the last applied index to:<INITIAL_VALUE>
2025-10-17 11:01:23,516 [a5293c95-44e9-4ea9-88ca-89089eac4b59-groupManagement] INFO  server.RaftServerConfigKeys (ConfUtils.java:logGet(62)) - raft.server.log.appender.buffer.byte-limit = 33554432 (custom)
2025-10-17 11:01:23,519 [a5293c95-44e9-4ea9-88ca-89089eac4b59-groupManagement] INFO  server.RaftServerConfigKeys (ConfUtils.java:logGet(62)) - raft.server.log.segment.size.max = 67108864 (custom)
2025-10-17 11:01:23,519 | INFO  | SCMAudit | user=runner | ip=127.0.0.1 | op=SEND_HEARTBEAT {"datanodeUUID":"a5293c95-44e9-4ea9-88ca-89089eac4b59","term":"2","command":"[]"} | ret=SUCCESS |  
2025-10-17 11:01:23,519 [a5293c95-44e9-4ea9-88ca-89089eac4b59-groupManagement] INFO  server.RaftServerConfigKeys (ConfUtils.java:logGet(62)) - raft.server.log.appender.buffer.byte-limit = 33554432 (custom)
2025-10-17 11:01:23,520 [a5293c95-44e9-4ea9-88ca-89089eac4b59-groupManagement] INFO  util.AwaitToRun (AwaitToRun.java:start(81)) - Thread[#1878,a5293c95-44e9-4ea9-88ca-89089eac4b59@group-950A8AD064EC-cacheEviction-AwaitToRun,5,main] started
2025-10-17 11:01:23,520 [a5293c95-44e9-4ea9-88ca-89089eac4b59-groupManagement] INFO  segmented.SegmentedRaftLogWorker (SegmentedRaftLogWorker.java:<init>(190)) - new a5293c95-44e9-4ea9-88ca-89089eac4b59@group-950A8AD064EC-SegmentedRaftLogWorker for RaftStorageImpl:Storage Directory /home/runner/work/ozone/ozone/hadoop-ozone/integration-test/target/test-dir/MiniOzoneClusterImpl-d1ffa5d3-3301-45c3-9f44-1ffa6967d237/ozone-metadata/datanode-14/ratis/db0770b4-cfb6-4df0-b01c-950a8ad064ec
2025-10-17 11:01:23,521 [a5293c95-44e9-4ea9-88ca-89089eac4b59-groupManagement] INFO  server.RaftServerConfigKeys (ConfUtils.java:logGet(62)) - raft.server.log.queue.byte-limit = 4294967296 (custom)
2025-10-17 11:01:23,521 [a5293c95-44e9-4ea9-88ca-89089eac4b59-groupManagement] INFO  server.RaftServerConfigKeys (ConfUtils.java:logGet(62)) - raft.server.log.segment.size.max = 67108864 (custom)
2025-10-17 11:01:23,521 [a5293c95-44e9-4ea9-88ca-89089eac4b59-groupManagement] INFO  server.RaftServerConfigKeys (ConfUtils.java:logGet(62)) - raft.server.log.preallocated.size = 4194304 (custom)
2025-10-17 11:01:23,522 [a5293c95-44e9-4ea9-88ca-89089eac4b59-groupManagement] INFO  server.RaftServerConfigKeys (ConfUtils.java:logGet(62)) - raft.server.log.write.buffer.size = 33554440 (custom)
2025-10-17 11:01:23,524 [EventQueue-PipelineReportForPipelineReportHandler] INFO  pipeline.PipelineReportHandler (PipelineReportHandler.java:processPipelineReport(132)) - Opened pipeline Pipeline-db0770b4-cfb6-4df0-b01c-950a8ad064ec
2025-10-17 11:01:23,531 [a5293c95-44e9-4ea9-88ca-89089eac4b59-groupManagement] INFO  server.RaftServerConfigKeys (ConfUtils.java:logGet(62)) - raft.server.log.appender.buffer.byte-limit = 33554432 (custom)
2025-10-17 11:01:23,531 [a5293c95-44e9-4ea9-88ca-89089eac4b59-groupManagement] INFO  segmented.SegmentedRaftLogWorker (SegmentedRaftLogWorker.java:lambda$new$0(141)) - a5293c95-44e9-4ea9-88ca-89089eac4b59@group-950A8AD064EC-SegmentedRaftLogWorker: flushIndex: setUnconditionally 0 -> -1
2025-10-17 11:01:23,531 [a5293c95-44e9-4ea9-88ca-89089eac4b59-groupManagement] INFO  segmented.SegmentedRaftLogWorker (SegmentedRaftLogWorker.java:lambda$new$0(141)) - a5293c95-44e9-4ea9-88ca-89089eac4b59@group-950A8AD064EC-SegmentedRaftLogWorker: safeCacheEvictIndex: setUnconditionally 0 -> -1
2025-10-17 11:01:23,532 [a5293c95-44e9-4ea9-88ca-89089eac4b59-groupManagement] INFO  server.RaftServer$Division (RaftServerImpl.java:start(405)) - a5293c95-44e9-4ea9-88ca-89089eac4b59@group-950A8AD064EC: start as a follower, conf=conf: {index: -1, cur=peers:[a5293c95-44e9-4ea9-88ca-89089eac4b59|127.0.0.1:15119]|listeners:[], old=null}
2025-10-17 11:01:23,532 [a5293c95-44e9-4ea9-88ca-89089eac4b59-groupManagement] INFO  server.RaftServer$Division (RaftServerImpl.java:setRole(392)) - a5293c95-44e9-4ea9-88ca-89089eac4b59@group-950A8AD064EC: changes role from      null to FOLLOWER at term 0 for startAsFollower
2025-10-17 11:01:23,533 [a5293c95-44e9-4ea9-88ca-89089eac4b59-groupManagement] INFO  impl.RoleInfo (RoleInfo.java:updateAndGet(148)) - a5293c95-44e9-4ea9-88ca-89089eac4b59: start a5293c95-44e9-4ea9-88ca-89089eac4b59@group-950A8AD064EC-FollowerState
2025-10-17 11:01:23,533 [a5293c95-44e9-4ea9-88ca-89089eac4b59-groupManagement] INFO  util.JmxRegister (JmxRegister.java:tryRegister(44)) - Successfully registered JMX Bean with object name Ratis:service=RaftServer,group=group-950A8AD064EC,id=a5293c95-44e9-4ea9-88ca-89089eac4b59
2025-10-17 11:01:23,534 [a5293c95-44e9-4ea9-88ca-89089eac4b59-groupManagement] INFO  util.JmxRegister (JmxRegister.java:register(58)) - register mxBean class org.apache.ratis.server.impl.RaftServerJmxAdapter as Ratis:service=RaftServer,group=group-950A8AD064EC,id=a5293c95-44e9-4ea9-88ca-89089eac4b59
2025-10-17 11:01:23,537 | INFO  | SCMAudit | user=runner | ip=127.0.0.1 | op=SEND_HEARTBEAT {"datanodeUUID":"b1eee25a-1fdf-4744-83c7-58e0513fce3b","term":"2","command":"[]"} | ret=SUCCESS |  
2025-10-17 11:01:23,549 [28c08cd4-c049-4c66-8210-e254cf68b291@group-843322E62F72-FollowerState] INFO  impl.FollowerState (FollowerState.java:runImpl(161)) - 28c08cd4-c049-4c66-8210-e254cf68b291@group-843322E62F72-FollowerState: change to CANDIDATE, lastRpcElapsedTime:1031347232ns, electionTimeout:1018ms
2025-10-17 11:01:23,550 [28c08cd4-c049-4c66-8210-e254cf68b291@group-843322E62F72-FollowerState] INFO  impl.RoleInfo (RoleInfo.java:shutdownFollowerState(121)) - 28c08cd4-c049-4c66-8210-e254cf68b291: shutdown 28c08cd4-c049-4c66-8210-e254cf68b291@group-843322E62F72-FollowerState
2025-10-17 11:01:23,551 [28c08cd4-c049-4c66-8210-e254cf68b291@group-843322E62F72-FollowerState] INFO  server.RaftServer$Division (RaftServerImpl.java:setRole(392)) - 28c08cd4-c049-4c66-8210-e254cf68b291@group-843322E62F72: changes role from  FOLLOWER to CANDIDATE at term 0 for changeToCandidate
2025-10-17 11:01:23,551 [28c08cd4-c049-4c66-8210-e254cf68b291@group-843322E62F72-FollowerState] INFO  impl.RoleInfo (RoleInfo.java:updateAndGet(148)) - 28c08cd4-c049-4c66-8210-e254cf68b291: start 28c08cd4-c049-4c66-8210-e254cf68b291@group-843322E62F72-LeaderElection29
2025-10-17 11:01:23,551 [a5293c95-44e9-4ea9-88ca-89089eac4b59-groupManagement] INFO  server.RaftServer$Division (RaftServerImpl.java:start(419)) - a5293c95-44e9-4ea9-88ca-89089eac4b59@group-950A8AD064EC: Successfully started.
2025-10-17 11:01:23,552 [28c08cd4-c049-4c66-8210-e254cf68b291@group-843322E62F72-LeaderElection29] INFO  impl.LeaderElection (LeaderElection.java:askForVotes(448)) - 28c08cd4-c049-4c66-8210-e254cf68b291@group-843322E62F72-LeaderElection29 PRE_VOTE round 0: submit vote requests at term 0 for conf: {index: -1, cur=peers:[28c08cd4-c049-4c66-8210-e254cf68b291|127.0.0.1:15087]|listeners:[], old=null}
2025-10-17 11:01:23,552 [28c08cd4-c049-4c66-8210-e254cf68b291@group-843322E62F72-LeaderElection29] INFO  impl.LeaderElection (LeaderElection.java:askForVotes(450)) - 28c08cd4-c049-4c66-8210-e254cf68b291@group-843322E62F72-LeaderElection29 PRE_VOTE round 0: result PASSED (term=0)
2025-10-17 11:01:23,552 [a5293c95-44e9-4ea9-88ca-89089eac4b59-CreatePipelineCommandHandlerThread-0] INFO  ratis.XceiverServerRatis (XceiverServerRatis.java:addGroup(839)) - Created group Pipeline-db0770b4-cfb6-4df0-b01c-950a8ad064ec
2025-10-17 11:01:23,552 [a5293c95-44e9-4ea9-88ca-89089eac4b59-CreatePipelineCommandHandlerThread-0] INFO  commandhandler.CreatePipelineCommandHandler (CreatePipelineCommandHandler.java:lambda$handle$2(141)) - Created Pipeline RATIS ONE Pipeline-db0770b4-cfb6-4df0-b01c-950a8ad064ec.
2025-10-17 11:01:23,553 [28c08cd4-c049-4c66-8210-e254cf68b291@group-843322E62F72-LeaderElection29] INFO  impl.LeaderElection (LeaderElection.java:askForVotes(448)) - 28c08cd4-c049-4c66-8210-e254cf68b291@group-843322E62F72-LeaderElection29 ELECTION round 0: submit vote requests at term 1 for conf: {index: -1, cur=peers:[28c08cd4-c049-4c66-8210-e254cf68b291|127.0.0.1:15087]|listeners:[], old=null}
2025-10-17 11:01:23,554 [28c08cd4-c049-4c66-8210-e254cf68b291@group-843322E62F72-LeaderElection29] INFO  impl.LeaderElection (LeaderElection.java:askForVotes(450)) - 28c08cd4-c049-4c66-8210-e254cf68b291@group-843322E62F72-LeaderElection29 ELECTION round 0: result PASSED (term=1)
2025-10-17 11:01:23,554 [28c08cd4-c049-4c66-8210-e254cf68b291@group-843322E62F72-LeaderElection29] INFO  impl.RoleInfo (RoleInfo.java:shutdownLeaderElection(141)) - 28c08cd4-c049-4c66-8210-e254cf68b291: shutdown 28c08cd4-c049-4c66-8210-e254cf68b291@group-843322E62F72-LeaderElection29
2025-10-17 11:01:23,554 [28c08cd4-c049-4c66-8210-e254cf68b291@group-843322E62F72-LeaderElection29] INFO  server.RaftServer$Division (RaftServerImpl.java:setRole(392)) - 28c08cd4-c049-4c66-8210-e254cf68b291@group-843322E62F72: changes role from CANDIDATE to LEADER at term 1 for changeToLeader
2025-10-17 11:01:23,555 [28c08cd4-c049-4c66-8210-e254cf68b291@group-843322E62F72-LeaderElection29] INFO  server.RaftServerConfigKeys (ConfUtils.java:logFallback(69)) - raft.server.staging.timeout = 15600ms (fallback to raft.server.rpc.timeout.max)
2025-10-17 11:01:23,556 [28c08cd4-c049-4c66-8210-e254cf68b291@group-843322E62F72-LeaderElection29] INFO  server.RaftServerConfigKeys (ConfUtils.java:logGet(62)) - raft.server.write.byte-limit = 1024 M (=1073741824) (custom)
2025-10-17 11:01:23,558 [28c08cd4-c049-4c66-8210-e254cf68b291@group-843322E62F72-LeaderElection29] INFO  impl.RoleInfo (RoleInfo.java:updateAndGet(148)) - 28c08cd4-c049-4c66-8210-e254cf68b291: start 28c08cd4-c049-4c66-8210-e254cf68b291@group-843322E62F72-LeaderStateImpl
2025-10-17 11:01:23,558 [28c08cd4-c049-4c66-8210-e254cf68b291@group-843322E62F72-LeaderElection29] INFO  server.RaftServer$Division (RaftServerImpl.java:setFirstElection(576)) - 28c08cd4-c049-4c66-8210-e254cf68b291@group-843322E62F72: set firstElectionSinceStartup to false for becomeLeader
2025-10-17 11:01:23,558 [28c08cd4-c049-4c66-8210-e254cf68b291@group-843322E62F72-LeaderElection29] INFO  ratis.XceiverServerRatis (XceiverServerRatis.java:handleLeaderChangedNotification(940)) - Leader change notification received for group: group-843322E62F72 with new leaderId: 28c08cd4-c049-4c66-8210-e254cf68b291
2025-10-17 11:01:23,559 [28c08cd4-c049-4c66-8210-e254cf68b291@group-843322E62F72-LeaderElection29] INFO  server.RaftServer$Division (ServerState.java:setLeader(272)) - 28c08cd4-c049-4c66-8210-e254cf68b291@group-843322E62F72: change Leader from null to 28c08cd4-c049-4c66-8210-e254cf68b291 at term 1 for becomeLeader, leader elected after 1103ms
2025-10-17 11:01:23,559 [28c08cd4-c049-4c66-8210-e254cf68b291@group-843322E62F72-LeaderElection29] INFO  segmented.SegmentedRaftLogWorker (SegmentedRaftLogWorker.java:startLogSegment(440)) - 28c08cd4-c049-4c66-8210-e254cf68b291@group-843322E62F72-SegmentedRaftLogWorker: Starting segment from index:0
2025-10-17 11:01:23,560 [28c08cd4-c049-4c66-8210-e254cf68b291@group-843322E62F72-LeaderElection29] INFO  server.RaftServer$Division (ServerState.java:setRaftConf(386)) - 28c08cd4-c049-4c66-8210-e254cf68b291@group-843322E62F72: set configuration conf: {index: 0, cur=peers:[28c08cd4-c049-4c66-8210-e254cf68b291|127.0.0.1:15087]|listeners:[], old=null}
2025-10-17 11:01:23,560 [28c08cd4-c049-4c66-8210-e254cf68b291@group-843322E62F72-SegmentedRaftLogWorker] INFO  segmented.BufferedWriteChannel (BufferedWriteChannel.java:open(61)) - open log_inprogress_0 at position 0
2025-10-17 11:01:23,564 | INFO  | SCMAudit | user=runner | ip=127.0.0.1 | op=SEND_HEARTBEAT {"datanodeUUID":"28c08cd4-c049-4c66-8210-e254cf68b291","term":"2","command":"[]"} | ret=SUCCESS |  
2025-10-17 11:01:23,570 [28c08cd4-c049-4c66-8210-e254cf68b291@group-843322E62F72-SegmentedRaftLogWorker] INFO  segmented.SegmentedRaftLogWorker (SegmentedRaftLogWorker.java:execute(647)) - 28c08cd4-c049-4c66-8210-e254cf68b291@group-843322E62F72-SegmentedRaftLogWorker: created new log segment /home/runner/work/ozone/ozone/hadoop-ozone/integration-test/target/test-dir/MiniOzoneClusterImpl-d1ffa5d3-3301-45c3-9f44-1ffa6967d237/ozone-metadata/datanode-10/ratis/ec0c3d4d-6ff3-4aad-b043-843322e62f72/current/log_inprogress_0
2025-10-17 11:01:23,573 [28c08cd4-c049-4c66-8210-e254cf68b291@group-843322E62F72-StateMachineUpdater] INFO  server.RaftServer$Division (LeaderStateImpl.java:checkStartIndex(309)) - Leader 28c08cd4-c049-4c66-8210-e254cf68b291@group-843322E62F72-LeaderStateImpl is ready since appliedIndex == startIndex == 0
2025-10-17 11:01:23,636 | INFO  | SCMAudit | user=runner | ip=127.0.0.1 | op=GET_CONTAINER_WITH_PIPELINE_BATCH {"containerIDs":"#3,"} | ret=SUCCESS |  
2025-10-17 11:01:23,644 | INFO  | OMAudit | user=runner | ip=127.0.0.1 | op=READ_KEY {"volume":"1adefc5e-a81f-40cd-9e27-cfb0c3342cfc","bucket":"643ba6eb-0824-4065-bf7a-a2913ca18e28","key":"cannotRewriteDeletedKey","owner":null,"dataSize":"0","replicationConfig":null} | ret=SUCCESS |  
2025-10-17 11:01:23,655 | INFO  | SCMAudit | user=runner | ip=127.0.0.1 | op=SEND_HEARTBEAT {"datanodeUUID":"2b4cc429-f9c1-416c-9a38-6239a2e149ea","term":"2","command":"[]"} | ret=SUCCESS |  
2025-10-17 11:01:23,659 | INFO  | OMAudit | user=runner | ip=127.0.0.1 | op=DELETE_KEY {"volume":"1adefc5e-a81f-40cd-9e27-cfb0c3342cfc","bucket":"643ba6eb-0824-4065-bf7a-a2913ca18e28","key":"cannotRewriteDeletedKey","dataSize":"36","replicationConfig":"RATIS/ONE","Transaction":"23"} | ret=SUCCESS |  
2025-10-17 11:01:23,662 | INFO  | OMAudit | user=runner | ip=127.0.0.1 | op=READ_BUCKET {"volume":"1adefc5e-a81f-40cd-9e27-cfb0c3342cfc","bucket":"643ba6eb-0824-4065-bf7a-a2913ca18e28"} | ret=SUCCESS |  
2025-10-17 11:01:23,666 | INFO  | SCMAudit | user=runner | ip=127.0.0.1 | op=ALLOCATE_BLOCK {"replication":"RATIS/ONE","owner":"omServiceIdDefault","size":"4194304","sampleBlocks":"[conID: 6 locID: 115816896921600008]","num":"1","client":"","allocated":"1"} | ret=SUCCESS |  
2025-10-17 11:01:23,671 [om1-OMStateMachineApplyTransactionThread - 0] ERROR key.OMKeyCreateRequest (OMKeyCreateRequest.java:logResult(400)) - Key creation failed. Volume:1adefc5e-a81f-40cd-9e27-cfb0c3342cfc, Bucket:643ba6eb-0824-4065-bf7a-a2913ca18e28, Key:cannotRewriteDeletedKey. 
KEY_NOT_FOUND org.apache.hadoop.ozone.om.exceptions.OMException: Key not found during expected rewrite
	at org.apache.hadoop.ozone.om.request.key.OMKeyCreateRequest.validateAtomicRewrite(OMKeyCreateRequest.java:465)
	at org.apache.hadoop.ozone.om.request.key.OMKeyCreateRequestWithFSO.validateAndUpdateCache(OMKeyCreateRequestWithFSO.java:124)
	at org.apache.hadoop.ozone.protocolPB.OzoneManagerRequestHandler.lambda$0(OzoneManagerRequestHandler.java:418)
	at org.apache.hadoop.ozone.util.MetricUtil.captureLatencyNs(MetricUtil.java:45)
	at org.apache.hadoop.ozone.protocolPB.OzoneManagerRequestHandler.handleWriteRequestImpl(OzoneManagerRequestHandler.java:416)
	at org.apache.hadoop.ozone.protocolPB.RequestHandler.handleWriteRequest(RequestHandler.java:62)
	at org.apache.hadoop.ozone.om.ratis.OzoneManagerStateMachine.runCommand(OzoneManagerStateMachine.java:599)
	at org.apache.hadoop.ozone.om.ratis.OzoneManagerStateMachine.lambda$3(OzoneManagerStateMachine.java:415)
	at java.base/java.util.concurrent.CompletableFuture$AsyncSupply.run(CompletableFuture.java:1768)
	at java.base/java.util.concurrent.ThreadPoolExecutor.runWorker(ThreadPoolExecutor.java:1144)
	at java.base/java.util.concurrent.ThreadPoolExecutor$Worker.run(ThreadPoolExecutor.java:642)
	at java.base/java.lang.Thread.run(Thread.java:1583)
2025-10-17 11:01:23,671 | ERROR | OMAudit | user=runner | ip=127.0.0.1 | op=ALLOCATE_KEY {"volume":"1adefc5e-a81f-40cd-9e27-cfb0c3342cfc","bucket":"643ba6eb-0824-4065-bf7a-a2913ca18e28","key":"cannotRewriteDeletedKey","dataSize":"36","replicationType":"RATIS","replicationFactor":"ONE","rewriteGeneration":"22","Transaction":"24"} | ret=FAILURE | 
org.apache.hadoop.ozone.om.exceptions.OMException: Key not found during expected rewrite
	at org.apache.hadoop.ozone.om.request.key.OMKeyCreateRequest.validateAtomicRewrite(OMKeyCreateRequest.java:465)
	at org.apache.hadoop.ozone.om.request.key.OMKeyCreateRequestWithFSO.validateAndUpdateCache(OMKeyCreateRequestWithFSO.java:124)
 
]]></system-out>
  </testcase>
  <testcase name="cannotRewriteDeletedKey(BucketLayout)[2]" classname="org.apache.hadoop.ozone.client.rpc.TestSecureOzoneRpcClient" time="9.5">
    <system-out><![CDATA[2025-10-17 11:01:23,730 [ForkJoinPool-1-worker-1] INFO  rpc.RpcClient (RpcClient.java:createVolume(461)) - Creating Volume: bf2fe0bd-3ddf-4ad7-ab25-3a4117f5a87c, with runner as owner and space quota set to -1 bytes, counts quota set to -1
2025-10-17 11:01:23,735 [om1-OMStateMachineApplyTransactionThread - 0] INFO  volume.OMVolumeCreateRequest (OMVolumeCreateRequest.java:validateAndUpdateCache(213)) - created volume:bf2fe0bd-3ddf-4ad7-ab25-3a4117f5a87c for user:runner
2025-10-17 11:01:23,735 | INFO  | OMAudit | user=runner | ip=127.0.0.1 | op=CREATE_VOLUME {"admin":"runner","owner":"runner","volume":"bf2fe0bd-3ddf-4ad7-ab25-3a4117f5a87c","creationTime":"1760698883732","modificationTime":"1760698883732","quotaInBytes":"-1","quotaInNamespace":"-1","usedNamespace":"0","objectID":"-9223372036854769408","updateID":"25","Transaction":"25"} | ret=SUCCESS |  
2025-10-17 11:01:23,739 | INFO  | OMAudit | user=runner | ip=127.0.0.1 | op=READ_VOLUME {"volume":"bf2fe0bd-3ddf-4ad7-ab25-3a4117f5a87c"} | ret=SUCCESS |  
2025-10-17 11:01:23,740 [ForkJoinPool-1-worker-1] INFO  rpc.RpcClient (RpcClient.java:createBucket(686)) - Creating Bucket: bf2fe0bd-3ddf-4ad7-ab25-3a4117f5a87c/4c2b726e-388a-48e1-861b-7b22e8b146c0, with bucket layout OBJECT_STORE, runner as owner, Versioning false, Storage Type set to DISK and Encryption set to false, Replication Type set to server-side default replication type, Namespace Quota set to -1, Space Quota set to -1 
2025-10-17 11:01:23,743 [om1-OMStateMachineApplyTransactionThread - 0] INFO  bucket.OMBucketCreateRequest (OMBucketCreateRequest.java:validateAndUpdateCache(303)) - created bucket: 4c2b726e-388a-48e1-861b-7b22e8b146c0 of layout OBJECT_STORE in volume: bf2fe0bd-3ddf-4ad7-ab25-3a4117f5a87c
2025-10-17 11:01:23,744 | INFO  | OMAudit | user=runner | ip=127.0.0.1 | op=CREATE_BUCKET {"volume":"bf2fe0bd-3ddf-4ad7-ab25-3a4117f5a87c","bucket":"4c2b726e-388a-48e1-861b-7b22e8b146c0","bucketLayout":"OBJECT_STORE","gdprEnabled":null,"acls":"[user:runner:a[ACCESS], group:runner:rl[ACCESS]]","isVersionEnabled":"false","storageType":"DISK","creationTime":"1760698883741","bucketEncryptionKey":null,"modificationTime":"1760698883741","usedBytes":"0","usedNamespace":"0","snapshotUsedBytes":"0","snapshotUsedNamespace":"0","owner":"runner","replicationType":null,"replicationConfig":null,"quotaInBytes":"-1","quotaInNamespace":"-1","Transaction":"26"} | ret=SUCCESS |  
2025-10-17 11:01:23,746 | INFO  | OMAudit | user=runner | ip=127.0.0.1 | op=READ_BUCKET {"volume":"bf2fe0bd-3ddf-4ad7-ab25-3a4117f5a87c","bucket":"4c2b726e-388a-48e1-861b-7b22e8b146c0"} | ret=SUCCESS |  
2025-10-17 11:01:23,748 | INFO  | OMAudit | user=runner | ip=127.0.0.1 | op=READ_BUCKET {"volume":"bf2fe0bd-3ddf-4ad7-ab25-3a4117f5a87c","bucket":"4c2b726e-388a-48e1-861b-7b22e8b146c0"} | ret=SUCCESS |  
2025-10-17 11:01:23,755 | INFO  | SCMAudit | user=runner | ip=127.0.0.1 | op=ALLOCATE_BLOCK {"replication":"RATIS/ONE","owner":"omServiceIdDefault","size":"4194304","sampleBlocks":"[conID: 7 locID: 115816896921600009]","num":"1","client":"","allocated":"1"} | ret=SUCCESS |  
2025-10-17 11:01:23,760 | INFO  | OMAudit | user=runner | ip=127.0.0.1 | op=ALLOCATE_KEY {"volume":"bf2fe0bd-3ddf-4ad7-ab25-3a4117f5a87c","bucket":"4c2b726e-388a-48e1-861b-7b22e8b146c0","key":"cannotRewriteDeletedKey","dataSize":"36","replicationType":"RATIS","replicationFactor":"ONE","Transaction":"27"} | ret=SUCCESS |  
2025-10-17 11:01:23,788 [grpc-default-executor-4] ERROR impl.OrderedAsync (OrderedAsync.java:lambda$null$6(215)) -  client-815D72E3B1B3: Failed* RaftClientRequest:client-815D72E3B1B3->a5293c95-44e9-4ea9-88ca-89089eac4b59@group-950A8AD064EC, cid=38, seq=1*, Watch(0), null
java.util.concurrent.CompletionException: org.apache.ratis.protocol.exceptions.NotLeaderException: Server a5293c95-44e9-4ea9-88ca-89089eac4b59@group-950A8AD064EC is not the leader
	at java.base/java.util.concurrent.CompletableFuture.encodeThrowable(CompletableFuture.java:332)
	at java.base/java.util.concurrent.CompletableFuture.completeThrowable(CompletableFuture.java:347)
	at java.base/java.util.concurrent.CompletableFuture$UniAccept.tryFire(CompletableFuture.java:708)
	at java.base/java.util.concurrent.CompletableFuture.postComplete(CompletableFuture.java:510)
	at java.base/java.util.concurrent.CompletableFuture.completeExceptionally(CompletableFuture.java:2194)
	at org.apache.ratis.grpc.client.GrpcClientProtocolClient$AsyncStreamObservers.completeReplyExceptionally(GrpcClientProtocolClient.java:397)
	at org.apache.ratis.grpc.client.GrpcClientProtocolClient$AsyncStreamObservers.access$000(GrpcClientProtocolClient.java:303)
	at org.apache.ratis.grpc.client.GrpcClientProtocolClient$AsyncStreamObservers$1.onNext(GrpcClientProtocolClient.java:317)
	at org.apache.ratis.grpc.client.GrpcClientProtocolClient$AsyncStreamObservers$1.onNext(GrpcClientProtocolClient.java:308)
	at org.apache.ratis.thirdparty.io.grpc.stub.ClientCalls$StreamObserverToCallListenerAdapter.onMessage(ClientCalls.java:551)
	at org.apache.ratis.thirdparty.io.grpc.ForwardingClientCallListener.onMessage(ForwardingClientCallListener.java:33)
	at org.apache.ratis.thirdparty.io.grpc.internal.DelayedClientCall$DelayedListener.onMessage(DelayedClientCall.java:473)
	at org.apache.ratis.thirdparty.io.grpc.internal.ClientCallImpl$ClientStreamListenerImpl$1MessagesAvailable.runInternal(ClientCallImpl.java:661)
	at org.apache.ratis.thirdparty.io.grpc.internal.ClientCallImpl$ClientStreamListenerImpl$1MessagesAvailable.runInContext(ClientCallImpl.java:648)
	at org.apache.ratis.thirdparty.io.grpc.internal.ContextRunnable.run(ContextRunnable.java:37)
	at org.apache.ratis.thirdparty.io.grpc.internal.SerializingExecutor.run(SerializingExecutor.java:133)
	at java.base/java.util.concurrent.ThreadPoolExecutor.runWorker(ThreadPoolExecutor.java:1144)
	at java.base/java.util.concurrent.ThreadPoolExecutor$Worker.run(ThreadPoolExecutor.java:642)
	at java.base/java.lang.Thread.run(Thread.java:1583)
Caused by: org.apache.ratis.protocol.exceptions.NotLeaderException: Server a5293c95-44e9-4ea9-88ca-89089eac4b59@group-950A8AD064EC is not the leader
	at org.apache.ratis.client.impl.ClientProtoUtils.toRaftClientReply(ClientProtoUtils.java:402)
	at org.apache.ratis.grpc.client.GrpcClientProtocolClient$AsyncStreamObservers$1.onNext(GrpcClientProtocolClient.java:313)
	... 11 more
2025-10-17 11:01:23,889 | INFO  | SCMAudit | user=runner | ip=127.0.0.1 | op=SEND_HEARTBEAT {"datanodeUUID":"50dccd39-549f-4f43-8b1f-597bf98f9c16","term":"2","command":"[]"} | ret=SUCCESS |  
2025-10-17 11:01:23,963 | INFO  | SCMAudit | user=runner | ip=127.0.0.1 | op=SEND_HEARTBEAT {"datanodeUUID":"309ab1ff-9f5a-4058-8b2f-94d451ce5267","term":"2","command":"[]"} | ret=SUCCESS |  
2025-10-17 11:01:24,035 [3a11eef6-a527-493c-8ba3-ae39ecaefa56@group-896C9D030B15-FollowerState] INFO  impl.FollowerState (FollowerState.java:runImpl(161)) - 3a11eef6-a527-493c-8ba3-ae39ecaefa56@group-896C9D030B15-FollowerState: change to CANDIDATE, lastRpcElapsedTime:1103338777ns, electionTimeout:1103ms
2025-10-17 11:01:24,035 [3a11eef6-a527-493c-8ba3-ae39ecaefa56@group-896C9D030B15-FollowerState] INFO  impl.RoleInfo (RoleInfo.java:shutdownFollowerState(121)) - 3a11eef6-a527-493c-8ba3-ae39ecaefa56: shutdown 3a11eef6-a527-493c-8ba3-ae39ecaefa56@group-896C9D030B15-FollowerState
2025-10-17 11:01:24,035 [3a11eef6-a527-493c-8ba3-ae39ecaefa56@group-896C9D030B15-FollowerState] INFO  server.RaftServer$Division (RaftServerImpl.java:setRole(392)) - 3a11eef6-a527-493c-8ba3-ae39ecaefa56@group-896C9D030B15: changes role from  FOLLOWER to CANDIDATE at term 0 for changeToCandidate
2025-10-17 11:01:24,035 [3a11eef6-a527-493c-8ba3-ae39ecaefa56@group-896C9D030B15-FollowerState] INFO  impl.RoleInfo (RoleInfo.java:updateAndGet(148)) - 3a11eef6-a527-493c-8ba3-ae39ecaefa56: start 3a11eef6-a527-493c-8ba3-ae39ecaefa56@group-896C9D030B15-LeaderElection30
2025-10-17 11:01:24,035 [3a11eef6-a527-493c-8ba3-ae39ecaefa56@group-896C9D030B15-LeaderElection30] INFO  impl.LeaderElection (LeaderElection.java:askForVotes(448)) - 3a11eef6-a527-493c-8ba3-ae39ecaefa56@group-896C9D030B15-LeaderElection30 PRE_VOTE round 0: submit vote requests at term 0 for conf: {index: -1, cur=peers:[3a11eef6-a527-493c-8ba3-ae39ecaefa56|127.0.0.1:15103]|listeners:[], old=null}
2025-10-17 11:01:24,036 [3a11eef6-a527-493c-8ba3-ae39ecaefa56@group-896C9D030B15-LeaderElection30] INFO  impl.LeaderElection (LeaderElection.java:askForVotes(450)) - 3a11eef6-a527-493c-8ba3-ae39ecaefa56@group-896C9D030B15-LeaderElection30 PRE_VOTE round 0: result PASSED (term=0)
2025-10-17 11:01:24,036 [3a11eef6-a527-493c-8ba3-ae39ecaefa56@group-896C9D030B15-LeaderElection30] INFO  impl.LeaderElection (LeaderElection.java:askForVotes(448)) - 3a11eef6-a527-493c-8ba3-ae39ecaefa56@group-896C9D030B15-LeaderElection30 ELECTION round 0: submit vote requests at term 1 for conf: {index: -1, cur=peers:[3a11eef6-a527-493c-8ba3-ae39ecaefa56|127.0.0.1:15103]|listeners:[], old=null}
2025-10-17 11:01:24,036 [3a11eef6-a527-493c-8ba3-ae39ecaefa56@group-896C9D030B15-LeaderElection30] INFO  impl.LeaderElection (LeaderElection.java:askForVotes(450)) - 3a11eef6-a527-493c-8ba3-ae39ecaefa56@group-896C9D030B15-LeaderElection30 ELECTION round 0: result PASSED (term=1)
2025-10-17 11:01:24,037 [3a11eef6-a527-493c-8ba3-ae39ecaefa56@group-896C9D030B15-LeaderElection30] INFO  impl.RoleInfo (RoleInfo.java:shutdownLeaderElection(141)) - 3a11eef6-a527-493c-8ba3-ae39ecaefa56: shutdown 3a11eef6-a527-493c-8ba3-ae39ecaefa56@group-896C9D030B15-LeaderElection30
2025-10-17 11:01:24,037 [3a11eef6-a527-493c-8ba3-ae39ecaefa56@group-896C9D030B15-LeaderElection30] INFO  server.RaftServer$Division (RaftServerImpl.java:setRole(392)) - 3a11eef6-a527-493c-8ba3-ae39ecaefa56@group-896C9D030B15: changes role from CANDIDATE to LEADER at term 1 for changeToLeader
2025-10-17 11:01:24,037 [3a11eef6-a527-493c-8ba3-ae39ecaefa56@group-896C9D030B15-LeaderElection30] INFO  server.RaftServerConfigKeys (ConfUtils.java:logFallback(69)) - raft.server.staging.timeout = 15600ms (fallback to raft.server.rpc.timeout.max)
2025-10-17 11:01:24,037 [3a11eef6-a527-493c-8ba3-ae39ecaefa56@group-896C9D030B15-LeaderElection30] INFO  server.RaftServerConfigKeys (ConfUtils.java:logGet(62)) - raft.server.write.byte-limit = 1024 M (=1073741824) (custom)
2025-10-17 11:01:24,038 [3a11eef6-a527-493c-8ba3-ae39ecaefa56@group-896C9D030B15-LeaderElection30] INFO  impl.RoleInfo (RoleInfo.java:updateAndGet(148)) - 3a11eef6-a527-493c-8ba3-ae39ecaefa56: start 3a11eef6-a527-493c-8ba3-ae39ecaefa56@group-896C9D030B15-LeaderStateImpl
2025-10-17 11:01:24,038 [3a11eef6-a527-493c-8ba3-ae39ecaefa56@group-896C9D030B15-LeaderElection30] INFO  server.RaftServer$Division (RaftServerImpl.java:setFirstElection(576)) - 3a11eef6-a527-493c-8ba3-ae39ecaefa56@group-896C9D030B15: set firstElectionSinceStartup to false for becomeLeader
2025-10-17 11:01:24,038 [3a11eef6-a527-493c-8ba3-ae39ecaefa56@group-896C9D030B15-LeaderElection30] INFO  ratis.XceiverServerRatis (XceiverServerRatis.java:handleLeaderChangedNotification(940)) - Leader change notification received for group: group-896C9D030B15 with new leaderId: 3a11eef6-a527-493c-8ba3-ae39ecaefa56
2025-10-17 11:01:24,038 [3a11eef6-a527-493c-8ba3-ae39ecaefa56@group-896C9D030B15-LeaderElection30] INFO  server.RaftServer$Division (ServerState.java:setLeader(272)) - 3a11eef6-a527-493c-8ba3-ae39ecaefa56@group-896C9D030B15: change Leader from null to 3a11eef6-a527-493c-8ba3-ae39ecaefa56 at term 1 for becomeLeader, leader elected after 1143ms
2025-10-17 11:01:24,039 [3a11eef6-a527-493c-8ba3-ae39ecaefa56@group-896C9D030B15-LeaderElection30] INFO  segmented.SegmentedRaftLogWorker (SegmentedRaftLogWorker.java:startLogSegment(440)) - 3a11eef6-a527-493c-8ba3-ae39ecaefa56@group-896C9D030B15-SegmentedRaftLogWorker: Starting segment from index:0
2025-10-17 11:01:24,039 [3a11eef6-a527-493c-8ba3-ae39ecaefa56@group-896C9D030B15-LeaderElection30] INFO  server.RaftServer$Division (ServerState.java:setRaftConf(386)) - 3a11eef6-a527-493c-8ba3-ae39ecaefa56@group-896C9D030B15: set configuration conf: {index: 0, cur=peers:[3a11eef6-a527-493c-8ba3-ae39ecaefa56|127.0.0.1:15103]|listeners:[], old=null}
2025-10-17 11:01:24,040 [3a11eef6-a527-493c-8ba3-ae39ecaefa56@group-896C9D030B15-SegmentedRaftLogWorker] INFO  segmented.BufferedWriteChannel (BufferedWriteChannel.java:open(61)) - open log_inprogress_0 at position 0
2025-10-17 11:01:24,040 | INFO  | SCMAudit | user=runner | ip=127.0.0.1 | op=SEND_HEARTBEAT {"datanodeUUID":"3a11eef6-a527-493c-8ba3-ae39ecaefa56","term":"2","command":"[]"} | ret=SUCCESS |  
2025-10-17 11:01:24,043 [3a11eef6-a527-493c-8ba3-ae39ecaefa56@group-896C9D030B15-SegmentedRaftLogWorker] INFO  segmented.SegmentedRaftLogWorker (SegmentedRaftLogWorker.java:execute(647)) - 3a11eef6-a527-493c-8ba3-ae39ecaefa56@group-896C9D030B15-SegmentedRaftLogWorker: created new log segment /home/runner/work/ozone/ozone/hadoop-ozone/integration-test/target/test-dir/MiniOzoneClusterImpl-d1ffa5d3-3301-45c3-9f44-1ffa6967d237/ozone-metadata/datanode-12/ratis/a7ebf1f0-00a0-43d1-b8e1-896c9d030b15/current/log_inprogress_0
2025-10-17 11:01:24,045 [3a11eef6-a527-493c-8ba3-ae39ecaefa56@group-896C9D030B15-StateMachineUpdater] INFO  server.RaftServer$Division (LeaderStateImpl.java:checkStartIndex(309)) - Leader 3a11eef6-a527-493c-8ba3-ae39ecaefa56@group-896C9D030B15-LeaderStateImpl is ready since appliedIndex == startIndex == 0
2025-10-17 11:01:24,047 | INFO  | SCMAudit | user=runner | ip=127.0.0.1 | op=SEND_HEARTBEAT {"datanodeUUID":"99c47355-c013-4450-a734-aff6d3c99677","term":"2","command":"[]"} | ret=SUCCESS |  
2025-10-17 11:01:24,120 [om1-KeyDeletingService#1] INFO  service.KeyDeletingService (KeyDeletingService.java:processKeyDeletes(151)) - Send 1 key(s) to SCM, first 1 keys: [PurgedKey{blockGroup=BlockGroup[groupID='/1adefc5e-a81f-40cd-9e27-cfb0c3342cfc/643ba6eb-0824-4065-bf7a-a2913ca18e28/cannotRewriteDeletedKey/-9223372036854770431/0', blockIDs=[conID: 3 locID: 115816896921600007 bcsId: 0 replicaIndex: null]], volume='1adefc5e-a81f-40cd-9e27-cfb0c3342cfc', bucket='643ba6eb-0824-4065-bf7a-a2913ca18e28', bucketId=-9223372036854770688, purgedBytes=36, isCommittedKey=true, deleteKeyName='/1adefc5e-a81f-40cd-9e27-cfb0c3342cfc/643ba6eb-0824-4065-bf7a-a2913ca18e28/cannotRewriteDeletedKey/-9223372036854770431'}]
2025-10-17 11:01:24,130 [IPC Server handler 1 on default port 15001] INFO  ha.SequenceIdGenerator (SequenceIdGenerator.java:getNextId(135)) - Allocate a batch for delTxnId, change lastId from 0 to 1000.
2025-10-17 11:01:24,138 | INFO  | SCMAudit | user=runner | ip=127.0.0.1 | op=DELETE_KEY_BLOCK {"KeyBlockToDelete":"[BlockGroup[groupID='/1adefc5e-a81f-40cd-9e27-cfb0c3342cfc/643ba6eb-0824-4065-bf7a-a2913ca18e28/cannotRewriteDeletedKey/-9223372036854770431/0', blockIDs=[conID: 3 locID: 115816896921600007 bcsId: 0 replicaIndex: null]]]"} | ret=SUCCESS |  
2025-10-17 11:01:24,143 [om1-KeyDeletingService#1] INFO  service.KeyDeletingService (KeyDeletingService.java:processKeyDeletes(158)) - 1 BlockGroup deletion are acked by SCM in 23 ms
2025-10-17 11:01:24,170 | INFO  | SCMAudit | user=runner | ip=127.0.0.1 | op=SEND_HEARTBEAT {"datanodeUUID":"718bfa29-2c47-4ab5-ac61-3dfe9c6b9d5c","term":"2","command":"[]"} | ret=SUCCESS |  
2025-10-17 11:01:24,176 [om1-OMStateMachineApplyTransactionThread - 0] INFO  audit.AuditLogger (AuditLogger.java:refreshDebugCmdSet(133)) - Refresh DebugCmdSet for OMSystemAudit to [].
2025-10-17 11:01:24,178 [om1-KeyDeletingService#1] INFO  service.KeyDeletingService (KeyDeletingService.java:processKeyDeletes(166)) - Blocks for 1 (out of 1) keys are deleted from DB in 35 ms. Limit per task is 50000.
2025-10-17 11:01:24,186 | INFO  | SCMAudit | user=runner | ip=127.0.0.1 | op=SEND_HEARTBEAT {"datanodeUUID":"b6f92338-e951-49df-a986-ea31ece96e9e","term":"2","command":"[]"} | ret=SUCCESS |  
2025-10-17 11:01:24,231 [b6f92338-e951-49df-a986-ea31ece96e9e@group-FF9FB0C4E76C-FollowerState] INFO  impl.FollowerState (FollowerState.java:runImpl(161)) - b6f92338-e951-49df-a986-ea31ece96e9e@group-FF9FB0C4E76C-FollowerState: change to CANDIDATE, lastRpcElapsedTime:1022228598ns, electionTimeout:1021ms
2025-10-17 11:01:24,231 [b6f92338-e951-49df-a986-ea31ece96e9e@group-FF9FB0C4E76C-FollowerState] INFO  impl.RoleInfo (RoleInfo.java:shutdownFollowerState(121)) - b6f92338-e951-49df-a986-ea31ece96e9e: shutdown b6f92338-e951-49df-a986-ea31ece96e9e@group-FF9FB0C4E76C-FollowerState
2025-10-17 11:01:24,231 [b6f92338-e951-49df-a986-ea31ece96e9e@group-FF9FB0C4E76C-FollowerState] INFO  server.RaftServer$Division (RaftServerImpl.java:setRole(392)) - b6f92338-e951-49df-a986-ea31ece96e9e@group-FF9FB0C4E76C: changes role from  FOLLOWER to CANDIDATE at term 0 for changeToCandidate
2025-10-17 11:01:24,231 [b6f92338-e951-49df-a986-ea31ece96e9e@group-FF9FB0C4E76C-FollowerState] INFO  impl.RoleInfo (RoleInfo.java:updateAndGet(148)) - b6f92338-e951-49df-a986-ea31ece96e9e: start b6f92338-e951-49df-a986-ea31ece96e9e@group-FF9FB0C4E76C-LeaderElection31
2025-10-17 11:01:24,231 [b6f92338-e951-49df-a986-ea31ece96e9e@group-FF9FB0C4E76C-LeaderElection31] INFO  impl.LeaderElection (LeaderElection.java:askForVotes(448)) - b6f92338-e951-49df-a986-ea31ece96e9e@group-FF9FB0C4E76C-LeaderElection31 PRE_VOTE round 0: submit vote requests at term 0 for conf: {index: -1, cur=peers:[b6f92338-e951-49df-a986-ea31ece96e9e|127.0.0.1:15111]|listeners:[], old=null}
2025-10-17 11:01:24,231 [b6f92338-e951-49df-a986-ea31ece96e9e@group-FF9FB0C4E76C-LeaderElection31] INFO  impl.LeaderElection (LeaderElection.java:askForVotes(450)) - b6f92338-e951-49df-a986-ea31ece96e9e@group-FF9FB0C4E76C-LeaderElection31 PRE_VOTE round 0: result PASSED (term=0)
2025-10-17 11:01:24,232 [b6f92338-e951-49df-a986-ea31ece96e9e@group-FF9FB0C4E76C-LeaderElection31] INFO  impl.LeaderElection (LeaderElection.java:askForVotes(448)) - b6f92338-e951-49df-a986-ea31ece96e9e@group-FF9FB0C4E76C-LeaderElection31 ELECTION round 0: submit vote requests at term 1 for conf: {index: -1, cur=peers:[b6f92338-e951-49df-a986-ea31ece96e9e|127.0.0.1:15111]|listeners:[], old=null}
2025-10-17 11:01:24,233 [b6f92338-e951-49df-a986-ea31ece96e9e@group-FF9FB0C4E76C-LeaderElection31] INFO  impl.LeaderElection (LeaderElection.java:askForVotes(450)) - b6f92338-e951-49df-a986-ea31ece96e9e@group-FF9FB0C4E76C-LeaderElection31 ELECTION round 0: result PASSED (term=1)
2025-10-17 11:01:24,233 [b6f92338-e951-49df-a986-ea31ece96e9e@group-FF9FB0C4E76C-LeaderElection31] INFO  impl.RoleInfo (RoleInfo.java:shutdownLeaderElection(141)) - b6f92338-e951-49df-a986-ea31ece96e9e: shutdown b6f92338-e951-49df-a986-ea31ece96e9e@group-FF9FB0C4E76C-LeaderElection31
2025-10-17 11:01:24,233 [b6f92338-e951-49df-a986-ea31ece96e9e@group-FF9FB0C4E76C-LeaderElection31] INFO  server.RaftServer$Division (RaftServerImpl.java:setRole(392)) - b6f92338-e951-49df-a986-ea31ece96e9e@group-FF9FB0C4E76C: changes role from CANDIDATE to LEADER at term 1 for changeToLeader
2025-10-17 11:01:24,233 | INFO  | SCMAudit | user=runner | ip=127.0.0.1 | op=SEND_HEARTBEAT {"datanodeUUID":"7995ae7b-77ec-4e72-809d-814459f62ee0","term":"2","command":"[]"} | ret=SUCCESS |  
2025-10-17 11:01:24,233 [b6f92338-e951-49df-a986-ea31ece96e9e@group-FF9FB0C4E76C-LeaderElection31] INFO  server.RaftServerConfigKeys (ConfUtils.java:logFallback(69)) - raft.server.staging.timeout = 15600ms (fallback to raft.server.rpc.timeout.max)
2025-10-17 11:01:24,233 [b6f92338-e951-49df-a986-ea31ece96e9e@group-FF9FB0C4E76C-LeaderElection31] INFO  server.RaftServerConfigKeys (ConfUtils.java:logGet(62)) - raft.server.write.byte-limit = 1024 M (=1073741824) (custom)
2025-10-17 11:01:24,234 [b6f92338-e951-49df-a986-ea31ece96e9e@group-FF9FB0C4E76C-LeaderElection31] INFO  impl.RoleInfo (RoleInfo.java:updateAndGet(148)) - b6f92338-e951-49df-a986-ea31ece96e9e: start b6f92338-e951-49df-a986-ea31ece96e9e@group-FF9FB0C4E76C-LeaderStateImpl
2025-10-17 11:01:24,234 [b6f92338-e951-49df-a986-ea31ece96e9e@group-FF9FB0C4E76C-LeaderElection31] INFO  server.RaftServer$Division (RaftServerImpl.java:setFirstElection(576)) - b6f92338-e951-49df-a986-ea31ece96e9e@group-FF9FB0C4E76C: set firstElectionSinceStartup to false for becomeLeader
2025-10-17 11:01:24,234 [b6f92338-e951-49df-a986-ea31ece96e9e@group-FF9FB0C4E76C-LeaderElection31] INFO  ratis.XceiverServerRatis (XceiverServerRatis.java:handleLeaderChangedNotification(940)) - Leader change notification received for group: group-FF9FB0C4E76C with new leaderId: b6f92338-e951-49df-a986-ea31ece96e9e
2025-10-17 11:01:24,234 [b6f92338-e951-49df-a986-ea31ece96e9e@group-FF9FB0C4E76C-LeaderElection31] INFO  server.RaftServer$Division (ServerState.java:setLeader(272)) - b6f92338-e951-49df-a986-ea31ece96e9e@group-FF9FB0C4E76C: change Leader from null to b6f92338-e951-49df-a986-ea31ece96e9e at term 1 for becomeLeader, leader elected after 1058ms
2025-10-17 11:01:24,234 [b6f92338-e951-49df-a986-ea31ece96e9e@group-FF9FB0C4E76C-LeaderElection31] INFO  segmented.SegmentedRaftLogWorker (SegmentedRaftLogWorker.java:startLogSegment(440)) - b6f92338-e951-49df-a986-ea31ece96e9e@group-FF9FB0C4E76C-SegmentedRaftLogWorker: Starting segment from index:0
2025-10-17 11:01:24,235 [b6f92338-e951-49df-a986-ea31ece96e9e@group-FF9FB0C4E76C-LeaderElection31] INFO  server.RaftServer$Division (ServerState.java:setRaftConf(386)) - b6f92338-e951-49df-a986-ea31ece96e9e@group-FF9FB0C4E76C: set configuration conf: {index: 0, cur=peers:[b6f92338-e951-49df-a986-ea31ece96e9e|127.0.0.1:15111]|listeners:[], old=null}
2025-10-17 11:01:24,235 [b6f92338-e951-49df-a986-ea31ece96e9e@group-FF9FB0C4E76C-SegmentedRaftLogWorker] INFO  segmented.BufferedWriteChannel (BufferedWriteChannel.java:open(61)) - open log_inprogress_0 at position 0
2025-10-17 11:01:24,236 | INFO  | SCMAudit | user=runner | ip=127.0.0.1 | op=SEND_HEARTBEAT {"datanodeUUID":"b6f92338-e951-49df-a986-ea31ece96e9e","term":"2","command":"[]"} | ret=SUCCESS |  
2025-10-17 11:01:24,239 [b6f92338-e951-49df-a986-ea31ece96e9e@group-FF9FB0C4E76C-SegmentedRaftLogWorker] INFO  segmented.SegmentedRaftLogWorker (SegmentedRaftLogWorker.java:execute(647)) - b6f92338-e951-49df-a986-ea31ece96e9e@group-FF9FB0C4E76C-SegmentedRaftLogWorker: created new log segment /home/runner/work/ozone/ozone/hadoop-ozone/integration-test/target/test-dir/MiniOzoneClusterImpl-d1ffa5d3-3301-45c3-9f44-1ffa6967d237/ozone-metadata/datanode-13/ratis/f8b0d738-cfda-4f0f-9937-ff9fb0c4e76c/current/log_inprogress_0
2025-10-17 11:01:24,240 [b6f92338-e951-49df-a986-ea31ece96e9e@group-FF9FB0C4E76C-StateMachineUpdater] INFO  server.RaftServer$Division (LeaderStateImpl.java:checkStartIndex(309)) - Leader b6f92338-e951-49df-a986-ea31ece96e9e@group-FF9FB0C4E76C-LeaderStateImpl is ready since appliedIndex == startIndex == 0
2025-10-17 11:01:24,241 | INFO  | SCMAudit | user=runner | ip=127.0.0.1 | op=SEND_HEARTBEAT {"datanodeUUID":"dbd6f242-9b73-4bca-a110-3e2ec656b979","term":"2","command":"[]"} | ret=SUCCESS |  
2025-10-17 11:01:24,306 | INFO  | SCMAudit | user=runner | ip=127.0.0.1 | op=SEND_HEARTBEAT {"datanodeUUID":"ed6e9581-5875-4278-a8db-50829892434b","term":"2","command":"[]"} | ret=SUCCESS |  
2025-10-17 11:01:24,328 | INFO  | SCMAudit | user=runner | ip=127.0.0.1 | op=SEND_HEARTBEAT {"datanodeUUID":"b292b6be-9482-4c30-a3e0-c9f721931b72","term":"2","command":"[]"} | ret=SUCCESS |  
2025-10-17 11:01:24,518 | INFO  | SCMAudit | user=runner | ip=127.0.0.1 | op=SEND_HEARTBEAT {"datanodeUUID":"a5293c95-44e9-4ea9-88ca-89089eac4b59","term":"2","command":"[]"} | ret=SUCCESS |  
2025-10-17 11:01:24,535 | INFO  | SCMAudit | user=runner | ip=127.0.0.1 | op=SEND_HEARTBEAT {"datanodeUUID":"b1eee25a-1fdf-4744-83c7-58e0513fce3b","term":"2","command":"[]"} | ret=SUCCESS |  
2025-10-17 11:01:24,559 | INFO  | SCMAudit | user=runner | ip=127.0.0.1 | op=SEND_HEARTBEAT {"datanodeUUID":"28c08cd4-c049-4c66-8210-e254cf68b291","term":"2","command":"[]"} | ret=SUCCESS |  
2025-10-17 11:01:24,654 | INFO  | SCMAudit | user=runner | ip=127.0.0.1 | op=SEND_HEARTBEAT {"datanodeUUID":"2b4cc429-f9c1-416c-9a38-6239a2e149ea","term":"2","command":"[]"} | ret=SUCCESS |  
2025-10-17 11:01:24,676 [a5293c95-44e9-4ea9-88ca-89089eac4b59@group-950A8AD064EC-FollowerState] INFO  impl.FollowerState (FollowerState.java:runImpl(161)) - a5293c95-44e9-4ea9-88ca-89089eac4b59@group-950A8AD064EC-FollowerState: change to CANDIDATE, lastRpcElapsedTime:1142999861ns, electionTimeout:1142ms
2025-10-17 11:01:24,676 [a5293c95-44e9-4ea9-88ca-89089eac4b59@group-950A8AD064EC-FollowerState] INFO  impl.RoleInfo (RoleInfo.java:shutdownFollowerState(121)) - a5293c95-44e9-4ea9-88ca-89089eac4b59: shutdown a5293c95-44e9-4ea9-88ca-89089eac4b59@group-950A8AD064EC-FollowerState
2025-10-17 11:01:24,676 [a5293c95-44e9-4ea9-88ca-89089eac4b59@group-950A8AD064EC-FollowerState] INFO  server.RaftServer$Division (RaftServerImpl.java:setRole(392)) - a5293c95-44e9-4ea9-88ca-89089eac4b59@group-950A8AD064EC: changes role from  FOLLOWER to CANDIDATE at term 0 for changeToCandidate
2025-10-17 11:01:24,676 [a5293c95-44e9-4ea9-88ca-89089eac4b59@group-950A8AD064EC-FollowerState] INFO  impl.RoleInfo (RoleInfo.java:updateAndGet(148)) - a5293c95-44e9-4ea9-88ca-89089eac4b59: start a5293c95-44e9-4ea9-88ca-89089eac4b59@group-950A8AD064EC-LeaderElection32
2025-10-17 11:01:24,676 [a5293c95-44e9-4ea9-88ca-89089eac4b59@group-950A8AD064EC-LeaderElection32] INFO  impl.LeaderElection (LeaderElection.java:askForVotes(448)) - a5293c95-44e9-4ea9-88ca-89089eac4b59@group-950A8AD064EC-LeaderElection32 PRE_VOTE round 0: submit vote requests at term 0 for conf: {index: -1, cur=peers:[a5293c95-44e9-4ea9-88ca-89089eac4b59|127.0.0.1:15119]|listeners:[], old=null}
2025-10-17 11:01:24,676 [a5293c95-44e9-4ea9-88ca-89089eac4b59@group-950A8AD064EC-LeaderElection32] INFO  impl.LeaderElection (LeaderElection.java:askForVotes(450)) - a5293c95-44e9-4ea9-88ca-89089eac4b59@group-950A8AD064EC-LeaderElection32 PRE_VOTE round 0: result PASSED (term=0)
2025-10-17 11:01:24,677 [a5293c95-44e9-4ea9-88ca-89089eac4b59@group-950A8AD064EC-LeaderElection32] INFO  impl.LeaderElection (LeaderElection.java:askForVotes(448)) - a5293c95-44e9-4ea9-88ca-89089eac4b59@group-950A8AD064EC-LeaderElection32 ELECTION round 0: submit vote requests at term 1 for conf: {index: -1, cur=peers:[a5293c95-44e9-4ea9-88ca-89089eac4b59|127.0.0.1:15119]|listeners:[], old=null}
2025-10-17 11:01:24,678 [a5293c95-44e9-4ea9-88ca-89089eac4b59@group-950A8AD064EC-LeaderElection32] INFO  impl.LeaderElection (LeaderElection.java:askForVotes(450)) - a5293c95-44e9-4ea9-88ca-89089eac4b59@group-950A8AD064EC-LeaderElection32 ELECTION round 0: result PASSED (term=1)
2025-10-17 11:01:24,678 [a5293c95-44e9-4ea9-88ca-89089eac4b59@group-950A8AD064EC-LeaderElection32] INFO  impl.RoleInfo (RoleInfo.java:shutdownLeaderElection(141)) - a5293c95-44e9-4ea9-88ca-89089eac4b59: shutdown a5293c95-44e9-4ea9-88ca-89089eac4b59@group-950A8AD064EC-LeaderElection32
2025-10-17 11:01:24,678 [a5293c95-44e9-4ea9-88ca-89089eac4b59@group-950A8AD064EC-LeaderElection32] INFO  server.RaftServer$Division (RaftServerImpl.java:setRole(392)) - a5293c95-44e9-4ea9-88ca-89089eac4b59@group-950A8AD064EC: changes role from CANDIDATE to LEADER at term 1 for changeToLeader
2025-10-17 11:01:24,678 [a5293c95-44e9-4ea9-88ca-89089eac4b59@group-950A8AD064EC-LeaderElection32] INFO  server.RaftServerConfigKeys (ConfUtils.java:logFallback(69)) - raft.server.staging.timeout = 15600ms (fallback to raft.server.rpc.timeout.max)
2025-10-17 11:01:24,678 [a5293c95-44e9-4ea9-88ca-89089eac4b59@group-950A8AD064EC-LeaderElection32] INFO  server.RaftServerConfigKeys (ConfUtils.java:logGet(62)) - raft.server.write.byte-limit = 1024 M (=1073741824) (custom)
2025-10-17 11:01:24,679 [a5293c95-44e9-4ea9-88ca-89089eac4b59@group-950A8AD064EC-LeaderElection32] INFO  impl.RoleInfo (RoleInfo.java:updateAndGet(148)) - a5293c95-44e9-4ea9-88ca-89089eac4b59: start a5293c95-44e9-4ea9-88ca-89089eac4b59@group-950A8AD064EC-LeaderStateImpl
2025-10-17 11:01:24,679 [a5293c95-44e9-4ea9-88ca-89089eac4b59@group-950A8AD064EC-LeaderElection32] INFO  server.RaftServer$Division (RaftServerImpl.java:setFirstElection(576)) - a5293c95-44e9-4ea9-88ca-89089eac4b59@group-950A8AD064EC: set firstElectionSinceStartup to false for becomeLeader
2025-10-17 11:01:24,679 [a5293c95-44e9-4ea9-88ca-89089eac4b59@group-950A8AD064EC-LeaderElection32] INFO  ratis.XceiverServerRatis (XceiverServerRatis.java:handleLeaderChangedNotification(940)) - Leader change notification received for group: group-950A8AD064EC with new leaderId: a5293c95-44e9-4ea9-88ca-89089eac4b59
2025-10-17 11:01:24,679 [a5293c95-44e9-4ea9-88ca-89089eac4b59@group-950A8AD064EC-LeaderElection32] INFO  server.RaftServer$Division (ServerState.java:setLeader(272)) - a5293c95-44e9-4ea9-88ca-89089eac4b59@group-950A8AD064EC: change Leader from null to a5293c95-44e9-4ea9-88ca-89089eac4b59 at term 1 for becomeLeader, leader elected after 1170ms
2025-10-17 11:01:24,679 [a5293c95-44e9-4ea9-88ca-89089eac4b59@group-950A8AD064EC-LeaderElection32] INFO  segmented.SegmentedRaftLogWorker (SegmentedRaftLogWorker.java:startLogSegment(440)) - a5293c95-44e9-4ea9-88ca-89089eac4b59@group-950A8AD064EC-SegmentedRaftLogWorker: Starting segment from index:0
2025-10-17 11:01:24,679 [a5293c95-44e9-4ea9-88ca-89089eac4b59@group-950A8AD064EC-LeaderElection32] INFO  server.RaftServer$Division (ServerState.java:setRaftConf(386)) - a5293c95-44e9-4ea9-88ca-89089eac4b59@group-950A8AD064EC: set configuration conf: {index: 0, cur=peers:[a5293c95-44e9-4ea9-88ca-89089eac4b59|127.0.0.1:15119]|listeners:[], old=null}
2025-10-17 11:01:24,680 [a5293c95-44e9-4ea9-88ca-89089eac4b59@group-950A8AD064EC-SegmentedRaftLogWorker] INFO  segmented.BufferedWriteChannel (BufferedWriteChannel.java:open(61)) - open log_inprogress_0 at position 0
2025-10-17 11:01:24,680 | INFO  | SCMAudit | user=runner | ip=127.0.0.1 | op=SEND_HEARTBEAT {"datanodeUUID":"a5293c95-44e9-4ea9-88ca-89089eac4b59","term":"2","command":"[]"} | ret=SUCCESS |  
2025-10-17 11:01:24,683 [a5293c95-44e9-4ea9-88ca-89089eac4b59@group-950A8AD064EC-SegmentedRaftLogWorker] INFO  segmented.SegmentedRaftLogWorker (SegmentedRaftLogWorker.java:execute(647)) - a5293c95-44e9-4ea9-88ca-89089eac4b59@group-950A8AD064EC-SegmentedRaftLogWorker: created new log segment /home/runner/work/ozone/ozone/hadoop-ozone/integration-test/target/test-dir/MiniOzoneClusterImpl-d1ffa5d3-3301-45c3-9f44-1ffa6967d237/ozone-metadata/datanode-14/ratis/db0770b4-cfb6-4df0-b01c-950a8ad064ec/current/log_inprogress_0
2025-10-17 11:01:24,684 [a5293c95-44e9-4ea9-88ca-89089eac4b59@group-950A8AD064EC-StateMachineUpdater] INFO  server.RaftServer$Division (LeaderStateImpl.java:checkStartIndex(309)) - Leader a5293c95-44e9-4ea9-88ca-89089eac4b59@group-950A8AD064EC-LeaderStateImpl is ready since appliedIndex == startIndex == 0
2025-10-17 11:01:24,889 | INFO  | SCMAudit | user=runner | ip=127.0.0.1 | op=SEND_HEARTBEAT {"datanodeUUID":"50dccd39-549f-4f43-8b1f-597bf98f9c16","term":"2","command":"[]"} | ret=SUCCESS |  
2025-10-17 11:01:24,963 | INFO  | SCMAudit | user=runner | ip=127.0.0.1 | op=SEND_HEARTBEAT {"datanodeUUID":"309ab1ff-9f5a-4058-8b2f-94d451ce5267","term":"2","command":"[]"} | ret=SUCCESS |  
2025-10-17 11:01:25,040 | INFO  | SCMAudit | user=runner | ip=127.0.0.1 | op=SEND_HEARTBEAT {"datanodeUUID":"3a11eef6-a527-493c-8ba3-ae39ecaefa56","term":"2","command":"[]"} | ret=SUCCESS |  
2025-10-17 11:01:25,046 | INFO  | SCMAudit | user=runner | ip=127.0.0.1 | op=SEND_HEARTBEAT {"datanodeUUID":"99c47355-c013-4450-a734-aff6d3c99677","term":"2","command":"[]"} | ret=SUCCESS |  
2025-10-17 11:01:25,169 | INFO  | SCMAudit | user=runner | ip=127.0.0.1 | op=SEND_HEARTBEAT {"datanodeUUID":"718bfa29-2c47-4ab5-ac61-3dfe9c6b9d5c","term":"2","command":"[]"} | ret=SUCCESS |  
2025-10-17 11:01:25,232 | INFO  | SCMAudit | user=runner | ip=127.0.0.1 | op=SEND_HEARTBEAT {"datanodeUUID":"7995ae7b-77ec-4e72-809d-814459f62ee0","term":"2","command":"[]"} | ret=SUCCESS |  
2025-10-17 11:01:25,235 | INFO  | SCMAudit | user=runner | ip=127.0.0.1 | op=SEND_HEARTBEAT {"datanodeUUID":"b6f92338-e951-49df-a986-ea31ece96e9e","term":"2","command":"[]"} | ret=SUCCESS |  
2025-10-17 11:01:25,241 | INFO  | SCMAudit | user=runner | ip=127.0.0.1 | op=SEND_HEARTBEAT {"datanodeUUID":"dbd6f242-9b73-4bca-a110-3e2ec656b979","term":"2","command":"[]"} | ret=SUCCESS |  
2025-10-17 11:01:25,305 | INFO  | SCMAudit | user=runner | ip=127.0.0.1 | op=SEND_HEARTBEAT {"datanodeUUID":"ed6e9581-5875-4278-a8db-50829892434b","term":"2","command":"[]"} | ret=SUCCESS |  
2025-10-17 11:01:25,329 | INFO  | SCMAudit | user=runner | ip=127.0.0.1 | op=SEND_HEARTBEAT {"datanodeUUID":"b292b6be-9482-4c30-a3e0-c9f721931b72","term":"2","command":"[]"} | ret=SUCCESS |  
2025-10-17 11:01:25,536 | INFO  | SCMAudit | user=runner | ip=127.0.0.1 | op=SEND_HEARTBEAT {"datanodeUUID":"b1eee25a-1fdf-4744-83c7-58e0513fce3b","term":"2","command":"[]"} | ret=SUCCESS |  
2025-10-17 11:01:25,559 | INFO  | SCMAudit | user=runner | ip=127.0.0.1 | op=SEND_HEARTBEAT {"datanodeUUID":"28c08cd4-c049-4c66-8210-e254cf68b291","term":"2","command":"[]"} | ret=SUCCESS |  
2025-10-17 11:01:25,655 | INFO  | SCMAudit | user=runner | ip=127.0.0.1 | op=SEND_HEARTBEAT {"datanodeUUID":"2b4cc429-f9c1-416c-9a38-6239a2e149ea","term":"2","command":"[]"} | ret=SUCCESS |  
2025-10-17 11:01:25,679 | INFO  | SCMAudit | user=runner | ip=127.0.0.1 | op=SEND_HEARTBEAT {"datanodeUUID":"a5293c95-44e9-4ea9-88ca-89089eac4b59","term":"2","command":"[]"} | ret=SUCCESS |  
2025-10-17 11:01:25,889 | INFO  | SCMAudit | user=runner | ip=127.0.0.1 | op=SEND_HEARTBEAT {"datanodeUUID":"50dccd39-549f-4f43-8b1f-597bf98f9c16","term":"2","command":"[]"} | ret=SUCCESS |  
2025-10-17 11:01:25,964 | INFO  | SCMAudit | user=runner | ip=127.0.0.1 | op=SEND_HEARTBEAT {"datanodeUUID":"309ab1ff-9f5a-4058-8b2f-94d451ce5267","term":"2","command":"[]"} | ret=SUCCESS |  
2025-10-17 11:01:26,040 | INFO  | SCMAudit | user=runner | ip=127.0.0.1 | op=SEND_HEARTBEAT {"datanodeUUID":"3a11eef6-a527-493c-8ba3-ae39ecaefa56","term":"2","command":"[]"} | ret=SUCCESS |  
2025-10-17 11:01:26,046 | INFO  | SCMAudit | user=runner | ip=127.0.0.1 | op=SEND_HEARTBEAT {"datanodeUUID":"99c47355-c013-4450-a734-aff6d3c99677","term":"2","command":"[]"} | ret=SUCCESS |  
2025-10-17 11:01:26,170 | INFO  | SCMAudit | user=runner | ip=127.0.0.1 | op=SEND_HEARTBEAT {"datanodeUUID":"718bfa29-2c47-4ab5-ac61-3dfe9c6b9d5c","term":"2","command":"[]"} | ret=SUCCESS |  
2025-10-17 11:01:26,233 | INFO  | SCMAudit | user=runner | ip=127.0.0.1 | op=SEND_HEARTBEAT {"datanodeUUID":"7995ae7b-77ec-4e72-809d-814459f62ee0","term":"2","command":"[]"} | ret=SUCCESS |  
2025-10-17 11:01:26,236 | INFO  | SCMAudit | user=runner | ip=127.0.0.1 | op=SEND_HEARTBEAT {"datanodeUUID":"b6f92338-e951-49df-a986-ea31ece96e9e","term":"2","command":"[]"} | ret=SUCCESS |  
2025-10-17 11:01:26,242 | INFO  | SCMAudit | user=runner | ip=127.0.0.1 | op=SEND_HEARTBEAT {"datanodeUUID":"dbd6f242-9b73-4bca-a110-3e2ec656b979","term":"2","command":"[]"} | ret=SUCCESS |  
2025-10-17 11:01:26,306 | INFO  | SCMAudit | user=runner | ip=127.0.0.1 | op=SEND_HEARTBEAT {"datanodeUUID":"ed6e9581-5875-4278-a8db-50829892434b","term":"2","command":"[]"} | ret=SUCCESS |  
2025-10-17 11:01:26,328 | INFO  | SCMAudit | user=runner | ip=127.0.0.1 | op=SEND_HEARTBEAT {"datanodeUUID":"b292b6be-9482-4c30-a3e0-c9f721931b72","term":"2","command":"[]"} | ret=SUCCESS |  
2025-10-17 11:01:26,536 | INFO  | SCMAudit | user=runner | ip=127.0.0.1 | op=SEND_HEARTBEAT {"datanodeUUID":"b1eee25a-1fdf-4744-83c7-58e0513fce3b","term":"2","command":"[]"} | ret=SUCCESS |  
2025-10-17 11:01:26,560 | INFO  | SCMAudit | user=runner | ip=127.0.0.1 | op=SEND_HEARTBEAT {"datanodeUUID":"28c08cd4-c049-4c66-8210-e254cf68b291","term":"2","command":"[]"} | ret=SUCCESS |  
2025-10-17 11:01:26,656 | INFO  | SCMAudit | user=runner | ip=127.0.0.1 | op=SEND_HEARTBEAT {"datanodeUUID":"2b4cc429-f9c1-416c-9a38-6239a2e149ea","term":"2","command":"[]"} | ret=SUCCESS |  
2025-10-17 11:01:26,679 | INFO  | SCMAudit | user=runner | ip=127.0.0.1 | op=SEND_HEARTBEAT {"datanodeUUID":"a5293c95-44e9-4ea9-88ca-89089eac4b59","term":"2","command":"[]"} | ret=SUCCESS |  
2025-10-17 11:01:26,888 | INFO  | SCMAudit | user=runner | ip=127.0.0.1 | op=SEND_HEARTBEAT {"datanodeUUID":"50dccd39-549f-4f43-8b1f-597bf98f9c16","term":"2","command":"[]"} | ret=SUCCESS |  
2025-10-17 11:01:26,964 | INFO  | SCMAudit | user=runner | ip=127.0.0.1 | op=SEND_HEARTBEAT {"datanodeUUID":"309ab1ff-9f5a-4058-8b2f-94d451ce5267","term":"2","command":"[]"} | ret=SUCCESS |  
2025-10-17 11:01:27,040 | INFO  | SCMAudit | user=runner | ip=127.0.0.1 | op=SEND_HEARTBEAT {"datanodeUUID":"3a11eef6-a527-493c-8ba3-ae39ecaefa56","term":"2","command":"[]"} | ret=SUCCESS |  
2025-10-17 11:01:27,047 | INFO  | SCMAudit | user=runner | ip=127.0.0.1 | op=SEND_HEARTBEAT {"datanodeUUID":"99c47355-c013-4450-a734-aff6d3c99677","term":"2","command":"[]"} | ret=SUCCESS |  
2025-10-17 11:01:27,170 | INFO  | SCMAudit | user=runner | ip=127.0.0.1 | op=SEND_HEARTBEAT {"datanodeUUID":"718bfa29-2c47-4ab5-ac61-3dfe9c6b9d5c","term":"2","command":"[]"} | ret=SUCCESS |  
2025-10-17 11:01:27,233 | INFO  | SCMAudit | user=runner | ip=127.0.0.1 | op=SEND_HEARTBEAT {"datanodeUUID":"7995ae7b-77ec-4e72-809d-814459f62ee0","term":"2","command":"[]"} | ret=SUCCESS |  
2025-10-17 11:01:27,237 | INFO  | SCMAudit | user=runner | ip=127.0.0.1 | op=SEND_HEARTBEAT {"datanodeUUID":"b6f92338-e951-49df-a986-ea31ece96e9e","term":"2","command":"[]"} | ret=SUCCESS |  
2025-10-17 11:01:27,242 | INFO  | SCMAudit | user=runner | ip=127.0.0.1 | op=SEND_HEARTBEAT {"datanodeUUID":"dbd6f242-9b73-4bca-a110-3e2ec656b979","term":"2","command":"[]"} | ret=SUCCESS |  
2025-10-17 11:01:27,305 | INFO  | SCMAudit | user=runner | ip=127.0.0.1 | op=SEND_HEARTBEAT {"datanodeUUID":"ed6e9581-5875-4278-a8db-50829892434b","term":"2","command":"[]"} | ret=SUCCESS |  
2025-10-17 11:01:27,329 | INFO  | SCMAudit | user=runner | ip=127.0.0.1 | op=SEND_HEARTBEAT {"datanodeUUID":"b292b6be-9482-4c30-a3e0-c9f721931b72","term":"2","command":"[]"} | ret=SUCCESS |  
2025-10-17 11:01:27,512 [timer0] ERROR impl.OrderedAsync (OrderedAsync.java:lambda$null$6(215)) -  client-815D72E3B1B3: Failed* RaftClientRequest:client-815D72E3B1B3->a5293c95-44e9-4ea9-88ca-89089eac4b59@group-950A8AD064EC, cid=38, seq=1*, Watch(0), null
java.util.concurrent.CompletionException: org.apache.ratis.protocol.exceptions.AlreadyClosedException: client-815D72E3B1B3->a5293c95-44e9-4ea9-88ca-89089eac4b59 is closed.
	at java.base/java.util.concurrent.CompletableFuture.encodeThrowable(CompletableFuture.java:332)
	at java.base/java.util.concurrent.CompletableFuture.uniAcceptNow(CompletableFuture.java:747)
	at java.base/java.util.concurrent.CompletableFuture.uniAcceptStage(CompletableFuture.java:735)
	at java.base/java.util.concurrent.CompletableFuture.thenAccept(CompletableFuture.java:2214)
	at org.apache.ratis.client.impl.OrderedAsync.sendRequestWithRetry(OrderedAsync.java:206)
	at org.apache.ratis.util.SlidingWindow$Client.sendOrDelayRequest(SlidingWindow.java:315)
	at org.apache.ratis.util.SlidingWindow$Client.retry(SlidingWindow.java:331)
	at org.apache.ratis.client.impl.OrderedAsync.lambda$handleException$8(OrderedAsync.java:253)
	at org.apache.ratis.util.TimeoutTimer.lambda$onTimeout$2(TimeoutTimer.java:101)
	at org.apache.ratis.util.LogUtils.runAndLog(LogUtils.java:38)
	at org.apache.ratis.util.LogUtils$1.run(LogUtils.java:78)
	at org.apache.ratis.util.TimeoutTimer$Task.run(TimeoutTimer.java:55)
	at java.base/java.util.TimerThread.mainLoop(Timer.java:566)
	at java.base/java.util.TimerThread.run(Timer.java:516)
Caused by: org.apache.ratis.protocol.exceptions.AlreadyClosedException: client-815D72E3B1B3->a5293c95-44e9-4ea9-88ca-89089eac4b59 is closed.
	at org.apache.ratis.grpc.client.GrpcClientProtocolClient$AsyncStreamObservers.onNext(GrpcClientProtocolClient.java:352)
	at org.apache.ratis.grpc.client.GrpcClientRpc.sendRequestAsync(GrpcClientRpc.java:71)
	... 10 more
2025-10-17 11:01:27,536 | INFO  | SCMAudit | user=runner | ip=127.0.0.1 | op=SEND_HEARTBEAT {"datanodeUUID":"b1eee25a-1fdf-4744-83c7-58e0513fce3b","term":"2","command":"[]"} | ret=SUCCESS |  
2025-10-17 11:01:27,560 | INFO  | SCMAudit | user=runner | ip=127.0.0.1 | op=SEND_HEARTBEAT {"datanodeUUID":"28c08cd4-c049-4c66-8210-e254cf68b291","term":"2","command":"[]"} | ret=SUCCESS |  
2025-10-17 11:01:27,655 | INFO  | SCMAudit | user=runner | ip=127.0.0.1 | op=SEND_HEARTBEAT {"datanodeUUID":"2b4cc429-f9c1-416c-9a38-6239a2e149ea","term":"2","command":"[]"} | ret=SUCCESS |  
2025-10-17 11:01:27,680 | INFO  | SCMAudit | user=runner | ip=127.0.0.1 | op=SEND_HEARTBEAT {"datanodeUUID":"a5293c95-44e9-4ea9-88ca-89089eac4b59","term":"2","command":"[]"} | ret=SUCCESS |  
2025-10-17 11:01:27,889 | INFO  | SCMAudit | user=runner | ip=127.0.0.1 | op=SEND_HEARTBEAT {"datanodeUUID":"50dccd39-549f-4f43-8b1f-597bf98f9c16","term":"2","command":"[]"} | ret=SUCCESS |  
2025-10-17 11:01:27,964 | INFO  | SCMAudit | user=runner | ip=127.0.0.1 | op=SEND_HEARTBEAT {"datanodeUUID":"309ab1ff-9f5a-4058-8b2f-94d451ce5267","term":"2","command":"[]"} | ret=SUCCESS |  
2025-10-17 11:01:28,040 | INFO  | SCMAudit | user=runner | ip=127.0.0.1 | op=SEND_HEARTBEAT {"datanodeUUID":"3a11eef6-a527-493c-8ba3-ae39ecaefa56","term":"2","command":"[]"} | ret=SUCCESS |  
2025-10-17 11:01:28,047 | INFO  | SCMAudit | user=runner | ip=127.0.0.1 | op=SEND_HEARTBEAT {"datanodeUUID":"99c47355-c013-4450-a734-aff6d3c99677","term":"2","command":"[]"} | ret=SUCCESS |  
2025-10-17 11:01:28,170 | INFO  | SCMAudit | user=runner | ip=127.0.0.1 | op=SEND_HEARTBEAT {"datanodeUUID":"718bfa29-2c47-4ab5-ac61-3dfe9c6b9d5c","term":"2","command":"[]"} | ret=SUCCESS |  
2025-10-17 11:01:28,232 | INFO  | SCMAudit | user=runner | ip=127.0.0.1 | op=SEND_HEARTBEAT {"datanodeUUID":"7995ae7b-77ec-4e72-809d-814459f62ee0","term":"2","command":"[]"} | ret=SUCCESS |  
2025-10-17 11:01:28,237 | INFO  | SCMAudit | user=runner | ip=127.0.0.1 | op=SEND_HEARTBEAT {"datanodeUUID":"b6f92338-e951-49df-a986-ea31ece96e9e","term":"2","command":"[]"} | ret=SUCCESS |  
2025-10-17 11:01:28,242 | INFO  | SCMAudit | user=runner | ip=127.0.0.1 | op=SEND_HEARTBEAT {"datanodeUUID":"dbd6f242-9b73-4bca-a110-3e2ec656b979","term":"2","command":"[]"} | ret=SUCCESS |  
2025-10-17 11:01:28,306 | INFO  | SCMAudit | user=runner | ip=127.0.0.1 | op=SEND_HEARTBEAT {"datanodeUUID":"ed6e9581-5875-4278-a8db-50829892434b","term":"2","command":"[]"} | ret=SUCCESS |  
2025-10-17 11:01:28,328 | INFO  | SCMAudit | user=runner | ip=127.0.0.1 | op=SEND_HEARTBEAT {"datanodeUUID":"b292b6be-9482-4c30-a3e0-c9f721931b72","term":"2","command":"[]"} | ret=SUCCESS |  
2025-10-17 11:01:28,535 | INFO  | SCMAudit | user=runner | ip=127.0.0.1 | op=SEND_HEARTBEAT {"datanodeUUID":"b1eee25a-1fdf-4744-83c7-58e0513fce3b","term":"2","command":"[]"} | ret=SUCCESS |  
2025-10-17 11:01:28,561 | INFO  | SCMAudit | user=runner | ip=127.0.0.1 | op=SEND_HEARTBEAT {"datanodeUUID":"28c08cd4-c049-4c66-8210-e254cf68b291","term":"2","command":"[]"} | ret=SUCCESS |  
2025-10-17 11:01:28,656 | INFO  | SCMAudit | user=runner | ip=127.0.0.1 | op=SEND_HEARTBEAT {"datanodeUUID":"2b4cc429-f9c1-416c-9a38-6239a2e149ea","term":"2","command":"[]"} | ret=SUCCESS |  
2025-10-17 11:01:28,679 | INFO  | SCMAudit | user=runner | ip=127.0.0.1 | op=SEND_HEARTBEAT {"datanodeUUID":"a5293c95-44e9-4ea9-88ca-89089eac4b59","term":"2","command":"[]"} | ret=SUCCESS |  
2025-10-17 11:01:28,889 | INFO  | SCMAudit | user=runner | ip=127.0.0.1 | op=SEND_HEARTBEAT {"datanodeUUID":"50dccd39-549f-4f43-8b1f-597bf98f9c16","term":"2","command":"[]"} | ret=SUCCESS |  
2025-10-17 11:01:28,963 | INFO  | SCMAudit | user=runner | ip=127.0.0.1 | op=SEND_HEARTBEAT {"datanodeUUID":"309ab1ff-9f5a-4058-8b2f-94d451ce5267","term":"2","command":"[]"} | ret=SUCCESS |  
2025-10-17 11:01:29,039 | INFO  | SCMAudit | user=runner | ip=127.0.0.1 | op=SEND_HEARTBEAT {"datanodeUUID":"3a11eef6-a527-493c-8ba3-ae39ecaefa56","term":"2","command":"[]"} | ret=SUCCESS |  
2025-10-17 11:01:29,048 | INFO  | SCMAudit | user=runner | ip=127.0.0.1 | op=SEND_HEARTBEAT {"datanodeUUID":"99c47355-c013-4450-a734-aff6d3c99677","term":"2","command":"[]"} | ret=SUCCESS |  
2025-10-17 11:01:29,170 | INFO  | SCMAudit | user=runner | ip=127.0.0.1 | op=SEND_HEARTBEAT {"datanodeUUID":"718bfa29-2c47-4ab5-ac61-3dfe9c6b9d5c","term":"2","command":"[]"} | ret=SUCCESS |  
2025-10-17 11:01:29,232 | INFO  | SCMAudit | user=runner | ip=127.0.0.1 | op=SEND_HEARTBEAT {"datanodeUUID":"7995ae7b-77ec-4e72-809d-814459f62ee0","term":"2","command":"[]"} | ret=SUCCESS |  
2025-10-17 11:01:29,237 | INFO  | SCMAudit | user=runner | ip=127.0.0.1 | op=SEND_HEARTBEAT {"datanodeUUID":"b6f92338-e951-49df-a986-ea31ece96e9e","term":"2","command":"[]"} | ret=SUCCESS |  
2025-10-17 11:01:29,242 | INFO  | SCMAudit | user=runner | ip=127.0.0.1 | op=SEND_HEARTBEAT {"datanodeUUID":"dbd6f242-9b73-4bca-a110-3e2ec656b979","term":"2","command":"[]"} | ret=SUCCESS |  
2025-10-17 11:01:29,306 | INFO  | SCMAudit | user=runner | ip=127.0.0.1 | op=SEND_HEARTBEAT {"datanodeUUID":"ed6e9581-5875-4278-a8db-50829892434b","term":"2","command":"[]"} | ret=SUCCESS |  
2025-10-17 11:01:29,329 | INFO  | SCMAudit | user=runner | ip=127.0.0.1 | op=SEND_HEARTBEAT {"datanodeUUID":"b292b6be-9482-4c30-a3e0-c9f721931b72","term":"2","command":"[]"} | ret=SUCCESS |  
2025-10-17 11:01:29,536 | INFO  | SCMAudit | user=runner | ip=127.0.0.1 | op=SEND_HEARTBEAT {"datanodeUUID":"b1eee25a-1fdf-4744-83c7-58e0513fce3b","term":"2","command":"[]"} | ret=SUCCESS |  
2025-10-17 11:01:29,560 | INFO  | SCMAudit | user=runner | ip=127.0.0.1 | op=SEND_HEARTBEAT {"datanodeUUID":"28c08cd4-c049-4c66-8210-e254cf68b291","term":"2","command":"[]"} | ret=SUCCESS |  
2025-10-17 11:01:29,656 | INFO  | SCMAudit | user=runner | ip=127.0.0.1 | op=SEND_HEARTBEAT {"datanodeUUID":"2b4cc429-f9c1-416c-9a38-6239a2e149ea","term":"2","command":"[]"} | ret=SUCCESS |  
2025-10-17 11:01:29,680 | INFO  | SCMAudit | user=runner | ip=127.0.0.1 | op=SEND_HEARTBEAT {"datanodeUUID":"a5293c95-44e9-4ea9-88ca-89089eac4b59","term":"2","command":"[]"} | ret=SUCCESS |  
2025-10-17 11:01:29,888 | INFO  | SCMAudit | user=runner | ip=127.0.0.1 | op=SEND_HEARTBEAT {"datanodeUUID":"50dccd39-549f-4f43-8b1f-597bf98f9c16","term":"2","command":"[]"} | ret=SUCCESS |  
2025-10-17 11:01:29,964 | INFO  | SCMAudit | user=runner | ip=127.0.0.1 | op=SEND_HEARTBEAT {"datanodeUUID":"309ab1ff-9f5a-4058-8b2f-94d451ce5267","term":"2","command":"[]"} | ret=SUCCESS |  
2025-10-17 11:01:30,040 | INFO  | SCMAudit | user=runner | ip=127.0.0.1 | op=SEND_HEARTBEAT {"datanodeUUID":"3a11eef6-a527-493c-8ba3-ae39ecaefa56","term":"2","command":"[]"} | ret=SUCCESS |  
2025-10-17 11:01:30,047 | INFO  | SCMAudit | user=runner | ip=127.0.0.1 | op=SEND_HEARTBEAT {"datanodeUUID":"99c47355-c013-4450-a734-aff6d3c99677","term":"2","command":"[]"} | ret=SUCCESS |  
2025-10-17 11:01:30,170 | INFO  | SCMAudit | user=runner | ip=127.0.0.1 | op=SEND_HEARTBEAT {"datanodeUUID":"718bfa29-2c47-4ab5-ac61-3dfe9c6b9d5c","term":"2","command":"[]"} | ret=SUCCESS |  
2025-10-17 11:01:30,233 | INFO  | SCMAudit | user=runner | ip=127.0.0.1 | op=SEND_HEARTBEAT {"datanodeUUID":"7995ae7b-77ec-4e72-809d-814459f62ee0","term":"2","command":"[]"} | ret=SUCCESS |  
2025-10-17 11:01:30,238 | INFO  | SCMAudit | user=runner | ip=127.0.0.1 | op=SEND_HEARTBEAT {"datanodeUUID":"b6f92338-e951-49df-a986-ea31ece96e9e","term":"2","command":"[]"} | ret=SUCCESS |  
2025-10-17 11:01:30,242 | INFO  | SCMAudit | user=runner | ip=127.0.0.1 | op=SEND_HEARTBEAT {"datanodeUUID":"dbd6f242-9b73-4bca-a110-3e2ec656b979","term":"2","command":"[]"} | ret=SUCCESS |  
2025-10-17 11:01:30,305 | INFO  | SCMAudit | user=runner | ip=127.0.0.1 | op=SEND_HEARTBEAT {"datanodeUUID":"ed6e9581-5875-4278-a8db-50829892434b","term":"2","command":"[]"} | ret=SUCCESS |  
2025-10-17 11:01:30,329 | INFO  | SCMAudit | user=runner | ip=127.0.0.1 | op=SEND_HEARTBEAT {"datanodeUUID":"b292b6be-9482-4c30-a3e0-c9f721931b72","term":"2","command":"[]"} | ret=SUCCESS |  
2025-10-17 11:01:30,536 | INFO  | SCMAudit | user=runner | ip=127.0.0.1 | op=SEND_HEARTBEAT {"datanodeUUID":"b1eee25a-1fdf-4744-83c7-58e0513fce3b","term":"2","command":"[]"} | ret=SUCCESS |  
2025-10-17 11:01:30,561 | INFO  | SCMAudit | user=runner | ip=127.0.0.1 | op=SEND_HEARTBEAT {"datanodeUUID":"28c08cd4-c049-4c66-8210-e254cf68b291","term":"2","command":"[]"} | ret=SUCCESS |  
2025-10-17 11:01:30,655 | INFO  | SCMAudit | user=runner | ip=127.0.0.1 | op=SEND_HEARTBEAT {"datanodeUUID":"2b4cc429-f9c1-416c-9a38-6239a2e149ea","term":"2","command":"[]"} | ret=SUCCESS |  
2025-10-17 11:01:30,679 | INFO  | SCMAudit | user=runner | ip=127.0.0.1 | op=SEND_HEARTBEAT {"datanodeUUID":"a5293c95-44e9-4ea9-88ca-89089eac4b59","term":"2","command":"[]"} | ret=SUCCESS |  
2025-10-17 11:01:30,889 | INFO  | SCMAudit | user=runner | ip=127.0.0.1 | op=SEND_HEARTBEAT {"datanodeUUID":"50dccd39-549f-4f43-8b1f-597bf98f9c16","term":"2","command":"[]"} | ret=SUCCESS |  
2025-10-17 11:01:30,965 | INFO  | SCMAudit | user=runner | ip=127.0.0.1 | op=SEND_HEARTBEAT {"datanodeUUID":"309ab1ff-9f5a-4058-8b2f-94d451ce5267","term":"2","command":"[]"} | ret=SUCCESS |  
2025-10-17 11:01:31,040 | INFO  | SCMAudit | user=runner | ip=127.0.0.1 | op=SEND_HEARTBEAT {"datanodeUUID":"3a11eef6-a527-493c-8ba3-ae39ecaefa56","term":"2","command":"[]"} | ret=SUCCESS |  
2025-10-17 11:01:31,047 | INFO  | SCMAudit | user=runner | ip=127.0.0.1 | op=SEND_HEARTBEAT {"datanodeUUID":"99c47355-c013-4450-a734-aff6d3c99677","term":"2","command":"[]"} | ret=SUCCESS |  
2025-10-17 11:01:31,169 | INFO  | SCMAudit | user=runner | ip=127.0.0.1 | op=SEND_HEARTBEAT {"datanodeUUID":"718bfa29-2c47-4ab5-ac61-3dfe9c6b9d5c","term":"2","command":"[]"} | ret=SUCCESS |  
2025-10-17 11:01:31,232 | INFO  | SCMAudit | user=runner | ip=127.0.0.1 | op=SEND_HEARTBEAT {"datanodeUUID":"7995ae7b-77ec-4e72-809d-814459f62ee0","term":"2","command":"[]"} | ret=SUCCESS |  
2025-10-17 11:01:31,238 | INFO  | SCMAudit | user=runner | ip=127.0.0.1 | op=SEND_HEARTBEAT {"datanodeUUID":"b6f92338-e951-49df-a986-ea31ece96e9e","term":"2","command":"[]"} | ret=SUCCESS |  
2025-10-17 11:01:31,242 | INFO  | SCMAudit | user=runner | ip=127.0.0.1 | op=SEND_HEARTBEAT {"datanodeUUID":"dbd6f242-9b73-4bca-a110-3e2ec656b979","term":"2","command":"[]"} | ret=SUCCESS |  
2025-10-17 11:01:31,305 | INFO  | SCMAudit | user=runner | ip=127.0.0.1 | op=SEND_HEARTBEAT {"datanodeUUID":"ed6e9581-5875-4278-a8db-50829892434b","term":"2","command":"[]"} | ret=SUCCESS |  
2025-10-17 11:01:31,329 | INFO  | SCMAudit | user=runner | ip=127.0.0.1 | op=SEND_HEARTBEAT {"datanodeUUID":"b292b6be-9482-4c30-a3e0-c9f721931b72","term":"2","command":"[]"} | ret=SUCCESS |  
2025-10-17 11:01:31,536 | INFO  | SCMAudit | user=runner | ip=127.0.0.1 | op=SEND_HEARTBEAT {"datanodeUUID":"b1eee25a-1fdf-4744-83c7-58e0513fce3b","term":"2","command":"[]"} | ret=SUCCESS |  
2025-10-17 11:01:31,560 | INFO  | SCMAudit | user=runner | ip=127.0.0.1 | op=SEND_HEARTBEAT {"datanodeUUID":"28c08cd4-c049-4c66-8210-e254cf68b291","term":"2","command":"[]"} | ret=SUCCESS |  
2025-10-17 11:01:31,656 | INFO  | SCMAudit | user=runner | ip=127.0.0.1 | op=SEND_HEARTBEAT {"datanodeUUID":"2b4cc429-f9c1-416c-9a38-6239a2e149ea","term":"2","command":"[]"} | ret=SUCCESS |  
2025-10-17 11:01:31,679 | INFO  | SCMAudit | user=runner | ip=127.0.0.1 | op=SEND_HEARTBEAT {"datanodeUUID":"a5293c95-44e9-4ea9-88ca-89089eac4b59","term":"2","command":"[]"} | ret=SUCCESS |  
2025-10-17 11:01:31,889 | INFO  | SCMAudit | user=runner | ip=127.0.0.1 | op=SEND_HEARTBEAT {"datanodeUUID":"50dccd39-549f-4f43-8b1f-597bf98f9c16","term":"2","command":"[]"} | ret=SUCCESS |  
2025-10-17 11:01:31,964 | INFO  | SCMAudit | user=runner | ip=127.0.0.1 | op=SEND_HEARTBEAT {"datanodeUUID":"309ab1ff-9f5a-4058-8b2f-94d451ce5267","term":"2","command":"[]"} | ret=SUCCESS |  
2025-10-17 11:01:32,039 | INFO  | SCMAudit | user=runner | ip=127.0.0.1 | op=SEND_HEARTBEAT {"datanodeUUID":"3a11eef6-a527-493c-8ba3-ae39ecaefa56","term":"2","command":"[]"} | ret=SUCCESS |  
2025-10-17 11:01:32,047 | INFO  | SCMAudit | user=runner | ip=127.0.0.1 | op=SEND_HEARTBEAT {"datanodeUUID":"99c47355-c013-4450-a734-aff6d3c99677","term":"2","command":"[]"} | ret=SUCCESS |  
2025-10-17 11:01:32,170 | INFO  | SCMAudit | user=runner | ip=127.0.0.1 | op=SEND_HEARTBEAT {"datanodeUUID":"718bfa29-2c47-4ab5-ac61-3dfe9c6b9d5c","term":"2","command":"[]"} | ret=SUCCESS |  
2025-10-17 11:01:32,232 | INFO  | SCMAudit | user=runner | ip=127.0.0.1 | op=SEND_HEARTBEAT {"datanodeUUID":"7995ae7b-77ec-4e72-809d-814459f62ee0","term":"2","command":"[]"} | ret=SUCCESS |  
2025-10-17 11:01:32,238 | INFO  | SCMAudit | user=runner | ip=127.0.0.1 | op=SEND_HEARTBEAT {"datanodeUUID":"b6f92338-e951-49df-a986-ea31ece96e9e","term":"2","command":"[]"} | ret=SUCCESS |  
2025-10-17 11:01:32,242 | INFO  | SCMAudit | user=runner | ip=127.0.0.1 | op=SEND_HEARTBEAT {"datanodeUUID":"dbd6f242-9b73-4bca-a110-3e2ec656b979","term":"2","command":"[]"} | ret=SUCCESS |  
2025-10-17 11:01:32,305 | INFO  | SCMAudit | user=runner | ip=127.0.0.1 | op=SEND_HEARTBEAT {"datanodeUUID":"ed6e9581-5875-4278-a8db-50829892434b","term":"2","command":"[]"} | ret=SUCCESS |  
2025-10-17 11:01:32,329 | INFO  | SCMAudit | user=runner | ip=127.0.0.1 | op=SEND_HEARTBEAT {"datanodeUUID":"b292b6be-9482-4c30-a3e0-c9f721931b72","term":"2","command":"[]"} | ret=SUCCESS |  
2025-10-17 11:01:32,535 | INFO  | SCMAudit | user=runner | ip=127.0.0.1 | op=SEND_HEARTBEAT {"datanodeUUID":"b1eee25a-1fdf-4744-83c7-58e0513fce3b","term":"2","command":"[]"} | ret=SUCCESS |  
2025-10-17 11:01:32,561 | INFO  | SCMAudit | user=runner | ip=127.0.0.1 | op=SEND_HEARTBEAT {"datanodeUUID":"28c08cd4-c049-4c66-8210-e254cf68b291","term":"2","command":"[]"} | ret=SUCCESS |  
2025-10-17 11:01:32,655 | INFO  | SCMAudit | user=runner | ip=127.0.0.1 | op=SEND_HEARTBEAT {"datanodeUUID":"2b4cc429-f9c1-416c-9a38-6239a2e149ea","term":"2","command":"[]"} | ret=SUCCESS |  
2025-10-17 11:01:32,679 | INFO  | SCMAudit | user=runner | ip=127.0.0.1 | op=SEND_HEARTBEAT {"datanodeUUID":"a5293c95-44e9-4ea9-88ca-89089eac4b59","term":"2","command":"[]"} | ret=SUCCESS |  
2025-10-17 11:01:32,888 | INFO  | SCMAudit | user=runner | ip=127.0.0.1 | op=SEND_HEARTBEAT {"datanodeUUID":"50dccd39-549f-4f43-8b1f-597bf98f9c16","term":"2","command":"[]"} | ret=SUCCESS |  
2025-10-17 11:01:32,964 | INFO  | SCMAudit | user=runner | ip=127.0.0.1 | op=SEND_HEARTBEAT {"datanodeUUID":"309ab1ff-9f5a-4058-8b2f-94d451ce5267","term":"2","command":"[]"} | ret=SUCCESS |  
2025-10-17 11:01:33,040 | INFO  | SCMAudit | user=runner | ip=127.0.0.1 | op=SEND_HEARTBEAT {"datanodeUUID":"3a11eef6-a527-493c-8ba3-ae39ecaefa56","term":"2","command":"[]"} | ret=SUCCESS |  
2025-10-17 11:01:33,047 | INFO  | SCMAudit | user=runner | ip=127.0.0.1 | op=SEND_HEARTBEAT {"datanodeUUID":"99c47355-c013-4450-a734-aff6d3c99677","term":"2","command":"[]"} | ret=SUCCESS |  
2025-10-17 11:01:33,169 | INFO  | SCMAudit | user=runner | ip=127.0.0.1 | op=SEND_HEARTBEAT {"datanodeUUID":"718bfa29-2c47-4ab5-ac61-3dfe9c6b9d5c","term":"2","command":"[]"} | ret=SUCCESS |  
2025-10-17 11:01:33,200 | INFO  | ContainerLog | ID=7 | Index=0 | BCSID=0 | State=OPEN | Volume=/home/runner/work/ozone/ozone/hadoop-ozone/integration-test/target/test-dir/MiniOzoneClusterImpl-d1ffa5d3-3301-45c3-9f44-1ffa6967d237/ozone-metadata/datanode-14/data-0/hdds | DataChecksum=0 |  
2025-10-17 11:01:33,208 | INFO  | SCMAudit | user=runner | ip=127.0.0.1 | op=SEND_HEARTBEAT {"datanodeUUID":"a5293c95-44e9-4ea9-88ca-89089eac4b59","term":"2","command":"[]"} | ret=SUCCESS |  
2025-10-17 11:01:33,213 | INFO  | OMAudit | user=runner | ip=127.0.0.1 | op=COMMIT_KEY {"volume":"bf2fe0bd-3ddf-4ad7-ab25-3a4117f5a87c","bucket":"4c2b726e-388a-48e1-861b-7b22e8b146c0","key":"cannotRewriteDeletedKey","dataSize":"36","replicationType":"RATIS","replicationFactor":"ONE","Transaction":"29"} | ret=SUCCESS |  
2025-10-17 11:01:33,217 | INFO  | SCMAudit | user=runner | ip=127.0.0.1 | op=GET_CONTAINER_WITH_PIPELINE_BATCH {"containerIDs":"#7,"} | ret=SUCCESS |  
2025-10-17 11:01:33,218 | INFO  | OMAudit | user=runner | ip=127.0.0.1 | op=READ_KEY {"volume":"bf2fe0bd-3ddf-4ad7-ab25-3a4117f5a87c","bucket":"4c2b726e-388a-48e1-861b-7b22e8b146c0","key":"cannotRewriteDeletedKey","owner":null,"dataSize":"0","replicationConfig":null} | ret=SUCCESS |  
2025-10-17 11:01:33,222 | INFO  | OMAudit | user=runner | ip=127.0.0.1 | op=DELETE_KEY {"volume":"bf2fe0bd-3ddf-4ad7-ab25-3a4117f5a87c","bucket":"4c2b726e-388a-48e1-861b-7b22e8b146c0","key":"cannotRewriteDeletedKey","dataSize":"36","replicationConfig":"RATIS/ONE","Transaction":"30"} | ret=SUCCESS |  
2025-10-17 11:01:33,224 | INFO  | OMAudit | user=runner | ip=127.0.0.1 | op=READ_BUCKET {"volume":"bf2fe0bd-3ddf-4ad7-ab25-3a4117f5a87c","bucket":"4c2b726e-388a-48e1-861b-7b22e8b146c0"} | ret=SUCCESS |  
2025-10-17 11:01:33,225 | INFO  | SCMAudit | user=runner | ip=127.0.0.1 | op=ALLOCATE_BLOCK {"replication":"RATIS/ONE","owner":"omServiceIdDefault","size":"4194304","sampleBlocks":"[conID: 4 locID: 115816896921600010]","num":"1","client":"","allocated":"1"} | ret=SUCCESS |  
2025-10-17 11:01:33,227 [om1-OMStateMachineApplyTransactionThread - 0] ERROR key.OMKeyCreateRequest (OMKeyCreateRequest.java:logResult(400)) - Key creation failed. Volume:bf2fe0bd-3ddf-4ad7-ab25-3a4117f5a87c, Bucket:4c2b726e-388a-48e1-861b-7b22e8b146c0, Key:cannotRewriteDeletedKey. 
KEY_NOT_FOUND org.apache.hadoop.ozone.om.exceptions.OMException: Key not found during expected rewrite
	at org.apache.hadoop.ozone.om.request.key.OMKeyCreateRequest.validateAtomicRewrite(OMKeyCreateRequest.java:465)
	at org.apache.hadoop.ozone.om.request.key.OMKeyCreateRequest.validateAndUpdateCache(OMKeyCreateRequest.java:240)
	at org.apache.hadoop.ozone.protocolPB.OzoneManagerRequestHandler.lambda$0(OzoneManagerRequestHandler.java:418)
	at org.apache.hadoop.ozone.util.MetricUtil.captureLatencyNs(MetricUtil.java:45)
	at org.apache.hadoop.ozone.protocolPB.OzoneManagerRequestHandler.handleWriteRequestImpl(OzoneManagerRequestHandler.java:416)
	at org.apache.hadoop.ozone.protocolPB.RequestHandler.handleWriteRequest(RequestHandler.java:62)
	at org.apache.hadoop.ozone.om.ratis.OzoneManagerStateMachine.runCommand(OzoneManagerStateMachine.java:599)
	at org.apache.hadoop.ozone.om.ratis.OzoneManagerStateMachine.lambda$3(OzoneManagerStateMachine.java:415)
	at java.base/java.util.concurrent.CompletableFuture$AsyncSupply.run(CompletableFuture.java:1768)
	at java.base/java.util.concurrent.ThreadPoolExecutor.runWorker(ThreadPoolExecutor.java:1144)
	at java.base/java.util.concurrent.ThreadPoolExecutor$Worker.run(ThreadPoolExecutor.java:642)
	at java.base/java.lang.Thread.run(Thread.java:1583)
2025-10-17 11:01:33,228 | ERROR | OMAudit | user=runner | ip=127.0.0.1 | op=ALLOCATE_KEY {"volume":"bf2fe0bd-3ddf-4ad7-ab25-3a4117f5a87c","bucket":"4c2b726e-388a-48e1-861b-7b22e8b146c0","key":"cannotRewriteDeletedKey","dataSize":"36","replicationType":"RATIS","replicationFactor":"ONE","rewriteGeneration":"29","Transaction":"31"} | ret=FAILURE | 
org.apache.hadoop.ozone.om.exceptions.OMException: Key not found during expected rewrite
	at org.apache.hadoop.ozone.om.request.key.OMKeyCreateRequest.validateAtomicRewrite(OMKeyCreateRequest.java:465)
	at org.apache.hadoop.ozone.om.request.key.OMKeyCreateRequest.validateAndUpdateCache(OMKeyCreateRequest.java:240)
 
]]></system-out>
  </testcase>
  <testcase name="cannotRewriteDeletedKey(BucketLayout)[3]" classname="org.apache.hadoop.ozone.client.rpc.TestSecureOzoneRpcClient" time="0.048">
    <system-out><![CDATA[2025-10-17 11:01:33,231 [ForkJoinPool-1-worker-1] INFO  rpc.RpcClient (RpcClient.java:createVolume(461)) - Creating Volume: 87d708d9-d834-4e94-a5d9-b067ae7fa9e0, with runner as owner and space quota set to -1 bytes, counts quota set to -1
2025-10-17 11:01:33,233 | INFO  | SCMAudit | user=runner | ip=127.0.0.1 | op=SEND_HEARTBEAT {"datanodeUUID":"7995ae7b-77ec-4e72-809d-814459f62ee0","term":"2","command":"[]"} | ret=SUCCESS |  
2025-10-17 11:01:33,234 [om1-OMStateMachineApplyTransactionThread - 0] INFO  volume.OMVolumeCreateRequest (OMVolumeCreateRequest.java:validateAndUpdateCache(213)) - created volume:87d708d9-d834-4e94-a5d9-b067ae7fa9e0 for user:runner
2025-10-17 11:01:33,234 | INFO  | OMAudit | user=runner | ip=127.0.0.1 | op=CREATE_VOLUME {"admin":"runner","owner":"runner","volume":"87d708d9-d834-4e94-a5d9-b067ae7fa9e0","creationTime":"1760698893232","modificationTime":"1760698893232","quotaInBytes":"-1","quotaInNamespace":"-1","usedNamespace":"0","objectID":"-9223372036854767616","updateID":"32","Transaction":"32"} | ret=SUCCESS |  
2025-10-17 11:01:33,236 | INFO  | OMAudit | user=runner | ip=127.0.0.1 | op=READ_VOLUME {"volume":"87d708d9-d834-4e94-a5d9-b067ae7fa9e0"} | ret=SUCCESS |  
2025-10-17 11:01:33,236 [ForkJoinPool-1-worker-1] INFO  rpc.RpcClient (RpcClient.java:createBucket(686)) - Creating Bucket: 87d708d9-d834-4e94-a5d9-b067ae7fa9e0/91bfd3f6-df4c-4a82-b8aa-4ab7f5fe6bf6, with bucket layout LEGACY, runner as owner, Versioning false, Storage Type set to DISK and Encryption set to false, Replication Type set to server-side default replication type, Namespace Quota set to -1, Space Quota set to -1 
2025-10-17 11:01:33,238 | INFO  | SCMAudit | user=runner | ip=127.0.0.1 | op=SEND_HEARTBEAT {"datanodeUUID":"b6f92338-e951-49df-a986-ea31ece96e9e","term":"2","command":"[]"} | ret=SUCCESS |  
2025-10-17 11:01:33,239 [om1-OMStateMachineApplyTransactionThread - 0] INFO  bucket.OMBucketCreateRequest (OMBucketCreateRequest.java:validateAndUpdateCache(303)) - created bucket: 91bfd3f6-df4c-4a82-b8aa-4ab7f5fe6bf6 of layout LEGACY in volume: 87d708d9-d834-4e94-a5d9-b067ae7fa9e0
2025-10-17 11:01:33,239 | INFO  | OMAudit | user=runner | ip=127.0.0.1 | op=CREATE_BUCKET {"volume":"87d708d9-d834-4e94-a5d9-b067ae7fa9e0","bucket":"91bfd3f6-df4c-4a82-b8aa-4ab7f5fe6bf6","bucketLayout":"LEGACY","gdprEnabled":null,"acls":"[user:runner:a[ACCESS], group:runner:rl[ACCESS]]","isVersionEnabled":"false","storageType":"DISK","creationTime":"1760698893237","bucketEncryptionKey":null,"modificationTime":"1760698893237","usedBytes":"0","usedNamespace":"0","snapshotUsedBytes":"0","snapshotUsedNamespace":"0","owner":"runner","replicationType":null,"replicationConfig":null,"quotaInBytes":"-1","quotaInNamespace":"-1","Transaction":"33"} | ret=SUCCESS |  
2025-10-17 11:01:33,241 | INFO  | OMAudit | user=runner | ip=127.0.0.1 | op=READ_BUCKET {"volume":"87d708d9-d834-4e94-a5d9-b067ae7fa9e0","bucket":"91bfd3f6-df4c-4a82-b8aa-4ab7f5fe6bf6"} | ret=SUCCESS |  
2025-10-17 11:01:33,242 | INFO  | SCMAudit | user=runner | ip=127.0.0.1 | op=SEND_HEARTBEAT {"datanodeUUID":"dbd6f242-9b73-4bca-a110-3e2ec656b979","term":"2","command":"[]"} | ret=SUCCESS |  
2025-10-17 11:01:33,243 | INFO  | OMAudit | user=runner | ip=127.0.0.1 | op=READ_BUCKET {"volume":"87d708d9-d834-4e94-a5d9-b067ae7fa9e0","bucket":"91bfd3f6-df4c-4a82-b8aa-4ab7f5fe6bf6"} | ret=SUCCESS |  
2025-10-17 11:01:33,244 | INFO  | SCMAudit | user=runner | ip=127.0.0.1 | op=ALLOCATE_BLOCK {"replication":"RATIS/ONE","owner":"omServiceIdDefault","size":"4194304","sampleBlocks":"[conID: 1 locID: 115816896921600011]","num":"1","client":"","allocated":"1"} | ret=SUCCESS |  
2025-10-17 11:01:33,246 | INFO  | OMAudit | user=runner | ip=127.0.0.1 | op=ALLOCATE_KEY {"volume":"87d708d9-d834-4e94-a5d9-b067ae7fa9e0","bucket":"91bfd3f6-df4c-4a82-b8aa-4ab7f5fe6bf6","key":"cannotRewriteDeletedKey","dataSize":"36","replicationType":"RATIS","replicationFactor":"ONE","Transaction":"34"} | ret=SUCCESS |  
2025-10-17 11:01:33,263 | INFO  | OMAudit | user=runner | ip=127.0.0.1 | op=COMMIT_KEY {"volume":"87d708d9-d834-4e94-a5d9-b067ae7fa9e0","bucket":"91bfd3f6-df4c-4a82-b8aa-4ab7f5fe6bf6","key":"cannotRewriteDeletedKey","dataSize":"36","replicationType":"RATIS","replicationFactor":"ONE","Transaction":"35"} | ret=SUCCESS |  
2025-10-17 11:01:33,266 | INFO  | SCMAudit | user=runner | ip=127.0.0.1 | op=GET_CONTAINER_WITH_PIPELINE_BATCH {"containerIDs":"#1,"} | ret=SUCCESS |  
2025-10-17 11:01:33,267 | INFO  | OMAudit | user=runner | ip=127.0.0.1 | op=READ_KEY {"volume":"87d708d9-d834-4e94-a5d9-b067ae7fa9e0","bucket":"91bfd3f6-df4c-4a82-b8aa-4ab7f5fe6bf6","key":"cannotRewriteDeletedKey","owner":null,"dataSize":"0","replicationConfig":null} | ret=SUCCESS |  
2025-10-17 11:01:33,271 | INFO  | OMAudit | user=runner | ip=127.0.0.1 | op=DELETE_KEY {"volume":"87d708d9-d834-4e94-a5d9-b067ae7fa9e0","bucket":"91bfd3f6-df4c-4a82-b8aa-4ab7f5fe6bf6","key":"cannotRewriteDeletedKey","dataSize":"36","replicationConfig":"RATIS/ONE","Transaction":"36"} | ret=SUCCESS |  
2025-10-17 11:01:33,273 | INFO  | OMAudit | user=runner | ip=127.0.0.1 | op=READ_BUCKET {"volume":"87d708d9-d834-4e94-a5d9-b067ae7fa9e0","bucket":"91bfd3f6-df4c-4a82-b8aa-4ab7f5fe6bf6"} | ret=SUCCESS |  
2025-10-17 11:01:33,274 | INFO  | SCMAudit | user=runner | ip=127.0.0.1 | op=ALLOCATE_BLOCK {"replication":"RATIS/ONE","owner":"omServiceIdDefault","size":"4194304","sampleBlocks":"[conID: 3 locID: 115816896921600012]","num":"1","client":"","allocated":"1"} | ret=SUCCESS |  
2025-10-17 11:01:33,276 [om1-OMStateMachineApplyTransactionThread - 0] ERROR key.OMKeyCreateRequest (OMKeyCreateRequest.java:logResult(400)) - Key creation failed. Volume:87d708d9-d834-4e94-a5d9-b067ae7fa9e0, Bucket:91bfd3f6-df4c-4a82-b8aa-4ab7f5fe6bf6, Key:cannotRewriteDeletedKey. 
KEY_NOT_FOUND org.apache.hadoop.ozone.om.exceptions.OMException: Key not found during expected rewrite
	at org.apache.hadoop.ozone.om.request.key.OMKeyCreateRequest.validateAtomicRewrite(OMKeyCreateRequest.java:465)
	at org.apache.hadoop.ozone.om.request.key.OMKeyCreateRequest.validateAndUpdateCache(OMKeyCreateRequest.java:240)
	at org.apache.hadoop.ozone.protocolPB.OzoneManagerRequestHandler.lambda$0(OzoneManagerRequestHandler.java:418)
	at org.apache.hadoop.ozone.util.MetricUtil.captureLatencyNs(MetricUtil.java:45)
	at org.apache.hadoop.ozone.protocolPB.OzoneManagerRequestHandler.handleWriteRequestImpl(OzoneManagerRequestHandler.java:416)
	at org.apache.hadoop.ozone.protocolPB.RequestHandler.handleWriteRequest(RequestHandler.java:62)
	at org.apache.hadoop.ozone.om.ratis.OzoneManagerStateMachine.runCommand(OzoneManagerStateMachine.java:599)
	at org.apache.hadoop.ozone.om.ratis.OzoneManagerStateMachine.lambda$3(OzoneManagerStateMachine.java:415)
	at java.base/java.util.concurrent.CompletableFuture$AsyncSupply.run(CompletableFuture.java:1768)
	at java.base/java.util.concurrent.ThreadPoolExecutor.runWorker(ThreadPoolExecutor.java:1144)
	at java.base/java.util.concurrent.ThreadPoolExecutor$Worker.run(ThreadPoolExecutor.java:642)
	at java.base/java.lang.Thread.run(Thread.java:1583)
2025-10-17 11:01:33,276 | ERROR | OMAudit | user=runner | ip=127.0.0.1 | op=ALLOCATE_KEY {"volume":"87d708d9-d834-4e94-a5d9-b067ae7fa9e0","bucket":"91bfd3f6-df4c-4a82-b8aa-4ab7f5fe6bf6","key":"cannotRewriteDeletedKey","dataSize":"36","replicationType":"RATIS","replicationFactor":"ONE","rewriteGeneration":"35","Transaction":"37"} | ret=FAILURE | 
org.apache.hadoop.ozone.om.exceptions.OMException: Key not found during expected rewrite
	at org.apache.hadoop.ozone.om.request.key.OMKeyCreateRequest.validateAtomicRewrite(OMKeyCreateRequest.java:465)
	at org.apache.hadoop.ozone.om.request.key.OMKeyCreateRequest.validateAndUpdateCache(OMKeyCreateRequest.java:240)
 
]]></system-out>
  </testcase>
  <testcase name="cannotRewriteRenamedKey(BucketLayout)[1]" classname="org.apache.hadoop.ozone.client.rpc.TestSecureOzoneRpcClient" time="0.046">
    <system-out><![CDATA[2025-10-17 11:01:33,281 [ForkJoinPool-1-worker-1] INFO  rpc.RpcClient (RpcClient.java:createVolume(461)) - Creating Volume: 6f1ba4dc-e43f-4e2b-b1c6-5f581cc6dd3d, with runner as owner and space quota set to -1 bytes, counts quota set to -1
2025-10-17 11:01:33,283 [om1-OMStateMachineApplyTransactionThread - 0] INFO  volume.OMVolumeCreateRequest (OMVolumeCreateRequest.java:validateAndUpdateCache(213)) - created volume:6f1ba4dc-e43f-4e2b-b1c6-5f581cc6dd3d for user:runner
2025-10-17 11:01:33,283 | INFO  | OMAudit | user=runner | ip=127.0.0.1 | op=CREATE_VOLUME {"admin":"runner","owner":"runner","volume":"6f1ba4dc-e43f-4e2b-b1c6-5f581cc6dd3d","creationTime":"1760698893282","modificationTime":"1760698893282","quotaInBytes":"-1","quotaInNamespace":"-1","usedNamespace":"0","objectID":"-9223372036854766080","updateID":"38","Transaction":"38"} | ret=SUCCESS |  
2025-10-17 11:01:33,285 | INFO  | OMAudit | user=runner | ip=127.0.0.1 | op=READ_VOLUME {"volume":"6f1ba4dc-e43f-4e2b-b1c6-5f581cc6dd3d"} | ret=SUCCESS |  
2025-10-17 11:01:33,286 [ForkJoinPool-1-worker-1] INFO  rpc.RpcClient (RpcClient.java:createBucket(686)) - Creating Bucket: 6f1ba4dc-e43f-4e2b-b1c6-5f581cc6dd3d/356e2d51-0427-48b9-9860-2cb6638d4fc0, with bucket layout FILE_SYSTEM_OPTIMIZED, runner as owner, Versioning false, Storage Type set to DISK and Encryption set to false, Replication Type set to server-side default replication type, Namespace Quota set to -1, Space Quota set to -1 
2025-10-17 11:01:33,288 [om1-OMStateMachineApplyTransactionThread - 0] INFO  bucket.OMBucketCreateRequest (OMBucketCreateRequest.java:validateAndUpdateCache(303)) - created bucket: 356e2d51-0427-48b9-9860-2cb6638d4fc0 of layout FILE_SYSTEM_OPTIMIZED in volume: 6f1ba4dc-e43f-4e2b-b1c6-5f581cc6dd3d
2025-10-17 11:01:33,288 | INFO  | OMAudit | user=runner | ip=127.0.0.1 | op=CREATE_BUCKET {"volume":"6f1ba4dc-e43f-4e2b-b1c6-5f581cc6dd3d","bucket":"356e2d51-0427-48b9-9860-2cb6638d4fc0","bucketLayout":"FILE_SYSTEM_OPTIMIZED","gdprEnabled":null,"acls":"[user:runner:a[ACCESS], group:runner:rl[ACCESS]]","isVersionEnabled":"false","storageType":"DISK","creationTime":"1760698893287","bucketEncryptionKey":null,"modificationTime":"1760698893287","usedBytes":"0","usedNamespace":"0","snapshotUsedBytes":"0","snapshotUsedNamespace":"0","owner":"runner","replicationType":null,"replicationConfig":null,"quotaInBytes":"-1","quotaInNamespace":"-1","Transaction":"39"} | ret=SUCCESS |  
2025-10-17 11:01:33,290 | INFO  | OMAudit | user=runner | ip=127.0.0.1 | op=READ_BUCKET {"volume":"6f1ba4dc-e43f-4e2b-b1c6-5f581cc6dd3d","bucket":"356e2d51-0427-48b9-9860-2cb6638d4fc0"} | ret=SUCCESS |  
2025-10-17 11:01:33,292 | INFO  | OMAudit | user=runner | ip=127.0.0.1 | op=READ_BUCKET {"volume":"6f1ba4dc-e43f-4e2b-b1c6-5f581cc6dd3d","bucket":"356e2d51-0427-48b9-9860-2cb6638d4fc0"} | ret=SUCCESS |  
2025-10-17 11:01:33,293 | INFO  | SCMAudit | user=runner | ip=127.0.0.1 | op=ALLOCATE_BLOCK {"replication":"RATIS/ONE","owner":"omServiceIdDefault","size":"4194304","sampleBlocks":"[conID: 7 locID: 115816896921600013]","num":"1","client":"","allocated":"1"} | ret=SUCCESS |  
2025-10-17 11:01:33,296 | INFO  | OMAudit | user=runner | ip=127.0.0.1 | op=ALLOCATE_KEY {"volume":"6f1ba4dc-e43f-4e2b-b1c6-5f581cc6dd3d","bucket":"356e2d51-0427-48b9-9860-2cb6638d4fc0","key":"cannotRewriteRenamedKey","dataSize":"36","replicationType":"RATIS","replicationFactor":"ONE","Transaction":"40"} | ret=SUCCESS |  
2025-10-17 11:01:33,306 | INFO  | SCMAudit | user=runner | ip=127.0.0.1 | op=SEND_HEARTBEAT {"datanodeUUID":"ed6e9581-5875-4278-a8db-50829892434b","term":"2","command":"[]"} | ret=SUCCESS |  
2025-10-17 11:01:33,306 | INFO  | OMAudit | user=runner | ip=127.0.0.1 | op=COMMIT_KEY {"volume":"6f1ba4dc-e43f-4e2b-b1c6-5f581cc6dd3d","bucket":"356e2d51-0427-48b9-9860-2cb6638d4fc0","key":"cannotRewriteRenamedKey","dataSize":"36","replicationType":"RATIS","replicationFactor":"ONE","Transaction":"41"} | ret=SUCCESS |  
2025-10-17 11:01:33,309 | INFO  | OMAudit | user=runner | ip=127.0.0.1 | op=READ_KEY {"volume":"6f1ba4dc-e43f-4e2b-b1c6-5f581cc6dd3d","bucket":"356e2d51-0427-48b9-9860-2cb6638d4fc0","key":"cannotRewriteRenamedKey","owner":null,"dataSize":"0","replicationConfig":null} | ret=SUCCESS |  
2025-10-17 11:01:33,317 | INFO  | OMAudit | user=runner | ip=127.0.0.1 | op=RENAME_KEY {"volume":"6f1ba4dc-e43f-4e2b-b1c6-5f581cc6dd3d","bucket":"356e2d51-0427-48b9-9860-2cb6638d4fc0","dataSize":"0","srcKey":"cannotRewriteRenamedKey","dstKey":"newKeyName-FILE_SYSTEM_OPTIMIZED","Transaction":"42"} | ret=SUCCESS |  
2025-10-17 11:01:33,320 | INFO  | OMAudit | user=runner | ip=127.0.0.1 | op=READ_BUCKET {"volume":"6f1ba4dc-e43f-4e2b-b1c6-5f581cc6dd3d","bucket":"356e2d51-0427-48b9-9860-2cb6638d4fc0"} | ret=SUCCESS |  
2025-10-17 11:01:33,321 | INFO  | SCMAudit | user=runner | ip=127.0.0.1 | op=ALLOCATE_BLOCK {"replication":"RATIS/ONE","owner":"omServiceIdDefault","size":"4194304","sampleBlocks":"[conID: 1 locID: 115816896921600014]","num":"1","client":"","allocated":"1"} | ret=SUCCESS |  
2025-10-17 11:01:33,324 [om1-OMStateMachineApplyTransactionThread - 0] ERROR key.OMKeyCreateRequest (OMKeyCreateRequest.java:logResult(400)) - Key creation failed. Volume:6f1ba4dc-e43f-4e2b-b1c6-5f581cc6dd3d, Bucket:356e2d51-0427-48b9-9860-2cb6638d4fc0, Key:cannotRewriteRenamedKey. 
KEY_NOT_FOUND org.apache.hadoop.ozone.om.exceptions.OMException: Key not found during expected rewrite
	at org.apache.hadoop.ozone.om.request.key.OMKeyCreateRequest.validateAtomicRewrite(OMKeyCreateRequest.java:465)
	at org.apache.hadoop.ozone.om.request.key.OMKeyCreateRequestWithFSO.validateAndUpdateCache(OMKeyCreateRequestWithFSO.java:124)
	at org.apache.hadoop.ozone.protocolPB.OzoneManagerRequestHandler.lambda$0(OzoneManagerRequestHandler.java:418)
	at org.apache.hadoop.ozone.util.MetricUtil.captureLatencyNs(MetricUtil.java:45)
	at org.apache.hadoop.ozone.protocolPB.OzoneManagerRequestHandler.handleWriteRequestImpl(OzoneManagerRequestHandler.java:416)
	at org.apache.hadoop.ozone.protocolPB.RequestHandler.handleWriteRequest(RequestHandler.java:62)
	at org.apache.hadoop.ozone.om.ratis.OzoneManagerStateMachine.runCommand(OzoneManagerStateMachine.java:599)
	at org.apache.hadoop.ozone.om.ratis.OzoneManagerStateMachine.lambda$3(OzoneManagerStateMachine.java:415)
	at java.base/java.util.concurrent.CompletableFuture$AsyncSupply.run(CompletableFuture.java:1768)
	at java.base/java.util.concurrent.ThreadPoolExecutor.runWorker(ThreadPoolExecutor.java:1144)
	at java.base/java.util.concurrent.ThreadPoolExecutor$Worker.run(ThreadPoolExecutor.java:642)
	at java.base/java.lang.Thread.run(Thread.java:1583)
2025-10-17 11:01:33,324 | ERROR | OMAudit | user=runner | ip=127.0.0.1 | op=ALLOCATE_KEY {"volume":"6f1ba4dc-e43f-4e2b-b1c6-5f581cc6dd3d","bucket":"356e2d51-0427-48b9-9860-2cb6638d4fc0","key":"cannotRewriteRenamedKey","dataSize":"36","replicationType":"RATIS","replicationFactor":"ONE","rewriteGeneration":"41","Transaction":"43"} | ret=FAILURE | 
org.apache.hadoop.ozone.om.exceptions.OMException: Key not found during expected rewrite
	at org.apache.hadoop.ozone.om.request.key.OMKeyCreateRequest.validateAtomicRewrite(OMKeyCreateRequest.java:465)
	at org.apache.hadoop.ozone.om.request.key.OMKeyCreateRequestWithFSO.validateAndUpdateCache(OMKeyCreateRequestWithFSO.java:124)
 
]]></system-out>
  </testcase>
  <testcase name="cannotRewriteRenamedKey(BucketLayout)[2]" classname="org.apache.hadoop.ozone.client.rpc.TestSecureOzoneRpcClient" time="0.046">
    <system-out><![CDATA[2025-10-17 11:01:33,328 [ForkJoinPool-1-worker-1] INFO  rpc.RpcClient (RpcClient.java:createVolume(461)) - Creating Volume: 87b689e9-e301-4f50-ba93-86e3c6bd7e08, with runner as owner and space quota set to -1 bytes, counts quota set to -1
2025-10-17 11:01:33,330 | INFO  | SCMAudit | user=runner | ip=127.0.0.1 | op=SEND_HEARTBEAT {"datanodeUUID":"b292b6be-9482-4c30-a3e0-c9f721931b72","term":"2","command":"[]"} | ret=SUCCESS |  
2025-10-17 11:01:33,330 [om1-OMStateMachineApplyTransactionThread - 0] INFO  volume.OMVolumeCreateRequest (OMVolumeCreateRequest.java:validateAndUpdateCache(213)) - created volume:87b689e9-e301-4f50-ba93-86e3c6bd7e08 for user:runner
2025-10-17 11:01:33,330 | INFO  | OMAudit | user=runner | ip=127.0.0.1 | op=CREATE_VOLUME {"admin":"runner","owner":"runner","volume":"87b689e9-e301-4f50-ba93-86e3c6bd7e08","creationTime":"1760698893329","modificationTime":"1760698893329","quotaInBytes":"-1","quotaInNamespace":"-1","usedNamespace":"0","objectID":"-9223372036854764544","updateID":"44","Transaction":"44"} | ret=SUCCESS |  
2025-10-17 11:01:33,332 | INFO  | OMAudit | user=runner | ip=127.0.0.1 | op=READ_VOLUME {"volume":"87b689e9-e301-4f50-ba93-86e3c6bd7e08"} | ret=SUCCESS |  
2025-10-17 11:01:33,333 [ForkJoinPool-1-worker-1] INFO  rpc.RpcClient (RpcClient.java:createBucket(686)) - Creating Bucket: 87b689e9-e301-4f50-ba93-86e3c6bd7e08/a8fb0b55-2f0a-4453-8f5c-b2dc0ad1a08d, with bucket layout OBJECT_STORE, runner as owner, Versioning false, Storage Type set to DISK and Encryption set to false, Replication Type set to server-side default replication type, Namespace Quota set to -1, Space Quota set to -1 
2025-10-17 11:01:33,335 [om1-OMStateMachineApplyTransactionThread - 0] INFO  bucket.OMBucketCreateRequest (OMBucketCreateRequest.java:validateAndUpdateCache(303)) - created bucket: a8fb0b55-2f0a-4453-8f5c-b2dc0ad1a08d of layout OBJECT_STORE in volume: 87b689e9-e301-4f50-ba93-86e3c6bd7e08
2025-10-17 11:01:33,336 | INFO  | OMAudit | user=runner | ip=127.0.0.1 | op=CREATE_BUCKET {"volume":"87b689e9-e301-4f50-ba93-86e3c6bd7e08","bucket":"a8fb0b55-2f0a-4453-8f5c-b2dc0ad1a08d","bucketLayout":"OBJECT_STORE","gdprEnabled":null,"acls":"[user:runner:a[ACCESS], group:runner:rl[ACCESS]]","isVersionEnabled":"false","storageType":"DISK","creationTime":"1760698893334","bucketEncryptionKey":null,"modificationTime":"1760698893334","usedBytes":"0","usedNamespace":"0","snapshotUsedBytes":"0","snapshotUsedNamespace":"0","owner":"runner","replicationType":null,"replicationConfig":null,"quotaInBytes":"-1","quotaInNamespace":"-1","Transaction":"45"} | ret=SUCCESS |  
2025-10-17 11:01:33,337 | INFO  | OMAudit | user=runner | ip=127.0.0.1 | op=READ_BUCKET {"volume":"87b689e9-e301-4f50-ba93-86e3c6bd7e08","bucket":"a8fb0b55-2f0a-4453-8f5c-b2dc0ad1a08d"} | ret=SUCCESS |  
2025-10-17 11:01:33,339 | INFO  | OMAudit | user=runner | ip=127.0.0.1 | op=READ_BUCKET {"volume":"87b689e9-e301-4f50-ba93-86e3c6bd7e08","bucket":"a8fb0b55-2f0a-4453-8f5c-b2dc0ad1a08d"} | ret=SUCCESS |  
2025-10-17 11:01:33,340 | INFO  | SCMAudit | user=runner | ip=127.0.0.1 | op=ALLOCATE_BLOCK {"replication":"RATIS/ONE","owner":"omServiceIdDefault","size":"4194304","sampleBlocks":"[conID: 3 locID: 115816896921600015]","num":"1","client":"","allocated":"1"} | ret=SUCCESS |  
2025-10-17 11:01:33,343 | INFO  | OMAudit | user=runner | ip=127.0.0.1 | op=ALLOCATE_KEY {"volume":"87b689e9-e301-4f50-ba93-86e3c6bd7e08","bucket":"a8fb0b55-2f0a-4453-8f5c-b2dc0ad1a08d","key":"cannotRewriteRenamedKey","dataSize":"36","replicationType":"RATIS","replicationFactor":"ONE","Transaction":"46"} | ret=SUCCESS |  
2025-10-17 11:01:33,357 | INFO  | OMAudit | user=runner | ip=127.0.0.1 | op=COMMIT_KEY {"volume":"87b689e9-e301-4f50-ba93-86e3c6bd7e08","bucket":"a8fb0b55-2f0a-4453-8f5c-b2dc0ad1a08d","key":"cannotRewriteRenamedKey","dataSize":"36","replicationType":"RATIS","replicationFactor":"ONE","Transaction":"47"} | ret=SUCCESS |  
2025-10-17 11:01:33,359 | INFO  | OMAudit | user=runner | ip=127.0.0.1 | op=READ_KEY {"volume":"87b689e9-e301-4f50-ba93-86e3c6bd7e08","bucket":"a8fb0b55-2f0a-4453-8f5c-b2dc0ad1a08d","key":"cannotRewriteRenamedKey","owner":null,"dataSize":"0","replicationConfig":null} | ret=SUCCESS |  
2025-10-17 11:01:33,365 | INFO  | OMAudit | user=runner | ip=127.0.0.1 | op=RENAME_KEY {"volume":"87b689e9-e301-4f50-ba93-86e3c6bd7e08","bucket":"a8fb0b55-2f0a-4453-8f5c-b2dc0ad1a08d","dataSize":"0","srcKey":"cannotRewriteRenamedKey","dstKey":"newKeyName-OBJECT_STORE","Transaction":"48"} | ret=SUCCESS |  
2025-10-17 11:01:33,367 | INFO  | OMAudit | user=runner | ip=127.0.0.1 | op=READ_BUCKET {"volume":"87b689e9-e301-4f50-ba93-86e3c6bd7e08","bucket":"a8fb0b55-2f0a-4453-8f5c-b2dc0ad1a08d"} | ret=SUCCESS |  
2025-10-17 11:01:33,368 | INFO  | SCMAudit | user=runner | ip=127.0.0.1 | op=ALLOCATE_BLOCK {"replication":"RATIS/ONE","owner":"omServiceIdDefault","size":"4194304","sampleBlocks":"[conID: 1 locID: 115816896921600016]","num":"1","client":"","allocated":"1"} | ret=SUCCESS |  
2025-10-17 11:01:33,371 [om1-OMStateMachineApplyTransactionThread - 0] ERROR key.OMKeyCreateRequest (OMKeyCreateRequest.java:logResult(400)) - Key creation failed. Volume:87b689e9-e301-4f50-ba93-86e3c6bd7e08, Bucket:a8fb0b55-2f0a-4453-8f5c-b2dc0ad1a08d, Key:cannotRewriteRenamedKey. 
KEY_NOT_FOUND org.apache.hadoop.ozone.om.exceptions.OMException: Key not found during expected rewrite
	at org.apache.hadoop.ozone.om.request.key.OMKeyCreateRequest.validateAtomicRewrite(OMKeyCreateRequest.java:465)
	at org.apache.hadoop.ozone.om.request.key.OMKeyCreateRequest.validateAndUpdateCache(OMKeyCreateRequest.java:240)
	at org.apache.hadoop.ozone.protocolPB.OzoneManagerRequestHandler.lambda$0(OzoneManagerRequestHandler.java:418)
	at org.apache.hadoop.ozone.util.MetricUtil.captureLatencyNs(MetricUtil.java:45)
	at org.apache.hadoop.ozone.protocolPB.OzoneManagerRequestHandler.handleWriteRequestImpl(OzoneManagerRequestHandler.java:416)
	at org.apache.hadoop.ozone.protocolPB.RequestHandler.handleWriteRequest(RequestHandler.java:62)
	at org.apache.hadoop.ozone.om.ratis.OzoneManagerStateMachine.runCommand(OzoneManagerStateMachine.java:599)
	at org.apache.hadoop.ozone.om.ratis.OzoneManagerStateMachine.lambda$3(OzoneManagerStateMachine.java:415)
	at java.base/java.util.concurrent.CompletableFuture$AsyncSupply.run(CompletableFuture.java:1768)
	at java.base/java.util.concurrent.ThreadPoolExecutor.runWorker(ThreadPoolExecutor.java:1144)
	at java.base/java.util.concurrent.ThreadPoolExecutor$Worker.run(ThreadPoolExecutor.java:642)
	at java.base/java.lang.Thread.run(Thread.java:1583)
2025-10-17 11:01:33,371 | ERROR | OMAudit | user=runner | ip=127.0.0.1 | op=ALLOCATE_KEY {"volume":"87b689e9-e301-4f50-ba93-86e3c6bd7e08","bucket":"a8fb0b55-2f0a-4453-8f5c-b2dc0ad1a08d","key":"cannotRewriteRenamedKey","dataSize":"36","replicationType":"RATIS","replicationFactor":"ONE","rewriteGeneration":"47","Transaction":"49"} | ret=FAILURE | 
org.apache.hadoop.ozone.om.exceptions.OMException: Key not found during expected rewrite
	at org.apache.hadoop.ozone.om.request.key.OMKeyCreateRequest.validateAtomicRewrite(OMKeyCreateRequest.java:465)
	at org.apache.hadoop.ozone.om.request.key.OMKeyCreateRequest.validateAndUpdateCache(OMKeyCreateRequest.java:240)
 
]]></system-out>
  </testcase>
  <testcase name="cannotRewriteRenamedKey(BucketLayout)[3]" classname="org.apache.hadoop.ozone.client.rpc.TestSecureOzoneRpcClient" time="0.057">
    <system-out><![CDATA[2025-10-17 11:01:33,375 [ForkJoinPool-1-worker-1] INFO  rpc.RpcClient (RpcClient.java:createVolume(461)) - Creating Volume: f9c58448-320c-49ac-a871-5d24a5778150, with runner as owner and space quota set to -1 bytes, counts quota set to -1
2025-10-17 11:01:33,379 [om1-OMStateMachineApplyTransactionThread - 0] INFO  volume.OMVolumeCreateRequest (OMVolumeCreateRequest.java:validateAndUpdateCache(213)) - created volume:f9c58448-320c-49ac-a871-5d24a5778150 for user:runner
2025-10-17 11:01:33,379 | INFO  | OMAudit | user=runner | ip=127.0.0.1 | op=CREATE_VOLUME {"admin":"runner","owner":"runner","volume":"f9c58448-320c-49ac-a871-5d24a5778150","creationTime":"1760698893376","modificationTime":"1760698893376","quotaInBytes":"-1","quotaInNamespace":"-1","usedNamespace":"0","objectID":"-9223372036854763008","updateID":"50","Transaction":"50"} | ret=SUCCESS |  
2025-10-17 11:01:33,381 | INFO  | OMAudit | user=runner | ip=127.0.0.1 | op=READ_VOLUME {"volume":"f9c58448-320c-49ac-a871-5d24a5778150"} | ret=SUCCESS |  
2025-10-17 11:01:33,381 [ForkJoinPool-1-worker-1] INFO  rpc.RpcClient (RpcClient.java:createBucket(686)) - Creating Bucket: f9c58448-320c-49ac-a871-5d24a5778150/3bb28d08-11c1-4844-a210-9326c5cc9526, with bucket layout LEGACY, runner as owner, Versioning false, Storage Type set to DISK and Encryption set to false, Replication Type set to server-side default replication type, Namespace Quota set to -1, Space Quota set to -1 
2025-10-17 11:01:33,384 [om1-OMStateMachineApplyTransactionThread - 0] INFO  bucket.OMBucketCreateRequest (OMBucketCreateRequest.java:validateAndUpdateCache(303)) - created bucket: 3bb28d08-11c1-4844-a210-9326c5cc9526 of layout LEGACY in volume: f9c58448-320c-49ac-a871-5d24a5778150
2025-10-17 11:01:33,384 | INFO  | OMAudit | user=runner | ip=127.0.0.1 | op=CREATE_BUCKET {"volume":"f9c58448-320c-49ac-a871-5d24a5778150","bucket":"3bb28d08-11c1-4844-a210-9326c5cc9526","bucketLayout":"LEGACY","gdprEnabled":null,"acls":"[user:runner:a[ACCESS], group:runner:rl[ACCESS]]","isVersionEnabled":"false","storageType":"DISK","creationTime":"1760698893383","bucketEncryptionKey":null,"modificationTime":"1760698893383","usedBytes":"0","usedNamespace":"0","snapshotUsedBytes":"0","snapshotUsedNamespace":"0","owner":"runner","replicationType":null,"replicationConfig":null,"quotaInBytes":"-1","quotaInNamespace":"-1","Transaction":"51"} | ret=SUCCESS |  
2025-10-17 11:01:33,387 | INFO  | OMAudit | user=runner | ip=127.0.0.1 | op=READ_BUCKET {"volume":"f9c58448-320c-49ac-a871-5d24a5778150","bucket":"3bb28d08-11c1-4844-a210-9326c5cc9526"} | ret=SUCCESS |  
2025-10-17 11:01:33,389 | INFO  | OMAudit | user=runner | ip=127.0.0.1 | op=READ_BUCKET {"volume":"f9c58448-320c-49ac-a871-5d24a5778150","bucket":"3bb28d08-11c1-4844-a210-9326c5cc9526"} | ret=SUCCESS |  
2025-10-17 11:01:33,390 | INFO  | SCMAudit | user=runner | ip=127.0.0.1 | op=ALLOCATE_BLOCK {"replication":"RATIS/ONE","owner":"omServiceIdDefault","size":"4194304","sampleBlocks":"[conID: 6 locID: 115816896921600017]","num":"1","client":"","allocated":"1"} | ret=SUCCESS |  
2025-10-17 11:01:33,393 | INFO  | OMAudit | user=runner | ip=127.0.0.1 | op=ALLOCATE_KEY {"volume":"f9c58448-320c-49ac-a871-5d24a5778150","bucket":"3bb28d08-11c1-4844-a210-9326c5cc9526","key":"cannotRewriteRenamedKey","dataSize":"36","replicationType":"RATIS","replicationFactor":"ONE","Transaction":"52"} | ret=SUCCESS |  
2025-10-17 11:01:33,409 | INFO  | ContainerLog | ID=6 | Index=0 | BCSID=0 | State=OPEN | Volume=/home/runner/work/ozone/ozone/hadoop-ozone/integration-test/target/test-dir/MiniOzoneClusterImpl-d1ffa5d3-3301-45c3-9f44-1ffa6967d237/ozone-metadata/datanode-8/data-0/hdds | DataChecksum=0 |  
2025-10-17 11:01:33,410 | INFO  | SCMAudit | user=runner | ip=127.0.0.1 | op=SEND_HEARTBEAT {"datanodeUUID":"dbd6f242-9b73-4bca-a110-3e2ec656b979","term":"2","command":"[]"} | ret=SUCCESS |  
2025-10-17 11:01:33,416 | INFO  | OMAudit | user=runner | ip=127.0.0.1 | op=COMMIT_KEY {"volume":"f9c58448-320c-49ac-a871-5d24a5778150","bucket":"3bb28d08-11c1-4844-a210-9326c5cc9526","key":"cannotRewriteRenamedKey","dataSize":"36","replicationType":"RATIS","replicationFactor":"ONE","Transaction":"53"} | ret=SUCCESS |  
2025-10-17 11:01:33,419 | INFO  | SCMAudit | user=runner | ip=127.0.0.1 | op=GET_CONTAINER_WITH_PIPELINE_BATCH {"containerIDs":"#6,"} | ret=SUCCESS |  
2025-10-17 11:01:33,420 | INFO  | OMAudit | user=runner | ip=127.0.0.1 | op=READ_KEY {"volume":"f9c58448-320c-49ac-a871-5d24a5778150","bucket":"3bb28d08-11c1-4844-a210-9326c5cc9526","key":"cannotRewriteRenamedKey","owner":null,"dataSize":"0","replicationConfig":null} | ret=SUCCESS |  
2025-10-17 11:01:33,424 | INFO  | OMAudit | user=runner | ip=127.0.0.1 | op=RENAME_KEY {"volume":"f9c58448-320c-49ac-a871-5d24a5778150","bucket":"3bb28d08-11c1-4844-a210-9326c5cc9526","dataSize":"0","srcKey":"cannotRewriteRenamedKey","dstKey":"newKeyName-LEGACY","Transaction":"54"} | ret=SUCCESS |  
2025-10-17 11:01:33,426 | INFO  | OMAudit | user=runner | ip=127.0.0.1 | op=READ_BUCKET {"volume":"f9c58448-320c-49ac-a871-5d24a5778150","bucket":"3bb28d08-11c1-4844-a210-9326c5cc9526"} | ret=SUCCESS |  
2025-10-17 11:01:33,427 | INFO  | SCMAudit | user=runner | ip=127.0.0.1 | op=ALLOCATE_BLOCK {"replication":"RATIS/ONE","owner":"omServiceIdDefault","size":"4194304","sampleBlocks":"[conID: 6 locID: 115816896921600018]","num":"1","client":"","allocated":"1"} | ret=SUCCESS |  
2025-10-17 11:01:33,429 [om1-OMStateMachineApplyTransactionThread - 0] ERROR key.OMKeyCreateRequest (OMKeyCreateRequest.java:logResult(400)) - Key creation failed. Volume:f9c58448-320c-49ac-a871-5d24a5778150, Bucket:3bb28d08-11c1-4844-a210-9326c5cc9526, Key:cannotRewriteRenamedKey. 
KEY_NOT_FOUND org.apache.hadoop.ozone.om.exceptions.OMException: Key not found during expected rewrite
	at org.apache.hadoop.ozone.om.request.key.OMKeyCreateRequest.validateAtomicRewrite(OMKeyCreateRequest.java:465)
	at org.apache.hadoop.ozone.om.request.key.OMKeyCreateRequest.validateAndUpdateCache(OMKeyCreateRequest.java:240)
	at org.apache.hadoop.ozone.protocolPB.OzoneManagerRequestHandler.lambda$0(OzoneManagerRequestHandler.java:418)
	at org.apache.hadoop.ozone.util.MetricUtil.captureLatencyNs(MetricUtil.java:45)
	at org.apache.hadoop.ozone.protocolPB.OzoneManagerRequestHandler.handleWriteRequestImpl(OzoneManagerRequestHandler.java:416)
	at org.apache.hadoop.ozone.protocolPB.RequestHandler.handleWriteRequest(RequestHandler.java:62)
	at org.apache.hadoop.ozone.om.ratis.OzoneManagerStateMachine.runCommand(OzoneManagerStateMachine.java:599)
	at org.apache.hadoop.ozone.om.ratis.OzoneManagerStateMachine.lambda$3(OzoneManagerStateMachine.java:415)
	at java.base/java.util.concurrent.CompletableFuture$AsyncSupply.run(CompletableFuture.java:1768)
	at java.base/java.util.concurrent.ThreadPoolExecutor.runWorker(ThreadPoolExecutor.java:1144)
	at java.base/java.util.concurrent.ThreadPoolExecutor$Worker.run(ThreadPoolExecutor.java:642)
	at java.base/java.lang.Thread.run(Thread.java:1583)
2025-10-17 11:01:33,430 | ERROR | OMAudit | user=runner | ip=127.0.0.1 | op=ALLOCATE_KEY {"volume":"f9c58448-320c-49ac-a871-5d24a5778150","bucket":"3bb28d08-11c1-4844-a210-9326c5cc9526","key":"cannotRewriteRenamedKey","dataSize":"36","replicationType":"RATIS","replicationFactor":"ONE","rewriteGeneration":"53","Transaction":"55"} | ret=FAILURE | 
org.apache.hadoop.ozone.om.exceptions.OMException: Key not found during expected rewrite
	at org.apache.hadoop.ozone.om.request.key.OMKeyCreateRequest.validateAtomicRewrite(OMKeyCreateRequest.java:465)
	at org.apache.hadoop.ozone.om.request.key.OMKeyCreateRequest.validateAndUpdateCache(OMKeyCreateRequest.java:240)
 
]]></system-out>
  </testcase>
  <testcase name="overwriteAfterRewrite(BucketLayout)[1]" classname="org.apache.hadoop.ozone.client.rpc.TestSecureOzoneRpcClient" time="0.213">
    <system-out><![CDATA[2025-10-17 11:01:33,434 [ForkJoinPool-1-worker-1] INFO  rpc.RpcClient (RpcClient.java:createVolume(461)) - Creating Volume: c7053e2d-0ac0-4df7-ba0e-05073e3004b4, with runner as owner and space quota set to -1 bytes, counts quota set to -1
2025-10-17 11:01:33,436 [om1-OMStateMachineApplyTransactionThread - 0] INFO  volume.OMVolumeCreateRequest (OMVolumeCreateRequest.java:validateAndUpdateCache(213)) - created volume:c7053e2d-0ac0-4df7-ba0e-05073e3004b4 for user:runner
2025-10-17 11:01:33,436 | INFO  | OMAudit | user=runner | ip=127.0.0.1 | op=CREATE_VOLUME {"admin":"runner","owner":"runner","volume":"c7053e2d-0ac0-4df7-ba0e-05073e3004b4","creationTime":"1760698893435","modificationTime":"1760698893435","quotaInBytes":"-1","quotaInNamespace":"-1","usedNamespace":"0","objectID":"-9223372036854761472","updateID":"56","Transaction":"56"} | ret=SUCCESS |  
2025-10-17 11:01:33,438 | INFO  | OMAudit | user=runner | ip=127.0.0.1 | op=READ_VOLUME {"volume":"c7053e2d-0ac0-4df7-ba0e-05073e3004b4"} | ret=SUCCESS |  
2025-10-17 11:01:33,438 [ForkJoinPool-1-worker-1] INFO  rpc.RpcClient (RpcClient.java:createBucket(686)) - Creating Bucket: c7053e2d-0ac0-4df7-ba0e-05073e3004b4/44c397b6-c5fd-4750-848f-a8d792eaba6e, with bucket layout FILE_SYSTEM_OPTIMIZED, runner as owner, Versioning false, Storage Type set to DISK and Encryption set to false, Replication Type set to server-side default replication type, Namespace Quota set to -1, Space Quota set to -1 
2025-10-17 11:01:33,441 [om1-OMStateMachineApplyTransactionThread - 0] INFO  bucket.OMBucketCreateRequest (OMBucketCreateRequest.java:validateAndUpdateCache(303)) - created bucket: 44c397b6-c5fd-4750-848f-a8d792eaba6e of layout FILE_SYSTEM_OPTIMIZED in volume: c7053e2d-0ac0-4df7-ba0e-05073e3004b4
2025-10-17 11:01:33,441 | INFO  | OMAudit | user=runner | ip=127.0.0.1 | op=CREATE_BUCKET {"volume":"c7053e2d-0ac0-4df7-ba0e-05073e3004b4","bucket":"44c397b6-c5fd-4750-848f-a8d792eaba6e","bucketLayout":"FILE_SYSTEM_OPTIMIZED","gdprEnabled":null,"acls":"[user:runner:a[ACCESS], group:runner:rl[ACCESS]]","isVersionEnabled":"false","storageType":"DISK","creationTime":"1760698893439","bucketEncryptionKey":null,"modificationTime":"1760698893439","usedBytes":"0","usedNamespace":"0","snapshotUsedBytes":"0","snapshotUsedNamespace":"0","owner":"runner","replicationType":null,"replicationConfig":null,"quotaInBytes":"-1","quotaInNamespace":"-1","Transaction":"57"} | ret=SUCCESS |  
2025-10-17 11:01:33,442 | INFO  | OMAudit | user=runner | ip=127.0.0.1 | op=READ_BUCKET {"volume":"c7053e2d-0ac0-4df7-ba0e-05073e3004b4","bucket":"44c397b6-c5fd-4750-848f-a8d792eaba6e"} | ret=SUCCESS |  
2025-10-17 11:01:33,444 | INFO  | OMAudit | user=runner | ip=127.0.0.1 | op=READ_BUCKET {"volume":"c7053e2d-0ac0-4df7-ba0e-05073e3004b4","bucket":"44c397b6-c5fd-4750-848f-a8d792eaba6e"} | ret=SUCCESS |  
2025-10-17 11:01:33,445 | INFO  | SCMAudit | user=runner | ip=127.0.0.1 | op=ALLOCATE_BLOCK {"replication":"RATIS/ONE","owner":"omServiceIdDefault","size":"4194304","sampleBlocks":"[conID: 7 locID: 115816896921600019]","num":"1","client":"","allocated":"1"} | ret=SUCCESS |  
2025-10-17 11:01:33,448 | INFO  | OMAudit | user=runner | ip=127.0.0.1 | op=ALLOCATE_KEY {"volume":"c7053e2d-0ac0-4df7-ba0e-05073e3004b4","bucket":"44c397b6-c5fd-4750-848f-a8d792eaba6e","key":"overwriteAfterRewrite","dataSize":"36","replicationType":"RATIS","replicationFactor":"ONE","Transaction":"58"} | ret=SUCCESS |  
2025-10-17 11:01:33,460 | INFO  | OMAudit | user=runner | ip=127.0.0.1 | op=COMMIT_KEY {"volume":"c7053e2d-0ac0-4df7-ba0e-05073e3004b4","bucket":"44c397b6-c5fd-4750-848f-a8d792eaba6e","key":"overwriteAfterRewrite","dataSize":"36","replicationType":"RATIS","replicationFactor":"ONE","Transaction":"59"} | ret=SUCCESS |  
2025-10-17 11:01:33,463 | INFO  | OMAudit | user=runner | ip=127.0.0.1 | op=READ_KEY {"volume":"c7053e2d-0ac0-4df7-ba0e-05073e3004b4","bucket":"44c397b6-c5fd-4750-848f-a8d792eaba6e","key":"overwriteAfterRewrite","owner":null,"dataSize":"0","replicationConfig":null} | ret=SUCCESS |  
2025-10-17 11:01:33,466 | INFO  | OMAudit | user=runner | ip=127.0.0.1 | op=READ_BUCKET {"volume":"c7053e2d-0ac0-4df7-ba0e-05073e3004b4","bucket":"44c397b6-c5fd-4750-848f-a8d792eaba6e"} | ret=SUCCESS |  
2025-10-17 11:01:33,468 | INFO  | SCMAudit | user=runner | ip=127.0.0.1 | op=ALLOCATE_BLOCK {"replication":"RATIS/ONE","owner":"omServiceIdDefault","size":"4194304","sampleBlocks":"[conID: 8 locID: 115816896921600020]","num":"1","client":"","allocated":"1"} | ret=SUCCESS |  
2025-10-17 11:01:33,472 | INFO  | OMAudit | user=runner | ip=127.0.0.1 | op=ALLOCATE_KEY {"volume":"c7053e2d-0ac0-4df7-ba0e-05073e3004b4","bucket":"44c397b6-c5fd-4750-848f-a8d792eaba6e","key":"overwriteAfterRewrite","dataSize":"36","replicationType":"RATIS","replicationFactor":"ONE","rewriteGeneration":"59","Transaction":"60"} | ret=SUCCESS |  
2025-10-17 11:01:33,489 | INFO  | ContainerLog | ID=8 | Index=0 | BCSID=0 | State=OPEN | Volume=/home/runner/work/ozone/ozone/hadoop-ozone/integration-test/target/test-dir/MiniOzoneClusterImpl-d1ffa5d3-3301-45c3-9f44-1ffa6967d237/ozone-metadata/datanode-9/data-0/hdds | DataChecksum=0 |  
2025-10-17 11:01:33,491 | INFO  | SCMAudit | user=runner | ip=127.0.0.1 | op=SEND_HEARTBEAT {"datanodeUUID":"ed6e9581-5875-4278-a8db-50829892434b","term":"2","command":"[]"} | ret=SUCCESS |  
2025-10-17 11:01:33,498 | INFO  | OMAudit | user=runner | ip=127.0.0.1 | op=COMMIT_KEY {"volume":"c7053e2d-0ac0-4df7-ba0e-05073e3004b4","bucket":"44c397b6-c5fd-4750-848f-a8d792eaba6e","key":"overwriteAfterRewrite","dataSize":"7","replicationType":"RATIS","replicationFactor":"ONE","rewriteGeneration":"59","Transaction":"61"} | ret=SUCCESS |  
2025-10-17 11:01:33,501 | INFO  | OMAudit | user=runner | ip=127.0.0.1 | op=READ_BUCKET {"volume":"c7053e2d-0ac0-4df7-ba0e-05073e3004b4","bucket":"44c397b6-c5fd-4750-848f-a8d792eaba6e"} | ret=SUCCESS |  
2025-10-17 11:01:33,502 | INFO  | SCMAudit | user=runner | ip=127.0.0.1 | op=ALLOCATE_BLOCK {"replication":"RATIS/ONE","owner":"omServiceIdDefault","size":"4194304","sampleBlocks":"[conID: 9 locID: 115816896921600021]","num":"1","client":"","allocated":"1"} | ret=SUCCESS |  
2025-10-17 11:01:33,506 | INFO  | OMAudit | user=runner | ip=127.0.0.1 | op=ALLOCATE_KEY {"volume":"c7053e2d-0ac0-4df7-ba0e-05073e3004b4","bucket":"44c397b6-c5fd-4750-848f-a8d792eaba6e","key":"overwriteAfterRewrite","dataSize":"9","replicationType":"RATIS","replicationFactor":"ONE","Transaction":"62"} | ret=SUCCESS |  
2025-10-17 11:01:33,520 | INFO  | ContainerLog | ID=9 | Index=0 | BCSID=0 | State=OPEN | Volume=/home/runner/work/ozone/ozone/hadoop-ozone/integration-test/target/test-dir/MiniOzoneClusterImpl-d1ffa5d3-3301-45c3-9f44-1ffa6967d237/ozone-metadata/datanode-6/data-0/hdds | DataChecksum=0 |  
2025-10-17 11:01:33,522 | INFO  | SCMAudit | user=runner | ip=127.0.0.1 | op=SEND_HEARTBEAT {"datanodeUUID":"2b4cc429-f9c1-416c-9a38-6239a2e149ea","term":"2","command":"[]"} | ret=SUCCESS |  
2025-10-17 11:01:33,528 | INFO  | OMAudit | user=runner | ip=127.0.0.1 | op=COMMIT_KEY {"volume":"c7053e2d-0ac0-4df7-ba0e-05073e3004b4","bucket":"44c397b6-c5fd-4750-848f-a8d792eaba6e","key":"overwriteAfterRewrite","dataSize":"9","replicationType":"RATIS","replicationFactor":"ONE","Transaction":"63"} | ret=SUCCESS |  
2025-10-17 11:01:33,531 | INFO  | SCMAudit | user=runner | ip=127.0.0.1 | op=GET_CONTAINER_WITH_PIPELINE_BATCH {"containerIDs":"#9,"} | ret=SUCCESS |  
2025-10-17 11:01:33,532 | INFO  | OMAudit | user=runner | ip=127.0.0.1 | op=READ_KEY {"volume":"c7053e2d-0ac0-4df7-ba0e-05073e3004b4","bucket":"44c397b6-c5fd-4750-848f-a8d792eaba6e","key":"overwriteAfterRewrite","owner":null,"dataSize":"0","replicationConfig":null} | ret=SUCCESS |  
2025-10-17 11:01:33,535 | INFO  | OMAudit | user=runner | ip=127.0.0.1 | op=READ_KEY {"volume":"c7053e2d-0ac0-4df7-ba0e-05073e3004b4","bucket":"44c397b6-c5fd-4750-848f-a8d792eaba6e","key":"overwriteAfterRewrite","owner":null,"dataSize":"0","replicationConfig":null} | ret=SUCCESS |  
2025-10-17 11:01:33,535 | INFO  | SCMAudit | user=runner | ip=127.0.0.1 | op=SEND_HEARTBEAT {"datanodeUUID":"b1eee25a-1fdf-4744-83c7-58e0513fce3b","term":"2","command":"[]"} | ret=SUCCESS |  
2025-10-17 11:01:33,537 | INFO  | OMAudit | user=runner | ip=127.0.0.1 | op=READ_KEY {"volume":"c7053e2d-0ac0-4df7-ba0e-05073e3004b4","bucket":"44c397b6-c5fd-4750-848f-a8d792eaba6e","key":"overwriteAfterRewrite","owner":null,"dataSize":"0","replicationConfig":null} | ret=SUCCESS |  
2025-10-17 11:01:33,560 | INFO  | SCMAudit | user=runner | ip=127.0.0.1 | op=SEND_HEARTBEAT {"datanodeUUID":"28c08cd4-c049-4c66-8210-e254cf68b291","term":"2","command":"[]"} | ret=SUCCESS |  
]]></system-out>
  </testcase>
  <testcase name="overwriteAfterRewrite(BucketLayout)[2]" classname="org.apache.hadoop.ozone.client.rpc.TestSecureOzoneRpcClient" time="0.124">
    <system-out><![CDATA[2025-10-17 11:01:33,648 [ForkJoinPool-1-worker-1] INFO  rpc.RpcClient (RpcClient.java:createVolume(461)) - Creating Volume: 05681403-72e7-4d66-9d43-bfc61df4291c, with runner as owner and space quota set to -1 bytes, counts quota set to -1
2025-10-17 11:01:33,652 [om1-OMStateMachineApplyTransactionThread - 0] INFO  volume.OMVolumeCreateRequest (OMVolumeCreateRequest.java:validateAndUpdateCache(213)) - created volume:05681403-72e7-4d66-9d43-bfc61df4291c for user:runner
2025-10-17 11:01:33,652 | INFO  | OMAudit | user=runner | ip=127.0.0.1 | op=CREATE_VOLUME {"admin":"runner","owner":"runner","volume":"05681403-72e7-4d66-9d43-bfc61df4291c","creationTime":"1760698893649","modificationTime":"1760698893649","quotaInBytes":"-1","quotaInNamespace":"-1","usedNamespace":"0","objectID":"-9223372036854759424","updateID":"64","Transaction":"64"} | ret=SUCCESS |  
2025-10-17 11:01:33,655 | INFO  | OMAudit | user=runner | ip=127.0.0.1 | op=READ_VOLUME {"volume":"05681403-72e7-4d66-9d43-bfc61df4291c"} | ret=SUCCESS |  
2025-10-17 11:01:33,655 [ForkJoinPool-1-worker-1] INFO  rpc.RpcClient (RpcClient.java:createBucket(686)) - Creating Bucket: 05681403-72e7-4d66-9d43-bfc61df4291c/f478be21-9833-4eaf-84b5-92fba27d46dd, with bucket layout OBJECT_STORE, runner as owner, Versioning false, Storage Type set to DISK and Encryption set to false, Replication Type set to server-side default replication type, Namespace Quota set to -1, Space Quota set to -1 
2025-10-17 11:01:33,658 [om1-OMStateMachineApplyTransactionThread - 0] INFO  bucket.OMBucketCreateRequest (OMBucketCreateRequest.java:validateAndUpdateCache(303)) - created bucket: f478be21-9833-4eaf-84b5-92fba27d46dd of layout OBJECT_STORE in volume: 05681403-72e7-4d66-9d43-bfc61df4291c
2025-10-17 11:01:33,658 | INFO  | OMAudit | user=runner | ip=127.0.0.1 | op=CREATE_BUCKET {"volume":"05681403-72e7-4d66-9d43-bfc61df4291c","bucket":"f478be21-9833-4eaf-84b5-92fba27d46dd","bucketLayout":"OBJECT_STORE","gdprEnabled":null,"acls":"[user:runner:a[ACCESS], group:runner:rl[ACCESS]]","isVersionEnabled":"false","storageType":"DISK","creationTime":"1760698893656","bucketEncryptionKey":null,"modificationTime":"1760698893656","usedBytes":"0","usedNamespace":"0","snapshotUsedBytes":"0","snapshotUsedNamespace":"0","owner":"runner","replicationType":null,"replicationConfig":null,"quotaInBytes":"-1","quotaInNamespace":"-1","Transaction":"65"} | ret=SUCCESS |  
2025-10-17 11:01:33,661 | INFO  | OMAudit | user=runner | ip=127.0.0.1 | op=READ_BUCKET {"volume":"05681403-72e7-4d66-9d43-bfc61df4291c","bucket":"f478be21-9833-4eaf-84b5-92fba27d46dd"} | ret=SUCCESS |  
2025-10-17 11:01:33,662 | INFO  | OMAudit | user=runner | ip=127.0.0.1 | op=READ_BUCKET {"volume":"05681403-72e7-4d66-9d43-bfc61df4291c","bucket":"f478be21-9833-4eaf-84b5-92fba27d46dd"} | ret=SUCCESS |  
2025-10-17 11:01:33,663 | INFO  | SCMAudit | user=runner | ip=127.0.0.1 | op=ALLOCATE_BLOCK {"replication":"RATIS/ONE","owner":"omServiceIdDefault","size":"4194304","sampleBlocks":"[conID: 2 locID: 115816896921600022]","num":"1","client":"","allocated":"1"} | ret=SUCCESS |  
2025-10-17 11:01:33,666 | INFO  | OMAudit | user=runner | ip=127.0.0.1 | op=ALLOCATE_KEY {"volume":"05681403-72e7-4d66-9d43-bfc61df4291c","bucket":"f478be21-9833-4eaf-84b5-92fba27d46dd","key":"overwriteAfterRewrite","dataSize":"36","replicationType":"RATIS","replicationFactor":"ONE","Transaction":"66"} | ret=SUCCESS |  
2025-10-17 11:01:33,688 | INFO  | OMAudit | user=runner | ip=127.0.0.1 | op=COMMIT_KEY {"volume":"05681403-72e7-4d66-9d43-bfc61df4291c","bucket":"f478be21-9833-4eaf-84b5-92fba27d46dd","key":"overwriteAfterRewrite","dataSize":"36","replicationType":"RATIS","replicationFactor":"ONE","Transaction":"67"} | ret=SUCCESS |  
2025-10-17 11:01:33,691 | INFO  | SCMAudit | user=runner | ip=127.0.0.1 | op=GET_CONTAINER_WITH_PIPELINE_BATCH {"containerIDs":"#2,"} | ret=SUCCESS |  
2025-10-17 11:01:33,691 | INFO  | OMAudit | user=runner | ip=127.0.0.1 | op=READ_KEY {"volume":"05681403-72e7-4d66-9d43-bfc61df4291c","bucket":"f478be21-9833-4eaf-84b5-92fba27d46dd","key":"overwriteAfterRewrite","owner":null,"dataSize":"0","replicationConfig":null} | ret=SUCCESS |  
2025-10-17 11:01:33,694 | INFO  | OMAudit | user=runner | ip=127.0.0.1 | op=READ_BUCKET {"volume":"05681403-72e7-4d66-9d43-bfc61df4291c","bucket":"f478be21-9833-4eaf-84b5-92fba27d46dd"} | ret=SUCCESS |  
2025-10-17 11:01:33,696 | INFO  | SCMAudit | user=runner | ip=127.0.0.1 | op=ALLOCATE_BLOCK {"replication":"RATIS/ONE","owner":"omServiceIdDefault","size":"4194304","sampleBlocks":"[conID: 7 locID: 115816896921600023]","num":"1","client":"","allocated":"1"} | ret=SUCCESS |  
2025-10-17 11:01:33,700 | INFO  | OMAudit | user=runner | ip=127.0.0.1 | op=ALLOCATE_KEY {"volume":"05681403-72e7-4d66-9d43-bfc61df4291c","bucket":"f478be21-9833-4eaf-84b5-92fba27d46dd","key":"overwriteAfterRewrite","dataSize":"36","replicationType":"RATIS","replicationFactor":"ONE","rewriteGeneration":"67","Transaction":"68"} | ret=SUCCESS |  
2025-10-17 11:01:33,722 | INFO  | OMAudit | user=runner | ip=127.0.0.1 | op=COMMIT_KEY {"volume":"05681403-72e7-4d66-9d43-bfc61df4291c","bucket":"f478be21-9833-4eaf-84b5-92fba27d46dd","key":"overwriteAfterRewrite","dataSize":"7","replicationType":"RATIS","replicationFactor":"ONE","rewriteGeneration":"67","Transaction":"69"} | ret=SUCCESS |  
2025-10-17 11:01:33,726 | INFO  | OMAudit | user=runner | ip=127.0.0.1 | op=READ_BUCKET {"volume":"05681403-72e7-4d66-9d43-bfc61df4291c","bucket":"f478be21-9833-4eaf-84b5-92fba27d46dd"} | ret=SUCCESS |  
2025-10-17 11:01:33,727 | INFO  | SCMAudit | user=runner | ip=127.0.0.1 | op=ALLOCATE_BLOCK {"replication":"RATIS/ONE","owner":"omServiceIdDefault","size":"4194304","sampleBlocks":"[conID: 9 locID: 115816896921600024]","num":"1","client":"","allocated":"1"} | ret=SUCCESS |  
2025-10-17 11:01:33,731 | INFO  | OMAudit | user=runner | ip=127.0.0.1 | op=ALLOCATE_KEY {"volume":"05681403-72e7-4d66-9d43-bfc61df4291c","bucket":"f478be21-9833-4eaf-84b5-92fba27d46dd","key":"overwriteAfterRewrite","dataSize":"9","replicationType":"RATIS","replicationFactor":"ONE","Transaction":"70"} | ret=SUCCESS |  
2025-10-17 11:01:33,750 | INFO  | OMAudit | user=runner | ip=127.0.0.1 | op=COMMIT_KEY {"volume":"05681403-72e7-4d66-9d43-bfc61df4291c","bucket":"f478be21-9833-4eaf-84b5-92fba27d46dd","key":"overwriteAfterRewrite","dataSize":"9","replicationType":"RATIS","replicationFactor":"ONE","Transaction":"71"} | ret=SUCCESS |  
2025-10-17 11:01:33,754 | INFO  | OMAudit | user=runner | ip=127.0.0.1 | op=READ_KEY {"volume":"05681403-72e7-4d66-9d43-bfc61df4291c","bucket":"f478be21-9833-4eaf-84b5-92fba27d46dd","key":"overwriteAfterRewrite","owner":null,"dataSize":"0","replicationConfig":null} | ret=SUCCESS |  
2025-10-17 11:01:33,756 | INFO  | OMAudit | user=runner | ip=127.0.0.1 | op=READ_KEY {"volume":"05681403-72e7-4d66-9d43-bfc61df4291c","bucket":"f478be21-9833-4eaf-84b5-92fba27d46dd","key":"overwriteAfterRewrite","owner":null,"dataSize":"0","replicationConfig":null} | ret=SUCCESS |  
2025-10-17 11:01:33,759 | INFO  | OMAudit | user=runner | ip=127.0.0.1 | op=READ_KEY {"volume":"05681403-72e7-4d66-9d43-bfc61df4291c","bucket":"f478be21-9833-4eaf-84b5-92fba27d46dd","key":"overwriteAfterRewrite","owner":null,"dataSize":"0","replicationConfig":null} | ret=SUCCESS |  
]]></system-out>
  </testcase>
  <testcase name="overwriteAfterRewrite(BucketLayout)[3]" classname="org.apache.hadoop.ozone.client.rpc.TestSecureOzoneRpcClient" time="0.112">
    <system-out><![CDATA[2025-10-17 11:01:33,772 [ForkJoinPool-1-worker-1] INFO  rpc.RpcClient (RpcClient.java:createVolume(461)) - Creating Volume: 918e05dc-e803-4661-a18f-4ccc42e68416, with runner as owner and space quota set to -1 bytes, counts quota set to -1
2025-10-17 11:01:33,776 [om1-OMStateMachineApplyTransactionThread - 0] INFO  volume.OMVolumeCreateRequest (OMVolumeCreateRequest.java:validateAndUpdateCache(213)) - created volume:918e05dc-e803-4661-a18f-4ccc42e68416 for user:runner
2025-10-17 11:01:33,777 | INFO  | OMAudit | user=runner | ip=127.0.0.1 | op=CREATE_VOLUME {"admin":"runner","owner":"runner","volume":"918e05dc-e803-4661-a18f-4ccc42e68416","creationTime":"1760698893774","modificationTime":"1760698893774","quotaInBytes":"-1","quotaInNamespace":"-1","usedNamespace":"0","objectID":"-9223372036854757376","updateID":"72","Transaction":"72"} | ret=SUCCESS |  
2025-10-17 11:01:33,778 | INFO  | OMAudit | user=runner | ip=127.0.0.1 | op=READ_VOLUME {"volume":"918e05dc-e803-4661-a18f-4ccc42e68416"} | ret=SUCCESS |  
2025-10-17 11:01:33,779 [ForkJoinPool-1-worker-1] INFO  rpc.RpcClient (RpcClient.java:createBucket(686)) - Creating Bucket: 918e05dc-e803-4661-a18f-4ccc42e68416/85856d59-17b0-4da0-ab27-e98f70612ba2, with bucket layout LEGACY, runner as owner, Versioning false, Storage Type set to DISK and Encryption set to false, Replication Type set to server-side default replication type, Namespace Quota set to -1, Space Quota set to -1 
2025-10-17 11:01:33,782 [om1-OMStateMachineApplyTransactionThread - 0] INFO  bucket.OMBucketCreateRequest (OMBucketCreateRequest.java:validateAndUpdateCache(303)) - created bucket: 85856d59-17b0-4da0-ab27-e98f70612ba2 of layout LEGACY in volume: 918e05dc-e803-4661-a18f-4ccc42e68416
2025-10-17 11:01:33,782 | INFO  | OMAudit | user=runner | ip=127.0.0.1 | op=CREATE_BUCKET {"volume":"918e05dc-e803-4661-a18f-4ccc42e68416","bucket":"85856d59-17b0-4da0-ab27-e98f70612ba2","bucketLayout":"LEGACY","gdprEnabled":null,"acls":"[user:runner:a[ACCESS], group:runner:rl[ACCESS]]","isVersionEnabled":"false","storageType":"DISK","creationTime":"1760698893780","bucketEncryptionKey":null,"modificationTime":"1760698893780","usedBytes":"0","usedNamespace":"0","snapshotUsedBytes":"0","snapshotUsedNamespace":"0","owner":"runner","replicationType":null,"replicationConfig":null,"quotaInBytes":"-1","quotaInNamespace":"-1","Transaction":"73"} | ret=SUCCESS |  
2025-10-17 11:01:33,784 | INFO  | OMAudit | user=runner | ip=127.0.0.1 | op=READ_BUCKET {"volume":"918e05dc-e803-4661-a18f-4ccc42e68416","bucket":"85856d59-17b0-4da0-ab27-e98f70612ba2"} | ret=SUCCESS |  
2025-10-17 11:01:33,787 | INFO  | OMAudit | user=runner | ip=127.0.0.1 | op=READ_BUCKET {"volume":"918e05dc-e803-4661-a18f-4ccc42e68416","bucket":"85856d59-17b0-4da0-ab27-e98f70612ba2"} | ret=SUCCESS |  
2025-10-17 11:01:33,788 | INFO  | SCMAudit | user=runner | ip=127.0.0.1 | op=ALLOCATE_BLOCK {"replication":"RATIS/ONE","owner":"omServiceIdDefault","size":"4194304","sampleBlocks":"[conID: 8 locID: 115816896921600025]","num":"1","client":"","allocated":"1"} | ret=SUCCESS |  
2025-10-17 11:01:33,791 | INFO  | OMAudit | user=runner | ip=127.0.0.1 | op=ALLOCATE_KEY {"volume":"918e05dc-e803-4661-a18f-4ccc42e68416","bucket":"85856d59-17b0-4da0-ab27-e98f70612ba2","key":"overwriteAfterRewrite","dataSize":"36","replicationType":"RATIS","replicationFactor":"ONE","Transaction":"74"} | ret=SUCCESS |  
2025-10-17 11:01:33,804 | INFO  | OMAudit | user=runner | ip=127.0.0.1 | op=COMMIT_KEY {"volume":"918e05dc-e803-4661-a18f-4ccc42e68416","bucket":"85856d59-17b0-4da0-ab27-e98f70612ba2","key":"overwriteAfterRewrite","dataSize":"36","replicationType":"RATIS","replicationFactor":"ONE","Transaction":"75"} | ret=SUCCESS |  
2025-10-17 11:01:33,808 | INFO  | SCMAudit | user=runner | ip=127.0.0.1 | op=GET_CONTAINER_WITH_PIPELINE_BATCH {"containerIDs":"#8,"} | ret=SUCCESS |  
2025-10-17 11:01:33,809 | INFO  | OMAudit | user=runner | ip=127.0.0.1 | op=READ_KEY {"volume":"918e05dc-e803-4661-a18f-4ccc42e68416","bucket":"85856d59-17b0-4da0-ab27-e98f70612ba2","key":"overwriteAfterRewrite","owner":null,"dataSize":"0","replicationConfig":null} | ret=SUCCESS |  
2025-10-17 11:01:33,811 | INFO  | OMAudit | user=runner | ip=127.0.0.1 | op=READ_BUCKET {"volume":"918e05dc-e803-4661-a18f-4ccc42e68416","bucket":"85856d59-17b0-4da0-ab27-e98f70612ba2"} | ret=SUCCESS |  
2025-10-17 11:01:33,812 | INFO  | SCMAudit | user=runner | ip=127.0.0.1 | op=ALLOCATE_BLOCK {"replication":"RATIS/ONE","owner":"omServiceIdDefault","size":"4194304","sampleBlocks":"[conID: 3 locID: 115816896921600026]","num":"1","client":"","allocated":"1"} | ret=SUCCESS |  
2025-10-17 11:01:33,817 | INFO  | OMAudit | user=runner | ip=127.0.0.1 | op=ALLOCATE_KEY {"volume":"918e05dc-e803-4661-a18f-4ccc42e68416","bucket":"85856d59-17b0-4da0-ab27-e98f70612ba2","key":"overwriteAfterRewrite","dataSize":"36","replicationType":"RATIS","replicationFactor":"ONE","rewriteGeneration":"75","Transaction":"76"} | ret=SUCCESS |  
2025-10-17 11:01:33,830 | INFO  | OMAudit | user=runner | ip=127.0.0.1 | op=COMMIT_KEY {"volume":"918e05dc-e803-4661-a18f-4ccc42e68416","bucket":"85856d59-17b0-4da0-ab27-e98f70612ba2","key":"overwriteAfterRewrite","dataSize":"7","replicationType":"RATIS","replicationFactor":"ONE","rewriteGeneration":"75","Transaction":"77"} | ret=SUCCESS |  
2025-10-17 11:01:33,833 | INFO  | OMAudit | user=runner | ip=127.0.0.1 | op=READ_BUCKET {"volume":"918e05dc-e803-4661-a18f-4ccc42e68416","bucket":"85856d59-17b0-4da0-ab27-e98f70612ba2"} | ret=SUCCESS |  
2025-10-17 11:01:33,835 | INFO  | SCMAudit | user=runner | ip=127.0.0.1 | op=ALLOCATE_BLOCK {"replication":"RATIS/ONE","owner":"omServiceIdDefault","size":"4194304","sampleBlocks":"[conID: 10 locID: 115816896921600027]","num":"1","client":"","allocated":"1"} | ret=SUCCESS |  
2025-10-17 11:01:33,839 | INFO  | OMAudit | user=runner | ip=127.0.0.1 | op=ALLOCATE_KEY {"volume":"918e05dc-e803-4661-a18f-4ccc42e68416","bucket":"85856d59-17b0-4da0-ab27-e98f70612ba2","key":"overwriteAfterRewrite","dataSize":"9","replicationType":"RATIS","replicationFactor":"ONE","Transaction":"78"} | ret=SUCCESS |  
2025-10-17 11:01:33,856 | INFO  | ContainerLog | ID=10 | Index=0 | BCSID=0 | State=OPEN | Volume=/home/runner/work/ozone/ozone/hadoop-ozone/integration-test/target/test-dir/MiniOzoneClusterImpl-d1ffa5d3-3301-45c3-9f44-1ffa6967d237/ozone-metadata/datanode-12/data-0/hdds | DataChecksum=0 |  
2025-10-17 11:01:33,858 | INFO  | SCMAudit | user=runner | ip=127.0.0.1 | op=SEND_HEARTBEAT {"datanodeUUID":"3a11eef6-a527-493c-8ba3-ae39ecaefa56","term":"2","command":"[]"} | ret=SUCCESS |  
2025-10-17 11:01:33,864 | INFO  | OMAudit | user=runner | ip=127.0.0.1 | op=COMMIT_KEY {"volume":"918e05dc-e803-4661-a18f-4ccc42e68416","bucket":"85856d59-17b0-4da0-ab27-e98f70612ba2","key":"overwriteAfterRewrite","dataSize":"9","replicationType":"RATIS","replicationFactor":"ONE","Transaction":"79"} | ret=SUCCESS |  
2025-10-17 11:01:33,868 | INFO  | SCMAudit | user=runner | ip=127.0.0.1 | op=GET_CONTAINER_WITH_PIPELINE_BATCH {"containerIDs":"#10,"} | ret=SUCCESS |  
2025-10-17 11:01:33,869 | INFO  | OMAudit | user=runner | ip=127.0.0.1 | op=READ_KEY {"volume":"918e05dc-e803-4661-a18f-4ccc42e68416","bucket":"85856d59-17b0-4da0-ab27-e98f70612ba2","key":"overwriteAfterRewrite","owner":null,"dataSize":"0","replicationConfig":null} | ret=SUCCESS |  
2025-10-17 11:01:33,871 | INFO  | OMAudit | user=runner | ip=127.0.0.1 | op=READ_KEY {"volume":"918e05dc-e803-4661-a18f-4ccc42e68416","bucket":"85856d59-17b0-4da0-ab27-e98f70612ba2","key":"overwriteAfterRewrite","owner":null,"dataSize":"0","replicationConfig":null} | ret=SUCCESS |  
2025-10-17 11:01:33,874 | INFO  | OMAudit | user=runner | ip=127.0.0.1 | op=READ_KEY {"volume":"918e05dc-e803-4661-a18f-4ccc42e68416","bucket":"85856d59-17b0-4da0-ab27-e98f70612ba2","key":"overwriteAfterRewrite","owner":null,"dataSize":"0","replicationConfig":null} | ret=SUCCESS |  
]]></system-out>
  </testcase>
  <testcase name="renameAfterRewrite(BucketLayout)[1]" classname="org.apache.hadoop.ozone.client.rpc.TestSecureOzoneRpcClient" time="0.094">
    <system-out><![CDATA[2025-10-17 11:01:33,887 [ForkJoinPool-1-worker-1] INFO  rpc.RpcClient (RpcClient.java:createVolume(461)) - Creating Volume: 81b80b5d-8001-44a5-8cc9-f139feb3eeae, with runner as owner and space quota set to -1 bytes, counts quota set to -1
2025-10-17 11:01:33,889 | INFO  | SCMAudit | user=runner | ip=127.0.0.1 | op=SEND_HEARTBEAT {"datanodeUUID":"50dccd39-549f-4f43-8b1f-597bf98f9c16","term":"2","command":"[]"} | ret=SUCCESS |  
2025-10-17 11:01:33,890 [om1-OMStateMachineApplyTransactionThread - 0] INFO  volume.OMVolumeCreateRequest (OMVolumeCreateRequest.java:validateAndUpdateCache(213)) - created volume:81b80b5d-8001-44a5-8cc9-f139feb3eeae for user:runner
2025-10-17 11:01:33,890 | INFO  | OMAudit | user=runner | ip=127.0.0.1 | op=CREATE_VOLUME {"admin":"runner","owner":"runner","volume":"81b80b5d-8001-44a5-8cc9-f139feb3eeae","creationTime":"1760698893889","modificationTime":"1760698893889","quotaInBytes":"-1","quotaInNamespace":"-1","usedNamespace":"0","objectID":"-9223372036854755328","updateID":"80","Transaction":"80"} | ret=SUCCESS |  
2025-10-17 11:01:33,892 | INFO  | OMAudit | user=runner | ip=127.0.0.1 | op=READ_VOLUME {"volume":"81b80b5d-8001-44a5-8cc9-f139feb3eeae"} | ret=SUCCESS |  
2025-10-17 11:01:33,893 [ForkJoinPool-1-worker-1] INFO  rpc.RpcClient (RpcClient.java:createBucket(686)) - Creating Bucket: 81b80b5d-8001-44a5-8cc9-f139feb3eeae/7e109571-480c-4131-bc0e-1097d9a60301, with bucket layout FILE_SYSTEM_OPTIMIZED, runner as owner, Versioning false, Storage Type set to DISK and Encryption set to false, Replication Type set to server-side default replication type, Namespace Quota set to -1, Space Quota set to -1 
2025-10-17 11:01:33,895 [om1-OMStateMachineApplyTransactionThread - 0] INFO  bucket.OMBucketCreateRequest (OMBucketCreateRequest.java:validateAndUpdateCache(303)) - created bucket: 7e109571-480c-4131-bc0e-1097d9a60301 of layout FILE_SYSTEM_OPTIMIZED in volume: 81b80b5d-8001-44a5-8cc9-f139feb3eeae
2025-10-17 11:01:33,895 | INFO  | OMAudit | user=runner | ip=127.0.0.1 | op=CREATE_BUCKET {"volume":"81b80b5d-8001-44a5-8cc9-f139feb3eeae","bucket":"7e109571-480c-4131-bc0e-1097d9a60301","bucketLayout":"FILE_SYSTEM_OPTIMIZED","gdprEnabled":null,"acls":"[user:runner:a[ACCESS], group:runner:rl[ACCESS]]","isVersionEnabled":"false","storageType":"DISK","creationTime":"1760698893894","bucketEncryptionKey":null,"modificationTime":"1760698893894","usedBytes":"0","usedNamespace":"0","snapshotUsedBytes":"0","snapshotUsedNamespace":"0","owner":"runner","replicationType":null,"replicationConfig":null,"quotaInBytes":"-1","quotaInNamespace":"-1","Transaction":"81"} | ret=SUCCESS |  
2025-10-17 11:01:33,896 | INFO  | OMAudit | user=runner | ip=127.0.0.1 | op=READ_BUCKET {"volume":"81b80b5d-8001-44a5-8cc9-f139feb3eeae","bucket":"7e109571-480c-4131-bc0e-1097d9a60301"} | ret=SUCCESS |  
2025-10-17 11:01:33,898 | INFO  | OMAudit | user=runner | ip=127.0.0.1 | op=READ_BUCKET {"volume":"81b80b5d-8001-44a5-8cc9-f139feb3eeae","bucket":"7e109571-480c-4131-bc0e-1097d9a60301"} | ret=SUCCESS |  
2025-10-17 11:01:33,900 | INFO  | SCMAudit | user=runner | ip=127.0.0.1 | op=ALLOCATE_BLOCK {"replication":"RATIS/ONE","owner":"omServiceIdDefault","size":"4194304","sampleBlocks":"[conID: 11 locID: 115816896921600028]","num":"1","client":"","allocated":"1"} | ret=SUCCESS |  
2025-10-17 11:01:33,903 | INFO  | OMAudit | user=runner | ip=127.0.0.1 | op=ALLOCATE_KEY {"volume":"81b80b5d-8001-44a5-8cc9-f139feb3eeae","bucket":"7e109571-480c-4131-bc0e-1097d9a60301","key":"renameAfterRewrite","dataSize":"36","replicationType":"RATIS","replicationFactor":"ONE","Transaction":"82"} | ret=SUCCESS |  
2025-10-17 11:01:33,916 | INFO  | ContainerLog | ID=11 | Index=0 | BCSID=0 | State=OPEN | Volume=/home/runner/work/ozone/ozone/hadoop-ozone/integration-test/target/test-dir/MiniOzoneClusterImpl-d1ffa5d3-3301-45c3-9f44-1ffa6967d237/ozone-metadata/datanode-7/data-0/hdds | DataChecksum=0 |  
2025-10-17 11:01:33,917 | INFO  | SCMAudit | user=runner | ip=127.0.0.1 | op=SEND_HEARTBEAT {"datanodeUUID":"50dccd39-549f-4f43-8b1f-597bf98f9c16","term":"2","command":"[]"} | ret=SUCCESS |  
2025-10-17 11:01:33,924 | INFO  | OMAudit | user=runner | ip=127.0.0.1 | op=COMMIT_KEY {"volume":"81b80b5d-8001-44a5-8cc9-f139feb3eeae","bucket":"7e109571-480c-4131-bc0e-1097d9a60301","key":"renameAfterRewrite","dataSize":"36","replicationType":"RATIS","replicationFactor":"ONE","Transaction":"83"} | ret=SUCCESS |  
2025-10-17 11:01:33,926 | INFO  | SCMAudit | user=runner | ip=127.0.0.1 | op=GET_CONTAINER_WITH_PIPELINE_BATCH {"containerIDs":"#11,"} | ret=SUCCESS |  
2025-10-17 11:01:33,927 | INFO  | OMAudit | user=runner | ip=127.0.0.1 | op=READ_KEY {"volume":"81b80b5d-8001-44a5-8cc9-f139feb3eeae","bucket":"7e109571-480c-4131-bc0e-1097d9a60301","key":"renameAfterRewrite","owner":null,"dataSize":"0","replicationConfig":null} | ret=SUCCESS |  
2025-10-17 11:01:33,929 | INFO  | OMAudit | user=runner | ip=127.0.0.1 | op=READ_BUCKET {"volume":"81b80b5d-8001-44a5-8cc9-f139feb3eeae","bucket":"7e109571-480c-4131-bc0e-1097d9a60301"} | ret=SUCCESS |  
2025-10-17 11:01:33,930 | INFO  | SCMAudit | user=runner | ip=127.0.0.1 | op=ALLOCATE_BLOCK {"replication":"RATIS/ONE","owner":"omServiceIdDefault","size":"4194304","sampleBlocks":"[conID: 3 locID: 115816896921600029]","num":"1","client":"","allocated":"1"} | ret=SUCCESS |  
2025-10-17 11:01:33,933 | INFO  | OMAudit | user=runner | ip=127.0.0.1 | op=ALLOCATE_KEY {"volume":"81b80b5d-8001-44a5-8cc9-f139feb3eeae","bucket":"7e109571-480c-4131-bc0e-1097d9a60301","key":"renameAfterRewrite","dataSize":"36","replicationType":"RATIS","replicationFactor":"ONE","rewriteGeneration":"83","Transaction":"84"} | ret=SUCCESS |  
2025-10-17 11:01:33,945 | INFO  | OMAudit | user=runner | ip=127.0.0.1 | op=COMMIT_KEY {"volume":"81b80b5d-8001-44a5-8cc9-f139feb3eeae","bucket":"7e109571-480c-4131-bc0e-1097d9a60301","key":"renameAfterRewrite","dataSize":"7","replicationType":"RATIS","replicationFactor":"ONE","rewriteGeneration":"83","Transaction":"85"} | ret=SUCCESS |  
2025-10-17 11:01:33,949 | INFO  | SCMAudit | user=runner | ip=127.0.0.1 | op=GET_CONTAINER_WITH_PIPELINE_BATCH {"containerIDs":"#3,"} | ret=SUCCESS |  
2025-10-17 11:01:33,950 | INFO  | OMAudit | user=null | ip= | op=READ_KEY {"volume":"81b80b5d-8001-44a5-8cc9-f139feb3eeae","bucket":"7e109571-480c-4131-bc0e-1097d9a60301","key":"renameAfterRewrite","owner":null,"dataSize":"0","replicationConfig":null} | ret=SUCCESS |  
2025-10-17 11:01:33,954 | INFO  | OMAudit | user=runner | ip=127.0.0.1 | op=RENAME_KEY {"volume":"81b80b5d-8001-44a5-8cc9-f139feb3eeae","bucket":"7e109571-480c-4131-bc0e-1097d9a60301","dataSize":"0","srcKey":"renameAfterRewrite","dstKey":"renameAfterRewrite-FILE_SYSTEM_OPTIMIZED","Transaction":"86"} | ret=SUCCESS |  
2025-10-17 11:01:33,958 | INFO  | OMAudit | user=runner | ip=127.0.0.1 | op=READ_KEY {"volume":"81b80b5d-8001-44a5-8cc9-f139feb3eeae","bucket":"7e109571-480c-4131-bc0e-1097d9a60301","key":"renameAfterRewrite-FILE_SYSTEM_OPTIMIZED","owner":null,"dataSize":"0","replicationConfig":null} | ret=SUCCESS |  
2025-10-17 11:01:33,960 | INFO  | OMAudit | user=runner | ip=127.0.0.1 | op=READ_KEY {"volume":"81b80b5d-8001-44a5-8cc9-f139feb3eeae","bucket":"7e109571-480c-4131-bc0e-1097d9a60301","key":"renameAfterRewrite-FILE_SYSTEM_OPTIMIZED","owner":null,"dataSize":"0","replicationConfig":null} | ret=SUCCESS |  
2025-10-17 11:01:33,966 | INFO  | SCMAudit | user=runner | ip=127.0.0.1 | op=SEND_HEARTBEAT {"datanodeUUID":"309ab1ff-9f5a-4058-8b2f-94d451ce5267","term":"2","command":"[]"} | ret=SUCCESS |  
2025-10-17 11:01:33,975 | INFO  | SCMAudit | user=runner | ip=127.0.0.1 | op=GET_CONTAINER_WITH_PIPELINE_BATCH {"containerIDs":"#3,"} | ret=SUCCESS |  
2025-10-17 11:01:33,976 | INFO  | OMAudit | user=null | ip= | op=READ_KEY {"volume":"81b80b5d-8001-44a5-8cc9-f139feb3eeae","bucket":"7e109571-480c-4131-bc0e-1097d9a60301","key":"renameAfterRewrite-FILE_SYSTEM_OPTIMIZED","owner":null,"dataSize":"0","replicationConfig":null} | ret=SUCCESS |  
]]></system-out>
  </testcase>
  <testcase name="renameAfterRewrite(BucketLayout)[2]" classname="org.apache.hadoop.ozone.client.rpc.TestSecureOzoneRpcClient" time="0.077">
    <system-out><![CDATA[2025-10-17 11:01:33,983 [ForkJoinPool-1-worker-1] INFO  rpc.RpcClient (RpcClient.java:createVolume(461)) - Creating Volume: 27b7c725-d892-4547-8b6d-e3b9604c9d82, with runner as owner and space quota set to -1 bytes, counts quota set to -1
2025-10-17 11:01:33,985 [om1-OMStateMachineApplyTransactionThread - 0] INFO  volume.OMVolumeCreateRequest (OMVolumeCreateRequest.java:validateAndUpdateCache(213)) - created volume:27b7c725-d892-4547-8b6d-e3b9604c9d82 for user:runner
2025-10-17 11:01:33,986 | INFO  | OMAudit | user=runner | ip=127.0.0.1 | op=CREATE_VOLUME {"admin":"runner","owner":"runner","volume":"27b7c725-d892-4547-8b6d-e3b9604c9d82","creationTime":"1760698893984","modificationTime":"1760698893984","quotaInBytes":"-1","quotaInNamespace":"-1","usedNamespace":"0","objectID":"-9223372036854753536","updateID":"87","Transaction":"87"} | ret=SUCCESS |  
2025-10-17 11:01:33,988 | INFO  | OMAudit | user=runner | ip=127.0.0.1 | op=READ_VOLUME {"volume":"27b7c725-d892-4547-8b6d-e3b9604c9d82"} | ret=SUCCESS |  
2025-10-17 11:01:33,989 [ForkJoinPool-1-worker-1] INFO  rpc.RpcClient (RpcClient.java:createBucket(686)) - Creating Bucket: 27b7c725-d892-4547-8b6d-e3b9604c9d82/a6a1dd89-c65d-489f-95c8-81f9e8c995cf, with bucket layout OBJECT_STORE, runner as owner, Versioning false, Storage Type set to DISK and Encryption set to false, Replication Type set to server-side default replication type, Namespace Quota set to -1, Space Quota set to -1 
2025-10-17 11:01:33,991 [om1-OMStateMachineApplyTransactionThread - 0] INFO  bucket.OMBucketCreateRequest (OMBucketCreateRequest.java:validateAndUpdateCache(303)) - created bucket: a6a1dd89-c65d-489f-95c8-81f9e8c995cf of layout OBJECT_STORE in volume: 27b7c725-d892-4547-8b6d-e3b9604c9d82
2025-10-17 11:01:33,991 | INFO  | OMAudit | user=runner | ip=127.0.0.1 | op=CREATE_BUCKET {"volume":"27b7c725-d892-4547-8b6d-e3b9604c9d82","bucket":"a6a1dd89-c65d-489f-95c8-81f9e8c995cf","bucketLayout":"OBJECT_STORE","gdprEnabled":null,"acls":"[user:runner:a[ACCESS], group:runner:rl[ACCESS]]","isVersionEnabled":"false","storageType":"DISK","creationTime":"1760698893990","bucketEncryptionKey":null,"modificationTime":"1760698893990","usedBytes":"0","usedNamespace":"0","snapshotUsedBytes":"0","snapshotUsedNamespace":"0","owner":"runner","replicationType":null,"replicationConfig":null,"quotaInBytes":"-1","quotaInNamespace":"-1","Transaction":"88"} | ret=SUCCESS |  
2025-10-17 11:01:33,993 | INFO  | OMAudit | user=runner | ip=127.0.0.1 | op=READ_BUCKET {"volume":"27b7c725-d892-4547-8b6d-e3b9604c9d82","bucket":"a6a1dd89-c65d-489f-95c8-81f9e8c995cf"} | ret=SUCCESS |  
2025-10-17 11:01:33,994 | INFO  | OMAudit | user=runner | ip=127.0.0.1 | op=READ_BUCKET {"volume":"27b7c725-d892-4547-8b6d-e3b9604c9d82","bucket":"a6a1dd89-c65d-489f-95c8-81f9e8c995cf"} | ret=SUCCESS |  
2025-10-17 11:01:33,996 | INFO  | SCMAudit | user=runner | ip=127.0.0.1 | op=ALLOCATE_BLOCK {"replication":"RATIS/ONE","owner":"omServiceIdDefault","size":"4194304","sampleBlocks":"[conID: 12 locID: 115816896921600030]","num":"1","client":"","allocated":"1"} | ret=SUCCESS |  
2025-10-17 11:01:34,000 | INFO  | OMAudit | user=runner | ip=127.0.0.1 | op=ALLOCATE_KEY {"volume":"27b7c725-d892-4547-8b6d-e3b9604c9d82","bucket":"a6a1dd89-c65d-489f-95c8-81f9e8c995cf","key":"renameAfterRewrite","dataSize":"36","replicationType":"RATIS","replicationFactor":"ONE","Transaction":"89"} | ret=SUCCESS |  
2025-10-17 11:01:34,013 | INFO  | ContainerLog | ID=12 | Index=0 | BCSID=0 | State=OPEN | Volume=/home/runner/work/ozone/ozone/hadoop-ozone/integration-test/target/test-dir/MiniOzoneClusterImpl-d1ffa5d3-3301-45c3-9f44-1ffa6967d237/ozone-metadata/datanode-5/data-0/hdds | DataChecksum=0 |  
2025-10-17 11:01:34,015 | INFO  | SCMAudit | user=runner | ip=127.0.0.1 | op=SEND_HEARTBEAT {"datanodeUUID":"b1eee25a-1fdf-4744-83c7-58e0513fce3b","term":"2","command":"[]"} | ret=SUCCESS |  
2025-10-17 11:01:34,020 | INFO  | OMAudit | user=runner | ip=127.0.0.1 | op=COMMIT_KEY {"volume":"27b7c725-d892-4547-8b6d-e3b9604c9d82","bucket":"a6a1dd89-c65d-489f-95c8-81f9e8c995cf","key":"renameAfterRewrite","dataSize":"36","replicationType":"RATIS","replicationFactor":"ONE","Transaction":"90"} | ret=SUCCESS |  
2025-10-17 11:01:34,023 | INFO  | SCMAudit | user=runner | ip=127.0.0.1 | op=GET_CONTAINER_WITH_PIPELINE_BATCH {"containerIDs":"#12,"} | ret=SUCCESS |  
2025-10-17 11:01:34,024 | INFO  | OMAudit | user=runner | ip=127.0.0.1 | op=READ_KEY {"volume":"27b7c725-d892-4547-8b6d-e3b9604c9d82","bucket":"a6a1dd89-c65d-489f-95c8-81f9e8c995cf","key":"renameAfterRewrite","owner":null,"dataSize":"0","replicationConfig":null} | ret=SUCCESS |  
2025-10-17 11:01:34,026 | INFO  | OMAudit | user=runner | ip=127.0.0.1 | op=READ_BUCKET {"volume":"27b7c725-d892-4547-8b6d-e3b9604c9d82","bucket":"a6a1dd89-c65d-489f-95c8-81f9e8c995cf"} | ret=SUCCESS |  
2025-10-17 11:01:34,026 | INFO  | SCMAudit | user=runner | ip=127.0.0.1 | op=ALLOCATE_BLOCK {"replication":"RATIS/ONE","owner":"omServiceIdDefault","size":"4194304","sampleBlocks":"[conID: 1 locID: 115816896921600031]","num":"1","client":"","allocated":"1"} | ret=SUCCESS |  
2025-10-17 11:01:34,029 | INFO  | OMAudit | user=runner | ip=127.0.0.1 | op=ALLOCATE_KEY {"volume":"27b7c725-d892-4547-8b6d-e3b9604c9d82","bucket":"a6a1dd89-c65d-489f-95c8-81f9e8c995cf","key":"renameAfterRewrite","dataSize":"36","replicationType":"RATIS","replicationFactor":"ONE","rewriteGeneration":"90","Transaction":"91"} | ret=SUCCESS |  
2025-10-17 11:01:34,039 | INFO  | OMAudit | user=runner | ip=127.0.0.1 | op=COMMIT_KEY {"volume":"27b7c725-d892-4547-8b6d-e3b9604c9d82","bucket":"a6a1dd89-c65d-489f-95c8-81f9e8c995cf","key":"renameAfterRewrite","dataSize":"7","replicationType":"RATIS","replicationFactor":"ONE","rewriteGeneration":"90","Transaction":"92"} | ret=SUCCESS |  
2025-10-17 11:01:34,041 | INFO  | SCMAudit | user=runner | ip=127.0.0.1 | op=GET_CONTAINER_WITH_PIPELINE_BATCH {"containerIDs":"#1,"} | ret=SUCCESS |  
2025-10-17 11:01:34,042 | INFO  | OMAudit | user=null | ip= | op=READ_KEY {"volume":"27b7c725-d892-4547-8b6d-e3b9604c9d82","bucket":"a6a1dd89-c65d-489f-95c8-81f9e8c995cf","key":"renameAfterRewrite","owner":null,"dataSize":"0","replicationConfig":null} | ret=SUCCESS |  
2025-10-17 11:01:34,044 | INFO  | OMAudit | user=runner | ip=127.0.0.1 | op=RENAME_KEY {"volume":"27b7c725-d892-4547-8b6d-e3b9604c9d82","bucket":"a6a1dd89-c65d-489f-95c8-81f9e8c995cf","dataSize":"0","srcKey":"renameAfterRewrite","dstKey":"renameAfterRewrite-OBJECT_STORE","Transaction":"93"} | ret=SUCCESS |  
2025-10-17 11:01:34,046 | INFO  | OMAudit | user=runner | ip=127.0.0.1 | op=READ_KEY {"volume":"27b7c725-d892-4547-8b6d-e3b9604c9d82","bucket":"a6a1dd89-c65d-489f-95c8-81f9e8c995cf","key":"renameAfterRewrite-OBJECT_STORE","owner":null,"dataSize":"0","replicationConfig":null} | ret=SUCCESS |  
2025-10-17 11:01:34,048 | INFO  | OMAudit | user=runner | ip=127.0.0.1 | op=READ_KEY {"volume":"27b7c725-d892-4547-8b6d-e3b9604c9d82","bucket":"a6a1dd89-c65d-489f-95c8-81f9e8c995cf","key":"renameAfterRewrite-OBJECT_STORE","owner":null,"dataSize":"0","replicationConfig":null} | ret=SUCCESS |  
2025-10-17 11:01:34,048 | INFO  | SCMAudit | user=runner | ip=127.0.0.1 | op=SEND_HEARTBEAT {"datanodeUUID":"99c47355-c013-4450-a734-aff6d3c99677","term":"2","command":"[]"} | ret=SUCCESS |  
2025-10-17 11:01:34,057 | INFO  | SCMAudit | user=runner | ip=127.0.0.1 | op=GET_CONTAINER_WITH_PIPELINE_BATCH {"containerIDs":"#1,"} | ret=SUCCESS |  
2025-10-17 11:01:34,058 | INFO  | OMAudit | user=null | ip= | op=READ_KEY {"volume":"27b7c725-d892-4547-8b6d-e3b9604c9d82","bucket":"a6a1dd89-c65d-489f-95c8-81f9e8c995cf","key":"renameAfterRewrite-OBJECT_STORE","owner":null,"dataSize":"0","replicationConfig":null} | ret=SUCCESS |  
]]></system-out>
  </testcase>
  <testcase name="renameAfterRewrite(BucketLayout)[3]" classname="org.apache.hadoop.ozone.client.rpc.TestSecureOzoneRpcClient" time="0.077">
    <system-out><![CDATA[2025-10-17 11:01:34,060 [ForkJoinPool-1-worker-1] INFO  rpc.RpcClient (RpcClient.java:createVolume(461)) - Creating Volume: aa2f81fd-d11b-4234-83bc-b041cfd8c662, with runner as owner and space quota set to -1 bytes, counts quota set to -1
2025-10-17 11:01:34,062 [om1-OMStateMachineApplyTransactionThread - 0] INFO  volume.OMVolumeCreateRequest (OMVolumeCreateRequest.java:validateAndUpdateCache(213)) - created volume:aa2f81fd-d11b-4234-83bc-b041cfd8c662 for user:runner
2025-10-17 11:01:34,063 | INFO  | OMAudit | user=runner | ip=127.0.0.1 | op=CREATE_VOLUME {"admin":"runner","owner":"runner","volume":"aa2f81fd-d11b-4234-83bc-b041cfd8c662","creationTime":"1760698894061","modificationTime":"1760698894061","quotaInBytes":"-1","quotaInNamespace":"-1","usedNamespace":"0","objectID":"-9223372036854751744","updateID":"94","Transaction":"94"} | ret=SUCCESS |  
2025-10-17 11:01:34,064 | INFO  | OMAudit | user=runner | ip=127.0.0.1 | op=READ_VOLUME {"volume":"aa2f81fd-d11b-4234-83bc-b041cfd8c662"} | ret=SUCCESS |  
2025-10-17 11:01:34,064 [ForkJoinPool-1-worker-1] INFO  rpc.RpcClient (RpcClient.java:createBucket(686)) - Creating Bucket: aa2f81fd-d11b-4234-83bc-b041cfd8c662/24875d74-c23a-4e68-9a98-debe3954e8fb, with bucket layout LEGACY, runner as owner, Versioning false, Storage Type set to DISK and Encryption set to false, Replication Type set to server-side default replication type, Namespace Quota set to -1, Space Quota set to -1 
2025-10-17 11:01:34,066 [om1-OMStateMachineApplyTransactionThread - 0] INFO  bucket.OMBucketCreateRequest (OMBucketCreateRequest.java:validateAndUpdateCache(303)) - created bucket: 24875d74-c23a-4e68-9a98-debe3954e8fb of layout LEGACY in volume: aa2f81fd-d11b-4234-83bc-b041cfd8c662
2025-10-17 11:01:34,066 | INFO  | OMAudit | user=runner | ip=127.0.0.1 | op=CREATE_BUCKET {"volume":"aa2f81fd-d11b-4234-83bc-b041cfd8c662","bucket":"24875d74-c23a-4e68-9a98-debe3954e8fb","bucketLayout":"LEGACY","gdprEnabled":null,"acls":"[user:runner:a[ACCESS], group:runner:rl[ACCESS]]","isVersionEnabled":"false","storageType":"DISK","creationTime":"1760698894065","bucketEncryptionKey":null,"modificationTime":"1760698894065","usedBytes":"0","usedNamespace":"0","snapshotUsedBytes":"0","snapshotUsedNamespace":"0","owner":"runner","replicationType":null,"replicationConfig":null,"quotaInBytes":"-1","quotaInNamespace":"-1","Transaction":"95"} | ret=SUCCESS |  
2025-10-17 11:01:34,068 | INFO  | OMAudit | user=runner | ip=127.0.0.1 | op=READ_BUCKET {"volume":"aa2f81fd-d11b-4234-83bc-b041cfd8c662","bucket":"24875d74-c23a-4e68-9a98-debe3954e8fb"} | ret=SUCCESS |  
2025-10-17 11:01:34,070 | INFO  | OMAudit | user=runner | ip=127.0.0.1 | op=READ_BUCKET {"volume":"aa2f81fd-d11b-4234-83bc-b041cfd8c662","bucket":"24875d74-c23a-4e68-9a98-debe3954e8fb"} | ret=SUCCESS |  
2025-10-17 11:01:34,071 | INFO  | SCMAudit | user=runner | ip=127.0.0.1 | op=ALLOCATE_BLOCK {"replication":"RATIS/ONE","owner":"omServiceIdDefault","size":"4194304","sampleBlocks":"[conID: 4 locID: 115816896921600032]","num":"1","client":"","allocated":"1"} | ret=SUCCESS |  
2025-10-17 11:01:34,074 | INFO  | OMAudit | user=runner | ip=127.0.0.1 | op=ALLOCATE_KEY {"volume":"aa2f81fd-d11b-4234-83bc-b041cfd8c662","bucket":"24875d74-c23a-4e68-9a98-debe3954e8fb","key":"renameAfterRewrite","dataSize":"36","replicationType":"RATIS","replicationFactor":"ONE","Transaction":"96"} | ret=SUCCESS |  
2025-10-17 11:01:34,089 | INFO  | OMAudit | user=runner | ip=127.0.0.1 | op=COMMIT_KEY {"volume":"aa2f81fd-d11b-4234-83bc-b041cfd8c662","bucket":"24875d74-c23a-4e68-9a98-debe3954e8fb","key":"renameAfterRewrite","dataSize":"36","replicationType":"RATIS","replicationFactor":"ONE","Transaction":"97"} | ret=SUCCESS |  
2025-10-17 11:01:34,091 | INFO  | SCMAudit | user=runner | ip=127.0.0.1 | op=GET_CONTAINER_WITH_PIPELINE_BATCH {"containerIDs":"#4,"} | ret=SUCCESS |  
2025-10-17 11:01:34,092 | INFO  | OMAudit | user=runner | ip=127.0.0.1 | op=READ_KEY {"volume":"aa2f81fd-d11b-4234-83bc-b041cfd8c662","bucket":"24875d74-c23a-4e68-9a98-debe3954e8fb","key":"renameAfterRewrite","owner":null,"dataSize":"0","replicationConfig":null} | ret=SUCCESS |  
2025-10-17 11:01:34,094 | INFO  | OMAudit | user=runner | ip=127.0.0.1 | op=READ_BUCKET {"volume":"aa2f81fd-d11b-4234-83bc-b041cfd8c662","bucket":"24875d74-c23a-4e68-9a98-debe3954e8fb"} | ret=SUCCESS |  
2025-10-17 11:01:34,095 | INFO  | SCMAudit | user=runner | ip=127.0.0.1 | op=ALLOCATE_BLOCK {"replication":"RATIS/ONE","owner":"omServiceIdDefault","size":"4194304","sampleBlocks":"[conID: 6 locID: 115816896921600033]","num":"1","client":"","allocated":"1"} | ret=SUCCESS |  
2025-10-17 11:01:34,098 | INFO  | OMAudit | user=runner | ip=127.0.0.1 | op=ALLOCATE_KEY {"volume":"aa2f81fd-d11b-4234-83bc-b041cfd8c662","bucket":"24875d74-c23a-4e68-9a98-debe3954e8fb","key":"renameAfterRewrite","dataSize":"36","replicationType":"RATIS","replicationFactor":"ONE","rewriteGeneration":"97","Transaction":"98"} | ret=SUCCESS |  
2025-10-17 11:01:34,109 | INFO  | OMAudit | user=runner | ip=127.0.0.1 | op=COMMIT_KEY {"volume":"aa2f81fd-d11b-4234-83bc-b041cfd8c662","bucket":"24875d74-c23a-4e68-9a98-debe3954e8fb","key":"renameAfterRewrite","dataSize":"7","replicationType":"RATIS","replicationFactor":"ONE","rewriteGeneration":"97","Transaction":"99"} | ret=SUCCESS |  
2025-10-17 11:01:34,111 | INFO  | SCMAudit | user=runner | ip=127.0.0.1 | op=GET_CONTAINER_WITH_PIPELINE_BATCH {"containerIDs":"#6,"} | ret=SUCCESS |  
2025-10-17 11:01:34,112 | INFO  | OMAudit | user=null | ip= | op=READ_KEY {"volume":"aa2f81fd-d11b-4234-83bc-b041cfd8c662","bucket":"24875d74-c23a-4e68-9a98-debe3954e8fb","key":"renameAfterRewrite","owner":null,"dataSize":"0","replicationConfig":null} | ret=SUCCESS |  
2025-10-17 11:01:34,114 | INFO  | OMAudit | user=runner | ip=127.0.0.1 | op=RENAME_KEY {"volume":"aa2f81fd-d11b-4234-83bc-b041cfd8c662","bucket":"24875d74-c23a-4e68-9a98-debe3954e8fb","dataSize":"0","srcKey":"renameAfterRewrite","dstKey":"renameAfterRewrite-LEGACY","Transaction":"100"} | ret=SUCCESS |  
2025-10-17 11:01:34,117 | INFO  | OMAudit | user=runner | ip=127.0.0.1 | op=READ_KEY {"volume":"aa2f81fd-d11b-4234-83bc-b041cfd8c662","bucket":"24875d74-c23a-4e68-9a98-debe3954e8fb","key":"renameAfterRewrite-LEGACY","owner":null,"dataSize":"0","replicationConfig":null} | ret=SUCCESS |  
2025-10-17 11:01:34,121 | INFO  | OMAudit | user=runner | ip=127.0.0.1 | op=READ_KEY {"volume":"aa2f81fd-d11b-4234-83bc-b041cfd8c662","bucket":"24875d74-c23a-4e68-9a98-debe3954e8fb","key":"renameAfterRewrite-LEGACY","owner":null,"dataSize":"0","replicationConfig":null} | ret=SUCCESS |  
2025-10-17 11:01:34,121 [om1-KeyDeletingService#7] INFO  service.KeyDeletingService (KeyDeletingService.java:processKeyDeletes(151)) - Send 11 key(s) to SCM, first 10 keys: [PurgedKey{blockGroup=BlockGroup[groupID='/c7053e2d-0ac0-4df7-ba0e-05073e3004b4/44c397b6-c5fd-4750-848f-a8d792eaba6e/overwriteAfterRewrite/-9223372036854760192/0', blockIDs=[conID: 7 locID: 115816896921600019 bcsId: 0 replicaIndex: null]], volume='c7053e2d-0ac0-4df7-ba0e-05073e3004b4', bucket='44c397b6-c5fd-4750-848f-a8d792eaba6e', bucketId=-9223372036854761216, purgedBytes=36, isCommittedKey=true, deleteKeyName='/c7053e2d-0ac0-4df7-ba0e-05073e3004b4/44c397b6-c5fd-4750-848f-a8d792eaba6e/overwriteAfterRewrite/-9223372036854760192'}, PurgedKey{blockGroup=BlockGroup[groupID='/27b7c725-d892-4547-8b6d-e3b9604c9d82/a6a1dd89-c65d-489f-95c8-81f9e8c995cf/renameAfterRewrite/-9223372036854752256/0', blockIDs=[conID: 12 locID: 115816896921600030 bcsId: 0 replicaIndex: null]], volume='27b7c725-d892-4547-8b6d-e3b9604c9d82', bucket='a6a1dd89-c65d-489f-95c8-81f9e8c995cf', bucketId=-9223372036854753280, purgedBytes=36, isCommittedKey=true, deleteKeyName='/27b7c725-d892-4547-8b6d-e3b9604c9d82/a6a1dd89-c65d-489f-95c8-81f9e8c995cf/renameAfterRewrite/-9223372036854752256'}, PurgedKey{blockGroup=BlockGroup[groupID='/aa2f81fd-d11b-4234-83bc-b041cfd8c662/24875d74-c23a-4e68-9a98-debe3954e8fb/renameAfterRewrite/-9223372036854750464/0', blockIDs=[conID: 4 locID: 115816896921600032 bcsId: 0 replicaIndex: null]], volume='aa2f81fd-d11b-4234-83bc-b041cfd8c662', bucket='24875d74-c23a-4e68-9a98-debe3954e8fb', bucketId=-9223372036854751488, purgedBytes=36, isCommittedKey=true, deleteKeyName='/aa2f81fd-d11b-4234-83bc-b041cfd8c662/24875d74-c23a-4e68-9a98-debe3954e8fb/renameAfterRewrite/-9223372036854750464'}, PurgedKey{blockGroup=BlockGroup[groupID='/87d708d9-d834-4e94-a5d9-b067ae7fa9e0/91bfd3f6-df4c-4a82-b8aa-4ab7f5fe6bf6/cannotRewriteDeletedKey/-9223372036854767104/0', blockIDs=[conID: 1 locID: 115816896921600011 bcsId: 0 replicaIndex: null]], volume='87d708d9-d834-4e94-a5d9-b067ae7fa9e0', bucket='91bfd3f6-df4c-4a82-b8aa-4ab7f5fe6bf6', bucketId=-9223372036854767360, purgedBytes=36, isCommittedKey=true, deleteKeyName='/87d708d9-d834-4e94-a5d9-b067ae7fa9e0/91bfd3f6-df4c-4a82-b8aa-4ab7f5fe6bf6/cannotRewriteDeletedKey/-9223372036854767104'}, PurgedKey{blockGroup=BlockGroup[groupID='/05681403-72e7-4d66-9d43-bfc61df4291c/f478be21-9833-4eaf-84b5-92fba27d46dd/overwriteAfterRewrite/-9223372036854758144/0', blockIDs=[conID: 2 locID: 115816896921600022 bcsId: 0 replicaIndex: null]], volume='05681403-72e7-4d66-9d43-bfc61df4291c', bucket='f478be21-9833-4eaf-84b5-92fba27d46dd', bucketId=-9223372036854759168, purgedBytes=36, isCommittedKey=true, deleteKeyName='/05681403-72e7-4d66-9d43-bfc61df4291c/f478be21-9833-4eaf-84b5-92fba27d46dd/overwriteAfterRewrite/-9223372036854758144'}, PurgedKey{blockGroup=BlockGroup[groupID='/918e05dc-e803-4661-a18f-4ccc42e68416/85856d59-17b0-4da0-ab27-e98f70612ba2/overwriteAfterRewrite/-9223372036854756096/0', blockIDs=[conID: 8 locID: 115816896921600025 bcsId: 0 replicaIndex: null]], volume='918e05dc-e803-4661-a18f-4ccc42e68416', bucket='85856d59-17b0-4da0-ab27-e98f70612ba2', bucketId=-9223372036854757120, purgedBytes=36, isCommittedKey=true, deleteKeyName='/918e05dc-e803-4661-a18f-4ccc42e68416/85856d59-17b0-4da0-ab27-e98f70612ba2/overwriteAfterRewrite/-9223372036854756096'}, PurgedKey{blockGroup=BlockGroup[groupID='/05681403-72e7-4d66-9d43-bfc61df4291c/f478be21-9833-4eaf-84b5-92fba27d46dd/overwriteAfterRewrite/-9223372036854757632/0', blockIDs=[conID: 7 locID: 115816896921600023 bcsId: 0 replicaIndex: null]], volume='05681403-72e7-4d66-9d43-bfc61df4291c', bucket='f478be21-9833-4eaf-84b5-92fba27d46dd', bucketId=-9223372036854759168, purgedBytes=7, isCommittedKey=true, deleteKeyName='/05681403-72e7-4d66-9d43-bfc61df4291c/f478be21-9833-4eaf-84b5-92fba27d46dd/overwriteAfterRewrite/-9223372036854757632'}, PurgedKey{blockGroup=BlockGroup[groupID='/81b80b5d-8001-44a5-8cc9-f139feb3eeae/7e109571-480c-4131-bc0e-1097d9a60301/renameAfterRewrite/-9223372036854754048/0', blockIDs=[conID: 11 locID: 115816896921600028 bcsId: 0 replicaIndex: null]], volume='81b80b5d-8001-44a5-8cc9-f139feb3eeae', bucket='7e109571-480c-4131-bc0e-1097d9a60301', bucketId=-9223372036854755072, purgedBytes=36, isCommittedKey=true, deleteKeyName='/81b80b5d-8001-44a5-8cc9-f139feb3eeae/7e109571-480c-4131-bc0e-1097d9a60301/renameAfterRewrite/-9223372036854754048'}, PurgedKey{blockGroup=BlockGroup[groupID='/bf2fe0bd-3ddf-4ad7-ab25-3a4117f5a87c/4c2b726e-388a-48e1-861b-7b22e8b146c0/cannotRewriteDeletedKey/-9223372036854768896/0', blockIDs=[conID: 7 locID: 115816896921600009 bcsId: 0 replicaIndex: null]], volume='bf2fe0bd-3ddf-4ad7-ab25-3a4117f5a87c', bucket='4c2b726e-388a-48e1-861b-7b22e8b146c0', bucketId=-9223372036854769152, purgedBytes=36, isCommittedKey=true, deleteKeyName='/bf2fe0bd-3ddf-4ad7-ab25-3a4117f5a87c/4c2b726e-388a-48e1-861b-7b22e8b146c0/cannotRewriteDeletedKey/-9223372036854768896'}, PurgedKey{blockGroup=BlockGroup[groupID='/918e05dc-e803-4661-a18f-4ccc42e68416/85856d59-17b0-4da0-ab27-e98f70612ba2/overwriteAfterRewrite/-9223372036854755584/0', blockIDs=[conID: 3 locID: 115816896921600026 bcsId: 0 replicaIndex: null]], volume='918e05dc-e803-4661-a18f-4ccc42e68416', bucket='85856d59-17b0-4da0-ab27-e98f70612ba2', bucketId=-9223372036854757120, purgedBytes=7, isCommittedKey=true, deleteKeyName='/918e05dc-e803-4661-a18f-4ccc42e68416/85856d59-17b0-4da0-ab27-e98f70612ba2/overwriteAfterRewrite/-9223372036854755584'}]
2025-10-17 11:01:34,125 | INFO  | SCMAudit | user=runner | ip=127.0.0.1 | op=DELETE_KEY_BLOCK {"KeyBlockToDelete":"[BlockGroup[groupID='/918e05dc-e803-4661-a18f-4ccc42e68416/85856d59-17b0-4da0-ab27-e98f70612ba2/overwriteAfterRewrite/-9223372036854756096/0', blockIDs=[conID: 8 locID: 115816896921600025 bcsId: 0 replicaIndex: null]], BlockGroup[groupID='/27b7c725-d892-4547-8b6d-e3b9604c9d82/a6a1dd89-c65d-489f-95c8-81f9e8c995cf/renameAfterRewrite/-9223372036854752256/0', blockIDs=[conID: 12 locID: 115816896921600030 bcsId: 0 replicaIndex: null]], BlockGroup[groupID='/05681403-72e7-4d66-9d43-bfc61df4291c/f478be21-9833-4eaf-84b5-92fba27d46dd/overwriteAfterRewrite/-9223372036854758144/0', blockIDs=[conID: 2 locID: 115816896921600022 bcsId: 0 replicaIndex: null]], BlockGroup[groupID='/aa2f81fd-d11b-4234-83bc-b041cfd8c662/24875d74-c23a-4e68-9a98-debe3954e8fb/renameAfterRewrite/-9223372036854750464/0', blockIDs=[conID: 4 locID: 115816896921600032 bcsId: 0 replicaIndex: null]], BlockGroup[groupID='/bf2fe0bd-3ddf-4ad7-ab25-3a4117f5a87c/4c2b726e-388a-48e1-861b-7b22e8b146c0/cannotRewriteDeletedKey/-9223372036854768896/0', blockIDs=[conID: 7 locID: 115816896921600009 bcsId: 0 replicaIndex: null]], BlockGroup[groupID='/c7053e2d-0ac0-4df7-ba0e-05073e3004b4/44c397b6-c5fd-4750-848f-a8d792eaba6e/overwriteAfterRewrite/-9223372036854760192/0', blockIDs=[conID: 7 locID: 115816896921600019 bcsId: 0 replicaIndex: null]], BlockGroup[groupID='/81b80b5d-8001-44a5-8cc9-f139feb3eeae/7e109571-480c-4131-bc0e-1097d9a60301/renameAfterRewrite/-9223372036854754048/0', blockIDs=[conID: 11 locID: 115816896921600028 bcsId: 0 replicaIndex: null]], BlockGroup[groupID='/87d708d9-d834-4e94-a5d9-b067ae7fa9e0/91bfd3f6-df4c-4a82-b8aa-4ab7f5fe6bf6/cannotRewriteDeletedKey/-9223372036854767104/0', blockIDs=[conID: 1 locID: 115816896921600011 bcsId: 0 replicaIndex: null]], BlockGroup[groupID='/918e05dc-e803-4661-a18f-4ccc42e68416/85856d59-17b0-4da0-ab27-e98f70612ba2/overwriteAfterRewrite/-9223372036854755584/0', blockIDs=[conID: 3 locID: 115816896921600026 bcsId: 0 replicaIndex: null]], BlockGroup[groupID='/05681403-72e7-4d66-9d43-bfc61df4291c/f478be21-9833-4eaf-84b5-92fba27d46dd/overwriteAfterRewrite/-9223372036854757632/0', blockIDs=[conID: 7 locID: 115816896921600023 bcsId: 0 replicaIndex: null]], BlockGroup[groupID='/c7053e2d-0ac0-4df7-ba0e-05073e3004b4/44c397b6-c5fd-4750-848f-a8d792eaba6e/overwriteAfterRewrite/-9223372036854759680/0', blockIDs=[conID: 8 locID: 115816896921600020 bcsId: 0 replicaIndex: null]]]"} | ret=SUCCESS |  
2025-10-17 11:01:34,127 [om1-KeyDeletingService#7] INFO  service.KeyDeletingService (KeyDeletingService.java:processKeyDeletes(158)) - 11 BlockGroup deletion are acked by SCM in 7 ms
2025-10-17 11:01:34,131 [om1-KeyDeletingService#7] INFO  service.KeyDeletingService (KeyDeletingService.java:processKeyDeletes(166)) - Blocks for 11 (out of 11) keys are deleted from DB in 3 ms. Limit per task is 50000.
2025-10-17 11:01:34,135 | INFO  | SCMAudit | user=runner | ip=127.0.0.1 | op=GET_CONTAINER_WITH_PIPELINE_BATCH {"containerIDs":"#6,"} | ret=SUCCESS |  
2025-10-17 11:01:34,135 | INFO  | OMAudit | user=null | ip= | op=READ_KEY {"volume":"aa2f81fd-d11b-4234-83bc-b041cfd8c662","bucket":"24875d74-c23a-4e68-9a98-debe3954e8fb","key":"renameAfterRewrite-LEGACY","owner":null,"dataSize":"0","replicationConfig":null} | ret=SUCCESS |  
]]></system-out>
  </testcase>
  <testcase name="rewriteAfterRename(BucketLayout)[1]" classname="org.apache.hadoop.ozone.client.rpc.TestSecureOzoneRpcClient" time="0.086">
    <system-out><![CDATA[2025-10-17 11:01:34,138 [ForkJoinPool-1-worker-1] INFO  rpc.RpcClient (RpcClient.java:createVolume(461)) - Creating Volume: cbcd62c4-be29-46c4-83c4-e08de5c9c0c8, with runner as owner and space quota set to -1 bytes, counts quota set to -1
2025-10-17 11:01:34,140 [om1-OMStateMachineApplyTransactionThread - 0] INFO  volume.OMVolumeCreateRequest (OMVolumeCreateRequest.java:validateAndUpdateCache(213)) - created volume:cbcd62c4-be29-46c4-83c4-e08de5c9c0c8 for user:runner
2025-10-17 11:01:34,141 | INFO  | OMAudit | user=runner | ip=127.0.0.1 | op=CREATE_VOLUME {"admin":"runner","owner":"runner","volume":"cbcd62c4-be29-46c4-83c4-e08de5c9c0c8","creationTime":"1760698894139","modificationTime":"1760698894139","quotaInBytes":"-1","quotaInNamespace":"-1","usedNamespace":"0","objectID":"-9223372036854749696","updateID":"102","Transaction":"102"} | ret=SUCCESS |  
2025-10-17 11:01:34,142 | INFO  | OMAudit | user=runner | ip=127.0.0.1 | op=READ_VOLUME {"volume":"cbcd62c4-be29-46c4-83c4-e08de5c9c0c8"} | ret=SUCCESS |  
2025-10-17 11:01:34,142 [ForkJoinPool-1-worker-1] INFO  rpc.RpcClient (RpcClient.java:createBucket(686)) - Creating Bucket: cbcd62c4-be29-46c4-83c4-e08de5c9c0c8/b4328f05-d44e-4add-b3bb-dea65e2f6ec0, with bucket layout FILE_SYSTEM_OPTIMIZED, runner as owner, Versioning false, Storage Type set to DISK and Encryption set to false, Replication Type set to server-side default replication type, Namespace Quota set to -1, Space Quota set to -1 
2025-10-17 11:01:34,145 [om1-OMStateMachineApplyTransactionThread - 0] INFO  bucket.OMBucketCreateRequest (OMBucketCreateRequest.java:validateAndUpdateCache(303)) - created bucket: b4328f05-d44e-4add-b3bb-dea65e2f6ec0 of layout FILE_SYSTEM_OPTIMIZED in volume: cbcd62c4-be29-46c4-83c4-e08de5c9c0c8
2025-10-17 11:01:34,145 | INFO  | OMAudit | user=runner | ip=127.0.0.1 | op=CREATE_BUCKET {"volume":"cbcd62c4-be29-46c4-83c4-e08de5c9c0c8","bucket":"b4328f05-d44e-4add-b3bb-dea65e2f6ec0","bucketLayout":"FILE_SYSTEM_OPTIMIZED","gdprEnabled":null,"acls":"[user:runner:a[ACCESS], group:runner:rl[ACCESS]]","isVersionEnabled":"false","storageType":"DISK","creationTime":"1760698894143","bucketEncryptionKey":null,"modificationTime":"1760698894143","usedBytes":"0","usedNamespace":"0","snapshotUsedBytes":"0","snapshotUsedNamespace":"0","owner":"runner","replicationType":null,"replicationConfig":null,"quotaInBytes":"-1","quotaInNamespace":"-1","Transaction":"103"} | ret=SUCCESS |  
2025-10-17 11:01:34,146 | INFO  | OMAudit | user=runner | ip=127.0.0.1 | op=READ_BUCKET {"volume":"cbcd62c4-be29-46c4-83c4-e08de5c9c0c8","bucket":"b4328f05-d44e-4add-b3bb-dea65e2f6ec0"} | ret=SUCCESS |  
2025-10-17 11:01:34,148 | INFO  | OMAudit | user=runner | ip=127.0.0.1 | op=READ_BUCKET {"volume":"cbcd62c4-be29-46c4-83c4-e08de5c9c0c8","bucket":"b4328f05-d44e-4add-b3bb-dea65e2f6ec0"} | ret=SUCCESS |  
2025-10-17 11:01:34,149 | INFO  | SCMAudit | user=runner | ip=127.0.0.1 | op=ALLOCATE_BLOCK {"replication":"RATIS/ONE","owner":"omServiceIdDefault","size":"4194304","sampleBlocks":"[conID: 3 locID: 115816896921600034]","num":"1","client":"","allocated":"1"} | ret=SUCCESS |  
2025-10-17 11:01:34,152 | INFO  | OMAudit | user=runner | ip=127.0.0.1 | op=ALLOCATE_KEY {"volume":"cbcd62c4-be29-46c4-83c4-e08de5c9c0c8","bucket":"b4328f05-d44e-4add-b3bb-dea65e2f6ec0","key":"rewriteAfterRename","dataSize":"36","replicationType":"RATIS","replicationFactor":"ONE","Transaction":"104"} | ret=SUCCESS |  
2025-10-17 11:01:34,162 | INFO  | OMAudit | user=runner | ip=127.0.0.1 | op=COMMIT_KEY {"volume":"cbcd62c4-be29-46c4-83c4-e08de5c9c0c8","bucket":"b4328f05-d44e-4add-b3bb-dea65e2f6ec0","key":"rewriteAfterRename","dataSize":"36","replicationType":"RATIS","replicationFactor":"ONE","Transaction":"105"} | ret=SUCCESS |  
2025-10-17 11:01:34,165 | INFO  | OMAudit | user=runner | ip=127.0.0.1 | op=READ_KEY {"volume":"cbcd62c4-be29-46c4-83c4-e08de5c9c0c8","bucket":"b4328f05-d44e-4add-b3bb-dea65e2f6ec0","key":"rewriteAfterRename","owner":null,"dataSize":"0","replicationConfig":null} | ret=SUCCESS |  
2025-10-17 11:01:34,170 | INFO  | OMAudit | user=runner | ip=127.0.0.1 | op=RENAME_KEY {"volume":"cbcd62c4-be29-46c4-83c4-e08de5c9c0c8","bucket":"b4328f05-d44e-4add-b3bb-dea65e2f6ec0","dataSize":"0","srcKey":"rewriteAfterRename","dstKey":"rewriteAfterRename-FILE_SYSTEM_OPTIMIZED","Transaction":"106"} | ret=SUCCESS |  
2025-10-17 11:01:34,171 | INFO  | SCMAudit | user=runner | ip=127.0.0.1 | op=SEND_HEARTBEAT {"datanodeUUID":"718bfa29-2c47-4ab5-ac61-3dfe9c6b9d5c","term":"2","command":"[]"} | ret=SUCCESS |  
2025-10-17 11:01:34,172 | INFO  | OMAudit | user=runner | ip=127.0.0.1 | op=READ_KEY {"volume":"cbcd62c4-be29-46c4-83c4-e08de5c9c0c8","bucket":"b4328f05-d44e-4add-b3bb-dea65e2f6ec0","key":"rewriteAfterRename-FILE_SYSTEM_OPTIMIZED","owner":null,"dataSize":"0","replicationConfig":null} | ret=SUCCESS |  
2025-10-17 11:01:34,175 | INFO  | SCMAudit | user=runner | ip=127.0.0.1 | op=GET_CONTAINER_WITH_PIPELINE_BATCH {"containerIDs":"#3,"} | ret=SUCCESS |  
2025-10-17 11:01:34,175 | INFO  | OMAudit | user=null | ip= | op=READ_KEY {"volume":"cbcd62c4-be29-46c4-83c4-e08de5c9c0c8","bucket":"b4328f05-d44e-4add-b3bb-dea65e2f6ec0","key":"rewriteAfterRename-FILE_SYSTEM_OPTIMIZED","owner":null,"dataSize":"0","replicationConfig":null} | ret=SUCCESS |  
2025-10-17 11:01:34,176 | INFO  | OMAudit | user=runner | ip=127.0.0.1 | op=READ_BUCKET {"volume":"cbcd62c4-be29-46c4-83c4-e08de5c9c0c8","bucket":"b4328f05-d44e-4add-b3bb-dea65e2f6ec0"} | ret=SUCCESS |  
2025-10-17 11:01:34,177 | INFO  | SCMAudit | user=runner | ip=127.0.0.1 | op=ALLOCATE_BLOCK {"replication":"RATIS/ONE","owner":"omServiceIdDefault","size":"4194304","sampleBlocks":"[conID: 5 locID: 115816896921600035]","num":"1","client":"","allocated":"1"} | ret=SUCCESS |  
2025-10-17 11:01:34,181 | INFO  | OMAudit | user=runner | ip=127.0.0.1 | op=ALLOCATE_KEY {"volume":"cbcd62c4-be29-46c4-83c4-e08de5c9c0c8","bucket":"b4328f05-d44e-4add-b3bb-dea65e2f6ec0","key":"rewriteAfterRename-FILE_SYSTEM_OPTIMIZED","dataSize":"36","replicationType":"RATIS","replicationFactor":"ONE","rewriteGeneration":"106","Transaction":"107"} | ret=SUCCESS |  
2025-10-17 11:01:34,197 | INFO  | OMAudit | user=runner | ip=127.0.0.1 | op=COMMIT_KEY {"volume":"cbcd62c4-be29-46c4-83c4-e08de5c9c0c8","bucket":"b4328f05-d44e-4add-b3bb-dea65e2f6ec0","key":"rewriteAfterRename-FILE_SYSTEM_OPTIMIZED","dataSize":"7","replicationType":"RATIS","replicationFactor":"ONE","rewriteGeneration":"106","Transaction":"108"} | ret=SUCCESS |  
2025-10-17 11:01:34,200 | INFO  | SCMAudit | user=runner | ip=127.0.0.1 | op=GET_CONTAINER_WITH_PIPELINE_BATCH {"containerIDs":"#5,"} | ret=SUCCESS |  
2025-10-17 11:01:34,202 | INFO  | OMAudit | user=runner | ip=127.0.0.1 | op=READ_KEY {"volume":"cbcd62c4-be29-46c4-83c4-e08de5c9c0c8","bucket":"b4328f05-d44e-4add-b3bb-dea65e2f6ec0","key":"rewriteAfterRename-FILE_SYSTEM_OPTIMIZED","owner":null,"dataSize":"0","replicationConfig":null} | ret=SUCCESS |  
2025-10-17 11:01:34,204 | INFO  | SCMAudit | user=runner | ip=127.0.0.1 | op=SEND_HEARTBEAT {"datanodeUUID":"a5293c95-44e9-4ea9-88ca-89089eac4b59","term":"2","command":"[]"} | ret=SUCCESS |  
2025-10-17 11:01:34,206 | INFO  | OMAudit | user=runner | ip=127.0.0.1 | op=READ_KEY {"volume":"cbcd62c4-be29-46c4-83c4-e08de5c9c0c8","bucket":"b4328f05-d44e-4add-b3bb-dea65e2f6ec0","key":"rewriteAfterRename-FILE_SYSTEM_OPTIMIZED","owner":null,"dataSize":"0","replicationConfig":null} | ret=SUCCESS |  
2025-10-17 11:01:34,222 | INFO  | SCMAudit | user=runner | ip=127.0.0.1 | op=GET_CONTAINER_WITH_PIPELINE_BATCH {"containerIDs":"#5,"} | ret=SUCCESS |  
2025-10-17 11:01:34,223 | INFO  | OMAudit | user=null | ip= | op=READ_KEY {"volume":"cbcd62c4-be29-46c4-83c4-e08de5c9c0c8","bucket":"b4328f05-d44e-4add-b3bb-dea65e2f6ec0","key":"rewriteAfterRename-FILE_SYSTEM_OPTIMIZED","owner":null,"dataSize":"0","replicationConfig":null} | ret=SUCCESS |  
]]></system-out>
  </testcase>
  <testcase name="rewriteAfterRename(BucketLayout)[2]" classname="org.apache.hadoop.ozone.client.rpc.TestSecureOzoneRpcClient" time="0.07">
    <system-out><![CDATA[2025-10-17 11:01:34,225 [ForkJoinPool-1-worker-1] INFO  rpc.RpcClient (RpcClient.java:createVolume(461)) - Creating Volume: e78780cc-cb9b-4d47-902c-006c1bb50f9c, with runner as owner and space quota set to -1 bytes, counts quota set to -1
2025-10-17 11:01:34,228 [om1-OMStateMachineApplyTransactionThread - 0] INFO  volume.OMVolumeCreateRequest (OMVolumeCreateRequest.java:validateAndUpdateCache(213)) - created volume:e78780cc-cb9b-4d47-902c-006c1bb50f9c for user:runner
2025-10-17 11:01:34,228 | INFO  | OMAudit | user=runner | ip=127.0.0.1 | op=CREATE_VOLUME {"admin":"runner","owner":"runner","volume":"e78780cc-cb9b-4d47-902c-006c1bb50f9c","creationTime":"1760698894226","modificationTime":"1760698894226","quotaInBytes":"-1","quotaInNamespace":"-1","usedNamespace":"0","objectID":"-9223372036854747904","updateID":"109","Transaction":"109"} | ret=SUCCESS |  
2025-10-17 11:01:34,229 | INFO  | OMAudit | user=runner | ip=127.0.0.1 | op=READ_VOLUME {"volume":"e78780cc-cb9b-4d47-902c-006c1bb50f9c"} | ret=SUCCESS |  
2025-10-17 11:01:34,230 [ForkJoinPool-1-worker-1] INFO  rpc.RpcClient (RpcClient.java:createBucket(686)) - Creating Bucket: e78780cc-cb9b-4d47-902c-006c1bb50f9c/828ba9c0-26b3-4ff0-891a-2b3d4b623e9d, with bucket layout OBJECT_STORE, runner as owner, Versioning false, Storage Type set to DISK and Encryption set to false, Replication Type set to server-side default replication type, Namespace Quota set to -1, Space Quota set to -1 
2025-10-17 11:01:34,232 [om1-OMStateMachineApplyTransactionThread - 0] INFO  bucket.OMBucketCreateRequest (OMBucketCreateRequest.java:validateAndUpdateCache(303)) - created bucket: 828ba9c0-26b3-4ff0-891a-2b3d4b623e9d of layout OBJECT_STORE in volume: e78780cc-cb9b-4d47-902c-006c1bb50f9c
2025-10-17 11:01:34,232 | INFO  | OMAudit | user=runner | ip=127.0.0.1 | op=CREATE_BUCKET {"volume":"e78780cc-cb9b-4d47-902c-006c1bb50f9c","bucket":"828ba9c0-26b3-4ff0-891a-2b3d4b623e9d","bucketLayout":"OBJECT_STORE","gdprEnabled":null,"acls":"[user:runner:a[ACCESS], group:runner:rl[ACCESS]]","isVersionEnabled":"false","storageType":"DISK","creationTime":"1760698894231","bucketEncryptionKey":null,"modificationTime":"1760698894231","usedBytes":"0","usedNamespace":"0","snapshotUsedBytes":"0","snapshotUsedNamespace":"0","owner":"runner","replicationType":null,"replicationConfig":null,"quotaInBytes":"-1","quotaInNamespace":"-1","Transaction":"110"} | ret=SUCCESS |  
2025-10-17 11:01:34,233 | INFO  | SCMAudit | user=runner | ip=127.0.0.1 | op=SEND_HEARTBEAT {"datanodeUUID":"7995ae7b-77ec-4e72-809d-814459f62ee0","term":"2","command":"[]"} | ret=SUCCESS |  
2025-10-17 11:01:34,234 | INFO  | OMAudit | user=runner | ip=127.0.0.1 | op=READ_BUCKET {"volume":"e78780cc-cb9b-4d47-902c-006c1bb50f9c","bucket":"828ba9c0-26b3-4ff0-891a-2b3d4b623e9d"} | ret=SUCCESS |  
2025-10-17 11:01:34,236 | INFO  | OMAudit | user=runner | ip=127.0.0.1 | op=READ_BUCKET {"volume":"e78780cc-cb9b-4d47-902c-006c1bb50f9c","bucket":"828ba9c0-26b3-4ff0-891a-2b3d4b623e9d"} | ret=SUCCESS |  
2025-10-17 11:01:34,238 | INFO  | SCMAudit | user=runner | ip=127.0.0.1 | op=ALLOCATE_BLOCK {"replication":"RATIS/ONE","owner":"omServiceIdDefault","size":"4194304","sampleBlocks":"[conID: 13 locID: 115816896921600036]","num":"1","client":"","allocated":"1"} | ret=SUCCESS |  
2025-10-17 11:01:34,238 | INFO  | SCMAudit | user=runner | ip=127.0.0.1 | op=SEND_HEARTBEAT {"datanodeUUID":"b6f92338-e951-49df-a986-ea31ece96e9e","term":"2","command":"[]"} | ret=SUCCESS |  
2025-10-17 11:01:34,241 | INFO  | OMAudit | user=runner | ip=127.0.0.1 | op=ALLOCATE_KEY {"volume":"e78780cc-cb9b-4d47-902c-006c1bb50f9c","bucket":"828ba9c0-26b3-4ff0-891a-2b3d4b623e9d","key":"rewriteAfterRename","dataSize":"36","replicationType":"RATIS","replicationFactor":"ONE","Transaction":"111"} | ret=SUCCESS |  
2025-10-17 11:01:34,254 | INFO  | ContainerLog | ID=13 | Index=0 | BCSID=0 | State=OPEN | Volume=/home/runner/work/ozone/ozone/hadoop-ozone/integration-test/target/test-dir/MiniOzoneClusterImpl-d1ffa5d3-3301-45c3-9f44-1ffa6967d237/ozone-metadata/datanode-10/data-0/hdds | DataChecksum=0 |  
2025-10-17 11:01:34,255 | INFO  | SCMAudit | user=runner | ip=127.0.0.1 | op=SEND_HEARTBEAT {"datanodeUUID":"28c08cd4-c049-4c66-8210-e254cf68b291","term":"2","command":"[]"} | ret=SUCCESS |  
2025-10-17 11:01:34,260 | INFO  | OMAudit | user=runner | ip=127.0.0.1 | op=COMMIT_KEY {"volume":"e78780cc-cb9b-4d47-902c-006c1bb50f9c","bucket":"828ba9c0-26b3-4ff0-891a-2b3d4b623e9d","key":"rewriteAfterRename","dataSize":"36","replicationType":"RATIS","replicationFactor":"ONE","Transaction":"112"} | ret=SUCCESS |  
2025-10-17 11:01:34,263 | INFO  | SCMAudit | user=runner | ip=127.0.0.1 | op=GET_CONTAINER_WITH_PIPELINE_BATCH {"containerIDs":"#13,"} | ret=SUCCESS |  
2025-10-17 11:01:34,263 | INFO  | OMAudit | user=runner | ip=127.0.0.1 | op=READ_KEY {"volume":"e78780cc-cb9b-4d47-902c-006c1bb50f9c","bucket":"828ba9c0-26b3-4ff0-891a-2b3d4b623e9d","key":"rewriteAfterRename","owner":null,"dataSize":"0","replicationConfig":null} | ret=SUCCESS |  
2025-10-17 11:01:34,266 | INFO  | OMAudit | user=runner | ip=127.0.0.1 | op=RENAME_KEY {"volume":"e78780cc-cb9b-4d47-902c-006c1bb50f9c","bucket":"828ba9c0-26b3-4ff0-891a-2b3d4b623e9d","dataSize":"0","srcKey":"rewriteAfterRename","dstKey":"rewriteAfterRename-OBJECT_STORE","Transaction":"113"} | ret=SUCCESS |  
2025-10-17 11:01:34,268 | INFO  | OMAudit | user=runner | ip=127.0.0.1 | op=READ_KEY {"volume":"e78780cc-cb9b-4d47-902c-006c1bb50f9c","bucket":"828ba9c0-26b3-4ff0-891a-2b3d4b623e9d","key":"rewriteAfterRename-OBJECT_STORE","owner":null,"dataSize":"0","replicationConfig":null} | ret=SUCCESS |  
2025-10-17 11:01:34,269 | INFO  | SCMAudit | user=runner | ip=127.0.0.1 | op=GET_CONTAINER_WITH_PIPELINE_BATCH {"containerIDs":"#13,"} | ret=SUCCESS |  
2025-10-17 11:01:34,270 | INFO  | OMAudit | user=null | ip= | op=READ_KEY {"volume":"e78780cc-cb9b-4d47-902c-006c1bb50f9c","bucket":"828ba9c0-26b3-4ff0-891a-2b3d4b623e9d","key":"rewriteAfterRename-OBJECT_STORE","owner":null,"dataSize":"0","replicationConfig":null} | ret=SUCCESS |  
2025-10-17 11:01:34,271 | INFO  | OMAudit | user=runner | ip=127.0.0.1 | op=READ_BUCKET {"volume":"e78780cc-cb9b-4d47-902c-006c1bb50f9c","bucket":"828ba9c0-26b3-4ff0-891a-2b3d4b623e9d"} | ret=SUCCESS |  
2025-10-17 11:01:34,272 | INFO  | SCMAudit | user=runner | ip=127.0.0.1 | op=ALLOCATE_BLOCK {"replication":"RATIS/ONE","owner":"omServiceIdDefault","size":"4194304","sampleBlocks":"[conID: 5 locID: 115816896921600037]","num":"1","client":"","allocated":"1"} | ret=SUCCESS |  
2025-10-17 11:01:34,274 | INFO  | OMAudit | user=runner | ip=127.0.0.1 | op=ALLOCATE_KEY {"volume":"e78780cc-cb9b-4d47-902c-006c1bb50f9c","bucket":"828ba9c0-26b3-4ff0-891a-2b3d4b623e9d","key":"rewriteAfterRename-OBJECT_STORE","dataSize":"36","replicationType":"RATIS","replicationFactor":"ONE","rewriteGeneration":"113","Transaction":"114"} | ret=SUCCESS |  
2025-10-17 11:01:34,283 | INFO  | OMAudit | user=runner | ip=127.0.0.1 | op=COMMIT_KEY {"volume":"e78780cc-cb9b-4d47-902c-006c1bb50f9c","bucket":"828ba9c0-26b3-4ff0-891a-2b3d4b623e9d","key":"rewriteAfterRename-OBJECT_STORE","dataSize":"7","replicationType":"RATIS","replicationFactor":"ONE","rewriteGeneration":"113","Transaction":"115"} | ret=SUCCESS |  
2025-10-17 11:01:34,285 | INFO  | OMAudit | user=runner | ip=127.0.0.1 | op=READ_KEY {"volume":"e78780cc-cb9b-4d47-902c-006c1bb50f9c","bucket":"828ba9c0-26b3-4ff0-891a-2b3d4b623e9d","key":"rewriteAfterRename-OBJECT_STORE","owner":null,"dataSize":"0","replicationConfig":null} | ret=SUCCESS |  
2025-10-17 11:01:34,287 | INFO  | OMAudit | user=runner | ip=127.0.0.1 | op=READ_KEY {"volume":"e78780cc-cb9b-4d47-902c-006c1bb50f9c","bucket":"828ba9c0-26b3-4ff0-891a-2b3d4b623e9d","key":"rewriteAfterRename-OBJECT_STORE","owner":null,"dataSize":"0","replicationConfig":null} | ret=SUCCESS |  
2025-10-17 11:01:34,294 | INFO  | SCMAudit | user=runner | ip=127.0.0.1 | op=GET_CONTAINER_WITH_PIPELINE_BATCH {"containerIDs":"#5,"} | ret=SUCCESS |  
2025-10-17 11:01:34,295 | INFO  | OMAudit | user=null | ip= | op=READ_KEY {"volume":"e78780cc-cb9b-4d47-902c-006c1bb50f9c","bucket":"828ba9c0-26b3-4ff0-891a-2b3d4b623e9d","key":"rewriteAfterRename-OBJECT_STORE","owner":null,"dataSize":"0","replicationConfig":null} | ret=SUCCESS |  
]]></system-out>
  </testcase>
  <testcase name="rewriteAfterRename(BucketLayout)[3]" classname="org.apache.hadoop.ozone.client.rpc.TestSecureOzoneRpcClient" time="0.075">
    <system-out><![CDATA[2025-10-17 11:01:34,297 [ForkJoinPool-1-worker-1] INFO  rpc.RpcClient (RpcClient.java:createVolume(461)) - Creating Volume: c1d9b6d6-b2eb-4db4-89f5-27daa524e5b2, with runner as owner and space quota set to -1 bytes, counts quota set to -1
2025-10-17 11:01:34,316 [om1-OMStateMachineApplyTransactionThread - 0] INFO  volume.OMVolumeCreateRequest (OMVolumeCreateRequest.java:validateAndUpdateCache(213)) - created volume:c1d9b6d6-b2eb-4db4-89f5-27daa524e5b2 for user:runner
2025-10-17 11:01:34,316 | INFO  | OMAudit | user=runner | ip=127.0.0.1 | op=CREATE_VOLUME {"admin":"runner","owner":"runner","volume":"c1d9b6d6-b2eb-4db4-89f5-27daa524e5b2","creationTime":"1760698894314","modificationTime":"1760698894314","quotaInBytes":"-1","quotaInNamespace":"-1","usedNamespace":"0","objectID":"-9223372036854746112","updateID":"116","Transaction":"116"} | ret=SUCCESS |  
2025-10-17 11:01:34,318 | INFO  | OMAudit | user=runner | ip=127.0.0.1 | op=READ_VOLUME {"volume":"c1d9b6d6-b2eb-4db4-89f5-27daa524e5b2"} | ret=SUCCESS |  
2025-10-17 11:01:34,318 [ForkJoinPool-1-worker-1] INFO  rpc.RpcClient (RpcClient.java:createBucket(686)) - Creating Bucket: c1d9b6d6-b2eb-4db4-89f5-27daa524e5b2/edf4932f-e335-4c14-972a-bda83159fa85, with bucket layout LEGACY, runner as owner, Versioning false, Storage Type set to DISK and Encryption set to false, Replication Type set to server-side default replication type, Namespace Quota set to -1, Space Quota set to -1 
2025-10-17 11:01:34,320 [om1-OMStateMachineApplyTransactionThread - 0] INFO  bucket.OMBucketCreateRequest (OMBucketCreateRequest.java:validateAndUpdateCache(303)) - created bucket: edf4932f-e335-4c14-972a-bda83159fa85 of layout LEGACY in volume: c1d9b6d6-b2eb-4db4-89f5-27daa524e5b2
2025-10-17 11:01:34,320 | INFO  | OMAudit | user=runner | ip=127.0.0.1 | op=CREATE_BUCKET {"volume":"c1d9b6d6-b2eb-4db4-89f5-27daa524e5b2","bucket":"edf4932f-e335-4c14-972a-bda83159fa85","bucketLayout":"LEGACY","gdprEnabled":null,"acls":"[user:runner:a[ACCESS], group:runner:rl[ACCESS]]","isVersionEnabled":"false","storageType":"DISK","creationTime":"1760698894319","bucketEncryptionKey":null,"modificationTime":"1760698894319","usedBytes":"0","usedNamespace":"0","snapshotUsedBytes":"0","snapshotUsedNamespace":"0","owner":"runner","replicationType":null,"replicationConfig":null,"quotaInBytes":"-1","quotaInNamespace":"-1","Transaction":"117"} | ret=SUCCESS |  
2025-10-17 11:01:34,322 | INFO  | OMAudit | user=runner | ip=127.0.0.1 | op=READ_BUCKET {"volume":"c1d9b6d6-b2eb-4db4-89f5-27daa524e5b2","bucket":"edf4932f-e335-4c14-972a-bda83159fa85"} | ret=SUCCESS |  
2025-10-17 11:01:34,324 | INFO  | OMAudit | user=runner | ip=127.0.0.1 | op=READ_BUCKET {"volume":"c1d9b6d6-b2eb-4db4-89f5-27daa524e5b2","bucket":"edf4932f-e335-4c14-972a-bda83159fa85"} | ret=SUCCESS |  
2025-10-17 11:01:34,324 | INFO  | SCMAudit | user=runner | ip=127.0.0.1 | op=ALLOCATE_BLOCK {"replication":"RATIS/ONE","owner":"omServiceIdDefault","size":"4194304","sampleBlocks":"[conID: 3 locID: 115816896921600038]","num":"1","client":"","allocated":"1"} | ret=SUCCESS |  
2025-10-17 11:01:34,327 | INFO  | OMAudit | user=runner | ip=127.0.0.1 | op=ALLOCATE_KEY {"volume":"c1d9b6d6-b2eb-4db4-89f5-27daa524e5b2","bucket":"edf4932f-e335-4c14-972a-bda83159fa85","key":"rewriteAfterRename","dataSize":"36","replicationType":"RATIS","replicationFactor":"ONE","Transaction":"118"} | ret=SUCCESS |  
2025-10-17 11:01:34,330 | INFO  | SCMAudit | user=runner | ip=127.0.0.1 | op=SEND_HEARTBEAT {"datanodeUUID":"b292b6be-9482-4c30-a3e0-c9f721931b72","term":"2","command":"[]"} | ret=SUCCESS |  
2025-10-17 11:01:34,336 | INFO  | OMAudit | user=runner | ip=127.0.0.1 | op=COMMIT_KEY {"volume":"c1d9b6d6-b2eb-4db4-89f5-27daa524e5b2","bucket":"edf4932f-e335-4c14-972a-bda83159fa85","key":"rewriteAfterRename","dataSize":"36","replicationType":"RATIS","replicationFactor":"ONE","Transaction":"119"} | ret=SUCCESS |  
2025-10-17 11:01:34,339 | INFO  | OMAudit | user=runner | ip=127.0.0.1 | op=READ_KEY {"volume":"c1d9b6d6-b2eb-4db4-89f5-27daa524e5b2","bucket":"edf4932f-e335-4c14-972a-bda83159fa85","key":"rewriteAfterRename","owner":null,"dataSize":"0","replicationConfig":null} | ret=SUCCESS |  
2025-10-17 11:01:34,341 | INFO  | OMAudit | user=runner | ip=127.0.0.1 | op=RENAME_KEY {"volume":"c1d9b6d6-b2eb-4db4-89f5-27daa524e5b2","bucket":"edf4932f-e335-4c14-972a-bda83159fa85","dataSize":"0","srcKey":"rewriteAfterRename","dstKey":"rewriteAfterRename-LEGACY","Transaction":"120"} | ret=SUCCESS |  
2025-10-17 11:01:34,343 | INFO  | OMAudit | user=runner | ip=127.0.0.1 | op=READ_KEY {"volume":"c1d9b6d6-b2eb-4db4-89f5-27daa524e5b2","bucket":"edf4932f-e335-4c14-972a-bda83159fa85","key":"rewriteAfterRename-LEGACY","owner":null,"dataSize":"0","replicationConfig":null} | ret=SUCCESS |  
2025-10-17 11:01:34,345 | INFO  | SCMAudit | user=runner | ip=127.0.0.1 | op=GET_CONTAINER_WITH_PIPELINE_BATCH {"containerIDs":"#3,"} | ret=SUCCESS |  
2025-10-17 11:01:34,346 | INFO  | OMAudit | user=null | ip= | op=READ_KEY {"volume":"c1d9b6d6-b2eb-4db4-89f5-27daa524e5b2","bucket":"edf4932f-e335-4c14-972a-bda83159fa85","key":"rewriteAfterRename-LEGACY","owner":null,"dataSize":"0","replicationConfig":null} | ret=SUCCESS |  
2025-10-17 11:01:34,346 | INFO  | OMAudit | user=runner | ip=127.0.0.1 | op=READ_BUCKET {"volume":"c1d9b6d6-b2eb-4db4-89f5-27daa524e5b2","bucket":"edf4932f-e335-4c14-972a-bda83159fa85"} | ret=SUCCESS |  
2025-10-17 11:01:34,347 | INFO  | SCMAudit | user=runner | ip=127.0.0.1 | op=ALLOCATE_BLOCK {"replication":"RATIS/ONE","owner":"omServiceIdDefault","size":"4194304","sampleBlocks":"[conID: 13 locID: 115816896921600039]","num":"1","client":"","allocated":"1"} | ret=SUCCESS |  
2025-10-17 11:01:34,349 | INFO  | OMAudit | user=runner | ip=127.0.0.1 | op=ALLOCATE_KEY {"volume":"c1d9b6d6-b2eb-4db4-89f5-27daa524e5b2","bucket":"edf4932f-e335-4c14-972a-bda83159fa85","key":"rewriteAfterRename-LEGACY","dataSize":"36","replicationType":"RATIS","replicationFactor":"ONE","rewriteGeneration":"120","Transaction":"121"} | ret=SUCCESS |  
2025-10-17 11:01:34,357 | INFO  | OMAudit | user=runner | ip=127.0.0.1 | op=COMMIT_KEY {"volume":"c1d9b6d6-b2eb-4db4-89f5-27daa524e5b2","bucket":"edf4932f-e335-4c14-972a-bda83159fa85","key":"rewriteAfterRename-LEGACY","dataSize":"7","replicationType":"RATIS","replicationFactor":"ONE","rewriteGeneration":"120","Transaction":"122"} | ret=SUCCESS |  
2025-10-17 11:01:34,359 | INFO  | OMAudit | user=runner | ip=127.0.0.1 | op=READ_KEY {"volume":"c1d9b6d6-b2eb-4db4-89f5-27daa524e5b2","bucket":"edf4932f-e335-4c14-972a-bda83159fa85","key":"rewriteAfterRename-LEGACY","owner":null,"dataSize":"0","replicationConfig":null} | ret=SUCCESS |  
2025-10-17 11:01:34,361 | INFO  | OMAudit | user=runner | ip=127.0.0.1 | op=READ_KEY {"volume":"c1d9b6d6-b2eb-4db4-89f5-27daa524e5b2","bucket":"edf4932f-e335-4c14-972a-bda83159fa85","key":"rewriteAfterRename-LEGACY","owner":null,"dataSize":"0","replicationConfig":null} | ret=SUCCESS |  
2025-10-17 11:01:34,369 | INFO  | SCMAudit | user=runner | ip=127.0.0.1 | op=GET_CONTAINER_WITH_PIPELINE_BATCH {"containerIDs":"#13,"} | ret=SUCCESS |  
2025-10-17 11:01:34,370 | INFO  | OMAudit | user=null | ip= | op=READ_KEY {"volume":"c1d9b6d6-b2eb-4db4-89f5-27daa524e5b2","bucket":"edf4932f-e335-4c14-972a-bda83159fa85","key":"rewriteAfterRename-LEGACY","owner":null,"dataSize":"0","replicationConfig":null} | ret=SUCCESS |  
]]></system-out>
  </testcase>
  <testcase name="rewriteFailsDueToOutdatedGeneration(BucketLayout)[1]" classname="org.apache.hadoop.ozone.client.rpc.TestSecureOzoneRpcClient" time="0.066">
    <system-out><![CDATA[2025-10-17 11:01:34,373 [ForkJoinPool-1-worker-1] INFO  rpc.RpcClient (RpcClient.java:createVolume(461)) - Creating Volume: 482ccfdb-c7c0-40d6-86d0-48d4b6bc7293, with runner as owner and space quota set to -1 bytes, counts quota set to -1
2025-10-17 11:01:34,375 [om1-OMStateMachineApplyTransactionThread - 0] INFO  volume.OMVolumeCreateRequest (OMVolumeCreateRequest.java:validateAndUpdateCache(213)) - created volume:482ccfdb-c7c0-40d6-86d0-48d4b6bc7293 for user:runner
2025-10-17 11:01:34,375 | INFO  | OMAudit | user=runner | ip=127.0.0.1 | op=CREATE_VOLUME {"admin":"runner","owner":"runner","volume":"482ccfdb-c7c0-40d6-86d0-48d4b6bc7293","creationTime":"1760698894374","modificationTime":"1760698894374","quotaInBytes":"-1","quotaInNamespace":"-1","usedNamespace":"0","objectID":"-9223372036854744320","updateID":"123","Transaction":"123"} | ret=SUCCESS |  
2025-10-17 11:01:34,376 | INFO  | OMAudit | user=runner | ip=127.0.0.1 | op=READ_VOLUME {"volume":"482ccfdb-c7c0-40d6-86d0-48d4b6bc7293"} | ret=SUCCESS |  
2025-10-17 11:01:34,377 [ForkJoinPool-1-worker-1] INFO  rpc.RpcClient (RpcClient.java:createBucket(686)) - Creating Bucket: 482ccfdb-c7c0-40d6-86d0-48d4b6bc7293/9ca10029-b1d0-4b74-9987-5c7120e2f85c, with bucket layout FILE_SYSTEM_OPTIMIZED, runner as owner, Versioning false, Storage Type set to DISK and Encryption set to false, Replication Type set to server-side default replication type, Namespace Quota set to -1, Space Quota set to -1 
2025-10-17 11:01:34,379 [om1-OMStateMachineApplyTransactionThread - 0] INFO  bucket.OMBucketCreateRequest (OMBucketCreateRequest.java:validateAndUpdateCache(303)) - created bucket: 9ca10029-b1d0-4b74-9987-5c7120e2f85c of layout FILE_SYSTEM_OPTIMIZED in volume: 482ccfdb-c7c0-40d6-86d0-48d4b6bc7293
2025-10-17 11:01:34,379 | INFO  | OMAudit | user=runner | ip=127.0.0.1 | op=CREATE_BUCKET {"volume":"482ccfdb-c7c0-40d6-86d0-48d4b6bc7293","bucket":"9ca10029-b1d0-4b74-9987-5c7120e2f85c","bucketLayout":"FILE_SYSTEM_OPTIMIZED","gdprEnabled":null,"acls":"[user:runner:a[ACCESS], group:runner:rl[ACCESS]]","isVersionEnabled":"false","storageType":"DISK","creationTime":"1760698894378","bucketEncryptionKey":null,"modificationTime":"1760698894378","usedBytes":"0","usedNamespace":"0","snapshotUsedBytes":"0","snapshotUsedNamespace":"0","owner":"runner","replicationType":null,"replicationConfig":null,"quotaInBytes":"-1","quotaInNamespace":"-1","Transaction":"124"} | ret=SUCCESS |  
2025-10-17 11:01:34,382 | INFO  | OMAudit | user=runner | ip=127.0.0.1 | op=READ_BUCKET {"volume":"482ccfdb-c7c0-40d6-86d0-48d4b6bc7293","bucket":"9ca10029-b1d0-4b74-9987-5c7120e2f85c"} | ret=SUCCESS |  
2025-10-17 11:01:34,383 | INFO  | OMAudit | user=runner | ip=127.0.0.1 | op=READ_BUCKET {"volume":"482ccfdb-c7c0-40d6-86d0-48d4b6bc7293","bucket":"9ca10029-b1d0-4b74-9987-5c7120e2f85c"} | ret=SUCCESS |  
2025-10-17 11:01:34,384 | INFO  | SCMAudit | user=runner | ip=127.0.0.1 | op=ALLOCATE_BLOCK {"replication":"RATIS/ONE","owner":"omServiceIdDefault","size":"4194304","sampleBlocks":"[conID: 3 locID: 115816896921600040]","num":"1","client":"","allocated":"1"} | ret=SUCCESS |  
2025-10-17 11:01:34,386 | INFO  | OMAudit | user=runner | ip=127.0.0.1 | op=ALLOCATE_KEY {"volume":"482ccfdb-c7c0-40d6-86d0-48d4b6bc7293","bucket":"9ca10029-b1d0-4b74-9987-5c7120e2f85c","key":"rewriteFailsDueToOutdatedGeneration","dataSize":"36","replicationType":"RATIS","replicationFactor":"ONE","Transaction":"125"} | ret=SUCCESS |  
2025-10-17 11:01:34,395 | INFO  | OMAudit | user=runner | ip=127.0.0.1 | op=COMMIT_KEY {"volume":"482ccfdb-c7c0-40d6-86d0-48d4b6bc7293","bucket":"9ca10029-b1d0-4b74-9987-5c7120e2f85c","key":"rewriteFailsDueToOutdatedGeneration","dataSize":"36","replicationType":"RATIS","replicationFactor":"ONE","Transaction":"126"} | ret=SUCCESS |  
2025-10-17 11:01:34,397 | INFO  | OMAudit | user=runner | ip=127.0.0.1 | op=READ_KEY {"volume":"482ccfdb-c7c0-40d6-86d0-48d4b6bc7293","bucket":"9ca10029-b1d0-4b74-9987-5c7120e2f85c","key":"rewriteFailsDueToOutdatedGeneration","owner":null,"dataSize":"0","replicationConfig":null} | ret=SUCCESS |  
2025-10-17 11:01:34,399 | INFO  | OMAudit | user=runner | ip=127.0.0.1 | op=READ_BUCKET {"volume":"482ccfdb-c7c0-40d6-86d0-48d4b6bc7293","bucket":"9ca10029-b1d0-4b74-9987-5c7120e2f85c"} | ret=SUCCESS |  
2025-10-17 11:01:34,399 | INFO  | SCMAudit | user=runner | ip=127.0.0.1 | op=ALLOCATE_BLOCK {"replication":"RATIS/ONE","owner":"omServiceIdDefault","size":"4194304","sampleBlocks":"[conID: 10 locID: 115816896921600041]","num":"1","client":"","allocated":"1"} | ret=SUCCESS |  
2025-10-17 11:01:34,402 | INFO  | OMAudit | user=runner | ip=127.0.0.1 | op=ALLOCATE_KEY {"volume":"482ccfdb-c7c0-40d6-86d0-48d4b6bc7293","bucket":"9ca10029-b1d0-4b74-9987-5c7120e2f85c","key":"rewriteFailsDueToOutdatedGeneration","dataSize":"9","replicationType":"RATIS","replicationFactor":"ONE","Transaction":"127"} | ret=SUCCESS |  
2025-10-17 11:01:34,409 | INFO  | SCMAudit | user=runner | ip=127.0.0.1 | op=SEND_HEARTBEAT {"datanodeUUID":"dbd6f242-9b73-4bca-a110-3e2ec656b979","term":"2","command":"[]"} | ret=SUCCESS |  
2025-10-17 11:01:34,414 | INFO  | OMAudit | user=runner | ip=127.0.0.1 | op=COMMIT_KEY {"volume":"482ccfdb-c7c0-40d6-86d0-48d4b6bc7293","bucket":"9ca10029-b1d0-4b74-9987-5c7120e2f85c","key":"rewriteFailsDueToOutdatedGeneration","dataSize":"9","replicationType":"RATIS","replicationFactor":"ONE","Transaction":"128"} | ret=SUCCESS |  
2025-10-17 11:01:34,417 | INFO  | OMAudit | user=runner | ip=127.0.0.1 | op=READ_KEY {"volume":"482ccfdb-c7c0-40d6-86d0-48d4b6bc7293","bucket":"9ca10029-b1d0-4b74-9987-5c7120e2f85c","key":"rewriteFailsDueToOutdatedGeneration","owner":null,"dataSize":"0","replicationConfig":null} | ret=SUCCESS |  
2025-10-17 11:01:34,419 | INFO  | SCMAudit | user=runner | ip=127.0.0.1 | op=GET_CONTAINER_WITH_PIPELINE_BATCH {"containerIDs":"#10,"} | ret=SUCCESS |  
2025-10-17 11:01:34,420 | INFO  | OMAudit | user=null | ip= | op=READ_KEY {"volume":"482ccfdb-c7c0-40d6-86d0-48d4b6bc7293","bucket":"9ca10029-b1d0-4b74-9987-5c7120e2f85c","key":"rewriteFailsDueToOutdatedGeneration","owner":null,"dataSize":"0","replicationConfig":null} | ret=SUCCESS |  
2025-10-17 11:01:34,421 | INFO  | OMAudit | user=runner | ip=127.0.0.1 | op=READ_BUCKET {"volume":"482ccfdb-c7c0-40d6-86d0-48d4b6bc7293","bucket":"9ca10029-b1d0-4b74-9987-5c7120e2f85c"} | ret=SUCCESS |  
2025-10-17 11:01:34,421 | INFO  | SCMAudit | user=runner | ip=127.0.0.1 | op=ALLOCATE_BLOCK {"replication":"RATIS/ONE","owner":"omServiceIdDefault","size":"4194304","sampleBlocks":"[conID: 6 locID: 115816896921600042]","num":"1","client":"","allocated":"1"} | ret=SUCCESS |  
2025-10-17 11:01:34,424 [om1-OMStateMachineApplyTransactionThread - 0] ERROR key.OMKeyCreateRequest (OMKeyCreateRequest.java:logResult(400)) - Key creation failed. Volume:482ccfdb-c7c0-40d6-86d0-48d4b6bc7293, Bucket:9ca10029-b1d0-4b74-9987-5c7120e2f85c, Key:rewriteFailsDueToOutdatedGeneration. 
KEY_NOT_FOUND org.apache.hadoop.ozone.om.exceptions.OMException: Generation mismatch during expected rewrite
	at org.apache.hadoop.ozone.om.request.key.OMKeyCreateRequest.validateAtomicRewrite(OMKeyCreateRequest.java:468)
	at org.apache.hadoop.ozone.om.request.key.OMKeyCreateRequestWithFSO.validateAndUpdateCache(OMKeyCreateRequestWithFSO.java:124)
	at org.apache.hadoop.ozone.protocolPB.OzoneManagerRequestHandler.lambda$0(OzoneManagerRequestHandler.java:418)
	at org.apache.hadoop.ozone.util.MetricUtil.captureLatencyNs(MetricUtil.java:45)
	at org.apache.hadoop.ozone.protocolPB.OzoneManagerRequestHandler.handleWriteRequestImpl(OzoneManagerRequestHandler.java:416)
	at org.apache.hadoop.ozone.protocolPB.RequestHandler.handleWriteRequest(RequestHandler.java:62)
	at org.apache.hadoop.ozone.om.ratis.OzoneManagerStateMachine.runCommand(OzoneManagerStateMachine.java:599)
	at org.apache.hadoop.ozone.om.ratis.OzoneManagerStateMachine.lambda$3(OzoneManagerStateMachine.java:415)
	at java.base/java.util.concurrent.CompletableFuture$AsyncSupply.run(CompletableFuture.java:1768)
	at java.base/java.util.concurrent.ThreadPoolExecutor.runWorker(ThreadPoolExecutor.java:1144)
	at java.base/java.util.concurrent.ThreadPoolExecutor$Worker.run(ThreadPoolExecutor.java:642)
	at java.base/java.lang.Thread.run(Thread.java:1583)
2025-10-17 11:01:34,424 | ERROR | OMAudit | user=runner | ip=127.0.0.1 | op=ALLOCATE_KEY {"volume":"482ccfdb-c7c0-40d6-86d0-48d4b6bc7293","bucket":"9ca10029-b1d0-4b74-9987-5c7120e2f85c","key":"rewriteFailsDueToOutdatedGeneration","dataSize":"36","replicationType":"RATIS","replicationFactor":"ONE","rewriteGeneration":"126","Transaction":"129"} | ret=FAILURE | 
org.apache.hadoop.ozone.om.exceptions.OMException: Generation mismatch during expected rewrite
	at org.apache.hadoop.ozone.om.request.key.OMKeyCreateRequest.validateAtomicRewrite(OMKeyCreateRequest.java:468)
	at org.apache.hadoop.ozone.om.request.key.OMKeyCreateRequestWithFSO.validateAndUpdateCache(OMKeyCreateRequestWithFSO.java:124)
 
2025-10-17 11:01:34,426 | INFO  | OMAudit | user=runner | ip=127.0.0.1 | op=READ_KEY {"volume":"482ccfdb-c7c0-40d6-86d0-48d4b6bc7293","bucket":"9ca10029-b1d0-4b74-9987-5c7120e2f85c","key":"rewriteFailsDueToOutdatedGeneration","owner":null,"dataSize":"0","replicationConfig":null} | ret=SUCCESS |  
2025-10-17 11:01:34,428 | INFO  | OMAudit | user=runner | ip=127.0.0.1 | op=READ_KEY {"volume":"482ccfdb-c7c0-40d6-86d0-48d4b6bc7293","bucket":"9ca10029-b1d0-4b74-9987-5c7120e2f85c","key":"rewriteFailsDueToOutdatedGeneration","owner":null,"dataSize":"0","replicationConfig":null} | ret=SUCCESS |  
2025-10-17 11:01:34,437 | INFO  | SCMAudit | user=runner | ip=127.0.0.1 | op=GET_CONTAINER_WITH_PIPELINE_BATCH {"containerIDs":"#10,"} | ret=SUCCESS |  
2025-10-17 11:01:34,437 | INFO  | OMAudit | user=null | ip= | op=READ_KEY {"volume":"482ccfdb-c7c0-40d6-86d0-48d4b6bc7293","bucket":"9ca10029-b1d0-4b74-9987-5c7120e2f85c","key":"rewriteFailsDueToOutdatedGeneration","owner":null,"dataSize":"0","replicationConfig":null} | ret=SUCCESS |  
]]></system-out>
  </testcase>
  <testcase name="rewriteFailsDueToOutdatedGeneration(BucketLayout)[2]" classname="org.apache.hadoop.ozone.client.rpc.TestSecureOzoneRpcClient" time="0.057">
    <system-out><![CDATA[2025-10-17 11:01:34,439 [ForkJoinPool-1-worker-1] INFO  rpc.RpcClient (RpcClient.java:createVolume(461)) - Creating Volume: 53c7ffd0-33a1-4c33-bf4a-b0dc8ce68323, with runner as owner and space quota set to -1 bytes, counts quota set to -1
2025-10-17 11:01:34,442 [om1-OMStateMachineApplyTransactionThread - 0] INFO  volume.OMVolumeCreateRequest (OMVolumeCreateRequest.java:validateAndUpdateCache(213)) - created volume:53c7ffd0-33a1-4c33-bf4a-b0dc8ce68323 for user:runner
2025-10-17 11:01:34,442 | INFO  | OMAudit | user=runner | ip=127.0.0.1 | op=CREATE_VOLUME {"admin":"runner","owner":"runner","volume":"53c7ffd0-33a1-4c33-bf4a-b0dc8ce68323","creationTime":"1760698894440","modificationTime":"1760698894440","quotaInBytes":"-1","quotaInNamespace":"-1","usedNamespace":"0","objectID":"-9223372036854742528","updateID":"130","Transaction":"130"} | ret=SUCCESS |  
2025-10-17 11:01:34,443 | INFO  | OMAudit | user=runner | ip=127.0.0.1 | op=READ_VOLUME {"volume":"53c7ffd0-33a1-4c33-bf4a-b0dc8ce68323"} | ret=SUCCESS |  
2025-10-17 11:01:34,444 [ForkJoinPool-1-worker-1] INFO  rpc.RpcClient (RpcClient.java:createBucket(686)) - Creating Bucket: 53c7ffd0-33a1-4c33-bf4a-b0dc8ce68323/703ce51b-9739-41b9-8f67-374042a05001, with bucket layout OBJECT_STORE, runner as owner, Versioning false, Storage Type set to DISK and Encryption set to false, Replication Type set to server-side default replication type, Namespace Quota set to -1, Space Quota set to -1 
2025-10-17 11:01:34,446 [om1-OMStateMachineApplyTransactionThread - 0] INFO  bucket.OMBucketCreateRequest (OMBucketCreateRequest.java:validateAndUpdateCache(303)) - created bucket: 703ce51b-9739-41b9-8f67-374042a05001 of layout OBJECT_STORE in volume: 53c7ffd0-33a1-4c33-bf4a-b0dc8ce68323
2025-10-17 11:01:34,446 | INFO  | OMAudit | user=runner | ip=127.0.0.1 | op=CREATE_BUCKET {"volume":"53c7ffd0-33a1-4c33-bf4a-b0dc8ce68323","bucket":"703ce51b-9739-41b9-8f67-374042a05001","bucketLayout":"OBJECT_STORE","gdprEnabled":null,"acls":"[user:runner:a[ACCESS], group:runner:rl[ACCESS]]","isVersionEnabled":"false","storageType":"DISK","creationTime":"1760698894445","bucketEncryptionKey":null,"modificationTime":"1760698894445","usedBytes":"0","usedNamespace":"0","snapshotUsedBytes":"0","snapshotUsedNamespace":"0","owner":"runner","replicationType":null,"replicationConfig":null,"quotaInBytes":"-1","quotaInNamespace":"-1","Transaction":"131"} | ret=SUCCESS |  
2025-10-17 11:01:34,447 | INFO  | OMAudit | user=runner | ip=127.0.0.1 | op=READ_BUCKET {"volume":"53c7ffd0-33a1-4c33-bf4a-b0dc8ce68323","bucket":"703ce51b-9739-41b9-8f67-374042a05001"} | ret=SUCCESS |  
2025-10-17 11:01:34,449 | INFO  | OMAudit | user=runner | ip=127.0.0.1 | op=READ_BUCKET {"volume":"53c7ffd0-33a1-4c33-bf4a-b0dc8ce68323","bucket":"703ce51b-9739-41b9-8f67-374042a05001"} | ret=SUCCESS |  
2025-10-17 11:01:34,449 | INFO  | SCMAudit | user=runner | ip=127.0.0.1 | op=ALLOCATE_BLOCK {"replication":"RATIS/ONE","owner":"omServiceIdDefault","size":"4194304","sampleBlocks":"[conID: 12 locID: 115816896921600043]","num":"1","client":"","allocated":"1"} | ret=SUCCESS |  
2025-10-17 11:01:34,452 | INFO  | OMAudit | user=runner | ip=127.0.0.1 | op=ALLOCATE_KEY {"volume":"53c7ffd0-33a1-4c33-bf4a-b0dc8ce68323","bucket":"703ce51b-9739-41b9-8f67-374042a05001","key":"rewriteFailsDueToOutdatedGeneration","dataSize":"36","replicationType":"RATIS","replicationFactor":"ONE","Transaction":"132"} | ret=SUCCESS |  
2025-10-17 11:01:34,461 | INFO  | OMAudit | user=runner | ip=127.0.0.1 | op=COMMIT_KEY {"volume":"53c7ffd0-33a1-4c33-bf4a-b0dc8ce68323","bucket":"703ce51b-9739-41b9-8f67-374042a05001","key":"rewriteFailsDueToOutdatedGeneration","dataSize":"36","replicationType":"RATIS","replicationFactor":"ONE","Transaction":"133"} | ret=SUCCESS |  
2025-10-17 11:01:34,462 | INFO  | OMAudit | user=runner | ip=127.0.0.1 | op=READ_KEY {"volume":"53c7ffd0-33a1-4c33-bf4a-b0dc8ce68323","bucket":"703ce51b-9739-41b9-8f67-374042a05001","key":"rewriteFailsDueToOutdatedGeneration","owner":null,"dataSize":"0","replicationConfig":null} | ret=SUCCESS |  
2025-10-17 11:01:34,464 | INFO  | OMAudit | user=runner | ip=127.0.0.1 | op=READ_BUCKET {"volume":"53c7ffd0-33a1-4c33-bf4a-b0dc8ce68323","bucket":"703ce51b-9739-41b9-8f67-374042a05001"} | ret=SUCCESS |  
2025-10-17 11:01:34,465 | INFO  | SCMAudit | user=runner | ip=127.0.0.1 | op=ALLOCATE_BLOCK {"replication":"RATIS/ONE","owner":"omServiceIdDefault","size":"4194304","sampleBlocks":"[conID: 4 locID: 115816896921600044]","num":"1","client":"","allocated":"1"} | ret=SUCCESS |  
2025-10-17 11:01:34,467 | INFO  | OMAudit | user=runner | ip=127.0.0.1 | op=ALLOCATE_KEY {"volume":"53c7ffd0-33a1-4c33-bf4a-b0dc8ce68323","bucket":"703ce51b-9739-41b9-8f67-374042a05001","key":"rewriteFailsDueToOutdatedGeneration","dataSize":"9","replicationType":"RATIS","replicationFactor":"ONE","Transaction":"134"} | ret=SUCCESS |  
2025-10-17 11:01:34,475 | INFO  | OMAudit | user=runner | ip=127.0.0.1 | op=COMMIT_KEY {"volume":"53c7ffd0-33a1-4c33-bf4a-b0dc8ce68323","bucket":"703ce51b-9739-41b9-8f67-374042a05001","key":"rewriteFailsDueToOutdatedGeneration","dataSize":"9","replicationType":"RATIS","replicationFactor":"ONE","Transaction":"135"} | ret=SUCCESS |  
2025-10-17 11:01:34,476 | INFO  | OMAudit | user=runner | ip=127.0.0.1 | op=READ_KEY {"volume":"53c7ffd0-33a1-4c33-bf4a-b0dc8ce68323","bucket":"703ce51b-9739-41b9-8f67-374042a05001","key":"rewriteFailsDueToOutdatedGeneration","owner":null,"dataSize":"0","replicationConfig":null} | ret=SUCCESS |  
2025-10-17 11:01:34,478 | INFO  | SCMAudit | user=runner | ip=127.0.0.1 | op=GET_CONTAINER_WITH_PIPELINE_BATCH {"containerIDs":"#4,"} | ret=SUCCESS |  
2025-10-17 11:01:34,478 | INFO  | OMAudit | user=null | ip= | op=READ_KEY {"volume":"53c7ffd0-33a1-4c33-bf4a-b0dc8ce68323","bucket":"703ce51b-9739-41b9-8f67-374042a05001","key":"rewriteFailsDueToOutdatedGeneration","owner":null,"dataSize":"0","replicationConfig":null} | ret=SUCCESS |  
2025-10-17 11:01:34,479 | INFO  | OMAudit | user=runner | ip=127.0.0.1 | op=READ_BUCKET {"volume":"53c7ffd0-33a1-4c33-bf4a-b0dc8ce68323","bucket":"703ce51b-9739-41b9-8f67-374042a05001"} | ret=SUCCESS |  
2025-10-17 11:01:34,480 | INFO  | SCMAudit | user=runner | ip=127.0.0.1 | op=ALLOCATE_BLOCK {"replication":"RATIS/ONE","owner":"omServiceIdDefault","size":"4194304","sampleBlocks":"[conID: 8 locID: 115816896921600045]","num":"1","client":"","allocated":"1"} | ret=SUCCESS |  
2025-10-17 11:01:34,482 [om1-OMStateMachineApplyTransactionThread - 0] ERROR key.OMKeyCreateRequest (OMKeyCreateRequest.java:logResult(400)) - Key creation failed. Volume:53c7ffd0-33a1-4c33-bf4a-b0dc8ce68323, Bucket:703ce51b-9739-41b9-8f67-374042a05001, Key:rewriteFailsDueToOutdatedGeneration. 
KEY_NOT_FOUND org.apache.hadoop.ozone.om.exceptions.OMException: Generation mismatch during expected rewrite
	at org.apache.hadoop.ozone.om.request.key.OMKeyCreateRequest.validateAtomicRewrite(OMKeyCreateRequest.java:468)
	at org.apache.hadoop.ozone.om.request.key.OMKeyCreateRequest.validateAndUpdateCache(OMKeyCreateRequest.java:240)
	at org.apache.hadoop.ozone.protocolPB.OzoneManagerRequestHandler.lambda$0(OzoneManagerRequestHandler.java:418)
	at org.apache.hadoop.ozone.util.MetricUtil.captureLatencyNs(MetricUtil.java:45)
	at org.apache.hadoop.ozone.protocolPB.OzoneManagerRequestHandler.handleWriteRequestImpl(OzoneManagerRequestHandler.java:416)
	at org.apache.hadoop.ozone.protocolPB.RequestHandler.handleWriteRequest(RequestHandler.java:62)
	at org.apache.hadoop.ozone.om.ratis.OzoneManagerStateMachine.runCommand(OzoneManagerStateMachine.java:599)
	at org.apache.hadoop.ozone.om.ratis.OzoneManagerStateMachine.lambda$3(OzoneManagerStateMachine.java:415)
	at java.base/java.util.concurrent.CompletableFuture$AsyncSupply.run(CompletableFuture.java:1768)
	at java.base/java.util.concurrent.ThreadPoolExecutor.runWorker(ThreadPoolExecutor.java:1144)
	at java.base/java.util.concurrent.ThreadPoolExecutor$Worker.run(ThreadPoolExecutor.java:642)
	at java.base/java.lang.Thread.run(Thread.java:1583)
2025-10-17 11:01:34,482 | ERROR | OMAudit | user=runner | ip=127.0.0.1 | op=ALLOCATE_KEY {"volume":"53c7ffd0-33a1-4c33-bf4a-b0dc8ce68323","bucket":"703ce51b-9739-41b9-8f67-374042a05001","key":"rewriteFailsDueToOutdatedGeneration","dataSize":"36","replicationType":"RATIS","replicationFactor":"ONE","rewriteGeneration":"133","Transaction":"136"} | ret=FAILURE | 
org.apache.hadoop.ozone.om.exceptions.OMException: Generation mismatch during expected rewrite
	at org.apache.hadoop.ozone.om.request.key.OMKeyCreateRequest.validateAtomicRewrite(OMKeyCreateRequest.java:468)
	at org.apache.hadoop.ozone.om.request.key.OMKeyCreateRequest.validateAndUpdateCache(OMKeyCreateRequest.java:240)
 
2025-10-17 11:01:34,484 | INFO  | OMAudit | user=runner | ip=127.0.0.1 | op=READ_KEY {"volume":"53c7ffd0-33a1-4c33-bf4a-b0dc8ce68323","bucket":"703ce51b-9739-41b9-8f67-374042a05001","key":"rewriteFailsDueToOutdatedGeneration","owner":null,"dataSize":"0","replicationConfig":null} | ret=SUCCESS |  
2025-10-17 11:01:34,485 | INFO  | OMAudit | user=runner | ip=127.0.0.1 | op=READ_KEY {"volume":"53c7ffd0-33a1-4c33-bf4a-b0dc8ce68323","bucket":"703ce51b-9739-41b9-8f67-374042a05001","key":"rewriteFailsDueToOutdatedGeneration","owner":null,"dataSize":"0","replicationConfig":null} | ret=SUCCESS |  
2025-10-17 11:01:34,489 | INFO  | SCMAudit | user=runner | ip=127.0.0.1 | op=SEND_HEARTBEAT {"datanodeUUID":"ed6e9581-5875-4278-a8db-50829892434b","term":"2","command":"[]"} | ret=SUCCESS |  
2025-10-17 11:01:34,495 | INFO  | SCMAudit | user=runner | ip=127.0.0.1 | op=GET_CONTAINER_WITH_PIPELINE_BATCH {"containerIDs":"#4,"} | ret=SUCCESS |  
2025-10-17 11:01:34,496 | INFO  | OMAudit | user=null | ip= | op=READ_KEY {"volume":"53c7ffd0-33a1-4c33-bf4a-b0dc8ce68323","bucket":"703ce51b-9739-41b9-8f67-374042a05001","key":"rewriteFailsDueToOutdatedGeneration","owner":null,"dataSize":"0","replicationConfig":null} | ret=SUCCESS |  
]]></system-out>
  </testcase>
  <testcase name="rewriteFailsDueToOutdatedGeneration(BucketLayout)[3]" classname="org.apache.hadoop.ozone.client.rpc.TestSecureOzoneRpcClient" time="0.088">
    <system-out><![CDATA[2025-10-17 11:01:34,498 [ForkJoinPool-1-worker-1] INFO  rpc.RpcClient (RpcClient.java:createVolume(461)) - Creating Volume: 190289a7-f9ed-479a-8bb9-495bdaebb81a, with runner as owner and space quota set to -1 bytes, counts quota set to -1
2025-10-17 11:01:34,501 [om1-OMStateMachineApplyTransactionThread - 0] INFO  volume.OMVolumeCreateRequest (OMVolumeCreateRequest.java:validateAndUpdateCache(213)) - created volume:190289a7-f9ed-479a-8bb9-495bdaebb81a for user:runner
2025-10-17 11:01:34,501 | INFO  | OMAudit | user=runner | ip=127.0.0.1 | op=CREATE_VOLUME {"admin":"runner","owner":"runner","volume":"190289a7-f9ed-479a-8bb9-495bdaebb81a","creationTime":"1760698894499","modificationTime":"1760698894499","quotaInBytes":"-1","quotaInNamespace":"-1","usedNamespace":"0","objectID":"-9223372036854740736","updateID":"137","Transaction":"137"} | ret=SUCCESS |  
2025-10-17 11:01:34,502 | INFO  | OMAudit | user=runner | ip=127.0.0.1 | op=READ_VOLUME {"volume":"190289a7-f9ed-479a-8bb9-495bdaebb81a"} | ret=SUCCESS |  
2025-10-17 11:01:34,502 [ForkJoinPool-1-worker-1] INFO  rpc.RpcClient (RpcClient.java:createBucket(686)) - Creating Bucket: 190289a7-f9ed-479a-8bb9-495bdaebb81a/2851420a-2495-4a1c-b731-9ebc6a8f4c74, with bucket layout LEGACY, runner as owner, Versioning false, Storage Type set to DISK and Encryption set to false, Replication Type set to server-side default replication type, Namespace Quota set to -1, Space Quota set to -1 
2025-10-17 11:01:34,504 [om1-OMStateMachineApplyTransactionThread - 0] INFO  bucket.OMBucketCreateRequest (OMBucketCreateRequest.java:validateAndUpdateCache(303)) - created bucket: 2851420a-2495-4a1c-b731-9ebc6a8f4c74 of layout LEGACY in volume: 190289a7-f9ed-479a-8bb9-495bdaebb81a
2025-10-17 11:01:34,504 | INFO  | OMAudit | user=runner | ip=127.0.0.1 | op=CREATE_BUCKET {"volume":"190289a7-f9ed-479a-8bb9-495bdaebb81a","bucket":"2851420a-2495-4a1c-b731-9ebc6a8f4c74","bucketLayout":"LEGACY","gdprEnabled":null,"acls":"[user:runner:a[ACCESS], group:runner:rl[ACCESS]]","isVersionEnabled":"false","storageType":"DISK","creationTime":"1760698894503","bucketEncryptionKey":null,"modificationTime":"1760698894503","usedBytes":"0","usedNamespace":"0","snapshotUsedBytes":"0","snapshotUsedNamespace":"0","owner":"runner","replicationType":null,"replicationConfig":null,"quotaInBytes":"-1","quotaInNamespace":"-1","Transaction":"138"} | ret=SUCCESS |  
2025-10-17 11:01:34,507 | INFO  | OMAudit | user=runner | ip=127.0.0.1 | op=READ_BUCKET {"volume":"190289a7-f9ed-479a-8bb9-495bdaebb81a","bucket":"2851420a-2495-4a1c-b731-9ebc6a8f4c74"} | ret=SUCCESS |  
2025-10-17 11:01:34,508 | INFO  | OMAudit | user=runner | ip=127.0.0.1 | op=READ_BUCKET {"volume":"190289a7-f9ed-479a-8bb9-495bdaebb81a","bucket":"2851420a-2495-4a1c-b731-9ebc6a8f4c74"} | ret=SUCCESS |  
2025-10-17 11:01:34,511 | INFO  | SCMAudit | user=runner | ip=127.0.0.1 | op=ALLOCATE_BLOCK {"replication":"RATIS/ONE","owner":"omServiceIdDefault","size":"4194304","sampleBlocks":"[conID: 14 locID: 115816896921600046]","num":"1","client":"","allocated":"1"} | ret=SUCCESS |  
2025-10-17 11:01:34,514 | INFO  | OMAudit | user=runner | ip=127.0.0.1 | op=ALLOCATE_KEY {"volume":"190289a7-f9ed-479a-8bb9-495bdaebb81a","bucket":"2851420a-2495-4a1c-b731-9ebc6a8f4c74","key":"rewriteFailsDueToOutdatedGeneration","dataSize":"36","replicationType":"RATIS","replicationFactor":"ONE","Transaction":"139"} | ret=SUCCESS |  
2025-10-17 11:01:34,522 | INFO  | SCMAudit | user=runner | ip=127.0.0.1 | op=SEND_HEARTBEAT {"datanodeUUID":"2b4cc429-f9c1-416c-9a38-6239a2e149ea","term":"2","command":"[]"} | ret=SUCCESS |  
2025-10-17 11:01:34,530 | INFO  | ContainerLog | ID=14 | Index=0 | BCSID=0 | State=OPEN | Volume=/home/runner/work/ozone/ozone/hadoop-ozone/integration-test/target/test-dir/MiniOzoneClusterImpl-d1ffa5d3-3301-45c3-9f44-1ffa6967d237/ozone-metadata/datanode-13/data-0/hdds | DataChecksum=0 |  
2025-10-17 11:01:34,532 | INFO  | SCMAudit | user=runner | ip=127.0.0.1 | op=SEND_HEARTBEAT {"datanodeUUID":"b6f92338-e951-49df-a986-ea31ece96e9e","term":"2","command":"[]"} | ret=SUCCESS |  
2025-10-17 11:01:34,539 | INFO  | OMAudit | user=runner | ip=127.0.0.1 | op=COMMIT_KEY {"volume":"190289a7-f9ed-479a-8bb9-495bdaebb81a","bucket":"2851420a-2495-4a1c-b731-9ebc6a8f4c74","key":"rewriteFailsDueToOutdatedGeneration","dataSize":"36","replicationType":"RATIS","replicationFactor":"ONE","Transaction":"140"} | ret=SUCCESS |  
2025-10-17 11:01:34,542 | INFO  | SCMAudit | user=runner | ip=127.0.0.1 | op=GET_CONTAINER_WITH_PIPELINE_BATCH {"containerIDs":"#14,"} | ret=SUCCESS |  
2025-10-17 11:01:34,543 | INFO  | OMAudit | user=runner | ip=127.0.0.1 | op=READ_KEY {"volume":"190289a7-f9ed-479a-8bb9-495bdaebb81a","bucket":"2851420a-2495-4a1c-b731-9ebc6a8f4c74","key":"rewriteFailsDueToOutdatedGeneration","owner":null,"dataSize":"0","replicationConfig":null} | ret=SUCCESS |  
2025-10-17 11:01:34,544 | INFO  | OMAudit | user=runner | ip=127.0.0.1 | op=READ_BUCKET {"volume":"190289a7-f9ed-479a-8bb9-495bdaebb81a","bucket":"2851420a-2495-4a1c-b731-9ebc6a8f4c74"} | ret=SUCCESS |  
2025-10-17 11:01:34,545 | INFO  | SCMAudit | user=runner | ip=127.0.0.1 | op=ALLOCATE_BLOCK {"replication":"RATIS/ONE","owner":"omServiceIdDefault","size":"4194304","sampleBlocks":"[conID: 10 locID: 115816896921600047]","num":"1","client":"","allocated":"1"} | ret=SUCCESS |  
2025-10-17 11:01:34,548 | INFO  | OMAudit | user=runner | ip=127.0.0.1 | op=ALLOCATE_KEY {"volume":"190289a7-f9ed-479a-8bb9-495bdaebb81a","bucket":"2851420a-2495-4a1c-b731-9ebc6a8f4c74","key":"rewriteFailsDueToOutdatedGeneration","dataSize":"9","replicationType":"RATIS","replicationFactor":"ONE","Transaction":"141"} | ret=SUCCESS |  
2025-10-17 11:01:34,560 | INFO  | OMAudit | user=runner | ip=127.0.0.1 | op=COMMIT_KEY {"volume":"190289a7-f9ed-479a-8bb9-495bdaebb81a","bucket":"2851420a-2495-4a1c-b731-9ebc6a8f4c74","key":"rewriteFailsDueToOutdatedGeneration","dataSize":"9","replicationType":"RATIS","replicationFactor":"ONE","Transaction":"142"} | ret=SUCCESS |  
2025-10-17 11:01:34,563 | INFO  | OMAudit | user=runner | ip=127.0.0.1 | op=READ_KEY {"volume":"190289a7-f9ed-479a-8bb9-495bdaebb81a","bucket":"2851420a-2495-4a1c-b731-9ebc6a8f4c74","key":"rewriteFailsDueToOutdatedGeneration","owner":null,"dataSize":"0","replicationConfig":null} | ret=SUCCESS |  
2025-10-17 11:01:34,565 | INFO  | SCMAudit | user=runner | ip=127.0.0.1 | op=GET_CONTAINER_WITH_PIPELINE_BATCH {"containerIDs":"#10,"} | ret=SUCCESS |  
2025-10-17 11:01:34,566 | INFO  | OMAudit | user=null | ip= | op=READ_KEY {"volume":"190289a7-f9ed-479a-8bb9-495bdaebb81a","bucket":"2851420a-2495-4a1c-b731-9ebc6a8f4c74","key":"rewriteFailsDueToOutdatedGeneration","owner":null,"dataSize":"0","replicationConfig":null} | ret=SUCCESS |  
2025-10-17 11:01:34,568 | INFO  | OMAudit | user=runner | ip=127.0.0.1 | op=READ_BUCKET {"volume":"190289a7-f9ed-479a-8bb9-495bdaebb81a","bucket":"2851420a-2495-4a1c-b731-9ebc6a8f4c74"} | ret=SUCCESS |  
2025-10-17 11:01:34,569 | INFO  | SCMAudit | user=runner | ip=127.0.0.1 | op=ALLOCATE_BLOCK {"replication":"RATIS/ONE","owner":"omServiceIdDefault","size":"4194304","sampleBlocks":"[conID: 1 locID: 115816896921600048]","num":"1","client":"","allocated":"1"} | ret=SUCCESS |  
2025-10-17 11:01:34,571 [om1-OMStateMachineApplyTransactionThread - 0] ERROR key.OMKeyCreateRequest (OMKeyCreateRequest.java:logResult(400)) - Key creation failed. Volume:190289a7-f9ed-479a-8bb9-495bdaebb81a, Bucket:2851420a-2495-4a1c-b731-9ebc6a8f4c74, Key:rewriteFailsDueToOutdatedGeneration. 
KEY_NOT_FOUND org.apache.hadoop.ozone.om.exceptions.OMException: Generation mismatch during expected rewrite
	at org.apache.hadoop.ozone.om.request.key.OMKeyCreateRequest.validateAtomicRewrite(OMKeyCreateRequest.java:468)
	at org.apache.hadoop.ozone.om.request.key.OMKeyCreateRequest.validateAndUpdateCache(OMKeyCreateRequest.java:240)
	at org.apache.hadoop.ozone.protocolPB.OzoneManagerRequestHandler.lambda$0(OzoneManagerRequestHandler.java:418)
	at org.apache.hadoop.ozone.util.MetricUtil.captureLatencyNs(MetricUtil.java:45)
	at org.apache.hadoop.ozone.protocolPB.OzoneManagerRequestHandler.handleWriteRequestImpl(OzoneManagerRequestHandler.java:416)
	at org.apache.hadoop.ozone.protocolPB.RequestHandler.handleWriteRequest(RequestHandler.java:62)
	at org.apache.hadoop.ozone.om.ratis.OzoneManagerStateMachine.runCommand(OzoneManagerStateMachine.java:599)
	at org.apache.hadoop.ozone.om.ratis.OzoneManagerStateMachine.lambda$3(OzoneManagerStateMachine.java:415)
	at java.base/java.util.concurrent.CompletableFuture$AsyncSupply.run(CompletableFuture.java:1768)
	at java.base/java.util.concurrent.ThreadPoolExecutor.runWorker(ThreadPoolExecutor.java:1144)
	at java.base/java.util.concurrent.ThreadPoolExecutor$Worker.run(ThreadPoolExecutor.java:642)
	at java.base/java.lang.Thread.run(Thread.java:1583)
2025-10-17 11:01:34,571 | ERROR | OMAudit | user=runner | ip=127.0.0.1 | op=ALLOCATE_KEY {"volume":"190289a7-f9ed-479a-8bb9-495bdaebb81a","bucket":"2851420a-2495-4a1c-b731-9ebc6a8f4c74","key":"rewriteFailsDueToOutdatedGeneration","dataSize":"36","replicationType":"RATIS","replicationFactor":"ONE","rewriteGeneration":"140","Transaction":"143"} | ret=FAILURE | 
org.apache.hadoop.ozone.om.exceptions.OMException: Generation mismatch during expected rewrite
	at org.apache.hadoop.ozone.om.request.key.OMKeyCreateRequest.validateAtomicRewrite(OMKeyCreateRequest.java:468)
	at org.apache.hadoop.ozone.om.request.key.OMKeyCreateRequest.validateAndUpdateCache(OMKeyCreateRequest.java:240)
 
2025-10-17 11:01:34,574 | INFO  | OMAudit | user=runner | ip=127.0.0.1 | op=READ_KEY {"volume":"190289a7-f9ed-479a-8bb9-495bdaebb81a","bucket":"2851420a-2495-4a1c-b731-9ebc6a8f4c74","key":"rewriteFailsDueToOutdatedGeneration","owner":null,"dataSize":"0","replicationConfig":null} | ret=SUCCESS |  
2025-10-17 11:01:34,576 | INFO  | OMAudit | user=runner | ip=127.0.0.1 | op=READ_KEY {"volume":"190289a7-f9ed-479a-8bb9-495bdaebb81a","bucket":"2851420a-2495-4a1c-b731-9ebc6a8f4c74","key":"rewriteFailsDueToOutdatedGeneration","owner":null,"dataSize":"0","replicationConfig":null} | ret=SUCCESS |  
2025-10-17 11:01:34,584 | INFO  | SCMAudit | user=runner | ip=127.0.0.1 | op=GET_CONTAINER_WITH_PIPELINE_BATCH {"containerIDs":"#10,"} | ret=SUCCESS |  
2025-10-17 11:01:34,585 | INFO  | OMAudit | user=null | ip= | op=READ_KEY {"volume":"190289a7-f9ed-479a-8bb9-495bdaebb81a","bucket":"2851420a-2495-4a1c-b731-9ebc6a8f4c74","key":"rewriteFailsDueToOutdatedGeneration","owner":null,"dataSize":"0","replicationConfig":null} | ret=SUCCESS |  
]]></system-out>
  </testcase>
  <testcase name="rewriteFailsDueToOutdatedGenerationAtCommit(BucketLayout)[1]" classname="org.apache.hadoop.ozone.client.rpc.TestSecureOzoneRpcClient" time="0.083">
    <system-out><![CDATA[2025-10-17 11:01:34,589 [ForkJoinPool-1-worker-1] INFO  rpc.RpcClient (RpcClient.java:createVolume(461)) - Creating Volume: d9741df2-a6e1-456a-beab-37548be6727d, with runner as owner and space quota set to -1 bytes, counts quota set to -1
2025-10-17 11:01:34,591 [om1-OMStateMachineApplyTransactionThread - 0] INFO  volume.OMVolumeCreateRequest (OMVolumeCreateRequest.java:validateAndUpdateCache(213)) - created volume:d9741df2-a6e1-456a-beab-37548be6727d for user:runner
2025-10-17 11:01:34,592 | INFO  | OMAudit | user=runner | ip=127.0.0.1 | op=CREATE_VOLUME {"admin":"runner","owner":"runner","volume":"d9741df2-a6e1-456a-beab-37548be6727d","creationTime":"1760698894590","modificationTime":"1760698894590","quotaInBytes":"-1","quotaInNamespace":"-1","usedNamespace":"0","objectID":"-9223372036854738944","updateID":"144","Transaction":"144"} | ret=SUCCESS |  
2025-10-17 11:01:34,594 | INFO  | OMAudit | user=runner | ip=127.0.0.1 | op=READ_VOLUME {"volume":"d9741df2-a6e1-456a-beab-37548be6727d"} | ret=SUCCESS |  
2025-10-17 11:01:34,594 [ForkJoinPool-1-worker-1] INFO  rpc.RpcClient (RpcClient.java:createBucket(686)) - Creating Bucket: d9741df2-a6e1-456a-beab-37548be6727d/58216c1e-39cb-4821-9d31-3f37b84317db, with bucket layout FILE_SYSTEM_OPTIMIZED, runner as owner, Versioning false, Storage Type set to DISK and Encryption set to false, Replication Type set to server-side default replication type, Namespace Quota set to -1, Space Quota set to -1 
2025-10-17 11:01:34,596 [om1-OMStateMachineApplyTransactionThread - 0] INFO  bucket.OMBucketCreateRequest (OMBucketCreateRequest.java:validateAndUpdateCache(303)) - created bucket: 58216c1e-39cb-4821-9d31-3f37b84317db of layout FILE_SYSTEM_OPTIMIZED in volume: d9741df2-a6e1-456a-beab-37548be6727d
2025-10-17 11:01:34,597 | INFO  | OMAudit | user=runner | ip=127.0.0.1 | op=CREATE_BUCKET {"volume":"d9741df2-a6e1-456a-beab-37548be6727d","bucket":"58216c1e-39cb-4821-9d31-3f37b84317db","bucketLayout":"FILE_SYSTEM_OPTIMIZED","gdprEnabled":null,"acls":"[user:runner:a[ACCESS], group:runner:rl[ACCESS]]","isVersionEnabled":"false","storageType":"DISK","creationTime":"1760698894595","bucketEncryptionKey":null,"modificationTime":"1760698894595","usedBytes":"0","usedNamespace":"0","snapshotUsedBytes":"0","snapshotUsedNamespace":"0","owner":"runner","replicationType":null,"replicationConfig":null,"quotaInBytes":"-1","quotaInNamespace":"-1","Transaction":"145"} | ret=SUCCESS |  
2025-10-17 11:01:34,599 | INFO  | OMAudit | user=runner | ip=127.0.0.1 | op=READ_BUCKET {"volume":"d9741df2-a6e1-456a-beab-37548be6727d","bucket":"58216c1e-39cb-4821-9d31-3f37b84317db"} | ret=SUCCESS |  
2025-10-17 11:01:34,600 | INFO  | OMAudit | user=runner | ip=127.0.0.1 | op=READ_BUCKET {"volume":"d9741df2-a6e1-456a-beab-37548be6727d","bucket":"58216c1e-39cb-4821-9d31-3f37b84317db"} | ret=SUCCESS |  
2025-10-17 11:01:34,601 | INFO  | SCMAudit | user=runner | ip=127.0.0.1 | op=ALLOCATE_BLOCK {"replication":"RATIS/ONE","owner":"omServiceIdDefault","size":"4194304","sampleBlocks":"[conID: 7 locID: 115816896921600049]","num":"1","client":"","allocated":"1"} | ret=SUCCESS |  
2025-10-17 11:01:34,604 | INFO  | OMAudit | user=runner | ip=127.0.0.1 | op=ALLOCATE_KEY {"volume":"d9741df2-a6e1-456a-beab-37548be6727d","bucket":"58216c1e-39cb-4821-9d31-3f37b84317db","key":"rewriteFailsDueToOutdatedGenerationAtCommit","dataSize":"36","replicationType":"RATIS","replicationFactor":"ONE","Transaction":"146"} | ret=SUCCESS |  
2025-10-17 11:01:34,616 | INFO  | OMAudit | user=runner | ip=127.0.0.1 | op=COMMIT_KEY {"volume":"d9741df2-a6e1-456a-beab-37548be6727d","bucket":"58216c1e-39cb-4821-9d31-3f37b84317db","key":"rewriteFailsDueToOutdatedGenerationAtCommit","dataSize":"36","replicationType":"RATIS","replicationFactor":"ONE","Transaction":"147"} | ret=SUCCESS |  
2025-10-17 11:01:34,619 | INFO  | OMAudit | user=runner | ip=127.0.0.1 | op=READ_KEY {"volume":"d9741df2-a6e1-456a-beab-37548be6727d","bucket":"58216c1e-39cb-4821-9d31-3f37b84317db","key":"rewriteFailsDueToOutdatedGenerationAtCommit","owner":null,"dataSize":"0","replicationConfig":null} | ret=SUCCESS |  
2025-10-17 11:01:34,620 | INFO  | OMAudit | user=runner | ip=127.0.0.1 | op=READ_BUCKET {"volume":"d9741df2-a6e1-456a-beab-37548be6727d","bucket":"58216c1e-39cb-4821-9d31-3f37b84317db"} | ret=SUCCESS |  
2025-10-17 11:01:34,621 | INFO  | SCMAudit | user=runner | ip=127.0.0.1 | op=ALLOCATE_BLOCK {"replication":"RATIS/ONE","owner":"omServiceIdDefault","size":"4194304","sampleBlocks":"[conID: 4 locID: 115816896921600050]","num":"1","client":"","allocated":"1"} | ret=SUCCESS |  
2025-10-17 11:01:34,624 | INFO  | OMAudit | user=runner | ip=127.0.0.1 | op=ALLOCATE_KEY {"volume":"d9741df2-a6e1-456a-beab-37548be6727d","bucket":"58216c1e-39cb-4821-9d31-3f37b84317db","key":"rewriteFailsDueToOutdatedGenerationAtCommit","dataSize":"36","replicationType":"RATIS","replicationFactor":"ONE","rewriteGeneration":"147","Transaction":"148"} | ret=SUCCESS |  
2025-10-17 11:01:34,627 | INFO  | OMAudit | user=runner | ip=127.0.0.1 | op=READ_BUCKET {"volume":"d9741df2-a6e1-456a-beab-37548be6727d","bucket":"58216c1e-39cb-4821-9d31-3f37b84317db"} | ret=SUCCESS |  
2025-10-17 11:01:34,628 | INFO  | SCMAudit | user=runner | ip=127.0.0.1 | op=ALLOCATE_BLOCK {"replication":"RATIS/ONE","owner":"omServiceIdDefault","size":"4194304","sampleBlocks":"[conID: 7 locID: 115816896921600051]","num":"1","client":"","allocated":"1"} | ret=SUCCESS |  
2025-10-17 11:01:34,631 | INFO  | OMAudit | user=runner | ip=127.0.0.1 | op=ALLOCATE_KEY {"volume":"d9741df2-a6e1-456a-beab-37548be6727d","bucket":"58216c1e-39cb-4821-9d31-3f37b84317db","key":"rewriteFailsDueToOutdatedGenerationAtCommit","dataSize":"9","replicationType":"RATIS","replicationFactor":"ONE","Transaction":"149"} | ret=SUCCESS |  
2025-10-17 11:01:34,642 | INFO  | OMAudit | user=runner | ip=127.0.0.1 | op=COMMIT_KEY {"volume":"d9741df2-a6e1-456a-beab-37548be6727d","bucket":"58216c1e-39cb-4821-9d31-3f37b84317db","key":"rewriteFailsDueToOutdatedGenerationAtCommit","dataSize":"9","replicationType":"RATIS","replicationFactor":"ONE","Transaction":"150"} | ret=SUCCESS |  
2025-10-17 11:01:34,645 | INFO  | OMAudit | user=runner | ip=127.0.0.1 | op=READ_KEY {"volume":"d9741df2-a6e1-456a-beab-37548be6727d","bucket":"58216c1e-39cb-4821-9d31-3f37b84317db","key":"rewriteFailsDueToOutdatedGenerationAtCommit","owner":null,"dataSize":"0","replicationConfig":null} | ret=SUCCESS |  
2025-10-17 11:01:34,647 | INFO  | SCMAudit | user=runner | ip=127.0.0.1 | op=GET_CONTAINER_WITH_PIPELINE_BATCH {"containerIDs":"#7,"} | ret=SUCCESS |  
2025-10-17 11:01:34,648 | INFO  | OMAudit | user=null | ip= | op=READ_KEY {"volume":"d9741df2-a6e1-456a-beab-37548be6727d","bucket":"58216c1e-39cb-4821-9d31-3f37b84317db","key":"rewriteFailsDueToOutdatedGenerationAtCommit","owner":null,"dataSize":"0","replicationConfig":null} | ret=SUCCESS |  
2025-10-17 11:01:34,656 [om1-OMStateMachineApplyTransactionThread - 0] ERROR key.OMKeyCommitRequest (OMKeyCommitRequest.java:processResult(486)) - Key committed failed. Volume:d9741df2-a6e1-456a-beab-37548be6727d, Bucket:58216c1e-39cb-4821-9d31-3f37b84317db, Key:rewriteFailsDueToOutdatedGenerationAtCommit. Exception:{}
KEY_NOT_FOUND org.apache.hadoop.ozone.om.exceptions.OMException: Cannot commit as current generation (150) does not match the expected generation to rewrite (147)
	at org.apache.hadoop.ozone.om.request.key.OMKeyCommitRequest.validateAtomicRewrite(OMKeyCommitRequest.java:615)
	at org.apache.hadoop.ozone.om.request.key.OMKeyCommitRequestWithFSO.validateAndUpdateCache(OMKeyCommitRequestWithFSO.java:240)
	at org.apache.hadoop.ozone.protocolPB.OzoneManagerRequestHandler.lambda$0(OzoneManagerRequestHandler.java:418)
	at org.apache.hadoop.ozone.util.MetricUtil.captureLatencyNs(MetricUtil.java:45)
	at org.apache.hadoop.ozone.protocolPB.OzoneManagerRequestHandler.handleWriteRequestImpl(OzoneManagerRequestHandler.java:416)
	at org.apache.hadoop.ozone.protocolPB.RequestHandler.handleWriteRequest(RequestHandler.java:62)
	at org.apache.hadoop.ozone.om.ratis.OzoneManagerStateMachine.runCommand(OzoneManagerStateMachine.java:599)
	at org.apache.hadoop.ozone.om.ratis.OzoneManagerStateMachine.lambda$3(OzoneManagerStateMachine.java:415)
	at java.base/java.util.concurrent.CompletableFuture$AsyncSupply.run(CompletableFuture.java:1768)
	at java.base/java.util.concurrent.ThreadPoolExecutor.runWorker(ThreadPoolExecutor.java:1144)
	at java.base/java.util.concurrent.ThreadPoolExecutor$Worker.run(ThreadPoolExecutor.java:642)
	at java.base/java.lang.Thread.run(Thread.java:1583)
2025-10-17 11:01:34,656 | ERROR | OMAudit | user=runner | ip=127.0.0.1 | op=COMMIT_KEY {"volume":"d9741df2-a6e1-456a-beab-37548be6727d","bucket":"58216c1e-39cb-4821-9d31-3f37b84317db","key":"rewriteFailsDueToOutdatedGenerationAtCommit","dataSize":"7","replicationType":"RATIS","replicationFactor":"ONE","rewriteGeneration":"147","Transaction":"151"} | ret=FAILURE | 
org.apache.hadoop.ozone.om.exceptions.OMException: Cannot commit as current generation (150) does not match the expected generation to rewrite (147)
	at org.apache.hadoop.ozone.om.request.key.OMKeyCommitRequest.validateAtomicRewrite(OMKeyCommitRequest.java:615)
	at org.apache.hadoop.ozone.om.request.key.OMKeyCommitRequestWithFSO.validateAndUpdateCache(OMKeyCommitRequestWithFSO.java:240)
 
2025-10-17 11:01:34,658 | INFO  | OMAudit | user=runner | ip=127.0.0.1 | op=READ_KEY {"volume":"d9741df2-a6e1-456a-beab-37548be6727d","bucket":"58216c1e-39cb-4821-9d31-3f37b84317db","key":"rewriteFailsDueToOutdatedGenerationAtCommit","owner":null,"dataSize":"0","replicationConfig":null} | ret=SUCCESS |  
2025-10-17 11:01:34,660 | INFO  | OMAudit | user=runner | ip=127.0.0.1 | op=READ_KEY {"volume":"d9741df2-a6e1-456a-beab-37548be6727d","bucket":"58216c1e-39cb-4821-9d31-3f37b84317db","key":"rewriteFailsDueToOutdatedGenerationAtCommit","owner":null,"dataSize":"0","replicationConfig":null} | ret=SUCCESS |  
2025-10-17 11:01:34,670 | INFO  | SCMAudit | user=runner | ip=127.0.0.1 | op=GET_CONTAINER_WITH_PIPELINE_BATCH {"containerIDs":"#7,"} | ret=SUCCESS |  
2025-10-17 11:01:34,670 | INFO  | OMAudit | user=null | ip= | op=READ_KEY {"volume":"d9741df2-a6e1-456a-beab-37548be6727d","bucket":"58216c1e-39cb-4821-9d31-3f37b84317db","key":"rewriteFailsDueToOutdatedGenerationAtCommit","owner":null,"dataSize":"0","replicationConfig":null} | ret=SUCCESS |  
]]></system-out>
  </testcase>
  <testcase name="rewriteFailsDueToOutdatedGenerationAtCommit(BucketLayout)[2]" classname="org.apache.hadoop.ozone.client.rpc.TestSecureOzoneRpcClient" time="0.067">
    <system-out><![CDATA[2025-10-17 11:01:34,673 [ForkJoinPool-1-worker-1] INFO  rpc.RpcClient (RpcClient.java:createVolume(461)) - Creating Volume: 7e2e894b-d682-4566-a1b1-da5c0f688875, with runner as owner and space quota set to -1 bytes, counts quota set to -1
2025-10-17 11:01:34,675 [om1-OMStateMachineApplyTransactionThread - 0] INFO  volume.OMVolumeCreateRequest (OMVolumeCreateRequest.java:validateAndUpdateCache(213)) - created volume:7e2e894b-d682-4566-a1b1-da5c0f688875 for user:runner
2025-10-17 11:01:34,675 | INFO  | OMAudit | user=runner | ip=127.0.0.1 | op=CREATE_VOLUME {"admin":"runner","owner":"runner","volume":"7e2e894b-d682-4566-a1b1-da5c0f688875","creationTime":"1760698894674","modificationTime":"1760698894674","quotaInBytes":"-1","quotaInNamespace":"-1","usedNamespace":"0","objectID":"-9223372036854736896","updateID":"152","Transaction":"152"} | ret=SUCCESS |  
2025-10-17 11:01:34,676 | INFO  | OMAudit | user=runner | ip=127.0.0.1 | op=READ_VOLUME {"volume":"7e2e894b-d682-4566-a1b1-da5c0f688875"} | ret=SUCCESS |  
2025-10-17 11:01:34,677 [ForkJoinPool-1-worker-1] INFO  rpc.RpcClient (RpcClient.java:createBucket(686)) - Creating Bucket: 7e2e894b-d682-4566-a1b1-da5c0f688875/0c53b890-07db-4357-9650-4544ce84e952, with bucket layout OBJECT_STORE, runner as owner, Versioning false, Storage Type set to DISK and Encryption set to false, Replication Type set to server-side default replication type, Namespace Quota set to -1, Space Quota set to -1 
2025-10-17 11:01:34,679 [om1-OMStateMachineApplyTransactionThread - 0] INFO  bucket.OMBucketCreateRequest (OMBucketCreateRequest.java:validateAndUpdateCache(303)) - created bucket: 0c53b890-07db-4357-9650-4544ce84e952 of layout OBJECT_STORE in volume: 7e2e894b-d682-4566-a1b1-da5c0f688875
2025-10-17 11:01:34,679 | INFO  | OMAudit | user=runner | ip=127.0.0.1 | op=CREATE_BUCKET {"volume":"7e2e894b-d682-4566-a1b1-da5c0f688875","bucket":"0c53b890-07db-4357-9650-4544ce84e952","bucketLayout":"OBJECT_STORE","gdprEnabled":null,"acls":"[user:runner:a[ACCESS], group:runner:rl[ACCESS]]","isVersionEnabled":"false","storageType":"DISK","creationTime":"1760698894678","bucketEncryptionKey":null,"modificationTime":"1760698894678","usedBytes":"0","usedNamespace":"0","snapshotUsedBytes":"0","snapshotUsedNamespace":"0","owner":"runner","replicationType":null,"replicationConfig":null,"quotaInBytes":"-1","quotaInNamespace":"-1","Transaction":"153"} | ret=SUCCESS |  
2025-10-17 11:01:34,680 | INFO  | OMAudit | user=runner | ip=127.0.0.1 | op=READ_BUCKET {"volume":"7e2e894b-d682-4566-a1b1-da5c0f688875","bucket":"0c53b890-07db-4357-9650-4544ce84e952"} | ret=SUCCESS |  
2025-10-17 11:01:34,682 | INFO  | OMAudit | user=runner | ip=127.0.0.1 | op=READ_BUCKET {"volume":"7e2e894b-d682-4566-a1b1-da5c0f688875","bucket":"0c53b890-07db-4357-9650-4544ce84e952"} | ret=SUCCESS |  
2025-10-17 11:01:34,682 | INFO  | SCMAudit | user=runner | ip=127.0.0.1 | op=ALLOCATE_BLOCK {"replication":"RATIS/ONE","owner":"omServiceIdDefault","size":"4194304","sampleBlocks":"[conID: 7 locID: 115816896921600052]","num":"1","client":"","allocated":"1"} | ret=SUCCESS |  
2025-10-17 11:01:34,685 | INFO  | OMAudit | user=runner | ip=127.0.0.1 | op=ALLOCATE_KEY {"volume":"7e2e894b-d682-4566-a1b1-da5c0f688875","bucket":"0c53b890-07db-4357-9650-4544ce84e952","key":"rewriteFailsDueToOutdatedGenerationAtCommit","dataSize":"36","replicationType":"RATIS","replicationFactor":"ONE","Transaction":"154"} | ret=SUCCESS |  
2025-10-17 11:01:34,693 | INFO  | OMAudit | user=runner | ip=127.0.0.1 | op=COMMIT_KEY {"volume":"7e2e894b-d682-4566-a1b1-da5c0f688875","bucket":"0c53b890-07db-4357-9650-4544ce84e952","key":"rewriteFailsDueToOutdatedGenerationAtCommit","dataSize":"36","replicationType":"RATIS","replicationFactor":"ONE","Transaction":"155"} | ret=SUCCESS |  
2025-10-17 11:01:34,695 | INFO  | OMAudit | user=runner | ip=127.0.0.1 | op=READ_KEY {"volume":"7e2e894b-d682-4566-a1b1-da5c0f688875","bucket":"0c53b890-07db-4357-9650-4544ce84e952","key":"rewriteFailsDueToOutdatedGenerationAtCommit","owner":null,"dataSize":"0","replicationConfig":null} | ret=SUCCESS |  
2025-10-17 11:01:34,696 | INFO  | OMAudit | user=runner | ip=127.0.0.1 | op=READ_BUCKET {"volume":"7e2e894b-d682-4566-a1b1-da5c0f688875","bucket":"0c53b890-07db-4357-9650-4544ce84e952"} | ret=SUCCESS |  
2025-10-17 11:01:34,697 | INFO  | SCMAudit | user=runner | ip=127.0.0.1 | op=ALLOCATE_BLOCK {"replication":"RATIS/ONE","owner":"omServiceIdDefault","size":"4194304","sampleBlocks":"[conID: 1 locID: 115816896921600053]","num":"1","client":"","allocated":"1"} | ret=SUCCESS |  
2025-10-17 11:01:34,700 | INFO  | OMAudit | user=runner | ip=127.0.0.1 | op=ALLOCATE_KEY {"volume":"7e2e894b-d682-4566-a1b1-da5c0f688875","bucket":"0c53b890-07db-4357-9650-4544ce84e952","key":"rewriteFailsDueToOutdatedGenerationAtCommit","dataSize":"36","replicationType":"RATIS","replicationFactor":"ONE","rewriteGeneration":"155","Transaction":"156"} | ret=SUCCESS |  
2025-10-17 11:01:34,703 | INFO  | OMAudit | user=runner | ip=127.0.0.1 | op=READ_BUCKET {"volume":"7e2e894b-d682-4566-a1b1-da5c0f688875","bucket":"0c53b890-07db-4357-9650-4544ce84e952"} | ret=SUCCESS |  
2025-10-17 11:01:34,704 | INFO  | SCMAudit | user=runner | ip=127.0.0.1 | op=ALLOCATE_BLOCK {"replication":"RATIS/ONE","owner":"omServiceIdDefault","size":"4194304","sampleBlocks":"[conID: 9 locID: 115816896921600054]","num":"1","client":"","allocated":"1"} | ret=SUCCESS |  
2025-10-17 11:01:34,706 | INFO  | OMAudit | user=runner | ip=127.0.0.1 | op=ALLOCATE_KEY {"volume":"7e2e894b-d682-4566-a1b1-da5c0f688875","bucket":"0c53b890-07db-4357-9650-4544ce84e952","key":"rewriteFailsDueToOutdatedGenerationAtCommit","dataSize":"9","replicationType":"RATIS","replicationFactor":"ONE","Transaction":"157"} | ret=SUCCESS |  
2025-10-17 11:01:34,716 | INFO  | OMAudit | user=runner | ip=127.0.0.1 | op=COMMIT_KEY {"volume":"7e2e894b-d682-4566-a1b1-da5c0f688875","bucket":"0c53b890-07db-4357-9650-4544ce84e952","key":"rewriteFailsDueToOutdatedGenerationAtCommit","dataSize":"9","replicationType":"RATIS","replicationFactor":"ONE","Transaction":"158"} | ret=SUCCESS |  
2025-10-17 11:01:34,718 | INFO  | OMAudit | user=runner | ip=127.0.0.1 | op=READ_KEY {"volume":"7e2e894b-d682-4566-a1b1-da5c0f688875","bucket":"0c53b890-07db-4357-9650-4544ce84e952","key":"rewriteFailsDueToOutdatedGenerationAtCommit","owner":null,"dataSize":"0","replicationConfig":null} | ret=SUCCESS |  
2025-10-17 11:01:34,720 | INFO  | SCMAudit | user=runner | ip=127.0.0.1 | op=GET_CONTAINER_WITH_PIPELINE_BATCH {"containerIDs":"#9,"} | ret=SUCCESS |  
2025-10-17 11:01:34,720 | INFO  | OMAudit | user=null | ip= | op=READ_KEY {"volume":"7e2e894b-d682-4566-a1b1-da5c0f688875","bucket":"0c53b890-07db-4357-9650-4544ce84e952","key":"rewriteFailsDueToOutdatedGenerationAtCommit","owner":null,"dataSize":"0","replicationConfig":null} | ret=SUCCESS |  
2025-10-17 11:01:34,727 [om1-OMStateMachineApplyTransactionThread - 0] ERROR key.OMKeyCommitRequest (OMKeyCommitRequest.java:processResult(486)) - Key committed failed. Volume:7e2e894b-d682-4566-a1b1-da5c0f688875, Bucket:0c53b890-07db-4357-9650-4544ce84e952, Key:rewriteFailsDueToOutdatedGenerationAtCommit. Exception:{}
KEY_NOT_FOUND org.apache.hadoop.ozone.om.exceptions.OMException: Cannot commit as current generation (158) does not match the expected generation to rewrite (155)
	at org.apache.hadoop.ozone.om.request.key.OMKeyCommitRequest.validateAtomicRewrite(OMKeyCommitRequest.java:615)
	at org.apache.hadoop.ozone.om.request.key.OMKeyCommitRequest.validateAndUpdateCache(OMKeyCommitRequest.java:296)
	at org.apache.hadoop.ozone.protocolPB.OzoneManagerRequestHandler.lambda$0(OzoneManagerRequestHandler.java:418)
	at org.apache.hadoop.ozone.util.MetricUtil.captureLatencyNs(MetricUtil.java:45)
	at org.apache.hadoop.ozone.protocolPB.OzoneManagerRequestHandler.handleWriteRequestImpl(OzoneManagerRequestHandler.java:416)
	at org.apache.hadoop.ozone.protocolPB.RequestHandler.handleWriteRequest(RequestHandler.java:62)
	at org.apache.hadoop.ozone.om.ratis.OzoneManagerStateMachine.runCommand(OzoneManagerStateMachine.java:599)
	at org.apache.hadoop.ozone.om.ratis.OzoneManagerStateMachine.lambda$3(OzoneManagerStateMachine.java:415)
	at java.base/java.util.concurrent.CompletableFuture$AsyncSupply.run(CompletableFuture.java:1768)
	at java.base/java.util.concurrent.ThreadPoolExecutor.runWorker(ThreadPoolExecutor.java:1144)
	at java.base/java.util.concurrent.ThreadPoolExecutor$Worker.run(ThreadPoolExecutor.java:642)
	at java.base/java.lang.Thread.run(Thread.java:1583)
2025-10-17 11:01:34,727 | ERROR | OMAudit | user=runner | ip=127.0.0.1 | op=COMMIT_KEY {"volume":"7e2e894b-d682-4566-a1b1-da5c0f688875","bucket":"0c53b890-07db-4357-9650-4544ce84e952","key":"rewriteFailsDueToOutdatedGenerationAtCommit","dataSize":"7","replicationType":"RATIS","replicationFactor":"ONE","rewriteGeneration":"155","Transaction":"159"} | ret=FAILURE | 
org.apache.hadoop.ozone.om.exceptions.OMException: Cannot commit as current generation (158) does not match the expected generation to rewrite (155)
	at org.apache.hadoop.ozone.om.request.key.OMKeyCommitRequest.validateAtomicRewrite(OMKeyCommitRequest.java:615)
	at org.apache.hadoop.ozone.om.request.key.OMKeyCommitRequest.validateAndUpdateCache(OMKeyCommitRequest.java:296)
 
2025-10-17 11:01:34,729 | INFO  | OMAudit | user=runner | ip=127.0.0.1 | op=READ_KEY {"volume":"7e2e894b-d682-4566-a1b1-da5c0f688875","bucket":"0c53b890-07db-4357-9650-4544ce84e952","key":"rewriteFailsDueToOutdatedGenerationAtCommit","owner":null,"dataSize":"0","replicationConfig":null} | ret=SUCCESS |  
2025-10-17 11:01:34,730 | INFO  | OMAudit | user=runner | ip=127.0.0.1 | op=READ_KEY {"volume":"7e2e894b-d682-4566-a1b1-da5c0f688875","bucket":"0c53b890-07db-4357-9650-4544ce84e952","key":"rewriteFailsDueToOutdatedGenerationAtCommit","owner":null,"dataSize":"0","replicationConfig":null} | ret=SUCCESS |  
2025-10-17 11:01:34,738 | INFO  | SCMAudit | user=runner | ip=127.0.0.1 | op=GET_CONTAINER_WITH_PIPELINE_BATCH {"containerIDs":"#9,"} | ret=SUCCESS |  
2025-10-17 11:01:34,739 | INFO  | OMAudit | user=null | ip= | op=READ_KEY {"volume":"7e2e894b-d682-4566-a1b1-da5c0f688875","bucket":"0c53b890-07db-4357-9650-4544ce84e952","key":"rewriteFailsDueToOutdatedGenerationAtCommit","owner":null,"dataSize":"0","replicationConfig":null} | ret=SUCCESS |  
]]></system-out>
  </testcase>
  <testcase name="rewriteFailsDueToOutdatedGenerationAtCommit(BucketLayout)[3]" classname="org.apache.hadoop.ozone.client.rpc.TestSecureOzoneRpcClient" time="0.07">
    <system-out><![CDATA[2025-10-17 11:01:34,741 [ForkJoinPool-1-worker-1] INFO  rpc.RpcClient (RpcClient.java:createVolume(461)) - Creating Volume: f7c094e6-bdda-46b5-86fd-6c9c9a9a9f41, with runner as owner and space quota set to -1 bytes, counts quota set to -1
2025-10-17 11:01:34,743 [om1-OMStateMachineApplyTransactionThread - 0] INFO  volume.OMVolumeCreateRequest (OMVolumeCreateRequest.java:validateAndUpdateCache(213)) - created volume:f7c094e6-bdda-46b5-86fd-6c9c9a9a9f41 for user:runner
2025-10-17 11:01:34,743 | INFO  | OMAudit | user=runner | ip=127.0.0.1 | op=CREATE_VOLUME {"admin":"runner","owner":"runner","volume":"f7c094e6-bdda-46b5-86fd-6c9c9a9a9f41","creationTime":"1760698894742","modificationTime":"1760698894742","quotaInBytes":"-1","quotaInNamespace":"-1","usedNamespace":"0","objectID":"-9223372036854734848","updateID":"160","Transaction":"160"} | ret=SUCCESS |  
2025-10-17 11:01:34,744 | INFO  | OMAudit | user=runner | ip=127.0.0.1 | op=READ_VOLUME {"volume":"f7c094e6-bdda-46b5-86fd-6c9c9a9a9f41"} | ret=SUCCESS |  
2025-10-17 11:01:34,745 [ForkJoinPool-1-worker-1] INFO  rpc.RpcClient (RpcClient.java:createBucket(686)) - Creating Bucket: f7c094e6-bdda-46b5-86fd-6c9c9a9a9f41/55a26b5f-124d-4b40-9363-cc2327399a40, with bucket layout LEGACY, runner as owner, Versioning false, Storage Type set to DISK and Encryption set to false, Replication Type set to server-side default replication type, Namespace Quota set to -1, Space Quota set to -1 
2025-10-17 11:01:34,748 [om1-OMStateMachineApplyTransactionThread - 0] INFO  bucket.OMBucketCreateRequest (OMBucketCreateRequest.java:validateAndUpdateCache(303)) - created bucket: 55a26b5f-124d-4b40-9363-cc2327399a40 of layout LEGACY in volume: f7c094e6-bdda-46b5-86fd-6c9c9a9a9f41
2025-10-17 11:01:34,748 | INFO  | OMAudit | user=runner | ip=127.0.0.1 | op=CREATE_BUCKET {"volume":"f7c094e6-bdda-46b5-86fd-6c9c9a9a9f41","bucket":"55a26b5f-124d-4b40-9363-cc2327399a40","bucketLayout":"LEGACY","gdprEnabled":null,"acls":"[user:runner:a[ACCESS], group:runner:rl[ACCESS]]","isVersionEnabled":"false","storageType":"DISK","creationTime":"1760698894746","bucketEncryptionKey":null,"modificationTime":"1760698894746","usedBytes":"0","usedNamespace":"0","snapshotUsedBytes":"0","snapshotUsedNamespace":"0","owner":"runner","replicationType":null,"replicationConfig":null,"quotaInBytes":"-1","quotaInNamespace":"-1","Transaction":"161"} | ret=SUCCESS |  
2025-10-17 11:01:34,749 | INFO  | OMAudit | user=runner | ip=127.0.0.1 | op=READ_BUCKET {"volume":"f7c094e6-bdda-46b5-86fd-6c9c9a9a9f41","bucket":"55a26b5f-124d-4b40-9363-cc2327399a40"} | ret=SUCCESS |  
2025-10-17 11:01:34,751 | INFO  | OMAudit | user=runner | ip=127.0.0.1 | op=READ_BUCKET {"volume":"f7c094e6-bdda-46b5-86fd-6c9c9a9a9f41","bucket":"55a26b5f-124d-4b40-9363-cc2327399a40"} | ret=SUCCESS |  
2025-10-17 11:01:34,751 | INFO  | SCMAudit | user=runner | ip=127.0.0.1 | op=ALLOCATE_BLOCK {"replication":"RATIS/ONE","owner":"omServiceIdDefault","size":"4194304","sampleBlocks":"[conID: 7 locID: 115816896921600055]","num":"1","client":"","allocated":"1"} | ret=SUCCESS |  
2025-10-17 11:01:34,755 | INFO  | OMAudit | user=runner | ip=127.0.0.1 | op=ALLOCATE_KEY {"volume":"f7c094e6-bdda-46b5-86fd-6c9c9a9a9f41","bucket":"55a26b5f-124d-4b40-9363-cc2327399a40","key":"rewriteFailsDueToOutdatedGenerationAtCommit","dataSize":"36","replicationType":"RATIS","replicationFactor":"ONE","Transaction":"162"} | ret=SUCCESS |  
2025-10-17 11:01:34,764 | INFO  | OMAudit | user=runner | ip=127.0.0.1 | op=COMMIT_KEY {"volume":"f7c094e6-bdda-46b5-86fd-6c9c9a9a9f41","bucket":"55a26b5f-124d-4b40-9363-cc2327399a40","key":"rewriteFailsDueToOutdatedGenerationAtCommit","dataSize":"36","replicationType":"RATIS","replicationFactor":"ONE","Transaction":"163"} | ret=SUCCESS |  
2025-10-17 11:01:34,765 | INFO  | OMAudit | user=runner | ip=127.0.0.1 | op=READ_KEY {"volume":"f7c094e6-bdda-46b5-86fd-6c9c9a9a9f41","bucket":"55a26b5f-124d-4b40-9363-cc2327399a40","key":"rewriteFailsDueToOutdatedGenerationAtCommit","owner":null,"dataSize":"0","replicationConfig":null} | ret=SUCCESS |  
2025-10-17 11:01:34,767 | INFO  | OMAudit | user=runner | ip=127.0.0.1 | op=READ_BUCKET {"volume":"f7c094e6-bdda-46b5-86fd-6c9c9a9a9f41","bucket":"55a26b5f-124d-4b40-9363-cc2327399a40"} | ret=SUCCESS |  
2025-10-17 11:01:34,767 | INFO  | SCMAudit | user=runner | ip=127.0.0.1 | op=ALLOCATE_BLOCK {"replication":"RATIS/ONE","owner":"omServiceIdDefault","size":"4194304","sampleBlocks":"[conID: 10 locID: 115816896921600056]","num":"1","client":"","allocated":"1"} | ret=SUCCESS |  
2025-10-17 11:01:34,770 | INFO  | OMAudit | user=runner | ip=127.0.0.1 | op=ALLOCATE_KEY {"volume":"f7c094e6-bdda-46b5-86fd-6c9c9a9a9f41","bucket":"55a26b5f-124d-4b40-9363-cc2327399a40","key":"rewriteFailsDueToOutdatedGenerationAtCommit","dataSize":"36","replicationType":"RATIS","replicationFactor":"ONE","rewriteGeneration":"163","Transaction":"164"} | ret=SUCCESS |  
2025-10-17 11:01:34,772 | INFO  | OMAudit | user=runner | ip=127.0.0.1 | op=READ_BUCKET {"volume":"f7c094e6-bdda-46b5-86fd-6c9c9a9a9f41","bucket":"55a26b5f-124d-4b40-9363-cc2327399a40"} | ret=SUCCESS |  
2025-10-17 11:01:34,773 | INFO  | SCMAudit | user=runner | ip=127.0.0.1 | op=ALLOCATE_BLOCK {"replication":"RATIS/ONE","owner":"omServiceIdDefault","size":"4194304","sampleBlocks":"[conID: 8 locID: 115816896921600057]","num":"1","client":"","allocated":"1"} | ret=SUCCESS |  
2025-10-17 11:01:34,776 | INFO  | OMAudit | user=runner | ip=127.0.0.1 | op=ALLOCATE_KEY {"volume":"f7c094e6-bdda-46b5-86fd-6c9c9a9a9f41","bucket":"55a26b5f-124d-4b40-9363-cc2327399a40","key":"rewriteFailsDueToOutdatedGenerationAtCommit","dataSize":"9","replicationType":"RATIS","replicationFactor":"ONE","Transaction":"165"} | ret=SUCCESS |  
2025-10-17 11:01:34,785 | INFO  | OMAudit | user=runner | ip=127.0.0.1 | op=COMMIT_KEY {"volume":"f7c094e6-bdda-46b5-86fd-6c9c9a9a9f41","bucket":"55a26b5f-124d-4b40-9363-cc2327399a40","key":"rewriteFailsDueToOutdatedGenerationAtCommit","dataSize":"9","replicationType":"RATIS","replicationFactor":"ONE","Transaction":"166"} | ret=SUCCESS |  
2025-10-17 11:01:34,787 | INFO  | OMAudit | user=runner | ip=127.0.0.1 | op=READ_KEY {"volume":"f7c094e6-bdda-46b5-86fd-6c9c9a9a9f41","bucket":"55a26b5f-124d-4b40-9363-cc2327399a40","key":"rewriteFailsDueToOutdatedGenerationAtCommit","owner":null,"dataSize":"0","replicationConfig":null} | ret=SUCCESS |  
2025-10-17 11:01:34,788 | INFO  | SCMAudit | user=runner | ip=127.0.0.1 | op=GET_CONTAINER_WITH_PIPELINE_BATCH {"containerIDs":"#8,"} | ret=SUCCESS |  
2025-10-17 11:01:34,789 | INFO  | OMAudit | user=null | ip= | op=READ_KEY {"volume":"f7c094e6-bdda-46b5-86fd-6c9c9a9a9f41","bucket":"55a26b5f-124d-4b40-9363-cc2327399a40","key":"rewriteFailsDueToOutdatedGenerationAtCommit","owner":null,"dataSize":"0","replicationConfig":null} | ret=SUCCESS |  
2025-10-17 11:01:34,795 [om1-OMStateMachineApplyTransactionThread - 0] ERROR key.OMKeyCommitRequest (OMKeyCommitRequest.java:processResult(486)) - Key committed failed. Volume:f7c094e6-bdda-46b5-86fd-6c9c9a9a9f41, Bucket:55a26b5f-124d-4b40-9363-cc2327399a40, Key:rewriteFailsDueToOutdatedGenerationAtCommit. Exception:{}
KEY_NOT_FOUND org.apache.hadoop.ozone.om.exceptions.OMException: Cannot commit as current generation (166) does not match the expected generation to rewrite (163)
	at org.apache.hadoop.ozone.om.request.key.OMKeyCommitRequest.validateAtomicRewrite(OMKeyCommitRequest.java:615)
	at org.apache.hadoop.ozone.om.request.key.OMKeyCommitRequest.validateAndUpdateCache(OMKeyCommitRequest.java:296)
	at org.apache.hadoop.ozone.protocolPB.OzoneManagerRequestHandler.lambda$0(OzoneManagerRequestHandler.java:418)
	at org.apache.hadoop.ozone.util.MetricUtil.captureLatencyNs(MetricUtil.java:45)
	at org.apache.hadoop.ozone.protocolPB.OzoneManagerRequestHandler.handleWriteRequestImpl(OzoneManagerRequestHandler.java:416)
	at org.apache.hadoop.ozone.protocolPB.RequestHandler.handleWriteRequest(RequestHandler.java:62)
	at org.apache.hadoop.ozone.om.ratis.OzoneManagerStateMachine.runCommand(OzoneManagerStateMachine.java:599)
	at org.apache.hadoop.ozone.om.ratis.OzoneManagerStateMachine.lambda$3(OzoneManagerStateMachine.java:415)
	at java.base/java.util.concurrent.CompletableFuture$AsyncSupply.run(CompletableFuture.java:1768)
	at java.base/java.util.concurrent.ThreadPoolExecutor.runWorker(ThreadPoolExecutor.java:1144)
	at java.base/java.util.concurrent.ThreadPoolExecutor$Worker.run(ThreadPoolExecutor.java:642)
	at java.base/java.lang.Thread.run(Thread.java:1583)
2025-10-17 11:01:34,796 | ERROR | OMAudit | user=runner | ip=127.0.0.1 | op=COMMIT_KEY {"volume":"f7c094e6-bdda-46b5-86fd-6c9c9a9a9f41","bucket":"55a26b5f-124d-4b40-9363-cc2327399a40","key":"rewriteFailsDueToOutdatedGenerationAtCommit","dataSize":"7","replicationType":"RATIS","replicationFactor":"ONE","rewriteGeneration":"163","Transaction":"167"} | ret=FAILURE | 
org.apache.hadoop.ozone.om.exceptions.OMException: Cannot commit as current generation (166) does not match the expected generation to rewrite (163)
	at org.apache.hadoop.ozone.om.request.key.OMKeyCommitRequest.validateAtomicRewrite(OMKeyCommitRequest.java:615)
	at org.apache.hadoop.ozone.om.request.key.OMKeyCommitRequest.validateAndUpdateCache(OMKeyCommitRequest.java:296)
 
2025-10-17 11:01:34,798 | INFO  | OMAudit | user=runner | ip=127.0.0.1 | op=READ_KEY {"volume":"f7c094e6-bdda-46b5-86fd-6c9c9a9a9f41","bucket":"55a26b5f-124d-4b40-9363-cc2327399a40","key":"rewriteFailsDueToOutdatedGenerationAtCommit","owner":null,"dataSize":"0","replicationConfig":null} | ret=SUCCESS |  
2025-10-17 11:01:34,799 | INFO  | OMAudit | user=runner | ip=127.0.0.1 | op=READ_KEY {"volume":"f7c094e6-bdda-46b5-86fd-6c9c9a9a9f41","bucket":"55a26b5f-124d-4b40-9363-cc2327399a40","key":"rewriteFailsDueToOutdatedGenerationAtCommit","owner":null,"dataSize":"0","replicationConfig":null} | ret=SUCCESS |  
2025-10-17 11:01:34,809 | INFO  | SCMAudit | user=runner | ip=127.0.0.1 | op=GET_CONTAINER_WITH_PIPELINE_BATCH {"containerIDs":"#8,"} | ret=SUCCESS |  
2025-10-17 11:01:34,809 | INFO  | OMAudit | user=null | ip= | op=READ_KEY {"volume":"f7c094e6-bdda-46b5-86fd-6c9c9a9a9f41","bucket":"55a26b5f-124d-4b40-9363-cc2327399a40","key":"rewriteFailsDueToOutdatedGenerationAtCommit","owner":null,"dataSize":"0","replicationConfig":null} | ret=SUCCESS |  
]]></system-out>
  </testcase>
  <testcase name="rewriteKey(BucketLayout)[1]" classname="org.apache.hadoop.ozone.client.rpc.TestSecureOzoneRpcClient" time="0.055">
    <system-out><![CDATA[2025-10-17 11:01:34,812 [ForkJoinPool-1-worker-1] INFO  rpc.RpcClient (RpcClient.java:createVolume(461)) - Creating Volume: ea5aa863-72bd-46a1-ab68-0a538d0c1c21, with runner as owner and space quota set to -1 bytes, counts quota set to -1
2025-10-17 11:01:34,814 [om1-OMStateMachineApplyTransactionThread - 0] INFO  volume.OMVolumeCreateRequest (OMVolumeCreateRequest.java:validateAndUpdateCache(213)) - created volume:ea5aa863-72bd-46a1-ab68-0a538d0c1c21 for user:runner
2025-10-17 11:01:34,815 | INFO  | OMAudit | user=runner | ip=127.0.0.1 | op=CREATE_VOLUME {"admin":"runner","owner":"runner","volume":"ea5aa863-72bd-46a1-ab68-0a538d0c1c21","creationTime":"1760698894813","modificationTime":"1760698894813","quotaInBytes":"-1","quotaInNamespace":"-1","usedNamespace":"0","objectID":"-9223372036854732800","updateID":"168","Transaction":"168"} | ret=SUCCESS |  
2025-10-17 11:01:34,816 | INFO  | OMAudit | user=runner | ip=127.0.0.1 | op=READ_VOLUME {"volume":"ea5aa863-72bd-46a1-ab68-0a538d0c1c21"} | ret=SUCCESS |  
2025-10-17 11:01:34,816 [ForkJoinPool-1-worker-1] INFO  rpc.RpcClient (RpcClient.java:createBucket(686)) - Creating Bucket: ea5aa863-72bd-46a1-ab68-0a538d0c1c21/e0156dbd-15aa-4e5f-82ff-fc457fa75e91, with bucket layout FILE_SYSTEM_OPTIMIZED, runner as owner, Versioning false, Storage Type set to DISK and Encryption set to false, Replication Type set to server-side default replication type, Namespace Quota set to -1, Space Quota set to -1 
2025-10-17 11:01:34,818 [om1-OMStateMachineApplyTransactionThread - 0] INFO  bucket.OMBucketCreateRequest (OMBucketCreateRequest.java:validateAndUpdateCache(303)) - created bucket: e0156dbd-15aa-4e5f-82ff-fc457fa75e91 of layout FILE_SYSTEM_OPTIMIZED in volume: ea5aa863-72bd-46a1-ab68-0a538d0c1c21
2025-10-17 11:01:34,818 | INFO  | OMAudit | user=runner | ip=127.0.0.1 | op=CREATE_BUCKET {"volume":"ea5aa863-72bd-46a1-ab68-0a538d0c1c21","bucket":"e0156dbd-15aa-4e5f-82ff-fc457fa75e91","bucketLayout":"FILE_SYSTEM_OPTIMIZED","gdprEnabled":null,"acls":"[user:runner:a[ACCESS], group:runner:rl[ACCESS]]","isVersionEnabled":"false","storageType":"DISK","creationTime":"1760698894817","bucketEncryptionKey":null,"modificationTime":"1760698894817","usedBytes":"0","usedNamespace":"0","snapshotUsedBytes":"0","snapshotUsedNamespace":"0","owner":"runner","replicationType":null,"replicationConfig":null,"quotaInBytes":"-1","quotaInNamespace":"-1","Transaction":"169"} | ret=SUCCESS |  
2025-10-17 11:01:34,819 | INFO  | OMAudit | user=runner | ip=127.0.0.1 | op=READ_BUCKET {"volume":"ea5aa863-72bd-46a1-ab68-0a538d0c1c21","bucket":"e0156dbd-15aa-4e5f-82ff-fc457fa75e91"} | ret=SUCCESS |  
2025-10-17 11:01:34,820 | INFO  | OMAudit | user=runner | ip=127.0.0.1 | op=READ_BUCKET {"volume":"ea5aa863-72bd-46a1-ab68-0a538d0c1c21","bucket":"e0156dbd-15aa-4e5f-82ff-fc457fa75e91"} | ret=SUCCESS |  
2025-10-17 11:01:34,821 | INFO  | SCMAudit | user=runner | ip=127.0.0.1 | op=ALLOCATE_BLOCK {"replication":"RATIS/ONE","owner":"omServiceIdDefault","size":"4194304","sampleBlocks":"[conID: 10 locID: 115816896921600058]","num":"1","client":"","allocated":"1"} | ret=SUCCESS |  
2025-10-17 11:01:34,823 | INFO  | OMAudit | user=runner | ip=127.0.0.1 | op=ALLOCATE_KEY {"volume":"ea5aa863-72bd-46a1-ab68-0a538d0c1c21","bucket":"e0156dbd-15aa-4e5f-82ff-fc457fa75e91","key":"rewriteKey","dataSize":"36","replicationType":"RATIS","replicationFactor":"ONE","Transaction":"170"} | ret=SUCCESS |  
2025-10-17 11:01:34,833 | INFO  | OMAudit | user=runner | ip=127.0.0.1 | op=COMMIT_KEY {"volume":"ea5aa863-72bd-46a1-ab68-0a538d0c1c21","bucket":"e0156dbd-15aa-4e5f-82ff-fc457fa75e91","key":"rewriteKey","dataSize":"36","replicationType":"RATIS","replicationFactor":"ONE","Transaction":"171"} | ret=SUCCESS |  
2025-10-17 11:01:34,835 | INFO  | OMAudit | user=runner | ip=127.0.0.1 | op=READ_KEY {"volume":"ea5aa863-72bd-46a1-ab68-0a538d0c1c21","bucket":"e0156dbd-15aa-4e5f-82ff-fc457fa75e91","key":"rewriteKey","owner":null,"dataSize":"0","replicationConfig":null} | ret=SUCCESS |  
2025-10-17 11:01:34,837 | INFO  | SCMAudit | user=runner | ip=127.0.0.1 | op=GET_CONTAINER_WITH_PIPELINE_BATCH {"containerIDs":"#10,"} | ret=SUCCESS |  
2025-10-17 11:01:34,838 | INFO  | OMAudit | user=null | ip= | op=READ_KEY {"volume":"ea5aa863-72bd-46a1-ab68-0a538d0c1c21","bucket":"e0156dbd-15aa-4e5f-82ff-fc457fa75e91","key":"rewriteKey","owner":null,"dataSize":"0","replicationConfig":null} | ret=SUCCESS |  
2025-10-17 11:01:34,839 | INFO  | OMAudit | user=runner | ip=127.0.0.1 | op=READ_BUCKET {"volume":"ea5aa863-72bd-46a1-ab68-0a538d0c1c21","bucket":"e0156dbd-15aa-4e5f-82ff-fc457fa75e91"} | ret=SUCCESS |  
2025-10-17 11:01:34,839 | INFO  | SCMAudit | user=runner | ip=127.0.0.1 | op=ALLOCATE_BLOCK {"replication":"RATIS/ONE","owner":"omServiceIdDefault","size":"4194304","sampleBlocks":"[conID: 6 locID: 115816896921600059]","num":"1","client":"","allocated":"1"} | ret=SUCCESS |  
2025-10-17 11:01:34,842 | INFO  | OMAudit | user=runner | ip=127.0.0.1 | op=ALLOCATE_KEY {"volume":"ea5aa863-72bd-46a1-ab68-0a538d0c1c21","bucket":"e0156dbd-15aa-4e5f-82ff-fc457fa75e91","key":"rewriteKey","dataSize":"36","replicationType":"RATIS","replicationFactor":"ONE","rewriteGeneration":"171","Transaction":"172"} | ret=SUCCESS |  
2025-10-17 11:01:34,852 | INFO  | OMAudit | user=runner | ip=127.0.0.1 | op=COMMIT_KEY {"volume":"ea5aa863-72bd-46a1-ab68-0a538d0c1c21","bucket":"e0156dbd-15aa-4e5f-82ff-fc457fa75e91","key":"rewriteKey","dataSize":"13","replicationType":"RATIS","replicationFactor":"ONE","rewriteGeneration":"171","Transaction":"173"} | ret=SUCCESS |  
2025-10-17 11:01:34,854 | INFO  | OMAudit | user=runner | ip=127.0.0.1 | op=READ_KEY {"volume":"ea5aa863-72bd-46a1-ab68-0a538d0c1c21","bucket":"e0156dbd-15aa-4e5f-82ff-fc457fa75e91","key":"rewriteKey","owner":null,"dataSize":"0","replicationConfig":null} | ret=SUCCESS |  
2025-10-17 11:01:34,856 | INFO  | OMAudit | user=runner | ip=127.0.0.1 | op=READ_KEY {"volume":"ea5aa863-72bd-46a1-ab68-0a538d0c1c21","bucket":"e0156dbd-15aa-4e5f-82ff-fc457fa75e91","key":"rewriteKey","owner":null,"dataSize":"0","replicationConfig":null} | ret=SUCCESS |  
2025-10-17 11:01:34,858 | INFO  | SCMAudit | user=runner | ip=127.0.0.1 | op=SEND_HEARTBEAT {"datanodeUUID":"3a11eef6-a527-493c-8ba3-ae39ecaefa56","term":"2","command":"[]"} | ret=SUCCESS |  
2025-10-17 11:01:34,865 | INFO  | SCMAudit | user=runner | ip=127.0.0.1 | op=GET_CONTAINER_WITH_PIPELINE_BATCH {"containerIDs":"#6,"} | ret=SUCCESS |  
2025-10-17 11:01:34,865 | INFO  | OMAudit | user=null | ip= | op=READ_KEY {"volume":"ea5aa863-72bd-46a1-ab68-0a538d0c1c21","bucket":"e0156dbd-15aa-4e5f-82ff-fc457fa75e91","key":"rewriteKey","owner":null,"dataSize":"0","replicationConfig":null} | ret=SUCCESS |  
]]></system-out>
  </testcase>
  <testcase name="rewriteKey(BucketLayout)[2]" classname="org.apache.hadoop.ozone.client.rpc.TestSecureOzoneRpcClient" time="0.049">
    <system-out><![CDATA[2025-10-17 11:01:34,868 [ForkJoinPool-1-worker-1] INFO  rpc.RpcClient (RpcClient.java:createVolume(461)) - Creating Volume: 81815052-5742-40bf-a70f-e295420eaba8, with runner as owner and space quota set to -1 bytes, counts quota set to -1
2025-10-17 11:01:34,869 [om1-OMStateMachineApplyTransactionThread - 0] INFO  volume.OMVolumeCreateRequest (OMVolumeCreateRequest.java:validateAndUpdateCache(213)) - created volume:81815052-5742-40bf-a70f-e295420eaba8 for user:runner
2025-10-17 11:01:34,870 | INFO  | OMAudit | user=runner | ip=127.0.0.1 | op=CREATE_VOLUME {"admin":"runner","owner":"runner","volume":"81815052-5742-40bf-a70f-e295420eaba8","creationTime":"1760698894868","modificationTime":"1760698894868","quotaInBytes":"-1","quotaInNamespace":"-1","usedNamespace":"0","objectID":"-9223372036854731264","updateID":"174","Transaction":"174"} | ret=SUCCESS |  
2025-10-17 11:01:34,872 | INFO  | OMAudit | user=runner | ip=127.0.0.1 | op=READ_VOLUME {"volume":"81815052-5742-40bf-a70f-e295420eaba8"} | ret=SUCCESS |  
2025-10-17 11:01:34,872 [ForkJoinPool-1-worker-1] INFO  rpc.RpcClient (RpcClient.java:createBucket(686)) - Creating Bucket: 81815052-5742-40bf-a70f-e295420eaba8/bffa0af7-cc59-429f-946d-1d3442dfeb60, with bucket layout OBJECT_STORE, runner as owner, Versioning false, Storage Type set to DISK and Encryption set to false, Replication Type set to server-side default replication type, Namespace Quota set to -1, Space Quota set to -1 
2025-10-17 11:01:34,875 [om1-OMStateMachineApplyTransactionThread - 0] INFO  bucket.OMBucketCreateRequest (OMBucketCreateRequest.java:validateAndUpdateCache(303)) - created bucket: bffa0af7-cc59-429f-946d-1d3442dfeb60 of layout OBJECT_STORE in volume: 81815052-5742-40bf-a70f-e295420eaba8
2025-10-17 11:01:34,875 | INFO  | OMAudit | user=runner | ip=127.0.0.1 | op=CREATE_BUCKET {"volume":"81815052-5742-40bf-a70f-e295420eaba8","bucket":"bffa0af7-cc59-429f-946d-1d3442dfeb60","bucketLayout":"OBJECT_STORE","gdprEnabled":null,"acls":"[user:runner:a[ACCESS], group:runner:rl[ACCESS]]","isVersionEnabled":"false","storageType":"DISK","creationTime":"1760698894874","bucketEncryptionKey":null,"modificationTime":"1760698894874","usedBytes":"0","usedNamespace":"0","snapshotUsedBytes":"0","snapshotUsedNamespace":"0","owner":"runner","replicationType":null,"replicationConfig":null,"quotaInBytes":"-1","quotaInNamespace":"-1","Transaction":"175"} | ret=SUCCESS |  
2025-10-17 11:01:34,876 | INFO  | OMAudit | user=runner | ip=127.0.0.1 | op=READ_BUCKET {"volume":"81815052-5742-40bf-a70f-e295420eaba8","bucket":"bffa0af7-cc59-429f-946d-1d3442dfeb60"} | ret=SUCCESS |  
2025-10-17 11:01:34,878 | INFO  | OMAudit | user=runner | ip=127.0.0.1 | op=READ_BUCKET {"volume":"81815052-5742-40bf-a70f-e295420eaba8","bucket":"bffa0af7-cc59-429f-946d-1d3442dfeb60"} | ret=SUCCESS |  
2025-10-17 11:01:34,878 | INFO  | SCMAudit | user=runner | ip=127.0.0.1 | op=ALLOCATE_BLOCK {"replication":"RATIS/ONE","owner":"omServiceIdDefault","size":"4194304","sampleBlocks":"[conID: 13 locID: 115816896921600060]","num":"1","client":"","allocated":"1"} | ret=SUCCESS |  
2025-10-17 11:01:34,881 | INFO  | OMAudit | user=runner | ip=127.0.0.1 | op=ALLOCATE_KEY {"volume":"81815052-5742-40bf-a70f-e295420eaba8","bucket":"bffa0af7-cc59-429f-946d-1d3442dfeb60","key":"rewriteKey","dataSize":"36","replicationType":"RATIS","replicationFactor":"ONE","Transaction":"176"} | ret=SUCCESS |  
2025-10-17 11:01:34,888 | INFO  | OMAudit | user=runner | ip=127.0.0.1 | op=COMMIT_KEY {"volume":"81815052-5742-40bf-a70f-e295420eaba8","bucket":"bffa0af7-cc59-429f-946d-1d3442dfeb60","key":"rewriteKey","dataSize":"36","replicationType":"RATIS","replicationFactor":"ONE","Transaction":"177"} | ret=SUCCESS |  
2025-10-17 11:01:34,890 | INFO  | OMAudit | user=runner | ip=127.0.0.1 | op=READ_KEY {"volume":"81815052-5742-40bf-a70f-e295420eaba8","bucket":"bffa0af7-cc59-429f-946d-1d3442dfeb60","key":"rewriteKey","owner":null,"dataSize":"0","replicationConfig":null} | ret=SUCCESS |  
2025-10-17 11:01:34,891 | INFO  | SCMAudit | user=runner | ip=127.0.0.1 | op=GET_CONTAINER_WITH_PIPELINE_BATCH {"containerIDs":"#13,"} | ret=SUCCESS |  
2025-10-17 11:01:34,892 | INFO  | OMAudit | user=null | ip= | op=READ_KEY {"volume":"81815052-5742-40bf-a70f-e295420eaba8","bucket":"bffa0af7-cc59-429f-946d-1d3442dfeb60","key":"rewriteKey","owner":null,"dataSize":"0","replicationConfig":null} | ret=SUCCESS |  
2025-10-17 11:01:34,893 | INFO  | OMAudit | user=runner | ip=127.0.0.1 | op=READ_BUCKET {"volume":"81815052-5742-40bf-a70f-e295420eaba8","bucket":"bffa0af7-cc59-429f-946d-1d3442dfeb60"} | ret=SUCCESS |  
2025-10-17 11:01:34,893 | INFO  | SCMAudit | user=runner | ip=127.0.0.1 | op=ALLOCATE_BLOCK {"replication":"RATIS/ONE","owner":"omServiceIdDefault","size":"4194304","sampleBlocks":"[conID: 1 locID: 115816896921600061]","num":"1","client":"","allocated":"1"} | ret=SUCCESS |  
2025-10-17 11:01:34,895 | INFO  | OMAudit | user=runner | ip=127.0.0.1 | op=ALLOCATE_KEY {"volume":"81815052-5742-40bf-a70f-e295420eaba8","bucket":"bffa0af7-cc59-429f-946d-1d3442dfeb60","key":"rewriteKey","dataSize":"36","replicationType":"RATIS","replicationFactor":"ONE","rewriteGeneration":"177","Transaction":"178"} | ret=SUCCESS |  
2025-10-17 11:01:34,904 | INFO  | OMAudit | user=runner | ip=127.0.0.1 | op=COMMIT_KEY {"volume":"81815052-5742-40bf-a70f-e295420eaba8","bucket":"bffa0af7-cc59-429f-946d-1d3442dfeb60","key":"rewriteKey","dataSize":"13","replicationType":"RATIS","replicationFactor":"ONE","rewriteGeneration":"177","Transaction":"179"} | ret=SUCCESS |  
2025-10-17 11:01:34,906 | INFO  | OMAudit | user=runner | ip=127.0.0.1 | op=READ_KEY {"volume":"81815052-5742-40bf-a70f-e295420eaba8","bucket":"bffa0af7-cc59-429f-946d-1d3442dfeb60","key":"rewriteKey","owner":null,"dataSize":"0","replicationConfig":null} | ret=SUCCESS |  
2025-10-17 11:01:34,908 | INFO  | OMAudit | user=runner | ip=127.0.0.1 | op=READ_KEY {"volume":"81815052-5742-40bf-a70f-e295420eaba8","bucket":"bffa0af7-cc59-429f-946d-1d3442dfeb60","key":"rewriteKey","owner":null,"dataSize":"0","replicationConfig":null} | ret=SUCCESS |  
2025-10-17 11:01:34,915 | INFO  | SCMAudit | user=runner | ip=127.0.0.1 | op=GET_CONTAINER_WITH_PIPELINE_BATCH {"containerIDs":"#1,"} | ret=SUCCESS |  
2025-10-17 11:01:34,916 | INFO  | OMAudit | user=null | ip= | op=READ_KEY {"volume":"81815052-5742-40bf-a70f-e295420eaba8","bucket":"bffa0af7-cc59-429f-946d-1d3442dfeb60","key":"rewriteKey","owner":null,"dataSize":"0","replicationConfig":null} | ret=SUCCESS |  
]]></system-out>
  </testcase>
  <testcase name="rewriteKey(BucketLayout)[3]" classname="org.apache.hadoop.ozone.client.rpc.TestSecureOzoneRpcClient" time="0.046">
    <system-out><![CDATA[2025-10-17 11:01:34,917 | INFO  | SCMAudit | user=runner | ip=127.0.0.1 | op=SEND_HEARTBEAT {"datanodeUUID":"50dccd39-549f-4f43-8b1f-597bf98f9c16","term":"2","command":"[]"} | ret=SUCCESS |  
2025-10-17 11:01:34,918 [ForkJoinPool-1-worker-1] INFO  rpc.RpcClient (RpcClient.java:createVolume(461)) - Creating Volume: bedd08ae-21b0-419a-a65b-77a9c196f0d7, with runner as owner and space quota set to -1 bytes, counts quota set to -1
2025-10-17 11:01:34,919 [om1-OMStateMachineApplyTransactionThread - 0] INFO  volume.OMVolumeCreateRequest (OMVolumeCreateRequest.java:validateAndUpdateCache(213)) - created volume:bedd08ae-21b0-419a-a65b-77a9c196f0d7 for user:runner
2025-10-17 11:01:34,920 | INFO  | OMAudit | user=runner | ip=127.0.0.1 | op=CREATE_VOLUME {"admin":"runner","owner":"runner","volume":"bedd08ae-21b0-419a-a65b-77a9c196f0d7","creationTime":"1760698894918","modificationTime":"1760698894918","quotaInBytes":"-1","quotaInNamespace":"-1","usedNamespace":"0","objectID":"-9223372036854729728","updateID":"180","Transaction":"180"} | ret=SUCCESS |  
2025-10-17 11:01:34,921 | INFO  | OMAudit | user=runner | ip=127.0.0.1 | op=READ_VOLUME {"volume":"bedd08ae-21b0-419a-a65b-77a9c196f0d7"} | ret=SUCCESS |  
2025-10-17 11:01:34,921 [ForkJoinPool-1-worker-1] INFO  rpc.RpcClient (RpcClient.java:createBucket(686)) - Creating Bucket: bedd08ae-21b0-419a-a65b-77a9c196f0d7/d91ea910-1b63-4091-b43e-ca5929b72087, with bucket layout LEGACY, runner as owner, Versioning false, Storage Type set to DISK and Encryption set to false, Replication Type set to server-side default replication type, Namespace Quota set to -1, Space Quota set to -1 
2025-10-17 11:01:34,923 [om1-OMStateMachineApplyTransactionThread - 0] INFO  bucket.OMBucketCreateRequest (OMBucketCreateRequest.java:validateAndUpdateCache(303)) - created bucket: d91ea910-1b63-4091-b43e-ca5929b72087 of layout LEGACY in volume: bedd08ae-21b0-419a-a65b-77a9c196f0d7
2025-10-17 11:01:34,923 | INFO  | OMAudit | user=runner | ip=127.0.0.1 | op=CREATE_BUCKET {"volume":"bedd08ae-21b0-419a-a65b-77a9c196f0d7","bucket":"d91ea910-1b63-4091-b43e-ca5929b72087","bucketLayout":"LEGACY","gdprEnabled":null,"acls":"[user:runner:a[ACCESS], group:runner:rl[ACCESS]]","isVersionEnabled":"false","storageType":"DISK","creationTime":"1760698894922","bucketEncryptionKey":null,"modificationTime":"1760698894922","usedBytes":"0","usedNamespace":"0","snapshotUsedBytes":"0","snapshotUsedNamespace":"0","owner":"runner","replicationType":null,"replicationConfig":null,"quotaInBytes":"-1","quotaInNamespace":"-1","Transaction":"181"} | ret=SUCCESS |  
2025-10-17 11:01:34,924 | INFO  | OMAudit | user=runner | ip=127.0.0.1 | op=READ_BUCKET {"volume":"bedd08ae-21b0-419a-a65b-77a9c196f0d7","bucket":"d91ea910-1b63-4091-b43e-ca5929b72087"} | ret=SUCCESS |  
2025-10-17 11:01:34,925 | INFO  | OMAudit | user=runner | ip=127.0.0.1 | op=READ_BUCKET {"volume":"bedd08ae-21b0-419a-a65b-77a9c196f0d7","bucket":"d91ea910-1b63-4091-b43e-ca5929b72087"} | ret=SUCCESS |  
2025-10-17 11:01:34,926 | INFO  | SCMAudit | user=runner | ip=127.0.0.1 | op=ALLOCATE_BLOCK {"replication":"RATIS/ONE","owner":"omServiceIdDefault","size":"4194304","sampleBlocks":"[conID: 7 locID: 115816896921600062]","num":"1","client":"","allocated":"1"} | ret=SUCCESS |  
2025-10-17 11:01:34,928 | INFO  | OMAudit | user=runner | ip=127.0.0.1 | op=ALLOCATE_KEY {"volume":"bedd08ae-21b0-419a-a65b-77a9c196f0d7","bucket":"d91ea910-1b63-4091-b43e-ca5929b72087","key":"rewriteKey","dataSize":"36","replicationType":"RATIS","replicationFactor":"ONE","Transaction":"182"} | ret=SUCCESS |  
2025-10-17 11:01:34,937 | INFO  | OMAudit | user=runner | ip=127.0.0.1 | op=COMMIT_KEY {"volume":"bedd08ae-21b0-419a-a65b-77a9c196f0d7","bucket":"d91ea910-1b63-4091-b43e-ca5929b72087","key":"rewriteKey","dataSize":"36","replicationType":"RATIS","replicationFactor":"ONE","Transaction":"183"} | ret=SUCCESS |  
2025-10-17 11:01:34,938 | INFO  | OMAudit | user=runner | ip=127.0.0.1 | op=READ_KEY {"volume":"bedd08ae-21b0-419a-a65b-77a9c196f0d7","bucket":"d91ea910-1b63-4091-b43e-ca5929b72087","key":"rewriteKey","owner":null,"dataSize":"0","replicationConfig":null} | ret=SUCCESS |  
2025-10-17 11:01:34,940 | INFO  | SCMAudit | user=runner | ip=127.0.0.1 | op=GET_CONTAINER_WITH_PIPELINE_BATCH {"containerIDs":"#7,"} | ret=SUCCESS |  
2025-10-17 11:01:34,941 | INFO  | OMAudit | user=null | ip= | op=READ_KEY {"volume":"bedd08ae-21b0-419a-a65b-77a9c196f0d7","bucket":"d91ea910-1b63-4091-b43e-ca5929b72087","key":"rewriteKey","owner":null,"dataSize":"0","replicationConfig":null} | ret=SUCCESS |  
2025-10-17 11:01:34,942 | INFO  | OMAudit | user=runner | ip=127.0.0.1 | op=READ_BUCKET {"volume":"bedd08ae-21b0-419a-a65b-77a9c196f0d7","bucket":"d91ea910-1b63-4091-b43e-ca5929b72087"} | ret=SUCCESS |  
2025-10-17 11:01:34,942 | INFO  | SCMAudit | user=runner | ip=127.0.0.1 | op=ALLOCATE_BLOCK {"replication":"RATIS/ONE","owner":"omServiceIdDefault","size":"4194304","sampleBlocks":"[conID: 6 locID: 115816896921600063]","num":"1","client":"","allocated":"1"} | ret=SUCCESS |  
2025-10-17 11:01:34,944 | INFO  | OMAudit | user=runner | ip=127.0.0.1 | op=ALLOCATE_KEY {"volume":"bedd08ae-21b0-419a-a65b-77a9c196f0d7","bucket":"d91ea910-1b63-4091-b43e-ca5929b72087","key":"rewriteKey","dataSize":"36","replicationType":"RATIS","replicationFactor":"ONE","rewriteGeneration":"183","Transaction":"184"} | ret=SUCCESS |  
2025-10-17 11:01:34,952 | INFO  | OMAudit | user=runner | ip=127.0.0.1 | op=COMMIT_KEY {"volume":"bedd08ae-21b0-419a-a65b-77a9c196f0d7","bucket":"d91ea910-1b63-4091-b43e-ca5929b72087","key":"rewriteKey","dataSize":"13","replicationType":"RATIS","replicationFactor":"ONE","rewriteGeneration":"183","Transaction":"185"} | ret=SUCCESS |  
2025-10-17 11:01:34,954 | INFO  | OMAudit | user=runner | ip=127.0.0.1 | op=READ_KEY {"volume":"bedd08ae-21b0-419a-a65b-77a9c196f0d7","bucket":"d91ea910-1b63-4091-b43e-ca5929b72087","key":"rewriteKey","owner":null,"dataSize":"0","replicationConfig":null} | ret=SUCCESS |  
2025-10-17 11:01:34,956 | INFO  | OMAudit | user=runner | ip=127.0.0.1 | op=READ_KEY {"volume":"bedd08ae-21b0-419a-a65b-77a9c196f0d7","bucket":"d91ea910-1b63-4091-b43e-ca5929b72087","key":"rewriteKey","owner":null,"dataSize":"0","replicationConfig":null} | ret=SUCCESS |  
2025-10-17 11:01:34,962 | INFO  | SCMAudit | user=runner | ip=127.0.0.1 | op=GET_CONTAINER_WITH_PIPELINE_BATCH {"containerIDs":"#6,"} | ret=SUCCESS |  
2025-10-17 11:01:34,962 | INFO  | OMAudit | user=null | ip= | op=READ_KEY {"volume":"bedd08ae-21b0-419a-a65b-77a9c196f0d7","bucket":"d91ea910-1b63-4091-b43e-ca5929b72087","key":"rewriteKey","owner":null,"dataSize":"0","replicationConfig":null} | ret=SUCCESS |  
]]></system-out>
  </testcase>
  <testcase name="testAbortUploadFail" classname="org.apache.hadoop.ozone.client.rpc.TestSecureOzoneRpcClient" time="0.015">
    <system-out><![CDATA[2025-10-17 11:01:34,964 [ForkJoinPool-1-worker-1] INFO  rpc.RpcClient (RpcClient.java:createVolume(461)) - Creating Volume: 99a24268-2006-46c9-9b40-343f557cd7a6, with runner as owner and space quota set to -1 bytes, counts quota set to -1
2025-10-17 11:01:34,965 | INFO  | SCMAudit | user=runner | ip=127.0.0.1 | op=SEND_HEARTBEAT {"datanodeUUID":"309ab1ff-9f5a-4058-8b2f-94d451ce5267","term":"2","command":"[]"} | ret=SUCCESS |  
2025-10-17 11:01:34,966 [om1-OMStateMachineApplyTransactionThread - 0] INFO  volume.OMVolumeCreateRequest (OMVolumeCreateRequest.java:validateAndUpdateCache(213)) - created volume:99a24268-2006-46c9-9b40-343f557cd7a6 for user:runner
2025-10-17 11:01:34,966 | INFO  | OMAudit | user=runner | ip=127.0.0.1 | op=CREATE_VOLUME {"admin":"runner","owner":"runner","volume":"99a24268-2006-46c9-9b40-343f557cd7a6","creationTime":"1760698894965","modificationTime":"1760698894965","quotaInBytes":"-1","quotaInNamespace":"-1","usedNamespace":"0","objectID":"-9223372036854728192","updateID":"186","Transaction":"186"} | ret=SUCCESS |  
2025-10-17 11:01:34,967 | INFO  | OMAudit | user=runner | ip=127.0.0.1 | op=READ_VOLUME {"volume":"99a24268-2006-46c9-9b40-343f557cd7a6"} | ret=SUCCESS |  
2025-10-17 11:01:34,968 [ForkJoinPool-1-worker-1] INFO  rpc.RpcClient (RpcClient.java:createBucket(686)) - Creating Bucket: 99a24268-2006-46c9-9b40-343f557cd7a6/e513668c-47f0-4cea-ac43-35dc54b55c14, with server-side default bucket layout, runner as owner, Versioning false, Storage Type set to DISK and Encryption set to false, Replication Type set to server-side default replication type, Namespace Quota set to -1, Space Quota set to -1 
2025-10-17 11:01:34,969 [om1-OMStateMachineApplyTransactionThread - 0] INFO  bucket.OMBucketCreateRequest (OMBucketCreateRequest.java:validateAndUpdateCache(303)) - created bucket: e513668c-47f0-4cea-ac43-35dc54b55c14 of layout FILE_SYSTEM_OPTIMIZED in volume: 99a24268-2006-46c9-9b40-343f557cd7a6
2025-10-17 11:01:34,969 | INFO  | OMAudit | user=runner | ip=127.0.0.1 | op=CREATE_BUCKET {"volume":"99a24268-2006-46c9-9b40-343f557cd7a6","bucket":"e513668c-47f0-4cea-ac43-35dc54b55c14","bucketLayout":"FILE_SYSTEM_OPTIMIZED","gdprEnabled":null,"acls":"[user:runner:a[ACCESS], group:runner:rl[ACCESS]]","isVersionEnabled":"false","storageType":"DISK","creationTime":"1760698894968","bucketEncryptionKey":null,"modificationTime":"1760698894968","usedBytes":"0","usedNamespace":"0","snapshotUsedBytes":"0","snapshotUsedNamespace":"0","owner":"runner","replicationType":null,"replicationConfig":null,"quotaInBytes":"-1","quotaInNamespace":"-1","Transaction":"187"} | ret=SUCCESS |  
2025-10-17 11:01:34,971 | INFO  | OMAudit | user=runner | ip=127.0.0.1 | op=READ_BUCKET {"volume":"99a24268-2006-46c9-9b40-343f557cd7a6","bucket":"e513668c-47f0-4cea-ac43-35dc54b55c14"} | ret=SUCCESS |  
2025-10-17 11:01:34,977 [om1-OMStateMachineApplyTransactionThread - 0] ERROR multipart.S3MultipartUploadAbortRequest (S3MultipartUploadAbortRequest.java:validateAndUpdateCache(216)) - Abort Multipart request is failed for KeyName 7fd76efb-0533-46d4-9671-59a6971d1a07 in VolumeName/Bucket 99a24268-2006-46c9-9b40-343f557cd7a6/e513668c-47f0-4cea-ac43-35dc54b55c14
NO_SUCH_MULTIPART_UPLOAD_ERROR org.apache.hadoop.ozone.om.exceptions.OMException: Abort Multipart Upload Failed: volume: 99a24268-2006-46c9-9b40-343f557cd7a6bucket: e513668c-47f0-4cea-ac43-35dc54b55c14key: 7fd76efb-0533-46d4-9671-59a6971d1a07
	at org.apache.hadoop.ozone.om.request.s3.multipart.S3MultipartUploadAbortRequest.validateAndUpdateCache(S3MultipartUploadAbortRequest.java:156)
	at org.apache.hadoop.ozone.protocolPB.OzoneManagerRequestHandler.lambda$0(OzoneManagerRequestHandler.java:418)
	at org.apache.hadoop.ozone.util.MetricUtil.captureLatencyNs(MetricUtil.java:45)
	at org.apache.hadoop.ozone.protocolPB.OzoneManagerRequestHandler.handleWriteRequestImpl(OzoneManagerRequestHandler.java:416)
	at org.apache.hadoop.ozone.protocolPB.RequestHandler.handleWriteRequest(RequestHandler.java:62)
	at org.apache.hadoop.ozone.om.ratis.OzoneManagerStateMachine.runCommand(OzoneManagerStateMachine.java:599)
	at org.apache.hadoop.ozone.om.ratis.OzoneManagerStateMachine.lambda$3(OzoneManagerStateMachine.java:415)
	at java.base/java.util.concurrent.CompletableFuture$AsyncSupply.run(CompletableFuture.java:1768)
	at java.base/java.util.concurrent.ThreadPoolExecutor.runWorker(ThreadPoolExecutor.java:1144)
	at java.base/java.util.concurrent.ThreadPoolExecutor$Worker.run(ThreadPoolExecutor.java:642)
	at java.base/java.lang.Thread.run(Thread.java:1583)
2025-10-17 11:01:34,978 | ERROR | OMAudit | user=runner | ip=127.0.0.1 | op=ABORT_MULTIPART_UPLOAD {"volume":"99a24268-2006-46c9-9b40-343f557cd7a6","bucket":"e513668c-47f0-4cea-ac43-35dc54b55c14","key":"7fd76efb-0533-46d4-9671-59a6971d1a07","dataSize":"0","uploadID":"random","Transaction":"188"} | ret=FAILURE | 
org.apache.hadoop.ozone.om.exceptions.OMException: Abort Multipart Upload Failed: volume: 99a24268-2006-46c9-9b40-343f557cd7a6bucket: e513668c-47f0-4cea-ac43-35dc54b55c14key: 7fd76efb-0533-46d4-9671-59a6971d1a07
	at org.apache.hadoop.ozone.om.request.s3.multipart.S3MultipartUploadAbortRequest.validateAndUpdateCache(S3MultipartUploadAbortRequest.java:156)
	at org.apache.hadoop.ozone.protocolPB.OzoneManagerRequestHandler.lambda$0(OzoneManagerRequestHandler.java:418)
 
]]></system-out>
  </testcase>
  <testcase name="testAbortUploadFailWithInProgressPartUpload" classname="org.apache.hadoop.ozone.client.rpc.TestSecureOzoneRpcClient" time="0.046">
    <system-out><![CDATA[2025-10-17 11:01:34,980 [ForkJoinPool-1-worker-1] INFO  rpc.RpcClient (RpcClient.java:createVolume(461)) - Creating Volume: 9677800f-6d41-4d22-a054-02bcf0d7cbdc, with runner as owner and space quota set to -1 bytes, counts quota set to -1
2025-10-17 11:01:34,981 [om1-OMStateMachineApplyTransactionThread - 0] INFO  volume.OMVolumeCreateRequest (OMVolumeCreateRequest.java:validateAndUpdateCache(213)) - created volume:9677800f-6d41-4d22-a054-02bcf0d7cbdc for user:runner
2025-10-17 11:01:34,981 | INFO  | OMAudit | user=runner | ip=127.0.0.1 | op=CREATE_VOLUME {"admin":"runner","owner":"runner","volume":"9677800f-6d41-4d22-a054-02bcf0d7cbdc","creationTime":"1760698894980","modificationTime":"1760698894980","quotaInBytes":"-1","quotaInNamespace":"-1","usedNamespace":"0","objectID":"-9223372036854727424","updateID":"189","Transaction":"189"} | ret=SUCCESS |  
2025-10-17 11:01:34,982 | INFO  | OMAudit | user=runner | ip=127.0.0.1 | op=READ_VOLUME {"volume":"9677800f-6d41-4d22-a054-02bcf0d7cbdc"} | ret=SUCCESS |  
2025-10-17 11:01:34,983 [ForkJoinPool-1-worker-1] INFO  rpc.RpcClient (RpcClient.java:createBucket(686)) - Creating Bucket: 9677800f-6d41-4d22-a054-02bcf0d7cbdc/fa370d28-6990-43a2-b8f0-3fccafdcd7f5, with server-side default bucket layout, runner as owner, Versioning false, Storage Type set to DISK and Encryption set to false, Replication Type set to server-side default replication type, Namespace Quota set to -1, Space Quota set to -1 
2025-10-17 11:01:34,985 [om1-OMStateMachineApplyTransactionThread - 0] INFO  bucket.OMBucketCreateRequest (OMBucketCreateRequest.java:validateAndUpdateCache(303)) - created bucket: fa370d28-6990-43a2-b8f0-3fccafdcd7f5 of layout FILE_SYSTEM_OPTIMIZED in volume: 9677800f-6d41-4d22-a054-02bcf0d7cbdc
2025-10-17 11:01:34,985 | INFO  | OMAudit | user=runner | ip=127.0.0.1 | op=CREATE_BUCKET {"volume":"9677800f-6d41-4d22-a054-02bcf0d7cbdc","bucket":"fa370d28-6990-43a2-b8f0-3fccafdcd7f5","bucketLayout":"FILE_SYSTEM_OPTIMIZED","gdprEnabled":null,"acls":"[user:runner:a[ACCESS], group:runner:rl[ACCESS]]","isVersionEnabled":"false","storageType":"DISK","creationTime":"1760698894984","bucketEncryptionKey":null,"modificationTime":"1760698894984","usedBytes":"0","usedNamespace":"0","snapshotUsedBytes":"0","snapshotUsedNamespace":"0","owner":"runner","replicationType":null,"replicationConfig":null,"quotaInBytes":"-1","quotaInNamespace":"-1","Transaction":"190"} | ret=SUCCESS |  
2025-10-17 11:01:34,986 | INFO  | OMAudit | user=runner | ip=127.0.0.1 | op=READ_BUCKET {"volume":"9677800f-6d41-4d22-a054-02bcf0d7cbdc","bucket":"fa370d28-6990-43a2-b8f0-3fccafdcd7f5"} | ret=SUCCESS |  
2025-10-17 11:01:34,994 | INFO  | OMAudit | user=runner | ip=127.0.0.1 | op=INITIATE_MULTIPART_UPLOAD {"volume":"9677800f-6d41-4d22-a054-02bcf0d7cbdc","bucket":"fa370d28-6990-43a2-b8f0-3fccafdcd7f5","key":"7c1cce88-242b-4259-813c-09ec711f913b","dataSize":"0","replicationType":"RATIS","replicationFactor":"ONE","uploadID":"0199f1d5-0a8f-7927-9945-1ff027e8b2a4-115389162782130240","Transaction":"191"} | ret=SUCCESS |  
2025-10-17 11:01:34,998 | INFO  | OMAudit | user=runner | ip=127.0.0.1 | op=ALLOCATE_KEY {"volume":"9677800f-6d41-4d22-a054-02bcf0d7cbdc","bucket":"fa370d28-6990-43a2-b8f0-3fccafdcd7f5","key":"7c1cce88-242b-4259-813c-09ec711f913b","dataSize":"4","Transaction":"192"} | ret=SUCCESS |  
2025-10-17 11:01:35,004 | INFO  | SCMAudit | user=runner | ip=127.0.0.1 | op=ALLOCATE_BLOCK {"replication":"RATIS/ONE","owner":"omServiceIdDefault","size":"4194304","sampleBlocks":"[conID: 12 locID: 115816896921600064]","num":"1","client":"","allocated":"1"} | ret=SUCCESS |  
2025-10-17 11:01:35,007 | INFO  | OMAudit | user=runner | ip=127.0.0.1 | op=ALLOCATE_BLOCK {"volume":"9677800f-6d41-4d22-a054-02bcf0d7cbdc","bucket":"fa370d28-6990-43a2-b8f0-3fccafdcd7f5","key":"7c1cce88-242b-4259-813c-09ec711f913b","dataSize":"4","replicationType":"RATIS","replicationFactor":"ONE","clientID":"115389162782523457","Transaction":"193"} | ret=SUCCESS |  
2025-10-17 11:01:35,011 | INFO  | OMAudit | user=runner | ip=127.0.0.1 | op=ABORT_MULTIPART_UPLOAD {"volume":"9677800f-6d41-4d22-a054-02bcf0d7cbdc","bucket":"fa370d28-6990-43a2-b8f0-3fccafdcd7f5","key":"7c1cce88-242b-4259-813c-09ec711f913b","dataSize":"0","uploadID":"0199f1d5-0a8f-7927-9945-1ff027e8b2a4-115389162782130240","Transaction":"194"} | ret=SUCCESS |  
2025-10-17 11:01:35,014 | INFO  | SCMAudit | user=runner | ip=127.0.0.1 | op=SEND_HEARTBEAT {"datanodeUUID":"b1eee25a-1fdf-4744-83c7-58e0513fce3b","term":"2","command":"[]"} | ret=SUCCESS |  
2025-10-17 11:01:35,023 [om1-OMStateMachineApplyTransactionThread - 0] ERROR multipart.S3MultipartUploadCommitPartRequest (S3MultipartUploadCommitPartRequest.java:logResult(352)) - MultipartUpload Commit is failed for Key:7c1cce88-242b-4259-813c-09ec711f913b in Volume/Bucket 9677800f-6d41-4d22-a054-02bcf0d7cbdc/fa370d28-6990-43a2-b8f0-3fccafdcd7f5
NO_SUCH_MULTIPART_UPLOAD_ERROR org.apache.hadoop.ozone.om.exceptions.OMException: No such Multipart upload is with specified uploadId 0199f1d5-0a8f-7927-9945-1ff027e8b2a4-115389162782130240
	at org.apache.hadoop.ozone.om.request.s3.multipart.S3MultipartUploadCommitPartRequest.validateAndUpdateCache(S3MultipartUploadCommitPartRequest.java:188)
	at org.apache.hadoop.ozone.protocolPB.OzoneManagerRequestHandler.lambda$0(OzoneManagerRequestHandler.java:418)
	at org.apache.hadoop.ozone.util.MetricUtil.captureLatencyNs(MetricUtil.java:45)
	at org.apache.hadoop.ozone.protocolPB.OzoneManagerRequestHandler.handleWriteRequestImpl(OzoneManagerRequestHandler.java:416)
	at org.apache.hadoop.ozone.protocolPB.RequestHandler.handleWriteRequest(RequestHandler.java:62)
	at org.apache.hadoop.ozone.om.ratis.OzoneManagerStateMachine.runCommand(OzoneManagerStateMachine.java:599)
	at org.apache.hadoop.ozone.om.ratis.OzoneManagerStateMachine.lambda$3(OzoneManagerStateMachine.java:415)
	at java.base/java.util.concurrent.CompletableFuture$AsyncSupply.run(CompletableFuture.java:1768)
	at java.base/java.util.concurrent.ThreadPoolExecutor.runWorker(ThreadPoolExecutor.java:1144)
	at java.base/java.util.concurrent.ThreadPoolExecutor$Worker.run(ThreadPoolExecutor.java:642)
	at java.base/java.lang.Thread.run(Thread.java:1583)
2025-10-17 11:01:35,023 | ERROR | OMAudit | user=runner | ip=127.0.0.1 | op=COMMIT_MULTIPART_UPLOAD_PARTKEY {"volume":"9677800f-6d41-4d22-a054-02bcf0d7cbdc","bucket":"fa370d28-6990-43a2-b8f0-3fccafdcd7f5","key":"7c1cce88-242b-4259-813c-09ec711f913b","dataSize":"4","uploadID":"0199f1d5-0a8f-7927-9945-1ff027e8b2a4-115389162782130240","partNumber":"1","partName":"/9677800f-6d41-4d22-a054-02bcf0d7cbdc/fa370d28-6990-43a2-b8f0-3fccafdcd7f5/7c1cce88-242b-4259-813c-09ec711f913b-0199f1d5-0a8f-7927-9945-1ff027e8b2a4-115389162782130240-1","Transaction":"195"} | ret=FAILURE | 
org.apache.hadoop.ozone.om.exceptions.OMException: No such Multipart upload is with specified uploadId 0199f1d5-0a8f-7927-9945-1ff027e8b2a4-115389162782130240
	at org.apache.hadoop.ozone.om.request.s3.multipart.S3MultipartUploadCommitPartRequest.validateAndUpdateCache(S3MultipartUploadCommitPartRequest.java:188)
	at org.apache.hadoop.ozone.protocolPB.OzoneManagerRequestHandler.lambda$0(OzoneManagerRequestHandler.java:418)
 
]]></system-out>
  </testcase>
  <testcase name="testAbortUploadSuccessWithOutAnyParts" classname="org.apache.hadoop.ozone.client.rpc.TestSecureOzoneRpcClient" time="0.013">
    <system-out><![CDATA[2025-10-17 11:01:35,026 [ForkJoinPool-1-worker-1] INFO  rpc.RpcClient (RpcClient.java:createVolume(461)) - Creating Volume: 0ea5ffd6-a23c-43e3-a912-f1417f5c47dc, with runner as owner and space quota set to -1 bytes, counts quota set to -1
2025-10-17 11:01:35,028 [om1-OMStateMachineApplyTransactionThread - 0] INFO  volume.OMVolumeCreateRequest (OMVolumeCreateRequest.java:validateAndUpdateCache(213)) - created volume:0ea5ffd6-a23c-43e3-a912-f1417f5c47dc for user:runner
2025-10-17 11:01:35,028 | INFO  | OMAudit | user=runner | ip=127.0.0.1 | op=CREATE_VOLUME {"admin":"runner","owner":"runner","volume":"0ea5ffd6-a23c-43e3-a912-f1417f5c47dc","creationTime":"1760698895027","modificationTime":"1760698895027","quotaInBytes":"-1","quotaInNamespace":"-1","usedNamespace":"0","objectID":"-9223372036854725632","updateID":"196","Transaction":"196"} | ret=SUCCESS |  
2025-10-17 11:01:35,030 | INFO  | OMAudit | user=runner | ip=127.0.0.1 | op=READ_VOLUME {"volume":"0ea5ffd6-a23c-43e3-a912-f1417f5c47dc"} | ret=SUCCESS |  
2025-10-17 11:01:35,030 [ForkJoinPool-1-worker-1] INFO  rpc.RpcClient (RpcClient.java:createBucket(686)) - Creating Bucket: 0ea5ffd6-a23c-43e3-a912-f1417f5c47dc/4f9449e9-54f1-49c8-beeb-bebb0f8b225a, with server-side default bucket layout, runner as owner, Versioning false, Storage Type set to DISK and Encryption set to false, Replication Type set to server-side default replication type, Namespace Quota set to -1, Space Quota set to -1 
2025-10-17 11:01:35,032 [om1-OMStateMachineApplyTransactionThread - 0] INFO  bucket.OMBucketCreateRequest (OMBucketCreateRequest.java:validateAndUpdateCache(303)) - created bucket: 4f9449e9-54f1-49c8-beeb-bebb0f8b225a of layout FILE_SYSTEM_OPTIMIZED in volume: 0ea5ffd6-a23c-43e3-a912-f1417f5c47dc
2025-10-17 11:01:35,032 | INFO  | OMAudit | user=runner | ip=127.0.0.1 | op=CREATE_BUCKET {"volume":"0ea5ffd6-a23c-43e3-a912-f1417f5c47dc","bucket":"4f9449e9-54f1-49c8-beeb-bebb0f8b225a","bucketLayout":"FILE_SYSTEM_OPTIMIZED","gdprEnabled":null,"acls":"[user:runner:a[ACCESS], group:runner:rl[ACCESS]]","isVersionEnabled":"false","storageType":"DISK","creationTime":"1760698895031","bucketEncryptionKey":null,"modificationTime":"1760698895031","usedBytes":"0","usedNamespace":"0","snapshotUsedBytes":"0","snapshotUsedNamespace":"0","owner":"runner","replicationType":null,"replicationConfig":null,"quotaInBytes":"-1","quotaInNamespace":"-1","Transaction":"197"} | ret=SUCCESS |  
2025-10-17 11:01:35,033 | INFO  | OMAudit | user=runner | ip=127.0.0.1 | op=READ_BUCKET {"volume":"0ea5ffd6-a23c-43e3-a912-f1417f5c47dc","bucket":"4f9449e9-54f1-49c8-beeb-bebb0f8b225a"} | ret=SUCCESS |  
2025-10-17 11:01:35,036 | INFO  | OMAudit | user=runner | ip=127.0.0.1 | op=INITIATE_MULTIPART_UPLOAD {"volume":"0ea5ffd6-a23c-43e3-a912-f1417f5c47dc","bucket":"4f9449e9-54f1-49c8-beeb-bebb0f8b225a","key":"bea16233-e1d5-4799-bbe9-29947ca8b939","dataSize":"0","replicationType":"RATIS","replicationFactor":"ONE","uploadID":"0199f1d5-0abb-7f39-9c85-a8c841d09a07-115389162785013826","Transaction":"198"} | ret=SUCCESS |  
2025-10-17 11:01:35,038 | INFO  | OMAudit | user=runner | ip=127.0.0.1 | op=ABORT_MULTIPART_UPLOAD {"volume":"0ea5ffd6-a23c-43e3-a912-f1417f5c47dc","bucket":"4f9449e9-54f1-49c8-beeb-bebb0f8b225a","key":"bea16233-e1d5-4799-bbe9-29947ca8b939","dataSize":"0","uploadID":"0199f1d5-0abb-7f39-9c85-a8c841d09a07-115389162785013826","Transaction":"199"} | ret=SUCCESS |  
]]></system-out>
  </testcase>
  <testcase name="testAbortUploadSuccessWithParts" classname="org.apache.hadoop.ozone.client.rpc.TestSecureOzoneRpcClient" time="0.037">
    <system-out><![CDATA[2025-10-17 11:01:35,040 [ForkJoinPool-1-worker-1] INFO  rpc.RpcClient (RpcClient.java:createVolume(461)) - Creating Volume: 1c3fea1f-d1ec-4c20-85cd-7e00073aa5be, with runner as owner and space quota set to -1 bytes, counts quota set to -1
2025-10-17 11:01:35,042 [om1-OMStateMachineApplyTransactionThread - 0] INFO  volume.OMVolumeCreateRequest (OMVolumeCreateRequest.java:validateAndUpdateCache(213)) - created volume:1c3fea1f-d1ec-4c20-85cd-7e00073aa5be for user:runner
2025-10-17 11:01:35,042 | INFO  | OMAudit | user=runner | ip=127.0.0.1 | op=CREATE_VOLUME {"admin":"runner","owner":"runner","volume":"1c3fea1f-d1ec-4c20-85cd-7e00073aa5be","creationTime":"1760698895041","modificationTime":"1760698895041","quotaInBytes":"-1","quotaInNamespace":"-1","usedNamespace":"0","objectID":"-9223372036854724608","updateID":"200","Transaction":"200"} | ret=SUCCESS |  
2025-10-17 11:01:35,043 | INFO  | OMAudit | user=runner | ip=127.0.0.1 | op=READ_VOLUME {"volume":"1c3fea1f-d1ec-4c20-85cd-7e00073aa5be"} | ret=SUCCESS |  
2025-10-17 11:01:35,044 [ForkJoinPool-1-worker-1] INFO  rpc.RpcClient (RpcClient.java:createBucket(686)) - Creating Bucket: 1c3fea1f-d1ec-4c20-85cd-7e00073aa5be/7968031d-fc8e-4a45-a36c-c6784db7e899, with server-side default bucket layout, runner as owner, Versioning false, Storage Type set to DISK and Encryption set to false, Replication Type set to server-side default replication type, Namespace Quota set to -1, Space Quota set to -1 
2025-10-17 11:01:35,045 [om1-OMStateMachineApplyTransactionThread - 0] INFO  bucket.OMBucketCreateRequest (OMBucketCreateRequest.java:validateAndUpdateCache(303)) - created bucket: 7968031d-fc8e-4a45-a36c-c6784db7e899 of layout FILE_SYSTEM_OPTIMIZED in volume: 1c3fea1f-d1ec-4c20-85cd-7e00073aa5be
2025-10-17 11:01:35,045 | INFO  | OMAudit | user=runner | ip=127.0.0.1 | op=CREATE_BUCKET {"volume":"1c3fea1f-d1ec-4c20-85cd-7e00073aa5be","bucket":"7968031d-fc8e-4a45-a36c-c6784db7e899","bucketLayout":"FILE_SYSTEM_OPTIMIZED","gdprEnabled":null,"acls":"[user:runner:a[ACCESS], group:runner:rl[ACCESS]]","isVersionEnabled":"false","storageType":"DISK","creationTime":"1760698895044","bucketEncryptionKey":null,"modificationTime":"1760698895044","usedBytes":"0","usedNamespace":"0","snapshotUsedBytes":"0","snapshotUsedNamespace":"0","owner":"runner","replicationType":null,"replicationConfig":null,"quotaInBytes":"-1","quotaInNamespace":"-1","Transaction":"201"} | ret=SUCCESS |  
2025-10-17 11:01:35,047 | INFO  | OMAudit | user=runner | ip=127.0.0.1 | op=READ_BUCKET {"volume":"1c3fea1f-d1ec-4c20-85cd-7e00073aa5be","bucket":"7968031d-fc8e-4a45-a36c-c6784db7e899"} | ret=SUCCESS |  
2025-10-17 11:01:35,049 | INFO  | SCMAudit | user=runner | ip=127.0.0.1 | op=SEND_HEARTBEAT {"datanodeUUID":"99c47355-c013-4450-a734-aff6d3c99677","term":"2","command":"[]"} | ret=SUCCESS |  
2025-10-17 11:01:35,049 | INFO  | OMAudit | user=runner | ip=127.0.0.1 | op=INITIATE_MULTIPART_UPLOAD {"volume":"1c3fea1f-d1ec-4c20-85cd-7e00073aa5be","bucket":"7968031d-fc8e-4a45-a36c-c6784db7e899","key":"c39e3973-6ff4-425e-b2d5-1b5f0bd2b6a8","dataSize":"0","replicationType":"RATIS","replicationFactor":"ONE","uploadID":"0199f1d5-0ac8-7e9a-91f6-f4f255672992-115389162785865795","Transaction":"202"} | ret=SUCCESS |  
2025-10-17 11:01:35,052 | INFO  | OMAudit | user=runner | ip=127.0.0.1 | op=ALLOCATE_KEY {"volume":"1c3fea1f-d1ec-4c20-85cd-7e00073aa5be","bucket":"7968031d-fc8e-4a45-a36c-c6784db7e899","key":"c39e3973-6ff4-425e-b2d5-1b5f0bd2b6a8","dataSize":"4","Transaction":"203"} | ret=SUCCESS |  
2025-10-17 11:01:35,054 | INFO  | SCMAudit | user=runner | ip=127.0.0.1 | op=ALLOCATE_BLOCK {"replication":"RATIS/ONE","owner":"omServiceIdDefault","size":"4194304","sampleBlocks":"[conID: 11 locID: 115816896921600065]","num":"1","client":"","allocated":"1"} | ret=SUCCESS |  
2025-10-17 11:01:35,055 | INFO  | OMAudit | user=runner | ip=127.0.0.1 | op=ALLOCATE_BLOCK {"volume":"1c3fea1f-d1ec-4c20-85cd-7e00073aa5be","bucket":"7968031d-fc8e-4a45-a36c-c6784db7e899","key":"c39e3973-6ff4-425e-b2d5-1b5f0bd2b6a8","dataSize":"4","replicationType":"RATIS","replicationFactor":"ONE","clientID":"115389162785996868","Transaction":"204"} | ret=SUCCESS |  
2025-10-17 11:01:35,073 | INFO  | OMAudit | user=runner | ip=127.0.0.1 | op=COMMIT_MULTIPART_UPLOAD_PARTKEY {"volume":"1c3fea1f-d1ec-4c20-85cd-7e00073aa5be","bucket":"7968031d-fc8e-4a45-a36c-c6784db7e899","key":"c39e3973-6ff4-425e-b2d5-1b5f0bd2b6a8","dataSize":"4","ETag":"8d777f385d3dfec8815d20f7496026dc","uploadID":"0199f1d5-0ac8-7e9a-91f6-f4f255672992-115389162785865795","partNumber":"1","partName":"/1c3fea1f-d1ec-4c20-85cd-7e00073aa5be/7968031d-fc8e-4a45-a36c-c6784db7e899/c39e3973-6ff4-425e-b2d5-1b5f0bd2b6a8-0199f1d5-0ac8-7e9a-91f6-f4f255672992-115389162785865795-1","Transaction":"205"} | ret=SUCCESS |  
2025-10-17 11:01:35,076 | INFO  | OMAudit | user=runner | ip=127.0.0.1 | op=ABORT_MULTIPART_UPLOAD {"volume":"1c3fea1f-d1ec-4c20-85cd-7e00073aa5be","bucket":"7968031d-fc8e-4a45-a36c-c6784db7e899","key":"c39e3973-6ff4-425e-b2d5-1b5f0bd2b6a8","dataSize":"0","uploadID":"0199f1d5-0ac8-7e9a-91f6-f4f255672992-115389162785865795","Transaction":"206"} | ret=SUCCESS |  
]]></system-out>
  </testcase>
  <testcase name="testAclDeDuplication" classname="org.apache.hadoop.ozone.client.rpc.TestSecureOzoneRpcClient" time="0.02">
    <system-out><![CDATA[2025-10-17 11:01:35,078 [ForkJoinPool-1-worker-1] INFO  rpc.RpcClient (RpcClient.java:createVolume(461)) - Creating Volume: 00bd7913-d36e-46c4-b619-71771f27e9c6, with runner as owner and space quota set to -1 bytes, counts quota set to -1
2025-10-17 11:01:35,080 [om1-OMStateMachineApplyTransactionThread - 0] INFO  volume.OMVolumeCreateRequest (OMVolumeCreateRequest.java:validateAndUpdateCache(213)) - created volume:00bd7913-d36e-46c4-b619-71771f27e9c6 for user:runner
2025-10-17 11:01:35,080 | INFO  | OMAudit | user=runner | ip=127.0.0.1 | op=CREATE_VOLUME {"admin":"runner","owner":"runner","volume":"00bd7913-d36e-46c4-b619-71771f27e9c6","creationTime":"1760698895079","modificationTime":"1760698895079","quotaInBytes":"-1","quotaInNamespace":"-1","usedNamespace":"0","objectID":"-9223372036854722816","updateID":"207","Transaction":"207"} | ret=SUCCESS |  
2025-10-17 11:01:35,081 | INFO  | OMAudit | user=runner | ip=127.0.0.1 | op=READ_VOLUME {"volume":"00bd7913-d36e-46c4-b619-71771f27e9c6"} | ret=SUCCESS |  
2025-10-17 11:01:35,082 [ForkJoinPool-1-worker-1] INFO  rpc.RpcClient (RpcClient.java:createBucket(686)) - Creating Bucket: 00bd7913-d36e-46c4-b619-71771f27e9c6/0e37e145-7e08-4426-bac8-f9d7eaf27ae3, with server-side default bucket layout, runner as owner, Versioning false, Storage Type set to DISK and Encryption set to false, Replication Type set to server-side default replication type, Namespace Quota set to -1, Space Quota set to -1 
2025-10-17 11:01:35,084 [om1-OMStateMachineApplyTransactionThread - 0] INFO  bucket.OMBucketCreateRequest (OMBucketCreateRequest.java:validateAndUpdateCache(303)) - created bucket: 0e37e145-7e08-4426-bac8-f9d7eaf27ae3 of layout FILE_SYSTEM_OPTIMIZED in volume: 00bd7913-d36e-46c4-b619-71771f27e9c6
2025-10-17 11:01:35,084 | INFO  | OMAudit | user=runner | ip=127.0.0.1 | op=CREATE_BUCKET {"volume":"00bd7913-d36e-46c4-b619-71771f27e9c6","bucket":"0e37e145-7e08-4426-bac8-f9d7eaf27ae3","bucketLayout":"FILE_SYSTEM_OPTIMIZED","gdprEnabled":null,"acls":"[user:runner:a[ACCESS], group:runner:rl[ACCESS], user:test:r[ACCESS]]","isVersionEnabled":"false","storageType":"DISK","creationTime":"1760698895083","bucketEncryptionKey":null,"modificationTime":"1760698895083","usedBytes":"0","usedNamespace":"0","snapshotUsedBytes":"0","snapshotUsedNamespace":"0","owner":"runner","replicationType":null,"replicationConfig":null,"quotaInBytes":"-1","quotaInNamespace":"-1","Transaction":"208"} | ret=SUCCESS |  
2025-10-17 11:01:35,085 | INFO  | OMAudit | user=runner | ip=127.0.0.1 | op=READ_BUCKET {"volume":"00bd7913-d36e-46c4-b619-71771f27e9c6","bucket":"0e37e145-7e08-4426-bac8-f9d7eaf27ae3"} | ret=SUCCESS |  
2025-10-17 11:01:35,089 | INFO  | OMAudit | user=runner | ip=127.0.0.1 | op=GET_ACL {"resourceType":"bucket","storageType":"ozone","volume":"00bd7913-d36e-46c4-b619-71771f27e9c6","bucket":"0e37e145-7e08-4426-bac8-f9d7eaf27ae3","key":null} | ret=SUCCESS |  
2025-10-17 11:01:35,091 [ForkJoinPool-1-worker-1] INFO  rpc.RpcClient (RpcClient.java:createBucket(686)) - Creating Bucket: 00bd7913-d36e-46c4-b619-71771f27e9c6/link-0e37e145-7e08-4426-bac8-f9d7eaf27ae3, with server-side default bucket layout, runner as owner, Versioning false, Storage Type set to DISK and Encryption set to false, Replication Type set to server-side default replication type, Namespace Quota set to -1, Space Quota set to -1 
2025-10-17 11:01:35,093 [om1-OMStateMachineApplyTransactionThread - 0] INFO  bucket.OMBucketCreateRequest (OMBucketCreateRequest.java:validateAndUpdateCache(303)) - created bucket: link-0e37e145-7e08-4426-bac8-f9d7eaf27ae3 of layout FILE_SYSTEM_OPTIMIZED in volume: 00bd7913-d36e-46c4-b619-71771f27e9c6
2025-10-17 11:01:35,093 | INFO  | OMAudit | user=runner | ip=127.0.0.1 | op=CREATE_BUCKET {"volume":"00bd7913-d36e-46c4-b619-71771f27e9c6","bucket":"link-0e37e145-7e08-4426-bac8-f9d7eaf27ae3","bucketLayout":"FILE_SYSTEM_OPTIMIZED","gdprEnabled":null,"acls":"[user:runner:a[ACCESS], group:runner:rl[ACCESS], user:test-link:r[DEFAULT], world:WORLD:rw[ACCESS], user:test:r[ACCESS]]","isVersionEnabled":"false","storageType":"DISK","creationTime":"1760698895092","bucketEncryptionKey":null,"modificationTime":"1760698895092","sourceVolume":"00bd7913-d36e-46c4-b619-71771f27e9c6","sourceBucket":"0e37e145-7e08-4426-bac8-f9d7eaf27ae3","usedBytes":"0","usedNamespace":"0","snapshotUsedBytes":"0","snapshotUsedNamespace":"0","owner":"runner","replicationType":null,"replicationConfig":null,"quotaInBytes":"-1","quotaInNamespace":"-1","Transaction":"209"} | ret=SUCCESS |  
2025-10-17 11:01:35,095 | INFO  | OMAudit | user=runner | ip=127.0.0.1 | op=READ_BUCKET {"volume":"00bd7913-d36e-46c4-b619-71771f27e9c6","bucket":"link-0e37e145-7e08-4426-bac8-f9d7eaf27ae3"} | ret=SUCCESS |  
2025-10-17 11:01:35,097 | INFO  | OMAudit | user=runner | ip=127.0.0.1 | op=GET_ACL {"resourceType":"bucket","storageType":"ozone","volume":"00bd7913-d36e-46c4-b619-71771f27e9c6","bucket":"link-0e37e145-7e08-4426-bac8-f9d7eaf27ae3","key":null} | ret=SUCCESS |  
]]></system-out>
  </testcase>
  <testcase name="testAclsAfterCallingSetBucketProperty" classname="org.apache.hadoop.ozone.client.rpc.TestSecureOzoneRpcClient" time="0.019">
    <system-out><![CDATA[2025-10-17 11:01:35,098 [ForkJoinPool-1-worker-1] INFO  rpc.RpcClient (RpcClient.java:createVolume(461)) - Creating Volume: fab4b2a3-1d6f-4091-a158-9812e222dccb, with runner as owner and space quota set to -1 bytes, counts quota set to -1
2025-10-17 11:01:35,100 [om1-OMStateMachineApplyTransactionThread - 0] INFO  volume.OMVolumeCreateRequest (OMVolumeCreateRequest.java:validateAndUpdateCache(213)) - created volume:fab4b2a3-1d6f-4091-a158-9812e222dccb for user:runner
2025-10-17 11:01:35,101 | INFO  | OMAudit | user=runner | ip=127.0.0.1 | op=CREATE_VOLUME {"admin":"runner","owner":"runner","volume":"fab4b2a3-1d6f-4091-a158-9812e222dccb","creationTime":"1760698895099","modificationTime":"1760698895099","quotaInBytes":"-1","quotaInNamespace":"-1","usedNamespace":"0","objectID":"-9223372036854722048","updateID":"210","Transaction":"210"} | ret=SUCCESS |  
2025-10-17 11:01:35,102 | INFO  | OMAudit | user=runner | ip=127.0.0.1 | op=READ_VOLUME {"volume":"fab4b2a3-1d6f-4091-a158-9812e222dccb"} | ret=SUCCESS |  
2025-10-17 11:01:35,102 [ForkJoinPool-1-worker-1] INFO  rpc.RpcClient (RpcClient.java:createBucket(686)) - Creating Bucket: fab4b2a3-1d6f-4091-a158-9812e222dccb/00e6f42e-0ba1-4697-87e7-ff57decde29b, with server-side default bucket layout, runner as owner, Versioning false, Storage Type set to DISK and Encryption set to false, Replication Type set to server-side default replication type, Namespace Quota set to -1, Space Quota set to -1 
2025-10-17 11:01:35,104 [om1-OMStateMachineApplyTransactionThread - 0] INFO  bucket.OMBucketCreateRequest (OMBucketCreateRequest.java:validateAndUpdateCache(303)) - created bucket: 00e6f42e-0ba1-4697-87e7-ff57decde29b of layout FILE_SYSTEM_OPTIMIZED in volume: fab4b2a3-1d6f-4091-a158-9812e222dccb
2025-10-17 11:01:35,104 | INFO  | OMAudit | user=runner | ip=127.0.0.1 | op=CREATE_BUCKET {"volume":"fab4b2a3-1d6f-4091-a158-9812e222dccb","bucket":"00e6f42e-0ba1-4697-87e7-ff57decde29b","bucketLayout":"FILE_SYSTEM_OPTIMIZED","gdprEnabled":null,"acls":"[user:runner:a[ACCESS], group:runner:rl[ACCESS]]","isVersionEnabled":"false","storageType":"DISK","creationTime":"1760698895103","bucketEncryptionKey":null,"modificationTime":"1760698895103","usedBytes":"0","usedNamespace":"0","snapshotUsedBytes":"0","snapshotUsedNamespace":"0","owner":"runner","replicationType":null,"replicationConfig":null,"quotaInBytes":"-1","quotaInNamespace":"-1","Transaction":"211"} | ret=SUCCESS |  
2025-10-17 11:01:35,105 | INFO  | OMAudit | user=runner | ip=127.0.0.1 | op=READ_BUCKET {"volume":"fab4b2a3-1d6f-4091-a158-9812e222dccb","bucket":"00e6f42e-0ba1-4697-87e7-ff57decde29b"} | ret=SUCCESS |  
2025-10-17 11:01:35,106 | INFO  | OMAudit | user=runner | ip=127.0.0.1 | op=GET_ACL {"resourceType":"bucket","storageType":"ozone","volume":"fab4b2a3-1d6f-4091-a158-9812e222dccb","bucket":"00e6f42e-0ba1-4697-87e7-ff57decde29b","key":null} | ret=SUCCESS |  
2025-10-17 11:01:35,113 | INFO  | OMAudit | user=runner | ip=127.0.0.1 | op=UPDATE_BUCKET {"volume":"fab4b2a3-1d6f-4091-a158-9812e222dccb","bucket":"00e6f42e-0ba1-4697-87e7-ff57decde29b","gdprEnabled":null,"isVersionEnabled":"true","Transaction":"212"} | ret=SUCCESS |  
2025-10-17 11:01:35,115 | INFO  | OMAudit | user=runner | ip=127.0.0.1 | op=READ_BUCKET {"volume":"fab4b2a3-1d6f-4091-a158-9812e222dccb","bucket":"00e6f42e-0ba1-4697-87e7-ff57decde29b"} | ret=SUCCESS |  
2025-10-17 11:01:35,116 | INFO  | OMAudit | user=runner | ip=127.0.0.1 | op=GET_ACL {"resourceType":"bucket","storageType":"ozone","volume":"fab4b2a3-1d6f-4091-a158-9812e222dccb","bucket":"00e6f42e-0ba1-4697-87e7-ff57decde29b","key":null} | ret=SUCCESS |  
]]></system-out>
  </testcase>
  <testcase name="testAddBucketAcl" classname="org.apache.hadoop.ozone.client.rpc.TestSecureOzoneRpcClient" time="0.028">
    <system-out><![CDATA[2025-10-17 11:01:35,118 [ForkJoinPool-1-worker-1] INFO  rpc.RpcClient (RpcClient.java:createVolume(461)) - Creating Volume: 36065eb2-5d7e-452d-8a0f-c4dcc73c57cc, with runner as owner and space quota set to -1 bytes, counts quota set to -1
2025-10-17 11:01:35,121 [om1-KeyDeletingService#1] INFO  service.KeyDeletingService (KeyDeletingService.java:processKeyDeletes(151)) - Send 14 key(s) to SCM, first 10 keys: [PurgedKey{blockGroup=BlockGroup[groupID='/bedd08ae-21b0-419a-a65b-77a9c196f0d7/d91ea910-1b63-4091-b43e-ca5929b72087/rewriteKey/-9223372036854728448/0', blockIDs=[conID: 7 locID: 115816896921600062 bcsId: 0 replicaIndex: null]], volume='bedd08ae-21b0-419a-a65b-77a9c196f0d7', bucket='d91ea910-1b63-4091-b43e-ca5929b72087', bucketId=-9223372036854729472, purgedBytes=36, isCommittedKey=true, deleteKeyName='/bedd08ae-21b0-419a-a65b-77a9c196f0d7/d91ea910-1b63-4091-b43e-ca5929b72087/rewriteKey/-9223372036854728448'}, PurgedKey{blockGroup=BlockGroup[groupID='/e78780cc-cb9b-4d47-902c-006c1bb50f9c/828ba9c0-26b3-4ff0-891a-2b3d4b623e9d/rewriteAfterRename-OBJECT_STORE/-9223372036854746368/0', blockIDs=[conID: 13 locID: 115816896921600036 bcsId: 0 replicaIndex: null]], volume='e78780cc-cb9b-4d47-902c-006c1bb50f9c', bucket='828ba9c0-26b3-4ff0-891a-2b3d4b623e9d', bucketId=-9223372036854747648, purgedBytes=36, isCommittedKey=true, deleteKeyName='/e78780cc-cb9b-4d47-902c-006c1bb50f9c/828ba9c0-26b3-4ff0-891a-2b3d4b623e9d/rewriteAfterRename-OBJECT_STORE/-9223372036854746368'}, PurgedKey{blockGroup=BlockGroup[groupID='/cbcd62c4-be29-46c4-83c4-e08de5c9c0c8/b4328f05-d44e-4add-b3bb-dea65e2f6ec0/rewriteAfterRename-FILE_SYSTEM_OPTIMIZED/-9223372036854748160/0', blockIDs=[conID: 3 locID: 115816896921600034 bcsId: 0 replicaIndex: null]], volume='cbcd62c4-be29-46c4-83c4-e08de5c9c0c8', bucket='b4328f05-d44e-4add-b3bb-dea65e2f6ec0', bucketId=-9223372036854749440, purgedBytes=36, isCommittedKey=true, deleteKeyName='/cbcd62c4-be29-46c4-83c4-e08de5c9c0c8/b4328f05-d44e-4add-b3bb-dea65e2f6ec0/rewriteAfterRename-FILE_SYSTEM_OPTIMIZED/-9223372036854748160'}, PurgedKey{blockGroup=BlockGroup[groupID='/81815052-5742-40bf-a70f-e295420eaba8/bffa0af7-cc59-429f-946d-1d3442dfeb60/rewriteKey/-9223372036854729984/0', blockIDs=[conID: 13 locID: 115816896921600060 bcsId: 0 replicaIndex: null]], volume='81815052-5742-40bf-a70f-e295420eaba8', bucket='bffa0af7-cc59-429f-946d-1d3442dfeb60', bucketId=-9223372036854731008, purgedBytes=36, isCommittedKey=true, deleteKeyName='/81815052-5742-40bf-a70f-e295420eaba8/bffa0af7-cc59-429f-946d-1d3442dfeb60/rewriteKey/-9223372036854729984'}, PurgedKey{blockGroup=BlockGroup[groupID='/f7c094e6-bdda-46b5-86fd-6c9c9a9a9f41/55a26b5f-124d-4b40-9363-cc2327399a40/rewriteFailsDueToOutdatedGenerationAtCommit/-9223372036854733312/0', blockIDs=[conID: 7 locID: 115816896921600055 bcsId: 0 replicaIndex: null]], volume='f7c094e6-bdda-46b5-86fd-6c9c9a9a9f41', bucket='55a26b5f-124d-4b40-9363-cc2327399a40', bucketId=-9223372036854734592, purgedBytes=36, isCommittedKey=true, deleteKeyName='/f7c094e6-bdda-46b5-86fd-6c9c9a9a9f41/55a26b5f-124d-4b40-9363-cc2327399a40/rewriteFailsDueToOutdatedGenerationAtCommit/-9223372036854733312'}, PurgedKey{blockGroup=BlockGroup[groupID='/1c3fea1f-d1ec-4c20-85cd-7e00073aa5be/7968031d-fc8e-4a45-a36c-c6784db7e899/c39e3973-6ff4-425e-b2d5-1b5f0bd2b6a8/0199f1d5-0ac8-7e9a-91f6-f4f255672992-115389162785865795/-9223372036854723839/0', blockIDs=[conID: 11 locID: 115816896921600065 bcsId: 0 replicaIndex: null]], volume='1c3fea1f-d1ec-4c20-85cd-7e00073aa5be', bucket='7968031d-fc8e-4a45-a36c-c6784db7e899', bucketId=-9223372036854724352, purgedBytes=4, isCommittedKey=false, deleteKeyName='/1c3fea1f-d1ec-4c20-85cd-7e00073aa5be/7968031d-fc8e-4a45-a36c-c6784db7e899/c39e3973-6ff4-425e-b2d5-1b5f0bd2b6a8/0199f1d5-0ac8-7e9a-91f6-f4f255672992-115389162785865795/-9223372036854723839'}, PurgedKey{blockGroup=BlockGroup[groupID='/d9741df2-a6e1-456a-beab-37548be6727d/58216c1e-39cb-4821-9d31-3f37b84317db/rewriteFailsDueToOutdatedGenerationAtCommit/-9223372036854737408/0', blockIDs=[conID: 7 locID: 115816896921600049 bcsId: 0 replicaIndex: null]], volume='d9741df2-a6e1-456a-beab-37548be6727d', bucket='58216c1e-39cb-4821-9d31-3f37b84317db', bucketId=-9223372036854738688, purgedBytes=36, isCommittedKey=true, deleteKeyName='/d9741df2-a6e1-456a-beab-37548be6727d/58216c1e-39cb-4821-9d31-3f37b84317db/rewriteFailsDueToOutdatedGenerationAtCommit/-9223372036854737408'}, PurgedKey{blockGroup=BlockGroup[groupID='/9677800f-6d41-4d22-a054-02bcf0d7cbdc/fa370d28-6990-43a2-b8f0-3fccafdcd7f5/7c1cce88-242b-4259-813c-09ec711f913b/0199f1d5-0a8f-7927-9945-1ff027e8b2a4-115389162782130240/-9223372036854726655/0', blockIDs=[conID: 12 locID: 115816896921600064 bcsId: 0 replicaIndex: null]], volume='9677800f-6d41-4d22-a054-02bcf0d7cbdc', bucket='fa370d28-6990-43a2-b8f0-3fccafdcd7f5', bucketId=-9223372036854727168, purgedBytes=4, isCommittedKey=false, deleteKeyName='/9677800f-6d41-4d22-a054-02bcf0d7cbdc/fa370d28-6990-43a2-b8f0-3fccafdcd7f5/7c1cce88-242b-4259-813c-09ec711f913b/0199f1d5-0a8f-7927-9945-1ff027e8b2a4-115389162782130240/-9223372036854726655'}, PurgedKey{blockGroup=BlockGroup[groupID='/482ccfdb-c7c0-40d6-86d0-48d4b6bc7293/9ca10029-b1d0-4b74-9987-5c7120e2f85c/rewriteFailsDueToOutdatedGeneration/-9223372036854743040/0', blockIDs=[conID: 3 locID: 115816896921600040 bcsId: 0 replicaIndex: null]], volume='482ccfdb-c7c0-40d6-86d0-48d4b6bc7293', bucket='9ca10029-b1d0-4b74-9987-5c7120e2f85c', bucketId=-9223372036854744064, purgedBytes=36, isCommittedKey=true, deleteKeyName='/482ccfdb-c7c0-40d6-86d0-48d4b6bc7293/9ca10029-b1d0-4b74-9987-5c7120e2f85c/rewriteFailsDueToOutdatedGeneration/-9223372036854743040'}, PurgedKey{blockGroup=BlockGroup[groupID='/190289a7-f9ed-479a-8bb9-495bdaebb81a/2851420a-2495-4a1c-b731-9ebc6a8f4c74/rewriteFailsDueToOutdatedGeneration/-9223372036854739456/0', blockIDs=[conID: 14 locID: 115816896921600046 bcsId: 0 replicaIndex: null]], volume='190289a7-f9ed-479a-8bb9-495bdaebb81a', bucket='2851420a-2495-4a1c-b731-9ebc6a8f4c74', bucketId=-9223372036854740480, purgedBytes=36, isCommittedKey=true, deleteKeyName='/190289a7-f9ed-479a-8bb9-495bdaebb81a/2851420a-2495-4a1c-b731-9ebc6a8f4c74/rewriteFailsDueToOutdatedGeneration/-9223372036854739456'}]
2025-10-17 11:01:35,123 [om1-OMStateMachineApplyTransactionThread - 0] INFO  volume.OMVolumeCreateRequest (OMVolumeCreateRequest.java:validateAndUpdateCache(213)) - created volume:36065eb2-5d7e-452d-8a0f-c4dcc73c57cc for user:runner
2025-10-17 11:01:35,123 | INFO  | OMAudit | user=runner | ip=127.0.0.1 | op=CREATE_VOLUME {"admin":"runner","owner":"runner","volume":"36065eb2-5d7e-452d-8a0f-c4dcc73c57cc","creationTime":"1760698895120","modificationTime":"1760698895120","quotaInBytes":"-1","quotaInNamespace":"-1","usedNamespace":"0","objectID":"-9223372036854721280","updateID":"213","Transaction":"213"} | ret=SUCCESS |  
2025-10-17 11:01:35,124 | INFO  | OMAudit | user=runner | ip=127.0.0.1 | op=READ_VOLUME {"volume":"36065eb2-5d7e-452d-8a0f-c4dcc73c57cc"} | ret=SUCCESS |  
2025-10-17 11:01:35,124 [ForkJoinPool-1-worker-1] INFO  rpc.RpcClient (RpcClient.java:createBucket(686)) - Creating Bucket: 36065eb2-5d7e-452d-8a0f-c4dcc73c57cc/3b82ffcc-28fa-4083-ab34-0ea23daed5e1, with server-side default bucket layout, runner as owner, Versioning false, Storage Type set to DISK and Encryption set to false, Replication Type set to server-side default replication type, Namespace Quota set to -1, Space Quota set to -1 
2025-10-17 11:01:35,126 [om1-OMStateMachineApplyTransactionThread - 0] INFO  bucket.OMBucketCreateRequest (OMBucketCreateRequest.java:validateAndUpdateCache(303)) - created bucket: 3b82ffcc-28fa-4083-ab34-0ea23daed5e1 of layout FILE_SYSTEM_OPTIMIZED in volume: 36065eb2-5d7e-452d-8a0f-c4dcc73c57cc
2025-10-17 11:01:35,126 | INFO  | OMAudit | user=runner | ip=127.0.0.1 | op=CREATE_BUCKET {"volume":"36065eb2-5d7e-452d-8a0f-c4dcc73c57cc","bucket":"3b82ffcc-28fa-4083-ab34-0ea23daed5e1","bucketLayout":"FILE_SYSTEM_OPTIMIZED","gdprEnabled":null,"acls":"[user:runner:a[ACCESS], group:runner:rl[ACCESS]]","isVersionEnabled":"false","storageType":"DISK","creationTime":"1760698895125","bucketEncryptionKey":null,"modificationTime":"1760698895125","usedBytes":"0","usedNamespace":"0","snapshotUsedBytes":"0","snapshotUsedNamespace":"0","owner":"runner","replicationType":null,"replicationConfig":null,"quotaInBytes":"-1","quotaInNamespace":"-1","Transaction":"214"} | ret=SUCCESS |  
2025-10-17 11:01:35,127 | INFO  | SCMAudit | user=runner | ip=127.0.0.1 | op=DELETE_KEY_BLOCK {"KeyBlockToDelete":"[BlockGroup[groupID='/190289a7-f9ed-479a-8bb9-495bdaebb81a/2851420a-2495-4a1c-b731-9ebc6a8f4c74/rewriteFailsDueToOutdatedGeneration/-9223372036854739456/0', blockIDs=[conID: 14 locID: 115816896921600046 bcsId: 0 replicaIndex: null]], BlockGroup[groupID='/e78780cc-cb9b-4d47-902c-006c1bb50f9c/828ba9c0-26b3-4ff0-891a-2b3d4b623e9d/rewriteAfterRename-OBJECT_STORE/-9223372036854746368/0', blockIDs=[conID: 13 locID: 115816896921600036 bcsId: 0 replicaIndex: null]], BlockGroup[groupID='/f7c094e6-bdda-46b5-86fd-6c9c9a9a9f41/55a26b5f-124d-4b40-9363-cc2327399a40/rewriteFailsDueToOutdatedGenerationAtCommit/-9223372036854733312/0', blockIDs=[conID: 7 locID: 115816896921600055 bcsId: 0 replicaIndex: null]], BlockGroup[groupID='/1c3fea1f-d1ec-4c20-85cd-7e00073aa5be/7968031d-fc8e-4a45-a36c-c6784db7e899/c39e3973-6ff4-425e-b2d5-1b5f0bd2b6a8/0199f1d5-0ac8-7e9a-91f6-f4f255672992-115389162785865795/-9223372036854723839/0', blockIDs=[conID: 11 locID: 115816896921600065 bcsId: 0 replicaIndex: null]], BlockGroup[groupID='/cbcd62c4-be29-46c4-83c4-e08de5c9c0c8/b4328f05-d44e-4add-b3bb-dea65e2f6ec0/rewriteAfterRename-FILE_SYSTEM_OPTIMIZED/-9223372036854748160/0', blockIDs=[conID: 3 locID: 115816896921600034 bcsId: 0 replicaIndex: null]], BlockGroup[groupID='/d9741df2-a6e1-456a-beab-37548be6727d/58216c1e-39cb-4821-9d31-3f37b84317db/rewriteFailsDueToOutdatedGenerationAtCommit/-9223372036854737408/0', blockIDs=[conID: 7 locID: 115816896921600049 bcsId: 0 replicaIndex: null]], BlockGroup[groupID='/9677800f-6d41-4d22-a054-02bcf0d7cbdc/fa370d28-6990-43a2-b8f0-3fccafdcd7f5/7c1cce88-242b-4259-813c-09ec711f913b/0199f1d5-0a8f-7927-9945-1ff027e8b2a4-115389162782130240/-9223372036854726655/0', blockIDs=[conID: 12 locID: 115816896921600064 bcsId: 0 replicaIndex: null]], BlockGroup[groupID='/482ccfdb-c7c0-40d6-86d0-48d4b6bc7293/9ca10029-b1d0-4b74-9987-5c7120e2f85c/rewriteFailsDueToOutdatedGeneration/-9223372036854743040/0', blockIDs=[conID: 3 locID: 115816896921600040 bcsId: 0 replicaIndex: null]], BlockGroup[groupID='/81815052-5742-40bf-a70f-e295420eaba8/bffa0af7-cc59-429f-946d-1d3442dfeb60/rewriteKey/-9223372036854729984/0', blockIDs=[conID: 13 locID: 115816896921600060 bcsId: 0 replicaIndex: null]], BlockGroup[groupID='/bedd08ae-21b0-419a-a65b-77a9c196f0d7/d91ea910-1b63-4091-b43e-ca5929b72087/rewriteKey/-9223372036854728448/0', blockIDs=[conID: 7 locID: 115816896921600062 bcsId: 0 replicaIndex: null]], BlockGroup[groupID='/53c7ffd0-33a1-4c33-bf4a-b0dc8ce68323/703ce51b-9739-41b9-8f67-374042a05001/rewriteFailsDueToOutdatedGeneration/-9223372036854741248/0', blockIDs=[conID: 12 locID: 115816896921600043 bcsId: 0 replicaIndex: null]], BlockGroup[groupID='/c1d9b6d6-b2eb-4db4-89f5-27daa524e5b2/edf4932f-e335-4c14-972a-bda83159fa85/rewriteAfterRename-LEGACY/-9223372036854744576/0', blockIDs=[conID: 3 locID: 115816896921600038 bcsId: 0 replicaIndex: null]], BlockGroup[groupID='/7e2e894b-d682-4566-a1b1-da5c0f688875/0c53b890-07db-4357-9650-4544ce84e952/rewriteFailsDueToOutdatedGenerationAtCommit/-9223372036854735360/0', blockIDs=[conID: 7 locID: 115816896921600052 bcsId: 0 replicaIndex: null]], BlockGroup[groupID='/ea5aa863-72bd-46a1-ab68-0a538d0c1c21/e0156dbd-15aa-4e5f-82ff-fc457fa75e91/rewriteKey/-9223372036854731520/0', blockIDs=[conID: 10 locID: 115816896921600058 bcsId: 0 replicaIndex: null]]]"} | ret=SUCCESS |  
2025-10-17 11:01:35,127 [om1-KeyDeletingService#1] INFO  service.KeyDeletingService (KeyDeletingService.java:processKeyDeletes(158)) - 14 BlockGroup deletion are acked by SCM in 7 ms
2025-10-17 11:01:35,128 | INFO  | OMAudit | user=runner | ip=127.0.0.1 | op=READ_BUCKET {"volume":"36065eb2-5d7e-452d-8a0f-c4dcc73c57cc","bucket":"3b82ffcc-28fa-4083-ab34-0ea23daed5e1"} | ret=SUCCESS |  
2025-10-17 11:01:35,130 [om1-KeyDeletingService#1] INFO  service.KeyDeletingService (KeyDeletingService.java:processKeyDeletes(166)) - Blocks for 14 (out of 14) keys are deleted from DB in 2 ms. Limit per task is 50000.
2025-10-17 11:01:35,136 | INFO  | OMAudit | user=runner | ip=127.0.0.1 | op=ADD_ACL {"resourceType":"bucket","storageType":"ozone","volume":"36065eb2-5d7e-452d-8a0f-c4dcc73c57cc","bucket":"3b82ffcc-28fa-4083-ab34-0ea23daed5e1","key":null,"acl":"[user:test:a[ACCESS]]","Transaction":"216"} | ret=SUCCESS |  
2025-10-17 11:01:35,137 | INFO  | OMAudit | user=runner | ip=127.0.0.1 | op=READ_BUCKET {"volume":"36065eb2-5d7e-452d-8a0f-c4dcc73c57cc","bucket":"3b82ffcc-28fa-4083-ab34-0ea23daed5e1"} | ret=SUCCESS |  
2025-10-17 11:01:35,139 | INFO  | OMAudit | user=runner | ip=127.0.0.1 | op=GET_ACL {"resourceType":"bucket","storageType":"ozone","volume":"36065eb2-5d7e-452d-8a0f-c4dcc73c57cc","bucket":"3b82ffcc-28fa-4083-ab34-0ea23daed5e1","key":null} | ret=SUCCESS |  
]]></system-out>
  </testcase>
  <testcase name="testBucketQuota(ReplicationConfig)[1]" classname="org.apache.hadoop.ozone.client.rpc.TestSecureOzoneRpcClient" time="6.295">
    <system-out><![CDATA[2025-10-17 11:01:35,149 [ForkJoinPool-1-worker-1] INFO  rpc.RpcClient (RpcClient.java:createVolume(461)) - Creating Volume: 5856ece3-68f5-415f-83a6-c47f776087ee, with runner as owner and space quota set to -1 bytes, counts quota set to -1
2025-10-17 11:01:35,151 [om1-OMStateMachineApplyTransactionThread - 0] INFO  volume.OMVolumeCreateRequest (OMVolumeCreateRequest.java:validateAndUpdateCache(213)) - created volume:5856ece3-68f5-415f-83a6-c47f776087ee for user:runner
2025-10-17 11:01:35,151 | INFO  | OMAudit | user=runner | ip=127.0.0.1 | op=CREATE_VOLUME {"admin":"runner","owner":"runner","volume":"5856ece3-68f5-415f-83a6-c47f776087ee","creationTime":"1760698895150","modificationTime":"1760698895150","quotaInBytes":"-1","quotaInNamespace":"-1","usedNamespace":"0","objectID":"-9223372036854720256","updateID":"217","Transaction":"217"} | ret=SUCCESS |  
2025-10-17 11:01:35,152 | INFO  | OMAudit | user=runner | ip=127.0.0.1 | op=READ_VOLUME {"volume":"5856ece3-68f5-415f-83a6-c47f776087ee"} | ret=SUCCESS |  
2025-10-17 11:01:35,152 [ForkJoinPool-1-worker-1] INFO  rpc.RpcClient (RpcClient.java:createBucket(686)) - Creating Bucket: 5856ece3-68f5-415f-83a6-c47f776087ee/5a4e6f0e-0cd0-4485-976d-9fb59840e3db, with server-side default bucket layout, runner as owner, Versioning false, Storage Type set to DISK and Encryption set to false, Replication Type set to server-side default replication type, Namespace Quota set to -1, Space Quota set to -1 
2025-10-17 11:01:35,154 [om1-OMStateMachineApplyTransactionThread - 0] INFO  bucket.OMBucketCreateRequest (OMBucketCreateRequest.java:validateAndUpdateCache(303)) - created bucket: 5a4e6f0e-0cd0-4485-976d-9fb59840e3db of layout FILE_SYSTEM_OPTIMIZED in volume: 5856ece3-68f5-415f-83a6-c47f776087ee
2025-10-17 11:01:35,154 | INFO  | OMAudit | user=runner | ip=127.0.0.1 | op=CREATE_BUCKET {"volume":"5856ece3-68f5-415f-83a6-c47f776087ee","bucket":"5a4e6f0e-0cd0-4485-976d-9fb59840e3db","bucketLayout":"FILE_SYSTEM_OPTIMIZED","gdprEnabled":null,"acls":"[user:runner:a[ACCESS], group:runner:rl[ACCESS]]","isVersionEnabled":"false","storageType":"DISK","creationTime":"1760698895153","bucketEncryptionKey":null,"modificationTime":"1760698895153","usedBytes":"0","usedNamespace":"0","snapshotUsedBytes":"0","snapshotUsedNamespace":"0","owner":"runner","replicationType":null,"replicationConfig":null,"quotaInBytes":"-1","quotaInNamespace":"-1","Transaction":"218"} | ret=SUCCESS |  
2025-10-17 11:01:35,155 | INFO  | OMAudit | user=runner | ip=127.0.0.1 | op=READ_BUCKET {"volume":"5856ece3-68f5-415f-83a6-c47f776087ee","bucket":"5a4e6f0e-0cd0-4485-976d-9fb59840e3db"} | ret=SUCCESS |  
2025-10-17 11:01:35,157 | INFO  | OMAudit | user=runner | ip=127.0.0.1 | op=READ_BUCKET {"volume":"5856ece3-68f5-415f-83a6-c47f776087ee","bucket":"5a4e6f0e-0cd0-4485-976d-9fb59840e3db"} | ret=SUCCESS |  
2025-10-17 11:01:35,158 | INFO  | SCMAudit | user=runner | ip=127.0.0.1 | op=ALLOCATE_BLOCK {"replication":"RATIS/ONE","owner":"omServiceIdDefault","size":"4194304","sampleBlocks":"[conID: 3 locID: 115816896921600066]","num":"1","client":"","allocated":"1"} | ret=SUCCESS |  
2025-10-17 11:01:35,161 | INFO  | OMAudit | user=runner | ip=127.0.0.1 | op=ALLOCATE_KEY {"volume":"5856ece3-68f5-415f-83a6-c47f776087ee","bucket":"5a4e6f0e-0cd0-4485-976d-9fb59840e3db","key":"412128e2-5172-4aad-bbbf-c0c446639fcf","dataSize":"4194304","replicationType":"RATIS","replicationFactor":"ONE","Transaction":"219"} | ret=SUCCESS |  
2025-10-17 11:01:35,163 | INFO  | OMAudit | user=runner | ip=127.0.0.1 | op=READ_VOLUME {"volume":"5856ece3-68f5-415f-83a6-c47f776087ee"} | ret=SUCCESS |  
2025-10-17 11:01:35,164 | INFO  | OMAudit | user=runner | ip=127.0.0.1 | op=READ_BUCKET {"volume":"5856ece3-68f5-415f-83a6-c47f776087ee","bucket":"5a4e6f0e-0cd0-4485-976d-9fb59840e3db"} | ret=SUCCESS |  
2025-10-17 11:01:35,167 | INFO  | OMAudit | user=runner | ip=127.0.0.1 | op=COMMIT_KEY {"volume":"5856ece3-68f5-415f-83a6-c47f776087ee","bucket":"5a4e6f0e-0cd0-4485-976d-9fb59840e3db","key":"412128e2-5172-4aad-bbbf-c0c446639fcf","dataSize":"0","replicationType":"RATIS","replicationFactor":"ONE","Transaction":"220"} | ret=SUCCESS |  
2025-10-17 11:01:35,169 | INFO  | OMAudit | user=runner | ip=127.0.0.1 | op=READ_VOLUME {"volume":"5856ece3-68f5-415f-83a6-c47f776087ee"} | ret=SUCCESS |  
2025-10-17 11:01:35,170 | INFO  | OMAudit | user=runner | ip=127.0.0.1 | op=READ_BUCKET {"volume":"5856ece3-68f5-415f-83a6-c47f776087ee","bucket":"5a4e6f0e-0cd0-4485-976d-9fb59840e3db"} | ret=SUCCESS |  
2025-10-17 11:01:35,170 | INFO  | SCMAudit | user=runner | ip=127.0.0.1 | op=SEND_HEARTBEAT {"datanodeUUID":"718bfa29-2c47-4ab5-ac61-3dfe9c6b9d5c","term":"2","command":"[]"} | ret=SUCCESS |  
2025-10-17 11:01:35,171 | INFO  | OMAudit | user=runner | ip=127.0.0.1 | op=READ_BUCKET {"volume":"5856ece3-68f5-415f-83a6-c47f776087ee","bucket":"5a4e6f0e-0cd0-4485-976d-9fb59840e3db"} | ret=SUCCESS |  
2025-10-17 11:01:35,172 | INFO  | SCMAudit | user=runner | ip=127.0.0.1 | op=ALLOCATE_BLOCK {"replication":"RATIS/ONE","owner":"omServiceIdDefault","size":"4194304","sampleBlocks":"[conID: 11 locID: 115816896921600067]","num":"1","client":"","allocated":"1"} | ret=SUCCESS |  
2025-10-17 11:01:35,174 | INFO  | OMAudit | user=runner | ip=127.0.0.1 | op=ALLOCATE_KEY {"volume":"5856ece3-68f5-415f-83a6-c47f776087ee","bucket":"5a4e6f0e-0cd0-4485-976d-9fb59840e3db","key":"412128e2-5172-4aad-bbbf-c0c446639fcf","dataSize":"4194304","replicationType":"RATIS","replicationFactor":"ONE","Transaction":"221"} | ret=SUCCESS |  
2025-10-17 11:01:35,176 | INFO  | OMAudit | user=runner | ip=127.0.0.1 | op=READ_VOLUME {"volume":"5856ece3-68f5-415f-83a6-c47f776087ee"} | ret=SUCCESS |  
2025-10-17 11:01:35,177 | INFO  | OMAudit | user=runner | ip=127.0.0.1 | op=READ_BUCKET {"volume":"5856ece3-68f5-415f-83a6-c47f776087ee","bucket":"5a4e6f0e-0cd0-4485-976d-9fb59840e3db"} | ret=SUCCESS |  
2025-10-17 11:01:35,179 | INFO  | OMAudit | user=runner | ip=127.0.0.1 | op=COMMIT_KEY {"volume":"5856ece3-68f5-415f-83a6-c47f776087ee","bucket":"5a4e6f0e-0cd0-4485-976d-9fb59840e3db","key":"412128e2-5172-4aad-bbbf-c0c446639fcf","dataSize":"0","replicationType":"RATIS","replicationFactor":"ONE","Transaction":"222"} | ret=SUCCESS |  
2025-10-17 11:01:35,181 | INFO  | OMAudit | user=runner | ip=127.0.0.1 | op=READ_VOLUME {"volume":"5856ece3-68f5-415f-83a6-c47f776087ee"} | ret=SUCCESS |  
2025-10-17 11:01:35,182 | INFO  | OMAudit | user=runner | ip=127.0.0.1 | op=READ_BUCKET {"volume":"5856ece3-68f5-415f-83a6-c47f776087ee","bucket":"5a4e6f0e-0cd0-4485-976d-9fb59840e3db"} | ret=SUCCESS |  
2025-10-17 11:01:35,184 | INFO  | OMAudit | user=runner | ip=127.0.0.1 | op=DELETE_KEY {"volume":"5856ece3-68f5-415f-83a6-c47f776087ee","bucket":"5a4e6f0e-0cd0-4485-976d-9fb59840e3db","key":"412128e2-5172-4aad-bbbf-c0c446639fcf","dataSize":"0","replicationConfig":"RATIS/ONE","Transaction":"223"} | ret=SUCCESS |  
2025-10-17 11:01:35,185 | INFO  | OMAudit | user=runner | ip=127.0.0.1 | op=READ_VOLUME {"volume":"5856ece3-68f5-415f-83a6-c47f776087ee"} | ret=SUCCESS |  
2025-10-17 11:01:35,186 | INFO  | OMAudit | user=runner | ip=127.0.0.1 | op=READ_BUCKET {"volume":"5856ece3-68f5-415f-83a6-c47f776087ee","bucket":"5a4e6f0e-0cd0-4485-976d-9fb59840e3db"} | ret=SUCCESS |  
2025-10-17 11:01:35,186 [ForkJoinPool-1-worker-1] INFO  rpc.RpcClient (RpcClient.java:createVolume(461)) - Creating Volume: 7df5a1c5-27ad-4aed-8113-c39c345c8d9c, with runner as owner and space quota set to -1 bytes, counts quota set to -1
2025-10-17 11:01:35,188 [om1-OMStateMachineApplyTransactionThread - 0] INFO  volume.OMVolumeCreateRequest (OMVolumeCreateRequest.java:validateAndUpdateCache(213)) - created volume:7df5a1c5-27ad-4aed-8113-c39c345c8d9c for user:runner
2025-10-17 11:01:35,188 | INFO  | OMAudit | user=runner | ip=127.0.0.1 | op=CREATE_VOLUME {"admin":"runner","owner":"runner","volume":"7df5a1c5-27ad-4aed-8113-c39c345c8d9c","creationTime":"1760698895187","modificationTime":"1760698895187","quotaInBytes":"-1","quotaInNamespace":"-1","usedNamespace":"0","objectID":"-9223372036854718464","updateID":"224","Transaction":"224"} | ret=SUCCESS |  
2025-10-17 11:01:35,189 | INFO  | OMAudit | user=runner | ip=127.0.0.1 | op=READ_VOLUME {"volume":"7df5a1c5-27ad-4aed-8113-c39c345c8d9c"} | ret=SUCCESS |  
2025-10-17 11:01:35,189 [ForkJoinPool-1-worker-1] INFO  rpc.RpcClient (RpcClient.java:createBucket(686)) - Creating Bucket: 7df5a1c5-27ad-4aed-8113-c39c345c8d9c/46359d52-3477-4470-9dd9-09150aced239, with server-side default bucket layout, runner as owner, Versioning false, Storage Type set to DISK and Encryption set to false, Replication Type set to server-side default replication type, Namespace Quota set to -1, Space Quota set to -1 
2025-10-17 11:01:35,191 [om1-OMStateMachineApplyTransactionThread - 0] INFO  bucket.OMBucketCreateRequest (OMBucketCreateRequest.java:validateAndUpdateCache(303)) - created bucket: 46359d52-3477-4470-9dd9-09150aced239 of layout FILE_SYSTEM_OPTIMIZED in volume: 7df5a1c5-27ad-4aed-8113-c39c345c8d9c
2025-10-17 11:01:35,191 | INFO  | OMAudit | user=runner | ip=127.0.0.1 | op=CREATE_BUCKET {"volume":"7df5a1c5-27ad-4aed-8113-c39c345c8d9c","bucket":"46359d52-3477-4470-9dd9-09150aced239","bucketLayout":"FILE_SYSTEM_OPTIMIZED","gdprEnabled":null,"acls":"[user:runner:a[ACCESS], group:runner:rl[ACCESS]]","isVersionEnabled":"false","storageType":"DISK","creationTime":"1760698895190","bucketEncryptionKey":null,"modificationTime":"1760698895190","usedBytes":"0","usedNamespace":"0","snapshotUsedBytes":"0","snapshotUsedNamespace":"0","owner":"runner","replicationType":null,"replicationConfig":null,"quotaInBytes":"-1","quotaInNamespace":"-1","Transaction":"225"} | ret=SUCCESS |  
2025-10-17 11:01:35,192 | INFO  | OMAudit | user=runner | ip=127.0.0.1 | op=READ_BUCKET {"volume":"7df5a1c5-27ad-4aed-8113-c39c345c8d9c","bucket":"46359d52-3477-4470-9dd9-09150aced239"} | ret=SUCCESS |  
2025-10-17 11:01:35,193 | INFO  | OMAudit | user=runner | ip=127.0.0.1 | op=READ_BUCKET {"volume":"7df5a1c5-27ad-4aed-8113-c39c345c8d9c","bucket":"46359d52-3477-4470-9dd9-09150aced239"} | ret=SUCCESS |  
2025-10-17 11:01:35,194 | INFO  | SCMAudit | user=runner | ip=127.0.0.1 | op=ALLOCATE_BLOCK {"replication":"RATIS/ONE","owner":"omServiceIdDefault","size":"4194304","sampleBlocks":"[conID: 3 locID: 115816896921600068]","num":"1","client":"","allocated":"1"} | ret=SUCCESS |  
2025-10-17 11:01:35,196 | INFO  | OMAudit | user=runner | ip=127.0.0.1 | op=ALLOCATE_KEY {"volume":"7df5a1c5-27ad-4aed-8113-c39c345c8d9c","bucket":"46359d52-3477-4470-9dd9-09150aced239","key":"bd98eb7e-fafd-45a8-953c-dcf97c185b99","dataSize":"1","replicationType":"RATIS","replicationFactor":"ONE","Transaction":"226"} | ret=SUCCESS |  
2025-10-17 11:01:35,198 | INFO  | OMAudit | user=runner | ip=127.0.0.1 | op=READ_VOLUME {"volume":"7df5a1c5-27ad-4aed-8113-c39c345c8d9c"} | ret=SUCCESS |  
2025-10-17 11:01:35,199 | INFO  | OMAudit | user=runner | ip=127.0.0.1 | op=READ_BUCKET {"volume":"7df5a1c5-27ad-4aed-8113-c39c345c8d9c","bucket":"46359d52-3477-4470-9dd9-09150aced239"} | ret=SUCCESS |  
2025-10-17 11:01:35,205 | INFO  | SCMAudit | user=runner | ip=127.0.0.1 | op=SEND_HEARTBEAT {"datanodeUUID":"a5293c95-44e9-4ea9-88ca-89089eac4b59","term":"2","command":"[]"} | ret=SUCCESS |  
2025-10-17 11:01:35,216 | INFO  | OMAudit | user=runner | ip=127.0.0.1 | op=COMMIT_KEY {"volume":"7df5a1c5-27ad-4aed-8113-c39c345c8d9c","bucket":"46359d52-3477-4470-9dd9-09150aced239","key":"bd98eb7e-fafd-45a8-953c-dcf97c185b99","dataSize":"1","replicationType":"RATIS","replicationFactor":"ONE","Transaction":"227"} | ret=SUCCESS |  
2025-10-17 11:01:35,217 | INFO  | OMAudit | user=runner | ip=127.0.0.1 | op=READ_VOLUME {"volume":"7df5a1c5-27ad-4aed-8113-c39c345c8d9c"} | ret=SUCCESS |  
2025-10-17 11:01:35,218 | INFO  | OMAudit | user=runner | ip=127.0.0.1 | op=READ_BUCKET {"volume":"7df5a1c5-27ad-4aed-8113-c39c345c8d9c","bucket":"46359d52-3477-4470-9dd9-09150aced239"} | ret=SUCCESS |  
2025-10-17 11:01:35,219 | INFO  | OMAudit | user=runner | ip=127.0.0.1 | op=READ_BUCKET {"volume":"7df5a1c5-27ad-4aed-8113-c39c345c8d9c","bucket":"46359d52-3477-4470-9dd9-09150aced239"} | ret=SUCCESS |  
2025-10-17 11:01:35,220 | INFO  | SCMAudit | user=runner | ip=127.0.0.1 | op=ALLOCATE_BLOCK {"replication":"RATIS/ONE","owner":"omServiceIdDefault","size":"4194304","sampleBlocks":"[conID: 6 locID: 115816896921600069]","num":"1","client":"","allocated":"1"} | ret=SUCCESS |  
2025-10-17 11:01:35,222 | INFO  | OMAudit | user=runner | ip=127.0.0.1 | op=ALLOCATE_KEY {"volume":"7df5a1c5-27ad-4aed-8113-c39c345c8d9c","bucket":"46359d52-3477-4470-9dd9-09150aced239","key":"bd98eb7e-fafd-45a8-953c-dcf97c185b99","dataSize":"1","replicationType":"RATIS","replicationFactor":"ONE","Transaction":"228"} | ret=SUCCESS |  
2025-10-17 11:01:35,224 | INFO  | OMAudit | user=runner | ip=127.0.0.1 | op=READ_VOLUME {"volume":"7df5a1c5-27ad-4aed-8113-c39c345c8d9c"} | ret=SUCCESS |  
2025-10-17 11:01:35,225 | INFO  | OMAudit | user=runner | ip=127.0.0.1 | op=READ_BUCKET {"volume":"7df5a1c5-27ad-4aed-8113-c39c345c8d9c","bucket":"46359d52-3477-4470-9dd9-09150aced239"} | ret=SUCCESS |  
2025-10-17 11:01:35,232 | INFO  | OMAudit | user=runner | ip=127.0.0.1 | op=COMMIT_KEY {"volume":"7df5a1c5-27ad-4aed-8113-c39c345c8d9c","bucket":"46359d52-3477-4470-9dd9-09150aced239","key":"bd98eb7e-fafd-45a8-953c-dcf97c185b99","dataSize":"1","replicationType":"RATIS","replicationFactor":"ONE","Transaction":"229"} | ret=SUCCESS |  
2025-10-17 11:01:35,233 | INFO  | OMAudit | user=runner | ip=127.0.0.1 | op=READ_VOLUME {"volume":"7df5a1c5-27ad-4aed-8113-c39c345c8d9c"} | ret=SUCCESS |  
2025-10-17 11:01:35,233 | INFO  | SCMAudit | user=runner | ip=127.0.0.1 | op=SEND_HEARTBEAT {"datanodeUUID":"7995ae7b-77ec-4e72-809d-814459f62ee0","term":"2","command":"[]"} | ret=SUCCESS |  
2025-10-17 11:01:35,234 | INFO  | OMAudit | user=runner | ip=127.0.0.1 | op=READ_BUCKET {"volume":"7df5a1c5-27ad-4aed-8113-c39c345c8d9c","bucket":"46359d52-3477-4470-9dd9-09150aced239"} | ret=SUCCESS |  
2025-10-17 11:01:35,255 | INFO  | SCMAudit | user=runner | ip=127.0.0.1 | op=SEND_HEARTBEAT {"datanodeUUID":"28c08cd4-c049-4c66-8210-e254cf68b291","term":"2","command":"[]"} | ret=SUCCESS |  
2025-10-17 11:01:35,329 | INFO  | SCMAudit | user=runner | ip=127.0.0.1 | op=SEND_HEARTBEAT {"datanodeUUID":"b292b6be-9482-4c30-a3e0-c9f721931b72","term":"2","command":"[]"} | ret=SUCCESS |  
2025-10-17 11:01:35,409 | INFO  | SCMAudit | user=runner | ip=127.0.0.1 | op=SEND_HEARTBEAT {"datanodeUUID":"dbd6f242-9b73-4bca-a110-3e2ec656b979","term":"2","command":"[]"} | ret=SUCCESS |  
2025-10-17 11:01:35,489 | INFO  | SCMAudit | user=runner | ip=127.0.0.1 | op=SEND_HEARTBEAT {"datanodeUUID":"ed6e9581-5875-4278-a8db-50829892434b","term":"2","command":"[]"} | ret=SUCCESS |  
2025-10-17 11:01:35,521 | INFO  | SCMAudit | user=runner | ip=127.0.0.1 | op=SEND_HEARTBEAT {"datanodeUUID":"2b4cc429-f9c1-416c-9a38-6239a2e149ea","term":"2","command":"[]"} | ret=SUCCESS |  
2025-10-17 11:01:35,531 | INFO  | SCMAudit | user=runner | ip=127.0.0.1 | op=SEND_HEARTBEAT {"datanodeUUID":"b6f92338-e951-49df-a986-ea31ece96e9e","term":"2","command":"[]"} | ret=SUCCESS |  
2025-10-17 11:01:35,859 | INFO  | SCMAudit | user=runner | ip=127.0.0.1 | op=SEND_HEARTBEAT {"datanodeUUID":"3a11eef6-a527-493c-8ba3-ae39ecaefa56","term":"2","command":"[]"} | ret=SUCCESS |  
2025-10-17 11:01:35,918 | INFO  | SCMAudit | user=runner | ip=127.0.0.1 | op=SEND_HEARTBEAT {"datanodeUUID":"50dccd39-549f-4f43-8b1f-597bf98f9c16","term":"2","command":"[]"} | ret=SUCCESS |  
2025-10-17 11:01:35,965 | INFO  | SCMAudit | user=runner | ip=127.0.0.1 | op=SEND_HEARTBEAT {"datanodeUUID":"309ab1ff-9f5a-4058-8b2f-94d451ce5267","term":"2","command":"[]"} | ret=SUCCESS |  
2025-10-17 11:01:36,014 | INFO  | SCMAudit | user=runner | ip=127.0.0.1 | op=SEND_HEARTBEAT {"datanodeUUID":"b1eee25a-1fdf-4744-83c7-58e0513fce3b","term":"2","command":"[]"} | ret=SUCCESS |  
2025-10-17 11:01:36,049 | INFO  | SCMAudit | user=runner | ip=127.0.0.1 | op=SEND_HEARTBEAT {"datanodeUUID":"99c47355-c013-4450-a734-aff6d3c99677","term":"2","command":"[]"} | ret=SUCCESS |  
2025-10-17 11:01:36,118 [om1-KeyDeletingService#4] INFO  service.KeyDeletingService (KeyDeletingService.java:processKeyDeletes(151)) - Send 3 key(s) to SCM, first 3 keys: [PurgedKey{blockGroup=BlockGroup[groupID='/5856ece3-68f5-415f-83a6-c47f776087ee/5a4e6f0e-0cd0-4485-976d-9fb59840e3db/412128e2-5172-4aad-bbbf-c0c446639fcf/-9223372036854719488/0', blockIDs=[conID: 3 locID: 115816896921600066 bcsId: 0 replicaIndex: null]], volume='5856ece3-68f5-415f-83a6-c47f776087ee', bucket='5a4e6f0e-0cd0-4485-976d-9fb59840e3db', bucketId=-9223372036854720000, purgedBytes=4194304, isCommittedKey=false, deleteKeyName='/5856ece3-68f5-415f-83a6-c47f776087ee/5a4e6f0e-0cd0-4485-976d-9fb59840e3db/412128e2-5172-4aad-bbbf-c0c446639fcf/-9223372036854719488'}, PurgedKey{blockGroup=BlockGroup[groupID='/7df5a1c5-27ad-4aed-8113-c39c345c8d9c/46359d52-3477-4470-9dd9-09150aced239/bd98eb7e-fafd-45a8-953c-dcf97c185b99/-9223372036854717184/0', blockIDs=[conID: 3 locID: 115816896921600068 bcsId: 0 replicaIndex: null]], volume='7df5a1c5-27ad-4aed-8113-c39c345c8d9c', bucket='46359d52-3477-4470-9dd9-09150aced239', bucketId=-9223372036854718208, purgedBytes=1, isCommittedKey=true, deleteKeyName='/7df5a1c5-27ad-4aed-8113-c39c345c8d9c/46359d52-3477-4470-9dd9-09150aced239/bd98eb7e-fafd-45a8-953c-dcf97c185b99/-9223372036854717184'}, PurgedKey{blockGroup=BlockGroup[groupID='/5856ece3-68f5-415f-83a6-c47f776087ee/5a4e6f0e-0cd0-4485-976d-9fb59840e3db/412128e2-5172-4aad-bbbf-c0c446639fcf/-9223372036854718976/0', blockIDs=[conID: 11 locID: 115816896921600067 bcsId: 0 replicaIndex: null]], volume='5856ece3-68f5-415f-83a6-c47f776087ee', bucket='5a4e6f0e-0cd0-4485-976d-9fb59840e3db', bucketId=-9223372036854720000, purgedBytes=4194304, isCommittedKey=false, deleteKeyName='/5856ece3-68f5-415f-83a6-c47f776087ee/5a4e6f0e-0cd0-4485-976d-9fb59840e3db/412128e2-5172-4aad-bbbf-c0c446639fcf/-9223372036854718976'}]
2025-10-17 11:01:36,120 | INFO  | SCMAudit | user=runner | ip=127.0.0.1 | op=DELETE_KEY_BLOCK {"KeyBlockToDelete":"[BlockGroup[groupID='/5856ece3-68f5-415f-83a6-c47f776087ee/5a4e6f0e-0cd0-4485-976d-9fb59840e3db/412128e2-5172-4aad-bbbf-c0c446639fcf/-9223372036854718976/0', blockIDs=[conID: 11 locID: 115816896921600067 bcsId: 0 replicaIndex: null]], BlockGroup[groupID='/5856ece3-68f5-415f-83a6-c47f776087ee/5a4e6f0e-0cd0-4485-976d-9fb59840e3db/412128e2-5172-4aad-bbbf-c0c446639fcf/-9223372036854719488/0', blockIDs=[conID: 3 locID: 115816896921600066 bcsId: 0 replicaIndex: null]], BlockGroup[groupID='/7df5a1c5-27ad-4aed-8113-c39c345c8d9c/46359d52-3477-4470-9dd9-09150aced239/bd98eb7e-fafd-45a8-953c-dcf97c185b99/-9223372036854717184/0', blockIDs=[conID: 3 locID: 115816896921600068 bcsId: 0 replicaIndex: null]]]"} | ret=SUCCESS |  
2025-10-17 11:01:36,121 [om1-KeyDeletingService#4] INFO  service.KeyDeletingService (KeyDeletingService.java:processKeyDeletes(158)) - 3 BlockGroup deletion are acked by SCM in 3 ms
2025-10-17 11:01:36,122 [om1-KeyDeletingService#4] INFO  service.KeyDeletingService (KeyDeletingService.java:processKeyDeletes(166)) - Blocks for 3 (out of 3) keys are deleted from DB in 2 ms. Limit per task is 50000.
2025-10-17 11:01:36,170 | INFO  | SCMAudit | user=runner | ip=127.0.0.1 | op=SEND_HEARTBEAT {"datanodeUUID":"718bfa29-2c47-4ab5-ac61-3dfe9c6b9d5c","term":"2","command":"[]"} | ret=SUCCESS |  
2025-10-17 11:01:36,205 | INFO  | SCMAudit | user=runner | ip=127.0.0.1 | op=SEND_HEARTBEAT {"datanodeUUID":"a5293c95-44e9-4ea9-88ca-89089eac4b59","term":"2","command":"[]"} | ret=SUCCESS |  
2025-10-17 11:01:36,233 | INFO  | SCMAudit | user=runner | ip=127.0.0.1 | op=SEND_HEARTBEAT {"datanodeUUID":"7995ae7b-77ec-4e72-809d-814459f62ee0","term":"2","command":"[]"} | ret=SUCCESS |  
2025-10-17 11:01:36,235 | INFO  | OMAudit | user=runner | ip=127.0.0.1 | op=READ_VOLUME {"volume":"7df5a1c5-27ad-4aed-8113-c39c345c8d9c"} | ret=SUCCESS |  
2025-10-17 11:01:36,236 | INFO  | OMAudit | user=runner | ip=127.0.0.1 | op=READ_BUCKET {"volume":"7df5a1c5-27ad-4aed-8113-c39c345c8d9c","bucket":"46359d52-3477-4470-9dd9-09150aced239"} | ret=SUCCESS |  
2025-10-17 11:01:36,239 | INFO  | OMAudit | user=runner | ip=127.0.0.1 | op=DELETE_KEY {"volume":"7df5a1c5-27ad-4aed-8113-c39c345c8d9c","bucket":"46359d52-3477-4470-9dd9-09150aced239","key":"bd98eb7e-fafd-45a8-953c-dcf97c185b99","dataSize":"1","replicationConfig":"RATIS/ONE","Transaction":"231"} | ret=SUCCESS |  
2025-10-17 11:01:36,241 | INFO  | OMAudit | user=runner | ip=127.0.0.1 | op=READ_VOLUME {"volume":"7df5a1c5-27ad-4aed-8113-c39c345c8d9c"} | ret=SUCCESS |  
2025-10-17 11:01:36,242 | INFO  | OMAudit | user=runner | ip=127.0.0.1 | op=READ_BUCKET {"volume":"7df5a1c5-27ad-4aed-8113-c39c345c8d9c","bucket":"46359d52-3477-4470-9dd9-09150aced239"} | ret=SUCCESS |  
2025-10-17 11:01:36,256 | INFO  | SCMAudit | user=runner | ip=127.0.0.1 | op=SEND_HEARTBEAT {"datanodeUUID":"28c08cd4-c049-4c66-8210-e254cf68b291","term":"2","command":"[]"} | ret=SUCCESS |  
2025-10-17 11:01:36,329 | INFO  | SCMAudit | user=runner | ip=127.0.0.1 | op=SEND_HEARTBEAT {"datanodeUUID":"b292b6be-9482-4c30-a3e0-c9f721931b72","term":"2","command":"[]"} | ret=SUCCESS |  
2025-10-17 11:01:36,409 | INFO  | SCMAudit | user=runner | ip=127.0.0.1 | op=SEND_HEARTBEAT {"datanodeUUID":"dbd6f242-9b73-4bca-a110-3e2ec656b979","term":"2","command":"[]"} | ret=SUCCESS |  
2025-10-17 11:01:36,489 | INFO  | SCMAudit | user=runner | ip=127.0.0.1 | op=SEND_HEARTBEAT {"datanodeUUID":"ed6e9581-5875-4278-a8db-50829892434b","term":"2","command":"[]"} | ret=SUCCESS |  
2025-10-17 11:01:36,521 | INFO  | SCMAudit | user=runner | ip=127.0.0.1 | op=SEND_HEARTBEAT {"datanodeUUID":"2b4cc429-f9c1-416c-9a38-6239a2e149ea","term":"2","command":"[]"} | ret=SUCCESS |  
2025-10-17 11:01:36,531 | INFO  | SCMAudit | user=runner | ip=127.0.0.1 | op=SEND_HEARTBEAT {"datanodeUUID":"b6f92338-e951-49df-a986-ea31ece96e9e","term":"2","command":"[]"} | ret=SUCCESS |  
2025-10-17 11:01:36,858 | INFO  | SCMAudit | user=runner | ip=127.0.0.1 | op=SEND_HEARTBEAT {"datanodeUUID":"3a11eef6-a527-493c-8ba3-ae39ecaefa56","term":"2","command":"[]"} | ret=SUCCESS |  
2025-10-17 11:01:36,918 | INFO  | SCMAudit | user=runner | ip=127.0.0.1 | op=SEND_HEARTBEAT {"datanodeUUID":"50dccd39-549f-4f43-8b1f-597bf98f9c16","term":"2","command":"[]"} | ret=SUCCESS |  
2025-10-17 11:01:36,966 | INFO  | SCMAudit | user=runner | ip=127.0.0.1 | op=SEND_HEARTBEAT {"datanodeUUID":"309ab1ff-9f5a-4058-8b2f-94d451ce5267","term":"2","command":"[]"} | ret=SUCCESS |  
2025-10-17 11:01:37,014 | INFO  | SCMAudit | user=runner | ip=127.0.0.1 | op=SEND_HEARTBEAT {"datanodeUUID":"b1eee25a-1fdf-4744-83c7-58e0513fce3b","term":"2","command":"[]"} | ret=SUCCESS |  
2025-10-17 11:01:37,050 | INFO  | SCMAudit | user=runner | ip=127.0.0.1 | op=SEND_HEARTBEAT {"datanodeUUID":"99c47355-c013-4450-a734-aff6d3c99677","term":"2","command":"[]"} | ret=SUCCESS |  
2025-10-17 11:01:37,118 [om1-KeyDeletingService#5] INFO  service.KeyDeletingService (KeyDeletingService.java:processKeyDeletes(151)) - Send 1 key(s) to SCM, first 1 keys: [PurgedKey{blockGroup=BlockGroup[groupID='/7df5a1c5-27ad-4aed-8113-c39c345c8d9c/46359d52-3477-4470-9dd9-09150aced239/bd98eb7e-fafd-45a8-953c-dcf97c185b99/-9223372036854717951/0', blockIDs=[conID: 6 locID: 115816896921600069 bcsId: 0 replicaIndex: null]], volume='7df5a1c5-27ad-4aed-8113-c39c345c8d9c', bucket='46359d52-3477-4470-9dd9-09150aced239', bucketId=-9223372036854718208, purgedBytes=1, isCommittedKey=true, deleteKeyName='/7df5a1c5-27ad-4aed-8113-c39c345c8d9c/46359d52-3477-4470-9dd9-09150aced239/bd98eb7e-fafd-45a8-953c-dcf97c185b99/-9223372036854717951'}]
2025-10-17 11:01:37,120 | INFO  | SCMAudit | user=runner | ip=127.0.0.1 | op=DELETE_KEY_BLOCK {"KeyBlockToDelete":"[BlockGroup[groupID='/7df5a1c5-27ad-4aed-8113-c39c345c8d9c/46359d52-3477-4470-9dd9-09150aced239/bd98eb7e-fafd-45a8-953c-dcf97c185b99/-9223372036854717951/0', blockIDs=[conID: 6 locID: 115816896921600069 bcsId: 0 replicaIndex: null]]]"} | ret=SUCCESS |  
2025-10-17 11:01:37,120 [om1-KeyDeletingService#5] INFO  service.KeyDeletingService (KeyDeletingService.java:processKeyDeletes(158)) - 1 BlockGroup deletion are acked by SCM in 3 ms
2025-10-17 11:01:37,122 [om1-KeyDeletingService#5] INFO  service.KeyDeletingService (KeyDeletingService.java:processKeyDeletes(166)) - Blocks for 1 (out of 1) keys are deleted from DB in 1 ms. Limit per task is 50000.
2025-10-17 11:01:37,170 | INFO  | SCMAudit | user=runner | ip=127.0.0.1 | op=SEND_HEARTBEAT {"datanodeUUID":"718bfa29-2c47-4ab5-ac61-3dfe9c6b9d5c","term":"2","command":"[]"} | ret=SUCCESS |  
2025-10-17 11:01:37,204 | INFO  | SCMAudit | user=runner | ip=127.0.0.1 | op=SEND_HEARTBEAT {"datanodeUUID":"a5293c95-44e9-4ea9-88ca-89089eac4b59","term":"2","command":"[]"} | ret=SUCCESS |  
2025-10-17 11:01:37,233 | INFO  | SCMAudit | user=runner | ip=127.0.0.1 | op=SEND_HEARTBEAT {"datanodeUUID":"7995ae7b-77ec-4e72-809d-814459f62ee0","term":"2","command":"[]"} | ret=SUCCESS |  
2025-10-17 11:01:37,243 | INFO  | OMAudit | user=runner | ip=127.0.0.1 | op=READ_VOLUME {"volume":"7df5a1c5-27ad-4aed-8113-c39c345c8d9c"} | ret=SUCCESS |  
2025-10-17 11:01:37,244 | INFO  | OMAudit | user=runner | ip=127.0.0.1 | op=READ_BUCKET {"volume":"7df5a1c5-27ad-4aed-8113-c39c345c8d9c","bucket":"46359d52-3477-4470-9dd9-09150aced239"} | ret=SUCCESS |  
2025-10-17 11:01:37,245 [ForkJoinPool-1-worker-1] INFO  rpc.RpcClient (RpcClient.java:createVolume(461)) - Creating Volume: 6a219ec3-4706-4013-8e3e-9fec4d928d1c, with runner as owner and space quota set to -1 bytes, counts quota set to -1
2025-10-17 11:01:37,247 [om1-OMStateMachineApplyTransactionThread - 0] INFO  volume.OMVolumeCreateRequest (OMVolumeCreateRequest.java:validateAndUpdateCache(213)) - created volume:6a219ec3-4706-4013-8e3e-9fec4d928d1c for user:runner
2025-10-17 11:01:37,247 | INFO  | OMAudit | user=runner | ip=127.0.0.1 | op=CREATE_VOLUME {"admin":"runner","owner":"runner","volume":"6a219ec3-4706-4013-8e3e-9fec4d928d1c","creationTime":"1760698897246","modificationTime":"1760698897246","quotaInBytes":"-1","quotaInNamespace":"-1","usedNamespace":"0","objectID":"-9223372036854716160","updateID":"233","Transaction":"233"} | ret=SUCCESS |  
2025-10-17 11:01:37,248 | INFO  | OMAudit | user=runner | ip=127.0.0.1 | op=READ_VOLUME {"volume":"6a219ec3-4706-4013-8e3e-9fec4d928d1c"} | ret=SUCCESS |  
2025-10-17 11:01:37,249 [ForkJoinPool-1-worker-1] INFO  rpc.RpcClient (RpcClient.java:createBucket(686)) - Creating Bucket: 6a219ec3-4706-4013-8e3e-9fec4d928d1c/fba3069c-3770-4a0f-aea3-7365458179de, with server-side default bucket layout, runner as owner, Versioning false, Storage Type set to DISK and Encryption set to false, Replication Type set to server-side default replication type, Namespace Quota set to -1, Space Quota set to -1 
2025-10-17 11:01:37,250 [om1-OMStateMachineApplyTransactionThread - 0] INFO  bucket.OMBucketCreateRequest (OMBucketCreateRequest.java:validateAndUpdateCache(303)) - created bucket: fba3069c-3770-4a0f-aea3-7365458179de of layout FILE_SYSTEM_OPTIMIZED in volume: 6a219ec3-4706-4013-8e3e-9fec4d928d1c
2025-10-17 11:01:37,250 | INFO  | OMAudit | user=runner | ip=127.0.0.1 | op=CREATE_BUCKET {"volume":"6a219ec3-4706-4013-8e3e-9fec4d928d1c","bucket":"fba3069c-3770-4a0f-aea3-7365458179de","bucketLayout":"FILE_SYSTEM_OPTIMIZED","gdprEnabled":null,"acls":"[user:runner:a[ACCESS], group:runner:rl[ACCESS]]","isVersionEnabled":"false","storageType":"DISK","creationTime":"1760698897249","bucketEncryptionKey":null,"modificationTime":"1760698897249","usedBytes":"0","usedNamespace":"0","snapshotUsedBytes":"0","snapshotUsedNamespace":"0","owner":"runner","replicationType":null,"replicationConfig":null,"quotaInBytes":"-1","quotaInNamespace":"-1","Transaction":"234"} | ret=SUCCESS |  
2025-10-17 11:01:37,251 | INFO  | OMAudit | user=runner | ip=127.0.0.1 | op=READ_BUCKET {"volume":"6a219ec3-4706-4013-8e3e-9fec4d928d1c","bucket":"fba3069c-3770-4a0f-aea3-7365458179de"} | ret=SUCCESS |  
2025-10-17 11:01:37,253 | INFO  | OMAudit | user=runner | ip=127.0.0.1 | op=READ_BUCKET {"volume":"6a219ec3-4706-4013-8e3e-9fec4d928d1c","bucket":"fba3069c-3770-4a0f-aea3-7365458179de"} | ret=SUCCESS |  
2025-10-17 11:01:37,253 | INFO  | SCMAudit | user=runner | ip=127.0.0.1 | op=ALLOCATE_BLOCK {"replication":"RATIS/ONE","owner":"omServiceIdDefault","size":"4194304","sampleBlocks":"[conID: 8 locID: 115816896921600070]","num":"1","client":"","allocated":"1"} | ret=SUCCESS |  
2025-10-17 11:01:37,255 | INFO  | SCMAudit | user=runner | ip=127.0.0.1 | op=SEND_HEARTBEAT {"datanodeUUID":"28c08cd4-c049-4c66-8210-e254cf68b291","term":"2","command":"[]"} | ret=SUCCESS |  
2025-10-17 11:01:37,256 | INFO  | OMAudit | user=runner | ip=127.0.0.1 | op=ALLOCATE_KEY {"volume":"6a219ec3-4706-4013-8e3e-9fec4d928d1c","bucket":"fba3069c-3770-4a0f-aea3-7365458179de","key":"1a59e733-7bdd-40ba-8973-689913a01707","dataSize":"4194304","replicationType":"RATIS","replicationFactor":"ONE","Transaction":"235"} | ret=SUCCESS |  
2025-10-17 11:01:37,258 | INFO  | OMAudit | user=runner | ip=127.0.0.1 | op=READ_VOLUME {"volume":"6a219ec3-4706-4013-8e3e-9fec4d928d1c"} | ret=SUCCESS |  
2025-10-17 11:01:37,259 | INFO  | OMAudit | user=runner | ip=127.0.0.1 | op=READ_BUCKET {"volume":"6a219ec3-4706-4013-8e3e-9fec4d928d1c","bucket":"fba3069c-3770-4a0f-aea3-7365458179de"} | ret=SUCCESS |  
2025-10-17 11:01:37,292 | INFO  | OMAudit | user=runner | ip=127.0.0.1 | op=COMMIT_KEY {"volume":"6a219ec3-4706-4013-8e3e-9fec4d928d1c","bucket":"fba3069c-3770-4a0f-aea3-7365458179de","key":"1a59e733-7bdd-40ba-8973-689913a01707","dataSize":"4194304","replicationType":"RATIS","replicationFactor":"ONE","Transaction":"236"} | ret=SUCCESS |  
2025-10-17 11:01:37,294 | INFO  | OMAudit | user=runner | ip=127.0.0.1 | op=READ_VOLUME {"volume":"6a219ec3-4706-4013-8e3e-9fec4d928d1c"} | ret=SUCCESS |  
2025-10-17 11:01:37,295 | INFO  | OMAudit | user=runner | ip=127.0.0.1 | op=READ_BUCKET {"volume":"6a219ec3-4706-4013-8e3e-9fec4d928d1c","bucket":"fba3069c-3770-4a0f-aea3-7365458179de"} | ret=SUCCESS |  
2025-10-17 11:01:37,296 | INFO  | OMAudit | user=runner | ip=127.0.0.1 | op=READ_BUCKET {"volume":"6a219ec3-4706-4013-8e3e-9fec4d928d1c","bucket":"fba3069c-3770-4a0f-aea3-7365458179de"} | ret=SUCCESS |  
2025-10-17 11:01:37,297 | INFO  | SCMAudit | user=runner | ip=127.0.0.1 | op=ALLOCATE_BLOCK {"replication":"RATIS/ONE","owner":"omServiceIdDefault","size":"4194304","sampleBlocks":"[conID: 7 locID: 115816896921600071]","num":"1","client":"","allocated":"1"} | ret=SUCCESS |  
2025-10-17 11:01:37,299 | INFO  | OMAudit | user=runner | ip=127.0.0.1 | op=ALLOCATE_KEY {"volume":"6a219ec3-4706-4013-8e3e-9fec4d928d1c","bucket":"fba3069c-3770-4a0f-aea3-7365458179de","key":"1a59e733-7bdd-40ba-8973-689913a01707","dataSize":"4194304","replicationType":"RATIS","replicationFactor":"ONE","Transaction":"237"} | ret=SUCCESS |  
2025-10-17 11:01:37,300 | INFO  | OMAudit | user=runner | ip=127.0.0.1 | op=READ_VOLUME {"volume":"6a219ec3-4706-4013-8e3e-9fec4d928d1c"} | ret=SUCCESS |  
2025-10-17 11:01:37,301 | INFO  | OMAudit | user=runner | ip=127.0.0.1 | op=READ_BUCKET {"volume":"6a219ec3-4706-4013-8e3e-9fec4d928d1c","bucket":"fba3069c-3770-4a0f-aea3-7365458179de"} | ret=SUCCESS |  
2025-10-17 11:01:37,329 | INFO  | SCMAudit | user=runner | ip=127.0.0.1 | op=SEND_HEARTBEAT {"datanodeUUID":"b292b6be-9482-4c30-a3e0-c9f721931b72","term":"2","command":"[]"} | ret=SUCCESS |  
2025-10-17 11:01:37,330 | INFO  | OMAudit | user=runner | ip=127.0.0.1 | op=COMMIT_KEY {"volume":"6a219ec3-4706-4013-8e3e-9fec4d928d1c","bucket":"fba3069c-3770-4a0f-aea3-7365458179de","key":"1a59e733-7bdd-40ba-8973-689913a01707","dataSize":"4194304","replicationType":"RATIS","replicationFactor":"ONE","Transaction":"238"} | ret=SUCCESS |  
2025-10-17 11:01:37,332 | INFO  | OMAudit | user=runner | ip=127.0.0.1 | op=READ_VOLUME {"volume":"6a219ec3-4706-4013-8e3e-9fec4d928d1c"} | ret=SUCCESS |  
2025-10-17 11:01:37,333 | INFO  | OMAudit | user=runner | ip=127.0.0.1 | op=READ_BUCKET {"volume":"6a219ec3-4706-4013-8e3e-9fec4d928d1c","bucket":"fba3069c-3770-4a0f-aea3-7365458179de"} | ret=SUCCESS |  
2025-10-17 11:01:37,409 | INFO  | SCMAudit | user=runner | ip=127.0.0.1 | op=SEND_HEARTBEAT {"datanodeUUID":"dbd6f242-9b73-4bca-a110-3e2ec656b979","term":"2","command":"[]"} | ret=SUCCESS |  
2025-10-17 11:01:37,489 | INFO  | SCMAudit | user=runner | ip=127.0.0.1 | op=SEND_HEARTBEAT {"datanodeUUID":"ed6e9581-5875-4278-a8db-50829892434b","term":"2","command":"[]"} | ret=SUCCESS |  
2025-10-17 11:01:37,521 | INFO  | SCMAudit | user=runner | ip=127.0.0.1 | op=SEND_HEARTBEAT {"datanodeUUID":"2b4cc429-f9c1-416c-9a38-6239a2e149ea","term":"2","command":"[]"} | ret=SUCCESS |  
2025-10-17 11:01:37,531 | INFO  | SCMAudit | user=runner | ip=127.0.0.1 | op=SEND_HEARTBEAT {"datanodeUUID":"b6f92338-e951-49df-a986-ea31ece96e9e","term":"2","command":"[]"} | ret=SUCCESS |  
2025-10-17 11:01:37,859 | INFO  | SCMAudit | user=runner | ip=127.0.0.1 | op=SEND_HEARTBEAT {"datanodeUUID":"3a11eef6-a527-493c-8ba3-ae39ecaefa56","term":"2","command":"[]"} | ret=SUCCESS |  
2025-10-17 11:01:37,917 | INFO  | SCMAudit | user=runner | ip=127.0.0.1 | op=SEND_HEARTBEAT {"datanodeUUID":"50dccd39-549f-4f43-8b1f-597bf98f9c16","term":"2","command":"[]"} | ret=SUCCESS |  
2025-10-17 11:01:37,965 | INFO  | SCMAudit | user=runner | ip=127.0.0.1 | op=SEND_HEARTBEAT {"datanodeUUID":"309ab1ff-9f5a-4058-8b2f-94d451ce5267","term":"2","command":"[]"} | ret=SUCCESS |  
2025-10-17 11:01:38,015 | INFO  | SCMAudit | user=runner | ip=127.0.0.1 | op=SEND_HEARTBEAT {"datanodeUUID":"b1eee25a-1fdf-4744-83c7-58e0513fce3b","term":"2","command":"[]"} | ret=SUCCESS |  
2025-10-17 11:01:38,051 | INFO  | SCMAudit | user=runner | ip=127.0.0.1 | op=SEND_HEARTBEAT {"datanodeUUID":"99c47355-c013-4450-a734-aff6d3c99677","term":"2","command":"[]"} | ret=SUCCESS |  
2025-10-17 11:01:38,118 [om1-KeyDeletingService#2] INFO  service.KeyDeletingService (KeyDeletingService.java:processKeyDeletes(151)) - Send 1 key(s) to SCM, first 1 keys: [PurgedKey{blockGroup=BlockGroup[groupID='/6a219ec3-4706-4013-8e3e-9fec4d928d1c/fba3069c-3770-4a0f-aea3-7365458179de/1a59e733-7bdd-40ba-8973-689913a01707/-9223372036854714880/0', blockIDs=[conID: 8 locID: 115816896921600070 bcsId: 0 replicaIndex: null]], volume='6a219ec3-4706-4013-8e3e-9fec4d928d1c', bucket='fba3069c-3770-4a0f-aea3-7365458179de', bucketId=-9223372036854715904, purgedBytes=4194304, isCommittedKey=true, deleteKeyName='/6a219ec3-4706-4013-8e3e-9fec4d928d1c/fba3069c-3770-4a0f-aea3-7365458179de/1a59e733-7bdd-40ba-8973-689913a01707/-9223372036854714880'}]
2025-10-17 11:01:38,120 | INFO  | SCMAudit | user=runner | ip=127.0.0.1 | op=DELETE_KEY_BLOCK {"KeyBlockToDelete":"[BlockGroup[groupID='/6a219ec3-4706-4013-8e3e-9fec4d928d1c/fba3069c-3770-4a0f-aea3-7365458179de/1a59e733-7bdd-40ba-8973-689913a01707/-9223372036854714880/0', blockIDs=[conID: 8 locID: 115816896921600070 bcsId: 0 replicaIndex: null]]]"} | ret=SUCCESS |  
2025-10-17 11:01:38,120 [om1-KeyDeletingService#2] INFO  service.KeyDeletingService (KeyDeletingService.java:processKeyDeletes(158)) - 1 BlockGroup deletion are acked by SCM in 3 ms
2025-10-17 11:01:38,122 [om1-KeyDeletingService#2] INFO  service.KeyDeletingService (KeyDeletingService.java:processKeyDeletes(166)) - Blocks for 1 (out of 1) keys are deleted from DB in 1 ms. Limit per task is 50000.
2025-10-17 11:01:38,171 | INFO  | SCMAudit | user=runner | ip=127.0.0.1 | op=SEND_HEARTBEAT {"datanodeUUID":"718bfa29-2c47-4ab5-ac61-3dfe9c6b9d5c","term":"2","command":"[]"} | ret=SUCCESS |  
2025-10-17 11:01:38,205 | INFO  | SCMAudit | user=runner | ip=127.0.0.1 | op=SEND_HEARTBEAT {"datanodeUUID":"a5293c95-44e9-4ea9-88ca-89089eac4b59","term":"2","command":"[]"} | ret=SUCCESS |  
2025-10-17 11:01:38,233 | INFO  | SCMAudit | user=runner | ip=127.0.0.1 | op=SEND_HEARTBEAT {"datanodeUUID":"7995ae7b-77ec-4e72-809d-814459f62ee0","term":"2","command":"[]"} | ret=SUCCESS |  
2025-10-17 11:01:38,255 | INFO  | SCMAudit | user=runner | ip=127.0.0.1 | op=SEND_HEARTBEAT {"datanodeUUID":"28c08cd4-c049-4c66-8210-e254cf68b291","term":"2","command":"[]"} | ret=SUCCESS |  
2025-10-17 11:01:38,329 | INFO  | SCMAudit | user=runner | ip=127.0.0.1 | op=SEND_HEARTBEAT {"datanodeUUID":"b292b6be-9482-4c30-a3e0-c9f721931b72","term":"2","command":"[]"} | ret=SUCCESS |  
2025-10-17 11:01:38,334 | INFO  | OMAudit | user=runner | ip=127.0.0.1 | op=READ_VOLUME {"volume":"6a219ec3-4706-4013-8e3e-9fec4d928d1c"} | ret=SUCCESS |  
2025-10-17 11:01:38,335 | INFO  | OMAudit | user=runner | ip=127.0.0.1 | op=READ_BUCKET {"volume":"6a219ec3-4706-4013-8e3e-9fec4d928d1c","bucket":"fba3069c-3770-4a0f-aea3-7365458179de"} | ret=SUCCESS |  
2025-10-17 11:01:38,339 | INFO  | OMAudit | user=runner | ip=127.0.0.1 | op=DELETE_KEY {"volume":"6a219ec3-4706-4013-8e3e-9fec4d928d1c","bucket":"fba3069c-3770-4a0f-aea3-7365458179de","key":"1a59e733-7bdd-40ba-8973-689913a01707","dataSize":"4194304","replicationConfig":"RATIS/ONE","Transaction":"240"} | ret=SUCCESS |  
2025-10-17 11:01:38,340 | INFO  | OMAudit | user=runner | ip=127.0.0.1 | op=READ_VOLUME {"volume":"6a219ec3-4706-4013-8e3e-9fec4d928d1c"} | ret=SUCCESS |  
2025-10-17 11:01:38,341 | INFO  | OMAudit | user=runner | ip=127.0.0.1 | op=READ_BUCKET {"volume":"6a219ec3-4706-4013-8e3e-9fec4d928d1c","bucket":"fba3069c-3770-4a0f-aea3-7365458179de"} | ret=SUCCESS |  
2025-10-17 11:01:38,410 | INFO  | SCMAudit | user=runner | ip=127.0.0.1 | op=SEND_HEARTBEAT {"datanodeUUID":"dbd6f242-9b73-4bca-a110-3e2ec656b979","term":"2","command":"[]"} | ret=SUCCESS |  
2025-10-17 11:01:38,489 | INFO  | SCMAudit | user=runner | ip=127.0.0.1 | op=SEND_HEARTBEAT {"datanodeUUID":"ed6e9581-5875-4278-a8db-50829892434b","term":"2","command":"[]"} | ret=SUCCESS |  
2025-10-17 11:01:38,521 | INFO  | SCMAudit | user=runner | ip=127.0.0.1 | op=SEND_HEARTBEAT {"datanodeUUID":"2b4cc429-f9c1-416c-9a38-6239a2e149ea","term":"2","command":"[]"} | ret=SUCCESS |  
2025-10-17 11:01:38,531 | INFO  | SCMAudit | user=runner | ip=127.0.0.1 | op=SEND_HEARTBEAT {"datanodeUUID":"b6f92338-e951-49df-a986-ea31ece96e9e","term":"2","command":"[]"} | ret=SUCCESS |  
2025-10-17 11:01:38,858 | INFO  | SCMAudit | user=runner | ip=127.0.0.1 | op=SEND_HEARTBEAT {"datanodeUUID":"3a11eef6-a527-493c-8ba3-ae39ecaefa56","term":"2","command":"[]"} | ret=SUCCESS |  
2025-10-17 11:01:38,917 | INFO  | SCMAudit | user=runner | ip=127.0.0.1 | op=SEND_HEARTBEAT {"datanodeUUID":"50dccd39-549f-4f43-8b1f-597bf98f9c16","term":"2","command":"[]"} | ret=SUCCESS |  
2025-10-17 11:01:38,965 | INFO  | SCMAudit | user=runner | ip=127.0.0.1 | op=SEND_HEARTBEAT {"datanodeUUID":"309ab1ff-9f5a-4058-8b2f-94d451ce5267","term":"2","command":"[]"} | ret=SUCCESS |  
2025-10-17 11:01:39,015 | INFO  | SCMAudit | user=runner | ip=127.0.0.1 | op=SEND_HEARTBEAT {"datanodeUUID":"b1eee25a-1fdf-4744-83c7-58e0513fce3b","term":"2","command":"[]"} | ret=SUCCESS |  
2025-10-17 11:01:39,052 | INFO  | SCMAudit | user=runner | ip=127.0.0.1 | op=SEND_HEARTBEAT {"datanodeUUID":"99c47355-c013-4450-a734-aff6d3c99677","term":"2","command":"[]"} | ret=SUCCESS |  
2025-10-17 11:01:39,118 [om1-KeyDeletingService#9] INFO  service.KeyDeletingService (KeyDeletingService.java:processKeyDeletes(151)) - Send 1 key(s) to SCM, first 1 keys: [PurgedKey{blockGroup=BlockGroup[groupID='/6a219ec3-4706-4013-8e3e-9fec4d928d1c/fba3069c-3770-4a0f-aea3-7365458179de/1a59e733-7bdd-40ba-8973-689913a01707/-9223372036854715647/0', blockIDs=[conID: 7 locID: 115816896921600071 bcsId: 0 replicaIndex: null]], volume='6a219ec3-4706-4013-8e3e-9fec4d928d1c', bucket='fba3069c-3770-4a0f-aea3-7365458179de', bucketId=-9223372036854715904, purgedBytes=4194304, isCommittedKey=true, deleteKeyName='/6a219ec3-4706-4013-8e3e-9fec4d928d1c/fba3069c-3770-4a0f-aea3-7365458179de/1a59e733-7bdd-40ba-8973-689913a01707/-9223372036854715647'}]
2025-10-17 11:01:39,120 | INFO  | SCMAudit | user=runner | ip=127.0.0.1 | op=DELETE_KEY_BLOCK {"KeyBlockToDelete":"[BlockGroup[groupID='/6a219ec3-4706-4013-8e3e-9fec4d928d1c/fba3069c-3770-4a0f-aea3-7365458179de/1a59e733-7bdd-40ba-8973-689913a01707/-9223372036854715647/0', blockIDs=[conID: 7 locID: 115816896921600071 bcsId: 0 replicaIndex: null]]]"} | ret=SUCCESS |  
2025-10-17 11:01:39,121 [om1-KeyDeletingService#9] INFO  service.KeyDeletingService (KeyDeletingService.java:processKeyDeletes(158)) - 1 BlockGroup deletion are acked by SCM in 3 ms
2025-10-17 11:01:39,122 [om1-KeyDeletingService#9] INFO  service.KeyDeletingService (KeyDeletingService.java:processKeyDeletes(166)) - Blocks for 1 (out of 1) keys are deleted from DB in 2 ms. Limit per task is 50000.
2025-10-17 11:01:39,170 | INFO  | SCMAudit | user=runner | ip=127.0.0.1 | op=SEND_HEARTBEAT {"datanodeUUID":"718bfa29-2c47-4ab5-ac61-3dfe9c6b9d5c","term":"2","command":"[]"} | ret=SUCCESS |  
2025-10-17 11:01:39,204 | INFO  | SCMAudit | user=runner | ip=127.0.0.1 | op=SEND_HEARTBEAT {"datanodeUUID":"a5293c95-44e9-4ea9-88ca-89089eac4b59","term":"2","command":"[]"} | ret=SUCCESS |  
2025-10-17 11:01:39,234 | INFO  | SCMAudit | user=runner | ip=127.0.0.1 | op=SEND_HEARTBEAT {"datanodeUUID":"7995ae7b-77ec-4e72-809d-814459f62ee0","term":"2","command":"[]"} | ret=SUCCESS |  
2025-10-17 11:01:39,255 | INFO  | SCMAudit | user=runner | ip=127.0.0.1 | op=SEND_HEARTBEAT {"datanodeUUID":"28c08cd4-c049-4c66-8210-e254cf68b291","term":"2","command":"[]"} | ret=SUCCESS |  
2025-10-17 11:01:39,329 | INFO  | SCMAudit | user=runner | ip=127.0.0.1 | op=SEND_HEARTBEAT {"datanodeUUID":"b292b6be-9482-4c30-a3e0-c9f721931b72","term":"2","command":"[]"} | ret=SUCCESS |  
2025-10-17 11:01:39,342 | INFO  | OMAudit | user=runner | ip=127.0.0.1 | op=READ_VOLUME {"volume":"6a219ec3-4706-4013-8e3e-9fec4d928d1c"} | ret=SUCCESS |  
2025-10-17 11:01:39,343 | INFO  | OMAudit | user=runner | ip=127.0.0.1 | op=READ_BUCKET {"volume":"6a219ec3-4706-4013-8e3e-9fec4d928d1c","bucket":"fba3069c-3770-4a0f-aea3-7365458179de"} | ret=SUCCESS |  
2025-10-17 11:01:39,344 [ForkJoinPool-1-worker-1] INFO  rpc.RpcClient (RpcClient.java:createVolume(461)) - Creating Volume: 26168403-966a-40b6-a36b-d5bacb020744, with runner as owner and space quota set to -1 bytes, counts quota set to -1
2025-10-17 11:01:39,346 [om1-OMStateMachineApplyTransactionThread - 0] INFO  volume.OMVolumeCreateRequest (OMVolumeCreateRequest.java:validateAndUpdateCache(213)) - created volume:26168403-966a-40b6-a36b-d5bacb020744 for user:runner
2025-10-17 11:01:39,347 | INFO  | OMAudit | user=runner | ip=127.0.0.1 | op=CREATE_VOLUME {"admin":"runner","owner":"runner","volume":"26168403-966a-40b6-a36b-d5bacb020744","creationTime":"1760698899345","modificationTime":"1760698899345","quotaInBytes":"-1","quotaInNamespace":"-1","usedNamespace":"0","objectID":"-9223372036854713856","updateID":"242","Transaction":"242"} | ret=SUCCESS |  
2025-10-17 11:01:39,348 | INFO  | OMAudit | user=runner | ip=127.0.0.1 | op=READ_VOLUME {"volume":"26168403-966a-40b6-a36b-d5bacb020744"} | ret=SUCCESS |  
2025-10-17 11:01:39,348 [ForkJoinPool-1-worker-1] INFO  rpc.RpcClient (RpcClient.java:createBucket(686)) - Creating Bucket: 26168403-966a-40b6-a36b-d5bacb020744/0a71941d-c37a-4b04-8514-26382cd85c8e, with server-side default bucket layout, runner as owner, Versioning false, Storage Type set to DISK and Encryption set to false, Replication Type set to server-side default replication type, Namespace Quota set to -1, Space Quota set to -1 
2025-10-17 11:01:39,350 [om1-OMStateMachineApplyTransactionThread - 0] INFO  bucket.OMBucketCreateRequest (OMBucketCreateRequest.java:validateAndUpdateCache(303)) - created bucket: 0a71941d-c37a-4b04-8514-26382cd85c8e of layout FILE_SYSTEM_OPTIMIZED in volume: 26168403-966a-40b6-a36b-d5bacb020744
2025-10-17 11:01:39,350 | INFO  | OMAudit | user=runner | ip=127.0.0.1 | op=CREATE_BUCKET {"volume":"26168403-966a-40b6-a36b-d5bacb020744","bucket":"0a71941d-c37a-4b04-8514-26382cd85c8e","bucketLayout":"FILE_SYSTEM_OPTIMIZED","gdprEnabled":null,"acls":"[user:runner:a[ACCESS], group:runner:rl[ACCESS]]","isVersionEnabled":"false","storageType":"DISK","creationTime":"1760698899349","bucketEncryptionKey":null,"modificationTime":"1760698899349","usedBytes":"0","usedNamespace":"0","snapshotUsedBytes":"0","snapshotUsedNamespace":"0","owner":"runner","replicationType":null,"replicationConfig":null,"quotaInBytes":"-1","quotaInNamespace":"-1","Transaction":"243"} | ret=SUCCESS |  
2025-10-17 11:01:39,351 | INFO  | OMAudit | user=runner | ip=127.0.0.1 | op=READ_BUCKET {"volume":"26168403-966a-40b6-a36b-d5bacb020744","bucket":"0a71941d-c37a-4b04-8514-26382cd85c8e"} | ret=SUCCESS |  
2025-10-17 11:01:39,353 | INFO  | OMAudit | user=runner | ip=127.0.0.1 | op=READ_BUCKET {"volume":"26168403-966a-40b6-a36b-d5bacb020744","bucket":"0a71941d-c37a-4b04-8514-26382cd85c8e"} | ret=SUCCESS |  
2025-10-17 11:01:39,353 | INFO  | SCMAudit | user=runner | ip=127.0.0.1 | op=ALLOCATE_BLOCK {"replication":"RATIS/ONE","owner":"omServiceIdDefault","size":"4194304","sampleBlocks":"[conID: 10 locID: 115816896921600072, conID: 6 locID: 115816896921600073]","num":"2","client":"","allocated":"2"} | ret=SUCCESS |  
2025-10-17 11:01:39,356 | INFO  | OMAudit | user=runner | ip=127.0.0.1 | op=ALLOCATE_KEY {"volume":"26168403-966a-40b6-a36b-d5bacb020744","bucket":"0a71941d-c37a-4b04-8514-26382cd85c8e","key":"780d9c48-4231-42ef-b4b7-058bde35ac19","dataSize":"4194305","replicationType":"RATIS","replicationFactor":"ONE","Transaction":"244"} | ret=SUCCESS |  
2025-10-17 11:01:39,357 | INFO  | OMAudit | user=runner | ip=127.0.0.1 | op=READ_VOLUME {"volume":"26168403-966a-40b6-a36b-d5bacb020744"} | ret=SUCCESS |  
2025-10-17 11:01:39,358 | INFO  | OMAudit | user=runner | ip=127.0.0.1 | op=READ_BUCKET {"volume":"26168403-966a-40b6-a36b-d5bacb020744","bucket":"0a71941d-c37a-4b04-8514-26382cd85c8e"} | ret=SUCCESS |  
2025-10-17 11:01:39,385 | INFO  | OMAudit | user=runner | ip=127.0.0.1 | op=COMMIT_KEY {"volume":"26168403-966a-40b6-a36b-d5bacb020744","bucket":"0a71941d-c37a-4b04-8514-26382cd85c8e","key":"780d9c48-4231-42ef-b4b7-058bde35ac19","dataSize":"4194305","replicationType":"RATIS","replicationFactor":"ONE","Transaction":"245"} | ret=SUCCESS |  
2025-10-17 11:01:39,387 | INFO  | OMAudit | user=runner | ip=127.0.0.1 | op=READ_VOLUME {"volume":"26168403-966a-40b6-a36b-d5bacb020744"} | ret=SUCCESS |  
2025-10-17 11:01:39,388 | INFO  | OMAudit | user=runner | ip=127.0.0.1 | op=READ_BUCKET {"volume":"26168403-966a-40b6-a36b-d5bacb020744","bucket":"0a71941d-c37a-4b04-8514-26382cd85c8e"} | ret=SUCCESS |  
2025-10-17 11:01:39,389 | INFO  | OMAudit | user=runner | ip=127.0.0.1 | op=READ_BUCKET {"volume":"26168403-966a-40b6-a36b-d5bacb020744","bucket":"0a71941d-c37a-4b04-8514-26382cd85c8e"} | ret=SUCCESS |  
2025-10-17 11:01:39,390 | INFO  | SCMAudit | user=runner | ip=127.0.0.1 | op=ALLOCATE_BLOCK {"replication":"RATIS/ONE","owner":"omServiceIdDefault","size":"4194304","sampleBlocks":"[conID: 4 locID: 115816896921600074, conID: 9 locID: 115816896921600075]","num":"2","client":"","allocated":"2"} | ret=SUCCESS |  
2025-10-17 11:01:39,392 | INFO  | OMAudit | user=runner | ip=127.0.0.1 | op=ALLOCATE_KEY {"volume":"26168403-966a-40b6-a36b-d5bacb020744","bucket":"0a71941d-c37a-4b04-8514-26382cd85c8e","key":"780d9c48-4231-42ef-b4b7-058bde35ac19","dataSize":"4194305","replicationType":"RATIS","replicationFactor":"ONE","Transaction":"246"} | ret=SUCCESS |  
2025-10-17 11:01:39,394 | INFO  | OMAudit | user=runner | ip=127.0.0.1 | op=READ_VOLUME {"volume":"26168403-966a-40b6-a36b-d5bacb020744"} | ret=SUCCESS |  
2025-10-17 11:01:39,394 | INFO  | OMAudit | user=runner | ip=127.0.0.1 | op=READ_BUCKET {"volume":"26168403-966a-40b6-a36b-d5bacb020744","bucket":"0a71941d-c37a-4b04-8514-26382cd85c8e"} | ret=SUCCESS |  
2025-10-17 11:01:39,411 | INFO  | SCMAudit | user=runner | ip=127.0.0.1 | op=SEND_HEARTBEAT {"datanodeUUID":"dbd6f242-9b73-4bca-a110-3e2ec656b979","term":"2","command":"[]"} | ret=SUCCESS |  
2025-10-17 11:01:39,430 | INFO  | OMAudit | user=runner | ip=127.0.0.1 | op=COMMIT_KEY {"volume":"26168403-966a-40b6-a36b-d5bacb020744","bucket":"0a71941d-c37a-4b04-8514-26382cd85c8e","key":"780d9c48-4231-42ef-b4b7-058bde35ac19","dataSize":"4194305","replicationType":"RATIS","replicationFactor":"ONE","Transaction":"247"} | ret=SUCCESS |  
2025-10-17 11:01:39,432 | INFO  | OMAudit | user=runner | ip=127.0.0.1 | op=READ_VOLUME {"volume":"26168403-966a-40b6-a36b-d5bacb020744"} | ret=SUCCESS |  
2025-10-17 11:01:39,433 | INFO  | OMAudit | user=runner | ip=127.0.0.1 | op=READ_BUCKET {"volume":"26168403-966a-40b6-a36b-d5bacb020744","bucket":"0a71941d-c37a-4b04-8514-26382cd85c8e"} | ret=SUCCESS |  
2025-10-17 11:01:39,490 | INFO  | SCMAudit | user=runner | ip=127.0.0.1 | op=SEND_HEARTBEAT {"datanodeUUID":"ed6e9581-5875-4278-a8db-50829892434b","term":"2","command":"[]"} | ret=SUCCESS |  
2025-10-17 11:01:39,521 | INFO  | SCMAudit | user=runner | ip=127.0.0.1 | op=SEND_HEARTBEAT {"datanodeUUID":"2b4cc429-f9c1-416c-9a38-6239a2e149ea","term":"2","command":"[]"} | ret=SUCCESS |  
2025-10-17 11:01:39,531 | INFO  | SCMAudit | user=runner | ip=127.0.0.1 | op=SEND_HEARTBEAT {"datanodeUUID":"b6f92338-e951-49df-a986-ea31ece96e9e","term":"2","command":"[]"} | ret=SUCCESS |  
2025-10-17 11:01:39,858 | INFO  | SCMAudit | user=runner | ip=127.0.0.1 | op=SEND_HEARTBEAT {"datanodeUUID":"3a11eef6-a527-493c-8ba3-ae39ecaefa56","term":"2","command":"[]"} | ret=SUCCESS |  
2025-10-17 11:01:39,918 | INFO  | SCMAudit | user=runner | ip=127.0.0.1 | op=SEND_HEARTBEAT {"datanodeUUID":"50dccd39-549f-4f43-8b1f-597bf98f9c16","term":"2","command":"[]"} | ret=SUCCESS |  
2025-10-17 11:01:39,966 | INFO  | SCMAudit | user=runner | ip=127.0.0.1 | op=SEND_HEARTBEAT {"datanodeUUID":"309ab1ff-9f5a-4058-8b2f-94d451ce5267","term":"2","command":"[]"} | ret=SUCCESS |  
2025-10-17 11:01:40,015 | INFO  | SCMAudit | user=runner | ip=127.0.0.1 | op=SEND_HEARTBEAT {"datanodeUUID":"b1eee25a-1fdf-4744-83c7-58e0513fce3b","term":"2","command":"[]"} | ret=SUCCESS |  
2025-10-17 11:01:40,052 | INFO  | SCMAudit | user=runner | ip=127.0.0.1 | op=SEND_HEARTBEAT {"datanodeUUID":"99c47355-c013-4450-a734-aff6d3c99677","term":"2","command":"[]"} | ret=SUCCESS |  
2025-10-17 11:01:40,118 [om1-KeyDeletingService#7] INFO  service.KeyDeletingService (KeyDeletingService.java:processKeyDeletes(151)) - Send 1 key(s) to SCM, first 1 keys: [PurgedKey{blockGroup=BlockGroup[groupID='/26168403-966a-40b6-a36b-d5bacb020744/0a71941d-c37a-4b04-8514-26382cd85c8e/780d9c48-4231-42ef-b4b7-058bde35ac19/-9223372036854712576/0', blockIDs=[conID: 10 locID: 115816896921600072 bcsId: 0 replicaIndex: null, conID: 6 locID: 115816896921600073 bcsId: 0 replicaIndex: null]], volume='26168403-966a-40b6-a36b-d5bacb020744', bucket='0a71941d-c37a-4b04-8514-26382cd85c8e', bucketId=-9223372036854713600, purgedBytes=4194305, isCommittedKey=true, deleteKeyName='/26168403-966a-40b6-a36b-d5bacb020744/0a71941d-c37a-4b04-8514-26382cd85c8e/780d9c48-4231-42ef-b4b7-058bde35ac19/-9223372036854712576'}]
2025-10-17 11:01:40,120 | INFO  | SCMAudit | user=runner | ip=127.0.0.1 | op=DELETE_KEY_BLOCK {"KeyBlockToDelete":"[BlockGroup[groupID='/26168403-966a-40b6-a36b-d5bacb020744/0a71941d-c37a-4b04-8514-26382cd85c8e/780d9c48-4231-42ef-b4b7-058bde35ac19/-9223372036854712576/0', blockIDs=[conID: 10 locID: 115816896921600072 bcsId: 0 replicaIndex: null, conID: 6 locID: 115816896921600073 bcsId: 0 replicaIndex: null]]]"} | ret=SUCCESS |  
2025-10-17 11:01:40,121 [om1-KeyDeletingService#7] INFO  service.KeyDeletingService (KeyDeletingService.java:processKeyDeletes(158)) - 1 BlockGroup deletion are acked by SCM in 2 ms
2025-10-17 11:01:40,122 [om1-KeyDeletingService#7] INFO  service.KeyDeletingService (KeyDeletingService.java:processKeyDeletes(166)) - Blocks for 1 (out of 1) keys are deleted from DB in 2 ms. Limit per task is 50000.
2025-10-17 11:01:40,170 | INFO  | SCMAudit | user=runner | ip=127.0.0.1 | op=SEND_HEARTBEAT {"datanodeUUID":"718bfa29-2c47-4ab5-ac61-3dfe9c6b9d5c","term":"2","command":"[]"} | ret=SUCCESS |  
2025-10-17 11:01:40,205 | INFO  | SCMAudit | user=runner | ip=127.0.0.1 | op=SEND_HEARTBEAT {"datanodeUUID":"a5293c95-44e9-4ea9-88ca-89089eac4b59","term":"2","command":"[]"} | ret=SUCCESS |  
2025-10-17 11:01:40,233 | INFO  | SCMAudit | user=runner | ip=127.0.0.1 | op=SEND_HEARTBEAT {"datanodeUUID":"7995ae7b-77ec-4e72-809d-814459f62ee0","term":"2","command":"[]"} | ret=SUCCESS |  
2025-10-17 11:01:40,255 | INFO  | SCMAudit | user=runner | ip=127.0.0.1 | op=SEND_HEARTBEAT {"datanodeUUID":"28c08cd4-c049-4c66-8210-e254cf68b291","term":"2","command":"[]"} | ret=SUCCESS |  
2025-10-17 11:01:40,330 | INFO  | SCMAudit | user=runner | ip=127.0.0.1 | op=SEND_HEARTBEAT {"datanodeUUID":"b292b6be-9482-4c30-a3e0-c9f721931b72","term":"2","command":"[]"} | ret=SUCCESS |  
2025-10-17 11:01:40,410 | INFO  | SCMAudit | user=runner | ip=127.0.0.1 | op=SEND_HEARTBEAT {"datanodeUUID":"dbd6f242-9b73-4bca-a110-3e2ec656b979","term":"2","command":"[]"} | ret=SUCCESS |  
2025-10-17 11:01:40,435 | INFO  | OMAudit | user=runner | ip=127.0.0.1 | op=READ_VOLUME {"volume":"26168403-966a-40b6-a36b-d5bacb020744"} | ret=SUCCESS |  
2025-10-17 11:01:40,436 | INFO  | OMAudit | user=runner | ip=127.0.0.1 | op=READ_BUCKET {"volume":"26168403-966a-40b6-a36b-d5bacb020744","bucket":"0a71941d-c37a-4b04-8514-26382cd85c8e"} | ret=SUCCESS |  
2025-10-17 11:01:40,439 | INFO  | OMAudit | user=runner | ip=127.0.0.1 | op=DELETE_KEY {"volume":"26168403-966a-40b6-a36b-d5bacb020744","bucket":"0a71941d-c37a-4b04-8514-26382cd85c8e","key":"780d9c48-4231-42ef-b4b7-058bde35ac19","dataSize":"4194305","replicationConfig":"RATIS/ONE","Transaction":"249"} | ret=SUCCESS |  
2025-10-17 11:01:40,440 | INFO  | OMAudit | user=runner | ip=127.0.0.1 | op=READ_VOLUME {"volume":"26168403-966a-40b6-a36b-d5bacb020744"} | ret=SUCCESS |  
2025-10-17 11:01:40,441 | INFO  | OMAudit | user=runner | ip=127.0.0.1 | op=READ_BUCKET {"volume":"26168403-966a-40b6-a36b-d5bacb020744","bucket":"0a71941d-c37a-4b04-8514-26382cd85c8e"} | ret=SUCCESS |  
2025-10-17 11:01:40,489 | INFO  | SCMAudit | user=runner | ip=127.0.0.1 | op=SEND_HEARTBEAT {"datanodeUUID":"ed6e9581-5875-4278-a8db-50829892434b","term":"2","command":"[]"} | ret=SUCCESS |  
2025-10-17 11:01:40,521 | INFO  | SCMAudit | user=runner | ip=127.0.0.1 | op=SEND_HEARTBEAT {"datanodeUUID":"2b4cc429-f9c1-416c-9a38-6239a2e149ea","term":"2","command":"[]"} | ret=SUCCESS |  
2025-10-17 11:01:40,531 | INFO  | SCMAudit | user=runner | ip=127.0.0.1 | op=SEND_HEARTBEAT {"datanodeUUID":"b6f92338-e951-49df-a986-ea31ece96e9e","term":"2","command":"[]"} | ret=SUCCESS |  
2025-10-17 11:01:40,859 | INFO  | SCMAudit | user=runner | ip=127.0.0.1 | op=SEND_HEARTBEAT {"datanodeUUID":"3a11eef6-a527-493c-8ba3-ae39ecaefa56","term":"2","command":"[]"} | ret=SUCCESS |  
2025-10-17 11:01:40,918 | INFO  | SCMAudit | user=runner | ip=127.0.0.1 | op=SEND_HEARTBEAT {"datanodeUUID":"50dccd39-549f-4f43-8b1f-597bf98f9c16","term":"2","command":"[]"} | ret=SUCCESS |  
2025-10-17 11:01:40,966 | INFO  | SCMAudit | user=runner | ip=127.0.0.1 | op=SEND_HEARTBEAT {"datanodeUUID":"309ab1ff-9f5a-4058-8b2f-94d451ce5267","term":"2","command":"[]"} | ret=SUCCESS |  
2025-10-17 11:01:41,015 | INFO  | SCMAudit | user=runner | ip=127.0.0.1 | op=SEND_HEARTBEAT {"datanodeUUID":"b1eee25a-1fdf-4744-83c7-58e0513fce3b","term":"2","command":"[]"} | ret=SUCCESS |  
2025-10-17 11:01:41,051 | INFO  | SCMAudit | user=runner | ip=127.0.0.1 | op=SEND_HEARTBEAT {"datanodeUUID":"99c47355-c013-4450-a734-aff6d3c99677","term":"2","command":"[]"} | ret=SUCCESS |  
2025-10-17 11:01:41,118 [om1-KeyDeletingService#1] INFO  service.KeyDeletingService (KeyDeletingService.java:processKeyDeletes(151)) - Send 1 key(s) to SCM, first 1 keys: [PurgedKey{blockGroup=BlockGroup[groupID='/26168403-966a-40b6-a36b-d5bacb020744/0a71941d-c37a-4b04-8514-26382cd85c8e/780d9c48-4231-42ef-b4b7-058bde35ac19/-9223372036854713343/0', blockIDs=[conID: 4 locID: 115816896921600074 bcsId: 0 replicaIndex: null, conID: 9 locID: 115816896921600075 bcsId: 0 replicaIndex: null]], volume='26168403-966a-40b6-a36b-d5bacb020744', bucket='0a71941d-c37a-4b04-8514-26382cd85c8e', bucketId=-9223372036854713600, purgedBytes=4194305, isCommittedKey=true, deleteKeyName='/26168403-966a-40b6-a36b-d5bacb020744/0a71941d-c37a-4b04-8514-26382cd85c8e/780d9c48-4231-42ef-b4b7-058bde35ac19/-9223372036854713343'}]
2025-10-17 11:01:41,120 | INFO  | SCMAudit | user=runner | ip=127.0.0.1 | op=DELETE_KEY_BLOCK {"KeyBlockToDelete":"[BlockGroup[groupID='/26168403-966a-40b6-a36b-d5bacb020744/0a71941d-c37a-4b04-8514-26382cd85c8e/780d9c48-4231-42ef-b4b7-058bde35ac19/-9223372036854713343/0', blockIDs=[conID: 4 locID: 115816896921600074 bcsId: 0 replicaIndex: null, conID: 9 locID: 115816896921600075 bcsId: 0 replicaIndex: null]]]"} | ret=SUCCESS |  
2025-10-17 11:01:41,121 [om1-KeyDeletingService#1] INFO  service.KeyDeletingService (KeyDeletingService.java:processKeyDeletes(158)) - 1 BlockGroup deletion are acked by SCM in 2 ms
2025-10-17 11:01:41,122 [om1-KeyDeletingService#1] INFO  service.KeyDeletingService (KeyDeletingService.java:processKeyDeletes(166)) - Blocks for 1 (out of 1) keys are deleted from DB in 2 ms. Limit per task is 50000.
2025-10-17 11:01:41,170 | INFO  | SCMAudit | user=runner | ip=127.0.0.1 | op=SEND_HEARTBEAT {"datanodeUUID":"718bfa29-2c47-4ab5-ac61-3dfe9c6b9d5c","term":"2","command":"[]"} | ret=SUCCESS |  
2025-10-17 11:01:41,205 | INFO  | SCMAudit | user=runner | ip=127.0.0.1 | op=SEND_HEARTBEAT {"datanodeUUID":"a5293c95-44e9-4ea9-88ca-89089eac4b59","term":"2","command":"[]"} | ret=SUCCESS |  
2025-10-17 11:01:41,233 | INFO  | SCMAudit | user=runner | ip=127.0.0.1 | op=SEND_HEARTBEAT {"datanodeUUID":"7995ae7b-77ec-4e72-809d-814459f62ee0","term":"2","command":"[]"} | ret=SUCCESS |  
2025-10-17 11:01:41,255 | INFO  | SCMAudit | user=runner | ip=127.0.0.1 | op=SEND_HEARTBEAT {"datanodeUUID":"28c08cd4-c049-4c66-8210-e254cf68b291","term":"2","command":"[]"} | ret=SUCCESS |  
2025-10-17 11:01:41,330 | INFO  | SCMAudit | user=runner | ip=127.0.0.1 | op=SEND_HEARTBEAT {"datanodeUUID":"b292b6be-9482-4c30-a3e0-c9f721931b72","term":"2","command":"[]"} | ret=SUCCESS |  
2025-10-17 11:01:41,410 | INFO  | SCMAudit | user=runner | ip=127.0.0.1 | op=SEND_HEARTBEAT {"datanodeUUID":"dbd6f242-9b73-4bca-a110-3e2ec656b979","term":"2","command":"[]"} | ret=SUCCESS |  
2025-10-17 11:01:41,442 | INFO  | OMAudit | user=runner | ip=127.0.0.1 | op=READ_VOLUME {"volume":"26168403-966a-40b6-a36b-d5bacb020744"} | ret=SUCCESS |  
2025-10-17 11:01:41,443 | INFO  | OMAudit | user=runner | ip=127.0.0.1 | op=READ_BUCKET {"volume":"26168403-966a-40b6-a36b-d5bacb020744","bucket":"0a71941d-c37a-4b04-8514-26382cd85c8e"} | ret=SUCCESS |  
]]></system-out>
  </testcase>
  <testcase name="testBucketQuota(ReplicationConfig)[2]" classname="org.apache.hadoop.ozone.client.rpc.TestSecureOzoneRpcClient" time="16.106">
    <system-out><![CDATA[2025-10-17 11:01:41,446 [ForkJoinPool-1-worker-1] INFO  rpc.RpcClient (RpcClient.java:createVolume(461)) - Creating Volume: d5095cd2-e44b-49ed-b26e-ab43c61be678, with runner as owner and space quota set to -1 bytes, counts quota set to -1
2025-10-17 11:01:41,448 [om1-OMStateMachineApplyTransactionThread - 0] INFO  volume.OMVolumeCreateRequest (OMVolumeCreateRequest.java:validateAndUpdateCache(213)) - created volume:d5095cd2-e44b-49ed-b26e-ab43c61be678 for user:runner
2025-10-17 11:01:41,448 | INFO  | OMAudit | user=runner | ip=127.0.0.1 | op=CREATE_VOLUME {"admin":"runner","owner":"runner","volume":"d5095cd2-e44b-49ed-b26e-ab43c61be678","creationTime":"1760698901447","modificationTime":"1760698901447","quotaInBytes":"-1","quotaInNamespace":"-1","usedNamespace":"0","objectID":"-9223372036854711552","updateID":"251","Transaction":"251"} | ret=SUCCESS |  
2025-10-17 11:01:41,449 | INFO  | OMAudit | user=runner | ip=127.0.0.1 | op=READ_VOLUME {"volume":"d5095cd2-e44b-49ed-b26e-ab43c61be678"} | ret=SUCCESS |  
2025-10-17 11:01:41,449 [ForkJoinPool-1-worker-1] INFO  rpc.RpcClient (RpcClient.java:createBucket(686)) - Creating Bucket: d5095cd2-e44b-49ed-b26e-ab43c61be678/12c82dfc-f705-40bc-8f26-642c73586dff, with server-side default bucket layout, runner as owner, Versioning false, Storage Type set to DISK and Encryption set to false, Replication Type set to server-side default replication type, Namespace Quota set to -1, Space Quota set to -1 
2025-10-17 11:01:41,451 [om1-OMStateMachineApplyTransactionThread - 0] INFO  bucket.OMBucketCreateRequest (OMBucketCreateRequest.java:validateAndUpdateCache(303)) - created bucket: 12c82dfc-f705-40bc-8f26-642c73586dff of layout FILE_SYSTEM_OPTIMIZED in volume: d5095cd2-e44b-49ed-b26e-ab43c61be678
2025-10-17 11:01:41,451 | INFO  | OMAudit | user=runner | ip=127.0.0.1 | op=CREATE_BUCKET {"volume":"d5095cd2-e44b-49ed-b26e-ab43c61be678","bucket":"12c82dfc-f705-40bc-8f26-642c73586dff","bucketLayout":"FILE_SYSTEM_OPTIMIZED","gdprEnabled":null,"acls":"[user:runner:a[ACCESS], group:runner:rl[ACCESS]]","isVersionEnabled":"false","storageType":"DISK","creationTime":"1760698901450","bucketEncryptionKey":null,"modificationTime":"1760698901450","usedBytes":"0","usedNamespace":"0","snapshotUsedBytes":"0","snapshotUsedNamespace":"0","owner":"runner","replicationType":null,"replicationConfig":null,"quotaInBytes":"-1","quotaInNamespace":"-1","Transaction":"252"} | ret=SUCCESS |  
2025-10-17 11:01:41,453 | INFO  | OMAudit | user=runner | ip=127.0.0.1 | op=READ_BUCKET {"volume":"d5095cd2-e44b-49ed-b26e-ab43c61be678","bucket":"12c82dfc-f705-40bc-8f26-642c73586dff"} | ret=SUCCESS |  
2025-10-17 11:01:41,454 | INFO  | OMAudit | user=runner | ip=127.0.0.1 | op=READ_BUCKET {"volume":"d5095cd2-e44b-49ed-b26e-ab43c61be678","bucket":"12c82dfc-f705-40bc-8f26-642c73586dff"} | ret=SUCCESS |  
2025-10-17 11:01:41,456 | INFO  | SCMAudit | user=runner | ip=127.0.0.1 | op=ALLOCATE_BLOCK {"replication":"RATIS/THREE","owner":"omServiceIdDefault","size":"4194304","sampleBlocks":"[conID: 15 locID: 115816896921600076]","num":"1","client":"","allocated":"1"} | ret=SUCCESS |  
2025-10-17 11:01:41,458 | INFO  | OMAudit | user=runner | ip=127.0.0.1 | op=ALLOCATE_KEY {"volume":"d5095cd2-e44b-49ed-b26e-ab43c61be678","bucket":"12c82dfc-f705-40bc-8f26-642c73586dff","key":"53e9aeca-2fd8-4758-9b26-38a918b5d985","dataSize":"4194304","replicationType":"RATIS","replicationFactor":"THREE","Transaction":"253"} | ret=SUCCESS |  
2025-10-17 11:01:41,459 | INFO  | OMAudit | user=runner | ip=127.0.0.1 | op=READ_VOLUME {"volume":"d5095cd2-e44b-49ed-b26e-ab43c61be678"} | ret=SUCCESS |  
2025-10-17 11:01:41,460 | INFO  | OMAudit | user=runner | ip=127.0.0.1 | op=READ_BUCKET {"volume":"d5095cd2-e44b-49ed-b26e-ab43c61be678","bucket":"12c82dfc-f705-40bc-8f26-642c73586dff"} | ret=SUCCESS |  
2025-10-17 11:01:41,463 | INFO  | OMAudit | user=runner | ip=127.0.0.1 | op=COMMIT_KEY {"volume":"d5095cd2-e44b-49ed-b26e-ab43c61be678","bucket":"12c82dfc-f705-40bc-8f26-642c73586dff","key":"53e9aeca-2fd8-4758-9b26-38a918b5d985","dataSize":"0","replicationType":"RATIS","replicationFactor":"THREE","Transaction":"254"} | ret=SUCCESS |  
2025-10-17 11:01:41,464 | INFO  | OMAudit | user=runner | ip=127.0.0.1 | op=READ_VOLUME {"volume":"d5095cd2-e44b-49ed-b26e-ab43c61be678"} | ret=SUCCESS |  
2025-10-17 11:01:41,465 | INFO  | OMAudit | user=runner | ip=127.0.0.1 | op=READ_BUCKET {"volume":"d5095cd2-e44b-49ed-b26e-ab43c61be678","bucket":"12c82dfc-f705-40bc-8f26-642c73586dff"} | ret=SUCCESS |  
2025-10-17 11:01:41,466 | INFO  | OMAudit | user=runner | ip=127.0.0.1 | op=READ_BUCKET {"volume":"d5095cd2-e44b-49ed-b26e-ab43c61be678","bucket":"12c82dfc-f705-40bc-8f26-642c73586dff"} | ret=SUCCESS |  
2025-10-17 11:01:41,468 | INFO  | SCMAudit | user=runner | ip=127.0.0.1 | op=ALLOCATE_BLOCK {"replication":"RATIS/THREE","owner":"omServiceIdDefault","size":"4194304","sampleBlocks":"[conID: 16 locID: 115816896921600077]","num":"1","client":"","allocated":"1"} | ret=SUCCESS |  
2025-10-17 11:01:41,471 | INFO  | OMAudit | user=runner | ip=127.0.0.1 | op=ALLOCATE_KEY {"volume":"d5095cd2-e44b-49ed-b26e-ab43c61be678","bucket":"12c82dfc-f705-40bc-8f26-642c73586dff","key":"53e9aeca-2fd8-4758-9b26-38a918b5d985","dataSize":"4194304","replicationType":"RATIS","replicationFactor":"THREE","Transaction":"255"} | ret=SUCCESS |  
2025-10-17 11:01:41,472 | INFO  | OMAudit | user=runner | ip=127.0.0.1 | op=READ_VOLUME {"volume":"d5095cd2-e44b-49ed-b26e-ab43c61be678"} | ret=SUCCESS |  
2025-10-17 11:01:41,473 | INFO  | OMAudit | user=runner | ip=127.0.0.1 | op=READ_BUCKET {"volume":"d5095cd2-e44b-49ed-b26e-ab43c61be678","bucket":"12c82dfc-f705-40bc-8f26-642c73586dff"} | ret=SUCCESS |  
2025-10-17 11:01:41,476 | INFO  | OMAudit | user=runner | ip=127.0.0.1 | op=COMMIT_KEY {"volume":"d5095cd2-e44b-49ed-b26e-ab43c61be678","bucket":"12c82dfc-f705-40bc-8f26-642c73586dff","key":"53e9aeca-2fd8-4758-9b26-38a918b5d985","dataSize":"0","replicationType":"RATIS","replicationFactor":"THREE","Transaction":"256"} | ret=SUCCESS |  
2025-10-17 11:01:41,477 | INFO  | OMAudit | user=runner | ip=127.0.0.1 | op=READ_VOLUME {"volume":"d5095cd2-e44b-49ed-b26e-ab43c61be678"} | ret=SUCCESS |  
2025-10-17 11:01:41,478 | INFO  | OMAudit | user=runner | ip=127.0.0.1 | op=READ_BUCKET {"volume":"d5095cd2-e44b-49ed-b26e-ab43c61be678","bucket":"12c82dfc-f705-40bc-8f26-642c73586dff"} | ret=SUCCESS |  
2025-10-17 11:01:41,481 | INFO  | OMAudit | user=runner | ip=127.0.0.1 | op=DELETE_KEY {"volume":"d5095cd2-e44b-49ed-b26e-ab43c61be678","bucket":"12c82dfc-f705-40bc-8f26-642c73586dff","key":"53e9aeca-2fd8-4758-9b26-38a918b5d985","dataSize":"0","replicationConfig":"RATIS/THREE","Transaction":"257"} | ret=SUCCESS |  
2025-10-17 11:01:41,482 | INFO  | OMAudit | user=runner | ip=127.0.0.1 | op=READ_VOLUME {"volume":"d5095cd2-e44b-49ed-b26e-ab43c61be678"} | ret=SUCCESS |  
2025-10-17 11:01:41,483 | INFO  | OMAudit | user=runner | ip=127.0.0.1 | op=READ_BUCKET {"volume":"d5095cd2-e44b-49ed-b26e-ab43c61be678","bucket":"12c82dfc-f705-40bc-8f26-642c73586dff"} | ret=SUCCESS |  
2025-10-17 11:01:41,483 [ForkJoinPool-1-worker-1] INFO  rpc.RpcClient (RpcClient.java:createVolume(461)) - Creating Volume: 212bbd2a-d33b-4056-8b43-5c644bca1396, with runner as owner and space quota set to -1 bytes, counts quota set to -1
2025-10-17 11:01:41,485 [om1-OMStateMachineApplyTransactionThread - 0] INFO  volume.OMVolumeCreateRequest (OMVolumeCreateRequest.java:validateAndUpdateCache(213)) - created volume:212bbd2a-d33b-4056-8b43-5c644bca1396 for user:runner
2025-10-17 11:01:41,485 | INFO  | OMAudit | user=runner | ip=127.0.0.1 | op=CREATE_VOLUME {"admin":"runner","owner":"runner","volume":"212bbd2a-d33b-4056-8b43-5c644bca1396","creationTime":"1760698901484","modificationTime":"1760698901484","quotaInBytes":"-1","quotaInNamespace":"-1","usedNamespace":"0","objectID":"-9223372036854709760","updateID":"258","Transaction":"258"} | ret=SUCCESS |  
2025-10-17 11:01:41,486 | INFO  | OMAudit | user=runner | ip=127.0.0.1 | op=READ_VOLUME {"volume":"212bbd2a-d33b-4056-8b43-5c644bca1396"} | ret=SUCCESS |  
2025-10-17 11:01:41,486 [ForkJoinPool-1-worker-1] INFO  rpc.RpcClient (RpcClient.java:createBucket(686)) - Creating Bucket: 212bbd2a-d33b-4056-8b43-5c644bca1396/3ee423d8-1d3d-442e-9994-cfabe89feeec, with server-side default bucket layout, runner as owner, Versioning false, Storage Type set to DISK and Encryption set to false, Replication Type set to server-side default replication type, Namespace Quota set to -1, Space Quota set to -1 
2025-10-17 11:01:41,488 [om1-OMStateMachineApplyTransactionThread - 0] INFO  bucket.OMBucketCreateRequest (OMBucketCreateRequest.java:validateAndUpdateCache(303)) - created bucket: 3ee423d8-1d3d-442e-9994-cfabe89feeec of layout FILE_SYSTEM_OPTIMIZED in volume: 212bbd2a-d33b-4056-8b43-5c644bca1396
2025-10-17 11:01:41,488 | INFO  | OMAudit | user=runner | ip=127.0.0.1 | op=CREATE_BUCKET {"volume":"212bbd2a-d33b-4056-8b43-5c644bca1396","bucket":"3ee423d8-1d3d-442e-9994-cfabe89feeec","bucketLayout":"FILE_SYSTEM_OPTIMIZED","gdprEnabled":null,"acls":"[user:runner:a[ACCESS], group:runner:rl[ACCESS]]","isVersionEnabled":"false","storageType":"DISK","creationTime":"1760698901487","bucketEncryptionKey":null,"modificationTime":"1760698901487","usedBytes":"0","usedNamespace":"0","snapshotUsedBytes":"0","snapshotUsedNamespace":"0","owner":"runner","replicationType":null,"replicationConfig":null,"quotaInBytes":"-1","quotaInNamespace":"-1","Transaction":"259"} | ret=SUCCESS |  
2025-10-17 11:01:41,489 | INFO  | SCMAudit | user=runner | ip=127.0.0.1 | op=SEND_HEARTBEAT {"datanodeUUID":"ed6e9581-5875-4278-a8db-50829892434b","term":"2","command":"[]"} | ret=SUCCESS |  
2025-10-17 11:01:41,489 | INFO  | OMAudit | user=runner | ip=127.0.0.1 | op=READ_BUCKET {"volume":"212bbd2a-d33b-4056-8b43-5c644bca1396","bucket":"3ee423d8-1d3d-442e-9994-cfabe89feeec"} | ret=SUCCESS |  
2025-10-17 11:01:41,490 | INFO  | OMAudit | user=runner | ip=127.0.0.1 | op=READ_BUCKET {"volume":"212bbd2a-d33b-4056-8b43-5c644bca1396","bucket":"3ee423d8-1d3d-442e-9994-cfabe89feeec"} | ret=SUCCESS |  
2025-10-17 11:01:41,492 | INFO  | SCMAudit | user=runner | ip=127.0.0.1 | op=ALLOCATE_BLOCK {"replication":"RATIS/THREE","owner":"omServiceIdDefault","size":"4194304","sampleBlocks":"[conID: 17 locID: 115816896921600078]","num":"1","client":"","allocated":"1"} | ret=SUCCESS |  
2025-10-17 11:01:41,494 | INFO  | OMAudit | user=runner | ip=127.0.0.1 | op=ALLOCATE_KEY {"volume":"212bbd2a-d33b-4056-8b43-5c644bca1396","bucket":"3ee423d8-1d3d-442e-9994-cfabe89feeec","key":"49f9b85b-dfdb-4e26-8585-be407fc684f5","dataSize":"1","replicationType":"RATIS","replicationFactor":"THREE","Transaction":"260"} | ret=SUCCESS |  
2025-10-17 11:01:41,496 | INFO  | OMAudit | user=runner | ip=127.0.0.1 | op=READ_VOLUME {"volume":"212bbd2a-d33b-4056-8b43-5c644bca1396"} | ret=SUCCESS |  
2025-10-17 11:01:41,497 | INFO  | OMAudit | user=runner | ip=127.0.0.1 | op=READ_BUCKET {"volume":"212bbd2a-d33b-4056-8b43-5c644bca1396","bucket":"3ee423d8-1d3d-442e-9994-cfabe89feeec"} | ret=SUCCESS |  
2025-10-17 11:01:41,511 | INFO  | ContainerLog | ID=17 | Index=0 | BCSID=0 | State=OPEN | Volume=/home/runner/work/ozone/ozone/hadoop-ozone/integration-test/target/test-dir/MiniOzoneClusterImpl-d1ffa5d3-3301-45c3-9f44-1ffa6967d237/ozone-metadata/datanode-6/data-0/hdds | DataChecksum=0 |  
2025-10-17 11:01:41,512 | INFO  | ContainerLog | ID=17 | Index=0 | BCSID=0 | State=OPEN | Volume=/home/runner/work/ozone/ozone/hadoop-ozone/integration-test/target/test-dir/MiniOzoneClusterImpl-d1ffa5d3-3301-45c3-9f44-1ffa6967d237/ozone-metadata/datanode-5/data-0/hdds | DataChecksum=0 |  
2025-10-17 11:01:41,513 | INFO  | SCMAudit | user=runner | ip=127.0.0.1 | op=SEND_HEARTBEAT {"datanodeUUID":"2b4cc429-f9c1-416c-9a38-6239a2e149ea","term":"2","command":"[]"} | ret=SUCCESS |  
2025-10-17 11:01:41,513 | INFO  | ContainerLog | ID=17 | Index=0 | BCSID=0 | State=OPEN | Volume=/home/runner/work/ozone/ozone/hadoop-ozone/integration-test/target/test-dir/MiniOzoneClusterImpl-d1ffa5d3-3301-45c3-9f44-1ffa6967d237/ozone-metadata/datanode-4/data-0/hdds | DataChecksum=0 |  
2025-10-17 11:01:41,514 | INFO  | SCMAudit | user=runner | ip=127.0.0.1 | op=SEND_HEARTBEAT {"datanodeUUID":"b1eee25a-1fdf-4744-83c7-58e0513fce3b","term":"2","command":"[]"} | ret=SUCCESS |  
2025-10-17 11:01:41,515 | INFO  | SCMAudit | user=runner | ip=127.0.0.1 | op=SEND_HEARTBEAT {"datanodeUUID":"718bfa29-2c47-4ab5-ac61-3dfe9c6b9d5c","term":"2","command":"[]"} | ret=SUCCESS |  
2025-10-17 11:01:41,529 | INFO  | OMAudit | user=runner | ip=127.0.0.1 | op=COMMIT_KEY {"volume":"212bbd2a-d33b-4056-8b43-5c644bca1396","bucket":"3ee423d8-1d3d-442e-9994-cfabe89feeec","key":"49f9b85b-dfdb-4e26-8585-be407fc684f5","dataSize":"1","replicationType":"RATIS","replicationFactor":"THREE","Transaction":"261"} | ret=SUCCESS |  
2025-10-17 11:01:41,531 | INFO  | OMAudit | user=runner | ip=127.0.0.1 | op=READ_VOLUME {"volume":"212bbd2a-d33b-4056-8b43-5c644bca1396"} | ret=SUCCESS |  
2025-10-17 11:01:41,532 | INFO  | OMAudit | user=runner | ip=127.0.0.1 | op=READ_BUCKET {"volume":"212bbd2a-d33b-4056-8b43-5c644bca1396","bucket":"3ee423d8-1d3d-442e-9994-cfabe89feeec"} | ret=SUCCESS |  
2025-10-17 11:01:41,532 | INFO  | SCMAudit | user=runner | ip=127.0.0.1 | op=SEND_HEARTBEAT {"datanodeUUID":"b6f92338-e951-49df-a986-ea31ece96e9e","term":"2","command":"[]"} | ret=SUCCESS |  
2025-10-17 11:01:41,533 | INFO  | OMAudit | user=runner | ip=127.0.0.1 | op=READ_BUCKET {"volume":"212bbd2a-d33b-4056-8b43-5c644bca1396","bucket":"3ee423d8-1d3d-442e-9994-cfabe89feeec"} | ret=SUCCESS |  
2025-10-17 11:01:41,534 | INFO  | SCMAudit | user=runner | ip=127.0.0.1 | op=ALLOCATE_BLOCK {"replication":"RATIS/THREE","owner":"omServiceIdDefault","size":"4194304","sampleBlocks":"[conID: 15 locID: 115816896921600079]","num":"1","client":"","allocated":"1"} | ret=SUCCESS |  
2025-10-17 11:01:41,537 | INFO  | OMAudit | user=runner | ip=127.0.0.1 | op=ALLOCATE_KEY {"volume":"212bbd2a-d33b-4056-8b43-5c644bca1396","bucket":"3ee423d8-1d3d-442e-9994-cfabe89feeec","key":"49f9b85b-dfdb-4e26-8585-be407fc684f5","dataSize":"1","replicationType":"RATIS","replicationFactor":"THREE","Transaction":"262"} | ret=SUCCESS |  
2025-10-17 11:01:41,538 | INFO  | OMAudit | user=runner | ip=127.0.0.1 | op=READ_VOLUME {"volume":"212bbd2a-d33b-4056-8b43-5c644bca1396"} | ret=SUCCESS |  
2025-10-17 11:01:41,539 | INFO  | OMAudit | user=runner | ip=127.0.0.1 | op=READ_BUCKET {"volume":"212bbd2a-d33b-4056-8b43-5c644bca1396","bucket":"3ee423d8-1d3d-442e-9994-cfabe89feeec"} | ret=SUCCESS |  
2025-10-17 11:01:41,550 | INFO  | ContainerLog | ID=15 | Index=0 | BCSID=0 | State=OPEN | Volume=/home/runner/work/ozone/ozone/hadoop-ozone/integration-test/target/test-dir/MiniOzoneClusterImpl-d1ffa5d3-3301-45c3-9f44-1ffa6967d237/ozone-metadata/datanode-4/data-0/hdds | DataChecksum=0 |  
2025-10-17 11:01:41,551 | INFO  | SCMAudit | user=runner | ip=127.0.0.1 | op=SEND_HEARTBEAT {"datanodeUUID":"718bfa29-2c47-4ab5-ac61-3dfe9c6b9d5c","term":"2","command":"[]"} | ret=SUCCESS |  
2025-10-17 11:01:41,552 | INFO  | ContainerLog | ID=15 | Index=0 | BCSID=0 | State=OPEN | Volume=/home/runner/work/ozone/ozone/hadoop-ozone/integration-test/target/test-dir/MiniOzoneClusterImpl-d1ffa5d3-3301-45c3-9f44-1ffa6967d237/ozone-metadata/datanode-5/data-0/hdds | DataChecksum=0 |  
2025-10-17 11:01:41,554 | INFO  | SCMAudit | user=runner | ip=127.0.0.1 | op=SEND_HEARTBEAT {"datanodeUUID":"b1eee25a-1fdf-4744-83c7-58e0513fce3b","term":"2","command":"[]"} | ret=SUCCESS |  
2025-10-17 11:01:41,554 | INFO  | ContainerLog | ID=15 | Index=0 | BCSID=0 | State=OPEN | Volume=/home/runner/work/ozone/ozone/hadoop-ozone/integration-test/target/test-dir/MiniOzoneClusterImpl-d1ffa5d3-3301-45c3-9f44-1ffa6967d237/ozone-metadata/datanode-6/data-0/hdds | DataChecksum=0 |  
2025-10-17 11:01:41,555 | INFO  | SCMAudit | user=runner | ip=127.0.0.1 | op=SEND_HEARTBEAT {"datanodeUUID":"2b4cc429-f9c1-416c-9a38-6239a2e149ea","term":"2","command":"[]"} | ret=SUCCESS |  
2025-10-17 11:01:41,562 | INFO  | OMAudit | user=runner | ip=127.0.0.1 | op=COMMIT_KEY {"volume":"212bbd2a-d33b-4056-8b43-5c644bca1396","bucket":"3ee423d8-1d3d-442e-9994-cfabe89feeec","key":"49f9b85b-dfdb-4e26-8585-be407fc684f5","dataSize":"1","replicationType":"RATIS","replicationFactor":"THREE","Transaction":"263"} | ret=SUCCESS |  
2025-10-17 11:01:41,563 | INFO  | OMAudit | user=runner | ip=127.0.0.1 | op=READ_VOLUME {"volume":"212bbd2a-d33b-4056-8b43-5c644bca1396"} | ret=SUCCESS |  
2025-10-17 11:01:41,564 | INFO  | OMAudit | user=runner | ip=127.0.0.1 | op=READ_BUCKET {"volume":"212bbd2a-d33b-4056-8b43-5c644bca1396","bucket":"3ee423d8-1d3d-442e-9994-cfabe89feeec"} | ret=SUCCESS |  
2025-10-17 11:01:41,858 | INFO  | SCMAudit | user=runner | ip=127.0.0.1 | op=SEND_HEARTBEAT {"datanodeUUID":"3a11eef6-a527-493c-8ba3-ae39ecaefa56","term":"2","command":"[]"} | ret=SUCCESS |  
2025-10-17 11:01:41,917 | INFO  | SCMAudit | user=runner | ip=127.0.0.1 | op=SEND_HEARTBEAT {"datanodeUUID":"50dccd39-549f-4f43-8b1f-597bf98f9c16","term":"2","command":"[]"} | ret=SUCCESS |  
2025-10-17 11:01:41,966 | INFO  | SCMAudit | user=runner | ip=127.0.0.1 | op=SEND_HEARTBEAT {"datanodeUUID":"309ab1ff-9f5a-4058-8b2f-94d451ce5267","term":"2","command":"[]"} | ret=SUCCESS |  
2025-10-17 11:01:42,052 | INFO  | SCMAudit | user=runner | ip=127.0.0.1 | op=SEND_HEARTBEAT {"datanodeUUID":"99c47355-c013-4450-a734-aff6d3c99677","term":"2","command":"[]"} | ret=SUCCESS |  
2025-10-17 11:01:42,119 [om1-KeyDeletingService#4] INFO  service.KeyDeletingService (KeyDeletingService.java:processKeyDeletes(151)) - Send 3 key(s) to SCM, first 3 keys: [PurgedKey{blockGroup=BlockGroup[groupID='/d5095cd2-e44b-49ed-b26e-ab43c61be678/12c82dfc-f705-40bc-8f26-642c73586dff/53e9aeca-2fd8-4758-9b26-38a918b5d985/-9223372036854710272/0', blockIDs=[conID: 16 locID: 115816896921600077 bcsId: 0 replicaIndex: null]], volume='d5095cd2-e44b-49ed-b26e-ab43c61be678', bucket='12c82dfc-f705-40bc-8f26-642c73586dff', bucketId=-9223372036854711296, purgedBytes=12582912, isCommittedKey=false, deleteKeyName='/d5095cd2-e44b-49ed-b26e-ab43c61be678/12c82dfc-f705-40bc-8f26-642c73586dff/53e9aeca-2fd8-4758-9b26-38a918b5d985/-9223372036854710272'}, PurgedKey{blockGroup=BlockGroup[groupID='/d5095cd2-e44b-49ed-b26e-ab43c61be678/12c82dfc-f705-40bc-8f26-642c73586dff/53e9aeca-2fd8-4758-9b26-38a918b5d985/-9223372036854710784/0', blockIDs=[conID: 15 locID: 115816896921600076 bcsId: 0 replicaIndex: null]], volume='d5095cd2-e44b-49ed-b26e-ab43c61be678', bucket='12c82dfc-f705-40bc-8f26-642c73586dff', bucketId=-9223372036854711296, purgedBytes=12582912, isCommittedKey=false, deleteKeyName='/d5095cd2-e44b-49ed-b26e-ab43c61be678/12c82dfc-f705-40bc-8f26-642c73586dff/53e9aeca-2fd8-4758-9b26-38a918b5d985/-9223372036854710784'}, PurgedKey{blockGroup=BlockGroup[groupID='/212bbd2a-d33b-4056-8b43-5c644bca1396/3ee423d8-1d3d-442e-9994-cfabe89feeec/49f9b85b-dfdb-4e26-8585-be407fc684f5/-9223372036854708480/0', blockIDs=[conID: 17 locID: 115816896921600078 bcsId: 0 replicaIndex: null]], volume='212bbd2a-d33b-4056-8b43-5c644bca1396', bucket='3ee423d8-1d3d-442e-9994-cfabe89feeec', bucketId=-9223372036854709504, purgedBytes=3, isCommittedKey=true, deleteKeyName='/212bbd2a-d33b-4056-8b43-5c644bca1396/3ee423d8-1d3d-442e-9994-cfabe89feeec/49f9b85b-dfdb-4e26-8585-be407fc684f5/-9223372036854708480'}]
2025-10-17 11:01:42,121 | INFO  | SCMAudit | user=runner | ip=127.0.0.1 | op=DELETE_KEY_BLOCK {"KeyBlockToDelete":"[BlockGroup[groupID='/d5095cd2-e44b-49ed-b26e-ab43c61be678/12c82dfc-f705-40bc-8f26-642c73586dff/53e9aeca-2fd8-4758-9b26-38a918b5d985/-9223372036854710272/0', blockIDs=[conID: 16 locID: 115816896921600077 bcsId: 0 replicaIndex: null]], BlockGroup[groupID='/212bbd2a-d33b-4056-8b43-5c644bca1396/3ee423d8-1d3d-442e-9994-cfabe89feeec/49f9b85b-dfdb-4e26-8585-be407fc684f5/-9223372036854708480/0', blockIDs=[conID: 17 locID: 115816896921600078 bcsId: 0 replicaIndex: null]], BlockGroup[groupID='/d5095cd2-e44b-49ed-b26e-ab43c61be678/12c82dfc-f705-40bc-8f26-642c73586dff/53e9aeca-2fd8-4758-9b26-38a918b5d985/-9223372036854710784/0', blockIDs=[conID: 15 locID: 115816896921600076 bcsId: 0 replicaIndex: null]]]"} | ret=SUCCESS |  
2025-10-17 11:01:42,121 [om1-KeyDeletingService#4] INFO  service.KeyDeletingService (KeyDeletingService.java:processKeyDeletes(158)) - 3 BlockGroup deletion are acked by SCM in 3 ms
2025-10-17 11:01:42,123 [om1-KeyDeletingService#4] INFO  service.KeyDeletingService (KeyDeletingService.java:processKeyDeletes(166)) - Blocks for 3 (out of 3) keys are deleted from DB in 1 ms. Limit per task is 50000.
2025-10-17 11:01:42,204 | INFO  | SCMAudit | user=runner | ip=127.0.0.1 | op=SEND_HEARTBEAT {"datanodeUUID":"a5293c95-44e9-4ea9-88ca-89089eac4b59","term":"2","command":"[]"} | ret=SUCCESS |  
2025-10-17 11:01:42,234 | INFO  | SCMAudit | user=runner | ip=127.0.0.1 | op=SEND_HEARTBEAT {"datanodeUUID":"7995ae7b-77ec-4e72-809d-814459f62ee0","term":"2","command":"[]"} | ret=SUCCESS |  
2025-10-17 11:01:42,255 | INFO  | SCMAudit | user=runner | ip=127.0.0.1 | op=SEND_HEARTBEAT {"datanodeUUID":"28c08cd4-c049-4c66-8210-e254cf68b291","term":"2","command":"[]"} | ret=SUCCESS |  
2025-10-17 11:01:42,329 | INFO  | SCMAudit | user=runner | ip=127.0.0.1 | op=SEND_HEARTBEAT {"datanodeUUID":"b292b6be-9482-4c30-a3e0-c9f721931b72","term":"2","command":"[]"} | ret=SUCCESS |  
2025-10-17 11:01:42,410 | INFO  | SCMAudit | user=runner | ip=127.0.0.1 | op=SEND_HEARTBEAT {"datanodeUUID":"dbd6f242-9b73-4bca-a110-3e2ec656b979","term":"2","command":"[]"} | ret=SUCCESS |  
2025-10-17 11:01:42,489 | INFO  | SCMAudit | user=runner | ip=127.0.0.1 | op=SEND_HEARTBEAT {"datanodeUUID":"ed6e9581-5875-4278-a8db-50829892434b","term":"2","command":"[]"} | ret=SUCCESS |  
2025-10-17 11:01:42,532 | INFO  | SCMAudit | user=runner | ip=127.0.0.1 | op=SEND_HEARTBEAT {"datanodeUUID":"b6f92338-e951-49df-a986-ea31ece96e9e","term":"2","command":"[]"} | ret=SUCCESS |  
2025-10-17 11:01:42,550 | INFO  | SCMAudit | user=runner | ip=127.0.0.1 | op=SEND_HEARTBEAT {"datanodeUUID":"718bfa29-2c47-4ab5-ac61-3dfe9c6b9d5c","term":"2","command":"[]"} | ret=SUCCESS |  
2025-10-17 11:01:42,553 | INFO  | SCMAudit | user=runner | ip=127.0.0.1 | op=SEND_HEARTBEAT {"datanodeUUID":"b1eee25a-1fdf-4744-83c7-58e0513fce3b","term":"2","command":"[]"} | ret=SUCCESS |  
2025-10-17 11:01:42,554 | INFO  | SCMAudit | user=runner | ip=127.0.0.1 | op=SEND_HEARTBEAT {"datanodeUUID":"2b4cc429-f9c1-416c-9a38-6239a2e149ea","term":"2","command":"[]"} | ret=SUCCESS |  
2025-10-17 11:01:42,565 | INFO  | OMAudit | user=runner | ip=127.0.0.1 | op=READ_VOLUME {"volume":"212bbd2a-d33b-4056-8b43-5c644bca1396"} | ret=SUCCESS |  
2025-10-17 11:01:42,566 | INFO  | OMAudit | user=runner | ip=127.0.0.1 | op=READ_BUCKET {"volume":"212bbd2a-d33b-4056-8b43-5c644bca1396","bucket":"3ee423d8-1d3d-442e-9994-cfabe89feeec"} | ret=SUCCESS |  
2025-10-17 11:01:42,569 | INFO  | OMAudit | user=runner | ip=127.0.0.1 | op=DELETE_KEY {"volume":"212bbd2a-d33b-4056-8b43-5c644bca1396","bucket":"3ee423d8-1d3d-442e-9994-cfabe89feeec","key":"49f9b85b-dfdb-4e26-8585-be407fc684f5","dataSize":"1","replicationConfig":"RATIS/THREE","Transaction":"265"} | ret=SUCCESS |  
2025-10-17 11:01:42,570 | INFO  | OMAudit | user=runner | ip=127.0.0.1 | op=READ_VOLUME {"volume":"212bbd2a-d33b-4056-8b43-5c644bca1396"} | ret=SUCCESS |  
2025-10-17 11:01:42,571 | INFO  | OMAudit | user=runner | ip=127.0.0.1 | op=READ_BUCKET {"volume":"212bbd2a-d33b-4056-8b43-5c644bca1396","bucket":"3ee423d8-1d3d-442e-9994-cfabe89feeec"} | ret=SUCCESS |  
2025-10-17 11:01:42,858 | INFO  | SCMAudit | user=runner | ip=127.0.0.1 | op=SEND_HEARTBEAT {"datanodeUUID":"3a11eef6-a527-493c-8ba3-ae39ecaefa56","term":"2","command":"[]"} | ret=SUCCESS |  
2025-10-17 11:01:42,917 | INFO  | SCMAudit | user=runner | ip=127.0.0.1 | op=SEND_HEARTBEAT {"datanodeUUID":"50dccd39-549f-4f43-8b1f-597bf98f9c16","term":"2","command":"[]"} | ret=SUCCESS |  
2025-10-17 11:01:42,966 | INFO  | SCMAudit | user=runner | ip=127.0.0.1 | op=SEND_HEARTBEAT {"datanodeUUID":"309ab1ff-9f5a-4058-8b2f-94d451ce5267","term":"2","command":"[]"} | ret=SUCCESS |  
2025-10-17 11:01:43,051 | INFO  | SCMAudit | user=runner | ip=127.0.0.1 | op=SEND_HEARTBEAT {"datanodeUUID":"99c47355-c013-4450-a734-aff6d3c99677","term":"2","command":"[]"} | ret=SUCCESS |  
2025-10-17 11:01:43,119 [om1-KeyDeletingService#2] INFO  service.KeyDeletingService (KeyDeletingService.java:processKeyDeletes(151)) - Send 1 key(s) to SCM, first 1 keys: [PurgedKey{blockGroup=BlockGroup[groupID='/212bbd2a-d33b-4056-8b43-5c644bca1396/3ee423d8-1d3d-442e-9994-cfabe89feeec/49f9b85b-dfdb-4e26-8585-be407fc684f5/-9223372036854709247/0', blockIDs=[conID: 15 locID: 115816896921600079 bcsId: 0 replicaIndex: null]], volume='212bbd2a-d33b-4056-8b43-5c644bca1396', bucket='3ee423d8-1d3d-442e-9994-cfabe89feeec', bucketId=-9223372036854709504, purgedBytes=3, isCommittedKey=true, deleteKeyName='/212bbd2a-d33b-4056-8b43-5c644bca1396/3ee423d8-1d3d-442e-9994-cfabe89feeec/49f9b85b-dfdb-4e26-8585-be407fc684f5/-9223372036854709247'}]
2025-10-17 11:01:43,121 | INFO  | SCMAudit | user=runner | ip=127.0.0.1 | op=DELETE_KEY_BLOCK {"KeyBlockToDelete":"[BlockGroup[groupID='/212bbd2a-d33b-4056-8b43-5c644bca1396/3ee423d8-1d3d-442e-9994-cfabe89feeec/49f9b85b-dfdb-4e26-8585-be407fc684f5/-9223372036854709247/0', blockIDs=[conID: 15 locID: 115816896921600079 bcsId: 0 replicaIndex: null]]]"} | ret=SUCCESS |  
2025-10-17 11:01:43,121 [om1-KeyDeletingService#2] INFO  service.KeyDeletingService (KeyDeletingService.java:processKeyDeletes(158)) - 1 BlockGroup deletion are acked by SCM in 3 ms
2025-10-17 11:01:43,123 [om1-KeyDeletingService#2] INFO  service.KeyDeletingService (KeyDeletingService.java:processKeyDeletes(166)) - Blocks for 1 (out of 1) keys are deleted from DB in 1 ms. Limit per task is 50000.
2025-10-17 11:01:43,205 | INFO  | SCMAudit | user=runner | ip=127.0.0.1 | op=SEND_HEARTBEAT {"datanodeUUID":"a5293c95-44e9-4ea9-88ca-89089eac4b59","term":"2","command":"[]"} | ret=SUCCESS |  
2025-10-17 11:01:43,234 | INFO  | SCMAudit | user=runner | ip=127.0.0.1 | op=SEND_HEARTBEAT {"datanodeUUID":"7995ae7b-77ec-4e72-809d-814459f62ee0","term":"2","command":"[]"} | ret=SUCCESS |  
2025-10-17 11:01:43,255 | INFO  | SCMAudit | user=runner | ip=127.0.0.1 | op=SEND_HEARTBEAT {"datanodeUUID":"28c08cd4-c049-4c66-8210-e254cf68b291","term":"2","command":"[]"} | ret=SUCCESS |  
2025-10-17 11:01:43,329 | INFO  | SCMAudit | user=runner | ip=127.0.0.1 | op=SEND_HEARTBEAT {"datanodeUUID":"b292b6be-9482-4c30-a3e0-c9f721931b72","term":"2","command":"[]"} | ret=SUCCESS |  
2025-10-17 11:01:43,410 | INFO  | SCMAudit | user=runner | ip=127.0.0.1 | op=SEND_HEARTBEAT {"datanodeUUID":"dbd6f242-9b73-4bca-a110-3e2ec656b979","term":"2","command":"[]"} | ret=SUCCESS |  
2025-10-17 11:01:43,490 | INFO  | SCMAudit | user=runner | ip=127.0.0.1 | op=SEND_HEARTBEAT {"datanodeUUID":"ed6e9581-5875-4278-a8db-50829892434b","term":"2","command":"[]"} | ret=SUCCESS |  
2025-10-17 11:01:43,532 | INFO  | SCMAudit | user=runner | ip=127.0.0.1 | op=SEND_HEARTBEAT {"datanodeUUID":"b6f92338-e951-49df-a986-ea31ece96e9e","term":"2","command":"[]"} | ret=SUCCESS |  
2025-10-17 11:01:43,550 | INFO  | SCMAudit | user=runner | ip=127.0.0.1 | op=SEND_HEARTBEAT {"datanodeUUID":"718bfa29-2c47-4ab5-ac61-3dfe9c6b9d5c","term":"2","command":"[]"} | ret=SUCCESS |  
2025-10-17 11:01:43,553 | INFO  | SCMAudit | user=runner | ip=127.0.0.1 | op=SEND_HEARTBEAT {"datanodeUUID":"b1eee25a-1fdf-4744-83c7-58e0513fce3b","term":"2","command":"[]"} | ret=SUCCESS |  
2025-10-17 11:01:43,554 | INFO  | SCMAudit | user=runner | ip=127.0.0.1 | op=SEND_HEARTBEAT {"datanodeUUID":"2b4cc429-f9c1-416c-9a38-6239a2e149ea","term":"2","command":"[]"} | ret=SUCCESS |  
2025-10-17 11:01:43,572 | INFO  | OMAudit | user=runner | ip=127.0.0.1 | op=READ_VOLUME {"volume":"212bbd2a-d33b-4056-8b43-5c644bca1396"} | ret=SUCCESS |  
2025-10-17 11:01:43,573 | INFO  | OMAudit | user=runner | ip=127.0.0.1 | op=READ_BUCKET {"volume":"212bbd2a-d33b-4056-8b43-5c644bca1396","bucket":"3ee423d8-1d3d-442e-9994-cfabe89feeec"} | ret=SUCCESS |  
2025-10-17 11:01:43,573 [ForkJoinPool-1-worker-1] INFO  rpc.RpcClient (RpcClient.java:createVolume(461)) - Creating Volume: 007104ab-ef48-47ef-9f25-714d83578a92, with runner as owner and space quota set to -1 bytes, counts quota set to -1
2025-10-17 11:01:43,576 [om1-OMStateMachineApplyTransactionThread - 0] INFO  volume.OMVolumeCreateRequest (OMVolumeCreateRequest.java:validateAndUpdateCache(213)) - created volume:007104ab-ef48-47ef-9f25-714d83578a92 for user:runner
2025-10-17 11:01:43,576 | INFO  | OMAudit | user=runner | ip=127.0.0.1 | op=CREATE_VOLUME {"admin":"runner","owner":"runner","volume":"007104ab-ef48-47ef-9f25-714d83578a92","creationTime":"1760698903574","modificationTime":"1760698903574","quotaInBytes":"-1","quotaInNamespace":"-1","usedNamespace":"0","objectID":"-9223372036854707456","updateID":"267","Transaction":"267"} | ret=SUCCESS |  
2025-10-17 11:01:43,577 | INFO  | OMAudit | user=runner | ip=127.0.0.1 | op=READ_VOLUME {"volume":"007104ab-ef48-47ef-9f25-714d83578a92"} | ret=SUCCESS |  
2025-10-17 11:01:43,577 [ForkJoinPool-1-worker-1] INFO  rpc.RpcClient (RpcClient.java:createBucket(686)) - Creating Bucket: 007104ab-ef48-47ef-9f25-714d83578a92/bfcaa7f3-edb1-4402-9a6e-946549d5e5de, with server-side default bucket layout, runner as owner, Versioning false, Storage Type set to DISK and Encryption set to false, Replication Type set to server-side default replication type, Namespace Quota set to -1, Space Quota set to -1 
2025-10-17 11:01:43,579 [om1-OMStateMachineApplyTransactionThread - 0] INFO  bucket.OMBucketCreateRequest (OMBucketCreateRequest.java:validateAndUpdateCache(303)) - created bucket: bfcaa7f3-edb1-4402-9a6e-946549d5e5de of layout FILE_SYSTEM_OPTIMIZED in volume: 007104ab-ef48-47ef-9f25-714d83578a92
2025-10-17 11:01:43,580 | INFO  | OMAudit | user=runner | ip=127.0.0.1 | op=CREATE_BUCKET {"volume":"007104ab-ef48-47ef-9f25-714d83578a92","bucket":"bfcaa7f3-edb1-4402-9a6e-946549d5e5de","bucketLayout":"FILE_SYSTEM_OPTIMIZED","gdprEnabled":null,"acls":"[user:runner:a[ACCESS], group:runner:rl[ACCESS]]","isVersionEnabled":"false","storageType":"DISK","creationTime":"1760698903578","bucketEncryptionKey":null,"modificationTime":"1760698903578","usedBytes":"0","usedNamespace":"0","snapshotUsedBytes":"0","snapshotUsedNamespace":"0","owner":"runner","replicationType":null,"replicationConfig":null,"quotaInBytes":"-1","quotaInNamespace":"-1","Transaction":"268"} | ret=SUCCESS |  
2025-10-17 11:01:43,581 | INFO  | OMAudit | user=runner | ip=127.0.0.1 | op=READ_BUCKET {"volume":"007104ab-ef48-47ef-9f25-714d83578a92","bucket":"bfcaa7f3-edb1-4402-9a6e-946549d5e5de"} | ret=SUCCESS |  
2025-10-17 11:01:43,582 | INFO  | OMAudit | user=runner | ip=127.0.0.1 | op=READ_BUCKET {"volume":"007104ab-ef48-47ef-9f25-714d83578a92","bucket":"bfcaa7f3-edb1-4402-9a6e-946549d5e5de"} | ret=SUCCESS |  
2025-10-17 11:01:43,583 | INFO  | SCMAudit | user=runner | ip=127.0.0.1 | op=ALLOCATE_BLOCK {"replication":"RATIS/THREE","owner":"omServiceIdDefault","size":"4194304","sampleBlocks":"[conID: 16 locID: 115816896921600080]","num":"1","client":"","allocated":"1"} | ret=SUCCESS |  
2025-10-17 11:01:43,586 | INFO  | OMAudit | user=runner | ip=127.0.0.1 | op=ALLOCATE_KEY {"volume":"007104ab-ef48-47ef-9f25-714d83578a92","bucket":"bfcaa7f3-edb1-4402-9a6e-946549d5e5de","key":"c81bb854-b777-4602-a6f6-23c699564a13","dataSize":"4194304","replicationType":"RATIS","replicationFactor":"THREE","Transaction":"269"} | ret=SUCCESS |  
2025-10-17 11:01:43,587 | INFO  | OMAudit | user=runner | ip=127.0.0.1 | op=READ_VOLUME {"volume":"007104ab-ef48-47ef-9f25-714d83578a92"} | ret=SUCCESS |  
2025-10-17 11:01:43,588 | INFO  | OMAudit | user=runner | ip=127.0.0.1 | op=READ_BUCKET {"volume":"007104ab-ef48-47ef-9f25-714d83578a92","bucket":"bfcaa7f3-edb1-4402-9a6e-946549d5e5de"} | ret=SUCCESS |  
2025-10-17 11:01:43,606 | INFO  | ContainerLog | ID=16 | Index=0 | BCSID=0 | State=OPEN | Volume=/home/runner/work/ozone/ozone/hadoop-ozone/integration-test/target/test-dir/MiniOzoneClusterImpl-d1ffa5d3-3301-45c3-9f44-1ffa6967d237/ozone-metadata/datanode-3/data-0/hdds | DataChecksum=0 |  
2025-10-17 11:01:43,611 | INFO  | ContainerLog | ID=16 | Index=0 | BCSID=0 | State=OPEN | Volume=/home/runner/work/ozone/ozone/hadoop-ozone/integration-test/target/test-dir/MiniOzoneClusterImpl-d1ffa5d3-3301-45c3-9f44-1ffa6967d237/ozone-metadata/datanode-2/data-0/hdds | DataChecksum=0 |  
2025-10-17 11:01:43,612 | INFO  | SCMAudit | user=runner | ip=127.0.0.1 | op=SEND_HEARTBEAT {"datanodeUUID":"b292b6be-9482-4c30-a3e0-c9f721931b72","term":"2","command":"[]"} | ret=SUCCESS |  
2025-10-17 11:01:43,614 | INFO  | ContainerLog | ID=16 | Index=0 | BCSID=0 | State=OPEN | Volume=/home/runner/work/ozone/ozone/hadoop-ozone/integration-test/target/test-dir/MiniOzoneClusterImpl-d1ffa5d3-3301-45c3-9f44-1ffa6967d237/ozone-metadata/datanode-1/data-0/hdds | DataChecksum=0 |  
2025-10-17 11:01:43,614 | INFO  | SCMAudit | user=runner | ip=127.0.0.1 | op=SEND_HEARTBEAT {"datanodeUUID":"99c47355-c013-4450-a734-aff6d3c99677","term":"2","command":"[]"} | ret=SUCCESS |  
2025-10-17 11:01:43,616 | INFO  | SCMAudit | user=runner | ip=127.0.0.1 | op=SEND_HEARTBEAT {"datanodeUUID":"309ab1ff-9f5a-4058-8b2f-94d451ce5267","term":"2","command":"[]"} | ret=SUCCESS |  
2025-10-17 11:01:43,667 | INFO  | OMAudit | user=runner | ip=127.0.0.1 | op=COMMIT_KEY {"volume":"007104ab-ef48-47ef-9f25-714d83578a92","bucket":"bfcaa7f3-edb1-4402-9a6e-946549d5e5de","key":"c81bb854-b777-4602-a6f6-23c699564a13","dataSize":"4194304","replicationType":"RATIS","replicationFactor":"THREE","Transaction":"270"} | ret=SUCCESS |  
2025-10-17 11:01:43,670 | INFO  | OMAudit | user=runner | ip=127.0.0.1 | op=READ_VOLUME {"volume":"007104ab-ef48-47ef-9f25-714d83578a92"} | ret=SUCCESS |  
2025-10-17 11:01:43,671 | INFO  | OMAudit | user=runner | ip=127.0.0.1 | op=READ_BUCKET {"volume":"007104ab-ef48-47ef-9f25-714d83578a92","bucket":"bfcaa7f3-edb1-4402-9a6e-946549d5e5de"} | ret=SUCCESS |  
2025-10-17 11:01:43,672 | INFO  | OMAudit | user=runner | ip=127.0.0.1 | op=READ_BUCKET {"volume":"007104ab-ef48-47ef-9f25-714d83578a92","bucket":"bfcaa7f3-edb1-4402-9a6e-946549d5e5de"} | ret=SUCCESS |  
2025-10-17 11:01:43,675 | INFO  | SCMAudit | user=runner | ip=127.0.0.1 | op=ALLOCATE_BLOCK {"replication":"RATIS/THREE","owner":"omServiceIdDefault","size":"4194304","sampleBlocks":"[conID: 18 locID: 115816896921600081]","num":"1","client":"","allocated":"1"} | ret=SUCCESS |  
2025-10-17 11:01:43,678 | INFO  | OMAudit | user=runner | ip=127.0.0.1 | op=ALLOCATE_KEY {"volume":"007104ab-ef48-47ef-9f25-714d83578a92","bucket":"bfcaa7f3-edb1-4402-9a6e-946549d5e5de","key":"c81bb854-b777-4602-a6f6-23c699564a13","dataSize":"4194304","replicationType":"RATIS","replicationFactor":"THREE","Transaction":"271"} | ret=SUCCESS |  
2025-10-17 11:01:43,681 | INFO  | OMAudit | user=runner | ip=127.0.0.1 | op=READ_VOLUME {"volume":"007104ab-ef48-47ef-9f25-714d83578a92"} | ret=SUCCESS |  
2025-10-17 11:01:43,683 | INFO  | OMAudit | user=runner | ip=127.0.0.1 | op=READ_BUCKET {"volume":"007104ab-ef48-47ef-9f25-714d83578a92","bucket":"bfcaa7f3-edb1-4402-9a6e-946549d5e5de"} | ret=SUCCESS |  
2025-10-17 11:01:43,711 | INFO  | ContainerLog | ID=18 | Index=0 | BCSID=0 | State=OPEN | Volume=/home/runner/work/ozone/ozone/hadoop-ozone/integration-test/target/test-dir/MiniOzoneClusterImpl-d1ffa5d3-3301-45c3-9f44-1ffa6967d237/ozone-metadata/datanode-12/data-0/hdds | DataChecksum=0 |  
2025-10-17 11:01:43,717 | INFO  | SCMAudit | user=runner | ip=127.0.0.1 | op=SEND_HEARTBEAT {"datanodeUUID":"3a11eef6-a527-493c-8ba3-ae39ecaefa56","term":"2","command":"[]"} | ret=SUCCESS |  
2025-10-17 11:01:43,719 | INFO  | ContainerLog | ID=18 | Index=0 | BCSID=0 | State=OPEN | Volume=/home/runner/work/ozone/ozone/hadoop-ozone/integration-test/target/test-dir/MiniOzoneClusterImpl-d1ffa5d3-3301-45c3-9f44-1ffa6967d237/ozone-metadata/datanode-11/data-0/hdds | DataChecksum=0 |  
2025-10-17 11:01:43,722 | INFO  | SCMAudit | user=runner | ip=127.0.0.1 | op=SEND_HEARTBEAT {"datanodeUUID":"7995ae7b-77ec-4e72-809d-814459f62ee0","term":"2","command":"[]"} | ret=SUCCESS |  
2025-10-17 11:01:43,726 | INFO  | ContainerLog | ID=18 | Index=0 | BCSID=0 | State=OPEN | Volume=/home/runner/work/ozone/ozone/hadoop-ozone/integration-test/target/test-dir/MiniOzoneClusterImpl-d1ffa5d3-3301-45c3-9f44-1ffa6967d237/ozone-metadata/datanode-10/data-0/hdds | DataChecksum=0 |  
2025-10-17 11:01:43,729 | INFO  | SCMAudit | user=runner | ip=127.0.0.1 | op=SEND_HEARTBEAT {"datanodeUUID":"28c08cd4-c049-4c66-8210-e254cf68b291","term":"2","command":"[]"} | ret=SUCCESS |  
2025-10-17 11:01:43,785 | INFO  | OMAudit | user=runner | ip=127.0.0.1 | op=COMMIT_KEY {"volume":"007104ab-ef48-47ef-9f25-714d83578a92","bucket":"bfcaa7f3-edb1-4402-9a6e-946549d5e5de","key":"c81bb854-b777-4602-a6f6-23c699564a13","dataSize":"4194304","replicationType":"RATIS","replicationFactor":"THREE","Transaction":"272"} | ret=SUCCESS |  
2025-10-17 11:01:43,787 | INFO  | OMAudit | user=runner | ip=127.0.0.1 | op=READ_VOLUME {"volume":"007104ab-ef48-47ef-9f25-714d83578a92"} | ret=SUCCESS |  
2025-10-17 11:01:43,788 | INFO  | OMAudit | user=runner | ip=127.0.0.1 | op=READ_BUCKET {"volume":"007104ab-ef48-47ef-9f25-714d83578a92","bucket":"bfcaa7f3-edb1-4402-9a6e-946549d5e5de"} | ret=SUCCESS |  
2025-10-17 11:01:43,917 | INFO  | SCMAudit | user=runner | ip=127.0.0.1 | op=SEND_HEARTBEAT {"datanodeUUID":"50dccd39-549f-4f43-8b1f-597bf98f9c16","term":"2","command":"[]"} | ret=SUCCESS |  
2025-10-17 11:01:44,119 [om1-KeyDeletingService#5] INFO  service.KeyDeletingService (KeyDeletingService.java:processKeyDeletes(151)) - Send 1 key(s) to SCM, first 1 keys: [PurgedKey{blockGroup=BlockGroup[groupID='/007104ab-ef48-47ef-9f25-714d83578a92/bfcaa7f3-edb1-4402-9a6e-946549d5e5de/c81bb854-b777-4602-a6f6-23c699564a13/-9223372036854706176/0', blockIDs=[conID: 16 locID: 115816896921600080 bcsId: 0 replicaIndex: null]], volume='007104ab-ef48-47ef-9f25-714d83578a92', bucket='bfcaa7f3-edb1-4402-9a6e-946549d5e5de', bucketId=-9223372036854707200, purgedBytes=12582912, isCommittedKey=true, deleteKeyName='/007104ab-ef48-47ef-9f25-714d83578a92/bfcaa7f3-edb1-4402-9a6e-946549d5e5de/c81bb854-b777-4602-a6f6-23c699564a13/-9223372036854706176'}]
2025-10-17 11:01:44,121 | INFO  | SCMAudit | user=runner | ip=127.0.0.1 | op=DELETE_KEY_BLOCK {"KeyBlockToDelete":"[BlockGroup[groupID='/007104ab-ef48-47ef-9f25-714d83578a92/bfcaa7f3-edb1-4402-9a6e-946549d5e5de/c81bb854-b777-4602-a6f6-23c699564a13/-9223372036854706176/0', blockIDs=[conID: 16 locID: 115816896921600080 bcsId: 0 replicaIndex: null]]]"} | ret=SUCCESS |  
2025-10-17 11:01:44,121 [om1-KeyDeletingService#5] INFO  service.KeyDeletingService (KeyDeletingService.java:processKeyDeletes(158)) - 1 BlockGroup deletion are acked by SCM in 3 ms
2025-10-17 11:01:44,122 [om1-KeyDeletingService#5] INFO  service.KeyDeletingService (KeyDeletingService.java:processKeyDeletes(166)) - Blocks for 1 (out of 1) keys are deleted from DB in 1 ms. Limit per task is 50000.
2025-10-17 11:01:44,204 | INFO  | SCMAudit | user=runner | ip=127.0.0.1 | op=SEND_HEARTBEAT {"datanodeUUID":"a5293c95-44e9-4ea9-88ca-89089eac4b59","term":"2","command":"[]"} | ret=SUCCESS |  
2025-10-17 11:01:44,410 | INFO  | SCMAudit | user=runner | ip=127.0.0.1 | op=SEND_HEARTBEAT {"datanodeUUID":"dbd6f242-9b73-4bca-a110-3e2ec656b979","term":"2","command":"[]"} | ret=SUCCESS |  
2025-10-17 11:01:44,489 | INFO  | SCMAudit | user=runner | ip=127.0.0.1 | op=SEND_HEARTBEAT {"datanodeUUID":"ed6e9581-5875-4278-a8db-50829892434b","term":"2","command":"[]"} | ret=SUCCESS |  
2025-10-17 11:01:44,532 | INFO  | SCMAudit | user=runner | ip=127.0.0.1 | op=SEND_HEARTBEAT {"datanodeUUID":"b6f92338-e951-49df-a986-ea31ece96e9e","term":"2","command":"[]"} | ret=SUCCESS |  
2025-10-17 11:01:44,550 | INFO  | SCMAudit | user=runner | ip=127.0.0.1 | op=SEND_HEARTBEAT {"datanodeUUID":"718bfa29-2c47-4ab5-ac61-3dfe9c6b9d5c","term":"2","command":"[]"} | ret=SUCCESS |  
2025-10-17 11:01:44,553 | INFO  | SCMAudit | user=runner | ip=127.0.0.1 | op=SEND_HEARTBEAT {"datanodeUUID":"b1eee25a-1fdf-4744-83c7-58e0513fce3b","term":"2","command":"[]"} | ret=SUCCESS |  
2025-10-17 11:01:44,554 | INFO  | SCMAudit | user=runner | ip=127.0.0.1 | op=SEND_HEARTBEAT {"datanodeUUID":"2b4cc429-f9c1-416c-9a38-6239a2e149ea","term":"2","command":"[]"} | ret=SUCCESS |  
2025-10-17 11:01:44,610 | INFO  | SCMAudit | user=runner | ip=127.0.0.1 | op=SEND_HEARTBEAT {"datanodeUUID":"b292b6be-9482-4c30-a3e0-c9f721931b72","term":"2","command":"[]"} | ret=SUCCESS |  
2025-10-17 11:01:44,613 | INFO  | SCMAudit | user=runner | ip=127.0.0.1 | op=SEND_HEARTBEAT {"datanodeUUID":"99c47355-c013-4450-a734-aff6d3c99677","term":"2","command":"[]"} | ret=SUCCESS |  
2025-10-17 11:01:44,615 | INFO  | SCMAudit | user=runner | ip=127.0.0.1 | op=SEND_HEARTBEAT {"datanodeUUID":"309ab1ff-9f5a-4058-8b2f-94d451ce5267","term":"2","command":"[]"} | ret=SUCCESS |  
2025-10-17 11:01:44,714 | INFO  | SCMAudit | user=runner | ip=127.0.0.1 | op=SEND_HEARTBEAT {"datanodeUUID":"3a11eef6-a527-493c-8ba3-ae39ecaefa56","term":"2","command":"[]"} | ret=SUCCESS |  
2025-10-17 11:01:44,721 | INFO  | SCMAudit | user=runner | ip=127.0.0.1 | op=SEND_HEARTBEAT {"datanodeUUID":"7995ae7b-77ec-4e72-809d-814459f62ee0","term":"2","command":"[]"} | ret=SUCCESS |  
2025-10-17 11:01:44,727 | INFO  | SCMAudit | user=runner | ip=127.0.0.1 | op=SEND_HEARTBEAT {"datanodeUUID":"28c08cd4-c049-4c66-8210-e254cf68b291","term":"2","command":"[]"} | ret=SUCCESS |  
2025-10-17 11:01:44,789 | INFO  | OMAudit | user=runner | ip=127.0.0.1 | op=READ_VOLUME {"volume":"007104ab-ef48-47ef-9f25-714d83578a92"} | ret=SUCCESS |  
2025-10-17 11:01:44,790 | INFO  | OMAudit | user=runner | ip=127.0.0.1 | op=READ_BUCKET {"volume":"007104ab-ef48-47ef-9f25-714d83578a92","bucket":"bfcaa7f3-edb1-4402-9a6e-946549d5e5de"} | ret=SUCCESS |  
2025-10-17 11:01:44,793 | INFO  | OMAudit | user=runner | ip=127.0.0.1 | op=DELETE_KEY {"volume":"007104ab-ef48-47ef-9f25-714d83578a92","bucket":"bfcaa7f3-edb1-4402-9a6e-946549d5e5de","key":"c81bb854-b777-4602-a6f6-23c699564a13","dataSize":"4194304","replicationConfig":"RATIS/THREE","Transaction":"274"} | ret=SUCCESS |  
2025-10-17 11:01:44,794 | INFO  | OMAudit | user=runner | ip=127.0.0.1 | op=READ_VOLUME {"volume":"007104ab-ef48-47ef-9f25-714d83578a92"} | ret=SUCCESS |  
2025-10-17 11:01:44,795 | INFO  | OMAudit | user=runner | ip=127.0.0.1 | op=READ_BUCKET {"volume":"007104ab-ef48-47ef-9f25-714d83578a92","bucket":"bfcaa7f3-edb1-4402-9a6e-946549d5e5de"} | ret=SUCCESS |  
2025-10-17 11:01:44,918 | INFO  | SCMAudit | user=runner | ip=127.0.0.1 | op=SEND_HEARTBEAT {"datanodeUUID":"50dccd39-549f-4f43-8b1f-597bf98f9c16","term":"2","command":"[]"} | ret=SUCCESS |  
2025-10-17 11:01:45,119 [om1-KeyDeletingService#7] INFO  service.KeyDeletingService (KeyDeletingService.java:processKeyDeletes(151)) - Send 1 key(s) to SCM, first 1 keys: [PurgedKey{blockGroup=BlockGroup[groupID='/007104ab-ef48-47ef-9f25-714d83578a92/bfcaa7f3-edb1-4402-9a6e-946549d5e5de/c81bb854-b777-4602-a6f6-23c699564a13/-9223372036854706943/0', blockIDs=[conID: 18 locID: 115816896921600081 bcsId: 0 replicaIndex: null]], volume='007104ab-ef48-47ef-9f25-714d83578a92', bucket='bfcaa7f3-edb1-4402-9a6e-946549d5e5de', bucketId=-9223372036854707200, purgedBytes=12582912, isCommittedKey=true, deleteKeyName='/007104ab-ef48-47ef-9f25-714d83578a92/bfcaa7f3-edb1-4402-9a6e-946549d5e5de/c81bb854-b777-4602-a6f6-23c699564a13/-9223372036854706943'}]
2025-10-17 11:01:45,121 | INFO  | SCMAudit | user=runner | ip=127.0.0.1 | op=DELETE_KEY_BLOCK {"KeyBlockToDelete":"[BlockGroup[groupID='/007104ab-ef48-47ef-9f25-714d83578a92/bfcaa7f3-edb1-4402-9a6e-946549d5e5de/c81bb854-b777-4602-a6f6-23c699564a13/-9223372036854706943/0', blockIDs=[conID: 18 locID: 115816896921600081 bcsId: 0 replicaIndex: null]]]"} | ret=SUCCESS |  
2025-10-17 11:01:45,121 [om1-KeyDeletingService#7] INFO  service.KeyDeletingService (KeyDeletingService.java:processKeyDeletes(158)) - 1 BlockGroup deletion are acked by SCM in 3 ms
2025-10-17 11:01:45,123 [om1-KeyDeletingService#7] INFO  service.KeyDeletingService (KeyDeletingService.java:processKeyDeletes(166)) - Blocks for 1 (out of 1) keys are deleted from DB in 1 ms. Limit per task is 50000.
2025-10-17 11:01:45,204 | INFO  | SCMAudit | user=runner | ip=127.0.0.1 | op=SEND_HEARTBEAT {"datanodeUUID":"a5293c95-44e9-4ea9-88ca-89089eac4b59","term":"2","command":"[]"} | ret=SUCCESS |  
2025-10-17 11:01:45,411 | INFO  | SCMAudit | user=runner | ip=127.0.0.1 | op=SEND_HEARTBEAT {"datanodeUUID":"dbd6f242-9b73-4bca-a110-3e2ec656b979","term":"2","command":"[]"} | ret=SUCCESS |  
2025-10-17 11:01:45,489 | INFO  | SCMAudit | user=runner | ip=127.0.0.1 | op=SEND_HEARTBEAT {"datanodeUUID":"ed6e9581-5875-4278-a8db-50829892434b","term":"2","command":"[]"} | ret=SUCCESS |  
2025-10-17 11:01:45,532 | INFO  | SCMAudit | user=runner | ip=127.0.0.1 | op=SEND_HEARTBEAT {"datanodeUUID":"b6f92338-e951-49df-a986-ea31ece96e9e","term":"2","command":"[]"} | ret=SUCCESS |  
2025-10-17 11:01:45,550 | INFO  | SCMAudit | user=runner | ip=127.0.0.1 | op=SEND_HEARTBEAT {"datanodeUUID":"718bfa29-2c47-4ab5-ac61-3dfe9c6b9d5c","term":"2","command":"[]"} | ret=SUCCESS |  
2025-10-17 11:01:45,553 | INFO  | SCMAudit | user=runner | ip=127.0.0.1 | op=SEND_HEARTBEAT {"datanodeUUID":"b1eee25a-1fdf-4744-83c7-58e0513fce3b","term":"2","command":"[]"} | ret=SUCCESS |  
2025-10-17 11:01:45,554 | INFO  | SCMAudit | user=runner | ip=127.0.0.1 | op=SEND_HEARTBEAT {"datanodeUUID":"2b4cc429-f9c1-416c-9a38-6239a2e149ea","term":"2","command":"[]"} | ret=SUCCESS |  
2025-10-17 11:01:45,610 | INFO  | SCMAudit | user=runner | ip=127.0.0.1 | op=SEND_HEARTBEAT {"datanodeUUID":"b292b6be-9482-4c30-a3e0-c9f721931b72","term":"2","command":"[]"} | ret=SUCCESS |  
2025-10-17 11:01:45,613 | INFO  | SCMAudit | user=runner | ip=127.0.0.1 | op=SEND_HEARTBEAT {"datanodeUUID":"99c47355-c013-4450-a734-aff6d3c99677","term":"2","command":"[]"} | ret=SUCCESS |  
2025-10-17 11:01:45,615 | INFO  | SCMAudit | user=runner | ip=127.0.0.1 | op=SEND_HEARTBEAT {"datanodeUUID":"309ab1ff-9f5a-4058-8b2f-94d451ce5267","term":"2","command":"[]"} | ret=SUCCESS |  
2025-10-17 11:01:45,715 | INFO  | SCMAudit | user=runner | ip=127.0.0.1 | op=SEND_HEARTBEAT {"datanodeUUID":"3a11eef6-a527-493c-8ba3-ae39ecaefa56","term":"2","command":"[]"} | ret=SUCCESS |  
2025-10-17 11:01:45,722 | INFO  | SCMAudit | user=runner | ip=127.0.0.1 | op=SEND_HEARTBEAT {"datanodeUUID":"7995ae7b-77ec-4e72-809d-814459f62ee0","term":"2","command":"[]"} | ret=SUCCESS |  
2025-10-17 11:01:45,728 | INFO  | SCMAudit | user=runner | ip=127.0.0.1 | op=SEND_HEARTBEAT {"datanodeUUID":"28c08cd4-c049-4c66-8210-e254cf68b291","term":"2","command":"[]"} | ret=SUCCESS |  
2025-10-17 11:01:45,796 | INFO  | OMAudit | user=runner | ip=127.0.0.1 | op=READ_VOLUME {"volume":"007104ab-ef48-47ef-9f25-714d83578a92"} | ret=SUCCESS |  
2025-10-17 11:01:45,797 | INFO  | OMAudit | user=runner | ip=127.0.0.1 | op=READ_BUCKET {"volume":"007104ab-ef48-47ef-9f25-714d83578a92","bucket":"bfcaa7f3-edb1-4402-9a6e-946549d5e5de"} | ret=SUCCESS |  
2025-10-17 11:01:45,798 [ForkJoinPool-1-worker-1] INFO  rpc.RpcClient (RpcClient.java:createVolume(461)) - Creating Volume: ad472ebb-6666-4dfa-a315-c469376ddc9b, with runner as owner and space quota set to -1 bytes, counts quota set to -1
2025-10-17 11:01:45,800 [om1-OMStateMachineApplyTransactionThread - 0] INFO  volume.OMVolumeCreateRequest (OMVolumeCreateRequest.java:validateAndUpdateCache(213)) - created volume:ad472ebb-6666-4dfa-a315-c469376ddc9b for user:runner
2025-10-17 11:01:45,800 | INFO  | OMAudit | user=runner | ip=127.0.0.1 | op=CREATE_VOLUME {"admin":"runner","owner":"runner","volume":"ad472ebb-6666-4dfa-a315-c469376ddc9b","creationTime":"1760698905799","modificationTime":"1760698905799","quotaInBytes":"-1","quotaInNamespace":"-1","usedNamespace":"0","objectID":"-9223372036854705152","updateID":"276","Transaction":"276"} | ret=SUCCESS |  
2025-10-17 11:01:45,801 | INFO  | OMAudit | user=runner | ip=127.0.0.1 | op=READ_VOLUME {"volume":"ad472ebb-6666-4dfa-a315-c469376ddc9b"} | ret=SUCCESS |  
2025-10-17 11:01:45,802 [ForkJoinPool-1-worker-1] INFO  rpc.RpcClient (RpcClient.java:createBucket(686)) - Creating Bucket: ad472ebb-6666-4dfa-a315-c469376ddc9b/43d7bed4-9e36-425f-b1b2-4691463f3952, with server-side default bucket layout, runner as owner, Versioning false, Storage Type set to DISK and Encryption set to false, Replication Type set to server-side default replication type, Namespace Quota set to -1, Space Quota set to -1 
2025-10-17 11:01:45,803 [om1-OMStateMachineApplyTransactionThread - 0] INFO  bucket.OMBucketCreateRequest (OMBucketCreateRequest.java:validateAndUpdateCache(303)) - created bucket: 43d7bed4-9e36-425f-b1b2-4691463f3952 of layout FILE_SYSTEM_OPTIMIZED in volume: ad472ebb-6666-4dfa-a315-c469376ddc9b
2025-10-17 11:01:45,803 | INFO  | OMAudit | user=runner | ip=127.0.0.1 | op=CREATE_BUCKET {"volume":"ad472ebb-6666-4dfa-a315-c469376ddc9b","bucket":"43d7bed4-9e36-425f-b1b2-4691463f3952","bucketLayout":"FILE_SYSTEM_OPTIMIZED","gdprEnabled":null,"acls":"[user:runner:a[ACCESS], group:runner:rl[ACCESS]]","isVersionEnabled":"false","storageType":"DISK","creationTime":"1760698905802","bucketEncryptionKey":null,"modificationTime":"1760698905802","usedBytes":"0","usedNamespace":"0","snapshotUsedBytes":"0","snapshotUsedNamespace":"0","owner":"runner","replicationType":null,"replicationConfig":null,"quotaInBytes":"-1","quotaInNamespace":"-1","Transaction":"277"} | ret=SUCCESS |  
2025-10-17 11:01:45,804 | INFO  | OMAudit | user=runner | ip=127.0.0.1 | op=READ_BUCKET {"volume":"ad472ebb-6666-4dfa-a315-c469376ddc9b","bucket":"43d7bed4-9e36-425f-b1b2-4691463f3952"} | ret=SUCCESS |  
2025-10-17 11:01:45,806 | INFO  | OMAudit | user=runner | ip=127.0.0.1 | op=READ_BUCKET {"volume":"ad472ebb-6666-4dfa-a315-c469376ddc9b","bucket":"43d7bed4-9e36-425f-b1b2-4691463f3952"} | ret=SUCCESS |  
2025-10-17 11:01:45,807 | INFO  | SCMAudit | user=runner | ip=127.0.0.1 | op=ALLOCATE_BLOCK {"replication":"RATIS/THREE","owner":"omServiceIdDefault","size":"4194304","sampleBlocks":"[conID: 15 locID: 115816896921600082, conID: 17 locID: 115816896921600083]","num":"2","client":"","allocated":"2"} | ret=SUCCESS |  
2025-10-17 11:01:45,809 | INFO  | OMAudit | user=runner | ip=127.0.0.1 | op=ALLOCATE_KEY {"volume":"ad472ebb-6666-4dfa-a315-c469376ddc9b","bucket":"43d7bed4-9e36-425f-b1b2-4691463f3952","key":"63eaaa78-cee1-4759-81dc-aca25cf453d1","dataSize":"4194305","replicationType":"RATIS","replicationFactor":"THREE","Transaction":"278"} | ret=SUCCESS |  
2025-10-17 11:01:45,811 | INFO  | OMAudit | user=runner | ip=127.0.0.1 | op=READ_VOLUME {"volume":"ad472ebb-6666-4dfa-a315-c469376ddc9b"} | ret=SUCCESS |  
2025-10-17 11:01:45,812 | INFO  | OMAudit | user=runner | ip=127.0.0.1 | op=READ_BUCKET {"volume":"ad472ebb-6666-4dfa-a315-c469376ddc9b","bucket":"43d7bed4-9e36-425f-b1b2-4691463f3952"} | ret=SUCCESS |  
2025-10-17 11:01:45,883 | INFO  | OMAudit | user=runner | ip=127.0.0.1 | op=COMMIT_KEY {"volume":"ad472ebb-6666-4dfa-a315-c469376ddc9b","bucket":"43d7bed4-9e36-425f-b1b2-4691463f3952","key":"63eaaa78-cee1-4759-81dc-aca25cf453d1","dataSize":"4194305","replicationType":"RATIS","replicationFactor":"THREE","Transaction":"279"} | ret=SUCCESS |  
2025-10-17 11:01:45,884 | INFO  | OMAudit | user=runner | ip=127.0.0.1 | op=READ_VOLUME {"volume":"ad472ebb-6666-4dfa-a315-c469376ddc9b"} | ret=SUCCESS |  
2025-10-17 11:01:45,885 | INFO  | OMAudit | user=runner | ip=127.0.0.1 | op=READ_BUCKET {"volume":"ad472ebb-6666-4dfa-a315-c469376ddc9b","bucket":"43d7bed4-9e36-425f-b1b2-4691463f3952"} | ret=SUCCESS |  
2025-10-17 11:01:45,886 | INFO  | OMAudit | user=runner | ip=127.0.0.1 | op=READ_BUCKET {"volume":"ad472ebb-6666-4dfa-a315-c469376ddc9b","bucket":"43d7bed4-9e36-425f-b1b2-4691463f3952"} | ret=SUCCESS |  
2025-10-17 11:01:45,890 | INFO  | SCMAudit | user=runner | ip=127.0.0.1 | op=ALLOCATE_BLOCK {"replication":"RATIS/THREE","owner":"omServiceIdDefault","size":"4194304","sampleBlocks":"[conID: 19 locID: 115816896921600084, conID: 20 locID: 115816896921600085]","num":"2","client":"","allocated":"2"} | ret=SUCCESS |  
2025-10-17 11:01:45,892 | INFO  | OMAudit | user=runner | ip=127.0.0.1 | op=ALLOCATE_KEY {"volume":"ad472ebb-6666-4dfa-a315-c469376ddc9b","bucket":"43d7bed4-9e36-425f-b1b2-4691463f3952","key":"63eaaa78-cee1-4759-81dc-aca25cf453d1","dataSize":"4194305","replicationType":"RATIS","replicationFactor":"THREE","Transaction":"280"} | ret=SUCCESS |  
2025-10-17 11:01:45,895 | INFO  | OMAudit | user=runner | ip=127.0.0.1 | op=READ_VOLUME {"volume":"ad472ebb-6666-4dfa-a315-c469376ddc9b"} | ret=SUCCESS |  
2025-10-17 11:01:45,896 | INFO  | OMAudit | user=runner | ip=127.0.0.1 | op=READ_BUCKET {"volume":"ad472ebb-6666-4dfa-a315-c469376ddc9b","bucket":"43d7bed4-9e36-425f-b1b2-4691463f3952"} | ret=SUCCESS |  
2025-10-17 11:01:45,921 | INFO  | SCMAudit | user=runner | ip=127.0.0.1 | op=SEND_HEARTBEAT {"datanodeUUID":"50dccd39-549f-4f43-8b1f-597bf98f9c16","term":"2","command":"[]"} | ret=SUCCESS |  
2025-10-17 11:01:45,923 | INFO  | ContainerLog | ID=19 | Index=0 | BCSID=0 | State=OPEN | Volume=/home/runner/work/ozone/ozone/hadoop-ozone/integration-test/target/test-dir/MiniOzoneClusterImpl-d1ffa5d3-3301-45c3-9f44-1ffa6967d237/ozone-metadata/datanode-10/data-0/hdds | DataChecksum=0 |  
2025-10-17 11:01:45,929 | INFO  | ContainerLog | ID=19 | Index=0 | BCSID=0 | State=OPEN | Volume=/home/runner/work/ozone/ozone/hadoop-ozone/integration-test/target/test-dir/MiniOzoneClusterImpl-d1ffa5d3-3301-45c3-9f44-1ffa6967d237/ozone-metadata/datanode-11/data-0/hdds | DataChecksum=0 |  
2025-10-17 11:01:45,929 | INFO  | SCMAudit | user=runner | ip=127.0.0.1 | op=SEND_HEARTBEAT {"datanodeUUID":"28c08cd4-c049-4c66-8210-e254cf68b291","term":"2","command":"[]"} | ret=SUCCESS |  
2025-10-17 11:01:45,931 | INFO  | ContainerLog | ID=19 | Index=0 | BCSID=0 | State=OPEN | Volume=/home/runner/work/ozone/ozone/hadoop-ozone/integration-test/target/test-dir/MiniOzoneClusterImpl-d1ffa5d3-3301-45c3-9f44-1ffa6967d237/ozone-metadata/datanode-12/data-0/hdds | DataChecksum=0 |  
2025-10-17 11:01:45,932 | INFO  | SCMAudit | user=runner | ip=127.0.0.1 | op=SEND_HEARTBEAT {"datanodeUUID":"7995ae7b-77ec-4e72-809d-814459f62ee0","term":"2","command":"[]"} | ret=SUCCESS |  
2025-10-17 11:01:45,935 | INFO  | SCMAudit | user=runner | ip=127.0.0.1 | op=SEND_HEARTBEAT {"datanodeUUID":"3a11eef6-a527-493c-8ba3-ae39ecaefa56","term":"2","command":"[]"} | ret=SUCCESS |  
2025-10-17 11:01:46,024 | INFO  | ContainerLog | ID=20 | Index=0 | BCSID=0 | State=OPEN | Volume=/home/runner/work/ozone/ozone/hadoop-ozone/integration-test/target/test-dir/MiniOzoneClusterImpl-d1ffa5d3-3301-45c3-9f44-1ffa6967d237/ozone-metadata/datanode-2/data-0/hdds | DataChecksum=0 |  
2025-10-17 11:01:46,024 | INFO  | ContainerLog | ID=20 | Index=0 | BCSID=0 | State=OPEN | Volume=/home/runner/work/ozone/ozone/hadoop-ozone/integration-test/target/test-dir/MiniOzoneClusterImpl-d1ffa5d3-3301-45c3-9f44-1ffa6967d237/ozone-metadata/datanode-1/data-0/hdds | DataChecksum=0 |  
2025-10-17 11:01:46,027 | INFO  | ContainerLog | ID=20 | Index=0 | BCSID=0 | State=OPEN | Volume=/home/runner/work/ozone/ozone/hadoop-ozone/integration-test/target/test-dir/MiniOzoneClusterImpl-d1ffa5d3-3301-45c3-9f44-1ffa6967d237/ozone-metadata/datanode-3/data-0/hdds | DataChecksum=0 |  
2025-10-17 11:01:46,028 | INFO  | SCMAudit | user=runner | ip=127.0.0.1 | op=SEND_HEARTBEAT {"datanodeUUID":"99c47355-c013-4450-a734-aff6d3c99677","term":"2","command":"[]"} | ret=SUCCESS |  
2025-10-17 11:01:46,029 | INFO  | SCMAudit | user=runner | ip=127.0.0.1 | op=SEND_HEARTBEAT {"datanodeUUID":"309ab1ff-9f5a-4058-8b2f-94d451ce5267","term":"2","command":"[]"} | ret=SUCCESS |  
2025-10-17 11:01:46,031 | INFO  | SCMAudit | user=runner | ip=127.0.0.1 | op=SEND_HEARTBEAT {"datanodeUUID":"b292b6be-9482-4c30-a3e0-c9f721931b72","term":"2","command":"[]"} | ret=SUCCESS |  
2025-10-17 11:01:46,035 | INFO  | OMAudit | user=runner | ip=127.0.0.1 | op=COMMIT_KEY {"volume":"ad472ebb-6666-4dfa-a315-c469376ddc9b","bucket":"43d7bed4-9e36-425f-b1b2-4691463f3952","key":"63eaaa78-cee1-4759-81dc-aca25cf453d1","dataSize":"4194305","replicationType":"RATIS","replicationFactor":"THREE","Transaction":"281"} | ret=SUCCESS |  
2025-10-17 11:01:46,037 | INFO  | OMAudit | user=runner | ip=127.0.0.1 | op=READ_VOLUME {"volume":"ad472ebb-6666-4dfa-a315-c469376ddc9b"} | ret=SUCCESS |  
2025-10-17 11:01:46,038 | INFO  | OMAudit | user=runner | ip=127.0.0.1 | op=READ_BUCKET {"volume":"ad472ebb-6666-4dfa-a315-c469376ddc9b","bucket":"43d7bed4-9e36-425f-b1b2-4691463f3952"} | ret=SUCCESS |  
2025-10-17 11:01:46,119 [om1-KeyDeletingService#9] INFO  service.KeyDeletingService (KeyDeletingService.java:processKeyDeletes(151)) - Send 1 key(s) to SCM, first 1 keys: [PurgedKey{blockGroup=BlockGroup[groupID='/ad472ebb-6666-4dfa-a315-c469376ddc9b/43d7bed4-9e36-425f-b1b2-4691463f3952/63eaaa78-cee1-4759-81dc-aca25cf453d1/-9223372036854703872/0', blockIDs=[conID: 15 locID: 115816896921600082 bcsId: 0 replicaIndex: null, conID: 17 locID: 115816896921600083 bcsId: 0 replicaIndex: null]], volume='ad472ebb-6666-4dfa-a315-c469376ddc9b', bucket='43d7bed4-9e36-425f-b1b2-4691463f3952', bucketId=-9223372036854704896, purgedBytes=12582915, isCommittedKey=true, deleteKeyName='/ad472ebb-6666-4dfa-a315-c469376ddc9b/43d7bed4-9e36-425f-b1b2-4691463f3952/63eaaa78-cee1-4759-81dc-aca25cf453d1/-9223372036854703872'}]
2025-10-17 11:01:46,121 | INFO  | SCMAudit | user=runner | ip=127.0.0.1 | op=DELETE_KEY_BLOCK {"KeyBlockToDelete":"[BlockGroup[groupID='/ad472ebb-6666-4dfa-a315-c469376ddc9b/43d7bed4-9e36-425f-b1b2-4691463f3952/63eaaa78-cee1-4759-81dc-aca25cf453d1/-9223372036854703872/0', blockIDs=[conID: 15 locID: 115816896921600082 bcsId: 0 replicaIndex: null, conID: 17 locID: 115816896921600083 bcsId: 0 replicaIndex: null]]]"} | ret=SUCCESS |  
2025-10-17 11:01:46,121 [om1-KeyDeletingService#9] INFO  service.KeyDeletingService (KeyDeletingService.java:processKeyDeletes(158)) - 1 BlockGroup deletion are acked by SCM in 3 ms
2025-10-17 11:01:46,123 [om1-KeyDeletingService#9] INFO  service.KeyDeletingService (KeyDeletingService.java:processKeyDeletes(166)) - Blocks for 1 (out of 1) keys are deleted from DB in 1 ms. Limit per task is 50000.
2025-10-17 11:01:46,204 | INFO  | SCMAudit | user=runner | ip=127.0.0.1 | op=SEND_HEARTBEAT {"datanodeUUID":"a5293c95-44e9-4ea9-88ca-89089eac4b59","term":"2","command":"[]"} | ret=SUCCESS |  
2025-10-17 11:01:46,411 | INFO  | SCMAudit | user=runner | ip=127.0.0.1 | op=SEND_HEARTBEAT {"datanodeUUID":"dbd6f242-9b73-4bca-a110-3e2ec656b979","term":"2","command":"[]"} | ret=SUCCESS |  
2025-10-17 11:01:46,490 | INFO  | SCMAudit | user=runner | ip=127.0.0.1 | op=SEND_HEARTBEAT {"datanodeUUID":"ed6e9581-5875-4278-a8db-50829892434b","term":"2","command":"[]"} | ret=SUCCESS |  
2025-10-17 11:01:46,533 | INFO  | SCMAudit | user=runner | ip=127.0.0.1 | op=SEND_HEARTBEAT {"datanodeUUID":"b6f92338-e951-49df-a986-ea31ece96e9e","term":"2","command":"[]"} | ret=SUCCESS |  
2025-10-17 11:01:46,550 | INFO  | SCMAudit | user=runner | ip=127.0.0.1 | op=SEND_HEARTBEAT {"datanodeUUID":"718bfa29-2c47-4ab5-ac61-3dfe9c6b9d5c","term":"2","command":"[]"} | ret=SUCCESS |  
2025-10-17 11:01:46,553 | INFO  | SCMAudit | user=runner | ip=127.0.0.1 | op=SEND_HEARTBEAT {"datanodeUUID":"b1eee25a-1fdf-4744-83c7-58e0513fce3b","term":"2","command":"[]"} | ret=SUCCESS |  
2025-10-17 11:01:46,554 | INFO  | SCMAudit | user=runner | ip=127.0.0.1 | op=SEND_HEARTBEAT {"datanodeUUID":"2b4cc429-f9c1-416c-9a38-6239a2e149ea","term":"2","command":"[]"} | ret=SUCCESS |  
2025-10-17 11:01:46,918 | INFO  | SCMAudit | user=runner | ip=127.0.0.1 | op=SEND_HEARTBEAT {"datanodeUUID":"50dccd39-549f-4f43-8b1f-597bf98f9c16","term":"2","command":"[]"} | ret=SUCCESS |  
2025-10-17 11:01:46,925 | INFO  | SCMAudit | user=runner | ip=127.0.0.1 | op=SEND_HEARTBEAT {"datanodeUUID":"28c08cd4-c049-4c66-8210-e254cf68b291","term":"2","command":"[]"} | ret=SUCCESS |  
2025-10-17 11:01:46,931 | INFO  | SCMAudit | user=runner | ip=127.0.0.1 | op=SEND_HEARTBEAT {"datanodeUUID":"7995ae7b-77ec-4e72-809d-814459f62ee0","term":"2","command":"[]"} | ret=SUCCESS |  
2025-10-17 11:01:46,933 | INFO  | SCMAudit | user=runner | ip=127.0.0.1 | op=SEND_HEARTBEAT {"datanodeUUID":"3a11eef6-a527-493c-8ba3-ae39ecaefa56","term":"2","command":"[]"} | ret=SUCCESS |  
2025-10-17 11:01:47,024 | INFO  | SCMAudit | user=runner | ip=127.0.0.1 | op=SEND_HEARTBEAT {"datanodeUUID":"99c47355-c013-4450-a734-aff6d3c99677","term":"2","command":"[]"} | ret=SUCCESS |  
2025-10-17 11:01:47,025 | INFO  | SCMAudit | user=runner | ip=127.0.0.1 | op=SEND_HEARTBEAT {"datanodeUUID":"309ab1ff-9f5a-4058-8b2f-94d451ce5267","term":"2","command":"[]"} | ret=SUCCESS |  
2025-10-17 11:01:47,029 | INFO  | SCMAudit | user=runner | ip=127.0.0.1 | op=SEND_HEARTBEAT {"datanodeUUID":"b292b6be-9482-4c30-a3e0-c9f721931b72","term":"2","command":"[]"} | ret=SUCCESS |  
2025-10-17 11:01:47,039 | INFO  | OMAudit | user=runner | ip=127.0.0.1 | op=READ_VOLUME {"volume":"ad472ebb-6666-4dfa-a315-c469376ddc9b"} | ret=SUCCESS |  
2025-10-17 11:01:47,040 | INFO  | OMAudit | user=runner | ip=127.0.0.1 | op=READ_BUCKET {"volume":"ad472ebb-6666-4dfa-a315-c469376ddc9b","bucket":"43d7bed4-9e36-425f-b1b2-4691463f3952"} | ret=SUCCESS |  
2025-10-17 11:01:47,043 | INFO  | OMAudit | user=runner | ip=127.0.0.1 | op=DELETE_KEY {"volume":"ad472ebb-6666-4dfa-a315-c469376ddc9b","bucket":"43d7bed4-9e36-425f-b1b2-4691463f3952","key":"63eaaa78-cee1-4759-81dc-aca25cf453d1","dataSize":"4194305","replicationConfig":"RATIS/THREE","Transaction":"283"} | ret=SUCCESS |  
2025-10-17 11:01:47,044 | INFO  | OMAudit | user=runner | ip=127.0.0.1 | op=READ_VOLUME {"volume":"ad472ebb-6666-4dfa-a315-c469376ddc9b"} | ret=SUCCESS |  
2025-10-17 11:01:47,045 | INFO  | OMAudit | user=runner | ip=127.0.0.1 | op=READ_BUCKET {"volume":"ad472ebb-6666-4dfa-a315-c469376ddc9b","bucket":"43d7bed4-9e36-425f-b1b2-4691463f3952"} | ret=SUCCESS |  
2025-10-17 11:01:47,119 [om1-KeyDeletingService#4] INFO  service.KeyDeletingService (KeyDeletingService.java:processKeyDeletes(151)) - Send 1 key(s) to SCM, first 1 keys: [PurgedKey{blockGroup=BlockGroup[groupID='/ad472ebb-6666-4dfa-a315-c469376ddc9b/43d7bed4-9e36-425f-b1b2-4691463f3952/63eaaa78-cee1-4759-81dc-aca25cf453d1/-9223372036854704639/0', blockIDs=[conID: 19 locID: 115816896921600084 bcsId: 0 replicaIndex: null, conID: 20 locID: 115816896921600085 bcsId: 0 replicaIndex: null]], volume='ad472ebb-6666-4dfa-a315-c469376ddc9b', bucket='43d7bed4-9e36-425f-b1b2-4691463f3952', bucketId=-9223372036854704896, purgedBytes=12582915, isCommittedKey=true, deleteKeyName='/ad472ebb-6666-4dfa-a315-c469376ddc9b/43d7bed4-9e36-425f-b1b2-4691463f3952/63eaaa78-cee1-4759-81dc-aca25cf453d1/-9223372036854704639'}]
2025-10-17 11:01:47,121 | INFO  | SCMAudit | user=runner | ip=127.0.0.1 | op=DELETE_KEY_BLOCK {"KeyBlockToDelete":"[BlockGroup[groupID='/ad472ebb-6666-4dfa-a315-c469376ddc9b/43d7bed4-9e36-425f-b1b2-4691463f3952/63eaaa78-cee1-4759-81dc-aca25cf453d1/-9223372036854704639/0', blockIDs=[conID: 19 locID: 115816896921600084 bcsId: 0 replicaIndex: null, conID: 20 locID: 115816896921600085 bcsId: 0 replicaIndex: null]]]"} | ret=SUCCESS |  
2025-10-17 11:01:47,121 [om1-KeyDeletingService#4] INFO  service.KeyDeletingService (KeyDeletingService.java:processKeyDeletes(158)) - 1 BlockGroup deletion are acked by SCM in 3 ms
2025-10-17 11:01:47,123 [om1-KeyDeletingService#4] INFO  service.KeyDeletingService (KeyDeletingService.java:processKeyDeletes(166)) - Blocks for 1 (out of 1) keys are deleted from DB in 1 ms. Limit per task is 50000.
2025-10-17 11:01:47,204 | INFO  | SCMAudit | user=runner | ip=127.0.0.1 | op=SEND_HEARTBEAT {"datanodeUUID":"a5293c95-44e9-4ea9-88ca-89089eac4b59","term":"2","command":"[]"} | ret=SUCCESS |  
2025-10-17 11:01:47,412 | INFO  | SCMAudit | user=runner | ip=127.0.0.1 | op=SEND_HEARTBEAT {"datanodeUUID":"dbd6f242-9b73-4bca-a110-3e2ec656b979","term":"2","command":"[]"} | ret=SUCCESS |  
2025-10-17 11:01:47,490 | INFO  | SCMAudit | user=runner | ip=127.0.0.1 | op=SEND_HEARTBEAT {"datanodeUUID":"ed6e9581-5875-4278-a8db-50829892434b","term":"2","command":"[]"} | ret=SUCCESS |  
2025-10-17 11:01:47,533 | INFO  | SCMAudit | user=runner | ip=127.0.0.1 | op=SEND_HEARTBEAT {"datanodeUUID":"b6f92338-e951-49df-a986-ea31ece96e9e","term":"2","command":"[]"} | ret=SUCCESS |  
2025-10-17 11:01:47,550 | INFO  | SCMAudit | user=runner | ip=127.0.0.1 | op=SEND_HEARTBEAT {"datanodeUUID":"718bfa29-2c47-4ab5-ac61-3dfe9c6b9d5c","term":"2","command":"[]"} | ret=SUCCESS |  
2025-10-17 11:01:47,553 | INFO  | SCMAudit | user=runner | ip=127.0.0.1 | op=SEND_HEARTBEAT {"datanodeUUID":"b1eee25a-1fdf-4744-83c7-58e0513fce3b","term":"2","command":"[]"} | ret=SUCCESS |  
2025-10-17 11:01:47,554 | INFO  | SCMAudit | user=runner | ip=127.0.0.1 | op=SEND_HEARTBEAT {"datanodeUUID":"2b4cc429-f9c1-416c-9a38-6239a2e149ea","term":"2","command":"[]"} | ret=SUCCESS |  
2025-10-17 11:01:47,919 | INFO  | SCMAudit | user=runner | ip=127.0.0.1 | op=SEND_HEARTBEAT {"datanodeUUID":"50dccd39-549f-4f43-8b1f-597bf98f9c16","term":"2","command":"[]"} | ret=SUCCESS |  
2025-10-17 11:01:47,925 | INFO  | SCMAudit | user=runner | ip=127.0.0.1 | op=SEND_HEARTBEAT {"datanodeUUID":"28c08cd4-c049-4c66-8210-e254cf68b291","term":"2","command":"[]"} | ret=SUCCESS |  
2025-10-17 11:01:47,931 | INFO  | SCMAudit | user=runner | ip=127.0.0.1 | op=SEND_HEARTBEAT {"datanodeUUID":"7995ae7b-77ec-4e72-809d-814459f62ee0","term":"2","command":"[]"} | ret=SUCCESS |  
2025-10-17 11:01:47,933 | INFO  | SCMAudit | user=runner | ip=127.0.0.1 | op=SEND_HEARTBEAT {"datanodeUUID":"3a11eef6-a527-493c-8ba3-ae39ecaefa56","term":"2","command":"[]"} | ret=SUCCESS |  
2025-10-17 11:01:48,025 | INFO  | SCMAudit | user=runner | ip=127.0.0.1 | op=SEND_HEARTBEAT {"datanodeUUID":"99c47355-c013-4450-a734-aff6d3c99677","term":"2","command":"[]"} | ret=SUCCESS |  
2025-10-17 11:01:48,025 | INFO  | SCMAudit | user=runner | ip=127.0.0.1 | op=SEND_HEARTBEAT {"datanodeUUID":"309ab1ff-9f5a-4058-8b2f-94d451ce5267","term":"2","command":"[]"} | ret=SUCCESS |  
2025-10-17 11:01:48,029 | INFO  | SCMAudit | user=runner | ip=127.0.0.1 | op=SEND_HEARTBEAT {"datanodeUUID":"b292b6be-9482-4c30-a3e0-c9f721931b72","term":"2","command":"[]"} | ret=SUCCESS |  
2025-10-17 11:01:48,046 | INFO  | OMAudit | user=runner | ip=127.0.0.1 | op=READ_VOLUME {"volume":"ad472ebb-6666-4dfa-a315-c469376ddc9b"} | ret=SUCCESS |  
2025-10-17 11:01:48,047 | INFO  | OMAudit | user=runner | ip=127.0.0.1 | op=READ_BUCKET {"volume":"ad472ebb-6666-4dfa-a315-c469376ddc9b","bucket":"43d7bed4-9e36-425f-b1b2-4691463f3952"} | ret=SUCCESS |  
2025-10-17 11:01:48,048 [ForkJoinPool-1-worker-1] INFO  rpc.RpcClient (RpcClient.java:createVolume(461)) - Creating Volume: 4a8e911b-46c8-41ab-b3ab-6f1003ad84d0, with runner as owner and space quota set to -1 bytes, counts quota set to -1
2025-10-17 11:01:48,050 [om1-OMStateMachineApplyTransactionThread - 0] INFO  volume.OMVolumeCreateRequest (OMVolumeCreateRequest.java:validateAndUpdateCache(213)) - created volume:4a8e911b-46c8-41ab-b3ab-6f1003ad84d0 for user:runner
2025-10-17 11:01:48,050 | INFO  | OMAudit | user=runner | ip=127.0.0.1 | op=CREATE_VOLUME {"admin":"runner","owner":"runner","volume":"4a8e911b-46c8-41ab-b3ab-6f1003ad84d0","creationTime":"1760698908049","modificationTime":"1760698908049","quotaInBytes":"-1","quotaInNamespace":"-1","usedNamespace":"0","objectID":"-9223372036854702848","updateID":"285","Transaction":"285"} | ret=SUCCESS |  
2025-10-17 11:01:48,051 | INFO  | OMAudit | user=runner | ip=127.0.0.1 | op=READ_VOLUME {"volume":"4a8e911b-46c8-41ab-b3ab-6f1003ad84d0"} | ret=SUCCESS |  
2025-10-17 11:01:48,052 [ForkJoinPool-1-worker-1] INFO  rpc.RpcClient (RpcClient.java:createBucket(686)) - Creating Bucket: 4a8e911b-46c8-41ab-b3ab-6f1003ad84d0/4733efbb-93af-4182-aefd-b786ee0f5e4d, with server-side default bucket layout, runner as owner, Versioning false, Storage Type set to DISK and Encryption set to false, Replication Type set to server-side default replication type, Namespace Quota set to -1, Space Quota set to -1 
2025-10-17 11:01:48,053 [om1-OMStateMachineApplyTransactionThread - 0] INFO  bucket.OMBucketCreateRequest (OMBucketCreateRequest.java:validateAndUpdateCache(303)) - created bucket: 4733efbb-93af-4182-aefd-b786ee0f5e4d of layout FILE_SYSTEM_OPTIMIZED in volume: 4a8e911b-46c8-41ab-b3ab-6f1003ad84d0
2025-10-17 11:01:48,053 | INFO  | OMAudit | user=runner | ip=127.0.0.1 | op=CREATE_BUCKET {"volume":"4a8e911b-46c8-41ab-b3ab-6f1003ad84d0","bucket":"4733efbb-93af-4182-aefd-b786ee0f5e4d","bucketLayout":"FILE_SYSTEM_OPTIMIZED","gdprEnabled":null,"acls":"[user:runner:a[ACCESS], group:runner:rl[ACCESS]]","isVersionEnabled":"false","storageType":"DISK","creationTime":"1760698908052","bucketEncryptionKey":null,"modificationTime":"1760698908052","usedBytes":"0","usedNamespace":"0","snapshotUsedBytes":"0","snapshotUsedNamespace":"0","owner":"runner","replicationType":null,"replicationConfig":null,"quotaInBytes":"-1","quotaInNamespace":"-1","Transaction":"286"} | ret=SUCCESS |  
2025-10-17 11:01:48,054 | INFO  | OMAudit | user=runner | ip=127.0.0.1 | op=READ_BUCKET {"volume":"4a8e911b-46c8-41ab-b3ab-6f1003ad84d0","bucket":"4733efbb-93af-4182-aefd-b786ee0f5e4d"} | ret=SUCCESS |  
2025-10-17 11:01:48,067 | INFO  | OMAudit | user=runner | ip=127.0.0.1 | op=READ_BUCKET {"volume":"4a8e911b-46c8-41ab-b3ab-6f1003ad84d0","bucket":"4733efbb-93af-4182-aefd-b786ee0f5e4d"} | ret=SUCCESS |  
2025-10-17 11:01:48,072 | INFO  | SCMAudit | user=runner | ip=127.0.0.1 | op=ALLOCATE_BLOCK {"replication":"RATIS/THREE","owner":"omServiceIdDefault","size":"4194304","sampleBlocks":"[conID: 18 locID: 115816896921600086, conID: 21 locID: 115816896921600087]","num":"2","client":"","allocated":"2"} | ret=SUCCESS |  
2025-10-17 11:01:48,079 | INFO  | OMAudit | user=runner | ip=127.0.0.1 | op=ALLOCATE_KEY {"volume":"4a8e911b-46c8-41ab-b3ab-6f1003ad84d0","bucket":"4733efbb-93af-4182-aefd-b786ee0f5e4d","key":"fd68381a-7e80-479d-b292-fcbb64a5c6ed","dataSize":"8388608","replicationType":"RATIS","replicationFactor":"THREE","Transaction":"287"} | ret=SUCCESS |  
2025-10-17 11:01:48,082 | INFO  | OMAudit | user=runner | ip=127.0.0.1 | op=READ_VOLUME {"volume":"4a8e911b-46c8-41ab-b3ab-6f1003ad84d0"} | ret=SUCCESS |  
2025-10-17 11:01:48,083 | INFO  | OMAudit | user=runner | ip=127.0.0.1 | op=READ_BUCKET {"volume":"4a8e911b-46c8-41ab-b3ab-6f1003ad84d0","bucket":"4733efbb-93af-4182-aefd-b786ee0f5e4d"} | ret=SUCCESS |  
2025-10-17 11:01:48,179 | INFO  | ContainerLog | ID=21 | Index=0 | BCSID=0 | State=OPEN | Volume=/home/runner/work/ozone/ozone/hadoop-ozone/integration-test/target/test-dir/MiniOzoneClusterImpl-d1ffa5d3-3301-45c3-9f44-1ffa6967d237/ozone-metadata/datanode-9/data-0/hdds | DataChecksum=0 |  
2025-10-17 11:01:48,179 | INFO  | ContainerLog | ID=21 | Index=0 | BCSID=0 | State=OPEN | Volume=/home/runner/work/ozone/ozone/hadoop-ozone/integration-test/target/test-dir/MiniOzoneClusterImpl-d1ffa5d3-3301-45c3-9f44-1ffa6967d237/ozone-metadata/datanode-8/data-0/hdds | DataChecksum=0 |  
2025-10-17 11:01:48,182 | INFO  | ContainerLog | ID=21 | Index=0 | BCSID=0 | State=OPEN | Volume=/home/runner/work/ozone/ozone/hadoop-ozone/integration-test/target/test-dir/MiniOzoneClusterImpl-d1ffa5d3-3301-45c3-9f44-1ffa6967d237/ozone-metadata/datanode-7/data-0/hdds | DataChecksum=0 |  
2025-10-17 11:01:48,186 | INFO  | SCMAudit | user=runner | ip=127.0.0.1 | op=SEND_HEARTBEAT {"datanodeUUID":"dbd6f242-9b73-4bca-a110-3e2ec656b979","term":"2","command":"[]"} | ret=SUCCESS |  
2025-10-17 11:01:48,186 | INFO  | SCMAudit | user=runner | ip=127.0.0.1 | op=SEND_HEARTBEAT {"datanodeUUID":"ed6e9581-5875-4278-a8db-50829892434b","term":"2","command":"[]"} | ret=SUCCESS |  
2025-10-17 11:01:48,188 | INFO  | SCMAudit | user=runner | ip=127.0.0.1 | op=SEND_HEARTBEAT {"datanodeUUID":"50dccd39-549f-4f43-8b1f-597bf98f9c16","term":"2","command":"[]"} | ret=SUCCESS |  
2025-10-17 11:01:48,208 | INFO  | SCMAudit | user=runner | ip=127.0.0.1 | op=SEND_HEARTBEAT {"datanodeUUID":"a5293c95-44e9-4ea9-88ca-89089eac4b59","term":"2","command":"[]"} | ret=SUCCESS |  
2025-10-17 11:01:48,256 | INFO  | OMAudit | user=runner | ip=127.0.0.1 | op=COMMIT_KEY {"volume":"4a8e911b-46c8-41ab-b3ab-6f1003ad84d0","bucket":"4733efbb-93af-4182-aefd-b786ee0f5e4d","key":"fd68381a-7e80-479d-b292-fcbb64a5c6ed","dataSize":"8388608","replicationType":"RATIS","replicationFactor":"THREE","Transaction":"288"} | ret=SUCCESS |  
2025-10-17 11:01:48,258 | INFO  | OMAudit | user=runner | ip=127.0.0.1 | op=READ_VOLUME {"volume":"4a8e911b-46c8-41ab-b3ab-6f1003ad84d0"} | ret=SUCCESS |  
2025-10-17 11:01:48,259 | INFO  | OMAudit | user=runner | ip=127.0.0.1 | op=READ_BUCKET {"volume":"4a8e911b-46c8-41ab-b3ab-6f1003ad84d0","bucket":"4733efbb-93af-4182-aefd-b786ee0f5e4d"} | ret=SUCCESS |  
2025-10-17 11:01:48,284 | INFO  | OMAudit | user=runner | ip=127.0.0.1 | op=READ_BUCKET {"volume":"4a8e911b-46c8-41ab-b3ab-6f1003ad84d0","bucket":"4733efbb-93af-4182-aefd-b786ee0f5e4d"} | ret=SUCCESS |  
2025-10-17 11:01:48,294 | INFO  | SCMAudit | user=runner | ip=127.0.0.1 | op=ALLOCATE_BLOCK {"replication":"RATIS/THREE","owner":"omServiceIdDefault","size":"4194304","sampleBlocks":"[conID: 19 locID: 115816896921600088, conID: 22 locID: 115816896921600089]","num":"2","client":"","allocated":"2"} | ret=SUCCESS |  
2025-10-17 11:01:48,307 | INFO  | OMAudit | user=runner | ip=127.0.0.1 | op=ALLOCATE_KEY {"volume":"4a8e911b-46c8-41ab-b3ab-6f1003ad84d0","bucket":"4733efbb-93af-4182-aefd-b786ee0f5e4d","key":"fd68381a-7e80-479d-b292-fcbb64a5c6ed","dataSize":"8388608","replicationType":"RATIS","replicationFactor":"THREE","Transaction":"289"} | ret=SUCCESS |  
2025-10-17 11:01:48,312 | INFO  | OMAudit | user=runner | ip=127.0.0.1 | op=READ_VOLUME {"volume":"4a8e911b-46c8-41ab-b3ab-6f1003ad84d0"} | ret=SUCCESS |  
2025-10-17 11:01:48,314 | INFO  | OMAudit | user=runner | ip=127.0.0.1 | op=READ_BUCKET {"volume":"4a8e911b-46c8-41ab-b3ab-6f1003ad84d0","bucket":"4733efbb-93af-4182-aefd-b786ee0f5e4d"} | ret=SUCCESS |  
2025-10-17 11:01:48,414 | INFO  | ContainerLog | ID=22 | Index=0 | BCSID=0 | State=OPEN | Volume=/home/runner/work/ozone/ozone/hadoop-ozone/integration-test/target/test-dir/MiniOzoneClusterImpl-d1ffa5d3-3301-45c3-9f44-1ffa6967d237/ozone-metadata/datanode-7/data-0/hdds | DataChecksum=0 |  
2025-10-17 11:01:48,419 | INFO  | SCMAudit | user=runner | ip=127.0.0.1 | op=SEND_HEARTBEAT {"datanodeUUID":"50dccd39-549f-4f43-8b1f-597bf98f9c16","term":"2","command":"[]"} | ret=SUCCESS |  
2025-10-17 11:01:48,420 | INFO  | ContainerLog | ID=22 | Index=0 | BCSID=0 | State=OPEN | Volume=/home/runner/work/ozone/ozone/hadoop-ozone/integration-test/target/test-dir/MiniOzoneClusterImpl-d1ffa5d3-3301-45c3-9f44-1ffa6967d237/ozone-metadata/datanode-8/data-0/hdds | DataChecksum=0 |  
2025-10-17 11:01:48,419 | INFO  | ContainerLog | ID=22 | Index=0 | BCSID=0 | State=OPEN | Volume=/home/runner/work/ozone/ozone/hadoop-ozone/integration-test/target/test-dir/MiniOzoneClusterImpl-d1ffa5d3-3301-45c3-9f44-1ffa6967d237/ozone-metadata/datanode-9/data-0/hdds | DataChecksum=0 |  
2025-10-17 11:01:48,422 | INFO  | SCMAudit | user=runner | ip=127.0.0.1 | op=SEND_HEARTBEAT {"datanodeUUID":"dbd6f242-9b73-4bca-a110-3e2ec656b979","term":"2","command":"[]"} | ret=SUCCESS |  
2025-10-17 11:01:48,423 | INFO  | SCMAudit | user=runner | ip=127.0.0.1 | op=SEND_HEARTBEAT {"datanodeUUID":"ed6e9581-5875-4278-a8db-50829892434b","term":"2","command":"[]"} | ret=SUCCESS |  
2025-10-17 11:01:48,474 | INFO  | OMAudit | user=runner | ip=127.0.0.1 | op=COMMIT_KEY {"volume":"4a8e911b-46c8-41ab-b3ab-6f1003ad84d0","bucket":"4733efbb-93af-4182-aefd-b786ee0f5e4d","key":"fd68381a-7e80-479d-b292-fcbb64a5c6ed","dataSize":"8388608","replicationType":"RATIS","replicationFactor":"THREE","Transaction":"290"} | ret=SUCCESS |  
2025-10-17 11:01:48,476 | INFO  | OMAudit | user=runner | ip=127.0.0.1 | op=READ_VOLUME {"volume":"4a8e911b-46c8-41ab-b3ab-6f1003ad84d0"} | ret=SUCCESS |  
2025-10-17 11:01:48,477 | INFO  | OMAudit | user=runner | ip=127.0.0.1 | op=READ_BUCKET {"volume":"4a8e911b-46c8-41ab-b3ab-6f1003ad84d0","bucket":"4733efbb-93af-4182-aefd-b786ee0f5e4d"} | ret=SUCCESS |  
2025-10-17 11:01:48,533 | INFO  | SCMAudit | user=runner | ip=127.0.0.1 | op=SEND_HEARTBEAT {"datanodeUUID":"b6f92338-e951-49df-a986-ea31ece96e9e","term":"2","command":"[]"} | ret=SUCCESS |  
2025-10-17 11:01:48,550 | INFO  | SCMAudit | user=runner | ip=127.0.0.1 | op=SEND_HEARTBEAT {"datanodeUUID":"718bfa29-2c47-4ab5-ac61-3dfe9c6b9d5c","term":"2","command":"[]"} | ret=SUCCESS |  
2025-10-17 11:01:48,553 | INFO  | SCMAudit | user=runner | ip=127.0.0.1 | op=SEND_HEARTBEAT {"datanodeUUID":"b1eee25a-1fdf-4744-83c7-58e0513fce3b","term":"2","command":"[]"} | ret=SUCCESS |  
2025-10-17 11:01:48,554 | INFO  | SCMAudit | user=runner | ip=127.0.0.1 | op=SEND_HEARTBEAT {"datanodeUUID":"2b4cc429-f9c1-416c-9a38-6239a2e149ea","term":"2","command":"[]"} | ret=SUCCESS |  
2025-10-17 11:01:48,925 | INFO  | SCMAudit | user=runner | ip=127.0.0.1 | op=SEND_HEARTBEAT {"datanodeUUID":"28c08cd4-c049-4c66-8210-e254cf68b291","term":"2","command":"[]"} | ret=SUCCESS |  
2025-10-17 11:01:48,931 | INFO  | SCMAudit | user=runner | ip=127.0.0.1 | op=SEND_HEARTBEAT {"datanodeUUID":"7995ae7b-77ec-4e72-809d-814459f62ee0","term":"2","command":"[]"} | ret=SUCCESS |  
2025-10-17 11:01:48,933 | INFO  | SCMAudit | user=runner | ip=127.0.0.1 | op=SEND_HEARTBEAT {"datanodeUUID":"3a11eef6-a527-493c-8ba3-ae39ecaefa56","term":"2","command":"[]"} | ret=SUCCESS |  
2025-10-17 11:01:49,025 | INFO  | SCMAudit | user=runner | ip=127.0.0.1 | op=SEND_HEARTBEAT {"datanodeUUID":"99c47355-c013-4450-a734-aff6d3c99677","term":"2","command":"[]"} | ret=SUCCESS |  
2025-10-17 11:01:49,025 | INFO  | SCMAudit | user=runner | ip=127.0.0.1 | op=SEND_HEARTBEAT {"datanodeUUID":"309ab1ff-9f5a-4058-8b2f-94d451ce5267","term":"2","command":"[]"} | ret=SUCCESS |  
2025-10-17 11:01:49,030 | INFO  | SCMAudit | user=runner | ip=127.0.0.1 | op=SEND_HEARTBEAT {"datanodeUUID":"b292b6be-9482-4c30-a3e0-c9f721931b72","term":"2","command":"[]"} | ret=SUCCESS |  
2025-10-17 11:01:49,120 [om1-KeyDeletingService#2] INFO  service.KeyDeletingService (KeyDeletingService.java:processKeyDeletes(151)) - Send 1 key(s) to SCM, first 1 keys: [PurgedKey{blockGroup=BlockGroup[groupID='/4a8e911b-46c8-41ab-b3ab-6f1003ad84d0/4733efbb-93af-4182-aefd-b786ee0f5e4d/fd68381a-7e80-479d-b292-fcbb64a5c6ed/-9223372036854701568/0', blockIDs=[conID: 18 locID: 115816896921600086 bcsId: 0 replicaIndex: null, conID: 21 locID: 115816896921600087 bcsId: 0 replicaIndex: null]], volume='4a8e911b-46c8-41ab-b3ab-6f1003ad84d0', bucket='4733efbb-93af-4182-aefd-b786ee0f5e4d', bucketId=-9223372036854702592, purgedBytes=25165824, isCommittedKey=true, deleteKeyName='/4a8e911b-46c8-41ab-b3ab-6f1003ad84d0/4733efbb-93af-4182-aefd-b786ee0f5e4d/fd68381a-7e80-479d-b292-fcbb64a5c6ed/-9223372036854701568'}]
2025-10-17 11:01:49,122 | INFO  | SCMAudit | user=runner | ip=127.0.0.1 | op=DELETE_KEY_BLOCK {"KeyBlockToDelete":"[BlockGroup[groupID='/4a8e911b-46c8-41ab-b3ab-6f1003ad84d0/4733efbb-93af-4182-aefd-b786ee0f5e4d/fd68381a-7e80-479d-b292-fcbb64a5c6ed/-9223372036854701568/0', blockIDs=[conID: 18 locID: 115816896921600086 bcsId: 0 replicaIndex: null, conID: 21 locID: 115816896921600087 bcsId: 0 replicaIndex: null]]]"} | ret=SUCCESS |  
2025-10-17 11:01:49,123 [om1-KeyDeletingService#2] INFO  service.KeyDeletingService (KeyDeletingService.java:processKeyDeletes(158)) - 1 BlockGroup deletion are acked by SCM in 3 ms
2025-10-17 11:01:49,124 [om1-KeyDeletingService#2] INFO  service.KeyDeletingService (KeyDeletingService.java:processKeyDeletes(166)) - Blocks for 1 (out of 1) keys are deleted from DB in 2 ms. Limit per task is 50000.
2025-10-17 11:01:49,206 | INFO  | SCMAudit | user=runner | ip=127.0.0.1 | op=SEND_HEARTBEAT {"datanodeUUID":"a5293c95-44e9-4ea9-88ca-89089eac4b59","term":"2","command":"[]"} | ret=SUCCESS |  
2025-10-17 11:01:49,416 | INFO  | SCMAudit | user=runner | ip=127.0.0.1 | op=SEND_HEARTBEAT {"datanodeUUID":"50dccd39-549f-4f43-8b1f-597bf98f9c16","term":"2","command":"[]"} | ret=SUCCESS |  
2025-10-17 11:01:49,420 | INFO  | SCMAudit | user=runner | ip=127.0.0.1 | op=SEND_HEARTBEAT {"datanodeUUID":"dbd6f242-9b73-4bca-a110-3e2ec656b979","term":"2","command":"[]"} | ret=SUCCESS |  
2025-10-17 11:01:49,421 | INFO  | SCMAudit | user=runner | ip=127.0.0.1 | op=SEND_HEARTBEAT {"datanodeUUID":"ed6e9581-5875-4278-a8db-50829892434b","term":"2","command":"[]"} | ret=SUCCESS |  
2025-10-17 11:01:49,478 | INFO  | OMAudit | user=runner | ip=127.0.0.1 | op=READ_VOLUME {"volume":"4a8e911b-46c8-41ab-b3ab-6f1003ad84d0"} | ret=SUCCESS |  
2025-10-17 11:01:49,479 | INFO  | OMAudit | user=runner | ip=127.0.0.1 | op=READ_BUCKET {"volume":"4a8e911b-46c8-41ab-b3ab-6f1003ad84d0","bucket":"4733efbb-93af-4182-aefd-b786ee0f5e4d"} | ret=SUCCESS |  
2025-10-17 11:01:49,482 | INFO  | OMAudit | user=runner | ip=127.0.0.1 | op=DELETE_KEY {"volume":"4a8e911b-46c8-41ab-b3ab-6f1003ad84d0","bucket":"4733efbb-93af-4182-aefd-b786ee0f5e4d","key":"fd68381a-7e80-479d-b292-fcbb64a5c6ed","dataSize":"8388608","replicationConfig":"RATIS/THREE","Transaction":"292"} | ret=SUCCESS |  
2025-10-17 11:01:49,483 | INFO  | OMAudit | user=runner | ip=127.0.0.1 | op=READ_VOLUME {"volume":"4a8e911b-46c8-41ab-b3ab-6f1003ad84d0"} | ret=SUCCESS |  
2025-10-17 11:01:49,484 | INFO  | OMAudit | user=runner | ip=127.0.0.1 | op=READ_BUCKET {"volume":"4a8e911b-46c8-41ab-b3ab-6f1003ad84d0","bucket":"4733efbb-93af-4182-aefd-b786ee0f5e4d"} | ret=SUCCESS |  
2025-10-17 11:01:49,534 | INFO  | SCMAudit | user=runner | ip=127.0.0.1 | op=SEND_HEARTBEAT {"datanodeUUID":"b6f92338-e951-49df-a986-ea31ece96e9e","term":"2","command":"[]"} | ret=SUCCESS |  
2025-10-17 11:01:49,550 | INFO  | SCMAudit | user=runner | ip=127.0.0.1 | op=SEND_HEARTBEAT {"datanodeUUID":"718bfa29-2c47-4ab5-ac61-3dfe9c6b9d5c","term":"2","command":"[]"} | ret=SUCCESS |  
2025-10-17 11:01:49,553 | INFO  | SCMAudit | user=runner | ip=127.0.0.1 | op=SEND_HEARTBEAT {"datanodeUUID":"b1eee25a-1fdf-4744-83c7-58e0513fce3b","term":"2","command":"[]"} | ret=SUCCESS |  
2025-10-17 11:01:49,554 | INFO  | SCMAudit | user=runner | ip=127.0.0.1 | op=SEND_HEARTBEAT {"datanodeUUID":"2b4cc429-f9c1-416c-9a38-6239a2e149ea","term":"2","command":"[]"} | ret=SUCCESS |  
2025-10-17 11:01:49,926 | INFO  | SCMAudit | user=runner | ip=127.0.0.1 | op=SEND_HEARTBEAT {"datanodeUUID":"28c08cd4-c049-4c66-8210-e254cf68b291","term":"2","command":"[]"} | ret=SUCCESS |  
2025-10-17 11:01:49,932 | INFO  | SCMAudit | user=runner | ip=127.0.0.1 | op=SEND_HEARTBEAT {"datanodeUUID":"7995ae7b-77ec-4e72-809d-814459f62ee0","term":"2","command":"[]"} | ret=SUCCESS |  
2025-10-17 11:01:49,933 | INFO  | SCMAudit | user=runner | ip=127.0.0.1 | op=SEND_HEARTBEAT {"datanodeUUID":"3a11eef6-a527-493c-8ba3-ae39ecaefa56","term":"2","command":"[]"} | ret=SUCCESS |  
2025-10-17 11:01:50,025 | INFO  | SCMAudit | user=runner | ip=127.0.0.1 | op=SEND_HEARTBEAT {"datanodeUUID":"309ab1ff-9f5a-4058-8b2f-94d451ce5267","term":"2","command":"[]"} | ret=SUCCESS |  
2025-10-17 11:01:50,025 | INFO  | SCMAudit | user=runner | ip=127.0.0.1 | op=SEND_HEARTBEAT {"datanodeUUID":"99c47355-c013-4450-a734-aff6d3c99677","term":"2","command":"[]"} | ret=SUCCESS |  
2025-10-17 11:01:50,030 | INFO  | SCMAudit | user=runner | ip=127.0.0.1 | op=SEND_HEARTBEAT {"datanodeUUID":"b292b6be-9482-4c30-a3e0-c9f721931b72","term":"2","command":"[]"} | ret=SUCCESS |  
2025-10-17 11:01:50,120 [om1-KeyDeletingService#5] INFO  service.KeyDeletingService (KeyDeletingService.java:processKeyDeletes(151)) - Send 1 key(s) to SCM, first 1 keys: [PurgedKey{blockGroup=BlockGroup[groupID='/4a8e911b-46c8-41ab-b3ab-6f1003ad84d0/4733efbb-93af-4182-aefd-b786ee0f5e4d/fd68381a-7e80-479d-b292-fcbb64a5c6ed/-9223372036854702335/0', blockIDs=[conID: 19 locID: 115816896921600088 bcsId: 0 replicaIndex: null, conID: 22 locID: 115816896921600089 bcsId: 0 replicaIndex: null]], volume='4a8e911b-46c8-41ab-b3ab-6f1003ad84d0', bucket='4733efbb-93af-4182-aefd-b786ee0f5e4d', bucketId=-9223372036854702592, purgedBytes=25165824, isCommittedKey=true, deleteKeyName='/4a8e911b-46c8-41ab-b3ab-6f1003ad84d0/4733efbb-93af-4182-aefd-b786ee0f5e4d/fd68381a-7e80-479d-b292-fcbb64a5c6ed/-9223372036854702335'}]
2025-10-17 11:01:50,122 | INFO  | SCMAudit | user=runner | ip=127.0.0.1 | op=DELETE_KEY_BLOCK {"KeyBlockToDelete":"[BlockGroup[groupID='/4a8e911b-46c8-41ab-b3ab-6f1003ad84d0/4733efbb-93af-4182-aefd-b786ee0f5e4d/fd68381a-7e80-479d-b292-fcbb64a5c6ed/-9223372036854702335/0', blockIDs=[conID: 19 locID: 115816896921600088 bcsId: 0 replicaIndex: null, conID: 22 locID: 115816896921600089 bcsId: 0 replicaIndex: null]]]"} | ret=SUCCESS |  
2025-10-17 11:01:50,122 [om1-KeyDeletingService#5] INFO  service.KeyDeletingService (KeyDeletingService.java:processKeyDeletes(158)) - 1 BlockGroup deletion are acked by SCM in 3 ms
2025-10-17 11:01:50,124 [om1-KeyDeletingService#5] INFO  service.KeyDeletingService (KeyDeletingService.java:processKeyDeletes(166)) - Blocks for 1 (out of 1) keys are deleted from DB in 1 ms. Limit per task is 50000.
2025-10-17 11:01:50,124 [om1-DirectoryDeletingService#6] INFO  utils.BackgroundService (AbstractKeyDeletingService.java:isPreviousPurgeTransactionFlushed(87)) - Skipping AOS processing since changes to deleted space of AOS have not been flushed to disk last Purge Transaction: 1#293, Flushed Disk Transaction: 1#292
2025-10-17 11:01:50,206 | INFO  | SCMAudit | user=runner | ip=127.0.0.1 | op=SEND_HEARTBEAT {"datanodeUUID":"a5293c95-44e9-4ea9-88ca-89089eac4b59","term":"2","command":"[]"} | ret=SUCCESS |  
2025-10-17 11:01:50,416 | INFO  | SCMAudit | user=runner | ip=127.0.0.1 | op=SEND_HEARTBEAT {"datanodeUUID":"50dccd39-549f-4f43-8b1f-597bf98f9c16","term":"2","command":"[]"} | ret=SUCCESS |  
2025-10-17 11:01:50,420 | INFO  | SCMAudit | user=runner | ip=127.0.0.1 | op=SEND_HEARTBEAT {"datanodeUUID":"dbd6f242-9b73-4bca-a110-3e2ec656b979","term":"2","command":"[]"} | ret=SUCCESS |  
2025-10-17 11:01:50,422 | INFO  | SCMAudit | user=runner | ip=127.0.0.1 | op=SEND_HEARTBEAT {"datanodeUUID":"ed6e9581-5875-4278-a8db-50829892434b","term":"2","command":"[]"} | ret=SUCCESS |  
2025-10-17 11:01:50,485 | INFO  | OMAudit | user=runner | ip=127.0.0.1 | op=READ_VOLUME {"volume":"4a8e911b-46c8-41ab-b3ab-6f1003ad84d0"} | ret=SUCCESS |  
2025-10-17 11:01:50,486 | INFO  | OMAudit | user=runner | ip=127.0.0.1 | op=READ_BUCKET {"volume":"4a8e911b-46c8-41ab-b3ab-6f1003ad84d0","bucket":"4733efbb-93af-4182-aefd-b786ee0f5e4d"} | ret=SUCCESS |  
2025-10-17 11:01:50,487 [ForkJoinPool-1-worker-1] INFO  rpc.RpcClient (RpcClient.java:createVolume(461)) - Creating Volume: e807eceb-3e06-4929-ab4e-6d70ba218201, with runner as owner and space quota set to -1 bytes, counts quota set to -1
2025-10-17 11:01:50,489 [om1-OMStateMachineApplyTransactionThread - 0] INFO  volume.OMVolumeCreateRequest (OMVolumeCreateRequest.java:validateAndUpdateCache(213)) - created volume:e807eceb-3e06-4929-ab4e-6d70ba218201 for user:runner
2025-10-17 11:01:50,489 | INFO  | OMAudit | user=runner | ip=127.0.0.1 | op=CREATE_VOLUME {"admin":"runner","owner":"runner","volume":"e807eceb-3e06-4929-ab4e-6d70ba218201","creationTime":"1760698910487","modificationTime":"1760698910487","quotaInBytes":"-1","quotaInNamespace":"-1","usedNamespace":"0","objectID":"-9223372036854700544","updateID":"294","Transaction":"294"} | ret=SUCCESS |  
2025-10-17 11:01:50,490 | INFO  | OMAudit | user=runner | ip=127.0.0.1 | op=READ_VOLUME {"volume":"e807eceb-3e06-4929-ab4e-6d70ba218201"} | ret=SUCCESS |  
2025-10-17 11:01:50,490 [ForkJoinPool-1-worker-1] INFO  rpc.RpcClient (RpcClient.java:createBucket(686)) - Creating Bucket: e807eceb-3e06-4929-ab4e-6d70ba218201/254ba0ce-fb46-42e8-acc4-4d5bb4fc6364, with server-side default bucket layout, runner as owner, Versioning false, Storage Type set to DISK and Encryption set to false, Replication Type set to server-side default replication type, Namespace Quota set to -1, Space Quota set to -1 
2025-10-17 11:01:50,492 [om1-OMStateMachineApplyTransactionThread - 0] INFO  bucket.OMBucketCreateRequest (OMBucketCreateRequest.java:validateAndUpdateCache(303)) - created bucket: 254ba0ce-fb46-42e8-acc4-4d5bb4fc6364 of layout FILE_SYSTEM_OPTIMIZED in volume: e807eceb-3e06-4929-ab4e-6d70ba218201
2025-10-17 11:01:50,492 | INFO  | OMAudit | user=runner | ip=127.0.0.1 | op=CREATE_BUCKET {"volume":"e807eceb-3e06-4929-ab4e-6d70ba218201","bucket":"254ba0ce-fb46-42e8-acc4-4d5bb4fc6364","bucketLayout":"FILE_SYSTEM_OPTIMIZED","gdprEnabled":null,"acls":"[user:runner:a[ACCESS], group:runner:rl[ACCESS]]","isVersionEnabled":"false","storageType":"DISK","creationTime":"1760698910491","bucketEncryptionKey":null,"modificationTime":"1760698910491","usedBytes":"0","usedNamespace":"0","snapshotUsedBytes":"0","snapshotUsedNamespace":"0","owner":"runner","replicationType":null,"replicationConfig":null,"quotaInBytes":"-1","quotaInNamespace":"-1","Transaction":"295"} | ret=SUCCESS |  
2025-10-17 11:01:50,493 | INFO  | OMAudit | user=runner | ip=127.0.0.1 | op=READ_BUCKET {"volume":"e807eceb-3e06-4929-ab4e-6d70ba218201","bucket":"254ba0ce-fb46-42e8-acc4-4d5bb4fc6364"} | ret=SUCCESS |  
2025-10-17 11:01:50,494 | INFO  | OMAudit | user=runner | ip=127.0.0.1 | op=READ_BUCKET {"volume":"e807eceb-3e06-4929-ab4e-6d70ba218201","bucket":"254ba0ce-fb46-42e8-acc4-4d5bb4fc6364"} | ret=SUCCESS |  
2025-10-17 11:01:50,495 | INFO  | SCMAudit | user=runner | ip=127.0.0.1 | op=ALLOCATE_BLOCK {"replication":"RATIS/THREE","owner":"omServiceIdDefault","size":"4194304","sampleBlocks":"[conID: 18 locID: 115816896921600090, conID: 15 locID: 115816896921600091, conID: 17 locID: 115816896921600092]","num":"3","client":"","allocated":"3"} | ret=SUCCESS |  
2025-10-17 11:01:50,498 | INFO  | OMAudit | user=runner | ip=127.0.0.1 | op=ALLOCATE_KEY {"volume":"e807eceb-3e06-4929-ab4e-6d70ba218201","bucket":"254ba0ce-fb46-42e8-acc4-4d5bb4fc6364","key":"d5ffc862-d718-4a9a-8824-d23a22b058cb","dataSize":"8388609","replicationType":"RATIS","replicationFactor":"THREE","Transaction":"296"} | ret=SUCCESS |  
2025-10-17 11:01:50,499 | INFO  | OMAudit | user=runner | ip=127.0.0.1 | op=READ_VOLUME {"volume":"e807eceb-3e06-4929-ab4e-6d70ba218201"} | ret=SUCCESS |  
2025-10-17 11:01:50,500 | INFO  | OMAudit | user=runner | ip=127.0.0.1 | op=READ_BUCKET {"volume":"e807eceb-3e06-4929-ab4e-6d70ba218201","bucket":"254ba0ce-fb46-42e8-acc4-4d5bb4fc6364"} | ret=SUCCESS |  
2025-10-17 11:01:50,534 | INFO  | SCMAudit | user=runner | ip=127.0.0.1 | op=SEND_HEARTBEAT {"datanodeUUID":"b6f92338-e951-49df-a986-ea31ece96e9e","term":"2","command":"[]"} | ret=SUCCESS |  
2025-10-17 11:01:50,554 | INFO  | SCMAudit | user=runner | ip=127.0.0.1 | op=SEND_HEARTBEAT {"datanodeUUID":"718bfa29-2c47-4ab5-ac61-3dfe9c6b9d5c","term":"2","command":"[]"} | ret=SUCCESS |  
2025-10-17 11:01:50,556 | INFO  | SCMAudit | user=runner | ip=127.0.0.1 | op=SEND_HEARTBEAT {"datanodeUUID":"2b4cc429-f9c1-416c-9a38-6239a2e149ea","term":"2","command":"[]"} | ret=SUCCESS |  
2025-10-17 11:01:50,556 | INFO  | SCMAudit | user=runner | ip=127.0.0.1 | op=SEND_HEARTBEAT {"datanodeUUID":"b1eee25a-1fdf-4744-83c7-58e0513fce3b","term":"2","command":"[]"} | ret=SUCCESS |  
2025-10-17 11:01:50,615 | INFO  | OMAudit | user=runner | ip=127.0.0.1 | op=COMMIT_KEY {"volume":"e807eceb-3e06-4929-ab4e-6d70ba218201","bucket":"254ba0ce-fb46-42e8-acc4-4d5bb4fc6364","key":"d5ffc862-d718-4a9a-8824-d23a22b058cb","dataSize":"8388609","replicationType":"RATIS","replicationFactor":"THREE","Transaction":"297"} | ret=SUCCESS |  
2025-10-17 11:01:50,616 | INFO  | OMAudit | user=runner | ip=127.0.0.1 | op=READ_VOLUME {"volume":"e807eceb-3e06-4929-ab4e-6d70ba218201"} | ret=SUCCESS |  
2025-10-17 11:01:50,617 | INFO  | OMAudit | user=runner | ip=127.0.0.1 | op=READ_BUCKET {"volume":"e807eceb-3e06-4929-ab4e-6d70ba218201","bucket":"254ba0ce-fb46-42e8-acc4-4d5bb4fc6364"} | ret=SUCCESS |  
2025-10-17 11:01:50,618 | INFO  | OMAudit | user=runner | ip=127.0.0.1 | op=READ_BUCKET {"volume":"e807eceb-3e06-4929-ab4e-6d70ba218201","bucket":"254ba0ce-fb46-42e8-acc4-4d5bb4fc6364"} | ret=SUCCESS |  
2025-10-17 11:01:50,619 | INFO  | SCMAudit | user=runner | ip=127.0.0.1 | op=ALLOCATE_BLOCK {"replication":"RATIS/THREE","owner":"omServiceIdDefault","size":"4194304","sampleBlocks":"[conID: 16 locID: 115816896921600093, conID: 22 locID: 115816896921600094, conID: 15 locID: 115816896921600095]","num":"3","client":"","allocated":"3"} | ret=SUCCESS |  
2025-10-17 11:01:50,623 | INFO  | OMAudit | user=runner | ip=127.0.0.1 | op=ALLOCATE_KEY {"volume":"e807eceb-3e06-4929-ab4e-6d70ba218201","bucket":"254ba0ce-fb46-42e8-acc4-4d5bb4fc6364","key":"d5ffc862-d718-4a9a-8824-d23a22b058cb","dataSize":"8388609","replicationType":"RATIS","replicationFactor":"THREE","Transaction":"298"} | ret=SUCCESS |  
2025-10-17 11:01:50,625 | INFO  | OMAudit | user=runner | ip=127.0.0.1 | op=READ_VOLUME {"volume":"e807eceb-3e06-4929-ab4e-6d70ba218201"} | ret=SUCCESS |  
2025-10-17 11:01:50,626 | INFO  | OMAudit | user=runner | ip=127.0.0.1 | op=READ_BUCKET {"volume":"e807eceb-3e06-4929-ab4e-6d70ba218201","bucket":"254ba0ce-fb46-42e8-acc4-4d5bb4fc6364"} | ret=SUCCESS |  
2025-10-17 11:01:50,751 | INFO  | OMAudit | user=runner | ip=127.0.0.1 | op=COMMIT_KEY {"volume":"e807eceb-3e06-4929-ab4e-6d70ba218201","bucket":"254ba0ce-fb46-42e8-acc4-4d5bb4fc6364","key":"d5ffc862-d718-4a9a-8824-d23a22b058cb","dataSize":"8388609","replicationType":"RATIS","replicationFactor":"THREE","Transaction":"299"} | ret=SUCCESS |  
2025-10-17 11:01:50,753 | INFO  | OMAudit | user=runner | ip=127.0.0.1 | op=READ_VOLUME {"volume":"e807eceb-3e06-4929-ab4e-6d70ba218201"} | ret=SUCCESS |  
2025-10-17 11:01:50,755 | INFO  | OMAudit | user=runner | ip=127.0.0.1 | op=READ_BUCKET {"volume":"e807eceb-3e06-4929-ab4e-6d70ba218201","bucket":"254ba0ce-fb46-42e8-acc4-4d5bb4fc6364"} | ret=SUCCESS |  
2025-10-17 11:01:50,926 | INFO  | SCMAudit | user=runner | ip=127.0.0.1 | op=SEND_HEARTBEAT {"datanodeUUID":"28c08cd4-c049-4c66-8210-e254cf68b291","term":"2","command":"[]"} | ret=SUCCESS |  
2025-10-17 11:01:50,932 | INFO  | SCMAudit | user=runner | ip=127.0.0.1 | op=SEND_HEARTBEAT {"datanodeUUID":"7995ae7b-77ec-4e72-809d-814459f62ee0","term":"2","command":"[]"} | ret=SUCCESS |  
2025-10-17 11:01:50,933 | INFO  | SCMAudit | user=runner | ip=127.0.0.1 | op=SEND_HEARTBEAT {"datanodeUUID":"3a11eef6-a527-493c-8ba3-ae39ecaefa56","term":"2","command":"[]"} | ret=SUCCESS |  
2025-10-17 11:01:51,025 | INFO  | SCMAudit | user=runner | ip=127.0.0.1 | op=SEND_HEARTBEAT {"datanodeUUID":"309ab1ff-9f5a-4058-8b2f-94d451ce5267","term":"2","command":"[]"} | ret=SUCCESS |  
2025-10-17 11:01:51,025 | INFO  | SCMAudit | user=runner | ip=127.0.0.1 | op=SEND_HEARTBEAT {"datanodeUUID":"99c47355-c013-4450-a734-aff6d3c99677","term":"2","command":"[]"} | ret=SUCCESS |  
2025-10-17 11:01:51,030 | INFO  | SCMAudit | user=runner | ip=127.0.0.1 | op=SEND_HEARTBEAT {"datanodeUUID":"b292b6be-9482-4c30-a3e0-c9f721931b72","term":"2","command":"[]"} | ret=SUCCESS |  
2025-10-17 11:01:51,120 [om1-KeyDeletingService#7] INFO  service.KeyDeletingService (KeyDeletingService.java:processKeyDeletes(151)) - Send 1 key(s) to SCM, first 1 keys: [PurgedKey{blockGroup=BlockGroup[groupID='/e807eceb-3e06-4929-ab4e-6d70ba218201/254ba0ce-fb46-42e8-acc4-4d5bb4fc6364/d5ffc862-d718-4a9a-8824-d23a22b058cb/-9223372036854699264/0', blockIDs=[conID: 18 locID: 115816896921600090 bcsId: 0 replicaIndex: null, conID: 15 locID: 115816896921600091 bcsId: 0 replicaIndex: null, conID: 17 locID: 115816896921600092 bcsId: 0 replicaIndex: null]], volume='e807eceb-3e06-4929-ab4e-6d70ba218201', bucket='254ba0ce-fb46-42e8-acc4-4d5bb4fc6364', bucketId=-9223372036854700288, purgedBytes=25165827, isCommittedKey=true, deleteKeyName='/e807eceb-3e06-4929-ab4e-6d70ba218201/254ba0ce-fb46-42e8-acc4-4d5bb4fc6364/d5ffc862-d718-4a9a-8824-d23a22b058cb/-9223372036854699264'}]
2025-10-17 11:01:51,122 | INFO  | SCMAudit | user=runner | ip=127.0.0.1 | op=DELETE_KEY_BLOCK {"KeyBlockToDelete":"[BlockGroup[groupID='/e807eceb-3e06-4929-ab4e-6d70ba218201/254ba0ce-fb46-42e8-acc4-4d5bb4fc6364/d5ffc862-d718-4a9a-8824-d23a22b058cb/-9223372036854699264/0', blockIDs=[conID: 18 locID: 115816896921600090 bcsId: 0 replicaIndex: null, conID: 15 locID: 115816896921600091 bcsId: 0 replicaIndex: null, conID: 17 locID: 115816896921600092 bcsId: 0 replicaIndex: null]]]"} | ret=SUCCESS |  
2025-10-17 11:01:51,123 [om1-KeyDeletingService#7] INFO  service.KeyDeletingService (KeyDeletingService.java:processKeyDeletes(158)) - 1 BlockGroup deletion are acked by SCM in 3 ms
2025-10-17 11:01:51,124 [om1-KeyDeletingService#7] INFO  service.KeyDeletingService (KeyDeletingService.java:processKeyDeletes(166)) - Blocks for 1 (out of 1) keys are deleted from DB in 2 ms. Limit per task is 50000.
2025-10-17 11:01:51,124 [om1-DirectoryDeletingService#6] INFO  utils.BackgroundService (AbstractKeyDeletingService.java:isPreviousPurgeTransactionFlushed(87)) - Skipping AOS processing since changes to deleted space of AOS have not been flushed to disk last Purge Transaction: 1#300, Flushed Disk Transaction: 1#299
2025-10-17 11:01:51,206 | INFO  | SCMAudit | user=runner | ip=127.0.0.1 | op=SEND_HEARTBEAT {"datanodeUUID":"a5293c95-44e9-4ea9-88ca-89089eac4b59","term":"2","command":"[]"} | ret=SUCCESS |  
2025-10-17 11:01:51,416 | INFO  | SCMAudit | user=runner | ip=127.0.0.1 | op=SEND_HEARTBEAT {"datanodeUUID":"50dccd39-549f-4f43-8b1f-597bf98f9c16","term":"2","command":"[]"} | ret=SUCCESS |  
2025-10-17 11:01:51,420 | INFO  | SCMAudit | user=runner | ip=127.0.0.1 | op=SEND_HEARTBEAT {"datanodeUUID":"dbd6f242-9b73-4bca-a110-3e2ec656b979","term":"2","command":"[]"} | ret=SUCCESS |  
2025-10-17 11:01:51,422 | INFO  | SCMAudit | user=runner | ip=127.0.0.1 | op=SEND_HEARTBEAT {"datanodeUUID":"ed6e9581-5875-4278-a8db-50829892434b","term":"2","command":"[]"} | ret=SUCCESS |  
2025-10-17 11:01:51,535 | INFO  | SCMAudit | user=runner | ip=127.0.0.1 | op=SEND_HEARTBEAT {"datanodeUUID":"b6f92338-e951-49df-a986-ea31ece96e9e","term":"2","command":"[]"} | ret=SUCCESS |  
2025-10-17 11:01:51,550 | INFO  | SCMAudit | user=runner | ip=127.0.0.1 | op=SEND_HEARTBEAT {"datanodeUUID":"718bfa29-2c47-4ab5-ac61-3dfe9c6b9d5c","term":"2","command":"[]"} | ret=SUCCESS |  
2025-10-17 11:01:51,555 | INFO  | SCMAudit | user=runner | ip=127.0.0.1 | op=SEND_HEARTBEAT {"datanodeUUID":"2b4cc429-f9c1-416c-9a38-6239a2e149ea","term":"2","command":"[]"} | ret=SUCCESS |  
2025-10-17 11:01:51,555 | INFO  | SCMAudit | user=runner | ip=127.0.0.1 | op=SEND_HEARTBEAT {"datanodeUUID":"b1eee25a-1fdf-4744-83c7-58e0513fce3b","term":"2","command":"[]"} | ret=SUCCESS |  
2025-10-17 11:01:51,756 | INFO  | OMAudit | user=runner | ip=127.0.0.1 | op=READ_VOLUME {"volume":"e807eceb-3e06-4929-ab4e-6d70ba218201"} | ret=SUCCESS |  
2025-10-17 11:01:51,758 | INFO  | OMAudit | user=runner | ip=127.0.0.1 | op=READ_BUCKET {"volume":"e807eceb-3e06-4929-ab4e-6d70ba218201","bucket":"254ba0ce-fb46-42e8-acc4-4d5bb4fc6364"} | ret=SUCCESS |  
2025-10-17 11:01:51,760 | INFO  | OMAudit | user=runner | ip=127.0.0.1 | op=DELETE_KEY {"volume":"e807eceb-3e06-4929-ab4e-6d70ba218201","bucket":"254ba0ce-fb46-42e8-acc4-4d5bb4fc6364","key":"d5ffc862-d718-4a9a-8824-d23a22b058cb","dataSize":"8388609","replicationConfig":"RATIS/THREE","Transaction":"301"} | ret=SUCCESS |  
2025-10-17 11:01:51,761 | INFO  | OMAudit | user=runner | ip=127.0.0.1 | op=READ_VOLUME {"volume":"e807eceb-3e06-4929-ab4e-6d70ba218201"} | ret=SUCCESS |  
2025-10-17 11:01:51,762 | INFO  | OMAudit | user=runner | ip=127.0.0.1 | op=READ_BUCKET {"volume":"e807eceb-3e06-4929-ab4e-6d70ba218201","bucket":"254ba0ce-fb46-42e8-acc4-4d5bb4fc6364"} | ret=SUCCESS |  
2025-10-17 11:01:51,926 | INFO  | SCMAudit | user=runner | ip=127.0.0.1 | op=SEND_HEARTBEAT {"datanodeUUID":"28c08cd4-c049-4c66-8210-e254cf68b291","term":"2","command":"[]"} | ret=SUCCESS |  
2025-10-17 11:01:51,932 | INFO  | SCMAudit | user=runner | ip=127.0.0.1 | op=SEND_HEARTBEAT {"datanodeUUID":"7995ae7b-77ec-4e72-809d-814459f62ee0","term":"2","command":"[]"} | ret=SUCCESS |  
2025-10-17 11:01:51,933 | INFO  | SCMAudit | user=runner | ip=127.0.0.1 | op=SEND_HEARTBEAT {"datanodeUUID":"3a11eef6-a527-493c-8ba3-ae39ecaefa56","term":"2","command":"[]"} | ret=SUCCESS |  
2025-10-17 11:01:52,025 | INFO  | SCMAudit | user=runner | ip=127.0.0.1 | op=SEND_HEARTBEAT {"datanodeUUID":"99c47355-c013-4450-a734-aff6d3c99677","term":"2","command":"[]"} | ret=SUCCESS |  
2025-10-17 11:01:52,025 | INFO  | SCMAudit | user=runner | ip=127.0.0.1 | op=SEND_HEARTBEAT {"datanodeUUID":"309ab1ff-9f5a-4058-8b2f-94d451ce5267","term":"2","command":"[]"} | ret=SUCCESS |  
2025-10-17 11:01:52,030 | INFO  | SCMAudit | user=runner | ip=127.0.0.1 | op=SEND_HEARTBEAT {"datanodeUUID":"b292b6be-9482-4c30-a3e0-c9f721931b72","term":"2","command":"[]"} | ret=SUCCESS |  
2025-10-17 11:01:52,120 [om1-KeyDeletingService#9] INFO  service.KeyDeletingService (KeyDeletingService.java:processKeyDeletes(151)) - Send 1 key(s) to SCM, first 1 keys: [PurgedKey{blockGroup=BlockGroup[groupID='/e807eceb-3e06-4929-ab4e-6d70ba218201/254ba0ce-fb46-42e8-acc4-4d5bb4fc6364/d5ffc862-d718-4a9a-8824-d23a22b058cb/-9223372036854700031/0', blockIDs=[conID: 16 locID: 115816896921600093 bcsId: 0 replicaIndex: null, conID: 22 locID: 115816896921600094 bcsId: 0 replicaIndex: null, conID: 15 locID: 115816896921600095 bcsId: 0 replicaIndex: null]], volume='e807eceb-3e06-4929-ab4e-6d70ba218201', bucket='254ba0ce-fb46-42e8-acc4-4d5bb4fc6364', bucketId=-9223372036854700288, purgedBytes=25165827, isCommittedKey=true, deleteKeyName='/e807eceb-3e06-4929-ab4e-6d70ba218201/254ba0ce-fb46-42e8-acc4-4d5bb4fc6364/d5ffc862-d718-4a9a-8824-d23a22b058cb/-9223372036854700031'}]
2025-10-17 11:01:52,123 | INFO  | SCMAudit | user=runner | ip=127.0.0.1 | op=DELETE_KEY_BLOCK {"KeyBlockToDelete":"[BlockGroup[groupID='/e807eceb-3e06-4929-ab4e-6d70ba218201/254ba0ce-fb46-42e8-acc4-4d5bb4fc6364/d5ffc862-d718-4a9a-8824-d23a22b058cb/-9223372036854700031/0', blockIDs=[conID: 16 locID: 115816896921600093 bcsId: 0 replicaIndex: null, conID: 22 locID: 115816896921600094 bcsId: 0 replicaIndex: null, conID: 15 locID: 115816896921600095 bcsId: 0 replicaIndex: null]]]"} | ret=SUCCESS |  
2025-10-17 11:01:52,123 [om1-KeyDeletingService#9] INFO  service.KeyDeletingService (KeyDeletingService.java:processKeyDeletes(158)) - 1 BlockGroup deletion are acked by SCM in 3 ms
2025-10-17 11:01:52,124 [om1-DirectoryDeletingService#6] INFO  utils.BackgroundService (AbstractKeyDeletingService.java:isPreviousPurgeTransactionFlushed(87)) - Skipping AOS processing since changes to deleted space of AOS have not been flushed to disk last Purge Transaction: 1#302, Flushed Disk Transaction: 1#301
2025-10-17 11:01:52,125 [om1-KeyDeletingService#9] INFO  service.KeyDeletingService (KeyDeletingService.java:processKeyDeletes(166)) - Blocks for 1 (out of 1) keys are deleted from DB in 1 ms. Limit per task is 50000.
2025-10-17 11:01:52,206 | INFO  | SCMAudit | user=runner | ip=127.0.0.1 | op=SEND_HEARTBEAT {"datanodeUUID":"a5293c95-44e9-4ea9-88ca-89089eac4b59","term":"2","command":"[]"} | ret=SUCCESS |  
2025-10-17 11:01:52,416 | INFO  | SCMAudit | user=runner | ip=127.0.0.1 | op=SEND_HEARTBEAT {"datanodeUUID":"50dccd39-549f-4f43-8b1f-597bf98f9c16","term":"2","command":"[]"} | ret=SUCCESS |  
2025-10-17 11:01:52,420 | INFO  | SCMAudit | user=runner | ip=127.0.0.1 | op=SEND_HEARTBEAT {"datanodeUUID":"dbd6f242-9b73-4bca-a110-3e2ec656b979","term":"2","command":"[]"} | ret=SUCCESS |  
2025-10-17 11:01:52,422 | INFO  | SCMAudit | user=runner | ip=127.0.0.1 | op=SEND_HEARTBEAT {"datanodeUUID":"ed6e9581-5875-4278-a8db-50829892434b","term":"2","command":"[]"} | ret=SUCCESS |  
2025-10-17 11:01:52,534 | INFO  | SCMAudit | user=runner | ip=127.0.0.1 | op=SEND_HEARTBEAT {"datanodeUUID":"b6f92338-e951-49df-a986-ea31ece96e9e","term":"2","command":"[]"} | ret=SUCCESS |  
2025-10-17 11:01:52,550 | INFO  | SCMAudit | user=runner | ip=127.0.0.1 | op=SEND_HEARTBEAT {"datanodeUUID":"718bfa29-2c47-4ab5-ac61-3dfe9c6b9d5c","term":"2","command":"[]"} | ret=SUCCESS |  
2025-10-17 11:01:52,555 | INFO  | SCMAudit | user=runner | ip=127.0.0.1 | op=SEND_HEARTBEAT {"datanodeUUID":"b1eee25a-1fdf-4744-83c7-58e0513fce3b","term":"2","command":"[]"} | ret=SUCCESS |  
2025-10-17 11:01:52,555 | INFO  | SCMAudit | user=runner | ip=127.0.0.1 | op=SEND_HEARTBEAT {"datanodeUUID":"2b4cc429-f9c1-416c-9a38-6239a2e149ea","term":"2","command":"[]"} | ret=SUCCESS |  
2025-10-17 11:01:52,763 | INFO  | OMAudit | user=runner | ip=127.0.0.1 | op=READ_VOLUME {"volume":"e807eceb-3e06-4929-ab4e-6d70ba218201"} | ret=SUCCESS |  
2025-10-17 11:01:52,764 | INFO  | OMAudit | user=runner | ip=127.0.0.1 | op=READ_BUCKET {"volume":"e807eceb-3e06-4929-ab4e-6d70ba218201","bucket":"254ba0ce-fb46-42e8-acc4-4d5bb4fc6364"} | ret=SUCCESS |  
2025-10-17 11:01:52,765 [ForkJoinPool-1-worker-1] INFO  rpc.RpcClient (RpcClient.java:createVolume(461)) - Creating Volume: 844c835a-f688-4720-bbfe-211a996642f0, with runner as owner and space quota set to -1 bytes, counts quota set to -1
2025-10-17 11:01:52,826 [om1-OMStateMachineApplyTransactionThread - 0] INFO  volume.OMVolumeCreateRequest (OMVolumeCreateRequest.java:validateAndUpdateCache(213)) - created volume:844c835a-f688-4720-bbfe-211a996642f0 for user:runner
2025-10-17 11:01:52,826 | INFO  | OMAudit | user=runner | ip=127.0.0.1 | op=CREATE_VOLUME {"admin":"runner","owner":"runner","volume":"844c835a-f688-4720-bbfe-211a996642f0","creationTime":"1760698912766","modificationTime":"1760698912766","quotaInBytes":"-1","quotaInNamespace":"-1","usedNamespace":"0","objectID":"-9223372036854698240","updateID":"303","Transaction":"303"} | ret=SUCCESS |  
2025-10-17 11:01:52,828 | INFO  | OMAudit | user=runner | ip=127.0.0.1 | op=READ_VOLUME {"volume":"844c835a-f688-4720-bbfe-211a996642f0"} | ret=SUCCESS |  
2025-10-17 11:01:52,828 [ForkJoinPool-1-worker-1] INFO  rpc.RpcClient (RpcClient.java:createBucket(686)) - Creating Bucket: 844c835a-f688-4720-bbfe-211a996642f0/88206342-f6e9-4555-9c54-8f93eb8e833e, with server-side default bucket layout, runner as owner, Versioning false, Storage Type set to DISK and Encryption set to false, Replication Type set to server-side default replication type, Namespace Quota set to -1, Space Quota set to -1 
2025-10-17 11:01:52,830 [om1-OMStateMachineApplyTransactionThread - 0] INFO  bucket.OMBucketCreateRequest (OMBucketCreateRequest.java:validateAndUpdateCache(303)) - created bucket: 88206342-f6e9-4555-9c54-8f93eb8e833e of layout FILE_SYSTEM_OPTIMIZED in volume: 844c835a-f688-4720-bbfe-211a996642f0
2025-10-17 11:01:52,830 | INFO  | OMAudit | user=runner | ip=127.0.0.1 | op=CREATE_BUCKET {"volume":"844c835a-f688-4720-bbfe-211a996642f0","bucket":"88206342-f6e9-4555-9c54-8f93eb8e833e","bucketLayout":"FILE_SYSTEM_OPTIMIZED","gdprEnabled":null,"acls":"[user:runner:a[ACCESS], group:runner:rl[ACCESS]]","isVersionEnabled":"false","storageType":"DISK","creationTime":"1760698912829","bucketEncryptionKey":null,"modificationTime":"1760698912829","usedBytes":"0","usedNamespace":"0","snapshotUsedBytes":"0","snapshotUsedNamespace":"0","owner":"runner","replicationType":null,"replicationConfig":null,"quotaInBytes":"-1","quotaInNamespace":"-1","Transaction":"304"} | ret=SUCCESS |  
2025-10-17 11:01:52,831 | INFO  | OMAudit | user=runner | ip=127.0.0.1 | op=READ_BUCKET {"volume":"844c835a-f688-4720-bbfe-211a996642f0","bucket":"88206342-f6e9-4555-9c54-8f93eb8e833e"} | ret=SUCCESS |  
2025-10-17 11:01:52,833 | INFO  | OMAudit | user=runner | ip=127.0.0.1 | op=READ_BUCKET {"volume":"844c835a-f688-4720-bbfe-211a996642f0","bucket":"88206342-f6e9-4555-9c54-8f93eb8e833e"} | ret=SUCCESS |  
2025-10-17 11:01:52,834 | INFO  | SCMAudit | user=runner | ip=127.0.0.1 | op=ALLOCATE_BLOCK {"replication":"RATIS/THREE","owner":"omServiceIdDefault","size":"4194304","sampleBlocks":"[conID: 16 locID: 115816896921600096, conID: 19 locID: 115816896921600097, conID: 18 locID: 115816896921600098]","num":"3","client":"","allocated":"3"} | ret=SUCCESS |  
2025-10-17 11:01:52,837 | INFO  | OMAudit | user=runner | ip=127.0.0.1 | op=ALLOCATE_KEY {"volume":"844c835a-f688-4720-bbfe-211a996642f0","bucket":"88206342-f6e9-4555-9c54-8f93eb8e833e","key":"e0bb612e-b80c-4eb2-92f0-d86958317200","dataSize":"12582912","replicationType":"RATIS","replicationFactor":"THREE","Transaction":"305"} | ret=SUCCESS |  
2025-10-17 11:01:52,839 | INFO  | OMAudit | user=runner | ip=127.0.0.1 | op=READ_VOLUME {"volume":"844c835a-f688-4720-bbfe-211a996642f0"} | ret=SUCCESS |  
2025-10-17 11:01:52,839 | INFO  | OMAudit | user=runner | ip=127.0.0.1 | op=READ_BUCKET {"volume":"844c835a-f688-4720-bbfe-211a996642f0","bucket":"88206342-f6e9-4555-9c54-8f93eb8e833e"} | ret=SUCCESS |  
2025-10-17 11:01:52,930 | INFO  | SCMAudit | user=runner | ip=127.0.0.1 | op=SEND_HEARTBEAT {"datanodeUUID":"28c08cd4-c049-4c66-8210-e254cf68b291","term":"2","command":"[]"} | ret=SUCCESS |  
2025-10-17 11:01:52,934 | INFO  | SCMAudit | user=runner | ip=127.0.0.1 | op=SEND_HEARTBEAT {"datanodeUUID":"7995ae7b-77ec-4e72-809d-814459f62ee0","term":"2","command":"[]"} | ret=SUCCESS |  
2025-10-17 11:01:52,935 | INFO  | SCMAudit | user=runner | ip=127.0.0.1 | op=SEND_HEARTBEAT {"datanodeUUID":"3a11eef6-a527-493c-8ba3-ae39ecaefa56","term":"2","command":"[]"} | ret=SUCCESS |  
2025-10-17 11:01:52,987 | INFO  | OMAudit | user=runner | ip=127.0.0.1 | op=COMMIT_KEY {"volume":"844c835a-f688-4720-bbfe-211a996642f0","bucket":"88206342-f6e9-4555-9c54-8f93eb8e833e","key":"e0bb612e-b80c-4eb2-92f0-d86958317200","dataSize":"12582912","replicationType":"RATIS","replicationFactor":"THREE","Transaction":"306"} | ret=SUCCESS |  
2025-10-17 11:01:52,990 | INFO  | OMAudit | user=runner | ip=127.0.0.1 | op=READ_VOLUME {"volume":"844c835a-f688-4720-bbfe-211a996642f0"} | ret=SUCCESS |  
2025-10-17 11:01:52,991 | INFO  | OMAudit | user=runner | ip=127.0.0.1 | op=READ_BUCKET {"volume":"844c835a-f688-4720-bbfe-211a996642f0","bucket":"88206342-f6e9-4555-9c54-8f93eb8e833e"} | ret=SUCCESS |  
2025-10-17 11:01:52,993 | INFO  | OMAudit | user=runner | ip=127.0.0.1 | op=READ_BUCKET {"volume":"844c835a-f688-4720-bbfe-211a996642f0","bucket":"88206342-f6e9-4555-9c54-8f93eb8e833e"} | ret=SUCCESS |  
2025-10-17 11:01:52,994 | INFO  | SCMAudit | user=runner | ip=127.0.0.1 | op=ALLOCATE_BLOCK {"replication":"RATIS/THREE","owner":"omServiceIdDefault","size":"4194304","sampleBlocks":"[conID: 18 locID: 115816896921600099, conID: 15 locID: 115816896921600100, conID: 16 locID: 115816896921600101]","num":"3","client":"","allocated":"3"} | ret=SUCCESS |  
2025-10-17 11:01:52,997 | INFO  | OMAudit | user=runner | ip=127.0.0.1 | op=ALLOCATE_KEY {"volume":"844c835a-f688-4720-bbfe-211a996642f0","bucket":"88206342-f6e9-4555-9c54-8f93eb8e833e","key":"e0bb612e-b80c-4eb2-92f0-d86958317200","dataSize":"12582912","replicationType":"RATIS","replicationFactor":"THREE","Transaction":"307"} | ret=SUCCESS |  
2025-10-17 11:01:52,999 | INFO  | OMAudit | user=runner | ip=127.0.0.1 | op=READ_VOLUME {"volume":"844c835a-f688-4720-bbfe-211a996642f0"} | ret=SUCCESS |  
2025-10-17 11:01:53,000 | INFO  | OMAudit | user=runner | ip=127.0.0.1 | op=READ_BUCKET {"volume":"844c835a-f688-4720-bbfe-211a996642f0","bucket":"88206342-f6e9-4555-9c54-8f93eb8e833e"} | ret=SUCCESS |  
2025-10-17 11:01:53,028 | INFO  | SCMAudit | user=runner | ip=127.0.0.1 | op=SEND_HEARTBEAT {"datanodeUUID":"309ab1ff-9f5a-4058-8b2f-94d451ce5267","term":"2","command":"[]"} | ret=SUCCESS |  
2025-10-17 11:01:53,036 | INFO  | SCMAudit | user=runner | ip=127.0.0.1 | op=SEND_HEARTBEAT {"datanodeUUID":"99c47355-c013-4450-a734-aff6d3c99677","term":"2","command":"[]"} | ret=SUCCESS |  
2025-10-17 11:01:53,036 | INFO  | SCMAudit | user=runner | ip=127.0.0.1 | op=SEND_HEARTBEAT {"datanodeUUID":"b292b6be-9482-4c30-a3e0-c9f721931b72","term":"2","command":"[]"} | ret=SUCCESS |  
2025-10-17 11:01:53,179 | INFO  | OMAudit | user=runner | ip=127.0.0.1 | op=COMMIT_KEY {"volume":"844c835a-f688-4720-bbfe-211a996642f0","bucket":"88206342-f6e9-4555-9c54-8f93eb8e833e","key":"e0bb612e-b80c-4eb2-92f0-d86958317200","dataSize":"12582912","replicationType":"RATIS","replicationFactor":"THREE","Transaction":"308"} | ret=SUCCESS |  
2025-10-17 11:01:53,182 | INFO  | OMAudit | user=runner | ip=127.0.0.1 | op=READ_VOLUME {"volume":"844c835a-f688-4720-bbfe-211a996642f0"} | ret=SUCCESS |  
2025-10-17 11:01:53,183 | INFO  | OMAudit | user=runner | ip=127.0.0.1 | op=READ_BUCKET {"volume":"844c835a-f688-4720-bbfe-211a996642f0","bucket":"88206342-f6e9-4555-9c54-8f93eb8e833e"} | ret=SUCCESS |  
2025-10-17 11:01:53,206 | INFO  | SCMAudit | user=runner | ip=127.0.0.1 | op=SEND_HEARTBEAT {"datanodeUUID":"a5293c95-44e9-4ea9-88ca-89089eac4b59","term":"2","command":"[]"} | ret=SUCCESS |  
2025-10-17 11:01:53,416 | INFO  | SCMAudit | user=runner | ip=127.0.0.1 | op=SEND_HEARTBEAT {"datanodeUUID":"50dccd39-549f-4f43-8b1f-597bf98f9c16","term":"2","command":"[]"} | ret=SUCCESS |  
2025-10-17 11:01:53,420 | INFO  | SCMAudit | user=runner | ip=127.0.0.1 | op=SEND_HEARTBEAT {"datanodeUUID":"dbd6f242-9b73-4bca-a110-3e2ec656b979","term":"2","command":"[]"} | ret=SUCCESS |  
2025-10-17 11:01:53,422 | INFO  | SCMAudit | user=runner | ip=127.0.0.1 | op=SEND_HEARTBEAT {"datanodeUUID":"ed6e9581-5875-4278-a8db-50829892434b","term":"2","command":"[]"} | ret=SUCCESS |  
2025-10-17 11:01:53,534 | INFO  | SCMAudit | user=runner | ip=127.0.0.1 | op=SEND_HEARTBEAT {"datanodeUUID":"b6f92338-e951-49df-a986-ea31ece96e9e","term":"2","command":"[]"} | ret=SUCCESS |  
2025-10-17 11:01:53,550 | INFO  | SCMAudit | user=runner | ip=127.0.0.1 | op=SEND_HEARTBEAT {"datanodeUUID":"718bfa29-2c47-4ab5-ac61-3dfe9c6b9d5c","term":"2","command":"[]"} | ret=SUCCESS |  
2025-10-17 11:01:53,555 | INFO  | SCMAudit | user=runner | ip=127.0.0.1 | op=SEND_HEARTBEAT {"datanodeUUID":"b1eee25a-1fdf-4744-83c7-58e0513fce3b","term":"2","command":"[]"} | ret=SUCCESS |  
2025-10-17 11:01:53,555 | INFO  | SCMAudit | user=runner | ip=127.0.0.1 | op=SEND_HEARTBEAT {"datanodeUUID":"2b4cc429-f9c1-416c-9a38-6239a2e149ea","term":"2","command":"[]"} | ret=SUCCESS |  
2025-10-17 11:01:53,927 | INFO  | SCMAudit | user=runner | ip=127.0.0.1 | op=SEND_HEARTBEAT {"datanodeUUID":"28c08cd4-c049-4c66-8210-e254cf68b291","term":"2","command":"[]"} | ret=SUCCESS |  
2025-10-17 11:01:53,932 | INFO  | SCMAudit | user=runner | ip=127.0.0.1 | op=SEND_HEARTBEAT {"datanodeUUID":"7995ae7b-77ec-4e72-809d-814459f62ee0","term":"2","command":"[]"} | ret=SUCCESS |  
2025-10-17 11:01:53,934 | INFO  | SCMAudit | user=runner | ip=127.0.0.1 | op=SEND_HEARTBEAT {"datanodeUUID":"3a11eef6-a527-493c-8ba3-ae39ecaefa56","term":"2","command":"[]"} | ret=SUCCESS |  
2025-10-17 11:01:54,026 | INFO  | SCMAudit | user=runner | ip=127.0.0.1 | op=SEND_HEARTBEAT {"datanodeUUID":"309ab1ff-9f5a-4058-8b2f-94d451ce5267","term":"2","command":"[]"} | ret=SUCCESS |  
2025-10-17 11:01:54,028 | INFO  | SCMAudit | user=runner | ip=127.0.0.1 | op=SEND_HEARTBEAT {"datanodeUUID":"99c47355-c013-4450-a734-aff6d3c99677","term":"2","command":"[]"} | ret=SUCCESS |  
2025-10-17 11:01:54,031 | INFO  | SCMAudit | user=runner | ip=127.0.0.1 | op=SEND_HEARTBEAT {"datanodeUUID":"b292b6be-9482-4c30-a3e0-c9f721931b72","term":"2","command":"[]"} | ret=SUCCESS |  
2025-10-17 11:01:54,121 [om1-KeyDeletingService#2] INFO  service.KeyDeletingService (KeyDeletingService.java:processKeyDeletes(151)) - Send 1 key(s) to SCM, first 1 keys: [PurgedKey{blockGroup=BlockGroup[groupID='/844c835a-f688-4720-bbfe-211a996642f0/88206342-f6e9-4555-9c54-8f93eb8e833e/e0bb612e-b80c-4eb2-92f0-d86958317200/-9223372036854696960/0', blockIDs=[conID: 16 locID: 115816896921600096 bcsId: 0 replicaIndex: null, conID: 19 locID: 115816896921600097 bcsId: 0 replicaIndex: null, conID: 18 locID: 115816896921600098 bcsId: 0 replicaIndex: null]], volume='844c835a-f688-4720-bbfe-211a996642f0', bucket='88206342-f6e9-4555-9c54-8f93eb8e833e', bucketId=-9223372036854697984, purgedBytes=37748736, isCommittedKey=true, deleteKeyName='/844c835a-f688-4720-bbfe-211a996642f0/88206342-f6e9-4555-9c54-8f93eb8e833e/e0bb612e-b80c-4eb2-92f0-d86958317200/-9223372036854696960'}]
2025-10-17 11:01:54,123 | INFO  | SCMAudit | user=runner | ip=127.0.0.1 | op=DELETE_KEY_BLOCK {"KeyBlockToDelete":"[BlockGroup[groupID='/844c835a-f688-4720-bbfe-211a996642f0/88206342-f6e9-4555-9c54-8f93eb8e833e/e0bb612e-b80c-4eb2-92f0-d86958317200/-9223372036854696960/0', blockIDs=[conID: 16 locID: 115816896921600096 bcsId: 0 replicaIndex: null, conID: 19 locID: 115816896921600097 bcsId: 0 replicaIndex: null, conID: 18 locID: 115816896921600098 bcsId: 0 replicaIndex: null]]]"} | ret=SUCCESS |  
2025-10-17 11:01:54,123 [om1-KeyDeletingService#2] INFO  service.KeyDeletingService (KeyDeletingService.java:processKeyDeletes(158)) - 1 BlockGroup deletion are acked by SCM in 3 ms
2025-10-17 11:01:54,125 [om1-KeyDeletingService#2] INFO  service.KeyDeletingService (KeyDeletingService.java:processKeyDeletes(166)) - Blocks for 1 (out of 1) keys are deleted from DB in 2 ms. Limit per task is 50000.
2025-10-17 11:01:54,184 | INFO  | OMAudit | user=runner | ip=127.0.0.1 | op=READ_VOLUME {"volume":"844c835a-f688-4720-bbfe-211a996642f0"} | ret=SUCCESS |  
2025-10-17 11:01:54,185 | INFO  | OMAudit | user=runner | ip=127.0.0.1 | op=READ_BUCKET {"volume":"844c835a-f688-4720-bbfe-211a996642f0","bucket":"88206342-f6e9-4555-9c54-8f93eb8e833e"} | ret=SUCCESS |  
2025-10-17 11:01:54,188 | INFO  | OMAudit | user=runner | ip=127.0.0.1 | op=DELETE_KEY {"volume":"844c835a-f688-4720-bbfe-211a996642f0","bucket":"88206342-f6e9-4555-9c54-8f93eb8e833e","key":"e0bb612e-b80c-4eb2-92f0-d86958317200","dataSize":"12582912","replicationConfig":"RATIS/THREE","Transaction":"310"} | ret=SUCCESS |  
2025-10-17 11:01:54,189 | INFO  | OMAudit | user=runner | ip=127.0.0.1 | op=READ_VOLUME {"volume":"844c835a-f688-4720-bbfe-211a996642f0"} | ret=SUCCESS |  
2025-10-17 11:01:54,190 | INFO  | OMAudit | user=runner | ip=127.0.0.1 | op=READ_BUCKET {"volume":"844c835a-f688-4720-bbfe-211a996642f0","bucket":"88206342-f6e9-4555-9c54-8f93eb8e833e"} | ret=SUCCESS |  
2025-10-17 11:01:54,206 | INFO  | SCMAudit | user=runner | ip=127.0.0.1 | op=SEND_HEARTBEAT {"datanodeUUID":"a5293c95-44e9-4ea9-88ca-89089eac4b59","term":"2","command":"[]"} | ret=SUCCESS |  
2025-10-17 11:01:54,416 | INFO  | SCMAudit | user=runner | ip=127.0.0.1 | op=SEND_HEARTBEAT {"datanodeUUID":"50dccd39-549f-4f43-8b1f-597bf98f9c16","term":"2","command":"[]"} | ret=SUCCESS |  
2025-10-17 11:01:54,420 | INFO  | SCMAudit | user=runner | ip=127.0.0.1 | op=SEND_HEARTBEAT {"datanodeUUID":"dbd6f242-9b73-4bca-a110-3e2ec656b979","term":"2","command":"[]"} | ret=SUCCESS |  
2025-10-17 11:01:54,423 | INFO  | SCMAudit | user=runner | ip=127.0.0.1 | op=SEND_HEARTBEAT {"datanodeUUID":"ed6e9581-5875-4278-a8db-50829892434b","term":"2","command":"[]"} | ret=SUCCESS |  
2025-10-17 11:01:54,534 | INFO  | SCMAudit | user=runner | ip=127.0.0.1 | op=SEND_HEARTBEAT {"datanodeUUID":"b6f92338-e951-49df-a986-ea31ece96e9e","term":"2","command":"[]"} | ret=SUCCESS |  
2025-10-17 11:01:54,550 | INFO  | SCMAudit | user=runner | ip=127.0.0.1 | op=SEND_HEARTBEAT {"datanodeUUID":"718bfa29-2c47-4ab5-ac61-3dfe9c6b9d5c","term":"2","command":"[]"} | ret=SUCCESS |  
2025-10-17 11:01:54,555 | INFO  | SCMAudit | user=runner | ip=127.0.0.1 | op=SEND_HEARTBEAT {"datanodeUUID":"b1eee25a-1fdf-4744-83c7-58e0513fce3b","term":"2","command":"[]"} | ret=SUCCESS |  
2025-10-17 11:01:54,555 | INFO  | SCMAudit | user=runner | ip=127.0.0.1 | op=SEND_HEARTBEAT {"datanodeUUID":"2b4cc429-f9c1-416c-9a38-6239a2e149ea","term":"2","command":"[]"} | ret=SUCCESS |  
2025-10-17 11:01:54,927 | INFO  | SCMAudit | user=runner | ip=127.0.0.1 | op=SEND_HEARTBEAT {"datanodeUUID":"28c08cd4-c049-4c66-8210-e254cf68b291","term":"2","command":"[]"} | ret=SUCCESS |  
2025-10-17 11:01:54,932 | INFO  | SCMAudit | user=runner | ip=127.0.0.1 | op=SEND_HEARTBEAT {"datanodeUUID":"7995ae7b-77ec-4e72-809d-814459f62ee0","term":"2","command":"[]"} | ret=SUCCESS |  
2025-10-17 11:01:54,934 | INFO  | SCMAudit | user=runner | ip=127.0.0.1 | op=SEND_HEARTBEAT {"datanodeUUID":"3a11eef6-a527-493c-8ba3-ae39ecaefa56","term":"2","command":"[]"} | ret=SUCCESS |  
2025-10-17 11:01:55,026 | INFO  | SCMAudit | user=runner | ip=127.0.0.1 | op=SEND_HEARTBEAT {"datanodeUUID":"309ab1ff-9f5a-4058-8b2f-94d451ce5267","term":"2","command":"[]"} | ret=SUCCESS |  
2025-10-17 11:01:55,027 | INFO  | SCMAudit | user=runner | ip=127.0.0.1 | op=SEND_HEARTBEAT {"datanodeUUID":"99c47355-c013-4450-a734-aff6d3c99677","term":"2","command":"[]"} | ret=SUCCESS |  
2025-10-17 11:01:55,031 | INFO  | SCMAudit | user=runner | ip=127.0.0.1 | op=SEND_HEARTBEAT {"datanodeUUID":"b292b6be-9482-4c30-a3e0-c9f721931b72","term":"2","command":"[]"} | ret=SUCCESS |  
2025-10-17 11:01:55,121 [om1-KeyDeletingService#5] INFO  service.KeyDeletingService (KeyDeletingService.java:processKeyDeletes(151)) - Send 1 key(s) to SCM, first 1 keys: [PurgedKey{blockGroup=BlockGroup[groupID='/844c835a-f688-4720-bbfe-211a996642f0/88206342-f6e9-4555-9c54-8f93eb8e833e/e0bb612e-b80c-4eb2-92f0-d86958317200/-9223372036854697727/0', blockIDs=[conID: 18 locID: 115816896921600099 bcsId: 0 replicaIndex: null, conID: 15 locID: 115816896921600100 bcsId: 0 replicaIndex: null, conID: 16 locID: 115816896921600101 bcsId: 0 replicaIndex: null]], volume='844c835a-f688-4720-bbfe-211a996642f0', bucket='88206342-f6e9-4555-9c54-8f93eb8e833e', bucketId=-9223372036854697984, purgedBytes=37748736, isCommittedKey=true, deleteKeyName='/844c835a-f688-4720-bbfe-211a996642f0/88206342-f6e9-4555-9c54-8f93eb8e833e/e0bb612e-b80c-4eb2-92f0-d86958317200/-9223372036854697727'}]
2025-10-17 11:01:55,123 | INFO  | SCMAudit | user=runner | ip=127.0.0.1 | op=DELETE_KEY_BLOCK {"KeyBlockToDelete":"[BlockGroup[groupID='/844c835a-f688-4720-bbfe-211a996642f0/88206342-f6e9-4555-9c54-8f93eb8e833e/e0bb612e-b80c-4eb2-92f0-d86958317200/-9223372036854697727/0', blockIDs=[conID: 18 locID: 115816896921600099 bcsId: 0 replicaIndex: null, conID: 15 locID: 115816896921600100 bcsId: 0 replicaIndex: null, conID: 16 locID: 115816896921600101 bcsId: 0 replicaIndex: null]]]"} | ret=SUCCESS |  
2025-10-17 11:01:55,124 [om1-KeyDeletingService#5] INFO  service.KeyDeletingService (KeyDeletingService.java:processKeyDeletes(158)) - 1 BlockGroup deletion are acked by SCM in 2 ms
2025-10-17 11:01:55,125 [om1-DirectoryDeletingService#0] INFO  utils.BackgroundService (AbstractKeyDeletingService.java:isPreviousPurgeTransactionFlushed(87)) - Skipping AOS processing since changes to deleted space of AOS have not been flushed to disk last Purge Transaction: 1#311, Flushed Disk Transaction: 1#310
2025-10-17 11:01:55,125 [om1-KeyDeletingService#5] INFO  service.KeyDeletingService (KeyDeletingService.java:processKeyDeletes(166)) - Blocks for 1 (out of 1) keys are deleted from DB in 2 ms. Limit per task is 50000.
2025-10-17 11:01:55,191 | INFO  | OMAudit | user=runner | ip=127.0.0.1 | op=READ_VOLUME {"volume":"844c835a-f688-4720-bbfe-211a996642f0"} | ret=SUCCESS |  
2025-10-17 11:01:55,192 | INFO  | OMAudit | user=runner | ip=127.0.0.1 | op=READ_BUCKET {"volume":"844c835a-f688-4720-bbfe-211a996642f0","bucket":"88206342-f6e9-4555-9c54-8f93eb8e833e"} | ret=SUCCESS |  
2025-10-17 11:01:55,192 [ForkJoinPool-1-worker-1] INFO  rpc.RpcClient (RpcClient.java:createVolume(461)) - Creating Volume: 93e50319-c70f-4f08-8676-16b4581b841c, with runner as owner and space quota set to -1 bytes, counts quota set to -1
2025-10-17 11:01:55,194 [om1-OMStateMachineApplyTransactionThread - 0] INFO  volume.OMVolumeCreateRequest (OMVolumeCreateRequest.java:validateAndUpdateCache(213)) - created volume:93e50319-c70f-4f08-8676-16b4581b841c for user:runner
2025-10-17 11:01:55,194 | INFO  | OMAudit | user=runner | ip=127.0.0.1 | op=CREATE_VOLUME {"admin":"runner","owner":"runner","volume":"93e50319-c70f-4f08-8676-16b4581b841c","creationTime":"1760698915193","modificationTime":"1760698915193","quotaInBytes":"-1","quotaInNamespace":"-1","usedNamespace":"0","objectID":"-9223372036854695936","updateID":"312","Transaction":"312"} | ret=SUCCESS |  
2025-10-17 11:01:55,195 | INFO  | OMAudit | user=runner | ip=127.0.0.1 | op=READ_VOLUME {"volume":"93e50319-c70f-4f08-8676-16b4581b841c"} | ret=SUCCESS |  
2025-10-17 11:01:55,195 [ForkJoinPool-1-worker-1] INFO  rpc.RpcClient (RpcClient.java:createBucket(686)) - Creating Bucket: 93e50319-c70f-4f08-8676-16b4581b841c/6d0274e2-2749-456e-9006-9dc6edfface5, with server-side default bucket layout, runner as owner, Versioning false, Storage Type set to DISK and Encryption set to false, Replication Type set to server-side default replication type, Namespace Quota set to -1, Space Quota set to -1 
2025-10-17 11:01:55,197 [om1-OMStateMachineApplyTransactionThread - 0] INFO  bucket.OMBucketCreateRequest (OMBucketCreateRequest.java:validateAndUpdateCache(303)) - created bucket: 6d0274e2-2749-456e-9006-9dc6edfface5 of layout FILE_SYSTEM_OPTIMIZED in volume: 93e50319-c70f-4f08-8676-16b4581b841c
2025-10-17 11:01:55,197 | INFO  | OMAudit | user=runner | ip=127.0.0.1 | op=CREATE_BUCKET {"volume":"93e50319-c70f-4f08-8676-16b4581b841c","bucket":"6d0274e2-2749-456e-9006-9dc6edfface5","bucketLayout":"FILE_SYSTEM_OPTIMIZED","gdprEnabled":null,"acls":"[user:runner:a[ACCESS], group:runner:rl[ACCESS]]","isVersionEnabled":"false","storageType":"DISK","creationTime":"1760698915196","bucketEncryptionKey":null,"modificationTime":"1760698915196","usedBytes":"0","usedNamespace":"0","snapshotUsedBytes":"0","snapshotUsedNamespace":"0","owner":"runner","replicationType":null,"replicationConfig":null,"quotaInBytes":"-1","quotaInNamespace":"-1","Transaction":"313"} | ret=SUCCESS |  
2025-10-17 11:01:55,198 | INFO  | OMAudit | user=runner | ip=127.0.0.1 | op=READ_BUCKET {"volume":"93e50319-c70f-4f08-8676-16b4581b841c","bucket":"6d0274e2-2749-456e-9006-9dc6edfface5"} | ret=SUCCESS |  
2025-10-17 11:01:55,200 | INFO  | OMAudit | user=runner | ip=127.0.0.1 | op=READ_BUCKET {"volume":"93e50319-c70f-4f08-8676-16b4581b841c","bucket":"6d0274e2-2749-456e-9006-9dc6edfface5"} | ret=SUCCESS |  
2025-10-17 11:01:55,201 | INFO  | SCMAudit | user=runner | ip=127.0.0.1 | op=ALLOCATE_BLOCK {"replication":"RATIS/THREE","owner":"omServiceIdDefault","size":"4194304","sampleBlocks":"[conID: 19 locID: 115816896921600102, conID: 19 locID: 115816896921600103, conID: 21 locID: 115816896921600104, conID: 17 locID: 115816896921600105]","num":"4","client":"","allocated":"4"} | ret=SUCCESS |  
2025-10-17 11:01:55,203 | INFO  | OMAudit | user=runner | ip=127.0.0.1 | op=ALLOCATE_KEY {"volume":"93e50319-c70f-4f08-8676-16b4581b841c","bucket":"6d0274e2-2749-456e-9006-9dc6edfface5","key":"c44c844f-a168-4803-b6e4-7ddb58c7f538","dataSize":"12582913","replicationType":"RATIS","replicationFactor":"THREE","Transaction":"314"} | ret=SUCCESS |  
2025-10-17 11:01:55,206 | INFO  | OMAudit | user=runner | ip=127.0.0.1 | op=READ_VOLUME {"volume":"93e50319-c70f-4f08-8676-16b4581b841c"} | ret=SUCCESS |  
2025-10-17 11:01:55,206 | INFO  | SCMAudit | user=runner | ip=127.0.0.1 | op=SEND_HEARTBEAT {"datanodeUUID":"a5293c95-44e9-4ea9-88ca-89089eac4b59","term":"2","command":"[]"} | ret=SUCCESS |  
2025-10-17 11:01:55,207 | INFO  | OMAudit | user=runner | ip=127.0.0.1 | op=READ_BUCKET {"volume":"93e50319-c70f-4f08-8676-16b4581b841c","bucket":"6d0274e2-2749-456e-9006-9dc6edfface5"} | ret=SUCCESS |  
2025-10-17 11:01:55,369 | INFO  | OMAudit | user=runner | ip=127.0.0.1 | op=COMMIT_KEY {"volume":"93e50319-c70f-4f08-8676-16b4581b841c","bucket":"6d0274e2-2749-456e-9006-9dc6edfface5","key":"c44c844f-a168-4803-b6e4-7ddb58c7f538","dataSize":"12582913","replicationType":"RATIS","replicationFactor":"THREE","Transaction":"315"} | ret=SUCCESS |  
2025-10-17 11:01:55,370 | INFO  | OMAudit | user=runner | ip=127.0.0.1 | op=READ_VOLUME {"volume":"93e50319-c70f-4f08-8676-16b4581b841c"} | ret=SUCCESS |  
2025-10-17 11:01:55,371 | INFO  | OMAudit | user=runner | ip=127.0.0.1 | op=READ_BUCKET {"volume":"93e50319-c70f-4f08-8676-16b4581b841c","bucket":"6d0274e2-2749-456e-9006-9dc6edfface5"} | ret=SUCCESS |  
2025-10-17 11:01:55,373 | INFO  | OMAudit | user=runner | ip=127.0.0.1 | op=READ_BUCKET {"volume":"93e50319-c70f-4f08-8676-16b4581b841c","bucket":"6d0274e2-2749-456e-9006-9dc6edfface5"} | ret=SUCCESS |  
2025-10-17 11:01:55,374 | INFO  | SCMAudit | user=runner | ip=127.0.0.1 | op=ALLOCATE_BLOCK {"replication":"RATIS/THREE","owner":"omServiceIdDefault","size":"4194304","sampleBlocks":"[conID: 17 locID: 115816896921600106, conID: 19 locID: 115816896921600107, conID: 20 locID: 115816896921600108, conID: 20 locID: 115816896921600109]","num":"4","client":"","allocated":"4"} | ret=SUCCESS |  
2025-10-17 11:01:55,377 | INFO  | OMAudit | user=runner | ip=127.0.0.1 | op=ALLOCATE_KEY {"volume":"93e50319-c70f-4f08-8676-16b4581b841c","bucket":"6d0274e2-2749-456e-9006-9dc6edfface5","key":"c44c844f-a168-4803-b6e4-7ddb58c7f538","dataSize":"12582913","replicationType":"RATIS","replicationFactor":"THREE","Transaction":"316"} | ret=SUCCESS |  
2025-10-17 11:01:55,380 | INFO  | OMAudit | user=runner | ip=127.0.0.1 | op=READ_VOLUME {"volume":"93e50319-c70f-4f08-8676-16b4581b841c"} | ret=SUCCESS |  
2025-10-17 11:01:55,381 | INFO  | OMAudit | user=runner | ip=127.0.0.1 | op=READ_BUCKET {"volume":"93e50319-c70f-4f08-8676-16b4581b841c","bucket":"6d0274e2-2749-456e-9006-9dc6edfface5"} | ret=SUCCESS |  
2025-10-17 11:01:55,418 | INFO  | SCMAudit | user=runner | ip=127.0.0.1 | op=SEND_HEARTBEAT {"datanodeUUID":"50dccd39-549f-4f43-8b1f-597bf98f9c16","term":"2","command":"[]"} | ret=SUCCESS |  
2025-10-17 11:01:55,424 | INFO  | SCMAudit | user=runner | ip=127.0.0.1 | op=SEND_HEARTBEAT {"datanodeUUID":"dbd6f242-9b73-4bca-a110-3e2ec656b979","term":"2","command":"[]"} | ret=SUCCESS |  
2025-10-17 11:01:55,426 | INFO  | SCMAudit | user=runner | ip=127.0.0.1 | op=SEND_HEARTBEAT {"datanodeUUID":"ed6e9581-5875-4278-a8db-50829892434b","term":"2","command":"[]"} | ret=SUCCESS |  
2025-10-17 11:01:55,535 | INFO  | SCMAudit | user=runner | ip=127.0.0.1 | op=SEND_HEARTBEAT {"datanodeUUID":"b6f92338-e951-49df-a986-ea31ece96e9e","term":"2","command":"[]"} | ret=SUCCESS |  
2025-10-17 11:01:55,536 | INFO  | OMAudit | user=runner | ip=127.0.0.1 | op=COMMIT_KEY {"volume":"93e50319-c70f-4f08-8676-16b4581b841c","bucket":"6d0274e2-2749-456e-9006-9dc6edfface5","key":"c44c844f-a168-4803-b6e4-7ddb58c7f538","dataSize":"12582913","replicationType":"RATIS","replicationFactor":"THREE","Transaction":"317"} | ret=SUCCESS |  
2025-10-17 11:01:55,539 | INFO  | OMAudit | user=runner | ip=127.0.0.1 | op=READ_VOLUME {"volume":"93e50319-c70f-4f08-8676-16b4581b841c"} | ret=SUCCESS |  
2025-10-17 11:01:55,540 | INFO  | OMAudit | user=runner | ip=127.0.0.1 | op=READ_BUCKET {"volume":"93e50319-c70f-4f08-8676-16b4581b841c","bucket":"6d0274e2-2749-456e-9006-9dc6edfface5"} | ret=SUCCESS |  
2025-10-17 11:01:55,550 | INFO  | SCMAudit | user=runner | ip=127.0.0.1 | op=SEND_HEARTBEAT {"datanodeUUID":"718bfa29-2c47-4ab5-ac61-3dfe9c6b9d5c","term":"2","command":"[]"} | ret=SUCCESS |  
2025-10-17 11:01:55,555 | INFO  | SCMAudit | user=runner | ip=127.0.0.1 | op=SEND_HEARTBEAT {"datanodeUUID":"b1eee25a-1fdf-4744-83c7-58e0513fce3b","term":"2","command":"[]"} | ret=SUCCESS |  
2025-10-17 11:01:55,556 | INFO  | SCMAudit | user=runner | ip=127.0.0.1 | op=SEND_HEARTBEAT {"datanodeUUID":"2b4cc429-f9c1-416c-9a38-6239a2e149ea","term":"2","command":"[]"} | ret=SUCCESS |  
2025-10-17 11:01:55,927 | INFO  | SCMAudit | user=runner | ip=127.0.0.1 | op=SEND_HEARTBEAT {"datanodeUUID":"28c08cd4-c049-4c66-8210-e254cf68b291","term":"2","command":"[]"} | ret=SUCCESS |  
2025-10-17 11:01:55,933 | INFO  | SCMAudit | user=runner | ip=127.0.0.1 | op=SEND_HEARTBEAT {"datanodeUUID":"7995ae7b-77ec-4e72-809d-814459f62ee0","term":"2","command":"[]"} | ret=SUCCESS |  
2025-10-17 11:01:55,934 | INFO  | SCMAudit | user=runner | ip=127.0.0.1 | op=SEND_HEARTBEAT {"datanodeUUID":"3a11eef6-a527-493c-8ba3-ae39ecaefa56","term":"2","command":"[]"} | ret=SUCCESS |  
2025-10-17 11:01:56,026 | INFO  | SCMAudit | user=runner | ip=127.0.0.1 | op=SEND_HEARTBEAT {"datanodeUUID":"309ab1ff-9f5a-4058-8b2f-94d451ce5267","term":"2","command":"[]"} | ret=SUCCESS |  
2025-10-17 11:01:56,028 | INFO  | SCMAudit | user=runner | ip=127.0.0.1 | op=SEND_HEARTBEAT {"datanodeUUID":"99c47355-c013-4450-a734-aff6d3c99677","term":"2","command":"[]"} | ret=SUCCESS |  
2025-10-17 11:01:56,032 | INFO  | SCMAudit | user=runner | ip=127.0.0.1 | op=SEND_HEARTBEAT {"datanodeUUID":"b292b6be-9482-4c30-a3e0-c9f721931b72","term":"2","command":"[]"} | ret=SUCCESS |  
2025-10-17 11:01:56,121 [om1-KeyDeletingService#7] INFO  service.KeyDeletingService (KeyDeletingService.java:processKeyDeletes(151)) - Send 1 key(s) to SCM, first 1 keys: [PurgedKey{blockGroup=BlockGroup[groupID='/93e50319-c70f-4f08-8676-16b4581b841c/6d0274e2-2749-456e-9006-9dc6edfface5/c44c844f-a168-4803-b6e4-7ddb58c7f538/-9223372036854694656/0', blockIDs=[conID: 19 locID: 115816896921600102 bcsId: 0 replicaIndex: null, conID: 19 locID: 115816896921600103 bcsId: 0 replicaIndex: null, conID: 21 locID: 115816896921600104 bcsId: 0 replicaIndex: null, conID: 17 locID: 115816896921600105 bcsId: 0 replicaIndex: null]], volume='93e50319-c70f-4f08-8676-16b4581b841c', bucket='6d0274e2-2749-456e-9006-9dc6edfface5', bucketId=-9223372036854695680, purgedBytes=37748739, isCommittedKey=true, deleteKeyName='/93e50319-c70f-4f08-8676-16b4581b841c/6d0274e2-2749-456e-9006-9dc6edfface5/c44c844f-a168-4803-b6e4-7ddb58c7f538/-9223372036854694656'}]
2025-10-17 11:01:56,123 | INFO  | SCMAudit | user=runner | ip=127.0.0.1 | op=DELETE_KEY_BLOCK {"KeyBlockToDelete":"[BlockGroup[groupID='/93e50319-c70f-4f08-8676-16b4581b841c/6d0274e2-2749-456e-9006-9dc6edfface5/c44c844f-a168-4803-b6e4-7ddb58c7f538/-9223372036854694656/0', blockIDs=[conID: 19 locID: 115816896921600102 bcsId: 0 replicaIndex: null, conID: 19 locID: 115816896921600103 bcsId: 0 replicaIndex: null, conID: 21 locID: 115816896921600104 bcsId: 0 replicaIndex: null, conID: 17 locID: 115816896921600105 bcsId: 0 replicaIndex: null]]]"} | ret=SUCCESS |  
2025-10-17 11:01:56,124 [om1-KeyDeletingService#7] INFO  service.KeyDeletingService (KeyDeletingService.java:processKeyDeletes(158)) - 1 BlockGroup deletion are acked by SCM in 2 ms
2025-10-17 11:01:56,125 [om1-KeyDeletingService#7] INFO  service.KeyDeletingService (KeyDeletingService.java:processKeyDeletes(166)) - Blocks for 1 (out of 1) keys are deleted from DB in 2 ms. Limit per task is 50000.
2025-10-17 11:01:56,207 | INFO  | SCMAudit | user=runner | ip=127.0.0.1 | op=SEND_HEARTBEAT {"datanodeUUID":"a5293c95-44e9-4ea9-88ca-89089eac4b59","term":"2","command":"[]"} | ret=SUCCESS |  
2025-10-17 11:01:56,416 | INFO  | SCMAudit | user=runner | ip=127.0.0.1 | op=SEND_HEARTBEAT {"datanodeUUID":"50dccd39-549f-4f43-8b1f-597bf98f9c16","term":"2","command":"[]"} | ret=SUCCESS |  
2025-10-17 11:01:56,421 | INFO  | SCMAudit | user=runner | ip=127.0.0.1 | op=SEND_HEARTBEAT {"datanodeUUID":"dbd6f242-9b73-4bca-a110-3e2ec656b979","term":"2","command":"[]"} | ret=SUCCESS |  
2025-10-17 11:01:56,425 | INFO  | SCMAudit | user=runner | ip=127.0.0.1 | op=SEND_HEARTBEAT {"datanodeUUID":"ed6e9581-5875-4278-a8db-50829892434b","term":"2","command":"[]"} | ret=SUCCESS |  
2025-10-17 11:01:56,534 | INFO  | SCMAudit | user=runner | ip=127.0.0.1 | op=SEND_HEARTBEAT {"datanodeUUID":"b6f92338-e951-49df-a986-ea31ece96e9e","term":"2","command":"[]"} | ret=SUCCESS |  
2025-10-17 11:01:56,541 | INFO  | OMAudit | user=runner | ip=127.0.0.1 | op=READ_VOLUME {"volume":"93e50319-c70f-4f08-8676-16b4581b841c"} | ret=SUCCESS |  
2025-10-17 11:01:56,542 | INFO  | OMAudit | user=runner | ip=127.0.0.1 | op=READ_BUCKET {"volume":"93e50319-c70f-4f08-8676-16b4581b841c","bucket":"6d0274e2-2749-456e-9006-9dc6edfface5"} | ret=SUCCESS |  
2025-10-17 11:01:56,545 | INFO  | OMAudit | user=runner | ip=127.0.0.1 | op=DELETE_KEY {"volume":"93e50319-c70f-4f08-8676-16b4581b841c","bucket":"6d0274e2-2749-456e-9006-9dc6edfface5","key":"c44c844f-a168-4803-b6e4-7ddb58c7f538","dataSize":"12582913","replicationConfig":"RATIS/THREE","Transaction":"319"} | ret=SUCCESS |  
2025-10-17 11:01:56,547 | INFO  | OMAudit | user=runner | ip=127.0.0.1 | op=READ_VOLUME {"volume":"93e50319-c70f-4f08-8676-16b4581b841c"} | ret=SUCCESS |  
2025-10-17 11:01:56,547 | INFO  | OMAudit | user=runner | ip=127.0.0.1 | op=READ_BUCKET {"volume":"93e50319-c70f-4f08-8676-16b4581b841c","bucket":"6d0274e2-2749-456e-9006-9dc6edfface5"} | ret=SUCCESS |  
2025-10-17 11:01:56,550 | INFO  | SCMAudit | user=runner | ip=127.0.0.1 | op=SEND_HEARTBEAT {"datanodeUUID":"718bfa29-2c47-4ab5-ac61-3dfe9c6b9d5c","term":"2","command":"[]"} | ret=SUCCESS |  
2025-10-17 11:01:56,555 | INFO  | SCMAudit | user=runner | ip=127.0.0.1 | op=SEND_HEARTBEAT {"datanodeUUID":"b1eee25a-1fdf-4744-83c7-58e0513fce3b","term":"2","command":"[]"} | ret=SUCCESS |  
2025-10-17 11:01:56,556 | INFO  | SCMAudit | user=runner | ip=127.0.0.1 | op=SEND_HEARTBEAT {"datanodeUUID":"2b4cc429-f9c1-416c-9a38-6239a2e149ea","term":"2","command":"[]"} | ret=SUCCESS |  
2025-10-17 11:01:56,927 | INFO  | SCMAudit | user=runner | ip=127.0.0.1 | op=SEND_HEARTBEAT {"datanodeUUID":"28c08cd4-c049-4c66-8210-e254cf68b291","term":"2","command":"[]"} | ret=SUCCESS |  
2025-10-17 11:01:56,933 | INFO  | SCMAudit | user=runner | ip=127.0.0.1 | op=SEND_HEARTBEAT {"datanodeUUID":"7995ae7b-77ec-4e72-809d-814459f62ee0","term":"2","command":"[]"} | ret=SUCCESS |  
2025-10-17 11:01:56,935 | INFO  | SCMAudit | user=runner | ip=127.0.0.1 | op=SEND_HEARTBEAT {"datanodeUUID":"3a11eef6-a527-493c-8ba3-ae39ecaefa56","term":"2","command":"[]"} | ret=SUCCESS |  
2025-10-17 11:01:57,026 | INFO  | SCMAudit | user=runner | ip=127.0.0.1 | op=SEND_HEARTBEAT {"datanodeUUID":"309ab1ff-9f5a-4058-8b2f-94d451ce5267","term":"2","command":"[]"} | ret=SUCCESS |  
2025-10-17 11:01:57,028 | INFO  | SCMAudit | user=runner | ip=127.0.0.1 | op=SEND_HEARTBEAT {"datanodeUUID":"99c47355-c013-4450-a734-aff6d3c99677","term":"2","command":"[]"} | ret=SUCCESS |  
2025-10-17 11:01:57,032 | INFO  | SCMAudit | user=runner | ip=127.0.0.1 | op=SEND_HEARTBEAT {"datanodeUUID":"b292b6be-9482-4c30-a3e0-c9f721931b72","term":"2","command":"[]"} | ret=SUCCESS |  
2025-10-17 11:01:57,121 [om1-KeyDeletingService#9] INFO  service.KeyDeletingService (KeyDeletingService.java:processKeyDeletes(151)) - Send 1 key(s) to SCM, first 1 keys: [PurgedKey{blockGroup=BlockGroup[groupID='/93e50319-c70f-4f08-8676-16b4581b841c/6d0274e2-2749-456e-9006-9dc6edfface5/c44c844f-a168-4803-b6e4-7ddb58c7f538/-9223372036854695423/0', blockIDs=[conID: 17 locID: 115816896921600106 bcsId: 0 replicaIndex: null, conID: 19 locID: 115816896921600107 bcsId: 0 replicaIndex: null, conID: 20 locID: 115816896921600108 bcsId: 0 replicaIndex: null, conID: 20 locID: 115816896921600109 bcsId: 0 replicaIndex: null]], volume='93e50319-c70f-4f08-8676-16b4581b841c', bucket='6d0274e2-2749-456e-9006-9dc6edfface5', bucketId=-9223372036854695680, purgedBytes=37748739, isCommittedKey=true, deleteKeyName='/93e50319-c70f-4f08-8676-16b4581b841c/6d0274e2-2749-456e-9006-9dc6edfface5/c44c844f-a168-4803-b6e4-7ddb58c7f538/-9223372036854695423'}]
2025-10-17 11:01:57,123 | INFO  | SCMAudit | user=runner | ip=127.0.0.1 | op=DELETE_KEY_BLOCK {"KeyBlockToDelete":"[BlockGroup[groupID='/93e50319-c70f-4f08-8676-16b4581b841c/6d0274e2-2749-456e-9006-9dc6edfface5/c44c844f-a168-4803-b6e4-7ddb58c7f538/-9223372036854695423/0', blockIDs=[conID: 17 locID: 115816896921600106 bcsId: 0 replicaIndex: null, conID: 19 locID: 115816896921600107 bcsId: 0 replicaIndex: null, conID: 20 locID: 115816896921600108 bcsId: 0 replicaIndex: null, conID: 20 locID: 115816896921600109 bcsId: 0 replicaIndex: null]]]"} | ret=SUCCESS |  
2025-10-17 11:01:57,124 [om1-KeyDeletingService#9] INFO  service.KeyDeletingService (KeyDeletingService.java:processKeyDeletes(158)) - 1 BlockGroup deletion are acked by SCM in 2 ms
2025-10-17 11:01:57,125 [om1-DirectoryDeletingService#1] INFO  utils.BackgroundService (AbstractKeyDeletingService.java:isPreviousPurgeTransactionFlushed(87)) - Skipping AOS processing since changes to deleted space of AOS have not been flushed to disk last Purge Transaction: 1#320, Flushed Disk Transaction: 1#319
2025-10-17 11:01:57,125 [om1-KeyDeletingService#9] INFO  service.KeyDeletingService (KeyDeletingService.java:processKeyDeletes(166)) - Blocks for 1 (out of 1) keys are deleted from DB in 2 ms. Limit per task is 50000.
2025-10-17 11:01:57,207 | INFO  | SCMAudit | user=runner | ip=127.0.0.1 | op=SEND_HEARTBEAT {"datanodeUUID":"a5293c95-44e9-4ea9-88ca-89089eac4b59","term":"2","command":"[]"} | ret=SUCCESS |  
2025-10-17 11:01:57,416 | INFO  | SCMAudit | user=runner | ip=127.0.0.1 | op=SEND_HEARTBEAT {"datanodeUUID":"50dccd39-549f-4f43-8b1f-597bf98f9c16","term":"2","command":"[]"} | ret=SUCCESS |  
2025-10-17 11:01:57,421 | INFO  | SCMAudit | user=runner | ip=127.0.0.1 | op=SEND_HEARTBEAT {"datanodeUUID":"dbd6f242-9b73-4bca-a110-3e2ec656b979","term":"2","command":"[]"} | ret=SUCCESS |  
2025-10-17 11:01:57,425 | INFO  | SCMAudit | user=runner | ip=127.0.0.1 | op=SEND_HEARTBEAT {"datanodeUUID":"ed6e9581-5875-4278-a8db-50829892434b","term":"2","command":"[]"} | ret=SUCCESS |  
2025-10-17 11:01:57,535 | INFO  | SCMAudit | user=runner | ip=127.0.0.1 | op=SEND_HEARTBEAT {"datanodeUUID":"b6f92338-e951-49df-a986-ea31ece96e9e","term":"2","command":"[]"} | ret=SUCCESS |  
2025-10-17 11:01:57,549 | INFO  | OMAudit | user=runner | ip=127.0.0.1 | op=READ_VOLUME {"volume":"93e50319-c70f-4f08-8676-16b4581b841c"} | ret=SUCCESS |  
2025-10-17 11:01:57,550 | INFO  | OMAudit | user=runner | ip=127.0.0.1 | op=READ_BUCKET {"volume":"93e50319-c70f-4f08-8676-16b4581b841c","bucket":"6d0274e2-2749-456e-9006-9dc6edfface5"} | ret=SUCCESS |  
2025-10-17 11:01:57,550 | INFO  | SCMAudit | user=runner | ip=127.0.0.1 | op=SEND_HEARTBEAT {"datanodeUUID":"718bfa29-2c47-4ab5-ac61-3dfe9c6b9d5c","term":"2","command":"[]"} | ret=SUCCESS |  
]]></system-out>
  </testcase>
  <testcase name="testBucketQuota(ReplicationConfig)[3]" classname="org.apache.hadoop.ozone.client.rpc.TestSecureOzoneRpcClient" time="27.471">
    <system-out><![CDATA[2025-10-17 11:01:57,553 [ForkJoinPool-1-worker-1] INFO  rpc.RpcClient (RpcClient.java:createVolume(461)) - Creating Volume: d67cc49e-8401-4613-a4e9-3e3b1e4825b1, with runner as owner and space quota set to -1 bytes, counts quota set to -1
2025-10-17 11:01:57,555 [om1-OMStateMachineApplyTransactionThread - 0] INFO  volume.OMVolumeCreateRequest (OMVolumeCreateRequest.java:validateAndUpdateCache(213)) - created volume:d67cc49e-8401-4613-a4e9-3e3b1e4825b1 for user:runner
2025-10-17 11:01:57,555 | INFO  | OMAudit | user=runner | ip=127.0.0.1 | op=CREATE_VOLUME {"admin":"runner","owner":"runner","volume":"d67cc49e-8401-4613-a4e9-3e3b1e4825b1","creationTime":"1760698917554","modificationTime":"1760698917554","quotaInBytes":"-1","quotaInNamespace":"-1","usedNamespace":"0","objectID":"-9223372036854693632","updateID":"321","Transaction":"321"} | ret=SUCCESS |  
2025-10-17 11:01:57,555 | INFO  | SCMAudit | user=runner | ip=127.0.0.1 | op=SEND_HEARTBEAT {"datanodeUUID":"b1eee25a-1fdf-4744-83c7-58e0513fce3b","term":"2","command":"[]"} | ret=SUCCESS |  
2025-10-17 11:01:57,556 | INFO  | OMAudit | user=runner | ip=127.0.0.1 | op=READ_VOLUME {"volume":"d67cc49e-8401-4613-a4e9-3e3b1e4825b1"} | ret=SUCCESS |  
2025-10-17 11:01:57,557 [ForkJoinPool-1-worker-1] INFO  rpc.RpcClient (RpcClient.java:createBucket(686)) - Creating Bucket: d67cc49e-8401-4613-a4e9-3e3b1e4825b1/ff0dd9a4-e52f-43ca-bb8b-7e498bd980dd, with server-side default bucket layout, runner as owner, Versioning false, Storage Type set to DISK and Encryption set to false, Replication Type set to server-side default replication type, Namespace Quota set to -1, Space Quota set to -1 
2025-10-17 11:01:57,557 | INFO  | SCMAudit | user=runner | ip=127.0.0.1 | op=SEND_HEARTBEAT {"datanodeUUID":"2b4cc429-f9c1-416c-9a38-6239a2e149ea","term":"2","command":"[]"} | ret=SUCCESS |  
2025-10-17 11:01:57,558 [om1-OMStateMachineApplyTransactionThread - 0] INFO  bucket.OMBucketCreateRequest (OMBucketCreateRequest.java:validateAndUpdateCache(303)) - created bucket: ff0dd9a4-e52f-43ca-bb8b-7e498bd980dd of layout FILE_SYSTEM_OPTIMIZED in volume: d67cc49e-8401-4613-a4e9-3e3b1e4825b1
2025-10-17 11:01:57,558 | INFO  | OMAudit | user=runner | ip=127.0.0.1 | op=CREATE_BUCKET {"volume":"d67cc49e-8401-4613-a4e9-3e3b1e4825b1","bucket":"ff0dd9a4-e52f-43ca-bb8b-7e498bd980dd","bucketLayout":"FILE_SYSTEM_OPTIMIZED","gdprEnabled":null,"acls":"[user:runner:a[ACCESS], group:runner:rl[ACCESS]]","isVersionEnabled":"false","storageType":"DISK","creationTime":"1760698917557","bucketEncryptionKey":null,"modificationTime":"1760698917557","usedBytes":"0","usedNamespace":"0","snapshotUsedBytes":"0","snapshotUsedNamespace":"0","owner":"runner","replicationType":null,"replicationConfig":null,"quotaInBytes":"-1","quotaInNamespace":"-1","Transaction":"322"} | ret=SUCCESS |  
2025-10-17 11:01:57,559 | INFO  | OMAudit | user=runner | ip=127.0.0.1 | op=READ_BUCKET {"volume":"d67cc49e-8401-4613-a4e9-3e3b1e4825b1","bucket":"ff0dd9a4-e52f-43ca-bb8b-7e498bd980dd"} | ret=SUCCESS |  
2025-10-17 11:01:57,562 | INFO  | OMAudit | user=runner | ip=127.0.0.1 | op=READ_BUCKET {"volume":"d67cc49e-8401-4613-a4e9-3e3b1e4825b1","bucket":"ff0dd9a4-e52f-43ca-bb8b-7e498bd980dd"} | ret=SUCCESS |  
2025-10-17 11:01:57,565 [IPC Server handler 31 on default port 15001] INFO  algorithms.SCMContainerPlacementRackScatter (SCMContainerPlacementRackScatter.java:chooseDatanodesInternal(369)) - Chosen nodes: [99c47355-c013-4450-a734-aff6d3c99677(localhost/127.0.0.1), 50dccd39-549f-4f43-8b1f-597bf98f9c16(localhost/127.0.0.1), 7995ae7b-77ec-4e72-809d-814459f62ee0(localhost/127.0.0.1), 28c08cd4-c049-4c66-8210-e254cf68b291(localhost/127.0.0.1), 718bfa29-2c47-4ab5-ac61-3dfe9c6b9d5c(localhost/127.0.0.1)]. isPolicySatisfied: true.
2025-10-17 11:01:57,570 [IPC Server handler 31 on default port 15001] INFO  pipeline.WritableECContainerProvider (WritableECContainerProvider.java:allocateContainer(215)) - Created and opened new pipeline Pipeline{ Id: 7faf47c1-b9bd-4a15-a37a-c01b13b54f9d, Nodes: [ {99c47355-c013-4450-a734-aff6d3c99677(localhost/127.0.0.1), ReplicaIndex: 1}, {50dccd39-549f-4f43-8b1f-597bf98f9c16(localhost/127.0.0.1), ReplicaIndex: 2}, {7995ae7b-77ec-4e72-809d-814459f62ee0(localhost/127.0.0.1), ReplicaIndex: 3}, {28c08cd4-c049-4c66-8210-e254cf68b291(localhost/127.0.0.1), ReplicaIndex: 4}, {718bfa29-2c47-4ab5-ac61-3dfe9c6b9d5c(localhost/127.0.0.1), ReplicaIndex: 5},], ReplicationConfig: EC{rs-3-2-1024k}, State:ALLOCATED, leaderId:, CreationTimestamp2025-10-17T11:01:57.566217438Z[Etc/UTC]}
2025-10-17 11:01:57,570 | INFO  | SCMAudit | user=runner | ip=127.0.0.1 | op=ALLOCATE_BLOCK {"replication":"EC{rs-3-2-1024k}","owner":"omServiceIdDefault","size":"4194304","sampleBlocks":"[conID: 23 locID: 115816896921600110]","num":"1","client":"","allocated":"1"} | ret=SUCCESS |  
2025-10-17 11:01:57,572 | INFO  | OMAudit | user=runner | ip=127.0.0.1 | op=ALLOCATE_KEY {"volume":"d67cc49e-8401-4613-a4e9-3e3b1e4825b1","bucket":"ff0dd9a4-e52f-43ca-bb8b-7e498bd980dd","key":"d94eaad6-c5ec-4ced-a3e8-cd399fb24045","dataSize":"4194304","replicationType":"EC","replicationConfig":"rs-3-2-1048576","Transaction":"323"} | ret=SUCCESS |  
2025-10-17 11:01:57,587 [ForkJoinPool-1-worker-1] WARN  erasurecode.ErasureCodeNative (ErasureCodeNative.java:<clinit>(55)) - ISA-L support is not available in your platform... using builtin-java codec where applicable
2025-10-17 11:01:57,620 | INFO  | OMAudit | user=runner | ip=127.0.0.1 | op=READ_VOLUME {"volume":"d67cc49e-8401-4613-a4e9-3e3b1e4825b1"} | ret=SUCCESS |  
2025-10-17 11:01:57,621 | INFO  | OMAudit | user=runner | ip=127.0.0.1 | op=READ_BUCKET {"volume":"d67cc49e-8401-4613-a4e9-3e3b1e4825b1","bucket":"ff0dd9a4-e52f-43ca-bb8b-7e498bd980dd"} | ret=SUCCESS |  
2025-10-17 11:01:57,624 | INFO  | OMAudit | user=runner | ip=127.0.0.1 | op=COMMIT_KEY {"volume":"d67cc49e-8401-4613-a4e9-3e3b1e4825b1","bucket":"ff0dd9a4-e52f-43ca-bb8b-7e498bd980dd","key":"d94eaad6-c5ec-4ced-a3e8-cd399fb24045","dataSize":"0","replicationType":"EC","replicationConfig":"rs-3-2-1048576","Transaction":"324"} | ret=SUCCESS |  
2025-10-17 11:01:57,625 | INFO  | OMAudit | user=runner | ip=127.0.0.1 | op=READ_VOLUME {"volume":"d67cc49e-8401-4613-a4e9-3e3b1e4825b1"} | ret=SUCCESS |  
2025-10-17 11:01:57,626 | INFO  | OMAudit | user=runner | ip=127.0.0.1 | op=READ_BUCKET {"volume":"d67cc49e-8401-4613-a4e9-3e3b1e4825b1","bucket":"ff0dd9a4-e52f-43ca-bb8b-7e498bd980dd"} | ret=SUCCESS |  
2025-10-17 11:01:57,627 | INFO  | OMAudit | user=runner | ip=127.0.0.1 | op=READ_BUCKET {"volume":"d67cc49e-8401-4613-a4e9-3e3b1e4825b1","bucket":"ff0dd9a4-e52f-43ca-bb8b-7e498bd980dd"} | ret=SUCCESS |  
2025-10-17 11:01:57,628 [IPC Server handler 25 on default port 15001] INFO  algorithms.SCMContainerPlacementRackScatter (SCMContainerPlacementRackScatter.java:chooseDatanodesInternal(369)) - Chosen nodes: [b292b6be-9482-4c30-a3e0-c9f721931b72(localhost/127.0.0.1), b1eee25a-1fdf-4744-83c7-58e0513fce3b(localhost/127.0.0.1), 28c08cd4-c049-4c66-8210-e254cf68b291(localhost/127.0.0.1), b6f92338-e951-49df-a986-ea31ece96e9e(localhost/127.0.0.1), 2b4cc429-f9c1-416c-9a38-6239a2e149ea(localhost/127.0.0.1)]. isPolicySatisfied: true.
2025-10-17 11:01:57,632 [IPC Server handler 25 on default port 15001] INFO  pipeline.WritableECContainerProvider (WritableECContainerProvider.java:allocateContainer(215)) - Created and opened new pipeline Pipeline{ Id: 7b1861b4-3407-489c-8187-68b129416447, Nodes: [ {b292b6be-9482-4c30-a3e0-c9f721931b72(localhost/127.0.0.1), ReplicaIndex: 1}, {b1eee25a-1fdf-4744-83c7-58e0513fce3b(localhost/127.0.0.1), ReplicaIndex: 2}, {28c08cd4-c049-4c66-8210-e254cf68b291(localhost/127.0.0.1), ReplicaIndex: 3}, {b6f92338-e951-49df-a986-ea31ece96e9e(localhost/127.0.0.1), ReplicaIndex: 4}, {2b4cc429-f9c1-416c-9a38-6239a2e149ea(localhost/127.0.0.1), ReplicaIndex: 5},], ReplicationConfig: EC{rs-3-2-1024k}, State:ALLOCATED, leaderId:, CreationTimestamp2025-10-17T11:01:57.629218703Z[Etc/UTC]}
2025-10-17 11:01:57,632 | INFO  | SCMAudit | user=runner | ip=127.0.0.1 | op=ALLOCATE_BLOCK {"replication":"EC{rs-3-2-1024k}","owner":"omServiceIdDefault","size":"4194304","sampleBlocks":"[conID: 24 locID: 115816896921600111]","num":"1","client":"","allocated":"1"} | ret=SUCCESS |  
2025-10-17 11:01:57,635 | INFO  | OMAudit | user=runner | ip=127.0.0.1 | op=ALLOCATE_KEY {"volume":"d67cc49e-8401-4613-a4e9-3e3b1e4825b1","bucket":"ff0dd9a4-e52f-43ca-bb8b-7e498bd980dd","key":"d94eaad6-c5ec-4ced-a3e8-cd399fb24045","dataSize":"4194304","replicationType":"EC","replicationConfig":"rs-3-2-1048576","Transaction":"325"} | ret=SUCCESS |  
2025-10-17 11:01:57,637 | INFO  | OMAudit | user=runner | ip=127.0.0.1 | op=READ_VOLUME {"volume":"d67cc49e-8401-4613-a4e9-3e3b1e4825b1"} | ret=SUCCESS |  
2025-10-17 11:01:57,638 | INFO  | OMAudit | user=runner | ip=127.0.0.1 | op=READ_BUCKET {"volume":"d67cc49e-8401-4613-a4e9-3e3b1e4825b1","bucket":"ff0dd9a4-e52f-43ca-bb8b-7e498bd980dd"} | ret=SUCCESS |  
2025-10-17 11:01:57,640 | INFO  | OMAudit | user=runner | ip=127.0.0.1 | op=COMMIT_KEY {"volume":"d67cc49e-8401-4613-a4e9-3e3b1e4825b1","bucket":"ff0dd9a4-e52f-43ca-bb8b-7e498bd980dd","key":"d94eaad6-c5ec-4ced-a3e8-cd399fb24045","dataSize":"0","replicationType":"EC","replicationConfig":"rs-3-2-1048576","Transaction":"326"} | ret=SUCCESS |  
2025-10-17 11:01:57,641 | INFO  | OMAudit | user=runner | ip=127.0.0.1 | op=READ_VOLUME {"volume":"d67cc49e-8401-4613-a4e9-3e3b1e4825b1"} | ret=SUCCESS |  
2025-10-17 11:01:57,642 | INFO  | OMAudit | user=runner | ip=127.0.0.1 | op=READ_BUCKET {"volume":"d67cc49e-8401-4613-a4e9-3e3b1e4825b1","bucket":"ff0dd9a4-e52f-43ca-bb8b-7e498bd980dd"} | ret=SUCCESS |  
2025-10-17 11:01:57,645 | INFO  | OMAudit | user=runner | ip=127.0.0.1 | op=DELETE_KEY {"volume":"d67cc49e-8401-4613-a4e9-3e3b1e4825b1","bucket":"ff0dd9a4-e52f-43ca-bb8b-7e498bd980dd","key":"d94eaad6-c5ec-4ced-a3e8-cd399fb24045","dataSize":"0","replicationConfig":"EC{rs-3-2-1024k}","Transaction":"327"} | ret=SUCCESS |  
2025-10-17 11:01:57,646 | INFO  | OMAudit | user=runner | ip=127.0.0.1 | op=READ_VOLUME {"volume":"d67cc49e-8401-4613-a4e9-3e3b1e4825b1"} | ret=SUCCESS |  
2025-10-17 11:01:57,647 | INFO  | OMAudit | user=runner | ip=127.0.0.1 | op=READ_BUCKET {"volume":"d67cc49e-8401-4613-a4e9-3e3b1e4825b1","bucket":"ff0dd9a4-e52f-43ca-bb8b-7e498bd980dd"} | ret=SUCCESS |  
2025-10-17 11:01:57,647 [ForkJoinPool-1-worker-1] INFO  rpc.RpcClient (RpcClient.java:createVolume(461)) - Creating Volume: 74c943e7-a045-44c3-ae3a-b6cd34ed2950, with runner as owner and space quota set to -1 bytes, counts quota set to -1
2025-10-17 11:01:57,649 [om1-OMStateMachineApplyTransactionThread - 0] INFO  volume.OMVolumeCreateRequest (OMVolumeCreateRequest.java:validateAndUpdateCache(213)) - created volume:74c943e7-a045-44c3-ae3a-b6cd34ed2950 for user:runner
2025-10-17 11:01:57,649 | INFO  | OMAudit | user=runner | ip=127.0.0.1 | op=CREATE_VOLUME {"admin":"runner","owner":"runner","volume":"74c943e7-a045-44c3-ae3a-b6cd34ed2950","creationTime":"1760698917648","modificationTime":"1760698917648","quotaInBytes":"-1","quotaInNamespace":"-1","usedNamespace":"0","objectID":"-9223372036854691840","updateID":"328","Transaction":"328"} | ret=SUCCESS |  
2025-10-17 11:01:57,650 | INFO  | OMAudit | user=runner | ip=127.0.0.1 | op=READ_VOLUME {"volume":"74c943e7-a045-44c3-ae3a-b6cd34ed2950"} | ret=SUCCESS |  
2025-10-17 11:01:57,651 [ForkJoinPool-1-worker-1] INFO  rpc.RpcClient (RpcClient.java:createBucket(686)) - Creating Bucket: 74c943e7-a045-44c3-ae3a-b6cd34ed2950/45d6c4bf-3116-4dc1-ac3d-bcd9782d5669, with server-side default bucket layout, runner as owner, Versioning false, Storage Type set to DISK and Encryption set to false, Replication Type set to server-side default replication type, Namespace Quota set to -1, Space Quota set to -1 
2025-10-17 11:01:57,652 [om1-OMStateMachineApplyTransactionThread - 0] INFO  bucket.OMBucketCreateRequest (OMBucketCreateRequest.java:validateAndUpdateCache(303)) - created bucket: 45d6c4bf-3116-4dc1-ac3d-bcd9782d5669 of layout FILE_SYSTEM_OPTIMIZED in volume: 74c943e7-a045-44c3-ae3a-b6cd34ed2950
2025-10-17 11:01:57,652 | INFO  | OMAudit | user=runner | ip=127.0.0.1 | op=CREATE_BUCKET {"volume":"74c943e7-a045-44c3-ae3a-b6cd34ed2950","bucket":"45d6c4bf-3116-4dc1-ac3d-bcd9782d5669","bucketLayout":"FILE_SYSTEM_OPTIMIZED","gdprEnabled":null,"acls":"[user:runner:a[ACCESS], group:runner:rl[ACCESS]]","isVersionEnabled":"false","storageType":"DISK","creationTime":"1760698917651","bucketEncryptionKey":null,"modificationTime":"1760698917651","usedBytes":"0","usedNamespace":"0","snapshotUsedBytes":"0","snapshotUsedNamespace":"0","owner":"runner","replicationType":null,"replicationConfig":null,"quotaInBytes":"-1","quotaInNamespace":"-1","Transaction":"329"} | ret=SUCCESS |  
2025-10-17 11:01:57,653 | INFO  | OMAudit | user=runner | ip=127.0.0.1 | op=READ_BUCKET {"volume":"74c943e7-a045-44c3-ae3a-b6cd34ed2950","bucket":"45d6c4bf-3116-4dc1-ac3d-bcd9782d5669"} | ret=SUCCESS |  
2025-10-17 11:01:57,654 | INFO  | OMAudit | user=runner | ip=127.0.0.1 | op=READ_BUCKET {"volume":"74c943e7-a045-44c3-ae3a-b6cd34ed2950","bucket":"45d6c4bf-3116-4dc1-ac3d-bcd9782d5669"} | ret=SUCCESS |  
2025-10-17 11:01:57,655 [IPC Server handler 34 on default port 15001] INFO  algorithms.SCMContainerPlacementRackScatter (SCMContainerPlacementRackScatter.java:chooseDatanodesInternal(369)) - Chosen nodes: [a5293c95-44e9-4ea9-88ca-89089eac4b59(localhost/127.0.0.1), 50dccd39-549f-4f43-8b1f-597bf98f9c16(localhost/127.0.0.1), 7995ae7b-77ec-4e72-809d-814459f62ee0(localhost/127.0.0.1), 28c08cd4-c049-4c66-8210-e254cf68b291(localhost/127.0.0.1), 99c47355-c013-4450-a734-aff6d3c99677(localhost/127.0.0.1)]. isPolicySatisfied: true.
2025-10-17 11:01:57,658 [IPC Server handler 34 on default port 15001] INFO  pipeline.WritableECContainerProvider (WritableECContainerProvider.java:allocateContainer(215)) - Created and opened new pipeline Pipeline{ Id: 057fd4c3-68fc-4edb-be0f-ca333bd9fc4b, Nodes: [ {a5293c95-44e9-4ea9-88ca-89089eac4b59(localhost/127.0.0.1), ReplicaIndex: 1}, {50dccd39-549f-4f43-8b1f-597bf98f9c16(localhost/127.0.0.1), ReplicaIndex: 2}, {7995ae7b-77ec-4e72-809d-814459f62ee0(localhost/127.0.0.1), ReplicaIndex: 3}, {28c08cd4-c049-4c66-8210-e254cf68b291(localhost/127.0.0.1), ReplicaIndex: 4}, {99c47355-c013-4450-a734-aff6d3c99677(localhost/127.0.0.1), ReplicaIndex: 5},], ReplicationConfig: EC{rs-3-2-1024k}, State:ALLOCATED, leaderId:, CreationTimestamp2025-10-17T11:01:57.655710821Z[Etc/UTC]}
2025-10-17 11:01:57,658 | INFO  | SCMAudit | user=runner | ip=127.0.0.1 | op=ALLOCATE_BLOCK {"replication":"EC{rs-3-2-1024k}","owner":"omServiceIdDefault","size":"4194304","sampleBlocks":"[conID: 25 locID: 115816896921600112]","num":"1","client":"","allocated":"1"} | ret=SUCCESS |  
2025-10-17 11:01:57,661 | INFO  | OMAudit | user=runner | ip=127.0.0.1 | op=ALLOCATE_KEY {"volume":"74c943e7-a045-44c3-ae3a-b6cd34ed2950","bucket":"45d6c4bf-3116-4dc1-ac3d-bcd9782d5669","key":"f76f19ee-8691-4d4d-8bf3-73137c42ae96","dataSize":"1","replicationType":"EC","replicationConfig":"rs-3-2-1048576","Transaction":"330"} | ret=SUCCESS |  
2025-10-17 11:01:57,663 | INFO  | OMAudit | user=runner | ip=127.0.0.1 | op=READ_VOLUME {"volume":"74c943e7-a045-44c3-ae3a-b6cd34ed2950"} | ret=SUCCESS |  
2025-10-17 11:01:57,663 | INFO  | OMAudit | user=runner | ip=127.0.0.1 | op=READ_BUCKET {"volume":"74c943e7-a045-44c3-ae3a-b6cd34ed2950","bucket":"45d6c4bf-3116-4dc1-ac3d-bcd9782d5669"} | ret=SUCCESS |  
2025-10-17 11:01:57,695 | INFO  | ContainerLog | ID=25 | Index=5 | BCSID=0 | State=OPEN | Volume=/home/runner/work/ozone/ozone/hadoop-ozone/integration-test/target/test-dir/MiniOzoneClusterImpl-d1ffa5d3-3301-45c3-9f44-1ffa6967d237/ozone-metadata/datanode-2/data-0/hdds | DataChecksum=0 |  
2025-10-17 11:01:57,695 | INFO  | ContainerLog | ID=25 | Index=1 | BCSID=0 | State=OPEN | Volume=/home/runner/work/ozone/ozone/hadoop-ozone/integration-test/target/test-dir/MiniOzoneClusterImpl-d1ffa5d3-3301-45c3-9f44-1ffa6967d237/ozone-metadata/datanode-14/data-0/hdds | DataChecksum=0 |  
2025-10-17 11:01:57,695 | INFO  | ContainerLog | ID=25 | Index=4 | BCSID=0 | State=OPEN | Volume=/home/runner/work/ozone/ozone/hadoop-ozone/integration-test/target/test-dir/MiniOzoneClusterImpl-d1ffa5d3-3301-45c3-9f44-1ffa6967d237/ozone-metadata/datanode-10/data-0/hdds | DataChecksum=0 |  
2025-10-17 11:01:57,699 | INFO  | SCMAudit | user=runner | ip=127.0.0.1 | op=SEND_HEARTBEAT {"datanodeUUID":"99c47355-c013-4450-a734-aff6d3c99677","term":"2","command":"[]"} | ret=SUCCESS |  
2025-10-17 11:01:57,699 | INFO  | SCMAudit | user=runner | ip=127.0.0.1 | op=SEND_HEARTBEAT {"datanodeUUID":"a5293c95-44e9-4ea9-88ca-89089eac4b59","term":"2","command":"[]"} | ret=SUCCESS |  
2025-10-17 11:01:57,699 | INFO  | SCMAudit | user=runner | ip=127.0.0.1 | op=SEND_HEARTBEAT {"datanodeUUID":"28c08cd4-c049-4c66-8210-e254cf68b291","term":"2","command":"[]"} | ret=SUCCESS |  
2025-10-17 11:01:57,709 | INFO  | ContainerLog | ID=25 | Index=2 | BCSID=0 | State=OPEN | Volume=/home/runner/work/ozone/ozone/hadoop-ozone/integration-test/target/test-dir/MiniOzoneClusterImpl-d1ffa5d3-3301-45c3-9f44-1ffa6967d237/ozone-metadata/datanode-7/data-0/hdds | DataChecksum=0 |  
2025-10-17 11:01:57,710 | INFO  | ContainerLog | ID=25 | Index=3 | BCSID=0 | State=OPEN | Volume=/home/runner/work/ozone/ozone/hadoop-ozone/integration-test/target/test-dir/MiniOzoneClusterImpl-d1ffa5d3-3301-45c3-9f44-1ffa6967d237/ozone-metadata/datanode-11/data-0/hdds | DataChecksum=0 |  
2025-10-17 11:01:57,713 | INFO  | SCMAudit | user=runner | ip=127.0.0.1 | op=SEND_HEARTBEAT {"datanodeUUID":"50dccd39-549f-4f43-8b1f-597bf98f9c16","term":"2","command":"[]"} | ret=SUCCESS |  
2025-10-17 11:01:57,713 | INFO  | SCMAudit | user=runner | ip=127.0.0.1 | op=SEND_HEARTBEAT {"datanodeUUID":"7995ae7b-77ec-4e72-809d-814459f62ee0","term":"2","command":"[]"} | ret=SUCCESS |  
2025-10-17 11:01:57,718 | INFO  | OMAudit | user=runner | ip=127.0.0.1 | op=COMMIT_KEY {"volume":"74c943e7-a045-44c3-ae3a-b6cd34ed2950","bucket":"45d6c4bf-3116-4dc1-ac3d-bcd9782d5669","key":"f76f19ee-8691-4d4d-8bf3-73137c42ae96","dataSize":"1","replicationType":"EC","replicationConfig":"rs-3-2-1048576","Transaction":"331"} | ret=SUCCESS |  
2025-10-17 11:01:57,720 | INFO  | OMAudit | user=runner | ip=127.0.0.1 | op=READ_VOLUME {"volume":"74c943e7-a045-44c3-ae3a-b6cd34ed2950"} | ret=SUCCESS |  
2025-10-17 11:01:57,720 | INFO  | OMAudit | user=runner | ip=127.0.0.1 | op=READ_BUCKET {"volume":"74c943e7-a045-44c3-ae3a-b6cd34ed2950","bucket":"45d6c4bf-3116-4dc1-ac3d-bcd9782d5669"} | ret=SUCCESS |  
2025-10-17 11:01:57,721 | INFO  | OMAudit | user=runner | ip=127.0.0.1 | op=READ_BUCKET {"volume":"74c943e7-a045-44c3-ae3a-b6cd34ed2950","bucket":"45d6c4bf-3116-4dc1-ac3d-bcd9782d5669"} | ret=SUCCESS |  
2025-10-17 11:01:57,722 [IPC Server handler 24 on default port 15001] INFO  algorithms.SCMContainerPlacementRackScatter (SCMContainerPlacementRackScatter.java:chooseDatanodesInternal(369)) - Chosen nodes: [ed6e9581-5875-4278-a8db-50829892434b(localhost/127.0.0.1), 50dccd39-549f-4f43-8b1f-597bf98f9c16(localhost/127.0.0.1), b1eee25a-1fdf-4744-83c7-58e0513fce3b(localhost/127.0.0.1), b6f92338-e951-49df-a986-ea31ece96e9e(localhost/127.0.0.1), dbd6f242-9b73-4bca-a110-3e2ec656b979(localhost/127.0.0.1)]. isPolicySatisfied: true.
2025-10-17 11:01:57,726 [IPC Server handler 24 on default port 15001] INFO  pipeline.WritableECContainerProvider (WritableECContainerProvider.java:allocateContainer(215)) - Created and opened new pipeline Pipeline{ Id: 1eb2ddce-7eda-4363-b7a8-af3c6ca8f7ec, Nodes: [ {ed6e9581-5875-4278-a8db-50829892434b(localhost/127.0.0.1), ReplicaIndex: 1}, {50dccd39-549f-4f43-8b1f-597bf98f9c16(localhost/127.0.0.1), ReplicaIndex: 2}, {b1eee25a-1fdf-4744-83c7-58e0513fce3b(localhost/127.0.0.1), ReplicaIndex: 3}, {b6f92338-e951-49df-a986-ea31ece96e9e(localhost/127.0.0.1), ReplicaIndex: 4}, {dbd6f242-9b73-4bca-a110-3e2ec656b979(localhost/127.0.0.1), ReplicaIndex: 5},], ReplicationConfig: EC{rs-3-2-1024k}, State:ALLOCATED, leaderId:, CreationTimestamp2025-10-17T11:01:57.722880260Z[Etc/UTC]}
2025-10-17 11:01:57,726 | INFO  | SCMAudit | user=runner | ip=127.0.0.1 | op=ALLOCATE_BLOCK {"replication":"EC{rs-3-2-1024k}","owner":"omServiceIdDefault","size":"4194304","sampleBlocks":"[conID: 26 locID: 115816896921600113]","num":"1","client":"","allocated":"1"} | ret=SUCCESS |  
2025-10-17 11:01:57,728 | INFO  | OMAudit | user=runner | ip=127.0.0.1 | op=ALLOCATE_KEY {"volume":"74c943e7-a045-44c3-ae3a-b6cd34ed2950","bucket":"45d6c4bf-3116-4dc1-ac3d-bcd9782d5669","key":"f76f19ee-8691-4d4d-8bf3-73137c42ae96","dataSize":"1","replicationType":"EC","replicationConfig":"rs-3-2-1048576","Transaction":"332"} | ret=SUCCESS |  
2025-10-17 11:01:57,731 | INFO  | OMAudit | user=runner | ip=127.0.0.1 | op=READ_VOLUME {"volume":"74c943e7-a045-44c3-ae3a-b6cd34ed2950"} | ret=SUCCESS |  
2025-10-17 11:01:57,732 | INFO  | OMAudit | user=runner | ip=127.0.0.1 | op=READ_BUCKET {"volume":"74c943e7-a045-44c3-ae3a-b6cd34ed2950","bucket":"45d6c4bf-3116-4dc1-ac3d-bcd9782d5669"} | ret=SUCCESS |  
2025-10-17 11:01:57,749 | INFO  | ContainerLog | ID=26 | Index=5 | BCSID=0 | State=OPEN | Volume=/home/runner/work/ozone/ozone/hadoop-ozone/integration-test/target/test-dir/MiniOzoneClusterImpl-d1ffa5d3-3301-45c3-9f44-1ffa6967d237/ozone-metadata/datanode-8/data-0/hdds | DataChecksum=0 |  
2025-10-17 11:01:57,750 | INFO  | ContainerLog | ID=26 | Index=1 | BCSID=0 | State=OPEN | Volume=/home/runner/work/ozone/ozone/hadoop-ozone/integration-test/target/test-dir/MiniOzoneClusterImpl-d1ffa5d3-3301-45c3-9f44-1ffa6967d237/ozone-metadata/datanode-9/data-0/hdds | DataChecksum=0 |  
2025-10-17 11:01:57,752 | INFO  | SCMAudit | user=runner | ip=127.0.0.1 | op=SEND_HEARTBEAT {"datanodeUUID":"dbd6f242-9b73-4bca-a110-3e2ec656b979","term":"2","command":"[]"} | ret=SUCCESS |  
2025-10-17 11:01:57,754 | INFO  | ContainerLog | ID=26 | Index=4 | BCSID=0 | State=OPEN | Volume=/home/runner/work/ozone/ozone/hadoop-ozone/integration-test/target/test-dir/MiniOzoneClusterImpl-d1ffa5d3-3301-45c3-9f44-1ffa6967d237/ozone-metadata/datanode-13/data-0/hdds | DataChecksum=0 |  
2025-10-17 11:01:57,754 | INFO  | SCMAudit | user=runner | ip=127.0.0.1 | op=SEND_HEARTBEAT {"datanodeUUID":"ed6e9581-5875-4278-a8db-50829892434b","term":"2","command":"[]"} | ret=SUCCESS |  
2025-10-17 11:01:57,757 | INFO  | SCMAudit | user=runner | ip=127.0.0.1 | op=SEND_HEARTBEAT {"datanodeUUID":"b6f92338-e951-49df-a986-ea31ece96e9e","term":"2","command":"[]"} | ret=SUCCESS |  
2025-10-17 11:01:57,767 | INFO  | ContainerLog | ID=26 | Index=3 | BCSID=0 | State=OPEN | Volume=/home/runner/work/ozone/ozone/hadoop-ozone/integration-test/target/test-dir/MiniOzoneClusterImpl-d1ffa5d3-3301-45c3-9f44-1ffa6967d237/ozone-metadata/datanode-5/data-0/hdds | DataChecksum=0 |  
2025-10-17 11:01:57,769 | INFO  | ContainerLog | ID=26 | Index=2 | BCSID=0 | State=OPEN | Volume=/home/runner/work/ozone/ozone/hadoop-ozone/integration-test/target/test-dir/MiniOzoneClusterImpl-d1ffa5d3-3301-45c3-9f44-1ffa6967d237/ozone-metadata/datanode-7/data-0/hdds | DataChecksum=0 |  
2025-10-17 11:01:57,770 | INFO  | SCMAudit | user=runner | ip=127.0.0.1 | op=SEND_HEARTBEAT {"datanodeUUID":"b1eee25a-1fdf-4744-83c7-58e0513fce3b","term":"2","command":"[]"} | ret=SUCCESS |  
2025-10-17 11:01:57,770 | INFO  | SCMAudit | user=runner | ip=127.0.0.1 | op=SEND_HEARTBEAT {"datanodeUUID":"50dccd39-549f-4f43-8b1f-597bf98f9c16","term":"2","command":"[]"} | ret=SUCCESS |  
2025-10-17 11:01:57,774 | INFO  | OMAudit | user=runner | ip=127.0.0.1 | op=COMMIT_KEY {"volume":"74c943e7-a045-44c3-ae3a-b6cd34ed2950","bucket":"45d6c4bf-3116-4dc1-ac3d-bcd9782d5669","key":"f76f19ee-8691-4d4d-8bf3-73137c42ae96","dataSize":"1","replicationType":"EC","replicationConfig":"rs-3-2-1048576","Transaction":"333"} | ret=SUCCESS |  
2025-10-17 11:01:57,775 | INFO  | OMAudit | user=runner | ip=127.0.0.1 | op=READ_VOLUME {"volume":"74c943e7-a045-44c3-ae3a-b6cd34ed2950"} | ret=SUCCESS |  
2025-10-17 11:01:57,776 | INFO  | OMAudit | user=runner | ip=127.0.0.1 | op=READ_BUCKET {"volume":"74c943e7-a045-44c3-ae3a-b6cd34ed2950","bucket":"45d6c4bf-3116-4dc1-ac3d-bcd9782d5669"} | ret=SUCCESS |  
2025-10-17 11:01:57,935 | INFO  | SCMAudit | user=runner | ip=127.0.0.1 | op=SEND_HEARTBEAT {"datanodeUUID":"3a11eef6-a527-493c-8ba3-ae39ecaefa56","term":"2","command":"[]"} | ret=SUCCESS |  
2025-10-17 11:01:58,026 | INFO  | SCMAudit | user=runner | ip=127.0.0.1 | op=SEND_HEARTBEAT {"datanodeUUID":"309ab1ff-9f5a-4058-8b2f-94d451ce5267","term":"2","command":"[]"} | ret=SUCCESS |  
2025-10-17 11:01:58,032 | INFO  | SCMAudit | user=runner | ip=127.0.0.1 | op=SEND_HEARTBEAT {"datanodeUUID":"b292b6be-9482-4c30-a3e0-c9f721931b72","term":"2","command":"[]"} | ret=SUCCESS |  
2025-10-17 11:01:58,122 [om1-KeyDeletingService#4] INFO  service.KeyDeletingService (KeyDeletingService.java:processKeyDeletes(151)) - Send 3 key(s) to SCM, first 3 keys: [PurgedKey{blockGroup=BlockGroup[groupID='/d67cc49e-8401-4613-a4e9-3e3b1e4825b1/ff0dd9a4-e52f-43ca-bb8b-7e498bd980dd/d94eaad6-c5ec-4ced-a3e8-cd399fb24045/-9223372036854692864/0', blockIDs=[conID: 23 locID: 115816896921600110 bcsId: 0 replicaIndex: null]], volume='d67cc49e-8401-4613-a4e9-3e3b1e4825b1', bucket='ff0dd9a4-e52f-43ca-bb8b-7e498bd980dd', bucketId=-9223372036854693376, purgedBytes=8388608, isCommittedKey=false, deleteKeyName='/d67cc49e-8401-4613-a4e9-3e3b1e4825b1/ff0dd9a4-e52f-43ca-bb8b-7e498bd980dd/d94eaad6-c5ec-4ced-a3e8-cd399fb24045/-9223372036854692864'}, PurgedKey{blockGroup=BlockGroup[groupID='/74c943e7-a045-44c3-ae3a-b6cd34ed2950/45d6c4bf-3116-4dc1-ac3d-bcd9782d5669/f76f19ee-8691-4d4d-8bf3-73137c42ae96/-9223372036854690560/0', blockIDs=[conID: 25 locID: 115816896921600112 bcsId: 0 replicaIndex: null]], volume='74c943e7-a045-44c3-ae3a-b6cd34ed2950', bucket='45d6c4bf-3116-4dc1-ac3d-bcd9782d5669', bucketId=-9223372036854691584, purgedBytes=3, isCommittedKey=true, deleteKeyName='/74c943e7-a045-44c3-ae3a-b6cd34ed2950/45d6c4bf-3116-4dc1-ac3d-bcd9782d5669/f76f19ee-8691-4d4d-8bf3-73137c42ae96/-9223372036854690560'}, PurgedKey{blockGroup=BlockGroup[groupID='/d67cc49e-8401-4613-a4e9-3e3b1e4825b1/ff0dd9a4-e52f-43ca-bb8b-7e498bd980dd/d94eaad6-c5ec-4ced-a3e8-cd399fb24045/-9223372036854692352/0', blockIDs=[conID: 24 locID: 115816896921600111 bcsId: 0 replicaIndex: null]], volume='d67cc49e-8401-4613-a4e9-3e3b1e4825b1', bucket='ff0dd9a4-e52f-43ca-bb8b-7e498bd980dd', bucketId=-9223372036854693376, purgedBytes=8388608, isCommittedKey=false, deleteKeyName='/d67cc49e-8401-4613-a4e9-3e3b1e4825b1/ff0dd9a4-e52f-43ca-bb8b-7e498bd980dd/d94eaad6-c5ec-4ced-a3e8-cd399fb24045/-9223372036854692352'}]
2025-10-17 11:01:58,124 | INFO  | SCMAudit | user=runner | ip=127.0.0.1 | op=DELETE_KEY_BLOCK {"KeyBlockToDelete":"[BlockGroup[groupID='/d67cc49e-8401-4613-a4e9-3e3b1e4825b1/ff0dd9a4-e52f-43ca-bb8b-7e498bd980dd/d94eaad6-c5ec-4ced-a3e8-cd399fb24045/-9223372036854692352/0', blockIDs=[conID: 24 locID: 115816896921600111 bcsId: 0 replicaIndex: null]], BlockGroup[groupID='/74c943e7-a045-44c3-ae3a-b6cd34ed2950/45d6c4bf-3116-4dc1-ac3d-bcd9782d5669/f76f19ee-8691-4d4d-8bf3-73137c42ae96/-9223372036854690560/0', blockIDs=[conID: 25 locID: 115816896921600112 bcsId: 0 replicaIndex: null]], BlockGroup[groupID='/d67cc49e-8401-4613-a4e9-3e3b1e4825b1/ff0dd9a4-e52f-43ca-bb8b-7e498bd980dd/d94eaad6-c5ec-4ced-a3e8-cd399fb24045/-9223372036854692864/0', blockIDs=[conID: 23 locID: 115816896921600110 bcsId: 0 replicaIndex: null]]]"} | ret=SUCCESS |  
2025-10-17 11:01:58,125 [om1-KeyDeletingService#4] INFO  service.KeyDeletingService (KeyDeletingService.java:processKeyDeletes(158)) - 3 BlockGroup deletion are acked by SCM in 3 ms
2025-10-17 11:01:58,126 [om1-KeyDeletingService#4] INFO  service.KeyDeletingService (KeyDeletingService.java:processKeyDeletes(166)) - Blocks for 3 (out of 3) keys are deleted from DB in 2 ms. Limit per task is 50000.
2025-10-17 11:01:58,550 | INFO  | SCMAudit | user=runner | ip=127.0.0.1 | op=SEND_HEARTBEAT {"datanodeUUID":"718bfa29-2c47-4ab5-ac61-3dfe9c6b9d5c","term":"2","command":"[]"} | ret=SUCCESS |  
2025-10-17 11:01:58,558 | INFO  | SCMAudit | user=runner | ip=127.0.0.1 | op=SEND_HEARTBEAT {"datanodeUUID":"2b4cc429-f9c1-416c-9a38-6239a2e149ea","term":"2","command":"[]"} | ret=SUCCESS |  
2025-10-17 11:01:58,696 | INFO  | SCMAudit | user=runner | ip=127.0.0.1 | op=SEND_HEARTBEAT {"datanodeUUID":"99c47355-c013-4450-a734-aff6d3c99677","term":"2","command":"[]"} | ret=SUCCESS |  
2025-10-17 11:01:58,696 | INFO  | SCMAudit | user=runner | ip=127.0.0.1 | op=SEND_HEARTBEAT {"datanodeUUID":"a5293c95-44e9-4ea9-88ca-89089eac4b59","term":"2","command":"[]"} | ret=SUCCESS |  
2025-10-17 11:01:58,696 | INFO  | SCMAudit | user=runner | ip=127.0.0.1 | op=SEND_HEARTBEAT {"datanodeUUID":"28c08cd4-c049-4c66-8210-e254cf68b291","term":"2","command":"[]"} | ret=SUCCESS |  
2025-10-17 11:01:58,712 | INFO  | SCMAudit | user=runner | ip=127.0.0.1 | op=SEND_HEARTBEAT {"datanodeUUID":"7995ae7b-77ec-4e72-809d-814459f62ee0","term":"2","command":"[]"} | ret=SUCCESS |  
2025-10-17 11:01:58,751 | INFO  | SCMAudit | user=runner | ip=127.0.0.1 | op=SEND_HEARTBEAT {"datanodeUUID":"dbd6f242-9b73-4bca-a110-3e2ec656b979","term":"2","command":"[]"} | ret=SUCCESS |  
2025-10-17 11:01:58,753 | INFO  | SCMAudit | user=runner | ip=127.0.0.1 | op=SEND_HEARTBEAT {"datanodeUUID":"ed6e9581-5875-4278-a8db-50829892434b","term":"2","command":"[]"} | ret=SUCCESS |  
2025-10-17 11:01:58,754 | INFO  | SCMAudit | user=runner | ip=127.0.0.1 | op=SEND_HEARTBEAT {"datanodeUUID":"b6f92338-e951-49df-a986-ea31ece96e9e","term":"2","command":"[]"} | ret=SUCCESS |  
2025-10-17 11:01:58,768 | INFO  | SCMAudit | user=runner | ip=127.0.0.1 | op=SEND_HEARTBEAT {"datanodeUUID":"b1eee25a-1fdf-4744-83c7-58e0513fce3b","term":"2","command":"[]"} | ret=SUCCESS |  
2025-10-17 11:01:58,769 | INFO  | SCMAudit | user=runner | ip=127.0.0.1 | op=SEND_HEARTBEAT {"datanodeUUID":"50dccd39-549f-4f43-8b1f-597bf98f9c16","term":"2","command":"[]"} | ret=SUCCESS |  
2025-10-17 11:01:58,778 | INFO  | OMAudit | user=runner | ip=127.0.0.1 | op=READ_VOLUME {"volume":"74c943e7-a045-44c3-ae3a-b6cd34ed2950"} | ret=SUCCESS |  
2025-10-17 11:01:58,779 | INFO  | OMAudit | user=runner | ip=127.0.0.1 | op=READ_BUCKET {"volume":"74c943e7-a045-44c3-ae3a-b6cd34ed2950","bucket":"45d6c4bf-3116-4dc1-ac3d-bcd9782d5669"} | ret=SUCCESS |  
2025-10-17 11:01:58,781 | INFO  | OMAudit | user=runner | ip=127.0.0.1 | op=DELETE_KEY {"volume":"74c943e7-a045-44c3-ae3a-b6cd34ed2950","bucket":"45d6c4bf-3116-4dc1-ac3d-bcd9782d5669","key":"f76f19ee-8691-4d4d-8bf3-73137c42ae96","dataSize":"1","replicationConfig":"EC{rs-3-2-1024k}","Transaction":"335"} | ret=SUCCESS |  
2025-10-17 11:01:58,782 | INFO  | OMAudit | user=runner | ip=127.0.0.1 | op=READ_VOLUME {"volume":"74c943e7-a045-44c3-ae3a-b6cd34ed2950"} | ret=SUCCESS |  
2025-10-17 11:01:58,783 | INFO  | OMAudit | user=runner | ip=127.0.0.1 | op=READ_BUCKET {"volume":"74c943e7-a045-44c3-ae3a-b6cd34ed2950","bucket":"45d6c4bf-3116-4dc1-ac3d-bcd9782d5669"} | ret=SUCCESS |  
2025-10-17 11:01:58,935 | INFO  | SCMAudit | user=runner | ip=127.0.0.1 | op=SEND_HEARTBEAT {"datanodeUUID":"3a11eef6-a527-493c-8ba3-ae39ecaefa56","term":"2","command":"[]"} | ret=SUCCESS |  
2025-10-17 11:01:59,026 | INFO  | SCMAudit | user=runner | ip=127.0.0.1 | op=SEND_HEARTBEAT {"datanodeUUID":"309ab1ff-9f5a-4058-8b2f-94d451ce5267","term":"2","command":"[]"} | ret=SUCCESS |  
2025-10-17 11:01:59,032 | INFO  | SCMAudit | user=runner | ip=127.0.0.1 | op=SEND_HEARTBEAT {"datanodeUUID":"b292b6be-9482-4c30-a3e0-c9f721931b72","term":"2","command":"[]"} | ret=SUCCESS |  
2025-10-17 11:01:59,122 [om1-KeyDeletingService#2] INFO  service.KeyDeletingService (KeyDeletingService.java:processKeyDeletes(151)) - Send 1 key(s) to SCM, first 1 keys: [PurgedKey{blockGroup=BlockGroup[groupID='/74c943e7-a045-44c3-ae3a-b6cd34ed2950/45d6c4bf-3116-4dc1-ac3d-bcd9782d5669/f76f19ee-8691-4d4d-8bf3-73137c42ae96/-9223372036854691327/0', blockIDs=[conID: 26 locID: 115816896921600113 bcsId: 0 replicaIndex: null]], volume='74c943e7-a045-44c3-ae3a-b6cd34ed2950', bucket='45d6c4bf-3116-4dc1-ac3d-bcd9782d5669', bucketId=-9223372036854691584, purgedBytes=3, isCommittedKey=true, deleteKeyName='/74c943e7-a045-44c3-ae3a-b6cd34ed2950/45d6c4bf-3116-4dc1-ac3d-bcd9782d5669/f76f19ee-8691-4d4d-8bf3-73137c42ae96/-9223372036854691327'}]
2025-10-17 11:01:59,124 | INFO  | SCMAudit | user=runner | ip=127.0.0.1 | op=DELETE_KEY_BLOCK {"KeyBlockToDelete":"[BlockGroup[groupID='/74c943e7-a045-44c3-ae3a-b6cd34ed2950/45d6c4bf-3116-4dc1-ac3d-bcd9782d5669/f76f19ee-8691-4d4d-8bf3-73137c42ae96/-9223372036854691327/0', blockIDs=[conID: 26 locID: 115816896921600113 bcsId: 0 replicaIndex: null]]]"} | ret=SUCCESS |  
2025-10-17 11:01:59,124 [om1-KeyDeletingService#2] INFO  service.KeyDeletingService (KeyDeletingService.java:processKeyDeletes(158)) - 1 BlockGroup deletion are acked by SCM in 2 ms
2025-10-17 11:01:59,126 [om1-KeyDeletingService#2] INFO  service.KeyDeletingService (KeyDeletingService.java:processKeyDeletes(166)) - Blocks for 1 (out of 1) keys are deleted from DB in 1 ms. Limit per task is 50000.
2025-10-17 11:01:59,550 | INFO  | SCMAudit | user=runner | ip=127.0.0.1 | op=SEND_HEARTBEAT {"datanodeUUID":"718bfa29-2c47-4ab5-ac61-3dfe9c6b9d5c","term":"2","command":"[]"} | ret=SUCCESS |  
2025-10-17 11:01:59,557 | INFO  | SCMAudit | user=runner | ip=127.0.0.1 | op=SEND_HEARTBEAT {"datanodeUUID":"2b4cc429-f9c1-416c-9a38-6239a2e149ea","term":"2","command":"[]"} | ret=SUCCESS |  
2025-10-17 11:01:59,697 | INFO  | SCMAudit | user=runner | ip=127.0.0.1 | op=SEND_HEARTBEAT {"datanodeUUID":"99c47355-c013-4450-a734-aff6d3c99677","term":"2","command":"[]"} | ret=SUCCESS |  
2025-10-17 11:01:59,697 | INFO  | SCMAudit | user=runner | ip=127.0.0.1 | op=SEND_HEARTBEAT {"datanodeUUID":"a5293c95-44e9-4ea9-88ca-89089eac4b59","term":"2","command":"[]"} | ret=SUCCESS |  
2025-10-17 11:01:59,697 | INFO  | SCMAudit | user=runner | ip=127.0.0.1 | op=SEND_HEARTBEAT {"datanodeUUID":"28c08cd4-c049-4c66-8210-e254cf68b291","term":"2","command":"[]"} | ret=SUCCESS |  
2025-10-17 11:01:59,712 | INFO  | SCMAudit | user=runner | ip=127.0.0.1 | op=SEND_HEARTBEAT {"datanodeUUID":"7995ae7b-77ec-4e72-809d-814459f62ee0","term":"2","command":"[]"} | ret=SUCCESS |  
2025-10-17 11:01:59,751 | INFO  | SCMAudit | user=runner | ip=127.0.0.1 | op=SEND_HEARTBEAT {"datanodeUUID":"dbd6f242-9b73-4bca-a110-3e2ec656b979","term":"2","command":"[]"} | ret=SUCCESS |  
2025-10-17 11:01:59,752 | INFO  | SCMAudit | user=runner | ip=127.0.0.1 | op=SEND_HEARTBEAT {"datanodeUUID":"ed6e9581-5875-4278-a8db-50829892434b","term":"2","command":"[]"} | ret=SUCCESS |  
2025-10-17 11:01:59,755 | INFO  | SCMAudit | user=runner | ip=127.0.0.1 | op=SEND_HEARTBEAT {"datanodeUUID":"b6f92338-e951-49df-a986-ea31ece96e9e","term":"2","command":"[]"} | ret=SUCCESS |  
2025-10-17 11:01:59,768 | INFO  | SCMAudit | user=runner | ip=127.0.0.1 | op=SEND_HEARTBEAT {"datanodeUUID":"b1eee25a-1fdf-4744-83c7-58e0513fce3b","term":"2","command":"[]"} | ret=SUCCESS |  
2025-10-17 11:01:59,769 | INFO  | SCMAudit | user=runner | ip=127.0.0.1 | op=SEND_HEARTBEAT {"datanodeUUID":"50dccd39-549f-4f43-8b1f-597bf98f9c16","term":"2","command":"[]"} | ret=SUCCESS |  
2025-10-17 11:01:59,784 | INFO  | OMAudit | user=runner | ip=127.0.0.1 | op=READ_VOLUME {"volume":"74c943e7-a045-44c3-ae3a-b6cd34ed2950"} | ret=SUCCESS |  
2025-10-17 11:01:59,785 | INFO  | OMAudit | user=runner | ip=127.0.0.1 | op=READ_BUCKET {"volume":"74c943e7-a045-44c3-ae3a-b6cd34ed2950","bucket":"45d6c4bf-3116-4dc1-ac3d-bcd9782d5669"} | ret=SUCCESS |  
2025-10-17 11:01:59,786 [ForkJoinPool-1-worker-1] INFO  rpc.RpcClient (RpcClient.java:createVolume(461)) - Creating Volume: fd3b0cf2-af1b-45ba-9f11-d9c3cc05a22c, with runner as owner and space quota set to -1 bytes, counts quota set to -1
2025-10-17 11:01:59,788 [om1-OMStateMachineApplyTransactionThread - 0] INFO  volume.OMVolumeCreateRequest (OMVolumeCreateRequest.java:validateAndUpdateCache(213)) - created volume:fd3b0cf2-af1b-45ba-9f11-d9c3cc05a22c for user:runner
2025-10-17 11:01:59,788 | INFO  | OMAudit | user=runner | ip=127.0.0.1 | op=CREATE_VOLUME {"admin":"runner","owner":"runner","volume":"fd3b0cf2-af1b-45ba-9f11-d9c3cc05a22c","creationTime":"1760698919787","modificationTime":"1760698919787","quotaInBytes":"-1","quotaInNamespace":"-1","usedNamespace":"0","objectID":"-9223372036854689536","updateID":"337","Transaction":"337"} | ret=SUCCESS |  
2025-10-17 11:01:59,789 | INFO  | OMAudit | user=runner | ip=127.0.0.1 | op=READ_VOLUME {"volume":"fd3b0cf2-af1b-45ba-9f11-d9c3cc05a22c"} | ret=SUCCESS |  
2025-10-17 11:01:59,789 [ForkJoinPool-1-worker-1] INFO  rpc.RpcClient (RpcClient.java:createBucket(686)) - Creating Bucket: fd3b0cf2-af1b-45ba-9f11-d9c3cc05a22c/9017590e-27e7-468e-95d3-8f20c372fc5d, with server-side default bucket layout, runner as owner, Versioning false, Storage Type set to DISK and Encryption set to false, Replication Type set to server-side default replication type, Namespace Quota set to -1, Space Quota set to -1 
2025-10-17 11:01:59,791 [om1-OMStateMachineApplyTransactionThread - 0] INFO  bucket.OMBucketCreateRequest (OMBucketCreateRequest.java:validateAndUpdateCache(303)) - created bucket: 9017590e-27e7-468e-95d3-8f20c372fc5d of layout FILE_SYSTEM_OPTIMIZED in volume: fd3b0cf2-af1b-45ba-9f11-d9c3cc05a22c
2025-10-17 11:01:59,791 | INFO  | OMAudit | user=runner | ip=127.0.0.1 | op=CREATE_BUCKET {"volume":"fd3b0cf2-af1b-45ba-9f11-d9c3cc05a22c","bucket":"9017590e-27e7-468e-95d3-8f20c372fc5d","bucketLayout":"FILE_SYSTEM_OPTIMIZED","gdprEnabled":null,"acls":"[user:runner:a[ACCESS], group:runner:rl[ACCESS]]","isVersionEnabled":"false","storageType":"DISK","creationTime":"1760698919790","bucketEncryptionKey":null,"modificationTime":"1760698919790","usedBytes":"0","usedNamespace":"0","snapshotUsedBytes":"0","snapshotUsedNamespace":"0","owner":"runner","replicationType":null,"replicationConfig":null,"quotaInBytes":"-1","quotaInNamespace":"-1","Transaction":"338"} | ret=SUCCESS |  
2025-10-17 11:01:59,792 | INFO  | OMAudit | user=runner | ip=127.0.0.1 | op=READ_BUCKET {"volume":"fd3b0cf2-af1b-45ba-9f11-d9c3cc05a22c","bucket":"9017590e-27e7-468e-95d3-8f20c372fc5d"} | ret=SUCCESS |  
2025-10-17 11:01:59,793 | INFO  | OMAudit | user=runner | ip=127.0.0.1 | op=READ_BUCKET {"volume":"fd3b0cf2-af1b-45ba-9f11-d9c3cc05a22c","bucket":"9017590e-27e7-468e-95d3-8f20c372fc5d"} | ret=SUCCESS |  
2025-10-17 11:01:59,794 [IPC Server handler 1 on default port 15001] INFO  algorithms.SCMContainerPlacementRackScatter (SCMContainerPlacementRackScatter.java:chooseDatanodesInternal(369)) - Chosen nodes: [7995ae7b-77ec-4e72-809d-814459f62ee0(localhost/127.0.0.1), 99c47355-c013-4450-a734-aff6d3c99677(localhost/127.0.0.1), a5293c95-44e9-4ea9-88ca-89089eac4b59(localhost/127.0.0.1), b1eee25a-1fdf-4744-83c7-58e0513fce3b(localhost/127.0.0.1), 2b4cc429-f9c1-416c-9a38-6239a2e149ea(localhost/127.0.0.1)]. isPolicySatisfied: true.
2025-10-17 11:01:59,798 [IPC Server handler 1 on default port 15001] INFO  pipeline.WritableECContainerProvider (WritableECContainerProvider.java:allocateContainer(215)) - Created and opened new pipeline Pipeline{ Id: 930b7771-9323-4250-979e-1507625f1358, Nodes: [ {7995ae7b-77ec-4e72-809d-814459f62ee0(localhost/127.0.0.1), ReplicaIndex: 1}, {99c47355-c013-4450-a734-aff6d3c99677(localhost/127.0.0.1), ReplicaIndex: 2}, {a5293c95-44e9-4ea9-88ca-89089eac4b59(localhost/127.0.0.1), ReplicaIndex: 3}, {b1eee25a-1fdf-4744-83c7-58e0513fce3b(localhost/127.0.0.1), ReplicaIndex: 4}, {2b4cc429-f9c1-416c-9a38-6239a2e149ea(localhost/127.0.0.1), ReplicaIndex: 5},], ReplicationConfig: EC{rs-3-2-1024k}, State:ALLOCATED, leaderId:, CreationTimestamp2025-10-17T11:01:59.794930508Z[Etc/UTC]}
2025-10-17 11:01:59,798 | INFO  | SCMAudit | user=runner | ip=127.0.0.1 | op=ALLOCATE_BLOCK {"replication":"EC{rs-3-2-1024k}","owner":"omServiceIdDefault","size":"4194304","sampleBlocks":"[conID: 27 locID: 115816896921600114]","num":"1","client":"","allocated":"1"} | ret=SUCCESS |  
2025-10-17 11:01:59,800 | INFO  | OMAudit | user=runner | ip=127.0.0.1 | op=ALLOCATE_KEY {"volume":"fd3b0cf2-af1b-45ba-9f11-d9c3cc05a22c","bucket":"9017590e-27e7-468e-95d3-8f20c372fc5d","key":"bfa86868-7aa7-486c-863f-edc0f07d12ea","dataSize":"4194304","replicationType":"EC","replicationConfig":"rs-3-2-1048576","Transaction":"339"} | ret=SUCCESS |  
2025-10-17 11:01:59,801 | INFO  | OMAudit | user=runner | ip=127.0.0.1 | op=READ_VOLUME {"volume":"fd3b0cf2-af1b-45ba-9f11-d9c3cc05a22c"} | ret=SUCCESS |  
2025-10-17 11:01:59,802 | INFO  | OMAudit | user=runner | ip=127.0.0.1 | op=READ_BUCKET {"volume":"fd3b0cf2-af1b-45ba-9f11-d9c3cc05a22c","bucket":"9017590e-27e7-468e-95d3-8f20c372fc5d"} | ret=SUCCESS |  
2025-10-17 11:01:59,854 | INFO  | ContainerLog | ID=27 | Index=5 | BCSID=0 | State=OPEN | Volume=/home/runner/work/ozone/ozone/hadoop-ozone/integration-test/target/test-dir/MiniOzoneClusterImpl-d1ffa5d3-3301-45c3-9f44-1ffa6967d237/ozone-metadata/datanode-6/data-0/hdds | DataChecksum=0 |  
2025-10-17 11:01:59,854 | INFO  | ContainerLog | ID=27 | Index=2 | BCSID=0 | State=OPEN | Volume=/home/runner/work/ozone/ozone/hadoop-ozone/integration-test/target/test-dir/MiniOzoneClusterImpl-d1ffa5d3-3301-45c3-9f44-1ffa6967d237/ozone-metadata/datanode-2/data-0/hdds | DataChecksum=0 |  
2025-10-17 11:01:59,855 | INFO  | ContainerLog | ID=27 | Index=1 | BCSID=0 | State=OPEN | Volume=/home/runner/work/ozone/ozone/hadoop-ozone/integration-test/target/test-dir/MiniOzoneClusterImpl-d1ffa5d3-3301-45c3-9f44-1ffa6967d237/ozone-metadata/datanode-11/data-0/hdds | DataChecksum=0 |  
2025-10-17 11:01:59,856 | INFO  | ContainerLog | ID=27 | Index=4 | BCSID=0 | State=OPEN | Volume=/home/runner/work/ozone/ozone/hadoop-ozone/integration-test/target/test-dir/MiniOzoneClusterImpl-d1ffa5d3-3301-45c3-9f44-1ffa6967d237/ozone-metadata/datanode-5/data-0/hdds | DataChecksum=0 |  
2025-10-17 11:01:59,856 | INFO  | ContainerLog | ID=27 | Index=3 | BCSID=0 | State=OPEN | Volume=/home/runner/work/ozone/ozone/hadoop-ozone/integration-test/target/test-dir/MiniOzoneClusterImpl-d1ffa5d3-3301-45c3-9f44-1ffa6967d237/ozone-metadata/datanode-14/data-0/hdds | DataChecksum=0 |  
2025-10-17 11:01:59,857 | INFO  | SCMAudit | user=runner | ip=127.0.0.1 | op=SEND_HEARTBEAT {"datanodeUUID":"7995ae7b-77ec-4e72-809d-814459f62ee0","term":"2","command":"[]"} | ret=SUCCESS |  
2025-10-17 11:01:59,858 | INFO  | SCMAudit | user=runner | ip=127.0.0.1 | op=SEND_HEARTBEAT {"datanodeUUID":"2b4cc429-f9c1-416c-9a38-6239a2e149ea","term":"2","command":"[]"} | ret=SUCCESS |  
2025-10-17 11:01:59,858 | INFO  | SCMAudit | user=runner | ip=127.0.0.1 | op=SEND_HEARTBEAT {"datanodeUUID":"a5293c95-44e9-4ea9-88ca-89089eac4b59","term":"2","command":"[]"} | ret=SUCCESS |  
2025-10-17 11:01:59,859 | INFO  | SCMAudit | user=runner | ip=127.0.0.1 | op=SEND_HEARTBEAT {"datanodeUUID":"b1eee25a-1fdf-4744-83c7-58e0513fce3b","term":"2","command":"[]"} | ret=SUCCESS |  
2025-10-17 11:01:59,860 | INFO  | SCMAudit | user=runner | ip=127.0.0.1 | op=SEND_HEARTBEAT {"datanodeUUID":"99c47355-c013-4450-a734-aff6d3c99677","term":"2","command":"[]"} | ret=SUCCESS |  
2025-10-17 11:01:59,899 | INFO  | OMAudit | user=runner | ip=127.0.0.1 | op=COMMIT_KEY {"volume":"fd3b0cf2-af1b-45ba-9f11-d9c3cc05a22c","bucket":"9017590e-27e7-468e-95d3-8f20c372fc5d","key":"bfa86868-7aa7-486c-863f-edc0f07d12ea","dataSize":"4194304","replicationType":"EC","replicationConfig":"rs-3-2-1048576","Transaction":"340"} | ret=SUCCESS |  
2025-10-17 11:01:59,900 | INFO  | OMAudit | user=runner | ip=127.0.0.1 | op=READ_VOLUME {"volume":"fd3b0cf2-af1b-45ba-9f11-d9c3cc05a22c"} | ret=SUCCESS |  
2025-10-17 11:01:59,901 | INFO  | OMAudit | user=runner | ip=127.0.0.1 | op=READ_BUCKET {"volume":"fd3b0cf2-af1b-45ba-9f11-d9c3cc05a22c","bucket":"9017590e-27e7-468e-95d3-8f20c372fc5d"} | ret=SUCCESS |  
2025-10-17 11:01:59,902 | INFO  | OMAudit | user=runner | ip=127.0.0.1 | op=READ_BUCKET {"volume":"fd3b0cf2-af1b-45ba-9f11-d9c3cc05a22c","bucket":"9017590e-27e7-468e-95d3-8f20c372fc5d"} | ret=SUCCESS |  
2025-10-17 11:01:59,904 | INFO  | SCMAudit | user=runner | ip=127.0.0.1 | op=ALLOCATE_BLOCK {"replication":"EC{rs-3-2-1024k}","owner":"omServiceIdDefault","size":"4194304","sampleBlocks":"[conID: 27 locID: 115816896921600115]","num":"1","client":"","allocated":"1"} | ret=SUCCESS |  
2025-10-17 11:01:59,906 | INFO  | OMAudit | user=runner | ip=127.0.0.1 | op=ALLOCATE_KEY {"volume":"fd3b0cf2-af1b-45ba-9f11-d9c3cc05a22c","bucket":"9017590e-27e7-468e-95d3-8f20c372fc5d","key":"bfa86868-7aa7-486c-863f-edc0f07d12ea","dataSize":"4194304","replicationType":"EC","replicationConfig":"rs-3-2-1048576","Transaction":"341"} | ret=SUCCESS |  
2025-10-17 11:01:59,908 | INFO  | OMAudit | user=runner | ip=127.0.0.1 | op=READ_VOLUME {"volume":"fd3b0cf2-af1b-45ba-9f11-d9c3cc05a22c"} | ret=SUCCESS |  
2025-10-17 11:01:59,909 | INFO  | OMAudit | user=runner | ip=127.0.0.1 | op=READ_BUCKET {"volume":"fd3b0cf2-af1b-45ba-9f11-d9c3cc05a22c","bucket":"9017590e-27e7-468e-95d3-8f20c372fc5d"} | ret=SUCCESS |  
2025-10-17 11:01:59,936 | INFO  | SCMAudit | user=runner | ip=127.0.0.1 | op=SEND_HEARTBEAT {"datanodeUUID":"3a11eef6-a527-493c-8ba3-ae39ecaefa56","term":"2","command":"[]"} | ret=SUCCESS |  
2025-10-17 11:02:00,028 | INFO  | SCMAudit | user=runner | ip=127.0.0.1 | op=SEND_HEARTBEAT {"datanodeUUID":"309ab1ff-9f5a-4058-8b2f-94d451ce5267","term":"2","command":"[]"} | ret=SUCCESS |  
2025-10-17 11:02:00,034 | INFO  | SCMAudit | user=runner | ip=127.0.0.1 | op=SEND_HEARTBEAT {"datanodeUUID":"b292b6be-9482-4c30-a3e0-c9f721931b72","term":"2","command":"[]"} | ret=SUCCESS |  
2025-10-17 11:02:00,050 | INFO  | OMAudit | user=runner | ip=127.0.0.1 | op=COMMIT_KEY {"volume":"fd3b0cf2-af1b-45ba-9f11-d9c3cc05a22c","bucket":"9017590e-27e7-468e-95d3-8f20c372fc5d","key":"bfa86868-7aa7-486c-863f-edc0f07d12ea","dataSize":"4194304","replicationType":"EC","replicationConfig":"rs-3-2-1048576","Transaction":"342"} | ret=SUCCESS |  
2025-10-17 11:02:00,052 | INFO  | OMAudit | user=runner | ip=127.0.0.1 | op=READ_VOLUME {"volume":"fd3b0cf2-af1b-45ba-9f11-d9c3cc05a22c"} | ret=SUCCESS |  
2025-10-17 11:02:00,054 | INFO  | OMAudit | user=runner | ip=127.0.0.1 | op=READ_BUCKET {"volume":"fd3b0cf2-af1b-45ba-9f11-d9c3cc05a22c","bucket":"9017590e-27e7-468e-95d3-8f20c372fc5d"} | ret=SUCCESS |  
2025-10-17 11:02:00,122 [om1-KeyDeletingService#3] INFO  service.KeyDeletingService (KeyDeletingService.java:processKeyDeletes(151)) - Send 1 key(s) to SCM, first 1 keys: [PurgedKey{blockGroup=BlockGroup[groupID='/fd3b0cf2-af1b-45ba-9f11-d9c3cc05a22c/9017590e-27e7-468e-95d3-8f20c372fc5d/bfa86868-7aa7-486c-863f-edc0f07d12ea/-9223372036854688256/0', blockIDs=[conID: 27 locID: 115816896921600114 bcsId: 0 replicaIndex: null]], volume='fd3b0cf2-af1b-45ba-9f11-d9c3cc05a22c', bucket='9017590e-27e7-468e-95d3-8f20c372fc5d', bucketId=-9223372036854689280, purgedBytes=8388608, isCommittedKey=true, deleteKeyName='/fd3b0cf2-af1b-45ba-9f11-d9c3cc05a22c/9017590e-27e7-468e-95d3-8f20c372fc5d/bfa86868-7aa7-486c-863f-edc0f07d12ea/-9223372036854688256'}]
2025-10-17 11:02:00,124 | INFO  | SCMAudit | user=runner | ip=127.0.0.1 | op=DELETE_KEY_BLOCK {"KeyBlockToDelete":"[BlockGroup[groupID='/fd3b0cf2-af1b-45ba-9f11-d9c3cc05a22c/9017590e-27e7-468e-95d3-8f20c372fc5d/bfa86868-7aa7-486c-863f-edc0f07d12ea/-9223372036854688256/0', blockIDs=[conID: 27 locID: 115816896921600114 bcsId: 0 replicaIndex: null]]]"} | ret=SUCCESS |  
2025-10-17 11:02:00,124 [om1-KeyDeletingService#3] INFO  service.KeyDeletingService (KeyDeletingService.java:processKeyDeletes(158)) - 1 BlockGroup deletion are acked by SCM in 3 ms
2025-10-17 11:02:00,126 [om1-KeyDeletingService#3] INFO  service.KeyDeletingService (KeyDeletingService.java:processKeyDeletes(166)) - Blocks for 1 (out of 1) keys are deleted from DB in 1 ms. Limit per task is 50000.
2025-10-17 11:02:00,550 | INFO  | SCMAudit | user=runner | ip=127.0.0.1 | op=SEND_HEARTBEAT {"datanodeUUID":"718bfa29-2c47-4ab5-ac61-3dfe9c6b9d5c","term":"2","command":"[]"} | ret=SUCCESS |  
2025-10-17 11:02:00,697 | INFO  | SCMAudit | user=runner | ip=127.0.0.1 | op=SEND_HEARTBEAT {"datanodeUUID":"28c08cd4-c049-4c66-8210-e254cf68b291","term":"2","command":"[]"} | ret=SUCCESS |  
2025-10-17 11:02:00,751 | INFO  | SCMAudit | user=runner | ip=127.0.0.1 | op=SEND_HEARTBEAT {"datanodeUUID":"dbd6f242-9b73-4bca-a110-3e2ec656b979","term":"2","command":"[]"} | ret=SUCCESS |  
2025-10-17 11:02:00,753 | INFO  | SCMAudit | user=runner | ip=127.0.0.1 | op=SEND_HEARTBEAT {"datanodeUUID":"ed6e9581-5875-4278-a8db-50829892434b","term":"2","command":"[]"} | ret=SUCCESS |  
2025-10-17 11:02:00,755 | INFO  | SCMAudit | user=runner | ip=127.0.0.1 | op=SEND_HEARTBEAT {"datanodeUUID":"b6f92338-e951-49df-a986-ea31ece96e9e","term":"2","command":"[]"} | ret=SUCCESS |  
2025-10-17 11:02:00,769 | INFO  | SCMAudit | user=runner | ip=127.0.0.1 | op=SEND_HEARTBEAT {"datanodeUUID":"50dccd39-549f-4f43-8b1f-597bf98f9c16","term":"2","command":"[]"} | ret=SUCCESS |  
2025-10-17 11:02:00,857 | INFO  | SCMAudit | user=runner | ip=127.0.0.1 | op=SEND_HEARTBEAT {"datanodeUUID":"7995ae7b-77ec-4e72-809d-814459f62ee0","term":"2","command":"[]"} | ret=SUCCESS |  
2025-10-17 11:02:00,857 | INFO  | SCMAudit | user=runner | ip=127.0.0.1 | op=SEND_HEARTBEAT {"datanodeUUID":"2b4cc429-f9c1-416c-9a38-6239a2e149ea","term":"2","command":"[]"} | ret=SUCCESS |  
2025-10-17 11:02:00,857 | INFO  | SCMAudit | user=runner | ip=127.0.0.1 | op=SEND_HEARTBEAT {"datanodeUUID":"b1eee25a-1fdf-4744-83c7-58e0513fce3b","term":"2","command":"[]"} | ret=SUCCESS |  
2025-10-17 11:02:00,857 | INFO  | SCMAudit | user=runner | ip=127.0.0.1 | op=SEND_HEARTBEAT {"datanodeUUID":"a5293c95-44e9-4ea9-88ca-89089eac4b59","term":"2","command":"[]"} | ret=SUCCESS |  
2025-10-17 11:02:00,858 | INFO  | SCMAudit | user=runner | ip=127.0.0.1 | op=SEND_HEARTBEAT {"datanodeUUID":"99c47355-c013-4450-a734-aff6d3c99677","term":"2","command":"[]"} | ret=SUCCESS |  
2025-10-17 11:02:00,935 | INFO  | SCMAudit | user=runner | ip=127.0.0.1 | op=SEND_HEARTBEAT {"datanodeUUID":"3a11eef6-a527-493c-8ba3-ae39ecaefa56","term":"2","command":"[]"} | ret=SUCCESS |  
2025-10-17 11:02:01,027 | INFO  | SCMAudit | user=runner | ip=127.0.0.1 | op=SEND_HEARTBEAT {"datanodeUUID":"309ab1ff-9f5a-4058-8b2f-94d451ce5267","term":"2","command":"[]"} | ret=SUCCESS |  
2025-10-17 11:02:01,033 | INFO  | SCMAudit | user=runner | ip=127.0.0.1 | op=SEND_HEARTBEAT {"datanodeUUID":"b292b6be-9482-4c30-a3e0-c9f721931b72","term":"2","command":"[]"} | ret=SUCCESS |  
2025-10-17 11:02:01,055 | INFO  | OMAudit | user=runner | ip=127.0.0.1 | op=READ_VOLUME {"volume":"fd3b0cf2-af1b-45ba-9f11-d9c3cc05a22c"} | ret=SUCCESS |  
2025-10-17 11:02:01,056 | INFO  | OMAudit | user=runner | ip=127.0.0.1 | op=READ_BUCKET {"volume":"fd3b0cf2-af1b-45ba-9f11-d9c3cc05a22c","bucket":"9017590e-27e7-468e-95d3-8f20c372fc5d"} | ret=SUCCESS |  
2025-10-17 11:02:01,059 | INFO  | OMAudit | user=runner | ip=127.0.0.1 | op=DELETE_KEY {"volume":"fd3b0cf2-af1b-45ba-9f11-d9c3cc05a22c","bucket":"9017590e-27e7-468e-95d3-8f20c372fc5d","key":"bfa86868-7aa7-486c-863f-edc0f07d12ea","dataSize":"4194304","replicationConfig":"EC{rs-3-2-1024k}","Transaction":"344"} | ret=SUCCESS |  
2025-10-17 11:02:01,061 | INFO  | OMAudit | user=runner | ip=127.0.0.1 | op=READ_VOLUME {"volume":"fd3b0cf2-af1b-45ba-9f11-d9c3cc05a22c"} | ret=SUCCESS |  
2025-10-17 11:02:01,062 | INFO  | OMAudit | user=runner | ip=127.0.0.1 | op=READ_BUCKET {"volume":"fd3b0cf2-af1b-45ba-9f11-d9c3cc05a22c","bucket":"9017590e-27e7-468e-95d3-8f20c372fc5d"} | ret=SUCCESS |  
2025-10-17 11:02:01,122 [om1-KeyDeletingService#5] INFO  service.KeyDeletingService (KeyDeletingService.java:processKeyDeletes(151)) - Send 1 key(s) to SCM, first 1 keys: [PurgedKey{blockGroup=BlockGroup[groupID='/fd3b0cf2-af1b-45ba-9f11-d9c3cc05a22c/9017590e-27e7-468e-95d3-8f20c372fc5d/bfa86868-7aa7-486c-863f-edc0f07d12ea/-9223372036854689023/0', blockIDs=[conID: 27 locID: 115816896921600115 bcsId: 0 replicaIndex: null]], volume='fd3b0cf2-af1b-45ba-9f11-d9c3cc05a22c', bucket='9017590e-27e7-468e-95d3-8f20c372fc5d', bucketId=-9223372036854689280, purgedBytes=8388608, isCommittedKey=true, deleteKeyName='/fd3b0cf2-af1b-45ba-9f11-d9c3cc05a22c/9017590e-27e7-468e-95d3-8f20c372fc5d/bfa86868-7aa7-486c-863f-edc0f07d12ea/-9223372036854689023'}]
2025-10-17 11:02:01,124 | INFO  | SCMAudit | user=runner | ip=127.0.0.1 | op=DELETE_KEY_BLOCK {"KeyBlockToDelete":"[BlockGroup[groupID='/fd3b0cf2-af1b-45ba-9f11-d9c3cc05a22c/9017590e-27e7-468e-95d3-8f20c372fc5d/bfa86868-7aa7-486c-863f-edc0f07d12ea/-9223372036854689023/0', blockIDs=[conID: 27 locID: 115816896921600115 bcsId: 0 replicaIndex: null]]]"} | ret=SUCCESS |  
2025-10-17 11:02:01,124 [om1-KeyDeletingService#5] INFO  service.KeyDeletingService (KeyDeletingService.java:processKeyDeletes(158)) - 1 BlockGroup deletion are acked by SCM in 3 ms
2025-10-17 11:02:01,126 [om1-KeyDeletingService#5] INFO  service.KeyDeletingService (KeyDeletingService.java:processKeyDeletes(166)) - Blocks for 1 (out of 1) keys are deleted from DB in 1 ms. Limit per task is 50000.
2025-10-17 11:02:01,550 | INFO  | SCMAudit | user=runner | ip=127.0.0.1 | op=SEND_HEARTBEAT {"datanodeUUID":"718bfa29-2c47-4ab5-ac61-3dfe9c6b9d5c","term":"2","command":"[]"} | ret=SUCCESS |  
2025-10-17 11:02:01,697 | INFO  | SCMAudit | user=runner | ip=127.0.0.1 | op=SEND_HEARTBEAT {"datanodeUUID":"28c08cd4-c049-4c66-8210-e254cf68b291","term":"2","command":"[]"} | ret=SUCCESS |  
2025-10-17 11:02:01,751 | INFO  | SCMAudit | user=runner | ip=127.0.0.1 | op=SEND_HEARTBEAT {"datanodeUUID":"dbd6f242-9b73-4bca-a110-3e2ec656b979","term":"2","command":"[]"} | ret=SUCCESS |  
2025-10-17 11:02:01,753 | INFO  | SCMAudit | user=runner | ip=127.0.0.1 | op=SEND_HEARTBEAT {"datanodeUUID":"ed6e9581-5875-4278-a8db-50829892434b","term":"2","command":"[]"} | ret=SUCCESS |  
2025-10-17 11:02:01,755 | INFO  | SCMAudit | user=runner | ip=127.0.0.1 | op=SEND_HEARTBEAT {"datanodeUUID":"b6f92338-e951-49df-a986-ea31ece96e9e","term":"2","command":"[]"} | ret=SUCCESS |  
2025-10-17 11:02:01,769 | INFO  | SCMAudit | user=runner | ip=127.0.0.1 | op=SEND_HEARTBEAT {"datanodeUUID":"50dccd39-549f-4f43-8b1f-597bf98f9c16","term":"2","command":"[]"} | ret=SUCCESS |  
2025-10-17 11:02:01,857 | INFO  | SCMAudit | user=runner | ip=127.0.0.1 | op=SEND_HEARTBEAT {"datanodeUUID":"7995ae7b-77ec-4e72-809d-814459f62ee0","term":"2","command":"[]"} | ret=SUCCESS |  
2025-10-17 11:02:01,857 | INFO  | SCMAudit | user=runner | ip=127.0.0.1 | op=SEND_HEARTBEAT {"datanodeUUID":"2b4cc429-f9c1-416c-9a38-6239a2e149ea","term":"2","command":"[]"} | ret=SUCCESS |  
2025-10-17 11:02:01,857 | INFO  | SCMAudit | user=runner | ip=127.0.0.1 | op=SEND_HEARTBEAT {"datanodeUUID":"b1eee25a-1fdf-4744-83c7-58e0513fce3b","term":"2","command":"[]"} | ret=SUCCESS |  
2025-10-17 11:02:01,858 | INFO  | SCMAudit | user=runner | ip=127.0.0.1 | op=SEND_HEARTBEAT {"datanodeUUID":"99c47355-c013-4450-a734-aff6d3c99677","term":"2","command":"[]"} | ret=SUCCESS |  
2025-10-17 11:02:01,858 | INFO  | SCMAudit | user=runner | ip=127.0.0.1 | op=SEND_HEARTBEAT {"datanodeUUID":"a5293c95-44e9-4ea9-88ca-89089eac4b59","term":"2","command":"[]"} | ret=SUCCESS |  
2025-10-17 11:02:01,935 | INFO  | SCMAudit | user=runner | ip=127.0.0.1 | op=SEND_HEARTBEAT {"datanodeUUID":"3a11eef6-a527-493c-8ba3-ae39ecaefa56","term":"2","command":"[]"} | ret=SUCCESS |  
2025-10-17 11:02:02,027 | INFO  | SCMAudit | user=runner | ip=127.0.0.1 | op=SEND_HEARTBEAT {"datanodeUUID":"309ab1ff-9f5a-4058-8b2f-94d451ce5267","term":"2","command":"[]"} | ret=SUCCESS |  
2025-10-17 11:02:02,033 | INFO  | SCMAudit | user=runner | ip=127.0.0.1 | op=SEND_HEARTBEAT {"datanodeUUID":"b292b6be-9482-4c30-a3e0-c9f721931b72","term":"2","command":"[]"} | ret=SUCCESS |  
2025-10-17 11:02:02,063 | INFO  | OMAudit | user=runner | ip=127.0.0.1 | op=READ_VOLUME {"volume":"fd3b0cf2-af1b-45ba-9f11-d9c3cc05a22c"} | ret=SUCCESS |  
2025-10-17 11:02:02,064 | INFO  | OMAudit | user=runner | ip=127.0.0.1 | op=READ_BUCKET {"volume":"fd3b0cf2-af1b-45ba-9f11-d9c3cc05a22c","bucket":"9017590e-27e7-468e-95d3-8f20c372fc5d"} | ret=SUCCESS |  
2025-10-17 11:02:02,065 [ForkJoinPool-1-worker-1] INFO  rpc.RpcClient (RpcClient.java:createVolume(461)) - Creating Volume: 24503b53-c402-42a9-ad45-3cd4920ae39c, with runner as owner and space quota set to -1 bytes, counts quota set to -1
2025-10-17 11:02:02,067 [om1-OMStateMachineApplyTransactionThread - 0] INFO  volume.OMVolumeCreateRequest (OMVolumeCreateRequest.java:validateAndUpdateCache(213)) - created volume:24503b53-c402-42a9-ad45-3cd4920ae39c for user:runner
2025-10-17 11:02:02,067 | INFO  | OMAudit | user=runner | ip=127.0.0.1 | op=CREATE_VOLUME {"admin":"runner","owner":"runner","volume":"24503b53-c402-42a9-ad45-3cd4920ae39c","creationTime":"1760698922065","modificationTime":"1760698922065","quotaInBytes":"-1","quotaInNamespace":"-1","usedNamespace":"0","objectID":"-9223372036854687232","updateID":"346","Transaction":"346"} | ret=SUCCESS |  
2025-10-17 11:02:02,068 | INFO  | OMAudit | user=runner | ip=127.0.0.1 | op=READ_VOLUME {"volume":"24503b53-c402-42a9-ad45-3cd4920ae39c"} | ret=SUCCESS |  
2025-10-17 11:02:02,068 [ForkJoinPool-1-worker-1] INFO  rpc.RpcClient (RpcClient.java:createBucket(686)) - Creating Bucket: 24503b53-c402-42a9-ad45-3cd4920ae39c/72b02ed4-bab3-468f-b07d-5ea04f82b0ac, with server-side default bucket layout, runner as owner, Versioning false, Storage Type set to DISK and Encryption set to false, Replication Type set to server-side default replication type, Namespace Quota set to -1, Space Quota set to -1 
2025-10-17 11:02:02,070 [om1-OMStateMachineApplyTransactionThread - 0] INFO  bucket.OMBucketCreateRequest (OMBucketCreateRequest.java:validateAndUpdateCache(303)) - created bucket: 72b02ed4-bab3-468f-b07d-5ea04f82b0ac of layout FILE_SYSTEM_OPTIMIZED in volume: 24503b53-c402-42a9-ad45-3cd4920ae39c
2025-10-17 11:02:02,070 | INFO  | OMAudit | user=runner | ip=127.0.0.1 | op=CREATE_BUCKET {"volume":"24503b53-c402-42a9-ad45-3cd4920ae39c","bucket":"72b02ed4-bab3-468f-b07d-5ea04f82b0ac","bucketLayout":"FILE_SYSTEM_OPTIMIZED","gdprEnabled":null,"acls":"[user:runner:a[ACCESS], group:runner:rl[ACCESS]]","isVersionEnabled":"false","storageType":"DISK","creationTime":"1760698922069","bucketEncryptionKey":null,"modificationTime":"1760698922069","usedBytes":"0","usedNamespace":"0","snapshotUsedBytes":"0","snapshotUsedNamespace":"0","owner":"runner","replicationType":null,"replicationConfig":null,"quotaInBytes":"-1","quotaInNamespace":"-1","Transaction":"347"} | ret=SUCCESS |  
2025-10-17 11:02:02,071 | INFO  | OMAudit | user=runner | ip=127.0.0.1 | op=READ_BUCKET {"volume":"24503b53-c402-42a9-ad45-3cd4920ae39c","bucket":"72b02ed4-bab3-468f-b07d-5ea04f82b0ac"} | ret=SUCCESS |  
2025-10-17 11:02:02,084 | INFO  | OMAudit | user=runner | ip=127.0.0.1 | op=READ_BUCKET {"volume":"24503b53-c402-42a9-ad45-3cd4920ae39c","bucket":"72b02ed4-bab3-468f-b07d-5ea04f82b0ac"} | ret=SUCCESS |  
2025-10-17 11:02:02,086 | INFO  | SCMAudit | user=runner | ip=127.0.0.1 | op=ALLOCATE_BLOCK {"replication":"EC{rs-3-2-1024k}","owner":"omServiceIdDefault","size":"4194304","sampleBlocks":"[conID: 26 locID: 115816896921600116]","num":"1","client":"","allocated":"1"} | ret=SUCCESS |  
2025-10-17 11:02:02,092 | INFO  | OMAudit | user=runner | ip=127.0.0.1 | op=ALLOCATE_KEY {"volume":"24503b53-c402-42a9-ad45-3cd4920ae39c","bucket":"72b02ed4-bab3-468f-b07d-5ea04f82b0ac","key":"afd474c8-4a5d-4395-b5e3-82f755d3d493","dataSize":"4194305","replicationType":"EC","replicationConfig":"rs-3-2-1048576","Transaction":"348"} | ret=SUCCESS |  
2025-10-17 11:02:02,095 | INFO  | OMAudit | user=runner | ip=127.0.0.1 | op=READ_VOLUME {"volume":"24503b53-c402-42a9-ad45-3cd4920ae39c"} | ret=SUCCESS |  
2025-10-17 11:02:02,096 | INFO  | OMAudit | user=runner | ip=127.0.0.1 | op=READ_BUCKET {"volume":"24503b53-c402-42a9-ad45-3cd4920ae39c","bucket":"72b02ed4-bab3-468f-b07d-5ea04f82b0ac"} | ret=SUCCESS |  
2025-10-17 11:02:02,165 | INFO  | OMAudit | user=runner | ip=127.0.0.1 | op=COMMIT_KEY {"volume":"24503b53-c402-42a9-ad45-3cd4920ae39c","bucket":"72b02ed4-bab3-468f-b07d-5ea04f82b0ac","key":"afd474c8-4a5d-4395-b5e3-82f755d3d493","dataSize":"4194305","replicationType":"EC","replicationConfig":"rs-3-2-1048576","Transaction":"349"} | ret=SUCCESS |  
2025-10-17 11:02:02,167 | INFO  | OMAudit | user=runner | ip=127.0.0.1 | op=READ_VOLUME {"volume":"24503b53-c402-42a9-ad45-3cd4920ae39c"} | ret=SUCCESS |  
2025-10-17 11:02:02,169 | INFO  | OMAudit | user=runner | ip=127.0.0.1 | op=READ_BUCKET {"volume":"24503b53-c402-42a9-ad45-3cd4920ae39c","bucket":"72b02ed4-bab3-468f-b07d-5ea04f82b0ac"} | ret=SUCCESS |  
2025-10-17 11:02:02,170 | INFO  | OMAudit | user=runner | ip=127.0.0.1 | op=READ_BUCKET {"volume":"24503b53-c402-42a9-ad45-3cd4920ae39c","bucket":"72b02ed4-bab3-468f-b07d-5ea04f82b0ac"} | ret=SUCCESS |  
2025-10-17 11:02:02,171 | INFO  | SCMAudit | user=runner | ip=127.0.0.1 | op=ALLOCATE_BLOCK {"replication":"EC{rs-3-2-1024k}","owner":"omServiceIdDefault","size":"4194304","sampleBlocks":"[conID: 23 locID: 115816896921600117]","num":"1","client":"","allocated":"1"} | ret=SUCCESS |  
2025-10-17 11:02:02,177 | INFO  | OMAudit | user=runner | ip=127.0.0.1 | op=ALLOCATE_KEY {"volume":"24503b53-c402-42a9-ad45-3cd4920ae39c","bucket":"72b02ed4-bab3-468f-b07d-5ea04f82b0ac","key":"afd474c8-4a5d-4395-b5e3-82f755d3d493","dataSize":"4194305","replicationType":"EC","replicationConfig":"rs-3-2-1048576","Transaction":"350"} | ret=SUCCESS |  
2025-10-17 11:02:02,179 | INFO  | OMAudit | user=runner | ip=127.0.0.1 | op=READ_VOLUME {"volume":"24503b53-c402-42a9-ad45-3cd4920ae39c"} | ret=SUCCESS |  
2025-10-17 11:02:02,181 | INFO  | OMAudit | user=runner | ip=127.0.0.1 | op=READ_BUCKET {"volume":"24503b53-c402-42a9-ad45-3cd4920ae39c","bucket":"72b02ed4-bab3-468f-b07d-5ea04f82b0ac"} | ret=SUCCESS |  
2025-10-17 11:02:02,210 | INFO  | ContainerLog | ID=23 | Index=2 | BCSID=0 | State=OPEN | Volume=/home/runner/work/ozone/ozone/hadoop-ozone/integration-test/target/test-dir/MiniOzoneClusterImpl-d1ffa5d3-3301-45c3-9f44-1ffa6967d237/ozone-metadata/datanode-7/data-0/hdds | DataChecksum=0 |  
2025-10-17 11:02:02,216 | INFO  | ContainerLog | ID=23 | Index=4 | BCSID=0 | State=OPEN | Volume=/home/runner/work/ozone/ozone/hadoop-ozone/integration-test/target/test-dir/MiniOzoneClusterImpl-d1ffa5d3-3301-45c3-9f44-1ffa6967d237/ozone-metadata/datanode-10/data-0/hdds | DataChecksum=0 |  
2025-10-17 11:02:02,217 | INFO  | SCMAudit | user=runner | ip=127.0.0.1 | op=SEND_HEARTBEAT {"datanodeUUID":"50dccd39-549f-4f43-8b1f-597bf98f9c16","term":"2","command":"[]"} | ret=SUCCESS |  
2025-10-17 11:02:02,222 | INFO  | SCMAudit | user=runner | ip=127.0.0.1 | op=SEND_HEARTBEAT {"datanodeUUID":"28c08cd4-c049-4c66-8210-e254cf68b291","term":"2","command":"[]"} | ret=SUCCESS |  
2025-10-17 11:02:02,223 | INFO  | ContainerLog | ID=23 | Index=1 | BCSID=0 | State=OPEN | Volume=/home/runner/work/ozone/ozone/hadoop-ozone/integration-test/target/test-dir/MiniOzoneClusterImpl-d1ffa5d3-3301-45c3-9f44-1ffa6967d237/ozone-metadata/datanode-2/data-0/hdds | DataChecksum=0 |  
2025-10-17 11:02:02,228 | INFO  | ContainerLog | ID=23 | Index=5 | BCSID=0 | State=OPEN | Volume=/home/runner/work/ozone/ozone/hadoop-ozone/integration-test/target/test-dir/MiniOzoneClusterImpl-d1ffa5d3-3301-45c3-9f44-1ffa6967d237/ozone-metadata/datanode-4/data-0/hdds | DataChecksum=0 |  
2025-10-17 11:02:02,228 | INFO  | SCMAudit | user=runner | ip=127.0.0.1 | op=SEND_HEARTBEAT {"datanodeUUID":"99c47355-c013-4450-a734-aff6d3c99677","term":"2","command":"[]"} | ret=SUCCESS |  
2025-10-17 11:02:02,231 | INFO  | ContainerLog | ID=23 | Index=3 | BCSID=0 | State=OPEN | Volume=/home/runner/work/ozone/ozone/hadoop-ozone/integration-test/target/test-dir/MiniOzoneClusterImpl-d1ffa5d3-3301-45c3-9f44-1ffa6967d237/ozone-metadata/datanode-11/data-0/hdds | DataChecksum=0 |  
2025-10-17 11:02:02,232 | INFO  | SCMAudit | user=runner | ip=127.0.0.1 | op=SEND_HEARTBEAT {"datanodeUUID":"718bfa29-2c47-4ab5-ac61-3dfe9c6b9d5c","term":"2","command":"[]"} | ret=SUCCESS |  
2025-10-17 11:02:02,234 | INFO  | SCMAudit | user=runner | ip=127.0.0.1 | op=SEND_HEARTBEAT {"datanodeUUID":"7995ae7b-77ec-4e72-809d-814459f62ee0","term":"2","command":"[]"} | ret=SUCCESS |  
2025-10-17 11:02:02,309 | INFO  | OMAudit | user=runner | ip=127.0.0.1 | op=COMMIT_KEY {"volume":"24503b53-c402-42a9-ad45-3cd4920ae39c","bucket":"72b02ed4-bab3-468f-b07d-5ea04f82b0ac","key":"afd474c8-4a5d-4395-b5e3-82f755d3d493","dataSize":"4194305","replicationType":"EC","replicationConfig":"rs-3-2-1048576","Transaction":"351"} | ret=SUCCESS |  
2025-10-17 11:02:02,311 | INFO  | OMAudit | user=runner | ip=127.0.0.1 | op=READ_VOLUME {"volume":"24503b53-c402-42a9-ad45-3cd4920ae39c"} | ret=SUCCESS |  
2025-10-17 11:02:02,313 | INFO  | OMAudit | user=runner | ip=127.0.0.1 | op=READ_BUCKET {"volume":"24503b53-c402-42a9-ad45-3cd4920ae39c","bucket":"72b02ed4-bab3-468f-b07d-5ea04f82b0ac"} | ret=SUCCESS |  
2025-10-17 11:02:02,752 | INFO  | SCMAudit | user=runner | ip=127.0.0.1 | op=SEND_HEARTBEAT {"datanodeUUID":"dbd6f242-9b73-4bca-a110-3e2ec656b979","term":"2","command":"[]"} | ret=SUCCESS |  
2025-10-17 11:02:02,753 | INFO  | SCMAudit | user=runner | ip=127.0.0.1 | op=SEND_HEARTBEAT {"datanodeUUID":"ed6e9581-5875-4278-a8db-50829892434b","term":"2","command":"[]"} | ret=SUCCESS |  
2025-10-17 11:02:02,756 | INFO  | SCMAudit | user=runner | ip=127.0.0.1 | op=SEND_HEARTBEAT {"datanodeUUID":"b6f92338-e951-49df-a986-ea31ece96e9e","term":"2","command":"[]"} | ret=SUCCESS |  
2025-10-17 11:02:02,858 | INFO  | SCMAudit | user=runner | ip=127.0.0.1 | op=SEND_HEARTBEAT {"datanodeUUID":"2b4cc429-f9c1-416c-9a38-6239a2e149ea","term":"2","command":"[]"} | ret=SUCCESS |  
2025-10-17 11:02:02,858 | INFO  | SCMAudit | user=runner | ip=127.0.0.1 | op=SEND_HEARTBEAT {"datanodeUUID":"a5293c95-44e9-4ea9-88ca-89089eac4b59","term":"2","command":"[]"} | ret=SUCCESS |  
2025-10-17 11:02:02,858 | INFO  | SCMAudit | user=runner | ip=127.0.0.1 | op=SEND_HEARTBEAT {"datanodeUUID":"b1eee25a-1fdf-4744-83c7-58e0513fce3b","term":"2","command":"[]"} | ret=SUCCESS |  
2025-10-17 11:02:02,935 | INFO  | SCMAudit | user=runner | ip=127.0.0.1 | op=SEND_HEARTBEAT {"datanodeUUID":"3a11eef6-a527-493c-8ba3-ae39ecaefa56","term":"2","command":"[]"} | ret=SUCCESS |  
2025-10-17 11:02:03,027 | INFO  | SCMAudit | user=runner | ip=127.0.0.1 | op=SEND_HEARTBEAT {"datanodeUUID":"309ab1ff-9f5a-4058-8b2f-94d451ce5267","term":"2","command":"[]"} | ret=SUCCESS |  
2025-10-17 11:02:03,033 | INFO  | SCMAudit | user=runner | ip=127.0.0.1 | op=SEND_HEARTBEAT {"datanodeUUID":"b292b6be-9482-4c30-a3e0-c9f721931b72","term":"2","command":"[]"} | ret=SUCCESS |  
2025-10-17 11:02:03,123 [om1-KeyDeletingService#4] INFO  service.KeyDeletingService (KeyDeletingService.java:processKeyDeletes(151)) - Send 1 key(s) to SCM, first 1 keys: [PurgedKey{blockGroup=BlockGroup[groupID='/24503b53-c402-42a9-ad45-3cd4920ae39c/72b02ed4-bab3-468f-b07d-5ea04f82b0ac/afd474c8-4a5d-4395-b5e3-82f755d3d493/-9223372036854685952/0', blockIDs=[conID: 26 locID: 115816896921600116 bcsId: 0 replicaIndex: null]], volume='24503b53-c402-42a9-ad45-3cd4920ae39c', bucket='72b02ed4-bab3-468f-b07d-5ea04f82b0ac', bucketId=-9223372036854686976, purgedBytes=8388609, isCommittedKey=true, deleteKeyName='/24503b53-c402-42a9-ad45-3cd4920ae39c/72b02ed4-bab3-468f-b07d-5ea04f82b0ac/afd474c8-4a5d-4395-b5e3-82f755d3d493/-9223372036854685952'}]
2025-10-17 11:02:03,126 | INFO  | SCMAudit | user=runner | ip=127.0.0.1 | op=DELETE_KEY_BLOCK {"KeyBlockToDelete":"[BlockGroup[groupID='/24503b53-c402-42a9-ad45-3cd4920ae39c/72b02ed4-bab3-468f-b07d-5ea04f82b0ac/afd474c8-4a5d-4395-b5e3-82f755d3d493/-9223372036854685952/0', blockIDs=[conID: 26 locID: 115816896921600116 bcsId: 0 replicaIndex: null]]]"} | ret=SUCCESS |  
2025-10-17 11:02:03,126 [om1-KeyDeletingService#4] INFO  service.KeyDeletingService (KeyDeletingService.java:processKeyDeletes(158)) - 1 BlockGroup deletion are acked by SCM in 2 ms
2025-10-17 11:02:03,127 [om1-DirectoryDeletingService#2] INFO  utils.BackgroundService (AbstractKeyDeletingService.java:isPreviousPurgeTransactionFlushed(87)) - Skipping AOS processing since changes to deleted space of AOS have not been flushed to disk last Purge Transaction: 1#352, Flushed Disk Transaction: 1#351
2025-10-17 11:02:03,128 [om1-KeyDeletingService#4] INFO  service.KeyDeletingService (KeyDeletingService.java:processKeyDeletes(166)) - Blocks for 1 (out of 1) keys are deleted from DB in 1 ms. Limit per task is 50000.
2025-10-17 11:02:03,213 | INFO  | SCMAudit | user=runner | ip=127.0.0.1 | op=SEND_HEARTBEAT {"datanodeUUID":"50dccd39-549f-4f43-8b1f-597bf98f9c16","term":"2","command":"[]"} | ret=SUCCESS |  
2025-10-17 11:02:03,218 | INFO  | SCMAudit | user=runner | ip=127.0.0.1 | op=SEND_HEARTBEAT {"datanodeUUID":"28c08cd4-c049-4c66-8210-e254cf68b291","term":"2","command":"[]"} | ret=SUCCESS |  
2025-10-17 11:02:03,226 | INFO  | SCMAudit | user=runner | ip=127.0.0.1 | op=SEND_HEARTBEAT {"datanodeUUID":"99c47355-c013-4450-a734-aff6d3c99677","term":"2","command":"[]"} | ret=SUCCESS |  
2025-10-17 11:02:03,230 | INFO  | SCMAudit | user=runner | ip=127.0.0.1 | op=SEND_HEARTBEAT {"datanodeUUID":"718bfa29-2c47-4ab5-ac61-3dfe9c6b9d5c","term":"2","command":"[]"} | ret=SUCCESS |  
2025-10-17 11:02:03,233 | INFO  | SCMAudit | user=runner | ip=127.0.0.1 | op=SEND_HEARTBEAT {"datanodeUUID":"7995ae7b-77ec-4e72-809d-814459f62ee0","term":"2","command":"[]"} | ret=SUCCESS |  
2025-10-17 11:02:03,315 | INFO  | OMAudit | user=runner | ip=127.0.0.1 | op=READ_VOLUME {"volume":"24503b53-c402-42a9-ad45-3cd4920ae39c"} | ret=SUCCESS |  
2025-10-17 11:02:03,316 | INFO  | OMAudit | user=runner | ip=127.0.0.1 | op=READ_BUCKET {"volume":"24503b53-c402-42a9-ad45-3cd4920ae39c","bucket":"72b02ed4-bab3-468f-b07d-5ea04f82b0ac"} | ret=SUCCESS |  
2025-10-17 11:02:03,318 | INFO  | OMAudit | user=runner | ip=127.0.0.1 | op=DELETE_KEY {"volume":"24503b53-c402-42a9-ad45-3cd4920ae39c","bucket":"72b02ed4-bab3-468f-b07d-5ea04f82b0ac","key":"afd474c8-4a5d-4395-b5e3-82f755d3d493","dataSize":"4194305","replicationConfig":"EC{rs-3-2-1024k}","Transaction":"353"} | ret=SUCCESS |  
2025-10-17 11:02:03,319 | INFO  | OMAudit | user=runner | ip=127.0.0.1 | op=READ_VOLUME {"volume":"24503b53-c402-42a9-ad45-3cd4920ae39c"} | ret=SUCCESS |  
2025-10-17 11:02:03,320 | INFO  | OMAudit | user=runner | ip=127.0.0.1 | op=READ_BUCKET {"volume":"24503b53-c402-42a9-ad45-3cd4920ae39c","bucket":"72b02ed4-bab3-468f-b07d-5ea04f82b0ac"} | ret=SUCCESS |  
2025-10-17 11:02:03,751 | INFO  | SCMAudit | user=runner | ip=127.0.0.1 | op=SEND_HEARTBEAT {"datanodeUUID":"dbd6f242-9b73-4bca-a110-3e2ec656b979","term":"2","command":"[]"} | ret=SUCCESS |  
2025-10-17 11:02:03,753 | INFO  | SCMAudit | user=runner | ip=127.0.0.1 | op=SEND_HEARTBEAT {"datanodeUUID":"ed6e9581-5875-4278-a8db-50829892434b","term":"2","command":"[]"} | ret=SUCCESS |  
2025-10-17 11:02:03,756 | INFO  | SCMAudit | user=runner | ip=127.0.0.1 | op=SEND_HEARTBEAT {"datanodeUUID":"b6f92338-e951-49df-a986-ea31ece96e9e","term":"2","command":"[]"} | ret=SUCCESS |  
2025-10-17 11:02:03,858 | INFO  | SCMAudit | user=runner | ip=127.0.0.1 | op=SEND_HEARTBEAT {"datanodeUUID":"b1eee25a-1fdf-4744-83c7-58e0513fce3b","term":"2","command":"[]"} | ret=SUCCESS |  
2025-10-17 11:02:03,858 | INFO  | SCMAudit | user=runner | ip=127.0.0.1 | op=SEND_HEARTBEAT {"datanodeUUID":"a5293c95-44e9-4ea9-88ca-89089eac4b59","term":"2","command":"[]"} | ret=SUCCESS |  
2025-10-17 11:02:03,858 | INFO  | SCMAudit | user=runner | ip=127.0.0.1 | op=SEND_HEARTBEAT {"datanodeUUID":"2b4cc429-f9c1-416c-9a38-6239a2e149ea","term":"2","command":"[]"} | ret=SUCCESS |  
2025-10-17 11:02:03,935 | INFO  | SCMAudit | user=runner | ip=127.0.0.1 | op=SEND_HEARTBEAT {"datanodeUUID":"3a11eef6-a527-493c-8ba3-ae39ecaefa56","term":"2","command":"[]"} | ret=SUCCESS |  
2025-10-17 11:02:04,027 | INFO  | SCMAudit | user=runner | ip=127.0.0.1 | op=SEND_HEARTBEAT {"datanodeUUID":"309ab1ff-9f5a-4058-8b2f-94d451ce5267","term":"2","command":"[]"} | ret=SUCCESS |  
2025-10-17 11:02:04,033 | INFO  | SCMAudit | user=runner | ip=127.0.0.1 | op=SEND_HEARTBEAT {"datanodeUUID":"b292b6be-9482-4c30-a3e0-c9f721931b72","term":"2","command":"[]"} | ret=SUCCESS |  
2025-10-17 11:02:04,123 [om1-KeyDeletingService#7] INFO  service.KeyDeletingService (KeyDeletingService.java:processKeyDeletes(151)) - Send 1 key(s) to SCM, first 1 keys: [PurgedKey{blockGroup=BlockGroup[groupID='/24503b53-c402-42a9-ad45-3cd4920ae39c/72b02ed4-bab3-468f-b07d-5ea04f82b0ac/afd474c8-4a5d-4395-b5e3-82f755d3d493/-9223372036854686719/0', blockIDs=[conID: 23 locID: 115816896921600117 bcsId: 0 replicaIndex: null]], volume='24503b53-c402-42a9-ad45-3cd4920ae39c', bucket='72b02ed4-bab3-468f-b07d-5ea04f82b0ac', bucketId=-9223372036854686976, purgedBytes=8388609, isCommittedKey=true, deleteKeyName='/24503b53-c402-42a9-ad45-3cd4920ae39c/72b02ed4-bab3-468f-b07d-5ea04f82b0ac/afd474c8-4a5d-4395-b5e3-82f755d3d493/-9223372036854686719'}]
2025-10-17 11:02:04,125 | INFO  | SCMAudit | user=runner | ip=127.0.0.1 | op=DELETE_KEY_BLOCK {"KeyBlockToDelete":"[BlockGroup[groupID='/24503b53-c402-42a9-ad45-3cd4920ae39c/72b02ed4-bab3-468f-b07d-5ea04f82b0ac/afd474c8-4a5d-4395-b5e3-82f755d3d493/-9223372036854686719/0', blockIDs=[conID: 23 locID: 115816896921600117 bcsId: 0 replicaIndex: null]]]"} | ret=SUCCESS |  
2025-10-17 11:02:04,125 [om1-KeyDeletingService#7] INFO  service.KeyDeletingService (KeyDeletingService.java:processKeyDeletes(158)) - 1 BlockGroup deletion are acked by SCM in 2 ms
2025-10-17 11:02:04,127 [om1-KeyDeletingService#7] INFO  service.KeyDeletingService (KeyDeletingService.java:processKeyDeletes(166)) - Blocks for 1 (out of 1) keys are deleted from DB in 1 ms. Limit per task is 50000.
2025-10-17 11:02:04,213 | INFO  | SCMAudit | user=runner | ip=127.0.0.1 | op=SEND_HEARTBEAT {"datanodeUUID":"50dccd39-549f-4f43-8b1f-597bf98f9c16","term":"2","command":"[]"} | ret=SUCCESS |  
2025-10-17 11:02:04,218 | INFO  | SCMAudit | user=runner | ip=127.0.0.1 | op=SEND_HEARTBEAT {"datanodeUUID":"28c08cd4-c049-4c66-8210-e254cf68b291","term":"2","command":"[]"} | ret=SUCCESS |  
2025-10-17 11:02:04,227 | INFO  | SCMAudit | user=runner | ip=127.0.0.1 | op=SEND_HEARTBEAT {"datanodeUUID":"99c47355-c013-4450-a734-aff6d3c99677","term":"2","command":"[]"} | ret=SUCCESS |  
2025-10-17 11:02:04,230 | INFO  | SCMAudit | user=runner | ip=127.0.0.1 | op=SEND_HEARTBEAT {"datanodeUUID":"718bfa29-2c47-4ab5-ac61-3dfe9c6b9d5c","term":"2","command":"[]"} | ret=SUCCESS |  
2025-10-17 11:02:04,233 | INFO  | SCMAudit | user=runner | ip=127.0.0.1 | op=SEND_HEARTBEAT {"datanodeUUID":"7995ae7b-77ec-4e72-809d-814459f62ee0","term":"2","command":"[]"} | ret=SUCCESS |  
2025-10-17 11:02:04,321 | INFO  | OMAudit | user=runner | ip=127.0.0.1 | op=READ_VOLUME {"volume":"24503b53-c402-42a9-ad45-3cd4920ae39c"} | ret=SUCCESS |  
2025-10-17 11:02:04,323 | INFO  | OMAudit | user=runner | ip=127.0.0.1 | op=READ_BUCKET {"volume":"24503b53-c402-42a9-ad45-3cd4920ae39c","bucket":"72b02ed4-bab3-468f-b07d-5ea04f82b0ac"} | ret=SUCCESS |  
2025-10-17 11:02:04,323 [ForkJoinPool-1-worker-1] INFO  rpc.RpcClient (RpcClient.java:createVolume(461)) - Creating Volume: 59d6ab12-499c-4098-9f2d-a3ac087c8a1f, with runner as owner and space quota set to -1 bytes, counts quota set to -1
2025-10-17 11:02:04,325 [om1-OMStateMachineApplyTransactionThread - 0] INFO  volume.OMVolumeCreateRequest (OMVolumeCreateRequest.java:validateAndUpdateCache(213)) - created volume:59d6ab12-499c-4098-9f2d-a3ac087c8a1f for user:runner
2025-10-17 11:02:04,325 | INFO  | OMAudit | user=runner | ip=127.0.0.1 | op=CREATE_VOLUME {"admin":"runner","owner":"runner","volume":"59d6ab12-499c-4098-9f2d-a3ac087c8a1f","creationTime":"1760698924324","modificationTime":"1760698924324","quotaInBytes":"-1","quotaInNamespace":"-1","usedNamespace":"0","objectID":"-9223372036854684928","updateID":"355","Transaction":"355"} | ret=SUCCESS |  
2025-10-17 11:02:04,326 | INFO  | OMAudit | user=runner | ip=127.0.0.1 | op=READ_VOLUME {"volume":"59d6ab12-499c-4098-9f2d-a3ac087c8a1f"} | ret=SUCCESS |  
2025-10-17 11:02:04,327 [ForkJoinPool-1-worker-1] INFO  rpc.RpcClient (RpcClient.java:createBucket(686)) - Creating Bucket: 59d6ab12-499c-4098-9f2d-a3ac087c8a1f/3c3078e1-f6db-48be-b81e-4dd4828a8a1e, with server-side default bucket layout, runner as owner, Versioning false, Storage Type set to DISK and Encryption set to false, Replication Type set to server-side default replication type, Namespace Quota set to -1, Space Quota set to -1 
2025-10-17 11:02:04,329 [om1-OMStateMachineApplyTransactionThread - 0] INFO  bucket.OMBucketCreateRequest (OMBucketCreateRequest.java:validateAndUpdateCache(303)) - created bucket: 3c3078e1-f6db-48be-b81e-4dd4828a8a1e of layout FILE_SYSTEM_OPTIMIZED in volume: 59d6ab12-499c-4098-9f2d-a3ac087c8a1f
2025-10-17 11:02:04,329 | INFO  | OMAudit | user=runner | ip=127.0.0.1 | op=CREATE_BUCKET {"volume":"59d6ab12-499c-4098-9f2d-a3ac087c8a1f","bucket":"3c3078e1-f6db-48be-b81e-4dd4828a8a1e","bucketLayout":"FILE_SYSTEM_OPTIMIZED","gdprEnabled":null,"acls":"[user:runner:a[ACCESS], group:runner:rl[ACCESS]]","isVersionEnabled":"false","storageType":"DISK","creationTime":"1760698924328","bucketEncryptionKey":null,"modificationTime":"1760698924328","usedBytes":"0","usedNamespace":"0","snapshotUsedBytes":"0","snapshotUsedNamespace":"0","owner":"runner","replicationType":null,"replicationConfig":null,"quotaInBytes":"-1","quotaInNamespace":"-1","Transaction":"356"} | ret=SUCCESS |  
2025-10-17 11:02:04,330 | INFO  | OMAudit | user=runner | ip=127.0.0.1 | op=READ_BUCKET {"volume":"59d6ab12-499c-4098-9f2d-a3ac087c8a1f","bucket":"3c3078e1-f6db-48be-b81e-4dd4828a8a1e"} | ret=SUCCESS |  
2025-10-17 11:02:04,331 | INFO  | OMAudit | user=runner | ip=127.0.0.1 | op=READ_BUCKET {"volume":"59d6ab12-499c-4098-9f2d-a3ac087c8a1f","bucket":"3c3078e1-f6db-48be-b81e-4dd4828a8a1e"} | ret=SUCCESS |  
2025-10-17 11:02:04,333 | INFO  | SCMAudit | user=runner | ip=127.0.0.1 | op=ALLOCATE_BLOCK {"replication":"EC{rs-3-2-1024k}","owner":"omServiceIdDefault","size":"4194304","sampleBlocks":"[conID: 25 locID: 115816896921600118]","num":"1","client":"","allocated":"1"} | ret=SUCCESS |  
2025-10-17 11:02:04,335 | INFO  | OMAudit | user=runner | ip=127.0.0.1 | op=ALLOCATE_KEY {"volume":"59d6ab12-499c-4098-9f2d-a3ac087c8a1f","bucket":"3c3078e1-f6db-48be-b81e-4dd4828a8a1e","key":"d589973c-f6c4-4068-8def-756b5e874a06","dataSize":"8388608","replicationType":"EC","replicationConfig":"rs-3-2-1048576","Transaction":"357"} | ret=SUCCESS |  
2025-10-17 11:02:04,337 | INFO  | OMAudit | user=runner | ip=127.0.0.1 | op=READ_VOLUME {"volume":"59d6ab12-499c-4098-9f2d-a3ac087c8a1f"} | ret=SUCCESS |  
2025-10-17 11:02:04,338 | INFO  | OMAudit | user=runner | ip=127.0.0.1 | op=READ_BUCKET {"volume":"59d6ab12-499c-4098-9f2d-a3ac087c8a1f","bucket":"3c3078e1-f6db-48be-b81e-4dd4828a8a1e"} | ret=SUCCESS |  
2025-10-17 11:02:04,402 | INFO  | OMAudit | user=runner | ip=127.0.0.1 | op=COMMIT_KEY {"volume":"59d6ab12-499c-4098-9f2d-a3ac087c8a1f","bucket":"3c3078e1-f6db-48be-b81e-4dd4828a8a1e","key":"d589973c-f6c4-4068-8def-756b5e874a06","dataSize":"8388608","replicationType":"EC","replicationConfig":"rs-3-2-1048576","Transaction":"358"} | ret=SUCCESS |  
2025-10-17 11:02:04,404 | INFO  | OMAudit | user=runner | ip=127.0.0.1 | op=READ_VOLUME {"volume":"59d6ab12-499c-4098-9f2d-a3ac087c8a1f"} | ret=SUCCESS |  
2025-10-17 11:02:04,405 | INFO  | OMAudit | user=runner | ip=127.0.0.1 | op=READ_BUCKET {"volume":"59d6ab12-499c-4098-9f2d-a3ac087c8a1f","bucket":"3c3078e1-f6db-48be-b81e-4dd4828a8a1e"} | ret=SUCCESS |  
2025-10-17 11:02:04,406 | INFO  | OMAudit | user=runner | ip=127.0.0.1 | op=READ_BUCKET {"volume":"59d6ab12-499c-4098-9f2d-a3ac087c8a1f","bucket":"3c3078e1-f6db-48be-b81e-4dd4828a8a1e"} | ret=SUCCESS |  
2025-10-17 11:02:04,408 | INFO  | SCMAudit | user=runner | ip=127.0.0.1 | op=ALLOCATE_BLOCK {"replication":"EC{rs-3-2-1024k}","owner":"omServiceIdDefault","size":"4194304","sampleBlocks":"[conID: 25 locID: 115816896921600119]","num":"1","client":"","allocated":"1"} | ret=SUCCESS |  
2025-10-17 11:02:04,411 | INFO  | OMAudit | user=runner | ip=127.0.0.1 | op=ALLOCATE_KEY {"volume":"59d6ab12-499c-4098-9f2d-a3ac087c8a1f","bucket":"3c3078e1-f6db-48be-b81e-4dd4828a8a1e","key":"d589973c-f6c4-4068-8def-756b5e874a06","dataSize":"8388608","replicationType":"EC","replicationConfig":"rs-3-2-1048576","Transaction":"359"} | ret=SUCCESS |  
2025-10-17 11:02:04,414 | INFO  | OMAudit | user=runner | ip=127.0.0.1 | op=READ_VOLUME {"volume":"59d6ab12-499c-4098-9f2d-a3ac087c8a1f"} | ret=SUCCESS |  
2025-10-17 11:02:04,415 | INFO  | OMAudit | user=runner | ip=127.0.0.1 | op=READ_BUCKET {"volume":"59d6ab12-499c-4098-9f2d-a3ac087c8a1f","bucket":"3c3078e1-f6db-48be-b81e-4dd4828a8a1e"} | ret=SUCCESS |  
2025-10-17 11:02:04,494 | INFO  | OMAudit | user=runner | ip=127.0.0.1 | op=COMMIT_KEY {"volume":"59d6ab12-499c-4098-9f2d-a3ac087c8a1f","bucket":"3c3078e1-f6db-48be-b81e-4dd4828a8a1e","key":"d589973c-f6c4-4068-8def-756b5e874a06","dataSize":"8388608","replicationType":"EC","replicationConfig":"rs-3-2-1048576","Transaction":"360"} | ret=SUCCESS |  
2025-10-17 11:02:04,495 | INFO  | OMAudit | user=runner | ip=127.0.0.1 | op=READ_VOLUME {"volume":"59d6ab12-499c-4098-9f2d-a3ac087c8a1f"} | ret=SUCCESS |  
2025-10-17 11:02:04,496 | INFO  | OMAudit | user=runner | ip=127.0.0.1 | op=READ_BUCKET {"volume":"59d6ab12-499c-4098-9f2d-a3ac087c8a1f","bucket":"3c3078e1-f6db-48be-b81e-4dd4828a8a1e"} | ret=SUCCESS |  
2025-10-17 11:02:04,751 | INFO  | SCMAudit | user=runner | ip=127.0.0.1 | op=SEND_HEARTBEAT {"datanodeUUID":"dbd6f242-9b73-4bca-a110-3e2ec656b979","term":"2","command":"[]"} | ret=SUCCESS |  
2025-10-17 11:02:04,754 | INFO  | SCMAudit | user=runner | ip=127.0.0.1 | op=SEND_HEARTBEAT {"datanodeUUID":"ed6e9581-5875-4278-a8db-50829892434b","term":"2","command":"[]"} | ret=SUCCESS |  
2025-10-17 11:02:04,755 | INFO  | SCMAudit | user=runner | ip=127.0.0.1 | op=SEND_HEARTBEAT {"datanodeUUID":"b6f92338-e951-49df-a986-ea31ece96e9e","term":"2","command":"[]"} | ret=SUCCESS |  
2025-10-17 11:02:04,858 | INFO  | SCMAudit | user=runner | ip=127.0.0.1 | op=SEND_HEARTBEAT {"datanodeUUID":"a5293c95-44e9-4ea9-88ca-89089eac4b59","term":"2","command":"[]"} | ret=SUCCESS |  
2025-10-17 11:02:04,858 | INFO  | SCMAudit | user=runner | ip=127.0.0.1 | op=SEND_HEARTBEAT {"datanodeUUID":"2b4cc429-f9c1-416c-9a38-6239a2e149ea","term":"2","command":"[]"} | ret=SUCCESS |  
2025-10-17 11:02:04,858 | INFO  | SCMAudit | user=runner | ip=127.0.0.1 | op=SEND_HEARTBEAT {"datanodeUUID":"b1eee25a-1fdf-4744-83c7-58e0513fce3b","term":"2","command":"[]"} | ret=SUCCESS |  
2025-10-17 11:02:04,935 | INFO  | SCMAudit | user=runner | ip=127.0.0.1 | op=SEND_HEARTBEAT {"datanodeUUID":"3a11eef6-a527-493c-8ba3-ae39ecaefa56","term":"2","command":"[]"} | ret=SUCCESS |  
2025-10-17 11:02:05,027 | INFO  | SCMAudit | user=runner | ip=127.0.0.1 | op=SEND_HEARTBEAT {"datanodeUUID":"309ab1ff-9f5a-4058-8b2f-94d451ce5267","term":"2","command":"[]"} | ret=SUCCESS |  
2025-10-17 11:02:05,033 | INFO  | SCMAudit | user=runner | ip=127.0.0.1 | op=SEND_HEARTBEAT {"datanodeUUID":"b292b6be-9482-4c30-a3e0-c9f721931b72","term":"2","command":"[]"} | ret=SUCCESS |  
2025-10-17 11:02:05,123 [om1-KeyDeletingService#2] INFO  service.KeyDeletingService (KeyDeletingService.java:processKeyDeletes(151)) - Send 1 key(s) to SCM, first 1 keys: [PurgedKey{blockGroup=BlockGroup[groupID='/59d6ab12-499c-4098-9f2d-a3ac087c8a1f/3c3078e1-f6db-48be-b81e-4dd4828a8a1e/d589973c-f6c4-4068-8def-756b5e874a06/-9223372036854683648/0', blockIDs=[conID: 25 locID: 115816896921600118 bcsId: 0 replicaIndex: null]], volume='59d6ab12-499c-4098-9f2d-a3ac087c8a1f', bucket='3c3078e1-f6db-48be-b81e-4dd4828a8a1e', bucketId=-9223372036854684672, purgedBytes=14680064, isCommittedKey=true, deleteKeyName='/59d6ab12-499c-4098-9f2d-a3ac087c8a1f/3c3078e1-f6db-48be-b81e-4dd4828a8a1e/d589973c-f6c4-4068-8def-756b5e874a06/-9223372036854683648'}]
2025-10-17 11:02:05,125 | INFO  | SCMAudit | user=runner | ip=127.0.0.1 | op=DELETE_KEY_BLOCK {"KeyBlockToDelete":"[BlockGroup[groupID='/59d6ab12-499c-4098-9f2d-a3ac087c8a1f/3c3078e1-f6db-48be-b81e-4dd4828a8a1e/d589973c-f6c4-4068-8def-756b5e874a06/-9223372036854683648/0', blockIDs=[conID: 25 locID: 115816896921600118 bcsId: 0 replicaIndex: null]]]"} | ret=SUCCESS |  
2025-10-17 11:02:05,126 [om1-KeyDeletingService#2] INFO  service.KeyDeletingService (KeyDeletingService.java:processKeyDeletes(158)) - 1 BlockGroup deletion are acked by SCM in 2 ms
2025-10-17 11:02:05,127 [om1-KeyDeletingService#2] INFO  service.KeyDeletingService (KeyDeletingService.java:processKeyDeletes(166)) - Blocks for 1 (out of 1) keys are deleted from DB in 2 ms. Limit per task is 50000.
2025-10-17 11:02:05,213 | INFO  | SCMAudit | user=runner | ip=127.0.0.1 | op=SEND_HEARTBEAT {"datanodeUUID":"50dccd39-549f-4f43-8b1f-597bf98f9c16","term":"2","command":"[]"} | ret=SUCCESS |  
2025-10-17 11:02:05,218 | INFO  | SCMAudit | user=runner | ip=127.0.0.1 | op=SEND_HEARTBEAT {"datanodeUUID":"28c08cd4-c049-4c66-8210-e254cf68b291","term":"2","command":"[]"} | ret=SUCCESS |  
2025-10-17 11:02:05,226 | INFO  | SCMAudit | user=runner | ip=127.0.0.1 | op=SEND_HEARTBEAT {"datanodeUUID":"99c47355-c013-4450-a734-aff6d3c99677","term":"2","command":"[]"} | ret=SUCCESS |  
2025-10-17 11:02:05,229 | INFO  | SCMAudit | user=runner | ip=127.0.0.1 | op=SEND_HEARTBEAT {"datanodeUUID":"718bfa29-2c47-4ab5-ac61-3dfe9c6b9d5c","term":"2","command":"[]"} | ret=SUCCESS |  
2025-10-17 11:02:05,233 | INFO  | SCMAudit | user=runner | ip=127.0.0.1 | op=SEND_HEARTBEAT {"datanodeUUID":"7995ae7b-77ec-4e72-809d-814459f62ee0","term":"2","command":"[]"} | ret=SUCCESS |  
2025-10-17 11:02:05,497 | INFO  | OMAudit | user=runner | ip=127.0.0.1 | op=READ_VOLUME {"volume":"59d6ab12-499c-4098-9f2d-a3ac087c8a1f"} | ret=SUCCESS |  
2025-10-17 11:02:05,498 | INFO  | OMAudit | user=runner | ip=127.0.0.1 | op=READ_BUCKET {"volume":"59d6ab12-499c-4098-9f2d-a3ac087c8a1f","bucket":"3c3078e1-f6db-48be-b81e-4dd4828a8a1e"} | ret=SUCCESS |  
2025-10-17 11:02:05,501 | INFO  | OMAudit | user=runner | ip=127.0.0.1 | op=DELETE_KEY {"volume":"59d6ab12-499c-4098-9f2d-a3ac087c8a1f","bucket":"3c3078e1-f6db-48be-b81e-4dd4828a8a1e","key":"d589973c-f6c4-4068-8def-756b5e874a06","dataSize":"8388608","replicationConfig":"EC{rs-3-2-1024k}","Transaction":"362"} | ret=SUCCESS |  
2025-10-17 11:02:05,502 | INFO  | OMAudit | user=runner | ip=127.0.0.1 | op=READ_VOLUME {"volume":"59d6ab12-499c-4098-9f2d-a3ac087c8a1f"} | ret=SUCCESS |  
2025-10-17 11:02:05,503 | INFO  | OMAudit | user=runner | ip=127.0.0.1 | op=READ_BUCKET {"volume":"59d6ab12-499c-4098-9f2d-a3ac087c8a1f","bucket":"3c3078e1-f6db-48be-b81e-4dd4828a8a1e"} | ret=SUCCESS |  
2025-10-17 11:02:05,751 | INFO  | SCMAudit | user=runner | ip=127.0.0.1 | op=SEND_HEARTBEAT {"datanodeUUID":"dbd6f242-9b73-4bca-a110-3e2ec656b979","term":"2","command":"[]"} | ret=SUCCESS |  
2025-10-17 11:02:05,754 | INFO  | SCMAudit | user=runner | ip=127.0.0.1 | op=SEND_HEARTBEAT {"datanodeUUID":"ed6e9581-5875-4278-a8db-50829892434b","term":"2","command":"[]"} | ret=SUCCESS |  
2025-10-17 11:02:05,756 | INFO  | SCMAudit | user=runner | ip=127.0.0.1 | op=SEND_HEARTBEAT {"datanodeUUID":"b6f92338-e951-49df-a986-ea31ece96e9e","term":"2","command":"[]"} | ret=SUCCESS |  
2025-10-17 11:02:05,858 | INFO  | SCMAudit | user=runner | ip=127.0.0.1 | op=SEND_HEARTBEAT {"datanodeUUID":"2b4cc429-f9c1-416c-9a38-6239a2e149ea","term":"2","command":"[]"} | ret=SUCCESS |  
2025-10-17 11:02:05,858 | INFO  | SCMAudit | user=runner | ip=127.0.0.1 | op=SEND_HEARTBEAT {"datanodeUUID":"a5293c95-44e9-4ea9-88ca-89089eac4b59","term":"2","command":"[]"} | ret=SUCCESS |  
2025-10-17 11:02:05,858 | INFO  | SCMAudit | user=runner | ip=127.0.0.1 | op=SEND_HEARTBEAT {"datanodeUUID":"b1eee25a-1fdf-4744-83c7-58e0513fce3b","term":"2","command":"[]"} | ret=SUCCESS |  
2025-10-17 11:02:05,936 | INFO  | SCMAudit | user=runner | ip=127.0.0.1 | op=SEND_HEARTBEAT {"datanodeUUID":"3a11eef6-a527-493c-8ba3-ae39ecaefa56","term":"2","command":"[]"} | ret=SUCCESS |  
2025-10-17 11:02:06,027 | INFO  | SCMAudit | user=runner | ip=127.0.0.1 | op=SEND_HEARTBEAT {"datanodeUUID":"309ab1ff-9f5a-4058-8b2f-94d451ce5267","term":"2","command":"[]"} | ret=SUCCESS |  
2025-10-17 11:02:06,034 | INFO  | SCMAudit | user=runner | ip=127.0.0.1 | op=SEND_HEARTBEAT {"datanodeUUID":"b292b6be-9482-4c30-a3e0-c9f721931b72","term":"2","command":"[]"} | ret=SUCCESS |  
2025-10-17 11:02:06,123 [om1-KeyDeletingService#5] INFO  service.KeyDeletingService (KeyDeletingService.java:processKeyDeletes(151)) - Send 1 key(s) to SCM, first 1 keys: [PurgedKey{blockGroup=BlockGroup[groupID='/59d6ab12-499c-4098-9f2d-a3ac087c8a1f/3c3078e1-f6db-48be-b81e-4dd4828a8a1e/d589973c-f6c4-4068-8def-756b5e874a06/-9223372036854684415/0', blockIDs=[conID: 25 locID: 115816896921600119 bcsId: 0 replicaIndex: null]], volume='59d6ab12-499c-4098-9f2d-a3ac087c8a1f', bucket='3c3078e1-f6db-48be-b81e-4dd4828a8a1e', bucketId=-9223372036854684672, purgedBytes=14680064, isCommittedKey=true, deleteKeyName='/59d6ab12-499c-4098-9f2d-a3ac087c8a1f/3c3078e1-f6db-48be-b81e-4dd4828a8a1e/d589973c-f6c4-4068-8def-756b5e874a06/-9223372036854684415'}]
2025-10-17 11:02:06,125 | INFO  | SCMAudit | user=runner | ip=127.0.0.1 | op=DELETE_KEY_BLOCK {"KeyBlockToDelete":"[BlockGroup[groupID='/59d6ab12-499c-4098-9f2d-a3ac087c8a1f/3c3078e1-f6db-48be-b81e-4dd4828a8a1e/d589973c-f6c4-4068-8def-756b5e874a06/-9223372036854684415/0', blockIDs=[conID: 25 locID: 115816896921600119 bcsId: 0 replicaIndex: null]]]"} | ret=SUCCESS |  
2025-10-17 11:02:06,125 [om1-KeyDeletingService#5] INFO  service.KeyDeletingService (KeyDeletingService.java:processKeyDeletes(158)) - 1 BlockGroup deletion are acked by SCM in 2 ms
2025-10-17 11:02:06,127 [om1-KeyDeletingService#5] INFO  service.KeyDeletingService (KeyDeletingService.java:processKeyDeletes(166)) - Blocks for 1 (out of 1) keys are deleted from DB in 1 ms. Limit per task is 50000.
2025-10-17 11:02:06,213 | INFO  | SCMAudit | user=runner | ip=127.0.0.1 | op=SEND_HEARTBEAT {"datanodeUUID":"50dccd39-549f-4f43-8b1f-597bf98f9c16","term":"2","command":"[]"} | ret=SUCCESS |  
2025-10-17 11:02:06,218 | INFO  | SCMAudit | user=runner | ip=127.0.0.1 | op=SEND_HEARTBEAT {"datanodeUUID":"28c08cd4-c049-4c66-8210-e254cf68b291","term":"2","command":"[]"} | ret=SUCCESS |  
2025-10-17 11:02:06,226 | INFO  | SCMAudit | user=runner | ip=127.0.0.1 | op=SEND_HEARTBEAT {"datanodeUUID":"99c47355-c013-4450-a734-aff6d3c99677","term":"2","command":"[]"} | ret=SUCCESS |  
2025-10-17 11:02:06,230 | INFO  | SCMAudit | user=runner | ip=127.0.0.1 | op=SEND_HEARTBEAT {"datanodeUUID":"718bfa29-2c47-4ab5-ac61-3dfe9c6b9d5c","term":"2","command":"[]"} | ret=SUCCESS |  
2025-10-17 11:02:06,233 | INFO  | SCMAudit | user=runner | ip=127.0.0.1 | op=SEND_HEARTBEAT {"datanodeUUID":"7995ae7b-77ec-4e72-809d-814459f62ee0","term":"2","command":"[]"} | ret=SUCCESS |  
2025-10-17 11:02:06,504 | INFO  | OMAudit | user=runner | ip=127.0.0.1 | op=READ_VOLUME {"volume":"59d6ab12-499c-4098-9f2d-a3ac087c8a1f"} | ret=SUCCESS |  
2025-10-17 11:02:06,505 | INFO  | OMAudit | user=runner | ip=127.0.0.1 | op=READ_BUCKET {"volume":"59d6ab12-499c-4098-9f2d-a3ac087c8a1f","bucket":"3c3078e1-f6db-48be-b81e-4dd4828a8a1e"} | ret=SUCCESS |  
2025-10-17 11:02:06,505 [ForkJoinPool-1-worker-1] INFO  rpc.RpcClient (RpcClient.java:createVolume(461)) - Creating Volume: c11564ec-5aca-4282-8b81-7cdb00535caa, with runner as owner and space quota set to -1 bytes, counts quota set to -1
2025-10-17 11:02:06,507 [om1-OMStateMachineApplyTransactionThread - 0] INFO  volume.OMVolumeCreateRequest (OMVolumeCreateRequest.java:validateAndUpdateCache(213)) - created volume:c11564ec-5aca-4282-8b81-7cdb00535caa for user:runner
2025-10-17 11:02:06,507 | INFO  | OMAudit | user=runner | ip=127.0.0.1 | op=CREATE_VOLUME {"admin":"runner","owner":"runner","volume":"c11564ec-5aca-4282-8b81-7cdb00535caa","creationTime":"1760698926506","modificationTime":"1760698926506","quotaInBytes":"-1","quotaInNamespace":"-1","usedNamespace":"0","objectID":"-9223372036854682624","updateID":"364","Transaction":"364"} | ret=SUCCESS |  
2025-10-17 11:02:06,508 | INFO  | OMAudit | user=runner | ip=127.0.0.1 | op=READ_VOLUME {"volume":"c11564ec-5aca-4282-8b81-7cdb00535caa"} | ret=SUCCESS |  
2025-10-17 11:02:06,509 [ForkJoinPool-1-worker-1] INFO  rpc.RpcClient (RpcClient.java:createBucket(686)) - Creating Bucket: c11564ec-5aca-4282-8b81-7cdb00535caa/ec3850e9-0002-43b9-921e-87f397880f29, with server-side default bucket layout, runner as owner, Versioning false, Storage Type set to DISK and Encryption set to false, Replication Type set to server-side default replication type, Namespace Quota set to -1, Space Quota set to -1 
2025-10-17 11:02:06,510 [om1-OMStateMachineApplyTransactionThread - 0] INFO  bucket.OMBucketCreateRequest (OMBucketCreateRequest.java:validateAndUpdateCache(303)) - created bucket: ec3850e9-0002-43b9-921e-87f397880f29 of layout FILE_SYSTEM_OPTIMIZED in volume: c11564ec-5aca-4282-8b81-7cdb00535caa
2025-10-17 11:02:06,510 | INFO  | OMAudit | user=runner | ip=127.0.0.1 | op=CREATE_BUCKET {"volume":"c11564ec-5aca-4282-8b81-7cdb00535caa","bucket":"ec3850e9-0002-43b9-921e-87f397880f29","bucketLayout":"FILE_SYSTEM_OPTIMIZED","gdprEnabled":null,"acls":"[user:runner:a[ACCESS], group:runner:rl[ACCESS]]","isVersionEnabled":"false","storageType":"DISK","creationTime":"1760698926509","bucketEncryptionKey":null,"modificationTime":"1760698926509","usedBytes":"0","usedNamespace":"0","snapshotUsedBytes":"0","snapshotUsedNamespace":"0","owner":"runner","replicationType":null,"replicationConfig":null,"quotaInBytes":"-1","quotaInNamespace":"-1","Transaction":"365"} | ret=SUCCESS |  
2025-10-17 11:02:06,511 | INFO  | OMAudit | user=runner | ip=127.0.0.1 | op=READ_BUCKET {"volume":"c11564ec-5aca-4282-8b81-7cdb00535caa","bucket":"ec3850e9-0002-43b9-921e-87f397880f29"} | ret=SUCCESS |  
2025-10-17 11:02:06,513 | INFO  | OMAudit | user=runner | ip=127.0.0.1 | op=READ_BUCKET {"volume":"c11564ec-5aca-4282-8b81-7cdb00535caa","bucket":"ec3850e9-0002-43b9-921e-87f397880f29"} | ret=SUCCESS |  
2025-10-17 11:02:06,514 | INFO  | SCMAudit | user=runner | ip=127.0.0.1 | op=ALLOCATE_BLOCK {"replication":"EC{rs-3-2-1024k}","owner":"omServiceIdDefault","size":"4194304","sampleBlocks":"[conID: 27 locID: 115816896921600120]","num":"1","client":"","allocated":"1"} | ret=SUCCESS |  
2025-10-17 11:02:06,516 | INFO  | OMAudit | user=runner | ip=127.0.0.1 | op=ALLOCATE_KEY {"volume":"c11564ec-5aca-4282-8b81-7cdb00535caa","bucket":"ec3850e9-0002-43b9-921e-87f397880f29","key":"14228846-d7ca-41ed-9f25-7b30c288c361","dataSize":"8388609","replicationType":"EC","replicationConfig":"rs-3-2-1048576","Transaction":"366"} | ret=SUCCESS |  
2025-10-17 11:02:06,518 | INFO  | OMAudit | user=runner | ip=127.0.0.1 | op=READ_VOLUME {"volume":"c11564ec-5aca-4282-8b81-7cdb00535caa"} | ret=SUCCESS |  
2025-10-17 11:02:06,519 | INFO  | OMAudit | user=runner | ip=127.0.0.1 | op=READ_BUCKET {"volume":"c11564ec-5aca-4282-8b81-7cdb00535caa","bucket":"ec3850e9-0002-43b9-921e-87f397880f29"} | ret=SUCCESS |  
2025-10-17 11:02:06,579 | INFO  | OMAudit | user=runner | ip=127.0.0.1 | op=COMMIT_KEY {"volume":"c11564ec-5aca-4282-8b81-7cdb00535caa","bucket":"ec3850e9-0002-43b9-921e-87f397880f29","key":"14228846-d7ca-41ed-9f25-7b30c288c361","dataSize":"8388609","replicationType":"EC","replicationConfig":"rs-3-2-1048576","Transaction":"367"} | ret=SUCCESS |  
2025-10-17 11:02:06,581 | INFO  | OMAudit | user=runner | ip=127.0.0.1 | op=READ_VOLUME {"volume":"c11564ec-5aca-4282-8b81-7cdb00535caa"} | ret=SUCCESS |  
2025-10-17 11:02:06,582 | INFO  | OMAudit | user=runner | ip=127.0.0.1 | op=READ_BUCKET {"volume":"c11564ec-5aca-4282-8b81-7cdb00535caa","bucket":"ec3850e9-0002-43b9-921e-87f397880f29"} | ret=SUCCESS |  
2025-10-17 11:02:06,583 | INFO  | OMAudit | user=runner | ip=127.0.0.1 | op=READ_BUCKET {"volume":"c11564ec-5aca-4282-8b81-7cdb00535caa","bucket":"ec3850e9-0002-43b9-921e-87f397880f29"} | ret=SUCCESS |  
2025-10-17 11:02:06,584 | INFO  | SCMAudit | user=runner | ip=127.0.0.1 | op=ALLOCATE_BLOCK {"replication":"EC{rs-3-2-1024k}","owner":"omServiceIdDefault","size":"4194304","sampleBlocks":"[conID: 23 locID: 115816896921600121]","num":"1","client":"","allocated":"1"} | ret=SUCCESS |  
2025-10-17 11:02:06,587 | INFO  | OMAudit | user=runner | ip=127.0.0.1 | op=ALLOCATE_KEY {"volume":"c11564ec-5aca-4282-8b81-7cdb00535caa","bucket":"ec3850e9-0002-43b9-921e-87f397880f29","key":"14228846-d7ca-41ed-9f25-7b30c288c361","dataSize":"8388609","replicationType":"EC","replicationConfig":"rs-3-2-1048576","Transaction":"368"} | ret=SUCCESS |  
2025-10-17 11:02:06,589 | INFO  | OMAudit | user=runner | ip=127.0.0.1 | op=READ_VOLUME {"volume":"c11564ec-5aca-4282-8b81-7cdb00535caa"} | ret=SUCCESS |  
2025-10-17 11:02:06,590 | INFO  | OMAudit | user=runner | ip=127.0.0.1 | op=READ_BUCKET {"volume":"c11564ec-5aca-4282-8b81-7cdb00535caa","bucket":"ec3850e9-0002-43b9-921e-87f397880f29"} | ret=SUCCESS |  
2025-10-17 11:02:06,656 | INFO  | OMAudit | user=runner | ip=127.0.0.1 | op=COMMIT_KEY {"volume":"c11564ec-5aca-4282-8b81-7cdb00535caa","bucket":"ec3850e9-0002-43b9-921e-87f397880f29","key":"14228846-d7ca-41ed-9f25-7b30c288c361","dataSize":"8388609","replicationType":"EC","replicationConfig":"rs-3-2-1048576","Transaction":"369"} | ret=SUCCESS |  
2025-10-17 11:02:06,658 | INFO  | OMAudit | user=runner | ip=127.0.0.1 | op=READ_VOLUME {"volume":"c11564ec-5aca-4282-8b81-7cdb00535caa"} | ret=SUCCESS |  
2025-10-17 11:02:06,659 | INFO  | OMAudit | user=runner | ip=127.0.0.1 | op=READ_BUCKET {"volume":"c11564ec-5aca-4282-8b81-7cdb00535caa","bucket":"ec3850e9-0002-43b9-921e-87f397880f29"} | ret=SUCCESS |  
2025-10-17 11:02:06,752 | INFO  | SCMAudit | user=runner | ip=127.0.0.1 | op=SEND_HEARTBEAT {"datanodeUUID":"dbd6f242-9b73-4bca-a110-3e2ec656b979","term":"2","command":"[]"} | ret=SUCCESS |  
2025-10-17 11:02:06,754 | INFO  | SCMAudit | user=runner | ip=127.0.0.1 | op=SEND_HEARTBEAT {"datanodeUUID":"ed6e9581-5875-4278-a8db-50829892434b","term":"2","command":"[]"} | ret=SUCCESS |  
2025-10-17 11:02:06,756 | INFO  | SCMAudit | user=runner | ip=127.0.0.1 | op=SEND_HEARTBEAT {"datanodeUUID":"b6f92338-e951-49df-a986-ea31ece96e9e","term":"2","command":"[]"} | ret=SUCCESS |  
2025-10-17 11:02:06,858 | INFO  | SCMAudit | user=runner | ip=127.0.0.1 | op=SEND_HEARTBEAT {"datanodeUUID":"a5293c95-44e9-4ea9-88ca-89089eac4b59","term":"2","command":"[]"} | ret=SUCCESS |  
2025-10-17 11:02:06,858 | INFO  | SCMAudit | user=runner | ip=127.0.0.1 | op=SEND_HEARTBEAT {"datanodeUUID":"b1eee25a-1fdf-4744-83c7-58e0513fce3b","term":"2","command":"[]"} | ret=SUCCESS |  
2025-10-17 11:02:06,858 | INFO  | SCMAudit | user=runner | ip=127.0.0.1 | op=SEND_HEARTBEAT {"datanodeUUID":"2b4cc429-f9c1-416c-9a38-6239a2e149ea","term":"2","command":"[]"} | ret=SUCCESS |  
2025-10-17 11:02:06,936 | INFO  | SCMAudit | user=runner | ip=127.0.0.1 | op=SEND_HEARTBEAT {"datanodeUUID":"3a11eef6-a527-493c-8ba3-ae39ecaefa56","term":"2","command":"[]"} | ret=SUCCESS |  
2025-10-17 11:02:07,027 | INFO  | SCMAudit | user=runner | ip=127.0.0.1 | op=SEND_HEARTBEAT {"datanodeUUID":"309ab1ff-9f5a-4058-8b2f-94d451ce5267","term":"2","command":"[]"} | ret=SUCCESS |  
2025-10-17 11:02:07,034 | INFO  | SCMAudit | user=runner | ip=127.0.0.1 | op=SEND_HEARTBEAT {"datanodeUUID":"b292b6be-9482-4c30-a3e0-c9f721931b72","term":"2","command":"[]"} | ret=SUCCESS |  
2025-10-17 11:02:07,123 [om1-KeyDeletingService#3] INFO  service.KeyDeletingService (KeyDeletingService.java:processKeyDeletes(151)) - Send 1 key(s) to SCM, first 1 keys: [PurgedKey{blockGroup=BlockGroup[groupID='/c11564ec-5aca-4282-8b81-7cdb00535caa/ec3850e9-0002-43b9-921e-87f397880f29/14228846-d7ca-41ed-9f25-7b30c288c361/-9223372036854681344/0', blockIDs=[conID: 27 locID: 115816896921600120 bcsId: 0 replicaIndex: null]], volume='c11564ec-5aca-4282-8b81-7cdb00535caa', bucket='ec3850e9-0002-43b9-921e-87f397880f29', bucketId=-9223372036854682368, purgedBytes=14680065, isCommittedKey=true, deleteKeyName='/c11564ec-5aca-4282-8b81-7cdb00535caa/ec3850e9-0002-43b9-921e-87f397880f29/14228846-d7ca-41ed-9f25-7b30c288c361/-9223372036854681344'}]
2025-10-17 11:02:07,125 | INFO  | SCMAudit | user=runner | ip=127.0.0.1 | op=DELETE_KEY_BLOCK {"KeyBlockToDelete":"[BlockGroup[groupID='/c11564ec-5aca-4282-8b81-7cdb00535caa/ec3850e9-0002-43b9-921e-87f397880f29/14228846-d7ca-41ed-9f25-7b30c288c361/-9223372036854681344/0', blockIDs=[conID: 27 locID: 115816896921600120 bcsId: 0 replicaIndex: null]]]"} | ret=SUCCESS |  
2025-10-17 11:02:07,125 [om1-KeyDeletingService#3] INFO  service.KeyDeletingService (KeyDeletingService.java:processKeyDeletes(158)) - 1 BlockGroup deletion are acked by SCM in 2 ms
2025-10-17 11:02:07,127 [om1-KeyDeletingService#3] INFO  service.KeyDeletingService (KeyDeletingService.java:processKeyDeletes(166)) - Blocks for 1 (out of 1) keys are deleted from DB in 1 ms. Limit per task is 50000.
2025-10-17 11:02:07,213 | INFO  | SCMAudit | user=runner | ip=127.0.0.1 | op=SEND_HEARTBEAT {"datanodeUUID":"50dccd39-549f-4f43-8b1f-597bf98f9c16","term":"2","command":"[]"} | ret=SUCCESS |  
2025-10-17 11:02:07,218 | INFO  | SCMAudit | user=runner | ip=127.0.0.1 | op=SEND_HEARTBEAT {"datanodeUUID":"28c08cd4-c049-4c66-8210-e254cf68b291","term":"2","command":"[]"} | ret=SUCCESS |  
2025-10-17 11:02:07,226 | INFO  | SCMAudit | user=runner | ip=127.0.0.1 | op=SEND_HEARTBEAT {"datanodeUUID":"99c47355-c013-4450-a734-aff6d3c99677","term":"2","command":"[]"} | ret=SUCCESS |  
2025-10-17 11:02:07,230 | INFO  | SCMAudit | user=runner | ip=127.0.0.1 | op=SEND_HEARTBEAT {"datanodeUUID":"718bfa29-2c47-4ab5-ac61-3dfe9c6b9d5c","term":"2","command":"[]"} | ret=SUCCESS |  
2025-10-17 11:02:07,233 | INFO  | SCMAudit | user=runner | ip=127.0.0.1 | op=SEND_HEARTBEAT {"datanodeUUID":"7995ae7b-77ec-4e72-809d-814459f62ee0","term":"2","command":"[]"} | ret=SUCCESS |  
2025-10-17 11:02:07,660 | INFO  | OMAudit | user=runner | ip=127.0.0.1 | op=READ_VOLUME {"volume":"c11564ec-5aca-4282-8b81-7cdb00535caa"} | ret=SUCCESS |  
2025-10-17 11:02:07,662 | INFO  | OMAudit | user=runner | ip=127.0.0.1 | op=READ_BUCKET {"volume":"c11564ec-5aca-4282-8b81-7cdb00535caa","bucket":"ec3850e9-0002-43b9-921e-87f397880f29"} | ret=SUCCESS |  
2025-10-17 11:02:07,664 | INFO  | OMAudit | user=runner | ip=127.0.0.1 | op=DELETE_KEY {"volume":"c11564ec-5aca-4282-8b81-7cdb00535caa","bucket":"ec3850e9-0002-43b9-921e-87f397880f29","key":"14228846-d7ca-41ed-9f25-7b30c288c361","dataSize":"8388609","replicationConfig":"EC{rs-3-2-1024k}","Transaction":"371"} | ret=SUCCESS |  
2025-10-17 11:02:07,665 | INFO  | OMAudit | user=runner | ip=127.0.0.1 | op=READ_VOLUME {"volume":"c11564ec-5aca-4282-8b81-7cdb00535caa"} | ret=SUCCESS |  
2025-10-17 11:02:07,666 | INFO  | OMAudit | user=runner | ip=127.0.0.1 | op=READ_BUCKET {"volume":"c11564ec-5aca-4282-8b81-7cdb00535caa","bucket":"ec3850e9-0002-43b9-921e-87f397880f29"} | ret=SUCCESS |  
2025-10-17 11:02:07,752 | INFO  | SCMAudit | user=runner | ip=127.0.0.1 | op=SEND_HEARTBEAT {"datanodeUUID":"dbd6f242-9b73-4bca-a110-3e2ec656b979","term":"2","command":"[]"} | ret=SUCCESS |  
2025-10-17 11:02:07,754 | INFO  | SCMAudit | user=runner | ip=127.0.0.1 | op=SEND_HEARTBEAT {"datanodeUUID":"ed6e9581-5875-4278-a8db-50829892434b","term":"2","command":"[]"} | ret=SUCCESS |  
2025-10-17 11:02:07,756 | INFO  | SCMAudit | user=runner | ip=127.0.0.1 | op=SEND_HEARTBEAT {"datanodeUUID":"b6f92338-e951-49df-a986-ea31ece96e9e","term":"2","command":"[]"} | ret=SUCCESS |  
2025-10-17 11:02:07,858 | INFO  | SCMAudit | user=runner | ip=127.0.0.1 | op=SEND_HEARTBEAT {"datanodeUUID":"2b4cc429-f9c1-416c-9a38-6239a2e149ea","term":"2","command":"[]"} | ret=SUCCESS |  
2025-10-17 11:02:07,858 | INFO  | SCMAudit | user=runner | ip=127.0.0.1 | op=SEND_HEARTBEAT {"datanodeUUID":"a5293c95-44e9-4ea9-88ca-89089eac4b59","term":"2","command":"[]"} | ret=SUCCESS |  
2025-10-17 11:02:07,858 | INFO  | SCMAudit | user=runner | ip=127.0.0.1 | op=SEND_HEARTBEAT {"datanodeUUID":"b1eee25a-1fdf-4744-83c7-58e0513fce3b","term":"2","command":"[]"} | ret=SUCCESS |  
2025-10-17 11:02:07,935 | INFO  | SCMAudit | user=runner | ip=127.0.0.1 | op=SEND_HEARTBEAT {"datanodeUUID":"3a11eef6-a527-493c-8ba3-ae39ecaefa56","term":"2","command":"[]"} | ret=SUCCESS |  
2025-10-17 11:02:08,027 | INFO  | SCMAudit | user=runner | ip=127.0.0.1 | op=SEND_HEARTBEAT {"datanodeUUID":"309ab1ff-9f5a-4058-8b2f-94d451ce5267","term":"2","command":"[]"} | ret=SUCCESS |  
2025-10-17 11:02:08,034 | INFO  | SCMAudit | user=runner | ip=127.0.0.1 | op=SEND_HEARTBEAT {"datanodeUUID":"b292b6be-9482-4c30-a3e0-c9f721931b72","term":"2","command":"[]"} | ret=SUCCESS |  
2025-10-17 11:02:08,124 [om1-KeyDeletingService#4] INFO  service.KeyDeletingService (KeyDeletingService.java:processKeyDeletes(151)) - Send 1 key(s) to SCM, first 1 keys: [PurgedKey{blockGroup=BlockGroup[groupID='/c11564ec-5aca-4282-8b81-7cdb00535caa/ec3850e9-0002-43b9-921e-87f397880f29/14228846-d7ca-41ed-9f25-7b30c288c361/-9223372036854682111/0', blockIDs=[conID: 23 locID: 115816896921600121 bcsId: 0 replicaIndex: null]], volume='c11564ec-5aca-4282-8b81-7cdb00535caa', bucket='ec3850e9-0002-43b9-921e-87f397880f29', bucketId=-9223372036854682368, purgedBytes=14680065, isCommittedKey=true, deleteKeyName='/c11564ec-5aca-4282-8b81-7cdb00535caa/ec3850e9-0002-43b9-921e-87f397880f29/14228846-d7ca-41ed-9f25-7b30c288c361/-9223372036854682111'}]
2025-10-17 11:02:08,125 | INFO  | SCMAudit | user=runner | ip=127.0.0.1 | op=DELETE_KEY_BLOCK {"KeyBlockToDelete":"[BlockGroup[groupID='/c11564ec-5aca-4282-8b81-7cdb00535caa/ec3850e9-0002-43b9-921e-87f397880f29/14228846-d7ca-41ed-9f25-7b30c288c361/-9223372036854682111/0', blockIDs=[conID: 23 locID: 115816896921600121 bcsId: 0 replicaIndex: null]]]"} | ret=SUCCESS |  
2025-10-17 11:02:08,125 [om1-KeyDeletingService#4] INFO  service.KeyDeletingService (KeyDeletingService.java:processKeyDeletes(158)) - 1 BlockGroup deletion are acked by SCM in 2 ms
2025-10-17 11:02:08,127 [om1-KeyDeletingService#4] INFO  service.KeyDeletingService (KeyDeletingService.java:processKeyDeletes(166)) - Blocks for 1 (out of 1) keys are deleted from DB in 1 ms. Limit per task is 50000.
2025-10-17 11:02:08,213 | INFO  | SCMAudit | user=runner | ip=127.0.0.1 | op=SEND_HEARTBEAT {"datanodeUUID":"50dccd39-549f-4f43-8b1f-597bf98f9c16","term":"2","command":"[]"} | ret=SUCCESS |  
2025-10-17 11:02:08,218 | INFO  | SCMAudit | user=runner | ip=127.0.0.1 | op=SEND_HEARTBEAT {"datanodeUUID":"28c08cd4-c049-4c66-8210-e254cf68b291","term":"2","command":"[]"} | ret=SUCCESS |  
2025-10-17 11:02:08,226 | INFO  | SCMAudit | user=runner | ip=127.0.0.1 | op=SEND_HEARTBEAT {"datanodeUUID":"99c47355-c013-4450-a734-aff6d3c99677","term":"2","command":"[]"} | ret=SUCCESS |  
2025-10-17 11:02:08,229 | INFO  | SCMAudit | user=runner | ip=127.0.0.1 | op=SEND_HEARTBEAT {"datanodeUUID":"718bfa29-2c47-4ab5-ac61-3dfe9c6b9d5c","term":"2","command":"[]"} | ret=SUCCESS |  
2025-10-17 11:02:08,233 | INFO  | SCMAudit | user=runner | ip=127.0.0.1 | op=SEND_HEARTBEAT {"datanodeUUID":"7995ae7b-77ec-4e72-809d-814459f62ee0","term":"2","command":"[]"} | ret=SUCCESS |  
2025-10-17 11:02:08,667 | INFO  | OMAudit | user=runner | ip=127.0.0.1 | op=READ_VOLUME {"volume":"c11564ec-5aca-4282-8b81-7cdb00535caa"} | ret=SUCCESS |  
2025-10-17 11:02:08,668 | INFO  | OMAudit | user=runner | ip=127.0.0.1 | op=READ_BUCKET {"volume":"c11564ec-5aca-4282-8b81-7cdb00535caa","bucket":"ec3850e9-0002-43b9-921e-87f397880f29"} | ret=SUCCESS |  
2025-10-17 11:02:08,669 [ForkJoinPool-1-worker-1] INFO  rpc.RpcClient (RpcClient.java:createVolume(461)) - Creating Volume: 30898095-641e-41d6-86bd-aeb9e4b257bc, with runner as owner and space quota set to -1 bytes, counts quota set to -1
2025-10-17 11:02:08,671 [om1-OMStateMachineApplyTransactionThread - 0] INFO  volume.OMVolumeCreateRequest (OMVolumeCreateRequest.java:validateAndUpdateCache(213)) - created volume:30898095-641e-41d6-86bd-aeb9e4b257bc for user:runner
2025-10-17 11:02:08,671 | INFO  | OMAudit | user=runner | ip=127.0.0.1 | op=CREATE_VOLUME {"admin":"runner","owner":"runner","volume":"30898095-641e-41d6-86bd-aeb9e4b257bc","creationTime":"1760698928670","modificationTime":"1760698928670","quotaInBytes":"-1","quotaInNamespace":"-1","usedNamespace":"0","objectID":"-9223372036854680320","updateID":"373","Transaction":"373"} | ret=SUCCESS |  
2025-10-17 11:02:08,672 | INFO  | OMAudit | user=runner | ip=127.0.0.1 | op=READ_VOLUME {"volume":"30898095-641e-41d6-86bd-aeb9e4b257bc"} | ret=SUCCESS |  
2025-10-17 11:02:08,672 [ForkJoinPool-1-worker-1] INFO  rpc.RpcClient (RpcClient.java:createBucket(686)) - Creating Bucket: 30898095-641e-41d6-86bd-aeb9e4b257bc/95a9dac6-b815-4317-a772-99f23eb12b9e, with server-side default bucket layout, runner as owner, Versioning false, Storage Type set to DISK and Encryption set to false, Replication Type set to server-side default replication type, Namespace Quota set to -1, Space Quota set to -1 
2025-10-17 11:02:08,674 [om1-OMStateMachineApplyTransactionThread - 0] INFO  bucket.OMBucketCreateRequest (OMBucketCreateRequest.java:validateAndUpdateCache(303)) - created bucket: 95a9dac6-b815-4317-a772-99f23eb12b9e of layout FILE_SYSTEM_OPTIMIZED in volume: 30898095-641e-41d6-86bd-aeb9e4b257bc
2025-10-17 11:02:08,674 | INFO  | OMAudit | user=runner | ip=127.0.0.1 | op=CREATE_BUCKET {"volume":"30898095-641e-41d6-86bd-aeb9e4b257bc","bucket":"95a9dac6-b815-4317-a772-99f23eb12b9e","bucketLayout":"FILE_SYSTEM_OPTIMIZED","gdprEnabled":null,"acls":"[user:runner:a[ACCESS], group:runner:rl[ACCESS]]","isVersionEnabled":"false","storageType":"DISK","creationTime":"1760698928673","bucketEncryptionKey":null,"modificationTime":"1760698928673","usedBytes":"0","usedNamespace":"0","snapshotUsedBytes":"0","snapshotUsedNamespace":"0","owner":"runner","replicationType":null,"replicationConfig":null,"quotaInBytes":"-1","quotaInNamespace":"-1","Transaction":"374"} | ret=SUCCESS |  
2025-10-17 11:02:08,675 | INFO  | OMAudit | user=runner | ip=127.0.0.1 | op=READ_BUCKET {"volume":"30898095-641e-41d6-86bd-aeb9e4b257bc","bucket":"95a9dac6-b815-4317-a772-99f23eb12b9e"} | ret=SUCCESS |  
2025-10-17 11:02:08,677 | INFO  | OMAudit | user=runner | ip=127.0.0.1 | op=READ_BUCKET {"volume":"30898095-641e-41d6-86bd-aeb9e4b257bc","bucket":"95a9dac6-b815-4317-a772-99f23eb12b9e"} | ret=SUCCESS |  
2025-10-17 11:02:08,677 | INFO  | SCMAudit | user=runner | ip=127.0.0.1 | op=ALLOCATE_BLOCK {"replication":"EC{rs-3-2-1024k}","owner":"omServiceIdDefault","size":"4194304","sampleBlocks":"[conID: 24 locID: 115816896921600122]","num":"1","client":"","allocated":"1"} | ret=SUCCESS |  
2025-10-17 11:02:08,680 | INFO  | OMAudit | user=runner | ip=127.0.0.1 | op=ALLOCATE_KEY {"volume":"30898095-641e-41d6-86bd-aeb9e4b257bc","bucket":"95a9dac6-b815-4317-a772-99f23eb12b9e","key":"95fc10b4-c280-4ff4-bddf-f93d3a294687","dataSize":"12582912","replicationType":"EC","replicationConfig":"rs-3-2-1048576","Transaction":"375"} | ret=SUCCESS |  
2025-10-17 11:02:08,681 | INFO  | OMAudit | user=runner | ip=127.0.0.1 | op=READ_VOLUME {"volume":"30898095-641e-41d6-86bd-aeb9e4b257bc"} | ret=SUCCESS |  
2025-10-17 11:02:08,682 | INFO  | OMAudit | user=runner | ip=127.0.0.1 | op=READ_BUCKET {"volume":"30898095-641e-41d6-86bd-aeb9e4b257bc","bucket":"95a9dac6-b815-4317-a772-99f23eb12b9e"} | ret=SUCCESS |  
2025-10-17 11:02:08,751 | INFO  | SCMAudit | user=runner | ip=127.0.0.1 | op=SEND_HEARTBEAT {"datanodeUUID":"dbd6f242-9b73-4bca-a110-3e2ec656b979","term":"2","command":"[]"} | ret=SUCCESS |  
2025-10-17 11:02:08,755 | INFO  | SCMAudit | user=runner | ip=127.0.0.1 | op=SEND_HEARTBEAT {"datanodeUUID":"ed6e9581-5875-4278-a8db-50829892434b","term":"2","command":"[]"} | ret=SUCCESS |  
2025-10-17 11:02:08,756 | INFO  | SCMAudit | user=runner | ip=127.0.0.1 | op=SEND_HEARTBEAT {"datanodeUUID":"b6f92338-e951-49df-a986-ea31ece96e9e","term":"2","command":"[]"} | ret=SUCCESS |  
2025-10-17 11:02:08,858 | INFO  | SCMAudit | user=runner | ip=127.0.0.1 | op=SEND_HEARTBEAT {"datanodeUUID":"b1eee25a-1fdf-4744-83c7-58e0513fce3b","term":"2","command":"[]"} | ret=SUCCESS |  
2025-10-17 11:02:08,858 | INFO  | SCMAudit | user=runner | ip=127.0.0.1 | op=SEND_HEARTBEAT {"datanodeUUID":"a5293c95-44e9-4ea9-88ca-89089eac4b59","term":"2","command":"[]"} | ret=SUCCESS |  
2025-10-17 11:02:08,859 | INFO  | SCMAudit | user=runner | ip=127.0.0.1 | op=SEND_HEARTBEAT {"datanodeUUID":"2b4cc429-f9c1-416c-9a38-6239a2e149ea","term":"2","command":"[]"} | ret=SUCCESS |  
2025-10-17 11:02:08,935 | INFO  | SCMAudit | user=runner | ip=127.0.0.1 | op=SEND_HEARTBEAT {"datanodeUUID":"3a11eef6-a527-493c-8ba3-ae39ecaefa56","term":"2","command":"[]"} | ret=SUCCESS |  
2025-10-17 11:02:09,027 | INFO  | SCMAudit | user=runner | ip=127.0.0.1 | op=SEND_HEARTBEAT {"datanodeUUID":"309ab1ff-9f5a-4058-8b2f-94d451ce5267","term":"2","command":"[]"} | ret=SUCCESS |  
2025-10-17 11:02:09,034 | INFO  | SCMAudit | user=runner | ip=127.0.0.1 | op=SEND_HEARTBEAT {"datanodeUUID":"b292b6be-9482-4c30-a3e0-c9f721931b72","term":"2","command":"[]"} | ret=SUCCESS |  
2025-10-17 11:02:09,214 | INFO  | SCMAudit | user=runner | ip=127.0.0.1 | op=SEND_HEARTBEAT {"datanodeUUID":"50dccd39-549f-4f43-8b1f-597bf98f9c16","term":"2","command":"[]"} | ret=SUCCESS |  
2025-10-17 11:02:09,218 | INFO  | SCMAudit | user=runner | ip=127.0.0.1 | op=SEND_HEARTBEAT {"datanodeUUID":"28c08cd4-c049-4c66-8210-e254cf68b291","term":"2","command":"[]"} | ret=SUCCESS |  
2025-10-17 11:02:09,226 | INFO  | SCMAudit | user=runner | ip=127.0.0.1 | op=SEND_HEARTBEAT {"datanodeUUID":"99c47355-c013-4450-a734-aff6d3c99677","term":"2","command":"[]"} | ret=SUCCESS |  
2025-10-17 11:02:09,230 | INFO  | SCMAudit | user=runner | ip=127.0.0.1 | op=SEND_HEARTBEAT {"datanodeUUID":"718bfa29-2c47-4ab5-ac61-3dfe9c6b9d5c","term":"2","command":"[]"} | ret=SUCCESS |  
2025-10-17 11:02:09,232 | INFO  | SCMAudit | user=runner | ip=127.0.0.1 | op=SEND_HEARTBEAT {"datanodeUUID":"7995ae7b-77ec-4e72-809d-814459f62ee0","term":"2","command":"[]"} | ret=SUCCESS |  
2025-10-17 11:02:09,751 | INFO  | SCMAudit | user=runner | ip=127.0.0.1 | op=SEND_HEARTBEAT {"datanodeUUID":"dbd6f242-9b73-4bca-a110-3e2ec656b979","term":"2","command":"[]"} | ret=SUCCESS |  
2025-10-17 11:02:09,754 | INFO  | SCMAudit | user=runner | ip=127.0.0.1 | op=SEND_HEARTBEAT {"datanodeUUID":"ed6e9581-5875-4278-a8db-50829892434b","term":"2","command":"[]"} | ret=SUCCESS |  
2025-10-17 11:02:09,756 | INFO  | SCMAudit | user=runner | ip=127.0.0.1 | op=SEND_HEARTBEAT {"datanodeUUID":"b6f92338-e951-49df-a986-ea31ece96e9e","term":"2","command":"[]"} | ret=SUCCESS |  
2025-10-17 11:02:09,858 | INFO  | SCMAudit | user=runner | ip=127.0.0.1 | op=SEND_HEARTBEAT {"datanodeUUID":"b1eee25a-1fdf-4744-83c7-58e0513fce3b","term":"2","command":"[]"} | ret=SUCCESS |  
2025-10-17 11:02:09,858 | INFO  | SCMAudit | user=runner | ip=127.0.0.1 | op=SEND_HEARTBEAT {"datanodeUUID":"a5293c95-44e9-4ea9-88ca-89089eac4b59","term":"2","command":"[]"} | ret=SUCCESS |  
2025-10-17 11:02:09,858 | INFO  | SCMAudit | user=runner | ip=127.0.0.1 | op=SEND_HEARTBEAT {"datanodeUUID":"2b4cc429-f9c1-416c-9a38-6239a2e149ea","term":"2","command":"[]"} | ret=SUCCESS |  
2025-10-17 11:02:09,935 | INFO  | SCMAudit | user=runner | ip=127.0.0.1 | op=SEND_HEARTBEAT {"datanodeUUID":"3a11eef6-a527-493c-8ba3-ae39ecaefa56","term":"2","command":"[]"} | ret=SUCCESS |  
2025-10-17 11:02:10,027 | INFO  | SCMAudit | user=runner | ip=127.0.0.1 | op=SEND_HEARTBEAT {"datanodeUUID":"309ab1ff-9f5a-4058-8b2f-94d451ce5267","term":"2","command":"[]"} | ret=SUCCESS |  
2025-10-17 11:02:10,035 | INFO  | SCMAudit | user=runner | ip=127.0.0.1 | op=SEND_HEARTBEAT {"datanodeUUID":"b292b6be-9482-4c30-a3e0-c9f721931b72","term":"2","command":"[]"} | ret=SUCCESS |  
2025-10-17 11:02:10,214 | INFO  | SCMAudit | user=runner | ip=127.0.0.1 | op=SEND_HEARTBEAT {"datanodeUUID":"50dccd39-549f-4f43-8b1f-597bf98f9c16","term":"2","command":"[]"} | ret=SUCCESS |  
2025-10-17 11:02:10,218 | INFO  | SCMAudit | user=runner | ip=127.0.0.1 | op=SEND_HEARTBEAT {"datanodeUUID":"28c08cd4-c049-4c66-8210-e254cf68b291","term":"2","command":"[]"} | ret=SUCCESS |  
2025-10-17 11:02:10,226 | INFO  | SCMAudit | user=runner | ip=127.0.0.1 | op=SEND_HEARTBEAT {"datanodeUUID":"99c47355-c013-4450-a734-aff6d3c99677","term":"2","command":"[]"} | ret=SUCCESS |  
2025-10-17 11:02:10,230 | INFO  | SCMAudit | user=runner | ip=127.0.0.1 | op=SEND_HEARTBEAT {"datanodeUUID":"718bfa29-2c47-4ab5-ac61-3dfe9c6b9d5c","term":"2","command":"[]"} | ret=SUCCESS |  
2025-10-17 11:02:10,233 | INFO  | SCMAudit | user=runner | ip=127.0.0.1 | op=SEND_HEARTBEAT {"datanodeUUID":"7995ae7b-77ec-4e72-809d-814459f62ee0","term":"2","command":"[]"} | ret=SUCCESS |  
2025-10-17 11:02:10,751 | INFO  | SCMAudit | user=runner | ip=127.0.0.1 | op=SEND_HEARTBEAT {"datanodeUUID":"dbd6f242-9b73-4bca-a110-3e2ec656b979","term":"2","command":"[]"} | ret=SUCCESS |  
2025-10-17 11:02:10,754 | INFO  | SCMAudit | user=runner | ip=127.0.0.1 | op=SEND_HEARTBEAT {"datanodeUUID":"ed6e9581-5875-4278-a8db-50829892434b","term":"2","command":"[]"} | ret=SUCCESS |  
2025-10-17 11:02:10,755 | INFO  | SCMAudit | user=runner | ip=127.0.0.1 | op=SEND_HEARTBEAT {"datanodeUUID":"b6f92338-e951-49df-a986-ea31ece96e9e","term":"2","command":"[]"} | ret=SUCCESS |  
2025-10-17 11:02:10,858 | INFO  | SCMAudit | user=runner | ip=127.0.0.1 | op=SEND_HEARTBEAT {"datanodeUUID":"a5293c95-44e9-4ea9-88ca-89089eac4b59","term":"2","command":"[]"} | ret=SUCCESS |  
2025-10-17 11:02:10,858 | INFO  | SCMAudit | user=runner | ip=127.0.0.1 | op=SEND_HEARTBEAT {"datanodeUUID":"2b4cc429-f9c1-416c-9a38-6239a2e149ea","term":"2","command":"[]"} | ret=SUCCESS |  
2025-10-17 11:02:10,858 | INFO  | SCMAudit | user=runner | ip=127.0.0.1 | op=SEND_HEARTBEAT {"datanodeUUID":"b1eee25a-1fdf-4744-83c7-58e0513fce3b","term":"2","command":"[]"} | ret=SUCCESS |  
2025-10-17 11:02:10,935 | INFO  | SCMAudit | user=runner | ip=127.0.0.1 | op=SEND_HEARTBEAT {"datanodeUUID":"3a11eef6-a527-493c-8ba3-ae39ecaefa56","term":"2","command":"[]"} | ret=SUCCESS |  
2025-10-17 11:02:11,027 | INFO  | SCMAudit | user=runner | ip=127.0.0.1 | op=SEND_HEARTBEAT {"datanodeUUID":"309ab1ff-9f5a-4058-8b2f-94d451ce5267","term":"2","command":"[]"} | ret=SUCCESS |  
2025-10-17 11:02:11,035 | INFO  | SCMAudit | user=runner | ip=127.0.0.1 | op=SEND_HEARTBEAT {"datanodeUUID":"b292b6be-9482-4c30-a3e0-c9f721931b72","term":"2","command":"[]"} | ret=SUCCESS |  
2025-10-17 11:02:11,214 | INFO  | SCMAudit | user=runner | ip=127.0.0.1 | op=SEND_HEARTBEAT {"datanodeUUID":"50dccd39-549f-4f43-8b1f-597bf98f9c16","term":"2","command":"[]"} | ret=SUCCESS |  
2025-10-17 11:02:11,218 | INFO  | SCMAudit | user=runner | ip=127.0.0.1 | op=SEND_HEARTBEAT {"datanodeUUID":"28c08cd4-c049-4c66-8210-e254cf68b291","term":"2","command":"[]"} | ret=SUCCESS |  
2025-10-17 11:02:11,226 | INFO  | SCMAudit | user=runner | ip=127.0.0.1 | op=SEND_HEARTBEAT {"datanodeUUID":"99c47355-c013-4450-a734-aff6d3c99677","term":"2","command":"[]"} | ret=SUCCESS |  
2025-10-17 11:02:11,230 | INFO  | SCMAudit | user=runner | ip=127.0.0.1 | op=SEND_HEARTBEAT {"datanodeUUID":"718bfa29-2c47-4ab5-ac61-3dfe9c6b9d5c","term":"2","command":"[]"} | ret=SUCCESS |  
2025-10-17 11:02:11,233 | INFO  | SCMAudit | user=runner | ip=127.0.0.1 | op=SEND_HEARTBEAT {"datanodeUUID":"7995ae7b-77ec-4e72-809d-814459f62ee0","term":"2","command":"[]"} | ret=SUCCESS |  
2025-10-17 11:02:11,692 [Thread-1326] WARN  grpc.GrpcUtil (GrpcUtil.java:shutdownManagedChannel(226)) - Timed out gracefully shutting down connection: ManagedChannelOrphanWrapper{delegate=ManagedChannelImpl{logId=740, target=127.0.0.1:15077}}. 
2025-10-17 11:02:11,694 [grpc-default-executor-4] WARN  server.GrpcClientProtocolService (LogUtils.java:warn(127)) - 2-UnorderedRequestStreamObserver2: onError: org.apache.ratis.thirdparty.io.grpc.StatusRuntimeException: CANCELLED: client cancelled
2025-10-17 11:02:11,715 | INFO  | ContainerLog | ID=24 | Index=4 | BCSID=0 | State=OPEN | Volume=/home/runner/work/ozone/ozone/hadoop-ozone/integration-test/target/test-dir/MiniOzoneClusterImpl-d1ffa5d3-3301-45c3-9f44-1ffa6967d237/ozone-metadata/datanode-13/data-0/hdds | DataChecksum=0 |  
2025-10-17 11:02:11,715 | INFO  | ContainerLog | ID=24 | Index=3 | BCSID=0 | State=OPEN | Volume=/home/runner/work/ozone/ozone/hadoop-ozone/integration-test/target/test-dir/MiniOzoneClusterImpl-d1ffa5d3-3301-45c3-9f44-1ffa6967d237/ozone-metadata/datanode-10/data-0/hdds | DataChecksum=0 |  
2025-10-17 11:02:11,715 | INFO  | ContainerLog | ID=24 | Index=2 | BCSID=0 | State=OPEN | Volume=/home/runner/work/ozone/ozone/hadoop-ozone/integration-test/target/test-dir/MiniOzoneClusterImpl-d1ffa5d3-3301-45c3-9f44-1ffa6967d237/ozone-metadata/datanode-5/data-0/hdds | DataChecksum=0 |  
2025-10-17 11:02:11,716 | INFO  | ContainerLog | ID=24 | Index=5 | BCSID=0 | State=OPEN | Volume=/home/runner/work/ozone/ozone/hadoop-ozone/integration-test/target/test-dir/MiniOzoneClusterImpl-d1ffa5d3-3301-45c3-9f44-1ffa6967d237/ozone-metadata/datanode-6/data-0/hdds | DataChecksum=0 |  
2025-10-17 11:02:11,716 | INFO  | ContainerLog | ID=24 | Index=1 | BCSID=0 | State=OPEN | Volume=/home/runner/work/ozone/ozone/hadoop-ozone/integration-test/target/test-dir/MiniOzoneClusterImpl-d1ffa5d3-3301-45c3-9f44-1ffa6967d237/ozone-metadata/datanode-3/data-0/hdds | DataChecksum=0 |  
2025-10-17 11:02:11,718 | INFO  | SCMAudit | user=runner | ip=127.0.0.1 | op=SEND_HEARTBEAT {"datanodeUUID":"2b4cc429-f9c1-416c-9a38-6239a2e149ea","term":"2","command":"[]"} | ret=SUCCESS |  
2025-10-17 11:02:11,718 | INFO  | SCMAudit | user=runner | ip=127.0.0.1 | op=SEND_HEARTBEAT {"datanodeUUID":"b1eee25a-1fdf-4744-83c7-58e0513fce3b","term":"2","command":"[]"} | ret=SUCCESS |  
2025-10-17 11:02:11,718 | INFO  | SCMAudit | user=runner | ip=127.0.0.1 | op=SEND_HEARTBEAT {"datanodeUUID":"b6f92338-e951-49df-a986-ea31ece96e9e","term":"2","command":"[]"} | ret=SUCCESS |  
2025-10-17 11:02:11,719 | INFO  | SCMAudit | user=runner | ip=127.0.0.1 | op=SEND_HEARTBEAT {"datanodeUUID":"28c08cd4-c049-4c66-8210-e254cf68b291","term":"2","command":"[]"} | ret=SUCCESS |  
2025-10-17 11:02:11,719 | INFO  | SCMAudit | user=runner | ip=127.0.0.1 | op=SEND_HEARTBEAT {"datanodeUUID":"b292b6be-9482-4c30-a3e0-c9f721931b72","term":"2","command":"[]"} | ret=SUCCESS |  
2025-10-17 11:02:11,753 | INFO  | SCMAudit | user=runner | ip=127.0.0.1 | op=SEND_HEARTBEAT {"datanodeUUID":"dbd6f242-9b73-4bca-a110-3e2ec656b979","term":"2","command":"[]"} | ret=SUCCESS |  
2025-10-17 11:02:11,756 | INFO  | SCMAudit | user=runner | ip=127.0.0.1 | op=SEND_HEARTBEAT {"datanodeUUID":"ed6e9581-5875-4278-a8db-50829892434b","term":"2","command":"[]"} | ret=SUCCESS |  
2025-10-17 11:02:11,775 | INFO  | OMAudit | user=runner | ip=127.0.0.1 | op=COMMIT_KEY {"volume":"30898095-641e-41d6-86bd-aeb9e4b257bc","bucket":"95a9dac6-b815-4317-a772-99f23eb12b9e","key":"95fc10b4-c280-4ff4-bddf-f93d3a294687","dataSize":"12582912","replicationType":"EC","replicationConfig":"rs-3-2-1048576","Transaction":"376"} | ret=SUCCESS |  
2025-10-17 11:02:11,776 | INFO  | OMAudit | user=runner | ip=127.0.0.1 | op=READ_VOLUME {"volume":"30898095-641e-41d6-86bd-aeb9e4b257bc"} | ret=SUCCESS |  
2025-10-17 11:02:11,777 | INFO  | OMAudit | user=runner | ip=127.0.0.1 | op=READ_BUCKET {"volume":"30898095-641e-41d6-86bd-aeb9e4b257bc","bucket":"95a9dac6-b815-4317-a772-99f23eb12b9e"} | ret=SUCCESS |  
2025-10-17 11:02:11,778 | INFO  | OMAudit | user=runner | ip=127.0.0.1 | op=READ_BUCKET {"volume":"30898095-641e-41d6-86bd-aeb9e4b257bc","bucket":"95a9dac6-b815-4317-a772-99f23eb12b9e"} | ret=SUCCESS |  
2025-10-17 11:02:11,779 | INFO  | SCMAudit | user=runner | ip=127.0.0.1 | op=ALLOCATE_BLOCK {"replication":"EC{rs-3-2-1024k}","owner":"omServiceIdDefault","size":"4194304","sampleBlocks":"[conID: 27 locID: 115816896921600123]","num":"1","client":"","allocated":"1"} | ret=SUCCESS |  
2025-10-17 11:02:11,782 | INFO  | OMAudit | user=runner | ip=127.0.0.1 | op=ALLOCATE_KEY {"volume":"30898095-641e-41d6-86bd-aeb9e4b257bc","bucket":"95a9dac6-b815-4317-a772-99f23eb12b9e","key":"95fc10b4-c280-4ff4-bddf-f93d3a294687","dataSize":"12582912","replicationType":"EC","replicationConfig":"rs-3-2-1048576","Transaction":"377"} | ret=SUCCESS |  
2025-10-17 11:02:11,784 | INFO  | OMAudit | user=runner | ip=127.0.0.1 | op=READ_VOLUME {"volume":"30898095-641e-41d6-86bd-aeb9e4b257bc"} | ret=SUCCESS |  
2025-10-17 11:02:11,785 | INFO  | OMAudit | user=runner | ip=127.0.0.1 | op=READ_BUCKET {"volume":"30898095-641e-41d6-86bd-aeb9e4b257bc","bucket":"95a9dac6-b815-4317-a772-99f23eb12b9e"} | ret=SUCCESS |  
2025-10-17 11:02:11,860 | INFO  | SCMAudit | user=runner | ip=127.0.0.1 | op=SEND_HEARTBEAT {"datanodeUUID":"a5293c95-44e9-4ea9-88ca-89089eac4b59","term":"2","command":"[]"} | ret=SUCCESS |  
2025-10-17 11:02:11,868 | INFO  | OMAudit | user=runner | ip=127.0.0.1 | op=COMMIT_KEY {"volume":"30898095-641e-41d6-86bd-aeb9e4b257bc","bucket":"95a9dac6-b815-4317-a772-99f23eb12b9e","key":"95fc10b4-c280-4ff4-bddf-f93d3a294687","dataSize":"12582912","replicationType":"EC","replicationConfig":"rs-3-2-1048576","Transaction":"378"} | ret=SUCCESS |  
2025-10-17 11:02:11,870 | INFO  | OMAudit | user=runner | ip=127.0.0.1 | op=READ_VOLUME {"volume":"30898095-641e-41d6-86bd-aeb9e4b257bc"} | ret=SUCCESS |  
2025-10-17 11:02:11,871 | INFO  | OMAudit | user=runner | ip=127.0.0.1 | op=READ_BUCKET {"volume":"30898095-641e-41d6-86bd-aeb9e4b257bc","bucket":"95a9dac6-b815-4317-a772-99f23eb12b9e"} | ret=SUCCESS |  
2025-10-17 11:02:11,935 | INFO  | SCMAudit | user=runner | ip=127.0.0.1 | op=SEND_HEARTBEAT {"datanodeUUID":"3a11eef6-a527-493c-8ba3-ae39ecaefa56","term":"2","command":"[]"} | ret=SUCCESS |  
2025-10-17 11:02:12,027 | INFO  | SCMAudit | user=runner | ip=127.0.0.1 | op=SEND_HEARTBEAT {"datanodeUUID":"309ab1ff-9f5a-4058-8b2f-94d451ce5267","term":"2","command":"[]"} | ret=SUCCESS |  
2025-10-17 11:02:12,124 [om1-KeyDeletingService#3] INFO  service.KeyDeletingService (KeyDeletingService.java:processKeyDeletes(151)) - Send 1 key(s) to SCM, first 1 keys: [PurgedKey{blockGroup=BlockGroup[groupID='/30898095-641e-41d6-86bd-aeb9e4b257bc/95a9dac6-b815-4317-a772-99f23eb12b9e/95fc10b4-c280-4ff4-bddf-f93d3a294687/-9223372036854679040/0', blockIDs=[conID: 24 locID: 115816896921600122 bcsId: 0 replicaIndex: null]], volume='30898095-641e-41d6-86bd-aeb9e4b257bc', bucket='95a9dac6-b815-4317-a772-99f23eb12b9e', bucketId=-9223372036854680064, purgedBytes=20971520, isCommittedKey=true, deleteKeyName='/30898095-641e-41d6-86bd-aeb9e4b257bc/95a9dac6-b815-4317-a772-99f23eb12b9e/95fc10b4-c280-4ff4-bddf-f93d3a294687/-9223372036854679040'}]
2025-10-17 11:02:12,126 | INFO  | SCMAudit | user=runner | ip=127.0.0.1 | op=DELETE_KEY_BLOCK {"KeyBlockToDelete":"[BlockGroup[groupID='/30898095-641e-41d6-86bd-aeb9e4b257bc/95a9dac6-b815-4317-a772-99f23eb12b9e/95fc10b4-c280-4ff4-bddf-f93d3a294687/-9223372036854679040/0', blockIDs=[conID: 24 locID: 115816896921600122 bcsId: 0 replicaIndex: null]]]"} | ret=SUCCESS |  
2025-10-17 11:02:12,127 [om1-KeyDeletingService#3] INFO  service.KeyDeletingService (KeyDeletingService.java:processKeyDeletes(158)) - 1 BlockGroup deletion are acked by SCM in 2 ms
2025-10-17 11:02:12,128 [om1-KeyDeletingService#3] INFO  service.KeyDeletingService (KeyDeletingService.java:processKeyDeletes(166)) - Blocks for 1 (out of 1) keys are deleted from DB in 2 ms. Limit per task is 50000.
2025-10-17 11:02:12,128 [om1-DirectoryDeletingService#4] INFO  utils.BackgroundService (AbstractKeyDeletingService.java:isPreviousPurgeTransactionFlushed(87)) - Skipping AOS processing since changes to deleted space of AOS have not been flushed to disk last Purge Transaction: 1#379, Flushed Disk Transaction: 1#378
2025-10-17 11:02:12,214 | INFO  | SCMAudit | user=runner | ip=127.0.0.1 | op=SEND_HEARTBEAT {"datanodeUUID":"50dccd39-549f-4f43-8b1f-597bf98f9c16","term":"2","command":"[]"} | ret=SUCCESS |  
2025-10-17 11:02:12,228 | INFO  | SCMAudit | user=runner | ip=127.0.0.1 | op=SEND_HEARTBEAT {"datanodeUUID":"99c47355-c013-4450-a734-aff6d3c99677","term":"2","command":"[]"} | ret=SUCCESS |  
2025-10-17 11:02:12,231 | INFO  | SCMAudit | user=runner | ip=127.0.0.1 | op=SEND_HEARTBEAT {"datanodeUUID":"718bfa29-2c47-4ab5-ac61-3dfe9c6b9d5c","term":"2","command":"[]"} | ret=SUCCESS |  
2025-10-17 11:02:12,233 | INFO  | SCMAudit | user=runner | ip=127.0.0.1 | op=SEND_HEARTBEAT {"datanodeUUID":"7995ae7b-77ec-4e72-809d-814459f62ee0","term":"2","command":"[]"} | ret=SUCCESS |  
2025-10-17 11:02:12,716 | INFO  | SCMAudit | user=runner | ip=127.0.0.1 | op=SEND_HEARTBEAT {"datanodeUUID":"b6f92338-e951-49df-a986-ea31ece96e9e","term":"2","command":"[]"} | ret=SUCCESS |  
2025-10-17 11:02:12,716 | INFO  | SCMAudit | user=runner | ip=127.0.0.1 | op=SEND_HEARTBEAT {"datanodeUUID":"28c08cd4-c049-4c66-8210-e254cf68b291","term":"2","command":"[]"} | ret=SUCCESS |  
2025-10-17 11:02:12,716 | INFO  | SCMAudit | user=runner | ip=127.0.0.1 | op=SEND_HEARTBEAT {"datanodeUUID":"b1eee25a-1fdf-4744-83c7-58e0513fce3b","term":"2","command":"[]"} | ret=SUCCESS |  
2025-10-17 11:02:12,717 | INFO  | SCMAudit | user=runner | ip=127.0.0.1 | op=SEND_HEARTBEAT {"datanodeUUID":"2b4cc429-f9c1-416c-9a38-6239a2e149ea","term":"2","command":"[]"} | ret=SUCCESS |  
2025-10-17 11:02:12,718 | INFO  | SCMAudit | user=runner | ip=127.0.0.1 | op=SEND_HEARTBEAT {"datanodeUUID":"b292b6be-9482-4c30-a3e0-c9f721931b72","term":"2","command":"[]"} | ret=SUCCESS |  
2025-10-17 11:02:12,752 | INFO  | SCMAudit | user=runner | ip=127.0.0.1 | op=SEND_HEARTBEAT {"datanodeUUID":"dbd6f242-9b73-4bca-a110-3e2ec656b979","term":"2","command":"[]"} | ret=SUCCESS |  
2025-10-17 11:02:12,755 | INFO  | SCMAudit | user=runner | ip=127.0.0.1 | op=SEND_HEARTBEAT {"datanodeUUID":"ed6e9581-5875-4278-a8db-50829892434b","term":"2","command":"[]"} | ret=SUCCESS |  
2025-10-17 11:02:12,859 | INFO  | SCMAudit | user=runner | ip=127.0.0.1 | op=SEND_HEARTBEAT {"datanodeUUID":"a5293c95-44e9-4ea9-88ca-89089eac4b59","term":"2","command":"[]"} | ret=SUCCESS |  
2025-10-17 11:02:12,872 | INFO  | OMAudit | user=runner | ip=127.0.0.1 | op=READ_VOLUME {"volume":"30898095-641e-41d6-86bd-aeb9e4b257bc"} | ret=SUCCESS |  
2025-10-17 11:02:12,873 | INFO  | OMAudit | user=runner | ip=127.0.0.1 | op=READ_BUCKET {"volume":"30898095-641e-41d6-86bd-aeb9e4b257bc","bucket":"95a9dac6-b815-4317-a772-99f23eb12b9e"} | ret=SUCCESS |  
2025-10-17 11:02:12,876 | INFO  | OMAudit | user=runner | ip=127.0.0.1 | op=DELETE_KEY {"volume":"30898095-641e-41d6-86bd-aeb9e4b257bc","bucket":"95a9dac6-b815-4317-a772-99f23eb12b9e","key":"95fc10b4-c280-4ff4-bddf-f93d3a294687","dataSize":"12582912","replicationConfig":"EC{rs-3-2-1024k}","Transaction":"380"} | ret=SUCCESS |  
2025-10-17 11:02:12,877 | INFO  | OMAudit | user=runner | ip=127.0.0.1 | op=READ_VOLUME {"volume":"30898095-641e-41d6-86bd-aeb9e4b257bc"} | ret=SUCCESS |  
2025-10-17 11:02:12,878 | INFO  | OMAudit | user=runner | ip=127.0.0.1 | op=READ_BUCKET {"volume":"30898095-641e-41d6-86bd-aeb9e4b257bc","bucket":"95a9dac6-b815-4317-a772-99f23eb12b9e"} | ret=SUCCESS |  
2025-10-17 11:02:12,935 | INFO  | SCMAudit | user=runner | ip=127.0.0.1 | op=SEND_HEARTBEAT {"datanodeUUID":"3a11eef6-a527-493c-8ba3-ae39ecaefa56","term":"2","command":"[]"} | ret=SUCCESS |  
2025-10-17 11:02:13,027 | INFO  | SCMAudit | user=runner | ip=127.0.0.1 | op=SEND_HEARTBEAT {"datanodeUUID":"309ab1ff-9f5a-4058-8b2f-94d451ce5267","term":"2","command":"[]"} | ret=SUCCESS |  
2025-10-17 11:02:13,124 [om1-KeyDeletingService#7] INFO  service.KeyDeletingService (KeyDeletingService.java:processKeyDeletes(151)) - Send 1 key(s) to SCM, first 1 keys: [PurgedKey{blockGroup=BlockGroup[groupID='/30898095-641e-41d6-86bd-aeb9e4b257bc/95a9dac6-b815-4317-a772-99f23eb12b9e/95fc10b4-c280-4ff4-bddf-f93d3a294687/-9223372036854679807/0', blockIDs=[conID: 27 locID: 115816896921600123 bcsId: 0 replicaIndex: null]], volume='30898095-641e-41d6-86bd-aeb9e4b257bc', bucket='95a9dac6-b815-4317-a772-99f23eb12b9e', bucketId=-9223372036854680064, purgedBytes=20971520, isCommittedKey=true, deleteKeyName='/30898095-641e-41d6-86bd-aeb9e4b257bc/95a9dac6-b815-4317-a772-99f23eb12b9e/95fc10b4-c280-4ff4-bddf-f93d3a294687/-9223372036854679807'}]
2025-10-17 11:02:13,126 | INFO  | SCMAudit | user=runner | ip=127.0.0.1 | op=DELETE_KEY_BLOCK {"KeyBlockToDelete":"[BlockGroup[groupID='/30898095-641e-41d6-86bd-aeb9e4b257bc/95a9dac6-b815-4317-a772-99f23eb12b9e/95fc10b4-c280-4ff4-bddf-f93d3a294687/-9223372036854679807/0', blockIDs=[conID: 27 locID: 115816896921600123 bcsId: 0 replicaIndex: null]]]"} | ret=SUCCESS |  
2025-10-17 11:02:13,127 [om1-KeyDeletingService#7] INFO  service.KeyDeletingService (KeyDeletingService.java:processKeyDeletes(158)) - 1 BlockGroup deletion are acked by SCM in 2 ms
2025-10-17 11:02:13,128 [om1-KeyDeletingService#7] INFO  service.KeyDeletingService (KeyDeletingService.java:processKeyDeletes(166)) - Blocks for 1 (out of 1) keys are deleted from DB in 2 ms. Limit per task is 50000.
2025-10-17 11:02:13,214 | INFO  | SCMAudit | user=runner | ip=127.0.0.1 | op=SEND_HEARTBEAT {"datanodeUUID":"50dccd39-549f-4f43-8b1f-597bf98f9c16","term":"2","command":"[]"} | ret=SUCCESS |  
2025-10-17 11:02:13,228 | INFO  | SCMAudit | user=runner | ip=127.0.0.1 | op=SEND_HEARTBEAT {"datanodeUUID":"99c47355-c013-4450-a734-aff6d3c99677","term":"2","command":"[]"} | ret=SUCCESS |  
2025-10-17 11:02:13,231 | INFO  | SCMAudit | user=runner | ip=127.0.0.1 | op=SEND_HEARTBEAT {"datanodeUUID":"718bfa29-2c47-4ab5-ac61-3dfe9c6b9d5c","term":"2","command":"[]"} | ret=SUCCESS |  
2025-10-17 11:02:13,233 | INFO  | SCMAudit | user=runner | ip=127.0.0.1 | op=SEND_HEARTBEAT {"datanodeUUID":"7995ae7b-77ec-4e72-809d-814459f62ee0","term":"2","command":"[]"} | ret=SUCCESS |  
2025-10-17 11:02:13,716 | INFO  | SCMAudit | user=runner | ip=127.0.0.1 | op=SEND_HEARTBEAT {"datanodeUUID":"b6f92338-e951-49df-a986-ea31ece96e9e","term":"2","command":"[]"} | ret=SUCCESS |  
2025-10-17 11:02:13,716 | INFO  | SCMAudit | user=runner | ip=127.0.0.1 | op=SEND_HEARTBEAT {"datanodeUUID":"28c08cd4-c049-4c66-8210-e254cf68b291","term":"2","command":"[]"} | ret=SUCCESS |  
2025-10-17 11:02:13,717 | INFO  | SCMAudit | user=runner | ip=127.0.0.1 | op=SEND_HEARTBEAT {"datanodeUUID":"2b4cc429-f9c1-416c-9a38-6239a2e149ea","term":"2","command":"[]"} | ret=SUCCESS |  
2025-10-17 11:02:13,717 | INFO  | SCMAudit | user=runner | ip=127.0.0.1 | op=SEND_HEARTBEAT {"datanodeUUID":"b1eee25a-1fdf-4744-83c7-58e0513fce3b","term":"2","command":"[]"} | ret=SUCCESS |  
2025-10-17 11:02:13,718 | INFO  | SCMAudit | user=runner | ip=127.0.0.1 | op=SEND_HEARTBEAT {"datanodeUUID":"b292b6be-9482-4c30-a3e0-c9f721931b72","term":"2","command":"[]"} | ret=SUCCESS |  
2025-10-17 11:02:13,752 | INFO  | SCMAudit | user=runner | ip=127.0.0.1 | op=SEND_HEARTBEAT {"datanodeUUID":"dbd6f242-9b73-4bca-a110-3e2ec656b979","term":"2","command":"[]"} | ret=SUCCESS |  
2025-10-17 11:02:13,755 | INFO  | SCMAudit | user=runner | ip=127.0.0.1 | op=SEND_HEARTBEAT {"datanodeUUID":"ed6e9581-5875-4278-a8db-50829892434b","term":"2","command":"[]"} | ret=SUCCESS |  
2025-10-17 11:02:13,859 | INFO  | SCMAudit | user=runner | ip=127.0.0.1 | op=SEND_HEARTBEAT {"datanodeUUID":"a5293c95-44e9-4ea9-88ca-89089eac4b59","term":"2","command":"[]"} | ret=SUCCESS |  
2025-10-17 11:02:13,879 | INFO  | OMAudit | user=runner | ip=127.0.0.1 | op=READ_VOLUME {"volume":"30898095-641e-41d6-86bd-aeb9e4b257bc"} | ret=SUCCESS |  
2025-10-17 11:02:13,880 | INFO  | OMAudit | user=runner | ip=127.0.0.1 | op=READ_BUCKET {"volume":"30898095-641e-41d6-86bd-aeb9e4b257bc","bucket":"95a9dac6-b815-4317-a772-99f23eb12b9e"} | ret=SUCCESS |  
2025-10-17 11:02:13,880 [ForkJoinPool-1-worker-1] INFO  rpc.RpcClient (RpcClient.java:createVolume(461)) - Creating Volume: 9018fca7-e950-4544-965d-485ed1dccecc, with runner as owner and space quota set to -1 bytes, counts quota set to -1
2025-10-17 11:02:13,882 [om1-OMStateMachineApplyTransactionThread - 0] INFO  volume.OMVolumeCreateRequest (OMVolumeCreateRequest.java:validateAndUpdateCache(213)) - created volume:9018fca7-e950-4544-965d-485ed1dccecc for user:runner
2025-10-17 11:02:13,882 | INFO  | OMAudit | user=runner | ip=127.0.0.1 | op=CREATE_VOLUME {"admin":"runner","owner":"runner","volume":"9018fca7-e950-4544-965d-485ed1dccecc","creationTime":"1760698933881","modificationTime":"1760698933881","quotaInBytes":"-1","quotaInNamespace":"-1","usedNamespace":"0","objectID":"-9223372036854678016","updateID":"382","Transaction":"382"} | ret=SUCCESS |  
2025-10-17 11:02:13,883 | INFO  | OMAudit | user=runner | ip=127.0.0.1 | op=READ_VOLUME {"volume":"9018fca7-e950-4544-965d-485ed1dccecc"} | ret=SUCCESS |  
2025-10-17 11:02:13,883 [ForkJoinPool-1-worker-1] INFO  rpc.RpcClient (RpcClient.java:createBucket(686)) - Creating Bucket: 9018fca7-e950-4544-965d-485ed1dccecc/dd546d7a-ee30-4eec-864e-55de38e954ee, with server-side default bucket layout, runner as owner, Versioning false, Storage Type set to DISK and Encryption set to false, Replication Type set to server-side default replication type, Namespace Quota set to -1, Space Quota set to -1 
2025-10-17 11:02:13,885 [om1-OMStateMachineApplyTransactionThread - 0] INFO  bucket.OMBucketCreateRequest (OMBucketCreateRequest.java:validateAndUpdateCache(303)) - created bucket: dd546d7a-ee30-4eec-864e-55de38e954ee of layout FILE_SYSTEM_OPTIMIZED in volume: 9018fca7-e950-4544-965d-485ed1dccecc
2025-10-17 11:02:13,885 | INFO  | OMAudit | user=runner | ip=127.0.0.1 | op=CREATE_BUCKET {"volume":"9018fca7-e950-4544-965d-485ed1dccecc","bucket":"dd546d7a-ee30-4eec-864e-55de38e954ee","bucketLayout":"FILE_SYSTEM_OPTIMIZED","gdprEnabled":null,"acls":"[user:runner:a[ACCESS], group:runner:rl[ACCESS]]","isVersionEnabled":"false","storageType":"DISK","creationTime":"1760698933884","bucketEncryptionKey":null,"modificationTime":"1760698933884","usedBytes":"0","usedNamespace":"0","snapshotUsedBytes":"0","snapshotUsedNamespace":"0","owner":"runner","replicationType":null,"replicationConfig":null,"quotaInBytes":"-1","quotaInNamespace":"-1","Transaction":"383"} | ret=SUCCESS |  
2025-10-17 11:02:13,886 | INFO  | OMAudit | user=runner | ip=127.0.0.1 | op=READ_BUCKET {"volume":"9018fca7-e950-4544-965d-485ed1dccecc","bucket":"dd546d7a-ee30-4eec-864e-55de38e954ee"} | ret=SUCCESS |  
2025-10-17 11:02:13,888 | INFO  | OMAudit | user=runner | ip=127.0.0.1 | op=READ_BUCKET {"volume":"9018fca7-e950-4544-965d-485ed1dccecc","bucket":"dd546d7a-ee30-4eec-864e-55de38e954ee"} | ret=SUCCESS |  
2025-10-17 11:02:13,889 | INFO  | SCMAudit | user=runner | ip=127.0.0.1 | op=ALLOCATE_BLOCK {"replication":"EC{rs-3-2-1024k}","owner":"omServiceIdDefault","size":"4194304","sampleBlocks":"[conID: 26 locID: 115816896921600124, conID: 24 locID: 115816896921600125]","num":"2","client":"","allocated":"2"} | ret=SUCCESS |  
2025-10-17 11:02:13,891 | INFO  | OMAudit | user=runner | ip=127.0.0.1 | op=ALLOCATE_KEY {"volume":"9018fca7-e950-4544-965d-485ed1dccecc","bucket":"dd546d7a-ee30-4eec-864e-55de38e954ee","key":"72635248-697e-4625-92f9-59f9585e262e","dataSize":"12582913","replicationType":"EC","replicationConfig":"rs-3-2-1048576","Transaction":"384"} | ret=SUCCESS |  
2025-10-17 11:02:13,893 | INFO  | OMAudit | user=runner | ip=127.0.0.1 | op=READ_VOLUME {"volume":"9018fca7-e950-4544-965d-485ed1dccecc"} | ret=SUCCESS |  
2025-10-17 11:02:13,894 | INFO  | OMAudit | user=runner | ip=127.0.0.1 | op=READ_BUCKET {"volume":"9018fca7-e950-4544-965d-485ed1dccecc","bucket":"dd546d7a-ee30-4eec-864e-55de38e954ee"} | ret=SUCCESS |  
2025-10-17 11:02:13,936 | INFO  | SCMAudit | user=runner | ip=127.0.0.1 | op=SEND_HEARTBEAT {"datanodeUUID":"3a11eef6-a527-493c-8ba3-ae39ecaefa56","term":"2","command":"[]"} | ret=SUCCESS |  
2025-10-17 11:02:13,986 | INFO  | OMAudit | user=runner | ip=127.0.0.1 | op=COMMIT_KEY {"volume":"9018fca7-e950-4544-965d-485ed1dccecc","bucket":"dd546d7a-ee30-4eec-864e-55de38e954ee","key":"72635248-697e-4625-92f9-59f9585e262e","dataSize":"12582913","replicationType":"EC","replicationConfig":"rs-3-2-1048576","Transaction":"385"} | ret=SUCCESS |  
2025-10-17 11:02:13,988 | INFO  | OMAudit | user=runner | ip=127.0.0.1 | op=READ_VOLUME {"volume":"9018fca7-e950-4544-965d-485ed1dccecc"} | ret=SUCCESS |  
2025-10-17 11:02:13,989 | INFO  | OMAudit | user=runner | ip=127.0.0.1 | op=READ_BUCKET {"volume":"9018fca7-e950-4544-965d-485ed1dccecc","bucket":"dd546d7a-ee30-4eec-864e-55de38e954ee"} | ret=SUCCESS |  
2025-10-17 11:02:13,990 | INFO  | OMAudit | user=runner | ip=127.0.0.1 | op=READ_BUCKET {"volume":"9018fca7-e950-4544-965d-485ed1dccecc","bucket":"dd546d7a-ee30-4eec-864e-55de38e954ee"} | ret=SUCCESS |  
2025-10-17 11:02:13,990 | INFO  | SCMAudit | user=runner | ip=127.0.0.1 | op=ALLOCATE_BLOCK {"replication":"EC{rs-3-2-1024k}","owner":"omServiceIdDefault","size":"4194304","sampleBlocks":"[conID: 24 locID: 115816896921600126, conID: 27 locID: 115816896921600127]","num":"2","client":"","allocated":"2"} | ret=SUCCESS |  
2025-10-17 11:02:13,993 | INFO  | OMAudit | user=runner | ip=127.0.0.1 | op=ALLOCATE_KEY {"volume":"9018fca7-e950-4544-965d-485ed1dccecc","bucket":"dd546d7a-ee30-4eec-864e-55de38e954ee","key":"72635248-697e-4625-92f9-59f9585e262e","dataSize":"12582913","replicationType":"EC","replicationConfig":"rs-3-2-1048576","Transaction":"386"} | ret=SUCCESS |  
2025-10-17 11:02:13,995 | INFO  | OMAudit | user=runner | ip=127.0.0.1 | op=READ_VOLUME {"volume":"9018fca7-e950-4544-965d-485ed1dccecc"} | ret=SUCCESS |  
2025-10-17 11:02:13,996 | INFO  | OMAudit | user=runner | ip=127.0.0.1 | op=READ_BUCKET {"volume":"9018fca7-e950-4544-965d-485ed1dccecc","bucket":"dd546d7a-ee30-4eec-864e-55de38e954ee"} | ret=SUCCESS |  
2025-10-17 11:02:14,032 | INFO  | SCMAudit | user=runner | ip=127.0.0.1 | op=SEND_HEARTBEAT {"datanodeUUID":"309ab1ff-9f5a-4058-8b2f-94d451ce5267","term":"2","command":"[]"} | ret=SUCCESS |  
2025-10-17 11:02:14,085 | INFO  | OMAudit | user=runner | ip=127.0.0.1 | op=COMMIT_KEY {"volume":"9018fca7-e950-4544-965d-485ed1dccecc","bucket":"dd546d7a-ee30-4eec-864e-55de38e954ee","key":"72635248-697e-4625-92f9-59f9585e262e","dataSize":"12582913","replicationType":"EC","replicationConfig":"rs-3-2-1048576","Transaction":"387"} | ret=SUCCESS |  
2025-10-17 11:02:14,087 | INFO  | OMAudit | user=runner | ip=127.0.0.1 | op=READ_VOLUME {"volume":"9018fca7-e950-4544-965d-485ed1dccecc"} | ret=SUCCESS |  
2025-10-17 11:02:14,088 | INFO  | OMAudit | user=runner | ip=127.0.0.1 | op=READ_BUCKET {"volume":"9018fca7-e950-4544-965d-485ed1dccecc","bucket":"dd546d7a-ee30-4eec-864e-55de38e954ee"} | ret=SUCCESS |  
2025-10-17 11:02:14,124 [om1-KeyDeletingService#4] INFO  service.KeyDeletingService (KeyDeletingService.java:processKeyDeletes(151)) - Send 1 key(s) to SCM, first 1 keys: [PurgedKey{blockGroup=BlockGroup[groupID='/9018fca7-e950-4544-965d-485ed1dccecc/dd546d7a-ee30-4eec-864e-55de38e954ee/72635248-697e-4625-92f9-59f9585e262e/-9223372036854676736/0', blockIDs=[conID: 26 locID: 115816896921600124 bcsId: 0 replicaIndex: null, conID: 24 locID: 115816896921600125 bcsId: 0 replicaIndex: null]], volume='9018fca7-e950-4544-965d-485ed1dccecc', bucket='dd546d7a-ee30-4eec-864e-55de38e954ee', bucketId=-9223372036854677760, purgedBytes=20971523, isCommittedKey=true, deleteKeyName='/9018fca7-e950-4544-965d-485ed1dccecc/dd546d7a-ee30-4eec-864e-55de38e954ee/72635248-697e-4625-92f9-59f9585e262e/-9223372036854676736'}]
2025-10-17 11:02:14,126 | INFO  | SCMAudit | user=runner | ip=127.0.0.1 | op=DELETE_KEY_BLOCK {"KeyBlockToDelete":"[BlockGroup[groupID='/9018fca7-e950-4544-965d-485ed1dccecc/dd546d7a-ee30-4eec-864e-55de38e954ee/72635248-697e-4625-92f9-59f9585e262e/-9223372036854676736/0', blockIDs=[conID: 26 locID: 115816896921600124 bcsId: 0 replicaIndex: null, conID: 24 locID: 115816896921600125 bcsId: 0 replicaIndex: null]]]"} | ret=SUCCESS |  
2025-10-17 11:02:14,126 [om1-KeyDeletingService#4] INFO  service.KeyDeletingService (KeyDeletingService.java:processKeyDeletes(158)) - 1 BlockGroup deletion are acked by SCM in 2 ms
2025-10-17 11:02:14,128 [om1-KeyDeletingService#4] INFO  service.KeyDeletingService (KeyDeletingService.java:processKeyDeletes(166)) - Blocks for 1 (out of 1) keys are deleted from DB in 1 ms. Limit per task is 50000.
2025-10-17 11:02:14,214 | INFO  | SCMAudit | user=runner | ip=127.0.0.1 | op=SEND_HEARTBEAT {"datanodeUUID":"50dccd39-549f-4f43-8b1f-597bf98f9c16","term":"2","command":"[]"} | ret=SUCCESS |  
2025-10-17 11:02:14,228 | INFO  | SCMAudit | user=runner | ip=127.0.0.1 | op=SEND_HEARTBEAT {"datanodeUUID":"99c47355-c013-4450-a734-aff6d3c99677","term":"2","command":"[]"} | ret=SUCCESS |  
2025-10-17 11:02:14,231 | INFO  | SCMAudit | user=runner | ip=127.0.0.1 | op=SEND_HEARTBEAT {"datanodeUUID":"718bfa29-2c47-4ab5-ac61-3dfe9c6b9d5c","term":"2","command":"[]"} | ret=SUCCESS |  
2025-10-17 11:02:14,233 | INFO  | SCMAudit | user=runner | ip=127.0.0.1 | op=SEND_HEARTBEAT {"datanodeUUID":"7995ae7b-77ec-4e72-809d-814459f62ee0","term":"2","command":"[]"} | ret=SUCCESS |  
2025-10-17 11:02:14,716 | INFO  | SCMAudit | user=runner | ip=127.0.0.1 | op=SEND_HEARTBEAT {"datanodeUUID":"b1eee25a-1fdf-4744-83c7-58e0513fce3b","term":"2","command":"[]"} | ret=SUCCESS |  
2025-10-17 11:02:14,716 | INFO  | SCMAudit | user=runner | ip=127.0.0.1 | op=SEND_HEARTBEAT {"datanodeUUID":"28c08cd4-c049-4c66-8210-e254cf68b291","term":"2","command":"[]"} | ret=SUCCESS |  
2025-10-17 11:02:14,716 | INFO  | SCMAudit | user=runner | ip=127.0.0.1 | op=SEND_HEARTBEAT {"datanodeUUID":"b6f92338-e951-49df-a986-ea31ece96e9e","term":"2","command":"[]"} | ret=SUCCESS |  
2025-10-17 11:02:14,716 | INFO  | SCMAudit | user=runner | ip=127.0.0.1 | op=SEND_HEARTBEAT {"datanodeUUID":"2b4cc429-f9c1-416c-9a38-6239a2e149ea","term":"2","command":"[]"} | ret=SUCCESS |  
2025-10-17 11:02:14,717 | INFO  | SCMAudit | user=runner | ip=127.0.0.1 | op=SEND_HEARTBEAT {"datanodeUUID":"b292b6be-9482-4c30-a3e0-c9f721931b72","term":"2","command":"[]"} | ret=SUCCESS |  
2025-10-17 11:02:14,753 | INFO  | SCMAudit | user=runner | ip=127.0.0.1 | op=SEND_HEARTBEAT {"datanodeUUID":"dbd6f242-9b73-4bca-a110-3e2ec656b979","term":"2","command":"[]"} | ret=SUCCESS |  
2025-10-17 11:02:14,755 | INFO  | SCMAudit | user=runner | ip=127.0.0.1 | op=SEND_HEARTBEAT {"datanodeUUID":"ed6e9581-5875-4278-a8db-50829892434b","term":"2","command":"[]"} | ret=SUCCESS |  
2025-10-17 11:02:14,859 | INFO  | SCMAudit | user=runner | ip=127.0.0.1 | op=SEND_HEARTBEAT {"datanodeUUID":"a5293c95-44e9-4ea9-88ca-89089eac4b59","term":"2","command":"[]"} | ret=SUCCESS |  
2025-10-17 11:02:14,936 | INFO  | SCMAudit | user=runner | ip=127.0.0.1 | op=SEND_HEARTBEAT {"datanodeUUID":"3a11eef6-a527-493c-8ba3-ae39ecaefa56","term":"2","command":"[]"} | ret=SUCCESS |  
2025-10-17 11:02:15,030 | INFO  | SCMAudit | user=runner | ip=127.0.0.1 | op=SEND_HEARTBEAT {"datanodeUUID":"309ab1ff-9f5a-4058-8b2f-94d451ce5267","term":"2","command":"[]"} | ret=SUCCESS |  
2025-10-17 11:02:15,089 | INFO  | OMAudit | user=runner | ip=127.0.0.1 | op=READ_VOLUME {"volume":"9018fca7-e950-4544-965d-485ed1dccecc"} | ret=SUCCESS |  
2025-10-17 11:02:15,090 | INFO  | OMAudit | user=runner | ip=127.0.0.1 | op=READ_BUCKET {"volume":"9018fca7-e950-4544-965d-485ed1dccecc","bucket":"dd546d7a-ee30-4eec-864e-55de38e954ee"} | ret=SUCCESS |  
2025-10-17 11:02:15,093 | INFO  | OMAudit | user=runner | ip=127.0.0.1 | op=DELETE_KEY {"volume":"9018fca7-e950-4544-965d-485ed1dccecc","bucket":"dd546d7a-ee30-4eec-864e-55de38e954ee","key":"72635248-697e-4625-92f9-59f9585e262e","dataSize":"12582913","replicationConfig":"EC{rs-3-2-1024k}","Transaction":"389"} | ret=SUCCESS |  
2025-10-17 11:02:15,094 | INFO  | OMAudit | user=runner | ip=127.0.0.1 | op=READ_VOLUME {"volume":"9018fca7-e950-4544-965d-485ed1dccecc"} | ret=SUCCESS |  
2025-10-17 11:02:15,095 | INFO  | OMAudit | user=runner | ip=127.0.0.1 | op=READ_BUCKET {"volume":"9018fca7-e950-4544-965d-485ed1dccecc","bucket":"dd546d7a-ee30-4eec-864e-55de38e954ee"} | ret=SUCCESS |  
2025-10-17 11:02:15,124 [om1-KeyDeletingService#8] INFO  service.KeyDeletingService (KeyDeletingService.java:processKeyDeletes(151)) - Send 1 key(s) to SCM, first 1 keys: [PurgedKey{blockGroup=BlockGroup[groupID='/9018fca7-e950-4544-965d-485ed1dccecc/dd546d7a-ee30-4eec-864e-55de38e954ee/72635248-697e-4625-92f9-59f9585e262e/-9223372036854677503/0', blockIDs=[conID: 24 locID: 115816896921600126 bcsId: 0 replicaIndex: null, conID: 27 locID: 115816896921600127 bcsId: 0 replicaIndex: null]], volume='9018fca7-e950-4544-965d-485ed1dccecc', bucket='dd546d7a-ee30-4eec-864e-55de38e954ee', bucketId=-9223372036854677760, purgedBytes=20971523, isCommittedKey=true, deleteKeyName='/9018fca7-e950-4544-965d-485ed1dccecc/dd546d7a-ee30-4eec-864e-55de38e954ee/72635248-697e-4625-92f9-59f9585e262e/-9223372036854677503'}]
2025-10-17 11:02:15,126 | INFO  | SCMAudit | user=runner | ip=127.0.0.1 | op=DELETE_KEY_BLOCK {"KeyBlockToDelete":"[BlockGroup[groupID='/9018fca7-e950-4544-965d-485ed1dccecc/dd546d7a-ee30-4eec-864e-55de38e954ee/72635248-697e-4625-92f9-59f9585e262e/-9223372036854677503/0', blockIDs=[conID: 24 locID: 115816896921600126 bcsId: 0 replicaIndex: null, conID: 27 locID: 115816896921600127 bcsId: 0 replicaIndex: null]]]"} | ret=SUCCESS |  
2025-10-17 11:02:15,127 [om1-KeyDeletingService#8] INFO  service.KeyDeletingService (KeyDeletingService.java:processKeyDeletes(158)) - 1 BlockGroup deletion are acked by SCM in 2 ms
2025-10-17 11:02:15,128 [om1-KeyDeletingService#8] INFO  service.KeyDeletingService (KeyDeletingService.java:processKeyDeletes(166)) - Blocks for 1 (out of 1) keys are deleted from DB in 1 ms. Limit per task is 50000.
2025-10-17 11:02:15,215 | INFO  | SCMAudit | user=runner | ip=127.0.0.1 | op=SEND_HEARTBEAT {"datanodeUUID":"50dccd39-549f-4f43-8b1f-597bf98f9c16","term":"2","command":"[]"} | ret=SUCCESS |  
2025-10-17 11:02:15,228 | INFO  | SCMAudit | user=runner | ip=127.0.0.1 | op=SEND_HEARTBEAT {"datanodeUUID":"99c47355-c013-4450-a734-aff6d3c99677","term":"2","command":"[]"} | ret=SUCCESS |  
2025-10-17 11:02:15,231 | INFO  | SCMAudit | user=runner | ip=127.0.0.1 | op=SEND_HEARTBEAT {"datanodeUUID":"718bfa29-2c47-4ab5-ac61-3dfe9c6b9d5c","term":"2","command":"[]"} | ret=SUCCESS |  
2025-10-17 11:02:15,233 | INFO  | SCMAudit | user=runner | ip=127.0.0.1 | op=SEND_HEARTBEAT {"datanodeUUID":"7995ae7b-77ec-4e72-809d-814459f62ee0","term":"2","command":"[]"} | ret=SUCCESS |  
2025-10-17 11:02:15,716 | INFO  | SCMAudit | user=runner | ip=127.0.0.1 | op=SEND_HEARTBEAT {"datanodeUUID":"b1eee25a-1fdf-4744-83c7-58e0513fce3b","term":"2","command":"[]"} | ret=SUCCESS |  
2025-10-17 11:02:15,716 | INFO  | SCMAudit | user=runner | ip=127.0.0.1 | op=SEND_HEARTBEAT {"datanodeUUID":"28c08cd4-c049-4c66-8210-e254cf68b291","term":"2","command":"[]"} | ret=SUCCESS |  
2025-10-17 11:02:15,716 | INFO  | SCMAudit | user=runner | ip=127.0.0.1 | op=SEND_HEARTBEAT {"datanodeUUID":"b6f92338-e951-49df-a986-ea31ece96e9e","term":"2","command":"[]"} | ret=SUCCESS |  
2025-10-17 11:02:15,717 | INFO  | SCMAudit | user=runner | ip=127.0.0.1 | op=SEND_HEARTBEAT {"datanodeUUID":"2b4cc429-f9c1-416c-9a38-6239a2e149ea","term":"2","command":"[]"} | ret=SUCCESS |  
2025-10-17 11:02:15,718 | INFO  | SCMAudit | user=runner | ip=127.0.0.1 | op=SEND_HEARTBEAT {"datanodeUUID":"b292b6be-9482-4c30-a3e0-c9f721931b72","term":"2","command":"[]"} | ret=SUCCESS |  
2025-10-17 11:02:15,752 | INFO  | SCMAudit | user=runner | ip=127.0.0.1 | op=SEND_HEARTBEAT {"datanodeUUID":"dbd6f242-9b73-4bca-a110-3e2ec656b979","term":"2","command":"[]"} | ret=SUCCESS |  
2025-10-17 11:02:15,755 | INFO  | SCMAudit | user=runner | ip=127.0.0.1 | op=SEND_HEARTBEAT {"datanodeUUID":"ed6e9581-5875-4278-a8db-50829892434b","term":"2","command":"[]"} | ret=SUCCESS |  
2025-10-17 11:02:15,859 | INFO  | SCMAudit | user=runner | ip=127.0.0.1 | op=SEND_HEARTBEAT {"datanodeUUID":"a5293c95-44e9-4ea9-88ca-89089eac4b59","term":"2","command":"[]"} | ret=SUCCESS |  
2025-10-17 11:02:15,937 | INFO  | SCMAudit | user=runner | ip=127.0.0.1 | op=SEND_HEARTBEAT {"datanodeUUID":"3a11eef6-a527-493c-8ba3-ae39ecaefa56","term":"2","command":"[]"} | ret=SUCCESS |  
2025-10-17 11:02:16,030 | INFO  | SCMAudit | user=runner | ip=127.0.0.1 | op=SEND_HEARTBEAT {"datanodeUUID":"309ab1ff-9f5a-4058-8b2f-94d451ce5267","term":"2","command":"[]"} | ret=SUCCESS |  
2025-10-17 11:02:16,096 | INFO  | OMAudit | user=runner | ip=127.0.0.1 | op=READ_VOLUME {"volume":"9018fca7-e950-4544-965d-485ed1dccecc"} | ret=SUCCESS |  
2025-10-17 11:02:16,097 | INFO  | OMAudit | user=runner | ip=127.0.0.1 | op=READ_BUCKET {"volume":"9018fca7-e950-4544-965d-485ed1dccecc","bucket":"dd546d7a-ee30-4eec-864e-55de38e954ee"} | ret=SUCCESS |  
2025-10-17 11:02:16,097 [ForkJoinPool-1-worker-1] INFO  rpc.RpcClient (RpcClient.java:createVolume(461)) - Creating Volume: 6e5e0ee6-ab39-4860-b9f9-6db4a0c7aab7, with runner as owner and space quota set to -1 bytes, counts quota set to -1
2025-10-17 11:02:16,100 [om1-OMStateMachineApplyTransactionThread - 0] INFO  volume.OMVolumeCreateRequest (OMVolumeCreateRequest.java:validateAndUpdateCache(213)) - created volume:6e5e0ee6-ab39-4860-b9f9-6db4a0c7aab7 for user:runner
2025-10-17 11:02:16,100 | INFO  | OMAudit | user=runner | ip=127.0.0.1 | op=CREATE_VOLUME {"admin":"runner","owner":"runner","volume":"6e5e0ee6-ab39-4860-b9f9-6db4a0c7aab7","creationTime":"1760698936098","modificationTime":"1760698936098","quotaInBytes":"-1","quotaInNamespace":"-1","usedNamespace":"0","objectID":"-9223372036854675712","updateID":"391","Transaction":"391"} | ret=SUCCESS |  
2025-10-17 11:02:16,101 | INFO  | OMAudit | user=runner | ip=127.0.0.1 | op=READ_VOLUME {"volume":"6e5e0ee6-ab39-4860-b9f9-6db4a0c7aab7"} | ret=SUCCESS |  
2025-10-17 11:02:16,101 [ForkJoinPool-1-worker-1] INFO  rpc.RpcClient (RpcClient.java:createBucket(686)) - Creating Bucket: 6e5e0ee6-ab39-4860-b9f9-6db4a0c7aab7/c4f933c3-a65d-4077-b538-6837c68edbd5, with server-side default bucket layout, runner as owner, Versioning false, Storage Type set to DISK and Encryption set to false, Replication Type set to server-side default replication type, Namespace Quota set to -1, Space Quota set to -1 
2025-10-17 11:02:16,103 [om1-OMStateMachineApplyTransactionThread - 0] INFO  bucket.OMBucketCreateRequest (OMBucketCreateRequest.java:validateAndUpdateCache(303)) - created bucket: c4f933c3-a65d-4077-b538-6837c68edbd5 of layout FILE_SYSTEM_OPTIMIZED in volume: 6e5e0ee6-ab39-4860-b9f9-6db4a0c7aab7
2025-10-17 11:02:16,103 | INFO  | OMAudit | user=runner | ip=127.0.0.1 | op=CREATE_BUCKET {"volume":"6e5e0ee6-ab39-4860-b9f9-6db4a0c7aab7","bucket":"c4f933c3-a65d-4077-b538-6837c68edbd5","bucketLayout":"FILE_SYSTEM_OPTIMIZED","gdprEnabled":null,"acls":"[user:runner:a[ACCESS], group:runner:rl[ACCESS]]","isVersionEnabled":"false","storageType":"DISK","creationTime":"1760698936102","bucketEncryptionKey":null,"modificationTime":"1760698936102","usedBytes":"0","usedNamespace":"0","snapshotUsedBytes":"0","snapshotUsedNamespace":"0","owner":"runner","replicationType":null,"replicationConfig":null,"quotaInBytes":"-1","quotaInNamespace":"-1","Transaction":"392"} | ret=SUCCESS |  
2025-10-17 11:02:16,104 | INFO  | OMAudit | user=runner | ip=127.0.0.1 | op=READ_BUCKET {"volume":"6e5e0ee6-ab39-4860-b9f9-6db4a0c7aab7","bucket":"c4f933c3-a65d-4077-b538-6837c68edbd5"} | ret=SUCCESS |  
2025-10-17 11:02:16,106 | INFO  | OMAudit | user=runner | ip=127.0.0.1 | op=READ_BUCKET {"volume":"6e5e0ee6-ab39-4860-b9f9-6db4a0c7aab7","bucket":"c4f933c3-a65d-4077-b538-6837c68edbd5"} | ret=SUCCESS |  
2025-10-17 11:02:16,107 | INFO  | SCMAudit | user=runner | ip=127.0.0.1 | op=ALLOCATE_BLOCK {"replication":"EC{rs-3-2-1024k}","owner":"omServiceIdDefault","size":"4194304","sampleBlocks":"[conID: 23 locID: 115816896921600128, conID: 26 locID: 115816896921600129]","num":"2","client":"","allocated":"2"} | ret=SUCCESS |  
2025-10-17 11:02:16,109 | INFO  | OMAudit | user=runner | ip=127.0.0.1 | op=ALLOCATE_KEY {"volume":"6e5e0ee6-ab39-4860-b9f9-6db4a0c7aab7","bucket":"c4f933c3-a65d-4077-b538-6837c68edbd5","key":"b20b383f-d147-41da-9b1e-0e68aebb068b","dataSize":"16777216","replicationType":"EC","replicationConfig":"rs-3-2-1048576","Transaction":"393"} | ret=SUCCESS |  
2025-10-17 11:02:16,111 | INFO  | OMAudit | user=runner | ip=127.0.0.1 | op=READ_VOLUME {"volume":"6e5e0ee6-ab39-4860-b9f9-6db4a0c7aab7"} | ret=SUCCESS |  
2025-10-17 11:02:16,111 | INFO  | OMAudit | user=runner | ip=127.0.0.1 | op=READ_BUCKET {"volume":"6e5e0ee6-ab39-4860-b9f9-6db4a0c7aab7","bucket":"c4f933c3-a65d-4077-b538-6837c68edbd5"} | ret=SUCCESS |  
2025-10-17 11:02:16,205 | INFO  | OMAudit | user=runner | ip=127.0.0.1 | op=COMMIT_KEY {"volume":"6e5e0ee6-ab39-4860-b9f9-6db4a0c7aab7","bucket":"c4f933c3-a65d-4077-b538-6837c68edbd5","key":"b20b383f-d147-41da-9b1e-0e68aebb068b","dataSize":"16777216","replicationType":"EC","replicationConfig":"rs-3-2-1048576","Transaction":"394"} | ret=SUCCESS |  
2025-10-17 11:02:16,207 | INFO  | OMAudit | user=runner | ip=127.0.0.1 | op=READ_VOLUME {"volume":"6e5e0ee6-ab39-4860-b9f9-6db4a0c7aab7"} | ret=SUCCESS |  
2025-10-17 11:02:16,208 | INFO  | OMAudit | user=runner | ip=127.0.0.1 | op=READ_BUCKET {"volume":"6e5e0ee6-ab39-4860-b9f9-6db4a0c7aab7","bucket":"c4f933c3-a65d-4077-b538-6837c68edbd5"} | ret=SUCCESS |  
2025-10-17 11:02:16,209 | INFO  | OMAudit | user=runner | ip=127.0.0.1 | op=READ_BUCKET {"volume":"6e5e0ee6-ab39-4860-b9f9-6db4a0c7aab7","bucket":"c4f933c3-a65d-4077-b538-6837c68edbd5"} | ret=SUCCESS |  
2025-10-17 11:02:16,211 | INFO  | SCMAudit | user=runner | ip=127.0.0.1 | op=ALLOCATE_BLOCK {"replication":"EC{rs-3-2-1024k}","owner":"omServiceIdDefault","size":"4194304","sampleBlocks":"[conID: 24 locID: 115816896921600130, conID: 24 locID: 115816896921600131]","num":"2","client":"","allocated":"2"} | ret=SUCCESS |  
2025-10-17 11:02:16,217 | INFO  | OMAudit | user=runner | ip=127.0.0.1 | op=ALLOCATE_KEY {"volume":"6e5e0ee6-ab39-4860-b9f9-6db4a0c7aab7","bucket":"c4f933c3-a65d-4077-b538-6837c68edbd5","key":"b20b383f-d147-41da-9b1e-0e68aebb068b","dataSize":"16777216","replicationType":"EC","replicationConfig":"rs-3-2-1048576","Transaction":"395"} | ret=SUCCESS |  
2025-10-17 11:02:16,217 | INFO  | SCMAudit | user=runner | ip=127.0.0.1 | op=SEND_HEARTBEAT {"datanodeUUID":"50dccd39-549f-4f43-8b1f-597bf98f9c16","term":"2","command":"[]"} | ret=SUCCESS |  
2025-10-17 11:02:16,221 | INFO  | OMAudit | user=runner | ip=127.0.0.1 | op=READ_VOLUME {"volume":"6e5e0ee6-ab39-4860-b9f9-6db4a0c7aab7"} | ret=SUCCESS |  
2025-10-17 11:02:16,222 | INFO  | OMAudit | user=runner | ip=127.0.0.1 | op=READ_BUCKET {"volume":"6e5e0ee6-ab39-4860-b9f9-6db4a0c7aab7","bucket":"c4f933c3-a65d-4077-b538-6837c68edbd5"} | ret=SUCCESS |  
2025-10-17 11:02:16,231 | INFO  | SCMAudit | user=runner | ip=127.0.0.1 | op=SEND_HEARTBEAT {"datanodeUUID":"99c47355-c013-4450-a734-aff6d3c99677","term":"2","command":"[]"} | ret=SUCCESS |  
2025-10-17 11:02:16,233 | INFO  | SCMAudit | user=runner | ip=127.0.0.1 | op=SEND_HEARTBEAT {"datanodeUUID":"718bfa29-2c47-4ab5-ac61-3dfe9c6b9d5c","term":"2","command":"[]"} | ret=SUCCESS |  
2025-10-17 11:02:16,236 | INFO  | SCMAudit | user=runner | ip=127.0.0.1 | op=SEND_HEARTBEAT {"datanodeUUID":"7995ae7b-77ec-4e72-809d-814459f62ee0","term":"2","command":"[]"} | ret=SUCCESS |  
2025-10-17 11:02:16,333 | INFO  | OMAudit | user=runner | ip=127.0.0.1 | op=COMMIT_KEY {"volume":"6e5e0ee6-ab39-4860-b9f9-6db4a0c7aab7","bucket":"c4f933c3-a65d-4077-b538-6837c68edbd5","key":"b20b383f-d147-41da-9b1e-0e68aebb068b","dataSize":"16777216","replicationType":"EC","replicationConfig":"rs-3-2-1048576","Transaction":"396"} | ret=SUCCESS |  
2025-10-17 11:02:16,334 | INFO  | OMAudit | user=runner | ip=127.0.0.1 | op=READ_VOLUME {"volume":"6e5e0ee6-ab39-4860-b9f9-6db4a0c7aab7"} | ret=SUCCESS |  
2025-10-17 11:02:16,335 | INFO  | OMAudit | user=runner | ip=127.0.0.1 | op=READ_BUCKET {"volume":"6e5e0ee6-ab39-4860-b9f9-6db4a0c7aab7","bucket":"c4f933c3-a65d-4077-b538-6837c68edbd5"} | ret=SUCCESS |  
2025-10-17 11:02:16,716 | INFO  | SCMAudit | user=runner | ip=127.0.0.1 | op=SEND_HEARTBEAT {"datanodeUUID":"b6f92338-e951-49df-a986-ea31ece96e9e","term":"2","command":"[]"} | ret=SUCCESS |  
2025-10-17 11:02:16,716 | INFO  | SCMAudit | user=runner | ip=127.0.0.1 | op=SEND_HEARTBEAT {"datanodeUUID":"b1eee25a-1fdf-4744-83c7-58e0513fce3b","term":"2","command":"[]"} | ret=SUCCESS |  
2025-10-17 11:02:16,716 | INFO  | SCMAudit | user=runner | ip=127.0.0.1 | op=SEND_HEARTBEAT {"datanodeUUID":"28c08cd4-c049-4c66-8210-e254cf68b291","term":"2","command":"[]"} | ret=SUCCESS |  
2025-10-17 11:02:16,717 | INFO  | SCMAudit | user=runner | ip=127.0.0.1 | op=SEND_HEARTBEAT {"datanodeUUID":"2b4cc429-f9c1-416c-9a38-6239a2e149ea","term":"2","command":"[]"} | ret=SUCCESS |  
2025-10-17 11:02:16,718 | INFO  | SCMAudit | user=runner | ip=127.0.0.1 | op=SEND_HEARTBEAT {"datanodeUUID":"b292b6be-9482-4c30-a3e0-c9f721931b72","term":"2","command":"[]"} | ret=SUCCESS |  
2025-10-17 11:02:16,753 | INFO  | SCMAudit | user=runner | ip=127.0.0.1 | op=SEND_HEARTBEAT {"datanodeUUID":"dbd6f242-9b73-4bca-a110-3e2ec656b979","term":"2","command":"[]"} | ret=SUCCESS |  
2025-10-17 11:02:16,754 | INFO  | SCMAudit | user=runner | ip=127.0.0.1 | op=SEND_HEARTBEAT {"datanodeUUID":"ed6e9581-5875-4278-a8db-50829892434b","term":"2","command":"[]"} | ret=SUCCESS |  
2025-10-17 11:02:16,859 | INFO  | SCMAudit | user=runner | ip=127.0.0.1 | op=SEND_HEARTBEAT {"datanodeUUID":"a5293c95-44e9-4ea9-88ca-89089eac4b59","term":"2","command":"[]"} | ret=SUCCESS |  
2025-10-17 11:02:16,937 | INFO  | SCMAudit | user=runner | ip=127.0.0.1 | op=SEND_HEARTBEAT {"datanodeUUID":"3a11eef6-a527-493c-8ba3-ae39ecaefa56","term":"2","command":"[]"} | ret=SUCCESS |  
2025-10-17 11:02:17,031 | INFO  | SCMAudit | user=runner | ip=127.0.0.1 | op=SEND_HEARTBEAT {"datanodeUUID":"309ab1ff-9f5a-4058-8b2f-94d451ce5267","term":"2","command":"[]"} | ret=SUCCESS |  
2025-10-17 11:02:17,127 [om1-KeyDeletingService#5] INFO  service.KeyDeletingService (KeyDeletingService.java:processKeyDeletes(151)) - Send 1 key(s) to SCM, first 1 keys: [PurgedKey{blockGroup=BlockGroup[groupID='/6e5e0ee6-ab39-4860-b9f9-6db4a0c7aab7/c4f933c3-a65d-4077-b538-6837c68edbd5/b20b383f-d147-41da-9b1e-0e68aebb068b/-9223372036854674432/0', blockIDs=[conID: 23 locID: 115816896921600128 bcsId: 0 replicaIndex: null, conID: 26 locID: 115816896921600129 bcsId: 0 replicaIndex: null]], volume='6e5e0ee6-ab39-4860-b9f9-6db4a0c7aab7', bucket='c4f933c3-a65d-4077-b538-6837c68edbd5', bucketId=-9223372036854675456, purgedBytes=29360128, isCommittedKey=true, deleteKeyName='/6e5e0ee6-ab39-4860-b9f9-6db4a0c7aab7/c4f933c3-a65d-4077-b538-6837c68edbd5/b20b383f-d147-41da-9b1e-0e68aebb068b/-9223372036854674432'}]
2025-10-17 11:02:17,129 | INFO  | SCMAudit | user=runner | ip=127.0.0.1 | op=DELETE_KEY_BLOCK {"KeyBlockToDelete":"[BlockGroup[groupID='/6e5e0ee6-ab39-4860-b9f9-6db4a0c7aab7/c4f933c3-a65d-4077-b538-6837c68edbd5/b20b383f-d147-41da-9b1e-0e68aebb068b/-9223372036854674432/0', blockIDs=[conID: 23 locID: 115816896921600128 bcsId: 0 replicaIndex: null, conID: 26 locID: 115816896921600129 bcsId: 0 replicaIndex: null]]]"} | ret=SUCCESS |  
2025-10-17 11:02:17,130 [om1-KeyDeletingService#5] INFO  service.KeyDeletingService (KeyDeletingService.java:processKeyDeletes(158)) - 1 BlockGroup deletion are acked by SCM in 3 ms
2025-10-17 11:02:17,131 [om1-KeyDeletingService#5] INFO  service.KeyDeletingService (KeyDeletingService.java:processKeyDeletes(166)) - Blocks for 1 (out of 1) keys are deleted from DB in 2 ms. Limit per task is 50000.
2025-10-17 11:02:17,214 | INFO  | SCMAudit | user=runner | ip=127.0.0.1 | op=SEND_HEARTBEAT {"datanodeUUID":"50dccd39-549f-4f43-8b1f-597bf98f9c16","term":"2","command":"[]"} | ret=SUCCESS |  
2025-10-17 11:02:17,232 | INFO  | SCMAudit | user=runner | ip=127.0.0.1 | op=SEND_HEARTBEAT {"datanodeUUID":"99c47355-c013-4450-a734-aff6d3c99677","term":"2","command":"[]"} | ret=SUCCESS |  
2025-10-17 11:02:17,232 | INFO  | SCMAudit | user=runner | ip=127.0.0.1 | op=SEND_HEARTBEAT {"datanodeUUID":"718bfa29-2c47-4ab5-ac61-3dfe9c6b9d5c","term":"2","command":"[]"} | ret=SUCCESS |  
2025-10-17 11:02:17,238 | INFO  | SCMAudit | user=runner | ip=127.0.0.1 | op=SEND_HEARTBEAT {"datanodeUUID":"7995ae7b-77ec-4e72-809d-814459f62ee0","term":"2","command":"[]"} | ret=SUCCESS |  
2025-10-17 11:02:17,336 | INFO  | OMAudit | user=runner | ip=127.0.0.1 | op=READ_VOLUME {"volume":"6e5e0ee6-ab39-4860-b9f9-6db4a0c7aab7"} | ret=SUCCESS |  
2025-10-17 11:02:17,337 | INFO  | OMAudit | user=runner | ip=127.0.0.1 | op=READ_BUCKET {"volume":"6e5e0ee6-ab39-4860-b9f9-6db4a0c7aab7","bucket":"c4f933c3-a65d-4077-b538-6837c68edbd5"} | ret=SUCCESS |  
2025-10-17 11:02:17,340 | INFO  | OMAudit | user=runner | ip=127.0.0.1 | op=DELETE_KEY {"volume":"6e5e0ee6-ab39-4860-b9f9-6db4a0c7aab7","bucket":"c4f933c3-a65d-4077-b538-6837c68edbd5","key":"b20b383f-d147-41da-9b1e-0e68aebb068b","dataSize":"16777216","replicationConfig":"EC{rs-3-2-1024k}","Transaction":"398"} | ret=SUCCESS |  
2025-10-17 11:02:17,341 | INFO  | OMAudit | user=runner | ip=127.0.0.1 | op=READ_VOLUME {"volume":"6e5e0ee6-ab39-4860-b9f9-6db4a0c7aab7"} | ret=SUCCESS |  
2025-10-17 11:02:17,342 | INFO  | OMAudit | user=runner | ip=127.0.0.1 | op=READ_BUCKET {"volume":"6e5e0ee6-ab39-4860-b9f9-6db4a0c7aab7","bucket":"c4f933c3-a65d-4077-b538-6837c68edbd5"} | ret=SUCCESS |  
2025-10-17 11:02:17,717 | INFO  | SCMAudit | user=runner | ip=127.0.0.1 | op=SEND_HEARTBEAT {"datanodeUUID":"b6f92338-e951-49df-a986-ea31ece96e9e","term":"2","command":"[]"} | ret=SUCCESS |  
2025-10-17 11:02:17,717 | INFO  | SCMAudit | user=runner | ip=127.0.0.1 | op=SEND_HEARTBEAT {"datanodeUUID":"b1eee25a-1fdf-4744-83c7-58e0513fce3b","term":"2","command":"[]"} | ret=SUCCESS |  
2025-10-17 11:02:17,717 | INFO  | SCMAudit | user=runner | ip=127.0.0.1 | op=SEND_HEARTBEAT {"datanodeUUID":"28c08cd4-c049-4c66-8210-e254cf68b291","term":"2","command":"[]"} | ret=SUCCESS |  
2025-10-17 11:02:17,717 | INFO  | SCMAudit | user=runner | ip=127.0.0.1 | op=SEND_HEARTBEAT {"datanodeUUID":"2b4cc429-f9c1-416c-9a38-6239a2e149ea","term":"2","command":"[]"} | ret=SUCCESS |  
2025-10-17 11:02:17,718 | INFO  | SCMAudit | user=runner | ip=127.0.0.1 | op=SEND_HEARTBEAT {"datanodeUUID":"b292b6be-9482-4c30-a3e0-c9f721931b72","term":"2","command":"[]"} | ret=SUCCESS |  
2025-10-17 11:02:17,753 | INFO  | SCMAudit | user=runner | ip=127.0.0.1 | op=SEND_HEARTBEAT {"datanodeUUID":"dbd6f242-9b73-4bca-a110-3e2ec656b979","term":"2","command":"[]"} | ret=SUCCESS |  
2025-10-17 11:02:17,755 | INFO  | SCMAudit | user=runner | ip=127.0.0.1 | op=SEND_HEARTBEAT {"datanodeUUID":"ed6e9581-5875-4278-a8db-50829892434b","term":"2","command":"[]"} | ret=SUCCESS |  
2025-10-17 11:02:17,859 | INFO  | SCMAudit | user=runner | ip=127.0.0.1 | op=SEND_HEARTBEAT {"datanodeUUID":"a5293c95-44e9-4ea9-88ca-89089eac4b59","term":"2","command":"[]"} | ret=SUCCESS |  
2025-10-17 11:02:17,936 | INFO  | SCMAudit | user=runner | ip=127.0.0.1 | op=SEND_HEARTBEAT {"datanodeUUID":"3a11eef6-a527-493c-8ba3-ae39ecaefa56","term":"2","command":"[]"} | ret=SUCCESS |  
2025-10-17 11:02:18,031 | INFO  | SCMAudit | user=runner | ip=127.0.0.1 | op=SEND_HEARTBEAT {"datanodeUUID":"309ab1ff-9f5a-4058-8b2f-94d451ce5267","term":"2","command":"[]"} | ret=SUCCESS |  
2025-10-17 11:02:18,127 [om1-KeyDeletingService#7] INFO  service.KeyDeletingService (KeyDeletingService.java:processKeyDeletes(151)) - Send 1 key(s) to SCM, first 1 keys: [PurgedKey{blockGroup=BlockGroup[groupID='/6e5e0ee6-ab39-4860-b9f9-6db4a0c7aab7/c4f933c3-a65d-4077-b538-6837c68edbd5/b20b383f-d147-41da-9b1e-0e68aebb068b/-9223372036854675199/0', blockIDs=[conID: 24 locID: 115816896921600130 bcsId: 0 replicaIndex: null, conID: 24 locID: 115816896921600131 bcsId: 0 replicaIndex: null]], volume='6e5e0ee6-ab39-4860-b9f9-6db4a0c7aab7', bucket='c4f933c3-a65d-4077-b538-6837c68edbd5', bucketId=-9223372036854675456, purgedBytes=29360128, isCommittedKey=true, deleteKeyName='/6e5e0ee6-ab39-4860-b9f9-6db4a0c7aab7/c4f933c3-a65d-4077-b538-6837c68edbd5/b20b383f-d147-41da-9b1e-0e68aebb068b/-9223372036854675199'}]
2025-10-17 11:02:18,129 | INFO  | SCMAudit | user=runner | ip=127.0.0.1 | op=DELETE_KEY_BLOCK {"KeyBlockToDelete":"[BlockGroup[groupID='/6e5e0ee6-ab39-4860-b9f9-6db4a0c7aab7/c4f933c3-a65d-4077-b538-6837c68edbd5/b20b383f-d147-41da-9b1e-0e68aebb068b/-9223372036854675199/0', blockIDs=[conID: 24 locID: 115816896921600130 bcsId: 0 replicaIndex: null, conID: 24 locID: 115816896921600131 bcsId: 0 replicaIndex: null]]]"} | ret=SUCCESS |  
2025-10-17 11:02:18,129 [om1-KeyDeletingService#7] INFO  service.KeyDeletingService (KeyDeletingService.java:processKeyDeletes(158)) - 1 BlockGroup deletion are acked by SCM in 3 ms
2025-10-17 11:02:18,131 [om1-KeyDeletingService#7] INFO  service.KeyDeletingService (KeyDeletingService.java:processKeyDeletes(166)) - Blocks for 1 (out of 1) keys are deleted from DB in 1 ms. Limit per task is 50000.
2025-10-17 11:02:18,214 | INFO  | SCMAudit | user=runner | ip=127.0.0.1 | op=SEND_HEARTBEAT {"datanodeUUID":"50dccd39-549f-4f43-8b1f-597bf98f9c16","term":"2","command":"[]"} | ret=SUCCESS |  
2025-10-17 11:02:18,232 | INFO  | SCMAudit | user=runner | ip=127.0.0.1 | op=SEND_HEARTBEAT {"datanodeUUID":"718bfa29-2c47-4ab5-ac61-3dfe9c6b9d5c","term":"2","command":"[]"} | ret=SUCCESS |  
2025-10-17 11:02:18,232 | INFO  | SCMAudit | user=runner | ip=127.0.0.1 | op=SEND_HEARTBEAT {"datanodeUUID":"99c47355-c013-4450-a734-aff6d3c99677","term":"2","command":"[]"} | ret=SUCCESS |  
2025-10-17 11:02:18,237 | INFO  | SCMAudit | user=runner | ip=127.0.0.1 | op=SEND_HEARTBEAT {"datanodeUUID":"7995ae7b-77ec-4e72-809d-814459f62ee0","term":"2","command":"[]"} | ret=SUCCESS |  
2025-10-17 11:02:18,343 | INFO  | OMAudit | user=runner | ip=127.0.0.1 | op=READ_VOLUME {"volume":"6e5e0ee6-ab39-4860-b9f9-6db4a0c7aab7"} | ret=SUCCESS |  
2025-10-17 11:02:18,345 | INFO  | OMAudit | user=runner | ip=127.0.0.1 | op=READ_BUCKET {"volume":"6e5e0ee6-ab39-4860-b9f9-6db4a0c7aab7","bucket":"c4f933c3-a65d-4077-b538-6837c68edbd5"} | ret=SUCCESS |  
2025-10-17 11:02:18,345 [ForkJoinPool-1-worker-1] INFO  rpc.RpcClient (RpcClient.java:createVolume(461)) - Creating Volume: 478fe78d-741c-43c6-be15-fd58ecaec232, with runner as owner and space quota set to -1 bytes, counts quota set to -1
2025-10-17 11:02:18,347 [om1-OMStateMachineApplyTransactionThread - 0] INFO  volume.OMVolumeCreateRequest (OMVolumeCreateRequest.java:validateAndUpdateCache(213)) - created volume:478fe78d-741c-43c6-be15-fd58ecaec232 for user:runner
2025-10-17 11:02:18,347 | INFO  | OMAudit | user=runner | ip=127.0.0.1 | op=CREATE_VOLUME {"admin":"runner","owner":"runner","volume":"478fe78d-741c-43c6-be15-fd58ecaec232","creationTime":"1760698938346","modificationTime":"1760698938346","quotaInBytes":"-1","quotaInNamespace":"-1","usedNamespace":"0","objectID":"-9223372036854673408","updateID":"400","Transaction":"400"} | ret=SUCCESS |  
2025-10-17 11:02:18,348 | INFO  | OMAudit | user=runner | ip=127.0.0.1 | op=READ_VOLUME {"volume":"478fe78d-741c-43c6-be15-fd58ecaec232"} | ret=SUCCESS |  
2025-10-17 11:02:18,348 [ForkJoinPool-1-worker-1] INFO  rpc.RpcClient (RpcClient.java:createBucket(686)) - Creating Bucket: 478fe78d-741c-43c6-be15-fd58ecaec232/473c4b4a-a735-41e5-9d55-3efb8db7f341, with server-side default bucket layout, runner as owner, Versioning false, Storage Type set to DISK and Encryption set to false, Replication Type set to server-side default replication type, Namespace Quota set to -1, Space Quota set to -1 
2025-10-17 11:02:18,350 [om1-OMStateMachineApplyTransactionThread - 0] INFO  bucket.OMBucketCreateRequest (OMBucketCreateRequest.java:validateAndUpdateCache(303)) - created bucket: 473c4b4a-a735-41e5-9d55-3efb8db7f341 of layout FILE_SYSTEM_OPTIMIZED in volume: 478fe78d-741c-43c6-be15-fd58ecaec232
2025-10-17 11:02:18,350 | INFO  | OMAudit | user=runner | ip=127.0.0.1 | op=CREATE_BUCKET {"volume":"478fe78d-741c-43c6-be15-fd58ecaec232","bucket":"473c4b4a-a735-41e5-9d55-3efb8db7f341","bucketLayout":"FILE_SYSTEM_OPTIMIZED","gdprEnabled":null,"acls":"[user:runner:a[ACCESS], group:runner:rl[ACCESS]]","isVersionEnabled":"false","storageType":"DISK","creationTime":"1760698938349","bucketEncryptionKey":null,"modificationTime":"1760698938349","usedBytes":"0","usedNamespace":"0","snapshotUsedBytes":"0","snapshotUsedNamespace":"0","owner":"runner","replicationType":null,"replicationConfig":null,"quotaInBytes":"-1","quotaInNamespace":"-1","Transaction":"401"} | ret=SUCCESS |  
2025-10-17 11:02:18,351 | INFO  | OMAudit | user=runner | ip=127.0.0.1 | op=READ_BUCKET {"volume":"478fe78d-741c-43c6-be15-fd58ecaec232","bucket":"473c4b4a-a735-41e5-9d55-3efb8db7f341"} | ret=SUCCESS |  
2025-10-17 11:02:18,356 | INFO  | OMAudit | user=runner | ip=127.0.0.1 | op=READ_BUCKET {"volume":"478fe78d-741c-43c6-be15-fd58ecaec232","bucket":"473c4b4a-a735-41e5-9d55-3efb8db7f341"} | ret=SUCCESS |  
2025-10-17 11:02:18,357 | INFO  | SCMAudit | user=runner | ip=127.0.0.1 | op=ALLOCATE_BLOCK {"replication":"EC{rs-3-2-1024k}","owner":"omServiceIdDefault","size":"4194304","sampleBlocks":"[conID: 27 locID: 115816896921600132, conID: 27 locID: 115816896921600133]","num":"2","client":"","allocated":"2"} | ret=SUCCESS |  
2025-10-17 11:02:18,360 | INFO  | OMAudit | user=runner | ip=127.0.0.1 | op=ALLOCATE_KEY {"volume":"478fe78d-741c-43c6-be15-fd58ecaec232","bucket":"473c4b4a-a735-41e5-9d55-3efb8db7f341","key":"faaa8157-7714-426b-8541-8f8fba2942ae","dataSize":"16777217","replicationType":"EC","replicationConfig":"rs-3-2-1048576","Transaction":"402"} | ret=SUCCESS |  
2025-10-17 11:02:18,361 | INFO  | OMAudit | user=runner | ip=127.0.0.1 | op=READ_VOLUME {"volume":"478fe78d-741c-43c6-be15-fd58ecaec232"} | ret=SUCCESS |  
2025-10-17 11:02:18,362 | INFO  | OMAudit | user=runner | ip=127.0.0.1 | op=READ_BUCKET {"volume":"478fe78d-741c-43c6-be15-fd58ecaec232","bucket":"473c4b4a-a735-41e5-9d55-3efb8db7f341"} | ret=SUCCESS |  
2025-10-17 11:02:18,448 | INFO  | OMAudit | user=runner | ip=127.0.0.1 | op=COMMIT_KEY {"volume":"478fe78d-741c-43c6-be15-fd58ecaec232","bucket":"473c4b4a-a735-41e5-9d55-3efb8db7f341","key":"faaa8157-7714-426b-8541-8f8fba2942ae","dataSize":"16777217","replicationType":"EC","replicationConfig":"rs-3-2-1048576","Transaction":"403"} | ret=SUCCESS |  
2025-10-17 11:02:18,450 | INFO  | OMAudit | user=runner | ip=127.0.0.1 | op=READ_VOLUME {"volume":"478fe78d-741c-43c6-be15-fd58ecaec232"} | ret=SUCCESS |  
2025-10-17 11:02:18,450 | INFO  | OMAudit | user=runner | ip=127.0.0.1 | op=READ_BUCKET {"volume":"478fe78d-741c-43c6-be15-fd58ecaec232","bucket":"473c4b4a-a735-41e5-9d55-3efb8db7f341"} | ret=SUCCESS |  
2025-10-17 11:02:18,451 | INFO  | OMAudit | user=runner | ip=127.0.0.1 | op=READ_BUCKET {"volume":"478fe78d-741c-43c6-be15-fd58ecaec232","bucket":"473c4b4a-a735-41e5-9d55-3efb8db7f341"} | ret=SUCCESS |  
2025-10-17 11:02:18,452 | INFO  | SCMAudit | user=runner | ip=127.0.0.1 | op=ALLOCATE_BLOCK {"replication":"EC{rs-3-2-1024k}","owner":"omServiceIdDefault","size":"4194304","sampleBlocks":"[conID: 27 locID: 115816896921600134, conID: 25 locID: 115816896921600135]","num":"2","client":"","allocated":"2"} | ret=SUCCESS |  
2025-10-17 11:02:18,455 | INFO  | OMAudit | user=runner | ip=127.0.0.1 | op=ALLOCATE_KEY {"volume":"478fe78d-741c-43c6-be15-fd58ecaec232","bucket":"473c4b4a-a735-41e5-9d55-3efb8db7f341","key":"faaa8157-7714-426b-8541-8f8fba2942ae","dataSize":"16777217","replicationType":"EC","replicationConfig":"rs-3-2-1048576","Transaction":"404"} | ret=SUCCESS |  
2025-10-17 11:02:18,457 | INFO  | OMAudit | user=runner | ip=127.0.0.1 | op=READ_VOLUME {"volume":"478fe78d-741c-43c6-be15-fd58ecaec232"} | ret=SUCCESS |  
2025-10-17 11:02:18,458 | INFO  | OMAudit | user=runner | ip=127.0.0.1 | op=READ_BUCKET {"volume":"478fe78d-741c-43c6-be15-fd58ecaec232","bucket":"473c4b4a-a735-41e5-9d55-3efb8db7f341"} | ret=SUCCESS |  
2025-10-17 11:02:18,557 | INFO  | OMAudit | user=runner | ip=127.0.0.1 | op=COMMIT_KEY {"volume":"478fe78d-741c-43c6-be15-fd58ecaec232","bucket":"473c4b4a-a735-41e5-9d55-3efb8db7f341","key":"faaa8157-7714-426b-8541-8f8fba2942ae","dataSize":"16777217","replicationType":"EC","replicationConfig":"rs-3-2-1048576","Transaction":"405"} | ret=SUCCESS |  
2025-10-17 11:02:18,577 | INFO  | OMAudit | user=runner | ip=127.0.0.1 | op=READ_VOLUME {"volume":"478fe78d-741c-43c6-be15-fd58ecaec232"} | ret=SUCCESS |  
2025-10-17 11:02:18,579 | INFO  | OMAudit | user=runner | ip=127.0.0.1 | op=READ_BUCKET {"volume":"478fe78d-741c-43c6-be15-fd58ecaec232","bucket":"473c4b4a-a735-41e5-9d55-3efb8db7f341"} | ret=SUCCESS |  
2025-10-17 11:02:18,716 | INFO  | SCMAudit | user=runner | ip=127.0.0.1 | op=SEND_HEARTBEAT {"datanodeUUID":"28c08cd4-c049-4c66-8210-e254cf68b291","term":"2","command":"[]"} | ret=SUCCESS |  
2025-10-17 11:02:18,716 | INFO  | SCMAudit | user=runner | ip=127.0.0.1 | op=SEND_HEARTBEAT {"datanodeUUID":"b1eee25a-1fdf-4744-83c7-58e0513fce3b","term":"2","command":"[]"} | ret=SUCCESS |  
2025-10-17 11:02:18,716 | INFO  | SCMAudit | user=runner | ip=127.0.0.1 | op=SEND_HEARTBEAT {"datanodeUUID":"b6f92338-e951-49df-a986-ea31ece96e9e","term":"2","command":"[]"} | ret=SUCCESS |  
2025-10-17 11:02:18,717 | INFO  | SCMAudit | user=runner | ip=127.0.0.1 | op=SEND_HEARTBEAT {"datanodeUUID":"2b4cc429-f9c1-416c-9a38-6239a2e149ea","term":"2","command":"[]"} | ret=SUCCESS |  
2025-10-17 11:02:18,718 | INFO  | SCMAudit | user=runner | ip=127.0.0.1 | op=SEND_HEARTBEAT {"datanodeUUID":"b292b6be-9482-4c30-a3e0-c9f721931b72","term":"2","command":"[]"} | ret=SUCCESS |  
2025-10-17 11:02:18,753 | INFO  | SCMAudit | user=runner | ip=127.0.0.1 | op=SEND_HEARTBEAT {"datanodeUUID":"dbd6f242-9b73-4bca-a110-3e2ec656b979","term":"2","command":"[]"} | ret=SUCCESS |  
2025-10-17 11:02:18,755 | INFO  | SCMAudit | user=runner | ip=127.0.0.1 | op=SEND_HEARTBEAT {"datanodeUUID":"ed6e9581-5875-4278-a8db-50829892434b","term":"2","command":"[]"} | ret=SUCCESS |  
2025-10-17 11:02:18,860 | INFO  | SCMAudit | user=runner | ip=127.0.0.1 | op=SEND_HEARTBEAT {"datanodeUUID":"a5293c95-44e9-4ea9-88ca-89089eac4b59","term":"2","command":"[]"} | ret=SUCCESS |  
2025-10-17 11:02:18,936 | INFO  | SCMAudit | user=runner | ip=127.0.0.1 | op=SEND_HEARTBEAT {"datanodeUUID":"3a11eef6-a527-493c-8ba3-ae39ecaefa56","term":"2","command":"[]"} | ret=SUCCESS |  
2025-10-17 11:02:19,030 | INFO  | SCMAudit | user=runner | ip=127.0.0.1 | op=SEND_HEARTBEAT {"datanodeUUID":"309ab1ff-9f5a-4058-8b2f-94d451ce5267","term":"2","command":"[]"} | ret=SUCCESS |  
2025-10-17 11:02:19,127 [om1-KeyDeletingService#4] INFO  service.KeyDeletingService (KeyDeletingService.java:processKeyDeletes(151)) - Send 1 key(s) to SCM, first 1 keys: [PurgedKey{blockGroup=BlockGroup[groupID='/478fe78d-741c-43c6-be15-fd58ecaec232/473c4b4a-a735-41e5-9d55-3efb8db7f341/faaa8157-7714-426b-8541-8f8fba2942ae/-9223372036854672128/0', blockIDs=[conID: 27 locID: 115816896921600132 bcsId: 0 replicaIndex: null, conID: 27 locID: 115816896921600133 bcsId: 0 replicaIndex: null]], volume='478fe78d-741c-43c6-be15-fd58ecaec232', bucket='473c4b4a-a735-41e5-9d55-3efb8db7f341', bucketId=-9223372036854673152, purgedBytes=29360129, isCommittedKey=true, deleteKeyName='/478fe78d-741c-43c6-be15-fd58ecaec232/473c4b4a-a735-41e5-9d55-3efb8db7f341/faaa8157-7714-426b-8541-8f8fba2942ae/-9223372036854672128'}]
2025-10-17 11:02:19,129 | INFO  | SCMAudit | user=runner | ip=127.0.0.1 | op=DELETE_KEY_BLOCK {"KeyBlockToDelete":"[BlockGroup[groupID='/478fe78d-741c-43c6-be15-fd58ecaec232/473c4b4a-a735-41e5-9d55-3efb8db7f341/faaa8157-7714-426b-8541-8f8fba2942ae/-9223372036854672128/0', blockIDs=[conID: 27 locID: 115816896921600132 bcsId: 0 replicaIndex: null, conID: 27 locID: 115816896921600133 bcsId: 0 replicaIndex: null]]]"} | ret=SUCCESS |  
2025-10-17 11:02:19,130 [om1-KeyDeletingService#4] INFO  service.KeyDeletingService (KeyDeletingService.java:processKeyDeletes(158)) - 1 BlockGroup deletion are acked by SCM in 2 ms
2025-10-17 11:02:19,131 [om1-KeyDeletingService#4] INFO  service.KeyDeletingService (KeyDeletingService.java:processKeyDeletes(166)) - Blocks for 1 (out of 1) keys are deleted from DB in 2 ms. Limit per task is 50000.
2025-10-17 11:02:19,215 | INFO  | SCMAudit | user=runner | ip=127.0.0.1 | op=SEND_HEARTBEAT {"datanodeUUID":"50dccd39-549f-4f43-8b1f-597bf98f9c16","term":"2","command":"[]"} | ret=SUCCESS |  
2025-10-17 11:02:19,232 | INFO  | SCMAudit | user=runner | ip=127.0.0.1 | op=SEND_HEARTBEAT {"datanodeUUID":"99c47355-c013-4450-a734-aff6d3c99677","term":"2","command":"[]"} | ret=SUCCESS |  
2025-10-17 11:02:19,232 | INFO  | SCMAudit | user=runner | ip=127.0.0.1 | op=SEND_HEARTBEAT {"datanodeUUID":"718bfa29-2c47-4ab5-ac61-3dfe9c6b9d5c","term":"2","command":"[]"} | ret=SUCCESS |  
2025-10-17 11:02:19,237 | INFO  | SCMAudit | user=runner | ip=127.0.0.1 | op=SEND_HEARTBEAT {"datanodeUUID":"7995ae7b-77ec-4e72-809d-814459f62ee0","term":"2","command":"[]"} | ret=SUCCESS |  
2025-10-17 11:02:19,581 | INFO  | OMAudit | user=runner | ip=127.0.0.1 | op=READ_VOLUME {"volume":"478fe78d-741c-43c6-be15-fd58ecaec232"} | ret=SUCCESS |  
2025-10-17 11:02:19,582 | INFO  | OMAudit | user=runner | ip=127.0.0.1 | op=READ_BUCKET {"volume":"478fe78d-741c-43c6-be15-fd58ecaec232","bucket":"473c4b4a-a735-41e5-9d55-3efb8db7f341"} | ret=SUCCESS |  
2025-10-17 11:02:19,585 | INFO  | OMAudit | user=runner | ip=127.0.0.1 | op=DELETE_KEY {"volume":"478fe78d-741c-43c6-be15-fd58ecaec232","bucket":"473c4b4a-a735-41e5-9d55-3efb8db7f341","key":"faaa8157-7714-426b-8541-8f8fba2942ae","dataSize":"16777217","replicationConfig":"EC{rs-3-2-1024k}","Transaction":"407"} | ret=SUCCESS |  
2025-10-17 11:02:19,586 | INFO  | OMAudit | user=runner | ip=127.0.0.1 | op=READ_VOLUME {"volume":"478fe78d-741c-43c6-be15-fd58ecaec232"} | ret=SUCCESS |  
2025-10-17 11:02:19,587 | INFO  | OMAudit | user=runner | ip=127.0.0.1 | op=READ_BUCKET {"volume":"478fe78d-741c-43c6-be15-fd58ecaec232","bucket":"473c4b4a-a735-41e5-9d55-3efb8db7f341"} | ret=SUCCESS |  
2025-10-17 11:02:19,716 | INFO  | SCMAudit | user=runner | ip=127.0.0.1 | op=SEND_HEARTBEAT {"datanodeUUID":"b1eee25a-1fdf-4744-83c7-58e0513fce3b","term":"2","command":"[]"} | ret=SUCCESS |  
2025-10-17 11:02:19,716 | INFO  | SCMAudit | user=runner | ip=127.0.0.1 | op=SEND_HEARTBEAT {"datanodeUUID":"28c08cd4-c049-4c66-8210-e254cf68b291","term":"2","command":"[]"} | ret=SUCCESS |  
2025-10-17 11:02:19,717 | INFO  | SCMAudit | user=runner | ip=127.0.0.1 | op=SEND_HEARTBEAT {"datanodeUUID":"b6f92338-e951-49df-a986-ea31ece96e9e","term":"2","command":"[]"} | ret=SUCCESS |  
2025-10-17 11:02:19,718 | INFO  | SCMAudit | user=runner | ip=127.0.0.1 | op=SEND_HEARTBEAT {"datanodeUUID":"b292b6be-9482-4c30-a3e0-c9f721931b72","term":"2","command":"[]"} | ret=SUCCESS |  
2025-10-17 11:02:19,718 | INFO  | SCMAudit | user=runner | ip=127.0.0.1 | op=SEND_HEARTBEAT {"datanodeUUID":"2b4cc429-f9c1-416c-9a38-6239a2e149ea","term":"2","command":"[]"} | ret=SUCCESS |  
2025-10-17 11:02:19,753 | INFO  | SCMAudit | user=runner | ip=127.0.0.1 | op=SEND_HEARTBEAT {"datanodeUUID":"dbd6f242-9b73-4bca-a110-3e2ec656b979","term":"2","command":"[]"} | ret=SUCCESS |  
2025-10-17 11:02:19,755 | INFO  | SCMAudit | user=runner | ip=127.0.0.1 | op=SEND_HEARTBEAT {"datanodeUUID":"ed6e9581-5875-4278-a8db-50829892434b","term":"2","command":"[]"} | ret=SUCCESS |  
2025-10-17 11:02:19,860 | INFO  | SCMAudit | user=runner | ip=127.0.0.1 | op=SEND_HEARTBEAT {"datanodeUUID":"a5293c95-44e9-4ea9-88ca-89089eac4b59","term":"2","command":"[]"} | ret=SUCCESS |  
2025-10-17 11:02:19,936 | INFO  | SCMAudit | user=runner | ip=127.0.0.1 | op=SEND_HEARTBEAT {"datanodeUUID":"3a11eef6-a527-493c-8ba3-ae39ecaefa56","term":"2","command":"[]"} | ret=SUCCESS |  
2025-10-17 11:02:20,030 | INFO  | SCMAudit | user=runner | ip=127.0.0.1 | op=SEND_HEARTBEAT {"datanodeUUID":"309ab1ff-9f5a-4058-8b2f-94d451ce5267","term":"2","command":"[]"} | ret=SUCCESS |  
2025-10-17 11:02:20,127 [om1-KeyDeletingService#3] INFO  service.KeyDeletingService (KeyDeletingService.java:processKeyDeletes(151)) - Send 1 key(s) to SCM, first 1 keys: [PurgedKey{blockGroup=BlockGroup[groupID='/478fe78d-741c-43c6-be15-fd58ecaec232/473c4b4a-a735-41e5-9d55-3efb8db7f341/faaa8157-7714-426b-8541-8f8fba2942ae/-9223372036854672895/0', blockIDs=[conID: 27 locID: 115816896921600134 bcsId: 0 replicaIndex: null, conID: 25 locID: 115816896921600135 bcsId: 0 replicaIndex: null]], volume='478fe78d-741c-43c6-be15-fd58ecaec232', bucket='473c4b4a-a735-41e5-9d55-3efb8db7f341', bucketId=-9223372036854673152, purgedBytes=29360129, isCommittedKey=true, deleteKeyName='/478fe78d-741c-43c6-be15-fd58ecaec232/473c4b4a-a735-41e5-9d55-3efb8db7f341/faaa8157-7714-426b-8541-8f8fba2942ae/-9223372036854672895'}]
2025-10-17 11:02:20,129 | INFO  | SCMAudit | user=runner | ip=127.0.0.1 | op=DELETE_KEY_BLOCK {"KeyBlockToDelete":"[BlockGroup[groupID='/478fe78d-741c-43c6-be15-fd58ecaec232/473c4b4a-a735-41e5-9d55-3efb8db7f341/faaa8157-7714-426b-8541-8f8fba2942ae/-9223372036854672895/0', blockIDs=[conID: 27 locID: 115816896921600134 bcsId: 0 replicaIndex: null, conID: 25 locID: 115816896921600135 bcsId: 0 replicaIndex: null]]]"} | ret=SUCCESS |  
2025-10-17 11:02:20,130 [om1-KeyDeletingService#3] INFO  service.KeyDeletingService (KeyDeletingService.java:processKeyDeletes(158)) - 1 BlockGroup deletion are acked by SCM in 2 ms
2025-10-17 11:02:20,131 [om1-KeyDeletingService#3] INFO  service.KeyDeletingService (KeyDeletingService.java:processKeyDeletes(166)) - Blocks for 1 (out of 1) keys are deleted from DB in 2 ms. Limit per task is 50000.
2025-10-17 11:02:20,214 | INFO  | SCMAudit | user=runner | ip=127.0.0.1 | op=SEND_HEARTBEAT {"datanodeUUID":"50dccd39-549f-4f43-8b1f-597bf98f9c16","term":"2","command":"[]"} | ret=SUCCESS |  
2025-10-17 11:02:20,233 | INFO  | SCMAudit | user=runner | ip=127.0.0.1 | op=SEND_HEARTBEAT {"datanodeUUID":"718bfa29-2c47-4ab5-ac61-3dfe9c6b9d5c","term":"2","command":"[]"} | ret=SUCCESS |  
2025-10-17 11:02:20,233 | INFO  | SCMAudit | user=runner | ip=127.0.0.1 | op=SEND_HEARTBEAT {"datanodeUUID":"99c47355-c013-4450-a734-aff6d3c99677","term":"2","command":"[]"} | ret=SUCCESS |  
2025-10-17 11:02:20,237 | INFO  | SCMAudit | user=runner | ip=127.0.0.1 | op=SEND_HEARTBEAT {"datanodeUUID":"7995ae7b-77ec-4e72-809d-814459f62ee0","term":"2","command":"[]"} | ret=SUCCESS |  
2025-10-17 11:02:20,588 | INFO  | OMAudit | user=runner | ip=127.0.0.1 | op=READ_VOLUME {"volume":"478fe78d-741c-43c6-be15-fd58ecaec232"} | ret=SUCCESS |  
2025-10-17 11:02:20,589 | INFO  | OMAudit | user=runner | ip=127.0.0.1 | op=READ_BUCKET {"volume":"478fe78d-741c-43c6-be15-fd58ecaec232","bucket":"473c4b4a-a735-41e5-9d55-3efb8db7f341"} | ret=SUCCESS |  
2025-10-17 11:02:20,590 [ForkJoinPool-1-worker-1] INFO  rpc.RpcClient (RpcClient.java:createVolume(461)) - Creating Volume: d1b5f19f-d033-42d9-8d99-abd92a7ea422, with runner as owner and space quota set to -1 bytes, counts quota set to -1
2025-10-17 11:02:20,591 [om1-OMStateMachineApplyTransactionThread - 0] INFO  volume.OMVolumeCreateRequest (OMVolumeCreateRequest.java:validateAndUpdateCache(213)) - created volume:d1b5f19f-d033-42d9-8d99-abd92a7ea422 for user:runner
2025-10-17 11:02:20,592 | INFO  | OMAudit | user=runner | ip=127.0.0.1 | op=CREATE_VOLUME {"admin":"runner","owner":"runner","volume":"d1b5f19f-d033-42d9-8d99-abd92a7ea422","creationTime":"1760698940590","modificationTime":"1760698940590","quotaInBytes":"-1","quotaInNamespace":"-1","usedNamespace":"0","objectID":"-9223372036854671104","updateID":"409","Transaction":"409"} | ret=SUCCESS |  
2025-10-17 11:02:20,593 | INFO  | OMAudit | user=runner | ip=127.0.0.1 | op=READ_VOLUME {"volume":"d1b5f19f-d033-42d9-8d99-abd92a7ea422"} | ret=SUCCESS |  
2025-10-17 11:02:20,593 [ForkJoinPool-1-worker-1] INFO  rpc.RpcClient (RpcClient.java:createBucket(686)) - Creating Bucket: d1b5f19f-d033-42d9-8d99-abd92a7ea422/e33a9d8f-e6f8-4457-918c-02080d9bfdf6, with server-side default bucket layout, runner as owner, Versioning false, Storage Type set to DISK and Encryption set to false, Replication Type set to server-side default replication type, Namespace Quota set to -1, Space Quota set to -1 
2025-10-17 11:02:20,595 [om1-OMStateMachineApplyTransactionThread - 0] INFO  bucket.OMBucketCreateRequest (OMBucketCreateRequest.java:validateAndUpdateCache(303)) - created bucket: e33a9d8f-e6f8-4457-918c-02080d9bfdf6 of layout FILE_SYSTEM_OPTIMIZED in volume: d1b5f19f-d033-42d9-8d99-abd92a7ea422
2025-10-17 11:02:20,595 | INFO  | OMAudit | user=runner | ip=127.0.0.1 | op=CREATE_BUCKET {"volume":"d1b5f19f-d033-42d9-8d99-abd92a7ea422","bucket":"e33a9d8f-e6f8-4457-918c-02080d9bfdf6","bucketLayout":"FILE_SYSTEM_OPTIMIZED","gdprEnabled":null,"acls":"[user:runner:a[ACCESS], group:runner:rl[ACCESS]]","isVersionEnabled":"false","storageType":"DISK","creationTime":"1760698940594","bucketEncryptionKey":null,"modificationTime":"1760698940594","usedBytes":"0","usedNamespace":"0","snapshotUsedBytes":"0","snapshotUsedNamespace":"0","owner":"runner","replicationType":null,"replicationConfig":null,"quotaInBytes":"-1","quotaInNamespace":"-1","Transaction":"410"} | ret=SUCCESS |  
2025-10-17 11:02:20,595 | INFO  | OMAudit | user=runner | ip=127.0.0.1 | op=READ_BUCKET {"volume":"d1b5f19f-d033-42d9-8d99-abd92a7ea422","bucket":"e33a9d8f-e6f8-4457-918c-02080d9bfdf6"} | ret=SUCCESS |  
2025-10-17 11:02:20,598 | INFO  | OMAudit | user=runner | ip=127.0.0.1 | op=READ_BUCKET {"volume":"d1b5f19f-d033-42d9-8d99-abd92a7ea422","bucket":"e33a9d8f-e6f8-4457-918c-02080d9bfdf6"} | ret=SUCCESS |  
2025-10-17 11:02:20,599 | INFO  | SCMAudit | user=runner | ip=127.0.0.1 | op=ALLOCATE_BLOCK {"replication":"EC{rs-3-2-1024k}","owner":"omServiceIdDefault","size":"4194304","sampleBlocks":"[conID: 25 locID: 115816896921600136, conID: 26 locID: 115816896921600137]","num":"2","client":"","allocated":"2"} | ret=SUCCESS |  
2025-10-17 11:02:20,602 | INFO  | OMAudit | user=runner | ip=127.0.0.1 | op=ALLOCATE_KEY {"volume":"d1b5f19f-d033-42d9-8d99-abd92a7ea422","bucket":"e33a9d8f-e6f8-4457-918c-02080d9bfdf6","key":"0b5c8658-9020-489b-bd67-71b922fa8821","dataSize":"20971520","replicationType":"EC","replicationConfig":"rs-3-2-1048576","Transaction":"411"} | ret=SUCCESS |  
2025-10-17 11:02:20,604 | INFO  | OMAudit | user=runner | ip=127.0.0.1 | op=READ_VOLUME {"volume":"d1b5f19f-d033-42d9-8d99-abd92a7ea422"} | ret=SUCCESS |  
2025-10-17 11:02:20,606 | INFO  | OMAudit | user=runner | ip=127.0.0.1 | op=READ_BUCKET {"volume":"d1b5f19f-d033-42d9-8d99-abd92a7ea422","bucket":"e33a9d8f-e6f8-4457-918c-02080d9bfdf6"} | ret=SUCCESS |  
2025-10-17 11:02:20,700 | INFO  | OMAudit | user=runner | ip=127.0.0.1 | op=COMMIT_KEY {"volume":"d1b5f19f-d033-42d9-8d99-abd92a7ea422","bucket":"e33a9d8f-e6f8-4457-918c-02080d9bfdf6","key":"0b5c8658-9020-489b-bd67-71b922fa8821","dataSize":"20971520","replicationType":"EC","replicationConfig":"rs-3-2-1048576","Transaction":"412"} | ret=SUCCESS |  
2025-10-17 11:02:20,701 | INFO  | OMAudit | user=runner | ip=127.0.0.1 | op=READ_VOLUME {"volume":"d1b5f19f-d033-42d9-8d99-abd92a7ea422"} | ret=SUCCESS |  
2025-10-17 11:02:20,702 | INFO  | OMAudit | user=runner | ip=127.0.0.1 | op=READ_BUCKET {"volume":"d1b5f19f-d033-42d9-8d99-abd92a7ea422","bucket":"e33a9d8f-e6f8-4457-918c-02080d9bfdf6"} | ret=SUCCESS |  
2025-10-17 11:02:20,703 | INFO  | OMAudit | user=runner | ip=127.0.0.1 | op=READ_BUCKET {"volume":"d1b5f19f-d033-42d9-8d99-abd92a7ea422","bucket":"e33a9d8f-e6f8-4457-918c-02080d9bfdf6"} | ret=SUCCESS |  
2025-10-17 11:02:20,704 | INFO  | SCMAudit | user=runner | ip=127.0.0.1 | op=ALLOCATE_BLOCK {"replication":"EC{rs-3-2-1024k}","owner":"omServiceIdDefault","size":"4194304","sampleBlocks":"[conID: 23 locID: 115816896921600138, conID: 23 locID: 115816896921600139]","num":"2","client":"","allocated":"2"} | ret=SUCCESS |  
2025-10-17 11:02:20,707 | INFO  | OMAudit | user=runner | ip=127.0.0.1 | op=ALLOCATE_KEY {"volume":"d1b5f19f-d033-42d9-8d99-abd92a7ea422","bucket":"e33a9d8f-e6f8-4457-918c-02080d9bfdf6","key":"0b5c8658-9020-489b-bd67-71b922fa8821","dataSize":"20971520","replicationType":"EC","replicationConfig":"rs-3-2-1048576","Transaction":"413"} | ret=SUCCESS |  
2025-10-17 11:02:20,708 | INFO  | OMAudit | user=runner | ip=127.0.0.1 | op=READ_VOLUME {"volume":"d1b5f19f-d033-42d9-8d99-abd92a7ea422"} | ret=SUCCESS |  
2025-10-17 11:02:20,709 | INFO  | OMAudit | user=runner | ip=127.0.0.1 | op=READ_BUCKET {"volume":"d1b5f19f-d033-42d9-8d99-abd92a7ea422","bucket":"e33a9d8f-e6f8-4457-918c-02080d9bfdf6"} | ret=SUCCESS |  
2025-10-17 11:02:20,716 | INFO  | SCMAudit | user=runner | ip=127.0.0.1 | op=SEND_HEARTBEAT {"datanodeUUID":"28c08cd4-c049-4c66-8210-e254cf68b291","term":"2","command":"[]"} | ret=SUCCESS |  
2025-10-17 11:02:20,716 | INFO  | SCMAudit | user=runner | ip=127.0.0.1 | op=SEND_HEARTBEAT {"datanodeUUID":"b1eee25a-1fdf-4744-83c7-58e0513fce3b","term":"2","command":"[]"} | ret=SUCCESS |  
2025-10-17 11:02:20,717 | INFO  | SCMAudit | user=runner | ip=127.0.0.1 | op=SEND_HEARTBEAT {"datanodeUUID":"b6f92338-e951-49df-a986-ea31ece96e9e","term":"2","command":"[]"} | ret=SUCCESS |  
2025-10-17 11:02:20,720 | INFO  | SCMAudit | user=runner | ip=127.0.0.1 | op=SEND_HEARTBEAT {"datanodeUUID":"b292b6be-9482-4c30-a3e0-c9f721931b72","term":"2","command":"[]"} | ret=SUCCESS |  
2025-10-17 11:02:20,721 | INFO  | SCMAudit | user=runner | ip=127.0.0.1 | op=SEND_HEARTBEAT {"datanodeUUID":"2b4cc429-f9c1-416c-9a38-6239a2e149ea","term":"2","command":"[]"} | ret=SUCCESS |  
2025-10-17 11:02:20,755 | INFO  | SCMAudit | user=runner | ip=127.0.0.1 | op=SEND_HEARTBEAT {"datanodeUUID":"dbd6f242-9b73-4bca-a110-3e2ec656b979","term":"2","command":"[]"} | ret=SUCCESS |  
2025-10-17 11:02:20,757 | INFO  | SCMAudit | user=runner | ip=127.0.0.1 | op=SEND_HEARTBEAT {"datanodeUUID":"ed6e9581-5875-4278-a8db-50829892434b","term":"2","command":"[]"} | ret=SUCCESS |  
2025-10-17 11:02:20,807 | INFO  | OMAudit | user=runner | ip=127.0.0.1 | op=COMMIT_KEY {"volume":"d1b5f19f-d033-42d9-8d99-abd92a7ea422","bucket":"e33a9d8f-e6f8-4457-918c-02080d9bfdf6","key":"0b5c8658-9020-489b-bd67-71b922fa8821","dataSize":"20971520","replicationType":"EC","replicationConfig":"rs-3-2-1048576","Transaction":"414"} | ret=SUCCESS |  
2025-10-17 11:02:20,808 | INFO  | OMAudit | user=runner | ip=127.0.0.1 | op=READ_VOLUME {"volume":"d1b5f19f-d033-42d9-8d99-abd92a7ea422"} | ret=SUCCESS |  
2025-10-17 11:02:20,809 | INFO  | OMAudit | user=runner | ip=127.0.0.1 | op=READ_BUCKET {"volume":"d1b5f19f-d033-42d9-8d99-abd92a7ea422","bucket":"e33a9d8f-e6f8-4457-918c-02080d9bfdf6"} | ret=SUCCESS |  
2025-10-17 11:02:20,860 | INFO  | SCMAudit | user=runner | ip=127.0.0.1 | op=SEND_HEARTBEAT {"datanodeUUID":"a5293c95-44e9-4ea9-88ca-89089eac4b59","term":"2","command":"[]"} | ret=SUCCESS |  
2025-10-17 11:02:20,936 | INFO  | SCMAudit | user=runner | ip=127.0.0.1 | op=SEND_HEARTBEAT {"datanodeUUID":"3a11eef6-a527-493c-8ba3-ae39ecaefa56","term":"2","command":"[]"} | ret=SUCCESS |  
2025-10-17 11:02:21,030 | INFO  | SCMAudit | user=runner | ip=127.0.0.1 | op=SEND_HEARTBEAT {"datanodeUUID":"309ab1ff-9f5a-4058-8b2f-94d451ce5267","term":"2","command":"[]"} | ret=SUCCESS |  
2025-10-17 11:02:21,128 [om1-KeyDeletingService#8] INFO  service.KeyDeletingService (KeyDeletingService.java:processKeyDeletes(151)) - Send 1 key(s) to SCM, first 1 keys: [PurgedKey{blockGroup=BlockGroup[groupID='/d1b5f19f-d033-42d9-8d99-abd92a7ea422/e33a9d8f-e6f8-4457-918c-02080d9bfdf6/0b5c8658-9020-489b-bd67-71b922fa8821/-9223372036854669824/0', blockIDs=[conID: 25 locID: 115816896921600136 bcsId: 0 replicaIndex: null, conID: 26 locID: 115816896921600137 bcsId: 0 replicaIndex: null]], volume='d1b5f19f-d033-42d9-8d99-abd92a7ea422', bucket='e33a9d8f-e6f8-4457-918c-02080d9bfdf6', bucketId=-9223372036854670848, purgedBytes=35651584, isCommittedKey=true, deleteKeyName='/d1b5f19f-d033-42d9-8d99-abd92a7ea422/e33a9d8f-e6f8-4457-918c-02080d9bfdf6/0b5c8658-9020-489b-bd67-71b922fa8821/-9223372036854669824'}]
2025-10-17 11:02:21,130 | INFO  | SCMAudit | user=runner | ip=127.0.0.1 | op=DELETE_KEY_BLOCK {"KeyBlockToDelete":"[BlockGroup[groupID='/d1b5f19f-d033-42d9-8d99-abd92a7ea422/e33a9d8f-e6f8-4457-918c-02080d9bfdf6/0b5c8658-9020-489b-bd67-71b922fa8821/-9223372036854669824/0', blockIDs=[conID: 25 locID: 115816896921600136 bcsId: 0 replicaIndex: null, conID: 26 locID: 115816896921600137 bcsId: 0 replicaIndex: null]]]"} | ret=SUCCESS |  
2025-10-17 11:02:21,130 [om1-KeyDeletingService#8] INFO  service.KeyDeletingService (KeyDeletingService.java:processKeyDeletes(158)) - 1 BlockGroup deletion are acked by SCM in 2 ms
2025-10-17 11:02:21,132 [om1-KeyDeletingService#8] INFO  service.KeyDeletingService (KeyDeletingService.java:processKeyDeletes(166)) - Blocks for 1 (out of 1) keys are deleted from DB in 1 ms. Limit per task is 50000.
2025-10-17 11:02:21,214 | INFO  | SCMAudit | user=runner | ip=127.0.0.1 | op=SEND_HEARTBEAT {"datanodeUUID":"50dccd39-549f-4f43-8b1f-597bf98f9c16","term":"2","command":"[]"} | ret=SUCCESS |  
2025-10-17 11:02:21,233 | INFO  | SCMAudit | user=runner | ip=127.0.0.1 | op=SEND_HEARTBEAT {"datanodeUUID":"718bfa29-2c47-4ab5-ac61-3dfe9c6b9d5c","term":"2","command":"[]"} | ret=SUCCESS |  
2025-10-17 11:02:21,233 | INFO  | SCMAudit | user=runner | ip=127.0.0.1 | op=SEND_HEARTBEAT {"datanodeUUID":"99c47355-c013-4450-a734-aff6d3c99677","term":"2","command":"[]"} | ret=SUCCESS |  
2025-10-17 11:02:21,237 | INFO  | SCMAudit | user=runner | ip=127.0.0.1 | op=SEND_HEARTBEAT {"datanodeUUID":"7995ae7b-77ec-4e72-809d-814459f62ee0","term":"2","command":"[]"} | ret=SUCCESS |  
2025-10-17 11:02:21,716 | INFO  | SCMAudit | user=runner | ip=127.0.0.1 | op=SEND_HEARTBEAT {"datanodeUUID":"b1eee25a-1fdf-4744-83c7-58e0513fce3b","term":"2","command":"[]"} | ret=SUCCESS |  
2025-10-17 11:02:21,716 | INFO  | SCMAudit | user=runner | ip=127.0.0.1 | op=SEND_HEARTBEAT {"datanodeUUID":"28c08cd4-c049-4c66-8210-e254cf68b291","term":"2","command":"[]"} | ret=SUCCESS |  
2025-10-17 11:02:21,717 | INFO  | SCMAudit | user=runner | ip=127.0.0.1 | op=SEND_HEARTBEAT {"datanodeUUID":"b6f92338-e951-49df-a986-ea31ece96e9e","term":"2","command":"[]"} | ret=SUCCESS |  
2025-10-17 11:02:21,718 | INFO  | SCMAudit | user=runner | ip=127.0.0.1 | op=SEND_HEARTBEAT {"datanodeUUID":"2b4cc429-f9c1-416c-9a38-6239a2e149ea","term":"2","command":"[]"} | ret=SUCCESS |  
2025-10-17 11:02:21,718 | INFO  | SCMAudit | user=runner | ip=127.0.0.1 | op=SEND_HEARTBEAT {"datanodeUUID":"b292b6be-9482-4c30-a3e0-c9f721931b72","term":"2","command":"[]"} | ret=SUCCESS |  
2025-10-17 11:02:21,755 | INFO  | SCMAudit | user=runner | ip=127.0.0.1 | op=SEND_HEARTBEAT {"datanodeUUID":"dbd6f242-9b73-4bca-a110-3e2ec656b979","term":"2","command":"[]"} | ret=SUCCESS |  
2025-10-17 11:02:21,756 | INFO  | SCMAudit | user=runner | ip=127.0.0.1 | op=SEND_HEARTBEAT {"datanodeUUID":"ed6e9581-5875-4278-a8db-50829892434b","term":"2","command":"[]"} | ret=SUCCESS |  
2025-10-17 11:02:21,810 | INFO  | OMAudit | user=runner | ip=127.0.0.1 | op=READ_VOLUME {"volume":"d1b5f19f-d033-42d9-8d99-abd92a7ea422"} | ret=SUCCESS |  
2025-10-17 11:02:21,811 | INFO  | OMAudit | user=runner | ip=127.0.0.1 | op=READ_BUCKET {"volume":"d1b5f19f-d033-42d9-8d99-abd92a7ea422","bucket":"e33a9d8f-e6f8-4457-918c-02080d9bfdf6"} | ret=SUCCESS |  
2025-10-17 11:02:21,815 | INFO  | OMAudit | user=runner | ip=127.0.0.1 | op=DELETE_KEY {"volume":"d1b5f19f-d033-42d9-8d99-abd92a7ea422","bucket":"e33a9d8f-e6f8-4457-918c-02080d9bfdf6","key":"0b5c8658-9020-489b-bd67-71b922fa8821","dataSize":"20971520","replicationConfig":"EC{rs-3-2-1024k}","Transaction":"416"} | ret=SUCCESS |  
2025-10-17 11:02:21,816 | INFO  | OMAudit | user=runner | ip=127.0.0.1 | op=READ_VOLUME {"volume":"d1b5f19f-d033-42d9-8d99-abd92a7ea422"} | ret=SUCCESS |  
2025-10-17 11:02:21,816 | INFO  | OMAudit | user=runner | ip=127.0.0.1 | op=READ_BUCKET {"volume":"d1b5f19f-d033-42d9-8d99-abd92a7ea422","bucket":"e33a9d8f-e6f8-4457-918c-02080d9bfdf6"} | ret=SUCCESS |  
2025-10-17 11:02:21,860 | INFO  | SCMAudit | user=runner | ip=127.0.0.1 | op=SEND_HEARTBEAT {"datanodeUUID":"a5293c95-44e9-4ea9-88ca-89089eac4b59","term":"2","command":"[]"} | ret=SUCCESS |  
2025-10-17 11:02:21,936 | INFO  | SCMAudit | user=runner | ip=127.0.0.1 | op=SEND_HEARTBEAT {"datanodeUUID":"3a11eef6-a527-493c-8ba3-ae39ecaefa56","term":"2","command":"[]"} | ret=SUCCESS |  
2025-10-17 11:02:22,030 | INFO  | SCMAudit | user=runner | ip=127.0.0.1 | op=SEND_HEARTBEAT {"datanodeUUID":"309ab1ff-9f5a-4058-8b2f-94d451ce5267","term":"2","command":"[]"} | ret=SUCCESS |  
2025-10-17 11:02:22,128 [om1-KeyDeletingService#2] INFO  service.KeyDeletingService (KeyDeletingService.java:processKeyDeletes(151)) - Send 1 key(s) to SCM, first 1 keys: [PurgedKey{blockGroup=BlockGroup[groupID='/d1b5f19f-d033-42d9-8d99-abd92a7ea422/e33a9d8f-e6f8-4457-918c-02080d9bfdf6/0b5c8658-9020-489b-bd67-71b922fa8821/-9223372036854670591/0', blockIDs=[conID: 23 locID: 115816896921600138 bcsId: 0 replicaIndex: null, conID: 23 locID: 115816896921600139 bcsId: 0 replicaIndex: null]], volume='d1b5f19f-d033-42d9-8d99-abd92a7ea422', bucket='e33a9d8f-e6f8-4457-918c-02080d9bfdf6', bucketId=-9223372036854670848, purgedBytes=35651584, isCommittedKey=true, deleteKeyName='/d1b5f19f-d033-42d9-8d99-abd92a7ea422/e33a9d8f-e6f8-4457-918c-02080d9bfdf6/0b5c8658-9020-489b-bd67-71b922fa8821/-9223372036854670591'}]
2025-10-17 11:02:22,130 | INFO  | SCMAudit | user=runner | ip=127.0.0.1 | op=DELETE_KEY_BLOCK {"KeyBlockToDelete":"[BlockGroup[groupID='/d1b5f19f-d033-42d9-8d99-abd92a7ea422/e33a9d8f-e6f8-4457-918c-02080d9bfdf6/0b5c8658-9020-489b-bd67-71b922fa8821/-9223372036854670591/0', blockIDs=[conID: 23 locID: 115816896921600138 bcsId: 0 replicaIndex: null, conID: 23 locID: 115816896921600139 bcsId: 0 replicaIndex: null]]]"} | ret=SUCCESS |  
2025-10-17 11:02:22,130 [om1-KeyDeletingService#2] INFO  service.KeyDeletingService (KeyDeletingService.java:processKeyDeletes(158)) - 1 BlockGroup deletion are acked by SCM in 3 ms
2025-10-17 11:02:22,131 [om1-KeyDeletingService#2] INFO  service.KeyDeletingService (KeyDeletingService.java:processKeyDeletes(166)) - Blocks for 1 (out of 1) keys are deleted from DB in 1 ms. Limit per task is 50000.
2025-10-17 11:02:22,214 | INFO  | SCMAudit | user=runner | ip=127.0.0.1 | op=SEND_HEARTBEAT {"datanodeUUID":"50dccd39-549f-4f43-8b1f-597bf98f9c16","term":"2","command":"[]"} | ret=SUCCESS |  
2025-10-17 11:02:22,233 | INFO  | SCMAudit | user=runner | ip=127.0.0.1 | op=SEND_HEARTBEAT {"datanodeUUID":"99c47355-c013-4450-a734-aff6d3c99677","term":"2","command":"[]"} | ret=SUCCESS |  
2025-10-17 11:02:22,233 | INFO  | SCMAudit | user=runner | ip=127.0.0.1 | op=SEND_HEARTBEAT {"datanodeUUID":"718bfa29-2c47-4ab5-ac61-3dfe9c6b9d5c","term":"2","command":"[]"} | ret=SUCCESS |  
2025-10-17 11:02:22,236 | INFO  | SCMAudit | user=runner | ip=127.0.0.1 | op=SEND_HEARTBEAT {"datanodeUUID":"7995ae7b-77ec-4e72-809d-814459f62ee0","term":"2","command":"[]"} | ret=SUCCESS |  
2025-10-17 11:02:22,716 | INFO  | SCMAudit | user=runner | ip=127.0.0.1 | op=SEND_HEARTBEAT {"datanodeUUID":"28c08cd4-c049-4c66-8210-e254cf68b291","term":"2","command":"[]"} | ret=SUCCESS |  
2025-10-17 11:02:22,716 | INFO  | SCMAudit | user=runner | ip=127.0.0.1 | op=SEND_HEARTBEAT {"datanodeUUID":"b1eee25a-1fdf-4744-83c7-58e0513fce3b","term":"2","command":"[]"} | ret=SUCCESS |  
2025-10-17 11:02:22,717 | INFO  | SCMAudit | user=runner | ip=127.0.0.1 | op=SEND_HEARTBEAT {"datanodeUUID":"b6f92338-e951-49df-a986-ea31ece96e9e","term":"2","command":"[]"} | ret=SUCCESS |  
2025-10-17 11:02:22,717 | INFO  | SCMAudit | user=runner | ip=127.0.0.1 | op=SEND_HEARTBEAT {"datanodeUUID":"2b4cc429-f9c1-416c-9a38-6239a2e149ea","term":"2","command":"[]"} | ret=SUCCESS |  
2025-10-17 11:02:22,719 | INFO  | SCMAudit | user=runner | ip=127.0.0.1 | op=SEND_HEARTBEAT {"datanodeUUID":"b292b6be-9482-4c30-a3e0-c9f721931b72","term":"2","command":"[]"} | ret=SUCCESS |  
2025-10-17 11:02:22,755 | INFO  | SCMAudit | user=runner | ip=127.0.0.1 | op=SEND_HEARTBEAT {"datanodeUUID":"dbd6f242-9b73-4bca-a110-3e2ec656b979","term":"2","command":"[]"} | ret=SUCCESS |  
2025-10-17 11:02:22,757 | INFO  | SCMAudit | user=runner | ip=127.0.0.1 | op=SEND_HEARTBEAT {"datanodeUUID":"ed6e9581-5875-4278-a8db-50829892434b","term":"2","command":"[]"} | ret=SUCCESS |  
2025-10-17 11:02:22,818 | INFO  | OMAudit | user=runner | ip=127.0.0.1 | op=READ_VOLUME {"volume":"d1b5f19f-d033-42d9-8d99-abd92a7ea422"} | ret=SUCCESS |  
2025-10-17 11:02:22,819 | INFO  | OMAudit | user=runner | ip=127.0.0.1 | op=READ_BUCKET {"volume":"d1b5f19f-d033-42d9-8d99-abd92a7ea422","bucket":"e33a9d8f-e6f8-4457-918c-02080d9bfdf6"} | ret=SUCCESS |  
2025-10-17 11:02:22,819 [ForkJoinPool-1-worker-1] INFO  rpc.RpcClient (RpcClient.java:createVolume(461)) - Creating Volume: d0807dee-9cfb-4424-ab72-c75dc442a6f4, with runner as owner and space quota set to -1 bytes, counts quota set to -1
2025-10-17 11:02:22,821 [om1-OMStateMachineApplyTransactionThread - 0] INFO  volume.OMVolumeCreateRequest (OMVolumeCreateRequest.java:validateAndUpdateCache(213)) - created volume:d0807dee-9cfb-4424-ab72-c75dc442a6f4 for user:runner
2025-10-17 11:02:22,821 | INFO  | OMAudit | user=runner | ip=127.0.0.1 | op=CREATE_VOLUME {"admin":"runner","owner":"runner","volume":"d0807dee-9cfb-4424-ab72-c75dc442a6f4","creationTime":"1760698942820","modificationTime":"1760698942820","quotaInBytes":"-1","quotaInNamespace":"-1","usedNamespace":"0","objectID":"-9223372036854668800","updateID":"418","Transaction":"418"} | ret=SUCCESS |  
2025-10-17 11:02:22,822 | INFO  | OMAudit | user=runner | ip=127.0.0.1 | op=READ_VOLUME {"volume":"d0807dee-9cfb-4424-ab72-c75dc442a6f4"} | ret=SUCCESS |  
2025-10-17 11:02:22,822 [ForkJoinPool-1-worker-1] INFO  rpc.RpcClient (RpcClient.java:createBucket(686)) - Creating Bucket: d0807dee-9cfb-4424-ab72-c75dc442a6f4/97d5c202-d572-4119-b597-b06af410c828, with server-side default bucket layout, runner as owner, Versioning false, Storage Type set to DISK and Encryption set to false, Replication Type set to server-side default replication type, Namespace Quota set to -1, Space Quota set to -1 
2025-10-17 11:02:22,824 [om1-OMStateMachineApplyTransactionThread - 0] INFO  bucket.OMBucketCreateRequest (OMBucketCreateRequest.java:validateAndUpdateCache(303)) - created bucket: 97d5c202-d572-4119-b597-b06af410c828 of layout FILE_SYSTEM_OPTIMIZED in volume: d0807dee-9cfb-4424-ab72-c75dc442a6f4
2025-10-17 11:02:22,824 | INFO  | OMAudit | user=runner | ip=127.0.0.1 | op=CREATE_BUCKET {"volume":"d0807dee-9cfb-4424-ab72-c75dc442a6f4","bucket":"97d5c202-d572-4119-b597-b06af410c828","bucketLayout":"FILE_SYSTEM_OPTIMIZED","gdprEnabled":null,"acls":"[user:runner:a[ACCESS], group:runner:rl[ACCESS]]","isVersionEnabled":"false","storageType":"DISK","creationTime":"1760698942823","bucketEncryptionKey":null,"modificationTime":"1760698942823","usedBytes":"0","usedNamespace":"0","snapshotUsedBytes":"0","snapshotUsedNamespace":"0","owner":"runner","replicationType":null,"replicationConfig":null,"quotaInBytes":"-1","quotaInNamespace":"-1","Transaction":"419"} | ret=SUCCESS |  
2025-10-17 11:02:22,825 | INFO  | OMAudit | user=runner | ip=127.0.0.1 | op=READ_BUCKET {"volume":"d0807dee-9cfb-4424-ab72-c75dc442a6f4","bucket":"97d5c202-d572-4119-b597-b06af410c828"} | ret=SUCCESS |  
2025-10-17 11:02:22,827 | INFO  | OMAudit | user=runner | ip=127.0.0.1 | op=READ_BUCKET {"volume":"d0807dee-9cfb-4424-ab72-c75dc442a6f4","bucket":"97d5c202-d572-4119-b597-b06af410c828"} | ret=SUCCESS |  
2025-10-17 11:02:22,828 | INFO  | SCMAudit | user=runner | ip=127.0.0.1 | op=ALLOCATE_BLOCK {"replication":"EC{rs-3-2-1024k}","owner":"omServiceIdDefault","size":"4194304","sampleBlocks":"[conID: 25 locID: 115816896921600140, conID: 26 locID: 115816896921600141]","num":"2","client":"","allocated":"2"} | ret=SUCCESS |  
2025-10-17 11:02:22,830 | INFO  | OMAudit | user=runner | ip=127.0.0.1 | op=ALLOCATE_KEY {"volume":"d0807dee-9cfb-4424-ab72-c75dc442a6f4","bucket":"97d5c202-d572-4119-b597-b06af410c828","key":"935b522b-262f-4de2-97d4-9dba3d59b6bc","dataSize":"20971521","replicationType":"EC","replicationConfig":"rs-3-2-1048576","Transaction":"420"} | ret=SUCCESS |  
2025-10-17 11:02:22,832 | INFO  | OMAudit | user=runner | ip=127.0.0.1 | op=READ_VOLUME {"volume":"d0807dee-9cfb-4424-ab72-c75dc442a6f4"} | ret=SUCCESS |  
2025-10-17 11:02:22,833 | INFO  | OMAudit | user=runner | ip=127.0.0.1 | op=READ_BUCKET {"volume":"d0807dee-9cfb-4424-ab72-c75dc442a6f4","bucket":"97d5c202-d572-4119-b597-b06af410c828"} | ret=SUCCESS |  
2025-10-17 11:02:22,861 | INFO  | SCMAudit | user=runner | ip=127.0.0.1 | op=SEND_HEARTBEAT {"datanodeUUID":"a5293c95-44e9-4ea9-88ca-89089eac4b59","term":"2","command":"[]"} | ret=SUCCESS |  
2025-10-17 11:02:22,912 | INFO  | OMAudit | user=runner | ip=127.0.0.1 | op=COMMIT_KEY {"volume":"d0807dee-9cfb-4424-ab72-c75dc442a6f4","bucket":"97d5c202-d572-4119-b597-b06af410c828","key":"935b522b-262f-4de2-97d4-9dba3d59b6bc","dataSize":"20971521","replicationType":"EC","replicationConfig":"rs-3-2-1048576","Transaction":"421"} | ret=SUCCESS |  
2025-10-17 11:02:22,913 | INFO  | OMAudit | user=runner | ip=127.0.0.1 | op=READ_VOLUME {"volume":"d0807dee-9cfb-4424-ab72-c75dc442a6f4"} | ret=SUCCESS |  
2025-10-17 11:02:22,914 | INFO  | OMAudit | user=runner | ip=127.0.0.1 | op=READ_BUCKET {"volume":"d0807dee-9cfb-4424-ab72-c75dc442a6f4","bucket":"97d5c202-d572-4119-b597-b06af410c828"} | ret=SUCCESS |  
2025-10-17 11:02:22,915 | INFO  | OMAudit | user=runner | ip=127.0.0.1 | op=READ_BUCKET {"volume":"d0807dee-9cfb-4424-ab72-c75dc442a6f4","bucket":"97d5c202-d572-4119-b597-b06af410c828"} | ret=SUCCESS |  
2025-10-17 11:02:22,916 | INFO  | SCMAudit | user=runner | ip=127.0.0.1 | op=ALLOCATE_BLOCK {"replication":"EC{rs-3-2-1024k}","owner":"omServiceIdDefault","size":"4194304","sampleBlocks":"[conID: 23 locID: 115816896921600142, conID: 23 locID: 115816896921600143]","num":"2","client":"","allocated":"2"} | ret=SUCCESS |  
2025-10-17 11:02:22,918 | INFO  | OMAudit | user=runner | ip=127.0.0.1 | op=ALLOCATE_KEY {"volume":"d0807dee-9cfb-4424-ab72-c75dc442a6f4","bucket":"97d5c202-d572-4119-b597-b06af410c828","key":"935b522b-262f-4de2-97d4-9dba3d59b6bc","dataSize":"20971521","replicationType":"EC","replicationConfig":"rs-3-2-1048576","Transaction":"422"} | ret=SUCCESS |  
2025-10-17 11:02:22,920 | INFO  | OMAudit | user=runner | ip=127.0.0.1 | op=READ_VOLUME {"volume":"d0807dee-9cfb-4424-ab72-c75dc442a6f4"} | ret=SUCCESS |  
2025-10-17 11:02:22,921 | INFO  | OMAudit | user=runner | ip=127.0.0.1 | op=READ_BUCKET {"volume":"d0807dee-9cfb-4424-ab72-c75dc442a6f4","bucket":"97d5c202-d572-4119-b597-b06af410c828"} | ret=SUCCESS |  
2025-10-17 11:02:22,938 | INFO  | SCMAudit | user=runner | ip=127.0.0.1 | op=SEND_HEARTBEAT {"datanodeUUID":"3a11eef6-a527-493c-8ba3-ae39ecaefa56","term":"2","command":"[]"} | ret=SUCCESS |  
2025-10-17 11:02:23,012 | INFO  | OMAudit | user=runner | ip=127.0.0.1 | op=COMMIT_KEY {"volume":"d0807dee-9cfb-4424-ab72-c75dc442a6f4","bucket":"97d5c202-d572-4119-b597-b06af410c828","key":"935b522b-262f-4de2-97d4-9dba3d59b6bc","dataSize":"20971521","replicationType":"EC","replicationConfig":"rs-3-2-1048576","Transaction":"423"} | ret=SUCCESS |  
2025-10-17 11:02:23,013 | INFO  | OMAudit | user=runner | ip=127.0.0.1 | op=READ_VOLUME {"volume":"d0807dee-9cfb-4424-ab72-c75dc442a6f4"} | ret=SUCCESS |  
2025-10-17 11:02:23,014 | INFO  | OMAudit | user=runner | ip=127.0.0.1 | op=READ_BUCKET {"volume":"d0807dee-9cfb-4424-ab72-c75dc442a6f4","bucket":"97d5c202-d572-4119-b597-b06af410c828"} | ret=SUCCESS |  
2025-10-17 11:02:23,030 | INFO  | SCMAudit | user=runner | ip=127.0.0.1 | op=SEND_HEARTBEAT {"datanodeUUID":"309ab1ff-9f5a-4058-8b2f-94d451ce5267","term":"2","command":"[]"} | ret=SUCCESS |  
2025-10-17 11:02:23,128 [om1-KeyDeletingService#5] INFO  service.KeyDeletingService (KeyDeletingService.java:processKeyDeletes(151)) - Send 1 key(s) to SCM, first 1 keys: [PurgedKey{blockGroup=BlockGroup[groupID='/d0807dee-9cfb-4424-ab72-c75dc442a6f4/97d5c202-d572-4119-b597-b06af410c828/935b522b-262f-4de2-97d4-9dba3d59b6bc/-9223372036854667520/0', blockIDs=[conID: 25 locID: 115816896921600140 bcsId: 0 replicaIndex: null, conID: 26 locID: 115816896921600141 bcsId: 0 replicaIndex: null]], volume='d0807dee-9cfb-4424-ab72-c75dc442a6f4', bucket='97d5c202-d572-4119-b597-b06af410c828', bucketId=-9223372036854668544, purgedBytes=35651585, isCommittedKey=true, deleteKeyName='/d0807dee-9cfb-4424-ab72-c75dc442a6f4/97d5c202-d572-4119-b597-b06af410c828/935b522b-262f-4de2-97d4-9dba3d59b6bc/-9223372036854667520'}]
2025-10-17 11:02:23,130 | INFO  | SCMAudit | user=runner | ip=127.0.0.1 | op=DELETE_KEY_BLOCK {"KeyBlockToDelete":"[BlockGroup[groupID='/d0807dee-9cfb-4424-ab72-c75dc442a6f4/97d5c202-d572-4119-b597-b06af410c828/935b522b-262f-4de2-97d4-9dba3d59b6bc/-9223372036854667520/0', blockIDs=[conID: 25 locID: 115816896921600140 bcsId: 0 replicaIndex: null, conID: 26 locID: 115816896921600141 bcsId: 0 replicaIndex: null]]]"} | ret=SUCCESS |  
2025-10-17 11:02:23,131 [om1-KeyDeletingService#5] INFO  service.KeyDeletingService (KeyDeletingService.java:processKeyDeletes(158)) - 1 BlockGroup deletion are acked by SCM in 3 ms
2025-10-17 11:02:23,132 [om1-KeyDeletingService#5] INFO  service.KeyDeletingService (KeyDeletingService.java:processKeyDeletes(166)) - Blocks for 1 (out of 1) keys are deleted from DB in 2 ms. Limit per task is 50000.
2025-10-17 11:02:23,214 | INFO  | SCMAudit | user=runner | ip=127.0.0.1 | op=SEND_HEARTBEAT {"datanodeUUID":"50dccd39-549f-4f43-8b1f-597bf98f9c16","term":"2","command":"[]"} | ret=SUCCESS |  
2025-10-17 11:02:23,233 | INFO  | SCMAudit | user=runner | ip=127.0.0.1 | op=SEND_HEARTBEAT {"datanodeUUID":"718bfa29-2c47-4ab5-ac61-3dfe9c6b9d5c","term":"2","command":"[]"} | ret=SUCCESS |  
2025-10-17 11:02:23,233 | INFO  | SCMAudit | user=runner | ip=127.0.0.1 | op=SEND_HEARTBEAT {"datanodeUUID":"99c47355-c013-4450-a734-aff6d3c99677","term":"2","command":"[]"} | ret=SUCCESS |  
2025-10-17 11:02:23,237 | INFO  | SCMAudit | user=runner | ip=127.0.0.1 | op=SEND_HEARTBEAT {"datanodeUUID":"7995ae7b-77ec-4e72-809d-814459f62ee0","term":"2","command":"[]"} | ret=SUCCESS |  
2025-10-17 11:02:23,716 | INFO  | SCMAudit | user=runner | ip=127.0.0.1 | op=SEND_HEARTBEAT {"datanodeUUID":"28c08cd4-c049-4c66-8210-e254cf68b291","term":"2","command":"[]"} | ret=SUCCESS |  
2025-10-17 11:02:23,717 | INFO  | SCMAudit | user=runner | ip=127.0.0.1 | op=SEND_HEARTBEAT {"datanodeUUID":"b1eee25a-1fdf-4744-83c7-58e0513fce3b","term":"2","command":"[]"} | ret=SUCCESS |  
2025-10-17 11:02:23,717 | INFO  | SCMAudit | user=runner | ip=127.0.0.1 | op=SEND_HEARTBEAT {"datanodeUUID":"b6f92338-e951-49df-a986-ea31ece96e9e","term":"2","command":"[]"} | ret=SUCCESS |  
2025-10-17 11:02:23,718 | INFO  | SCMAudit | user=runner | ip=127.0.0.1 | op=SEND_HEARTBEAT {"datanodeUUID":"2b4cc429-f9c1-416c-9a38-6239a2e149ea","term":"2","command":"[]"} | ret=SUCCESS |  
2025-10-17 11:02:23,719 | INFO  | SCMAudit | user=runner | ip=127.0.0.1 | op=SEND_HEARTBEAT {"datanodeUUID":"b292b6be-9482-4c30-a3e0-c9f721931b72","term":"2","command":"[]"} | ret=SUCCESS |  
2025-10-17 11:02:23,755 | INFO  | SCMAudit | user=runner | ip=127.0.0.1 | op=SEND_HEARTBEAT {"datanodeUUID":"dbd6f242-9b73-4bca-a110-3e2ec656b979","term":"2","command":"[]"} | ret=SUCCESS |  
2025-10-17 11:02:23,757 | INFO  | SCMAudit | user=runner | ip=127.0.0.1 | op=SEND_HEARTBEAT {"datanodeUUID":"ed6e9581-5875-4278-a8db-50829892434b","term":"2","command":"[]"} | ret=SUCCESS |  
2025-10-17 11:02:23,860 | INFO  | SCMAudit | user=runner | ip=127.0.0.1 | op=SEND_HEARTBEAT {"datanodeUUID":"a5293c95-44e9-4ea9-88ca-89089eac4b59","term":"2","command":"[]"} | ret=SUCCESS |  
2025-10-17 11:02:23,937 | INFO  | SCMAudit | user=runner | ip=127.0.0.1 | op=SEND_HEARTBEAT {"datanodeUUID":"3a11eef6-a527-493c-8ba3-ae39ecaefa56","term":"2","command":"[]"} | ret=SUCCESS |  
2025-10-17 11:02:24,015 | INFO  | OMAudit | user=runner | ip=127.0.0.1 | op=READ_VOLUME {"volume":"d0807dee-9cfb-4424-ab72-c75dc442a6f4"} | ret=SUCCESS |  
2025-10-17 11:02:24,016 | INFO  | OMAudit | user=runner | ip=127.0.0.1 | op=READ_BUCKET {"volume":"d0807dee-9cfb-4424-ab72-c75dc442a6f4","bucket":"97d5c202-d572-4119-b597-b06af410c828"} | ret=SUCCESS |  
2025-10-17 11:02:24,019 | INFO  | OMAudit | user=runner | ip=127.0.0.1 | op=DELETE_KEY {"volume":"d0807dee-9cfb-4424-ab72-c75dc442a6f4","bucket":"97d5c202-d572-4119-b597-b06af410c828","key":"935b522b-262f-4de2-97d4-9dba3d59b6bc","dataSize":"20971521","replicationConfig":"EC{rs-3-2-1024k}","Transaction":"425"} | ret=SUCCESS |  
2025-10-17 11:02:24,020 | INFO  | OMAudit | user=runner | ip=127.0.0.1 | op=READ_VOLUME {"volume":"d0807dee-9cfb-4424-ab72-c75dc442a6f4"} | ret=SUCCESS |  
2025-10-17 11:02:24,020 | INFO  | OMAudit | user=runner | ip=127.0.0.1 | op=READ_BUCKET {"volume":"d0807dee-9cfb-4424-ab72-c75dc442a6f4","bucket":"97d5c202-d572-4119-b597-b06af410c828"} | ret=SUCCESS |  
2025-10-17 11:02:24,030 | INFO  | SCMAudit | user=runner | ip=127.0.0.1 | op=SEND_HEARTBEAT {"datanodeUUID":"309ab1ff-9f5a-4058-8b2f-94d451ce5267","term":"2","command":"[]"} | ret=SUCCESS |  
2025-10-17 11:02:24,128 [om1-KeyDeletingService#7] INFO  service.KeyDeletingService (KeyDeletingService.java:processKeyDeletes(151)) - Send 1 key(s) to SCM, first 1 keys: [PurgedKey{blockGroup=BlockGroup[groupID='/d0807dee-9cfb-4424-ab72-c75dc442a6f4/97d5c202-d572-4119-b597-b06af410c828/935b522b-262f-4de2-97d4-9dba3d59b6bc/-9223372036854668287/0', blockIDs=[conID: 23 locID: 115816896921600142 bcsId: 0 replicaIndex: null, conID: 23 locID: 115816896921600143 bcsId: 0 replicaIndex: null]], volume='d0807dee-9cfb-4424-ab72-c75dc442a6f4', bucket='97d5c202-d572-4119-b597-b06af410c828', bucketId=-9223372036854668544, purgedBytes=35651585, isCommittedKey=true, deleteKeyName='/d0807dee-9cfb-4424-ab72-c75dc442a6f4/97d5c202-d572-4119-b597-b06af410c828/935b522b-262f-4de2-97d4-9dba3d59b6bc/-9223372036854668287'}]
2025-10-17 11:02:24,130 | INFO  | SCMAudit | user=runner | ip=127.0.0.1 | op=DELETE_KEY_BLOCK {"KeyBlockToDelete":"[BlockGroup[groupID='/d0807dee-9cfb-4424-ab72-c75dc442a6f4/97d5c202-d572-4119-b597-b06af410c828/935b522b-262f-4de2-97d4-9dba3d59b6bc/-9223372036854668287/0', blockIDs=[conID: 23 locID: 115816896921600142 bcsId: 0 replicaIndex: null, conID: 23 locID: 115816896921600143 bcsId: 0 replicaIndex: null]]]"} | ret=SUCCESS |  
2025-10-17 11:02:24,130 [om1-KeyDeletingService#7] INFO  service.KeyDeletingService (KeyDeletingService.java:processKeyDeletes(158)) - 1 BlockGroup deletion are acked by SCM in 3 ms
2025-10-17 11:02:24,131 [om1-KeyDeletingService#7] INFO  service.KeyDeletingService (KeyDeletingService.java:processKeyDeletes(166)) - Blocks for 1 (out of 1) keys are deleted from DB in 1 ms. Limit per task is 50000.
2025-10-17 11:02:24,214 | INFO  | SCMAudit | user=runner | ip=127.0.0.1 | op=SEND_HEARTBEAT {"datanodeUUID":"50dccd39-549f-4f43-8b1f-597bf98f9c16","term":"2","command":"[]"} | ret=SUCCESS |  
2025-10-17 11:02:24,233 | INFO  | SCMAudit | user=runner | ip=127.0.0.1 | op=SEND_HEARTBEAT {"datanodeUUID":"718bfa29-2c47-4ab5-ac61-3dfe9c6b9d5c","term":"2","command":"[]"} | ret=SUCCESS |  
2025-10-17 11:02:24,233 | INFO  | SCMAudit | user=runner | ip=127.0.0.1 | op=SEND_HEARTBEAT {"datanodeUUID":"99c47355-c013-4450-a734-aff6d3c99677","term":"2","command":"[]"} | ret=SUCCESS |  
2025-10-17 11:02:24,237 | INFO  | SCMAudit | user=runner | ip=127.0.0.1 | op=SEND_HEARTBEAT {"datanodeUUID":"7995ae7b-77ec-4e72-809d-814459f62ee0","term":"2","command":"[]"} | ret=SUCCESS |  
2025-10-17 11:02:24,716 | INFO  | SCMAudit | user=runner | ip=127.0.0.1 | op=SEND_HEARTBEAT {"datanodeUUID":"b1eee25a-1fdf-4744-83c7-58e0513fce3b","term":"2","command":"[]"} | ret=SUCCESS |  
2025-10-17 11:02:24,716 | INFO  | SCMAudit | user=runner | ip=127.0.0.1 | op=SEND_HEARTBEAT {"datanodeUUID":"28c08cd4-c049-4c66-8210-e254cf68b291","term":"2","command":"[]"} | ret=SUCCESS |  
2025-10-17 11:02:24,717 | INFO  | SCMAudit | user=runner | ip=127.0.0.1 | op=SEND_HEARTBEAT {"datanodeUUID":"b6f92338-e951-49df-a986-ea31ece96e9e","term":"2","command":"[]"} | ret=SUCCESS |  
2025-10-17 11:02:24,718 | INFO  | SCMAudit | user=runner | ip=127.0.0.1 | op=SEND_HEARTBEAT {"datanodeUUID":"2b4cc429-f9c1-416c-9a38-6239a2e149ea","term":"2","command":"[]"} | ret=SUCCESS |  
2025-10-17 11:02:24,719 | INFO  | SCMAudit | user=runner | ip=127.0.0.1 | op=SEND_HEARTBEAT {"datanodeUUID":"b292b6be-9482-4c30-a3e0-c9f721931b72","term":"2","command":"[]"} | ret=SUCCESS |  
2025-10-17 11:02:24,755 | INFO  | SCMAudit | user=runner | ip=127.0.0.1 | op=SEND_HEARTBEAT {"datanodeUUID":"dbd6f242-9b73-4bca-a110-3e2ec656b979","term":"2","command":"[]"} | ret=SUCCESS |  
2025-10-17 11:02:24,757 | INFO  | SCMAudit | user=runner | ip=127.0.0.1 | op=SEND_HEARTBEAT {"datanodeUUID":"ed6e9581-5875-4278-a8db-50829892434b","term":"2","command":"[]"} | ret=SUCCESS |  
2025-10-17 11:02:24,860 | INFO  | SCMAudit | user=runner | ip=127.0.0.1 | op=SEND_HEARTBEAT {"datanodeUUID":"a5293c95-44e9-4ea9-88ca-89089eac4b59","term":"2","command":"[]"} | ret=SUCCESS |  
2025-10-17 11:02:24,937 | INFO  | SCMAudit | user=runner | ip=127.0.0.1 | op=SEND_HEARTBEAT {"datanodeUUID":"3a11eef6-a527-493c-8ba3-ae39ecaefa56","term":"2","command":"[]"} | ret=SUCCESS |  
2025-10-17 11:02:25,021 | INFO  | OMAudit | user=runner | ip=127.0.0.1 | op=READ_VOLUME {"volume":"d0807dee-9cfb-4424-ab72-c75dc442a6f4"} | ret=SUCCESS |  
2025-10-17 11:02:25,022 | INFO  | OMAudit | user=runner | ip=127.0.0.1 | op=READ_BUCKET {"volume":"d0807dee-9cfb-4424-ab72-c75dc442a6f4","bucket":"97d5c202-d572-4119-b597-b06af410c828"} | ret=SUCCESS |  
]]></system-out>
  </testcase>
  <testcase name="testBucketQuotaInNamespace" classname="org.apache.hadoop.ozone.client.rpc.TestSecureOzoneRpcClient" time="1.069">
    <system-out><![CDATA[2025-10-17 11:02:25,025 [ForkJoinPool-1-worker-1] INFO  rpc.RpcClient (RpcClient.java:createVolume(461)) - Creating Volume: 5eb2f433-528d-4395-bc32-bedfd401bbe0, with runner as owner and space quota set to -1 bytes, counts quota set to -1
2025-10-17 11:02:25,027 [om1-OMStateMachineApplyTransactionThread - 0] INFO  volume.OMVolumeCreateRequest (OMVolumeCreateRequest.java:validateAndUpdateCache(213)) - created volume:5eb2f433-528d-4395-bc32-bedfd401bbe0 for user:runner
2025-10-17 11:02:25,027 | INFO  | OMAudit | user=runner | ip=127.0.0.1 | op=CREATE_VOLUME {"admin":"runner","owner":"runner","volume":"5eb2f433-528d-4395-bc32-bedfd401bbe0","creationTime":"1760698945026","modificationTime":"1760698945026","quotaInBytes":"-1","quotaInNamespace":"-1","usedNamespace":"0","objectID":"-9223372036854666496","updateID":"427","Transaction":"427"} | ret=SUCCESS |  
2025-10-17 11:02:25,028 | INFO  | OMAudit | user=runner | ip=127.0.0.1 | op=READ_VOLUME {"volume":"5eb2f433-528d-4395-bc32-bedfd401bbe0"} | ret=SUCCESS |  
2025-10-17 11:02:25,028 [ForkJoinPool-1-worker-1] INFO  rpc.RpcClient (RpcClient.java:createBucket(686)) - Creating Bucket: 5eb2f433-528d-4395-bc32-bedfd401bbe0/7c305411-a5ce-4370-8cd7-67ef67e08299, with server-side default bucket layout, runner as owner, Versioning false, Storage Type set to DISK and Encryption set to false, Replication Type set to server-side default replication type, Namespace Quota set to -1, Space Quota set to -1 
2025-10-17 11:02:25,030 [om1-OMStateMachineApplyTransactionThread - 0] INFO  bucket.OMBucketCreateRequest (OMBucketCreateRequest.java:validateAndUpdateCache(303)) - created bucket: 7c305411-a5ce-4370-8cd7-67ef67e08299 of layout FILE_SYSTEM_OPTIMIZED in volume: 5eb2f433-528d-4395-bc32-bedfd401bbe0
2025-10-17 11:02:25,030 | INFO  | OMAudit | user=runner | ip=127.0.0.1 | op=CREATE_BUCKET {"volume":"5eb2f433-528d-4395-bc32-bedfd401bbe0","bucket":"7c305411-a5ce-4370-8cd7-67ef67e08299","bucketLayout":"FILE_SYSTEM_OPTIMIZED","gdprEnabled":null,"acls":"[user:runner:a[ACCESS], group:runner:rl[ACCESS]]","isVersionEnabled":"false","storageType":"DISK","creationTime":"1760698945029","bucketEncryptionKey":null,"modificationTime":"1760698945029","usedBytes":"0","usedNamespace":"0","snapshotUsedBytes":"0","snapshotUsedNamespace":"0","owner":"runner","replicationType":null,"replicationConfig":null,"quotaInBytes":"-1","quotaInNamespace":"-1","Transaction":"428"} | ret=SUCCESS |  
2025-10-17 11:02:25,031 | INFO  | SCMAudit | user=runner | ip=127.0.0.1 | op=SEND_HEARTBEAT {"datanodeUUID":"309ab1ff-9f5a-4058-8b2f-94d451ce5267","term":"2","command":"[]"} | ret=SUCCESS |  
2025-10-17 11:02:25,031 | INFO  | OMAudit | user=runner | ip=127.0.0.1 | op=READ_BUCKET {"volume":"5eb2f433-528d-4395-bc32-bedfd401bbe0","bucket":"7c305411-a5ce-4370-8cd7-67ef67e08299"} | ret=SUCCESS |  
2025-10-17 11:02:25,035 | INFO  | OMAudit | user=runner | ip=127.0.0.1 | op=READ_BUCKET {"volume":"5eb2f433-528d-4395-bc32-bedfd401bbe0","bucket":"7c305411-a5ce-4370-8cd7-67ef67e08299"} | ret=SUCCESS |  
2025-10-17 11:02:25,037 | INFO  | OMAudit | user=runner | ip=127.0.0.1 | op=UPDATE_BUCKET {"volume":"5eb2f433-528d-4395-bc32-bedfd401bbe0","bucket":"7c305411-a5ce-4370-8cd7-67ef67e08299","gdprEnabled":null,"isVersionEnabled":"null","quotaInBytes":"9223372036854775807","quotaInNamespace":"2","Transaction":"429"} | ret=SUCCESS |  
2025-10-17 11:02:25,038 | INFO  | OMAudit | user=runner | ip=127.0.0.1 | op=READ_BUCKET {"volume":"5eb2f433-528d-4395-bc32-bedfd401bbe0","bucket":"7c305411-a5ce-4370-8cd7-67ef67e08299"} | ret=SUCCESS |  
2025-10-17 11:02:25,039 | INFO  | SCMAudit | user=runner | ip=127.0.0.1 | op=ALLOCATE_BLOCK {"replication":"RATIS/ONE","owner":"omServiceIdDefault","size":"4194304","sampleBlocks":"[conID: 5 locID: 115816896921600144]","num":"1","client":"","allocated":"1"} | ret=SUCCESS |  
2025-10-17 11:02:25,042 | INFO  | OMAudit | user=runner | ip=127.0.0.1 | op=ALLOCATE_KEY {"volume":"5eb2f433-528d-4395-bc32-bedfd401bbe0","bucket":"7c305411-a5ce-4370-8cd7-67ef67e08299","key":"c565c83a-be6c-42a7-bed1-f87da5bc7c1f","dataSize":"12","replicationType":"RATIS","replicationFactor":"ONE","Transaction":"430"} | ret=SUCCESS |  
2025-10-17 11:02:25,053 | INFO  | OMAudit | user=runner | ip=127.0.0.1 | op=COMMIT_KEY {"volume":"5eb2f433-528d-4395-bc32-bedfd401bbe0","bucket":"7c305411-a5ce-4370-8cd7-67ef67e08299","key":"c565c83a-be6c-42a7-bed1-f87da5bc7c1f","dataSize":"12","replicationType":"RATIS","replicationFactor":"ONE","Transaction":"431"} | ret=SUCCESS |  
2025-10-17 11:02:25,054 | INFO  | OMAudit | user=runner | ip=127.0.0.1 | op=READ_VOLUME {"volume":"5eb2f433-528d-4395-bc32-bedfd401bbe0"} | ret=SUCCESS |  
2025-10-17 11:02:25,055 | INFO  | OMAudit | user=runner | ip=127.0.0.1 | op=READ_BUCKET {"volume":"5eb2f433-528d-4395-bc32-bedfd401bbe0","bucket":"7c305411-a5ce-4370-8cd7-67ef67e08299"} | ret=SUCCESS |  
2025-10-17 11:02:25,056 | INFO  | OMAudit | user=runner | ip=127.0.0.1 | op=READ_BUCKET {"volume":"5eb2f433-528d-4395-bc32-bedfd401bbe0","bucket":"7c305411-a5ce-4370-8cd7-67ef67e08299"} | ret=SUCCESS |  
2025-10-17 11:02:25,057 | INFO  | SCMAudit | user=runner | ip=127.0.0.1 | op=ALLOCATE_BLOCK {"replication":"RATIS/ONE","owner":"omServiceIdDefault","size":"4194304","sampleBlocks":"[conID: 8 locID: 115816896921600145]","num":"1","client":"","allocated":"1"} | ret=SUCCESS |  
2025-10-17 11:02:25,058 | INFO  | OMAudit | user=runner | ip=127.0.0.1 | op=ALLOCATE_KEY {"volume":"5eb2f433-528d-4395-bc32-bedfd401bbe0","bucket":"7c305411-a5ce-4370-8cd7-67ef67e08299","key":"370eea6b-e59b-4757-a2d8-511190c66f3a","dataSize":"12","replicationType":"RATIS","replicationFactor":"ONE","Transaction":"432"} | ret=SUCCESS |  
2025-10-17 11:02:25,067 | INFO  | OMAudit | user=runner | ip=127.0.0.1 | op=COMMIT_KEY {"volume":"5eb2f433-528d-4395-bc32-bedfd401bbe0","bucket":"7c305411-a5ce-4370-8cd7-67ef67e08299","key":"370eea6b-e59b-4757-a2d8-511190c66f3a","dataSize":"12","replicationType":"RATIS","replicationFactor":"ONE","Transaction":"433"} | ret=SUCCESS |  
2025-10-17 11:02:25,068 | INFO  | OMAudit | user=runner | ip=127.0.0.1 | op=READ_VOLUME {"volume":"5eb2f433-528d-4395-bc32-bedfd401bbe0"} | ret=SUCCESS |  
2025-10-17 11:02:25,069 | INFO  | OMAudit | user=runner | ip=127.0.0.1 | op=READ_BUCKET {"volume":"5eb2f433-528d-4395-bc32-bedfd401bbe0","bucket":"7c305411-a5ce-4370-8cd7-67ef67e08299"} | ret=SUCCESS |  
2025-10-17 11:02:25,070 | INFO  | OMAudit | user=runner | ip=127.0.0.1 | op=READ_BUCKET {"volume":"5eb2f433-528d-4395-bc32-bedfd401bbe0","bucket":"7c305411-a5ce-4370-8cd7-67ef67e08299"} | ret=SUCCESS |  
2025-10-17 11:02:25,071 | INFO  | SCMAudit | user=runner | ip=127.0.0.1 | op=ALLOCATE_BLOCK {"replication":"RATIS/ONE","owner":"omServiceIdDefault","size":"4194304","sampleBlocks":"[conID: 2 locID: 115816896921600146]","num":"1","client":"","allocated":"1"} | ret=SUCCESS |  
2025-10-17 11:02:25,072 [om1-OMStateMachineApplyTransactionThread - 0] ERROR key.OMKeyCreateRequest (OMKeyCreateRequest.java:logResult(400)) - Key creation failed. Volume:5eb2f433-528d-4395-bc32-bedfd401bbe0, Bucket:7c305411-a5ce-4370-8cd7-67ef67e08299, Key:49682a9f-8824-40b9-911a-6933e7d1c6eb. 
QUOTA_EXCEEDED org.apache.hadoop.ozone.om.exceptions.OMException: The namespace quota of Bucket:7c305411-a5ce-4370-8cd7-67ef67e08299 exceeded: quotaInNamespace: 2 but namespace consumed: 3.
	at org.apache.hadoop.ozone.om.request.key.OMKeyRequest.checkBucketQuotaInNamespace(OMKeyRequest.java:863)
	at org.apache.hadoop.ozone.om.request.key.OMKeyCreateRequestWithFSO.validateAndUpdateCache(OMKeyCreateRequestWithFSO.java:184)
	at org.apache.hadoop.ozone.protocolPB.OzoneManagerRequestHandler.lambda$0(OzoneManagerRequestHandler.java:418)
	at org.apache.hadoop.ozone.util.MetricUtil.captureLatencyNs(MetricUtil.java:45)
	at org.apache.hadoop.ozone.protocolPB.OzoneManagerRequestHandler.handleWriteRequestImpl(OzoneManagerRequestHandler.java:416)
	at org.apache.hadoop.ozone.protocolPB.RequestHandler.handleWriteRequest(RequestHandler.java:62)
	at org.apache.hadoop.ozone.om.ratis.OzoneManagerStateMachine.runCommand(OzoneManagerStateMachine.java:599)
	at org.apache.hadoop.ozone.om.ratis.OzoneManagerStateMachine.lambda$3(OzoneManagerStateMachine.java:415)
	at java.base/java.util.concurrent.CompletableFuture$AsyncSupply.run(CompletableFuture.java:1768)
	at java.base/java.util.concurrent.ThreadPoolExecutor.runWorker(ThreadPoolExecutor.java:1144)
	at java.base/java.util.concurrent.ThreadPoolExecutor$Worker.run(ThreadPoolExecutor.java:642)
	at java.base/java.lang.Thread.run(Thread.java:1583)
2025-10-17 11:02:25,072 | ERROR | OMAudit | user=runner | ip=127.0.0.1 | op=ALLOCATE_KEY {"volume":"5eb2f433-528d-4395-bc32-bedfd401bbe0","bucket":"7c305411-a5ce-4370-8cd7-67ef67e08299","key":"49682a9f-8824-40b9-911a-6933e7d1c6eb","dataSize":"12","replicationType":"RATIS","replicationFactor":"ONE","Transaction":"434"} | ret=FAILURE | 
org.apache.hadoop.ozone.om.exceptions.OMException: The namespace quota of Bucket:7c305411-a5ce-4370-8cd7-67ef67e08299 exceeded: quotaInNamespace: 2 but namespace consumed: 3.
	at org.apache.hadoop.ozone.om.request.key.OMKeyRequest.checkBucketQuotaInNamespace(OMKeyRequest.java:863)
	at org.apache.hadoop.ozone.om.request.key.OMKeyCreateRequestWithFSO.validateAndUpdateCache(OMKeyCreateRequestWithFSO.java:184)
 
2025-10-17 11:02:25,076 | INFO  | OMAudit | user=runner | ip=127.0.0.1 | op=READ_VOLUME {"volume":"5eb2f433-528d-4395-bc32-bedfd401bbe0"} | ret=SUCCESS |  
2025-10-17 11:02:25,076 | INFO  | OMAudit | user=runner | ip=127.0.0.1 | op=READ_BUCKET {"volume":"5eb2f433-528d-4395-bc32-bedfd401bbe0","bucket":"7c305411-a5ce-4370-8cd7-67ef67e08299"} | ret=SUCCESS |  
2025-10-17 11:02:25,077 | INFO  | OMAudit | user=runner | ip=127.0.0.1 | op=READ_BUCKET {"volume":"5eb2f433-528d-4395-bc32-bedfd401bbe0","bucket":"7c305411-a5ce-4370-8cd7-67ef67e08299"} | ret=SUCCESS |  
2025-10-17 11:02:25,078 | INFO  | OMAudit | user=runner | ip=127.0.0.1 | op=UPDATE_BUCKET {"volume":"5eb2f433-528d-4395-bc32-bedfd401bbe0","bucket":"7c305411-a5ce-4370-8cd7-67ef67e08299","gdprEnabled":null,"isVersionEnabled":"null","quotaInBytes":"9223372036854775807","quotaInNamespace":"100","Transaction":"435"} | ret=SUCCESS |  
2025-10-17 11:02:25,079 | INFO  | OMAudit | user=runner | ip=127.0.0.1 | op=READ_VOLUME {"volume":"5eb2f433-528d-4395-bc32-bedfd401bbe0"} | ret=SUCCESS |  
2025-10-17 11:02:25,080 | INFO  | OMAudit | user=runner | ip=127.0.0.1 | op=READ_BUCKET {"volume":"5eb2f433-528d-4395-bc32-bedfd401bbe0","bucket":"7c305411-a5ce-4370-8cd7-67ef67e08299"} | ret=SUCCESS |  
2025-10-17 11:02:25,088 | INFO  | OMAudit | user=runner | ip=127.0.0.1 | op=DELETE_KEYS {"volume":"5eb2f433-528d-4395-bc32-bedfd401bbe0","bucket":"7c305411-a5ce-4370-8cd7-67ef67e08299","deletedKeysList":"{key=c565c83a-be6c-42a7-bed1-f87da5bc7c1f, dataSize=12, replicationConfig=RATIS/ONE}, {key=370eea6b-e59b-4757-a2d8-511190c66f3a, dataSize=12, replicationConfig=RATIS/ONE}","unDeletedKeysList":"","Transaction":"436"} | ret=SUCCESS |  
2025-10-17 11:02:25,089 | INFO  | OMAudit | user=runner | ip=127.0.0.1 | op=READ_VOLUME {"volume":"5eb2f433-528d-4395-bc32-bedfd401bbe0"} | ret=SUCCESS |  
2025-10-17 11:02:25,090 | INFO  | OMAudit | user=runner | ip=127.0.0.1 | op=READ_BUCKET {"volume":"5eb2f433-528d-4395-bc32-bedfd401bbe0","bucket":"7c305411-a5ce-4370-8cd7-67ef67e08299"} | ret=SUCCESS |  
2025-10-17 11:02:25,128 [om1-KeyDeletingService#4] INFO  service.KeyDeletingService (KeyDeletingService.java:processKeyDeletes(151)) - Send 2 key(s) to SCM, first 2 keys: [PurgedKey{blockGroup=BlockGroup[groupID='/5eb2f433-528d-4395-bc32-bedfd401bbe0/7c305411-a5ce-4370-8cd7-67ef67e08299/370eea6b-e59b-4757-a2d8-511190c66f3a/-9223372036854665215/0', blockIDs=[conID: 8 locID: 115816896921600145 bcsId: 0 replicaIndex: null]], volume='5eb2f433-528d-4395-bc32-bedfd401bbe0', bucket='7c305411-a5ce-4370-8cd7-67ef67e08299', bucketId=-9223372036854666240, purgedBytes=12, isCommittedKey=true, deleteKeyName='/5eb2f433-528d-4395-bc32-bedfd401bbe0/7c305411-a5ce-4370-8cd7-67ef67e08299/370eea6b-e59b-4757-a2d8-511190c66f3a/-9223372036854665215'}, PurgedKey{blockGroup=BlockGroup[groupID='/5eb2f433-528d-4395-bc32-bedfd401bbe0/7c305411-a5ce-4370-8cd7-67ef67e08299/c565c83a-be6c-42a7-bed1-f87da5bc7c1f/-9223372036854665727/0', blockIDs=[conID: 5 locID: 115816896921600144 bcsId: 0 replicaIndex: null]], volume='5eb2f433-528d-4395-bc32-bedfd401bbe0', bucket='7c305411-a5ce-4370-8cd7-67ef67e08299', bucketId=-9223372036854666240, purgedBytes=12, isCommittedKey=true, deleteKeyName='/5eb2f433-528d-4395-bc32-bedfd401bbe0/7c305411-a5ce-4370-8cd7-67ef67e08299/c565c83a-be6c-42a7-bed1-f87da5bc7c1f/-9223372036854665727'}]
2025-10-17 11:02:25,129 | INFO  | SCMAudit | user=runner | ip=127.0.0.1 | op=DELETE_KEY_BLOCK {"KeyBlockToDelete":"[BlockGroup[groupID='/5eb2f433-528d-4395-bc32-bedfd401bbe0/7c305411-a5ce-4370-8cd7-67ef67e08299/c565c83a-be6c-42a7-bed1-f87da5bc7c1f/-9223372036854665727/0', blockIDs=[conID: 5 locID: 115816896921600144 bcsId: 0 replicaIndex: null]], BlockGroup[groupID='/5eb2f433-528d-4395-bc32-bedfd401bbe0/7c305411-a5ce-4370-8cd7-67ef67e08299/370eea6b-e59b-4757-a2d8-511190c66f3a/-9223372036854665215/0', blockIDs=[conID: 8 locID: 115816896921600145 bcsId: 0 replicaIndex: null]]]"} | ret=SUCCESS |  
2025-10-17 11:02:25,130 [om1-KeyDeletingService#4] INFO  service.KeyDeletingService (KeyDeletingService.java:processKeyDeletes(158)) - 2 BlockGroup deletion are acked by SCM in 2 ms
2025-10-17 11:02:25,131 [om1-KeyDeletingService#4] INFO  service.KeyDeletingService (KeyDeletingService.java:processKeyDeletes(166)) - Blocks for 2 (out of 2) keys are deleted from DB in 1 ms. Limit per task is 50000.
2025-10-17 11:02:25,214 | INFO  | SCMAudit | user=runner | ip=127.0.0.1 | op=SEND_HEARTBEAT {"datanodeUUID":"50dccd39-549f-4f43-8b1f-597bf98f9c16","term":"2","command":"[]"} | ret=SUCCESS |  
2025-10-17 11:02:25,233 | INFO  | SCMAudit | user=runner | ip=127.0.0.1 | op=SEND_HEARTBEAT {"datanodeUUID":"99c47355-c013-4450-a734-aff6d3c99677","term":"2","command":"[]"} | ret=SUCCESS |  
2025-10-17 11:02:25,233 | INFO  | SCMAudit | user=runner | ip=127.0.0.1 | op=SEND_HEARTBEAT {"datanodeUUID":"718bfa29-2c47-4ab5-ac61-3dfe9c6b9d5c","term":"2","command":"[]"} | ret=SUCCESS |  
2025-10-17 11:02:25,237 | INFO  | SCMAudit | user=runner | ip=127.0.0.1 | op=SEND_HEARTBEAT {"datanodeUUID":"7995ae7b-77ec-4e72-809d-814459f62ee0","term":"2","command":"[]"} | ret=SUCCESS |  
2025-10-17 11:02:25,716 | INFO  | SCMAudit | user=runner | ip=127.0.0.1 | op=SEND_HEARTBEAT {"datanodeUUID":"28c08cd4-c049-4c66-8210-e254cf68b291","term":"2","command":"[]"} | ret=SUCCESS |  
2025-10-17 11:02:25,716 | INFO  | SCMAudit | user=runner | ip=127.0.0.1 | op=SEND_HEARTBEAT {"datanodeUUID":"b1eee25a-1fdf-4744-83c7-58e0513fce3b","term":"2","command":"[]"} | ret=SUCCESS |  
2025-10-17 11:02:25,716 | INFO  | SCMAudit | user=runner | ip=127.0.0.1 | op=SEND_HEARTBEAT {"datanodeUUID":"b6f92338-e951-49df-a986-ea31ece96e9e","term":"2","command":"[]"} | ret=SUCCESS |  
2025-10-17 11:02:25,718 | INFO  | SCMAudit | user=runner | ip=127.0.0.1 | op=SEND_HEARTBEAT {"datanodeUUID":"2b4cc429-f9c1-416c-9a38-6239a2e149ea","term":"2","command":"[]"} | ret=SUCCESS |  
2025-10-17 11:02:25,719 | INFO  | SCMAudit | user=runner | ip=127.0.0.1 | op=SEND_HEARTBEAT {"datanodeUUID":"b292b6be-9482-4c30-a3e0-c9f721931b72","term":"2","command":"[]"} | ret=SUCCESS |  
2025-10-17 11:02:25,755 | INFO  | SCMAudit | user=runner | ip=127.0.0.1 | op=SEND_HEARTBEAT {"datanodeUUID":"dbd6f242-9b73-4bca-a110-3e2ec656b979","term":"2","command":"[]"} | ret=SUCCESS |  
2025-10-17 11:02:25,757 | INFO  | SCMAudit | user=runner | ip=127.0.0.1 | op=SEND_HEARTBEAT {"datanodeUUID":"ed6e9581-5875-4278-a8db-50829892434b","term":"2","command":"[]"} | ret=SUCCESS |  
2025-10-17 11:02:25,860 | INFO  | SCMAudit | user=runner | ip=127.0.0.1 | op=SEND_HEARTBEAT {"datanodeUUID":"a5293c95-44e9-4ea9-88ca-89089eac4b59","term":"2","command":"[]"} | ret=SUCCESS |  
2025-10-17 11:02:25,938 | INFO  | SCMAudit | user=runner | ip=127.0.0.1 | op=SEND_HEARTBEAT {"datanodeUUID":"3a11eef6-a527-493c-8ba3-ae39ecaefa56","term":"2","command":"[]"} | ret=SUCCESS |  
2025-10-17 11:02:26,031 | INFO  | SCMAudit | user=runner | ip=127.0.0.1 | op=SEND_HEARTBEAT {"datanodeUUID":"309ab1ff-9f5a-4058-8b2f-94d451ce5267","term":"2","command":"[]"} | ret=SUCCESS |  
2025-10-17 11:02:26,091 | INFO  | OMAudit | user=runner | ip=127.0.0.1 | op=READ_VOLUME {"volume":"5eb2f433-528d-4395-bc32-bedfd401bbe0"} | ret=SUCCESS |  
2025-10-17 11:02:26,092 | INFO  | OMAudit | user=runner | ip=127.0.0.1 | op=READ_BUCKET {"volume":"5eb2f433-528d-4395-bc32-bedfd401bbe0","bucket":"7c305411-a5ce-4370-8cd7-67ef67e08299"} | ret=SUCCESS |  
]]></system-out>
  </testcase>
  <testcase name="testBucketSetOwner" classname="org.apache.hadoop.ozone.client.rpc.TestSecureOzoneRpcClient" time="0.023">
    <system-out><![CDATA[2025-10-17 11:02:26,094 [ForkJoinPool-1-worker-1] INFO  rpc.RpcClient (RpcClient.java:createVolume(461)) - Creating Volume: 688d1a73-1071-49ec-a672-0ab918b52e18, with runner as owner and space quota set to -1 bytes, counts quota set to -1
2025-10-17 11:02:26,096 [om1-OMStateMachineApplyTransactionThread - 0] INFO  volume.OMVolumeCreateRequest (OMVolumeCreateRequest.java:validateAndUpdateCache(213)) - created volume:688d1a73-1071-49ec-a672-0ab918b52e18 for user:runner
2025-10-17 11:02:26,096 | INFO  | OMAudit | user=runner | ip=127.0.0.1 | op=CREATE_VOLUME {"admin":"runner","owner":"runner","volume":"688d1a73-1071-49ec-a672-0ab918b52e18","creationTime":"1760698946095","modificationTime":"1760698946095","quotaInBytes":"-1","quotaInNamespace":"-1","usedNamespace":"0","objectID":"-9223372036854663680","updateID":"438","Transaction":"438"} | ret=SUCCESS |  
2025-10-17 11:02:26,097 | INFO  | OMAudit | user=runner | ip=127.0.0.1 | op=READ_VOLUME {"volume":"688d1a73-1071-49ec-a672-0ab918b52e18"} | ret=SUCCESS |  
2025-10-17 11:02:26,097 [ForkJoinPool-1-worker-1] INFO  rpc.RpcClient (RpcClient.java:createBucket(686)) - Creating Bucket: 688d1a73-1071-49ec-a672-0ab918b52e18/039f9aa4-4825-488d-b84f-55f2a6ded076, with server-side default bucket layout, runner as owner, Versioning false, Storage Type set to DISK and Encryption set to false, Replication Type set to server-side default replication type, Namespace Quota set to -1, Space Quota set to -1 
2025-10-17 11:02:26,098 [om1-OMStateMachineApplyTransactionThread - 0] INFO  bucket.OMBucketCreateRequest (OMBucketCreateRequest.java:validateAndUpdateCache(303)) - created bucket: 039f9aa4-4825-488d-b84f-55f2a6ded076 of layout FILE_SYSTEM_OPTIMIZED in volume: 688d1a73-1071-49ec-a672-0ab918b52e18
2025-10-17 11:02:26,098 | INFO  | OMAudit | user=runner | ip=127.0.0.1 | op=CREATE_BUCKET {"volume":"688d1a73-1071-49ec-a672-0ab918b52e18","bucket":"039f9aa4-4825-488d-b84f-55f2a6ded076","bucketLayout":"FILE_SYSTEM_OPTIMIZED","gdprEnabled":null,"acls":"[user:runner:a[ACCESS], group:runner:rl[ACCESS]]","isVersionEnabled":"false","storageType":"DISK","creationTime":"1760698946098","bucketEncryptionKey":null,"modificationTime":"1760698946098","usedBytes":"0","usedNamespace":"0","snapshotUsedBytes":"0","snapshotUsedNamespace":"0","owner":"runner","replicationType":null,"replicationConfig":null,"quotaInBytes":"-1","quotaInNamespace":"-1","Transaction":"439"} | ret=SUCCESS |  
2025-10-17 11:02:26,099 | INFO  | OMAudit | user=runner | ip=127.0.0.1 | op=READ_VOLUME {"volume":"688d1a73-1071-49ec-a672-0ab918b52e18"} | ret=SUCCESS |  
2025-10-17 11:02:26,100 | INFO  | OMAudit | user=runner | ip=127.0.0.1 | op=READ_BUCKET {"volume":"688d1a73-1071-49ec-a672-0ab918b52e18","bucket":"039f9aa4-4825-488d-b84f-55f2a6ded076"} | ret=SUCCESS |  
2025-10-17 11:02:26,103 | INFO  | OMAudit | user=runner | ip=127.0.0.1 | op=SET_OWNER {"volume":"688d1a73-1071-49ec-a672-0ab918b52e18","bucket":"039f9aa4-4825-488d-b84f-55f2a6ded076","gdprEnabled":null,"isVersionEnabled":"null","owner":"testUser","Transaction":"440"} | ret=SUCCESS |  
2025-10-17 11:02:26,104 | INFO  | OMAudit | user=runner | ip=127.0.0.1 | op=READ_VOLUME {"volume":"688d1a73-1071-49ec-a672-0ab918b52e18"} | ret=SUCCESS |  
2025-10-17 11:02:26,104 | INFO  | OMAudit | user=runner | ip=127.0.0.1 | op=READ_BUCKET {"volume":"688d1a73-1071-49ec-a672-0ab918b52e18","bucket":"039f9aa4-4825-488d-b84f-55f2a6ded076"} | ret=SUCCESS |  
2025-10-17 11:02:26,105 | INFO  | OMAudit | user=runner | ip=127.0.0.1 | op=READ_VOLUME {"volume":"688d1a73-1071-49ec-a672-0ab918b52e18"} | ret=SUCCESS |  
2025-10-17 11:02:26,110 | INFO  | OMAudit | user=runner | ip=127.0.0.1 | op=DELETE_BUCKET {"volume":"688d1a73-1071-49ec-a672-0ab918b52e18","bucket":"039f9aa4-4825-488d-b84f-55f2a6ded076","Transaction":"441"} | ret=SUCCESS |  
2025-10-17 11:02:26,115 | INFO  | OMAudit | user=runner | ip=127.0.0.1 | op=DELETE_VOLUME {"volume":"688d1a73-1071-49ec-a672-0ab918b52e18","Transaction":"442"} | ret=SUCCESS |  
]]></system-out>
  </testcase>
  <testcase name="testBucketUsedBytes" classname="org.apache.hadoop.ozone.client.rpc.TestSecureOzoneRpcClient" time="3.058">
    <system-out><![CDATA[2025-10-17 11:02:26,117 [ForkJoinPool-1-worker-1] INFO  rpc.RpcClient (RpcClient.java:createVolume(461)) - Creating Volume: b406439d-85fc-44fe-901f-8e577c6e8e9c, with runner as owner and space quota set to -1 bytes, counts quota set to -1
2025-10-17 11:02:26,119 [om1-OMStateMachineApplyTransactionThread - 0] INFO  volume.OMVolumeCreateRequest (OMVolumeCreateRequest.java:validateAndUpdateCache(213)) - created volume:b406439d-85fc-44fe-901f-8e577c6e8e9c for user:runner
2025-10-17 11:02:26,119 | INFO  | OMAudit | user=runner | ip=127.0.0.1 | op=CREATE_VOLUME {"admin":"runner","owner":"runner","volume":"b406439d-85fc-44fe-901f-8e577c6e8e9c","creationTime":"1760698946118","modificationTime":"1760698946118","quotaInBytes":"-1","quotaInNamespace":"-1","usedNamespace":"0","objectID":"-9223372036854662400","updateID":"443","Transaction":"443"} | ret=SUCCESS |  
2025-10-17 11:02:26,120 | INFO  | OMAudit | user=runner | ip=127.0.0.1 | op=READ_VOLUME {"volume":"b406439d-85fc-44fe-901f-8e577c6e8e9c"} | ret=SUCCESS |  
2025-10-17 11:02:26,120 [ForkJoinPool-1-worker-1] INFO  rpc.RpcClient (RpcClient.java:createBucket(686)) - Creating Bucket: b406439d-85fc-44fe-901f-8e577c6e8e9c/3e7c6e97-f711-4556-8fc8-d7021b3bec81, with bucket layout OBJECT_STORE, runner as owner, Versioning false, Storage Type set to DISK and Encryption set to false, Replication Type set to server-side default replication type, Namespace Quota set to -1, Space Quota set to -1 
2025-10-17 11:02:26,121 [om1-OMStateMachineApplyTransactionThread - 0] INFO  bucket.OMBucketCreateRequest (OMBucketCreateRequest.java:validateAndUpdateCache(303)) - created bucket: 3e7c6e97-f711-4556-8fc8-d7021b3bec81 of layout OBJECT_STORE in volume: b406439d-85fc-44fe-901f-8e577c6e8e9c
2025-10-17 11:02:26,121 | INFO  | OMAudit | user=runner | ip=127.0.0.1 | op=CREATE_BUCKET {"volume":"b406439d-85fc-44fe-901f-8e577c6e8e9c","bucket":"3e7c6e97-f711-4556-8fc8-d7021b3bec81","bucketLayout":"OBJECT_STORE","gdprEnabled":null,"acls":"[user:runner:a[ACCESS], group:runner:rl[ACCESS]]","isVersionEnabled":"false","storageType":"DISK","creationTime":"1760698946120","bucketEncryptionKey":null,"modificationTime":"1760698946120","usedBytes":"0","usedNamespace":"0","snapshotUsedBytes":"0","snapshotUsedNamespace":"0","owner":"runner","replicationType":null,"replicationConfig":null,"quotaInBytes":"-1","quotaInNamespace":"-1","Transaction":"444"} | ret=SUCCESS |  
2025-10-17 11:02:26,122 | INFO  | OMAudit | user=runner | ip=127.0.0.1 | op=READ_BUCKET {"volume":"b406439d-85fc-44fe-901f-8e577c6e8e9c","bucket":"3e7c6e97-f711-4556-8fc8-d7021b3bec81"} | ret=SUCCESS |  
2025-10-17 11:02:26,123 | INFO  | OMAudit | user=runner | ip=127.0.0.1 | op=READ_BUCKET {"volume":"b406439d-85fc-44fe-901f-8e577c6e8e9c","bucket":"3e7c6e97-f711-4556-8fc8-d7021b3bec81"} | ret=SUCCESS |  
2025-10-17 11:02:26,124 | INFO  | SCMAudit | user=runner | ip=127.0.0.1 | op=ALLOCATE_BLOCK {"replication":"RATIS/ONE","owner":"omServiceIdDefault","size":"4194304","sampleBlocks":"[conID: 13 locID: 115816896921600147]","num":"1","client":"","allocated":"1"} | ret=SUCCESS |  
2025-10-17 11:02:26,126 | INFO  | OMAudit | user=runner | ip=127.0.0.1 | op=ALLOCATE_KEY {"volume":"b406439d-85fc-44fe-901f-8e577c6e8e9c","bucket":"3e7c6e97-f711-4556-8fc8-d7021b3bec81","key":"418cec5e-0ea3-455c-ac56-ddea31c99835","dataSize":"12","replicationType":"RATIS","replicationFactor":"ONE","Transaction":"445"} | ret=SUCCESS |  
2025-10-17 11:02:26,135 | INFO  | OMAudit | user=runner | ip=127.0.0.1 | op=COMMIT_KEY {"volume":"b406439d-85fc-44fe-901f-8e577c6e8e9c","bucket":"3e7c6e97-f711-4556-8fc8-d7021b3bec81","key":"418cec5e-0ea3-455c-ac56-ddea31c99835","dataSize":"12","replicationType":"RATIS","replicationFactor":"ONE","Transaction":"446"} | ret=SUCCESS |  
2025-10-17 11:02:26,136 | INFO  | OMAudit | user=runner | ip=127.0.0.1 | op=READ_VOLUME {"volume":"b406439d-85fc-44fe-901f-8e577c6e8e9c"} | ret=SUCCESS |  
2025-10-17 11:02:26,137 | INFO  | OMAudit | user=runner | ip=127.0.0.1 | op=READ_BUCKET {"volume":"b406439d-85fc-44fe-901f-8e577c6e8e9c","bucket":"3e7c6e97-f711-4556-8fc8-d7021b3bec81"} | ret=SUCCESS |  
2025-10-17 11:02:26,138 | INFO  | OMAudit | user=runner | ip=127.0.0.1 | op=READ_BUCKET {"volume":"b406439d-85fc-44fe-901f-8e577c6e8e9c","bucket":"3e7c6e97-f711-4556-8fc8-d7021b3bec81"} | ret=SUCCESS |  
2025-10-17 11:02:26,139 | INFO  | SCMAudit | user=runner | ip=127.0.0.1 | op=ALLOCATE_BLOCK {"replication":"RATIS/ONE","owner":"omServiceIdDefault","size":"4194304","sampleBlocks":"[conID: 1 locID: 115816896921600148]","num":"1","client":"","allocated":"1"} | ret=SUCCESS |  
2025-10-17 11:02:26,140 | INFO  | OMAudit | user=runner | ip=127.0.0.1 | op=ALLOCATE_KEY {"volume":"b406439d-85fc-44fe-901f-8e577c6e8e9c","bucket":"3e7c6e97-f711-4556-8fc8-d7021b3bec81","key":"418cec5e-0ea3-455c-ac56-ddea31c99835","dataSize":"12","replicationType":"RATIS","replicationFactor":"ONE","Transaction":"447"} | ret=SUCCESS |  
2025-10-17 11:02:26,149 | INFO  | OMAudit | user=runner | ip=127.0.0.1 | op=COMMIT_KEY {"volume":"b406439d-85fc-44fe-901f-8e577c6e8e9c","bucket":"3e7c6e97-f711-4556-8fc8-d7021b3bec81","key":"418cec5e-0ea3-455c-ac56-ddea31c99835","dataSize":"12","replicationType":"RATIS","replicationFactor":"ONE","Transaction":"448"} | ret=SUCCESS |  
2025-10-17 11:02:26,150 | INFO  | OMAudit | user=runner | ip=127.0.0.1 | op=READ_VOLUME {"volume":"b406439d-85fc-44fe-901f-8e577c6e8e9c"} | ret=SUCCESS |  
2025-10-17 11:02:26,151 | INFO  | OMAudit | user=runner | ip=127.0.0.1 | op=READ_BUCKET {"volume":"b406439d-85fc-44fe-901f-8e577c6e8e9c","bucket":"3e7c6e97-f711-4556-8fc8-d7021b3bec81"} | ret=SUCCESS |  
2025-10-17 11:02:26,214 | INFO  | SCMAudit | user=runner | ip=127.0.0.1 | op=SEND_HEARTBEAT {"datanodeUUID":"50dccd39-549f-4f43-8b1f-597bf98f9c16","term":"2","command":"[]"} | ret=SUCCESS |  
2025-10-17 11:02:26,233 | INFO  | SCMAudit | user=runner | ip=127.0.0.1 | op=SEND_HEARTBEAT {"datanodeUUID":"718bfa29-2c47-4ab5-ac61-3dfe9c6b9d5c","term":"2","command":"[]"} | ret=SUCCESS |  
2025-10-17 11:02:26,233 | INFO  | SCMAudit | user=runner | ip=127.0.0.1 | op=SEND_HEARTBEAT {"datanodeUUID":"99c47355-c013-4450-a734-aff6d3c99677","term":"2","command":"[]"} | ret=SUCCESS |  
2025-10-17 11:02:26,237 | INFO  | SCMAudit | user=runner | ip=127.0.0.1 | op=SEND_HEARTBEAT {"datanodeUUID":"7995ae7b-77ec-4e72-809d-814459f62ee0","term":"2","command":"[]"} | ret=SUCCESS |  
2025-10-17 11:02:26,716 | INFO  | SCMAudit | user=runner | ip=127.0.0.1 | op=SEND_HEARTBEAT {"datanodeUUID":"b1eee25a-1fdf-4744-83c7-58e0513fce3b","term":"2","command":"[]"} | ret=SUCCESS |  
2025-10-17 11:02:26,716 | INFO  | SCMAudit | user=runner | ip=127.0.0.1 | op=SEND_HEARTBEAT {"datanodeUUID":"28c08cd4-c049-4c66-8210-e254cf68b291","term":"2","command":"[]"} | ret=SUCCESS |  
2025-10-17 11:02:26,717 | INFO  | SCMAudit | user=runner | ip=127.0.0.1 | op=SEND_HEARTBEAT {"datanodeUUID":"b6f92338-e951-49df-a986-ea31ece96e9e","term":"2","command":"[]"} | ret=SUCCESS |  
2025-10-17 11:02:26,718 | INFO  | SCMAudit | user=runner | ip=127.0.0.1 | op=SEND_HEARTBEAT {"datanodeUUID":"2b4cc429-f9c1-416c-9a38-6239a2e149ea","term":"2","command":"[]"} | ret=SUCCESS |  
2025-10-17 11:02:26,719 | INFO  | SCMAudit | user=runner | ip=127.0.0.1 | op=SEND_HEARTBEAT {"datanodeUUID":"b292b6be-9482-4c30-a3e0-c9f721931b72","term":"2","command":"[]"} | ret=SUCCESS |  
2025-10-17 11:02:26,755 | INFO  | SCMAudit | user=runner | ip=127.0.0.1 | op=SEND_HEARTBEAT {"datanodeUUID":"dbd6f242-9b73-4bca-a110-3e2ec656b979","term":"2","command":"[]"} | ret=SUCCESS |  
2025-10-17 11:02:26,757 | INFO  | SCMAudit | user=runner | ip=127.0.0.1 | op=SEND_HEARTBEAT {"datanodeUUID":"ed6e9581-5875-4278-a8db-50829892434b","term":"2","command":"[]"} | ret=SUCCESS |  
2025-10-17 11:02:26,860 | INFO  | SCMAudit | user=runner | ip=127.0.0.1 | op=SEND_HEARTBEAT {"datanodeUUID":"a5293c95-44e9-4ea9-88ca-89089eac4b59","term":"2","command":"[]"} | ret=SUCCESS |  
2025-10-17 11:02:26,938 | INFO  | SCMAudit | user=runner | ip=127.0.0.1 | op=SEND_HEARTBEAT {"datanodeUUID":"3a11eef6-a527-493c-8ba3-ae39ecaefa56","term":"2","command":"[]"} | ret=SUCCESS |  
2025-10-17 11:02:27,031 | INFO  | SCMAudit | user=runner | ip=127.0.0.1 | op=SEND_HEARTBEAT {"datanodeUUID":"309ab1ff-9f5a-4058-8b2f-94d451ce5267","term":"2","command":"[]"} | ret=SUCCESS |  
2025-10-17 11:02:27,128 [om1-KeyDeletingService#8] INFO  service.KeyDeletingService (KeyDeletingService.java:processKeyDeletes(151)) - Send 1 key(s) to SCM, first 1 keys: [PurgedKey{blockGroup=BlockGroup[groupID='/b406439d-85fc-44fe-901f-8e577c6e8e9c/3e7c6e97-f711-4556-8fc8-d7021b3bec81/418cec5e-0ea3-455c-ac56-ddea31c99835/-9223372036854661120/0', blockIDs=[conID: 13 locID: 115816896921600147 bcsId: 0 replicaIndex: null]], volume='b406439d-85fc-44fe-901f-8e577c6e8e9c', bucket='3e7c6e97-f711-4556-8fc8-d7021b3bec81', bucketId=-9223372036854662144, purgedBytes=12, isCommittedKey=true, deleteKeyName='/b406439d-85fc-44fe-901f-8e577c6e8e9c/3e7c6e97-f711-4556-8fc8-d7021b3bec81/418cec5e-0ea3-455c-ac56-ddea31c99835/-9223372036854661120'}]
2025-10-17 11:02:27,130 | INFO  | SCMAudit | user=runner | ip=127.0.0.1 | op=DELETE_KEY_BLOCK {"KeyBlockToDelete":"[BlockGroup[groupID='/b406439d-85fc-44fe-901f-8e577c6e8e9c/3e7c6e97-f711-4556-8fc8-d7021b3bec81/418cec5e-0ea3-455c-ac56-ddea31c99835/-9223372036854661120/0', blockIDs=[conID: 13 locID: 115816896921600147 bcsId: 0 replicaIndex: null]]]"} | ret=SUCCESS |  
2025-10-17 11:02:27,130 [om1-KeyDeletingService#8] INFO  service.KeyDeletingService (KeyDeletingService.java:processKeyDeletes(158)) - 1 BlockGroup deletion are acked by SCM in 2 ms
2025-10-17 11:02:27,132 [om1-KeyDeletingService#8] INFO  service.KeyDeletingService (KeyDeletingService.java:processKeyDeletes(166)) - Blocks for 1 (out of 1) keys are deleted from DB in 1 ms. Limit per task is 50000.
2025-10-17 11:02:27,152 | INFO  | OMAudit | user=runner | ip=127.0.0.1 | op=READ_VOLUME {"volume":"b406439d-85fc-44fe-901f-8e577c6e8e9c"} | ret=SUCCESS |  
2025-10-17 11:02:27,153 | INFO  | OMAudit | user=runner | ip=127.0.0.1 | op=READ_BUCKET {"volume":"b406439d-85fc-44fe-901f-8e577c6e8e9c","bucket":"3e7c6e97-f711-4556-8fc8-d7021b3bec81"} | ret=SUCCESS |  
2025-10-17 11:02:27,154 | INFO  | OMAudit | user=runner | ip=127.0.0.1 | op=READ_BUCKET {"volume":"b406439d-85fc-44fe-901f-8e577c6e8e9c","bucket":"3e7c6e97-f711-4556-8fc8-d7021b3bec81"} | ret=SUCCESS |  
2025-10-17 11:02:27,155 | INFO  | SCMAudit | user=runner | ip=127.0.0.1 | op=ALLOCATE_BLOCK {"replication":"RATIS/ONE","owner":"omServiceIdDefault","size":"4194304","sampleBlocks":"[conID: 5 locID: 115816896921600149, conID: 12 locID: 115816896921600150]","num":"2","client":"","allocated":"2"} | ret=SUCCESS |  
2025-10-17 11:02:27,157 | INFO  | OMAudit | user=runner | ip=127.0.0.1 | op=ALLOCATE_KEY {"volume":"b406439d-85fc-44fe-901f-8e577c6e8e9c","bucket":"3e7c6e97-f711-4556-8fc8-d7021b3bec81","key":"418cec5e-0ea3-455c-ac56-ddea31c99835","dataSize":"4194316","replicationType":"RATIS","replicationFactor":"ONE","Transaction":"450"} | ret=SUCCESS |  
2025-10-17 11:02:27,164 | INFO  | OMAudit | user=runner | ip=127.0.0.1 | op=COMMIT_KEY {"volume":"b406439d-85fc-44fe-901f-8e577c6e8e9c","bucket":"3e7c6e97-f711-4556-8fc8-d7021b3bec81","key":"418cec5e-0ea3-455c-ac56-ddea31c99835","dataSize":"12","replicationType":"RATIS","replicationFactor":"ONE","Transaction":"451"} | ret=SUCCESS |  
2025-10-17 11:02:27,165 | INFO  | OMAudit | user=runner | ip=127.0.0.1 | op=READ_VOLUME {"volume":"b406439d-85fc-44fe-901f-8e577c6e8e9c"} | ret=SUCCESS |  
2025-10-17 11:02:27,166 | INFO  | OMAudit | user=runner | ip=127.0.0.1 | op=READ_BUCKET {"volume":"b406439d-85fc-44fe-901f-8e577c6e8e9c","bucket":"3e7c6e97-f711-4556-8fc8-d7021b3bec81"} | ret=SUCCESS |  
2025-10-17 11:02:27,215 | INFO  | SCMAudit | user=runner | ip=127.0.0.1 | op=SEND_HEARTBEAT {"datanodeUUID":"50dccd39-549f-4f43-8b1f-597bf98f9c16","term":"2","command":"[]"} | ret=SUCCESS |  
2025-10-17 11:02:27,233 | INFO  | SCMAudit | user=runner | ip=127.0.0.1 | op=SEND_HEARTBEAT {"datanodeUUID":"718bfa29-2c47-4ab5-ac61-3dfe9c6b9d5c","term":"2","command":"[]"} | ret=SUCCESS |  
2025-10-17 11:02:27,233 | INFO  | SCMAudit | user=runner | ip=127.0.0.1 | op=SEND_HEARTBEAT {"datanodeUUID":"99c47355-c013-4450-a734-aff6d3c99677","term":"2","command":"[]"} | ret=SUCCESS |  
2025-10-17 11:02:27,237 | INFO  | SCMAudit | user=runner | ip=127.0.0.1 | op=SEND_HEARTBEAT {"datanodeUUID":"7995ae7b-77ec-4e72-809d-814459f62ee0","term":"2","command":"[]"} | ret=SUCCESS |  
2025-10-17 11:02:27,716 | INFO  | SCMAudit | user=runner | ip=127.0.0.1 | op=SEND_HEARTBEAT {"datanodeUUID":"28c08cd4-c049-4c66-8210-e254cf68b291","term":"2","command":"[]"} | ret=SUCCESS |  
2025-10-17 11:02:27,716 | INFO  | SCMAudit | user=runner | ip=127.0.0.1 | op=SEND_HEARTBEAT {"datanodeUUID":"b1eee25a-1fdf-4744-83c7-58e0513fce3b","term":"2","command":"[]"} | ret=SUCCESS |  
2025-10-17 11:02:27,717 | INFO  | SCMAudit | user=runner | ip=127.0.0.1 | op=SEND_HEARTBEAT {"datanodeUUID":"b6f92338-e951-49df-a986-ea31ece96e9e","term":"2","command":"[]"} | ret=SUCCESS |  
2025-10-17 11:02:27,718 | INFO  | SCMAudit | user=runner | ip=127.0.0.1 | op=SEND_HEARTBEAT {"datanodeUUID":"2b4cc429-f9c1-416c-9a38-6239a2e149ea","term":"2","command":"[]"} | ret=SUCCESS |  
2025-10-17 11:02:27,720 | INFO  | SCMAudit | user=runner | ip=127.0.0.1 | op=SEND_HEARTBEAT {"datanodeUUID":"b292b6be-9482-4c30-a3e0-c9f721931b72","term":"2","command":"[]"} | ret=SUCCESS |  
2025-10-17 11:02:27,755 | INFO  | SCMAudit | user=runner | ip=127.0.0.1 | op=SEND_HEARTBEAT {"datanodeUUID":"dbd6f242-9b73-4bca-a110-3e2ec656b979","term":"2","command":"[]"} | ret=SUCCESS |  
2025-10-17 11:02:27,757 | INFO  | SCMAudit | user=runner | ip=127.0.0.1 | op=SEND_HEARTBEAT {"datanodeUUID":"ed6e9581-5875-4278-a8db-50829892434b","term":"2","command":"[]"} | ret=SUCCESS |  
2025-10-17 11:02:27,860 | INFO  | SCMAudit | user=runner | ip=127.0.0.1 | op=SEND_HEARTBEAT {"datanodeUUID":"a5293c95-44e9-4ea9-88ca-89089eac4b59","term":"2","command":"[]"} | ret=SUCCESS |  
2025-10-17 11:02:27,938 | INFO  | SCMAudit | user=runner | ip=127.0.0.1 | op=SEND_HEARTBEAT {"datanodeUUID":"3a11eef6-a527-493c-8ba3-ae39ecaefa56","term":"2","command":"[]"} | ret=SUCCESS |  
2025-10-17 11:02:28,031 | INFO  | SCMAudit | user=runner | ip=127.0.0.1 | op=SEND_HEARTBEAT {"datanodeUUID":"309ab1ff-9f5a-4058-8b2f-94d451ce5267","term":"2","command":"[]"} | ret=SUCCESS |  
2025-10-17 11:02:28,128 [om1-KeyDeletingService#2] INFO  service.KeyDeletingService (KeyDeletingService.java:processKeyDeletes(151)) - Send 2 key(s) to SCM, first 2 keys: [PurgedKey{blockGroup=BlockGroup[groupID='/b406439d-85fc-44fe-901f-8e577c6e8e9c/3e7c6e97-f711-4556-8fc8-d7021b3bec81/418cec5e-0ea3-455c-ac56-ddea31c99835/-9223372036854660352/1', blockIDs=[conID: 12 locID: 115816896921600150 bcsId: 0 replicaIndex: null]], volume='b406439d-85fc-44fe-901f-8e577c6e8e9c', bucket='3e7c6e97-f711-4556-8fc8-d7021b3bec81', bucketId=-9223372036854662144, purgedBytes=4194304, isCommittedKey=false, deleteKeyName='/b406439d-85fc-44fe-901f-8e577c6e8e9c/3e7c6e97-f711-4556-8fc8-d7021b3bec81/418cec5e-0ea3-455c-ac56-ddea31c99835/-9223372036854660352'}, PurgedKey{blockGroup=BlockGroup[groupID='/b406439d-85fc-44fe-901f-8e577c6e8e9c/3e7c6e97-f711-4556-8fc8-d7021b3bec81/418cec5e-0ea3-455c-ac56-ddea31c99835/-9223372036854660352/0', blockIDs=[conID: 1 locID: 115816896921600148 bcsId: 0 replicaIndex: null]], volume='b406439d-85fc-44fe-901f-8e577c6e8e9c', bucket='3e7c6e97-f711-4556-8fc8-d7021b3bec81', bucketId=-9223372036854662144, purgedBytes=12, isCommittedKey=true, deleteKeyName='/b406439d-85fc-44fe-901f-8e577c6e8e9c/3e7c6e97-f711-4556-8fc8-d7021b3bec81/418cec5e-0ea3-455c-ac56-ddea31c99835/-9223372036854660352'}]
2025-10-17 11:02:28,131 | INFO  | SCMAudit | user=runner | ip=127.0.0.1 | op=DELETE_KEY_BLOCK {"KeyBlockToDelete":"[BlockGroup[groupID='/b406439d-85fc-44fe-901f-8e577c6e8e9c/3e7c6e97-f711-4556-8fc8-d7021b3bec81/418cec5e-0ea3-455c-ac56-ddea31c99835/-9223372036854660352/1', blockIDs=[conID: 12 locID: 115816896921600150 bcsId: 0 replicaIndex: null]], BlockGroup[groupID='/b406439d-85fc-44fe-901f-8e577c6e8e9c/3e7c6e97-f711-4556-8fc8-d7021b3bec81/418cec5e-0ea3-455c-ac56-ddea31c99835/-9223372036854660352/0', blockIDs=[conID: 1 locID: 115816896921600148 bcsId: 0 replicaIndex: null]]]"} | ret=SUCCESS |  
2025-10-17 11:02:28,131 [om1-KeyDeletingService#2] INFO  service.KeyDeletingService (KeyDeletingService.java:processKeyDeletes(158)) - 2 BlockGroup deletion are acked by SCM in 2 ms
2025-10-17 11:02:28,132 [om1-KeyDeletingService#2] INFO  service.KeyDeletingService (KeyDeletingService.java:processKeyDeletes(166)) - Blocks for 2 (out of 2) keys are deleted from DB in 2 ms. Limit per task is 50000.
2025-10-17 11:02:28,167 | INFO  | OMAudit | user=runner | ip=127.0.0.1 | op=READ_VOLUME {"volume":"b406439d-85fc-44fe-901f-8e577c6e8e9c"} | ret=SUCCESS |  
2025-10-17 11:02:28,168 | INFO  | OMAudit | user=runner | ip=127.0.0.1 | op=READ_BUCKET {"volume":"b406439d-85fc-44fe-901f-8e577c6e8e9c","bucket":"3e7c6e97-f711-4556-8fc8-d7021b3bec81"} | ret=SUCCESS |  
2025-10-17 11:02:28,171 | INFO  | OMAudit | user=runner | ip=127.0.0.1 | op=DELETE_KEY {"volume":"b406439d-85fc-44fe-901f-8e577c6e8e9c","bucket":"3e7c6e97-f711-4556-8fc8-d7021b3bec81","key":"418cec5e-0ea3-455c-ac56-ddea31c99835","dataSize":"12","replicationConfig":"RATIS/ONE","Transaction":"453"} | ret=SUCCESS |  
2025-10-17 11:02:28,172 | INFO  | OMAudit | user=runner | ip=127.0.0.1 | op=READ_VOLUME {"volume":"b406439d-85fc-44fe-901f-8e577c6e8e9c"} | ret=SUCCESS |  
2025-10-17 11:02:28,173 | INFO  | OMAudit | user=runner | ip=127.0.0.1 | op=READ_BUCKET {"volume":"b406439d-85fc-44fe-901f-8e577c6e8e9c","bucket":"3e7c6e97-f711-4556-8fc8-d7021b3bec81"} | ret=SUCCESS |  
2025-10-17 11:02:28,215 | INFO  | SCMAudit | user=runner | ip=127.0.0.1 | op=SEND_HEARTBEAT {"datanodeUUID":"50dccd39-549f-4f43-8b1f-597bf98f9c16","term":"2","command":"[]"} | ret=SUCCESS |  
2025-10-17 11:02:28,233 | INFO  | SCMAudit | user=runner | ip=127.0.0.1 | op=SEND_HEARTBEAT {"datanodeUUID":"99c47355-c013-4450-a734-aff6d3c99677","term":"2","command":"[]"} | ret=SUCCESS |  
2025-10-17 11:02:28,233 | INFO  | SCMAudit | user=runner | ip=127.0.0.1 | op=SEND_HEARTBEAT {"datanodeUUID":"718bfa29-2c47-4ab5-ac61-3dfe9c6b9d5c","term":"2","command":"[]"} | ret=SUCCESS |  
2025-10-17 11:02:28,236 | INFO  | SCMAudit | user=runner | ip=127.0.0.1 | op=SEND_HEARTBEAT {"datanodeUUID":"7995ae7b-77ec-4e72-809d-814459f62ee0","term":"2","command":"[]"} | ret=SUCCESS |  
2025-10-17 11:02:28,716 | INFO  | SCMAudit | user=runner | ip=127.0.0.1 | op=SEND_HEARTBEAT {"datanodeUUID":"b1eee25a-1fdf-4744-83c7-58e0513fce3b","term":"2","command":"[]"} | ret=SUCCESS |  
2025-10-17 11:02:28,716 | INFO  | SCMAudit | user=runner | ip=127.0.0.1 | op=SEND_HEARTBEAT {"datanodeUUID":"28c08cd4-c049-4c66-8210-e254cf68b291","term":"2","command":"[]"} | ret=SUCCESS |  
2025-10-17 11:02:28,717 | INFO  | SCMAudit | user=runner | ip=127.0.0.1 | op=SEND_HEARTBEAT {"datanodeUUID":"b6f92338-e951-49df-a986-ea31ece96e9e","term":"2","command":"[]"} | ret=SUCCESS |  
2025-10-17 11:02:28,718 | INFO  | SCMAudit | user=runner | ip=127.0.0.1 | op=SEND_HEARTBEAT {"datanodeUUID":"2b4cc429-f9c1-416c-9a38-6239a2e149ea","term":"2","command":"[]"} | ret=SUCCESS |  
2025-10-17 11:02:28,720 | INFO  | SCMAudit | user=runner | ip=127.0.0.1 | op=SEND_HEARTBEAT {"datanodeUUID":"b292b6be-9482-4c30-a3e0-c9f721931b72","term":"2","command":"[]"} | ret=SUCCESS |  
2025-10-17 11:02:28,755 | INFO  | SCMAudit | user=runner | ip=127.0.0.1 | op=SEND_HEARTBEAT {"datanodeUUID":"dbd6f242-9b73-4bca-a110-3e2ec656b979","term":"2","command":"[]"} | ret=SUCCESS |  
2025-10-17 11:02:28,756 | INFO  | SCMAudit | user=runner | ip=127.0.0.1 | op=SEND_HEARTBEAT {"datanodeUUID":"ed6e9581-5875-4278-a8db-50829892434b","term":"2","command":"[]"} | ret=SUCCESS |  
2025-10-17 11:02:28,860 | INFO  | SCMAudit | user=runner | ip=127.0.0.1 | op=SEND_HEARTBEAT {"datanodeUUID":"a5293c95-44e9-4ea9-88ca-89089eac4b59","term":"2","command":"[]"} | ret=SUCCESS |  
2025-10-17 11:02:28,938 | INFO  | SCMAudit | user=runner | ip=127.0.0.1 | op=SEND_HEARTBEAT {"datanodeUUID":"3a11eef6-a527-493c-8ba3-ae39ecaefa56","term":"2","command":"[]"} | ret=SUCCESS |  
2025-10-17 11:02:29,031 | INFO  | SCMAudit | user=runner | ip=127.0.0.1 | op=SEND_HEARTBEAT {"datanodeUUID":"309ab1ff-9f5a-4058-8b2f-94d451ce5267","term":"2","command":"[]"} | ret=SUCCESS |  
2025-10-17 11:02:29,129 [om1-KeyDeletingService#5] INFO  service.KeyDeletingService (KeyDeletingService.java:processKeyDeletes(151)) - Send 1 key(s) to SCM, first 1 keys: [PurgedKey{blockGroup=BlockGroup[groupID='/b406439d-85fc-44fe-901f-8e577c6e8e9c/3e7c6e97-f711-4556-8fc8-d7021b3bec81/418cec5e-0ea3-455c-ac56-ddea31c99835/-9223372036854661888/0', blockIDs=[conID: 5 locID: 115816896921600149 bcsId: 0 replicaIndex: null]], volume='b406439d-85fc-44fe-901f-8e577c6e8e9c', bucket='3e7c6e97-f711-4556-8fc8-d7021b3bec81', bucketId=-9223372036854662144, purgedBytes=12, isCommittedKey=true, deleteKeyName='/b406439d-85fc-44fe-901f-8e577c6e8e9c/3e7c6e97-f711-4556-8fc8-d7021b3bec81/418cec5e-0ea3-455c-ac56-ddea31c99835/-9223372036854661888'}]
2025-10-17 11:02:29,130 | INFO  | SCMAudit | user=runner | ip=127.0.0.1 | op=DELETE_KEY_BLOCK {"KeyBlockToDelete":"[BlockGroup[groupID='/b406439d-85fc-44fe-901f-8e577c6e8e9c/3e7c6e97-f711-4556-8fc8-d7021b3bec81/418cec5e-0ea3-455c-ac56-ddea31c99835/-9223372036854661888/0', blockIDs=[conID: 5 locID: 115816896921600149 bcsId: 0 replicaIndex: null]]]"} | ret=SUCCESS |  
2025-10-17 11:02:29,131 [om1-KeyDeletingService#5] INFO  service.KeyDeletingService (KeyDeletingService.java:processKeyDeletes(158)) - 1 BlockGroup deletion are acked by SCM in 2 ms
2025-10-17 11:02:29,132 [om1-KeyDeletingService#5] INFO  service.KeyDeletingService (KeyDeletingService.java:processKeyDeletes(166)) - Blocks for 1 (out of 1) keys are deleted from DB in 2 ms. Limit per task is 50000.
2025-10-17 11:02:29,174 | INFO  | OMAudit | user=runner | ip=127.0.0.1 | op=READ_VOLUME {"volume":"b406439d-85fc-44fe-901f-8e577c6e8e9c"} | ret=SUCCESS |  
2025-10-17 11:02:29,174 | INFO  | OMAudit | user=runner | ip=127.0.0.1 | op=READ_BUCKET {"volume":"b406439d-85fc-44fe-901f-8e577c6e8e9c","bucket":"3e7c6e97-f711-4556-8fc8-d7021b3bec81"} | ret=SUCCESS |  
]]></system-out>
  </testcase>
  <testcase name="testBucketUsedNamespace(BucketLayout, boolean)[1]" classname="org.apache.hadoop.ozone.client.rpc.TestSecureOzoneRpcClient" time="3.093">
    <system-out><![CDATA[2025-10-17 11:02:29,179 [ForkJoinPool-1-worker-1] INFO  rpc.RpcClient (RpcClient.java:createVolume(461)) - Creating Volume: 9cef86c7-444b-42c2-b81c-b8dd80cf8581, with runner as owner and space quota set to -1 bytes, counts quota set to -1
2025-10-17 11:02:29,181 [om1-OMStateMachineApplyTransactionThread - 0] INFO  volume.OMVolumeCreateRequest (OMVolumeCreateRequest.java:validateAndUpdateCache(213)) - created volume:9cef86c7-444b-42c2-b81c-b8dd80cf8581 for user:runner
2025-10-17 11:02:29,181 | INFO  | OMAudit | user=runner | ip=127.0.0.1 | op=CREATE_VOLUME {"admin":"runner","owner":"runner","volume":"9cef86c7-444b-42c2-b81c-b8dd80cf8581","creationTime":"1760698949180","modificationTime":"1760698949180","quotaInBytes":"-1","quotaInNamespace":"-1","usedNamespace":"0","objectID":"-9223372036854659328","updateID":"455","Transaction":"455"} | ret=SUCCESS |  
2025-10-17 11:02:29,182 | INFO  | OMAudit | user=runner | ip=127.0.0.1 | op=READ_VOLUME {"volume":"9cef86c7-444b-42c2-b81c-b8dd80cf8581"} | ret=SUCCESS |  
2025-10-17 11:02:29,182 [ForkJoinPool-1-worker-1] INFO  rpc.RpcClient (RpcClient.java:createBucket(686)) - Creating Bucket: 9cef86c7-444b-42c2-b81c-b8dd80cf8581/1fe66cff-6708-45ed-bbde-9c0bcc107199, with bucket layout OBJECT_STORE, runner as owner, Versioning false, Storage Type set to DISK and Encryption set to false, Replication Type set to server-side default replication type, Namespace Quota set to -1, Space Quota set to -1 
2025-10-17 11:02:29,184 [om1-OMStateMachineApplyTransactionThread - 0] INFO  bucket.OMBucketCreateRequest (OMBucketCreateRequest.java:validateAndUpdateCache(303)) - created bucket: 1fe66cff-6708-45ed-bbde-9c0bcc107199 of layout OBJECT_STORE in volume: 9cef86c7-444b-42c2-b81c-b8dd80cf8581
2025-10-17 11:02:29,184 | INFO  | OMAudit | user=runner | ip=127.0.0.1 | op=CREATE_BUCKET {"volume":"9cef86c7-444b-42c2-b81c-b8dd80cf8581","bucket":"1fe66cff-6708-45ed-bbde-9c0bcc107199","bucketLayout":"OBJECT_STORE","gdprEnabled":null,"acls":"[user:runner:a[ACCESS], group:runner:rl[ACCESS]]","isVersionEnabled":"false","storageType":"DISK","creationTime":"1760698949183","bucketEncryptionKey":null,"modificationTime":"1760698949183","usedBytes":"0","usedNamespace":"0","snapshotUsedBytes":"0","snapshotUsedNamespace":"0","owner":"runner","replicationType":null,"replicationConfig":null,"quotaInBytes":"-1","quotaInNamespace":"-1","Transaction":"456"} | ret=SUCCESS |  
2025-10-17 11:02:29,185 | INFO  | OMAudit | user=runner | ip=127.0.0.1 | op=READ_BUCKET {"volume":"9cef86c7-444b-42c2-b81c-b8dd80cf8581","bucket":"1fe66cff-6708-45ed-bbde-9c0bcc107199"} | ret=SUCCESS |  
2025-10-17 11:02:29,186 | INFO  | OMAudit | user=runner | ip=127.0.0.1 | op=READ_BUCKET {"volume":"9cef86c7-444b-42c2-b81c-b8dd80cf8581","bucket":"1fe66cff-6708-45ed-bbde-9c0bcc107199"} | ret=SUCCESS |  
2025-10-17 11:02:29,187 | INFO  | SCMAudit | user=runner | ip=127.0.0.1 | op=ALLOCATE_BLOCK {"replication":"RATIS/ONE","owner":"omServiceIdDefault","size":"4194304","sampleBlocks":"[conID: 10 locID: 115816896921600151]","num":"1","client":"","allocated":"1"} | ret=SUCCESS |  
2025-10-17 11:02:29,189 | INFO  | OMAudit | user=runner | ip=127.0.0.1 | op=ALLOCATE_KEY {"volume":"9cef86c7-444b-42c2-b81c-b8dd80cf8581","bucket":"1fe66cff-6708-45ed-bbde-9c0bcc107199","key":"32fc441c-9e4f-4fad-a78c-1a661f21f80f","dataSize":"12","replicationType":"RATIS","replicationFactor":"ONE","Transaction":"457"} | ret=SUCCESS |  
2025-10-17 11:02:29,200 | INFO  | OMAudit | user=runner | ip=127.0.0.1 | op=COMMIT_KEY {"volume":"9cef86c7-444b-42c2-b81c-b8dd80cf8581","bucket":"1fe66cff-6708-45ed-bbde-9c0bcc107199","key":"32fc441c-9e4f-4fad-a78c-1a661f21f80f","dataSize":"12","replicationType":"RATIS","replicationFactor":"ONE","Transaction":"458"} | ret=SUCCESS |  
2025-10-17 11:02:29,201 | INFO  | OMAudit | user=runner | ip=127.0.0.1 | op=READ_VOLUME {"volume":"9cef86c7-444b-42c2-b81c-b8dd80cf8581"} | ret=SUCCESS |  
2025-10-17 11:02:29,202 | INFO  | OMAudit | user=runner | ip=127.0.0.1 | op=READ_BUCKET {"volume":"9cef86c7-444b-42c2-b81c-b8dd80cf8581","bucket":"1fe66cff-6708-45ed-bbde-9c0bcc107199"} | ret=SUCCESS |  
2025-10-17 11:02:29,202 | INFO  | OMAudit | user=runner | ip=127.0.0.1 | op=READ_BUCKET {"volume":"9cef86c7-444b-42c2-b81c-b8dd80cf8581","bucket":"1fe66cff-6708-45ed-bbde-9c0bcc107199"} | ret=SUCCESS |  
2025-10-17 11:02:29,203 | INFO  | SCMAudit | user=runner | ip=127.0.0.1 | op=ALLOCATE_BLOCK {"replication":"RATIS/ONE","owner":"omServiceIdDefault","size":"4194304","sampleBlocks":"[conID: 1 locID: 115816896921600152]","num":"1","client":"","allocated":"1"} | ret=SUCCESS |  
2025-10-17 11:02:29,205 | INFO  | OMAudit | user=runner | ip=127.0.0.1 | op=ALLOCATE_KEY {"volume":"9cef86c7-444b-42c2-b81c-b8dd80cf8581","bucket":"1fe66cff-6708-45ed-bbde-9c0bcc107199","key":"32fc441c-9e4f-4fad-a78c-1a661f21f80f","dataSize":"12","replicationType":"RATIS","replicationFactor":"ONE","Transaction":"459"} | ret=SUCCESS |  
2025-10-17 11:02:29,210 | INFO  | OMAudit | user=runner | ip=127.0.0.1 | op=COMMIT_KEY {"volume":"9cef86c7-444b-42c2-b81c-b8dd80cf8581","bucket":"1fe66cff-6708-45ed-bbde-9c0bcc107199","key":"32fc441c-9e4f-4fad-a78c-1a661f21f80f","dataSize":"12","replicationType":"RATIS","replicationFactor":"ONE","Transaction":"460"} | ret=SUCCESS |  
2025-10-17 11:02:29,212 | INFO  | OMAudit | user=runner | ip=127.0.0.1 | op=READ_VOLUME {"volume":"9cef86c7-444b-42c2-b81c-b8dd80cf8581"} | ret=SUCCESS |  
2025-10-17 11:02:29,213 | INFO  | OMAudit | user=runner | ip=127.0.0.1 | op=READ_BUCKET {"volume":"9cef86c7-444b-42c2-b81c-b8dd80cf8581","bucket":"1fe66cff-6708-45ed-bbde-9c0bcc107199"} | ret=SUCCESS |  
2025-10-17 11:02:29,215 | INFO  | SCMAudit | user=runner | ip=127.0.0.1 | op=SEND_HEARTBEAT {"datanodeUUID":"50dccd39-549f-4f43-8b1f-597bf98f9c16","term":"2","command":"[]"} | ret=SUCCESS |  
2025-10-17 11:02:29,233 | INFO  | SCMAudit | user=runner | ip=127.0.0.1 | op=SEND_HEARTBEAT {"datanodeUUID":"718bfa29-2c47-4ab5-ac61-3dfe9c6b9d5c","term":"2","command":"[]"} | ret=SUCCESS |  
2025-10-17 11:02:29,233 | INFO  | SCMAudit | user=runner | ip=127.0.0.1 | op=SEND_HEARTBEAT {"datanodeUUID":"99c47355-c013-4450-a734-aff6d3c99677","term":"2","command":"[]"} | ret=SUCCESS |  
2025-10-17 11:02:29,237 | INFO  | SCMAudit | user=runner | ip=127.0.0.1 | op=SEND_HEARTBEAT {"datanodeUUID":"7995ae7b-77ec-4e72-809d-814459f62ee0","term":"2","command":"[]"} | ret=SUCCESS |  
2025-10-17 11:02:29,716 | INFO  | SCMAudit | user=runner | ip=127.0.0.1 | op=SEND_HEARTBEAT {"datanodeUUID":"b1eee25a-1fdf-4744-83c7-58e0513fce3b","term":"2","command":"[]"} | ret=SUCCESS |  
2025-10-17 11:02:29,716 | INFO  | SCMAudit | user=runner | ip=127.0.0.1 | op=SEND_HEARTBEAT {"datanodeUUID":"28c08cd4-c049-4c66-8210-e254cf68b291","term":"2","command":"[]"} | ret=SUCCESS |  
2025-10-17 11:02:29,717 | INFO  | SCMAudit | user=runner | ip=127.0.0.1 | op=SEND_HEARTBEAT {"datanodeUUID":"b6f92338-e951-49df-a986-ea31ece96e9e","term":"2","command":"[]"} | ret=SUCCESS |  
2025-10-17 11:02:29,718 | INFO  | SCMAudit | user=runner | ip=127.0.0.1 | op=SEND_HEARTBEAT {"datanodeUUID":"2b4cc429-f9c1-416c-9a38-6239a2e149ea","term":"2","command":"[]"} | ret=SUCCESS |  
2025-10-17 11:02:29,720 | INFO  | SCMAudit | user=runner | ip=127.0.0.1 | op=SEND_HEARTBEAT {"datanodeUUID":"b292b6be-9482-4c30-a3e0-c9f721931b72","term":"2","command":"[]"} | ret=SUCCESS |  
2025-10-17 11:02:29,755 | INFO  | SCMAudit | user=runner | ip=127.0.0.1 | op=SEND_HEARTBEAT {"datanodeUUID":"dbd6f242-9b73-4bca-a110-3e2ec656b979","term":"2","command":"[]"} | ret=SUCCESS |  
2025-10-17 11:02:29,757 | INFO  | SCMAudit | user=runner | ip=127.0.0.1 | op=SEND_HEARTBEAT {"datanodeUUID":"ed6e9581-5875-4278-a8db-50829892434b","term":"2","command":"[]"} | ret=SUCCESS |  
2025-10-17 11:02:29,860 | INFO  | SCMAudit | user=runner | ip=127.0.0.1 | op=SEND_HEARTBEAT {"datanodeUUID":"a5293c95-44e9-4ea9-88ca-89089eac4b59","term":"2","command":"[]"} | ret=SUCCESS |  
2025-10-17 11:02:29,938 | INFO  | SCMAudit | user=runner | ip=127.0.0.1 | op=SEND_HEARTBEAT {"datanodeUUID":"3a11eef6-a527-493c-8ba3-ae39ecaefa56","term":"2","command":"[]"} | ret=SUCCESS |  
2025-10-17 11:02:30,031 | INFO  | SCMAudit | user=runner | ip=127.0.0.1 | op=SEND_HEARTBEAT {"datanodeUUID":"309ab1ff-9f5a-4058-8b2f-94d451ce5267","term":"2","command":"[]"} | ret=SUCCESS |  
2025-10-17 11:02:30,129 [om1-KeyDeletingService#7] INFO  service.KeyDeletingService (KeyDeletingService.java:processKeyDeletes(151)) - Send 1 key(s) to SCM, first 1 keys: [PurgedKey{blockGroup=BlockGroup[groupID='/9cef86c7-444b-42c2-b81c-b8dd80cf8581/1fe66cff-6708-45ed-bbde-9c0bcc107199/32fc441c-9e4f-4fad-a78c-1a661f21f80f/-9223372036854658048/0', blockIDs=[conID: 10 locID: 115816896921600151 bcsId: 0 replicaIndex: null]], volume='9cef86c7-444b-42c2-b81c-b8dd80cf8581', bucket='1fe66cff-6708-45ed-bbde-9c0bcc107199', bucketId=-9223372036854659072, purgedBytes=12, isCommittedKey=true, deleteKeyName='/9cef86c7-444b-42c2-b81c-b8dd80cf8581/1fe66cff-6708-45ed-bbde-9c0bcc107199/32fc441c-9e4f-4fad-a78c-1a661f21f80f/-9223372036854658048'}]
2025-10-17 11:02:30,130 | INFO  | SCMAudit | user=runner | ip=127.0.0.1 | op=DELETE_KEY_BLOCK {"KeyBlockToDelete":"[BlockGroup[groupID='/9cef86c7-444b-42c2-b81c-b8dd80cf8581/1fe66cff-6708-45ed-bbde-9c0bcc107199/32fc441c-9e4f-4fad-a78c-1a661f21f80f/-9223372036854658048/0', blockIDs=[conID: 10 locID: 115816896921600151 bcsId: 0 replicaIndex: null]]]"} | ret=SUCCESS |  
2025-10-17 11:02:30,131 [om1-KeyDeletingService#7] INFO  service.KeyDeletingService (KeyDeletingService.java:processKeyDeletes(158)) - 1 BlockGroup deletion are acked by SCM in 2 ms
2025-10-17 11:02:30,132 [om1-KeyDeletingService#7] INFO  service.KeyDeletingService (KeyDeletingService.java:processKeyDeletes(166)) - Blocks for 1 (out of 1) keys are deleted from DB in 2 ms. Limit per task is 50000.
2025-10-17 11:02:30,214 | INFO  | OMAudit | user=runner | ip=127.0.0.1 | op=READ_VOLUME {"volume":"9cef86c7-444b-42c2-b81c-b8dd80cf8581"} | ret=SUCCESS |  
2025-10-17 11:02:30,215 | INFO  | OMAudit | user=runner | ip=127.0.0.1 | op=READ_BUCKET {"volume":"9cef86c7-444b-42c2-b81c-b8dd80cf8581","bucket":"1fe66cff-6708-45ed-bbde-9c0bcc107199"} | ret=SUCCESS |  
2025-10-17 11:02:30,215 | INFO  | SCMAudit | user=runner | ip=127.0.0.1 | op=SEND_HEARTBEAT {"datanodeUUID":"50dccd39-549f-4f43-8b1f-597bf98f9c16","term":"2","command":"[]"} | ret=SUCCESS |  
2025-10-17 11:02:30,216 | INFO  | OMAudit | user=runner | ip=127.0.0.1 | op=READ_BUCKET {"volume":"9cef86c7-444b-42c2-b81c-b8dd80cf8581","bucket":"1fe66cff-6708-45ed-bbde-9c0bcc107199"} | ret=SUCCESS |  
2025-10-17 11:02:30,217 | INFO  | SCMAudit | user=runner | ip=127.0.0.1 | op=ALLOCATE_BLOCK {"replication":"RATIS/ONE","owner":"omServiceIdDefault","size":"4194304","sampleBlocks":"[conID: 6 locID: 115816896921600153]","num":"1","client":"","allocated":"1"} | ret=SUCCESS |  
2025-10-17 11:02:30,220 | INFO  | OMAudit | user=runner | ip=127.0.0.1 | op=ALLOCATE_KEY {"volume":"9cef86c7-444b-42c2-b81c-b8dd80cf8581","bucket":"1fe66cff-6708-45ed-bbde-9c0bcc107199","key":"5395b8c8-1804-4f22-ade7-e96446997e0c","dataSize":"12","replicationType":"RATIS","replicationFactor":"ONE","Transaction":"462"} | ret=SUCCESS |  
2025-10-17 11:02:30,230 | INFO  | OMAudit | user=runner | ip=127.0.0.1 | op=COMMIT_KEY {"volume":"9cef86c7-444b-42c2-b81c-b8dd80cf8581","bucket":"1fe66cff-6708-45ed-bbde-9c0bcc107199","key":"5395b8c8-1804-4f22-ade7-e96446997e0c","dataSize":"12","replicationType":"RATIS","replicationFactor":"ONE","Transaction":"463"} | ret=SUCCESS |  
2025-10-17 11:02:30,231 | INFO  | OMAudit | user=runner | ip=127.0.0.1 | op=READ_VOLUME {"volume":"9cef86c7-444b-42c2-b81c-b8dd80cf8581"} | ret=SUCCESS |  
2025-10-17 11:02:30,232 | INFO  | OMAudit | user=runner | ip=127.0.0.1 | op=READ_BUCKET {"volume":"9cef86c7-444b-42c2-b81c-b8dd80cf8581","bucket":"1fe66cff-6708-45ed-bbde-9c0bcc107199"} | ret=SUCCESS |  
2025-10-17 11:02:30,233 | INFO  | SCMAudit | user=runner | ip=127.0.0.1 | op=SEND_HEARTBEAT {"datanodeUUID":"718bfa29-2c47-4ab5-ac61-3dfe9c6b9d5c","term":"2","command":"[]"} | ret=SUCCESS |  
2025-10-17 11:02:30,234 | INFO  | OMAudit | user=runner | ip=127.0.0.1 | op=DELETE_KEY {"volume":"9cef86c7-444b-42c2-b81c-b8dd80cf8581","bucket":"1fe66cff-6708-45ed-bbde-9c0bcc107199","key":"32fc441c-9e4f-4fad-a78c-1a661f21f80f","dataSize":"12","replicationConfig":"RATIS/ONE","Transaction":"464"} | ret=SUCCESS |  
2025-10-17 11:02:30,234 | INFO  | SCMAudit | user=runner | ip=127.0.0.1 | op=SEND_HEARTBEAT {"datanodeUUID":"99c47355-c013-4450-a734-aff6d3c99677","term":"2","command":"[]"} | ret=SUCCESS |  
2025-10-17 11:02:30,235 | INFO  | OMAudit | user=runner | ip=127.0.0.1 | op=READ_VOLUME {"volume":"9cef86c7-444b-42c2-b81c-b8dd80cf8581"} | ret=SUCCESS |  
2025-10-17 11:02:30,235 | INFO  | OMAudit | user=runner | ip=127.0.0.1 | op=READ_BUCKET {"volume":"9cef86c7-444b-42c2-b81c-b8dd80cf8581","bucket":"1fe66cff-6708-45ed-bbde-9c0bcc107199"} | ret=SUCCESS |  
2025-10-17 11:02:30,237 | INFO  | SCMAudit | user=runner | ip=127.0.0.1 | op=SEND_HEARTBEAT {"datanodeUUID":"7995ae7b-77ec-4e72-809d-814459f62ee0","term":"2","command":"[]"} | ret=SUCCESS |  
2025-10-17 11:02:30,716 | INFO  | SCMAudit | user=runner | ip=127.0.0.1 | op=SEND_HEARTBEAT {"datanodeUUID":"28c08cd4-c049-4c66-8210-e254cf68b291","term":"2","command":"[]"} | ret=SUCCESS |  
2025-10-17 11:02:30,716 | INFO  | SCMAudit | user=runner | ip=127.0.0.1 | op=SEND_HEARTBEAT {"datanodeUUID":"b1eee25a-1fdf-4744-83c7-58e0513fce3b","term":"2","command":"[]"} | ret=SUCCESS |  
2025-10-17 11:02:30,717 | INFO  | SCMAudit | user=runner | ip=127.0.0.1 | op=SEND_HEARTBEAT {"datanodeUUID":"b6f92338-e951-49df-a986-ea31ece96e9e","term":"2","command":"[]"} | ret=SUCCESS |  
2025-10-17 11:02:30,717 | INFO  | SCMAudit | user=runner | ip=127.0.0.1 | op=SEND_HEARTBEAT {"datanodeUUID":"2b4cc429-f9c1-416c-9a38-6239a2e149ea","term":"2","command":"[]"} | ret=SUCCESS |  
2025-10-17 11:02:30,720 | INFO  | SCMAudit | user=runner | ip=127.0.0.1 | op=SEND_HEARTBEAT {"datanodeUUID":"b292b6be-9482-4c30-a3e0-c9f721931b72","term":"2","command":"[]"} | ret=SUCCESS |  
2025-10-17 11:02:30,755 | INFO  | SCMAudit | user=runner | ip=127.0.0.1 | op=SEND_HEARTBEAT {"datanodeUUID":"dbd6f242-9b73-4bca-a110-3e2ec656b979","term":"2","command":"[]"} | ret=SUCCESS |  
2025-10-17 11:02:30,757 | INFO  | SCMAudit | user=runner | ip=127.0.0.1 | op=SEND_HEARTBEAT {"datanodeUUID":"ed6e9581-5875-4278-a8db-50829892434b","term":"2","command":"[]"} | ret=SUCCESS |  
2025-10-17 11:02:30,860 | INFO  | SCMAudit | user=runner | ip=127.0.0.1 | op=SEND_HEARTBEAT {"datanodeUUID":"a5293c95-44e9-4ea9-88ca-89089eac4b59","term":"2","command":"[]"} | ret=SUCCESS |  
2025-10-17 11:02:30,938 | INFO  | SCMAudit | user=runner | ip=127.0.0.1 | op=SEND_HEARTBEAT {"datanodeUUID":"3a11eef6-a527-493c-8ba3-ae39ecaefa56","term":"2","command":"[]"} | ret=SUCCESS |  
2025-10-17 11:02:31,031 | INFO  | SCMAudit | user=runner | ip=127.0.0.1 | op=SEND_HEARTBEAT {"datanodeUUID":"309ab1ff-9f5a-4058-8b2f-94d451ce5267","term":"2","command":"[]"} | ret=SUCCESS |  
2025-10-17 11:02:31,129 [om1-KeyDeletingService#4] INFO  service.KeyDeletingService (KeyDeletingService.java:processKeyDeletes(151)) - Send 1 key(s) to SCM, first 1 keys: [PurgedKey{blockGroup=BlockGroup[groupID='/9cef86c7-444b-42c2-b81c-b8dd80cf8581/1fe66cff-6708-45ed-bbde-9c0bcc107199/32fc441c-9e4f-4fad-a78c-1a661f21f80f/-9223372036854658816/0', blockIDs=[conID: 1 locID: 115816896921600152 bcsId: 0 replicaIndex: null]], volume='9cef86c7-444b-42c2-b81c-b8dd80cf8581', bucket='1fe66cff-6708-45ed-bbde-9c0bcc107199', bucketId=-9223372036854659072, purgedBytes=12, isCommittedKey=true, deleteKeyName='/9cef86c7-444b-42c2-b81c-b8dd80cf8581/1fe66cff-6708-45ed-bbde-9c0bcc107199/32fc441c-9e4f-4fad-a78c-1a661f21f80f/-9223372036854658816'}]
2025-10-17 11:02:31,131 | INFO  | SCMAudit | user=runner | ip=127.0.0.1 | op=DELETE_KEY_BLOCK {"KeyBlockToDelete":"[BlockGroup[groupID='/9cef86c7-444b-42c2-b81c-b8dd80cf8581/1fe66cff-6708-45ed-bbde-9c0bcc107199/32fc441c-9e4f-4fad-a78c-1a661f21f80f/-9223372036854658816/0', blockIDs=[conID: 1 locID: 115816896921600152 bcsId: 0 replicaIndex: null]]]"} | ret=SUCCESS |  
2025-10-17 11:02:31,131 [om1-KeyDeletingService#4] INFO  service.KeyDeletingService (KeyDeletingService.java:processKeyDeletes(158)) - 1 BlockGroup deletion are acked by SCM in 2 ms
2025-10-17 11:02:31,133 [om1-KeyDeletingService#4] INFO  service.KeyDeletingService (KeyDeletingService.java:processKeyDeletes(166)) - Blocks for 1 (out of 1) keys are deleted from DB in 1 ms. Limit per task is 50000.
2025-10-17 11:02:31,215 | INFO  | SCMAudit | user=runner | ip=127.0.0.1 | op=SEND_HEARTBEAT {"datanodeUUID":"50dccd39-549f-4f43-8b1f-597bf98f9c16","term":"2","command":"[]"} | ret=SUCCESS |  
2025-10-17 11:02:31,234 | INFO  | SCMAudit | user=runner | ip=127.0.0.1 | op=SEND_HEARTBEAT {"datanodeUUID":"718bfa29-2c47-4ab5-ac61-3dfe9c6b9d5c","term":"2","command":"[]"} | ret=SUCCESS |  
2025-10-17 11:02:31,234 | INFO  | SCMAudit | user=runner | ip=127.0.0.1 | op=SEND_HEARTBEAT {"datanodeUUID":"99c47355-c013-4450-a734-aff6d3c99677","term":"2","command":"[]"} | ret=SUCCESS |  
2025-10-17 11:02:31,236 | INFO  | OMAudit | user=runner | ip=127.0.0.1 | op=READ_VOLUME {"volume":"9cef86c7-444b-42c2-b81c-b8dd80cf8581"} | ret=SUCCESS |  
2025-10-17 11:02:31,237 | INFO  | SCMAudit | user=runner | ip=127.0.0.1 | op=SEND_HEARTBEAT {"datanodeUUID":"7995ae7b-77ec-4e72-809d-814459f62ee0","term":"2","command":"[]"} | ret=SUCCESS |  
2025-10-17 11:02:31,237 | INFO  | OMAudit | user=runner | ip=127.0.0.1 | op=READ_BUCKET {"volume":"9cef86c7-444b-42c2-b81c-b8dd80cf8581","bucket":"1fe66cff-6708-45ed-bbde-9c0bcc107199"} | ret=SUCCESS |  
2025-10-17 11:02:31,240 | INFO  | OMAudit | user=runner | ip=127.0.0.1 | op=DELETE_KEY {"volume":"9cef86c7-444b-42c2-b81c-b8dd80cf8581","bucket":"1fe66cff-6708-45ed-bbde-9c0bcc107199","key":"5395b8c8-1804-4f22-ade7-e96446997e0c","dataSize":"12","replicationConfig":"RATIS/ONE","Transaction":"466"} | ret=SUCCESS |  
2025-10-17 11:02:31,241 | INFO  | OMAudit | user=runner | ip=127.0.0.1 | op=READ_VOLUME {"volume":"9cef86c7-444b-42c2-b81c-b8dd80cf8581"} | ret=SUCCESS |  
2025-10-17 11:02:31,242 | INFO  | OMAudit | user=runner | ip=127.0.0.1 | op=READ_BUCKET {"volume":"9cef86c7-444b-42c2-b81c-b8dd80cf8581","bucket":"1fe66cff-6708-45ed-bbde-9c0bcc107199"} | ret=SUCCESS |  
2025-10-17 11:02:31,716 | INFO  | SCMAudit | user=runner | ip=127.0.0.1 | op=SEND_HEARTBEAT {"datanodeUUID":"28c08cd4-c049-4c66-8210-e254cf68b291","term":"2","command":"[]"} | ret=SUCCESS |  
2025-10-17 11:02:31,716 | INFO  | SCMAudit | user=runner | ip=127.0.0.1 | op=SEND_HEARTBEAT {"datanodeUUID":"b1eee25a-1fdf-4744-83c7-58e0513fce3b","term":"2","command":"[]"} | ret=SUCCESS |  
2025-10-17 11:02:31,717 | INFO  | SCMAudit | user=runner | ip=127.0.0.1 | op=SEND_HEARTBEAT {"datanodeUUID":"b6f92338-e951-49df-a986-ea31ece96e9e","term":"2","command":"[]"} | ret=SUCCESS |  
2025-10-17 11:02:31,718 | INFO  | SCMAudit | user=runner | ip=127.0.0.1 | op=SEND_HEARTBEAT {"datanodeUUID":"2b4cc429-f9c1-416c-9a38-6239a2e149ea","term":"2","command":"[]"} | ret=SUCCESS |  
2025-10-17 11:02:31,719 | INFO  | SCMAudit | user=runner | ip=127.0.0.1 | op=SEND_HEARTBEAT {"datanodeUUID":"b292b6be-9482-4c30-a3e0-c9f721931b72","term":"2","command":"[]"} | ret=SUCCESS |  
2025-10-17 11:02:31,755 | INFO  | SCMAudit | user=runner | ip=127.0.0.1 | op=SEND_HEARTBEAT {"datanodeUUID":"dbd6f242-9b73-4bca-a110-3e2ec656b979","term":"2","command":"[]"} | ret=SUCCESS |  
2025-10-17 11:02:31,757 | INFO  | SCMAudit | user=runner | ip=127.0.0.1 | op=SEND_HEARTBEAT {"datanodeUUID":"ed6e9581-5875-4278-a8db-50829892434b","term":"2","command":"[]"} | ret=SUCCESS |  
2025-10-17 11:02:31,860 | INFO  | SCMAudit | user=runner | ip=127.0.0.1 | op=SEND_HEARTBEAT {"datanodeUUID":"a5293c95-44e9-4ea9-88ca-89089eac4b59","term":"2","command":"[]"} | ret=SUCCESS |  
2025-10-17 11:02:31,938 | INFO  | SCMAudit | user=runner | ip=127.0.0.1 | op=SEND_HEARTBEAT {"datanodeUUID":"3a11eef6-a527-493c-8ba3-ae39ecaefa56","term":"2","command":"[]"} | ret=SUCCESS |  
2025-10-17 11:02:32,032 | INFO  | SCMAudit | user=runner | ip=127.0.0.1 | op=SEND_HEARTBEAT {"datanodeUUID":"309ab1ff-9f5a-4058-8b2f-94d451ce5267","term":"2","command":"[]"} | ret=SUCCESS |  
2025-10-17 11:02:32,129 [om1-KeyDeletingService#3] INFO  service.KeyDeletingService (KeyDeletingService.java:processKeyDeletes(151)) - Send 1 key(s) to SCM, first 1 keys: [PurgedKey{blockGroup=BlockGroup[groupID='/9cef86c7-444b-42c2-b81c-b8dd80cf8581/1fe66cff-6708-45ed-bbde-9c0bcc107199/5395b8c8-1804-4f22-ade7-e96446997e0c/-9223372036854657536/0', blockIDs=[conID: 6 locID: 115816896921600153 bcsId: 0 replicaIndex: null]], volume='9cef86c7-444b-42c2-b81c-b8dd80cf8581', bucket='1fe66cff-6708-45ed-bbde-9c0bcc107199', bucketId=-9223372036854659072, purgedBytes=12, isCommittedKey=true, deleteKeyName='/9cef86c7-444b-42c2-b81c-b8dd80cf8581/1fe66cff-6708-45ed-bbde-9c0bcc107199/5395b8c8-1804-4f22-ade7-e96446997e0c/-9223372036854657536'}]
2025-10-17 11:02:32,131 | INFO  | SCMAudit | user=runner | ip=127.0.0.1 | op=DELETE_KEY_BLOCK {"KeyBlockToDelete":"[BlockGroup[groupID='/9cef86c7-444b-42c2-b81c-b8dd80cf8581/1fe66cff-6708-45ed-bbde-9c0bcc107199/5395b8c8-1804-4f22-ade7-e96446997e0c/-9223372036854657536/0', blockIDs=[conID: 6 locID: 115816896921600153 bcsId: 0 replicaIndex: null]]]"} | ret=SUCCESS |  
2025-10-17 11:02:32,131 [om1-KeyDeletingService#3] INFO  service.KeyDeletingService (KeyDeletingService.java:processKeyDeletes(158)) - 1 BlockGroup deletion are acked by SCM in 3 ms
2025-10-17 11:02:32,133 [om1-KeyDeletingService#3] INFO  service.KeyDeletingService (KeyDeletingService.java:processKeyDeletes(166)) - Blocks for 1 (out of 1) keys are deleted from DB in 1 ms. Limit per task is 50000.
2025-10-17 11:02:32,215 | INFO  | SCMAudit | user=runner | ip=127.0.0.1 | op=SEND_HEARTBEAT {"datanodeUUID":"50dccd39-549f-4f43-8b1f-597bf98f9c16","term":"2","command":"[]"} | ret=SUCCESS |  
2025-10-17 11:02:32,234 | INFO  | SCMAudit | user=runner | ip=127.0.0.1 | op=SEND_HEARTBEAT {"datanodeUUID":"99c47355-c013-4450-a734-aff6d3c99677","term":"2","command":"[]"} | ret=SUCCESS |  
2025-10-17 11:02:32,234 | INFO  | SCMAudit | user=runner | ip=127.0.0.1 | op=SEND_HEARTBEAT {"datanodeUUID":"718bfa29-2c47-4ab5-ac61-3dfe9c6b9d5c","term":"2","command":"[]"} | ret=SUCCESS |  
2025-10-17 11:02:32,237 | INFO  | SCMAudit | user=runner | ip=127.0.0.1 | op=SEND_HEARTBEAT {"datanodeUUID":"7995ae7b-77ec-4e72-809d-814459f62ee0","term":"2","command":"[]"} | ret=SUCCESS |  
2025-10-17 11:02:32,243 | INFO  | OMAudit | user=runner | ip=127.0.0.1 | op=READ_VOLUME {"volume":"9cef86c7-444b-42c2-b81c-b8dd80cf8581"} | ret=SUCCESS |  
2025-10-17 11:02:32,244 | INFO  | OMAudit | user=runner | ip=127.0.0.1 | op=READ_BUCKET {"volume":"9cef86c7-444b-42c2-b81c-b8dd80cf8581","bucket":"1fe66cff-6708-45ed-bbde-9c0bcc107199"} | ret=SUCCESS |  
2025-10-17 11:02:32,247 | INFO  | OMAudit | user=runner | ip=127.0.0.1 | op=GET_SERVICE_LIST {} | ret=SUCCESS |  
2025-10-17 11:02:32,253 | INFO  | OMAudit | user=runner | ip=127.0.0.1 | op=CREATE_DIRECTORY {"volume":"9cef86c7-444b-42c2-b81c-b8dd80cf8581","bucket":"1fe66cff-6708-45ed-bbde-9c0bcc107199","key":"c211daaa-deff-43fc-93d0-8ac4f11b6608","dataSize":"0","Transaction":"468"} | ret=SUCCESS |  
2025-10-17 11:02:32,255 | INFO  | OMAudit | user=runner | ip=127.0.0.1 | op=READ_VOLUME {"volume":"9cef86c7-444b-42c2-b81c-b8dd80cf8581"} | ret=SUCCESS |  
2025-10-17 11:02:32,256 | INFO  | OMAudit | user=runner | ip=127.0.0.1 | op=READ_BUCKET {"volume":"9cef86c7-444b-42c2-b81c-b8dd80cf8581","bucket":"1fe66cff-6708-45ed-bbde-9c0bcc107199"} | ret=SUCCESS |  
2025-10-17 11:02:32,258 | INFO  | OMAudit | user=runner | ip=127.0.0.1 | op=CREATE_DIRECTORY {"volume":"9cef86c7-444b-42c2-b81c-b8dd80cf8581","bucket":"1fe66cff-6708-45ed-bbde-9c0bcc107199","key":"e7df32b0-d9ba-4c33-aa3e-d07074addcac","dataSize":"0","Transaction":"469"} | ret=SUCCESS |  
2025-10-17 11:02:32,259 | INFO  | OMAudit | user=runner | ip=127.0.0.1 | op=READ_VOLUME {"volume":"9cef86c7-444b-42c2-b81c-b8dd80cf8581"} | ret=SUCCESS |  
2025-10-17 11:02:32,260 | INFO  | OMAudit | user=runner | ip=127.0.0.1 | op=READ_BUCKET {"volume":"9cef86c7-444b-42c2-b81c-b8dd80cf8581","bucket":"1fe66cff-6708-45ed-bbde-9c0bcc107199"} | ret=SUCCESS |  
2025-10-17 11:02:32,261 | INFO  | OMAudit | user=runner | ip=127.0.0.1 | op=DELETE_KEY {"volume":"9cef86c7-444b-42c2-b81c-b8dd80cf8581","bucket":"1fe66cff-6708-45ed-bbde-9c0bcc107199","key":"c211daaa-deff-43fc-93d0-8ac4f11b6608/","Transaction":"470"} | ret=SUCCESS |  
2025-10-17 11:02:32,262 | INFO  | OMAudit | user=runner | ip=127.0.0.1 | op=READ_VOLUME {"volume":"9cef86c7-444b-42c2-b81c-b8dd80cf8581"} | ret=SUCCESS |  
2025-10-17 11:02:32,263 | INFO  | OMAudit | user=runner | ip=127.0.0.1 | op=READ_BUCKET {"volume":"9cef86c7-444b-42c2-b81c-b8dd80cf8581","bucket":"1fe66cff-6708-45ed-bbde-9c0bcc107199"} | ret=SUCCESS |  
2025-10-17 11:02:32,265 | INFO  | OMAudit | user=runner | ip=127.0.0.1 | op=DELETE_KEY {"volume":"9cef86c7-444b-42c2-b81c-b8dd80cf8581","bucket":"1fe66cff-6708-45ed-bbde-9c0bcc107199","key":"e7df32b0-d9ba-4c33-aa3e-d07074addcac/","Transaction":"471"} | ret=SUCCESS |  
2025-10-17 11:02:32,266 | INFO  | OMAudit | user=runner | ip=127.0.0.1 | op=READ_VOLUME {"volume":"9cef86c7-444b-42c2-b81c-b8dd80cf8581"} | ret=SUCCESS |  
2025-10-17 11:02:32,267 | INFO  | OMAudit | user=runner | ip=127.0.0.1 | op=READ_BUCKET {"volume":"9cef86c7-444b-42c2-b81c-b8dd80cf8581","bucket":"1fe66cff-6708-45ed-bbde-9c0bcc107199"} | ret=SUCCESS |  
2025-10-17 11:02:32,268 | INFO  | OMAudit | user=runner | ip=127.0.0.1 | op=CREATE_DIRECTORY {"volume":"9cef86c7-444b-42c2-b81c-b8dd80cf8581","bucket":"1fe66cff-6708-45ed-bbde-9c0bcc107199","key":"dir1/dir2/dir3/dir4","dataSize":"0","Transaction":"472"} | ret=SUCCESS |  
2025-10-17 11:02:32,269 | INFO  | OMAudit | user=runner | ip=127.0.0.1 | op=READ_VOLUME {"volume":"9cef86c7-444b-42c2-b81c-b8dd80cf8581"} | ret=SUCCESS |  
2025-10-17 11:02:32,270 | INFO  | OMAudit | user=runner | ip=127.0.0.1 | op=READ_BUCKET {"volume":"9cef86c7-444b-42c2-b81c-b8dd80cf8581","bucket":"1fe66cff-6708-45ed-bbde-9c0bcc107199"} | ret=SUCCESS |  
]]></system-out>
  </testcase>
  <testcase name="testBucketUsedNamespace(BucketLayout, boolean)[2]" classname="org.apache.hadoop.ozone.client.rpc.TestSecureOzoneRpcClient" time="3.082">
    <system-out><![CDATA[2025-10-17 11:02:32,272 [ForkJoinPool-1-worker-1] INFO  rpc.RpcClient (RpcClient.java:createVolume(461)) - Creating Volume: 94d232ad-8b10-4e60-8e92-25fb3cd483db, with runner as owner and space quota set to -1 bytes, counts quota set to -1
2025-10-17 11:02:32,274 [om1-OMStateMachineApplyTransactionThread - 0] INFO  volume.OMVolumeCreateRequest (OMVolumeCreateRequest.java:validateAndUpdateCache(213)) - created volume:94d232ad-8b10-4e60-8e92-25fb3cd483db for user:runner
2025-10-17 11:02:32,274 | INFO  | OMAudit | user=runner | ip=127.0.0.1 | op=CREATE_VOLUME {"admin":"runner","owner":"runner","volume":"94d232ad-8b10-4e60-8e92-25fb3cd483db","creationTime":"1760698952273","modificationTime":"1760698952273","quotaInBytes":"-1","quotaInNamespace":"-1","usedNamespace":"0","objectID":"-9223372036854654720","updateID":"473","Transaction":"473"} | ret=SUCCESS |  
2025-10-17 11:02:32,275 | INFO  | OMAudit | user=runner | ip=127.0.0.1 | op=READ_VOLUME {"volume":"94d232ad-8b10-4e60-8e92-25fb3cd483db"} | ret=SUCCESS |  
2025-10-17 11:02:32,275 [ForkJoinPool-1-worker-1] INFO  rpc.RpcClient (RpcClient.java:createBucket(686)) - Creating Bucket: 94d232ad-8b10-4e60-8e92-25fb3cd483db/54948b20-1a84-4453-98d6-3cdb02d55273, with bucket layout OBJECT_STORE, runner as owner, Versioning false, Storage Type set to DISK and Encryption set to false, Replication Type set to server-side default replication type, Namespace Quota set to -1, Space Quota set to -1 
2025-10-17 11:02:32,277 [om1-OMStateMachineApplyTransactionThread - 0] INFO  bucket.OMBucketCreateRequest (OMBucketCreateRequest.java:validateAndUpdateCache(303)) - created bucket: 54948b20-1a84-4453-98d6-3cdb02d55273 of layout OBJECT_STORE in volume: 94d232ad-8b10-4e60-8e92-25fb3cd483db
2025-10-17 11:02:32,277 | INFO  | OMAudit | user=runner | ip=127.0.0.1 | op=CREATE_BUCKET {"volume":"94d232ad-8b10-4e60-8e92-25fb3cd483db","bucket":"54948b20-1a84-4453-98d6-3cdb02d55273","bucketLayout":"OBJECT_STORE","gdprEnabled":null,"acls":"[user:runner:a[ACCESS], group:runner:rl[ACCESS]]","isVersionEnabled":"false","storageType":"DISK","creationTime":"1760698952276","bucketEncryptionKey":null,"modificationTime":"1760698952276","usedBytes":"0","usedNamespace":"0","snapshotUsedBytes":"0","snapshotUsedNamespace":"0","owner":"runner","replicationType":null,"replicationConfig":null,"quotaInBytes":"-1","quotaInNamespace":"-1","Transaction":"474"} | ret=SUCCESS |  
2025-10-17 11:02:32,278 | INFO  | OMAudit | user=runner | ip=127.0.0.1 | op=READ_BUCKET {"volume":"94d232ad-8b10-4e60-8e92-25fb3cd483db","bucket":"54948b20-1a84-4453-98d6-3cdb02d55273"} | ret=SUCCESS |  
2025-10-17 11:02:32,279 | INFO  | OMAudit | user=runner | ip=127.0.0.1 | op=READ_BUCKET {"volume":"94d232ad-8b10-4e60-8e92-25fb3cd483db","bucket":"54948b20-1a84-4453-98d6-3cdb02d55273"} | ret=SUCCESS |  
2025-10-17 11:02:32,279 | INFO  | SCMAudit | user=runner | ip=127.0.0.1 | op=ALLOCATE_BLOCK {"replication":"RATIS/ONE","owner":"omServiceIdDefault","size":"4194304","sampleBlocks":"[conID: 9 locID: 115816896921600154]","num":"1","client":"","allocated":"1"} | ret=SUCCESS |  
2025-10-17 11:02:32,281 | INFO  | OMAudit | user=runner | ip=127.0.0.1 | op=ALLOCATE_KEY {"volume":"94d232ad-8b10-4e60-8e92-25fb3cd483db","bucket":"54948b20-1a84-4453-98d6-3cdb02d55273","key":"e49e8be7-c4df-4f44-ab48-41a7649a45cb","dataSize":"12","replicationType":"RATIS","replicationFactor":"ONE","Transaction":"475"} | ret=SUCCESS |  
2025-10-17 11:02:32,291 | INFO  | OMAudit | user=runner | ip=127.0.0.1 | op=COMMIT_KEY {"volume":"94d232ad-8b10-4e60-8e92-25fb3cd483db","bucket":"54948b20-1a84-4453-98d6-3cdb02d55273","key":"e49e8be7-c4df-4f44-ab48-41a7649a45cb","dataSize":"12","replicationType":"RATIS","replicationFactor":"ONE","Transaction":"476"} | ret=SUCCESS |  
2025-10-17 11:02:32,292 | INFO  | OMAudit | user=runner | ip=127.0.0.1 | op=READ_VOLUME {"volume":"94d232ad-8b10-4e60-8e92-25fb3cd483db"} | ret=SUCCESS |  
2025-10-17 11:02:32,293 | INFO  | OMAudit | user=runner | ip=127.0.0.1 | op=READ_BUCKET {"volume":"94d232ad-8b10-4e60-8e92-25fb3cd483db","bucket":"54948b20-1a84-4453-98d6-3cdb02d55273"} | ret=SUCCESS |  
2025-10-17 11:02:32,294 | INFO  | OMAudit | user=runner | ip=127.0.0.1 | op=READ_BUCKET {"volume":"94d232ad-8b10-4e60-8e92-25fb3cd483db","bucket":"54948b20-1a84-4453-98d6-3cdb02d55273"} | ret=SUCCESS |  
2025-10-17 11:02:32,295 | INFO  | SCMAudit | user=runner | ip=127.0.0.1 | op=ALLOCATE_BLOCK {"replication":"RATIS/ONE","owner":"omServiceIdDefault","size":"4194304","sampleBlocks":"[conID: 8 locID: 115816896921600155]","num":"1","client":"","allocated":"1"} | ret=SUCCESS |  
2025-10-17 11:02:32,297 | INFO  | OMAudit | user=runner | ip=127.0.0.1 | op=ALLOCATE_KEY {"volume":"94d232ad-8b10-4e60-8e92-25fb3cd483db","bucket":"54948b20-1a84-4453-98d6-3cdb02d55273","key":"e49e8be7-c4df-4f44-ab48-41a7649a45cb","dataSize":"12","replicationType":"RATIS","replicationFactor":"ONE","Transaction":"477"} | ret=SUCCESS |  
2025-10-17 11:02:32,302 | INFO  | OMAudit | user=runner | ip=127.0.0.1 | op=COMMIT_KEY {"volume":"94d232ad-8b10-4e60-8e92-25fb3cd483db","bucket":"54948b20-1a84-4453-98d6-3cdb02d55273","key":"e49e8be7-c4df-4f44-ab48-41a7649a45cb","dataSize":"12","replicationType":"RATIS","replicationFactor":"ONE","Transaction":"478"} | ret=SUCCESS |  
2025-10-17 11:02:32,303 | INFO  | OMAudit | user=runner | ip=127.0.0.1 | op=READ_VOLUME {"volume":"94d232ad-8b10-4e60-8e92-25fb3cd483db"} | ret=SUCCESS |  
2025-10-17 11:02:32,304 | INFO  | OMAudit | user=runner | ip=127.0.0.1 | op=READ_BUCKET {"volume":"94d232ad-8b10-4e60-8e92-25fb3cd483db","bucket":"54948b20-1a84-4453-98d6-3cdb02d55273"} | ret=SUCCESS |  
2025-10-17 11:02:32,716 | INFO  | SCMAudit | user=runner | ip=127.0.0.1 | op=SEND_HEARTBEAT {"datanodeUUID":"28c08cd4-c049-4c66-8210-e254cf68b291","term":"2","command":"[]"} | ret=SUCCESS |  
2025-10-17 11:02:32,716 | INFO  | SCMAudit | user=runner | ip=127.0.0.1 | op=SEND_HEARTBEAT {"datanodeUUID":"b1eee25a-1fdf-4744-83c7-58e0513fce3b","term":"2","command":"[]"} | ret=SUCCESS |  
2025-10-17 11:02:32,718 | INFO  | SCMAudit | user=runner | ip=127.0.0.1 | op=SEND_HEARTBEAT {"datanodeUUID":"2b4cc429-f9c1-416c-9a38-6239a2e149ea","term":"2","command":"[]"} | ret=SUCCESS |  
2025-10-17 11:02:32,718 | INFO  | SCMAudit | user=runner | ip=127.0.0.1 | op=SEND_HEARTBEAT {"datanodeUUID":"b6f92338-e951-49df-a986-ea31ece96e9e","term":"2","command":"[]"} | ret=SUCCESS |  
2025-10-17 11:02:32,720 | INFO  | SCMAudit | user=runner | ip=127.0.0.1 | op=SEND_HEARTBEAT {"datanodeUUID":"b292b6be-9482-4c30-a3e0-c9f721931b72","term":"2","command":"[]"} | ret=SUCCESS |  
2025-10-17 11:02:32,755 | INFO  | SCMAudit | user=runner | ip=127.0.0.1 | op=SEND_HEARTBEAT {"datanodeUUID":"dbd6f242-9b73-4bca-a110-3e2ec656b979","term":"2","command":"[]"} | ret=SUCCESS |  
2025-10-17 11:02:32,757 | INFO  | SCMAudit | user=runner | ip=127.0.0.1 | op=SEND_HEARTBEAT {"datanodeUUID":"ed6e9581-5875-4278-a8db-50829892434b","term":"2","command":"[]"} | ret=SUCCESS |  
2025-10-17 11:02:32,860 | INFO  | SCMAudit | user=runner | ip=127.0.0.1 | op=SEND_HEARTBEAT {"datanodeUUID":"a5293c95-44e9-4ea9-88ca-89089eac4b59","term":"2","command":"[]"} | ret=SUCCESS |  
2025-10-17 11:02:32,938 | INFO  | SCMAudit | user=runner | ip=127.0.0.1 | op=SEND_HEARTBEAT {"datanodeUUID":"3a11eef6-a527-493c-8ba3-ae39ecaefa56","term":"2","command":"[]"} | ret=SUCCESS |  
2025-10-17 11:02:33,031 | INFO  | SCMAudit | user=runner | ip=127.0.0.1 | op=SEND_HEARTBEAT {"datanodeUUID":"309ab1ff-9f5a-4058-8b2f-94d451ce5267","term":"2","command":"[]"} | ret=SUCCESS |  
2025-10-17 11:02:33,129 [om1-KeyDeletingService#2] INFO  service.KeyDeletingService (KeyDeletingService.java:processKeyDeletes(151)) - Send 1 key(s) to SCM, first 1 keys: [PurgedKey{blockGroup=BlockGroup[groupID='/94d232ad-8b10-4e60-8e92-25fb3cd483db/54948b20-1a84-4453-98d6-3cdb02d55273/e49e8be7-c4df-4f44-ab48-41a7649a45cb/-9223372036854653440/0', blockIDs=[conID: 9 locID: 115816896921600154 bcsId: 0 replicaIndex: null]], volume='94d232ad-8b10-4e60-8e92-25fb3cd483db', bucket='54948b20-1a84-4453-98d6-3cdb02d55273', bucketId=-9223372036854654464, purgedBytes=12, isCommittedKey=true, deleteKeyName='/94d232ad-8b10-4e60-8e92-25fb3cd483db/54948b20-1a84-4453-98d6-3cdb02d55273/e49e8be7-c4df-4f44-ab48-41a7649a45cb/-9223372036854653440'}]
2025-10-17 11:02:33,131 | INFO  | SCMAudit | user=runner | ip=127.0.0.1 | op=DELETE_KEY_BLOCK {"KeyBlockToDelete":"[BlockGroup[groupID='/94d232ad-8b10-4e60-8e92-25fb3cd483db/54948b20-1a84-4453-98d6-3cdb02d55273/e49e8be7-c4df-4f44-ab48-41a7649a45cb/-9223372036854653440/0', blockIDs=[conID: 9 locID: 115816896921600154 bcsId: 0 replicaIndex: null]]]"} | ret=SUCCESS |  
2025-10-17 11:02:33,131 [om1-KeyDeletingService#2] INFO  service.KeyDeletingService (KeyDeletingService.java:processKeyDeletes(158)) - 1 BlockGroup deletion are acked by SCM in 3 ms
2025-10-17 11:02:33,133 [om1-KeyDeletingService#2] INFO  service.KeyDeletingService (KeyDeletingService.java:processKeyDeletes(166)) - Blocks for 1 (out of 1) keys are deleted from DB in 1 ms. Limit per task is 50000.
2025-10-17 11:02:33,215 | INFO  | SCMAudit | user=runner | ip=127.0.0.1 | op=SEND_HEARTBEAT {"datanodeUUID":"50dccd39-549f-4f43-8b1f-597bf98f9c16","term":"2","command":"[]"} | ret=SUCCESS |  
2025-10-17 11:02:33,235 | INFO  | SCMAudit | user=runner | ip=127.0.0.1 | op=SEND_HEARTBEAT {"datanodeUUID":"718bfa29-2c47-4ab5-ac61-3dfe9c6b9d5c","term":"2","command":"[]"} | ret=SUCCESS |  
2025-10-17 11:02:33,235 | INFO  | SCMAudit | user=runner | ip=127.0.0.1 | op=SEND_HEARTBEAT {"datanodeUUID":"99c47355-c013-4450-a734-aff6d3c99677","term":"2","command":"[]"} | ret=SUCCESS |  
2025-10-17 11:02:33,237 | INFO  | SCMAudit | user=runner | ip=127.0.0.1 | op=SEND_HEARTBEAT {"datanodeUUID":"7995ae7b-77ec-4e72-809d-814459f62ee0","term":"2","command":"[]"} | ret=SUCCESS |  
2025-10-17 11:02:33,305 | INFO  | OMAudit | user=runner | ip=127.0.0.1 | op=READ_VOLUME {"volume":"94d232ad-8b10-4e60-8e92-25fb3cd483db"} | ret=SUCCESS |  
2025-10-17 11:02:33,306 | INFO  | OMAudit | user=runner | ip=127.0.0.1 | op=READ_BUCKET {"volume":"94d232ad-8b10-4e60-8e92-25fb3cd483db","bucket":"54948b20-1a84-4453-98d6-3cdb02d55273"} | ret=SUCCESS |  
2025-10-17 11:02:33,307 | INFO  | OMAudit | user=runner | ip=127.0.0.1 | op=READ_BUCKET {"volume":"94d232ad-8b10-4e60-8e92-25fb3cd483db","bucket":"54948b20-1a84-4453-98d6-3cdb02d55273"} | ret=SUCCESS |  
2025-10-17 11:02:33,308 | INFO  | SCMAudit | user=runner | ip=127.0.0.1 | op=ALLOCATE_BLOCK {"replication":"RATIS/ONE","owner":"omServiceIdDefault","size":"4194304","sampleBlocks":"[conID: 7 locID: 115816896921600156]","num":"1","client":"","allocated":"1"} | ret=SUCCESS |  
2025-10-17 11:02:33,310 | INFO  | OMAudit | user=runner | ip=127.0.0.1 | op=ALLOCATE_KEY {"volume":"94d232ad-8b10-4e60-8e92-25fb3cd483db","bucket":"54948b20-1a84-4453-98d6-3cdb02d55273","key":"3f36445c-411c-4ad3-bb5d-ca00e17831fd","dataSize":"12","replicationType":"RATIS","replicationFactor":"ONE","Transaction":"480"} | ret=SUCCESS |  
2025-10-17 11:02:33,319 | INFO  | OMAudit | user=runner | ip=127.0.0.1 | op=COMMIT_KEY {"volume":"94d232ad-8b10-4e60-8e92-25fb3cd483db","bucket":"54948b20-1a84-4453-98d6-3cdb02d55273","key":"3f36445c-411c-4ad3-bb5d-ca00e17831fd","dataSize":"12","replicationType":"RATIS","replicationFactor":"ONE","Transaction":"481"} | ret=SUCCESS |  
2025-10-17 11:02:33,320 | INFO  | OMAudit | user=runner | ip=127.0.0.1 | op=READ_VOLUME {"volume":"94d232ad-8b10-4e60-8e92-25fb3cd483db"} | ret=SUCCESS |  
2025-10-17 11:02:33,321 | INFO  | OMAudit | user=runner | ip=127.0.0.1 | op=READ_BUCKET {"volume":"94d232ad-8b10-4e60-8e92-25fb3cd483db","bucket":"54948b20-1a84-4453-98d6-3cdb02d55273"} | ret=SUCCESS |  
2025-10-17 11:02:33,322 | INFO  | OMAudit | user=runner | ip=127.0.0.1 | op=DELETE_KEY {"volume":"94d232ad-8b10-4e60-8e92-25fb3cd483db","bucket":"54948b20-1a84-4453-98d6-3cdb02d55273","key":"e49e8be7-c4df-4f44-ab48-41a7649a45cb","dataSize":"12","replicationConfig":"RATIS/ONE","Transaction":"482"} | ret=SUCCESS |  
2025-10-17 11:02:33,323 | INFO  | OMAudit | user=runner | ip=127.0.0.1 | op=READ_VOLUME {"volume":"94d232ad-8b10-4e60-8e92-25fb3cd483db"} | ret=SUCCESS |  
2025-10-17 11:02:33,324 | INFO  | OMAudit | user=runner | ip=127.0.0.1 | op=READ_BUCKET {"volume":"94d232ad-8b10-4e60-8e92-25fb3cd483db","bucket":"54948b20-1a84-4453-98d6-3cdb02d55273"} | ret=SUCCESS |  
2025-10-17 11:02:33,717 | INFO  | SCMAudit | user=runner | ip=127.0.0.1 | op=SEND_HEARTBEAT {"datanodeUUID":"28c08cd4-c049-4c66-8210-e254cf68b291","term":"2","command":"[]"} | ret=SUCCESS |  
2025-10-17 11:02:33,717 | INFO  | SCMAudit | user=runner | ip=127.0.0.1 | op=SEND_HEARTBEAT {"datanodeUUID":"b1eee25a-1fdf-4744-83c7-58e0513fce3b","term":"2","command":"[]"} | ret=SUCCESS |  
2025-10-17 11:02:33,718 | INFO  | SCMAudit | user=runner | ip=127.0.0.1 | op=SEND_HEARTBEAT {"datanodeUUID":"b6f92338-e951-49df-a986-ea31ece96e9e","term":"2","command":"[]"} | ret=SUCCESS |  
2025-10-17 11:02:33,718 | INFO  | SCMAudit | user=runner | ip=127.0.0.1 | op=SEND_HEARTBEAT {"datanodeUUID":"2b4cc429-f9c1-416c-9a38-6239a2e149ea","term":"2","command":"[]"} | ret=SUCCESS |  
2025-10-17 11:02:33,720 | INFO  | SCMAudit | user=runner | ip=127.0.0.1 | op=SEND_HEARTBEAT {"datanodeUUID":"b292b6be-9482-4c30-a3e0-c9f721931b72","term":"2","command":"[]"} | ret=SUCCESS |  
2025-10-17 11:02:33,755 | INFO  | SCMAudit | user=runner | ip=127.0.0.1 | op=SEND_HEARTBEAT {"datanodeUUID":"dbd6f242-9b73-4bca-a110-3e2ec656b979","term":"2","command":"[]"} | ret=SUCCESS |  
2025-10-17 11:02:33,756 | INFO  | SCMAudit | user=runner | ip=127.0.0.1 | op=SEND_HEARTBEAT {"datanodeUUID":"ed6e9581-5875-4278-a8db-50829892434b","term":"2","command":"[]"} | ret=SUCCESS |  
2025-10-17 11:02:33,860 | INFO  | SCMAudit | user=runner | ip=127.0.0.1 | op=SEND_HEARTBEAT {"datanodeUUID":"a5293c95-44e9-4ea9-88ca-89089eac4b59","term":"2","command":"[]"} | ret=SUCCESS |  
2025-10-17 11:02:33,938 | INFO  | SCMAudit | user=runner | ip=127.0.0.1 | op=SEND_HEARTBEAT {"datanodeUUID":"3a11eef6-a527-493c-8ba3-ae39ecaefa56","term":"2","command":"[]"} | ret=SUCCESS |  
2025-10-17 11:02:34,031 | INFO  | SCMAudit | user=runner | ip=127.0.0.1 | op=SEND_HEARTBEAT {"datanodeUUID":"309ab1ff-9f5a-4058-8b2f-94d451ce5267","term":"2","command":"[]"} | ret=SUCCESS |  
2025-10-17 11:02:34,129 [om1-KeyDeletingService#5] INFO  service.KeyDeletingService (KeyDeletingService.java:processKeyDeletes(151)) - Send 1 key(s) to SCM, first 1 keys: [PurgedKey{blockGroup=BlockGroup[groupID='/94d232ad-8b10-4e60-8e92-25fb3cd483db/54948b20-1a84-4453-98d6-3cdb02d55273/e49e8be7-c4df-4f44-ab48-41a7649a45cb/-9223372036854654208/0', blockIDs=[conID: 8 locID: 115816896921600155 bcsId: 0 replicaIndex: null]], volume='94d232ad-8b10-4e60-8e92-25fb3cd483db', bucket='54948b20-1a84-4453-98d6-3cdb02d55273', bucketId=-9223372036854654464, purgedBytes=12, isCommittedKey=true, deleteKeyName='/94d232ad-8b10-4e60-8e92-25fb3cd483db/54948b20-1a84-4453-98d6-3cdb02d55273/e49e8be7-c4df-4f44-ab48-41a7649a45cb/-9223372036854654208'}]
2025-10-17 11:02:34,131 | INFO  | SCMAudit | user=runner | ip=127.0.0.1 | op=DELETE_KEY_BLOCK {"KeyBlockToDelete":"[BlockGroup[groupID='/94d232ad-8b10-4e60-8e92-25fb3cd483db/54948b20-1a84-4453-98d6-3cdb02d55273/e49e8be7-c4df-4f44-ab48-41a7649a45cb/-9223372036854654208/0', blockIDs=[conID: 8 locID: 115816896921600155 bcsId: 0 replicaIndex: null]]]"} | ret=SUCCESS |  
2025-10-17 11:02:34,131 [om1-KeyDeletingService#5] INFO  service.KeyDeletingService (KeyDeletingService.java:processKeyDeletes(158)) - 1 BlockGroup deletion are acked by SCM in 2 ms
2025-10-17 11:02:34,133 [om1-KeyDeletingService#5] INFO  service.KeyDeletingService (KeyDeletingService.java:processKeyDeletes(166)) - Blocks for 1 (out of 1) keys are deleted from DB in 1 ms. Limit per task is 50000.
2025-10-17 11:02:34,215 | INFO  | SCMAudit | user=runner | ip=127.0.0.1 | op=SEND_HEARTBEAT {"datanodeUUID":"50dccd39-549f-4f43-8b1f-597bf98f9c16","term":"2","command":"[]"} | ret=SUCCESS |  
2025-10-17 11:02:34,235 | INFO  | SCMAudit | user=runner | ip=127.0.0.1 | op=SEND_HEARTBEAT {"datanodeUUID":"99c47355-c013-4450-a734-aff6d3c99677","term":"2","command":"[]"} | ret=SUCCESS |  
2025-10-17 11:02:34,235 | INFO  | SCMAudit | user=runner | ip=127.0.0.1 | op=SEND_HEARTBEAT {"datanodeUUID":"718bfa29-2c47-4ab5-ac61-3dfe9c6b9d5c","term":"2","command":"[]"} | ret=SUCCESS |  
2025-10-17 11:02:34,238 | INFO  | SCMAudit | user=runner | ip=127.0.0.1 | op=SEND_HEARTBEAT {"datanodeUUID":"7995ae7b-77ec-4e72-809d-814459f62ee0","term":"2","command":"[]"} | ret=SUCCESS |  
2025-10-17 11:02:34,325 | INFO  | OMAudit | user=runner | ip=127.0.0.1 | op=READ_VOLUME {"volume":"94d232ad-8b10-4e60-8e92-25fb3cd483db"} | ret=SUCCESS |  
2025-10-17 11:02:34,326 | INFO  | OMAudit | user=runner | ip=127.0.0.1 | op=READ_BUCKET {"volume":"94d232ad-8b10-4e60-8e92-25fb3cd483db","bucket":"54948b20-1a84-4453-98d6-3cdb02d55273"} | ret=SUCCESS |  
2025-10-17 11:02:34,328 | INFO  | OMAudit | user=runner | ip=127.0.0.1 | op=DELETE_KEY {"volume":"94d232ad-8b10-4e60-8e92-25fb3cd483db","bucket":"54948b20-1a84-4453-98d6-3cdb02d55273","key":"3f36445c-411c-4ad3-bb5d-ca00e17831fd","dataSize":"12","replicationConfig":"RATIS/ONE","Transaction":"484"} | ret=SUCCESS |  
2025-10-17 11:02:34,329 | INFO  | OMAudit | user=runner | ip=127.0.0.1 | op=READ_VOLUME {"volume":"94d232ad-8b10-4e60-8e92-25fb3cd483db"} | ret=SUCCESS |  
2025-10-17 11:02:34,330 | INFO  | OMAudit | user=runner | ip=127.0.0.1 | op=READ_BUCKET {"volume":"94d232ad-8b10-4e60-8e92-25fb3cd483db","bucket":"54948b20-1a84-4453-98d6-3cdb02d55273"} | ret=SUCCESS |  
2025-10-17 11:02:34,716 | INFO  | SCMAudit | user=runner | ip=127.0.0.1 | op=SEND_HEARTBEAT {"datanodeUUID":"28c08cd4-c049-4c66-8210-e254cf68b291","term":"2","command":"[]"} | ret=SUCCESS |  
2025-10-17 11:02:34,716 | INFO  | SCMAudit | user=runner | ip=127.0.0.1 | op=SEND_HEARTBEAT {"datanodeUUID":"b1eee25a-1fdf-4744-83c7-58e0513fce3b","term":"2","command":"[]"} | ret=SUCCESS |  
2025-10-17 11:02:34,718 | INFO  | SCMAudit | user=runner | ip=127.0.0.1 | op=SEND_HEARTBEAT {"datanodeUUID":"2b4cc429-f9c1-416c-9a38-6239a2e149ea","term":"2","command":"[]"} | ret=SUCCESS |  
2025-10-17 11:02:34,718 | INFO  | SCMAudit | user=runner | ip=127.0.0.1 | op=SEND_HEARTBEAT {"datanodeUUID":"b6f92338-e951-49df-a986-ea31ece96e9e","term":"2","command":"[]"} | ret=SUCCESS |  
2025-10-17 11:02:34,720 | INFO  | SCMAudit | user=runner | ip=127.0.0.1 | op=SEND_HEARTBEAT {"datanodeUUID":"b292b6be-9482-4c30-a3e0-c9f721931b72","term":"2","command":"[]"} | ret=SUCCESS |  
2025-10-17 11:02:34,755 | INFO  | SCMAudit | user=runner | ip=127.0.0.1 | op=SEND_HEARTBEAT {"datanodeUUID":"dbd6f242-9b73-4bca-a110-3e2ec656b979","term":"2","command":"[]"} | ret=SUCCESS |  
2025-10-17 11:02:34,757 | INFO  | SCMAudit | user=runner | ip=127.0.0.1 | op=SEND_HEARTBEAT {"datanodeUUID":"ed6e9581-5875-4278-a8db-50829892434b","term":"2","command":"[]"} | ret=SUCCESS |  
2025-10-17 11:02:34,860 | INFO  | SCMAudit | user=runner | ip=127.0.0.1 | op=SEND_HEARTBEAT {"datanodeUUID":"a5293c95-44e9-4ea9-88ca-89089eac4b59","term":"2","command":"[]"} | ret=SUCCESS |  
2025-10-17 11:02:34,938 | INFO  | SCMAudit | user=runner | ip=127.0.0.1 | op=SEND_HEARTBEAT {"datanodeUUID":"3a11eef6-a527-493c-8ba3-ae39ecaefa56","term":"2","command":"[]"} | ret=SUCCESS |  
2025-10-17 11:02:35,031 | INFO  | SCMAudit | user=runner | ip=127.0.0.1 | op=SEND_HEARTBEAT {"datanodeUUID":"309ab1ff-9f5a-4058-8b2f-94d451ce5267","term":"2","command":"[]"} | ret=SUCCESS |  
2025-10-17 11:02:35,129 [om1-KeyDeletingService#8] INFO  service.KeyDeletingService (KeyDeletingService.java:processKeyDeletes(151)) - Send 1 key(s) to SCM, first 1 keys: [PurgedKey{blockGroup=BlockGroup[groupID='/94d232ad-8b10-4e60-8e92-25fb3cd483db/54948b20-1a84-4453-98d6-3cdb02d55273/3f36445c-411c-4ad3-bb5d-ca00e17831fd/-9223372036854652928/0', blockIDs=[conID: 7 locID: 115816896921600156 bcsId: 0 replicaIndex: null]], volume='94d232ad-8b10-4e60-8e92-25fb3cd483db', bucket='54948b20-1a84-4453-98d6-3cdb02d55273', bucketId=-9223372036854654464, purgedBytes=12, isCommittedKey=true, deleteKeyName='/94d232ad-8b10-4e60-8e92-25fb3cd483db/54948b20-1a84-4453-98d6-3cdb02d55273/3f36445c-411c-4ad3-bb5d-ca00e17831fd/-9223372036854652928'}]
2025-10-17 11:02:35,131 | INFO  | SCMAudit | user=runner | ip=127.0.0.1 | op=DELETE_KEY_BLOCK {"KeyBlockToDelete":"[BlockGroup[groupID='/94d232ad-8b10-4e60-8e92-25fb3cd483db/54948b20-1a84-4453-98d6-3cdb02d55273/3f36445c-411c-4ad3-bb5d-ca00e17831fd/-9223372036854652928/0', blockIDs=[conID: 7 locID: 115816896921600156 bcsId: 0 replicaIndex: null]]]"} | ret=SUCCESS |  
2025-10-17 11:02:35,131 [om1-KeyDeletingService#8] INFO  service.KeyDeletingService (KeyDeletingService.java:processKeyDeletes(158)) - 1 BlockGroup deletion are acked by SCM in 2 ms
2025-10-17 11:02:35,133 [om1-KeyDeletingService#8] INFO  service.KeyDeletingService (KeyDeletingService.java:processKeyDeletes(166)) - Blocks for 1 (out of 1) keys are deleted from DB in 1 ms. Limit per task is 50000.
2025-10-17 11:02:35,216 | INFO  | SCMAudit | user=runner | ip=127.0.0.1 | op=SEND_HEARTBEAT {"datanodeUUID":"50dccd39-549f-4f43-8b1f-597bf98f9c16","term":"2","command":"[]"} | ret=SUCCESS |  
2025-10-17 11:02:35,235 | INFO  | SCMAudit | user=runner | ip=127.0.0.1 | op=SEND_HEARTBEAT {"datanodeUUID":"99c47355-c013-4450-a734-aff6d3c99677","term":"2","command":"[]"} | ret=SUCCESS |  
2025-10-17 11:02:35,235 | INFO  | SCMAudit | user=runner | ip=127.0.0.1 | op=SEND_HEARTBEAT {"datanodeUUID":"718bfa29-2c47-4ab5-ac61-3dfe9c6b9d5c","term":"2","command":"[]"} | ret=SUCCESS |  
2025-10-17 11:02:35,238 | INFO  | SCMAudit | user=runner | ip=127.0.0.1 | op=SEND_HEARTBEAT {"datanodeUUID":"7995ae7b-77ec-4e72-809d-814459f62ee0","term":"2","command":"[]"} | ret=SUCCESS |  
2025-10-17 11:02:35,331 | INFO  | OMAudit | user=runner | ip=127.0.0.1 | op=READ_VOLUME {"volume":"94d232ad-8b10-4e60-8e92-25fb3cd483db"} | ret=SUCCESS |  
2025-10-17 11:02:35,332 | INFO  | OMAudit | user=runner | ip=127.0.0.1 | op=READ_BUCKET {"volume":"94d232ad-8b10-4e60-8e92-25fb3cd483db","bucket":"54948b20-1a84-4453-98d6-3cdb02d55273"} | ret=SUCCESS |  
2025-10-17 11:02:35,335 | INFO  | OMAudit | user=runner | ip=127.0.0.1 | op=GET_SERVICE_LIST {} | ret=SUCCESS |  
2025-10-17 11:02:35,337 | INFO  | OMAudit | user=runner | ip=127.0.0.1 | op=CREATE_DIRECTORY {"volume":"94d232ad-8b10-4e60-8e92-25fb3cd483db","bucket":"54948b20-1a84-4453-98d6-3cdb02d55273","key":"f349adae-502e-43a3-9a74-cc50cba51000","dataSize":"0","Transaction":"486"} | ret=SUCCESS |  
2025-10-17 11:02:35,338 | INFO  | OMAudit | user=runner | ip=127.0.0.1 | op=READ_VOLUME {"volume":"94d232ad-8b10-4e60-8e92-25fb3cd483db"} | ret=SUCCESS |  
2025-10-17 11:02:35,339 | INFO  | OMAudit | user=runner | ip=127.0.0.1 | op=READ_BUCKET {"volume":"94d232ad-8b10-4e60-8e92-25fb3cd483db","bucket":"54948b20-1a84-4453-98d6-3cdb02d55273"} | ret=SUCCESS |  
2025-10-17 11:02:35,341 | INFO  | OMAudit | user=runner | ip=127.0.0.1 | op=CREATE_DIRECTORY {"volume":"94d232ad-8b10-4e60-8e92-25fb3cd483db","bucket":"54948b20-1a84-4453-98d6-3cdb02d55273","key":"fb563da5-8205-4e07-a0d1-676657d0310c","dataSize":"0","Transaction":"487"} | ret=SUCCESS |  
2025-10-17 11:02:35,342 | INFO  | OMAudit | user=runner | ip=127.0.0.1 | op=READ_VOLUME {"volume":"94d232ad-8b10-4e60-8e92-25fb3cd483db"} | ret=SUCCESS |  
2025-10-17 11:02:35,343 | INFO  | OMAudit | user=runner | ip=127.0.0.1 | op=READ_BUCKET {"volume":"94d232ad-8b10-4e60-8e92-25fb3cd483db","bucket":"54948b20-1a84-4453-98d6-3cdb02d55273"} | ret=SUCCESS |  
2025-10-17 11:02:35,344 | INFO  | OMAudit | user=runner | ip=127.0.0.1 | op=DELETE_KEY {"volume":"94d232ad-8b10-4e60-8e92-25fb3cd483db","bucket":"54948b20-1a84-4453-98d6-3cdb02d55273","key":"f349adae-502e-43a3-9a74-cc50cba51000/","Transaction":"488"} | ret=SUCCESS |  
2025-10-17 11:02:35,345 | INFO  | OMAudit | user=runner | ip=127.0.0.1 | op=READ_VOLUME {"volume":"94d232ad-8b10-4e60-8e92-25fb3cd483db"} | ret=SUCCESS |  
2025-10-17 11:02:35,346 | INFO  | OMAudit | user=runner | ip=127.0.0.1 | op=READ_BUCKET {"volume":"94d232ad-8b10-4e60-8e92-25fb3cd483db","bucket":"54948b20-1a84-4453-98d6-3cdb02d55273"} | ret=SUCCESS |  
2025-10-17 11:02:35,348 | INFO  | OMAudit | user=runner | ip=127.0.0.1 | op=DELETE_KEY {"volume":"94d232ad-8b10-4e60-8e92-25fb3cd483db","bucket":"54948b20-1a84-4453-98d6-3cdb02d55273","key":"fb563da5-8205-4e07-a0d1-676657d0310c/","Transaction":"489"} | ret=SUCCESS |  
2025-10-17 11:02:35,349 | INFO  | OMAudit | user=runner | ip=127.0.0.1 | op=READ_VOLUME {"volume":"94d232ad-8b10-4e60-8e92-25fb3cd483db"} | ret=SUCCESS |  
2025-10-17 11:02:35,350 | INFO  | OMAudit | user=runner | ip=127.0.0.1 | op=READ_BUCKET {"volume":"94d232ad-8b10-4e60-8e92-25fb3cd483db","bucket":"54948b20-1a84-4453-98d6-3cdb02d55273"} | ret=SUCCESS |  
2025-10-17 11:02:35,351 | INFO  | OMAudit | user=runner | ip=127.0.0.1 | op=CREATE_DIRECTORY {"volume":"94d232ad-8b10-4e60-8e92-25fb3cd483db","bucket":"54948b20-1a84-4453-98d6-3cdb02d55273","key":"dir1/dir2/dir3/dir4","dataSize":"0","Transaction":"490"} | ret=SUCCESS |  
2025-10-17 11:02:35,352 | INFO  | OMAudit | user=runner | ip=127.0.0.1 | op=READ_VOLUME {"volume":"94d232ad-8b10-4e60-8e92-25fb3cd483db"} | ret=SUCCESS |  
2025-10-17 11:02:35,353 | INFO  | OMAudit | user=runner | ip=127.0.0.1 | op=READ_BUCKET {"volume":"94d232ad-8b10-4e60-8e92-25fb3cd483db","bucket":"54948b20-1a84-4453-98d6-3cdb02d55273"} | ret=SUCCESS |  
]]></system-out>
  </testcase>
  <testcase name="testBucketUsedNamespace(BucketLayout, boolean)[3]" classname="org.apache.hadoop.ozone.client.rpc.TestSecureOzoneRpcClient" time="3.201">
    <system-out><![CDATA[2025-10-17 11:02:35,356 [ForkJoinPool-1-worker-1] INFO  rpc.RpcClient (RpcClient.java:createVolume(461)) - Creating Volume: e03aa460-6b1c-487c-b92d-75b016facada, with runner as owner and space quota set to -1 bytes, counts quota set to -1
2025-10-17 11:02:35,357 [om1-OMStateMachineApplyTransactionThread - 0] INFO  volume.OMVolumeCreateRequest (OMVolumeCreateRequest.java:validateAndUpdateCache(213)) - created volume:e03aa460-6b1c-487c-b92d-75b016facada for user:runner
2025-10-17 11:02:35,357 | INFO  | OMAudit | user=runner | ip=127.0.0.1 | op=CREATE_VOLUME {"admin":"runner","owner":"runner","volume":"e03aa460-6b1c-487c-b92d-75b016facada","creationTime":"1760698955356","modificationTime":"1760698955356","quotaInBytes":"-1","quotaInNamespace":"-1","usedNamespace":"0","objectID":"-9223372036854650112","updateID":"491","Transaction":"491"} | ret=SUCCESS |  
2025-10-17 11:02:35,358 | INFO  | OMAudit | user=runner | ip=127.0.0.1 | op=READ_VOLUME {"volume":"e03aa460-6b1c-487c-b92d-75b016facada"} | ret=SUCCESS |  
2025-10-17 11:02:35,359 [ForkJoinPool-1-worker-1] INFO  rpc.RpcClient (RpcClient.java:createBucket(686)) - Creating Bucket: e03aa460-6b1c-487c-b92d-75b016facada/96fd0084-f70c-4299-90ae-935763c0bb87, with bucket layout LEGACY, runner as owner, Versioning false, Storage Type set to DISK and Encryption set to false, Replication Type set to server-side default replication type, Namespace Quota set to -1, Space Quota set to -1 
2025-10-17 11:02:35,360 [om1-OMStateMachineApplyTransactionThread - 0] INFO  bucket.OMBucketCreateRequest (OMBucketCreateRequest.java:validateAndUpdateCache(303)) - created bucket: 96fd0084-f70c-4299-90ae-935763c0bb87 of layout LEGACY in volume: e03aa460-6b1c-487c-b92d-75b016facada
2025-10-17 11:02:35,360 | INFO  | OMAudit | user=runner | ip=127.0.0.1 | op=CREATE_BUCKET {"volume":"e03aa460-6b1c-487c-b92d-75b016facada","bucket":"96fd0084-f70c-4299-90ae-935763c0bb87","bucketLayout":"LEGACY","gdprEnabled":null,"acls":"[user:runner:a[ACCESS], group:runner:rl[ACCESS]]","isVersionEnabled":"false","storageType":"DISK","creationTime":"1760698955359","bucketEncryptionKey":null,"modificationTime":"1760698955359","usedBytes":"0","usedNamespace":"0","snapshotUsedBytes":"0","snapshotUsedNamespace":"0","owner":"runner","replicationType":null,"replicationConfig":null,"quotaInBytes":"-1","quotaInNamespace":"-1","Transaction":"492"} | ret=SUCCESS |  
2025-10-17 11:02:35,361 | INFO  | OMAudit | user=runner | ip=127.0.0.1 | op=READ_BUCKET {"volume":"e03aa460-6b1c-487c-b92d-75b016facada","bucket":"96fd0084-f70c-4299-90ae-935763c0bb87"} | ret=SUCCESS |  
2025-10-17 11:02:35,362 | INFO  | OMAudit | user=runner | ip=127.0.0.1 | op=READ_BUCKET {"volume":"e03aa460-6b1c-487c-b92d-75b016facada","bucket":"96fd0084-f70c-4299-90ae-935763c0bb87"} | ret=SUCCESS |  
2025-10-17 11:02:35,363 | INFO  | SCMAudit | user=runner | ip=127.0.0.1 | op=ALLOCATE_BLOCK {"replication":"RATIS/ONE","owner":"omServiceIdDefault","size":"4194304","sampleBlocks":"[conID: 10 locID: 115816896921600157]","num":"1","client":"","allocated":"1"} | ret=SUCCESS |  
2025-10-17 11:02:35,365 | INFO  | OMAudit | user=runner | ip=127.0.0.1 | op=ALLOCATE_KEY {"volume":"e03aa460-6b1c-487c-b92d-75b016facada","bucket":"96fd0084-f70c-4299-90ae-935763c0bb87","key":"da3cd204-2528-4a80-b728-d1bdd2ce816f","dataSize":"12","replicationType":"RATIS","replicationFactor":"ONE","Transaction":"493"} | ret=SUCCESS |  
2025-10-17 11:02:35,372 | INFO  | OMAudit | user=runner | ip=127.0.0.1 | op=COMMIT_KEY {"volume":"e03aa460-6b1c-487c-b92d-75b016facada","bucket":"96fd0084-f70c-4299-90ae-935763c0bb87","key":"da3cd204-2528-4a80-b728-d1bdd2ce816f","dataSize":"12","replicationType":"RATIS","replicationFactor":"ONE","Transaction":"494"} | ret=SUCCESS |  
2025-10-17 11:02:35,372 | INFO  | OMAudit | user=runner | ip=127.0.0.1 | op=READ_VOLUME {"volume":"e03aa460-6b1c-487c-b92d-75b016facada"} | ret=SUCCESS |  
2025-10-17 11:02:35,373 | INFO  | OMAudit | user=runner | ip=127.0.0.1 | op=READ_BUCKET {"volume":"e03aa460-6b1c-487c-b92d-75b016facada","bucket":"96fd0084-f70c-4299-90ae-935763c0bb87"} | ret=SUCCESS |  
2025-10-17 11:02:35,374 | INFO  | OMAudit | user=runner | ip=127.0.0.1 | op=READ_BUCKET {"volume":"e03aa460-6b1c-487c-b92d-75b016facada","bucket":"96fd0084-f70c-4299-90ae-935763c0bb87"} | ret=SUCCESS |  
2025-10-17 11:02:35,375 | INFO  | SCMAudit | user=runner | ip=127.0.0.1 | op=ALLOCATE_BLOCK {"replication":"RATIS/ONE","owner":"omServiceIdDefault","size":"4194304","sampleBlocks":"[conID: 12 locID: 115816896921600158]","num":"1","client":"","allocated":"1"} | ret=SUCCESS |  
2025-10-17 11:02:35,376 | INFO  | OMAudit | user=runner | ip=127.0.0.1 | op=ALLOCATE_KEY {"volume":"e03aa460-6b1c-487c-b92d-75b016facada","bucket":"96fd0084-f70c-4299-90ae-935763c0bb87","key":"da3cd204-2528-4a80-b728-d1bdd2ce816f","dataSize":"12","replicationType":"RATIS","replicationFactor":"ONE","Transaction":"495"} | ret=SUCCESS |  
2025-10-17 11:02:35,386 | INFO  | OMAudit | user=runner | ip=127.0.0.1 | op=COMMIT_KEY {"volume":"e03aa460-6b1c-487c-b92d-75b016facada","bucket":"96fd0084-f70c-4299-90ae-935763c0bb87","key":"da3cd204-2528-4a80-b728-d1bdd2ce816f","dataSize":"12","replicationType":"RATIS","replicationFactor":"ONE","Transaction":"496"} | ret=SUCCESS |  
2025-10-17 11:02:35,387 | INFO  | OMAudit | user=runner | ip=127.0.0.1 | op=READ_VOLUME {"volume":"e03aa460-6b1c-487c-b92d-75b016facada"} | ret=SUCCESS |  
2025-10-17 11:02:35,388 | INFO  | OMAudit | user=runner | ip=127.0.0.1 | op=READ_BUCKET {"volume":"e03aa460-6b1c-487c-b92d-75b016facada","bucket":"96fd0084-f70c-4299-90ae-935763c0bb87"} | ret=SUCCESS |  
2025-10-17 11:02:35,716 | INFO  | SCMAudit | user=runner | ip=127.0.0.1 | op=SEND_HEARTBEAT {"datanodeUUID":"28c08cd4-c049-4c66-8210-e254cf68b291","term":"2","command":"[]"} | ret=SUCCESS |  
2025-10-17 11:02:35,716 | INFO  | SCMAudit | user=runner | ip=127.0.0.1 | op=SEND_HEARTBEAT {"datanodeUUID":"b1eee25a-1fdf-4744-83c7-58e0513fce3b","term":"2","command":"[]"} | ret=SUCCESS |  
2025-10-17 11:02:35,718 | INFO  | SCMAudit | user=runner | ip=127.0.0.1 | op=SEND_HEARTBEAT {"datanodeUUID":"b6f92338-e951-49df-a986-ea31ece96e9e","term":"2","command":"[]"} | ret=SUCCESS |  
2025-10-17 11:02:35,718 | INFO  | SCMAudit | user=runner | ip=127.0.0.1 | op=SEND_HEARTBEAT {"datanodeUUID":"2b4cc429-f9c1-416c-9a38-6239a2e149ea","term":"2","command":"[]"} | ret=SUCCESS |  
2025-10-17 11:02:35,720 | INFO  | SCMAudit | user=runner | ip=127.0.0.1 | op=SEND_HEARTBEAT {"datanodeUUID":"b292b6be-9482-4c30-a3e0-c9f721931b72","term":"2","command":"[]"} | ret=SUCCESS |  
2025-10-17 11:02:35,755 | INFO  | SCMAudit | user=runner | ip=127.0.0.1 | op=SEND_HEARTBEAT {"datanodeUUID":"dbd6f242-9b73-4bca-a110-3e2ec656b979","term":"2","command":"[]"} | ret=SUCCESS |  
2025-10-17 11:02:35,757 | INFO  | SCMAudit | user=runner | ip=127.0.0.1 | op=SEND_HEARTBEAT {"datanodeUUID":"ed6e9581-5875-4278-a8db-50829892434b","term":"2","command":"[]"} | ret=SUCCESS |  
2025-10-17 11:02:35,860 | INFO  | SCMAudit | user=runner | ip=127.0.0.1 | op=SEND_HEARTBEAT {"datanodeUUID":"a5293c95-44e9-4ea9-88ca-89089eac4b59","term":"2","command":"[]"} | ret=SUCCESS |  
2025-10-17 11:02:35,938 | INFO  | SCMAudit | user=runner | ip=127.0.0.1 | op=SEND_HEARTBEAT {"datanodeUUID":"3a11eef6-a527-493c-8ba3-ae39ecaefa56","term":"2","command":"[]"} | ret=SUCCESS |  
2025-10-17 11:02:36,031 | INFO  | SCMAudit | user=runner | ip=127.0.0.1 | op=SEND_HEARTBEAT {"datanodeUUID":"309ab1ff-9f5a-4058-8b2f-94d451ce5267","term":"2","command":"[]"} | ret=SUCCESS |  
2025-10-17 11:02:36,129 [om1-KeyDeletingService#7] INFO  service.KeyDeletingService (KeyDeletingService.java:processKeyDeletes(151)) - Send 1 key(s) to SCM, first 1 keys: [PurgedKey{blockGroup=BlockGroup[groupID='/e03aa460-6b1c-487c-b92d-75b016facada/96fd0084-f70c-4299-90ae-935763c0bb87/da3cd204-2528-4a80-b728-d1bdd2ce816f/-9223372036854648832/0', blockIDs=[conID: 10 locID: 115816896921600157 bcsId: 0 replicaIndex: null]], volume='e03aa460-6b1c-487c-b92d-75b016facada', bucket='96fd0084-f70c-4299-90ae-935763c0bb87', bucketId=-9223372036854649856, purgedBytes=12, isCommittedKey=true, deleteKeyName='/e03aa460-6b1c-487c-b92d-75b016facada/96fd0084-f70c-4299-90ae-935763c0bb87/da3cd204-2528-4a80-b728-d1bdd2ce816f/-9223372036854648832'}]
2025-10-17 11:02:36,131 | INFO  | SCMAudit | user=runner | ip=127.0.0.1 | op=DELETE_KEY_BLOCK {"KeyBlockToDelete":"[BlockGroup[groupID='/e03aa460-6b1c-487c-b92d-75b016facada/96fd0084-f70c-4299-90ae-935763c0bb87/da3cd204-2528-4a80-b728-d1bdd2ce816f/-9223372036854648832/0', blockIDs=[conID: 10 locID: 115816896921600157 bcsId: 0 replicaIndex: null]]]"} | ret=SUCCESS |  
2025-10-17 11:02:36,132 [om1-KeyDeletingService#7] INFO  service.KeyDeletingService (KeyDeletingService.java:processKeyDeletes(158)) - 1 BlockGroup deletion are acked by SCM in 2 ms
2025-10-17 11:02:36,133 [om1-KeyDeletingService#7] INFO  service.KeyDeletingService (KeyDeletingService.java:processKeyDeletes(166)) - Blocks for 1 (out of 1) keys are deleted from DB in 2 ms. Limit per task is 50000.
2025-10-17 11:02:36,216 | INFO  | SCMAudit | user=runner | ip=127.0.0.1 | op=SEND_HEARTBEAT {"datanodeUUID":"50dccd39-549f-4f43-8b1f-597bf98f9c16","term":"2","command":"[]"} | ret=SUCCESS |  
2025-10-17 11:02:36,235 | INFO  | SCMAudit | user=runner | ip=127.0.0.1 | op=SEND_HEARTBEAT {"datanodeUUID":"99c47355-c013-4450-a734-aff6d3c99677","term":"2","command":"[]"} | ret=SUCCESS |  
2025-10-17 11:02:36,235 | INFO  | SCMAudit | user=runner | ip=127.0.0.1 | op=SEND_HEARTBEAT {"datanodeUUID":"718bfa29-2c47-4ab5-ac61-3dfe9c6b9d5c","term":"2","command":"[]"} | ret=SUCCESS |  
2025-10-17 11:02:36,238 | INFO  | SCMAudit | user=runner | ip=127.0.0.1 | op=SEND_HEARTBEAT {"datanodeUUID":"7995ae7b-77ec-4e72-809d-814459f62ee0","term":"2","command":"[]"} | ret=SUCCESS |  
2025-10-17 11:02:36,389 | INFO  | OMAudit | user=runner | ip=127.0.0.1 | op=READ_VOLUME {"volume":"e03aa460-6b1c-487c-b92d-75b016facada"} | ret=SUCCESS |  
2025-10-17 11:02:36,390 | INFO  | OMAudit | user=runner | ip=127.0.0.1 | op=READ_BUCKET {"volume":"e03aa460-6b1c-487c-b92d-75b016facada","bucket":"96fd0084-f70c-4299-90ae-935763c0bb87"} | ret=SUCCESS |  
2025-10-17 11:02:36,391 | INFO  | OMAudit | user=runner | ip=127.0.0.1 | op=READ_BUCKET {"volume":"e03aa460-6b1c-487c-b92d-75b016facada","bucket":"96fd0084-f70c-4299-90ae-935763c0bb87"} | ret=SUCCESS |  
2025-10-17 11:02:36,392 | INFO  | SCMAudit | user=runner | ip=127.0.0.1 | op=ALLOCATE_BLOCK {"replication":"RATIS/ONE","owner":"omServiceIdDefault","size":"4194304","sampleBlocks":"[conID: 5 locID: 115816896921600159]","num":"1","client":"","allocated":"1"} | ret=SUCCESS |  
2025-10-17 11:02:36,394 | INFO  | OMAudit | user=runner | ip=127.0.0.1 | op=ALLOCATE_KEY {"volume":"e03aa460-6b1c-487c-b92d-75b016facada","bucket":"96fd0084-f70c-4299-90ae-935763c0bb87","key":"3f25e34a-bace-4a7c-aa7f-60d591c802da","dataSize":"12","replicationType":"RATIS","replicationFactor":"ONE","Transaction":"498"} | ret=SUCCESS |  
2025-10-17 11:02:36,400 | INFO  | OMAudit | user=runner | ip=127.0.0.1 | op=COMMIT_KEY {"volume":"e03aa460-6b1c-487c-b92d-75b016facada","bucket":"96fd0084-f70c-4299-90ae-935763c0bb87","key":"3f25e34a-bace-4a7c-aa7f-60d591c802da","dataSize":"12","replicationType":"RATIS","replicationFactor":"ONE","Transaction":"499"} | ret=SUCCESS |  
2025-10-17 11:02:36,401 | INFO  | OMAudit | user=runner | ip=127.0.0.1 | op=READ_VOLUME {"volume":"e03aa460-6b1c-487c-b92d-75b016facada"} | ret=SUCCESS |  
2025-10-17 11:02:36,401 | INFO  | OMAudit | user=runner | ip=127.0.0.1 | op=READ_BUCKET {"volume":"e03aa460-6b1c-487c-b92d-75b016facada","bucket":"96fd0084-f70c-4299-90ae-935763c0bb87"} | ret=SUCCESS |  
2025-10-17 11:02:36,403 | INFO  | OMAudit | user=runner | ip=127.0.0.1 | op=DELETE_KEY {"volume":"e03aa460-6b1c-487c-b92d-75b016facada","bucket":"96fd0084-f70c-4299-90ae-935763c0bb87","key":"da3cd204-2528-4a80-b728-d1bdd2ce816f","dataSize":"12","replicationConfig":"RATIS/ONE","Transaction":"500"} | ret=SUCCESS |  
2025-10-17 11:02:36,404 | INFO  | OMAudit | user=runner | ip=127.0.0.1 | op=READ_VOLUME {"volume":"e03aa460-6b1c-487c-b92d-75b016facada"} | ret=SUCCESS |  
2025-10-17 11:02:36,405 | INFO  | OMAudit | user=runner | ip=127.0.0.1 | op=READ_BUCKET {"volume":"e03aa460-6b1c-487c-b92d-75b016facada","bucket":"96fd0084-f70c-4299-90ae-935763c0bb87"} | ret=SUCCESS |  
2025-10-17 11:02:36,716 | INFO  | SCMAudit | user=runner | ip=127.0.0.1 | op=SEND_HEARTBEAT {"datanodeUUID":"b1eee25a-1fdf-4744-83c7-58e0513fce3b","term":"2","command":"[]"} | ret=SUCCESS |  
2025-10-17 11:02:36,716 | INFO  | SCMAudit | user=runner | ip=127.0.0.1 | op=SEND_HEARTBEAT {"datanodeUUID":"28c08cd4-c049-4c66-8210-e254cf68b291","term":"2","command":"[]"} | ret=SUCCESS |  
2025-10-17 11:02:36,718 | INFO  | SCMAudit | user=runner | ip=127.0.0.1 | op=SEND_HEARTBEAT {"datanodeUUID":"b6f92338-e951-49df-a986-ea31ece96e9e","term":"2","command":"[]"} | ret=SUCCESS |  
2025-10-17 11:02:36,718 | INFO  | SCMAudit | user=runner | ip=127.0.0.1 | op=SEND_HEARTBEAT {"datanodeUUID":"2b4cc429-f9c1-416c-9a38-6239a2e149ea","term":"2","command":"[]"} | ret=SUCCESS |  
2025-10-17 11:02:36,719 | INFO  | SCMAudit | user=runner | ip=127.0.0.1 | op=SEND_HEARTBEAT {"datanodeUUID":"b292b6be-9482-4c30-a3e0-c9f721931b72","term":"2","command":"[]"} | ret=SUCCESS |  
2025-10-17 11:02:36,755 | INFO  | SCMAudit | user=runner | ip=127.0.0.1 | op=SEND_HEARTBEAT {"datanodeUUID":"dbd6f242-9b73-4bca-a110-3e2ec656b979","term":"2","command":"[]"} | ret=SUCCESS |  
2025-10-17 11:02:36,757 | INFO  | SCMAudit | user=runner | ip=127.0.0.1 | op=SEND_HEARTBEAT {"datanodeUUID":"ed6e9581-5875-4278-a8db-50829892434b","term":"2","command":"[]"} | ret=SUCCESS |  
2025-10-17 11:02:36,861 | INFO  | SCMAudit | user=runner | ip=127.0.0.1 | op=SEND_HEARTBEAT {"datanodeUUID":"a5293c95-44e9-4ea9-88ca-89089eac4b59","term":"2","command":"[]"} | ret=SUCCESS |  
2025-10-17 11:02:36,938 | INFO  | SCMAudit | user=runner | ip=127.0.0.1 | op=SEND_HEARTBEAT {"datanodeUUID":"3a11eef6-a527-493c-8ba3-ae39ecaefa56","term":"2","command":"[]"} | ret=SUCCESS |  
2025-10-17 11:02:37,031 | INFO  | SCMAudit | user=runner | ip=127.0.0.1 | op=SEND_HEARTBEAT {"datanodeUUID":"309ab1ff-9f5a-4058-8b2f-94d451ce5267","term":"2","command":"[]"} | ret=SUCCESS |  
2025-10-17 11:02:37,129 [om1-KeyDeletingService#4] INFO  service.KeyDeletingService (KeyDeletingService.java:processKeyDeletes(151)) - Send 1 key(s) to SCM, first 1 keys: [PurgedKey{blockGroup=BlockGroup[groupID='/e03aa460-6b1c-487c-b92d-75b016facada/96fd0084-f70c-4299-90ae-935763c0bb87/da3cd204-2528-4a80-b728-d1bdd2ce816f/-9223372036854649600/0', blockIDs=[conID: 12 locID: 115816896921600158 bcsId: 0 replicaIndex: null]], volume='e03aa460-6b1c-487c-b92d-75b016facada', bucket='96fd0084-f70c-4299-90ae-935763c0bb87', bucketId=-9223372036854649856, purgedBytes=12, isCommittedKey=true, deleteKeyName='/e03aa460-6b1c-487c-b92d-75b016facada/96fd0084-f70c-4299-90ae-935763c0bb87/da3cd204-2528-4a80-b728-d1bdd2ce816f/-9223372036854649600'}]
2025-10-17 11:02:37,131 | INFO  | SCMAudit | user=runner | ip=127.0.0.1 | op=DELETE_KEY_BLOCK {"KeyBlockToDelete":"[BlockGroup[groupID='/e03aa460-6b1c-487c-b92d-75b016facada/96fd0084-f70c-4299-90ae-935763c0bb87/da3cd204-2528-4a80-b728-d1bdd2ce816f/-9223372036854649600/0', blockIDs=[conID: 12 locID: 115816896921600158 bcsId: 0 replicaIndex: null]]]"} | ret=SUCCESS |  
2025-10-17 11:02:37,132 [om1-KeyDeletingService#4] INFO  service.KeyDeletingService (KeyDeletingService.java:processKeyDeletes(158)) - 1 BlockGroup deletion are acked by SCM in 2 ms
2025-10-17 11:02:37,133 [om1-KeyDeletingService#4] INFO  service.KeyDeletingService (KeyDeletingService.java:processKeyDeletes(166)) - Blocks for 1 (out of 1) keys are deleted from DB in 2 ms. Limit per task is 50000.
2025-10-17 11:02:37,216 | INFO  | SCMAudit | user=runner | ip=127.0.0.1 | op=SEND_HEARTBEAT {"datanodeUUID":"50dccd39-549f-4f43-8b1f-597bf98f9c16","term":"2","command":"[]"} | ret=SUCCESS |  
2025-10-17 11:02:37,235 | INFO  | SCMAudit | user=runner | ip=127.0.0.1 | op=SEND_HEARTBEAT {"datanodeUUID":"99c47355-c013-4450-a734-aff6d3c99677","term":"2","command":"[]"} | ret=SUCCESS |  
2025-10-17 11:02:37,235 | INFO  | SCMAudit | user=runner | ip=127.0.0.1 | op=SEND_HEARTBEAT {"datanodeUUID":"718bfa29-2c47-4ab5-ac61-3dfe9c6b9d5c","term":"2","command":"[]"} | ret=SUCCESS |  
2025-10-17 11:02:37,237 | INFO  | SCMAudit | user=runner | ip=127.0.0.1 | op=SEND_HEARTBEAT {"datanodeUUID":"7995ae7b-77ec-4e72-809d-814459f62ee0","term":"2","command":"[]"} | ret=SUCCESS |  
2025-10-17 11:02:37,406 | INFO  | OMAudit | user=runner | ip=127.0.0.1 | op=READ_VOLUME {"volume":"e03aa460-6b1c-487c-b92d-75b016facada"} | ret=SUCCESS |  
2025-10-17 11:02:37,407 | INFO  | OMAudit | user=runner | ip=127.0.0.1 | op=READ_BUCKET {"volume":"e03aa460-6b1c-487c-b92d-75b016facada","bucket":"96fd0084-f70c-4299-90ae-935763c0bb87"} | ret=SUCCESS |  
2025-10-17 11:02:37,410 | INFO  | OMAudit | user=runner | ip=127.0.0.1 | op=DELETE_KEY {"volume":"e03aa460-6b1c-487c-b92d-75b016facada","bucket":"96fd0084-f70c-4299-90ae-935763c0bb87","key":"3f25e34a-bace-4a7c-aa7f-60d591c802da","dataSize":"12","replicationConfig":"RATIS/ONE","Transaction":"502"} | ret=SUCCESS |  
2025-10-17 11:02:37,411 | INFO  | OMAudit | user=runner | ip=127.0.0.1 | op=READ_VOLUME {"volume":"e03aa460-6b1c-487c-b92d-75b016facada"} | ret=SUCCESS |  
2025-10-17 11:02:37,412 | INFO  | OMAudit | user=runner | ip=127.0.0.1 | op=READ_BUCKET {"volume":"e03aa460-6b1c-487c-b92d-75b016facada","bucket":"96fd0084-f70c-4299-90ae-935763c0bb87"} | ret=SUCCESS |  
2025-10-17 11:02:37,716 | INFO  | SCMAudit | user=runner | ip=127.0.0.1 | op=SEND_HEARTBEAT {"datanodeUUID":"28c08cd4-c049-4c66-8210-e254cf68b291","term":"2","command":"[]"} | ret=SUCCESS |  
2025-10-17 11:02:37,716 | INFO  | SCMAudit | user=runner | ip=127.0.0.1 | op=SEND_HEARTBEAT {"datanodeUUID":"b1eee25a-1fdf-4744-83c7-58e0513fce3b","term":"2","command":"[]"} | ret=SUCCESS |  
2025-10-17 11:02:37,718 | INFO  | SCMAudit | user=runner | ip=127.0.0.1 | op=SEND_HEARTBEAT {"datanodeUUID":"b6f92338-e951-49df-a986-ea31ece96e9e","term":"2","command":"[]"} | ret=SUCCESS |  
2025-10-17 11:02:37,718 | INFO  | SCMAudit | user=runner | ip=127.0.0.1 | op=SEND_HEARTBEAT {"datanodeUUID":"2b4cc429-f9c1-416c-9a38-6239a2e149ea","term":"2","command":"[]"} | ret=SUCCESS |  
2025-10-17 11:02:37,720 | INFO  | SCMAudit | user=runner | ip=127.0.0.1 | op=SEND_HEARTBEAT {"datanodeUUID":"b292b6be-9482-4c30-a3e0-c9f721931b72","term":"2","command":"[]"} | ret=SUCCESS |  
2025-10-17 11:02:37,755 | INFO  | SCMAudit | user=runner | ip=127.0.0.1 | op=SEND_HEARTBEAT {"datanodeUUID":"dbd6f242-9b73-4bca-a110-3e2ec656b979","term":"2","command":"[]"} | ret=SUCCESS |  
2025-10-17 11:02:37,757 | INFO  | SCMAudit | user=runner | ip=127.0.0.1 | op=SEND_HEARTBEAT {"datanodeUUID":"ed6e9581-5875-4278-a8db-50829892434b","term":"2","command":"[]"} | ret=SUCCESS |  
2025-10-17 11:02:37,861 | INFO  | SCMAudit | user=runner | ip=127.0.0.1 | op=SEND_HEARTBEAT {"datanodeUUID":"a5293c95-44e9-4ea9-88ca-89089eac4b59","term":"2","command":"[]"} | ret=SUCCESS |  
2025-10-17 11:02:37,938 | INFO  | SCMAudit | user=runner | ip=127.0.0.1 | op=SEND_HEARTBEAT {"datanodeUUID":"3a11eef6-a527-493c-8ba3-ae39ecaefa56","term":"2","command":"[]"} | ret=SUCCESS |  
2025-10-17 11:02:38,031 | INFO  | SCMAudit | user=runner | ip=127.0.0.1 | op=SEND_HEARTBEAT {"datanodeUUID":"309ab1ff-9f5a-4058-8b2f-94d451ce5267","term":"2","command":"[]"} | ret=SUCCESS |  
2025-10-17 11:02:38,130 [om1-KeyDeletingService#3] INFO  service.KeyDeletingService (KeyDeletingService.java:processKeyDeletes(151)) - Send 1 key(s) to SCM, first 1 keys: [PurgedKey{blockGroup=BlockGroup[groupID='/e03aa460-6b1c-487c-b92d-75b016facada/96fd0084-f70c-4299-90ae-935763c0bb87/3f25e34a-bace-4a7c-aa7f-60d591c802da/-9223372036854648320/0', blockIDs=[conID: 5 locID: 115816896921600159 bcsId: 0 replicaIndex: null]], volume='e03aa460-6b1c-487c-b92d-75b016facada', bucket='96fd0084-f70c-4299-90ae-935763c0bb87', bucketId=-9223372036854649856, purgedBytes=12, isCommittedKey=true, deleteKeyName='/e03aa460-6b1c-487c-b92d-75b016facada/96fd0084-f70c-4299-90ae-935763c0bb87/3f25e34a-bace-4a7c-aa7f-60d591c802da/-9223372036854648320'}]
2025-10-17 11:02:38,131 | INFO  | SCMAudit | user=runner | ip=127.0.0.1 | op=DELETE_KEY_BLOCK {"KeyBlockToDelete":"[BlockGroup[groupID='/e03aa460-6b1c-487c-b92d-75b016facada/96fd0084-f70c-4299-90ae-935763c0bb87/3f25e34a-bace-4a7c-aa7f-60d591c802da/-9223372036854648320/0', blockIDs=[conID: 5 locID: 115816896921600159 bcsId: 0 replicaIndex: null]]]"} | ret=SUCCESS |  
2025-10-17 11:02:38,132 [om1-KeyDeletingService#3] INFO  service.KeyDeletingService (KeyDeletingService.java:processKeyDeletes(158)) - 1 BlockGroup deletion are acked by SCM in 2 ms
2025-10-17 11:02:38,133 [om1-KeyDeletingService#3] INFO  service.KeyDeletingService (KeyDeletingService.java:processKeyDeletes(166)) - Blocks for 1 (out of 1) keys are deleted from DB in 2 ms. Limit per task is 50000.
2025-10-17 11:02:38,217 | INFO  | SCMAudit | user=runner | ip=127.0.0.1 | op=SEND_HEARTBEAT {"datanodeUUID":"50dccd39-549f-4f43-8b1f-597bf98f9c16","term":"2","command":"[]"} | ret=SUCCESS |  
2025-10-17 11:02:38,235 | INFO  | SCMAudit | user=runner | ip=127.0.0.1 | op=SEND_HEARTBEAT {"datanodeUUID":"718bfa29-2c47-4ab5-ac61-3dfe9c6b9d5c","term":"2","command":"[]"} | ret=SUCCESS |  
2025-10-17 11:02:38,235 | INFO  | SCMAudit | user=runner | ip=127.0.0.1 | op=SEND_HEARTBEAT {"datanodeUUID":"99c47355-c013-4450-a734-aff6d3c99677","term":"2","command":"[]"} | ret=SUCCESS |  
2025-10-17 11:02:38,238 | INFO  | SCMAudit | user=runner | ip=127.0.0.1 | op=SEND_HEARTBEAT {"datanodeUUID":"7995ae7b-77ec-4e72-809d-814459f62ee0","term":"2","command":"[]"} | ret=SUCCESS |  
2025-10-17 11:02:38,413 | INFO  | OMAudit | user=runner | ip=127.0.0.1 | op=READ_VOLUME {"volume":"e03aa460-6b1c-487c-b92d-75b016facada"} | ret=SUCCESS |  
2025-10-17 11:02:38,414 | INFO  | OMAudit | user=runner | ip=127.0.0.1 | op=READ_BUCKET {"volume":"e03aa460-6b1c-487c-b92d-75b016facada","bucket":"96fd0084-f70c-4299-90ae-935763c0bb87"} | ret=SUCCESS |  
2025-10-17 11:02:38,417 | INFO  | OMAudit | user=runner | ip=127.0.0.1 | op=GET_SERVICE_LIST {} | ret=SUCCESS |  
2025-10-17 11:02:38,419 | INFO  | OMAudit | user=runner | ip=127.0.0.1 | op=CREATE_DIRECTORY {"volume":"e03aa460-6b1c-487c-b92d-75b016facada","bucket":"96fd0084-f70c-4299-90ae-935763c0bb87","key":"b40c2d8f-2c95-4554-a44c-4716c8d0ceca","dataSize":"0","Transaction":"504"} | ret=SUCCESS |  
2025-10-17 11:02:38,420 | INFO  | OMAudit | user=runner | ip=127.0.0.1 | op=READ_VOLUME {"volume":"e03aa460-6b1c-487c-b92d-75b016facada"} | ret=SUCCESS |  
2025-10-17 11:02:38,421 | INFO  | OMAudit | user=runner | ip=127.0.0.1 | op=READ_BUCKET {"volume":"e03aa460-6b1c-487c-b92d-75b016facada","bucket":"96fd0084-f70c-4299-90ae-935763c0bb87"} | ret=SUCCESS |  
2025-10-17 11:02:38,423 | INFO  | OMAudit | user=runner | ip=127.0.0.1 | op=CREATE_DIRECTORY {"volume":"e03aa460-6b1c-487c-b92d-75b016facada","bucket":"96fd0084-f70c-4299-90ae-935763c0bb87","key":"937f8714-07a1-4cb2-a0ae-43de36ba5dc9","dataSize":"0","Transaction":"505"} | ret=SUCCESS |  
2025-10-17 11:02:38,424 | INFO  | OMAudit | user=runner | ip=127.0.0.1 | op=READ_VOLUME {"volume":"e03aa460-6b1c-487c-b92d-75b016facada"} | ret=SUCCESS |  
2025-10-17 11:02:38,425 | INFO  | OMAudit | user=runner | ip=127.0.0.1 | op=READ_BUCKET {"volume":"e03aa460-6b1c-487c-b92d-75b016facada","bucket":"96fd0084-f70c-4299-90ae-935763c0bb87"} | ret=SUCCESS |  
2025-10-17 11:02:38,498 | INFO  | OMAudit | user=runner | ip=127.0.0.1 | op=GET_SERVICE_LIST {} | ret=SUCCESS |  
2025-10-17 11:02:38,500 | INFO  | OMAudit | user=runner | ip=127.0.0.1 | op=READ_VOLUME {"volume":"e03aa460-6b1c-487c-b92d-75b016facada"} | ret=SUCCESS |  
2025-10-17 11:02:38,500 | INFO  | OMAudit | user=runner | ip=127.0.0.1 | op=READ_BUCKET {"volume":"e03aa460-6b1c-487c-b92d-75b016facada","bucket":"96fd0084-f70c-4299-90ae-935763c0bb87"} | ret=SUCCESS |  
2025-10-17 11:02:38,507 | INFO  | OMAudit | user=runner | ip=127.0.0.1 | op=GET_FILE_STATUS {"volume":"e03aa460-6b1c-487c-b92d-75b016facada","bucket":"96fd0084-f70c-4299-90ae-935763c0bb87","key":"b40c2d8f-2c95-4554-a44c-4716c8d0ceca","owner":null,"dataSize":"0","replicationConfig":null} | ret=SUCCESS |  
2025-10-17 11:02:38,513 | INFO  | OMAudit | user=runner | ip=127.0.0.1 | op=GET_FILE_STATUS {"volume":"e03aa460-6b1c-487c-b92d-75b016facada","bucket":"96fd0084-f70c-4299-90ae-935763c0bb87","key":"b40c2d8f-2c95-4554-a44c-4716c8d0ceca","owner":null,"dataSize":"0","replicationConfig":null} | ret=SUCCESS |  
2025-10-17 11:02:38,523 | INFO  | OMAudit | user=runner | ip=127.0.0.1 | op=LIST_KEYS {"volume":"e03aa460-6b1c-487c-b92d-75b016facada","bucket":"96fd0084-f70c-4299-90ae-935763c0bb87","startKey":"","maxKeys":"1000","keyPrefix":"b40c2d8f-2c95-4554-a44c-4716c8d0ceca/"} | ret=SUCCESS |  
2025-10-17 11:02:38,532 | INFO  | OMAudit | user=runner | ip=127.0.0.1 | op=LIST_STATUS {"volume":"e03aa460-6b1c-487c-b92d-75b016facada","bucket":"96fd0084-f70c-4299-90ae-935763c0bb87","key":"b40c2d8f-2c95-4554-a44c-4716c8d0ceca","owner":null,"dataSize":"0","replicationConfig":null} | ret=SUCCESS |  
2025-10-17 11:02:38,537 | INFO  | OMAudit | user=runner | ip=127.0.0.1 | op=LIST_KEYS {"volume":"e03aa460-6b1c-487c-b92d-75b016facada","bucket":"96fd0084-f70c-4299-90ae-935763c0bb87","startKey":"b40c2d8f-2c95-4554-a44c-4716c8d0ceca/","maxKeys":"1000","keyPrefix":"b40c2d8f-2c95-4554-a44c-4716c8d0ceca/"} | ret=SUCCESS |  
2025-10-17 11:02:38,539 | INFO  | OMAudit | user=runner | ip=127.0.0.1 | op=DELETE_KEYS {"volume":"e03aa460-6b1c-487c-b92d-75b016facada","bucket":"96fd0084-f70c-4299-90ae-935763c0bb87","deletedKeysList":"{key=b40c2d8f-2c95-4554-a44c-4716c8d0ceca/, dataSize=0, replicationConfig=RATIS/THREE}","unDeletedKeysList":"","Transaction":"506"} | ret=SUCCESS |  
2025-10-17 11:02:38,540 | INFO  | OMAudit | user=runner | ip=127.0.0.1 | op=READ_VOLUME {"volume":"e03aa460-6b1c-487c-b92d-75b016facada"} | ret=SUCCESS |  
2025-10-17 11:02:38,541 | INFO  | OMAudit | user=runner | ip=127.0.0.1 | op=READ_BUCKET {"volume":"e03aa460-6b1c-487c-b92d-75b016facada","bucket":"96fd0084-f70c-4299-90ae-935763c0bb87"} | ret=SUCCESS |  
2025-10-17 11:02:38,542 | INFO  | OMAudit | user=runner | ip=127.0.0.1 | op=GET_FILE_STATUS {"volume":"e03aa460-6b1c-487c-b92d-75b016facada","bucket":"96fd0084-f70c-4299-90ae-935763c0bb87","key":"937f8714-07a1-4cb2-a0ae-43de36ba5dc9","owner":null,"dataSize":"0","replicationConfig":null} | ret=SUCCESS |  
2025-10-17 11:02:38,543 | INFO  | OMAudit | user=runner | ip=127.0.0.1 | op=GET_FILE_STATUS {"volume":"e03aa460-6b1c-487c-b92d-75b016facada","bucket":"96fd0084-f70c-4299-90ae-935763c0bb87","key":"937f8714-07a1-4cb2-a0ae-43de36ba5dc9","owner":null,"dataSize":"0","replicationConfig":null} | ret=SUCCESS |  
2025-10-17 11:02:38,545 | INFO  | OMAudit | user=runner | ip=127.0.0.1 | op=LIST_KEYS {"volume":"e03aa460-6b1c-487c-b92d-75b016facada","bucket":"96fd0084-f70c-4299-90ae-935763c0bb87","startKey":"","maxKeys":"1000","keyPrefix":"937f8714-07a1-4cb2-a0ae-43de36ba5dc9/"} | ret=SUCCESS |  
2025-10-17 11:02:38,546 | INFO  | OMAudit | user=runner | ip=127.0.0.1 | op=LIST_STATUS {"volume":"e03aa460-6b1c-487c-b92d-75b016facada","bucket":"96fd0084-f70c-4299-90ae-935763c0bb87","key":"937f8714-07a1-4cb2-a0ae-43de36ba5dc9","owner":null,"dataSize":"0","replicationConfig":null} | ret=SUCCESS |  
2025-10-17 11:02:38,547 | INFO  | OMAudit | user=runner | ip=127.0.0.1 | op=LIST_KEYS {"volume":"e03aa460-6b1c-487c-b92d-75b016facada","bucket":"96fd0084-f70c-4299-90ae-935763c0bb87","startKey":"937f8714-07a1-4cb2-a0ae-43de36ba5dc9/","maxKeys":"1000","keyPrefix":"937f8714-07a1-4cb2-a0ae-43de36ba5dc9/"} | ret=SUCCESS |  
2025-10-17 11:02:38,549 | INFO  | OMAudit | user=runner | ip=127.0.0.1 | op=DELETE_KEYS {"volume":"e03aa460-6b1c-487c-b92d-75b016facada","bucket":"96fd0084-f70c-4299-90ae-935763c0bb87","deletedKeysList":"{key=937f8714-07a1-4cb2-a0ae-43de36ba5dc9/, dataSize=0, replicationConfig=RATIS/THREE}","unDeletedKeysList":"","Transaction":"507"} | ret=SUCCESS |  
2025-10-17 11:02:38,550 | INFO  | OMAudit | user=runner | ip=127.0.0.1 | op=READ_VOLUME {"volume":"e03aa460-6b1c-487c-b92d-75b016facada"} | ret=SUCCESS |  
2025-10-17 11:02:38,551 | INFO  | OMAudit | user=runner | ip=127.0.0.1 | op=READ_BUCKET {"volume":"e03aa460-6b1c-487c-b92d-75b016facada","bucket":"96fd0084-f70c-4299-90ae-935763c0bb87"} | ret=SUCCESS |  
2025-10-17 11:02:38,553 | INFO  | OMAudit | user=runner | ip=127.0.0.1 | op=CREATE_DIRECTORY {"volume":"e03aa460-6b1c-487c-b92d-75b016facada","bucket":"96fd0084-f70c-4299-90ae-935763c0bb87","key":"dir1/dir2/dir3/dir4","dataSize":"0","Transaction":"508"} | ret=SUCCESS |  
2025-10-17 11:02:38,554 | INFO  | OMAudit | user=runner | ip=127.0.0.1 | op=READ_VOLUME {"volume":"e03aa460-6b1c-487c-b92d-75b016facada"} | ret=SUCCESS |  
2025-10-17 11:02:38,555 | INFO  | OMAudit | user=runner | ip=127.0.0.1 | op=READ_BUCKET {"volume":"e03aa460-6b1c-487c-b92d-75b016facada","bucket":"96fd0084-f70c-4299-90ae-935763c0bb87"} | ret=SUCCESS |  
]]></system-out>
  </testcase>
  <testcase name="testBucketUsedNamespace(BucketLayout, boolean)[4]" classname="org.apache.hadoop.ozone.client.rpc.TestSecureOzoneRpcClient" time="3.134">
    <system-out><![CDATA[2025-10-17 11:02:38,557 [ForkJoinPool-1-worker-1] INFO  rpc.RpcClient (RpcClient.java:createVolume(461)) - Creating Volume: 3b52ed37-ee86-4ff4-9565-aceb621d483c, with runner as owner and space quota set to -1 bytes, counts quota set to -1
2025-10-17 11:02:38,558 [om1-OMStateMachineApplyTransactionThread - 0] INFO  volume.OMVolumeCreateRequest (OMVolumeCreateRequest.java:validateAndUpdateCache(213)) - created volume:3b52ed37-ee86-4ff4-9565-aceb621d483c for user:runner
2025-10-17 11:02:38,559 | INFO  | OMAudit | user=runner | ip=127.0.0.1 | op=CREATE_VOLUME {"admin":"runner","owner":"runner","volume":"3b52ed37-ee86-4ff4-9565-aceb621d483c","creationTime":"1760698958558","modificationTime":"1760698958558","quotaInBytes":"-1","quotaInNamespace":"-1","usedNamespace":"0","objectID":"-9223372036854645504","updateID":"509","Transaction":"509"} | ret=SUCCESS |  
2025-10-17 11:02:38,559 | INFO  | OMAudit | user=runner | ip=127.0.0.1 | op=READ_VOLUME {"volume":"3b52ed37-ee86-4ff4-9565-aceb621d483c"} | ret=SUCCESS |  
2025-10-17 11:02:38,560 [ForkJoinPool-1-worker-1] INFO  rpc.RpcClient (RpcClient.java:createBucket(686)) - Creating Bucket: 3b52ed37-ee86-4ff4-9565-aceb621d483c/6b778c77-5687-4e97-81f7-cd071e7ca748, with bucket layout LEGACY, runner as owner, Versioning false, Storage Type set to DISK and Encryption set to false, Replication Type set to server-side default replication type, Namespace Quota set to -1, Space Quota set to -1 
2025-10-17 11:02:38,561 [om1-OMStateMachineApplyTransactionThread - 0] INFO  bucket.OMBucketCreateRequest (OMBucketCreateRequest.java:validateAndUpdateCache(303)) - created bucket: 6b778c77-5687-4e97-81f7-cd071e7ca748 of layout LEGACY in volume: 3b52ed37-ee86-4ff4-9565-aceb621d483c
2025-10-17 11:02:38,561 | INFO  | OMAudit | user=runner | ip=127.0.0.1 | op=CREATE_BUCKET {"volume":"3b52ed37-ee86-4ff4-9565-aceb621d483c","bucket":"6b778c77-5687-4e97-81f7-cd071e7ca748","bucketLayout":"LEGACY","gdprEnabled":null,"acls":"[user:runner:a[ACCESS], group:runner:rl[ACCESS]]","isVersionEnabled":"false","storageType":"DISK","creationTime":"1760698958560","bucketEncryptionKey":null,"modificationTime":"1760698958560","usedBytes":"0","usedNamespace":"0","snapshotUsedBytes":"0","snapshotUsedNamespace":"0","owner":"runner","replicationType":null,"replicationConfig":null,"quotaInBytes":"-1","quotaInNamespace":"-1","Transaction":"510"} | ret=SUCCESS |  
2025-10-17 11:02:38,562 | INFO  | OMAudit | user=runner | ip=127.0.0.1 | op=READ_BUCKET {"volume":"3b52ed37-ee86-4ff4-9565-aceb621d483c","bucket":"6b778c77-5687-4e97-81f7-cd071e7ca748"} | ret=SUCCESS |  
2025-10-17 11:02:38,563 | INFO  | OMAudit | user=runner | ip=127.0.0.1 | op=READ_BUCKET {"volume":"3b52ed37-ee86-4ff4-9565-aceb621d483c","bucket":"6b778c77-5687-4e97-81f7-cd071e7ca748"} | ret=SUCCESS |  
2025-10-17 11:02:38,564 | INFO  | SCMAudit | user=runner | ip=127.0.0.1 | op=ALLOCATE_BLOCK {"replication":"RATIS/ONE","owner":"omServiceIdDefault","size":"4194304","sampleBlocks":"[conID: 13 locID: 115816896921600160]","num":"1","client":"","allocated":"1"} | ret=SUCCESS |  
2025-10-17 11:02:38,566 | INFO  | OMAudit | user=runner | ip=127.0.0.1 | op=ALLOCATE_KEY {"volume":"3b52ed37-ee86-4ff4-9565-aceb621d483c","bucket":"6b778c77-5687-4e97-81f7-cd071e7ca748","key":"44649e18-59b9-41cd-b925-3694656c8666","dataSize":"12","replicationType":"RATIS","replicationFactor":"ONE","Transaction":"511"} | ret=SUCCESS |  
2025-10-17 11:02:38,602 | INFO  | OMAudit | user=runner | ip=127.0.0.1 | op=COMMIT_KEY {"volume":"3b52ed37-ee86-4ff4-9565-aceb621d483c","bucket":"6b778c77-5687-4e97-81f7-cd071e7ca748","key":"44649e18-59b9-41cd-b925-3694656c8666","dataSize":"12","replicationType":"RATIS","replicationFactor":"ONE","Transaction":"512"} | ret=SUCCESS |  
2025-10-17 11:02:38,604 | INFO  | OMAudit | user=runner | ip=127.0.0.1 | op=READ_VOLUME {"volume":"3b52ed37-ee86-4ff4-9565-aceb621d483c"} | ret=SUCCESS |  
2025-10-17 11:02:38,605 | INFO  | OMAudit | user=runner | ip=127.0.0.1 | op=READ_BUCKET {"volume":"3b52ed37-ee86-4ff4-9565-aceb621d483c","bucket":"6b778c77-5687-4e97-81f7-cd071e7ca748"} | ret=SUCCESS |  
2025-10-17 11:02:38,607 | INFO  | OMAudit | user=runner | ip=127.0.0.1 | op=READ_BUCKET {"volume":"3b52ed37-ee86-4ff4-9565-aceb621d483c","bucket":"6b778c77-5687-4e97-81f7-cd071e7ca748"} | ret=SUCCESS |  
2025-10-17 11:02:38,608 | INFO  | SCMAudit | user=runner | ip=127.0.0.1 | op=ALLOCATE_BLOCK {"replication":"RATIS/ONE","owner":"omServiceIdDefault","size":"4194304","sampleBlocks":"[conID: 3 locID: 115816896921600161]","num":"1","client":"","allocated":"1"} | ret=SUCCESS |  
2025-10-17 11:02:38,610 | INFO  | OMAudit | user=runner | ip=127.0.0.1 | op=ALLOCATE_KEY {"volume":"3b52ed37-ee86-4ff4-9565-aceb621d483c","bucket":"6b778c77-5687-4e97-81f7-cd071e7ca748","key":"44649e18-59b9-41cd-b925-3694656c8666","dataSize":"12","replicationType":"RATIS","replicationFactor":"ONE","Transaction":"513"} | ret=SUCCESS |  
2025-10-17 11:02:38,623 | INFO  | OMAudit | user=runner | ip=127.0.0.1 | op=COMMIT_KEY {"volume":"3b52ed37-ee86-4ff4-9565-aceb621d483c","bucket":"6b778c77-5687-4e97-81f7-cd071e7ca748","key":"44649e18-59b9-41cd-b925-3694656c8666","dataSize":"12","replicationType":"RATIS","replicationFactor":"ONE","Transaction":"514"} | ret=SUCCESS |  
2025-10-17 11:02:38,624 | INFO  | OMAudit | user=runner | ip=127.0.0.1 | op=READ_VOLUME {"volume":"3b52ed37-ee86-4ff4-9565-aceb621d483c"} | ret=SUCCESS |  
2025-10-17 11:02:38,626 | INFO  | OMAudit | user=runner | ip=127.0.0.1 | op=READ_BUCKET {"volume":"3b52ed37-ee86-4ff4-9565-aceb621d483c","bucket":"6b778c77-5687-4e97-81f7-cd071e7ca748"} | ret=SUCCESS |  
2025-10-17 11:02:38,741 | INFO  | SCMAudit | user=runner | ip=127.0.0.1 | op=SEND_HEARTBEAT {"datanodeUUID":"b1eee25a-1fdf-4744-83c7-58e0513fce3b","term":"2","command":"[]"} | ret=SUCCESS |  
2025-10-17 11:02:38,751 | INFO  | SCMAudit | user=runner | ip=127.0.0.1 | op=SEND_HEARTBEAT {"datanodeUUID":"b292b6be-9482-4c30-a3e0-c9f721931b72","term":"2","command":"[]"} | ret=SUCCESS |  
2025-10-17 11:02:38,769 | INFO  | SCMAudit | user=runner | ip=127.0.0.1 | op=SEND_HEARTBEAT {"datanodeUUID":"b6f92338-e951-49df-a986-ea31ece96e9e","term":"2","command":"[]"} | ret=SUCCESS |  
2025-10-17 11:02:38,772 | INFO  | SCMAudit | user=runner | ip=127.0.0.1 | op=SEND_HEARTBEAT {"datanodeUUID":"28c08cd4-c049-4c66-8210-e254cf68b291","term":"2","command":"[]"} | ret=SUCCESS |  
2025-10-17 11:02:38,774 | INFO  | SCMAudit | user=runner | ip=127.0.0.1 | op=SEND_HEARTBEAT {"datanodeUUID":"2b4cc429-f9c1-416c-9a38-6239a2e149ea","term":"2","command":"[]"} | ret=SUCCESS |  
2025-10-17 11:02:38,790 | INFO  | SCMAudit | user=runner | ip=127.0.0.1 | op=SEND_HEARTBEAT {"datanodeUUID":"ed6e9581-5875-4278-a8db-50829892434b","term":"2","command":"[]"} | ret=SUCCESS |  
2025-10-17 11:02:38,791 | INFO  | SCMAudit | user=runner | ip=127.0.0.1 | op=SEND_HEARTBEAT {"datanodeUUID":"dbd6f242-9b73-4bca-a110-3e2ec656b979","term":"2","command":"[]"} | ret=SUCCESS |  
2025-10-17 11:02:38,875 | INFO  | SCMAudit | user=runner | ip=127.0.0.1 | op=SEND_HEARTBEAT {"datanodeUUID":"a5293c95-44e9-4ea9-88ca-89089eac4b59","term":"2","command":"[]"} | ret=SUCCESS |  
2025-10-17 11:02:38,953 | INFO  | SCMAudit | user=runner | ip=127.0.0.1 | op=SEND_HEARTBEAT {"datanodeUUID":"3a11eef6-a527-493c-8ba3-ae39ecaefa56","term":"2","command":"[]"} | ret=SUCCESS |  
2025-10-17 11:02:39,045 | INFO  | SCMAudit | user=runner | ip=127.0.0.1 | op=SEND_HEARTBEAT {"datanodeUUID":"309ab1ff-9f5a-4058-8b2f-94d451ce5267","term":"2","command":"[]"} | ret=SUCCESS |  
2025-10-17 11:02:39,130 [om1-KeyDeletingService#2] INFO  service.KeyDeletingService (KeyDeletingService.java:processKeyDeletes(151)) - Send 1 key(s) to SCM, first 1 keys: [PurgedKey{blockGroup=BlockGroup[groupID='/3b52ed37-ee86-4ff4-9565-aceb621d483c/6b778c77-5687-4e97-81f7-cd071e7ca748/44649e18-59b9-41cd-b925-3694656c8666/-9223372036854644224/0', blockIDs=[conID: 13 locID: 115816896921600160 bcsId: 0 replicaIndex: null]], volume='3b52ed37-ee86-4ff4-9565-aceb621d483c', bucket='6b778c77-5687-4e97-81f7-cd071e7ca748', bucketId=-9223372036854645248, purgedBytes=12, isCommittedKey=true, deleteKeyName='/3b52ed37-ee86-4ff4-9565-aceb621d483c/6b778c77-5687-4e97-81f7-cd071e7ca748/44649e18-59b9-41cd-b925-3694656c8666/-9223372036854644224'}]
2025-10-17 11:02:39,131 | INFO  | SCMAudit | user=runner | ip=127.0.0.1 | op=DELETE_KEY_BLOCK {"KeyBlockToDelete":"[BlockGroup[groupID='/3b52ed37-ee86-4ff4-9565-aceb621d483c/6b778c77-5687-4e97-81f7-cd071e7ca748/44649e18-59b9-41cd-b925-3694656c8666/-9223372036854644224/0', blockIDs=[conID: 13 locID: 115816896921600160 bcsId: 0 replicaIndex: null]]]"} | ret=SUCCESS |  
2025-10-17 11:02:39,132 [om1-KeyDeletingService#2] INFO  service.KeyDeletingService (KeyDeletingService.java:processKeyDeletes(158)) - 1 BlockGroup deletion are acked by SCM in 2 ms
2025-10-17 11:02:39,133 [om1-KeyDeletingService#2] INFO  service.KeyDeletingService (KeyDeletingService.java:processKeyDeletes(166)) - Blocks for 1 (out of 1) keys are deleted from DB in 2 ms. Limit per task is 50000.
2025-10-17 11:02:39,235 | INFO  | SCMAudit | user=runner | ip=127.0.0.1 | op=SEND_HEARTBEAT {"datanodeUUID":"50dccd39-549f-4f43-8b1f-597bf98f9c16","term":"2","command":"[]"} | ret=SUCCESS |  
2025-10-17 11:02:39,274 | INFO  | SCMAudit | user=runner | ip=127.0.0.1 | op=SEND_HEARTBEAT {"datanodeUUID":"718bfa29-2c47-4ab5-ac61-3dfe9c6b9d5c","term":"2","command":"[]"} | ret=SUCCESS |  
2025-10-17 11:02:39,274 | INFO  | SCMAudit | user=runner | ip=127.0.0.1 | op=SEND_HEARTBEAT {"datanodeUUID":"99c47355-c013-4450-a734-aff6d3c99677","term":"2","command":"[]"} | ret=SUCCESS |  
2025-10-17 11:02:39,276 | INFO  | SCMAudit | user=runner | ip=127.0.0.1 | op=SEND_HEARTBEAT {"datanodeUUID":"7995ae7b-77ec-4e72-809d-814459f62ee0","term":"2","command":"[]"} | ret=SUCCESS |  
2025-10-17 11:02:39,627 | INFO  | OMAudit | user=runner | ip=127.0.0.1 | op=READ_VOLUME {"volume":"3b52ed37-ee86-4ff4-9565-aceb621d483c"} | ret=SUCCESS |  
2025-10-17 11:02:39,628 | INFO  | OMAudit | user=runner | ip=127.0.0.1 | op=READ_BUCKET {"volume":"3b52ed37-ee86-4ff4-9565-aceb621d483c","bucket":"6b778c77-5687-4e97-81f7-cd071e7ca748"} | ret=SUCCESS |  
2025-10-17 11:02:39,629 | INFO  | OMAudit | user=runner | ip=127.0.0.1 | op=READ_BUCKET {"volume":"3b52ed37-ee86-4ff4-9565-aceb621d483c","bucket":"6b778c77-5687-4e97-81f7-cd071e7ca748"} | ret=SUCCESS |  
2025-10-17 11:02:39,630 | INFO  | SCMAudit | user=runner | ip=127.0.0.1 | op=ALLOCATE_BLOCK {"replication":"RATIS/ONE","owner":"omServiceIdDefault","size":"4194304","sampleBlocks":"[conID: 10 locID: 115816896921600162]","num":"1","client":"","allocated":"1"} | ret=SUCCESS |  
2025-10-17 11:02:39,632 | INFO  | OMAudit | user=runner | ip=127.0.0.1 | op=ALLOCATE_KEY {"volume":"3b52ed37-ee86-4ff4-9565-aceb621d483c","bucket":"6b778c77-5687-4e97-81f7-cd071e7ca748","key":"8ea29662-e623-475f-b57c-05319c35bed1","dataSize":"12","replicationType":"RATIS","replicationFactor":"ONE","Transaction":"516"} | ret=SUCCESS |  
2025-10-17 11:02:39,639 | INFO  | OMAudit | user=runner | ip=127.0.0.1 | op=COMMIT_KEY {"volume":"3b52ed37-ee86-4ff4-9565-aceb621d483c","bucket":"6b778c77-5687-4e97-81f7-cd071e7ca748","key":"8ea29662-e623-475f-b57c-05319c35bed1","dataSize":"12","replicationType":"RATIS","replicationFactor":"ONE","Transaction":"517"} | ret=SUCCESS |  
2025-10-17 11:02:39,640 | INFO  | OMAudit | user=runner | ip=127.0.0.1 | op=READ_VOLUME {"volume":"3b52ed37-ee86-4ff4-9565-aceb621d483c"} | ret=SUCCESS |  
2025-10-17 11:02:39,641 | INFO  | OMAudit | user=runner | ip=127.0.0.1 | op=READ_BUCKET {"volume":"3b52ed37-ee86-4ff4-9565-aceb621d483c","bucket":"6b778c77-5687-4e97-81f7-cd071e7ca748"} | ret=SUCCESS |  
2025-10-17 11:02:39,643 | INFO  | OMAudit | user=runner | ip=127.0.0.1 | op=DELETE_KEY {"volume":"3b52ed37-ee86-4ff4-9565-aceb621d483c","bucket":"6b778c77-5687-4e97-81f7-cd071e7ca748","key":"44649e18-59b9-41cd-b925-3694656c8666","dataSize":"12","replicationConfig":"RATIS/ONE","Transaction":"518"} | ret=SUCCESS |  
2025-10-17 11:02:39,644 | INFO  | OMAudit | user=runner | ip=127.0.0.1 | op=READ_VOLUME {"volume":"3b52ed37-ee86-4ff4-9565-aceb621d483c"} | ret=SUCCESS |  
2025-10-17 11:02:39,644 | INFO  | OMAudit | user=runner | ip=127.0.0.1 | op=READ_BUCKET {"volume":"3b52ed37-ee86-4ff4-9565-aceb621d483c","bucket":"6b778c77-5687-4e97-81f7-cd071e7ca748"} | ret=SUCCESS |  
2025-10-17 11:02:39,716 | INFO  | SCMAudit | user=runner | ip=127.0.0.1 | op=SEND_HEARTBEAT {"datanodeUUID":"28c08cd4-c049-4c66-8210-e254cf68b291","term":"2","command":"[]"} | ret=SUCCESS |  
2025-10-17 11:02:39,716 | INFO  | SCMAudit | user=runner | ip=127.0.0.1 | op=SEND_HEARTBEAT {"datanodeUUID":"b1eee25a-1fdf-4744-83c7-58e0513fce3b","term":"2","command":"[]"} | ret=SUCCESS |  
2025-10-17 11:02:39,718 | INFO  | SCMAudit | user=runner | ip=127.0.0.1 | op=SEND_HEARTBEAT {"datanodeUUID":"b6f92338-e951-49df-a986-ea31ece96e9e","term":"2","command":"[]"} | ret=SUCCESS |  
2025-10-17 11:02:39,721 | INFO  | SCMAudit | user=runner | ip=127.0.0.1 | op=SEND_HEARTBEAT {"datanodeUUID":"2b4cc429-f9c1-416c-9a38-6239a2e149ea","term":"2","command":"[]"} | ret=SUCCESS |  
2025-10-17 11:02:39,721 | INFO  | SCMAudit | user=runner | ip=127.0.0.1 | op=SEND_HEARTBEAT {"datanodeUUID":"b292b6be-9482-4c30-a3e0-c9f721931b72","term":"2","command":"[]"} | ret=SUCCESS |  
2025-10-17 11:02:39,757 | INFO  | SCMAudit | user=runner | ip=127.0.0.1 | op=SEND_HEARTBEAT {"datanodeUUID":"dbd6f242-9b73-4bca-a110-3e2ec656b979","term":"2","command":"[]"} | ret=SUCCESS |  
2025-10-17 11:02:39,760 | INFO  | SCMAudit | user=runner | ip=127.0.0.1 | op=SEND_HEARTBEAT {"datanodeUUID":"ed6e9581-5875-4278-a8db-50829892434b","term":"2","command":"[]"} | ret=SUCCESS |  
2025-10-17 11:02:39,861 | INFO  | SCMAudit | user=runner | ip=127.0.0.1 | op=SEND_HEARTBEAT {"datanodeUUID":"a5293c95-44e9-4ea9-88ca-89089eac4b59","term":"2","command":"[]"} | ret=SUCCESS |  
2025-10-17 11:02:39,938 | INFO  | SCMAudit | user=runner | ip=127.0.0.1 | op=SEND_HEARTBEAT {"datanodeUUID":"3a11eef6-a527-493c-8ba3-ae39ecaefa56","term":"2","command":"[]"} | ret=SUCCESS |  
2025-10-17 11:02:40,031 | INFO  | SCMAudit | user=runner | ip=127.0.0.1 | op=SEND_HEARTBEAT {"datanodeUUID":"309ab1ff-9f5a-4058-8b2f-94d451ce5267","term":"2","command":"[]"} | ret=SUCCESS |  
2025-10-17 11:02:40,130 [om1-KeyDeletingService#5] INFO  service.KeyDeletingService (KeyDeletingService.java:processKeyDeletes(151)) - Send 1 key(s) to SCM, first 1 keys: [PurgedKey{blockGroup=BlockGroup[groupID='/3b52ed37-ee86-4ff4-9565-aceb621d483c/6b778c77-5687-4e97-81f7-cd071e7ca748/44649e18-59b9-41cd-b925-3694656c8666/-9223372036854644992/0', blockIDs=[conID: 3 locID: 115816896921600161 bcsId: 0 replicaIndex: null]], volume='3b52ed37-ee86-4ff4-9565-aceb621d483c', bucket='6b778c77-5687-4e97-81f7-cd071e7ca748', bucketId=-9223372036854645248, purgedBytes=12, isCommittedKey=true, deleteKeyName='/3b52ed37-ee86-4ff4-9565-aceb621d483c/6b778c77-5687-4e97-81f7-cd071e7ca748/44649e18-59b9-41cd-b925-3694656c8666/-9223372036854644992'}]
2025-10-17 11:02:40,132 | INFO  | SCMAudit | user=runner | ip=127.0.0.1 | op=DELETE_KEY_BLOCK {"KeyBlockToDelete":"[BlockGroup[groupID='/3b52ed37-ee86-4ff4-9565-aceb621d483c/6b778c77-5687-4e97-81f7-cd071e7ca748/44649e18-59b9-41cd-b925-3694656c8666/-9223372036854644992/0', blockIDs=[conID: 3 locID: 115816896921600161 bcsId: 0 replicaIndex: null]]]"} | ret=SUCCESS |  
2025-10-17 11:02:40,133 [om1-KeyDeletingService#5] INFO  service.KeyDeletingService (KeyDeletingService.java:processKeyDeletes(158)) - 1 BlockGroup deletion are acked by SCM in 2 ms
2025-10-17 11:02:40,134 [om1-KeyDeletingService#5] INFO  service.KeyDeletingService (KeyDeletingService.java:processKeyDeletes(166)) - Blocks for 1 (out of 1) keys are deleted from DB in 2 ms. Limit per task is 50000.
2025-10-17 11:02:40,217 | INFO  | SCMAudit | user=runner | ip=127.0.0.1 | op=SEND_HEARTBEAT {"datanodeUUID":"50dccd39-549f-4f43-8b1f-597bf98f9c16","term":"2","command":"[]"} | ret=SUCCESS |  
2025-10-17 11:02:40,235 | INFO  | SCMAudit | user=runner | ip=127.0.0.1 | op=SEND_HEARTBEAT {"datanodeUUID":"99c47355-c013-4450-a734-aff6d3c99677","term":"2","command":"[]"} | ret=SUCCESS |  
2025-10-17 11:02:40,235 | INFO  | SCMAudit | user=runner | ip=127.0.0.1 | op=SEND_HEARTBEAT {"datanodeUUID":"718bfa29-2c47-4ab5-ac61-3dfe9c6b9d5c","term":"2","command":"[]"} | ret=SUCCESS |  
2025-10-17 11:02:40,238 | INFO  | SCMAudit | user=runner | ip=127.0.0.1 | op=SEND_HEARTBEAT {"datanodeUUID":"7995ae7b-77ec-4e72-809d-814459f62ee0","term":"2","command":"[]"} | ret=SUCCESS |  
2025-10-17 11:02:40,645 | INFO  | OMAudit | user=runner | ip=127.0.0.1 | op=READ_VOLUME {"volume":"3b52ed37-ee86-4ff4-9565-aceb621d483c"} | ret=SUCCESS |  
2025-10-17 11:02:40,646 | INFO  | OMAudit | user=runner | ip=127.0.0.1 | op=READ_BUCKET {"volume":"3b52ed37-ee86-4ff4-9565-aceb621d483c","bucket":"6b778c77-5687-4e97-81f7-cd071e7ca748"} | ret=SUCCESS |  
2025-10-17 11:02:40,649 | INFO  | OMAudit | user=runner | ip=127.0.0.1 | op=DELETE_KEY {"volume":"3b52ed37-ee86-4ff4-9565-aceb621d483c","bucket":"6b778c77-5687-4e97-81f7-cd071e7ca748","key":"8ea29662-e623-475f-b57c-05319c35bed1","dataSize":"12","replicationConfig":"RATIS/ONE","Transaction":"520"} | ret=SUCCESS |  
2025-10-17 11:02:40,650 | INFO  | OMAudit | user=runner | ip=127.0.0.1 | op=READ_VOLUME {"volume":"3b52ed37-ee86-4ff4-9565-aceb621d483c"} | ret=SUCCESS |  
2025-10-17 11:02:40,650 | INFO  | OMAudit | user=runner | ip=127.0.0.1 | op=READ_BUCKET {"volume":"3b52ed37-ee86-4ff4-9565-aceb621d483c","bucket":"6b778c77-5687-4e97-81f7-cd071e7ca748"} | ret=SUCCESS |  
2025-10-17 11:02:40,716 | INFO  | SCMAudit | user=runner | ip=127.0.0.1 | op=SEND_HEARTBEAT {"datanodeUUID":"28c08cd4-c049-4c66-8210-e254cf68b291","term":"2","command":"[]"} | ret=SUCCESS |  
2025-10-17 11:02:40,716 | INFO  | SCMAudit | user=runner | ip=127.0.0.1 | op=SEND_HEARTBEAT {"datanodeUUID":"b1eee25a-1fdf-4744-83c7-58e0513fce3b","term":"2","command":"[]"} | ret=SUCCESS |  
2025-10-17 11:02:40,719 | INFO  | SCMAudit | user=runner | ip=127.0.0.1 | op=SEND_HEARTBEAT {"datanodeUUID":"b6f92338-e951-49df-a986-ea31ece96e9e","term":"2","command":"[]"} | ret=SUCCESS |  
2025-10-17 11:02:40,721 | INFO  | SCMAudit | user=runner | ip=127.0.0.1 | op=SEND_HEARTBEAT {"datanodeUUID":"b292b6be-9482-4c30-a3e0-c9f721931b72","term":"2","command":"[]"} | ret=SUCCESS |  
2025-10-17 11:02:40,721 | INFO  | SCMAudit | user=runner | ip=127.0.0.1 | op=SEND_HEARTBEAT {"datanodeUUID":"2b4cc429-f9c1-416c-9a38-6239a2e149ea","term":"2","command":"[]"} | ret=SUCCESS |  
2025-10-17 11:02:40,757 | INFO  | SCMAudit | user=runner | ip=127.0.0.1 | op=SEND_HEARTBEAT {"datanodeUUID":"dbd6f242-9b73-4bca-a110-3e2ec656b979","term":"2","command":"[]"} | ret=SUCCESS |  
2025-10-17 11:02:40,760 | INFO  | SCMAudit | user=runner | ip=127.0.0.1 | op=SEND_HEARTBEAT {"datanodeUUID":"ed6e9581-5875-4278-a8db-50829892434b","term":"2","command":"[]"} | ret=SUCCESS |  
2025-10-17 11:02:40,861 | INFO  | SCMAudit | user=runner | ip=127.0.0.1 | op=SEND_HEARTBEAT {"datanodeUUID":"a5293c95-44e9-4ea9-88ca-89089eac4b59","term":"2","command":"[]"} | ret=SUCCESS |  
2025-10-17 11:02:40,939 | INFO  | SCMAudit | user=runner | ip=127.0.0.1 | op=SEND_HEARTBEAT {"datanodeUUID":"3a11eef6-a527-493c-8ba3-ae39ecaefa56","term":"2","command":"[]"} | ret=SUCCESS |  
2025-10-17 11:02:41,031 | INFO  | SCMAudit | user=runner | ip=127.0.0.1 | op=SEND_HEARTBEAT {"datanodeUUID":"309ab1ff-9f5a-4058-8b2f-94d451ce5267","term":"2","command":"[]"} | ret=SUCCESS |  
2025-10-17 11:02:41,130 [om1-KeyDeletingService#8] INFO  service.KeyDeletingService (KeyDeletingService.java:processKeyDeletes(151)) - Send 1 key(s) to SCM, first 1 keys: [PurgedKey{blockGroup=BlockGroup[groupID='/3b52ed37-ee86-4ff4-9565-aceb621d483c/6b778c77-5687-4e97-81f7-cd071e7ca748/8ea29662-e623-475f-b57c-05319c35bed1/-9223372036854643712/0', blockIDs=[conID: 10 locID: 115816896921600162 bcsId: 0 replicaIndex: null]], volume='3b52ed37-ee86-4ff4-9565-aceb621d483c', bucket='6b778c77-5687-4e97-81f7-cd071e7ca748', bucketId=-9223372036854645248, purgedBytes=12, isCommittedKey=true, deleteKeyName='/3b52ed37-ee86-4ff4-9565-aceb621d483c/6b778c77-5687-4e97-81f7-cd071e7ca748/8ea29662-e623-475f-b57c-05319c35bed1/-9223372036854643712'}]
2025-10-17 11:02:41,132 | INFO  | SCMAudit | user=runner | ip=127.0.0.1 | op=DELETE_KEY_BLOCK {"KeyBlockToDelete":"[BlockGroup[groupID='/3b52ed37-ee86-4ff4-9565-aceb621d483c/6b778c77-5687-4e97-81f7-cd071e7ca748/8ea29662-e623-475f-b57c-05319c35bed1/-9223372036854643712/0', blockIDs=[conID: 10 locID: 115816896921600162 bcsId: 0 replicaIndex: null]]]"} | ret=SUCCESS |  
2025-10-17 11:02:41,132 [om1-KeyDeletingService#8] INFO  service.KeyDeletingService (KeyDeletingService.java:processKeyDeletes(158)) - 1 BlockGroup deletion are acked by SCM in 2 ms
2025-10-17 11:02:41,134 [om1-KeyDeletingService#8] INFO  service.KeyDeletingService (KeyDeletingService.java:processKeyDeletes(166)) - Blocks for 1 (out of 1) keys are deleted from DB in 1 ms. Limit per task is 50000.
2025-10-17 11:02:41,217 | INFO  | SCMAudit | user=runner | ip=127.0.0.1 | op=SEND_HEARTBEAT {"datanodeUUID":"50dccd39-549f-4f43-8b1f-597bf98f9c16","term":"2","command":"[]"} | ret=SUCCESS |  
2025-10-17 11:02:41,235 | INFO  | SCMAudit | user=runner | ip=127.0.0.1 | op=SEND_HEARTBEAT {"datanodeUUID":"99c47355-c013-4450-a734-aff6d3c99677","term":"2","command":"[]"} | ret=SUCCESS |  
2025-10-17 11:02:41,235 | INFO  | SCMAudit | user=runner | ip=127.0.0.1 | op=SEND_HEARTBEAT {"datanodeUUID":"718bfa29-2c47-4ab5-ac61-3dfe9c6b9d5c","term":"2","command":"[]"} | ret=SUCCESS |  
2025-10-17 11:02:41,238 | INFO  | SCMAudit | user=runner | ip=127.0.0.1 | op=SEND_HEARTBEAT {"datanodeUUID":"7995ae7b-77ec-4e72-809d-814459f62ee0","term":"2","command":"[]"} | ret=SUCCESS |  
2025-10-17 11:02:41,652 | INFO  | OMAudit | user=runner | ip=127.0.0.1 | op=READ_VOLUME {"volume":"3b52ed37-ee86-4ff4-9565-aceb621d483c"} | ret=SUCCESS |  
2025-10-17 11:02:41,653 | INFO  | OMAudit | user=runner | ip=127.0.0.1 | op=READ_BUCKET {"volume":"3b52ed37-ee86-4ff4-9565-aceb621d483c","bucket":"6b778c77-5687-4e97-81f7-cd071e7ca748"} | ret=SUCCESS |  
2025-10-17 11:02:41,655 | INFO  | OMAudit | user=runner | ip=127.0.0.1 | op=GET_SERVICE_LIST {} | ret=SUCCESS |  
2025-10-17 11:02:41,658 | INFO  | OMAudit | user=runner | ip=127.0.0.1 | op=CREATE_DIRECTORY {"volume":"3b52ed37-ee86-4ff4-9565-aceb621d483c","bucket":"6b778c77-5687-4e97-81f7-cd071e7ca748","key":"1babb3a7-7535-4613-9d05-074ce312eadb","dataSize":"0","Transaction":"522"} | ret=SUCCESS |  
2025-10-17 11:02:41,659 | INFO  | OMAudit | user=runner | ip=127.0.0.1 | op=READ_VOLUME {"volume":"3b52ed37-ee86-4ff4-9565-aceb621d483c"} | ret=SUCCESS |  
2025-10-17 11:02:41,660 | INFO  | OMAudit | user=runner | ip=127.0.0.1 | op=READ_BUCKET {"volume":"3b52ed37-ee86-4ff4-9565-aceb621d483c","bucket":"6b778c77-5687-4e97-81f7-cd071e7ca748"} | ret=SUCCESS |  
2025-10-17 11:02:41,662 | INFO  | OMAudit | user=runner | ip=127.0.0.1 | op=CREATE_DIRECTORY {"volume":"3b52ed37-ee86-4ff4-9565-aceb621d483c","bucket":"6b778c77-5687-4e97-81f7-cd071e7ca748","key":"3dd0afe1-9d03-45c4-bbff-b8600ac57ede","dataSize":"0","Transaction":"523"} | ret=SUCCESS |  
2025-10-17 11:02:41,663 | INFO  | OMAudit | user=runner | ip=127.0.0.1 | op=READ_VOLUME {"volume":"3b52ed37-ee86-4ff4-9565-aceb621d483c"} | ret=SUCCESS |  
2025-10-17 11:02:41,664 | INFO  | OMAudit | user=runner | ip=127.0.0.1 | op=READ_BUCKET {"volume":"3b52ed37-ee86-4ff4-9565-aceb621d483c","bucket":"6b778c77-5687-4e97-81f7-cd071e7ca748"} | ret=SUCCESS |  
2025-10-17 11:02:41,667 | INFO  | OMAudit | user=runner | ip=127.0.0.1 | op=GET_SERVICE_LIST {} | ret=SUCCESS |  
2025-10-17 11:02:41,668 | INFO  | OMAudit | user=runner | ip=127.0.0.1 | op=READ_VOLUME {"volume":"3b52ed37-ee86-4ff4-9565-aceb621d483c"} | ret=SUCCESS |  
2025-10-17 11:02:41,669 | INFO  | OMAudit | user=runner | ip=127.0.0.1 | op=READ_BUCKET {"volume":"3b52ed37-ee86-4ff4-9565-aceb621d483c","bucket":"6b778c77-5687-4e97-81f7-cd071e7ca748"} | ret=SUCCESS |  
2025-10-17 11:02:41,670 | INFO  | OMAudit | user=runner | ip=127.0.0.1 | op=GET_FILE_STATUS {"volume":"3b52ed37-ee86-4ff4-9565-aceb621d483c","bucket":"6b778c77-5687-4e97-81f7-cd071e7ca748","key":"1babb3a7-7535-4613-9d05-074ce312eadb","owner":null,"dataSize":"0","replicationConfig":null} | ret=SUCCESS |  
2025-10-17 11:02:41,671 | INFO  | OMAudit | user=runner | ip=127.0.0.1 | op=GET_FILE_STATUS {"volume":"3b52ed37-ee86-4ff4-9565-aceb621d483c","bucket":"6b778c77-5687-4e97-81f7-cd071e7ca748","key":"1babb3a7-7535-4613-9d05-074ce312eadb","owner":null,"dataSize":"0","replicationConfig":null} | ret=SUCCESS |  
2025-10-17 11:02:41,672 | INFO  | OMAudit | user=runner | ip=127.0.0.1 | op=LIST_KEYS {"volume":"3b52ed37-ee86-4ff4-9565-aceb621d483c","bucket":"6b778c77-5687-4e97-81f7-cd071e7ca748","startKey":"","maxKeys":"1000","keyPrefix":"1babb3a7-7535-4613-9d05-074ce312eadb/"} | ret=SUCCESS |  
2025-10-17 11:02:41,674 | INFO  | OMAudit | user=runner | ip=127.0.0.1 | op=LIST_STATUS {"volume":"3b52ed37-ee86-4ff4-9565-aceb621d483c","bucket":"6b778c77-5687-4e97-81f7-cd071e7ca748","key":"1babb3a7-7535-4613-9d05-074ce312eadb","owner":null,"dataSize":"0","replicationConfig":null} | ret=SUCCESS |  
2025-10-17 11:02:41,675 | INFO  | OMAudit | user=runner | ip=127.0.0.1 | op=LIST_KEYS {"volume":"3b52ed37-ee86-4ff4-9565-aceb621d483c","bucket":"6b778c77-5687-4e97-81f7-cd071e7ca748","startKey":"1babb3a7-7535-4613-9d05-074ce312eadb/","maxKeys":"1000","keyPrefix":"1babb3a7-7535-4613-9d05-074ce312eadb/"} | ret=SUCCESS |  
2025-10-17 11:02:41,676 | INFO  | OMAudit | user=runner | ip=127.0.0.1 | op=DELETE_KEYS {"volume":"3b52ed37-ee86-4ff4-9565-aceb621d483c","bucket":"6b778c77-5687-4e97-81f7-cd071e7ca748","deletedKeysList":"{key=1babb3a7-7535-4613-9d05-074ce312eadb/, dataSize=0, replicationConfig=RATIS/THREE}","unDeletedKeysList":"","Transaction":"524"} | ret=SUCCESS |  
2025-10-17 11:02:41,677 | INFO  | OMAudit | user=runner | ip=127.0.0.1 | op=READ_VOLUME {"volume":"3b52ed37-ee86-4ff4-9565-aceb621d483c"} | ret=SUCCESS |  
2025-10-17 11:02:41,678 | INFO  | OMAudit | user=runner | ip=127.0.0.1 | op=READ_BUCKET {"volume":"3b52ed37-ee86-4ff4-9565-aceb621d483c","bucket":"6b778c77-5687-4e97-81f7-cd071e7ca748"} | ret=SUCCESS |  
2025-10-17 11:02:41,679 | INFO  | OMAudit | user=runner | ip=127.0.0.1 | op=GET_FILE_STATUS {"volume":"3b52ed37-ee86-4ff4-9565-aceb621d483c","bucket":"6b778c77-5687-4e97-81f7-cd071e7ca748","key":"3dd0afe1-9d03-45c4-bbff-b8600ac57ede","owner":null,"dataSize":"0","replicationConfig":null} | ret=SUCCESS |  
2025-10-17 11:02:41,680 | INFO  | OMAudit | user=runner | ip=127.0.0.1 | op=GET_FILE_STATUS {"volume":"3b52ed37-ee86-4ff4-9565-aceb621d483c","bucket":"6b778c77-5687-4e97-81f7-cd071e7ca748","key":"3dd0afe1-9d03-45c4-bbff-b8600ac57ede","owner":null,"dataSize":"0","replicationConfig":null} | ret=SUCCESS |  
2025-10-17 11:02:41,682 | INFO  | OMAudit | user=runner | ip=127.0.0.1 | op=LIST_KEYS {"volume":"3b52ed37-ee86-4ff4-9565-aceb621d483c","bucket":"6b778c77-5687-4e97-81f7-cd071e7ca748","startKey":"","maxKeys":"1000","keyPrefix":"3dd0afe1-9d03-45c4-bbff-b8600ac57ede/"} | ret=SUCCESS |  
2025-10-17 11:02:41,683 | INFO  | OMAudit | user=runner | ip=127.0.0.1 | op=LIST_STATUS {"volume":"3b52ed37-ee86-4ff4-9565-aceb621d483c","bucket":"6b778c77-5687-4e97-81f7-cd071e7ca748","key":"3dd0afe1-9d03-45c4-bbff-b8600ac57ede","owner":null,"dataSize":"0","replicationConfig":null} | ret=SUCCESS |  
2025-10-17 11:02:41,684 | INFO  | OMAudit | user=runner | ip=127.0.0.1 | op=LIST_KEYS {"volume":"3b52ed37-ee86-4ff4-9565-aceb621d483c","bucket":"6b778c77-5687-4e97-81f7-cd071e7ca748","startKey":"3dd0afe1-9d03-45c4-bbff-b8600ac57ede/","maxKeys":"1000","keyPrefix":"3dd0afe1-9d03-45c4-bbff-b8600ac57ede/"} | ret=SUCCESS |  
2025-10-17 11:02:41,685 | INFO  | OMAudit | user=runner | ip=127.0.0.1 | op=DELETE_KEYS {"volume":"3b52ed37-ee86-4ff4-9565-aceb621d483c","bucket":"6b778c77-5687-4e97-81f7-cd071e7ca748","deletedKeysList":"{key=3dd0afe1-9d03-45c4-bbff-b8600ac57ede/, dataSize=0, replicationConfig=RATIS/THREE}","unDeletedKeysList":"","Transaction":"525"} | ret=SUCCESS |  
2025-10-17 11:02:41,686 | INFO  | OMAudit | user=runner | ip=127.0.0.1 | op=READ_VOLUME {"volume":"3b52ed37-ee86-4ff4-9565-aceb621d483c"} | ret=SUCCESS |  
2025-10-17 11:02:41,687 | INFO  | OMAudit | user=runner | ip=127.0.0.1 | op=READ_BUCKET {"volume":"3b52ed37-ee86-4ff4-9565-aceb621d483c","bucket":"6b778c77-5687-4e97-81f7-cd071e7ca748"} | ret=SUCCESS |  
2025-10-17 11:02:41,689 | INFO  | OMAudit | user=runner | ip=127.0.0.1 | op=CREATE_DIRECTORY {"volume":"3b52ed37-ee86-4ff4-9565-aceb621d483c","bucket":"6b778c77-5687-4e97-81f7-cd071e7ca748","key":"dir1/dir2/dir3/dir4","dataSize":"0","Transaction":"526"} | ret=SUCCESS |  
2025-10-17 11:02:41,689 | INFO  | OMAudit | user=runner | ip=127.0.0.1 | op=READ_VOLUME {"volume":"3b52ed37-ee86-4ff4-9565-aceb621d483c"} | ret=SUCCESS |  
2025-10-17 11:02:41,690 | INFO  | OMAudit | user=runner | ip=127.0.0.1 | op=READ_BUCKET {"volume":"3b52ed37-ee86-4ff4-9565-aceb621d483c","bucket":"6b778c77-5687-4e97-81f7-cd071e7ca748"} | ret=SUCCESS |  
]]></system-out>
  </testcase>
  <testcase name="testBucketUsedNamespace(BucketLayout, boolean)[5]" classname="org.apache.hadoop.ozone.client.rpc.TestSecureOzoneRpcClient" time="3.081">
    <system-out><![CDATA[2025-10-17 11:02:41,692 [ForkJoinPool-1-worker-1] INFO  rpc.RpcClient (RpcClient.java:createVolume(461)) - Creating Volume: 2c2d4eb5-dfa4-4867-97d6-f3c0bfb79c45, with runner as owner and space quota set to -1 bytes, counts quota set to -1
2025-10-17 11:02:41,694 [om1-OMStateMachineApplyTransactionThread - 0] INFO  volume.OMVolumeCreateRequest (OMVolumeCreateRequest.java:validateAndUpdateCache(213)) - created volume:2c2d4eb5-dfa4-4867-97d6-f3c0bfb79c45 for user:runner
2025-10-17 11:02:41,694 | INFO  | OMAudit | user=runner | ip=127.0.0.1 | op=CREATE_VOLUME {"admin":"runner","owner":"runner","volume":"2c2d4eb5-dfa4-4867-97d6-f3c0bfb79c45","creationTime":"1760698961693","modificationTime":"1760698961693","quotaInBytes":"-1","quotaInNamespace":"-1","usedNamespace":"0","objectID":"-9223372036854640896","updateID":"527","Transaction":"527"} | ret=SUCCESS |  
2025-10-17 11:02:41,695 | INFO  | OMAudit | user=runner | ip=127.0.0.1 | op=READ_VOLUME {"volume":"2c2d4eb5-dfa4-4867-97d6-f3c0bfb79c45"} | ret=SUCCESS |  
2025-10-17 11:02:41,695 [ForkJoinPool-1-worker-1] INFO  rpc.RpcClient (RpcClient.java:createBucket(686)) - Creating Bucket: 2c2d4eb5-dfa4-4867-97d6-f3c0bfb79c45/130b2a5a-c379-4fec-a627-a991d894f2c9, with bucket layout FILE_SYSTEM_OPTIMIZED, runner as owner, Versioning false, Storage Type set to DISK and Encryption set to false, Replication Type set to server-side default replication type, Namespace Quota set to -1, Space Quota set to -1 
2025-10-17 11:02:41,697 [om1-OMStateMachineApplyTransactionThread - 0] INFO  bucket.OMBucketCreateRequest (OMBucketCreateRequest.java:validateAndUpdateCache(303)) - created bucket: 130b2a5a-c379-4fec-a627-a991d894f2c9 of layout FILE_SYSTEM_OPTIMIZED in volume: 2c2d4eb5-dfa4-4867-97d6-f3c0bfb79c45
2025-10-17 11:02:41,697 | INFO  | OMAudit | user=runner | ip=127.0.0.1 | op=CREATE_BUCKET {"volume":"2c2d4eb5-dfa4-4867-97d6-f3c0bfb79c45","bucket":"130b2a5a-c379-4fec-a627-a991d894f2c9","bucketLayout":"FILE_SYSTEM_OPTIMIZED","gdprEnabled":null,"acls":"[user:runner:a[ACCESS], group:runner:rl[ACCESS]]","isVersionEnabled":"false","storageType":"DISK","creationTime":"1760698961696","bucketEncryptionKey":null,"modificationTime":"1760698961696","usedBytes":"0","usedNamespace":"0","snapshotUsedBytes":"0","snapshotUsedNamespace":"0","owner":"runner","replicationType":null,"replicationConfig":null,"quotaInBytes":"-1","quotaInNamespace":"-1","Transaction":"528"} | ret=SUCCESS |  
2025-10-17 11:02:41,698 | INFO  | OMAudit | user=runner | ip=127.0.0.1 | op=READ_BUCKET {"volume":"2c2d4eb5-dfa4-4867-97d6-f3c0bfb79c45","bucket":"130b2a5a-c379-4fec-a627-a991d894f2c9"} | ret=SUCCESS |  
2025-10-17 11:02:41,699 | INFO  | OMAudit | user=runner | ip=127.0.0.1 | op=READ_BUCKET {"volume":"2c2d4eb5-dfa4-4867-97d6-f3c0bfb79c45","bucket":"130b2a5a-c379-4fec-a627-a991d894f2c9"} | ret=SUCCESS |  
2025-10-17 11:02:41,700 | INFO  | SCMAudit | user=runner | ip=127.0.0.1 | op=ALLOCATE_BLOCK {"replication":"RATIS/ONE","owner":"omServiceIdDefault","size":"4194304","sampleBlocks":"[conID: 3 locID: 115816896921600163]","num":"1","client":"","allocated":"1"} | ret=SUCCESS |  
2025-10-17 11:02:41,701 | INFO  | OMAudit | user=runner | ip=127.0.0.1 | op=ALLOCATE_KEY {"volume":"2c2d4eb5-dfa4-4867-97d6-f3c0bfb79c45","bucket":"130b2a5a-c379-4fec-a627-a991d894f2c9","key":"8985c4ce-9db3-49a4-9ed6-dd942ba56273","dataSize":"12","replicationType":"RATIS","replicationFactor":"ONE","Transaction":"529"} | ret=SUCCESS |  
2025-10-17 11:02:41,707 | INFO  | OMAudit | user=runner | ip=127.0.0.1 | op=COMMIT_KEY {"volume":"2c2d4eb5-dfa4-4867-97d6-f3c0bfb79c45","bucket":"130b2a5a-c379-4fec-a627-a991d894f2c9","key":"8985c4ce-9db3-49a4-9ed6-dd942ba56273","dataSize":"12","replicationType":"RATIS","replicationFactor":"ONE","Transaction":"530"} | ret=SUCCESS |  
2025-10-17 11:02:41,708 | INFO  | OMAudit | user=runner | ip=127.0.0.1 | op=READ_VOLUME {"volume":"2c2d4eb5-dfa4-4867-97d6-f3c0bfb79c45"} | ret=SUCCESS |  
2025-10-17 11:02:41,709 | INFO  | OMAudit | user=runner | ip=127.0.0.1 | op=READ_BUCKET {"volume":"2c2d4eb5-dfa4-4867-97d6-f3c0bfb79c45","bucket":"130b2a5a-c379-4fec-a627-a991d894f2c9"} | ret=SUCCESS |  
2025-10-17 11:02:41,710 | INFO  | OMAudit | user=runner | ip=127.0.0.1 | op=READ_BUCKET {"volume":"2c2d4eb5-dfa4-4867-97d6-f3c0bfb79c45","bucket":"130b2a5a-c379-4fec-a627-a991d894f2c9"} | ret=SUCCESS |  
2025-10-17 11:02:41,711 | INFO  | SCMAudit | user=runner | ip=127.0.0.1 | op=ALLOCATE_BLOCK {"replication":"RATIS/ONE","owner":"omServiceIdDefault","size":"4194304","sampleBlocks":"[conID: 7 locID: 115816896921600164]","num":"1","client":"","allocated":"1"} | ret=SUCCESS |  
2025-10-17 11:02:41,713 | INFO  | OMAudit | user=runner | ip=127.0.0.1 | op=ALLOCATE_KEY {"volume":"2c2d4eb5-dfa4-4867-97d6-f3c0bfb79c45","bucket":"130b2a5a-c379-4fec-a627-a991d894f2c9","key":"8985c4ce-9db3-49a4-9ed6-dd942ba56273","dataSize":"12","replicationType":"RATIS","replicationFactor":"ONE","Transaction":"531"} | ret=SUCCESS |  
2025-10-17 11:02:41,716 | INFO  | SCMAudit | user=runner | ip=127.0.0.1 | op=SEND_HEARTBEAT {"datanodeUUID":"b1eee25a-1fdf-4744-83c7-58e0513fce3b","term":"2","command":"[]"} | ret=SUCCESS |  
2025-10-17 11:02:41,716 | INFO  | SCMAudit | user=runner | ip=127.0.0.1 | op=SEND_HEARTBEAT {"datanodeUUID":"28c08cd4-c049-4c66-8210-e254cf68b291","term":"2","command":"[]"} | ret=SUCCESS |  
2025-10-17 11:02:41,719 | INFO  | OMAudit | user=runner | ip=127.0.0.1 | op=COMMIT_KEY {"volume":"2c2d4eb5-dfa4-4867-97d6-f3c0bfb79c45","bucket":"130b2a5a-c379-4fec-a627-a991d894f2c9","key":"8985c4ce-9db3-49a4-9ed6-dd942ba56273","dataSize":"12","replicationType":"RATIS","replicationFactor":"ONE","Transaction":"532"} | ret=SUCCESS |  
2025-10-17 11:02:41,720 | INFO  | SCMAudit | user=runner | ip=127.0.0.1 | op=SEND_HEARTBEAT {"datanodeUUID":"b6f92338-e951-49df-a986-ea31ece96e9e","term":"2","command":"[]"} | ret=SUCCESS |  
2025-10-17 11:02:41,720 | INFO  | OMAudit | user=runner | ip=127.0.0.1 | op=READ_VOLUME {"volume":"2c2d4eb5-dfa4-4867-97d6-f3c0bfb79c45"} | ret=SUCCESS |  
2025-10-17 11:02:41,721 | INFO  | SCMAudit | user=runner | ip=127.0.0.1 | op=SEND_HEARTBEAT {"datanodeUUID":"b292b6be-9482-4c30-a3e0-c9f721931b72","term":"2","command":"[]"} | ret=SUCCESS |  
2025-10-17 11:02:41,721 | INFO  | OMAudit | user=runner | ip=127.0.0.1 | op=READ_BUCKET {"volume":"2c2d4eb5-dfa4-4867-97d6-f3c0bfb79c45","bucket":"130b2a5a-c379-4fec-a627-a991d894f2c9"} | ret=SUCCESS |  
2025-10-17 11:02:41,721 | INFO  | SCMAudit | user=runner | ip=127.0.0.1 | op=SEND_HEARTBEAT {"datanodeUUID":"2b4cc429-f9c1-416c-9a38-6239a2e149ea","term":"2","command":"[]"} | ret=SUCCESS |  
2025-10-17 11:02:41,757 | INFO  | SCMAudit | user=runner | ip=127.0.0.1 | op=SEND_HEARTBEAT {"datanodeUUID":"dbd6f242-9b73-4bca-a110-3e2ec656b979","term":"2","command":"[]"} | ret=SUCCESS |  
2025-10-17 11:02:41,760 | INFO  | SCMAudit | user=runner | ip=127.0.0.1 | op=SEND_HEARTBEAT {"datanodeUUID":"ed6e9581-5875-4278-a8db-50829892434b","term":"2","command":"[]"} | ret=SUCCESS |  
2025-10-17 11:02:41,861 | INFO  | SCMAudit | user=runner | ip=127.0.0.1 | op=SEND_HEARTBEAT {"datanodeUUID":"a5293c95-44e9-4ea9-88ca-89089eac4b59","term":"2","command":"[]"} | ret=SUCCESS |  
2025-10-17 11:02:41,939 | INFO  | SCMAudit | user=runner | ip=127.0.0.1 | op=SEND_HEARTBEAT {"datanodeUUID":"3a11eef6-a527-493c-8ba3-ae39ecaefa56","term":"2","command":"[]"} | ret=SUCCESS |  
2025-10-17 11:02:42,031 | INFO  | SCMAudit | user=runner | ip=127.0.0.1 | op=SEND_HEARTBEAT {"datanodeUUID":"309ab1ff-9f5a-4058-8b2f-94d451ce5267","term":"2","command":"[]"} | ret=SUCCESS |  
2025-10-17 11:02:42,130 [om1-KeyDeletingService#7] INFO  service.KeyDeletingService (KeyDeletingService.java:processKeyDeletes(151)) - Send 1 key(s) to SCM, first 1 keys: [PurgedKey{blockGroup=BlockGroup[groupID='/2c2d4eb5-dfa4-4867-97d6-f3c0bfb79c45/130b2a5a-c379-4fec-a627-a991d894f2c9/8985c4ce-9db3-49a4-9ed6-dd942ba56273/-9223372036854639616/0', blockIDs=[conID: 3 locID: 115816896921600163 bcsId: 0 replicaIndex: null]], volume='2c2d4eb5-dfa4-4867-97d6-f3c0bfb79c45', bucket='130b2a5a-c379-4fec-a627-a991d894f2c9', bucketId=-9223372036854640640, purgedBytes=12, isCommittedKey=true, deleteKeyName='/2c2d4eb5-dfa4-4867-97d6-f3c0bfb79c45/130b2a5a-c379-4fec-a627-a991d894f2c9/8985c4ce-9db3-49a4-9ed6-dd942ba56273/-9223372036854639616'}]
2025-10-17 11:02:42,132 | INFO  | SCMAudit | user=runner | ip=127.0.0.1 | op=DELETE_KEY_BLOCK {"KeyBlockToDelete":"[BlockGroup[groupID='/2c2d4eb5-dfa4-4867-97d6-f3c0bfb79c45/130b2a5a-c379-4fec-a627-a991d894f2c9/8985c4ce-9db3-49a4-9ed6-dd942ba56273/-9223372036854639616/0', blockIDs=[conID: 3 locID: 115816896921600163 bcsId: 0 replicaIndex: null]]]"} | ret=SUCCESS |  
2025-10-17 11:02:42,132 [om1-KeyDeletingService#7] INFO  service.KeyDeletingService (KeyDeletingService.java:processKeyDeletes(158)) - 1 BlockGroup deletion are acked by SCM in 2 ms
2025-10-17 11:02:42,134 [om1-KeyDeletingService#7] INFO  service.KeyDeletingService (KeyDeletingService.java:processKeyDeletes(166)) - Blocks for 1 (out of 1) keys are deleted from DB in 1 ms. Limit per task is 50000.
2025-10-17 11:02:42,217 | INFO  | SCMAudit | user=runner | ip=127.0.0.1 | op=SEND_HEARTBEAT {"datanodeUUID":"50dccd39-549f-4f43-8b1f-597bf98f9c16","term":"2","command":"[]"} | ret=SUCCESS |  
2025-10-17 11:02:42,235 | INFO  | SCMAudit | user=runner | ip=127.0.0.1 | op=SEND_HEARTBEAT {"datanodeUUID":"718bfa29-2c47-4ab5-ac61-3dfe9c6b9d5c","term":"2","command":"[]"} | ret=SUCCESS |  
2025-10-17 11:02:42,235 | INFO  | SCMAudit | user=runner | ip=127.0.0.1 | op=SEND_HEARTBEAT {"datanodeUUID":"99c47355-c013-4450-a734-aff6d3c99677","term":"2","command":"[]"} | ret=SUCCESS |  
2025-10-17 11:02:42,238 | INFO  | SCMAudit | user=runner | ip=127.0.0.1 | op=SEND_HEARTBEAT {"datanodeUUID":"7995ae7b-77ec-4e72-809d-814459f62ee0","term":"2","command":"[]"} | ret=SUCCESS |  
2025-10-17 11:02:42,716 | INFO  | SCMAudit | user=runner | ip=127.0.0.1 | op=SEND_HEARTBEAT {"datanodeUUID":"28c08cd4-c049-4c66-8210-e254cf68b291","term":"2","command":"[]"} | ret=SUCCESS |  
2025-10-17 11:02:42,716 | INFO  | SCMAudit | user=runner | ip=127.0.0.1 | op=SEND_HEARTBEAT {"datanodeUUID":"b1eee25a-1fdf-4744-83c7-58e0513fce3b","term":"2","command":"[]"} | ret=SUCCESS |  
2025-10-17 11:02:42,719 | INFO  | SCMAudit | user=runner | ip=127.0.0.1 | op=SEND_HEARTBEAT {"datanodeUUID":"b6f92338-e951-49df-a986-ea31ece96e9e","term":"2","command":"[]"} | ret=SUCCESS |  
2025-10-17 11:02:42,721 | INFO  | SCMAudit | user=runner | ip=127.0.0.1 | op=SEND_HEARTBEAT {"datanodeUUID":"2b4cc429-f9c1-416c-9a38-6239a2e149ea","term":"2","command":"[]"} | ret=SUCCESS |  
2025-10-17 11:02:42,721 | INFO  | SCMAudit | user=runner | ip=127.0.0.1 | op=SEND_HEARTBEAT {"datanodeUUID":"b292b6be-9482-4c30-a3e0-c9f721931b72","term":"2","command":"[]"} | ret=SUCCESS |  
2025-10-17 11:02:42,722 | INFO  | OMAudit | user=runner | ip=127.0.0.1 | op=READ_VOLUME {"volume":"2c2d4eb5-dfa4-4867-97d6-f3c0bfb79c45"} | ret=SUCCESS |  
2025-10-17 11:02:42,723 | INFO  | OMAudit | user=runner | ip=127.0.0.1 | op=READ_BUCKET {"volume":"2c2d4eb5-dfa4-4867-97d6-f3c0bfb79c45","bucket":"130b2a5a-c379-4fec-a627-a991d894f2c9"} | ret=SUCCESS |  
2025-10-17 11:02:42,724 | INFO  | OMAudit | user=runner | ip=127.0.0.1 | op=READ_BUCKET {"volume":"2c2d4eb5-dfa4-4867-97d6-f3c0bfb79c45","bucket":"130b2a5a-c379-4fec-a627-a991d894f2c9"} | ret=SUCCESS |  
2025-10-17 11:02:42,724 | INFO  | SCMAudit | user=runner | ip=127.0.0.1 | op=ALLOCATE_BLOCK {"replication":"RATIS/ONE","owner":"omServiceIdDefault","size":"4194304","sampleBlocks":"[conID: 5 locID: 115816896921600165]","num":"1","client":"","allocated":"1"} | ret=SUCCESS |  
2025-10-17 11:02:42,726 | INFO  | OMAudit | user=runner | ip=127.0.0.1 | op=ALLOCATE_KEY {"volume":"2c2d4eb5-dfa4-4867-97d6-f3c0bfb79c45","bucket":"130b2a5a-c379-4fec-a627-a991d894f2c9","key":"54c62a91-671c-4c35-82ba-c975986f87eb","dataSize":"12","replicationType":"RATIS","replicationFactor":"ONE","Transaction":"534"} | ret=SUCCESS |  
2025-10-17 11:02:42,732 | INFO  | OMAudit | user=runner | ip=127.0.0.1 | op=COMMIT_KEY {"volume":"2c2d4eb5-dfa4-4867-97d6-f3c0bfb79c45","bucket":"130b2a5a-c379-4fec-a627-a991d894f2c9","key":"54c62a91-671c-4c35-82ba-c975986f87eb","dataSize":"12","replicationType":"RATIS","replicationFactor":"ONE","Transaction":"535"} | ret=SUCCESS |  
2025-10-17 11:02:42,733 | INFO  | OMAudit | user=runner | ip=127.0.0.1 | op=READ_VOLUME {"volume":"2c2d4eb5-dfa4-4867-97d6-f3c0bfb79c45"} | ret=SUCCESS |  
2025-10-17 11:02:42,734 | INFO  | OMAudit | user=runner | ip=127.0.0.1 | op=READ_BUCKET {"volume":"2c2d4eb5-dfa4-4867-97d6-f3c0bfb79c45","bucket":"130b2a5a-c379-4fec-a627-a991d894f2c9"} | ret=SUCCESS |  
2025-10-17 11:02:42,736 | INFO  | OMAudit | user=runner | ip=127.0.0.1 | op=DELETE_KEY {"volume":"2c2d4eb5-dfa4-4867-97d6-f3c0bfb79c45","bucket":"130b2a5a-c379-4fec-a627-a991d894f2c9","key":"8985c4ce-9db3-49a4-9ed6-dd942ba56273","dataSize":"12","replicationConfig":"RATIS/ONE","Transaction":"536"} | ret=SUCCESS |  
2025-10-17 11:02:42,737 | INFO  | OMAudit | user=runner | ip=127.0.0.1 | op=READ_VOLUME {"volume":"2c2d4eb5-dfa4-4867-97d6-f3c0bfb79c45"} | ret=SUCCESS |  
2025-10-17 11:02:42,737 | INFO  | OMAudit | user=runner | ip=127.0.0.1 | op=READ_BUCKET {"volume":"2c2d4eb5-dfa4-4867-97d6-f3c0bfb79c45","bucket":"130b2a5a-c379-4fec-a627-a991d894f2c9"} | ret=SUCCESS |  
2025-10-17 11:02:42,758 | INFO  | SCMAudit | user=runner | ip=127.0.0.1 | op=SEND_HEARTBEAT {"datanodeUUID":"dbd6f242-9b73-4bca-a110-3e2ec656b979","term":"2","command":"[]"} | ret=SUCCESS |  
2025-10-17 11:02:42,761 | INFO  | SCMAudit | user=runner | ip=127.0.0.1 | op=SEND_HEARTBEAT {"datanodeUUID":"ed6e9581-5875-4278-a8db-50829892434b","term":"2","command":"[]"} | ret=SUCCESS |  
2025-10-17 11:02:42,861 | INFO  | SCMAudit | user=runner | ip=127.0.0.1 | op=SEND_HEARTBEAT {"datanodeUUID":"a5293c95-44e9-4ea9-88ca-89089eac4b59","term":"2","command":"[]"} | ret=SUCCESS |  
2025-10-17 11:02:42,940 | INFO  | SCMAudit | user=runner | ip=127.0.0.1 | op=SEND_HEARTBEAT {"datanodeUUID":"3a11eef6-a527-493c-8ba3-ae39ecaefa56","term":"2","command":"[]"} | ret=SUCCESS |  
2025-10-17 11:02:43,031 | INFO  | SCMAudit | user=runner | ip=127.0.0.1 | op=SEND_HEARTBEAT {"datanodeUUID":"309ab1ff-9f5a-4058-8b2f-94d451ce5267","term":"2","command":"[]"} | ret=SUCCESS |  
2025-10-17 11:02:43,130 [om1-KeyDeletingService#4] INFO  service.KeyDeletingService (KeyDeletingService.java:processKeyDeletes(151)) - Send 1 key(s) to SCM, first 1 keys: [PurgedKey{blockGroup=BlockGroup[groupID='/2c2d4eb5-dfa4-4867-97d6-f3c0bfb79c45/130b2a5a-c379-4fec-a627-a991d894f2c9/8985c4ce-9db3-49a4-9ed6-dd942ba56273/-9223372036854640383/0', blockIDs=[conID: 7 locID: 115816896921600164 bcsId: 0 replicaIndex: null]], volume='2c2d4eb5-dfa4-4867-97d6-f3c0bfb79c45', bucket='130b2a5a-c379-4fec-a627-a991d894f2c9', bucketId=-9223372036854640640, purgedBytes=12, isCommittedKey=true, deleteKeyName='/2c2d4eb5-dfa4-4867-97d6-f3c0bfb79c45/130b2a5a-c379-4fec-a627-a991d894f2c9/8985c4ce-9db3-49a4-9ed6-dd942ba56273/-9223372036854640383'}]
2025-10-17 11:02:43,132 | INFO  | SCMAudit | user=runner | ip=127.0.0.1 | op=DELETE_KEY_BLOCK {"KeyBlockToDelete":"[BlockGroup[groupID='/2c2d4eb5-dfa4-4867-97d6-f3c0bfb79c45/130b2a5a-c379-4fec-a627-a991d894f2c9/8985c4ce-9db3-49a4-9ed6-dd942ba56273/-9223372036854640383/0', blockIDs=[conID: 7 locID: 115816896921600164 bcsId: 0 replicaIndex: null]]]"} | ret=SUCCESS |  
2025-10-17 11:02:43,132 [om1-KeyDeletingService#4] INFO  service.KeyDeletingService (KeyDeletingService.java:processKeyDeletes(158)) - 1 BlockGroup deletion are acked by SCM in 2 ms
2025-10-17 11:02:43,134 [om1-KeyDeletingService#4] INFO  service.KeyDeletingService (KeyDeletingService.java:processKeyDeletes(166)) - Blocks for 1 (out of 1) keys are deleted from DB in 1 ms. Limit per task is 50000.
2025-10-17 11:02:43,217 | INFO  | SCMAudit | user=runner | ip=127.0.0.1 | op=SEND_HEARTBEAT {"datanodeUUID":"50dccd39-549f-4f43-8b1f-597bf98f9c16","term":"2","command":"[]"} | ret=SUCCESS |  
2025-10-17 11:02:43,235 | INFO  | SCMAudit | user=runner | ip=127.0.0.1 | op=SEND_HEARTBEAT {"datanodeUUID":"99c47355-c013-4450-a734-aff6d3c99677","term":"2","command":"[]"} | ret=SUCCESS |  
2025-10-17 11:02:43,235 | INFO  | SCMAudit | user=runner | ip=127.0.0.1 | op=SEND_HEARTBEAT {"datanodeUUID":"718bfa29-2c47-4ab5-ac61-3dfe9c6b9d5c","term":"2","command":"[]"} | ret=SUCCESS |  
2025-10-17 11:02:43,238 | INFO  | SCMAudit | user=runner | ip=127.0.0.1 | op=SEND_HEARTBEAT {"datanodeUUID":"7995ae7b-77ec-4e72-809d-814459f62ee0","term":"2","command":"[]"} | ret=SUCCESS |  
2025-10-17 11:02:43,716 | INFO  | SCMAudit | user=runner | ip=127.0.0.1 | op=SEND_HEARTBEAT {"datanodeUUID":"28c08cd4-c049-4c66-8210-e254cf68b291","term":"2","command":"[]"} | ret=SUCCESS |  
2025-10-17 11:02:43,716 | INFO  | SCMAudit | user=runner | ip=127.0.0.1 | op=SEND_HEARTBEAT {"datanodeUUID":"b1eee25a-1fdf-4744-83c7-58e0513fce3b","term":"2","command":"[]"} | ret=SUCCESS |  
2025-10-17 11:02:43,719 | INFO  | SCMAudit | user=runner | ip=127.0.0.1 | op=SEND_HEARTBEAT {"datanodeUUID":"b6f92338-e951-49df-a986-ea31ece96e9e","term":"2","command":"[]"} | ret=SUCCESS |  
2025-10-17 11:02:43,721 | INFO  | SCMAudit | user=runner | ip=127.0.0.1 | op=SEND_HEARTBEAT {"datanodeUUID":"2b4cc429-f9c1-416c-9a38-6239a2e149ea","term":"2","command":"[]"} | ret=SUCCESS |  
2025-10-17 11:02:43,722 | INFO  | SCMAudit | user=runner | ip=127.0.0.1 | op=SEND_HEARTBEAT {"datanodeUUID":"b292b6be-9482-4c30-a3e0-c9f721931b72","term":"2","command":"[]"} | ret=SUCCESS |  
2025-10-17 11:02:43,739 | INFO  | OMAudit | user=runner | ip=127.0.0.1 | op=READ_VOLUME {"volume":"2c2d4eb5-dfa4-4867-97d6-f3c0bfb79c45"} | ret=SUCCESS |  
2025-10-17 11:02:43,739 | INFO  | OMAudit | user=runner | ip=127.0.0.1 | op=READ_BUCKET {"volume":"2c2d4eb5-dfa4-4867-97d6-f3c0bfb79c45","bucket":"130b2a5a-c379-4fec-a627-a991d894f2c9"} | ret=SUCCESS |  
2025-10-17 11:02:43,742 | INFO  | OMAudit | user=runner | ip=127.0.0.1 | op=DELETE_KEY {"volume":"2c2d4eb5-dfa4-4867-97d6-f3c0bfb79c45","bucket":"130b2a5a-c379-4fec-a627-a991d894f2c9","key":"54c62a91-671c-4c35-82ba-c975986f87eb","dataSize":"12","replicationConfig":"RATIS/ONE","Transaction":"538"} | ret=SUCCESS |  
2025-10-17 11:02:43,743 | INFO  | OMAudit | user=runner | ip=127.0.0.1 | op=READ_VOLUME {"volume":"2c2d4eb5-dfa4-4867-97d6-f3c0bfb79c45"} | ret=SUCCESS |  
2025-10-17 11:02:43,744 | INFO  | OMAudit | user=runner | ip=127.0.0.1 | op=READ_BUCKET {"volume":"2c2d4eb5-dfa4-4867-97d6-f3c0bfb79c45","bucket":"130b2a5a-c379-4fec-a627-a991d894f2c9"} | ret=SUCCESS |  
2025-10-17 11:02:43,757 | INFO  | SCMAudit | user=runner | ip=127.0.0.1 | op=SEND_HEARTBEAT {"datanodeUUID":"dbd6f242-9b73-4bca-a110-3e2ec656b979","term":"2","command":"[]"} | ret=SUCCESS |  
2025-10-17 11:02:43,761 | INFO  | SCMAudit | user=runner | ip=127.0.0.1 | op=SEND_HEARTBEAT {"datanodeUUID":"ed6e9581-5875-4278-a8db-50829892434b","term":"2","command":"[]"} | ret=SUCCESS |  
2025-10-17 11:02:43,861 | INFO  | SCMAudit | user=runner | ip=127.0.0.1 | op=SEND_HEARTBEAT {"datanodeUUID":"a5293c95-44e9-4ea9-88ca-89089eac4b59","term":"2","command":"[]"} | ret=SUCCESS |  
2025-10-17 11:02:43,940 | INFO  | SCMAudit | user=runner | ip=127.0.0.1 | op=SEND_HEARTBEAT {"datanodeUUID":"3a11eef6-a527-493c-8ba3-ae39ecaefa56","term":"2","command":"[]"} | ret=SUCCESS |  
2025-10-17 11:02:44,031 | INFO  | SCMAudit | user=runner | ip=127.0.0.1 | op=SEND_HEARTBEAT {"datanodeUUID":"309ab1ff-9f5a-4058-8b2f-94d451ce5267","term":"2","command":"[]"} | ret=SUCCESS |  
2025-10-17 11:02:44,130 [om1-KeyDeletingService#3] INFO  service.KeyDeletingService (KeyDeletingService.java:processKeyDeletes(151)) - Send 1 key(s) to SCM, first 1 keys: [PurgedKey{blockGroup=BlockGroup[groupID='/2c2d4eb5-dfa4-4867-97d6-f3c0bfb79c45/130b2a5a-c379-4fec-a627-a991d894f2c9/54c62a91-671c-4c35-82ba-c975986f87eb/-9223372036854639103/0', blockIDs=[conID: 5 locID: 115816896921600165 bcsId: 0 replicaIndex: null]], volume='2c2d4eb5-dfa4-4867-97d6-f3c0bfb79c45', bucket='130b2a5a-c379-4fec-a627-a991d894f2c9', bucketId=-9223372036854640640, purgedBytes=12, isCommittedKey=true, deleteKeyName='/2c2d4eb5-dfa4-4867-97d6-f3c0bfb79c45/130b2a5a-c379-4fec-a627-a991d894f2c9/54c62a91-671c-4c35-82ba-c975986f87eb/-9223372036854639103'}]
2025-10-17 11:02:44,132 | INFO  | SCMAudit | user=runner | ip=127.0.0.1 | op=DELETE_KEY_BLOCK {"KeyBlockToDelete":"[BlockGroup[groupID='/2c2d4eb5-dfa4-4867-97d6-f3c0bfb79c45/130b2a5a-c379-4fec-a627-a991d894f2c9/54c62a91-671c-4c35-82ba-c975986f87eb/-9223372036854639103/0', blockIDs=[conID: 5 locID: 115816896921600165 bcsId: 0 replicaIndex: null]]]"} | ret=SUCCESS |  
2025-10-17 11:02:44,133 [om1-KeyDeletingService#3] INFO  service.KeyDeletingService (KeyDeletingService.java:processKeyDeletes(158)) - 1 BlockGroup deletion are acked by SCM in 2 ms
2025-10-17 11:02:44,134 [om1-KeyDeletingService#3] INFO  service.KeyDeletingService (KeyDeletingService.java:processKeyDeletes(166)) - Blocks for 1 (out of 1) keys are deleted from DB in 2 ms. Limit per task is 50000.
2025-10-17 11:02:44,217 | INFO  | SCMAudit | user=runner | ip=127.0.0.1 | op=SEND_HEARTBEAT {"datanodeUUID":"50dccd39-549f-4f43-8b1f-597bf98f9c16","term":"2","command":"[]"} | ret=SUCCESS |  
2025-10-17 11:02:44,235 | INFO  | SCMAudit | user=runner | ip=127.0.0.1 | op=SEND_HEARTBEAT {"datanodeUUID":"99c47355-c013-4450-a734-aff6d3c99677","term":"2","command":"[]"} | ret=SUCCESS |  
2025-10-17 11:02:44,235 | INFO  | SCMAudit | user=runner | ip=127.0.0.1 | op=SEND_HEARTBEAT {"datanodeUUID":"718bfa29-2c47-4ab5-ac61-3dfe9c6b9d5c","term":"2","command":"[]"} | ret=SUCCESS |  
2025-10-17 11:02:44,237 | INFO  | SCMAudit | user=runner | ip=127.0.0.1 | op=SEND_HEARTBEAT {"datanodeUUID":"7995ae7b-77ec-4e72-809d-814459f62ee0","term":"2","command":"[]"} | ret=SUCCESS |  
2025-10-17 11:02:44,716 | INFO  | SCMAudit | user=runner | ip=127.0.0.1 | op=SEND_HEARTBEAT {"datanodeUUID":"28c08cd4-c049-4c66-8210-e254cf68b291","term":"2","command":"[]"} | ret=SUCCESS |  
2025-10-17 11:02:44,716 | INFO  | SCMAudit | user=runner | ip=127.0.0.1 | op=SEND_HEARTBEAT {"datanodeUUID":"b1eee25a-1fdf-4744-83c7-58e0513fce3b","term":"2","command":"[]"} | ret=SUCCESS |  
2025-10-17 11:02:44,719 | INFO  | SCMAudit | user=runner | ip=127.0.0.1 | op=SEND_HEARTBEAT {"datanodeUUID":"b6f92338-e951-49df-a986-ea31ece96e9e","term":"2","command":"[]"} | ret=SUCCESS |  
2025-10-17 11:02:44,721 | INFO  | SCMAudit | user=runner | ip=127.0.0.1 | op=SEND_HEARTBEAT {"datanodeUUID":"2b4cc429-f9c1-416c-9a38-6239a2e149ea","term":"2","command":"[]"} | ret=SUCCESS |  
2025-10-17 11:02:44,722 | INFO  | SCMAudit | user=runner | ip=127.0.0.1 | op=SEND_HEARTBEAT {"datanodeUUID":"b292b6be-9482-4c30-a3e0-c9f721931b72","term":"2","command":"[]"} | ret=SUCCESS |  
2025-10-17 11:02:44,745 | INFO  | OMAudit | user=runner | ip=127.0.0.1 | op=READ_VOLUME {"volume":"2c2d4eb5-dfa4-4867-97d6-f3c0bfb79c45"} | ret=SUCCESS |  
2025-10-17 11:02:44,746 | INFO  | OMAudit | user=runner | ip=127.0.0.1 | op=READ_BUCKET {"volume":"2c2d4eb5-dfa4-4867-97d6-f3c0bfb79c45","bucket":"130b2a5a-c379-4fec-a627-a991d894f2c9"} | ret=SUCCESS |  
2025-10-17 11:02:44,748 | INFO  | OMAudit | user=runner | ip=127.0.0.1 | op=GET_SERVICE_LIST {} | ret=SUCCESS |  
2025-10-17 11:02:44,753 | INFO  | OMAudit | user=runner | ip=127.0.0.1 | op=CREATE_DIRECTORY {"volume":"2c2d4eb5-dfa4-4867-97d6-f3c0bfb79c45","bucket":"130b2a5a-c379-4fec-a627-a991d894f2c9","key":"a920f261-c56d-4aa3-8058-1f0b19daa150","dataSize":"0","Transaction":"540"} | ret=SUCCESS |  
2025-10-17 11:02:44,754 | INFO  | OMAudit | user=runner | ip=127.0.0.1 | op=READ_VOLUME {"volume":"2c2d4eb5-dfa4-4867-97d6-f3c0bfb79c45"} | ret=SUCCESS |  
2025-10-17 11:02:44,755 | INFO  | OMAudit | user=runner | ip=127.0.0.1 | op=READ_BUCKET {"volume":"2c2d4eb5-dfa4-4867-97d6-f3c0bfb79c45","bucket":"130b2a5a-c379-4fec-a627-a991d894f2c9"} | ret=SUCCESS |  
2025-10-17 11:02:44,757 | INFO  | SCMAudit | user=runner | ip=127.0.0.1 | op=SEND_HEARTBEAT {"datanodeUUID":"dbd6f242-9b73-4bca-a110-3e2ec656b979","term":"2","command":"[]"} | ret=SUCCESS |  
2025-10-17 11:02:44,757 | INFO  | OMAudit | user=runner | ip=127.0.0.1 | op=CREATE_DIRECTORY {"volume":"2c2d4eb5-dfa4-4867-97d6-f3c0bfb79c45","bucket":"130b2a5a-c379-4fec-a627-a991d894f2c9","key":"acc825e3-8b92-4f1d-8fc5-e1e0ed006d0d","dataSize":"0","Transaction":"541"} | ret=SUCCESS |  
2025-10-17 11:02:44,758 | INFO  | OMAudit | user=runner | ip=127.0.0.1 | op=READ_VOLUME {"volume":"2c2d4eb5-dfa4-4867-97d6-f3c0bfb79c45"} | ret=SUCCESS |  
2025-10-17 11:02:44,759 | INFO  | OMAudit | user=runner | ip=127.0.0.1 | op=READ_BUCKET {"volume":"2c2d4eb5-dfa4-4867-97d6-f3c0bfb79c45","bucket":"130b2a5a-c379-4fec-a627-a991d894f2c9"} | ret=SUCCESS |  
2025-10-17 11:02:44,760 | INFO  | SCMAudit | user=runner | ip=127.0.0.1 | op=SEND_HEARTBEAT {"datanodeUUID":"ed6e9581-5875-4278-a8db-50829892434b","term":"2","command":"[]"} | ret=SUCCESS |  
2025-10-17 11:02:44,763 | INFO  | OMAudit | user=runner | ip=127.0.0.1 | op=DELETE_KEY {"volume":"2c2d4eb5-dfa4-4867-97d6-f3c0bfb79c45","bucket":"130b2a5a-c379-4fec-a627-a991d894f2c9","key":"a920f261-c56d-4aa3-8058-1f0b19daa150","Transaction":"542"} | ret=SUCCESS |  
2025-10-17 11:02:44,764 | INFO  | OMAudit | user=runner | ip=127.0.0.1 | op=READ_VOLUME {"volume":"2c2d4eb5-dfa4-4867-97d6-f3c0bfb79c45"} | ret=SUCCESS |  
2025-10-17 11:02:44,765 | INFO  | OMAudit | user=runner | ip=127.0.0.1 | op=READ_BUCKET {"volume":"2c2d4eb5-dfa4-4867-97d6-f3c0bfb79c45","bucket":"130b2a5a-c379-4fec-a627-a991d894f2c9"} | ret=SUCCESS |  
2025-10-17 11:02:44,767 | INFO  | OMAudit | user=runner | ip=127.0.0.1 | op=DELETE_KEY {"volume":"2c2d4eb5-dfa4-4867-97d6-f3c0bfb79c45","bucket":"130b2a5a-c379-4fec-a627-a991d894f2c9","key":"acc825e3-8b92-4f1d-8fc5-e1e0ed006d0d","Transaction":"543"} | ret=SUCCESS |  
2025-10-17 11:02:44,768 | INFO  | OMAudit | user=runner | ip=127.0.0.1 | op=READ_VOLUME {"volume":"2c2d4eb5-dfa4-4867-97d6-f3c0bfb79c45"} | ret=SUCCESS |  
2025-10-17 11:02:44,769 | INFO  | OMAudit | user=runner | ip=127.0.0.1 | op=READ_BUCKET {"volume":"2c2d4eb5-dfa4-4867-97d6-f3c0bfb79c45","bucket":"130b2a5a-c379-4fec-a627-a991d894f2c9"} | ret=SUCCESS |  
2025-10-17 11:02:44,771 | INFO  | OMAudit | user=runner | ip=127.0.0.1 | op=CREATE_DIRECTORY {"volume":"2c2d4eb5-dfa4-4867-97d6-f3c0bfb79c45","bucket":"130b2a5a-c379-4fec-a627-a991d894f2c9","key":"dir1/dir2/dir3/dir4","dataSize":"0","Transaction":"544"} | ret=SUCCESS |  
2025-10-17 11:02:44,772 | INFO  | OMAudit | user=runner | ip=127.0.0.1 | op=READ_VOLUME {"volume":"2c2d4eb5-dfa4-4867-97d6-f3c0bfb79c45"} | ret=SUCCESS |  
2025-10-17 11:02:44,772 | INFO  | OMAudit | user=runner | ip=127.0.0.1 | op=READ_BUCKET {"volume":"2c2d4eb5-dfa4-4867-97d6-f3c0bfb79c45","bucket":"130b2a5a-c379-4fec-a627-a991d894f2c9"} | ret=SUCCESS |  
]]></system-out>
  </testcase>
  <testcase name="testBucketUsedNamespace(BucketLayout, boolean)[6]" classname="org.apache.hadoop.ozone.client.rpc.TestSecureOzoneRpcClient" time="3.081">
    <system-out><![CDATA[2025-10-17 11:02:44,775 [ForkJoinPool-1-worker-1] INFO  rpc.RpcClient (RpcClient.java:createVolume(461)) - Creating Volume: 5fc51188-0e4c-434a-945f-a8d141e53645, with runner as owner and space quota set to -1 bytes, counts quota set to -1
2025-10-17 11:02:44,777 [om1-OMStateMachineApplyTransactionThread - 0] INFO  volume.OMVolumeCreateRequest (OMVolumeCreateRequest.java:validateAndUpdateCache(213)) - created volume:5fc51188-0e4c-434a-945f-a8d141e53645 for user:runner
2025-10-17 11:02:44,777 | INFO  | OMAudit | user=runner | ip=127.0.0.1 | op=CREATE_VOLUME {"admin":"runner","owner":"runner","volume":"5fc51188-0e4c-434a-945f-a8d141e53645","creationTime":"1760698964776","modificationTime":"1760698964776","quotaInBytes":"-1","quotaInNamespace":"-1","usedNamespace":"0","objectID":"-9223372036854636288","updateID":"545","Transaction":"545"} | ret=SUCCESS |  
2025-10-17 11:02:44,777 | INFO  | OMAudit | user=runner | ip=127.0.0.1 | op=READ_VOLUME {"volume":"5fc51188-0e4c-434a-945f-a8d141e53645"} | ret=SUCCESS |  
2025-10-17 11:02:44,778 [ForkJoinPool-1-worker-1] INFO  rpc.RpcClient (RpcClient.java:createBucket(686)) - Creating Bucket: 5fc51188-0e4c-434a-945f-a8d141e53645/2bab6a8e-ff4f-4cca-a3a9-ab016affde53, with bucket layout FILE_SYSTEM_OPTIMIZED, runner as owner, Versioning false, Storage Type set to DISK and Encryption set to false, Replication Type set to server-side default replication type, Namespace Quota set to -1, Space Quota set to -1 
2025-10-17 11:02:44,779 [om1-OMStateMachineApplyTransactionThread - 0] INFO  bucket.OMBucketCreateRequest (OMBucketCreateRequest.java:validateAndUpdateCache(303)) - created bucket: 2bab6a8e-ff4f-4cca-a3a9-ab016affde53 of layout FILE_SYSTEM_OPTIMIZED in volume: 5fc51188-0e4c-434a-945f-a8d141e53645
2025-10-17 11:02:44,779 | INFO  | OMAudit | user=runner | ip=127.0.0.1 | op=CREATE_BUCKET {"volume":"5fc51188-0e4c-434a-945f-a8d141e53645","bucket":"2bab6a8e-ff4f-4cca-a3a9-ab016affde53","bucketLayout":"FILE_SYSTEM_OPTIMIZED","gdprEnabled":null,"acls":"[user:runner:a[ACCESS], group:runner:rl[ACCESS]]","isVersionEnabled":"false","storageType":"DISK","creationTime":"1760698964779","bucketEncryptionKey":null,"modificationTime":"1760698964779","usedBytes":"0","usedNamespace":"0","snapshotUsedBytes":"0","snapshotUsedNamespace":"0","owner":"runner","replicationType":null,"replicationConfig":null,"quotaInBytes":"-1","quotaInNamespace":"-1","Transaction":"546"} | ret=SUCCESS |  
2025-10-17 11:02:44,780 | INFO  | OMAudit | user=runner | ip=127.0.0.1 | op=READ_BUCKET {"volume":"5fc51188-0e4c-434a-945f-a8d141e53645","bucket":"2bab6a8e-ff4f-4cca-a3a9-ab016affde53"} | ret=SUCCESS |  
2025-10-17 11:02:44,781 | INFO  | OMAudit | user=runner | ip=127.0.0.1 | op=READ_BUCKET {"volume":"5fc51188-0e4c-434a-945f-a8d141e53645","bucket":"2bab6a8e-ff4f-4cca-a3a9-ab016affde53"} | ret=SUCCESS |  
2025-10-17 11:02:44,782 | INFO  | SCMAudit | user=runner | ip=127.0.0.1 | op=ALLOCATE_BLOCK {"replication":"RATIS/ONE","owner":"omServiceIdDefault","size":"4194304","sampleBlocks":"[conID: 13 locID: 115816896921600166]","num":"1","client":"","allocated":"1"} | ret=SUCCESS |  
2025-10-17 11:02:44,784 | INFO  | OMAudit | user=runner | ip=127.0.0.1 | op=ALLOCATE_KEY {"volume":"5fc51188-0e4c-434a-945f-a8d141e53645","bucket":"2bab6a8e-ff4f-4cca-a3a9-ab016affde53","key":"b870f958-05ce-4d3d-aad3-feffad693869","dataSize":"12","replicationType":"RATIS","replicationFactor":"ONE","Transaction":"547"} | ret=SUCCESS |  
2025-10-17 11:02:44,789 | INFO  | OMAudit | user=runner | ip=127.0.0.1 | op=COMMIT_KEY {"volume":"5fc51188-0e4c-434a-945f-a8d141e53645","bucket":"2bab6a8e-ff4f-4cca-a3a9-ab016affde53","key":"b870f958-05ce-4d3d-aad3-feffad693869","dataSize":"12","replicationType":"RATIS","replicationFactor":"ONE","Transaction":"548"} | ret=SUCCESS |  
2025-10-17 11:02:44,790 | INFO  | OMAudit | user=runner | ip=127.0.0.1 | op=READ_VOLUME {"volume":"5fc51188-0e4c-434a-945f-a8d141e53645"} | ret=SUCCESS |  
2025-10-17 11:02:44,791 | INFO  | OMAudit | user=runner | ip=127.0.0.1 | op=READ_BUCKET {"volume":"5fc51188-0e4c-434a-945f-a8d141e53645","bucket":"2bab6a8e-ff4f-4cca-a3a9-ab016affde53"} | ret=SUCCESS |  
2025-10-17 11:02:44,792 | INFO  | OMAudit | user=runner | ip=127.0.0.1 | op=READ_BUCKET {"volume":"5fc51188-0e4c-434a-945f-a8d141e53645","bucket":"2bab6a8e-ff4f-4cca-a3a9-ab016affde53"} | ret=SUCCESS |  
2025-10-17 11:02:44,792 | INFO  | SCMAudit | user=runner | ip=127.0.0.1 | op=ALLOCATE_BLOCK {"replication":"RATIS/ONE","owner":"omServiceIdDefault","size":"4194304","sampleBlocks":"[conID: 11 locID: 115816896921600167]","num":"1","client":"","allocated":"1"} | ret=SUCCESS |  
2025-10-17 11:02:44,794 | INFO  | OMAudit | user=runner | ip=127.0.0.1 | op=ALLOCATE_KEY {"volume":"5fc51188-0e4c-434a-945f-a8d141e53645","bucket":"2bab6a8e-ff4f-4cca-a3a9-ab016affde53","key":"b870f958-05ce-4d3d-aad3-feffad693869","dataSize":"12","replicationType":"RATIS","replicationFactor":"ONE","Transaction":"549"} | ret=SUCCESS |  
2025-10-17 11:02:44,805 | INFO  | OMAudit | user=runner | ip=127.0.0.1 | op=COMMIT_KEY {"volume":"5fc51188-0e4c-434a-945f-a8d141e53645","bucket":"2bab6a8e-ff4f-4cca-a3a9-ab016affde53","key":"b870f958-05ce-4d3d-aad3-feffad693869","dataSize":"12","replicationType":"RATIS","replicationFactor":"ONE","Transaction":"550"} | ret=SUCCESS |  
2025-10-17 11:02:44,806 | INFO  | OMAudit | user=runner | ip=127.0.0.1 | op=READ_VOLUME {"volume":"5fc51188-0e4c-434a-945f-a8d141e53645"} | ret=SUCCESS |  
2025-10-17 11:02:44,806 | INFO  | OMAudit | user=runner | ip=127.0.0.1 | op=READ_BUCKET {"volume":"5fc51188-0e4c-434a-945f-a8d141e53645","bucket":"2bab6a8e-ff4f-4cca-a3a9-ab016affde53"} | ret=SUCCESS |  
2025-10-17 11:02:44,861 | INFO  | SCMAudit | user=runner | ip=127.0.0.1 | op=SEND_HEARTBEAT {"datanodeUUID":"a5293c95-44e9-4ea9-88ca-89089eac4b59","term":"2","command":"[]"} | ret=SUCCESS |  
2025-10-17 11:02:44,939 | INFO  | SCMAudit | user=runner | ip=127.0.0.1 | op=SEND_HEARTBEAT {"datanodeUUID":"3a11eef6-a527-493c-8ba3-ae39ecaefa56","term":"2","command":"[]"} | ret=SUCCESS |  
2025-10-17 11:02:45,032 | INFO  | SCMAudit | user=runner | ip=127.0.0.1 | op=SEND_HEARTBEAT {"datanodeUUID":"309ab1ff-9f5a-4058-8b2f-94d451ce5267","term":"2","command":"[]"} | ret=SUCCESS |  
2025-10-17 11:02:45,131 [om1-KeyDeletingService#2] INFO  service.KeyDeletingService (KeyDeletingService.java:processKeyDeletes(151)) - Send 1 key(s) to SCM, first 1 keys: [PurgedKey{blockGroup=BlockGroup[groupID='/5fc51188-0e4c-434a-945f-a8d141e53645/2bab6a8e-ff4f-4cca-a3a9-ab016affde53/b870f958-05ce-4d3d-aad3-feffad693869/-9223372036854635008/0', blockIDs=[conID: 13 locID: 115816896921600166 bcsId: 0 replicaIndex: null]], volume='5fc51188-0e4c-434a-945f-a8d141e53645', bucket='2bab6a8e-ff4f-4cca-a3a9-ab016affde53', bucketId=-9223372036854636032, purgedBytes=12, isCommittedKey=true, deleteKeyName='/5fc51188-0e4c-434a-945f-a8d141e53645/2bab6a8e-ff4f-4cca-a3a9-ab016affde53/b870f958-05ce-4d3d-aad3-feffad693869/-9223372036854635008'}]
2025-10-17 11:02:45,133 | INFO  | SCMAudit | user=runner | ip=127.0.0.1 | op=DELETE_KEY_BLOCK {"KeyBlockToDelete":"[BlockGroup[groupID='/5fc51188-0e4c-434a-945f-a8d141e53645/2bab6a8e-ff4f-4cca-a3a9-ab016affde53/b870f958-05ce-4d3d-aad3-feffad693869/-9223372036854635008/0', blockIDs=[conID: 13 locID: 115816896921600166 bcsId: 0 replicaIndex: null]]]"} | ret=SUCCESS |  
2025-10-17 11:02:45,133 [om1-KeyDeletingService#2] INFO  service.KeyDeletingService (KeyDeletingService.java:processKeyDeletes(158)) - 1 BlockGroup deletion are acked by SCM in 2 ms
2025-10-17 11:02:45,135 [om1-KeyDeletingService#2] INFO  service.KeyDeletingService (KeyDeletingService.java:processKeyDeletes(166)) - Blocks for 1 (out of 1) keys are deleted from DB in 2 ms. Limit per task is 50000.
2025-10-17 11:02:45,165 [om1-OMStateMachineApplyTransactionThread - 0] INFO  audit.AuditLogger (AuditLogger.java:refreshDebugCmdSet(133)) - Refresh DebugCmdSet for OMSystemAudit to [].
2025-10-17 11:02:45,167 [pool-66-thread-12] INFO  service.DirectoryDeletingService (DirectoryDeletingService.java:optimizeDirDeletesAndSubmitRequest(313)) - Number of dirs deleted: 2, Number of sub-dir deleted: 0, Number of sub-files moved: 0 to DeletedTable, Number of sub-dirs moved 0 to DeletedDirectoryTable, iteration elapsed: 33ms,  totalRunCount: 88
2025-10-17 11:02:45,218 | INFO  | SCMAudit | user=runner | ip=127.0.0.1 | op=SEND_HEARTBEAT {"datanodeUUID":"50dccd39-549f-4f43-8b1f-597bf98f9c16","term":"2","command":"[]"} | ret=SUCCESS |  
2025-10-17 11:02:45,235 | INFO  | SCMAudit | user=runner | ip=127.0.0.1 | op=SEND_HEARTBEAT {"datanodeUUID":"718bfa29-2c47-4ab5-ac61-3dfe9c6b9d5c","term":"2","command":"[]"} | ret=SUCCESS |  
2025-10-17 11:02:45,235 | INFO  | SCMAudit | user=runner | ip=127.0.0.1 | op=SEND_HEARTBEAT {"datanodeUUID":"99c47355-c013-4450-a734-aff6d3c99677","term":"2","command":"[]"} | ret=SUCCESS |  
2025-10-17 11:02:45,238 | INFO  | SCMAudit | user=runner | ip=127.0.0.1 | op=SEND_HEARTBEAT {"datanodeUUID":"7995ae7b-77ec-4e72-809d-814459f62ee0","term":"2","command":"[]"} | ret=SUCCESS |  
2025-10-17 11:02:45,716 | INFO  | SCMAudit | user=runner | ip=127.0.0.1 | op=SEND_HEARTBEAT {"datanodeUUID":"28c08cd4-c049-4c66-8210-e254cf68b291","term":"2","command":"[]"} | ret=SUCCESS |  
2025-10-17 11:02:45,716 | INFO  | SCMAudit | user=runner | ip=127.0.0.1 | op=SEND_HEARTBEAT {"datanodeUUID":"b1eee25a-1fdf-4744-83c7-58e0513fce3b","term":"2","command":"[]"} | ret=SUCCESS |  
2025-10-17 11:02:45,719 | INFO  | SCMAudit | user=runner | ip=127.0.0.1 | op=SEND_HEARTBEAT {"datanodeUUID":"b6f92338-e951-49df-a986-ea31ece96e9e","term":"2","command":"[]"} | ret=SUCCESS |  
2025-10-17 11:02:45,720 | INFO  | SCMAudit | user=runner | ip=127.0.0.1 | op=SEND_HEARTBEAT {"datanodeUUID":"2b4cc429-f9c1-416c-9a38-6239a2e149ea","term":"2","command":"[]"} | ret=SUCCESS |  
2025-10-17 11:02:45,722 | INFO  | SCMAudit | user=runner | ip=127.0.0.1 | op=SEND_HEARTBEAT {"datanodeUUID":"b292b6be-9482-4c30-a3e0-c9f721931b72","term":"2","command":"[]"} | ret=SUCCESS |  
2025-10-17 11:02:45,757 | INFO  | SCMAudit | user=runner | ip=127.0.0.1 | op=SEND_HEARTBEAT {"datanodeUUID":"dbd6f242-9b73-4bca-a110-3e2ec656b979","term":"2","command":"[]"} | ret=SUCCESS |  
2025-10-17 11:02:45,761 | INFO  | SCMAudit | user=runner | ip=127.0.0.1 | op=SEND_HEARTBEAT {"datanodeUUID":"ed6e9581-5875-4278-a8db-50829892434b","term":"2","command":"[]"} | ret=SUCCESS |  
2025-10-17 11:02:45,807 | INFO  | OMAudit | user=runner | ip=127.0.0.1 | op=READ_VOLUME {"volume":"5fc51188-0e4c-434a-945f-a8d141e53645"} | ret=SUCCESS |  
2025-10-17 11:02:45,808 | INFO  | OMAudit | user=runner | ip=127.0.0.1 | op=READ_BUCKET {"volume":"5fc51188-0e4c-434a-945f-a8d141e53645","bucket":"2bab6a8e-ff4f-4cca-a3a9-ab016affde53"} | ret=SUCCESS |  
2025-10-17 11:02:45,810 | INFO  | OMAudit | user=runner | ip=127.0.0.1 | op=READ_BUCKET {"volume":"5fc51188-0e4c-434a-945f-a8d141e53645","bucket":"2bab6a8e-ff4f-4cca-a3a9-ab016affde53"} | ret=SUCCESS |  
2025-10-17 11:02:45,810 | INFO  | SCMAudit | user=runner | ip=127.0.0.1 | op=ALLOCATE_BLOCK {"replication":"RATIS/ONE","owner":"omServiceIdDefault","size":"4194304","sampleBlocks":"[conID: 10 locID: 115816896921600168]","num":"1","client":"","allocated":"1"} | ret=SUCCESS |  
2025-10-17 11:02:45,812 | INFO  | OMAudit | user=runner | ip=127.0.0.1 | op=ALLOCATE_KEY {"volume":"5fc51188-0e4c-434a-945f-a8d141e53645","bucket":"2bab6a8e-ff4f-4cca-a3a9-ab016affde53","key":"d64b0857-98e3-4c44-9e2c-a6c5bc0533ef","dataSize":"12","replicationType":"RATIS","replicationFactor":"ONE","Transaction":"553"} | ret=SUCCESS |  
2025-10-17 11:02:45,818 | INFO  | OMAudit | user=runner | ip=127.0.0.1 | op=COMMIT_KEY {"volume":"5fc51188-0e4c-434a-945f-a8d141e53645","bucket":"2bab6a8e-ff4f-4cca-a3a9-ab016affde53","key":"d64b0857-98e3-4c44-9e2c-a6c5bc0533ef","dataSize":"12","replicationType":"RATIS","replicationFactor":"ONE","Transaction":"554"} | ret=SUCCESS |  
2025-10-17 11:02:45,819 | INFO  | OMAudit | user=runner | ip=127.0.0.1 | op=READ_VOLUME {"volume":"5fc51188-0e4c-434a-945f-a8d141e53645"} | ret=SUCCESS |  
2025-10-17 11:02:45,819 | INFO  | OMAudit | user=runner | ip=127.0.0.1 | op=READ_BUCKET {"volume":"5fc51188-0e4c-434a-945f-a8d141e53645","bucket":"2bab6a8e-ff4f-4cca-a3a9-ab016affde53"} | ret=SUCCESS |  
2025-10-17 11:02:45,822 | INFO  | OMAudit | user=runner | ip=127.0.0.1 | op=DELETE_KEY {"volume":"5fc51188-0e4c-434a-945f-a8d141e53645","bucket":"2bab6a8e-ff4f-4cca-a3a9-ab016affde53","key":"b870f958-05ce-4d3d-aad3-feffad693869","dataSize":"12","replicationConfig":"RATIS/ONE","Transaction":"555"} | ret=SUCCESS |  
2025-10-17 11:02:45,823 | INFO  | OMAudit | user=runner | ip=127.0.0.1 | op=READ_VOLUME {"volume":"5fc51188-0e4c-434a-945f-a8d141e53645"} | ret=SUCCESS |  
2025-10-17 11:02:45,823 | INFO  | OMAudit | user=runner | ip=127.0.0.1 | op=READ_BUCKET {"volume":"5fc51188-0e4c-434a-945f-a8d141e53645","bucket":"2bab6a8e-ff4f-4cca-a3a9-ab016affde53"} | ret=SUCCESS |  
2025-10-17 11:02:45,861 | INFO  | SCMAudit | user=runner | ip=127.0.0.1 | op=SEND_HEARTBEAT {"datanodeUUID":"a5293c95-44e9-4ea9-88ca-89089eac4b59","term":"2","command":"[]"} | ret=SUCCESS |  
2025-10-17 11:02:45,940 | INFO  | SCMAudit | user=runner | ip=127.0.0.1 | op=SEND_HEARTBEAT {"datanodeUUID":"3a11eef6-a527-493c-8ba3-ae39ecaefa56","term":"2","command":"[]"} | ret=SUCCESS |  
2025-10-17 11:02:46,032 | INFO  | SCMAudit | user=runner | ip=127.0.0.1 | op=SEND_HEARTBEAT {"datanodeUUID":"309ab1ff-9f5a-4058-8b2f-94d451ce5267","term":"2","command":"[]"} | ret=SUCCESS |  
2025-10-17 11:02:46,131 [om1-KeyDeletingService#8] INFO  service.KeyDeletingService (KeyDeletingService.java:processKeyDeletes(151)) - Send 1 key(s) to SCM, first 1 keys: [PurgedKey{blockGroup=BlockGroup[groupID='/5fc51188-0e4c-434a-945f-a8d141e53645/2bab6a8e-ff4f-4cca-a3a9-ab016affde53/b870f958-05ce-4d3d-aad3-feffad693869/-9223372036854635775/0', blockIDs=[conID: 11 locID: 115816896921600167 bcsId: 0 replicaIndex: null]], volume='5fc51188-0e4c-434a-945f-a8d141e53645', bucket='2bab6a8e-ff4f-4cca-a3a9-ab016affde53', bucketId=-9223372036854636032, purgedBytes=12, isCommittedKey=true, deleteKeyName='/5fc51188-0e4c-434a-945f-a8d141e53645/2bab6a8e-ff4f-4cca-a3a9-ab016affde53/b870f958-05ce-4d3d-aad3-feffad693869/-9223372036854635775'}]
2025-10-17 11:02:46,133 | INFO  | SCMAudit | user=runner | ip=127.0.0.1 | op=DELETE_KEY_BLOCK {"KeyBlockToDelete":"[BlockGroup[groupID='/5fc51188-0e4c-434a-945f-a8d141e53645/2bab6a8e-ff4f-4cca-a3a9-ab016affde53/b870f958-05ce-4d3d-aad3-feffad693869/-9223372036854635775/0', blockIDs=[conID: 11 locID: 115816896921600167 bcsId: 0 replicaIndex: null]]]"} | ret=SUCCESS |  
2025-10-17 11:02:46,133 [om1-KeyDeletingService#8] INFO  service.KeyDeletingService (KeyDeletingService.java:processKeyDeletes(158)) - 1 BlockGroup deletion are acked by SCM in 3 ms
2025-10-17 11:02:46,134 [om1-KeyDeletingService#8] INFO  service.KeyDeletingService (KeyDeletingService.java:processKeyDeletes(166)) - Blocks for 1 (out of 1) keys are deleted from DB in 1 ms. Limit per task is 50000.
2025-10-17 11:02:46,219 | INFO  | SCMAudit | user=runner | ip=127.0.0.1 | op=SEND_HEARTBEAT {"datanodeUUID":"50dccd39-549f-4f43-8b1f-597bf98f9c16","term":"2","command":"[]"} | ret=SUCCESS |  
2025-10-17 11:02:46,235 | INFO  | SCMAudit | user=runner | ip=127.0.0.1 | op=SEND_HEARTBEAT {"datanodeUUID":"718bfa29-2c47-4ab5-ac61-3dfe9c6b9d5c","term":"2","command":"[]"} | ret=SUCCESS |  
2025-10-17 11:02:46,235 | INFO  | SCMAudit | user=runner | ip=127.0.0.1 | op=SEND_HEARTBEAT {"datanodeUUID":"99c47355-c013-4450-a734-aff6d3c99677","term":"2","command":"[]"} | ret=SUCCESS |  
2025-10-17 11:02:46,238 | INFO  | SCMAudit | user=runner | ip=127.0.0.1 | op=SEND_HEARTBEAT {"datanodeUUID":"7995ae7b-77ec-4e72-809d-814459f62ee0","term":"2","command":"[]"} | ret=SUCCESS |  
2025-10-17 11:02:46,717 | INFO  | SCMAudit | user=runner | ip=127.0.0.1 | op=SEND_HEARTBEAT {"datanodeUUID":"28c08cd4-c049-4c66-8210-e254cf68b291","term":"2","command":"[]"} | ret=SUCCESS |  
2025-10-17 11:02:46,717 | INFO  | SCMAudit | user=runner | ip=127.0.0.1 | op=SEND_HEARTBEAT {"datanodeUUID":"b1eee25a-1fdf-4744-83c7-58e0513fce3b","term":"2","command":"[]"} | ret=SUCCESS |  
2025-10-17 11:02:46,719 | INFO  | SCMAudit | user=runner | ip=127.0.0.1 | op=SEND_HEARTBEAT {"datanodeUUID":"b6f92338-e951-49df-a986-ea31ece96e9e","term":"2","command":"[]"} | ret=SUCCESS |  
2025-10-17 11:02:46,721 | INFO  | SCMAudit | user=runner | ip=127.0.0.1 | op=SEND_HEARTBEAT {"datanodeUUID":"2b4cc429-f9c1-416c-9a38-6239a2e149ea","term":"2","command":"[]"} | ret=SUCCESS |  
2025-10-17 11:02:46,722 | INFO  | SCMAudit | user=runner | ip=127.0.0.1 | op=SEND_HEARTBEAT {"datanodeUUID":"b292b6be-9482-4c30-a3e0-c9f721931b72","term":"2","command":"[]"} | ret=SUCCESS |  
2025-10-17 11:02:46,757 | INFO  | SCMAudit | user=runner | ip=127.0.0.1 | op=SEND_HEARTBEAT {"datanodeUUID":"dbd6f242-9b73-4bca-a110-3e2ec656b979","term":"2","command":"[]"} | ret=SUCCESS |  
2025-10-17 11:02:46,761 | INFO  | SCMAudit | user=runner | ip=127.0.0.1 | op=SEND_HEARTBEAT {"datanodeUUID":"ed6e9581-5875-4278-a8db-50829892434b","term":"2","command":"[]"} | ret=SUCCESS |  
2025-10-17 11:02:46,824 | INFO  | OMAudit | user=runner | ip=127.0.0.1 | op=READ_VOLUME {"volume":"5fc51188-0e4c-434a-945f-a8d141e53645"} | ret=SUCCESS |  
2025-10-17 11:02:46,825 | INFO  | OMAudit | user=runner | ip=127.0.0.1 | op=READ_BUCKET {"volume":"5fc51188-0e4c-434a-945f-a8d141e53645","bucket":"2bab6a8e-ff4f-4cca-a3a9-ab016affde53"} | ret=SUCCESS |  
2025-10-17 11:02:46,828 | INFO  | OMAudit | user=runner | ip=127.0.0.1 | op=DELETE_KEY {"volume":"5fc51188-0e4c-434a-945f-a8d141e53645","bucket":"2bab6a8e-ff4f-4cca-a3a9-ab016affde53","key":"d64b0857-98e3-4c44-9e2c-a6c5bc0533ef","dataSize":"12","replicationConfig":"RATIS/ONE","Transaction":"557"} | ret=SUCCESS |  
2025-10-17 11:02:46,829 | INFO  | OMAudit | user=runner | ip=127.0.0.1 | op=READ_VOLUME {"volume":"5fc51188-0e4c-434a-945f-a8d141e53645"} | ret=SUCCESS |  
2025-10-17 11:02:46,830 | INFO  | OMAudit | user=runner | ip=127.0.0.1 | op=READ_BUCKET {"volume":"5fc51188-0e4c-434a-945f-a8d141e53645","bucket":"2bab6a8e-ff4f-4cca-a3a9-ab016affde53"} | ret=SUCCESS |  
2025-10-17 11:02:46,862 | INFO  | SCMAudit | user=runner | ip=127.0.0.1 | op=SEND_HEARTBEAT {"datanodeUUID":"a5293c95-44e9-4ea9-88ca-89089eac4b59","term":"2","command":"[]"} | ret=SUCCESS |  
2025-10-17 11:02:46,940 | INFO  | SCMAudit | user=runner | ip=127.0.0.1 | op=SEND_HEARTBEAT {"datanodeUUID":"3a11eef6-a527-493c-8ba3-ae39ecaefa56","term":"2","command":"[]"} | ret=SUCCESS |  
2025-10-17 11:02:47,032 | INFO  | SCMAudit | user=runner | ip=127.0.0.1 | op=SEND_HEARTBEAT {"datanodeUUID":"309ab1ff-9f5a-4058-8b2f-94d451ce5267","term":"2","command":"[]"} | ret=SUCCESS |  
2025-10-17 11:02:47,131 [om1-KeyDeletingService#5] INFO  service.KeyDeletingService (KeyDeletingService.java:processKeyDeletes(151)) - Send 1 key(s) to SCM, first 1 keys: [PurgedKey{blockGroup=BlockGroup[groupID='/5fc51188-0e4c-434a-945f-a8d141e53645/2bab6a8e-ff4f-4cca-a3a9-ab016affde53/d64b0857-98e3-4c44-9e2c-a6c5bc0533ef/-9223372036854634239/0', blockIDs=[conID: 10 locID: 115816896921600168 bcsId: 0 replicaIndex: null]], volume='5fc51188-0e4c-434a-945f-a8d141e53645', bucket='2bab6a8e-ff4f-4cca-a3a9-ab016affde53', bucketId=-9223372036854636032, purgedBytes=12, isCommittedKey=true, deleteKeyName='/5fc51188-0e4c-434a-945f-a8d141e53645/2bab6a8e-ff4f-4cca-a3a9-ab016affde53/d64b0857-98e3-4c44-9e2c-a6c5bc0533ef/-9223372036854634239'}]
2025-10-17 11:02:47,133 | INFO  | SCMAudit | user=runner | ip=127.0.0.1 | op=DELETE_KEY_BLOCK {"KeyBlockToDelete":"[BlockGroup[groupID='/5fc51188-0e4c-434a-945f-a8d141e53645/2bab6a8e-ff4f-4cca-a3a9-ab016affde53/d64b0857-98e3-4c44-9e2c-a6c5bc0533ef/-9223372036854634239/0', blockIDs=[conID: 10 locID: 115816896921600168 bcsId: 0 replicaIndex: null]]]"} | ret=SUCCESS |  
2025-10-17 11:02:47,133 [om1-KeyDeletingService#5] INFO  service.KeyDeletingService (KeyDeletingService.java:processKeyDeletes(158)) - 1 BlockGroup deletion are acked by SCM in 3 ms
2025-10-17 11:02:47,135 [om1-KeyDeletingService#5] INFO  service.KeyDeletingService (KeyDeletingService.java:processKeyDeletes(166)) - Blocks for 1 (out of 1) keys are deleted from DB in 1 ms. Limit per task is 50000.
2025-10-17 11:02:47,219 | INFO  | SCMAudit | user=runner | ip=127.0.0.1 | op=SEND_HEARTBEAT {"datanodeUUID":"50dccd39-549f-4f43-8b1f-597bf98f9c16","term":"2","command":"[]"} | ret=SUCCESS |  
2025-10-17 11:02:47,235 | INFO  | SCMAudit | user=runner | ip=127.0.0.1 | op=SEND_HEARTBEAT {"datanodeUUID":"718bfa29-2c47-4ab5-ac61-3dfe9c6b9d5c","term":"2","command":"[]"} | ret=SUCCESS |  
2025-10-17 11:02:47,235 | INFO  | SCMAudit | user=runner | ip=127.0.0.1 | op=SEND_HEARTBEAT {"datanodeUUID":"99c47355-c013-4450-a734-aff6d3c99677","term":"2","command":"[]"} | ret=SUCCESS |  
2025-10-17 11:02:47,238 | INFO  | SCMAudit | user=runner | ip=127.0.0.1 | op=SEND_HEARTBEAT {"datanodeUUID":"7995ae7b-77ec-4e72-809d-814459f62ee0","term":"2","command":"[]"} | ret=SUCCESS |  
2025-10-17 11:02:47,717 | INFO  | SCMAudit | user=runner | ip=127.0.0.1 | op=SEND_HEARTBEAT {"datanodeUUID":"28c08cd4-c049-4c66-8210-e254cf68b291","term":"2","command":"[]"} | ret=SUCCESS |  
2025-10-17 11:02:47,717 | INFO  | SCMAudit | user=runner | ip=127.0.0.1 | op=SEND_HEARTBEAT {"datanodeUUID":"b1eee25a-1fdf-4744-83c7-58e0513fce3b","term":"2","command":"[]"} | ret=SUCCESS |  
2025-10-17 11:02:47,718 | INFO  | SCMAudit | user=runner | ip=127.0.0.1 | op=SEND_HEARTBEAT {"datanodeUUID":"b6f92338-e951-49df-a986-ea31ece96e9e","term":"2","command":"[]"} | ret=SUCCESS |  
2025-10-17 11:02:47,721 | INFO  | SCMAudit | user=runner | ip=127.0.0.1 | op=SEND_HEARTBEAT {"datanodeUUID":"2b4cc429-f9c1-416c-9a38-6239a2e149ea","term":"2","command":"[]"} | ret=SUCCESS |  
2025-10-17 11:02:47,721 | INFO  | SCMAudit | user=runner | ip=127.0.0.1 | op=SEND_HEARTBEAT {"datanodeUUID":"b292b6be-9482-4c30-a3e0-c9f721931b72","term":"2","command":"[]"} | ret=SUCCESS |  
2025-10-17 11:02:47,757 | INFO  | SCMAudit | user=runner | ip=127.0.0.1 | op=SEND_HEARTBEAT {"datanodeUUID":"dbd6f242-9b73-4bca-a110-3e2ec656b979","term":"2","command":"[]"} | ret=SUCCESS |  
2025-10-17 11:02:47,761 | INFO  | SCMAudit | user=runner | ip=127.0.0.1 | op=SEND_HEARTBEAT {"datanodeUUID":"ed6e9581-5875-4278-a8db-50829892434b","term":"2","command":"[]"} | ret=SUCCESS |  
2025-10-17 11:02:47,831 | INFO  | OMAudit | user=runner | ip=127.0.0.1 | op=READ_VOLUME {"volume":"5fc51188-0e4c-434a-945f-a8d141e53645"} | ret=SUCCESS |  
2025-10-17 11:02:47,832 | INFO  | OMAudit | user=runner | ip=127.0.0.1 | op=READ_BUCKET {"volume":"5fc51188-0e4c-434a-945f-a8d141e53645","bucket":"2bab6a8e-ff4f-4cca-a3a9-ab016affde53"} | ret=SUCCESS |  
2025-10-17 11:02:47,834 | INFO  | OMAudit | user=runner | ip=127.0.0.1 | op=GET_SERVICE_LIST {} | ret=SUCCESS |  
2025-10-17 11:02:47,837 | INFO  | OMAudit | user=runner | ip=127.0.0.1 | op=CREATE_DIRECTORY {"volume":"5fc51188-0e4c-434a-945f-a8d141e53645","bucket":"2bab6a8e-ff4f-4cca-a3a9-ab016affde53","key":"8732c749-ec26-44c8-a13d-bd85f7b737e8","dataSize":"0","Transaction":"559"} | ret=SUCCESS |  
2025-10-17 11:02:47,838 | INFO  | OMAudit | user=runner | ip=127.0.0.1 | op=READ_VOLUME {"volume":"5fc51188-0e4c-434a-945f-a8d141e53645"} | ret=SUCCESS |  
2025-10-17 11:02:47,839 | INFO  | OMAudit | user=runner | ip=127.0.0.1 | op=READ_BUCKET {"volume":"5fc51188-0e4c-434a-945f-a8d141e53645","bucket":"2bab6a8e-ff4f-4cca-a3a9-ab016affde53"} | ret=SUCCESS |  
2025-10-17 11:02:47,840 | INFO  | OMAudit | user=runner | ip=127.0.0.1 | op=CREATE_DIRECTORY {"volume":"5fc51188-0e4c-434a-945f-a8d141e53645","bucket":"2bab6a8e-ff4f-4cca-a3a9-ab016affde53","key":"8cd8e625-8674-47d5-bc99-2322a0e9a5a3","dataSize":"0","Transaction":"560"} | ret=SUCCESS |  
2025-10-17 11:02:47,841 | INFO  | OMAudit | user=runner | ip=127.0.0.1 | op=READ_VOLUME {"volume":"5fc51188-0e4c-434a-945f-a8d141e53645"} | ret=SUCCESS |  
2025-10-17 11:02:47,842 | INFO  | OMAudit | user=runner | ip=127.0.0.1 | op=READ_BUCKET {"volume":"5fc51188-0e4c-434a-945f-a8d141e53645","bucket":"2bab6a8e-ff4f-4cca-a3a9-ab016affde53"} | ret=SUCCESS |  
2025-10-17 11:02:47,845 | INFO  | OMAudit | user=runner | ip=127.0.0.1 | op=DELETE_KEY {"volume":"5fc51188-0e4c-434a-945f-a8d141e53645","bucket":"2bab6a8e-ff4f-4cca-a3a9-ab016affde53","key":"8732c749-ec26-44c8-a13d-bd85f7b737e8","Transaction":"561"} | ret=SUCCESS |  
2025-10-17 11:02:47,846 | INFO  | OMAudit | user=runner | ip=127.0.0.1 | op=READ_VOLUME {"volume":"5fc51188-0e4c-434a-945f-a8d141e53645"} | ret=SUCCESS |  
2025-10-17 11:02:47,846 | INFO  | OMAudit | user=runner | ip=127.0.0.1 | op=READ_BUCKET {"volume":"5fc51188-0e4c-434a-945f-a8d141e53645","bucket":"2bab6a8e-ff4f-4cca-a3a9-ab016affde53"} | ret=SUCCESS |  
2025-10-17 11:02:47,849 | INFO  | OMAudit | user=runner | ip=127.0.0.1 | op=DELETE_KEY {"volume":"5fc51188-0e4c-434a-945f-a8d141e53645","bucket":"2bab6a8e-ff4f-4cca-a3a9-ab016affde53","key":"8cd8e625-8674-47d5-bc99-2322a0e9a5a3","Transaction":"562"} | ret=SUCCESS |  
2025-10-17 11:02:47,850 | INFO  | OMAudit | user=runner | ip=127.0.0.1 | op=READ_VOLUME {"volume":"5fc51188-0e4c-434a-945f-a8d141e53645"} | ret=SUCCESS |  
2025-10-17 11:02:47,850 | INFO  | OMAudit | user=runner | ip=127.0.0.1 | op=READ_BUCKET {"volume":"5fc51188-0e4c-434a-945f-a8d141e53645","bucket":"2bab6a8e-ff4f-4cca-a3a9-ab016affde53"} | ret=SUCCESS |  
2025-10-17 11:02:47,852 | INFO  | OMAudit | user=runner | ip=127.0.0.1 | op=CREATE_DIRECTORY {"volume":"5fc51188-0e4c-434a-945f-a8d141e53645","bucket":"2bab6a8e-ff4f-4cca-a3a9-ab016affde53","key":"dir1/dir2/dir3/dir4","dataSize":"0","Transaction":"563"} | ret=SUCCESS |  
2025-10-17 11:02:47,853 | INFO  | OMAudit | user=runner | ip=127.0.0.1 | op=READ_VOLUME {"volume":"5fc51188-0e4c-434a-945f-a8d141e53645"} | ret=SUCCESS |  
2025-10-17 11:02:47,854 | INFO  | OMAudit | user=runner | ip=127.0.0.1 | op=READ_BUCKET {"volume":"5fc51188-0e4c-434a-945f-a8d141e53645","bucket":"2bab6a8e-ff4f-4cca-a3a9-ab016affde53"} | ret=SUCCESS |  
]]></system-out>
  </testcase>
  <testcase name="testCheckUsedBytesQuota" classname="org.apache.hadoop.ozone.client.rpc.TestSecureOzoneRpcClient" time="0.444">
    <system-out><![CDATA[2025-10-17 11:02:47,856 [ForkJoinPool-1-worker-1] INFO  rpc.RpcClient (RpcClient.java:createVolume(461)) - Creating Volume: 0ffc356f-8d8e-4c1f-b22c-cc20af6fe9d6, with runner as owner and space quota set to -1 bytes, counts quota set to -1
2025-10-17 11:02:47,858 [om1-OMStateMachineApplyTransactionThread - 0] INFO  volume.OMVolumeCreateRequest (OMVolumeCreateRequest.java:validateAndUpdateCache(213)) - created volume:0ffc356f-8d8e-4c1f-b22c-cc20af6fe9d6 for user:runner
2025-10-17 11:02:47,858 | INFO  | OMAudit | user=runner | ip=127.0.0.1 | op=CREATE_VOLUME {"admin":"runner","owner":"runner","volume":"0ffc356f-8d8e-4c1f-b22c-cc20af6fe9d6","creationTime":"1760698967857","modificationTime":"1760698967857","quotaInBytes":"-1","quotaInNamespace":"-1","usedNamespace":"0","objectID":"-9223372036854631424","updateID":"564","Transaction":"564"} | ret=SUCCESS |  
2025-10-17 11:02:47,859 | INFO  | OMAudit | user=runner | ip=127.0.0.1 | op=READ_VOLUME {"volume":"0ffc356f-8d8e-4c1f-b22c-cc20af6fe9d6"} | ret=SUCCESS |  
2025-10-17 11:02:47,859 [ForkJoinPool-1-worker-1] INFO  rpc.RpcClient (RpcClient.java:createBucket(686)) - Creating Bucket: 0ffc356f-8d8e-4c1f-b22c-cc20af6fe9d6/b7476c50-0f3d-40c0-93c9-54b83f9cc7ba, with server-side default bucket layout, runner as owner, Versioning false, Storage Type set to DISK and Encryption set to false, Replication Type set to server-side default replication type, Namespace Quota set to -1, Space Quota set to -1 
2025-10-17 11:02:47,861 [om1-OMStateMachineApplyTransactionThread - 0] INFO  bucket.OMBucketCreateRequest (OMBucketCreateRequest.java:validateAndUpdateCache(303)) - created bucket: b7476c50-0f3d-40c0-93c9-54b83f9cc7ba of layout FILE_SYSTEM_OPTIMIZED in volume: 0ffc356f-8d8e-4c1f-b22c-cc20af6fe9d6
2025-10-17 11:02:47,861 | INFO  | OMAudit | user=runner | ip=127.0.0.1 | op=CREATE_BUCKET {"volume":"0ffc356f-8d8e-4c1f-b22c-cc20af6fe9d6","bucket":"b7476c50-0f3d-40c0-93c9-54b83f9cc7ba","bucketLayout":"FILE_SYSTEM_OPTIMIZED","gdprEnabled":null,"acls":"[user:runner:a[ACCESS], group:runner:rl[ACCESS]]","isVersionEnabled":"false","storageType":"DISK","creationTime":"1760698967860","bucketEncryptionKey":null,"modificationTime":"1760698967860","usedBytes":"0","usedNamespace":"0","snapshotUsedBytes":"0","snapshotUsedNamespace":"0","owner":"runner","replicationType":null,"replicationConfig":null,"quotaInBytes":"-1","quotaInNamespace":"-1","Transaction":"565"} | ret=SUCCESS |  
2025-10-17 11:02:47,862 | INFO  | OMAudit | user=runner | ip=127.0.0.1 | op=READ_BUCKET {"volume":"0ffc356f-8d8e-4c1f-b22c-cc20af6fe9d6","bucket":"b7476c50-0f3d-40c0-93c9-54b83f9cc7ba"} | ret=SUCCESS |  
2025-10-17 11:02:47,862 | INFO  | SCMAudit | user=runner | ip=127.0.0.1 | op=SEND_HEARTBEAT {"datanodeUUID":"a5293c95-44e9-4ea9-88ca-89089eac4b59","term":"2","command":"[]"} | ret=SUCCESS |  
2025-10-17 11:02:47,863 | INFO  | OMAudit | user=runner | ip=127.0.0.1 | op=READ_BUCKET {"volume":"0ffc356f-8d8e-4c1f-b22c-cc20af6fe9d6","bucket":"b7476c50-0f3d-40c0-93c9-54b83f9cc7ba"} | ret=SUCCESS |  
2025-10-17 11:02:47,864 | INFO  | OMAudit | user=runner | ip=127.0.0.1 | op=UPDATE_BUCKET {"volume":"0ffc356f-8d8e-4c1f-b22c-cc20af6fe9d6","bucket":"b7476c50-0f3d-40c0-93c9-54b83f9cc7ba","gdprEnabled":null,"isVersionEnabled":"null","quotaInBytes":"1","quotaInNamespace":"100","Transaction":"566"} | ret=SUCCESS |  
2025-10-17 11:02:47,865 | INFO  | OMAudit | user=runner | ip=127.0.0.1 | op=READ_VOLUME {"volume":"0ffc356f-8d8e-4c1f-b22c-cc20af6fe9d6"} | ret=SUCCESS |  
2025-10-17 11:02:47,866 | INFO  | OMAudit | user=runner | ip=127.0.0.1 | op=READ_VOLUME {"volume":"0ffc356f-8d8e-4c1f-b22c-cc20af6fe9d6"} | ret=SUCCESS |  
2025-10-17 11:02:47,871 | INFO  | OMAudit | user=runner | ip=127.0.0.1 | op=SET_QUOTA {"volume":"0ffc356f-8d8e-4c1f-b22c-cc20af6fe9d6","quotaInBytes":"9223372036854775807","Transaction":"567"} | ret=SUCCESS |  
2025-10-17 11:02:47,873 | INFO  | OMAudit | user=runner | ip=127.0.0.1 | op=READ_BUCKET {"volume":"0ffc356f-8d8e-4c1f-b22c-cc20af6fe9d6","bucket":"b7476c50-0f3d-40c0-93c9-54b83f9cc7ba"} | ret=SUCCESS |  
2025-10-17 11:02:47,874 | INFO  | SCMAudit | user=runner | ip=127.0.0.1 | op=ALLOCATE_BLOCK {"replication":"RATIS/ONE","owner":"omServiceIdDefault","size":"4194304","sampleBlocks":"[conID: 12 locID: 115816896921600169]","num":"1","client":"","allocated":"1"} | ret=SUCCESS |  
2025-10-17 11:02:47,876 [om1-OMStateMachineApplyTransactionThread - 0] ERROR key.OMKeyCreateRequest (OMKeyCreateRequest.java:logResult(400)) - Key creation failed. Volume:0ffc356f-8d8e-4c1f-b22c-cc20af6fe9d6, Bucket:b7476c50-0f3d-40c0-93c9-54b83f9cc7ba, Key:25d97964-2d47-4261-a040-35f9e340295b. 
QUOTA_EXCEEDED org.apache.hadoop.ozone.om.exceptions.OMException: The DiskSpace quota of bucket:b7476c50-0f3d-40c0-93c9-54b83f9cc7ba exceeded quotaInBytes: 1 Bytes but diskspace consumed: 4194304 Bytes.
	at org.apache.hadoop.ozone.om.request.key.OMKeyRequest.checkBucketQuotaInBytes(OMKeyRequest.java:844)
	at org.apache.hadoop.ozone.om.request.key.OMKeyCreateRequestWithFSO.validateAndUpdateCache(OMKeyCreateRequestWithFSO.java:182)
	at org.apache.hadoop.ozone.protocolPB.OzoneManagerRequestHandler.lambda$0(OzoneManagerRequestHandler.java:418)
	at org.apache.hadoop.ozone.util.MetricUtil.captureLatencyNs(MetricUtil.java:45)
	at org.apache.hadoop.ozone.protocolPB.OzoneManagerRequestHandler.handleWriteRequestImpl(OzoneManagerRequestHandler.java:416)
	at org.apache.hadoop.ozone.protocolPB.RequestHandler.handleWriteRequest(RequestHandler.java:62)
	at org.apache.hadoop.ozone.om.ratis.OzoneManagerStateMachine.runCommand(OzoneManagerStateMachine.java:599)
	at org.apache.hadoop.ozone.om.ratis.OzoneManagerStateMachine.lambda$3(OzoneManagerStateMachine.java:415)
	at java.base/java.util.concurrent.CompletableFuture$AsyncSupply.run(CompletableFuture.java:1768)
	at java.base/java.util.concurrent.ThreadPoolExecutor.runWorker(ThreadPoolExecutor.java:1144)
	at java.base/java.util.concurrent.ThreadPoolExecutor$Worker.run(ThreadPoolExecutor.java:642)
	at java.base/java.lang.Thread.run(Thread.java:1583)
2025-10-17 11:02:47,876 | ERROR | OMAudit | user=runner | ip=127.0.0.1 | op=ALLOCATE_KEY {"volume":"0ffc356f-8d8e-4c1f-b22c-cc20af6fe9d6","bucket":"b7476c50-0f3d-40c0-93c9-54b83f9cc7ba","key":"25d97964-2d47-4261-a040-35f9e340295b","dataSize":"12","replicationType":"RATIS","replicationFactor":"ONE","Transaction":"568"} | ret=FAILURE | 
org.apache.hadoop.ozone.om.exceptions.OMException: The DiskSpace quota of bucket:b7476c50-0f3d-40c0-93c9-54b83f9cc7ba exceeded quotaInBytes: 1 Bytes but diskspace consumed: 4194304 Bytes.
	at org.apache.hadoop.ozone.om.request.key.OMKeyRequest.checkBucketQuotaInBytes(OMKeyRequest.java:844)
	at org.apache.hadoop.ozone.om.request.key.OMKeyCreateRequestWithFSO.validateAndUpdateCache(OMKeyCreateRequestWithFSO.java:182)
 
2025-10-17 11:02:47,877 | INFO  | OMAudit | user=runner | ip=127.0.0.1 | op=READ_VOLUME {"volume":"0ffc356f-8d8e-4c1f-b22c-cc20af6fe9d6"} | ret=SUCCESS |  
2025-10-17 11:02:47,878 | INFO  | OMAudit | user=runner | ip=127.0.0.1 | op=READ_BUCKET {"volume":"0ffc356f-8d8e-4c1f-b22c-cc20af6fe9d6","bucket":"b7476c50-0f3d-40c0-93c9-54b83f9cc7ba"} | ret=SUCCESS |  
2025-10-17 11:02:47,881 | INFO  | OMAudit | user=runner | ip=127.0.0.1 | op=READ_BUCKET {"volume":"0ffc356f-8d8e-4c1f-b22c-cc20af6fe9d6","bucket":"b7476c50-0f3d-40c0-93c9-54b83f9cc7ba"} | ret=SUCCESS |  
2025-10-17 11:02:47,881 | INFO  | SCMAudit | user=runner | ip=127.0.0.1 | op=ALLOCATE_BLOCK {"replication":"RATIS/ONE","owner":"omServiceIdDefault","size":"4194304","sampleBlocks":"[conID: 13 locID: 115816896921600170]","num":"1","client":"","allocated":"1"} | ret=SUCCESS |  
2025-10-17 11:02:47,883 [om1-OMStateMachineApplyTransactionThread - 0] ERROR file.OMFileCreateRequestWithFSO (OMFileCreateRequestWithFSO.java:validateAndUpdateCache(252)) - File create failed. Volume:0ffc356f-8d8e-4c1f-b22c-cc20af6fe9d6, Bucket:b7476c50-0f3d-40c0-93c9-54b83f9cc7ba, Key:4ac57604-a00d-404b-8fbf-5b9e46a62901.
QUOTA_EXCEEDED org.apache.hadoop.ozone.om.exceptions.OMException: The DiskSpace quota of bucket:b7476c50-0f3d-40c0-93c9-54b83f9cc7ba exceeded quotaInBytes: 1 Bytes but diskspace consumed: 4194304 Bytes.
	at org.apache.hadoop.ozone.om.request.key.OMKeyRequest.checkBucketQuotaInBytes(OMKeyRequest.java:844)
	at org.apache.hadoop.ozone.om.request.file.OMFileCreateRequestWithFSO.validateAndUpdateCache(OMFileCreateRequestWithFSO.java:192)
	at org.apache.hadoop.ozone.protocolPB.OzoneManagerRequestHandler.lambda$0(OzoneManagerRequestHandler.java:418)
	at org.apache.hadoop.ozone.util.MetricUtil.captureLatencyNs(MetricUtil.java:45)
	at org.apache.hadoop.ozone.protocolPB.OzoneManagerRequestHandler.handleWriteRequestImpl(OzoneManagerRequestHandler.java:416)
	at org.apache.hadoop.ozone.protocolPB.RequestHandler.handleWriteRequest(RequestHandler.java:62)
	at org.apache.hadoop.ozone.om.ratis.OzoneManagerStateMachine.runCommand(OzoneManagerStateMachine.java:599)
	at org.apache.hadoop.ozone.om.ratis.OzoneManagerStateMachine.lambda$3(OzoneManagerStateMachine.java:415)
	at java.base/java.util.concurrent.CompletableFuture$AsyncSupply.run(CompletableFuture.java:1768)
	at java.base/java.util.concurrent.ThreadPoolExecutor.runWorker(ThreadPoolExecutor.java:1144)
	at java.base/java.util.concurrent.ThreadPoolExecutor$Worker.run(ThreadPoolExecutor.java:642)
	at java.base/java.lang.Thread.run(Thread.java:1583)
2025-10-17 11:02:47,884 | ERROR | OMAudit | user=runner | ip=127.0.0.1 | op=CREATE_FILE {"volume":"0ffc356f-8d8e-4c1f-b22c-cc20af6fe9d6","bucket":"b7476c50-0f3d-40c0-93c9-54b83f9cc7ba","key":"4ac57604-a00d-404b-8fbf-5b9e46a62901","dataSize":"4194304","replicationType":"RATIS","replicationFactor":"ONE","Transaction":"569"} | ret=FAILURE | 
org.apache.hadoop.ozone.om.exceptions.OMException: The DiskSpace quota of bucket:b7476c50-0f3d-40c0-93c9-54b83f9cc7ba exceeded quotaInBytes: 1 Bytes but diskspace consumed: 4194304 Bytes.
	at org.apache.hadoop.ozone.om.request.key.OMKeyRequest.checkBucketQuotaInBytes(OMKeyRequest.java:844)
	at org.apache.hadoop.ozone.om.request.file.OMFileCreateRequestWithFSO.validateAndUpdateCache(OMFileCreateRequestWithFSO.java:192)
 
2025-10-17 11:02:47,884 | INFO  | OMAudit | user=runner | ip=127.0.0.1 | op=READ_VOLUME {"volume":"0ffc356f-8d8e-4c1f-b22c-cc20af6fe9d6"} | ret=SUCCESS |  
2025-10-17 11:02:47,885 | INFO  | OMAudit | user=runner | ip=127.0.0.1 | op=READ_BUCKET {"volume":"0ffc356f-8d8e-4c1f-b22c-cc20af6fe9d6","bucket":"b7476c50-0f3d-40c0-93c9-54b83f9cc7ba"} | ret=SUCCESS |  
2025-10-17 11:02:47,886 | INFO  | OMAudit | user=runner | ip=127.0.0.1 | op=READ_BUCKET {"volume":"0ffc356f-8d8e-4c1f-b22c-cc20af6fe9d6","bucket":"b7476c50-0f3d-40c0-93c9-54b83f9cc7ba"} | ret=SUCCESS |  
2025-10-17 11:02:47,887 | INFO  | OMAudit | user=runner | ip=127.0.0.1 | op=UPDATE_BUCKET {"volume":"0ffc356f-8d8e-4c1f-b22c-cc20af6fe9d6","bucket":"b7476c50-0f3d-40c0-93c9-54b83f9cc7ba","gdprEnabled":null,"isVersionEnabled":"null","quotaInBytes":"16777216","quotaInNamespace":"100","Transaction":"570"} | ret=SUCCESS |  
2025-10-17 11:02:47,889 | INFO  | OMAudit | user=runner | ip=127.0.0.1 | op=READ_BUCKET {"volume":"0ffc356f-8d8e-4c1f-b22c-cc20af6fe9d6","bucket":"b7476c50-0f3d-40c0-93c9-54b83f9cc7ba"} | ret=SUCCESS |  
2025-10-17 11:02:47,889 | INFO  | SCMAudit | user=runner | ip=127.0.0.1 | op=ALLOCATE_BLOCK {"replication":"RATIS/ONE","owner":"omServiceIdDefault","size":"4194304","sampleBlocks":"[conID: 8 locID: 115816896921600171]","num":"1","client":"","allocated":"1"} | ret=SUCCESS |  
2025-10-17 11:02:47,891 | INFO  | OMAudit | user=runner | ip=127.0.0.1 | op=ALLOCATE_KEY {"volume":"0ffc356f-8d8e-4c1f-b22c-cc20af6fe9d6","bucket":"b7476c50-0f3d-40c0-93c9-54b83f9cc7ba","key":"a1a4fea6-edde-4e45-b262-59d2d6cb6f8a","dataSize":"12","replicationType":"RATIS","replicationFactor":"ONE","Transaction":"571"} | ret=SUCCESS |  
2025-10-17 11:02:47,941 | INFO  | SCMAudit | user=runner | ip=127.0.0.1 | op=SEND_HEARTBEAT {"datanodeUUID":"3a11eef6-a527-493c-8ba3-ae39ecaefa56","term":"2","command":"[]"} | ret=SUCCESS |  
2025-10-17 11:02:48,035 | INFO  | SCMAudit | user=runner | ip=127.0.0.1 | op=SEND_HEARTBEAT {"datanodeUUID":"309ab1ff-9f5a-4058-8b2f-94d451ce5267","term":"2","command":"[]"} | ret=SUCCESS |  
2025-10-17 11:02:48,059 | INFO  | SCMAudit | user=runner | ip=127.0.0.1 | op=ALLOCATE_BLOCK {"replication":"RATIS/ONE","owner":"omServiceIdDefault","size":"4194304","sampleBlocks":"[conID: 1 locID: 115816896921600172]","num":"1","client":"","allocated":"1"} | ret=SUCCESS |  
2025-10-17 11:02:48,061 | INFO  | OMAudit | user=runner | ip=127.0.0.1 | op=ALLOCATE_BLOCK {"volume":"0ffc356f-8d8e-4c1f-b22c-cc20af6fe9d6","bucket":"b7476c50-0f3d-40c0-93c9-54b83f9cc7ba","key":"a1a4fea6-edde-4e45-b262-59d2d6cb6f8a","dataSize":"12","replicationType":"RATIS","replicationFactor":"ONE","clientID":"115389167559639183","Transaction":"572"} | ret=SUCCESS |  
2025-10-17 11:02:48,131 | INFO  | SCMAudit | user=runner | ip=127.0.0.1 | op=ALLOCATE_BLOCK {"replication":"RATIS/ONE","owner":"omServiceIdDefault","size":"4194304","sampleBlocks":"[conID: 8 locID: 115816896921600173]","num":"1","client":"","allocated":"1"} | ret=SUCCESS |  
2025-10-17 11:02:48,133 | INFO  | OMAudit | user=runner | ip=127.0.0.1 | op=ALLOCATE_BLOCK {"volume":"0ffc356f-8d8e-4c1f-b22c-cc20af6fe9d6","bucket":"b7476c50-0f3d-40c0-93c9-54b83f9cc7ba","key":"a1a4fea6-edde-4e45-b262-59d2d6cb6f8a","dataSize":"12","replicationType":"RATIS","replicationFactor":"ONE","clientID":"115389167559639183","Transaction":"573"} | ret=SUCCESS |  
2025-10-17 11:02:48,136 [pool-66-thread-12] INFO  service.DirectoryDeletingService (DirectoryDeletingService.java:optimizeDirDeletesAndSubmitRequest(313)) - Number of dirs deleted: 2, Number of sub-dir deleted: 0, Number of sub-files moved: 0 to DeletedTable, Number of sub-dirs moved 0 to DeletedDirectoryTable, iteration elapsed: 2ms,  totalRunCount: 91
2025-10-17 11:02:48,200 | INFO  | SCMAudit | user=runner | ip=127.0.0.1 | op=ALLOCATE_BLOCK {"replication":"RATIS/ONE","owner":"omServiceIdDefault","size":"4194304","sampleBlocks":"[conID: 13 locID: 115816896921600174]","num":"1","client":"","allocated":"1"} | ret=SUCCESS |  
2025-10-17 11:02:48,202 | INFO  | OMAudit | user=runner | ip=127.0.0.1 | op=ALLOCATE_BLOCK {"volume":"0ffc356f-8d8e-4c1f-b22c-cc20af6fe9d6","bucket":"b7476c50-0f3d-40c0-93c9-54b83f9cc7ba","key":"a1a4fea6-edde-4e45-b262-59d2d6cb6f8a","dataSize":"12","replicationType":"RATIS","replicationFactor":"ONE","clientID":"115389167559639183","Transaction":"575"} | ret=SUCCESS |  
2025-10-17 11:02:48,221 | INFO  | SCMAudit | user=runner | ip=127.0.0.1 | op=SEND_HEARTBEAT {"datanodeUUID":"50dccd39-549f-4f43-8b1f-597bf98f9c16","term":"2","command":"[]"} | ret=SUCCESS |  
2025-10-17 11:02:48,235 | INFO  | SCMAudit | user=runner | ip=127.0.0.1 | op=SEND_HEARTBEAT {"datanodeUUID":"99c47355-c013-4450-a734-aff6d3c99677","term":"2","command":"[]"} | ret=SUCCESS |  
2025-10-17 11:02:48,236 | INFO  | SCMAudit | user=runner | ip=127.0.0.1 | op=SEND_HEARTBEAT {"datanodeUUID":"718bfa29-2c47-4ab5-ac61-3dfe9c6b9d5c","term":"2","command":"[]"} | ret=SUCCESS |  
2025-10-17 11:02:48,238 | INFO  | SCMAudit | user=runner | ip=127.0.0.1 | op=SEND_HEARTBEAT {"datanodeUUID":"7995ae7b-77ec-4e72-809d-814459f62ee0","term":"2","command":"[]"} | ret=SUCCESS |  
2025-10-17 11:02:48,268 | INFO  | SCMAudit | user=runner | ip=127.0.0.1 | op=ALLOCATE_BLOCK {"replication":"RATIS/ONE","owner":"omServiceIdDefault","size":"4194304","sampleBlocks":"[conID: 2 locID: 115816896921600175]","num":"1","client":"","allocated":"1"} | ret=SUCCESS |  
2025-10-17 11:02:48,270 [om1-OMStateMachineApplyTransactionThread - 0] ERROR key.OMAllocateBlockRequestWithFSO (OMAllocateBlockRequestWithFSO.java:validateAndUpdateCache(181)) - Allocate Block failed. Volume:0ffc356f-8d8e-4c1f-b22c-cc20af6fe9d6, Bucket:b7476c50-0f3d-40c0-93c9-54b83f9cc7ba, OpenKey:/-9223372036854631424/-9223372036854631168/-9223372036854631168/a1a4fea6-edde-4e45-b262-59d2d6cb6f8a/115389167559639183. Exception:{}
QUOTA_EXCEEDED org.apache.hadoop.ozone.om.exceptions.OMException: The DiskSpace quota of bucket:b7476c50-0f3d-40c0-93c9-54b83f9cc7ba exceeded quotaInBytes: 16777216 Bytes but diskspace consumed: 20971520 Bytes.
	at org.apache.hadoop.ozone.om.request.key.OMKeyRequest.checkBucketQuotaInBytes(OMKeyRequest.java:844)
	at org.apache.hadoop.ozone.om.request.key.OMAllocateBlockRequestWithFSO.validateAndUpdateCache(OMAllocateBlockRequestWithFSO.java:154)
	at org.apache.hadoop.ozone.protocolPB.OzoneManagerRequestHandler.lambda$0(OzoneManagerRequestHandler.java:418)
	at org.apache.hadoop.ozone.util.MetricUtil.captureLatencyNs(MetricUtil.java:45)
	at org.apache.hadoop.ozone.protocolPB.OzoneManagerRequestHandler.handleWriteRequestImpl(OzoneManagerRequestHandler.java:416)
	at org.apache.hadoop.ozone.protocolPB.RequestHandler.handleWriteRequest(RequestHandler.java:62)
	at org.apache.hadoop.ozone.om.ratis.OzoneManagerStateMachine.runCommand(OzoneManagerStateMachine.java:599)
	at org.apache.hadoop.ozone.om.ratis.OzoneManagerStateMachine.lambda$3(OzoneManagerStateMachine.java:415)
	at java.base/java.util.concurrent.CompletableFuture$AsyncSupply.run(CompletableFuture.java:1768)
	at java.base/java.util.concurrent.ThreadPoolExecutor.runWorker(ThreadPoolExecutor.java:1144)
	at java.base/java.util.concurrent.ThreadPoolExecutor$Worker.run(ThreadPoolExecutor.java:642)
	at java.base/java.lang.Thread.run(Thread.java:1583)
2025-10-17 11:02:48,271 | ERROR | OMAudit | user=runner | ip=127.0.0.1 | op=ALLOCATE_BLOCK {"volume":"0ffc356f-8d8e-4c1f-b22c-cc20af6fe9d6","bucket":"b7476c50-0f3d-40c0-93c9-54b83f9cc7ba","key":"a1a4fea6-edde-4e45-b262-59d2d6cb6f8a","dataSize":"12","replicationType":"RATIS","replicationFactor":"ONE","clientID":"115389167559639183","Transaction":"576"} | ret=FAILURE | 
org.apache.hadoop.ozone.om.exceptions.OMException: The DiskSpace quota of bucket:b7476c50-0f3d-40c0-93c9-54b83f9cc7ba exceeded quotaInBytes: 16777216 Bytes but diskspace consumed: 20971520 Bytes.
	at org.apache.hadoop.ozone.om.request.key.OMKeyRequest.checkBucketQuotaInBytes(OMKeyRequest.java:844)
	at org.apache.hadoop.ozone.om.request.key.OMAllocateBlockRequestWithFSO.validateAndUpdateCache(OMAllocateBlockRequestWithFSO.java:154)
 
2025-10-17 11:02:48,272 | INFO  | OMAudit | user=runner | ip=127.0.0.1 | op=READ_VOLUME {"volume":"0ffc356f-8d8e-4c1f-b22c-cc20af6fe9d6"} | ret=SUCCESS |  
2025-10-17 11:02:48,273 | INFO  | OMAudit | user=runner | ip=127.0.0.1 | op=READ_BUCKET {"volume":"0ffc356f-8d8e-4c1f-b22c-cc20af6fe9d6","bucket":"b7476c50-0f3d-40c0-93c9-54b83f9cc7ba"} | ret=SUCCESS |  
2025-10-17 11:02:48,273 | INFO  | OMAudit | user=runner | ip=127.0.0.1 | op=READ_BUCKET {"volume":"0ffc356f-8d8e-4c1f-b22c-cc20af6fe9d6","bucket":"b7476c50-0f3d-40c0-93c9-54b83f9cc7ba"} | ret=SUCCESS |  
2025-10-17 11:02:48,275 | INFO  | OMAudit | user=runner | ip=127.0.0.1 | op=UPDATE_BUCKET {"volume":"0ffc356f-8d8e-4c1f-b22c-cc20af6fe9d6","bucket":"b7476c50-0f3d-40c0-93c9-54b83f9cc7ba","gdprEnabled":null,"isVersionEnabled":"null","quotaInBytes":"107374182400","quotaInNamespace":"100","Transaction":"577"} | ret=SUCCESS |  
2025-10-17 11:02:48,276 | INFO  | OMAudit | user=runner | ip=127.0.0.1 | op=READ_VOLUME {"volume":"0ffc356f-8d8e-4c1f-b22c-cc20af6fe9d6"} | ret=SUCCESS |  
2025-10-17 11:02:48,277 | INFO  | OMAudit | user=runner | ip=127.0.0.1 | op=READ_BUCKET {"volume":"0ffc356f-8d8e-4c1f-b22c-cc20af6fe9d6","bucket":"b7476c50-0f3d-40c0-93c9-54b83f9cc7ba"} | ret=SUCCESS |  
2025-10-17 11:02:48,278 | INFO  | OMAudit | user=runner | ip=127.0.0.1 | op=READ_BUCKET {"volume":"0ffc356f-8d8e-4c1f-b22c-cc20af6fe9d6","bucket":"b7476c50-0f3d-40c0-93c9-54b83f9cc7ba"} | ret=SUCCESS |  
2025-10-17 11:02:48,279 | INFO  | OMAudit | user=runner | ip=127.0.0.1 | op=UPDATE_BUCKET {"volume":"0ffc356f-8d8e-4c1f-b22c-cc20af6fe9d6","bucket":"b7476c50-0f3d-40c0-93c9-54b83f9cc7ba","gdprEnabled":null,"isVersionEnabled":"null","quotaInBytes":"20971520","quotaInNamespace":"100","Transaction":"578"} | ret=SUCCESS |  
2025-10-17 11:02:48,280 | INFO  | OMAudit | user=runner | ip=127.0.0.1 | op=READ_BUCKET {"volume":"0ffc356f-8d8e-4c1f-b22c-cc20af6fe9d6","bucket":"b7476c50-0f3d-40c0-93c9-54b83f9cc7ba"} | ret=SUCCESS |  
2025-10-17 11:02:48,281 | INFO  | SCMAudit | user=runner | ip=127.0.0.1 | op=ALLOCATE_BLOCK {"replication":"RATIS/ONE","owner":"omServiceIdDefault","size":"4194304","sampleBlocks":"[conID: 13 locID: 115816896921600176]","num":"1","client":"","allocated":"1"} | ret=SUCCESS |  
2025-10-17 11:02:48,283 | INFO  | OMAudit | user=runner | ip=127.0.0.1 | op=ALLOCATE_KEY {"volume":"0ffc356f-8d8e-4c1f-b22c-cc20af6fe9d6","bucket":"b7476c50-0f3d-40c0-93c9-54b83f9cc7ba","key":"cf48adba-d191-4a08-8dfa-fa2617c30ad4","dataSize":"12","replicationType":"RATIS","replicationFactor":"ONE","Transaction":"579"} | ret=SUCCESS |  
2025-10-17 11:02:48,285 | INFO  | OMAudit | user=runner | ip=127.0.0.1 | op=COMMIT_KEY {"volume":"0ffc356f-8d8e-4c1f-b22c-cc20af6fe9d6","bucket":"b7476c50-0f3d-40c0-93c9-54b83f9cc7ba","key":"cf48adba-d191-4a08-8dfa-fa2617c30ad4","dataSize":"0","replicationType":"RATIS","replicationFactor":"ONE","Transaction":"580"} | ret=SUCCESS |  
2025-10-17 11:02:48,286 | INFO  | OMAudit | user=runner | ip=127.0.0.1 | op=READ_VOLUME {"volume":"0ffc356f-8d8e-4c1f-b22c-cc20af6fe9d6"} | ret=SUCCESS |  
2025-10-17 11:02:48,287 | INFO  | OMAudit | user=runner | ip=127.0.0.1 | op=READ_BUCKET {"volume":"0ffc356f-8d8e-4c1f-b22c-cc20af6fe9d6","bucket":"b7476c50-0f3d-40c0-93c9-54b83f9cc7ba"} | ret=SUCCESS |  
2025-10-17 11:02:48,288 | INFO  | OMAudit | user=runner | ip=127.0.0.1 | op=READ_BUCKET {"volume":"0ffc356f-8d8e-4c1f-b22c-cc20af6fe9d6","bucket":"b7476c50-0f3d-40c0-93c9-54b83f9cc7ba"} | ret=SUCCESS |  
2025-10-17 11:02:48,289 | INFO  | OMAudit | user=runner | ip=127.0.0.1 | op=UPDATE_BUCKET {"volume":"0ffc356f-8d8e-4c1f-b22c-cc20af6fe9d6","bucket":"b7476c50-0f3d-40c0-93c9-54b83f9cc7ba","gdprEnabled":null,"isVersionEnabled":"null","quotaInBytes":"20971520","quotaInNamespace":"100","Transaction":"581"} | ret=SUCCESS |  
2025-10-17 11:02:48,291 | INFO  | OMAudit | user=runner | ip=127.0.0.1 | op=READ_BUCKET {"volume":"0ffc356f-8d8e-4c1f-b22c-cc20af6fe9d6","bucket":"b7476c50-0f3d-40c0-93c9-54b83f9cc7ba"} | ret=SUCCESS |  
2025-10-17 11:02:48,291 | INFO  | SCMAudit | user=runner | ip=127.0.0.1 | op=ALLOCATE_BLOCK {"replication":"RATIS/ONE","owner":"omServiceIdDefault","size":"4194304","sampleBlocks":"[conID: 8 locID: 115816896921600177]","num":"1","client":"","allocated":"1"} | ret=SUCCESS |  
2025-10-17 11:02:48,293 | INFO  | OMAudit | user=runner | ip=127.0.0.1 | op=ALLOCATE_KEY {"volume":"0ffc356f-8d8e-4c1f-b22c-cc20af6fe9d6","bucket":"b7476c50-0f3d-40c0-93c9-54b83f9cc7ba","key":"f27676c2-e1da-49fa-9705-25c2d8fdc4b2","dataSize":"12","replicationType":"RATIS","replicationFactor":"ONE","Transaction":"582"} | ret=SUCCESS |  
2025-10-17 11:02:48,298 | INFO  | OMAudit | user=runner | ip=127.0.0.1 | op=COMMIT_KEY {"volume":"0ffc356f-8d8e-4c1f-b22c-cc20af6fe9d6","bucket":"b7476c50-0f3d-40c0-93c9-54b83f9cc7ba","key":"f27676c2-e1da-49fa-9705-25c2d8fdc4b2","dataSize":"12","replicationType":"RATIS","replicationFactor":"ONE","Transaction":"583"} | ret=SUCCESS |  
2025-10-17 11:02:48,299 | INFO  | OMAudit | user=runner | ip=127.0.0.1 | op=READ_VOLUME {"volume":"0ffc356f-8d8e-4c1f-b22c-cc20af6fe9d6"} | ret=SUCCESS |  
2025-10-17 11:02:48,300 | INFO  | OMAudit | user=runner | ip=127.0.0.1 | op=READ_BUCKET {"volume":"0ffc356f-8d8e-4c1f-b22c-cc20af6fe9d6","bucket":"b7476c50-0f3d-40c0-93c9-54b83f9cc7ba"} | ret=SUCCESS |  
]]></system-out>
  </testcase>
  <testcase name="testCommitPartAfterCompleteUpload" classname="org.apache.hadoop.ozone.client.rpc.TestSecureOzoneRpcClient" time="0.331">
    <system-out><![CDATA[2025-10-17 11:02:48,301 [ForkJoinPool-1-worker-1] INFO  rpc.RpcClient (RpcClient.java:createVolume(461)) - Creating Volume: 1f4567cf-2559-4ac6-8e66-f723edee1b86, with runner as owner and space quota set to -1 bytes, counts quota set to -1
2025-10-17 11:02:48,303 [om1-OMStateMachineApplyTransactionThread - 0] INFO  volume.OMVolumeCreateRequest (OMVolumeCreateRequest.java:validateAndUpdateCache(213)) - created volume:1f4567cf-2559-4ac6-8e66-f723edee1b86 for user:runner
2025-10-17 11:02:48,303 | INFO  | OMAudit | user=runner | ip=127.0.0.1 | op=CREATE_VOLUME {"admin":"runner","owner":"runner","volume":"1f4567cf-2559-4ac6-8e66-f723edee1b86","creationTime":"1760698968302","modificationTime":"1760698968302","quotaInBytes":"-1","quotaInNamespace":"-1","usedNamespace":"0","objectID":"-9223372036854626304","updateID":"584","Transaction":"584"} | ret=SUCCESS |  
2025-10-17 11:02:48,304 | INFO  | OMAudit | user=runner | ip=127.0.0.1 | op=READ_VOLUME {"volume":"1f4567cf-2559-4ac6-8e66-f723edee1b86"} | ret=SUCCESS |  
2025-10-17 11:02:48,304 [ForkJoinPool-1-worker-1] INFO  rpc.RpcClient (RpcClient.java:createBucket(686)) - Creating Bucket: 1f4567cf-2559-4ac6-8e66-f723edee1b86/34ec8283-f64e-4313-ba09-1fdfc0ecd522, with server-side default bucket layout, runner as owner, Versioning false, Storage Type set to DISK and Encryption set to false, Replication Type set to server-side default replication type, Namespace Quota set to -1, Space Quota set to -1 
2025-10-17 11:02:48,305 [om1-OMStateMachineApplyTransactionThread - 0] INFO  bucket.OMBucketCreateRequest (OMBucketCreateRequest.java:validateAndUpdateCache(303)) - created bucket: 34ec8283-f64e-4313-ba09-1fdfc0ecd522 of layout FILE_SYSTEM_OPTIMIZED in volume: 1f4567cf-2559-4ac6-8e66-f723edee1b86
2025-10-17 11:02:48,305 | INFO  | OMAudit | user=runner | ip=127.0.0.1 | op=CREATE_BUCKET {"volume":"1f4567cf-2559-4ac6-8e66-f723edee1b86","bucket":"34ec8283-f64e-4313-ba09-1fdfc0ecd522","bucketLayout":"FILE_SYSTEM_OPTIMIZED","gdprEnabled":null,"acls":"[user:runner:a[ACCESS], group:runner:rl[ACCESS]]","isVersionEnabled":"false","storageType":"DISK","creationTime":"1760698968305","bucketEncryptionKey":null,"modificationTime":"1760698968305","usedBytes":"0","usedNamespace":"0","snapshotUsedBytes":"0","snapshotUsedNamespace":"0","owner":"runner","replicationType":null,"replicationConfig":null,"quotaInBytes":"-1","quotaInNamespace":"-1","Transaction":"585"} | ret=SUCCESS |  
2025-10-17 11:02:48,306 | INFO  | OMAudit | user=runner | ip=127.0.0.1 | op=READ_BUCKET {"volume":"1f4567cf-2559-4ac6-8e66-f723edee1b86","bucket":"34ec8283-f64e-4313-ba09-1fdfc0ecd522"} | ret=SUCCESS |  
2025-10-17 11:02:48,308 | INFO  | OMAudit | user=runner | ip=127.0.0.1 | op=INITIATE_MULTIPART_UPLOAD {"volume":"1f4567cf-2559-4ac6-8e66-f723edee1b86","bucket":"34ec8283-f64e-4313-ba09-1fdfc0ecd522","key":"5631668c-055b-4f6f-bc67-2cf02d6ee8ca","dataSize":"0","replicationType":"RATIS","replicationFactor":"ONE","uploadID":"0199f1d6-28f3-7436-8c0e-bc0979936daf-115389167586967698","Transaction":"586"} | ret=SUCCESS |  
2025-10-17 11:02:48,329 | INFO  | OMAudit | user=runner | ip=127.0.0.1 | op=ALLOCATE_KEY {"volume":"1f4567cf-2559-4ac6-8e66-f723edee1b86","bucket":"34ec8283-f64e-4313-ba09-1fdfc0ecd522","key":"5631668c-055b-4f6f-bc67-2cf02d6ee8ca","dataSize":"5242880","Transaction":"587"} | ret=SUCCESS |  
2025-10-17 11:02:48,333 | INFO  | SCMAudit | user=runner | ip=127.0.0.1 | op=ALLOCATE_BLOCK {"replication":"RATIS/ONE","owner":"omServiceIdDefault","size":"4194304","sampleBlocks":"[conID: 7 locID: 115816896921600178]","num":"1","client":"","allocated":"1"} | ret=SUCCESS |  
2025-10-17 11:02:48,336 | INFO  | OMAudit | user=runner | ip=127.0.0.1 | op=ALLOCATE_BLOCK {"volume":"1f4567cf-2559-4ac6-8e66-f723edee1b86","bucket":"34ec8283-f64e-4313-ba09-1fdfc0ecd522","key":"5631668c-055b-4f6f-bc67-2cf02d6ee8ca","dataSize":"5242880","replicationType":"RATIS","replicationFactor":"ONE","clientID":"115389167588147347","Transaction":"588"} | ret=SUCCESS |  
2025-10-17 11:02:48,357 | INFO  | SCMAudit | user=runner | ip=127.0.0.1 | op=ALLOCATE_BLOCK {"replication":"RATIS/ONE","owner":"omServiceIdDefault","size":"4194304","sampleBlocks":"[conID: 7 locID: 115816896921600179]","num":"1","client":"","allocated":"1"} | ret=SUCCESS |  
2025-10-17 11:02:48,359 | INFO  | OMAudit | user=runner | ip=127.0.0.1 | op=ALLOCATE_BLOCK {"volume":"1f4567cf-2559-4ac6-8e66-f723edee1b86","bucket":"34ec8283-f64e-4313-ba09-1fdfc0ecd522","key":"5631668c-055b-4f6f-bc67-2cf02d6ee8ca","dataSize":"5242880","replicationType":"RATIS","replicationFactor":"ONE","clientID":"115389167588147347","Transaction":"589"} | ret=SUCCESS |  
2025-10-17 11:02:48,374 | INFO  | OMAudit | user=runner | ip=127.0.0.1 | op=COMMIT_MULTIPART_UPLOAD_PARTKEY {"volume":"1f4567cf-2559-4ac6-8e66-f723edee1b86","bucket":"34ec8283-f64e-4313-ba09-1fdfc0ecd522","key":"5631668c-055b-4f6f-bc67-2cf02d6ee8ca","dataSize":"5242880","ETag":"e2e34f9e7f806993144950080d1ea6de","uploadID":"0199f1d6-28f3-7436-8c0e-bc0979936daf-115389167586967698","partNumber":"1","partName":"/1f4567cf-2559-4ac6-8e66-f723edee1b86/34ec8283-f64e-4313-ba09-1fdfc0ecd522/5631668c-055b-4f6f-bc67-2cf02d6ee8ca-0199f1d6-28f3-7436-8c0e-bc0979936daf-115389167586967698-1","Transaction":"590"} | ret=SUCCESS |  
2025-10-17 11:02:48,379 | INFO  | OMAudit | user=runner | ip=127.0.0.1 | op=ALLOCATE_KEY {"volume":"1f4567cf-2559-4ac6-8e66-f723edee1b86","bucket":"34ec8283-f64e-4313-ba09-1fdfc0ecd522","key":"5631668c-055b-4f6f-bc67-2cf02d6ee8ca","dataSize":"5242880","Transaction":"591"} | ret=SUCCESS |  
2025-10-17 11:02:48,389 | INFO  | SCMAudit | user=runner | ip=127.0.0.1 | op=ALLOCATE_BLOCK {"replication":"RATIS/ONE","owner":"omServiceIdDefault","size":"4194304","sampleBlocks":"[conID: 5 locID: 115816896921600180]","num":"1","client":"","allocated":"1"} | ret=SUCCESS |  
2025-10-17 11:02:48,391 | INFO  | OMAudit | user=runner | ip=127.0.0.1 | op=ALLOCATE_BLOCK {"volume":"1f4567cf-2559-4ac6-8e66-f723edee1b86","bucket":"34ec8283-f64e-4313-ba09-1fdfc0ecd522","key":"5631668c-055b-4f6f-bc67-2cf02d6ee8ca","dataSize":"5242880","replicationType":"RATIS","replicationFactor":"ONE","clientID":"115389167591555220","Transaction":"592"} | ret=SUCCESS |  
2025-10-17 11:02:48,407 | INFO  | SCMAudit | user=runner | ip=127.0.0.1 | op=ALLOCATE_BLOCK {"replication":"RATIS/ONE","owner":"omServiceIdDefault","size":"4194304","sampleBlocks":"[conID: 9 locID: 115816896921600181]","num":"1","client":"","allocated":"1"} | ret=SUCCESS |  
2025-10-17 11:02:48,408 | INFO  | OMAudit | user=runner | ip=127.0.0.1 | op=ALLOCATE_BLOCK {"volume":"1f4567cf-2559-4ac6-8e66-f723edee1b86","bucket":"34ec8283-f64e-4313-ba09-1fdfc0ecd522","key":"5631668c-055b-4f6f-bc67-2cf02d6ee8ca","dataSize":"5242880","replicationType":"RATIS","replicationFactor":"ONE","clientID":"115389167591555220","Transaction":"593"} | ret=SUCCESS |  
2025-10-17 11:02:48,434 | INFO  | OMAudit | user=runner | ip=127.0.0.1 | op=COMPLETE_MULTIPART_UPLOAD {"volume":"1f4567cf-2559-4ac6-8e66-f723edee1b86","bucket":"34ec8283-f64e-4313-ba09-1fdfc0ecd522","key":"5631668c-055b-4f6f-bc67-2cf02d6ee8ca","dataSize":"0","uploadID":"0199f1d6-28f3-7436-8c0e-bc0979936daf-115389167586967698","multipartList":"[partNumber: 1 partName: \"e2e34f9e7f806993144950080d1ea6de\" eTag: \"e2e34f9e7f806993144950080d1ea6de\" ]","Transaction":"594"} | ret=SUCCESS |  
2025-10-17 11:02:48,439 | INFO  | OMAudit | user=runner | ip=127.0.0.1 | op=READ_KEY {"volume":"1f4567cf-2559-4ac6-8e66-f723edee1b86","bucket":"34ec8283-f64e-4313-ba09-1fdfc0ecd522","key":"5631668c-055b-4f6f-bc67-2cf02d6ee8ca","owner":null,"dataSize":"0","replicationConfig":null} | ret=SUCCESS |  
2025-10-17 11:02:48,629 [om1-OMStateMachineApplyTransactionThread - 0] ERROR multipart.S3MultipartUploadCommitPartRequest (S3MultipartUploadCommitPartRequest.java:logResult(352)) - MultipartUpload Commit is failed for Key:5631668c-055b-4f6f-bc67-2cf02d6ee8ca in Volume/Bucket 1f4567cf-2559-4ac6-8e66-f723edee1b86/34ec8283-f64e-4313-ba09-1fdfc0ecd522
NO_SUCH_MULTIPART_UPLOAD_ERROR org.apache.hadoop.ozone.om.exceptions.OMException: No such Multipart upload is with specified uploadId 0199f1d6-28f3-7436-8c0e-bc0979936daf-115389167586967698
	at org.apache.hadoop.ozone.om.request.s3.multipart.S3MultipartUploadCommitPartRequest.validateAndUpdateCache(S3MultipartUploadCommitPartRequest.java:188)
	at org.apache.hadoop.ozone.protocolPB.OzoneManagerRequestHandler.lambda$0(OzoneManagerRequestHandler.java:418)
	at org.apache.hadoop.ozone.util.MetricUtil.captureLatencyNs(MetricUtil.java:45)
	at org.apache.hadoop.ozone.protocolPB.OzoneManagerRequestHandler.handleWriteRequestImpl(OzoneManagerRequestHandler.java:416)
	at org.apache.hadoop.ozone.protocolPB.RequestHandler.handleWriteRequest(RequestHandler.java:62)
	at org.apache.hadoop.ozone.om.ratis.OzoneManagerStateMachine.runCommand(OzoneManagerStateMachine.java:599)
	at org.apache.hadoop.ozone.om.ratis.OzoneManagerStateMachine.lambda$3(OzoneManagerStateMachine.java:415)
	at java.base/java.util.concurrent.CompletableFuture$AsyncSupply.run(CompletableFuture.java:1768)
	at java.base/java.util.concurrent.ThreadPoolExecutor.runWorker(ThreadPoolExecutor.java:1144)
	at java.base/java.util.concurrent.ThreadPoolExecutor$Worker.run(ThreadPoolExecutor.java:642)
	at java.base/java.lang.Thread.run(Thread.java:1583)
2025-10-17 11:02:48,630 | ERROR | OMAudit | user=runner | ip=127.0.0.1 | op=COMMIT_MULTIPART_UPLOAD_PARTKEY {"volume":"1f4567cf-2559-4ac6-8e66-f723edee1b86","bucket":"34ec8283-f64e-4313-ba09-1fdfc0ecd522","key":"5631668c-055b-4f6f-bc67-2cf02d6ee8ca","dataSize":"5242880","ETag":"e2e34f9e7f806993144950080d1ea6de","uploadID":"0199f1d6-28f3-7436-8c0e-bc0979936daf-115389167586967698","partNumber":"2","partName":"/1f4567cf-2559-4ac6-8e66-f723edee1b86/34ec8283-f64e-4313-ba09-1fdfc0ecd522/5631668c-055b-4f6f-bc67-2cf02d6ee8ca-0199f1d6-28f3-7436-8c0e-bc0979936daf-115389167586967698-2","Transaction":"595"} | ret=FAILURE | 
org.apache.hadoop.ozone.om.exceptions.OMException: No such Multipart upload is with specified uploadId 0199f1d6-28f3-7436-8c0e-bc0979936daf-115389167586967698
	at org.apache.hadoop.ozone.om.request.s3.multipart.S3MultipartUploadCommitPartRequest.validateAndUpdateCache(S3MultipartUploadCommitPartRequest.java:188)
	at org.apache.hadoop.ozone.protocolPB.OzoneManagerRequestHandler.lambda$0(OzoneManagerRequestHandler.java:418)
 
]]></system-out>
  </testcase>
  <testcase name="testCreateBucket" classname="org.apache.hadoop.ozone.client.rpc.TestSecureOzoneRpcClient" time="0.01">
    <system-out><![CDATA[2025-10-17 11:02:48,633 [ForkJoinPool-1-worker-1] INFO  rpc.RpcClient (RpcClient.java:createVolume(461)) - Creating Volume: b5bf4376-2ef1-479f-aeb5-d107ab30134e, with runner as owner and space quota set to -1 bytes, counts quota set to -1
2025-10-17 11:02:48,635 [om1-OMStateMachineApplyTransactionThread - 0] INFO  volume.OMVolumeCreateRequest (OMVolumeCreateRequest.java:validateAndUpdateCache(213)) - created volume:b5bf4376-2ef1-479f-aeb5-d107ab30134e for user:runner
2025-10-17 11:02:48,635 | INFO  | OMAudit | user=runner | ip=127.0.0.1 | op=CREATE_VOLUME {"admin":"runner","owner":"runner","volume":"b5bf4376-2ef1-479f-aeb5-d107ab30134e","creationTime":"1760698968634","modificationTime":"1760698968634","quotaInBytes":"-1","quotaInNamespace":"-1","usedNamespace":"0","objectID":"-9223372036854623232","updateID":"596","Transaction":"596"} | ret=SUCCESS |  
2025-10-17 11:02:48,636 | INFO  | OMAudit | user=runner | ip=127.0.0.1 | op=READ_VOLUME {"volume":"b5bf4376-2ef1-479f-aeb5-d107ab30134e"} | ret=SUCCESS |  
2025-10-17 11:02:48,637 [ForkJoinPool-1-worker-1] INFO  rpc.RpcClient (RpcClient.java:createBucket(686)) - Creating Bucket: b5bf4376-2ef1-479f-aeb5-d107ab30134e/3e8c9350-0efa-4b99-a38d-bc4b5aba636a, with server-side default bucket layout, runner as owner, Versioning false, Storage Type set to DISK and Encryption set to false, Replication Type set to server-side default replication type, Namespace Quota set to -1, Space Quota set to -1 
2025-10-17 11:02:48,639 [om1-OMStateMachineApplyTransactionThread - 0] INFO  bucket.OMBucketCreateRequest (OMBucketCreateRequest.java:validateAndUpdateCache(303)) - created bucket: 3e8c9350-0efa-4b99-a38d-bc4b5aba636a of layout FILE_SYSTEM_OPTIMIZED in volume: b5bf4376-2ef1-479f-aeb5-d107ab30134e
2025-10-17 11:02:48,639 | INFO  | OMAudit | user=runner | ip=127.0.0.1 | op=CREATE_BUCKET {"volume":"b5bf4376-2ef1-479f-aeb5-d107ab30134e","bucket":"3e8c9350-0efa-4b99-a38d-bc4b5aba636a","bucketLayout":"FILE_SYSTEM_OPTIMIZED","gdprEnabled":null,"acls":"[user:runner:a[ACCESS], group:runner:rl[ACCESS]]","isVersionEnabled":"false","storageType":"DISK","creationTime":"1760698968638","bucketEncryptionKey":null,"modificationTime":"1760698968638","usedBytes":"0","usedNamespace":"0","snapshotUsedBytes":"0","snapshotUsedNamespace":"0","owner":"runner","replicationType":null,"replicationConfig":null,"quotaInBytes":"-1","quotaInNamespace":"-1","Transaction":"597"} | ret=SUCCESS |  
2025-10-17 11:02:48,640 | INFO  | OMAudit | user=runner | ip=127.0.0.1 | op=READ_BUCKET {"volume":"b5bf4376-2ef1-479f-aeb5-d107ab30134e","bucket":"3e8c9350-0efa-4b99-a38d-bc4b5aba636a"} | ret=SUCCESS |  
]]></system-out>
  </testcase>
  <testcase name="testCreateBucketWithAcls" classname="org.apache.hadoop.ozone.client.rpc.TestSecureOzoneRpcClient" time="0.007">
    <system-out><![CDATA[2025-10-17 11:02:48,643 [ForkJoinPool-1-worker-1] INFO  rpc.RpcClient (RpcClient.java:createVolume(461)) - Creating Volume: 4892fa17-9655-4fda-951a-be90e9ae9560, with runner as owner and space quota set to -1 bytes, counts quota set to -1
2025-10-17 11:02:48,644 [om1-OMStateMachineApplyTransactionThread - 0] INFO  volume.OMVolumeCreateRequest (OMVolumeCreateRequest.java:validateAndUpdateCache(213)) - created volume:4892fa17-9655-4fda-951a-be90e9ae9560 for user:runner
2025-10-17 11:02:48,644 | INFO  | OMAudit | user=runner | ip=127.0.0.1 | op=CREATE_VOLUME {"admin":"runner","owner":"runner","volume":"4892fa17-9655-4fda-951a-be90e9ae9560","creationTime":"1760698968643","modificationTime":"1760698968643","quotaInBytes":"-1","quotaInNamespace":"-1","usedNamespace":"0","objectID":"-9223372036854622720","updateID":"598","Transaction":"598"} | ret=SUCCESS |  
2025-10-17 11:02:48,645 | INFO  | OMAudit | user=runner | ip=127.0.0.1 | op=READ_VOLUME {"volume":"4892fa17-9655-4fda-951a-be90e9ae9560"} | ret=SUCCESS |  
2025-10-17 11:02:48,645 [ForkJoinPool-1-worker-1] INFO  rpc.RpcClient (RpcClient.java:createBucket(686)) - Creating Bucket: 4892fa17-9655-4fda-951a-be90e9ae9560/69832dc7-7599-4337-a516-eb54bc8f5231, with server-side default bucket layout, runner as owner, Versioning false, Storage Type set to DISK and Encryption set to false, Replication Type set to server-side default replication type, Namespace Quota set to -1, Space Quota set to -1 
2025-10-17 11:02:48,647 [om1-OMStateMachineApplyTransactionThread - 0] INFO  bucket.OMBucketCreateRequest (OMBucketCreateRequest.java:validateAndUpdateCache(303)) - created bucket: 69832dc7-7599-4337-a516-eb54bc8f5231 of layout FILE_SYSTEM_OPTIMIZED in volume: 4892fa17-9655-4fda-951a-be90e9ae9560
2025-10-17 11:02:48,647 | INFO  | OMAudit | user=runner | ip=127.0.0.1 | op=CREATE_BUCKET {"volume":"4892fa17-9655-4fda-951a-be90e9ae9560","bucket":"69832dc7-7599-4337-a516-eb54bc8f5231","bucketLayout":"FILE_SYSTEM_OPTIMIZED","gdprEnabled":null,"acls":"[user:runner:a[ACCESS], group:runner:rl[ACCESS], user:test:r[ACCESS]]","isVersionEnabled":"false","storageType":"DISK","creationTime":"1760698968646","bucketEncryptionKey":null,"modificationTime":"1760698968646","usedBytes":"0","usedNamespace":"0","snapshotUsedBytes":"0","snapshotUsedNamespace":"0","owner":"runner","replicationType":null,"replicationConfig":null,"quotaInBytes":"-1","quotaInNamespace":"-1","Transaction":"599"} | ret=SUCCESS |  
2025-10-17 11:02:48,647 | INFO  | OMAudit | user=runner | ip=127.0.0.1 | op=READ_BUCKET {"volume":"4892fa17-9655-4fda-951a-be90e9ae9560","bucket":"69832dc7-7599-4337-a516-eb54bc8f5231"} | ret=SUCCESS |  
2025-10-17 11:02:48,648 | INFO  | OMAudit | user=runner | ip=127.0.0.1 | op=GET_ACL {"resourceType":"bucket","storageType":"ozone","volume":"4892fa17-9655-4fda-951a-be90e9ae9560","bucket":"69832dc7-7599-4337-a516-eb54bc8f5231","key":null} | ret=SUCCESS |  
]]></system-out>
  </testcase>
  <testcase name="testCreateBucketWithAllArgument" classname="org.apache.hadoop.ozone.client.rpc.TestSecureOzoneRpcClient" time="0.009">
    <system-out><![CDATA[2025-10-17 11:02:48,650 [ForkJoinPool-1-worker-1] INFO  rpc.RpcClient (RpcClient.java:createVolume(461)) - Creating Volume: 5f9d1595-d6c0-4275-b2c0-163a5a2b1e4c, with runner as owner and space quota set to -1 bytes, counts quota set to -1
2025-10-17 11:02:48,651 [om1-OMStateMachineApplyTransactionThread - 0] INFO  volume.OMVolumeCreateRequest (OMVolumeCreateRequest.java:validateAndUpdateCache(213)) - created volume:5f9d1595-d6c0-4275-b2c0-163a5a2b1e4c for user:runner
2025-10-17 11:02:48,651 | INFO  | OMAudit | user=runner | ip=127.0.0.1 | op=CREATE_VOLUME {"admin":"runner","owner":"runner","volume":"5f9d1595-d6c0-4275-b2c0-163a5a2b1e4c","creationTime":"1760698968650","modificationTime":"1760698968650","quotaInBytes":"-1","quotaInNamespace":"-1","usedNamespace":"0","objectID":"-9223372036854622208","updateID":"600","Transaction":"600"} | ret=SUCCESS |  
2025-10-17 11:02:48,652 | INFO  | OMAudit | user=runner | ip=127.0.0.1 | op=READ_VOLUME {"volume":"5f9d1595-d6c0-4275-b2c0-163a5a2b1e4c"} | ret=SUCCESS |  
2025-10-17 11:02:48,653 [ForkJoinPool-1-worker-1] INFO  rpc.RpcClient (RpcClient.java:createBucket(686)) - Creating Bucket: 5f9d1595-d6c0-4275-b2c0-163a5a2b1e4c/316fa08a-cacd-433c-8827-791ddbc007be, with server-side default bucket layout, runner as owner, Versioning true, Storage Type set to SSD and Encryption set to false, Replication Type set to EC, Namespace Quota set to -1, Space Quota set to -1 
2025-10-17 11:02:48,656 [om1-OMStateMachineApplyTransactionThread - 0] INFO  bucket.OMBucketCreateRequest (OMBucketCreateRequest.java:validateAndUpdateCache(303)) - created bucket: 316fa08a-cacd-433c-8827-791ddbc007be of layout FILE_SYSTEM_OPTIMIZED in volume: 5f9d1595-d6c0-4275-b2c0-163a5a2b1e4c
2025-10-17 11:02:48,656 | INFO  | OMAudit | user=runner | ip=127.0.0.1 | op=CREATE_BUCKET {"volume":"5f9d1595-d6c0-4275-b2c0-163a5a2b1e4c","bucket":"316fa08a-cacd-433c-8827-791ddbc007be","bucketLayout":"FILE_SYSTEM_OPTIMIZED","gdprEnabled":null,"acls":"[user:runner:a[ACCESS], group:runner:rl[ACCESS], user:test:a[ACCESS]]","isVersionEnabled":"true","storageType":"SSD","creationTime":"1760698968655","bucketEncryptionKey":null,"modificationTime":"1760698968655","usedBytes":"0","usedNamespace":"0","snapshotUsedBytes":"0","snapshotUsedNamespace":"0","owner":"runner","replicationType":"EC","replicationConfig":"rs-3-2-1024k","quotaInBytes":"-1","quotaInNamespace":"-1","Transaction":"601"} | ret=SUCCESS |  
2025-10-17 11:02:48,657 | INFO  | OMAudit | user=runner | ip=127.0.0.1 | op=READ_BUCKET {"volume":"5f9d1595-d6c0-4275-b2c0-163a5a2b1e4c","bucket":"316fa08a-cacd-433c-8827-791ddbc007be"} | ret=SUCCESS |  
2025-10-17 11:02:48,657 | INFO  | OMAudit | user=runner | ip=127.0.0.1 | op=GET_ACL {"resourceType":"bucket","storageType":"ozone","volume":"5f9d1595-d6c0-4275-b2c0-163a5a2b1e4c","bucket":"316fa08a-cacd-433c-8827-791ddbc007be","key":null} | ret=SUCCESS |  
]]></system-out>
  </testcase>
  <testcase name="testCreateBucketWithMetadata" classname="org.apache.hadoop.ozone.client.rpc.TestSecureOzoneRpcClient" time="0.007">
    <system-out><![CDATA[2025-10-17 11:02:48,659 [ForkJoinPool-1-worker-1] INFO  rpc.RpcClient (RpcClient.java:createVolume(461)) - Creating Volume: 4ead8424-d4c2-4e6f-b30e-707e5ad6307b, with runner as owner and space quota set to -1 bytes, counts quota set to -1
2025-10-17 11:02:48,660 [om1-OMStateMachineApplyTransactionThread - 0] INFO  volume.OMVolumeCreateRequest (OMVolumeCreateRequest.java:validateAndUpdateCache(213)) - created volume:4ead8424-d4c2-4e6f-b30e-707e5ad6307b for user:runner
2025-10-17 11:02:48,660 | INFO  | OMAudit | user=runner | ip=127.0.0.1 | op=CREATE_VOLUME {"admin":"runner","owner":"runner","volume":"4ead8424-d4c2-4e6f-b30e-707e5ad6307b","creationTime":"1760698968659","modificationTime":"1760698968659","quotaInBytes":"-1","quotaInNamespace":"-1","usedNamespace":"0","objectID":"-9223372036854621696","updateID":"602","Transaction":"602"} | ret=SUCCESS |  
2025-10-17 11:02:48,661 | INFO  | OMAudit | user=runner | ip=127.0.0.1 | op=READ_VOLUME {"volume":"4ead8424-d4c2-4e6f-b30e-707e5ad6307b"} | ret=SUCCESS |  
2025-10-17 11:02:48,662 [ForkJoinPool-1-worker-1] INFO  rpc.RpcClient (RpcClient.java:createBucket(686)) - Creating Bucket: 4ead8424-d4c2-4e6f-b30e-707e5ad6307b/78d915cf-47ea-4c0c-b38c-ab0fb946fd2e, with server-side default bucket layout, runner as owner, Versioning false, Storage Type set to DISK and Encryption set to false, Replication Type set to server-side default replication type, Namespace Quota set to -1, Space Quota set to -1 
2025-10-17 11:02:48,663 [om1-OMStateMachineApplyTransactionThread - 0] INFO  bucket.OMBucketCreateRequest (OMBucketCreateRequest.java:validateAndUpdateCache(303)) - created bucket: 78d915cf-47ea-4c0c-b38c-ab0fb946fd2e of layout FILE_SYSTEM_OPTIMIZED in volume: 4ead8424-d4c2-4e6f-b30e-707e5ad6307b
2025-10-17 11:02:48,663 | INFO  | OMAudit | user=runner | ip=127.0.0.1 | op=CREATE_BUCKET {"volume":"4ead8424-d4c2-4e6f-b30e-707e5ad6307b","bucket":"78d915cf-47ea-4c0c-b38c-ab0fb946fd2e","bucketLayout":"FILE_SYSTEM_OPTIMIZED","gdprEnabled":null,"acls":"[user:runner:a[ACCESS], group:runner:rl[ACCESS]]","isVersionEnabled":"false","storageType":"DISK","creationTime":"1760698968662","bucketEncryptionKey":null,"modificationTime":"1760698968662","usedBytes":"0","usedNamespace":"0","snapshotUsedBytes":"0","snapshotUsedNamespace":"0","owner":"runner","replicationType":null,"replicationConfig":null,"quotaInBytes":"-1","quotaInNamespace":"-1","Transaction":"603"} | ret=SUCCESS |  
2025-10-17 11:02:48,664 | INFO  | OMAudit | user=runner | ip=127.0.0.1 | op=READ_BUCKET {"volume":"4ead8424-d4c2-4e6f-b30e-707e5ad6307b","bucket":"78d915cf-47ea-4c0c-b38c-ab0fb946fd2e"} | ret=SUCCESS |  
]]></system-out>
  </testcase>
  <testcase name="testCreateBucketWithReplicationConfig" classname="org.apache.hadoop.ozone.client.rpc.TestSecureOzoneRpcClient" time="0.006">
    <system-out><![CDATA[2025-10-17 11:02:48,665 [ForkJoinPool-1-worker-1] INFO  rpc.RpcClient (RpcClient.java:createVolume(461)) - Creating Volume: 877de566-aeff-41f2-8930-cc1bca533c3d, with runner as owner and space quota set to -1 bytes, counts quota set to -1
2025-10-17 11:02:48,667 [om1-OMStateMachineApplyTransactionThread - 0] INFO  volume.OMVolumeCreateRequest (OMVolumeCreateRequest.java:validateAndUpdateCache(213)) - created volume:877de566-aeff-41f2-8930-cc1bca533c3d for user:runner
2025-10-17 11:02:48,667 | INFO  | OMAudit | user=runner | ip=127.0.0.1 | op=CREATE_VOLUME {"admin":"runner","owner":"runner","volume":"877de566-aeff-41f2-8930-cc1bca533c3d","creationTime":"1760698968666","modificationTime":"1760698968666","quotaInBytes":"-1","quotaInNamespace":"-1","usedNamespace":"0","objectID":"-9223372036854621184","updateID":"604","Transaction":"604"} | ret=SUCCESS |  
2025-10-17 11:02:48,668 | INFO  | OMAudit | user=runner | ip=127.0.0.1 | op=READ_VOLUME {"volume":"877de566-aeff-41f2-8930-cc1bca533c3d"} | ret=SUCCESS |  
2025-10-17 11:02:48,669 [ForkJoinPool-1-worker-1] INFO  rpc.RpcClient (RpcClient.java:createBucket(686)) - Creating Bucket: 877de566-aeff-41f2-8930-cc1bca533c3d/b80229b4-490b-49ed-a262-e496ea774ac6, with server-side default bucket layout, runner as owner, Versioning false, Storage Type set to DISK and Encryption set to false, Replication Type set to EC, Namespace Quota set to -1, Space Quota set to -1 
2025-10-17 11:02:48,670 [om1-OMStateMachineApplyTransactionThread - 0] INFO  bucket.OMBucketCreateRequest (OMBucketCreateRequest.java:validateAndUpdateCache(303)) - created bucket: b80229b4-490b-49ed-a262-e496ea774ac6 of layout FILE_SYSTEM_OPTIMIZED in volume: 877de566-aeff-41f2-8930-cc1bca533c3d
2025-10-17 11:02:48,670 | INFO  | OMAudit | user=runner | ip=127.0.0.1 | op=CREATE_BUCKET {"volume":"877de566-aeff-41f2-8930-cc1bca533c3d","bucket":"b80229b4-490b-49ed-a262-e496ea774ac6","bucketLayout":"FILE_SYSTEM_OPTIMIZED","gdprEnabled":null,"acls":"[user:runner:a[ACCESS], group:runner:rl[ACCESS]]","isVersionEnabled":"false","storageType":"DISK","creationTime":"1760698968669","bucketEncryptionKey":null,"modificationTime":"1760698968669","usedBytes":"0","usedNamespace":"0","snapshotUsedBytes":"0","snapshotUsedNamespace":"0","owner":"runner","replicationType":"EC","replicationConfig":"rs-3-2-1024k","quotaInBytes":"-1","quotaInNamespace":"-1","Transaction":"605"} | ret=SUCCESS |  
2025-10-17 11:02:48,671 | INFO  | OMAudit | user=runner | ip=127.0.0.1 | op=READ_BUCKET {"volume":"877de566-aeff-41f2-8930-cc1bca533c3d","bucket":"b80229b4-490b-49ed-a262-e496ea774ac6"} | ret=SUCCESS |  
]]></system-out>
  </testcase>
  <testcase name="testCreateBucketWithStorageType" classname="org.apache.hadoop.ozone.client.rpc.TestSecureOzoneRpcClient" time="0.005">
    <system-out><![CDATA[2025-10-17 11:02:48,672 [ForkJoinPool-1-worker-1] INFO  rpc.RpcClient (RpcClient.java:createVolume(461)) - Creating Volume: 9dd76028-4edf-4576-a742-640a782e45fb, with runner as owner and space quota set to -1 bytes, counts quota set to -1
2025-10-17 11:02:48,673 [om1-OMStateMachineApplyTransactionThread - 0] INFO  volume.OMVolumeCreateRequest (OMVolumeCreateRequest.java:validateAndUpdateCache(213)) - created volume:9dd76028-4edf-4576-a742-640a782e45fb for user:runner
2025-10-17 11:02:48,673 | INFO  | OMAudit | user=runner | ip=127.0.0.1 | op=CREATE_VOLUME {"admin":"runner","owner":"runner","volume":"9dd76028-4edf-4576-a742-640a782e45fb","creationTime":"1760698968673","modificationTime":"1760698968673","quotaInBytes":"-1","quotaInNamespace":"-1","usedNamespace":"0","objectID":"-9223372036854620672","updateID":"606","Transaction":"606"} | ret=SUCCESS |  
2025-10-17 11:02:48,674 | INFO  | OMAudit | user=runner | ip=127.0.0.1 | op=READ_VOLUME {"volume":"9dd76028-4edf-4576-a742-640a782e45fb"} | ret=SUCCESS |  
2025-10-17 11:02:48,675 [ForkJoinPool-1-worker-1] INFO  rpc.RpcClient (RpcClient.java:createBucket(686)) - Creating Bucket: 9dd76028-4edf-4576-a742-640a782e45fb/ffef92f7-1509-43cf-91fc-c5ec32739fb7, with server-side default bucket layout, runner as owner, Versioning false, Storage Type set to SSD and Encryption set to false, Replication Type set to server-side default replication type, Namespace Quota set to -1, Space Quota set to -1 
2025-10-17 11:02:48,676 [om1-OMStateMachineApplyTransactionThread - 0] INFO  bucket.OMBucketCreateRequest (OMBucketCreateRequest.java:validateAndUpdateCache(303)) - created bucket: ffef92f7-1509-43cf-91fc-c5ec32739fb7 of layout FILE_SYSTEM_OPTIMIZED in volume: 9dd76028-4edf-4576-a742-640a782e45fb
2025-10-17 11:02:48,676 | INFO  | OMAudit | user=runner | ip=127.0.0.1 | op=CREATE_BUCKET {"volume":"9dd76028-4edf-4576-a742-640a782e45fb","bucket":"ffef92f7-1509-43cf-91fc-c5ec32739fb7","bucketLayout":"FILE_SYSTEM_OPTIMIZED","gdprEnabled":null,"acls":"[user:runner:a[ACCESS], group:runner:rl[ACCESS]]","isVersionEnabled":"false","storageType":"SSD","creationTime":"1760698968675","bucketEncryptionKey":null,"modificationTime":"1760698968675","usedBytes":"0","usedNamespace":"0","snapshotUsedBytes":"0","snapshotUsedNamespace":"0","owner":"runner","replicationType":null,"replicationConfig":null,"quotaInBytes":"-1","quotaInNamespace":"-1","Transaction":"607"} | ret=SUCCESS |  
2025-10-17 11:02:48,677 | INFO  | OMAudit | user=runner | ip=127.0.0.1 | op=READ_BUCKET {"volume":"9dd76028-4edf-4576-a742-640a782e45fb","bucket":"ffef92f7-1509-43cf-91fc-c5ec32739fb7"} | ret=SUCCESS |  
]]></system-out>
  </testcase>
  <testcase name="testCreateBucketWithVersioning" classname="org.apache.hadoop.ozone.client.rpc.TestSecureOzoneRpcClient" time="0.006">
    <system-out><![CDATA[2025-10-17 11:02:48,678 [ForkJoinPool-1-worker-1] INFO  rpc.RpcClient (RpcClient.java:createVolume(461)) - Creating Volume: 2a0dcc9b-8dbc-443c-baa5-b05ceb767d9b, with runner as owner and space quota set to -1 bytes, counts quota set to -1
2025-10-17 11:02:48,679 [om1-OMStateMachineApplyTransactionThread - 0] INFO  volume.OMVolumeCreateRequest (OMVolumeCreateRequest.java:validateAndUpdateCache(213)) - created volume:2a0dcc9b-8dbc-443c-baa5-b05ceb767d9b for user:runner
2025-10-17 11:02:48,679 | INFO  | OMAudit | user=runner | ip=127.0.0.1 | op=CREATE_VOLUME {"admin":"runner","owner":"runner","volume":"2a0dcc9b-8dbc-443c-baa5-b05ceb767d9b","creationTime":"1760698968678","modificationTime":"1760698968678","quotaInBytes":"-1","quotaInNamespace":"-1","usedNamespace":"0","objectID":"-9223372036854620160","updateID":"608","Transaction":"608"} | ret=SUCCESS |  
2025-10-17 11:02:48,680 | INFO  | OMAudit | user=runner | ip=127.0.0.1 | op=READ_VOLUME {"volume":"2a0dcc9b-8dbc-443c-baa5-b05ceb767d9b"} | ret=SUCCESS |  
2025-10-17 11:02:48,680 [ForkJoinPool-1-worker-1] INFO  rpc.RpcClient (RpcClient.java:createBucket(686)) - Creating Bucket: 2a0dcc9b-8dbc-443c-baa5-b05ceb767d9b/2c48c561-db4f-42e0-b628-fc0d5abac61c, with server-side default bucket layout, runner as owner, Versioning true, Storage Type set to DISK and Encryption set to false, Replication Type set to server-side default replication type, Namespace Quota set to -1, Space Quota set to -1 
2025-10-17 11:02:48,682 [om1-OMStateMachineApplyTransactionThread - 0] INFO  bucket.OMBucketCreateRequest (OMBucketCreateRequest.java:validateAndUpdateCache(303)) - created bucket: 2c48c561-db4f-42e0-b628-fc0d5abac61c of layout FILE_SYSTEM_OPTIMIZED in volume: 2a0dcc9b-8dbc-443c-baa5-b05ceb767d9b
2025-10-17 11:02:48,682 | INFO  | OMAudit | user=runner | ip=127.0.0.1 | op=CREATE_BUCKET {"volume":"2a0dcc9b-8dbc-443c-baa5-b05ceb767d9b","bucket":"2c48c561-db4f-42e0-b628-fc0d5abac61c","bucketLayout":"FILE_SYSTEM_OPTIMIZED","gdprEnabled":null,"acls":"[user:runner:a[ACCESS], group:runner:rl[ACCESS]]","isVersionEnabled":"true","storageType":"DISK","creationTime":"1760698968681","bucketEncryptionKey":null,"modificationTime":"1760698968681","usedBytes":"0","usedNamespace":"0","snapshotUsedBytes":"0","snapshotUsedNamespace":"0","owner":"runner","replicationType":null,"replicationConfig":null,"quotaInBytes":"-1","quotaInNamespace":"-1","Transaction":"609"} | ret=SUCCESS |  
2025-10-17 11:02:48,682 | INFO  | OMAudit | user=runner | ip=127.0.0.1 | op=READ_BUCKET {"volume":"2a0dcc9b-8dbc-443c-baa5-b05ceb767d9b","bucket":"2c48c561-db4f-42e0-b628-fc0d5abac61c"} | ret=SUCCESS |  
]]></system-out>
  </testcase>
  <testcase name="testCreateKeyWithMetadataAndTags(BucketLayout)[1]" classname="org.apache.hadoop.ozone.client.rpc.TestSecureOzoneRpcClient" time="0.021">
    <system-out><![CDATA[2025-10-17 11:02:48,685 [ForkJoinPool-1-worker-1] INFO  rpc.RpcClient (RpcClient.java:createVolume(461)) - Creating Volume: 946197f2-79b6-48da-9718-52d56602251a, with runner as owner and space quota set to -1 bytes, counts quota set to -1
2025-10-17 11:02:48,687 [om1-OMStateMachineApplyTransactionThread - 0] INFO  volume.OMVolumeCreateRequest (OMVolumeCreateRequest.java:validateAndUpdateCache(213)) - created volume:946197f2-79b6-48da-9718-52d56602251a for user:runner
2025-10-17 11:02:48,687 | INFO  | OMAudit | user=runner | ip=127.0.0.1 | op=CREATE_VOLUME {"admin":"runner","owner":"runner","volume":"946197f2-79b6-48da-9718-52d56602251a","creationTime":"1760698968686","modificationTime":"1760698968686","quotaInBytes":"-1","quotaInNamespace":"-1","usedNamespace":"0","objectID":"-9223372036854619648","updateID":"610","Transaction":"610"} | ret=SUCCESS |  
2025-10-17 11:02:48,688 | INFO  | OMAudit | user=runner | ip=127.0.0.1 | op=READ_VOLUME {"volume":"946197f2-79b6-48da-9718-52d56602251a"} | ret=SUCCESS |  
2025-10-17 11:02:48,688 [ForkJoinPool-1-worker-1] INFO  rpc.RpcClient (RpcClient.java:createBucket(686)) - Creating Bucket: 946197f2-79b6-48da-9718-52d56602251a/2693ea72-762a-4900-ad26-eff2e74db629, with bucket layout OBJECT_STORE, runner as owner, Versioning false, Storage Type set to DISK and Encryption set to false, Replication Type set to server-side default replication type, Namespace Quota set to -1, Space Quota set to -1 
2025-10-17 11:02:48,690 [om1-OMStateMachineApplyTransactionThread - 0] INFO  bucket.OMBucketCreateRequest (OMBucketCreateRequest.java:validateAndUpdateCache(303)) - created bucket: 2693ea72-762a-4900-ad26-eff2e74db629 of layout OBJECT_STORE in volume: 946197f2-79b6-48da-9718-52d56602251a
2025-10-17 11:02:48,690 | INFO  | OMAudit | user=runner | ip=127.0.0.1 | op=CREATE_BUCKET {"volume":"946197f2-79b6-48da-9718-52d56602251a","bucket":"2693ea72-762a-4900-ad26-eff2e74db629","bucketLayout":"OBJECT_STORE","gdprEnabled":null,"acls":"[user:runner:a[ACCESS], group:runner:rl[ACCESS]]","isVersionEnabled":"false","storageType":"DISK","creationTime":"1760698968689","bucketEncryptionKey":null,"modificationTime":"1760698968689","usedBytes":"0","usedNamespace":"0","snapshotUsedBytes":"0","snapshotUsedNamespace":"0","owner":"runner","replicationType":null,"replicationConfig":null,"quotaInBytes":"-1","quotaInNamespace":"-1","Transaction":"611"} | ret=SUCCESS |  
2025-10-17 11:02:48,690 | INFO  | OMAudit | user=runner | ip=127.0.0.1 | op=READ_BUCKET {"volume":"946197f2-79b6-48da-9718-52d56602251a","bucket":"2693ea72-762a-4900-ad26-eff2e74db629"} | ret=SUCCESS |  
2025-10-17 11:02:48,692 | INFO  | OMAudit | user=runner | ip=127.0.0.1 | op=READ_BUCKET {"volume":"946197f2-79b6-48da-9718-52d56602251a","bucket":"2693ea72-762a-4900-ad26-eff2e74db629"} | ret=SUCCESS |  
2025-10-17 11:02:48,693 | INFO  | SCMAudit | user=runner | ip=127.0.0.1 | op=ALLOCATE_BLOCK {"replication":"RATIS/ONE","owner":"omServiceIdDefault","size":"4194304","sampleBlocks":"[conID: 13 locID: 115816896921600182]","num":"1","client":"","allocated":"1"} | ret=SUCCESS |  
2025-10-17 11:02:48,694 | INFO  | OMAudit | user=runner | ip=127.0.0.1 | op=ALLOCATE_KEY {"volume":"946197f2-79b6-48da-9718-52d56602251a","bucket":"2693ea72-762a-4900-ad26-eff2e74db629","key":"3e9ed7c4-f5c3-4355-b882-ea20b14309a8","dataSize":"12","replicationType":"RATIS","replicationFactor":"ONE","Transaction":"612"} | ret=SUCCESS |  
2025-10-17 11:02:48,701 | INFO  | OMAudit | user=runner | ip=127.0.0.1 | op=COMMIT_KEY {"volume":"946197f2-79b6-48da-9718-52d56602251a","bucket":"2693ea72-762a-4900-ad26-eff2e74db629","key":"3e9ed7c4-f5c3-4355-b882-ea20b14309a8","dataSize":"12","replicationType":"RATIS","replicationFactor":"ONE","Transaction":"613"} | ret=SUCCESS |  
2025-10-17 11:02:48,702 | INFO  | OMAudit | user=runner | ip=127.0.0.1 | op=READ_KEY {"volume":"946197f2-79b6-48da-9718-52d56602251a","bucket":"2693ea72-762a-4900-ad26-eff2e74db629","key":"3e9ed7c4-f5c3-4355-b882-ea20b14309a8","owner":null,"dataSize":"0","replicationConfig":null} | ret=SUCCESS |  
]]></system-out>
  </testcase>
  <testcase name="testCreateKeyWithMetadataAndTags(BucketLayout)[2]" classname="org.apache.hadoop.ozone.client.rpc.TestSecureOzoneRpcClient" time="0.018">
    <system-out><![CDATA[2025-10-17 11:02:48,707 [ForkJoinPool-1-worker-1] INFO  rpc.RpcClient (RpcClient.java:createVolume(461)) - Creating Volume: 44471754-e6a2-4b1e-81fa-980b23710856, with runner as owner and space quota set to -1 bytes, counts quota set to -1
2025-10-17 11:02:48,709 [om1-OMStateMachineApplyTransactionThread - 0] INFO  volume.OMVolumeCreateRequest (OMVolumeCreateRequest.java:validateAndUpdateCache(213)) - created volume:44471754-e6a2-4b1e-81fa-980b23710856 for user:runner
2025-10-17 11:02:48,709 | INFO  | OMAudit | user=runner | ip=127.0.0.1 | op=CREATE_VOLUME {"admin":"runner","owner":"runner","volume":"44471754-e6a2-4b1e-81fa-980b23710856","creationTime":"1760698968708","modificationTime":"1760698968708","quotaInBytes":"-1","quotaInNamespace":"-1","usedNamespace":"0","objectID":"-9223372036854618624","updateID":"614","Transaction":"614"} | ret=SUCCESS |  
2025-10-17 11:02:48,709 | INFO  | OMAudit | user=runner | ip=127.0.0.1 | op=READ_VOLUME {"volume":"44471754-e6a2-4b1e-81fa-980b23710856"} | ret=SUCCESS |  
2025-10-17 11:02:48,710 [ForkJoinPool-1-worker-1] INFO  rpc.RpcClient (RpcClient.java:createBucket(686)) - Creating Bucket: 44471754-e6a2-4b1e-81fa-980b23710856/ec0a0e58-0979-4949-a3c0-13eb805e0398, with bucket layout LEGACY, runner as owner, Versioning false, Storage Type set to DISK and Encryption set to false, Replication Type set to server-side default replication type, Namespace Quota set to -1, Space Quota set to -1 
2025-10-17 11:02:48,711 [om1-OMStateMachineApplyTransactionThread - 0] INFO  bucket.OMBucketCreateRequest (OMBucketCreateRequest.java:validateAndUpdateCache(303)) - created bucket: ec0a0e58-0979-4949-a3c0-13eb805e0398 of layout LEGACY in volume: 44471754-e6a2-4b1e-81fa-980b23710856
2025-10-17 11:02:48,711 | INFO  | OMAudit | user=runner | ip=127.0.0.1 | op=CREATE_BUCKET {"volume":"44471754-e6a2-4b1e-81fa-980b23710856","bucket":"ec0a0e58-0979-4949-a3c0-13eb805e0398","bucketLayout":"LEGACY","gdprEnabled":null,"acls":"[user:runner:a[ACCESS], group:runner:rl[ACCESS]]","isVersionEnabled":"false","storageType":"DISK","creationTime":"1760698968710","bucketEncryptionKey":null,"modificationTime":"1760698968710","usedBytes":"0","usedNamespace":"0","snapshotUsedBytes":"0","snapshotUsedNamespace":"0","owner":"runner","replicationType":null,"replicationConfig":null,"quotaInBytes":"-1","quotaInNamespace":"-1","Transaction":"615"} | ret=SUCCESS |  
2025-10-17 11:02:48,712 | INFO  | OMAudit | user=runner | ip=127.0.0.1 | op=READ_BUCKET {"volume":"44471754-e6a2-4b1e-81fa-980b23710856","bucket":"ec0a0e58-0979-4949-a3c0-13eb805e0398"} | ret=SUCCESS |  
2025-10-17 11:02:48,713 | INFO  | OMAudit | user=runner | ip=127.0.0.1 | op=READ_BUCKET {"volume":"44471754-e6a2-4b1e-81fa-980b23710856","bucket":"ec0a0e58-0979-4949-a3c0-13eb805e0398"} | ret=SUCCESS |  
2025-10-17 11:02:48,713 | INFO  | SCMAudit | user=runner | ip=127.0.0.1 | op=ALLOCATE_BLOCK {"replication":"RATIS/ONE","owner":"omServiceIdDefault","size":"4194304","sampleBlocks":"[conID: 3 locID: 115816896921600183]","num":"1","client":"","allocated":"1"} | ret=SUCCESS |  
2025-10-17 11:02:48,715 | INFO  | OMAudit | user=runner | ip=127.0.0.1 | op=ALLOCATE_KEY {"volume":"44471754-e6a2-4b1e-81fa-980b23710856","bucket":"ec0a0e58-0979-4949-a3c0-13eb805e0398","key":"780ce34f-2eb7-4a99-a4d4-83a1b4bbb12e","dataSize":"12","replicationType":"RATIS","replicationFactor":"ONE","Transaction":"616"} | ret=SUCCESS |  
2025-10-17 11:02:48,718 | INFO  | SCMAudit | user=runner | ip=127.0.0.1 | op=SEND_HEARTBEAT {"datanodeUUID":"b1eee25a-1fdf-4744-83c7-58e0513fce3b","term":"2","command":"[]"} | ret=SUCCESS |  
2025-10-17 11:02:48,719 | INFO  | SCMAudit | user=runner | ip=127.0.0.1 | op=SEND_HEARTBEAT {"datanodeUUID":"28c08cd4-c049-4c66-8210-e254cf68b291","term":"2","command":"[]"} | ret=SUCCESS |  
2025-10-17 11:02:48,720 | INFO  | SCMAudit | user=runner | ip=127.0.0.1 | op=SEND_HEARTBEAT {"datanodeUUID":"b6f92338-e951-49df-a986-ea31ece96e9e","term":"2","command":"[]"} | ret=SUCCESS |  
2025-10-17 11:02:48,721 | INFO  | SCMAudit | user=runner | ip=127.0.0.1 | op=SEND_HEARTBEAT {"datanodeUUID":"2b4cc429-f9c1-416c-9a38-6239a2e149ea","term":"2","command":"[]"} | ret=SUCCESS |  
2025-10-17 11:02:48,723 | INFO  | OMAudit | user=runner | ip=127.0.0.1 | op=COMMIT_KEY {"volume":"44471754-e6a2-4b1e-81fa-980b23710856","bucket":"ec0a0e58-0979-4949-a3c0-13eb805e0398","key":"780ce34f-2eb7-4a99-a4d4-83a1b4bbb12e","dataSize":"12","replicationType":"RATIS","replicationFactor":"ONE","Transaction":"617"} | ret=SUCCESS |  
2025-10-17 11:02:48,723 | INFO  | SCMAudit | user=runner | ip=127.0.0.1 | op=SEND_HEARTBEAT {"datanodeUUID":"b292b6be-9482-4c30-a3e0-c9f721931b72","term":"2","command":"[]"} | ret=SUCCESS |  
2025-10-17 11:02:48,724 | INFO  | OMAudit | user=runner | ip=127.0.0.1 | op=READ_KEY {"volume":"44471754-e6a2-4b1e-81fa-980b23710856","bucket":"ec0a0e58-0979-4949-a3c0-13eb805e0398","key":"780ce34f-2eb7-4a99-a4d4-83a1b4bbb12e","owner":null,"dataSize":"0","replicationConfig":null} | ret=SUCCESS |  
]]></system-out>
  </testcase>
  <testcase name="testCreateKeyWithMetadataAndTags(BucketLayout)[3]" classname="org.apache.hadoop.ozone.client.rpc.TestSecureOzoneRpcClient" time="0.026">
    <system-out><![CDATA[2025-10-17 11:02:48,726 [ForkJoinPool-1-worker-1] INFO  rpc.RpcClient (RpcClient.java:createVolume(461)) - Creating Volume: c309d5bd-08b3-44d2-9211-fb5c05d5a726, with runner as owner and space quota set to -1 bytes, counts quota set to -1
2025-10-17 11:02:48,727 [om1-OMStateMachineApplyTransactionThread - 0] INFO  volume.OMVolumeCreateRequest (OMVolumeCreateRequest.java:validateAndUpdateCache(213)) - created volume:c309d5bd-08b3-44d2-9211-fb5c05d5a726 for user:runner
2025-10-17 11:02:48,727 | INFO  | OMAudit | user=runner | ip=127.0.0.1 | op=CREATE_VOLUME {"admin":"runner","owner":"runner","volume":"c309d5bd-08b3-44d2-9211-fb5c05d5a726","creationTime":"1760698968727","modificationTime":"1760698968727","quotaInBytes":"-1","quotaInNamespace":"-1","usedNamespace":"0","objectID":"-9223372036854617600","updateID":"618","Transaction":"618"} | ret=SUCCESS |  
2025-10-17 11:02:48,729 | INFO  | OMAudit | user=runner | ip=127.0.0.1 | op=READ_VOLUME {"volume":"c309d5bd-08b3-44d2-9211-fb5c05d5a726"} | ret=SUCCESS |  
2025-10-17 11:02:48,729 [ForkJoinPool-1-worker-1] INFO  rpc.RpcClient (RpcClient.java:createBucket(686)) - Creating Bucket: c309d5bd-08b3-44d2-9211-fb5c05d5a726/203788e5-ea9b-4bfd-b0ae-8fdcb1de8e4a, with bucket layout FILE_SYSTEM_OPTIMIZED, runner as owner, Versioning false, Storage Type set to DISK and Encryption set to false, Replication Type set to server-side default replication type, Namespace Quota set to -1, Space Quota set to -1 
2025-10-17 11:02:48,730 [om1-OMStateMachineApplyTransactionThread - 0] INFO  bucket.OMBucketCreateRequest (OMBucketCreateRequest.java:validateAndUpdateCache(303)) - created bucket: 203788e5-ea9b-4bfd-b0ae-8fdcb1de8e4a of layout FILE_SYSTEM_OPTIMIZED in volume: c309d5bd-08b3-44d2-9211-fb5c05d5a726
2025-10-17 11:02:48,730 | INFO  | OMAudit | user=runner | ip=127.0.0.1 | op=CREATE_BUCKET {"volume":"c309d5bd-08b3-44d2-9211-fb5c05d5a726","bucket":"203788e5-ea9b-4bfd-b0ae-8fdcb1de8e4a","bucketLayout":"FILE_SYSTEM_OPTIMIZED","gdprEnabled":null,"acls":"[user:runner:a[ACCESS], group:runner:rl[ACCESS]]","isVersionEnabled":"false","storageType":"DISK","creationTime":"1760698968730","bucketEncryptionKey":null,"modificationTime":"1760698968730","usedBytes":"0","usedNamespace":"0","snapshotUsedBytes":"0","snapshotUsedNamespace":"0","owner":"runner","replicationType":null,"replicationConfig":null,"quotaInBytes":"-1","quotaInNamespace":"-1","Transaction":"619"} | ret=SUCCESS |  
2025-10-17 11:02:48,731 | INFO  | OMAudit | user=runner | ip=127.0.0.1 | op=READ_BUCKET {"volume":"c309d5bd-08b3-44d2-9211-fb5c05d5a726","bucket":"203788e5-ea9b-4bfd-b0ae-8fdcb1de8e4a"} | ret=SUCCESS |  
2025-10-17 11:02:48,732 | INFO  | OMAudit | user=runner | ip=127.0.0.1 | op=READ_BUCKET {"volume":"c309d5bd-08b3-44d2-9211-fb5c05d5a726","bucket":"203788e5-ea9b-4bfd-b0ae-8fdcb1de8e4a"} | ret=SUCCESS |  
2025-10-17 11:02:48,733 | INFO  | SCMAudit | user=runner | ip=127.0.0.1 | op=ALLOCATE_BLOCK {"replication":"RATIS/ONE","owner":"omServiceIdDefault","size":"4194304","sampleBlocks":"[conID: 2 locID: 115816896921600184]","num":"1","client":"","allocated":"1"} | ret=SUCCESS |  
2025-10-17 11:02:48,735 | INFO  | OMAudit | user=runner | ip=127.0.0.1 | op=ALLOCATE_KEY {"volume":"c309d5bd-08b3-44d2-9211-fb5c05d5a726","bucket":"203788e5-ea9b-4bfd-b0ae-8fdcb1de8e4a","key":"493a9ce2-39b0-4398-b830-8be33b3301cf","dataSize":"12","replicationType":"RATIS","replicationFactor":"ONE","Transaction":"620"} | ret=SUCCESS |  
2025-10-17 11:02:48,749 | INFO  | OMAudit | user=runner | ip=127.0.0.1 | op=COMMIT_KEY {"volume":"c309d5bd-08b3-44d2-9211-fb5c05d5a726","bucket":"203788e5-ea9b-4bfd-b0ae-8fdcb1de8e4a","key":"493a9ce2-39b0-4398-b830-8be33b3301cf","dataSize":"12","replicationType":"RATIS","replicationFactor":"ONE","Transaction":"621"} | ret=SUCCESS |  
2025-10-17 11:02:48,751 | INFO  | OMAudit | user=runner | ip=127.0.0.1 | op=READ_KEY {"volume":"c309d5bd-08b3-44d2-9211-fb5c05d5a726","bucket":"203788e5-ea9b-4bfd-b0ae-8fdcb1de8e4a","key":"493a9ce2-39b0-4398-b830-8be33b3301cf","owner":null,"dataSize":"0","replicationConfig":null} | ret=SUCCESS |  
]]></system-out>
  </testcase>
  <testcase name="testCreateS3Bucket" classname="org.apache.hadoop.ozone.client.rpc.TestSecureOzoneRpcClient" time="0.01">
    <system-out><![CDATA[2025-10-17 11:02:48,755 | INFO  | OMAudit | user=runner | ip=127.0.0.1 | op=READ_VOLUME {"volume":"s3v"} | ret=SUCCESS |  
2025-10-17 11:02:48,757 [ForkJoinPool-1-worker-1] INFO  rpc.RpcClient (RpcClient.java:createBucket(686)) - Creating Bucket: s3v/6ac9fc28-7dea-42d8-ad75-11f7bda257a9, with bucket layout OBJECT_STORE, runner as owner, Versioning false, Storage Type set to DISK and Encryption set to false, Replication Type set to server-side default replication type, Namespace Quota set to -1, Space Quota set to -1 
2025-10-17 11:02:48,758 | INFO  | SCMAudit | user=runner | ip=127.0.0.1 | op=SEND_HEARTBEAT {"datanodeUUID":"dbd6f242-9b73-4bca-a110-3e2ec656b979","term":"2","command":"[]"} | ret=SUCCESS |  
2025-10-17 11:02:48,759 [om1-OMStateMachineApplyTransactionThread - 0] INFO  bucket.OMBucketCreateRequest (OMBucketCreateRequest.java:validateAndUpdateCache(303)) - created bucket: 6ac9fc28-7dea-42d8-ad75-11f7bda257a9 of layout OBJECT_STORE in volume: s3v
2025-10-17 11:02:48,759 | INFO  | OMAudit | user=runner | ip=127.0.0.1 | op=CREATE_BUCKET {"volume":"s3v","bucket":"6ac9fc28-7dea-42d8-ad75-11f7bda257a9","bucketLayout":"OBJECT_STORE","gdprEnabled":null,"acls":"[user:runner:a[ACCESS], group:runner:rl[ACCESS]]","isVersionEnabled":"false","storageType":"DISK","creationTime":"1760698968758","bucketEncryptionKey":null,"modificationTime":"1760698968758","usedBytes":"0","usedNamespace":"0","snapshotUsedBytes":"0","snapshotUsedNamespace":"0","owner":"runner","replicationType":null,"replicationConfig":null,"quotaInBytes":"-1","quotaInNamespace":"-1","Transaction":"622"} | ret=SUCCESS |  
2025-10-17 11:02:48,761 | INFO  | OMAudit | user=runner | ip=127.0.0.1 | op=READ_VOLUME {"volume":"s3v"} | ret=SUCCESS |  
2025-10-17 11:02:48,761 | INFO  | SCMAudit | user=runner | ip=127.0.0.1 | op=SEND_HEARTBEAT {"datanodeUUID":"ed6e9581-5875-4278-a8db-50829892434b","term":"2","command":"[]"} | ret=SUCCESS |  
2025-10-17 11:02:48,762 | INFO  | OMAudit | user=runner | ip=127.0.0.1 | op=READ_BUCKET {"volume":"s3v","bucket":"6ac9fc28-7dea-42d8-ad75-11f7bda257a9"} | ret=SUCCESS |  
]]></system-out>
  </testcase>
  <testcase name="testCreateVolumeWithMetadata" classname="org.apache.hadoop.ozone.client.rpc.TestSecureOzoneRpcClient" time="0.004">
    <system-out><![CDATA[2025-10-17 11:02:48,763 [ForkJoinPool-1-worker-1] INFO  rpc.RpcClient (RpcClient.java:createVolume(461)) - Creating Volume: 7313bf88-2192-4806-903d-4886493a85d8, with runner as owner and space quota set to -1 bytes, counts quota set to -1
2025-10-17 11:02:48,766 [om1-OMStateMachineApplyTransactionThread - 0] INFO  volume.OMVolumeCreateRequest (OMVolumeCreateRequest.java:validateAndUpdateCache(213)) - created volume:7313bf88-2192-4806-903d-4886493a85d8 for user:runner
2025-10-17 11:02:48,766 | INFO  | OMAudit | user=runner | ip=127.0.0.1 | op=CREATE_VOLUME {"admin":"runner","owner":"runner","volume":"7313bf88-2192-4806-903d-4886493a85d8","creationTime":"1760698968765","modificationTime":"1760698968765","quotaInBytes":"-1","quotaInNamespace":"-1","usedNamespace":"0","objectID":"-9223372036854616320","updateID":"623","Transaction":"623"} | ret=SUCCESS |  
2025-10-17 11:02:48,767 | INFO  | OMAudit | user=runner | ip=127.0.0.1 | op=READ_VOLUME {"volume":"7313bf88-2192-4806-903d-4886493a85d8"} | ret=SUCCESS |  
]]></system-out>
  </testcase>
  <testcase name="testDefaultS3GVolumeExists" classname="org.apache.hadoop.ozone.client.rpc.TestSecureOzoneRpcClient" time="0.002">
    <system-out><![CDATA[2025-10-17 11:02:48,769 | INFO  | OMAudit | user=runner | ip=127.0.0.1 | op=READ_VOLUME {"volume":"s3v"} | ret=SUCCESS |  
]]></system-out>
  </testcase>
  <testcase name="testDeleteAuditLog" classname="org.apache.hadoop.ozone.client.rpc.TestSecureOzoneRpcClient" time="0.14">
    <system-out><![CDATA[2025-10-17 11:02:48,771 [ForkJoinPool-1-worker-1] INFO  rpc.RpcClient (RpcClient.java:createVolume(461)) - Creating Volume: 80f341f9-b65f-4f67-acf5-c7e94503f390, with runner as owner and space quota set to -1 bytes, counts quota set to -1
2025-10-17 11:02:48,772 [om1-OMStateMachineApplyTransactionThread - 0] INFO  volume.OMVolumeCreateRequest (OMVolumeCreateRequest.java:validateAndUpdateCache(213)) - created volume:80f341f9-b65f-4f67-acf5-c7e94503f390 for user:runner
2025-10-17 11:02:48,772 | INFO  | OMAudit | user=runner | ip=127.0.0.1 | op=CREATE_VOLUME {"admin":"runner","owner":"runner","volume":"80f341f9-b65f-4f67-acf5-c7e94503f390","creationTime":"1760698968771","modificationTime":"1760698968771","quotaInBytes":"-1","quotaInNamespace":"-1","usedNamespace":"0","objectID":"-9223372036854616064","updateID":"624","Transaction":"624"} | ret=SUCCESS |  
2025-10-17 11:02:48,773 | INFO  | OMAudit | user=runner | ip=127.0.0.1 | op=READ_VOLUME {"volume":"80f341f9-b65f-4f67-acf5-c7e94503f390"} | ret=SUCCESS |  
2025-10-17 11:02:48,773 [ForkJoinPool-1-worker-1] INFO  rpc.RpcClient (RpcClient.java:createBucket(686)) - Creating Bucket: 80f341f9-b65f-4f67-acf5-c7e94503f390/7fec0107-eb3f-4383-93e5-3c673ed25127, with server-side default bucket layout, runner as owner, Versioning false, Storage Type set to DISK and Encryption set to false, Replication Type set to server-side default replication type, Namespace Quota set to -1, Space Quota set to -1 
2025-10-17 11:02:48,775 [om1-OMStateMachineApplyTransactionThread - 0] INFO  bucket.OMBucketCreateRequest (OMBucketCreateRequest.java:validateAndUpdateCache(303)) - created bucket: 7fec0107-eb3f-4383-93e5-3c673ed25127 of layout FILE_SYSTEM_OPTIMIZED in volume: 80f341f9-b65f-4f67-acf5-c7e94503f390
2025-10-17 11:02:48,775 | INFO  | OMAudit | user=runner | ip=127.0.0.1 | op=CREATE_BUCKET {"volume":"80f341f9-b65f-4f67-acf5-c7e94503f390","bucket":"7fec0107-eb3f-4383-93e5-3c673ed25127","bucketLayout":"FILE_SYSTEM_OPTIMIZED","gdprEnabled":null,"acls":"[user:runner:a[ACCESS], group:runner:rl[ACCESS]]","isVersionEnabled":"false","storageType":"DISK","creationTime":"1760698968774","bucketEncryptionKey":null,"modificationTime":"1760698968774","usedBytes":"0","usedNamespace":"0","snapshotUsedBytes":"0","snapshotUsedNamespace":"0","owner":"runner","replicationType":null,"replicationConfig":null,"quotaInBytes":"-1","quotaInNamespace":"-1","Transaction":"625"} | ret=SUCCESS |  
2025-10-17 11:02:48,776 | INFO  | OMAudit | user=runner | ip=127.0.0.1 | op=READ_BUCKET {"volume":"80f341f9-b65f-4f67-acf5-c7e94503f390","bucket":"7fec0107-eb3f-4383-93e5-3c673ed25127"} | ret=SUCCESS |  
2025-10-17 11:02:48,778 | INFO  | OMAudit | user=runner | ip=127.0.0.1 | op=READ_BUCKET {"volume":"80f341f9-b65f-4f67-acf5-c7e94503f390","bucket":"7fec0107-eb3f-4383-93e5-3c673ed25127"} | ret=SUCCESS |  
2025-10-17 11:02:48,778 | INFO  | SCMAudit | user=runner | ip=127.0.0.1 | op=ALLOCATE_BLOCK {"replication":"RATIS/THREE","owner":"omServiceIdDefault","size":"4194304","sampleBlocks":"[conID: 18 locID: 115816896921600185]","num":"1","client":"","allocated":"1"} | ret=SUCCESS |  
2025-10-17 11:02:48,780 | INFO  | OMAudit | user=runner | ip=127.0.0.1 | op=ALLOCATE_KEY {"volume":"80f341f9-b65f-4f67-acf5-c7e94503f390","bucket":"7fec0107-eb3f-4383-93e5-3c673ed25127","key":"key1","dataSize":"12","replicationType":"RATIS","replicationFactor":"THREE","Transaction":"626"} | ret=SUCCESS |  
2025-10-17 11:02:48,798 | INFO  | OMAudit | user=runner | ip=127.0.0.1 | op=COMMIT_KEY {"volume":"80f341f9-b65f-4f67-acf5-c7e94503f390","bucket":"7fec0107-eb3f-4383-93e5-3c673ed25127","key":"key1","dataSize":"12","replicationType":"RATIS","replicationFactor":"THREE","Transaction":"627"} | ret=SUCCESS |  
2025-10-17 11:02:48,800 | INFO  | OMAudit | user=runner | ip=127.0.0.1 | op=READ_BUCKET {"volume":"80f341f9-b65f-4f67-acf5-c7e94503f390","bucket":"7fec0107-eb3f-4383-93e5-3c673ed25127"} | ret=SUCCESS |  
2025-10-17 11:02:48,801 | INFO  | SCMAudit | user=runner | ip=127.0.0.1 | op=ALLOCATE_BLOCK {"replication":"EC{rs-3-2-1024k}","owner":"omServiceIdDefault","size":"4194304","sampleBlocks":"[conID: 24 locID: 115816896921600186]","num":"1","client":"","allocated":"1"} | ret=SUCCESS |  
2025-10-17 11:02:48,803 | INFO  | OMAudit | user=runner | ip=127.0.0.1 | op=ALLOCATE_KEY {"volume":"80f341f9-b65f-4f67-acf5-c7e94503f390","bucket":"7fec0107-eb3f-4383-93e5-3c673ed25127","key":"key2","dataSize":"12","replicationType":"EC","replicationConfig":"rs-3-2-1048576","Transaction":"628"} | ret=SUCCESS |  
2025-10-17 11:02:48,822 | INFO  | OMAudit | user=runner | ip=127.0.0.1 | op=COMMIT_KEY {"volume":"80f341f9-b65f-4f67-acf5-c7e94503f390","bucket":"7fec0107-eb3f-4383-93e5-3c673ed25127","key":"key2","dataSize":"12","replicationType":"EC","replicationConfig":"rs-3-2-1048576","Transaction":"629"} | ret=SUCCESS |  
2025-10-17 11:02:48,825 | INFO  | OMAudit | user=runner | ip=127.0.0.1 | op=CREATE_DIRECTORY {"volume":"80f341f9-b65f-4f67-acf5-c7e94503f390","bucket":"7fec0107-eb3f-4383-93e5-3c673ed25127","key":"dir1","dataSize":"0","Transaction":"630"} | ret=SUCCESS |  
2025-10-17 11:02:48,827 | INFO  | OMAudit | user=runner | ip=127.0.0.1 | op=READ_BUCKET {"volume":"80f341f9-b65f-4f67-acf5-c7e94503f390","bucket":"7fec0107-eb3f-4383-93e5-3c673ed25127"} | ret=SUCCESS |  
2025-10-17 11:02:48,827 | INFO  | SCMAudit | user=runner | ip=127.0.0.1 | op=ALLOCATE_BLOCK {"replication":"RATIS/THREE","owner":"omServiceIdDefault","size":"4194304","sampleBlocks":"[conID: 22 locID: 115816896921600187]","num":"1","client":"","allocated":"1"} | ret=SUCCESS |  
2025-10-17 11:02:48,829 | INFO  | OMAudit | user=runner | ip=127.0.0.1 | op=ALLOCATE_KEY {"volume":"80f341f9-b65f-4f67-acf5-c7e94503f390","bucket":"7fec0107-eb3f-4383-93e5-3c673ed25127","key":"key3","dataSize":"12","replicationType":"RATIS","replicationFactor":"THREE","Transaction":"631"} | ret=SUCCESS |  
2025-10-17 11:02:48,846 | INFO  | OMAudit | user=runner | ip=127.0.0.1 | op=COMMIT_KEY {"volume":"80f341f9-b65f-4f67-acf5-c7e94503f390","bucket":"7fec0107-eb3f-4383-93e5-3c673ed25127","key":"key3","dataSize":"12","replicationType":"RATIS","replicationFactor":"THREE","Transaction":"632"} | ret=SUCCESS |  
2025-10-17 11:02:48,849 | INFO  | OMAudit | user=runner | ip=127.0.0.1 | op=DELETE_KEY {"volume":"80f341f9-b65f-4f67-acf5-c7e94503f390","bucket":"7fec0107-eb3f-4383-93e5-3c673ed25127","key":"key1","dataSize":"12","replicationConfig":"RATIS/THREE","Transaction":"633"} | ret=SUCCESS |  
2025-10-17 11:02:48,852 | INFO  | OMAudit | user=runner | ip=127.0.0.1 | op=DELETE_KEY {"volume":"80f341f9-b65f-4f67-acf5-c7e94503f390","bucket":"7fec0107-eb3f-4383-93e5-3c673ed25127","key":"key2","dataSize":"12","replicationConfig":"EC{rs-3-2-1024k}","Transaction":"634"} | ret=SUCCESS |  
2025-10-17 11:02:48,856 | INFO  | OMAudit | user=runner | ip=127.0.0.1 | op=DELETE_KEY {"volume":"80f341f9-b65f-4f67-acf5-c7e94503f390","bucket":"7fec0107-eb3f-4383-93e5-3c673ed25127","key":"dir1","Transaction":"635"} | ret=SUCCESS |  
2025-10-17 11:02:48,858 | INFO  | OMAudit | user=runner | ip=127.0.0.1 | op=READ_BUCKET {"volume":"80f341f9-b65f-4f67-acf5-c7e94503f390","bucket":"7fec0107-eb3f-4383-93e5-3c673ed25127"} | ret=SUCCESS |  
2025-10-17 11:02:48,858 | INFO  | SCMAudit | user=runner | ip=127.0.0.1 | op=ALLOCATE_BLOCK {"replication":"RATIS/THREE","owner":"omServiceIdDefault","size":"4194304","sampleBlocks":"[conID: 20 locID: 115816896921600188]","num":"1","client":"","allocated":"1"} | ret=SUCCESS |  
2025-10-17 11:02:48,861 | INFO  | OMAudit | user=runner | ip=127.0.0.1 | op=ALLOCATE_KEY {"volume":"80f341f9-b65f-4f67-acf5-c7e94503f390","bucket":"7fec0107-eb3f-4383-93e5-3c673ed25127","key":"dir1/key4","dataSize":"12","replicationType":"RATIS","replicationFactor":"THREE","Transaction":"636"} | ret=SUCCESS |  
2025-10-17 11:02:48,862 | INFO  | SCMAudit | user=runner | ip=127.0.0.1 | op=SEND_HEARTBEAT {"datanodeUUID":"a5293c95-44e9-4ea9-88ca-89089eac4b59","term":"2","command":"[]"} | ret=SUCCESS |  
2025-10-17 11:02:48,880 | INFO  | OMAudit | user=runner | ip=127.0.0.1 | op=COMMIT_KEY {"volume":"80f341f9-b65f-4f67-acf5-c7e94503f390","bucket":"7fec0107-eb3f-4383-93e5-3c673ed25127","key":"dir1/key4","dataSize":"12","replicationType":"RATIS","replicationFactor":"THREE","Transaction":"637"} | ret=SUCCESS |  
2025-10-17 11:02:48,882 | INFO  | OMAudit | user=runner | ip=127.0.0.1 | op=READ_BUCKET {"volume":"80f341f9-b65f-4f67-acf5-c7e94503f390","bucket":"7fec0107-eb3f-4383-93e5-3c673ed25127"} | ret=SUCCESS |  
2025-10-17 11:02:48,883 | INFO  | SCMAudit | user=runner | ip=127.0.0.1 | op=ALLOCATE_BLOCK {"replication":"EC{rs-3-2-1024k}","owner":"omServiceIdDefault","size":"4194304","sampleBlocks":"[conID: 23 locID: 115816896921600189]","num":"1","client":"","allocated":"1"} | ret=SUCCESS |  
2025-10-17 11:02:48,886 | INFO  | OMAudit | user=runner | ip=127.0.0.1 | op=ALLOCATE_KEY {"volume":"80f341f9-b65f-4f67-acf5-c7e94503f390","bucket":"7fec0107-eb3f-4383-93e5-3c673ed25127","key":"dir1/key5","dataSize":"12","replicationType":"EC","replicationConfig":"rs-3-2-1048576","Transaction":"638"} | ret=SUCCESS |  
2025-10-17 11:02:48,905 | INFO  | OMAudit | user=runner | ip=127.0.0.1 | op=COMMIT_KEY {"volume":"80f341f9-b65f-4f67-acf5-c7e94503f390","bucket":"7fec0107-eb3f-4383-93e5-3c673ed25127","key":"dir1/key5","dataSize":"12","replicationType":"EC","replicationConfig":"rs-3-2-1048576","Transaction":"639"} | ret=SUCCESS |  
2025-10-17 11:02:48,908 | INFO  | OMAudit | user=runner | ip=127.0.0.1 | op=DELETE_KEYS {"volume":"80f341f9-b65f-4f67-acf5-c7e94503f390","bucket":"7fec0107-eb3f-4383-93e5-3c673ed25127","deletedKeysList":"{key=dir1/key4, dataSize=12, replicationConfig=RATIS/THREE}, {key=dir1/key5, dataSize=12, replicationConfig=EC{rs-3-2-1024k}}","unDeletedKeysList":"","Transaction":"640"} | ret=SUCCESS |  
]]></system-out>
  </testcase>
  <testcase name="testDeleteBucket" classname="org.apache.hadoop.ozone.client.rpc.TestSecureOzoneRpcClient" time="0.012">
    <system-out><![CDATA[2025-10-17 11:02:48,911 [ForkJoinPool-1-worker-1] INFO  rpc.RpcClient (RpcClient.java:createVolume(461)) - Creating Volume: 14c16134-10be-44fe-a312-57437617c9e7, with runner as owner and space quota set to -1 bytes, counts quota set to -1
2025-10-17 11:02:48,913 [om1-OMStateMachineApplyTransactionThread - 0] INFO  volume.OMVolumeCreateRequest (OMVolumeCreateRequest.java:validateAndUpdateCache(213)) - created volume:14c16134-10be-44fe-a312-57437617c9e7 for user:runner
2025-10-17 11:02:48,913 | INFO  | OMAudit | user=runner | ip=127.0.0.1 | op=CREATE_VOLUME {"admin":"runner","owner":"runner","volume":"14c16134-10be-44fe-a312-57437617c9e7","creationTime":"1760698968912","modificationTime":"1760698968912","quotaInBytes":"-1","quotaInNamespace":"-1","usedNamespace":"0","objectID":"-9223372036854611712","updateID":"641","Transaction":"641"} | ret=SUCCESS |  
2025-10-17 11:02:48,915 | INFO  | OMAudit | user=runner | ip=127.0.0.1 | op=READ_VOLUME {"volume":"14c16134-10be-44fe-a312-57437617c9e7"} | ret=SUCCESS |  
2025-10-17 11:02:48,915 [ForkJoinPool-1-worker-1] INFO  rpc.RpcClient (RpcClient.java:createBucket(686)) - Creating Bucket: 14c16134-10be-44fe-a312-57437617c9e7/fbb35e2c-495b-4a87-9abc-6600a07203dc, with server-side default bucket layout, runner as owner, Versioning false, Storage Type set to DISK and Encryption set to false, Replication Type set to server-side default replication type, Namespace Quota set to -1, Space Quota set to -1 
2025-10-17 11:02:48,917 [om1-OMStateMachineApplyTransactionThread - 0] INFO  bucket.OMBucketCreateRequest (OMBucketCreateRequest.java:validateAndUpdateCache(303)) - created bucket: fbb35e2c-495b-4a87-9abc-6600a07203dc of layout FILE_SYSTEM_OPTIMIZED in volume: 14c16134-10be-44fe-a312-57437617c9e7
2025-10-17 11:02:48,917 | INFO  | OMAudit | user=runner | ip=127.0.0.1 | op=CREATE_BUCKET {"volume":"14c16134-10be-44fe-a312-57437617c9e7","bucket":"fbb35e2c-495b-4a87-9abc-6600a07203dc","bucketLayout":"FILE_SYSTEM_OPTIMIZED","gdprEnabled":null,"acls":"[user:runner:a[ACCESS], group:runner:rl[ACCESS]]","isVersionEnabled":"false","storageType":"DISK","creationTime":"1760698968916","bucketEncryptionKey":null,"modificationTime":"1760698968916","usedBytes":"0","usedNamespace":"0","snapshotUsedBytes":"0","snapshotUsedNamespace":"0","owner":"runner","replicationType":null,"replicationConfig":null,"quotaInBytes":"-1","quotaInNamespace":"-1","Transaction":"642"} | ret=SUCCESS |  
2025-10-17 11:02:48,918 | INFO  | OMAudit | user=runner | ip=127.0.0.1 | op=READ_BUCKET {"volume":"14c16134-10be-44fe-a312-57437617c9e7","bucket":"fbb35e2c-495b-4a87-9abc-6600a07203dc"} | ret=SUCCESS |  
2025-10-17 11:02:48,921 | INFO  | OMAudit | user=runner | ip=127.0.0.1 | op=DELETE_BUCKET {"volume":"14c16134-10be-44fe-a312-57437617c9e7","bucket":"fbb35e2c-495b-4a87-9abc-6600a07203dc","Transaction":"643"} | ret=SUCCESS |  
2025-10-17 11:02:48,922 | ERROR | OMAudit | user=runner | ip=127.0.0.1 | op=READ_BUCKET {"volume":"14c16134-10be-44fe-a312-57437617c9e7","bucket":"fbb35e2c-495b-4a87-9abc-6600a07203dc"} | ret=FAILURE | 
org.apache.hadoop.ozone.om.exceptions.OMException: Bucket not found
	at org.apache.hadoop.ozone.om.OzoneManager.getBucketOwner(OzoneManager.java:2726)
	at org.apache.hadoop.ozone.om.OzoneManager.getBucketOwner(OzoneManager.java:2694)
 
]]></system-out>
  </testcase>
  <testcase name="testDeleteBucketWithTheSamePrefix(BucketLayout)[1]" classname="org.apache.hadoop.ozone.client.rpc.TestSecureOzoneRpcClient" time="0.019">
    <system-out><![CDATA[2025-10-17 11:02:48,925 [ForkJoinPool-1-worker-1] INFO  rpc.RpcClient (RpcClient.java:createVolume(461)) - Creating Volume: 602fabfb-f0b1-44c3-9869-f982187c7928, with runner as owner and space quota set to -1 bytes, counts quota set to -1
2025-10-17 11:02:48,927 [om1-OMStateMachineApplyTransactionThread - 0] INFO  volume.OMVolumeCreateRequest (OMVolumeCreateRequest.java:validateAndUpdateCache(213)) - created volume:602fabfb-f0b1-44c3-9869-f982187c7928 for user:runner
2025-10-17 11:02:48,927 | INFO  | OMAudit | user=runner | ip=127.0.0.1 | op=CREATE_VOLUME {"admin":"runner","owner":"runner","volume":"602fabfb-f0b1-44c3-9869-f982187c7928","creationTime":"1760698968926","modificationTime":"1760698968926","quotaInBytes":"-1","quotaInNamespace":"-1","usedNamespace":"0","objectID":"-9223372036854610944","updateID":"644","Transaction":"644"} | ret=SUCCESS |  
2025-10-17 11:02:48,928 | INFO  | OMAudit | user=runner | ip=127.0.0.1 | op=READ_VOLUME {"volume":"602fabfb-f0b1-44c3-9869-f982187c7928"} | ret=SUCCESS |  
2025-10-17 11:02:48,928 [ForkJoinPool-1-worker-1] INFO  rpc.RpcClient (RpcClient.java:createBucket(686)) - Creating Bucket: 602fabfb-f0b1-44c3-9869-f982187c7928/bucket1, with bucket layout OBJECT_STORE, runner as owner, Versioning false, Storage Type set to DISK and Encryption set to false, Replication Type set to server-side default replication type, Namespace Quota set to -1, Space Quota set to -1 
2025-10-17 11:02:48,929 [om1-OMStateMachineApplyTransactionThread - 0] INFO  bucket.OMBucketCreateRequest (OMBucketCreateRequest.java:validateAndUpdateCache(303)) - created bucket: bucket1 of layout OBJECT_STORE in volume: 602fabfb-f0b1-44c3-9869-f982187c7928
2025-10-17 11:02:48,929 | INFO  | OMAudit | user=runner | ip=127.0.0.1 | op=CREATE_BUCKET {"volume":"602fabfb-f0b1-44c3-9869-f982187c7928","bucket":"bucket1","bucketLayout":"OBJECT_STORE","gdprEnabled":null,"acls":"[user:runner:a[ACCESS], group:runner:rl[ACCESS]]","isVersionEnabled":"false","storageType":"DISK","creationTime":"1760698968929","bucketEncryptionKey":null,"modificationTime":"1760698968929","usedBytes":"0","usedNamespace":"0","snapshotUsedBytes":"0","snapshotUsedNamespace":"0","owner":"runner","replicationType":null,"replicationConfig":null,"quotaInBytes":"-1","quotaInNamespace":"-1","Transaction":"645"} | ret=SUCCESS |  
2025-10-17 11:02:48,930 [ForkJoinPool-1-worker-1] INFO  rpc.RpcClient (RpcClient.java:createBucket(686)) - Creating Bucket: 602fabfb-f0b1-44c3-9869-f982187c7928/bucket11, with bucket layout OBJECT_STORE, runner as owner, Versioning false, Storage Type set to DISK and Encryption set to false, Replication Type set to server-side default replication type, Namespace Quota set to -1, Space Quota set to -1 
2025-10-17 11:02:48,931 [om1-OMStateMachineApplyTransactionThread - 0] INFO  bucket.OMBucketCreateRequest (OMBucketCreateRequest.java:validateAndUpdateCache(303)) - created bucket: bucket11 of layout OBJECT_STORE in volume: 602fabfb-f0b1-44c3-9869-f982187c7928
2025-10-17 11:02:48,931 | INFO  | OMAudit | user=runner | ip=127.0.0.1 | op=CREATE_BUCKET {"volume":"602fabfb-f0b1-44c3-9869-f982187c7928","bucket":"bucket11","bucketLayout":"OBJECT_STORE","gdprEnabled":null,"acls":"[user:runner:a[ACCESS], group:runner:rl[ACCESS]]","isVersionEnabled":"false","storageType":"DISK","creationTime":"1760698968930","bucketEncryptionKey":null,"modificationTime":"1760698968930","usedBytes":"0","usedNamespace":"0","snapshotUsedBytes":"0","snapshotUsedNamespace":"0","owner":"runner","replicationType":null,"replicationConfig":null,"quotaInBytes":"-1","quotaInNamespace":"-1","Transaction":"646"} | ret=SUCCESS |  
2025-10-17 11:02:48,932 | INFO  | OMAudit | user=runner | ip=127.0.0.1 | op=READ_BUCKET {"volume":"602fabfb-f0b1-44c3-9869-f982187c7928","bucket":"bucket11"} | ret=SUCCESS |  
2025-10-17 11:02:48,934 | INFO  | OMAudit | user=runner | ip=127.0.0.1 | op=READ_BUCKET {"volume":"602fabfb-f0b1-44c3-9869-f982187c7928","bucket":"bucket11"} | ret=SUCCESS |  
2025-10-17 11:02:48,934 | INFO  | SCMAudit | user=runner | ip=127.0.0.1 | op=ALLOCATE_BLOCK {"replication":"RATIS/THREE","owner":"omServiceIdDefault","size":"4194304","sampleBlocks":"[conID: 16 locID: 115816896921600190]","num":"1","client":"","allocated":"1"} | ret=SUCCESS |  
2025-10-17 11:02:48,937 | INFO  | OMAudit | user=runner | ip=127.0.0.1 | op=ALLOCATE_KEY {"volume":"602fabfb-f0b1-44c3-9869-f982187c7928","bucket":"bucket11","key":"key","dataSize":"1","replicationType":"NONE","Transaction":"647"} | ret=SUCCESS |  
2025-10-17 11:02:48,939 | INFO  | OMAudit | user=runner | ip=127.0.0.1 | op=COMMIT_KEY {"volume":"602fabfb-f0b1-44c3-9869-f982187c7928","bucket":"bucket11","key":"key","dataSize":"0","replicationType":"RATIS","replicationFactor":"THREE","Transaction":"648"} | ret=SUCCESS |  
2025-10-17 11:02:48,941 | INFO  | SCMAudit | user=runner | ip=127.0.0.1 | op=SEND_HEARTBEAT {"datanodeUUID":"3a11eef6-a527-493c-8ba3-ae39ecaefa56","term":"2","command":"[]"} | ret=SUCCESS |  
2025-10-17 11:02:48,942 | INFO  | OMAudit | user=runner | ip=127.0.0.1 | op=DELETE_BUCKET {"volume":"602fabfb-f0b1-44c3-9869-f982187c7928","bucket":"bucket1","Transaction":"649"} | ret=SUCCESS |  
2025-10-17 11:02:48,943 | ERROR | OMAudit | user=runner | ip=127.0.0.1 | op=READ_BUCKET {"volume":"602fabfb-f0b1-44c3-9869-f982187c7928","bucket":"bucket1"} | ret=FAILURE | 
org.apache.hadoop.ozone.om.exceptions.OMException: Bucket not found
	at org.apache.hadoop.ozone.om.OzoneManager.getBucketOwner(OzoneManager.java:2726)
	at org.apache.hadoop.ozone.om.OzoneManager.getBucketOwner(OzoneManager.java:2694)
 
]]></system-out>
  </testcase>
  <testcase name="testDeleteBucketWithTheSamePrefix(BucketLayout)[2]" classname="org.apache.hadoop.ozone.client.rpc.TestSecureOzoneRpcClient" time="0.018">
    <system-out><![CDATA[2025-10-17 11:02:48,945 [ForkJoinPool-1-worker-1] INFO  rpc.RpcClient (RpcClient.java:createVolume(461)) - Creating Volume: e9f9b470-623c-4392-ae50-6e59c92232cf, with runner as owner and space quota set to -1 bytes, counts quota set to -1
2025-10-17 11:02:48,946 [om1-OMStateMachineApplyTransactionThread - 0] INFO  volume.OMVolumeCreateRequest (OMVolumeCreateRequest.java:validateAndUpdateCache(213)) - created volume:e9f9b470-623c-4392-ae50-6e59c92232cf for user:runner
2025-10-17 11:02:48,946 | INFO  | OMAudit | user=runner | ip=127.0.0.1 | op=CREATE_VOLUME {"admin":"runner","owner":"runner","volume":"e9f9b470-623c-4392-ae50-6e59c92232cf","creationTime":"1760698968946","modificationTime":"1760698968946","quotaInBytes":"-1","quotaInNamespace":"-1","usedNamespace":"0","objectID":"-9223372036854609408","updateID":"650","Transaction":"650"} | ret=SUCCESS |  
2025-10-17 11:02:48,947 | INFO  | OMAudit | user=runner | ip=127.0.0.1 | op=READ_VOLUME {"volume":"e9f9b470-623c-4392-ae50-6e59c92232cf"} | ret=SUCCESS |  
2025-10-17 11:02:48,948 [ForkJoinPool-1-worker-1] INFO  rpc.RpcClient (RpcClient.java:createBucket(686)) - Creating Bucket: e9f9b470-623c-4392-ae50-6e59c92232cf/bucket1, with bucket layout LEGACY, runner as owner, Versioning false, Storage Type set to DISK and Encryption set to false, Replication Type set to server-side default replication type, Namespace Quota set to -1, Space Quota set to -1 
2025-10-17 11:02:48,949 [om1-OMStateMachineApplyTransactionThread - 0] INFO  bucket.OMBucketCreateRequest (OMBucketCreateRequest.java:validateAndUpdateCache(303)) - created bucket: bucket1 of layout LEGACY in volume: e9f9b470-623c-4392-ae50-6e59c92232cf
2025-10-17 11:02:48,949 | INFO  | OMAudit | user=runner | ip=127.0.0.1 | op=CREATE_BUCKET {"volume":"e9f9b470-623c-4392-ae50-6e59c92232cf","bucket":"bucket1","bucketLayout":"LEGACY","gdprEnabled":null,"acls":"[user:runner:a[ACCESS], group:runner:rl[ACCESS]]","isVersionEnabled":"false","storageType":"DISK","creationTime":"1760698968948","bucketEncryptionKey":null,"modificationTime":"1760698968948","usedBytes":"0","usedNamespace":"0","snapshotUsedBytes":"0","snapshotUsedNamespace":"0","owner":"runner","replicationType":null,"replicationConfig":null,"quotaInBytes":"-1","quotaInNamespace":"-1","Transaction":"651"} | ret=SUCCESS |  
2025-10-17 11:02:48,949 [ForkJoinPool-1-worker-1] INFO  rpc.RpcClient (RpcClient.java:createBucket(686)) - Creating Bucket: e9f9b470-623c-4392-ae50-6e59c92232cf/bucket11, with bucket layout LEGACY, runner as owner, Versioning false, Storage Type set to DISK and Encryption set to false, Replication Type set to server-side default replication type, Namespace Quota set to -1, Space Quota set to -1 
2025-10-17 11:02:48,951 [om1-OMStateMachineApplyTransactionThread - 0] INFO  bucket.OMBucketCreateRequest (OMBucketCreateRequest.java:validateAndUpdateCache(303)) - created bucket: bucket11 of layout LEGACY in volume: e9f9b470-623c-4392-ae50-6e59c92232cf
2025-10-17 11:02:48,951 | INFO  | OMAudit | user=runner | ip=127.0.0.1 | op=CREATE_BUCKET {"volume":"e9f9b470-623c-4392-ae50-6e59c92232cf","bucket":"bucket11","bucketLayout":"LEGACY","gdprEnabled":null,"acls":"[user:runner:a[ACCESS], group:runner:rl[ACCESS]]","isVersionEnabled":"false","storageType":"DISK","creationTime":"1760698968950","bucketEncryptionKey":null,"modificationTime":"1760698968950","usedBytes":"0","usedNamespace":"0","snapshotUsedBytes":"0","snapshotUsedNamespace":"0","owner":"runner","replicationType":null,"replicationConfig":null,"quotaInBytes":"-1","quotaInNamespace":"-1","Transaction":"652"} | ret=SUCCESS |  
2025-10-17 11:02:48,953 | INFO  | OMAudit | user=runner | ip=127.0.0.1 | op=READ_BUCKET {"volume":"e9f9b470-623c-4392-ae50-6e59c92232cf","bucket":"bucket11"} | ret=SUCCESS |  
2025-10-17 11:02:48,954 | INFO  | OMAudit | user=runner | ip=127.0.0.1 | op=READ_BUCKET {"volume":"e9f9b470-623c-4392-ae50-6e59c92232cf","bucket":"bucket11"} | ret=SUCCESS |  
2025-10-17 11:02:48,955 | INFO  | SCMAudit | user=runner | ip=127.0.0.1 | op=ALLOCATE_BLOCK {"replication":"RATIS/THREE","owner":"omServiceIdDefault","size":"4194304","sampleBlocks":"[conID: 17 locID: 115816896921600191]","num":"1","client":"","allocated":"1"} | ret=SUCCESS |  
2025-10-17 11:02:48,957 | INFO  | OMAudit | user=runner | ip=127.0.0.1 | op=ALLOCATE_KEY {"volume":"e9f9b470-623c-4392-ae50-6e59c92232cf","bucket":"bucket11","key":"key","dataSize":"1","replicationType":"NONE","Transaction":"653"} | ret=SUCCESS |  
2025-10-17 11:02:48,959 | INFO  | OMAudit | user=runner | ip=127.0.0.1 | op=COMMIT_KEY {"volume":"e9f9b470-623c-4392-ae50-6e59c92232cf","bucket":"bucket11","key":"key","dataSize":"0","replicationType":"RATIS","replicationFactor":"THREE","Transaction":"654"} | ret=SUCCESS |  
2025-10-17 11:02:48,961 | INFO  | OMAudit | user=runner | ip=127.0.0.1 | op=DELETE_BUCKET {"volume":"e9f9b470-623c-4392-ae50-6e59c92232cf","bucket":"bucket1","Transaction":"655"} | ret=SUCCESS |  
2025-10-17 11:02:48,961 | ERROR | OMAudit | user=runner | ip=127.0.0.1 | op=READ_BUCKET {"volume":"e9f9b470-623c-4392-ae50-6e59c92232cf","bucket":"bucket1"} | ret=FAILURE | 
org.apache.hadoop.ozone.om.exceptions.OMException: Bucket not found
	at org.apache.hadoop.ozone.om.OzoneManager.getBucketOwner(OzoneManager.java:2726)
	at org.apache.hadoop.ozone.om.OzoneManager.getBucketOwner(OzoneManager.java:2694)
 
]]></system-out>
  </testcase>
  <testcase name="testDeleteBucketWithTheSamePrefix(BucketLayout)[3]" classname="org.apache.hadoop.ozone.client.rpc.TestSecureOzoneRpcClient" time="0.015">
    <system-out><![CDATA[2025-10-17 11:02:48,963 [ForkJoinPool-1-worker-1] INFO  rpc.RpcClient (RpcClient.java:createVolume(461)) - Creating Volume: f568c047-b57e-4955-845f-fb92005ebbcd, with runner as owner and space quota set to -1 bytes, counts quota set to -1
2025-10-17 11:02:48,965 [om1-OMStateMachineApplyTransactionThread - 0] INFO  volume.OMVolumeCreateRequest (OMVolumeCreateRequest.java:validateAndUpdateCache(213)) - created volume:f568c047-b57e-4955-845f-fb92005ebbcd for user:runner
2025-10-17 11:02:48,965 | INFO  | OMAudit | user=runner | ip=127.0.0.1 | op=CREATE_VOLUME {"admin":"runner","owner":"runner","volume":"f568c047-b57e-4955-845f-fb92005ebbcd","creationTime":"1760698968964","modificationTime":"1760698968964","quotaInBytes":"-1","quotaInNamespace":"-1","usedNamespace":"0","objectID":"-9223372036854607872","updateID":"656","Transaction":"656"} | ret=SUCCESS |  
2025-10-17 11:02:48,965 | INFO  | OMAudit | user=runner | ip=127.0.0.1 | op=READ_VOLUME {"volume":"f568c047-b57e-4955-845f-fb92005ebbcd"} | ret=SUCCESS |  
2025-10-17 11:02:48,966 [ForkJoinPool-1-worker-1] INFO  rpc.RpcClient (RpcClient.java:createBucket(686)) - Creating Bucket: f568c047-b57e-4955-845f-fb92005ebbcd/bucket1, with bucket layout FILE_SYSTEM_OPTIMIZED, runner as owner, Versioning false, Storage Type set to DISK and Encryption set to false, Replication Type set to server-side default replication type, Namespace Quota set to -1, Space Quota set to -1 
2025-10-17 11:02:48,967 [om1-OMStateMachineApplyTransactionThread - 0] INFO  bucket.OMBucketCreateRequest (OMBucketCreateRequest.java:validateAndUpdateCache(303)) - created bucket: bucket1 of layout FILE_SYSTEM_OPTIMIZED in volume: f568c047-b57e-4955-845f-fb92005ebbcd
2025-10-17 11:02:48,967 | INFO  | OMAudit | user=runner | ip=127.0.0.1 | op=CREATE_BUCKET {"volume":"f568c047-b57e-4955-845f-fb92005ebbcd","bucket":"bucket1","bucketLayout":"FILE_SYSTEM_OPTIMIZED","gdprEnabled":null,"acls":"[user:runner:a[ACCESS], group:runner:rl[ACCESS]]","isVersionEnabled":"false","storageType":"DISK","creationTime":"1760698968966","bucketEncryptionKey":null,"modificationTime":"1760698968966","usedBytes":"0","usedNamespace":"0","snapshotUsedBytes":"0","snapshotUsedNamespace":"0","owner":"runner","replicationType":null,"replicationConfig":null,"quotaInBytes":"-1","quotaInNamespace":"-1","Transaction":"657"} | ret=SUCCESS |  
2025-10-17 11:02:48,968 [ForkJoinPool-1-worker-1] INFO  rpc.RpcClient (RpcClient.java:createBucket(686)) - Creating Bucket: f568c047-b57e-4955-845f-fb92005ebbcd/bucket11, with bucket layout FILE_SYSTEM_OPTIMIZED, runner as owner, Versioning false, Storage Type set to DISK and Encryption set to false, Replication Type set to server-side default replication type, Namespace Quota set to -1, Space Quota set to -1 
2025-10-17 11:02:48,969 [om1-OMStateMachineApplyTransactionThread - 0] INFO  bucket.OMBucketCreateRequest (OMBucketCreateRequest.java:validateAndUpdateCache(303)) - created bucket: bucket11 of layout FILE_SYSTEM_OPTIMIZED in volume: f568c047-b57e-4955-845f-fb92005ebbcd
2025-10-17 11:02:48,969 | INFO  | OMAudit | user=runner | ip=127.0.0.1 | op=CREATE_BUCKET {"volume":"f568c047-b57e-4955-845f-fb92005ebbcd","bucket":"bucket11","bucketLayout":"FILE_SYSTEM_OPTIMIZED","gdprEnabled":null,"acls":"[user:runner:a[ACCESS], group:runner:rl[ACCESS]]","isVersionEnabled":"false","storageType":"DISK","creationTime":"1760698968968","bucketEncryptionKey":null,"modificationTime":"1760698968968","usedBytes":"0","usedNamespace":"0","snapshotUsedBytes":"0","snapshotUsedNamespace":"0","owner":"runner","replicationType":null,"replicationConfig":null,"quotaInBytes":"-1","quotaInNamespace":"-1","Transaction":"658"} | ret=SUCCESS |  
2025-10-17 11:02:48,970 | INFO  | OMAudit | user=runner | ip=127.0.0.1 | op=READ_BUCKET {"volume":"f568c047-b57e-4955-845f-fb92005ebbcd","bucket":"bucket11"} | ret=SUCCESS |  
2025-10-17 11:02:48,971 | INFO  | OMAudit | user=runner | ip=127.0.0.1 | op=READ_BUCKET {"volume":"f568c047-b57e-4955-845f-fb92005ebbcd","bucket":"bucket11"} | ret=SUCCESS |  
2025-10-17 11:02:48,971 | INFO  | SCMAudit | user=runner | ip=127.0.0.1 | op=ALLOCATE_BLOCK {"replication":"RATIS/THREE","owner":"omServiceIdDefault","size":"4194304","sampleBlocks":"[conID: 16 locID: 115816896921600192]","num":"1","client":"","allocated":"1"} | ret=SUCCESS |  
2025-10-17 11:02:48,973 | INFO  | OMAudit | user=runner | ip=127.0.0.1 | op=ALLOCATE_KEY {"volume":"f568c047-b57e-4955-845f-fb92005ebbcd","bucket":"bucket11","key":"key","dataSize":"1","replicationType":"NONE","Transaction":"659"} | ret=SUCCESS |  
2025-10-17 11:02:48,975 | INFO  | OMAudit | user=runner | ip=127.0.0.1 | op=COMMIT_KEY {"volume":"f568c047-b57e-4955-845f-fb92005ebbcd","bucket":"bucket11","key":"key","dataSize":"0","replicationType":"RATIS","replicationFactor":"THREE","Transaction":"660"} | ret=SUCCESS |  
2025-10-17 11:02:48,977 | INFO  | OMAudit | user=runner | ip=127.0.0.1 | op=DELETE_BUCKET {"volume":"f568c047-b57e-4955-845f-fb92005ebbcd","bucket":"bucket1","Transaction":"661"} | ret=SUCCESS |  
2025-10-17 11:02:48,978 | ERROR | OMAudit | user=runner | ip=127.0.0.1 | op=READ_BUCKET {"volume":"f568c047-b57e-4955-845f-fb92005ebbcd","bucket":"bucket1"} | ret=FAILURE | 
org.apache.hadoop.ozone.om.exceptions.OMException: Bucket not found
	at org.apache.hadoop.ozone.om.OzoneManager.getBucketOwner(OzoneManager.java:2726)
	at org.apache.hadoop.ozone.om.OzoneManager.getBucketOwner(OzoneManager.java:2694)
 
]]></system-out>
  </testcase>
  <testcase name="testDeleteKey" classname="org.apache.hadoop.ozone.client.rpc.TestSecureOzoneRpcClient" time="0.02">
    <system-out><![CDATA[2025-10-17 11:02:48,979 [ForkJoinPool-1-worker-1] INFO  rpc.RpcClient (RpcClient.java:createVolume(461)) - Creating Volume: c79fcf9f-10ae-480d-ad69-f368be32b1a0, with runner as owner and space quota set to -1 bytes, counts quota set to -1
2025-10-17 11:02:48,981 [om1-OMStateMachineApplyTransactionThread - 0] INFO  volume.OMVolumeCreateRequest (OMVolumeCreateRequest.java:validateAndUpdateCache(213)) - created volume:c79fcf9f-10ae-480d-ad69-f368be32b1a0 for user:runner
2025-10-17 11:02:48,981 | INFO  | OMAudit | user=runner | ip=127.0.0.1 | op=CREATE_VOLUME {"admin":"runner","owner":"runner","volume":"c79fcf9f-10ae-480d-ad69-f368be32b1a0","creationTime":"1760698968980","modificationTime":"1760698968980","quotaInBytes":"-1","quotaInNamespace":"-1","usedNamespace":"0","objectID":"-9223372036854606336","updateID":"662","Transaction":"662"} | ret=SUCCESS |  
2025-10-17 11:02:48,981 | INFO  | OMAudit | user=runner | ip=127.0.0.1 | op=READ_VOLUME {"volume":"c79fcf9f-10ae-480d-ad69-f368be32b1a0"} | ret=SUCCESS |  
2025-10-17 11:02:48,982 [ForkJoinPool-1-worker-1] INFO  rpc.RpcClient (RpcClient.java:createBucket(686)) - Creating Bucket: c79fcf9f-10ae-480d-ad69-f368be32b1a0/ef1b6157-ef09-43a5-b102-d411d9d59bc1, with server-side default bucket layout, runner as owner, Versioning false, Storage Type set to DISK and Encryption set to false, Replication Type set to server-side default replication type, Namespace Quota set to -1, Space Quota set to -1 
2025-10-17 11:02:48,983 [om1-OMStateMachineApplyTransactionThread - 0] INFO  bucket.OMBucketCreateRequest (OMBucketCreateRequest.java:validateAndUpdateCache(303)) - created bucket: ef1b6157-ef09-43a5-b102-d411d9d59bc1 of layout FILE_SYSTEM_OPTIMIZED in volume: c79fcf9f-10ae-480d-ad69-f368be32b1a0
2025-10-17 11:02:48,983 | INFO  | OMAudit | user=runner | ip=127.0.0.1 | op=CREATE_BUCKET {"volume":"c79fcf9f-10ae-480d-ad69-f368be32b1a0","bucket":"ef1b6157-ef09-43a5-b102-d411d9d59bc1","bucketLayout":"FILE_SYSTEM_OPTIMIZED","gdprEnabled":null,"acls":"[user:runner:a[ACCESS], group:runner:rl[ACCESS]]","isVersionEnabled":"false","storageType":"DISK","creationTime":"1760698968982","bucketEncryptionKey":null,"modificationTime":"1760698968982","usedBytes":"0","usedNamespace":"0","snapshotUsedBytes":"0","snapshotUsedNamespace":"0","owner":"runner","replicationType":null,"replicationConfig":null,"quotaInBytes":"-1","quotaInNamespace":"-1","Transaction":"663"} | ret=SUCCESS |  
2025-10-17 11:02:48,984 | INFO  | OMAudit | user=runner | ip=127.0.0.1 | op=READ_BUCKET {"volume":"c79fcf9f-10ae-480d-ad69-f368be32b1a0","bucket":"ef1b6157-ef09-43a5-b102-d411d9d59bc1"} | ret=SUCCESS |  
2025-10-17 11:02:48,985 | INFO  | OMAudit | user=runner | ip=127.0.0.1 | op=READ_BUCKET {"volume":"c79fcf9f-10ae-480d-ad69-f368be32b1a0","bucket":"ef1b6157-ef09-43a5-b102-d411d9d59bc1"} | ret=SUCCESS |  
2025-10-17 11:02:48,985 | INFO  | SCMAudit | user=runner | ip=127.0.0.1 | op=ALLOCATE_BLOCK {"replication":"RATIS/ONE","owner":"omServiceIdDefault","size":"4194304","sampleBlocks":"[conID: 1 locID: 115816896921600193]","num":"1","client":"","allocated":"1"} | ret=SUCCESS |  
2025-10-17 11:02:48,987 | INFO  | OMAudit | user=runner | ip=127.0.0.1 | op=ALLOCATE_KEY {"volume":"c79fcf9f-10ae-480d-ad69-f368be32b1a0","bucket":"ef1b6157-ef09-43a5-b102-d411d9d59bc1","key":"7f3a7de5-bd6f-4163-afdb-c35a35880e39","dataSize":"12","replicationType":"RATIS","replicationFactor":"ONE","Transaction":"664"} | ret=SUCCESS |  
2025-10-17 11:02:48,993 | INFO  | OMAudit | user=runner | ip=127.0.0.1 | op=COMMIT_KEY {"volume":"c79fcf9f-10ae-480d-ad69-f368be32b1a0","bucket":"ef1b6157-ef09-43a5-b102-d411d9d59bc1","key":"7f3a7de5-bd6f-4163-afdb-c35a35880e39","dataSize":"12","replicationType":"RATIS","replicationFactor":"ONE","Transaction":"665"} | ret=SUCCESS |  
2025-10-17 11:02:48,994 | INFO  | OMAudit | user=runner | ip=127.0.0.1 | op=READ_KEY {"volume":"c79fcf9f-10ae-480d-ad69-f368be32b1a0","bucket":"ef1b6157-ef09-43a5-b102-d411d9d59bc1","key":"7f3a7de5-bd6f-4163-afdb-c35a35880e39","owner":null,"dataSize":"0","replicationConfig":null} | ret=SUCCESS |  
2025-10-17 11:02:48,996 | INFO  | OMAudit | user=runner | ip=127.0.0.1 | op=DELETE_KEY {"volume":"c79fcf9f-10ae-480d-ad69-f368be32b1a0","bucket":"ef1b6157-ef09-43a5-b102-d411d9d59bc1","key":"7f3a7de5-bd6f-4163-afdb-c35a35880e39","dataSize":"12","replicationConfig":"RATIS/ONE","Transaction":"666"} | ret=SUCCESS |  
2025-10-17 11:02:48,998 | ERROR | OMAudit | user=runner | ip=127.0.0.1 | op=READ_KEY {"volume":"c79fcf9f-10ae-480d-ad69-f368be32b1a0","bucket":"ef1b6157-ef09-43a5-b102-d411d9d59bc1","key":"7f3a7de5-bd6f-4163-afdb-c35a35880e39","owner":null,"dataSize":"0","replicationConfig":null} | ret=FAILURE | 
org.apache.hadoop.ozone.om.exceptions.OMException: Key:7f3a7de5-bd6f-4163-afdb-c35a35880e39 not found
	at org.apache.hadoop.ozone.om.KeyManagerImpl.readKeyInfo(KeyManagerImpl.java:614)
	at org.apache.hadoop.ozone.om.KeyManagerImpl.lambda$22(KeyManagerImpl.java:2340)
 
]]></system-out>
  </testcase>
  <testcase name="testDeleteLinkedBucket" classname="org.apache.hadoop.ozone.client.rpc.TestSecureOzoneRpcClient" time="0.017">
    <system-out><![CDATA[2025-10-17 11:02:49,000 [ForkJoinPool-1-worker-1] INFO  rpc.RpcClient (RpcClient.java:createVolume(461)) - Creating Volume: 1ae39054-0170-472f-8a88-0f2de15a9cf4, with runner as owner and space quota set to -1 bytes, counts quota set to -1
2025-10-17 11:02:49,001 [om1-OMStateMachineApplyTransactionThread - 0] INFO  volume.OMVolumeCreateRequest (OMVolumeCreateRequest.java:validateAndUpdateCache(213)) - created volume:1ae39054-0170-472f-8a88-0f2de15a9cf4 for user:runner
2025-10-17 11:02:49,001 | INFO  | OMAudit | user=runner | ip=127.0.0.1 | op=CREATE_VOLUME {"admin":"runner","owner":"runner","volume":"1ae39054-0170-472f-8a88-0f2de15a9cf4","creationTime":"1760698969001","modificationTime":"1760698969001","quotaInBytes":"-1","quotaInNamespace":"-1","usedNamespace":"0","objectID":"-9223372036854605056","updateID":"667","Transaction":"667"} | ret=SUCCESS |  
2025-10-17 11:02:49,002 | INFO  | OMAudit | user=runner | ip=127.0.0.1 | op=READ_VOLUME {"volume":"1ae39054-0170-472f-8a88-0f2de15a9cf4"} | ret=SUCCESS |  
2025-10-17 11:02:49,003 [ForkJoinPool-1-worker-1] INFO  rpc.RpcClient (RpcClient.java:createBucket(686)) - Creating Bucket: 1ae39054-0170-472f-8a88-0f2de15a9cf4/84720e4f-ae5b-4e34-81d6-6f6638836eaa, with server-side default bucket layout, runner as owner, Versioning false, Storage Type set to DISK and Encryption set to false, Replication Type set to server-side default replication type, Namespace Quota set to -1, Space Quota set to -1 
2025-10-17 11:02:49,004 [om1-OMStateMachineApplyTransactionThread - 0] INFO  bucket.OMBucketCreateRequest (OMBucketCreateRequest.java:validateAndUpdateCache(303)) - created bucket: 84720e4f-ae5b-4e34-81d6-6f6638836eaa of layout FILE_SYSTEM_OPTIMIZED in volume: 1ae39054-0170-472f-8a88-0f2de15a9cf4
2025-10-17 11:02:49,004 | INFO  | OMAudit | user=runner | ip=127.0.0.1 | op=CREATE_BUCKET {"volume":"1ae39054-0170-472f-8a88-0f2de15a9cf4","bucket":"84720e4f-ae5b-4e34-81d6-6f6638836eaa","bucketLayout":"FILE_SYSTEM_OPTIMIZED","gdprEnabled":null,"acls":"[user:runner:a[ACCESS], group:runner:rl[ACCESS]]","isVersionEnabled":"false","storageType":"DISK","creationTime":"1760698969003","bucketEncryptionKey":null,"modificationTime":"1760698969003","usedBytes":"0","usedNamespace":"0","snapshotUsedBytes":"0","snapshotUsedNamespace":"0","owner":"runner","replicationType":null,"replicationConfig":null,"quotaInBytes":"-1","quotaInNamespace":"-1","Transaction":"668"} | ret=SUCCESS |  
2025-10-17 11:02:49,005 | INFO  | OMAudit | user=runner | ip=127.0.0.1 | op=READ_BUCKET {"volume":"1ae39054-0170-472f-8a88-0f2de15a9cf4","bucket":"84720e4f-ae5b-4e34-81d6-6f6638836eaa"} | ret=SUCCESS |  
2025-10-17 11:02:49,005 [ForkJoinPool-1-worker-1] INFO  rpc.RpcClient (RpcClient.java:createBucket(686)) - Creating Bucket: 1ae39054-0170-472f-8a88-0f2de15a9cf4/95d32fe0-5eb6-47b1-addf-dd669b23fbc9, with server-side default bucket layout, runner as owner, Versioning false, Storage Type set to DISK and Encryption set to false, Replication Type set to server-side default replication type, Namespace Quota set to -1, Space Quota set to -1 
2025-10-17 11:02:49,006 [om1-OMStateMachineApplyTransactionThread - 0] INFO  bucket.OMBucketCreateRequest (OMBucketCreateRequest.java:validateAndUpdateCache(303)) - created bucket: 95d32fe0-5eb6-47b1-addf-dd669b23fbc9 of layout FILE_SYSTEM_OPTIMIZED in volume: 1ae39054-0170-472f-8a88-0f2de15a9cf4
2025-10-17 11:02:49,006 | INFO  | OMAudit | user=runner | ip=127.0.0.1 | op=CREATE_BUCKET {"volume":"1ae39054-0170-472f-8a88-0f2de15a9cf4","bucket":"95d32fe0-5eb6-47b1-addf-dd669b23fbc9","bucketLayout":"FILE_SYSTEM_OPTIMIZED","gdprEnabled":null,"acls":"[user:runner:a[ACCESS], group:runner:rl[ACCESS], world:WORLD:rw[ACCESS]]","isVersionEnabled":"false","storageType":"DISK","creationTime":"1760698969006","bucketEncryptionKey":null,"modificationTime":"1760698969006","sourceVolume":"1ae39054-0170-472f-8a88-0f2de15a9cf4","sourceBucket":"84720e4f-ae5b-4e34-81d6-6f6638836eaa","usedBytes":"0","usedNamespace":"0","snapshotUsedBytes":"0","snapshotUsedNamespace":"0","owner":"runner","replicationType":null,"replicationConfig":null,"quotaInBytes":"-1","quotaInNamespace":"-1","Transaction":"669"} | ret=SUCCESS |  
2025-10-17 11:02:49,007 | INFO  | OMAudit | user=runner | ip=127.0.0.1 | op=READ_BUCKET {"volume":"1ae39054-0170-472f-8a88-0f2de15a9cf4","bucket":"95d32fe0-5eb6-47b1-addf-dd669b23fbc9"} | ret=SUCCESS |  
2025-10-17 11:02:49,009 | INFO  | OMAudit | user=runner | ip=127.0.0.1 | op=DELETE_BUCKET {"volume":"1ae39054-0170-472f-8a88-0f2de15a9cf4","bucket":"84720e4f-ae5b-4e34-81d6-6f6638836eaa","Transaction":"670"} | ret=SUCCESS |  
2025-10-17 11:02:49,010 | ERROR | OMAudit | user=runner | ip=127.0.0.1 | op=READ_BUCKET {"volume":"1ae39054-0170-472f-8a88-0f2de15a9cf4","bucket":"84720e4f-ae5b-4e34-81d6-6f6638836eaa"} | ret=FAILURE | 
org.apache.hadoop.ozone.om.exceptions.OMException: Bucket not found
	at org.apache.hadoop.ozone.om.OzoneManager.getBucketOwner(OzoneManager.java:2726)
	at org.apache.hadoop.ozone.om.OzoneManager.getBucketOwner(OzoneManager.java:2694)
 
2025-10-17 11:02:49,011 [IPC Server handler 8 on default port 15006] WARN  om.OzoneManager (OzoneManager.java:resolveBucketLink(4602)) - Bucket 84720e4f-ae5b-4e34-81d6-6f6638836eaa not found in volume 1ae39054-0170-472f-8a88-0f2de15a9cf4
2025-10-17 11:02:49,011 | INFO  | OMAudit | user=runner | ip=127.0.0.1 | op=READ_BUCKET {"volume":"1ae39054-0170-472f-8a88-0f2de15a9cf4","bucket":"95d32fe0-5eb6-47b1-addf-dd669b23fbc9"} | ret=SUCCESS |  
2025-10-17 11:02:49,012 | INFO  | OMAudit | user=runner | ip=127.0.0.1 | op=DELETE_BUCKET {"volume":"1ae39054-0170-472f-8a88-0f2de15a9cf4","bucket":"95d32fe0-5eb6-47b1-addf-dd669b23fbc9","Transaction":"671"} | ret=SUCCESS |  
2025-10-17 11:02:49,014 | ERROR | OMAudit | user=runner | ip=127.0.0.1 | op=READ_BUCKET {"volume":"1ae39054-0170-472f-8a88-0f2de15a9cf4","bucket":"95d32fe0-5eb6-47b1-addf-dd669b23fbc9"} | ret=FAILURE | 
org.apache.hadoop.ozone.om.exceptions.OMException: Bucket not found
	at org.apache.hadoop.ozone.om.OzoneManager.getBucketOwner(OzoneManager.java:2726)
	at org.apache.hadoop.ozone.om.OzoneManager.getBucketOwner(OzoneManager.java:2694)
 
2025-10-17 11:02:49,015 | INFO  | OMAudit | user=runner | ip=127.0.0.1 | op=DELETE_VOLUME {"volume":"1ae39054-0170-472f-8a88-0f2de15a9cf4","Transaction":"672"} | ret=SUCCESS |  
]]></system-out>
  </testcase>
  <testcase name="testDeleteObjectTagging(BucketLayout)[1]" classname="org.apache.hadoop.ozone.client.rpc.TestSecureOzoneRpcClient" time="0.03">
    <system-out><![CDATA[2025-10-17 11:02:49,019 [ForkJoinPool-1-worker-1] INFO  rpc.RpcClient (RpcClient.java:createVolume(461)) - Creating Volume: 2ea330f3-eb25-49ec-9a97-ab2938da8a07, with runner as owner and space quota set to -1 bytes, counts quota set to -1
2025-10-17 11:02:49,020 [om1-OMStateMachineApplyTransactionThread - 0] INFO  volume.OMVolumeCreateRequest (OMVolumeCreateRequest.java:validateAndUpdateCache(213)) - created volume:2ea330f3-eb25-49ec-9a97-ab2938da8a07 for user:runner
2025-10-17 11:02:49,020 | INFO  | OMAudit | user=runner | ip=127.0.0.1 | op=CREATE_VOLUME {"admin":"runner","owner":"runner","volume":"2ea330f3-eb25-49ec-9a97-ab2938da8a07","creationTime":"1760698969019","modificationTime":"1760698969019","quotaInBytes":"-1","quotaInNamespace":"-1","usedNamespace":"0","objectID":"-9223372036854603520","updateID":"673","Transaction":"673"} | ret=SUCCESS |  
2025-10-17 11:02:49,021 | INFO  | OMAudit | user=runner | ip=127.0.0.1 | op=READ_VOLUME {"volume":"2ea330f3-eb25-49ec-9a97-ab2938da8a07"} | ret=SUCCESS |  
2025-10-17 11:02:49,022 [ForkJoinPool-1-worker-1] INFO  rpc.RpcClient (RpcClient.java:createBucket(686)) - Creating Bucket: 2ea330f3-eb25-49ec-9a97-ab2938da8a07/25ba59c7-26ed-484c-90fe-51caa06cde53, with bucket layout OBJECT_STORE, runner as owner, Versioning false, Storage Type set to DISK and Encryption set to false, Replication Type set to server-side default replication type, Namespace Quota set to -1, Space Quota set to -1 
2025-10-17 11:02:49,023 [om1-OMStateMachineApplyTransactionThread - 0] INFO  bucket.OMBucketCreateRequest (OMBucketCreateRequest.java:validateAndUpdateCache(303)) - created bucket: 25ba59c7-26ed-484c-90fe-51caa06cde53 of layout OBJECT_STORE in volume: 2ea330f3-eb25-49ec-9a97-ab2938da8a07
2025-10-17 11:02:49,023 | INFO  | OMAudit | user=runner | ip=127.0.0.1 | op=CREATE_BUCKET {"volume":"2ea330f3-eb25-49ec-9a97-ab2938da8a07","bucket":"25ba59c7-26ed-484c-90fe-51caa06cde53","bucketLayout":"OBJECT_STORE","gdprEnabled":null,"acls":"[user:runner:a[ACCESS], group:runner:rl[ACCESS]]","isVersionEnabled":"false","storageType":"DISK","creationTime":"1760698969022","bucketEncryptionKey":null,"modificationTime":"1760698969022","usedBytes":"0","usedNamespace":"0","snapshotUsedBytes":"0","snapshotUsedNamespace":"0","owner":"runner","replicationType":null,"replicationConfig":null,"quotaInBytes":"-1","quotaInNamespace":"-1","Transaction":"674"} | ret=SUCCESS |  
2025-10-17 11:02:49,024 | INFO  | OMAudit | user=runner | ip=127.0.0.1 | op=READ_BUCKET {"volume":"2ea330f3-eb25-49ec-9a97-ab2938da8a07","bucket":"25ba59c7-26ed-484c-90fe-51caa06cde53"} | ret=SUCCESS |  
2025-10-17 11:02:49,025 | INFO  | OMAudit | user=runner | ip=127.0.0.1 | op=READ_BUCKET {"volume":"2ea330f3-eb25-49ec-9a97-ab2938da8a07","bucket":"25ba59c7-26ed-484c-90fe-51caa06cde53"} | ret=SUCCESS |  
2025-10-17 11:02:49,026 | INFO  | SCMAudit | user=runner | ip=127.0.0.1 | op=ALLOCATE_BLOCK {"replication":"RATIS/ONE","owner":"omServiceIdDefault","size":"4194304","sampleBlocks":"[conID: 12 locID: 115816896921600194]","num":"1","client":"","allocated":"1"} | ret=SUCCESS |  
2025-10-17 11:02:49,028 | INFO  | OMAudit | user=runner | ip=127.0.0.1 | op=ALLOCATE_KEY {"volume":"2ea330f3-eb25-49ec-9a97-ab2938da8a07","bucket":"25ba59c7-26ed-484c-90fe-51caa06cde53","key":"c9eb16cc-e0ba-451e-9b62-72513ea9d7f6","dataSize":"12","replicationType":"RATIS","replicationFactor":"ONE","Transaction":"675"} | ret=SUCCESS |  
2025-10-17 11:02:49,034 | INFO  | SCMAudit | user=runner | ip=127.0.0.1 | op=SEND_HEARTBEAT {"datanodeUUID":"309ab1ff-9f5a-4058-8b2f-94d451ce5267","term":"2","command":"[]"} | ret=SUCCESS |  
2025-10-17 11:02:49,040 | INFO  | OMAudit | user=runner | ip=127.0.0.1 | op=COMMIT_KEY {"volume":"2ea330f3-eb25-49ec-9a97-ab2938da8a07","bucket":"25ba59c7-26ed-484c-90fe-51caa06cde53","key":"c9eb16cc-e0ba-451e-9b62-72513ea9d7f6","dataSize":"12","replicationType":"RATIS","replicationFactor":"ONE","Transaction":"676"} | ret=SUCCESS |  
2025-10-17 11:02:49,041 | INFO  | OMAudit | user=runner | ip=127.0.0.1 | op=READ_KEY {"volume":"2ea330f3-eb25-49ec-9a97-ab2938da8a07","bucket":"25ba59c7-26ed-484c-90fe-51caa06cde53","key":"c9eb16cc-e0ba-451e-9b62-72513ea9d7f6","owner":null,"dataSize":"0","replicationConfig":null} | ret=SUCCESS |  
2025-10-17 11:02:49,046 | INFO  | OMAudit | user=runner | ip=127.0.0.1 | op=DELETE_OBJECT_TAGGING {"volume":"2ea330f3-eb25-49ec-9a97-ab2938da8a07","bucket":"25ba59c7-26ed-484c-90fe-51caa06cde53","key":"c9eb16cc-e0ba-451e-9b62-72513ea9d7f6","dataSize":"0","Transaction":"677"} | ret=SUCCESS |  
2025-10-17 11:02:49,048 | INFO  | OMAudit | user=runner | ip=127.0.0.1 | op=READ_KEY {"volume":"2ea330f3-eb25-49ec-9a97-ab2938da8a07","bucket":"25ba59c7-26ed-484c-90fe-51caa06cde53","key":"c9eb16cc-e0ba-451e-9b62-72513ea9d7f6","owner":null,"dataSize":"0","replicationConfig":null} | ret=SUCCESS |  
]]></system-out>
  </testcase>
  <testcase name="testDeleteObjectTagging(BucketLayout)[2]" classname="org.apache.hadoop.ozone.client.rpc.TestSecureOzoneRpcClient" time="0.017">
    <system-out><![CDATA[2025-10-17 11:02:49,050 [ForkJoinPool-1-worker-1] INFO  rpc.RpcClient (RpcClient.java:createVolume(461)) - Creating Volume: 0498976f-f6e9-4dce-b9b5-1f4105f60c00, with runner as owner and space quota set to -1 bytes, counts quota set to -1
2025-10-17 11:02:49,051 [om1-OMStateMachineApplyTransactionThread - 0] INFO  volume.OMVolumeCreateRequest (OMVolumeCreateRequest.java:validateAndUpdateCache(213)) - created volume:0498976f-f6e9-4dce-b9b5-1f4105f60c00 for user:runner
2025-10-17 11:02:49,051 | INFO  | OMAudit | user=runner | ip=127.0.0.1 | op=CREATE_VOLUME {"admin":"runner","owner":"runner","volume":"0498976f-f6e9-4dce-b9b5-1f4105f60c00","creationTime":"1760698969050","modificationTime":"1760698969050","quotaInBytes":"-1","quotaInNamespace":"-1","usedNamespace":"0","objectID":"-9223372036854602240","updateID":"678","Transaction":"678"} | ret=SUCCESS |  
2025-10-17 11:02:49,052 | INFO  | OMAudit | user=runner | ip=127.0.0.1 | op=READ_VOLUME {"volume":"0498976f-f6e9-4dce-b9b5-1f4105f60c00"} | ret=SUCCESS |  
2025-10-17 11:02:49,052 [ForkJoinPool-1-worker-1] INFO  rpc.RpcClient (RpcClient.java:createBucket(686)) - Creating Bucket: 0498976f-f6e9-4dce-b9b5-1f4105f60c00/143861ea-f0bf-4313-af9f-6c4715a76ff7, with bucket layout LEGACY, runner as owner, Versioning false, Storage Type set to DISK and Encryption set to false, Replication Type set to server-side default replication type, Namespace Quota set to -1, Space Quota set to -1 
2025-10-17 11:02:49,053 [om1-OMStateMachineApplyTransactionThread - 0] INFO  bucket.OMBucketCreateRequest (OMBucketCreateRequest.java:validateAndUpdateCache(303)) - created bucket: 143861ea-f0bf-4313-af9f-6c4715a76ff7 of layout LEGACY in volume: 0498976f-f6e9-4dce-b9b5-1f4105f60c00
2025-10-17 11:02:49,054 | INFO  | OMAudit | user=runner | ip=127.0.0.1 | op=CREATE_BUCKET {"volume":"0498976f-f6e9-4dce-b9b5-1f4105f60c00","bucket":"143861ea-f0bf-4313-af9f-6c4715a76ff7","bucketLayout":"LEGACY","gdprEnabled":null,"acls":"[user:runner:a[ACCESS], group:runner:rl[ACCESS]]","isVersionEnabled":"false","storageType":"DISK","creationTime":"1760698969053","bucketEncryptionKey":null,"modificationTime":"1760698969053","usedBytes":"0","usedNamespace":"0","snapshotUsedBytes":"0","snapshotUsedNamespace":"0","owner":"runner","replicationType":null,"replicationConfig":null,"quotaInBytes":"-1","quotaInNamespace":"-1","Transaction":"679"} | ret=SUCCESS |  
2025-10-17 11:02:49,054 | INFO  | OMAudit | user=runner | ip=127.0.0.1 | op=READ_BUCKET {"volume":"0498976f-f6e9-4dce-b9b5-1f4105f60c00","bucket":"143861ea-f0bf-4313-af9f-6c4715a76ff7"} | ret=SUCCESS |  
2025-10-17 11:02:49,055 | INFO  | OMAudit | user=runner | ip=127.0.0.1 | op=READ_BUCKET {"volume":"0498976f-f6e9-4dce-b9b5-1f4105f60c00","bucket":"143861ea-f0bf-4313-af9f-6c4715a76ff7"} | ret=SUCCESS |  
2025-10-17 11:02:49,056 | INFO  | SCMAudit | user=runner | ip=127.0.0.1 | op=ALLOCATE_BLOCK {"replication":"RATIS/ONE","owner":"omServiceIdDefault","size":"4194304","sampleBlocks":"[conID: 9 locID: 115816896921600195]","num":"1","client":"","allocated":"1"} | ret=SUCCESS |  
2025-10-17 11:02:49,057 | INFO  | OMAudit | user=runner | ip=127.0.0.1 | op=ALLOCATE_KEY {"volume":"0498976f-f6e9-4dce-b9b5-1f4105f60c00","bucket":"143861ea-f0bf-4313-af9f-6c4715a76ff7","key":"caa02020-d6c7-4ff8-becc-e22232481192","dataSize":"12","replicationType":"RATIS","replicationFactor":"ONE","Transaction":"680"} | ret=SUCCESS |  
2025-10-17 11:02:49,062 | INFO  | OMAudit | user=runner | ip=127.0.0.1 | op=COMMIT_KEY {"volume":"0498976f-f6e9-4dce-b9b5-1f4105f60c00","bucket":"143861ea-f0bf-4313-af9f-6c4715a76ff7","key":"caa02020-d6c7-4ff8-becc-e22232481192","dataSize":"12","replicationType":"RATIS","replicationFactor":"ONE","Transaction":"681"} | ret=SUCCESS |  
2025-10-17 11:02:49,063 | INFO  | OMAudit | user=runner | ip=127.0.0.1 | op=READ_KEY {"volume":"0498976f-f6e9-4dce-b9b5-1f4105f60c00","bucket":"143861ea-f0bf-4313-af9f-6c4715a76ff7","key":"caa02020-d6c7-4ff8-becc-e22232481192","owner":null,"dataSize":"0","replicationConfig":null} | ret=SUCCESS |  
2025-10-17 11:02:49,064 | INFO  | OMAudit | user=runner | ip=127.0.0.1 | op=DELETE_OBJECT_TAGGING {"volume":"0498976f-f6e9-4dce-b9b5-1f4105f60c00","bucket":"143861ea-f0bf-4313-af9f-6c4715a76ff7","key":"caa02020-d6c7-4ff8-becc-e22232481192","dataSize":"0","Transaction":"682"} | ret=SUCCESS |  
2025-10-17 11:02:49,066 | INFO  | OMAudit | user=runner | ip=127.0.0.1 | op=READ_KEY {"volume":"0498976f-f6e9-4dce-b9b5-1f4105f60c00","bucket":"143861ea-f0bf-4313-af9f-6c4715a76ff7","key":"caa02020-d6c7-4ff8-becc-e22232481192","owner":null,"dataSize":"0","replicationConfig":null} | ret=SUCCESS |  
]]></system-out>
  </testcase>
  <testcase name="testDeleteObjectTagging(BucketLayout)[3]" classname="org.apache.hadoop.ozone.client.rpc.TestSecureOzoneRpcClient" time="0.021">
    <system-out><![CDATA[2025-10-17 11:02:49,067 [ForkJoinPool-1-worker-1] INFO  rpc.RpcClient (RpcClient.java:createVolume(461)) - Creating Volume: 09b6ea28-7c64-4c4a-8072-f89bbf6052aa, with runner as owner and space quota set to -1 bytes, counts quota set to -1
2025-10-17 11:02:49,068 [om1-OMStateMachineApplyTransactionThread - 0] INFO  volume.OMVolumeCreateRequest (OMVolumeCreateRequest.java:validateAndUpdateCache(213)) - created volume:09b6ea28-7c64-4c4a-8072-f89bbf6052aa for user:runner
2025-10-17 11:02:49,069 | INFO  | OMAudit | user=runner | ip=127.0.0.1 | op=CREATE_VOLUME {"admin":"runner","owner":"runner","volume":"09b6ea28-7c64-4c4a-8072-f89bbf6052aa","creationTime":"1760698969068","modificationTime":"1760698969068","quotaInBytes":"-1","quotaInNamespace":"-1","usedNamespace":"0","objectID":"-9223372036854600960","updateID":"683","Transaction":"683"} | ret=SUCCESS |  
2025-10-17 11:02:49,069 | INFO  | OMAudit | user=runner | ip=127.0.0.1 | op=READ_VOLUME {"volume":"09b6ea28-7c64-4c4a-8072-f89bbf6052aa"} | ret=SUCCESS |  
2025-10-17 11:02:49,070 [ForkJoinPool-1-worker-1] INFO  rpc.RpcClient (RpcClient.java:createBucket(686)) - Creating Bucket: 09b6ea28-7c64-4c4a-8072-f89bbf6052aa/e515804b-1139-4bd6-aedf-af1bffaf0421, with bucket layout FILE_SYSTEM_OPTIMIZED, runner as owner, Versioning false, Storage Type set to DISK and Encryption set to false, Replication Type set to server-side default replication type, Namespace Quota set to -1, Space Quota set to -1 
2025-10-17 11:02:49,071 [om1-OMStateMachineApplyTransactionThread - 0] INFO  bucket.OMBucketCreateRequest (OMBucketCreateRequest.java:validateAndUpdateCache(303)) - created bucket: e515804b-1139-4bd6-aedf-af1bffaf0421 of layout FILE_SYSTEM_OPTIMIZED in volume: 09b6ea28-7c64-4c4a-8072-f89bbf6052aa
2025-10-17 11:02:49,071 | INFO  | OMAudit | user=runner | ip=127.0.0.1 | op=CREATE_BUCKET {"volume":"09b6ea28-7c64-4c4a-8072-f89bbf6052aa","bucket":"e515804b-1139-4bd6-aedf-af1bffaf0421","bucketLayout":"FILE_SYSTEM_OPTIMIZED","gdprEnabled":null,"acls":"[user:runner:a[ACCESS], group:runner:rl[ACCESS]]","isVersionEnabled":"false","storageType":"DISK","creationTime":"1760698969070","bucketEncryptionKey":null,"modificationTime":"1760698969070","usedBytes":"0","usedNamespace":"0","snapshotUsedBytes":"0","snapshotUsedNamespace":"0","owner":"runner","replicationType":null,"replicationConfig":null,"quotaInBytes":"-1","quotaInNamespace":"-1","Transaction":"684"} | ret=SUCCESS |  
2025-10-17 11:02:49,072 | INFO  | OMAudit | user=runner | ip=127.0.0.1 | op=READ_BUCKET {"volume":"09b6ea28-7c64-4c4a-8072-f89bbf6052aa","bucket":"e515804b-1139-4bd6-aedf-af1bffaf0421"} | ret=SUCCESS |  
2025-10-17 11:02:49,072 | INFO  | OMAudit | user=runner | ip=127.0.0.1 | op=READ_BUCKET {"volume":"09b6ea28-7c64-4c4a-8072-f89bbf6052aa","bucket":"e515804b-1139-4bd6-aedf-af1bffaf0421"} | ret=SUCCESS |  
2025-10-17 11:02:49,073 | INFO  | SCMAudit | user=runner | ip=127.0.0.1 | op=ALLOCATE_BLOCK {"replication":"RATIS/ONE","owner":"omServiceIdDefault","size":"4194304","sampleBlocks":"[conID: 13 locID: 115816896921600196]","num":"1","client":"","allocated":"1"} | ret=SUCCESS |  
2025-10-17 11:02:49,075 | INFO  | OMAudit | user=runner | ip=127.0.0.1 | op=ALLOCATE_KEY {"volume":"09b6ea28-7c64-4c4a-8072-f89bbf6052aa","bucket":"e515804b-1139-4bd6-aedf-af1bffaf0421","key":"13f6e243-4689-42ba-9896-b8c63d2d5ee2","dataSize":"12","replicationType":"RATIS","replicationFactor":"ONE","Transaction":"685"} | ret=SUCCESS |  
2025-10-17 11:02:49,079 | INFO  | OMAudit | user=runner | ip=127.0.0.1 | op=COMMIT_KEY {"volume":"09b6ea28-7c64-4c4a-8072-f89bbf6052aa","bucket":"e515804b-1139-4bd6-aedf-af1bffaf0421","key":"13f6e243-4689-42ba-9896-b8c63d2d5ee2","dataSize":"12","replicationType":"RATIS","replicationFactor":"ONE","Transaction":"686"} | ret=SUCCESS |  
2025-10-17 11:02:49,080 | INFO  | OMAudit | user=runner | ip=127.0.0.1 | op=READ_KEY {"volume":"09b6ea28-7c64-4c4a-8072-f89bbf6052aa","bucket":"e515804b-1139-4bd6-aedf-af1bffaf0421","key":"13f6e243-4689-42ba-9896-b8c63d2d5ee2","owner":null,"dataSize":"0","replicationConfig":null} | ret=SUCCESS |  
2025-10-17 11:02:49,084 | INFO  | OMAudit | user=runner | ip=127.0.0.1 | op=READ_KEY {"volume":"09b6ea28-7c64-4c4a-8072-f89bbf6052aa","bucket":"e515804b-1139-4bd6-aedf-af1bffaf0421","key":"13f6e243-4689-42ba-9896-b8c63d2d5ee2","owner":null,"dataSize":"0","replicationConfig":null} | ret=SUCCESS |  
2025-10-17 11:02:49,085 | INFO  | OMAudit | user=runner | ip=127.0.0.1 | op=CREATE_DIRECTORY {"volume":"09b6ea28-7c64-4c4a-8072-f89bbf6052aa","bucket":"e515804b-1139-4bd6-aedf-af1bffaf0421","key":"dir1/","dataSize":"0","Transaction":"688"} | ret=SUCCESS |  
2025-10-17 11:02:49,087 [om1-OMStateMachineApplyTransactionThread - 0] ERROR tagging.S3DeleteObjectTaggingRequestWithFSO (S3DeleteObjectTaggingRequestWithFSO.java:validateAndUpdateCache(162)) - Delete object tagging failed. Volume:09b6ea28-7c64-4c4a-8072-f89bbf6052aa, Bucket:e515804b-1139-4bd6-aedf-af1bffaf0421, Key:dir1.
NOT_SUPPORTED_OPERATION org.apache.hadoop.ozone.om.exceptions.OMException: DeleteObjectTagging is not currently supported for FSO directory
	at org.apache.hadoop.ozone.om.request.s3.tagging.S3DeleteObjectTaggingRequestWithFSO.validateAndUpdateCache(S3DeleteObjectTaggingRequestWithFSO.java:105)
	at org.apache.hadoop.ozone.protocolPB.OzoneManagerRequestHandler.lambda$0(OzoneManagerRequestHandler.java:418)
	at org.apache.hadoop.ozone.util.MetricUtil.captureLatencyNs(MetricUtil.java:45)
	at org.apache.hadoop.ozone.protocolPB.OzoneManagerRequestHandler.handleWriteRequestImpl(OzoneManagerRequestHandler.java:416)
	at org.apache.hadoop.ozone.protocolPB.RequestHandler.handleWriteRequest(RequestHandler.java:62)
	at org.apache.hadoop.ozone.om.ratis.OzoneManagerStateMachine.runCommand(OzoneManagerStateMachine.java:599)
	at org.apache.hadoop.ozone.om.ratis.OzoneManagerStateMachine.lambda$3(OzoneManagerStateMachine.java:415)
	at java.base/java.util.concurrent.CompletableFuture$AsyncSupply.run(CompletableFuture.java:1768)
	at java.base/java.util.concurrent.ThreadPoolExecutor.runWorker(ThreadPoolExecutor.java:1144)
	at java.base/java.util.concurrent.ThreadPoolExecutor$Worker.run(ThreadPoolExecutor.java:642)
	at java.base/java.lang.Thread.run(Thread.java:1583)
]]></system-out>
  </testcase>
  <testcase name="testDeleteS3Bucket" classname="org.apache.hadoop.ozone.client.rpc.TestSecureOzoneRpcClient" time="0.007">
    <system-out><![CDATA[2025-10-17 11:02:49,089 | INFO  | OMAudit | user=runner | ip=127.0.0.1 | op=READ_VOLUME {"volume":"s3v"} | ret=SUCCESS |  
2025-10-17 11:02:49,090 [ForkJoinPool-1-worker-1] INFO  rpc.RpcClient (RpcClient.java:createBucket(686)) - Creating Bucket: s3v/08d3036c-df6c-4ada-a0a6-ad8123beb1c4, with bucket layout OBJECT_STORE, runner as owner, Versioning false, Storage Type set to DISK and Encryption set to false, Replication Type set to server-side default replication type, Namespace Quota set to -1, Space Quota set to -1 
2025-10-17 11:02:49,091 [om1-OMStateMachineApplyTransactionThread - 0] INFO  bucket.OMBucketCreateRequest (OMBucketCreateRequest.java:validateAndUpdateCache(303)) - created bucket: 08d3036c-df6c-4ada-a0a6-ad8123beb1c4 of layout OBJECT_STORE in volume: s3v
2025-10-17 11:02:49,091 | INFO  | OMAudit | user=runner | ip=127.0.0.1 | op=CREATE_BUCKET {"volume":"s3v","bucket":"08d3036c-df6c-4ada-a0a6-ad8123beb1c4","bucketLayout":"OBJECT_STORE","gdprEnabled":null,"acls":"[user:runner:a[ACCESS], group:runner:rl[ACCESS]]","isVersionEnabled":"false","storageType":"DISK","creationTime":"1760698969090","bucketEncryptionKey":null,"modificationTime":"1760698969090","usedBytes":"0","usedNamespace":"0","snapshotUsedBytes":"0","snapshotUsedNamespace":"0","owner":"runner","replicationType":null,"replicationConfig":null,"quotaInBytes":"-1","quotaInNamespace":"-1","Transaction":"690"} | ret=SUCCESS |  
2025-10-17 11:02:49,092 | INFO  | OMAudit | user=runner | ip=127.0.0.1 | op=READ_VOLUME {"volume":"s3v"} | ret=SUCCESS |  
2025-10-17 11:02:49,092 | INFO  | OMAudit | user=runner | ip=127.0.0.1 | op=READ_BUCKET {"volume":"s3v","bucket":"08d3036c-df6c-4ada-a0a6-ad8123beb1c4"} | ret=SUCCESS |  
2025-10-17 11:02:49,093 | INFO  | OMAudit | user=runner | ip=127.0.0.1 | op=READ_VOLUME {"volume":"s3v"} | ret=SUCCESS |  
2025-10-17 11:02:49,094 | INFO  | OMAudit | user=runner | ip=127.0.0.1 | op=DELETE_BUCKET {"volume":"s3v","bucket":"08d3036c-df6c-4ada-a0a6-ad8123beb1c4","Transaction":"691"} | ret=SUCCESS |  
2025-10-17 11:02:49,095 | INFO  | OMAudit | user=runner | ip=127.0.0.1 | op=READ_VOLUME {"volume":"s3v"} | ret=SUCCESS |  
2025-10-17 11:02:49,096 | ERROR | OMAudit | user=runner | ip=127.0.0.1 | op=READ_BUCKET {"volume":"s3v","bucket":"08d3036c-df6c-4ada-a0a6-ad8123beb1c4"} | ret=FAILURE | 
org.apache.hadoop.ozone.om.exceptions.OMException: Bucket not found
	at org.apache.hadoop.ozone.om.OzoneManager.getBucketOwner(OzoneManager.java:2726)
	at org.apache.hadoop.ozone.om.OzoneManager.getBucketOwner(OzoneManager.java:2694)
 
]]></system-out>
  </testcase>
  <testcase name="testDeleteS3NonExistingBucket" classname="org.apache.hadoop.ozone.client.rpc.TestSecureOzoneRpcClient" time="0.003">
    <system-out><![CDATA[2025-10-17 11:02:49,098 | INFO  | OMAudit | user=runner | ip=127.0.0.1 | op=READ_VOLUME {"volume":"s3v"} | ret=SUCCESS |  
2025-10-17 11:02:49,099 [om1-OMStateMachineApplyTransactionThread - 0] ERROR bucket.OMBucketDeleteRequest (OMBucketDeleteRequest.java:validateAndUpdateCache(220)) - Delete bucket failed for bucket:0274e1df-db1c-411c-846e-045c6a0aaa83 in volume:s3v
BUCKET_NOT_FOUND org.apache.hadoop.ozone.om.exceptions.OMException: Bucket not found
	at org.apache.hadoop.ozone.om.OzoneManager.getBucketOwner(OzoneManager.java:2726)
	at org.apache.hadoop.ozone.om.OzoneManager.getBucketOwner(OzoneManager.java:2694)
	at org.apache.hadoop.ozone.om.request.OMClientRequest.checkAcls(OMClientRequest.java:250)
	at org.apache.hadoop.ozone.om.request.bucket.OMBucketDeleteRequest.validateAndUpdateCache(OMBucketDeleteRequest.java:106)
	at org.apache.hadoop.ozone.protocolPB.OzoneManagerRequestHandler.lambda$0(OzoneManagerRequestHandler.java:418)
	at org.apache.hadoop.ozone.util.MetricUtil.captureLatencyNs(MetricUtil.java:45)
	at org.apache.hadoop.ozone.protocolPB.OzoneManagerRequestHandler.handleWriteRequestImpl(OzoneManagerRequestHandler.java:416)
	at org.apache.hadoop.ozone.protocolPB.RequestHandler.handleWriteRequest(RequestHandler.java:62)
	at org.apache.hadoop.ozone.om.ratis.OzoneManagerStateMachine.runCommand(OzoneManagerStateMachine.java:599)
	at org.apache.hadoop.ozone.om.ratis.OzoneManagerStateMachine.lambda$3(OzoneManagerStateMachine.java:415)
	at java.base/java.util.concurrent.CompletableFuture$AsyncSupply.run(CompletableFuture.java:1768)
	at java.base/java.util.concurrent.ThreadPoolExecutor.runWorker(ThreadPoolExecutor.java:1144)
	at java.base/java.util.concurrent.ThreadPoolExecutor$Worker.run(ThreadPoolExecutor.java:642)
	at java.base/java.lang.Thread.run(Thread.java:1583)
2025-10-17 11:02:49,099 | ERROR | OMAudit | user=runner | ip=127.0.0.1 | op=DELETE_BUCKET {"volume":"s3v","bucket":"0274e1df-db1c-411c-846e-045c6a0aaa83","Transaction":"692"} | ret=FAILURE | 
org.apache.hadoop.ozone.om.exceptions.OMException: Bucket not found
	at org.apache.hadoop.ozone.om.OzoneManager.getBucketOwner(OzoneManager.java:2726)
	at org.apache.hadoop.ozone.om.OzoneManager.getBucketOwner(OzoneManager.java:2694)
 
]]></system-out>
  </testcase>
  <testcase name="testDeleteVolume" classname="org.apache.hadoop.ozone.client.rpc.TestSecureOzoneRpcClient" time="0.005">
    <system-out><![CDATA[2025-10-17 11:02:49,101 [ForkJoinPool-1-worker-1] INFO  rpc.RpcClient (RpcClient.java:createVolume(461)) - Creating Volume: 635e149d-ac6c-4653-8139-b72f186747df, with runner as owner and space quota set to -1 bytes, counts quota set to -1
2025-10-17 11:02:49,102 [om1-OMStateMachineApplyTransactionThread - 0] INFO  volume.OMVolumeCreateRequest (OMVolumeCreateRequest.java:validateAndUpdateCache(213)) - created volume:635e149d-ac6c-4653-8139-b72f186747df for user:runner
2025-10-17 11:02:49,102 | INFO  | OMAudit | user=runner | ip=127.0.0.1 | op=CREATE_VOLUME {"admin":"runner","owner":"runner","volume":"635e149d-ac6c-4653-8139-b72f186747df","creationTime":"1760698969101","modificationTime":"1760698969101","quotaInBytes":"-1","quotaInNamespace":"-1","usedNamespace":"0","objectID":"-9223372036854598400","updateID":"693","Transaction":"693"} | ret=SUCCESS |  
2025-10-17 11:02:49,103 | INFO  | OMAudit | user=runner | ip=127.0.0.1 | op=READ_VOLUME {"volume":"635e149d-ac6c-4653-8139-b72f186747df"} | ret=SUCCESS |  
2025-10-17 11:02:49,104 | INFO  | OMAudit | user=runner | ip=127.0.0.1 | op=DELETE_VOLUME {"volume":"635e149d-ac6c-4653-8139-b72f186747df","Transaction":"694"} | ret=SUCCESS |  
2025-10-17 11:02:49,105 | ERROR | OMAudit | user=runner | ip=127.0.0.1 | op=READ_VOLUME {"volume":"635e149d-ac6c-4653-8139-b72f186747df"} | ret=FAILURE | 
org.apache.hadoop.ozone.om.exceptions.OMException: Volume 635e149d-ac6c-4653-8139-b72f186747df is not found
	at org.apache.hadoop.ozone.om.OzoneManager.getVolumeOwner(OzoneManager.java:2679)
	at org.apache.hadoop.ozone.om.OzoneManager.getVolumeOwner(OzoneManager.java:2651)
 
]]></system-out>
  </testcase>
  <testcase name="testDeletedKeyForGDPR" classname="org.apache.hadoop.ozone.client.rpc.TestSecureOzoneRpcClient" time="0.041">
    <system-out><![CDATA[2025-10-17 11:02:49,106 [ForkJoinPool-1-worker-1] INFO  rpc.RpcClient (RpcClient.java:createVolume(461)) - Creating Volume: da27f5f5-3603-47a9-b324-bb7538f1b948, with runner as owner and space quota set to -1 bytes, counts quota set to -1
2025-10-17 11:02:49,107 [om1-OMStateMachineApplyTransactionThread - 0] INFO  volume.OMVolumeCreateRequest (OMVolumeCreateRequest.java:validateAndUpdateCache(213)) - created volume:da27f5f5-3603-47a9-b324-bb7538f1b948 for user:runner
2025-10-17 11:02:49,107 | INFO  | OMAudit | user=runner | ip=127.0.0.1 | op=CREATE_VOLUME {"admin":"runner","owner":"runner","volume":"da27f5f5-3603-47a9-b324-bb7538f1b948","creationTime":"1760698969107","modificationTime":"1760698969107","quotaInBytes":"-1","quotaInNamespace":"-1","usedNamespace":"0","objectID":"-9223372036854597888","updateID":"695","Transaction":"695"} | ret=SUCCESS |  
2025-10-17 11:02:49,108 | INFO  | OMAudit | user=runner | ip=127.0.0.1 | op=READ_VOLUME {"volume":"da27f5f5-3603-47a9-b324-bb7538f1b948"} | ret=SUCCESS |  
2025-10-17 11:02:49,108 [ForkJoinPool-1-worker-1] INFO  rpc.RpcClient (RpcClient.java:createBucket(686)) - Creating Bucket: da27f5f5-3603-47a9-b324-bb7538f1b948/4add74b9-dade-4459-bfcc-2d9fd812aaf3, with server-side default bucket layout, runner as owner, Versioning false, Storage Type set to DISK and Encryption set to false, Replication Type set to server-side default replication type, Namespace Quota set to -1, Space Quota set to -1 
2025-10-17 11:02:49,109 [om1-OMStateMachineApplyTransactionThread - 0] INFO  bucket.OMBucketCreateRequest (OMBucketCreateRequest.java:validateAndUpdateCache(303)) - created bucket: 4add74b9-dade-4459-bfcc-2d9fd812aaf3 of layout FILE_SYSTEM_OPTIMIZED in volume: da27f5f5-3603-47a9-b324-bb7538f1b948
2025-10-17 11:02:49,110 | INFO  | OMAudit | user=runner | ip=127.0.0.1 | op=CREATE_BUCKET {"volume":"da27f5f5-3603-47a9-b324-bb7538f1b948","bucket":"4add74b9-dade-4459-bfcc-2d9fd812aaf3","bucketLayout":"FILE_SYSTEM_OPTIMIZED","gdprEnabled":"true","acls":"[user:runner:a[ACCESS], group:runner:rl[ACCESS]]","isVersionEnabled":"false","storageType":"DISK","creationTime":"1760698969109","bucketEncryptionKey":null,"modificationTime":"1760698969109","usedBytes":"0","usedNamespace":"0","snapshotUsedBytes":"0","snapshotUsedNamespace":"0","owner":"runner","replicationType":null,"replicationConfig":null,"quotaInBytes":"-1","quotaInNamespace":"-1","Transaction":"696"} | ret=SUCCESS |  
2025-10-17 11:02:49,110 | INFO  | OMAudit | user=runner | ip=127.0.0.1 | op=READ_BUCKET {"volume":"da27f5f5-3603-47a9-b324-bb7538f1b948","bucket":"4add74b9-dade-4459-bfcc-2d9fd812aaf3"} | ret=SUCCESS |  
2025-10-17 11:02:49,116 | INFO  | OMAudit | user=runner | ip=127.0.0.1 | op=READ_BUCKET {"volume":"da27f5f5-3603-47a9-b324-bb7538f1b948","bucket":"4add74b9-dade-4459-bfcc-2d9fd812aaf3"} | ret=SUCCESS |  
2025-10-17 11:02:49,116 | INFO  | SCMAudit | user=runner | ip=127.0.0.1 | op=ALLOCATE_BLOCK {"replication":"RATIS/ONE","owner":"omServiceIdDefault","size":"4194304","sampleBlocks":"[conID: 6 locID: 115816896921600197]","num":"1","client":"","allocated":"1"} | ret=SUCCESS |  
2025-10-17 11:02:49,118 | INFO  | OMAudit | user=runner | ip=127.0.0.1 | op=ALLOCATE_KEY {"volume":"da27f5f5-3603-47a9-b324-bb7538f1b948","bucket":"4add74b9-dade-4459-bfcc-2d9fd812aaf3","key":"6573112f-b9ea-4707-a22d-79f4b1a96198","dataSize":"11","replicationType":"RATIS","replicationFactor":"ONE","Transaction":"697"} | ret=SUCCESS |  
2025-10-17 11:02:49,126 | INFO  | OMAudit | user=runner | ip=127.0.0.1 | op=COMMIT_KEY {"volume":"da27f5f5-3603-47a9-b324-bb7538f1b948","bucket":"4add74b9-dade-4459-bfcc-2d9fd812aaf3","key":"6573112f-b9ea-4707-a22d-79f4b1a96198","dataSize":"16","replicationType":"RATIS","replicationFactor":"ONE","Transaction":"698"} | ret=SUCCESS |  
2025-10-17 11:02:49,128 | INFO  | OMAudit | user=runner | ip=127.0.0.1 | op=READ_KEY {"volume":"da27f5f5-3603-47a9-b324-bb7538f1b948","bucket":"4add74b9-dade-4459-bfcc-2d9fd812aaf3","key":"6573112f-b9ea-4707-a22d-79f4b1a96198","owner":null,"dataSize":"0","replicationConfig":null} | ret=SUCCESS |  
2025-10-17 11:02:49,129 | INFO  | OMAudit | user=runner | ip=127.0.0.1 | op=READ_KEY {"volume":"da27f5f5-3603-47a9-b324-bb7538f1b948","bucket":"4add74b9-dade-4459-bfcc-2d9fd812aaf3","key":"6573112f-b9ea-4707-a22d-79f4b1a96198","owner":null,"dataSize":"0","replicationConfig":null} | ret=SUCCESS |  
2025-10-17 11:02:49,132 [om1-KeyDeletingService#4] INFO  service.KeyDeletingService (KeyDeletingService.java:processKeyDeletes(151)) - Send 10 key(s) to SCM, first 10 keys: [PurgedKey{blockGroup=BlockGroup[groupID='/80f341f9-b65f-4f67-acf5-c7e94503f390/7fec0107-eb3f-4383-93e5-3c673ed25127/key1/-9223372036854615551/0', blockIDs=[conID: 18 locID: 115816896921600185 bcsId: 0 replicaIndex: null]], volume='80f341f9-b65f-4f67-acf5-c7e94503f390', bucket='7fec0107-eb3f-4383-93e5-3c673ed25127', bucketId=-9223372036854615808, purgedBytes=36, isCommittedKey=true, deleteKeyName='/80f341f9-b65f-4f67-acf5-c7e94503f390/7fec0107-eb3f-4383-93e5-3c673ed25127/key1/-9223372036854615551'}, PurgedKey{blockGroup=BlockGroup[groupID='/e9f9b470-623c-4392-ae50-6e59c92232cf/bucket11/key/-9223372036854608384/0', blockIDs=[conID: 17 locID: 115816896921600191 bcsId: 0 replicaIndex: null]], volume='e9f9b470-623c-4392-ae50-6e59c92232cf', bucket='bucket11', bucketId=-9223372036854608896, purgedBytes=12582912, isCommittedKey=false, deleteKeyName='/e9f9b470-623c-4392-ae50-6e59c92232cf/bucket11/key/-9223372036854608384'}, PurgedKey{blockGroup=BlockGroup[groupID='/0ffc356f-8d8e-4c1f-b22c-cc20af6fe9d6/b7476c50-0f3d-40c0-93c9-54b83f9cc7ba/cf48adba-d191-4a08-8dfa-fa2617c30ad4/-9223372036854627328/0', blockIDs=[conID: 13 locID: 115816896921600176 bcsId: 0 replicaIndex: null]], volume='0ffc356f-8d8e-4c1f-b22c-cc20af6fe9d6', bucket='b7476c50-0f3d-40c0-93c9-54b83f9cc7ba', bucketId=-9223372036854631168, purgedBytes=4194304, isCommittedKey=false, deleteKeyName='/0ffc356f-8d8e-4c1f-b22c-cc20af6fe9d6/b7476c50-0f3d-40c0-93c9-54b83f9cc7ba/cf48adba-d191-4a08-8dfa-fa2617c30ad4/-9223372036854627328'}, PurgedKey{blockGroup=BlockGroup[groupID='/f568c047-b57e-4955-845f-fb92005ebbcd/bucket11/key/-9223372036854606848/0', blockIDs=[conID: 16 locID: 115816896921600192 bcsId: 0 replicaIndex: null]], volume='f568c047-b57e-4955-845f-fb92005ebbcd', bucket='bucket11', bucketId=-9223372036854607360, purgedBytes=12582912, isCommittedKey=false, deleteKeyName='/f568c047-b57e-4955-845f-fb92005ebbcd/bucket11/key/-9223372036854606848'}, PurgedKey{blockGroup=BlockGroup[groupID='/c79fcf9f-10ae-480d-ad69-f368be32b1a0/ef1b6157-ef09-43a5-b102-d411d9d59bc1/7f3a7de5-bd6f-4163-afdb-c35a35880e39/-9223372036854605823/0', blockIDs=[conID: 1 locID: 115816896921600193 bcsId: 0 replicaIndex: null]], volume='c79fcf9f-10ae-480d-ad69-f368be32b1a0', bucket='ef1b6157-ef09-43a5-b102-d411d9d59bc1', bucketId=-9223372036854606080, purgedBytes=12, isCommittedKey=true, deleteKeyName='/c79fcf9f-10ae-480d-ad69-f368be32b1a0/ef1b6157-ef09-43a5-b102-d411d9d59bc1/7f3a7de5-bd6f-4163-afdb-c35a35880e39/-9223372036854605823'}, PurgedKey{blockGroup=BlockGroup[groupID='/1f4567cf-2559-4ac6-8e66-f723edee1b86/34ec8283-f64e-4313-ba09-1fdfc0ecd522/5631668c-055b-4f6f-bc67-2cf02d6ee8ca/0199f1d6-28f3-7436-8c0e-bc0979936daf-115389167586967698/-9223372036854624511/0', blockIDs=[conID: 5 locID: 115816896921600180 bcsId: 0 replicaIndex: null, conID: 9 locID: 115816896921600181 bcsId: 0 replicaIndex: null]], volume='1f4567cf-2559-4ac6-8e66-f723edee1b86', bucket='34ec8283-f64e-4313-ba09-1fdfc0ecd522', bucketId=-9223372036854626048, purgedBytes=5242880, isCommittedKey=false, deleteKeyName='/1f4567cf-2559-4ac6-8e66-f723edee1b86/34ec8283-f64e-4313-ba09-1fdfc0ecd522/5631668c-055b-4f6f-bc67-2cf02d6ee8ca/0199f1d6-28f3-7436-8c0e-bc0979936daf-115389167586967698/-9223372036854624511'}, PurgedKey{blockGroup=BlockGroup[groupID='/80f341f9-b65f-4f67-acf5-c7e94503f390/7fec0107-eb3f-4383-93e5-3c673ed25127/dir1/key4/-9223372036854612990/0', blockIDs=[conID: 20 locID: 115816896921600188 bcsId: 0 replicaIndex: null]], volume='80f341f9-b65f-4f67-acf5-c7e94503f390', bucket='7fec0107-eb3f-4383-93e5-3c673ed25127', bucketId=-9223372036854615808, purgedBytes=36, isCommittedKey=true, deleteKeyName='/80f341f9-b65f-4f67-acf5-c7e94503f390/7fec0107-eb3f-4383-93e5-3c673ed25127/dir1/key4/-9223372036854612990'}, PurgedKey{blockGroup=BlockGroup[groupID='/80f341f9-b65f-4f67-acf5-c7e94503f390/7fec0107-eb3f-4383-93e5-3c673ed25127/dir1/key5/-9223372036854612479/0', blockIDs=[conID: 23 locID: 115816896921600189 bcsId: 0 replicaIndex: null]], volume='80f341f9-b65f-4f67-acf5-c7e94503f390', bucket='7fec0107-eb3f-4383-93e5-3c673ed25127', bucketId=-9223372036854615808, purgedBytes=36, isCommittedKey=true, deleteKeyName='/80f341f9-b65f-4f67-acf5-c7e94503f390/7fec0107-eb3f-4383-93e5-3c673ed25127/dir1/key5/-9223372036854612479'}, PurgedKey{blockGroup=BlockGroup[groupID='/602fabfb-f0b1-44c3-9869-f982187c7928/bucket11/key/-9223372036854609920/0', blockIDs=[conID: 16 locID: 115816896921600190 bcsId: 0 replicaIndex: null]], volume='602fabfb-f0b1-44c3-9869-f982187c7928', bucket='bucket11', bucketId=-9223372036854610432, purgedBytes=12582912, isCommittedKey=false, deleteKeyName='/602fabfb-f0b1-44c3-9869-f982187c7928/bucket11/key/-9223372036854609920'}, PurgedKey{blockGroup=BlockGroup[groupID='/80f341f9-b65f-4f67-acf5-c7e94503f390/7fec0107-eb3f-4383-93e5-3c673ed25127/key2/-9223372036854615039/0', blockIDs=[conID: 24 locID: 115816896921600186 bcsId: 0 replicaIndex: null]], volume='80f341f9-b65f-4f67-acf5-c7e94503f390', bucket='7fec0107-eb3f-4383-93e5-3c673ed25127', bucketId=-9223372036854615808, purgedBytes=36, isCommittedKey=true, deleteKeyName='/80f341f9-b65f-4f67-acf5-c7e94503f390/7fec0107-eb3f-4383-93e5-3c673ed25127/key2/-9223372036854615039'}]
2025-10-17 11:02:49,136 | INFO  | SCMAudit | user=runner | ip=127.0.0.1 | op=DELETE_KEY_BLOCK {"KeyBlockToDelete":"[BlockGroup[groupID='/80f341f9-b65f-4f67-acf5-c7e94503f390/7fec0107-eb3f-4383-93e5-3c673ed25127/dir1/key4/-9223372036854612990/0', blockIDs=[conID: 20 locID: 115816896921600188 bcsId: 0 replicaIndex: null]], BlockGroup[groupID='/e9f9b470-623c-4392-ae50-6e59c92232cf/bucket11/key/-9223372036854608384/0', blockIDs=[conID: 17 locID: 115816896921600191 bcsId: 0 replicaIndex: null]], BlockGroup[groupID='/602fabfb-f0b1-44c3-9869-f982187c7928/bucket11/key/-9223372036854609920/0', blockIDs=[conID: 16 locID: 115816896921600190 bcsId: 0 replicaIndex: null]], BlockGroup[groupID='/0ffc356f-8d8e-4c1f-b22c-cc20af6fe9d6/b7476c50-0f3d-40c0-93c9-54b83f9cc7ba/cf48adba-d191-4a08-8dfa-fa2617c30ad4/-9223372036854627328/0', blockIDs=[conID: 13 locID: 115816896921600176 bcsId: 0 replicaIndex: null]], BlockGroup[groupID='/80f341f9-b65f-4f67-acf5-c7e94503f390/7fec0107-eb3f-4383-93e5-3c673ed25127/key2/-9223372036854615039/0', blockIDs=[conID: 24 locID: 115816896921600186 bcsId: 0 replicaIndex: null]], BlockGroup[groupID='/c79fcf9f-10ae-480d-ad69-f368be32b1a0/ef1b6157-ef09-43a5-b102-d411d9d59bc1/7f3a7de5-bd6f-4163-afdb-c35a35880e39/-9223372036854605823/0', blockIDs=[conID: 1 locID: 115816896921600193 bcsId: 0 replicaIndex: null]], BlockGroup[groupID='/f568c047-b57e-4955-845f-fb92005ebbcd/bucket11/key/-9223372036854606848/0', blockIDs=[conID: 16 locID: 115816896921600192 bcsId: 0 replicaIndex: null]], BlockGroup[groupID='/1f4567cf-2559-4ac6-8e66-f723edee1b86/34ec8283-f64e-4313-ba09-1fdfc0ecd522/5631668c-055b-4f6f-bc67-2cf02d6ee8ca/0199f1d6-28f3-7436-8c0e-bc0979936daf-115389167586967698/-9223372036854624511/0', blockIDs=[conID: 5 locID: 115816896921600180 bcsId: 0 replicaIndex: null, conID: 9 locID: 115816896921600181 bcsId: 0 replicaIndex: null]], BlockGroup[groupID='/80f341f9-b65f-4f67-acf5-c7e94503f390/7fec0107-eb3f-4383-93e5-3c673ed25127/dir1/key5/-9223372036854612479/0', blockIDs=[conID: 23 locID: 115816896921600189 bcsId: 0 replicaIndex: null]], BlockGroup[groupID='/80f341f9-b65f-4f67-acf5-c7e94503f390/7fec0107-eb3f-4383-93e5-3c673ed25127/key1/-9223372036854615551/0', blockIDs=[conID: 18 locID: 115816896921600185 bcsId: 0 replicaIndex: null]]]"} | ret=SUCCESS |  
2025-10-17 11:02:49,137 [om1-KeyDeletingService#4] INFO  service.KeyDeletingService (KeyDeletingService.java:processKeyDeletes(158)) - 10 BlockGroup deletion are acked by SCM in 4 ms
2025-10-17 11:02:49,138 [pool-66-thread-12] INFO  service.DirectoryDeletingService (DirectoryDeletingService.java:optimizeDirDeletesAndSubmitRequest(313)) - Number of dirs deleted: 1, Number of sub-dir deleted: 0, Number of sub-files moved: 0 to DeletedTable, Number of sub-dirs moved 0 to DeletedDirectoryTable, iteration elapsed: 3ms,  totalRunCount: 92
2025-10-17 11:02:49,138 [om1-KeyDeletingService#4] INFO  service.KeyDeletingService (KeyDeletingService.java:processKeyDeletes(166)) - Blocks for 10 (out of 10) keys are deleted from DB in 2 ms. Limit per task is 50000.
2025-10-17 11:02:49,139 | INFO  | SCMAudit | user=runner | ip=127.0.0.1 | op=GET_CONTAINER_WITH_PIPELINE_BATCH {"containerIDs":"#6,"} | ret=SUCCESS |  
2025-10-17 11:02:49,139 | INFO  | OMAudit | user=null | ip= | op=READ_KEY {"volume":"da27f5f5-3603-47a9-b324-bb7538f1b948","bucket":"4add74b9-dade-4459-bfcc-2d9fd812aaf3","key":"6573112f-b9ea-4707-a22d-79f4b1a96198","owner":null,"dataSize":"0","replicationConfig":null} | ret=SUCCESS |  
2025-10-17 11:02:49,143 | INFO  | SCMAudit | user=runner | ip=127.0.0.1 | op=GET_CONTAINER {"containerID":"6"} | ret=SUCCESS |  
2025-10-17 11:02:49,146 | INFO  | OMAudit | user=runner | ip=127.0.0.1 | op=DELETE_KEY {"volume":"da27f5f5-3603-47a9-b324-bb7538f1b948","bucket":"4add74b9-dade-4459-bfcc-2d9fd812aaf3","key":"6573112f-b9ea-4707-a22d-79f4b1a96198","dataSize":"16","replicationConfig":"RATIS/ONE","Transaction":"701"} | ret=SUCCESS |  
]]></system-out>
  </testcase>
  <testcase name="testFSOBucketUsedBytes" classname="org.apache.hadoop.ozone.client.rpc.TestSecureOzoneRpcClient" time="3.047">
    <system-out><![CDATA[2025-10-17 11:02:49,148 [ForkJoinPool-1-worker-1] INFO  rpc.RpcClient (RpcClient.java:createVolume(461)) - Creating Volume: 71fdad23-768b-4abb-b72f-a6e4de5ecb67, with runner as owner and space quota set to -1 bytes, counts quota set to -1
2025-10-17 11:02:49,149 [om1-OMStateMachineApplyTransactionThread - 0] INFO  volume.OMVolumeCreateRequest (OMVolumeCreateRequest.java:validateAndUpdateCache(213)) - created volume:71fdad23-768b-4abb-b72f-a6e4de5ecb67 for user:runner
2025-10-17 11:02:49,149 | INFO  | OMAudit | user=runner | ip=127.0.0.1 | op=CREATE_VOLUME {"admin":"runner","owner":"runner","volume":"71fdad23-768b-4abb-b72f-a6e4de5ecb67","creationTime":"1760698969148","modificationTime":"1760698969148","quotaInBytes":"-1","quotaInNamespace":"-1","usedNamespace":"0","objectID":"-9223372036854596096","updateID":"702","Transaction":"702"} | ret=SUCCESS |  
2025-10-17 11:02:49,150 | INFO  | OMAudit | user=runner | ip=127.0.0.1 | op=READ_VOLUME {"volume":"71fdad23-768b-4abb-b72f-a6e4de5ecb67"} | ret=SUCCESS |  
2025-10-17 11:02:49,150 [ForkJoinPool-1-worker-1] INFO  rpc.RpcClient (RpcClient.java:createBucket(686)) - Creating Bucket: 71fdad23-768b-4abb-b72f-a6e4de5ecb67/e5fec46e-f3e8-4b5a-8dfa-9af8fe173002, with bucket layout FILE_SYSTEM_OPTIMIZED, runner as owner, Versioning false, Storage Type set to DISK and Encryption set to false, Replication Type set to server-side default replication type, Namespace Quota set to -1, Space Quota set to -1 
2025-10-17 11:02:49,152 [om1-OMStateMachineApplyTransactionThread - 0] INFO  bucket.OMBucketCreateRequest (OMBucketCreateRequest.java:validateAndUpdateCache(303)) - created bucket: e5fec46e-f3e8-4b5a-8dfa-9af8fe173002 of layout FILE_SYSTEM_OPTIMIZED in volume: 71fdad23-768b-4abb-b72f-a6e4de5ecb67
2025-10-17 11:02:49,152 | INFO  | OMAudit | user=runner | ip=127.0.0.1 | op=CREATE_BUCKET {"volume":"71fdad23-768b-4abb-b72f-a6e4de5ecb67","bucket":"e5fec46e-f3e8-4b5a-8dfa-9af8fe173002","bucketLayout":"FILE_SYSTEM_OPTIMIZED","gdprEnabled":null,"acls":"[user:runner:a[ACCESS], group:runner:rl[ACCESS]]","isVersionEnabled":"false","storageType":"DISK","creationTime":"1760698969151","bucketEncryptionKey":null,"modificationTime":"1760698969151","usedBytes":"0","usedNamespace":"0","snapshotUsedBytes":"0","snapshotUsedNamespace":"0","owner":"runner","replicationType":null,"replicationConfig":null,"quotaInBytes":"-1","quotaInNamespace":"-1","Transaction":"703"} | ret=SUCCESS |  
2025-10-17 11:02:49,153 | INFO  | OMAudit | user=runner | ip=127.0.0.1 | op=READ_BUCKET {"volume":"71fdad23-768b-4abb-b72f-a6e4de5ecb67","bucket":"e5fec46e-f3e8-4b5a-8dfa-9af8fe173002"} | ret=SUCCESS |  
2025-10-17 11:02:49,154 | INFO  | OMAudit | user=runner | ip=127.0.0.1 | op=READ_BUCKET {"volume":"71fdad23-768b-4abb-b72f-a6e4de5ecb67","bucket":"e5fec46e-f3e8-4b5a-8dfa-9af8fe173002"} | ret=SUCCESS |  
2025-10-17 11:02:49,154 | INFO  | SCMAudit | user=runner | ip=127.0.0.1 | op=ALLOCATE_BLOCK {"replication":"RATIS/ONE","owner":"omServiceIdDefault","size":"4194304","sampleBlocks":"[conID: 6 locID: 115816896921600198]","num":"1","client":"","allocated":"1"} | ret=SUCCESS |  
2025-10-17 11:02:49,156 | INFO  | OMAudit | user=runner | ip=127.0.0.1 | op=ALLOCATE_KEY {"volume":"71fdad23-768b-4abb-b72f-a6e4de5ecb67","bucket":"e5fec46e-f3e8-4b5a-8dfa-9af8fe173002","key":"c2de909f-58a5-48e0-884f-1831e583c024","dataSize":"12","replicationType":"RATIS","replicationFactor":"ONE","Transaction":"704"} | ret=SUCCESS |  
2025-10-17 11:02:49,161 | INFO  | OMAudit | user=runner | ip=127.0.0.1 | op=COMMIT_KEY {"volume":"71fdad23-768b-4abb-b72f-a6e4de5ecb67","bucket":"e5fec46e-f3e8-4b5a-8dfa-9af8fe173002","key":"c2de909f-58a5-48e0-884f-1831e583c024","dataSize":"12","replicationType":"RATIS","replicationFactor":"ONE","Transaction":"705"} | ret=SUCCESS |  
2025-10-17 11:02:49,162 | INFO  | OMAudit | user=runner | ip=127.0.0.1 | op=READ_VOLUME {"volume":"71fdad23-768b-4abb-b72f-a6e4de5ecb67"} | ret=SUCCESS |  
2025-10-17 11:02:49,163 | INFO  | OMAudit | user=runner | ip=127.0.0.1 | op=READ_BUCKET {"volume":"71fdad23-768b-4abb-b72f-a6e4de5ecb67","bucket":"e5fec46e-f3e8-4b5a-8dfa-9af8fe173002"} | ret=SUCCESS |  
2025-10-17 11:02:49,164 | INFO  | OMAudit | user=runner | ip=127.0.0.1 | op=READ_BUCKET {"volume":"71fdad23-768b-4abb-b72f-a6e4de5ecb67","bucket":"e5fec46e-f3e8-4b5a-8dfa-9af8fe173002"} | ret=SUCCESS |  
2025-10-17 11:02:49,165 | INFO  | SCMAudit | user=runner | ip=127.0.0.1 | op=ALLOCATE_BLOCK {"replication":"RATIS/ONE","owner":"omServiceIdDefault","size":"4194304","sampleBlocks":"[conID: 1 locID: 115816896921600199]","num":"1","client":"","allocated":"1"} | ret=SUCCESS |  
2025-10-17 11:02:49,166 | INFO  | OMAudit | user=runner | ip=127.0.0.1 | op=ALLOCATE_KEY {"volume":"71fdad23-768b-4abb-b72f-a6e4de5ecb67","bucket":"e5fec46e-f3e8-4b5a-8dfa-9af8fe173002","key":"c2de909f-58a5-48e0-884f-1831e583c024","dataSize":"12","replicationType":"RATIS","replicationFactor":"ONE","Transaction":"706"} | ret=SUCCESS |  
2025-10-17 11:02:49,171 | INFO  | OMAudit | user=runner | ip=127.0.0.1 | op=COMMIT_KEY {"volume":"71fdad23-768b-4abb-b72f-a6e4de5ecb67","bucket":"e5fec46e-f3e8-4b5a-8dfa-9af8fe173002","key":"c2de909f-58a5-48e0-884f-1831e583c024","dataSize":"12","replicationType":"RATIS","replicationFactor":"ONE","Transaction":"707"} | ret=SUCCESS |  
2025-10-17 11:02:49,172 | INFO  | OMAudit | user=runner | ip=127.0.0.1 | op=READ_VOLUME {"volume":"71fdad23-768b-4abb-b72f-a6e4de5ecb67"} | ret=SUCCESS |  
2025-10-17 11:02:49,173 | INFO  | OMAudit | user=runner | ip=127.0.0.1 | op=READ_BUCKET {"volume":"71fdad23-768b-4abb-b72f-a6e4de5ecb67","bucket":"e5fec46e-f3e8-4b5a-8dfa-9af8fe173002"} | ret=SUCCESS |  
2025-10-17 11:02:49,219 | INFO  | SCMAudit | user=runner | ip=127.0.0.1 | op=SEND_HEARTBEAT {"datanodeUUID":"50dccd39-549f-4f43-8b1f-597bf98f9c16","term":"2","command":"[]"} | ret=SUCCESS |  
2025-10-17 11:02:49,235 | INFO  | SCMAudit | user=runner | ip=127.0.0.1 | op=SEND_HEARTBEAT {"datanodeUUID":"718bfa29-2c47-4ab5-ac61-3dfe9c6b9d5c","term":"2","command":"[]"} | ret=SUCCESS |  
2025-10-17 11:02:49,235 | INFO  | SCMAudit | user=runner | ip=127.0.0.1 | op=SEND_HEARTBEAT {"datanodeUUID":"99c47355-c013-4450-a734-aff6d3c99677","term":"2","command":"[]"} | ret=SUCCESS |  
2025-10-17 11:02:49,238 | INFO  | SCMAudit | user=runner | ip=127.0.0.1 | op=SEND_HEARTBEAT {"datanodeUUID":"7995ae7b-77ec-4e72-809d-814459f62ee0","term":"2","command":"[]"} | ret=SUCCESS |  
2025-10-17 11:02:49,716 | INFO  | SCMAudit | user=runner | ip=127.0.0.1 | op=SEND_HEARTBEAT {"datanodeUUID":"28c08cd4-c049-4c66-8210-e254cf68b291","term":"2","command":"[]"} | ret=SUCCESS |  
2025-10-17 11:02:49,717 | INFO  | SCMAudit | user=runner | ip=127.0.0.1 | op=SEND_HEARTBEAT {"datanodeUUID":"b1eee25a-1fdf-4744-83c7-58e0513fce3b","term":"2","command":"[]"} | ret=SUCCESS |  
2025-10-17 11:02:49,720 | INFO  | SCMAudit | user=runner | ip=127.0.0.1 | op=SEND_HEARTBEAT {"datanodeUUID":"b6f92338-e951-49df-a986-ea31ece96e9e","term":"2","command":"[]"} | ret=SUCCESS |  
2025-10-17 11:02:49,722 | INFO  | SCMAudit | user=runner | ip=127.0.0.1 | op=SEND_HEARTBEAT {"datanodeUUID":"2b4cc429-f9c1-416c-9a38-6239a2e149ea","term":"2","command":"[]"} | ret=SUCCESS |  
2025-10-17 11:02:49,722 | INFO  | SCMAudit | user=runner | ip=127.0.0.1 | op=SEND_HEARTBEAT {"datanodeUUID":"b292b6be-9482-4c30-a3e0-c9f721931b72","term":"2","command":"[]"} | ret=SUCCESS |  
2025-10-17 11:02:49,757 | INFO  | SCMAudit | user=runner | ip=127.0.0.1 | op=SEND_HEARTBEAT {"datanodeUUID":"dbd6f242-9b73-4bca-a110-3e2ec656b979","term":"2","command":"[]"} | ret=SUCCESS |  
2025-10-17 11:02:49,761 | INFO  | SCMAudit | user=runner | ip=127.0.0.1 | op=SEND_HEARTBEAT {"datanodeUUID":"ed6e9581-5875-4278-a8db-50829892434b","term":"2","command":"[]"} | ret=SUCCESS |  
2025-10-17 11:02:49,862 | INFO  | SCMAudit | user=runner | ip=127.0.0.1 | op=SEND_HEARTBEAT {"datanodeUUID":"a5293c95-44e9-4ea9-88ca-89089eac4b59","term":"2","command":"[]"} | ret=SUCCESS |  
2025-10-17 11:02:49,940 | INFO  | SCMAudit | user=runner | ip=127.0.0.1 | op=SEND_HEARTBEAT {"datanodeUUID":"3a11eef6-a527-493c-8ba3-ae39ecaefa56","term":"2","command":"[]"} | ret=SUCCESS |  
2025-10-17 11:02:50,033 | INFO  | SCMAudit | user=runner | ip=127.0.0.1 | op=SEND_HEARTBEAT {"datanodeUUID":"309ab1ff-9f5a-4058-8b2f-94d451ce5267","term":"2","command":"[]"} | ret=SUCCESS |  
2025-10-17 11:02:50,132 [om1-KeyDeletingService#2] INFO  service.KeyDeletingService (KeyDeletingService.java:processKeyDeletes(151)) - Send 2 key(s) to SCM, first 2 keys: [PurgedKey{blockGroup=BlockGroup[groupID='/da27f5f5-3603-47a9-b324-bb7538f1b948/4add74b9-dade-4459-bfcc-2d9fd812aaf3/6573112f-b9ea-4707-a22d-79f4b1a96198/-9223372036854597375/0', blockIDs=[conID: 6 locID: 115816896921600197 bcsId: 0 replicaIndex: null]], volume='da27f5f5-3603-47a9-b324-bb7538f1b948', bucket='4add74b9-dade-4459-bfcc-2d9fd812aaf3', bucketId=-9223372036854597632, purgedBytes=16, isCommittedKey=true, deleteKeyName='/da27f5f5-3603-47a9-b324-bb7538f1b948/4add74b9-dade-4459-bfcc-2d9fd812aaf3/6573112f-b9ea-4707-a22d-79f4b1a96198/-9223372036854597375'}, PurgedKey{blockGroup=BlockGroup[groupID='/71fdad23-768b-4abb-b72f-a6e4de5ecb67/e5fec46e-f3e8-4b5a-8dfa-9af8fe173002/c2de909f-58a5-48e0-884f-1831e583c024/-9223372036854594816/0', blockIDs=[conID: 6 locID: 115816896921600198 bcsId: 0 replicaIndex: null]], volume='71fdad23-768b-4abb-b72f-a6e4de5ecb67', bucket='e5fec46e-f3e8-4b5a-8dfa-9af8fe173002', bucketId=-9223372036854595840, purgedBytes=12, isCommittedKey=true, deleteKeyName='/71fdad23-768b-4abb-b72f-a6e4de5ecb67/e5fec46e-f3e8-4b5a-8dfa-9af8fe173002/c2de909f-58a5-48e0-884f-1831e583c024/-9223372036854594816'}]
2025-10-17 11:02:50,134 | INFO  | SCMAudit | user=runner | ip=127.0.0.1 | op=DELETE_KEY_BLOCK {"KeyBlockToDelete":"[BlockGroup[groupID='/71fdad23-768b-4abb-b72f-a6e4de5ecb67/e5fec46e-f3e8-4b5a-8dfa-9af8fe173002/c2de909f-58a5-48e0-884f-1831e583c024/-9223372036854594816/0', blockIDs=[conID: 6 locID: 115816896921600198 bcsId: 0 replicaIndex: null]], BlockGroup[groupID='/da27f5f5-3603-47a9-b324-bb7538f1b948/4add74b9-dade-4459-bfcc-2d9fd812aaf3/6573112f-b9ea-4707-a22d-79f4b1a96198/-9223372036854597375/0', blockIDs=[conID: 6 locID: 115816896921600197 bcsId: 0 replicaIndex: null]]]"} | ret=SUCCESS |  
2025-10-17 11:02:50,134 [om1-KeyDeletingService#2] INFO  service.KeyDeletingService (KeyDeletingService.java:processKeyDeletes(158)) - 2 BlockGroup deletion are acked by SCM in 2 ms
2025-10-17 11:02:50,135 [om1-KeyDeletingService#2] INFO  service.KeyDeletingService (KeyDeletingService.java:processKeyDeletes(166)) - Blocks for 2 (out of 2) keys are deleted from DB in 2 ms. Limit per task is 50000.
2025-10-17 11:02:50,174 | INFO  | OMAudit | user=runner | ip=127.0.0.1 | op=READ_VOLUME {"volume":"71fdad23-768b-4abb-b72f-a6e4de5ecb67"} | ret=SUCCESS |  
2025-10-17 11:02:50,175 | INFO  | OMAudit | user=runner | ip=127.0.0.1 | op=READ_BUCKET {"volume":"71fdad23-768b-4abb-b72f-a6e4de5ecb67","bucket":"e5fec46e-f3e8-4b5a-8dfa-9af8fe173002"} | ret=SUCCESS |  
2025-10-17 11:02:50,176 | INFO  | OMAudit | user=runner | ip=127.0.0.1 | op=READ_BUCKET {"volume":"71fdad23-768b-4abb-b72f-a6e4de5ecb67","bucket":"e5fec46e-f3e8-4b5a-8dfa-9af8fe173002"} | ret=SUCCESS |  
2025-10-17 11:02:50,176 | INFO  | SCMAudit | user=runner | ip=127.0.0.1 | op=ALLOCATE_BLOCK {"replication":"RATIS/ONE","owner":"omServiceIdDefault","size":"4194304","sampleBlocks":"[conID: 8 locID: 115816896921600200, conID: 10 locID: 115816896921600201]","num":"2","client":"","allocated":"2"} | ret=SUCCESS |  
2025-10-17 11:02:50,179 | INFO  | OMAudit | user=runner | ip=127.0.0.1 | op=ALLOCATE_KEY {"volume":"71fdad23-768b-4abb-b72f-a6e4de5ecb67","bucket":"e5fec46e-f3e8-4b5a-8dfa-9af8fe173002","key":"c2de909f-58a5-48e0-884f-1831e583c024","dataSize":"4194316","replicationType":"RATIS","replicationFactor":"ONE","Transaction":"709"} | ret=SUCCESS |  
2025-10-17 11:02:50,184 | INFO  | OMAudit | user=runner | ip=127.0.0.1 | op=COMMIT_KEY {"volume":"71fdad23-768b-4abb-b72f-a6e4de5ecb67","bucket":"e5fec46e-f3e8-4b5a-8dfa-9af8fe173002","key":"c2de909f-58a5-48e0-884f-1831e583c024","dataSize":"12","replicationType":"RATIS","replicationFactor":"ONE","Transaction":"710"} | ret=SUCCESS |  
2025-10-17 11:02:50,185 | INFO  | OMAudit | user=runner | ip=127.0.0.1 | op=READ_VOLUME {"volume":"71fdad23-768b-4abb-b72f-a6e4de5ecb67"} | ret=SUCCESS |  
2025-10-17 11:02:50,186 | INFO  | OMAudit | user=runner | ip=127.0.0.1 | op=READ_BUCKET {"volume":"71fdad23-768b-4abb-b72f-a6e4de5ecb67","bucket":"e5fec46e-f3e8-4b5a-8dfa-9af8fe173002"} | ret=SUCCESS |  
2025-10-17 11:02:50,219 | INFO  | SCMAudit | user=runner | ip=127.0.0.1 | op=SEND_HEARTBEAT {"datanodeUUID":"50dccd39-549f-4f43-8b1f-597bf98f9c16","term":"2","command":"[]"} | ret=SUCCESS |  
2025-10-17 11:02:50,235 | INFO  | SCMAudit | user=runner | ip=127.0.0.1 | op=SEND_HEARTBEAT {"datanodeUUID":"99c47355-c013-4450-a734-aff6d3c99677","term":"2","command":"[]"} | ret=SUCCESS |  
2025-10-17 11:02:50,235 | INFO  | SCMAudit | user=runner | ip=127.0.0.1 | op=SEND_HEARTBEAT {"datanodeUUID":"718bfa29-2c47-4ab5-ac61-3dfe9c6b9d5c","term":"2","command":"[]"} | ret=SUCCESS |  
2025-10-17 11:02:50,237 | INFO  | SCMAudit | user=runner | ip=127.0.0.1 | op=SEND_HEARTBEAT {"datanodeUUID":"7995ae7b-77ec-4e72-809d-814459f62ee0","term":"2","command":"[]"} | ret=SUCCESS |  
2025-10-17 11:02:50,716 | INFO  | SCMAudit | user=runner | ip=127.0.0.1 | op=SEND_HEARTBEAT {"datanodeUUID":"28c08cd4-c049-4c66-8210-e254cf68b291","term":"2","command":"[]"} | ret=SUCCESS |  
2025-10-17 11:02:50,717 | INFO  | SCMAudit | user=runner | ip=127.0.0.1 | op=SEND_HEARTBEAT {"datanodeUUID":"b1eee25a-1fdf-4744-83c7-58e0513fce3b","term":"2","command":"[]"} | ret=SUCCESS |  
2025-10-17 11:02:50,720 | INFO  | SCMAudit | user=runner | ip=127.0.0.1 | op=SEND_HEARTBEAT {"datanodeUUID":"b6f92338-e951-49df-a986-ea31ece96e9e","term":"2","command":"[]"} | ret=SUCCESS |  
2025-10-17 11:02:50,721 | INFO  | SCMAudit | user=runner | ip=127.0.0.1 | op=SEND_HEARTBEAT {"datanodeUUID":"b292b6be-9482-4c30-a3e0-c9f721931b72","term":"2","command":"[]"} | ret=SUCCESS |  
2025-10-17 11:02:50,722 | INFO  | SCMAudit | user=runner | ip=127.0.0.1 | op=SEND_HEARTBEAT {"datanodeUUID":"2b4cc429-f9c1-416c-9a38-6239a2e149ea","term":"2","command":"[]"} | ret=SUCCESS |  
2025-10-17 11:02:50,757 | INFO  | SCMAudit | user=runner | ip=127.0.0.1 | op=SEND_HEARTBEAT {"datanodeUUID":"dbd6f242-9b73-4bca-a110-3e2ec656b979","term":"2","command":"[]"} | ret=SUCCESS |  
2025-10-17 11:02:50,761 | INFO  | SCMAudit | user=runner | ip=127.0.0.1 | op=SEND_HEARTBEAT {"datanodeUUID":"ed6e9581-5875-4278-a8db-50829892434b","term":"2","command":"[]"} | ret=SUCCESS |  
2025-10-17 11:02:50,862 | INFO  | SCMAudit | user=runner | ip=127.0.0.1 | op=SEND_HEARTBEAT {"datanodeUUID":"a5293c95-44e9-4ea9-88ca-89089eac4b59","term":"2","command":"[]"} | ret=SUCCESS |  
2025-10-17 11:02:50,940 | INFO  | SCMAudit | user=runner | ip=127.0.0.1 | op=SEND_HEARTBEAT {"datanodeUUID":"3a11eef6-a527-493c-8ba3-ae39ecaefa56","term":"2","command":"[]"} | ret=SUCCESS |  
2025-10-17 11:02:51,033 | INFO  | SCMAudit | user=runner | ip=127.0.0.1 | op=SEND_HEARTBEAT {"datanodeUUID":"309ab1ff-9f5a-4058-8b2f-94d451ce5267","term":"2","command":"[]"} | ret=SUCCESS |  
2025-10-17 11:02:51,132 [om1-KeyDeletingService#3] INFO  service.KeyDeletingService (KeyDeletingService.java:processKeyDeletes(151)) - Send 2 key(s) to SCM, first 2 keys: [PurgedKey{blockGroup=BlockGroup[groupID='/71fdad23-768b-4abb-b72f-a6e4de5ecb67/e5fec46e-f3e8-4b5a-8dfa-9af8fe173002/c2de909f-58a5-48e0-884f-1831e583c024/-9223372036854594048/1', blockIDs=[conID: 10 locID: 115816896921600201 bcsId: 0 replicaIndex: null]], volume='71fdad23-768b-4abb-b72f-a6e4de5ecb67', bucket='e5fec46e-f3e8-4b5a-8dfa-9af8fe173002', bucketId=-9223372036854595840, purgedBytes=4194304, isCommittedKey=false, deleteKeyName='/71fdad23-768b-4abb-b72f-a6e4de5ecb67/e5fec46e-f3e8-4b5a-8dfa-9af8fe173002/c2de909f-58a5-48e0-884f-1831e583c024/-9223372036854594048'}, PurgedKey{blockGroup=BlockGroup[groupID='/71fdad23-768b-4abb-b72f-a6e4de5ecb67/e5fec46e-f3e8-4b5a-8dfa-9af8fe173002/c2de909f-58a5-48e0-884f-1831e583c024/-9223372036854594048/0', blockIDs=[conID: 1 locID: 115816896921600199 bcsId: 0 replicaIndex: null]], volume='71fdad23-768b-4abb-b72f-a6e4de5ecb67', bucket='e5fec46e-f3e8-4b5a-8dfa-9af8fe173002', bucketId=-9223372036854595840, purgedBytes=12, isCommittedKey=true, deleteKeyName='/71fdad23-768b-4abb-b72f-a6e4de5ecb67/e5fec46e-f3e8-4b5a-8dfa-9af8fe173002/c2de909f-58a5-48e0-884f-1831e583c024/-9223372036854594048'}]
2025-10-17 11:02:51,134 | INFO  | SCMAudit | user=runner | ip=127.0.0.1 | op=DELETE_KEY_BLOCK {"KeyBlockToDelete":"[BlockGroup[groupID='/71fdad23-768b-4abb-b72f-a6e4de5ecb67/e5fec46e-f3e8-4b5a-8dfa-9af8fe173002/c2de909f-58a5-48e0-884f-1831e583c024/-9223372036854594048/1', blockIDs=[conID: 10 locID: 115816896921600201 bcsId: 0 replicaIndex: null]], BlockGroup[groupID='/71fdad23-768b-4abb-b72f-a6e4de5ecb67/e5fec46e-f3e8-4b5a-8dfa-9af8fe173002/c2de909f-58a5-48e0-884f-1831e583c024/-9223372036854594048/0', blockIDs=[conID: 1 locID: 115816896921600199 bcsId: 0 replicaIndex: null]]]"} | ret=SUCCESS |  
2025-10-17 11:02:51,134 [om1-KeyDeletingService#3] INFO  service.KeyDeletingService (KeyDeletingService.java:processKeyDeletes(158)) - 2 BlockGroup deletion are acked by SCM in 2 ms
2025-10-17 11:02:51,135 [om1-KeyDeletingService#3] INFO  service.KeyDeletingService (KeyDeletingService.java:processKeyDeletes(166)) - Blocks for 2 (out of 2) keys are deleted from DB in 1 ms. Limit per task is 50000.
2025-10-17 11:02:51,186 | INFO  | OMAudit | user=runner | ip=127.0.0.1 | op=READ_VOLUME {"volume":"71fdad23-768b-4abb-b72f-a6e4de5ecb67"} | ret=SUCCESS |  
2025-10-17 11:02:51,187 | INFO  | OMAudit | user=runner | ip=127.0.0.1 | op=READ_BUCKET {"volume":"71fdad23-768b-4abb-b72f-a6e4de5ecb67","bucket":"e5fec46e-f3e8-4b5a-8dfa-9af8fe173002"} | ret=SUCCESS |  
2025-10-17 11:02:51,190 | INFO  | OMAudit | user=runner | ip=127.0.0.1 | op=DELETE_KEY {"volume":"71fdad23-768b-4abb-b72f-a6e4de5ecb67","bucket":"e5fec46e-f3e8-4b5a-8dfa-9af8fe173002","key":"c2de909f-58a5-48e0-884f-1831e583c024","dataSize":"12","replicationConfig":"RATIS/ONE","Transaction":"712"} | ret=SUCCESS |  
2025-10-17 11:02:51,191 | INFO  | OMAudit | user=runner | ip=127.0.0.1 | op=READ_VOLUME {"volume":"71fdad23-768b-4abb-b72f-a6e4de5ecb67"} | ret=SUCCESS |  
2025-10-17 11:02:51,191 | INFO  | OMAudit | user=runner | ip=127.0.0.1 | op=READ_BUCKET {"volume":"71fdad23-768b-4abb-b72f-a6e4de5ecb67","bucket":"e5fec46e-f3e8-4b5a-8dfa-9af8fe173002"} | ret=SUCCESS |  
2025-10-17 11:02:51,219 | INFO  | SCMAudit | user=runner | ip=127.0.0.1 | op=SEND_HEARTBEAT {"datanodeUUID":"50dccd39-549f-4f43-8b1f-597bf98f9c16","term":"2","command":"[]"} | ret=SUCCESS |  
2025-10-17 11:02:51,235 | INFO  | SCMAudit | user=runner | ip=127.0.0.1 | op=SEND_HEARTBEAT {"datanodeUUID":"718bfa29-2c47-4ab5-ac61-3dfe9c6b9d5c","term":"2","command":"[]"} | ret=SUCCESS |  
2025-10-17 11:02:51,235 | INFO  | SCMAudit | user=runner | ip=127.0.0.1 | op=SEND_HEARTBEAT {"datanodeUUID":"99c47355-c013-4450-a734-aff6d3c99677","term":"2","command":"[]"} | ret=SUCCESS |  
2025-10-17 11:02:51,238 | INFO  | SCMAudit | user=runner | ip=127.0.0.1 | op=SEND_HEARTBEAT {"datanodeUUID":"7995ae7b-77ec-4e72-809d-814459f62ee0","term":"2","command":"[]"} | ret=SUCCESS |  
2025-10-17 11:02:51,716 | INFO  | SCMAudit | user=runner | ip=127.0.0.1 | op=SEND_HEARTBEAT {"datanodeUUID":"28c08cd4-c049-4c66-8210-e254cf68b291","term":"2","command":"[]"} | ret=SUCCESS |  
2025-10-17 11:02:51,717 | INFO  | SCMAudit | user=runner | ip=127.0.0.1 | op=SEND_HEARTBEAT {"datanodeUUID":"b1eee25a-1fdf-4744-83c7-58e0513fce3b","term":"2","command":"[]"} | ret=SUCCESS |  
2025-10-17 11:02:51,720 | INFO  | SCMAudit | user=runner | ip=127.0.0.1 | op=SEND_HEARTBEAT {"datanodeUUID":"b6f92338-e951-49df-a986-ea31ece96e9e","term":"2","command":"[]"} | ret=SUCCESS |  
2025-10-17 11:02:51,722 | INFO  | SCMAudit | user=runner | ip=127.0.0.1 | op=SEND_HEARTBEAT {"datanodeUUID":"2b4cc429-f9c1-416c-9a38-6239a2e149ea","term":"2","command":"[]"} | ret=SUCCESS |  
2025-10-17 11:02:51,722 | INFO  | SCMAudit | user=runner | ip=127.0.0.1 | op=SEND_HEARTBEAT {"datanodeUUID":"b292b6be-9482-4c30-a3e0-c9f721931b72","term":"2","command":"[]"} | ret=SUCCESS |  
2025-10-17 11:02:51,757 | INFO  | SCMAudit | user=runner | ip=127.0.0.1 | op=SEND_HEARTBEAT {"datanodeUUID":"dbd6f242-9b73-4bca-a110-3e2ec656b979","term":"2","command":"[]"} | ret=SUCCESS |  
2025-10-17 11:02:51,762 | INFO  | SCMAudit | user=runner | ip=127.0.0.1 | op=SEND_HEARTBEAT {"datanodeUUID":"ed6e9581-5875-4278-a8db-50829892434b","term":"2","command":"[]"} | ret=SUCCESS |  
2025-10-17 11:02:51,861 | INFO  | SCMAudit | user=runner | ip=127.0.0.1 | op=SEND_HEARTBEAT {"datanodeUUID":"a5293c95-44e9-4ea9-88ca-89089eac4b59","term":"2","command":"[]"} | ret=SUCCESS |  
2025-10-17 11:02:51,940 | INFO  | SCMAudit | user=runner | ip=127.0.0.1 | op=SEND_HEARTBEAT {"datanodeUUID":"3a11eef6-a527-493c-8ba3-ae39ecaefa56","term":"2","command":"[]"} | ret=SUCCESS |  
2025-10-17 11:02:52,033 | INFO  | SCMAudit | user=runner | ip=127.0.0.1 | op=SEND_HEARTBEAT {"datanodeUUID":"309ab1ff-9f5a-4058-8b2f-94d451ce5267","term":"2","command":"[]"} | ret=SUCCESS |  
2025-10-17 11:02:52,132 [om1-KeyDeletingService#8] INFO  service.KeyDeletingService (KeyDeletingService.java:processKeyDeletes(151)) - Send 1 key(s) to SCM, first 1 keys: [PurgedKey{blockGroup=BlockGroup[groupID='/71fdad23-768b-4abb-b72f-a6e4de5ecb67/e5fec46e-f3e8-4b5a-8dfa-9af8fe173002/c2de909f-58a5-48e0-884f-1831e583c024/-9223372036854595583/0', blockIDs=[conID: 8 locID: 115816896921600200 bcsId: 0 replicaIndex: null]], volume='71fdad23-768b-4abb-b72f-a6e4de5ecb67', bucket='e5fec46e-f3e8-4b5a-8dfa-9af8fe173002', bucketId=-9223372036854595840, purgedBytes=12, isCommittedKey=true, deleteKeyName='/71fdad23-768b-4abb-b72f-a6e4de5ecb67/e5fec46e-f3e8-4b5a-8dfa-9af8fe173002/c2de909f-58a5-48e0-884f-1831e583c024/-9223372036854595583'}]
2025-10-17 11:02:52,134 | INFO  | SCMAudit | user=runner | ip=127.0.0.1 | op=DELETE_KEY_BLOCK {"KeyBlockToDelete":"[BlockGroup[groupID='/71fdad23-768b-4abb-b72f-a6e4de5ecb67/e5fec46e-f3e8-4b5a-8dfa-9af8fe173002/c2de909f-58a5-48e0-884f-1831e583c024/-9223372036854595583/0', blockIDs=[conID: 8 locID: 115816896921600200 bcsId: 0 replicaIndex: null]]]"} | ret=SUCCESS |  
2025-10-17 11:02:52,134 [om1-KeyDeletingService#8] INFO  service.KeyDeletingService (KeyDeletingService.java:processKeyDeletes(158)) - 1 BlockGroup deletion are acked by SCM in 2 ms
2025-10-17 11:02:52,136 [om1-KeyDeletingService#8] INFO  service.KeyDeletingService (KeyDeletingService.java:processKeyDeletes(166)) - Blocks for 1 (out of 1) keys are deleted from DB in 1 ms. Limit per task is 50000.
2025-10-17 11:02:52,192 | INFO  | OMAudit | user=runner | ip=127.0.0.1 | op=READ_VOLUME {"volume":"71fdad23-768b-4abb-b72f-a6e4de5ecb67"} | ret=SUCCESS |  
2025-10-17 11:02:52,193 | INFO  | OMAudit | user=runner | ip=127.0.0.1 | op=READ_BUCKET {"volume":"71fdad23-768b-4abb-b72f-a6e4de5ecb67","bucket":"e5fec46e-f3e8-4b5a-8dfa-9af8fe173002"} | ret=SUCCESS |  
]]></system-out>
  </testcase>
  <testcase name="testFileRecovery(boolean)[1]" classname="org.apache.hadoop.ozone.client.rpc.TestSecureOzoneRpcClient" time="0.053">
    <system-out><![CDATA[2025-10-17 11:02:52,197 [ForkJoinPool-1-worker-1] INFO  rpc.RpcClient (RpcClient.java:createVolume(461)) - Creating Volume: b3138300-7922-4aa1-9d39-2b9c6f29cd4e, with runner as owner and space quota set to -1 bytes, counts quota set to -1
2025-10-17 11:02:52,199 [om1-OMStateMachineApplyTransactionThread - 0] INFO  volume.OMVolumeCreateRequest (OMVolumeCreateRequest.java:validateAndUpdateCache(213)) - created volume:b3138300-7922-4aa1-9d39-2b9c6f29cd4e for user:runner
2025-10-17 11:02:52,199 | INFO  | OMAudit | user=runner | ip=127.0.0.1 | op=CREATE_VOLUME {"admin":"runner","owner":"runner","volume":"b3138300-7922-4aa1-9d39-2b9c6f29cd4e","creationTime":"1760698972198","modificationTime":"1760698972198","quotaInBytes":"-1","quotaInNamespace":"-1","usedNamespace":"0","objectID":"-9223372036854593024","updateID":"714","Transaction":"714"} | ret=SUCCESS |  
2025-10-17 11:02:52,200 | INFO  | OMAudit | user=runner | ip=127.0.0.1 | op=READ_VOLUME {"volume":"b3138300-7922-4aa1-9d39-2b9c6f29cd4e"} | ret=SUCCESS |  
2025-10-17 11:02:52,201 [ForkJoinPool-1-worker-1] INFO  rpc.RpcClient (RpcClient.java:createBucket(686)) - Creating Bucket: b3138300-7922-4aa1-9d39-2b9c6f29cd4e/e71e87d1-42e8-40ad-9730-ea26775fe374, with bucket layout FILE_SYSTEM_OPTIMIZED, runner as owner, Versioning false, Storage Type set to DISK and Encryption set to false, Replication Type set to server-side default replication type, Namespace Quota set to -1, Space Quota set to -1 
2025-10-17 11:02:52,202 [om1-OMStateMachineApplyTransactionThread - 0] INFO  bucket.OMBucketCreateRequest (OMBucketCreateRequest.java:validateAndUpdateCache(303)) - created bucket: e71e87d1-42e8-40ad-9730-ea26775fe374 of layout FILE_SYSTEM_OPTIMIZED in volume: b3138300-7922-4aa1-9d39-2b9c6f29cd4e
2025-10-17 11:02:52,202 | INFO  | OMAudit | user=runner | ip=127.0.0.1 | op=CREATE_BUCKET {"volume":"b3138300-7922-4aa1-9d39-2b9c6f29cd4e","bucket":"e71e87d1-42e8-40ad-9730-ea26775fe374","bucketLayout":"FILE_SYSTEM_OPTIMIZED","gdprEnabled":null,"acls":"[user:runner:a[ACCESS], group:runner:rl[ACCESS]]","isVersionEnabled":"false","storageType":"DISK","creationTime":"1760698972201","bucketEncryptionKey":null,"modificationTime":"1760698972201","usedBytes":"0","usedNamespace":"0","snapshotUsedBytes":"0","snapshotUsedNamespace":"0","owner":"runner","replicationType":null,"replicationConfig":null,"quotaInBytes":"-1","quotaInNamespace":"-1","Transaction":"715"} | ret=SUCCESS |  
2025-10-17 11:02:52,203 | INFO  | OMAudit | user=runner | ip=127.0.0.1 | op=READ_BUCKET {"volume":"b3138300-7922-4aa1-9d39-2b9c6f29cd4e","bucket":"e71e87d1-42e8-40ad-9730-ea26775fe374"} | ret=SUCCESS |  
2025-10-17 11:02:52,211 | INFO  | OMAudit | user=runner | ip=127.0.0.1 | op=GET_SERVICE_LIST {} | ret=SUCCESS |  
2025-10-17 11:02:52,213 | INFO  | OMAudit | user=runner | ip=127.0.0.1 | op=READ_BUCKET {"volume":"b3138300-7922-4aa1-9d39-2b9c6f29cd4e","bucket":"e71e87d1-42e8-40ad-9730-ea26775fe374"} | ret=SUCCESS |  
2025-10-17 11:02:52,213 | INFO  | SCMAudit | user=runner | ip=127.0.0.1 | op=ALLOCATE_BLOCK {"replication":"RATIS/THREE","owner":"omServiceIdDefault","size":"4194304","sampleBlocks":"[conID: 18 locID: 115816896921600202]","num":"1","client":"","allocated":"1"} | ret=SUCCESS |  
2025-10-17 11:02:52,215 | INFO  | OMAudit | user=runner | ip=127.0.0.1 | op=ALLOCATE_KEY {"volume":"b3138300-7922-4aa1-9d39-2b9c6f29cd4e","bucket":"e71e87d1-42e8-40ad-9730-ea26775fe374","key":"39228560-fe43-45c3-8544-f4344d02fc37","dataSize":"12","replicationType":"RATIS","replicationFactor":"THREE","Transaction":"716"} | ret=SUCCESS |  
2025-10-17 11:02:52,223 | INFO  | SCMAudit | user=runner | ip=127.0.0.1 | op=SEND_HEARTBEAT {"datanodeUUID":"50dccd39-549f-4f43-8b1f-597bf98f9c16","term":"2","command":"[]"} | ret=SUCCESS |  
2025-10-17 11:02:52,234 | INFO  | OMAudit | user=runner | ip=127.0.0.1 | op=READ_BUCKET {"volume":"b3138300-7922-4aa1-9d39-2b9c6f29cd4e","bucket":"e71e87d1-42e8-40ad-9730-ea26775fe374"} | ret=SUCCESS |  
2025-10-17 11:02:52,235 | INFO  | SCMAudit | user=runner | ip=127.0.0.1 | op=SEND_HEARTBEAT {"datanodeUUID":"718bfa29-2c47-4ab5-ac61-3dfe9c6b9d5c","term":"2","command":"[]"} | ret=SUCCESS |  
2025-10-17 11:02:52,235 | INFO  | SCMAudit | user=runner | ip=127.0.0.1 | op=SEND_HEARTBEAT {"datanodeUUID":"99c47355-c013-4450-a734-aff6d3c99677","term":"2","command":"[]"} | ret=SUCCESS |  
2025-10-17 11:02:52,238 | INFO  | SCMAudit | user=runner | ip=127.0.0.1 | op=SEND_HEARTBEAT {"datanodeUUID":"7995ae7b-77ec-4e72-809d-814459f62ee0","term":"2","command":"[]"} | ret=SUCCESS |  
2025-10-17 11:02:52,241 [om1-OMStateMachineApplyTransactionThread - 0] ERROR file.OMRecoverLeaseRequest (OMRecoverLeaseRequest.java:validateAndUpdateCache(160)) - Fail for recovering lease. Volume:b3138300-7922-4aa1-9d39-2b9c6f29cd4e, Bucket:e71e87d1-42e8-40ad-9730-ea26775fe374, Key:39228560-fe43-45c3-8544-f4344d02fc37
KEY_UNDER_LEASE_SOFT_LIMIT_PERIOD org.apache.hadoop.ozone.om.exceptions.OMException: Open Key 39228560-fe43-45c3-8544-f4344d02fc37 updated recently and is inside soft limit period
	at org.apache.hadoop.ozone.om.request.file.OMRecoverLeaseRequest.doWork(OMRecoverLeaseRequest.java:228)
	at org.apache.hadoop.ozone.om.request.file.OMRecoverLeaseRequest.validateAndUpdateCache(OMRecoverLeaseRequest.java:150)
	at org.apache.hadoop.ozone.protocolPB.OzoneManagerRequestHandler.lambda$0(OzoneManagerRequestHandler.java:418)
	at org.apache.hadoop.ozone.util.MetricUtil.captureLatencyNs(MetricUtil.java:45)
	at org.apache.hadoop.ozone.protocolPB.OzoneManagerRequestHandler.handleWriteRequestImpl(OzoneManagerRequestHandler.java:416)
	at org.apache.hadoop.ozone.protocolPB.RequestHandler.handleWriteRequest(RequestHandler.java:62)
	at org.apache.hadoop.ozone.om.ratis.OzoneManagerStateMachine.runCommand(OzoneManagerStateMachine.java:599)
	at org.apache.hadoop.ozone.om.ratis.OzoneManagerStateMachine.lambda$3(OzoneManagerStateMachine.java:415)
	at java.base/java.util.concurrent.CompletableFuture$AsyncSupply.run(CompletableFuture.java:1768)
	at java.base/java.util.concurrent.ThreadPoolExecutor.runWorker(ThreadPoolExecutor.java:1144)
	at java.base/java.util.concurrent.ThreadPoolExecutor$Worker.run(ThreadPoolExecutor.java:642)
	at java.base/java.lang.Thread.run(Thread.java:1583)
2025-10-17 11:02:52,241 | ERROR | OMAudit | user=runner | ip=127.0.0.1 | op=RECOVER_LEASE {"volume":"b3138300-7922-4aa1-9d39-2b9c6f29cd4e","bucket":"e71e87d1-42e8-40ad-9730-ea26775fe374","key":"39228560-fe43-45c3-8544-f4344d02fc37","Transaction":"718"} | ret=FAILURE | 
org.apache.hadoop.ozone.om.exceptions.OMException: Open Key 39228560-fe43-45c3-8544-f4344d02fc37 updated recently and is inside soft limit period
	at org.apache.hadoop.ozone.om.request.file.OMRecoverLeaseRequest.doWork(OMRecoverLeaseRequest.java:228)
	at org.apache.hadoop.ozone.om.request.file.OMRecoverLeaseRequest.validateAndUpdateCache(OMRecoverLeaseRequest.java:150)
 
2025-10-17 11:02:52,248 | INFO  | OMAudit | user=runner | ip=127.0.0.1 | op=COMMIT_KEY {"volume":"b3138300-7922-4aa1-9d39-2b9c6f29cd4e","bucket":"e71e87d1-42e8-40ad-9730-ea26775fe374","key":"39228560-fe43-45c3-8544-f4344d02fc37","dataSize":"12","replicationType":"RATIS","replicationFactor":"THREE","Transaction":"719"} | ret=SUCCESS |  
]]></system-out>
  </testcase>
  <testcase name="testFileRecovery(boolean)[2]" classname="org.apache.hadoop.ozone.client.rpc.TestSecureOzoneRpcClient" time="0.082">
    <system-out><![CDATA[2025-10-17 11:02:52,251 [ForkJoinPool-1-worker-1] INFO  rpc.RpcClient (RpcClient.java:createVolume(461)) - Creating Volume: 021a00db-128f-4d65-a6ce-7903083fbe76, with runner as owner and space quota set to -1 bytes, counts quota set to -1
2025-10-17 11:02:52,252 [om1-OMStateMachineApplyTransactionThread - 0] INFO  volume.OMVolumeCreateRequest (OMVolumeCreateRequest.java:validateAndUpdateCache(213)) - created volume:021a00db-128f-4d65-a6ce-7903083fbe76 for user:runner
2025-10-17 11:02:52,252 | INFO  | OMAudit | user=runner | ip=127.0.0.1 | op=CREATE_VOLUME {"admin":"runner","owner":"runner","volume":"021a00db-128f-4d65-a6ce-7903083fbe76","creationTime":"1760698972251","modificationTime":"1760698972251","quotaInBytes":"-1","quotaInNamespace":"-1","usedNamespace":"0","objectID":"-9223372036854591488","updateID":"720","Transaction":"720"} | ret=SUCCESS |  
2025-10-17 11:02:52,253 | INFO  | OMAudit | user=runner | ip=127.0.0.1 | op=READ_VOLUME {"volume":"021a00db-128f-4d65-a6ce-7903083fbe76"} | ret=SUCCESS |  
2025-10-17 11:02:52,253 [ForkJoinPool-1-worker-1] INFO  rpc.RpcClient (RpcClient.java:createBucket(686)) - Creating Bucket: 021a00db-128f-4d65-a6ce-7903083fbe76/4459a720-581a-485e-91b7-1ef1c9b1e5b1, with bucket layout FILE_SYSTEM_OPTIMIZED, runner as owner, Versioning false, Storage Type set to DISK and Encryption set to false, Replication Type set to server-side default replication type, Namespace Quota set to -1, Space Quota set to -1 
2025-10-17 11:02:52,255 [om1-OMStateMachineApplyTransactionThread - 0] INFO  bucket.OMBucketCreateRequest (OMBucketCreateRequest.java:validateAndUpdateCache(303)) - created bucket: 4459a720-581a-485e-91b7-1ef1c9b1e5b1 of layout FILE_SYSTEM_OPTIMIZED in volume: 021a00db-128f-4d65-a6ce-7903083fbe76
2025-10-17 11:02:52,255 | INFO  | OMAudit | user=runner | ip=127.0.0.1 | op=CREATE_BUCKET {"volume":"021a00db-128f-4d65-a6ce-7903083fbe76","bucket":"4459a720-581a-485e-91b7-1ef1c9b1e5b1","bucketLayout":"FILE_SYSTEM_OPTIMIZED","gdprEnabled":null,"acls":"[user:runner:a[ACCESS], group:runner:rl[ACCESS]]","isVersionEnabled":"false","storageType":"DISK","creationTime":"1760698972254","bucketEncryptionKey":null,"modificationTime":"1760698972254","usedBytes":"0","usedNamespace":"0","snapshotUsedBytes":"0","snapshotUsedNamespace":"0","owner":"runner","replicationType":null,"replicationConfig":null,"quotaInBytes":"-1","quotaInNamespace":"-1","Transaction":"721"} | ret=SUCCESS |  
2025-10-17 11:02:52,256 | INFO  | OMAudit | user=runner | ip=127.0.0.1 | op=READ_BUCKET {"volume":"021a00db-128f-4d65-a6ce-7903083fbe76","bucket":"4459a720-581a-485e-91b7-1ef1c9b1e5b1"} | ret=SUCCESS |  
2025-10-17 11:02:52,259 | INFO  | OMAudit | user=runner | ip=127.0.0.1 | op=GET_SERVICE_LIST {} | ret=SUCCESS |  
2025-10-17 11:02:52,260 | INFO  | OMAudit | user=runner | ip=127.0.0.1 | op=READ_BUCKET {"volume":"021a00db-128f-4d65-a6ce-7903083fbe76","bucket":"4459a720-581a-485e-91b7-1ef1c9b1e5b1"} | ret=SUCCESS |  
2025-10-17 11:02:52,261 | INFO  | SCMAudit | user=runner | ip=127.0.0.1 | op=ALLOCATE_BLOCK {"replication":"RATIS/THREE","owner":"omServiceIdDefault","size":"4194304","sampleBlocks":"[conID: 15 locID: 115816896921600203]","num":"1","client":"","allocated":"1"} | ret=SUCCESS |  
2025-10-17 11:02:52,263 | INFO  | OMAudit | user=runner | ip=127.0.0.1 | op=ALLOCATE_KEY {"volume":"021a00db-128f-4d65-a6ce-7903083fbe76","bucket":"4459a720-581a-485e-91b7-1ef1c9b1e5b1","key":"ed1eebe3-c008-4894-b75e-c26585d2b58f","dataSize":"12","replicationType":"RATIS","replicationFactor":"THREE","Transaction":"722"} | ret=SUCCESS |  
2025-10-17 11:02:52,275 | INFO  | OMAudit | user=runner | ip=127.0.0.1 | op=READ_BUCKET {"volume":"021a00db-128f-4d65-a6ce-7903083fbe76","bucket":"4459a720-581a-485e-91b7-1ef1c9b1e5b1"} | ret=SUCCESS |  
2025-10-17 11:02:52,279 | INFO  | SCMAudit | user=runner | ip=127.0.0.1 | op=GET_CONTAINER_WITH_PIPELINE {"containerID":"#15"} | ret=SUCCESS |  
2025-10-17 11:02:52,281 | INFO  | SCMAudit | user=runner | ip=127.0.0.1 | op=GET_CONTAINER_WITH_PIPELINE {"containerID":"#15"} | ret=SUCCESS |  
2025-10-17 11:02:52,283 | INFO  | OMAudit | user=runner | ip=127.0.0.1 | op=RECOVER_LEASE {"volume":"021a00db-128f-4d65-a6ce-7903083fbe76","bucket":"4459a720-581a-485e-91b7-1ef1c9b1e5b1","key":"ed1eebe3-c008-4894-b75e-c26585d2b58f","Transaction":"724"} | ret=SUCCESS |  
2025-10-17 11:02:52,292 [718bfa29-2c47-4ab5-ac61-3dfe9c6b9d5c-ContainerOp-d912fc3f-3f11-4fdd-b926-75927d842139-1] INFO  keyvalue.KeyValueHandler (KeyValueHandler.java:handleFinalizeBlock(714)) - Finalized Block request received conID: 15 locID: 115816896921600203 bcsId: 0 replicaIndex: null 
2025-10-17 11:02:52,293 [2b4cc429-f9c1-416c-9a38-6239a2e149ea-ContainerOp-d912fc3f-3f11-4fdd-b926-75927d842139-0] INFO  keyvalue.KeyValueHandler (KeyValueHandler.java:handleFinalizeBlock(714)) - Finalized Block request received conID: 15 locID: 115816896921600203 bcsId: 0 replicaIndex: null 
2025-10-17 11:02:52,293 [718bfa29-2c47-4ab5-ac61-3dfe9c6b9d5c-ContainerOp-d912fc3f-3f11-4fdd-b926-75927d842139-1] INFO  keyvalue.KeyValueHandler (KeyValueHandler.java:handleFinalizeBlock(724)) - Block has been finalized conID: 15 locID: 115816896921600203 bcsId: 0 replicaIndex: null 
2025-10-17 11:02:52,293 [b1eee25a-1fdf-4744-83c7-58e0513fce3b-ContainerOp-d912fc3f-3f11-4fdd-b926-75927d842139-1] INFO  keyvalue.KeyValueHandler (KeyValueHandler.java:handleFinalizeBlock(714)) - Finalized Block request received conID: 15 locID: 115816896921600203 bcsId: 0 replicaIndex: null 
2025-10-17 11:02:52,294 [2b4cc429-f9c1-416c-9a38-6239a2e149ea-ContainerOp-d912fc3f-3f11-4fdd-b926-75927d842139-0] INFO  keyvalue.KeyValueHandler (KeyValueHandler.java:handleFinalizeBlock(724)) - Block has been finalized conID: 15 locID: 115816896921600203 bcsId: 0 replicaIndex: null 
2025-10-17 11:02:52,294 [b1eee25a-1fdf-4744-83c7-58e0513fce3b-ContainerOp-d912fc3f-3f11-4fdd-b926-75927d842139-1] INFO  keyvalue.KeyValueHandler (KeyValueHandler.java:handleFinalizeBlock(724)) - Block has been finalized conID: 15 locID: 115816896921600203 bcsId: 0 replicaIndex: null 
2025-10-17 11:02:52,298 | INFO  | OMAudit | user=runner | ip=127.0.0.1 | op=COMMIT_KEY {"volume":"021a00db-128f-4d65-a6ce-7903083fbe76","bucket":"4459a720-581a-485e-91b7-1ef1c9b1e5b1","key":"ed1eebe3-c008-4894-b75e-c26585d2b58f","dataSize":"12","replicationType":"RATIS","replicationFactor":"THREE","Transaction":"725"} | ret=SUCCESS |  
2025-10-17 11:02:52,324 [grpc-default-executor-6] ERROR impl.OrderedAsync (OrderedAsync.java:lambda$send$4(181)) - Failed to send request, message=cmdType: PutBlock traceID: "" containerID: 15 datanodeUuid: "718bfa29-2c47-4ab5-ac61-3dfe9c6b9d5c" putBlock { blockData { blockID { containerID: 15 localID: 115816896921600203 blockCommitSequenceId: 0 } metadata { key: "TYPE" value: "KEY" } chunks { chunkName: "115816896921600203_chunk_1" offset: 0 len: 12 } } eof: true } encodedToken: "VAoGcnVubmVyEiNjb25JRDogMTUgbG9jSUQ6IDExNTgxNjg5NjkyMTYwMDIwMxjlqPK3nzMoASgCMICAgAI6FQifgbWbiNf4t3AQ982K__Ou7ZeGASAuVf1tjSkOO65j9mzmb940Gx8VmmhpUjl5vMs-UioUIRBIRERTX0JMT0NLX1RPS0VOKWNvbklEOiAxNSBsb2NJRDogMTE1ODE2ODk2OTIxNjAwMjAzAAAAAAAA" version: 3, data.size=0
java.util.concurrent.CompletionException: org.apache.ratis.protocol.exceptions.StateMachineException: org.apache.hadoop.hdds.scm.container.common.helpers.StorageContainerException: Block already finalized
	at org.apache.ratis.client.impl.RaftClientImpl.handleRaftException(RaftClientImpl.java:373)
	at org.apache.ratis.client.impl.OrderedAsync.lambda$send$3(OrderedAsync.java:175)
	at java.base/java.util.concurrent.CompletableFuture$UniApply.tryFire(CompletableFuture.java:646)
	at java.base/java.util.concurrent.CompletableFuture.postComplete(CompletableFuture.java:510)
	at java.base/java.util.concurrent.CompletableFuture.complete(CompletableFuture.java:2179)
	at org.apache.ratis.client.impl.OrderedAsync$PendingOrderedRequest.setReply(OrderedAsync.java:105)
	at org.apache.ratis.client.impl.OrderedAsync$PendingOrderedRequest.setReply(OrderedAsync.java:66)
	at org.apache.ratis.util.SlidingWindow$RequestMap.setReply(SlidingWindow.java:147)
	at org.apache.ratis.util.SlidingWindow$Client.receiveReply(SlidingWindow.java:351)
	at org.apache.ratis.client.impl.OrderedAsync.lambda$sendRequestWithRetry$5(OrderedAsync.java:210)
	at java.base/java.util.concurrent.CompletableFuture$UniAccept.tryFire(CompletableFuture.java:718)
	at java.base/java.util.concurrent.CompletableFuture.postComplete(CompletableFuture.java:510)
	at java.base/java.util.concurrent.CompletableFuture.complete(CompletableFuture.java:2179)
	at org.apache.ratis.grpc.client.GrpcClientProtocolClient$AsyncStreamObservers$1.lambda$onNext$0(GrpcClientProtocolClient.java:325)
	at java.base/java.util.Optional.ifPresent(Optional.java:178)
	at org.apache.ratis.grpc.client.GrpcClientProtocolClient$AsyncStreamObservers.handleReplyFuture(GrpcClientProtocolClient.java:381)
	at org.apache.ratis.grpc.client.GrpcClientProtocolClient$AsyncStreamObservers.access$100(GrpcClientProtocolClient.java:303)
	at org.apache.ratis.grpc.client.GrpcClientProtocolClient$AsyncStreamObservers$1.onNext(GrpcClientProtocolClient.java:325)
	at org.apache.ratis.grpc.client.GrpcClientProtocolClient$AsyncStreamObservers$1.onNext(GrpcClientProtocolClient.java:308)
	at org.apache.ratis.thirdparty.io.grpc.stub.ClientCalls$StreamObserverToCallListenerAdapter.onMessage(ClientCalls.java:551)
	at org.apache.ratis.thirdparty.io.grpc.ForwardingClientCallListener.onMessage(ForwardingClientCallListener.java:33)
	at org.apache.ratis.thirdparty.io.grpc.internal.ClientCallImpl$ClientStreamListenerImpl$1MessagesAvailable.runInternal(ClientCallImpl.java:661)
	at org.apache.ratis.thirdparty.io.grpc.internal.ClientCallImpl$ClientStreamListenerImpl$1MessagesAvailable.runInContext(ClientCallImpl.java:648)
	at org.apache.ratis.thirdparty.io.grpc.internal.ContextRunnable.run(ContextRunnable.java:37)
	at org.apache.ratis.thirdparty.io.grpc.internal.SerializingExecutor.run(SerializingExecutor.java:133)
	at java.base/java.util.concurrent.ThreadPoolExecutor.runWorker(ThreadPoolExecutor.java:1144)
	at java.base/java.util.concurrent.ThreadPoolExecutor$Worker.run(ThreadPoolExecutor.java:642)
	at java.base/java.lang.Thread.run(Thread.java:1583)
Caused by: org.apache.ratis.protocol.exceptions.StateMachineException: org.apache.hadoop.hdds.scm.container.common.helpers.StorageContainerException: Block already finalized
	at org.apache.hadoop.ozone.container.common.transport.server.ratis.ContainerStateMachine.startTransaction(ContainerStateMachine.java:526)
	at org.apache.ratis.server.impl.RaftServerImpl.writeAsyncImpl(RaftServerImpl.java:987)
	at org.apache.ratis.server.impl.RaftServerImpl.writeAsync(RaftServerImpl.java:960)
	at org.apache.ratis.server.impl.RaftServerImpl.replyFuture(RaftServerImpl.java:953)
	at org.apache.ratis.server.impl.RaftServerImpl.submitClientRequestAsync(RaftServerImpl.java:930)
	at org.apache.ratis.server.impl.RaftServerImpl.lambda$null$11(RaftServerImpl.java:919)
	at org.apache.ratis.util.JavaUtils.callAsUnchecked(JavaUtils.java:118)
	at org.apache.ratis.server.impl.RaftServerImpl.lambda$executeSubmitClientRequestAsync$12(RaftServerImpl.java:919)
	at java.base/java.util.concurrent.CompletableFuture$AsyncSupply.run(CompletableFuture.java:1768)
	... 3 more
2025-10-17 11:02:52,326 [ForkJoinPool-1-worker-1] WARN  io.KeyOutputStream (KeyOutputStream.java:handleExceptionInternal(377)) - Encountered exception java.io.IOException: Unexpected Storage Container Exception: java.util.concurrent.CompletionException: java.util.concurrent.CompletionException: org.apache.ratis.protocol.exceptions.StateMachineException: org.apache.hadoop.hdds.scm.container.common.helpers.StorageContainerException: Block already finalized on the pipeline Pipeline{ Id: d912fc3f-3f11-4fdd-b926-75927d842139, Nodes: [ {718bfa29-2c47-4ab5-ac61-3dfe9c6b9d5c(localhost/127.0.0.1), ReplicaIndex: 0}, {2b4cc429-f9c1-416c-9a38-6239a2e149ea(localhost/127.0.0.1), ReplicaIndex: 0}, {b1eee25a-1fdf-4744-83c7-58e0513fce3b(localhost/127.0.0.1), ReplicaIndex: 0},], ReplicationConfig: RATIS/THREE, State:OPEN, leaderId:718bfa29-2c47-4ab5-ac61-3dfe9c6b9d5c, CreationTimestamp2025-10-17T11:01:19.030Z[Etc/UTC]}. The last committed block length is 12, uncommitted data length is 0 retry count 0
2025-10-17 11:02:52,326 [ForkJoinPool-1-worker-1] INFO  io.BlockOutputStreamEntry (BlockOutputStreamEntry.java:finishRetryHandling(141)) - BlockOutputStreamEntry:ed1eebe3-c008-4894-b75e-c26585d2b58f conID: 15 locID: 115816896921600203 bcsId: 54 replicaIndex: null: Exiting retry handling mode
2025-10-17 11:02:52,329 [om1-OMStateMachineApplyTransactionThread - 0] ERROR key.OMKeyCommitRequest (OMKeyCommitRequest.java:processResult(486)) - Key committed failed. Volume:021a00db-128f-4d65-a6ce-7903083fbe76, Bucket:4459a720-581a-485e-91b7-1ef1c9b1e5b1, Key:ed1eebe3-c008-4894-b75e-c26585d2b58f. Exception:{}
KEY_NOT_FOUND org.apache.hadoop.ozone.om.exceptions.OMException: Failed to commit key, as /-9223372036854591488/-9223372036854591232/-9223372036854591232/ed1eebe3-c008-4894-b75e-c26585d2b58f/115389167846162601 entry is not found in the OpenKey table
	at org.apache.hadoop.ozone.om.request.key.OMKeyCommitRequestWithFSO.validateAndUpdateCache(OMKeyCommitRequestWithFSO.java:181)
	at org.apache.hadoop.ozone.protocolPB.OzoneManagerRequestHandler.lambda$0(OzoneManagerRequestHandler.java:418)
	at org.apache.hadoop.ozone.util.MetricUtil.captureLatencyNs(MetricUtil.java:45)
	at org.apache.hadoop.ozone.protocolPB.OzoneManagerRequestHandler.handleWriteRequestImpl(OzoneManagerRequestHandler.java:416)
	at org.apache.hadoop.ozone.protocolPB.RequestHandler.handleWriteRequest(RequestHandler.java:62)
	at org.apache.hadoop.ozone.om.ratis.OzoneManagerStateMachine.runCommand(OzoneManagerStateMachine.java:599)
	at org.apache.hadoop.ozone.om.ratis.OzoneManagerStateMachine.lambda$3(OzoneManagerStateMachine.java:415)
	at java.base/java.util.concurrent.CompletableFuture$AsyncSupply.run(CompletableFuture.java:1768)
	at java.base/java.util.concurrent.ThreadPoolExecutor.runWorker(ThreadPoolExecutor.java:1144)
	at java.base/java.util.concurrent.ThreadPoolExecutor$Worker.run(ThreadPoolExecutor.java:642)
	at java.base/java.lang.Thread.run(Thread.java:1583)
2025-10-17 11:02:52,329 | ERROR | OMAudit | user=runner | ip=127.0.0.1 | op=COMMIT_KEY {"volume":"021a00db-128f-4d65-a6ce-7903083fbe76","bucket":"4459a720-581a-485e-91b7-1ef1c9b1e5b1","key":"ed1eebe3-c008-4894-b75e-c26585d2b58f","dataSize":"12","replicationType":"RATIS","replicationFactor":"THREE","Transaction":"726"} | ret=FAILURE | 
org.apache.hadoop.ozone.om.exceptions.OMException: Failed to commit key, as /-9223372036854591488/-9223372036854591232/-9223372036854591232/ed1eebe3-c008-4894-b75e-c26585d2b58f/115389167846162601 entry is not found in the OpenKey table
	at org.apache.hadoop.ozone.om.request.key.OMKeyCommitRequestWithFSO.validateAndUpdateCache(OMKeyCommitRequestWithFSO.java:181)
	at org.apache.hadoop.ozone.protocolPB.OzoneManagerRequestHandler.lambda$0(OzoneManagerRequestHandler.java:418)
 
]]></system-out>
  </testcase>
  <testcase name="testGetKeyAndFileWithNetworkTopology" classname="org.apache.hadoop.ozone.client.rpc.TestSecureOzoneRpcClient" time="0.05">
    <system-out><![CDATA[2025-10-17 11:02:52,333 [ForkJoinPool-1-worker-1] INFO  rpc.RpcClient (RpcClient.java:createVolume(461)) - Creating Volume: b948603b-9d4d-439c-83f6-32665a428281, with runner as owner and space quota set to -1 bytes, counts quota set to -1
2025-10-17 11:02:52,334 [om1-OMStateMachineApplyTransactionThread - 0] INFO  volume.OMVolumeCreateRequest (OMVolumeCreateRequest.java:validateAndUpdateCache(213)) - created volume:b948603b-9d4d-439c-83f6-32665a428281 for user:runner
2025-10-17 11:02:52,334 | INFO  | OMAudit | user=runner | ip=127.0.0.1 | op=CREATE_VOLUME {"admin":"runner","owner":"runner","volume":"b948603b-9d4d-439c-83f6-32665a428281","creationTime":"1760698972333","modificationTime":"1760698972333","quotaInBytes":"-1","quotaInNamespace":"-1","usedNamespace":"0","objectID":"-9223372036854589696","updateID":"727","Transaction":"727"} | ret=SUCCESS |  
2025-10-17 11:02:52,336 | INFO  | OMAudit | user=runner | ip=127.0.0.1 | op=READ_VOLUME {"volume":"b948603b-9d4d-439c-83f6-32665a428281"} | ret=SUCCESS |  
2025-10-17 11:02:52,336 [ForkJoinPool-1-worker-1] INFO  rpc.RpcClient (RpcClient.java:createBucket(686)) - Creating Bucket: b948603b-9d4d-439c-83f6-32665a428281/2273e715-0dcf-47ec-b2b7-0a09d64a443b, with server-side default bucket layout, runner as owner, Versioning false, Storage Type set to DISK and Encryption set to false, Replication Type set to server-side default replication type, Namespace Quota set to -1, Space Quota set to -1 
2025-10-17 11:02:52,338 [om1-OMStateMachineApplyTransactionThread - 0] INFO  bucket.OMBucketCreateRequest (OMBucketCreateRequest.java:validateAndUpdateCache(303)) - created bucket: 2273e715-0dcf-47ec-b2b7-0a09d64a443b of layout FILE_SYSTEM_OPTIMIZED in volume: b948603b-9d4d-439c-83f6-32665a428281
2025-10-17 11:02:52,338 | INFO  | OMAudit | user=runner | ip=127.0.0.1 | op=CREATE_BUCKET {"volume":"b948603b-9d4d-439c-83f6-32665a428281","bucket":"2273e715-0dcf-47ec-b2b7-0a09d64a443b","bucketLayout":"FILE_SYSTEM_OPTIMIZED","gdprEnabled":null,"acls":"[user:runner:a[ACCESS], group:runner:rl[ACCESS]]","isVersionEnabled":"false","storageType":"DISK","creationTime":"1760698972337","bucketEncryptionKey":null,"modificationTime":"1760698972337","usedBytes":"0","usedNamespace":"0","snapshotUsedBytes":"0","snapshotUsedNamespace":"0","owner":"runner","replicationType":null,"replicationConfig":null,"quotaInBytes":"-1","quotaInNamespace":"-1","Transaction":"728"} | ret=SUCCESS |  
2025-10-17 11:02:52,339 | INFO  | OMAudit | user=runner | ip=127.0.0.1 | op=READ_BUCKET {"volume":"b948603b-9d4d-439c-83f6-32665a428281","bucket":"2273e715-0dcf-47ec-b2b7-0a09d64a443b"} | ret=SUCCESS |  
2025-10-17 11:02:52,340 | INFO  | OMAudit | user=runner | ip=127.0.0.1 | op=READ_BUCKET {"volume":"b948603b-9d4d-439c-83f6-32665a428281","bucket":"2273e715-0dcf-47ec-b2b7-0a09d64a443b"} | ret=SUCCESS |  
2025-10-17 11:02:52,341 | INFO  | SCMAudit | user=runner | ip=127.0.0.1 | op=ALLOCATE_BLOCK {"replication":"RATIS/THREE","owner":"omServiceIdDefault","size":"4194304","sampleBlocks":"[conID: 15 locID: 115816896921600204]","num":"1","client":"","allocated":"1"} | ret=SUCCESS |  
2025-10-17 11:02:52,343 | INFO  | OMAudit | user=runner | ip=127.0.0.1 | op=ALLOCATE_KEY {"volume":"b948603b-9d4d-439c-83f6-32665a428281","bucket":"2273e715-0dcf-47ec-b2b7-0a09d64a443b","key":"236f9d3a-1f96-478e-8b25-7bf42687cd3e","dataSize":"12","replicationType":"RATIS","replicationFactor":"THREE","Transaction":"729"} | ret=SUCCESS |  
2025-10-17 11:02:52,354 | INFO  | OMAudit | user=runner | ip=127.0.0.1 | op=COMMIT_KEY {"volume":"b948603b-9d4d-439c-83f6-32665a428281","bucket":"2273e715-0dcf-47ec-b2b7-0a09d64a443b","key":"236f9d3a-1f96-478e-8b25-7bf42687cd3e","dataSize":"12","replicationType":"RATIS","replicationFactor":"THREE","Transaction":"730"} | ret=SUCCESS |  
2025-10-17 11:02:52,356 | INFO  | SCMAudit | user=runner | ip=127.0.0.1 | op=GET_CONTAINER_WITH_PIPELINE_BATCH {"containerIDs":"#15,"} | ret=SUCCESS |  
2025-10-17 11:02:52,357 | INFO  | OMAudit | user=runner | ip=127.0.0.1 | op=READ_KEY {"volume":"b948603b-9d4d-439c-83f6-32665a428281","bucket":"2273e715-0dcf-47ec-b2b7-0a09d64a443b","key":"236f9d3a-1f96-478e-8b25-7bf42687cd3e","owner":null,"dataSize":"0","replicationConfig":null} | ret=SUCCESS |  
2025-10-17 11:02:52,364 | INFO  | OMAudit | user=runner | ip=127.0.0.1 | op=READ_KEY {"volume":"b948603b-9d4d-439c-83f6-32665a428281","bucket":"2273e715-0dcf-47ec-b2b7-0a09d64a443b","key":"236f9d3a-1f96-478e-8b25-7bf42687cd3e","owner":null,"dataSize":"0","replicationConfig":null} | ret=SUCCESS |  
2025-10-17 11:02:52,369 | INFO  | OMAudit | user=runner | ip=127.0.0.1 | op=GET_SERVICE_LIST {} | ret=SUCCESS |  
2025-10-17 11:02:52,370 | INFO  | OMAudit | user=runner | ip=127.0.0.1 | op=READ_VOLUME {"volume":"b948603b-9d4d-439c-83f6-32665a428281"} | ret=SUCCESS |  
2025-10-17 11:02:52,371 | INFO  | OMAudit | user=runner | ip=127.0.0.1 | op=READ_BUCKET {"volume":"b948603b-9d4d-439c-83f6-32665a428281","bucket":"2273e715-0dcf-47ec-b2b7-0a09d64a443b"} | ret=SUCCESS |  
2025-10-17 11:02:52,373 | INFO  | OMAudit | user=runner | ip=127.0.0.1 | op=READ_KEY {"volume":"b948603b-9d4d-439c-83f6-32665a428281","bucket":"2273e715-0dcf-47ec-b2b7-0a09d64a443b","key":"236f9d3a-1f96-478e-8b25-7bf42687cd3e","owner":null,"dataSize":"0","replicationConfig":null} | ret=SUCCESS |  
2025-10-17 11:02:52,378 | INFO  | OMAudit | user=runner | ip=127.0.0.1 | op=READ_KEY {"volume":"b948603b-9d4d-439c-83f6-32665a428281","bucket":"2273e715-0dcf-47ec-b2b7-0a09d64a443b","key":"236f9d3a-1f96-478e-8b25-7bf42687cd3e","owner":null,"dataSize":"0","replicationConfig":null} | ret=SUCCESS |  
]]></system-out>
  </testcase>
  <testcase name="testGetKeyDetails" classname="org.apache.hadoop.ozone.client.rpc.TestSecureOzoneRpcClient" time="0.026">
    <system-out><![CDATA[2025-10-17 11:02:52,383 [ForkJoinPool-1-worker-1] INFO  rpc.RpcClient (RpcClient.java:createVolume(461)) - Creating Volume: 985d7977-2e45-4a8c-8dab-8767af2d23cd, with runner as owner and space quota set to -1 bytes, counts quota set to -1
2025-10-17 11:02:52,385 [om1-OMStateMachineApplyTransactionThread - 0] INFO  volume.OMVolumeCreateRequest (OMVolumeCreateRequest.java:validateAndUpdateCache(213)) - created volume:985d7977-2e45-4a8c-8dab-8767af2d23cd for user:runner
2025-10-17 11:02:52,385 | INFO  | OMAudit | user=runner | ip=127.0.0.1 | op=CREATE_VOLUME {"admin":"runner","owner":"runner","volume":"985d7977-2e45-4a8c-8dab-8767af2d23cd","creationTime":"1760698972384","modificationTime":"1760698972384","quotaInBytes":"-1","quotaInNamespace":"-1","usedNamespace":"0","objectID":"-9223372036854588672","updateID":"731","Transaction":"731"} | ret=SUCCESS |  
2025-10-17 11:02:52,386 | INFO  | OMAudit | user=runner | ip=127.0.0.1 | op=READ_VOLUME {"volume":"985d7977-2e45-4a8c-8dab-8767af2d23cd"} | ret=SUCCESS |  
2025-10-17 11:02:52,387 [ForkJoinPool-1-worker-1] INFO  rpc.RpcClient (RpcClient.java:createBucket(686)) - Creating Bucket: 985d7977-2e45-4a8c-8dab-8767af2d23cd/485f7cc0-0e99-462d-a5dd-343fe08cd108, with server-side default bucket layout, runner as owner, Versioning false, Storage Type set to DISK and Encryption set to false, Replication Type set to server-side default replication type, Namespace Quota set to -1, Space Quota set to -1 
2025-10-17 11:02:52,389 [om1-OMStateMachineApplyTransactionThread - 0] INFO  bucket.OMBucketCreateRequest (OMBucketCreateRequest.java:validateAndUpdateCache(303)) - created bucket: 485f7cc0-0e99-462d-a5dd-343fe08cd108 of layout FILE_SYSTEM_OPTIMIZED in volume: 985d7977-2e45-4a8c-8dab-8767af2d23cd
2025-10-17 11:02:52,389 | INFO  | OMAudit | user=runner | ip=127.0.0.1 | op=CREATE_BUCKET {"volume":"985d7977-2e45-4a8c-8dab-8767af2d23cd","bucket":"485f7cc0-0e99-462d-a5dd-343fe08cd108","bucketLayout":"FILE_SYSTEM_OPTIMIZED","gdprEnabled":null,"acls":"[user:runner:a[ACCESS], group:runner:rl[ACCESS]]","isVersionEnabled":"false","storageType":"DISK","creationTime":"1760698972388","bucketEncryptionKey":null,"modificationTime":"1760698972388","usedBytes":"0","usedNamespace":"0","snapshotUsedBytes":"0","snapshotUsedNamespace":"0","owner":"runner","replicationType":null,"replicationConfig":null,"quotaInBytes":"-1","quotaInNamespace":"-1","Transaction":"732"} | ret=SUCCESS |  
2025-10-17 11:02:52,390 | INFO  | OMAudit | user=runner | ip=127.0.0.1 | op=READ_BUCKET {"volume":"985d7977-2e45-4a8c-8dab-8767af2d23cd","bucket":"485f7cc0-0e99-462d-a5dd-343fe08cd108"} | ret=SUCCESS |  
2025-10-17 11:02:52,392 | INFO  | OMAudit | user=runner | ip=127.0.0.1 | op=READ_BUCKET {"volume":"985d7977-2e45-4a8c-8dab-8767af2d23cd","bucket":"485f7cc0-0e99-462d-a5dd-343fe08cd108"} | ret=SUCCESS |  
2025-10-17 11:02:52,393 | INFO  | SCMAudit | user=runner | ip=127.0.0.1 | op=ALLOCATE_BLOCK {"replication":"RATIS/ONE","owner":"omServiceIdDefault","size":"4194304","sampleBlocks":"[conID: 11 locID: 115816896921600205]","num":"1","client":"","allocated":"1"} | ret=SUCCESS |  
2025-10-17 11:02:52,395 | INFO  | OMAudit | user=runner | ip=127.0.0.1 | op=ALLOCATE_KEY {"volume":"985d7977-2e45-4a8c-8dab-8767af2d23cd","bucket":"485f7cc0-0e99-462d-a5dd-343fe08cd108","key":"9ba3f170-a456-45e4-b853-50662c749d52","dataSize":"292","replicationType":"RATIS","replicationFactor":"ONE","Transaction":"733"} | ret=SUCCESS |  
2025-10-17 11:02:52,400 | INFO  | OMAudit | user=runner | ip=127.0.0.1 | op=COMMIT_KEY {"volume":"985d7977-2e45-4a8c-8dab-8767af2d23cd","bucket":"485f7cc0-0e99-462d-a5dd-343fe08cd108","key":"9ba3f170-a456-45e4-b853-50662c749d52","dataSize":"292","replicationType":"RATIS","replicationFactor":"ONE","Transaction":"734"} | ret=SUCCESS |  
2025-10-17 11:02:52,401 | INFO  | SCMAudit | user=runner | ip=127.0.0.1 | op=GET_CONTAINER_WITH_PIPELINE_BATCH {"containerIDs":"#11,"} | ret=SUCCESS |  
2025-10-17 11:02:52,402 | INFO  | OMAudit | user=null | ip= | op=READ_KEY {"volume":"985d7977-2e45-4a8c-8dab-8767af2d23cd","bucket":"485f7cc0-0e99-462d-a5dd-343fe08cd108","key":"9ba3f170-a456-45e4-b853-50662c749d52","owner":null,"dataSize":"0","replicationConfig":null} | ret=SUCCESS |  
2025-10-17 11:02:52,403 | INFO  | OMAudit | user=runner | ip=127.0.0.1 | op=READ_KEY {"volume":"985d7977-2e45-4a8c-8dab-8767af2d23cd","bucket":"485f7cc0-0e99-462d-a5dd-343fe08cd108","key":"9ba3f170-a456-45e4-b853-50662c749d52","owner":null,"dataSize":"0","replicationConfig":null} | ret=SUCCESS |  
]]></system-out>
  </testcase>
  <testcase name="testGetObjectTagging(BucketLayout)[1]" classname="org.apache.hadoop.ozone.client.rpc.TestSecureOzoneRpcClient" time="0.026">
    <system-out><![CDATA[2025-10-17 11:02:52,411 [ForkJoinPool-1-worker-1] INFO  rpc.RpcClient (RpcClient.java:createVolume(461)) - Creating Volume: db75f9f4-d5c7-4744-8576-931ed3651443, with runner as owner and space quota set to -1 bytes, counts quota set to -1
2025-10-17 11:02:52,413 [om1-OMStateMachineApplyTransactionThread - 0] INFO  volume.OMVolumeCreateRequest (OMVolumeCreateRequest.java:validateAndUpdateCache(213)) - created volume:db75f9f4-d5c7-4744-8576-931ed3651443 for user:runner
2025-10-17 11:02:52,413 | INFO  | OMAudit | user=runner | ip=127.0.0.1 | op=CREATE_VOLUME {"admin":"runner","owner":"runner","volume":"db75f9f4-d5c7-4744-8576-931ed3651443","creationTime":"1760698972412","modificationTime":"1760698972412","quotaInBytes":"-1","quotaInNamespace":"-1","usedNamespace":"0","objectID":"-9223372036854587648","updateID":"735","Transaction":"735"} | ret=SUCCESS |  
2025-10-17 11:02:52,414 | INFO  | OMAudit | user=runner | ip=127.0.0.1 | op=READ_VOLUME {"volume":"db75f9f4-d5c7-4744-8576-931ed3651443"} | ret=SUCCESS |  
2025-10-17 11:02:52,414 [ForkJoinPool-1-worker-1] INFO  rpc.RpcClient (RpcClient.java:createBucket(686)) - Creating Bucket: db75f9f4-d5c7-4744-8576-931ed3651443/a2fbbdc5-2b8b-4e31-a289-7f85b5009833, with bucket layout OBJECT_STORE, runner as owner, Versioning false, Storage Type set to DISK and Encryption set to false, Replication Type set to server-side default replication type, Namespace Quota set to -1, Space Quota set to -1 
2025-10-17 11:02:52,416 [om1-OMStateMachineApplyTransactionThread - 0] INFO  bucket.OMBucketCreateRequest (OMBucketCreateRequest.java:validateAndUpdateCache(303)) - created bucket: a2fbbdc5-2b8b-4e31-a289-7f85b5009833 of layout OBJECT_STORE in volume: db75f9f4-d5c7-4744-8576-931ed3651443
2025-10-17 11:02:52,416 | INFO  | OMAudit | user=runner | ip=127.0.0.1 | op=CREATE_BUCKET {"volume":"db75f9f4-d5c7-4744-8576-931ed3651443","bucket":"a2fbbdc5-2b8b-4e31-a289-7f85b5009833","bucketLayout":"OBJECT_STORE","gdprEnabled":null,"acls":"[user:runner:a[ACCESS], group:runner:rl[ACCESS]]","isVersionEnabled":"false","storageType":"DISK","creationTime":"1760698972415","bucketEncryptionKey":null,"modificationTime":"1760698972415","usedBytes":"0","usedNamespace":"0","snapshotUsedBytes":"0","snapshotUsedNamespace":"0","owner":"runner","replicationType":null,"replicationConfig":null,"quotaInBytes":"-1","quotaInNamespace":"-1","Transaction":"736"} | ret=SUCCESS |  
2025-10-17 11:02:52,416 | INFO  | OMAudit | user=runner | ip=127.0.0.1 | op=READ_BUCKET {"volume":"db75f9f4-d5c7-4744-8576-931ed3651443","bucket":"a2fbbdc5-2b8b-4e31-a289-7f85b5009833"} | ret=SUCCESS |  
2025-10-17 11:02:52,417 | INFO  | OMAudit | user=runner | ip=127.0.0.1 | op=READ_BUCKET {"volume":"db75f9f4-d5c7-4744-8576-931ed3651443","bucket":"a2fbbdc5-2b8b-4e31-a289-7f85b5009833"} | ret=SUCCESS |  
2025-10-17 11:02:52,418 | INFO  | SCMAudit | user=runner | ip=127.0.0.1 | op=ALLOCATE_BLOCK {"replication":"RATIS/ONE","owner":"omServiceIdDefault","size":"4194304","sampleBlocks":"[conID: 14 locID: 115816896921600206]","num":"1","client":"","allocated":"1"} | ret=SUCCESS |  
2025-10-17 11:02:52,420 | INFO  | OMAudit | user=runner | ip=127.0.0.1 | op=ALLOCATE_KEY {"volume":"db75f9f4-d5c7-4744-8576-931ed3651443","bucket":"a2fbbdc5-2b8b-4e31-a289-7f85b5009833","key":"3d7e82ef-2611-4186-8355-43f3fca17d7b","dataSize":"12","replicationType":"RATIS","replicationFactor":"ONE","Transaction":"737"} | ret=SUCCESS |  
2025-10-17 11:02:52,430 | INFO  | OMAudit | user=runner | ip=127.0.0.1 | op=COMMIT_KEY {"volume":"db75f9f4-d5c7-4744-8576-931ed3651443","bucket":"a2fbbdc5-2b8b-4e31-a289-7f85b5009833","key":"3d7e82ef-2611-4186-8355-43f3fca17d7b","dataSize":"12","replicationType":"RATIS","replicationFactor":"ONE","Transaction":"738"} | ret=SUCCESS |  
2025-10-17 11:02:52,432 | INFO  | OMAudit | user=runner | ip=127.0.0.1 | op=READ_KEY {"volume":"db75f9f4-d5c7-4744-8576-931ed3651443","bucket":"a2fbbdc5-2b8b-4e31-a289-7f85b5009833","key":"3d7e82ef-2611-4186-8355-43f3fca17d7b","owner":null,"dataSize":"0","replicationConfig":null} | ret=SUCCESS |  
2025-10-17 11:02:52,436 | INFO  | OMAudit | user=runner | ip=127.0.0.1 | op=GET_OBJECT_TAGGING {"volume":"db75f9f4-d5c7-4744-8576-931ed3651443","bucket":"a2fbbdc5-2b8b-4e31-a289-7f85b5009833","key":"3d7e82ef-2611-4186-8355-43f3fca17d7b","owner":null,"dataSize":"0","replicationConfig":null} | ret=SUCCESS |  
]]></system-out>
  </testcase>
  <testcase name="testGetObjectTagging(BucketLayout)[2]" classname="org.apache.hadoop.ozone.client.rpc.TestSecureOzoneRpcClient" time="0.017">
    <system-out><![CDATA[2025-10-17 11:02:52,438 [ForkJoinPool-1-worker-1] INFO  rpc.RpcClient (RpcClient.java:createVolume(461)) - Creating Volume: 776136d2-47a3-4a99-8064-70511ad11390, with runner as owner and space quota set to -1 bytes, counts quota set to -1
2025-10-17 11:02:52,440 [om1-OMStateMachineApplyTransactionThread - 0] INFO  volume.OMVolumeCreateRequest (OMVolumeCreateRequest.java:validateAndUpdateCache(213)) - created volume:776136d2-47a3-4a99-8064-70511ad11390 for user:runner
2025-10-17 11:02:52,440 | INFO  | OMAudit | user=runner | ip=127.0.0.1 | op=CREATE_VOLUME {"admin":"runner","owner":"runner","volume":"776136d2-47a3-4a99-8064-70511ad11390","creationTime":"1760698972439","modificationTime":"1760698972439","quotaInBytes":"-1","quotaInNamespace":"-1","usedNamespace":"0","objectID":"-9223372036854586624","updateID":"739","Transaction":"739"} | ret=SUCCESS |  
2025-10-17 11:02:52,441 | INFO  | OMAudit | user=runner | ip=127.0.0.1 | op=READ_VOLUME {"volume":"776136d2-47a3-4a99-8064-70511ad11390"} | ret=SUCCESS |  
2025-10-17 11:02:52,441 [ForkJoinPool-1-worker-1] INFO  rpc.RpcClient (RpcClient.java:createBucket(686)) - Creating Bucket: 776136d2-47a3-4a99-8064-70511ad11390/91517be5-6fed-421e-817b-0392b4118794, with bucket layout LEGACY, runner as owner, Versioning false, Storage Type set to DISK and Encryption set to false, Replication Type set to server-side default replication type, Namespace Quota set to -1, Space Quota set to -1 
2025-10-17 11:02:52,443 [om1-OMStateMachineApplyTransactionThread - 0] INFO  bucket.OMBucketCreateRequest (OMBucketCreateRequest.java:validateAndUpdateCache(303)) - created bucket: 91517be5-6fed-421e-817b-0392b4118794 of layout LEGACY in volume: 776136d2-47a3-4a99-8064-70511ad11390
2025-10-17 11:02:52,443 | INFO  | OMAudit | user=runner | ip=127.0.0.1 | op=CREATE_BUCKET {"volume":"776136d2-47a3-4a99-8064-70511ad11390","bucket":"91517be5-6fed-421e-817b-0392b4118794","bucketLayout":"LEGACY","gdprEnabled":null,"acls":"[user:runner:a[ACCESS], group:runner:rl[ACCESS]]","isVersionEnabled":"false","storageType":"DISK","creationTime":"1760698972442","bucketEncryptionKey":null,"modificationTime":"1760698972442","usedBytes":"0","usedNamespace":"0","snapshotUsedBytes":"0","snapshotUsedNamespace":"0","owner":"runner","replicationType":null,"replicationConfig":null,"quotaInBytes":"-1","quotaInNamespace":"-1","Transaction":"740"} | ret=SUCCESS |  
2025-10-17 11:02:52,444 | INFO  | OMAudit | user=runner | ip=127.0.0.1 | op=READ_BUCKET {"volume":"776136d2-47a3-4a99-8064-70511ad11390","bucket":"91517be5-6fed-421e-817b-0392b4118794"} | ret=SUCCESS |  
2025-10-17 11:02:52,445 | INFO  | OMAudit | user=runner | ip=127.0.0.1 | op=READ_BUCKET {"volume":"776136d2-47a3-4a99-8064-70511ad11390","bucket":"91517be5-6fed-421e-817b-0392b4118794"} | ret=SUCCESS |  
2025-10-17 11:02:52,446 | INFO  | SCMAudit | user=runner | ip=127.0.0.1 | op=ALLOCATE_BLOCK {"replication":"RATIS/ONE","owner":"omServiceIdDefault","size":"4194304","sampleBlocks":"[conID: 1 locID: 115816896921600207]","num":"1","client":"","allocated":"1"} | ret=SUCCESS |  
2025-10-17 11:02:52,447 | INFO  | OMAudit | user=runner | ip=127.0.0.1 | op=ALLOCATE_KEY {"volume":"776136d2-47a3-4a99-8064-70511ad11390","bucket":"91517be5-6fed-421e-817b-0392b4118794","key":"b7a2983f-a2ac-4d31-a771-0c08873d5f87","dataSize":"12","replicationType":"RATIS","replicationFactor":"ONE","Transaction":"741"} | ret=SUCCESS |  
2025-10-17 11:02:52,452 | INFO  | OMAudit | user=runner | ip=127.0.0.1 | op=COMMIT_KEY {"volume":"776136d2-47a3-4a99-8064-70511ad11390","bucket":"91517be5-6fed-421e-817b-0392b4118794","key":"b7a2983f-a2ac-4d31-a771-0c08873d5f87","dataSize":"12","replicationType":"RATIS","replicationFactor":"ONE","Transaction":"742"} | ret=SUCCESS |  
2025-10-17 11:02:52,453 | INFO  | OMAudit | user=runner | ip=127.0.0.1 | op=READ_KEY {"volume":"776136d2-47a3-4a99-8064-70511ad11390","bucket":"91517be5-6fed-421e-817b-0392b4118794","key":"b7a2983f-a2ac-4d31-a771-0c08873d5f87","owner":null,"dataSize":"0","replicationConfig":null} | ret=SUCCESS |  
2025-10-17 11:02:52,454 | INFO  | OMAudit | user=runner | ip=127.0.0.1 | op=GET_OBJECT_TAGGING {"volume":"776136d2-47a3-4a99-8064-70511ad11390","bucket":"91517be5-6fed-421e-817b-0392b4118794","key":"b7a2983f-a2ac-4d31-a771-0c08873d5f87","owner":null,"dataSize":"0","replicationConfig":null} | ret=SUCCESS |  
]]></system-out>
  </testcase>
  <testcase name="testGetObjectTagging(BucketLayout)[3]" classname="org.apache.hadoop.ozone.client.rpc.TestSecureOzoneRpcClient" time="0.019">
    <system-out><![CDATA[2025-10-17 11:02:52,456 [ForkJoinPool-1-worker-1] INFO  rpc.RpcClient (RpcClient.java:createVolume(461)) - Creating Volume: 4d15638d-5f65-4d1f-8d94-6cf99dedec89, with runner as owner and space quota set to -1 bytes, counts quota set to -1
2025-10-17 11:02:52,458 [om1-OMStateMachineApplyTransactionThread - 0] INFO  volume.OMVolumeCreateRequest (OMVolumeCreateRequest.java:validateAndUpdateCache(213)) - created volume:4d15638d-5f65-4d1f-8d94-6cf99dedec89 for user:runner
2025-10-17 11:02:52,458 | INFO  | OMAudit | user=runner | ip=127.0.0.1 | op=CREATE_VOLUME {"admin":"runner","owner":"runner","volume":"4d15638d-5f65-4d1f-8d94-6cf99dedec89","creationTime":"1760698972457","modificationTime":"1760698972457","quotaInBytes":"-1","quotaInNamespace":"-1","usedNamespace":"0","objectID":"-9223372036854585600","updateID":"743","Transaction":"743"} | ret=SUCCESS |  
2025-10-17 11:02:52,459 | INFO  | OMAudit | user=runner | ip=127.0.0.1 | op=READ_VOLUME {"volume":"4d15638d-5f65-4d1f-8d94-6cf99dedec89"} | ret=SUCCESS |  
2025-10-17 11:02:52,459 [ForkJoinPool-1-worker-1] INFO  rpc.RpcClient (RpcClient.java:createBucket(686)) - Creating Bucket: 4d15638d-5f65-4d1f-8d94-6cf99dedec89/9734b452-323d-460f-8a0e-94d8a14f1d9a, with bucket layout FILE_SYSTEM_OPTIMIZED, runner as owner, Versioning false, Storage Type set to DISK and Encryption set to false, Replication Type set to server-side default replication type, Namespace Quota set to -1, Space Quota set to -1 
2025-10-17 11:02:52,461 [om1-OMStateMachineApplyTransactionThread - 0] INFO  bucket.OMBucketCreateRequest (OMBucketCreateRequest.java:validateAndUpdateCache(303)) - created bucket: 9734b452-323d-460f-8a0e-94d8a14f1d9a of layout FILE_SYSTEM_OPTIMIZED in volume: 4d15638d-5f65-4d1f-8d94-6cf99dedec89
2025-10-17 11:02:52,461 | INFO  | OMAudit | user=runner | ip=127.0.0.1 | op=CREATE_BUCKET {"volume":"4d15638d-5f65-4d1f-8d94-6cf99dedec89","bucket":"9734b452-323d-460f-8a0e-94d8a14f1d9a","bucketLayout":"FILE_SYSTEM_OPTIMIZED","gdprEnabled":null,"acls":"[user:runner:a[ACCESS], group:runner:rl[ACCESS]]","isVersionEnabled":"false","storageType":"DISK","creationTime":"1760698972460","bucketEncryptionKey":null,"modificationTime":"1760698972460","usedBytes":"0","usedNamespace":"0","snapshotUsedBytes":"0","snapshotUsedNamespace":"0","owner":"runner","replicationType":null,"replicationConfig":null,"quotaInBytes":"-1","quotaInNamespace":"-1","Transaction":"744"} | ret=SUCCESS |  
2025-10-17 11:02:52,462 | INFO  | OMAudit | user=runner | ip=127.0.0.1 | op=READ_BUCKET {"volume":"4d15638d-5f65-4d1f-8d94-6cf99dedec89","bucket":"9734b452-323d-460f-8a0e-94d8a14f1d9a"} | ret=SUCCESS |  
2025-10-17 11:02:52,463 | INFO  | OMAudit | user=runner | ip=127.0.0.1 | op=READ_BUCKET {"volume":"4d15638d-5f65-4d1f-8d94-6cf99dedec89","bucket":"9734b452-323d-460f-8a0e-94d8a14f1d9a"} | ret=SUCCESS |  
2025-10-17 11:02:52,463 | INFO  | SCMAudit | user=runner | ip=127.0.0.1 | op=ALLOCATE_BLOCK {"replication":"RATIS/ONE","owner":"omServiceIdDefault","size":"4194304","sampleBlocks":"[conID: 3 locID: 115816896921600208]","num":"1","client":"","allocated":"1"} | ret=SUCCESS |  
2025-10-17 11:02:52,465 | INFO  | OMAudit | user=runner | ip=127.0.0.1 | op=ALLOCATE_KEY {"volume":"4d15638d-5f65-4d1f-8d94-6cf99dedec89","bucket":"9734b452-323d-460f-8a0e-94d8a14f1d9a","key":"66b5083e-4883-41be-9631-28ca3789c0e5","dataSize":"12","replicationType":"RATIS","replicationFactor":"ONE","Transaction":"745"} | ret=SUCCESS |  
2025-10-17 11:02:52,471 | INFO  | OMAudit | user=runner | ip=127.0.0.1 | op=COMMIT_KEY {"volume":"4d15638d-5f65-4d1f-8d94-6cf99dedec89","bucket":"9734b452-323d-460f-8a0e-94d8a14f1d9a","key":"66b5083e-4883-41be-9631-28ca3789c0e5","dataSize":"12","replicationType":"RATIS","replicationFactor":"ONE","Transaction":"746"} | ret=SUCCESS |  
2025-10-17 11:02:52,473 | INFO  | OMAudit | user=runner | ip=127.0.0.1 | op=READ_KEY {"volume":"4d15638d-5f65-4d1f-8d94-6cf99dedec89","bucket":"9734b452-323d-460f-8a0e-94d8a14f1d9a","key":"66b5083e-4883-41be-9631-28ca3789c0e5","owner":null,"dataSize":"0","replicationConfig":null} | ret=SUCCESS |  
2025-10-17 11:02:52,474 | INFO  | OMAudit | user=runner | ip=127.0.0.1 | op=GET_OBJECT_TAGGING {"volume":"4d15638d-5f65-4d1f-8d94-6cf99dedec89","bucket":"9734b452-323d-460f-8a0e-94d8a14f1d9a","key":"66b5083e-4883-41be-9631-28ca3789c0e5","owner":null,"dataSize":"0","replicationConfig":null} | ret=SUCCESS |  
]]></system-out>
  </testcase>
  <testcase name="testGetServerDefaults" classname="org.apache.hadoop.ozone.client.rpc.TestSecureOzoneRpcClient" time="0.003">
    <system-out><![CDATA[2025-10-17 11:02:52,477 | INFO  | OMAudit | user=runner | ip=127.0.0.1 | op=GET_SERVICE_LIST {} | ret=SUCCESS |  
]]></system-out>
  </testcase>
  <testcase name="testHeadObject" classname="org.apache.hadoop.ozone.client.rpc.TestSecureOzoneRpcClient" time="0.026">
    <system-out><![CDATA[2025-10-17 11:02:52,479 [ForkJoinPool-1-worker-1] INFO  rpc.RpcClient (RpcClient.java:createVolume(461)) - Creating Volume: 2ae2cc5f-a7b9-4531-96c9-ceadd98bced0, with runner as owner and space quota set to -1 bytes, counts quota set to -1
2025-10-17 11:02:52,480 [om1-OMStateMachineApplyTransactionThread - 0] INFO  volume.OMVolumeCreateRequest (OMVolumeCreateRequest.java:validateAndUpdateCache(213)) - created volume:2ae2cc5f-a7b9-4531-96c9-ceadd98bced0 for user:runner
2025-10-17 11:02:52,480 | INFO  | OMAudit | user=runner | ip=127.0.0.1 | op=CREATE_VOLUME {"admin":"runner","owner":"runner","volume":"2ae2cc5f-a7b9-4531-96c9-ceadd98bced0","creationTime":"1760698972480","modificationTime":"1760698972480","quotaInBytes":"-1","quotaInNamespace":"-1","usedNamespace":"0","objectID":"-9223372036854584576","updateID":"747","Transaction":"747"} | ret=SUCCESS |  
2025-10-17 11:02:52,482 | INFO  | OMAudit | user=runner | ip=127.0.0.1 | op=READ_VOLUME {"volume":"2ae2cc5f-a7b9-4531-96c9-ceadd98bced0"} | ret=SUCCESS |  
2025-10-17 11:02:52,482 [ForkJoinPool-1-worker-1] INFO  rpc.RpcClient (RpcClient.java:createBucket(686)) - Creating Bucket: 2ae2cc5f-a7b9-4531-96c9-ceadd98bced0/f1164224-fbe7-4068-8cf5-4605f46e038c, with server-side default bucket layout, runner as owner, Versioning false, Storage Type set to DISK and Encryption set to false, Replication Type set to server-side default replication type, Namespace Quota set to -1, Space Quota set to -1 
2025-10-17 11:02:52,483 [om1-OMStateMachineApplyTransactionThread - 0] INFO  bucket.OMBucketCreateRequest (OMBucketCreateRequest.java:validateAndUpdateCache(303)) - created bucket: f1164224-fbe7-4068-8cf5-4605f46e038c of layout FILE_SYSTEM_OPTIMIZED in volume: 2ae2cc5f-a7b9-4531-96c9-ceadd98bced0
2025-10-17 11:02:52,484 | INFO  | OMAudit | user=runner | ip=127.0.0.1 | op=CREATE_BUCKET {"volume":"2ae2cc5f-a7b9-4531-96c9-ceadd98bced0","bucket":"f1164224-fbe7-4068-8cf5-4605f46e038c","bucketLayout":"FILE_SYSTEM_OPTIMIZED","gdprEnabled":null,"acls":"[user:runner:a[ACCESS], group:runner:rl[ACCESS]]","isVersionEnabled":"false","storageType":"DISK","creationTime":"1760698972483","bucketEncryptionKey":null,"modificationTime":"1760698972483","usedBytes":"0","usedNamespace":"0","snapshotUsedBytes":"0","snapshotUsedNamespace":"0","owner":"runner","replicationType":null,"replicationConfig":null,"quotaInBytes":"-1","quotaInNamespace":"-1","Transaction":"748"} | ret=SUCCESS |  
2025-10-17 11:02:52,485 | INFO  | OMAudit | user=runner | ip=127.0.0.1 | op=READ_BUCKET {"volume":"2ae2cc5f-a7b9-4531-96c9-ceadd98bced0","bucket":"f1164224-fbe7-4068-8cf5-4605f46e038c"} | ret=SUCCESS |  
2025-10-17 11:02:52,486 | INFO  | OMAudit | user=runner | ip=127.0.0.1 | op=READ_BUCKET {"volume":"2ae2cc5f-a7b9-4531-96c9-ceadd98bced0","bucket":"f1164224-fbe7-4068-8cf5-4605f46e038c"} | ret=SUCCESS |  
2025-10-17 11:02:52,487 | INFO  | SCMAudit | user=runner | ip=127.0.0.1 | op=ALLOCATE_BLOCK {"replication":"RATIS/THREE","owner":"omServiceIdDefault","size":"4194304","sampleBlocks":"[conID: 22 locID: 115816896921600209]","num":"1","client":"","allocated":"1"} | ret=SUCCESS |  
2025-10-17 11:02:52,489 | INFO  | OMAudit | user=runner | ip=127.0.0.1 | op=ALLOCATE_KEY {"volume":"2ae2cc5f-a7b9-4531-96c9-ceadd98bced0","bucket":"f1164224-fbe7-4068-8cf5-4605f46e038c","key":"e5bece7f-6c7d-4426-8b63-8cda9366eb4f","dataSize":"12","replicationType":"RATIS","replicationFactor":"THREE","Transaction":"749"} | ret=SUCCESS |  
2025-10-17 11:02:52,501 | INFO  | OMAudit | user=runner | ip=127.0.0.1 | op=COMMIT_KEY {"volume":"2ae2cc5f-a7b9-4531-96c9-ceadd98bced0","bucket":"f1164224-fbe7-4068-8cf5-4605f46e038c","key":"e5bece7f-6c7d-4426-8b63-8cda9366eb4f","dataSize":"12","replicationType":"RATIS","replicationFactor":"THREE","Transaction":"750"} | ret=SUCCESS |  
2025-10-17 11:02:52,502 | INFO  | OMAudit | user=runner | ip=127.0.0.1 | op=READ_KEY {"volume":"2ae2cc5f-a7b9-4531-96c9-ceadd98bced0","bucket":"f1164224-fbe7-4068-8cf5-4605f46e038c","key":"e5bece7f-6c7d-4426-8b63-8cda9366eb4f","owner":null,"dataSize":"0","replicationConfig":null} | ret=SUCCESS |  
2025-10-17 11:02:52,503 | ERROR | OMAudit | user=runner | ip=127.0.0.1 | op=READ_KEY {"volume":"2ae2cc5f-a7b9-4531-96c9-ceadd98bced0","bucket":"f1164224-fbe7-4068-8cf5-4605f46e038c","key":"dc8e341f-4d07-4b95-a045-dcac6919e853","owner":null,"dataSize":"0","replicationConfig":null} | ret=FAILURE | 
org.apache.hadoop.ozone.om.exceptions.OMException: Key:dc8e341f-4d07-4b95-a045-dcac6919e853 not found
	at org.apache.hadoop.ozone.om.KeyManagerImpl.readKeyInfo(KeyManagerImpl.java:614)
	at org.apache.hadoop.ozone.om.KeyManagerImpl.lambda$22(KeyManagerImpl.java:2340)
 
]]></system-out>
  </testcase>
  <testcase name="testInitiateMultipartUpload(ReplicationConfig)[1]" classname="org.apache.hadoop.ozone.client.rpc.TestSecureOzoneRpcClient" time="0.013">
    <system-out><![CDATA[2025-10-17 11:02:52,508 [ForkJoinPool-1-worker-1] INFO  rpc.RpcClient (RpcClient.java:createVolume(461)) - Creating Volume: 96dd3c05-1e31-434b-bc86-6595c35e9c48, with runner as owner and space quota set to -1 bytes, counts quota set to -1
2025-10-17 11:02:52,510 [om1-OMStateMachineApplyTransactionThread - 0] INFO  volume.OMVolumeCreateRequest (OMVolumeCreateRequest.java:validateAndUpdateCache(213)) - created volume:96dd3c05-1e31-434b-bc86-6595c35e9c48 for user:runner
2025-10-17 11:02:52,510 | INFO  | OMAudit | user=runner | ip=127.0.0.1 | op=CREATE_VOLUME {"admin":"runner","owner":"runner","volume":"96dd3c05-1e31-434b-bc86-6595c35e9c48","creationTime":"1760698972508","modificationTime":"1760698972508","quotaInBytes":"-1","quotaInNamespace":"-1","usedNamespace":"0","objectID":"-9223372036854583552","updateID":"751","Transaction":"751"} | ret=SUCCESS |  
2025-10-17 11:02:52,511 | INFO  | OMAudit | user=runner | ip=127.0.0.1 | op=READ_VOLUME {"volume":"96dd3c05-1e31-434b-bc86-6595c35e9c48"} | ret=SUCCESS |  
2025-10-17 11:02:52,512 [ForkJoinPool-1-worker-1] INFO  rpc.RpcClient (RpcClient.java:createBucket(686)) - Creating Bucket: 96dd3c05-1e31-434b-bc86-6595c35e9c48/f9344036-9988-42d9-ae94-7b52471dec88, with server-side default bucket layout, runner as owner, Versioning false, Storage Type set to DISK and Encryption set to false, Replication Type set to server-side default replication type, Namespace Quota set to -1, Space Quota set to -1 
2025-10-17 11:02:52,513 [om1-OMStateMachineApplyTransactionThread - 0] INFO  bucket.OMBucketCreateRequest (OMBucketCreateRequest.java:validateAndUpdateCache(303)) - created bucket: f9344036-9988-42d9-ae94-7b52471dec88 of layout FILE_SYSTEM_OPTIMIZED in volume: 96dd3c05-1e31-434b-bc86-6595c35e9c48
2025-10-17 11:02:52,513 | INFO  | OMAudit | user=runner | ip=127.0.0.1 | op=CREATE_BUCKET {"volume":"96dd3c05-1e31-434b-bc86-6595c35e9c48","bucket":"f9344036-9988-42d9-ae94-7b52471dec88","bucketLayout":"FILE_SYSTEM_OPTIMIZED","gdprEnabled":null,"acls":"[user:runner:a[ACCESS], group:runner:rl[ACCESS]]","isVersionEnabled":"false","storageType":"DISK","creationTime":"1760698972512","bucketEncryptionKey":null,"modificationTime":"1760698972512","usedBytes":"0","usedNamespace":"0","snapshotUsedBytes":"0","snapshotUsedNamespace":"0","owner":"runner","replicationType":null,"replicationConfig":null,"quotaInBytes":"-1","quotaInNamespace":"-1","Transaction":"752"} | ret=SUCCESS |  
2025-10-17 11:02:52,514 | INFO  | OMAudit | user=runner | ip=127.0.0.1 | op=READ_BUCKET {"volume":"96dd3c05-1e31-434b-bc86-6595c35e9c48","bucket":"f9344036-9988-42d9-ae94-7b52471dec88"} | ret=SUCCESS |  
2025-10-17 11:02:52,517 | INFO  | OMAudit | user=runner | ip=127.0.0.1 | op=INITIATE_MULTIPART_UPLOAD {"volume":"96dd3c05-1e31-434b-bc86-6595c35e9c48","bucket":"f9344036-9988-42d9-ae94-7b52471dec88","key":"15ac8376-d527-47ed-94cb-661c22c38ec1","dataSize":"0","replicationType":"RATIS","replicationFactor":"ONE","uploadID":"0199f1d6-3963-7484-bb74-83825743493e-115389167862743216","Transaction":"753"} | ret=SUCCESS |  
2025-10-17 11:02:52,519 | INFO  | OMAudit | user=runner | ip=127.0.0.1 | op=INITIATE_MULTIPART_UPLOAD {"volume":"96dd3c05-1e31-434b-bc86-6595c35e9c48","bucket":"f9344036-9988-42d9-ae94-7b52471dec88","key":"15ac8376-d527-47ed-94cb-661c22c38ec1","dataSize":"0","replicationType":"RATIS","replicationFactor":"ONE","uploadID":"0199f1d6-3966-7ee9-b4eb-24c4c3895f86-115389167862939825","Transaction":"754"} | ret=SUCCESS |  
]]></system-out>
  </testcase>
  <testcase name="testInitiateMultipartUpload(ReplicationConfig)[2]" classname="org.apache.hadoop.ozone.client.rpc.TestSecureOzoneRpcClient" time="0.012">
    <system-out><![CDATA[2025-10-17 11:02:52,521 [ForkJoinPool-1-worker-1] INFO  rpc.RpcClient (RpcClient.java:createVolume(461)) - Creating Volume: 7f390a15-4cbb-4ba4-bb33-3eabe09019e3, with runner as owner and space quota set to -1 bytes, counts quota set to -1
2025-10-17 11:02:52,523 [om1-OMStateMachineApplyTransactionThread - 0] INFO  volume.OMVolumeCreateRequest (OMVolumeCreateRequest.java:validateAndUpdateCache(213)) - created volume:7f390a15-4cbb-4ba4-bb33-3eabe09019e3 for user:runner
2025-10-17 11:02:52,523 | INFO  | OMAudit | user=runner | ip=127.0.0.1 | op=CREATE_VOLUME {"admin":"runner","owner":"runner","volume":"7f390a15-4cbb-4ba4-bb33-3eabe09019e3","creationTime":"1760698972522","modificationTime":"1760698972522","quotaInBytes":"-1","quotaInNamespace":"-1","usedNamespace":"0","objectID":"-9223372036854582528","updateID":"755","Transaction":"755"} | ret=SUCCESS |  
2025-10-17 11:02:52,524 | INFO  | OMAudit | user=runner | ip=127.0.0.1 | op=READ_VOLUME {"volume":"7f390a15-4cbb-4ba4-bb33-3eabe09019e3"} | ret=SUCCESS |  
2025-10-17 11:02:52,524 [ForkJoinPool-1-worker-1] INFO  rpc.RpcClient (RpcClient.java:createBucket(686)) - Creating Bucket: 7f390a15-4cbb-4ba4-bb33-3eabe09019e3/2d672718-965a-4aef-8283-43bc7dd26f0c, with server-side default bucket layout, runner as owner, Versioning false, Storage Type set to DISK and Encryption set to false, Replication Type set to server-side default replication type, Namespace Quota set to -1, Space Quota set to -1 
2025-10-17 11:02:52,526 [om1-OMStateMachineApplyTransactionThread - 0] INFO  bucket.OMBucketCreateRequest (OMBucketCreateRequest.java:validateAndUpdateCache(303)) - created bucket: 2d672718-965a-4aef-8283-43bc7dd26f0c of layout FILE_SYSTEM_OPTIMIZED in volume: 7f390a15-4cbb-4ba4-bb33-3eabe09019e3
2025-10-17 11:02:52,526 | INFO  | OMAudit | user=runner | ip=127.0.0.1 | op=CREATE_BUCKET {"volume":"7f390a15-4cbb-4ba4-bb33-3eabe09019e3","bucket":"2d672718-965a-4aef-8283-43bc7dd26f0c","bucketLayout":"FILE_SYSTEM_OPTIMIZED","gdprEnabled":null,"acls":"[user:runner:a[ACCESS], group:runner:rl[ACCESS]]","isVersionEnabled":"false","storageType":"DISK","creationTime":"1760698972525","bucketEncryptionKey":null,"modificationTime":"1760698972525","usedBytes":"0","usedNamespace":"0","snapshotUsedBytes":"0","snapshotUsedNamespace":"0","owner":"runner","replicationType":null,"replicationConfig":null,"quotaInBytes":"-1","quotaInNamespace":"-1","Transaction":"756"} | ret=SUCCESS |  
2025-10-17 11:02:52,527 | INFO  | OMAudit | user=runner | ip=127.0.0.1 | op=READ_BUCKET {"volume":"7f390a15-4cbb-4ba4-bb33-3eabe09019e3","bucket":"2d672718-965a-4aef-8283-43bc7dd26f0c"} | ret=SUCCESS |  
2025-10-17 11:02:52,529 | INFO  | OMAudit | user=runner | ip=127.0.0.1 | op=INITIATE_MULTIPART_UPLOAD {"volume":"7f390a15-4cbb-4ba4-bb33-3eabe09019e3","bucket":"2d672718-965a-4aef-8283-43bc7dd26f0c","key":"662c3b6f-9c14-47f9-9b91-2dd9ef6956f1","dataSize":"0","replicationType":"RATIS","replicationFactor":"THREE","uploadID":"0199f1d6-3970-78dd-aadd-48eb52f31667-115389167863595186","Transaction":"757"} | ret=SUCCESS |  
2025-10-17 11:02:52,532 | INFO  | OMAudit | user=runner | ip=127.0.0.1 | op=INITIATE_MULTIPART_UPLOAD {"volume":"7f390a15-4cbb-4ba4-bb33-3eabe09019e3","bucket":"2d672718-965a-4aef-8283-43bc7dd26f0c","key":"662c3b6f-9c14-47f9-9b91-2dd9ef6956f1","dataSize":"0","replicationType":"RATIS","replicationFactor":"THREE","uploadID":"0199f1d6-3973-7121-abc2-a36313b36c0d-115389167863791795","Transaction":"758"} | ret=SUCCESS |  
]]></system-out>
  </testcase>
  <testcase name="testInitiateMultipartUpload(ReplicationConfig)[3]" classname="org.apache.hadoop.ozone.client.rpc.TestSecureOzoneRpcClient" time="0.012">
    <system-out><![CDATA[2025-10-17 11:02:52,534 [ForkJoinPool-1-worker-1] INFO  rpc.RpcClient (RpcClient.java:createVolume(461)) - Creating Volume: 711eab3b-d244-494d-9874-962dc0f772ff, with runner as owner and space quota set to -1 bytes, counts quota set to -1
2025-10-17 11:02:52,535 [om1-OMStateMachineApplyTransactionThread - 0] INFO  volume.OMVolumeCreateRequest (OMVolumeCreateRequest.java:validateAndUpdateCache(213)) - created volume:711eab3b-d244-494d-9874-962dc0f772ff for user:runner
2025-10-17 11:02:52,535 | INFO  | OMAudit | user=runner | ip=127.0.0.1 | op=CREATE_VOLUME {"admin":"runner","owner":"runner","volume":"711eab3b-d244-494d-9874-962dc0f772ff","creationTime":"1760698972534","modificationTime":"1760698972534","quotaInBytes":"-1","quotaInNamespace":"-1","usedNamespace":"0","objectID":"-9223372036854581504","updateID":"759","Transaction":"759"} | ret=SUCCESS |  
2025-10-17 11:02:52,537 | INFO  | OMAudit | user=runner | ip=127.0.0.1 | op=READ_VOLUME {"volume":"711eab3b-d244-494d-9874-962dc0f772ff"} | ret=SUCCESS |  
2025-10-17 11:02:52,537 [ForkJoinPool-1-worker-1] INFO  rpc.RpcClient (RpcClient.java:createBucket(686)) - Creating Bucket: 711eab3b-d244-494d-9874-962dc0f772ff/d006735c-c190-450e-be19-5f616425b935, with server-side default bucket layout, runner as owner, Versioning false, Storage Type set to DISK and Encryption set to false, Replication Type set to server-side default replication type, Namespace Quota set to -1, Space Quota set to -1 
2025-10-17 11:02:52,539 [om1-OMStateMachineApplyTransactionThread - 0] INFO  bucket.OMBucketCreateRequest (OMBucketCreateRequest.java:validateAndUpdateCache(303)) - created bucket: d006735c-c190-450e-be19-5f616425b935 of layout FILE_SYSTEM_OPTIMIZED in volume: 711eab3b-d244-494d-9874-962dc0f772ff
2025-10-17 11:02:52,539 | INFO  | OMAudit | user=runner | ip=127.0.0.1 | op=CREATE_BUCKET {"volume":"711eab3b-d244-494d-9874-962dc0f772ff","bucket":"d006735c-c190-450e-be19-5f616425b935","bucketLayout":"FILE_SYSTEM_OPTIMIZED","gdprEnabled":null,"acls":"[user:runner:a[ACCESS], group:runner:rl[ACCESS]]","isVersionEnabled":"false","storageType":"DISK","creationTime":"1760698972538","bucketEncryptionKey":null,"modificationTime":"1760698972538","usedBytes":"0","usedNamespace":"0","snapshotUsedBytes":"0","snapshotUsedNamespace":"0","owner":"runner","replicationType":null,"replicationConfig":null,"quotaInBytes":"-1","quotaInNamespace":"-1","Transaction":"760"} | ret=SUCCESS |  
2025-10-17 11:02:52,540 | INFO  | OMAudit | user=runner | ip=127.0.0.1 | op=READ_BUCKET {"volume":"711eab3b-d244-494d-9874-962dc0f772ff","bucket":"d006735c-c190-450e-be19-5f616425b935"} | ret=SUCCESS |  
2025-10-17 11:02:52,542 | INFO  | OMAudit | user=runner | ip=127.0.0.1 | op=INITIATE_MULTIPART_UPLOAD {"volume":"711eab3b-d244-494d-9874-962dc0f772ff","bucket":"d006735c-c190-450e-be19-5f616425b935","key":"234dc8fe-2d00-4218-a20f-babf4b269641","dataSize":"0","replicationType":"EC","replicationConfig":"rs-3-2-1048576","uploadID":"0199f1d6-397d-7044-9bb0-ef5726b0c6b2-115389167864447156","Transaction":"761"} | ret=SUCCESS |  
2025-10-17 11:02:52,544 | INFO  | OMAudit | user=runner | ip=127.0.0.1 | op=INITIATE_MULTIPART_UPLOAD {"volume":"711eab3b-d244-494d-9874-962dc0f772ff","bucket":"d006735c-c190-450e-be19-5f616425b935","key":"234dc8fe-2d00-4218-a20f-babf4b269641","dataSize":"0","replicationType":"EC","replicationConfig":"rs-3-2-1048576","uploadID":"0199f1d6-397f-70c0-a103-1634c50466e0-115389167864578229","Transaction":"762"} | ret=SUCCESS |  
]]></system-out>
  </testcase>
  <testcase name="testInitiateMultipartUploadWithDefaultReplication" classname="org.apache.hadoop.ozone.client.rpc.TestSecureOzoneRpcClient" time="0.011">
    <system-out><![CDATA[2025-10-17 11:02:52,547 [ForkJoinPool-1-worker-1] INFO  rpc.RpcClient (RpcClient.java:createVolume(461)) - Creating Volume: caabb614-3e5a-410d-846a-877119838156, with runner as owner and space quota set to -1 bytes, counts quota set to -1
2025-10-17 11:02:52,548 [om1-OMStateMachineApplyTransactionThread - 0] INFO  volume.OMVolumeCreateRequest (OMVolumeCreateRequest.java:validateAndUpdateCache(213)) - created volume:caabb614-3e5a-410d-846a-877119838156 for user:runner
2025-10-17 11:02:52,548 | INFO  | OMAudit | user=runner | ip=127.0.0.1 | op=CREATE_VOLUME {"admin":"runner","owner":"runner","volume":"caabb614-3e5a-410d-846a-877119838156","creationTime":"1760698972547","modificationTime":"1760698972547","quotaInBytes":"-1","quotaInNamespace":"-1","usedNamespace":"0","objectID":"-9223372036854580480","updateID":"763","Transaction":"763"} | ret=SUCCESS |  
2025-10-17 11:02:52,549 | INFO  | OMAudit | user=runner | ip=127.0.0.1 | op=READ_VOLUME {"volume":"caabb614-3e5a-410d-846a-877119838156"} | ret=SUCCESS |  
2025-10-17 11:02:52,550 [ForkJoinPool-1-worker-1] INFO  rpc.RpcClient (RpcClient.java:createBucket(686)) - Creating Bucket: caabb614-3e5a-410d-846a-877119838156/6ae0e39f-44b4-4564-8573-e8ab3e17ad31, with server-side default bucket layout, runner as owner, Versioning false, Storage Type set to DISK and Encryption set to false, Replication Type set to server-side default replication type, Namespace Quota set to -1, Space Quota set to -1 
2025-10-17 11:02:52,551 [om1-OMStateMachineApplyTransactionThread - 0] INFO  bucket.OMBucketCreateRequest (OMBucketCreateRequest.java:validateAndUpdateCache(303)) - created bucket: 6ae0e39f-44b4-4564-8573-e8ab3e17ad31 of layout FILE_SYSTEM_OPTIMIZED in volume: caabb614-3e5a-410d-846a-877119838156
2025-10-17 11:02:52,551 | INFO  | OMAudit | user=runner | ip=127.0.0.1 | op=CREATE_BUCKET {"volume":"caabb614-3e5a-410d-846a-877119838156","bucket":"6ae0e39f-44b4-4564-8573-e8ab3e17ad31","bucketLayout":"FILE_SYSTEM_OPTIMIZED","gdprEnabled":null,"acls":"[user:runner:a[ACCESS], group:runner:rl[ACCESS]]","isVersionEnabled":"false","storageType":"DISK","creationTime":"1760698972550","bucketEncryptionKey":null,"modificationTime":"1760698972550","usedBytes":"0","usedNamespace":"0","snapshotUsedBytes":"0","snapshotUsedNamespace":"0","owner":"runner","replicationType":null,"replicationConfig":null,"quotaInBytes":"-1","quotaInNamespace":"-1","Transaction":"764"} | ret=SUCCESS |  
2025-10-17 11:02:52,552 | INFO  | OMAudit | user=runner | ip=127.0.0.1 | op=READ_BUCKET {"volume":"caabb614-3e5a-410d-846a-877119838156","bucket":"6ae0e39f-44b4-4564-8573-e8ab3e17ad31"} | ret=SUCCESS |  
2025-10-17 11:02:52,554 | INFO  | OMAudit | user=runner | ip=127.0.0.1 | op=INITIATE_MULTIPART_UPLOAD {"volume":"caabb614-3e5a-410d-846a-877119838156","bucket":"6ae0e39f-44b4-4564-8573-e8ab3e17ad31","key":"a6d78664-4189-4e21-adfd-14db17cdb415","dataSize":"0","uploadID":"0199f1d6-3989-7b83-994f-fb567d810d7b-115389167865233590","Transaction":"765"} | ret=SUCCESS |  
2025-10-17 11:02:52,556 | INFO  | OMAudit | user=runner | ip=127.0.0.1 | op=INITIATE_MULTIPART_UPLOAD {"volume":"caabb614-3e5a-410d-846a-877119838156","bucket":"6ae0e39f-44b4-4564-8573-e8ab3e17ad31","key":"a6d78664-4189-4e21-adfd-14db17cdb415","dataSize":"0","uploadID":"0199f1d6-398b-71ba-8348-e8dfa34aa617-115389167865364663","Transaction":"766"} | ret=SUCCESS |  
]]></system-out>
  </testcase>
  <testcase name="testInvalidBucketCreation" classname="org.apache.hadoop.ozone.client.rpc.TestSecureOzoneRpcClient" time="0.005">
    <system-out><![CDATA[2025-10-17 11:02:52,558 [ForkJoinPool-1-worker-1] INFO  rpc.RpcClient (RpcClient.java:createVolume(461)) - Creating Volume: 62d299b8-175e-4ead-b1e6-56f69a8e375d, with runner as owner and space quota set to -1 bytes, counts quota set to -1
2025-10-17 11:02:52,559 [om1-OMStateMachineApplyTransactionThread - 0] INFO  volume.OMVolumeCreateRequest (OMVolumeCreateRequest.java:validateAndUpdateCache(213)) - created volume:62d299b8-175e-4ead-b1e6-56f69a8e375d for user:runner
2025-10-17 11:02:52,559 | INFO  | OMAudit | user=runner | ip=127.0.0.1 | op=CREATE_VOLUME {"admin":"runner","owner":"runner","volume":"62d299b8-175e-4ead-b1e6-56f69a8e375d","creationTime":"1760698972558","modificationTime":"1760698972558","quotaInBytes":"-1","quotaInNamespace":"-1","usedNamespace":"0","objectID":"-9223372036854579456","updateID":"767","Transaction":"767"} | ret=SUCCESS |  
2025-10-17 11:02:52,560 | INFO  | OMAudit | user=runner | ip=127.0.0.1 | op=READ_VOLUME {"volume":"62d299b8-175e-4ead-b1e6-56f69a8e375d"} | ret=SUCCESS |  
]]></system-out>
  </testcase>
  <testcase name="testKeyOwner" classname="org.apache.hadoop.ozone.client.rpc.TestSecureOzoneRpcClient" time="0.118">
    <system-out><![CDATA[2025-10-17 11:02:52,599 [ForkJoinPool-1-worker-1] INFO  rpc.RpcClient (RpcClient.java:createVolume(461)) - Creating Volume: 374f02bd-9c29-4c64-84b1-7c91878494a9, with runner as owner and space quota set to -1 bytes, counts quota set to -1
2025-10-17 11:02:52,601 [om1-OMStateMachineApplyTransactionThread - 0] INFO  volume.OMVolumeCreateRequest (OMVolumeCreateRequest.java:validateAndUpdateCache(213)) - created volume:374f02bd-9c29-4c64-84b1-7c91878494a9 for user:runner
2025-10-17 11:02:52,601 | INFO  | OMAudit | user=runner | ip=127.0.0.1 | op=CREATE_VOLUME {"admin":"runner","owner":"runner","volume":"374f02bd-9c29-4c64-84b1-7c91878494a9","creationTime":"1760698972600","modificationTime":"1760698972600","quotaInBytes":"-1","quotaInNamespace":"-1","usedNamespace":"0","objectID":"-9223372036854579200","updateID":"768","Transaction":"768"} | ret=SUCCESS |  
2025-10-17 11:02:52,603 | INFO  | OMAudit | user=runner | ip=127.0.0.1 | op=READ_VOLUME {"volume":"374f02bd-9c29-4c64-84b1-7c91878494a9"} | ret=SUCCESS |  
2025-10-17 11:02:52,603 [ForkJoinPool-1-worker-1] INFO  rpc.RpcClient (RpcClient.java:createBucket(686)) - Creating Bucket: 374f02bd-9c29-4c64-84b1-7c91878494a9/c3309dfd-4cc9-44e5-8002-06ec1724ac46, with server-side default bucket layout, runner as owner, Versioning false, Storage Type set to DISK and Encryption set to false, Replication Type set to server-side default replication type, Namespace Quota set to -1, Space Quota set to -1 
2025-10-17 11:02:52,605 [om1-OMStateMachineApplyTransactionThread - 0] INFO  bucket.OMBucketCreateRequest (OMBucketCreateRequest.java:validateAndUpdateCache(303)) - created bucket: c3309dfd-4cc9-44e5-8002-06ec1724ac46 of layout FILE_SYSTEM_OPTIMIZED in volume: 374f02bd-9c29-4c64-84b1-7c91878494a9
2025-10-17 11:02:52,605 | INFO  | OMAudit | user=runner | ip=127.0.0.1 | op=CREATE_BUCKET {"volume":"374f02bd-9c29-4c64-84b1-7c91878494a9","bucket":"c3309dfd-4cc9-44e5-8002-06ec1724ac46","bucketLayout":"FILE_SYSTEM_OPTIMIZED","gdprEnabled":null,"acls":"[user:runner:a[ACCESS], group:runner:rl[ACCESS]]","isVersionEnabled":"false","storageType":"DISK","creationTime":"1760698972604","bucketEncryptionKey":null,"modificationTime":"1760698972604","usedBytes":"0","usedNamespace":"0","snapshotUsedBytes":"0","snapshotUsedNamespace":"0","owner":"runner","replicationType":null,"replicationConfig":null,"quotaInBytes":"-1","quotaInNamespace":"-1","Transaction":"769"} | ret=SUCCESS |  
2025-10-17 11:02:52,610 | INFO  | OMAudit | user=runner | ip=127.0.0.1 | op=ADD_ACL {"resourceType":"volume","storageType":"ozone","volume":"374f02bd-9c29-4c64-84b1-7c91878494a9","bucket":null,"key":null,"acl":"[user:user1:a[ACCESS]]","Transaction":"770"} | ret=SUCCESS |  
2025-10-17 11:02:52,612 | INFO  | OMAudit | user=runner | ip=127.0.0.1 | op=ADD_ACL {"resourceType":"volume","storageType":"ozone","volume":"374f02bd-9c29-4c64-84b1-7c91878494a9","bucket":null,"key":null,"acl":"[user:user2:a[ACCESS]]","Transaction":"771"} | ret=SUCCESS |  
2025-10-17 11:02:52,615 | INFO  | OMAudit | user=runner | ip=127.0.0.1 | op=ADD_ACL {"resourceType":"bucket","storageType":"ozone","volume":"374f02bd-9c29-4c64-84b1-7c91878494a9","bucket":"c3309dfd-4cc9-44e5-8002-06ec1724ac46","key":null,"acl":"[user:user1:a[ACCESS]]","Transaction":"772"} | ret=SUCCESS |  
2025-10-17 11:02:52,617 | INFO  | OMAudit | user=runner | ip=127.0.0.1 | op=ADD_ACL {"resourceType":"bucket","storageType":"ozone","volume":"374f02bd-9c29-4c64-84b1-7c91878494a9","bucket":"c3309dfd-4cc9-44e5-8002-06ec1724ac46","key":null,"acl":"[user:user2:a[ACCESS]]","Transaction":"773"} | ret=SUCCESS |  
2025-10-17 11:02:52,620 | INFO  | OMAudit | user=user1 | ip=127.0.0.1 | op=GET_SERVICE_LIST {} | ret=SUCCESS |  
2025-10-17 11:02:52,623 | INFO  | OMAudit | user=user1 | ip=127.0.0.1 | op=READ_VOLUME {"volume":"374f02bd-9c29-4c64-84b1-7c91878494a9"} | ret=SUCCESS |  
2025-10-17 11:02:52,624 | INFO  | OMAudit | user=user1 | ip=127.0.0.1 | op=READ_BUCKET {"volume":"374f02bd-9c29-4c64-84b1-7c91878494a9","bucket":"c3309dfd-4cc9-44e5-8002-06ec1724ac46"} | ret=SUCCESS |  
2025-10-17 11:02:52,625 | INFO  | OMAudit | user=user1 | ip=127.0.0.1 | op=READ_BUCKET {"volume":"374f02bd-9c29-4c64-84b1-7c91878494a9","bucket":"c3309dfd-4cc9-44e5-8002-06ec1724ac46"} | ret=SUCCESS |  
2025-10-17 11:02:52,626 | INFO  | SCMAudit | user=runner | ip=127.0.0.1 | op=ALLOCATE_BLOCK {"replication":"RATIS/ONE","owner":"omServiceIdDefault","size":"4194304","sampleBlocks":"[conID: 11 locID: 115816896921600210]","num":"1","client":"","allocated":"1"} | ret=SUCCESS |  
2025-10-17 11:02:52,629 | INFO  | OMAudit | user=user1 | ip=127.0.0.1 | op=ALLOCATE_KEY {"volume":"374f02bd-9c29-4c64-84b1-7c91878494a9","bucket":"c3309dfd-4cc9-44e5-8002-06ec1724ac46","key":"key1","dataSize":"10","replicationType":"RATIS","replicationFactor":"ONE","Transaction":"774"} | ret=SUCCESS |  
2025-10-17 11:02:52,640 | INFO  | OMAudit | user=user1 | ip=127.0.0.1 | op=COMMIT_KEY {"volume":"374f02bd-9c29-4c64-84b1-7c91878494a9","bucket":"c3309dfd-4cc9-44e5-8002-06ec1724ac46","key":"key1","dataSize":"10","replicationType":"RATIS","replicationFactor":"ONE","Transaction":"775"} | ret=SUCCESS |  
2025-10-17 11:02:52,642 | INFO  | OMAudit | user=user1 | ip=127.0.0.1 | op=READ_KEY {"volume":"374f02bd-9c29-4c64-84b1-7c91878494a9","bucket":"c3309dfd-4cc9-44e5-8002-06ec1724ac46","key":"key1","owner":null,"dataSize":"0","replicationConfig":null} | ret=SUCCESS |  
2025-10-17 11:02:52,645 | INFO  | OMAudit | user=user2 | ip=127.0.0.1 | op=GET_SERVICE_LIST {} | ret=SUCCESS |  
2025-10-17 11:02:52,647 | INFO  | OMAudit | user=user2 | ip=127.0.0.1 | op=READ_VOLUME {"volume":"374f02bd-9c29-4c64-84b1-7c91878494a9"} | ret=SUCCESS |  
2025-10-17 11:02:52,648 | INFO  | OMAudit | user=user2 | ip=127.0.0.1 | op=READ_BUCKET {"volume":"374f02bd-9c29-4c64-84b1-7c91878494a9","bucket":"c3309dfd-4cc9-44e5-8002-06ec1724ac46"} | ret=SUCCESS |  
2025-10-17 11:02:52,649 | INFO  | OMAudit | user=user2 | ip=127.0.0.1 | op=READ_BUCKET {"volume":"374f02bd-9c29-4c64-84b1-7c91878494a9","bucket":"c3309dfd-4cc9-44e5-8002-06ec1724ac46"} | ret=SUCCESS |  
2025-10-17 11:02:52,650 | INFO  | SCMAudit | user=runner | ip=127.0.0.1 | op=ALLOCATE_BLOCK {"replication":"RATIS/ONE","owner":"omServiceIdDefault","size":"4194304","sampleBlocks":"[conID: 8 locID: 115816896921600211]","num":"1","client":"","allocated":"1"} | ret=SUCCESS |  
2025-10-17 11:02:52,652 | INFO  | OMAudit | user=user2 | ip=127.0.0.1 | op=ALLOCATE_KEY {"volume":"374f02bd-9c29-4c64-84b1-7c91878494a9","bucket":"c3309dfd-4cc9-44e5-8002-06ec1724ac46","key":"key2","dataSize":"10","replicationType":"RATIS","replicationFactor":"ONE","Transaction":"776"} | ret=SUCCESS |  
2025-10-17 11:02:52,663 | INFO  | OMAudit | user=user2 | ip=127.0.0.1 | op=COMMIT_KEY {"volume":"374f02bd-9c29-4c64-84b1-7c91878494a9","bucket":"c3309dfd-4cc9-44e5-8002-06ec1724ac46","key":"key2","dataSize":"10","replicationType":"RATIS","replicationFactor":"ONE","Transaction":"777"} | ret=SUCCESS |  
2025-10-17 11:02:52,666 | INFO  | OMAudit | user=user2 | ip=127.0.0.1 | op=READ_KEY {"volume":"374f02bd-9c29-4c64-84b1-7c91878494a9","bucket":"c3309dfd-4cc9-44e5-8002-06ec1724ac46","key":"key2","owner":null,"dataSize":"0","replicationConfig":null} | ret=SUCCESS |  
2025-10-17 11:02:52,669 | INFO  | OMAudit | user=runner | ip=127.0.0.1 | op=GET_SERVICE_LIST {} | ret=SUCCESS |  
2025-10-17 11:02:52,670 | INFO  | OMAudit | user=runner | ip=127.0.0.1 | op=READ_VOLUME {"volume":"374f02bd-9c29-4c64-84b1-7c91878494a9"} | ret=SUCCESS |  
2025-10-17 11:02:52,671 | INFO  | OMAudit | user=runner | ip=127.0.0.1 | op=READ_BUCKET {"volume":"374f02bd-9c29-4c64-84b1-7c91878494a9","bucket":"c3309dfd-4cc9-44e5-8002-06ec1724ac46"} | ret=SUCCESS |  
2025-10-17 11:02:52,673 | INFO  | OMAudit | user=runner | ip=127.0.0.1 | op=READ_KEY {"volume":"374f02bd-9c29-4c64-84b1-7c91878494a9","bucket":"c3309dfd-4cc9-44e5-8002-06ec1724ac46","key":"key1","owner":null,"dataSize":"0","replicationConfig":null} | ret=SUCCESS |  
2025-10-17 11:02:52,674 | INFO  | OMAudit | user=runner | ip=127.0.0.1 | op=READ_KEY {"volume":"374f02bd-9c29-4c64-84b1-7c91878494a9","bucket":"c3309dfd-4cc9-44e5-8002-06ec1724ac46","key":"key2","owner":null,"dataSize":"0","replicationConfig":null} | ret=SUCCESS |  
2025-10-17 11:02:52,675 | INFO  | OMAudit | user=runner | ip=127.0.0.1 | op=READ_KEY {"volume":"374f02bd-9c29-4c64-84b1-7c91878494a9","bucket":"c3309dfd-4cc9-44e5-8002-06ec1724ac46","key":"key1","owner":null,"dataSize":"0","replicationConfig":null} | ret=SUCCESS |  
2025-10-17 11:02:52,676 | INFO  | OMAudit | user=runner | ip=127.0.0.1 | op=READ_KEY {"volume":"374f02bd-9c29-4c64-84b1-7c91878494a9","bucket":"c3309dfd-4cc9-44e5-8002-06ec1724ac46","key":"key2","owner":null,"dataSize":"0","replicationConfig":null} | ret=SUCCESS |  
2025-10-17 11:02:52,679 | INFO  | OMAudit | user=runner | ip=127.0.0.1 | op=GET_SERVICE_LIST {} | ret=SUCCESS |  
]]></system-out>
  </testcase>
  <testcase name="testKeyReadWriteForGDPR" classname="org.apache.hadoop.ozone.client.rpc.TestSecureOzoneRpcClient" time="0.037">
    <system-out><![CDATA[2025-10-17 11:02:52,681 [ForkJoinPool-1-worker-1] INFO  rpc.RpcClient (RpcClient.java:createVolume(461)) - Creating Volume: 09b657c6-1cd3-4899-9016-d099039d52ba, with runner as owner and space quota set to -1 bytes, counts quota set to -1
2025-10-17 11:02:52,682 [om1-OMStateMachineApplyTransactionThread - 0] INFO  volume.OMVolumeCreateRequest (OMVolumeCreateRequest.java:validateAndUpdateCache(213)) - created volume:09b657c6-1cd3-4899-9016-d099039d52ba for user:runner
2025-10-17 11:02:52,682 | INFO  | OMAudit | user=runner | ip=127.0.0.1 | op=CREATE_VOLUME {"admin":"runner","owner":"runner","volume":"09b657c6-1cd3-4899-9016-d099039d52ba","creationTime":"1760698972681","modificationTime":"1760698972681","quotaInBytes":"-1","quotaInNamespace":"-1","usedNamespace":"0","objectID":"-9223372036854576640","updateID":"778","Transaction":"778"} | ret=SUCCESS |  
2025-10-17 11:02:52,684 | INFO  | OMAudit | user=runner | ip=127.0.0.1 | op=READ_VOLUME {"volume":"09b657c6-1cd3-4899-9016-d099039d52ba"} | ret=SUCCESS |  
2025-10-17 11:02:52,684 [ForkJoinPool-1-worker-1] INFO  rpc.RpcClient (RpcClient.java:createBucket(686)) - Creating Bucket: 09b657c6-1cd3-4899-9016-d099039d52ba/a7f36999-fdf2-4403-aed9-7c5aa07c8691, with bucket layout OBJECT_STORE, runner as owner, Versioning false, Storage Type set to DISK and Encryption set to false, Replication Type set to server-side default replication type, Namespace Quota set to -1, Space Quota set to -1 
2025-10-17 11:02:52,686 [om1-OMStateMachineApplyTransactionThread - 0] INFO  bucket.OMBucketCreateRequest (OMBucketCreateRequest.java:validateAndUpdateCache(303)) - created bucket: a7f36999-fdf2-4403-aed9-7c5aa07c8691 of layout OBJECT_STORE in volume: 09b657c6-1cd3-4899-9016-d099039d52ba
2025-10-17 11:02:52,686 | INFO  | OMAudit | user=runner | ip=127.0.0.1 | op=CREATE_BUCKET {"volume":"09b657c6-1cd3-4899-9016-d099039d52ba","bucket":"a7f36999-fdf2-4403-aed9-7c5aa07c8691","bucketLayout":"OBJECT_STORE","gdprEnabled":"true","acls":"[user:runner:a[ACCESS], group:runner:rl[ACCESS]]","isVersionEnabled":"false","storageType":"DISK","creationTime":"1760698972685","bucketEncryptionKey":null,"modificationTime":"1760698972685","usedBytes":"0","usedNamespace":"0","snapshotUsedBytes":"0","snapshotUsedNamespace":"0","owner":"runner","replicationType":null,"replicationConfig":null,"quotaInBytes":"-1","quotaInNamespace":"-1","Transaction":"779"} | ret=SUCCESS |  
2025-10-17 11:02:52,687 | INFO  | OMAudit | user=runner | ip=127.0.0.1 | op=READ_BUCKET {"volume":"09b657c6-1cd3-4899-9016-d099039d52ba","bucket":"a7f36999-fdf2-4403-aed9-7c5aa07c8691"} | ret=SUCCESS |  
2025-10-17 11:02:52,688 | INFO  | OMAudit | user=runner | ip=127.0.0.1 | op=READ_BUCKET {"volume":"09b657c6-1cd3-4899-9016-d099039d52ba","bucket":"a7f36999-fdf2-4403-aed9-7c5aa07c8691"} | ret=SUCCESS |  
2025-10-17 11:02:52,689 | INFO  | SCMAudit | user=runner | ip=127.0.0.1 | op=ALLOCATE_BLOCK {"replication":"RATIS/ONE","owner":"omServiceIdDefault","size":"4194304","sampleBlocks":"[conID: 4 locID: 115816896921600212]","num":"1","client":"","allocated":"1"} | ret=SUCCESS |  
2025-10-17 11:02:52,691 | INFO  | OMAudit | user=runner | ip=127.0.0.1 | op=ALLOCATE_KEY {"volume":"09b657c6-1cd3-4899-9016-d099039d52ba","bucket":"a7f36999-fdf2-4403-aed9-7c5aa07c8691","key":"12ad5c52-28c7-4d26-b722-684e5d804c12","dataSize":"11","replicationType":"RATIS","replicationFactor":"ONE","Transaction":"780"} | ret=SUCCESS |  
2025-10-17 11:02:52,701 | INFO  | OMAudit | user=runner | ip=127.0.0.1 | op=COMMIT_KEY {"volume":"09b657c6-1cd3-4899-9016-d099039d52ba","bucket":"a7f36999-fdf2-4403-aed9-7c5aa07c8691","key":"12ad5c52-28c7-4d26-b722-684e5d804c12","dataSize":"16","replicationType":"RATIS","replicationFactor":"ONE","Transaction":"781"} | ret=SUCCESS |  
2025-10-17 11:02:52,703 | INFO  | OMAudit | user=runner | ip=127.0.0.1 | op=READ_KEY {"volume":"09b657c6-1cd3-4899-9016-d099039d52ba","bucket":"a7f36999-fdf2-4403-aed9-7c5aa07c8691","key":"12ad5c52-28c7-4d26-b722-684e5d804c12","owner":null,"dataSize":"0","replicationConfig":null} | ret=SUCCESS |  
2025-10-17 11:02:52,705 | INFO  | OMAudit | user=runner | ip=127.0.0.1 | op=READ_KEY {"volume":"09b657c6-1cd3-4899-9016-d099039d52ba","bucket":"a7f36999-fdf2-4403-aed9-7c5aa07c8691","key":"12ad5c52-28c7-4d26-b722-684e5d804c12","owner":null,"dataSize":"0","replicationConfig":null} | ret=SUCCESS |  
2025-10-17 11:02:52,711 | INFO  | SCMAudit | user=runner | ip=127.0.0.1 | op=GET_CONTAINER_WITH_PIPELINE_BATCH {"containerIDs":"#4,"} | ret=SUCCESS |  
2025-10-17 11:02:52,711 | INFO  | OMAudit | user=null | ip= | op=READ_KEY {"volume":"09b657c6-1cd3-4899-9016-d099039d52ba","bucket":"a7f36999-fdf2-4403-aed9-7c5aa07c8691","key":"12ad5c52-28c7-4d26-b722-684e5d804c12","owner":null,"dataSize":"0","replicationConfig":null} | ret=SUCCESS |  
2025-10-17 11:02:52,712 | INFO  | SCMAudit | user=runner | ip=127.0.0.1 | op=GET_CONTAINER {"containerID":"4"} | ret=SUCCESS |  
2025-10-17 11:02:52,713 | INFO  | OMAudit | user=runner | ip=127.0.0.1 | op=READ_KEY {"volume":"09b657c6-1cd3-4899-9016-d099039d52ba","bucket":"a7f36999-fdf2-4403-aed9-7c5aa07c8691","key":"12ad5c52-28c7-4d26-b722-684e5d804c12","owner":null,"dataSize":"0","replicationConfig":null} | ret=SUCCESS |  
2025-10-17 11:02:52,714 | INFO  | OMAudit | user=runner | ip=127.0.0.1 | op=READ_KEY {"volume":"09b657c6-1cd3-4899-9016-d099039d52ba","bucket":"a7f36999-fdf2-4403-aed9-7c5aa07c8691","key":"12ad5c52-28c7-4d26-b722-684e5d804c12","owner":null,"dataSize":"0","replicationConfig":null} | ret=SUCCESS |  
2025-10-17 11:02:52,716 | INFO  | SCMAudit | user=runner | ip=127.0.0.1 | op=SEND_HEARTBEAT {"datanodeUUID":"28c08cd4-c049-4c66-8210-e254cf68b291","term":"2","command":"[]"} | ret=SUCCESS |  
2025-10-17 11:02:52,717 | INFO  | SCMAudit | user=runner | ip=127.0.0.1 | op=SEND_HEARTBEAT {"datanodeUUID":"b1eee25a-1fdf-4744-83c7-58e0513fce3b","term":"2","command":"[]"} | ret=SUCCESS |  
]]></system-out>
  </testcase>
  <testcase name="testKeysRename" classname="org.apache.hadoop.ozone.client.rpc.TestSecureOzoneRpcClient" time="0.055">
    <system-out><![CDATA[2025-10-17 11:02:52,718 [ForkJoinPool-1-worker-1] INFO  rpc.RpcClient (RpcClient.java:createVolume(461)) - Creating Volume: 44a627d0-9fe5-4a84-a53e-4c7af02111d7, with runner as owner and space quota set to -1 bytes, counts quota set to -1
2025-10-17 11:02:52,719 | INFO  | SCMAudit | user=runner | ip=127.0.0.1 | op=SEND_HEARTBEAT {"datanodeUUID":"b6f92338-e951-49df-a986-ea31ece96e9e","term":"2","command":"[]"} | ret=SUCCESS |  
2025-10-17 11:02:52,720 [om1-OMStateMachineApplyTransactionThread - 0] INFO  volume.OMVolumeCreateRequest (OMVolumeCreateRequest.java:validateAndUpdateCache(213)) - created volume:44a627d0-9fe5-4a84-a53e-4c7af02111d7 for user:runner
2025-10-17 11:02:52,720 | INFO  | OMAudit | user=runner | ip=127.0.0.1 | op=CREATE_VOLUME {"admin":"runner","owner":"runner","volume":"44a627d0-9fe5-4a84-a53e-4c7af02111d7","creationTime":"1760698972719","modificationTime":"1760698972719","quotaInBytes":"-1","quotaInNamespace":"-1","usedNamespace":"0","objectID":"-9223372036854575616","updateID":"782","Transaction":"782"} | ret=SUCCESS |  
2025-10-17 11:02:52,721 | INFO  | OMAudit | user=runner | ip=127.0.0.1 | op=READ_VOLUME {"volume":"44a627d0-9fe5-4a84-a53e-4c7af02111d7"} | ret=SUCCESS |  
2025-10-17 11:02:52,721 [ForkJoinPool-1-worker-1] INFO  rpc.RpcClient (RpcClient.java:createBucket(686)) - Creating Bucket: 44a627d0-9fe5-4a84-a53e-4c7af02111d7/d5cc98d8-9683-4a7a-8fac-56aab95cfc0b, with bucket layout OBJECT_STORE, runner as owner, Versioning false, Storage Type set to DISK and Encryption set to false, Replication Type set to server-side default replication type, Namespace Quota set to -1, Space Quota set to -1 
2025-10-17 11:02:52,722 | INFO  | SCMAudit | user=runner | ip=127.0.0.1 | op=SEND_HEARTBEAT {"datanodeUUID":"b292b6be-9482-4c30-a3e0-c9f721931b72","term":"2","command":"[]"} | ret=SUCCESS |  
2025-10-17 11:02:52,722 | INFO  | SCMAudit | user=runner | ip=127.0.0.1 | op=SEND_HEARTBEAT {"datanodeUUID":"2b4cc429-f9c1-416c-9a38-6239a2e149ea","term":"2","command":"[]"} | ret=SUCCESS |  
2025-10-17 11:02:52,723 [om1-OMStateMachineApplyTransactionThread - 0] INFO  bucket.OMBucketCreateRequest (OMBucketCreateRequest.java:validateAndUpdateCache(303)) - created bucket: d5cc98d8-9683-4a7a-8fac-56aab95cfc0b of layout OBJECT_STORE in volume: 44a627d0-9fe5-4a84-a53e-4c7af02111d7
2025-10-17 11:02:52,723 | INFO  | OMAudit | user=runner | ip=127.0.0.1 | op=CREATE_BUCKET {"volume":"44a627d0-9fe5-4a84-a53e-4c7af02111d7","bucket":"d5cc98d8-9683-4a7a-8fac-56aab95cfc0b","bucketLayout":"OBJECT_STORE","gdprEnabled":null,"acls":"[user:runner:a[ACCESS], group:runner:rl[ACCESS]]","isVersionEnabled":"false","storageType":"DISK","creationTime":"1760698972722","bucketEncryptionKey":null,"modificationTime":"1760698972722","usedBytes":"0","usedNamespace":"0","snapshotUsedBytes":"0","snapshotUsedNamespace":"0","owner":"runner","replicationType":null,"replicationConfig":null,"quotaInBytes":"-1","quotaInNamespace":"-1","Transaction":"783"} | ret=SUCCESS |  
2025-10-17 11:02:52,724 | INFO  | OMAudit | user=runner | ip=127.0.0.1 | op=READ_BUCKET {"volume":"44a627d0-9fe5-4a84-a53e-4c7af02111d7","bucket":"d5cc98d8-9683-4a7a-8fac-56aab95cfc0b"} | ret=SUCCESS |  
2025-10-17 11:02:52,725 | INFO  | OMAudit | user=runner | ip=127.0.0.1 | op=READ_BUCKET {"volume":"44a627d0-9fe5-4a84-a53e-4c7af02111d7","bucket":"d5cc98d8-9683-4a7a-8fac-56aab95cfc0b"} | ret=SUCCESS |  
2025-10-17 11:02:52,726 | INFO  | SCMAudit | user=runner | ip=127.0.0.1 | op=ALLOCATE_BLOCK {"replication":"RATIS/ONE","owner":"omServiceIdDefault","size":"4194304","sampleBlocks":"[conID: 8 locID: 115816896921600213]","num":"1","client":"","allocated":"1"} | ret=SUCCESS |  
2025-10-17 11:02:52,727 | INFO  | OMAudit | user=runner | ip=127.0.0.1 | op=ALLOCATE_KEY {"volume":"44a627d0-9fe5-4a84-a53e-4c7af02111d7","bucket":"d5cc98d8-9683-4a7a-8fac-56aab95cfc0b","key":"dir/file1","dataSize":"12","replicationType":"RATIS","replicationFactor":"ONE","Transaction":"784"} | ret=SUCCESS |  
2025-10-17 11:02:52,738 | INFO  | OMAudit | user=runner | ip=127.0.0.1 | op=COMMIT_KEY {"volume":"44a627d0-9fe5-4a84-a53e-4c7af02111d7","bucket":"d5cc98d8-9683-4a7a-8fac-56aab95cfc0b","key":"dir/file1","dataSize":"12","replicationType":"RATIS","replicationFactor":"ONE","Transaction":"785"} | ret=SUCCESS |  
2025-10-17 11:02:52,740 | INFO  | OMAudit | user=runner | ip=127.0.0.1 | op=READ_KEY {"volume":"44a627d0-9fe5-4a84-a53e-4c7af02111d7","bucket":"d5cc98d8-9683-4a7a-8fac-56aab95cfc0b","key":"dir/file1","owner":null,"dataSize":"0","replicationConfig":null} | ret=SUCCESS |  
2025-10-17 11:02:52,741 | INFO  | OMAudit | user=runner | ip=127.0.0.1 | op=READ_BUCKET {"volume":"44a627d0-9fe5-4a84-a53e-4c7af02111d7","bucket":"d5cc98d8-9683-4a7a-8fac-56aab95cfc0b"} | ret=SUCCESS |  
2025-10-17 11:02:52,742 | INFO  | SCMAudit | user=runner | ip=127.0.0.1 | op=ALLOCATE_BLOCK {"replication":"RATIS/ONE","owner":"omServiceIdDefault","size":"4194304","sampleBlocks":"[conID: 12 locID: 115816896921600214]","num":"1","client":"","allocated":"1"} | ret=SUCCESS |  
2025-10-17 11:02:52,744 | INFO  | OMAudit | user=runner | ip=127.0.0.1 | op=ALLOCATE_KEY {"volume":"44a627d0-9fe5-4a84-a53e-4c7af02111d7","bucket":"d5cc98d8-9683-4a7a-8fac-56aab95cfc0b","key":"dir/file2","dataSize":"12","replicationType":"RATIS","replicationFactor":"ONE","Transaction":"786"} | ret=SUCCESS |  
2025-10-17 11:02:52,753 | INFO  | OMAudit | user=runner | ip=127.0.0.1 | op=COMMIT_KEY {"volume":"44a627d0-9fe5-4a84-a53e-4c7af02111d7","bucket":"d5cc98d8-9683-4a7a-8fac-56aab95cfc0b","key":"dir/file2","dataSize":"12","replicationType":"RATIS","replicationFactor":"ONE","Transaction":"787"} | ret=SUCCESS |  
2025-10-17 11:02:52,755 | INFO  | OMAudit | user=runner | ip=127.0.0.1 | op=READ_KEY {"volume":"44a627d0-9fe5-4a84-a53e-4c7af02111d7","bucket":"d5cc98d8-9683-4a7a-8fac-56aab95cfc0b","key":"dir/file2","owner":null,"dataSize":"0","replicationConfig":null} | ret=SUCCESS |  
2025-10-17 11:02:52,759 | INFO  | SCMAudit | user=runner | ip=127.0.0.1 | op=SEND_HEARTBEAT {"datanodeUUID":"dbd6f242-9b73-4bca-a110-3e2ec656b979","term":"2","command":"[]"} | ret=SUCCESS |  
2025-10-17 11:02:52,764 | INFO  | SCMAudit | user=runner | ip=127.0.0.1 | op=SEND_HEARTBEAT {"datanodeUUID":"ed6e9581-5875-4278-a8db-50829892434b","term":"2","command":"[]"} | ret=SUCCESS |  
2025-10-17 11:02:52,767 | INFO  | OMAudit | user=runner | ip=127.0.0.1 | op=RENAME_KEYS {"volume":"44a627d0-9fe5-4a84-a53e-4c7af02111d7","bucket":"d5cc98d8-9683-4a7a-8fac-56aab95cfc0b","renamedKeysMap":"{dir/file2=dir/key2, dir/file1=dir/key1}","unRenamedKeysMap":"{}","Transaction":"788"} | ret=SUCCESS |  
2025-10-17 11:02:52,768 | INFO  | OMAudit | user=runner | ip=127.0.0.1 | op=READ_KEY {"volume":"44a627d0-9fe5-4a84-a53e-4c7af02111d7","bucket":"d5cc98d8-9683-4a7a-8fac-56aab95cfc0b","key":"dir/key1","owner":null,"dataSize":"0","replicationConfig":null} | ret=SUCCESS |  
2025-10-17 11:02:52,770 | INFO  | OMAudit | user=runner | ip=127.0.0.1 | op=READ_KEY {"volume":"44a627d0-9fe5-4a84-a53e-4c7af02111d7","bucket":"d5cc98d8-9683-4a7a-8fac-56aab95cfc0b","key":"dir/key2","owner":null,"dataSize":"0","replicationConfig":null} | ret=SUCCESS |  
2025-10-17 11:02:52,771 | ERROR | OMAudit | user=runner | ip=127.0.0.1 | op=READ_KEY {"volume":"44a627d0-9fe5-4a84-a53e-4c7af02111d7","bucket":"d5cc98d8-9683-4a7a-8fac-56aab95cfc0b","key":"dir/file1","owner":null,"dataSize":"0","replicationConfig":null} | ret=FAILURE | 
org.apache.hadoop.ozone.om.exceptions.OMException: Key:dir/file1 not found
	at org.apache.hadoop.ozone.om.KeyManagerImpl.readKeyInfo(KeyManagerImpl.java:614)
	at org.apache.hadoop.ozone.om.KeyManagerImpl.lambda$22(KeyManagerImpl.java:2340)
 
2025-10-17 11:02:52,772 | ERROR | OMAudit | user=runner | ip=127.0.0.1 | op=READ_KEY {"volume":"44a627d0-9fe5-4a84-a53e-4c7af02111d7","bucket":"d5cc98d8-9683-4a7a-8fac-56aab95cfc0b","key":"dir/file2","owner":null,"dataSize":"0","replicationConfig":null} | ret=FAILURE | 
org.apache.hadoop.ozone.om.exceptions.OMException: Key:dir/file2 not found
	at org.apache.hadoop.ozone.om.KeyManagerImpl.readKeyInfo(KeyManagerImpl.java:614)
	at org.apache.hadoop.ozone.om.KeyManagerImpl.lambda$22(KeyManagerImpl.java:2340)
 
]]></system-out>
  </testcase>
  <testcase name="testKeysRenameFail" classname="org.apache.hadoop.ozone.client.rpc.TestSecureOzoneRpcClient" time="0.03">
    <system-out><![CDATA[2025-10-17 11:02:52,774 [ForkJoinPool-1-worker-1] INFO  rpc.RpcClient (RpcClient.java:createVolume(461)) - Creating Volume: b2d3a3a0-8c17-4d57-9145-6e3efd2d4a30, with runner as owner and space quota set to -1 bytes, counts quota set to -1
2025-10-17 11:02:52,776 [om1-OMStateMachineApplyTransactionThread - 0] INFO  volume.OMVolumeCreateRequest (OMVolumeCreateRequest.java:validateAndUpdateCache(213)) - created volume:b2d3a3a0-8c17-4d57-9145-6e3efd2d4a30 for user:runner
2025-10-17 11:02:52,776 | INFO  | OMAudit | user=runner | ip=127.0.0.1 | op=CREATE_VOLUME {"admin":"runner","owner":"runner","volume":"b2d3a3a0-8c17-4d57-9145-6e3efd2d4a30","creationTime":"1760698972775","modificationTime":"1760698972775","quotaInBytes":"-1","quotaInNamespace":"-1","usedNamespace":"0","objectID":"-9223372036854573824","updateID":"789","Transaction":"789"} | ret=SUCCESS |  
2025-10-17 11:02:52,777 | INFO  | OMAudit | user=runner | ip=127.0.0.1 | op=READ_VOLUME {"volume":"b2d3a3a0-8c17-4d57-9145-6e3efd2d4a30"} | ret=SUCCESS |  
2025-10-17 11:02:52,778 [ForkJoinPool-1-worker-1] INFO  rpc.RpcClient (RpcClient.java:createBucket(686)) - Creating Bucket: b2d3a3a0-8c17-4d57-9145-6e3efd2d4a30/027f5e31-9dce-4bb0-a8e8-2ffd0c8b9354, with bucket layout OBJECT_STORE, runner as owner, Versioning false, Storage Type set to DISK and Encryption set to false, Replication Type set to server-side default replication type, Namespace Quota set to -1, Space Quota set to -1 
2025-10-17 11:02:52,779 [om1-OMStateMachineApplyTransactionThread - 0] INFO  bucket.OMBucketCreateRequest (OMBucketCreateRequest.java:validateAndUpdateCache(303)) - created bucket: 027f5e31-9dce-4bb0-a8e8-2ffd0c8b9354 of layout OBJECT_STORE in volume: b2d3a3a0-8c17-4d57-9145-6e3efd2d4a30
2025-10-17 11:02:52,779 | INFO  | OMAudit | user=runner | ip=127.0.0.1 | op=CREATE_BUCKET {"volume":"b2d3a3a0-8c17-4d57-9145-6e3efd2d4a30","bucket":"027f5e31-9dce-4bb0-a8e8-2ffd0c8b9354","bucketLayout":"OBJECT_STORE","gdprEnabled":null,"acls":"[user:runner:a[ACCESS], group:runner:rl[ACCESS]]","isVersionEnabled":"false","storageType":"DISK","creationTime":"1760698972778","bucketEncryptionKey":null,"modificationTime":"1760698972778","usedBytes":"0","usedNamespace":"0","snapshotUsedBytes":"0","snapshotUsedNamespace":"0","owner":"runner","replicationType":null,"replicationConfig":null,"quotaInBytes":"-1","quotaInNamespace":"-1","Transaction":"790"} | ret=SUCCESS |  
2025-10-17 11:02:52,780 | INFO  | OMAudit | user=runner | ip=127.0.0.1 | op=READ_BUCKET {"volume":"b2d3a3a0-8c17-4d57-9145-6e3efd2d4a30","bucket":"027f5e31-9dce-4bb0-a8e8-2ffd0c8b9354"} | ret=SUCCESS |  
2025-10-17 11:02:52,781 | INFO  | OMAudit | user=runner | ip=127.0.0.1 | op=READ_BUCKET {"volume":"b2d3a3a0-8c17-4d57-9145-6e3efd2d4a30","bucket":"027f5e31-9dce-4bb0-a8e8-2ffd0c8b9354"} | ret=SUCCESS |  
2025-10-17 11:02:52,782 | INFO  | SCMAudit | user=runner | ip=127.0.0.1 | op=ALLOCATE_BLOCK {"replication":"RATIS/ONE","owner":"omServiceIdDefault","size":"4194304","sampleBlocks":"[conID: 1 locID: 115816896921600215]","num":"1","client":"","allocated":"1"} | ret=SUCCESS |  
2025-10-17 11:02:52,784 | INFO  | OMAudit | user=runner | ip=127.0.0.1 | op=ALLOCATE_KEY {"volume":"b2d3a3a0-8c17-4d57-9145-6e3efd2d4a30","bucket":"027f5e31-9dce-4bb0-a8e8-2ffd0c8b9354","key":"dir/file1","dataSize":"12","replicationType":"RATIS","replicationFactor":"ONE","Transaction":"791"} | ret=SUCCESS |  
2025-10-17 11:02:52,796 | INFO  | OMAudit | user=runner | ip=127.0.0.1 | op=COMMIT_KEY {"volume":"b2d3a3a0-8c17-4d57-9145-6e3efd2d4a30","bucket":"027f5e31-9dce-4bb0-a8e8-2ffd0c8b9354","key":"dir/file1","dataSize":"12","replicationType":"RATIS","replicationFactor":"ONE","Transaction":"792"} | ret=SUCCESS |  
2025-10-17 11:02:52,797 | INFO  | OMAudit | user=runner | ip=127.0.0.1 | op=READ_KEY {"volume":"b2d3a3a0-8c17-4d57-9145-6e3efd2d4a30","bucket":"027f5e31-9dce-4bb0-a8e8-2ffd0c8b9354","key":"dir/file1","owner":null,"dataSize":"0","replicationConfig":null} | ret=SUCCESS |  
2025-10-17 11:02:52,799 [om1-OMStateMachineApplyTransactionThread - 0] ERROR key.OMKeysRenameRequest (OMKeysRenameRequest.java:validateAndUpdateCache(190)) - Received a request to rename a Key does not exist /b2d3a3a0-8c17-4d57-9145-6e3efd2d4a30/027f5e31-9dce-4bb0-a8e8-2ffd0c8b9354/dir/file2
2025-10-17 11:02:52,800 | INFO  | OMAudit | user=runner | ip=127.0.0.1 | op=RENAME_KEYS {"volume":"b2d3a3a0-8c17-4d57-9145-6e3efd2d4a30","bucket":"027f5e31-9dce-4bb0-a8e8-2ffd0c8b9354","renamedKeysMap":"{dir/file1=dir/key1}","unRenamedKeysMap":"{dir/file2=dir/key2}","Transaction":"793"} | ret=SUCCESS |  
2025-10-17 11:02:52,801 | INFO  | OMAudit | user=runner | ip=127.0.0.1 | op=READ_KEY {"volume":"b2d3a3a0-8c17-4d57-9145-6e3efd2d4a30","bucket":"027f5e31-9dce-4bb0-a8e8-2ffd0c8b9354","key":"dir/key1","owner":null,"dataSize":"0","replicationConfig":null} | ret=SUCCESS |  
2025-10-17 11:02:52,802 | ERROR | OMAudit | user=runner | ip=127.0.0.1 | op=READ_KEY {"volume":"b2d3a3a0-8c17-4d57-9145-6e3efd2d4a30","bucket":"027f5e31-9dce-4bb0-a8e8-2ffd0c8b9354","key":"dir/file2","owner":null,"dataSize":"0","replicationConfig":null} | ret=FAILURE | 
org.apache.hadoop.ozone.om.exceptions.OMException: Key:dir/file2 not found
	at org.apache.hadoop.ozone.om.KeyManagerImpl.readKeyInfo(KeyManagerImpl.java:614)
	at org.apache.hadoop.ozone.om.KeyManagerImpl.lambda$22(KeyManagerImpl.java:2340)
 
]]></system-out>
  </testcase>
  <testcase name="testListBucket" classname="org.apache.hadoop.ozone.client.rpc.TestSecureOzoneRpcClient" time="0.257">
    <system-out><![CDATA[2025-10-17 11:02:52,804 [ForkJoinPool-1-worker-1] INFO  rpc.RpcClient (RpcClient.java:createVolume(461)) - Creating Volume: vol-a-04028, with runner as owner and space quota set to -1 bytes, counts quota set to -1
2025-10-17 11:02:52,806 [om1-OMStateMachineApplyTransactionThread - 0] INFO  volume.OMVolumeCreateRequest (OMVolumeCreateRequest.java:validateAndUpdateCache(213)) - created volume:vol-a-04028 for user:runner
2025-10-17 11:02:52,806 | INFO  | OMAudit | user=runner | ip=127.0.0.1 | op=CREATE_VOLUME {"admin":"runner","owner":"runner","volume":"vol-a-04028","creationTime":"1760698972805","modificationTime":"1760698972805","quotaInBytes":"-1","quotaInNamespace":"-1","usedNamespace":"0","objectID":"-9223372036854572544","updateID":"794","Transaction":"794"} | ret=SUCCESS |  
2025-10-17 11:02:52,807 [ForkJoinPool-1-worker-1] INFO  rpc.RpcClient (RpcClient.java:createVolume(461)) - Creating Volume: vol-b-57507, with runner as owner and space quota set to -1 bytes, counts quota set to -1
2025-10-17 11:02:52,809 [om1-OMStateMachineApplyTransactionThread - 0] INFO  volume.OMVolumeCreateRequest (OMVolumeCreateRequest.java:validateAndUpdateCache(213)) - created volume:vol-b-57507 for user:runner
2025-10-17 11:02:52,809 | INFO  | OMAudit | user=runner | ip=127.0.0.1 | op=CREATE_VOLUME {"admin":"runner","owner":"runner","volume":"vol-b-57507","creationTime":"1760698972808","modificationTime":"1760698972808","quotaInBytes":"-1","quotaInNamespace":"-1","usedNamespace":"0","objectID":"-9223372036854572288","updateID":"795","Transaction":"795"} | ret=SUCCESS |  
2025-10-17 11:02:52,810 | INFO  | OMAudit | user=runner | ip=127.0.0.1 | op=READ_VOLUME {"volume":"vol-a-04028"} | ret=SUCCESS |  
2025-10-17 11:02:52,811 | INFO  | OMAudit | user=runner | ip=127.0.0.1 | op=READ_VOLUME {"volume":"vol-b-57507"} | ret=SUCCESS |  
2025-10-17 11:02:52,811 [ForkJoinPool-1-worker-1] INFO  rpc.RpcClient (RpcClient.java:createBucket(686)) - Creating Bucket: vol-a-04028/bucket-a-0-69653, with server-side default bucket layout, runner as owner, Versioning false, Storage Type set to DISK and Encryption set to false, Replication Type set to server-side default replication type, Namespace Quota set to -1, Space Quota set to -1 
2025-10-17 11:02:52,813 [om1-OMStateMachineApplyTransactionThread - 0] INFO  bucket.OMBucketCreateRequest (OMBucketCreateRequest.java:validateAndUpdateCache(303)) - created bucket: bucket-a-0-69653 of layout FILE_SYSTEM_OPTIMIZED in volume: vol-a-04028
2025-10-17 11:02:52,814 | INFO  | OMAudit | user=runner | ip=127.0.0.1 | op=CREATE_BUCKET {"volume":"vol-a-04028","bucket":"bucket-a-0-69653","bucketLayout":"FILE_SYSTEM_OPTIMIZED","gdprEnabled":null,"acls":"[user:runner:a[ACCESS], group:runner:rl[ACCESS]]","isVersionEnabled":"false","storageType":"DISK","creationTime":"1760698972812","bucketEncryptionKey":null,"modificationTime":"1760698972812","usedBytes":"0","usedNamespace":"0","snapshotUsedBytes":"0","snapshotUsedNamespace":"0","owner":"runner","replicationType":null,"replicationConfig":null,"quotaInBytes":"-1","quotaInNamespace":"-1","Transaction":"796"} | ret=SUCCESS |  
2025-10-17 11:02:52,830 [om1-OMStateMachineApplyTransactionThread - 0] INFO  snapshot.OMSnapshotCreateRequest (OMSnapshotCreateRequest.java:validateAndUpdateCache(228)) - Created snapshot: 's20251017-110252.823' with snapshotId: 'fb70abf5-42ab-49c0-ad71-38fbc7b339ef' under path 'vol-a-04028/bucket-a-0-69653'
2025-10-17 11:02:52,830 | INFO  | OMAudit | user=runner | ip=127.0.0.1 | op=CREATE_SNAPSHOT {"volume":"vol-a-04028","bucket":"bucket-a-0-69653","snapshotName":"s20251017-110252.823","Transaction":"797"} | ret=SUCCESS |  
2025-10-17 11:02:52,832 [ForkJoinPool-1-worker-1] INFO  rpc.RpcClient (RpcClient.java:createBucket(686)) - Creating Bucket: vol-b-57507/bucket-a-0-81914, with server-side default bucket layout, runner as owner, Versioning false, Storage Type set to DISK and Encryption set to false, Replication Type set to server-side default replication type, Namespace Quota set to -1, Space Quota set to -1 
2025-10-17 11:02:52,837 [om1-OMStateMachineApplyTransactionThread - 0] INFO  bucket.OMBucketCreateRequest (OMBucketCreateRequest.java:validateAndUpdateCache(303)) - created bucket: bucket-a-0-81914 of layout FILE_SYSTEM_OPTIMIZED in volume: vol-b-57507
2025-10-17 11:02:52,837 | INFO  | OMAudit | user=runner | ip=127.0.0.1 | op=CREATE_BUCKET {"volume":"vol-b-57507","bucket":"bucket-a-0-81914","bucketLayout":"FILE_SYSTEM_OPTIMIZED","gdprEnabled":null,"acls":"[user:runner:a[ACCESS], group:runner:rl[ACCESS]]","isVersionEnabled":"false","storageType":"DISK","creationTime":"1760698972835","bucketEncryptionKey":null,"modificationTime":"1760698972835","usedBytes":"0","usedNamespace":"0","snapshotUsedBytes":"0","snapshotUsedNamespace":"0","owner":"runner","replicationType":null,"replicationConfig":null,"quotaInBytes":"-1","quotaInNamespace":"-1","Transaction":"798"} | ret=SUCCESS |  
2025-10-17 11:02:52,839 [om1-OMStateMachineApplyTransactionThread - 0] INFO  snapshot.OMSnapshotCreateRequest (OMSnapshotCreateRequest.java:validateAndUpdateCache(228)) - Created snapshot: 's20251017-110252.838' with snapshotId: '81cace0e-1adc-4074-abdb-2a6c02e9796d' under path 'vol-b-57507/bucket-a-0-81914'
2025-10-17 11:02:52,839 | INFO  | OMAudit | user=runner | ip=127.0.0.1 | op=CREATE_SNAPSHOT {"volume":"vol-b-57507","bucket":"bucket-a-0-81914","snapshotName":"s20251017-110252.838","Transaction":"799"} | ret=SUCCESS |  
2025-10-17 11:02:52,840 [ForkJoinPool-1-worker-1] INFO  rpc.RpcClient (RpcClient.java:createBucket(686)) - Creating Bucket: vol-a-04028/bucket-a-1-53864, with server-side default bucket layout, runner as owner, Versioning false, Storage Type set to DISK and Encryption set to false, Replication Type set to server-side default replication type, Namespace Quota set to -1, Space Quota set to -1 
2025-10-17 11:02:52,843 [om1-OMStateMachineApplyTransactionThread - 0] INFO  bucket.OMBucketCreateRequest (OMBucketCreateRequest.java:validateAndUpdateCache(303)) - created bucket: bucket-a-1-53864 of layout FILE_SYSTEM_OPTIMIZED in volume: vol-a-04028
2025-10-17 11:02:52,843 | INFO  | OMAudit | user=runner | ip=127.0.0.1 | op=CREATE_BUCKET {"volume":"vol-a-04028","bucket":"bucket-a-1-53864","bucketLayout":"FILE_SYSTEM_OPTIMIZED","gdprEnabled":null,"acls":"[user:runner:a[ACCESS], group:runner:rl[ACCESS]]","isVersionEnabled":"false","storageType":"DISK","creationTime":"1760698972841","bucketEncryptionKey":null,"modificationTime":"1760698972841","usedBytes":"0","usedNamespace":"0","snapshotUsedBytes":"0","snapshotUsedNamespace":"0","owner":"runner","replicationType":null,"replicationConfig":null,"quotaInBytes":"-1","quotaInNamespace":"-1","Transaction":"800"} | ret=SUCCESS |  
2025-10-17 11:02:52,845 [om1-OMStateMachineApplyTransactionThread - 0] INFO  snapshot.OMSnapshotCreateRequest (OMSnapshotCreateRequest.java:validateAndUpdateCache(228)) - Created snapshot: 's20251017-110252.844' with snapshotId: '26d74e0a-6e6f-40ba-8f18-2f2106aaecda' under path 'vol-a-04028/bucket-a-1-53864'
2025-10-17 11:02:52,845 | INFO  | OMAudit | user=runner | ip=127.0.0.1 | op=CREATE_SNAPSHOT {"volume":"vol-a-04028","bucket":"bucket-a-1-53864","snapshotName":"s20251017-110252.844","Transaction":"801"} | ret=SUCCESS |  
2025-10-17 11:02:52,846 [ForkJoinPool-1-worker-1] INFO  rpc.RpcClient (RpcClient.java:createBucket(686)) - Creating Bucket: vol-b-57507/bucket-a-1-41325, with server-side default bucket layout, runner as owner, Versioning false, Storage Type set to DISK and Encryption set to false, Replication Type set to server-side default replication type, Namespace Quota set to -1, Space Quota set to -1 
2025-10-17 11:02:52,847 [om1-OMStateMachineApplyTransactionThread - 0] INFO  bucket.OMBucketCreateRequest (OMBucketCreateRequest.java:validateAndUpdateCache(303)) - created bucket: bucket-a-1-41325 of layout FILE_SYSTEM_OPTIMIZED in volume: vol-b-57507
2025-10-17 11:02:52,847 | INFO  | OMAudit | user=runner | ip=127.0.0.1 | op=CREATE_BUCKET {"volume":"vol-b-57507","bucket":"bucket-a-1-41325","bucketLayout":"FILE_SYSTEM_OPTIMIZED","gdprEnabled":null,"acls":"[user:runner:a[ACCESS], group:runner:rl[ACCESS]]","isVersionEnabled":"false","storageType":"DISK","creationTime":"1760698972846","bucketEncryptionKey":null,"modificationTime":"1760698972846","usedBytes":"0","usedNamespace":"0","snapshotUsedBytes":"0","snapshotUsedNamespace":"0","owner":"runner","replicationType":null,"replicationConfig":null,"quotaInBytes":"-1","quotaInNamespace":"-1","Transaction":"802"} | ret=SUCCESS |  
2025-10-17 11:02:52,849 [om1-OMStateMachineApplyTransactionThread - 0] INFO  snapshot.OMSnapshotCreateRequest (OMSnapshotCreateRequest.java:validateAndUpdateCache(228)) - Created snapshot: 's20251017-110252.848' with snapshotId: 'e6116870-fa1c-428b-85c9-511025d1e65f' under path 'vol-b-57507/bucket-a-1-41325'
2025-10-17 11:02:52,849 | INFO  | OMAudit | user=runner | ip=127.0.0.1 | op=CREATE_SNAPSHOT {"volume":"vol-b-57507","bucket":"bucket-a-1-41325","snapshotName":"s20251017-110252.848","Transaction":"803"} | ret=SUCCESS |  
2025-10-17 11:02:52,850 [ForkJoinPool-1-worker-1] INFO  rpc.RpcClient (RpcClient.java:createBucket(686)) - Creating Bucket: vol-a-04028/bucket-a-2-87424, with server-side default bucket layout, runner as owner, Versioning false, Storage Type set to DISK and Encryption set to false, Replication Type set to server-side default replication type, Namespace Quota set to -1, Space Quota set to -1 
2025-10-17 11:02:52,852 [om1-OMStateMachineApplyTransactionThread - 0] INFO  bucket.OMBucketCreateRequest (OMBucketCreateRequest.java:validateAndUpdateCache(303)) - created bucket: bucket-a-2-87424 of layout FILE_SYSTEM_OPTIMIZED in volume: vol-a-04028
2025-10-17 11:02:52,852 | INFO  | OMAudit | user=runner | ip=127.0.0.1 | op=CREATE_BUCKET {"volume":"vol-a-04028","bucket":"bucket-a-2-87424","bucketLayout":"FILE_SYSTEM_OPTIMIZED","gdprEnabled":null,"acls":"[user:runner:a[ACCESS], group:runner:rl[ACCESS]]","isVersionEnabled":"false","storageType":"DISK","creationTime":"1760698972851","bucketEncryptionKey":null,"modificationTime":"1760698972851","usedBytes":"0","usedNamespace":"0","snapshotUsedBytes":"0","snapshotUsedNamespace":"0","owner":"runner","replicationType":null,"replicationConfig":null,"quotaInBytes":"-1","quotaInNamespace":"-1","Transaction":"804"} | ret=SUCCESS |  
2025-10-17 11:02:52,855 [om1-OMStateMachineApplyTransactionThread - 0] INFO  snapshot.OMSnapshotCreateRequest (OMSnapshotCreateRequest.java:validateAndUpdateCache(228)) - Created snapshot: 's20251017-110252.854' with snapshotId: 'fddf8015-af7b-4511-87ea-170d87250878' under path 'vol-a-04028/bucket-a-2-87424'
2025-10-17 11:02:52,855 | INFO  | OMAudit | user=runner | ip=127.0.0.1 | op=CREATE_SNAPSHOT {"volume":"vol-a-04028","bucket":"bucket-a-2-87424","snapshotName":"s20251017-110252.854","Transaction":"805"} | ret=SUCCESS |  
2025-10-17 11:02:52,855 [ForkJoinPool-1-worker-1] INFO  rpc.RpcClient (RpcClient.java:createBucket(686)) - Creating Bucket: vol-b-57507/bucket-a-2-66174, with server-side default bucket layout, runner as owner, Versioning false, Storage Type set to DISK and Encryption set to false, Replication Type set to server-side default replication type, Namespace Quota set to -1, Space Quota set to -1 
2025-10-17 11:02:52,857 [om1-OMStateMachineApplyTransactionThread - 0] INFO  bucket.OMBucketCreateRequest (OMBucketCreateRequest.java:validateAndUpdateCache(303)) - created bucket: bucket-a-2-66174 of layout FILE_SYSTEM_OPTIMIZED in volume: vol-b-57507
2025-10-17 11:02:52,857 | INFO  | OMAudit | user=runner | ip=127.0.0.1 | op=CREATE_BUCKET {"volume":"vol-b-57507","bucket":"bucket-a-2-66174","bucketLayout":"FILE_SYSTEM_OPTIMIZED","gdprEnabled":null,"acls":"[user:runner:a[ACCESS], group:runner:rl[ACCESS]]","isVersionEnabled":"false","storageType":"DISK","creationTime":"1760698972856","bucketEncryptionKey":null,"modificationTime":"1760698972856","usedBytes":"0","usedNamespace":"0","snapshotUsedBytes":"0","snapshotUsedNamespace":"0","owner":"runner","replicationType":null,"replicationConfig":null,"quotaInBytes":"-1","quotaInNamespace":"-1","Transaction":"806"} | ret=SUCCESS |  
2025-10-17 11:02:52,859 [om1-OMStateMachineApplyTransactionThread - 0] INFO  snapshot.OMSnapshotCreateRequest (OMSnapshotCreateRequest.java:validateAndUpdateCache(228)) - Created snapshot: 's20251017-110252.859' with snapshotId: '18003413-01ca-4402-99a9-4cd9d33df351' under path 'vol-b-57507/bucket-a-2-66174'
2025-10-17 11:02:52,860 | INFO  | OMAudit | user=runner | ip=127.0.0.1 | op=CREATE_SNAPSHOT {"volume":"vol-b-57507","bucket":"bucket-a-2-66174","snapshotName":"s20251017-110252.859","Transaction":"807"} | ret=SUCCESS |  
2025-10-17 11:02:52,861 [ForkJoinPool-1-worker-1] INFO  rpc.RpcClient (RpcClient.java:createBucket(686)) - Creating Bucket: vol-a-04028/bucket-a-3-62957, with server-side default bucket layout, runner as owner, Versioning false, Storage Type set to DISK and Encryption set to false, Replication Type set to server-side default replication type, Namespace Quota set to -1, Space Quota set to -1 
2025-10-17 11:02:52,862 [om1-OMStateMachineApplyTransactionThread - 0] INFO  bucket.OMBucketCreateRequest (OMBucketCreateRequest.java:validateAndUpdateCache(303)) - created bucket: bucket-a-3-62957 of layout FILE_SYSTEM_OPTIMIZED in volume: vol-a-04028
2025-10-17 11:02:52,863 | INFO  | OMAudit | user=runner | ip=127.0.0.1 | op=CREATE_BUCKET {"volume":"vol-a-04028","bucket":"bucket-a-3-62957","bucketLayout":"FILE_SYSTEM_OPTIMIZED","gdprEnabled":null,"acls":"[user:runner:a[ACCESS], group:runner:rl[ACCESS]]","isVersionEnabled":"false","storageType":"DISK","creationTime":"1760698972861","bucketEncryptionKey":null,"modificationTime":"1760698972861","usedBytes":"0","usedNamespace":"0","snapshotUsedBytes":"0","snapshotUsedNamespace":"0","owner":"runner","replicationType":null,"replicationConfig":null,"quotaInBytes":"-1","quotaInNamespace":"-1","Transaction":"808"} | ret=SUCCESS |  
2025-10-17 11:02:52,863 | INFO  | SCMAudit | user=runner | ip=127.0.0.1 | op=SEND_HEARTBEAT {"datanodeUUID":"a5293c95-44e9-4ea9-88ca-89089eac4b59","term":"2","command":"[]"} | ret=SUCCESS |  
2025-10-17 11:02:52,865 [om1-OMStateMachineApplyTransactionThread - 0] INFO  snapshot.OMSnapshotCreateRequest (OMSnapshotCreateRequest.java:validateAndUpdateCache(228)) - Created snapshot: 's20251017-110252.864' with snapshotId: '1940b7fc-ed03-4dab-91d4-106d1f1b2a7f' under path 'vol-a-04028/bucket-a-3-62957'
2025-10-17 11:02:52,865 | INFO  | OMAudit | user=runner | ip=127.0.0.1 | op=CREATE_SNAPSHOT {"volume":"vol-a-04028","bucket":"bucket-a-3-62957","snapshotName":"s20251017-110252.864","Transaction":"809"} | ret=SUCCESS |  
2025-10-17 11:02:52,866 [ForkJoinPool-1-worker-1] INFO  rpc.RpcClient (RpcClient.java:createBucket(686)) - Creating Bucket: vol-b-57507/bucket-a-3-42024, with server-side default bucket layout, runner as owner, Versioning false, Storage Type set to DISK and Encryption set to false, Replication Type set to server-side default replication type, Namespace Quota set to -1, Space Quota set to -1 
2025-10-17 11:02:52,869 [om1-OMStateMachineApplyTransactionThread - 0] INFO  bucket.OMBucketCreateRequest (OMBucketCreateRequest.java:validateAndUpdateCache(303)) - created bucket: bucket-a-3-42024 of layout FILE_SYSTEM_OPTIMIZED in volume: vol-b-57507
2025-10-17 11:02:52,869 | INFO  | OMAudit | user=runner | ip=127.0.0.1 | op=CREATE_BUCKET {"volume":"vol-b-57507","bucket":"bucket-a-3-42024","bucketLayout":"FILE_SYSTEM_OPTIMIZED","gdprEnabled":null,"acls":"[user:runner:a[ACCESS], group:runner:rl[ACCESS]]","isVersionEnabled":"false","storageType":"DISK","creationTime":"1760698972868","bucketEncryptionKey":null,"modificationTime":"1760698972868","usedBytes":"0","usedNamespace":"0","snapshotUsedBytes":"0","snapshotUsedNamespace":"0","owner":"runner","replicationType":null,"replicationConfig":null,"quotaInBytes":"-1","quotaInNamespace":"-1","Transaction":"810"} | ret=SUCCESS |  
2025-10-17 11:02:52,872 [om1-OMStateMachineApplyTransactionThread - 0] INFO  snapshot.OMSnapshotCreateRequest (OMSnapshotCreateRequest.java:validateAndUpdateCache(228)) - Created snapshot: 's20251017-110252.871' with snapshotId: '4b269836-822b-4c16-9d96-3696c7fc0c1a' under path 'vol-b-57507/bucket-a-3-42024'
2025-10-17 11:02:52,872 | INFO  | OMAudit | user=runner | ip=127.0.0.1 | op=CREATE_SNAPSHOT {"volume":"vol-b-57507","bucket":"bucket-a-3-42024","snapshotName":"s20251017-110252.871","Transaction":"811"} | ret=SUCCESS |  
2025-10-17 11:02:52,874 [ForkJoinPool-1-worker-1] INFO  rpc.RpcClient (RpcClient.java:createBucket(686)) - Creating Bucket: vol-a-04028/bucket-a-4-57878, with server-side default bucket layout, runner as owner, Versioning false, Storage Type set to DISK and Encryption set to false, Replication Type set to server-side default replication type, Namespace Quota set to -1, Space Quota set to -1 
2025-10-17 11:02:52,876 [om1-OMStateMachineApplyTransactionThread - 0] INFO  bucket.OMBucketCreateRequest (OMBucketCreateRequest.java:validateAndUpdateCache(303)) - created bucket: bucket-a-4-57878 of layout FILE_SYSTEM_OPTIMIZED in volume: vol-a-04028
2025-10-17 11:02:52,876 | INFO  | OMAudit | user=runner | ip=127.0.0.1 | op=CREATE_BUCKET {"volume":"vol-a-04028","bucket":"bucket-a-4-57878","bucketLayout":"FILE_SYSTEM_OPTIMIZED","gdprEnabled":null,"acls":"[user:runner:a[ACCESS], group:runner:rl[ACCESS]]","isVersionEnabled":"false","storageType":"DISK","creationTime":"1760698972875","bucketEncryptionKey":null,"modificationTime":"1760698972875","usedBytes":"0","usedNamespace":"0","snapshotUsedBytes":"0","snapshotUsedNamespace":"0","owner":"runner","replicationType":null,"replicationConfig":null,"quotaInBytes":"-1","quotaInNamespace":"-1","Transaction":"812"} | ret=SUCCESS |  
2025-10-17 11:02:52,878 [om1-OMStateMachineApplyTransactionThread - 0] INFO  snapshot.OMSnapshotCreateRequest (OMSnapshotCreateRequest.java:validateAndUpdateCache(228)) - Created snapshot: 's20251017-110252.878' with snapshotId: '5b137ed9-0d69-40b8-a2b0-efa856b17c21' under path 'vol-a-04028/bucket-a-4-57878'
2025-10-17 11:02:52,879 | INFO  | OMAudit | user=runner | ip=127.0.0.1 | op=CREATE_SNAPSHOT {"volume":"vol-a-04028","bucket":"bucket-a-4-57878","snapshotName":"s20251017-110252.878","Transaction":"813"} | ret=SUCCESS |  
2025-10-17 11:02:52,880 [ForkJoinPool-1-worker-1] INFO  rpc.RpcClient (RpcClient.java:createBucket(686)) - Creating Bucket: vol-b-57507/bucket-a-4-75817, with server-side default bucket layout, runner as owner, Versioning false, Storage Type set to DISK and Encryption set to false, Replication Type set to server-side default replication type, Namespace Quota set to -1, Space Quota set to -1 
2025-10-17 11:02:52,881 [om1-OMStateMachineApplyTransactionThread - 0] INFO  bucket.OMBucketCreateRequest (OMBucketCreateRequest.java:validateAndUpdateCache(303)) - created bucket: bucket-a-4-75817 of layout FILE_SYSTEM_OPTIMIZED in volume: vol-b-57507
2025-10-17 11:02:52,881 | INFO  | OMAudit | user=runner | ip=127.0.0.1 | op=CREATE_BUCKET {"volume":"vol-b-57507","bucket":"bucket-a-4-75817","bucketLayout":"FILE_SYSTEM_OPTIMIZED","gdprEnabled":null,"acls":"[user:runner:a[ACCESS], group:runner:rl[ACCESS]]","isVersionEnabled":"false","storageType":"DISK","creationTime":"1760698972881","bucketEncryptionKey":null,"modificationTime":"1760698972881","usedBytes":"0","usedNamespace":"0","snapshotUsedBytes":"0","snapshotUsedNamespace":"0","owner":"runner","replicationType":null,"replicationConfig":null,"quotaInBytes":"-1","quotaInNamespace":"-1","Transaction":"814"} | ret=SUCCESS |  
2025-10-17 11:02:52,884 [om1-OMStateMachineApplyTransactionThread - 0] INFO  snapshot.OMSnapshotCreateRequest (OMSnapshotCreateRequest.java:validateAndUpdateCache(228)) - Created snapshot: 's20251017-110252.883' with snapshotId: '2ae9efdf-7440-4d4d-8621-5bbc07ec8861' under path 'vol-b-57507/bucket-a-4-75817'
2025-10-17 11:02:52,884 | INFO  | OMAudit | user=runner | ip=127.0.0.1 | op=CREATE_SNAPSHOT {"volume":"vol-b-57507","bucket":"bucket-a-4-75817","snapshotName":"s20251017-110252.883","Transaction":"815"} | ret=SUCCESS |  
2025-10-17 11:02:52,885 [ForkJoinPool-1-worker-1] INFO  rpc.RpcClient (RpcClient.java:createBucket(686)) - Creating Bucket: vol-a-04028/bucket-a-5-98404, with server-side default bucket layout, runner as owner, Versioning false, Storage Type set to DISK and Encryption set to false, Replication Type set to server-side default replication type, Namespace Quota set to -1, Space Quota set to -1 
2025-10-17 11:02:52,886 [om1-OMStateMachineApplyTransactionThread - 0] INFO  bucket.OMBucketCreateRequest (OMBucketCreateRequest.java:validateAndUpdateCache(303)) - created bucket: bucket-a-5-98404 of layout FILE_SYSTEM_OPTIMIZED in volume: vol-a-04028
2025-10-17 11:02:52,887 | INFO  | OMAudit | user=runner | ip=127.0.0.1 | op=CREATE_BUCKET {"volume":"vol-a-04028","bucket":"bucket-a-5-98404","bucketLayout":"FILE_SYSTEM_OPTIMIZED","gdprEnabled":null,"acls":"[user:runner:a[ACCESS], group:runner:rl[ACCESS]]","isVersionEnabled":"false","storageType":"DISK","creationTime":"1760698972886","bucketEncryptionKey":null,"modificationTime":"1760698972886","usedBytes":"0","usedNamespace":"0","snapshotUsedBytes":"0","snapshotUsedNamespace":"0","owner":"runner","replicationType":null,"replicationConfig":null,"quotaInBytes":"-1","quotaInNamespace":"-1","Transaction":"816"} | ret=SUCCESS |  
2025-10-17 11:02:52,889 [om1-OMStateMachineApplyTransactionThread - 0] INFO  snapshot.OMSnapshotCreateRequest (OMSnapshotCreateRequest.java:validateAndUpdateCache(228)) - Created snapshot: 's20251017-110252.888' with snapshotId: 'd06978a7-1611-41ca-89fc-5bb7430d858d' under path 'vol-a-04028/bucket-a-5-98404'
2025-10-17 11:02:52,889 | INFO  | OMAudit | user=runner | ip=127.0.0.1 | op=CREATE_SNAPSHOT {"volume":"vol-a-04028","bucket":"bucket-a-5-98404","snapshotName":"s20251017-110252.888","Transaction":"817"} | ret=SUCCESS |  
2025-10-17 11:02:52,889 [ForkJoinPool-1-worker-1] INFO  rpc.RpcClient (RpcClient.java:createBucket(686)) - Creating Bucket: vol-b-57507/bucket-a-5-00707, with server-side default bucket layout, runner as owner, Versioning false, Storage Type set to DISK and Encryption set to false, Replication Type set to server-side default replication type, Namespace Quota set to -1, Space Quota set to -1 
2025-10-17 11:02:52,891 [om1-OMStateMachineApplyTransactionThread - 0] INFO  bucket.OMBucketCreateRequest (OMBucketCreateRequest.java:validateAndUpdateCache(303)) - created bucket: bucket-a-5-00707 of layout FILE_SYSTEM_OPTIMIZED in volume: vol-b-57507
2025-10-17 11:02:52,891 | INFO  | OMAudit | user=runner | ip=127.0.0.1 | op=CREATE_BUCKET {"volume":"vol-b-57507","bucket":"bucket-a-5-00707","bucketLayout":"FILE_SYSTEM_OPTIMIZED","gdprEnabled":null,"acls":"[user:runner:a[ACCESS], group:runner:rl[ACCESS]]","isVersionEnabled":"false","storageType":"DISK","creationTime":"1760698972891","bucketEncryptionKey":null,"modificationTime":"1760698972891","usedBytes":"0","usedNamespace":"0","snapshotUsedBytes":"0","snapshotUsedNamespace":"0","owner":"runner","replicationType":null,"replicationConfig":null,"quotaInBytes":"-1","quotaInNamespace":"-1","Transaction":"818"} | ret=SUCCESS |  
2025-10-17 11:02:52,893 [om1-OMStateMachineApplyTransactionThread - 0] INFO  snapshot.OMSnapshotCreateRequest (OMSnapshotCreateRequest.java:validateAndUpdateCache(228)) - Created snapshot: 's20251017-110252.892' with snapshotId: '01edc6dc-dbc4-4944-9e48-bac738222c07' under path 'vol-b-57507/bucket-a-5-00707'
2025-10-17 11:02:52,894 | INFO  | OMAudit | user=runner | ip=127.0.0.1 | op=CREATE_SNAPSHOT {"volume":"vol-b-57507","bucket":"bucket-a-5-00707","snapshotName":"s20251017-110252.892","Transaction":"819"} | ret=SUCCESS |  
2025-10-17 11:02:52,894 [ForkJoinPool-1-worker-1] INFO  rpc.RpcClient (RpcClient.java:createBucket(686)) - Creating Bucket: vol-a-04028/bucket-a-6-43744, with server-side default bucket layout, runner as owner, Versioning false, Storage Type set to DISK and Encryption set to false, Replication Type set to server-side default replication type, Namespace Quota set to -1, Space Quota set to -1 
2025-10-17 11:02:52,896 [om1-OMStateMachineApplyTransactionThread - 0] INFO  bucket.OMBucketCreateRequest (OMBucketCreateRequest.java:validateAndUpdateCache(303)) - created bucket: bucket-a-6-43744 of layout FILE_SYSTEM_OPTIMIZED in volume: vol-a-04028
2025-10-17 11:02:52,896 | INFO  | OMAudit | user=runner | ip=127.0.0.1 | op=CREATE_BUCKET {"volume":"vol-a-04028","bucket":"bucket-a-6-43744","bucketLayout":"FILE_SYSTEM_OPTIMIZED","gdprEnabled":null,"acls":"[user:runner:a[ACCESS], group:runner:rl[ACCESS]]","isVersionEnabled":"false","storageType":"DISK","creationTime":"1760698972895","bucketEncryptionKey":null,"modificationTime":"1760698972895","usedBytes":"0","usedNamespace":"0","snapshotUsedBytes":"0","snapshotUsedNamespace":"0","owner":"runner","replicationType":null,"replicationConfig":null,"quotaInBytes":"-1","quotaInNamespace":"-1","Transaction":"820"} | ret=SUCCESS |  
2025-10-17 11:02:52,899 [om1-OMStateMachineApplyTransactionThread - 0] INFO  snapshot.OMSnapshotCreateRequest (OMSnapshotCreateRequest.java:validateAndUpdateCache(228)) - Created snapshot: 's20251017-110252.898' with snapshotId: '3cbc95c6-b4d2-4ce6-b6f0-92e191d8314d' under path 'vol-a-04028/bucket-a-6-43744'
2025-10-17 11:02:52,899 | INFO  | OMAudit | user=runner | ip=127.0.0.1 | op=CREATE_SNAPSHOT {"volume":"vol-a-04028","bucket":"bucket-a-6-43744","snapshotName":"s20251017-110252.898","Transaction":"821"} | ret=SUCCESS |  
2025-10-17 11:02:52,900 [ForkJoinPool-1-worker-1] INFO  rpc.RpcClient (RpcClient.java:createBucket(686)) - Creating Bucket: vol-b-57507/bucket-a-6-95251, with server-side default bucket layout, runner as owner, Versioning false, Storage Type set to DISK and Encryption set to false, Replication Type set to server-side default replication type, Namespace Quota set to -1, Space Quota set to -1 
2025-10-17 11:02:52,902 [om1-OMStateMachineApplyTransactionThread - 0] INFO  bucket.OMBucketCreateRequest (OMBucketCreateRequest.java:validateAndUpdateCache(303)) - created bucket: bucket-a-6-95251 of layout FILE_SYSTEM_OPTIMIZED in volume: vol-b-57507
2025-10-17 11:02:52,902 | INFO  | OMAudit | user=runner | ip=127.0.0.1 | op=CREATE_BUCKET {"volume":"vol-b-57507","bucket":"bucket-a-6-95251","bucketLayout":"FILE_SYSTEM_OPTIMIZED","gdprEnabled":null,"acls":"[user:runner:a[ACCESS], group:runner:rl[ACCESS]]","isVersionEnabled":"false","storageType":"DISK","creationTime":"1760698972900","bucketEncryptionKey":null,"modificationTime":"1760698972900","usedBytes":"0","usedNamespace":"0","snapshotUsedBytes":"0","snapshotUsedNamespace":"0","owner":"runner","replicationType":null,"replicationConfig":null,"quotaInBytes":"-1","quotaInNamespace":"-1","Transaction":"822"} | ret=SUCCESS |  
2025-10-17 11:02:52,905 [om1-OMStateMachineApplyTransactionThread - 0] INFO  snapshot.OMSnapshotCreateRequest (OMSnapshotCreateRequest.java:validateAndUpdateCache(228)) - Created snapshot: 's20251017-110252.904' with snapshotId: '6c4d649c-9dd8-4b5c-9aa4-22b2d21688c0' under path 'vol-b-57507/bucket-a-6-95251'
2025-10-17 11:02:52,905 | INFO  | OMAudit | user=runner | ip=127.0.0.1 | op=CREATE_SNAPSHOT {"volume":"vol-b-57507","bucket":"bucket-a-6-95251","snapshotName":"s20251017-110252.904","Transaction":"823"} | ret=SUCCESS |  
2025-10-17 11:02:52,908 [ForkJoinPool-1-worker-1] INFO  rpc.RpcClient (RpcClient.java:createBucket(686)) - Creating Bucket: vol-a-04028/bucket-a-7-85952, with server-side default bucket layout, runner as owner, Versioning false, Storage Type set to DISK and Encryption set to false, Replication Type set to server-side default replication type, Namespace Quota set to -1, Space Quota set to -1 
2025-10-17 11:02:52,912 [om1-OMStateMachineApplyTransactionThread - 0] INFO  bucket.OMBucketCreateRequest (OMBucketCreateRequest.java:validateAndUpdateCache(303)) - created bucket: bucket-a-7-85952 of layout FILE_SYSTEM_OPTIMIZED in volume: vol-a-04028
2025-10-17 11:02:52,912 | INFO  | OMAudit | user=runner | ip=127.0.0.1 | op=CREATE_BUCKET {"volume":"vol-a-04028","bucket":"bucket-a-7-85952","bucketLayout":"FILE_SYSTEM_OPTIMIZED","gdprEnabled":null,"acls":"[user:runner:a[ACCESS], group:runner:rl[ACCESS]]","isVersionEnabled":"false","storageType":"DISK","creationTime":"1760698972910","bucketEncryptionKey":null,"modificationTime":"1760698972910","usedBytes":"0","usedNamespace":"0","snapshotUsedBytes":"0","snapshotUsedNamespace":"0","owner":"runner","replicationType":null,"replicationConfig":null,"quotaInBytes":"-1","quotaInNamespace":"-1","Transaction":"824"} | ret=SUCCESS |  
2025-10-17 11:02:52,913 [om1-OMDoubleBufferFlushThread] INFO  db.RDBCheckpointManager (RDBCheckpointManager.java:createCheckpoint(87)) - Created checkpoint in rocksDB at /home/runner/work/ozone/ozone/hadoop-ozone/integration-test/target/test-dir/MiniOzoneClusterImpl-d1ffa5d3-3301-45c3-9f44-1ffa6967d237/om/data/db.snapshots/checkpointState/om.db-fb70abf5-42ab-49c0-ad71-38fbc7b339ef in 79 milliseconds
2025-10-17 11:02:52,916 [om1-OMStateMachineApplyTransactionThread - 0] INFO  snapshot.OMSnapshotCreateRequest (OMSnapshotCreateRequest.java:validateAndUpdateCache(228)) - Created snapshot: 's20251017-110252.915' with snapshotId: '766cb4a6-3f55-4964-b385-8dbed396a564' under path 'vol-a-04028/bucket-a-7-85952'
2025-10-17 11:02:52,917 | INFO  | OMAudit | user=runner | ip=127.0.0.1 | op=CREATE_SNAPSHOT {"volume":"vol-a-04028","bucket":"bucket-a-7-85952","snapshotName":"s20251017-110252.915","Transaction":"825"} | ret=SUCCESS |  
2025-10-17 11:02:52,918 [ForkJoinPool-1-worker-1] INFO  rpc.RpcClient (RpcClient.java:createBucket(686)) - Creating Bucket: vol-b-57507/bucket-a-7-48139, with server-side default bucket layout, runner as owner, Versioning false, Storage Type set to DISK and Encryption set to false, Replication Type set to server-side default replication type, Namespace Quota set to -1, Space Quota set to -1 
2025-10-17 11:02:52,921 [om1-OMStateMachineApplyTransactionThread - 0] INFO  bucket.OMBucketCreateRequest (OMBucketCreateRequest.java:validateAndUpdateCache(303)) - created bucket: bucket-a-7-48139 of layout FILE_SYSTEM_OPTIMIZED in volume: vol-b-57507
2025-10-17 11:02:52,921 | INFO  | OMAudit | user=runner | ip=127.0.0.1 | op=CREATE_BUCKET {"volume":"vol-b-57507","bucket":"bucket-a-7-48139","bucketLayout":"FILE_SYSTEM_OPTIMIZED","gdprEnabled":null,"acls":"[user:runner:a[ACCESS], group:runner:rl[ACCESS]]","isVersionEnabled":"false","storageType":"DISK","creationTime":"1760698972920","bucketEncryptionKey":null,"modificationTime":"1760698972920","usedBytes":"0","usedNamespace":"0","snapshotUsedBytes":"0","snapshotUsedNamespace":"0","owner":"runner","replicationType":null,"replicationConfig":null,"quotaInBytes":"-1","quotaInNamespace":"-1","Transaction":"826"} | ret=SUCCESS |  
2025-10-17 11:02:52,923 [om1-OMStateMachineApplyTransactionThread - 0] INFO  snapshot.OMSnapshotCreateRequest (OMSnapshotCreateRequest.java:validateAndUpdateCache(228)) - Created snapshot: 's20251017-110252.922' with snapshotId: '918e00b0-d438-4cdd-9f03-d4703294e955' under path 'vol-b-57507/bucket-a-7-48139'
2025-10-17 11:02:52,923 | INFO  | OMAudit | user=runner | ip=127.0.0.1 | op=CREATE_SNAPSHOT {"volume":"vol-b-57507","bucket":"bucket-a-7-48139","snapshotName":"s20251017-110252.922","Transaction":"827"} | ret=SUCCESS |  
2025-10-17 11:02:52,924 [ForkJoinPool-1-worker-1] INFO  rpc.RpcClient (RpcClient.java:createBucket(686)) - Creating Bucket: vol-a-04028/bucket-a-8-25037, with server-side default bucket layout, runner as owner, Versioning false, Storage Type set to DISK and Encryption set to false, Replication Type set to server-side default replication type, Namespace Quota set to -1, Space Quota set to -1 
2025-10-17 11:02:52,926 [om1-OMStateMachineApplyTransactionThread - 0] INFO  bucket.OMBucketCreateRequest (OMBucketCreateRequest.java:validateAndUpdateCache(303)) - created bucket: bucket-a-8-25037 of layout FILE_SYSTEM_OPTIMIZED in volume: vol-a-04028
2025-10-17 11:02:52,926 | INFO  | OMAudit | user=runner | ip=127.0.0.1 | op=CREATE_BUCKET {"volume":"vol-a-04028","bucket":"bucket-a-8-25037","bucketLayout":"FILE_SYSTEM_OPTIMIZED","gdprEnabled":null,"acls":"[user:runner:a[ACCESS], group:runner:rl[ACCESS]]","isVersionEnabled":"false","storageType":"DISK","creationTime":"1760698972925","bucketEncryptionKey":null,"modificationTime":"1760698972925","usedBytes":"0","usedNamespace":"0","snapshotUsedBytes":"0","snapshotUsedNamespace":"0","owner":"runner","replicationType":null,"replicationConfig":null,"quotaInBytes":"-1","quotaInNamespace":"-1","Transaction":"828"} | ret=SUCCESS |  
2025-10-17 11:02:52,929 [om1-OMStateMachineApplyTransactionThread - 0] INFO  snapshot.OMSnapshotCreateRequest (OMSnapshotCreateRequest.java:validateAndUpdateCache(228)) - Created snapshot: 's20251017-110252.928' with snapshotId: '7ae96dea-2755-4c72-83b6-d8ba46cd4dec' under path 'vol-a-04028/bucket-a-8-25037'
2025-10-17 11:02:52,929 | INFO  | OMAudit | user=runner | ip=127.0.0.1 | op=CREATE_SNAPSHOT {"volume":"vol-a-04028","bucket":"bucket-a-8-25037","snapshotName":"s20251017-110252.928","Transaction":"829"} | ret=SUCCESS |  
2025-10-17 11:02:52,931 [ForkJoinPool-1-worker-1] INFO  rpc.RpcClient (RpcClient.java:createBucket(686)) - Creating Bucket: vol-b-57507/bucket-a-8-86948, with server-side default bucket layout, runner as owner, Versioning false, Storage Type set to DISK and Encryption set to false, Replication Type set to server-side default replication type, Namespace Quota set to -1, Space Quota set to -1 
2025-10-17 11:02:52,932 [om1-OMStateMachineApplyTransactionThread - 0] INFO  bucket.OMBucketCreateRequest (OMBucketCreateRequest.java:validateAndUpdateCache(303)) - created bucket: bucket-a-8-86948 of layout FILE_SYSTEM_OPTIMIZED in volume: vol-b-57507
2025-10-17 11:02:52,932 | INFO  | OMAudit | user=runner | ip=127.0.0.1 | op=CREATE_BUCKET {"volume":"vol-b-57507","bucket":"bucket-a-8-86948","bucketLayout":"FILE_SYSTEM_OPTIMIZED","gdprEnabled":null,"acls":"[user:runner:a[ACCESS], group:runner:rl[ACCESS]]","isVersionEnabled":"false","storageType":"DISK","creationTime":"1760698972931","bucketEncryptionKey":null,"modificationTime":"1760698972931","usedBytes":"0","usedNamespace":"0","snapshotUsedBytes":"0","snapshotUsedNamespace":"0","owner":"runner","replicationType":null,"replicationConfig":null,"quotaInBytes":"-1","quotaInNamespace":"-1","Transaction":"830"} | ret=SUCCESS |  
2025-10-17 11:02:52,935 [om1-OMStateMachineApplyTransactionThread - 0] INFO  snapshot.OMSnapshotCreateRequest (OMSnapshotCreateRequest.java:validateAndUpdateCache(228)) - Created snapshot: 's20251017-110252.934' with snapshotId: '66ba2825-dd44-4545-a0f4-ca02870569d3' under path 'vol-b-57507/bucket-a-8-86948'
2025-10-17 11:02:52,935 | INFO  | OMAudit | user=runner | ip=127.0.0.1 | op=CREATE_SNAPSHOT {"volume":"vol-b-57507","bucket":"bucket-a-8-86948","snapshotName":"s20251017-110252.934","Transaction":"831"} | ret=SUCCESS |  
2025-10-17 11:02:52,936 [ForkJoinPool-1-worker-1] INFO  rpc.RpcClient (RpcClient.java:createBucket(686)) - Creating Bucket: vol-a-04028/bucket-a-9-02489, with server-side default bucket layout, runner as owner, Versioning false, Storage Type set to DISK and Encryption set to false, Replication Type set to server-side default replication type, Namespace Quota set to -1, Space Quota set to -1 
2025-10-17 11:02:52,939 [om1-OMStateMachineApplyTransactionThread - 0] INFO  bucket.OMBucketCreateRequest (OMBucketCreateRequest.java:validateAndUpdateCache(303)) - created bucket: bucket-a-9-02489 of layout FILE_SYSTEM_OPTIMIZED in volume: vol-a-04028
2025-10-17 11:02:52,939 | INFO  | OMAudit | user=runner | ip=127.0.0.1 | op=CREATE_BUCKET {"volume":"vol-a-04028","bucket":"bucket-a-9-02489","bucketLayout":"FILE_SYSTEM_OPTIMIZED","gdprEnabled":null,"acls":"[user:runner:a[ACCESS], group:runner:rl[ACCESS]]","isVersionEnabled":"false","storageType":"DISK","creationTime":"1760698972937","bucketEncryptionKey":null,"modificationTime":"1760698972937","usedBytes":"0","usedNamespace":"0","snapshotUsedBytes":"0","snapshotUsedNamespace":"0","owner":"runner","replicationType":null,"replicationConfig":null,"quotaInBytes":"-1","quotaInNamespace":"-1","Transaction":"832"} | ret=SUCCESS |  
2025-10-17 11:02:52,941 [om1-OMStateMachineApplyTransactionThread - 0] INFO  snapshot.OMSnapshotCreateRequest (OMSnapshotCreateRequest.java:validateAndUpdateCache(228)) - Created snapshot: 's20251017-110252.940' with snapshotId: '5133086f-2e27-4a4e-9a30-d700940ed4ba' under path 'vol-a-04028/bucket-a-9-02489'
2025-10-17 11:02:52,941 | INFO  | OMAudit | user=runner | ip=127.0.0.1 | op=CREATE_SNAPSHOT {"volume":"vol-a-04028","bucket":"bucket-a-9-02489","snapshotName":"s20251017-110252.940","Transaction":"833"} | ret=SUCCESS |  
2025-10-17 11:02:52,941 | INFO  | SCMAudit | user=runner | ip=127.0.0.1 | op=SEND_HEARTBEAT {"datanodeUUID":"3a11eef6-a527-493c-8ba3-ae39ecaefa56","term":"2","command":"[]"} | ret=SUCCESS |  
2025-10-17 11:02:52,942 [ForkJoinPool-1-worker-1] INFO  rpc.RpcClient (RpcClient.java:createBucket(686)) - Creating Bucket: vol-b-57507/bucket-a-9-75425, with server-side default bucket layout, runner as owner, Versioning false, Storage Type set to DISK and Encryption set to false, Replication Type set to server-side default replication type, Namespace Quota set to -1, Space Quota set to -1 
2025-10-17 11:02:52,943 [om1-OMStateMachineApplyTransactionThread - 0] INFO  bucket.OMBucketCreateRequest (OMBucketCreateRequest.java:validateAndUpdateCache(303)) - created bucket: bucket-a-9-75425 of layout FILE_SYSTEM_OPTIMIZED in volume: vol-b-57507
2025-10-17 11:02:52,944 | INFO  | OMAudit | user=runner | ip=127.0.0.1 | op=CREATE_BUCKET {"volume":"vol-b-57507","bucket":"bucket-a-9-75425","bucketLayout":"FILE_SYSTEM_OPTIMIZED","gdprEnabled":null,"acls":"[user:runner:a[ACCESS], group:runner:rl[ACCESS]]","isVersionEnabled":"false","storageType":"DISK","creationTime":"1760698972943","bucketEncryptionKey":null,"modificationTime":"1760698972943","usedBytes":"0","usedNamespace":"0","snapshotUsedBytes":"0","snapshotUsedNamespace":"0","owner":"runner","replicationType":null,"replicationConfig":null,"quotaInBytes":"-1","quotaInNamespace":"-1","Transaction":"834"} | ret=SUCCESS |  
2025-10-17 11:02:52,945 [om1-OMStateMachineApplyTransactionThread - 0] INFO  snapshot.OMSnapshotCreateRequest (OMSnapshotCreateRequest.java:validateAndUpdateCache(228)) - Created snapshot: 's20251017-110252.945' with snapshotId: 'a8ef6a0e-c707-48cb-8f79-61d71efbfa59' under path 'vol-b-57507/bucket-a-9-75425'
2025-10-17 11:02:52,945 | INFO  | OMAudit | user=runner | ip=127.0.0.1 | op=CREATE_SNAPSHOT {"volume":"vol-b-57507","bucket":"bucket-a-9-75425","snapshotName":"s20251017-110252.945","Transaction":"835"} | ret=SUCCESS |  
2025-10-17 11:02:52,946 [ForkJoinPool-1-worker-1] INFO  rpc.RpcClient (RpcClient.java:createBucket(686)) - Creating Bucket: vol-a-04028/bucket-b-0-22851, with server-side default bucket layout, runner as owner, Versioning false, Storage Type set to DISK and Encryption set to false, Replication Type set to server-side default replication type, Namespace Quota set to -1, Space Quota set to -1 
2025-10-17 11:02:52,949 [om1-OMStateMachineApplyTransactionThread - 0] INFO  bucket.OMBucketCreateRequest (OMBucketCreateRequest.java:validateAndUpdateCache(303)) - created bucket: bucket-b-0-22851 of layout FILE_SYSTEM_OPTIMIZED in volume: vol-a-04028
2025-10-17 11:02:52,949 | INFO  | OMAudit | user=runner | ip=127.0.0.1 | op=CREATE_BUCKET {"volume":"vol-a-04028","bucket":"bucket-b-0-22851","bucketLayout":"FILE_SYSTEM_OPTIMIZED","gdprEnabled":null,"acls":"[user:runner:a[ACCESS], group:runner:rl[ACCESS]]","isVersionEnabled":"false","storageType":"DISK","creationTime":"1760698972947","bucketEncryptionKey":null,"modificationTime":"1760698972947","usedBytes":"0","usedNamespace":"0","snapshotUsedBytes":"0","snapshotUsedNamespace":"0","owner":"runner","replicationType":null,"replicationConfig":null,"quotaInBytes":"-1","quotaInNamespace":"-1","Transaction":"836"} | ret=SUCCESS |  
2025-10-17 11:02:52,952 [om1-OMStateMachineApplyTransactionThread - 0] INFO  snapshot.OMSnapshotCreateRequest (OMSnapshotCreateRequest.java:validateAndUpdateCache(228)) - Created snapshot: 's20251017-110252.950' with snapshotId: '58fa8d52-01a1-4d70-ab63-bd6556ef22bc' under path 'vol-a-04028/bucket-b-0-22851'
2025-10-17 11:02:52,952 | INFO  | OMAudit | user=runner | ip=127.0.0.1 | op=CREATE_SNAPSHOT {"volume":"vol-a-04028","bucket":"bucket-b-0-22851","snapshotName":"s20251017-110252.950","Transaction":"837"} | ret=SUCCESS |  
2025-10-17 11:02:52,953 [ForkJoinPool-1-worker-1] INFO  rpc.RpcClient (RpcClient.java:createBucket(686)) - Creating Bucket: vol-b-57507/bucket-b-0-09075, with server-side default bucket layout, runner as owner, Versioning false, Storage Type set to DISK and Encryption set to false, Replication Type set to server-side default replication type, Namespace Quota set to -1, Space Quota set to -1 
2025-10-17 11:02:52,955 [om1-OMStateMachineApplyTransactionThread - 0] INFO  bucket.OMBucketCreateRequest (OMBucketCreateRequest.java:validateAndUpdateCache(303)) - created bucket: bucket-b-0-09075 of layout FILE_SYSTEM_OPTIMIZED in volume: vol-b-57507
2025-10-17 11:02:52,955 | INFO  | OMAudit | user=runner | ip=127.0.0.1 | op=CREATE_BUCKET {"volume":"vol-b-57507","bucket":"bucket-b-0-09075","bucketLayout":"FILE_SYSTEM_OPTIMIZED","gdprEnabled":null,"acls":"[user:runner:a[ACCESS], group:runner:rl[ACCESS]]","isVersionEnabled":"false","storageType":"DISK","creationTime":"1760698972954","bucketEncryptionKey":null,"modificationTime":"1760698972954","usedBytes":"0","usedNamespace":"0","snapshotUsedBytes":"0","snapshotUsedNamespace":"0","owner":"runner","replicationType":null,"replicationConfig":null,"quotaInBytes":"-1","quotaInNamespace":"-1","Transaction":"838"} | ret=SUCCESS |  
2025-10-17 11:02:52,956 [ForkJoinPool-1-worker-1] INFO  rpc.RpcClient (RpcClient.java:createBucket(686)) - Creating Bucket: vol-a-04028/bucket-b-1-21217, with server-side default bucket layout, runner as owner, Versioning false, Storage Type set to DISK and Encryption set to false, Replication Type set to server-side default replication type, Namespace Quota set to -1, Space Quota set to -1 
2025-10-17 11:02:52,957 [om1-OMStateMachineApplyTransactionThread - 0] INFO  bucket.OMBucketCreateRequest (OMBucketCreateRequest.java:validateAndUpdateCache(303)) - created bucket: bucket-b-1-21217 of layout FILE_SYSTEM_OPTIMIZED in volume: vol-a-04028
2025-10-17 11:02:52,957 | INFO  | OMAudit | user=runner | ip=127.0.0.1 | op=CREATE_BUCKET {"volume":"vol-a-04028","bucket":"bucket-b-1-21217","bucketLayout":"FILE_SYSTEM_OPTIMIZED","gdprEnabled":null,"acls":"[user:runner:a[ACCESS], group:runner:rl[ACCESS]]","isVersionEnabled":"false","storageType":"DISK","creationTime":"1760698972957","bucketEncryptionKey":null,"modificationTime":"1760698972957","usedBytes":"0","usedNamespace":"0","snapshotUsedBytes":"0","snapshotUsedNamespace":"0","owner":"runner","replicationType":null,"replicationConfig":null,"quotaInBytes":"-1","quotaInNamespace":"-1","Transaction":"839"} | ret=SUCCESS |  
2025-10-17 11:02:52,962 [om1-OMStateMachineApplyTransactionThread - 0] INFO  snapshot.OMSnapshotCreateRequest (OMSnapshotCreateRequest.java:validateAndUpdateCache(228)) - Created snapshot: 's20251017-110252.959' with snapshotId: '197b42b6-1dab-4660-b77b-1f2d2ac0bbf9' under path 'vol-a-04028/bucket-b-1-21217'
2025-10-17 11:02:52,962 | INFO  | OMAudit | user=runner | ip=127.0.0.1 | op=CREATE_SNAPSHOT {"volume":"vol-a-04028","bucket":"bucket-b-1-21217","snapshotName":"s20251017-110252.959","Transaction":"840"} | ret=SUCCESS |  
2025-10-17 11:02:52,964 [ForkJoinPool-1-worker-1] INFO  rpc.RpcClient (RpcClient.java:createBucket(686)) - Creating Bucket: vol-b-57507/bucket-b-1-69779, with server-side default bucket layout, runner as owner, Versioning false, Storage Type set to DISK and Encryption set to false, Replication Type set to server-side default replication type, Namespace Quota set to -1, Space Quota set to -1 
2025-10-17 11:02:52,969 [om1-OMStateMachineApplyTransactionThread - 0] INFO  bucket.OMBucketCreateRequest (OMBucketCreateRequest.java:validateAndUpdateCache(303)) - created bucket: bucket-b-1-69779 of layout FILE_SYSTEM_OPTIMIZED in volume: vol-b-57507
2025-10-17 11:02:52,969 | INFO  | OMAudit | user=runner | ip=127.0.0.1 | op=CREATE_BUCKET {"volume":"vol-b-57507","bucket":"bucket-b-1-69779","bucketLayout":"FILE_SYSTEM_OPTIMIZED","gdprEnabled":null,"acls":"[user:runner:a[ACCESS], group:runner:rl[ACCESS]]","isVersionEnabled":"false","storageType":"DISK","creationTime":"1760698972965","bucketEncryptionKey":null,"modificationTime":"1760698972965","usedBytes":"0","usedNamespace":"0","snapshotUsedBytes":"0","snapshotUsedNamespace":"0","owner":"runner","replicationType":null,"replicationConfig":null,"quotaInBytes":"-1","quotaInNamespace":"-1","Transaction":"841"} | ret=SUCCESS |  
2025-10-17 11:02:52,970 [ForkJoinPool-1-worker-1] INFO  rpc.RpcClient (RpcClient.java:createBucket(686)) - Creating Bucket: vol-a-04028/bucket-b-2-46087, with server-side default bucket layout, runner as owner, Versioning false, Storage Type set to DISK and Encryption set to false, Replication Type set to server-side default replication type, Namespace Quota set to -1, Space Quota set to -1 
2025-10-17 11:02:52,971 [om1-OMStateMachineApplyTransactionThread - 0] INFO  bucket.OMBucketCreateRequest (OMBucketCreateRequest.java:validateAndUpdateCache(303)) - created bucket: bucket-b-2-46087 of layout FILE_SYSTEM_OPTIMIZED in volume: vol-a-04028
2025-10-17 11:02:52,972 | INFO  | OMAudit | user=runner | ip=127.0.0.1 | op=CREATE_BUCKET {"volume":"vol-a-04028","bucket":"bucket-b-2-46087","bucketLayout":"FILE_SYSTEM_OPTIMIZED","gdprEnabled":null,"acls":"[user:runner:a[ACCESS], group:runner:rl[ACCESS]]","isVersionEnabled":"false","storageType":"DISK","creationTime":"1760698972971","bucketEncryptionKey":null,"modificationTime":"1760698972971","usedBytes":"0","usedNamespace":"0","snapshotUsedBytes":"0","snapshotUsedNamespace":"0","owner":"runner","replicationType":null,"replicationConfig":null,"quotaInBytes":"-1","quotaInNamespace":"-1","Transaction":"842"} | ret=SUCCESS |  
2025-10-17 11:02:52,974 [om1-OMStateMachineApplyTransactionThread - 0] INFO  snapshot.OMSnapshotCreateRequest (OMSnapshotCreateRequest.java:validateAndUpdateCache(228)) - Created snapshot: 's20251017-110252.973' with snapshotId: '667b5523-47d9-4bb0-84a7-d1ff74f925c9' under path 'vol-a-04028/bucket-b-2-46087'
2025-10-17 11:02:52,974 | INFO  | OMAudit | user=runner | ip=127.0.0.1 | op=CREATE_SNAPSHOT {"volume":"vol-a-04028","bucket":"bucket-b-2-46087","snapshotName":"s20251017-110252.973","Transaction":"843"} | ret=SUCCESS |  
2025-10-17 11:02:52,975 [ForkJoinPool-1-worker-1] INFO  rpc.RpcClient (RpcClient.java:createBucket(686)) - Creating Bucket: vol-b-57507/bucket-b-2-88941, with server-side default bucket layout, runner as owner, Versioning false, Storage Type set to DISK and Encryption set to false, Replication Type set to server-side default replication type, Namespace Quota set to -1, Space Quota set to -1 
2025-10-17 11:02:52,977 [om1-OMStateMachineApplyTransactionThread - 0] INFO  bucket.OMBucketCreateRequest (OMBucketCreateRequest.java:validateAndUpdateCache(303)) - created bucket: bucket-b-2-88941 of layout FILE_SYSTEM_OPTIMIZED in volume: vol-b-57507
2025-10-17 11:02:52,977 | INFO  | OMAudit | user=runner | ip=127.0.0.1 | op=CREATE_BUCKET {"volume":"vol-b-57507","bucket":"bucket-b-2-88941","bucketLayout":"FILE_SYSTEM_OPTIMIZED","gdprEnabled":null,"acls":"[user:runner:a[ACCESS], group:runner:rl[ACCESS]]","isVersionEnabled":"false","storageType":"DISK","creationTime":"1760698972975","bucketEncryptionKey":null,"modificationTime":"1760698972975","usedBytes":"0","usedNamespace":"0","snapshotUsedBytes":"0","snapshotUsedNamespace":"0","owner":"runner","replicationType":null,"replicationConfig":null,"quotaInBytes":"-1","quotaInNamespace":"-1","Transaction":"844"} | ret=SUCCESS |  
2025-10-17 11:02:52,978 [ForkJoinPool-1-worker-1] INFO  rpc.RpcClient (RpcClient.java:createBucket(686)) - Creating Bucket: vol-a-04028/bucket-b-3-94326, with server-side default bucket layout, runner as owner, Versioning false, Storage Type set to DISK and Encryption set to false, Replication Type set to server-side default replication type, Namespace Quota set to -1, Space Quota set to -1 
2025-10-17 11:02:52,979 [om1-OMStateMachineApplyTransactionThread - 0] INFO  bucket.OMBucketCreateRequest (OMBucketCreateRequest.java:validateAndUpdateCache(303)) - created bucket: bucket-b-3-94326 of layout FILE_SYSTEM_OPTIMIZED in volume: vol-a-04028
2025-10-17 11:02:52,979 | INFO  | OMAudit | user=runner | ip=127.0.0.1 | op=CREATE_BUCKET {"volume":"vol-a-04028","bucket":"bucket-b-3-94326","bucketLayout":"FILE_SYSTEM_OPTIMIZED","gdprEnabled":null,"acls":"[user:runner:a[ACCESS], group:runner:rl[ACCESS]]","isVersionEnabled":"false","storageType":"DISK","creationTime":"1760698972978","bucketEncryptionKey":null,"modificationTime":"1760698972978","usedBytes":"0","usedNamespace":"0","snapshotUsedBytes":"0","snapshotUsedNamespace":"0","owner":"runner","replicationType":null,"replicationConfig":null,"quotaInBytes":"-1","quotaInNamespace":"-1","Transaction":"845"} | ret=SUCCESS |  
2025-10-17 11:02:52,982 [om1-OMStateMachineApplyTransactionThread - 0] INFO  snapshot.OMSnapshotCreateRequest (OMSnapshotCreateRequest.java:validateAndUpdateCache(228)) - Created snapshot: 's20251017-110252.981' with snapshotId: '0c6a7852-fb73-427f-b743-2b6810f0b68d' under path 'vol-a-04028/bucket-b-3-94326'
2025-10-17 11:02:52,982 | INFO  | OMAudit | user=runner | ip=127.0.0.1 | op=CREATE_SNAPSHOT {"volume":"vol-a-04028","bucket":"bucket-b-3-94326","snapshotName":"s20251017-110252.981","Transaction":"846"} | ret=SUCCESS |  
2025-10-17 11:02:52,982 [ForkJoinPool-1-worker-1] INFO  rpc.RpcClient (RpcClient.java:createBucket(686)) - Creating Bucket: vol-b-57507/bucket-b-3-25112, with server-side default bucket layout, runner as owner, Versioning false, Storage Type set to DISK and Encryption set to false, Replication Type set to server-side default replication type, Namespace Quota set to -1, Space Quota set to -1 
2025-10-17 11:02:52,984 [om1-OMStateMachineApplyTransactionThread - 0] INFO  bucket.OMBucketCreateRequest (OMBucketCreateRequest.java:validateAndUpdateCache(303)) - created bucket: bucket-b-3-25112 of layout FILE_SYSTEM_OPTIMIZED in volume: vol-b-57507
2025-10-17 11:02:52,984 | INFO  | OMAudit | user=runner | ip=127.0.0.1 | op=CREATE_BUCKET {"volume":"vol-b-57507","bucket":"bucket-b-3-25112","bucketLayout":"FILE_SYSTEM_OPTIMIZED","gdprEnabled":null,"acls":"[user:runner:a[ACCESS], group:runner:rl[ACCESS]]","isVersionEnabled":"false","storageType":"DISK","creationTime":"1760698972983","bucketEncryptionKey":null,"modificationTime":"1760698972983","usedBytes":"0","usedNamespace":"0","snapshotUsedBytes":"0","snapshotUsedNamespace":"0","owner":"runner","replicationType":null,"replicationConfig":null,"quotaInBytes":"-1","quotaInNamespace":"-1","Transaction":"847"} | ret=SUCCESS |  
2025-10-17 11:02:52,985 [ForkJoinPool-1-worker-1] INFO  rpc.RpcClient (RpcClient.java:createBucket(686)) - Creating Bucket: vol-a-04028/bucket-b-4-06117, with server-side default bucket layout, runner as owner, Versioning false, Storage Type set to DISK and Encryption set to false, Replication Type set to server-side default replication type, Namespace Quota set to -1, Space Quota set to -1 
2025-10-17 11:02:52,987 [om1-OMStateMachineApplyTransactionThread - 0] INFO  bucket.OMBucketCreateRequest (OMBucketCreateRequest.java:validateAndUpdateCache(303)) - created bucket: bucket-b-4-06117 of layout FILE_SYSTEM_OPTIMIZED in volume: vol-a-04028
2025-10-17 11:02:52,987 | INFO  | OMAudit | user=runner | ip=127.0.0.1 | op=CREATE_BUCKET {"volume":"vol-a-04028","bucket":"bucket-b-4-06117","bucketLayout":"FILE_SYSTEM_OPTIMIZED","gdprEnabled":null,"acls":"[user:runner:a[ACCESS], group:runner:rl[ACCESS]]","isVersionEnabled":"false","storageType":"DISK","creationTime":"1760698972986","bucketEncryptionKey":null,"modificationTime":"1760698972986","usedBytes":"0","usedNamespace":"0","snapshotUsedBytes":"0","snapshotUsedNamespace":"0","owner":"runner","replicationType":null,"replicationConfig":null,"quotaInBytes":"-1","quotaInNamespace":"-1","Transaction":"848"} | ret=SUCCESS |  
2025-10-17 11:02:52,989 [om1-OMStateMachineApplyTransactionThread - 0] INFO  snapshot.OMSnapshotCreateRequest (OMSnapshotCreateRequest.java:validateAndUpdateCache(228)) - Created snapshot: 's20251017-110252.988' with snapshotId: 'eab16b1c-6d27-4756-b7ce-c39abe555a36' under path 'vol-a-04028/bucket-b-4-06117'
2025-10-17 11:02:52,989 | INFO  | OMAudit | user=runner | ip=127.0.0.1 | op=CREATE_SNAPSHOT {"volume":"vol-a-04028","bucket":"bucket-b-4-06117","snapshotName":"s20251017-110252.988","Transaction":"849"} | ret=SUCCESS |  
2025-10-17 11:02:52,989 [ForkJoinPool-1-worker-1] INFO  rpc.RpcClient (RpcClient.java:createBucket(686)) - Creating Bucket: vol-b-57507/bucket-b-4-28635, with server-side default bucket layout, runner as owner, Versioning false, Storage Type set to DISK and Encryption set to false, Replication Type set to server-side default replication type, Namespace Quota set to -1, Space Quota set to -1 
2025-10-17 11:02:52,991 [om1-OMStateMachineApplyTransactionThread - 0] INFO  bucket.OMBucketCreateRequest (OMBucketCreateRequest.java:validateAndUpdateCache(303)) - created bucket: bucket-b-4-28635 of layout FILE_SYSTEM_OPTIMIZED in volume: vol-b-57507
2025-10-17 11:02:52,991 | INFO  | OMAudit | user=runner | ip=127.0.0.1 | op=CREATE_BUCKET {"volume":"vol-b-57507","bucket":"bucket-b-4-28635","bucketLayout":"FILE_SYSTEM_OPTIMIZED","gdprEnabled":null,"acls":"[user:runner:a[ACCESS], group:runner:rl[ACCESS]]","isVersionEnabled":"false","storageType":"DISK","creationTime":"1760698972990","bucketEncryptionKey":null,"modificationTime":"1760698972990","usedBytes":"0","usedNamespace":"0","snapshotUsedBytes":"0","snapshotUsedNamespace":"0","owner":"runner","replicationType":null,"replicationConfig":null,"quotaInBytes":"-1","quotaInNamespace":"-1","Transaction":"850"} | ret=SUCCESS |  
2025-10-17 11:02:52,993 [ForkJoinPool-1-worker-1] INFO  rpc.RpcClient (RpcClient.java:createBucket(686)) - Creating Bucket: vol-a-04028/bucket-b-5-05520, with server-side default bucket layout, runner as owner, Versioning false, Storage Type set to DISK and Encryption set to false, Replication Type set to server-side default replication type, Namespace Quota set to -1, Space Quota set to -1 
2025-10-17 11:02:52,994 [om1-OMStateMachineApplyTransactionThread - 0] INFO  bucket.OMBucketCreateRequest (OMBucketCreateRequest.java:validateAndUpdateCache(303)) - created bucket: bucket-b-5-05520 of layout FILE_SYSTEM_OPTIMIZED in volume: vol-a-04028
2025-10-17 11:02:52,994 | INFO  | OMAudit | user=runner | ip=127.0.0.1 | op=CREATE_BUCKET {"volume":"vol-a-04028","bucket":"bucket-b-5-05520","bucketLayout":"FILE_SYSTEM_OPTIMIZED","gdprEnabled":null,"acls":"[user:runner:a[ACCESS], group:runner:rl[ACCESS]]","isVersionEnabled":"false","storageType":"DISK","creationTime":"1760698972993","bucketEncryptionKey":null,"modificationTime":"1760698972993","usedBytes":"0","usedNamespace":"0","snapshotUsedBytes":"0","snapshotUsedNamespace":"0","owner":"runner","replicationType":null,"replicationConfig":null,"quotaInBytes":"-1","quotaInNamespace":"-1","Transaction":"851"} | ret=SUCCESS |  
2025-10-17 11:02:52,996 [om1-OMStateMachineApplyTransactionThread - 0] INFO  snapshot.OMSnapshotCreateRequest (OMSnapshotCreateRequest.java:validateAndUpdateCache(228)) - Created snapshot: 's20251017-110252.995' with snapshotId: 'd945703d-acfc-4107-b207-bc632bc17e3c' under path 'vol-a-04028/bucket-b-5-05520'
2025-10-17 11:02:52,996 | INFO  | OMAudit | user=runner | ip=127.0.0.1 | op=CREATE_SNAPSHOT {"volume":"vol-a-04028","bucket":"bucket-b-5-05520","snapshotName":"s20251017-110252.995","Transaction":"852"} | ret=SUCCESS |  
2025-10-17 11:02:52,997 [om1-OMDoubleBufferFlushThread] INFO  om.OmSnapshotManager (OmSnapshotManager.java:createOmSnapshotCheckpoint(545)) - Created checkpoint: /home/runner/work/ozone/ozone/hadoop-ozone/integration-test/target/test-dir/MiniOzoneClusterImpl-d1ffa5d3-3301-45c3-9f44-1ffa6967d237/om/data/db.snapshots/checkpointState/om.db-fb70abf5-42ab-49c0-ad71-38fbc7b339ef for snapshot /vol-a-04028/bucket-a-0-69653/s20251017-110252.823
2025-10-17 11:02:52,997 [ForkJoinPool-1-worker-1] INFO  rpc.RpcClient (RpcClient.java:createBucket(686)) - Creating Bucket: vol-b-57507/bucket-b-5-02358, with server-side default bucket layout, runner as owner, Versioning false, Storage Type set to DISK and Encryption set to false, Replication Type set to server-side default replication type, Namespace Quota set to -1, Space Quota set to -1 
2025-10-17 11:02:52,999 [om1-OMStateMachineApplyTransactionThread - 0] INFO  bucket.OMBucketCreateRequest (OMBucketCreateRequest.java:validateAndUpdateCache(303)) - created bucket: bucket-b-5-02358 of layout FILE_SYSTEM_OPTIMIZED in volume: vol-b-57507
2025-10-17 11:02:52,999 | INFO  | OMAudit | user=runner | ip=127.0.0.1 | op=CREATE_BUCKET {"volume":"vol-b-57507","bucket":"bucket-b-5-02358","bucketLayout":"FILE_SYSTEM_OPTIMIZED","gdprEnabled":null,"acls":"[user:runner:a[ACCESS], group:runner:rl[ACCESS]]","isVersionEnabled":"false","storageType":"DISK","creationTime":"1760698972998","bucketEncryptionKey":null,"modificationTime":"1760698972998","usedBytes":"0","usedNamespace":"0","snapshotUsedBytes":"0","snapshotUsedNamespace":"0","owner":"runner","replicationType":null,"replicationConfig":null,"quotaInBytes":"-1","quotaInNamespace":"-1","Transaction":"853"} | ret=SUCCESS |  
2025-10-17 11:02:53,000 [ForkJoinPool-1-worker-1] INFO  rpc.RpcClient (RpcClient.java:createBucket(686)) - Creating Bucket: vol-a-04028/bucket-b-6-68631, with server-side default bucket layout, runner as owner, Versioning false, Storage Type set to DISK and Encryption set to false, Replication Type set to server-side default replication type, Namespace Quota set to -1, Space Quota set to -1 
2025-10-17 11:02:53,001 [om1-OMStateMachineApplyTransactionThread - 0] INFO  bucket.OMBucketCreateRequest (OMBucketCreateRequest.java:validateAndUpdateCache(303)) - created bucket: bucket-b-6-68631 of layout FILE_SYSTEM_OPTIMIZED in volume: vol-a-04028
2025-10-17 11:02:53,002 | INFO  | OMAudit | user=runner | ip=127.0.0.1 | op=CREATE_BUCKET {"volume":"vol-a-04028","bucket":"bucket-b-6-68631","bucketLayout":"FILE_SYSTEM_OPTIMIZED","gdprEnabled":null,"acls":"[user:runner:a[ACCESS], group:runner:rl[ACCESS]]","isVersionEnabled":"false","storageType":"DISK","creationTime":"1760698973001","bucketEncryptionKey":null,"modificationTime":"1760698973001","usedBytes":"0","usedNamespace":"0","snapshotUsedBytes":"0","snapshotUsedNamespace":"0","owner":"runner","replicationType":null,"replicationConfig":null,"quotaInBytes":"-1","quotaInNamespace":"-1","Transaction":"854"} | ret=SUCCESS |  
2025-10-17 11:02:53,004 [om1-OMStateMachineApplyTransactionThread - 0] INFO  snapshot.OMSnapshotCreateRequest (OMSnapshotCreateRequest.java:validateAndUpdateCache(228)) - Created snapshot: 's20251017-110253.003' with snapshotId: '88043b1a-d2bc-4224-a286-2e4c75466172' under path 'vol-a-04028/bucket-b-6-68631'
2025-10-17 11:02:53,004 | INFO  | OMAudit | user=runner | ip=127.0.0.1 | op=CREATE_SNAPSHOT {"volume":"vol-a-04028","bucket":"bucket-b-6-68631","snapshotName":"s20251017-110253.003","Transaction":"855"} | ret=SUCCESS |  
2025-10-17 11:02:53,005 [ForkJoinPool-1-worker-1] INFO  rpc.RpcClient (RpcClient.java:createBucket(686)) - Creating Bucket: vol-b-57507/bucket-b-6-66243, with server-side default bucket layout, runner as owner, Versioning false, Storage Type set to DISK and Encryption set to false, Replication Type set to server-side default replication type, Namespace Quota set to -1, Space Quota set to -1 
2025-10-17 11:02:53,006 [om1-OMStateMachineApplyTransactionThread - 0] INFO  bucket.OMBucketCreateRequest (OMBucketCreateRequest.java:validateAndUpdateCache(303)) - created bucket: bucket-b-6-66243 of layout FILE_SYSTEM_OPTIMIZED in volume: vol-b-57507
2025-10-17 11:02:53,006 | INFO  | OMAudit | user=runner | ip=127.0.0.1 | op=CREATE_BUCKET {"volume":"vol-b-57507","bucket":"bucket-b-6-66243","bucketLayout":"FILE_SYSTEM_OPTIMIZED","gdprEnabled":null,"acls":"[user:runner:a[ACCESS], group:runner:rl[ACCESS]]","isVersionEnabled":"false","storageType":"DISK","creationTime":"1760698973005","bucketEncryptionKey":null,"modificationTime":"1760698973005","usedBytes":"0","usedNamespace":"0","snapshotUsedBytes":"0","snapshotUsedNamespace":"0","owner":"runner","replicationType":null,"replicationConfig":null,"quotaInBytes":"-1","quotaInNamespace":"-1","Transaction":"856"} | ret=SUCCESS |  
2025-10-17 11:02:53,006 [ForkJoinPool-1-worker-1] INFO  rpc.RpcClient (RpcClient.java:createBucket(686)) - Creating Bucket: vol-a-04028/bucket-b-7-43045, with server-side default bucket layout, runner as owner, Versioning false, Storage Type set to DISK and Encryption set to false, Replication Type set to server-side default replication type, Namespace Quota set to -1, Space Quota set to -1 
2025-10-17 11:02:53,007 [om1-OMStateMachineApplyTransactionThread - 0] INFO  bucket.OMBucketCreateRequest (OMBucketCreateRequest.java:validateAndUpdateCache(303)) - created bucket: bucket-b-7-43045 of layout FILE_SYSTEM_OPTIMIZED in volume: vol-a-04028
2025-10-17 11:02:53,008 | INFO  | OMAudit | user=runner | ip=127.0.0.1 | op=CREATE_BUCKET {"volume":"vol-a-04028","bucket":"bucket-b-7-43045","bucketLayout":"FILE_SYSTEM_OPTIMIZED","gdprEnabled":null,"acls":"[user:runner:a[ACCESS], group:runner:rl[ACCESS]]","isVersionEnabled":"false","storageType":"DISK","creationTime":"1760698973007","bucketEncryptionKey":null,"modificationTime":"1760698973007","usedBytes":"0","usedNamespace":"0","snapshotUsedBytes":"0","snapshotUsedNamespace":"0","owner":"runner","replicationType":null,"replicationConfig":null,"quotaInBytes":"-1","quotaInNamespace":"-1","Transaction":"857"} | ret=SUCCESS |  
2025-10-17 11:02:53,010 [om1-OMStateMachineApplyTransactionThread - 0] INFO  snapshot.OMSnapshotCreateRequest (OMSnapshotCreateRequest.java:validateAndUpdateCache(228)) - Created snapshot: 's20251017-110253.009' with snapshotId: '33b40429-b2a6-489b-87da-aef769211c36' under path 'vol-a-04028/bucket-b-7-43045'
2025-10-17 11:02:53,010 | INFO  | OMAudit | user=runner | ip=127.0.0.1 | op=CREATE_SNAPSHOT {"volume":"vol-a-04028","bucket":"bucket-b-7-43045","snapshotName":"s20251017-110253.009","Transaction":"858"} | ret=SUCCESS |  
2025-10-17 11:02:53,010 [ForkJoinPool-1-worker-1] INFO  rpc.RpcClient (RpcClient.java:createBucket(686)) - Creating Bucket: vol-b-57507/bucket-b-7-43890, with server-side default bucket layout, runner as owner, Versioning false, Storage Type set to DISK and Encryption set to false, Replication Type set to server-side default replication type, Namespace Quota set to -1, Space Quota set to -1 
2025-10-17 11:02:53,012 [om1-OMStateMachineApplyTransactionThread - 0] INFO  bucket.OMBucketCreateRequest (OMBucketCreateRequest.java:validateAndUpdateCache(303)) - created bucket: bucket-b-7-43890 of layout FILE_SYSTEM_OPTIMIZED in volume: vol-b-57507
2025-10-17 11:02:53,012 | INFO  | OMAudit | user=runner | ip=127.0.0.1 | op=CREATE_BUCKET {"volume":"vol-b-57507","bucket":"bucket-b-7-43890","bucketLayout":"FILE_SYSTEM_OPTIMIZED","gdprEnabled":null,"acls":"[user:runner:a[ACCESS], group:runner:rl[ACCESS]]","isVersionEnabled":"false","storageType":"DISK","creationTime":"1760698973011","bucketEncryptionKey":null,"modificationTime":"1760698973011","usedBytes":"0","usedNamespace":"0","snapshotUsedBytes":"0","snapshotUsedNamespace":"0","owner":"runner","replicationType":null,"replicationConfig":null,"quotaInBytes":"-1","quotaInNamespace":"-1","Transaction":"859"} | ret=SUCCESS |  
2025-10-17 11:02:53,013 [ForkJoinPool-1-worker-1] INFO  rpc.RpcClient (RpcClient.java:createBucket(686)) - Creating Bucket: vol-a-04028/bucket-b-8-06164, with server-side default bucket layout, runner as owner, Versioning false, Storage Type set to DISK and Encryption set to false, Replication Type set to server-side default replication type, Namespace Quota set to -1, Space Quota set to -1 
2025-10-17 11:02:53,014 [om1-OMStateMachineApplyTransactionThread - 0] INFO  bucket.OMBucketCreateRequest (OMBucketCreateRequest.java:validateAndUpdateCache(303)) - created bucket: bucket-b-8-06164 of layout FILE_SYSTEM_OPTIMIZED in volume: vol-a-04028
2025-10-17 11:02:53,014 | INFO  | OMAudit | user=runner | ip=127.0.0.1 | op=CREATE_BUCKET {"volume":"vol-a-04028","bucket":"bucket-b-8-06164","bucketLayout":"FILE_SYSTEM_OPTIMIZED","gdprEnabled":null,"acls":"[user:runner:a[ACCESS], group:runner:rl[ACCESS]]","isVersionEnabled":"false","storageType":"DISK","creationTime":"1760698973013","bucketEncryptionKey":null,"modificationTime":"1760698973013","usedBytes":"0","usedNamespace":"0","snapshotUsedBytes":"0","snapshotUsedNamespace":"0","owner":"runner","replicationType":null,"replicationConfig":null,"quotaInBytes":"-1","quotaInNamespace":"-1","Transaction":"860"} | ret=SUCCESS |  
2025-10-17 11:02:53,015 [om1-OMStateMachineApplyTransactionThread - 0] INFO  snapshot.OMSnapshotCreateRequest (OMSnapshotCreateRequest.java:validateAndUpdateCache(228)) - Created snapshot: 's20251017-110253.015' with snapshotId: '7488a08c-6f69-4ffc-a93a-b26130552332' under path 'vol-a-04028/bucket-b-8-06164'
2025-10-17 11:02:53,016 | INFO  | OMAudit | user=runner | ip=127.0.0.1 | op=CREATE_SNAPSHOT {"volume":"vol-a-04028","bucket":"bucket-b-8-06164","snapshotName":"s20251017-110253.015","Transaction":"861"} | ret=SUCCESS |  
2025-10-17 11:02:53,016 [ForkJoinPool-1-worker-1] INFO  rpc.RpcClient (RpcClient.java:createBucket(686)) - Creating Bucket: vol-b-57507/bucket-b-8-90267, with server-side default bucket layout, runner as owner, Versioning false, Storage Type set to DISK and Encryption set to false, Replication Type set to server-side default replication type, Namespace Quota set to -1, Space Quota set to -1 
2025-10-17 11:02:53,017 [om1-OMStateMachineApplyTransactionThread - 0] INFO  bucket.OMBucketCreateRequest (OMBucketCreateRequest.java:validateAndUpdateCache(303)) - created bucket: bucket-b-8-90267 of layout FILE_SYSTEM_OPTIMIZED in volume: vol-b-57507
2025-10-17 11:02:53,017 | INFO  | OMAudit | user=runner | ip=127.0.0.1 | op=CREATE_BUCKET {"volume":"vol-b-57507","bucket":"bucket-b-8-90267","bucketLayout":"FILE_SYSTEM_OPTIMIZED","gdprEnabled":null,"acls":"[user:runner:a[ACCESS], group:runner:rl[ACCESS]]","isVersionEnabled":"false","storageType":"DISK","creationTime":"1760698973017","bucketEncryptionKey":null,"modificationTime":"1760698973017","usedBytes":"0","usedNamespace":"0","snapshotUsedBytes":"0","snapshotUsedNamespace":"0","owner":"runner","replicationType":null,"replicationConfig":null,"quotaInBytes":"-1","quotaInNamespace":"-1","Transaction":"862"} | ret=SUCCESS |  
2025-10-17 11:02:53,018 [ForkJoinPool-1-worker-1] INFO  rpc.RpcClient (RpcClient.java:createBucket(686)) - Creating Bucket: vol-a-04028/bucket-b-9-69485, with server-side default bucket layout, runner as owner, Versioning false, Storage Type set to DISK and Encryption set to false, Replication Type set to server-side default replication type, Namespace Quota set to -1, Space Quota set to -1 
2025-10-17 11:02:53,019 [om1-OMStateMachineApplyTransactionThread - 0] INFO  bucket.OMBucketCreateRequest (OMBucketCreateRequest.java:validateAndUpdateCache(303)) - created bucket: bucket-b-9-69485 of layout FILE_SYSTEM_OPTIMIZED in volume: vol-a-04028
2025-10-17 11:02:53,020 | INFO  | OMAudit | user=runner | ip=127.0.0.1 | op=CREATE_BUCKET {"volume":"vol-a-04028","bucket":"bucket-b-9-69485","bucketLayout":"FILE_SYSTEM_OPTIMIZED","gdprEnabled":null,"acls":"[user:runner:a[ACCESS], group:runner:rl[ACCESS]]","isVersionEnabled":"false","storageType":"DISK","creationTime":"1760698973019","bucketEncryptionKey":null,"modificationTime":"1760698973019","usedBytes":"0","usedNamespace":"0","snapshotUsedBytes":"0","snapshotUsedNamespace":"0","owner":"runner","replicationType":null,"replicationConfig":null,"quotaInBytes":"-1","quotaInNamespace":"-1","Transaction":"863"} | ret=SUCCESS |  
2025-10-17 11:02:53,021 [om1-OMStateMachineApplyTransactionThread - 0] INFO  snapshot.OMSnapshotCreateRequest (OMSnapshotCreateRequest.java:validateAndUpdateCache(228)) - Created snapshot: 's20251017-110253.021' with snapshotId: '198d9e97-92c0-4063-8307-4111985e2761' under path 'vol-a-04028/bucket-b-9-69485'
2025-10-17 11:02:53,021 | INFO  | OMAudit | user=runner | ip=127.0.0.1 | op=CREATE_SNAPSHOT {"volume":"vol-a-04028","bucket":"bucket-b-9-69485","snapshotName":"s20251017-110253.021","Transaction":"864"} | ret=SUCCESS |  
2025-10-17 11:02:53,023 [ForkJoinPool-1-worker-1] INFO  rpc.RpcClient (RpcClient.java:createBucket(686)) - Creating Bucket: vol-b-57507/bucket-b-9-10918, with server-side default bucket layout, runner as owner, Versioning false, Storage Type set to DISK and Encryption set to false, Replication Type set to server-side default replication type, Namespace Quota set to -1, Space Quota set to -1 
2025-10-17 11:02:53,024 [om1-OMStateMachineApplyTransactionThread - 0] INFO  bucket.OMBucketCreateRequest (OMBucketCreateRequest.java:validateAndUpdateCache(303)) - created bucket: bucket-b-9-10918 of layout FILE_SYSTEM_OPTIMIZED in volume: vol-b-57507
2025-10-17 11:02:53,024 | INFO  | OMAudit | user=runner | ip=127.0.0.1 | op=CREATE_BUCKET {"volume":"vol-b-57507","bucket":"bucket-b-9-10918","bucketLayout":"FILE_SYSTEM_OPTIMIZED","gdprEnabled":null,"acls":"[user:runner:a[ACCESS], group:runner:rl[ACCESS]]","isVersionEnabled":"false","storageType":"DISK","creationTime":"1760698973023","bucketEncryptionKey":null,"modificationTime":"1760698973023","usedBytes":"0","usedNamespace":"0","snapshotUsedBytes":"0","snapshotUsedNamespace":"0","owner":"runner","replicationType":null,"replicationConfig":null,"quotaInBytes":"-1","quotaInNamespace":"-1","Transaction":"865"} | ret=SUCCESS |  
2025-10-17 11:02:53,029 | INFO  | OMAudit | user=runner | ip=127.0.0.1 | op=LIST_BUCKETS {"volume":"vol-a-04028","startKey":"","prefix":"bucket-","maxNumOfBuckets":"1000","hasSnapshot":"false"} | ret=SUCCESS |  
2025-10-17 11:02:53,031 | INFO  | OMAudit | user=runner | ip=127.0.0.1 | op=LIST_BUCKETS {"volume":"vol-a-04028","startKey":"bucket-b-9-69485","prefix":"bucket-","maxNumOfBuckets":"1000","hasSnapshot":"false"} | ret=SUCCESS |  
2025-10-17 11:02:53,031 | INFO  | OMAudit | user=runner | ip=127.0.0.1 | op=LIST_BUCKETS {"volume":"vol-a-04028","startKey":"","prefix":"bucket-","maxNumOfBuckets":"1000","hasSnapshot":"true"} | ret=SUCCESS |  
2025-10-17 11:02:53,033 | INFO  | OMAudit | user=runner | ip=127.0.0.1 | op=LIST_BUCKETS {"volume":"vol-a-04028","startKey":"bucket-b-9-69485","prefix":"bucket-","maxNumOfBuckets":"1000","hasSnapshot":"true"} | ret=SUCCESS |  
2025-10-17 11:02:53,033 | INFO  | SCMAudit | user=runner | ip=127.0.0.1 | op=SEND_HEARTBEAT {"datanodeUUID":"309ab1ff-9f5a-4058-8b2f-94d451ce5267","term":"2","command":"[]"} | ret=SUCCESS |  
2025-10-17 11:02:53,034 [om1-OMDoubleBufferFlushThread] INFO  db.RDBCheckpointManager (RDBCheckpointManager.java:createCheckpoint(87)) - Created checkpoint in rocksDB at /home/runner/work/ozone/ozone/hadoop-ozone/integration-test/target/test-dir/MiniOzoneClusterImpl-d1ffa5d3-3301-45c3-9f44-1ffa6967d237/om/data/db.snapshots/checkpointState/om.db-81cace0e-1adc-4074-abdb-2a6c02e9796d in 34 milliseconds
2025-10-17 11:02:53,034 | INFO  | OMAudit | user=runner | ip=127.0.0.1 | op=LIST_BUCKETS {"volume":"vol-b-57507","startKey":"","prefix":"bucket-","maxNumOfBuckets":"1000","hasSnapshot":"false"} | ret=SUCCESS |  
2025-10-17 11:02:53,036 | INFO  | OMAudit | user=runner | ip=127.0.0.1 | op=LIST_BUCKETS {"volume":"vol-b-57507","startKey":"bucket-b-9-10918","prefix":"bucket-","maxNumOfBuckets":"1000","hasSnapshot":"false"} | ret=SUCCESS |  
2025-10-17 11:02:53,036 | INFO  | OMAudit | user=runner | ip=127.0.0.1 | op=LIST_BUCKETS {"volume":"vol-b-57507","startKey":"","prefix":"bucket-","maxNumOfBuckets":"1000","hasSnapshot":"true"} | ret=SUCCESS |  
2025-10-17 11:02:53,038 | INFO  | OMAudit | user=runner | ip=127.0.0.1 | op=LIST_BUCKETS {"volume":"vol-b-57507","startKey":"bucket-a-9-75425","prefix":"bucket-","maxNumOfBuckets":"1000","hasSnapshot":"true"} | ret=SUCCESS |  
2025-10-17 11:02:53,039 | INFO  | OMAudit | user=runner | ip=127.0.0.1 | op=LIST_BUCKETS {"volume":"vol-a-04028","startKey":"","prefix":"bucket-a-","maxNumOfBuckets":"1000","hasSnapshot":"false"} | ret=SUCCESS |  
2025-10-17 11:02:53,040 | INFO  | OMAudit | user=runner | ip=127.0.0.1 | op=LIST_BUCKETS {"volume":"vol-a-04028","startKey":"bucket-a-9-02489","prefix":"bucket-a-","maxNumOfBuckets":"1000","hasSnapshot":"false"} | ret=SUCCESS |  
2025-10-17 11:02:53,041 | INFO  | OMAudit | user=runner | ip=127.0.0.1 | op=LIST_BUCKETS {"volume":"vol-a-04028","startKey":"","prefix":"bucket-a-","maxNumOfBuckets":"1000","hasSnapshot":"true"} | ret=SUCCESS |  
2025-10-17 11:02:53,042 | INFO  | OMAudit | user=runner | ip=127.0.0.1 | op=LIST_BUCKETS {"volume":"vol-a-04028","startKey":"bucket-a-9-02489","prefix":"bucket-a-","maxNumOfBuckets":"1000","hasSnapshot":"true"} | ret=SUCCESS |  
2025-10-17 11:02:53,043 | INFO  | OMAudit | user=runner | ip=127.0.0.1 | op=LIST_BUCKETS {"volume":"vol-b-57507","startKey":"","prefix":"bucket-b-","maxNumOfBuckets":"1000","hasSnapshot":"false"} | ret=SUCCESS |  
2025-10-17 11:02:53,045 | INFO  | OMAudit | user=runner | ip=127.0.0.1 | op=LIST_BUCKETS {"volume":"vol-b-57507","startKey":"bucket-b-9-10918","prefix":"bucket-b-","maxNumOfBuckets":"1000","hasSnapshot":"false"} | ret=SUCCESS |  
2025-10-17 11:02:53,046 | INFO  | OMAudit | user=runner | ip=127.0.0.1 | op=LIST_BUCKETS {"volume":"vol-b-57507","startKey":"","prefix":"bucket-b-","maxNumOfBuckets":"1000","hasSnapshot":"true"} | ret=SUCCESS |  
2025-10-17 11:02:53,047 | INFO  | OMAudit | user=runner | ip=127.0.0.1 | op=LIST_BUCKETS {"volume":"vol-a-04028","startKey":"","prefix":"bucket-b-","maxNumOfBuckets":"1000","hasSnapshot":"false"} | ret=SUCCESS |  
2025-10-17 11:02:53,050 | INFO  | OMAudit | user=runner | ip=127.0.0.1 | op=LIST_BUCKETS {"volume":"vol-a-04028","startKey":"bucket-b-9-69485","prefix":"bucket-b-","maxNumOfBuckets":"1000","hasSnapshot":"false"} | ret=SUCCESS |  
2025-10-17 11:02:53,052 | INFO  | OMAudit | user=runner | ip=127.0.0.1 | op=LIST_BUCKETS {"volume":"vol-a-04028","startKey":"","prefix":"bucket-b-","maxNumOfBuckets":"1000","hasSnapshot":"true"} | ret=SUCCESS |  
2025-10-17 11:02:53,054 | INFO  | OMAudit | user=runner | ip=127.0.0.1 | op=LIST_BUCKETS {"volume":"vol-a-04028","startKey":"bucket-b-9-69485","prefix":"bucket-b-","maxNumOfBuckets":"1000","hasSnapshot":"true"} | ret=SUCCESS |  
2025-10-17 11:02:53,055 | INFO  | OMAudit | user=runner | ip=127.0.0.1 | op=LIST_BUCKETS {"volume":"vol-b-57507","startKey":"","prefix":"bucket-a-","maxNumOfBuckets":"1000","hasSnapshot":"false"} | ret=SUCCESS |  
2025-10-17 11:02:53,057 | INFO  | OMAudit | user=runner | ip=127.0.0.1 | op=LIST_BUCKETS {"volume":"vol-b-57507","startKey":"bucket-a-9-75425","prefix":"bucket-a-","maxNumOfBuckets":"1000","hasSnapshot":"false"} | ret=SUCCESS |  
2025-10-17 11:02:53,058 | INFO  | OMAudit | user=runner | ip=127.0.0.1 | op=LIST_BUCKETS {"volume":"vol-b-57507","startKey":"","prefix":"bucket-a-","maxNumOfBuckets":"1000","hasSnapshot":"true"} | ret=SUCCESS |  
2025-10-17 11:02:53,059 | INFO  | OMAudit | user=runner | ip=127.0.0.1 | op=LIST_BUCKETS {"volume":"vol-b-57507","startKey":"bucket-a-9-75425","prefix":"bucket-a-","maxNumOfBuckets":"1000","hasSnapshot":"true"} | ret=SUCCESS |  
]]></system-out>
  </testcase>
  <testcase name="testListBucketsOnEmptyVolume" classname="org.apache.hadoop.ozone.client.rpc.TestSecureOzoneRpcClient" time="0.006">
    <system-out><![CDATA[2025-10-17 11:02:53,062 [ForkJoinPool-1-worker-1] INFO  rpc.RpcClient (RpcClient.java:createVolume(461)) - Creating Volume: vol-empty, with runner as owner and space quota set to -1 bytes, counts quota set to -1
2025-10-17 11:02:53,065 [om1-OMStateMachineApplyTransactionThread - 0] INFO  volume.OMVolumeCreateRequest (OMVolumeCreateRequest.java:validateAndUpdateCache(213)) - created volume:vol-empty for user:runner
2025-10-17 11:02:53,065 | INFO  | OMAudit | user=runner | ip=127.0.0.1 | op=CREATE_VOLUME {"admin":"runner","owner":"runner","volume":"vol-empty","creationTime":"1760698973063","modificationTime":"1760698973063","quotaInBytes":"-1","quotaInNamespace":"-1","usedNamespace":"0","objectID":"-9223372036854554112","updateID":"866","Transaction":"866"} | ret=SUCCESS |  
2025-10-17 11:02:53,066 | INFO  | OMAudit | user=runner | ip=127.0.0.1 | op=READ_VOLUME {"volume":"vol-empty"} | ret=SUCCESS |  
2025-10-17 11:02:53,067 [om1-OMDoubleBufferFlushThread] INFO  om.OmSnapshotManager (OmSnapshotManager.java:createOmSnapshotCheckpoint(545)) - Created checkpoint: /home/runner/work/ozone/ozone/hadoop-ozone/integration-test/target/test-dir/MiniOzoneClusterImpl-d1ffa5d3-3301-45c3-9f44-1ffa6967d237/om/data/db.snapshots/checkpointState/om.db-81cace0e-1adc-4074-abdb-2a6c02e9796d for snapshot /vol-b-57507/bucket-a-0-81914/s20251017-110252.838
2025-10-17 11:02:53,068 | INFO  | OMAudit | user=runner | ip=127.0.0.1 | op=LIST_BUCKETS {"volume":"vol-empty","startKey":"","prefix":"","maxNumOfBuckets":"1000","hasSnapshot":"false"} | ret=SUCCESS |  
]]></system-out>
  </testcase>
  <testcase name="testListBucketsReplicationConfig" classname="org.apache.hadoop.ozone.client.rpc.TestSecureOzoneRpcClient" time="0.018">
    <system-out><![CDATA[2025-10-17 11:02:53,070 [ForkJoinPool-1-worker-1] INFO  rpc.RpcClient (RpcClient.java:createVolume(461)) - Creating Volume: 319b4c0a-ae54-4a94-8308-799e0ba0d187, with runner as owner and space quota set to -1 bytes, counts quota set to -1
2025-10-17 11:02:53,072 [om1-OMStateMachineApplyTransactionThread - 0] INFO  volume.OMVolumeCreateRequest (OMVolumeCreateRequest.java:validateAndUpdateCache(213)) - created volume:319b4c0a-ae54-4a94-8308-799e0ba0d187 for user:runner
2025-10-17 11:02:53,072 | INFO  | OMAudit | user=runner | ip=127.0.0.1 | op=CREATE_VOLUME {"admin":"runner","owner":"runner","volume":"319b4c0a-ae54-4a94-8308-799e0ba0d187","creationTime":"1760698973071","modificationTime":"1760698973071","quotaInBytes":"-1","quotaInNamespace":"-1","usedNamespace":"0","objectID":"-9223372036854553856","updateID":"867","Transaction":"867"} | ret=SUCCESS |  
2025-10-17 11:02:53,073 | INFO  | OMAudit | user=runner | ip=127.0.0.1 | op=READ_VOLUME {"volume":"319b4c0a-ae54-4a94-8308-799e0ba0d187"} | ret=SUCCESS |  
2025-10-17 11:02:53,074 [ForkJoinPool-1-worker-1] INFO  rpc.RpcClient (RpcClient.java:createBucket(686)) - Creating Bucket: 319b4c0a-ae54-4a94-8308-799e0ba0d187/8d4ae202-8862-4207-9d23-da88bb8b8137, with server-side default bucket layout, runner as owner, Versioning false, Storage Type set to DISK and Encryption set to false, Replication Type set to server-side default replication type, Namespace Quota set to -1, Space Quota set to -1 
2025-10-17 11:02:53,076 [om1-OMStateMachineApplyTransactionThread - 0] INFO  bucket.OMBucketCreateRequest (OMBucketCreateRequest.java:validateAndUpdateCache(303)) - created bucket: 8d4ae202-8862-4207-9d23-da88bb8b8137 of layout FILE_SYSTEM_OPTIMIZED in volume: 319b4c0a-ae54-4a94-8308-799e0ba0d187
2025-10-17 11:02:53,076 | INFO  | OMAudit | user=runner | ip=127.0.0.1 | op=CREATE_BUCKET {"volume":"319b4c0a-ae54-4a94-8308-799e0ba0d187","bucket":"8d4ae202-8862-4207-9d23-da88bb8b8137","bucketLayout":"FILE_SYSTEM_OPTIMIZED","gdprEnabled":null,"acls":"[user:runner:a[ACCESS], group:runner:rl[ACCESS]]","isVersionEnabled":"false","storageType":"DISK","creationTime":"1760698973075","bucketEncryptionKey":null,"modificationTime":"1760698973075","usedBytes":"0","usedNamespace":"0","snapshotUsedBytes":"0","snapshotUsedNamespace":"0","owner":"runner","replicationType":null,"replicationConfig":null,"quotaInBytes":"-1","quotaInNamespace":"-1","Transaction":"868"} | ret=SUCCESS |  
2025-10-17 11:02:53,077 | INFO  | OMAudit | user=runner | ip=127.0.0.1 | op=LIST_BUCKETS {"volume":"319b4c0a-ae54-4a94-8308-799e0ba0d187","startKey":"","prefix":"8d4ae202-8862-4207-9d23-da88bb8b8137","maxNumOfBuckets":"1000","hasSnapshot":"false"} | ret=SUCCESS |  
2025-10-17 11:02:53,078 [ForkJoinPool-1-worker-1] INFO  rpc.RpcClient (RpcClient.java:createBucket(686)) - Creating Bucket: 319b4c0a-ae54-4a94-8308-799e0ba0d187/7723e19f-5a26-401c-ab40-74b2506b84fc, with server-side default bucket layout, runner as owner, Versioning false, Storage Type set to DISK and Encryption set to false, Replication Type set to EC, Namespace Quota set to -1, Space Quota set to -1 
2025-10-17 11:02:53,080 [om1-OMStateMachineApplyTransactionThread - 0] INFO  bucket.OMBucketCreateRequest (OMBucketCreateRequest.java:validateAndUpdateCache(303)) - created bucket: 7723e19f-5a26-401c-ab40-74b2506b84fc of layout FILE_SYSTEM_OPTIMIZED in volume: 319b4c0a-ae54-4a94-8308-799e0ba0d187
2025-10-17 11:02:53,080 | INFO  | OMAudit | user=runner | ip=127.0.0.1 | op=CREATE_BUCKET {"volume":"319b4c0a-ae54-4a94-8308-799e0ba0d187","bucket":"7723e19f-5a26-401c-ab40-74b2506b84fc","bucketLayout":"FILE_SYSTEM_OPTIMIZED","gdprEnabled":null,"acls":"[user:runner:a[ACCESS], group:runner:rl[ACCESS]]","isVersionEnabled":"false","storageType":"DISK","creationTime":"1760698973079","bucketEncryptionKey":null,"modificationTime":"1760698973079","usedBytes":"0","usedNamespace":"0","snapshotUsedBytes":"0","snapshotUsedNamespace":"0","owner":"runner","replicationType":"EC","replicationConfig":"rs-3-2-1024k","quotaInBytes":"-1","quotaInNamespace":"-1","Transaction":"869"} | ret=SUCCESS |  
2025-10-17 11:02:53,082 | INFO  | OMAudit | user=runner | ip=127.0.0.1 | op=LIST_BUCKETS {"volume":"319b4c0a-ae54-4a94-8308-799e0ba0d187","startKey":"","prefix":"7723e19f-5a26-401c-ab40-74b2506b84fc","maxNumOfBuckets":"1000","hasSnapshot":"false"} | ret=SUCCESS |  
2025-10-17 11:02:53,083 [ForkJoinPool-1-worker-1] INFO  rpc.RpcClient (RpcClient.java:createBucket(686)) - Creating Bucket: 319b4c0a-ae54-4a94-8308-799e0ba0d187/6b581988-fad4-493a-a708-8d5462d1064a, with server-side default bucket layout, runner as owner, Versioning false, Storage Type set to DISK and Encryption set to false, Replication Type set to RATIS, Namespace Quota set to -1, Space Quota set to -1 
2025-10-17 11:02:53,084 [om1-OMStateMachineApplyTransactionThread - 0] INFO  bucket.OMBucketCreateRequest (OMBucketCreateRequest.java:validateAndUpdateCache(303)) - created bucket: 6b581988-fad4-493a-a708-8d5462d1064a of layout FILE_SYSTEM_OPTIMIZED in volume: 319b4c0a-ae54-4a94-8308-799e0ba0d187
2025-10-17 11:02:53,085 | INFO  | OMAudit | user=runner | ip=127.0.0.1 | op=CREATE_BUCKET {"volume":"319b4c0a-ae54-4a94-8308-799e0ba0d187","bucket":"6b581988-fad4-493a-a708-8d5462d1064a","bucketLayout":"FILE_SYSTEM_OPTIMIZED","gdprEnabled":null,"acls":"[user:runner:a[ACCESS], group:runner:rl[ACCESS]]","isVersionEnabled":"false","storageType":"DISK","creationTime":"1760698973084","bucketEncryptionKey":null,"modificationTime":"1760698973084","usedBytes":"0","usedNamespace":"0","snapshotUsedBytes":"0","snapshotUsedNamespace":"0","owner":"runner","replicationType":"RATIS","replicationConfig":"THREE","quotaInBytes":"-1","quotaInNamespace":"-1","Transaction":"870"} | ret=SUCCESS |  
2025-10-17 11:02:53,086 | INFO  | OMAudit | user=runner | ip=127.0.0.1 | op=LIST_BUCKETS {"volume":"319b4c0a-ae54-4a94-8308-799e0ba0d187","startKey":"","prefix":"6b581988-fad4-493a-a708-8d5462d1064a","maxNumOfBuckets":"1000","hasSnapshot":"false"} | ret=SUCCESS |  
]]></system-out>
  </testcase>
  <testcase name="testListKey" classname="org.apache.hadoop.ozone.client.rpc.TestSecureOzoneRpcClient" time="1.189">
    <system-out><![CDATA[2025-10-17 11:02:53,089 [ForkJoinPool-1-worker-1] INFO  rpc.RpcClient (RpcClient.java:createVolume(461)) - Creating Volume: vol-a-15887, with runner as owner and space quota set to -1 bytes, counts quota set to -1
2025-10-17 11:02:53,091 [om1-OMStateMachineApplyTransactionThread - 0] INFO  volume.OMVolumeCreateRequest (OMVolumeCreateRequest.java:validateAndUpdateCache(213)) - created volume:vol-a-15887 for user:runner
2025-10-17 11:02:53,091 | INFO  | OMAudit | user=runner | ip=127.0.0.1 | op=CREATE_VOLUME {"admin":"runner","owner":"runner","volume":"vol-a-15887","creationTime":"1760698973090","modificationTime":"1760698973090","quotaInBytes":"-1","quotaInNamespace":"-1","usedNamespace":"0","objectID":"-9223372036854552832","updateID":"871","Transaction":"871"} | ret=SUCCESS |  
2025-10-17 11:02:53,092 [ForkJoinPool-1-worker-1] INFO  rpc.RpcClient (RpcClient.java:createVolume(461)) - Creating Volume: vol-b-37778, with runner as owner and space quota set to -1 bytes, counts quota set to -1
2025-10-17 11:02:53,093 [om1-OMStateMachineApplyTransactionThread - 0] INFO  volume.OMVolumeCreateRequest (OMVolumeCreateRequest.java:validateAndUpdateCache(213)) - created volume:vol-b-37778 for user:runner
2025-10-17 11:02:53,094 | INFO  | OMAudit | user=runner | ip=127.0.0.1 | op=CREATE_VOLUME {"admin":"runner","owner":"runner","volume":"vol-b-37778","creationTime":"1760698973093","modificationTime":"1760698973093","quotaInBytes":"-1","quotaInNamespace":"-1","usedNamespace":"0","objectID":"-9223372036854552576","updateID":"872","Transaction":"872"} | ret=SUCCESS |  
2025-10-17 11:02:53,095 | INFO  | OMAudit | user=runner | ip=127.0.0.1 | op=READ_VOLUME {"volume":"vol-a-15887"} | ret=SUCCESS |  
2025-10-17 11:02:53,095 | INFO  | OMAudit | user=runner | ip=127.0.0.1 | op=READ_VOLUME {"volume":"vol-b-37778"} | ret=SUCCESS |  
2025-10-17 11:02:53,096 [ForkJoinPool-1-worker-1] INFO  rpc.RpcClient (RpcClient.java:createBucket(686)) - Creating Bucket: vol-a-15887/buc-a-10145, with server-side default bucket layout, runner as owner, Versioning false, Storage Type set to DISK and Encryption set to false, Replication Type set to server-side default replication type, Namespace Quota set to -1, Space Quota set to -1 
2025-10-17 11:02:53,097 [om1-OMStateMachineApplyTransactionThread - 0] INFO  bucket.OMBucketCreateRequest (OMBucketCreateRequest.java:validateAndUpdateCache(303)) - created bucket: buc-a-10145 of layout FILE_SYSTEM_OPTIMIZED in volume: vol-a-15887
2025-10-17 11:02:53,098 | INFO  | OMAudit | user=runner | ip=127.0.0.1 | op=CREATE_BUCKET {"volume":"vol-a-15887","bucket":"buc-a-10145","bucketLayout":"FILE_SYSTEM_OPTIMIZED","gdprEnabled":null,"acls":"[user:runner:a[ACCESS], group:runner:rl[ACCESS]]","isVersionEnabled":"false","storageType":"DISK","creationTime":"1760698973097","bucketEncryptionKey":null,"modificationTime":"1760698973097","usedBytes":"0","usedNamespace":"0","snapshotUsedBytes":"0","snapshotUsedNamespace":"0","owner":"runner","replicationType":null,"replicationConfig":null,"quotaInBytes":"-1","quotaInNamespace":"-1","Transaction":"873"} | ret=SUCCESS |  
2025-10-17 11:02:53,098 [ForkJoinPool-1-worker-1] INFO  rpc.RpcClient (RpcClient.java:createBucket(686)) - Creating Bucket: vol-a-15887/buc-b-76798, with server-side default bucket layout, runner as owner, Versioning false, Storage Type set to DISK and Encryption set to false, Replication Type set to server-side default replication type, Namespace Quota set to -1, Space Quota set to -1 
2025-10-17 11:02:53,100 [om1-OMStateMachineApplyTransactionThread - 0] INFO  bucket.OMBucketCreateRequest (OMBucketCreateRequest.java:validateAndUpdateCache(303)) - created bucket: buc-b-76798 of layout FILE_SYSTEM_OPTIMIZED in volume: vol-a-15887
2025-10-17 11:02:53,100 | INFO  | OMAudit | user=runner | ip=127.0.0.1 | op=CREATE_BUCKET {"volume":"vol-a-15887","bucket":"buc-b-76798","bucketLayout":"FILE_SYSTEM_OPTIMIZED","gdprEnabled":null,"acls":"[user:runner:a[ACCESS], group:runner:rl[ACCESS]]","isVersionEnabled":"false","storageType":"DISK","creationTime":"1760698973099","bucketEncryptionKey":null,"modificationTime":"1760698973099","usedBytes":"0","usedNamespace":"0","snapshotUsedBytes":"0","snapshotUsedNamespace":"0","owner":"runner","replicationType":null,"replicationConfig":null,"quotaInBytes":"-1","quotaInNamespace":"-1","Transaction":"874"} | ret=SUCCESS |  
2025-10-17 11:02:53,101 [ForkJoinPool-1-worker-1] INFO  rpc.RpcClient (RpcClient.java:createBucket(686)) - Creating Bucket: vol-b-37778/buc-a-10145, with server-side default bucket layout, runner as owner, Versioning false, Storage Type set to DISK and Encryption set to false, Replication Type set to server-side default replication type, Namespace Quota set to -1, Space Quota set to -1 
2025-10-17 11:02:53,103 [om1-OMStateMachineApplyTransactionThread - 0] INFO  bucket.OMBucketCreateRequest (OMBucketCreateRequest.java:validateAndUpdateCache(303)) - created bucket: buc-a-10145 of layout FILE_SYSTEM_OPTIMIZED in volume: vol-b-37778
2025-10-17 11:02:53,103 | INFO  | OMAudit | user=runner | ip=127.0.0.1 | op=CREATE_BUCKET {"volume":"vol-b-37778","bucket":"buc-a-10145","bucketLayout":"FILE_SYSTEM_OPTIMIZED","gdprEnabled":null,"acls":"[user:runner:a[ACCESS], group:runner:rl[ACCESS]]","isVersionEnabled":"false","storageType":"DISK","creationTime":"1760698973102","bucketEncryptionKey":null,"modificationTime":"1760698973102","usedBytes":"0","usedNamespace":"0","snapshotUsedBytes":"0","snapshotUsedNamespace":"0","owner":"runner","replicationType":null,"replicationConfig":null,"quotaInBytes":"-1","quotaInNamespace":"-1","Transaction":"875"} | ret=SUCCESS |  
2025-10-17 11:02:53,104 [ForkJoinPool-1-worker-1] INFO  rpc.RpcClient (RpcClient.java:createBucket(686)) - Creating Bucket: vol-b-37778/buc-b-76798, with server-side default bucket layout, runner as owner, Versioning false, Storage Type set to DISK and Encryption set to false, Replication Type set to server-side default replication type, Namespace Quota set to -1, Space Quota set to -1 
2025-10-17 11:02:53,105 [om1-OMStateMachineApplyTransactionThread - 0] INFO  bucket.OMBucketCreateRequest (OMBucketCreateRequest.java:validateAndUpdateCache(303)) - created bucket: buc-b-76798 of layout FILE_SYSTEM_OPTIMIZED in volume: vol-b-37778
2025-10-17 11:02:53,106 | INFO  | OMAudit | user=runner | ip=127.0.0.1 | op=CREATE_BUCKET {"volume":"vol-b-37778","bucket":"buc-b-76798","bucketLayout":"FILE_SYSTEM_OPTIMIZED","gdprEnabled":null,"acls":"[user:runner:a[ACCESS], group:runner:rl[ACCESS]]","isVersionEnabled":"false","storageType":"DISK","creationTime":"1760698973105","bucketEncryptionKey":null,"modificationTime":"1760698973105","usedBytes":"0","usedNamespace":"0","snapshotUsedBytes":"0","snapshotUsedNamespace":"0","owner":"runner","replicationType":null,"replicationConfig":null,"quotaInBytes":"-1","quotaInNamespace":"-1","Transaction":"876"} | ret=SUCCESS |  
2025-10-17 11:02:53,107 | INFO  | OMAudit | user=runner | ip=127.0.0.1 | op=READ_BUCKET {"volume":"vol-a-15887","bucket":"buc-a-10145"} | ret=SUCCESS |  
2025-10-17 11:02:53,108 | INFO  | OMAudit | user=runner | ip=127.0.0.1 | op=READ_BUCKET {"volume":"vol-a-15887","bucket":"buc-b-76798"} | ret=SUCCESS |  
2025-10-17 11:02:53,110 | INFO  | OMAudit | user=runner | ip=127.0.0.1 | op=READ_BUCKET {"volume":"vol-b-37778","bucket":"buc-a-10145"} | ret=SUCCESS |  
2025-10-17 11:02:53,111 | INFO  | OMAudit | user=runner | ip=127.0.0.1 | op=READ_BUCKET {"volume":"vol-b-37778","bucket":"buc-b-76798"} | ret=SUCCESS |  
2025-10-17 11:02:53,111 [om1-OMDoubleBufferFlushThread] INFO  db.RDBCheckpointManager (RDBCheckpointManager.java:createCheckpoint(87)) - Created checkpoint in rocksDB at /home/runner/work/ozone/ozone/hadoop-ozone/integration-test/target/test-dir/MiniOzoneClusterImpl-d1ffa5d3-3301-45c3-9f44-1ffa6967d237/om/data/db.snapshots/checkpointState/om.db-26d74e0a-6e6f-40ba-8f18-2f2106aaecda in 40 milliseconds
2025-10-17 11:02:53,115 | INFO  | OMAudit | user=runner | ip=127.0.0.1 | op=READ_BUCKET {"volume":"vol-a-15887","bucket":"buc-a-10145"} | ret=SUCCESS |  
2025-10-17 11:02:53,117 | INFO  | SCMAudit | user=runner | ip=127.0.0.1 | op=ALLOCATE_BLOCK {"replication":"RATIS/ONE","owner":"omServiceIdDefault","size":"4194304","sampleBlocks":"[conID: 10 locID: 115816896921600216]","num":"1","client":"","allocated":"1"} | ret=SUCCESS |  
2025-10-17 11:02:53,122 | INFO  | OMAudit | user=runner | ip=127.0.0.1 | op=ALLOCATE_KEY {"volume":"vol-a-15887","bucket":"buc-a-10145","key":"key-a-0-76168","dataSize":"10240","replicationType":"RATIS","replicationFactor":"ONE","Transaction":"877"} | ret=SUCCESS |  
2025-10-17 11:02:53,136 [om1-OMDoubleBufferFlushThread] INFO  om.OmSnapshotManager (OmSnapshotManager.java:createOmSnapshotCheckpoint(545)) - Created checkpoint: /home/runner/work/ozone/ozone/hadoop-ozone/integration-test/target/test-dir/MiniOzoneClusterImpl-d1ffa5d3-3301-45c3-9f44-1ffa6967d237/om/data/db.snapshots/checkpointState/om.db-26d74e0a-6e6f-40ba-8f18-2f2106aaecda for snapshot /vol-a-04028/bucket-a-1-53864/s20251017-110252.844
2025-10-17 11:02:53,137 | INFO  | OMAudit | user=runner | ip=127.0.0.1 | op=COMMIT_KEY {"volume":"vol-a-15887","bucket":"buc-a-10145","key":"key-a-0-76168","dataSize":"10240","replicationType":"RATIS","replicationFactor":"ONE","Transaction":"878"} | ret=SUCCESS |  
2025-10-17 11:02:53,139 | INFO  | OMAudit | user=runner | ip=127.0.0.1 | op=READ_BUCKET {"volume":"vol-a-15887","bucket":"buc-b-76798"} | ret=SUCCESS |  
2025-10-17 11:02:53,140 | INFO  | SCMAudit | user=runner | ip=127.0.0.1 | op=ALLOCATE_BLOCK {"replication":"RATIS/ONE","owner":"omServiceIdDefault","size":"4194304","sampleBlocks":"[conID: 14 locID: 115816896921600217]","num":"1","client":"","allocated":"1"} | ret=SUCCESS |  
2025-10-17 11:02:53,142 | INFO  | OMAudit | user=runner | ip=127.0.0.1 | op=ALLOCATE_KEY {"volume":"vol-a-15887","bucket":"buc-b-76798","key":"key-a-0-88440","dataSize":"10240","replicationType":"RATIS","replicationFactor":"ONE","Transaction":"879"} | ret=SUCCESS |  
2025-10-17 11:02:53,156 | INFO  | OMAudit | user=runner | ip=127.0.0.1 | op=COMMIT_KEY {"volume":"vol-a-15887","bucket":"buc-b-76798","key":"key-a-0-88440","dataSize":"10240","replicationType":"RATIS","replicationFactor":"ONE","Transaction":"880"} | ret=SUCCESS |  
2025-10-17 11:02:53,158 | INFO  | OMAudit | user=runner | ip=127.0.0.1 | op=READ_BUCKET {"volume":"vol-b-37778","bucket":"buc-a-10145"} | ret=SUCCESS |  
2025-10-17 11:02:53,159 | INFO  | SCMAudit | user=runner | ip=127.0.0.1 | op=ALLOCATE_BLOCK {"replication":"RATIS/ONE","owner":"omServiceIdDefault","size":"4194304","sampleBlocks":"[conID: 10 locID: 115816896921600218]","num":"1","client":"","allocated":"1"} | ret=SUCCESS |  
2025-10-17 11:02:53,160 | INFO  | OMAudit | user=runner | ip=127.0.0.1 | op=ALLOCATE_KEY {"volume":"vol-b-37778","bucket":"buc-a-10145","key":"key-a-0-40616","dataSize":"10240","replicationType":"RATIS","replicationFactor":"ONE","Transaction":"881"} | ret=SUCCESS |  
2025-10-17 11:02:53,169 | INFO  | OMAudit | user=runner | ip=127.0.0.1 | op=COMMIT_KEY {"volume":"vol-b-37778","bucket":"buc-a-10145","key":"key-a-0-40616","dataSize":"10240","replicationType":"RATIS","replicationFactor":"ONE","Transaction":"882"} | ret=SUCCESS |  
2025-10-17 11:02:53,171 | INFO  | OMAudit | user=runner | ip=127.0.0.1 | op=READ_BUCKET {"volume":"vol-b-37778","bucket":"buc-b-76798"} | ret=SUCCESS |  
2025-10-17 11:02:53,173 | INFO  | SCMAudit | user=runner | ip=127.0.0.1 | op=ALLOCATE_BLOCK {"replication":"RATIS/ONE","owner":"omServiceIdDefault","size":"4194304","sampleBlocks":"[conID: 2 locID: 115816896921600219]","num":"1","client":"","allocated":"1"} | ret=SUCCESS |  
2025-10-17 11:02:53,176 | INFO  | OMAudit | user=runner | ip=127.0.0.1 | op=ALLOCATE_KEY {"volume":"vol-b-37778","bucket":"buc-b-76798","key":"key-a-0-18740","dataSize":"10240","replicationType":"RATIS","replicationFactor":"ONE","Transaction":"883"} | ret=SUCCESS |  
2025-10-17 11:02:53,189 [om1-OMDoubleBufferFlushThread] INFO  db.RDBCheckpointManager (RDBCheckpointManager.java:createCheckpoint(87)) - Created checkpoint in rocksDB at /home/runner/work/ozone/ozone/hadoop-ozone/integration-test/target/test-dir/MiniOzoneClusterImpl-d1ffa5d3-3301-45c3-9f44-1ffa6967d237/om/data/db.snapshots/checkpointState/om.db-e6116870-fa1c-428b-85c9-511025d1e65f in 50 milliseconds
2025-10-17 11:02:53,189 | INFO  | OMAudit | user=runner | ip=127.0.0.1 | op=COMMIT_KEY {"volume":"vol-b-37778","bucket":"buc-b-76798","key":"key-a-0-18740","dataSize":"10240","replicationType":"RATIS","replicationFactor":"ONE","Transaction":"884"} | ret=SUCCESS |  
2025-10-17 11:02:53,193 | INFO  | OMAudit | user=runner | ip=127.0.0.1 | op=READ_BUCKET {"volume":"vol-a-15887","bucket":"buc-a-10145"} | ret=SUCCESS |  
2025-10-17 11:02:53,194 | INFO  | SCMAudit | user=runner | ip=127.0.0.1 | op=ALLOCATE_BLOCK {"replication":"RATIS/ONE","owner":"omServiceIdDefault","size":"4194304","sampleBlocks":"[conID: 2 locID: 115816896921600220]","num":"1","client":"","allocated":"1"} | ret=SUCCESS |  
2025-10-17 11:02:53,196 | INFO  | OMAudit | user=runner | ip=127.0.0.1 | op=ALLOCATE_KEY {"volume":"vol-a-15887","bucket":"buc-a-10145","key":"key-a-1-46650","dataSize":"10240","replicationType":"RATIS","replicationFactor":"ONE","Transaction":"885"} | ret=SUCCESS |  
2025-10-17 11:02:53,205 | INFO  | OMAudit | user=runner | ip=127.0.0.1 | op=COMMIT_KEY {"volume":"vol-a-15887","bucket":"buc-a-10145","key":"key-a-1-46650","dataSize":"10240","replicationType":"RATIS","replicationFactor":"ONE","Transaction":"886"} | ret=SUCCESS |  
2025-10-17 11:02:53,207 | INFO  | OMAudit | user=runner | ip=127.0.0.1 | op=READ_BUCKET {"volume":"vol-a-15887","bucket":"buc-b-76798"} | ret=SUCCESS |  
2025-10-17 11:02:53,208 | INFO  | SCMAudit | user=runner | ip=127.0.0.1 | op=ALLOCATE_BLOCK {"replication":"RATIS/ONE","owner":"omServiceIdDefault","size":"4194304","sampleBlocks":"[conID: 7 locID: 115816896921600221]","num":"1","client":"","allocated":"1"} | ret=SUCCESS |  
2025-10-17 11:02:53,209 [om1-OMDoubleBufferFlushThread] INFO  om.OmSnapshotManager (OmSnapshotManager.java:createOmSnapshotCheckpoint(545)) - Created checkpoint: /home/runner/work/ozone/ozone/hadoop-ozone/integration-test/target/test-dir/MiniOzoneClusterImpl-d1ffa5d3-3301-45c3-9f44-1ffa6967d237/om/data/db.snapshots/checkpointState/om.db-e6116870-fa1c-428b-85c9-511025d1e65f for snapshot /vol-b-57507/bucket-a-1-41325/s20251017-110252.848
2025-10-17 11:02:53,210 | INFO  | OMAudit | user=runner | ip=127.0.0.1 | op=ALLOCATE_KEY {"volume":"vol-a-15887","bucket":"buc-b-76798","key":"key-a-1-17383","dataSize":"10240","replicationType":"RATIS","replicationFactor":"ONE","Transaction":"887"} | ret=SUCCESS |  
2025-10-17 11:02:53,220 | INFO  | SCMAudit | user=runner | ip=127.0.0.1 | op=SEND_HEARTBEAT {"datanodeUUID":"50dccd39-549f-4f43-8b1f-597bf98f9c16","term":"2","command":"[]"} | ret=SUCCESS |  
2025-10-17 11:02:53,225 | INFO  | OMAudit | user=runner | ip=127.0.0.1 | op=COMMIT_KEY {"volume":"vol-a-15887","bucket":"buc-b-76798","key":"key-a-1-17383","dataSize":"10240","replicationType":"RATIS","replicationFactor":"ONE","Transaction":"888"} | ret=SUCCESS |  
2025-10-17 11:02:53,227 | INFO  | OMAudit | user=runner | ip=127.0.0.1 | op=READ_BUCKET {"volume":"vol-b-37778","bucket":"buc-a-10145"} | ret=SUCCESS |  
2025-10-17 11:02:53,229 | INFO  | SCMAudit | user=runner | ip=127.0.0.1 | op=ALLOCATE_BLOCK {"replication":"RATIS/ONE","owner":"omServiceIdDefault","size":"4194304","sampleBlocks":"[conID: 3 locID: 115816896921600222]","num":"1","client":"","allocated":"1"} | ret=SUCCESS |  
2025-10-17 11:02:53,231 | INFO  | OMAudit | user=runner | ip=127.0.0.1 | op=ALLOCATE_KEY {"volume":"vol-b-37778","bucket":"buc-a-10145","key":"key-a-1-87194","dataSize":"10240","replicationType":"RATIS","replicationFactor":"ONE","Transaction":"889"} | ret=SUCCESS |  
2025-10-17 11:02:53,236 | INFO  | SCMAudit | user=runner | ip=127.0.0.1 | op=SEND_HEARTBEAT {"datanodeUUID":"718bfa29-2c47-4ab5-ac61-3dfe9c6b9d5c","term":"2","command":"[]"} | ret=SUCCESS |  
2025-10-17 11:02:53,237 | INFO  | SCMAudit | user=runner | ip=127.0.0.1 | op=SEND_HEARTBEAT {"datanodeUUID":"99c47355-c013-4450-a734-aff6d3c99677","term":"2","command":"[]"} | ret=SUCCESS |  
2025-10-17 11:02:53,239 | INFO  | SCMAudit | user=runner | ip=127.0.0.1 | op=SEND_HEARTBEAT {"datanodeUUID":"7995ae7b-77ec-4e72-809d-814459f62ee0","term":"2","command":"[]"} | ret=SUCCESS |  
2025-10-17 11:02:53,244 | INFO  | OMAudit | user=runner | ip=127.0.0.1 | op=COMMIT_KEY {"volume":"vol-b-37778","bucket":"buc-a-10145","key":"key-a-1-87194","dataSize":"10240","replicationType":"RATIS","replicationFactor":"ONE","Transaction":"890"} | ret=SUCCESS |  
2025-10-17 11:02:53,245 | INFO  | OMAudit | user=runner | ip=127.0.0.1 | op=READ_BUCKET {"volume":"vol-b-37778","bucket":"buc-b-76798"} | ret=SUCCESS |  
2025-10-17 11:02:53,246 | INFO  | SCMAudit | user=runner | ip=127.0.0.1 | op=ALLOCATE_BLOCK {"replication":"RATIS/ONE","owner":"omServiceIdDefault","size":"4194304","sampleBlocks":"[conID: 2 locID: 115816896921600223]","num":"1","client":"","allocated":"1"} | ret=SUCCESS |  
2025-10-17 11:02:53,248 | INFO  | OMAudit | user=runner | ip=127.0.0.1 | op=ALLOCATE_KEY {"volume":"vol-b-37778","bucket":"buc-b-76798","key":"key-a-1-36325","dataSize":"10240","replicationType":"RATIS","replicationFactor":"ONE","Transaction":"891"} | ret=SUCCESS |  
2025-10-17 11:02:53,254 [om1-OMDoubleBufferFlushThread] INFO  db.RDBCheckpointManager (RDBCheckpointManager.java:createCheckpoint(87)) - Created checkpoint in rocksDB at /home/runner/work/ozone/ozone/hadoop-ozone/integration-test/target/test-dir/MiniOzoneClusterImpl-d1ffa5d3-3301-45c3-9f44-1ffa6967d237/om/data/db.snapshots/checkpointState/om.db-fddf8015-af7b-4511-87ea-170d87250878 in 42 milliseconds
2025-10-17 11:02:53,255 | INFO  | OMAudit | user=runner | ip=127.0.0.1 | op=COMMIT_KEY {"volume":"vol-b-37778","bucket":"buc-b-76798","key":"key-a-1-36325","dataSize":"10240","replicationType":"RATIS","replicationFactor":"ONE","Transaction":"892"} | ret=SUCCESS |  
2025-10-17 11:02:53,259 | INFO  | OMAudit | user=runner | ip=127.0.0.1 | op=READ_BUCKET {"volume":"vol-a-15887","bucket":"buc-a-10145"} | ret=SUCCESS |  
2025-10-17 11:02:53,261 | INFO  | SCMAudit | user=runner | ip=127.0.0.1 | op=ALLOCATE_BLOCK {"replication":"RATIS/ONE","owner":"omServiceIdDefault","size":"4194304","sampleBlocks":"[conID: 4 locID: 115816896921600224]","num":"1","client":"","allocated":"1"} | ret=SUCCESS |  
2025-10-17 11:02:53,263 | INFO  | OMAudit | user=runner | ip=127.0.0.1 | op=ALLOCATE_KEY {"volume":"vol-a-15887","bucket":"buc-a-10145","key":"key-a-2-57930","dataSize":"10240","replicationType":"RATIS","replicationFactor":"ONE","Transaction":"893"} | ret=SUCCESS |  
2025-10-17 11:02:53,271 | INFO  | OMAudit | user=runner | ip=127.0.0.1 | op=COMMIT_KEY {"volume":"vol-a-15887","bucket":"buc-a-10145","key":"key-a-2-57930","dataSize":"10240","replicationType":"RATIS","replicationFactor":"ONE","Transaction":"894"} | ret=SUCCESS |  
2025-10-17 11:02:53,272 [om1-OMDoubleBufferFlushThread] INFO  om.OmSnapshotManager (OmSnapshotManager.java:createOmSnapshotCheckpoint(545)) - Created checkpoint: /home/runner/work/ozone/ozone/hadoop-ozone/integration-test/target/test-dir/MiniOzoneClusterImpl-d1ffa5d3-3301-45c3-9f44-1ffa6967d237/om/data/db.snapshots/checkpointState/om.db-fddf8015-af7b-4511-87ea-170d87250878 for snapshot /vol-a-04028/bucket-a-2-87424/s20251017-110252.854
2025-10-17 11:02:53,272 | INFO  | OMAudit | user=runner | ip=127.0.0.1 | op=READ_BUCKET {"volume":"vol-a-15887","bucket":"buc-b-76798"} | ret=SUCCESS |  
2025-10-17 11:02:53,273 | INFO  | SCMAudit | user=runner | ip=127.0.0.1 | op=ALLOCATE_BLOCK {"replication":"RATIS/ONE","owner":"omServiceIdDefault","size":"4194304","sampleBlocks":"[conID: 5 locID: 115816896921600225]","num":"1","client":"","allocated":"1"} | ret=SUCCESS |  
2025-10-17 11:02:53,276 | INFO  | OMAudit | user=runner | ip=127.0.0.1 | op=ALLOCATE_KEY {"volume":"vol-a-15887","bucket":"buc-b-76798","key":"key-a-2-12606","dataSize":"10240","replicationType":"RATIS","replicationFactor":"ONE","Transaction":"895"} | ret=SUCCESS |  
2025-10-17 11:02:53,287 | INFO  | OMAudit | user=runner | ip=127.0.0.1 | op=COMMIT_KEY {"volume":"vol-a-15887","bucket":"buc-b-76798","key":"key-a-2-12606","dataSize":"10240","replicationType":"RATIS","replicationFactor":"ONE","Transaction":"896"} | ret=SUCCESS |  
2025-10-17 11:02:53,289 | INFO  | OMAudit | user=runner | ip=127.0.0.1 | op=READ_BUCKET {"volume":"vol-b-37778","bucket":"buc-a-10145"} | ret=SUCCESS |  
2025-10-17 11:02:53,290 | INFO  | SCMAudit | user=runner | ip=127.0.0.1 | op=ALLOCATE_BLOCK {"replication":"RATIS/ONE","owner":"omServiceIdDefault","size":"4194304","sampleBlocks":"[conID: 14 locID: 115816896921600226]","num":"1","client":"","allocated":"1"} | ret=SUCCESS |  
2025-10-17 11:02:53,292 | INFO  | OMAudit | user=runner | ip=127.0.0.1 | op=ALLOCATE_KEY {"volume":"vol-b-37778","bucket":"buc-a-10145","key":"key-a-2-07426","dataSize":"10240","replicationType":"RATIS","replicationFactor":"ONE","Transaction":"897"} | ret=SUCCESS |  
2025-10-17 11:02:53,298 | INFO  | OMAudit | user=runner | ip=127.0.0.1 | op=COMMIT_KEY {"volume":"vol-b-37778","bucket":"buc-a-10145","key":"key-a-2-07426","dataSize":"10240","replicationType":"RATIS","replicationFactor":"ONE","Transaction":"898"} | ret=SUCCESS |  
2025-10-17 11:02:53,299 | INFO  | OMAudit | user=runner | ip=127.0.0.1 | op=READ_BUCKET {"volume":"vol-b-37778","bucket":"buc-b-76798"} | ret=SUCCESS |  
2025-10-17 11:02:53,300 | INFO  | SCMAudit | user=runner | ip=127.0.0.1 | op=ALLOCATE_BLOCK {"replication":"RATIS/ONE","owner":"omServiceIdDefault","size":"4194304","sampleBlocks":"[conID: 14 locID: 115816896921600227]","num":"1","client":"","allocated":"1"} | ret=SUCCESS |  
2025-10-17 11:02:53,301 | INFO  | OMAudit | user=runner | ip=127.0.0.1 | op=ALLOCATE_KEY {"volume":"vol-b-37778","bucket":"buc-b-76798","key":"key-a-2-57673","dataSize":"10240","replicationType":"RATIS","replicationFactor":"ONE","Transaction":"899"} | ret=SUCCESS |  
2025-10-17 11:02:53,307 | INFO  | OMAudit | user=runner | ip=127.0.0.1 | op=COMMIT_KEY {"volume":"vol-b-37778","bucket":"buc-b-76798","key":"key-a-2-57673","dataSize":"10240","replicationType":"RATIS","replicationFactor":"ONE","Transaction":"900"} | ret=SUCCESS |  
2025-10-17 11:02:53,307 [om1-OMDoubleBufferFlushThread] INFO  db.RDBCheckpointManager (RDBCheckpointManager.java:createCheckpoint(87)) - Created checkpoint in rocksDB at /home/runner/work/ozone/ozone/hadoop-ozone/integration-test/target/test-dir/MiniOzoneClusterImpl-d1ffa5d3-3301-45c3-9f44-1ffa6967d237/om/data/db.snapshots/checkpointState/om.db-18003413-01ca-4402-99a9-4cd9d33df351 in 33 milliseconds
2025-10-17 11:02:53,310 | INFO  | OMAudit | user=runner | ip=127.0.0.1 | op=READ_BUCKET {"volume":"vol-a-15887","bucket":"buc-a-10145"} | ret=SUCCESS |  
2025-10-17 11:02:53,311 | INFO  | SCMAudit | user=runner | ip=127.0.0.1 | op=ALLOCATE_BLOCK {"replication":"RATIS/ONE","owner":"omServiceIdDefault","size":"4194304","sampleBlocks":"[conID: 5 locID: 115816896921600228]","num":"1","client":"","allocated":"1"} | ret=SUCCESS |  
2025-10-17 11:02:53,312 | INFO  | OMAudit | user=runner | ip=127.0.0.1 | op=ALLOCATE_KEY {"volume":"vol-a-15887","bucket":"buc-a-10145","key":"key-a-3-10255","dataSize":"10240","replicationType":"RATIS","replicationFactor":"ONE","Transaction":"901"} | ret=SUCCESS |  
2025-10-17 11:02:53,319 | INFO  | OMAudit | user=runner | ip=127.0.0.1 | op=COMMIT_KEY {"volume":"vol-a-15887","bucket":"buc-a-10145","key":"key-a-3-10255","dataSize":"10240","replicationType":"RATIS","replicationFactor":"ONE","Transaction":"902"} | ret=SUCCESS |  
2025-10-17 11:02:53,320 | INFO  | OMAudit | user=runner | ip=127.0.0.1 | op=READ_BUCKET {"volume":"vol-a-15887","bucket":"buc-b-76798"} | ret=SUCCESS |  
2025-10-17 11:02:53,322 | INFO  | SCMAudit | user=runner | ip=127.0.0.1 | op=ALLOCATE_BLOCK {"replication":"RATIS/ONE","owner":"omServiceIdDefault","size":"4194304","sampleBlocks":"[conID: 5 locID: 115816896921600229]","num":"1","client":"","allocated":"1"} | ret=SUCCESS |  
2025-10-17 11:02:53,324 [om1-OMDoubleBufferFlushThread] INFO  om.OmSnapshotManager (OmSnapshotManager.java:createOmSnapshotCheckpoint(545)) - Created checkpoint: /home/runner/work/ozone/ozone/hadoop-ozone/integration-test/target/test-dir/MiniOzoneClusterImpl-d1ffa5d3-3301-45c3-9f44-1ffa6967d237/om/data/db.snapshots/checkpointState/om.db-18003413-01ca-4402-99a9-4cd9d33df351 for snapshot /vol-b-57507/bucket-a-2-66174/s20251017-110252.859
2025-10-17 11:02:53,324 | INFO  | OMAudit | user=runner | ip=127.0.0.1 | op=ALLOCATE_KEY {"volume":"vol-a-15887","bucket":"buc-b-76798","key":"key-a-3-99586","dataSize":"10240","replicationType":"RATIS","replicationFactor":"ONE","Transaction":"903"} | ret=SUCCESS |  
2025-10-17 11:02:53,333 | INFO  | OMAudit | user=runner | ip=127.0.0.1 | op=COMMIT_KEY {"volume":"vol-a-15887","bucket":"buc-b-76798","key":"key-a-3-99586","dataSize":"10240","replicationType":"RATIS","replicationFactor":"ONE","Transaction":"904"} | ret=SUCCESS |  
2025-10-17 11:02:53,335 | INFO  | OMAudit | user=runner | ip=127.0.0.1 | op=READ_BUCKET {"volume":"vol-b-37778","bucket":"buc-a-10145"} | ret=SUCCESS |  
2025-10-17 11:02:53,336 | INFO  | SCMAudit | user=runner | ip=127.0.0.1 | op=ALLOCATE_BLOCK {"replication":"RATIS/ONE","owner":"omServiceIdDefault","size":"4194304","sampleBlocks":"[conID: 9 locID: 115816896921600230]","num":"1","client":"","allocated":"1"} | ret=SUCCESS |  
2025-10-17 11:02:53,339 | INFO  | OMAudit | user=runner | ip=127.0.0.1 | op=ALLOCATE_KEY {"volume":"vol-b-37778","bucket":"buc-a-10145","key":"key-a-3-05834","dataSize":"10240","replicationType":"RATIS","replicationFactor":"ONE","Transaction":"905"} | ret=SUCCESS |  
2025-10-17 11:02:53,351 | INFO  | OMAudit | user=runner | ip=127.0.0.1 | op=COMMIT_KEY {"volume":"vol-b-37778","bucket":"buc-a-10145","key":"key-a-3-05834","dataSize":"10240","replicationType":"RATIS","replicationFactor":"ONE","Transaction":"906"} | ret=SUCCESS |  
2025-10-17 11:02:53,352 | INFO  | OMAudit | user=runner | ip=127.0.0.1 | op=READ_BUCKET {"volume":"vol-b-37778","bucket":"buc-b-76798"} | ret=SUCCESS |  
2025-10-17 11:02:53,353 | INFO  | SCMAudit | user=runner | ip=127.0.0.1 | op=ALLOCATE_BLOCK {"replication":"RATIS/ONE","owner":"omServiceIdDefault","size":"4194304","sampleBlocks":"[conID: 8 locID: 115816896921600231]","num":"1","client":"","allocated":"1"} | ret=SUCCESS |  
2025-10-17 11:02:53,356 | INFO  | OMAudit | user=runner | ip=127.0.0.1 | op=ALLOCATE_KEY {"volume":"vol-b-37778","bucket":"buc-b-76798","key":"key-a-3-62488","dataSize":"10240","replicationType":"RATIS","replicationFactor":"ONE","Transaction":"907"} | ret=SUCCESS |  
2025-10-17 11:02:53,362 | INFO  | OMAudit | user=runner | ip=127.0.0.1 | op=COMMIT_KEY {"volume":"vol-b-37778","bucket":"buc-b-76798","key":"key-a-3-62488","dataSize":"10240","replicationType":"RATIS","replicationFactor":"ONE","Transaction":"908"} | ret=SUCCESS |  
2025-10-17 11:02:53,364 | INFO  | OMAudit | user=runner | ip=127.0.0.1 | op=READ_BUCKET {"volume":"vol-a-15887","bucket":"buc-a-10145"} | ret=SUCCESS |  
2025-10-17 11:02:53,366 | INFO  | SCMAudit | user=runner | ip=127.0.0.1 | op=ALLOCATE_BLOCK {"replication":"RATIS/ONE","owner":"omServiceIdDefault","size":"4194304","sampleBlocks":"[conID: 3 locID: 115816896921600232]","num":"1","client":"","allocated":"1"} | ret=SUCCESS |  
2025-10-17 11:02:53,367 [om1-OMDoubleBufferFlushThread] INFO  db.RDBCheckpointManager (RDBCheckpointManager.java:createCheckpoint(87)) - Created checkpoint in rocksDB at /home/runner/work/ozone/ozone/hadoop-ozone/integration-test/target/test-dir/MiniOzoneClusterImpl-d1ffa5d3-3301-45c3-9f44-1ffa6967d237/om/data/db.snapshots/checkpointState/om.db-1940b7fc-ed03-4dab-91d4-106d1f1b2a7f in 40 milliseconds
2025-10-17 11:02:53,368 | INFO  | OMAudit | user=runner | ip=127.0.0.1 | op=ALLOCATE_KEY {"volume":"vol-a-15887","bucket":"buc-a-10145","key":"key-a-4-56264","dataSize":"10240","replicationType":"RATIS","replicationFactor":"ONE","Transaction":"909"} | ret=SUCCESS |  
2025-10-17 11:02:53,375 | INFO  | OMAudit | user=runner | ip=127.0.0.1 | op=COMMIT_KEY {"volume":"vol-a-15887","bucket":"buc-a-10145","key":"key-a-4-56264","dataSize":"10240","replicationType":"RATIS","replicationFactor":"ONE","Transaction":"910"} | ret=SUCCESS |  
2025-10-17 11:02:53,376 | INFO  | OMAudit | user=runner | ip=127.0.0.1 | op=READ_BUCKET {"volume":"vol-a-15887","bucket":"buc-b-76798"} | ret=SUCCESS |  
2025-10-17 11:02:53,378 | INFO  | SCMAudit | user=runner | ip=127.0.0.1 | op=ALLOCATE_BLOCK {"replication":"RATIS/ONE","owner":"omServiceIdDefault","size":"4194304","sampleBlocks":"[conID: 8 locID: 115816896921600233]","num":"1","client":"","allocated":"1"} | ret=SUCCESS |  
2025-10-17 11:02:53,379 | INFO  | OMAudit | user=runner | ip=127.0.0.1 | op=ALLOCATE_KEY {"volume":"vol-a-15887","bucket":"buc-b-76798","key":"key-a-4-47746","dataSize":"10240","replicationType":"RATIS","replicationFactor":"ONE","Transaction":"911"} | ret=SUCCESS |  
2025-10-17 11:02:53,387 [om1-OMDoubleBufferFlushThread] INFO  om.OmSnapshotManager (OmSnapshotManager.java:createOmSnapshotCheckpoint(545)) - Created checkpoint: /home/runner/work/ozone/ozone/hadoop-ozone/integration-test/target/test-dir/MiniOzoneClusterImpl-d1ffa5d3-3301-45c3-9f44-1ffa6967d237/om/data/db.snapshots/checkpointState/om.db-1940b7fc-ed03-4dab-91d4-106d1f1b2a7f for snapshot /vol-a-04028/bucket-a-3-62957/s20251017-110252.864
2025-10-17 11:02:53,387 | INFO  | OMAudit | user=runner | ip=127.0.0.1 | op=COMMIT_KEY {"volume":"vol-a-15887","bucket":"buc-b-76798","key":"key-a-4-47746","dataSize":"10240","replicationType":"RATIS","replicationFactor":"ONE","Transaction":"912"} | ret=SUCCESS |  
2025-10-17 11:02:53,389 | INFO  | OMAudit | user=runner | ip=127.0.0.1 | op=READ_BUCKET {"volume":"vol-b-37778","bucket":"buc-a-10145"} | ret=SUCCESS |  
2025-10-17 11:02:53,390 | INFO  | SCMAudit | user=runner | ip=127.0.0.1 | op=ALLOCATE_BLOCK {"replication":"RATIS/ONE","owner":"omServiceIdDefault","size":"4194304","sampleBlocks":"[conID: 9 locID: 115816896921600234]","num":"1","client":"","allocated":"1"} | ret=SUCCESS |  
2025-10-17 11:02:53,392 | INFO  | OMAudit | user=runner | ip=127.0.0.1 | op=ALLOCATE_KEY {"volume":"vol-b-37778","bucket":"buc-a-10145","key":"key-a-4-49412","dataSize":"10240","replicationType":"RATIS","replicationFactor":"ONE","Transaction":"913"} | ret=SUCCESS |  
2025-10-17 11:02:53,401 | INFO  | OMAudit | user=runner | ip=127.0.0.1 | op=COMMIT_KEY {"volume":"vol-b-37778","bucket":"buc-a-10145","key":"key-a-4-49412","dataSize":"10240","replicationType":"RATIS","replicationFactor":"ONE","Transaction":"914"} | ret=SUCCESS |  
2025-10-17 11:02:53,403 | INFO  | OMAudit | user=runner | ip=127.0.0.1 | op=READ_BUCKET {"volume":"vol-b-37778","bucket":"buc-b-76798"} | ret=SUCCESS |  
2025-10-17 11:02:53,404 | INFO  | SCMAudit | user=runner | ip=127.0.0.1 | op=ALLOCATE_BLOCK {"replication":"RATIS/ONE","owner":"omServiceIdDefault","size":"4194304","sampleBlocks":"[conID: 1 locID: 115816896921600235]","num":"1","client":"","allocated":"1"} | ret=SUCCESS |  
2025-10-17 11:02:53,406 | INFO  | OMAudit | user=runner | ip=127.0.0.1 | op=ALLOCATE_KEY {"volume":"vol-b-37778","bucket":"buc-b-76798","key":"key-a-4-80766","dataSize":"10240","replicationType":"RATIS","replicationFactor":"ONE","Transaction":"915"} | ret=SUCCESS |  
2025-10-17 11:02:53,412 | INFO  | OMAudit | user=runner | ip=127.0.0.1 | op=COMMIT_KEY {"volume":"vol-b-37778","bucket":"buc-b-76798","key":"key-a-4-80766","dataSize":"10240","replicationType":"RATIS","replicationFactor":"ONE","Transaction":"916"} | ret=SUCCESS |  
2025-10-17 11:02:53,415 | INFO  | OMAudit | user=runner | ip=127.0.0.1 | op=READ_BUCKET {"volume":"vol-a-15887","bucket":"buc-a-10145"} | ret=SUCCESS |  
2025-10-17 11:02:53,416 | INFO  | SCMAudit | user=runner | ip=127.0.0.1 | op=ALLOCATE_BLOCK {"replication":"RATIS/ONE","owner":"omServiceIdDefault","size":"4194304","sampleBlocks":"[conID: 8 locID: 115816896921600236]","num":"1","client":"","allocated":"1"} | ret=SUCCESS |  
2025-10-17 11:02:53,418 | INFO  | OMAudit | user=runner | ip=127.0.0.1 | op=ALLOCATE_KEY {"volume":"vol-a-15887","bucket":"buc-a-10145","key":"key-a-5-93452","dataSize":"10240","replicationType":"RATIS","replicationFactor":"ONE","Transaction":"917"} | ret=SUCCESS |  
2025-10-17 11:02:53,427 | INFO  | OMAudit | user=runner | ip=127.0.0.1 | op=COMMIT_KEY {"volume":"vol-a-15887","bucket":"buc-a-10145","key":"key-a-5-93452","dataSize":"10240","replicationType":"RATIS","replicationFactor":"ONE","Transaction":"918"} | ret=SUCCESS |  
2025-10-17 11:02:53,429 | INFO  | OMAudit | user=runner | ip=127.0.0.1 | op=READ_BUCKET {"volume":"vol-a-15887","bucket":"buc-b-76798"} | ret=SUCCESS |  
2025-10-17 11:02:53,429 | INFO  | SCMAudit | user=runner | ip=127.0.0.1 | op=ALLOCATE_BLOCK {"replication":"RATIS/ONE","owner":"omServiceIdDefault","size":"4194304","sampleBlocks":"[conID: 2 locID: 115816896921600237]","num":"1","client":"","allocated":"1"} | ret=SUCCESS |  
2025-10-17 11:02:53,431 | INFO  | OMAudit | user=runner | ip=127.0.0.1 | op=ALLOCATE_KEY {"volume":"vol-a-15887","bucket":"buc-b-76798","key":"key-a-5-98638","dataSize":"10240","replicationType":"RATIS","replicationFactor":"ONE","Transaction":"919"} | ret=SUCCESS |  
2025-10-17 11:02:53,439 [om1-OMDoubleBufferFlushThread] INFO  db.RDBCheckpointManager (RDBCheckpointManager.java:createCheckpoint(87)) - Created checkpoint in rocksDB at /home/runner/work/ozone/ozone/hadoop-ozone/integration-test/target/test-dir/MiniOzoneClusterImpl-d1ffa5d3-3301-45c3-9f44-1ffa6967d237/om/data/db.snapshots/checkpointState/om.db-4b269836-822b-4c16-9d96-3696c7fc0c1a in 49 milliseconds
2025-10-17 11:02:53,444 | INFO  | OMAudit | user=runner | ip=127.0.0.1 | op=COMMIT_KEY {"volume":"vol-a-15887","bucket":"buc-b-76798","key":"key-a-5-98638","dataSize":"10240","replicationType":"RATIS","replicationFactor":"ONE","Transaction":"920"} | ret=SUCCESS |  
2025-10-17 11:02:53,445 | INFO  | OMAudit | user=runner | ip=127.0.0.1 | op=READ_BUCKET {"volume":"vol-b-37778","bucket":"buc-a-10145"} | ret=SUCCESS |  
2025-10-17 11:02:53,445 | INFO  | SCMAudit | user=runner | ip=127.0.0.1 | op=ALLOCATE_BLOCK {"replication":"RATIS/ONE","owner":"omServiceIdDefault","size":"4194304","sampleBlocks":"[conID: 6 locID: 115816896921600238]","num":"1","client":"","allocated":"1"} | ret=SUCCESS |  
2025-10-17 11:02:53,448 | INFO  | OMAudit | user=runner | ip=127.0.0.1 | op=ALLOCATE_KEY {"volume":"vol-b-37778","bucket":"buc-a-10145","key":"key-a-5-89902","dataSize":"10240","replicationType":"RATIS","replicationFactor":"ONE","Transaction":"921"} | ret=SUCCESS |  
2025-10-17 11:02:53,459 [om1-OMDoubleBufferFlushThread] INFO  om.OmSnapshotManager (OmSnapshotManager.java:createOmSnapshotCheckpoint(545)) - Created checkpoint: /home/runner/work/ozone/ozone/hadoop-ozone/integration-test/target/test-dir/MiniOzoneClusterImpl-d1ffa5d3-3301-45c3-9f44-1ffa6967d237/om/data/db.snapshots/checkpointState/om.db-4b269836-822b-4c16-9d96-3696c7fc0c1a for snapshot /vol-b-57507/bucket-a-3-42024/s20251017-110252.871
2025-10-17 11:02:53,464 | INFO  | OMAudit | user=runner | ip=127.0.0.1 | op=COMMIT_KEY {"volume":"vol-b-37778","bucket":"buc-a-10145","key":"key-a-5-89902","dataSize":"10240","replicationType":"RATIS","replicationFactor":"ONE","Transaction":"922"} | ret=SUCCESS |  
2025-10-17 11:02:53,465 | INFO  | OMAudit | user=runner | ip=127.0.0.1 | op=READ_BUCKET {"volume":"vol-b-37778","bucket":"buc-b-76798"} | ret=SUCCESS |  
2025-10-17 11:02:53,466 | INFO  | SCMAudit | user=runner | ip=127.0.0.1 | op=ALLOCATE_BLOCK {"replication":"RATIS/ONE","owner":"omServiceIdDefault","size":"4194304","sampleBlocks":"[conID: 4 locID: 115816896921600239]","num":"1","client":"","allocated":"1"} | ret=SUCCESS |  
2025-10-17 11:02:53,468 | INFO  | OMAudit | user=runner | ip=127.0.0.1 | op=ALLOCATE_KEY {"volume":"vol-b-37778","bucket":"buc-b-76798","key":"key-a-5-34219","dataSize":"10240","replicationType":"RATIS","replicationFactor":"ONE","Transaction":"923"} | ret=SUCCESS |  
2025-10-17 11:02:53,478 | INFO  | OMAudit | user=runner | ip=127.0.0.1 | op=COMMIT_KEY {"volume":"vol-b-37778","bucket":"buc-b-76798","key":"key-a-5-34219","dataSize":"10240","replicationType":"RATIS","replicationFactor":"ONE","Transaction":"924"} | ret=SUCCESS |  
2025-10-17 11:02:53,480 | INFO  | OMAudit | user=runner | ip=127.0.0.1 | op=READ_BUCKET {"volume":"vol-a-15887","bucket":"buc-a-10145"} | ret=SUCCESS |  
2025-10-17 11:02:53,481 | INFO  | SCMAudit | user=runner | ip=127.0.0.1 | op=ALLOCATE_BLOCK {"replication":"RATIS/ONE","owner":"omServiceIdDefault","size":"4194304","sampleBlocks":"[conID: 2 locID: 115816896921600240]","num":"1","client":"","allocated":"1"} | ret=SUCCESS |  
2025-10-17 11:02:53,483 | INFO  | OMAudit | user=runner | ip=127.0.0.1 | op=ALLOCATE_KEY {"volume":"vol-a-15887","bucket":"buc-a-10145","key":"key-a-6-84795","dataSize":"10240","replicationType":"RATIS","replicationFactor":"ONE","Transaction":"925"} | ret=SUCCESS |  
2025-10-17 11:02:53,491 | INFO  | OMAudit | user=runner | ip=127.0.0.1 | op=COMMIT_KEY {"volume":"vol-a-15887","bucket":"buc-a-10145","key":"key-a-6-84795","dataSize":"10240","replicationType":"RATIS","replicationFactor":"ONE","Transaction":"926"} | ret=SUCCESS |  
2025-10-17 11:02:53,494 | INFO  | OMAudit | user=runner | ip=127.0.0.1 | op=READ_BUCKET {"volume":"vol-a-15887","bucket":"buc-b-76798"} | ret=SUCCESS |  
2025-10-17 11:02:53,495 | INFO  | SCMAudit | user=runner | ip=127.0.0.1 | op=ALLOCATE_BLOCK {"replication":"RATIS/ONE","owner":"omServiceIdDefault","size":"4194304","sampleBlocks":"[conID: 6 locID: 115816896921600241]","num":"1","client":"","allocated":"1"} | ret=SUCCESS |  
2025-10-17 11:02:53,499 | INFO  | OMAudit | user=runner | ip=127.0.0.1 | op=ALLOCATE_KEY {"volume":"vol-a-15887","bucket":"buc-b-76798","key":"key-a-6-46814","dataSize":"10240","replicationType":"RATIS","replicationFactor":"ONE","Transaction":"927"} | ret=SUCCESS |  
2025-10-17 11:02:53,507 [om1-OMDoubleBufferFlushThread] INFO  db.RDBCheckpointManager (RDBCheckpointManager.java:createCheckpoint(87)) - Created checkpoint in rocksDB at /home/runner/work/ozone/ozone/hadoop-ozone/integration-test/target/test-dir/MiniOzoneClusterImpl-d1ffa5d3-3301-45c3-9f44-1ffa6967d237/om/data/db.snapshots/checkpointState/om.db-5b137ed9-0d69-40b8-a2b0-efa856b17c21 in 45 milliseconds
2025-10-17 11:02:53,507 | INFO  | OMAudit | user=runner | ip=127.0.0.1 | op=COMMIT_KEY {"volume":"vol-a-15887","bucket":"buc-b-76798","key":"key-a-6-46814","dataSize":"10240","replicationType":"RATIS","replicationFactor":"ONE","Transaction":"928"} | ret=SUCCESS |  
2025-10-17 11:02:53,508 | INFO  | OMAudit | user=runner | ip=127.0.0.1 | op=READ_BUCKET {"volume":"vol-b-37778","bucket":"buc-a-10145"} | ret=SUCCESS |  
2025-10-17 11:02:53,509 | INFO  | SCMAudit | user=runner | ip=127.0.0.1 | op=ALLOCATE_BLOCK {"replication":"RATIS/ONE","owner":"omServiceIdDefault","size":"4194304","sampleBlocks":"[conID: 14 locID: 115816896921600242]","num":"1","client":"","allocated":"1"} | ret=SUCCESS |  
2025-10-17 11:02:53,511 | INFO  | OMAudit | user=runner | ip=127.0.0.1 | op=ALLOCATE_KEY {"volume":"vol-b-37778","bucket":"buc-a-10145","key":"key-a-6-27743","dataSize":"10240","replicationType":"RATIS","replicationFactor":"ONE","Transaction":"929"} | ret=SUCCESS |  
2025-10-17 11:02:53,520 | INFO  | OMAudit | user=runner | ip=127.0.0.1 | op=COMMIT_KEY {"volume":"vol-b-37778","bucket":"buc-a-10145","key":"key-a-6-27743","dataSize":"10240","replicationType":"RATIS","replicationFactor":"ONE","Transaction":"930"} | ret=SUCCESS |  
2025-10-17 11:02:53,522 | INFO  | OMAudit | user=runner | ip=127.0.0.1 | op=READ_BUCKET {"volume":"vol-b-37778","bucket":"buc-b-76798"} | ret=SUCCESS |  
2025-10-17 11:02:53,523 | INFO  | SCMAudit | user=runner | ip=127.0.0.1 | op=ALLOCATE_BLOCK {"replication":"RATIS/ONE","owner":"omServiceIdDefault","size":"4194304","sampleBlocks":"[conID: 7 locID: 115816896921600243]","num":"1","client":"","allocated":"1"} | ret=SUCCESS |  
2025-10-17 11:02:53,527 | INFO  | OMAudit | user=runner | ip=127.0.0.1 | op=ALLOCATE_KEY {"volume":"vol-b-37778","bucket":"buc-b-76798","key":"key-a-6-31655","dataSize":"10240","replicationType":"RATIS","replicationFactor":"ONE","Transaction":"931"} | ret=SUCCESS |  
2025-10-17 11:02:53,532 [om1-OMDoubleBufferFlushThread] INFO  om.OmSnapshotManager (OmSnapshotManager.java:createOmSnapshotCheckpoint(545)) - Created checkpoint: /home/runner/work/ozone/ozone/hadoop-ozone/integration-test/target/test-dir/MiniOzoneClusterImpl-d1ffa5d3-3301-45c3-9f44-1ffa6967d237/om/data/db.snapshots/checkpointState/om.db-5b137ed9-0d69-40b8-a2b0-efa856b17c21 for snapshot /vol-a-04028/bucket-a-4-57878/s20251017-110252.878
2025-10-17 11:02:53,534 | INFO  | OMAudit | user=runner | ip=127.0.0.1 | op=COMMIT_KEY {"volume":"vol-b-37778","bucket":"buc-b-76798","key":"key-a-6-31655","dataSize":"10240","replicationType":"RATIS","replicationFactor":"ONE","Transaction":"932"} | ret=SUCCESS |  
2025-10-17 11:02:53,537 | INFO  | OMAudit | user=runner | ip=127.0.0.1 | op=READ_BUCKET {"volume":"vol-a-15887","bucket":"buc-a-10145"} | ret=SUCCESS |  
2025-10-17 11:02:53,538 | INFO  | SCMAudit | user=runner | ip=127.0.0.1 | op=ALLOCATE_BLOCK {"replication":"RATIS/ONE","owner":"omServiceIdDefault","size":"4194304","sampleBlocks":"[conID: 2 locID: 115816896921600244]","num":"1","client":"","allocated":"1"} | ret=SUCCESS |  
2025-10-17 11:02:53,540 | INFO  | OMAudit | user=runner | ip=127.0.0.1 | op=ALLOCATE_KEY {"volume":"vol-a-15887","bucket":"buc-a-10145","key":"key-a-7-65929","dataSize":"10240","replicationType":"RATIS","replicationFactor":"ONE","Transaction":"933"} | ret=SUCCESS |  
2025-10-17 11:02:53,551 | INFO  | OMAudit | user=runner | ip=127.0.0.1 | op=COMMIT_KEY {"volume":"vol-a-15887","bucket":"buc-a-10145","key":"key-a-7-65929","dataSize":"10240","replicationType":"RATIS","replicationFactor":"ONE","Transaction":"934"} | ret=SUCCESS |  
2025-10-17 11:02:53,552 | INFO  | OMAudit | user=runner | ip=127.0.0.1 | op=READ_BUCKET {"volume":"vol-a-15887","bucket":"buc-b-76798"} | ret=SUCCESS |  
2025-10-17 11:02:53,553 | INFO  | SCMAudit | user=runner | ip=127.0.0.1 | op=ALLOCATE_BLOCK {"replication":"RATIS/ONE","owner":"omServiceIdDefault","size":"4194304","sampleBlocks":"[conID: 11 locID: 115816896921600245]","num":"1","client":"","allocated":"1"} | ret=SUCCESS |  
2025-10-17 11:02:53,555 | INFO  | OMAudit | user=runner | ip=127.0.0.1 | op=ALLOCATE_KEY {"volume":"vol-a-15887","bucket":"buc-b-76798","key":"key-a-7-05503","dataSize":"10240","replicationType":"RATIS","replicationFactor":"ONE","Transaction":"935"} | ret=SUCCESS |  
2025-10-17 11:02:53,566 | INFO  | OMAudit | user=runner | ip=127.0.0.1 | op=COMMIT_KEY {"volume":"vol-a-15887","bucket":"buc-b-76798","key":"key-a-7-05503","dataSize":"10240","replicationType":"RATIS","replicationFactor":"ONE","Transaction":"936"} | ret=SUCCESS |  
2025-10-17 11:02:53,567 | INFO  | OMAudit | user=runner | ip=127.0.0.1 | op=READ_BUCKET {"volume":"vol-b-37778","bucket":"buc-a-10145"} | ret=SUCCESS |  
2025-10-17 11:02:53,568 | INFO  | SCMAudit | user=runner | ip=127.0.0.1 | op=ALLOCATE_BLOCK {"replication":"RATIS/ONE","owner":"omServiceIdDefault","size":"4194304","sampleBlocks":"[conID: 10 locID: 115816896921600246]","num":"1","client":"","allocated":"1"} | ret=SUCCESS |  
2025-10-17 11:02:53,570 | INFO  | OMAudit | user=runner | ip=127.0.0.1 | op=ALLOCATE_KEY {"volume":"vol-b-37778","bucket":"buc-a-10145","key":"key-a-7-64514","dataSize":"10240","replicationType":"RATIS","replicationFactor":"ONE","Transaction":"937"} | ret=SUCCESS |  
2025-10-17 11:02:53,576 [om1-OMDoubleBufferFlushThread] INFO  db.RDBCheckpointManager (RDBCheckpointManager.java:createCheckpoint(87)) - Created checkpoint in rocksDB at /home/runner/work/ozone/ozone/hadoop-ozone/integration-test/target/test-dir/MiniOzoneClusterImpl-d1ffa5d3-3301-45c3-9f44-1ffa6967d237/om/data/db.snapshots/checkpointState/om.db-2ae9efdf-7440-4d4d-8621-5bbc07ec8861 in 42 milliseconds
2025-10-17 11:02:53,577 | INFO  | OMAudit | user=runner | ip=127.0.0.1 | op=COMMIT_KEY {"volume":"vol-b-37778","bucket":"buc-a-10145","key":"key-a-7-64514","dataSize":"10240","replicationType":"RATIS","replicationFactor":"ONE","Transaction":"938"} | ret=SUCCESS |  
2025-10-17 11:02:53,578 | INFO  | OMAudit | user=runner | ip=127.0.0.1 | op=READ_BUCKET {"volume":"vol-b-37778","bucket":"buc-b-76798"} | ret=SUCCESS |  
2025-10-17 11:02:53,579 | INFO  | SCMAudit | user=runner | ip=127.0.0.1 | op=ALLOCATE_BLOCK {"replication":"RATIS/ONE","owner":"omServiceIdDefault","size":"4194304","sampleBlocks":"[conID: 11 locID: 115816896921600247]","num":"1","client":"","allocated":"1"} | ret=SUCCESS |  
2025-10-17 11:02:53,581 | INFO  | OMAudit | user=runner | ip=127.0.0.1 | op=ALLOCATE_KEY {"volume":"vol-b-37778","bucket":"buc-b-76798","key":"key-a-7-31820","dataSize":"10240","replicationType":"RATIS","replicationFactor":"ONE","Transaction":"939"} | ret=SUCCESS |  
2025-10-17 11:02:53,589 | INFO  | OMAudit | user=runner | ip=127.0.0.1 | op=COMMIT_KEY {"volume":"vol-b-37778","bucket":"buc-b-76798","key":"key-a-7-31820","dataSize":"10240","replicationType":"RATIS","replicationFactor":"ONE","Transaction":"940"} | ret=SUCCESS |  
2025-10-17 11:02:53,593 | INFO  | OMAudit | user=runner | ip=127.0.0.1 | op=READ_BUCKET {"volume":"vol-a-15887","bucket":"buc-a-10145"} | ret=SUCCESS |  
2025-10-17 11:02:53,594 | INFO  | SCMAudit | user=runner | ip=127.0.0.1 | op=ALLOCATE_BLOCK {"replication":"RATIS/ONE","owner":"omServiceIdDefault","size":"4194304","sampleBlocks":"[conID: 12 locID: 115816896921600248]","num":"1","client":"","allocated":"1"} | ret=SUCCESS |  
2025-10-17 11:02:53,596 | INFO  | OMAudit | user=runner | ip=127.0.0.1 | op=ALLOCATE_KEY {"volume":"vol-a-15887","bucket":"buc-a-10145","key":"key-a-8-95241","dataSize":"10240","replicationType":"RATIS","replicationFactor":"ONE","Transaction":"941"} | ret=SUCCESS |  
2025-10-17 11:02:53,597 [om1-OMDoubleBufferFlushThread] INFO  om.OmSnapshotManager (OmSnapshotManager.java:createOmSnapshotCheckpoint(545)) - Created checkpoint: /home/runner/work/ozone/ozone/hadoop-ozone/integration-test/target/test-dir/MiniOzoneClusterImpl-d1ffa5d3-3301-45c3-9f44-1ffa6967d237/om/data/db.snapshots/checkpointState/om.db-2ae9efdf-7440-4d4d-8621-5bbc07ec8861 for snapshot /vol-b-57507/bucket-a-4-75817/s20251017-110252.883
2025-10-17 11:02:53,603 | INFO  | OMAudit | user=runner | ip=127.0.0.1 | op=COMMIT_KEY {"volume":"vol-a-15887","bucket":"buc-a-10145","key":"key-a-8-95241","dataSize":"10240","replicationType":"RATIS","replicationFactor":"ONE","Transaction":"942"} | ret=SUCCESS |  
2025-10-17 11:02:53,606 | INFO  | OMAudit | user=runner | ip=127.0.0.1 | op=READ_BUCKET {"volume":"vol-a-15887","bucket":"buc-b-76798"} | ret=SUCCESS |  
2025-10-17 11:02:53,606 | INFO  | SCMAudit | user=runner | ip=127.0.0.1 | op=ALLOCATE_BLOCK {"replication":"RATIS/ONE","owner":"omServiceIdDefault","size":"4194304","sampleBlocks":"[conID: 4 locID: 115816896921600249]","num":"1","client":"","allocated":"1"} | ret=SUCCESS |  
2025-10-17 11:02:53,608 | INFO  | OMAudit | user=runner | ip=127.0.0.1 | op=ALLOCATE_KEY {"volume":"vol-a-15887","bucket":"buc-b-76798","key":"key-a-8-98534","dataSize":"10240","replicationType":"RATIS","replicationFactor":"ONE","Transaction":"943"} | ret=SUCCESS |  
2025-10-17 11:02:53,619 | INFO  | OMAudit | user=runner | ip=127.0.0.1 | op=COMMIT_KEY {"volume":"vol-a-15887","bucket":"buc-b-76798","key":"key-a-8-98534","dataSize":"10240","replicationType":"RATIS","replicationFactor":"ONE","Transaction":"944"} | ret=SUCCESS |  
2025-10-17 11:02:53,620 | INFO  | OMAudit | user=runner | ip=127.0.0.1 | op=READ_BUCKET {"volume":"vol-b-37778","bucket":"buc-a-10145"} | ret=SUCCESS |  
2025-10-17 11:02:53,623 | INFO  | SCMAudit | user=runner | ip=127.0.0.1 | op=ALLOCATE_BLOCK {"replication":"RATIS/ONE","owner":"omServiceIdDefault","size":"4194304","sampleBlocks":"[conID: 1 locID: 115816896921600250]","num":"1","client":"","allocated":"1"} | ret=SUCCESS |  
2025-10-17 11:02:53,626 | INFO  | OMAudit | user=runner | ip=127.0.0.1 | op=ALLOCATE_KEY {"volume":"vol-b-37778","bucket":"buc-a-10145","key":"key-a-8-25909","dataSize":"10240","replicationType":"RATIS","replicationFactor":"ONE","Transaction":"945"} | ret=SUCCESS |  
2025-10-17 11:02:53,632 | INFO  | OMAudit | user=runner | ip=127.0.0.1 | op=COMMIT_KEY {"volume":"vol-b-37778","bucket":"buc-a-10145","key":"key-a-8-25909","dataSize":"10240","replicationType":"RATIS","replicationFactor":"ONE","Transaction":"946"} | ret=SUCCESS |  
2025-10-17 11:02:53,633 | INFO  | OMAudit | user=runner | ip=127.0.0.1 | op=READ_BUCKET {"volume":"vol-b-37778","bucket":"buc-b-76798"} | ret=SUCCESS |  
2025-10-17 11:02:53,634 | INFO  | SCMAudit | user=runner | ip=127.0.0.1 | op=ALLOCATE_BLOCK {"replication":"RATIS/ONE","owner":"omServiceIdDefault","size":"4194304","sampleBlocks":"[conID: 10 locID: 115816896921600251]","num":"1","client":"","allocated":"1"} | ret=SUCCESS |  
2025-10-17 11:02:53,636 | INFO  | OMAudit | user=runner | ip=127.0.0.1 | op=ALLOCATE_KEY {"volume":"vol-b-37778","bucket":"buc-b-76798","key":"key-a-8-92407","dataSize":"10240","replicationType":"RATIS","replicationFactor":"ONE","Transaction":"947"} | ret=SUCCESS |  
2025-10-17 11:02:53,639 [om1-OMDoubleBufferFlushThread] INFO  db.RDBCheckpointManager (RDBCheckpointManager.java:createCheckpoint(87)) - Created checkpoint in rocksDB at /home/runner/work/ozone/ozone/hadoop-ozone/integration-test/target/test-dir/MiniOzoneClusterImpl-d1ffa5d3-3301-45c3-9f44-1ffa6967d237/om/data/db.snapshots/checkpointState/om.db-d06978a7-1611-41ca-89fc-5bb7430d858d in 40 milliseconds
2025-10-17 11:02:53,643 | INFO  | OMAudit | user=runner | ip=127.0.0.1 | op=COMMIT_KEY {"volume":"vol-b-37778","bucket":"buc-b-76798","key":"key-a-8-92407","dataSize":"10240","replicationType":"RATIS","replicationFactor":"ONE","Transaction":"948"} | ret=SUCCESS |  
2025-10-17 11:02:53,646 | INFO  | OMAudit | user=runner | ip=127.0.0.1 | op=READ_BUCKET {"volume":"vol-a-15887","bucket":"buc-a-10145"} | ret=SUCCESS |  
2025-10-17 11:02:53,647 | INFO  | SCMAudit | user=runner | ip=127.0.0.1 | op=ALLOCATE_BLOCK {"replication":"RATIS/ONE","owner":"omServiceIdDefault","size":"4194304","sampleBlocks":"[conID: 4 locID: 115816896921600252]","num":"1","client":"","allocated":"1"} | ret=SUCCESS |  
2025-10-17 11:02:53,649 | INFO  | OMAudit | user=runner | ip=127.0.0.1 | op=ALLOCATE_KEY {"volume":"vol-a-15887","bucket":"buc-a-10145","key":"key-a-9-31058","dataSize":"10240","replicationType":"RATIS","replicationFactor":"ONE","Transaction":"949"} | ret=SUCCESS |  
2025-10-17 11:02:53,657 | INFO  | OMAudit | user=runner | ip=127.0.0.1 | op=COMMIT_KEY {"volume":"vol-a-15887","bucket":"buc-a-10145","key":"key-a-9-31058","dataSize":"10240","replicationType":"RATIS","replicationFactor":"ONE","Transaction":"950"} | ret=SUCCESS |  
2025-10-17 11:02:53,658 [om1-OMDoubleBufferFlushThread] INFO  om.OmSnapshotManager (OmSnapshotManager.java:createOmSnapshotCheckpoint(545)) - Created checkpoint: /home/runner/work/ozone/ozone/hadoop-ozone/integration-test/target/test-dir/MiniOzoneClusterImpl-d1ffa5d3-3301-45c3-9f44-1ffa6967d237/om/data/db.snapshots/checkpointState/om.db-d06978a7-1611-41ca-89fc-5bb7430d858d for snapshot /vol-a-04028/bucket-a-5-98404/s20251017-110252.888
2025-10-17 11:02:53,658 | INFO  | OMAudit | user=runner | ip=127.0.0.1 | op=READ_BUCKET {"volume":"vol-a-15887","bucket":"buc-b-76798"} | ret=SUCCESS |  
2025-10-17 11:02:53,659 | INFO  | SCMAudit | user=runner | ip=127.0.0.1 | op=ALLOCATE_BLOCK {"replication":"RATIS/ONE","owner":"omServiceIdDefault","size":"4194304","sampleBlocks":"[conID: 5 locID: 115816896921600253]","num":"1","client":"","allocated":"1"} | ret=SUCCESS |  
2025-10-17 11:02:53,661 | INFO  | OMAudit | user=runner | ip=127.0.0.1 | op=ALLOCATE_KEY {"volume":"vol-a-15887","bucket":"buc-b-76798","key":"key-a-9-79554","dataSize":"10240","replicationType":"RATIS","replicationFactor":"ONE","Transaction":"951"} | ret=SUCCESS |  
2025-10-17 11:02:53,667 | INFO  | OMAudit | user=runner | ip=127.0.0.1 | op=COMMIT_KEY {"volume":"vol-a-15887","bucket":"buc-b-76798","key":"key-a-9-79554","dataSize":"10240","replicationType":"RATIS","replicationFactor":"ONE","Transaction":"952"} | ret=SUCCESS |  
2025-10-17 11:02:53,669 | INFO  | OMAudit | user=runner | ip=127.0.0.1 | op=READ_BUCKET {"volume":"vol-b-37778","bucket":"buc-a-10145"} | ret=SUCCESS |  
2025-10-17 11:02:53,670 | INFO  | SCMAudit | user=runner | ip=127.0.0.1 | op=ALLOCATE_BLOCK {"replication":"RATIS/ONE","owner":"omServiceIdDefault","size":"4194304","sampleBlocks":"[conID: 9 locID: 115816896921600254]","num":"1","client":"","allocated":"1"} | ret=SUCCESS |  
2025-10-17 11:02:53,673 | INFO  | OMAudit | user=runner | ip=127.0.0.1 | op=ALLOCATE_KEY {"volume":"vol-b-37778","bucket":"buc-a-10145","key":"key-a-9-51920","dataSize":"10240","replicationType":"RATIS","replicationFactor":"ONE","Transaction":"953"} | ret=SUCCESS |  
2025-10-17 11:02:53,682 | INFO  | OMAudit | user=runner | ip=127.0.0.1 | op=COMMIT_KEY {"volume":"vol-b-37778","bucket":"buc-a-10145","key":"key-a-9-51920","dataSize":"10240","replicationType":"RATIS","replicationFactor":"ONE","Transaction":"954"} | ret=SUCCESS |  
2025-10-17 11:02:53,684 | INFO  | OMAudit | user=runner | ip=127.0.0.1 | op=READ_BUCKET {"volume":"vol-b-37778","bucket":"buc-b-76798"} | ret=SUCCESS |  
2025-10-17 11:02:53,685 | INFO  | SCMAudit | user=runner | ip=127.0.0.1 | op=ALLOCATE_BLOCK {"replication":"RATIS/ONE","owner":"omServiceIdDefault","size":"4194304","sampleBlocks":"[conID: 2 locID: 115816896921600255]","num":"1","client":"","allocated":"1"} | ret=SUCCESS |  
2025-10-17 11:02:53,689 | INFO  | OMAudit | user=runner | ip=127.0.0.1 | op=ALLOCATE_KEY {"volume":"vol-b-37778","bucket":"buc-b-76798","key":"key-a-9-79130","dataSize":"10240","replicationType":"RATIS","replicationFactor":"ONE","Transaction":"955"} | ret=SUCCESS |  
2025-10-17 11:02:53,699 | INFO  | OMAudit | user=runner | ip=127.0.0.1 | op=COMMIT_KEY {"volume":"vol-b-37778","bucket":"buc-b-76798","key":"key-a-9-79130","dataSize":"10240","replicationType":"RATIS","replicationFactor":"ONE","Transaction":"956"} | ret=SUCCESS |  
2025-10-17 11:02:53,702 | INFO  | OMAudit | user=runner | ip=127.0.0.1 | op=READ_BUCKET {"volume":"vol-a-15887","bucket":"buc-a-10145"} | ret=SUCCESS |  
2025-10-17 11:02:53,704 | INFO  | SCMAudit | user=runner | ip=127.0.0.1 | op=ALLOCATE_BLOCK {"replication":"RATIS/ONE","owner":"omServiceIdDefault","size":"4194304","sampleBlocks":"[conID: 5 locID: 115816896921600256]","num":"1","client":"","allocated":"1"} | ret=SUCCESS |  
2025-10-17 11:02:53,709 | INFO  | OMAudit | user=runner | ip=127.0.0.1 | op=ALLOCATE_KEY {"volume":"vol-a-15887","bucket":"buc-a-10145","key":"key-b-0-79573","dataSize":"10240","replicationType":"RATIS","replicationFactor":"ONE","Transaction":"957"} | ret=SUCCESS |  
2025-10-17 11:02:53,717 | INFO  | SCMAudit | user=runner | ip=127.0.0.1 | op=SEND_HEARTBEAT {"datanodeUUID":"28c08cd4-c049-4c66-8210-e254cf68b291","term":"2","command":"[]"} | ret=SUCCESS |  
2025-10-17 11:02:53,717 | INFO  | SCMAudit | user=runner | ip=127.0.0.1 | op=SEND_HEARTBEAT {"datanodeUUID":"b1eee25a-1fdf-4744-83c7-58e0513fce3b","term":"2","command":"[]"} | ret=SUCCESS |  
2025-10-17 11:02:53,720 | INFO  | SCMAudit | user=runner | ip=127.0.0.1 | op=SEND_HEARTBEAT {"datanodeUUID":"b6f92338-e951-49df-a986-ea31ece96e9e","term":"2","command":"[]"} | ret=SUCCESS |  
2025-10-17 11:02:53,721 [om1-OMDoubleBufferFlushThread] INFO  db.RDBCheckpointManager (RDBCheckpointManager.java:createCheckpoint(87)) - Created checkpoint in rocksDB at /home/runner/work/ozone/ozone/hadoop-ozone/integration-test/target/test-dir/MiniOzoneClusterImpl-d1ffa5d3-3301-45c3-9f44-1ffa6967d237/om/data/db.snapshots/checkpointState/om.db-01edc6dc-dbc4-4944-9e48-bac738222c07 in 60 milliseconds
2025-10-17 11:02:53,722 | INFO  | OMAudit | user=runner | ip=127.0.0.1 | op=COMMIT_KEY {"volume":"vol-a-15887","bucket":"buc-a-10145","key":"key-b-0-79573","dataSize":"10240","replicationType":"RATIS","replicationFactor":"ONE","Transaction":"958"} | ret=SUCCESS |  
2025-10-17 11:02:53,723 | INFO  | SCMAudit | user=runner | ip=127.0.0.1 | op=SEND_HEARTBEAT {"datanodeUUID":"b292b6be-9482-4c30-a3e0-c9f721931b72","term":"2","command":"[]"} | ret=SUCCESS |  
2025-10-17 11:02:53,723 | INFO  | OMAudit | user=runner | ip=127.0.0.1 | op=READ_BUCKET {"volume":"vol-a-15887","bucket":"buc-b-76798"} | ret=SUCCESS |  
2025-10-17 11:02:53,724 | INFO  | SCMAudit | user=runner | ip=127.0.0.1 | op=SEND_HEARTBEAT {"datanodeUUID":"2b4cc429-f9c1-416c-9a38-6239a2e149ea","term":"2","command":"[]"} | ret=SUCCESS |  
2025-10-17 11:02:53,725 | INFO  | SCMAudit | user=runner | ip=127.0.0.1 | op=ALLOCATE_BLOCK {"replication":"RATIS/ONE","owner":"omServiceIdDefault","size":"4194304","sampleBlocks":"[conID: 2 locID: 115816896921600257]","num":"1","client":"","allocated":"1"} | ret=SUCCESS |  
2025-10-17 11:02:53,727 | INFO  | OMAudit | user=runner | ip=127.0.0.1 | op=ALLOCATE_KEY {"volume":"vol-a-15887","bucket":"buc-b-76798","key":"key-b-0-90423","dataSize":"10240","replicationType":"RATIS","replicationFactor":"ONE","Transaction":"959"} | ret=SUCCESS |  
2025-10-17 11:02:53,735 | INFO  | OMAudit | user=runner | ip=127.0.0.1 | op=COMMIT_KEY {"volume":"vol-a-15887","bucket":"buc-b-76798","key":"key-b-0-90423","dataSize":"10240","replicationType":"RATIS","replicationFactor":"ONE","Transaction":"960"} | ret=SUCCESS |  
2025-10-17 11:02:53,736 | INFO  | OMAudit | user=runner | ip=127.0.0.1 | op=READ_BUCKET {"volume":"vol-b-37778","bucket":"buc-a-10145"} | ret=SUCCESS |  
2025-10-17 11:02:53,738 | INFO  | SCMAudit | user=runner | ip=127.0.0.1 | op=ALLOCATE_BLOCK {"replication":"RATIS/ONE","owner":"omServiceIdDefault","size":"4194304","sampleBlocks":"[conID: 7 locID: 115816896921600258]","num":"1","client":"","allocated":"1"} | ret=SUCCESS |  
2025-10-17 11:02:53,740 [om1-OMDoubleBufferFlushThread] INFO  om.OmSnapshotManager (OmSnapshotManager.java:createOmSnapshotCheckpoint(545)) - Created checkpoint: /home/runner/work/ozone/ozone/hadoop-ozone/integration-test/target/test-dir/MiniOzoneClusterImpl-d1ffa5d3-3301-45c3-9f44-1ffa6967d237/om/data/db.snapshots/checkpointState/om.db-01edc6dc-dbc4-4944-9e48-bac738222c07 for snapshot /vol-b-57507/bucket-a-5-00707/s20251017-110252.892
2025-10-17 11:02:53,740 | INFO  | OMAudit | user=runner | ip=127.0.0.1 | op=ALLOCATE_KEY {"volume":"vol-b-37778","bucket":"buc-a-10145","key":"key-b-0-54549","dataSize":"10240","replicationType":"RATIS","replicationFactor":"ONE","Transaction":"961"} | ret=SUCCESS |  
2025-10-17 11:02:53,748 | INFO  | OMAudit | user=runner | ip=127.0.0.1 | op=COMMIT_KEY {"volume":"vol-b-37778","bucket":"buc-a-10145","key":"key-b-0-54549","dataSize":"10240","replicationType":"RATIS","replicationFactor":"ONE","Transaction":"962"} | ret=SUCCESS |  
2025-10-17 11:02:53,749 | INFO  | OMAudit | user=runner | ip=127.0.0.1 | op=READ_BUCKET {"volume":"vol-b-37778","bucket":"buc-b-76798"} | ret=SUCCESS |  
2025-10-17 11:02:53,750 | INFO  | SCMAudit | user=runner | ip=127.0.0.1 | op=ALLOCATE_BLOCK {"replication":"RATIS/ONE","owner":"omServiceIdDefault","size":"4194304","sampleBlocks":"[conID: 3 locID: 115816896921600259]","num":"1","client":"","allocated":"1"} | ret=SUCCESS |  
2025-10-17 11:02:53,752 | INFO  | OMAudit | user=runner | ip=127.0.0.1 | op=ALLOCATE_KEY {"volume":"vol-b-37778","bucket":"buc-b-76798","key":"key-b-0-56110","dataSize":"10240","replicationType":"RATIS","replicationFactor":"ONE","Transaction":"963"} | ret=SUCCESS |  
2025-10-17 11:02:53,758 | INFO  | OMAudit | user=runner | ip=127.0.0.1 | op=COMMIT_KEY {"volume":"vol-b-37778","bucket":"buc-b-76798","key":"key-b-0-56110","dataSize":"10240","replicationType":"RATIS","replicationFactor":"ONE","Transaction":"964"} | ret=SUCCESS |  
2025-10-17 11:02:53,760 | INFO  | OMAudit | user=runner | ip=127.0.0.1 | op=READ_BUCKET {"volume":"vol-a-15887","bucket":"buc-a-10145"} | ret=SUCCESS |  
2025-10-17 11:02:53,760 | INFO  | SCMAudit | user=runner | ip=127.0.0.1 | op=SEND_HEARTBEAT {"datanodeUUID":"dbd6f242-9b73-4bca-a110-3e2ec656b979","term":"2","command":"[]"} | ret=SUCCESS |  
2025-10-17 11:02:53,760 | INFO  | SCMAudit | user=runner | ip=127.0.0.1 | op=ALLOCATE_BLOCK {"replication":"RATIS/ONE","owner":"omServiceIdDefault","size":"4194304","sampleBlocks":"[conID: 9 locID: 115816896921600260]","num":"1","client":"","allocated":"1"} | ret=SUCCESS |  
2025-10-17 11:02:53,763 | INFO  | OMAudit | user=runner | ip=127.0.0.1 | op=ALLOCATE_KEY {"volume":"vol-a-15887","bucket":"buc-a-10145","key":"key-b-1-68373","dataSize":"10240","replicationType":"RATIS","replicationFactor":"ONE","Transaction":"965"} | ret=SUCCESS |  
2025-10-17 11:02:53,765 | INFO  | SCMAudit | user=runner | ip=127.0.0.1 | op=SEND_HEARTBEAT {"datanodeUUID":"ed6e9581-5875-4278-a8db-50829892434b","term":"2","command":"[]"} | ret=SUCCESS |  
2025-10-17 11:02:53,768 | INFO  | OMAudit | user=runner | ip=127.0.0.1 | op=COMMIT_KEY {"volume":"vol-a-15887","bucket":"buc-a-10145","key":"key-b-1-68373","dataSize":"10240","replicationType":"RATIS","replicationFactor":"ONE","Transaction":"966"} | ret=SUCCESS |  
2025-10-17 11:02:53,769 | INFO  | OMAudit | user=runner | ip=127.0.0.1 | op=READ_BUCKET {"volume":"vol-a-15887","bucket":"buc-b-76798"} | ret=SUCCESS |  
2025-10-17 11:02:53,770 | INFO  | SCMAudit | user=runner | ip=127.0.0.1 | op=ALLOCATE_BLOCK {"replication":"RATIS/ONE","owner":"omServiceIdDefault","size":"4194304","sampleBlocks":"[conID: 6 locID: 115816896921600261]","num":"1","client":"","allocated":"1"} | ret=SUCCESS |  
2025-10-17 11:02:53,772 | INFO  | OMAudit | user=runner | ip=127.0.0.1 | op=ALLOCATE_KEY {"volume":"vol-a-15887","bucket":"buc-b-76798","key":"key-b-1-29741","dataSize":"10240","replicationType":"RATIS","replicationFactor":"ONE","Transaction":"967"} | ret=SUCCESS |  
2025-10-17 11:02:53,777 | INFO  | OMAudit | user=runner | ip=127.0.0.1 | op=COMMIT_KEY {"volume":"vol-a-15887","bucket":"buc-b-76798","key":"key-b-1-29741","dataSize":"10240","replicationType":"RATIS","replicationFactor":"ONE","Transaction":"968"} | ret=SUCCESS |  
2025-10-17 11:02:53,779 | INFO  | OMAudit | user=runner | ip=127.0.0.1 | op=READ_BUCKET {"volume":"vol-b-37778","bucket":"buc-a-10145"} | ret=SUCCESS |  
2025-10-17 11:02:53,780 | INFO  | SCMAudit | user=runner | ip=127.0.0.1 | op=ALLOCATE_BLOCK {"replication":"RATIS/ONE","owner":"omServiceIdDefault","size":"4194304","sampleBlocks":"[conID: 2 locID: 115816896921600262]","num":"1","client":"","allocated":"1"} | ret=SUCCESS |  
2025-10-17 11:02:53,781 | INFO  | OMAudit | user=runner | ip=127.0.0.1 | op=ALLOCATE_KEY {"volume":"vol-b-37778","bucket":"buc-a-10145","key":"key-b-1-13197","dataSize":"10240","replicationType":"RATIS","replicationFactor":"ONE","Transaction":"969"} | ret=SUCCESS |  
2025-10-17 11:02:53,783 [om1-OMDoubleBufferFlushThread] INFO  db.RDBCheckpointManager (RDBCheckpointManager.java:createCheckpoint(87)) - Created checkpoint in rocksDB at /home/runner/work/ozone/ozone/hadoop-ozone/integration-test/target/test-dir/MiniOzoneClusterImpl-d1ffa5d3-3301-45c3-9f44-1ffa6967d237/om/data/db.snapshots/checkpointState/om.db-3cbc95c6-b4d2-4ce6-b6f0-92e191d8314d in 39 milliseconds
2025-10-17 11:02:53,787 | INFO  | OMAudit | user=runner | ip=127.0.0.1 | op=COMMIT_KEY {"volume":"vol-b-37778","bucket":"buc-a-10145","key":"key-b-1-13197","dataSize":"10240","replicationType":"RATIS","replicationFactor":"ONE","Transaction":"970"} | ret=SUCCESS |  
2025-10-17 11:02:53,788 | INFO  | OMAudit | user=runner | ip=127.0.0.1 | op=READ_BUCKET {"volume":"vol-b-37778","bucket":"buc-b-76798"} | ret=SUCCESS |  
2025-10-17 11:02:53,789 | INFO  | SCMAudit | user=runner | ip=127.0.0.1 | op=ALLOCATE_BLOCK {"replication":"RATIS/ONE","owner":"omServiceIdDefault","size":"4194304","sampleBlocks":"[conID: 11 locID: 115816896921600263]","num":"1","client":"","allocated":"1"} | ret=SUCCESS |  
2025-10-17 11:02:53,791 | INFO  | OMAudit | user=runner | ip=127.0.0.1 | op=ALLOCATE_KEY {"volume":"vol-b-37778","bucket":"buc-b-76798","key":"key-b-1-76080","dataSize":"10240","replicationType":"RATIS","replicationFactor":"ONE","Transaction":"971"} | ret=SUCCESS |  
2025-10-17 11:02:53,797 | INFO  | OMAudit | user=runner | ip=127.0.0.1 | op=COMMIT_KEY {"volume":"vol-b-37778","bucket":"buc-b-76798","key":"key-b-1-76080","dataSize":"10240","replicationType":"RATIS","replicationFactor":"ONE","Transaction":"972"} | ret=SUCCESS |  
2025-10-17 11:02:53,799 | INFO  | OMAudit | user=runner | ip=127.0.0.1 | op=READ_BUCKET {"volume":"vol-a-15887","bucket":"buc-a-10145"} | ret=SUCCESS |  
2025-10-17 11:02:53,799 [om1-OMDoubleBufferFlushThread] INFO  om.OmSnapshotManager (OmSnapshotManager.java:createOmSnapshotCheckpoint(545)) - Created checkpoint: /home/runner/work/ozone/ozone/hadoop-ozone/integration-test/target/test-dir/MiniOzoneClusterImpl-d1ffa5d3-3301-45c3-9f44-1ffa6967d237/om/data/db.snapshots/checkpointState/om.db-3cbc95c6-b4d2-4ce6-b6f0-92e191d8314d for snapshot /vol-a-04028/bucket-a-6-43744/s20251017-110252.898
2025-10-17 11:02:53,799 | INFO  | SCMAudit | user=runner | ip=127.0.0.1 | op=ALLOCATE_BLOCK {"replication":"RATIS/ONE","owner":"omServiceIdDefault","size":"4194304","sampleBlocks":"[conID: 14 locID: 115816896921600264]","num":"1","client":"","allocated":"1"} | ret=SUCCESS |  
2025-10-17 11:02:53,801 | INFO  | OMAudit | user=runner | ip=127.0.0.1 | op=ALLOCATE_KEY {"volume":"vol-a-15887","bucket":"buc-a-10145","key":"key-b-2-11644","dataSize":"10240","replicationType":"RATIS","replicationFactor":"ONE","Transaction":"973"} | ret=SUCCESS |  
2025-10-17 11:02:53,806 | INFO  | OMAudit | user=runner | ip=127.0.0.1 | op=COMMIT_KEY {"volume":"vol-a-15887","bucket":"buc-a-10145","key":"key-b-2-11644","dataSize":"10240","replicationType":"RATIS","replicationFactor":"ONE","Transaction":"974"} | ret=SUCCESS |  
2025-10-17 11:02:53,808 | INFO  | OMAudit | user=runner | ip=127.0.0.1 | op=READ_BUCKET {"volume":"vol-a-15887","bucket":"buc-b-76798"} | ret=SUCCESS |  
2025-10-17 11:02:53,808 | INFO  | SCMAudit | user=runner | ip=127.0.0.1 | op=ALLOCATE_BLOCK {"replication":"RATIS/ONE","owner":"omServiceIdDefault","size":"4194304","sampleBlocks":"[conID: 1 locID: 115816896921600265]","num":"1","client":"","allocated":"1"} | ret=SUCCESS |  
2025-10-17 11:02:53,810 | INFO  | OMAudit | user=runner | ip=127.0.0.1 | op=ALLOCATE_KEY {"volume":"vol-a-15887","bucket":"buc-b-76798","key":"key-b-2-95662","dataSize":"10240","replicationType":"RATIS","replicationFactor":"ONE","Transaction":"975"} | ret=SUCCESS |  
2025-10-17 11:02:53,819 | INFO  | OMAudit | user=runner | ip=127.0.0.1 | op=COMMIT_KEY {"volume":"vol-a-15887","bucket":"buc-b-76798","key":"key-b-2-95662","dataSize":"10240","replicationType":"RATIS","replicationFactor":"ONE","Transaction":"976"} | ret=SUCCESS |  
2025-10-17 11:02:53,821 | INFO  | OMAudit | user=runner | ip=127.0.0.1 | op=READ_BUCKET {"volume":"vol-b-37778","bucket":"buc-a-10145"} | ret=SUCCESS |  
2025-10-17 11:02:53,821 | INFO  | SCMAudit | user=runner | ip=127.0.0.1 | op=ALLOCATE_BLOCK {"replication":"RATIS/ONE","owner":"omServiceIdDefault","size":"4194304","sampleBlocks":"[conID: 1 locID: 115816896921600266]","num":"1","client":"","allocated":"1"} | ret=SUCCESS |  
2025-10-17 11:02:53,823 | INFO  | OMAudit | user=runner | ip=127.0.0.1 | op=ALLOCATE_KEY {"volume":"vol-b-37778","bucket":"buc-a-10145","key":"key-b-2-20867","dataSize":"10240","replicationType":"RATIS","replicationFactor":"ONE","Transaction":"977"} | ret=SUCCESS |  
2025-10-17 11:02:53,830 | INFO  | OMAudit | user=runner | ip=127.0.0.1 | op=COMMIT_KEY {"volume":"vol-b-37778","bucket":"buc-a-10145","key":"key-b-2-20867","dataSize":"10240","replicationType":"RATIS","replicationFactor":"ONE","Transaction":"978"} | ret=SUCCESS |  
2025-10-17 11:02:53,831 | INFO  | OMAudit | user=runner | ip=127.0.0.1 | op=READ_BUCKET {"volume":"vol-b-37778","bucket":"buc-b-76798"} | ret=SUCCESS |  
2025-10-17 11:02:53,832 | INFO  | SCMAudit | user=runner | ip=127.0.0.1 | op=ALLOCATE_BLOCK {"replication":"RATIS/ONE","owner":"omServiceIdDefault","size":"4194304","sampleBlocks":"[conID: 8 locID: 115816896921600267]","num":"1","client":"","allocated":"1"} | ret=SUCCESS |  
2025-10-17 11:02:53,834 | INFO  | OMAudit | user=runner | ip=127.0.0.1 | op=ALLOCATE_KEY {"volume":"vol-b-37778","bucket":"buc-b-76798","key":"key-b-2-90168","dataSize":"10240","replicationType":"RATIS","replicationFactor":"ONE","Transaction":"979"} | ret=SUCCESS |  
2025-10-17 11:02:53,840 | INFO  | OMAudit | user=runner | ip=127.0.0.1 | op=COMMIT_KEY {"volume":"vol-b-37778","bucket":"buc-b-76798","key":"key-b-2-90168","dataSize":"10240","replicationType":"RATIS","replicationFactor":"ONE","Transaction":"980"} | ret=SUCCESS |  
2025-10-17 11:02:53,841 [om1-OMDoubleBufferFlushThread] INFO  db.RDBCheckpointManager (RDBCheckpointManager.java:createCheckpoint(87)) - Created checkpoint in rocksDB at /home/runner/work/ozone/ozone/hadoop-ozone/integration-test/target/test-dir/MiniOzoneClusterImpl-d1ffa5d3-3301-45c3-9f44-1ffa6967d237/om/data/db.snapshots/checkpointState/om.db-6c4d649c-9dd8-4b5c-9aa4-22b2d21688c0 in 40 milliseconds
2025-10-17 11:02:53,842 | INFO  | OMAudit | user=runner | ip=127.0.0.1 | op=READ_BUCKET {"volume":"vol-a-15887","bucket":"buc-a-10145"} | ret=SUCCESS |  
2025-10-17 11:02:53,842 | INFO  | SCMAudit | user=runner | ip=127.0.0.1 | op=ALLOCATE_BLOCK {"replication":"RATIS/ONE","owner":"omServiceIdDefault","size":"4194304","sampleBlocks":"[conID: 10 locID: 115816896921600268]","num":"1","client":"","allocated":"1"} | ret=SUCCESS |  
2025-10-17 11:02:53,844 | INFO  | OMAudit | user=runner | ip=127.0.0.1 | op=ALLOCATE_KEY {"volume":"vol-a-15887","bucket":"buc-a-10145","key":"key-b-3-52850","dataSize":"10240","replicationType":"RATIS","replicationFactor":"ONE","Transaction":"981"} | ret=SUCCESS |  
2025-10-17 11:02:53,849 | INFO  | OMAudit | user=runner | ip=127.0.0.1 | op=COMMIT_KEY {"volume":"vol-a-15887","bucket":"buc-a-10145","key":"key-b-3-52850","dataSize":"10240","replicationType":"RATIS","replicationFactor":"ONE","Transaction":"982"} | ret=SUCCESS |  
2025-10-17 11:02:53,850 | INFO  | OMAudit | user=runner | ip=127.0.0.1 | op=READ_BUCKET {"volume":"vol-a-15887","bucket":"buc-b-76798"} | ret=SUCCESS |  
2025-10-17 11:02:53,850 | INFO  | SCMAudit | user=runner | ip=127.0.0.1 | op=ALLOCATE_BLOCK {"replication":"RATIS/ONE","owner":"omServiceIdDefault","size":"4194304","sampleBlocks":"[conID: 7 locID: 115816896921600269]","num":"1","client":"","allocated":"1"} | ret=SUCCESS |  
2025-10-17 11:02:53,852 | INFO  | OMAudit | user=runner | ip=127.0.0.1 | op=ALLOCATE_KEY {"volume":"vol-a-15887","bucket":"buc-b-76798","key":"key-b-3-63688","dataSize":"10240","replicationType":"RATIS","replicationFactor":"ONE","Transaction":"983"} | ret=SUCCESS |  
2025-10-17 11:02:53,855 [om1-OMDoubleBufferFlushThread] INFO  om.OmSnapshotManager (OmSnapshotManager.java:createOmSnapshotCheckpoint(545)) - Created checkpoint: /home/runner/work/ozone/ozone/hadoop-ozone/integration-test/target/test-dir/MiniOzoneClusterImpl-d1ffa5d3-3301-45c3-9f44-1ffa6967d237/om/data/db.snapshots/checkpointState/om.db-6c4d649c-9dd8-4b5c-9aa4-22b2d21688c0 for snapshot /vol-b-57507/bucket-a-6-95251/s20251017-110252.904
2025-10-17 11:02:53,858 | INFO  | OMAudit | user=runner | ip=127.0.0.1 | op=COMMIT_KEY {"volume":"vol-a-15887","bucket":"buc-b-76798","key":"key-b-3-63688","dataSize":"10240","replicationType":"RATIS","replicationFactor":"ONE","Transaction":"984"} | ret=SUCCESS |  
2025-10-17 11:02:53,860 | INFO  | OMAudit | user=runner | ip=127.0.0.1 | op=READ_BUCKET {"volume":"vol-b-37778","bucket":"buc-a-10145"} | ret=SUCCESS |  
2025-10-17 11:02:53,860 | INFO  | SCMAudit | user=runner | ip=127.0.0.1 | op=ALLOCATE_BLOCK {"replication":"RATIS/ONE","owner":"omServiceIdDefault","size":"4194304","sampleBlocks":"[conID: 14 locID: 115816896921600270]","num":"1","client":"","allocated":"1"} | ret=SUCCESS |  
2025-10-17 11:02:53,862 | INFO  | OMAudit | user=runner | ip=127.0.0.1 | op=ALLOCATE_KEY {"volume":"vol-b-37778","bucket":"buc-a-10145","key":"key-b-3-01788","dataSize":"10240","replicationType":"RATIS","replicationFactor":"ONE","Transaction":"985"} | ret=SUCCESS |  
2025-10-17 11:02:53,863 | INFO  | SCMAudit | user=runner | ip=127.0.0.1 | op=SEND_HEARTBEAT {"datanodeUUID":"a5293c95-44e9-4ea9-88ca-89089eac4b59","term":"2","command":"[]"} | ret=SUCCESS |  
2025-10-17 11:02:53,868 | INFO  | OMAudit | user=runner | ip=127.0.0.1 | op=COMMIT_KEY {"volume":"vol-b-37778","bucket":"buc-a-10145","key":"key-b-3-01788","dataSize":"10240","replicationType":"RATIS","replicationFactor":"ONE","Transaction":"986"} | ret=SUCCESS |  
2025-10-17 11:02:53,869 | INFO  | OMAudit | user=runner | ip=127.0.0.1 | op=READ_BUCKET {"volume":"vol-b-37778","bucket":"buc-b-76798"} | ret=SUCCESS |  
2025-10-17 11:02:53,870 | INFO  | SCMAudit | user=runner | ip=127.0.0.1 | op=ALLOCATE_BLOCK {"replication":"RATIS/ONE","owner":"omServiceIdDefault","size":"4194304","sampleBlocks":"[conID: 2 locID: 115816896921600271]","num":"1","client":"","allocated":"1"} | ret=SUCCESS |  
2025-10-17 11:02:53,872 | INFO  | OMAudit | user=runner | ip=127.0.0.1 | op=ALLOCATE_KEY {"volume":"vol-b-37778","bucket":"buc-b-76798","key":"key-b-3-68428","dataSize":"10240","replicationType":"RATIS","replicationFactor":"ONE","Transaction":"987"} | ret=SUCCESS |  
2025-10-17 11:02:53,879 | INFO  | OMAudit | user=runner | ip=127.0.0.1 | op=COMMIT_KEY {"volume":"vol-b-37778","bucket":"buc-b-76798","key":"key-b-3-68428","dataSize":"10240","replicationType":"RATIS","replicationFactor":"ONE","Transaction":"988"} | ret=SUCCESS |  
2025-10-17 11:02:53,881 | INFO  | OMAudit | user=runner | ip=127.0.0.1 | op=READ_BUCKET {"volume":"vol-a-15887","bucket":"buc-a-10145"} | ret=SUCCESS |  
2025-10-17 11:02:53,882 | INFO  | SCMAudit | user=runner | ip=127.0.0.1 | op=ALLOCATE_BLOCK {"replication":"RATIS/ONE","owner":"omServiceIdDefault","size":"4194304","sampleBlocks":"[conID: 4 locID: 115816896921600272]","num":"1","client":"","allocated":"1"} | ret=SUCCESS |  
2025-10-17 11:02:53,884 | INFO  | OMAudit | user=runner | ip=127.0.0.1 | op=ALLOCATE_KEY {"volume":"vol-a-15887","bucket":"buc-a-10145","key":"key-b-4-24766","dataSize":"10240","replicationType":"RATIS","replicationFactor":"ONE","Transaction":"989"} | ret=SUCCESS |  
2025-10-17 11:02:53,893 | INFO  | OMAudit | user=runner | ip=127.0.0.1 | op=COMMIT_KEY {"volume":"vol-a-15887","bucket":"buc-a-10145","key":"key-b-4-24766","dataSize":"10240","replicationType":"RATIS","replicationFactor":"ONE","Transaction":"990"} | ret=SUCCESS |  
2025-10-17 11:02:53,894 [om1-OMDoubleBufferFlushThread] INFO  db.RDBCheckpointManager (RDBCheckpointManager.java:createCheckpoint(87)) - Created checkpoint in rocksDB at /home/runner/work/ozone/ozone/hadoop-ozone/integration-test/target/test-dir/MiniOzoneClusterImpl-d1ffa5d3-3301-45c3-9f44-1ffa6967d237/om/data/db.snapshots/checkpointState/om.db-766cb4a6-3f55-4964-b385-8dbed396a564 in 37 milliseconds
2025-10-17 11:02:53,896 | INFO  | OMAudit | user=runner | ip=127.0.0.1 | op=READ_BUCKET {"volume":"vol-a-15887","bucket":"buc-b-76798"} | ret=SUCCESS |  
2025-10-17 11:02:53,897 | INFO  | SCMAudit | user=runner | ip=127.0.0.1 | op=ALLOCATE_BLOCK {"replication":"RATIS/ONE","owner":"omServiceIdDefault","size":"4194304","sampleBlocks":"[conID: 10 locID: 115816896921600273]","num":"1","client":"","allocated":"1"} | ret=SUCCESS |  
2025-10-17 11:02:53,899 | INFO  | OMAudit | user=runner | ip=127.0.0.1 | op=ALLOCATE_KEY {"volume":"vol-a-15887","bucket":"buc-b-76798","key":"key-b-4-33694","dataSize":"10240","replicationType":"RATIS","replicationFactor":"ONE","Transaction":"991"} | ret=SUCCESS |  
2025-10-17 11:02:53,907 | INFO  | OMAudit | user=runner | ip=127.0.0.1 | op=COMMIT_KEY {"volume":"vol-a-15887","bucket":"buc-b-76798","key":"key-b-4-33694","dataSize":"10240","replicationType":"RATIS","replicationFactor":"ONE","Transaction":"992"} | ret=SUCCESS |  
2025-10-17 11:02:53,908 | INFO  | OMAudit | user=runner | ip=127.0.0.1 | op=READ_BUCKET {"volume":"vol-b-37778","bucket":"buc-a-10145"} | ret=SUCCESS |  
2025-10-17 11:02:53,910 | INFO  | SCMAudit | user=runner | ip=127.0.0.1 | op=ALLOCATE_BLOCK {"replication":"RATIS/ONE","owner":"omServiceIdDefault","size":"4194304","sampleBlocks":"[conID: 12 locID: 115816896921600274]","num":"1","client":"","allocated":"1"} | ret=SUCCESS |  
2025-10-17 11:02:53,913 | INFO  | OMAudit | user=runner | ip=127.0.0.1 | op=ALLOCATE_KEY {"volume":"vol-b-37778","bucket":"buc-a-10145","key":"key-b-4-99795","dataSize":"10240","replicationType":"RATIS","replicationFactor":"ONE","Transaction":"993"} | ret=SUCCESS |  
2025-10-17 11:02:53,915 [om1-OMDoubleBufferFlushThread] INFO  om.OmSnapshotManager (OmSnapshotManager.java:createOmSnapshotCheckpoint(545)) - Created checkpoint: /home/runner/work/ozone/ozone/hadoop-ozone/integration-test/target/test-dir/MiniOzoneClusterImpl-d1ffa5d3-3301-45c3-9f44-1ffa6967d237/om/data/db.snapshots/checkpointState/om.db-766cb4a6-3f55-4964-b385-8dbed396a564 for snapshot /vol-a-04028/bucket-a-7-85952/s20251017-110252.915
2025-10-17 11:02:53,920 | INFO  | OMAudit | user=runner | ip=127.0.0.1 | op=COMMIT_KEY {"volume":"vol-b-37778","bucket":"buc-a-10145","key":"key-b-4-99795","dataSize":"10240","replicationType":"RATIS","replicationFactor":"ONE","Transaction":"994"} | ret=SUCCESS |  
2025-10-17 11:02:53,921 | INFO  | OMAudit | user=runner | ip=127.0.0.1 | op=READ_BUCKET {"volume":"vol-b-37778","bucket":"buc-b-76798"} | ret=SUCCESS |  
2025-10-17 11:02:53,922 | INFO  | SCMAudit | user=runner | ip=127.0.0.1 | op=ALLOCATE_BLOCK {"replication":"RATIS/ONE","owner":"omServiceIdDefault","size":"4194304","sampleBlocks":"[conID: 13 locID: 115816896921600275]","num":"1","client":"","allocated":"1"} | ret=SUCCESS |  
2025-10-17 11:02:53,927 | INFO  | OMAudit | user=runner | ip=127.0.0.1 | op=ALLOCATE_KEY {"volume":"vol-b-37778","bucket":"buc-b-76798","key":"key-b-4-74650","dataSize":"10240","replicationType":"RATIS","replicationFactor":"ONE","Transaction":"995"} | ret=SUCCESS |  
2025-10-17 11:02:53,943 | INFO  | OMAudit | user=runner | ip=127.0.0.1 | op=COMMIT_KEY {"volume":"vol-b-37778","bucket":"buc-b-76798","key":"key-b-4-74650","dataSize":"10240","replicationType":"RATIS","replicationFactor":"ONE","Transaction":"996"} | ret=SUCCESS |  
2025-10-17 11:02:53,944 | INFO  | SCMAudit | user=runner | ip=127.0.0.1 | op=SEND_HEARTBEAT {"datanodeUUID":"3a11eef6-a527-493c-8ba3-ae39ecaefa56","term":"2","command":"[]"} | ret=SUCCESS |  
2025-10-17 11:02:53,945 | INFO  | OMAudit | user=runner | ip=127.0.0.1 | op=READ_BUCKET {"volume":"vol-a-15887","bucket":"buc-a-10145"} | ret=SUCCESS |  
2025-10-17 11:02:53,947 | INFO  | SCMAudit | user=runner | ip=127.0.0.1 | op=ALLOCATE_BLOCK {"replication":"RATIS/ONE","owner":"omServiceIdDefault","size":"4194304","sampleBlocks":"[conID: 10 locID: 115816896921600276]","num":"1","client":"","allocated":"1"} | ret=SUCCESS |  
2025-10-17 11:02:53,949 | INFO  | OMAudit | user=runner | ip=127.0.0.1 | op=ALLOCATE_KEY {"volume":"vol-a-15887","bucket":"buc-a-10145","key":"key-b-5-78955","dataSize":"10240","replicationType":"RATIS","replicationFactor":"ONE","Transaction":"997"} | ret=SUCCESS |  
2025-10-17 11:02:53,993 | INFO  | OMAudit | user=runner | ip=127.0.0.1 | op=COMMIT_KEY {"volume":"vol-a-15887","bucket":"buc-a-10145","key":"key-b-5-78955","dataSize":"10240","replicationType":"RATIS","replicationFactor":"ONE","Transaction":"998"} | ret=SUCCESS |  
2025-10-17 11:02:53,997 | INFO  | OMAudit | user=runner | ip=127.0.0.1 | op=READ_BUCKET {"volume":"vol-a-15887","bucket":"buc-b-76798"} | ret=SUCCESS |  
2025-10-17 11:02:54,000 | INFO  | SCMAudit | user=runner | ip=127.0.0.1 | op=ALLOCATE_BLOCK {"replication":"RATIS/ONE","owner":"omServiceIdDefault","size":"4194304","sampleBlocks":"[conID: 4 locID: 115816896921600277]","num":"1","client":"","allocated":"1"} | ret=SUCCESS |  
2025-10-17 11:02:54,002 | INFO  | OMAudit | user=runner | ip=127.0.0.1 | op=ALLOCATE_KEY {"volume":"vol-a-15887","bucket":"buc-b-76798","key":"key-b-5-47314","dataSize":"10240","replicationType":"RATIS","replicationFactor":"ONE","Transaction":"999"} | ret=SUCCESS |  
2025-10-17 11:02:54,007 [om1-OMDoubleBufferFlushThread] INFO  db.RDBCheckpointManager (RDBCheckpointManager.java:createCheckpoint(87)) - Created checkpoint in rocksDB at /home/runner/work/ozone/ozone/hadoop-ozone/integration-test/target/test-dir/MiniOzoneClusterImpl-d1ffa5d3-3301-45c3-9f44-1ffa6967d237/om/data/db.snapshots/checkpointState/om.db-918e00b0-d438-4cdd-9f03-d4703294e955 in 89 milliseconds
2025-10-17 11:02:54,014 | INFO  | OMAudit | user=runner | ip=127.0.0.1 | op=COMMIT_KEY {"volume":"vol-a-15887","bucket":"buc-b-76798","key":"key-b-5-47314","dataSize":"10240","replicationType":"RATIS","replicationFactor":"ONE","Transaction":"1000"} | ret=SUCCESS |  
2025-10-17 11:02:54,016 | INFO  | OMAudit | user=runner | ip=127.0.0.1 | op=READ_BUCKET {"volume":"vol-b-37778","bucket":"buc-a-10145"} | ret=SUCCESS |  
2025-10-17 11:02:54,018 | INFO  | SCMAudit | user=runner | ip=127.0.0.1 | op=ALLOCATE_BLOCK {"replication":"RATIS/ONE","owner":"omServiceIdDefault","size":"4194304","sampleBlocks":"[conID: 5 locID: 115816896921600278]","num":"1","client":"","allocated":"1"} | ret=SUCCESS |  
2025-10-17 11:02:54,020 | INFO  | OMAudit | user=runner | ip=127.0.0.1 | op=ALLOCATE_KEY {"volume":"vol-b-37778","bucket":"buc-a-10145","key":"key-b-5-90961","dataSize":"10240","replicationType":"RATIS","replicationFactor":"ONE","Transaction":"1001"} | ret=SUCCESS |  
2025-10-17 11:02:54,024 [om1-OMDoubleBufferFlushThread] INFO  om.OmSnapshotManager (OmSnapshotManager.java:createOmSnapshotCheckpoint(545)) - Created checkpoint: /home/runner/work/ozone/ozone/hadoop-ozone/integration-test/target/test-dir/MiniOzoneClusterImpl-d1ffa5d3-3301-45c3-9f44-1ffa6967d237/om/data/db.snapshots/checkpointState/om.db-918e00b0-d438-4cdd-9f03-d4703294e955 for snapshot /vol-b-57507/bucket-a-7-48139/s20251017-110252.922
2025-10-17 11:02:54,026 | INFO  | OMAudit | user=runner | ip=127.0.0.1 | op=COMMIT_KEY {"volume":"vol-b-37778","bucket":"buc-a-10145","key":"key-b-5-90961","dataSize":"10240","replicationType":"RATIS","replicationFactor":"ONE","Transaction":"1002"} | ret=SUCCESS |  
2025-10-17 11:02:54,027 | INFO  | OMAudit | user=runner | ip=127.0.0.1 | op=READ_BUCKET {"volume":"vol-b-37778","bucket":"buc-b-76798"} | ret=SUCCESS |  
2025-10-17 11:02:54,028 | INFO  | SCMAudit | user=runner | ip=127.0.0.1 | op=ALLOCATE_BLOCK {"replication":"RATIS/ONE","owner":"omServiceIdDefault","size":"4194304","sampleBlocks":"[conID: 1 locID: 115816896921600279]","num":"1","client":"","allocated":"1"} | ret=SUCCESS |  
2025-10-17 11:02:54,029 | INFO  | OMAudit | user=runner | ip=127.0.0.1 | op=ALLOCATE_KEY {"volume":"vol-b-37778","bucket":"buc-b-76798","key":"key-b-5-60957","dataSize":"10240","replicationType":"RATIS","replicationFactor":"ONE","Transaction":"1003"} | ret=SUCCESS |  
2025-10-17 11:02:54,033 | INFO  | SCMAudit | user=runner | ip=127.0.0.1 | op=SEND_HEARTBEAT {"datanodeUUID":"309ab1ff-9f5a-4058-8b2f-94d451ce5267","term":"2","command":"[]"} | ret=SUCCESS |  
2025-10-17 11:02:54,035 | INFO  | OMAudit | user=runner | ip=127.0.0.1 | op=COMMIT_KEY {"volume":"vol-b-37778","bucket":"buc-b-76798","key":"key-b-5-60957","dataSize":"10240","replicationType":"RATIS","replicationFactor":"ONE","Transaction":"1004"} | ret=SUCCESS |  
2025-10-17 11:02:54,036 | INFO  | OMAudit | user=runner | ip=127.0.0.1 | op=READ_BUCKET {"volume":"vol-a-15887","bucket":"buc-a-10145"} | ret=SUCCESS |  
2025-10-17 11:02:54,037 | INFO  | SCMAudit | user=runner | ip=127.0.0.1 | op=ALLOCATE_BLOCK {"replication":"RATIS/ONE","owner":"omServiceIdDefault","size":"4194304","sampleBlocks":"[conID: 6 locID: 115816896921600280]","num":"1","client":"","allocated":"1"} | ret=SUCCESS |  
2025-10-17 11:02:54,038 | INFO  | OMAudit | user=runner | ip=127.0.0.1 | op=ALLOCATE_KEY {"volume":"vol-a-15887","bucket":"buc-a-10145","key":"key-b-6-25166","dataSize":"10240","replicationType":"RATIS","replicationFactor":"ONE","Transaction":"1005"} | ret=SUCCESS |  
2025-10-17 11:02:54,044 | INFO  | OMAudit | user=runner | ip=127.0.0.1 | op=COMMIT_KEY {"volume":"vol-a-15887","bucket":"buc-a-10145","key":"key-b-6-25166","dataSize":"10240","replicationType":"RATIS","replicationFactor":"ONE","Transaction":"1006"} | ret=SUCCESS |  
2025-10-17 11:02:54,045 | INFO  | OMAudit | user=runner | ip=127.0.0.1 | op=READ_BUCKET {"volume":"vol-a-15887","bucket":"buc-b-76798"} | ret=SUCCESS |  
2025-10-17 11:02:54,046 | INFO  | SCMAudit | user=runner | ip=127.0.0.1 | op=ALLOCATE_BLOCK {"replication":"RATIS/ONE","owner":"omServiceIdDefault","size":"4194304","sampleBlocks":"[conID: 13 locID: 115816896921600281]","num":"1","client":"","allocated":"1"} | ret=SUCCESS |  
2025-10-17 11:02:54,048 | INFO  | OMAudit | user=runner | ip=127.0.0.1 | op=ALLOCATE_KEY {"volume":"vol-a-15887","bucket":"buc-b-76798","key":"key-b-6-04919","dataSize":"10240","replicationType":"RATIS","replicationFactor":"ONE","Transaction":"1007"} | ret=SUCCESS |  
2025-10-17 11:02:54,055 | INFO  | OMAudit | user=runner | ip=127.0.0.1 | op=COMMIT_KEY {"volume":"vol-a-15887","bucket":"buc-b-76798","key":"key-b-6-04919","dataSize":"10240","replicationType":"RATIS","replicationFactor":"ONE","Transaction":"1008"} | ret=SUCCESS |  
2025-10-17 11:02:54,057 | INFO  | OMAudit | user=runner | ip=127.0.0.1 | op=READ_BUCKET {"volume":"vol-b-37778","bucket":"buc-a-10145"} | ret=SUCCESS |  
2025-10-17 11:02:54,057 | INFO  | SCMAudit | user=runner | ip=127.0.0.1 | op=ALLOCATE_BLOCK {"replication":"RATIS/ONE","owner":"omServiceIdDefault","size":"4194304","sampleBlocks":"[conID: 5 locID: 115816896921600282]","num":"1","client":"","allocated":"1"} | ret=SUCCESS |  
2025-10-17 11:02:54,059 [om1-OMDoubleBufferFlushThread] INFO  db.RDBCheckpointManager (RDBCheckpointManager.java:createCheckpoint(87)) - Created checkpoint in rocksDB at /home/runner/work/ozone/ozone/hadoop-ozone/integration-test/target/test-dir/MiniOzoneClusterImpl-d1ffa5d3-3301-45c3-9f44-1ffa6967d237/om/data/db.snapshots/checkpointState/om.db-7ae96dea-2755-4c72-83b6-d8ba46cd4dec in 33 milliseconds
2025-10-17 11:02:54,059 | INFO  | OMAudit | user=runner | ip=127.0.0.1 | op=ALLOCATE_KEY {"volume":"vol-b-37778","bucket":"buc-a-10145","key":"key-b-6-23988","dataSize":"10240","replicationType":"RATIS","replicationFactor":"ONE","Transaction":"1009"} | ret=SUCCESS |  
2025-10-17 11:02:54,064 | INFO  | OMAudit | user=runner | ip=127.0.0.1 | op=COMMIT_KEY {"volume":"vol-b-37778","bucket":"buc-a-10145","key":"key-b-6-23988","dataSize":"10240","replicationType":"RATIS","replicationFactor":"ONE","Transaction":"1010"} | ret=SUCCESS |  
2025-10-17 11:02:54,065 | INFO  | OMAudit | user=runner | ip=127.0.0.1 | op=READ_BUCKET {"volume":"vol-b-37778","bucket":"buc-b-76798"} | ret=SUCCESS |  
2025-10-17 11:02:54,066 | INFO  | SCMAudit | user=runner | ip=127.0.0.1 | op=ALLOCATE_BLOCK {"replication":"RATIS/ONE","owner":"omServiceIdDefault","size":"4194304","sampleBlocks":"[conID: 2 locID: 115816896921600283]","num":"1","client":"","allocated":"1"} | ret=SUCCESS |  
2025-10-17 11:02:54,067 | INFO  | OMAudit | user=runner | ip=127.0.0.1 | op=ALLOCATE_KEY {"volume":"vol-b-37778","bucket":"buc-b-76798","key":"key-b-6-73090","dataSize":"10240","replicationType":"RATIS","replicationFactor":"ONE","Transaction":"1011"} | ret=SUCCESS |  
2025-10-17 11:02:54,072 [om1-OMDoubleBufferFlushThread] INFO  om.OmSnapshotManager (OmSnapshotManager.java:createOmSnapshotCheckpoint(545)) - Created checkpoint: /home/runner/work/ozone/ozone/hadoop-ozone/integration-test/target/test-dir/MiniOzoneClusterImpl-d1ffa5d3-3301-45c3-9f44-1ffa6967d237/om/data/db.snapshots/checkpointState/om.db-7ae96dea-2755-4c72-83b6-d8ba46cd4dec for snapshot /vol-a-04028/bucket-a-8-25037/s20251017-110252.928
2025-10-17 11:02:54,074 | INFO  | OMAudit | user=runner | ip=127.0.0.1 | op=COMMIT_KEY {"volume":"vol-b-37778","bucket":"buc-b-76798","key":"key-b-6-73090","dataSize":"10240","replicationType":"RATIS","replicationFactor":"ONE","Transaction":"1012"} | ret=SUCCESS |  
2025-10-17 11:02:54,076 | INFO  | OMAudit | user=runner | ip=127.0.0.1 | op=READ_BUCKET {"volume":"vol-a-15887","bucket":"buc-a-10145"} | ret=SUCCESS |  
2025-10-17 11:02:54,077 | INFO  | SCMAudit | user=runner | ip=127.0.0.1 | op=ALLOCATE_BLOCK {"replication":"RATIS/ONE","owner":"omServiceIdDefault","size":"4194304","sampleBlocks":"[conID: 2 locID: 115816896921600284]","num":"1","client":"","allocated":"1"} | ret=SUCCESS |  
2025-10-17 11:02:54,079 | INFO  | OMAudit | user=runner | ip=127.0.0.1 | op=ALLOCATE_KEY {"volume":"vol-a-15887","bucket":"buc-a-10145","key":"key-b-7-23472","dataSize":"10240","replicationType":"RATIS","replicationFactor":"ONE","Transaction":"1013"} | ret=SUCCESS |  
2025-10-17 11:02:54,085 | INFO  | OMAudit | user=runner | ip=127.0.0.1 | op=COMMIT_KEY {"volume":"vol-a-15887","bucket":"buc-a-10145","key":"key-b-7-23472","dataSize":"10240","replicationType":"RATIS","replicationFactor":"ONE","Transaction":"1014"} | ret=SUCCESS |  
2025-10-17 11:02:54,087 | INFO  | OMAudit | user=runner | ip=127.0.0.1 | op=READ_BUCKET {"volume":"vol-a-15887","bucket":"buc-b-76798"} | ret=SUCCESS |  
2025-10-17 11:02:54,088 | INFO  | SCMAudit | user=runner | ip=127.0.0.1 | op=ALLOCATE_BLOCK {"replication":"RATIS/ONE","owner":"omServiceIdDefault","size":"4194304","sampleBlocks":"[conID: 7 locID: 115816896921600285]","num":"1","client":"","allocated":"1"} | ret=SUCCESS |  
2025-10-17 11:02:54,090 | INFO  | OMAudit | user=runner | ip=127.0.0.1 | op=ALLOCATE_KEY {"volume":"vol-a-15887","bucket":"buc-b-76798","key":"key-b-7-72642","dataSize":"10240","replicationType":"RATIS","replicationFactor":"ONE","Transaction":"1015"} | ret=SUCCESS |  
2025-10-17 11:02:54,098 | INFO  | OMAudit | user=runner | ip=127.0.0.1 | op=COMMIT_KEY {"volume":"vol-a-15887","bucket":"buc-b-76798","key":"key-b-7-72642","dataSize":"10240","replicationType":"RATIS","replicationFactor":"ONE","Transaction":"1016"} | ret=SUCCESS |  
2025-10-17 11:02:54,099 | INFO  | OMAudit | user=runner | ip=127.0.0.1 | op=READ_BUCKET {"volume":"vol-b-37778","bucket":"buc-a-10145"} | ret=SUCCESS |  
2025-10-17 11:02:54,100 | INFO  | SCMAudit | user=runner | ip=127.0.0.1 | op=ALLOCATE_BLOCK {"replication":"RATIS/ONE","owner":"omServiceIdDefault","size":"4194304","sampleBlocks":"[conID: 14 locID: 115816896921600286]","num":"1","client":"","allocated":"1"} | ret=SUCCESS |  
2025-10-17 11:02:54,102 | INFO  | OMAudit | user=runner | ip=127.0.0.1 | op=ALLOCATE_KEY {"volume":"vol-b-37778","bucket":"buc-a-10145","key":"key-b-7-11763","dataSize":"10240","replicationType":"RATIS","replicationFactor":"ONE","Transaction":"1017"} | ret=SUCCESS |  
2025-10-17 11:02:54,108 | INFO  | OMAudit | user=runner | ip=127.0.0.1 | op=COMMIT_KEY {"volume":"vol-b-37778","bucket":"buc-a-10145","key":"key-b-7-11763","dataSize":"10240","replicationType":"RATIS","replicationFactor":"ONE","Transaction":"1018"} | ret=SUCCESS |  
2025-10-17 11:02:54,110 | INFO  | OMAudit | user=runner | ip=127.0.0.1 | op=READ_BUCKET {"volume":"vol-b-37778","bucket":"buc-b-76798"} | ret=SUCCESS |  
2025-10-17 11:02:54,111 | INFO  | SCMAudit | user=runner | ip=127.0.0.1 | op=ALLOCATE_BLOCK {"replication":"RATIS/ONE","owner":"omServiceIdDefault","size":"4194304","sampleBlocks":"[conID: 11 locID: 115816896921600287]","num":"1","client":"","allocated":"1"} | ret=SUCCESS |  
2025-10-17 11:02:54,114 | INFO  | OMAudit | user=runner | ip=127.0.0.1 | op=ALLOCATE_KEY {"volume":"vol-b-37778","bucket":"buc-b-76798","key":"key-b-7-70391","dataSize":"10240","replicationType":"RATIS","replicationFactor":"ONE","Transaction":"1019"} | ret=SUCCESS |  
2025-10-17 11:02:54,120 [om1-OMDoubleBufferFlushThread] INFO  db.RDBCheckpointManager (RDBCheckpointManager.java:createCheckpoint(87)) - Created checkpoint in rocksDB at /home/runner/work/ozone/ozone/hadoop-ozone/integration-test/target/test-dir/MiniOzoneClusterImpl-d1ffa5d3-3301-45c3-9f44-1ffa6967d237/om/data/db.snapshots/checkpointState/om.db-66ba2825-dd44-4545-a0f4-ca02870569d3 in 45 milliseconds
2025-10-17 11:02:54,120 | INFO  | OMAudit | user=runner | ip=127.0.0.1 | op=COMMIT_KEY {"volume":"vol-b-37778","bucket":"buc-b-76798","key":"key-b-7-70391","dataSize":"10240","replicationType":"RATIS","replicationFactor":"ONE","Transaction":"1020"} | ret=SUCCESS |  
2025-10-17 11:02:54,123 | INFO  | OMAudit | user=runner | ip=127.0.0.1 | op=READ_BUCKET {"volume":"vol-a-15887","bucket":"buc-a-10145"} | ret=SUCCESS |  
2025-10-17 11:02:54,125 | INFO  | SCMAudit | user=runner | ip=127.0.0.1 | op=ALLOCATE_BLOCK {"replication":"RATIS/ONE","owner":"omServiceIdDefault","size":"4194304","sampleBlocks":"[conID: 12 locID: 115816896921600288]","num":"1","client":"","allocated":"1"} | ret=SUCCESS |  
2025-10-17 11:02:54,128 | INFO  | OMAudit | user=runner | ip=127.0.0.1 | op=ALLOCATE_KEY {"volume":"vol-a-15887","bucket":"buc-a-10145","key":"key-b-8-60861","dataSize":"10240","replicationType":"RATIS","replicationFactor":"ONE","Transaction":"1021"} | ret=SUCCESS |  
2025-10-17 11:02:54,137 | INFO  | OMAudit | user=runner | ip=127.0.0.1 | op=COMMIT_KEY {"volume":"vol-a-15887","bucket":"buc-a-10145","key":"key-b-8-60861","dataSize":"10240","replicationType":"RATIS","replicationFactor":"ONE","Transaction":"1022"} | ret=SUCCESS |  
2025-10-17 11:02:54,138 | INFO  | OMAudit | user=runner | ip=127.0.0.1 | op=READ_BUCKET {"volume":"vol-a-15887","bucket":"buc-b-76798"} | ret=SUCCESS |  
2025-10-17 11:02:54,139 | INFO  | SCMAudit | user=runner | ip=127.0.0.1 | op=ALLOCATE_BLOCK {"replication":"RATIS/ONE","owner":"omServiceIdDefault","size":"4194304","sampleBlocks":"[conID: 4 locID: 115816896921600289]","num":"1","client":"","allocated":"1"} | ret=SUCCESS |  
2025-10-17 11:02:54,141 [om1-OMDoubleBufferFlushThread] INFO  om.OmSnapshotManager (OmSnapshotManager.java:createOmSnapshotCheckpoint(545)) - Created checkpoint: /home/runner/work/ozone/ozone/hadoop-ozone/integration-test/target/test-dir/MiniOzoneClusterImpl-d1ffa5d3-3301-45c3-9f44-1ffa6967d237/om/data/db.snapshots/checkpointState/om.db-66ba2825-dd44-4545-a0f4-ca02870569d3 for snapshot /vol-b-57507/bucket-a-8-86948/s20251017-110252.934
2025-10-17 11:02:54,142 | INFO  | OMAudit | user=runner | ip=127.0.0.1 | op=ALLOCATE_KEY {"volume":"vol-a-15887","bucket":"buc-b-76798","key":"key-b-8-64216","dataSize":"10240","replicationType":"RATIS","replicationFactor":"ONE","Transaction":"1023"} | ret=SUCCESS |  
2025-10-17 11:02:54,149 | INFO  | OMAudit | user=runner | ip=127.0.0.1 | op=COMMIT_KEY {"volume":"vol-a-15887","bucket":"buc-b-76798","key":"key-b-8-64216","dataSize":"10240","replicationType":"RATIS","replicationFactor":"ONE","Transaction":"1024"} | ret=SUCCESS |  
2025-10-17 11:02:54,150 | INFO  | OMAudit | user=runner | ip=127.0.0.1 | op=READ_BUCKET {"volume":"vol-b-37778","bucket":"buc-a-10145"} | ret=SUCCESS |  
2025-10-17 11:02:54,151 | INFO  | SCMAudit | user=runner | ip=127.0.0.1 | op=ALLOCATE_BLOCK {"replication":"RATIS/ONE","owner":"omServiceIdDefault","size":"4194304","sampleBlocks":"[conID: 5 locID: 115816896921600290]","num":"1","client":"","allocated":"1"} | ret=SUCCESS |  
2025-10-17 11:02:54,154 | INFO  | OMAudit | user=runner | ip=127.0.0.1 | op=ALLOCATE_KEY {"volume":"vol-b-37778","bucket":"buc-a-10145","key":"key-b-8-32692","dataSize":"10240","replicationType":"RATIS","replicationFactor":"ONE","Transaction":"1025"} | ret=SUCCESS |  
2025-10-17 11:02:54,161 | INFO  | OMAudit | user=runner | ip=127.0.0.1 | op=COMMIT_KEY {"volume":"vol-b-37778","bucket":"buc-a-10145","key":"key-b-8-32692","dataSize":"10240","replicationType":"RATIS","replicationFactor":"ONE","Transaction":"1026"} | ret=SUCCESS |  
2025-10-17 11:02:54,162 | INFO  | OMAudit | user=runner | ip=127.0.0.1 | op=READ_BUCKET {"volume":"vol-b-37778","bucket":"buc-b-76798"} | ret=SUCCESS |  
2025-10-17 11:02:54,162 | INFO  | SCMAudit | user=runner | ip=127.0.0.1 | op=ALLOCATE_BLOCK {"replication":"RATIS/ONE","owner":"omServiceIdDefault","size":"4194304","sampleBlocks":"[conID: 6 locID: 115816896921600291]","num":"1","client":"","allocated":"1"} | ret=SUCCESS |  
2025-10-17 11:02:54,165 | INFO  | OMAudit | user=runner | ip=127.0.0.1 | op=ALLOCATE_KEY {"volume":"vol-b-37778","bucket":"buc-b-76798","key":"key-b-8-77545","dataSize":"10240","replicationType":"RATIS","replicationFactor":"ONE","Transaction":"1027"} | ret=SUCCESS |  
2025-10-17 11:02:54,173 | INFO  | OMAudit | user=runner | ip=127.0.0.1 | op=COMMIT_KEY {"volume":"vol-b-37778","bucket":"buc-b-76798","key":"key-b-8-77545","dataSize":"10240","replicationType":"RATIS","replicationFactor":"ONE","Transaction":"1028"} | ret=SUCCESS |  
2025-10-17 11:02:54,175 | INFO  | OMAudit | user=runner | ip=127.0.0.1 | op=READ_BUCKET {"volume":"vol-a-15887","bucket":"buc-a-10145"} | ret=SUCCESS |  
2025-10-17 11:02:54,176 | INFO  | SCMAudit | user=runner | ip=127.0.0.1 | op=ALLOCATE_BLOCK {"replication":"RATIS/ONE","owner":"omServiceIdDefault","size":"4194304","sampleBlocks":"[conID: 5 locID: 115816896921600292]","num":"1","client":"","allocated":"1"} | ret=SUCCESS |  
2025-10-17 11:02:54,179 | INFO  | OMAudit | user=runner | ip=127.0.0.1 | op=ALLOCATE_KEY {"volume":"vol-a-15887","bucket":"buc-a-10145","key":"key-b-9-24019","dataSize":"10240","replicationType":"RATIS","replicationFactor":"ONE","Transaction":"1029"} | ret=SUCCESS |  
2025-10-17 11:02:54,187 | INFO  | OMAudit | user=runner | ip=127.0.0.1 | op=COMMIT_KEY {"volume":"vol-a-15887","bucket":"buc-a-10145","key":"key-b-9-24019","dataSize":"10240","replicationType":"RATIS","replicationFactor":"ONE","Transaction":"1030"} | ret=SUCCESS |  
2025-10-17 11:02:54,188 | INFO  | OMAudit | user=runner | ip=127.0.0.1 | op=READ_BUCKET {"volume":"vol-a-15887","bucket":"buc-b-76798"} | ret=SUCCESS |  
2025-10-17 11:02:54,188 [om1-OMDoubleBufferFlushThread] INFO  db.RDBCheckpointManager (RDBCheckpointManager.java:createCheckpoint(87)) - Created checkpoint in rocksDB at /home/runner/work/ozone/ozone/hadoop-ozone/integration-test/target/test-dir/MiniOzoneClusterImpl-d1ffa5d3-3301-45c3-9f44-1ffa6967d237/om/data/db.snapshots/checkpointState/om.db-5133086f-2e27-4a4e-9a30-d700940ed4ba in 44 milliseconds
2025-10-17 11:02:54,189 | INFO  | SCMAudit | user=runner | ip=127.0.0.1 | op=ALLOCATE_BLOCK {"replication":"RATIS/ONE","owner":"omServiceIdDefault","size":"4194304","sampleBlocks":"[conID: 7 locID: 115816896921600293]","num":"1","client":"","allocated":"1"} | ret=SUCCESS |  
2025-10-17 11:02:54,190 | INFO  | OMAudit | user=runner | ip=127.0.0.1 | op=ALLOCATE_KEY {"volume":"vol-a-15887","bucket":"buc-b-76798","key":"key-b-9-76262","dataSize":"10240","replicationType":"RATIS","replicationFactor":"ONE","Transaction":"1031"} | ret=SUCCESS |  
2025-10-17 11:02:54,198 | INFO  | OMAudit | user=runner | ip=127.0.0.1 | op=COMMIT_KEY {"volume":"vol-a-15887","bucket":"buc-b-76798","key":"key-b-9-76262","dataSize":"10240","replicationType":"RATIS","replicationFactor":"ONE","Transaction":"1032"} | ret=SUCCESS |  
2025-10-17 11:02:54,199 | INFO  | OMAudit | user=runner | ip=127.0.0.1 | op=READ_BUCKET {"volume":"vol-b-37778","bucket":"buc-a-10145"} | ret=SUCCESS |  
2025-10-17 11:02:54,199 | INFO  | SCMAudit | user=runner | ip=127.0.0.1 | op=ALLOCATE_BLOCK {"replication":"RATIS/ONE","owner":"omServiceIdDefault","size":"4194304","sampleBlocks":"[conID: 1 locID: 115816896921600294]","num":"1","client":"","allocated":"1"} | ret=SUCCESS |  
2025-10-17 11:02:54,201 | INFO  | OMAudit | user=runner | ip=127.0.0.1 | op=ALLOCATE_KEY {"volume":"vol-b-37778","bucket":"buc-a-10145","key":"key-b-9-06038","dataSize":"10240","replicationType":"RATIS","replicationFactor":"ONE","Transaction":"1033"} | ret=SUCCESS |  
2025-10-17 11:02:54,206 [om1-OMDoubleBufferFlushThread] INFO  om.OmSnapshotManager (OmSnapshotManager.java:createOmSnapshotCheckpoint(545)) - Created checkpoint: /home/runner/work/ozone/ozone/hadoop-ozone/integration-test/target/test-dir/MiniOzoneClusterImpl-d1ffa5d3-3301-45c3-9f44-1ffa6967d237/om/data/db.snapshots/checkpointState/om.db-5133086f-2e27-4a4e-9a30-d700940ed4ba for snapshot /vol-a-04028/bucket-a-9-02489/s20251017-110252.940
2025-10-17 11:02:54,208 | INFO  | OMAudit | user=runner | ip=127.0.0.1 | op=COMMIT_KEY {"volume":"vol-b-37778","bucket":"buc-a-10145","key":"key-b-9-06038","dataSize":"10240","replicationType":"RATIS","replicationFactor":"ONE","Transaction":"1034"} | ret=SUCCESS |  
2025-10-17 11:02:54,209 | INFO  | OMAudit | user=runner | ip=127.0.0.1 | op=READ_BUCKET {"volume":"vol-b-37778","bucket":"buc-b-76798"} | ret=SUCCESS |  
2025-10-17 11:02:54,211 | INFO  | SCMAudit | user=runner | ip=127.0.0.1 | op=ALLOCATE_BLOCK {"replication":"RATIS/ONE","owner":"omServiceIdDefault","size":"4194304","sampleBlocks":"[conID: 6 locID: 115816896921600295]","num":"1","client":"","allocated":"1"} | ret=SUCCESS |  
2025-10-17 11:02:54,213 | INFO  | OMAudit | user=runner | ip=127.0.0.1 | op=ALLOCATE_KEY {"volume":"vol-b-37778","bucket":"buc-b-76798","key":"key-b-9-44842","dataSize":"10240","replicationType":"RATIS","replicationFactor":"ONE","Transaction":"1035"} | ret=SUCCESS |  
2025-10-17 11:02:54,219 | INFO  | SCMAudit | user=runner | ip=127.0.0.1 | op=SEND_HEARTBEAT {"datanodeUUID":"50dccd39-549f-4f43-8b1f-597bf98f9c16","term":"2","command":"[]"} | ret=SUCCESS |  
2025-10-17 11:02:54,220 | INFO  | OMAudit | user=runner | ip=127.0.0.1 | op=COMMIT_KEY {"volume":"vol-b-37778","bucket":"buc-b-76798","key":"key-b-9-44842","dataSize":"10240","replicationType":"RATIS","replicationFactor":"ONE","Transaction":"1036"} | ret=SUCCESS |  
2025-10-17 11:02:54,233 | INFO  | OMAudit | user=runner | ip=127.0.0.1 | op=LIST_STATUS {"volume":"vol-a-15887","bucket":"buc-a-10145","key":"key-","owner":null,"dataSize":"0","replicationConfig":null} | ret=SUCCESS |  
2025-10-17 11:02:54,236 | INFO  | SCMAudit | user=runner | ip=127.0.0.1 | op=SEND_HEARTBEAT {"datanodeUUID":"718bfa29-2c47-4ab5-ac61-3dfe9c6b9d5c","term":"2","command":"[]"} | ret=SUCCESS |  
2025-10-17 11:02:54,236 | INFO  | SCMAudit | user=runner | ip=127.0.0.1 | op=SEND_HEARTBEAT {"datanodeUUID":"99c47355-c013-4450-a734-aff6d3c99677","term":"2","command":"[]"} | ret=SUCCESS |  
2025-10-17 11:02:54,238 | INFO  | SCMAudit | user=runner | ip=127.0.0.1 | op=SEND_HEARTBEAT {"datanodeUUID":"7995ae7b-77ec-4e72-809d-814459f62ee0","term":"2","command":"[]"} | ret=SUCCESS |  
2025-10-17 11:02:54,238 | ERROR | OMAudit | user=runner | ip=127.0.0.1 | op=GET_FILE_STATUS {"volume":"vol-a-15887","bucket":"buc-a-10145","key":"key-","owner":null,"dataSize":"0","replicationConfig":null} | ret=FAILURE | 
org.apache.hadoop.ozone.om.exceptions.OMException: Unable to get file status: volume: vol-a-15887 bucket: buc-a-10145 key: key-
	at org.apache.hadoop.ozone.om.KeyManagerImpl.getOzoneFileStatusFSO(KeyManagerImpl.java:1696)
	at org.apache.hadoop.ozone.om.KeyManagerImpl.getFileStatus(KeyManagerImpl.java:1481)
 
2025-10-17 11:02:54,242 | INFO  | OMAudit | user=runner | ip=127.0.0.1 | op=LIST_STATUS {"volume":"vol-a-15887","bucket":"buc-a-10145","key":"key-","owner":null,"dataSize":"0","replicationConfig":null} | ret=SUCCESS |  
2025-10-17 11:02:54,245 | INFO  | OMAudit | user=runner | ip=127.0.0.1 | op=LIST_STATUS {"volume":"vol-a-15887","bucket":"buc-b-76798","key":"key-","owner":null,"dataSize":"0","replicationConfig":null} | ret=SUCCESS |  
2025-10-17 11:02:54,247 | ERROR | OMAudit | user=runner | ip=127.0.0.1 | op=GET_FILE_STATUS {"volume":"vol-a-15887","bucket":"buc-b-76798","key":"key-","owner":null,"dataSize":"0","replicationConfig":null} | ret=FAILURE | 
org.apache.hadoop.ozone.om.exceptions.OMException: Unable to get file status: volume: vol-a-15887 bucket: buc-b-76798 key: key-
	at org.apache.hadoop.ozone.om.KeyManagerImpl.getOzoneFileStatusFSO(KeyManagerImpl.java:1696)
	at org.apache.hadoop.ozone.om.KeyManagerImpl.getFileStatus(KeyManagerImpl.java:1481)
 
2025-10-17 11:02:54,249 | INFO  | OMAudit | user=runner | ip=127.0.0.1 | op=LIST_STATUS {"volume":"vol-a-15887","bucket":"buc-b-76798","key":"key-","owner":null,"dataSize":"0","replicationConfig":null} | ret=SUCCESS |  
2025-10-17 11:02:54,252 | INFO  | OMAudit | user=runner | ip=127.0.0.1 | op=LIST_STATUS {"volume":"vol-b-37778","bucket":"buc-a-10145","key":"key-","owner":null,"dataSize":"0","replicationConfig":null} | ret=SUCCESS |  
2025-10-17 11:02:54,253 | ERROR | OMAudit | user=runner | ip=127.0.0.1 | op=GET_FILE_STATUS {"volume":"vol-b-37778","bucket":"buc-a-10145","key":"key-","owner":null,"dataSize":"0","replicationConfig":null} | ret=FAILURE | 
org.apache.hadoop.ozone.om.exceptions.OMException: Unable to get file status: volume: vol-b-37778 bucket: buc-a-10145 key: key-
	at org.apache.hadoop.ozone.om.KeyManagerImpl.getOzoneFileStatusFSO(KeyManagerImpl.java:1696)
	at org.apache.hadoop.ozone.om.KeyManagerImpl.getFileStatus(KeyManagerImpl.java:1481)
 
2025-10-17 11:02:54,254 [om1-OMDoubleBufferFlushThread] INFO  db.RDBCheckpointManager (RDBCheckpointManager.java:createCheckpoint(87)) - Created checkpoint in rocksDB at /home/runner/work/ozone/ozone/hadoop-ozone/integration-test/target/test-dir/MiniOzoneClusterImpl-d1ffa5d3-3301-45c3-9f44-1ffa6967d237/om/data/db.snapshots/checkpointState/om.db-a8ef6a0e-c707-48cb-8f79-61d71efbfa59 in 45 milliseconds
2025-10-17 11:02:54,255 | INFO  | OMAudit | user=runner | ip=127.0.0.1 | op=LIST_STATUS {"volume":"vol-b-37778","bucket":"buc-a-10145","key":"key-","owner":null,"dataSize":"0","replicationConfig":null} | ret=SUCCESS |  
2025-10-17 11:02:54,259 | INFO  | OMAudit | user=runner | ip=127.0.0.1 | op=LIST_STATUS {"volume":"vol-b-37778","bucket":"buc-b-76798","key":"key-","owner":null,"dataSize":"0","replicationConfig":null} | ret=SUCCESS |  
2025-10-17 11:02:54,260 | ERROR | OMAudit | user=runner | ip=127.0.0.1 | op=GET_FILE_STATUS {"volume":"vol-b-37778","bucket":"buc-b-76798","key":"key-","owner":null,"dataSize":"0","replicationConfig":null} | ret=FAILURE | 
org.apache.hadoop.ozone.om.exceptions.OMException: Unable to get file status: volume: vol-b-37778 bucket: buc-b-76798 key: key-
	at org.apache.hadoop.ozone.om.KeyManagerImpl.getOzoneFileStatusFSO(KeyManagerImpl.java:1696)
	at org.apache.hadoop.ozone.om.KeyManagerImpl.getFileStatus(KeyManagerImpl.java:1481)
 
2025-10-17 11:02:54,263 | INFO  | OMAudit | user=runner | ip=127.0.0.1 | op=LIST_STATUS {"volume":"vol-b-37778","bucket":"buc-b-76798","key":"key-","owner":null,"dataSize":"0","replicationConfig":null} | ret=SUCCESS |  
2025-10-17 11:02:54,265 | INFO  | OMAudit | user=runner | ip=127.0.0.1 | op=LIST_STATUS {"volume":"vol-a-15887","bucket":"buc-a-10145","key":"key-a-","owner":null,"dataSize":"0","replicationConfig":null} | ret=SUCCESS |  
2025-10-17 11:02:54,268 | ERROR | OMAudit | user=runner | ip=127.0.0.1 | op=GET_FILE_STATUS {"volume":"vol-a-15887","bucket":"buc-a-10145","key":"key-a-","owner":null,"dataSize":"0","replicationConfig":null} | ret=FAILURE | 
org.apache.hadoop.ozone.om.exceptions.OMException: Unable to get file status: volume: vol-a-15887 bucket: buc-a-10145 key: key-a-
	at org.apache.hadoop.ozone.om.KeyManagerImpl.getOzoneFileStatusFSO(KeyManagerImpl.java:1696)
	at org.apache.hadoop.ozone.om.KeyManagerImpl.getFileStatus(KeyManagerImpl.java:1481)
 
2025-10-17 11:02:54,271 | INFO  | OMAudit | user=runner | ip=127.0.0.1 | op=LIST_STATUS {"volume":"vol-a-15887","bucket":"buc-a-10145","key":"key-a-","owner":null,"dataSize":"0","replicationConfig":null} | ret=SUCCESS |  
2025-10-17 11:02:54,271 [om1-OMDoubleBufferFlushThread] INFO  om.OmSnapshotManager (OmSnapshotManager.java:createOmSnapshotCheckpoint(545)) - Created checkpoint: /home/runner/work/ozone/ozone/hadoop-ozone/integration-test/target/test-dir/MiniOzoneClusterImpl-d1ffa5d3-3301-45c3-9f44-1ffa6967d237/om/data/db.snapshots/checkpointState/om.db-a8ef6a0e-c707-48cb-8f79-61d71efbfa59 for snapshot /vol-b-57507/bucket-a-9-75425/s20251017-110252.945
2025-10-17 11:02:54,273 | INFO  | OMAudit | user=runner | ip=127.0.0.1 | op=LIST_STATUS {"volume":"vol-a-15887","bucket":"buc-a-10145","key":"key-b-","owner":null,"dataSize":"0","replicationConfig":null} | ret=SUCCESS |  
2025-10-17 11:02:54,274 | ERROR | OMAudit | user=runner | ip=127.0.0.1 | op=GET_FILE_STATUS {"volume":"vol-a-15887","bucket":"buc-a-10145","key":"key-b-","owner":null,"dataSize":"0","replicationConfig":null} | ret=FAILURE | 
org.apache.hadoop.ozone.om.exceptions.OMException: Unable to get file status: volume: vol-a-15887 bucket: buc-a-10145 key: key-b-
	at org.apache.hadoop.ozone.om.KeyManagerImpl.getOzoneFileStatusFSO(KeyManagerImpl.java:1696)
	at org.apache.hadoop.ozone.om.KeyManagerImpl.getFileStatus(KeyManagerImpl.java:1481)
 
2025-10-17 11:02:54,276 | INFO  | OMAudit | user=runner | ip=127.0.0.1 | op=LIST_STATUS {"volume":"vol-a-15887","bucket":"buc-b-76798","key":"key-","owner":null,"dataSize":"0","replicationConfig":null} | ret=SUCCESS |  
]]></system-out>
  </testcase>
  <testcase name="testListKeyOnEmptyBucket" classname="org.apache.hadoop.ozone.client.rpc.TestSecureOzoneRpcClient" time="0.009">
    <system-out><![CDATA[2025-10-17 11:02:54,278 [ForkJoinPool-1-worker-1] INFO  rpc.RpcClient (RpcClient.java:createVolume(461)) - Creating Volume: vol-78047, with runner as owner and space quota set to -1 bytes, counts quota set to -1
2025-10-17 11:02:54,280 [om1-OMStateMachineApplyTransactionThread - 0] INFO  volume.OMVolumeCreateRequest (OMVolumeCreateRequest.java:validateAndUpdateCache(213)) - created volume:vol-78047 for user:runner
2025-10-17 11:02:54,280 | INFO  | OMAudit | user=runner | ip=127.0.0.1 | op=CREATE_VOLUME {"admin":"runner","owner":"runner","volume":"vol-78047","creationTime":"1760698974279","modificationTime":"1760698974279","quotaInBytes":"-1","quotaInNamespace":"-1","usedNamespace":"0","objectID":"-9223372036854510336","updateID":"1037","Transaction":"1037"} | ret=SUCCESS |  
2025-10-17 11:02:54,280 | INFO  | OMAudit | user=runner | ip=127.0.0.1 | op=READ_VOLUME {"volume":"vol-78047"} | ret=SUCCESS |  
2025-10-17 11:02:54,281 [ForkJoinPool-1-worker-1] INFO  rpc.RpcClient (RpcClient.java:createBucket(686)) - Creating Bucket: vol-78047/buc-40126, with server-side default bucket layout, runner as owner, Versioning false, Storage Type set to DISK and Encryption set to false, Replication Type set to server-side default replication type, Namespace Quota set to -1, Space Quota set to -1 
2025-10-17 11:02:54,282 [om1-OMStateMachineApplyTransactionThread - 0] INFO  bucket.OMBucketCreateRequest (OMBucketCreateRequest.java:validateAndUpdateCache(303)) - created bucket: buc-40126 of layout FILE_SYSTEM_OPTIMIZED in volume: vol-78047
2025-10-17 11:02:54,283 | INFO  | OMAudit | user=runner | ip=127.0.0.1 | op=CREATE_BUCKET {"volume":"vol-78047","bucket":"buc-40126","bucketLayout":"FILE_SYSTEM_OPTIMIZED","gdprEnabled":null,"acls":"[user:runner:a[ACCESS], group:runner:rl[ACCESS]]","isVersionEnabled":"false","storageType":"DISK","creationTime":"1760698974282","bucketEncryptionKey":null,"modificationTime":"1760698974282","usedBytes":"0","usedNamespace":"0","snapshotUsedBytes":"0","snapshotUsedNamespace":"0","owner":"runner","replicationType":null,"replicationConfig":null,"quotaInBytes":"-1","quotaInNamespace":"-1","Transaction":"1038"} | ret=SUCCESS |  
2025-10-17 11:02:54,283 | INFO  | OMAudit | user=runner | ip=127.0.0.1 | op=READ_BUCKET {"volume":"vol-78047","bucket":"buc-40126"} | ret=SUCCESS |  
2025-10-17 11:02:54,285 | INFO  | OMAudit | user=runner | ip=127.0.0.1 | op=LIST_STATUS {"volume":"vol-78047","bucket":"buc-40126","key":"","owner":null,"dataSize":"0","replicationConfig":null} | ret=SUCCESS |  
]]></system-out>
  </testcase>
  <testcase name="testListMultipartUploadParts(ReplicationConfig)[1]" classname="org.apache.hadoop.ozone.client.rpc.TestSecureOzoneRpcClient" time="0.165">
    <system-out><![CDATA[2025-10-17 11:02:54,290 [ForkJoinPool-1-worker-1] INFO  rpc.RpcClient (RpcClient.java:createVolume(461)) - Creating Volume: b3e459f7-3123-4905-b367-49fe2ef37298, with runner as owner and space quota set to -1 bytes, counts quota set to -1
2025-10-17 11:02:54,291 [om1-OMStateMachineApplyTransactionThread - 0] INFO  volume.OMVolumeCreateRequest (OMVolumeCreateRequest.java:validateAndUpdateCache(213)) - created volume:b3e459f7-3123-4905-b367-49fe2ef37298 for user:runner
2025-10-17 11:02:54,291 | INFO  | OMAudit | user=runner | ip=127.0.0.1 | op=CREATE_VOLUME {"admin":"runner","owner":"runner","volume":"b3e459f7-3123-4905-b367-49fe2ef37298","creationTime":"1760698974290","modificationTime":"1760698974290","quotaInBytes":"-1","quotaInNamespace":"-1","usedNamespace":"0","objectID":"-9223372036854509824","updateID":"1039","Transaction":"1039"} | ret=SUCCESS |  
2025-10-17 11:02:54,292 | INFO  | OMAudit | user=runner | ip=127.0.0.1 | op=READ_VOLUME {"volume":"b3e459f7-3123-4905-b367-49fe2ef37298"} | ret=SUCCESS |  
2025-10-17 11:02:54,293 [ForkJoinPool-1-worker-1] INFO  rpc.RpcClient (RpcClient.java:createBucket(686)) - Creating Bucket: b3e459f7-3123-4905-b367-49fe2ef37298/7c4ce79f-6b62-4132-a869-3693b426f177, with server-side default bucket layout, runner as owner, Versioning false, Storage Type set to DISK and Encryption set to false, Replication Type set to server-side default replication type, Namespace Quota set to -1, Space Quota set to -1 
2025-10-17 11:02:54,295 [om1-OMStateMachineApplyTransactionThread - 0] INFO  bucket.OMBucketCreateRequest (OMBucketCreateRequest.java:validateAndUpdateCache(303)) - created bucket: 7c4ce79f-6b62-4132-a869-3693b426f177 of layout FILE_SYSTEM_OPTIMIZED in volume: b3e459f7-3123-4905-b367-49fe2ef37298
2025-10-17 11:02:54,295 | INFO  | OMAudit | user=runner | ip=127.0.0.1 | op=CREATE_BUCKET {"volume":"b3e459f7-3123-4905-b367-49fe2ef37298","bucket":"7c4ce79f-6b62-4132-a869-3693b426f177","bucketLayout":"FILE_SYSTEM_OPTIMIZED","gdprEnabled":null,"acls":"[user:runner:a[ACCESS], group:runner:rl[ACCESS]]","isVersionEnabled":"false","storageType":"DISK","creationTime":"1760698974294","bucketEncryptionKey":null,"modificationTime":"1760698974294","usedBytes":"0","usedNamespace":"0","snapshotUsedBytes":"0","snapshotUsedNamespace":"0","owner":"runner","replicationType":null,"replicationConfig":null,"quotaInBytes":"-1","quotaInNamespace":"-1","Transaction":"1040"} | ret=SUCCESS |  
2025-10-17 11:02:54,296 | INFO  | OMAudit | user=runner | ip=127.0.0.1 | op=READ_BUCKET {"volume":"b3e459f7-3123-4905-b367-49fe2ef37298","bucket":"7c4ce79f-6b62-4132-a869-3693b426f177"} | ret=SUCCESS |  
2025-10-17 11:02:54,298 | INFO  | OMAudit | user=runner | ip=127.0.0.1 | op=INITIATE_MULTIPART_UPLOAD {"volume":"b3e459f7-3123-4905-b367-49fe2ef37298","bucket":"7c4ce79f-6b62-4132-a869-3693b426f177","key":"2aff2a45-1713-4cfb-91d7-034f632e0a0b","dataSize":"0","replicationType":"RATIS","replicationFactor":"ONE","uploadID":"0199f1d6-4059-7d76-9a94-b4fb3ad05624-115389167979528462","Transaction":"1041"} | ret=SUCCESS |  
2025-10-17 11:02:54,302 | INFO  | OMAudit | user=runner | ip=127.0.0.1 | op=ALLOCATE_KEY {"volume":"b3e459f7-3123-4905-b367-49fe2ef37298","bucket":"7c4ce79f-6b62-4132-a869-3693b426f177","key":"2aff2a45-1713-4cfb-91d7-034f632e0a0b","dataSize":"5242880","Transaction":"1042"} | ret=SUCCESS |  
2025-10-17 11:02:54,305 | INFO  | SCMAudit | user=runner | ip=127.0.0.1 | op=ALLOCATE_BLOCK {"replication":"RATIS/ONE","owner":"omServiceIdDefault","size":"4194304","sampleBlocks":"[conID: 5 locID: 115816896921600296]","num":"1","client":"","allocated":"1"} | ret=SUCCESS |  
2025-10-17 11:02:54,307 | INFO  | OMAudit | user=runner | ip=127.0.0.1 | op=ALLOCATE_BLOCK {"volume":"b3e459f7-3123-4905-b367-49fe2ef37298","bucket":"7c4ce79f-6b62-4132-a869-3693b426f177","key":"2aff2a45-1713-4cfb-91d7-034f632e0a0b","dataSize":"5242880","replicationType":"RATIS","replicationFactor":"ONE","clientID":"115389167979790607","Transaction":"1043"} | ret=SUCCESS |  
2025-10-17 11:02:54,312 [om1-OMDoubleBufferFlushThread] INFO  db.RDBCheckpointManager (RDBCheckpointManager.java:createCheckpoint(87)) - Created checkpoint in rocksDB at /home/runner/work/ozone/ozone/hadoop-ozone/integration-test/target/test-dir/MiniOzoneClusterImpl-d1ffa5d3-3301-45c3-9f44-1ffa6967d237/om/data/db.snapshots/checkpointState/om.db-58fa8d52-01a1-4d70-ab63-bd6556ef22bc in 39 milliseconds
2025-10-17 11:02:54,329 | INFO  | SCMAudit | user=runner | ip=127.0.0.1 | op=ALLOCATE_BLOCK {"replication":"RATIS/ONE","owner":"omServiceIdDefault","size":"4194304","sampleBlocks":"[conID: 11 locID: 115816896921600297]","num":"1","client":"","allocated":"1"} | ret=SUCCESS |  
2025-10-17 11:02:54,330 [om1-OMDoubleBufferFlushThread] INFO  om.OmSnapshotManager (OmSnapshotManager.java:createOmSnapshotCheckpoint(545)) - Created checkpoint: /home/runner/work/ozone/ozone/hadoop-ozone/integration-test/target/test-dir/MiniOzoneClusterImpl-d1ffa5d3-3301-45c3-9f44-1ffa6967d237/om/data/db.snapshots/checkpointState/om.db-58fa8d52-01a1-4d70-ab63-bd6556ef22bc for snapshot /vol-a-04028/bucket-b-0-22851/s20251017-110252.950
2025-10-17 11:02:54,331 | INFO  | OMAudit | user=runner | ip=127.0.0.1 | op=ALLOCATE_BLOCK {"volume":"b3e459f7-3123-4905-b367-49fe2ef37298","bucket":"7c4ce79f-6b62-4132-a869-3693b426f177","key":"2aff2a45-1713-4cfb-91d7-034f632e0a0b","dataSize":"5242880","replicationType":"RATIS","replicationFactor":"ONE","clientID":"115389167979790607","Transaction":"1044"} | ret=SUCCESS |  
2025-10-17 11:02:54,344 | INFO  | OMAudit | user=runner | ip=127.0.0.1 | op=COMMIT_MULTIPART_UPLOAD_PARTKEY {"volume":"b3e459f7-3123-4905-b367-49fe2ef37298","bucket":"7c4ce79f-6b62-4132-a869-3693b426f177","key":"2aff2a45-1713-4cfb-91d7-034f632e0a0b","dataSize":"5242880","ETag":"79b281060d337b9b2b84ccf390adcf74","uploadID":"0199f1d6-4059-7d76-9a94-b4fb3ad05624-115389167979528462","partNumber":"1","partName":"/b3e459f7-3123-4905-b367-49fe2ef37298/7c4ce79f-6b62-4132-a869-3693b426f177/2aff2a45-1713-4cfb-91d7-034f632e0a0b-0199f1d6-4059-7d76-9a94-b4fb3ad05624-115389167979528462-1","Transaction":"1045"} | ret=SUCCESS |  
2025-10-17 11:02:54,348 | INFO  | OMAudit | user=runner | ip=127.0.0.1 | op=ALLOCATE_KEY {"volume":"b3e459f7-3123-4905-b367-49fe2ef37298","bucket":"7c4ce79f-6b62-4132-a869-3693b426f177","key":"2aff2a45-1713-4cfb-91d7-034f632e0a0b","dataSize":"5242880","Transaction":"1046"} | ret=SUCCESS |  
2025-10-17 11:02:54,351 | INFO  | SCMAudit | user=runner | ip=127.0.0.1 | op=ALLOCATE_BLOCK {"replication":"RATIS/ONE","owner":"omServiceIdDefault","size":"4194304","sampleBlocks":"[conID: 13 locID: 115816896921600298]","num":"1","client":"","allocated":"1"} | ret=SUCCESS |  
2025-10-17 11:02:54,352 | INFO  | OMAudit | user=runner | ip=127.0.0.1 | op=ALLOCATE_BLOCK {"volume":"b3e459f7-3123-4905-b367-49fe2ef37298","bucket":"7c4ce79f-6b62-4132-a869-3693b426f177","key":"2aff2a45-1713-4cfb-91d7-034f632e0a0b","dataSize":"5242880","replicationType":"RATIS","replicationFactor":"ONE","clientID":"115389167982805264","Transaction":"1047"} | ret=SUCCESS |  
2025-10-17 11:02:54,367 [om1-OMDoubleBufferFlushThread] INFO  db.RDBCheckpointManager (RDBCheckpointManager.java:createCheckpoint(87)) - Created checkpoint in rocksDB at /home/runner/work/ozone/ozone/hadoop-ozone/integration-test/target/test-dir/MiniOzoneClusterImpl-d1ffa5d3-3301-45c3-9f44-1ffa6967d237/om/data/db.snapshots/checkpointState/om.db-197b42b6-1dab-4660-b77b-1f2d2ac0bbf9 in 35 milliseconds
2025-10-17 11:02:54,373 | INFO  | SCMAudit | user=runner | ip=127.0.0.1 | op=ALLOCATE_BLOCK {"replication":"RATIS/ONE","owner":"omServiceIdDefault","size":"4194304","sampleBlocks":"[conID: 4 locID: 115816896921600299]","num":"1","client":"","allocated":"1"} | ret=SUCCESS |  
2025-10-17 11:02:54,375 | INFO  | OMAudit | user=runner | ip=127.0.0.1 | op=ALLOCATE_BLOCK {"volume":"b3e459f7-3123-4905-b367-49fe2ef37298","bucket":"7c4ce79f-6b62-4132-a869-3693b426f177","key":"2aff2a45-1713-4cfb-91d7-034f632e0a0b","dataSize":"5242880","replicationType":"RATIS","replicationFactor":"ONE","clientID":"115389167982805264","Transaction":"1048"} | ret=SUCCESS |  
2025-10-17 11:02:54,383 [om1-OMDoubleBufferFlushThread] INFO  om.OmSnapshotManager (OmSnapshotManager.java:createOmSnapshotCheckpoint(545)) - Created checkpoint: /home/runner/work/ozone/ozone/hadoop-ozone/integration-test/target/test-dir/MiniOzoneClusterImpl-d1ffa5d3-3301-45c3-9f44-1ffa6967d237/om/data/db.snapshots/checkpointState/om.db-197b42b6-1dab-4660-b77b-1f2d2ac0bbf9 for snapshot /vol-a-04028/bucket-b-1-21217/s20251017-110252.959
2025-10-17 11:02:54,388 | INFO  | OMAudit | user=runner | ip=127.0.0.1 | op=COMMIT_MULTIPART_UPLOAD_PARTKEY {"volume":"b3e459f7-3123-4905-b367-49fe2ef37298","bucket":"7c4ce79f-6b62-4132-a869-3693b426f177","key":"2aff2a45-1713-4cfb-91d7-034f632e0a0b","dataSize":"5242880","ETag":"79b281060d337b9b2b84ccf390adcf74","uploadID":"0199f1d6-4059-7d76-9a94-b4fb3ad05624-115389167979528462","partNumber":"2","partName":"/b3e459f7-3123-4905-b367-49fe2ef37298/7c4ce79f-6b62-4132-a869-3693b426f177/2aff2a45-1713-4cfb-91d7-034f632e0a0b-0199f1d6-4059-7d76-9a94-b4fb3ad05624-115389167979528462-2","Transaction":"1049"} | ret=SUCCESS |  
2025-10-17 11:02:54,392 | INFO  | OMAudit | user=runner | ip=127.0.0.1 | op=ALLOCATE_KEY {"volume":"b3e459f7-3123-4905-b367-49fe2ef37298","bucket":"7c4ce79f-6b62-4132-a869-3693b426f177","key":"2aff2a45-1713-4cfb-91d7-034f632e0a0b","dataSize":"5242880","Transaction":"1050"} | ret=SUCCESS |  
2025-10-17 11:02:54,394 | INFO  | SCMAudit | user=runner | ip=127.0.0.1 | op=ALLOCATE_BLOCK {"replication":"RATIS/ONE","owner":"omServiceIdDefault","size":"4194304","sampleBlocks":"[conID: 5 locID: 115816896921600300]","num":"1","client":"","allocated":"1"} | ret=SUCCESS |  
2025-10-17 11:02:54,396 | INFO  | OMAudit | user=runner | ip=127.0.0.1 | op=ALLOCATE_BLOCK {"volume":"b3e459f7-3123-4905-b367-49fe2ef37298","bucket":"7c4ce79f-6b62-4132-a869-3693b426f177","key":"2aff2a45-1713-4cfb-91d7-034f632e0a0b","dataSize":"5242880","replicationType":"RATIS","replicationFactor":"ONE","clientID":"115389167985688849","Transaction":"1051"} | ret=SUCCESS |  
2025-10-17 11:02:54,417 | INFO  | SCMAudit | user=runner | ip=127.0.0.1 | op=ALLOCATE_BLOCK {"replication":"RATIS/ONE","owner":"omServiceIdDefault","size":"4194304","sampleBlocks":"[conID: 1 locID: 115816896921600301]","num":"1","client":"","allocated":"1"} | ret=SUCCESS |  
2025-10-17 11:02:54,419 | INFO  | OMAudit | user=runner | ip=127.0.0.1 | op=ALLOCATE_BLOCK {"volume":"b3e459f7-3123-4905-b367-49fe2ef37298","bucket":"7c4ce79f-6b62-4132-a869-3693b426f177","key":"2aff2a45-1713-4cfb-91d7-034f632e0a0b","dataSize":"5242880","replicationType":"RATIS","replicationFactor":"ONE","clientID":"115389167985688849","Transaction":"1052"} | ret=SUCCESS |  
2025-10-17 11:02:54,431 [om1-OMDoubleBufferFlushThread] INFO  db.RDBCheckpointManager (RDBCheckpointManager.java:createCheckpoint(87)) - Created checkpoint in rocksDB at /home/runner/work/ozone/ozone/hadoop-ozone/integration-test/target/test-dir/MiniOzoneClusterImpl-d1ffa5d3-3301-45c3-9f44-1ffa6967d237/om/data/db.snapshots/checkpointState/om.db-667b5523-47d9-4bb0-84a7-d1ff74f925c9 in 46 milliseconds
2025-10-17 11:02:54,438 | INFO  | OMAudit | user=runner | ip=127.0.0.1 | op=COMMIT_MULTIPART_UPLOAD_PARTKEY {"volume":"b3e459f7-3123-4905-b367-49fe2ef37298","bucket":"7c4ce79f-6b62-4132-a869-3693b426f177","key":"2aff2a45-1713-4cfb-91d7-034f632e0a0b","dataSize":"5242880","ETag":"79b281060d337b9b2b84ccf390adcf74","uploadID":"0199f1d6-4059-7d76-9a94-b4fb3ad05624-115389167979528462","partNumber":"3","partName":"/b3e459f7-3123-4905-b367-49fe2ef37298/7c4ce79f-6b62-4132-a869-3693b426f177/2aff2a45-1713-4cfb-91d7-034f632e0a0b-0199f1d6-4059-7d76-9a94-b4fb3ad05624-115389167979528462-3","Transaction":"1053"} | ret=SUCCESS |  
2025-10-17 11:02:54,448 [om1-OMDoubleBufferFlushThread] INFO  om.OmSnapshotManager (OmSnapshotManager.java:createOmSnapshotCheckpoint(545)) - Created checkpoint: /home/runner/work/ozone/ozone/hadoop-ozone/integration-test/target/test-dir/MiniOzoneClusterImpl-d1ffa5d3-3301-45c3-9f44-1ffa6967d237/om/data/db.snapshots/checkpointState/om.db-667b5523-47d9-4bb0-84a7-d1ff74f925c9 for snapshot /vol-a-04028/bucket-b-2-46087/s20251017-110252.973
2025-10-17 11:02:54,449 | INFO  | OMAudit | user=runner | ip=127.0.0.1 | op=LIST_MULTIPART_UPLOAD_PARTS {"volume":"b3e459f7-3123-4905-b367-49fe2ef37298","bucket":"7c4ce79f-6b62-4132-a869-3693b426f177","key":"2aff2a45-1713-4cfb-91d7-034f632e0a0b","uploadID":"0199f1d6-4059-7d76-9a94-b4fb3ad05624-115389167979528462","partNumberMarker":"0","maxParts":"3"} | ret=SUCCESS |  
]]></system-out>
  </testcase>
  <testcase name="testListMultipartUploadParts(ReplicationConfig)[2]" classname="org.apache.hadoop.ozone.client.rpc.TestSecureOzoneRpcClient" time="0.307">
    <system-out><![CDATA[2025-10-17 11:02:54,456 [ForkJoinPool-1-worker-1] INFO  rpc.RpcClient (RpcClient.java:createVolume(461)) - Creating Volume: f2d6bb0e-f24e-4350-95d2-406b4416ce22, with runner as owner and space quota set to -1 bytes, counts quota set to -1
2025-10-17 11:02:54,459 [om1-OMStateMachineApplyTransactionThread - 0] INFO  volume.OMVolumeCreateRequest (OMVolumeCreateRequest.java:validateAndUpdateCache(213)) - created volume:f2d6bb0e-f24e-4350-95d2-406b4416ce22 for user:runner
2025-10-17 11:02:54,459 | INFO  | OMAudit | user=runner | ip=127.0.0.1 | op=CREATE_VOLUME {"admin":"runner","owner":"runner","volume":"f2d6bb0e-f24e-4350-95d2-406b4416ce22","creationTime":"1760698974458","modificationTime":"1760698974458","quotaInBytes":"-1","quotaInNamespace":"-1","usedNamespace":"0","objectID":"-9223372036854505984","updateID":"1054","Transaction":"1054"} | ret=SUCCESS |  
2025-10-17 11:02:54,461 | INFO  | OMAudit | user=runner | ip=127.0.0.1 | op=READ_VOLUME {"volume":"f2d6bb0e-f24e-4350-95d2-406b4416ce22"} | ret=SUCCESS |  
2025-10-17 11:02:54,461 [ForkJoinPool-1-worker-1] INFO  rpc.RpcClient (RpcClient.java:createBucket(686)) - Creating Bucket: f2d6bb0e-f24e-4350-95d2-406b4416ce22/2d151aec-20df-45fb-820f-fb97b8eef5ef, with server-side default bucket layout, runner as owner, Versioning false, Storage Type set to DISK and Encryption set to false, Replication Type set to server-side default replication type, Namespace Quota set to -1, Space Quota set to -1 
2025-10-17 11:02:54,463 [om1-OMStateMachineApplyTransactionThread - 0] INFO  bucket.OMBucketCreateRequest (OMBucketCreateRequest.java:validateAndUpdateCache(303)) - created bucket: 2d151aec-20df-45fb-820f-fb97b8eef5ef of layout FILE_SYSTEM_OPTIMIZED in volume: f2d6bb0e-f24e-4350-95d2-406b4416ce22
2025-10-17 11:02:54,463 | INFO  | OMAudit | user=runner | ip=127.0.0.1 | op=CREATE_BUCKET {"volume":"f2d6bb0e-f24e-4350-95d2-406b4416ce22","bucket":"2d151aec-20df-45fb-820f-fb97b8eef5ef","bucketLayout":"FILE_SYSTEM_OPTIMIZED","gdprEnabled":null,"acls":"[user:runner:a[ACCESS], group:runner:rl[ACCESS]]","isVersionEnabled":"false","storageType":"DISK","creationTime":"1760698974462","bucketEncryptionKey":null,"modificationTime":"1760698974462","usedBytes":"0","usedNamespace":"0","snapshotUsedBytes":"0","snapshotUsedNamespace":"0","owner":"runner","replicationType":null,"replicationConfig":null,"quotaInBytes":"-1","quotaInNamespace":"-1","Transaction":"1055"} | ret=SUCCESS |  
2025-10-17 11:02:54,464 | INFO  | OMAudit | user=runner | ip=127.0.0.1 | op=READ_BUCKET {"volume":"f2d6bb0e-f24e-4350-95d2-406b4416ce22","bucket":"2d151aec-20df-45fb-820f-fb97b8eef5ef"} | ret=SUCCESS |  
2025-10-17 11:02:54,467 | INFO  | OMAudit | user=runner | ip=127.0.0.1 | op=INITIATE_MULTIPART_UPLOAD {"volume":"f2d6bb0e-f24e-4350-95d2-406b4416ce22","bucket":"2d151aec-20df-45fb-820f-fb97b8eef5ef","key":"81ad3cce-edb2-4ff0-af55-0520d77f1071","dataSize":"0","replicationType":"RATIS","replicationFactor":"THREE","uploadID":"0199f1d6-4102-7000-a93c-9a21e55e6e3d-115389167990604050","Transaction":"1056"} | ret=SUCCESS |  
2025-10-17 11:02:54,470 | INFO  | OMAudit | user=runner | ip=127.0.0.1 | op=ALLOCATE_KEY {"volume":"f2d6bb0e-f24e-4350-95d2-406b4416ce22","bucket":"2d151aec-20df-45fb-820f-fb97b8eef5ef","key":"81ad3cce-edb2-4ff0-af55-0520d77f1071","dataSize":"5242880","Transaction":"1057"} | ret=SUCCESS |  
2025-10-17 11:02:54,472 | INFO  | SCMAudit | user=runner | ip=127.0.0.1 | op=ALLOCATE_BLOCK {"replication":"RATIS/THREE","owner":"omServiceIdDefault","size":"4194304","sampleBlocks":"[conID: 17 locID: 115816896921600302]","num":"1","client":"","allocated":"1"} | ret=SUCCESS |  
2025-10-17 11:02:54,474 | INFO  | OMAudit | user=runner | ip=127.0.0.1 | op=ALLOCATE_BLOCK {"volume":"f2d6bb0e-f24e-4350-95d2-406b4416ce22","bucket":"2d151aec-20df-45fb-820f-fb97b8eef5ef","key":"81ad3cce-edb2-4ff0-af55-0520d77f1071","dataSize":"5242880","replicationType":"RATIS","replicationFactor":"THREE","clientID":"115389167990800659","Transaction":"1058"} | ret=SUCCESS |  
2025-10-17 11:02:54,507 [om1-OMDoubleBufferFlushThread] INFO  db.RDBCheckpointManager (RDBCheckpointManager.java:createCheckpoint(87)) - Created checkpoint in rocksDB at /home/runner/work/ozone/ozone/hadoop-ozone/integration-test/target/test-dir/MiniOzoneClusterImpl-d1ffa5d3-3301-45c3-9f44-1ffa6967d237/om/data/db.snapshots/checkpointState/om.db-0c6a7852-fb73-427f-b743-2b6810f0b68d in 57 milliseconds
2025-10-17 11:02:54,524 | INFO  | SCMAudit | user=runner | ip=127.0.0.1 | op=ALLOCATE_BLOCK {"replication":"RATIS/THREE","owner":"omServiceIdDefault","size":"4194304","sampleBlocks":"[conID: 19 locID: 115816896921600303]","num":"1","client":"","allocated":"1"} | ret=SUCCESS |  
2025-10-17 11:02:54,526 | INFO  | OMAudit | user=runner | ip=127.0.0.1 | op=ALLOCATE_BLOCK {"volume":"f2d6bb0e-f24e-4350-95d2-406b4416ce22","bucket":"2d151aec-20df-45fb-820f-fb97b8eef5ef","key":"81ad3cce-edb2-4ff0-af55-0520d77f1071","dataSize":"5242880","replicationType":"RATIS","replicationFactor":"THREE","clientID":"115389167990800659","Transaction":"1059"} | ret=SUCCESS |  
2025-10-17 11:02:54,531 [om1-OMDoubleBufferFlushThread] INFO  om.OmSnapshotManager (OmSnapshotManager.java:createOmSnapshotCheckpoint(545)) - Created checkpoint: /home/runner/work/ozone/ozone/hadoop-ozone/integration-test/target/test-dir/MiniOzoneClusterImpl-d1ffa5d3-3301-45c3-9f44-1ffa6967d237/om/data/db.snapshots/checkpointState/om.db-0c6a7852-fb73-427f-b743-2b6810f0b68d for snapshot /vol-a-04028/bucket-b-3-94326/s20251017-110252.981
2025-10-17 11:02:54,551 | INFO  | OMAudit | user=runner | ip=127.0.0.1 | op=COMMIT_MULTIPART_UPLOAD_PARTKEY {"volume":"f2d6bb0e-f24e-4350-95d2-406b4416ce22","bucket":"2d151aec-20df-45fb-820f-fb97b8eef5ef","key":"81ad3cce-edb2-4ff0-af55-0520d77f1071","dataSize":"5242880","ETag":"79b281060d337b9b2b84ccf390adcf74","uploadID":"0199f1d6-4102-7000-a93c-9a21e55e6e3d-115389167990604050","partNumber":"1","partName":"/f2d6bb0e-f24e-4350-95d2-406b4416ce22/2d151aec-20df-45fb-820f-fb97b8eef5ef/81ad3cce-edb2-4ff0-af55-0520d77f1071-0199f1d6-4102-7000-a93c-9a21e55e6e3d-115389167990604050-1","Transaction":"1060"} | ret=SUCCESS |  
2025-10-17 11:02:54,555 | INFO  | OMAudit | user=runner | ip=127.0.0.1 | op=ALLOCATE_KEY {"volume":"f2d6bb0e-f24e-4350-95d2-406b4416ce22","bucket":"2d151aec-20df-45fb-820f-fb97b8eef5ef","key":"81ad3cce-edb2-4ff0-af55-0520d77f1071","dataSize":"5242880","Transaction":"1061"} | ret=SUCCESS |  
2025-10-17 11:02:54,557 | INFO  | SCMAudit | user=runner | ip=127.0.0.1 | op=ALLOCATE_BLOCK {"replication":"RATIS/THREE","owner":"omServiceIdDefault","size":"4194304","sampleBlocks":"[conID: 20 locID: 115816896921600304]","num":"1","client":"","allocated":"1"} | ret=SUCCESS |  
2025-10-17 11:02:54,559 | INFO  | OMAudit | user=runner | ip=127.0.0.1 | op=ALLOCATE_BLOCK {"volume":"f2d6bb0e-f24e-4350-95d2-406b4416ce22","bucket":"2d151aec-20df-45fb-820f-fb97b8eef5ef","key":"81ad3cce-edb2-4ff0-af55-0520d77f1071","dataSize":"5242880","replicationType":"RATIS","replicationFactor":"THREE","clientID":"115389167996371220","Transaction":"1062"} | ret=SUCCESS |  
2025-10-17 11:02:54,608 [om1-OMDoubleBufferFlushThread] INFO  db.RDBCheckpointManager (RDBCheckpointManager.java:createCheckpoint(87)) - Created checkpoint in rocksDB at /home/runner/work/ozone/ozone/hadoop-ozone/integration-test/target/test-dir/MiniOzoneClusterImpl-d1ffa5d3-3301-45c3-9f44-1ffa6967d237/om/data/db.snapshots/checkpointState/om.db-eab16b1c-6d27-4756-b7ce-c39abe555a36 in 74 milliseconds
2025-10-17 11:02:54,625 [om1-OMDoubleBufferFlushThread] INFO  om.OmSnapshotManager (OmSnapshotManager.java:createOmSnapshotCheckpoint(545)) - Created checkpoint: /home/runner/work/ozone/ozone/hadoop-ozone/integration-test/target/test-dir/MiniOzoneClusterImpl-d1ffa5d3-3301-45c3-9f44-1ffa6967d237/om/data/db.snapshots/checkpointState/om.db-eab16b1c-6d27-4756-b7ce-c39abe555a36 for snapshot /vol-a-04028/bucket-b-4-06117/s20251017-110252.988
2025-10-17 11:02:54,628 | INFO  | SCMAudit | user=runner | ip=127.0.0.1 | op=ALLOCATE_BLOCK {"replication":"RATIS/THREE","owner":"omServiceIdDefault","size":"4194304","sampleBlocks":"[conID: 21 locID: 115816896921600305]","num":"1","client":"","allocated":"1"} | ret=SUCCESS |  
2025-10-17 11:02:54,669 | INFO  | OMAudit | user=runner | ip=127.0.0.1 | op=ALLOCATE_BLOCK {"volume":"f2d6bb0e-f24e-4350-95d2-406b4416ce22","bucket":"2d151aec-20df-45fb-820f-fb97b8eef5ef","key":"81ad3cce-edb2-4ff0-af55-0520d77f1071","dataSize":"5242880","replicationType":"RATIS","replicationFactor":"THREE","clientID":"115389167996371220","Transaction":"1063"} | ret=SUCCESS |  
2025-10-17 11:02:54,691 | INFO  | OMAudit | user=runner | ip=127.0.0.1 | op=COMMIT_MULTIPART_UPLOAD_PARTKEY {"volume":"f2d6bb0e-f24e-4350-95d2-406b4416ce22","bucket":"2d151aec-20df-45fb-820f-fb97b8eef5ef","key":"81ad3cce-edb2-4ff0-af55-0520d77f1071","dataSize":"5242880","ETag":"79b281060d337b9b2b84ccf390adcf74","uploadID":"0199f1d6-4102-7000-a93c-9a21e55e6e3d-115389167990604050","partNumber":"2","partName":"/f2d6bb0e-f24e-4350-95d2-406b4416ce22/2d151aec-20df-45fb-820f-fb97b8eef5ef/81ad3cce-edb2-4ff0-af55-0520d77f1071-0199f1d6-4102-7000-a93c-9a21e55e6e3d-115389167990604050-2","Transaction":"1064"} | ret=SUCCESS |  
2025-10-17 11:02:54,695 | INFO  | OMAudit | user=runner | ip=127.0.0.1 | op=ALLOCATE_KEY {"volume":"f2d6bb0e-f24e-4350-95d2-406b4416ce22","bucket":"2d151aec-20df-45fb-820f-fb97b8eef5ef","key":"81ad3cce-edb2-4ff0-af55-0520d77f1071","dataSize":"5242880","Transaction":"1065"} | ret=SUCCESS |  
2025-10-17 11:02:54,697 | INFO  | SCMAudit | user=runner | ip=127.0.0.1 | op=ALLOCATE_BLOCK {"replication":"RATIS/THREE","owner":"omServiceIdDefault","size":"4194304","sampleBlocks":"[conID: 21 locID: 115816896921600306]","num":"1","client":"","allocated":"1"} | ret=SUCCESS |  
2025-10-17 11:02:54,698 | INFO  | OMAudit | user=runner | ip=127.0.0.1 | op=ALLOCATE_BLOCK {"volume":"f2d6bb0e-f24e-4350-95d2-406b4416ce22","bucket":"2d151aec-20df-45fb-820f-fb97b8eef5ef","key":"81ad3cce-edb2-4ff0-af55-0520d77f1071","dataSize":"5242880","replicationType":"RATIS","replicationFactor":"THREE","clientID":"115389168005546261","Transaction":"1066"} | ret=SUCCESS |  
2025-10-17 11:02:54,710 [om1-OMDoubleBufferFlushThread] INFO  db.RDBCheckpointManager (RDBCheckpointManager.java:createCheckpoint(87)) - Created checkpoint in rocksDB at /home/runner/work/ozone/ozone/hadoop-ozone/integration-test/target/test-dir/MiniOzoneClusterImpl-d1ffa5d3-3301-45c3-9f44-1ffa6967d237/om/data/db.snapshots/checkpointState/om.db-d945703d-acfc-4107-b207-bc632bc17e3c in 40 milliseconds
2025-10-17 11:02:54,717 | INFO  | SCMAudit | user=runner | ip=127.0.0.1 | op=SEND_HEARTBEAT {"datanodeUUID":"28c08cd4-c049-4c66-8210-e254cf68b291","term":"2","command":"[]"} | ret=SUCCESS |  
2025-10-17 11:02:54,718 | INFO  | SCMAudit | user=runner | ip=127.0.0.1 | op=SEND_HEARTBEAT {"datanodeUUID":"b1eee25a-1fdf-4744-83c7-58e0513fce3b","term":"2","command":"[]"} | ret=SUCCESS |  
2025-10-17 11:02:54,721 | INFO  | SCMAudit | user=runner | ip=127.0.0.1 | op=SEND_HEARTBEAT {"datanodeUUID":"b6f92338-e951-49df-a986-ea31ece96e9e","term":"2","command":"[]"} | ret=SUCCESS |  
2025-10-17 11:02:54,723 | INFO  | SCMAudit | user=runner | ip=127.0.0.1 | op=SEND_HEARTBEAT {"datanodeUUID":"b292b6be-9482-4c30-a3e0-c9f721931b72","term":"2","command":"[]"} | ret=SUCCESS |  
2025-10-17 11:02:54,724 | INFO  | SCMAudit | user=runner | ip=127.0.0.1 | op=SEND_HEARTBEAT {"datanodeUUID":"2b4cc429-f9c1-416c-9a38-6239a2e149ea","term":"2","command":"[]"} | ret=SUCCESS |  
2025-10-17 11:02:54,731 | INFO  | SCMAudit | user=runner | ip=127.0.0.1 | op=ALLOCATE_BLOCK {"replication":"RATIS/THREE","owner":"omServiceIdDefault","size":"4194304","sampleBlocks":"[conID: 15 locID: 115816896921600307]","num":"1","client":"","allocated":"1"} | ret=SUCCESS |  
2025-10-17 11:02:54,733 | INFO  | OMAudit | user=runner | ip=127.0.0.1 | op=ALLOCATE_BLOCK {"volume":"f2d6bb0e-f24e-4350-95d2-406b4416ce22","bucket":"2d151aec-20df-45fb-820f-fb97b8eef5ef","key":"81ad3cce-edb2-4ff0-af55-0520d77f1071","dataSize":"5242880","replicationType":"RATIS","replicationFactor":"THREE","clientID":"115389168005546261","Transaction":"1067"} | ret=SUCCESS |  
2025-10-17 11:02:54,734 [om1-OMDoubleBufferFlushThread] INFO  om.OmSnapshotManager (OmSnapshotManager.java:createOmSnapshotCheckpoint(545)) - Created checkpoint: /home/runner/work/ozone/ozone/hadoop-ozone/integration-test/target/test-dir/MiniOzoneClusterImpl-d1ffa5d3-3301-45c3-9f44-1ffa6967d237/om/data/db.snapshots/checkpointState/om.db-d945703d-acfc-4107-b207-bc632bc17e3c for snapshot /vol-a-04028/bucket-b-5-05520/s20251017-110252.995
2025-10-17 11:02:54,758 | INFO  | OMAudit | user=runner | ip=127.0.0.1 | op=COMMIT_MULTIPART_UPLOAD_PARTKEY {"volume":"f2d6bb0e-f24e-4350-95d2-406b4416ce22","bucket":"2d151aec-20df-45fb-820f-fb97b8eef5ef","key":"81ad3cce-edb2-4ff0-af55-0520d77f1071","dataSize":"5242880","ETag":"79b281060d337b9b2b84ccf390adcf74","uploadID":"0199f1d6-4102-7000-a93c-9a21e55e6e3d-115389167990604050","partNumber":"3","partName":"/f2d6bb0e-f24e-4350-95d2-406b4416ce22/2d151aec-20df-45fb-820f-fb97b8eef5ef/81ad3cce-edb2-4ff0-af55-0520d77f1071-0199f1d6-4102-7000-a93c-9a21e55e6e3d-115389167990604050-3","Transaction":"1068"} | ret=SUCCESS |  
2025-10-17 11:02:54,761 | INFO  | SCMAudit | user=runner | ip=127.0.0.1 | op=SEND_HEARTBEAT {"datanodeUUID":"dbd6f242-9b73-4bca-a110-3e2ec656b979","term":"2","command":"[]"} | ret=SUCCESS |  
2025-10-17 11:02:54,761 | INFO  | OMAudit | user=runner | ip=127.0.0.1 | op=LIST_MULTIPART_UPLOAD_PARTS {"volume":"f2d6bb0e-f24e-4350-95d2-406b4416ce22","bucket":"2d151aec-20df-45fb-820f-fb97b8eef5ef","key":"81ad3cce-edb2-4ff0-af55-0520d77f1071","uploadID":"0199f1d6-4102-7000-a93c-9a21e55e6e3d-115389167990604050","partNumberMarker":"0","maxParts":"3"} | ret=SUCCESS |  
]]></system-out>
  </testcase>
  <testcase name="testListMultipartUploadParts(ReplicationConfig)[3]" classname="org.apache.hadoop.ozone.client.rpc.TestSecureOzoneRpcClient" time="0.172">
    <system-out><![CDATA[2025-10-17 11:02:54,764 [ForkJoinPool-1-worker-1] INFO  rpc.RpcClient (RpcClient.java:createVolume(461)) - Creating Volume: d0417f61-1176-479e-8130-a2bc07716335, with runner as owner and space quota set to -1 bytes, counts quota set to -1
2025-10-17 11:02:54,765 | INFO  | SCMAudit | user=runner | ip=127.0.0.1 | op=SEND_HEARTBEAT {"datanodeUUID":"ed6e9581-5875-4278-a8db-50829892434b","term":"2","command":"[]"} | ret=SUCCESS |  
2025-10-17 11:02:54,766 [om1-OMStateMachineApplyTransactionThread - 0] INFO  volume.OMVolumeCreateRequest (OMVolumeCreateRequest.java:validateAndUpdateCache(213)) - created volume:d0417f61-1176-479e-8130-a2bc07716335 for user:runner
2025-10-17 11:02:54,766 | INFO  | OMAudit | user=runner | ip=127.0.0.1 | op=CREATE_VOLUME {"admin":"runner","owner":"runner","volume":"d0417f61-1176-479e-8130-a2bc07716335","creationTime":"1760698974765","modificationTime":"1760698974765","quotaInBytes":"-1","quotaInNamespace":"-1","usedNamespace":"0","objectID":"-9223372036854502144","updateID":"1069","Transaction":"1069"} | ret=SUCCESS |  
2025-10-17 11:02:54,767 | INFO  | OMAudit | user=runner | ip=127.0.0.1 | op=READ_VOLUME {"volume":"d0417f61-1176-479e-8130-a2bc07716335"} | ret=SUCCESS |  
2025-10-17 11:02:54,768 [ForkJoinPool-1-worker-1] INFO  rpc.RpcClient (RpcClient.java:createBucket(686)) - Creating Bucket: d0417f61-1176-479e-8130-a2bc07716335/43975966-e674-459f-8511-d4813d393961, with server-side default bucket layout, runner as owner, Versioning false, Storage Type set to DISK and Encryption set to false, Replication Type set to server-side default replication type, Namespace Quota set to -1, Space Quota set to -1 
2025-10-17 11:02:54,770 [om1-OMStateMachineApplyTransactionThread - 0] INFO  bucket.OMBucketCreateRequest (OMBucketCreateRequest.java:validateAndUpdateCache(303)) - created bucket: 43975966-e674-459f-8511-d4813d393961 of layout FILE_SYSTEM_OPTIMIZED in volume: d0417f61-1176-479e-8130-a2bc07716335
2025-10-17 11:02:54,770 | INFO  | OMAudit | user=runner | ip=127.0.0.1 | op=CREATE_BUCKET {"volume":"d0417f61-1176-479e-8130-a2bc07716335","bucket":"43975966-e674-459f-8511-d4813d393961","bucketLayout":"FILE_SYSTEM_OPTIMIZED","gdprEnabled":null,"acls":"[user:runner:a[ACCESS], group:runner:rl[ACCESS]]","isVersionEnabled":"false","storageType":"DISK","creationTime":"1760698974769","bucketEncryptionKey":null,"modificationTime":"1760698974769","usedBytes":"0","usedNamespace":"0","snapshotUsedBytes":"0","snapshotUsedNamespace":"0","owner":"runner","replicationType":null,"replicationConfig":null,"quotaInBytes":"-1","quotaInNamespace":"-1","Transaction":"1070"} | ret=SUCCESS |  
2025-10-17 11:02:54,771 | INFO  | OMAudit | user=runner | ip=127.0.0.1 | op=READ_BUCKET {"volume":"d0417f61-1176-479e-8130-a2bc07716335","bucket":"43975966-e674-459f-8511-d4813d393961"} | ret=SUCCESS |  
2025-10-17 11:02:54,773 | INFO  | OMAudit | user=runner | ip=127.0.0.1 | op=INITIATE_MULTIPART_UPLOAD {"volume":"d0417f61-1176-479e-8130-a2bc07716335","bucket":"43975966-e674-459f-8511-d4813d393961","key":"7b529edc-52ca-4c03-8ac4-2fab9c0d81e6","dataSize":"0","replicationType":"EC","replicationConfig":"rs-3-2-1048576","uploadID":"0199f1d6-4234-7787-be98-be9c44a74c16-115389168010658070","Transaction":"1071"} | ret=SUCCESS |  
2025-10-17 11:02:54,776 | INFO  | OMAudit | user=runner | ip=127.0.0.1 | op=ALLOCATE_KEY {"volume":"d0417f61-1176-479e-8130-a2bc07716335","bucket":"43975966-e674-459f-8511-d4813d393961","key":"7b529edc-52ca-4c03-8ac4-2fab9c0d81e6","dataSize":"5242880","Transaction":"1072"} | ret=SUCCESS |  
2025-10-17 11:02:54,785 [om1-OMDoubleBufferFlushThread] INFO  db.RDBCheckpointManager (RDBCheckpointManager.java:createCheckpoint(87)) - Created checkpoint in rocksDB at /home/runner/work/ozone/ozone/hadoop-ozone/integration-test/target/test-dir/MiniOzoneClusterImpl-d1ffa5d3-3301-45c3-9f44-1ffa6967d237/om/data/db.snapshots/checkpointState/om.db-88043b1a-d2bc-4224-a286-2e4c75466172 in 45 milliseconds
2025-10-17 11:02:54,785 | INFO  | SCMAudit | user=runner | ip=127.0.0.1 | op=ALLOCATE_BLOCK {"replication":"EC{rs-3-2-1024k}","owner":"omServiceIdDefault","size":"4194304","sampleBlocks":"[conID: 24 locID: 115816896921600308]","num":"1","client":"","allocated":"1"} | ret=SUCCESS |  
2025-10-17 11:02:54,787 | INFO  | OMAudit | user=runner | ip=127.0.0.1 | op=ALLOCATE_BLOCK {"volume":"d0417f61-1176-479e-8130-a2bc07716335","bucket":"43975966-e674-459f-8511-d4813d393961","key":"7b529edc-52ca-4c03-8ac4-2fab9c0d81e6","dataSize":"5242880","replicationType":"EC","replicationConfig":"rs-3-2-1048576","clientID":"115389168010854679","Transaction":"1073"} | ret=SUCCESS |  
2025-10-17 11:02:54,823 [om1-OMDoubleBufferFlushThread] INFO  om.OmSnapshotManager (OmSnapshotManager.java:createOmSnapshotCheckpoint(545)) - Created checkpoint: /home/runner/work/ozone/ozone/hadoop-ozone/integration-test/target/test-dir/MiniOzoneClusterImpl-d1ffa5d3-3301-45c3-9f44-1ffa6967d237/om/data/db.snapshots/checkpointState/om.db-88043b1a-d2bc-4224-a286-2e4c75466172 for snapshot /vol-a-04028/bucket-b-6-68631/s20251017-110253.003
2025-10-17 11:02:54,828 | INFO  | OMAudit | user=runner | ip=127.0.0.1 | op=COMMIT_MULTIPART_UPLOAD_PARTKEY {"volume":"d0417f61-1176-479e-8130-a2bc07716335","bucket":"43975966-e674-459f-8511-d4813d393961","key":"7b529edc-52ca-4c03-8ac4-2fab9c0d81e6","dataSize":"5242880","ETag":"79b281060d337b9b2b84ccf390adcf74","uploadID":"0199f1d6-4234-7787-be98-be9c44a74c16-115389168010658070","partNumber":"1","partName":"/d0417f61-1176-479e-8130-a2bc07716335/43975966-e674-459f-8511-d4813d393961/7b529edc-52ca-4c03-8ac4-2fab9c0d81e6-0199f1d6-4234-7787-be98-be9c44a74c16-115389168010658070-1","Transaction":"1074"} | ret=SUCCESS |  
2025-10-17 11:02:54,832 | INFO  | OMAudit | user=runner | ip=127.0.0.1 | op=ALLOCATE_KEY {"volume":"d0417f61-1176-479e-8130-a2bc07716335","bucket":"43975966-e674-459f-8511-d4813d393961","key":"7b529edc-52ca-4c03-8ac4-2fab9c0d81e6","dataSize":"5242880","Transaction":"1075"} | ret=SUCCESS |  
2025-10-17 11:02:54,842 | INFO  | SCMAudit | user=runner | ip=127.0.0.1 | op=ALLOCATE_BLOCK {"replication":"EC{rs-3-2-1024k}","owner":"omServiceIdDefault","size":"4194304","sampleBlocks":"[conID: 24 locID: 115816896921600309]","num":"1","client":"","allocated":"1"} | ret=SUCCESS |  
2025-10-17 11:02:54,844 | INFO  | OMAudit | user=runner | ip=127.0.0.1 | op=ALLOCATE_BLOCK {"volume":"d0417f61-1176-479e-8130-a2bc07716335","bucket":"43975966-e674-459f-8511-d4813d393961","key":"7b529edc-52ca-4c03-8ac4-2fab9c0d81e6","dataSize":"5242880","replicationType":"EC","replicationConfig":"rs-3-2-1048576","clientID":"115389168014524696","Transaction":"1076"} | ret=SUCCESS |  
2025-10-17 11:02:54,863 | INFO  | SCMAudit | user=runner | ip=127.0.0.1 | op=SEND_HEARTBEAT {"datanodeUUID":"a5293c95-44e9-4ea9-88ca-89089eac4b59","term":"2","command":"[]"} | ret=SUCCESS |  
2025-10-17 11:02:54,873 [om1-OMDoubleBufferFlushThread] INFO  db.RDBCheckpointManager (RDBCheckpointManager.java:createCheckpoint(87)) - Created checkpoint in rocksDB at /home/runner/work/ozone/ozone/hadoop-ozone/integration-test/target/test-dir/MiniOzoneClusterImpl-d1ffa5d3-3301-45c3-9f44-1ffa6967d237/om/data/db.snapshots/checkpointState/om.db-33b40429-b2a6-489b-87da-aef769211c36 in 47 milliseconds
2025-10-17 11:02:54,879 | INFO  | OMAudit | user=runner | ip=127.0.0.1 | op=COMMIT_MULTIPART_UPLOAD_PARTKEY {"volume":"d0417f61-1176-479e-8130-a2bc07716335","bucket":"43975966-e674-459f-8511-d4813d393961","key":"7b529edc-52ca-4c03-8ac4-2fab9c0d81e6","dataSize":"5242880","ETag":"79b281060d337b9b2b84ccf390adcf74","uploadID":"0199f1d6-4234-7787-be98-be9c44a74c16-115389168010658070","partNumber":"2","partName":"/d0417f61-1176-479e-8130-a2bc07716335/43975966-e674-459f-8511-d4813d393961/7b529edc-52ca-4c03-8ac4-2fab9c0d81e6-0199f1d6-4234-7787-be98-be9c44a74c16-115389168010658070-2","Transaction":"1077"} | ret=SUCCESS |  
2025-10-17 11:02:54,883 | INFO  | OMAudit | user=runner | ip=127.0.0.1 | op=ALLOCATE_KEY {"volume":"d0417f61-1176-479e-8130-a2bc07716335","bucket":"43975966-e674-459f-8511-d4813d393961","key":"7b529edc-52ca-4c03-8ac4-2fab9c0d81e6","dataSize":"5242880","Transaction":"1078"} | ret=SUCCESS |  
2025-10-17 11:02:54,892 [om1-OMDoubleBufferFlushThread] INFO  om.OmSnapshotManager (OmSnapshotManager.java:createOmSnapshotCheckpoint(545)) - Created checkpoint: /home/runner/work/ozone/ozone/hadoop-ozone/integration-test/target/test-dir/MiniOzoneClusterImpl-d1ffa5d3-3301-45c3-9f44-1ffa6967d237/om/data/db.snapshots/checkpointState/om.db-33b40429-b2a6-489b-87da-aef769211c36 for snapshot /vol-a-04028/bucket-b-7-43045/s20251017-110253.009
2025-10-17 11:02:54,893 | INFO  | SCMAudit | user=runner | ip=127.0.0.1 | op=ALLOCATE_BLOCK {"replication":"EC{rs-3-2-1024k}","owner":"omServiceIdDefault","size":"4194304","sampleBlocks":"[conID: 27 locID: 115816896921600310]","num":"1","client":"","allocated":"1"} | ret=SUCCESS |  
2025-10-17 11:02:54,897 | INFO  | OMAudit | user=runner | ip=127.0.0.1 | op=ALLOCATE_BLOCK {"volume":"d0417f61-1176-479e-8130-a2bc07716335","bucket":"43975966-e674-459f-8511-d4813d393961","key":"7b529edc-52ca-4c03-8ac4-2fab9c0d81e6","dataSize":"5242880","replicationType":"EC","replicationConfig":"rs-3-2-1048576","clientID":"115389168017867033","Transaction":"1079"} | ret=SUCCESS |  
2025-10-17 11:02:54,933 | INFO  | OMAudit | user=runner | ip=127.0.0.1 | op=COMMIT_MULTIPART_UPLOAD_PARTKEY {"volume":"d0417f61-1176-479e-8130-a2bc07716335","bucket":"43975966-e674-459f-8511-d4813d393961","key":"7b529edc-52ca-4c03-8ac4-2fab9c0d81e6","dataSize":"5242880","ETag":"79b281060d337b9b2b84ccf390adcf74","uploadID":"0199f1d6-4234-7787-be98-be9c44a74c16-115389168010658070","partNumber":"3","partName":"/d0417f61-1176-479e-8130-a2bc07716335/43975966-e674-459f-8511-d4813d393961/7b529edc-52ca-4c03-8ac4-2fab9c0d81e6-0199f1d6-4234-7787-be98-be9c44a74c16-115389168010658070-3","Transaction":"1080"} | ret=SUCCESS |  
2025-10-17 11:02:54,935 | INFO  | OMAudit | user=runner | ip=127.0.0.1 | op=LIST_MULTIPART_UPLOAD_PARTS {"volume":"d0417f61-1176-479e-8130-a2bc07716335","bucket":"43975966-e674-459f-8511-d4813d393961","key":"7b529edc-52ca-4c03-8ac4-2fab9c0d81e6","uploadID":"0199f1d6-4234-7787-be98-be9c44a74c16-115389168010658070","partNumberMarker":"0","maxParts":"3"} | ret=SUCCESS |  
]]></system-out>
  </testcase>
  <testcase name="testListMultipartUploadPartsWithContinuation(ReplicationConfig)[1]" classname="org.apache.hadoop.ozone.client.rpc.TestSecureOzoneRpcClient" time="0.17">
    <system-out><![CDATA[2025-10-17 11:02:54,938 [ForkJoinPool-1-worker-1] INFO  rpc.RpcClient (RpcClient.java:createVolume(461)) - Creating Volume: c9033140-7e1a-4c86-8138-0b63046be9a6, with runner as owner and space quota set to -1 bytes, counts quota set to -1
2025-10-17 11:02:54,942 [om1-OMStateMachineApplyTransactionThread - 0] INFO  volume.OMVolumeCreateRequest (OMVolumeCreateRequest.java:validateAndUpdateCache(213)) - created volume:c9033140-7e1a-4c86-8138-0b63046be9a6 for user:runner
2025-10-17 11:02:54,942 | INFO  | OMAudit | user=runner | ip=127.0.0.1 | op=CREATE_VOLUME {"admin":"runner","owner":"runner","volume":"c9033140-7e1a-4c86-8138-0b63046be9a6","creationTime":"1760698974939","modificationTime":"1760698974939","quotaInBytes":"-1","quotaInNamespace":"-1","usedNamespace":"0","objectID":"-9223372036854499072","updateID":"1081","Transaction":"1081"} | ret=SUCCESS |  
2025-10-17 11:02:54,943 | INFO  | SCMAudit | user=runner | ip=127.0.0.1 | op=SEND_HEARTBEAT {"datanodeUUID":"3a11eef6-a527-493c-8ba3-ae39ecaefa56","term":"2","command":"[]"} | ret=SUCCESS |  
2025-10-17 11:02:54,943 | INFO  | OMAudit | user=runner | ip=127.0.0.1 | op=READ_VOLUME {"volume":"c9033140-7e1a-4c86-8138-0b63046be9a6"} | ret=SUCCESS |  
2025-10-17 11:02:54,944 [ForkJoinPool-1-worker-1] INFO  rpc.RpcClient (RpcClient.java:createBucket(686)) - Creating Bucket: c9033140-7e1a-4c86-8138-0b63046be9a6/10932b34-9379-4a8a-a409-14518d29cab7, with server-side default bucket layout, runner as owner, Versioning false, Storage Type set to DISK and Encryption set to false, Replication Type set to server-side default replication type, Namespace Quota set to -1, Space Quota set to -1 
2025-10-17 11:02:54,946 [om1-OMStateMachineApplyTransactionThread - 0] INFO  bucket.OMBucketCreateRequest (OMBucketCreateRequest.java:validateAndUpdateCache(303)) - created bucket: 10932b34-9379-4a8a-a409-14518d29cab7 of layout FILE_SYSTEM_OPTIMIZED in volume: c9033140-7e1a-4c86-8138-0b63046be9a6
2025-10-17 11:02:54,946 | INFO  | OMAudit | user=runner | ip=127.0.0.1 | op=CREATE_BUCKET {"volume":"c9033140-7e1a-4c86-8138-0b63046be9a6","bucket":"10932b34-9379-4a8a-a409-14518d29cab7","bucketLayout":"FILE_SYSTEM_OPTIMIZED","gdprEnabled":null,"acls":"[user:runner:a[ACCESS], group:runner:rl[ACCESS]]","isVersionEnabled":"false","storageType":"DISK","creationTime":"1760698974945","bucketEncryptionKey":null,"modificationTime":"1760698974945","usedBytes":"0","usedNamespace":"0","snapshotUsedBytes":"0","snapshotUsedNamespace":"0","owner":"runner","replicationType":null,"replicationConfig":null,"quotaInBytes":"-1","quotaInNamespace":"-1","Transaction":"1082"} | ret=SUCCESS |  
2025-10-17 11:02:54,948 | INFO  | OMAudit | user=runner | ip=127.0.0.1 | op=READ_BUCKET {"volume":"c9033140-7e1a-4c86-8138-0b63046be9a6","bucket":"10932b34-9379-4a8a-a409-14518d29cab7"} | ret=SUCCESS |  
2025-10-17 11:02:54,953 | INFO  | OMAudit | user=runner | ip=127.0.0.1 | op=INITIATE_MULTIPART_UPLOAD {"volume":"c9033140-7e1a-4c86-8138-0b63046be9a6","bucket":"10932b34-9379-4a8a-a409-14518d29cab7","key":"63f44a25-a3f1-4890-96b8-02f9560ebd4b","dataSize":"0","replicationType":"RATIS","replicationFactor":"ONE","uploadID":"0199f1d6-42e6-74c0-bb56-b2e13049e31d-115389168022323482","Transaction":"1083"} | ret=SUCCESS |  
2025-10-17 11:02:54,957 [om1-OMDoubleBufferFlushThread] INFO  db.RDBCheckpointManager (RDBCheckpointManager.java:createCheckpoint(87)) - Created checkpoint in rocksDB at /home/runner/work/ozone/ozone/hadoop-ozone/integration-test/target/test-dir/MiniOzoneClusterImpl-d1ffa5d3-3301-45c3-9f44-1ffa6967d237/om/data/db.snapshots/checkpointState/om.db-7488a08c-6f69-4ffc-a93a-b26130552332 in 63 milliseconds
2025-10-17 11:02:54,958 | INFO  | OMAudit | user=runner | ip=127.0.0.1 | op=ALLOCATE_KEY {"volume":"c9033140-7e1a-4c86-8138-0b63046be9a6","bucket":"10932b34-9379-4a8a-a409-14518d29cab7","key":"63f44a25-a3f1-4890-96b8-02f9560ebd4b","dataSize":"5242880","Transaction":"1084"} | ret=SUCCESS |  
2025-10-17 11:02:54,960 | INFO  | SCMAudit | user=runner | ip=127.0.0.1 | op=ALLOCATE_BLOCK {"replication":"RATIS/ONE","owner":"omServiceIdDefault","size":"4194304","sampleBlocks":"[conID: 12 locID: 115816896921600311]","num":"1","client":"","allocated":"1"} | ret=SUCCESS |  
2025-10-17 11:02:54,962 | INFO  | OMAudit | user=runner | ip=127.0.0.1 | op=ALLOCATE_BLOCK {"volume":"c9033140-7e1a-4c86-8138-0b63046be9a6","bucket":"10932b34-9379-4a8a-a409-14518d29cab7","key":"63f44a25-a3f1-4890-96b8-02f9560ebd4b","dataSize":"5242880","replicationType":"RATIS","replicationFactor":"ONE","clientID":"115389168022782235","Transaction":"1085"} | ret=SUCCESS |  
2025-10-17 11:02:54,986 | INFO  | SCMAudit | user=runner | ip=127.0.0.1 | op=ALLOCATE_BLOCK {"replication":"RATIS/ONE","owner":"omServiceIdDefault","size":"4194304","sampleBlocks":"[conID: 14 locID: 115816896921600312]","num":"1","client":"","allocated":"1"} | ret=SUCCESS |  
2025-10-17 11:02:54,987 [om1-OMDoubleBufferFlushThread] INFO  om.OmSnapshotManager (OmSnapshotManager.java:createOmSnapshotCheckpoint(545)) - Created checkpoint: /home/runner/work/ozone/ozone/hadoop-ozone/integration-test/target/test-dir/MiniOzoneClusterImpl-d1ffa5d3-3301-45c3-9f44-1ffa6967d237/om/data/db.snapshots/checkpointState/om.db-7488a08c-6f69-4ffc-a93a-b26130552332 for snapshot /vol-a-04028/bucket-b-8-06164/s20251017-110253.015
2025-10-17 11:02:54,988 | INFO  | OMAudit | user=runner | ip=127.0.0.1 | op=ALLOCATE_BLOCK {"volume":"c9033140-7e1a-4c86-8138-0b63046be9a6","bucket":"10932b34-9379-4a8a-a409-14518d29cab7","key":"63f44a25-a3f1-4890-96b8-02f9560ebd4b","dataSize":"5242880","replicationType":"RATIS","replicationFactor":"ONE","clientID":"115389168022782235","Transaction":"1086"} | ret=SUCCESS |  
2025-10-17 11:02:55,007 | INFO  | OMAudit | user=runner | ip=127.0.0.1 | op=COMMIT_MULTIPART_UPLOAD_PARTKEY {"volume":"c9033140-7e1a-4c86-8138-0b63046be9a6","bucket":"10932b34-9379-4a8a-a409-14518d29cab7","key":"63f44a25-a3f1-4890-96b8-02f9560ebd4b","dataSize":"5242880","ETag":"79b281060d337b9b2b84ccf390adcf74","uploadID":"0199f1d6-42e6-74c0-bb56-b2e13049e31d-115389168022323482","partNumber":"1","partName":"/c9033140-7e1a-4c86-8138-0b63046be9a6/10932b34-9379-4a8a-a409-14518d29cab7/63f44a25-a3f1-4890-96b8-02f9560ebd4b-0199f1d6-42e6-74c0-bb56-b2e13049e31d-115389168022323482-1","Transaction":"1087"} | ret=SUCCESS |  
2025-10-17 11:02:55,012 | INFO  | OMAudit | user=runner | ip=127.0.0.1 | op=ALLOCATE_KEY {"volume":"c9033140-7e1a-4c86-8138-0b63046be9a6","bucket":"10932b34-9379-4a8a-a409-14518d29cab7","key":"63f44a25-a3f1-4890-96b8-02f9560ebd4b","dataSize":"5242880","Transaction":"1088"} | ret=SUCCESS |  
2025-10-17 11:02:55,015 | INFO  | SCMAudit | user=runner | ip=127.0.0.1 | op=ALLOCATE_BLOCK {"replication":"RATIS/ONE","owner":"omServiceIdDefault","size":"4194304","sampleBlocks":"[conID: 6 locID: 115816896921600313]","num":"1","client":"","allocated":"1"} | ret=SUCCESS |  
2025-10-17 11:02:55,017 | INFO  | OMAudit | user=runner | ip=127.0.0.1 | op=ALLOCATE_BLOCK {"volume":"c9033140-7e1a-4c86-8138-0b63046be9a6","bucket":"10932b34-9379-4a8a-a409-14518d29cab7","key":"63f44a25-a3f1-4890-96b8-02f9560ebd4b","dataSize":"5242880","replicationType":"RATIS","replicationFactor":"ONE","clientID":"115389168026255644","Transaction":"1089"} | ret=SUCCESS |  
2025-10-17 11:02:55,034 | INFO  | SCMAudit | user=runner | ip=127.0.0.1 | op=SEND_HEARTBEAT {"datanodeUUID":"309ab1ff-9f5a-4058-8b2f-94d451ce5267","term":"2","command":"[]"} | ret=SUCCESS |  
2025-10-17 11:02:55,037 [om1-OMDoubleBufferFlushThread] INFO  db.RDBCheckpointManager (RDBCheckpointManager.java:createCheckpoint(87)) - Created checkpoint in rocksDB at /home/runner/work/ozone/ozone/hadoop-ozone/integration-test/target/test-dir/MiniOzoneClusterImpl-d1ffa5d3-3301-45c3-9f44-1ffa6967d237/om/data/db.snapshots/checkpointState/om.db-198d9e97-92c0-4063-8307-4111985e2761 in 48 milliseconds
2025-10-17 11:02:55,039 | INFO  | SCMAudit | user=runner | ip=127.0.0.1 | op=ALLOCATE_BLOCK {"replication":"RATIS/ONE","owner":"omServiceIdDefault","size":"4194304","sampleBlocks":"[conID: 2 locID: 115816896921600314]","num":"1","client":"","allocated":"1"} | ret=SUCCESS |  
2025-10-17 11:02:55,041 | INFO  | OMAudit | user=runner | ip=127.0.0.1 | op=ALLOCATE_BLOCK {"volume":"c9033140-7e1a-4c86-8138-0b63046be9a6","bucket":"10932b34-9379-4a8a-a409-14518d29cab7","key":"63f44a25-a3f1-4890-96b8-02f9560ebd4b","dataSize":"5242880","replicationType":"RATIS","replicationFactor":"ONE","clientID":"115389168026255644","Transaction":"1090"} | ret=SUCCESS |  
2025-10-17 11:02:55,056 | INFO  | OMAudit | user=runner | ip=127.0.0.1 | op=COMMIT_MULTIPART_UPLOAD_PARTKEY {"volume":"c9033140-7e1a-4c86-8138-0b63046be9a6","bucket":"10932b34-9379-4a8a-a409-14518d29cab7","key":"63f44a25-a3f1-4890-96b8-02f9560ebd4b","dataSize":"5242880","ETag":"79b281060d337b9b2b84ccf390adcf74","uploadID":"0199f1d6-42e6-74c0-bb56-b2e13049e31d-115389168022323482","partNumber":"2","partName":"/c9033140-7e1a-4c86-8138-0b63046be9a6/10932b34-9379-4a8a-a409-14518d29cab7/63f44a25-a3f1-4890-96b8-02f9560ebd4b-0199f1d6-42e6-74c0-bb56-b2e13049e31d-115389168022323482-2","Transaction":"1091"} | ret=SUCCESS |  
2025-10-17 11:02:55,060 [om1-OMDoubleBufferFlushThread] INFO  om.OmSnapshotManager (OmSnapshotManager.java:createOmSnapshotCheckpoint(545)) - Created checkpoint: /home/runner/work/ozone/ozone/hadoop-ozone/integration-test/target/test-dir/MiniOzoneClusterImpl-d1ffa5d3-3301-45c3-9f44-1ffa6967d237/om/data/db.snapshots/checkpointState/om.db-198d9e97-92c0-4063-8307-4111985e2761 for snapshot /vol-a-04028/bucket-b-9-69485/s20251017-110253.021
2025-10-17 11:02:55,060 | INFO  | OMAudit | user=runner | ip=127.0.0.1 | op=ALLOCATE_KEY {"volume":"c9033140-7e1a-4c86-8138-0b63046be9a6","bucket":"10932b34-9379-4a8a-a409-14518d29cab7","key":"63f44a25-a3f1-4890-96b8-02f9560ebd4b","dataSize":"5242880","Transaction":"1092"} | ret=SUCCESS |  
2025-10-17 11:02:55,063 | INFO  | SCMAudit | user=runner | ip=127.0.0.1 | op=ALLOCATE_BLOCK {"replication":"RATIS/ONE","owner":"omServiceIdDefault","size":"4194304","sampleBlocks":"[conID: 4 locID: 115816896921600315]","num":"1","client":"","allocated":"1"} | ret=SUCCESS |  
2025-10-17 11:02:55,065 | INFO  | OMAudit | user=runner | ip=127.0.0.1 | op=ALLOCATE_BLOCK {"volume":"c9033140-7e1a-4c86-8138-0b63046be9a6","bucket":"10932b34-9379-4a8a-a409-14518d29cab7","key":"63f44a25-a3f1-4890-96b8-02f9560ebd4b","dataSize":"5242880","replicationType":"RATIS","replicationFactor":"ONE","clientID":"115389168029466909","Transaction":"1093"} | ret=SUCCESS |  
2025-10-17 11:02:55,085 | INFO  | SCMAudit | user=runner | ip=127.0.0.1 | op=ALLOCATE_BLOCK {"replication":"RATIS/ONE","owner":"omServiceIdDefault","size":"4194304","sampleBlocks":"[conID: 6 locID: 115816896921600316]","num":"1","client":"","allocated":"1"} | ret=SUCCESS |  
2025-10-17 11:02:55,087 | INFO  | OMAudit | user=runner | ip=127.0.0.1 | op=ALLOCATE_BLOCK {"volume":"c9033140-7e1a-4c86-8138-0b63046be9a6","bucket":"10932b34-9379-4a8a-a409-14518d29cab7","key":"63f44a25-a3f1-4890-96b8-02f9560ebd4b","dataSize":"5242880","replicationType":"RATIS","replicationFactor":"ONE","clientID":"115389168029466909","Transaction":"1094"} | ret=SUCCESS |  
2025-10-17 11:02:55,103 | INFO  | OMAudit | user=runner | ip=127.0.0.1 | op=COMMIT_MULTIPART_UPLOAD_PARTKEY {"volume":"c9033140-7e1a-4c86-8138-0b63046be9a6","bucket":"10932b34-9379-4a8a-a409-14518d29cab7","key":"63f44a25-a3f1-4890-96b8-02f9560ebd4b","dataSize":"5242880","ETag":"79b281060d337b9b2b84ccf390adcf74","uploadID":"0199f1d6-42e6-74c0-bb56-b2e13049e31d-115389168022323482","partNumber":"3","partName":"/c9033140-7e1a-4c86-8138-0b63046be9a6/10932b34-9379-4a8a-a409-14518d29cab7/63f44a25-a3f1-4890-96b8-02f9560ebd4b-0199f1d6-42e6-74c0-bb56-b2e13049e31d-115389168022323482-3","Transaction":"1095"} | ret=SUCCESS |  
2025-10-17 11:02:55,106 [IPC Server handler 2 on default port 15006] DEBUG db.CodecBuffer (CodecBuffer.java:setCapacity(331)) - setCapacity: 4096 -> 5139, max=2147483647
2025-10-17 11:02:55,106 | INFO  | OMAudit | user=runner | ip=127.0.0.1 | op=LIST_MULTIPART_UPLOAD_PARTS {"volume":"c9033140-7e1a-4c86-8138-0b63046be9a6","bucket":"10932b34-9379-4a8a-a409-14518d29cab7","key":"63f44a25-a3f1-4890-96b8-02f9560ebd4b","uploadID":"0199f1d6-42e6-74c0-bb56-b2e13049e31d-115389168022323482","partNumberMarker":"0","maxParts":"2"} | ret=SUCCESS |  
2025-10-17 11:02:55,107 [IPC Server handler 19 on default port 15006] DEBUG db.CodecBuffer (CodecBuffer.java:setCapacity(331)) - setCapacity: 4096 -> 5139, max=2147483647
2025-10-17 11:02:55,108 | INFO  | OMAudit | user=runner | ip=127.0.0.1 | op=LIST_MULTIPART_UPLOAD_PARTS {"volume":"c9033140-7e1a-4c86-8138-0b63046be9a6","bucket":"10932b34-9379-4a8a-a409-14518d29cab7","key":"63f44a25-a3f1-4890-96b8-02f9560ebd4b","uploadID":"0199f1d6-42e6-74c0-bb56-b2e13049e31d-115389168022323482","partNumberMarker":"2","maxParts":"2"} | ret=SUCCESS |  
]]></system-out>
  </testcase>
  <testcase name="testListMultipartUploadPartsWithContinuation(ReplicationConfig)[2]" classname="org.apache.hadoop.ozone.client.rpc.TestSecureOzoneRpcClient" time="0.253">
    <system-out><![CDATA[2025-10-17 11:02:55,109 [ForkJoinPool-1-worker-1] INFO  rpc.RpcClient (RpcClient.java:createVolume(461)) - Creating Volume: da54aad4-e2d6-429a-948e-7cda41421e92, with runner as owner and space quota set to -1 bytes, counts quota set to -1
2025-10-17 11:02:55,111 [om1-OMStateMachineApplyTransactionThread - 0] INFO  volume.OMVolumeCreateRequest (OMVolumeCreateRequest.java:validateAndUpdateCache(213)) - created volume:da54aad4-e2d6-429a-948e-7cda41421e92 for user:runner
2025-10-17 11:02:55,111 | INFO  | OMAudit | user=runner | ip=127.0.0.1 | op=CREATE_VOLUME {"admin":"runner","owner":"runner","volume":"da54aad4-e2d6-429a-948e-7cda41421e92","creationTime":"1760698975110","modificationTime":"1760698975110","quotaInBytes":"-1","quotaInNamespace":"-1","usedNamespace":"0","objectID":"-9223372036854495232","updateID":"1096","Transaction":"1096"} | ret=SUCCESS |  
2025-10-17 11:02:55,112 | INFO  | OMAudit | user=runner | ip=127.0.0.1 | op=READ_VOLUME {"volume":"da54aad4-e2d6-429a-948e-7cda41421e92"} | ret=SUCCESS |  
2025-10-17 11:02:55,113 [ForkJoinPool-1-worker-1] INFO  rpc.RpcClient (RpcClient.java:createBucket(686)) - Creating Bucket: da54aad4-e2d6-429a-948e-7cda41421e92/596adfac-3760-4e2d-b0ba-d2c01bd9956b, with server-side default bucket layout, runner as owner, Versioning false, Storage Type set to DISK and Encryption set to false, Replication Type set to server-side default replication type, Namespace Quota set to -1, Space Quota set to -1 
2025-10-17 11:02:55,114 [om1-OMStateMachineApplyTransactionThread - 0] INFO  bucket.OMBucketCreateRequest (OMBucketCreateRequest.java:validateAndUpdateCache(303)) - created bucket: 596adfac-3760-4e2d-b0ba-d2c01bd9956b of layout FILE_SYSTEM_OPTIMIZED in volume: da54aad4-e2d6-429a-948e-7cda41421e92
2025-10-17 11:02:55,114 | INFO  | OMAudit | user=runner | ip=127.0.0.1 | op=CREATE_BUCKET {"volume":"da54aad4-e2d6-429a-948e-7cda41421e92","bucket":"596adfac-3760-4e2d-b0ba-d2c01bd9956b","bucketLayout":"FILE_SYSTEM_OPTIMIZED","gdprEnabled":null,"acls":"[user:runner:a[ACCESS], group:runner:rl[ACCESS]]","isVersionEnabled":"false","storageType":"DISK","creationTime":"1760698975113","bucketEncryptionKey":null,"modificationTime":"1760698975113","usedBytes":"0","usedNamespace":"0","snapshotUsedBytes":"0","snapshotUsedNamespace":"0","owner":"runner","replicationType":null,"replicationConfig":null,"quotaInBytes":"-1","quotaInNamespace":"-1","Transaction":"1097"} | ret=SUCCESS |  
2025-10-17 11:02:55,115 | INFO  | OMAudit | user=runner | ip=127.0.0.1 | op=READ_BUCKET {"volume":"da54aad4-e2d6-429a-948e-7cda41421e92","bucket":"596adfac-3760-4e2d-b0ba-d2c01bd9956b"} | ret=SUCCESS |  
2025-10-17 11:02:55,117 | INFO  | OMAudit | user=runner | ip=127.0.0.1 | op=INITIATE_MULTIPART_UPLOAD {"volume":"da54aad4-e2d6-429a-948e-7cda41421e92","bucket":"596adfac-3760-4e2d-b0ba-d2c01bd9956b","key":"21e60b6c-4701-4145-b4f9-9dc72ff94f3c","dataSize":"0","replicationType":"RATIS","replicationFactor":"THREE","uploadID":"0199f1d6-438c-7896-b537-04767021e27c-115389168033202462","Transaction":"1098"} | ret=SUCCESS |  
2025-10-17 11:02:55,121 | INFO  | OMAudit | user=runner | ip=127.0.0.1 | op=ALLOCATE_KEY {"volume":"da54aad4-e2d6-429a-948e-7cda41421e92","bucket":"596adfac-3760-4e2d-b0ba-d2c01bd9956b","key":"21e60b6c-4701-4145-b4f9-9dc72ff94f3c","dataSize":"5242880","Transaction":"1099"} | ret=SUCCESS |  
2025-10-17 11:02:55,123 | INFO  | SCMAudit | user=runner | ip=127.0.0.1 | op=ALLOCATE_BLOCK {"replication":"RATIS/THREE","owner":"omServiceIdDefault","size":"4194304","sampleBlocks":"[conID: 15 locID: 115816896921600317]","num":"1","client":"","allocated":"1"} | ret=SUCCESS |  
2025-10-17 11:02:55,125 | INFO  | OMAudit | user=runner | ip=127.0.0.1 | op=ALLOCATE_BLOCK {"volume":"da54aad4-e2d6-429a-948e-7cda41421e92","bucket":"596adfac-3760-4e2d-b0ba-d2c01bd9956b","key":"21e60b6c-4701-4145-b4f9-9dc72ff94f3c","dataSize":"5242880","replicationType":"RATIS","replicationFactor":"THREE","clientID":"115389168033464607","Transaction":"1100"} | ret=SUCCESS |  
2025-10-17 11:02:55,163 | INFO  | SCMAudit | user=runner | ip=127.0.0.1 | op=ALLOCATE_BLOCK {"replication":"RATIS/THREE","owner":"omServiceIdDefault","size":"4194304","sampleBlocks":"[conID: 22 locID: 115816896921600318]","num":"1","client":"","allocated":"1"} | ret=SUCCESS |  
2025-10-17 11:02:55,166 | INFO  | OMAudit | user=runner | ip=127.0.0.1 | op=ALLOCATE_BLOCK {"volume":"da54aad4-e2d6-429a-948e-7cda41421e92","bucket":"596adfac-3760-4e2d-b0ba-d2c01bd9956b","key":"21e60b6c-4701-4145-b4f9-9dc72ff94f3c","dataSize":"5242880","replicationType":"RATIS","replicationFactor":"THREE","clientID":"115389168033464607","Transaction":"1101"} | ret=SUCCESS |  
2025-10-17 11:02:55,190 | INFO  | OMAudit | user=runner | ip=127.0.0.1 | op=COMMIT_MULTIPART_UPLOAD_PARTKEY {"volume":"da54aad4-e2d6-429a-948e-7cda41421e92","bucket":"596adfac-3760-4e2d-b0ba-d2c01bd9956b","key":"21e60b6c-4701-4145-b4f9-9dc72ff94f3c","dataSize":"5242880","ETag":"79b281060d337b9b2b84ccf390adcf74","uploadID":"0199f1d6-438c-7896-b537-04767021e27c-115389168033202462","partNumber":"1","partName":"/da54aad4-e2d6-429a-948e-7cda41421e92/596adfac-3760-4e2d-b0ba-d2c01bd9956b/21e60b6c-4701-4145-b4f9-9dc72ff94f3c-0199f1d6-438c-7896-b537-04767021e27c-115389168033202462-1","Transaction":"1102"} | ret=SUCCESS |  
2025-10-17 11:02:55,196 | INFO  | OMAudit | user=runner | ip=127.0.0.1 | op=ALLOCATE_KEY {"volume":"da54aad4-e2d6-429a-948e-7cda41421e92","bucket":"596adfac-3760-4e2d-b0ba-d2c01bd9956b","key":"21e60b6c-4701-4145-b4f9-9dc72ff94f3c","dataSize":"5242880","Transaction":"1103"} | ret=SUCCESS |  
2025-10-17 11:02:55,198 | INFO  | SCMAudit | user=runner | ip=127.0.0.1 | op=ALLOCATE_BLOCK {"replication":"RATIS/THREE","owner":"omServiceIdDefault","size":"4194304","sampleBlocks":"[conID: 15 locID: 115816896921600319]","num":"1","client":"","allocated":"1"} | ret=SUCCESS |  
2025-10-17 11:02:55,200 | INFO  | OMAudit | user=runner | ip=127.0.0.1 | op=ALLOCATE_BLOCK {"volume":"da54aad4-e2d6-429a-948e-7cda41421e92","bucket":"596adfac-3760-4e2d-b0ba-d2c01bd9956b","key":"21e60b6c-4701-4145-b4f9-9dc72ff94f3c","dataSize":"5242880","replicationType":"RATIS","replicationFactor":"THREE","clientID":"115389168038379808","Transaction":"1104"} | ret=SUCCESS |  
2025-10-17 11:02:55,220 | INFO  | SCMAudit | user=runner | ip=127.0.0.1 | op=SEND_HEARTBEAT {"datanodeUUID":"50dccd39-549f-4f43-8b1f-597bf98f9c16","term":"2","command":"[]"} | ret=SUCCESS |  
2025-10-17 11:02:55,263 | INFO  | SCMAudit | user=runner | ip=127.0.0.1 | op=SEND_HEARTBEAT {"datanodeUUID":"99c47355-c013-4450-a734-aff6d3c99677","term":"2","command":"[]"} | ret=SUCCESS |  
2025-10-17 11:02:55,263 | INFO  | SCMAudit | user=runner | ip=127.0.0.1 | op=SEND_HEARTBEAT {"datanodeUUID":"718bfa29-2c47-4ab5-ac61-3dfe9c6b9d5c","term":"2","command":"[]"} | ret=SUCCESS |  
2025-10-17 11:02:55,263 | INFO  | SCMAudit | user=runner | ip=127.0.0.1 | op=SEND_HEARTBEAT {"datanodeUUID":"7995ae7b-77ec-4e72-809d-814459f62ee0","term":"2","command":"[]"} | ret=SUCCESS |  
2025-10-17 11:02:55,278 | INFO  | SCMAudit | user=runner | ip=127.0.0.1 | op=ALLOCATE_BLOCK {"replication":"RATIS/THREE","owner":"omServiceIdDefault","size":"4194304","sampleBlocks":"[conID: 17 locID: 115816896921600320]","num":"1","client":"","allocated":"1"} | ret=SUCCESS |  
2025-10-17 11:02:55,280 | INFO  | OMAudit | user=runner | ip=127.0.0.1 | op=ALLOCATE_BLOCK {"volume":"da54aad4-e2d6-429a-948e-7cda41421e92","bucket":"596adfac-3760-4e2d-b0ba-d2c01bd9956b","key":"21e60b6c-4701-4145-b4f9-9dc72ff94f3c","dataSize":"5242880","replicationType":"RATIS","replicationFactor":"THREE","clientID":"115389168038379808","Transaction":"1105"} | ret=SUCCESS |  
2025-10-17 11:02:55,297 | INFO  | OMAudit | user=runner | ip=127.0.0.1 | op=COMMIT_MULTIPART_UPLOAD_PARTKEY {"volume":"da54aad4-e2d6-429a-948e-7cda41421e92","bucket":"596adfac-3760-4e2d-b0ba-d2c01bd9956b","key":"21e60b6c-4701-4145-b4f9-9dc72ff94f3c","dataSize":"5242880","ETag":"79b281060d337b9b2b84ccf390adcf74","uploadID":"0199f1d6-438c-7896-b537-04767021e27c-115389168033202462","partNumber":"2","partName":"/da54aad4-e2d6-429a-948e-7cda41421e92/596adfac-3760-4e2d-b0ba-d2c01bd9956b/21e60b6c-4701-4145-b4f9-9dc72ff94f3c-0199f1d6-438c-7896-b537-04767021e27c-115389168033202462-2","Transaction":"1106"} | ret=SUCCESS |  
2025-10-17 11:02:55,300 | INFO  | OMAudit | user=runner | ip=127.0.0.1 | op=ALLOCATE_KEY {"volume":"da54aad4-e2d6-429a-948e-7cda41421e92","bucket":"596adfac-3760-4e2d-b0ba-d2c01bd9956b","key":"21e60b6c-4701-4145-b4f9-9dc72ff94f3c","dataSize":"5242880","Transaction":"1107"} | ret=SUCCESS |  
2025-10-17 11:02:55,302 | INFO  | SCMAudit | user=runner | ip=127.0.0.1 | op=ALLOCATE_BLOCK {"replication":"RATIS/THREE","owner":"omServiceIdDefault","size":"4194304","sampleBlocks":"[conID: 18 locID: 115816896921600321]","num":"1","client":"","allocated":"1"} | ret=SUCCESS |  
2025-10-17 11:02:55,303 | INFO  | OMAudit | user=runner | ip=127.0.0.1 | op=ALLOCATE_BLOCK {"volume":"da54aad4-e2d6-429a-948e-7cda41421e92","bucket":"596adfac-3760-4e2d-b0ba-d2c01bd9956b","key":"21e60b6c-4701-4145-b4f9-9dc72ff94f3c","dataSize":"5242880","replicationType":"RATIS","replicationFactor":"THREE","clientID":"115389168045195553","Transaction":"1108"} | ret=SUCCESS |  
2025-10-17 11:02:55,338 | INFO  | SCMAudit | user=runner | ip=127.0.0.1 | op=ALLOCATE_BLOCK {"replication":"RATIS/THREE","owner":"omServiceIdDefault","size":"4194304","sampleBlocks":"[conID: 19 locID: 115816896921600322]","num":"1","client":"","allocated":"1"} | ret=SUCCESS |  
2025-10-17 11:02:55,340 | INFO  | OMAudit | user=runner | ip=127.0.0.1 | op=ALLOCATE_BLOCK {"volume":"da54aad4-e2d6-429a-948e-7cda41421e92","bucket":"596adfac-3760-4e2d-b0ba-d2c01bd9956b","key":"21e60b6c-4701-4145-b4f9-9dc72ff94f3c","dataSize":"5242880","replicationType":"RATIS","replicationFactor":"THREE","clientID":"115389168045195553","Transaction":"1109"} | ret=SUCCESS |  
2025-10-17 11:02:55,357 [om1-OMStateMachineApplyTransactionThread - 0] DEBUG db.CodecBuffer (CodecBuffer.java:setCapacity(331)) - setCapacity: 4096 -> 5293, max=2147483647
2025-10-17 11:02:55,358 | INFO  | OMAudit | user=runner | ip=127.0.0.1 | op=COMMIT_MULTIPART_UPLOAD_PARTKEY {"volume":"da54aad4-e2d6-429a-948e-7cda41421e92","bucket":"596adfac-3760-4e2d-b0ba-d2c01bd9956b","key":"21e60b6c-4701-4145-b4f9-9dc72ff94f3c","dataSize":"5242880","ETag":"79b281060d337b9b2b84ccf390adcf74","uploadID":"0199f1d6-438c-7896-b537-04767021e27c-115389168033202462","partNumber":"3","partName":"/da54aad4-e2d6-429a-948e-7cda41421e92/596adfac-3760-4e2d-b0ba-d2c01bd9956b/21e60b6c-4701-4145-b4f9-9dc72ff94f3c-0199f1d6-438c-7896-b537-04767021e27c-115389168033202462-3","Transaction":"1110"} | ret=SUCCESS |  
2025-10-17 11:02:55,359 | INFO  | OMAudit | user=runner | ip=127.0.0.1 | op=LIST_MULTIPART_UPLOAD_PARTS {"volume":"da54aad4-e2d6-429a-948e-7cda41421e92","bucket":"596adfac-3760-4e2d-b0ba-d2c01bd9956b","key":"21e60b6c-4701-4145-b4f9-9dc72ff94f3c","uploadID":"0199f1d6-438c-7896-b537-04767021e27c-115389168033202462","partNumberMarker":"0","maxParts":"2"} | ret=SUCCESS |  
2025-10-17 11:02:55,361 [IPC Server handler 2 on default port 15006] DEBUG db.CodecBuffer (CodecBuffer.java:setCapacity(331)) - setCapacity: 4096 -> 7886, max=2147483647
2025-10-17 11:02:55,361 | INFO  | OMAudit | user=runner | ip=127.0.0.1 | op=LIST_MULTIPART_UPLOAD_PARTS {"volume":"da54aad4-e2d6-429a-948e-7cda41421e92","bucket":"596adfac-3760-4e2d-b0ba-d2c01bd9956b","key":"21e60b6c-4701-4145-b4f9-9dc72ff94f3c","uploadID":"0199f1d6-438c-7896-b537-04767021e27c-115389168033202462","partNumberMarker":"2","maxParts":"2"} | ret=SUCCESS |  
]]></system-out>
  </testcase>
  <testcase name="testListMultipartUploadPartsWithContinuation(ReplicationConfig)[3]" classname="org.apache.hadoop.ozone.client.rpc.TestSecureOzoneRpcClient" time="0.249">
    <system-out><![CDATA[2025-10-17 11:02:55,363 [ForkJoinPool-1-worker-1] INFO  rpc.RpcClient (RpcClient.java:createVolume(461)) - Creating Volume: a733b2d6-1ea8-4f6a-a9d6-440fd49624e2, with runner as owner and space quota set to -1 bytes, counts quota set to -1
2025-10-17 11:02:55,365 [om1-OMStateMachineApplyTransactionThread - 0] INFO  volume.OMVolumeCreateRequest (OMVolumeCreateRequest.java:validateAndUpdateCache(213)) - created volume:a733b2d6-1ea8-4f6a-a9d6-440fd49624e2 for user:runner
2025-10-17 11:02:55,365 | INFO  | OMAudit | user=runner | ip=127.0.0.1 | op=CREATE_VOLUME {"admin":"runner","owner":"runner","volume":"a733b2d6-1ea8-4f6a-a9d6-440fd49624e2","creationTime":"1760698975364","modificationTime":"1760698975364","quotaInBytes":"-1","quotaInNamespace":"-1","usedNamespace":"0","objectID":"-9223372036854491392","updateID":"1111","Transaction":"1111"} | ret=SUCCESS |  
2025-10-17 11:02:55,366 | INFO  | OMAudit | user=runner | ip=127.0.0.1 | op=READ_VOLUME {"volume":"a733b2d6-1ea8-4f6a-a9d6-440fd49624e2"} | ret=SUCCESS |  
2025-10-17 11:02:55,367 [ForkJoinPool-1-worker-1] INFO  rpc.RpcClient (RpcClient.java:createBucket(686)) - Creating Bucket: a733b2d6-1ea8-4f6a-a9d6-440fd49624e2/df42d5bf-feb0-458f-ae55-0ec881a2f33a, with server-side default bucket layout, runner as owner, Versioning false, Storage Type set to DISK and Encryption set to false, Replication Type set to server-side default replication type, Namespace Quota set to -1, Space Quota set to -1 
2025-10-17 11:02:55,369 [om1-OMStateMachineApplyTransactionThread - 0] INFO  bucket.OMBucketCreateRequest (OMBucketCreateRequest.java:validateAndUpdateCache(303)) - created bucket: df42d5bf-feb0-458f-ae55-0ec881a2f33a of layout FILE_SYSTEM_OPTIMIZED in volume: a733b2d6-1ea8-4f6a-a9d6-440fd49624e2
2025-10-17 11:02:55,369 | INFO  | OMAudit | user=runner | ip=127.0.0.1 | op=CREATE_BUCKET {"volume":"a733b2d6-1ea8-4f6a-a9d6-440fd49624e2","bucket":"df42d5bf-feb0-458f-ae55-0ec881a2f33a","bucketLayout":"FILE_SYSTEM_OPTIMIZED","gdprEnabled":null,"acls":"[user:runner:a[ACCESS], group:runner:rl[ACCESS]]","isVersionEnabled":"false","storageType":"DISK","creationTime":"1760698975368","bucketEncryptionKey":null,"modificationTime":"1760698975368","usedBytes":"0","usedNamespace":"0","snapshotUsedBytes":"0","snapshotUsedNamespace":"0","owner":"runner","replicationType":null,"replicationConfig":null,"quotaInBytes":"-1","quotaInNamespace":"-1","Transaction":"1112"} | ret=SUCCESS |  
2025-10-17 11:02:55,370 | INFO  | OMAudit | user=runner | ip=127.0.0.1 | op=READ_BUCKET {"volume":"a733b2d6-1ea8-4f6a-a9d6-440fd49624e2","bucket":"df42d5bf-feb0-458f-ae55-0ec881a2f33a"} | ret=SUCCESS |  
2025-10-17 11:02:55,372 | INFO  | OMAudit | user=runner | ip=127.0.0.1 | op=INITIATE_MULTIPART_UPLOAD {"volume":"a733b2d6-1ea8-4f6a-a9d6-440fd49624e2","bucket":"df42d5bf-feb0-458f-ae55-0ec881a2f33a","key":"ce6780b1-180c-443f-8cc9-f2a0d9b45da5","dataSize":"0","replicationType":"EC","replicationConfig":"rs-3-2-1048576","uploadID":"0199f1d6-448b-7aee-abde-42da56a4c87c-115389168049914146","Transaction":"1113"} | ret=SUCCESS |  
2025-10-17 11:02:55,376 | INFO  | OMAudit | user=runner | ip=127.0.0.1 | op=ALLOCATE_KEY {"volume":"a733b2d6-1ea8-4f6a-a9d6-440fd49624e2","bucket":"df42d5bf-feb0-458f-ae55-0ec881a2f33a","key":"ce6780b1-180c-443f-8cc9-f2a0d9b45da5","dataSize":"5242880","Transaction":"1114"} | ret=SUCCESS |  
2025-10-17 11:02:55,386 | INFO  | SCMAudit | user=runner | ip=127.0.0.1 | op=ALLOCATE_BLOCK {"replication":"EC{rs-3-2-1024k}","owner":"omServiceIdDefault","size":"4194304","sampleBlocks":"[conID: 24 locID: 115816896921600323]","num":"1","client":"","allocated":"1"} | ret=SUCCESS |  
2025-10-17 11:02:55,388 | INFO  | OMAudit | user=runner | ip=127.0.0.1 | op=ALLOCATE_BLOCK {"volume":"a733b2d6-1ea8-4f6a-a9d6-440fd49624e2","bucket":"df42d5bf-feb0-458f-ae55-0ec881a2f33a","key":"ce6780b1-180c-443f-8cc9-f2a0d9b45da5","dataSize":"5242880","replicationType":"EC","replicationConfig":"rs-3-2-1048576","clientID":"115389168050176291","Transaction":"1115"} | ret=SUCCESS |  
2025-10-17 11:02:55,421 | INFO  | OMAudit | user=runner | ip=127.0.0.1 | op=COMMIT_MULTIPART_UPLOAD_PARTKEY {"volume":"a733b2d6-1ea8-4f6a-a9d6-440fd49624e2","bucket":"df42d5bf-feb0-458f-ae55-0ec881a2f33a","key":"ce6780b1-180c-443f-8cc9-f2a0d9b45da5","dataSize":"5242880","ETag":"79b281060d337b9b2b84ccf390adcf74","uploadID":"0199f1d6-448b-7aee-abde-42da56a4c87c-115389168049914146","partNumber":"1","partName":"/a733b2d6-1ea8-4f6a-a9d6-440fd49624e2/df42d5bf-feb0-458f-ae55-0ec881a2f33a/ce6780b1-180c-443f-8cc9-f2a0d9b45da5-0199f1d6-448b-7aee-abde-42da56a4c87c-115389168049914146-1","Transaction":"1116"} | ret=SUCCESS |  
2025-10-17 11:02:55,447 | INFO  | OMAudit | user=runner | ip=127.0.0.1 | op=ALLOCATE_KEY {"volume":"a733b2d6-1ea8-4f6a-a9d6-440fd49624e2","bucket":"df42d5bf-feb0-458f-ae55-0ec881a2f33a","key":"ce6780b1-180c-443f-8cc9-f2a0d9b45da5","dataSize":"5242880","Transaction":"1117"} | ret=SUCCESS |  
2025-10-17 11:02:55,461 | INFO  | SCMAudit | user=runner | ip=127.0.0.1 | op=ALLOCATE_BLOCK {"replication":"EC{rs-3-2-1024k}","owner":"omServiceIdDefault","size":"4194304","sampleBlocks":"[conID: 27 locID: 115816896921600324]","num":"1","client":"","allocated":"1"} | ret=SUCCESS |  
2025-10-17 11:02:55,465 | INFO  | OMAudit | user=runner | ip=127.0.0.1 | op=ALLOCATE_BLOCK {"volume":"a733b2d6-1ea8-4f6a-a9d6-440fd49624e2","bucket":"df42d5bf-feb0-458f-ae55-0ec881a2f33a","key":"ce6780b1-180c-443f-8cc9-f2a0d9b45da5","dataSize":"5242880","replicationType":"EC","replicationConfig":"rs-3-2-1048576","clientID":"115389168054567204","Transaction":"1118"} | ret=SUCCESS |  
2025-10-17 11:02:55,497 | INFO  | OMAudit | user=runner | ip=127.0.0.1 | op=COMMIT_MULTIPART_UPLOAD_PARTKEY {"volume":"a733b2d6-1ea8-4f6a-a9d6-440fd49624e2","bucket":"df42d5bf-feb0-458f-ae55-0ec881a2f33a","key":"ce6780b1-180c-443f-8cc9-f2a0d9b45da5","dataSize":"5242880","ETag":"79b281060d337b9b2b84ccf390adcf74","uploadID":"0199f1d6-448b-7aee-abde-42da56a4c87c-115389168049914146","partNumber":"2","partName":"/a733b2d6-1ea8-4f6a-a9d6-440fd49624e2/df42d5bf-feb0-458f-ae55-0ec881a2f33a/ce6780b1-180c-443f-8cc9-f2a0d9b45da5-0199f1d6-448b-7aee-abde-42da56a4c87c-115389168049914146-2","Transaction":"1119"} | ret=SUCCESS |  
2025-10-17 11:02:55,522 | INFO  | OMAudit | user=runner | ip=127.0.0.1 | op=ALLOCATE_KEY {"volume":"a733b2d6-1ea8-4f6a-a9d6-440fd49624e2","bucket":"df42d5bf-feb0-458f-ae55-0ec881a2f33a","key":"ce6780b1-180c-443f-8cc9-f2a0d9b45da5","dataSize":"5242880","Transaction":"1120"} | ret=SUCCESS |  
2025-10-17 11:02:55,537 | INFO  | SCMAudit | user=runner | ip=127.0.0.1 | op=ALLOCATE_BLOCK {"replication":"EC{rs-3-2-1024k}","owner":"omServiceIdDefault","size":"4194304","sampleBlocks":"[conID: 25 locID: 115816896921600325]","num":"1","client":"","allocated":"1"} | ret=SUCCESS |  
2025-10-17 11:02:55,543 | INFO  | OMAudit | user=runner | ip=127.0.0.1 | op=ALLOCATE_BLOCK {"volume":"a733b2d6-1ea8-4f6a-a9d6-440fd49624e2","bucket":"df42d5bf-feb0-458f-ae55-0ec881a2f33a","key":"ce6780b1-180c-443f-8cc9-f2a0d9b45da5","dataSize":"5242880","replicationType":"EC","replicationConfig":"rs-3-2-1048576","clientID":"115389168059351333","Transaction":"1121"} | ret=SUCCESS |  
2025-10-17 11:02:55,604 | INFO  | OMAudit | user=runner | ip=127.0.0.1 | op=COMMIT_MULTIPART_UPLOAD_PARTKEY {"volume":"a733b2d6-1ea8-4f6a-a9d6-440fd49624e2","bucket":"df42d5bf-feb0-458f-ae55-0ec881a2f33a","key":"ce6780b1-180c-443f-8cc9-f2a0d9b45da5","dataSize":"5242880","ETag":"79b281060d337b9b2b84ccf390adcf74","uploadID":"0199f1d6-448b-7aee-abde-42da56a4c87c-115389168049914146","partNumber":"3","partName":"/a733b2d6-1ea8-4f6a-a9d6-440fd49624e2/df42d5bf-feb0-458f-ae55-0ec881a2f33a/ce6780b1-180c-443f-8cc9-f2a0d9b45da5-0199f1d6-448b-7aee-abde-42da56a4c87c-115389168049914146-3","Transaction":"1122"} | ret=SUCCESS |  
2025-10-17 11:02:55,607 [IPC Server handler 17 on default port 15006] DEBUG db.CodecBuffer (CodecBuffer.java:setCapacity(331)) - setCapacity: 4096 -> 5828, max=2147483647
2025-10-17 11:02:55,609 | INFO  | OMAudit | user=runner | ip=127.0.0.1 | op=LIST_MULTIPART_UPLOAD_PARTS {"volume":"a733b2d6-1ea8-4f6a-a9d6-440fd49624e2","bucket":"df42d5bf-feb0-458f-ae55-0ec881a2f33a","key":"ce6780b1-180c-443f-8cc9-f2a0d9b45da5","uploadID":"0199f1d6-448b-7aee-abde-42da56a4c87c-115389168049914146","partNumberMarker":"0","maxParts":"2"} | ret=SUCCESS |  
2025-10-17 11:02:55,610 [IPC Server handler 18 on default port 15006] DEBUG db.CodecBuffer (CodecBuffer.java:setCapacity(331)) - setCapacity: 4096 -> 5828, max=2147483647
2025-10-17 11:02:55,611 | INFO  | OMAudit | user=runner | ip=127.0.0.1 | op=LIST_MULTIPART_UPLOAD_PARTS {"volume":"a733b2d6-1ea8-4f6a-a9d6-440fd49624e2","bucket":"df42d5bf-feb0-458f-ae55-0ec881a2f33a","key":"ce6780b1-180c-443f-8cc9-f2a0d9b45da5","uploadID":"0199f1d6-448b-7aee-abde-42da56a4c87c-115389168049914146","partNumberMarker":"2","maxParts":"2"} | ret=SUCCESS |  
]]></system-out>
  </testcase>
  <testcase name="testListPartsInvalidInput(int, int, String)[1]" classname="org.apache.hadoop.ozone.client.rpc.TestSecureOzoneRpcClient" time="0.021">
    <system-out><![CDATA[2025-10-17 11:02:55,644 [ForkJoinPool-1-worker-1] INFO  rpc.RpcClient (RpcClient.java:createVolume(461)) - Creating Volume: 489d448b-6771-4c08-9666-db4a7fb7faa0, with runner as owner and space quota set to -1 bytes, counts quota set to -1
2025-10-17 11:02:55,647 [om1-OMStateMachineApplyTransactionThread - 0] INFO  volume.OMVolumeCreateRequest (OMVolumeCreateRequest.java:validateAndUpdateCache(213)) - created volume:489d448b-6771-4c08-9666-db4a7fb7faa0 for user:runner
2025-10-17 11:02:55,648 | INFO  | OMAudit | user=runner | ip=127.0.0.1 | op=CREATE_VOLUME {"admin":"runner","owner":"runner","volume":"489d448b-6771-4c08-9666-db4a7fb7faa0","creationTime":"1760698975646","modificationTime":"1760698975646","quotaInBytes":"-1","quotaInNamespace":"-1","usedNamespace":"0","objectID":"-9223372036854488320","updateID":"1123","Transaction":"1123"} | ret=SUCCESS |  
2025-10-17 11:02:55,650 | INFO  | OMAudit | user=runner | ip=127.0.0.1 | op=READ_VOLUME {"volume":"489d448b-6771-4c08-9666-db4a7fb7faa0"} | ret=SUCCESS |  
2025-10-17 11:02:55,651 [ForkJoinPool-1-worker-1] INFO  rpc.RpcClient (RpcClient.java:createBucket(686)) - Creating Bucket: 489d448b-6771-4c08-9666-db4a7fb7faa0/218b7c5f-3a22-47e7-b323-923bb046da38, with server-side default bucket layout, runner as owner, Versioning false, Storage Type set to DISK and Encryption set to false, Replication Type set to server-side default replication type, Namespace Quota set to -1, Space Quota set to -1 
2025-10-17 11:02:55,653 [om1-OMStateMachineApplyTransactionThread - 0] INFO  bucket.OMBucketCreateRequest (OMBucketCreateRequest.java:validateAndUpdateCache(303)) - created bucket: 218b7c5f-3a22-47e7-b323-923bb046da38 of layout FILE_SYSTEM_OPTIMIZED in volume: 489d448b-6771-4c08-9666-db4a7fb7faa0
2025-10-17 11:02:55,654 | INFO  | OMAudit | user=runner | ip=127.0.0.1 | op=CREATE_BUCKET {"volume":"489d448b-6771-4c08-9666-db4a7fb7faa0","bucket":"218b7c5f-3a22-47e7-b323-923bb046da38","bucketLayout":"FILE_SYSTEM_OPTIMIZED","gdprEnabled":null,"acls":"[user:runner:a[ACCESS], group:runner:rl[ACCESS]]","isVersionEnabled":"false","storageType":"DISK","creationTime":"1760698975652","bucketEncryptionKey":null,"modificationTime":"1760698975652","usedBytes":"0","usedNamespace":"0","snapshotUsedBytes":"0","snapshotUsedNamespace":"0","owner":"runner","replicationType":null,"replicationConfig":null,"quotaInBytes":"-1","quotaInNamespace":"-1","Transaction":"1124"} | ret=SUCCESS |  
2025-10-17 11:02:55,655 | INFO  | OMAudit | user=runner | ip=127.0.0.1 | op=READ_BUCKET {"volume":"489d448b-6771-4c08-9666-db4a7fb7faa0","bucket":"218b7c5f-3a22-47e7-b323-923bb046da38"} | ret=SUCCESS |  
]]></system-out>
  </testcase>
  <testcase name="testListPartsInvalidInput(int, int, String)[2]" classname="org.apache.hadoop.ozone.client.rpc.TestSecureOzoneRpcClient" time="0.006">
    <system-out><![CDATA[2025-10-17 11:02:55,658 [ForkJoinPool-1-worker-1] INFO  rpc.RpcClient (RpcClient.java:createVolume(461)) - Creating Volume: a0e911e2-a3b9-4c49-b445-d60250d2f4be, with runner as owner and space quota set to -1 bytes, counts quota set to -1
2025-10-17 11:02:55,660 [om1-OMStateMachineApplyTransactionThread - 0] INFO  volume.OMVolumeCreateRequest (OMVolumeCreateRequest.java:validateAndUpdateCache(213)) - created volume:a0e911e2-a3b9-4c49-b445-d60250d2f4be for user:runner
2025-10-17 11:02:55,660 | INFO  | OMAudit | user=runner | ip=127.0.0.1 | op=CREATE_VOLUME {"admin":"runner","owner":"runner","volume":"a0e911e2-a3b9-4c49-b445-d60250d2f4be","creationTime":"1760698975659","modificationTime":"1760698975659","quotaInBytes":"-1","quotaInNamespace":"-1","usedNamespace":"0","objectID":"-9223372036854487808","updateID":"1125","Transaction":"1125"} | ret=SUCCESS |  
2025-10-17 11:02:55,661 | INFO  | OMAudit | user=runner | ip=127.0.0.1 | op=READ_VOLUME {"volume":"a0e911e2-a3b9-4c49-b445-d60250d2f4be"} | ret=SUCCESS |  
2025-10-17 11:02:55,661 [ForkJoinPool-1-worker-1] INFO  rpc.RpcClient (RpcClient.java:createBucket(686)) - Creating Bucket: a0e911e2-a3b9-4c49-b445-d60250d2f4be/4841b770-3b64-413a-b0bf-ff16cbba42e2, with server-side default bucket layout, runner as owner, Versioning false, Storage Type set to DISK and Encryption set to false, Replication Type set to server-side default replication type, Namespace Quota set to -1, Space Quota set to -1 
2025-10-17 11:02:55,663 [om1-OMStateMachineApplyTransactionThread - 0] INFO  bucket.OMBucketCreateRequest (OMBucketCreateRequest.java:validateAndUpdateCache(303)) - created bucket: 4841b770-3b64-413a-b0bf-ff16cbba42e2 of layout FILE_SYSTEM_OPTIMIZED in volume: a0e911e2-a3b9-4c49-b445-d60250d2f4be
2025-10-17 11:02:55,663 | INFO  | OMAudit | user=runner | ip=127.0.0.1 | op=CREATE_BUCKET {"volume":"a0e911e2-a3b9-4c49-b445-d60250d2f4be","bucket":"4841b770-3b64-413a-b0bf-ff16cbba42e2","bucketLayout":"FILE_SYSTEM_OPTIMIZED","gdprEnabled":null,"acls":"[user:runner:a[ACCESS], group:runner:rl[ACCESS]]","isVersionEnabled":"false","storageType":"DISK","creationTime":"1760698975662","bucketEncryptionKey":null,"modificationTime":"1760698975662","usedBytes":"0","usedNamespace":"0","snapshotUsedBytes":"0","snapshotUsedNamespace":"0","owner":"runner","replicationType":null,"replicationConfig":null,"quotaInBytes":"-1","quotaInNamespace":"-1","Transaction":"1126"} | ret=SUCCESS |  
2025-10-17 11:02:55,664 | INFO  | OMAudit | user=runner | ip=127.0.0.1 | op=READ_BUCKET {"volume":"a0e911e2-a3b9-4c49-b445-d60250d2f4be","bucket":"4841b770-3b64-413a-b0bf-ff16cbba42e2"} | ret=SUCCESS |  
]]></system-out>
  </testcase>
  <testcase name="testListPartsWithInvalidUploadID" classname="org.apache.hadoop.ozone.client.rpc.TestSecureOzoneRpcClient" time="0.007">
    <system-out><![CDATA[2025-10-17 11:02:55,666 [ForkJoinPool-1-worker-1] INFO  rpc.RpcClient (RpcClient.java:createVolume(461)) - Creating Volume: b02af182-1f58-42b7-9129-020db2db200d, with runner as owner and space quota set to -1 bytes, counts quota set to -1
2025-10-17 11:02:55,667 [om1-OMStateMachineApplyTransactionThread - 0] INFO  volume.OMVolumeCreateRequest (OMVolumeCreateRequest.java:validateAndUpdateCache(213)) - created volume:b02af182-1f58-42b7-9129-020db2db200d for user:runner
2025-10-17 11:02:55,667 | INFO  | OMAudit | user=runner | ip=127.0.0.1 | op=CREATE_VOLUME {"admin":"runner","owner":"runner","volume":"b02af182-1f58-42b7-9129-020db2db200d","creationTime":"1760698975666","modificationTime":"1760698975666","quotaInBytes":"-1","quotaInNamespace":"-1","usedNamespace":"0","objectID":"-9223372036854487296","updateID":"1127","Transaction":"1127"} | ret=SUCCESS |  
2025-10-17 11:02:55,668 | INFO  | OMAudit | user=runner | ip=127.0.0.1 | op=READ_VOLUME {"volume":"b02af182-1f58-42b7-9129-020db2db200d"} | ret=SUCCESS |  
2025-10-17 11:02:55,668 [ForkJoinPool-1-worker-1] INFO  rpc.RpcClient (RpcClient.java:createBucket(686)) - Creating Bucket: b02af182-1f58-42b7-9129-020db2db200d/fc9f34b3-6236-4b2c-b3ba-bcef0e162ea4, with server-side default bucket layout, runner as owner, Versioning false, Storage Type set to DISK and Encryption set to false, Replication Type set to server-side default replication type, Namespace Quota set to -1, Space Quota set to -1 
2025-10-17 11:02:55,670 [om1-OMStateMachineApplyTransactionThread - 0] INFO  bucket.OMBucketCreateRequest (OMBucketCreateRequest.java:validateAndUpdateCache(303)) - created bucket: fc9f34b3-6236-4b2c-b3ba-bcef0e162ea4 of layout FILE_SYSTEM_OPTIMIZED in volume: b02af182-1f58-42b7-9129-020db2db200d
2025-10-17 11:02:55,670 | INFO  | OMAudit | user=runner | ip=127.0.0.1 | op=CREATE_BUCKET {"volume":"b02af182-1f58-42b7-9129-020db2db200d","bucket":"fc9f34b3-6236-4b2c-b3ba-bcef0e162ea4","bucketLayout":"FILE_SYSTEM_OPTIMIZED","gdprEnabled":null,"acls":"[user:runner:a[ACCESS], group:runner:rl[ACCESS]]","isVersionEnabled":"false","storageType":"DISK","creationTime":"1760698975669","bucketEncryptionKey":null,"modificationTime":"1760698975669","usedBytes":"0","usedNamespace":"0","snapshotUsedBytes":"0","snapshotUsedNamespace":"0","owner":"runner","replicationType":null,"replicationConfig":null,"quotaInBytes":"-1","quotaInNamespace":"-1","Transaction":"1128"} | ret=SUCCESS |  
2025-10-17 11:02:55,671 | INFO  | OMAudit | user=runner | ip=127.0.0.1 | op=READ_BUCKET {"volume":"b02af182-1f58-42b7-9129-020db2db200d","bucket":"fc9f34b3-6236-4b2c-b3ba-bcef0e162ea4"} | ret=SUCCESS |  
2025-10-17 11:02:55,671 | ERROR | OMAudit | user=runner | ip=127.0.0.1 | op=LIST_MULTIPART_UPLOAD_PARTS {"volume":"b02af182-1f58-42b7-9129-020db2db200d","bucket":"fc9f34b3-6236-4b2c-b3ba-bcef0e162ea4","key":"8190fc65-7961-4887-9a9e-d130249872b8","uploadID":"random","partNumberMarker":"100","maxParts":"2"} | ret=FAILURE | 
org.apache.hadoop.ozone.om.exceptions.OMException: No Such Multipart upload exists for this key.
	at org.apache.hadoop.ozone.om.KeyManagerImpl.listParts(KeyManagerImpl.java:1114)
	at org.apache.hadoop.ozone.om.OzoneManager.listParts(OzoneManager.java:3860)
 
]]></system-out>
  </testcase>
  <testcase name="testListPartsWithPartMarkerGreaterThanPartCount" classname="org.apache.hadoop.ozone.client.rpc.TestSecureOzoneRpcClient" time="0.083">
    <system-out><![CDATA[2025-10-17 11:02:55,673 [ForkJoinPool-1-worker-1] INFO  rpc.RpcClient (RpcClient.java:createVolume(461)) - Creating Volume: 867a6e26-83d0-46e6-86d2-c7b088dcc1cd, with runner as owner and space quota set to -1 bytes, counts quota set to -1
2025-10-17 11:02:55,674 [om1-OMStateMachineApplyTransactionThread - 0] INFO  volume.OMVolumeCreateRequest (OMVolumeCreateRequest.java:validateAndUpdateCache(213)) - created volume:867a6e26-83d0-46e6-86d2-c7b088dcc1cd for user:runner
2025-10-17 11:02:55,674 | INFO  | OMAudit | user=runner | ip=127.0.0.1 | op=CREATE_VOLUME {"admin":"runner","owner":"runner","volume":"867a6e26-83d0-46e6-86d2-c7b088dcc1cd","creationTime":"1760698975673","modificationTime":"1760698975673","quotaInBytes":"-1","quotaInNamespace":"-1","usedNamespace":"0","objectID":"-9223372036854486784","updateID":"1129","Transaction":"1129"} | ret=SUCCESS |  
2025-10-17 11:02:55,675 | INFO  | OMAudit | user=runner | ip=127.0.0.1 | op=READ_VOLUME {"volume":"867a6e26-83d0-46e6-86d2-c7b088dcc1cd"} | ret=SUCCESS |  
2025-10-17 11:02:55,675 [ForkJoinPool-1-worker-1] INFO  rpc.RpcClient (RpcClient.java:createBucket(686)) - Creating Bucket: 867a6e26-83d0-46e6-86d2-c7b088dcc1cd/760e1fc3-035e-4722-b304-6790e0778be5, with server-side default bucket layout, runner as owner, Versioning false, Storage Type set to DISK and Encryption set to false, Replication Type set to server-side default replication type, Namespace Quota set to -1, Space Quota set to -1 
2025-10-17 11:02:55,677 [om1-OMStateMachineApplyTransactionThread - 0] INFO  bucket.OMBucketCreateRequest (OMBucketCreateRequest.java:validateAndUpdateCache(303)) - created bucket: 760e1fc3-035e-4722-b304-6790e0778be5 of layout FILE_SYSTEM_OPTIMIZED in volume: 867a6e26-83d0-46e6-86d2-c7b088dcc1cd
2025-10-17 11:02:55,677 | INFO  | OMAudit | user=runner | ip=127.0.0.1 | op=CREATE_BUCKET {"volume":"867a6e26-83d0-46e6-86d2-c7b088dcc1cd","bucket":"760e1fc3-035e-4722-b304-6790e0778be5","bucketLayout":"FILE_SYSTEM_OPTIMIZED","gdprEnabled":null,"acls":"[user:runner:a[ACCESS], group:runner:rl[ACCESS]]","isVersionEnabled":"false","storageType":"DISK","creationTime":"1760698975676","bucketEncryptionKey":null,"modificationTime":"1760698975676","usedBytes":"0","usedNamespace":"0","snapshotUsedBytes":"0","snapshotUsedNamespace":"0","owner":"runner","replicationType":null,"replicationConfig":null,"quotaInBytes":"-1","quotaInNamespace":"-1","Transaction":"1130"} | ret=SUCCESS |  
2025-10-17 11:02:55,678 | INFO  | OMAudit | user=runner | ip=127.0.0.1 | op=READ_BUCKET {"volume":"867a6e26-83d0-46e6-86d2-c7b088dcc1cd","bucket":"760e1fc3-035e-4722-b304-6790e0778be5"} | ret=SUCCESS |  
2025-10-17 11:02:55,680 | INFO  | OMAudit | user=runner | ip=127.0.0.1 | op=INITIATE_MULTIPART_UPLOAD {"volume":"867a6e26-83d0-46e6-86d2-c7b088dcc1cd","bucket":"760e1fc3-035e-4722-b304-6790e0778be5","key":"edd4fcfe-7e31-4e67-b93e-cc134065c4de","dataSize":"0","replicationType":"RATIS","replicationFactor":"ONE","uploadID":"0199f1d6-45bf-7f56-a2a4-596315c9cd58-115389168070099238","Transaction":"1131"} | ret=SUCCESS |  
2025-10-17 11:02:55,683 | INFO  | OMAudit | user=runner | ip=127.0.0.1 | op=ALLOCATE_KEY {"volume":"867a6e26-83d0-46e6-86d2-c7b088dcc1cd","bucket":"760e1fc3-035e-4722-b304-6790e0778be5","key":"edd4fcfe-7e31-4e67-b93e-cc134065c4de","dataSize":"5242880","Transaction":"1132"} | ret=SUCCESS |  
2025-10-17 11:02:55,684 | INFO  | SCMAudit | user=runner | ip=127.0.0.1 | op=ALLOCATE_BLOCK {"replication":"RATIS/ONE","owner":"omServiceIdDefault","size":"4194304","sampleBlocks":"[conID: 1 locID: 115816896921600326]","num":"1","client":"","allocated":"1"} | ret=SUCCESS |  
2025-10-17 11:02:55,686 | INFO  | OMAudit | user=runner | ip=127.0.0.1 | op=ALLOCATE_BLOCK {"volume":"867a6e26-83d0-46e6-86d2-c7b088dcc1cd","bucket":"760e1fc3-035e-4722-b304-6790e0778be5","key":"edd4fcfe-7e31-4e67-b93e-cc134065c4de","dataSize":"5242880","replicationType":"RATIS","replicationFactor":"ONE","clientID":"115389168070295847","Transaction":"1133"} | ret=SUCCESS |  
2025-10-17 11:02:55,704 | INFO  | SCMAudit | user=runner | ip=127.0.0.1 | op=ALLOCATE_BLOCK {"replication":"RATIS/ONE","owner":"omServiceIdDefault","size":"4194304","sampleBlocks":"[conID: 4 locID: 115816896921600327]","num":"1","client":"","allocated":"1"} | ret=SUCCESS |  
2025-10-17 11:02:55,706 | INFO  | OMAudit | user=runner | ip=127.0.0.1 | op=ALLOCATE_BLOCK {"volume":"867a6e26-83d0-46e6-86d2-c7b088dcc1cd","bucket":"760e1fc3-035e-4722-b304-6790e0778be5","key":"edd4fcfe-7e31-4e67-b93e-cc134065c4de","dataSize":"5242880","replicationType":"RATIS","replicationFactor":"ONE","clientID":"115389168070295847","Transaction":"1134"} | ret=SUCCESS |  
2025-10-17 11:02:55,737 | INFO  | SCMAudit | user=runner | ip=127.0.0.1 | op=SEND_HEARTBEAT {"datanodeUUID":"2b4cc429-f9c1-416c-9a38-6239a2e149ea","term":"2","command":"[]"} | ret=SUCCESS |  
2025-10-17 11:02:55,737 | INFO  | SCMAudit | user=runner | ip=127.0.0.1 | op=SEND_HEARTBEAT {"datanodeUUID":"b292b6be-9482-4c30-a3e0-c9f721931b72","term":"2","command":"[]"} | ret=SUCCESS |  
2025-10-17 11:02:55,738 | INFO  | SCMAudit | user=runner | ip=127.0.0.1 | op=SEND_HEARTBEAT {"datanodeUUID":"b6f92338-e951-49df-a986-ea31ece96e9e","term":"2","command":"[]"} | ret=SUCCESS |  
2025-10-17 11:02:55,738 | INFO  | SCMAudit | user=runner | ip=127.0.0.1 | op=SEND_HEARTBEAT {"datanodeUUID":"28c08cd4-c049-4c66-8210-e254cf68b291","term":"2","command":"[]"} | ret=SUCCESS |  
2025-10-17 11:02:55,737 | INFO  | SCMAudit | user=runner | ip=127.0.0.1 | op=SEND_HEARTBEAT {"datanodeUUID":"b1eee25a-1fdf-4744-83c7-58e0513fce3b","term":"2","command":"[]"} | ret=SUCCESS |  
2025-10-17 11:02:55,751 | INFO  | OMAudit | user=runner | ip=127.0.0.1 | op=COMMIT_MULTIPART_UPLOAD_PARTKEY {"volume":"867a6e26-83d0-46e6-86d2-c7b088dcc1cd","bucket":"760e1fc3-035e-4722-b304-6790e0778be5","key":"edd4fcfe-7e31-4e67-b93e-cc134065c4de","dataSize":"5242880","ETag":"79b281060d337b9b2b84ccf390adcf74","uploadID":"0199f1d6-45bf-7f56-a2a4-596315c9cd58-115389168070099238","partNumber":"1","partName":"/867a6e26-83d0-46e6-86d2-c7b088dcc1cd/760e1fc3-035e-4722-b304-6790e0778be5/edd4fcfe-7e31-4e67-b93e-cc134065c4de-0199f1d6-45bf-7f56-a2a4-596315c9cd58-115389168070099238-1","Transaction":"1135"} | ret=SUCCESS |  
2025-10-17 11:02:55,754 | INFO  | OMAudit | user=runner | ip=127.0.0.1 | op=LIST_MULTIPART_UPLOAD_PARTS {"volume":"867a6e26-83d0-46e6-86d2-c7b088dcc1cd","bucket":"760e1fc3-035e-4722-b304-6790e0778be5","key":"edd4fcfe-7e31-4e67-b93e-cc134065c4de","uploadID":"0199f1d6-45bf-7f56-a2a4-596315c9cd58-115389168070099238","partNumberMarker":"100","maxParts":"2"} | ret=SUCCESS |  
]]></system-out>
  </testcase>
  <testcase name="testListSnapshot" classname="org.apache.hadoop.ozone.client.rpc.TestSecureOzoneRpcClient" time="0.22">
    <system-out><![CDATA[2025-10-17 11:02:55,757 [ForkJoinPool-1-worker-1] INFO  rpc.RpcClient (RpcClient.java:createVolume(461)) - Creating Volume: vol-a-69739, with runner as owner and space quota set to -1 bytes, counts quota set to -1
2025-10-17 11:02:55,759 [om1-OMStateMachineApplyTransactionThread - 0] INFO  volume.OMVolumeCreateRequest (OMVolumeCreateRequest.java:validateAndUpdateCache(213)) - created volume:vol-a-69739 for user:runner
2025-10-17 11:02:55,759 | INFO  | OMAudit | user=runner | ip=127.0.0.1 | op=CREATE_VOLUME {"admin":"runner","owner":"runner","volume":"vol-a-69739","creationTime":"1760698975758","modificationTime":"1760698975758","quotaInBytes":"-1","quotaInNamespace":"-1","usedNamespace":"0","objectID":"-9223372036854484992","updateID":"1136","Transaction":"1136"} | ret=SUCCESS |  
2025-10-17 11:02:55,759 [ForkJoinPool-1-worker-1] INFO  rpc.RpcClient (RpcClient.java:createVolume(461)) - Creating Volume: vol-b-67769, with runner as owner and space quota set to -1 bytes, counts quota set to -1
2025-10-17 11:02:55,761 [om1-OMStateMachineApplyTransactionThread - 0] INFO  volume.OMVolumeCreateRequest (OMVolumeCreateRequest.java:validateAndUpdateCache(213)) - created volume:vol-b-67769 for user:runner
2025-10-17 11:02:55,761 | INFO  | OMAudit | user=runner | ip=127.0.0.1 | op=CREATE_VOLUME {"admin":"runner","owner":"runner","volume":"vol-b-67769","creationTime":"1760698975760","modificationTime":"1760698975760","quotaInBytes":"-1","quotaInNamespace":"-1","usedNamespace":"0","objectID":"-9223372036854484736","updateID":"1137","Transaction":"1137"} | ret=SUCCESS |  
2025-10-17 11:02:55,762 | INFO  | SCMAudit | user=runner | ip=127.0.0.1 | op=SEND_HEARTBEAT {"datanodeUUID":"dbd6f242-9b73-4bca-a110-3e2ec656b979","term":"2","command":"[]"} | ret=SUCCESS |  
2025-10-17 11:02:55,762 | INFO  | OMAudit | user=runner | ip=127.0.0.1 | op=READ_VOLUME {"volume":"vol-a-69739"} | ret=SUCCESS |  
2025-10-17 11:02:55,762 | INFO  | OMAudit | user=runner | ip=127.0.0.1 | op=READ_VOLUME {"volume":"vol-b-67769"} | ret=SUCCESS |  
2025-10-17 11:02:55,763 [ForkJoinPool-1-worker-1] INFO  rpc.RpcClient (RpcClient.java:createBucket(686)) - Creating Bucket: vol-a-69739/buc-a-45378, with server-side default bucket layout, runner as owner, Versioning false, Storage Type set to DISK and Encryption set to false, Replication Type set to server-side default replication type, Namespace Quota set to -1, Space Quota set to -1 
2025-10-17 11:02:55,764 [om1-OMStateMachineApplyTransactionThread - 0] INFO  bucket.OMBucketCreateRequest (OMBucketCreateRequest.java:validateAndUpdateCache(303)) - created bucket: buc-a-45378 of layout FILE_SYSTEM_OPTIMIZED in volume: vol-a-69739
2025-10-17 11:02:55,764 | INFO  | OMAudit | user=runner | ip=127.0.0.1 | op=CREATE_BUCKET {"volume":"vol-a-69739","bucket":"buc-a-45378","bucketLayout":"FILE_SYSTEM_OPTIMIZED","gdprEnabled":null,"acls":"[user:runner:a[ACCESS], group:runner:rl[ACCESS]]","isVersionEnabled":"false","storageType":"DISK","creationTime":"1760698975763","bucketEncryptionKey":null,"modificationTime":"1760698975763","usedBytes":"0","usedNamespace":"0","snapshotUsedBytes":"0","snapshotUsedNamespace":"0","owner":"runner","replicationType":null,"replicationConfig":null,"quotaInBytes":"-1","quotaInNamespace":"-1","Transaction":"1138"} | ret=SUCCESS |  
2025-10-17 11:02:55,765 [ForkJoinPool-1-worker-1] INFO  rpc.RpcClient (RpcClient.java:createBucket(686)) - Creating Bucket: vol-a-69739/buc-b-13213, with server-side default bucket layout, runner as owner, Versioning false, Storage Type set to DISK and Encryption set to false, Replication Type set to server-side default replication type, Namespace Quota set to -1, Space Quota set to -1 
2025-10-17 11:02:55,766 | INFO  | SCMAudit | user=runner | ip=127.0.0.1 | op=SEND_HEARTBEAT {"datanodeUUID":"ed6e9581-5875-4278-a8db-50829892434b","term":"2","command":"[]"} | ret=SUCCESS |  
2025-10-17 11:02:55,766 [om1-OMStateMachineApplyTransactionThread - 0] INFO  bucket.OMBucketCreateRequest (OMBucketCreateRequest.java:validateAndUpdateCache(303)) - created bucket: buc-b-13213 of layout FILE_SYSTEM_OPTIMIZED in volume: vol-a-69739
2025-10-17 11:02:55,766 | INFO  | OMAudit | user=runner | ip=127.0.0.1 | op=CREATE_BUCKET {"volume":"vol-a-69739","bucket":"buc-b-13213","bucketLayout":"FILE_SYSTEM_OPTIMIZED","gdprEnabled":null,"acls":"[user:runner:a[ACCESS], group:runner:rl[ACCESS]]","isVersionEnabled":"false","storageType":"DISK","creationTime":"1760698975765","bucketEncryptionKey":null,"modificationTime":"1760698975765","usedBytes":"0","usedNamespace":"0","snapshotUsedBytes":"0","snapshotUsedNamespace":"0","owner":"runner","replicationType":null,"replicationConfig":null,"quotaInBytes":"-1","quotaInNamespace":"-1","Transaction":"1139"} | ret=SUCCESS |  
2025-10-17 11:02:55,767 [ForkJoinPool-1-worker-1] INFO  rpc.RpcClient (RpcClient.java:createBucket(686)) - Creating Bucket: vol-b-67769/buc-a-45378, with server-side default bucket layout, runner as owner, Versioning false, Storage Type set to DISK and Encryption set to false, Replication Type set to server-side default replication type, Namespace Quota set to -1, Space Quota set to -1 
2025-10-17 11:02:55,768 [om1-OMStateMachineApplyTransactionThread - 0] INFO  bucket.OMBucketCreateRequest (OMBucketCreateRequest.java:validateAndUpdateCache(303)) - created bucket: buc-a-45378 of layout FILE_SYSTEM_OPTIMIZED in volume: vol-b-67769
2025-10-17 11:02:55,768 | INFO  | OMAudit | user=runner | ip=127.0.0.1 | op=CREATE_BUCKET {"volume":"vol-b-67769","bucket":"buc-a-45378","bucketLayout":"FILE_SYSTEM_OPTIMIZED","gdprEnabled":null,"acls":"[user:runner:a[ACCESS], group:runner:rl[ACCESS]]","isVersionEnabled":"false","storageType":"DISK","creationTime":"1760698975767","bucketEncryptionKey":null,"modificationTime":"1760698975767","usedBytes":"0","usedNamespace":"0","snapshotUsedBytes":"0","snapshotUsedNamespace":"0","owner":"runner","replicationType":null,"replicationConfig":null,"quotaInBytes":"-1","quotaInNamespace":"-1","Transaction":"1140"} | ret=SUCCESS |  
2025-10-17 11:02:55,768 [ForkJoinPool-1-worker-1] INFO  rpc.RpcClient (RpcClient.java:createBucket(686)) - Creating Bucket: vol-b-67769/buc-b-13213, with server-side default bucket layout, runner as owner, Versioning false, Storage Type set to DISK and Encryption set to false, Replication Type set to server-side default replication type, Namespace Quota set to -1, Space Quota set to -1 
2025-10-17 11:02:55,770 [om1-OMStateMachineApplyTransactionThread - 0] INFO  bucket.OMBucketCreateRequest (OMBucketCreateRequest.java:validateAndUpdateCache(303)) - created bucket: buc-b-13213 of layout FILE_SYSTEM_OPTIMIZED in volume: vol-b-67769
2025-10-17 11:02:55,770 | INFO  | OMAudit | user=runner | ip=127.0.0.1 | op=CREATE_BUCKET {"volume":"vol-b-67769","bucket":"buc-b-13213","bucketLayout":"FILE_SYSTEM_OPTIMIZED","gdprEnabled":null,"acls":"[user:runner:a[ACCESS], group:runner:rl[ACCESS]]","isVersionEnabled":"false","storageType":"DISK","creationTime":"1760698975769","bucketEncryptionKey":null,"modificationTime":"1760698975769","usedBytes":"0","usedNamespace":"0","snapshotUsedBytes":"0","snapshotUsedNamespace":"0","owner":"runner","replicationType":null,"replicationConfig":null,"quotaInBytes":"-1","quotaInNamespace":"-1","Transaction":"1141"} | ret=SUCCESS |  
2025-10-17 11:02:55,773 [om1-OMStateMachineApplyTransactionThread - 0] INFO  snapshot.OMSnapshotCreateRequest (OMSnapshotCreateRequest.java:validateAndUpdateCache(228)) - Created snapshot: 'snapshot-a-0-44198' with snapshotId: 'e48781ad-83e9-4ee9-8137-b556fa93fe85' under path 'vol-a-69739/buc-a-45378'
2025-10-17 11:02:55,773 | INFO  | OMAudit | user=runner | ip=127.0.0.1 | op=CREATE_SNAPSHOT {"volume":"vol-a-69739","bucket":"buc-a-45378","snapshotName":"snapshot-a-0-44198","Transaction":"1142"} | ret=SUCCESS |  
2025-10-17 11:02:55,775 [om1-OMStateMachineApplyTransactionThread - 0] INFO  snapshot.OMSnapshotCreateRequest (OMSnapshotCreateRequest.java:validateAndUpdateCache(228)) - Created snapshot: 'snapshot-a-0-96105' with snapshotId: '6ae6eae6-562b-4fb6-9e57-e51367cf1a6b' under path 'vol-a-69739/buc-b-13213'
2025-10-17 11:02:55,775 | INFO  | OMAudit | user=runner | ip=127.0.0.1 | op=CREATE_SNAPSHOT {"volume":"vol-a-69739","bucket":"buc-b-13213","snapshotName":"snapshot-a-0-96105","Transaction":"1143"} | ret=SUCCESS |  
2025-10-17 11:02:55,777 [om1-OMStateMachineApplyTransactionThread - 0] INFO  snapshot.OMSnapshotCreateRequest (OMSnapshotCreateRequest.java:validateAndUpdateCache(228)) - Created snapshot: 'snapshot-a-0-44779' with snapshotId: '2eb2df77-22f1-4d1c-82b8-bad40dbd9841' under path 'vol-b-67769/buc-a-45378'
2025-10-17 11:02:55,777 | INFO  | OMAudit | user=runner | ip=127.0.0.1 | op=CREATE_SNAPSHOT {"volume":"vol-b-67769","bucket":"buc-a-45378","snapshotName":"snapshot-a-0-44779","Transaction":"1144"} | ret=SUCCESS |  
2025-10-17 11:02:55,779 [om1-OMStateMachineApplyTransactionThread - 0] INFO  snapshot.OMSnapshotCreateRequest (OMSnapshotCreateRequest.java:validateAndUpdateCache(228)) - Created snapshot: 'snapshot-a-0-64838' with snapshotId: 'e357c6bf-d08b-4b72-9031-4a91dbe9458d' under path 'vol-b-67769/buc-b-13213'
2025-10-17 11:02:55,779 | INFO  | OMAudit | user=runner | ip=127.0.0.1 | op=CREATE_SNAPSHOT {"volume":"vol-b-67769","bucket":"buc-b-13213","snapshotName":"snapshot-a-0-64838","Transaction":"1145"} | ret=SUCCESS |  
2025-10-17 11:02:55,780 [om1-OMStateMachineApplyTransactionThread - 0] INFO  snapshot.OMSnapshotCreateRequest (OMSnapshotCreateRequest.java:validateAndUpdateCache(228)) - Created snapshot: 'snapshot-a-1-68542' with snapshotId: '19e6566c-1fa8-42ae-8cf8-769b213545c7' under path 'vol-a-69739/buc-a-45378'
2025-10-17 11:02:55,780 | INFO  | OMAudit | user=runner | ip=127.0.0.1 | op=CREATE_SNAPSHOT {"volume":"vol-a-69739","bucket":"buc-a-45378","snapshotName":"snapshot-a-1-68542","Transaction":"1146"} | ret=SUCCESS |  
2025-10-17 11:02:55,782 [om1-OMStateMachineApplyTransactionThread - 0] INFO  snapshot.OMSnapshotCreateRequest (OMSnapshotCreateRequest.java:validateAndUpdateCache(228)) - Created snapshot: 'snapshot-a-1-30747' with snapshotId: 'fde15b8a-4224-4e42-b757-7ba74f1ec3f6' under path 'vol-a-69739/buc-b-13213'
2025-10-17 11:02:55,783 | INFO  | OMAudit | user=runner | ip=127.0.0.1 | op=CREATE_SNAPSHOT {"volume":"vol-a-69739","bucket":"buc-b-13213","snapshotName":"snapshot-a-1-30747","Transaction":"1147"} | ret=SUCCESS |  
2025-10-17 11:02:55,785 [om1-OMStateMachineApplyTransactionThread - 0] INFO  snapshot.OMSnapshotCreateRequest (OMSnapshotCreateRequest.java:validateAndUpdateCache(228)) - Created snapshot: 'snapshot-a-1-04425' with snapshotId: 'e4ab2bd6-450d-468c-a499-b28246e011b7' under path 'vol-b-67769/buc-a-45378'
2025-10-17 11:02:55,785 | INFO  | OMAudit | user=runner | ip=127.0.0.1 | op=CREATE_SNAPSHOT {"volume":"vol-b-67769","bucket":"buc-a-45378","snapshotName":"snapshot-a-1-04425","Transaction":"1148"} | ret=SUCCESS |  
2025-10-17 11:02:55,788 [om1-OMStateMachineApplyTransactionThread - 0] INFO  snapshot.OMSnapshotCreateRequest (OMSnapshotCreateRequest.java:validateAndUpdateCache(228)) - Created snapshot: 'snapshot-a-1-59485' with snapshotId: 'cac8ba6e-677b-4565-ae86-b2dc8f6c3ec1' under path 'vol-b-67769/buc-b-13213'
2025-10-17 11:02:55,788 | INFO  | OMAudit | user=runner | ip=127.0.0.1 | op=CREATE_SNAPSHOT {"volume":"vol-b-67769","bucket":"buc-b-13213","snapshotName":"snapshot-a-1-59485","Transaction":"1149"} | ret=SUCCESS |  
2025-10-17 11:02:55,790 [om1-OMStateMachineApplyTransactionThread - 0] INFO  snapshot.OMSnapshotCreateRequest (OMSnapshotCreateRequest.java:validateAndUpdateCache(228)) - Created snapshot: 'snapshot-a-2-52408' with snapshotId: '01e0dd0b-8aa5-4b66-bee1-9a39357d8209' under path 'vol-a-69739/buc-a-45378'
2025-10-17 11:02:55,790 | INFO  | OMAudit | user=runner | ip=127.0.0.1 | op=CREATE_SNAPSHOT {"volume":"vol-a-69739","bucket":"buc-a-45378","snapshotName":"snapshot-a-2-52408","Transaction":"1150"} | ret=SUCCESS |  
2025-10-17 11:02:55,791 [om1-OMStateMachineApplyTransactionThread - 0] INFO  snapshot.OMSnapshotCreateRequest (OMSnapshotCreateRequest.java:validateAndUpdateCache(228)) - Created snapshot: 'snapshot-a-2-08931' with snapshotId: '1a2ee097-187b-4f18-acf4-f8b3bbb99735' under path 'vol-a-69739/buc-b-13213'
2025-10-17 11:02:55,791 | INFO  | OMAudit | user=runner | ip=127.0.0.1 | op=CREATE_SNAPSHOT {"volume":"vol-a-69739","bucket":"buc-b-13213","snapshotName":"snapshot-a-2-08931","Transaction":"1151"} | ret=SUCCESS |  
2025-10-17 11:02:55,795 [om1-OMStateMachineApplyTransactionThread - 0] INFO  snapshot.OMSnapshotCreateRequest (OMSnapshotCreateRequest.java:validateAndUpdateCache(228)) - Created snapshot: 'snapshot-a-2-00842' with snapshotId: 'bbfa0650-8c67-46f4-81b1-463c7c383782' under path 'vol-b-67769/buc-a-45378'
2025-10-17 11:02:55,795 | INFO  | OMAudit | user=runner | ip=127.0.0.1 | op=CREATE_SNAPSHOT {"volume":"vol-b-67769","bucket":"buc-a-45378","snapshotName":"snapshot-a-2-00842","Transaction":"1152"} | ret=SUCCESS |  
2025-10-17 11:02:55,799 [om1-OMStateMachineApplyTransactionThread - 0] INFO  snapshot.OMSnapshotCreateRequest (OMSnapshotCreateRequest.java:validateAndUpdateCache(228)) - Created snapshot: 'snapshot-a-2-12647' with snapshotId: '99777635-23a4-4c1d-96b6-a6400ba1b57a' under path 'vol-b-67769/buc-b-13213'
2025-10-17 11:02:55,800 | INFO  | OMAudit | user=runner | ip=127.0.0.1 | op=CREATE_SNAPSHOT {"volume":"vol-b-67769","bucket":"buc-b-13213","snapshotName":"snapshot-a-2-12647","Transaction":"1153"} | ret=SUCCESS |  
2025-10-17 11:02:55,805 [om1-OMStateMachineApplyTransactionThread - 0] INFO  snapshot.OMSnapshotCreateRequest (OMSnapshotCreateRequest.java:validateAndUpdateCache(228)) - Created snapshot: 'snapshot-a-3-08735' with snapshotId: 'a1651e14-a880-4b39-a7e1-a010720607dd' under path 'vol-a-69739/buc-a-45378'
2025-10-17 11:02:55,806 | INFO  | OMAudit | user=runner | ip=127.0.0.1 | op=CREATE_SNAPSHOT {"volume":"vol-a-69739","bucket":"buc-a-45378","snapshotName":"snapshot-a-3-08735","Transaction":"1154"} | ret=SUCCESS |  
2025-10-17 11:02:55,811 [om1-OMStateMachineApplyTransactionThread - 0] INFO  snapshot.OMSnapshotCreateRequest (OMSnapshotCreateRequest.java:validateAndUpdateCache(228)) - Created snapshot: 'snapshot-a-3-91546' with snapshotId: '31befe8f-a2d0-4522-8f78-b83a2c75c20e' under path 'vol-a-69739/buc-b-13213'
2025-10-17 11:02:55,812 | INFO  | OMAudit | user=runner | ip=127.0.0.1 | op=CREATE_SNAPSHOT {"volume":"vol-a-69739","bucket":"buc-b-13213","snapshotName":"snapshot-a-3-91546","Transaction":"1155"} | ret=SUCCESS |  
2025-10-17 11:02:55,815 [om1-OMStateMachineApplyTransactionThread - 0] INFO  snapshot.OMSnapshotCreateRequest (OMSnapshotCreateRequest.java:validateAndUpdateCache(228)) - Created snapshot: 'snapshot-a-3-28898' with snapshotId: '62808e1d-f095-463c-93b2-1168d40833f2' under path 'vol-b-67769/buc-a-45378'
2025-10-17 11:02:55,815 | INFO  | OMAudit | user=runner | ip=127.0.0.1 | op=CREATE_SNAPSHOT {"volume":"vol-b-67769","bucket":"buc-a-45378","snapshotName":"snapshot-a-3-28898","Transaction":"1156"} | ret=SUCCESS |  
2025-10-17 11:02:55,817 [om1-OMStateMachineApplyTransactionThread - 0] INFO  snapshot.OMSnapshotCreateRequest (OMSnapshotCreateRequest.java:validateAndUpdateCache(228)) - Created snapshot: 'snapshot-a-3-56650' with snapshotId: 'c4fa44d2-b3f2-4aaf-b7fb-fe4cf8bbe775' under path 'vol-b-67769/buc-b-13213'
2025-10-17 11:02:55,817 | INFO  | OMAudit | user=runner | ip=127.0.0.1 | op=CREATE_SNAPSHOT {"volume":"vol-b-67769","bucket":"buc-b-13213","snapshotName":"snapshot-a-3-56650","Transaction":"1157"} | ret=SUCCESS |  
2025-10-17 11:02:55,819 [om1-OMStateMachineApplyTransactionThread - 0] INFO  snapshot.OMSnapshotCreateRequest (OMSnapshotCreateRequest.java:validateAndUpdateCache(228)) - Created snapshot: 'snapshot-a-4-86882' with snapshotId: '4e514b7a-f71d-49bc-b7c3-b562e43b6911' under path 'vol-a-69739/buc-a-45378'
2025-10-17 11:02:55,820 | INFO  | OMAudit | user=runner | ip=127.0.0.1 | op=CREATE_SNAPSHOT {"volume":"vol-a-69739","bucket":"buc-a-45378","snapshotName":"snapshot-a-4-86882","Transaction":"1158"} | ret=SUCCESS |  
2025-10-17 11:02:55,821 [om1-OMStateMachineApplyTransactionThread - 0] INFO  snapshot.OMSnapshotCreateRequest (OMSnapshotCreateRequest.java:validateAndUpdateCache(228)) - Created snapshot: 'snapshot-a-4-56182' with snapshotId: 'da1b4dff-e0aa-421b-a41c-fa52f13a4347' under path 'vol-a-69739/buc-b-13213'
2025-10-17 11:02:55,821 | INFO  | OMAudit | user=runner | ip=127.0.0.1 | op=CREATE_SNAPSHOT {"volume":"vol-a-69739","bucket":"buc-b-13213","snapshotName":"snapshot-a-4-56182","Transaction":"1159"} | ret=SUCCESS |  
2025-10-17 11:02:55,823 [om1-OMStateMachineApplyTransactionThread - 0] INFO  snapshot.OMSnapshotCreateRequest (OMSnapshotCreateRequest.java:validateAndUpdateCache(228)) - Created snapshot: 'snapshot-a-4-54176' with snapshotId: '4022ec78-a400-4c56-bd76-dcf65a2da92e' under path 'vol-b-67769/buc-a-45378'
2025-10-17 11:02:55,823 | INFO  | OMAudit | user=runner | ip=127.0.0.1 | op=CREATE_SNAPSHOT {"volume":"vol-b-67769","bucket":"buc-a-45378","snapshotName":"snapshot-a-4-54176","Transaction":"1160"} | ret=SUCCESS |  
2025-10-17 11:02:55,825 [om1-OMStateMachineApplyTransactionThread - 0] INFO  snapshot.OMSnapshotCreateRequest (OMSnapshotCreateRequest.java:validateAndUpdateCache(228)) - Created snapshot: 'snapshot-a-4-61188' with snapshotId: '3ac95e2a-3b9c-495c-9145-b627eaf3eb0a' under path 'vol-b-67769/buc-b-13213'
2025-10-17 11:02:55,825 | INFO  | OMAudit | user=runner | ip=127.0.0.1 | op=CREATE_SNAPSHOT {"volume":"vol-b-67769","bucket":"buc-b-13213","snapshotName":"snapshot-a-4-61188","Transaction":"1161"} | ret=SUCCESS |  
2025-10-17 11:02:55,826 [om1-OMStateMachineApplyTransactionThread - 0] INFO  snapshot.OMSnapshotCreateRequest (OMSnapshotCreateRequest.java:validateAndUpdateCache(228)) - Created snapshot: 'snapshot-a-5-14026' with snapshotId: 'e14867e0-479c-4223-a50f-be600dc2e592' under path 'vol-a-69739/buc-a-45378'
2025-10-17 11:02:55,826 | INFO  | OMAudit | user=runner | ip=127.0.0.1 | op=CREATE_SNAPSHOT {"volume":"vol-a-69739","bucket":"buc-a-45378","snapshotName":"snapshot-a-5-14026","Transaction":"1162"} | ret=SUCCESS |  
2025-10-17 11:02:55,828 [om1-OMStateMachineApplyTransactionThread - 0] INFO  snapshot.OMSnapshotCreateRequest (OMSnapshotCreateRequest.java:validateAndUpdateCache(228)) - Created snapshot: 'snapshot-a-5-18491' with snapshotId: '774311db-8017-4bf4-bac2-1bd9bde751f2' under path 'vol-a-69739/buc-b-13213'
2025-10-17 11:02:55,828 | INFO  | OMAudit | user=runner | ip=127.0.0.1 | op=CREATE_SNAPSHOT {"volume":"vol-a-69739","bucket":"buc-b-13213","snapshotName":"snapshot-a-5-18491","Transaction":"1163"} | ret=SUCCESS |  
2025-10-17 11:02:55,829 [om1-OMStateMachineApplyTransactionThread - 0] INFO  snapshot.OMSnapshotCreateRequest (OMSnapshotCreateRequest.java:validateAndUpdateCache(228)) - Created snapshot: 'snapshot-a-5-53851' with snapshotId: '66d32931-1c64-404b-acd2-74edcba29e5c' under path 'vol-b-67769/buc-a-45378'
2025-10-17 11:02:55,829 | INFO  | OMAudit | user=runner | ip=127.0.0.1 | op=CREATE_SNAPSHOT {"volume":"vol-b-67769","bucket":"buc-a-45378","snapshotName":"snapshot-a-5-53851","Transaction":"1164"} | ret=SUCCESS |  
2025-10-17 11:02:55,831 [om1-OMStateMachineApplyTransactionThread - 0] INFO  snapshot.OMSnapshotCreateRequest (OMSnapshotCreateRequest.java:validateAndUpdateCache(228)) - Created snapshot: 'snapshot-a-5-67683' with snapshotId: '23b3893f-7a86-4cac-a520-5bcab27f2519' under path 'vol-b-67769/buc-b-13213'
2025-10-17 11:02:55,831 | INFO  | OMAudit | user=runner | ip=127.0.0.1 | op=CREATE_SNAPSHOT {"volume":"vol-b-67769","bucket":"buc-b-13213","snapshotName":"snapshot-a-5-67683","Transaction":"1165"} | ret=SUCCESS |  
2025-10-17 11:02:55,833 [om1-OMStateMachineApplyTransactionThread - 0] INFO  snapshot.OMSnapshotCreateRequest (OMSnapshotCreateRequest.java:validateAndUpdateCache(228)) - Created snapshot: 'snapshot-a-6-68290' with snapshotId: '17eb02cb-d163-4df6-9d25-a95f82dba83c' under path 'vol-a-69739/buc-a-45378'
2025-10-17 11:02:55,833 | INFO  | OMAudit | user=runner | ip=127.0.0.1 | op=CREATE_SNAPSHOT {"volume":"vol-a-69739","bucket":"buc-a-45378","snapshotName":"snapshot-a-6-68290","Transaction":"1166"} | ret=SUCCESS |  
2025-10-17 11:02:55,836 [om1-OMStateMachineApplyTransactionThread - 0] INFO  snapshot.OMSnapshotCreateRequest (OMSnapshotCreateRequest.java:validateAndUpdateCache(228)) - Created snapshot: 'snapshot-a-6-07375' with snapshotId: 'e14eb4f1-778a-4cec-b6b1-2be5198490da' under path 'vol-a-69739/buc-b-13213'
2025-10-17 11:02:55,836 | INFO  | OMAudit | user=runner | ip=127.0.0.1 | op=CREATE_SNAPSHOT {"volume":"vol-a-69739","bucket":"buc-b-13213","snapshotName":"snapshot-a-6-07375","Transaction":"1167"} | ret=SUCCESS |  
2025-10-17 11:02:55,837 [om1-OMStateMachineApplyTransactionThread - 0] INFO  snapshot.OMSnapshotCreateRequest (OMSnapshotCreateRequest.java:validateAndUpdateCache(228)) - Created snapshot: 'snapshot-a-6-96387' with snapshotId: 'fae0f057-9ab9-4c44-a019-51a57b2e2efd' under path 'vol-b-67769/buc-a-45378'
2025-10-17 11:02:55,837 | INFO  | OMAudit | user=runner | ip=127.0.0.1 | op=CREATE_SNAPSHOT {"volume":"vol-b-67769","bucket":"buc-a-45378","snapshotName":"snapshot-a-6-96387","Transaction":"1168"} | ret=SUCCESS |  
2025-10-17 11:02:55,839 [om1-OMStateMachineApplyTransactionThread - 0] INFO  snapshot.OMSnapshotCreateRequest (OMSnapshotCreateRequest.java:validateAndUpdateCache(228)) - Created snapshot: 'snapshot-a-6-90225' with snapshotId: 'b7ca414e-04b1-4d47-9017-ca99db380645' under path 'vol-b-67769/buc-b-13213'
2025-10-17 11:02:55,839 | INFO  | OMAudit | user=runner | ip=127.0.0.1 | op=CREATE_SNAPSHOT {"volume":"vol-b-67769","bucket":"buc-b-13213","snapshotName":"snapshot-a-6-90225","Transaction":"1169"} | ret=SUCCESS |  
2025-10-17 11:02:55,841 [om1-OMStateMachineApplyTransactionThread - 0] INFO  snapshot.OMSnapshotCreateRequest (OMSnapshotCreateRequest.java:validateAndUpdateCache(228)) - Created snapshot: 'snapshot-a-7-57365' with snapshotId: '72918b03-fe0a-4341-95d6-d9e8f8b7ab99' under path 'vol-a-69739/buc-a-45378'
2025-10-17 11:02:55,841 | INFO  | OMAudit | user=runner | ip=127.0.0.1 | op=CREATE_SNAPSHOT {"volume":"vol-a-69739","bucket":"buc-a-45378","snapshotName":"snapshot-a-7-57365","Transaction":"1170"} | ret=SUCCESS |  
2025-10-17 11:02:55,842 [om1-OMDoubleBufferFlushThread] INFO  db.RDBCheckpointManager (RDBCheckpointManager.java:createCheckpoint(87)) - Created checkpoint in rocksDB at /home/runner/work/ozone/ozone/hadoop-ozone/integration-test/target/test-dir/MiniOzoneClusterImpl-d1ffa5d3-3301-45c3-9f44-1ffa6967d237/om/data/db.snapshots/checkpointState/om.db-e48781ad-83e9-4ee9-8137-b556fa93fe85 in 67 milliseconds
2025-10-17 11:02:55,842 [om1-OMStateMachineApplyTransactionThread - 0] INFO  snapshot.OMSnapshotCreateRequest (OMSnapshotCreateRequest.java:validateAndUpdateCache(228)) - Created snapshot: 'snapshot-a-7-68229' with snapshotId: '046d228d-1290-43ac-8ff4-adcaf829f7e8' under path 'vol-a-69739/buc-b-13213'
2025-10-17 11:02:55,842 | INFO  | OMAudit | user=runner | ip=127.0.0.1 | op=CREATE_SNAPSHOT {"volume":"vol-a-69739","bucket":"buc-b-13213","snapshotName":"snapshot-a-7-68229","Transaction":"1171"} | ret=SUCCESS |  
2025-10-17 11:02:55,844 [om1-OMStateMachineApplyTransactionThread - 0] INFO  snapshot.OMSnapshotCreateRequest (OMSnapshotCreateRequest.java:validateAndUpdateCache(228)) - Created snapshot: 'snapshot-a-7-23495' with snapshotId: '47399601-785b-44e7-96c8-5f69c382ac10' under path 'vol-b-67769/buc-a-45378'
2025-10-17 11:02:55,844 | INFO  | OMAudit | user=runner | ip=127.0.0.1 | op=CREATE_SNAPSHOT {"volume":"vol-b-67769","bucket":"buc-a-45378","snapshotName":"snapshot-a-7-23495","Transaction":"1172"} | ret=SUCCESS |  
2025-10-17 11:02:55,846 [om1-OMStateMachineApplyTransactionThread - 0] INFO  snapshot.OMSnapshotCreateRequest (OMSnapshotCreateRequest.java:validateAndUpdateCache(228)) - Created snapshot: 'snapshot-a-7-00868' with snapshotId: 'f046456c-63ff-4154-85fe-62ecb5ab6cc8' under path 'vol-b-67769/buc-b-13213'
2025-10-17 11:02:55,846 | INFO  | OMAudit | user=runner | ip=127.0.0.1 | op=CREATE_SNAPSHOT {"volume":"vol-b-67769","bucket":"buc-b-13213","snapshotName":"snapshot-a-7-00868","Transaction":"1173"} | ret=SUCCESS |  
2025-10-17 11:02:55,848 [om1-OMStateMachineApplyTransactionThread - 0] INFO  snapshot.OMSnapshotCreateRequest (OMSnapshotCreateRequest.java:validateAndUpdateCache(228)) - Created snapshot: 'snapshot-a-8-55728' with snapshotId: 'f93cc417-0e33-4678-aeb0-99fc33bce960' under path 'vol-a-69739/buc-a-45378'
2025-10-17 11:02:55,848 | INFO  | OMAudit | user=runner | ip=127.0.0.1 | op=CREATE_SNAPSHOT {"volume":"vol-a-69739","bucket":"buc-a-45378","snapshotName":"snapshot-a-8-55728","Transaction":"1174"} | ret=SUCCESS |  
2025-10-17 11:02:55,850 [om1-OMStateMachineApplyTransactionThread - 0] INFO  snapshot.OMSnapshotCreateRequest (OMSnapshotCreateRequest.java:validateAndUpdateCache(228)) - Created snapshot: 'snapshot-a-8-10684' with snapshotId: '27e01ede-34e6-4fd3-b0af-683496061f71' under path 'vol-a-69739/buc-b-13213'
2025-10-17 11:02:55,850 | INFO  | OMAudit | user=runner | ip=127.0.0.1 | op=CREATE_SNAPSHOT {"volume":"vol-a-69739","bucket":"buc-b-13213","snapshotName":"snapshot-a-8-10684","Transaction":"1175"} | ret=SUCCESS |  
2025-10-17 11:02:55,853 [om1-OMStateMachineApplyTransactionThread - 0] INFO  snapshot.OMSnapshotCreateRequest (OMSnapshotCreateRequest.java:validateAndUpdateCache(228)) - Created snapshot: 'snapshot-a-8-88061' with snapshotId: 'ea7f62fd-0190-4cdb-9456-a7f410401f17' under path 'vol-b-67769/buc-a-45378'
2025-10-17 11:02:55,853 | INFO  | OMAudit | user=runner | ip=127.0.0.1 | op=CREATE_SNAPSHOT {"volume":"vol-b-67769","bucket":"buc-a-45378","snapshotName":"snapshot-a-8-88061","Transaction":"1176"} | ret=SUCCESS |  
2025-10-17 11:02:55,855 [om1-OMStateMachineApplyTransactionThread - 0] INFO  snapshot.OMSnapshotCreateRequest (OMSnapshotCreateRequest.java:validateAndUpdateCache(228)) - Created snapshot: 'snapshot-a-8-30061' with snapshotId: '8f93db84-1309-4b94-a95b-5588adcd4c86' under path 'vol-b-67769/buc-b-13213'
2025-10-17 11:02:55,855 | INFO  | OMAudit | user=runner | ip=127.0.0.1 | op=CREATE_SNAPSHOT {"volume":"vol-b-67769","bucket":"buc-b-13213","snapshotName":"snapshot-a-8-30061","Transaction":"1177"} | ret=SUCCESS |  
2025-10-17 11:02:55,858 [om1-OMStateMachineApplyTransactionThread - 0] INFO  snapshot.OMSnapshotCreateRequest (OMSnapshotCreateRequest.java:validateAndUpdateCache(228)) - Created snapshot: 'snapshot-a-9-07082' with snapshotId: '9af95f76-e38d-4be3-9bea-7b281f83c4e6' under path 'vol-a-69739/buc-a-45378'
2025-10-17 11:02:55,858 | INFO  | OMAudit | user=runner | ip=127.0.0.1 | op=CREATE_SNAPSHOT {"volume":"vol-a-69739","bucket":"buc-a-45378","snapshotName":"snapshot-a-9-07082","Transaction":"1178"} | ret=SUCCESS |  
2025-10-17 11:02:55,862 [om1-OMStateMachineApplyTransactionThread - 0] INFO  snapshot.OMSnapshotCreateRequest (OMSnapshotCreateRequest.java:validateAndUpdateCache(228)) - Created snapshot: 'snapshot-a-9-69196' with snapshotId: '1e940af4-9e78-4937-a218-fd714929d327' under path 'vol-a-69739/buc-b-13213'
2025-10-17 11:02:55,862 | INFO  | OMAudit | user=runner | ip=127.0.0.1 | op=CREATE_SNAPSHOT {"volume":"vol-a-69739","bucket":"buc-b-13213","snapshotName":"snapshot-a-9-69196","Transaction":"1179"} | ret=SUCCESS |  
2025-10-17 11:02:55,863 | INFO  | SCMAudit | user=runner | ip=127.0.0.1 | op=SEND_HEARTBEAT {"datanodeUUID":"a5293c95-44e9-4ea9-88ca-89089eac4b59","term":"2","command":"[]"} | ret=SUCCESS |  
2025-10-17 11:02:55,864 [om1-OMStateMachineApplyTransactionThread - 0] INFO  snapshot.OMSnapshotCreateRequest (OMSnapshotCreateRequest.java:validateAndUpdateCache(228)) - Created snapshot: 'snapshot-a-9-73739' with snapshotId: 'f7e92433-4ddb-488b-9ceb-51b50d0615ae' under path 'vol-b-67769/buc-a-45378'
2025-10-17 11:02:55,864 | INFO  | OMAudit | user=runner | ip=127.0.0.1 | op=CREATE_SNAPSHOT {"volume":"vol-b-67769","bucket":"buc-a-45378","snapshotName":"snapshot-a-9-73739","Transaction":"1180"} | ret=SUCCESS |  
2025-10-17 11:02:55,864 [om1-OMDoubleBufferFlushThread] INFO  om.OmSnapshotManager (OmSnapshotManager.java:createOmSnapshotCheckpoint(545)) - Created checkpoint: /home/runner/work/ozone/ozone/hadoop-ozone/integration-test/target/test-dir/MiniOzoneClusterImpl-d1ffa5d3-3301-45c3-9f44-1ffa6967d237/om/data/db.snapshots/checkpointState/om.db-e48781ad-83e9-4ee9-8137-b556fa93fe85 for snapshot /vol-a-69739/buc-a-45378/snapshot-a-0-44198
2025-10-17 11:02:55,865 [om1-OMStateMachineApplyTransactionThread - 0] INFO  snapshot.OMSnapshotCreateRequest (OMSnapshotCreateRequest.java:validateAndUpdateCache(228)) - Created snapshot: 'snapshot-a-9-69320' with snapshotId: 'ed63ba39-edf8-4815-8c36-aa727be23424' under path 'vol-b-67769/buc-b-13213'
2025-10-17 11:02:55,865 | INFO  | OMAudit | user=runner | ip=127.0.0.1 | op=CREATE_SNAPSHOT {"volume":"vol-b-67769","bucket":"buc-b-13213","snapshotName":"snapshot-a-9-69320","Transaction":"1181"} | ret=SUCCESS |  
2025-10-17 11:02:55,867 [om1-OMStateMachineApplyTransactionThread - 0] INFO  snapshot.OMSnapshotCreateRequest (OMSnapshotCreateRequest.java:validateAndUpdateCache(228)) - Created snapshot: 'snapshot-b-0-22921' with snapshotId: '431b9c18-b293-4d80-9463-781a22a54a1c' under path 'vol-a-69739/buc-a-45378'
2025-10-17 11:02:55,867 | INFO  | OMAudit | user=runner | ip=127.0.0.1 | op=CREATE_SNAPSHOT {"volume":"vol-a-69739","bucket":"buc-a-45378","snapshotName":"snapshot-b-0-22921","Transaction":"1182"} | ret=SUCCESS |  
2025-10-17 11:02:55,869 [om1-OMStateMachineApplyTransactionThread - 0] INFO  snapshot.OMSnapshotCreateRequest (OMSnapshotCreateRequest.java:validateAndUpdateCache(228)) - Created snapshot: 'snapshot-b-0-78577' with snapshotId: '681779f7-1268-4873-bd43-d1ad9f6cdb13' under path 'vol-a-69739/buc-b-13213'
2025-10-17 11:02:55,869 | INFO  | OMAudit | user=runner | ip=127.0.0.1 | op=CREATE_SNAPSHOT {"volume":"vol-a-69739","bucket":"buc-b-13213","snapshotName":"snapshot-b-0-78577","Transaction":"1183"} | ret=SUCCESS |  
2025-10-17 11:02:55,871 [om1-OMStateMachineApplyTransactionThread - 0] INFO  snapshot.OMSnapshotCreateRequest (OMSnapshotCreateRequest.java:validateAndUpdateCache(228)) - Created snapshot: 'snapshot-b-0-80433' with snapshotId: '9123709d-76af-4f68-a5f9-daa036c1fdad' under path 'vol-b-67769/buc-a-45378'
2025-10-17 11:02:55,871 | INFO  | OMAudit | user=runner | ip=127.0.0.1 | op=CREATE_SNAPSHOT {"volume":"vol-b-67769","bucket":"buc-a-45378","snapshotName":"snapshot-b-0-80433","Transaction":"1184"} | ret=SUCCESS |  
2025-10-17 11:02:55,873 [om1-OMStateMachineApplyTransactionThread - 0] INFO  snapshot.OMSnapshotCreateRequest (OMSnapshotCreateRequest.java:validateAndUpdateCache(228)) - Created snapshot: 'snapshot-b-0-25738' with snapshotId: 'bb7af7ae-56f9-4d22-b24d-2f27fa7ec5f9' under path 'vol-b-67769/buc-b-13213'
2025-10-17 11:02:55,873 | INFO  | OMAudit | user=runner | ip=127.0.0.1 | op=CREATE_SNAPSHOT {"volume":"vol-b-67769","bucket":"buc-b-13213","snapshotName":"snapshot-b-0-25738","Transaction":"1185"} | ret=SUCCESS |  
2025-10-17 11:02:55,876 [om1-OMStateMachineApplyTransactionThread - 0] INFO  snapshot.OMSnapshotCreateRequest (OMSnapshotCreateRequest.java:validateAndUpdateCache(228)) - Created snapshot: 'snapshot-b-1-07537' with snapshotId: '2bd6641a-345d-4fbd-a3b3-5946c509e485' under path 'vol-a-69739/buc-a-45378'
2025-10-17 11:02:55,876 | INFO  | OMAudit | user=runner | ip=127.0.0.1 | op=CREATE_SNAPSHOT {"volume":"vol-a-69739","bucket":"buc-a-45378","snapshotName":"snapshot-b-1-07537","Transaction":"1186"} | ret=SUCCESS |  
2025-10-17 11:02:55,879 [om1-OMStateMachineApplyTransactionThread - 0] INFO  snapshot.OMSnapshotCreateRequest (OMSnapshotCreateRequest.java:validateAndUpdateCache(228)) - Created snapshot: 'snapshot-b-1-73083' with snapshotId: '77f24a90-2dc3-4160-8d3c-78f1a332a989' under path 'vol-a-69739/buc-b-13213'
2025-10-17 11:02:55,879 | INFO  | OMAudit | user=runner | ip=127.0.0.1 | op=CREATE_SNAPSHOT {"volume":"vol-a-69739","bucket":"buc-b-13213","snapshotName":"snapshot-b-1-73083","Transaction":"1187"} | ret=SUCCESS |  
2025-10-17 11:02:55,881 [om1-OMStateMachineApplyTransactionThread - 0] INFO  snapshot.OMSnapshotCreateRequest (OMSnapshotCreateRequest.java:validateAndUpdateCache(228)) - Created snapshot: 'snapshot-b-1-62975' with snapshotId: 'b968a959-d69f-46cb-8f80-cb1a21213b0f' under path 'vol-b-67769/buc-a-45378'
2025-10-17 11:02:55,883 | INFO  | OMAudit | user=runner | ip=127.0.0.1 | op=CREATE_SNAPSHOT {"volume":"vol-b-67769","bucket":"buc-a-45378","snapshotName":"snapshot-b-1-62975","Transaction":"1188"} | ret=SUCCESS |  
2025-10-17 11:02:55,885 [om1-OMStateMachineApplyTransactionThread - 0] INFO  snapshot.OMSnapshotCreateRequest (OMSnapshotCreateRequest.java:validateAndUpdateCache(228)) - Created snapshot: 'snapshot-b-1-02511' with snapshotId: '8bd0483d-4e99-462f-97cc-2016cf673a60' under path 'vol-b-67769/buc-b-13213'
2025-10-17 11:02:55,885 | INFO  | OMAudit | user=runner | ip=127.0.0.1 | op=CREATE_SNAPSHOT {"volume":"vol-b-67769","bucket":"buc-b-13213","snapshotName":"snapshot-b-1-02511","Transaction":"1189"} | ret=SUCCESS |  
2025-10-17 11:02:55,888 [om1-OMStateMachineApplyTransactionThread - 0] INFO  snapshot.OMSnapshotCreateRequest (OMSnapshotCreateRequest.java:validateAndUpdateCache(228)) - Created snapshot: 'snapshot-b-2-24711' with snapshotId: 'f93e56ce-3c9e-4c6a-9a7b-b12f45efaa65' under path 'vol-a-69739/buc-a-45378'
2025-10-17 11:02:55,888 | INFO  | OMAudit | user=runner | ip=127.0.0.1 | op=CREATE_SNAPSHOT {"volume":"vol-a-69739","bucket":"buc-a-45378","snapshotName":"snapshot-b-2-24711","Transaction":"1190"} | ret=SUCCESS |  
2025-10-17 11:02:55,890 [om1-OMStateMachineApplyTransactionThread - 0] INFO  snapshot.OMSnapshotCreateRequest (OMSnapshotCreateRequest.java:validateAndUpdateCache(228)) - Created snapshot: 'snapshot-b-2-56694' with snapshotId: 'ca4f2d9b-73de-47a8-ae88-bef8e5b63e82' under path 'vol-a-69739/buc-b-13213'
2025-10-17 11:02:55,890 | INFO  | OMAudit | user=runner | ip=127.0.0.1 | op=CREATE_SNAPSHOT {"volume":"vol-a-69739","bucket":"buc-b-13213","snapshotName":"snapshot-b-2-56694","Transaction":"1191"} | ret=SUCCESS |  
2025-10-17 11:02:55,894 [om1-OMStateMachineApplyTransactionThread - 0] INFO  snapshot.OMSnapshotCreateRequest (OMSnapshotCreateRequest.java:validateAndUpdateCache(228)) - Created snapshot: 'snapshot-b-2-70721' with snapshotId: '69cabe87-e11d-431f-955f-d6ba5376bb1e' under path 'vol-b-67769/buc-a-45378'
2025-10-17 11:02:55,894 | INFO  | OMAudit | user=runner | ip=127.0.0.1 | op=CREATE_SNAPSHOT {"volume":"vol-b-67769","bucket":"buc-a-45378","snapshotName":"snapshot-b-2-70721","Transaction":"1192"} | ret=SUCCESS |  
2025-10-17 11:02:55,896 [om1-OMStateMachineApplyTransactionThread - 0] INFO  snapshot.OMSnapshotCreateRequest (OMSnapshotCreateRequest.java:validateAndUpdateCache(228)) - Created snapshot: 'snapshot-b-2-43858' with snapshotId: '1a9763b2-44d1-4dd2-8f14-9a8686428406' under path 'vol-b-67769/buc-b-13213'
2025-10-17 11:02:55,896 | INFO  | OMAudit | user=runner | ip=127.0.0.1 | op=CREATE_SNAPSHOT {"volume":"vol-b-67769","bucket":"buc-b-13213","snapshotName":"snapshot-b-2-43858","Transaction":"1193"} | ret=SUCCESS |  
2025-10-17 11:02:55,898 [om1-OMStateMachineApplyTransactionThread - 0] INFO  snapshot.OMSnapshotCreateRequest (OMSnapshotCreateRequest.java:validateAndUpdateCache(228)) - Created snapshot: 'snapshot-b-3-91490' with snapshotId: 'be7daef4-7978-4f97-a212-a5c67be75a81' under path 'vol-a-69739/buc-a-45378'
2025-10-17 11:02:55,898 | INFO  | OMAudit | user=runner | ip=127.0.0.1 | op=CREATE_SNAPSHOT {"volume":"vol-a-69739","bucket":"buc-a-45378","snapshotName":"snapshot-b-3-91490","Transaction":"1194"} | ret=SUCCESS |  
2025-10-17 11:02:55,900 [om1-OMStateMachineApplyTransactionThread - 0] INFO  snapshot.OMSnapshotCreateRequest (OMSnapshotCreateRequest.java:validateAndUpdateCache(228)) - Created snapshot: 'snapshot-b-3-43647' with snapshotId: 'e73c7e83-ddf6-4389-b061-9aba8aa2a895' under path 'vol-a-69739/buc-b-13213'
2025-10-17 11:02:55,900 | INFO  | OMAudit | user=runner | ip=127.0.0.1 | op=CREATE_SNAPSHOT {"volume":"vol-a-69739","bucket":"buc-b-13213","snapshotName":"snapshot-b-3-43647","Transaction":"1195"} | ret=SUCCESS |  
2025-10-17 11:02:55,902 [om1-OMDoubleBufferFlushThread] INFO  db.RDBCheckpointManager (RDBCheckpointManager.java:createCheckpoint(87)) - Created checkpoint in rocksDB at /home/runner/work/ozone/ozone/hadoop-ozone/integration-test/target/test-dir/MiniOzoneClusterImpl-d1ffa5d3-3301-45c3-9f44-1ffa6967d237/om/data/db.snapshots/checkpointState/om.db-6ae6eae6-562b-4fb6-9e57-e51367cf1a6b in 36 milliseconds
2025-10-17 11:02:55,902 [om1-OMStateMachineApplyTransactionThread - 0] INFO  snapshot.OMSnapshotCreateRequest (OMSnapshotCreateRequest.java:validateAndUpdateCache(228)) - Created snapshot: 'snapshot-b-3-57708' with snapshotId: 'a34b0f9e-67a6-43dc-b845-89bc520591da' under path 'vol-b-67769/buc-a-45378'
2025-10-17 11:02:55,902 | INFO  | OMAudit | user=runner | ip=127.0.0.1 | op=CREATE_SNAPSHOT {"volume":"vol-b-67769","bucket":"buc-a-45378","snapshotName":"snapshot-b-3-57708","Transaction":"1196"} | ret=SUCCESS |  
2025-10-17 11:02:55,905 [om1-OMStateMachineApplyTransactionThread - 0] INFO  snapshot.OMSnapshotCreateRequest (OMSnapshotCreateRequest.java:validateAndUpdateCache(228)) - Created snapshot: 'snapshot-b-3-49889' with snapshotId: '092ba5ad-189e-4217-bc17-820d24028823' under path 'vol-b-67769/buc-b-13213'
2025-10-17 11:02:55,905 | INFO  | OMAudit | user=runner | ip=127.0.0.1 | op=CREATE_SNAPSHOT {"volume":"vol-b-67769","bucket":"buc-b-13213","snapshotName":"snapshot-b-3-49889","Transaction":"1197"} | ret=SUCCESS |  
2025-10-17 11:02:55,907 [om1-OMStateMachineApplyTransactionThread - 0] INFO  snapshot.OMSnapshotCreateRequest (OMSnapshotCreateRequest.java:validateAndUpdateCache(228)) - Created snapshot: 'snapshot-b-4-81811' with snapshotId: '9f3824d4-753a-481c-bde2-e6e9ad391794' under path 'vol-a-69739/buc-a-45378'
2025-10-17 11:02:55,907 | INFO  | OMAudit | user=runner | ip=127.0.0.1 | op=CREATE_SNAPSHOT {"volume":"vol-a-69739","bucket":"buc-a-45378","snapshotName":"snapshot-b-4-81811","Transaction":"1198"} | ret=SUCCESS |  
2025-10-17 11:02:55,908 [om1-OMStateMachineApplyTransactionThread - 0] INFO  snapshot.OMSnapshotCreateRequest (OMSnapshotCreateRequest.java:validateAndUpdateCache(228)) - Created snapshot: 'snapshot-b-4-95886' with snapshotId: '8cbe5ade-14af-4a31-9108-7fa363b043df' under path 'vol-a-69739/buc-b-13213'
2025-10-17 11:02:55,908 | INFO  | OMAudit | user=runner | ip=127.0.0.1 | op=CREATE_SNAPSHOT {"volume":"vol-a-69739","bucket":"buc-b-13213","snapshotName":"snapshot-b-4-95886","Transaction":"1199"} | ret=SUCCESS |  
2025-10-17 11:02:55,911 [om1-OMStateMachineApplyTransactionThread - 0] INFO  snapshot.OMSnapshotCreateRequest (OMSnapshotCreateRequest.java:validateAndUpdateCache(228)) - Created snapshot: 'snapshot-b-4-14769' with snapshotId: 'd0d90f7f-7fad-4521-8e9c-7213b47fce4b' under path 'vol-b-67769/buc-a-45378'
2025-10-17 11:02:55,911 | INFO  | OMAudit | user=runner | ip=127.0.0.1 | op=CREATE_SNAPSHOT {"volume":"vol-b-67769","bucket":"buc-a-45378","snapshotName":"snapshot-b-4-14769","Transaction":"1200"} | ret=SUCCESS |  
2025-10-17 11:02:55,913 [om1-OMStateMachineApplyTransactionThread - 0] INFO  snapshot.OMSnapshotCreateRequest (OMSnapshotCreateRequest.java:validateAndUpdateCache(228)) - Created snapshot: 'snapshot-b-4-98288' with snapshotId: '9f5e0624-f759-4c89-9044-f5e070abc5eb' under path 'vol-b-67769/buc-b-13213'
2025-10-17 11:02:55,913 | INFO  | OMAudit | user=runner | ip=127.0.0.1 | op=CREATE_SNAPSHOT {"volume":"vol-b-67769","bucket":"buc-b-13213","snapshotName":"snapshot-b-4-98288","Transaction":"1201"} | ret=SUCCESS |  
2025-10-17 11:02:55,915 [om1-OMStateMachineApplyTransactionThread - 0] INFO  snapshot.OMSnapshotCreateRequest (OMSnapshotCreateRequest.java:validateAndUpdateCache(228)) - Created snapshot: 'snapshot-b-5-02719' with snapshotId: '6d645419-ad84-4535-a244-62db26e214a1' under path 'vol-a-69739/buc-a-45378'
2025-10-17 11:02:55,915 | INFO  | OMAudit | user=runner | ip=127.0.0.1 | op=CREATE_SNAPSHOT {"volume":"vol-a-69739","bucket":"buc-a-45378","snapshotName":"snapshot-b-5-02719","Transaction":"1202"} | ret=SUCCESS |  
2025-10-17 11:02:55,916 [om1-OMStateMachineApplyTransactionThread - 0] INFO  snapshot.OMSnapshotCreateRequest (OMSnapshotCreateRequest.java:validateAndUpdateCache(228)) - Created snapshot: 'snapshot-b-5-78286' with snapshotId: '7decf507-773f-4b4d-a83c-991b6f30e9ce' under path 'vol-a-69739/buc-b-13213'
2025-10-17 11:02:55,916 | INFO  | OMAudit | user=runner | ip=127.0.0.1 | op=CREATE_SNAPSHOT {"volume":"vol-a-69739","bucket":"buc-b-13213","snapshotName":"snapshot-b-5-78286","Transaction":"1203"} | ret=SUCCESS |  
2025-10-17 11:02:55,918 [om1-OMStateMachineApplyTransactionThread - 0] INFO  snapshot.OMSnapshotCreateRequest (OMSnapshotCreateRequest.java:validateAndUpdateCache(228)) - Created snapshot: 'snapshot-b-5-70304' with snapshotId: 'd2c47388-b46d-4088-88c8-4a8a6b343616' under path 'vol-b-67769/buc-a-45378'
2025-10-17 11:02:55,918 | INFO  | OMAudit | user=runner | ip=127.0.0.1 | op=CREATE_SNAPSHOT {"volume":"vol-b-67769","bucket":"buc-a-45378","snapshotName":"snapshot-b-5-70304","Transaction":"1204"} | ret=SUCCESS |  
2025-10-17 11:02:55,920 [om1-OMStateMachineApplyTransactionThread - 0] INFO  snapshot.OMSnapshotCreateRequest (OMSnapshotCreateRequest.java:validateAndUpdateCache(228)) - Created snapshot: 'snapshot-b-5-43606' with snapshotId: 'ad054efa-4eb2-415b-a9ad-08c6b9a32660' under path 'vol-b-67769/buc-b-13213'
2025-10-17 11:02:55,920 | INFO  | OMAudit | user=runner | ip=127.0.0.1 | op=CREATE_SNAPSHOT {"volume":"vol-b-67769","bucket":"buc-b-13213","snapshotName":"snapshot-b-5-43606","Transaction":"1205"} | ret=SUCCESS |  
2025-10-17 11:02:55,923 [om1-OMStateMachineApplyTransactionThread - 0] INFO  snapshot.OMSnapshotCreateRequest (OMSnapshotCreateRequest.java:validateAndUpdateCache(228)) - Created snapshot: 'snapshot-b-6-06910' with snapshotId: '72ff54f6-e519-4b7a-8880-52997289b43a' under path 'vol-a-69739/buc-a-45378'
2025-10-17 11:02:55,923 | INFO  | OMAudit | user=runner | ip=127.0.0.1 | op=CREATE_SNAPSHOT {"volume":"vol-a-69739","bucket":"buc-a-45378","snapshotName":"snapshot-b-6-06910","Transaction":"1206"} | ret=SUCCESS |  
2025-10-17 11:02:55,924 [om1-OMDoubleBufferFlushThread] INFO  om.OmSnapshotManager (OmSnapshotManager.java:createOmSnapshotCheckpoint(545)) - Created checkpoint: /home/runner/work/ozone/ozone/hadoop-ozone/integration-test/target/test-dir/MiniOzoneClusterImpl-d1ffa5d3-3301-45c3-9f44-1ffa6967d237/om/data/db.snapshots/checkpointState/om.db-6ae6eae6-562b-4fb6-9e57-e51367cf1a6b for snapshot /vol-a-69739/buc-b-13213/snapshot-a-0-96105
2025-10-17 11:02:55,924 [om1-OMStateMachineApplyTransactionThread - 0] INFO  snapshot.OMSnapshotCreateRequest (OMSnapshotCreateRequest.java:validateAndUpdateCache(228)) - Created snapshot: 'snapshot-b-6-40902' with snapshotId: 'e46ba21c-8976-4421-a21f-7aebcb47e1f8' under path 'vol-a-69739/buc-b-13213'
2025-10-17 11:02:55,925 | INFO  | OMAudit | user=runner | ip=127.0.0.1 | op=CREATE_SNAPSHOT {"volume":"vol-a-69739","bucket":"buc-b-13213","snapshotName":"snapshot-b-6-40902","Transaction":"1207"} | ret=SUCCESS |  
2025-10-17 11:02:55,926 [om1-OMStateMachineApplyTransactionThread - 0] INFO  snapshot.OMSnapshotCreateRequest (OMSnapshotCreateRequest.java:validateAndUpdateCache(228)) - Created snapshot: 'snapshot-b-6-06807' with snapshotId: '9dcb0102-dc90-4038-aedb-921dea8c0614' under path 'vol-b-67769/buc-a-45378'
2025-10-17 11:02:55,926 | INFO  | OMAudit | user=runner | ip=127.0.0.1 | op=CREATE_SNAPSHOT {"volume":"vol-b-67769","bucket":"buc-a-45378","snapshotName":"snapshot-b-6-06807","Transaction":"1208"} | ret=SUCCESS |  
2025-10-17 11:02:55,928 [om1-OMStateMachineApplyTransactionThread - 0] INFO  snapshot.OMSnapshotCreateRequest (OMSnapshotCreateRequest.java:validateAndUpdateCache(228)) - Created snapshot: 'snapshot-b-6-08642' with snapshotId: '752587d8-6b15-45b9-9e77-46b9dfc11394' under path 'vol-b-67769/buc-b-13213'
2025-10-17 11:02:55,928 | INFO  | OMAudit | user=runner | ip=127.0.0.1 | op=CREATE_SNAPSHOT {"volume":"vol-b-67769","bucket":"buc-b-13213","snapshotName":"snapshot-b-6-08642","Transaction":"1209"} | ret=SUCCESS |  
2025-10-17 11:02:55,930 [om1-OMStateMachineApplyTransactionThread - 0] INFO  snapshot.OMSnapshotCreateRequest (OMSnapshotCreateRequest.java:validateAndUpdateCache(228)) - Created snapshot: 'snapshot-b-7-98516' with snapshotId: '7a3c50a0-4d62-4800-99c1-a87f63eb1820' under path 'vol-a-69739/buc-a-45378'
2025-10-17 11:02:55,930 | INFO  | OMAudit | user=runner | ip=127.0.0.1 | op=CREATE_SNAPSHOT {"volume":"vol-a-69739","bucket":"buc-a-45378","snapshotName":"snapshot-b-7-98516","Transaction":"1210"} | ret=SUCCESS |  
2025-10-17 11:02:55,932 [om1-OMStateMachineApplyTransactionThread - 0] INFO  snapshot.OMSnapshotCreateRequest (OMSnapshotCreateRequest.java:validateAndUpdateCache(228)) - Created snapshot: 'snapshot-b-7-62420' with snapshotId: 'c63c8554-492a-49f2-b7cd-a10ecc811c6a' under path 'vol-a-69739/buc-b-13213'
2025-10-17 11:02:55,932 | INFO  | OMAudit | user=runner | ip=127.0.0.1 | op=CREATE_SNAPSHOT {"volume":"vol-a-69739","bucket":"buc-b-13213","snapshotName":"snapshot-b-7-62420","Transaction":"1211"} | ret=SUCCESS |  
2025-10-17 11:02:55,933 [om1-OMStateMachineApplyTransactionThread - 0] INFO  snapshot.OMSnapshotCreateRequest (OMSnapshotCreateRequest.java:validateAndUpdateCache(228)) - Created snapshot: 'snapshot-b-7-33217' with snapshotId: 'b3e43d4a-6a4d-4399-afd9-fa64c2aa102c' under path 'vol-b-67769/buc-a-45378'
2025-10-17 11:02:55,933 | INFO  | OMAudit | user=runner | ip=127.0.0.1 | op=CREATE_SNAPSHOT {"volume":"vol-b-67769","bucket":"buc-a-45378","snapshotName":"snapshot-b-7-33217","Transaction":"1212"} | ret=SUCCESS |  
2025-10-17 11:02:55,935 [om1-OMStateMachineApplyTransactionThread - 0] INFO  snapshot.OMSnapshotCreateRequest (OMSnapshotCreateRequest.java:validateAndUpdateCache(228)) - Created snapshot: 'snapshot-b-7-97023' with snapshotId: 'e2943743-821e-44fc-8518-2330404ec407' under path 'vol-b-67769/buc-b-13213'
2025-10-17 11:02:55,935 | INFO  | OMAudit | user=runner | ip=127.0.0.1 | op=CREATE_SNAPSHOT {"volume":"vol-b-67769","bucket":"buc-b-13213","snapshotName":"snapshot-b-7-97023","Transaction":"1213"} | ret=SUCCESS |  
2025-10-17 11:02:55,937 [om1-OMStateMachineApplyTransactionThread - 0] INFO  snapshot.OMSnapshotCreateRequest (OMSnapshotCreateRequest.java:validateAndUpdateCache(228)) - Created snapshot: 'snapshot-b-8-50212' with snapshotId: 'c228cc24-d455-42da-bb39-b82a3beb7e59' under path 'vol-a-69739/buc-a-45378'
2025-10-17 11:02:55,938 | INFO  | OMAudit | user=runner | ip=127.0.0.1 | op=CREATE_SNAPSHOT {"volume":"vol-a-69739","bucket":"buc-a-45378","snapshotName":"snapshot-b-8-50212","Transaction":"1214"} | ret=SUCCESS |  
2025-10-17 11:02:55,939 [om1-OMStateMachineApplyTransactionThread - 0] INFO  snapshot.OMSnapshotCreateRequest (OMSnapshotCreateRequest.java:validateAndUpdateCache(228)) - Created snapshot: 'snapshot-b-8-68682' with snapshotId: '298685c5-17a6-46e8-b6c6-62543fcc0e0d' under path 'vol-a-69739/buc-b-13213'
2025-10-17 11:02:55,939 | INFO  | OMAudit | user=runner | ip=127.0.0.1 | op=CREATE_SNAPSHOT {"volume":"vol-a-69739","bucket":"buc-b-13213","snapshotName":"snapshot-b-8-68682","Transaction":"1215"} | ret=SUCCESS |  
2025-10-17 11:02:55,941 [om1-OMStateMachineApplyTransactionThread - 0] INFO  snapshot.OMSnapshotCreateRequest (OMSnapshotCreateRequest.java:validateAndUpdateCache(228)) - Created snapshot: 'snapshot-b-8-78346' with snapshotId: 'beeb90d4-a7d0-4ce2-835d-10fcc61b90cf' under path 'vol-b-67769/buc-a-45378'
2025-10-17 11:02:55,941 | INFO  | OMAudit | user=runner | ip=127.0.0.1 | op=CREATE_SNAPSHOT {"volume":"vol-b-67769","bucket":"buc-a-45378","snapshotName":"snapshot-b-8-78346","Transaction":"1216"} | ret=SUCCESS |  
2025-10-17 11:02:55,942 | INFO  | SCMAudit | user=runner | ip=127.0.0.1 | op=SEND_HEARTBEAT {"datanodeUUID":"3a11eef6-a527-493c-8ba3-ae39ecaefa56","term":"2","command":"[]"} | ret=SUCCESS |  
2025-10-17 11:02:55,943 [om1-OMStateMachineApplyTransactionThread - 0] INFO  snapshot.OMSnapshotCreateRequest (OMSnapshotCreateRequest.java:validateAndUpdateCache(228)) - Created snapshot: 'snapshot-b-8-68382' with snapshotId: '0f2e40c6-0093-47b8-a922-ac5e33ff5fe8' under path 'vol-b-67769/buc-b-13213'
2025-10-17 11:02:55,943 | INFO  | OMAudit | user=runner | ip=127.0.0.1 | op=CREATE_SNAPSHOT {"volume":"vol-b-67769","bucket":"buc-b-13213","snapshotName":"snapshot-b-8-68382","Transaction":"1217"} | ret=SUCCESS |  
2025-10-17 11:02:55,945 [om1-OMStateMachineApplyTransactionThread - 0] INFO  snapshot.OMSnapshotCreateRequest (OMSnapshotCreateRequest.java:validateAndUpdateCache(228)) - Created snapshot: 'snapshot-b-9-77977' with snapshotId: '289317b6-7353-44e5-8a86-6948a7e36ce4' under path 'vol-a-69739/buc-a-45378'
2025-10-17 11:02:55,945 | INFO  | OMAudit | user=runner | ip=127.0.0.1 | op=CREATE_SNAPSHOT {"volume":"vol-a-69739","bucket":"buc-a-45378","snapshotName":"snapshot-b-9-77977","Transaction":"1218"} | ret=SUCCESS |  
2025-10-17 11:02:55,947 [om1-OMStateMachineApplyTransactionThread - 0] INFO  snapshot.OMSnapshotCreateRequest (OMSnapshotCreateRequest.java:validateAndUpdateCache(228)) - Created snapshot: 'snapshot-b-9-80249' with snapshotId: 'aabb6a52-babf-438c-923e-2a0a5f35dbd3' under path 'vol-a-69739/buc-b-13213'
2025-10-17 11:02:55,947 | INFO  | OMAudit | user=runner | ip=127.0.0.1 | op=CREATE_SNAPSHOT {"volume":"vol-a-69739","bucket":"buc-b-13213","snapshotName":"snapshot-b-9-80249","Transaction":"1219"} | ret=SUCCESS |  
2025-10-17 11:02:55,949 [om1-OMStateMachineApplyTransactionThread - 0] INFO  snapshot.OMSnapshotCreateRequest (OMSnapshotCreateRequest.java:validateAndUpdateCache(228)) - Created snapshot: 'snapshot-b-9-49101' with snapshotId: 'e743b651-85f8-49cc-890d-6a3fb0fc90d3' under path 'vol-b-67769/buc-a-45378'
2025-10-17 11:02:55,950 | INFO  | OMAudit | user=runner | ip=127.0.0.1 | op=CREATE_SNAPSHOT {"volume":"vol-b-67769","bucket":"buc-a-45378","snapshotName":"snapshot-b-9-49101","Transaction":"1220"} | ret=SUCCESS |  
2025-10-17 11:02:55,952 [om1-OMStateMachineApplyTransactionThread - 0] INFO  snapshot.OMSnapshotCreateRequest (OMSnapshotCreateRequest.java:validateAndUpdateCache(228)) - Created snapshot: 'snapshot-b-9-69619' with snapshotId: 'a180e416-7b64-4036-b90b-fec903620099' under path 'vol-b-67769/buc-b-13213'
2025-10-17 11:02:55,952 | INFO  | OMAudit | user=runner | ip=127.0.0.1 | op=CREATE_SNAPSHOT {"volume":"vol-b-67769","bucket":"buc-b-13213","snapshotName":"snapshot-b-9-69619","Transaction":"1221"} | ret=SUCCESS |  
2025-10-17 11:02:55,960 [om1-OMDoubleBufferFlushThread] INFO  db.RDBCheckpointManager (RDBCheckpointManager.java:createCheckpoint(87)) - Created checkpoint in rocksDB at /home/runner/work/ozone/ozone/hadoop-ozone/integration-test/target/test-dir/MiniOzoneClusterImpl-d1ffa5d3-3301-45c3-9f44-1ffa6967d237/om/data/db.snapshots/checkpointState/om.db-2eb2df77-22f1-4d1c-82b8-bad40dbd9841 in 34 milliseconds
2025-10-17 11:02:55,961 | INFO  | OMAudit | user=runner | ip=127.0.0.1 | op=LIST_SNAPSHOT {"volume":"vol-a-69739","bucket":"buc-a-45378"} | ret=SUCCESS |  
2025-10-17 11:02:55,967 | INFO  | OMAudit | user=runner | ip=127.0.0.1 | op=LIST_SNAPSHOT {"volume":"vol-a-69739","bucket":"buc-b-13213"} | ret=SUCCESS |  
2025-10-17 11:02:55,970 | INFO  | OMAudit | user=runner | ip=127.0.0.1 | op=LIST_SNAPSHOT {"volume":"vol-b-67769","bucket":"buc-a-45378"} | ret=SUCCESS |  
2025-10-17 11:02:55,972 | INFO  | OMAudit | user=runner | ip=127.0.0.1 | op=LIST_SNAPSHOT {"volume":"vol-b-67769","bucket":"buc-b-13213"} | ret=SUCCESS |  
2025-10-17 11:02:55,975 | INFO  | OMAudit | user=runner | ip=127.0.0.1 | op=LIST_SNAPSHOT {"volume":"vol-a-69739","bucket":"buc-a-45378"} | ret=SUCCESS |  
]]></system-out>
  </testcase>
  <testcase name="testListVolume" classname="org.apache.hadoop.ozone.client.rpc.TestSecureOzoneRpcClient" time="0.063">
    <system-out><![CDATA[2025-10-17 11:02:55,978 [ForkJoinPool-1-worker-1] INFO  rpc.RpcClient (RpcClient.java:createVolume(461)) - Creating Volume: vol-list-a-0-05042, with runner as owner and space quota set to -1 bytes, counts quota set to -1
2025-10-17 11:02:55,983 [om1-OMStateMachineApplyTransactionThread - 0] INFO  volume.OMVolumeCreateRequest (OMVolumeCreateRequest.java:validateAndUpdateCache(213)) - created volume:vol-list-a-0-05042 for user:runner
2025-10-17 11:02:55,983 | INFO  | OMAudit | user=runner | ip=127.0.0.1 | op=CREATE_VOLUME {"admin":"runner","owner":"runner","volume":"vol-list-a-0-05042","creationTime":"1760698975978","modificationTime":"1760698975978","quotaInBytes":"-1","quotaInNamespace":"-1","usedNamespace":"0","objectID":"-9223372036854462976","updateID":"1222","Transaction":"1222"} | ret=SUCCESS |  
2025-10-17 11:02:55,984 [om1-OMDoubleBufferFlushThread] INFO  om.OmSnapshotManager (OmSnapshotManager.java:createOmSnapshotCheckpoint(545)) - Created checkpoint: /home/runner/work/ozone/ozone/hadoop-ozone/integration-test/target/test-dir/MiniOzoneClusterImpl-d1ffa5d3-3301-45c3-9f44-1ffa6967d237/om/data/db.snapshots/checkpointState/om.db-2eb2df77-22f1-4d1c-82b8-bad40dbd9841 for snapshot /vol-b-67769/buc-a-45378/snapshot-a-0-44779
2025-10-17 11:02:55,984 [ForkJoinPool-1-worker-1] INFO  rpc.RpcClient (RpcClient.java:createVolume(461)) - Creating Volume: vol-list-a-1-62875, with runner as owner and space quota set to -1 bytes, counts quota set to -1
2025-10-17 11:02:55,986 [om1-OMStateMachineApplyTransactionThread - 0] INFO  volume.OMVolumeCreateRequest (OMVolumeCreateRequest.java:validateAndUpdateCache(213)) - created volume:vol-list-a-1-62875 for user:runner
2025-10-17 11:02:55,986 | INFO  | OMAudit | user=runner | ip=127.0.0.1 | op=CREATE_VOLUME {"admin":"runner","owner":"runner","volume":"vol-list-a-1-62875","creationTime":"1760698975985","modificationTime":"1760698975985","quotaInBytes":"-1","quotaInNamespace":"-1","usedNamespace":"0","objectID":"-9223372036854462720","updateID":"1223","Transaction":"1223"} | ret=SUCCESS |  
2025-10-17 11:02:55,987 [ForkJoinPool-1-worker-1] INFO  rpc.RpcClient (RpcClient.java:createVolume(461)) - Creating Volume: vol-list-a-2-39449, with runner as owner and space quota set to -1 bytes, counts quota set to -1
2025-10-17 11:02:55,988 [om1-OMStateMachineApplyTransactionThread - 0] INFO  volume.OMVolumeCreateRequest (OMVolumeCreateRequest.java:validateAndUpdateCache(213)) - created volume:vol-list-a-2-39449 for user:runner
2025-10-17 11:02:55,989 | INFO  | OMAudit | user=runner | ip=127.0.0.1 | op=CREATE_VOLUME {"admin":"runner","owner":"runner","volume":"vol-list-a-2-39449","creationTime":"1760698975988","modificationTime":"1760698975988","quotaInBytes":"-1","quotaInNamespace":"-1","usedNamespace":"0","objectID":"-9223372036854462464","updateID":"1224","Transaction":"1224"} | ret=SUCCESS |  
2025-10-17 11:02:55,989 [ForkJoinPool-1-worker-1] INFO  rpc.RpcClient (RpcClient.java:createVolume(461)) - Creating Volume: vol-list-a-3-85787, with runner as owner and space quota set to -1 bytes, counts quota set to -1
2025-10-17 11:02:55,990 [om1-OMStateMachineApplyTransactionThread - 0] INFO  volume.OMVolumeCreateRequest (OMVolumeCreateRequest.java:validateAndUpdateCache(213)) - created volume:vol-list-a-3-85787 for user:runner
2025-10-17 11:02:55,990 | INFO  | OMAudit | user=runner | ip=127.0.0.1 | op=CREATE_VOLUME {"admin":"runner","owner":"runner","volume":"vol-list-a-3-85787","creationTime":"1760698975990","modificationTime":"1760698975990","quotaInBytes":"-1","quotaInNamespace":"-1","usedNamespace":"0","objectID":"-9223372036854462208","updateID":"1225","Transaction":"1225"} | ret=SUCCESS |  
2025-10-17 11:02:55,991 [ForkJoinPool-1-worker-1] INFO  rpc.RpcClient (RpcClient.java:createVolume(461)) - Creating Volume: vol-list-a-4-79278, with runner as owner and space quota set to -1 bytes, counts quota set to -1
2025-10-17 11:02:55,992 [om1-OMStateMachineApplyTransactionThread - 0] INFO  volume.OMVolumeCreateRequest (OMVolumeCreateRequest.java:validateAndUpdateCache(213)) - created volume:vol-list-a-4-79278 for user:runner
2025-10-17 11:02:55,992 | INFO  | OMAudit | user=runner | ip=127.0.0.1 | op=CREATE_VOLUME {"admin":"runner","owner":"runner","volume":"vol-list-a-4-79278","creationTime":"1760698975991","modificationTime":"1760698975991","quotaInBytes":"-1","quotaInNamespace":"-1","usedNamespace":"0","objectID":"-9223372036854461952","updateID":"1226","Transaction":"1226"} | ret=SUCCESS |  
2025-10-17 11:02:55,993 [ForkJoinPool-1-worker-1] INFO  rpc.RpcClient (RpcClient.java:createVolume(461)) - Creating Volume: vol-list-a-5-55986, with runner as owner and space quota set to -1 bytes, counts quota set to -1
2025-10-17 11:02:55,994 [om1-OMStateMachineApplyTransactionThread - 0] INFO  volume.OMVolumeCreateRequest (OMVolumeCreateRequest.java:validateAndUpdateCache(213)) - created volume:vol-list-a-5-55986 for user:runner
2025-10-17 11:02:55,994 | INFO  | OMAudit | user=runner | ip=127.0.0.1 | op=CREATE_VOLUME {"admin":"runner","owner":"runner","volume":"vol-list-a-5-55986","creationTime":"1760698975993","modificationTime":"1760698975993","quotaInBytes":"-1","quotaInNamespace":"-1","usedNamespace":"0","objectID":"-9223372036854461696","updateID":"1227","Transaction":"1227"} | ret=SUCCESS |  
2025-10-17 11:02:55,994 [ForkJoinPool-1-worker-1] INFO  rpc.RpcClient (RpcClient.java:createVolume(461)) - Creating Volume: vol-list-a-6-88746, with runner as owner and space quota set to -1 bytes, counts quota set to -1
2025-10-17 11:02:55,995 [om1-OMStateMachineApplyTransactionThread - 0] INFO  volume.OMVolumeCreateRequest (OMVolumeCreateRequest.java:validateAndUpdateCache(213)) - created volume:vol-list-a-6-88746 for user:runner
2025-10-17 11:02:55,995 | INFO  | OMAudit | user=runner | ip=127.0.0.1 | op=CREATE_VOLUME {"admin":"runner","owner":"runner","volume":"vol-list-a-6-88746","creationTime":"1760698975995","modificationTime":"1760698975995","quotaInBytes":"-1","quotaInNamespace":"-1","usedNamespace":"0","objectID":"-9223372036854461440","updateID":"1228","Transaction":"1228"} | ret=SUCCESS |  
2025-10-17 11:02:55,996 [ForkJoinPool-1-worker-1] INFO  rpc.RpcClient (RpcClient.java:createVolume(461)) - Creating Volume: vol-list-a-7-07178, with runner as owner and space quota set to -1 bytes, counts quota set to -1
2025-10-17 11:02:55,997 [om1-OMStateMachineApplyTransactionThread - 0] INFO  volume.OMVolumeCreateRequest (OMVolumeCreateRequest.java:validateAndUpdateCache(213)) - created volume:vol-list-a-7-07178 for user:runner
2025-10-17 11:02:55,997 | INFO  | OMAudit | user=runner | ip=127.0.0.1 | op=CREATE_VOLUME {"admin":"runner","owner":"runner","volume":"vol-list-a-7-07178","creationTime":"1760698975996","modificationTime":"1760698975996","quotaInBytes":"-1","quotaInNamespace":"-1","usedNamespace":"0","objectID":"-9223372036854461184","updateID":"1229","Transaction":"1229"} | ret=SUCCESS |  
2025-10-17 11:02:55,998 [ForkJoinPool-1-worker-1] INFO  rpc.RpcClient (RpcClient.java:createVolume(461)) - Creating Volume: vol-list-a-8-05231, with runner as owner and space quota set to -1 bytes, counts quota set to -1
2025-10-17 11:02:55,999 [om1-OMStateMachineApplyTransactionThread - 0] INFO  volume.OMVolumeCreateRequest (OMVolumeCreateRequest.java:validateAndUpdateCache(213)) - created volume:vol-list-a-8-05231 for user:runner
2025-10-17 11:02:55,999 | INFO  | OMAudit | user=runner | ip=127.0.0.1 | op=CREATE_VOLUME {"admin":"runner","owner":"runner","volume":"vol-list-a-8-05231","creationTime":"1760698975998","modificationTime":"1760698975998","quotaInBytes":"-1","quotaInNamespace":"-1","usedNamespace":"0","objectID":"-9223372036854460928","updateID":"1230","Transaction":"1230"} | ret=SUCCESS |  
2025-10-17 11:02:55,999 [ForkJoinPool-1-worker-1] INFO  rpc.RpcClient (RpcClient.java:createVolume(461)) - Creating Volume: vol-list-a-9-40663, with runner as owner and space quota set to -1 bytes, counts quota set to -1
2025-10-17 11:02:56,000 [om1-OMStateMachineApplyTransactionThread - 0] INFO  volume.OMVolumeCreateRequest (OMVolumeCreateRequest.java:validateAndUpdateCache(213)) - created volume:vol-list-a-9-40663 for user:runner
2025-10-17 11:02:56,000 | INFO  | OMAudit | user=runner | ip=127.0.0.1 | op=CREATE_VOLUME {"admin":"runner","owner":"runner","volume":"vol-list-a-9-40663","creationTime":"1760698976000","modificationTime":"1760698976000","quotaInBytes":"-1","quotaInNamespace":"-1","usedNamespace":"0","objectID":"-9223372036854460672","updateID":"1231","Transaction":"1231"} | ret=SUCCESS |  
2025-10-17 11:02:56,001 [ForkJoinPool-1-worker-1] INFO  rpc.RpcClient (RpcClient.java:createVolume(461)) - Creating Volume: vol-list-b-0-48085, with runner as owner and space quota set to -1 bytes, counts quota set to -1
2025-10-17 11:02:56,002 [om1-OMStateMachineApplyTransactionThread - 0] INFO  volume.OMVolumeCreateRequest (OMVolumeCreateRequest.java:validateAndUpdateCache(213)) - created volume:vol-list-b-0-48085 for user:runner
2025-10-17 11:02:56,002 | INFO  | OMAudit | user=runner | ip=127.0.0.1 | op=CREATE_VOLUME {"admin":"runner","owner":"runner","volume":"vol-list-b-0-48085","creationTime":"1760698976001","modificationTime":"1760698976001","quotaInBytes":"-1","quotaInNamespace":"-1","usedNamespace":"0","objectID":"-9223372036854460416","updateID":"1232","Transaction":"1232"} | ret=SUCCESS |  
2025-10-17 11:02:56,003 [ForkJoinPool-1-worker-1] INFO  rpc.RpcClient (RpcClient.java:createVolume(461)) - Creating Volume: vol-list-b-1-84280, with runner as owner and space quota set to -1 bytes, counts quota set to -1
2025-10-17 11:02:56,005 [om1-OMStateMachineApplyTransactionThread - 0] INFO  volume.OMVolumeCreateRequest (OMVolumeCreateRequest.java:validateAndUpdateCache(213)) - created volume:vol-list-b-1-84280 for user:runner
2025-10-17 11:02:56,005 | INFO  | OMAudit | user=runner | ip=127.0.0.1 | op=CREATE_VOLUME {"admin":"runner","owner":"runner","volume":"vol-list-b-1-84280","creationTime":"1760698976004","modificationTime":"1760698976004","quotaInBytes":"-1","quotaInNamespace":"-1","usedNamespace":"0","objectID":"-9223372036854460160","updateID":"1233","Transaction":"1233"} | ret=SUCCESS |  
2025-10-17 11:02:56,006 [ForkJoinPool-1-worker-1] INFO  rpc.RpcClient (RpcClient.java:createVolume(461)) - Creating Volume: vol-list-b-2-43344, with runner as owner and space quota set to -1 bytes, counts quota set to -1
2025-10-17 11:02:56,008 [om1-OMStateMachineApplyTransactionThread - 0] INFO  volume.OMVolumeCreateRequest (OMVolumeCreateRequest.java:validateAndUpdateCache(213)) - created volume:vol-list-b-2-43344 for user:runner
2025-10-17 11:02:56,008 | INFO  | OMAudit | user=runner | ip=127.0.0.1 | op=CREATE_VOLUME {"admin":"runner","owner":"runner","volume":"vol-list-b-2-43344","creationTime":"1760698976007","modificationTime":"1760698976007","quotaInBytes":"-1","quotaInNamespace":"-1","usedNamespace":"0","objectID":"-9223372036854459904","updateID":"1234","Transaction":"1234"} | ret=SUCCESS |  
2025-10-17 11:02:56,009 [ForkJoinPool-1-worker-1] INFO  rpc.RpcClient (RpcClient.java:createVolume(461)) - Creating Volume: vol-list-b-3-42151, with runner as owner and space quota set to -1 bytes, counts quota set to -1
2025-10-17 11:02:56,011 [om1-OMStateMachineApplyTransactionThread - 0] INFO  volume.OMVolumeCreateRequest (OMVolumeCreateRequest.java:validateAndUpdateCache(213)) - created volume:vol-list-b-3-42151 for user:runner
2025-10-17 11:02:56,012 | INFO  | OMAudit | user=runner | ip=127.0.0.1 | op=CREATE_VOLUME {"admin":"runner","owner":"runner","volume":"vol-list-b-3-42151","creationTime":"1760698976011","modificationTime":"1760698976011","quotaInBytes":"-1","quotaInNamespace":"-1","usedNamespace":"0","objectID":"-9223372036854459648","updateID":"1235","Transaction":"1235"} | ret=SUCCESS |  
2025-10-17 11:02:56,012 [ForkJoinPool-1-worker-1] INFO  rpc.RpcClient (RpcClient.java:createVolume(461)) - Creating Volume: vol-list-b-4-64191, with runner as owner and space quota set to -1 bytes, counts quota set to -1
2025-10-17 11:02:56,014 [om1-OMStateMachineApplyTransactionThread - 0] INFO  volume.OMVolumeCreateRequest (OMVolumeCreateRequest.java:validateAndUpdateCache(213)) - created volume:vol-list-b-4-64191 for user:runner
2025-10-17 11:02:56,014 | INFO  | OMAudit | user=runner | ip=127.0.0.1 | op=CREATE_VOLUME {"admin":"runner","owner":"runner","volume":"vol-list-b-4-64191","creationTime":"1760698976013","modificationTime":"1760698976013","quotaInBytes":"-1","quotaInNamespace":"-1","usedNamespace":"0","objectID":"-9223372036854459392","updateID":"1236","Transaction":"1236"} | ret=SUCCESS |  
2025-10-17 11:02:56,015 [ForkJoinPool-1-worker-1] INFO  rpc.RpcClient (RpcClient.java:createVolume(461)) - Creating Volume: vol-list-b-5-40494, with runner as owner and space quota set to -1 bytes, counts quota set to -1
2025-10-17 11:02:56,016 [om1-OMStateMachineApplyTransactionThread - 0] INFO  volume.OMVolumeCreateRequest (OMVolumeCreateRequest.java:validateAndUpdateCache(213)) - created volume:vol-list-b-5-40494 for user:runner
2025-10-17 11:02:56,016 | INFO  | OMAudit | user=runner | ip=127.0.0.1 | op=CREATE_VOLUME {"admin":"runner","owner":"runner","volume":"vol-list-b-5-40494","creationTime":"1760698976015","modificationTime":"1760698976015","quotaInBytes":"-1","quotaInNamespace":"-1","usedNamespace":"0","objectID":"-9223372036854459136","updateID":"1237","Transaction":"1237"} | ret=SUCCESS |  
2025-10-17 11:02:56,017 [ForkJoinPool-1-worker-1] INFO  rpc.RpcClient (RpcClient.java:createVolume(461)) - Creating Volume: vol-list-b-6-69215, with runner as owner and space quota set to -1 bytes, counts quota set to -1
2025-10-17 11:02:56,017 [om1-OMDoubleBufferFlushThread] INFO  db.RDBCheckpointManager (RDBCheckpointManager.java:createCheckpoint(87)) - Created checkpoint in rocksDB at /home/runner/work/ozone/ozone/hadoop-ozone/integration-test/target/test-dir/MiniOzoneClusterImpl-d1ffa5d3-3301-45c3-9f44-1ffa6967d237/om/data/db.snapshots/checkpointState/om.db-e357c6bf-d08b-4b72-9031-4a91dbe9458d in 31 milliseconds
2025-10-17 11:02:56,018 [om1-OMStateMachineApplyTransactionThread - 0] INFO  volume.OMVolumeCreateRequest (OMVolumeCreateRequest.java:validateAndUpdateCache(213)) - created volume:vol-list-b-6-69215 for user:runner
2025-10-17 11:02:56,018 | INFO  | OMAudit | user=runner | ip=127.0.0.1 | op=CREATE_VOLUME {"admin":"runner","owner":"runner","volume":"vol-list-b-6-69215","creationTime":"1760698976017","modificationTime":"1760698976017","quotaInBytes":"-1","quotaInNamespace":"-1","usedNamespace":"0","objectID":"-9223372036854458880","updateID":"1238","Transaction":"1238"} | ret=SUCCESS |  
2025-10-17 11:02:56,018 [ForkJoinPool-1-worker-1] INFO  rpc.RpcClient (RpcClient.java:createVolume(461)) - Creating Volume: vol-list-b-7-16497, with runner as owner and space quota set to -1 bytes, counts quota set to -1
2025-10-17 11:02:56,020 [om1-OMStateMachineApplyTransactionThread - 0] INFO  volume.OMVolumeCreateRequest (OMVolumeCreateRequest.java:validateAndUpdateCache(213)) - created volume:vol-list-b-7-16497 for user:runner
2025-10-17 11:02:56,020 | INFO  | OMAudit | user=runner | ip=127.0.0.1 | op=CREATE_VOLUME {"admin":"runner","owner":"runner","volume":"vol-list-b-7-16497","creationTime":"1760698976019","modificationTime":"1760698976019","quotaInBytes":"-1","quotaInNamespace":"-1","usedNamespace":"0","objectID":"-9223372036854458624","updateID":"1239","Transaction":"1239"} | ret=SUCCESS |  
2025-10-17 11:02:56,020 [ForkJoinPool-1-worker-1] INFO  rpc.RpcClient (RpcClient.java:createVolume(461)) - Creating Volume: vol-list-b-8-79400, with runner as owner and space quota set to -1 bytes, counts quota set to -1
2025-10-17 11:02:56,022 [om1-OMStateMachineApplyTransactionThread - 0] INFO  volume.OMVolumeCreateRequest (OMVolumeCreateRequest.java:validateAndUpdateCache(213)) - created volume:vol-list-b-8-79400 for user:runner
2025-10-17 11:02:56,022 | INFO  | OMAudit | user=runner | ip=127.0.0.1 | op=CREATE_VOLUME {"admin":"runner","owner":"runner","volume":"vol-list-b-8-79400","creationTime":"1760698976021","modificationTime":"1760698976021","quotaInBytes":"-1","quotaInNamespace":"-1","usedNamespace":"0","objectID":"-9223372036854458368","updateID":"1240","Transaction":"1240"} | ret=SUCCESS |  
2025-10-17 11:02:56,023 [ForkJoinPool-1-worker-1] INFO  rpc.RpcClient (RpcClient.java:createVolume(461)) - Creating Volume: vol-list-b-9-49456, with runner as owner and space quota set to -1 bytes, counts quota set to -1
2025-10-17 11:02:56,024 [om1-OMStateMachineApplyTransactionThread - 0] INFO  volume.OMVolumeCreateRequest (OMVolumeCreateRequest.java:validateAndUpdateCache(213)) - created volume:vol-list-b-9-49456 for user:runner
2025-10-17 11:02:56,024 | INFO  | OMAudit | user=runner | ip=127.0.0.1 | op=CREATE_VOLUME {"admin":"runner","owner":"runner","volume":"vol-list-b-9-49456","creationTime":"1760698976023","modificationTime":"1760698976023","quotaInBytes":"-1","quotaInNamespace":"-1","usedNamespace":"0","objectID":"-9223372036854458112","updateID":"1241","Transaction":"1241"} | ret=SUCCESS |  
2025-10-17 11:02:56,028 | INFO  | OMAudit | user=runner | ip=127.0.0.1 | op=LIST_VOLUMES {"prevKey":"","prefix":"vol-list-","maxKeys":"1000","username":null} | ret=SUCCESS |  
2025-10-17 11:02:56,030 | INFO  | OMAudit | user=runner | ip=127.0.0.1 | op=LIST_VOLUMES {"prevKey":"vol-list-b-9-49456","prefix":"vol-list-","maxKeys":"1000","username":null} | ret=SUCCESS |  
2025-10-17 11:02:56,031 | INFO  | OMAudit | user=runner | ip=127.0.0.1 | op=LIST_VOLUMES {"prevKey":"","prefix":"vol-list-a-","maxKeys":"1000","username":null} | ret=SUCCESS |  
2025-10-17 11:02:56,032 | INFO  | OMAudit | user=runner | ip=127.0.0.1 | op=LIST_VOLUMES {"prevKey":"vol-list-a-9-40663","prefix":"vol-list-a-","maxKeys":"1000","username":null} | ret=SUCCESS |  
2025-10-17 11:02:56,032 | INFO  | OMAudit | user=runner | ip=127.0.0.1 | op=LIST_VOLUMES {"prevKey":"","prefix":"vol-list-b-","maxKeys":"1000","username":null} | ret=SUCCESS |  
2025-10-17 11:02:56,036 | INFO  | OMAudit | user=runner | ip=127.0.0.1 | op=LIST_VOLUMES {"prevKey":"vol-list-b-9-49456","prefix":"vol-list-b-","maxKeys":"1000","username":null} | ret=SUCCESS |  
2025-10-17 11:02:56,037 | INFO  | SCMAudit | user=runner | ip=127.0.0.1 | op=SEND_HEARTBEAT {"datanodeUUID":"309ab1ff-9f5a-4058-8b2f-94d451ce5267","term":"2","command":"[]"} | ret=SUCCESS |  
2025-10-17 11:02:56,037 [om1-OMDoubleBufferFlushThread] INFO  om.OmSnapshotManager (OmSnapshotManager.java:createOmSnapshotCheckpoint(545)) - Created checkpoint: /home/runner/work/ozone/ozone/hadoop-ozone/integration-test/target/test-dir/MiniOzoneClusterImpl-d1ffa5d3-3301-45c3-9f44-1ffa6967d237/om/data/db.snapshots/checkpointState/om.db-e357c6bf-d08b-4b72-9031-4a91dbe9458d for snapshot /vol-b-67769/buc-b-13213/snapshot-a-0-64838
2025-10-17 11:02:56,038 | INFO  | OMAudit | user=runner | ip=127.0.0.1 | op=LIST_VOLUMES {"prevKey":"","prefix":"vol-list-a-1-","maxKeys":"1000","username":null} | ret=SUCCESS |  
2025-10-17 11:02:56,039 | INFO  | OMAudit | user=runner | ip=127.0.0.1 | op=LIST_VOLUMES {"prevKey":"vol-list-a-1-62875","prefix":"vol-list-a-1-","maxKeys":"1000","username":null} | ret=SUCCESS |  
]]></system-out>
  </testcase>
  <testcase name="testMissingParentBucketUsedNamespace(BucketLayout)[1]" classname="org.apache.hadoop.ozone.client.rpc.TestSecureOzoneRpcClient" time="0.02">
    <system-out><![CDATA[2025-10-17 11:02:56,043 [ForkJoinPool-1-worker-1] INFO  rpc.RpcClient (RpcClient.java:createVolume(461)) - Creating Volume: 4e9d499c-9e2b-4911-99e6-3abb9575052b, with runner as owner and space quota set to -1 bytes, counts quota set to -1
2025-10-17 11:02:56,045 [om1-OMStateMachineApplyTransactionThread - 0] INFO  volume.OMVolumeCreateRequest (OMVolumeCreateRequest.java:validateAndUpdateCache(213)) - created volume:4e9d499c-9e2b-4911-99e6-3abb9575052b for user:runner
2025-10-17 11:02:56,045 | INFO  | OMAudit | user=runner | ip=127.0.0.1 | op=CREATE_VOLUME {"admin":"runner","owner":"runner","volume":"4e9d499c-9e2b-4911-99e6-3abb9575052b","creationTime":"1760698976044","modificationTime":"1760698976044","quotaInBytes":"-1","quotaInNamespace":"-1","usedNamespace":"0","objectID":"-9223372036854457856","updateID":"1242","Transaction":"1242"} | ret=SUCCESS |  
2025-10-17 11:02:56,046 | INFO  | OMAudit | user=runner | ip=127.0.0.1 | op=READ_VOLUME {"volume":"4e9d499c-9e2b-4911-99e6-3abb9575052b"} | ret=SUCCESS |  
2025-10-17 11:02:56,046 [ForkJoinPool-1-worker-1] INFO  rpc.RpcClient (RpcClient.java:createBucket(686)) - Creating Bucket: 4e9d499c-9e2b-4911-99e6-3abb9575052b/50acb3f1-ab8a-40f7-bcc0-20a00b2e9571, with bucket layout OBJECT_STORE, runner as owner, Versioning false, Storage Type set to DISK and Encryption set to false, Replication Type set to server-side default replication type, Namespace Quota set to -1, Space Quota set to -1 
2025-10-17 11:02:56,047 [om1-OMStateMachineApplyTransactionThread - 0] INFO  bucket.OMBucketCreateRequest (OMBucketCreateRequest.java:validateAndUpdateCache(303)) - created bucket: 50acb3f1-ab8a-40f7-bcc0-20a00b2e9571 of layout OBJECT_STORE in volume: 4e9d499c-9e2b-4911-99e6-3abb9575052b
2025-10-17 11:02:56,047 | INFO  | OMAudit | user=runner | ip=127.0.0.1 | op=CREATE_BUCKET {"volume":"4e9d499c-9e2b-4911-99e6-3abb9575052b","bucket":"50acb3f1-ab8a-40f7-bcc0-20a00b2e9571","bucketLayout":"OBJECT_STORE","gdprEnabled":null,"acls":"[user:runner:a[ACCESS], group:runner:rl[ACCESS]]","isVersionEnabled":"false","storageType":"DISK","creationTime":"1760698976047","bucketEncryptionKey":null,"modificationTime":"1760698976047","usedBytes":"0","usedNamespace":"0","snapshotUsedBytes":"0","snapshotUsedNamespace":"0","owner":"runner","replicationType":null,"replicationConfig":null,"quotaInBytes":"-1","quotaInNamespace":"-1","Transaction":"1243"} | ret=SUCCESS |  
2025-10-17 11:02:56,048 | INFO  | OMAudit | user=runner | ip=127.0.0.1 | op=READ_BUCKET {"volume":"4e9d499c-9e2b-4911-99e6-3abb9575052b","bucket":"50acb3f1-ab8a-40f7-bcc0-20a00b2e9571"} | ret=SUCCESS |  
2025-10-17 11:02:56,049 | INFO  | OMAudit | user=runner | ip=127.0.0.1 | op=READ_BUCKET {"volume":"4e9d499c-9e2b-4911-99e6-3abb9575052b","bucket":"50acb3f1-ab8a-40f7-bcc0-20a00b2e9571"} | ret=SUCCESS |  
2025-10-17 11:02:56,050 | INFO  | SCMAudit | user=runner | ip=127.0.0.1 | op=ALLOCATE_BLOCK {"replication":"RATIS/ONE","owner":"omServiceIdDefault","size":"4194304","sampleBlocks":"[conID: 3 locID: 115816896921600328]","num":"1","client":"","allocated":"1"} | ret=SUCCESS |  
2025-10-17 11:02:56,053 | INFO  | OMAudit | user=runner | ip=127.0.0.1 | op=ALLOCATE_KEY {"volume":"4e9d499c-9e2b-4911-99e6-3abb9575052b","bucket":"50acb3f1-ab8a-40f7-bcc0-20a00b2e9571","key":"dir1/dir2/dir3/file1","dataSize":"12","replicationType":"RATIS","replicationFactor":"ONE","Transaction":"1244"} | ret=SUCCESS |  
2025-10-17 11:02:56,060 | INFO  | OMAudit | user=runner | ip=127.0.0.1 | op=COMMIT_KEY {"volume":"4e9d499c-9e2b-4911-99e6-3abb9575052b","bucket":"50acb3f1-ab8a-40f7-bcc0-20a00b2e9571","key":"dir1/dir2/dir3/file1","dataSize":"12","replicationType":"RATIS","replicationFactor":"ONE","Transaction":"1245"} | ret=SUCCESS |  
2025-10-17 11:02:56,061 | INFO  | OMAudit | user=runner | ip=127.0.0.1 | op=READ_VOLUME {"volume":"4e9d499c-9e2b-4911-99e6-3abb9575052b"} | ret=SUCCESS |  
2025-10-17 11:02:56,061 | INFO  | OMAudit | user=runner | ip=127.0.0.1 | op=READ_BUCKET {"volume":"4e9d499c-9e2b-4911-99e6-3abb9575052b","bucket":"50acb3f1-ab8a-40f7-bcc0-20a00b2e9571"} | ret=SUCCESS |  
]]></system-out>
  </testcase>
  <testcase name="testMissingParentBucketUsedNamespace(BucketLayout)[2]" classname="org.apache.hadoop.ozone.client.rpc.TestSecureOzoneRpcClient" time="0.016">
    <system-out><![CDATA[2025-10-17 11:02:56,063 [ForkJoinPool-1-worker-1] INFO  rpc.RpcClient (RpcClient.java:createVolume(461)) - Creating Volume: 1b99dd6d-2393-45f0-9752-268cf26d87a3, with runner as owner and space quota set to -1 bytes, counts quota set to -1
2025-10-17 11:02:56,065 [om1-OMStateMachineApplyTransactionThread - 0] INFO  volume.OMVolumeCreateRequest (OMVolumeCreateRequest.java:validateAndUpdateCache(213)) - created volume:1b99dd6d-2393-45f0-9752-268cf26d87a3 for user:runner
2025-10-17 11:02:56,065 | INFO  | OMAudit | user=runner | ip=127.0.0.1 | op=CREATE_VOLUME {"admin":"runner","owner":"runner","volume":"1b99dd6d-2393-45f0-9752-268cf26d87a3","creationTime":"1760698976064","modificationTime":"1760698976064","quotaInBytes":"-1","quotaInNamespace":"-1","usedNamespace":"0","objectID":"-9223372036854456832","updateID":"1246","Transaction":"1246"} | ret=SUCCESS |  
2025-10-17 11:02:56,065 [om1-OMDoubleBufferFlushThread] INFO  db.RDBCheckpointManager (RDBCheckpointManager.java:createCheckpoint(87)) - Created checkpoint in rocksDB at /home/runner/work/ozone/ozone/hadoop-ozone/integration-test/target/test-dir/MiniOzoneClusterImpl-d1ffa5d3-3301-45c3-9f44-1ffa6967d237/om/data/db.snapshots/checkpointState/om.db-19e6566c-1fa8-42ae-8cf8-769b213545c7 in 26 milliseconds
2025-10-17 11:02:56,065 | INFO  | OMAudit | user=runner | ip=127.0.0.1 | op=READ_VOLUME {"volume":"1b99dd6d-2393-45f0-9752-268cf26d87a3"} | ret=SUCCESS |  
2025-10-17 11:02:56,066 [ForkJoinPool-1-worker-1] INFO  rpc.RpcClient (RpcClient.java:createBucket(686)) - Creating Bucket: 1b99dd6d-2393-45f0-9752-268cf26d87a3/a0883096-cd01-43ec-85c2-b38c3093e7d6, with bucket layout LEGACY, runner as owner, Versioning false, Storage Type set to DISK and Encryption set to false, Replication Type set to server-side default replication type, Namespace Quota set to -1, Space Quota set to -1 
2025-10-17 11:02:56,067 [om1-OMStateMachineApplyTransactionThread - 0] INFO  bucket.OMBucketCreateRequest (OMBucketCreateRequest.java:validateAndUpdateCache(303)) - created bucket: a0883096-cd01-43ec-85c2-b38c3093e7d6 of layout LEGACY in volume: 1b99dd6d-2393-45f0-9752-268cf26d87a3
2025-10-17 11:02:56,067 | INFO  | OMAudit | user=runner | ip=127.0.0.1 | op=CREATE_BUCKET {"volume":"1b99dd6d-2393-45f0-9752-268cf26d87a3","bucket":"a0883096-cd01-43ec-85c2-b38c3093e7d6","bucketLayout":"LEGACY","gdprEnabled":null,"acls":"[user:runner:a[ACCESS], group:runner:rl[ACCESS]]","isVersionEnabled":"false","storageType":"DISK","creationTime":"1760698976066","bucketEncryptionKey":null,"modificationTime":"1760698976066","usedBytes":"0","usedNamespace":"0","snapshotUsedBytes":"0","snapshotUsedNamespace":"0","owner":"runner","replicationType":null,"replicationConfig":null,"quotaInBytes":"-1","quotaInNamespace":"-1","Transaction":"1247"} | ret=SUCCESS |  
2025-10-17 11:02:56,068 | INFO  | OMAudit | user=runner | ip=127.0.0.1 | op=READ_BUCKET {"volume":"1b99dd6d-2393-45f0-9752-268cf26d87a3","bucket":"a0883096-cd01-43ec-85c2-b38c3093e7d6"} | ret=SUCCESS |  
2025-10-17 11:02:56,069 | INFO  | OMAudit | user=runner | ip=127.0.0.1 | op=READ_BUCKET {"volume":"1b99dd6d-2393-45f0-9752-268cf26d87a3","bucket":"a0883096-cd01-43ec-85c2-b38c3093e7d6"} | ret=SUCCESS |  
2025-10-17 11:02:56,069 | INFO  | SCMAudit | user=runner | ip=127.0.0.1 | op=ALLOCATE_BLOCK {"replication":"RATIS/ONE","owner":"omServiceIdDefault","size":"4194304","sampleBlocks":"[conID: 12 locID: 115816896921600329]","num":"1","client":"","allocated":"1"} | ret=SUCCESS |  
2025-10-17 11:02:56,072 | INFO  | OMAudit | user=runner | ip=127.0.0.1 | op=ALLOCATE_KEY {"volume":"1b99dd6d-2393-45f0-9752-268cf26d87a3","bucket":"a0883096-cd01-43ec-85c2-b38c3093e7d6","key":"dir1/dir2/dir3/file1","dataSize":"12","replicationType":"RATIS","replicationFactor":"ONE","Transaction":"1248"} | ret=SUCCESS |  
2025-10-17 11:02:56,076 | INFO  | OMAudit | user=runner | ip=127.0.0.1 | op=COMMIT_KEY {"volume":"1b99dd6d-2393-45f0-9752-268cf26d87a3","bucket":"a0883096-cd01-43ec-85c2-b38c3093e7d6","key":"dir1/dir2/dir3/file1","dataSize":"12","replicationType":"RATIS","replicationFactor":"ONE","Transaction":"1249"} | ret=SUCCESS |  
2025-10-17 11:02:56,077 | INFO  | OMAudit | user=runner | ip=127.0.0.1 | op=READ_VOLUME {"volume":"1b99dd6d-2393-45f0-9752-268cf26d87a3"} | ret=SUCCESS |  
2025-10-17 11:02:56,078 | INFO  | OMAudit | user=runner | ip=127.0.0.1 | op=READ_BUCKET {"volume":"1b99dd6d-2393-45f0-9752-268cf26d87a3","bucket":"a0883096-cd01-43ec-85c2-b38c3093e7d6"} | ret=SUCCESS |  
]]></system-out>
  </testcase>
  <testcase name="testMissingParentBucketUsedNamespace(BucketLayout)[3]" classname="org.apache.hadoop.ozone.client.rpc.TestSecureOzoneRpcClient" time="0.016">
    <system-out><![CDATA[2025-10-17 11:02:56,080 [ForkJoinPool-1-worker-1] INFO  rpc.RpcClient (RpcClient.java:createVolume(461)) - Creating Volume: b61737cb-cefa-4305-accc-7c5d0fe3c513, with runner as owner and space quota set to -1 bytes, counts quota set to -1
2025-10-17 11:02:56,080 [om1-OMDoubleBufferFlushThread] INFO  om.OmSnapshotManager (OmSnapshotManager.java:createOmSnapshotCheckpoint(545)) - Created checkpoint: /home/runner/work/ozone/ozone/hadoop-ozone/integration-test/target/test-dir/MiniOzoneClusterImpl-d1ffa5d3-3301-45c3-9f44-1ffa6967d237/om/data/db.snapshots/checkpointState/om.db-19e6566c-1fa8-42ae-8cf8-769b213545c7 for snapshot /vol-a-69739/buc-a-45378/snapshot-a-1-68542
2025-10-17 11:02:56,081 [om1-OMStateMachineApplyTransactionThread - 0] INFO  volume.OMVolumeCreateRequest (OMVolumeCreateRequest.java:validateAndUpdateCache(213)) - created volume:b61737cb-cefa-4305-accc-7c5d0fe3c513 for user:runner
2025-10-17 11:02:56,081 | INFO  | OMAudit | user=runner | ip=127.0.0.1 | op=CREATE_VOLUME {"admin":"runner","owner":"runner","volume":"b61737cb-cefa-4305-accc-7c5d0fe3c513","creationTime":"1760698976080","modificationTime":"1760698976080","quotaInBytes":"-1","quotaInNamespace":"-1","usedNamespace":"0","objectID":"-9223372036854455808","updateID":"1250","Transaction":"1250"} | ret=SUCCESS |  
2025-10-17 11:02:56,082 | INFO  | OMAudit | user=runner | ip=127.0.0.1 | op=READ_VOLUME {"volume":"b61737cb-cefa-4305-accc-7c5d0fe3c513"} | ret=SUCCESS |  
2025-10-17 11:02:56,082 [ForkJoinPool-1-worker-1] INFO  rpc.RpcClient (RpcClient.java:createBucket(686)) - Creating Bucket: b61737cb-cefa-4305-accc-7c5d0fe3c513/dfe507d1-08a1-4ede-b2a8-987ac542dadc, with bucket layout FILE_SYSTEM_OPTIMIZED, runner as owner, Versioning false, Storage Type set to DISK and Encryption set to false, Replication Type set to server-side default replication type, Namespace Quota set to -1, Space Quota set to -1 
2025-10-17 11:02:56,083 [om1-OMStateMachineApplyTransactionThread - 0] INFO  bucket.OMBucketCreateRequest (OMBucketCreateRequest.java:validateAndUpdateCache(303)) - created bucket: dfe507d1-08a1-4ede-b2a8-987ac542dadc of layout FILE_SYSTEM_OPTIMIZED in volume: b61737cb-cefa-4305-accc-7c5d0fe3c513
2025-10-17 11:02:56,083 | INFO  | OMAudit | user=runner | ip=127.0.0.1 | op=CREATE_BUCKET {"volume":"b61737cb-cefa-4305-accc-7c5d0fe3c513","bucket":"dfe507d1-08a1-4ede-b2a8-987ac542dadc","bucketLayout":"FILE_SYSTEM_OPTIMIZED","gdprEnabled":null,"acls":"[user:runner:a[ACCESS], group:runner:rl[ACCESS]]","isVersionEnabled":"false","storageType":"DISK","creationTime":"1760698976083","bucketEncryptionKey":null,"modificationTime":"1760698976083","usedBytes":"0","usedNamespace":"0","snapshotUsedBytes":"0","snapshotUsedNamespace":"0","owner":"runner","replicationType":null,"replicationConfig":null,"quotaInBytes":"-1","quotaInNamespace":"-1","Transaction":"1251"} | ret=SUCCESS |  
2025-10-17 11:02:56,084 | INFO  | OMAudit | user=runner | ip=127.0.0.1 | op=READ_BUCKET {"volume":"b61737cb-cefa-4305-accc-7c5d0fe3c513","bucket":"dfe507d1-08a1-4ede-b2a8-987ac542dadc"} | ret=SUCCESS |  
2025-10-17 11:02:56,085 | INFO  | OMAudit | user=runner | ip=127.0.0.1 | op=READ_BUCKET {"volume":"b61737cb-cefa-4305-accc-7c5d0fe3c513","bucket":"dfe507d1-08a1-4ede-b2a8-987ac542dadc"} | ret=SUCCESS |  
2025-10-17 11:02:56,086 | INFO  | SCMAudit | user=runner | ip=127.0.0.1 | op=ALLOCATE_BLOCK {"replication":"RATIS/ONE","owner":"omServiceIdDefault","size":"4194304","sampleBlocks":"[conID: 1 locID: 115816896921600330]","num":"1","client":"","allocated":"1"} | ret=SUCCESS |  
2025-10-17 11:02:56,088 | INFO  | OMAudit | user=runner | ip=127.0.0.1 | op=ALLOCATE_KEY {"volume":"b61737cb-cefa-4305-accc-7c5d0fe3c513","bucket":"dfe507d1-08a1-4ede-b2a8-987ac542dadc","key":"dir1/dir2/dir3/file1","dataSize":"12","replicationType":"RATIS","replicationFactor":"ONE","Transaction":"1252"} | ret=SUCCESS |  
2025-10-17 11:02:56,093 | INFO  | OMAudit | user=runner | ip=127.0.0.1 | op=COMMIT_KEY {"volume":"b61737cb-cefa-4305-accc-7c5d0fe3c513","bucket":"dfe507d1-08a1-4ede-b2a8-987ac542dadc","key":"dir1/dir2/dir3/file1","dataSize":"12","replicationType":"RATIS","replicationFactor":"ONE","Transaction":"1253"} | ret=SUCCESS |  
2025-10-17 11:02:56,094 | INFO  | OMAudit | user=runner | ip=127.0.0.1 | op=READ_VOLUME {"volume":"b61737cb-cefa-4305-accc-7c5d0fe3c513"} | ret=SUCCESS |  
2025-10-17 11:02:56,095 | INFO  | OMAudit | user=runner | ip=127.0.0.1 | op=READ_BUCKET {"volume":"b61737cb-cefa-4305-accc-7c5d0fe3c513","bucket":"dfe507d1-08a1-4ede-b2a8-987ac542dadc"} | ret=SUCCESS |  
]]></system-out>
  </testcase>
  <testcase name="testMultiPartUploadWithStream(ReplicationConfig)[1]" classname="org.apache.hadoop.ozone.client.rpc.TestSecureOzoneRpcClient" time="0.155">
    <system-out><![CDATA[2025-10-17 11:02:56,099 [ForkJoinPool-1-worker-1] INFO  rpc.RpcClient (RpcClient.java:createVolume(461)) - Creating Volume: f9fbee16-2c66-46ef-b1c7-4b5f9e37d52c, with runner as owner and space quota set to -1 bytes, counts quota set to -1
2025-10-17 11:02:56,101 [om1-OMStateMachineApplyTransactionThread - 0] INFO  volume.OMVolumeCreateRequest (OMVolumeCreateRequest.java:validateAndUpdateCache(213)) - created volume:f9fbee16-2c66-46ef-b1c7-4b5f9e37d52c for user:runner
2025-10-17 11:02:56,101 | INFO  | OMAudit | user=runner | ip=127.0.0.1 | op=CREATE_VOLUME {"admin":"runner","owner":"runner","volume":"f9fbee16-2c66-46ef-b1c7-4b5f9e37d52c","creationTime":"1760698976100","modificationTime":"1760698976100","quotaInBytes":"-1","quotaInNamespace":"-1","usedNamespace":"0","objectID":"-9223372036854454784","updateID":"1254","Transaction":"1254"} | ret=SUCCESS |  
2025-10-17 11:02:56,102 | INFO  | OMAudit | user=runner | ip=127.0.0.1 | op=READ_VOLUME {"volume":"f9fbee16-2c66-46ef-b1c7-4b5f9e37d52c"} | ret=SUCCESS |  
2025-10-17 11:02:56,103 [ForkJoinPool-1-worker-1] INFO  rpc.RpcClient (RpcClient.java:createBucket(686)) - Creating Bucket: f9fbee16-2c66-46ef-b1c7-4b5f9e37d52c/ratis-bucket, with server-side default bucket layout, runner as owner, Versioning false, Storage Type set to DISK and Encryption set to false, Replication Type set to server-side default replication type, Namespace Quota set to -1, Space Quota set to -1 
2025-10-17 11:02:56,104 [om1-OMStateMachineApplyTransactionThread - 0] INFO  bucket.OMBucketCreateRequest (OMBucketCreateRequest.java:validateAndUpdateCache(303)) - created bucket: ratis-bucket of layout FILE_SYSTEM_OPTIMIZED in volume: f9fbee16-2c66-46ef-b1c7-4b5f9e37d52c
2025-10-17 11:02:56,104 | INFO  | OMAudit | user=runner | ip=127.0.0.1 | op=CREATE_BUCKET {"volume":"f9fbee16-2c66-46ef-b1c7-4b5f9e37d52c","bucket":"ratis-bucket","bucketLayout":"FILE_SYSTEM_OPTIMIZED","gdprEnabled":null,"acls":"[user:runner:a[ACCESS], group:runner:rl[ACCESS]]","isVersionEnabled":"false","storageType":"DISK","creationTime":"1760698976104","bucketEncryptionKey":null,"modificationTime":"1760698976104","usedBytes":"0","usedNamespace":"0","snapshotUsedBytes":"0","snapshotUsedNamespace":"0","owner":"runner","replicationType":null,"replicationConfig":null,"quotaInBytes":"-1","quotaInNamespace":"-1","Transaction":"1255"} | ret=SUCCESS |  
2025-10-17 11:02:56,106 | INFO  | OMAudit | user=runner | ip=127.0.0.1 | op=READ_BUCKET {"volume":"f9fbee16-2c66-46ef-b1c7-4b5f9e37d52c","bucket":"ratis-bucket"} | ret=SUCCESS |  
2025-10-17 11:02:56,109 | INFO  | OMAudit | user=runner | ip=127.0.0.1 | op=INITIATE_MULTIPART_UPLOAD {"volume":"f9fbee16-2c66-46ef-b1c7-4b5f9e37d52c","bucket":"ratis-bucket","key":"ONE","dataSize":"0","replicationType":"RATIS","replicationFactor":"ONE","uploadID":"0199f1d6-476b-7210-ad88-2d7f712977b2-115389168098148651","Transaction":"1256"} | ret=SUCCESS |  
2025-10-17 11:02:56,111 | INFO  | OMAudit | user=runner | ip=127.0.0.1 | op=ALLOCATE_KEY {"volume":"f9fbee16-2c66-46ef-b1c7-4b5f9e37d52c","bucket":"ratis-bucket","key":"ONE","dataSize":"8192","Transaction":"1257"} | ret=SUCCESS |  
2025-10-17 11:02:56,113 [om1-OMDoubleBufferFlushThread] INFO  db.RDBCheckpointManager (RDBCheckpointManager.java:createCheckpoint(87)) - Created checkpoint in rocksDB at /home/runner/work/ozone/ozone/hadoop-ozone/integration-test/target/test-dir/MiniOzoneClusterImpl-d1ffa5d3-3301-45c3-9f44-1ffa6967d237/om/data/db.snapshots/checkpointState/om.db-fde15b8a-4224-4e42-b757-7ba74f1ec3f6 in 31 milliseconds
2025-10-17 11:02:56,117 | INFO  | SCMAudit | user=runner | ip=127.0.0.1 | op=ALLOCATE_BLOCK {"replication":"RATIS/ONE","owner":"omServiceIdDefault","size":"4194304","sampleBlocks":"[conID: 13 locID: 115816896921600331]","num":"1","client":"127.0.0.1","allocated":"1"} | ret=SUCCESS |  
2025-10-17 11:02:56,120 | INFO  | OMAudit | user=runner | ip=127.0.0.1 | op=ALLOCATE_BLOCK {"volume":"f9fbee16-2c66-46ef-b1c7-4b5f9e37d52c","bucket":"ratis-bucket","key":"ONE","dataSize":"8192","replicationType":"RATIS","replicationFactor":"ONE","clientID":"115389168098345260","Transaction":"1258"} | ret=SUCCESS |  
2025-10-17 11:02:56,139 [om1-OMDoubleBufferFlushThread] INFO  om.OmSnapshotManager (OmSnapshotManager.java:createOmSnapshotCheckpoint(545)) - Created checkpoint: /home/runner/work/ozone/ozone/hadoop-ozone/integration-test/target/test-dir/MiniOzoneClusterImpl-d1ffa5d3-3301-45c3-9f44-1ffa6967d237/om/data/db.snapshots/checkpointState/om.db-fde15b8a-4224-4e42-b757-7ba74f1ec3f6 for snapshot /vol-a-69739/buc-b-13213/snapshot-a-1-30747
2025-10-17 11:02:56,140 [ForkJoinPool-1-worker-1] INFO  netty.NettyConfigKeys$DataStream (ConfUtils.java:logGet(62)) - raft.netty.dataStream.client.worker-group.share = true (default)
2025-10-17 11:02:56,141 [ForkJoinPool-1-worker-1] INFO  netty.NettyConfigKeys$DataStream (ConfUtils.java:logGet(62)) - raft.netty.dataStream.client.worker-group.size = 8 (default)
2025-10-17 11:02:56,141 [ForkJoinPool-1-worker-1] INFO  netty.NettyConfigKeys$DataStream (ConfUtils.java:logGet(62)) - raft.netty.dataStream.client.use-epoll = true (default)
2025-10-17 11:02:56,142 [ForkJoinPool-1-worker-1] INFO  netty.NettyUtils (NettyUtils.java:newEventLoopGroup(74)) - Create EpollEventLoopGroup for NettyClientStreamRpc-workerGroup; Thread size is 8.
2025-10-17 11:02:56,146 [ForkJoinPool-1-worker-1] INFO  impl.DataStreamClientImpl (ConfUtils.java:logGet(62)) - raft.datastream.skip.send-forward = false (default)
2025-10-17 11:02:56,169 [om1-OMDoubleBufferFlushThread] INFO  db.RDBCheckpointManager (RDBCheckpointManager.java:createCheckpoint(87)) - Created checkpoint in rocksDB at /home/runner/work/ozone/ozone/hadoop-ozone/integration-test/target/test-dir/MiniOzoneClusterImpl-d1ffa5d3-3301-45c3-9f44-1ffa6967d237/om/data/db.snapshots/checkpointState/om.db-e4ab2bd6-450d-468c-a499-b28246e011b7 in 28 milliseconds
2025-10-17 11:02:56,172 [28c08cd4-c049-4c66-8210-e254cf68b291-NettyServerStreamRpc-bossGroup--thread1] INFO  logging.LoggingHandler (AbstractInternalLogger.java:log(148)) - [id: 0xb07ef0ee, L:/0.0.0.0:15088] READ: [id: 0xa823a90c, L:/127.0.0.1:15088 - R:/127.0.0.1:56084]
2025-10-17 11:02:56,173 [28c08cd4-c049-4c66-8210-e254cf68b291-NettyServerStreamRpc-bossGroup--thread1] INFO  logging.LoggingHandler (AbstractInternalLogger.java:log(148)) - [id: 0xb07ef0ee, L:/0.0.0.0:15088] READ COMPLETE
2025-10-17 11:02:56,188 [om1-OMDoubleBufferFlushThread] INFO  om.OmSnapshotManager (OmSnapshotManager.java:createOmSnapshotCheckpoint(545)) - Created checkpoint: /home/runner/work/ozone/ozone/hadoop-ozone/integration-test/target/test-dir/MiniOzoneClusterImpl-d1ffa5d3-3301-45c3-9f44-1ffa6967d237/om/data/db.snapshots/checkpointState/om.db-e4ab2bd6-450d-468c-a499-b28246e011b7 for snapshot /vol-b-67769/buc-a-45378/snapshot-a-1-04425
2025-10-17 11:02:56,220 | INFO  | SCMAudit | user=runner | ip=127.0.0.1 | op=SEND_HEARTBEAT {"datanodeUUID":"50dccd39-549f-4f43-8b1f-597bf98f9c16","term":"2","command":"[]"} | ret=SUCCESS |  
2025-10-17 11:02:56,230 [om1-OMDoubleBufferFlushThread] INFO  db.RDBCheckpointManager (RDBCheckpointManager.java:createCheckpoint(87)) - Created checkpoint in rocksDB at /home/runner/work/ozone/ozone/hadoop-ozone/integration-test/target/test-dir/MiniOzoneClusterImpl-d1ffa5d3-3301-45c3-9f44-1ffa6967d237/om/data/db.snapshots/checkpointState/om.db-cac8ba6e-677b-4565-ae86-b2dc8f6c3ec1 in 40 milliseconds
2025-10-17 11:02:56,249 | INFO  | OMAudit | user=runner | ip=127.0.0.1 | op=COMMIT_MULTIPART_UPLOAD_PARTKEY {"volume":"f9fbee16-2c66-46ef-b1c7-4b5f9e37d52c","bucket":"ratis-bucket","key":"ONE","dataSize":"8192","ETag":"0829f71740aab1ab98b33eae21dee122","uploadID":"0199f1d6-476b-7210-ad88-2d7f712977b2-115389168098148651","partNumber":"1","partName":"/f9fbee16-2c66-46ef-b1c7-4b5f9e37d52c/ratis-bucket/ONE-0199f1d6-476b-7210-ad88-2d7f712977b2-115389168098148651-1","Transaction":"1259"} | ret=SUCCESS |  
2025-10-17 11:02:56,251 | INFO  | OMAudit | user=runner | ip=127.0.0.1 | op=LIST_MULTIPART_UPLOAD_PARTS {"volume":"f9fbee16-2c66-46ef-b1c7-4b5f9e37d52c","bucket":"ratis-bucket","key":"ONE","uploadID":"0199f1d6-476b-7210-ad88-2d7f712977b2-115389168098148651","partNumberMarker":"0","maxParts":"1"} | ret=SUCCESS |  
]]></system-out>
  </testcase>
  <testcase name="testMultiPartUploadWithStream(ReplicationConfig)[2]" classname="org.apache.hadoop.ozone.client.rpc.TestSecureOzoneRpcClient" time="0.074">
    <system-out><![CDATA[2025-10-17 11:02:56,255 [ForkJoinPool-1-worker-1] INFO  rpc.RpcClient (RpcClient.java:createVolume(461)) - Creating Volume: 879a135e-2b6c-479b-8aa5-b32a2c5a812a, with runner as owner and space quota set to -1 bytes, counts quota set to -1
2025-10-17 11:02:56,256 [om1-OMDoubleBufferFlushThread] INFO  om.OmSnapshotManager (OmSnapshotManager.java:createOmSnapshotCheckpoint(545)) - Created checkpoint: /home/runner/work/ozone/ozone/hadoop-ozone/integration-test/target/test-dir/MiniOzoneClusterImpl-d1ffa5d3-3301-45c3-9f44-1ffa6967d237/om/data/db.snapshots/checkpointState/om.db-cac8ba6e-677b-4565-ae86-b2dc8f6c3ec1 for snapshot /vol-b-67769/buc-b-13213/snapshot-a-1-59485
2025-10-17 11:02:56,256 [om1-OMStateMachineApplyTransactionThread - 0] INFO  volume.OMVolumeCreateRequest (OMVolumeCreateRequest.java:validateAndUpdateCache(213)) - created volume:879a135e-2b6c-479b-8aa5-b32a2c5a812a for user:runner
2025-10-17 11:02:56,256 | INFO  | OMAudit | user=runner | ip=127.0.0.1 | op=CREATE_VOLUME {"admin":"runner","owner":"runner","volume":"879a135e-2b6c-479b-8aa5-b32a2c5a812a","creationTime":"1760698976255","modificationTime":"1760698976255","quotaInBytes":"-1","quotaInNamespace":"-1","usedNamespace":"0","objectID":"-9223372036854453248","updateID":"1260","Transaction":"1260"} | ret=SUCCESS |  
2025-10-17 11:02:56,257 | INFO  | OMAudit | user=runner | ip=127.0.0.1 | op=READ_VOLUME {"volume":"879a135e-2b6c-479b-8aa5-b32a2c5a812a"} | ret=SUCCESS |  
2025-10-17 11:02:56,257 [ForkJoinPool-1-worker-1] INFO  rpc.RpcClient (RpcClient.java:createBucket(686)) - Creating Bucket: 879a135e-2b6c-479b-8aa5-b32a2c5a812a/ratis-bucket, with server-side default bucket layout, runner as owner, Versioning false, Storage Type set to DISK and Encryption set to false, Replication Type set to server-side default replication type, Namespace Quota set to -1, Space Quota set to -1 
2025-10-17 11:02:56,259 [om1-OMStateMachineApplyTransactionThread - 0] INFO  bucket.OMBucketCreateRequest (OMBucketCreateRequest.java:validateAndUpdateCache(303)) - created bucket: ratis-bucket of layout FILE_SYSTEM_OPTIMIZED in volume: 879a135e-2b6c-479b-8aa5-b32a2c5a812a
2025-10-17 11:02:56,259 | INFO  | OMAudit | user=runner | ip=127.0.0.1 | op=CREATE_BUCKET {"volume":"879a135e-2b6c-479b-8aa5-b32a2c5a812a","bucket":"ratis-bucket","bucketLayout":"FILE_SYSTEM_OPTIMIZED","gdprEnabled":null,"acls":"[user:runner:a[ACCESS], group:runner:rl[ACCESS]]","isVersionEnabled":"false","storageType":"DISK","creationTime":"1760698976258","bucketEncryptionKey":null,"modificationTime":"1760698976258","usedBytes":"0","usedNamespace":"0","snapshotUsedBytes":"0","snapshotUsedNamespace":"0","owner":"runner","replicationType":null,"replicationConfig":null,"quotaInBytes":"-1","quotaInNamespace":"-1","Transaction":"1261"} | ret=SUCCESS |  
2025-10-17 11:02:56,260 | INFO  | OMAudit | user=runner | ip=127.0.0.1 | op=READ_BUCKET {"volume":"879a135e-2b6c-479b-8aa5-b32a2c5a812a","bucket":"ratis-bucket"} | ret=SUCCESS |  
2025-10-17 11:02:56,261 | INFO  | SCMAudit | user=runner | ip=127.0.0.1 | op=SEND_HEARTBEAT {"datanodeUUID":"718bfa29-2c47-4ab5-ac61-3dfe9c6b9d5c","term":"2","command":"[]"} | ret=SUCCESS |  
2025-10-17 11:02:56,261 | INFO  | SCMAudit | user=runner | ip=127.0.0.1 | op=SEND_HEARTBEAT {"datanodeUUID":"7995ae7b-77ec-4e72-809d-814459f62ee0","term":"2","command":"[]"} | ret=SUCCESS |  
2025-10-17 11:02:56,261 | INFO  | SCMAudit | user=runner | ip=127.0.0.1 | op=SEND_HEARTBEAT {"datanodeUUID":"99c47355-c013-4450-a734-aff6d3c99677","term":"2","command":"[]"} | ret=SUCCESS |  
2025-10-17 11:02:56,262 | INFO  | OMAudit | user=runner | ip=127.0.0.1 | op=INITIATE_MULTIPART_UPLOAD {"volume":"879a135e-2b6c-479b-8aa5-b32a2c5a812a","bucket":"ratis-bucket","key":"THREE","dataSize":"0","replicationType":"RATIS","replicationFactor":"THREE","uploadID":"0199f1d6-4804-7bfb-92ea-9f107f3abdd0-115389168108175661","Transaction":"1262"} | ret=SUCCESS |  
2025-10-17 11:02:56,264 | INFO  | OMAudit | user=runner | ip=127.0.0.1 | op=ALLOCATE_KEY {"volume":"879a135e-2b6c-479b-8aa5-b32a2c5a812a","bucket":"ratis-bucket","key":"THREE","dataSize":"8192","Transaction":"1263"} | ret=SUCCESS |  
2025-10-17 11:02:56,266 | INFO  | SCMAudit | user=runner | ip=127.0.0.1 | op=ALLOCATE_BLOCK {"replication":"RATIS/THREE","owner":"omServiceIdDefault","size":"4194304","sampleBlocks":"[conID: 18 locID: 115816896921600332]","num":"1","client":"127.0.0.1","allocated":"1"} | ret=SUCCESS |  
2025-10-17 11:02:56,268 | INFO  | OMAudit | user=runner | ip=127.0.0.1 | op=ALLOCATE_BLOCK {"volume":"879a135e-2b6c-479b-8aa5-b32a2c5a812a","bucket":"ratis-bucket","key":"THREE","dataSize":"8192","replicationType":"RATIS","replicationFactor":"THREE","clientID":"115389168108372270","Transaction":"1264"} | ret=SUCCESS |  
2025-10-17 11:02:56,280 [3a11eef6-a527-493c-8ba3-ae39ecaefa56-NettyServerStreamRpc-bossGroup--thread1] INFO  logging.LoggingHandler (AbstractInternalLogger.java:log(148)) - [id: 0xc1fe5402, L:/0.0.0.0:15104] READ: [id: 0x0d0bd8b8, L:/127.0.0.1:15104 - R:/127.0.0.1:34894]
2025-10-17 11:02:56,281 [3a11eef6-a527-493c-8ba3-ae39ecaefa56-NettyServerStreamRpc-bossGroup--thread1] INFO  logging.LoggingHandler (AbstractInternalLogger.java:log(148)) - [id: 0xc1fe5402, L:/0.0.0.0:15104] READ COMPLETE
2025-10-17 11:02:56,284 [28c08cd4-c049-4c66-8210-e254cf68b291-NettyServerStreamRpc-bossGroup--thread1] INFO  logging.LoggingHandler (AbstractInternalLogger.java:log(148)) - [id: 0xb07ef0ee, L:/0.0.0.0:15088] READ: [id: 0x9a2a728e, L:/127.0.0.1:15088 - R:/127.0.0.1:56088]
2025-10-17 11:02:56,285 [28c08cd4-c049-4c66-8210-e254cf68b291-NettyServerStreamRpc-bossGroup--thread1] INFO  logging.LoggingHandler (AbstractInternalLogger.java:log(148)) - [id: 0xb07ef0ee, L:/0.0.0.0:15088] READ COMPLETE
2025-10-17 11:02:56,287 [om1-OMDoubleBufferFlushThread] INFO  db.RDBCheckpointManager (RDBCheckpointManager.java:createCheckpoint(87)) - Created checkpoint in rocksDB at /home/runner/work/ozone/ozone/hadoop-ozone/integration-test/target/test-dir/MiniOzoneClusterImpl-d1ffa5d3-3301-45c3-9f44-1ffa6967d237/om/data/db.snapshots/checkpointState/om.db-01e0dd0b-8aa5-4b66-bee1-9a39357d8209 in 30 milliseconds
2025-10-17 11:02:56,288 [7995ae7b-77ec-4e72-809d-814459f62ee0-NettyServerStreamRpc-bossGroup--thread1] INFO  logging.LoggingHandler (AbstractInternalLogger.java:log(148)) - [id: 0xdd41f189, L:/0.0.0.0:15096] READ: [id: 0xf0f84815, L:/127.0.0.1:15096 - R:/127.0.0.1:53938]
2025-10-17 11:02:56,289 [7995ae7b-77ec-4e72-809d-814459f62ee0-NettyServerStreamRpc-bossGroup--thread1] INFO  logging.LoggingHandler (AbstractInternalLogger.java:log(148)) - [id: 0xdd41f189, L:/0.0.0.0:15096] READ COMPLETE
2025-10-17 11:02:56,307 [om1-OMDoubleBufferFlushThread] INFO  om.OmSnapshotManager (OmSnapshotManager.java:createOmSnapshotCheckpoint(545)) - Created checkpoint: /home/runner/work/ozone/ozone/hadoop-ozone/integration-test/target/test-dir/MiniOzoneClusterImpl-d1ffa5d3-3301-45c3-9f44-1ffa6967d237/om/data/db.snapshots/checkpointState/om.db-01e0dd0b-8aa5-4b66-bee1-9a39357d8209 for snapshot /vol-a-69739/buc-a-45378/snapshot-a-2-52408
2025-10-17 11:02:56,326 | INFO  | OMAudit | user=runner | ip=127.0.0.1 | op=COMMIT_MULTIPART_UPLOAD_PARTKEY {"volume":"879a135e-2b6c-479b-8aa5-b32a2c5a812a","bucket":"ratis-bucket","key":"THREE","dataSize":"8192","ETag":"0829f71740aab1ab98b33eae21dee122","uploadID":"0199f1d6-4804-7bfb-92ea-9f107f3abdd0-115389168108175661","partNumber":"1","partName":"/879a135e-2b6c-479b-8aa5-b32a2c5a812a/ratis-bucket/THREE-0199f1d6-4804-7bfb-92ea-9f107f3abdd0-115389168108175661-1","Transaction":"1265"} | ret=SUCCESS |  
2025-10-17 11:02:56,328 | INFO  | OMAudit | user=runner | ip=127.0.0.1 | op=LIST_MULTIPART_UPLOAD_PARTS {"volume":"879a135e-2b6c-479b-8aa5-b32a2c5a812a","bucket":"ratis-bucket","key":"THREE","uploadID":"0199f1d6-4804-7bfb-92ea-9f107f3abdd0-115389168108175661","partNumberMarker":"0","maxParts":"1"} | ret=SUCCESS |  
]]></system-out>
  </testcase>
  <testcase name="testMultiPartUploadWithStream(ReplicationConfig)[3]" classname="org.apache.hadoop.ozone.client.rpc.TestSecureOzoneRpcClient" time="0.051">
    <system-out><![CDATA[2025-10-17 11:02:56,331 [ForkJoinPool-1-worker-1] INFO  rpc.RpcClient (RpcClient.java:createVolume(461)) - Creating Volume: c297ea65-86dd-40c7-a8c0-4791fc277be5, with runner as owner and space quota set to -1 bytes, counts quota set to -1
2025-10-17 11:02:56,333 [om1-OMStateMachineApplyTransactionThread - 0] INFO  volume.OMVolumeCreateRequest (OMVolumeCreateRequest.java:validateAndUpdateCache(213)) - created volume:c297ea65-86dd-40c7-a8c0-4791fc277be5 for user:runner
2025-10-17 11:02:56,333 | INFO  | OMAudit | user=runner | ip=127.0.0.1 | op=CREATE_VOLUME {"admin":"runner","owner":"runner","volume":"c297ea65-86dd-40c7-a8c0-4791fc277be5","creationTime":"1760698976332","modificationTime":"1760698976332","quotaInBytes":"-1","quotaInNamespace":"-1","usedNamespace":"0","objectID":"-9223372036854451712","updateID":"1266","Transaction":"1266"} | ret=SUCCESS |  
2025-10-17 11:02:56,335 | INFO  | OMAudit | user=runner | ip=127.0.0.1 | op=READ_VOLUME {"volume":"c297ea65-86dd-40c7-a8c0-4791fc277be5"} | ret=SUCCESS |  
2025-10-17 11:02:56,335 [ForkJoinPool-1-worker-1] INFO  rpc.RpcClient (RpcClient.java:createBucket(686)) - Creating Bucket: c297ea65-86dd-40c7-a8c0-4791fc277be5/ec-bucket, with server-side default bucket layout, runner as owner, Versioning false, Storage Type set to DISK and Encryption set to false, Replication Type set to server-side default replication type, Namespace Quota set to -1, Space Quota set to -1 
2025-10-17 11:02:56,337 [om1-OMStateMachineApplyTransactionThread - 0] INFO  bucket.OMBucketCreateRequest (OMBucketCreateRequest.java:validateAndUpdateCache(303)) - created bucket: ec-bucket of layout FILE_SYSTEM_OPTIMIZED in volume: c297ea65-86dd-40c7-a8c0-4791fc277be5
2025-10-17 11:02:56,337 | INFO  | OMAudit | user=runner | ip=127.0.0.1 | op=CREATE_BUCKET {"volume":"c297ea65-86dd-40c7-a8c0-4791fc277be5","bucket":"ec-bucket","bucketLayout":"FILE_SYSTEM_OPTIMIZED","gdprEnabled":null,"acls":"[user:runner:a[ACCESS], group:runner:rl[ACCESS]]","isVersionEnabled":"false","storageType":"DISK","creationTime":"1760698976336","bucketEncryptionKey":null,"modificationTime":"1760698976336","usedBytes":"0","usedNamespace":"0","snapshotUsedBytes":"0","snapshotUsedNamespace":"0","owner":"runner","replicationType":null,"replicationConfig":null,"quotaInBytes":"-1","quotaInNamespace":"-1","Transaction":"1267"} | ret=SUCCESS |  
2025-10-17 11:02:56,338 | INFO  | OMAudit | user=runner | ip=127.0.0.1 | op=READ_BUCKET {"volume":"c297ea65-86dd-40c7-a8c0-4791fc277be5","bucket":"ec-bucket"} | ret=SUCCESS |  
2025-10-17 11:02:56,343 | INFO  | OMAudit | user=runner | ip=127.0.0.1 | op=INITIATE_MULTIPART_UPLOAD {"volume":"c297ea65-86dd-40c7-a8c0-4791fc277be5","bucket":"ec-bucket","key":"rs-3-2-1024k","dataSize":"0","replicationType":"EC","replicationConfig":"rs-3-2-1048576","uploadID":"0199f1d6-4854-7618-b6df-ced5edae8961-115389168113418543","Transaction":"1268"} | ret=SUCCESS |  
2025-10-17 11:02:56,346 | INFO  | OMAudit | user=runner | ip=127.0.0.1 | op=ALLOCATE_KEY {"volume":"c297ea65-86dd-40c7-a8c0-4791fc277be5","bucket":"ec-bucket","key":"rs-3-2-1024k","dataSize":"8192","Transaction":"1269"} | ret=SUCCESS |  
2025-10-17 11:02:56,349 | INFO  | SCMAudit | user=runner | ip=127.0.0.1 | op=ALLOCATE_BLOCK {"replication":"EC{rs-3-2-1024k}","owner":"omServiceIdDefault","size":"4194304","sampleBlocks":"[conID: 23 locID: 115816896921600333]","num":"1","client":"","allocated":"1"} | ret=SUCCESS |  
2025-10-17 11:02:56,351 | INFO  | OMAudit | user=runner | ip=127.0.0.1 | op=ALLOCATE_BLOCK {"volume":"c297ea65-86dd-40c7-a8c0-4791fc277be5","bucket":"ec-bucket","key":"rs-3-2-1024k","dataSize":"8192","replicationType":"EC","replicationConfig":"rs-3-2-1048576","clientID":"115389168113680688","Transaction":"1270"} | ret=SUCCESS |  
2025-10-17 11:02:56,364 [om1-OMDoubleBufferFlushThread] INFO  db.RDBCheckpointManager (RDBCheckpointManager.java:createCheckpoint(87)) - Created checkpoint in rocksDB at /home/runner/work/ozone/ozone/hadoop-ozone/integration-test/target/test-dir/MiniOzoneClusterImpl-d1ffa5d3-3301-45c3-9f44-1ffa6967d237/om/data/db.snapshots/checkpointState/om.db-1a2ee097-187b-4f18-acf4-f8b3bbb99735 in 56 milliseconds
2025-10-17 11:02:56,379 | INFO  | OMAudit | user=runner | ip=127.0.0.1 | op=COMMIT_MULTIPART_UPLOAD_PARTKEY {"volume":"c297ea65-86dd-40c7-a8c0-4791fc277be5","bucket":"ec-bucket","key":"rs-3-2-1024k","dataSize":"8192","ETag":"0829f71740aab1ab98b33eae21dee122","uploadID":"0199f1d6-4854-7618-b6df-ced5edae8961-115389168113418543","partNumber":"1","partName":"/c297ea65-86dd-40c7-a8c0-4791fc277be5/ec-bucket/rs-3-2-1024k-0199f1d6-4854-7618-b6df-ced5edae8961-115389168113418543-1","Transaction":"1271"} | ret=SUCCESS |  
2025-10-17 11:02:56,380 | INFO  | OMAudit | user=runner | ip=127.0.0.1 | op=LIST_MULTIPART_UPLOAD_PARTS {"volume":"c297ea65-86dd-40c7-a8c0-4791fc277be5","bucket":"ec-bucket","key":"rs-3-2-1024k","uploadID":"0199f1d6-4854-7618-b6df-ced5edae8961-115389168113418543","partNumberMarker":"0","maxParts":"1"} | ret=SUCCESS |  
]]></system-out>
  </testcase>
  <testcase name="testMultipartPartNumberExceedingAllowedRange" classname="org.apache.hadoop.ozone.client.rpc.TestSecureOzoneRpcClient" time="0.022">
    <system-out><![CDATA[2025-10-17 11:02:56,383 [ForkJoinPool-1-worker-1] INFO  rpc.RpcClient (RpcClient.java:createVolume(461)) - Creating Volume: 7cc547be-38a9-439d-b587-53edd11d38e5, with runner as owner and space quota set to -1 bytes, counts quota set to -1
2025-10-17 11:02:56,385 [om1-OMStateMachineApplyTransactionThread - 0] INFO  volume.OMVolumeCreateRequest (OMVolumeCreateRequest.java:validateAndUpdateCache(213)) - created volume:7cc547be-38a9-439d-b587-53edd11d38e5 for user:runner
2025-10-17 11:02:56,385 | INFO  | OMAudit | user=runner | ip=127.0.0.1 | op=CREATE_VOLUME {"admin":"runner","owner":"runner","volume":"7cc547be-38a9-439d-b587-53edd11d38e5","creationTime":"1760698976384","modificationTime":"1760698976384","quotaInBytes":"-1","quotaInNamespace":"-1","usedNamespace":"0","objectID":"-9223372036854450176","updateID":"1272","Transaction":"1272"} | ret=SUCCESS |  
2025-10-17 11:02:56,386 | INFO  | OMAudit | user=runner | ip=127.0.0.1 | op=READ_VOLUME {"volume":"7cc547be-38a9-439d-b587-53edd11d38e5"} | ret=SUCCESS |  
2025-10-17 11:02:56,387 [om1-OMDoubleBufferFlushThread] INFO  om.OmSnapshotManager (OmSnapshotManager.java:createOmSnapshotCheckpoint(545)) - Created checkpoint: /home/runner/work/ozone/ozone/hadoop-ozone/integration-test/target/test-dir/MiniOzoneClusterImpl-d1ffa5d3-3301-45c3-9f44-1ffa6967d237/om/data/db.snapshots/checkpointState/om.db-1a2ee097-187b-4f18-acf4-f8b3bbb99735 for snapshot /vol-a-69739/buc-b-13213/snapshot-a-2-08931
2025-10-17 11:02:56,387 [ForkJoinPool-1-worker-1] INFO  rpc.RpcClient (RpcClient.java:createBucket(686)) - Creating Bucket: 7cc547be-38a9-439d-b587-53edd11d38e5/8162498d-80b9-4119-b3c1-cb365b2aadde, with server-side default bucket layout, runner as owner, Versioning false, Storage Type set to DISK and Encryption set to false, Replication Type set to server-side default replication type, Namespace Quota set to -1, Space Quota set to -1 
2025-10-17 11:02:56,389 [om1-OMStateMachineApplyTransactionThread - 0] INFO  bucket.OMBucketCreateRequest (OMBucketCreateRequest.java:validateAndUpdateCache(303)) - created bucket: 8162498d-80b9-4119-b3c1-cb365b2aadde of layout FILE_SYSTEM_OPTIMIZED in volume: 7cc547be-38a9-439d-b587-53edd11d38e5
2025-10-17 11:02:56,389 | INFO  | OMAudit | user=runner | ip=127.0.0.1 | op=CREATE_BUCKET {"volume":"7cc547be-38a9-439d-b587-53edd11d38e5","bucket":"8162498d-80b9-4119-b3c1-cb365b2aadde","bucketLayout":"FILE_SYSTEM_OPTIMIZED","gdprEnabled":null,"acls":"[user:runner:a[ACCESS], group:runner:rl[ACCESS]]","isVersionEnabled":"false","storageType":"DISK","creationTime":"1760698976388","bucketEncryptionKey":null,"modificationTime":"1760698976388","usedBytes":"0","usedNamespace":"0","snapshotUsedBytes":"0","snapshotUsedNamespace":"0","owner":"runner","replicationType":null,"replicationConfig":null,"quotaInBytes":"-1","quotaInNamespace":"-1","Transaction":"1273"} | ret=SUCCESS |  
2025-10-17 11:02:56,391 | INFO  | OMAudit | user=runner | ip=127.0.0.1 | op=READ_BUCKET {"volume":"7cc547be-38a9-439d-b587-53edd11d38e5","bucket":"8162498d-80b9-4119-b3c1-cb365b2aadde"} | ret=SUCCESS |  
2025-10-17 11:02:56,392 | INFO  | OMAudit | user=runner | ip=127.0.0.1 | op=INITIATE_MULTIPART_UPLOAD {"volume":"7cc547be-38a9-439d-b587-53edd11d38e5","bucket":"8162498d-80b9-4119-b3c1-cb365b2aadde","key":"f3d1c1eb-59c9-494d-9b4c-f22e84ef6ab4","dataSize":"0","uploadID":"0199f1d6-4887-794d-a11b-8fc8c45f7e77-115389168116760881","Transaction":"1274"} | ret=SUCCESS |  
2025-10-17 11:02:56,396 | INFO  | OMAudit | user=runner | ip=127.0.0.1 | op=ALLOCATE_KEY {"volume":"7cc547be-38a9-439d-b587-53edd11d38e5","bucket":"8162498d-80b9-4119-b3c1-cb365b2aadde","key":"f3d1c1eb-59c9-494d-9b4c-f22e84ef6ab4","dataSize":"12","Transaction":"1275"} | ret=SUCCESS |  
2025-10-17 11:02:56,399 | INFO  | OMAudit | user=runner | ip=127.0.0.1 | op=ALLOCATE_KEY {"volume":"7cc547be-38a9-439d-b587-53edd11d38e5","bucket":"8162498d-80b9-4119-b3c1-cb365b2aadde","key":"f3d1c1eb-59c9-494d-9b4c-f22e84ef6ab4","dataSize":"12","Transaction":"1276"} | ret=SUCCESS |  
2025-10-17 11:02:56,402 | INFO  | OMAudit | user=runner | ip=127.0.0.1 | op=ALLOCATE_KEY {"volume":"7cc547be-38a9-439d-b587-53edd11d38e5","bucket":"8162498d-80b9-4119-b3c1-cb365b2aadde","key":"f3d1c1eb-59c9-494d-9b4c-f22e84ef6ab4","dataSize":"12","Transaction":"1277"} | ret=SUCCESS |  
]]></system-out>
  </testcase>
  <testcase name="testMultipartUploadOverride(ReplicationConfig)[1]" classname="org.apache.hadoop.ozone.client.rpc.TestSecureOzoneRpcClient" time="0.445">
    <system-out><![CDATA[2025-10-17 11:02:56,407 [ForkJoinPool-1-worker-1] INFO  rpc.RpcClient (RpcClient.java:createVolume(461)) - Creating Volume: c742fd96-8fc0-415e-a569-7738247ad1ad, with runner as owner and space quota set to -1 bytes, counts quota set to -1
2025-10-17 11:02:56,411 [om1-OMStateMachineApplyTransactionThread - 0] INFO  volume.OMVolumeCreateRequest (OMVolumeCreateRequest.java:validateAndUpdateCache(213)) - created volume:c742fd96-8fc0-415e-a569-7738247ad1ad for user:runner
2025-10-17 11:02:56,411 | INFO  | OMAudit | user=runner | ip=127.0.0.1 | op=CREATE_VOLUME {"admin":"runner","owner":"runner","volume":"c742fd96-8fc0-415e-a569-7738247ad1ad","creationTime":"1760698976410","modificationTime":"1760698976410","quotaInBytes":"-1","quotaInNamespace":"-1","usedNamespace":"0","objectID":"-9223372036854448640","updateID":"1278","Transaction":"1278"} | ret=SUCCESS |  
2025-10-17 11:02:56,413 | INFO  | OMAudit | user=runner | ip=127.0.0.1 | op=READ_VOLUME {"volume":"c742fd96-8fc0-415e-a569-7738247ad1ad"} | ret=SUCCESS |  
2025-10-17 11:02:56,413 [ForkJoinPool-1-worker-1] INFO  rpc.RpcClient (RpcClient.java:createBucket(686)) - Creating Bucket: c742fd96-8fc0-415e-a569-7738247ad1ad/80ccd69f-f93f-4cd9-a210-3db939ebda80, with server-side default bucket layout, runner as owner, Versioning false, Storage Type set to DISK and Encryption set to false, Replication Type set to server-side default replication type, Namespace Quota set to -1, Space Quota set to -1 
2025-10-17 11:02:56,415 [om1-OMStateMachineApplyTransactionThread - 0] INFO  bucket.OMBucketCreateRequest (OMBucketCreateRequest.java:validateAndUpdateCache(303)) - created bucket: 80ccd69f-f93f-4cd9-a210-3db939ebda80 of layout FILE_SYSTEM_OPTIMIZED in volume: c742fd96-8fc0-415e-a569-7738247ad1ad
2025-10-17 11:02:56,415 | INFO  | OMAudit | user=runner | ip=127.0.0.1 | op=CREATE_BUCKET {"volume":"c742fd96-8fc0-415e-a569-7738247ad1ad","bucket":"80ccd69f-f93f-4cd9-a210-3db939ebda80","bucketLayout":"FILE_SYSTEM_OPTIMIZED","gdprEnabled":null,"acls":"[user:runner:a[ACCESS], group:runner:rl[ACCESS]]","isVersionEnabled":"false","storageType":"DISK","creationTime":"1760698976414","bucketEncryptionKey":null,"modificationTime":"1760698976414","usedBytes":"0","usedNamespace":"0","snapshotUsedBytes":"0","snapshotUsedNamespace":"0","owner":"runner","replicationType":null,"replicationConfig":null,"quotaInBytes":"-1","quotaInNamespace":"-1","Transaction":"1279"} | ret=SUCCESS |  
2025-10-17 11:02:56,417 | INFO  | OMAudit | user=runner | ip=127.0.0.1 | op=READ_BUCKET {"volume":"c742fd96-8fc0-415e-a569-7738247ad1ad","bucket":"80ccd69f-f93f-4cd9-a210-3db939ebda80"} | ret=SUCCESS |  
2025-10-17 11:02:56,420 | INFO  | OMAudit | user=runner | ip=127.0.0.1 | op=INITIATE_MULTIPART_UPLOAD {"volume":"c742fd96-8fc0-415e-a569-7738247ad1ad","bucket":"80ccd69f-f93f-4cd9-a210-3db939ebda80","key":"150d3e33-c251-4fd1-ba9c-ce3b1dddbc59","dataSize":"0","replicationType":"RATIS","replicationFactor":"ONE","uploadID":"0199f1d6-48a3-7ec3-888e-2e9bc1b9c905-115389168118595893","Transaction":"1280"} | ret=SUCCESS |  
2025-10-17 11:02:56,426 | INFO  | OMAudit | user=runner | ip=127.0.0.1 | op=ALLOCATE_KEY {"volume":"c742fd96-8fc0-415e-a569-7738247ad1ad","bucket":"80ccd69f-f93f-4cd9-a210-3db939ebda80","key":"150d3e33-c251-4fd1-ba9c-ce3b1dddbc59","dataSize":"5242880","Transaction":"1281"} | ret=SUCCESS |  
2025-10-17 11:02:56,428 | INFO  | SCMAudit | user=runner | ip=127.0.0.1 | op=ALLOCATE_BLOCK {"replication":"RATIS/ONE","owner":"omServiceIdDefault","size":"4194304","sampleBlocks":"[conID: 6 locID: 115816896921600334]","num":"1","client":"","allocated":"1"} | ret=SUCCESS |  
2025-10-17 11:02:56,431 | INFO  | OMAudit | user=runner | ip=127.0.0.1 | op=ALLOCATE_BLOCK {"volume":"c742fd96-8fc0-415e-a569-7738247ad1ad","bucket":"80ccd69f-f93f-4cd9-a210-3db939ebda80","key":"150d3e33-c251-4fd1-ba9c-ce3b1dddbc59","dataSize":"5242880","replicationType":"RATIS","replicationFactor":"ONE","clientID":"115389168118858038","Transaction":"1282"} | ret=SUCCESS |  
2025-10-17 11:02:56,433 [om1-OMDoubleBufferFlushThread] INFO  db.RDBCheckpointManager (RDBCheckpointManager.java:createCheckpoint(87)) - Created checkpoint in rocksDB at /home/runner/work/ozone/ozone/hadoop-ozone/integration-test/target/test-dir/MiniOzoneClusterImpl-d1ffa5d3-3301-45c3-9f44-1ffa6967d237/om/data/db.snapshots/checkpointState/om.db-bbfa0650-8c67-46f4-81b1-463c7c383782 in 44 milliseconds
2025-10-17 11:02:56,459 [om1-OMDoubleBufferFlushThread] INFO  om.OmSnapshotManager (OmSnapshotManager.java:createOmSnapshotCheckpoint(545)) - Created checkpoint: /home/runner/work/ozone/ozone/hadoop-ozone/integration-test/target/test-dir/MiniOzoneClusterImpl-d1ffa5d3-3301-45c3-9f44-1ffa6967d237/om/data/db.snapshots/checkpointState/om.db-bbfa0650-8c67-46f4-81b1-463c7c383782 for snapshot /vol-b-67769/buc-a-45378/snapshot-a-2-00842
2025-10-17 11:02:56,460 | INFO  | SCMAudit | user=runner | ip=127.0.0.1 | op=ALLOCATE_BLOCK {"replication":"RATIS/ONE","owner":"omServiceIdDefault","size":"4194304","sampleBlocks":"[conID: 4 locID: 115816896921600335]","num":"1","client":"","allocated":"1"} | ret=SUCCESS |  
2025-10-17 11:02:56,462 | INFO  | OMAudit | user=runner | ip=127.0.0.1 | op=ALLOCATE_BLOCK {"volume":"c742fd96-8fc0-415e-a569-7738247ad1ad","bucket":"80ccd69f-f93f-4cd9-a210-3db939ebda80","key":"150d3e33-c251-4fd1-ba9c-ce3b1dddbc59","dataSize":"5242880","replicationType":"RATIS","replicationFactor":"ONE","clientID":"115389168118858038","Transaction":"1283"} | ret=SUCCESS |  
2025-10-17 11:02:56,477 | INFO  | OMAudit | user=runner | ip=127.0.0.1 | op=COMMIT_MULTIPART_UPLOAD_PARTKEY {"volume":"c742fd96-8fc0-415e-a569-7738247ad1ad","bucket":"80ccd69f-f93f-4cd9-a210-3db939ebda80","key":"150d3e33-c251-4fd1-ba9c-ce3b1dddbc59","dataSize":"5242880","ETag":"5ec9ae7549d12b830c2796d79d95cb39","uploadID":"0199f1d6-48a3-7ec3-888e-2e9bc1b9c905-115389168118595893","partNumber":"1","partName":"/c742fd96-8fc0-415e-a569-7738247ad1ad/80ccd69f-f93f-4cd9-a210-3db939ebda80/150d3e33-c251-4fd1-ba9c-ce3b1dddbc59-0199f1d6-48a3-7ec3-888e-2e9bc1b9c905-115389168118595893-1","Transaction":"1284"} | ret=SUCCESS |  
2025-10-17 11:02:56,480 | INFO  | OMAudit | user=runner | ip=127.0.0.1 | op=ALLOCATE_KEY {"volume":"c742fd96-8fc0-415e-a569-7738247ad1ad","bucket":"80ccd69f-f93f-4cd9-a210-3db939ebda80","key":"150d3e33-c251-4fd1-ba9c-ce3b1dddbc59","dataSize":"5242880","Transaction":"1285"} | ret=SUCCESS |  
2025-10-17 11:02:56,482 | INFO  | SCMAudit | user=runner | ip=127.0.0.1 | op=ALLOCATE_BLOCK {"replication":"RATIS/ONE","owner":"omServiceIdDefault","size":"4194304","sampleBlocks":"[conID: 14 locID: 115816896921600336]","num":"1","client":"","allocated":"1"} | ret=SUCCESS |  
2025-10-17 11:02:56,484 | INFO  | OMAudit | user=runner | ip=127.0.0.1 | op=ALLOCATE_BLOCK {"volume":"c742fd96-8fc0-415e-a569-7738247ad1ad","bucket":"80ccd69f-f93f-4cd9-a210-3db939ebda80","key":"150d3e33-c251-4fd1-ba9c-ce3b1dddbc59","dataSize":"5242880","replicationType":"RATIS","replicationFactor":"ONE","clientID":"115389168122528055","Transaction":"1286"} | ret=SUCCESS |  
2025-10-17 11:02:56,505 [om1-OMDoubleBufferFlushThread] INFO  db.RDBCheckpointManager (RDBCheckpointManager.java:createCheckpoint(87)) - Created checkpoint in rocksDB at /home/runner/work/ozone/ozone/hadoop-ozone/integration-test/target/test-dir/MiniOzoneClusterImpl-d1ffa5d3-3301-45c3-9f44-1ffa6967d237/om/data/db.snapshots/checkpointState/om.db-99777635-23a4-4c1d-96b6-a6400ba1b57a in 45 milliseconds
2025-10-17 11:02:56,506 | INFO  | SCMAudit | user=runner | ip=127.0.0.1 | op=ALLOCATE_BLOCK {"replication":"RATIS/ONE","owner":"omServiceIdDefault","size":"4194304","sampleBlocks":"[conID: 3 locID: 115816896921600337]","num":"1","client":"","allocated":"1"} | ret=SUCCESS |  
2025-10-17 11:02:56,508 | INFO  | OMAudit | user=runner | ip=127.0.0.1 | op=ALLOCATE_BLOCK {"volume":"c742fd96-8fc0-415e-a569-7738247ad1ad","bucket":"80ccd69f-f93f-4cd9-a210-3db939ebda80","key":"150d3e33-c251-4fd1-ba9c-ce3b1dddbc59","dataSize":"5242880","replicationType":"RATIS","replicationFactor":"ONE","clientID":"115389168122528055","Transaction":"1287"} | ret=SUCCESS |  
2025-10-17 11:02:56,523 | INFO  | OMAudit | user=runner | ip=127.0.0.1 | op=COMMIT_MULTIPART_UPLOAD_PARTKEY {"volume":"c742fd96-8fc0-415e-a569-7738247ad1ad","bucket":"80ccd69f-f93f-4cd9-a210-3db939ebda80","key":"150d3e33-c251-4fd1-ba9c-ce3b1dddbc59","dataSize":"5242880","ETag":"5ec9ae7549d12b830c2796d79d95cb39","uploadID":"0199f1d6-48a3-7ec3-888e-2e9bc1b9c905-115389168118595893","partNumber":"2","partName":"/c742fd96-8fc0-415e-a569-7738247ad1ad/80ccd69f-f93f-4cd9-a210-3db939ebda80/150d3e33-c251-4fd1-ba9c-ce3b1dddbc59-0199f1d6-48a3-7ec3-888e-2e9bc1b9c905-115389168118595893-2","Transaction":"1288"} | ret=SUCCESS |  
2025-10-17 11:02:56,525 | INFO  | OMAudit | user=runner | ip=127.0.0.1 | op=ALLOCATE_KEY {"volume":"c742fd96-8fc0-415e-a569-7738247ad1ad","bucket":"80ccd69f-f93f-4cd9-a210-3db939ebda80","key":"150d3e33-c251-4fd1-ba9c-ce3b1dddbc59","dataSize":"36","Transaction":"1289"} | ret=SUCCESS |  
2025-10-17 11:02:56,527 | INFO  | SCMAudit | user=runner | ip=127.0.0.1 | op=ALLOCATE_BLOCK {"replication":"RATIS/ONE","owner":"omServiceIdDefault","size":"4194304","sampleBlocks":"[conID: 1 locID: 115816896921600338]","num":"1","client":"","allocated":"1"} | ret=SUCCESS |  
2025-10-17 11:02:56,528 [om1-OMDoubleBufferFlushThread] INFO  om.OmSnapshotManager (OmSnapshotManager.java:createOmSnapshotCheckpoint(545)) - Created checkpoint: /home/runner/work/ozone/ozone/hadoop-ozone/integration-test/target/test-dir/MiniOzoneClusterImpl-d1ffa5d3-3301-45c3-9f44-1ffa6967d237/om/data/db.snapshots/checkpointState/om.db-99777635-23a4-4c1d-96b6-a6400ba1b57a for snapshot /vol-b-67769/buc-b-13213/snapshot-a-2-12647
2025-10-17 11:02:56,529 | INFO  | OMAudit | user=runner | ip=127.0.0.1 | op=ALLOCATE_BLOCK {"volume":"c742fd96-8fc0-415e-a569-7738247ad1ad","bucket":"80ccd69f-f93f-4cd9-a210-3db939ebda80","key":"150d3e33-c251-4fd1-ba9c-ce3b1dddbc59","dataSize":"36","replicationType":"RATIS","replicationFactor":"ONE","clientID":"115389168125477176","Transaction":"1290"} | ret=SUCCESS |  
2025-10-17 11:02:56,535 | INFO  | OMAudit | user=runner | ip=127.0.0.1 | op=COMMIT_MULTIPART_UPLOAD_PARTKEY {"volume":"c742fd96-8fc0-415e-a569-7738247ad1ad","bucket":"80ccd69f-f93f-4cd9-a210-3db939ebda80","key":"150d3e33-c251-4fd1-ba9c-ce3b1dddbc59","dataSize":"36","ETag":"b00229bfb137ab3ae66c54799cac5c2e","uploadID":"0199f1d6-48a3-7ec3-888e-2e9bc1b9c905-115389168118595893","partNumber":"3","partName":"/c742fd96-8fc0-415e-a569-7738247ad1ad/80ccd69f-f93f-4cd9-a210-3db939ebda80/150d3e33-c251-4fd1-ba9c-ce3b1dddbc59-0199f1d6-48a3-7ec3-888e-2e9bc1b9c905-115389168118595893-3","Transaction":"1291"} | ret=SUCCESS |  
2025-10-17 11:02:56,539 | INFO  | OMAudit | user=runner | ip=127.0.0.1 | op=COMPLETE_MULTIPART_UPLOAD {"volume":"c742fd96-8fc0-415e-a569-7738247ad1ad","bucket":"80ccd69f-f93f-4cd9-a210-3db939ebda80","key":"150d3e33-c251-4fd1-ba9c-ce3b1dddbc59","dataSize":"0","uploadID":"0199f1d6-48a3-7ec3-888e-2e9bc1b9c905-115389168118595893","multipartList":"[partNumber: 1 partName: \"5ec9ae7549d12b830c2796d79d95cb39\" eTag: \"5ec9ae7549d12b830c2796d79d95cb39\" , partNumber: 2 partName: \"5ec9ae7549d12b830c2796d79d95cb39\" eTag: \"5ec9ae7549d12b830c2796d79d95cb39\" , partNumber: 3 partName: \"b00229bfb137ab3ae66c54799cac5c2e\" eTag: \"b00229bfb137ab3ae66c54799cac5c2e\" ]","Transaction":"1292"} | ret=SUCCESS |  
2025-10-17 11:02:56,542 | INFO  | OMAudit | user=runner | ip=127.0.0.1 | op=READ_KEY {"volume":"c742fd96-8fc0-415e-a569-7738247ad1ad","bucket":"80ccd69f-f93f-4cd9-a210-3db939ebda80","key":"150d3e33-c251-4fd1-ba9c-ce3b1dddbc59","owner":null,"dataSize":"0","replicationConfig":null} | ret=SUCCESS |  
2025-10-17 11:02:56,567 [om1-OMDoubleBufferFlushThread] INFO  db.RDBCheckpointManager (RDBCheckpointManager.java:createCheckpoint(87)) - Created checkpoint in rocksDB at /home/runner/work/ozone/ozone/hadoop-ozone/integration-test/target/test-dir/MiniOzoneClusterImpl-d1ffa5d3-3301-45c3-9f44-1ffa6967d237/om/data/db.snapshots/checkpointState/om.db-a1651e14-a880-4b39-a7e1-a010720607dd in 37 milliseconds
2025-10-17 11:02:56,590 [om1-OMDoubleBufferFlushThread] INFO  om.OmSnapshotManager (OmSnapshotManager.java:createOmSnapshotCheckpoint(545)) - Created checkpoint: /home/runner/work/ozone/ozone/hadoop-ozone/integration-test/target/test-dir/MiniOzoneClusterImpl-d1ffa5d3-3301-45c3-9f44-1ffa6967d237/om/data/db.snapshots/checkpointState/om.db-a1651e14-a880-4b39-a7e1-a010720607dd for snapshot /vol-a-69739/buc-a-45378/snapshot-a-3-08735
2025-10-17 11:02:56,621 | INFO  | SCMAudit | user=runner | ip=127.0.0.1 | op=GET_CONTAINER_WITH_PIPELINE_BATCH {"containerIDs":"#1,#3,#4,#6,#14,"} | ret=SUCCESS |  
2025-10-17 11:02:56,623 | INFO  | OMAudit | user=null | ip= | op=READ_KEY {"volume":"c742fd96-8fc0-415e-a569-7738247ad1ad","bucket":"80ccd69f-f93f-4cd9-a210-3db939ebda80","key":"150d3e33-c251-4fd1-ba9c-ce3b1dddbc59","owner":null,"dataSize":"0","replicationConfig":null} | ret=SUCCESS |  
2025-10-17 11:02:56,623 | INFO  | SCMAudit | user=runner | ip=127.0.0.1 | op=GET_CONTAINER {"containerID":"6"} | ret=SUCCESS |  
2025-10-17 11:02:56,624 | INFO  | SCMAudit | user=runner | ip=127.0.0.1 | op=GET_CONTAINER {"containerID":"4"} | ret=SUCCESS |  
2025-10-17 11:02:56,625 | INFO  | SCMAudit | user=runner | ip=127.0.0.1 | op=GET_CONTAINER {"containerID":"14"} | ret=SUCCESS |  
2025-10-17 11:02:56,625 | INFO  | SCMAudit | user=runner | ip=127.0.0.1 | op=GET_CONTAINER {"containerID":"3"} | ret=SUCCESS |  
2025-10-17 11:02:56,626 | INFO  | SCMAudit | user=runner | ip=127.0.0.1 | op=GET_CONTAINER {"containerID":"1"} | ret=SUCCESS |  
2025-10-17 11:02:56,636 [om1-OMDoubleBufferFlushThread] INFO  db.RDBCheckpointManager (RDBCheckpointManager.java:createCheckpoint(87)) - Created checkpoint in rocksDB at /home/runner/work/ozone/ozone/hadoop-ozone/integration-test/target/test-dir/MiniOzoneClusterImpl-d1ffa5d3-3301-45c3-9f44-1ffa6967d237/om/data/db.snapshots/checkpointState/om.db-31befe8f-a2d0-4522-8f78-b83a2c75c20e in 43 milliseconds
2025-10-17 11:02:56,639 | INFO  | OMAudit | user=runner | ip=127.0.0.1 | op=INITIATE_MULTIPART_UPLOAD {"volume":"c742fd96-8fc0-415e-a569-7738247ad1ad","bucket":"80ccd69f-f93f-4cd9-a210-3db939ebda80","key":"150d3e33-c251-4fd1-ba9c-ce3b1dddbc59","dataSize":"0","replicationType":"RATIS","replicationFactor":"ONE","uploadID":"0199f1d6-497e-7d95-86c2-20ff2c6fe6b9-115389168132948281","Transaction":"1293"} | ret=SUCCESS |  
2025-10-17 11:02:56,643 | INFO  | OMAudit | user=runner | ip=127.0.0.1 | op=ALLOCATE_KEY {"volume":"c742fd96-8fc0-415e-a569-7738247ad1ad","bucket":"80ccd69f-f93f-4cd9-a210-3db939ebda80","key":"150d3e33-c251-4fd1-ba9c-ce3b1dddbc59","dataSize":"5242880","Transaction":"1294"} | ret=SUCCESS |  
2025-10-17 11:02:56,645 | INFO  | SCMAudit | user=runner | ip=127.0.0.1 | op=ALLOCATE_BLOCK {"replication":"RATIS/ONE","owner":"omServiceIdDefault","size":"4194304","sampleBlocks":"[conID: 10 locID: 115816896921600339]","num":"1","client":"","allocated":"1"} | ret=SUCCESS |  
2025-10-17 11:02:56,646 | INFO  | OMAudit | user=runner | ip=127.0.0.1 | op=ALLOCATE_BLOCK {"volume":"c742fd96-8fc0-415e-a569-7738247ad1ad","bucket":"80ccd69f-f93f-4cd9-a210-3db939ebda80","key":"150d3e33-c251-4fd1-ba9c-ce3b1dddbc59","dataSize":"5242880","replicationType":"RATIS","replicationFactor":"ONE","clientID":"115389168133210426","Transaction":"1295"} | ret=SUCCESS |  
2025-10-17 11:02:56,652 [om1-OMDoubleBufferFlushThread] INFO  om.OmSnapshotManager (OmSnapshotManager.java:createOmSnapshotCheckpoint(545)) - Created checkpoint: /home/runner/work/ozone/ozone/hadoop-ozone/integration-test/target/test-dir/MiniOzoneClusterImpl-d1ffa5d3-3301-45c3-9f44-1ffa6967d237/om/data/db.snapshots/checkpointState/om.db-31befe8f-a2d0-4522-8f78-b83a2c75c20e for snapshot /vol-a-69739/buc-b-13213/snapshot-a-3-91546
2025-10-17 11:02:56,668 | INFO  | SCMAudit | user=runner | ip=127.0.0.1 | op=ALLOCATE_BLOCK {"replication":"RATIS/ONE","owner":"omServiceIdDefault","size":"4194304","sampleBlocks":"[conID: 9 locID: 115816896921600340]","num":"1","client":"","allocated":"1"} | ret=SUCCESS |  
2025-10-17 11:02:56,670 | INFO  | OMAudit | user=runner | ip=127.0.0.1 | op=ALLOCATE_BLOCK {"volume":"c742fd96-8fc0-415e-a569-7738247ad1ad","bucket":"80ccd69f-f93f-4cd9-a210-3db939ebda80","key":"150d3e33-c251-4fd1-ba9c-ce3b1dddbc59","dataSize":"5242880","replicationType":"RATIS","replicationFactor":"ONE","clientID":"115389168133210426","Transaction":"1296"} | ret=SUCCESS |  
2025-10-17 11:02:56,687 | INFO  | OMAudit | user=runner | ip=127.0.0.1 | op=COMMIT_MULTIPART_UPLOAD_PARTKEY {"volume":"c742fd96-8fc0-415e-a569-7738247ad1ad","bucket":"80ccd69f-f93f-4cd9-a210-3db939ebda80","key":"150d3e33-c251-4fd1-ba9c-ce3b1dddbc59","dataSize":"5242880","ETag":"79b281060d337b9b2b84ccf390adcf74","uploadID":"0199f1d6-497e-7d95-86c2-20ff2c6fe6b9-115389168132948281","partNumber":"1","partName":"/c742fd96-8fc0-415e-a569-7738247ad1ad/80ccd69f-f93f-4cd9-a210-3db939ebda80/150d3e33-c251-4fd1-ba9c-ce3b1dddbc59-0199f1d6-497e-7d95-86c2-20ff2c6fe6b9-115389168132948281-1","Transaction":"1297"} | ret=SUCCESS |  
2025-10-17 11:02:56,690 | INFO  | OMAudit | user=runner | ip=127.0.0.1 | op=ALLOCATE_KEY {"volume":"c742fd96-8fc0-415e-a569-7738247ad1ad","bucket":"80ccd69f-f93f-4cd9-a210-3db939ebda80","key":"150d3e33-c251-4fd1-ba9c-ce3b1dddbc59","dataSize":"5242880","Transaction":"1298"} | ret=SUCCESS |  
2025-10-17 11:02:56,693 | INFO  | SCMAudit | user=runner | ip=127.0.0.1 | op=ALLOCATE_BLOCK {"replication":"RATIS/ONE","owner":"omServiceIdDefault","size":"4194304","sampleBlocks":"[conID: 4 locID: 115816896921600341]","num":"1","client":"","allocated":"1"} | ret=SUCCESS |  
2025-10-17 11:02:56,697 | INFO  | OMAudit | user=runner | ip=127.0.0.1 | op=ALLOCATE_BLOCK {"volume":"c742fd96-8fc0-415e-a569-7738247ad1ad","bucket":"80ccd69f-f93f-4cd9-a210-3db939ebda80","key":"150d3e33-c251-4fd1-ba9c-ce3b1dddbc59","dataSize":"5242880","replicationType":"RATIS","replicationFactor":"ONE","clientID":"115389168136290619","Transaction":"1299"} | ret=SUCCESS |  
2025-10-17 11:02:56,702 [om1-OMDoubleBufferFlushThread] INFO  db.RDBCheckpointManager (RDBCheckpointManager.java:createCheckpoint(87)) - Created checkpoint in rocksDB at /home/runner/work/ozone/ozone/hadoop-ozone/integration-test/target/test-dir/MiniOzoneClusterImpl-d1ffa5d3-3301-45c3-9f44-1ffa6967d237/om/data/db.snapshots/checkpointState/om.db-62808e1d-f095-463c-93b2-1168d40833f2 in 46 milliseconds
2025-10-17 11:02:56,720 | INFO  | SCMAudit | user=runner | ip=127.0.0.1 | op=ALLOCATE_BLOCK {"replication":"RATIS/ONE","owner":"omServiceIdDefault","size":"4194304","sampleBlocks":"[conID: 14 locID: 115816896921600342]","num":"1","client":"","allocated":"1"} | ret=SUCCESS |  
2025-10-17 11:02:56,724 | INFO  | OMAudit | user=runner | ip=127.0.0.1 | op=ALLOCATE_BLOCK {"volume":"c742fd96-8fc0-415e-a569-7738247ad1ad","bucket":"80ccd69f-f93f-4cd9-a210-3db939ebda80","key":"150d3e33-c251-4fd1-ba9c-ce3b1dddbc59","dataSize":"5242880","replicationType":"RATIS","replicationFactor":"ONE","clientID":"115389168136290619","Transaction":"1300"} | ret=SUCCESS |  
2025-10-17 11:02:56,732 [om1-OMDoubleBufferFlushThread] INFO  om.OmSnapshotManager (OmSnapshotManager.java:createOmSnapshotCheckpoint(545)) - Created checkpoint: /home/runner/work/ozone/ozone/hadoop-ozone/integration-test/target/test-dir/MiniOzoneClusterImpl-d1ffa5d3-3301-45c3-9f44-1ffa6967d237/om/data/db.snapshots/checkpointState/om.db-62808e1d-f095-463c-93b2-1168d40833f2 for snapshot /vol-b-67769/buc-a-45378/snapshot-a-3-28898
2025-10-17 11:02:56,735 | INFO  | SCMAudit | user=runner | ip=127.0.0.1 | op=SEND_HEARTBEAT {"datanodeUUID":"b6f92338-e951-49df-a986-ea31ece96e9e","term":"2","command":"[]"} | ret=SUCCESS |  
2025-10-17 11:02:56,736 | INFO  | SCMAudit | user=runner | ip=127.0.0.1 | op=SEND_HEARTBEAT {"datanodeUUID":"2b4cc429-f9c1-416c-9a38-6239a2e149ea","term":"2","command":"[]"} | ret=SUCCESS |  
2025-10-17 11:02:56,736 | INFO  | SCMAudit | user=runner | ip=127.0.0.1 | op=SEND_HEARTBEAT {"datanodeUUID":"b292b6be-9482-4c30-a3e0-c9f721931b72","term":"2","command":"[]"} | ret=SUCCESS |  
2025-10-17 11:02:56,737 | INFO  | SCMAudit | user=runner | ip=127.0.0.1 | op=SEND_HEARTBEAT {"datanodeUUID":"28c08cd4-c049-4c66-8210-e254cf68b291","term":"2","command":"[]"} | ret=SUCCESS |  
2025-10-17 11:02:56,737 | INFO  | SCMAudit | user=runner | ip=127.0.0.1 | op=SEND_HEARTBEAT {"datanodeUUID":"b1eee25a-1fdf-4744-83c7-58e0513fce3b","term":"2","command":"[]"} | ret=SUCCESS |  
2025-10-17 11:02:56,741 | INFO  | OMAudit | user=runner | ip=127.0.0.1 | op=COMMIT_MULTIPART_UPLOAD_PARTKEY {"volume":"c742fd96-8fc0-415e-a569-7738247ad1ad","bucket":"80ccd69f-f93f-4cd9-a210-3db939ebda80","key":"150d3e33-c251-4fd1-ba9c-ce3b1dddbc59","dataSize":"5242880","ETag":"79b281060d337b9b2b84ccf390adcf74","uploadID":"0199f1d6-497e-7d95-86c2-20ff2c6fe6b9-115389168132948281","partNumber":"2","partName":"/c742fd96-8fc0-415e-a569-7738247ad1ad/80ccd69f-f93f-4cd9-a210-3db939ebda80/150d3e33-c251-4fd1-ba9c-ce3b1dddbc59-0199f1d6-497e-7d95-86c2-20ff2c6fe6b9-115389168132948281-2","Transaction":"1301"} | ret=SUCCESS |  
2025-10-17 11:02:56,744 | INFO  | OMAudit | user=runner | ip=127.0.0.1 | op=ALLOCATE_KEY {"volume":"c742fd96-8fc0-415e-a569-7738247ad1ad","bucket":"80ccd69f-f93f-4cd9-a210-3db939ebda80","key":"150d3e33-c251-4fd1-ba9c-ce3b1dddbc59","dataSize":"36","Transaction":"1302"} | ret=SUCCESS |  
2025-10-17 11:02:56,746 | INFO  | SCMAudit | user=runner | ip=127.0.0.1 | op=ALLOCATE_BLOCK {"replication":"RATIS/ONE","owner":"omServiceIdDefault","size":"4194304","sampleBlocks":"[conID: 6 locID: 115816896921600343]","num":"1","client":"","allocated":"1"} | ret=SUCCESS |  
2025-10-17 11:02:56,749 | INFO  | OMAudit | user=runner | ip=127.0.0.1 | op=ALLOCATE_BLOCK {"volume":"c742fd96-8fc0-415e-a569-7738247ad1ad","bucket":"80ccd69f-f93f-4cd9-a210-3db939ebda80","key":"150d3e33-c251-4fd1-ba9c-ce3b1dddbc59","dataSize":"36","replicationType":"RATIS","replicationFactor":"ONE","clientID":"115389168139764028","Transaction":"1303"} | ret=SUCCESS |  
2025-10-17 11:02:56,756 | INFO  | OMAudit | user=runner | ip=127.0.0.1 | op=COMMIT_MULTIPART_UPLOAD_PARTKEY {"volume":"c742fd96-8fc0-415e-a569-7738247ad1ad","bucket":"80ccd69f-f93f-4cd9-a210-3db939ebda80","key":"150d3e33-c251-4fd1-ba9c-ce3b1dddbc59","dataSize":"36","ETag":"e08d934c91caffbc6ed03a93ed901cc8","uploadID":"0199f1d6-497e-7d95-86c2-20ff2c6fe6b9-115389168132948281","partNumber":"3","partName":"/c742fd96-8fc0-415e-a569-7738247ad1ad/80ccd69f-f93f-4cd9-a210-3db939ebda80/150d3e33-c251-4fd1-ba9c-ce3b1dddbc59-0199f1d6-497e-7d95-86c2-20ff2c6fe6b9-115389168132948281-3","Transaction":"1304"} | ret=SUCCESS |  
2025-10-17 11:02:56,759 | INFO  | OMAudit | user=runner | ip=127.0.0.1 | op=COMPLETE_MULTIPART_UPLOAD {"volume":"c742fd96-8fc0-415e-a569-7738247ad1ad","bucket":"80ccd69f-f93f-4cd9-a210-3db939ebda80","key":"150d3e33-c251-4fd1-ba9c-ce3b1dddbc59","dataSize":"0","uploadID":"0199f1d6-497e-7d95-86c2-20ff2c6fe6b9-115389168132948281","multipartList":"[partNumber: 1 partName: \"79b281060d337b9b2b84ccf390adcf74\" eTag: \"79b281060d337b9b2b84ccf390adcf74\" , partNumber: 2 partName: \"79b281060d337b9b2b84ccf390adcf74\" eTag: \"79b281060d337b9b2b84ccf390adcf74\" , partNumber: 3 partName: \"e08d934c91caffbc6ed03a93ed901cc8\" eTag: \"e08d934c91caffbc6ed03a93ed901cc8\" ]","Transaction":"1305"} | ret=SUCCESS |  
2025-10-17 11:02:56,761 | INFO  | OMAudit | user=runner | ip=127.0.0.1 | op=READ_KEY {"volume":"c742fd96-8fc0-415e-a569-7738247ad1ad","bucket":"80ccd69f-f93f-4cd9-a210-3db939ebda80","key":"150d3e33-c251-4fd1-ba9c-ce3b1dddbc59","owner":null,"dataSize":"0","replicationConfig":null} | ret=SUCCESS |  
2025-10-17 11:02:56,762 | INFO  | SCMAudit | user=runner | ip=127.0.0.1 | op=SEND_HEARTBEAT {"datanodeUUID":"dbd6f242-9b73-4bca-a110-3e2ec656b979","term":"2","command":"[]"} | ret=SUCCESS |  
2025-10-17 11:02:56,765 | INFO  | SCMAudit | user=runner | ip=127.0.0.1 | op=SEND_HEARTBEAT {"datanodeUUID":"ed6e9581-5875-4278-a8db-50829892434b","term":"2","command":"[]"} | ret=SUCCESS |  
2025-10-17 11:02:56,781 [om1-OMDoubleBufferFlushThread] INFO  db.RDBCheckpointManager (RDBCheckpointManager.java:createCheckpoint(87)) - Created checkpoint in rocksDB at /home/runner/work/ozone/ozone/hadoop-ozone/integration-test/target/test-dir/MiniOzoneClusterImpl-d1ffa5d3-3301-45c3-9f44-1ffa6967d237/om/data/db.snapshots/checkpointState/om.db-c4fa44d2-b3f2-4aaf-b7fb-fe4cf8bbe775 in 44 milliseconds
2025-10-17 11:02:56,803 [om1-OMDoubleBufferFlushThread] INFO  om.OmSnapshotManager (OmSnapshotManager.java:createOmSnapshotCheckpoint(545)) - Created checkpoint: /home/runner/work/ozone/ozone/hadoop-ozone/integration-test/target/test-dir/MiniOzoneClusterImpl-d1ffa5d3-3301-45c3-9f44-1ffa6967d237/om/data/db.snapshots/checkpointState/om.db-c4fa44d2-b3f2-4aaf-b7fb-fe4cf8bbe775 for snapshot /vol-b-67769/buc-b-13213/snapshot-a-3-56650
2025-10-17 11:02:56,832 | INFO  | SCMAudit | user=runner | ip=127.0.0.1 | op=GET_CONTAINER_WITH_PIPELINE_BATCH {"containerIDs":"#4,#6,#9,#10,#14,"} | ret=SUCCESS |  
2025-10-17 11:02:56,833 | INFO  | OMAudit | user=null | ip= | op=READ_KEY {"volume":"c742fd96-8fc0-415e-a569-7738247ad1ad","bucket":"80ccd69f-f93f-4cd9-a210-3db939ebda80","key":"150d3e33-c251-4fd1-ba9c-ce3b1dddbc59","owner":null,"dataSize":"0","replicationConfig":null} | ret=SUCCESS |  
2025-10-17 11:02:56,835 | INFO  | SCMAudit | user=runner | ip=127.0.0.1 | op=GET_CONTAINER {"containerID":"10"} | ret=SUCCESS |  
2025-10-17 11:02:56,837 | INFO  | SCMAudit | user=runner | ip=127.0.0.1 | op=GET_CONTAINER {"containerID":"9"} | ret=SUCCESS |  
2025-10-17 11:02:56,838 | INFO  | SCMAudit | user=runner | ip=127.0.0.1 | op=GET_CONTAINER {"containerID":"4"} | ret=SUCCESS |  
2025-10-17 11:02:56,839 | INFO  | SCMAudit | user=runner | ip=127.0.0.1 | op=GET_CONTAINER {"containerID":"14"} | ret=SUCCESS |  
2025-10-17 11:02:56,840 | INFO  | SCMAudit | user=runner | ip=127.0.0.1 | op=GET_CONTAINER {"containerID":"6"} | ret=SUCCESS |  
]]></system-out>
  </testcase>
  <testcase name="testMultipartUploadOverride(ReplicationConfig)[2]" classname="org.apache.hadoop.ozone.client.rpc.TestSecureOzoneRpcClient" time="0.61">
    <system-out><![CDATA[2025-10-17 11:02:56,851 [om1-OMDoubleBufferFlushThread] INFO  db.RDBCheckpointManager (RDBCheckpointManager.java:createCheckpoint(87)) - Created checkpoint in rocksDB at /home/runner/work/ozone/ozone/hadoop-ozone/integration-test/target/test-dir/MiniOzoneClusterImpl-d1ffa5d3-3301-45c3-9f44-1ffa6967d237/om/data/db.snapshots/checkpointState/om.db-4e514b7a-f71d-49bc-b7c3-b562e43b6911 in 46 milliseconds
2025-10-17 11:02:56,854 [ForkJoinPool-1-worker-1] INFO  rpc.RpcClient (RpcClient.java:createVolume(461)) - Creating Volume: 2090b578-56d0-406e-bcc3-0ef7fdcf4d9f, with runner as owner and space quota set to -1 bytes, counts quota set to -1
2025-10-17 11:02:56,856 [om1-OMStateMachineApplyTransactionThread - 0] INFO  volume.OMVolumeCreateRequest (OMVolumeCreateRequest.java:validateAndUpdateCache(213)) - created volume:2090b578-56d0-406e-bcc3-0ef7fdcf4d9f for user:runner
2025-10-17 11:02:56,856 | INFO  | OMAudit | user=runner | ip=127.0.0.1 | op=CREATE_VOLUME {"admin":"runner","owner":"runner","volume":"2090b578-56d0-406e-bcc3-0ef7fdcf4d9f","creationTime":"1760698976855","modificationTime":"1760698976855","quotaInBytes":"-1","quotaInNamespace":"-1","usedNamespace":"0","objectID":"-9223372036854441472","updateID":"1306","Transaction":"1306"} | ret=SUCCESS |  
2025-10-17 11:02:56,857 | INFO  | OMAudit | user=runner | ip=127.0.0.1 | op=READ_VOLUME {"volume":"2090b578-56d0-406e-bcc3-0ef7fdcf4d9f"} | ret=SUCCESS |  
2025-10-17 11:02:56,858 [ForkJoinPool-1-worker-1] INFO  rpc.RpcClient (RpcClient.java:createBucket(686)) - Creating Bucket: 2090b578-56d0-406e-bcc3-0ef7fdcf4d9f/f4852007-a182-472d-bb3d-6376411fdaa9, with server-side default bucket layout, runner as owner, Versioning false, Storage Type set to DISK and Encryption set to false, Replication Type set to server-side default replication type, Namespace Quota set to -1, Space Quota set to -1 
2025-10-17 11:02:56,859 [om1-OMStateMachineApplyTransactionThread - 0] INFO  bucket.OMBucketCreateRequest (OMBucketCreateRequest.java:validateAndUpdateCache(303)) - created bucket: f4852007-a182-472d-bb3d-6376411fdaa9 of layout FILE_SYSTEM_OPTIMIZED in volume: 2090b578-56d0-406e-bcc3-0ef7fdcf4d9f
2025-10-17 11:02:56,859 | INFO  | OMAudit | user=runner | ip=127.0.0.1 | op=CREATE_BUCKET {"volume":"2090b578-56d0-406e-bcc3-0ef7fdcf4d9f","bucket":"f4852007-a182-472d-bb3d-6376411fdaa9","bucketLayout":"FILE_SYSTEM_OPTIMIZED","gdprEnabled":null,"acls":"[user:runner:a[ACCESS], group:runner:rl[ACCESS]]","isVersionEnabled":"false","storageType":"DISK","creationTime":"1760698976858","bucketEncryptionKey":null,"modificationTime":"1760698976858","usedBytes":"0","usedNamespace":"0","snapshotUsedBytes":"0","snapshotUsedNamespace":"0","owner":"runner","replicationType":null,"replicationConfig":null,"quotaInBytes":"-1","quotaInNamespace":"-1","Transaction":"1307"} | ret=SUCCESS |  
2025-10-17 11:02:56,860 | INFO  | OMAudit | user=runner | ip=127.0.0.1 | op=READ_BUCKET {"volume":"2090b578-56d0-406e-bcc3-0ef7fdcf4d9f","bucket":"f4852007-a182-472d-bb3d-6376411fdaa9"} | ret=SUCCESS |  
2025-10-17 11:02:56,863 | INFO  | OMAudit | user=runner | ip=127.0.0.1 | op=INITIATE_MULTIPART_UPLOAD {"volume":"2090b578-56d0-406e-bcc3-0ef7fdcf4d9f","bucket":"f4852007-a182-472d-bb3d-6376411fdaa9","key":"b151993c-a28a-48a7-a56e-bf009b55ecbb","dataSize":"0","replicationType":"RATIS","replicationFactor":"THREE","uploadID":"0199f1d6-4a5d-74cf-9b03-187c01837b3d-115389168147562813","Transaction":"1308"} | ret=SUCCESS |  
2025-10-17 11:02:56,864 | INFO  | SCMAudit | user=runner | ip=127.0.0.1 | op=SEND_HEARTBEAT {"datanodeUUID":"a5293c95-44e9-4ea9-88ca-89089eac4b59","term":"2","command":"[]"} | ret=SUCCESS |  
2025-10-17 11:02:56,867 | INFO  | OMAudit | user=runner | ip=127.0.0.1 | op=ALLOCATE_KEY {"volume":"2090b578-56d0-406e-bcc3-0ef7fdcf4d9f","bucket":"f4852007-a182-472d-bb3d-6376411fdaa9","key":"b151993c-a28a-48a7-a56e-bf009b55ecbb","dataSize":"5242880","Transaction":"1309"} | ret=SUCCESS |  
2025-10-17 11:02:56,869 | INFO  | SCMAudit | user=runner | ip=127.0.0.1 | op=ALLOCATE_BLOCK {"replication":"RATIS/THREE","owner":"omServiceIdDefault","size":"4194304","sampleBlocks":"[conID: 16 locID: 115816896921600344]","num":"1","client":"","allocated":"1"} | ret=SUCCESS |  
2025-10-17 11:02:56,872 | INFO  | OMAudit | user=runner | ip=127.0.0.1 | op=ALLOCATE_BLOCK {"volume":"2090b578-56d0-406e-bcc3-0ef7fdcf4d9f","bucket":"f4852007-a182-472d-bb3d-6376411fdaa9","key":"b151993c-a28a-48a7-a56e-bf009b55ecbb","dataSize":"5242880","replicationType":"RATIS","replicationFactor":"THREE","clientID":"115389168147890494","Transaction":"1310"} | ret=SUCCESS |  
2025-10-17 11:02:56,879 [om1-OMDoubleBufferFlushThread] INFO  om.OmSnapshotManager (OmSnapshotManager.java:createOmSnapshotCheckpoint(545)) - Created checkpoint: /home/runner/work/ozone/ozone/hadoop-ozone/integration-test/target/test-dir/MiniOzoneClusterImpl-d1ffa5d3-3301-45c3-9f44-1ffa6967d237/om/data/db.snapshots/checkpointState/om.db-4e514b7a-f71d-49bc-b7c3-b562e43b6911 for snapshot /vol-a-69739/buc-a-45378/snapshot-a-4-86882
2025-10-17 11:02:56,927 | INFO  | SCMAudit | user=runner | ip=127.0.0.1 | op=ALLOCATE_BLOCK {"replication":"RATIS/THREE","owner":"omServiceIdDefault","size":"4194304","sampleBlocks":"[conID: 21 locID: 115816896921600345]","num":"1","client":"","allocated":"1"} | ret=SUCCESS |  
2025-10-17 11:02:56,929 | INFO  | OMAudit | user=runner | ip=127.0.0.1 | op=ALLOCATE_BLOCK {"volume":"2090b578-56d0-406e-bcc3-0ef7fdcf4d9f","bucket":"f4852007-a182-472d-bb3d-6376411fdaa9","key":"b151993c-a28a-48a7-a56e-bf009b55ecbb","dataSize":"5242880","replicationType":"RATIS","replicationFactor":"THREE","clientID":"115389168147890494","Transaction":"1311"} | ret=SUCCESS |  
2025-10-17 11:02:56,944 | INFO  | SCMAudit | user=runner | ip=127.0.0.1 | op=SEND_HEARTBEAT {"datanodeUUID":"3a11eef6-a527-493c-8ba3-ae39ecaefa56","term":"2","command":"[]"} | ret=SUCCESS |  
2025-10-17 11:02:56,954 [om1-OMDoubleBufferFlushThread] INFO  db.RDBCheckpointManager (RDBCheckpointManager.java:createCheckpoint(87)) - Created checkpoint in rocksDB at /home/runner/work/ozone/ozone/hadoop-ozone/integration-test/target/test-dir/MiniOzoneClusterImpl-d1ffa5d3-3301-45c3-9f44-1ffa6967d237/om/data/db.snapshots/checkpointState/om.db-da1b4dff-e0aa-421b-a41c-fa52f13a4347 in 73 milliseconds
2025-10-17 11:02:56,962 | INFO  | OMAudit | user=runner | ip=127.0.0.1 | op=COMMIT_MULTIPART_UPLOAD_PARTKEY {"volume":"2090b578-56d0-406e-bcc3-0ef7fdcf4d9f","bucket":"f4852007-a182-472d-bb3d-6376411fdaa9","key":"b151993c-a28a-48a7-a56e-bf009b55ecbb","dataSize":"5242880","ETag":"5ec9ae7549d12b830c2796d79d95cb39","uploadID":"0199f1d6-4a5d-74cf-9b03-187c01837b3d-115389168147562813","partNumber":"1","partName":"/2090b578-56d0-406e-bcc3-0ef7fdcf4d9f/f4852007-a182-472d-bb3d-6376411fdaa9/b151993c-a28a-48a7-a56e-bf009b55ecbb-0199f1d6-4a5d-74cf-9b03-187c01837b3d-115389168147562813-1","Transaction":"1312"} | ret=SUCCESS |  
2025-10-17 11:02:56,966 | INFO  | OMAudit | user=runner | ip=127.0.0.1 | op=ALLOCATE_KEY {"volume":"2090b578-56d0-406e-bcc3-0ef7fdcf4d9f","bucket":"f4852007-a182-472d-bb3d-6376411fdaa9","key":"b151993c-a28a-48a7-a56e-bf009b55ecbb","dataSize":"5242880","Transaction":"1313"} | ret=SUCCESS |  
2025-10-17 11:02:56,969 | INFO  | SCMAudit | user=runner | ip=127.0.0.1 | op=ALLOCATE_BLOCK {"replication":"RATIS/THREE","owner":"omServiceIdDefault","size":"4194304","sampleBlocks":"[conID: 21 locID: 115816896921600346]","num":"1","client":"","allocated":"1"} | ret=SUCCESS |  
2025-10-17 11:02:56,970 | INFO  | OMAudit | user=runner | ip=127.0.0.1 | op=ALLOCATE_BLOCK {"volume":"2090b578-56d0-406e-bcc3-0ef7fdcf4d9f","bucket":"f4852007-a182-472d-bb3d-6376411fdaa9","key":"b151993c-a28a-48a7-a56e-bf009b55ecbb","dataSize":"5242880","replicationType":"RATIS","replicationFactor":"THREE","clientID":"115389168154313023","Transaction":"1314"} | ret=SUCCESS |  
2025-10-17 11:02:56,988 [om1-OMDoubleBufferFlushThread] INFO  om.OmSnapshotManager (OmSnapshotManager.java:createOmSnapshotCheckpoint(545)) - Created checkpoint: /home/runner/work/ozone/ozone/hadoop-ozone/integration-test/target/test-dir/MiniOzoneClusterImpl-d1ffa5d3-3301-45c3-9f44-1ffa6967d237/om/data/db.snapshots/checkpointState/om.db-da1b4dff-e0aa-421b-a41c-fa52f13a4347 for snapshot /vol-a-69739/buc-b-13213/snapshot-a-4-56182
2025-10-17 11:02:57,033 | INFO  | SCMAudit | user=runner | ip=127.0.0.1 | op=SEND_HEARTBEAT {"datanodeUUID":"309ab1ff-9f5a-4058-8b2f-94d451ce5267","term":"2","command":"[]"} | ret=SUCCESS |  
2025-10-17 11:02:57,040 | INFO  | SCMAudit | user=runner | ip=127.0.0.1 | op=ALLOCATE_BLOCK {"replication":"RATIS/THREE","owner":"omServiceIdDefault","size":"4194304","sampleBlocks":"[conID: 15 locID: 115816896921600347]","num":"1","client":"","allocated":"1"} | ret=SUCCESS |  
2025-10-17 11:02:57,042 | INFO  | OMAudit | user=runner | ip=127.0.0.1 | op=ALLOCATE_BLOCK {"volume":"2090b578-56d0-406e-bcc3-0ef7fdcf4d9f","bucket":"f4852007-a182-472d-bb3d-6376411fdaa9","key":"b151993c-a28a-48a7-a56e-bf009b55ecbb","dataSize":"5242880","replicationType":"RATIS","replicationFactor":"THREE","clientID":"115389168154313023","Transaction":"1315"} | ret=SUCCESS |  
2025-10-17 11:02:57,067 | INFO  | OMAudit | user=runner | ip=127.0.0.1 | op=COMMIT_MULTIPART_UPLOAD_PARTKEY {"volume":"2090b578-56d0-406e-bcc3-0ef7fdcf4d9f","bucket":"f4852007-a182-472d-bb3d-6376411fdaa9","key":"b151993c-a28a-48a7-a56e-bf009b55ecbb","dataSize":"5242880","ETag":"5ec9ae7549d12b830c2796d79d95cb39","uploadID":"0199f1d6-4a5d-74cf-9b03-187c01837b3d-115389168147562813","partNumber":"2","partName":"/2090b578-56d0-406e-bcc3-0ef7fdcf4d9f/f4852007-a182-472d-bb3d-6376411fdaa9/b151993c-a28a-48a7-a56e-bf009b55ecbb-0199f1d6-4a5d-74cf-9b03-187c01837b3d-115389168147562813-2","Transaction":"1316"} | ret=SUCCESS |  
2025-10-17 11:02:57,070 | INFO  | OMAudit | user=runner | ip=127.0.0.1 | op=ALLOCATE_KEY {"volume":"2090b578-56d0-406e-bcc3-0ef7fdcf4d9f","bucket":"f4852007-a182-472d-bb3d-6376411fdaa9","key":"b151993c-a28a-48a7-a56e-bf009b55ecbb","dataSize":"36","Transaction":"1317"} | ret=SUCCESS |  
2025-10-17 11:02:57,074 | INFO  | SCMAudit | user=runner | ip=127.0.0.1 | op=ALLOCATE_BLOCK {"replication":"RATIS/THREE","owner":"omServiceIdDefault","size":"4194304","sampleBlocks":"[conID: 16 locID: 115816896921600348]","num":"1","client":"","allocated":"1"} | ret=SUCCESS |  
2025-10-17 11:02:57,076 | INFO  | OMAudit | user=runner | ip=127.0.0.1 | op=ALLOCATE_BLOCK {"volume":"2090b578-56d0-406e-bcc3-0ef7fdcf4d9f","bucket":"f4852007-a182-472d-bb3d-6376411fdaa9","key":"b151993c-a28a-48a7-a56e-bf009b55ecbb","dataSize":"36","replicationType":"RATIS","replicationFactor":"THREE","clientID":"115389168161128768","Transaction":"1318"} | ret=SUCCESS |  
2025-10-17 11:02:57,079 [om1-OMDoubleBufferFlushThread] INFO  db.RDBCheckpointManager (RDBCheckpointManager.java:createCheckpoint(87)) - Created checkpoint in rocksDB at /home/runner/work/ozone/ozone/hadoop-ozone/integration-test/target/test-dir/MiniOzoneClusterImpl-d1ffa5d3-3301-45c3-9f44-1ffa6967d237/om/data/db.snapshots/checkpointState/om.db-4022ec78-a400-4c56-bd76-dcf65a2da92e in 89 milliseconds
2025-10-17 11:02:57,086 | INFO  | OMAudit | user=runner | ip=127.0.0.1 | op=COMMIT_MULTIPART_UPLOAD_PARTKEY {"volume":"2090b578-56d0-406e-bcc3-0ef7fdcf4d9f","bucket":"f4852007-a182-472d-bb3d-6376411fdaa9","key":"b151993c-a28a-48a7-a56e-bf009b55ecbb","dataSize":"36","ETag":"206f86f52679774d73fdad9966248ded","uploadID":"0199f1d6-4a5d-74cf-9b03-187c01837b3d-115389168147562813","partNumber":"3","partName":"/2090b578-56d0-406e-bcc3-0ef7fdcf4d9f/f4852007-a182-472d-bb3d-6376411fdaa9/b151993c-a28a-48a7-a56e-bf009b55ecbb-0199f1d6-4a5d-74cf-9b03-187c01837b3d-115389168147562813-3","Transaction":"1319"} | ret=SUCCESS |  
2025-10-17 11:02:57,089 | INFO  | OMAudit | user=runner | ip=127.0.0.1 | op=COMPLETE_MULTIPART_UPLOAD {"volume":"2090b578-56d0-406e-bcc3-0ef7fdcf4d9f","bucket":"f4852007-a182-472d-bb3d-6376411fdaa9","key":"b151993c-a28a-48a7-a56e-bf009b55ecbb","dataSize":"0","uploadID":"0199f1d6-4a5d-74cf-9b03-187c01837b3d-115389168147562813","multipartList":"[partNumber: 1 partName: \"5ec9ae7549d12b830c2796d79d95cb39\" eTag: \"5ec9ae7549d12b830c2796d79d95cb39\" , partNumber: 2 partName: \"5ec9ae7549d12b830c2796d79d95cb39\" eTag: \"5ec9ae7549d12b830c2796d79d95cb39\" , partNumber: 3 partName: \"206f86f52679774d73fdad9966248ded\" eTag: \"206f86f52679774d73fdad9966248ded\" ]","Transaction":"1320"} | ret=SUCCESS |  
2025-10-17 11:02:57,092 | INFO  | SCMAudit | user=runner | ip=127.0.0.1 | op=GET_CONTAINER_WITH_PIPELINE_BATCH {"containerIDs":"#16,#21,"} | ret=SUCCESS |  
2025-10-17 11:02:57,093 | INFO  | OMAudit | user=runner | ip=127.0.0.1 | op=READ_KEY {"volume":"2090b578-56d0-406e-bcc3-0ef7fdcf4d9f","bucket":"f4852007-a182-472d-bb3d-6376411fdaa9","key":"b151993c-a28a-48a7-a56e-bf009b55ecbb","owner":null,"dataSize":"0","replicationConfig":null} | ret=SUCCESS |  
2025-10-17 11:02:57,101 [om1-OMDoubleBufferFlushThread] INFO  om.OmSnapshotManager (OmSnapshotManager.java:createOmSnapshotCheckpoint(545)) - Created checkpoint: /home/runner/work/ozone/ozone/hadoop-ozone/integration-test/target/test-dir/MiniOzoneClusterImpl-d1ffa5d3-3301-45c3-9f44-1ffa6967d237/om/data/db.snapshots/checkpointState/om.db-4022ec78-a400-4c56-bd76-dcf65a2da92e for snapshot /vol-b-67769/buc-a-45378/snapshot-a-4-54176
2025-10-17 11:02:57,141 [om1-OMDoubleBufferFlushThread] INFO  db.RDBCheckpointManager (RDBCheckpointManager.java:createCheckpoint(87)) - Created checkpoint in rocksDB at /home/runner/work/ozone/ozone/hadoop-ozone/integration-test/target/test-dir/MiniOzoneClusterImpl-d1ffa5d3-3301-45c3-9f44-1ffa6967d237/om/data/db.snapshots/checkpointState/om.db-3ac95e2a-3b9c-495c-9145-b627eaf3eb0a in 38 milliseconds
2025-10-17 11:02:57,162 | INFO  | SCMAudit | user=runner | ip=127.0.0.1 | op=GET_CONTAINER_WITH_PIPELINE_BATCH {"containerIDs":"#16,#21,#15,"} | ret=SUCCESS |  
2025-10-17 11:02:57,163 | INFO  | OMAudit | user=null | ip= | op=READ_KEY {"volume":"2090b578-56d0-406e-bcc3-0ef7fdcf4d9f","bucket":"f4852007-a182-472d-bb3d-6376411fdaa9","key":"b151993c-a28a-48a7-a56e-bf009b55ecbb","owner":null,"dataSize":"0","replicationConfig":null} | ret=SUCCESS |  
2025-10-17 11:02:57,164 | INFO  | SCMAudit | user=runner | ip=127.0.0.1 | op=GET_CONTAINER {"containerID":"16"} | ret=SUCCESS |  
2025-10-17 11:02:57,164 [om1-OMDoubleBufferFlushThread] INFO  om.OmSnapshotManager (OmSnapshotManager.java:createOmSnapshotCheckpoint(545)) - Created checkpoint: /home/runner/work/ozone/ozone/hadoop-ozone/integration-test/target/test-dir/MiniOzoneClusterImpl-d1ffa5d3-3301-45c3-9f44-1ffa6967d237/om/data/db.snapshots/checkpointState/om.db-3ac95e2a-3b9c-495c-9145-b627eaf3eb0a for snapshot /vol-b-67769/buc-b-13213/snapshot-a-4-61188
2025-10-17 11:02:57,164 | INFO  | SCMAudit | user=runner | ip=127.0.0.1 | op=GET_CONTAINER {"containerID":"21"} | ret=SUCCESS |  
2025-10-17 11:02:57,165 | INFO  | SCMAudit | user=runner | ip=127.0.0.1 | op=GET_CONTAINER {"containerID":"21"} | ret=SUCCESS |  
2025-10-17 11:02:57,165 | INFO  | SCMAudit | user=runner | ip=127.0.0.1 | op=GET_CONTAINER {"containerID":"15"} | ret=SUCCESS |  
2025-10-17 11:02:57,166 | INFO  | SCMAudit | user=runner | ip=127.0.0.1 | op=GET_CONTAINER {"containerID":"16"} | ret=SUCCESS |  
2025-10-17 11:02:57,180 | INFO  | OMAudit | user=runner | ip=127.0.0.1 | op=INITIATE_MULTIPART_UPLOAD {"volume":"2090b578-56d0-406e-bcc3-0ef7fdcf4d9f","bucket":"f4852007-a182-472d-bb3d-6376411fdaa9","key":"b151993c-a28a-48a7-a56e-bf009b55ecbb","dataSize":"0","replicationType":"RATIS","replicationFactor":"THREE","uploadID":"0199f1d6-4b9a-7dc4-a8d6-825b187897c9-115389168168337729","Transaction":"1321"} | ret=SUCCESS |  
2025-10-17 11:02:57,184 | INFO  | OMAudit | user=runner | ip=127.0.0.1 | op=ALLOCATE_KEY {"volume":"2090b578-56d0-406e-bcc3-0ef7fdcf4d9f","bucket":"f4852007-a182-472d-bb3d-6376411fdaa9","key":"b151993c-a28a-48a7-a56e-bf009b55ecbb","dataSize":"5242880","Transaction":"1322"} | ret=SUCCESS |  
2025-10-17 11:02:57,186 | INFO  | SCMAudit | user=runner | ip=127.0.0.1 | op=ALLOCATE_BLOCK {"replication":"RATIS/THREE","owner":"omServiceIdDefault","size":"4194304","sampleBlocks":"[conID: 21 locID: 115816896921600349]","num":"1","client":"","allocated":"1"} | ret=SUCCESS |  
2025-10-17 11:02:57,188 | INFO  | OMAudit | user=runner | ip=127.0.0.1 | op=ALLOCATE_BLOCK {"volume":"2090b578-56d0-406e-bcc3-0ef7fdcf4d9f","bucket":"f4852007-a182-472d-bb3d-6376411fdaa9","key":"b151993c-a28a-48a7-a56e-bf009b55ecbb","dataSize":"5242880","replicationType":"RATIS","replicationFactor":"THREE","clientID":"115389168168665410","Transaction":"1323"} | ret=SUCCESS |  
2025-10-17 11:02:57,215 [om1-OMDoubleBufferFlushThread] INFO  db.RDBCheckpointManager (RDBCheckpointManager.java:createCheckpoint(87)) - Created checkpoint in rocksDB at /home/runner/work/ozone/ozone/hadoop-ozone/integration-test/target/test-dir/MiniOzoneClusterImpl-d1ffa5d3-3301-45c3-9f44-1ffa6967d237/om/data/db.snapshots/checkpointState/om.db-e14867e0-479c-4223-a50f-be600dc2e592 in 50 milliseconds
2025-10-17 11:02:57,220 | INFO  | SCMAudit | user=runner | ip=127.0.0.1 | op=SEND_HEARTBEAT {"datanodeUUID":"50dccd39-549f-4f43-8b1f-597bf98f9c16","term":"2","command":"[]"} | ret=SUCCESS |  
2025-10-17 11:02:57,245 | INFO  | SCMAudit | user=runner | ip=127.0.0.1 | op=ALLOCATE_BLOCK {"replication":"RATIS/THREE","owner":"omServiceIdDefault","size":"4194304","sampleBlocks":"[conID: 17 locID: 115816896921600350]","num":"1","client":"","allocated":"1"} | ret=SUCCESS |  
2025-10-17 11:02:57,249 | INFO  | OMAudit | user=runner | ip=127.0.0.1 | op=ALLOCATE_BLOCK {"volume":"2090b578-56d0-406e-bcc3-0ef7fdcf4d9f","bucket":"f4852007-a182-472d-bb3d-6376411fdaa9","key":"b151993c-a28a-48a7-a56e-bf009b55ecbb","dataSize":"5242880","replicationType":"RATIS","replicationFactor":"THREE","clientID":"115389168168665410","Transaction":"1324"} | ret=SUCCESS |  
2025-10-17 11:02:57,255 [om1-OMDoubleBufferFlushThread] INFO  om.OmSnapshotManager (OmSnapshotManager.java:createOmSnapshotCheckpoint(545)) - Created checkpoint: /home/runner/work/ozone/ozone/hadoop-ozone/integration-test/target/test-dir/MiniOzoneClusterImpl-d1ffa5d3-3301-45c3-9f44-1ffa6967d237/om/data/db.snapshots/checkpointState/om.db-e14867e0-479c-4223-a50f-be600dc2e592 for snapshot /vol-a-69739/buc-a-45378/snapshot-a-5-14026
2025-10-17 11:02:57,263 | INFO  | SCMAudit | user=runner | ip=127.0.0.1 | op=SEND_HEARTBEAT {"datanodeUUID":"99c47355-c013-4450-a734-aff6d3c99677","term":"2","command":"[]"} | ret=SUCCESS |  
2025-10-17 11:02:57,267 | INFO  | SCMAudit | user=runner | ip=127.0.0.1 | op=SEND_HEARTBEAT {"datanodeUUID":"718bfa29-2c47-4ab5-ac61-3dfe9c6b9d5c","term":"2","command":"[]"} | ret=SUCCESS |  
2025-10-17 11:02:57,267 | INFO  | SCMAudit | user=runner | ip=127.0.0.1 | op=SEND_HEARTBEAT {"datanodeUUID":"7995ae7b-77ec-4e72-809d-814459f62ee0","term":"2","command":"[]"} | ret=SUCCESS |  
2025-10-17 11:02:57,276 | INFO  | OMAudit | user=runner | ip=127.0.0.1 | op=COMMIT_MULTIPART_UPLOAD_PARTKEY {"volume":"2090b578-56d0-406e-bcc3-0ef7fdcf4d9f","bucket":"f4852007-a182-472d-bb3d-6376411fdaa9","key":"b151993c-a28a-48a7-a56e-bf009b55ecbb","dataSize":"5242880","ETag":"79b281060d337b9b2b84ccf390adcf74","uploadID":"0199f1d6-4b9a-7dc4-a8d6-825b187897c9-115389168168337729","partNumber":"1","partName":"/2090b578-56d0-406e-bcc3-0ef7fdcf4d9f/f4852007-a182-472d-bb3d-6376411fdaa9/b151993c-a28a-48a7-a56e-bf009b55ecbb-0199f1d6-4b9a-7dc4-a8d6-825b187897c9-115389168168337729-1","Transaction":"1325"} | ret=SUCCESS |  
2025-10-17 11:02:57,279 | INFO  | OMAudit | user=runner | ip=127.0.0.1 | op=ALLOCATE_KEY {"volume":"2090b578-56d0-406e-bcc3-0ef7fdcf4d9f","bucket":"f4852007-a182-472d-bb3d-6376411fdaa9","key":"b151993c-a28a-48a7-a56e-bf009b55ecbb","dataSize":"5242880","Transaction":"1326"} | ret=SUCCESS |  
2025-10-17 11:02:57,282 | INFO  | SCMAudit | user=runner | ip=127.0.0.1 | op=ALLOCATE_BLOCK {"replication":"RATIS/THREE","owner":"omServiceIdDefault","size":"4194304","sampleBlocks":"[conID: 22 locID: 115816896921600351]","num":"1","client":"","allocated":"1"} | ret=SUCCESS |  
2025-10-17 11:02:57,283 | INFO  | OMAudit | user=runner | ip=127.0.0.1 | op=ALLOCATE_BLOCK {"volume":"2090b578-56d0-406e-bcc3-0ef7fdcf4d9f","bucket":"f4852007-a182-472d-bb3d-6376411fdaa9","key":"b151993c-a28a-48a7-a56e-bf009b55ecbb","dataSize":"5242880","replicationType":"RATIS","replicationFactor":"THREE","clientID":"115389168174891331","Transaction":"1327"} | ret=SUCCESS |  
2025-10-17 11:02:57,322 [om1-OMDoubleBufferFlushThread] INFO  db.RDBCheckpointManager (RDBCheckpointManager.java:createCheckpoint(87)) - Created checkpoint in rocksDB at /home/runner/work/ozone/ozone/hadoop-ozone/integration-test/target/test-dir/MiniOzoneClusterImpl-d1ffa5d3-3301-45c3-9f44-1ffa6967d237/om/data/db.snapshots/checkpointState/om.db-774311db-8017-4bf4-bac2-1bd9bde751f2 in 62 milliseconds
2025-10-17 11:02:57,333 | INFO  | SCMAudit | user=runner | ip=127.0.0.1 | op=ALLOCATE_BLOCK {"replication":"RATIS/THREE","owner":"omServiceIdDefault","size":"4194304","sampleBlocks":"[conID: 17 locID: 115816896921600352]","num":"1","client":"","allocated":"1"} | ret=SUCCESS |  
2025-10-17 11:02:57,336 | INFO  | OMAudit | user=runner | ip=127.0.0.1 | op=ALLOCATE_BLOCK {"volume":"2090b578-56d0-406e-bcc3-0ef7fdcf4d9f","bucket":"f4852007-a182-472d-bb3d-6376411fdaa9","key":"b151993c-a28a-48a7-a56e-bf009b55ecbb","dataSize":"5242880","replicationType":"RATIS","replicationFactor":"THREE","clientID":"115389168174891331","Transaction":"1328"} | ret=SUCCESS |  
2025-10-17 11:02:57,348 [om1-OMDoubleBufferFlushThread] INFO  om.OmSnapshotManager (OmSnapshotManager.java:createOmSnapshotCheckpoint(545)) - Created checkpoint: /home/runner/work/ozone/ozone/hadoop-ozone/integration-test/target/test-dir/MiniOzoneClusterImpl-d1ffa5d3-3301-45c3-9f44-1ffa6967d237/om/data/db.snapshots/checkpointState/om.db-774311db-8017-4bf4-bac2-1bd9bde751f2 for snapshot /vol-a-69739/buc-b-13213/snapshot-a-5-18491
2025-10-17 11:02:57,364 | INFO  | OMAudit | user=runner | ip=127.0.0.1 | op=COMMIT_MULTIPART_UPLOAD_PARTKEY {"volume":"2090b578-56d0-406e-bcc3-0ef7fdcf4d9f","bucket":"f4852007-a182-472d-bb3d-6376411fdaa9","key":"b151993c-a28a-48a7-a56e-bf009b55ecbb","dataSize":"5242880","ETag":"79b281060d337b9b2b84ccf390adcf74","uploadID":"0199f1d6-4b9a-7dc4-a8d6-825b187897c9-115389168168337729","partNumber":"2","partName":"/2090b578-56d0-406e-bcc3-0ef7fdcf4d9f/f4852007-a182-472d-bb3d-6376411fdaa9/b151993c-a28a-48a7-a56e-bf009b55ecbb-0199f1d6-4b9a-7dc4-a8d6-825b187897c9-115389168168337729-2","Transaction":"1329"} | ret=SUCCESS |  
2025-10-17 11:02:57,368 | INFO  | OMAudit | user=runner | ip=127.0.0.1 | op=ALLOCATE_KEY {"volume":"2090b578-56d0-406e-bcc3-0ef7fdcf4d9f","bucket":"f4852007-a182-472d-bb3d-6376411fdaa9","key":"b151993c-a28a-48a7-a56e-bf009b55ecbb","dataSize":"36","Transaction":"1330"} | ret=SUCCESS |  
2025-10-17 11:02:57,371 | INFO  | SCMAudit | user=runner | ip=127.0.0.1 | op=ALLOCATE_BLOCK {"replication":"RATIS/THREE","owner":"omServiceIdDefault","size":"4194304","sampleBlocks":"[conID: 17 locID: 115816896921600353]","num":"1","client":"","allocated":"1"} | ret=SUCCESS |  
2025-10-17 11:02:57,372 | INFO  | OMAudit | user=runner | ip=127.0.0.1 | op=ALLOCATE_BLOCK {"volume":"2090b578-56d0-406e-bcc3-0ef7fdcf4d9f","bucket":"f4852007-a182-472d-bb3d-6376411fdaa9","key":"b151993c-a28a-48a7-a56e-bf009b55ecbb","dataSize":"36","replicationType":"RATIS","replicationFactor":"THREE","clientID":"115389168180658500","Transaction":"1331"} | ret=SUCCESS |  
2025-10-17 11:02:57,384 | INFO  | OMAudit | user=runner | ip=127.0.0.1 | op=COMMIT_MULTIPART_UPLOAD_PARTKEY {"volume":"2090b578-56d0-406e-bcc3-0ef7fdcf4d9f","bucket":"f4852007-a182-472d-bb3d-6376411fdaa9","key":"b151993c-a28a-48a7-a56e-bf009b55ecbb","dataSize":"36","ETag":"3fa1dd24921feb23ce0499c71163bd0a","uploadID":"0199f1d6-4b9a-7dc4-a8d6-825b187897c9-115389168168337729","partNumber":"3","partName":"/2090b578-56d0-406e-bcc3-0ef7fdcf4d9f/f4852007-a182-472d-bb3d-6376411fdaa9/b151993c-a28a-48a7-a56e-bf009b55ecbb-0199f1d6-4b9a-7dc4-a8d6-825b187897c9-115389168168337729-3","Transaction":"1332"} | ret=SUCCESS |  
2025-10-17 11:02:57,386 | INFO  | OMAudit | user=runner | ip=127.0.0.1 | op=COMPLETE_MULTIPART_UPLOAD {"volume":"2090b578-56d0-406e-bcc3-0ef7fdcf4d9f","bucket":"f4852007-a182-472d-bb3d-6376411fdaa9","key":"b151993c-a28a-48a7-a56e-bf009b55ecbb","dataSize":"0","uploadID":"0199f1d6-4b9a-7dc4-a8d6-825b187897c9-115389168168337729","multipartList":"[partNumber: 1 partName: \"79b281060d337b9b2b84ccf390adcf74\" eTag: \"79b281060d337b9b2b84ccf390adcf74\" , partNumber: 2 partName: \"79b281060d337b9b2b84ccf390adcf74\" eTag: \"79b281060d337b9b2b84ccf390adcf74\" , partNumber: 3 partName: \"3fa1dd24921feb23ce0499c71163bd0a\" eTag: \"3fa1dd24921feb23ce0499c71163bd0a\" ]","Transaction":"1333"} | ret=SUCCESS |  
2025-10-17 11:02:57,390 | INFO  | SCMAudit | user=runner | ip=127.0.0.1 | op=GET_CONTAINER_WITH_PIPELINE_BATCH {"containerIDs":"#17,#22,"} | ret=SUCCESS |  
2025-10-17 11:02:57,390 | INFO  | OMAudit | user=runner | ip=127.0.0.1 | op=READ_KEY {"volume":"2090b578-56d0-406e-bcc3-0ef7fdcf4d9f","bucket":"f4852007-a182-472d-bb3d-6376411fdaa9","key":"b151993c-a28a-48a7-a56e-bf009b55ecbb","owner":null,"dataSize":"0","replicationConfig":null} | ret=SUCCESS |  
2025-10-17 11:02:57,393 [om1-OMDoubleBufferFlushThread] INFO  db.RDBCheckpointManager (RDBCheckpointManager.java:createCheckpoint(87)) - Created checkpoint in rocksDB at /home/runner/work/ozone/ozone/hadoop-ozone/integration-test/target/test-dir/MiniOzoneClusterImpl-d1ffa5d3-3301-45c3-9f44-1ffa6967d237/om/data/db.snapshots/checkpointState/om.db-66d32931-1c64-404b-acd2-74edcba29e5c in 41 milliseconds
2025-10-17 11:02:57,413 [om1-OMDoubleBufferFlushThread] INFO  om.OmSnapshotManager (OmSnapshotManager.java:createOmSnapshotCheckpoint(545)) - Created checkpoint: /home/runner/work/ozone/ozone/hadoop-ozone/integration-test/target/test-dir/MiniOzoneClusterImpl-d1ffa5d3-3301-45c3-9f44-1ffa6967d237/om/data/db.snapshots/checkpointState/om.db-66d32931-1c64-404b-acd2-74edcba29e5c for snapshot /vol-b-67769/buc-a-45378/snapshot-a-5-53851
2025-10-17 11:02:57,447 | INFO  | SCMAudit | user=runner | ip=127.0.0.1 | op=GET_CONTAINER_WITH_PIPELINE_BATCH {"containerIDs":"#17,#21,#22,"} | ret=SUCCESS |  
2025-10-17 11:02:57,448 | INFO  | OMAudit | user=null | ip= | op=READ_KEY {"volume":"2090b578-56d0-406e-bcc3-0ef7fdcf4d9f","bucket":"f4852007-a182-472d-bb3d-6376411fdaa9","key":"b151993c-a28a-48a7-a56e-bf009b55ecbb","owner":null,"dataSize":"0","replicationConfig":null} | ret=SUCCESS |  
2025-10-17 11:02:57,448 [om1-OMDoubleBufferFlushThread] INFO  db.RDBCheckpointManager (RDBCheckpointManager.java:createCheckpoint(87)) - Created checkpoint in rocksDB at /home/runner/work/ozone/ozone/hadoop-ozone/integration-test/target/test-dir/MiniOzoneClusterImpl-d1ffa5d3-3301-45c3-9f44-1ffa6967d237/om/data/db.snapshots/checkpointState/om.db-23b3893f-7a86-4cac-a520-5bcab27f2519 in 33 milliseconds
2025-10-17 11:02:57,449 | INFO  | SCMAudit | user=runner | ip=127.0.0.1 | op=GET_CONTAINER {"containerID":"21"} | ret=SUCCESS |  
2025-10-17 11:02:57,449 | INFO  | SCMAudit | user=runner | ip=127.0.0.1 | op=GET_CONTAINER {"containerID":"17"} | ret=SUCCESS |  
2025-10-17 11:02:57,450 | INFO  | SCMAudit | user=runner | ip=127.0.0.1 | op=GET_CONTAINER {"containerID":"22"} | ret=SUCCESS |  
2025-10-17 11:02:57,451 | INFO  | SCMAudit | user=runner | ip=127.0.0.1 | op=GET_CONTAINER {"containerID":"17"} | ret=SUCCESS |  
2025-10-17 11:02:57,451 | INFO  | SCMAudit | user=runner | ip=127.0.0.1 | op=GET_CONTAINER {"containerID":"17"} | ret=SUCCESS |  
]]></system-out>
  </testcase>
  <testcase name="testMultipartUploadOverride(ReplicationConfig)[3]" classname="org.apache.hadoop.ozone.client.rpc.TestSecureOzoneRpcClient" time="0.528">
    <system-out><![CDATA[2025-10-17 11:02:57,465 [ForkJoinPool-1-worker-1] INFO  rpc.RpcClient (RpcClient.java:createVolume(461)) - Creating Volume: 2d71e73d-f478-4124-9799-ddf5ce8e0a2c, with runner as owner and space quota set to -1 bytes, counts quota set to -1
2025-10-17 11:02:57,468 [om1-OMStateMachineApplyTransactionThread - 0] INFO  volume.OMVolumeCreateRequest (OMVolumeCreateRequest.java:validateAndUpdateCache(213)) - created volume:2d71e73d-f478-4124-9799-ddf5ce8e0a2c for user:runner
2025-10-17 11:02:57,468 | INFO  | OMAudit | user=runner | ip=127.0.0.1 | op=CREATE_VOLUME {"admin":"runner","owner":"runner","volume":"2d71e73d-f478-4124-9799-ddf5ce8e0a2c","creationTime":"1760698977466","modificationTime":"1760698977466","quotaInBytes":"-1","quotaInNamespace":"-1","usedNamespace":"0","objectID":"-9223372036854434304","updateID":"1334","Transaction":"1334"} | ret=SUCCESS |  
2025-10-17 11:02:57,469 | INFO  | OMAudit | user=runner | ip=127.0.0.1 | op=READ_VOLUME {"volume":"2d71e73d-f478-4124-9799-ddf5ce8e0a2c"} | ret=SUCCESS |  
2025-10-17 11:02:57,470 [ForkJoinPool-1-worker-1] INFO  rpc.RpcClient (RpcClient.java:createBucket(686)) - Creating Bucket: 2d71e73d-f478-4124-9799-ddf5ce8e0a2c/4c925347-d7c6-4e4a-a7a4-d7838a2f9d46, with server-side default bucket layout, runner as owner, Versioning false, Storage Type set to DISK and Encryption set to false, Replication Type set to server-side default replication type, Namespace Quota set to -1, Space Quota set to -1 
2025-10-17 11:02:57,471 [om1-OMDoubleBufferFlushThread] INFO  om.OmSnapshotManager (OmSnapshotManager.java:createOmSnapshotCheckpoint(545)) - Created checkpoint: /home/runner/work/ozone/ozone/hadoop-ozone/integration-test/target/test-dir/MiniOzoneClusterImpl-d1ffa5d3-3301-45c3-9f44-1ffa6967d237/om/data/db.snapshots/checkpointState/om.db-23b3893f-7a86-4cac-a520-5bcab27f2519 for snapshot /vol-b-67769/buc-b-13213/snapshot-a-5-67683
2025-10-17 11:02:57,471 [om1-OMStateMachineApplyTransactionThread - 0] INFO  bucket.OMBucketCreateRequest (OMBucketCreateRequest.java:validateAndUpdateCache(303)) - created bucket: 4c925347-d7c6-4e4a-a7a4-d7838a2f9d46 of layout FILE_SYSTEM_OPTIMIZED in volume: 2d71e73d-f478-4124-9799-ddf5ce8e0a2c
2025-10-17 11:02:57,471 | INFO  | OMAudit | user=runner | ip=127.0.0.1 | op=CREATE_BUCKET {"volume":"2d71e73d-f478-4124-9799-ddf5ce8e0a2c","bucket":"4c925347-d7c6-4e4a-a7a4-d7838a2f9d46","bucketLayout":"FILE_SYSTEM_OPTIMIZED","gdprEnabled":null,"acls":"[user:runner:a[ACCESS], group:runner:rl[ACCESS]]","isVersionEnabled":"false","storageType":"DISK","creationTime":"1760698977470","bucketEncryptionKey":null,"modificationTime":"1760698977470","usedBytes":"0","usedNamespace":"0","snapshotUsedBytes":"0","snapshotUsedNamespace":"0","owner":"runner","replicationType":null,"replicationConfig":null,"quotaInBytes":"-1","quotaInNamespace":"-1","Transaction":"1335"} | ret=SUCCESS |  
2025-10-17 11:02:57,472 | INFO  | OMAudit | user=runner | ip=127.0.0.1 | op=READ_BUCKET {"volume":"2d71e73d-f478-4124-9799-ddf5ce8e0a2c","bucket":"4c925347-d7c6-4e4a-a7a4-d7838a2f9d46"} | ret=SUCCESS |  
2025-10-17 11:02:57,474 | INFO  | OMAudit | user=runner | ip=127.0.0.1 | op=INITIATE_MULTIPART_UPLOAD {"volume":"2d71e73d-f478-4124-9799-ddf5ce8e0a2c","bucket":"4c925347-d7c6-4e4a-a7a4-d7838a2f9d46","key":"e41e694b-b8bd-4a2a-851a-e4fde5953cb8","dataSize":"0","replicationType":"EC","replicationConfig":"rs-3-2-1048576","uploadID":"0199f1d6-4cc1-7bf3-9648-9e193cf10e57-115389168187670853","Transaction":"1336"} | ret=SUCCESS |  
2025-10-17 11:02:57,477 | INFO  | OMAudit | user=runner | ip=127.0.0.1 | op=ALLOCATE_KEY {"volume":"2d71e73d-f478-4124-9799-ddf5ce8e0a2c","bucket":"4c925347-d7c6-4e4a-a7a4-d7838a2f9d46","key":"e41e694b-b8bd-4a2a-851a-e4fde5953cb8","dataSize":"5242880","Transaction":"1337"} | ret=SUCCESS |  
2025-10-17 11:02:57,486 | INFO  | SCMAudit | user=runner | ip=127.0.0.1 | op=ALLOCATE_BLOCK {"replication":"EC{rs-3-2-1024k}","owner":"omServiceIdDefault","size":"4194304","sampleBlocks":"[conID: 27 locID: 115816896921600354]","num":"1","client":"","allocated":"1"} | ret=SUCCESS |  
2025-10-17 11:02:57,488 | INFO  | OMAudit | user=runner | ip=127.0.0.1 | op=ALLOCATE_BLOCK {"volume":"2d71e73d-f478-4124-9799-ddf5ce8e0a2c","bucket":"4c925347-d7c6-4e4a-a7a4-d7838a2f9d46","key":"e41e694b-b8bd-4a2a-851a-e4fde5953cb8","dataSize":"5242880","replicationType":"EC","replicationConfig":"rs-3-2-1048576","clientID":"115389168187867462","Transaction":"1338"} | ret=SUCCESS |  
2025-10-17 11:02:57,507 [om1-OMDoubleBufferFlushThread] INFO  db.RDBCheckpointManager (RDBCheckpointManager.java:createCheckpoint(87)) - Created checkpoint in rocksDB at /home/runner/work/ozone/ozone/hadoop-ozone/integration-test/target/test-dir/MiniOzoneClusterImpl-d1ffa5d3-3301-45c3-9f44-1ffa6967d237/om/data/db.snapshots/checkpointState/om.db-17eb02cb-d163-4df6-9d25-a95f82dba83c in 35 milliseconds
2025-10-17 11:02:57,526 | INFO  | OMAudit | user=runner | ip=127.0.0.1 | op=COMMIT_MULTIPART_UPLOAD_PARTKEY {"volume":"2d71e73d-f478-4124-9799-ddf5ce8e0a2c","bucket":"4c925347-d7c6-4e4a-a7a4-d7838a2f9d46","key":"e41e694b-b8bd-4a2a-851a-e4fde5953cb8","dataSize":"5242880","ETag":"5ec9ae7549d12b830c2796d79d95cb39","uploadID":"0199f1d6-4cc1-7bf3-9648-9e193cf10e57-115389168187670853","partNumber":"1","partName":"/2d71e73d-f478-4124-9799-ddf5ce8e0a2c/4c925347-d7c6-4e4a-a7a4-d7838a2f9d46/e41e694b-b8bd-4a2a-851a-e4fde5953cb8-0199f1d6-4cc1-7bf3-9648-9e193cf10e57-115389168187670853-1","Transaction":"1339"} | ret=SUCCESS |  
2025-10-17 11:02:57,529 | INFO  | OMAudit | user=runner | ip=127.0.0.1 | op=ALLOCATE_KEY {"volume":"2d71e73d-f478-4124-9799-ddf5ce8e0a2c","bucket":"4c925347-d7c6-4e4a-a7a4-d7838a2f9d46","key":"e41e694b-b8bd-4a2a-851a-e4fde5953cb8","dataSize":"5242880","Transaction":"1340"} | ret=SUCCESS |  
2025-10-17 11:02:57,533 [om1-OMDoubleBufferFlushThread] INFO  om.OmSnapshotManager (OmSnapshotManager.java:createOmSnapshotCheckpoint(545)) - Created checkpoint: /home/runner/work/ozone/ozone/hadoop-ozone/integration-test/target/test-dir/MiniOzoneClusterImpl-d1ffa5d3-3301-45c3-9f44-1ffa6967d237/om/data/db.snapshots/checkpointState/om.db-17eb02cb-d163-4df6-9d25-a95f82dba83c for snapshot /vol-a-69739/buc-a-45378/snapshot-a-6-68290
2025-10-17 11:02:57,539 | INFO  | SCMAudit | user=runner | ip=127.0.0.1 | op=ALLOCATE_BLOCK {"replication":"EC{rs-3-2-1024k}","owner":"omServiceIdDefault","size":"4194304","sampleBlocks":"[conID: 26 locID: 115816896921600355]","num":"1","client":"","allocated":"1"} | ret=SUCCESS |  
2025-10-17 11:02:57,541 | INFO  | OMAudit | user=runner | ip=127.0.0.1 | op=ALLOCATE_BLOCK {"volume":"2d71e73d-f478-4124-9799-ddf5ce8e0a2c","bucket":"4c925347-d7c6-4e4a-a7a4-d7838a2f9d46","key":"e41e694b-b8bd-4a2a-851a-e4fde5953cb8","dataSize":"5242880","replicationType":"EC","replicationConfig":"rs-3-2-1048576","clientID":"115389168191275335","Transaction":"1341"} | ret=SUCCESS |  
2025-10-17 11:02:57,585 | INFO  | OMAudit | user=runner | ip=127.0.0.1 | op=COMMIT_MULTIPART_UPLOAD_PARTKEY {"volume":"2d71e73d-f478-4124-9799-ddf5ce8e0a2c","bucket":"4c925347-d7c6-4e4a-a7a4-d7838a2f9d46","key":"e41e694b-b8bd-4a2a-851a-e4fde5953cb8","dataSize":"5242880","ETag":"5ec9ae7549d12b830c2796d79d95cb39","uploadID":"0199f1d6-4cc1-7bf3-9648-9e193cf10e57-115389168187670853","partNumber":"2","partName":"/2d71e73d-f478-4124-9799-ddf5ce8e0a2c/4c925347-d7c6-4e4a-a7a4-d7838a2f9d46/e41e694b-b8bd-4a2a-851a-e4fde5953cb8-0199f1d6-4cc1-7bf3-9648-9e193cf10e57-115389168187670853-2","Transaction":"1342"} | ret=SUCCESS |  
2025-10-17 11:02:57,588 | INFO  | OMAudit | user=runner | ip=127.0.0.1 | op=ALLOCATE_KEY {"volume":"2d71e73d-f478-4124-9799-ddf5ce8e0a2c","bucket":"4c925347-d7c6-4e4a-a7a4-d7838a2f9d46","key":"e41e694b-b8bd-4a2a-851a-e4fde5953cb8","dataSize":"36","Transaction":"1343"} | ret=SUCCESS |  
2025-10-17 11:02:57,590 | INFO  | SCMAudit | user=runner | ip=127.0.0.1 | op=ALLOCATE_BLOCK {"replication":"EC{rs-3-2-1024k}","owner":"omServiceIdDefault","size":"4194304","sampleBlocks":"[conID: 25 locID: 115816896921600356]","num":"1","client":"","allocated":"1"} | ret=SUCCESS |  
2025-10-17 11:02:57,593 | INFO  | OMAudit | user=runner | ip=127.0.0.1 | op=ALLOCATE_BLOCK {"volume":"2d71e73d-f478-4124-9799-ddf5ce8e0a2c","bucket":"4c925347-d7c6-4e4a-a7a4-d7838a2f9d46","key":"e41e694b-b8bd-4a2a-851a-e4fde5953cb8","dataSize":"36","replicationType":"EC","replicationConfig":"rs-3-2-1048576","clientID":"115389168195141960","Transaction":"1344"} | ret=SUCCESS |  
2025-10-17 11:02:57,594 [om1-OMDoubleBufferFlushThread] INFO  db.RDBCheckpointManager (RDBCheckpointManager.java:createCheckpoint(87)) - Created checkpoint in rocksDB at /home/runner/work/ozone/ozone/hadoop-ozone/integration-test/target/test-dir/MiniOzoneClusterImpl-d1ffa5d3-3301-45c3-9f44-1ffa6967d237/om/data/db.snapshots/checkpointState/om.db-e14eb4f1-778a-4cec-b6b1-2be5198490da in 59 milliseconds
2025-10-17 11:02:57,602 | INFO  | OMAudit | user=runner | ip=127.0.0.1 | op=COMMIT_MULTIPART_UPLOAD_PARTKEY {"volume":"2d71e73d-f478-4124-9799-ddf5ce8e0a2c","bucket":"4c925347-d7c6-4e4a-a7a4-d7838a2f9d46","key":"e41e694b-b8bd-4a2a-851a-e4fde5953cb8","dataSize":"36","ETag":"81788b2b33a2930e48e2843b9a446022","uploadID":"0199f1d6-4cc1-7bf3-9648-9e193cf10e57-115389168187670853","partNumber":"3","partName":"/2d71e73d-f478-4124-9799-ddf5ce8e0a2c/4c925347-d7c6-4e4a-a7a4-d7838a2f9d46/e41e694b-b8bd-4a2a-851a-e4fde5953cb8-0199f1d6-4cc1-7bf3-9648-9e193cf10e57-115389168187670853-3","Transaction":"1345"} | ret=SUCCESS |  
2025-10-17 11:02:57,606 | INFO  | OMAudit | user=runner | ip=127.0.0.1 | op=COMPLETE_MULTIPART_UPLOAD {"volume":"2d71e73d-f478-4124-9799-ddf5ce8e0a2c","bucket":"4c925347-d7c6-4e4a-a7a4-d7838a2f9d46","key":"e41e694b-b8bd-4a2a-851a-e4fde5953cb8","dataSize":"0","uploadID":"0199f1d6-4cc1-7bf3-9648-9e193cf10e57-115389168187670853","multipartList":"[partNumber: 1 partName: \"5ec9ae7549d12b830c2796d79d95cb39\" eTag: \"5ec9ae7549d12b830c2796d79d95cb39\" , partNumber: 2 partName: \"5ec9ae7549d12b830c2796d79d95cb39\" eTag: \"5ec9ae7549d12b830c2796d79d95cb39\" , partNumber: 3 partName: \"81788b2b33a2930e48e2843b9a446022\" eTag: \"81788b2b33a2930e48e2843b9a446022\" ]","Transaction":"1346"} | ret=SUCCESS |  
2025-10-17 11:02:57,609 | INFO  | SCMAudit | user=runner | ip=127.0.0.1 | op=GET_CONTAINER_WITH_PIPELINE_BATCH {"containerIDs":"#25,#26,#27,"} | ret=SUCCESS |  
2025-10-17 11:02:57,611 | INFO  | OMAudit | user=runner | ip=127.0.0.1 | op=READ_KEY {"volume":"2d71e73d-f478-4124-9799-ddf5ce8e0a2c","bucket":"4c925347-d7c6-4e4a-a7a4-d7838a2f9d46","key":"e41e694b-b8bd-4a2a-851a-e4fde5953cb8","owner":null,"dataSize":"0","replicationConfig":null} | ret=SUCCESS |  
2025-10-17 11:02:57,616 [om1-OMDoubleBufferFlushThread] INFO  om.OmSnapshotManager (OmSnapshotManager.java:createOmSnapshotCheckpoint(545)) - Created checkpoint: /home/runner/work/ozone/ozone/hadoop-ozone/integration-test/target/test-dir/MiniOzoneClusterImpl-d1ffa5d3-3301-45c3-9f44-1ffa6967d237/om/data/db.snapshots/checkpointState/om.db-e14eb4f1-778a-4cec-b6b1-2be5198490da for snapshot /vol-a-69739/buc-b-13213/snapshot-a-6-07375
2025-10-17 11:02:57,649 [om1-OMDoubleBufferFlushThread] INFO  db.RDBCheckpointManager (RDBCheckpointManager.java:createCheckpoint(87)) - Created checkpoint in rocksDB at /home/runner/work/ozone/ozone/hadoop-ozone/integration-test/target/test-dir/MiniOzoneClusterImpl-d1ffa5d3-3301-45c3-9f44-1ffa6967d237/om/data/db.snapshots/checkpointState/om.db-fae0f057-9ab9-4c44-a019-51a57b2e2efd in 31 milliseconds
2025-10-17 11:02:57,672 [om1-OMDoubleBufferFlushThread] INFO  om.OmSnapshotManager (OmSnapshotManager.java:createOmSnapshotCheckpoint(545)) - Created checkpoint: /home/runner/work/ozone/ozone/hadoop-ozone/integration-test/target/test-dir/MiniOzoneClusterImpl-d1ffa5d3-3301-45c3-9f44-1ffa6967d237/om/data/db.snapshots/checkpointState/om.db-fae0f057-9ab9-4c44-a019-51a57b2e2efd for snapshot /vol-b-67769/buc-a-45378/snapshot-a-6-96387
2025-10-17 11:02:57,692 | INFO  | SCMAudit | user=runner | ip=127.0.0.1 | op=GET_CONTAINER_WITH_PIPELINE_BATCH {"containerIDs":"#25,#26,#27,"} | ret=SUCCESS |  
2025-10-17 11:02:57,693 | INFO  | OMAudit | user=null | ip= | op=READ_KEY {"volume":"2d71e73d-f478-4124-9799-ddf5ce8e0a2c","bucket":"4c925347-d7c6-4e4a-a7a4-d7838a2f9d46","key":"e41e694b-b8bd-4a2a-851a-e4fde5953cb8","owner":null,"dataSize":"0","replicationConfig":null} | ret=SUCCESS |  
2025-10-17 11:02:57,694 | INFO  | SCMAudit | user=runner | ip=127.0.0.1 | op=GET_CONTAINER {"containerID":"27"} | ret=SUCCESS |  
2025-10-17 11:02:57,695 | INFO  | SCMAudit | user=runner | ip=127.0.0.1 | op=GET_CONTAINER {"containerID":"26"} | ret=SUCCESS |  
2025-10-17 11:02:57,695 | INFO  | SCMAudit | user=runner | ip=127.0.0.1 | op=GET_CONTAINER {"containerID":"25"} | ret=SUCCESS |  
2025-10-17 11:02:57,704 [om1-OMDoubleBufferFlushThread] INFO  db.RDBCheckpointManager (RDBCheckpointManager.java:createCheckpoint(87)) - Created checkpoint in rocksDB at /home/runner/work/ozone/ozone/hadoop-ozone/integration-test/target/test-dir/MiniOzoneClusterImpl-d1ffa5d3-3301-45c3-9f44-1ffa6967d237/om/data/db.snapshots/checkpointState/om.db-b7ca414e-04b1-4d47-9017-ca99db380645 in 30 milliseconds
2025-10-17 11:02:57,709 | INFO  | OMAudit | user=runner | ip=127.0.0.1 | op=INITIATE_MULTIPART_UPLOAD {"volume":"2d71e73d-f478-4124-9799-ddf5ce8e0a2c","bucket":"4c925347-d7c6-4e4a-a7a4-d7838a2f9d46","key":"e41e694b-b8bd-4a2a-851a-e4fde5953cb8","dataSize":"0","replicationType":"EC","replicationConfig":"rs-3-2-1048576","uploadID":"0199f1d6-4dab-754f-bc30-77357bbfc4c7-115389168203006281","Transaction":"1347"} | ret=SUCCESS |  
2025-10-17 11:02:57,713 | INFO  | OMAudit | user=runner | ip=127.0.0.1 | op=ALLOCATE_KEY {"volume":"2d71e73d-f478-4124-9799-ddf5ce8e0a2c","bucket":"4c925347-d7c6-4e4a-a7a4-d7838a2f9d46","key":"e41e694b-b8bd-4a2a-851a-e4fde5953cb8","dataSize":"5242880","Transaction":"1348"} | ret=SUCCESS |  
2025-10-17 11:02:57,724 | INFO  | SCMAudit | user=runner | ip=127.0.0.1 | op=ALLOCATE_BLOCK {"replication":"EC{rs-3-2-1024k}","owner":"omServiceIdDefault","size":"4194304","sampleBlocks":"[conID: 24 locID: 115816896921600357]","num":"1","client":"","allocated":"1"} | ret=SUCCESS |  
2025-10-17 11:02:57,731 | INFO  | OMAudit | user=runner | ip=127.0.0.1 | op=ALLOCATE_BLOCK {"volume":"2d71e73d-f478-4124-9799-ddf5ce8e0a2c","bucket":"4c925347-d7c6-4e4a-a7a4-d7838a2f9d46","key":"e41e694b-b8bd-4a2a-851a-e4fde5953cb8","dataSize":"5242880","replicationType":"EC","replicationConfig":"rs-3-2-1048576","clientID":"115389168203333962","Transaction":"1349"} | ret=SUCCESS |  
2025-10-17 11:02:57,736 | INFO  | SCMAudit | user=runner | ip=127.0.0.1 | op=SEND_HEARTBEAT {"datanodeUUID":"2b4cc429-f9c1-416c-9a38-6239a2e149ea","term":"2","command":"[]"} | ret=SUCCESS |  
2025-10-17 11:02:57,736 | INFO  | SCMAudit | user=runner | ip=127.0.0.1 | op=SEND_HEARTBEAT {"datanodeUUID":"b292b6be-9482-4c30-a3e0-c9f721931b72","term":"2","command":"[]"} | ret=SUCCESS |  
2025-10-17 11:02:57,736 | INFO  | SCMAudit | user=runner | ip=127.0.0.1 | op=SEND_HEARTBEAT {"datanodeUUID":"b6f92338-e951-49df-a986-ea31ece96e9e","term":"2","command":"[]"} | ret=SUCCESS |  
2025-10-17 11:02:57,739 | INFO  | SCMAudit | user=runner | ip=127.0.0.1 | op=SEND_HEARTBEAT {"datanodeUUID":"28c08cd4-c049-4c66-8210-e254cf68b291","term":"2","command":"[]"} | ret=SUCCESS |  
2025-10-17 11:02:57,739 | INFO  | SCMAudit | user=runner | ip=127.0.0.1 | op=SEND_HEARTBEAT {"datanodeUUID":"b1eee25a-1fdf-4744-83c7-58e0513fce3b","term":"2","command":"[]"} | ret=SUCCESS |  
2025-10-17 11:02:57,740 [om1-OMDoubleBufferFlushThread] INFO  om.OmSnapshotManager (OmSnapshotManager.java:createOmSnapshotCheckpoint(545)) - Created checkpoint: /home/runner/work/ozone/ozone/hadoop-ozone/integration-test/target/test-dir/MiniOzoneClusterImpl-d1ffa5d3-3301-45c3-9f44-1ffa6967d237/om/data/db.snapshots/checkpointState/om.db-b7ca414e-04b1-4d47-9017-ca99db380645 for snapshot /vol-b-67769/buc-b-13213/snapshot-a-6-90225
2025-10-17 11:02:57,762 | INFO  | SCMAudit | user=runner | ip=127.0.0.1 | op=SEND_HEARTBEAT {"datanodeUUID":"dbd6f242-9b73-4bca-a110-3e2ec656b979","term":"2","command":"[]"} | ret=SUCCESS |  
2025-10-17 11:02:57,762 | INFO  | OMAudit | user=runner | ip=127.0.0.1 | op=COMMIT_MULTIPART_UPLOAD_PARTKEY {"volume":"2d71e73d-f478-4124-9799-ddf5ce8e0a2c","bucket":"4c925347-d7c6-4e4a-a7a4-d7838a2f9d46","key":"e41e694b-b8bd-4a2a-851a-e4fde5953cb8","dataSize":"5242880","ETag":"79b281060d337b9b2b84ccf390adcf74","uploadID":"0199f1d6-4dab-754f-bc30-77357bbfc4c7-115389168203006281","partNumber":"1","partName":"/2d71e73d-f478-4124-9799-ddf5ce8e0a2c/4c925347-d7c6-4e4a-a7a4-d7838a2f9d46/e41e694b-b8bd-4a2a-851a-e4fde5953cb8-0199f1d6-4dab-754f-bc30-77357bbfc4c7-115389168203006281-1","Transaction":"1350"} | ret=SUCCESS |  
2025-10-17 11:02:57,766 | INFO  | SCMAudit | user=runner | ip=127.0.0.1 | op=SEND_HEARTBEAT {"datanodeUUID":"ed6e9581-5875-4278-a8db-50829892434b","term":"2","command":"[]"} | ret=SUCCESS |  
2025-10-17 11:02:57,767 | INFO  | OMAudit | user=runner | ip=127.0.0.1 | op=ALLOCATE_KEY {"volume":"2d71e73d-f478-4124-9799-ddf5ce8e0a2c","bucket":"4c925347-d7c6-4e4a-a7a4-d7838a2f9d46","key":"e41e694b-b8bd-4a2a-851a-e4fde5953cb8","dataSize":"5242880","Transaction":"1351"} | ret=SUCCESS |  
2025-10-17 11:02:57,780 | INFO  | SCMAudit | user=runner | ip=127.0.0.1 | op=ALLOCATE_BLOCK {"replication":"EC{rs-3-2-1024k}","owner":"omServiceIdDefault","size":"4194304","sampleBlocks":"[conID: 23 locID: 115816896921600358]","num":"1","client":"","allocated":"1"} | ret=SUCCESS |  
2025-10-17 11:02:57,784 | INFO  | OMAudit | user=runner | ip=127.0.0.1 | op=ALLOCATE_BLOCK {"volume":"2d71e73d-f478-4124-9799-ddf5ce8e0a2c","bucket":"4c925347-d7c6-4e4a-a7a4-d7838a2f9d46","key":"e41e694b-b8bd-4a2a-851a-e4fde5953cb8","dataSize":"5242880","replicationType":"EC","replicationConfig":"rs-3-2-1048576","clientID":"115389168206807371","Transaction":"1352"} | ret=SUCCESS |  
2025-10-17 11:02:57,795 [om1-OMDoubleBufferFlushThread] INFO  db.RDBCheckpointManager (RDBCheckpointManager.java:createCheckpoint(87)) - Created checkpoint in rocksDB at /home/runner/work/ozone/ozone/hadoop-ozone/integration-test/target/test-dir/MiniOzoneClusterImpl-d1ffa5d3-3301-45c3-9f44-1ffa6967d237/om/data/db.snapshots/checkpointState/om.db-72918b03-fe0a-4341-95d6-d9e8f8b7ab99 in 53 milliseconds
2025-10-17 11:02:57,823 | INFO  | OMAudit | user=runner | ip=127.0.0.1 | op=COMMIT_MULTIPART_UPLOAD_PARTKEY {"volume":"2d71e73d-f478-4124-9799-ddf5ce8e0a2c","bucket":"4c925347-d7c6-4e4a-a7a4-d7838a2f9d46","key":"e41e694b-b8bd-4a2a-851a-e4fde5953cb8","dataSize":"5242880","ETag":"79b281060d337b9b2b84ccf390adcf74","uploadID":"0199f1d6-4dab-754f-bc30-77357bbfc4c7-115389168203006281","partNumber":"2","partName":"/2d71e73d-f478-4124-9799-ddf5ce8e0a2c/4c925347-d7c6-4e4a-a7a4-d7838a2f9d46/e41e694b-b8bd-4a2a-851a-e4fde5953cb8-0199f1d6-4dab-754f-bc30-77357bbfc4c7-115389168203006281-2","Transaction":"1353"} | ret=SUCCESS |  
2025-10-17 11:02:57,825 [om1-OMDoubleBufferFlushThread] INFO  om.OmSnapshotManager (OmSnapshotManager.java:createOmSnapshotCheckpoint(545)) - Created checkpoint: /home/runner/work/ozone/ozone/hadoop-ozone/integration-test/target/test-dir/MiniOzoneClusterImpl-d1ffa5d3-3301-45c3-9f44-1ffa6967d237/om/data/db.snapshots/checkpointState/om.db-72918b03-fe0a-4341-95d6-d9e8f8b7ab99 for snapshot /vol-a-69739/buc-a-45378/snapshot-a-7-57365
2025-10-17 11:02:57,826 | INFO  | OMAudit | user=runner | ip=127.0.0.1 | op=ALLOCATE_KEY {"volume":"2d71e73d-f478-4124-9799-ddf5ce8e0a2c","bucket":"4c925347-d7c6-4e4a-a7a4-d7838a2f9d46","key":"e41e694b-b8bd-4a2a-851a-e4fde5953cb8","dataSize":"36","Transaction":"1354"} | ret=SUCCESS |  
2025-10-17 11:02:57,828 | INFO  | SCMAudit | user=runner | ip=127.0.0.1 | op=ALLOCATE_BLOCK {"replication":"EC{rs-3-2-1024k}","owner":"omServiceIdDefault","size":"4194304","sampleBlocks":"[conID: 26 locID: 115816896921600359]","num":"1","client":"","allocated":"1"} | ret=SUCCESS |  
2025-10-17 11:02:57,830 | INFO  | OMAudit | user=runner | ip=127.0.0.1 | op=ALLOCATE_BLOCK {"volume":"2d71e73d-f478-4124-9799-ddf5ce8e0a2c","bucket":"4c925347-d7c6-4e4a-a7a4-d7838a2f9d46","key":"e41e694b-b8bd-4a2a-851a-e4fde5953cb8","dataSize":"36","replicationType":"EC","replicationConfig":"rs-3-2-1048576","clientID":"115389168210739532","Transaction":"1355"} | ret=SUCCESS |  
2025-10-17 11:02:57,844 | INFO  | OMAudit | user=runner | ip=127.0.0.1 | op=COMMIT_MULTIPART_UPLOAD_PARTKEY {"volume":"2d71e73d-f478-4124-9799-ddf5ce8e0a2c","bucket":"4c925347-d7c6-4e4a-a7a4-d7838a2f9d46","key":"e41e694b-b8bd-4a2a-851a-e4fde5953cb8","dataSize":"36","ETag":"2aec85b117b3be790a5e59c12af1f665","uploadID":"0199f1d6-4dab-754f-bc30-77357bbfc4c7-115389168203006281","partNumber":"3","partName":"/2d71e73d-f478-4124-9799-ddf5ce8e0a2c/4c925347-d7c6-4e4a-a7a4-d7838a2f9d46/e41e694b-b8bd-4a2a-851a-e4fde5953cb8-0199f1d6-4dab-754f-bc30-77357bbfc4c7-115389168203006281-3","Transaction":"1356"} | ret=SUCCESS |  
2025-10-17 11:02:57,848 | INFO  | OMAudit | user=runner | ip=127.0.0.1 | op=COMPLETE_MULTIPART_UPLOAD {"volume":"2d71e73d-f478-4124-9799-ddf5ce8e0a2c","bucket":"4c925347-d7c6-4e4a-a7a4-d7838a2f9d46","key":"e41e694b-b8bd-4a2a-851a-e4fde5953cb8","dataSize":"0","uploadID":"0199f1d6-4dab-754f-bc30-77357bbfc4c7-115389168203006281","multipartList":"[partNumber: 1 partName: \"79b281060d337b9b2b84ccf390adcf74\" eTag: \"79b281060d337b9b2b84ccf390adcf74\" , partNumber: 2 partName: \"79b281060d337b9b2b84ccf390adcf74\" eTag: \"79b281060d337b9b2b84ccf390adcf74\" , partNumber: 3 partName: \"2aec85b117b3be790a5e59c12af1f665\" eTag: \"2aec85b117b3be790a5e59c12af1f665\" ]","Transaction":"1357"} | ret=SUCCESS |  
2025-10-17 11:02:57,853 | INFO  | SCMAudit | user=runner | ip=127.0.0.1 | op=GET_CONTAINER_WITH_PIPELINE_BATCH {"containerIDs":"#23,#24,"} | ret=SUCCESS |  
2025-10-17 11:02:57,857 | INFO  | OMAudit | user=runner | ip=127.0.0.1 | op=READ_KEY {"volume":"2d71e73d-f478-4124-9799-ddf5ce8e0a2c","bucket":"4c925347-d7c6-4e4a-a7a4-d7838a2f9d46","key":"e41e694b-b8bd-4a2a-851a-e4fde5953cb8","owner":null,"dataSize":"0","replicationConfig":null} | ret=SUCCESS |  
2025-10-17 11:02:57,864 | INFO  | SCMAudit | user=runner | ip=127.0.0.1 | op=SEND_HEARTBEAT {"datanodeUUID":"a5293c95-44e9-4ea9-88ca-89089eac4b59","term":"2","command":"[]"} | ret=SUCCESS |  
2025-10-17 11:02:57,879 [om1-OMDoubleBufferFlushThread] INFO  db.RDBCheckpointManager (RDBCheckpointManager.java:createCheckpoint(87)) - Created checkpoint in rocksDB at /home/runner/work/ozone/ozone/hadoop-ozone/integration-test/target/test-dir/MiniOzoneClusterImpl-d1ffa5d3-3301-45c3-9f44-1ffa6967d237/om/data/db.snapshots/checkpointState/om.db-046d228d-1290-43ac-8ff4-adcaf829f7e8 in 53 milliseconds
2025-10-17 11:02:57,915 [om1-OMDoubleBufferFlushThread] INFO  om.OmSnapshotManager (OmSnapshotManager.java:createOmSnapshotCheckpoint(545)) - Created checkpoint: /home/runner/work/ozone/ozone/hadoop-ozone/integration-test/target/test-dir/MiniOzoneClusterImpl-d1ffa5d3-3301-45c3-9f44-1ffa6967d237/om/data/db.snapshots/checkpointState/om.db-046d228d-1290-43ac-8ff4-adcaf829f7e8 for snapshot /vol-a-69739/buc-b-13213/snapshot-a-7-68229
2025-10-17 11:02:57,943 | INFO  | SCMAudit | user=runner | ip=127.0.0.1 | op=SEND_HEARTBEAT {"datanodeUUID":"3a11eef6-a527-493c-8ba3-ae39ecaefa56","term":"2","command":"[]"} | ret=SUCCESS |  
2025-10-17 11:02:57,951 | INFO  | SCMAudit | user=runner | ip=127.0.0.1 | op=GET_CONTAINER_WITH_PIPELINE_BATCH {"containerIDs":"#23,#24,#26,"} | ret=SUCCESS |  
2025-10-17 11:02:57,952 | INFO  | OMAudit | user=null | ip= | op=READ_KEY {"volume":"2d71e73d-f478-4124-9799-ddf5ce8e0a2c","bucket":"4c925347-d7c6-4e4a-a7a4-d7838a2f9d46","key":"e41e694b-b8bd-4a2a-851a-e4fde5953cb8","owner":null,"dataSize":"0","replicationConfig":null} | ret=SUCCESS |  
2025-10-17 11:02:57,953 | INFO  | SCMAudit | user=runner | ip=127.0.0.1 | op=GET_CONTAINER {"containerID":"24"} | ret=SUCCESS |  
2025-10-17 11:02:57,954 | INFO  | SCMAudit | user=runner | ip=127.0.0.1 | op=GET_CONTAINER {"containerID":"23"} | ret=SUCCESS |  
2025-10-17 11:02:57,956 | INFO  | SCMAudit | user=runner | ip=127.0.0.1 | op=GET_CONTAINER {"containerID":"26"} | ret=SUCCESS |  
2025-10-17 11:02:57,967 [om1-OMDoubleBufferFlushThread] INFO  db.RDBCheckpointManager (RDBCheckpointManager.java:createCheckpoint(87)) - Created checkpoint in rocksDB at /home/runner/work/ozone/ozone/hadoop-ozone/integration-test/target/test-dir/MiniOzoneClusterImpl-d1ffa5d3-3301-45c3-9f44-1ffa6967d237/om/data/db.snapshots/checkpointState/om.db-47399601-785b-44e7-96c8-5f69c382ac10 in 50 milliseconds
]]></system-out>
  </testcase>
  <testcase name="testMultipartUploadOwner" classname="org.apache.hadoop.ozone.client.rpc.TestSecureOzoneRpcClient" time="0.784">
    <system-out><![CDATA[2025-10-17 11:02:57,996 [ForkJoinPool-1-worker-1] INFO  rpc.RpcClient (RpcClient.java:createVolume(461)) - Creating Volume: 01a9a240-fff1-4c54-83b7-f948d40d7688, with runner as owner and space quota set to -1 bytes, counts quota set to -1
2025-10-17 11:02:58,002 [om1-OMDoubleBufferFlushThread] INFO  om.OmSnapshotManager (OmSnapshotManager.java:createOmSnapshotCheckpoint(545)) - Created checkpoint: /home/runner/work/ozone/ozone/hadoop-ozone/integration-test/target/test-dir/MiniOzoneClusterImpl-d1ffa5d3-3301-45c3-9f44-1ffa6967d237/om/data/db.snapshots/checkpointState/om.db-47399601-785b-44e7-96c8-5f69c382ac10 for snapshot /vol-b-67769/buc-a-45378/snapshot-a-7-23495
2025-10-17 11:02:58,003 [om1-OMStateMachineApplyTransactionThread - 0] INFO  volume.OMVolumeCreateRequest (OMVolumeCreateRequest.java:validateAndUpdateCache(213)) - created volume:01a9a240-fff1-4c54-83b7-f948d40d7688 for user:runner
2025-10-17 11:02:58,003 | INFO  | OMAudit | user=runner | ip=127.0.0.1 | op=CREATE_VOLUME {"admin":"runner","owner":"runner","volume":"01a9a240-fff1-4c54-83b7-f948d40d7688","creationTime":"1760698978000","modificationTime":"1760698978000","quotaInBytes":"-1","quotaInNamespace":"-1","usedNamespace":"0","objectID":"-9223372036854428160","updateID":"1358","Transaction":"1358"} | ret=SUCCESS |  
2025-10-17 11:02:58,006 | INFO  | OMAudit | user=runner | ip=127.0.0.1 | op=READ_VOLUME {"volume":"01a9a240-fff1-4c54-83b7-f948d40d7688"} | ret=SUCCESS |  
2025-10-17 11:02:58,007 [ForkJoinPool-1-worker-1] INFO  rpc.RpcClient (RpcClient.java:createBucket(686)) - Creating Bucket: 01a9a240-fff1-4c54-83b7-f948d40d7688/fa3c491b-1868-41d7-8b05-bd29b2cd7a22, with server-side default bucket layout, runner as owner, Versioning false, Storage Type set to DISK and Encryption set to false, Replication Type set to server-side default replication type, Namespace Quota set to -1, Space Quota set to -1 
2025-10-17 11:02:58,009 [om1-OMStateMachineApplyTransactionThread - 0] INFO  bucket.OMBucketCreateRequest (OMBucketCreateRequest.java:validateAndUpdateCache(303)) - created bucket: fa3c491b-1868-41d7-8b05-bd29b2cd7a22 of layout FILE_SYSTEM_OPTIMIZED in volume: 01a9a240-fff1-4c54-83b7-f948d40d7688
2025-10-17 11:02:58,009 | INFO  | OMAudit | user=runner | ip=127.0.0.1 | op=CREATE_BUCKET {"volume":"01a9a240-fff1-4c54-83b7-f948d40d7688","bucket":"fa3c491b-1868-41d7-8b05-bd29b2cd7a22","bucketLayout":"FILE_SYSTEM_OPTIMIZED","gdprEnabled":null,"acls":"[user:runner:a[ACCESS], group:runner:rl[ACCESS]]","isVersionEnabled":"false","storageType":"DISK","creationTime":"1760698978008","bucketEncryptionKey":null,"modificationTime":"1760698978008","usedBytes":"0","usedNamespace":"0","snapshotUsedBytes":"0","snapshotUsedNamespace":"0","owner":"runner","replicationType":null,"replicationConfig":null,"quotaInBytes":"-1","quotaInNamespace":"-1","Transaction":"1359"} | ret=SUCCESS |  
2025-10-17 11:02:58,010 | INFO  | OMAudit | user=runner | ip=127.0.0.1 | op=ADD_ACL {"resourceType":"volume","storageType":"ozone","volume":"01a9a240-fff1-4c54-83b7-f948d40d7688","bucket":null,"key":null,"acl":"[user:user1:a[ACCESS]]","Transaction":"1360"} | ret=SUCCESS |  
2025-10-17 11:02:58,012 | INFO  | OMAudit | user=runner | ip=127.0.0.1 | op=ADD_ACL {"resourceType":"volume","storageType":"ozone","volume":"01a9a240-fff1-4c54-83b7-f948d40d7688","bucket":null,"key":null,"acl":"[user:awsUser1:a[ACCESS]]","Transaction":"1361"} | ret=SUCCESS |  
2025-10-17 11:02:58,014 | INFO  | OMAudit | user=runner | ip=127.0.0.1 | op=ADD_ACL {"resourceType":"bucket","storageType":"ozone","volume":"01a9a240-fff1-4c54-83b7-f948d40d7688","bucket":"fa3c491b-1868-41d7-8b05-bd29b2cd7a22","key":null,"acl":"[user:user1:a[ACCESS]]","Transaction":"1362"} | ret=SUCCESS |  
2025-10-17 11:02:58,016 | INFO  | OMAudit | user=runner | ip=127.0.0.1 | op=ADD_ACL {"resourceType":"bucket","storageType":"ozone","volume":"01a9a240-fff1-4c54-83b7-f948d40d7688","bucket":"fa3c491b-1868-41d7-8b05-bd29b2cd7a22","key":null,"acl":"[user:awsUser1:a[ACCESS]]","Transaction":"1363"} | ret=SUCCESS |  
2025-10-17 11:02:58,020 | INFO  | OMAudit | user=user1 | ip=127.0.0.1 | op=GET_SERVICE_LIST {} | ret=SUCCESS |  
2025-10-17 11:02:58,022 | INFO  | OMAudit | user=user1 | ip=127.0.0.1 | op=READ_VOLUME {"volume":"01a9a240-fff1-4c54-83b7-f948d40d7688"} | ret=SUCCESS |  
2025-10-17 11:02:58,023 | INFO  | OMAudit | user=user1 | ip=127.0.0.1 | op=READ_BUCKET {"volume":"01a9a240-fff1-4c54-83b7-f948d40d7688","bucket":"fa3c491b-1868-41d7-8b05-bd29b2cd7a22"} | ret=SUCCESS |  
2025-10-17 11:02:58,028 | INFO  | OMAudit | user=user1 | ip=127.0.0.1 | op=INITIATE_MULTIPART_UPLOAD {"volume":"01a9a240-fff1-4c54-83b7-f948d40d7688","bucket":"fa3c491b-1868-41d7-8b05-bd29b2cd7a22","key":"64d35dc0-eb8c-4d01-982a-f14d49a4b764","dataSize":"0","replicationType":"RATIS","replicationFactor":"THREE","uploadID":"0199f1d6-4ee9-7997-a0eb-d017418bc4da-115389168223846733","Transaction":"1364"} | ret=SUCCESS |  
2025-10-17 11:02:58,032 | INFO  | OMAudit | user=user1 | ip=127.0.0.1 | op=ALLOCATE_KEY {"volume":"01a9a240-fff1-4c54-83b7-f948d40d7688","bucket":"fa3c491b-1868-41d7-8b05-bd29b2cd7a22","key":"64d35dc0-eb8c-4d01-982a-f14d49a4b764","dataSize":"5242880","Transaction":"1365"} | ret=SUCCESS |  
2025-10-17 11:02:58,035 | INFO  | SCMAudit | user=runner | ip=127.0.0.1 | op=ALLOCATE_BLOCK {"replication":"RATIS/THREE","owner":"omServiceIdDefault","size":"4194304","sampleBlocks":"[conID: 16 locID: 115816896921600360]","num":"1","client":"","allocated":"1"} | ret=SUCCESS |  
2025-10-17 11:02:58,037 | INFO  | SCMAudit | user=runner | ip=127.0.0.1 | op=SEND_HEARTBEAT {"datanodeUUID":"309ab1ff-9f5a-4058-8b2f-94d451ce5267","term":"2","command":"[]"} | ret=SUCCESS |  
2025-10-17 11:02:58,039 | INFO  | OMAudit | user=user1 | ip=127.0.0.1 | op=ALLOCATE_BLOCK {"volume":"01a9a240-fff1-4c54-83b7-f948d40d7688","bucket":"fa3c491b-1868-41d7-8b05-bd29b2cd7a22","key":"64d35dc0-eb8c-4d01-982a-f14d49a4b764","dataSize":"5242880","replicationType":"RATIS","replicationFactor":"THREE","clientID":"115389168224239950","Transaction":"1366"} | ret=SUCCESS |  
2025-10-17 11:02:58,043 [om1-OMDoubleBufferFlushThread] INFO  db.RDBCheckpointManager (RDBCheckpointManager.java:createCheckpoint(87)) - Created checkpoint in rocksDB at /home/runner/work/ozone/ozone/hadoop-ozone/integration-test/target/test-dir/MiniOzoneClusterImpl-d1ffa5d3-3301-45c3-9f44-1ffa6967d237/om/data/db.snapshots/checkpointState/om.db-f046456c-63ff-4154-85fe-62ecb5ab6cc8 in 39 milliseconds
2025-10-17 11:02:58,078 [om1-OMDoubleBufferFlushThread] INFO  om.OmSnapshotManager (OmSnapshotManager.java:createOmSnapshotCheckpoint(545)) - Created checkpoint: /home/runner/work/ozone/ozone/hadoop-ozone/integration-test/target/test-dir/MiniOzoneClusterImpl-d1ffa5d3-3301-45c3-9f44-1ffa6967d237/om/data/db.snapshots/checkpointState/om.db-f046456c-63ff-4154-85fe-62ecb5ab6cc8 for snapshot /vol-b-67769/buc-b-13213/snapshot-a-7-00868
2025-10-17 11:02:58,106 | INFO  | SCMAudit | user=runner | ip=127.0.0.1 | op=ALLOCATE_BLOCK {"replication":"RATIS/THREE","owner":"omServiceIdDefault","size":"4194304","sampleBlocks":"[conID: 16 locID: 115816896921600361]","num":"1","client":"","allocated":"1"} | ret=SUCCESS |  
2025-10-17 11:02:58,108 | INFO  | OMAudit | user=user1 | ip=127.0.0.1 | op=ALLOCATE_BLOCK {"volume":"01a9a240-fff1-4c54-83b7-f948d40d7688","bucket":"fa3c491b-1868-41d7-8b05-bd29b2cd7a22","key":"64d35dc0-eb8c-4d01-982a-f14d49a4b764","dataSize":"5242880","replicationType":"RATIS","replicationFactor":"THREE","clientID":"115389168224239950","Transaction":"1367"} | ret=SUCCESS |  
2025-10-17 11:02:58,138 | INFO  | OMAudit | user=user1 | ip=127.0.0.1 | op=COMMIT_MULTIPART_UPLOAD_PARTKEY {"volume":"01a9a240-fff1-4c54-83b7-f948d40d7688","bucket":"fa3c491b-1868-41d7-8b05-bd29b2cd7a22","key":"64d35dc0-eb8c-4d01-982a-f14d49a4b764","dataSize":"5242880","ETag":"5ec9ae7549d12b830c2796d79d95cb39","uploadID":"0199f1d6-4ee9-7997-a0eb-d017418bc4da-115389168223846733","partNumber":"1","partName":"/01a9a240-fff1-4c54-83b7-f948d40d7688/fa3c491b-1868-41d7-8b05-bd29b2cd7a22/64d35dc0-eb8c-4d01-982a-f14d49a4b764-0199f1d6-4ee9-7997-a0eb-d017418bc4da-115389168223846733-1","Transaction":"1368"} | ret=SUCCESS |  
2025-10-17 11:02:58,140 [om1-OMDoubleBufferFlushThread] INFO  db.RDBCheckpointManager (RDBCheckpointManager.java:createCheckpoint(87)) - Created checkpoint in rocksDB at /home/runner/work/ozone/ozone/hadoop-ozone/integration-test/target/test-dir/MiniOzoneClusterImpl-d1ffa5d3-3301-45c3-9f44-1ffa6967d237/om/data/db.snapshots/checkpointState/om.db-f93cc417-0e33-4678-aeb0-99fc33bce960 in 59 milliseconds
2025-10-17 11:02:58,144 | INFO  | OMAudit | user=user1 | ip=127.0.0.1 | op=ALLOCATE_KEY {"volume":"01a9a240-fff1-4c54-83b7-f948d40d7688","bucket":"fa3c491b-1868-41d7-8b05-bd29b2cd7a22","key":"64d35dc0-eb8c-4d01-982a-f14d49a4b764","dataSize":"5242880","Transaction":"1369"} | ret=SUCCESS |  
2025-10-17 11:02:58,148 | INFO  | SCMAudit | user=runner | ip=127.0.0.1 | op=ALLOCATE_BLOCK {"replication":"RATIS/THREE","owner":"omServiceIdDefault","size":"4194304","sampleBlocks":"[conID: 22 locID: 115816896921600362]","num":"1","client":"","allocated":"1"} | ret=SUCCESS |  
2025-10-17 11:02:58,150 | INFO  | OMAudit | user=user1 | ip=127.0.0.1 | op=ALLOCATE_BLOCK {"volume":"01a9a240-fff1-4c54-83b7-f948d40d7688","bucket":"fa3c491b-1868-41d7-8b05-bd29b2cd7a22","key":"64d35dc0-eb8c-4d01-982a-f14d49a4b764","dataSize":"5242880","replicationType":"RATIS","replicationFactor":"THREE","clientID":"115389168231579983","Transaction":"1370"} | ret=SUCCESS |  
2025-10-17 11:02:58,179 [om1-OMDoubleBufferFlushThread] INFO  om.OmSnapshotManager (OmSnapshotManager.java:createOmSnapshotCheckpoint(545)) - Created checkpoint: /home/runner/work/ozone/ozone/hadoop-ozone/integration-test/target/test-dir/MiniOzoneClusterImpl-d1ffa5d3-3301-45c3-9f44-1ffa6967d237/om/data/db.snapshots/checkpointState/om.db-f93cc417-0e33-4678-aeb0-99fc33bce960 for snapshot /vol-a-69739/buc-a-45378/snapshot-a-8-55728
2025-10-17 11:02:58,217 | INFO  | SCMAudit | user=runner | ip=127.0.0.1 | op=ALLOCATE_BLOCK {"replication":"RATIS/THREE","owner":"omServiceIdDefault","size":"4194304","sampleBlocks":"[conID: 19 locID: 115816896921600363]","num":"1","client":"","allocated":"1"} | ret=SUCCESS |  
2025-10-17 11:02:58,222 | INFO  | SCMAudit | user=runner | ip=127.0.0.1 | op=SEND_HEARTBEAT {"datanodeUUID":"50dccd39-549f-4f43-8b1f-597bf98f9c16","term":"2","command":"[]"} | ret=SUCCESS |  
2025-10-17 11:02:58,225 | INFO  | OMAudit | user=user1 | ip=127.0.0.1 | op=ALLOCATE_BLOCK {"volume":"01a9a240-fff1-4c54-83b7-f948d40d7688","bucket":"fa3c491b-1868-41d7-8b05-bd29b2cd7a22","key":"64d35dc0-eb8c-4d01-982a-f14d49a4b764","dataSize":"5242880","replicationType":"RATIS","replicationFactor":"THREE","clientID":"115389168231579983","Transaction":"1371"} | ret=SUCCESS |  
2025-10-17 11:02:58,265 | INFO  | SCMAudit | user=runner | ip=127.0.0.1 | op=SEND_HEARTBEAT {"datanodeUUID":"7995ae7b-77ec-4e72-809d-814459f62ee0","term":"2","command":"[]"} | ret=SUCCESS |  
2025-10-17 11:02:58,266 | INFO  | SCMAudit | user=runner | ip=127.0.0.1 | op=SEND_HEARTBEAT {"datanodeUUID":"718bfa29-2c47-4ab5-ac61-3dfe9c6b9d5c","term":"2","command":"[]"} | ret=SUCCESS |  
2025-10-17 11:02:58,266 | INFO  | SCMAudit | user=runner | ip=127.0.0.1 | op=SEND_HEARTBEAT {"datanodeUUID":"99c47355-c013-4450-a734-aff6d3c99677","term":"2","command":"[]"} | ret=SUCCESS |  
2025-10-17 11:02:58,270 [om1-OMDoubleBufferFlushThread] INFO  db.RDBCheckpointManager (RDBCheckpointManager.java:createCheckpoint(87)) - Created checkpoint in rocksDB at /home/runner/work/ozone/ozone/hadoop-ozone/integration-test/target/test-dir/MiniOzoneClusterImpl-d1ffa5d3-3301-45c3-9f44-1ffa6967d237/om/data/db.snapshots/checkpointState/om.db-27e01ede-34e6-4fd3-b0af-683496061f71 in 89 milliseconds
2025-10-17 11:02:58,288 | INFO  | OMAudit | user=user1 | ip=127.0.0.1 | op=COMMIT_MULTIPART_UPLOAD_PARTKEY {"volume":"01a9a240-fff1-4c54-83b7-f948d40d7688","bucket":"fa3c491b-1868-41d7-8b05-bd29b2cd7a22","key":"64d35dc0-eb8c-4d01-982a-f14d49a4b764","dataSize":"5242880","ETag":"5ec9ae7549d12b830c2796d79d95cb39","uploadID":"0199f1d6-4ee9-7997-a0eb-d017418bc4da-115389168223846733","partNumber":"2","partName":"/01a9a240-fff1-4c54-83b7-f948d40d7688/fa3c491b-1868-41d7-8b05-bd29b2cd7a22/64d35dc0-eb8c-4d01-982a-f14d49a4b764-0199f1d6-4ee9-7997-a0eb-d017418bc4da-115389168223846733-2","Transaction":"1372"} | ret=SUCCESS |  
2025-10-17 11:02:58,294 | INFO  | OMAudit | user=user1 | ip=127.0.0.1 | op=ALLOCATE_KEY {"volume":"01a9a240-fff1-4c54-83b7-f948d40d7688","bucket":"fa3c491b-1868-41d7-8b05-bd29b2cd7a22","key":"64d35dc0-eb8c-4d01-982a-f14d49a4b764","dataSize":"36","Transaction":"1373"} | ret=SUCCESS |  
2025-10-17 11:02:58,297 | INFO  | SCMAudit | user=runner | ip=127.0.0.1 | op=ALLOCATE_BLOCK {"replication":"RATIS/THREE","owner":"omServiceIdDefault","size":"4194304","sampleBlocks":"[conID: 19 locID: 115816896921600364]","num":"1","client":"","allocated":"1"} | ret=SUCCESS |  
2025-10-17 11:02:58,298 [om1-OMDoubleBufferFlushThread] INFO  om.OmSnapshotManager (OmSnapshotManager.java:createOmSnapshotCheckpoint(545)) - Created checkpoint: /home/runner/work/ozone/ozone/hadoop-ozone/integration-test/target/test-dir/MiniOzoneClusterImpl-d1ffa5d3-3301-45c3-9f44-1ffa6967d237/om/data/db.snapshots/checkpointState/om.db-27e01ede-34e6-4fd3-b0af-683496061f71 for snapshot /vol-a-69739/buc-b-13213/snapshot-a-8-10684
2025-10-17 11:02:58,303 | INFO  | OMAudit | user=user1 | ip=127.0.0.1 | op=ALLOCATE_BLOCK {"volume":"01a9a240-fff1-4c54-83b7-f948d40d7688","bucket":"fa3c491b-1868-41d7-8b05-bd29b2cd7a22","key":"64d35dc0-eb8c-4d01-982a-f14d49a4b764","dataSize":"36","replicationType":"RATIS","replicationFactor":"THREE","clientID":"115389168241344848","Transaction":"1374"} | ret=SUCCESS |  
2025-10-17 11:02:58,319 | INFO  | OMAudit | user=user1 | ip=127.0.0.1 | op=COMMIT_MULTIPART_UPLOAD_PARTKEY {"volume":"01a9a240-fff1-4c54-83b7-f948d40d7688","bucket":"fa3c491b-1868-41d7-8b05-bd29b2cd7a22","key":"64d35dc0-eb8c-4d01-982a-f14d49a4b764","dataSize":"36","ETag":"8c5ab16e1633b221f6caa1247963e5d2","uploadID":"0199f1d6-4ee9-7997-a0eb-d017418bc4da-115389168223846733","partNumber":"3","partName":"/01a9a240-fff1-4c54-83b7-f948d40d7688/fa3c491b-1868-41d7-8b05-bd29b2cd7a22/64d35dc0-eb8c-4d01-982a-f14d49a4b764-0199f1d6-4ee9-7997-a0eb-d017418bc4da-115389168223846733-3","Transaction":"1375"} | ret=SUCCESS |  
2025-10-17 11:02:58,327 | INFO  | OMAudit | user=user1 | ip=127.0.0.1 | op=COMPLETE_MULTIPART_UPLOAD {"volume":"01a9a240-fff1-4c54-83b7-f948d40d7688","bucket":"fa3c491b-1868-41d7-8b05-bd29b2cd7a22","key":"64d35dc0-eb8c-4d01-982a-f14d49a4b764","dataSize":"0","uploadID":"0199f1d6-4ee9-7997-a0eb-d017418bc4da-115389168223846733","multipartList":"[partNumber: 1 partName: \"5ec9ae7549d12b830c2796d79d95cb39\" eTag: \"5ec9ae7549d12b830c2796d79d95cb39\" , partNumber: 2 partName: \"5ec9ae7549d12b830c2796d79d95cb39\" eTag: \"5ec9ae7549d12b830c2796d79d95cb39\" , partNumber: 3 partName: \"8c5ab16e1633b221f6caa1247963e5d2\" eTag: \"8c5ab16e1633b221f6caa1247963e5d2\" ]","Transaction":"1376"} | ret=SUCCESS |  
2025-10-17 11:02:58,334 | INFO  | SCMAudit | user=runner | ip=127.0.0.1 | op=GET_CONTAINER_WITH_PIPELINE_BATCH {"containerIDs":"#19,"} | ret=SUCCESS |  
2025-10-17 11:02:58,335 | INFO  | OMAudit | user=user1 | ip=127.0.0.1 | op=READ_KEY {"volume":"01a9a240-fff1-4c54-83b7-f948d40d7688","bucket":"fa3c491b-1868-41d7-8b05-bd29b2cd7a22","key":"64d35dc0-eb8c-4d01-982a-f14d49a4b764","owner":null,"dataSize":"0","replicationConfig":null} | ret=SUCCESS |  
2025-10-17 11:02:58,361 [om1-OMDoubleBufferFlushThread] INFO  db.RDBCheckpointManager (RDBCheckpointManager.java:createCheckpoint(87)) - Created checkpoint in rocksDB at /home/runner/work/ozone/ozone/hadoop-ozone/integration-test/target/test-dir/MiniOzoneClusterImpl-d1ffa5d3-3301-45c3-9f44-1ffa6967d237/om/data/db.snapshots/checkpointState/om.db-ea7f62fd-0190-4cdb-9456-a7f410401f17 in 60 milliseconds
2025-10-17 11:02:58,388 [om1-OMDoubleBufferFlushThread] INFO  om.OmSnapshotManager (OmSnapshotManager.java:createOmSnapshotCheckpoint(545)) - Created checkpoint: /home/runner/work/ozone/ozone/hadoop-ozone/integration-test/target/test-dir/MiniOzoneClusterImpl-d1ffa5d3-3301-45c3-9f44-1ffa6967d237/om/data/db.snapshots/checkpointState/om.db-ea7f62fd-0190-4cdb-9456-a7f410401f17 for snapshot /vol-b-67769/buc-a-45378/snapshot-a-8-88061
2025-10-17 11:02:58,421 | INFO  | SCMAudit | user=runner | ip=127.0.0.1 | op=GET_CONTAINER_WITH_PIPELINE_BATCH {"containerIDs":"#16,#19,#22,"} | ret=SUCCESS |  
2025-10-17 11:02:58,422 | INFO  | OMAudit | user=null | ip= | op=READ_KEY {"volume":"01a9a240-fff1-4c54-83b7-f948d40d7688","bucket":"fa3c491b-1868-41d7-8b05-bd29b2cd7a22","key":"64d35dc0-eb8c-4d01-982a-f14d49a4b764","owner":null,"dataSize":"0","replicationConfig":null} | ret=SUCCESS |  
2025-10-17 11:02:58,424 | INFO  | SCMAudit | user=runner | ip=127.0.0.1 | op=GET_CONTAINER {"containerID":"16"} | ret=SUCCESS |  
2025-10-17 11:02:58,425 | INFO  | SCMAudit | user=runner | ip=127.0.0.1 | op=GET_CONTAINER {"containerID":"16"} | ret=SUCCESS |  
2025-10-17 11:02:58,425 | INFO  | SCMAudit | user=runner | ip=127.0.0.1 | op=GET_CONTAINER {"containerID":"22"} | ret=SUCCESS |  
2025-10-17 11:02:58,427 | INFO  | SCMAudit | user=runner | ip=127.0.0.1 | op=GET_CONTAINER {"containerID":"19"} | ret=SUCCESS |  
2025-10-17 11:02:58,428 | INFO  | SCMAudit | user=runner | ip=127.0.0.1 | op=GET_CONTAINER {"containerID":"19"} | ret=SUCCESS |  
2025-10-17 11:02:58,437 [om1-OMDoubleBufferFlushThread] INFO  db.RDBCheckpointManager (RDBCheckpointManager.java:createCheckpoint(87)) - Created checkpoint in rocksDB at /home/runner/work/ozone/ozone/hadoop-ozone/integration-test/target/test-dir/MiniOzoneClusterImpl-d1ffa5d3-3301-45c3-9f44-1ffa6967d237/om/data/db.snapshots/checkpointState/om.db-8f93db84-1309-4b94-a95b-5588adcd4c86 in 47 milliseconds
2025-10-17 11:02:58,442 | INFO  | OMAudit | user=user1 | ip=127.0.0.1 | op=READ_KEY {"volume":"01a9a240-fff1-4c54-83b7-f948d40d7688","bucket":"fa3c491b-1868-41d7-8b05-bd29b2cd7a22","key":"64d35dc0-eb8c-4d01-982a-f14d49a4b764","owner":null,"dataSize":"0","replicationConfig":null} | ret=SUCCESS |  
2025-10-17 11:02:58,447 [ForkJoinPool-1-worker-1] INFO  om.S3SecretManager (S3SecretManager.java:updateCache(103)) - Updating cache for accessId/user: awsUser1.
2025-10-17 11:02:58,453 | INFO  | OMAudit | user=user1 | ip=127.0.0.1 | op=GET_SERVICE_LIST {} | ret=SUCCESS |  
2025-10-17 11:02:58,462 [om1-OMDoubleBufferFlushThread] INFO  om.OmSnapshotManager (OmSnapshotManager.java:createOmSnapshotCheckpoint(545)) - Created checkpoint: /home/runner/work/ozone/ozone/hadoop-ozone/integration-test/target/test-dir/MiniOzoneClusterImpl-d1ffa5d3-3301-45c3-9f44-1ffa6967d237/om/data/db.snapshots/checkpointState/om.db-8f93db84-1309-4b94-a95b-5588adcd4c86 for snapshot /vol-b-67769/buc-b-13213/snapshot-a-8-30061
2025-10-17 11:02:58,473 | INFO  | OMAudit | user=user1 | ip=127.0.0.1 | op=READ_VOLUME {"volume":"01a9a240-fff1-4c54-83b7-f948d40d7688"} | ret=SUCCESS |  
2025-10-17 11:02:58,475 | INFO  | OMAudit | user=user1 | ip=127.0.0.1 | op=READ_BUCKET {"volume":"01a9a240-fff1-4c54-83b7-f948d40d7688","bucket":"fa3c491b-1868-41d7-8b05-bd29b2cd7a22"} | ret=SUCCESS |  
2025-10-17 11:02:58,480 | INFO  | OMAudit | user=awsUser1 | ip=127.0.0.1 | op=INITIATE_MULTIPART_UPLOAD {"volume":"01a9a240-fff1-4c54-83b7-f948d40d7688","bucket":"fa3c491b-1868-41d7-8b05-bd29b2cd7a22","key":"fdf2e254-01c5-4ddf-bdda-e39810ca2b86","dataSize":"0","replicationType":"RATIS","replicationFactor":"THREE","uploadID":"0199f1d6-50ae-7935-b072-0170d9e8706a-115389168253534545","Transaction":"1377"} | ret=SUCCESS |  
2025-10-17 11:02:58,483 | INFO  | OMAudit | user=awsUser1 | ip=127.0.0.1 | op=ALLOCATE_KEY {"volume":"01a9a240-fff1-4c54-83b7-f948d40d7688","bucket":"fa3c491b-1868-41d7-8b05-bd29b2cd7a22","key":"fdf2e254-01c5-4ddf-bdda-e39810ca2b86","dataSize":"5242880","Transaction":"1378"} | ret=SUCCESS |  
2025-10-17 11:02:58,486 | INFO  | SCMAudit | user=runner | ip=127.0.0.1 | op=ALLOCATE_BLOCK {"replication":"RATIS/THREE","owner":"omServiceIdDefault","size":"4194304","sampleBlocks":"[conID: 17 locID: 115816896921600365]","num":"1","client":"","allocated":"1"} | ret=SUCCESS |  
2025-10-17 11:02:58,488 | INFO  | OMAudit | user=awsUser1 | ip=127.0.0.1 | op=ALLOCATE_BLOCK {"volume":"01a9a240-fff1-4c54-83b7-f948d40d7688","bucket":"fa3c491b-1868-41d7-8b05-bd29b2cd7a22","key":"fdf2e254-01c5-4ddf-bdda-e39810ca2b86","dataSize":"5242880","replicationType":"RATIS","replicationFactor":"THREE","clientID":"115389168253796690","Transaction":"1379"} | ret=SUCCESS |  
2025-10-17 11:02:58,508 [om1-OMDoubleBufferFlushThread] INFO  db.RDBCheckpointManager (RDBCheckpointManager.java:createCheckpoint(87)) - Created checkpoint in rocksDB at /home/runner/work/ozone/ozone/hadoop-ozone/integration-test/target/test-dir/MiniOzoneClusterImpl-d1ffa5d3-3301-45c3-9f44-1ffa6967d237/om/data/db.snapshots/checkpointState/om.db-9af95f76-e38d-4be3-9bea-7b281f83c4e6 in 45 milliseconds
2025-10-17 11:02:58,543 | INFO  | SCMAudit | user=runner | ip=127.0.0.1 | op=ALLOCATE_BLOCK {"replication":"RATIS/THREE","owner":"omServiceIdDefault","size":"4194304","sampleBlocks":"[conID: 21 locID: 115816896921600366]","num":"1","client":"","allocated":"1"} | ret=SUCCESS |  
2025-10-17 11:02:58,546 | INFO  | OMAudit | user=awsUser1 | ip=127.0.0.1 | op=ALLOCATE_BLOCK {"volume":"01a9a240-fff1-4c54-83b7-f948d40d7688","bucket":"fa3c491b-1868-41d7-8b05-bd29b2cd7a22","key":"fdf2e254-01c5-4ddf-bdda-e39810ca2b86","dataSize":"5242880","replicationType":"RATIS","replicationFactor":"THREE","clientID":"115389168253796690","Transaction":"1380"} | ret=SUCCESS |  
2025-10-17 11:02:58,548 [om1-OMDoubleBufferFlushThread] INFO  om.OmSnapshotManager (OmSnapshotManager.java:createOmSnapshotCheckpoint(545)) - Created checkpoint: /home/runner/work/ozone/ozone/hadoop-ozone/integration-test/target/test-dir/MiniOzoneClusterImpl-d1ffa5d3-3301-45c3-9f44-1ffa6967d237/om/data/db.snapshots/checkpointState/om.db-9af95f76-e38d-4be3-9bea-7b281f83c4e6 for snapshot /vol-a-69739/buc-a-45378/snapshot-a-9-07082
2025-10-17 11:02:58,579 | INFO  | OMAudit | user=awsUser1 | ip=127.0.0.1 | op=COMMIT_MULTIPART_UPLOAD_PARTKEY {"volume":"01a9a240-fff1-4c54-83b7-f948d40d7688","bucket":"fa3c491b-1868-41d7-8b05-bd29b2cd7a22","key":"fdf2e254-01c5-4ddf-bdda-e39810ca2b86","dataSize":"5242880","ETag":"5ec9ae7549d12b830c2796d79d95cb39","uploadID":"0199f1d6-50ae-7935-b072-0170d9e8706a-115389168253534545","partNumber":"1","partName":"/01a9a240-fff1-4c54-83b7-f948d40d7688/fa3c491b-1868-41d7-8b05-bd29b2cd7a22/fdf2e254-01c5-4ddf-bdda-e39810ca2b86-0199f1d6-50ae-7935-b072-0170d9e8706a-115389168253534545-1","Transaction":"1381"} | ret=SUCCESS |  
2025-10-17 11:02:58,582 | INFO  | OMAudit | user=awsUser1 | ip=127.0.0.1 | op=ALLOCATE_KEY {"volume":"01a9a240-fff1-4c54-83b7-f948d40d7688","bucket":"fa3c491b-1868-41d7-8b05-bd29b2cd7a22","key":"fdf2e254-01c5-4ddf-bdda-e39810ca2b86","dataSize":"5242880","Transaction":"1382"} | ret=SUCCESS |  
2025-10-17 11:02:58,585 | INFO  | SCMAudit | user=runner | ip=127.0.0.1 | op=ALLOCATE_BLOCK {"replication":"RATIS/THREE","owner":"omServiceIdDefault","size":"4194304","sampleBlocks":"[conID: 16 locID: 115816896921600367]","num":"1","client":"","allocated":"1"} | ret=SUCCESS |  
2025-10-17 11:02:58,587 | INFO  | OMAudit | user=awsUser1 | ip=127.0.0.1 | op=ALLOCATE_BLOCK {"volume":"01a9a240-fff1-4c54-83b7-f948d40d7688","bucket":"fa3c491b-1868-41d7-8b05-bd29b2cd7a22","key":"fdf2e254-01c5-4ddf-bdda-e39810ca2b86","dataSize":"5242880","replicationType":"RATIS","replicationFactor":"THREE","clientID":"115389168260284755","Transaction":"1383"} | ret=SUCCESS |  
2025-10-17 11:02:58,605 [om1-OMDoubleBufferFlushThread] INFO  db.RDBCheckpointManager (RDBCheckpointManager.java:createCheckpoint(87)) - Created checkpoint in rocksDB at /home/runner/work/ozone/ozone/hadoop-ozone/integration-test/target/test-dir/MiniOzoneClusterImpl-d1ffa5d3-3301-45c3-9f44-1ffa6967d237/om/data/db.snapshots/checkpointState/om.db-1e940af4-9e78-4937-a218-fd714929d327 in 54 milliseconds
2025-10-17 11:02:58,633 | INFO  | SCMAudit | user=runner | ip=127.0.0.1 | op=ALLOCATE_BLOCK {"replication":"RATIS/THREE","owner":"omServiceIdDefault","size":"4194304","sampleBlocks":"[conID: 16 locID: 115816896921600368]","num":"1","client":"","allocated":"1"} | ret=SUCCESS |  
2025-10-17 11:02:58,635 | INFO  | OMAudit | user=awsUser1 | ip=127.0.0.1 | op=ALLOCATE_BLOCK {"volume":"01a9a240-fff1-4c54-83b7-f948d40d7688","bucket":"fa3c491b-1868-41d7-8b05-bd29b2cd7a22","key":"fdf2e254-01c5-4ddf-bdda-e39810ca2b86","dataSize":"5242880","replicationType":"RATIS","replicationFactor":"THREE","clientID":"115389168260284755","Transaction":"1384"} | ret=SUCCESS |  
2025-10-17 11:02:58,645 [om1-OMDoubleBufferFlushThread] INFO  om.OmSnapshotManager (OmSnapshotManager.java:createOmSnapshotCheckpoint(545)) - Created checkpoint: /home/runner/work/ozone/ozone/hadoop-ozone/integration-test/target/test-dir/MiniOzoneClusterImpl-d1ffa5d3-3301-45c3-9f44-1ffa6967d237/om/data/db.snapshots/checkpointState/om.db-1e940af4-9e78-4937-a218-fd714929d327 for snapshot /vol-a-69739/buc-b-13213/snapshot-a-9-69196
2025-10-17 11:02:58,660 | INFO  | OMAudit | user=awsUser1 | ip=127.0.0.1 | op=COMMIT_MULTIPART_UPLOAD_PARTKEY {"volume":"01a9a240-fff1-4c54-83b7-f948d40d7688","bucket":"fa3c491b-1868-41d7-8b05-bd29b2cd7a22","key":"fdf2e254-01c5-4ddf-bdda-e39810ca2b86","dataSize":"5242880","ETag":"5ec9ae7549d12b830c2796d79d95cb39","uploadID":"0199f1d6-50ae-7935-b072-0170d9e8706a-115389168253534545","partNumber":"2","partName":"/01a9a240-fff1-4c54-83b7-f948d40d7688/fa3c491b-1868-41d7-8b05-bd29b2cd7a22/fdf2e254-01c5-4ddf-bdda-e39810ca2b86-0199f1d6-50ae-7935-b072-0170d9e8706a-115389168253534545-2","Transaction":"1385"} | ret=SUCCESS |  
2025-10-17 11:02:58,664 | INFO  | OMAudit | user=awsUser1 | ip=127.0.0.1 | op=ALLOCATE_KEY {"volume":"01a9a240-fff1-4c54-83b7-f948d40d7688","bucket":"fa3c491b-1868-41d7-8b05-bd29b2cd7a22","key":"fdf2e254-01c5-4ddf-bdda-e39810ca2b86","dataSize":"36","Transaction":"1386"} | ret=SUCCESS |  
2025-10-17 11:02:58,667 | INFO  | SCMAudit | user=runner | ip=127.0.0.1 | op=ALLOCATE_BLOCK {"replication":"RATIS/THREE","owner":"omServiceIdDefault","size":"4194304","sampleBlocks":"[conID: 17 locID: 115816896921600369]","num":"1","client":"","allocated":"1"} | ret=SUCCESS |  
2025-10-17 11:02:58,669 | INFO  | OMAudit | user=awsUser1 | ip=127.0.0.1 | op=ALLOCATE_BLOCK {"volume":"01a9a240-fff1-4c54-83b7-f948d40d7688","bucket":"fa3c491b-1868-41d7-8b05-bd29b2cd7a22","key":"fdf2e254-01c5-4ddf-bdda-e39810ca2b86","dataSize":"36","replicationType":"RATIS","replicationFactor":"THREE","clientID":"115389168265593172","Transaction":"1387"} | ret=SUCCESS |  
2025-10-17 11:02:58,680 | INFO  | OMAudit | user=awsUser1 | ip=127.0.0.1 | op=COMMIT_MULTIPART_UPLOAD_PARTKEY {"volume":"01a9a240-fff1-4c54-83b7-f948d40d7688","bucket":"fa3c491b-1868-41d7-8b05-bd29b2cd7a22","key":"fdf2e254-01c5-4ddf-bdda-e39810ca2b86","dataSize":"36","ETag":"504fc37ed17a37f1882707fee93a2b47","uploadID":"0199f1d6-50ae-7935-b072-0170d9e8706a-115389168253534545","partNumber":"3","partName":"/01a9a240-fff1-4c54-83b7-f948d40d7688/fa3c491b-1868-41d7-8b05-bd29b2cd7a22/fdf2e254-01c5-4ddf-bdda-e39810ca2b86-0199f1d6-50ae-7935-b072-0170d9e8706a-115389168253534545-3","Transaction":"1388"} | ret=SUCCESS |  
2025-10-17 11:02:58,685 | INFO  | OMAudit | user=awsUser1 | ip=127.0.0.1 | op=COMPLETE_MULTIPART_UPLOAD {"volume":"01a9a240-fff1-4c54-83b7-f948d40d7688","bucket":"fa3c491b-1868-41d7-8b05-bd29b2cd7a22","key":"fdf2e254-01c5-4ddf-bdda-e39810ca2b86","dataSize":"0","uploadID":"0199f1d6-50ae-7935-b072-0170d9e8706a-115389168253534545","multipartList":"[partNumber: 1 partName: \"5ec9ae7549d12b830c2796d79d95cb39\" eTag: \"5ec9ae7549d12b830c2796d79d95cb39\" , partNumber: 2 partName: \"5ec9ae7549d12b830c2796d79d95cb39\" eTag: \"5ec9ae7549d12b830c2796d79d95cb39\" , partNumber: 3 partName: \"504fc37ed17a37f1882707fee93a2b47\" eTag: \"504fc37ed17a37f1882707fee93a2b47\" ]","Transaction":"1389"} | ret=SUCCESS |  
2025-10-17 11:02:58,688 | INFO  | OMAudit | user=user1 | ip=127.0.0.1 | op=READ_KEY {"volume":"01a9a240-fff1-4c54-83b7-f948d40d7688","bucket":"fa3c491b-1868-41d7-8b05-bd29b2cd7a22","key":"fdf2e254-01c5-4ddf-bdda-e39810ca2b86","owner":null,"dataSize":"0","replicationConfig":null} | ret=SUCCESS |  
2025-10-17 11:02:58,699 [om1-OMDoubleBufferFlushThread] INFO  db.RDBCheckpointManager (RDBCheckpointManager.java:createCheckpoint(87)) - Created checkpoint in rocksDB at /home/runner/work/ozone/ozone/hadoop-ozone/integration-test/target/test-dir/MiniOzoneClusterImpl-d1ffa5d3-3301-45c3-9f44-1ffa6967d237/om/data/db.snapshots/checkpointState/om.db-f7e92433-4ddb-488b-9ceb-51b50d0615ae in 49 milliseconds
2025-10-17 11:02:58,719 [om1-OMDoubleBufferFlushThread] INFO  om.OmSnapshotManager (OmSnapshotManager.java:createOmSnapshotCheckpoint(545)) - Created checkpoint: /home/runner/work/ozone/ozone/hadoop-ozone/integration-test/target/test-dir/MiniOzoneClusterImpl-d1ffa5d3-3301-45c3-9f44-1ffa6967d237/om/data/db.snapshots/checkpointState/om.db-f7e92433-4ddb-488b-9ceb-51b50d0615ae for snapshot /vol-b-67769/buc-a-45378/snapshot-a-9-73739
2025-10-17 11:02:58,735 | INFO  | SCMAudit | user=runner | ip=127.0.0.1 | op=SEND_HEARTBEAT {"datanodeUUID":"b6f92338-e951-49df-a986-ea31ece96e9e","term":"2","command":"[]"} | ret=SUCCESS |  
2025-10-17 11:02:58,735 | INFO  | SCMAudit | user=runner | ip=127.0.0.1 | op=SEND_HEARTBEAT {"datanodeUUID":"2b4cc429-f9c1-416c-9a38-6239a2e149ea","term":"2","command":"[]"} | ret=SUCCESS |  
2025-10-17 11:02:58,737 | INFO  | SCMAudit | user=runner | ip=127.0.0.1 | op=SEND_HEARTBEAT {"datanodeUUID":"b292b6be-9482-4c30-a3e0-c9f721931b72","term":"2","command":"[]"} | ret=SUCCESS |  
2025-10-17 11:02:58,737 | INFO  | SCMAudit | user=runner | ip=127.0.0.1 | op=SEND_HEARTBEAT {"datanodeUUID":"28c08cd4-c049-4c66-8210-e254cf68b291","term":"2","command":"[]"} | ret=SUCCESS |  
2025-10-17 11:02:58,738 | INFO  | SCMAudit | user=runner | ip=127.0.0.1 | op=SEND_HEARTBEAT {"datanodeUUID":"b1eee25a-1fdf-4744-83c7-58e0513fce3b","term":"2","command":"[]"} | ret=SUCCESS |  
2025-10-17 11:02:58,752 | INFO  | SCMAudit | user=runner | ip=127.0.0.1 | op=GET_CONTAINER_WITH_PIPELINE_BATCH {"containerIDs":"#16,#17,#21,"} | ret=SUCCESS |  
2025-10-17 11:02:58,754 | INFO  | OMAudit | user=null | ip= | op=READ_KEY {"volume":"01a9a240-fff1-4c54-83b7-f948d40d7688","bucket":"fa3c491b-1868-41d7-8b05-bd29b2cd7a22","key":"fdf2e254-01c5-4ddf-bdda-e39810ca2b86","owner":null,"dataSize":"0","replicationConfig":null} | ret=SUCCESS |  
2025-10-17 11:02:58,755 | INFO  | SCMAudit | user=runner | ip=127.0.0.1 | op=GET_CONTAINER {"containerID":"17"} | ret=SUCCESS |  
2025-10-17 11:02:58,756 | INFO  | SCMAudit | user=runner | ip=127.0.0.1 | op=GET_CONTAINER {"containerID":"21"} | ret=SUCCESS |  
2025-10-17 11:02:58,756 | INFO  | SCMAudit | user=runner | ip=127.0.0.1 | op=GET_CONTAINER {"containerID":"16"} | ret=SUCCESS |  
2025-10-17 11:02:58,757 | INFO  | SCMAudit | user=runner | ip=127.0.0.1 | op=GET_CONTAINER {"containerID":"16"} | ret=SUCCESS |  
2025-10-17 11:02:58,758 | INFO  | SCMAudit | user=runner | ip=127.0.0.1 | op=GET_CONTAINER {"containerID":"17"} | ret=SUCCESS |  
2025-10-17 11:02:58,763 | INFO  | SCMAudit | user=runner | ip=127.0.0.1 | op=SEND_HEARTBEAT {"datanodeUUID":"dbd6f242-9b73-4bca-a110-3e2ec656b979","term":"2","command":"[]"} | ret=SUCCESS |  
2025-10-17 11:02:58,767 | INFO  | SCMAudit | user=runner | ip=127.0.0.1 | op=SEND_HEARTBEAT {"datanodeUUID":"ed6e9581-5875-4278-a8db-50829892434b","term":"2","command":"[]"} | ret=SUCCESS |  
2025-10-17 11:02:58,769 [om1-OMDoubleBufferFlushThread] INFO  db.RDBCheckpointManager (RDBCheckpointManager.java:createCheckpoint(87)) - Created checkpoint in rocksDB at /home/runner/work/ozone/ozone/hadoop-ozone/integration-test/target/test-dir/MiniOzoneClusterImpl-d1ffa5d3-3301-45c3-9f44-1ffa6967d237/om/data/db.snapshots/checkpointState/om.db-ed63ba39-edf8-4815-8c36-aa727be23424 in 48 milliseconds
2025-10-17 11:02:58,772 | INFO  | OMAudit | user=user1 | ip=127.0.0.1 | op=READ_KEY {"volume":"01a9a240-fff1-4c54-83b7-f948d40d7688","bucket":"fa3c491b-1868-41d7-8b05-bd29b2cd7a22","key":"fdf2e254-01c5-4ddf-bdda-e39810ca2b86","owner":null,"dataSize":"0","replicationConfig":null} | ret=SUCCESS |  
2025-10-17 11:02:58,777 | INFO  | OMAudit | user=runner | ip=127.0.0.1 | op=GET_SERVICE_LIST {} | ret=SUCCESS |  
]]></system-out>
  </testcase>
  <testcase name="testMultipartUploadWithACL" classname="org.apache.hadoop.ozone.client.rpc.TestSecureOzoneRpcClient" time="0.334">
    <system-out><![CDATA[2025-10-17 11:02:58,781 [ForkJoinPool-1-worker-1] INFO  rpc.RpcClient (RpcClient.java:createVolume(461)) - Creating Volume: 4218e849-d8f8-4acb-a7d3-d9a354728c5d, with runner as owner and space quota set to -1 bytes, counts quota set to -1
2025-10-17 11:02:58,783 [om1-OMStateMachineApplyTransactionThread - 0] INFO  volume.OMVolumeCreateRequest (OMVolumeCreateRequest.java:validateAndUpdateCache(213)) - created volume:4218e849-d8f8-4acb-a7d3-d9a354728c5d for user:runner
2025-10-17 11:02:58,783 | INFO  | OMAudit | user=runner | ip=127.0.0.1 | op=CREATE_VOLUME {"admin":"runner","owner":"runner","volume":"4218e849-d8f8-4acb-a7d3-d9a354728c5d","creationTime":"1760698978782","modificationTime":"1760698978782","quotaInBytes":"-1","quotaInNamespace":"-1","usedNamespace":"0","objectID":"-9223372036854419968","updateID":"1390","Transaction":"1390"} | ret=SUCCESS |  
2025-10-17 11:02:58,784 | INFO  | OMAudit | user=runner | ip=127.0.0.1 | op=READ_VOLUME {"volume":"4218e849-d8f8-4acb-a7d3-d9a354728c5d"} | ret=SUCCESS |  
2025-10-17 11:02:58,785 [ForkJoinPool-1-worker-1] INFO  rpc.RpcClient (RpcClient.java:createBucket(686)) - Creating Bucket: 4218e849-d8f8-4acb-a7d3-d9a354728c5d/9aebdfc2-d95c-44a3-ad12-545e065b27b8, with bucket layout OBJECT_STORE, runner as owner, Versioning false, Storage Type set to DISK and Encryption set to false, Replication Type set to server-side default replication type, Namespace Quota set to -1, Space Quota set to -1 
2025-10-17 11:02:58,786 [om1-OMStateMachineApplyTransactionThread - 0] INFO  bucket.OMBucketCreateRequest (OMBucketCreateRequest.java:validateAndUpdateCache(303)) - created bucket: 9aebdfc2-d95c-44a3-ad12-545e065b27b8 of layout OBJECT_STORE in volume: 4218e849-d8f8-4acb-a7d3-d9a354728c5d
2025-10-17 11:02:58,786 | INFO  | OMAudit | user=runner | ip=127.0.0.1 | op=CREATE_BUCKET {"volume":"4218e849-d8f8-4acb-a7d3-d9a354728c5d","bucket":"9aebdfc2-d95c-44a3-ad12-545e065b27b8","bucketLayout":"OBJECT_STORE","gdprEnabled":null,"acls":"[user:runner:a[ACCESS], group:runner:rl[ACCESS]]","isVersionEnabled":"false","storageType":"DISK","creationTime":"1760698978786","bucketEncryptionKey":null,"modificationTime":"1760698978786","usedBytes":"0","usedNamespace":"0","snapshotUsedBytes":"0","snapshotUsedNamespace":"0","owner":"runner","replicationType":null,"replicationConfig":null,"quotaInBytes":"-1","quotaInNamespace":"-1","Transaction":"1391"} | ret=SUCCESS |  
2025-10-17 11:02:58,787 | INFO  | OMAudit | user=runner | ip=127.0.0.1 | op=READ_BUCKET {"volume":"4218e849-d8f8-4acb-a7d3-d9a354728c5d","bucket":"9aebdfc2-d95c-44a3-ad12-545e065b27b8"} | ret=SUCCESS |  
2025-10-17 11:02:58,789 | INFO  | OMAudit | user=runner | ip=127.0.0.1 | op=ADD_ACL {"resourceType":"bucket","storageType":"ozone","volume":"4218e849-d8f8-4acb-a7d3-d9a354728c5d","bucket":"9aebdfc2-d95c-44a3-ad12-545e065b27b8","key":null,"acl":"[user:Monday:a[DEFAULT]]","Transaction":"1392"} | ret=SUCCESS |  
2025-10-17 11:02:58,791 | INFO  | OMAudit | user=runner | ip=127.0.0.1 | op=ADD_ACL {"resourceType":"bucket","storageType":"ozone","volume":"4218e849-d8f8-4acb-a7d3-d9a354728c5d","bucket":"9aebdfc2-d95c-44a3-ad12-545e065b27b8","key":null,"acl":"[user:Friday:a[DEFAULT]]","Transaction":"1393"} | ret=SUCCESS |  
2025-10-17 11:02:58,792 | INFO  | OMAudit | user=runner | ip=127.0.0.1 | op=ADD_ACL {"resourceType":"bucket","storageType":"ozone","volume":"4218e849-d8f8-4acb-a7d3-d9a354728c5d","bucket":"9aebdfc2-d95c-44a3-ad12-545e065b27b8","key":null,"acl":"[user:Jan:a[ACCESS]]","Transaction":"1394"} | ret=SUCCESS |  
2025-10-17 11:02:58,793 [om1-OMDoubleBufferFlushThread] INFO  om.OmSnapshotManager (OmSnapshotManager.java:createOmSnapshotCheckpoint(545)) - Created checkpoint: /home/runner/work/ozone/ozone/hadoop-ozone/integration-test/target/test-dir/MiniOzoneClusterImpl-d1ffa5d3-3301-45c3-9f44-1ffa6967d237/om/data/db.snapshots/checkpointState/om.db-ed63ba39-edf8-4815-8c36-aa727be23424 for snapshot /vol-b-67769/buc-b-13213/snapshot-a-9-69320
2025-10-17 11:02:58,794 | INFO  | OMAudit | user=runner | ip=127.0.0.1 | op=ADD_ACL {"resourceType":"bucket","storageType":"ozone","volume":"4218e849-d8f8-4acb-a7d3-d9a354728c5d","bucket":"9aebdfc2-d95c-44a3-ad12-545e065b27b8","key":null,"acl":"[user:Feb:a[ACCESS]]","Transaction":"1395"} | ret=SUCCESS |  
2025-10-17 11:02:58,797 | INFO  | OMAudit | user=runner | ip=127.0.0.1 | op=INITIATE_MULTIPART_UPLOAD {"volume":"4218e849-d8f8-4acb-a7d3-d9a354728c5d","bucket":"9aebdfc2-d95c-44a3-ad12-545e065b27b8","key":"ce432e09-6b29-4b26-b5cb-470826e63390","dataSize":"0","replicationType":"RATIS","replicationFactor":"ONE","uploadID":"0199f1d6-51eb-74a7-8082-ce83fd85b859-115389168274309461","Transaction":"1396"} | ret=SUCCESS |  
2025-10-17 11:02:58,800 | INFO  | OMAudit | user=runner | ip=127.0.0.1 | op=ALLOCATE_KEY {"volume":"4218e849-d8f8-4acb-a7d3-d9a354728c5d","bucket":"9aebdfc2-d95c-44a3-ad12-545e065b27b8","key":"ce432e09-6b29-4b26-b5cb-470826e63390","dataSize":"5242880","Transaction":"1397"} | ret=SUCCESS |  
2025-10-17 11:02:58,801 | INFO  | SCMAudit | user=runner | ip=127.0.0.1 | op=ALLOCATE_BLOCK {"replication":"RATIS/ONE","owner":"omServiceIdDefault","size":"4194304","sampleBlocks":"[conID: 5 locID: 115816896921600370]","num":"1","client":"","allocated":"1"} | ret=SUCCESS |  
2025-10-17 11:02:58,803 | INFO  | OMAudit | user=runner | ip=127.0.0.1 | op=ALLOCATE_BLOCK {"volume":"4218e849-d8f8-4acb-a7d3-d9a354728c5d","bucket":"9aebdfc2-d95c-44a3-ad12-545e065b27b8","key":"ce432e09-6b29-4b26-b5cb-470826e63390","dataSize":"5242880","replicationType":"RATIS","replicationFactor":"ONE","clientID":"115389168274571606","Transaction":"1398"} | ret=SUCCESS |  
2025-10-17 11:02:58,834 | INFO  | SCMAudit | user=runner | ip=127.0.0.1 | op=ALLOCATE_BLOCK {"replication":"RATIS/ONE","owner":"omServiceIdDefault","size":"4194304","sampleBlocks":"[conID: 9 locID: 115816896921600371]","num":"1","client":"","allocated":"1"} | ret=SUCCESS |  
2025-10-17 11:02:58,836 | INFO  | OMAudit | user=runner | ip=127.0.0.1 | op=ALLOCATE_BLOCK {"volume":"4218e849-d8f8-4acb-a7d3-d9a354728c5d","bucket":"9aebdfc2-d95c-44a3-ad12-545e065b27b8","key":"ce432e09-6b29-4b26-b5cb-470826e63390","dataSize":"5242880","replicationType":"RATIS","replicationFactor":"ONE","clientID":"115389168274571606","Transaction":"1399"} | ret=SUCCESS |  
2025-10-17 11:02:58,848 [om1-OMDoubleBufferFlushThread] INFO  db.RDBCheckpointManager (RDBCheckpointManager.java:createCheckpoint(87)) - Created checkpoint in rocksDB at /home/runner/work/ozone/ozone/hadoop-ozone/integration-test/target/test-dir/MiniOzoneClusterImpl-d1ffa5d3-3301-45c3-9f44-1ffa6967d237/om/data/db.snapshots/checkpointState/om.db-431b9c18-b293-4d80-9463-781a22a54a1c in 53 milliseconds
2025-10-17 11:02:58,860 | INFO  | OMAudit | user=runner | ip=127.0.0.1 | op=COMMIT_MULTIPART_UPLOAD_PARTKEY {"volume":"4218e849-d8f8-4acb-a7d3-d9a354728c5d","bucket":"9aebdfc2-d95c-44a3-ad12-545e065b27b8","key":"ce432e09-6b29-4b26-b5cb-470826e63390","dataSize":"5242880","ETag":"74843a3ab193a389bced899402d99d5f","uploadID":"0199f1d6-51eb-74a7-8082-ce83fd85b859-115389168274309461","partNumber":"1","partName":"/4218e849-d8f8-4acb-a7d3-d9a354728c5d/9aebdfc2-d95c-44a3-ad12-545e065b27b8/ce432e09-6b29-4b26-b5cb-470826e63390-0199f1d6-51eb-74a7-8082-ce83fd85b859-115389168274309461-1","Transaction":"1400"} | ret=SUCCESS |  
2025-10-17 11:02:58,863 | INFO  | SCMAudit | user=runner | ip=127.0.0.1 | op=SEND_HEARTBEAT {"datanodeUUID":"a5293c95-44e9-4ea9-88ca-89089eac4b59","term":"2","command":"[]"} | ret=SUCCESS |  
2025-10-17 11:02:58,863 | INFO  | OMAudit | user=runner | ip=127.0.0.1 | op=ALLOCATE_KEY {"volume":"4218e849-d8f8-4acb-a7d3-d9a354728c5d","bucket":"9aebdfc2-d95c-44a3-ad12-545e065b27b8","key":"ce432e09-6b29-4b26-b5cb-470826e63390","dataSize":"5242880","Transaction":"1401"} | ret=SUCCESS |  
2025-10-17 11:02:58,865 | INFO  | SCMAudit | user=runner | ip=127.0.0.1 | op=ALLOCATE_BLOCK {"replication":"RATIS/ONE","owner":"omServiceIdDefault","size":"4194304","sampleBlocks":"[conID: 3 locID: 115816896921600372]","num":"1","client":"","allocated":"1"} | ret=SUCCESS |  
2025-10-17 11:02:58,866 | INFO  | OMAudit | user=runner | ip=127.0.0.1 | op=ALLOCATE_BLOCK {"volume":"4218e849-d8f8-4acb-a7d3-d9a354728c5d","bucket":"9aebdfc2-d95c-44a3-ad12-545e065b27b8","key":"ce432e09-6b29-4b26-b5cb-470826e63390","dataSize":"5242880","replicationType":"RATIS","replicationFactor":"ONE","clientID":"115389168278700375","Transaction":"1402"} | ret=SUCCESS |  
2025-10-17 11:02:58,874 [om1-OMDoubleBufferFlushThread] INFO  om.OmSnapshotManager (OmSnapshotManager.java:createOmSnapshotCheckpoint(545)) - Created checkpoint: /home/runner/work/ozone/ozone/hadoop-ozone/integration-test/target/test-dir/MiniOzoneClusterImpl-d1ffa5d3-3301-45c3-9f44-1ffa6967d237/om/data/db.snapshots/checkpointState/om.db-431b9c18-b293-4d80-9463-781a22a54a1c for snapshot /vol-a-69739/buc-a-45378/snapshot-b-0-22921
2025-10-17 11:02:58,894 | INFO  | SCMAudit | user=runner | ip=127.0.0.1 | op=ALLOCATE_BLOCK {"replication":"RATIS/ONE","owner":"omServiceIdDefault","size":"4194304","sampleBlocks":"[conID: 5 locID: 115816896921600373]","num":"1","client":"","allocated":"1"} | ret=SUCCESS |  
2025-10-17 11:02:58,895 | INFO  | OMAudit | user=runner | ip=127.0.0.1 | op=ALLOCATE_BLOCK {"volume":"4218e849-d8f8-4acb-a7d3-d9a354728c5d","bucket":"9aebdfc2-d95c-44a3-ad12-545e065b27b8","key":"ce432e09-6b29-4b26-b5cb-470826e63390","dataSize":"5242880","replicationType":"RATIS","replicationFactor":"ONE","clientID":"115389168278700375","Transaction":"1403"} | ret=SUCCESS |  
2025-10-17 11:02:58,915 | INFO  | OMAudit | user=runner | ip=127.0.0.1 | op=COMMIT_MULTIPART_UPLOAD_PARTKEY {"volume":"4218e849-d8f8-4acb-a7d3-d9a354728c5d","bucket":"9aebdfc2-d95c-44a3-ad12-545e065b27b8","key":"ce432e09-6b29-4b26-b5cb-470826e63390","dataSize":"5242880","ETag":"74843a3ab193a389bced899402d99d5f","uploadID":"0199f1d6-51eb-74a7-8082-ce83fd85b859-115389168274309461","partNumber":"2","partName":"/4218e849-d8f8-4acb-a7d3-d9a354728c5d/9aebdfc2-d95c-44a3-ad12-545e065b27b8/ce432e09-6b29-4b26-b5cb-470826e63390-0199f1d6-51eb-74a7-8082-ce83fd85b859-115389168274309461-2","Transaction":"1404"} | ret=SUCCESS |  
2025-10-17 11:02:58,918 | INFO  | OMAudit | user=runner | ip=127.0.0.1 | op=ALLOCATE_KEY {"volume":"4218e849-d8f8-4acb-a7d3-d9a354728c5d","bucket":"9aebdfc2-d95c-44a3-ad12-545e065b27b8","key":"ce432e09-6b29-4b26-b5cb-470826e63390","dataSize":"36","Transaction":"1405"} | ret=SUCCESS |  
2025-10-17 11:02:58,921 | INFO  | SCMAudit | user=runner | ip=127.0.0.1 | op=ALLOCATE_BLOCK {"replication":"RATIS/ONE","owner":"omServiceIdDefault","size":"4194304","sampleBlocks":"[conID: 5 locID: 115816896921600374]","num":"1","client":"","allocated":"1"} | ret=SUCCESS |  
2025-10-17 11:02:58,922 | INFO  | OMAudit | user=runner | ip=127.0.0.1 | op=ALLOCATE_BLOCK {"volume":"4218e849-d8f8-4acb-a7d3-d9a354728c5d","bucket":"9aebdfc2-d95c-44a3-ad12-545e065b27b8","key":"ce432e09-6b29-4b26-b5cb-470826e63390","dataSize":"36","replicationType":"RATIS","replicationFactor":"ONE","clientID":"115389168282304856","Transaction":"1406"} | ret=SUCCESS |  
2025-10-17 11:02:58,927 [om1-OMDoubleBufferFlushThread] INFO  db.RDBCheckpointManager (RDBCheckpointManager.java:createCheckpoint(87)) - Created checkpoint in rocksDB at /home/runner/work/ozone/ozone/hadoop-ozone/integration-test/target/test-dir/MiniOzoneClusterImpl-d1ffa5d3-3301-45c3-9f44-1ffa6967d237/om/data/db.snapshots/checkpointState/om.db-681779f7-1268-4873-bd43-d1ad9f6cdb13 in 51 milliseconds
2025-10-17 11:02:58,929 | INFO  | OMAudit | user=runner | ip=127.0.0.1 | op=COMMIT_MULTIPART_UPLOAD_PARTKEY {"volume":"4218e849-d8f8-4acb-a7d3-d9a354728c5d","bucket":"9aebdfc2-d95c-44a3-ad12-545e065b27b8","key":"ce432e09-6b29-4b26-b5cb-470826e63390","dataSize":"36","ETag":"7dfc8bd6c2eb39dd39d448d44a8701b5","uploadID":"0199f1d6-51eb-74a7-8082-ce83fd85b859-115389168274309461","partNumber":"3","partName":"/4218e849-d8f8-4acb-a7d3-d9a354728c5d/9aebdfc2-d95c-44a3-ad12-545e065b27b8/ce432e09-6b29-4b26-b5cb-470826e63390-0199f1d6-51eb-74a7-8082-ce83fd85b859-115389168274309461-3","Transaction":"1407"} | ret=SUCCESS |  
2025-10-17 11:02:58,933 | INFO  | OMAudit | user=runner | ip=127.0.0.1 | op=COMPLETE_MULTIPART_UPLOAD {"volume":"4218e849-d8f8-4acb-a7d3-d9a354728c5d","bucket":"9aebdfc2-d95c-44a3-ad12-545e065b27b8","key":"ce432e09-6b29-4b26-b5cb-470826e63390","dataSize":"0","uploadID":"0199f1d6-51eb-74a7-8082-ce83fd85b859-115389168274309461","multipartList":"[partNumber: 1 partName: \"74843a3ab193a389bced899402d99d5f\" eTag: \"74843a3ab193a389bced899402d99d5f\" , partNumber: 2 partName: \"74843a3ab193a389bced899402d99d5f\" eTag: \"74843a3ab193a389bced899402d99d5f\" , partNumber: 3 partName: \"7dfc8bd6c2eb39dd39d448d44a8701b5\" eTag: \"7dfc8bd6c2eb39dd39d448d44a8701b5\" ]","Transaction":"1408"} | ret=SUCCESS |  
2025-10-17 11:02:58,935 | INFO  | OMAudit | user=runner | ip=127.0.0.1 | op=READ_KEY {"volume":"4218e849-d8f8-4acb-a7d3-d9a354728c5d","bucket":"9aebdfc2-d95c-44a3-ad12-545e065b27b8","key":"ce432e09-6b29-4b26-b5cb-470826e63390","owner":null,"dataSize":"0","replicationConfig":null} | ret=SUCCESS |  
2025-10-17 11:02:58,944 | INFO  | SCMAudit | user=runner | ip=127.0.0.1 | op=SEND_HEARTBEAT {"datanodeUUID":"3a11eef6-a527-493c-8ba3-ae39ecaefa56","term":"2","command":"[]"} | ret=SUCCESS |  
2025-10-17 11:02:58,954 [om1-OMDoubleBufferFlushThread] INFO  om.OmSnapshotManager (OmSnapshotManager.java:createOmSnapshotCheckpoint(545)) - Created checkpoint: /home/runner/work/ozone/ozone/hadoop-ozone/integration-test/target/test-dir/MiniOzoneClusterImpl-d1ffa5d3-3301-45c3-9f44-1ffa6967d237/om/data/db.snapshots/checkpointState/om.db-681779f7-1268-4873-bd43-d1ad9f6cdb13 for snapshot /vol-a-69739/buc-b-13213/snapshot-b-0-78577
2025-10-17 11:02:58,989 [om1-OMDoubleBufferFlushThread] INFO  db.RDBCheckpointManager (RDBCheckpointManager.java:createCheckpoint(87)) - Created checkpoint in rocksDB at /home/runner/work/ozone/ozone/hadoop-ozone/integration-test/target/test-dir/MiniOzoneClusterImpl-d1ffa5d3-3301-45c3-9f44-1ffa6967d237/om/data/db.snapshots/checkpointState/om.db-9123709d-76af-4f68-a5f9-daa036c1fdad in 32 milliseconds
2025-10-17 11:02:58,999 | INFO  | SCMAudit | user=runner | ip=127.0.0.1 | op=GET_CONTAINER_WITH_PIPELINE_BATCH {"containerIDs":"#3,#5,#9,"} | ret=SUCCESS |  
2025-10-17 11:02:59,000 | INFO  | OMAudit | user=null | ip= | op=READ_KEY {"volume":"4218e849-d8f8-4acb-a7d3-d9a354728c5d","bucket":"9aebdfc2-d95c-44a3-ad12-545e065b27b8","key":"ce432e09-6b29-4b26-b5cb-470826e63390","owner":null,"dataSize":"0","replicationConfig":null} | ret=SUCCESS |  
2025-10-17 11:02:59,001 | INFO  | SCMAudit | user=runner | ip=127.0.0.1 | op=GET_CONTAINER {"containerID":"5"} | ret=SUCCESS |  
2025-10-17 11:02:59,002 | INFO  | SCMAudit | user=runner | ip=127.0.0.1 | op=GET_CONTAINER {"containerID":"9"} | ret=SUCCESS |  
2025-10-17 11:02:59,002 | INFO  | SCMAudit | user=runner | ip=127.0.0.1 | op=GET_CONTAINER {"containerID":"3"} | ret=SUCCESS |  
2025-10-17 11:02:59,003 | INFO  | SCMAudit | user=runner | ip=127.0.0.1 | op=GET_CONTAINER {"containerID":"5"} | ret=SUCCESS |  
2025-10-17 11:02:59,004 | INFO  | SCMAudit | user=runner | ip=127.0.0.1 | op=GET_CONTAINER {"containerID":"5"} | ret=SUCCESS |  
2025-10-17 11:02:59,016 [om1-OMDoubleBufferFlushThread] INFO  om.OmSnapshotManager (OmSnapshotManager.java:createOmSnapshotCheckpoint(545)) - Created checkpoint: /home/runner/work/ozone/ozone/hadoop-ozone/integration-test/target/test-dir/MiniOzoneClusterImpl-d1ffa5d3-3301-45c3-9f44-1ffa6967d237/om/data/db.snapshots/checkpointState/om.db-9123709d-76af-4f68-a5f9-daa036c1fdad for snapshot /vol-b-67769/buc-a-45378/snapshot-b-0-80433
2025-10-17 11:02:59,018 | INFO  | OMAudit | user=runner | ip=127.0.0.1 | op=GET_ACL {"resourceType":"key","storageType":"ozone","volume":"4218e849-d8f8-4acb-a7d3-d9a354728c5d","bucket":"9aebdfc2-d95c-44a3-ad12-545e065b27b8","key":"ce432e09-6b29-4b26-b5cb-470826e63390"} | ret=SUCCESS |  
2025-10-17 11:02:59,023 | INFO  | OMAudit | user=test-user | ip=127.0.0.1 | op=GET_SERVICE_LIST {} | ret=SUCCESS |  
2025-10-17 11:02:59,025 | INFO  | OMAudit | user=runner | ip=127.0.0.1 | op=ADD_ACL {"resourceType":"volume","storageType":"ozone","volume":"4218e849-d8f8-4acb-a7d3-d9a354728c5d","bucket":null,"key":null,"acl":"[user:test-user:r[DEFAULT]]","Transaction":"1409"} | ret=SUCCESS |  
2025-10-17 11:02:59,027 | INFO  | OMAudit | user=runner | ip=127.0.0.1 | op=ADD_ACL {"resourceType":"volume","storageType":"ozone","volume":"4218e849-d8f8-4acb-a7d3-d9a354728c5d","bucket":null,"key":null,"acl":"[user:test-user:r[ACCESS]]","Transaction":"1410"} | ret=SUCCESS |  
2025-10-17 11:02:59,029 | INFO  | OMAudit | user=runner | ip=127.0.0.1 | op=ADD_ACL {"resourceType":"bucket","storageType":"ozone","volume":"4218e849-d8f8-4acb-a7d3-d9a354728c5d","bucket":"9aebdfc2-d95c-44a3-ad12-545e065b27b8","key":null,"acl":"[user:test-user:r[DEFAULT]]","Transaction":"1411"} | ret=SUCCESS |  
2025-10-17 11:02:59,030 | INFO  | OMAudit | user=runner | ip=127.0.0.1 | op=ADD_ACL {"resourceType":"bucket","storageType":"ozone","volume":"4218e849-d8f8-4acb-a7d3-d9a354728c5d","bucket":"9aebdfc2-d95c-44a3-ad12-545e065b27b8","key":null,"acl":"[user:test-user:r[ACCESS]]","Transaction":"1412"} | ret=SUCCESS |  
2025-10-17 11:02:59,033 | INFO  | SCMAudit | user=runner | ip=127.0.0.1 | op=SEND_HEARTBEAT {"datanodeUUID":"309ab1ff-9f5a-4058-8b2f-94d451ce5267","term":"2","command":"[]"} | ret=SUCCESS |  
2025-10-17 11:02:59,041 | INFO  | OMAudit | user=test-user | ip=127.0.0.1 | op=READ_VOLUME {"volume":"4218e849-d8f8-4acb-a7d3-d9a354728c5d"} | ret=SUCCESS |  
2025-10-17 11:02:59,041 | INFO  | OMAudit | user=test-user | ip=127.0.0.1 | op=READ_BUCKET {"volume":"4218e849-d8f8-4acb-a7d3-d9a354728c5d","bucket":"9aebdfc2-d95c-44a3-ad12-545e065b27b8"} | ret=SUCCESS |  
2025-10-17 11:02:59,043 [IPC Server handler 7 on default port 15006] WARN  om.OzoneManager (OmMetadataReader.java:checkAcls(595)) - User test-user doesn't have CREATE permission to access key Volume:4218e849-d8f8-4acb-a7d3-d9a354728c5d Bucket:9aebdfc2-d95c-44a3-ad12-545e065b27b8 Key:909c04d0-9256-48e6-b835-ee00dcdd8673
2025-10-17 11:02:59,045 | INFO  | OMAudit | user=runner | ip=127.0.0.1 | op=ADD_ACL {"resourceType":"volume","storageType":"ozone","volume":"4218e849-d8f8-4acb-a7d3-d9a354728c5d","bucket":null,"key":null,"acl":"[user:test-user:c[DEFAULT]]","Transaction":"1413"} | ret=SUCCESS |  
2025-10-17 11:02:59,046 [om1-OMDoubleBufferFlushThread] INFO  db.RDBCheckpointManager (RDBCheckpointManager.java:createCheckpoint(87)) - Created checkpoint in rocksDB at /home/runner/work/ozone/ozone/hadoop-ozone/integration-test/target/test-dir/MiniOzoneClusterImpl-d1ffa5d3-3301-45c3-9f44-1ffa6967d237/om/data/db.snapshots/checkpointState/om.db-bb7af7ae-56f9-4d22-b24d-2f27fa7ec5f9 in 28 milliseconds
2025-10-17 11:02:59,047 | INFO  | OMAudit | user=runner | ip=127.0.0.1 | op=ADD_ACL {"resourceType":"volume","storageType":"ozone","volume":"4218e849-d8f8-4acb-a7d3-d9a354728c5d","bucket":null,"key":null,"acl":"[user:test-user:c[ACCESS]]","Transaction":"1414"} | ret=SUCCESS |  
2025-10-17 11:02:59,048 | INFO  | OMAudit | user=runner | ip=127.0.0.1 | op=ADD_ACL {"resourceType":"volume","storageType":"ozone","volume":"4218e849-d8f8-4acb-a7d3-d9a354728c5d","bucket":null,"key":null,"acl":"[user:test-user:w[DEFAULT]]","Transaction":"1415"} | ret=SUCCESS |  
2025-10-17 11:02:59,050 | INFO  | OMAudit | user=runner | ip=127.0.0.1 | op=ADD_ACL {"resourceType":"volume","storageType":"ozone","volume":"4218e849-d8f8-4acb-a7d3-d9a354728c5d","bucket":null,"key":null,"acl":"[user:test-user:w[ACCESS]]","Transaction":"1416"} | ret=SUCCESS |  
2025-10-17 11:02:59,051 | INFO  | OMAudit | user=runner | ip=127.0.0.1 | op=ADD_ACL {"resourceType":"bucket","storageType":"ozone","volume":"4218e849-d8f8-4acb-a7d3-d9a354728c5d","bucket":"9aebdfc2-d95c-44a3-ad12-545e065b27b8","key":null,"acl":"[user:test-user:c[DEFAULT]]","Transaction":"1417"} | ret=SUCCESS |  
2025-10-17 11:02:59,053 | INFO  | OMAudit | user=runner | ip=127.0.0.1 | op=ADD_ACL {"resourceType":"bucket","storageType":"ozone","volume":"4218e849-d8f8-4acb-a7d3-d9a354728c5d","bucket":"9aebdfc2-d95c-44a3-ad12-545e065b27b8","key":null,"acl":"[user:test-user:c[ACCESS]]","Transaction":"1418"} | ret=SUCCESS |  
2025-10-17 11:02:59,055 | INFO  | OMAudit | user=runner | ip=127.0.0.1 | op=ADD_ACL {"resourceType":"bucket","storageType":"ozone","volume":"4218e849-d8f8-4acb-a7d3-d9a354728c5d","bucket":"9aebdfc2-d95c-44a3-ad12-545e065b27b8","key":null,"acl":"[user:test-user:w[DEFAULT]]","Transaction":"1419"} | ret=SUCCESS |  
2025-10-17 11:02:59,057 | INFO  | OMAudit | user=runner | ip=127.0.0.1 | op=ADD_ACL {"resourceType":"bucket","storageType":"ozone","volume":"4218e849-d8f8-4acb-a7d3-d9a354728c5d","bucket":"9aebdfc2-d95c-44a3-ad12-545e065b27b8","key":null,"acl":"[user:test-user:w[ACCESS]]","Transaction":"1420"} | ret=SUCCESS |  
2025-10-17 11:02:59,059 [om1-OMStateMachineApplyTransactionThread - 0] WARN  helpers.OzoneAclUtil (OzoneAclUtil.java:getDefaultAclList(68)) - Failed to get primary group from user test-user (auth:SIMPLE)
2025-10-17 11:02:59,059 | INFO  | OMAudit | user=test-user | ip=127.0.0.1 | op=INITIATE_MULTIPART_UPLOAD {"volume":"4218e849-d8f8-4acb-a7d3-d9a354728c5d","bucket":"9aebdfc2-d95c-44a3-ad12-545e065b27b8","key":"909c04d0-9256-48e6-b835-ee00dcdd8673","dataSize":"0","replicationType":"RATIS","replicationFactor":"ONE","uploadID":"0199f1d6-52f2-7f26-889c-a1cd3976764e-115389168291545434","Transaction":"1421"} | ret=SUCCESS |  
2025-10-17 11:02:59,062 | INFO  | OMAudit | user=runner | ip=127.0.0.1 | op=ALLOCATE_KEY {"volume":"4218e849-d8f8-4acb-a7d3-d9a354728c5d","bucket":"9aebdfc2-d95c-44a3-ad12-545e065b27b8","key":"909c04d0-9256-48e6-b835-ee00dcdd8673","dataSize":"5242880","Transaction":"1422"} | ret=SUCCESS |  
2025-10-17 11:02:59,064 | INFO  | SCMAudit | user=runner | ip=127.0.0.1 | op=ALLOCATE_BLOCK {"replication":"RATIS/ONE","owner":"omServiceIdDefault","size":"4194304","sampleBlocks":"[conID: 4 locID: 115816896921600375]","num":"1","client":"","allocated":"1"} | ret=SUCCESS |  
2025-10-17 11:02:59,065 [om1-OMDoubleBufferFlushThread] INFO  om.OmSnapshotManager (OmSnapshotManager.java:createOmSnapshotCheckpoint(545)) - Created checkpoint: /home/runner/work/ozone/ozone/hadoop-ozone/integration-test/target/test-dir/MiniOzoneClusterImpl-d1ffa5d3-3301-45c3-9f44-1ffa6967d237/om/data/db.snapshots/checkpointState/om.db-bb7af7ae-56f9-4d22-b24d-2f27fa7ec5f9 for snapshot /vol-b-67769/buc-b-13213/snapshot-b-0-25738
2025-10-17 11:02:59,065 | INFO  | OMAudit | user=runner | ip=127.0.0.1 | op=ALLOCATE_BLOCK {"volume":"4218e849-d8f8-4acb-a7d3-d9a354728c5d","bucket":"9aebdfc2-d95c-44a3-ad12-545e065b27b8","key":"909c04d0-9256-48e6-b835-ee00dcdd8673","dataSize":"5242880","replicationType":"RATIS","replicationFactor":"ONE","clientID":"115389168291742043","Transaction":"1423"} | ret=SUCCESS |  
2025-10-17 11:02:59,087 | INFO  | SCMAudit | user=runner | ip=127.0.0.1 | op=ALLOCATE_BLOCK {"replication":"RATIS/ONE","owner":"omServiceIdDefault","size":"4194304","sampleBlocks":"[conID: 14 locID: 115816896921600376]","num":"1","client":"","allocated":"1"} | ret=SUCCESS |  
2025-10-17 11:02:59,088 | INFO  | OMAudit | user=runner | ip=127.0.0.1 | op=ALLOCATE_BLOCK {"volume":"4218e849-d8f8-4acb-a7d3-d9a354728c5d","bucket":"9aebdfc2-d95c-44a3-ad12-545e065b27b8","key":"909c04d0-9256-48e6-b835-ee00dcdd8673","dataSize":"5242880","replicationType":"RATIS","replicationFactor":"ONE","clientID":"115389168291742043","Transaction":"1424"} | ret=SUCCESS |  
2025-10-17 11:02:59,103 [om1-OMDoubleBufferFlushThread] INFO  db.RDBCheckpointManager (RDBCheckpointManager.java:createCheckpoint(87)) - Created checkpoint in rocksDB at /home/runner/work/ozone/ozone/hadoop-ozone/integration-test/target/test-dir/MiniOzoneClusterImpl-d1ffa5d3-3301-45c3-9f44-1ffa6967d237/om/data/db.snapshots/checkpointState/om.db-2bd6641a-345d-4fbd-a3b3-5946c509e485 in 36 milliseconds
2025-10-17 11:02:59,107 | INFO  | OMAudit | user=runner | ip=127.0.0.1 | op=COMMIT_MULTIPART_UPLOAD_PARTKEY {"volume":"4218e849-d8f8-4acb-a7d3-d9a354728c5d","bucket":"9aebdfc2-d95c-44a3-ad12-545e065b27b8","key":"909c04d0-9256-48e6-b835-ee00dcdd8673","dataSize":"5242880","ETag":"08b46181d7094b5ece88bb389c7499af","uploadID":"0199f1d6-52f2-7f26-889c-a1cd3976764e-115389168291545434","partNumber":"1","partName":"/4218e849-d8f8-4acb-a7d3-d9a354728c5d/9aebdfc2-d95c-44a3-ad12-545e065b27b8/909c04d0-9256-48e6-b835-ee00dcdd8673-0199f1d6-52f2-7f26-889c-a1cd3976764e-115389168291545434-1","Transaction":"1425"} | ret=SUCCESS |  
2025-10-17 11:02:59,111 [om1-OMStateMachineApplyTransactionThread - 0] WARN  helpers.OzoneAclUtil (OzoneAclUtil.java:getDefaultAclList(68)) - Failed to get primary group from user test-user (auth:SIMPLE)
2025-10-17 11:02:59,111 | INFO  | OMAudit | user=test-user | ip=127.0.0.1 | op=COMPLETE_MULTIPART_UPLOAD {"volume":"4218e849-d8f8-4acb-a7d3-d9a354728c5d","bucket":"9aebdfc2-d95c-44a3-ad12-545e065b27b8","key":"909c04d0-9256-48e6-b835-ee00dcdd8673","dataSize":"0","uploadID":"0199f1d6-52f2-7f26-889c-a1cd3976764e-115389168291545434","multipartList":"[partNumber: 1 partName: \"08b46181d7094b5ece88bb389c7499af\" eTag: \"08b46181d7094b5ece88bb389c7499af\" ]","Transaction":"1426"} | ret=SUCCESS |  
2025-10-17 11:02:59,113 [IPC Server handler 19 on default port 15006] WARN  om.OzoneManager (OmMetadataReader.java:checkAcls(595)) - User test-user doesn't have READ permission to access key Volume:4218e849-d8f8-4acb-a7d3-d9a354728c5d Bucket:9aebdfc2-d95c-44a3-ad12-545e065b27b8 Key:ce432e09-6b29-4b26-b5cb-470826e63390
2025-10-17 11:02:59,113 | ERROR | OMAudit | user=test-user | ip=127.0.0.1 | op=READ_KEY {"volume":"4218e849-d8f8-4acb-a7d3-d9a354728c5d","bucket":"9aebdfc2-d95c-44a3-ad12-545e065b27b8","key":"ce432e09-6b29-4b26-b5cb-470826e63390","owner":null,"dataSize":"0","replicationConfig":null} | ret=FAILURE | 
org.apache.hadoop.ozone.om.exceptions.OMException: User test-user doesn't have READ permission to access key Volume:4218e849-d8f8-4acb-a7d3-d9a354728c5d Bucket:9aebdfc2-d95c-44a3-ad12-545e065b27b8 Key:ce432e09-6b29-4b26-b5cb-470826e63390
	at org.apache.hadoop.ozone.om.OmMetadataReader.checkAcls(OmMetadataReader.java:598)
	at org.apache.hadoop.ozone.om.OmMetadataReader.checkAcls(OmMetadataReader.java:573)
 
]]></system-out>
  </testcase>
  <testcase name="testMultipartUploadWithCustomMetadata(ReplicationConfig)[1]" classname="org.apache.hadoop.ozone.client.rpc.TestSecureOzoneRpcClient" time="0.212">
    <system-out><![CDATA[2025-10-17 11:02:59,117 [ForkJoinPool-1-worker-1] INFO  rpc.RpcClient (RpcClient.java:createVolume(461)) - Creating Volume: 282f2303-5c54-4ca2-8272-bd3fe9d68c8a, with runner as owner and space quota set to -1 bytes, counts quota set to -1
2025-10-17 11:02:59,118 [om1-OMStateMachineApplyTransactionThread - 0] INFO  volume.OMVolumeCreateRequest (OMVolumeCreateRequest.java:validateAndUpdateCache(213)) - created volume:282f2303-5c54-4ca2-8272-bd3fe9d68c8a for user:runner
2025-10-17 11:02:59,118 | INFO  | OMAudit | user=runner | ip=127.0.0.1 | op=CREATE_VOLUME {"admin":"runner","owner":"runner","volume":"282f2303-5c54-4ca2-8272-bd3fe9d68c8a","creationTime":"1760698979117","modificationTime":"1760698979117","quotaInBytes":"-1","quotaInNamespace":"-1","usedNamespace":"0","objectID":"-9223372036854410496","updateID":"1427","Transaction":"1427"} | ret=SUCCESS |  
2025-10-17 11:02:59,119 | INFO  | OMAudit | user=runner | ip=127.0.0.1 | op=READ_VOLUME {"volume":"282f2303-5c54-4ca2-8272-bd3fe9d68c8a"} | ret=SUCCESS |  
2025-10-17 11:02:59,120 [ForkJoinPool-1-worker-1] INFO  rpc.RpcClient (RpcClient.java:createBucket(686)) - Creating Bucket: 282f2303-5c54-4ca2-8272-bd3fe9d68c8a/70863178-7cc0-4fe2-a69c-e1e88fd73c93, with server-side default bucket layout, runner as owner, Versioning false, Storage Type set to DISK and Encryption set to false, Replication Type set to server-side default replication type, Namespace Quota set to -1, Space Quota set to -1 
2025-10-17 11:02:59,121 [om1-OMDoubleBufferFlushThread] INFO  om.OmSnapshotManager (OmSnapshotManager.java:createOmSnapshotCheckpoint(545)) - Created checkpoint: /home/runner/work/ozone/ozone/hadoop-ozone/integration-test/target/test-dir/MiniOzoneClusterImpl-d1ffa5d3-3301-45c3-9f44-1ffa6967d237/om/data/db.snapshots/checkpointState/om.db-2bd6641a-345d-4fbd-a3b3-5946c509e485 for snapshot /vol-a-69739/buc-a-45378/snapshot-b-1-07537
2025-10-17 11:02:59,121 [om1-OMStateMachineApplyTransactionThread - 0] INFO  bucket.OMBucketCreateRequest (OMBucketCreateRequest.java:validateAndUpdateCache(303)) - created bucket: 70863178-7cc0-4fe2-a69c-e1e88fd73c93 of layout FILE_SYSTEM_OPTIMIZED in volume: 282f2303-5c54-4ca2-8272-bd3fe9d68c8a
2025-10-17 11:02:59,122 | INFO  | OMAudit | user=runner | ip=127.0.0.1 | op=CREATE_BUCKET {"volume":"282f2303-5c54-4ca2-8272-bd3fe9d68c8a","bucket":"70863178-7cc0-4fe2-a69c-e1e88fd73c93","bucketLayout":"FILE_SYSTEM_OPTIMIZED","gdprEnabled":null,"acls":"[user:runner:a[ACCESS], group:runner:rl[ACCESS]]","isVersionEnabled":"false","storageType":"DISK","creationTime":"1760698979120","bucketEncryptionKey":null,"modificationTime":"1760698979120","usedBytes":"0","usedNamespace":"0","snapshotUsedBytes":"0","snapshotUsedNamespace":"0","owner":"runner","replicationType":null,"replicationConfig":null,"quotaInBytes":"-1","quotaInNamespace":"-1","Transaction":"1428"} | ret=SUCCESS |  
2025-10-17 11:02:59,122 | INFO  | OMAudit | user=runner | ip=127.0.0.1 | op=READ_BUCKET {"volume":"282f2303-5c54-4ca2-8272-bd3fe9d68c8a","bucket":"70863178-7cc0-4fe2-a69c-e1e88fd73c93"} | ret=SUCCESS |  
2025-10-17 11:02:59,124 | INFO  | OMAudit | user=runner | ip=127.0.0.1 | op=INITIATE_MULTIPART_UPLOAD {"volume":"282f2303-5c54-4ca2-8272-bd3fe9d68c8a","bucket":"70863178-7cc0-4fe2-a69c-e1e88fd73c93","key":"03423653-064c-41e8-95c4-f07c224cc09f","dataSize":"0","replicationType":"RATIS","replicationFactor":"ONE","uploadID":"0199f1d6-5333-798d-91a9-8f26ef89ddfc-115389168295805276","Transaction":"1429"} | ret=SUCCESS |  
2025-10-17 11:02:59,127 | INFO  | OMAudit | user=runner | ip=127.0.0.1 | op=ALLOCATE_KEY {"volume":"282f2303-5c54-4ca2-8272-bd3fe9d68c8a","bucket":"70863178-7cc0-4fe2-a69c-e1e88fd73c93","key":"03423653-064c-41e8-95c4-f07c224cc09f","dataSize":"5242880","Transaction":"1430"} | ret=SUCCESS |  
2025-10-17 11:02:59,129 | INFO  | SCMAudit | user=runner | ip=127.0.0.1 | op=ALLOCATE_BLOCK {"replication":"RATIS/ONE","owner":"omServiceIdDefault","size":"4194304","sampleBlocks":"[conID: 7 locID: 115816896921600377]","num":"1","client":"","allocated":"1"} | ret=SUCCESS |  
2025-10-17 11:02:59,131 | INFO  | OMAudit | user=runner | ip=127.0.0.1 | op=ALLOCATE_BLOCK {"volume":"282f2303-5c54-4ca2-8272-bd3fe9d68c8a","bucket":"70863178-7cc0-4fe2-a69c-e1e88fd73c93","key":"03423653-064c-41e8-95c4-f07c224cc09f","dataSize":"5242880","replicationType":"RATIS","replicationFactor":"ONE","clientID":"115389168296001885","Transaction":"1431"} | ret=SUCCESS |  
2025-10-17 11:02:59,154 | INFO  | SCMAudit | user=runner | ip=127.0.0.1 | op=ALLOCATE_BLOCK {"replication":"RATIS/ONE","owner":"omServiceIdDefault","size":"4194304","sampleBlocks":"[conID: 3 locID: 115816896921600378]","num":"1","client":"","allocated":"1"} | ret=SUCCESS |  
2025-10-17 11:02:59,156 | INFO  | OMAudit | user=runner | ip=127.0.0.1 | op=ALLOCATE_BLOCK {"volume":"282f2303-5c54-4ca2-8272-bd3fe9d68c8a","bucket":"70863178-7cc0-4fe2-a69c-e1e88fd73c93","key":"03423653-064c-41e8-95c4-f07c224cc09f","dataSize":"5242880","replicationType":"RATIS","replicationFactor":"ONE","clientID":"115389168296001885","Transaction":"1432"} | ret=SUCCESS |  
2025-10-17 11:02:59,165 [om1-OMDoubleBufferFlushThread] INFO  db.RDBCheckpointManager (RDBCheckpointManager.java:createCheckpoint(87)) - Created checkpoint in rocksDB at /home/runner/work/ozone/ozone/hadoop-ozone/integration-test/target/test-dir/MiniOzoneClusterImpl-d1ffa5d3-3301-45c3-9f44-1ffa6967d237/om/data/db.snapshots/checkpointState/om.db-77f24a90-2dc3-4160-8d3c-78f1a332a989 in 43 milliseconds
2025-10-17 11:02:59,172 | INFO  | OMAudit | user=runner | ip=127.0.0.1 | op=COMMIT_MULTIPART_UPLOAD_PARTKEY {"volume":"282f2303-5c54-4ca2-8272-bd3fe9d68c8a","bucket":"70863178-7cc0-4fe2-a69c-e1e88fd73c93","key":"03423653-064c-41e8-95c4-f07c224cc09f","dataSize":"5242880","ETag":"74843a3ab193a389bced899402d99d5f","uploadID":"0199f1d6-5333-798d-91a9-8f26ef89ddfc-115389168295805276","partNumber":"1","partName":"/282f2303-5c54-4ca2-8272-bd3fe9d68c8a/70863178-7cc0-4fe2-a69c-e1e88fd73c93/03423653-064c-41e8-95c4-f07c224cc09f-0199f1d6-5333-798d-91a9-8f26ef89ddfc-115389168295805276-1","Transaction":"1433"} | ret=SUCCESS |  
2025-10-17 11:02:59,174 | INFO  | OMAudit | user=runner | ip=127.0.0.1 | op=ALLOCATE_KEY {"volume":"282f2303-5c54-4ca2-8272-bd3fe9d68c8a","bucket":"70863178-7cc0-4fe2-a69c-e1e88fd73c93","key":"03423653-064c-41e8-95c4-f07c224cc09f","dataSize":"5242880","Transaction":"1434"} | ret=SUCCESS |  
2025-10-17 11:02:59,176 | INFO  | SCMAudit | user=runner | ip=127.0.0.1 | op=ALLOCATE_BLOCK {"replication":"RATIS/ONE","owner":"omServiceIdDefault","size":"4194304","sampleBlocks":"[conID: 5 locID: 115816896921600379]","num":"1","client":"","allocated":"1"} | ret=SUCCESS |  
2025-10-17 11:02:59,177 | INFO  | OMAudit | user=runner | ip=127.0.0.1 | op=ALLOCATE_BLOCK {"volume":"282f2303-5c54-4ca2-8272-bd3fe9d68c8a","bucket":"70863178-7cc0-4fe2-a69c-e1e88fd73c93","key":"03423653-064c-41e8-95c4-f07c224cc09f","dataSize":"5242880","replicationType":"RATIS","replicationFactor":"ONE","clientID":"115389168299082078","Transaction":"1435"} | ret=SUCCESS |  
2025-10-17 11:02:59,187 [om1-OMDoubleBufferFlushThread] INFO  om.OmSnapshotManager (OmSnapshotManager.java:createOmSnapshotCheckpoint(545)) - Created checkpoint: /home/runner/work/ozone/ozone/hadoop-ozone/integration-test/target/test-dir/MiniOzoneClusterImpl-d1ffa5d3-3301-45c3-9f44-1ffa6967d237/om/data/db.snapshots/checkpointState/om.db-77f24a90-2dc3-4160-8d3c-78f1a332a989 for snapshot /vol-a-69739/buc-b-13213/snapshot-b-1-73083
2025-10-17 11:02:59,199 | INFO  | SCMAudit | user=runner | ip=127.0.0.1 | op=ALLOCATE_BLOCK {"replication":"RATIS/ONE","owner":"omServiceIdDefault","size":"4194304","sampleBlocks":"[conID: 5 locID: 115816896921600380]","num":"1","client":"","allocated":"1"} | ret=SUCCESS |  
2025-10-17 11:02:59,201 | INFO  | OMAudit | user=runner | ip=127.0.0.1 | op=ALLOCATE_BLOCK {"volume":"282f2303-5c54-4ca2-8272-bd3fe9d68c8a","bucket":"70863178-7cc0-4fe2-a69c-e1e88fd73c93","key":"03423653-064c-41e8-95c4-f07c224cc09f","dataSize":"5242880","replicationType":"RATIS","replicationFactor":"ONE","clientID":"115389168299082078","Transaction":"1436"} | ret=SUCCESS |  
2025-10-17 11:02:59,215 | INFO  | OMAudit | user=runner | ip=127.0.0.1 | op=COMMIT_MULTIPART_UPLOAD_PARTKEY {"volume":"282f2303-5c54-4ca2-8272-bd3fe9d68c8a","bucket":"70863178-7cc0-4fe2-a69c-e1e88fd73c93","key":"03423653-064c-41e8-95c4-f07c224cc09f","dataSize":"5242880","ETag":"74843a3ab193a389bced899402d99d5f","uploadID":"0199f1d6-5333-798d-91a9-8f26ef89ddfc-115389168295805276","partNumber":"2","partName":"/282f2303-5c54-4ca2-8272-bd3fe9d68c8a/70863178-7cc0-4fe2-a69c-e1e88fd73c93/03423653-064c-41e8-95c4-f07c224cc09f-0199f1d6-5333-798d-91a9-8f26ef89ddfc-115389168295805276-2","Transaction":"1437"} | ret=SUCCESS |  
2025-10-17 11:02:59,218 | INFO  | OMAudit | user=runner | ip=127.0.0.1 | op=ALLOCATE_KEY {"volume":"282f2303-5c54-4ca2-8272-bd3fe9d68c8a","bucket":"70863178-7cc0-4fe2-a69c-e1e88fd73c93","key":"03423653-064c-41e8-95c4-f07c224cc09f","dataSize":"36","Transaction":"1438"} | ret=SUCCESS |  
2025-10-17 11:02:59,219 | INFO  | SCMAudit | user=runner | ip=127.0.0.1 | op=ALLOCATE_BLOCK {"replication":"RATIS/ONE","owner":"omServiceIdDefault","size":"4194304","sampleBlocks":"[conID: 1 locID: 115816896921600381]","num":"1","client":"","allocated":"1"} | ret=SUCCESS |  
2025-10-17 11:02:59,221 | INFO  | OMAudit | user=runner | ip=127.0.0.1 | op=ALLOCATE_BLOCK {"volume":"282f2303-5c54-4ca2-8272-bd3fe9d68c8a","bucket":"70863178-7cc0-4fe2-a69c-e1e88fd73c93","key":"03423653-064c-41e8-95c4-f07c224cc09f","dataSize":"36","replicationType":"RATIS","replicationFactor":"ONE","clientID":"115389168301965663","Transaction":"1439"} | ret=SUCCESS |  
2025-10-17 11:02:59,221 [om1-OMDoubleBufferFlushThread] INFO  db.RDBCheckpointManager (RDBCheckpointManager.java:createCheckpoint(87)) - Created checkpoint in rocksDB at /home/runner/work/ozone/ozone/hadoop-ozone/integration-test/target/test-dir/MiniOzoneClusterImpl-d1ffa5d3-3301-45c3-9f44-1ffa6967d237/om/data/db.snapshots/checkpointState/om.db-b968a959-d69f-46cb-8f80-cb1a21213b0f in 33 milliseconds
2025-10-17 11:02:59,222 | INFO  | SCMAudit | user=runner | ip=127.0.0.1 | op=SEND_HEARTBEAT {"datanodeUUID":"50dccd39-549f-4f43-8b1f-597bf98f9c16","term":"2","command":"[]"} | ret=SUCCESS |  
2025-10-17 11:02:59,238 | INFO  | OMAudit | user=runner | ip=127.0.0.1 | op=COMMIT_MULTIPART_UPLOAD_PARTKEY {"volume":"282f2303-5c54-4ca2-8272-bd3fe9d68c8a","bucket":"70863178-7cc0-4fe2-a69c-e1e88fd73c93","key":"03423653-064c-41e8-95c4-f07c224cc09f","dataSize":"36","ETag":"0dc2157f7703adbbe6c5039d97432e51","uploadID":"0199f1d6-5333-798d-91a9-8f26ef89ddfc-115389168295805276","partNumber":"3","partName":"/282f2303-5c54-4ca2-8272-bd3fe9d68c8a/70863178-7cc0-4fe2-a69c-e1e88fd73c93/03423653-064c-41e8-95c4-f07c224cc09f-0199f1d6-5333-798d-91a9-8f26ef89ddfc-115389168295805276-3","Transaction":"1440"} | ret=SUCCESS |  
2025-10-17 11:02:59,244 | INFO  | OMAudit | user=runner | ip=127.0.0.1 | op=COMPLETE_MULTIPART_UPLOAD {"volume":"282f2303-5c54-4ca2-8272-bd3fe9d68c8a","bucket":"70863178-7cc0-4fe2-a69c-e1e88fd73c93","key":"03423653-064c-41e8-95c4-f07c224cc09f","dataSize":"0","uploadID":"0199f1d6-5333-798d-91a9-8f26ef89ddfc-115389168295805276","multipartList":"[partNumber: 1 partName: \"74843a3ab193a389bced899402d99d5f\" eTag: \"74843a3ab193a389bced899402d99d5f\" , partNumber: 2 partName: \"74843a3ab193a389bced899402d99d5f\" eTag: \"74843a3ab193a389bced899402d99d5f\" , partNumber: 3 partName: \"0dc2157f7703adbbe6c5039d97432e51\" eTag: \"0dc2157f7703adbbe6c5039d97432e51\" ]","Transaction":"1441"} | ret=SUCCESS |  
2025-10-17 11:02:59,248 | INFO  | OMAudit | user=runner | ip=127.0.0.1 | op=READ_KEY {"volume":"282f2303-5c54-4ca2-8272-bd3fe9d68c8a","bucket":"70863178-7cc0-4fe2-a69c-e1e88fd73c93","key":"03423653-064c-41e8-95c4-f07c224cc09f","owner":null,"dataSize":"0","replicationConfig":null} | ret=SUCCESS |  
2025-10-17 11:02:59,249 [om1-OMDoubleBufferFlushThread] INFO  om.OmSnapshotManager (OmSnapshotManager.java:createOmSnapshotCheckpoint(545)) - Created checkpoint: /home/runner/work/ozone/ozone/hadoop-ozone/integration-test/target/test-dir/MiniOzoneClusterImpl-d1ffa5d3-3301-45c3-9f44-1ffa6967d237/om/data/db.snapshots/checkpointState/om.db-b968a959-d69f-46cb-8f80-cb1a21213b0f for snapshot /vol-b-67769/buc-a-45378/snapshot-b-1-62975
2025-10-17 11:02:59,262 | INFO  | SCMAudit | user=runner | ip=127.0.0.1 | op=SEND_HEARTBEAT {"datanodeUUID":"7995ae7b-77ec-4e72-809d-814459f62ee0","term":"2","command":"[]"} | ret=SUCCESS |  
2025-10-17 11:02:59,264 | INFO  | SCMAudit | user=runner | ip=127.0.0.1 | op=SEND_HEARTBEAT {"datanodeUUID":"718bfa29-2c47-4ab5-ac61-3dfe9c6b9d5c","term":"2","command":"[]"} | ret=SUCCESS |  
2025-10-17 11:02:59,262 | INFO  | SCMAudit | user=runner | ip=127.0.0.1 | op=SEND_HEARTBEAT {"datanodeUUID":"99c47355-c013-4450-a734-aff6d3c99677","term":"2","command":"[]"} | ret=SUCCESS |  
2025-10-17 11:02:59,292 [om1-OMDoubleBufferFlushThread] INFO  db.RDBCheckpointManager (RDBCheckpointManager.java:createCheckpoint(87)) - Created checkpoint in rocksDB at /home/runner/work/ozone/ozone/hadoop-ozone/integration-test/target/test-dir/MiniOzoneClusterImpl-d1ffa5d3-3301-45c3-9f44-1ffa6967d237/om/data/db.snapshots/checkpointState/om.db-8bd0483d-4e99-462f-97cc-2016cf673a60 in 41 milliseconds
2025-10-17 11:02:59,307 | INFO  | SCMAudit | user=runner | ip=127.0.0.1 | op=GET_CONTAINER_WITH_PIPELINE_BATCH {"containerIDs":"#1,#3,#5,#7,"} | ret=SUCCESS |  
2025-10-17 11:02:59,308 | INFO  | OMAudit | user=null | ip= | op=READ_KEY {"volume":"282f2303-5c54-4ca2-8272-bd3fe9d68c8a","bucket":"70863178-7cc0-4fe2-a69c-e1e88fd73c93","key":"03423653-064c-41e8-95c4-f07c224cc09f","owner":null,"dataSize":"0","replicationConfig":null} | ret=SUCCESS |  
2025-10-17 11:02:59,309 | INFO  | SCMAudit | user=runner | ip=127.0.0.1 | op=GET_CONTAINER {"containerID":"7"} | ret=SUCCESS |  
2025-10-17 11:02:59,309 | INFO  | SCMAudit | user=runner | ip=127.0.0.1 | op=GET_CONTAINER {"containerID":"3"} | ret=SUCCESS |  
2025-10-17 11:02:59,310 | INFO  | SCMAudit | user=runner | ip=127.0.0.1 | op=GET_CONTAINER {"containerID":"5"} | ret=SUCCESS |  
2025-10-17 11:02:59,310 | INFO  | SCMAudit | user=runner | ip=127.0.0.1 | op=GET_CONTAINER {"containerID":"5"} | ret=SUCCESS |  
2025-10-17 11:02:59,311 | INFO  | SCMAudit | user=runner | ip=127.0.0.1 | op=GET_CONTAINER {"containerID":"1"} | ret=SUCCESS |  
2025-10-17 11:02:59,313 [om1-OMDoubleBufferFlushThread] INFO  om.OmSnapshotManager (OmSnapshotManager.java:createOmSnapshotCheckpoint(545)) - Created checkpoint: /home/runner/work/ozone/ozone/hadoop-ozone/integration-test/target/test-dir/MiniOzoneClusterImpl-d1ffa5d3-3301-45c3-9f44-1ffa6967d237/om/data/db.snapshots/checkpointState/om.db-8bd0483d-4e99-462f-97cc-2016cf673a60 for snapshot /vol-b-67769/buc-b-13213/snapshot-b-1-02511
]]></system-out>
  </testcase>
  <testcase name="testMultipartUploadWithCustomMetadata(ReplicationConfig)[2]" classname="org.apache.hadoop.ozone.client.rpc.TestSecureOzoneRpcClient" time="0.316">
    <system-out><![CDATA[2025-10-17 11:02:59,330 [ForkJoinPool-1-worker-1] INFO  rpc.RpcClient (RpcClient.java:createVolume(461)) - Creating Volume: e1fd96f3-d77e-4cfb-8db2-b098f9726dfe, with runner as owner and space quota set to -1 bytes, counts quota set to -1
2025-10-17 11:02:59,332 [om1-OMStateMachineApplyTransactionThread - 0] INFO  volume.OMVolumeCreateRequest (OMVolumeCreateRequest.java:validateAndUpdateCache(213)) - created volume:e1fd96f3-d77e-4cfb-8db2-b098f9726dfe for user:runner
2025-10-17 11:02:59,332 | INFO  | OMAudit | user=runner | ip=127.0.0.1 | op=CREATE_VOLUME {"admin":"runner","owner":"runner","volume":"e1fd96f3-d77e-4cfb-8db2-b098f9726dfe","creationTime":"1760698979331","modificationTime":"1760698979331","quotaInBytes":"-1","quotaInNamespace":"-1","usedNamespace":"0","objectID":"-9223372036854406656","updateID":"1442","Transaction":"1442"} | ret=SUCCESS |  
2025-10-17 11:02:59,333 | INFO  | OMAudit | user=runner | ip=127.0.0.1 | op=READ_VOLUME {"volume":"e1fd96f3-d77e-4cfb-8db2-b098f9726dfe"} | ret=SUCCESS |  
2025-10-17 11:02:59,334 [ForkJoinPool-1-worker-1] INFO  rpc.RpcClient (RpcClient.java:createBucket(686)) - Creating Bucket: e1fd96f3-d77e-4cfb-8db2-b098f9726dfe/07cc0961-f377-4386-9d4d-b741cec94b61, with server-side default bucket layout, runner as owner, Versioning false, Storage Type set to DISK and Encryption set to false, Replication Type set to server-side default replication type, Namespace Quota set to -1, Space Quota set to -1 
2025-10-17 11:02:59,335 [om1-OMStateMachineApplyTransactionThread - 0] INFO  bucket.OMBucketCreateRequest (OMBucketCreateRequest.java:validateAndUpdateCache(303)) - created bucket: 07cc0961-f377-4386-9d4d-b741cec94b61 of layout FILE_SYSTEM_OPTIMIZED in volume: e1fd96f3-d77e-4cfb-8db2-b098f9726dfe
2025-10-17 11:02:59,336 | INFO  | OMAudit | user=runner | ip=127.0.0.1 | op=CREATE_BUCKET {"volume":"e1fd96f3-d77e-4cfb-8db2-b098f9726dfe","bucket":"07cc0961-f377-4386-9d4d-b741cec94b61","bucketLayout":"FILE_SYSTEM_OPTIMIZED","gdprEnabled":null,"acls":"[user:runner:a[ACCESS], group:runner:rl[ACCESS]]","isVersionEnabled":"false","storageType":"DISK","creationTime":"1760698979335","bucketEncryptionKey":null,"modificationTime":"1760698979335","usedBytes":"0","usedNamespace":"0","snapshotUsedBytes":"0","snapshotUsedNamespace":"0","owner":"runner","replicationType":null,"replicationConfig":null,"quotaInBytes":"-1","quotaInNamespace":"-1","Transaction":"1443"} | ret=SUCCESS |  
2025-10-17 11:02:59,337 | INFO  | OMAudit | user=runner | ip=127.0.0.1 | op=READ_BUCKET {"volume":"e1fd96f3-d77e-4cfb-8db2-b098f9726dfe","bucket":"07cc0961-f377-4386-9d4d-b741cec94b61"} | ret=SUCCESS |  
2025-10-17 11:02:59,341 | INFO  | OMAudit | user=runner | ip=127.0.0.1 | op=INITIATE_MULTIPART_UPLOAD {"volume":"e1fd96f3-d77e-4cfb-8db2-b098f9726dfe","bucket":"07cc0961-f377-4386-9d4d-b741cec94b61","key":"f5bf2f78-4fdd-454b-ac18-cf678b3c17c5","dataSize":"0","replicationType":"RATIS","replicationFactor":"THREE","uploadID":"0199f1d6-540a-7e82-bad6-d8662a2257b1-115389168309895520","Transaction":"1444"} | ret=SUCCESS |  
2025-10-17 11:02:59,348 | INFO  | OMAudit | user=runner | ip=127.0.0.1 | op=ALLOCATE_KEY {"volume":"e1fd96f3-d77e-4cfb-8db2-b098f9726dfe","bucket":"07cc0961-f377-4386-9d4d-b741cec94b61","key":"f5bf2f78-4fdd-454b-ac18-cf678b3c17c5","dataSize":"5242880","Transaction":"1445"} | ret=SUCCESS |  
2025-10-17 11:02:59,351 | INFO  | SCMAudit | user=runner | ip=127.0.0.1 | op=ALLOCATE_BLOCK {"replication":"RATIS/THREE","owner":"omServiceIdDefault","size":"4194304","sampleBlocks":"[conID: 19 locID: 115816896921600382]","num":"1","client":"","allocated":"1"} | ret=SUCCESS |  
2025-10-17 11:02:59,353 | INFO  | OMAudit | user=runner | ip=127.0.0.1 | op=ALLOCATE_BLOCK {"volume":"e1fd96f3-d77e-4cfb-8db2-b098f9726dfe","bucket":"07cc0961-f377-4386-9d4d-b741cec94b61","key":"f5bf2f78-4fdd-454b-ac18-cf678b3c17c5","dataSize":"5242880","replicationType":"RATIS","replicationFactor":"THREE","clientID":"115389168310354273","Transaction":"1446"} | ret=SUCCESS |  
2025-10-17 11:02:59,356 [om1-OMDoubleBufferFlushThread] INFO  db.RDBCheckpointManager (RDBCheckpointManager.java:createCheckpoint(87)) - Created checkpoint in rocksDB at /home/runner/work/ozone/ozone/hadoop-ozone/integration-test/target/test-dir/MiniOzoneClusterImpl-d1ffa5d3-3301-45c3-9f44-1ffa6967d237/om/data/db.snapshots/checkpointState/om.db-f93e56ce-3c9e-4c6a-9a7b-b12f45efaa65 in 41 milliseconds
2025-10-17 11:02:59,413 [om1-OMDoubleBufferFlushThread] INFO  om.OmSnapshotManager (OmSnapshotManager.java:createOmSnapshotCheckpoint(545)) - Created checkpoint: /home/runner/work/ozone/ozone/hadoop-ozone/integration-test/target/test-dir/MiniOzoneClusterImpl-d1ffa5d3-3301-45c3-9f44-1ffa6967d237/om/data/db.snapshots/checkpointState/om.db-f93e56ce-3c9e-4c6a-9a7b-b12f45efaa65 for snapshot /vol-a-69739/buc-a-45378/snapshot-b-2-24711
2025-10-17 11:02:59,418 | INFO  | SCMAudit | user=runner | ip=127.0.0.1 | op=ALLOCATE_BLOCK {"replication":"RATIS/THREE","owner":"omServiceIdDefault","size":"4194304","sampleBlocks":"[conID: 17 locID: 115816896921600383]","num":"1","client":"","allocated":"1"} | ret=SUCCESS |  
2025-10-17 11:02:59,420 | INFO  | OMAudit | user=runner | ip=127.0.0.1 | op=ALLOCATE_BLOCK {"volume":"e1fd96f3-d77e-4cfb-8db2-b098f9726dfe","bucket":"07cc0961-f377-4386-9d4d-b741cec94b61","key":"f5bf2f78-4fdd-454b-ac18-cf678b3c17c5","dataSize":"5242880","replicationType":"RATIS","replicationFactor":"THREE","clientID":"115389168310354273","Transaction":"1447"} | ret=SUCCESS |  
2025-10-17 11:02:59,448 | INFO  | OMAudit | user=runner | ip=127.0.0.1 | op=COMMIT_MULTIPART_UPLOAD_PARTKEY {"volume":"e1fd96f3-d77e-4cfb-8db2-b098f9726dfe","bucket":"07cc0961-f377-4386-9d4d-b741cec94b61","key":"f5bf2f78-4fdd-454b-ac18-cf678b3c17c5","dataSize":"5242880","ETag":"74843a3ab193a389bced899402d99d5f","uploadID":"0199f1d6-540a-7e82-bad6-d8662a2257b1-115389168309895520","partNumber":"1","partName":"/e1fd96f3-d77e-4cfb-8db2-b098f9726dfe/07cc0961-f377-4386-9d4d-b741cec94b61/f5bf2f78-4fdd-454b-ac18-cf678b3c17c5-0199f1d6-540a-7e82-bad6-d8662a2257b1-115389168309895520-1","Transaction":"1448"} | ret=SUCCESS |  
2025-10-17 11:02:59,454 | INFO  | OMAudit | user=runner | ip=127.0.0.1 | op=ALLOCATE_KEY {"volume":"e1fd96f3-d77e-4cfb-8db2-b098f9726dfe","bucket":"07cc0961-f377-4386-9d4d-b741cec94b61","key":"f5bf2f78-4fdd-454b-ac18-cf678b3c17c5","dataSize":"5242880","Transaction":"1449"} | ret=SUCCESS |  
2025-10-17 11:02:59,457 | INFO  | SCMAudit | user=runner | ip=127.0.0.1 | op=ALLOCATE_BLOCK {"replication":"RATIS/THREE","owner":"omServiceIdDefault","size":"4194304","sampleBlocks":"[conID: 22 locID: 115816896921600384]","num":"1","client":"","allocated":"1"} | ret=SUCCESS |  
2025-10-17 11:02:59,459 | INFO  | OMAudit | user=runner | ip=127.0.0.1 | op=ALLOCATE_BLOCK {"volume":"e1fd96f3-d77e-4cfb-8db2-b098f9726dfe","bucket":"07cc0961-f377-4386-9d4d-b741cec94b61","key":"f5bf2f78-4fdd-454b-ac18-cf678b3c17c5","dataSize":"5242880","replicationType":"RATIS","replicationFactor":"THREE","clientID":"115389168317301090","Transaction":"1450"} | ret=SUCCESS |  
2025-10-17 11:02:59,471 [om1-OMDoubleBufferFlushThread] INFO  db.RDBCheckpointManager (RDBCheckpointManager.java:createCheckpoint(87)) - Created checkpoint in rocksDB at /home/runner/work/ozone/ozone/hadoop-ozone/integration-test/target/test-dir/MiniOzoneClusterImpl-d1ffa5d3-3301-45c3-9f44-1ffa6967d237/om/data/db.snapshots/checkpointState/om.db-ca4f2d9b-73de-47a8-ae88-bef8e5b63e82 in 54 milliseconds
2025-10-17 11:02:59,512 | INFO  | SCMAudit | user=runner | ip=127.0.0.1 | op=ALLOCATE_BLOCK {"replication":"RATIS/THREE","owner":"omServiceIdDefault","size":"4194304","sampleBlocks":"[conID: 18 locID: 115816896921600385]","num":"1","client":"","allocated":"1"} | ret=SUCCESS |  
2025-10-17 11:02:59,514 | INFO  | OMAudit | user=runner | ip=127.0.0.1 | op=ALLOCATE_BLOCK {"volume":"e1fd96f3-d77e-4cfb-8db2-b098f9726dfe","bucket":"07cc0961-f377-4386-9d4d-b741cec94b61","key":"f5bf2f78-4fdd-454b-ac18-cf678b3c17c5","dataSize":"5242880","replicationType":"RATIS","replicationFactor":"THREE","clientID":"115389168317301090","Transaction":"1451"} | ret=SUCCESS |  
2025-10-17 11:02:59,518 [om1-OMDoubleBufferFlushThread] INFO  om.OmSnapshotManager (OmSnapshotManager.java:createOmSnapshotCheckpoint(545)) - Created checkpoint: /home/runner/work/ozone/ozone/hadoop-ozone/integration-test/target/test-dir/MiniOzoneClusterImpl-d1ffa5d3-3301-45c3-9f44-1ffa6967d237/om/data/db.snapshots/checkpointState/om.db-ca4f2d9b-73de-47a8-ae88-bef8e5b63e82 for snapshot /vol-a-69739/buc-b-13213/snapshot-b-2-56694
2025-10-17 11:02:59,538 | INFO  | OMAudit | user=runner | ip=127.0.0.1 | op=COMMIT_MULTIPART_UPLOAD_PARTKEY {"volume":"e1fd96f3-d77e-4cfb-8db2-b098f9726dfe","bucket":"07cc0961-f377-4386-9d4d-b741cec94b61","key":"f5bf2f78-4fdd-454b-ac18-cf678b3c17c5","dataSize":"5242880","ETag":"74843a3ab193a389bced899402d99d5f","uploadID":"0199f1d6-540a-7e82-bad6-d8662a2257b1-115389168309895520","partNumber":"2","partName":"/e1fd96f3-d77e-4cfb-8db2-b098f9726dfe/07cc0961-f377-4386-9d4d-b741cec94b61/f5bf2f78-4fdd-454b-ac18-cf678b3c17c5-0199f1d6-540a-7e82-bad6-d8662a2257b1-115389168309895520-2","Transaction":"1452"} | ret=SUCCESS |  
2025-10-17 11:02:59,543 | INFO  | OMAudit | user=runner | ip=127.0.0.1 | op=ALLOCATE_KEY {"volume":"e1fd96f3-d77e-4cfb-8db2-b098f9726dfe","bucket":"07cc0961-f377-4386-9d4d-b741cec94b61","key":"f5bf2f78-4fdd-454b-ac18-cf678b3c17c5","dataSize":"36","Transaction":"1453"} | ret=SUCCESS |  
2025-10-17 11:02:59,544 | INFO  | SCMAudit | user=runner | ip=127.0.0.1 | op=ALLOCATE_BLOCK {"replication":"RATIS/THREE","owner":"omServiceIdDefault","size":"4194304","sampleBlocks":"[conID: 16 locID: 115816896921600386]","num":"1","client":"","allocated":"1"} | ret=SUCCESS |  
2025-10-17 11:02:59,546 | INFO  | OMAudit | user=runner | ip=127.0.0.1 | op=ALLOCATE_BLOCK {"volume":"e1fd96f3-d77e-4cfb-8db2-b098f9726dfe","bucket":"07cc0961-f377-4386-9d4d-b741cec94b61","key":"f5bf2f78-4fdd-454b-ac18-cf678b3c17c5","dataSize":"36","replicationType":"RATIS","replicationFactor":"THREE","clientID":"115389168323133795","Transaction":"1454"} | ret=SUCCESS |  
2025-10-17 11:02:59,561 | INFO  | OMAudit | user=runner | ip=127.0.0.1 | op=COMMIT_MULTIPART_UPLOAD_PARTKEY {"volume":"e1fd96f3-d77e-4cfb-8db2-b098f9726dfe","bucket":"07cc0961-f377-4386-9d4d-b741cec94b61","key":"f5bf2f78-4fdd-454b-ac18-cf678b3c17c5","dataSize":"36","ETag":"326f93e8a2432d16d1b1600671ea1380","uploadID":"0199f1d6-540a-7e82-bad6-d8662a2257b1-115389168309895520","partNumber":"3","partName":"/e1fd96f3-d77e-4cfb-8db2-b098f9726dfe/07cc0961-f377-4386-9d4d-b741cec94b61/f5bf2f78-4fdd-454b-ac18-cf678b3c17c5-0199f1d6-540a-7e82-bad6-d8662a2257b1-115389168309895520-3","Transaction":"1455"} | ret=SUCCESS |  
2025-10-17 11:02:59,565 | INFO  | OMAudit | user=runner | ip=127.0.0.1 | op=COMPLETE_MULTIPART_UPLOAD {"volume":"e1fd96f3-d77e-4cfb-8db2-b098f9726dfe","bucket":"07cc0961-f377-4386-9d4d-b741cec94b61","key":"f5bf2f78-4fdd-454b-ac18-cf678b3c17c5","dataSize":"0","uploadID":"0199f1d6-540a-7e82-bad6-d8662a2257b1-115389168309895520","multipartList":"[partNumber: 1 partName: \"74843a3ab193a389bced899402d99d5f\" eTag: \"74843a3ab193a389bced899402d99d5f\" , partNumber: 2 partName: \"74843a3ab193a389bced899402d99d5f\" eTag: \"74843a3ab193a389bced899402d99d5f\" , partNumber: 3 partName: \"326f93e8a2432d16d1b1600671ea1380\" eTag: \"326f93e8a2432d16d1b1600671ea1380\" ]","Transaction":"1456"} | ret=SUCCESS |  
2025-10-17 11:02:59,568 | INFO  | SCMAudit | user=runner | ip=127.0.0.1 | op=GET_CONTAINER_WITH_PIPELINE_BATCH {"containerIDs":"#18,"} | ret=SUCCESS |  
2025-10-17 11:02:59,569 | INFO  | OMAudit | user=runner | ip=127.0.0.1 | op=READ_KEY {"volume":"e1fd96f3-d77e-4cfb-8db2-b098f9726dfe","bucket":"07cc0961-f377-4386-9d4d-b741cec94b61","key":"f5bf2f78-4fdd-454b-ac18-cf678b3c17c5","owner":null,"dataSize":"0","replicationConfig":null} | ret=SUCCESS |  
2025-10-17 11:02:59,572 [om1-OMDoubleBufferFlushThread] INFO  db.RDBCheckpointManager (RDBCheckpointManager.java:createCheckpoint(87)) - Created checkpoint in rocksDB at /home/runner/work/ozone/ozone/hadoop-ozone/integration-test/target/test-dir/MiniOzoneClusterImpl-d1ffa5d3-3301-45c3-9f44-1ffa6967d237/om/data/db.snapshots/checkpointState/om.db-69cabe87-e11d-431f-955f-d6ba5376bb1e in 52 milliseconds
2025-10-17 11:02:59,596 [om1-OMDoubleBufferFlushThread] INFO  om.OmSnapshotManager (OmSnapshotManager.java:createOmSnapshotCheckpoint(545)) - Created checkpoint: /home/runner/work/ozone/ozone/hadoop-ozone/integration-test/target/test-dir/MiniOzoneClusterImpl-d1ffa5d3-3301-45c3-9f44-1ffa6967d237/om/data/db.snapshots/checkpointState/om.db-69cabe87-e11d-431f-955f-d6ba5376bb1e for snapshot /vol-b-67769/buc-a-45378/snapshot-b-2-70721
2025-10-17 11:02:59,629 | INFO  | SCMAudit | user=runner | ip=127.0.0.1 | op=GET_CONTAINER_WITH_PIPELINE_BATCH {"containerIDs":"#16,#17,#18,#19,#22,"} | ret=SUCCESS |  
2025-10-17 11:02:59,630 | INFO  | OMAudit | user=null | ip= | op=READ_KEY {"volume":"e1fd96f3-d77e-4cfb-8db2-b098f9726dfe","bucket":"07cc0961-f377-4386-9d4d-b741cec94b61","key":"f5bf2f78-4fdd-454b-ac18-cf678b3c17c5","owner":null,"dataSize":"0","replicationConfig":null} | ret=SUCCESS |  
2025-10-17 11:02:59,631 | INFO  | SCMAudit | user=runner | ip=127.0.0.1 | op=GET_CONTAINER {"containerID":"19"} | ret=SUCCESS |  
2025-10-17 11:02:59,632 | INFO  | SCMAudit | user=runner | ip=127.0.0.1 | op=GET_CONTAINER {"containerID":"17"} | ret=SUCCESS |  
2025-10-17 11:02:59,632 [om1-OMDoubleBufferFlushThread] INFO  db.RDBCheckpointManager (RDBCheckpointManager.java:createCheckpoint(87)) - Created checkpoint in rocksDB at /home/runner/work/ozone/ozone/hadoop-ozone/integration-test/target/test-dir/MiniOzoneClusterImpl-d1ffa5d3-3301-45c3-9f44-1ffa6967d237/om/data/db.snapshots/checkpointState/om.db-1a9763b2-44d1-4dd2-8f14-9a8686428406 in 34 milliseconds
2025-10-17 11:02:59,633 | INFO  | SCMAudit | user=runner | ip=127.0.0.1 | op=GET_CONTAINER {"containerID":"22"} | ret=SUCCESS |  
2025-10-17 11:02:59,634 | INFO  | SCMAudit | user=runner | ip=127.0.0.1 | op=GET_CONTAINER {"containerID":"18"} | ret=SUCCESS |  
2025-10-17 11:02:59,634 | INFO  | SCMAudit | user=runner | ip=127.0.0.1 | op=GET_CONTAINER {"containerID":"16"} | ret=SUCCESS |  
]]></system-out>
  </testcase>
  <testcase name="testMultipartUploadWithCustomMetadata(ReplicationConfig)[3]" classname="org.apache.hadoop.ozone.client.rpc.TestSecureOzoneRpcClient" time="0.23">
    <system-out><![CDATA[2025-10-17 11:02:59,647 [ForkJoinPool-1-worker-1] INFO  rpc.RpcClient (RpcClient.java:createVolume(461)) - Creating Volume: 636d7254-e288-4d33-970e-4f18ce5d4ba5, with runner as owner and space quota set to -1 bytes, counts quota set to -1
2025-10-17 11:02:59,648 [om1-OMStateMachineApplyTransactionThread - 0] INFO  volume.OMVolumeCreateRequest (OMVolumeCreateRequest.java:validateAndUpdateCache(213)) - created volume:636d7254-e288-4d33-970e-4f18ce5d4ba5 for user:runner
2025-10-17 11:02:59,648 | INFO  | OMAudit | user=runner | ip=127.0.0.1 | op=CREATE_VOLUME {"admin":"runner","owner":"runner","volume":"636d7254-e288-4d33-970e-4f18ce5d4ba5","creationTime":"1760698979648","modificationTime":"1760698979648","quotaInBytes":"-1","quotaInNamespace":"-1","usedNamespace":"0","objectID":"-9223372036854402816","updateID":"1457","Transaction":"1457"} | ret=SUCCESS |  
2025-10-17 11:02:59,649 | INFO  | OMAudit | user=runner | ip=127.0.0.1 | op=READ_VOLUME {"volume":"636d7254-e288-4d33-970e-4f18ce5d4ba5"} | ret=SUCCESS |  
2025-10-17 11:02:59,650 [om1-OMDoubleBufferFlushThread] INFO  om.OmSnapshotManager (OmSnapshotManager.java:createOmSnapshotCheckpoint(545)) - Created checkpoint: /home/runner/work/ozone/ozone/hadoop-ozone/integration-test/target/test-dir/MiniOzoneClusterImpl-d1ffa5d3-3301-45c3-9f44-1ffa6967d237/om/data/db.snapshots/checkpointState/om.db-1a9763b2-44d1-4dd2-8f14-9a8686428406 for snapshot /vol-b-67769/buc-b-13213/snapshot-b-2-43858
2025-10-17 11:02:59,650 [ForkJoinPool-1-worker-1] INFO  rpc.RpcClient (RpcClient.java:createBucket(686)) - Creating Bucket: 636d7254-e288-4d33-970e-4f18ce5d4ba5/ef4ec56e-adeb-44b9-a8ef-7bc23f81772a, with server-side default bucket layout, runner as owner, Versioning false, Storage Type set to DISK and Encryption set to false, Replication Type set to server-side default replication type, Namespace Quota set to -1, Space Quota set to -1 
2025-10-17 11:02:59,651 [om1-OMStateMachineApplyTransactionThread - 0] INFO  bucket.OMBucketCreateRequest (OMBucketCreateRequest.java:validateAndUpdateCache(303)) - created bucket: ef4ec56e-adeb-44b9-a8ef-7bc23f81772a of layout FILE_SYSTEM_OPTIMIZED in volume: 636d7254-e288-4d33-970e-4f18ce5d4ba5
2025-10-17 11:02:59,651 | INFO  | OMAudit | user=runner | ip=127.0.0.1 | op=CREATE_BUCKET {"volume":"636d7254-e288-4d33-970e-4f18ce5d4ba5","bucket":"ef4ec56e-adeb-44b9-a8ef-7bc23f81772a","bucketLayout":"FILE_SYSTEM_OPTIMIZED","gdprEnabled":null,"acls":"[user:runner:a[ACCESS], group:runner:rl[ACCESS]]","isVersionEnabled":"false","storageType":"DISK","creationTime":"1760698979651","bucketEncryptionKey":null,"modificationTime":"1760698979651","usedBytes":"0","usedNamespace":"0","snapshotUsedBytes":"0","snapshotUsedNamespace":"0","owner":"runner","replicationType":null,"replicationConfig":null,"quotaInBytes":"-1","quotaInNamespace":"-1","Transaction":"1458"} | ret=SUCCESS |  
2025-10-17 11:02:59,652 | INFO  | OMAudit | user=runner | ip=127.0.0.1 | op=READ_BUCKET {"volume":"636d7254-e288-4d33-970e-4f18ce5d4ba5","bucket":"ef4ec56e-adeb-44b9-a8ef-7bc23f81772a"} | ret=SUCCESS |  
2025-10-17 11:02:59,654 | INFO  | OMAudit | user=runner | ip=127.0.0.1 | op=INITIATE_MULTIPART_UPLOAD {"volume":"636d7254-e288-4d33-970e-4f18ce5d4ba5","bucket":"ef4ec56e-adeb-44b9-a8ef-7bc23f81772a","key":"6776a284-0732-4c81-8816-4498ad4fb516","dataSize":"0","replicationType":"EC","replicationConfig":"rs-3-2-1048576","uploadID":"0199f1d6-5545-7582-935f-1ec1ba7b25a0-115389168330539364","Transaction":"1459"} | ret=SUCCESS |  
2025-10-17 11:02:59,657 | INFO  | OMAudit | user=runner | ip=127.0.0.1 | op=ALLOCATE_KEY {"volume":"636d7254-e288-4d33-970e-4f18ce5d4ba5","bucket":"ef4ec56e-adeb-44b9-a8ef-7bc23f81772a","key":"6776a284-0732-4c81-8816-4498ad4fb516","dataSize":"5242880","Transaction":"1460"} | ret=SUCCESS |  
2025-10-17 11:02:59,667 | INFO  | SCMAudit | user=runner | ip=127.0.0.1 | op=ALLOCATE_BLOCK {"replication":"EC{rs-3-2-1024k}","owner":"omServiceIdDefault","size":"4194304","sampleBlocks":"[conID: 26 locID: 115816896921600387]","num":"1","client":"","allocated":"1"} | ret=SUCCESS |  
2025-10-17 11:02:59,669 | INFO  | OMAudit | user=runner | ip=127.0.0.1 | op=ALLOCATE_BLOCK {"volume":"636d7254-e288-4d33-970e-4f18ce5d4ba5","bucket":"ef4ec56e-adeb-44b9-a8ef-7bc23f81772a","key":"6776a284-0732-4c81-8816-4498ad4fb516","dataSize":"5242880","replicationType":"EC","replicationConfig":"rs-3-2-1048576","clientID":"115389168330735973","Transaction":"1461"} | ret=SUCCESS |  
2025-10-17 11:02:59,692 [om1-OMDoubleBufferFlushThread] INFO  db.RDBCheckpointManager (RDBCheckpointManager.java:createCheckpoint(87)) - Created checkpoint in rocksDB at /home/runner/work/ozone/ozone/hadoop-ozone/integration-test/target/test-dir/MiniOzoneClusterImpl-d1ffa5d3-3301-45c3-9f44-1ffa6967d237/om/data/db.snapshots/checkpointState/om.db-be7daef4-7978-4f97-a212-a5c67be75a81 in 41 milliseconds
2025-10-17 11:02:59,709 | INFO  | OMAudit | user=runner | ip=127.0.0.1 | op=COMMIT_MULTIPART_UPLOAD_PARTKEY {"volume":"636d7254-e288-4d33-970e-4f18ce5d4ba5","bucket":"ef4ec56e-adeb-44b9-a8ef-7bc23f81772a","key":"6776a284-0732-4c81-8816-4498ad4fb516","dataSize":"5242880","ETag":"74843a3ab193a389bced899402d99d5f","uploadID":"0199f1d6-5545-7582-935f-1ec1ba7b25a0-115389168330539364","partNumber":"1","partName":"/636d7254-e288-4d33-970e-4f18ce5d4ba5/ef4ec56e-adeb-44b9-a8ef-7bc23f81772a/6776a284-0732-4c81-8816-4498ad4fb516-0199f1d6-5545-7582-935f-1ec1ba7b25a0-115389168330539364-1","Transaction":"1462"} | ret=SUCCESS |  
2025-10-17 11:02:59,713 | INFO  | OMAudit | user=runner | ip=127.0.0.1 | op=ALLOCATE_KEY {"volume":"636d7254-e288-4d33-970e-4f18ce5d4ba5","bucket":"ef4ec56e-adeb-44b9-a8ef-7bc23f81772a","key":"6776a284-0732-4c81-8816-4498ad4fb516","dataSize":"5242880","Transaction":"1463"} | ret=SUCCESS |  
2025-10-17 11:02:59,718 [om1-OMDoubleBufferFlushThread] INFO  om.OmSnapshotManager (OmSnapshotManager.java:createOmSnapshotCheckpoint(545)) - Created checkpoint: /home/runner/work/ozone/ozone/hadoop-ozone/integration-test/target/test-dir/MiniOzoneClusterImpl-d1ffa5d3-3301-45c3-9f44-1ffa6967d237/om/data/db.snapshots/checkpointState/om.db-be7daef4-7978-4f97-a212-a5c67be75a81 for snapshot /vol-a-69739/buc-a-45378/snapshot-b-3-91490
2025-10-17 11:02:59,721 | INFO  | SCMAudit | user=runner | ip=127.0.0.1 | op=ALLOCATE_BLOCK {"replication":"EC{rs-3-2-1024k}","owner":"omServiceIdDefault","size":"4194304","sampleBlocks":"[conID: 27 locID: 115816896921600388]","num":"1","client":"","allocated":"1"} | ret=SUCCESS |  
2025-10-17 11:02:59,723 | INFO  | OMAudit | user=runner | ip=127.0.0.1 | op=ALLOCATE_BLOCK {"volume":"636d7254-e288-4d33-970e-4f18ce5d4ba5","bucket":"ef4ec56e-adeb-44b9-a8ef-7bc23f81772a","key":"6776a284-0732-4c81-8816-4498ad4fb516","dataSize":"5242880","replicationType":"EC","replicationConfig":"rs-3-2-1048576","clientID":"115389168334405990","Transaction":"1464"} | ret=SUCCESS |  
2025-10-17 11:02:59,739 | INFO  | SCMAudit | user=runner | ip=127.0.0.1 | op=SEND_HEARTBEAT {"datanodeUUID":"28c08cd4-c049-4c66-8210-e254cf68b291","term":"2","command":"[]"} | ret=SUCCESS |  
2025-10-17 11:02:59,740 | INFO  | SCMAudit | user=runner | ip=127.0.0.1 | op=SEND_HEARTBEAT {"datanodeUUID":"2b4cc429-f9c1-416c-9a38-6239a2e149ea","term":"2","command":"[]"} | ret=SUCCESS |  
2025-10-17 11:02:59,740 | INFO  | SCMAudit | user=runner | ip=127.0.0.1 | op=SEND_HEARTBEAT {"datanodeUUID":"b6f92338-e951-49df-a986-ea31ece96e9e","term":"2","command":"[]"} | ret=SUCCESS |  
2025-10-17 11:02:59,741 | INFO  | SCMAudit | user=runner | ip=127.0.0.1 | op=SEND_HEARTBEAT {"datanodeUUID":"b292b6be-9482-4c30-a3e0-c9f721931b72","term":"2","command":"[]"} | ret=SUCCESS |  
2025-10-17 11:02:59,742 | INFO  | SCMAudit | user=runner | ip=127.0.0.1 | op=SEND_HEARTBEAT {"datanodeUUID":"b1eee25a-1fdf-4744-83c7-58e0513fce3b","term":"2","command":"[]"} | ret=SUCCESS |  
2025-10-17 11:02:59,763 | INFO  | SCMAudit | user=runner | ip=127.0.0.1 | op=SEND_HEARTBEAT {"datanodeUUID":"dbd6f242-9b73-4bca-a110-3e2ec656b979","term":"2","command":"[]"} | ret=SUCCESS |  
2025-10-17 11:02:59,765 | INFO  | OMAudit | user=runner | ip=127.0.0.1 | op=COMMIT_MULTIPART_UPLOAD_PARTKEY {"volume":"636d7254-e288-4d33-970e-4f18ce5d4ba5","bucket":"ef4ec56e-adeb-44b9-a8ef-7bc23f81772a","key":"6776a284-0732-4c81-8816-4498ad4fb516","dataSize":"5242880","ETag":"74843a3ab193a389bced899402d99d5f","uploadID":"0199f1d6-5545-7582-935f-1ec1ba7b25a0-115389168330539364","partNumber":"2","partName":"/636d7254-e288-4d33-970e-4f18ce5d4ba5/ef4ec56e-adeb-44b9-a8ef-7bc23f81772a/6776a284-0732-4c81-8816-4498ad4fb516-0199f1d6-5545-7582-935f-1ec1ba7b25a0-115389168330539364-2","Transaction":"1465"} | ret=SUCCESS |  
2025-10-17 11:02:59,766 | INFO  | SCMAudit | user=runner | ip=127.0.0.1 | op=SEND_HEARTBEAT {"datanodeUUID":"ed6e9581-5875-4278-a8db-50829892434b","term":"2","command":"[]"} | ret=SUCCESS |  
2025-10-17 11:02:59,770 | INFO  | OMAudit | user=runner | ip=127.0.0.1 | op=ALLOCATE_KEY {"volume":"636d7254-e288-4d33-970e-4f18ce5d4ba5","bucket":"ef4ec56e-adeb-44b9-a8ef-7bc23f81772a","key":"6776a284-0732-4c81-8816-4498ad4fb516","dataSize":"36","Transaction":"1466"} | ret=SUCCESS |  
2025-10-17 11:02:59,773 | INFO  | SCMAudit | user=runner | ip=127.0.0.1 | op=ALLOCATE_BLOCK {"replication":"EC{rs-3-2-1024k}","owner":"omServiceIdDefault","size":"4194304","sampleBlocks":"[conID: 27 locID: 115816896921600389]","num":"1","client":"","allocated":"1"} | ret=SUCCESS |  
2025-10-17 11:02:59,776 | INFO  | OMAudit | user=runner | ip=127.0.0.1 | op=ALLOCATE_BLOCK {"volume":"636d7254-e288-4d33-970e-4f18ce5d4ba5","bucket":"ef4ec56e-adeb-44b9-a8ef-7bc23f81772a","key":"6776a284-0732-4c81-8816-4498ad4fb516","dataSize":"36","replicationType":"EC","replicationConfig":"rs-3-2-1048576","clientID":"115389168338076007","Transaction":"1467"} | ret=SUCCESS |  
2025-10-17 11:02:59,785 | INFO  | OMAudit | user=runner | ip=127.0.0.1 | op=COMMIT_MULTIPART_UPLOAD_PARTKEY {"volume":"636d7254-e288-4d33-970e-4f18ce5d4ba5","bucket":"ef4ec56e-adeb-44b9-a8ef-7bc23f81772a","key":"6776a284-0732-4c81-8816-4498ad4fb516","dataSize":"36","ETag":"60b77a3a1fecfaa6feb2c21affd6e0ea","uploadID":"0199f1d6-5545-7582-935f-1ec1ba7b25a0-115389168330539364","partNumber":"3","partName":"/636d7254-e288-4d33-970e-4f18ce5d4ba5/ef4ec56e-adeb-44b9-a8ef-7bc23f81772a/6776a284-0732-4c81-8816-4498ad4fb516-0199f1d6-5545-7582-935f-1ec1ba7b25a0-115389168330539364-3","Transaction":"1468"} | ret=SUCCESS |  
2025-10-17 11:02:59,785 [om1-OMDoubleBufferFlushThread] INFO  db.RDBCheckpointManager (RDBCheckpointManager.java:createCheckpoint(87)) - Created checkpoint in rocksDB at /home/runner/work/ozone/ozone/hadoop-ozone/integration-test/target/test-dir/MiniOzoneClusterImpl-d1ffa5d3-3301-45c3-9f44-1ffa6967d237/om/data/db.snapshots/checkpointState/om.db-e73c7e83-ddf6-4389-b061-9aba8aa2a895 in 65 milliseconds
2025-10-17 11:02:59,789 | INFO  | OMAudit | user=runner | ip=127.0.0.1 | op=COMPLETE_MULTIPART_UPLOAD {"volume":"636d7254-e288-4d33-970e-4f18ce5d4ba5","bucket":"ef4ec56e-adeb-44b9-a8ef-7bc23f81772a","key":"6776a284-0732-4c81-8816-4498ad4fb516","dataSize":"0","uploadID":"0199f1d6-5545-7582-935f-1ec1ba7b25a0-115389168330539364","multipartList":"[partNumber: 1 partName: \"74843a3ab193a389bced899402d99d5f\" eTag: \"74843a3ab193a389bced899402d99d5f\" , partNumber: 2 partName: \"74843a3ab193a389bced899402d99d5f\" eTag: \"74843a3ab193a389bced899402d99d5f\" , partNumber: 3 partName: \"60b77a3a1fecfaa6feb2c21affd6e0ea\" eTag: \"60b77a3a1fecfaa6feb2c21affd6e0ea\" ]","Transaction":"1469"} | ret=SUCCESS |  
2025-10-17 11:02:59,792 | INFO  | OMAudit | user=runner | ip=127.0.0.1 | op=READ_KEY {"volume":"636d7254-e288-4d33-970e-4f18ce5d4ba5","bucket":"ef4ec56e-adeb-44b9-a8ef-7bc23f81772a","key":"6776a284-0732-4c81-8816-4498ad4fb516","owner":null,"dataSize":"0","replicationConfig":null} | ret=SUCCESS |  
2025-10-17 11:02:59,804 [om1-OMDoubleBufferFlushThread] INFO  om.OmSnapshotManager (OmSnapshotManager.java:createOmSnapshotCheckpoint(545)) - Created checkpoint: /home/runner/work/ozone/ozone/hadoop-ozone/integration-test/target/test-dir/MiniOzoneClusterImpl-d1ffa5d3-3301-45c3-9f44-1ffa6967d237/om/data/db.snapshots/checkpointState/om.db-e73c7e83-ddf6-4389-b061-9aba8aa2a895 for snapshot /vol-a-69739/buc-b-13213/snapshot-b-3-43647
2025-10-17 11:02:59,849 [om1-OMDoubleBufferFlushThread] INFO  db.RDBCheckpointManager (RDBCheckpointManager.java:createCheckpoint(87)) - Created checkpoint in rocksDB at /home/runner/work/ozone/ozone/hadoop-ozone/integration-test/target/test-dir/MiniOzoneClusterImpl-d1ffa5d3-3301-45c3-9f44-1ffa6967d237/om/data/db.snapshots/checkpointState/om.db-a34b0f9e-67a6-43dc-b845-89bc520591da in 42 milliseconds
2025-10-17 11:02:59,863 | INFO  | SCMAudit | user=runner | ip=127.0.0.1 | op=GET_CONTAINER_WITH_PIPELINE_BATCH {"containerIDs":"#26,#27,"} | ret=SUCCESS |  
2025-10-17 11:02:59,863 | INFO  | OMAudit | user=null | ip= | op=READ_KEY {"volume":"636d7254-e288-4d33-970e-4f18ce5d4ba5","bucket":"ef4ec56e-adeb-44b9-a8ef-7bc23f81772a","key":"6776a284-0732-4c81-8816-4498ad4fb516","owner":null,"dataSize":"0","replicationConfig":null} | ret=SUCCESS |  
2025-10-17 11:02:59,864 | INFO  | SCMAudit | user=runner | ip=127.0.0.1 | op=SEND_HEARTBEAT {"datanodeUUID":"a5293c95-44e9-4ea9-88ca-89089eac4b59","term":"2","command":"[]"} | ret=SUCCESS |  
2025-10-17 11:02:59,864 | INFO  | SCMAudit | user=runner | ip=127.0.0.1 | op=GET_CONTAINER {"containerID":"26"} | ret=SUCCESS |  
2025-10-17 11:02:59,865 | INFO  | SCMAudit | user=runner | ip=127.0.0.1 | op=GET_CONTAINER {"containerID":"27"} | ret=SUCCESS |  
2025-10-17 11:02:59,865 | INFO  | SCMAudit | user=runner | ip=127.0.0.1 | op=GET_CONTAINER {"containerID":"27"} | ret=SUCCESS |  
2025-10-17 11:02:59,876 [om1-OMDoubleBufferFlushThread] INFO  om.OmSnapshotManager (OmSnapshotManager.java:createOmSnapshotCheckpoint(545)) - Created checkpoint: /home/runner/work/ozone/ozone/hadoop-ozone/integration-test/target/test-dir/MiniOzoneClusterImpl-d1ffa5d3-3301-45c3-9f44-1ffa6967d237/om/data/db.snapshots/checkpointState/om.db-a34b0f9e-67a6-43dc-b845-89bc520591da for snapshot /vol-b-67769/buc-a-45378/snapshot-b-3-57708
]]></system-out>
  </testcase>
  <testcase name="testMultipartUploadWithMissingParts" classname="org.apache.hadoop.ozone.client.rpc.TestSecureOzoneRpcClient" time="0.031">
    <system-out><![CDATA[2025-10-17 11:02:59,877 [ForkJoinPool-1-worker-1] INFO  rpc.RpcClient (RpcClient.java:createVolume(461)) - Creating Volume: b436821d-7a21-4b6c-ac50-9cd63b5bb299, with runner as owner and space quota set to -1 bytes, counts quota set to -1
2025-10-17 11:02:59,879 [om1-OMStateMachineApplyTransactionThread - 0] INFO  volume.OMVolumeCreateRequest (OMVolumeCreateRequest.java:validateAndUpdateCache(213)) - created volume:b436821d-7a21-4b6c-ac50-9cd63b5bb299 for user:runner
2025-10-17 11:02:59,879 | INFO  | OMAudit | user=runner | ip=127.0.0.1 | op=CREATE_VOLUME {"admin":"runner","owner":"runner","volume":"b436821d-7a21-4b6c-ac50-9cd63b5bb299","creationTime":"1760698979878","modificationTime":"1760698979878","quotaInBytes":"-1","quotaInNamespace":"-1","usedNamespace":"0","objectID":"-9223372036854399488","updateID":"1470","Transaction":"1470"} | ret=SUCCESS |  
2025-10-17 11:02:59,881 | INFO  | OMAudit | user=runner | ip=127.0.0.1 | op=READ_VOLUME {"volume":"b436821d-7a21-4b6c-ac50-9cd63b5bb299"} | ret=SUCCESS |  
2025-10-17 11:02:59,881 [ForkJoinPool-1-worker-1] INFO  rpc.RpcClient (RpcClient.java:createBucket(686)) - Creating Bucket: b436821d-7a21-4b6c-ac50-9cd63b5bb299/001f7b10-b5c5-4da5-a067-daaea40f2fff, with server-side default bucket layout, runner as owner, Versioning false, Storage Type set to DISK and Encryption set to false, Replication Type set to server-side default replication type, Namespace Quota set to -1, Space Quota set to -1 
2025-10-17 11:02:59,884 [om1-OMStateMachineApplyTransactionThread - 0] INFO  bucket.OMBucketCreateRequest (OMBucketCreateRequest.java:validateAndUpdateCache(303)) - created bucket: 001f7b10-b5c5-4da5-a067-daaea40f2fff of layout FILE_SYSTEM_OPTIMIZED in volume: b436821d-7a21-4b6c-ac50-9cd63b5bb299
2025-10-17 11:02:59,884 | INFO  | OMAudit | user=runner | ip=127.0.0.1 | op=CREATE_BUCKET {"volume":"b436821d-7a21-4b6c-ac50-9cd63b5bb299","bucket":"001f7b10-b5c5-4da5-a067-daaea40f2fff","bucketLayout":"FILE_SYSTEM_OPTIMIZED","gdprEnabled":null,"acls":"[user:runner:a[ACCESS], group:runner:rl[ACCESS]]","isVersionEnabled":"false","storageType":"DISK","creationTime":"1760698979882","bucketEncryptionKey":null,"modificationTime":"1760698979882","usedBytes":"0","usedNamespace":"0","snapshotUsedBytes":"0","snapshotUsedNamespace":"0","owner":"runner","replicationType":null,"replicationConfig":null,"quotaInBytes":"-1","quotaInNamespace":"-1","Transaction":"1471"} | ret=SUCCESS |  
2025-10-17 11:02:59,886 | INFO  | OMAudit | user=runner | ip=127.0.0.1 | op=READ_BUCKET {"volume":"b436821d-7a21-4b6c-ac50-9cd63b5bb299","bucket":"001f7b10-b5c5-4da5-a067-daaea40f2fff"} | ret=SUCCESS |  
2025-10-17 11:02:59,889 | INFO  | OMAudit | user=runner | ip=127.0.0.1 | op=INITIATE_MULTIPART_UPLOAD {"volume":"b436821d-7a21-4b6c-ac50-9cd63b5bb299","bucket":"001f7b10-b5c5-4da5-a067-daaea40f2fff","key":"c6563b70-3fef-4473-a622-568e1274d359","dataSize":"0","replicationType":"RATIS","replicationFactor":"ONE","uploadID":"0199f1d6-5630-7e99-b625-54fe1f52c63c-115389168345940328","Transaction":"1472"} | ret=SUCCESS |  
2025-10-17 11:02:59,891 | INFO  | OMAudit | user=runner | ip=127.0.0.1 | op=ALLOCATE_KEY {"volume":"b436821d-7a21-4b6c-ac50-9cd63b5bb299","bucket":"001f7b10-b5c5-4da5-a067-daaea40f2fff","key":"c6563b70-3fef-4473-a622-568e1274d359","dataSize":"4","Transaction":"1473"} | ret=SUCCESS |  
2025-10-17 11:02:59,893 | INFO  | SCMAudit | user=runner | ip=127.0.0.1 | op=ALLOCATE_BLOCK {"replication":"RATIS/ONE","owner":"omServiceIdDefault","size":"4194304","sampleBlocks":"[conID: 13 locID: 115816896921600390]","num":"1","client":"","allocated":"1"} | ret=SUCCESS |  
2025-10-17 11:02:59,894 | INFO  | OMAudit | user=runner | ip=127.0.0.1 | op=ALLOCATE_BLOCK {"volume":"b436821d-7a21-4b6c-ac50-9cd63b5bb299","bucket":"001f7b10-b5c5-4da5-a067-daaea40f2fff","key":"c6563b70-3fef-4473-a622-568e1274d359","dataSize":"4","replicationType":"RATIS","replicationFactor":"ONE","clientID":"115389168346136937","Transaction":"1474"} | ret=SUCCESS |  
2025-10-17 11:02:59,904 | INFO  | OMAudit | user=runner | ip=127.0.0.1 | op=COMMIT_MULTIPART_UPLOAD_PARTKEY {"volume":"b436821d-7a21-4b6c-ac50-9cd63b5bb299","bucket":"001f7b10-b5c5-4da5-a067-daaea40f2fff","key":"c6563b70-3fef-4473-a622-568e1274d359","dataSize":"4","ETag":"8d777f385d3dfec8815d20f7496026dc","uploadID":"0199f1d6-5630-7e99-b625-54fe1f52c63c-115389168345940328","partNumber":"1","partName":"/b436821d-7a21-4b6c-ac50-9cd63b5bb299/001f7b10-b5c5-4da5-a067-daaea40f2fff/c6563b70-3fef-4473-a622-568e1274d359-0199f1d6-5630-7e99-b625-54fe1f52c63c-115389168345940328-1","Transaction":"1475"} | ret=SUCCESS |  
2025-10-17 11:02:59,906 [om1-OMStateMachineApplyTransactionThread - 0] ERROR multipart.S3MultipartUploadCompleteRequest (S3MultipartUploadCompleteRequest.java:logResult(444)) - MultipartUpload Complete request failed for Key: c6563b70-3fef-4473-a622-568e1274d359 in Volume/Bucket b436821d-7a21-4b6c-ac50-9cd63b5bb299/001f7b10-b5c5-4da5-a067-daaea40f2fff
INVALID_PART org.apache.hadoop.ozone.om.exceptions.OMException: Complete Multipart Upload Failed: volume: b436821d-7a21-4b6c-ac50-9cd63b5bb299 bucket: 001f7b10-b5c5-4da5-a067-daaea40f2fff key: c6563b70-3fef-4473-a622-568e1274d359. Provided Part info is { 7ddf32e17a6ac5ce04a8ecbf782ca509, 3}, whereas OM has eTag null
	at org.apache.hadoop.ozone.om.request.s3.multipart.S3MultipartUploadCompleteRequest.getMultipartDataSize(S3MultipartUploadCompleteRequest.java:625)
	at org.apache.hadoop.ozone.om.request.s3.multipart.S3MultipartUploadCompleteRequest.validateAndUpdateCache(S3MultipartUploadCompleteRequest.java:289)
	at org.apache.hadoop.ozone.protocolPB.OzoneManagerRequestHandler.lambda$0(OzoneManagerRequestHandler.java:418)
	at org.apache.hadoop.ozone.util.MetricUtil.captureLatencyNs(MetricUtil.java:45)
	at org.apache.hadoop.ozone.protocolPB.OzoneManagerRequestHandler.handleWriteRequestImpl(OzoneManagerRequestHandler.java:416)
	at org.apache.hadoop.ozone.protocolPB.RequestHandler.handleWriteRequest(RequestHandler.java:62)
	at org.apache.hadoop.ozone.om.ratis.OzoneManagerStateMachine.runCommand(OzoneManagerStateMachine.java:599)
	at org.apache.hadoop.ozone.om.ratis.OzoneManagerStateMachine.lambda$3(OzoneManagerStateMachine.java:415)
	at java.base/java.util.concurrent.CompletableFuture$AsyncSupply.run(CompletableFuture.java:1768)
	at java.base/java.util.concurrent.ThreadPoolExecutor.runWorker(ThreadPoolExecutor.java:1144)
	at java.base/java.util.concurrent.ThreadPoolExecutor$Worker.run(ThreadPoolExecutor.java:642)
	at java.base/java.lang.Thread.run(Thread.java:1583)
2025-10-17 11:02:59,907 | ERROR | OMAudit | user=runner | ip=127.0.0.1 | op=COMPLETE_MULTIPART_UPLOAD {"volume":"b436821d-7a21-4b6c-ac50-9cd63b5bb299","bucket":"001f7b10-b5c5-4da5-a067-daaea40f2fff","key":"c6563b70-3fef-4473-a622-568e1274d359","dataSize":"0","uploadID":"0199f1d6-5630-7e99-b625-54fe1f52c63c-115389168345940328","multipartList":"[partNumber: 3 partName: \"7ddf32e17a6ac5ce04a8ecbf782ca509\" eTag: \"7ddf32e17a6ac5ce04a8ecbf782ca509\" ]","Transaction":"1476"} | ret=FAILURE | 
org.apache.hadoop.ozone.om.exceptions.OMException: Complete Multipart Upload Failed: volume: b436821d-7a21-4b6c-ac50-9cd63b5bb299 bucket: 001f7b10-b5c5-4da5-a067-daaea40f2fff key: c6563b70-3fef-4473-a622-568e1274d359. Provided Part info is { 7ddf32e17a6ac5ce04a8ecbf782ca509, 3}, whereas OM has eTag null
	at org.apache.hadoop.ozone.om.request.s3.multipart.S3MultipartUploadCompleteRequest.getMultipartDataSize(S3MultipartUploadCompleteRequest.java:625)
	at org.apache.hadoop.ozone.om.request.s3.multipart.S3MultipartUploadCompleteRequest.validateAndUpdateCache(S3MultipartUploadCompleteRequest.java:289)
 
]]></system-out>
  </testcase>
  <testcase name="testMultipartUploadWithPartsLessThanMinSize" classname="org.apache.hadoop.ozone.client.rpc.TestSecureOzoneRpcClient" time="0.043">
    <system-out><![CDATA[2025-10-17 11:02:59,909 [ForkJoinPool-1-worker-1] INFO  rpc.RpcClient (RpcClient.java:createVolume(461)) - Creating Volume: 4f0538bd-1560-4a51-b4f5-aa2fbfc38aa8, with runner as owner and space quota set to -1 bytes, counts quota set to -1
2025-10-17 11:02:59,911 [om1-OMStateMachineApplyTransactionThread - 0] INFO  volume.OMVolumeCreateRequest (OMVolumeCreateRequest.java:validateAndUpdateCache(213)) - created volume:4f0538bd-1560-4a51-b4f5-aa2fbfc38aa8 for user:runner
2025-10-17 11:02:59,911 | INFO  | OMAudit | user=runner | ip=127.0.0.1 | op=CREATE_VOLUME {"admin":"runner","owner":"runner","volume":"4f0538bd-1560-4a51-b4f5-aa2fbfc38aa8","creationTime":"1760698979910","modificationTime":"1760698979910","quotaInBytes":"-1","quotaInNamespace":"-1","usedNamespace":"0","objectID":"-9223372036854397696","updateID":"1477","Transaction":"1477"} | ret=SUCCESS |  
2025-10-17 11:02:59,912 | INFO  | OMAudit | user=runner | ip=127.0.0.1 | op=READ_VOLUME {"volume":"4f0538bd-1560-4a51-b4f5-aa2fbfc38aa8"} | ret=SUCCESS |  
2025-10-17 11:02:59,912 [om1-OMDoubleBufferFlushThread] INFO  db.RDBCheckpointManager (RDBCheckpointManager.java:createCheckpoint(87)) - Created checkpoint in rocksDB at /home/runner/work/ozone/ozone/hadoop-ozone/integration-test/target/test-dir/MiniOzoneClusterImpl-d1ffa5d3-3301-45c3-9f44-1ffa6967d237/om/data/db.snapshots/checkpointState/om.db-092ba5ad-189e-4217-bc17-820d24028823 in 34 milliseconds
2025-10-17 11:02:59,912 [ForkJoinPool-1-worker-1] INFO  rpc.RpcClient (RpcClient.java:createBucket(686)) - Creating Bucket: 4f0538bd-1560-4a51-b4f5-aa2fbfc38aa8/22cb6cd5-5cac-4614-9246-0eb692dcfabd, with server-side default bucket layout, runner as owner, Versioning false, Storage Type set to DISK and Encryption set to false, Replication Type set to server-side default replication type, Namespace Quota set to -1, Space Quota set to -1 
2025-10-17 11:02:59,913 [om1-OMStateMachineApplyTransactionThread - 0] INFO  bucket.OMBucketCreateRequest (OMBucketCreateRequest.java:validateAndUpdateCache(303)) - created bucket: 22cb6cd5-5cac-4614-9246-0eb692dcfabd of layout FILE_SYSTEM_OPTIMIZED in volume: 4f0538bd-1560-4a51-b4f5-aa2fbfc38aa8
2025-10-17 11:02:59,913 | INFO  | OMAudit | user=runner | ip=127.0.0.1 | op=CREATE_BUCKET {"volume":"4f0538bd-1560-4a51-b4f5-aa2fbfc38aa8","bucket":"22cb6cd5-5cac-4614-9246-0eb692dcfabd","bucketLayout":"FILE_SYSTEM_OPTIMIZED","gdprEnabled":null,"acls":"[user:runner:a[ACCESS], group:runner:rl[ACCESS]]","isVersionEnabled":"false","storageType":"DISK","creationTime":"1760698979913","bucketEncryptionKey":null,"modificationTime":"1760698979913","usedBytes":"0","usedNamespace":"0","snapshotUsedBytes":"0","snapshotUsedNamespace":"0","owner":"runner","replicationType":null,"replicationConfig":null,"quotaInBytes":"-1","quotaInNamespace":"-1","Transaction":"1478"} | ret=SUCCESS |  
2025-10-17 11:02:59,914 | INFO  | OMAudit | user=runner | ip=127.0.0.1 | op=READ_BUCKET {"volume":"4f0538bd-1560-4a51-b4f5-aa2fbfc38aa8","bucket":"22cb6cd5-5cac-4614-9246-0eb692dcfabd"} | ret=SUCCESS |  
2025-10-17 11:02:59,917 | INFO  | OMAudit | user=runner | ip=127.0.0.1 | op=INITIATE_MULTIPART_UPLOAD {"volume":"4f0538bd-1560-4a51-b4f5-aa2fbfc38aa8","bucket":"22cb6cd5-5cac-4614-9246-0eb692dcfabd","key":"a3e7d4b9-a755-479d-a362-f3f39e873ff7","dataSize":"0","replicationType":"RATIS","replicationFactor":"ONE","uploadID":"0199f1d6-564b-7a5e-8ae4-cef35e967b6d-115389168347709802","Transaction":"1479"} | ret=SUCCESS |  
2025-10-17 11:02:59,919 | INFO  | OMAudit | user=runner | ip=127.0.0.1 | op=ALLOCATE_KEY {"volume":"4f0538bd-1560-4a51-b4f5-aa2fbfc38aa8","bucket":"22cb6cd5-5cac-4614-9246-0eb692dcfabd","key":"a3e7d4b9-a755-479d-a362-f3f39e873ff7","dataSize":"4","Transaction":"1480"} | ret=SUCCESS |  
2025-10-17 11:02:59,921 | INFO  | SCMAudit | user=runner | ip=127.0.0.1 | op=ALLOCATE_BLOCK {"replication":"RATIS/ONE","owner":"omServiceIdDefault","size":"4194304","sampleBlocks":"[conID: 6 locID: 115816896921600391]","num":"1","client":"","allocated":"1"} | ret=SUCCESS |  
2025-10-17 11:02:59,923 | INFO  | OMAudit | user=runner | ip=127.0.0.1 | op=ALLOCATE_BLOCK {"volume":"4f0538bd-1560-4a51-b4f5-aa2fbfc38aa8","bucket":"22cb6cd5-5cac-4614-9246-0eb692dcfabd","key":"a3e7d4b9-a755-479d-a362-f3f39e873ff7","dataSize":"4","replicationType":"RATIS","replicationFactor":"ONE","clientID":"115389168347906411","Transaction":"1481"} | ret=SUCCESS |  
2025-10-17 11:02:59,932 | INFO  | OMAudit | user=runner | ip=127.0.0.1 | op=COMMIT_MULTIPART_UPLOAD_PARTKEY {"volume":"4f0538bd-1560-4a51-b4f5-aa2fbfc38aa8","bucket":"22cb6cd5-5cac-4614-9246-0eb692dcfabd","key":"a3e7d4b9-a755-479d-a362-f3f39e873ff7","dataSize":"4","ETag":"8d777f385d3dfec8815d20f7496026dc","uploadID":"0199f1d6-564b-7a5e-8ae4-cef35e967b6d-115389168347709802","partNumber":"1","partName":"/4f0538bd-1560-4a51-b4f5-aa2fbfc38aa8/22cb6cd5-5cac-4614-9246-0eb692dcfabd/a3e7d4b9-a755-479d-a362-f3f39e873ff7-0199f1d6-564b-7a5e-8ae4-cef35e967b6d-115389168347709802-1","Transaction":"1482"} | ret=SUCCESS |  
2025-10-17 11:02:59,934 [om1-OMDoubleBufferFlushThread] INFO  om.OmSnapshotManager (OmSnapshotManager.java:createOmSnapshotCheckpoint(545)) - Created checkpoint: /home/runner/work/ozone/ozone/hadoop-ozone/integration-test/target/test-dir/MiniOzoneClusterImpl-d1ffa5d3-3301-45c3-9f44-1ffa6967d237/om/data/db.snapshots/checkpointState/om.db-092ba5ad-189e-4217-bc17-820d24028823 for snapshot /vol-b-67769/buc-b-13213/snapshot-b-3-49889
2025-10-17 11:02:59,936 | INFO  | OMAudit | user=runner | ip=127.0.0.1 | op=ALLOCATE_KEY {"volume":"4f0538bd-1560-4a51-b4f5-aa2fbfc38aa8","bucket":"22cb6cd5-5cac-4614-9246-0eb692dcfabd","key":"a3e7d4b9-a755-479d-a362-f3f39e873ff7","dataSize":"4","Transaction":"1483"} | ret=SUCCESS |  
2025-10-17 11:02:59,938 | INFO  | SCMAudit | user=runner | ip=127.0.0.1 | op=ALLOCATE_BLOCK {"replication":"RATIS/ONE","owner":"omServiceIdDefault","size":"4194304","sampleBlocks":"[conID: 14 locID: 115816896921600392]","num":"1","client":"","allocated":"1"} | ret=SUCCESS |  
2025-10-17 11:02:59,940 | INFO  | OMAudit | user=runner | ip=127.0.0.1 | op=ALLOCATE_BLOCK {"volume":"4f0538bd-1560-4a51-b4f5-aa2fbfc38aa8","bucket":"22cb6cd5-5cac-4614-9246-0eb692dcfabd","key":"a3e7d4b9-a755-479d-a362-f3f39e873ff7","dataSize":"4","replicationType":"RATIS","replicationFactor":"ONE","clientID":"115389168348954988","Transaction":"1484"} | ret=SUCCESS |  
2025-10-17 11:02:59,942 | INFO  | SCMAudit | user=runner | ip=127.0.0.1 | op=SEND_HEARTBEAT {"datanodeUUID":"3a11eef6-a527-493c-8ba3-ae39ecaefa56","term":"2","command":"[]"} | ret=SUCCESS |  
2025-10-17 11:02:59,947 | INFO  | OMAudit | user=runner | ip=127.0.0.1 | op=COMMIT_MULTIPART_UPLOAD_PARTKEY {"volume":"4f0538bd-1560-4a51-b4f5-aa2fbfc38aa8","bucket":"22cb6cd5-5cac-4614-9246-0eb692dcfabd","key":"a3e7d4b9-a755-479d-a362-f3f39e873ff7","dataSize":"4","ETag":"8d777f385d3dfec8815d20f7496026dc","uploadID":"0199f1d6-564b-7a5e-8ae4-cef35e967b6d-115389168347709802","partNumber":"2","partName":"/4f0538bd-1560-4a51-b4f5-aa2fbfc38aa8/22cb6cd5-5cac-4614-9246-0eb692dcfabd/a3e7d4b9-a755-479d-a362-f3f39e873ff7-0199f1d6-564b-7a5e-8ae4-cef35e967b6d-115389168347709802-2","Transaction":"1485"} | ret=SUCCESS |  
2025-10-17 11:02:59,950 [om1-OMStateMachineApplyTransactionThread - 0] ERROR multipart.S3MultipartUploadCompleteRequest (S3MultipartUploadCompleteRequest.java:getMultipartDataSize(638)) - MultipartUpload: /4f0538bd-1560-4a51-b4f5-aa2fbfc38aa8/22cb6cd5-5cac-4614-9246-0eb692dcfabd/a3e7d4b9-a755-479d-a362-f3f39e873ff7 Part number: 1 size 4  is less than minimum part size 5242880
2025-10-17 11:02:59,951 [om1-OMStateMachineApplyTransactionThread - 0] ERROR multipart.S3MultipartUploadCompleteRequest (S3MultipartUploadCompleteRequest.java:logResult(444)) - MultipartUpload Complete request failed for Key: a3e7d4b9-a755-479d-a362-f3f39e873ff7 in Volume/Bucket 4f0538bd-1560-4a51-b4f5-aa2fbfc38aa8/22cb6cd5-5cac-4614-9246-0eb692dcfabd
ENTITY_TOO_SMALL org.apache.hadoop.ozone.om.exceptions.OMException: Complete Multipart Upload Failed: volume: 4f0538bd-1560-4a51-b4f5-aa2fbfc38aa8 bucket: 22cb6cd5-5cac-4614-9246-0eb692dcfabd key: a3e7d4b9-a755-479d-a362-f3f39e873ff7. Entity too small.
	at org.apache.hadoop.ozone.om.request.s3.multipart.S3MultipartUploadCompleteRequest.getMultipartDataSize(S3MultipartUploadCompleteRequest.java:642)
	at org.apache.hadoop.ozone.om.request.s3.multipart.S3MultipartUploadCompleteRequest.validateAndUpdateCache(S3MultipartUploadCompleteRequest.java:289)
	at org.apache.hadoop.ozone.protocolPB.OzoneManagerRequestHandler.lambda$0(OzoneManagerRequestHandler.java:418)
	at org.apache.hadoop.ozone.util.MetricUtil.captureLatencyNs(MetricUtil.java:45)
	at org.apache.hadoop.ozone.protocolPB.OzoneManagerRequestHandler.handleWriteRequestImpl(OzoneManagerRequestHandler.java:416)
	at org.apache.hadoop.ozone.protocolPB.RequestHandler.handleWriteRequest(RequestHandler.java:62)
	at org.apache.hadoop.ozone.om.ratis.OzoneManagerStateMachine.runCommand(OzoneManagerStateMachine.java:599)
	at org.apache.hadoop.ozone.om.ratis.OzoneManagerStateMachine.lambda$3(OzoneManagerStateMachine.java:415)
	at java.base/java.util.concurrent.CompletableFuture$AsyncSupply.run(CompletableFuture.java:1768)
	at java.base/java.util.concurrent.ThreadPoolExecutor.runWorker(ThreadPoolExecutor.java:1144)
	at java.base/java.util.concurrent.ThreadPoolExecutor$Worker.run(ThreadPoolExecutor.java:642)
	at java.base/java.lang.Thread.run(Thread.java:1583)
2025-10-17 11:02:59,951 | ERROR | OMAudit | user=runner | ip=127.0.0.1 | op=COMPLETE_MULTIPART_UPLOAD {"volume":"4f0538bd-1560-4a51-b4f5-aa2fbfc38aa8","bucket":"22cb6cd5-5cac-4614-9246-0eb692dcfabd","key":"a3e7d4b9-a755-479d-a362-f3f39e873ff7","dataSize":"0","uploadID":"0199f1d6-564b-7a5e-8ae4-cef35e967b6d-115389168347709802","multipartList":"[partNumber: 1 partName: \"8d777f385d3dfec8815d20f7496026dc\" eTag: \"8d777f385d3dfec8815d20f7496026dc\" , partNumber: 2 partName: \"8d777f385d3dfec8815d20f7496026dc\" eTag: \"8d777f385d3dfec8815d20f7496026dc\" ]","Transaction":"1486"} | ret=FAILURE | 
org.apache.hadoop.ozone.om.exceptions.OMException: Complete Multipart Upload Failed: volume: 4f0538bd-1560-4a51-b4f5-aa2fbfc38aa8 bucket: 22cb6cd5-5cac-4614-9246-0eb692dcfabd key: a3e7d4b9-a755-479d-a362-f3f39e873ff7. Entity too small.
	at org.apache.hadoop.ozone.om.request.s3.multipart.S3MultipartUploadCompleteRequest.getMultipartDataSize(S3MultipartUploadCompleteRequest.java:642)
	at org.apache.hadoop.ozone.om.request.s3.multipart.S3MultipartUploadCompleteRequest.validateAndUpdateCache(S3MultipartUploadCompleteRequest.java:289)
 
]]></system-out>
  </testcase>
  <testcase name="testMultipartUploadWithPartsMisMatchWithIncorrectPartName" classname="org.apache.hadoop.ozone.client.rpc.TestSecureOzoneRpcClient" time="0.032">
    <system-out><![CDATA[2025-10-17 11:02:59,953 [ForkJoinPool-1-worker-1] INFO  rpc.RpcClient (RpcClient.java:createVolume(461)) - Creating Volume: 81d250a5-16a1-4ce7-9e15-b878b7e5569b, with runner as owner and space quota set to -1 bytes, counts quota set to -1
2025-10-17 11:02:59,955 [om1-OMStateMachineApplyTransactionThread - 0] INFO  volume.OMVolumeCreateRequest (OMVolumeCreateRequest.java:validateAndUpdateCache(213)) - created volume:81d250a5-16a1-4ce7-9e15-b878b7e5569b for user:runner
2025-10-17 11:02:59,955 | INFO  | OMAudit | user=runner | ip=127.0.0.1 | op=CREATE_VOLUME {"admin":"runner","owner":"runner","volume":"81d250a5-16a1-4ce7-9e15-b878b7e5569b","creationTime":"1760698979954","modificationTime":"1760698979954","quotaInBytes":"-1","quotaInNamespace":"-1","usedNamespace":"0","objectID":"-9223372036854395136","updateID":"1487","Transaction":"1487"} | ret=SUCCESS |  
2025-10-17 11:02:59,956 | INFO  | OMAudit | user=runner | ip=127.0.0.1 | op=READ_VOLUME {"volume":"81d250a5-16a1-4ce7-9e15-b878b7e5569b"} | ret=SUCCESS |  
2025-10-17 11:02:59,956 [ForkJoinPool-1-worker-1] INFO  rpc.RpcClient (RpcClient.java:createBucket(686)) - Creating Bucket: 81d250a5-16a1-4ce7-9e15-b878b7e5569b/65c741f9-5314-415d-8d32-2edcd7f1e1b9, with server-side default bucket layout, runner as owner, Versioning false, Storage Type set to DISK and Encryption set to false, Replication Type set to server-side default replication type, Namespace Quota set to -1, Space Quota set to -1 
2025-10-17 11:02:59,957 [om1-OMStateMachineApplyTransactionThread - 0] INFO  bucket.OMBucketCreateRequest (OMBucketCreateRequest.java:validateAndUpdateCache(303)) - created bucket: 65c741f9-5314-415d-8d32-2edcd7f1e1b9 of layout FILE_SYSTEM_OPTIMIZED in volume: 81d250a5-16a1-4ce7-9e15-b878b7e5569b
2025-10-17 11:02:59,958 | INFO  | OMAudit | user=runner | ip=127.0.0.1 | op=CREATE_BUCKET {"volume":"81d250a5-16a1-4ce7-9e15-b878b7e5569b","bucket":"65c741f9-5314-415d-8d32-2edcd7f1e1b9","bucketLayout":"FILE_SYSTEM_OPTIMIZED","gdprEnabled":null,"acls":"[user:runner:a[ACCESS], group:runner:rl[ACCESS]]","isVersionEnabled":"false","storageType":"DISK","creationTime":"1760698979957","bucketEncryptionKey":null,"modificationTime":"1760698979957","usedBytes":"0","usedNamespace":"0","snapshotUsedBytes":"0","snapshotUsedNamespace":"0","owner":"runner","replicationType":null,"replicationConfig":null,"quotaInBytes":"-1","quotaInNamespace":"-1","Transaction":"1488"} | ret=SUCCESS |  
2025-10-17 11:02:59,958 | INFO  | OMAudit | user=runner | ip=127.0.0.1 | op=READ_BUCKET {"volume":"81d250a5-16a1-4ce7-9e15-b878b7e5569b","bucket":"65c741f9-5314-415d-8d32-2edcd7f1e1b9"} | ret=SUCCESS |  
2025-10-17 11:02:59,960 | INFO  | OMAudit | user=runner | ip=127.0.0.1 | op=INITIATE_MULTIPART_UPLOAD {"volume":"81d250a5-16a1-4ce7-9e15-b878b7e5569b","bucket":"65c741f9-5314-415d-8d32-2edcd7f1e1b9","key":"99cdf8a1-d90a-4d16-a60a-2fcd366aa96e","dataSize":"0","replicationType":"RATIS","replicationFactor":"ONE","uploadID":"0199f1d6-5677-70cc-aa83-c2ac107159eb-115389168350593389","Transaction":"1489"} | ret=SUCCESS |  
2025-10-17 11:02:59,962 | INFO  | OMAudit | user=runner | ip=127.0.0.1 | op=ALLOCATE_KEY {"volume":"81d250a5-16a1-4ce7-9e15-b878b7e5569b","bucket":"65c741f9-5314-415d-8d32-2edcd7f1e1b9","key":"99cdf8a1-d90a-4d16-a60a-2fcd366aa96e","dataSize":"4","Transaction":"1490"} | ret=SUCCESS |  
2025-10-17 11:02:59,964 | INFO  | SCMAudit | user=runner | ip=127.0.0.1 | op=ALLOCATE_BLOCK {"replication":"RATIS/ONE","owner":"omServiceIdDefault","size":"4194304","sampleBlocks":"[conID: 10 locID: 115816896921600393]","num":"1","client":"","allocated":"1"} | ret=SUCCESS |  
2025-10-17 11:02:59,966 | INFO  | OMAudit | user=runner | ip=127.0.0.1 | op=ALLOCATE_BLOCK {"volume":"81d250a5-16a1-4ce7-9e15-b878b7e5569b","bucket":"65c741f9-5314-415d-8d32-2edcd7f1e1b9","key":"99cdf8a1-d90a-4d16-a60a-2fcd366aa96e","dataSize":"4","replicationType":"RATIS","replicationFactor":"ONE","clientID":"115389168350724462","Transaction":"1491"} | ret=SUCCESS |  
2025-10-17 11:02:59,980 | INFO  | OMAudit | user=runner | ip=127.0.0.1 | op=COMMIT_MULTIPART_UPLOAD_PARTKEY {"volume":"81d250a5-16a1-4ce7-9e15-b878b7e5569b","bucket":"65c741f9-5314-415d-8d32-2edcd7f1e1b9","key":"99cdf8a1-d90a-4d16-a60a-2fcd366aa96e","dataSize":"4","ETag":"8d777f385d3dfec8815d20f7496026dc","uploadID":"0199f1d6-5677-70cc-aa83-c2ac107159eb-115389168350593389","partNumber":"1","partName":"/81d250a5-16a1-4ce7-9e15-b878b7e5569b/65c741f9-5314-415d-8d32-2edcd7f1e1b9/99cdf8a1-d90a-4d16-a60a-2fcd366aa96e-0199f1d6-5677-70cc-aa83-c2ac107159eb-115389168350593389-1","Transaction":"1492"} | ret=SUCCESS |  
2025-10-17 11:02:59,980 [om1-OMDoubleBufferFlushThread] INFO  db.RDBCheckpointManager (RDBCheckpointManager.java:createCheckpoint(87)) - Created checkpoint in rocksDB at /home/runner/work/ozone/ozone/hadoop-ozone/integration-test/target/test-dir/MiniOzoneClusterImpl-d1ffa5d3-3301-45c3-9f44-1ffa6967d237/om/data/db.snapshots/checkpointState/om.db-9f3824d4-753a-481c-bde2-e6e9ad391794 in 43 milliseconds
2025-10-17 11:02:59,983 [om1-OMStateMachineApplyTransactionThread - 0] ERROR multipart.S3MultipartUploadCompleteRequest (S3MultipartUploadCompleteRequest.java:logResult(444)) - MultipartUpload Complete request failed for Key: 99cdf8a1-d90a-4d16-a60a-2fcd366aa96e in Volume/Bucket 81d250a5-16a1-4ce7-9e15-b878b7e5569b/65c741f9-5314-415d-8d32-2edcd7f1e1b9
INVALID_PART org.apache.hadoop.ozone.om.exceptions.OMException: Complete Multipart Upload Failed: volume: 81d250a5-16a1-4ce7-9e15-b878b7e5569b bucket: 65c741f9-5314-415d-8d32-2edcd7f1e1b9 key: 99cdf8a1-d90a-4d16-a60a-2fcd366aa96e. Provided Part info is { fbb3a5b5aeb7ac939b68b81f15335742, 1}, whereas OM has eTag 8d777f385d3dfec8815d20f7496026dc
	at org.apache.hadoop.ozone.om.request.s3.multipart.S3MultipartUploadCompleteRequest.getMultipartDataSize(S3MultipartUploadCompleteRequest.java:625)
	at org.apache.hadoop.ozone.om.request.s3.multipart.S3MultipartUploadCompleteRequest.validateAndUpdateCache(S3MultipartUploadCompleteRequest.java:289)
	at org.apache.hadoop.ozone.protocolPB.OzoneManagerRequestHandler.lambda$0(OzoneManagerRequestHandler.java:418)
	at org.apache.hadoop.ozone.util.MetricUtil.captureLatencyNs(MetricUtil.java:45)
	at org.apache.hadoop.ozone.protocolPB.OzoneManagerRequestHandler.handleWriteRequestImpl(OzoneManagerRequestHandler.java:416)
	at org.apache.hadoop.ozone.protocolPB.RequestHandler.handleWriteRequest(RequestHandler.java:62)
	at org.apache.hadoop.ozone.om.ratis.OzoneManagerStateMachine.runCommand(OzoneManagerStateMachine.java:599)
	at org.apache.hadoop.ozone.om.ratis.OzoneManagerStateMachine.lambda$3(OzoneManagerStateMachine.java:415)
	at java.base/java.util.concurrent.CompletableFuture$AsyncSupply.run(CompletableFuture.java:1768)
	at java.base/java.util.concurrent.ThreadPoolExecutor.runWorker(ThreadPoolExecutor.java:1144)
	at java.base/java.util.concurrent.ThreadPoolExecutor$Worker.run(ThreadPoolExecutor.java:642)
	at java.base/java.lang.Thread.run(Thread.java:1583)
2025-10-17 11:02:59,983 | ERROR | OMAudit | user=runner | ip=127.0.0.1 | op=COMPLETE_MULTIPART_UPLOAD {"volume":"81d250a5-16a1-4ce7-9e15-b878b7e5569b","bucket":"65c741f9-5314-415d-8d32-2edcd7f1e1b9","key":"99cdf8a1-d90a-4d16-a60a-2fcd366aa96e","dataSize":"0","uploadID":"0199f1d6-5677-70cc-aa83-c2ac107159eb-115389168350593389","multipartList":"[partNumber: 1 partName: \"fbb3a5b5aeb7ac939b68b81f15335742\" eTag: \"fbb3a5b5aeb7ac939b68b81f15335742\" ]","Transaction":"1493"} | ret=FAILURE | 
org.apache.hadoop.ozone.om.exceptions.OMException: Complete Multipart Upload Failed: volume: 81d250a5-16a1-4ce7-9e15-b878b7e5569b bucket: 65c741f9-5314-415d-8d32-2edcd7f1e1b9 key: 99cdf8a1-d90a-4d16-a60a-2fcd366aa96e. Provided Part info is { fbb3a5b5aeb7ac939b68b81f15335742, 1}, whereas OM has eTag 8d777f385d3dfec8815d20f7496026dc
	at org.apache.hadoop.ozone.om.request.s3.multipart.S3MultipartUploadCompleteRequest.getMultipartDataSize(S3MultipartUploadCompleteRequest.java:625)
	at org.apache.hadoop.ozone.om.request.s3.multipart.S3MultipartUploadCompleteRequest.validateAndUpdateCache(S3MultipartUploadCompleteRequest.java:289)
 
]]></system-out>
  </testcase>
  <testcase name="testMultipartUploadWithPartsMisMatchWithListSizeDifferent" classname="org.apache.hadoop.ozone.client.rpc.TestSecureOzoneRpcClient" time="0.013">
    <system-out><![CDATA[2025-10-17 11:02:59,986 [ForkJoinPool-1-worker-1] INFO  rpc.RpcClient (RpcClient.java:createVolume(461)) - Creating Volume: 16abcc95-e1b1-4372-aa77-edac41b0c2b3, with runner as owner and space quota set to -1 bytes, counts quota set to -1
2025-10-17 11:02:59,988 [om1-OMStateMachineApplyTransactionThread - 0] INFO  volume.OMVolumeCreateRequest (OMVolumeCreateRequest.java:validateAndUpdateCache(213)) - created volume:16abcc95-e1b1-4372-aa77-edac41b0c2b3 for user:runner
2025-10-17 11:02:59,988 | INFO  | OMAudit | user=runner | ip=127.0.0.1 | op=CREATE_VOLUME {"admin":"runner","owner":"runner","volume":"16abcc95-e1b1-4372-aa77-edac41b0c2b3","creationTime":"1760698979987","modificationTime":"1760698979987","quotaInBytes":"-1","quotaInNamespace":"-1","usedNamespace":"0","objectID":"-9223372036854393344","updateID":"1494","Transaction":"1494"} | ret=SUCCESS |  
2025-10-17 11:02:59,989 | INFO  | OMAudit | user=runner | ip=127.0.0.1 | op=READ_VOLUME {"volume":"16abcc95-e1b1-4372-aa77-edac41b0c2b3"} | ret=SUCCESS |  
2025-10-17 11:02:59,990 [ForkJoinPool-1-worker-1] INFO  rpc.RpcClient (RpcClient.java:createBucket(686)) - Creating Bucket: 16abcc95-e1b1-4372-aa77-edac41b0c2b3/46d874ab-9cda-4b82-8483-9bec67cff47b, with server-side default bucket layout, runner as owner, Versioning false, Storage Type set to DISK and Encryption set to false, Replication Type set to server-side default replication type, Namespace Quota set to -1, Space Quota set to -1 
2025-10-17 11:02:59,991 [om1-OMStateMachineApplyTransactionThread - 0] INFO  bucket.OMBucketCreateRequest (OMBucketCreateRequest.java:validateAndUpdateCache(303)) - created bucket: 46d874ab-9cda-4b82-8483-9bec67cff47b of layout FILE_SYSTEM_OPTIMIZED in volume: 16abcc95-e1b1-4372-aa77-edac41b0c2b3
2025-10-17 11:02:59,991 | INFO  | OMAudit | user=runner | ip=127.0.0.1 | op=CREATE_BUCKET {"volume":"16abcc95-e1b1-4372-aa77-edac41b0c2b3","bucket":"46d874ab-9cda-4b82-8483-9bec67cff47b","bucketLayout":"FILE_SYSTEM_OPTIMIZED","gdprEnabled":null,"acls":"[user:runner:a[ACCESS], group:runner:rl[ACCESS]]","isVersionEnabled":"false","storageType":"DISK","creationTime":"1760698979991","bucketEncryptionKey":null,"modificationTime":"1760698979991","usedBytes":"0","usedNamespace":"0","snapshotUsedBytes":"0","snapshotUsedNamespace":"0","owner":"runner","replicationType":null,"replicationConfig":null,"quotaInBytes":"-1","quotaInNamespace":"-1","Transaction":"1495"} | ret=SUCCESS |  
2025-10-17 11:02:59,993 | INFO  | OMAudit | user=runner | ip=127.0.0.1 | op=READ_BUCKET {"volume":"16abcc95-e1b1-4372-aa77-edac41b0c2b3","bucket":"46d874ab-9cda-4b82-8483-9bec67cff47b"} | ret=SUCCESS |  
2025-10-17 11:02:59,995 | INFO  | OMAudit | user=runner | ip=127.0.0.1 | op=INITIATE_MULTIPART_UPLOAD {"volume":"16abcc95-e1b1-4372-aa77-edac41b0c2b3","bucket":"46d874ab-9cda-4b82-8483-9bec67cff47b","key":"c7fb2bb1-78f4-4478-8990-3f1725dfda41","dataSize":"0","replicationType":"RATIS","replicationFactor":"ONE","uploadID":"0199f1d6-569a-76de-a06d-3391656b4fe2-115389168352887151","Transaction":"1496"} | ret=SUCCESS |  
2025-10-17 11:02:59,998 [om1-OMStateMachineApplyTransactionThread - 0] ERROR multipart.S3MultipartUploadCompleteRequest (S3MultipartUploadCompleteRequest.java:validateAndUpdateCache(275)) - Complete MultipartUpload failed for key /16abcc95-e1b1-4372-aa77-edac41b0c2b3/46d874ab-9cda-4b82-8483-9bec67cff47b/c7fb2bb1-78f4-4478-8990-3f1725dfda41 , MPU Key has no parts in OM, parts given to upload are [partNumber: 1
partName: "020b86fe-4b28-4f6f-919d-186a00f20aa7"
eTag: "020b86fe-4b28-4f6f-919d-186a00f20aa7"
]
2025-10-17 11:02:59,998 [om1-OMStateMachineApplyTransactionThread - 0] ERROR multipart.S3MultipartUploadCompleteRequest (S3MultipartUploadCompleteRequest.java:logResult(444)) - MultipartUpload Complete request failed for Key: c7fb2bb1-78f4-4478-8990-3f1725dfda41 in Volume/Bucket 16abcc95-e1b1-4372-aa77-edac41b0c2b3/46d874ab-9cda-4b82-8483-9bec67cff47b
INVALID_PART org.apache.hadoop.ozone.om.exceptions.OMException: Complete Multipart Upload Failed: volume: 16abcc95-e1b1-4372-aa77-edac41b0c2b3 bucket: 46d874ab-9cda-4b82-8483-9bec67cff47b key: c7fb2bb1-78f4-4478-8990-3f1725dfda41
	at org.apache.hadoop.ozone.om.request.s3.multipart.S3MultipartUploadCompleteRequest.validateAndUpdateCache(S3MultipartUploadCompleteRequest.java:278)
	at org.apache.hadoop.ozone.protocolPB.OzoneManagerRequestHandler.lambda$0(OzoneManagerRequestHandler.java:418)
	at org.apache.hadoop.ozone.util.MetricUtil.captureLatencyNs(MetricUtil.java:45)
	at org.apache.hadoop.ozone.protocolPB.OzoneManagerRequestHandler.handleWriteRequestImpl(OzoneManagerRequestHandler.java:416)
	at org.apache.hadoop.ozone.protocolPB.RequestHandler.handleWriteRequest(RequestHandler.java:62)
	at org.apache.hadoop.ozone.om.ratis.OzoneManagerStateMachine.runCommand(OzoneManagerStateMachine.java:599)
	at org.apache.hadoop.ozone.om.ratis.OzoneManagerStateMachine.lambda$3(OzoneManagerStateMachine.java:415)
	at java.base/java.util.concurrent.CompletableFuture$AsyncSupply.run(CompletableFuture.java:1768)
	at java.base/java.util.concurrent.ThreadPoolExecutor.runWorker(ThreadPoolExecutor.java:1144)
	at java.base/java.util.concurrent.ThreadPoolExecutor$Worker.run(ThreadPoolExecutor.java:642)
	at java.base/java.lang.Thread.run(Thread.java:1583)
2025-10-17 11:02:59,998 | ERROR | OMAudit | user=runner | ip=127.0.0.1 | op=COMPLETE_MULTIPART_UPLOAD {"volume":"16abcc95-e1b1-4372-aa77-edac41b0c2b3","bucket":"46d874ab-9cda-4b82-8483-9bec67cff47b","key":"c7fb2bb1-78f4-4478-8990-3f1725dfda41","dataSize":"0","uploadID":"0199f1d6-569a-76de-a06d-3391656b4fe2-115389168352887151","multipartList":"[partNumber: 1 partName: \"020b86fe-4b28-4f6f-919d-186a00f20aa7\" eTag: \"020b86fe-4b28-4f6f-919d-186a00f20aa7\" ]","Transaction":"1497"} | ret=FAILURE | 
org.apache.hadoop.ozone.om.exceptions.OMException: Complete Multipart Upload Failed: volume: 16abcc95-e1b1-4372-aa77-edac41b0c2b3 bucket: 46d874ab-9cda-4b82-8483-9bec67cff47b key: c7fb2bb1-78f4-4478-8990-3f1725dfda41
	at org.apache.hadoop.ozone.om.request.s3.multipart.S3MultipartUploadCompleteRequest.validateAndUpdateCache(S3MultipartUploadCompleteRequest.java:278)
	at org.apache.hadoop.ozone.protocolPB.OzoneManagerRequestHandler.lambda$0(OzoneManagerRequestHandler.java:418)
 
]]></system-out>
  </testcase>
  <testcase name="testMultipartUploadWithTags(ReplicationConfig)[1]" classname="org.apache.hadoop.ozone.client.rpc.TestSecureOzoneRpcClient" time="0.19">
    <system-out><![CDATA[2025-10-17 11:03:00,003 [ForkJoinPool-1-worker-1] INFO  rpc.RpcClient (RpcClient.java:createVolume(461)) - Creating Volume: 6e732959-b219-4cc9-8dd5-d4c6f99d698e, with runner as owner and space quota set to -1 bytes, counts quota set to -1
2025-10-17 11:03:00,003 [om1-OMDoubleBufferFlushThread] INFO  om.OmSnapshotManager (OmSnapshotManager.java:createOmSnapshotCheckpoint(545)) - Created checkpoint: /home/runner/work/ozone/ozone/hadoop-ozone/integration-test/target/test-dir/MiniOzoneClusterImpl-d1ffa5d3-3301-45c3-9f44-1ffa6967d237/om/data/db.snapshots/checkpointState/om.db-9f3824d4-753a-481c-bde2-e6e9ad391794 for snapshot /vol-a-69739/buc-a-45378/snapshot-b-4-81811
2025-10-17 11:03:00,005 [om1-OMStateMachineApplyTransactionThread - 0] INFO  volume.OMVolumeCreateRequest (OMVolumeCreateRequest.java:validateAndUpdateCache(213)) - created volume:6e732959-b219-4cc9-8dd5-d4c6f99d698e for user:runner
2025-10-17 11:03:00,005 | INFO  | OMAudit | user=runner | ip=127.0.0.1 | op=CREATE_VOLUME {"admin":"runner","owner":"runner","volume":"6e732959-b219-4cc9-8dd5-d4c6f99d698e","creationTime":"1760698980004","modificationTime":"1760698980004","quotaInBytes":"-1","quotaInNamespace":"-1","usedNamespace":"0","objectID":"-9223372036854392320","updateID":"1498","Transaction":"1498"} | ret=SUCCESS |  
2025-10-17 11:03:00,006 | INFO  | OMAudit | user=runner | ip=127.0.0.1 | op=READ_VOLUME {"volume":"6e732959-b219-4cc9-8dd5-d4c6f99d698e"} | ret=SUCCESS |  
2025-10-17 11:03:00,006 [ForkJoinPool-1-worker-1] INFO  rpc.RpcClient (RpcClient.java:createBucket(686)) - Creating Bucket: 6e732959-b219-4cc9-8dd5-d4c6f99d698e/44a59f68-76f4-4fb3-8457-7c021c5cffa0, with bucket layout OBJECT_STORE, runner as owner, Versioning false, Storage Type set to DISK and Encryption set to false, Replication Type set to server-side default replication type, Namespace Quota set to -1, Space Quota set to -1 
2025-10-17 11:03:00,008 [om1-OMStateMachineApplyTransactionThread - 0] INFO  bucket.OMBucketCreateRequest (OMBucketCreateRequest.java:validateAndUpdateCache(303)) - created bucket: 44a59f68-76f4-4fb3-8457-7c021c5cffa0 of layout OBJECT_STORE in volume: 6e732959-b219-4cc9-8dd5-d4c6f99d698e
2025-10-17 11:03:00,008 | INFO  | OMAudit | user=runner | ip=127.0.0.1 | op=CREATE_BUCKET {"volume":"6e732959-b219-4cc9-8dd5-d4c6f99d698e","bucket":"44a59f68-76f4-4fb3-8457-7c021c5cffa0","bucketLayout":"OBJECT_STORE","gdprEnabled":null,"acls":"[user:runner:a[ACCESS], group:runner:rl[ACCESS]]","isVersionEnabled":"false","storageType":"DISK","creationTime":"1760698980007","bucketEncryptionKey":null,"modificationTime":"1760698980007","usedBytes":"0","usedNamespace":"0","snapshotUsedBytes":"0","snapshotUsedNamespace":"0","owner":"runner","replicationType":null,"replicationConfig":null,"quotaInBytes":"-1","quotaInNamespace":"-1","Transaction":"1499"} | ret=SUCCESS |  
2025-10-17 11:03:00,009 | INFO  | OMAudit | user=runner | ip=127.0.0.1 | op=READ_BUCKET {"volume":"6e732959-b219-4cc9-8dd5-d4c6f99d698e","bucket":"44a59f68-76f4-4fb3-8457-7c021c5cffa0"} | ret=SUCCESS |  
2025-10-17 11:03:00,012 | INFO  | OMAudit | user=runner | ip=127.0.0.1 | op=INITIATE_MULTIPART_UPLOAD {"volume":"6e732959-b219-4cc9-8dd5-d4c6f99d698e","bucket":"44a59f68-76f4-4fb3-8457-7c021c5cffa0","key":"012e5bb4-49d2-416a-bb71-44447b01f0b5","dataSize":"0","replicationType":"RATIS","replicationFactor":"ONE","uploadID":"0199f1d6-56aa-7dbc-9605-69e8ce69c847-115389168353935728","Transaction":"1500"} | ret=SUCCESS |  
2025-10-17 11:03:00,016 | INFO  | OMAudit | user=runner | ip=127.0.0.1 | op=ALLOCATE_KEY {"volume":"6e732959-b219-4cc9-8dd5-d4c6f99d698e","bucket":"44a59f68-76f4-4fb3-8457-7c021c5cffa0","key":"012e5bb4-49d2-416a-bb71-44447b01f0b5","dataSize":"5242880","Transaction":"1501"} | ret=SUCCESS |  
2025-10-17 11:03:00,020 | INFO  | SCMAudit | user=runner | ip=127.0.0.1 | op=ALLOCATE_BLOCK {"replication":"RATIS/ONE","owner":"omServiceIdDefault","size":"4194304","sampleBlocks":"[conID: 14 locID: 115816896921600394]","num":"1","client":"","allocated":"1"} | ret=SUCCESS |  
2025-10-17 11:03:00,023 | INFO  | OMAudit | user=runner | ip=127.0.0.1 | op=ALLOCATE_BLOCK {"volume":"6e732959-b219-4cc9-8dd5-d4c6f99d698e","bucket":"44a59f68-76f4-4fb3-8457-7c021c5cffa0","key":"012e5bb4-49d2-416a-bb71-44447b01f0b5","dataSize":"5242880","replicationType":"RATIS","replicationFactor":"ONE","clientID":"115389168354263409","Transaction":"1502"} | ret=SUCCESS |  
2025-10-17 11:03:00,033 | INFO  | SCMAudit | user=runner | ip=127.0.0.1 | op=SEND_HEARTBEAT {"datanodeUUID":"309ab1ff-9f5a-4058-8b2f-94d451ce5267","term":"2","command":"[]"} | ret=SUCCESS |  
2025-10-17 11:03:00,045 | INFO  | SCMAudit | user=runner | ip=127.0.0.1 | op=ALLOCATE_BLOCK {"replication":"RATIS/ONE","owner":"omServiceIdDefault","size":"4194304","sampleBlocks":"[conID: 5 locID: 115816896921600395]","num":"1","client":"","allocated":"1"} | ret=SUCCESS |  
2025-10-17 11:03:00,046 | INFO  | OMAudit | user=runner | ip=127.0.0.1 | op=ALLOCATE_BLOCK {"volume":"6e732959-b219-4cc9-8dd5-d4c6f99d698e","bucket":"44a59f68-76f4-4fb3-8457-7c021c5cffa0","key":"012e5bb4-49d2-416a-bb71-44447b01f0b5","dataSize":"5242880","replicationType":"RATIS","replicationFactor":"ONE","clientID":"115389168354263409","Transaction":"1503"} | ret=SUCCESS |  
2025-10-17 11:03:00,054 [om1-OMDoubleBufferFlushThread] INFO  db.RDBCheckpointManager (RDBCheckpointManager.java:createCheckpoint(87)) - Created checkpoint in rocksDB at /home/runner/work/ozone/ozone/hadoop-ozone/integration-test/target/test-dir/MiniOzoneClusterImpl-d1ffa5d3-3301-45c3-9f44-1ffa6967d237/om/data/db.snapshots/checkpointState/om.db-8cbe5ade-14af-4a31-9108-7fa363b043df in 48 milliseconds
2025-10-17 11:03:00,059 | INFO  | OMAudit | user=runner | ip=127.0.0.1 | op=COMMIT_MULTIPART_UPLOAD_PARTKEY {"volume":"6e732959-b219-4cc9-8dd5-d4c6f99d698e","bucket":"44a59f68-76f4-4fb3-8457-7c021c5cffa0","key":"012e5bb4-49d2-416a-bb71-44447b01f0b5","dataSize":"5242880","ETag":"5ec9ae7549d12b830c2796d79d95cb39","uploadID":"0199f1d6-56aa-7dbc-9605-69e8ce69c847-115389168353935728","partNumber":"1","partName":"/6e732959-b219-4cc9-8dd5-d4c6f99d698e/44a59f68-76f4-4fb3-8457-7c021c5cffa0/012e5bb4-49d2-416a-bb71-44447b01f0b5-0199f1d6-56aa-7dbc-9605-69e8ce69c847-115389168353935728-1","Transaction":"1504"} | ret=SUCCESS |  
2025-10-17 11:03:00,061 | INFO  | OMAudit | user=runner | ip=127.0.0.1 | op=ALLOCATE_KEY {"volume":"6e732959-b219-4cc9-8dd5-d4c6f99d698e","bucket":"44a59f68-76f4-4fb3-8457-7c021c5cffa0","key":"012e5bb4-49d2-416a-bb71-44447b01f0b5","dataSize":"5242880","Transaction":"1505"} | ret=SUCCESS |  
2025-10-17 11:03:00,062 | INFO  | SCMAudit | user=runner | ip=127.0.0.1 | op=ALLOCATE_BLOCK {"replication":"RATIS/ONE","owner":"omServiceIdDefault","size":"4194304","sampleBlocks":"[conID: 12 locID: 115816896921600396]","num":"1","client":"","allocated":"1"} | ret=SUCCESS |  
2025-10-17 11:03:00,064 | INFO  | OMAudit | user=runner | ip=127.0.0.1 | op=ALLOCATE_BLOCK {"volume":"6e732959-b219-4cc9-8dd5-d4c6f99d698e","bucket":"44a59f68-76f4-4fb3-8457-7c021c5cffa0","key":"012e5bb4-49d2-416a-bb71-44447b01f0b5","dataSize":"5242880","replicationType":"RATIS","replicationFactor":"ONE","clientID":"115389168357212530","Transaction":"1506"} | ret=SUCCESS |  
2025-10-17 11:03:00,073 [om1-OMDoubleBufferFlushThread] INFO  om.OmSnapshotManager (OmSnapshotManager.java:createOmSnapshotCheckpoint(545)) - Created checkpoint: /home/runner/work/ozone/ozone/hadoop-ozone/integration-test/target/test-dir/MiniOzoneClusterImpl-d1ffa5d3-3301-45c3-9f44-1ffa6967d237/om/data/db.snapshots/checkpointState/om.db-8cbe5ade-14af-4a31-9108-7fa363b043df for snapshot /vol-a-69739/buc-b-13213/snapshot-b-4-95886
2025-10-17 11:03:00,082 | INFO  | SCMAudit | user=runner | ip=127.0.0.1 | op=ALLOCATE_BLOCK {"replication":"RATIS/ONE","owner":"omServiceIdDefault","size":"4194304","sampleBlocks":"[conID: 4 locID: 115816896921600397]","num":"1","client":"","allocated":"1"} | ret=SUCCESS |  
2025-10-17 11:03:00,084 | INFO  | OMAudit | user=runner | ip=127.0.0.1 | op=ALLOCATE_BLOCK {"volume":"6e732959-b219-4cc9-8dd5-d4c6f99d698e","bucket":"44a59f68-76f4-4fb3-8457-7c021c5cffa0","key":"012e5bb4-49d2-416a-bb71-44447b01f0b5","dataSize":"5242880","replicationType":"RATIS","replicationFactor":"ONE","clientID":"115389168357212530","Transaction":"1507"} | ret=SUCCESS |  
2025-10-17 11:03:00,097 | INFO  | OMAudit | user=runner | ip=127.0.0.1 | op=COMMIT_MULTIPART_UPLOAD_PARTKEY {"volume":"6e732959-b219-4cc9-8dd5-d4c6f99d698e","bucket":"44a59f68-76f4-4fb3-8457-7c021c5cffa0","key":"012e5bb4-49d2-416a-bb71-44447b01f0b5","dataSize":"5242880","ETag":"5ec9ae7549d12b830c2796d79d95cb39","uploadID":"0199f1d6-56aa-7dbc-9605-69e8ce69c847-115389168353935728","partNumber":"2","partName":"/6e732959-b219-4cc9-8dd5-d4c6f99d698e/44a59f68-76f4-4fb3-8457-7c021c5cffa0/012e5bb4-49d2-416a-bb71-44447b01f0b5-0199f1d6-56aa-7dbc-9605-69e8ce69c847-115389168353935728-2","Transaction":"1508"} | ret=SUCCESS |  
2025-10-17 11:03:00,099 | INFO  | OMAudit | user=runner | ip=127.0.0.1 | op=ALLOCATE_KEY {"volume":"6e732959-b219-4cc9-8dd5-d4c6f99d698e","bucket":"44a59f68-76f4-4fb3-8457-7c021c5cffa0","key":"012e5bb4-49d2-416a-bb71-44447b01f0b5","dataSize":"36","Transaction":"1509"} | ret=SUCCESS |  
2025-10-17 11:03:00,101 | INFO  | SCMAudit | user=runner | ip=127.0.0.1 | op=ALLOCATE_BLOCK {"replication":"RATIS/ONE","owner":"omServiceIdDefault","size":"4194304","sampleBlocks":"[conID: 10 locID: 115816896921600398]","num":"1","client":"","allocated":"1"} | ret=SUCCESS |  
2025-10-17 11:03:00,102 | INFO  | OMAudit | user=runner | ip=127.0.0.1 | op=ALLOCATE_BLOCK {"volume":"6e732959-b219-4cc9-8dd5-d4c6f99d698e","bucket":"44a59f68-76f4-4fb3-8457-7c021c5cffa0","key":"012e5bb4-49d2-416a-bb71-44447b01f0b5","dataSize":"36","replicationType":"RATIS","replicationFactor":"ONE","clientID":"115389168359702899","Transaction":"1510"} | ret=SUCCESS |  
2025-10-17 11:03:00,110 | INFO  | OMAudit | user=runner | ip=127.0.0.1 | op=COMMIT_MULTIPART_UPLOAD_PARTKEY {"volume":"6e732959-b219-4cc9-8dd5-d4c6f99d698e","bucket":"44a59f68-76f4-4fb3-8457-7c021c5cffa0","key":"012e5bb4-49d2-416a-bb71-44447b01f0b5","dataSize":"36","ETag":"7a154905bb9806f5016b974123da7c29","uploadID":"0199f1d6-56aa-7dbc-9605-69e8ce69c847-115389168353935728","partNumber":"3","partName":"/6e732959-b219-4cc9-8dd5-d4c6f99d698e/44a59f68-76f4-4fb3-8457-7c021c5cffa0/012e5bb4-49d2-416a-bb71-44447b01f0b5-0199f1d6-56aa-7dbc-9605-69e8ce69c847-115389168353935728-3","Transaction":"1511"} | ret=SUCCESS |  
2025-10-17 11:03:00,112 [om1-OMDoubleBufferFlushThread] INFO  db.RDBCheckpointManager (RDBCheckpointManager.java:createCheckpoint(87)) - Created checkpoint in rocksDB at /home/runner/work/ozone/ozone/hadoop-ozone/integration-test/target/test-dir/MiniOzoneClusterImpl-d1ffa5d3-3301-45c3-9f44-1ffa6967d237/om/data/db.snapshots/checkpointState/om.db-d0d90f7f-7fad-4521-8e9c-7213b47fce4b in 37 milliseconds
2025-10-17 11:03:00,112 | INFO  | OMAudit | user=runner | ip=127.0.0.1 | op=COMPLETE_MULTIPART_UPLOAD {"volume":"6e732959-b219-4cc9-8dd5-d4c6f99d698e","bucket":"44a59f68-76f4-4fb3-8457-7c021c5cffa0","key":"012e5bb4-49d2-416a-bb71-44447b01f0b5","dataSize":"0","uploadID":"0199f1d6-56aa-7dbc-9605-69e8ce69c847-115389168353935728","multipartList":"[partNumber: 1 partName: \"5ec9ae7549d12b830c2796d79d95cb39\" eTag: \"5ec9ae7549d12b830c2796d79d95cb39\" , partNumber: 2 partName: \"5ec9ae7549d12b830c2796d79d95cb39\" eTag: \"5ec9ae7549d12b830c2796d79d95cb39\" , partNumber: 3 partName: \"7a154905bb9806f5016b974123da7c29\" eTag: \"7a154905bb9806f5016b974123da7c29\" ]","Transaction":"1512"} | ret=SUCCESS |  
2025-10-17 11:03:00,114 | INFO  | OMAudit | user=runner | ip=127.0.0.1 | op=READ_KEY {"volume":"6e732959-b219-4cc9-8dd5-d4c6f99d698e","bucket":"44a59f68-76f4-4fb3-8457-7c021c5cffa0","key":"012e5bb4-49d2-416a-bb71-44447b01f0b5","owner":null,"dataSize":"0","replicationConfig":null} | ret=SUCCESS |  
2025-10-17 11:03:00,140 [om1-OMDoubleBufferFlushThread] INFO  om.OmSnapshotManager (OmSnapshotManager.java:createOmSnapshotCheckpoint(545)) - Created checkpoint: /home/runner/work/ozone/ozone/hadoop-ozone/integration-test/target/test-dir/MiniOzoneClusterImpl-d1ffa5d3-3301-45c3-9f44-1ffa6967d237/om/data/db.snapshots/checkpointState/om.db-d0d90f7f-7fad-4521-8e9c-7213b47fce4b for snapshot /vol-b-67769/buc-a-45378/snapshot-b-4-14769
2025-10-17 11:03:00,176 | INFO  | SCMAudit | user=runner | ip=127.0.0.1 | op=GET_CONTAINER_WITH_PIPELINE_BATCH {"containerIDs":"#4,#5,#10,#12,#14,"} | ret=SUCCESS |  
2025-10-17 11:03:00,177 | INFO  | OMAudit | user=null | ip= | op=READ_KEY {"volume":"6e732959-b219-4cc9-8dd5-d4c6f99d698e","bucket":"44a59f68-76f4-4fb3-8457-7c021c5cffa0","key":"012e5bb4-49d2-416a-bb71-44447b01f0b5","owner":null,"dataSize":"0","replicationConfig":null} | ret=SUCCESS |  
2025-10-17 11:03:00,178 | INFO  | SCMAudit | user=runner | ip=127.0.0.1 | op=GET_CONTAINER {"containerID":"14"} | ret=SUCCESS |  
2025-10-17 11:03:00,178 | INFO  | SCMAudit | user=runner | ip=127.0.0.1 | op=GET_CONTAINER {"containerID":"5"} | ret=SUCCESS |  
2025-10-17 11:03:00,180 | INFO  | SCMAudit | user=runner | ip=127.0.0.1 | op=GET_CONTAINER {"containerID":"12"} | ret=SUCCESS |  
2025-10-17 11:03:00,180 | INFO  | SCMAudit | user=runner | ip=127.0.0.1 | op=GET_CONTAINER {"containerID":"4"} | ret=SUCCESS |  
2025-10-17 11:03:00,181 [om1-OMDoubleBufferFlushThread] INFO  db.RDBCheckpointManager (RDBCheckpointManager.java:createCheckpoint(87)) - Created checkpoint in rocksDB at /home/runner/work/ozone/ozone/hadoop-ozone/integration-test/target/test-dir/MiniOzoneClusterImpl-d1ffa5d3-3301-45c3-9f44-1ffa6967d237/om/data/db.snapshots/checkpointState/om.db-9f5e0624-f759-4c89-9044-f5e070abc5eb in 38 milliseconds
2025-10-17 11:03:00,181 | INFO  | SCMAudit | user=runner | ip=127.0.0.1 | op=GET_CONTAINER {"containerID":"10"} | ret=SUCCESS |  
]]></system-out>
  </testcase>
  <testcase name="testMultipartUploadWithTags(ReplicationConfig)[2]" classname="org.apache.hadoop.ozone.client.rpc.TestSecureOzoneRpcClient" time="0.344">
    <system-out><![CDATA[2025-10-17 11:03:00,193 [ForkJoinPool-1-worker-1] INFO  rpc.RpcClient (RpcClient.java:createVolume(461)) - Creating Volume: 19a74ed6-fda9-43a2-98a1-332a02cfe13e, with runner as owner and space quota set to -1 bytes, counts quota set to -1
2025-10-17 11:03:00,195 [om1-OMStateMachineApplyTransactionThread - 0] INFO  volume.OMVolumeCreateRequest (OMVolumeCreateRequest.java:validateAndUpdateCache(213)) - created volume:19a74ed6-fda9-43a2-98a1-332a02cfe13e for user:runner
2025-10-17 11:03:00,195 | INFO  | OMAudit | user=runner | ip=127.0.0.1 | op=CREATE_VOLUME {"admin":"runner","owner":"runner","volume":"19a74ed6-fda9-43a2-98a1-332a02cfe13e","creationTime":"1760698980194","modificationTime":"1760698980194","quotaInBytes":"-1","quotaInNamespace":"-1","usedNamespace":"0","objectID":"-9223372036854388480","updateID":"1513","Transaction":"1513"} | ret=SUCCESS |  
2025-10-17 11:03:00,196 | INFO  | OMAudit | user=runner | ip=127.0.0.1 | op=READ_VOLUME {"volume":"19a74ed6-fda9-43a2-98a1-332a02cfe13e"} | ret=SUCCESS |  
2025-10-17 11:03:00,196 [ForkJoinPool-1-worker-1] INFO  rpc.RpcClient (RpcClient.java:createBucket(686)) - Creating Bucket: 19a74ed6-fda9-43a2-98a1-332a02cfe13e/e209bfac-e9e5-4171-b6f3-f85f3abeaad5, with bucket layout OBJECT_STORE, runner as owner, Versioning false, Storage Type set to DISK and Encryption set to false, Replication Type set to server-side default replication type, Namespace Quota set to -1, Space Quota set to -1 
2025-10-17 11:03:00,198 [om1-OMStateMachineApplyTransactionThread - 0] INFO  bucket.OMBucketCreateRequest (OMBucketCreateRequest.java:validateAndUpdateCache(303)) - created bucket: e209bfac-e9e5-4171-b6f3-f85f3abeaad5 of layout OBJECT_STORE in volume: 19a74ed6-fda9-43a2-98a1-332a02cfe13e
2025-10-17 11:03:00,198 | INFO  | OMAudit | user=runner | ip=127.0.0.1 | op=CREATE_BUCKET {"volume":"19a74ed6-fda9-43a2-98a1-332a02cfe13e","bucket":"e209bfac-e9e5-4171-b6f3-f85f3abeaad5","bucketLayout":"OBJECT_STORE","gdprEnabled":null,"acls":"[user:runner:a[ACCESS], group:runner:rl[ACCESS]]","isVersionEnabled":"false","storageType":"DISK","creationTime":"1760698980197","bucketEncryptionKey":null,"modificationTime":"1760698980197","usedBytes":"0","usedNamespace":"0","snapshotUsedBytes":"0","snapshotUsedNamespace":"0","owner":"runner","replicationType":null,"replicationConfig":null,"quotaInBytes":"-1","quotaInNamespace":"-1","Transaction":"1514"} | ret=SUCCESS |  
2025-10-17 11:03:00,199 | INFO  | OMAudit | user=runner | ip=127.0.0.1 | op=READ_BUCKET {"volume":"19a74ed6-fda9-43a2-98a1-332a02cfe13e","bucket":"e209bfac-e9e5-4171-b6f3-f85f3abeaad5"} | ret=SUCCESS |  
2025-10-17 11:03:00,201 | INFO  | OMAudit | user=runner | ip=127.0.0.1 | op=INITIATE_MULTIPART_UPLOAD {"volume":"19a74ed6-fda9-43a2-98a1-332a02cfe13e","bucket":"e209bfac-e9e5-4171-b6f3-f85f3abeaad5","key":"287d3f71-1c09-414d-92a5-4b2cce32c677","dataSize":"0","replicationType":"RATIS","replicationFactor":"THREE","uploadID":"0199f1d6-5768-794b-88a2-2bb80d077a1d-115389168366387572","Transaction":"1515"} | ret=SUCCESS |  
2025-10-17 11:03:00,204 [om1-OMDoubleBufferFlushThread] INFO  om.OmSnapshotManager (OmSnapshotManager.java:createOmSnapshotCheckpoint(545)) - Created checkpoint: /home/runner/work/ozone/ozone/hadoop-ozone/integration-test/target/test-dir/MiniOzoneClusterImpl-d1ffa5d3-3301-45c3-9f44-1ffa6967d237/om/data/db.snapshots/checkpointState/om.db-9f5e0624-f759-4c89-9044-f5e070abc5eb for snapshot /vol-b-67769/buc-b-13213/snapshot-b-4-98288
2025-10-17 11:03:00,204 | INFO  | OMAudit | user=runner | ip=127.0.0.1 | op=ALLOCATE_KEY {"volume":"19a74ed6-fda9-43a2-98a1-332a02cfe13e","bucket":"e209bfac-e9e5-4171-b6f3-f85f3abeaad5","key":"287d3f71-1c09-414d-92a5-4b2cce32c677","dataSize":"5242880","Transaction":"1516"} | ret=SUCCESS |  
2025-10-17 11:03:00,205 | INFO  | SCMAudit | user=runner | ip=127.0.0.1 | op=ALLOCATE_BLOCK {"replication":"RATIS/THREE","owner":"omServiceIdDefault","size":"4194304","sampleBlocks":"[conID: 22 locID: 115816896921600399]","num":"1","client":"","allocated":"1"} | ret=SUCCESS |  
2025-10-17 11:03:00,207 | INFO  | OMAudit | user=runner | ip=127.0.0.1 | op=ALLOCATE_BLOCK {"volume":"19a74ed6-fda9-43a2-98a1-332a02cfe13e","bucket":"e209bfac-e9e5-4171-b6f3-f85f3abeaad5","key":"287d3f71-1c09-414d-92a5-4b2cce32c677","dataSize":"5242880","replicationType":"RATIS","replicationFactor":"THREE","clientID":"115389168366584181","Transaction":"1517"} | ret=SUCCESS |  
2025-10-17 11:03:00,222 | INFO  | SCMAudit | user=runner | ip=127.0.0.1 | op=SEND_HEARTBEAT {"datanodeUUID":"50dccd39-549f-4f43-8b1f-597bf98f9c16","term":"2","command":"[]"} | ret=SUCCESS |  
2025-10-17 11:03:00,263 | INFO  | SCMAudit | user=runner | ip=127.0.0.1 | op=SEND_HEARTBEAT {"datanodeUUID":"7995ae7b-77ec-4e72-809d-814459f62ee0","term":"2","command":"[]"} | ret=SUCCESS |  
2025-10-17 11:03:00,263 | INFO  | SCMAudit | user=runner | ip=127.0.0.1 | op=SEND_HEARTBEAT {"datanodeUUID":"99c47355-c013-4450-a734-aff6d3c99677","term":"2","command":"[]"} | ret=SUCCESS |  
2025-10-17 11:03:00,265 | INFO  | SCMAudit | user=runner | ip=127.0.0.1 | op=ALLOCATE_BLOCK {"replication":"RATIS/THREE","owner":"omServiceIdDefault","size":"4194304","sampleBlocks":"[conID: 20 locID: 115816896921600400]","num":"1","client":"","allocated":"1"} | ret=SUCCESS |  
2025-10-17 11:03:00,269 | INFO  | SCMAudit | user=runner | ip=127.0.0.1 | op=SEND_HEARTBEAT {"datanodeUUID":"718bfa29-2c47-4ab5-ac61-3dfe9c6b9d5c","term":"2","command":"[]"} | ret=SUCCESS |  
2025-10-17 11:03:00,273 | INFO  | OMAudit | user=runner | ip=127.0.0.1 | op=ALLOCATE_BLOCK {"volume":"19a74ed6-fda9-43a2-98a1-332a02cfe13e","bucket":"e209bfac-e9e5-4171-b6f3-f85f3abeaad5","key":"287d3f71-1c09-414d-92a5-4b2cce32c677","dataSize":"5242880","replicationType":"RATIS","replicationFactor":"THREE","clientID":"115389168366584181","Transaction":"1518"} | ret=SUCCESS |  
2025-10-17 11:03:00,287 [om1-OMDoubleBufferFlushThread] INFO  db.RDBCheckpointManager (RDBCheckpointManager.java:createCheckpoint(87)) - Created checkpoint in rocksDB at /home/runner/work/ozone/ozone/hadoop-ozone/integration-test/target/test-dir/MiniOzoneClusterImpl-d1ffa5d3-3301-45c3-9f44-1ffa6967d237/om/data/db.snapshots/checkpointState/om.db-6d645419-ad84-4535-a244-62db26e214a1 in 81 milliseconds
2025-10-17 11:03:00,311 | INFO  | OMAudit | user=runner | ip=127.0.0.1 | op=COMMIT_MULTIPART_UPLOAD_PARTKEY {"volume":"19a74ed6-fda9-43a2-98a1-332a02cfe13e","bucket":"e209bfac-e9e5-4171-b6f3-f85f3abeaad5","key":"287d3f71-1c09-414d-92a5-4b2cce32c677","dataSize":"5242880","ETag":"5ec9ae7549d12b830c2796d79d95cb39","uploadID":"0199f1d6-5768-794b-88a2-2bb80d077a1d-115389168366387572","partNumber":"1","partName":"/19a74ed6-fda9-43a2-98a1-332a02cfe13e/e209bfac-e9e5-4171-b6f3-f85f3abeaad5/287d3f71-1c09-414d-92a5-4b2cce32c677-0199f1d6-5768-794b-88a2-2bb80d077a1d-115389168366387572-1","Transaction":"1519"} | ret=SUCCESS |  
2025-10-17 11:03:00,314 [om1-OMDoubleBufferFlushThread] INFO  om.OmSnapshotManager (OmSnapshotManager.java:createOmSnapshotCheckpoint(545)) - Created checkpoint: /home/runner/work/ozone/ozone/hadoop-ozone/integration-test/target/test-dir/MiniOzoneClusterImpl-d1ffa5d3-3301-45c3-9f44-1ffa6967d237/om/data/db.snapshots/checkpointState/om.db-6d645419-ad84-4535-a244-62db26e214a1 for snapshot /vol-a-69739/buc-a-45378/snapshot-b-5-02719
2025-10-17 11:03:00,315 | INFO  | OMAudit | user=runner | ip=127.0.0.1 | op=ALLOCATE_KEY {"volume":"19a74ed6-fda9-43a2-98a1-332a02cfe13e","bucket":"e209bfac-e9e5-4171-b6f3-f85f3abeaad5","key":"287d3f71-1c09-414d-92a5-4b2cce32c677","dataSize":"5242880","Transaction":"1520"} | ret=SUCCESS |  
2025-10-17 11:03:00,318 | INFO  | SCMAudit | user=runner | ip=127.0.0.1 | op=ALLOCATE_BLOCK {"replication":"RATIS/THREE","owner":"omServiceIdDefault","size":"4194304","sampleBlocks":"[conID: 16 locID: 115816896921600401]","num":"1","client":"","allocated":"1"} | ret=SUCCESS |  
2025-10-17 11:03:00,321 | INFO  | OMAudit | user=runner | ip=127.0.0.1 | op=ALLOCATE_BLOCK {"volume":"19a74ed6-fda9-43a2-98a1-332a02cfe13e","bucket":"e209bfac-e9e5-4171-b6f3-f85f3abeaad5","key":"287d3f71-1c09-414d-92a5-4b2cce32c677","dataSize":"5242880","replicationType":"RATIS","replicationFactor":"THREE","clientID":"115389168373858678","Transaction":"1521"} | ret=SUCCESS |  
2025-10-17 11:03:00,372 | INFO  | SCMAudit | user=runner | ip=127.0.0.1 | op=ALLOCATE_BLOCK {"replication":"RATIS/THREE","owner":"omServiceIdDefault","size":"4194304","sampleBlocks":"[conID: 16 locID: 115816896921600402]","num":"1","client":"","allocated":"1"} | ret=SUCCESS |  
2025-10-17 11:03:00,375 | INFO  | OMAudit | user=runner | ip=127.0.0.1 | op=ALLOCATE_BLOCK {"volume":"19a74ed6-fda9-43a2-98a1-332a02cfe13e","bucket":"e209bfac-e9e5-4171-b6f3-f85f3abeaad5","key":"287d3f71-1c09-414d-92a5-4b2cce32c677","dataSize":"5242880","replicationType":"RATIS","replicationFactor":"THREE","clientID":"115389168373858678","Transaction":"1522"} | ret=SUCCESS |  
2025-10-17 11:03:00,409 [om1-OMDoubleBufferFlushThread] INFO  db.RDBCheckpointManager (RDBCheckpointManager.java:createCheckpoint(87)) - Created checkpoint in rocksDB at /home/runner/work/ozone/ozone/hadoop-ozone/integration-test/target/test-dir/MiniOzoneClusterImpl-d1ffa5d3-3301-45c3-9f44-1ffa6967d237/om/data/db.snapshots/checkpointState/om.db-7decf507-773f-4b4d-a83c-991b6f30e9ce in 93 milliseconds
2025-10-17 11:03:00,411 | INFO  | OMAudit | user=runner | ip=127.0.0.1 | op=COMMIT_MULTIPART_UPLOAD_PARTKEY {"volume":"19a74ed6-fda9-43a2-98a1-332a02cfe13e","bucket":"e209bfac-e9e5-4171-b6f3-f85f3abeaad5","key":"287d3f71-1c09-414d-92a5-4b2cce32c677","dataSize":"5242880","ETag":"5ec9ae7549d12b830c2796d79d95cb39","uploadID":"0199f1d6-5768-794b-88a2-2bb80d077a1d-115389168366387572","partNumber":"2","partName":"/19a74ed6-fda9-43a2-98a1-332a02cfe13e/e209bfac-e9e5-4171-b6f3-f85f3abeaad5/287d3f71-1c09-414d-92a5-4b2cce32c677-0199f1d6-5768-794b-88a2-2bb80d077a1d-115389168366387572-2","Transaction":"1523"} | ret=SUCCESS |  
2025-10-17 11:03:00,417 | INFO  | OMAudit | user=runner | ip=127.0.0.1 | op=ALLOCATE_KEY {"volume":"19a74ed6-fda9-43a2-98a1-332a02cfe13e","bucket":"e209bfac-e9e5-4171-b6f3-f85f3abeaad5","key":"287d3f71-1c09-414d-92a5-4b2cce32c677","dataSize":"36","Transaction":"1524"} | ret=SUCCESS |  
2025-10-17 11:03:00,420 | INFO  | SCMAudit | user=runner | ip=127.0.0.1 | op=ALLOCATE_BLOCK {"replication":"RATIS/THREE","owner":"omServiceIdDefault","size":"4194304","sampleBlocks":"[conID: 15 locID: 115816896921600403]","num":"1","client":"","allocated":"1"} | ret=SUCCESS |  
2025-10-17 11:03:00,424 | INFO  | OMAudit | user=runner | ip=127.0.0.1 | op=ALLOCATE_BLOCK {"volume":"19a74ed6-fda9-43a2-98a1-332a02cfe13e","bucket":"e209bfac-e9e5-4171-b6f3-f85f3abeaad5","key":"287d3f71-1c09-414d-92a5-4b2cce32c677","dataSize":"36","replicationType":"RATIS","replicationFactor":"THREE","clientID":"115389168380412279","Transaction":"1525"} | ret=SUCCESS |  
2025-10-17 11:03:00,443 [om1-OMDoubleBufferFlushThread] INFO  om.OmSnapshotManager (OmSnapshotManager.java:createOmSnapshotCheckpoint(545)) - Created checkpoint: /home/runner/work/ozone/ozone/hadoop-ozone/integration-test/target/test-dir/MiniOzoneClusterImpl-d1ffa5d3-3301-45c3-9f44-1ffa6967d237/om/data/db.snapshots/checkpointState/om.db-7decf507-773f-4b4d-a83c-991b6f30e9ce for snapshot /vol-a-69739/buc-b-13213/snapshot-b-5-78286
2025-10-17 11:03:00,449 | INFO  | OMAudit | user=runner | ip=127.0.0.1 | op=COMMIT_MULTIPART_UPLOAD_PARTKEY {"volume":"19a74ed6-fda9-43a2-98a1-332a02cfe13e","bucket":"e209bfac-e9e5-4171-b6f3-f85f3abeaad5","key":"287d3f71-1c09-414d-92a5-4b2cce32c677","dataSize":"36","ETag":"49f9f4a0fc0d2d611489155044f956b3","uploadID":"0199f1d6-5768-794b-88a2-2bb80d077a1d-115389168366387572","partNumber":"3","partName":"/19a74ed6-fda9-43a2-98a1-332a02cfe13e/e209bfac-e9e5-4171-b6f3-f85f3abeaad5/287d3f71-1c09-414d-92a5-4b2cce32c677-0199f1d6-5768-794b-88a2-2bb80d077a1d-115389168366387572-3","Transaction":"1526"} | ret=SUCCESS |  
2025-10-17 11:03:00,454 | INFO  | OMAudit | user=runner | ip=127.0.0.1 | op=COMPLETE_MULTIPART_UPLOAD {"volume":"19a74ed6-fda9-43a2-98a1-332a02cfe13e","bucket":"e209bfac-e9e5-4171-b6f3-f85f3abeaad5","key":"287d3f71-1c09-414d-92a5-4b2cce32c677","dataSize":"0","uploadID":"0199f1d6-5768-794b-88a2-2bb80d077a1d-115389168366387572","multipartList":"[partNumber: 1 partName: \"5ec9ae7549d12b830c2796d79d95cb39\" eTag: \"5ec9ae7549d12b830c2796d79d95cb39\" , partNumber: 2 partName: \"5ec9ae7549d12b830c2796d79d95cb39\" eTag: \"5ec9ae7549d12b830c2796d79d95cb39\" , partNumber: 3 partName: \"49f9f4a0fc0d2d611489155044f956b3\" eTag: \"49f9f4a0fc0d2d611489155044f956b3\" ]","Transaction":"1527"} | ret=SUCCESS |  
2025-10-17 11:03:00,458 | INFO  | SCMAudit | user=runner | ip=127.0.0.1 | op=GET_CONTAINER_WITH_PIPELINE_BATCH {"containerIDs":"#20,"} | ret=SUCCESS |  
2025-10-17 11:03:00,459 | INFO  | OMAudit | user=runner | ip=127.0.0.1 | op=READ_KEY {"volume":"19a74ed6-fda9-43a2-98a1-332a02cfe13e","bucket":"e209bfac-e9e5-4171-b6f3-f85f3abeaad5","key":"287d3f71-1c09-414d-92a5-4b2cce32c677","owner":null,"dataSize":"0","replicationConfig":null} | ret=SUCCESS |  
2025-10-17 11:03:00,491 [om1-OMDoubleBufferFlushThread] INFO  db.RDBCheckpointManager (RDBCheckpointManager.java:createCheckpoint(87)) - Created checkpoint in rocksDB at /home/runner/work/ozone/ozone/hadoop-ozone/integration-test/target/test-dir/MiniOzoneClusterImpl-d1ffa5d3-3301-45c3-9f44-1ffa6967d237/om/data/db.snapshots/checkpointState/om.db-d2c47388-b46d-4088-88c8-4a8a6b343616 in 46 milliseconds
2025-10-17 11:03:00,517 [om1-OMDoubleBufferFlushThread] INFO  om.OmSnapshotManager (OmSnapshotManager.java:createOmSnapshotCheckpoint(545)) - Created checkpoint: /home/runner/work/ozone/ozone/hadoop-ozone/integration-test/target/test-dir/MiniOzoneClusterImpl-d1ffa5d3-3301-45c3-9f44-1ffa6967d237/om/data/db.snapshots/checkpointState/om.db-d2c47388-b46d-4088-88c8-4a8a6b343616 for snapshot /vol-b-67769/buc-a-45378/snapshot-b-5-70304
2025-10-17 11:03:00,518 | INFO  | SCMAudit | user=runner | ip=127.0.0.1 | op=GET_CONTAINER_WITH_PIPELINE_BATCH {"containerIDs":"#16,#20,#22,#15,"} | ret=SUCCESS |  
2025-10-17 11:03:00,520 | INFO  | OMAudit | user=null | ip= | op=READ_KEY {"volume":"19a74ed6-fda9-43a2-98a1-332a02cfe13e","bucket":"e209bfac-e9e5-4171-b6f3-f85f3abeaad5","key":"287d3f71-1c09-414d-92a5-4b2cce32c677","owner":null,"dataSize":"0","replicationConfig":null} | ret=SUCCESS |  
2025-10-17 11:03:00,521 | INFO  | SCMAudit | user=runner | ip=127.0.0.1 | op=GET_CONTAINER {"containerID":"22"} | ret=SUCCESS |  
2025-10-17 11:03:00,522 | INFO  | SCMAudit | user=runner | ip=127.0.0.1 | op=GET_CONTAINER {"containerID":"20"} | ret=SUCCESS |  
2025-10-17 11:03:00,523 | INFO  | SCMAudit | user=runner | ip=127.0.0.1 | op=GET_CONTAINER {"containerID":"16"} | ret=SUCCESS |  
2025-10-17 11:03:00,523 | INFO  | SCMAudit | user=runner | ip=127.0.0.1 | op=GET_CONTAINER {"containerID":"16"} | ret=SUCCESS |  
2025-10-17 11:03:00,524 | INFO  | SCMAudit | user=runner | ip=127.0.0.1 | op=GET_CONTAINER {"containerID":"15"} | ret=SUCCESS |  
]]></system-out>
  </testcase>
  <testcase name="testMultipartUploadWithTags(ReplicationConfig)[3]" classname="org.apache.hadoop.ozone.client.rpc.TestSecureOzoneRpcClient" time="0.273">
    <system-out><![CDATA[2025-10-17 11:03:00,539 [ForkJoinPool-1-worker-1] INFO  rpc.RpcClient (RpcClient.java:createVolume(461)) - Creating Volume: deee3980-8a10-4791-96e8-1965945705ce, with runner as owner and space quota set to -1 bytes, counts quota set to -1
2025-10-17 11:03:00,541 [om1-OMStateMachineApplyTransactionThread - 0] INFO  volume.OMVolumeCreateRequest (OMVolumeCreateRequest.java:validateAndUpdateCache(213)) - created volume:deee3980-8a10-4791-96e8-1965945705ce for user:runner
2025-10-17 11:03:00,542 | INFO  | OMAudit | user=runner | ip=127.0.0.1 | op=CREATE_VOLUME {"admin":"runner","owner":"runner","volume":"deee3980-8a10-4791-96e8-1965945705ce","creationTime":"1760698980540","modificationTime":"1760698980540","quotaInBytes":"-1","quotaInNamespace":"-1","usedNamespace":"0","objectID":"-9223372036854384640","updateID":"1528","Transaction":"1528"} | ret=SUCCESS |  
2025-10-17 11:03:00,543 | INFO  | OMAudit | user=runner | ip=127.0.0.1 | op=READ_VOLUME {"volume":"deee3980-8a10-4791-96e8-1965945705ce"} | ret=SUCCESS |  
2025-10-17 11:03:00,543 [ForkJoinPool-1-worker-1] INFO  rpc.RpcClient (RpcClient.java:createBucket(686)) - Creating Bucket: deee3980-8a10-4791-96e8-1965945705ce/c7299e37-11f3-41b3-91b7-abedef4aaf4e, with bucket layout OBJECT_STORE, runner as owner, Versioning false, Storage Type set to DISK and Encryption set to false, Replication Type set to server-side default replication type, Namespace Quota set to -1, Space Quota set to -1 
2025-10-17 11:03:00,545 [om1-OMStateMachineApplyTransactionThread - 0] INFO  bucket.OMBucketCreateRequest (OMBucketCreateRequest.java:validateAndUpdateCache(303)) - created bucket: c7299e37-11f3-41b3-91b7-abedef4aaf4e of layout OBJECT_STORE in volume: deee3980-8a10-4791-96e8-1965945705ce
2025-10-17 11:03:00,545 | INFO  | OMAudit | user=runner | ip=127.0.0.1 | op=CREATE_BUCKET {"volume":"deee3980-8a10-4791-96e8-1965945705ce","bucket":"c7299e37-11f3-41b3-91b7-abedef4aaf4e","bucketLayout":"OBJECT_STORE","gdprEnabled":null,"acls":"[user:runner:a[ACCESS], group:runner:rl[ACCESS]]","isVersionEnabled":"false","storageType":"DISK","creationTime":"1760698980544","bucketEncryptionKey":null,"modificationTime":"1760698980544","usedBytes":"0","usedNamespace":"0","snapshotUsedBytes":"0","snapshotUsedNamespace":"0","owner":"runner","replicationType":null,"replicationConfig":null,"quotaInBytes":"-1","quotaInNamespace":"-1","Transaction":"1529"} | ret=SUCCESS |  
2025-10-17 11:03:00,546 | INFO  | OMAudit | user=runner | ip=127.0.0.1 | op=READ_BUCKET {"volume":"deee3980-8a10-4791-96e8-1965945705ce","bucket":"c7299e37-11f3-41b3-91b7-abedef4aaf4e"} | ret=SUCCESS |  
2025-10-17 11:03:00,550 | INFO  | OMAudit | user=runner | ip=127.0.0.1 | op=INITIATE_MULTIPART_UPLOAD {"volume":"deee3980-8a10-4791-96e8-1965945705ce","bucket":"c7299e37-11f3-41b3-91b7-abedef4aaf4e","key":"d293c533-65c8-44e1-b430-59130b17e00e","dataSize":"0","replicationType":"EC","replicationConfig":"rs-3-2-1048576","uploadID":"0199f1d6-58c3-7425-862f-036759b0d8ce-115389168389128568","Transaction":"1530"} | ret=SUCCESS |  
2025-10-17 11:03:00,556 | INFO  | OMAudit | user=runner | ip=127.0.0.1 | op=ALLOCATE_KEY {"volume":"deee3980-8a10-4791-96e8-1965945705ce","bucket":"c7299e37-11f3-41b3-91b7-abedef4aaf4e","key":"d293c533-65c8-44e1-b430-59130b17e00e","dataSize":"5242880","Transaction":"1531"} | ret=SUCCESS |  
2025-10-17 11:03:00,571 | INFO  | SCMAudit | user=runner | ip=127.0.0.1 | op=ALLOCATE_BLOCK {"replication":"EC{rs-3-2-1024k}","owner":"omServiceIdDefault","size":"4194304","sampleBlocks":"[conID: 26 locID: 115816896921600404]","num":"1","client":"","allocated":"1"} | ret=SUCCESS |  
2025-10-17 11:03:00,577 | INFO  | OMAudit | user=runner | ip=127.0.0.1 | op=ALLOCATE_BLOCK {"volume":"deee3980-8a10-4791-96e8-1965945705ce","bucket":"c7299e37-11f3-41b3-91b7-abedef4aaf4e","key":"d293c533-65c8-44e1-b430-59130b17e00e","dataSize":"5242880","replicationType":"EC","replicationConfig":"rs-3-2-1048576","clientID":"115389168389587321","Transaction":"1532"} | ret=SUCCESS |  
2025-10-17 11:03:00,582 [om1-OMDoubleBufferFlushThread] INFO  db.RDBCheckpointManager (RDBCheckpointManager.java:createCheckpoint(87)) - Created checkpoint in rocksDB at /home/runner/work/ozone/ozone/hadoop-ozone/integration-test/target/test-dir/MiniOzoneClusterImpl-d1ffa5d3-3301-45c3-9f44-1ffa6967d237/om/data/db.snapshots/checkpointState/om.db-ad054efa-4eb2-415b-a9ad-08c6b9a32660 in 61 milliseconds
2025-10-17 11:03:00,615 | INFO  | OMAudit | user=runner | ip=127.0.0.1 | op=COMMIT_MULTIPART_UPLOAD_PARTKEY {"volume":"deee3980-8a10-4791-96e8-1965945705ce","bucket":"c7299e37-11f3-41b3-91b7-abedef4aaf4e","key":"d293c533-65c8-44e1-b430-59130b17e00e","dataSize":"5242880","ETag":"5ec9ae7549d12b830c2796d79d95cb39","uploadID":"0199f1d6-58c3-7425-862f-036759b0d8ce-115389168389128568","partNumber":"1","partName":"/deee3980-8a10-4791-96e8-1965945705ce/c7299e37-11f3-41b3-91b7-abedef4aaf4e/d293c533-65c8-44e1-b430-59130b17e00e-0199f1d6-58c3-7425-862f-036759b0d8ce-115389168389128568-1","Transaction":"1533"} | ret=SUCCESS |  
2025-10-17 11:03:00,620 | INFO  | OMAudit | user=runner | ip=127.0.0.1 | op=ALLOCATE_KEY {"volume":"deee3980-8a10-4791-96e8-1965945705ce","bucket":"c7299e37-11f3-41b3-91b7-abedef4aaf4e","key":"d293c533-65c8-44e1-b430-59130b17e00e","dataSize":"5242880","Transaction":"1534"} | ret=SUCCESS |  
2025-10-17 11:03:00,624 [om1-OMDoubleBufferFlushThread] INFO  om.OmSnapshotManager (OmSnapshotManager.java:createOmSnapshotCheckpoint(545)) - Created checkpoint: /home/runner/work/ozone/ozone/hadoop-ozone/integration-test/target/test-dir/MiniOzoneClusterImpl-d1ffa5d3-3301-45c3-9f44-1ffa6967d237/om/data/db.snapshots/checkpointState/om.db-ad054efa-4eb2-415b-a9ad-08c6b9a32660 for snapshot /vol-b-67769/buc-b-13213/snapshot-b-5-43606
2025-10-17 11:03:00,634 | INFO  | SCMAudit | user=runner | ip=127.0.0.1 | op=ALLOCATE_BLOCK {"replication":"EC{rs-3-2-1024k}","owner":"omServiceIdDefault","size":"4194304","sampleBlocks":"[conID: 23 locID: 115816896921600405]","num":"1","client":"","allocated":"1"} | ret=SUCCESS |  
2025-10-17 11:03:00,638 | INFO  | OMAudit | user=runner | ip=127.0.0.1 | op=ALLOCATE_BLOCK {"volume":"deee3980-8a10-4791-96e8-1965945705ce","bucket":"c7299e37-11f3-41b3-91b7-abedef4aaf4e","key":"d293c533-65c8-44e1-b430-59130b17e00e","dataSize":"5242880","replicationType":"EC","replicationConfig":"rs-3-2-1048576","clientID":"115389168393847162","Transaction":"1535"} | ret=SUCCESS |  
2025-10-17 11:03:00,687 | INFO  | OMAudit | user=runner | ip=127.0.0.1 | op=COMMIT_MULTIPART_UPLOAD_PARTKEY {"volume":"deee3980-8a10-4791-96e8-1965945705ce","bucket":"c7299e37-11f3-41b3-91b7-abedef4aaf4e","key":"d293c533-65c8-44e1-b430-59130b17e00e","dataSize":"5242880","ETag":"5ec9ae7549d12b830c2796d79d95cb39","uploadID":"0199f1d6-58c3-7425-862f-036759b0d8ce-115389168389128568","partNumber":"2","partName":"/deee3980-8a10-4791-96e8-1965945705ce/c7299e37-11f3-41b3-91b7-abedef4aaf4e/d293c533-65c8-44e1-b430-59130b17e00e-0199f1d6-58c3-7425-862f-036759b0d8ce-115389168389128568-2","Transaction":"1536"} | ret=SUCCESS |  
2025-10-17 11:03:00,691 | INFO  | OMAudit | user=runner | ip=127.0.0.1 | op=ALLOCATE_KEY {"volume":"deee3980-8a10-4791-96e8-1965945705ce","bucket":"c7299e37-11f3-41b3-91b7-abedef4aaf4e","key":"d293c533-65c8-44e1-b430-59130b17e00e","dataSize":"36","Transaction":"1537"} | ret=SUCCESS |  
2025-10-17 11:03:00,693 | INFO  | SCMAudit | user=runner | ip=127.0.0.1 | op=ALLOCATE_BLOCK {"replication":"EC{rs-3-2-1024k}","owner":"omServiceIdDefault","size":"4194304","sampleBlocks":"[conID: 23 locID: 115816896921600406]","num":"1","client":"","allocated":"1"} | ret=SUCCESS |  
2025-10-17 11:03:00,699 | INFO  | OMAudit | user=runner | ip=127.0.0.1 | op=ALLOCATE_BLOCK {"volume":"deee3980-8a10-4791-96e8-1965945705ce","bucket":"c7299e37-11f3-41b3-91b7-abedef4aaf4e","key":"d293c533-65c8-44e1-b430-59130b17e00e","dataSize":"36","replicationType":"EC","replicationConfig":"rs-3-2-1048576","clientID":"115389168398434683","Transaction":"1538"} | ret=SUCCESS |  
2025-10-17 11:03:00,707 [om1-OMDoubleBufferFlushThread] INFO  db.RDBCheckpointManager (RDBCheckpointManager.java:createCheckpoint(87)) - Created checkpoint in rocksDB at /home/runner/work/ozone/ozone/hadoop-ozone/integration-test/target/test-dir/MiniOzoneClusterImpl-d1ffa5d3-3301-45c3-9f44-1ffa6967d237/om/data/db.snapshots/checkpointState/om.db-72ff54f6-e519-4b7a-8880-52997289b43a in 80 milliseconds
2025-10-17 11:03:00,711 | INFO  | OMAudit | user=runner | ip=127.0.0.1 | op=COMMIT_MULTIPART_UPLOAD_PARTKEY {"volume":"deee3980-8a10-4791-96e8-1965945705ce","bucket":"c7299e37-11f3-41b3-91b7-abedef4aaf4e","key":"d293c533-65c8-44e1-b430-59130b17e00e","dataSize":"36","ETag":"e44c40f99ef733f01535da0ec3d5b5a9","uploadID":"0199f1d6-58c3-7425-862f-036759b0d8ce-115389168389128568","partNumber":"3","partName":"/deee3980-8a10-4791-96e8-1965945705ce/c7299e37-11f3-41b3-91b7-abedef4aaf4e/d293c533-65c8-44e1-b430-59130b17e00e-0199f1d6-58c3-7425-862f-036759b0d8ce-115389168389128568-3","Transaction":"1539"} | ret=SUCCESS |  
2025-10-17 11:03:00,719 | INFO  | OMAudit | user=runner | ip=127.0.0.1 | op=COMPLETE_MULTIPART_UPLOAD {"volume":"deee3980-8a10-4791-96e8-1965945705ce","bucket":"c7299e37-11f3-41b3-91b7-abedef4aaf4e","key":"d293c533-65c8-44e1-b430-59130b17e00e","dataSize":"0","uploadID":"0199f1d6-58c3-7425-862f-036759b0d8ce-115389168389128568","multipartList":"[partNumber: 1 partName: \"5ec9ae7549d12b830c2796d79d95cb39\" eTag: \"5ec9ae7549d12b830c2796d79d95cb39\" , partNumber: 2 partName: \"5ec9ae7549d12b830c2796d79d95cb39\" eTag: \"5ec9ae7549d12b830c2796d79d95cb39\" , partNumber: 3 partName: \"e44c40f99ef733f01535da0ec3d5b5a9\" eTag: \"e44c40f99ef733f01535da0ec3d5b5a9\" ]","Transaction":"1540"} | ret=SUCCESS |  
2025-10-17 11:03:00,721 | INFO  | OMAudit | user=runner | ip=127.0.0.1 | op=READ_KEY {"volume":"deee3980-8a10-4791-96e8-1965945705ce","bucket":"c7299e37-11f3-41b3-91b7-abedef4aaf4e","key":"d293c533-65c8-44e1-b430-59130b17e00e","owner":null,"dataSize":"0","replicationConfig":null} | ret=SUCCESS |  
2025-10-17 11:03:00,735 | INFO  | SCMAudit | user=runner | ip=127.0.0.1 | op=SEND_HEARTBEAT {"datanodeUUID":"2b4cc429-f9c1-416c-9a38-6239a2e149ea","term":"2","command":"[]"} | ret=SUCCESS |  
2025-10-17 11:03:00,736 | INFO  | SCMAudit | user=runner | ip=127.0.0.1 | op=SEND_HEARTBEAT {"datanodeUUID":"b6f92338-e951-49df-a986-ea31ece96e9e","term":"2","command":"[]"} | ret=SUCCESS |  
2025-10-17 11:03:00,736 [om1-OMDoubleBufferFlushThread] INFO  om.OmSnapshotManager (OmSnapshotManager.java:createOmSnapshotCheckpoint(545)) - Created checkpoint: /home/runner/work/ozone/ozone/hadoop-ozone/integration-test/target/test-dir/MiniOzoneClusterImpl-d1ffa5d3-3301-45c3-9f44-1ffa6967d237/om/data/db.snapshots/checkpointState/om.db-72ff54f6-e519-4b7a-8880-52997289b43a for snapshot /vol-a-69739/buc-a-45378/snapshot-b-6-06910
2025-10-17 11:03:00,737 | INFO  | SCMAudit | user=runner | ip=127.0.0.1 | op=SEND_HEARTBEAT {"datanodeUUID":"28c08cd4-c049-4c66-8210-e254cf68b291","term":"2","command":"[]"} | ret=SUCCESS |  
2025-10-17 11:03:00,737 | INFO  | SCMAudit | user=runner | ip=127.0.0.1 | op=SEND_HEARTBEAT {"datanodeUUID":"b292b6be-9482-4c30-a3e0-c9f721931b72","term":"2","command":"[]"} | ret=SUCCESS |  
2025-10-17 11:03:00,737 | INFO  | SCMAudit | user=runner | ip=127.0.0.1 | op=SEND_HEARTBEAT {"datanodeUUID":"b1eee25a-1fdf-4744-83c7-58e0513fce3b","term":"2","command":"[]"} | ret=SUCCESS |  
2025-10-17 11:03:00,765 | INFO  | SCMAudit | user=runner | ip=127.0.0.1 | op=SEND_HEARTBEAT {"datanodeUUID":"dbd6f242-9b73-4bca-a110-3e2ec656b979","term":"2","command":"[]"} | ret=SUCCESS |  
2025-10-17 11:03:00,769 | INFO  | SCMAudit | user=runner | ip=127.0.0.1 | op=SEND_HEARTBEAT {"datanodeUUID":"ed6e9581-5875-4278-a8db-50829892434b","term":"2","command":"[]"} | ret=SUCCESS |  
2025-10-17 11:03:00,792 [om1-OMDoubleBufferFlushThread] INFO  db.RDBCheckpointManager (RDBCheckpointManager.java:createCheckpoint(87)) - Created checkpoint in rocksDB at /home/runner/work/ozone/ozone/hadoop-ozone/integration-test/target/test-dir/MiniOzoneClusterImpl-d1ffa5d3-3301-45c3-9f44-1ffa6967d237/om/data/db.snapshots/checkpointState/om.db-e46ba21c-8976-4421-a21f-7aebcb47e1f8 in 53 milliseconds
2025-10-17 11:03:00,796 | INFO  | SCMAudit | user=runner | ip=127.0.0.1 | op=GET_CONTAINER_WITH_PIPELINE_BATCH {"containerIDs":"#23,#26,"} | ret=SUCCESS |  
2025-10-17 11:03:00,797 | INFO  | OMAudit | user=null | ip= | op=READ_KEY {"volume":"deee3980-8a10-4791-96e8-1965945705ce","bucket":"c7299e37-11f3-41b3-91b7-abedef4aaf4e","key":"d293c533-65c8-44e1-b430-59130b17e00e","owner":null,"dataSize":"0","replicationConfig":null} | ret=SUCCESS |  
2025-10-17 11:03:00,797 | INFO  | SCMAudit | user=runner | ip=127.0.0.1 | op=GET_CONTAINER {"containerID":"26"} | ret=SUCCESS |  
2025-10-17 11:03:00,798 | INFO  | SCMAudit | user=runner | ip=127.0.0.1 | op=GET_CONTAINER {"containerID":"23"} | ret=SUCCESS |  
2025-10-17 11:03:00,799 | INFO  | SCMAudit | user=runner | ip=127.0.0.1 | op=GET_CONTAINER {"containerID":"23"} | ret=SUCCESS |  
]]></system-out>
  </testcase>
  <testcase name="testMultipartUploadWithTags(BucketLayout)[1]" classname="org.apache.hadoop.ozone.client.rpc.TestSecureOzoneRpcClient" time="0.368">
    <system-out><![CDATA[2025-10-17 11:03:00,814 [ForkJoinPool-1-worker-1] INFO  rpc.RpcClient (RpcClient.java:createVolume(461)) - Creating Volume: 9ecc9ad2-f0e1-4f7e-956a-fa2465f2339d, with runner as owner and space quota set to -1 bytes, counts quota set to -1
2025-10-17 11:03:00,820 [om1-OMStateMachineApplyTransactionThread - 0] INFO  volume.OMVolumeCreateRequest (OMVolumeCreateRequest.java:validateAndUpdateCache(213)) - created volume:9ecc9ad2-f0e1-4f7e-956a-fa2465f2339d for user:runner
2025-10-17 11:03:00,820 | INFO  | OMAudit | user=runner | ip=127.0.0.1 | op=CREATE_VOLUME {"admin":"runner","owner":"runner","volume":"9ecc9ad2-f0e1-4f7e-956a-fa2465f2339d","creationTime":"1760698980817","modificationTime":"1760698980817","quotaInBytes":"-1","quotaInNamespace":"-1","usedNamespace":"0","objectID":"-9223372036854381312","updateID":"1541","Transaction":"1541"} | ret=SUCCESS |  
2025-10-17 11:03:00,822 [om1-OMDoubleBufferFlushThread] INFO  om.OmSnapshotManager (OmSnapshotManager.java:createOmSnapshotCheckpoint(545)) - Created checkpoint: /home/runner/work/ozone/ozone/hadoop-ozone/integration-test/target/test-dir/MiniOzoneClusterImpl-d1ffa5d3-3301-45c3-9f44-1ffa6967d237/om/data/db.snapshots/checkpointState/om.db-e46ba21c-8976-4421-a21f-7aebcb47e1f8 for snapshot /vol-a-69739/buc-b-13213/snapshot-b-6-40902
2025-10-17 11:03:00,823 | INFO  | OMAudit | user=runner | ip=127.0.0.1 | op=READ_VOLUME {"volume":"9ecc9ad2-f0e1-4f7e-956a-fa2465f2339d"} | ret=SUCCESS |  
2025-10-17 11:03:00,823 [ForkJoinPool-1-worker-1] INFO  rpc.RpcClient (RpcClient.java:createBucket(686)) - Creating Bucket: 9ecc9ad2-f0e1-4f7e-956a-fa2465f2339d/fe19fdd6-ce2d-4cef-a1a5-4bb126dad293, with bucket layout OBJECT_STORE, runner as owner, Versioning false, Storage Type set to DISK and Encryption set to false, Replication Type set to server-side default replication type, Namespace Quota set to -1, Space Quota set to -1 
2025-10-17 11:03:00,825 [om1-OMStateMachineApplyTransactionThread - 0] INFO  bucket.OMBucketCreateRequest (OMBucketCreateRequest.java:validateAndUpdateCache(303)) - created bucket: fe19fdd6-ce2d-4cef-a1a5-4bb126dad293 of layout OBJECT_STORE in volume: 9ecc9ad2-f0e1-4f7e-956a-fa2465f2339d
2025-10-17 11:03:00,825 | INFO  | OMAudit | user=runner | ip=127.0.0.1 | op=CREATE_BUCKET {"volume":"9ecc9ad2-f0e1-4f7e-956a-fa2465f2339d","bucket":"fe19fdd6-ce2d-4cef-a1a5-4bb126dad293","bucketLayout":"OBJECT_STORE","gdprEnabled":null,"acls":"[user:runner:a[ACCESS], group:runner:rl[ACCESS]]","isVersionEnabled":"false","storageType":"DISK","creationTime":"1760698980824","bucketEncryptionKey":null,"modificationTime":"1760698980824","usedBytes":"0","usedNamespace":"0","snapshotUsedBytes":"0","snapshotUsedNamespace":"0","owner":"runner","replicationType":null,"replicationConfig":null,"quotaInBytes":"-1","quotaInNamespace":"-1","Transaction":"1542"} | ret=SUCCESS |  
2025-10-17 11:03:00,826 | INFO  | OMAudit | user=runner | ip=127.0.0.1 | op=READ_BUCKET {"volume":"9ecc9ad2-f0e1-4f7e-956a-fa2465f2339d","bucket":"fe19fdd6-ce2d-4cef-a1a5-4bb126dad293"} | ret=SUCCESS |  
2025-10-17 11:03:00,828 | INFO  | OMAudit | user=runner | ip=127.0.0.1 | op=INITIATE_MULTIPART_UPLOAD {"volume":"9ecc9ad2-f0e1-4f7e-956a-fa2465f2339d","bucket":"fe19fdd6-ce2d-4cef-a1a5-4bb126dad293","key":"d4467336-a52d-4c63-99a8-56cd05a002bb","dataSize":"0","replicationType":"RATIS","replicationFactor":"THREE","uploadID":"0199f1d6-59db-71c4-b10c-17311a8c8b65-115389168407478652","Transaction":"1543"} | ret=SUCCESS |  
2025-10-17 11:03:00,832 | INFO  | OMAudit | user=runner | ip=127.0.0.1 | op=ALLOCATE_KEY {"volume":"9ecc9ad2-f0e1-4f7e-956a-fa2465f2339d","bucket":"fe19fdd6-ce2d-4cef-a1a5-4bb126dad293","key":"d4467336-a52d-4c63-99a8-56cd05a002bb","dataSize":"5242880","Transaction":"1544"} | ret=SUCCESS |  
2025-10-17 11:03:00,834 | INFO  | SCMAudit | user=runner | ip=127.0.0.1 | op=ALLOCATE_BLOCK {"replication":"RATIS/THREE","owner":"omServiceIdDefault","size":"4194304","sampleBlocks":"[conID: 16 locID: 115816896921600407]","num":"1","client":"","allocated":"1"} | ret=SUCCESS |  
2025-10-17 11:03:00,836 | INFO  | OMAudit | user=runner | ip=127.0.0.1 | op=ALLOCATE_BLOCK {"volume":"9ecc9ad2-f0e1-4f7e-956a-fa2465f2339d","bucket":"fe19fdd6-ce2d-4cef-a1a5-4bb126dad293","key":"d4467336-a52d-4c63-99a8-56cd05a002bb","dataSize":"5242880","replicationType":"RATIS","replicationFactor":"THREE","clientID":"115389168407675261","Transaction":"1545"} | ret=SUCCESS |  
2025-10-17 11:03:00,890 | INFO  | SCMAudit | user=runner | ip=127.0.0.1 | op=SEND_HEARTBEAT {"datanodeUUID":"a5293c95-44e9-4ea9-88ca-89089eac4b59","term":"2","command":"[]"} | ret=SUCCESS |  
2025-10-17 11:03:00,910 | INFO  | SCMAudit | user=runner | ip=127.0.0.1 | op=ALLOCATE_BLOCK {"replication":"RATIS/THREE","owner":"omServiceIdDefault","size":"4194304","sampleBlocks":"[conID: 15 locID: 115816896921600408]","num":"1","client":"","allocated":"1"} | ret=SUCCESS |  
2025-10-17 11:03:00,913 | INFO  | OMAudit | user=runner | ip=127.0.0.1 | op=ALLOCATE_BLOCK {"volume":"9ecc9ad2-f0e1-4f7e-956a-fa2465f2339d","bucket":"fe19fdd6-ce2d-4cef-a1a5-4bb126dad293","key":"d4467336-a52d-4c63-99a8-56cd05a002bb","dataSize":"5242880","replicationType":"RATIS","replicationFactor":"THREE","clientID":"115389168407675261","Transaction":"1546"} | ret=SUCCESS |  
2025-10-17 11:03:00,920 [om1-OMDoubleBufferFlushThread] INFO  db.RDBCheckpointManager (RDBCheckpointManager.java:createCheckpoint(87)) - Created checkpoint in rocksDB at /home/runner/work/ozone/ozone/hadoop-ozone/integration-test/target/test-dir/MiniOzoneClusterImpl-d1ffa5d3-3301-45c3-9f44-1ffa6967d237/om/data/db.snapshots/checkpointState/om.db-9dcb0102-dc90-4038-aedb-921dea8c0614 in 96 milliseconds
2025-10-17 11:03:00,940 | INFO  | OMAudit | user=runner | ip=127.0.0.1 | op=COMMIT_MULTIPART_UPLOAD_PARTKEY {"volume":"9ecc9ad2-f0e1-4f7e-956a-fa2465f2339d","bucket":"fe19fdd6-ce2d-4cef-a1a5-4bb126dad293","key":"d4467336-a52d-4c63-99a8-56cd05a002bb","dataSize":"5242880","ETag":"5ec9ae7549d12b830c2796d79d95cb39","uploadID":"0199f1d6-59db-71c4-b10c-17311a8c8b65-115389168407478652","partNumber":"1","partName":"/9ecc9ad2-f0e1-4f7e-956a-fa2465f2339d/fe19fdd6-ce2d-4cef-a1a5-4bb126dad293/d4467336-a52d-4c63-99a8-56cd05a002bb-0199f1d6-59db-71c4-b10c-17311a8c8b65-115389168407478652-1","Transaction":"1547"} | ret=SUCCESS |  
2025-10-17 11:03:00,942 | INFO  | SCMAudit | user=runner | ip=127.0.0.1 | op=SEND_HEARTBEAT {"datanodeUUID":"3a11eef6-a527-493c-8ba3-ae39ecaefa56","term":"2","command":"[]"} | ret=SUCCESS |  
2025-10-17 11:03:00,946 | INFO  | OMAudit | user=runner | ip=127.0.0.1 | op=ALLOCATE_KEY {"volume":"9ecc9ad2-f0e1-4f7e-956a-fa2465f2339d","bucket":"fe19fdd6-ce2d-4cef-a1a5-4bb126dad293","key":"d4467336-a52d-4c63-99a8-56cd05a002bb","dataSize":"5242880","Transaction":"1548"} | ret=SUCCESS |  
2025-10-17 11:03:00,948 | INFO  | SCMAudit | user=runner | ip=127.0.0.1 | op=ALLOCATE_BLOCK {"replication":"RATIS/THREE","owner":"omServiceIdDefault","size":"4194304","sampleBlocks":"[conID: 18 locID: 115816896921600409]","num":"1","client":"","allocated":"1"} | ret=SUCCESS |  
2025-10-17 11:03:00,950 | INFO  | OMAudit | user=runner | ip=127.0.0.1 | op=ALLOCATE_BLOCK {"volume":"9ecc9ad2-f0e1-4f7e-956a-fa2465f2339d","bucket":"fe19fdd6-ce2d-4cef-a1a5-4bb126dad293","key":"d4467336-a52d-4c63-99a8-56cd05a002bb","dataSize":"5242880","replicationType":"RATIS","replicationFactor":"THREE","clientID":"115389168415080830","Transaction":"1549"} | ret=SUCCESS |  
2025-10-17 11:03:00,961 [om1-OMDoubleBufferFlushThread] INFO  om.OmSnapshotManager (OmSnapshotManager.java:createOmSnapshotCheckpoint(545)) - Created checkpoint: /home/runner/work/ozone/ozone/hadoop-ozone/integration-test/target/test-dir/MiniOzoneClusterImpl-d1ffa5d3-3301-45c3-9f44-1ffa6967d237/om/data/db.snapshots/checkpointState/om.db-9dcb0102-dc90-4038-aedb-921dea8c0614 for snapshot /vol-b-67769/buc-a-45378/snapshot-b-6-06807
2025-10-17 11:03:01,003 | INFO  | SCMAudit | user=runner | ip=127.0.0.1 | op=ALLOCATE_BLOCK {"replication":"RATIS/THREE","owner":"omServiceIdDefault","size":"4194304","sampleBlocks":"[conID: 16 locID: 115816896921600410]","num":"1","client":"","allocated":"1"} | ret=SUCCESS |  
2025-10-17 11:03:01,005 | INFO  | OMAudit | user=runner | ip=127.0.0.1 | op=ALLOCATE_BLOCK {"volume":"9ecc9ad2-f0e1-4f7e-956a-fa2465f2339d","bucket":"fe19fdd6-ce2d-4cef-a1a5-4bb126dad293","key":"d4467336-a52d-4c63-99a8-56cd05a002bb","dataSize":"5242880","replicationType":"RATIS","replicationFactor":"THREE","clientID":"115389168415080830","Transaction":"1550"} | ret=SUCCESS |  
2025-10-17 11:03:01,025 | INFO  | OMAudit | user=runner | ip=127.0.0.1 | op=COMMIT_MULTIPART_UPLOAD_PARTKEY {"volume":"9ecc9ad2-f0e1-4f7e-956a-fa2465f2339d","bucket":"fe19fdd6-ce2d-4cef-a1a5-4bb126dad293","key":"d4467336-a52d-4c63-99a8-56cd05a002bb","dataSize":"5242880","ETag":"5ec9ae7549d12b830c2796d79d95cb39","uploadID":"0199f1d6-59db-71c4-b10c-17311a8c8b65-115389168407478652","partNumber":"2","partName":"/9ecc9ad2-f0e1-4f7e-956a-fa2465f2339d/fe19fdd6-ce2d-4cef-a1a5-4bb126dad293/d4467336-a52d-4c63-99a8-56cd05a002bb-0199f1d6-59db-71c4-b10c-17311a8c8b65-115389168407478652-2","Transaction":"1551"} | ret=SUCCESS |  
2025-10-17 11:03:01,028 | INFO  | OMAudit | user=runner | ip=127.0.0.1 | op=ALLOCATE_KEY {"volume":"9ecc9ad2-f0e1-4f7e-956a-fa2465f2339d","bucket":"fe19fdd6-ce2d-4cef-a1a5-4bb126dad293","key":"d4467336-a52d-4c63-99a8-56cd05a002bb","dataSize":"36","Transaction":"1552"} | ret=SUCCESS |  
2025-10-17 11:03:01,031 | INFO  | SCMAudit | user=runner | ip=127.0.0.1 | op=ALLOCATE_BLOCK {"replication":"RATIS/THREE","owner":"omServiceIdDefault","size":"4194304","sampleBlocks":"[conID: 20 locID: 115816896921600411]","num":"1","client":"","allocated":"1"} | ret=SUCCESS |  
2025-10-17 11:03:01,034 | INFO  | OMAudit | user=runner | ip=127.0.0.1 | op=ALLOCATE_BLOCK {"volume":"9ecc9ad2-f0e1-4f7e-956a-fa2465f2339d","bucket":"fe19fdd6-ce2d-4cef-a1a5-4bb126dad293","key":"d4467336-a52d-4c63-99a8-56cd05a002bb","dataSize":"36","replicationType":"RATIS","replicationFactor":"THREE","clientID":"115389168420585855","Transaction":"1553"} | ret=SUCCESS |  
2025-10-17 11:03:01,035 | INFO  | SCMAudit | user=runner | ip=127.0.0.1 | op=SEND_HEARTBEAT {"datanodeUUID":"309ab1ff-9f5a-4058-8b2f-94d451ce5267","term":"2","command":"[]"} | ret=SUCCESS |  
2025-10-17 11:03:01,044 [om1-OMDoubleBufferFlushThread] INFO  db.RDBCheckpointManager (RDBCheckpointManager.java:createCheckpoint(87)) - Created checkpoint in rocksDB at /home/runner/work/ozone/ozone/hadoop-ozone/integration-test/target/test-dir/MiniOzoneClusterImpl-d1ffa5d3-3301-45c3-9f44-1ffa6967d237/om/data/db.snapshots/checkpointState/om.db-752587d8-6b15-45b9-9e77-46b9dfc11394 in 77 milliseconds
2025-10-17 11:03:01,051 | INFO  | OMAudit | user=runner | ip=127.0.0.1 | op=COMMIT_MULTIPART_UPLOAD_PARTKEY {"volume":"9ecc9ad2-f0e1-4f7e-956a-fa2465f2339d","bucket":"fe19fdd6-ce2d-4cef-a1a5-4bb126dad293","key":"d4467336-a52d-4c63-99a8-56cd05a002bb","dataSize":"36","ETag":"b811e438cfee830461be1697f6790081","uploadID":"0199f1d6-59db-71c4-b10c-17311a8c8b65-115389168407478652","partNumber":"3","partName":"/9ecc9ad2-f0e1-4f7e-956a-fa2465f2339d/fe19fdd6-ce2d-4cef-a1a5-4bb126dad293/d4467336-a52d-4c63-99a8-56cd05a002bb-0199f1d6-59db-71c4-b10c-17311a8c8b65-115389168407478652-3","Transaction":"1554"} | ret=SUCCESS |  
2025-10-17 11:03:01,055 | INFO  | OMAudit | user=runner | ip=127.0.0.1 | op=COMPLETE_MULTIPART_UPLOAD {"volume":"9ecc9ad2-f0e1-4f7e-956a-fa2465f2339d","bucket":"fe19fdd6-ce2d-4cef-a1a5-4bb126dad293","key":"d4467336-a52d-4c63-99a8-56cd05a002bb","dataSize":"0","uploadID":"0199f1d6-59db-71c4-b10c-17311a8c8b65-115389168407478652","multipartList":"[partNumber: 1 partName: \"5ec9ae7549d12b830c2796d79d95cb39\" eTag: \"5ec9ae7549d12b830c2796d79d95cb39\" , partNumber: 2 partName: \"5ec9ae7549d12b830c2796d79d95cb39\" eTag: \"5ec9ae7549d12b830c2796d79d95cb39\" , partNumber: 3 partName: \"b811e438cfee830461be1697f6790081\" eTag: \"b811e438cfee830461be1697f6790081\" ]","Transaction":"1555"} | ret=SUCCESS |  
2025-10-17 11:03:01,081 | INFO  | OMAudit | user=runner | ip=127.0.0.1 | op=READ_KEY {"volume":"9ecc9ad2-f0e1-4f7e-956a-fa2465f2339d","bucket":"fe19fdd6-ce2d-4cef-a1a5-4bb126dad293","key":"d4467336-a52d-4c63-99a8-56cd05a002bb","owner":null,"dataSize":"0","replicationConfig":null} | ret=SUCCESS |  
2025-10-17 11:03:01,095 [om1-OMDoubleBufferFlushThread] INFO  om.OmSnapshotManager (OmSnapshotManager.java:createOmSnapshotCheckpoint(545)) - Created checkpoint: /home/runner/work/ozone/ozone/hadoop-ozone/integration-test/target/test-dir/MiniOzoneClusterImpl-d1ffa5d3-3301-45c3-9f44-1ffa6967d237/om/data/db.snapshots/checkpointState/om.db-752587d8-6b15-45b9-9e77-46b9dfc11394 for snapshot /vol-b-67769/buc-b-13213/snapshot-b-6-08642
2025-10-17 11:03:01,154 [om1-OMDoubleBufferFlushThread] INFO  db.RDBCheckpointManager (RDBCheckpointManager.java:createCheckpoint(87)) - Created checkpoint in rocksDB at /home/runner/work/ozone/ozone/hadoop-ozone/integration-test/target/test-dir/MiniOzoneClusterImpl-d1ffa5d3-3301-45c3-9f44-1ffa6967d237/om/data/db.snapshots/checkpointState/om.db-7a3c50a0-4d62-4800-99c1-a87f63eb1820 in 57 milliseconds
2025-10-17 11:03:01,162 | INFO  | SCMAudit | user=runner | ip=127.0.0.1 | op=GET_CONTAINER_WITH_PIPELINE_BATCH {"containerIDs":"#16,#18,#20,#15,"} | ret=SUCCESS |  
2025-10-17 11:03:01,163 | INFO  | OMAudit | user=null | ip= | op=READ_KEY {"volume":"9ecc9ad2-f0e1-4f7e-956a-fa2465f2339d","bucket":"fe19fdd6-ce2d-4cef-a1a5-4bb126dad293","key":"d4467336-a52d-4c63-99a8-56cd05a002bb","owner":null,"dataSize":"0","replicationConfig":null} | ret=SUCCESS |  
2025-10-17 11:03:01,165 | INFO  | SCMAudit | user=runner | ip=127.0.0.1 | op=GET_CONTAINER {"containerID":"16"} | ret=SUCCESS |  
2025-10-17 11:03:01,166 | INFO  | SCMAudit | user=runner | ip=127.0.0.1 | op=GET_CONTAINER {"containerID":"15"} | ret=SUCCESS |  
2025-10-17 11:03:01,167 | INFO  | SCMAudit | user=runner | ip=127.0.0.1 | op=GET_CONTAINER {"containerID":"18"} | ret=SUCCESS |  
2025-10-17 11:03:01,168 | INFO  | SCMAudit | user=runner | ip=127.0.0.1 | op=GET_CONTAINER {"containerID":"16"} | ret=SUCCESS |  
2025-10-17 11:03:01,168 | INFO  | SCMAudit | user=runner | ip=127.0.0.1 | op=GET_CONTAINER {"containerID":"20"} | ret=SUCCESS |  
]]></system-out>
  </testcase>
  <testcase name="testMultipartUploadWithTags(BucketLayout)[2]" classname="org.apache.hadoop.ozone.client.rpc.TestSecureOzoneRpcClient" time="0.36">
    <system-out><![CDATA[2025-10-17 11:03:01,182 [ForkJoinPool-1-worker-1] INFO  rpc.RpcClient (RpcClient.java:createVolume(461)) - Creating Volume: 7ef0f257-2ba5-4f3a-9cb4-67add1d05655, with runner as owner and space quota set to -1 bytes, counts quota set to -1
2025-10-17 11:03:01,184 [om1-OMDoubleBufferFlushThread] INFO  om.OmSnapshotManager (OmSnapshotManager.java:createOmSnapshotCheckpoint(545)) - Created checkpoint: /home/runner/work/ozone/ozone/hadoop-ozone/integration-test/target/test-dir/MiniOzoneClusterImpl-d1ffa5d3-3301-45c3-9f44-1ffa6967d237/om/data/db.snapshots/checkpointState/om.db-7a3c50a0-4d62-4800-99c1-a87f63eb1820 for snapshot /vol-a-69739/buc-a-45378/snapshot-b-7-98516
2025-10-17 11:03:01,185 [om1-OMStateMachineApplyTransactionThread - 0] INFO  volume.OMVolumeCreateRequest (OMVolumeCreateRequest.java:validateAndUpdateCache(213)) - created volume:7ef0f257-2ba5-4f3a-9cb4-67add1d05655 for user:runner
2025-10-17 11:03:01,185 | INFO  | OMAudit | user=runner | ip=127.0.0.1 | op=CREATE_VOLUME {"admin":"runner","owner":"runner","volume":"7ef0f257-2ba5-4f3a-9cb4-67add1d05655","creationTime":"1760698981183","modificationTime":"1760698981183","quotaInBytes":"-1","quotaInNamespace":"-1","usedNamespace":"0","objectID":"-9223372036854377472","updateID":"1556","Transaction":"1556"} | ret=SUCCESS |  
2025-10-17 11:03:01,187 | INFO  | OMAudit | user=runner | ip=127.0.0.1 | op=READ_VOLUME {"volume":"7ef0f257-2ba5-4f3a-9cb4-67add1d05655"} | ret=SUCCESS |  
2025-10-17 11:03:01,188 [ForkJoinPool-1-worker-1] INFO  rpc.RpcClient (RpcClient.java:createBucket(686)) - Creating Bucket: 7ef0f257-2ba5-4f3a-9cb4-67add1d05655/592cba23-1feb-4044-87a5-5245a74fcb23, with bucket layout LEGACY, runner as owner, Versioning false, Storage Type set to DISK and Encryption set to false, Replication Type set to server-side default replication type, Namespace Quota set to -1, Space Quota set to -1 
2025-10-17 11:03:01,191 [om1-OMStateMachineApplyTransactionThread - 0] INFO  bucket.OMBucketCreateRequest (OMBucketCreateRequest.java:validateAndUpdateCache(303)) - created bucket: 592cba23-1feb-4044-87a5-5245a74fcb23 of layout LEGACY in volume: 7ef0f257-2ba5-4f3a-9cb4-67add1d05655
2025-10-17 11:03:01,191 | INFO  | OMAudit | user=runner | ip=127.0.0.1 | op=CREATE_BUCKET {"volume":"7ef0f257-2ba5-4f3a-9cb4-67add1d05655","bucket":"592cba23-1feb-4044-87a5-5245a74fcb23","bucketLayout":"LEGACY","gdprEnabled":null,"acls":"[user:runner:a[ACCESS], group:runner:rl[ACCESS]]","isVersionEnabled":"false","storageType":"DISK","creationTime":"1760698981190","bucketEncryptionKey":null,"modificationTime":"1760698981190","usedBytes":"0","usedNamespace":"0","snapshotUsedBytes":"0","snapshotUsedNamespace":"0","owner":"runner","replicationType":null,"replicationConfig":null,"quotaInBytes":"-1","quotaInNamespace":"-1","Transaction":"1557"} | ret=SUCCESS |  
2025-10-17 11:03:01,193 | INFO  | OMAudit | user=runner | ip=127.0.0.1 | op=READ_BUCKET {"volume":"7ef0f257-2ba5-4f3a-9cb4-67add1d05655","bucket":"592cba23-1feb-4044-87a5-5245a74fcb23"} | ret=SUCCESS |  
2025-10-17 11:03:01,197 | INFO  | OMAudit | user=runner | ip=127.0.0.1 | op=INITIATE_MULTIPART_UPLOAD {"volume":"7ef0f257-2ba5-4f3a-9cb4-67add1d05655","bucket":"592cba23-1feb-4044-87a5-5245a74fcb23","key":"c038b325-22d4-4972-acec-4b4e60f29df5","dataSize":"0","replicationType":"RATIS","replicationFactor":"THREE","uploadID":"0199f1d6-5b4b-7827-af20-389d300a77f0-115389168431595904","Transaction":"1558"} | ret=SUCCESS |  
2025-10-17 11:03:01,204 | INFO  | OMAudit | user=runner | ip=127.0.0.1 | op=ALLOCATE_KEY {"volume":"7ef0f257-2ba5-4f3a-9cb4-67add1d05655","bucket":"592cba23-1feb-4044-87a5-5245a74fcb23","key":"c038b325-22d4-4972-acec-4b4e60f29df5","dataSize":"5242880","Transaction":"1559"} | ret=SUCCESS |  
2025-10-17 11:03:01,210 | INFO  | SCMAudit | user=runner | ip=127.0.0.1 | op=ALLOCATE_BLOCK {"replication":"RATIS/THREE","owner":"omServiceIdDefault","size":"4194304","sampleBlocks":"[conID: 20 locID: 115816896921600412]","num":"1","client":"","allocated":"1"} | ret=SUCCESS |  
2025-10-17 11:03:01,213 | INFO  | OMAudit | user=runner | ip=127.0.0.1 | op=ALLOCATE_BLOCK {"volume":"7ef0f257-2ba5-4f3a-9cb4-67add1d05655","bucket":"592cba23-1feb-4044-87a5-5245a74fcb23","key":"c038b325-22d4-4972-acec-4b4e60f29df5","dataSize":"5242880","replicationType":"RATIS","replicationFactor":"THREE","clientID":"115389168431989121","Transaction":"1560"} | ret=SUCCESS |  
2025-10-17 11:03:01,225 | INFO  | SCMAudit | user=runner | ip=127.0.0.1 | op=SEND_HEARTBEAT {"datanodeUUID":"50dccd39-549f-4f43-8b1f-597bf98f9c16","term":"2","command":"[]"} | ret=SUCCESS |  
2025-10-17 11:03:01,262 | INFO  | SCMAudit | user=runner | ip=127.0.0.1 | op=SEND_HEARTBEAT {"datanodeUUID":"7995ae7b-77ec-4e72-809d-814459f62ee0","term":"2","command":"[]"} | ret=SUCCESS |  
2025-10-17 11:03:01,264 | INFO  | SCMAudit | user=runner | ip=127.0.0.1 | op=SEND_HEARTBEAT {"datanodeUUID":"99c47355-c013-4450-a734-aff6d3c99677","term":"2","command":"[]"} | ret=SUCCESS |  
2025-10-17 11:03:01,264 | INFO  | SCMAudit | user=runner | ip=127.0.0.1 | op=SEND_HEARTBEAT {"datanodeUUID":"718bfa29-2c47-4ab5-ac61-3dfe9c6b9d5c","term":"2","command":"[]"} | ret=SUCCESS |  
2025-10-17 11:03:01,272 [om1-OMDoubleBufferFlushThread] INFO  db.RDBCheckpointManager (RDBCheckpointManager.java:createCheckpoint(87)) - Created checkpoint in rocksDB at /home/runner/work/ozone/ozone/hadoop-ozone/integration-test/target/test-dir/MiniOzoneClusterImpl-d1ffa5d3-3301-45c3-9f44-1ffa6967d237/om/data/db.snapshots/checkpointState/om.db-c63c8554-492a-49f2-b7cd-a10ecc811c6a in 85 milliseconds
2025-10-17 11:03:01,282 | INFO  | SCMAudit | user=runner | ip=127.0.0.1 | op=ALLOCATE_BLOCK {"replication":"RATIS/THREE","owner":"omServiceIdDefault","size":"4194304","sampleBlocks":"[conID: 19 locID: 115816896921600413]","num":"1","client":"","allocated":"1"} | ret=SUCCESS |  
2025-10-17 11:03:01,285 | INFO  | OMAudit | user=runner | ip=127.0.0.1 | op=ALLOCATE_BLOCK {"volume":"7ef0f257-2ba5-4f3a-9cb4-67add1d05655","bucket":"592cba23-1feb-4044-87a5-5245a74fcb23","key":"c038b325-22d4-4972-acec-4b4e60f29df5","dataSize":"5242880","replicationType":"RATIS","replicationFactor":"THREE","clientID":"115389168431989121","Transaction":"1561"} | ret=SUCCESS |  
2025-10-17 11:03:01,324 | INFO  | OMAudit | user=runner | ip=127.0.0.1 | op=COMMIT_MULTIPART_UPLOAD_PARTKEY {"volume":"7ef0f257-2ba5-4f3a-9cb4-67add1d05655","bucket":"592cba23-1feb-4044-87a5-5245a74fcb23","key":"c038b325-22d4-4972-acec-4b4e60f29df5","dataSize":"5242880","ETag":"5ec9ae7549d12b830c2796d79d95cb39","uploadID":"0199f1d6-5b4b-7827-af20-389d300a77f0-115389168431595904","partNumber":"1","partName":"/7ef0f257-2ba5-4f3a-9cb4-67add1d05655/592cba23-1feb-4044-87a5-5245a74fcb23/c038b325-22d4-4972-acec-4b4e60f29df5-0199f1d6-5b4b-7827-af20-389d300a77f0-115389168431595904-1","Transaction":"1562"} | ret=SUCCESS |  
2025-10-17 11:03:01,325 [om1-OMDoubleBufferFlushThread] INFO  om.OmSnapshotManager (OmSnapshotManager.java:createOmSnapshotCheckpoint(545)) - Created checkpoint: /home/runner/work/ozone/ozone/hadoop-ozone/integration-test/target/test-dir/MiniOzoneClusterImpl-d1ffa5d3-3301-45c3-9f44-1ffa6967d237/om/data/db.snapshots/checkpointState/om.db-c63c8554-492a-49f2-b7cd-a10ecc811c6a for snapshot /vol-a-69739/buc-b-13213/snapshot-b-7-62420
2025-10-17 11:03:01,328 | INFO  | OMAudit | user=runner | ip=127.0.0.1 | op=ALLOCATE_KEY {"volume":"7ef0f257-2ba5-4f3a-9cb4-67add1d05655","bucket":"592cba23-1feb-4044-87a5-5245a74fcb23","key":"c038b325-22d4-4972-acec-4b4e60f29df5","dataSize":"5242880","Transaction":"1563"} | ret=SUCCESS |  
2025-10-17 11:03:01,330 | INFO  | SCMAudit | user=runner | ip=127.0.0.1 | op=ALLOCATE_BLOCK {"replication":"RATIS/THREE","owner":"omServiceIdDefault","size":"4194304","sampleBlocks":"[conID: 22 locID: 115816896921600414]","num":"1","client":"","allocated":"1"} | ret=SUCCESS |  
2025-10-17 11:03:01,333 | INFO  | OMAudit | user=runner | ip=127.0.0.1 | op=ALLOCATE_BLOCK {"volume":"7ef0f257-2ba5-4f3a-9cb4-67add1d05655","bucket":"592cba23-1feb-4044-87a5-5245a74fcb23","key":"c038b325-22d4-4972-acec-4b4e60f29df5","dataSize":"5242880","replicationType":"RATIS","replicationFactor":"THREE","clientID":"115389168440246658","Transaction":"1564"} | ret=SUCCESS |  
2025-10-17 11:03:01,405 | INFO  | SCMAudit | user=runner | ip=127.0.0.1 | op=ALLOCATE_BLOCK {"replication":"RATIS/THREE","owner":"omServiceIdDefault","size":"4194304","sampleBlocks":"[conID: 15 locID: 115816896921600415]","num":"1","client":"","allocated":"1"} | ret=SUCCESS |  
2025-10-17 11:03:01,412 | INFO  | OMAudit | user=runner | ip=127.0.0.1 | op=ALLOCATE_BLOCK {"volume":"7ef0f257-2ba5-4f3a-9cb4-67add1d05655","bucket":"592cba23-1feb-4044-87a5-5245a74fcb23","key":"c038b325-22d4-4972-acec-4b4e60f29df5","dataSize":"5242880","replicationType":"RATIS","replicationFactor":"THREE","clientID":"115389168440246658","Transaction":"1565"} | ret=SUCCESS |  
2025-10-17 11:03:01,423 [om1-OMDoubleBufferFlushThread] INFO  db.RDBCheckpointManager (RDBCheckpointManager.java:createCheckpoint(87)) - Created checkpoint in rocksDB at /home/runner/work/ozone/ozone/hadoop-ozone/integration-test/target/test-dir/MiniOzoneClusterImpl-d1ffa5d3-3301-45c3-9f44-1ffa6967d237/om/data/db.snapshots/checkpointState/om.db-b3e43d4a-6a4d-4399-afd9-fa64c2aa102c in 95 milliseconds
2025-10-17 11:03:01,440 | INFO  | OMAudit | user=runner | ip=127.0.0.1 | op=COMMIT_MULTIPART_UPLOAD_PARTKEY {"volume":"7ef0f257-2ba5-4f3a-9cb4-67add1d05655","bucket":"592cba23-1feb-4044-87a5-5245a74fcb23","key":"c038b325-22d4-4972-acec-4b4e60f29df5","dataSize":"5242880","ETag":"5ec9ae7549d12b830c2796d79d95cb39","uploadID":"0199f1d6-5b4b-7827-af20-389d300a77f0-115389168431595904","partNumber":"2","partName":"/7ef0f257-2ba5-4f3a-9cb4-67add1d05655/592cba23-1feb-4044-87a5-5245a74fcb23/c038b325-22d4-4972-acec-4b4e60f29df5-0199f1d6-5b4b-7827-af20-389d300a77f0-115389168431595904-2","Transaction":"1566"} | ret=SUCCESS |  
2025-10-17 11:03:01,448 | INFO  | OMAudit | user=runner | ip=127.0.0.1 | op=ALLOCATE_KEY {"volume":"7ef0f257-2ba5-4f3a-9cb4-67add1d05655","bucket":"592cba23-1feb-4044-87a5-5245a74fcb23","key":"c038b325-22d4-4972-acec-4b4e60f29df5","dataSize":"36","Transaction":"1567"} | ret=SUCCESS |  
2025-10-17 11:03:01,450 | INFO  | SCMAudit | user=runner | ip=127.0.0.1 | op=ALLOCATE_BLOCK {"replication":"RATIS/THREE","owner":"omServiceIdDefault","size":"4194304","sampleBlocks":"[conID: 19 locID: 115816896921600416]","num":"1","client":"","allocated":"1"} | ret=SUCCESS |  
2025-10-17 11:03:01,452 | INFO  | OMAudit | user=runner | ip=127.0.0.1 | op=ALLOCATE_BLOCK {"volume":"7ef0f257-2ba5-4f3a-9cb4-67add1d05655","bucket":"592cba23-1feb-4044-87a5-5245a74fcb23","key":"c038b325-22d4-4972-acec-4b4e60f29df5","dataSize":"36","replicationType":"RATIS","replicationFactor":"THREE","clientID":"115389168447979907","Transaction":"1568"} | ret=SUCCESS |  
2025-10-17 11:03:01,461 [om1-OMDoubleBufferFlushThread] INFO  om.OmSnapshotManager (OmSnapshotManager.java:createOmSnapshotCheckpoint(545)) - Created checkpoint: /home/runner/work/ozone/ozone/hadoop-ozone/integration-test/target/test-dir/MiniOzoneClusterImpl-d1ffa5d3-3301-45c3-9f44-1ffa6967d237/om/data/db.snapshots/checkpointState/om.db-b3e43d4a-6a4d-4399-afd9-fa64c2aa102c for snapshot /vol-b-67769/buc-a-45378/snapshot-b-7-33217
2025-10-17 11:03:01,465 | INFO  | OMAudit | user=runner | ip=127.0.0.1 | op=COMMIT_MULTIPART_UPLOAD_PARTKEY {"volume":"7ef0f257-2ba5-4f3a-9cb4-67add1d05655","bucket":"592cba23-1feb-4044-87a5-5245a74fcb23","key":"c038b325-22d4-4972-acec-4b4e60f29df5","dataSize":"36","ETag":"52bfde0a2fca0718ecd58491b4c95a9a","uploadID":"0199f1d6-5b4b-7827-af20-389d300a77f0-115389168431595904","partNumber":"3","partName":"/7ef0f257-2ba5-4f3a-9cb4-67add1d05655/592cba23-1feb-4044-87a5-5245a74fcb23/c038b325-22d4-4972-acec-4b4e60f29df5-0199f1d6-5b4b-7827-af20-389d300a77f0-115389168431595904-3","Transaction":"1569"} | ret=SUCCESS |  
2025-10-17 11:03:01,469 | INFO  | OMAudit | user=runner | ip=127.0.0.1 | op=COMPLETE_MULTIPART_UPLOAD {"volume":"7ef0f257-2ba5-4f3a-9cb4-67add1d05655","bucket":"592cba23-1feb-4044-87a5-5245a74fcb23","key":"c038b325-22d4-4972-acec-4b4e60f29df5","dataSize":"0","uploadID":"0199f1d6-5b4b-7827-af20-389d300a77f0-115389168431595904","multipartList":"[partNumber: 1 partName: \"5ec9ae7549d12b830c2796d79d95cb39\" eTag: \"5ec9ae7549d12b830c2796d79d95cb39\" , partNumber: 2 partName: \"5ec9ae7549d12b830c2796d79d95cb39\" eTag: \"5ec9ae7549d12b830c2796d79d95cb39\" , partNumber: 3 partName: \"52bfde0a2fca0718ecd58491b4c95a9a\" eTag: \"52bfde0a2fca0718ecd58491b4c95a9a\" ]","Transaction":"1570"} | ret=SUCCESS |  
2025-10-17 11:03:01,472 | INFO  | OMAudit | user=runner | ip=127.0.0.1 | op=READ_KEY {"volume":"7ef0f257-2ba5-4f3a-9cb4-67add1d05655","bucket":"592cba23-1feb-4044-87a5-5245a74fcb23","key":"c038b325-22d4-4972-acec-4b4e60f29df5","owner":null,"dataSize":"0","replicationConfig":null} | ret=SUCCESS |  
2025-10-17 11:03:01,509 [om1-OMDoubleBufferFlushThread] INFO  db.RDBCheckpointManager (RDBCheckpointManager.java:createCheckpoint(87)) - Created checkpoint in rocksDB at /home/runner/work/ozone/ozone/hadoop-ozone/integration-test/target/test-dir/MiniOzoneClusterImpl-d1ffa5d3-3301-45c3-9f44-1ffa6967d237/om/data/db.snapshots/checkpointState/om.db-e2943743-821e-44fc-8518-2330404ec407 in 45 milliseconds
2025-10-17 11:03:01,523 | INFO  | SCMAudit | user=runner | ip=127.0.0.1 | op=GET_CONTAINER_WITH_PIPELINE_BATCH {"containerIDs":"#19,#20,#22,#15,"} | ret=SUCCESS |  
2025-10-17 11:03:01,524 | INFO  | OMAudit | user=null | ip= | op=READ_KEY {"volume":"7ef0f257-2ba5-4f3a-9cb4-67add1d05655","bucket":"592cba23-1feb-4044-87a5-5245a74fcb23","key":"c038b325-22d4-4972-acec-4b4e60f29df5","owner":null,"dataSize":"0","replicationConfig":null} | ret=SUCCESS |  
2025-10-17 11:03:01,525 | INFO  | SCMAudit | user=runner | ip=127.0.0.1 | op=GET_CONTAINER {"containerID":"20"} | ret=SUCCESS |  
2025-10-17 11:03:01,525 | INFO  | SCMAudit | user=runner | ip=127.0.0.1 | op=GET_CONTAINER {"containerID":"19"} | ret=SUCCESS |  
2025-10-17 11:03:01,526 | INFO  | SCMAudit | user=runner | ip=127.0.0.1 | op=GET_CONTAINER {"containerID":"22"} | ret=SUCCESS |  
2025-10-17 11:03:01,527 | INFO  | SCMAudit | user=runner | ip=127.0.0.1 | op=GET_CONTAINER {"containerID":"15"} | ret=SUCCESS |  
2025-10-17 11:03:01,528 | INFO  | SCMAudit | user=runner | ip=127.0.0.1 | op=GET_CONTAINER {"containerID":"19"} | ret=SUCCESS |  
2025-10-17 11:03:01,535 [om1-OMDoubleBufferFlushThread] INFO  om.OmSnapshotManager (OmSnapshotManager.java:createOmSnapshotCheckpoint(545)) - Created checkpoint: /home/runner/work/ozone/ozone/hadoop-ozone/integration-test/target/test-dir/MiniOzoneClusterImpl-d1ffa5d3-3301-45c3-9f44-1ffa6967d237/om/data/db.snapshots/checkpointState/om.db-e2943743-821e-44fc-8518-2330404ec407 for snapshot /vol-b-67769/buc-b-13213/snapshot-b-7-97023
]]></system-out>
  </testcase>
  <testcase name="testMultipartUploadWithTags(BucketLayout)[3]" classname="org.apache.hadoop.ozone.client.rpc.TestSecureOzoneRpcClient" time="0.262">
    <system-out><![CDATA[2025-10-17 11:03:01,545 [ForkJoinPool-1-worker-1] INFO  rpc.RpcClient (RpcClient.java:createVolume(461)) - Creating Volume: b3b29d81-ed5e-4810-86c3-3d8a082dc12e, with runner as owner and space quota set to -1 bytes, counts quota set to -1
2025-10-17 11:03:01,547 [om1-OMStateMachineApplyTransactionThread - 0] INFO  volume.OMVolumeCreateRequest (OMVolumeCreateRequest.java:validateAndUpdateCache(213)) - created volume:b3b29d81-ed5e-4810-86c3-3d8a082dc12e for user:runner
2025-10-17 11:03:01,547 | INFO  | OMAudit | user=runner | ip=127.0.0.1 | op=CREATE_VOLUME {"admin":"runner","owner":"runner","volume":"b3b29d81-ed5e-4810-86c3-3d8a082dc12e","creationTime":"1760698981546","modificationTime":"1760698981546","quotaInBytes":"-1","quotaInNamespace":"-1","usedNamespace":"0","objectID":"-9223372036854373632","updateID":"1571","Transaction":"1571"} | ret=SUCCESS |  
2025-10-17 11:03:01,548 | INFO  | OMAudit | user=runner | ip=127.0.0.1 | op=READ_VOLUME {"volume":"b3b29d81-ed5e-4810-86c3-3d8a082dc12e"} | ret=SUCCESS |  
2025-10-17 11:03:01,549 [ForkJoinPool-1-worker-1] INFO  rpc.RpcClient (RpcClient.java:createBucket(686)) - Creating Bucket: b3b29d81-ed5e-4810-86c3-3d8a082dc12e/e22589e1-3891-4893-9c99-da2a74562542, with bucket layout FILE_SYSTEM_OPTIMIZED, runner as owner, Versioning false, Storage Type set to DISK and Encryption set to false, Replication Type set to server-side default replication type, Namespace Quota set to -1, Space Quota set to -1 
2025-10-17 11:03:01,550 [om1-OMStateMachineApplyTransactionThread - 0] INFO  bucket.OMBucketCreateRequest (OMBucketCreateRequest.java:validateAndUpdateCache(303)) - created bucket: e22589e1-3891-4893-9c99-da2a74562542 of layout FILE_SYSTEM_OPTIMIZED in volume: b3b29d81-ed5e-4810-86c3-3d8a082dc12e
2025-10-17 11:03:01,550 | INFO  | OMAudit | user=runner | ip=127.0.0.1 | op=CREATE_BUCKET {"volume":"b3b29d81-ed5e-4810-86c3-3d8a082dc12e","bucket":"e22589e1-3891-4893-9c99-da2a74562542","bucketLayout":"FILE_SYSTEM_OPTIMIZED","gdprEnabled":null,"acls":"[user:runner:a[ACCESS], group:runner:rl[ACCESS]]","isVersionEnabled":"false","storageType":"DISK","creationTime":"1760698981550","bucketEncryptionKey":null,"modificationTime":"1760698981550","usedBytes":"0","usedNamespace":"0","snapshotUsedBytes":"0","snapshotUsedNamespace":"0","owner":"runner","replicationType":null,"replicationConfig":null,"quotaInBytes":"-1","quotaInNamespace":"-1","Transaction":"1572"} | ret=SUCCESS |  
2025-10-17 11:03:01,552 | INFO  | OMAudit | user=runner | ip=127.0.0.1 | op=READ_BUCKET {"volume":"b3b29d81-ed5e-4810-86c3-3d8a082dc12e","bucket":"e22589e1-3891-4893-9c99-da2a74562542"} | ret=SUCCESS |  
2025-10-17 11:03:01,554 | INFO  | OMAudit | user=runner | ip=127.0.0.1 | op=INITIATE_MULTIPART_UPLOAD {"volume":"b3b29d81-ed5e-4810-86c3-3d8a082dc12e","bucket":"e22589e1-3891-4893-9c99-da2a74562542","key":"c22b1f1d-3439-4a00-adea-4dad3c31af53","dataSize":"0","replicationType":"RATIS","replicationFactor":"THREE","uploadID":"0199f1d6-5cb1-7eb1-88fd-45ff9be61070-115389168455057796","Transaction":"1573"} | ret=SUCCESS |  
2025-10-17 11:03:01,557 | INFO  | OMAudit | user=runner | ip=127.0.0.1 | op=ALLOCATE_KEY {"volume":"b3b29d81-ed5e-4810-86c3-3d8a082dc12e","bucket":"e22589e1-3891-4893-9c99-da2a74562542","key":"c22b1f1d-3439-4a00-adea-4dad3c31af53","dataSize":"5242880","Transaction":"1574"} | ret=SUCCESS |  
2025-10-17 11:03:01,559 | INFO  | SCMAudit | user=runner | ip=127.0.0.1 | op=ALLOCATE_BLOCK {"replication":"RATIS/THREE","owner":"omServiceIdDefault","size":"4194304","sampleBlocks":"[conID: 22 locID: 115816896921600417]","num":"1","client":"","allocated":"1"} | ret=SUCCESS |  
2025-10-17 11:03:01,561 | INFO  | OMAudit | user=runner | ip=127.0.0.1 | op=ALLOCATE_BLOCK {"volume":"b3b29d81-ed5e-4810-86c3-3d8a082dc12e","bucket":"e22589e1-3891-4893-9c99-da2a74562542","key":"c22b1f1d-3439-4a00-adea-4dad3c31af53","dataSize":"5242880","replicationType":"RATIS","replicationFactor":"THREE","clientID":"115389168455254405","Transaction":"1575"} | ret=SUCCESS |  
2025-10-17 11:03:01,590 [om1-OMDoubleBufferFlushThread] INFO  db.RDBCheckpointManager (RDBCheckpointManager.java:createCheckpoint(87)) - Created checkpoint in rocksDB at /home/runner/work/ozone/ozone/hadoop-ozone/integration-test/target/test-dir/MiniOzoneClusterImpl-d1ffa5d3-3301-45c3-9f44-1ffa6967d237/om/data/db.snapshots/checkpointState/om.db-c228cc24-d455-42da-bb39-b82a3beb7e59 in 52 milliseconds
2025-10-17 11:03:01,600 | INFO  | SCMAudit | user=runner | ip=127.0.0.1 | op=ALLOCATE_BLOCK {"replication":"RATIS/THREE","owner":"omServiceIdDefault","size":"4194304","sampleBlocks":"[conID: 16 locID: 115816896921600418]","num":"1","client":"","allocated":"1"} | ret=SUCCESS |  
2025-10-17 11:03:01,602 | INFO  | OMAudit | user=runner | ip=127.0.0.1 | op=ALLOCATE_BLOCK {"volume":"b3b29d81-ed5e-4810-86c3-3d8a082dc12e","bucket":"e22589e1-3891-4893-9c99-da2a74562542","key":"c22b1f1d-3439-4a00-adea-4dad3c31af53","dataSize":"5242880","replicationType":"RATIS","replicationFactor":"THREE","clientID":"115389168455254405","Transaction":"1576"} | ret=SUCCESS |  
2025-10-17 11:03:01,622 [om1-OMDoubleBufferFlushThread] INFO  om.OmSnapshotManager (OmSnapshotManager.java:createOmSnapshotCheckpoint(545)) - Created checkpoint: /home/runner/work/ozone/ozone/hadoop-ozone/integration-test/target/test-dir/MiniOzoneClusterImpl-d1ffa5d3-3301-45c3-9f44-1ffa6967d237/om/data/db.snapshots/checkpointState/om.db-c228cc24-d455-42da-bb39-b82a3beb7e59 for snapshot /vol-a-69739/buc-a-45378/snapshot-b-8-50212
2025-10-17 11:03:01,626 | INFO  | OMAudit | user=runner | ip=127.0.0.1 | op=COMMIT_MULTIPART_UPLOAD_PARTKEY {"volume":"b3b29d81-ed5e-4810-86c3-3d8a082dc12e","bucket":"e22589e1-3891-4893-9c99-da2a74562542","key":"c22b1f1d-3439-4a00-adea-4dad3c31af53","dataSize":"5242880","ETag":"5ec9ae7549d12b830c2796d79d95cb39","uploadID":"0199f1d6-5cb1-7eb1-88fd-45ff9be61070-115389168455057796","partNumber":"1","partName":"/b3b29d81-ed5e-4810-86c3-3d8a082dc12e/e22589e1-3891-4893-9c99-da2a74562542/c22b1f1d-3439-4a00-adea-4dad3c31af53-0199f1d6-5cb1-7eb1-88fd-45ff9be61070-115389168455057796-1","Transaction":"1577"} | ret=SUCCESS |  
2025-10-17 11:03:01,629 | INFO  | OMAudit | user=runner | ip=127.0.0.1 | op=ALLOCATE_KEY {"volume":"b3b29d81-ed5e-4810-86c3-3d8a082dc12e","bucket":"e22589e1-3891-4893-9c99-da2a74562542","key":"c22b1f1d-3439-4a00-adea-4dad3c31af53","dataSize":"5242880","Transaction":"1578"} | ret=SUCCESS |  
2025-10-17 11:03:01,632 | INFO  | SCMAudit | user=runner | ip=127.0.0.1 | op=ALLOCATE_BLOCK {"replication":"RATIS/THREE","owner":"omServiceIdDefault","size":"4194304","sampleBlocks":"[conID: 16 locID: 115816896921600419]","num":"1","client":"","allocated":"1"} | ret=SUCCESS |  
2025-10-17 11:03:01,634 | INFO  | OMAudit | user=runner | ip=127.0.0.1 | op=ALLOCATE_BLOCK {"volume":"b3b29d81-ed5e-4810-86c3-3d8a082dc12e","bucket":"e22589e1-3891-4893-9c99-da2a74562542","key":"c22b1f1d-3439-4a00-adea-4dad3c31af53","dataSize":"5242880","replicationType":"RATIS","replicationFactor":"THREE","clientID":"115389168459972998","Transaction":"1579"} | ret=SUCCESS |  
2025-10-17 11:03:01,678 | INFO  | SCMAudit | user=runner | ip=127.0.0.1 | op=ALLOCATE_BLOCK {"replication":"RATIS/THREE","owner":"omServiceIdDefault","size":"4194304","sampleBlocks":"[conID: 16 locID: 115816896921600420]","num":"1","client":"","allocated":"1"} | ret=SUCCESS |  
2025-10-17 11:03:01,681 | INFO  | OMAudit | user=runner | ip=127.0.0.1 | op=ALLOCATE_BLOCK {"volume":"b3b29d81-ed5e-4810-86c3-3d8a082dc12e","bucket":"e22589e1-3891-4893-9c99-da2a74562542","key":"c22b1f1d-3439-4a00-adea-4dad3c31af53","dataSize":"5242880","replicationType":"RATIS","replicationFactor":"THREE","clientID":"115389168459972998","Transaction":"1580"} | ret=SUCCESS |  
2025-10-17 11:03:01,697 [om1-OMDoubleBufferFlushThread] INFO  db.RDBCheckpointManager (RDBCheckpointManager.java:createCheckpoint(87)) - Created checkpoint in rocksDB at /home/runner/work/ozone/ozone/hadoop-ozone/integration-test/target/test-dir/MiniOzoneClusterImpl-d1ffa5d3-3301-45c3-9f44-1ffa6967d237/om/data/db.snapshots/checkpointState/om.db-298685c5-17a6-46e8-b6c6-62543fcc0e0d in 73 milliseconds
2025-10-17 11:03:01,705 | INFO  | OMAudit | user=runner | ip=127.0.0.1 | op=COMMIT_MULTIPART_UPLOAD_PARTKEY {"volume":"b3b29d81-ed5e-4810-86c3-3d8a082dc12e","bucket":"e22589e1-3891-4893-9c99-da2a74562542","key":"c22b1f1d-3439-4a00-adea-4dad3c31af53","dataSize":"5242880","ETag":"5ec9ae7549d12b830c2796d79d95cb39","uploadID":"0199f1d6-5cb1-7eb1-88fd-45ff9be61070-115389168455057796","partNumber":"2","partName":"/b3b29d81-ed5e-4810-86c3-3d8a082dc12e/e22589e1-3891-4893-9c99-da2a74562542/c22b1f1d-3439-4a00-adea-4dad3c31af53-0199f1d6-5cb1-7eb1-88fd-45ff9be61070-115389168455057796-2","Transaction":"1581"} | ret=SUCCESS |  
2025-10-17 11:03:01,708 | INFO  | OMAudit | user=runner | ip=127.0.0.1 | op=ALLOCATE_KEY {"volume":"b3b29d81-ed5e-4810-86c3-3d8a082dc12e","bucket":"e22589e1-3891-4893-9c99-da2a74562542","key":"c22b1f1d-3439-4a00-adea-4dad3c31af53","dataSize":"36","Transaction":"1582"} | ret=SUCCESS |  
2025-10-17 11:03:01,711 | INFO  | SCMAudit | user=runner | ip=127.0.0.1 | op=ALLOCATE_BLOCK {"replication":"RATIS/THREE","owner":"omServiceIdDefault","size":"4194304","sampleBlocks":"[conID: 17 locID: 115816896921600421]","num":"1","client":"","allocated":"1"} | ret=SUCCESS |  
2025-10-17 11:03:01,713 | INFO  | OMAudit | user=runner | ip=127.0.0.1 | op=ALLOCATE_BLOCK {"volume":"b3b29d81-ed5e-4810-86c3-3d8a082dc12e","bucket":"e22589e1-3891-4893-9c99-da2a74562542","key":"c22b1f1d-3439-4a00-adea-4dad3c31af53","dataSize":"36","replicationType":"RATIS","replicationFactor":"THREE","clientID":"115389168465150343","Transaction":"1583"} | ret=SUCCESS |  
2025-10-17 11:03:01,722 [om1-OMDoubleBufferFlushThread] INFO  om.OmSnapshotManager (OmSnapshotManager.java:createOmSnapshotCheckpoint(545)) - Created checkpoint: /home/runner/work/ozone/ozone/hadoop-ozone/integration-test/target/test-dir/MiniOzoneClusterImpl-d1ffa5d3-3301-45c3-9f44-1ffa6967d237/om/data/db.snapshots/checkpointState/om.db-298685c5-17a6-46e8-b6c6-62543fcc0e0d for snapshot /vol-a-69739/buc-b-13213/snapshot-b-8-68682
2025-10-17 11:03:01,725 | INFO  | OMAudit | user=runner | ip=127.0.0.1 | op=COMMIT_MULTIPART_UPLOAD_PARTKEY {"volume":"b3b29d81-ed5e-4810-86c3-3d8a082dc12e","bucket":"e22589e1-3891-4893-9c99-da2a74562542","key":"c22b1f1d-3439-4a00-adea-4dad3c31af53","dataSize":"36","ETag":"b327477eae84c93228baf8dccd11b612","uploadID":"0199f1d6-5cb1-7eb1-88fd-45ff9be61070-115389168455057796","partNumber":"3","partName":"/b3b29d81-ed5e-4810-86c3-3d8a082dc12e/e22589e1-3891-4893-9c99-da2a74562542/c22b1f1d-3439-4a00-adea-4dad3c31af53-0199f1d6-5cb1-7eb1-88fd-45ff9be61070-115389168455057796-3","Transaction":"1584"} | ret=SUCCESS |  
2025-10-17 11:03:01,728 | INFO  | OMAudit | user=runner | ip=127.0.0.1 | op=COMPLETE_MULTIPART_UPLOAD {"volume":"b3b29d81-ed5e-4810-86c3-3d8a082dc12e","bucket":"e22589e1-3891-4893-9c99-da2a74562542","key":"c22b1f1d-3439-4a00-adea-4dad3c31af53","dataSize":"0","uploadID":"0199f1d6-5cb1-7eb1-88fd-45ff9be61070-115389168455057796","multipartList":"[partNumber: 1 partName: \"5ec9ae7549d12b830c2796d79d95cb39\" eTag: \"5ec9ae7549d12b830c2796d79d95cb39\" , partNumber: 2 partName: \"5ec9ae7549d12b830c2796d79d95cb39\" eTag: \"5ec9ae7549d12b830c2796d79d95cb39\" , partNumber: 3 partName: \"b327477eae84c93228baf8dccd11b612\" eTag: \"b327477eae84c93228baf8dccd11b612\" ]","Transaction":"1585"} | ret=SUCCESS |  
2025-10-17 11:03:01,731 | INFO  | OMAudit | user=runner | ip=127.0.0.1 | op=READ_KEY {"volume":"b3b29d81-ed5e-4810-86c3-3d8a082dc12e","bucket":"e22589e1-3891-4893-9c99-da2a74562542","key":"c22b1f1d-3439-4a00-adea-4dad3c31af53","owner":null,"dataSize":"0","replicationConfig":null} | ret=SUCCESS |  
2025-10-17 11:03:01,737 | INFO  | SCMAudit | user=runner | ip=127.0.0.1 | op=SEND_HEARTBEAT {"datanodeUUID":"2b4cc429-f9c1-416c-9a38-6239a2e149ea","term":"2","command":"[]"} | ret=SUCCESS |  
2025-10-17 11:03:01,739 | INFO  | SCMAudit | user=runner | ip=127.0.0.1 | op=SEND_HEARTBEAT {"datanodeUUID":"28c08cd4-c049-4c66-8210-e254cf68b291","term":"2","command":"[]"} | ret=SUCCESS |  
2025-10-17 11:03:01,740 | INFO  | SCMAudit | user=runner | ip=127.0.0.1 | op=SEND_HEARTBEAT {"datanodeUUID":"b292b6be-9482-4c30-a3e0-c9f721931b72","term":"2","command":"[]"} | ret=SUCCESS |  
2025-10-17 11:03:01,740 | INFO  | SCMAudit | user=runner | ip=127.0.0.1 | op=SEND_HEARTBEAT {"datanodeUUID":"b1eee25a-1fdf-4744-83c7-58e0513fce3b","term":"2","command":"[]"} | ret=SUCCESS |  
2025-10-17 11:03:01,739 | INFO  | SCMAudit | user=runner | ip=127.0.0.1 | op=SEND_HEARTBEAT {"datanodeUUID":"b6f92338-e951-49df-a986-ea31ece96e9e","term":"2","command":"[]"} | ret=SUCCESS |  
2025-10-17 11:03:01,764 | INFO  | SCMAudit | user=runner | ip=127.0.0.1 | op=SEND_HEARTBEAT {"datanodeUUID":"dbd6f242-9b73-4bca-a110-3e2ec656b979","term":"2","command":"[]"} | ret=SUCCESS |  
2025-10-17 11:03:01,767 | INFO  | SCMAudit | user=runner | ip=127.0.0.1 | op=SEND_HEARTBEAT {"datanodeUUID":"ed6e9581-5875-4278-a8db-50829892434b","term":"2","command":"[]"} | ret=SUCCESS |  
2025-10-17 11:03:01,780 [om1-OMDoubleBufferFlushThread] INFO  db.RDBCheckpointManager (RDBCheckpointManager.java:createCheckpoint(87)) - Created checkpoint in rocksDB at /home/runner/work/ozone/ozone/hadoop-ozone/integration-test/target/test-dir/MiniOzoneClusterImpl-d1ffa5d3-3301-45c3-9f44-1ffa6967d237/om/data/db.snapshots/checkpointState/om.db-beeb90d4-a7d0-4ce2-835d-10fcc61b90cf in 56 milliseconds
2025-10-17 11:03:01,790 | INFO  | SCMAudit | user=runner | ip=127.0.0.1 | op=GET_CONTAINER_WITH_PIPELINE_BATCH {"containerIDs":"#16,#17,#22,"} | ret=SUCCESS |  
2025-10-17 11:03:01,792 | INFO  | OMAudit | user=null | ip= | op=READ_KEY {"volume":"b3b29d81-ed5e-4810-86c3-3d8a082dc12e","bucket":"e22589e1-3891-4893-9c99-da2a74562542","key":"c22b1f1d-3439-4a00-adea-4dad3c31af53","owner":null,"dataSize":"0","replicationConfig":null} | ret=SUCCESS |  
2025-10-17 11:03:01,793 | INFO  | SCMAudit | user=runner | ip=127.0.0.1 | op=GET_CONTAINER {"containerID":"22"} | ret=SUCCESS |  
2025-10-17 11:03:01,793 | INFO  | SCMAudit | user=runner | ip=127.0.0.1 | op=GET_CONTAINER {"containerID":"16"} | ret=SUCCESS |  
2025-10-17 11:03:01,794 | INFO  | SCMAudit | user=runner | ip=127.0.0.1 | op=GET_CONTAINER {"containerID":"16"} | ret=SUCCESS |  
2025-10-17 11:03:01,794 | INFO  | SCMAudit | user=runner | ip=127.0.0.1 | op=GET_CONTAINER {"containerID":"16"} | ret=SUCCESS |  
2025-10-17 11:03:01,795 | INFO  | SCMAudit | user=runner | ip=127.0.0.1 | op=GET_CONTAINER {"containerID":"17"} | ret=SUCCESS |  
]]></system-out>
  </testcase>
  <testcase name="testNativeAclsForBucket" classname="org.apache.hadoop.ozone.client.rpc.TestSecureOzoneRpcClient" time="0.091">
    <system-out><![CDATA[2025-10-17 11:03:01,805 [om1-OMDoubleBufferFlushThread] INFO  om.OmSnapshotManager (OmSnapshotManager.java:createOmSnapshotCheckpoint(545)) - Created checkpoint: /home/runner/work/ozone/ozone/hadoop-ozone/integration-test/target/test-dir/MiniOzoneClusterImpl-d1ffa5d3-3301-45c3-9f44-1ffa6967d237/om/data/db.snapshots/checkpointState/om.db-beeb90d4-a7d0-4ce2-835d-10fcc61b90cf for snapshot /vol-b-67769/buc-a-45378/snapshot-b-8-78346
2025-10-17 11:03:01,807 [ForkJoinPool-1-worker-1] INFO  rpc.RpcClient (RpcClient.java:createVolume(461)) - Creating Volume: 45f5e14e-d7ac-4608-bb25-9a80f2e8af3f, with runner as owner and space quota set to -1 bytes, counts quota set to -1
2025-10-17 11:03:01,809 [om1-OMStateMachineApplyTransactionThread - 0] INFO  volume.OMVolumeCreateRequest (OMVolumeCreateRequest.java:validateAndUpdateCache(213)) - created volume:45f5e14e-d7ac-4608-bb25-9a80f2e8af3f for user:runner
2025-10-17 11:03:01,809 | INFO  | OMAudit | user=runner | ip=127.0.0.1 | op=CREATE_VOLUME {"admin":"runner","owner":"runner","volume":"45f5e14e-d7ac-4608-bb25-9a80f2e8af3f","creationTime":"1760698981807","modificationTime":"1760698981807","quotaInBytes":"-1","quotaInNamespace":"-1","usedNamespace":"0","objectID":"-9223372036854369792","updateID":"1586","Transaction":"1586"} | ret=SUCCESS |  
2025-10-17 11:03:01,811 | INFO  | OMAudit | user=runner | ip=127.0.0.1 | op=READ_VOLUME {"volume":"45f5e14e-d7ac-4608-bb25-9a80f2e8af3f"} | ret=SUCCESS |  
2025-10-17 11:03:01,811 [ForkJoinPool-1-worker-1] INFO  rpc.RpcClient (RpcClient.java:createBucket(686)) - Creating Bucket: 45f5e14e-d7ac-4608-bb25-9a80f2e8af3f/566cd46e-c8af-4607-9ab1-273685f031dd, with server-side default bucket layout, runner as owner, Versioning false, Storage Type set to DISK and Encryption set to false, Replication Type set to server-side default replication type, Namespace Quota set to -1, Space Quota set to -1 
2025-10-17 11:03:01,813 [om1-OMStateMachineApplyTransactionThread - 0] INFO  bucket.OMBucketCreateRequest (OMBucketCreateRequest.java:validateAndUpdateCache(303)) - created bucket: 566cd46e-c8af-4607-9ab1-273685f031dd of layout FILE_SYSTEM_OPTIMIZED in volume: 45f5e14e-d7ac-4608-bb25-9a80f2e8af3f
2025-10-17 11:03:01,813 | INFO  | OMAudit | user=runner | ip=127.0.0.1 | op=CREATE_BUCKET {"volume":"45f5e14e-d7ac-4608-bb25-9a80f2e8af3f","bucket":"566cd46e-c8af-4607-9ab1-273685f031dd","bucketLayout":"FILE_SYSTEM_OPTIMIZED","gdprEnabled":null,"acls":"[user:runner:a[ACCESS], group:runner:rl[ACCESS]]","isVersionEnabled":"false","storageType":"DISK","creationTime":"1760698981812","bucketEncryptionKey":null,"modificationTime":"1760698981812","usedBytes":"0","usedNamespace":"0","snapshotUsedBytes":"0","snapshotUsedNamespace":"0","owner":"runner","replicationType":null,"replicationConfig":null,"quotaInBytes":"-1","quotaInNamespace":"-1","Transaction":"1587"} | ret=SUCCESS |  
2025-10-17 11:03:01,814 | INFO  | OMAudit | user=runner | ip=127.0.0.1 | op=READ_BUCKET {"volume":"45f5e14e-d7ac-4608-bb25-9a80f2e8af3f","bucket":"566cd46e-c8af-4607-9ab1-273685f031dd"} | ret=SUCCESS |  
2025-10-17 11:03:01,846 [om1-OMDoubleBufferFlushThread] INFO  db.RDBCheckpointManager (RDBCheckpointManager.java:createCheckpoint(87)) - Created checkpoint in rocksDB at /home/runner/work/ozone/ozone/hadoop-ozone/integration-test/target/test-dir/MiniOzoneClusterImpl-d1ffa5d3-3301-45c3-9f44-1ffa6967d237/om/data/db.snapshots/checkpointState/om.db-0f2e40c6-0093-47b8-a922-ac5e33ff5fe8 in 39 milliseconds
2025-10-17 11:03:01,847 | INFO  | OMAudit | user=runner | ip=127.0.0.1 | op=ADD_ACL {"resourceType":"bucket","storageType":"ozone","volume":"45f5e14e-d7ac-4608-bb25-9a80f2e8af3f","bucket":"566cd46e-c8af-4607-9ab1-273685f031dd","key":null,"acl":"[user:runner:x[ACCESS]]","Transaction":"1588"} | ret=SUCCESS |  
2025-10-17 11:03:01,848 | INFO  | OMAudit | user=runner | ip=127.0.0.1 | op=GET_ACL {"resourceType":"bucket","storageType":"ozone","volume":"45f5e14e-d7ac-4608-bb25-9a80f2e8af3f","bucket":"566cd46e-c8af-4607-9ab1-273685f031dd","key":null} | ret=SUCCESS |  
2025-10-17 11:03:01,849 | INFO  | OMAudit | user=runner | ip=127.0.0.1 | op=GET_ACL {"resourceType":"bucket","storageType":"ozone","volume":"45f5e14e-d7ac-4608-bb25-9a80f2e8af3f","bucket":"566cd46e-c8af-4607-9ab1-273685f031dd","key":null} | ret=SUCCESS |  
2025-10-17 11:03:01,854 | INFO  | OMAudit | user=runner | ip=127.0.0.1 | op=REMOVE_ACL {"resourceType":"bucket","storageType":"ozone","volume":"45f5e14e-d7ac-4608-bb25-9a80f2e8af3f","bucket":"566cd46e-c8af-4607-9ab1-273685f031dd","key":null,"acl":"[user:runner:x[ACCESS]]","Transaction":"1589"} | ret=SUCCESS |  
2025-10-17 11:03:01,856 | INFO  | OMAudit | user=runner | ip=127.0.0.1 | op=GET_ACL {"resourceType":"bucket","storageType":"ozone","volume":"45f5e14e-d7ac-4608-bb25-9a80f2e8af3f","bucket":"566cd46e-c8af-4607-9ab1-273685f031dd","key":null} | ret=SUCCESS |  
2025-10-17 11:03:01,856 | INFO  | OMAudit | user=runner | ip=127.0.0.1 | op=GET_ACL {"resourceType":"bucket","storageType":"ozone","volume":"45f5e14e-d7ac-4608-bb25-9a80f2e8af3f","bucket":"566cd46e-c8af-4607-9ab1-273685f031dd","key":null} | ret=SUCCESS |  
2025-10-17 11:03:01,858 | INFO  | OMAudit | user=runner | ip=127.0.0.1 | op=GET_ACL {"resourceType":"bucket","storageType":"ozone","volume":"45f5e14e-d7ac-4608-bb25-9a80f2e8af3f","bucket":"566cd46e-c8af-4607-9ab1-273685f031dd","key":null} | ret=SUCCESS |  
2025-10-17 11:03:01,860 | INFO  | OMAudit | user=runner | ip=127.0.0.1 | op=REMOVE_ACL {"resourceType":"bucket","storageType":"ozone","volume":"45f5e14e-d7ac-4608-bb25-9a80f2e8af3f","bucket":"566cd46e-c8af-4607-9ab1-273685f031dd","key":null,"acl":"[user:runner:a[ACCESS]]","Transaction":"1590"} | ret=SUCCESS |  
2025-10-17 11:03:01,865 | INFO  | OMAudit | user=runner | ip=127.0.0.1 | op=REMOVE_ACL {"resourceType":"bucket","storageType":"ozone","volume":"45f5e14e-d7ac-4608-bb25-9a80f2e8af3f","bucket":"566cd46e-c8af-4607-9ab1-273685f031dd","key":null,"acl":"[group:runner:rl[ACCESS]]","Transaction":"1591"} | ret=SUCCESS |  
2025-10-17 11:03:01,866 | INFO  | OMAudit | user=runner | ip=127.0.0.1 | op=GET_ACL {"resourceType":"bucket","storageType":"ozone","volume":"45f5e14e-d7ac-4608-bb25-9a80f2e8af3f","bucket":"566cd46e-c8af-4607-9ab1-273685f031dd","key":null} | ret=SUCCESS |  
2025-10-17 11:03:01,868 [om1-OMDoubleBufferFlushThread] INFO  om.OmSnapshotManager (OmSnapshotManager.java:createOmSnapshotCheckpoint(545)) - Created checkpoint: /home/runner/work/ozone/ozone/hadoop-ozone/integration-test/target/test-dir/MiniOzoneClusterImpl-d1ffa5d3-3301-45c3-9f44-1ffa6967d237/om/data/db.snapshots/checkpointState/om.db-0f2e40c6-0093-47b8-a922-ac5e33ff5fe8 for snapshot /vol-b-67769/buc-b-13213/snapshot-b-8-68382
2025-10-17 11:03:01,868 | INFO  | OMAudit | user=runner | ip=127.0.0.1 | op=ADD_ACL {"resourceType":"bucket","storageType":"ozone","volume":"45f5e14e-d7ac-4608-bb25-9a80f2e8af3f","bucket":"566cd46e-c8af-4607-9ab1-273685f031dd","key":null,"acl":"[user:runner:a[ACCESS]]","Transaction":"1592"} | ret=SUCCESS |  
2025-10-17 11:03:01,869 | INFO  | OMAudit | user=runner | ip=127.0.0.1 | op=GET_ACL {"resourceType":"bucket","storageType":"ozone","volume":"45f5e14e-d7ac-4608-bb25-9a80f2e8af3f","bucket":"566cd46e-c8af-4607-9ab1-273685f031dd","key":null} | ret=SUCCESS |  
2025-10-17 11:03:01,871 | INFO  | OMAudit | user=runner | ip=127.0.0.1 | op=ADD_ACL {"resourceType":"bucket","storageType":"ozone","volume":"45f5e14e-d7ac-4608-bb25-9a80f2e8af3f","bucket":"566cd46e-c8af-4607-9ab1-273685f031dd","key":null,"acl":"[group:runner:rl[ACCESS]]","Transaction":"1593"} | ret=SUCCESS |  
2025-10-17 11:03:01,872 | INFO  | OMAudit | user=runner | ip=127.0.0.1 | op=GET_ACL {"resourceType":"bucket","storageType":"ozone","volume":"45f5e14e-d7ac-4608-bb25-9a80f2e8af3f","bucket":"566cd46e-c8af-4607-9ab1-273685f031dd","key":null} | ret=SUCCESS |  
2025-10-17 11:03:01,873 | INFO  | OMAudit | user=runner | ip=127.0.0.1 | op=GET_ACL {"resourceType":"bucket","storageType":"ozone","volume":"45f5e14e-d7ac-4608-bb25-9a80f2e8af3f","bucket":"566cd46e-c8af-4607-9ab1-273685f031dd","key":null} | ret=SUCCESS |  
2025-10-17 11:03:01,882 | INFO  | OMAudit | user=runner | ip=127.0.0.1 | op=SET_ACL {"resourceType":"bucket","storageType":"ozone","volume":"45f5e14e-d7ac-4608-bb25-9a80f2e8af3f","bucket":"566cd46e-c8af-4607-9ab1-273685f031dd","key":null,"acl":"[user:userx:x[ACCESS], group:userx:a[ACCESS]]","Transaction":"1594"} | ret=SUCCESS |  
2025-10-17 11:03:01,883 | INFO  | OMAudit | user=runner | ip=127.0.0.1 | op=GET_ACL {"resourceType":"bucket","storageType":"ozone","volume":"45f5e14e-d7ac-4608-bb25-9a80f2e8af3f","bucket":"566cd46e-c8af-4607-9ab1-273685f031dd","key":null} | ret=SUCCESS |  
2025-10-17 11:03:01,884 | INFO  | OMAudit | user=runner | ip=127.0.0.1 | op=ADD_ACL {"resourceType":"volume","storageType":"ozone","volume":"45f5e14e-d7ac-4608-bb25-9a80f2e8af3f","bucket":null,"key":null,"acl":"[user:remoteUser:r[DEFAULT]]","Transaction":"1595"} | ret=SUCCESS |  
2025-10-17 11:03:01,887 | INFO  | OMAudit | user=runner | ip=127.0.0.1 | op=ADD_ACL {"resourceType":"volume","storageType":"ozone","volume":"45f5e14e-d7ac-4608-bb25-9a80f2e8af3f","bucket":null,"key":null,"acl":"[group:remoteGroup:r[DEFAULT]]","Transaction":"1596"} | ret=SUCCESS |  
2025-10-17 11:03:01,890 | INFO  | SCMAudit | user=runner | ip=127.0.0.1 | op=SEND_HEARTBEAT {"datanodeUUID":"a5293c95-44e9-4ea9-88ca-89089eac4b59","term":"2","command":"[]"} | ret=SUCCESS |  
2025-10-17 11:03:01,892 | INFO  | OMAudit | user=runner | ip=127.0.0.1 | op=DELETE_BUCKET {"volume":"45f5e14e-d7ac-4608-bb25-9a80f2e8af3f","bucket":"566cd46e-c8af-4607-9ab1-273685f031dd","Transaction":"1597"} | ret=SUCCESS |  
2025-10-17 11:03:01,892 [ForkJoinPool-1-worker-1] INFO  rpc.RpcClient (RpcClient.java:createBucket(686)) - Creating Bucket: 45f5e14e-d7ac-4608-bb25-9a80f2e8af3f/566cd46e-c8af-4607-9ab1-273685f031dd, with server-side default bucket layout, runner as owner, Versioning false, Storage Type set to DISK and Encryption set to false, Replication Type set to server-side default replication type, Namespace Quota set to -1, Space Quota set to -1 
2025-10-17 11:03:01,894 [om1-OMStateMachineApplyTransactionThread - 0] INFO  bucket.OMBucketCreateRequest (OMBucketCreateRequest.java:validateAndUpdateCache(303)) - created bucket: 566cd46e-c8af-4607-9ab1-273685f031dd of layout FILE_SYSTEM_OPTIMIZED in volume: 45f5e14e-d7ac-4608-bb25-9a80f2e8af3f
2025-10-17 11:03:01,894 | INFO  | OMAudit | user=runner | ip=127.0.0.1 | op=CREATE_BUCKET {"volume":"45f5e14e-d7ac-4608-bb25-9a80f2e8af3f","bucket":"566cd46e-c8af-4607-9ab1-273685f031dd","bucketLayout":"FILE_SYSTEM_OPTIMIZED","gdprEnabled":null,"acls":"[user:runner:a[ACCESS], group:runner:rl[ACCESS], user:remoteUser:r[ACCESS], group:remoteGroup:r[ACCESS]]","isVersionEnabled":"false","storageType":"DISK","creationTime":"1760698981893","bucketEncryptionKey":null,"modificationTime":"1760698981893","usedBytes":"0","usedNamespace":"0","snapshotUsedBytes":"0","snapshotUsedNamespace":"0","owner":"runner","replicationType":null,"replicationConfig":null,"quotaInBytes":"-1","quotaInNamespace":"-1","Transaction":"1598"} | ret=SUCCESS |  
2025-10-17 11:03:01,895 | INFO  | OMAudit | user=runner | ip=127.0.0.1 | op=GET_ACL {"resourceType":"volume","storageType":"ozone","volume":"45f5e14e-d7ac-4608-bb25-9a80f2e8af3f","bucket":null,"key":null} | ret=SUCCESS |  
2025-10-17 11:03:01,896 | INFO  | OMAudit | user=runner | ip=127.0.0.1 | op=GET_ACL {"resourceType":"bucket","storageType":"ozone","volume":"45f5e14e-d7ac-4608-bb25-9a80f2e8af3f","bucket":"566cd46e-c8af-4607-9ab1-273685f031dd","key":null} | ret=SUCCESS |  
]]></system-out>
  </testcase>
  <testcase name="testNativeAclsForKey" classname="org.apache.hadoop.ozone.client.rpc.TestSecureOzoneRpcClient" time="0.181">
    <system-out><![CDATA[2025-10-17 11:03:01,899 [ForkJoinPool-1-worker-1] INFO  rpc.RpcClient (RpcClient.java:createVolume(461)) - Creating Volume: 864d278e-ebc5-4c3d-9e4a-3a402a45f7b0, with runner as owner and space quota set to -1 bytes, counts quota set to -1
2025-10-17 11:03:01,902 [om1-OMStateMachineApplyTransactionThread - 0] INFO  volume.OMVolumeCreateRequest (OMVolumeCreateRequest.java:validateAndUpdateCache(213)) - created volume:864d278e-ebc5-4c3d-9e4a-3a402a45f7b0 for user:runner
2025-10-17 11:03:01,902 | INFO  | OMAudit | user=runner | ip=127.0.0.1 | op=CREATE_VOLUME {"admin":"runner","owner":"runner","volume":"864d278e-ebc5-4c3d-9e4a-3a402a45f7b0","creationTime":"1760698981901","modificationTime":"1760698981901","quotaInBytes":"-1","quotaInNamespace":"-1","usedNamespace":"0","objectID":"-9223372036854366464","updateID":"1599","Transaction":"1599"} | ret=SUCCESS |  
2025-10-17 11:03:01,903 | INFO  | OMAudit | user=runner | ip=127.0.0.1 | op=READ_VOLUME {"volume":"864d278e-ebc5-4c3d-9e4a-3a402a45f7b0"} | ret=SUCCESS |  
2025-10-17 11:03:01,905 [ForkJoinPool-1-worker-1] INFO  rpc.RpcClient (RpcClient.java:createBucket(686)) - Creating Bucket: 864d278e-ebc5-4c3d-9e4a-3a402a45f7b0/a62e3342-727c-4112-a61f-3a0104b80e26, with server-side default bucket layout, runner as owner, Versioning false, Storage Type set to DISK and Encryption set to false, Replication Type set to server-side default replication type, Namespace Quota set to -1, Space Quota set to -1 
2025-10-17 11:03:01,906 [om1-OMStateMachineApplyTransactionThread - 0] INFO  bucket.OMBucketCreateRequest (OMBucketCreateRequest.java:validateAndUpdateCache(303)) - created bucket: a62e3342-727c-4112-a61f-3a0104b80e26 of layout FILE_SYSTEM_OPTIMIZED in volume: 864d278e-ebc5-4c3d-9e4a-3a402a45f7b0
2025-10-17 11:03:01,906 | INFO  | OMAudit | user=runner | ip=127.0.0.1 | op=CREATE_BUCKET {"volume":"864d278e-ebc5-4c3d-9e4a-3a402a45f7b0","bucket":"a62e3342-727c-4112-a61f-3a0104b80e26","bucketLayout":"FILE_SYSTEM_OPTIMIZED","gdprEnabled":null,"acls":"[user:runner:a[ACCESS], group:runner:rl[ACCESS]]","isVersionEnabled":"false","storageType":"DISK","creationTime":"1760698981905","bucketEncryptionKey":null,"modificationTime":"1760698981905","usedBytes":"0","usedNamespace":"0","snapshotUsedBytes":"0","snapshotUsedNamespace":"0","owner":"runner","replicationType":null,"replicationConfig":null,"quotaInBytes":"-1","quotaInNamespace":"-1","Transaction":"1600"} | ret=SUCCESS |  
2025-10-17 11:03:01,908 | INFO  | OMAudit | user=runner | ip=127.0.0.1 | op=READ_BUCKET {"volume":"864d278e-ebc5-4c3d-9e4a-3a402a45f7b0","bucket":"a62e3342-727c-4112-a61f-3a0104b80e26"} | ret=SUCCESS |  
2025-10-17 11:03:01,911 | INFO  | OMAudit | user=runner | ip=127.0.0.1 | op=READ_BUCKET {"volume":"864d278e-ebc5-4c3d-9e4a-3a402a45f7b0","bucket":"a62e3342-727c-4112-a61f-3a0104b80e26"} | ret=SUCCESS |  
2025-10-17 11:03:01,914 | INFO  | SCMAudit | user=runner | ip=127.0.0.1 | op=ALLOCATE_BLOCK {"replication":"RATIS/ONE","owner":"omServiceIdDefault","size":"4194304","sampleBlocks":"[conID: 1 locID: 115816896921600422]","num":"1","client":"","allocated":"1"} | ret=SUCCESS |  
2025-10-17 11:03:01,916 | INFO  | OMAudit | user=runner | ip=127.0.0.1 | op=ALLOCATE_KEY {"volume":"864d278e-ebc5-4c3d-9e4a-3a402a45f7b0","bucket":"a62e3342-727c-4112-a61f-3a0104b80e26","key":"dir1/dir21d046fc3-8d4a-4a4e-8367-bad54097606e","dataSize":"2254","replicationType":"RATIS","replicationFactor":"ONE","Transaction":"1601"} | ret=SUCCESS |  
2025-10-17 11:03:01,916 [om1-OMDoubleBufferFlushThread] INFO  db.RDBCheckpointManager (RDBCheckpointManager.java:createCheckpoint(87)) - Created checkpoint in rocksDB at /home/runner/work/ozone/ozone/hadoop-ozone/integration-test/target/test-dir/MiniOzoneClusterImpl-d1ffa5d3-3301-45c3-9f44-1ffa6967d237/om/data/db.snapshots/checkpointState/om.db-289317b6-7353-44e5-8a86-6948a7e36ce4 in 46 milliseconds
2025-10-17 11:03:01,923 | INFO  | OMAudit | user=runner | ip=127.0.0.1 | op=COMMIT_KEY {"volume":"864d278e-ebc5-4c3d-9e4a-3a402a45f7b0","bucket":"a62e3342-727c-4112-a61f-3a0104b80e26","key":"dir1/dir21d046fc3-8d4a-4a4e-8367-bad54097606e","dataSize":"2254","replicationType":"RATIS","replicationFactor":"ONE","Transaction":"1602"} | ret=SUCCESS |  
2025-10-17 11:03:01,926 | INFO  | OMAudit | user=runner | ip=127.0.0.1 | op=READ_BUCKET {"volume":"864d278e-ebc5-4c3d-9e4a-3a402a45f7b0","bucket":"a62e3342-727c-4112-a61f-3a0104b80e26"} | ret=SUCCESS |  
2025-10-17 11:03:01,927 | INFO  | SCMAudit | user=runner | ip=127.0.0.1 | op=ALLOCATE_BLOCK {"replication":"RATIS/ONE","owner":"omServiceIdDefault","size":"4194304","sampleBlocks":"[conID: 11 locID: 115816896921600423]","num":"1","client":"","allocated":"1"} | ret=SUCCESS |  
2025-10-17 11:03:01,930 | INFO  | OMAudit | user=runner | ip=127.0.0.1 | op=ALLOCATE_KEY {"volume":"864d278e-ebc5-4c3d-9e4a-3a402a45f7b0","bucket":"a62e3342-727c-4112-a61f-3a0104b80e26","key":"dir1/dir2e6732844-8e29-4bdc-8b49-884050c4d8fe","dataSize":"2271","replicationType":"RATIS","replicationFactor":"ONE","Transaction":"1603"} | ret=SUCCESS |  
2025-10-17 11:03:01,941 [om1-OMDoubleBufferFlushThread] INFO  om.OmSnapshotManager (OmSnapshotManager.java:createOmSnapshotCheckpoint(545)) - Created checkpoint: /home/runner/work/ozone/ozone/hadoop-ozone/integration-test/target/test-dir/MiniOzoneClusterImpl-d1ffa5d3-3301-45c3-9f44-1ffa6967d237/om/data/db.snapshots/checkpointState/om.db-289317b6-7353-44e5-8a86-6948a7e36ce4 for snapshot /vol-a-69739/buc-a-45378/snapshot-b-9-77977
2025-10-17 11:03:01,943 | INFO  | SCMAudit | user=runner | ip=127.0.0.1 | op=SEND_HEARTBEAT {"datanodeUUID":"3a11eef6-a527-493c-8ba3-ae39ecaefa56","term":"2","command":"[]"} | ret=SUCCESS |  
2025-10-17 11:03:01,948 | INFO  | OMAudit | user=runner | ip=127.0.0.1 | op=COMMIT_KEY {"volume":"864d278e-ebc5-4c3d-9e4a-3a402a45f7b0","bucket":"a62e3342-727c-4112-a61f-3a0104b80e26","key":"dir1/dir2e6732844-8e29-4bdc-8b49-884050c4d8fe","dataSize":"2271","replicationType":"RATIS","replicationFactor":"ONE","Transaction":"1604"} | ret=SUCCESS |  
2025-10-17 11:03:01,976 | INFO  | OMAudit | user=runner | ip=127.0.0.1 | op=ADD_ACL {"resourceType":"key","storageType":"ozone","volume":"864d278e-ebc5-4c3d-9e4a-3a402a45f7b0","bucket":"a62e3342-727c-4112-a61f-3a0104b80e26","key":"dir1/dir21d046fc3-8d4a-4a4e-8367-bad54097606e","acl":"[user:runner:x[ACCESS]]","Transaction":"1605"} | ret=SUCCESS |  
2025-10-17 11:03:01,977 | INFO  | OMAudit | user=runner | ip=127.0.0.1 | op=GET_ACL {"resourceType":"key","storageType":"ozone","volume":"864d278e-ebc5-4c3d-9e4a-3a402a45f7b0","bucket":"a62e3342-727c-4112-a61f-3a0104b80e26","key":"dir1/dir21d046fc3-8d4a-4a4e-8367-bad54097606e"} | ret=SUCCESS |  
2025-10-17 11:03:01,979 | INFO  | OMAudit | user=runner | ip=127.0.0.1 | op=GET_ACL {"resourceType":"key","storageType":"ozone","volume":"864d278e-ebc5-4c3d-9e4a-3a402a45f7b0","bucket":"a62e3342-727c-4112-a61f-3a0104b80e26","key":"dir1/dir21d046fc3-8d4a-4a4e-8367-bad54097606e"} | ret=SUCCESS |  
2025-10-17 11:03:01,981 | INFO  | OMAudit | user=runner | ip=127.0.0.1 | op=REMOVE_ACL {"resourceType":"key","storageType":"ozone","volume":"864d278e-ebc5-4c3d-9e4a-3a402a45f7b0","bucket":"a62e3342-727c-4112-a61f-3a0104b80e26","key":"dir1/dir21d046fc3-8d4a-4a4e-8367-bad54097606e","acl":"[user:runner:x[ACCESS]]","Transaction":"1606"} | ret=SUCCESS |  
2025-10-17 11:03:01,983 | INFO  | OMAudit | user=runner | ip=127.0.0.1 | op=GET_ACL {"resourceType":"key","storageType":"ozone","volume":"864d278e-ebc5-4c3d-9e4a-3a402a45f7b0","bucket":"a62e3342-727c-4112-a61f-3a0104b80e26","key":"dir1/dir21d046fc3-8d4a-4a4e-8367-bad54097606e"} | ret=SUCCESS |  
2025-10-17 11:03:01,984 [om1-OMDoubleBufferFlushThread] INFO  db.RDBCheckpointManager (RDBCheckpointManager.java:createCheckpoint(87)) - Created checkpoint in rocksDB at /home/runner/work/ozone/ozone/hadoop-ozone/integration-test/target/test-dir/MiniOzoneClusterImpl-d1ffa5d3-3301-45c3-9f44-1ffa6967d237/om/data/db.snapshots/checkpointState/om.db-aabb6a52-babf-438c-923e-2a0a5f35dbd3 in 41 milliseconds
2025-10-17 11:03:01,984 | INFO  | OMAudit | user=runner | ip=127.0.0.1 | op=GET_ACL {"resourceType":"key","storageType":"ozone","volume":"864d278e-ebc5-4c3d-9e4a-3a402a45f7b0","bucket":"a62e3342-727c-4112-a61f-3a0104b80e26","key":"dir1/dir21d046fc3-8d4a-4a4e-8367-bad54097606e"} | ret=SUCCESS |  
2025-10-17 11:03:01,985 | INFO  | OMAudit | user=runner | ip=127.0.0.1 | op=GET_ACL {"resourceType":"key","storageType":"ozone","volume":"864d278e-ebc5-4c3d-9e4a-3a402a45f7b0","bucket":"a62e3342-727c-4112-a61f-3a0104b80e26","key":"dir1/dir21d046fc3-8d4a-4a4e-8367-bad54097606e"} | ret=SUCCESS |  
2025-10-17 11:03:01,987 | INFO  | OMAudit | user=runner | ip=127.0.0.1 | op=REMOVE_ACL {"resourceType":"key","storageType":"ozone","volume":"864d278e-ebc5-4c3d-9e4a-3a402a45f7b0","bucket":"a62e3342-727c-4112-a61f-3a0104b80e26","key":"dir1/dir21d046fc3-8d4a-4a4e-8367-bad54097606e","acl":"[user:runner:a[ACCESS]]","Transaction":"1607"} | ret=SUCCESS |  
2025-10-17 11:03:01,989 | INFO  | OMAudit | user=runner | ip=127.0.0.1 | op=REMOVE_ACL {"resourceType":"key","storageType":"ozone","volume":"864d278e-ebc5-4c3d-9e4a-3a402a45f7b0","bucket":"a62e3342-727c-4112-a61f-3a0104b80e26","key":"dir1/dir21d046fc3-8d4a-4a4e-8367-bad54097606e","acl":"[group:runner:rl[ACCESS]]","Transaction":"1608"} | ret=SUCCESS |  
2025-10-17 11:03:01,990 | INFO  | OMAudit | user=runner | ip=127.0.0.1 | op=GET_ACL {"resourceType":"key","storageType":"ozone","volume":"864d278e-ebc5-4c3d-9e4a-3a402a45f7b0","bucket":"a62e3342-727c-4112-a61f-3a0104b80e26","key":"dir1/dir21d046fc3-8d4a-4a4e-8367-bad54097606e"} | ret=SUCCESS |  
2025-10-17 11:03:01,992 | INFO  | OMAudit | user=runner | ip=127.0.0.1 | op=ADD_ACL {"resourceType":"key","storageType":"ozone","volume":"864d278e-ebc5-4c3d-9e4a-3a402a45f7b0","bucket":"a62e3342-727c-4112-a61f-3a0104b80e26","key":"dir1/dir21d046fc3-8d4a-4a4e-8367-bad54097606e","acl":"[user:runner:a[ACCESS]]","Transaction":"1609"} | ret=SUCCESS |  
2025-10-17 11:03:01,993 | INFO  | OMAudit | user=runner | ip=127.0.0.1 | op=GET_ACL {"resourceType":"key","storageType":"ozone","volume":"864d278e-ebc5-4c3d-9e4a-3a402a45f7b0","bucket":"a62e3342-727c-4112-a61f-3a0104b80e26","key":"dir1/dir21d046fc3-8d4a-4a4e-8367-bad54097606e"} | ret=SUCCESS |  
2025-10-17 11:03:01,994 | INFO  | OMAudit | user=runner | ip=127.0.0.1 | op=ADD_ACL {"resourceType":"key","storageType":"ozone","volume":"864d278e-ebc5-4c3d-9e4a-3a402a45f7b0","bucket":"a62e3342-727c-4112-a61f-3a0104b80e26","key":"dir1/dir21d046fc3-8d4a-4a4e-8367-bad54097606e","acl":"[group:runner:rl[ACCESS]]","Transaction":"1610"} | ret=SUCCESS |  
2025-10-17 11:03:01,996 | INFO  | OMAudit | user=runner | ip=127.0.0.1 | op=GET_ACL {"resourceType":"key","storageType":"ozone","volume":"864d278e-ebc5-4c3d-9e4a-3a402a45f7b0","bucket":"a62e3342-727c-4112-a61f-3a0104b80e26","key":"dir1/dir21d046fc3-8d4a-4a4e-8367-bad54097606e"} | ret=SUCCESS |  
2025-10-17 11:03:01,997 | INFO  | OMAudit | user=runner | ip=127.0.0.1 | op=GET_ACL {"resourceType":"key","storageType":"ozone","volume":"864d278e-ebc5-4c3d-9e4a-3a402a45f7b0","bucket":"a62e3342-727c-4112-a61f-3a0104b80e26","key":"dir1/dir21d046fc3-8d4a-4a4e-8367-bad54097606e"} | ret=SUCCESS |  
2025-10-17 11:03:02,000 | INFO  | OMAudit | user=runner | ip=127.0.0.1 | op=SET_ACL {"resourceType":"key","storageType":"ozone","volume":"864d278e-ebc5-4c3d-9e4a-3a402a45f7b0","bucket":"a62e3342-727c-4112-a61f-3a0104b80e26","key":"dir1/dir21d046fc3-8d4a-4a4e-8367-bad54097606e","acl":"[user:userx:x[ACCESS], group:userx:a[ACCESS]]","Transaction":"1611"} | ret=SUCCESS |  
2025-10-17 11:03:02,001 | INFO  | OMAudit | user=runner | ip=127.0.0.1 | op=GET_ACL {"resourceType":"key","storageType":"ozone","volume":"864d278e-ebc5-4c3d-9e4a-3a402a45f7b0","bucket":"a62e3342-727c-4112-a61f-3a0104b80e26","key":"dir1/dir21d046fc3-8d4a-4a4e-8367-bad54097606e"} | ret=SUCCESS |  
2025-10-17 11:03:02,002 | INFO  | OMAudit | user=runner | ip=127.0.0.1 | op=ADD_ACL {"resourceType":"bucket","storageType":"ozone","volume":"864d278e-ebc5-4c3d-9e4a-3a402a45f7b0","bucket":"a62e3342-727c-4112-a61f-3a0104b80e26","key":null,"acl":"[user:remoteUser:r[DEFAULT]]","Transaction":"1612"} | ret=SUCCESS |  
2025-10-17 11:03:02,004 | INFO  | OMAudit | user=runner | ip=127.0.0.1 | op=ADD_ACL {"resourceType":"bucket","storageType":"ozone","volume":"864d278e-ebc5-4c3d-9e4a-3a402a45f7b0","bucket":"a62e3342-727c-4112-a61f-3a0104b80e26","key":null,"acl":"[group:remoteGroup:r[DEFAULT]]","Transaction":"1613"} | ret=SUCCESS |  
2025-10-17 11:03:02,006 | INFO  | OMAudit | user=runner | ip=127.0.0.1 | op=DELETE_KEY {"volume":"864d278e-ebc5-4c3d-9e4a-3a402a45f7b0","bucket":"a62e3342-727c-4112-a61f-3a0104b80e26","key":"dir1/dir21d046fc3-8d4a-4a4e-8367-bad54097606e","dataSize":"2254","replicationConfig":"RATIS/ONE","Transaction":"1614"} | ret=SUCCESS |  
2025-10-17 11:03:02,007 [om1-OMDoubleBufferFlushThread] INFO  om.OmSnapshotManager (OmSnapshotManager.java:createOmSnapshotCheckpoint(545)) - Created checkpoint: /home/runner/work/ozone/ozone/hadoop-ozone/integration-test/target/test-dir/MiniOzoneClusterImpl-d1ffa5d3-3301-45c3-9f44-1ffa6967d237/om/data/db.snapshots/checkpointState/om.db-aabb6a52-babf-438c-923e-2a0a5f35dbd3 for snapshot /vol-a-69739/buc-b-13213/snapshot-b-9-80249
2025-10-17 11:03:02,009 | INFO  | OMAudit | user=runner | ip=127.0.0.1 | op=READ_BUCKET {"volume":"864d278e-ebc5-4c3d-9e4a-3a402a45f7b0","bucket":"a62e3342-727c-4112-a61f-3a0104b80e26"} | ret=SUCCESS |  
2025-10-17 11:03:02,010 | INFO  | SCMAudit | user=runner | ip=127.0.0.1 | op=ALLOCATE_BLOCK {"replication":"RATIS/ONE","owner":"omServiceIdDefault","size":"4194304","sampleBlocks":"[conID: 2 locID: 115816896921600424]","num":"1","client":"","allocated":"1"} | ret=SUCCESS |  
2025-10-17 11:03:02,013 | INFO  | OMAudit | user=runner | ip=127.0.0.1 | op=ALLOCATE_KEY {"volume":"864d278e-ebc5-4c3d-9e4a-3a402a45f7b0","bucket":"a62e3342-727c-4112-a61f-3a0104b80e26","key":"dir1/dir21d046fc3-8d4a-4a4e-8367-bad54097606e","dataSize":"2298","replicationType":"RATIS","replicationFactor":"ONE","Transaction":"1615"} | ret=SUCCESS |  
2025-10-17 11:03:02,030 | INFO  | OMAudit | user=runner | ip=127.0.0.1 | op=COMMIT_KEY {"volume":"864d278e-ebc5-4c3d-9e4a-3a402a45f7b0","bucket":"a62e3342-727c-4112-a61f-3a0104b80e26","key":"dir1/dir21d046fc3-8d4a-4a4e-8367-bad54097606e","dataSize":"2298","replicationType":"RATIS","replicationFactor":"ONE","Transaction":"1616"} | ret=SUCCESS |  
2025-10-17 11:03:02,031 | INFO  | OMAudit | user=runner | ip=127.0.0.1 | op=GET_ACL {"resourceType":"bucket","storageType":"ozone","volume":"864d278e-ebc5-4c3d-9e4a-3a402a45f7b0","bucket":"a62e3342-727c-4112-a61f-3a0104b80e26","key":null} | ret=SUCCESS |  
2025-10-17 11:03:02,033 | INFO  | OMAudit | user=runner | ip=127.0.0.1 | op=GET_ACL {"resourceType":"key","storageType":"ozone","volume":"864d278e-ebc5-4c3d-9e4a-3a402a45f7b0","bucket":"a62e3342-727c-4112-a61f-3a0104b80e26","key":"dir1/dir21d046fc3-8d4a-4a4e-8367-bad54097606e"} | ret=SUCCESS |  
2025-10-17 11:03:02,034 | INFO  | SCMAudit | user=runner | ip=127.0.0.1 | op=SEND_HEARTBEAT {"datanodeUUID":"309ab1ff-9f5a-4058-8b2f-94d451ce5267","term":"2","command":"[]"} | ret=SUCCESS |  
2025-10-17 11:03:02,052 [om1-OMDoubleBufferFlushThread] INFO  db.RDBCheckpointManager (RDBCheckpointManager.java:createCheckpoint(87)) - Created checkpoint in rocksDB at /home/runner/work/ozone/ozone/hadoop-ozone/integration-test/target/test-dir/MiniOzoneClusterImpl-d1ffa5d3-3301-45c3-9f44-1ffa6967d237/om/data/db.snapshots/checkpointState/om.db-e743b651-85f8-49cc-890d-6a3fb0fc90d3 in 43 milliseconds
2025-10-17 11:03:02,058 | INFO  | OMAudit | user=runner | ip=127.0.0.1 | op=SET_ACL {"resourceType":"prefix","storageType":"ozone","volume":"864d278e-ebc5-4c3d-9e4a-3a402a45f7b0","bucket":"a62e3342-727c-4112-a61f-3a0104b80e26","key":"dir1/","acl":"[user:runner:a[ACCESS], group:runner:rl[ACCESS]]","Transaction":"1617"} | ret=SUCCESS |  
2025-10-17 11:03:02,059 | INFO  | OMAudit | user=runner | ip=127.0.0.1 | op=GET_ACL {"resourceType":"prefix","storageType":"ozone","volume":"864d278e-ebc5-4c3d-9e4a-3a402a45f7b0","bucket":"a62e3342-727c-4112-a61f-3a0104b80e26","key":"dir1/"} | ret=SUCCESS |  
2025-10-17 11:03:02,061 | INFO  | OMAudit | user=runner | ip=127.0.0.1 | op=REMOVE_ACL {"resourceType":"prefix","storageType":"ozone","volume":"864d278e-ebc5-4c3d-9e4a-3a402a45f7b0","bucket":"a62e3342-727c-4112-a61f-3a0104b80e26","key":"dir1/","acl":"[user:remoteUser:r[ACCESS]]","Transaction":"1618"} | ret=SUCCESS |  
2025-10-17 11:03:02,062 | INFO  | OMAudit | user=runner | ip=127.0.0.1 | op=REMOVE_ACL {"resourceType":"prefix","storageType":"ozone","volume":"864d278e-ebc5-4c3d-9e4a-3a402a45f7b0","bucket":"a62e3342-727c-4112-a61f-3a0104b80e26","key":"dir1/","acl":"[group:remoteGroup:r[ACCESS]]","Transaction":"1619"} | ret=SUCCESS |  
2025-10-17 11:03:02,064 | INFO  | OMAudit | user=runner | ip=127.0.0.1 | op=ADD_ACL {"resourceType":"prefix","storageType":"ozone","volume":"864d278e-ebc5-4c3d-9e4a-3a402a45f7b0","bucket":"a62e3342-727c-4112-a61f-3a0104b80e26","key":"dir1/","acl":"user:remoteUser:r[DEFAULT]","Transaction":"1620"} | ret=SUCCESS |  
2025-10-17 11:03:02,065 | INFO  | OMAudit | user=runner | ip=127.0.0.1 | op=ADD_ACL {"resourceType":"prefix","storageType":"ozone","volume":"864d278e-ebc5-4c3d-9e4a-3a402a45f7b0","bucket":"a62e3342-727c-4112-a61f-3a0104b80e26","key":"dir1/","acl":"group:remoteGroup:r[DEFAULT]","Transaction":"1621"} | ret=SUCCESS |  
2025-10-17 11:03:02,067 | INFO  | OMAudit | user=runner | ip=127.0.0.1 | op=DELETE_KEY {"volume":"864d278e-ebc5-4c3d-9e4a-3a402a45f7b0","bucket":"a62e3342-727c-4112-a61f-3a0104b80e26","key":"dir1/dir21d046fc3-8d4a-4a4e-8367-bad54097606e","dataSize":"2298","replicationConfig":"RATIS/ONE","Transaction":"1622"} | ret=SUCCESS |  
2025-10-17 11:03:02,069 | INFO  | OMAudit | user=runner | ip=127.0.0.1 | op=READ_BUCKET {"volume":"864d278e-ebc5-4c3d-9e4a-3a402a45f7b0","bucket":"a62e3342-727c-4112-a61f-3a0104b80e26"} | ret=SUCCESS |  
2025-10-17 11:03:02,070 | INFO  | SCMAudit | user=runner | ip=127.0.0.1 | op=ALLOCATE_BLOCK {"replication":"RATIS/ONE","owner":"omServiceIdDefault","size":"4194304","sampleBlocks":"[conID: 2 locID: 115816896921600425]","num":"1","client":"","allocated":"1"} | ret=SUCCESS |  
2025-10-17 11:03:02,072 [om1-OMDoubleBufferFlushThread] INFO  om.OmSnapshotManager (OmSnapshotManager.java:createOmSnapshotCheckpoint(545)) - Created checkpoint: /home/runner/work/ozone/ozone/hadoop-ozone/integration-test/target/test-dir/MiniOzoneClusterImpl-d1ffa5d3-3301-45c3-9f44-1ffa6967d237/om/data/db.snapshots/checkpointState/om.db-e743b651-85f8-49cc-890d-6a3fb0fc90d3 for snapshot /vol-b-67769/buc-a-45378/snapshot-b-9-49101
2025-10-17 11:03:02,072 | INFO  | OMAudit | user=runner | ip=127.0.0.1 | op=ALLOCATE_KEY {"volume":"864d278e-ebc5-4c3d-9e4a-3a402a45f7b0","bucket":"a62e3342-727c-4112-a61f-3a0104b80e26","key":"dir1/dir21d046fc3-8d4a-4a4e-8367-bad54097606e","dataSize":"2279","replicationType":"RATIS","replicationFactor":"ONE","Transaction":"1623"} | ret=SUCCESS |  
2025-10-17 11:03:02,077 | INFO  | OMAudit | user=runner | ip=127.0.0.1 | op=COMMIT_KEY {"volume":"864d278e-ebc5-4c3d-9e4a-3a402a45f7b0","bucket":"a62e3342-727c-4112-a61f-3a0104b80e26","key":"dir1/dir21d046fc3-8d4a-4a4e-8367-bad54097606e","dataSize":"2279","replicationType":"RATIS","replicationFactor":"ONE","Transaction":"1624"} | ret=SUCCESS |  
2025-10-17 11:03:02,078 | INFO  | OMAudit | user=runner | ip=127.0.0.1 | op=GET_ACL {"resourceType":"prefix","storageType":"ozone","volume":"864d278e-ebc5-4c3d-9e4a-3a402a45f7b0","bucket":"a62e3342-727c-4112-a61f-3a0104b80e26","key":"dir1/"} | ret=SUCCESS |  
2025-10-17 11:03:02,079 | INFO  | OMAudit | user=runner | ip=127.0.0.1 | op=GET_ACL {"resourceType":"key","storageType":"ozone","volume":"864d278e-ebc5-4c3d-9e4a-3a402a45f7b0","bucket":"a62e3342-727c-4112-a61f-3a0104b80e26","key":"dir1/dir21d046fc3-8d4a-4a4e-8367-bad54097606e"} | ret=SUCCESS |  
]]></system-out>
  </testcase>
  <testcase name="testNativeAclsForPrefix" classname="org.apache.hadoop.ozone.client.rpc.TestSecureOzoneRpcClient" time="0.086">
    <system-out><![CDATA[2025-10-17 11:03:02,080 [ForkJoinPool-1-worker-1] INFO  rpc.RpcClient (RpcClient.java:createVolume(461)) - Creating Volume: 8ddd14b1-db1d-48c9-b065-23a05b39a1ba, with runner as owner and space quota set to -1 bytes, counts quota set to -1
2025-10-17 11:03:02,081 [om1-OMStateMachineApplyTransactionThread - 0] INFO  volume.OMVolumeCreateRequest (OMVolumeCreateRequest.java:validateAndUpdateCache(213)) - created volume:8ddd14b1-db1d-48c9-b065-23a05b39a1ba for user:runner
2025-10-17 11:03:02,081 | INFO  | OMAudit | user=runner | ip=127.0.0.1 | op=CREATE_VOLUME {"admin":"runner","owner":"runner","volume":"8ddd14b1-db1d-48c9-b065-23a05b39a1ba","creationTime":"1760698982081","modificationTime":"1760698982081","quotaInBytes":"-1","quotaInNamespace":"-1","usedNamespace":"0","objectID":"-9223372036854359808","updateID":"1625","Transaction":"1625"} | ret=SUCCESS |  
2025-10-17 11:03:02,082 | INFO  | OMAudit | user=runner | ip=127.0.0.1 | op=READ_VOLUME {"volume":"8ddd14b1-db1d-48c9-b065-23a05b39a1ba"} | ret=SUCCESS |  
2025-10-17 11:03:02,083 [ForkJoinPool-1-worker-1] INFO  rpc.RpcClient (RpcClient.java:createBucket(686)) - Creating Bucket: 8ddd14b1-db1d-48c9-b065-23a05b39a1ba/df5391be-448f-48c6-b5a4-4a7b0f28e306, with server-side default bucket layout, runner as owner, Versioning false, Storage Type set to DISK and Encryption set to false, Replication Type set to server-side default replication type, Namespace Quota set to -1, Space Quota set to -1 
2025-10-17 11:03:02,084 [om1-OMStateMachineApplyTransactionThread - 0] INFO  bucket.OMBucketCreateRequest (OMBucketCreateRequest.java:validateAndUpdateCache(303)) - created bucket: df5391be-448f-48c6-b5a4-4a7b0f28e306 of layout FILE_SYSTEM_OPTIMIZED in volume: 8ddd14b1-db1d-48c9-b065-23a05b39a1ba
2025-10-17 11:03:02,084 | INFO  | OMAudit | user=runner | ip=127.0.0.1 | op=CREATE_BUCKET {"volume":"8ddd14b1-db1d-48c9-b065-23a05b39a1ba","bucket":"df5391be-448f-48c6-b5a4-4a7b0f28e306","bucketLayout":"FILE_SYSTEM_OPTIMIZED","gdprEnabled":null,"acls":"[user:runner:a[ACCESS], group:runner:rl[ACCESS]]","isVersionEnabled":"false","storageType":"DISK","creationTime":"1760698982084","bucketEncryptionKey":null,"modificationTime":"1760698982084","usedBytes":"0","usedNamespace":"0","snapshotUsedBytes":"0","snapshotUsedNamespace":"0","owner":"runner","replicationType":null,"replicationConfig":null,"quotaInBytes":"-1","quotaInNamespace":"-1","Transaction":"1626"} | ret=SUCCESS |  
2025-10-17 11:03:02,085 | INFO  | OMAudit | user=runner | ip=127.0.0.1 | op=READ_BUCKET {"volume":"8ddd14b1-db1d-48c9-b065-23a05b39a1ba","bucket":"df5391be-448f-48c6-b5a4-4a7b0f28e306"} | ret=SUCCESS |  
2025-10-17 11:03:02,087 | INFO  | OMAudit | user=runner | ip=127.0.0.1 | op=READ_BUCKET {"volume":"8ddd14b1-db1d-48c9-b065-23a05b39a1ba","bucket":"df5391be-448f-48c6-b5a4-4a7b0f28e306"} | ret=SUCCESS |  
2025-10-17 11:03:02,089 | INFO  | SCMAudit | user=runner | ip=127.0.0.1 | op=ALLOCATE_BLOCK {"replication":"RATIS/ONE","owner":"omServiceIdDefault","size":"4194304","sampleBlocks":"[conID: 2 locID: 115816896921600426]","num":"1","client":"","allocated":"1"} | ret=SUCCESS |  
2025-10-17 11:03:02,091 | INFO  | OMAudit | user=runner | ip=127.0.0.1 | op=ALLOCATE_KEY {"volume":"8ddd14b1-db1d-48c9-b065-23a05b39a1ba","bucket":"df5391be-448f-48c6-b5a4-4a7b0f28e306","key":"PF55ad2b01-bdcf-4173-a130-60f3471ad902/KEYa72e8c28-aaff-44ae-b735-1755b6945fc7","dataSize":"2262","replicationType":"RATIS","replicationFactor":"ONE","Transaction":"1627"} | ret=SUCCESS |  
2025-10-17 11:03:02,096 | INFO  | OMAudit | user=runner | ip=127.0.0.1 | op=COMMIT_KEY {"volume":"8ddd14b1-db1d-48c9-b065-23a05b39a1ba","bucket":"df5391be-448f-48c6-b5a4-4a7b0f28e306","key":"PF55ad2b01-bdcf-4173-a130-60f3471ad902/KEYa72e8c28-aaff-44ae-b735-1755b6945fc7","dataSize":"2262","replicationType":"RATIS","replicationFactor":"ONE","Transaction":"1628"} | ret=SUCCESS |  
2025-10-17 11:03:02,099 | INFO  | OMAudit | user=runner | ip=127.0.0.1 | op=READ_BUCKET {"volume":"8ddd14b1-db1d-48c9-b065-23a05b39a1ba","bucket":"df5391be-448f-48c6-b5a4-4a7b0f28e306"} | ret=SUCCESS |  
2025-10-17 11:03:02,099 | INFO  | SCMAudit | user=runner | ip=127.0.0.1 | op=ALLOCATE_BLOCK {"replication":"RATIS/ONE","owner":"omServiceIdDefault","size":"4194304","sampleBlocks":"[conID: 5 locID: 115816896921600427]","num":"1","client":"","allocated":"1"} | ret=SUCCESS |  
2025-10-17 11:03:02,101 | INFO  | OMAudit | user=runner | ip=127.0.0.1 | op=ALLOCATE_KEY {"volume":"8ddd14b1-db1d-48c9-b065-23a05b39a1ba","bucket":"df5391be-448f-48c6-b5a4-4a7b0f28e306","key":"PFec40ebce-a0c6-4da2-a0e3-d9aa824fa61a/KEYb2999b81-a484-41b9-84f2-6b2a5173b215","dataSize":"2271","replicationType":"RATIS","replicationFactor":"ONE","Transaction":"1629"} | ret=SUCCESS |  
2025-10-17 11:03:02,109 | INFO  | OMAudit | user=runner | ip=127.0.0.1 | op=COMMIT_KEY {"volume":"8ddd14b1-db1d-48c9-b065-23a05b39a1ba","bucket":"df5391be-448f-48c6-b5a4-4a7b0f28e306","key":"PFec40ebce-a0c6-4da2-a0e3-d9aa824fa61a/KEYb2999b81-a484-41b9-84f2-6b2a5173b215","dataSize":"2271","replicationType":"RATIS","replicationFactor":"ONE","Transaction":"1630"} | ret=SUCCESS |  
2025-10-17 11:03:02,111 | INFO  | OMAudit | user=runner | ip=127.0.0.1 | op=ADD_ACL {"resourceType":"prefix","storageType":"ozone","volume":"8ddd14b1-db1d-48c9-b065-23a05b39a1ba","bucket":"df5391be-448f-48c6-b5a4-4a7b0f28e306","key":"PF55ad2b01-bdcf-4173-a130-60f3471ad902/","acl":"user:user1:r[ACCESS]","Transaction":"1631"} | ret=SUCCESS |  
2025-10-17 11:03:02,112 | INFO  | OMAudit | user=runner | ip=127.0.0.1 | op=GET_ACL {"resourceType":"prefix","storageType":"ozone","volume":"8ddd14b1-db1d-48c9-b065-23a05b39a1ba","bucket":"df5391be-448f-48c6-b5a4-4a7b0f28e306","key":"PF55ad2b01-bdcf-4173-a130-60f3471ad902/"} | ret=SUCCESS |  
2025-10-17 11:03:02,112 [om1-OMDoubleBufferFlushThread] INFO  db.RDBCheckpointManager (RDBCheckpointManager.java:createCheckpoint(87)) - Created checkpoint in rocksDB at /home/runner/work/ozone/ozone/hadoop-ozone/integration-test/target/test-dir/MiniOzoneClusterImpl-d1ffa5d3-3301-45c3-9f44-1ffa6967d237/om/data/db.snapshots/checkpointState/om.db-a180e416-7b64-4036-b90b-fec903620099 in 39 milliseconds
2025-10-17 11:03:02,115 | INFO  | OMAudit | user=runner | ip=127.0.0.1 | op=REMOVE_ACL {"resourceType":"prefix","storageType":"ozone","volume":"8ddd14b1-db1d-48c9-b065-23a05b39a1ba","bucket":"df5391be-448f-48c6-b5a4-4a7b0f28e306","key":"PF55ad2b01-bdcf-4173-a130-60f3471ad902/","acl":"[user:user1:r[ACCESS]]","Transaction":"1632"} | ret=SUCCESS |  
2025-10-17 11:03:02,116 | INFO  | OMAudit | user=runner | ip=127.0.0.1 | op=GET_ACL {"resourceType":"prefix","storageType":"ozone","volume":"8ddd14b1-db1d-48c9-b065-23a05b39a1ba","bucket":"df5391be-448f-48c6-b5a4-4a7b0f28e306","key":"PF55ad2b01-bdcf-4173-a130-60f3471ad902/"} | ret=SUCCESS |  
2025-10-17 11:03:02,120 | INFO  | OMAudit | user=runner | ip=127.0.0.1 | op=SET_ACL {"resourceType":"prefix","storageType":"ozone","volume":"8ddd14b1-db1d-48c9-b065-23a05b39a1ba","bucket":"df5391be-448f-48c6-b5a4-4a7b0f28e306","key":"PF55ad2b01-bdcf-4173-a130-60f3471ad902/","acl":"[user:user1:r[ACCESS], group:group1:a[ACCESS]]","Transaction":"1633"} | ret=SUCCESS |  
2025-10-17 11:03:02,121 | INFO  | OMAudit | user=runner | ip=127.0.0.1 | op=GET_ACL {"resourceType":"prefix","storageType":"ozone","volume":"8ddd14b1-db1d-48c9-b065-23a05b39a1ba","bucket":"df5391be-448f-48c6-b5a4-4a7b0f28e306","key":"PF55ad2b01-bdcf-4173-a130-60f3471ad902/"} | ret=SUCCESS |  
2025-10-17 11:03:02,124 | INFO  | OMAudit | user=runner | ip=127.0.0.1 | op=ADD_ACL {"resourceType":"prefix","storageType":"ozone","volume":"8ddd14b1-db1d-48c9-b065-23a05b39a1ba","bucket":"df5391be-448f-48c6-b5a4-4a7b0f28e306","key":"PF55ad2b01-bdcf-4173-a130-60f3471ad902/","acl":"user:remoteUser:r[DEFAULT]","Transaction":"1634"} | ret=SUCCESS |  
2025-10-17 11:03:02,125 | INFO  | OMAudit | user=runner | ip=127.0.0.1 | op=ADD_ACL {"resourceType":"prefix","storageType":"ozone","volume":"8ddd14b1-db1d-48c9-b065-23a05b39a1ba","bucket":"df5391be-448f-48c6-b5a4-4a7b0f28e306","key":"PF55ad2b01-bdcf-4173-a130-60f3471ad902/","acl":"group:remoteGroup:r[DEFAULT]","Transaction":"1635"} | ret=SUCCESS |  
2025-10-17 11:03:02,128 | INFO  | OMAudit | user=runner | ip=127.0.0.1 | op=DELETE_KEY {"volume":"8ddd14b1-db1d-48c9-b065-23a05b39a1ba","bucket":"df5391be-448f-48c6-b5a4-4a7b0f28e306","key":"PF55ad2b01-bdcf-4173-a130-60f3471ad902/KEYa72e8c28-aaff-44ae-b735-1755b6945fc7","dataSize":"2262","replicationConfig":"RATIS/ONE","Transaction":"1636"} | ret=SUCCESS |  
2025-10-17 11:03:02,130 | INFO  | OMAudit | user=runner | ip=127.0.0.1 | op=READ_BUCKET {"volume":"8ddd14b1-db1d-48c9-b065-23a05b39a1ba","bucket":"df5391be-448f-48c6-b5a4-4a7b0f28e306"} | ret=SUCCESS |  
2025-10-17 11:03:02,131 | INFO  | SCMAudit | user=runner | ip=127.0.0.1 | op=ALLOCATE_BLOCK {"replication":"RATIS/ONE","owner":"omServiceIdDefault","size":"4194304","sampleBlocks":"[conID: 5 locID: 115816896921600428]","num":"1","client":"","allocated":"1"} | ret=SUCCESS |  
2025-10-17 11:03:02,132 | INFO  | OMAudit | user=runner | ip=127.0.0.1 | op=ALLOCATE_KEY {"volume":"8ddd14b1-db1d-48c9-b065-23a05b39a1ba","bucket":"df5391be-448f-48c6-b5a4-4a7b0f28e306","key":"PF55ad2b01-bdcf-4173-a130-60f3471ad902/KEYa72e8c28-aaff-44ae-b735-1755b6945fc7","dataSize":"2267","replicationType":"RATIS","replicationFactor":"ONE","Transaction":"1637"} | ret=SUCCESS |  
2025-10-17 11:03:02,135 [om1-OMDoubleBufferFlushThread] INFO  om.OmSnapshotManager (OmSnapshotManager.java:createOmSnapshotCheckpoint(545)) - Created checkpoint: /home/runner/work/ozone/ozone/hadoop-ozone/integration-test/target/test-dir/MiniOzoneClusterImpl-d1ffa5d3-3301-45c3-9f44-1ffa6967d237/om/data/db.snapshots/checkpointState/om.db-a180e416-7b64-4036-b90b-fec903620099 for snapshot /vol-b-67769/buc-b-13213/snapshot-b-9-69619
2025-10-17 11:03:02,138 | INFO  | OMAudit | user=runner | ip=127.0.0.1 | op=COMMIT_KEY {"volume":"8ddd14b1-db1d-48c9-b065-23a05b39a1ba","bucket":"df5391be-448f-48c6-b5a4-4a7b0f28e306","key":"PF55ad2b01-bdcf-4173-a130-60f3471ad902/KEYa72e8c28-aaff-44ae-b735-1755b6945fc7","dataSize":"2267","replicationType":"RATIS","replicationFactor":"ONE","Transaction":"1638"} | ret=SUCCESS |  
2025-10-17 11:03:02,139 | INFO  | OMAudit | user=runner | ip=127.0.0.1 | op=GET_ACL {"resourceType":"prefix","storageType":"ozone","volume":"8ddd14b1-db1d-48c9-b065-23a05b39a1ba","bucket":"df5391be-448f-48c6-b5a4-4a7b0f28e306","key":"PF55ad2b01-bdcf-4173-a130-60f3471ad902/"} | ret=SUCCESS |  
2025-10-17 11:03:02,141 | INFO  | OMAudit | user=runner | ip=127.0.0.1 | op=GET_ACL {"resourceType":"key","storageType":"ozone","volume":"8ddd14b1-db1d-48c9-b065-23a05b39a1ba","bucket":"df5391be-448f-48c6-b5a4-4a7b0f28e306","key":"PF55ad2b01-bdcf-4173-a130-60f3471ad902/KEYa72e8c28-aaff-44ae-b735-1755b6945fc7"} | ret=SUCCESS |  
2025-10-17 11:03:02,143 | INFO  | OMAudit | user=runner | ip=127.0.0.1 | op=ADD_ACL {"resourceType":"prefix","storageType":"ozone","volume":"8ddd14b1-db1d-48c9-b065-23a05b39a1ba","bucket":"df5391be-448f-48c6-b5a4-4a7b0f28e306","key":"PFec40ebce-a0c6-4da2-a0e3-d9aa824fa61a/","acl":"user:remoteUser:r[DEFAULT]","Transaction":"1639"} | ret=SUCCESS |  
2025-10-17 11:03:02,144 | INFO  | OMAudit | user=runner | ip=127.0.0.1 | op=ADD_ACL {"resourceType":"prefix","storageType":"ozone","volume":"8ddd14b1-db1d-48c9-b065-23a05b39a1ba","bucket":"df5391be-448f-48c6-b5a4-4a7b0f28e306","key":"PFec40ebce-a0c6-4da2-a0e3-d9aa824fa61a/","acl":"group:remoteGroup:r[DEFAULT]","Transaction":"1640"} | ret=SUCCESS |  
2025-10-17 11:03:02,146 | INFO  | OMAudit | user=runner | ip=127.0.0.1 | op=DELETE_KEY {"volume":"8ddd14b1-db1d-48c9-b065-23a05b39a1ba","bucket":"df5391be-448f-48c6-b5a4-4a7b0f28e306","key":"PF55ad2b01-bdcf-4173-a130-60f3471ad902/KEYa72e8c28-aaff-44ae-b735-1755b6945fc7","dataSize":"2267","replicationConfig":"RATIS/ONE","Transaction":"1641"} | ret=SUCCESS |  
2025-10-17 11:03:02,148 | INFO  | OMAudit | user=runner | ip=127.0.0.1 | op=READ_BUCKET {"volume":"8ddd14b1-db1d-48c9-b065-23a05b39a1ba","bucket":"df5391be-448f-48c6-b5a4-4a7b0f28e306"} | ret=SUCCESS |  
2025-10-17 11:03:02,149 | INFO  | SCMAudit | user=runner | ip=127.0.0.1 | op=ALLOCATE_BLOCK {"replication":"RATIS/ONE","owner":"omServiceIdDefault","size":"4194304","sampleBlocks":"[conID: 5 locID: 115816896921600429]","num":"1","client":"","allocated":"1"} | ret=SUCCESS |  
2025-10-17 11:03:02,151 | INFO  | OMAudit | user=runner | ip=127.0.0.1 | op=ALLOCATE_KEY {"volume":"8ddd14b1-db1d-48c9-b065-23a05b39a1ba","bucket":"df5391be-448f-48c6-b5a4-4a7b0f28e306","key":"PF55ad2b01-bdcf-4173-a130-60f3471ad902/KEYa72e8c28-aaff-44ae-b735-1755b6945fc7","dataSize":"2273","replicationType":"RATIS","replicationFactor":"ONE","Transaction":"1642"} | ret=SUCCESS |  
2025-10-17 11:03:02,160 | INFO  | OMAudit | user=runner | ip=127.0.0.1 | op=COMMIT_KEY {"volume":"8ddd14b1-db1d-48c9-b065-23a05b39a1ba","bucket":"df5391be-448f-48c6-b5a4-4a7b0f28e306","key":"PF55ad2b01-bdcf-4173-a130-60f3471ad902/KEYa72e8c28-aaff-44ae-b735-1755b6945fc7","dataSize":"2273","replicationType":"RATIS","replicationFactor":"ONE","Transaction":"1643"} | ret=SUCCESS |  
2025-10-17 11:03:02,161 | INFO  | OMAudit | user=runner | ip=127.0.0.1 | op=GET_ACL {"resourceType":"prefix","storageType":"ozone","volume":"8ddd14b1-db1d-48c9-b065-23a05b39a1ba","bucket":"df5391be-448f-48c6-b5a4-4a7b0f28e306","key":"PFec40ebce-a0c6-4da2-a0e3-d9aa824fa61a/"} | ret=SUCCESS |  
2025-10-17 11:03:02,164 | INFO  | OMAudit | user=runner | ip=127.0.0.1 | op=GET_ACL {"resourceType":"key","storageType":"ozone","volume":"8ddd14b1-db1d-48c9-b065-23a05b39a1ba","bucket":"df5391be-448f-48c6-b5a4-4a7b0f28e306","key":"PF55ad2b01-bdcf-4173-a130-60f3471ad902/KEYa72e8c28-aaff-44ae-b735-1755b6945fc7"} | ret=SUCCESS |  
]]></system-out>
  </testcase>
  <testcase name="testNativeAclsForVolume" classname="org.apache.hadoop.ozone.client.rpc.TestSecureOzoneRpcClient" time="0.048">
    <system-out><![CDATA[2025-10-17 11:03:02,167 [ForkJoinPool-1-worker-1] INFO  rpc.RpcClient (RpcClient.java:createVolume(461)) - Creating Volume: c263758d-6971-4772-88ae-2abd9efc5d4c, with runner as owner and space quota set to -1 bytes, counts quota set to -1
2025-10-17 11:03:02,169 [om1-OMStateMachineApplyTransactionThread - 0] INFO  volume.OMVolumeCreateRequest (OMVolumeCreateRequest.java:validateAndUpdateCache(213)) - created volume:c263758d-6971-4772-88ae-2abd9efc5d4c for user:runner
2025-10-17 11:03:02,169 | INFO  | OMAudit | user=runner | ip=127.0.0.1 | op=CREATE_VOLUME {"admin":"runner","owner":"runner","volume":"c263758d-6971-4772-88ae-2abd9efc5d4c","creationTime":"1760698982168","modificationTime":"1760698982168","quotaInBytes":"-1","quotaInNamespace":"-1","usedNamespace":"0","objectID":"-9223372036854354944","updateID":"1644","Transaction":"1644"} | ret=SUCCESS |  
2025-10-17 11:03:02,196 | INFO  | OMAudit | user=runner | ip=127.0.0.1 | op=ADD_ACL {"resourceType":"volume","storageType":"ozone","volume":"c263758d-6971-4772-88ae-2abd9efc5d4c","bucket":null,"key":null,"acl":"[user:runner:x[ACCESS]]","Transaction":"1645"} | ret=SUCCESS |  
2025-10-17 11:03:02,197 | INFO  | OMAudit | user=runner | ip=127.0.0.1 | op=GET_ACL {"resourceType":"volume","storageType":"ozone","volume":"c263758d-6971-4772-88ae-2abd9efc5d4c","bucket":null,"key":null} | ret=SUCCESS |  
2025-10-17 11:03:02,198 | INFO  | OMAudit | user=runner | ip=127.0.0.1 | op=GET_ACL {"resourceType":"volume","storageType":"ozone","volume":"c263758d-6971-4772-88ae-2abd9efc5d4c","bucket":null,"key":null} | ret=SUCCESS |  
2025-10-17 11:03:02,200 | INFO  | OMAudit | user=runner | ip=127.0.0.1 | op=REMOVE_ACL {"resourceType":"volume","storageType":"ozone","volume":"c263758d-6971-4772-88ae-2abd9efc5d4c","bucket":null,"key":null,"acl":"[user:runner:x[ACCESS]]","Transaction":"1646"} | ret=SUCCESS |  
2025-10-17 11:03:02,201 | INFO  | OMAudit | user=runner | ip=127.0.0.1 | op=GET_ACL {"resourceType":"volume","storageType":"ozone","volume":"c263758d-6971-4772-88ae-2abd9efc5d4c","bucket":null,"key":null} | ret=SUCCESS |  
2025-10-17 11:03:02,201 | INFO  | OMAudit | user=runner | ip=127.0.0.1 | op=GET_ACL {"resourceType":"volume","storageType":"ozone","volume":"c263758d-6971-4772-88ae-2abd9efc5d4c","bucket":null,"key":null} | ret=SUCCESS |  
2025-10-17 11:03:02,202 | INFO  | OMAudit | user=runner | ip=127.0.0.1 | op=GET_ACL {"resourceType":"volume","storageType":"ozone","volume":"c263758d-6971-4772-88ae-2abd9efc5d4c","bucket":null,"key":null} | ret=SUCCESS |  
2025-10-17 11:03:02,203 | INFO  | OMAudit | user=runner | ip=127.0.0.1 | op=REMOVE_ACL {"resourceType":"volume","storageType":"ozone","volume":"c263758d-6971-4772-88ae-2abd9efc5d4c","bucket":null,"key":null,"acl":"[user:runner:a[ACCESS]]","Transaction":"1647"} | ret=SUCCESS |  
2025-10-17 11:03:02,205 | INFO  | OMAudit | user=runner | ip=127.0.0.1 | op=REMOVE_ACL {"resourceType":"volume","storageType":"ozone","volume":"c263758d-6971-4772-88ae-2abd9efc5d4c","bucket":null,"key":null,"acl":"[group:runner:rl[ACCESS]]","Transaction":"1648"} | ret=SUCCESS |  
2025-10-17 11:03:02,205 | INFO  | OMAudit | user=runner | ip=127.0.0.1 | op=GET_ACL {"resourceType":"volume","storageType":"ozone","volume":"c263758d-6971-4772-88ae-2abd9efc5d4c","bucket":null,"key":null} | ret=SUCCESS |  
2025-10-17 11:03:02,207 | INFO  | OMAudit | user=runner | ip=127.0.0.1 | op=ADD_ACL {"resourceType":"volume","storageType":"ozone","volume":"c263758d-6971-4772-88ae-2abd9efc5d4c","bucket":null,"key":null,"acl":"[user:runner:a[ACCESS]]","Transaction":"1649"} | ret=SUCCESS |  
2025-10-17 11:03:02,208 | INFO  | OMAudit | user=runner | ip=127.0.0.1 | op=GET_ACL {"resourceType":"volume","storageType":"ozone","volume":"c263758d-6971-4772-88ae-2abd9efc5d4c","bucket":null,"key":null} | ret=SUCCESS |  
2025-10-17 11:03:02,209 | INFO  | OMAudit | user=runner | ip=127.0.0.1 | op=ADD_ACL {"resourceType":"volume","storageType":"ozone","volume":"c263758d-6971-4772-88ae-2abd9efc5d4c","bucket":null,"key":null,"acl":"[group:runner:rl[ACCESS]]","Transaction":"1650"} | ret=SUCCESS |  
2025-10-17 11:03:02,210 | INFO  | OMAudit | user=runner | ip=127.0.0.1 | op=GET_ACL {"resourceType":"volume","storageType":"ozone","volume":"c263758d-6971-4772-88ae-2abd9efc5d4c","bucket":null,"key":null} | ret=SUCCESS |  
2025-10-17 11:03:02,210 | INFO  | OMAudit | user=runner | ip=127.0.0.1 | op=GET_ACL {"resourceType":"volume","storageType":"ozone","volume":"c263758d-6971-4772-88ae-2abd9efc5d4c","bucket":null,"key":null} | ret=SUCCESS |  
2025-10-17 11:03:02,212 | INFO  | OMAudit | user=runner | ip=127.0.0.1 | op=SET_ACL {"resourceType":"volume","storageType":"ozone","volume":"c263758d-6971-4772-88ae-2abd9efc5d4c","bucket":null,"key":null,"acl":"[user:userx:x[ACCESS], group:userx:a[ACCESS]]","Transaction":"1651"} | ret=SUCCESS |  
2025-10-17 11:03:02,213 | INFO  | OMAudit | user=runner | ip=127.0.0.1 | op=GET_ACL {"resourceType":"volume","storageType":"ozone","volume":"c263758d-6971-4772-88ae-2abd9efc5d4c","bucket":null,"key":null} | ret=SUCCESS |  
]]></system-out>
  </testcase>
  <testcase name="testNoSuchUploadError" classname="org.apache.hadoop.ozone.client.rpc.TestSecureOzoneRpcClient" time="0.008">
    <system-out><![CDATA[2025-10-17 11:03:02,214 [ForkJoinPool-1-worker-1] INFO  rpc.RpcClient (RpcClient.java:createVolume(461)) - Creating Volume: d6e276a7-fb36-454d-a2d8-ae48d1c58e49, with runner as owner and space quota set to -1 bytes, counts quota set to -1
2025-10-17 11:03:02,215 [om1-OMStateMachineApplyTransactionThread - 0] INFO  volume.OMVolumeCreateRequest (OMVolumeCreateRequest.java:validateAndUpdateCache(213)) - created volume:d6e276a7-fb36-454d-a2d8-ae48d1c58e49 for user:runner
2025-10-17 11:03:02,215 | INFO  | OMAudit | user=runner | ip=127.0.0.1 | op=CREATE_VOLUME {"admin":"runner","owner":"runner","volume":"d6e276a7-fb36-454d-a2d8-ae48d1c58e49","creationTime":"1760698982215","modificationTime":"1760698982215","quotaInBytes":"-1","quotaInNamespace":"-1","usedNamespace":"0","objectID":"-9223372036854352896","updateID":"1652","Transaction":"1652"} | ret=SUCCESS |  
2025-10-17 11:03:02,216 | INFO  | OMAudit | user=runner | ip=127.0.0.1 | op=READ_VOLUME {"volume":"d6e276a7-fb36-454d-a2d8-ae48d1c58e49"} | ret=SUCCESS |  
2025-10-17 11:03:02,217 [ForkJoinPool-1-worker-1] INFO  rpc.RpcClient (RpcClient.java:createBucket(686)) - Creating Bucket: d6e276a7-fb36-454d-a2d8-ae48d1c58e49/f1128e98-94be-4038-9792-1a9d6adc1e37, with server-side default bucket layout, runner as owner, Versioning false, Storage Type set to DISK and Encryption set to false, Replication Type set to server-side default replication type, Namespace Quota set to -1, Space Quota set to -1 
2025-10-17 11:03:02,218 [om1-OMStateMachineApplyTransactionThread - 0] INFO  bucket.OMBucketCreateRequest (OMBucketCreateRequest.java:validateAndUpdateCache(303)) - created bucket: f1128e98-94be-4038-9792-1a9d6adc1e37 of layout FILE_SYSTEM_OPTIMIZED in volume: d6e276a7-fb36-454d-a2d8-ae48d1c58e49
2025-10-17 11:03:02,218 | INFO  | OMAudit | user=runner | ip=127.0.0.1 | op=CREATE_BUCKET {"volume":"d6e276a7-fb36-454d-a2d8-ae48d1c58e49","bucket":"f1128e98-94be-4038-9792-1a9d6adc1e37","bucketLayout":"FILE_SYSTEM_OPTIMIZED","gdprEnabled":null,"acls":"[user:runner:a[ACCESS], group:runner:rl[ACCESS]]","isVersionEnabled":"false","storageType":"DISK","creationTime":"1760698982217","bucketEncryptionKey":null,"modificationTime":"1760698982217","usedBytes":"0","usedNamespace":"0","snapshotUsedBytes":"0","snapshotUsedNamespace":"0","owner":"runner","replicationType":null,"replicationConfig":null,"quotaInBytes":"-1","quotaInNamespace":"-1","Transaction":"1653"} | ret=SUCCESS |  
2025-10-17 11:03:02,219 | INFO  | OMAudit | user=runner | ip=127.0.0.1 | op=READ_BUCKET {"volume":"d6e276a7-fb36-454d-a2d8-ae48d1c58e49","bucket":"f1128e98-94be-4038-9792-1a9d6adc1e37"} | ret=SUCCESS |  
2025-10-17 11:03:02,220 [IPC Server handler 18 on default port 15006] WARN  key.OMKeyRequest (OMKeyRequest.java:getFileEncryptionInfoForMpuKey(805)) - omKeyInfo not found. Key: /-9223372036854352896/-9223372036854352640/-9223372036854352640/8e699ef0-85f8-4a47-b539-201fd519292b/random. The upload id random may be invalid.
2025-10-17 11:03:02,221 [om1-OMStateMachineApplyTransactionThread - 0] ERROR key.OMKeyCreateRequest (OMKeyCreateRequest.java:logResult(400)) - Key creation failed. Volume:d6e276a7-fb36-454d-a2d8-ae48d1c58e49, Bucket:f1128e98-94be-4038-9792-1a9d6adc1e37, Key:8e699ef0-85f8-4a47-b539-201fd519292b. 
NO_SUCH_MULTIPART_UPLOAD_ERROR org.apache.hadoop.ozone.om.exceptions.OMException: No such Multipart upload is with specified uploadId random
	at org.apache.hadoop.ozone.om.request.key.OMKeyRequest.prepareMultipartFileInfo(OMKeyRequest.java:1102)
	at org.apache.hadoop.ozone.om.request.key.OMKeyRequest.prepareFileInfo(OMKeyRequest.java:961)
	at org.apache.hadoop.ozone.om.request.key.OMKeyCreateRequestWithFSO.validateAndUpdateCache(OMKeyCreateRequestWithFSO.java:154)
	at org.apache.hadoop.ozone.protocolPB.OzoneManagerRequestHandler.lambda$0(OzoneManagerRequestHandler.java:418)
	at org.apache.hadoop.ozone.util.MetricUtil.captureLatencyNs(MetricUtil.java:45)
	at org.apache.hadoop.ozone.protocolPB.OzoneManagerRequestHandler.handleWriteRequestImpl(OzoneManagerRequestHandler.java:416)
	at org.apache.hadoop.ozone.protocolPB.RequestHandler.handleWriteRequest(RequestHandler.java:62)
	at org.apache.hadoop.ozone.om.ratis.OzoneManagerStateMachine.runCommand(OzoneManagerStateMachine.java:599)
	at org.apache.hadoop.ozone.om.ratis.OzoneManagerStateMachine.lambda$3(OzoneManagerStateMachine.java:415)
	at java.base/java.util.concurrent.CompletableFuture$AsyncSupply.run(CompletableFuture.java:1768)
	at java.base/java.util.concurrent.ThreadPoolExecutor.runWorker(ThreadPoolExecutor.java:1144)
	at java.base/java.util.concurrent.ThreadPoolExecutor$Worker.run(ThreadPoolExecutor.java:642)
	at java.base/java.lang.Thread.run(Thread.java:1583)
2025-10-17 11:03:02,222 | ERROR | OMAudit | user=runner | ip=127.0.0.1 | op=ALLOCATE_KEY {"volume":"d6e276a7-fb36-454d-a2d8-ae48d1c58e49","bucket":"f1128e98-94be-4038-9792-1a9d6adc1e37","key":"8e699ef0-85f8-4a47-b539-201fd519292b","dataSize":"12","Transaction":"1654"} | ret=FAILURE | 
org.apache.hadoop.ozone.om.exceptions.OMException: No such Multipart upload is with specified uploadId random
	at org.apache.hadoop.ozone.om.request.key.OMKeyRequest.prepareMultipartFileInfo(OMKeyRequest.java:1102)
	at org.apache.hadoop.ozone.om.request.key.OMKeyRequest.prepareFileInfo(OMKeyRequest.java:961)
 
2025-10-17 11:03:02,222 | INFO  | SCMAudit | user=runner | ip=127.0.0.1 | op=SEND_HEARTBEAT {"datanodeUUID":"50dccd39-549f-4f43-8b1f-597bf98f9c16","term":"2","command":"[]"} | ret=SUCCESS |  
]]></system-out>
  </testcase>
  <testcase name="testOMClientProxyProvider" classname="org.apache.hadoop.ozone.client.rpc.TestSecureOzoneRpcClient" time="0.001"/>
  <testcase name="testOverWriteKeyWithAndWithOutVersioning" classname="org.apache.hadoop.ozone.client.rpc.TestSecureOzoneRpcClient" time="0.927">
    <failure message="&#10;Expecting actual:&#10;  0&#10;to be greater than:&#10;  0&#10;" type="java.lang.AssertionError"><![CDATA[java.lang.AssertionError: 

Expecting actual:
  0
to be greater than:
  0

	at org.apache.hadoop.ozone.client.rpc.OzoneRpcClientTests.checkExceptedResultForVersioningTest(OzoneRpcClientTests.java:4659)
	at org.apache.hadoop.ozone.client.rpc.OzoneRpcClientTests.testOverWriteKeyWithAndWithOutVersioning(OzoneRpcClientTests.java:4682)
	at java.base/java.lang.reflect.Method.invoke(Method.java:580)
	at java.base/java.util.concurrent.ForkJoinTask.doExec(ForkJoinTask.java:387)
	at java.base/java.util.concurrent.ForkJoinPool$WorkQueue.topLevelExec(ForkJoinPool.java:1312)
	at java.base/java.util.concurrent.ForkJoinPool.scan(ForkJoinPool.java:1843)
	at java.base/java.util.concurrent.ForkJoinPool.runWorker(ForkJoinPool.java:1808)
	at java.base/java.util.concurrent.ForkJoinWorkerThread.run(ForkJoinWorkerThread.java:188)
]]></failure>
    <system-out><![CDATA[2025-10-17 11:03:02,225 [ForkJoinPool-1-worker-1] INFO  rpc.RpcClient (RpcClient.java:createVolume(461)) - Creating Volume: a31cf4cc-bcb7-4fd3-9f28-9c84d248ecf2, with runner as owner and space quota set to -1 bytes, counts quota set to -1
2025-10-17 11:03:02,227 [om1-OMStateMachineApplyTransactionThread - 0] INFO  volume.OMVolumeCreateRequest (OMVolumeCreateRequest.java:validateAndUpdateCache(213)) - created volume:a31cf4cc-bcb7-4fd3-9f28-9c84d248ecf2 for user:runner
2025-10-17 11:03:02,227 | INFO  | OMAudit | user=runner | ip=127.0.0.1 | op=CREATE_VOLUME {"admin":"runner","owner":"runner","volume":"a31cf4cc-bcb7-4fd3-9f28-9c84d248ecf2","creationTime":"1760698982226","modificationTime":"1760698982226","quotaInBytes":"-1","quotaInNamespace":"-1","usedNamespace":"0","objectID":"-9223372036854352128","updateID":"1655","Transaction":"1655"} | ret=SUCCESS |  
2025-10-17 11:03:02,229 | INFO  | OMAudit | user=runner | ip=127.0.0.1 | op=READ_VOLUME {"volume":"a31cf4cc-bcb7-4fd3-9f28-9c84d248ecf2"} | ret=SUCCESS |  
2025-10-17 11:03:02,229 [ForkJoinPool-1-worker-1] INFO  rpc.RpcClient (RpcClient.java:createBucket(686)) - Creating Bucket: a31cf4cc-bcb7-4fd3-9f28-9c84d248ecf2/e41b49d0-8c95-4d69-9b23-cfa71bde4746, with bucket layout OBJECT_STORE, runner as owner, Versioning false, Storage Type set to DISK and Encryption set to false, Replication Type set to server-side default replication type, Namespace Quota set to -1, Space Quota set to -1 
2025-10-17 11:03:02,231 [om1-OMStateMachineApplyTransactionThread - 0] INFO  bucket.OMBucketCreateRequest (OMBucketCreateRequest.java:validateAndUpdateCache(303)) - created bucket: e41b49d0-8c95-4d69-9b23-cfa71bde4746 of layout OBJECT_STORE in volume: a31cf4cc-bcb7-4fd3-9f28-9c84d248ecf2
2025-10-17 11:03:02,231 | INFO  | OMAudit | user=runner | ip=127.0.0.1 | op=CREATE_BUCKET {"volume":"a31cf4cc-bcb7-4fd3-9f28-9c84d248ecf2","bucket":"e41b49d0-8c95-4d69-9b23-cfa71bde4746","bucketLayout":"OBJECT_STORE","gdprEnabled":null,"acls":"[user:runner:a[ACCESS], group:runner:rl[ACCESS]]","isVersionEnabled":"false","storageType":"DISK","creationTime":"1760698982230","bucketEncryptionKey":null,"modificationTime":"1760698982230","usedBytes":"0","usedNamespace":"0","snapshotUsedBytes":"0","snapshotUsedNamespace":"0","owner":"runner","replicationType":null,"replicationConfig":null,"quotaInBytes":"-1","quotaInNamespace":"-1","Transaction":"1656"} | ret=SUCCESS |  
2025-10-17 11:03:02,233 | INFO  | OMAudit | user=runner | ip=127.0.0.1 | op=READ_BUCKET {"volume":"a31cf4cc-bcb7-4fd3-9f28-9c84d248ecf2","bucket":"e41b49d0-8c95-4d69-9b23-cfa71bde4746"} | ret=SUCCESS |  
2025-10-17 11:03:02,234 | INFO  | OMAudit | user=runner | ip=127.0.0.1 | op=READ_BUCKET {"volume":"a31cf4cc-bcb7-4fd3-9f28-9c84d248ecf2","bucket":"e41b49d0-8c95-4d69-9b23-cfa71bde4746"} | ret=SUCCESS |  
2025-10-17 11:03:02,235 | INFO  | SCMAudit | user=runner | ip=127.0.0.1 | op=ALLOCATE_BLOCK {"replication":"RATIS/THREE","owner":"omServiceIdDefault","size":"4194304","sampleBlocks":"[conID: 16 locID: 115816896921600430]","num":"1","client":"","allocated":"1"} | ret=SUCCESS |  
2025-10-17 11:03:02,237 | INFO  | OMAudit | user=runner | ip=127.0.0.1 | op=ALLOCATE_KEY {"volume":"a31cf4cc-bcb7-4fd3-9f28-9c84d248ecf2","bucket":"e41b49d0-8c95-4d69-9b23-cfa71bde4746","key":"7c04d2a0-3ab7-4bd4-9e77-c004dc171fdb","dataSize":"12","replicationType":"RATIS","replicationFactor":"THREE","Transaction":"1657"} | ret=SUCCESS |  
2025-10-17 11:03:02,247 | INFO  | OMAudit | user=runner | ip=127.0.0.1 | op=COMMIT_KEY {"volume":"a31cf4cc-bcb7-4fd3-9f28-9c84d248ecf2","bucket":"e41b49d0-8c95-4d69-9b23-cfa71bde4746","key":"7c04d2a0-3ab7-4bd4-9e77-c004dc171fdb","dataSize":"12","replicationType":"RATIS","replicationFactor":"THREE","Transaction":"1658"} | ret=SUCCESS |  
2025-10-17 11:03:02,248 | INFO  | OMAudit | user=runner | ip=127.0.0.1 | op=READ_BUCKET {"volume":"a31cf4cc-bcb7-4fd3-9f28-9c84d248ecf2","bucket":"e41b49d0-8c95-4d69-9b23-cfa71bde4746"} | ret=SUCCESS |  
2025-10-17 11:03:02,249 | INFO  | SCMAudit | user=runner | ip=127.0.0.1 | op=ALLOCATE_BLOCK {"replication":"RATIS/THREE","owner":"omServiceIdDefault","size":"4194304","sampleBlocks":"[conID: 19 locID: 115816896921600431]","num":"1","client":"","allocated":"1"} | ret=SUCCESS |  
2025-10-17 11:03:02,251 | INFO  | OMAudit | user=runner | ip=127.0.0.1 | op=ALLOCATE_KEY {"volume":"a31cf4cc-bcb7-4fd3-9f28-9c84d248ecf2","bucket":"e41b49d0-8c95-4d69-9b23-cfa71bde4746","key":"7c04d2a0-3ab7-4bd4-9e77-c004dc171fdb","dataSize":"12","replicationType":"RATIS","replicationFactor":"THREE","Transaction":"1659"} | ret=SUCCESS |  
2025-10-17 11:03:02,261 | INFO  | OMAudit | user=runner | ip=127.0.0.1 | op=COMMIT_KEY {"volume":"a31cf4cc-bcb7-4fd3-9f28-9c84d248ecf2","bucket":"e41b49d0-8c95-4d69-9b23-cfa71bde4746","key":"7c04d2a0-3ab7-4bd4-9e77-c004dc171fdb","dataSize":"12","replicationType":"RATIS","replicationFactor":"THREE","Transaction":"1660"} | ret=SUCCESS |  
2025-10-17 11:03:02,262 | INFO  | SCMAudit | user=runner | ip=127.0.0.1 | op=SEND_HEARTBEAT {"datanodeUUID":"99c47355-c013-4450-a734-aff6d3c99677","term":"2","command":"[]"} | ret=SUCCESS |  
2025-10-17 11:03:02,263 | INFO  | SCMAudit | user=runner | ip=127.0.0.1 | op=SEND_HEARTBEAT {"datanodeUUID":"718bfa29-2c47-4ab5-ac61-3dfe9c6b9d5c","term":"2","command":"[]"} | ret=SUCCESS |  
2025-10-17 11:03:02,263 | INFO  | SCMAudit | user=runner | ip=127.0.0.1 | op=SEND_HEARTBEAT {"datanodeUUID":"7995ae7b-77ec-4e72-809d-814459f62ee0","term":"2","command":"[]"} | ret=SUCCESS |  
2025-10-17 11:03:02,735 | INFO  | SCMAudit | user=runner | ip=127.0.0.1 | op=SEND_HEARTBEAT {"datanodeUUID":"b6f92338-e951-49df-a986-ea31ece96e9e","term":"2","command":"[]"} | ret=SUCCESS |  
2025-10-17 11:03:02,735 | INFO  | SCMAudit | user=runner | ip=127.0.0.1 | op=SEND_HEARTBEAT {"datanodeUUID":"2b4cc429-f9c1-416c-9a38-6239a2e149ea","term":"2","command":"[]"} | ret=SUCCESS |  
2025-10-17 11:03:02,736 | INFO  | SCMAudit | user=runner | ip=127.0.0.1 | op=SEND_HEARTBEAT {"datanodeUUID":"28c08cd4-c049-4c66-8210-e254cf68b291","term":"2","command":"[]"} | ret=SUCCESS |  
2025-10-17 11:03:02,738 | INFO  | SCMAudit | user=runner | ip=127.0.0.1 | op=SEND_HEARTBEAT {"datanodeUUID":"b292b6be-9482-4c30-a3e0-c9f721931b72","term":"2","command":"[]"} | ret=SUCCESS |  
2025-10-17 11:03:02,738 | INFO  | SCMAudit | user=runner | ip=127.0.0.1 | op=SEND_HEARTBEAT {"datanodeUUID":"b1eee25a-1fdf-4744-83c7-58e0513fce3b","term":"2","command":"[]"} | ret=SUCCESS |  
2025-10-17 11:03:02,762 | INFO  | SCMAudit | user=runner | ip=127.0.0.1 | op=SEND_HEARTBEAT {"datanodeUUID":"dbd6f242-9b73-4bca-a110-3e2ec656b979","term":"2","command":"[]"} | ret=SUCCESS |  
2025-10-17 11:03:02,767 | INFO  | SCMAudit | user=runner | ip=127.0.0.1 | op=SEND_HEARTBEAT {"datanodeUUID":"ed6e9581-5875-4278-a8db-50829892434b","term":"2","command":"[]"} | ret=SUCCESS |  
2025-10-17 11:03:02,890 | INFO  | SCMAudit | user=runner | ip=127.0.0.1 | op=SEND_HEARTBEAT {"datanodeUUID":"a5293c95-44e9-4ea9-88ca-89089eac4b59","term":"2","command":"[]"} | ret=SUCCESS |  
2025-10-17 11:03:02,942 | INFO  | SCMAudit | user=runner | ip=127.0.0.1 | op=SEND_HEARTBEAT {"datanodeUUID":"3a11eef6-a527-493c-8ba3-ae39ecaefa56","term":"2","command":"[]"} | ret=SUCCESS |  
2025-10-17 11:03:03,034 | INFO  | SCMAudit | user=runner | ip=127.0.0.1 | op=SEND_HEARTBEAT {"datanodeUUID":"309ab1ff-9f5a-4058-8b2f-94d451ce5267","term":"2","command":"[]"} | ret=SUCCESS |  
2025-10-17 11:03:03,138 [om1-KeyDeletingService#3] INFO  service.KeyDeletingService (KeyDeletingService.java:processKeyDeletes(151)) - Send 8 key(s) to SCM, first 8 keys: [PurgedKey{blockGroup=BlockGroup[groupID='/2d71e73d-f478-4124-9799-ddf5ce8e0a2c/4c925347-d7c6-4e4a-a7a4-d7838a2f9d46/e41e694b-b8bd-4a2a-851a-e4fde5953cb8/0199f1d6-4dab-754f-bc30-77357bbfc4c7-115389168203006281/-9223372036854433791/0', blockIDs=[conID: 27 locID: 115816896921600354 bcsId: 0 replicaIndex: null, conID: 26 locID: 115816896921600355 bcsId: 0 replicaIndex: null, conID: 25 locID: 115816896921600356 bcsId: 0 replicaIndex: null]], volume='2d71e73d-f478-4124-9799-ddf5ce8e0a2c', bucket='4c925347-d7c6-4e4a-a7a4-d7838a2f9d46', bucketId=-9223372036854434048, purgedBytes=18874476, isCommittedKey=false, deleteKeyName='/2d71e73d-f478-4124-9799-ddf5ce8e0a2c/4c925347-d7c6-4e4a-a7a4-d7838a2f9d46/e41e694b-b8bd-4a2a-851a-e4fde5953cb8/0199f1d6-4dab-754f-bc30-77357bbfc4c7-115389168203006281/-9223372036854433791'}, PurgedKey{blockGroup=BlockGroup[groupID='/864d278e-ebc5-4c3d-9e4a-3a402a45f7b0/a62e3342-727c-4112-a61f-3a0104b80e26/dir1/dir21d046fc3-8d4a-4a4e-8367-bad54097606e/-9223372036854365950/0', blockIDs=[conID: 1 locID: 115816896921600422 bcsId: 0 replicaIndex: null]], volume='864d278e-ebc5-4c3d-9e4a-3a402a45f7b0', bucket='a62e3342-727c-4112-a61f-3a0104b80e26', bucketId=-9223372036854366208, purgedBytes=2254, isCommittedKey=true, deleteKeyName='/864d278e-ebc5-4c3d-9e4a-3a402a45f7b0/a62e3342-727c-4112-a61f-3a0104b80e26/dir1/dir21d046fc3-8d4a-4a4e-8367-bad54097606e/-9223372036854365950'}, PurgedKey{blockGroup=BlockGroup[groupID='/8ddd14b1-db1d-48c9-b065-23a05b39a1ba/df5391be-448f-48c6-b5a4-4a7b0f28e306/PF55ad2b01-bdcf-4173-a130-60f3471ad902/KEYa72e8c28-aaff-44ae-b735-1755b6945fc7/-9223372036854359294/0', blockIDs=[conID: 2 locID: 115816896921600426 bcsId: 0 replicaIndex: null]], volume='8ddd14b1-db1d-48c9-b065-23a05b39a1ba', bucket='df5391be-448f-48c6-b5a4-4a7b0f28e306', bucketId=-9223372036854359552, purgedBytes=2262, isCommittedKey=true, deleteKeyName='/8ddd14b1-db1d-48c9-b065-23a05b39a1ba/df5391be-448f-48c6-b5a4-4a7b0f28e306/PF55ad2b01-bdcf-4173-a130-60f3471ad902/KEYa72e8c28-aaff-44ae-b735-1755b6945fc7/-9223372036854359294'}, PurgedKey{blockGroup=BlockGroup[groupID='/a31cf4cc-bcb7-4fd3-9f28-9c84d248ecf2/e41b49d0-8c95-4d69-9b23-cfa71bde4746/7c04d2a0-3ab7-4bd4-9e77-c004dc171fdb/-9223372036854350848/0', blockIDs=[conID: 16 locID: 115816896921600430 bcsId: 0 replicaIndex: null]], volume='a31cf4cc-bcb7-4fd3-9f28-9c84d248ecf2', bucket='e41b49d0-8c95-4d69-9b23-cfa71bde4746', bucketId=-9223372036854351872, purgedBytes=36, isCommittedKey=true, deleteKeyName='/a31cf4cc-bcb7-4fd3-9f28-9c84d248ecf2/e41b49d0-8c95-4d69-9b23-cfa71bde4746/7c04d2a0-3ab7-4bd4-9e77-c004dc171fdb/-9223372036854350848'}, PurgedKey{blockGroup=BlockGroup[groupID='/8ddd14b1-db1d-48c9-b065-23a05b39a1ba/df5391be-448f-48c6-b5a4-4a7b0f28e306/PF55ad2b01-bdcf-4173-a130-60f3471ad902/KEYa72e8c28-aaff-44ae-b735-1755b6945fc7/-9223372036854356735/0', blockIDs=[conID: 5 locID: 115816896921600428 bcsId: 0 replicaIndex: null]], volume='8ddd14b1-db1d-48c9-b065-23a05b39a1ba', bucket='df5391be-448f-48c6-b5a4-4a7b0f28e306', bucketId=-9223372036854359552, purgedBytes=2267, isCommittedKey=true, deleteKeyName='/8ddd14b1-db1d-48c9-b065-23a05b39a1ba/df5391be-448f-48c6-b5a4-4a7b0f28e306/PF55ad2b01-bdcf-4173-a130-60f3471ad902/KEYa72e8c28-aaff-44ae-b735-1755b6945fc7/-9223372036854356735'}, PurgedKey{blockGroup=BlockGroup[groupID='/864d278e-ebc5-4c3d-9e4a-3a402a45f7b0/a62e3342-727c-4112-a61f-3a0104b80e26/dir1/dir21d046fc3-8d4a-4a4e-8367-bad54097606e/-9223372036854362367/0', blockIDs=[conID: 2 locID: 115816896921600424 bcsId: 0 replicaIndex: null]], volume='864d278e-ebc5-4c3d-9e4a-3a402a45f7b0', bucket='a62e3342-727c-4112-a61f-3a0104b80e26', bucketId=-9223372036854366208, purgedBytes=2298, isCommittedKey=true, deleteKeyName='/864d278e-ebc5-4c3d-9e4a-3a402a45f7b0/a62e3342-727c-4112-a61f-3a0104b80e26/dir1/dir21d046fc3-8d4a-4a4e-8367-bad54097606e/-9223372036854362367'}, PurgedKey{blockGroup=BlockGroup[groupID='/c742fd96-8fc0-415e-a569-7738247ad1ad/80ccd69f-f93f-4cd9-a210-3db939ebda80/150d3e33-c251-4fd1-ba9c-ce3b1dddbc59/0199f1d6-497e-7d95-86c2-20ff2c6fe6b9-115389168132948281/-9223372036854448127/0', blockIDs=[conID: 6 locID: 115816896921600334 bcsId: 0 replicaIndex: null, conID: 4 locID: 115816896921600335 bcsId: 0 replicaIndex: null, conID: 14 locID: 115816896921600336 bcsId: 0 replicaIndex: null, conID: 3 locID: 115816896921600337 bcsId: 0 replicaIndex: null, conID: 1 locID: 115816896921600338 bcsId: 0 replicaIndex: null]], volume='c742fd96-8fc0-415e-a569-7738247ad1ad', bucket='80ccd69f-f93f-4cd9-a210-3db939ebda80', bucketId=-9223372036854448384, purgedBytes=10485796, isCommittedKey=false, deleteKeyName='/c742fd96-8fc0-415e-a569-7738247ad1ad/80ccd69f-f93f-4cd9-a210-3db939ebda80/150d3e33-c251-4fd1-ba9c-ce3b1dddbc59/0199f1d6-497e-7d95-86c2-20ff2c6fe6b9-115389168132948281/-9223372036854448127'}, PurgedKey{blockGroup=BlockGroup[groupID='/2090b578-56d0-406e-bcc3-0ef7fdcf4d9f/f4852007-a182-472d-bb3d-6376411fdaa9/b151993c-a28a-48a7-a56e-bf009b55ecbb/0199f1d6-4b9a-7dc4-a8d6-825b187897c9-115389168168337729/-9223372036854440959/0', blockIDs=[conID: 16 locID: 115816896921600344 bcsId: 0 replicaIndex: null, conID: 21 locID: 115816896921600345 bcsId: 0 replicaIndex: null, conID: 21 locID: 115816896921600346 bcsId: 0 replicaIndex: null, conID: 15 locID: 115816896921600347 bcsId: 0 replicaIndex: null, conID: 16 locID: 115816896921600348 bcsId: 0 replicaIndex: null]], volume='2090b578-56d0-406e-bcc3-0ef7fdcf4d9f', bucket='f4852007-a182-472d-bb3d-6376411fdaa9', bucketId=-9223372036854441216, purgedBytes=31457388, isCommittedKey=false, deleteKeyName='/2090b578-56d0-406e-bcc3-0ef7fdcf4d9f/f4852007-a182-472d-bb3d-6376411fdaa9/b151993c-a28a-48a7-a56e-bf009b55ecbb/0199f1d6-4b9a-7dc4-a8d6-825b187897c9-115389168168337729/-9223372036854440959'}]
2025-10-17 11:03:03,142 | INFO  | SCMAudit | user=runner | ip=127.0.0.1 | op=DELETE_KEY_BLOCK {"KeyBlockToDelete":"[BlockGroup[groupID='/8ddd14b1-db1d-48c9-b065-23a05b39a1ba/df5391be-448f-48c6-b5a4-4a7b0f28e306/PF55ad2b01-bdcf-4173-a130-60f3471ad902/KEYa72e8c28-aaff-44ae-b735-1755b6945fc7/-9223372036854359294/0', blockIDs=[conID: 2 locID: 115816896921600426 bcsId: 0 replicaIndex: null]], BlockGroup[groupID='/2d71e73d-f478-4124-9799-ddf5ce8e0a2c/4c925347-d7c6-4e4a-a7a4-d7838a2f9d46/e41e694b-b8bd-4a2a-851a-e4fde5953cb8/0199f1d6-4dab-754f-bc30-77357bbfc4c7-115389168203006281/-9223372036854433791/0', blockIDs=[conID: 27 locID: 115816896921600354 bcsId: 0 replicaIndex: null, conID: 26 locID: 115816896921600355 bcsId: 0 replicaIndex: null, conID: 25 locID: 115816896921600356 bcsId: 0 replicaIndex: null]], BlockGroup[groupID='/2090b578-56d0-406e-bcc3-0ef7fdcf4d9f/f4852007-a182-472d-bb3d-6376411fdaa9/b151993c-a28a-48a7-a56e-bf009b55ecbb/0199f1d6-4b9a-7dc4-a8d6-825b187897c9-115389168168337729/-9223372036854440959/0', blockIDs=[conID: 16 locID: 115816896921600344 bcsId: 0 replicaIndex: null, conID: 21 locID: 115816896921600345 bcsId: 0 replicaIndex: null, conID: 21 locID: 115816896921600346 bcsId: 0 replicaIndex: null, conID: 15 locID: 115816896921600347 bcsId: 0 replicaIndex: null, conID: 16 locID: 115816896921600348 bcsId: 0 replicaIndex: null]], BlockGroup[groupID='/a31cf4cc-bcb7-4fd3-9f28-9c84d248ecf2/e41b49d0-8c95-4d69-9b23-cfa71bde4746/7c04d2a0-3ab7-4bd4-9e77-c004dc171fdb/-9223372036854350848/0', blockIDs=[conID: 16 locID: 115816896921600430 bcsId: 0 replicaIndex: null]], BlockGroup[groupID='/8ddd14b1-db1d-48c9-b065-23a05b39a1ba/df5391be-448f-48c6-b5a4-4a7b0f28e306/PF55ad2b01-bdcf-4173-a130-60f3471ad902/KEYa72e8c28-aaff-44ae-b735-1755b6945fc7/-9223372036854356735/0', blockIDs=[conID: 5 locID: 115816896921600428 bcsId: 0 replicaIndex: null]], BlockGroup[groupID='/864d278e-ebc5-4c3d-9e4a-3a402a45f7b0/a62e3342-727c-4112-a61f-3a0104b80e26/dir1/dir21d046fc3-8d4a-4a4e-8367-bad54097606e/-9223372036854365950/0', blockIDs=[conID: 1 locID: 115816896921600422 bcsId: 0 replicaIndex: null]], BlockGroup[groupID='/c742fd96-8fc0-415e-a569-7738247ad1ad/80ccd69f-f93f-4cd9-a210-3db939ebda80/150d3e33-c251-4fd1-ba9c-ce3b1dddbc59/0199f1d6-497e-7d95-86c2-20ff2c6fe6b9-115389168132948281/-9223372036854448127/0', blockIDs=[conID: 6 locID: 115816896921600334 bcsId: 0 replicaIndex: null, conID: 4 locID: 115816896921600335 bcsId: 0 replicaIndex: null, conID: 14 locID: 115816896921600336 bcsId: 0 replicaIndex: null, conID: 3 locID: 115816896921600337 bcsId: 0 replicaIndex: null, conID: 1 locID: 115816896921600338 bcsId: 0 replicaIndex: null]], BlockGroup[groupID='/864d278e-ebc5-4c3d-9e4a-3a402a45f7b0/a62e3342-727c-4112-a61f-3a0104b80e26/dir1/dir21d046fc3-8d4a-4a4e-8367-bad54097606e/-9223372036854362367/0', blockIDs=[conID: 2 locID: 115816896921600424 bcsId: 0 replicaIndex: null]]]"} | ret=SUCCESS |  
2025-10-17 11:03:03,142 [om1-KeyDeletingService#3] INFO  service.KeyDeletingService (KeyDeletingService.java:processKeyDeletes(158)) - 8 BlockGroup deletion are acked by SCM in 5 ms
2025-10-17 11:03:03,144 [om1-KeyDeletingService#3] INFO  service.KeyDeletingService (KeyDeletingService.java:processKeyDeletes(166)) - Blocks for 8 (out of 8) keys are deleted from DB in 1 ms. Limit per task is 50000.
]]></system-out>
  </testcase>
  <testcase name="testPreallocateFileRecovery(long)[1]" classname="org.apache.hadoop.ozone.client.rpc.TestSecureOzoneRpcClient" time="0.382">
    <system-out><![CDATA[2025-10-17 11:03:03,222 | INFO  | SCMAudit | user=runner | ip=127.0.0.1 | op=SEND_HEARTBEAT {"datanodeUUID":"50dccd39-549f-4f43-8b1f-597bf98f9c16","term":"2","command":"[]"} | ret=SUCCESS |  
2025-10-17 11:03:03,239 [ForkJoinPool-1-worker-1] INFO  rpc.RpcClient (RpcClient.java:createVolume(461)) - Creating Volume: 8049f490-4d76-418d-a3ce-a2dc28a29dd4, with runner as owner and space quota set to -1 bytes, counts quota set to -1
2025-10-17 11:03:03,242 [om1-OMStateMachineApplyTransactionThread - 0] INFO  volume.OMVolumeCreateRequest (OMVolumeCreateRequest.java:validateAndUpdateCache(213)) - created volume:8049f490-4d76-418d-a3ce-a2dc28a29dd4 for user:runner
2025-10-17 11:03:03,243 | INFO  | OMAudit | user=runner | ip=127.0.0.1 | op=CREATE_VOLUME {"admin":"runner","owner":"runner","volume":"8049f490-4d76-418d-a3ce-a2dc28a29dd4","creationTime":"1760698983241","modificationTime":"1760698983241","quotaInBytes":"-1","quotaInNamespace":"-1","usedNamespace":"0","objectID":"-9223372036854350336","updateID":"1662","Transaction":"1662"} | ret=SUCCESS |  
2025-10-17 11:03:03,245 | INFO  | OMAudit | user=runner | ip=127.0.0.1 | op=READ_VOLUME {"volume":"8049f490-4d76-418d-a3ce-a2dc28a29dd4"} | ret=SUCCESS |  
2025-10-17 11:03:03,245 [ForkJoinPool-1-worker-1] INFO  rpc.RpcClient (RpcClient.java:createBucket(686)) - Creating Bucket: 8049f490-4d76-418d-a3ce-a2dc28a29dd4/b6b9376a-51ed-4a1a-b3f7-4247b6df00ff, with bucket layout FILE_SYSTEM_OPTIMIZED, runner as owner, Versioning false, Storage Type set to DISK and Encryption set to false, Replication Type set to server-side default replication type, Namespace Quota set to 100, Space Quota set to 1073741824 
2025-10-17 11:03:03,248 [om1-OMStateMachineApplyTransactionThread - 0] INFO  bucket.OMBucketCreateRequest (OMBucketCreateRequest.java:validateAndUpdateCache(303)) - created bucket: b6b9376a-51ed-4a1a-b3f7-4247b6df00ff of layout FILE_SYSTEM_OPTIMIZED in volume: 8049f490-4d76-418d-a3ce-a2dc28a29dd4
2025-10-17 11:03:03,248 | INFO  | OMAudit | user=runner | ip=127.0.0.1 | op=CREATE_BUCKET {"volume":"8049f490-4d76-418d-a3ce-a2dc28a29dd4","bucket":"b6b9376a-51ed-4a1a-b3f7-4247b6df00ff","bucketLayout":"FILE_SYSTEM_OPTIMIZED","gdprEnabled":null,"acls":"[user:runner:a[ACCESS], group:runner:rl[ACCESS]]","isVersionEnabled":"false","storageType":"DISK","creationTime":"1760698983247","bucketEncryptionKey":null,"modificationTime":"1760698983247","usedBytes":"0","usedNamespace":"0","snapshotUsedBytes":"0","snapshotUsedNamespace":"0","owner":"runner","replicationType":null,"replicationConfig":null,"quotaInBytes":"1073741824","quotaInNamespace":"100","Transaction":"1663"} | ret=SUCCESS |  
2025-10-17 11:03:03,249 | INFO  | OMAudit | user=runner | ip=127.0.0.1 | op=READ_BUCKET {"volume":"8049f490-4d76-418d-a3ce-a2dc28a29dd4","bucket":"b6b9376a-51ed-4a1a-b3f7-4247b6df00ff"} | ret=SUCCESS |  
2025-10-17 11:03:03,254 | INFO  | OMAudit | user=runner | ip=127.0.0.1 | op=GET_SERVICE_LIST {} | ret=SUCCESS |  
2025-10-17 11:03:03,257 | INFO  | OMAudit | user=runner | ip=127.0.0.1 | op=READ_BUCKET {"volume":"8049f490-4d76-418d-a3ce-a2dc28a29dd4","bucket":"b6b9376a-51ed-4a1a-b3f7-4247b6df00ff"} | ret=SUCCESS |  
2025-10-17 11:03:03,259 | INFO  | SCMAudit | user=runner | ip=127.0.0.1 | op=ALLOCATE_BLOCK {"replication":"RATIS/THREE","owner":"omServiceIdDefault","size":"4194304","sampleBlocks":"[conID: 22 locID: 115816896921600432, conID: 22 locID: 115816896921600433, conID: 21 locID: 115816896921600434, conID: 21 locID: 115816896921600435, conID: 15 locID: 115816896921600436, conID: 17 locID: 115816896921600437, conID: 15 locID: 115816896921600438, conID: 15 locID: 115816896921600439, conID: 22 locID: 115816896921600440, conID: 17 locID: 115816896921600441]","num":"10","client":"","allocated":"10"} | ret=SUCCESS |  
2025-10-17 11:03:03,262 | INFO  | SCMAudit | user=runner | ip=127.0.0.1 | op=SEND_HEARTBEAT {"datanodeUUID":"99c47355-c013-4450-a734-aff6d3c99677","term":"2","command":"[]"} | ret=SUCCESS |  
2025-10-17 11:03:03,263 | INFO  | SCMAudit | user=runner | ip=127.0.0.1 | op=SEND_HEARTBEAT {"datanodeUUID":"7995ae7b-77ec-4e72-809d-814459f62ee0","term":"2","command":"[]"} | ret=SUCCESS |  
2025-10-17 11:03:03,264 | INFO  | SCMAudit | user=runner | ip=127.0.0.1 | op=SEND_HEARTBEAT {"datanodeUUID":"718bfa29-2c47-4ab5-ac61-3dfe9c6b9d5c","term":"2","command":"[]"} | ret=SUCCESS |  
2025-10-17 11:03:03,268 | INFO  | OMAudit | user=runner | ip=127.0.0.1 | op=ALLOCATE_KEY {"volume":"8049f490-4d76-418d-a3ce-a2dc28a29dd4","bucket":"b6b9376a-51ed-4a1a-b3f7-4247b6df00ff","key":"52d3f1e7-1aa0-4471-82f7-b8a2698f0ba4","dataSize":"41943040","replicationType":"RATIS","replicationFactor":"THREE","Transaction":"1664"} | ret=SUCCESS |  
2025-10-17 11:03:03,271 | INFO  | OMAudit | user=runner | ip=127.0.0.1 | op=READ_BUCKET {"volume":"8049f490-4d76-418d-a3ce-a2dc28a29dd4","bucket":"b6b9376a-51ed-4a1a-b3f7-4247b6df00ff"} | ret=SUCCESS |  
2025-10-17 11:03:03,387 | INFO  | OMAudit | user=runner | ip=127.0.0.1 | op=READ_BUCKET {"volume":"8049f490-4d76-418d-a3ce-a2dc28a29dd4","bucket":"b6b9376a-51ed-4a1a-b3f7-4247b6df00ff"} | ret=SUCCESS |  
2025-10-17 11:03:03,392 | INFO  | SCMAudit | user=runner | ip=127.0.0.1 | op=GET_CONTAINER_WITH_PIPELINE {"containerID":"#21"} | ret=SUCCESS |  
2025-10-17 11:03:03,393 | INFO  | SCMAudit | user=runner | ip=127.0.0.1 | op=GET_CONTAINER_WITH_PIPELINE {"containerID":"#17"} | ret=SUCCESS |  
2025-10-17 11:03:03,394 | INFO  | SCMAudit | user=runner | ip=127.0.0.1 | op=GET_CONTAINER_WITH_PIPELINE {"containerID":"#22"} | ret=SUCCESS |  
2025-10-17 11:03:03,395 | INFO  | OMAudit | user=runner | ip=127.0.0.1 | op=RECOVER_LEASE {"volume":"8049f490-4d76-418d-a3ce-a2dc28a29dd4","bucket":"b6b9376a-51ed-4a1a-b3f7-4247b6df00ff","key":"52d3f1e7-1aa0-4471-82f7-b8a2698f0ba4","Transaction":"1666"} | ret=SUCCESS |  
2025-10-17 11:03:03,404 [2b4cc429-f9c1-416c-9a38-6239a2e149ea-ContainerOp-94abbb40-729e-490b-8eb4-7468994f70af-1] INFO  keyvalue.KeyValueHandler (KeyValueHandler.java:handleFinalizeBlock(714)) - Finalized Block request received conID: 17 locID: 115816896921600441 bcsId: 0 replicaIndex: null 
2025-10-17 11:03:03,404 [2b4cc429-f9c1-416c-9a38-6239a2e149ea-ContainerOp-94abbb40-729e-490b-8eb4-7468994f70af-1] WARN  keyvalue.KeyValueHandler (ContainerUtils.java:logAndReturnError(94)) - Operation: FinalizeBlock , Trace ID:  , Message: Unable to find the block. BlockID : conID: 17 locID: 115816896921600441 bcsId: 0 replicaIndex: null , Result: NO_SUCH_BLOCK , StorageContainerException Occurred.
org.apache.hadoop.hdds.scm.container.common.helpers.StorageContainerException: Unable to find the block. BlockID : conID: 17 locID: 115816896921600441 bcsId: 0 replicaIndex: null
	at org.apache.hadoop.ozone.container.metadata.DatanodeStoreWithIncrementalChunkList.getCompleteBlockData(DatanodeStoreWithIncrementalChunkList.java:67)
	at org.apache.hadoop.ozone.container.metadata.DatanodeStore.getBlockByID(DatanodeStore.java:90)
	at org.apache.hadoop.ozone.container.keyvalue.impl.BlockManagerImpl.getBlockByID(BlockManagerImpl.java:462)
	at org.apache.hadoop.ozone.container.keyvalue.impl.BlockManagerImpl.getBlock(BlockManagerImpl.java:347)
	at org.apache.hadoop.ozone.container.keyvalue.KeyValueHandler.handleFinalizeBlock(KeyValueHandler.java:716)
	at org.apache.hadoop.ozone.container.keyvalue.KeyValueHandler.dispatchRequest(KeyValueHandler.java:357)
	at org.apache.hadoop.ozone.container.keyvalue.KeyValueHandler.handle(KeyValueHandler.java:293)
	at org.apache.hadoop.ozone.container.common.impl.HddsDispatcher.dispatchRequest(HddsDispatcher.java:365)
	at org.apache.hadoop.ozone.container.common.impl.HddsDispatcher.lambda$dispatch$1(HddsDispatcher.java:190)
	at org.apache.hadoop.hdds.server.OzoneProtocolMessageDispatcher.processRequest(OzoneProtocolMessageDispatcher.java:89)
	at org.apache.hadoop.ozone.container.common.impl.HddsDispatcher.dispatch(HddsDispatcher.java:189)
	at org.apache.hadoop.ozone.container.common.transport.server.ratis.ContainerStateMachine.dispatchCommand(ContainerStateMachine.java:567)
	at org.apache.hadoop.ozone.container.common.transport.server.ratis.ContainerStateMachine.lambda$applyTransaction$8(ContainerStateMachine.java:1061)
	at org.apache.ratis.util.TaskQueue.lambda$submit$0(TaskQueue.java:121)
	at org.apache.ratis.util.LogUtils.runAndLog(LogUtils.java:38)
	at org.apache.ratis.util.LogUtils$1.run(LogUtils.java:78)
	at java.base/java.util.concurrent.Executors$RunnableAdapter.call(Executors.java:572)
	at java.base/java.util.concurrent.FutureTask.run(FutureTask.java:317)
	at java.base/java.util.concurrent.ThreadPoolExecutor.runWorker(ThreadPoolExecutor.java:1144)
	at java.base/java.util.concurrent.ThreadPoolExecutor$Worker.run(ThreadPoolExecutor.java:642)
	at java.base/java.lang.Thread.run(Thread.java:1583)
2025-10-17 11:03:03,407 [b1eee25a-1fdf-4744-83c7-58e0513fce3b-ContainerOp-94abbb40-729e-490b-8eb4-7468994f70af-0] INFO  keyvalue.KeyValueHandler (KeyValueHandler.java:handleFinalizeBlock(714)) - Finalized Block request received conID: 17 locID: 115816896921600441 bcsId: 0 replicaIndex: null 
2025-10-17 11:03:03,408 [718bfa29-2c47-4ab5-ac61-3dfe9c6b9d5c-ContainerOp-94abbb40-729e-490b-8eb4-7468994f70af-1] INFO  keyvalue.KeyValueHandler (KeyValueHandler.java:handleFinalizeBlock(714)) - Finalized Block request received conID: 17 locID: 115816896921600441 bcsId: 0 replicaIndex: null 
2025-10-17 11:03:03,408 [b1eee25a-1fdf-4744-83c7-58e0513fce3b-ContainerOp-94abbb40-729e-490b-8eb4-7468994f70af-0] WARN  keyvalue.KeyValueHandler (ContainerUtils.java:logAndReturnError(94)) - Operation: FinalizeBlock , Trace ID:  , Message: Unable to find the block. BlockID : conID: 17 locID: 115816896921600441 bcsId: 0 replicaIndex: null , Result: NO_SUCH_BLOCK , StorageContainerException Occurred.
org.apache.hadoop.hdds.scm.container.common.helpers.StorageContainerException: Unable to find the block. BlockID : conID: 17 locID: 115816896921600441 bcsId: 0 replicaIndex: null
	at org.apache.hadoop.ozone.container.metadata.DatanodeStoreWithIncrementalChunkList.getCompleteBlockData(DatanodeStoreWithIncrementalChunkList.java:67)
	at org.apache.hadoop.ozone.container.metadata.DatanodeStore.getBlockByID(DatanodeStore.java:90)
	at org.apache.hadoop.ozone.container.keyvalue.impl.BlockManagerImpl.getBlockByID(BlockManagerImpl.java:462)
	at org.apache.hadoop.ozone.container.keyvalue.impl.BlockManagerImpl.getBlock(BlockManagerImpl.java:347)
	at org.apache.hadoop.ozone.container.keyvalue.KeyValueHandler.handleFinalizeBlock(KeyValueHandler.java:716)
	at org.apache.hadoop.ozone.container.keyvalue.KeyValueHandler.dispatchRequest(KeyValueHandler.java:357)
	at org.apache.hadoop.ozone.container.keyvalue.KeyValueHandler.handle(KeyValueHandler.java:293)
	at org.apache.hadoop.ozone.container.common.impl.HddsDispatcher.dispatchRequest(HddsDispatcher.java:365)
	at org.apache.hadoop.ozone.container.common.impl.HddsDispatcher.lambda$dispatch$1(HddsDispatcher.java:190)
	at org.apache.hadoop.hdds.server.OzoneProtocolMessageDispatcher.processRequest(OzoneProtocolMessageDispatcher.java:89)
	at org.apache.hadoop.ozone.container.common.impl.HddsDispatcher.dispatch(HddsDispatcher.java:189)
	at org.apache.hadoop.ozone.container.common.transport.server.ratis.ContainerStateMachine.dispatchCommand(ContainerStateMachine.java:567)
	at org.apache.hadoop.ozone.container.common.transport.server.ratis.ContainerStateMachine.lambda$applyTransaction$8(ContainerStateMachine.java:1061)
	at org.apache.ratis.util.TaskQueue.lambda$submit$0(TaskQueue.java:121)
	at org.apache.ratis.util.LogUtils.runAndLog(LogUtils.java:38)
	at org.apache.ratis.util.LogUtils$1.run(LogUtils.java:78)
	at java.base/java.util.concurrent.Executors$RunnableAdapter.call(Executors.java:572)
	at java.base/java.util.concurrent.FutureTask.run(FutureTask.java:317)
	at java.base/java.util.concurrent.ThreadPoolExecutor.runWorker(ThreadPoolExecutor.java:1144)
	at java.base/java.util.concurrent.ThreadPoolExecutor$Worker.run(ThreadPoolExecutor.java:642)
	at java.base/java.lang.Thread.run(Thread.java:1583)
2025-10-17 11:03:03,408 [718bfa29-2c47-4ab5-ac61-3dfe9c6b9d5c-ContainerOp-94abbb40-729e-490b-8eb4-7468994f70af-1] WARN  keyvalue.KeyValueHandler (ContainerUtils.java:logAndReturnError(94)) - Operation: FinalizeBlock , Trace ID:  , Message: Unable to find the block. BlockID : conID: 17 locID: 115816896921600441 bcsId: 0 replicaIndex: null , Result: NO_SUCH_BLOCK , StorageContainerException Occurred.
org.apache.hadoop.hdds.scm.container.common.helpers.StorageContainerException: Unable to find the block. BlockID : conID: 17 locID: 115816896921600441 bcsId: 0 replicaIndex: null
	at org.apache.hadoop.ozone.container.metadata.DatanodeStoreWithIncrementalChunkList.getCompleteBlockData(DatanodeStoreWithIncrementalChunkList.java:67)
	at org.apache.hadoop.ozone.container.metadata.DatanodeStore.getBlockByID(DatanodeStore.java:90)
	at org.apache.hadoop.ozone.container.keyvalue.impl.BlockManagerImpl.getBlockByID(BlockManagerImpl.java:462)
	at org.apache.hadoop.ozone.container.keyvalue.impl.BlockManagerImpl.getBlock(BlockManagerImpl.java:347)
	at org.apache.hadoop.ozone.container.keyvalue.KeyValueHandler.handleFinalizeBlock(KeyValueHandler.java:716)
	at org.apache.hadoop.ozone.container.keyvalue.KeyValueHandler.dispatchRequest(KeyValueHandler.java:357)
	at org.apache.hadoop.ozone.container.keyvalue.KeyValueHandler.handle(KeyValueHandler.java:293)
	at org.apache.hadoop.ozone.container.common.impl.HddsDispatcher.dispatchRequest(HddsDispatcher.java:365)
	at org.apache.hadoop.ozone.container.common.impl.HddsDispatcher.lambda$dispatch$1(HddsDispatcher.java:190)
	at org.apache.hadoop.hdds.server.OzoneProtocolMessageDispatcher.processRequest(OzoneProtocolMessageDispatcher.java:89)
	at org.apache.hadoop.ozone.container.common.impl.HddsDispatcher.dispatch(HddsDispatcher.java:189)
	at org.apache.hadoop.ozone.container.common.transport.server.ratis.ContainerStateMachine.dispatchCommand(ContainerStateMachine.java:567)
	at org.apache.hadoop.ozone.container.common.transport.server.ratis.ContainerStateMachine.lambda$applyTransaction$8(ContainerStateMachine.java:1061)
	at org.apache.ratis.util.TaskQueue.lambda$submit$0(TaskQueue.java:121)
	at org.apache.ratis.util.LogUtils.runAndLog(LogUtils.java:38)
	at org.apache.ratis.util.LogUtils$1.run(LogUtils.java:78)
	at java.base/java.util.concurrent.Executors$RunnableAdapter.call(Executors.java:572)
	at java.base/java.util.concurrent.FutureTask.run(FutureTask.java:317)
	at java.base/java.util.concurrent.ThreadPoolExecutor.runWorker(ThreadPoolExecutor.java:1144)
	at java.base/java.util.concurrent.ThreadPoolExecutor$Worker.run(ThreadPoolExecutor.java:642)
	at java.base/java.lang.Thread.run(Thread.java:1583)
2025-10-17 11:03:03,417 [b1eee25a-1fdf-4744-83c7-58e0513fce3b-ContainerOp-94abbb40-729e-490b-8eb4-7468994f70af-0] WARN  keyvalue.KeyValueContainer (KeyValueContainer.java:markContainerUnhealthy(397)) - Marked container UNHEALTHY from OPEN: KeyValueContainerData #17 (UNHEALTHY, non-empty, ri=0, origin=[dn_b1eee25a-1fdf-4744-83c7-58e0513fce3b, pipeline_94abbb40-729e-490b-8eb4-7468994f70af])
2025-10-17 11:03:03,418 [2b4cc429-f9c1-416c-9a38-6239a2e149ea-ContainerOp-94abbb40-729e-490b-8eb4-7468994f70af-1] WARN  keyvalue.KeyValueContainer (KeyValueContainer.java:markContainerUnhealthy(397)) - Marked container UNHEALTHY from OPEN: KeyValueContainerData #17 (UNHEALTHY, non-empty, ri=0, origin=[dn_2b4cc429-f9c1-416c-9a38-6239a2e149ea, pipeline_94abbb40-729e-490b-8eb4-7468994f70af])
2025-10-17 11:03:03,418 [718bfa29-2c47-4ab5-ac61-3dfe9c6b9d5c-ContainerOp-94abbb40-729e-490b-8eb4-7468994f70af-1] WARN  keyvalue.KeyValueContainer (KeyValueContainer.java:markContainerUnhealthy(397)) - Marked container UNHEALTHY from OPEN: KeyValueContainerData #17 (UNHEALTHY, non-empty, ri=0, origin=[dn_718bfa29-2c47-4ab5-ac61-3dfe9c6b9d5c, pipeline_94abbb40-729e-490b-8eb4-7468994f70af])
2025-10-17 11:03:03,449 | ERROR | ContainerLog | ID=17 | Index=0 | BCSID=92 | State=UNHEALTHY | Volume=/home/runner/work/ozone/ozone/hadoop-ozone/integration-test/target/test-dir/MiniOzoneClusterImpl-d1ffa5d3-3301-45c3-9f44-1ffa6967d237/ozone-metadata/datanode-4/data-0/hdds | DataChecksum=3ad3e637 | Container has 1 error: WRITE_FAILURE for file /home/runner/work/ozone/ozone/hadoop-ozone/integration-test/target/test-dir/MiniOzoneClusterImpl-d1ffa5d3-3301-45c3-9f44-1ffa6967d237/ozone-metadata/datanode-4/data-0/hdds/d1ffa5d3-3301-45c3-9f44-1ffa6967d237/current/containerDir0/17 with exception: org.apache.hadoop.hdds.scm.container.common.helpers.StorageContainerException |  
2025-10-17 11:03:03,450 | ERROR | ContainerLog | ID=17 | Index=0 | BCSID=92 | State=UNHEALTHY | Volume=/home/runner/work/ozone/ozone/hadoop-ozone/integration-test/target/test-dir/MiniOzoneClusterImpl-d1ffa5d3-3301-45c3-9f44-1ffa6967d237/ozone-metadata/datanode-6/data-0/hdds | DataChecksum=3ad3e637 | Container has 1 error: WRITE_FAILURE for file /home/runner/work/ozone/ozone/hadoop-ozone/integration-test/target/test-dir/MiniOzoneClusterImpl-d1ffa5d3-3301-45c3-9f44-1ffa6967d237/ozone-metadata/datanode-6/data-0/hdds/d1ffa5d3-3301-45c3-9f44-1ffa6967d237/current/containerDir0/17 with exception: org.apache.hadoop.hdds.scm.container.common.helpers.StorageContainerException |  
2025-10-17 11:03:03,451 | ERROR | ContainerLog | ID=17 | Index=0 | BCSID=92 | State=UNHEALTHY | Volume=/home/runner/work/ozone/ozone/hadoop-ozone/integration-test/target/test-dir/MiniOzoneClusterImpl-d1ffa5d3-3301-45c3-9f44-1ffa6967d237/ozone-metadata/datanode-5/data-0/hdds | DataChecksum=3ad3e637 | Container has 1 error: WRITE_FAILURE for file /home/runner/work/ozone/ozone/hadoop-ozone/integration-test/target/test-dir/MiniOzoneClusterImpl-d1ffa5d3-3301-45c3-9f44-1ffa6967d237/ozone-metadata/datanode-5/data-0/hdds/d1ffa5d3-3301-45c3-9f44-1ffa6967d237/current/containerDir0/17 with exception: org.apache.hadoop.hdds.scm.container.common.helpers.StorageContainerException |  
2025-10-17 11:03:03,451 [FixedThreadPoolWithAffinityExecutor-8-0] INFO  container.IncrementalContainerReportHandler (AbstractContainerReportHandler.java:updateContainerState(253)) - FINALIZE (i.e. CLOSING) Container #17 (OPEN, sid=0) r0 (UNHEALTHY, bcsid=92, origin=718bfa29-2c47-4ab5-ac61-3dfe9c6b9d5c, non-empty) from dn 718bfa29-2c47-4ab5-ac61-3dfe9c6b9d5c(localhost/127.0.0.1)
2025-10-17 11:03:03,452 | INFO  | SCMAudit | user=runner | ip=127.0.0.1 | op=SEND_HEARTBEAT {"datanodeUUID":"718bfa29-2c47-4ab5-ac61-3dfe9c6b9d5c","term":"2","command":"[]"} | ret=SUCCESS |  
2025-10-17 11:03:03,453 | INFO  | SCMAudit | user=runner | ip=127.0.0.1 | op=SEND_HEARTBEAT {"datanodeUUID":"2b4cc429-f9c1-416c-9a38-6239a2e149ea","term":"2","command":"[]"} | ret=SUCCESS |  
2025-10-17 11:03:03,454 [b1eee25a-1fdf-4744-83c7-58e0513fce3b-ContainerOp-94abbb40-729e-490b-8eb4-7468994f70af-0] INFO  impl.HddsDispatcher (HddsDispatcher.java:dispatchRequest(412)) - Marked Container UNHEALTHY, ContainerID: 17
2025-10-17 11:03:03,454 | INFO  | SCMAudit | user=runner | ip=127.0.0.1 | op=SEND_HEARTBEAT {"datanodeUUID":"b1eee25a-1fdf-4744-83c7-58e0513fce3b","term":"2","command":"[]"} | ret=SUCCESS |  
2025-10-17 11:03:03,454 [2b4cc429-f9c1-416c-9a38-6239a2e149ea-ContainerOp-94abbb40-729e-490b-8eb4-7468994f70af-1] INFO  impl.HddsDispatcher (HddsDispatcher.java:dispatchRequest(412)) - Marked Container UNHEALTHY, ContainerID: 17
2025-10-17 11:03:03,454 [718bfa29-2c47-4ab5-ac61-3dfe9c6b9d5c-ContainerOp-94abbb40-729e-490b-8eb4-7468994f70af-1] INFO  impl.HddsDispatcher (HddsDispatcher.java:dispatchRequest(412)) - Marked Container UNHEALTHY, ContainerID: 17
2025-10-17 11:03:03,461 | ERROR | DNAudit | user=null | ip=null | op=FINALIZE_BLOCK {"blockData":"conID: 17 locID: 115816896921600441 bcsId: 0 replicaIndex: null"} | ret=FAILURE | 
java.lang.Exception: Unable to find the block. BlockID : conID: 17 locID: 115816896921600441 bcsId: 0 replicaIndex: null
	at org.apache.hadoop.ozone.container.common.impl.HddsDispatcher.dispatchRequest(HddsDispatcher.java:440)
	at org.apache.hadoop.ozone.container.common.impl.HddsDispatcher.lambda$dispatch$1(HddsDispatcher.java:190)
 
2025-10-17 11:03:03,462 [718bfa29-2c47-4ab5-ac61-3dfe9c6b9d5c-ContainerOp-94abbb40-729e-490b-8eb4-7468994f70af-1] ERROR ratis.ContainerStateMachine (ContainerStateMachine.java:lambda$applyTransaction$11(1163)) - gid group-7468994F70AF : ApplyTransaction failed. cmd FinalizeBlock logIndex 95 msg : Unable to find the block. BlockID : conID: 17 locID: 115816896921600441 bcsId: 0 replicaIndex: null Container Result: NO_SUCH_BLOCK
2025-10-17 11:03:03,460 | ERROR | DNAudit | user=null | ip=null | op=FINALIZE_BLOCK {"blockData":"conID: 17 locID: 115816896921600441 bcsId: 0 replicaIndex: null"} | ret=FAILURE | 
java.lang.Exception: Unable to find the block. BlockID : conID: 17 locID: 115816896921600441 bcsId: 0 replicaIndex: null
	at org.apache.hadoop.ozone.container.common.impl.HddsDispatcher.dispatchRequest(HddsDispatcher.java:440)
	at org.apache.hadoop.ozone.container.common.impl.HddsDispatcher.lambda$dispatch$1(HddsDispatcher.java:190)
 
2025-10-17 11:03:03,464 [b1eee25a-1fdf-4744-83c7-58e0513fce3b-ContainerOp-94abbb40-729e-490b-8eb4-7468994f70af-0] ERROR ratis.ContainerStateMachine (ContainerStateMachine.java:lambda$applyTransaction$11(1163)) - gid group-7468994F70AF : ApplyTransaction failed. cmd FinalizeBlock logIndex 95 msg : Unable to find the block. BlockID : conID: 17 locID: 115816896921600441 bcsId: 0 replicaIndex: null Container Result: NO_SUCH_BLOCK
2025-10-17 11:03:03,464 [718bfa29-2c47-4ab5-ac61-3dfe9c6b9d5c-ContainerOp-94abbb40-729e-490b-8eb4-7468994f70af-1] ERROR impl.StateMachineUpdater (StateMachineUpdater.java:lambda$applyLog$3(259)) - Exception while 718bfa29-2c47-4ab5-ac61-3dfe9c6b9d5c@group-7468994F70AF-StateMachineUpdater: applying txn index=95, nextLog=(t:1, i:95), STATEMACHINELOGENTRY, WRITE: logData.size=104, stateMachineData.size=0, logEntryProtoSerializedSize=0
java.util.concurrent.CompletionException: org.apache.hadoop.hdds.scm.container.common.helpers.StorageContainerException: Unable to find the block. BlockID : conID: 17 locID: 115816896921600441 bcsId: 0 replicaIndex: null
	at java.base/java.util.concurrent.CompletableFuture.encodeThrowable(CompletableFuture.java:332)
	at java.base/java.util.concurrent.CompletableFuture.completeThrowable(CompletableFuture.java:347)
	at java.base/java.util.concurrent.CompletableFuture.uniWhenComplete(CompletableFuture.java:874)
	at java.base/java.util.concurrent.CompletableFuture$UniWhenComplete.tryFire(CompletableFuture.java:841)
	at java.base/java.util.concurrent.CompletableFuture.postComplete(CompletableFuture.java:510)
	at java.base/java.util.concurrent.CompletableFuture.completeExceptionally(CompletableFuture.java:2194)
	at org.apache.hadoop.ozone.container.common.transport.server.ratis.ContainerStateMachine.lambda$applyTransaction$11(ContainerStateMachine.java:1172)
	at java.base/java.util.concurrent.CompletableFuture$UniApply.tryFire(CompletableFuture.java:646)
	at java.base/java.util.concurrent.CompletableFuture.postComplete(CompletableFuture.java:510)
	at java.base/java.util.concurrent.CompletableFuture.complete(CompletableFuture.java:2179)
	at org.apache.ratis.util.TaskQueue.lambda$submit$0(TaskQueue.java:133)
	at org.apache.ratis.util.LogUtils.runAndLog(LogUtils.java:38)
	at org.apache.ratis.util.LogUtils$1.run(LogUtils.java:78)
	at java.base/java.util.concurrent.Executors$RunnableAdapter.call(Executors.java:572)
	at java.base/java.util.concurrent.FutureTask.run(FutureTask.java:317)
	at java.base/java.util.concurrent.ThreadPoolExecutor.runWorker(ThreadPoolExecutor.java:1144)
	at java.base/java.util.concurrent.ThreadPoolExecutor$Worker.run(ThreadPoolExecutor.java:642)
	at java.base/java.lang.Thread.run(Thread.java:1583)
Caused by: org.apache.hadoop.hdds.scm.container.common.helpers.StorageContainerException: Unable to find the block. BlockID : conID: 17 locID: 115816896921600441 bcsId: 0 replicaIndex: null
	at org.apache.hadoop.ozone.container.common.transport.server.ratis.ContainerStateMachine.lambda$applyTransaction$11(ContainerStateMachine.java:1162)
	... 11 more
2025-10-17 11:03:03,465 | INFO  | SCMAudit | user=runner | ip=127.0.0.1 | op=SEND_HEARTBEAT {"datanodeUUID":"2b4cc429-f9c1-416c-9a38-6239a2e149ea","term":"2","command":"[]"} | ret=SUCCESS |  
2025-10-17 11:03:03,465 [b1eee25a-1fdf-4744-83c7-58e0513fce3b-ContainerOp-94abbb40-729e-490b-8eb4-7468994f70af-0] ERROR impl.StateMachineUpdater (StateMachineUpdater.java:lambda$applyLog$3(259)) - Exception while b1eee25a-1fdf-4744-83c7-58e0513fce3b@group-7468994F70AF-StateMachineUpdater: applying txn index=95, nextLog=(t:1, i:95), STATEMACHINELOGENTRY, WRITE: logData.size=104, stateMachineData.size=0, logEntryProtoSerializedSize=0
java.util.concurrent.CompletionException: org.apache.hadoop.hdds.scm.container.common.helpers.StorageContainerException: Unable to find the block. BlockID : conID: 17 locID: 115816896921600441 bcsId: 0 replicaIndex: null
	at java.base/java.util.concurrent.CompletableFuture.encodeThrowable(CompletableFuture.java:332)
	at java.base/java.util.concurrent.CompletableFuture.completeThrowable(CompletableFuture.java:347)
	at java.base/java.util.concurrent.CompletableFuture.uniWhenComplete(CompletableFuture.java:874)
	at java.base/java.util.concurrent.CompletableFuture$UniWhenComplete.tryFire(CompletableFuture.java:841)
	at java.base/java.util.concurrent.CompletableFuture.postComplete(CompletableFuture.java:510)
	at java.base/java.util.concurrent.CompletableFuture.completeExceptionally(CompletableFuture.java:2194)
	at org.apache.hadoop.ozone.container.common.transport.server.ratis.ContainerStateMachine.lambda$applyTransaction$11(ContainerStateMachine.java:1172)
	at java.base/java.util.concurrent.CompletableFuture$UniApply.tryFire(CompletableFuture.java:646)
	at java.base/java.util.concurrent.CompletableFuture.postComplete(CompletableFuture.java:510)
	at java.base/java.util.concurrent.CompletableFuture.complete(CompletableFuture.java:2179)
	at org.apache.ratis.util.TaskQueue.lambda$submit$0(TaskQueue.java:133)
	at org.apache.ratis.util.LogUtils.runAndLog(LogUtils.java:38)
	at org.apache.ratis.util.LogUtils$1.run(LogUtils.java:78)
	at java.base/java.util.concurrent.Executors$RunnableAdapter.call(Executors.java:572)
	at java.base/java.util.concurrent.FutureTask.run(FutureTask.java:317)
	at java.base/java.util.concurrent.ThreadPoolExecutor.runWorker(ThreadPoolExecutor.java:1144)
	at java.base/java.util.concurrent.ThreadPoolExecutor$Worker.run(ThreadPoolExecutor.java:642)
	at java.base/java.lang.Thread.run(Thread.java:1583)
Caused by: org.apache.hadoop.hdds.scm.container.common.helpers.StorageContainerException: Unable to find the block. BlockID : conID: 17 locID: 115816896921600441 bcsId: 0 replicaIndex: null
	at org.apache.hadoop.ozone.container.common.transport.server.ratis.ContainerStateMachine.lambda$applyTransaction$11(ContainerStateMachine.java:1162)
	... 11 more
2025-10-17 11:03:03,461 | ERROR | DNAudit | user=null | ip=null | op=FINALIZE_BLOCK {"blockData":"conID: 17 locID: 115816896921600441 bcsId: 0 replicaIndex: null"} | ret=FAILURE | 
java.lang.Exception: Unable to find the block. BlockID : conID: 17 locID: 115816896921600441 bcsId: 0 replicaIndex: null
	at org.apache.hadoop.ozone.container.common.impl.HddsDispatcher.dispatchRequest(HddsDispatcher.java:440)
	at org.apache.hadoop.ozone.container.common.impl.HddsDispatcher.lambda$dispatch$1(HddsDispatcher.java:190)
 
2025-10-17 11:03:03,465 | INFO  | SCMAudit | user=runner | ip=127.0.0.1 | op=SEND_HEARTBEAT {"datanodeUUID":"718bfa29-2c47-4ab5-ac61-3dfe9c6b9d5c","term":"2","command":"[]"} | ret=SUCCESS |  
2025-10-17 11:03:03,465 [2b4cc429-f9c1-416c-9a38-6239a2e149ea-ContainerOp-94abbb40-729e-490b-8eb4-7468994f70af-1] ERROR ratis.ContainerStateMachine (ContainerStateMachine.java:lambda$applyTransaction$11(1163)) - gid group-7468994F70AF : ApplyTransaction failed. cmd FinalizeBlock logIndex 95 msg : Unable to find the block. BlockID : conID: 17 locID: 115816896921600441 bcsId: 0 replicaIndex: null Container Result: NO_SUCH_BLOCK
2025-10-17 11:03:03,466 | INFO  | SCMAudit | user=runner | ip=127.0.0.1 | op=SEND_HEARTBEAT {"datanodeUUID":"b1eee25a-1fdf-4744-83c7-58e0513fce3b","term":"2","command":"[]"} | ret=SUCCESS |  
2025-10-17 11:03:03,466 [2b4cc429-f9c1-416c-9a38-6239a2e149ea-ContainerOp-94abbb40-729e-490b-8eb4-7468994f70af-1] ERROR impl.StateMachineUpdater (StateMachineUpdater.java:lambda$applyLog$3(259)) - Exception while 2b4cc429-f9c1-416c-9a38-6239a2e149ea@group-7468994F70AF-StateMachineUpdater: applying txn index=95, nextLog=(t:1, i:95), STATEMACHINELOGENTRY, WRITE: logData.size=104, stateMachineData.size=0, logEntryProtoSerializedSize=0
java.util.concurrent.CompletionException: org.apache.hadoop.hdds.scm.container.common.helpers.StorageContainerException: Unable to find the block. BlockID : conID: 17 locID: 115816896921600441 bcsId: 0 replicaIndex: null
	at java.base/java.util.concurrent.CompletableFuture.encodeThrowable(CompletableFuture.java:332)
	at java.base/java.util.concurrent.CompletableFuture.completeThrowable(CompletableFuture.java:347)
	at java.base/java.util.concurrent.CompletableFuture.uniWhenComplete(CompletableFuture.java:874)
	at java.base/java.util.concurrent.CompletableFuture$UniWhenComplete.tryFire(CompletableFuture.java:841)
	at java.base/java.util.concurrent.CompletableFuture.postComplete(CompletableFuture.java:510)
	at java.base/java.util.concurrent.CompletableFuture.completeExceptionally(CompletableFuture.java:2194)
	at org.apache.hadoop.ozone.container.common.transport.server.ratis.ContainerStateMachine.lambda$applyTransaction$11(ContainerStateMachine.java:1172)
	at java.base/java.util.concurrent.CompletableFuture$UniApply.tryFire(CompletableFuture.java:646)
	at java.base/java.util.concurrent.CompletableFuture.postComplete(CompletableFuture.java:510)
	at java.base/java.util.concurrent.CompletableFuture.complete(CompletableFuture.java:2179)
	at org.apache.ratis.util.TaskQueue.lambda$submit$0(TaskQueue.java:133)
	at org.apache.ratis.util.LogUtils.runAndLog(LogUtils.java:38)
	at org.apache.ratis.util.LogUtils$1.run(LogUtils.java:78)
	at java.base/java.util.concurrent.Executors$RunnableAdapter.call(Executors.java:572)
	at java.base/java.util.concurrent.FutureTask.run(FutureTask.java:317)
	at java.base/java.util.concurrent.ThreadPoolExecutor.runWorker(ThreadPoolExecutor.java:1144)
	at java.base/java.util.concurrent.ThreadPoolExecutor$Worker.run(ThreadPoolExecutor.java:642)
	at java.base/java.lang.Thread.run(Thread.java:1583)
Caused by: org.apache.hadoop.hdds.scm.container.common.helpers.StorageContainerException: Unable to find the block. BlockID : conID: 17 locID: 115816896921600441 bcsId: 0 replicaIndex: null
	at org.apache.hadoop.ozone.container.common.transport.server.ratis.ContainerStateMachine.lambda$applyTransaction$11(ContainerStateMachine.java:1162)
	... 11 more
2025-10-17 11:03:03,469 [EventQueue-CloseContainerForCloseContainerEventHandler] INFO  container.CloseContainerEventHandler (CloseContainerEventHandler.java:onMessage(88)) - Close container Event triggered for container : #17, current state: CLOSING
2025-10-17 11:03:03,474 [grpc-default-executor-7] ERROR impl.OrderedAsync (OrderedAsync.java:lambda$send$4(181)) - Failed to send request, message=cmdType: FinalizeBlock traceID: "" containerID: 17 datanodeUuid: "718bfa29-2c47-4ab5-ac61-3dfe9c6b9d5c" encodedToken: "VAoGcnVubmVyEiNjb25JRDogMTcgbG9jSUQ6IDExNTgxNjg5NjkyMTYwMDQ0MRjg__K3nzMoASgCMICAgAI6FQifgbWbiNf4t3AQ982K__Ou7ZeGASD3R549n5jBeTZnm3mT211sFERg6UzVrAojY8kcZHWIxxBIRERTX0JMT0NLX1RPS0VOJmNvbklEOiAxNyBsb2NJRDogMTE1ODE2ODk2OTIxNjAwNDQxAAAA" version: 3 finalizeBlock { blockID { containerID: 17 localID: 115816896921600441 blockCommitSequenceId: 0 } }, data.size=0
java.util.concurrent.CompletionException: org.apache.ratis.protocol.exceptions.StateMachineException: org.apache.hadoop.hdds.scm.container.common.helpers.StorageContainerException: Unable to find the block. BlockID : conID: 17 locID: 115816896921600441 bcsId: 0 replicaIndex: null
	at org.apache.ratis.client.impl.RaftClientImpl.handleRaftException(RaftClientImpl.java:373)
	at org.apache.ratis.client.impl.OrderedAsync.lambda$send$3(OrderedAsync.java:175)
	at java.base/java.util.concurrent.CompletableFuture$UniApply.tryFire(CompletableFuture.java:646)
	at java.base/java.util.concurrent.CompletableFuture.postComplete(CompletableFuture.java:510)
	at java.base/java.util.concurrent.CompletableFuture.complete(CompletableFuture.java:2179)
	at org.apache.ratis.client.impl.OrderedAsync$PendingOrderedRequest.setReply(OrderedAsync.java:105)
	at org.apache.ratis.client.impl.OrderedAsync$PendingOrderedRequest.setReply(OrderedAsync.java:66)
	at org.apache.ratis.util.SlidingWindow$RequestMap.setReply(SlidingWindow.java:147)
	at org.apache.ratis.util.SlidingWindow$Client.receiveReply(SlidingWindow.java:351)
	at org.apache.ratis.client.impl.OrderedAsync.lambda$sendRequestWithRetry$5(OrderedAsync.java:210)
	at java.base/java.util.concurrent.CompletableFuture$UniAccept.tryFire(CompletableFuture.java:718)
	at java.base/java.util.concurrent.CompletableFuture.postComplete(CompletableFuture.java:510)
	at java.base/java.util.concurrent.CompletableFuture.complete(CompletableFuture.java:2179)
	at org.apache.ratis.grpc.client.GrpcClientProtocolClient$AsyncStreamObservers$1.lambda$onNext$0(GrpcClientProtocolClient.java:325)
	at java.base/java.util.Optional.ifPresent(Optional.java:178)
	at org.apache.ratis.grpc.client.GrpcClientProtocolClient$AsyncStreamObservers.handleReplyFuture(GrpcClientProtocolClient.java:381)
	at org.apache.ratis.grpc.client.GrpcClientProtocolClient$AsyncStreamObservers.access$100(GrpcClientProtocolClient.java:303)
	at org.apache.ratis.grpc.client.GrpcClientProtocolClient$AsyncStreamObservers$1.onNext(GrpcClientProtocolClient.java:325)
	at org.apache.ratis.grpc.client.GrpcClientProtocolClient$AsyncStreamObservers$1.onNext(GrpcClientProtocolClient.java:308)
	at org.apache.ratis.thirdparty.io.grpc.stub.ClientCalls$StreamObserverToCallListenerAdapter.onMessage(ClientCalls.java:551)
	at org.apache.ratis.thirdparty.io.grpc.ForwardingClientCallListener.onMessage(ForwardingClientCallListener.java:33)
	at org.apache.ratis.thirdparty.io.grpc.internal.ClientCallImpl$ClientStreamListenerImpl$1MessagesAvailable.runInternal(ClientCallImpl.java:661)
	at org.apache.ratis.thirdparty.io.grpc.internal.ClientCallImpl$ClientStreamListenerImpl$1MessagesAvailable.runInContext(ClientCallImpl.java:648)
	at org.apache.ratis.thirdparty.io.grpc.internal.ContextRunnable.run(ContextRunnable.java:37)
	at org.apache.ratis.thirdparty.io.grpc.internal.SerializingExecutor.run(SerializingExecutor.java:133)
	at java.base/java.util.concurrent.ThreadPoolExecutor.runWorker(ThreadPoolExecutor.java:1144)
	at java.base/java.util.concurrent.ThreadPoolExecutor$Worker.run(ThreadPoolExecutor.java:642)
	at java.base/java.lang.Thread.run(Thread.java:1583)
Caused by: org.apache.ratis.protocol.exceptions.StateMachineException: org.apache.hadoop.hdds.scm.container.common.helpers.StorageContainerException: Unable to find the block. BlockID : conID: 17 locID: 115816896921600441 bcsId: 0 replicaIndex: null
	at org.apache.hadoop.ozone.container.common.transport.server.ratis.ContainerStateMachine.lambda$applyTransaction$11(ContainerStateMachine.java:1162)
	at java.base/java.util.concurrent.CompletableFuture$UniApply.tryFire(CompletableFuture.java:646)
	at java.base/java.util.concurrent.CompletableFuture.postComplete(CompletableFuture.java:510)
	at java.base/java.util.concurrent.CompletableFuture.complete(CompletableFuture.java:2179)
	at org.apache.ratis.util.TaskQueue.lambda$submit$0(TaskQueue.java:133)
	at org.apache.ratis.util.LogUtils.runAndLog(LogUtils.java:38)
	at org.apache.ratis.util.LogUtils$1.run(LogUtils.java:78)
	at java.base/java.util.concurrent.Executors$RunnableAdapter.call(Executors.java:572)
	at java.base/java.util.concurrent.FutureTask.run(FutureTask.java:317)
	... 3 more
2025-10-17 11:03:03,475 [ForkJoinPool-1-worker-1] WARN  ozone.BasicRootedOzoneClientAdapterImpl (BasicRootedOzoneClientAdapterImpl.java:finalizeBlock(1489)) - Failed to execute finalizeBlock command
java.io.IOException: Failed to execute command cmdType: FinalizeBlock containerID: 17 datanodeUuid: "718bfa29-2c47-4ab5-ac61-3dfe9c6b9d5c" encodedToken: "VAoGcnVubmVyEiNjb25JRDogMTcgbG9jSUQ6IDExNTgxNjg5NjkyMTYwMDQ0MRjg__K3nzMoASgCMICAgAI6FQifgbWbiNf4t3AQ982K__Ou7ZeGASD3R549n5jBeTZnm3mT211sFERg6UzVrAojY8kcZHWIxxBIRERTX0JMT0NLX1RPS0VOJmNvbklEOiAxNyBsb2NJRDogMTE1ODE2ODk2OTIxNjAwNDQxAAAA" finalizeBlock { blockID { containerID: 17 localID: 115816896921600441 blockCommitSequenceId: 0 } }
	at org.apache.hadoop.hdds.scm.XceiverClientSpi.getIOExceptionForSendCommand(XceiverClientSpi.java:150)
	at org.apache.hadoop.hdds.scm.XceiverClientSpi.sendCommand(XceiverClientSpi.java:143)
	at org.apache.hadoop.hdds.scm.storage.ContainerProtocolCalls.finalizeBlock(ContainerProtocolCalls.java:322)
	at org.apache.hadoop.fs.ozone.BasicRootedOzoneClientAdapterImpl.finalizeBlock(BasicRootedOzoneClientAdapterImpl.java:1484)
	at org.apache.hadoop.fs.ozone.LeaseRecoveryClientDNHandler.getOmKeyLocationInfos(LeaseRecoveryClientDNHandler.java:81)
	at org.apache.hadoop.fs.ozone.RootedOzoneFileSystem.recoverLeaseTraced(RootedOzoneFileSystem.java:165)
	at org.apache.hadoop.fs.ozone.RootedOzoneFileSystem.lambda$recoverLease$0(RootedOzoneFileSystem.java:143)
	at org.apache.hadoop.hdds.tracing.TracingUtil.executeInSpan(TracingUtil.java:205)
	at org.apache.hadoop.hdds.tracing.TracingUtil.executeInNewSpan(TracingUtil.java:195)
	at org.apache.hadoop.fs.ozone.RootedOzoneFileSystem.recoverLease(RootedOzoneFileSystem.java:142)
	at org.apache.hadoop.ozone.client.rpc.TestSecureOzoneRpcClient.testPreallocateFileRecovery(TestSecureOzoneRpcClient.java:305)
	at java.base/jdk.internal.reflect.DirectMethodHandleAccessor.invoke(DirectMethodHandleAccessor.java:103)
	at java.base/java.lang.reflect.Method.invoke(Method.java:580)
	at org.junit.platform.commons.util.ReflectionUtils.invokeMethod(ReflectionUtils.java:786)
	at org.junit.platform.commons.support.ReflectionSupport.invokeMethod(ReflectionSupport.java:514)
	at org.junit.jupiter.engine.execution.MethodInvocation.proceed(MethodInvocation.java:60)
	at org.junit.jupiter.engine.execution.InvocationInterceptorChain$ValidatingInvocation.proceed(InvocationInterceptorChain.java:131)
	at org.junit.jupiter.engine.extension.SameThreadTimeoutInvocation.proceed(SameThreadTimeoutInvocation.java:49)
	at org.junit.jupiter.engine.extension.TimeoutExtension.intercept(TimeoutExtension.java:161)
	at org.junit.jupiter.engine.extension.TimeoutExtension.interceptTestableMethod(TimeoutExtension.java:152)
	at org.junit.jupiter.engine.extension.TimeoutExtension.interceptTestTemplateMethod(TimeoutExtension.java:99)
	at org.junit.jupiter.engine.execution.InterceptingExecutableInvoker$ReflectiveInterceptorCall.lambda$ofVoidMethod$0(InterceptingExecutableInvoker.java:112)
	at org.junit.jupiter.engine.execution.InterceptingExecutableInvoker.lambda$invoke$0(InterceptingExecutableInvoker.java:94)
	at org.junit.jupiter.engine.execution.InvocationInterceptorChain$InterceptedInvocation.proceed(InvocationInterceptorChain.java:106)
	at org.junit.jupiter.engine.execution.InvocationInterceptorChain.proceed(InvocationInterceptorChain.java:64)
	at org.junit.jupiter.engine.execution.InvocationInterceptorChain.chainAndInvoke(InvocationInterceptorChain.java:45)
	at org.junit.jupiter.engine.execution.InvocationInterceptorChain.invoke(InvocationInterceptorChain.java:37)
	at org.junit.jupiter.engine.execution.InterceptingExecutableInvoker.invoke(InterceptingExecutableInvoker.java:93)
	at org.junit.jupiter.engine.execution.InterceptingExecutableInvoker.invoke(InterceptingExecutableInvoker.java:87)
	at org.junit.jupiter.engine.descriptor.TestMethodTestDescriptor.lambda$invokeTestMethod$4(TestMethodTestDescriptor.java:221)
	at org.junit.platform.engine.support.hierarchical.ThrowableCollector.execute(ThrowableCollector.java:73)
	at org.junit.jupiter.engine.descriptor.TestMethodTestDescriptor.invokeTestMethod(TestMethodTestDescriptor.java:217)
	at org.junit.jupiter.engine.descriptor.TestMethodTestDescriptor.execute(TestMethodTestDescriptor.java:159)
	at org.junit.jupiter.engine.descriptor.TestMethodTestDescriptor.execute(TestMethodTestDescriptor.java:70)
	at org.junit.platform.engine.support.hierarchical.NodeTestTask.lambda$executeRecursively$6(NodeTestTask.java:157)
	at org.junit.platform.engine.support.hierarchical.ThrowableCollector.execute(ThrowableCollector.java:73)
	at org.junit.platform.engine.support.hierarchical.NodeTestTask.lambda$executeRecursively$8(NodeTestTask.java:147)
	at org.junit.platform.engine.support.hierarchical.Node.around(Node.java:137)
	at org.junit.platform.engine.support.hierarchical.NodeTestTask.lambda$executeRecursively$9(NodeTestTask.java:145)
	at org.junit.platform.engine.support.hierarchical.ThrowableCollector.execute(ThrowableCollector.java:73)
	at org.junit.platform.engine.support.hierarchical.NodeTestTask.executeRecursively(NodeTestTask.java:144)
	at org.junit.platform.engine.support.hierarchical.NodeTestTask.execute(NodeTestTask.java:101)
	at org.junit.platform.engine.support.hierarchical.ForkJoinPoolHierarchicalTestExecutorService$ExclusiveTask.exec(ForkJoinPoolHierarchicalTestExecutorService.java:274)
	at org.junit.platform.engine.support.hierarchical.ForkJoinPoolHierarchicalTestExecutorService$ExclusiveTask.execSync(ForkJoinPoolHierarchicalTestExecutorService.java:247)
	at org.junit.platform.engine.support.hierarchical.ForkJoinPoolHierarchicalTestExecutorService.submit(ForkJoinPoolHierarchicalTestExecutorService.java:148)
	at org.junit.platform.engine.support.hierarchical.NodeTestTask$DefaultDynamicTestExecutor.execute(NodeTestTask.java:232)
	at org.junit.platform.engine.support.hierarchical.NodeTestTask$DefaultDynamicTestExecutor.execute(NodeTestTask.java:210)
	at org.junit.jupiter.engine.descriptor.TemplateExecutor.execute(TemplateExecutor.java:98)
	at org.junit.jupiter.engine.descriptor.TemplateExecutor.lambda$executeForProvider$0(TemplateExecutor.java:61)
	at java.base/java.util.Optional.ifPresent(Optional.java:178)
	at org.junit.jupiter.engine.descriptor.TemplateExecutor.lambda$executeForProvider$1(TemplateExecutor.java:61)
	at java.base/java.util.stream.ForEachOps$ForEachOp$OfRef.accept(ForEachOps.java:184)
	at java.base/java.util.stream.ReferencePipeline$3$1.accept(ReferencePipeline.java:197)
	at java.base/java.util.stream.ForEachOps$ForEachOp$OfRef.accept(ForEachOps.java:184)
	at java.base/java.util.stream.ForEachOps$ForEachOp$OfRef.accept(ForEachOps.java:184)
	at java.base/java.util.stream.ReferencePipeline$3$1.accept(ReferencePipeline.java:197)
	at java.base/java.util.Spliterators$ArraySpliterator.forEachRemaining(Spliterators.java:1024)
	at java.base/java.util.stream.AbstractPipeline.copyInto(AbstractPipeline.java:509)
	at java.base/java.util.stream.AbstractPipeline.wrapAndCopyInto(AbstractPipeline.java:499)
	at java.base/java.util.stream.ForEachOps$ForEachOp.evaluateSequential(ForEachOps.java:151)
	at java.base/java.util.stream.ForEachOps$ForEachOp$OfRef.evaluateSequential(ForEachOps.java:174)
	at java.base/java.util.stream.AbstractPipeline.evaluate(AbstractPipeline.java:234)
	at java.base/java.util.stream.ReferencePipeline.forEach(ReferencePipeline.java:596)
	at java.base/java.util.stream.ReferencePipeline$7$1.accept(ReferencePipeline.java:276)
	at java.base/java.util.ArrayList$ArrayListSpliterator.forEachRemaining(ArrayList.java:1708)
	at java.base/java.util.stream.AbstractPipeline.copyInto(AbstractPipeline.java:509)
	at java.base/java.util.stream.AbstractPipeline.wrapAndCopyInto(AbstractPipeline.java:499)
	at java.base/java.util.stream.ForEachOps$ForEachOp.evaluateSequential(ForEachOps.java:151)
	at java.base/java.util.stream.ForEachOps$ForEachOp$OfRef.evaluateSequential(ForEachOps.java:174)
	at java.base/java.util.stream.AbstractPipeline.evaluate(AbstractPipeline.java:234)
	at java.base/java.util.stream.ReferencePipeline.forEach(ReferencePipeline.java:596)
	at java.base/java.util.stream.ReferencePipeline$7$1.accept(ReferencePipeline.java:276)
	at java.base/java.util.stream.ReferencePipeline$3$1.accept(ReferencePipeline.java:197)
	at java.base/java.util.stream.ReferencePipeline$3$1.accept(ReferencePipeline.java:197)
	at java.base/java.util.stream.ReferencePipeline$3$1.accept(ReferencePipeline.java:197)
	at java.base/java.util.ArrayList$ArrayListSpliterator.forEachRemaining(ArrayList.java:1708)
	at java.base/java.util.stream.AbstractPipeline.copyInto(AbstractPipeline.java:509)
	at java.base/java.util.stream.AbstractPipeline.wrapAndCopyInto(AbstractPipeline.java:499)
	at java.base/java.util.stream.ForEachOps$ForEachOp.evaluateSequential(ForEachOps.java:151)
	at java.base/java.util.stream.ForEachOps$ForEachOp$OfRef.evaluateSequential(ForEachOps.java:174)
	at java.base/java.util.stream.AbstractPipeline.evaluate(AbstractPipeline.java:234)
	at java.base/java.util.stream.ReferencePipeline.forEach(ReferencePipeline.java:596)
	at org.junit.jupiter.engine.descriptor.TemplateExecutor.executeForProvider(TemplateExecutor.java:59)
	at org.junit.jupiter.engine.descriptor.TemplateExecutor.execute(TemplateExecutor.java:48)
	at org.junit.jupiter.engine.descriptor.TestTemplateTestDescriptor.execute(TestTemplateTestDescriptor.java:112)
	at org.junit.jupiter.engine.descriptor.TestTemplateTestDescriptor.execute(TestTemplateTestDescriptor.java:40)
	at org.junit.platform.engine.support.hierarchical.NodeTestTask.lambda$executeRecursively$6(NodeTestTask.java:157)
	at org.junit.platform.engine.support.hierarchical.ThrowableCollector.execute(ThrowableCollector.java:73)
	at org.junit.platform.engine.support.hierarchical.NodeTestTask.lambda$executeRecursively$8(NodeTestTask.java:147)
	at org.junit.platform.engine.support.hierarchical.Node.around(Node.java:137)
	at org.junit.platform.engine.support.hierarchical.NodeTestTask.lambda$executeRecursively$9(NodeTestTask.java:145)
	at org.junit.platform.engine.support.hierarchical.ThrowableCollector.execute(ThrowableCollector.java:73)
	at org.junit.platform.engine.support.hierarchical.NodeTestTask.executeRecursively(NodeTestTask.java:144)
	at org.junit.platform.engine.support.hierarchical.NodeTestTask.execute(NodeTestTask.java:101)
	at org.junit.platform.engine.support.hierarchical.ForkJoinPoolHierarchicalTestExecutorService$ExclusiveTask.exec(ForkJoinPoolHierarchicalTestExecutorService.java:274)
	at org.junit.platform.engine.support.hierarchical.ForkJoinPoolHierarchicalTestExecutorService$ExclusiveTask.execSync(ForkJoinPoolHierarchicalTestExecutorService.java:247)
	at org.junit.platform.engine.support.hierarchical.ForkJoinPoolHierarchicalTestExecutorService.executeSync(ForkJoinPoolHierarchicalTestExecutorService.java:194)
	at org.junit.platform.engine.support.hierarchical.ForkJoinPoolHierarchicalTestExecutorService.invokeAll(ForkJoinPoolHierarchicalTestExecutorService.java:166)
	at org.junit.platform.engine.support.hierarchical.NodeTestTask.lambda$executeRecursively$6(NodeTestTask.java:161)
	at org.junit.platform.engine.support.hierarchical.ThrowableCollector.execute(ThrowableCollector.java:73)
	at org.junit.platform.engine.support.hierarchical.NodeTestTask.lambda$executeRecursively$8(NodeTestTask.java:147)
	at org.junit.platform.engine.support.hierarchical.Node.around(Node.java:137)
	at org.junit.platform.engine.support.hierarchical.NodeTestTask.lambda$executeRecursively$9(NodeTestTask.java:145)
	at org.junit.platform.engine.support.hierarchical.ThrowableCollector.execute(ThrowableCollector.java:73)
	at org.junit.platform.engine.support.hierarchical.NodeTestTask.executeRecursively(NodeTestTask.java:144)
	at org.junit.platform.engine.support.hierarchical.NodeTestTask.execute(NodeTestTask.java:101)
	at org.junit.platform.engine.support.hierarchical.ForkJoinPoolHierarchicalTestExecutorService$ExclusiveTask.exec(ForkJoinPoolHierarchicalTestExecutorService.java:274)
	at org.junit.platform.engine.support.hierarchical.ForkJoinPoolHierarchicalTestExecutorService$ExclusiveTask.execSync(ForkJoinPoolHierarchicalTestExecutorService.java:247)
	at org.junit.platform.engine.support.hierarchical.ForkJoinPoolHierarchicalTestExecutorService.invokeAll(ForkJoinPoolHierarchicalTestExecutorService.java:159)
	at org.junit.platform.engine.support.hierarchical.NodeTestTask.lambda$executeRecursively$6(NodeTestTask.java:161)
	at org.junit.platform.engine.support.hierarchical.ThrowableCollector.execute(ThrowableCollector.java:73)
	at org.junit.platform.engine.support.hierarchical.NodeTestTask.lambda$executeRecursively$8(NodeTestTask.java:147)
	at org.junit.platform.engine.support.hierarchical.Node.around(Node.java:137)
	at org.junit.platform.engine.support.hierarchical.NodeTestTask.lambda$executeRecursively$9(NodeTestTask.java:145)
	at org.junit.platform.engine.support.hierarchical.ThrowableCollector.execute(ThrowableCollector.java:73)
	at org.junit.platform.engine.support.hierarchical.NodeTestTask.executeRecursively(NodeTestTask.java:144)
	at org.junit.platform.engine.support.hierarchical.NodeTestTask.execute(NodeTestTask.java:101)
	at org.junit.platform.engine.support.hierarchical.ForkJoinPoolHierarchicalTestExecutorService$ExclusiveTask.exec(ForkJoinPoolHierarchicalTestExecutorService.java:274)
	at java.base/java.util.concurrent.ForkJoinTask.doExec(ForkJoinTask.java:387)
	at java.base/java.util.concurrent.ForkJoinPool$WorkQueue.topLevelExec(ForkJoinPool.java:1312)
	at java.base/java.util.concurrent.ForkJoinPool.scan(ForkJoinPool.java:1843)
	at java.base/java.util.concurrent.ForkJoinPool.runWorker(ForkJoinPool.java:1808)
	at java.base/java.util.concurrent.ForkJoinWorkerThread.run(ForkJoinWorkerThread.java:188)
Caused by: java.util.concurrent.ExecutionException: org.apache.ratis.protocol.exceptions.StateMachineException: org.apache.hadoop.hdds.scm.container.common.helpers.StorageContainerException: Unable to find the block. BlockID : conID: 17 locID: 115816896921600441 bcsId: 0 replicaIndex: null
	at java.base/java.util.concurrent.CompletableFuture.reportGet(CompletableFuture.java:396)
	at java.base/java.util.concurrent.CompletableFuture.get(CompletableFuture.java:2073)
	at org.apache.hadoop.hdds.scm.XceiverClientSpi.sendCommand(XceiverClientSpi.java:133)
	... 121 more
Caused by: org.apache.ratis.protocol.exceptions.StateMachineException: org.apache.hadoop.hdds.scm.container.common.helpers.StorageContainerException: Unable to find the block. BlockID : conID: 17 locID: 115816896921600441 bcsId: 0 replicaIndex: null
	at org.apache.hadoop.ozone.container.common.transport.server.ratis.ContainerStateMachine.lambda$applyTransaction$11(ContainerStateMachine.java:1162)
	at java.base/java.util.concurrent.CompletableFuture$UniApply.tryFire(CompletableFuture.java:646)
	at java.base/java.util.concurrent.CompletableFuture.postComplete(CompletableFuture.java:510)
	at java.base/java.util.concurrent.CompletableFuture.complete(CompletableFuture.java:2179)
	at org.apache.ratis.util.TaskQueue.lambda$submit$0(TaskQueue.java:133)
	at org.apache.ratis.util.LogUtils.runAndLog(LogUtils.java:38)
	at org.apache.ratis.util.LogUtils$1.run(LogUtils.java:78)
	at java.base/java.util.concurrent.Executors$RunnableAdapter.call(Executors.java:572)
	at java.base/java.util.concurrent.FutureTask.run(FutureTask.java:317)
	at java.base/java.util.concurrent.ThreadPoolExecutor.runWorker(ThreadPoolExecutor.java:1144)
	at java.base/java.util.concurrent.ThreadPoolExecutor$Worker.run(ThreadPoolExecutor.java:642)
	at java.base/java.lang.Thread.run(Thread.java:1583)
2025-10-17 11:03:03,483 [b1eee25a-1fdf-4744-83c7-58e0513fce3b-ContainerOp-94abbb40-729e-490b-8eb4-7468994f70af-0] WARN  ratis.XceiverServerRatis (XceiverServerRatis.java:triggerPipelineClose(767)) - pipeline Action CLOSE on pipeline Pipeline-94abbb40-729e-490b-8eb4-7468994f70af.Reason : Ratis Transaction failure in datanode b1eee25a-1fdf-4744-83c7-58e0513fce3b with role FOLLOWER .Triggering pipeline close action.
2025-10-17 11:03:03,484 [718bfa29-2c47-4ab5-ac61-3dfe9c6b9d5c-ContainerOp-94abbb40-729e-490b-8eb4-7468994f70af-1] WARN  ratis.XceiverServerRatis (XceiverServerRatis.java:triggerPipelineClose(767)) - pipeline Action CLOSE on pipeline Pipeline-94abbb40-729e-490b-8eb4-7468994f70af.Reason : Ratis Transaction failure in datanode 718bfa29-2c47-4ab5-ac61-3dfe9c6b9d5c with role FOLLOWER .Triggering pipeline close action.
2025-10-17 11:03:03,484 [2b4cc429-f9c1-416c-9a38-6239a2e149ea-ContainerOp-94abbb40-729e-490b-8eb4-7468994f70af-1] WARN  ratis.XceiverServerRatis (XceiverServerRatis.java:triggerPipelineClose(767)) - pipeline Action CLOSE on pipeline Pipeline-94abbb40-729e-490b-8eb4-7468994f70af.Reason : Ratis Transaction failure in datanode 2b4cc429-f9c1-416c-9a38-6239a2e149ea with role LEADER .Triggering pipeline close action.
2025-10-17 11:03:03,487 [EventQueue-CloseContainerForCloseContainerEventHandler] INFO  container.CloseContainerEventHandler (CloseContainerEventHandler.java:onMessage(88)) - Close container Event triggered for container : #17, current state: CLOSING
2025-10-17 11:03:03,487 [EventQueue-CloseContainerForCloseContainerEventHandler] INFO  container.CloseContainerEventHandler (CloseContainerEventHandler.java:onMessage(88)) - Close container Event triggered for container : #17, current state: CLOSING
2025-10-17 11:03:03,488 | INFO  | SCMAudit | user=runner | ip=127.0.0.1 | op=SEND_HEARTBEAT {"datanodeUUID":"b1eee25a-1fdf-4744-83c7-58e0513fce3b","term":"2","command":"[]"} | ret=SUCCESS |  
2025-10-17 11:03:03,488 | INFO  | SCMAudit | user=runner | ip=127.0.0.1 | op=SEND_HEARTBEAT {"datanodeUUID":"2b4cc429-f9c1-416c-9a38-6239a2e149ea","term":"2","command":"[]"} | ret=SUCCESS |  
2025-10-17 11:03:03,488 | INFO  | SCMAudit | user=runner | ip=127.0.0.1 | op=SEND_HEARTBEAT {"datanodeUUID":"718bfa29-2c47-4ab5-ac61-3dfe9c6b9d5c","term":"2","command":"[]"} | ret=SUCCESS |  
2025-10-17 11:03:03,490 [EventQueue-PipelineActionsForPipelineActionHandler] INFO  pipeline.PipelineActionHandler (PipelineActionHandler.java:processPipelineAction(89)) - Received pipeline action CLOSE for Pipeline-94abbb40-729e-490b-8eb4-7468994f70af from datanode b1eee25a-1fdf-4744-83c7-58e0513fce3b(localhost/127.0.0.1). Reason : Ratis Transaction failure in datanode b1eee25a-1fdf-4744-83c7-58e0513fce3b with role FOLLOWER .Triggering pipeline close action.
2025-10-17 11:03:03,491 [EventQueue-PipelineActionsForPipelineActionHandler] INFO  pipeline.PipelineManagerImpl (PipelineManagerImpl.java:closePipeline(511)) - Pipeline Pipeline-94abbb40-729e-490b-8eb4-7468994f70af moved to CLOSED state
2025-10-17 11:03:03,491 [EventQueue-PipelineActionsForPipelineActionHandler] INFO  pipeline.PipelineActionHandler (PipelineActionHandler.java:processPipelineAction(89)) - Received pipeline action CLOSE for Pipeline-94abbb40-729e-490b-8eb4-7468994f70af from datanode 2b4cc429-f9c1-416c-9a38-6239a2e149ea(localhost/127.0.0.1). Reason : Ratis Transaction failure in datanode 2b4cc429-f9c1-416c-9a38-6239a2e149ea with role LEADER .Triggering pipeline close action.
2025-10-17 11:03:03,491 [EventQueue-PipelineActionsForPipelineActionHandler] INFO  pipeline.PipelineActionHandler (PipelineActionHandler.java:processPipelineAction(89)) - Received pipeline action CLOSE for Pipeline-94abbb40-729e-490b-8eb4-7468994f70af from datanode 718bfa29-2c47-4ab5-ac61-3dfe9c6b9d5c(localhost/127.0.0.1). Reason : Ratis Transaction failure in datanode 718bfa29-2c47-4ab5-ac61-3dfe9c6b9d5c with role FOLLOWER .Triggering pipeline close action.
2025-10-17 11:03:03,492 [718bfa29-2c47-4ab5-ac61-3dfe9c6b9d5c-ChunkReader-1] WARN  keyvalue.KeyValueHandler (ContainerUtils.java:logAndReturnError(94)) - Operation: GetCommittedBlockLength , Trace ID:  , Message: Unable to find the block. BlockID : conID: 17 locID: 115816896921600441 bcsId: 0 replicaIndex: null , Result: NO_SUCH_BLOCK , StorageContainerException Occurred.
org.apache.hadoop.hdds.scm.container.common.helpers.StorageContainerException: Unable to find the block. BlockID : conID: 17 locID: 115816896921600441 bcsId: 0 replicaIndex: null
	at org.apache.hadoop.ozone.container.metadata.DatanodeStoreWithIncrementalChunkList.getCompleteBlockData(DatanodeStoreWithIncrementalChunkList.java:67)
	at org.apache.hadoop.ozone.container.metadata.DatanodeStore.getBlockByID(DatanodeStore.java:90)
	at org.apache.hadoop.ozone.container.keyvalue.impl.BlockManagerImpl.getBlockByID(BlockManagerImpl.java:462)
	at org.apache.hadoop.ozone.container.keyvalue.impl.BlockManagerImpl.getCommittedBlockLength(BlockManagerImpl.java:367)
	at org.apache.hadoop.ozone.container.keyvalue.KeyValueHandler.handleGetCommittedBlockLength(KeyValueHandler.java:860)
	at org.apache.hadoop.ozone.container.keyvalue.KeyValueHandler.dispatchRequest(KeyValueHandler.java:355)
	at org.apache.hadoop.ozone.container.keyvalue.KeyValueHandler.handle(KeyValueHandler.java:293)
	at org.apache.hadoop.ozone.container.common.impl.HddsDispatcher.dispatchRequest(HddsDispatcher.java:365)
	at org.apache.hadoop.ozone.container.common.impl.HddsDispatcher.lambda$dispatch$1(HddsDispatcher.java:190)
	at org.apache.hadoop.hdds.server.OzoneProtocolMessageDispatcher.processRequest(OzoneProtocolMessageDispatcher.java:89)
	at org.apache.hadoop.ozone.container.common.impl.HddsDispatcher.dispatch(HddsDispatcher.java:189)
	at org.apache.hadoop.ozone.container.common.transport.server.GrpcXceiverService$1.onNext(GrpcXceiverService.java:107)
	at org.apache.hadoop.ozone.container.common.transport.server.GrpcXceiverService$1.onNext(GrpcXceiverService.java:96)
	at org.apache.ratis.thirdparty.io.grpc.stub.ServerCalls$StreamingServerCallHandler$StreamingServerCallListener.onMessage(ServerCalls.java:262)
	at org.apache.ratis.thirdparty.io.grpc.ForwardingServerCallListener.onMessage(ForwardingServerCallListener.java:33)
	at org.apache.hadoop.hdds.tracing.GrpcServerInterceptor$1.onMessage(GrpcServerInterceptor.java:49)
	at org.apache.ratis.thirdparty.io.grpc.internal.ServerCallImpl$ServerStreamListenerImpl.messagesAvailableInternal(ServerCallImpl.java:334)
	at org.apache.ratis.thirdparty.io.grpc.internal.ServerCallImpl$ServerStreamListenerImpl.messagesAvailable(ServerCallImpl.java:319)
	at org.apache.ratis.thirdparty.io.grpc.internal.ServerImpl$JumpToApplicationThreadServerStreamListener$1MessagesAvailable.runInContext(ServerImpl.java:834)
	at org.apache.ratis.thirdparty.io.grpc.internal.ContextRunnable.run(ContextRunnable.java:37)
	at org.apache.ratis.thirdparty.io.grpc.internal.SerializingExecutor.run(SerializingExecutor.java:133)
	at java.base/java.util.concurrent.ThreadPoolExecutor.runWorker(ThreadPoolExecutor.java:1144)
	at java.base/java.util.concurrent.ThreadPoolExecutor$Worker.run(ThreadPoolExecutor.java:642)
	at java.base/java.lang.Thread.run(Thread.java:1583)
2025-10-17 11:03:03,492 | ERROR | DNAudit | user=null | ip=null | op=GET_COMMITTED_BLOCK_LENGTH {"blockData":"conID: 17 locID: 115816896921600441 bcsId: 0 replicaIndex: null"} | ret=FAILURE | 
java.lang.Exception: Unable to find the block. BlockID : conID: 17 locID: 115816896921600441 bcsId: 0 replicaIndex: null
	at org.apache.hadoop.ozone.container.common.impl.HddsDispatcher.dispatchRequest(HddsDispatcher.java:440)
	at org.apache.hadoop.ozone.container.common.impl.HddsDispatcher.lambda$dispatch$1(HddsDispatcher.java:190)
 
2025-10-17 11:03:03,497 [b1eee25a-1fdf-4744-83c7-58e0513fce3b-ChunkReader-6] WARN  keyvalue.KeyValueHandler (ContainerUtils.java:logAndReturnError(94)) - Operation: GetCommittedBlockLength , Trace ID:  , Message: Unable to find the block. BlockID : conID: 17 locID: 115816896921600441 bcsId: 0 replicaIndex: null , Result: NO_SUCH_BLOCK , StorageContainerException Occurred.
org.apache.hadoop.hdds.scm.container.common.helpers.StorageContainerException: Unable to find the block. BlockID : conID: 17 locID: 115816896921600441 bcsId: 0 replicaIndex: null
	at org.apache.hadoop.ozone.container.metadata.DatanodeStoreWithIncrementalChunkList.getCompleteBlockData(DatanodeStoreWithIncrementalChunkList.java:67)
	at org.apache.hadoop.ozone.container.metadata.DatanodeStore.getBlockByID(DatanodeStore.java:90)
	at org.apache.hadoop.ozone.container.keyvalue.impl.BlockManagerImpl.getBlockByID(BlockManagerImpl.java:462)
	at org.apache.hadoop.ozone.container.keyvalue.impl.BlockManagerImpl.getCommittedBlockLength(BlockManagerImpl.java:367)
	at org.apache.hadoop.ozone.container.keyvalue.KeyValueHandler.handleGetCommittedBlockLength(KeyValueHandler.java:860)
	at org.apache.hadoop.ozone.container.keyvalue.KeyValueHandler.dispatchRequest(KeyValueHandler.java:355)
	at org.apache.hadoop.ozone.container.keyvalue.KeyValueHandler.handle(KeyValueHandler.java:293)
	at org.apache.hadoop.ozone.container.common.impl.HddsDispatcher.dispatchRequest(HddsDispatcher.java:365)
	at org.apache.hadoop.ozone.container.common.impl.HddsDispatcher.lambda$dispatch$1(HddsDispatcher.java:190)
	at org.apache.hadoop.hdds.server.OzoneProtocolMessageDispatcher.processRequest(OzoneProtocolMessageDispatcher.java:89)
	at org.apache.hadoop.ozone.container.common.impl.HddsDispatcher.dispatch(HddsDispatcher.java:189)
	at org.apache.hadoop.ozone.container.common.transport.server.GrpcXceiverService$1.onNext(GrpcXceiverService.java:107)
	at org.apache.hadoop.ozone.container.common.transport.server.GrpcXceiverService$1.onNext(GrpcXceiverService.java:96)
	at org.apache.ratis.thirdparty.io.grpc.stub.ServerCalls$StreamingServerCallHandler$StreamingServerCallListener.onMessage(ServerCalls.java:262)
	at org.apache.ratis.thirdparty.io.grpc.ForwardingServerCallListener.onMessage(ForwardingServerCallListener.java:33)
	at org.apache.hadoop.hdds.tracing.GrpcServerInterceptor$1.onMessage(GrpcServerInterceptor.java:49)
	at org.apache.ratis.thirdparty.io.grpc.internal.ServerCallImpl$ServerStreamListenerImpl.messagesAvailableInternal(ServerCallImpl.java:334)
	at org.apache.ratis.thirdparty.io.grpc.internal.ServerCallImpl$ServerStreamListenerImpl.messagesAvailable(ServerCallImpl.java:319)
	at org.apache.ratis.thirdparty.io.grpc.internal.ServerImpl$JumpToApplicationThreadServerStreamListener$1MessagesAvailable.runInContext(ServerImpl.java:834)
	at org.apache.ratis.thirdparty.io.grpc.internal.ContextRunnable.run(ContextRunnable.java:37)
	at org.apache.ratis.thirdparty.io.grpc.internal.SerializingExecutor.run(SerializingExecutor.java:133)
	at java.base/java.util.concurrent.ThreadPoolExecutor.runWorker(ThreadPoolExecutor.java:1144)
	at java.base/java.util.concurrent.ThreadPoolExecutor$Worker.run(ThreadPoolExecutor.java:642)
	at java.base/java.lang.Thread.run(Thread.java:1583)
2025-10-17 11:03:03,497 | ERROR | DNAudit | user=null | ip=null | op=GET_COMMITTED_BLOCK_LENGTH {"blockData":"conID: 17 locID: 115816896921600441 bcsId: 0 replicaIndex: null"} | ret=FAILURE | 
java.lang.Exception: Unable to find the block. BlockID : conID: 17 locID: 115816896921600441 bcsId: 0 replicaIndex: null
	at org.apache.hadoop.ozone.container.common.impl.HddsDispatcher.dispatchRequest(HddsDispatcher.java:440)
	at org.apache.hadoop.ozone.container.common.impl.HddsDispatcher.lambda$dispatch$1(HddsDispatcher.java:190)
 
2025-10-17 11:03:03,501 [2b4cc429-f9c1-416c-9a38-6239a2e149ea-ChunkReader-4] WARN  keyvalue.KeyValueHandler (ContainerUtils.java:logAndReturnError(94)) - Operation: GetCommittedBlockLength , Trace ID:  , Message: Unable to find the block. BlockID : conID: 17 locID: 115816896921600441 bcsId: 0 replicaIndex: null , Result: NO_SUCH_BLOCK , StorageContainerException Occurred.
org.apache.hadoop.hdds.scm.container.common.helpers.StorageContainerException: Unable to find the block. BlockID : conID: 17 locID: 115816896921600441 bcsId: 0 replicaIndex: null
	at org.apache.hadoop.ozone.container.metadata.DatanodeStoreWithIncrementalChunkList.getCompleteBlockData(DatanodeStoreWithIncrementalChunkList.java:67)
	at org.apache.hadoop.ozone.container.metadata.DatanodeStore.getBlockByID(DatanodeStore.java:90)
	at org.apache.hadoop.ozone.container.keyvalue.impl.BlockManagerImpl.getBlockByID(BlockManagerImpl.java:462)
	at org.apache.hadoop.ozone.container.keyvalue.impl.BlockManagerImpl.getCommittedBlockLength(BlockManagerImpl.java:367)
	at org.apache.hadoop.ozone.container.keyvalue.KeyValueHandler.handleGetCommittedBlockLength(KeyValueHandler.java:860)
	at org.apache.hadoop.ozone.container.keyvalue.KeyValueHandler.dispatchRequest(KeyValueHandler.java:355)
	at org.apache.hadoop.ozone.container.keyvalue.KeyValueHandler.handle(KeyValueHandler.java:293)
	at org.apache.hadoop.ozone.container.common.impl.HddsDispatcher.dispatchRequest(HddsDispatcher.java:365)
	at org.apache.hadoop.ozone.container.common.impl.HddsDispatcher.lambda$dispatch$1(HddsDispatcher.java:190)
	at org.apache.hadoop.hdds.server.OzoneProtocolMessageDispatcher.processRequest(OzoneProtocolMessageDispatcher.java:89)
	at org.apache.hadoop.ozone.container.common.impl.HddsDispatcher.dispatch(HddsDispatcher.java:189)
	at org.apache.hadoop.ozone.container.common.transport.server.GrpcXceiverService$1.onNext(GrpcXceiverService.java:107)
	at org.apache.hadoop.ozone.container.common.transport.server.GrpcXceiverService$1.onNext(GrpcXceiverService.java:96)
	at org.apache.ratis.thirdparty.io.grpc.stub.ServerCalls$StreamingServerCallHandler$StreamingServerCallListener.onMessage(ServerCalls.java:262)
	at org.apache.ratis.thirdparty.io.grpc.ForwardingServerCallListener.onMessage(ForwardingServerCallListener.java:33)
	at org.apache.hadoop.hdds.tracing.GrpcServerInterceptor$1.onMessage(GrpcServerInterceptor.java:49)
	at org.apache.ratis.thirdparty.io.grpc.internal.ServerCallImpl$ServerStreamListenerImpl.messagesAvailableInternal(ServerCallImpl.java:334)
	at org.apache.ratis.thirdparty.io.grpc.internal.ServerCallImpl$ServerStreamListenerImpl.messagesAvailable(ServerCallImpl.java:319)
	at org.apache.ratis.thirdparty.io.grpc.internal.ServerImpl$JumpToApplicationThreadServerStreamListener$1MessagesAvailable.runInContext(ServerImpl.java:834)
	at org.apache.ratis.thirdparty.io.grpc.internal.ContextRunnable.run(ContextRunnable.java:37)
	at org.apache.ratis.thirdparty.io.grpc.internal.SerializingExecutor.run(SerializingExecutor.java:133)
	at java.base/java.util.concurrent.ThreadPoolExecutor.runWorker(ThreadPoolExecutor.java:1144)
	at java.base/java.util.concurrent.ThreadPoolExecutor$Worker.run(ThreadPoolExecutor.java:642)
	at java.base/java.lang.Thread.run(Thread.java:1583)
2025-10-17 11:03:03,501 | ERROR | DNAudit | user=null | ip=null | op=GET_COMMITTED_BLOCK_LENGTH {"blockData":"conID: 17 locID: 115816896921600441 bcsId: 0 replicaIndex: null"} | ret=FAILURE | 
java.lang.Exception: Unable to find the block. BlockID : conID: 17 locID: 115816896921600441 bcsId: 0 replicaIndex: null
	at org.apache.hadoop.ozone.container.common.impl.HddsDispatcher.dispatchRequest(HddsDispatcher.java:440)
	at org.apache.hadoop.ozone.container.common.impl.HddsDispatcher.lambda$dispatch$1(HddsDispatcher.java:190)
 
2025-10-17 11:03:03,502 [ForkJoinPool-1-worker-1] WARN  scm.XceiverClientGrpc (XceiverClientGrpc.java:sendCommandWithRetry(500)) - Failed to execute command GetCommittedBlockLength on the pipeline Pipeline{ Id: ca5e920d-5ff0-4e77-90a9-5e31ad894ae1, Nodes: [ {718bfa29-2c47-4ab5-ac61-3dfe9c6b9d5c(localhost/127.0.0.1), ReplicaIndex: 0}, {b1eee25a-1fdf-4744-83c7-58e0513fce3b(localhost/127.0.0.1), ReplicaIndex: 0}, {2b4cc429-f9c1-416c-9a38-6239a2e149ea(localhost/127.0.0.1), ReplicaIndex: 0},], ReplicationConfig: STANDALONE/THREE, State:OPEN, leaderId:, CreationTimestamp2025-10-17T11:03:03.480582817Z[Etc/UTC]}.
2025-10-17 11:03:03,503 [ForkJoinPool-1-worker-1] WARN  ozone.LeaseRecoveryClientDNHandler (LeaseRecoveryClientDNHandler.java:getOmKeyLocationInfos(114)) - Failed to finalize block. Continue to recover the file since OZONE.CLIENT.RECOVER.LEASE.FORCE is enabled.
org.apache.hadoop.hdds.scm.container.common.helpers.StorageContainerException: Unable to find the block. BlockID : conID: 17 locID: 115816896921600441 bcsId: 0 replicaIndex: null
	at org.apache.hadoop.hdds.scm.storage.ContainerProtocolCalls.validateContainerResponse(ContainerProtocolCalls.java:822)
	at org.apache.hadoop.hdds.scm.storage.ContainerProtocolCalls.lambda$createValidators$4(ContainerProtocolCalls.java:831)
	at org.apache.hadoop.hdds.scm.XceiverClientGrpc.sendCommandWithRetry(XceiverClientGrpc.java:457)
	at org.apache.hadoop.hdds.scm.XceiverClientGrpc.lambda$sendCommandWithTraceIDAndRetry$1(XceiverClientGrpc.java:383)
	at org.apache.hadoop.hdds.tracing.TracingUtil.executeInSpan(TracingUtil.java:205)
	at org.apache.hadoop.hdds.tracing.TracingUtil.executeInNewSpan(TracingUtil.java:195)
	at org.apache.hadoop.hdds.scm.XceiverClientGrpc.sendCommandWithTraceIDAndRetry(XceiverClientGrpc.java:375)
	at org.apache.hadoop.hdds.scm.XceiverClientGrpc.sendCommand(XceiverClientGrpc.java:356)
	at org.apache.hadoop.hdds.scm.storage.ContainerProtocolCalls.getCommittedBlockLength(ContainerProtocolCalls.java:272)
	at org.apache.hadoop.fs.ozone.BasicRootedOzoneClientAdapterImpl.finalizeBlock(BasicRootedOzoneClientAdapterImpl.java:1509)
	at org.apache.hadoop.fs.ozone.LeaseRecoveryClientDNHandler.getOmKeyLocationInfos(LeaseRecoveryClientDNHandler.java:81)
	at org.apache.hadoop.fs.ozone.RootedOzoneFileSystem.recoverLeaseTraced(RootedOzoneFileSystem.java:165)
	at org.apache.hadoop.fs.ozone.RootedOzoneFileSystem.lambda$recoverLease$0(RootedOzoneFileSystem.java:143)
	at org.apache.hadoop.hdds.tracing.TracingUtil.executeInSpan(TracingUtil.java:205)
	at org.apache.hadoop.hdds.tracing.TracingUtil.executeInNewSpan(TracingUtil.java:195)
	at org.apache.hadoop.fs.ozone.RootedOzoneFileSystem.recoverLease(RootedOzoneFileSystem.java:142)
	at org.apache.hadoop.ozone.client.rpc.TestSecureOzoneRpcClient.testPreallocateFileRecovery(TestSecureOzoneRpcClient.java:305)
	at java.base/jdk.internal.reflect.DirectMethodHandleAccessor.invoke(DirectMethodHandleAccessor.java:103)
	at java.base/java.lang.reflect.Method.invoke(Method.java:580)
	at org.junit.platform.commons.util.ReflectionUtils.invokeMethod(ReflectionUtils.java:786)
	at org.junit.platform.commons.support.ReflectionSupport.invokeMethod(ReflectionSupport.java:514)
	at org.junit.jupiter.engine.execution.MethodInvocation.proceed(MethodInvocation.java:60)
	at org.junit.jupiter.engine.execution.InvocationInterceptorChain$ValidatingInvocation.proceed(InvocationInterceptorChain.java:131)
	at org.junit.jupiter.engine.extension.SameThreadTimeoutInvocation.proceed(SameThreadTimeoutInvocation.java:49)
	at org.junit.jupiter.engine.extension.TimeoutExtension.intercept(TimeoutExtension.java:161)
	at org.junit.jupiter.engine.extension.TimeoutExtension.interceptTestableMethod(TimeoutExtension.java:152)
	at org.junit.jupiter.engine.extension.TimeoutExtension.interceptTestTemplateMethod(TimeoutExtension.java:99)
	at org.junit.jupiter.engine.execution.InterceptingExecutableInvoker$ReflectiveInterceptorCall.lambda$ofVoidMethod$0(InterceptingExecutableInvoker.java:112)
	at org.junit.jupiter.engine.execution.InterceptingExecutableInvoker.lambda$invoke$0(InterceptingExecutableInvoker.java:94)
	at org.junit.jupiter.engine.execution.InvocationInterceptorChain$InterceptedInvocation.proceed(InvocationInterceptorChain.java:106)
	at org.junit.jupiter.engine.execution.InvocationInterceptorChain.proceed(InvocationInterceptorChain.java:64)
	at org.junit.jupiter.engine.execution.InvocationInterceptorChain.chainAndInvoke(InvocationInterceptorChain.java:45)
	at org.junit.jupiter.engine.execution.InvocationInterceptorChain.invoke(InvocationInterceptorChain.java:37)
	at org.junit.jupiter.engine.execution.InterceptingExecutableInvoker.invoke(InterceptingExecutableInvoker.java:93)
	at org.junit.jupiter.engine.execution.InterceptingExecutableInvoker.invoke(InterceptingExecutableInvoker.java:87)
	at org.junit.jupiter.engine.descriptor.TestMethodTestDescriptor.lambda$invokeTestMethod$4(TestMethodTestDescriptor.java:221)
	at org.junit.platform.engine.support.hierarchical.ThrowableCollector.execute(ThrowableCollector.java:73)
	at org.junit.jupiter.engine.descriptor.TestMethodTestDescriptor.invokeTestMethod(TestMethodTestDescriptor.java:217)
	at org.junit.jupiter.engine.descriptor.TestMethodTestDescriptor.execute(TestMethodTestDescriptor.java:159)
	at org.junit.jupiter.engine.descriptor.TestMethodTestDescriptor.execute(TestMethodTestDescriptor.java:70)
	at org.junit.platform.engine.support.hierarchical.NodeTestTask.lambda$executeRecursively$6(NodeTestTask.java:157)
	at org.junit.platform.engine.support.hierarchical.ThrowableCollector.execute(ThrowableCollector.java:73)
	at org.junit.platform.engine.support.hierarchical.NodeTestTask.lambda$executeRecursively$8(NodeTestTask.java:147)
	at org.junit.platform.engine.support.hierarchical.Node.around(Node.java:137)
	at org.junit.platform.engine.support.hierarchical.NodeTestTask.lambda$executeRecursively$9(NodeTestTask.java:145)
	at org.junit.platform.engine.support.hierarchical.ThrowableCollector.execute(ThrowableCollector.java:73)
	at org.junit.platform.engine.support.hierarchical.NodeTestTask.executeRecursively(NodeTestTask.java:144)
	at org.junit.platform.engine.support.hierarchical.NodeTestTask.execute(NodeTestTask.java:101)
	at org.junit.platform.engine.support.hierarchical.ForkJoinPoolHierarchicalTestExecutorService$ExclusiveTask.exec(ForkJoinPoolHierarchicalTestExecutorService.java:274)
	at org.junit.platform.engine.support.hierarchical.ForkJoinPoolHierarchicalTestExecutorService$ExclusiveTask.execSync(ForkJoinPoolHierarchicalTestExecutorService.java:247)
	at org.junit.platform.engine.support.hierarchical.ForkJoinPoolHierarchicalTestExecutorService.submit(ForkJoinPoolHierarchicalTestExecutorService.java:148)
	at org.junit.platform.engine.support.hierarchical.NodeTestTask$DefaultDynamicTestExecutor.execute(NodeTestTask.java:232)
	at org.junit.platform.engine.support.hierarchical.NodeTestTask$DefaultDynamicTestExecutor.execute(NodeTestTask.java:210)
	at org.junit.jupiter.engine.descriptor.TemplateExecutor.execute(TemplateExecutor.java:98)
	at org.junit.jupiter.engine.descriptor.TemplateExecutor.lambda$executeForProvider$0(TemplateExecutor.java:61)
	at java.base/java.util.Optional.ifPresent(Optional.java:178)
	at org.junit.jupiter.engine.descriptor.TemplateExecutor.lambda$executeForProvider$1(TemplateExecutor.java:61)
	at java.base/java.util.stream.ForEachOps$ForEachOp$OfRef.accept(ForEachOps.java:184)
	at java.base/java.util.stream.ReferencePipeline$3$1.accept(ReferencePipeline.java:197)
	at java.base/java.util.stream.ForEachOps$ForEachOp$OfRef.accept(ForEachOps.java:184)
	at java.base/java.util.stream.ForEachOps$ForEachOp$OfRef.accept(ForEachOps.java:184)
	at java.base/java.util.stream.ReferencePipeline$3$1.accept(ReferencePipeline.java:197)
	at java.base/java.util.Spliterators$ArraySpliterator.forEachRemaining(Spliterators.java:1024)
	at java.base/java.util.stream.AbstractPipeline.copyInto(AbstractPipeline.java:509)
	at java.base/java.util.stream.AbstractPipeline.wrapAndCopyInto(AbstractPipeline.java:499)
	at java.base/java.util.stream.ForEachOps$ForEachOp.evaluateSequential(ForEachOps.java:151)
	at java.base/java.util.stream.ForEachOps$ForEachOp$OfRef.evaluateSequential(ForEachOps.java:174)
	at java.base/java.util.stream.AbstractPipeline.evaluate(AbstractPipeline.java:234)
	at java.base/java.util.stream.ReferencePipeline.forEach(ReferencePipeline.java:596)
	at java.base/java.util.stream.ReferencePipeline$7$1.accept(ReferencePipeline.java:276)
	at java.base/java.util.ArrayList$ArrayListSpliterator.forEachRemaining(ArrayList.java:1708)
	at java.base/java.util.stream.AbstractPipeline.copyInto(AbstractPipeline.java:509)
	at java.base/java.util.stream.AbstractPipeline.wrapAndCopyInto(AbstractPipeline.java:499)
	at java.base/java.util.stream.ForEachOps$ForEachOp.evaluateSequential(ForEachOps.java:151)
	at java.base/java.util.stream.ForEachOps$ForEachOp$OfRef.evaluateSequential(ForEachOps.java:174)
	at java.base/java.util.stream.AbstractPipeline.evaluate(AbstractPipeline.java:234)
	at java.base/java.util.stream.ReferencePipeline.forEach(ReferencePipeline.java:596)
	at java.base/java.util.stream.ReferencePipeline$7$1.accept(ReferencePipeline.java:276)
	at java.base/java.util.stream.ReferencePipeline$3$1.accept(ReferencePipeline.java:197)
	at java.base/java.util.stream.ReferencePipeline$3$1.accept(ReferencePipeline.java:197)
	at java.base/java.util.stream.ReferencePipeline$3$1.accept(ReferencePipeline.java:197)
	at java.base/java.util.ArrayList$ArrayListSpliterator.forEachRemaining(ArrayList.java:1708)
	at java.base/java.util.stream.AbstractPipeline.copyInto(AbstractPipeline.java:509)
	at java.base/java.util.stream.AbstractPipeline.wrapAndCopyInto(AbstractPipeline.java:499)
	at java.base/java.util.stream.ForEachOps$ForEachOp.evaluateSequential(ForEachOps.java:151)
	at java.base/java.util.stream.ForEachOps$ForEachOp$OfRef.evaluateSequential(ForEachOps.java:174)
	at java.base/java.util.stream.AbstractPipeline.evaluate(AbstractPipeline.java:234)
	at java.base/java.util.stream.ReferencePipeline.forEach(ReferencePipeline.java:596)
	at org.junit.jupiter.engine.descriptor.TemplateExecutor.executeForProvider(TemplateExecutor.java:59)
	at org.junit.jupiter.engine.descriptor.TemplateExecutor.execute(TemplateExecutor.java:48)
	at org.junit.jupiter.engine.descriptor.TestTemplateTestDescriptor.execute(TestTemplateTestDescriptor.java:112)
	at org.junit.jupiter.engine.descriptor.TestTemplateTestDescriptor.execute(TestTemplateTestDescriptor.java:40)
	at org.junit.platform.engine.support.hierarchical.NodeTestTask.lambda$executeRecursively$6(NodeTestTask.java:157)
	at org.junit.platform.engine.support.hierarchical.ThrowableCollector.execute(ThrowableCollector.java:73)
	at org.junit.platform.engine.support.hierarchical.NodeTestTask.lambda$executeRecursively$8(NodeTestTask.java:147)
	at org.junit.platform.engine.support.hierarchical.Node.around(Node.java:137)
	at org.junit.platform.engine.support.hierarchical.NodeTestTask.lambda$executeRecursively$9(NodeTestTask.java:145)
	at org.junit.platform.engine.support.hierarchical.ThrowableCollector.execute(ThrowableCollector.java:73)
	at org.junit.platform.engine.support.hierarchical.NodeTestTask.executeRecursively(NodeTestTask.java:144)
	at org.junit.platform.engine.support.hierarchical.NodeTestTask.execute(NodeTestTask.java:101)
	at org.junit.platform.engine.support.hierarchical.ForkJoinPoolHierarchicalTestExecutorService$ExclusiveTask.exec(ForkJoinPoolHierarchicalTestExecutorService.java:274)
	at org.junit.platform.engine.support.hierarchical.ForkJoinPoolHierarchicalTestExecutorService$ExclusiveTask.execSync(ForkJoinPoolHierarchicalTestExecutorService.java:247)
	at org.junit.platform.engine.support.hierarchical.ForkJoinPoolHierarchicalTestExecutorService.executeSync(ForkJoinPoolHierarchicalTestExecutorService.java:194)
	at org.junit.platform.engine.support.hierarchical.ForkJoinPoolHierarchicalTestExecutorService.invokeAll(ForkJoinPoolHierarchicalTestExecutorService.java:166)
	at org.junit.platform.engine.support.hierarchical.NodeTestTask.lambda$executeRecursively$6(NodeTestTask.java:161)
	at org.junit.platform.engine.support.hierarchical.ThrowableCollector.execute(ThrowableCollector.java:73)
	at org.junit.platform.engine.support.hierarchical.NodeTestTask.lambda$executeRecursively$8(NodeTestTask.java:147)
	at org.junit.platform.engine.support.hierarchical.Node.around(Node.java:137)
	at org.junit.platform.engine.support.hierarchical.NodeTestTask.lambda$executeRecursively$9(NodeTestTask.java:145)
	at org.junit.platform.engine.support.hierarchical.ThrowableCollector.execute(ThrowableCollector.java:73)
	at org.junit.platform.engine.support.hierarchical.NodeTestTask.executeRecursively(NodeTestTask.java:144)
	at org.junit.platform.engine.support.hierarchical.NodeTestTask.execute(NodeTestTask.java:101)
	at org.junit.platform.engine.support.hierarchical.ForkJoinPoolHierarchicalTestExecutorService$ExclusiveTask.exec(ForkJoinPoolHierarchicalTestExecutorService.java:274)
	at org.junit.platform.engine.support.hierarchical.ForkJoinPoolHierarchicalTestExecutorService$ExclusiveTask.execSync(ForkJoinPoolHierarchicalTestExecutorService.java:247)
	at org.junit.platform.engine.support.hierarchical.ForkJoinPoolHierarchicalTestExecutorService.invokeAll(ForkJoinPoolHierarchicalTestExecutorService.java:159)
	at org.junit.platform.engine.support.hierarchical.NodeTestTask.lambda$executeRecursively$6(NodeTestTask.java:161)
	at org.junit.platform.engine.support.hierarchical.ThrowableCollector.execute(ThrowableCollector.java:73)
	at org.junit.platform.engine.support.hierarchical.NodeTestTask.lambda$executeRecursively$8(NodeTestTask.java:147)
	at org.junit.platform.engine.support.hierarchical.Node.around(Node.java:137)
	at org.junit.platform.engine.support.hierarchical.NodeTestTask.lambda$executeRecursively$9(NodeTestTask.java:145)
	at org.junit.platform.engine.support.hierarchical.ThrowableCollector.execute(ThrowableCollector.java:73)
	at org.junit.platform.engine.support.hierarchical.NodeTestTask.executeRecursively(NodeTestTask.java:144)
	at org.junit.platform.engine.support.hierarchical.NodeTestTask.execute(NodeTestTask.java:101)
	at org.junit.platform.engine.support.hierarchical.ForkJoinPoolHierarchicalTestExecutorService$ExclusiveTask.exec(ForkJoinPoolHierarchicalTestExecutorService.java:274)
	at java.base/java.util.concurrent.ForkJoinTask.doExec(ForkJoinTask.java:387)
	at java.base/java.util.concurrent.ForkJoinPool$WorkQueue.topLevelExec(ForkJoinPool.java:1312)
	at java.base/java.util.concurrent.ForkJoinPool.scan(ForkJoinPool.java:1843)
	at java.base/java.util.concurrent.ForkJoinPool.runWorker(ForkJoinPool.java:1808)
	at java.base/java.util.concurrent.ForkJoinWorkerThread.run(ForkJoinWorkerThread.java:188)
2025-10-17 11:03:03,513 | INFO  | OMAudit | user=runner | ip=127.0.0.1 | op=COMMIT_KEY {"volume":"8049f490-4d76-418d-a3ce-a2dc28a29dd4","bucket":"b6b9376a-51ed-4a1a-b3f7-4247b6df00ff","key":"52d3f1e7-1aa0-4471-82f7-b8a2698f0ba4","dataSize":"16777216","replicationType":"RATIS","replicationFactor":"THREE","Transaction":"1667"} | ret=SUCCESS |  
2025-10-17 11:03:03,520 | INFO  | OMAudit | user=runner | ip=127.0.0.1 | op=READ_BUCKET {"volume":"8049f490-4d76-418d-a3ce-a2dc28a29dd4","bucket":"b6b9376a-51ed-4a1a-b3f7-4247b6df00ff"} | ret=SUCCESS |  
2025-10-17 11:03:03,524 | INFO  | SCMAudit | user=runner | ip=127.0.0.1 | op=GET_CONTAINER_WITH_PIPELINE_BATCH {"containerIDs":"#21,#22,"} | ret=SUCCESS |  
2025-10-17 11:03:03,525 | INFO  | OMAudit | user=runner | ip=127.0.0.1 | op=GET_FILE_STATUS {"volume":"8049f490-4d76-418d-a3ce-a2dc28a29dd4","bucket":"b6b9376a-51ed-4a1a-b3f7-4247b6df00ff","key":"52d3f1e7-1aa0-4471-82f7-b8a2698f0ba4","owner":null,"dataSize":"0","replicationConfig":null} | ret=SUCCESS |  
2025-10-17 11:03:03,528 | INFO  | OMAudit | user=runner | ip=127.0.0.1 | op=READ_BUCKET {"volume":"8049f490-4d76-418d-a3ce-a2dc28a29dd4","bucket":"b6b9376a-51ed-4a1a-b3f7-4247b6df00ff"} | ret=SUCCESS |  
2025-10-17 11:03:03,529 | INFO  | OMAudit | user=runner | ip=127.0.0.1 | op=READ_BUCKET {"volume":"8049f490-4d76-418d-a3ce-a2dc28a29dd4","bucket":"b6b9376a-51ed-4a1a-b3f7-4247b6df00ff"} | ret=SUCCESS |  
2025-10-17 11:03:03,532 [om1-OMStateMachineApplyTransactionThread - 0] ERROR key.OMKeyCommitRequest (OMKeyCommitRequest.java:processResult(486)) - Key committed failed. Volume:8049f490-4d76-418d-a3ce-a2dc28a29dd4, Bucket:b6b9376a-51ed-4a1a-b3f7-4247b6df00ff, Key:52d3f1e7-1aa0-4471-82f7-b8a2698f0ba4. Exception:{}
KEY_NOT_FOUND org.apache.hadoop.ozone.om.exceptions.OMException: Failed to commit key, as /-9223372036854350336/-9223372036854350080/-9223372036854350080/52d3f1e7-1aa0-4471-82f7-b8a2698f0ba4/115389168567124371 entry is not found in the OpenKey table
	at org.apache.hadoop.ozone.om.request.key.OMKeyCommitRequestWithFSO.validateAndUpdateCache(OMKeyCommitRequestWithFSO.java:181)
	at org.apache.hadoop.ozone.protocolPB.OzoneManagerRequestHandler.lambda$0(OzoneManagerRequestHandler.java:418)
	at org.apache.hadoop.ozone.util.MetricUtil.captureLatencyNs(MetricUtil.java:45)
	at org.apache.hadoop.ozone.protocolPB.OzoneManagerRequestHandler.handleWriteRequestImpl(OzoneManagerRequestHandler.java:416)
	at org.apache.hadoop.ozone.protocolPB.RequestHandler.handleWriteRequest(RequestHandler.java:62)
	at org.apache.hadoop.ozone.om.ratis.OzoneManagerStateMachine.runCommand(OzoneManagerStateMachine.java:599)
	at org.apache.hadoop.ozone.om.ratis.OzoneManagerStateMachine.lambda$3(OzoneManagerStateMachine.java:415)
	at java.base/java.util.concurrent.CompletableFuture$AsyncSupply.run(CompletableFuture.java:1768)
	at java.base/java.util.concurrent.ThreadPoolExecutor.runWorker(ThreadPoolExecutor.java:1144)
	at java.base/java.util.concurrent.ThreadPoolExecutor$Worker.run(ThreadPoolExecutor.java:642)
	at java.base/java.lang.Thread.run(Thread.java:1583)
2025-10-17 11:03:03,533 | ERROR | OMAudit | user=runner | ip=127.0.0.1 | op=COMMIT_KEY {"volume":"8049f490-4d76-418d-a3ce-a2dc28a29dd4","bucket":"b6b9376a-51ed-4a1a-b3f7-4247b6df00ff","key":"52d3f1e7-1aa0-4471-82f7-b8a2698f0ba4","dataSize":"16777216","replicationType":"RATIS","replicationFactor":"THREE","Transaction":"1668"} | ret=FAILURE | 
org.apache.hadoop.ozone.om.exceptions.OMException: Failed to commit key, as /-9223372036854350336/-9223372036854350080/-9223372036854350080/52d3f1e7-1aa0-4471-82f7-b8a2698f0ba4/115389168567124371 entry is not found in the OpenKey table
	at org.apache.hadoop.ozone.om.request.key.OMKeyCommitRequestWithFSO.validateAndUpdateCache(OMKeyCommitRequestWithFSO.java:181)
	at org.apache.hadoop.ozone.protocolPB.OzoneManagerRequestHandler.lambda$0(OzoneManagerRequestHandler.java:418)
 
]]></system-out>
  </testcase>
  <testcase name="testPreallocateFileRecovery(long)[2]" classname="org.apache.hadoop.ozone.client.rpc.TestSecureOzoneRpcClient" time="0.297">
    <system-out><![CDATA[2025-10-17 11:03:03,588 [ForkJoinPool-1-worker-1] INFO  rpc.RpcClient (RpcClient.java:createVolume(461)) - Creating Volume: 1ca6e700-2744-4adc-b6ec-5a13dc894a87, with runner as owner and space quota set to -1 bytes, counts quota set to -1
2025-10-17 11:03:03,590 [om1-OMStateMachineApplyTransactionThread - 0] INFO  volume.OMVolumeCreateRequest (OMVolumeCreateRequest.java:validateAndUpdateCache(213)) - created volume:1ca6e700-2744-4adc-b6ec-5a13dc894a87 for user:runner
2025-10-17 11:03:03,590 | INFO  | OMAudit | user=runner | ip=127.0.0.1 | op=CREATE_VOLUME {"admin":"runner","owner":"runner","volume":"1ca6e700-2744-4adc-b6ec-5a13dc894a87","creationTime":"1760698983589","modificationTime":"1760698983589","quotaInBytes":"-1","quotaInNamespace":"-1","usedNamespace":"0","objectID":"-9223372036854348544","updateID":"1669","Transaction":"1669"} | ret=SUCCESS |  
2025-10-17 11:03:03,591 | INFO  | OMAudit | user=runner | ip=127.0.0.1 | op=READ_VOLUME {"volume":"1ca6e700-2744-4adc-b6ec-5a13dc894a87"} | ret=SUCCESS |  
2025-10-17 11:03:03,591 [ForkJoinPool-1-worker-1] INFO  rpc.RpcClient (RpcClient.java:createBucket(686)) - Creating Bucket: 1ca6e700-2744-4adc-b6ec-5a13dc894a87/0fb04c3a-12b2-4797-a49b-130fe4d73f0d, with bucket layout FILE_SYSTEM_OPTIMIZED, runner as owner, Versioning false, Storage Type set to DISK and Encryption set to false, Replication Type set to server-side default replication type, Namespace Quota set to 100, Space Quota set to 1073741824 
2025-10-17 11:03:03,592 [om1-OMStateMachineApplyTransactionThread - 0] INFO  bucket.OMBucketCreateRequest (OMBucketCreateRequest.java:validateAndUpdateCache(303)) - created bucket: 0fb04c3a-12b2-4797-a49b-130fe4d73f0d of layout FILE_SYSTEM_OPTIMIZED in volume: 1ca6e700-2744-4adc-b6ec-5a13dc894a87
2025-10-17 11:03:03,592 | INFO  | OMAudit | user=runner | ip=127.0.0.1 | op=CREATE_BUCKET {"volume":"1ca6e700-2744-4adc-b6ec-5a13dc894a87","bucket":"0fb04c3a-12b2-4797-a49b-130fe4d73f0d","bucketLayout":"FILE_SYSTEM_OPTIMIZED","gdprEnabled":null,"acls":"[user:runner:a[ACCESS], group:runner:rl[ACCESS]]","isVersionEnabled":"false","storageType":"DISK","creationTime":"1760698983592","bucketEncryptionKey":null,"modificationTime":"1760698983592","usedBytes":"0","usedNamespace":"0","snapshotUsedBytes":"0","snapshotUsedNamespace":"0","owner":"runner","replicationType":null,"replicationConfig":null,"quotaInBytes":"1073741824","quotaInNamespace":"100","Transaction":"1670"} | ret=SUCCESS |  
2025-10-17 11:03:03,593 | INFO  | OMAudit | user=runner | ip=127.0.0.1 | op=READ_BUCKET {"volume":"1ca6e700-2744-4adc-b6ec-5a13dc894a87","bucket":"0fb04c3a-12b2-4797-a49b-130fe4d73f0d"} | ret=SUCCESS |  
2025-10-17 11:03:03,597 | INFO  | OMAudit | user=runner | ip=127.0.0.1 | op=GET_SERVICE_LIST {} | ret=SUCCESS |  
2025-10-17 11:03:03,598 | INFO  | OMAudit | user=runner | ip=127.0.0.1 | op=READ_BUCKET {"volume":"1ca6e700-2744-4adc-b6ec-5a13dc894a87","bucket":"0fb04c3a-12b2-4797-a49b-130fe4d73f0d"} | ret=SUCCESS |  
2025-10-17 11:03:03,600 | INFO  | SCMAudit | user=runner | ip=127.0.0.1 | op=ALLOCATE_BLOCK {"replication":"RATIS/THREE","owner":"omServiceIdDefault","size":"4194304","sampleBlocks":"[conID: 20 locID: 115816896921600442, conID: 20 locID: 115816896921600443, conID: 18 locID: 115816896921600444, conID: 22 locID: 115816896921600445, conID: 18 locID: 115816896921600446, conID: 19 locID: 115816896921600447, conID: 15 locID: 115816896921600448, conID: 15 locID: 115816896921600449, conID: 15 locID: 115816896921600450, conID: 18 locID: 115816896921600451]","num":"10","client":"","allocated":"10"} | ret=SUCCESS |  
2025-10-17 11:03:03,602 | INFO  | OMAudit | user=runner | ip=127.0.0.1 | op=ALLOCATE_KEY {"volume":"1ca6e700-2744-4adc-b6ec-5a13dc894a87","bucket":"0fb04c3a-12b2-4797-a49b-130fe4d73f0d","key":"82f0a6ef-6faa-4c6a-9f44-cc4b44765b01","dataSize":"41943040","replicationType":"RATIS","replicationFactor":"THREE","Transaction":"1671"} | ret=SUCCESS |  
2025-10-17 11:03:03,604 | INFO  | OMAudit | user=runner | ip=127.0.0.1 | op=READ_BUCKET {"volume":"1ca6e700-2744-4adc-b6ec-5a13dc894a87","bucket":"0fb04c3a-12b2-4797-a49b-130fe4d73f0d"} | ret=SUCCESS |  
2025-10-17 11:03:03,737 | INFO  | SCMAudit | user=runner | ip=127.0.0.1 | op=SEND_HEARTBEAT {"datanodeUUID":"28c08cd4-c049-4c66-8210-e254cf68b291","term":"2","command":"[]"} | ret=SUCCESS |  
2025-10-17 11:03:03,737 | INFO  | SCMAudit | user=runner | ip=127.0.0.1 | op=SEND_HEARTBEAT {"datanodeUUID":"b6f92338-e951-49df-a986-ea31ece96e9e","term":"2","command":"[]"} | ret=SUCCESS |  
2025-10-17 11:03:03,738 | INFO  | SCMAudit | user=runner | ip=127.0.0.1 | op=SEND_HEARTBEAT {"datanodeUUID":"b292b6be-9482-4c30-a3e0-c9f721931b72","term":"2","command":"[]"} | ret=SUCCESS |  
2025-10-17 11:03:03,746 | INFO  | OMAudit | user=runner | ip=127.0.0.1 | op=READ_BUCKET {"volume":"1ca6e700-2744-4adc-b6ec-5a13dc894a87","bucket":"0fb04c3a-12b2-4797-a49b-130fe4d73f0d"} | ret=SUCCESS |  
2025-10-17 11:03:03,748 | INFO  | SCMAudit | user=runner | ip=127.0.0.1 | op=GET_CONTAINER_WITH_PIPELINE {"containerID":"#18"} | ret=SUCCESS |  
2025-10-17 11:03:03,749 | INFO  | SCMAudit | user=runner | ip=127.0.0.1 | op=GET_CONTAINER_WITH_PIPELINE {"containerID":"#18"} | ret=SUCCESS |  
2025-10-17 11:03:03,750 | INFO  | SCMAudit | user=runner | ip=127.0.0.1 | op=GET_CONTAINER_WITH_PIPELINE {"containerID":"#15"} | ret=SUCCESS |  
2025-10-17 11:03:03,751 | INFO  | OMAudit | user=runner | ip=127.0.0.1 | op=RECOVER_LEASE {"volume":"1ca6e700-2744-4adc-b6ec-5a13dc894a87","bucket":"0fb04c3a-12b2-4797-a49b-130fe4d73f0d","key":"82f0a6ef-6faa-4c6a-9f44-cc4b44765b01","Transaction":"1673"} | ret=SUCCESS |  
2025-10-17 11:03:03,757 [3a11eef6-a527-493c-8ba3-ae39ecaefa56-ContainerOp-7345f0ea-8df2-4439-b2f1-0dbc4bfeaa43-7] INFO  keyvalue.KeyValueHandler (KeyValueHandler.java:handleFinalizeBlock(714)) - Finalized Block request received conID: 18 locID: 115816896921600451 bcsId: 0 replicaIndex: null 
2025-10-17 11:03:03,757 [3a11eef6-a527-493c-8ba3-ae39ecaefa56-ContainerOp-7345f0ea-8df2-4439-b2f1-0dbc4bfeaa43-7] WARN  keyvalue.KeyValueHandler (ContainerUtils.java:logAndReturnError(94)) - Operation: FinalizeBlock , Trace ID:  , Message: Unable to find the block. BlockID : conID: 18 locID: 115816896921600451 bcsId: 0 replicaIndex: null , Result: NO_SUCH_BLOCK , StorageContainerException Occurred.
org.apache.hadoop.hdds.scm.container.common.helpers.StorageContainerException: Unable to find the block. BlockID : conID: 18 locID: 115816896921600451 bcsId: 0 replicaIndex: null
	at org.apache.hadoop.ozone.container.metadata.DatanodeStoreWithIncrementalChunkList.getCompleteBlockData(DatanodeStoreWithIncrementalChunkList.java:67)
	at org.apache.hadoop.ozone.container.metadata.DatanodeStore.getBlockByID(DatanodeStore.java:90)
	at org.apache.hadoop.ozone.container.keyvalue.impl.BlockManagerImpl.getBlockByID(BlockManagerImpl.java:462)
	at org.apache.hadoop.ozone.container.keyvalue.impl.BlockManagerImpl.getBlock(BlockManagerImpl.java:347)
	at org.apache.hadoop.ozone.container.keyvalue.KeyValueHandler.handleFinalizeBlock(KeyValueHandler.java:716)
	at org.apache.hadoop.ozone.container.keyvalue.KeyValueHandler.dispatchRequest(KeyValueHandler.java:357)
	at org.apache.hadoop.ozone.container.keyvalue.KeyValueHandler.handle(KeyValueHandler.java:293)
	at org.apache.hadoop.ozone.container.common.impl.HddsDispatcher.dispatchRequest(HddsDispatcher.java:365)
	at org.apache.hadoop.ozone.container.common.impl.HddsDispatcher.lambda$dispatch$1(HddsDispatcher.java:190)
	at org.apache.hadoop.hdds.server.OzoneProtocolMessageDispatcher.processRequest(OzoneProtocolMessageDispatcher.java:89)
	at org.apache.hadoop.ozone.container.common.impl.HddsDispatcher.dispatch(HddsDispatcher.java:189)
	at org.apache.hadoop.ozone.container.common.transport.server.ratis.ContainerStateMachine.dispatchCommand(ContainerStateMachine.java:567)
	at org.apache.hadoop.ozone.container.common.transport.server.ratis.ContainerStateMachine.lambda$applyTransaction$8(ContainerStateMachine.java:1061)
	at org.apache.ratis.util.TaskQueue.lambda$submit$0(TaskQueue.java:121)
	at org.apache.ratis.util.LogUtils.runAndLog(LogUtils.java:38)
	at org.apache.ratis.util.LogUtils$1.run(LogUtils.java:78)
	at java.base/java.util.concurrent.Executors$RunnableAdapter.call(Executors.java:572)
	at java.base/java.util.concurrent.FutureTask.run(FutureTask.java:317)
	at java.base/java.util.concurrent.ThreadPoolExecutor.runWorker(ThreadPoolExecutor.java:1144)
	at java.base/java.util.concurrent.ThreadPoolExecutor$Worker.run(ThreadPoolExecutor.java:642)
	at java.base/java.lang.Thread.run(Thread.java:1583)
2025-10-17 11:03:03,758 [7995ae7b-77ec-4e72-809d-814459f62ee0-ContainerOp-7345f0ea-8df2-4439-b2f1-0dbc4bfeaa43-8] INFO  keyvalue.KeyValueHandler (KeyValueHandler.java:handleFinalizeBlock(714)) - Finalized Block request received conID: 18 locID: 115816896921600451 bcsId: 0 replicaIndex: null 
2025-10-17 11:03:03,759 [7995ae7b-77ec-4e72-809d-814459f62ee0-ContainerOp-7345f0ea-8df2-4439-b2f1-0dbc4bfeaa43-8] WARN  keyvalue.KeyValueHandler (ContainerUtils.java:logAndReturnError(94)) - Operation: FinalizeBlock , Trace ID:  , Message: Unable to find the block. BlockID : conID: 18 locID: 115816896921600451 bcsId: 0 replicaIndex: null , Result: NO_SUCH_BLOCK , StorageContainerException Occurred.
org.apache.hadoop.hdds.scm.container.common.helpers.StorageContainerException: Unable to find the block. BlockID : conID: 18 locID: 115816896921600451 bcsId: 0 replicaIndex: null
	at org.apache.hadoop.ozone.container.metadata.DatanodeStoreWithIncrementalChunkList.getCompleteBlockData(DatanodeStoreWithIncrementalChunkList.java:67)
	at org.apache.hadoop.ozone.container.metadata.DatanodeStore.getBlockByID(DatanodeStore.java:90)
	at org.apache.hadoop.ozone.container.keyvalue.impl.BlockManagerImpl.getBlockByID(BlockManagerImpl.java:462)
	at org.apache.hadoop.ozone.container.keyvalue.impl.BlockManagerImpl.getBlock(BlockManagerImpl.java:347)
	at org.apache.hadoop.ozone.container.keyvalue.KeyValueHandler.handleFinalizeBlock(KeyValueHandler.java:716)
	at org.apache.hadoop.ozone.container.keyvalue.KeyValueHandler.dispatchRequest(KeyValueHandler.java:357)
	at org.apache.hadoop.ozone.container.keyvalue.KeyValueHandler.handle(KeyValueHandler.java:293)
	at org.apache.hadoop.ozone.container.common.impl.HddsDispatcher.dispatchRequest(HddsDispatcher.java:365)
	at org.apache.hadoop.ozone.container.common.impl.HddsDispatcher.lambda$dispatch$1(HddsDispatcher.java:190)
	at org.apache.hadoop.hdds.server.OzoneProtocolMessageDispatcher.processRequest(OzoneProtocolMessageDispatcher.java:89)
	at org.apache.hadoop.ozone.container.common.impl.HddsDispatcher.dispatch(HddsDispatcher.java:189)
	at org.apache.hadoop.ozone.container.common.transport.server.ratis.ContainerStateMachine.dispatchCommand(ContainerStateMachine.java:567)
	at org.apache.hadoop.ozone.container.common.transport.server.ratis.ContainerStateMachine.lambda$applyTransaction$8(ContainerStateMachine.java:1061)
	at org.apache.ratis.util.TaskQueue.lambda$submit$0(TaskQueue.java:121)
	at org.apache.ratis.util.LogUtils.runAndLog(LogUtils.java:38)
	at org.apache.ratis.util.LogUtils$1.run(LogUtils.java:78)
	at java.base/java.util.concurrent.Executors$RunnableAdapter.call(Executors.java:572)
	at java.base/java.util.concurrent.FutureTask.run(FutureTask.java:317)
	at java.base/java.util.concurrent.ThreadPoolExecutor.runWorker(ThreadPoolExecutor.java:1144)
	at java.base/java.util.concurrent.ThreadPoolExecutor$Worker.run(ThreadPoolExecutor.java:642)
	at java.base/java.lang.Thread.run(Thread.java:1583)
2025-10-17 11:03:03,761 [28c08cd4-c049-4c66-8210-e254cf68b291-ContainerOp-7345f0ea-8df2-4439-b2f1-0dbc4bfeaa43-5] INFO  keyvalue.KeyValueHandler (KeyValueHandler.java:handleFinalizeBlock(714)) - Finalized Block request received conID: 18 locID: 115816896921600451 bcsId: 0 replicaIndex: null 
2025-10-17 11:03:03,761 [28c08cd4-c049-4c66-8210-e254cf68b291-ContainerOp-7345f0ea-8df2-4439-b2f1-0dbc4bfeaa43-5] WARN  keyvalue.KeyValueHandler (ContainerUtils.java:logAndReturnError(94)) - Operation: FinalizeBlock , Trace ID:  , Message: Unable to find the block. BlockID : conID: 18 locID: 115816896921600451 bcsId: 0 replicaIndex: null , Result: NO_SUCH_BLOCK , StorageContainerException Occurred.
org.apache.hadoop.hdds.scm.container.common.helpers.StorageContainerException: Unable to find the block. BlockID : conID: 18 locID: 115816896921600451 bcsId: 0 replicaIndex: null
	at org.apache.hadoop.ozone.container.metadata.DatanodeStoreWithIncrementalChunkList.getCompleteBlockData(DatanodeStoreWithIncrementalChunkList.java:67)
	at org.apache.hadoop.ozone.container.metadata.DatanodeStore.getBlockByID(DatanodeStore.java:90)
	at org.apache.hadoop.ozone.container.keyvalue.impl.BlockManagerImpl.getBlockByID(BlockManagerImpl.java:462)
	at org.apache.hadoop.ozone.container.keyvalue.impl.BlockManagerImpl.getBlock(BlockManagerImpl.java:347)
	at org.apache.hadoop.ozone.container.keyvalue.KeyValueHandler.handleFinalizeBlock(KeyValueHandler.java:716)
	at org.apache.hadoop.ozone.container.keyvalue.KeyValueHandler.dispatchRequest(KeyValueHandler.java:357)
	at org.apache.hadoop.ozone.container.keyvalue.KeyValueHandler.handle(KeyValueHandler.java:293)
	at org.apache.hadoop.ozone.container.common.impl.HddsDispatcher.dispatchRequest(HddsDispatcher.java:365)
	at org.apache.hadoop.ozone.container.common.impl.HddsDispatcher.lambda$dispatch$1(HddsDispatcher.java:190)
	at org.apache.hadoop.hdds.server.OzoneProtocolMessageDispatcher.processRequest(OzoneProtocolMessageDispatcher.java:89)
	at org.apache.hadoop.ozone.container.common.impl.HddsDispatcher.dispatch(HddsDispatcher.java:189)
	at org.apache.hadoop.ozone.container.common.transport.server.ratis.ContainerStateMachine.dispatchCommand(ContainerStateMachine.java:567)
	at org.apache.hadoop.ozone.container.common.transport.server.ratis.ContainerStateMachine.lambda$applyTransaction$8(ContainerStateMachine.java:1061)
	at org.apache.ratis.util.TaskQueue.lambda$submit$0(TaskQueue.java:121)
	at org.apache.ratis.util.LogUtils.runAndLog(LogUtils.java:38)
	at org.apache.ratis.util.LogUtils$1.run(LogUtils.java:78)
	at java.base/java.util.concurrent.Executors$RunnableAdapter.call(Executors.java:572)
	at java.base/java.util.concurrent.FutureTask.run(FutureTask.java:317)
	at java.base/java.util.concurrent.ThreadPoolExecutor.runWorker(ThreadPoolExecutor.java:1144)
	at java.base/java.util.concurrent.ThreadPoolExecutor$Worker.run(ThreadPoolExecutor.java:642)
	at java.base/java.lang.Thread.run(Thread.java:1583)
2025-10-17 11:03:03,763 [3a11eef6-a527-493c-8ba3-ae39ecaefa56-ContainerOp-7345f0ea-8df2-4439-b2f1-0dbc4bfeaa43-7] WARN  keyvalue.KeyValueContainer (KeyValueContainer.java:markContainerUnhealthy(397)) - Marked container UNHEALTHY from OPEN: KeyValueContainerData #18 (UNHEALTHY, non-empty, ri=0, origin=[dn_3a11eef6-a527-493c-8ba3-ae39ecaefa56, pipeline_7345f0ea-8df2-4439-b2f1-0dbc4bfeaa43])
2025-10-17 11:03:03,765 [28c08cd4-c049-4c66-8210-e254cf68b291-ContainerOp-7345f0ea-8df2-4439-b2f1-0dbc4bfeaa43-5] WARN  keyvalue.KeyValueContainer (KeyValueContainer.java:markContainerUnhealthy(397)) - Marked container UNHEALTHY from OPEN: KeyValueContainerData #18 (UNHEALTHY, non-empty, ri=0, origin=[dn_28c08cd4-c049-4c66-8210-e254cf68b291, pipeline_7345f0ea-8df2-4439-b2f1-0dbc4bfeaa43])
2025-10-17 11:03:03,766 | ERROR | ContainerLog | ID=18 | Index=0 | BCSID=143 | State=UNHEALTHY | Volume=/home/runner/work/ozone/ozone/hadoop-ozone/integration-test/target/test-dir/MiniOzoneClusterImpl-d1ffa5d3-3301-45c3-9f44-1ffa6967d237/ozone-metadata/datanode-12/data-0/hdds | DataChecksum=fb75cb35 | Container has 1 error: WRITE_FAILURE for file /home/runner/work/ozone/ozone/hadoop-ozone/integration-test/target/test-dir/MiniOzoneClusterImpl-d1ffa5d3-3301-45c3-9f44-1ffa6967d237/ozone-metadata/datanode-12/data-0/hdds/d1ffa5d3-3301-45c3-9f44-1ffa6967d237/current/containerDir0/18 with exception: org.apache.hadoop.hdds.scm.container.common.helpers.StorageContainerException |  
2025-10-17 11:03:03,766 | INFO  | SCMAudit | user=runner | ip=127.0.0.1 | op=SEND_HEARTBEAT {"datanodeUUID":"dbd6f242-9b73-4bca-a110-3e2ec656b979","term":"2","command":"[]"} | ret=SUCCESS |  
2025-10-17 11:03:03,767 [3a11eef6-a527-493c-8ba3-ae39ecaefa56-ContainerOp-7345f0ea-8df2-4439-b2f1-0dbc4bfeaa43-7] INFO  impl.HddsDispatcher (HddsDispatcher.java:dispatchRequest(412)) - Marked Container UNHEALTHY, ContainerID: 18
2025-10-17 11:03:03,769 | ERROR | DNAudit | user=null | ip=null | op=FINALIZE_BLOCK {"blockData":"conID: 18 locID: 115816896921600451 bcsId: 0 replicaIndex: null"} | ret=FAILURE | 
java.lang.Exception: Unable to find the block. BlockID : conID: 18 locID: 115816896921600451 bcsId: 0 replicaIndex: null
	at org.apache.hadoop.ozone.container.common.impl.HddsDispatcher.dispatchRequest(HddsDispatcher.java:440)
	at org.apache.hadoop.ozone.container.common.impl.HddsDispatcher.lambda$dispatch$1(HddsDispatcher.java:190)
 
2025-10-17 11:03:03,769 [3a11eef6-a527-493c-8ba3-ae39ecaefa56-ContainerOp-7345f0ea-8df2-4439-b2f1-0dbc4bfeaa43-7] ERROR ratis.ContainerStateMachine (ContainerStateMachine.java:lambda$applyTransaction$11(1163)) - gid group-0DBC4BFEAA43 : ApplyTransaction failed. cmd FinalizeBlock logIndex 146 msg : Unable to find the block. BlockID : conID: 18 locID: 115816896921600451 bcsId: 0 replicaIndex: null Container Result: NO_SUCH_BLOCK
2025-10-17 11:03:03,769 [3a11eef6-a527-493c-8ba3-ae39ecaefa56-ContainerOp-7345f0ea-8df2-4439-b2f1-0dbc4bfeaa43-7] ERROR impl.StateMachineUpdater (StateMachineUpdater.java:lambda$applyLog$3(259)) - Exception while 3a11eef6-a527-493c-8ba3-ae39ecaefa56@group-0DBC4BFEAA43-StateMachineUpdater: applying txn index=146, nextLog=(t:1, i:146), STATEMACHINELOGENTRY, WRITE: logData.size=104, stateMachineData.size=0, logEntryProtoSerializedSize=0
java.util.concurrent.CompletionException: org.apache.hadoop.hdds.scm.container.common.helpers.StorageContainerException: Unable to find the block. BlockID : conID: 18 locID: 115816896921600451 bcsId: 0 replicaIndex: null
	at java.base/java.util.concurrent.CompletableFuture.encodeThrowable(CompletableFuture.java:332)
	at java.base/java.util.concurrent.CompletableFuture.completeThrowable(CompletableFuture.java:347)
	at java.base/java.util.concurrent.CompletableFuture.uniWhenComplete(CompletableFuture.java:874)
	at java.base/java.util.concurrent.CompletableFuture$UniWhenComplete.tryFire(CompletableFuture.java:841)
	at java.base/java.util.concurrent.CompletableFuture.postComplete(CompletableFuture.java:510)
	at java.base/java.util.concurrent.CompletableFuture.completeExceptionally(CompletableFuture.java:2194)
	at org.apache.hadoop.ozone.container.common.transport.server.ratis.ContainerStateMachine.lambda$applyTransaction$11(ContainerStateMachine.java:1172)
	at java.base/java.util.concurrent.CompletableFuture$UniApply.tryFire(CompletableFuture.java:646)
	at java.base/java.util.concurrent.CompletableFuture.postComplete(CompletableFuture.java:510)
	at java.base/java.util.concurrent.CompletableFuture.complete(CompletableFuture.java:2179)
	at org.apache.ratis.util.TaskQueue.lambda$submit$0(TaskQueue.java:133)
	at org.apache.ratis.util.LogUtils.runAndLog(LogUtils.java:38)
	at org.apache.ratis.util.LogUtils$1.run(LogUtils.java:78)
	at java.base/java.util.concurrent.Executors$RunnableAdapter.call(Executors.java:572)
	at java.base/java.util.concurrent.FutureTask.run(FutureTask.java:317)
	at java.base/java.util.concurrent.ThreadPoolExecutor.runWorker(ThreadPoolExecutor.java:1144)
	at java.base/java.util.concurrent.ThreadPoolExecutor$Worker.run(ThreadPoolExecutor.java:642)
	at java.base/java.lang.Thread.run(Thread.java:1583)
Caused by: org.apache.hadoop.hdds.scm.container.common.helpers.StorageContainerException: Unable to find the block. BlockID : conID: 18 locID: 115816896921600451 bcsId: 0 replicaIndex: null
	at org.apache.hadoop.ozone.container.common.transport.server.ratis.ContainerStateMachine.lambda$applyTransaction$11(ContainerStateMachine.java:1162)
	... 11 more
2025-10-17 11:03:03,770 [3a11eef6-a527-493c-8ba3-ae39ecaefa56-ContainerOp-7345f0ea-8df2-4439-b2f1-0dbc4bfeaa43-7] WARN  ratis.XceiverServerRatis (XceiverServerRatis.java:triggerPipelineClose(767)) - pipeline Action CLOSE on pipeline Pipeline-7345f0ea-8df2-4439-b2f1-0dbc4bfeaa43.Reason : Ratis Transaction failure in datanode 3a11eef6-a527-493c-8ba3-ae39ecaefa56 with role LEADER .Triggering pipeline close action.
2025-10-17 11:03:03,765 [7995ae7b-77ec-4e72-809d-814459f62ee0-ContainerOp-7345f0ea-8df2-4439-b2f1-0dbc4bfeaa43-8] WARN  keyvalue.KeyValueContainer (KeyValueContainer.java:markContainerUnhealthy(397)) - Marked container UNHEALTHY from OPEN: KeyValueContainerData #18 (UNHEALTHY, non-empty, ri=0, origin=[dn_7995ae7b-77ec-4e72-809d-814459f62ee0, pipeline_7345f0ea-8df2-4439-b2f1-0dbc4bfeaa43])
2025-10-17 11:03:03,772 | INFO  | SCMAudit | user=runner | ip=127.0.0.1 | op=SEND_HEARTBEAT {"datanodeUUID":"3a11eef6-a527-493c-8ba3-ae39ecaefa56","term":"2","command":"[]"} | ret=SUCCESS |  
2025-10-17 11:03:03,772 [FixedThreadPoolWithAffinityExecutor-1-0] INFO  container.IncrementalContainerReportHandler (AbstractContainerReportHandler.java:updateContainerState(253)) - FINALIZE (i.e. CLOSING) Container #18 (OPEN, sid=0) r0 (UNHEALTHY, bcsid=143, origin=3a11eef6-a527-493c-8ba3-ae39ecaefa56, non-empty) from dn 3a11eef6-a527-493c-8ba3-ae39ecaefa56(localhost/127.0.0.1)
2025-10-17 11:03:03,772 | ERROR | ContainerLog | ID=18 | Index=0 | BCSID=143 | State=UNHEALTHY | Volume=/home/runner/work/ozone/ozone/hadoop-ozone/integration-test/target/test-dir/MiniOzoneClusterImpl-d1ffa5d3-3301-45c3-9f44-1ffa6967d237/ozone-metadata/datanode-11/data-0/hdds | DataChecksum=fb75cb35 | Container has 1 error: WRITE_FAILURE for file /home/runner/work/ozone/ozone/hadoop-ozone/integration-test/target/test-dir/MiniOzoneClusterImpl-d1ffa5d3-3301-45c3-9f44-1ffa6967d237/ozone-metadata/datanode-11/data-0/hdds/d1ffa5d3-3301-45c3-9f44-1ffa6967d237/current/containerDir0/18 with exception: org.apache.hadoop.hdds.scm.container.common.helpers.StorageContainerException |  
2025-10-17 11:03:03,772 [grpc-default-executor-7] ERROR impl.OrderedAsync (OrderedAsync.java:lambda$send$4(181)) - Failed to send request, message=cmdType: FinalizeBlock traceID: "" containerID: 18 datanodeUuid: "28c08cd4-c049-4c66-8210-e254cf68b291" encodedToken: "VAoGcnVubmVyEiNjb25JRDogMTggbG9jSUQ6IDExNTgxNjg5NjkyMTYwMDQ1MRjFgvO3nzMoASgCMICAgAI6FQifgbWbiNf4t3AQ982K__Ou7ZeGASBiOol5qPiWyqqBq7LuEvIvA1wMMhIXyHnT5UD-04TdCBBIRERTX0JMT0NLX1RPS0VOJmNvbklEOiAxOCBsb2NJRDogMTE1ODE2ODk2OTIxNjAwNDUxAAAA" version: 3 finalizeBlock { blockID { containerID: 18 localID: 115816896921600451 blockCommitSequenceId: 0 } }, data.size=0
java.util.concurrent.CompletionException: org.apache.ratis.protocol.exceptions.StateMachineException: org.apache.hadoop.hdds.scm.container.common.helpers.StorageContainerException: Unable to find the block. BlockID : conID: 18 locID: 115816896921600451 bcsId: 0 replicaIndex: null
	at org.apache.ratis.client.impl.RaftClientImpl.handleRaftException(RaftClientImpl.java:373)
	at org.apache.ratis.client.impl.OrderedAsync.lambda$send$3(OrderedAsync.java:175)
	at java.base/java.util.concurrent.CompletableFuture$UniApply.tryFire(CompletableFuture.java:646)
	at java.base/java.util.concurrent.CompletableFuture.postComplete(CompletableFuture.java:510)
	at java.base/java.util.concurrent.CompletableFuture.complete(CompletableFuture.java:2179)
	at org.apache.ratis.client.impl.OrderedAsync$PendingOrderedRequest.setReply(OrderedAsync.java:105)
	at org.apache.ratis.client.impl.OrderedAsync$PendingOrderedRequest.setReply(OrderedAsync.java:66)
	at org.apache.ratis.util.SlidingWindow$RequestMap.setReply(SlidingWindow.java:147)
	at org.apache.ratis.util.SlidingWindow$Client.receiveReply(SlidingWindow.java:351)
	at org.apache.ratis.client.impl.OrderedAsync.lambda$sendRequestWithRetry$5(OrderedAsync.java:210)
	at java.base/java.util.concurrent.CompletableFuture$UniAccept.tryFire(CompletableFuture.java:718)
	at java.base/java.util.concurrent.CompletableFuture.postComplete(CompletableFuture.java:510)
	at java.base/java.util.concurrent.CompletableFuture.complete(CompletableFuture.java:2179)
	at org.apache.ratis.grpc.client.GrpcClientProtocolClient$AsyncStreamObservers$1.lambda$onNext$0(GrpcClientProtocolClient.java:325)
	at java.base/java.util.Optional.ifPresent(Optional.java:178)
	at org.apache.ratis.grpc.client.GrpcClientProtocolClient$AsyncStreamObservers.handleReplyFuture(GrpcClientProtocolClient.java:381)
	at org.apache.ratis.grpc.client.GrpcClientProtocolClient$AsyncStreamObservers.access$100(GrpcClientProtocolClient.java:303)
	at org.apache.ratis.grpc.client.GrpcClientProtocolClient$AsyncStreamObservers$1.onNext(GrpcClientProtocolClient.java:325)
	at org.apache.ratis.grpc.client.GrpcClientProtocolClient$AsyncStreamObservers$1.onNext(GrpcClientProtocolClient.java:308)
	at org.apache.ratis.thirdparty.io.grpc.stub.ClientCalls$StreamObserverToCallListenerAdapter.onMessage(ClientCalls.java:551)
	at org.apache.ratis.thirdparty.io.grpc.ForwardingClientCallListener.onMessage(ForwardingClientCallListener.java:33)
	at org.apache.ratis.thirdparty.io.grpc.internal.DelayedClientCall$DelayedListener.onMessage(DelayedClientCall.java:473)
	at org.apache.ratis.thirdparty.io.grpc.internal.ClientCallImpl$ClientStreamListenerImpl$1MessagesAvailable.runInternal(ClientCallImpl.java:661)
	at org.apache.ratis.thirdparty.io.grpc.internal.ClientCallImpl$ClientStreamListenerImpl$1MessagesAvailable.runInContext(ClientCallImpl.java:648)
	at org.apache.ratis.thirdparty.io.grpc.internal.ContextRunnable.run(ContextRunnable.java:37)
	at org.apache.ratis.thirdparty.io.grpc.internal.SerializingExecutor.run(SerializingExecutor.java:133)
	at java.base/java.util.concurrent.ThreadPoolExecutor.runWorker(ThreadPoolExecutor.java:1144)
	at java.base/java.util.concurrent.ThreadPoolExecutor$Worker.run(ThreadPoolExecutor.java:642)
	at java.base/java.lang.Thread.run(Thread.java:1583)
Caused by: org.apache.ratis.protocol.exceptions.StateMachineException: org.apache.hadoop.hdds.scm.container.common.helpers.StorageContainerException: Unable to find the block. BlockID : conID: 18 locID: 115816896921600451 bcsId: 0 replicaIndex: null
	at org.apache.hadoop.ozone.container.common.transport.server.ratis.ContainerStateMachine.lambda$applyTransaction$11(ContainerStateMachine.java:1162)
	at java.base/java.util.concurrent.CompletableFuture$UniApply.tryFire(CompletableFuture.java:646)
	at java.base/java.util.concurrent.CompletableFuture.postComplete(CompletableFuture.java:510)
	at java.base/java.util.concurrent.CompletableFuture.complete(CompletableFuture.java:2179)
	at org.apache.ratis.util.TaskQueue.lambda$submit$0(TaskQueue.java:133)
	at org.apache.ratis.util.LogUtils.runAndLog(LogUtils.java:38)
	at org.apache.ratis.util.LogUtils$1.run(LogUtils.java:78)
	at java.base/java.util.concurrent.Executors$RunnableAdapter.call(Executors.java:572)
	at java.base/java.util.concurrent.FutureTask.run(FutureTask.java:317)
	... 3 more
2025-10-17 11:03:03,772 | INFO  | SCMAudit | user=runner | ip=127.0.0.1 | op=SEND_HEARTBEAT {"datanodeUUID":"ed6e9581-5875-4278-a8db-50829892434b","term":"2","command":"[]"} | ret=SUCCESS |  
2025-10-17 11:03:03,774 | ERROR | ContainerLog | ID=18 | Index=0 | BCSID=143 | State=UNHEALTHY | Volume=/home/runner/work/ozone/ozone/hadoop-ozone/integration-test/target/test-dir/MiniOzoneClusterImpl-d1ffa5d3-3301-45c3-9f44-1ffa6967d237/ozone-metadata/datanode-10/data-0/hdds | DataChecksum=fb75cb35 | Container has 1 error: WRITE_FAILURE for file /home/runner/work/ozone/ozone/hadoop-ozone/integration-test/target/test-dir/MiniOzoneClusterImpl-d1ffa5d3-3301-45c3-9f44-1ffa6967d237/ozone-metadata/datanode-10/data-0/hdds/d1ffa5d3-3301-45c3-9f44-1ffa6967d237/current/containerDir0/18 with exception: org.apache.hadoop.hdds.scm.container.common.helpers.StorageContainerException |  
2025-10-17 11:03:03,774 [ForkJoinPool-1-worker-1] WARN  ozone.BasicRootedOzoneClientAdapterImpl (BasicRootedOzoneClientAdapterImpl.java:finalizeBlock(1489)) - Failed to execute finalizeBlock command
java.io.IOException: Failed to execute command cmdType: FinalizeBlock containerID: 18 datanodeUuid: "28c08cd4-c049-4c66-8210-e254cf68b291" encodedToken: "VAoGcnVubmVyEiNjb25JRDogMTggbG9jSUQ6IDExNTgxNjg5NjkyMTYwMDQ1MRjFgvO3nzMoASgCMICAgAI6FQifgbWbiNf4t3AQ982K__Ou7ZeGASBiOol5qPiWyqqBq7LuEvIvA1wMMhIXyHnT5UD-04TdCBBIRERTX0JMT0NLX1RPS0VOJmNvbklEOiAxOCBsb2NJRDogMTE1ODE2ODk2OTIxNjAwNDUxAAAA" finalizeBlock { blockID { containerID: 18 localID: 115816896921600451 blockCommitSequenceId: 0 } }
	at org.apache.hadoop.hdds.scm.XceiverClientSpi.getIOExceptionForSendCommand(XceiverClientSpi.java:150)
	at org.apache.hadoop.hdds.scm.XceiverClientSpi.sendCommand(XceiverClientSpi.java:143)
	at org.apache.hadoop.hdds.scm.storage.ContainerProtocolCalls.finalizeBlock(ContainerProtocolCalls.java:322)
	at org.apache.hadoop.fs.ozone.BasicRootedOzoneClientAdapterImpl.finalizeBlock(BasicRootedOzoneClientAdapterImpl.java:1484)
	at org.apache.hadoop.fs.ozone.LeaseRecoveryClientDNHandler.getOmKeyLocationInfos(LeaseRecoveryClientDNHandler.java:81)
	at org.apache.hadoop.fs.ozone.RootedOzoneFileSystem.recoverLeaseTraced(RootedOzoneFileSystem.java:165)
	at org.apache.hadoop.fs.ozone.RootedOzoneFileSystem.lambda$recoverLease$0(RootedOzoneFileSystem.java:143)
	at org.apache.hadoop.hdds.tracing.TracingUtil.executeInSpan(TracingUtil.java:205)
	at org.apache.hadoop.hdds.tracing.TracingUtil.executeInNewSpan(TracingUtil.java:195)
	at org.apache.hadoop.fs.ozone.RootedOzoneFileSystem.recoverLease(RootedOzoneFileSystem.java:142)
	at org.apache.hadoop.ozone.client.rpc.TestSecureOzoneRpcClient.testPreallocateFileRecovery(TestSecureOzoneRpcClient.java:305)
	at java.base/jdk.internal.reflect.DirectMethodHandleAccessor.invoke(DirectMethodHandleAccessor.java:103)
	at java.base/java.lang.reflect.Method.invoke(Method.java:580)
	at org.junit.platform.commons.util.ReflectionUtils.invokeMethod(ReflectionUtils.java:786)
	at org.junit.platform.commons.support.ReflectionSupport.invokeMethod(ReflectionSupport.java:514)
	at org.junit.jupiter.engine.execution.MethodInvocation.proceed(MethodInvocation.java:60)
	at org.junit.jupiter.engine.execution.InvocationInterceptorChain$ValidatingInvocation.proceed(InvocationInterceptorChain.java:131)
	at org.junit.jupiter.engine.extension.SameThreadTimeoutInvocation.proceed(SameThreadTimeoutInvocation.java:49)
	at org.junit.jupiter.engine.extension.TimeoutExtension.intercept(TimeoutExtension.java:161)
	at org.junit.jupiter.engine.extension.TimeoutExtension.interceptTestableMethod(TimeoutExtension.java:152)
	at org.junit.jupiter.engine.extension.TimeoutExtension.interceptTestTemplateMethod(TimeoutExtension.java:99)
	at org.junit.jupiter.engine.execution.InterceptingExecutableInvoker$ReflectiveInterceptorCall.lambda$ofVoidMethod$0(InterceptingExecutableInvoker.java:112)
	at org.junit.jupiter.engine.execution.InterceptingExecutableInvoker.lambda$invoke$0(InterceptingExecutableInvoker.java:94)
	at org.junit.jupiter.engine.execution.InvocationInterceptorChain$InterceptedInvocation.proceed(InvocationInterceptorChain.java:106)
	at org.junit.jupiter.engine.execution.InvocationInterceptorChain.proceed(InvocationInterceptorChain.java:64)
	at org.junit.jupiter.engine.execution.InvocationInterceptorChain.chainAndInvoke(InvocationInterceptorChain.java:45)
	at org.junit.jupiter.engine.execution.InvocationInterceptorChain.invoke(InvocationInterceptorChain.java:37)
	at org.junit.jupiter.engine.execution.InterceptingExecutableInvoker.invoke(InterceptingExecutableInvoker.java:93)
	at org.junit.jupiter.engine.execution.InterceptingExecutableInvoker.invoke(InterceptingExecutableInvoker.java:87)
	at org.junit.jupiter.engine.descriptor.TestMethodTestDescriptor.lambda$invokeTestMethod$4(TestMethodTestDescriptor.java:221)
	at org.junit.platform.engine.support.hierarchical.ThrowableCollector.execute(ThrowableCollector.java:73)
	at org.junit.jupiter.engine.descriptor.TestMethodTestDescriptor.invokeTestMethod(TestMethodTestDescriptor.java:217)
	at org.junit.jupiter.engine.descriptor.TestMethodTestDescriptor.execute(TestMethodTestDescriptor.java:159)
	at org.junit.jupiter.engine.descriptor.TestMethodTestDescriptor.execute(TestMethodTestDescriptor.java:70)
	at org.junit.platform.engine.support.hierarchical.NodeTestTask.lambda$executeRecursively$6(NodeTestTask.java:157)
	at org.junit.platform.engine.support.hierarchical.ThrowableCollector.execute(ThrowableCollector.java:73)
	at org.junit.platform.engine.support.hierarchical.NodeTestTask.lambda$executeRecursively$8(NodeTestTask.java:147)
	at org.junit.platform.engine.support.hierarchical.Node.around(Node.java:137)
	at org.junit.platform.engine.support.hierarchical.NodeTestTask.lambda$executeRecursively$9(NodeTestTask.java:145)
	at org.junit.platform.engine.support.hierarchical.ThrowableCollector.execute(ThrowableCollector.java:73)
	at org.junit.platform.engine.support.hierarchical.NodeTestTask.executeRecursively(NodeTestTask.java:144)
	at org.junit.platform.engine.support.hierarchical.NodeTestTask.execute(NodeTestTask.java:101)
	at org.junit.platform.engine.support.hierarchical.ForkJoinPoolHierarchicalTestExecutorService$ExclusiveTask.exec(ForkJoinPoolHierarchicalTestExecutorService.java:274)
	at org.junit.platform.engine.support.hierarchical.ForkJoinPoolHierarchicalTestExecutorService$ExclusiveTask.execSync(ForkJoinPoolHierarchicalTestExecutorService.java:247)
	at org.junit.platform.engine.support.hierarchical.ForkJoinPoolHierarchicalTestExecutorService.submit(ForkJoinPoolHierarchicalTestExecutorService.java:148)
	at org.junit.platform.engine.support.hierarchical.NodeTestTask$DefaultDynamicTestExecutor.execute(NodeTestTask.java:232)
	at org.junit.platform.engine.support.hierarchical.NodeTestTask$DefaultDynamicTestExecutor.execute(NodeTestTask.java:210)
	at org.junit.jupiter.engine.descriptor.TemplateExecutor.execute(TemplateExecutor.java:98)
	at org.junit.jupiter.engine.descriptor.TemplateExecutor.lambda$executeForProvider$0(TemplateExecutor.java:61)
	at java.base/java.util.Optional.ifPresent(Optional.java:178)
	at org.junit.jupiter.engine.descriptor.TemplateExecutor.lambda$executeForProvider$1(TemplateExecutor.java:61)
	at java.base/java.util.stream.ForEachOps$ForEachOp$OfRef.accept(ForEachOps.java:184)
	at java.base/java.util.stream.ReferencePipeline$3$1.accept(ReferencePipeline.java:197)
	at java.base/java.util.stream.ForEachOps$ForEachOp$OfRef.accept(ForEachOps.java:184)
	at java.base/java.util.stream.ForEachOps$ForEachOp$OfRef.accept(ForEachOps.java:184)
	at java.base/java.util.stream.ReferencePipeline$3$1.accept(ReferencePipeline.java:197)
	at java.base/java.util.Spliterators$ArraySpliterator.forEachRemaining(Spliterators.java:1024)
	at java.base/java.util.stream.AbstractPipeline.copyInto(AbstractPipeline.java:509)
	at java.base/java.util.stream.AbstractPipeline.wrapAndCopyInto(AbstractPipeline.java:499)
	at java.base/java.util.stream.ForEachOps$ForEachOp.evaluateSequential(ForEachOps.java:151)
	at java.base/java.util.stream.ForEachOps$ForEachOp$OfRef.evaluateSequential(ForEachOps.java:174)
	at java.base/java.util.stream.AbstractPipeline.evaluate(AbstractPipeline.java:234)
	at java.base/java.util.stream.ReferencePipeline.forEach(ReferencePipeline.java:596)
	at java.base/java.util.stream.ReferencePipeline$7$1.accept(ReferencePipeline.java:276)
	at java.base/java.util.ArrayList$ArrayListSpliterator.forEachRemaining(ArrayList.java:1708)
	at java.base/java.util.stream.AbstractPipeline.copyInto(AbstractPipeline.java:509)
	at java.base/java.util.stream.AbstractPipeline.wrapAndCopyInto(AbstractPipeline.java:499)
	at java.base/java.util.stream.ForEachOps$ForEachOp.evaluateSequential(ForEachOps.java:151)
	at java.base/java.util.stream.ForEachOps$ForEachOp$OfRef.evaluateSequential(ForEachOps.java:174)
	at java.base/java.util.stream.AbstractPipeline.evaluate(AbstractPipeline.java:234)
	at java.base/java.util.stream.ReferencePipeline.forEach(ReferencePipeline.java:596)
	at java.base/java.util.stream.ReferencePipeline$7$1.accept(ReferencePipeline.java:276)
	at java.base/java.util.stream.ReferencePipeline$3$1.accept(ReferencePipeline.java:197)
	at java.base/java.util.stream.ReferencePipeline$3$1.accept(ReferencePipeline.java:197)
	at java.base/java.util.stream.ReferencePipeline$3$1.accept(ReferencePipeline.java:197)
	at java.base/java.util.ArrayList$ArrayListSpliterator.forEachRemaining(ArrayList.java:1708)
	at java.base/java.util.stream.AbstractPipeline.copyInto(AbstractPipeline.java:509)
	at java.base/java.util.stream.AbstractPipeline.wrapAndCopyInto(AbstractPipeline.java:499)
	at java.base/java.util.stream.ForEachOps$ForEachOp.evaluateSequential(ForEachOps.java:151)
	at java.base/java.util.stream.ForEachOps$ForEachOp$OfRef.evaluateSequential(ForEachOps.java:174)
	at java.base/java.util.stream.AbstractPipeline.evaluate(AbstractPipeline.java:234)
	at java.base/java.util.stream.ReferencePipeline.forEach(ReferencePipeline.java:596)
	at org.junit.jupiter.engine.descriptor.TemplateExecutor.executeForProvider(TemplateExecutor.java:59)
	at org.junit.jupiter.engine.descriptor.TemplateExecutor.execute(TemplateExecutor.java:48)
	at org.junit.jupiter.engine.descriptor.TestTemplateTestDescriptor.execute(TestTemplateTestDescriptor.java:112)
	at org.junit.jupiter.engine.descriptor.TestTemplateTestDescriptor.execute(TestTemplateTestDescriptor.java:40)
	at org.junit.platform.engine.support.hierarchical.NodeTestTask.lambda$executeRecursively$6(NodeTestTask.java:157)
	at org.junit.platform.engine.support.hierarchical.ThrowableCollector.execute(ThrowableCollector.java:73)
	at org.junit.platform.engine.support.hierarchical.NodeTestTask.lambda$executeRecursively$8(NodeTestTask.java:147)
	at org.junit.platform.engine.support.hierarchical.Node.around(Node.java:137)
	at org.junit.platform.engine.support.hierarchical.NodeTestTask.lambda$executeRecursively$9(NodeTestTask.java:145)
	at org.junit.platform.engine.support.hierarchical.ThrowableCollector.execute(ThrowableCollector.java:73)
	at org.junit.platform.engine.support.hierarchical.NodeTestTask.executeRecursively(NodeTestTask.java:144)
	at org.junit.platform.engine.support.hierarchical.NodeTestTask.execute(NodeTestTask.java:101)
	at org.junit.platform.engine.support.hierarchical.ForkJoinPoolHierarchicalTestExecutorService$ExclusiveTask.exec(ForkJoinPoolHierarchicalTestExecutorService.java:274)
	at org.junit.platform.engine.support.hierarchical.ForkJoinPoolHierarchicalTestExecutorService$ExclusiveTask.execSync(ForkJoinPoolHierarchicalTestExecutorService.java:247)
	at org.junit.platform.engine.support.hierarchical.ForkJoinPoolHierarchicalTestExecutorService.executeSync(ForkJoinPoolHierarchicalTestExecutorService.java:194)
	at org.junit.platform.engine.support.hierarchical.ForkJoinPoolHierarchicalTestExecutorService.invokeAll(ForkJoinPoolHierarchicalTestExecutorService.java:166)
	at org.junit.platform.engine.support.hierarchical.NodeTestTask.lambda$executeRecursively$6(NodeTestTask.java:161)
	at org.junit.platform.engine.support.hierarchical.ThrowableCollector.execute(ThrowableCollector.java:73)
	at org.junit.platform.engine.support.hierarchical.NodeTestTask.lambda$executeRecursively$8(NodeTestTask.java:147)
	at org.junit.platform.engine.support.hierarchical.Node.around(Node.java:137)
	at org.junit.platform.engine.support.hierarchical.NodeTestTask.lambda$executeRecursively$9(NodeTestTask.java:145)
	at org.junit.platform.engine.support.hierarchical.ThrowableCollector.execute(ThrowableCollector.java:73)
	at org.junit.platform.engine.support.hierarchical.NodeTestTask.executeRecursively(NodeTestTask.java:144)
	at org.junit.platform.engine.support.hierarchical.NodeTestTask.execute(NodeTestTask.java:101)
	at org.junit.platform.engine.support.hierarchical.ForkJoinPoolHierarchicalTestExecutorService$ExclusiveTask.exec(ForkJoinPoolHierarchicalTestExecutorService.java:274)
	at org.junit.platform.engine.support.hierarchical.ForkJoinPoolHierarchicalTestExecutorService$ExclusiveTask.execSync(ForkJoinPoolHierarchicalTestExecutorService.java:247)
	at org.junit.platform.engine.support.hierarchical.ForkJoinPoolHierarchicalTestExecutorService.invokeAll(ForkJoinPoolHierarchicalTestExecutorService.java:159)
	at org.junit.platform.engine.support.hierarchical.NodeTestTask.lambda$executeRecursively$6(NodeTestTask.java:161)
	at org.junit.platform.engine.support.hierarchical.ThrowableCollector.execute(ThrowableCollector.java:73)
	at org.junit.platform.engine.support.hierarchical.NodeTestTask.lambda$executeRecursively$8(NodeTestTask.java:147)
	at org.junit.platform.engine.support.hierarchical.Node.around(Node.java:137)
	at org.junit.platform.engine.support.hierarchical.NodeTestTask.lambda$executeRecursively$9(NodeTestTask.java:145)
	at org.junit.platform.engine.support.hierarchical.ThrowableCollector.execute(ThrowableCollector.java:73)
	at org.junit.platform.engine.support.hierarchical.NodeTestTask.executeRecursively(NodeTestTask.java:144)
	at org.junit.platform.engine.support.hierarchical.NodeTestTask.execute(NodeTestTask.java:101)
	at org.junit.platform.engine.support.hierarchical.ForkJoinPoolHierarchicalTestExecutorService$ExclusiveTask.exec(ForkJoinPoolHierarchicalTestExecutorService.java:274)
	at java.base/java.util.concurrent.ForkJoinTask.doExec(ForkJoinTask.java:387)
	at java.base/java.util.concurrent.ForkJoinPool$WorkQueue.topLevelExec(ForkJoinPool.java:1312)
	at java.base/java.util.concurrent.ForkJoinPool.scan(ForkJoinPool.java:1843)
	at java.base/java.util.concurrent.ForkJoinPool.runWorker(ForkJoinPool.java:1808)
	at java.base/java.util.concurrent.ForkJoinWorkerThread.run(ForkJoinWorkerThread.java:188)
Caused by: java.util.concurrent.ExecutionException: org.apache.ratis.protocol.exceptions.StateMachineException: org.apache.hadoop.hdds.scm.container.common.helpers.StorageContainerException: Unable to find the block. BlockID : conID: 18 locID: 115816896921600451 bcsId: 0 replicaIndex: null
	at java.base/java.util.concurrent.CompletableFuture.reportGet(CompletableFuture.java:396)
	at java.base/java.util.concurrent.CompletableFuture.get(CompletableFuture.java:2073)
	at org.apache.hadoop.hdds.scm.XceiverClientSpi.sendCommand(XceiverClientSpi.java:133)
	... 121 more
Caused by: org.apache.ratis.protocol.exceptions.StateMachineException: org.apache.hadoop.hdds.scm.container.common.helpers.StorageContainerException: Unable to find the block. BlockID : conID: 18 locID: 115816896921600451 bcsId: 0 replicaIndex: null
	at org.apache.hadoop.ozone.container.common.transport.server.ratis.ContainerStateMachine.lambda$applyTransaction$11(ContainerStateMachine.java:1162)
	at java.base/java.util.concurrent.CompletableFuture$UniApply.tryFire(CompletableFuture.java:646)
	at java.base/java.util.concurrent.CompletableFuture.postComplete(CompletableFuture.java:510)
	at java.base/java.util.concurrent.CompletableFuture.complete(CompletableFuture.java:2179)
	at org.apache.ratis.util.TaskQueue.lambda$submit$0(TaskQueue.java:133)
	at org.apache.ratis.util.LogUtils.runAndLog(LogUtils.java:38)
	at org.apache.ratis.util.LogUtils$1.run(LogUtils.java:78)
	at java.base/java.util.concurrent.Executors$RunnableAdapter.call(Executors.java:572)
	at java.base/java.util.concurrent.FutureTask.run(FutureTask.java:317)
	at java.base/java.util.concurrent.ThreadPoolExecutor.runWorker(ThreadPoolExecutor.java:1144)
	at java.base/java.util.concurrent.ThreadPoolExecutor$Worker.run(ThreadPoolExecutor.java:642)
	at java.base/java.lang.Thread.run(Thread.java:1583)
2025-10-17 11:03:03,776 | INFO  | SCMAudit | user=runner | ip=127.0.0.1 | op=SEND_HEARTBEAT {"datanodeUUID":"7995ae7b-77ec-4e72-809d-814459f62ee0","term":"2","command":"[]"} | ret=SUCCESS |  
2025-10-17 11:03:03,776 | INFO  | SCMAudit | user=runner | ip=127.0.0.1 | op=SEND_HEARTBEAT {"datanodeUUID":"3a11eef6-a527-493c-8ba3-ae39ecaefa56","term":"2","command":"[]"} | ret=SUCCESS |  
2025-10-17 11:03:03,776 [EventQueue-CloseContainerForCloseContainerEventHandler] INFO  container.CloseContainerEventHandler (CloseContainerEventHandler.java:onMessage(88)) - Close container Event triggered for container : #18, current state: CLOSING
2025-10-17 11:03:03,776 [EventQueue-PipelineActionsForPipelineActionHandler] INFO  pipeline.PipelineActionHandler (PipelineActionHandler.java:processPipelineAction(89)) - Received pipeline action CLOSE for Pipeline-7345f0ea-8df2-4439-b2f1-0dbc4bfeaa43 from datanode 3a11eef6-a527-493c-8ba3-ae39ecaefa56(localhost/127.0.0.1). Reason : Ratis Transaction failure in datanode 3a11eef6-a527-493c-8ba3-ae39ecaefa56 with role LEADER .Triggering pipeline close action.
2025-10-17 11:03:03,778 [EventQueue-PipelineActionsForPipelineActionHandler] INFO  pipeline.PipelineManagerImpl (PipelineManagerImpl.java:closePipeline(511)) - Pipeline Pipeline-7345f0ea-8df2-4439-b2f1-0dbc4bfeaa43 moved to CLOSED state
2025-10-17 11:03:03,778 [7995ae7b-77ec-4e72-809d-814459f62ee0-ContainerOp-7345f0ea-8df2-4439-b2f1-0dbc4bfeaa43-8] INFO  impl.HddsDispatcher (HddsDispatcher.java:dispatchRequest(412)) - Marked Container UNHEALTHY, ContainerID: 18
2025-10-17 11:03:03,778 | ERROR | DNAudit | user=null | ip=null | op=FINALIZE_BLOCK {"blockData":"conID: 18 locID: 115816896921600451 bcsId: 0 replicaIndex: null"} | ret=FAILURE | 
java.lang.Exception: Unable to find the block. BlockID : conID: 18 locID: 115816896921600451 bcsId: 0 replicaIndex: null
	at org.apache.hadoop.ozone.container.common.impl.HddsDispatcher.dispatchRequest(HddsDispatcher.java:440)
	at org.apache.hadoop.ozone.container.common.impl.HddsDispatcher.lambda$dispatch$1(HddsDispatcher.java:190)
 
2025-10-17 11:03:03,778 [7995ae7b-77ec-4e72-809d-814459f62ee0-ContainerOp-7345f0ea-8df2-4439-b2f1-0dbc4bfeaa43-8] ERROR ratis.ContainerStateMachine (ContainerStateMachine.java:lambda$applyTransaction$11(1163)) - gid group-0DBC4BFEAA43 : ApplyTransaction failed. cmd FinalizeBlock logIndex 146 msg : Unable to find the block. BlockID : conID: 18 locID: 115816896921600451 bcsId: 0 replicaIndex: null Container Result: NO_SUCH_BLOCK
2025-10-17 11:03:03,779 [28c08cd4-c049-4c66-8210-e254cf68b291-ContainerOp-7345f0ea-8df2-4439-b2f1-0dbc4bfeaa43-5] INFO  impl.HddsDispatcher (HddsDispatcher.java:dispatchRequest(412)) - Marked Container UNHEALTHY, ContainerID: 18
2025-10-17 11:03:03,780 | INFO  | SCMAudit | user=runner | ip=127.0.0.1 | op=SEND_HEARTBEAT {"datanodeUUID":"28c08cd4-c049-4c66-8210-e254cf68b291","term":"2","command":"[]"} | ret=SUCCESS |  
2025-10-17 11:03:03,781 [EventQueue-CloseContainerForCloseContainerEventHandler] INFO  container.CloseContainerEventHandler (CloseContainerEventHandler.java:onMessage(88)) - Close container Event triggered for container : #18, current state: CLOSING
2025-10-17 11:03:03,781 | INFO  | SCMAudit | user=runner | ip=127.0.0.1 | op=SEND_HEARTBEAT {"datanodeUUID":"28c08cd4-c049-4c66-8210-e254cf68b291","term":"2","command":"[]"} | ret=SUCCESS |  
2025-10-17 11:03:03,781 | INFO  | SCMAudit | user=runner | ip=127.0.0.1 | op=SEND_HEARTBEAT {"datanodeUUID":"7995ae7b-77ec-4e72-809d-814459f62ee0","term":"2","command":"[]"} | ret=SUCCESS |  
2025-10-17 11:03:03,781 [EventQueue-CloseContainerForCloseContainerEventHandler] INFO  container.CloseContainerEventHandler (CloseContainerEventHandler.java:onMessage(88)) - Close container Event triggered for container : #18, current state: CLOSING
2025-10-17 11:03:03,781 | ERROR | DNAudit | user=null | ip=null | op=FINALIZE_BLOCK {"blockData":"conID: 18 locID: 115816896921600451 bcsId: 0 replicaIndex: null"} | ret=FAILURE | 
java.lang.Exception: Unable to find the block. BlockID : conID: 18 locID: 115816896921600451 bcsId: 0 replicaIndex: null
	at org.apache.hadoop.ozone.container.common.impl.HddsDispatcher.dispatchRequest(HddsDispatcher.java:440)
	at org.apache.hadoop.ozone.container.common.impl.HddsDispatcher.lambda$dispatch$1(HddsDispatcher.java:190)
 
2025-10-17 11:03:03,782 [28c08cd4-c049-4c66-8210-e254cf68b291-ContainerOp-7345f0ea-8df2-4439-b2f1-0dbc4bfeaa43-5] ERROR ratis.ContainerStateMachine (ContainerStateMachine.java:lambda$applyTransaction$11(1163)) - gid group-0DBC4BFEAA43 : ApplyTransaction failed. cmd FinalizeBlock logIndex 146 msg : Unable to find the block. BlockID : conID: 18 locID: 115816896921600451 bcsId: 0 replicaIndex: null Container Result: NO_SUCH_BLOCK
2025-10-17 11:03:03,784 [28c08cd4-c049-4c66-8210-e254cf68b291-ContainerOp-7345f0ea-8df2-4439-b2f1-0dbc4bfeaa43-5] ERROR impl.StateMachineUpdater (StateMachineUpdater.java:lambda$applyLog$3(259)) - Exception while 28c08cd4-c049-4c66-8210-e254cf68b291@group-0DBC4BFEAA43-StateMachineUpdater: applying txn index=146, nextLog=(t:1, i:146), STATEMACHINELOGENTRY, WRITE: logData.size=104, stateMachineData.size=0, logEntryProtoSerializedSize=0
java.util.concurrent.CompletionException: org.apache.hadoop.hdds.scm.container.common.helpers.StorageContainerException: Unable to find the block. BlockID : conID: 18 locID: 115816896921600451 bcsId: 0 replicaIndex: null
	at java.base/java.util.concurrent.CompletableFuture.encodeThrowable(CompletableFuture.java:332)
	at java.base/java.util.concurrent.CompletableFuture.completeThrowable(CompletableFuture.java:347)
	at java.base/java.util.concurrent.CompletableFuture.uniWhenComplete(CompletableFuture.java:874)
	at java.base/java.util.concurrent.CompletableFuture$UniWhenComplete.tryFire(CompletableFuture.java:841)
	at java.base/java.util.concurrent.CompletableFuture.postComplete(CompletableFuture.java:510)
	at java.base/java.util.concurrent.CompletableFuture.completeExceptionally(CompletableFuture.java:2194)
	at org.apache.hadoop.ozone.container.common.transport.server.ratis.ContainerStateMachine.lambda$applyTransaction$11(ContainerStateMachine.java:1172)
	at java.base/java.util.concurrent.CompletableFuture$UniApply.tryFire(CompletableFuture.java:646)
	at java.base/java.util.concurrent.CompletableFuture.postComplete(CompletableFuture.java:510)
	at java.base/java.util.concurrent.CompletableFuture.complete(CompletableFuture.java:2179)
	at org.apache.ratis.util.TaskQueue.lambda$submit$0(TaskQueue.java:133)
	at org.apache.ratis.util.LogUtils.runAndLog(LogUtils.java:38)
	at org.apache.ratis.util.LogUtils$1.run(LogUtils.java:78)
	at java.base/java.util.concurrent.Executors$RunnableAdapter.call(Executors.java:572)
	at java.base/java.util.concurrent.FutureTask.run(FutureTask.java:317)
	at java.base/java.util.concurrent.ThreadPoolExecutor.runWorker(ThreadPoolExecutor.java:1144)
	at java.base/java.util.concurrent.ThreadPoolExecutor$Worker.run(ThreadPoolExecutor.java:642)
	at java.base/java.lang.Thread.run(Thread.java:1583)
Caused by: org.apache.hadoop.hdds.scm.container.common.helpers.StorageContainerException: Unable to find the block. BlockID : conID: 18 locID: 115816896921600451 bcsId: 0 replicaIndex: null
	at org.apache.hadoop.ozone.container.common.transport.server.ratis.ContainerStateMachine.lambda$applyTransaction$11(ContainerStateMachine.java:1162)
	... 11 more
2025-10-17 11:03:03,782 [7995ae7b-77ec-4e72-809d-814459f62ee0-ContainerOp-7345f0ea-8df2-4439-b2f1-0dbc4bfeaa43-8] ERROR impl.StateMachineUpdater (StateMachineUpdater.java:lambda$applyLog$3(259)) - Exception while 7995ae7b-77ec-4e72-809d-814459f62ee0@group-0DBC4BFEAA43-StateMachineUpdater: applying txn index=146, nextLog=(t:1, i:146), STATEMACHINELOGENTRY, WRITE: logData.size=104, stateMachineData.size=0, logEntryProtoSerializedSize=0
java.util.concurrent.CompletionException: org.apache.hadoop.hdds.scm.container.common.helpers.StorageContainerException: Unable to find the block. BlockID : conID: 18 locID: 115816896921600451 bcsId: 0 replicaIndex: null
	at java.base/java.util.concurrent.CompletableFuture.encodeThrowable(CompletableFuture.java:332)
	at java.base/java.util.concurrent.CompletableFuture.completeThrowable(CompletableFuture.java:347)
	at java.base/java.util.concurrent.CompletableFuture.uniWhenComplete(CompletableFuture.java:874)
	at java.base/java.util.concurrent.CompletableFuture$UniWhenComplete.tryFire(CompletableFuture.java:841)
	at java.base/java.util.concurrent.CompletableFuture.postComplete(CompletableFuture.java:510)
	at java.base/java.util.concurrent.CompletableFuture.completeExceptionally(CompletableFuture.java:2194)
	at org.apache.hadoop.ozone.container.common.transport.server.ratis.ContainerStateMachine.lambda$applyTransaction$11(ContainerStateMachine.java:1172)
	at java.base/java.util.concurrent.CompletableFuture$UniApply.tryFire(CompletableFuture.java:646)
	at java.base/java.util.concurrent.CompletableFuture.postComplete(CompletableFuture.java:510)
	at java.base/java.util.concurrent.CompletableFuture.complete(CompletableFuture.java:2179)
	at org.apache.ratis.util.TaskQueue.lambda$submit$0(TaskQueue.java:133)
	at org.apache.ratis.util.LogUtils.runAndLog(LogUtils.java:38)
	at org.apache.ratis.util.LogUtils$1.run(LogUtils.java:78)
	at java.base/java.util.concurrent.Executors$RunnableAdapter.call(Executors.java:572)
	at java.base/java.util.concurrent.FutureTask.run(FutureTask.java:317)
	at java.base/java.util.concurrent.ThreadPoolExecutor.runWorker(ThreadPoolExecutor.java:1144)
	at java.base/java.util.concurrent.ThreadPoolExecutor$Worker.run(ThreadPoolExecutor.java:642)
	at java.base/java.lang.Thread.run(Thread.java:1583)
Caused by: org.apache.hadoop.hdds.scm.container.common.helpers.StorageContainerException: Unable to find the block. BlockID : conID: 18 locID: 115816896921600451 bcsId: 0 replicaIndex: null
	at org.apache.hadoop.ozone.container.common.transport.server.ratis.ContainerStateMachine.lambda$applyTransaction$11(ContainerStateMachine.java:1162)
	... 11 more
2025-10-17 11:03:03,784 [7995ae7b-77ec-4e72-809d-814459f62ee0-ContainerOp-7345f0ea-8df2-4439-b2f1-0dbc4bfeaa43-8] WARN  ratis.XceiverServerRatis (XceiverServerRatis.java:triggerPipelineClose(767)) - pipeline Action CLOSE on pipeline Pipeline-7345f0ea-8df2-4439-b2f1-0dbc4bfeaa43.Reason : Ratis Transaction failure in datanode 7995ae7b-77ec-4e72-809d-814459f62ee0 with role FOLLOWER .Triggering pipeline close action.
2025-10-17 11:03:03,785 [28c08cd4-c049-4c66-8210-e254cf68b291-ContainerOp-7345f0ea-8df2-4439-b2f1-0dbc4bfeaa43-5] WARN  ratis.XceiverServerRatis (XceiverServerRatis.java:triggerPipelineClose(767)) - pipeline Action CLOSE on pipeline Pipeline-7345f0ea-8df2-4439-b2f1-0dbc4bfeaa43.Reason : Ratis Transaction failure in datanode 28c08cd4-c049-4c66-8210-e254cf68b291 with role FOLLOWER .Triggering pipeline close action.
2025-10-17 11:03:03,786 [EventQueue-PipelineActionsForPipelineActionHandler] INFO  pipeline.PipelineActionHandler (PipelineActionHandler.java:processPipelineAction(89)) - Received pipeline action CLOSE for Pipeline-7345f0ea-8df2-4439-b2f1-0dbc4bfeaa43 from datanode 28c08cd4-c049-4c66-8210-e254cf68b291(localhost/127.0.0.1). Reason : Ratis Transaction failure in datanode 28c08cd4-c049-4c66-8210-e254cf68b291 with role FOLLOWER .Triggering pipeline close action.
2025-10-17 11:03:03,786 | INFO  | SCMAudit | user=runner | ip=127.0.0.1 | op=SEND_HEARTBEAT {"datanodeUUID":"7995ae7b-77ec-4e72-809d-814459f62ee0","term":"2","command":"[]"} | ret=SUCCESS |  
2025-10-17 11:03:03,786 [EventQueue-PipelineActionsForPipelineActionHandler] INFO  pipeline.PipelineActionHandler (PipelineActionHandler.java:processPipelineAction(89)) - Received pipeline action CLOSE for Pipeline-7345f0ea-8df2-4439-b2f1-0dbc4bfeaa43 from datanode 7995ae7b-77ec-4e72-809d-814459f62ee0(localhost/127.0.0.1). Reason : Ratis Transaction failure in datanode 7995ae7b-77ec-4e72-809d-814459f62ee0 with role FOLLOWER .Triggering pipeline close action.
2025-10-17 11:03:03,786 | INFO  | SCMAudit | user=runner | ip=127.0.0.1 | op=SEND_HEARTBEAT {"datanodeUUID":"28c08cd4-c049-4c66-8210-e254cf68b291","term":"2","command":"[]"} | ret=SUCCESS |  
2025-10-17 11:03:03,792 [28c08cd4-c049-4c66-8210-e254cf68b291-ChunkReader-5] WARN  keyvalue.KeyValueHandler (ContainerUtils.java:logAndReturnError(94)) - Operation: GetCommittedBlockLength , Trace ID:  , Message: Unable to find the block. BlockID : conID: 18 locID: 115816896921600451 bcsId: 0 replicaIndex: null , Result: NO_SUCH_BLOCK , StorageContainerException Occurred.
org.apache.hadoop.hdds.scm.container.common.helpers.StorageContainerException: Unable to find the block. BlockID : conID: 18 locID: 115816896921600451 bcsId: 0 replicaIndex: null
	at org.apache.hadoop.ozone.container.metadata.DatanodeStoreWithIncrementalChunkList.getCompleteBlockData(DatanodeStoreWithIncrementalChunkList.java:67)
	at org.apache.hadoop.ozone.container.metadata.DatanodeStore.getBlockByID(DatanodeStore.java:90)
	at org.apache.hadoop.ozone.container.keyvalue.impl.BlockManagerImpl.getBlockByID(BlockManagerImpl.java:462)
	at org.apache.hadoop.ozone.container.keyvalue.impl.BlockManagerImpl.getCommittedBlockLength(BlockManagerImpl.java:367)
	at org.apache.hadoop.ozone.container.keyvalue.KeyValueHandler.handleGetCommittedBlockLength(KeyValueHandler.java:860)
	at org.apache.hadoop.ozone.container.keyvalue.KeyValueHandler.dispatchRequest(KeyValueHandler.java:355)
	at org.apache.hadoop.ozone.container.keyvalue.KeyValueHandler.handle(KeyValueHandler.java:293)
	at org.apache.hadoop.ozone.container.common.impl.HddsDispatcher.dispatchRequest(HddsDispatcher.java:365)
	at org.apache.hadoop.ozone.container.common.impl.HddsDispatcher.lambda$dispatch$1(HddsDispatcher.java:190)
	at org.apache.hadoop.hdds.server.OzoneProtocolMessageDispatcher.processRequest(OzoneProtocolMessageDispatcher.java:89)
	at org.apache.hadoop.ozone.container.common.impl.HddsDispatcher.dispatch(HddsDispatcher.java:189)
	at org.apache.hadoop.ozone.container.common.transport.server.GrpcXceiverService$1.onNext(GrpcXceiverService.java:107)
	at org.apache.hadoop.ozone.container.common.transport.server.GrpcXceiverService$1.onNext(GrpcXceiverService.java:96)
	at org.apache.ratis.thirdparty.io.grpc.stub.ServerCalls$StreamingServerCallHandler$StreamingServerCallListener.onMessage(ServerCalls.java:262)
	at org.apache.ratis.thirdparty.io.grpc.ForwardingServerCallListener.onMessage(ForwardingServerCallListener.java:33)
	at org.apache.hadoop.hdds.tracing.GrpcServerInterceptor$1.onMessage(GrpcServerInterceptor.java:49)
	at org.apache.ratis.thirdparty.io.grpc.internal.ServerCallImpl$ServerStreamListenerImpl.messagesAvailableInternal(ServerCallImpl.java:334)
	at org.apache.ratis.thirdparty.io.grpc.internal.ServerCallImpl$ServerStreamListenerImpl.messagesAvailable(ServerCallImpl.java:319)
	at org.apache.ratis.thirdparty.io.grpc.internal.ServerImpl$JumpToApplicationThreadServerStreamListener$1MessagesAvailable.runInContext(ServerImpl.java:834)
	at org.apache.ratis.thirdparty.io.grpc.internal.ContextRunnable.run(ContextRunnable.java:37)
	at org.apache.ratis.thirdparty.io.grpc.internal.SerializingExecutor.run(SerializingExecutor.java:133)
	at java.base/java.util.concurrent.ThreadPoolExecutor.runWorker(ThreadPoolExecutor.java:1144)
	at java.base/java.util.concurrent.ThreadPoolExecutor$Worker.run(ThreadPoolExecutor.java:642)
	at java.base/java.lang.Thread.run(Thread.java:1583)
2025-10-17 11:03:03,792 | ERROR | DNAudit | user=null | ip=null | op=GET_COMMITTED_BLOCK_LENGTH {"blockData":"conID: 18 locID: 115816896921600451 bcsId: 0 replicaIndex: null"} | ret=FAILURE | 
java.lang.Exception: Unable to find the block. BlockID : conID: 18 locID: 115816896921600451 bcsId: 0 replicaIndex: null
	at org.apache.hadoop.ozone.container.common.impl.HddsDispatcher.dispatchRequest(HddsDispatcher.java:440)
	at org.apache.hadoop.ozone.container.common.impl.HddsDispatcher.lambda$dispatch$1(HddsDispatcher.java:190)
 
2025-10-17 11:03:03,796 [3a11eef6-a527-493c-8ba3-ae39ecaefa56-ChunkReader-8] WARN  keyvalue.KeyValueHandler (ContainerUtils.java:logAndReturnError(94)) - Operation: GetCommittedBlockLength , Trace ID:  , Message: Unable to find the block. BlockID : conID: 18 locID: 115816896921600451 bcsId: 0 replicaIndex: null , Result: NO_SUCH_BLOCK , StorageContainerException Occurred.
org.apache.hadoop.hdds.scm.container.common.helpers.StorageContainerException: Unable to find the block. BlockID : conID: 18 locID: 115816896921600451 bcsId: 0 replicaIndex: null
	at org.apache.hadoop.ozone.container.metadata.DatanodeStoreWithIncrementalChunkList.getCompleteBlockData(DatanodeStoreWithIncrementalChunkList.java:67)
	at org.apache.hadoop.ozone.container.metadata.DatanodeStore.getBlockByID(DatanodeStore.java:90)
	at org.apache.hadoop.ozone.container.keyvalue.impl.BlockManagerImpl.getBlockByID(BlockManagerImpl.java:462)
	at org.apache.hadoop.ozone.container.keyvalue.impl.BlockManagerImpl.getCommittedBlockLength(BlockManagerImpl.java:367)
	at org.apache.hadoop.ozone.container.keyvalue.KeyValueHandler.handleGetCommittedBlockLength(KeyValueHandler.java:860)
	at org.apache.hadoop.ozone.container.keyvalue.KeyValueHandler.dispatchRequest(KeyValueHandler.java:355)
	at org.apache.hadoop.ozone.container.keyvalue.KeyValueHandler.handle(KeyValueHandler.java:293)
	at org.apache.hadoop.ozone.container.common.impl.HddsDispatcher.dispatchRequest(HddsDispatcher.java:365)
	at org.apache.hadoop.ozone.container.common.impl.HddsDispatcher.lambda$dispatch$1(HddsDispatcher.java:190)
	at org.apache.hadoop.hdds.server.OzoneProtocolMessageDispatcher.processRequest(OzoneProtocolMessageDispatcher.java:89)
	at org.apache.hadoop.ozone.container.common.impl.HddsDispatcher.dispatch(HddsDispatcher.java:189)
	at org.apache.hadoop.ozone.container.common.transport.server.GrpcXceiverService$1.onNext(GrpcXceiverService.java:107)
	at org.apache.hadoop.ozone.container.common.transport.server.GrpcXceiverService$1.onNext(GrpcXceiverService.java:96)
	at org.apache.ratis.thirdparty.io.grpc.stub.ServerCalls$StreamingServerCallHandler$StreamingServerCallListener.onMessage(ServerCalls.java:262)
	at org.apache.ratis.thirdparty.io.grpc.ForwardingServerCallListener.onMessage(ForwardingServerCallListener.java:33)
	at org.apache.hadoop.hdds.tracing.GrpcServerInterceptor$1.onMessage(GrpcServerInterceptor.java:49)
	at org.apache.ratis.thirdparty.io.grpc.internal.ServerCallImpl$ServerStreamListenerImpl.messagesAvailableInternal(ServerCallImpl.java:334)
	at org.apache.ratis.thirdparty.io.grpc.internal.ServerCallImpl$ServerStreamListenerImpl.messagesAvailable(ServerCallImpl.java:319)
	at org.apache.ratis.thirdparty.io.grpc.internal.ServerImpl$JumpToApplicationThreadServerStreamListener$1MessagesAvailable.runInContext(ServerImpl.java:834)
	at org.apache.ratis.thirdparty.io.grpc.internal.ContextRunnable.run(ContextRunnable.java:37)
	at org.apache.ratis.thirdparty.io.grpc.internal.SerializingExecutor.run(SerializingExecutor.java:133)
	at java.base/java.util.concurrent.ThreadPoolExecutor.runWorker(ThreadPoolExecutor.java:1144)
	at java.base/java.util.concurrent.ThreadPoolExecutor$Worker.run(ThreadPoolExecutor.java:642)
	at java.base/java.lang.Thread.run(Thread.java:1583)
2025-10-17 11:03:03,796 | ERROR | DNAudit | user=null | ip=null | op=GET_COMMITTED_BLOCK_LENGTH {"blockData":"conID: 18 locID: 115816896921600451 bcsId: 0 replicaIndex: null"} | ret=FAILURE | 
java.lang.Exception: Unable to find the block. BlockID : conID: 18 locID: 115816896921600451 bcsId: 0 replicaIndex: null
	at org.apache.hadoop.ozone.container.common.impl.HddsDispatcher.dispatchRequest(HddsDispatcher.java:440)
	at org.apache.hadoop.ozone.container.common.impl.HddsDispatcher.lambda$dispatch$1(HddsDispatcher.java:190)
 
2025-10-17 11:03:03,800 [7995ae7b-77ec-4e72-809d-814459f62ee0-ChunkReader-0] WARN  keyvalue.KeyValueHandler (ContainerUtils.java:logAndReturnError(94)) - Operation: GetCommittedBlockLength , Trace ID:  , Message: Unable to find the block. BlockID : conID: 18 locID: 115816896921600451 bcsId: 0 replicaIndex: null , Result: NO_SUCH_BLOCK , StorageContainerException Occurred.
org.apache.hadoop.hdds.scm.container.common.helpers.StorageContainerException: Unable to find the block. BlockID : conID: 18 locID: 115816896921600451 bcsId: 0 replicaIndex: null
	at org.apache.hadoop.ozone.container.metadata.DatanodeStoreWithIncrementalChunkList.getCompleteBlockData(DatanodeStoreWithIncrementalChunkList.java:67)
	at org.apache.hadoop.ozone.container.metadata.DatanodeStore.getBlockByID(DatanodeStore.java:90)
	at org.apache.hadoop.ozone.container.keyvalue.impl.BlockManagerImpl.getBlockByID(BlockManagerImpl.java:462)
	at org.apache.hadoop.ozone.container.keyvalue.impl.BlockManagerImpl.getCommittedBlockLength(BlockManagerImpl.java:367)
	at org.apache.hadoop.ozone.container.keyvalue.KeyValueHandler.handleGetCommittedBlockLength(KeyValueHandler.java:860)
	at org.apache.hadoop.ozone.container.keyvalue.KeyValueHandler.dispatchRequest(KeyValueHandler.java:355)
	at org.apache.hadoop.ozone.container.keyvalue.KeyValueHandler.handle(KeyValueHandler.java:293)
	at org.apache.hadoop.ozone.container.common.impl.HddsDispatcher.dispatchRequest(HddsDispatcher.java:365)
	at org.apache.hadoop.ozone.container.common.impl.HddsDispatcher.lambda$dispatch$1(HddsDispatcher.java:190)
	at org.apache.hadoop.hdds.server.OzoneProtocolMessageDispatcher.processRequest(OzoneProtocolMessageDispatcher.java:89)
	at org.apache.hadoop.ozone.container.common.impl.HddsDispatcher.dispatch(HddsDispatcher.java:189)
	at org.apache.hadoop.ozone.container.common.transport.server.GrpcXceiverService$1.onNext(GrpcXceiverService.java:107)
	at org.apache.hadoop.ozone.container.common.transport.server.GrpcXceiverService$1.onNext(GrpcXceiverService.java:96)
	at org.apache.ratis.thirdparty.io.grpc.stub.ServerCalls$StreamingServerCallHandler$StreamingServerCallListener.onMessage(ServerCalls.java:262)
	at org.apache.ratis.thirdparty.io.grpc.ForwardingServerCallListener.onMessage(ForwardingServerCallListener.java:33)
	at org.apache.hadoop.hdds.tracing.GrpcServerInterceptor$1.onMessage(GrpcServerInterceptor.java:49)
	at org.apache.ratis.thirdparty.io.grpc.internal.ServerCallImpl$ServerStreamListenerImpl.messagesAvailableInternal(ServerCallImpl.java:334)
	at org.apache.ratis.thirdparty.io.grpc.internal.ServerCallImpl$ServerStreamListenerImpl.messagesAvailable(ServerCallImpl.java:319)
	at org.apache.ratis.thirdparty.io.grpc.internal.ServerImpl$JumpToApplicationThreadServerStreamListener$1MessagesAvailable.runInContext(ServerImpl.java:834)
	at org.apache.ratis.thirdparty.io.grpc.internal.ContextRunnable.run(ContextRunnable.java:37)
	at org.apache.ratis.thirdparty.io.grpc.internal.SerializingExecutor.run(SerializingExecutor.java:133)
	at java.base/java.util.concurrent.ThreadPoolExecutor.runWorker(ThreadPoolExecutor.java:1144)
	at java.base/java.util.concurrent.ThreadPoolExecutor$Worker.run(ThreadPoolExecutor.java:642)
	at java.base/java.lang.Thread.run(Thread.java:1583)
2025-10-17 11:03:03,800 | ERROR | DNAudit | user=null | ip=null | op=GET_COMMITTED_BLOCK_LENGTH {"blockData":"conID: 18 locID: 115816896921600451 bcsId: 0 replicaIndex: null"} | ret=FAILURE | 
java.lang.Exception: Unable to find the block. BlockID : conID: 18 locID: 115816896921600451 bcsId: 0 replicaIndex: null
	at org.apache.hadoop.ozone.container.common.impl.HddsDispatcher.dispatchRequest(HddsDispatcher.java:440)
	at org.apache.hadoop.ozone.container.common.impl.HddsDispatcher.lambda$dispatch$1(HddsDispatcher.java:190)
 
2025-10-17 11:03:03,805 [ForkJoinPool-1-worker-1] WARN  scm.XceiverClientGrpc (XceiverClientGrpc.java:sendCommandWithRetry(500)) - Failed to execute command GetCommittedBlockLength on the pipeline Pipeline{ Id: b63fa2d0-4395-4fbe-be60-4db46f57cdbb, Nodes: [ {28c08cd4-c049-4c66-8210-e254cf68b291(localhost/127.0.0.1), ReplicaIndex: 0}, {7995ae7b-77ec-4e72-809d-814459f62ee0(localhost/127.0.0.1), ReplicaIndex: 0}, {3a11eef6-a527-493c-8ba3-ae39ecaefa56(localhost/127.0.0.1), ReplicaIndex: 0},], ReplicationConfig: STANDALONE/THREE, State:OPEN, leaderId:, CreationTimestamp2025-10-17T11:03:03.776723099Z[Etc/UTC]}.
2025-10-17 11:03:03,805 [ForkJoinPool-1-worker-1] WARN  ozone.LeaseRecoveryClientDNHandler (LeaseRecoveryClientDNHandler.java:getOmKeyLocationInfos(114)) - Failed to finalize block. Continue to recover the file since OZONE.CLIENT.RECOVER.LEASE.FORCE is enabled.
org.apache.hadoop.hdds.scm.container.common.helpers.StorageContainerException: Unable to find the block. BlockID : conID: 18 locID: 115816896921600451 bcsId: 0 replicaIndex: null
	at org.apache.hadoop.hdds.scm.storage.ContainerProtocolCalls.validateContainerResponse(ContainerProtocolCalls.java:822)
	at org.apache.hadoop.hdds.scm.storage.ContainerProtocolCalls.lambda$createValidators$4(ContainerProtocolCalls.java:831)
	at org.apache.hadoop.hdds.scm.XceiverClientGrpc.sendCommandWithRetry(XceiverClientGrpc.java:457)
	at org.apache.hadoop.hdds.scm.XceiverClientGrpc.lambda$sendCommandWithTraceIDAndRetry$1(XceiverClientGrpc.java:383)
	at org.apache.hadoop.hdds.tracing.TracingUtil.executeInSpan(TracingUtil.java:205)
	at org.apache.hadoop.hdds.tracing.TracingUtil.executeInNewSpan(TracingUtil.java:195)
	at org.apache.hadoop.hdds.scm.XceiverClientGrpc.sendCommandWithTraceIDAndRetry(XceiverClientGrpc.java:375)
	at org.apache.hadoop.hdds.scm.XceiverClientGrpc.sendCommand(XceiverClientGrpc.java:356)
	at org.apache.hadoop.hdds.scm.storage.ContainerProtocolCalls.getCommittedBlockLength(ContainerProtocolCalls.java:272)
	at org.apache.hadoop.fs.ozone.BasicRootedOzoneClientAdapterImpl.finalizeBlock(BasicRootedOzoneClientAdapterImpl.java:1509)
	at org.apache.hadoop.fs.ozone.LeaseRecoveryClientDNHandler.getOmKeyLocationInfos(LeaseRecoveryClientDNHandler.java:81)
	at org.apache.hadoop.fs.ozone.RootedOzoneFileSystem.recoverLeaseTraced(RootedOzoneFileSystem.java:165)
	at org.apache.hadoop.fs.ozone.RootedOzoneFileSystem.lambda$recoverLease$0(RootedOzoneFileSystem.java:143)
	at org.apache.hadoop.hdds.tracing.TracingUtil.executeInSpan(TracingUtil.java:205)
	at org.apache.hadoop.hdds.tracing.TracingUtil.executeInNewSpan(TracingUtil.java:195)
	at org.apache.hadoop.fs.ozone.RootedOzoneFileSystem.recoverLease(RootedOzoneFileSystem.java:142)
	at org.apache.hadoop.ozone.client.rpc.TestSecureOzoneRpcClient.testPreallocateFileRecovery(TestSecureOzoneRpcClient.java:305)
	at java.base/jdk.internal.reflect.DirectMethodHandleAccessor.invoke(DirectMethodHandleAccessor.java:103)
	at java.base/java.lang.reflect.Method.invoke(Method.java:580)
	at org.junit.platform.commons.util.ReflectionUtils.invokeMethod(ReflectionUtils.java:786)
	at org.junit.platform.commons.support.ReflectionSupport.invokeMethod(ReflectionSupport.java:514)
	at org.junit.jupiter.engine.execution.MethodInvocation.proceed(MethodInvocation.java:60)
	at org.junit.jupiter.engine.execution.InvocationInterceptorChain$ValidatingInvocation.proceed(InvocationInterceptorChain.java:131)
	at org.junit.jupiter.engine.extension.SameThreadTimeoutInvocation.proceed(SameThreadTimeoutInvocation.java:49)
	at org.junit.jupiter.engine.extension.TimeoutExtension.intercept(TimeoutExtension.java:161)
	at org.junit.jupiter.engine.extension.TimeoutExtension.interceptTestableMethod(TimeoutExtension.java:152)
	at org.junit.jupiter.engine.extension.TimeoutExtension.interceptTestTemplateMethod(TimeoutExtension.java:99)
	at org.junit.jupiter.engine.execution.InterceptingExecutableInvoker$ReflectiveInterceptorCall.lambda$ofVoidMethod$0(InterceptingExecutableInvoker.java:112)
	at org.junit.jupiter.engine.execution.InterceptingExecutableInvoker.lambda$invoke$0(InterceptingExecutableInvoker.java:94)
	at org.junit.jupiter.engine.execution.InvocationInterceptorChain$InterceptedInvocation.proceed(InvocationInterceptorChain.java:106)
	at org.junit.jupiter.engine.execution.InvocationInterceptorChain.proceed(InvocationInterceptorChain.java:64)
	at org.junit.jupiter.engine.execution.InvocationInterceptorChain.chainAndInvoke(InvocationInterceptorChain.java:45)
	at org.junit.jupiter.engine.execution.InvocationInterceptorChain.invoke(InvocationInterceptorChain.java:37)
	at org.junit.jupiter.engine.execution.InterceptingExecutableInvoker.invoke(InterceptingExecutableInvoker.java:93)
	at org.junit.jupiter.engine.execution.InterceptingExecutableInvoker.invoke(InterceptingExecutableInvoker.java:87)
	at org.junit.jupiter.engine.descriptor.TestMethodTestDescriptor.lambda$invokeTestMethod$4(TestMethodTestDescriptor.java:221)
	at org.junit.platform.engine.support.hierarchical.ThrowableCollector.execute(ThrowableCollector.java:73)
	at org.junit.jupiter.engine.descriptor.TestMethodTestDescriptor.invokeTestMethod(TestMethodTestDescriptor.java:217)
	at org.junit.jupiter.engine.descriptor.TestMethodTestDescriptor.execute(TestMethodTestDescriptor.java:159)
	at org.junit.jupiter.engine.descriptor.TestMethodTestDescriptor.execute(TestMethodTestDescriptor.java:70)
	at org.junit.platform.engine.support.hierarchical.NodeTestTask.lambda$executeRecursively$6(NodeTestTask.java:157)
	at org.junit.platform.engine.support.hierarchical.ThrowableCollector.execute(ThrowableCollector.java:73)
	at org.junit.platform.engine.support.hierarchical.NodeTestTask.lambda$executeRecursively$8(NodeTestTask.java:147)
	at org.junit.platform.engine.support.hierarchical.Node.around(Node.java:137)
	at org.junit.platform.engine.support.hierarchical.NodeTestTask.lambda$executeRecursively$9(NodeTestTask.java:145)
	at org.junit.platform.engine.support.hierarchical.ThrowableCollector.execute(ThrowableCollector.java:73)
	at org.junit.platform.engine.support.hierarchical.NodeTestTask.executeRecursively(NodeTestTask.java:144)
	at org.junit.platform.engine.support.hierarchical.NodeTestTask.execute(NodeTestTask.java:101)
	at org.junit.platform.engine.support.hierarchical.ForkJoinPoolHierarchicalTestExecutorService$ExclusiveTask.exec(ForkJoinPoolHierarchicalTestExecutorService.java:274)
	at org.junit.platform.engine.support.hierarchical.ForkJoinPoolHierarchicalTestExecutorService$ExclusiveTask.execSync(ForkJoinPoolHierarchicalTestExecutorService.java:247)
	at org.junit.platform.engine.support.hierarchical.ForkJoinPoolHierarchicalTestExecutorService.submit(ForkJoinPoolHierarchicalTestExecutorService.java:148)
	at org.junit.platform.engine.support.hierarchical.NodeTestTask$DefaultDynamicTestExecutor.execute(NodeTestTask.java:232)
	at org.junit.platform.engine.support.hierarchical.NodeTestTask$DefaultDynamicTestExecutor.execute(NodeTestTask.java:210)
	at org.junit.jupiter.engine.descriptor.TemplateExecutor.execute(TemplateExecutor.java:98)
	at org.junit.jupiter.engine.descriptor.TemplateExecutor.lambda$executeForProvider$0(TemplateExecutor.java:61)
	at java.base/java.util.Optional.ifPresent(Optional.java:178)
	at org.junit.jupiter.engine.descriptor.TemplateExecutor.lambda$executeForProvider$1(TemplateExecutor.java:61)
	at java.base/java.util.stream.ForEachOps$ForEachOp$OfRef.accept(ForEachOps.java:184)
	at java.base/java.util.stream.ReferencePipeline$3$1.accept(ReferencePipeline.java:197)
	at java.base/java.util.stream.ForEachOps$ForEachOp$OfRef.accept(ForEachOps.java:184)
	at java.base/java.util.stream.ForEachOps$ForEachOp$OfRef.accept(ForEachOps.java:184)
	at java.base/java.util.stream.ReferencePipeline$3$1.accept(ReferencePipeline.java:197)
	at java.base/java.util.Spliterators$ArraySpliterator.forEachRemaining(Spliterators.java:1024)
	at java.base/java.util.stream.AbstractPipeline.copyInto(AbstractPipeline.java:509)
	at java.base/java.util.stream.AbstractPipeline.wrapAndCopyInto(AbstractPipeline.java:499)
	at java.base/java.util.stream.ForEachOps$ForEachOp.evaluateSequential(ForEachOps.java:151)
	at java.base/java.util.stream.ForEachOps$ForEachOp$OfRef.evaluateSequential(ForEachOps.java:174)
	at java.base/java.util.stream.AbstractPipeline.evaluate(AbstractPipeline.java:234)
	at java.base/java.util.stream.ReferencePipeline.forEach(ReferencePipeline.java:596)
	at java.base/java.util.stream.ReferencePipeline$7$1.accept(ReferencePipeline.java:276)
	at java.base/java.util.ArrayList$ArrayListSpliterator.forEachRemaining(ArrayList.java:1708)
	at java.base/java.util.stream.AbstractPipeline.copyInto(AbstractPipeline.java:509)
	at java.base/java.util.stream.AbstractPipeline.wrapAndCopyInto(AbstractPipeline.java:499)
	at java.base/java.util.stream.ForEachOps$ForEachOp.evaluateSequential(ForEachOps.java:151)
	at java.base/java.util.stream.ForEachOps$ForEachOp$OfRef.evaluateSequential(ForEachOps.java:174)
	at java.base/java.util.stream.AbstractPipeline.evaluate(AbstractPipeline.java:234)
	at java.base/java.util.stream.ReferencePipeline.forEach(ReferencePipeline.java:596)
	at java.base/java.util.stream.ReferencePipeline$7$1.accept(ReferencePipeline.java:276)
	at java.base/java.util.stream.ReferencePipeline$3$1.accept(ReferencePipeline.java:197)
	at java.base/java.util.stream.ReferencePipeline$3$1.accept(ReferencePipeline.java:197)
	at java.base/java.util.stream.ReferencePipeline$3$1.accept(ReferencePipeline.java:197)
	at java.base/java.util.ArrayList$ArrayListSpliterator.forEachRemaining(ArrayList.java:1708)
	at java.base/java.util.stream.AbstractPipeline.copyInto(AbstractPipeline.java:509)
	at java.base/java.util.stream.AbstractPipeline.wrapAndCopyInto(AbstractPipeline.java:499)
	at java.base/java.util.stream.ForEachOps$ForEachOp.evaluateSequential(ForEachOps.java:151)
	at java.base/java.util.stream.ForEachOps$ForEachOp$OfRef.evaluateSequential(ForEachOps.java:174)
	at java.base/java.util.stream.AbstractPipeline.evaluate(AbstractPipeline.java:234)
	at java.base/java.util.stream.ReferencePipeline.forEach(ReferencePipeline.java:596)
	at org.junit.jupiter.engine.descriptor.TemplateExecutor.executeForProvider(TemplateExecutor.java:59)
	at org.junit.jupiter.engine.descriptor.TemplateExecutor.execute(TemplateExecutor.java:48)
	at org.junit.jupiter.engine.descriptor.TestTemplateTestDescriptor.execute(TestTemplateTestDescriptor.java:112)
	at org.junit.jupiter.engine.descriptor.TestTemplateTestDescriptor.execute(TestTemplateTestDescriptor.java:40)
	at org.junit.platform.engine.support.hierarchical.NodeTestTask.lambda$executeRecursively$6(NodeTestTask.java:157)
	at org.junit.platform.engine.support.hierarchical.ThrowableCollector.execute(ThrowableCollector.java:73)
	at org.junit.platform.engine.support.hierarchical.NodeTestTask.lambda$executeRecursively$8(NodeTestTask.java:147)
	at org.junit.platform.engine.support.hierarchical.Node.around(Node.java:137)
	at org.junit.platform.engine.support.hierarchical.NodeTestTask.lambda$executeRecursively$9(NodeTestTask.java:145)
	at org.junit.platform.engine.support.hierarchical.ThrowableCollector.execute(ThrowableCollector.java:73)
	at org.junit.platform.engine.support.hierarchical.NodeTestTask.executeRecursively(NodeTestTask.java:144)
	at org.junit.platform.engine.support.hierarchical.NodeTestTask.execute(NodeTestTask.java:101)
	at org.junit.platform.engine.support.hierarchical.ForkJoinPoolHierarchicalTestExecutorService$ExclusiveTask.exec(ForkJoinPoolHierarchicalTestExecutorService.java:274)
	at org.junit.platform.engine.support.hierarchical.ForkJoinPoolHierarchicalTestExecutorService$ExclusiveTask.execSync(ForkJoinPoolHierarchicalTestExecutorService.java:247)
	at org.junit.platform.engine.support.hierarchical.ForkJoinPoolHierarchicalTestExecutorService.executeSync(ForkJoinPoolHierarchicalTestExecutorService.java:194)
	at org.junit.platform.engine.support.hierarchical.ForkJoinPoolHierarchicalTestExecutorService.invokeAll(ForkJoinPoolHierarchicalTestExecutorService.java:166)
	at org.junit.platform.engine.support.hierarchical.NodeTestTask.lambda$executeRecursively$6(NodeTestTask.java:161)
	at org.junit.platform.engine.support.hierarchical.ThrowableCollector.execute(ThrowableCollector.java:73)
	at org.junit.platform.engine.support.hierarchical.NodeTestTask.lambda$executeRecursively$8(NodeTestTask.java:147)
	at org.junit.platform.engine.support.hierarchical.Node.around(Node.java:137)
	at org.junit.platform.engine.support.hierarchical.NodeTestTask.lambda$executeRecursively$9(NodeTestTask.java:145)
	at org.junit.platform.engine.support.hierarchical.ThrowableCollector.execute(ThrowableCollector.java:73)
	at org.junit.platform.engine.support.hierarchical.NodeTestTask.executeRecursively(NodeTestTask.java:144)
	at org.junit.platform.engine.support.hierarchical.NodeTestTask.execute(NodeTestTask.java:101)
	at org.junit.platform.engine.support.hierarchical.ForkJoinPoolHierarchicalTestExecutorService$ExclusiveTask.exec(ForkJoinPoolHierarchicalTestExecutorService.java:274)
	at org.junit.platform.engine.support.hierarchical.ForkJoinPoolHierarchicalTestExecutorService$ExclusiveTask.execSync(ForkJoinPoolHierarchicalTestExecutorService.java:247)
	at org.junit.platform.engine.support.hierarchical.ForkJoinPoolHierarchicalTestExecutorService.invokeAll(ForkJoinPoolHierarchicalTestExecutorService.java:159)
	at org.junit.platform.engine.support.hierarchical.NodeTestTask.lambda$executeRecursively$6(NodeTestTask.java:161)
	at org.junit.platform.engine.support.hierarchical.ThrowableCollector.execute(ThrowableCollector.java:73)
	at org.junit.platform.engine.support.hierarchical.NodeTestTask.lambda$executeRecursively$8(NodeTestTask.java:147)
	at org.junit.platform.engine.support.hierarchical.Node.around(Node.java:137)
	at org.junit.platform.engine.support.hierarchical.NodeTestTask.lambda$executeRecursively$9(NodeTestTask.java:145)
	at org.junit.platform.engine.support.hierarchical.ThrowableCollector.execute(ThrowableCollector.java:73)
	at org.junit.platform.engine.support.hierarchical.NodeTestTask.executeRecursively(NodeTestTask.java:144)
	at org.junit.platform.engine.support.hierarchical.NodeTestTask.execute(NodeTestTask.java:101)
	at org.junit.platform.engine.support.hierarchical.ForkJoinPoolHierarchicalTestExecutorService$ExclusiveTask.exec(ForkJoinPoolHierarchicalTestExecutorService.java:274)
	at java.base/java.util.concurrent.ForkJoinTask.doExec(ForkJoinTask.java:387)
	at java.base/java.util.concurrent.ForkJoinPool$WorkQueue.topLevelExec(ForkJoinPool.java:1312)
	at java.base/java.util.concurrent.ForkJoinPool.scan(ForkJoinPool.java:1843)
	at java.base/java.util.concurrent.ForkJoinPool.runWorker(ForkJoinPool.java:1808)
	at java.base/java.util.concurrent.ForkJoinWorkerThread.run(ForkJoinWorkerThread.java:188)
2025-10-17 11:03:03,809 | INFO  | OMAudit | user=runner | ip=127.0.0.1 | op=COMMIT_KEY {"volume":"1ca6e700-2744-4adc-b6ec-5a13dc894a87","bucket":"0fb04c3a-12b2-4797-a49b-130fe4d73f0d","key":"82f0a6ef-6faa-4c6a-9f44-cc4b44765b01","dataSize":"16777217","replicationType":"RATIS","replicationFactor":"THREE","Transaction":"1674"} | ret=SUCCESS |  
2025-10-17 11:03:03,810 | INFO  | OMAudit | user=runner | ip=127.0.0.1 | op=READ_BUCKET {"volume":"1ca6e700-2744-4adc-b6ec-5a13dc894a87","bucket":"0fb04c3a-12b2-4797-a49b-130fe4d73f0d"} | ret=SUCCESS |  
2025-10-17 11:03:03,812 | INFO  | SCMAudit | user=runner | ip=127.0.0.1 | op=GET_CONTAINER_WITH_PIPELINE_BATCH {"containerIDs":"#18,#20,#22,"} | ret=SUCCESS |  
2025-10-17 11:03:03,813 | INFO  | OMAudit | user=runner | ip=127.0.0.1 | op=GET_FILE_STATUS {"volume":"1ca6e700-2744-4adc-b6ec-5a13dc894a87","bucket":"0fb04c3a-12b2-4797-a49b-130fe4d73f0d","key":"82f0a6ef-6faa-4c6a-9f44-cc4b44765b01","owner":null,"dataSize":"0","replicationConfig":null} | ret=SUCCESS |  
2025-10-17 11:03:03,815 | INFO  | OMAudit | user=runner | ip=127.0.0.1 | op=READ_BUCKET {"volume":"1ca6e700-2744-4adc-b6ec-5a13dc894a87","bucket":"0fb04c3a-12b2-4797-a49b-130fe4d73f0d"} | ret=SUCCESS |  
2025-10-17 11:03:03,816 | INFO  | OMAudit | user=runner | ip=127.0.0.1 | op=READ_BUCKET {"volume":"1ca6e700-2744-4adc-b6ec-5a13dc894a87","bucket":"0fb04c3a-12b2-4797-a49b-130fe4d73f0d"} | ret=SUCCESS |  
2025-10-17 11:03:03,818 | ERROR | DNAudit | user=null | ip=null | op=PUT_BLOCK {"blockData":"[blockId=conID: 18 locID: 115816896921600446 bcsId: 0 replicaIndex: null, size=1]"} | ret=FAILURE | 
org.apache.hadoop.hdds.scm.container.common.helpers.ContainerNotOpenException: Container 18 in UNHEALTHY state
	at org.apache.hadoop.ozone.container.common.impl.HddsDispatcher.validateContainerCommand(HddsDispatcher.java:581)
	at org.apache.hadoop.ozone.container.common.transport.server.ratis.ContainerStateMachine.startTransaction(ContainerStateMachine.java:488)
 
2025-10-17 11:03:03,821 [grpc-default-executor-5] ERROR impl.OrderedAsync (OrderedAsync.java:lambda$send$4(181)) - Failed to send request, message=cmdType: PutBlock traceID: "" containerID: 18 datanodeUuid: "28c08cd4-c049-4c66-8210-e254cf68b291" putBlock { blockData { blockID { containerID: 18 localID: 115816896921600446 blockCommitSequenceId: 0 } metadata { key: "TYPE" value: "KEY" } chunks { chunkName: "115816896921600446_chunk_1" offset: 0 len: 1 } } eof: true } encodedToken: "VAoGcnVubmVyEiNjb25JRDogMTggbG9jSUQ6IDExNTgxNjg5NjkyMTYwMDQ0NhixgfO3nzMoASgCMICAgAI6FQifgbWbiNf4t3AQ982K__Ou7ZeGASBFDF4BEFuiQvfKXVakIGLV3xDBzKW5kkO26iNYfXvruRBIRERTX0JMT0NLX1RPS0VOKWNvbklEOiAxOCBsb2NJRDogMTE1ODE2ODk2OTIxNjAwNDQ2AAAAAAAA" version: 3, data.size=0
java.util.concurrent.CompletionException: org.apache.ratis.protocol.exceptions.StateMachineException: org.apache.hadoop.hdds.scm.container.common.helpers.ContainerNotOpenException from Server 3a11eef6-a527-493c-8ba3-ae39ecaefa56@group-0DBC4BFEAA43: Container 18 in UNHEALTHY state
	at org.apache.ratis.client.impl.RaftClientImpl.handleRaftException(RaftClientImpl.java:373)
	at org.apache.ratis.client.impl.OrderedAsync.lambda$send$3(OrderedAsync.java:175)
	at java.base/java.util.concurrent.CompletableFuture$UniApply.tryFire(CompletableFuture.java:646)
	at java.base/java.util.concurrent.CompletableFuture.postComplete(CompletableFuture.java:510)
	at java.base/java.util.concurrent.CompletableFuture.complete(CompletableFuture.java:2179)
	at org.apache.ratis.client.impl.OrderedAsync$PendingOrderedRequest.setReply(OrderedAsync.java:105)
	at org.apache.ratis.client.impl.OrderedAsync$PendingOrderedRequest.setReply(OrderedAsync.java:66)
	at org.apache.ratis.util.SlidingWindow$RequestMap.setReply(SlidingWindow.java:147)
	at org.apache.ratis.util.SlidingWindow$Client.receiveReply(SlidingWindow.java:351)
	at org.apache.ratis.client.impl.OrderedAsync.lambda$sendRequestWithRetry$5(OrderedAsync.java:210)
	at java.base/java.util.concurrent.CompletableFuture$UniAccept.tryFire(CompletableFuture.java:718)
	at java.base/java.util.concurrent.CompletableFuture.postComplete(CompletableFuture.java:510)
	at java.base/java.util.concurrent.CompletableFuture.complete(CompletableFuture.java:2179)
	at org.apache.ratis.grpc.client.GrpcClientProtocolClient$AsyncStreamObservers$1.lambda$onNext$0(GrpcClientProtocolClient.java:325)
	at java.base/java.util.Optional.ifPresent(Optional.java:178)
	at org.apache.ratis.grpc.client.GrpcClientProtocolClient$AsyncStreamObservers.handleReplyFuture(GrpcClientProtocolClient.java:381)
	at org.apache.ratis.grpc.client.GrpcClientProtocolClient$AsyncStreamObservers.access$100(GrpcClientProtocolClient.java:303)
	at org.apache.ratis.grpc.client.GrpcClientProtocolClient$AsyncStreamObservers$1.onNext(GrpcClientProtocolClient.java:325)
	at org.apache.ratis.grpc.client.GrpcClientProtocolClient$AsyncStreamObservers$1.onNext(GrpcClientProtocolClient.java:308)
	at org.apache.ratis.thirdparty.io.grpc.stub.ClientCalls$StreamObserverToCallListenerAdapter.onMessage(ClientCalls.java:551)
	at org.apache.ratis.thirdparty.io.grpc.ForwardingClientCallListener.onMessage(ForwardingClientCallListener.java:33)
	at org.apache.ratis.thirdparty.io.grpc.internal.ClientCallImpl$ClientStreamListenerImpl$1MessagesAvailable.runInternal(ClientCallImpl.java:661)
	at org.apache.ratis.thirdparty.io.grpc.internal.ClientCallImpl$ClientStreamListenerImpl$1MessagesAvailable.runInContext(ClientCallImpl.java:648)
	at org.apache.ratis.thirdparty.io.grpc.internal.ContextRunnable.run(ContextRunnable.java:37)
	at org.apache.ratis.thirdparty.io.grpc.internal.SerializingExecutor.run(SerializingExecutor.java:133)
	at java.base/java.util.concurrent.ThreadPoolExecutor.runWorker(ThreadPoolExecutor.java:1144)
	at java.base/java.util.concurrent.ThreadPoolExecutor$Worker.run(ThreadPoolExecutor.java:642)
	at java.base/java.lang.Thread.run(Thread.java:1583)
Caused by: org.apache.ratis.protocol.exceptions.StateMachineException: org.apache.hadoop.hdds.scm.container.common.helpers.ContainerNotOpenException from Server 3a11eef6-a527-493c-8ba3-ae39ecaefa56@group-0DBC4BFEAA43: Container 18 in UNHEALTHY state
	at org.apache.hadoop.ozone.container.common.impl.HddsDispatcher.validateContainerCommand(HddsDispatcher.java:581)
	at org.apache.hadoop.ozone.container.common.transport.server.ratis.ContainerStateMachine.startTransaction(ContainerStateMachine.java:488)
	at org.apache.ratis.server.impl.RaftServerImpl.writeAsyncImpl(RaftServerImpl.java:987)
	at org.apache.ratis.server.impl.RaftServerImpl.writeAsync(RaftServerImpl.java:960)
	at org.apache.ratis.server.impl.RaftServerImpl.replyFuture(RaftServerImpl.java:953)
	at org.apache.ratis.server.impl.RaftServerImpl.submitClientRequestAsync(RaftServerImpl.java:930)
	at org.apache.ratis.server.impl.RaftServerImpl.lambda$null$11(RaftServerImpl.java:919)
	at org.apache.ratis.util.JavaUtils.callAsUnchecked(JavaUtils.java:118)
	at org.apache.ratis.server.impl.RaftServerImpl.lambda$executeSubmitClientRequestAsync$12(RaftServerImpl.java:919)
	at java.base/java.util.concurrent.CompletableFuture$AsyncSupply.run(CompletableFuture.java:1768)
	... 3 more
Caused by: org.apache.hadoop.hdds.scm.container.common.helpers.ContainerNotOpenException: Container 18 in UNHEALTHY state
	at java.base/jdk.internal.reflect.DirectConstructorHandleAccessor.newInstance(DirectConstructorHandleAccessor.java:62)
	at java.base/java.lang.reflect.Constructor.newInstanceWithCaller(Constructor.java:502)
	at java.base/java.lang.reflect.Constructor.newInstance(Constructor.java:486)
	at org.apache.ratis.util.ReflectionUtils.instantiateException(ReflectionUtils.java:265)
	at org.apache.ratis.client.impl.ClientProtoUtils.toStateMachineException(ClientProtoUtils.java:455)
	at org.apache.ratis.client.impl.ClientProtoUtils.toStateMachineException(ClientProtoUtils.java:441)
	at org.apache.ratis.client.impl.ClientProtoUtils.toRaftClientReply(ClientProtoUtils.java:408)
	at org.apache.ratis.grpc.client.GrpcClientProtocolClient$AsyncStreamObservers$1.onNext(GrpcClientProtocolClient.java:313)
	at org.apache.ratis.grpc.client.GrpcClientProtocolClient$AsyncStreamObservers$1.onNext(GrpcClientProtocolClient.java:308)
	at org.apache.ratis.thirdparty.io.grpc.stub.ClientCalls$StreamObserverToCallListenerAdapter.onMessage(ClientCalls.java:551)
	at org.apache.ratis.thirdparty.io.grpc.ForwardingClientCallListener.onMessage(ForwardingClientCallListener.java:33)
	at org.apache.ratis.thirdparty.io.grpc.internal.ClientCallImpl$ClientStreamListenerImpl$1MessagesAvailable.runInternal(ClientCallImpl.java:661)
	at org.apache.ratis.thirdparty.io.grpc.internal.ClientCallImpl$ClientStreamListenerImpl$1MessagesAvailable.runInContext(ClientCallImpl.java:648)
	at org.apache.ratis.thirdparty.io.grpc.internal.ContextRunnable.run(ContextRunnable.java:37)
	at org.apache.ratis.thirdparty.io.grpc.internal.SerializingExecutor.run(SerializingExecutor.java:133)
	... 3 more
2025-10-17 11:03:03,822 [ForkJoinPool-1-worker-1] INFO  io.BlockOutputStreamEntry (BlockOutputStreamEntry.java:finishRetryHandling(141)) - BlockOutputStreamEntry:82f0a6ef-6faa-4c6a-9f44-cc4b44765b01 conID: 18 locID: 115816896921600446 bcsId: 143 replicaIndex: null: Exiting retry handling mode
2025-10-17 11:03:03,826 [om1-OMStateMachineApplyTransactionThread - 0] ERROR key.OMKeyCommitRequest (OMKeyCommitRequest.java:processResult(486)) - Key committed failed. Volume:1ca6e700-2744-4adc-b6ec-5a13dc894a87, Bucket:0fb04c3a-12b2-4797-a49b-130fe4d73f0d, Key:82f0a6ef-6faa-4c6a-9f44-cc4b44765b01. Exception:{}
KEY_NOT_FOUND org.apache.hadoop.ozone.om.exceptions.OMException: Failed to commit key, as /-9223372036854348544/-9223372036854348288/-9223372036854348288/82f0a6ef-6faa-4c6a-9f44-cc4b44765b01/115389168589275540 entry is not found in the OpenKey table
	at org.apache.hadoop.ozone.om.request.key.OMKeyCommitRequestWithFSO.validateAndUpdateCache(OMKeyCommitRequestWithFSO.java:181)
	at org.apache.hadoop.ozone.protocolPB.OzoneManagerRequestHandler.lambda$0(OzoneManagerRequestHandler.java:418)
	at org.apache.hadoop.ozone.util.MetricUtil.captureLatencyNs(MetricUtil.java:45)
	at org.apache.hadoop.ozone.protocolPB.OzoneManagerRequestHandler.handleWriteRequestImpl(OzoneManagerRequestHandler.java:416)
	at org.apache.hadoop.ozone.protocolPB.RequestHandler.handleWriteRequest(RequestHandler.java:62)
	at org.apache.hadoop.ozone.om.ratis.OzoneManagerStateMachine.runCommand(OzoneManagerStateMachine.java:599)
	at org.apache.hadoop.ozone.om.ratis.OzoneManagerStateMachine.lambda$3(OzoneManagerStateMachine.java:415)
	at java.base/java.util.concurrent.CompletableFuture$AsyncSupply.run(CompletableFuture.java:1768)
	at java.base/java.util.concurrent.ThreadPoolExecutor.runWorker(ThreadPoolExecutor.java:1144)
	at java.base/java.util.concurrent.ThreadPoolExecutor$Worker.run(ThreadPoolExecutor.java:642)
	at java.base/java.lang.Thread.run(Thread.java:1583)
2025-10-17 11:03:03,827 | ERROR | OMAudit | user=runner | ip=127.0.0.1 | op=COMMIT_KEY {"volume":"1ca6e700-2744-4adc-b6ec-5a13dc894a87","bucket":"0fb04c3a-12b2-4797-a49b-130fe4d73f0d","key":"82f0a6ef-6faa-4c6a-9f44-cc4b44765b01","dataSize":"16777217","replicationType":"RATIS","replicationFactor":"THREE","Transaction":"1675"} | ret=FAILURE | 
org.apache.hadoop.ozone.om.exceptions.OMException: Failed to commit key, as /-9223372036854348544/-9223372036854348288/-9223372036854348288/82f0a6ef-6faa-4c6a-9f44-cc4b44765b01/115389168589275540 entry is not found in the OpenKey table
	at org.apache.hadoop.ozone.om.request.key.OMKeyCommitRequestWithFSO.validateAndUpdateCache(OMKeyCommitRequestWithFSO.java:181)
	at org.apache.hadoop.ozone.protocolPB.OzoneManagerRequestHandler.lambda$0(OzoneManagerRequestHandler.java:418)
 
]]></system-out>
  </testcase>
  <testcase name="testPreallocateFileRecovery(long)[3]" classname="org.apache.hadoop.ozone.client.rpc.TestSecureOzoneRpcClient" time="0.269">
    <system-out><![CDATA[2025-10-17 11:03:03,878 [ForkJoinPool-1-worker-1] INFO  rpc.RpcClient (RpcClient.java:createVolume(461)) - Creating Volume: 7d1239fd-7c63-44be-bb9d-7abcba1f6f16, with runner as owner and space quota set to -1 bytes, counts quota set to -1
2025-10-17 11:03:03,880 [om1-OMStateMachineApplyTransactionThread - 0] INFO  volume.OMVolumeCreateRequest (OMVolumeCreateRequest.java:validateAndUpdateCache(213)) - created volume:7d1239fd-7c63-44be-bb9d-7abcba1f6f16 for user:runner
2025-10-17 11:03:03,880 | INFO  | OMAudit | user=runner | ip=127.0.0.1 | op=CREATE_VOLUME {"admin":"runner","owner":"runner","volume":"7d1239fd-7c63-44be-bb9d-7abcba1f6f16","creationTime":"1760698983879","modificationTime":"1760698983879","quotaInBytes":"-1","quotaInNamespace":"-1","usedNamespace":"0","objectID":"-9223372036854346752","updateID":"1676","Transaction":"1676"} | ret=SUCCESS |  
2025-10-17 11:03:03,881 | INFO  | OMAudit | user=runner | ip=127.0.0.1 | op=READ_VOLUME {"volume":"7d1239fd-7c63-44be-bb9d-7abcba1f6f16"} | ret=SUCCESS |  
2025-10-17 11:03:03,882 [ForkJoinPool-1-worker-1] INFO  rpc.RpcClient (RpcClient.java:createBucket(686)) - Creating Bucket: 7d1239fd-7c63-44be-bb9d-7abcba1f6f16/29ee2250-9fe2-4eef-93f1-f28a1301d4d4, with bucket layout FILE_SYSTEM_OPTIMIZED, runner as owner, Versioning false, Storage Type set to DISK and Encryption set to false, Replication Type set to server-side default replication type, Namespace Quota set to 100, Space Quota set to 1073741824 
2025-10-17 11:03:03,883 [om1-OMStateMachineApplyTransactionThread - 0] INFO  bucket.OMBucketCreateRequest (OMBucketCreateRequest.java:validateAndUpdateCache(303)) - created bucket: 29ee2250-9fe2-4eef-93f1-f28a1301d4d4 of layout FILE_SYSTEM_OPTIMIZED in volume: 7d1239fd-7c63-44be-bb9d-7abcba1f6f16
2025-10-17 11:03:03,883 | INFO  | OMAudit | user=runner | ip=127.0.0.1 | op=CREATE_BUCKET {"volume":"7d1239fd-7c63-44be-bb9d-7abcba1f6f16","bucket":"29ee2250-9fe2-4eef-93f1-f28a1301d4d4","bucketLayout":"FILE_SYSTEM_OPTIMIZED","gdprEnabled":null,"acls":"[user:runner:a[ACCESS], group:runner:rl[ACCESS]]","isVersionEnabled":"false","storageType":"DISK","creationTime":"1760698983882","bucketEncryptionKey":null,"modificationTime":"1760698983882","usedBytes":"0","usedNamespace":"0","snapshotUsedBytes":"0","snapshotUsedNamespace":"0","owner":"runner","replicationType":null,"replicationConfig":null,"quotaInBytes":"1073741824","quotaInNamespace":"100","Transaction":"1677"} | ret=SUCCESS |  
2025-10-17 11:03:03,884 | INFO  | OMAudit | user=runner | ip=127.0.0.1 | op=READ_BUCKET {"volume":"7d1239fd-7c63-44be-bb9d-7abcba1f6f16","bucket":"29ee2250-9fe2-4eef-93f1-f28a1301d4d4"} | ret=SUCCESS |  
2025-10-17 11:03:03,886 | INFO  | OMAudit | user=runner | ip=127.0.0.1 | op=GET_SERVICE_LIST {} | ret=SUCCESS |  
2025-10-17 11:03:03,888 | INFO  | OMAudit | user=runner | ip=127.0.0.1 | op=READ_BUCKET {"volume":"7d1239fd-7c63-44be-bb9d-7abcba1f6f16","bucket":"29ee2250-9fe2-4eef-93f1-f28a1301d4d4"} | ret=SUCCESS |  
2025-10-17 11:03:03,889 | INFO  | SCMAudit | user=runner | ip=127.0.0.1 | op=ALLOCATE_BLOCK {"replication":"RATIS/THREE","owner":"omServiceIdDefault","size":"4194304","sampleBlocks":"[conID: 22 locID: 115816896921600452, conID: 19 locID: 115816896921600453, conID: 15 locID: 115816896921600454, conID: 15 locID: 115816896921600455, conID: 21 locID: 115816896921600456, conID: 22 locID: 115816896921600457, conID: 21 locID: 115816896921600458, conID: 16 locID: 115816896921600459, conID: 16 locID: 115816896921600460, conID: 16 locID: 115816896921600461]","num":"10","client":"","allocated":"10"} | ret=SUCCESS |  
2025-10-17 11:03:03,890 | INFO  | SCMAudit | user=runner | ip=127.0.0.1 | op=SEND_HEARTBEAT {"datanodeUUID":"a5293c95-44e9-4ea9-88ca-89089eac4b59","term":"2","command":"[]"} | ret=SUCCESS |  
2025-10-17 11:03:03,891 | INFO  | OMAudit | user=runner | ip=127.0.0.1 | op=ALLOCATE_KEY {"volume":"7d1239fd-7c63-44be-bb9d-7abcba1f6f16","bucket":"29ee2250-9fe2-4eef-93f1-f28a1301d4d4","key":"f0019589-5be9-4135-aff1-76cada8f1e67","dataSize":"41943040","replicationType":"RATIS","replicationFactor":"THREE","Transaction":"1678"} | ret=SUCCESS |  
2025-10-17 11:03:03,893 | INFO  | OMAudit | user=runner | ip=127.0.0.1 | op=READ_BUCKET {"volume":"7d1239fd-7c63-44be-bb9d-7abcba1f6f16","bucket":"29ee2250-9fe2-4eef-93f1-f28a1301d4d4"} | ret=SUCCESS |  
2025-10-17 11:03:04,033 | INFO  | OMAudit | user=runner | ip=127.0.0.1 | op=READ_BUCKET {"volume":"7d1239fd-7c63-44be-bb9d-7abcba1f6f16","bucket":"29ee2250-9fe2-4eef-93f1-f28a1301d4d4"} | ret=SUCCESS |  
2025-10-17 11:03:04,034 | INFO  | SCMAudit | user=runner | ip=127.0.0.1 | op=SEND_HEARTBEAT {"datanodeUUID":"309ab1ff-9f5a-4058-8b2f-94d451ce5267","term":"2","command":"[]"} | ret=SUCCESS |  
2025-10-17 11:03:04,036 | INFO  | SCMAudit | user=runner | ip=127.0.0.1 | op=GET_CONTAINER_WITH_PIPELINE {"containerID":"#15"} | ret=SUCCESS |  
2025-10-17 11:03:04,037 | INFO  | SCMAudit | user=runner | ip=127.0.0.1 | op=GET_CONTAINER_WITH_PIPELINE {"containerID":"#16"} | ret=SUCCESS |  
2025-10-17 11:03:04,038 | INFO  | SCMAudit | user=runner | ip=127.0.0.1 | op=GET_CONTAINER_WITH_PIPELINE {"containerID":"#16"} | ret=SUCCESS |  
2025-10-17 11:03:04,038 | INFO  | OMAudit | user=runner | ip=127.0.0.1 | op=RECOVER_LEASE {"volume":"7d1239fd-7c63-44be-bb9d-7abcba1f6f16","bucket":"29ee2250-9fe2-4eef-93f1-f28a1301d4d4","key":"f0019589-5be9-4135-aff1-76cada8f1e67","Transaction":"1680"} | ret=SUCCESS |  
2025-10-17 11:03:04,046 [b292b6be-9482-4c30-a3e0-c9f721931b72-ContainerOp-72e95c79-0fe3-4346-a9e3-bd423c7185ab-4] INFO  keyvalue.KeyValueHandler (KeyValueHandler.java:handleFinalizeBlock(714)) - Finalized Block request received conID: 16 locID: 115816896921600461 bcsId: 0 replicaIndex: null 
2025-10-17 11:03:04,046 [b292b6be-9482-4c30-a3e0-c9f721931b72-ContainerOp-72e95c79-0fe3-4346-a9e3-bd423c7185ab-4] WARN  keyvalue.KeyValueHandler (ContainerUtils.java:logAndReturnError(94)) - Operation: FinalizeBlock , Trace ID:  , Message: Unable to find the block. BlockID : conID: 16 locID: 115816896921600461 bcsId: 0 replicaIndex: null , Result: NO_SUCH_BLOCK , StorageContainerException Occurred.
org.apache.hadoop.hdds.scm.container.common.helpers.StorageContainerException: Unable to find the block. BlockID : conID: 16 locID: 115816896921600461 bcsId: 0 replicaIndex: null
	at org.apache.hadoop.ozone.container.metadata.DatanodeStoreWithIncrementalChunkList.getCompleteBlockData(DatanodeStoreWithIncrementalChunkList.java:67)
	at org.apache.hadoop.ozone.container.metadata.DatanodeStore.getBlockByID(DatanodeStore.java:90)
	at org.apache.hadoop.ozone.container.keyvalue.impl.BlockManagerImpl.getBlockByID(BlockManagerImpl.java:462)
	at org.apache.hadoop.ozone.container.keyvalue.impl.BlockManagerImpl.getBlock(BlockManagerImpl.java:347)
	at org.apache.hadoop.ozone.container.keyvalue.KeyValueHandler.handleFinalizeBlock(KeyValueHandler.java:716)
	at org.apache.hadoop.ozone.container.keyvalue.KeyValueHandler.dispatchRequest(KeyValueHandler.java:357)
	at org.apache.hadoop.ozone.container.keyvalue.KeyValueHandler.handle(KeyValueHandler.java:293)
	at org.apache.hadoop.ozone.container.common.impl.HddsDispatcher.dispatchRequest(HddsDispatcher.java:365)
	at org.apache.hadoop.ozone.container.common.impl.HddsDispatcher.lambda$dispatch$1(HddsDispatcher.java:190)
	at org.apache.hadoop.hdds.server.OzoneProtocolMessageDispatcher.processRequest(OzoneProtocolMessageDispatcher.java:89)
	at org.apache.hadoop.ozone.container.common.impl.HddsDispatcher.dispatch(HddsDispatcher.java:189)
	at org.apache.hadoop.ozone.container.common.transport.server.ratis.ContainerStateMachine.dispatchCommand(ContainerStateMachine.java:567)
	at org.apache.hadoop.ozone.container.common.transport.server.ratis.ContainerStateMachine.lambda$applyTransaction$8(ContainerStateMachine.java:1061)
	at org.apache.ratis.util.TaskQueue.lambda$submit$0(TaskQueue.java:121)
	at org.apache.ratis.util.LogUtils.runAndLog(LogUtils.java:38)
	at org.apache.ratis.util.LogUtils$1.run(LogUtils.java:78)
	at java.base/java.util.concurrent.Executors$RunnableAdapter.call(Executors.java:572)
	at java.base/java.util.concurrent.FutureTask.run(FutureTask.java:317)
	at java.base/java.util.concurrent.ThreadPoolExecutor.runWorker(ThreadPoolExecutor.java:1144)
	at java.base/java.util.concurrent.ThreadPoolExecutor$Worker.run(ThreadPoolExecutor.java:642)
	at java.base/java.lang.Thread.run(Thread.java:1583)
2025-10-17 11:03:04,047 [99c47355-c013-4450-a734-aff6d3c99677-ContainerOp-72e95c79-0fe3-4346-a9e3-bd423c7185ab-2] INFO  keyvalue.KeyValueHandler (KeyValueHandler.java:handleFinalizeBlock(714)) - Finalized Block request received conID: 16 locID: 115816896921600461 bcsId: 0 replicaIndex: null 
2025-10-17 11:03:04,048 [99c47355-c013-4450-a734-aff6d3c99677-ContainerOp-72e95c79-0fe3-4346-a9e3-bd423c7185ab-2] WARN  keyvalue.KeyValueHandler (ContainerUtils.java:logAndReturnError(94)) - Operation: FinalizeBlock , Trace ID:  , Message: Unable to find the block. BlockID : conID: 16 locID: 115816896921600461 bcsId: 0 replicaIndex: null , Result: NO_SUCH_BLOCK , StorageContainerException Occurred.
org.apache.hadoop.hdds.scm.container.common.helpers.StorageContainerException: Unable to find the block. BlockID : conID: 16 locID: 115816896921600461 bcsId: 0 replicaIndex: null
	at org.apache.hadoop.ozone.container.metadata.DatanodeStoreWithIncrementalChunkList.getCompleteBlockData(DatanodeStoreWithIncrementalChunkList.java:67)
	at org.apache.hadoop.ozone.container.metadata.DatanodeStore.getBlockByID(DatanodeStore.java:90)
	at org.apache.hadoop.ozone.container.keyvalue.impl.BlockManagerImpl.getBlockByID(BlockManagerImpl.java:462)
	at org.apache.hadoop.ozone.container.keyvalue.impl.BlockManagerImpl.getBlock(BlockManagerImpl.java:347)
	at org.apache.hadoop.ozone.container.keyvalue.KeyValueHandler.handleFinalizeBlock(KeyValueHandler.java:716)
	at org.apache.hadoop.ozone.container.keyvalue.KeyValueHandler.dispatchRequest(KeyValueHandler.java:357)
	at org.apache.hadoop.ozone.container.keyvalue.KeyValueHandler.handle(KeyValueHandler.java:293)
	at org.apache.hadoop.ozone.container.common.impl.HddsDispatcher.dispatchRequest(HddsDispatcher.java:365)
	at org.apache.hadoop.ozone.container.common.impl.HddsDispatcher.lambda$dispatch$1(HddsDispatcher.java:190)
	at org.apache.hadoop.hdds.server.OzoneProtocolMessageDispatcher.processRequest(OzoneProtocolMessageDispatcher.java:89)
	at org.apache.hadoop.ozone.container.common.impl.HddsDispatcher.dispatch(HddsDispatcher.java:189)
	at org.apache.hadoop.ozone.container.common.transport.server.ratis.ContainerStateMachine.dispatchCommand(ContainerStateMachine.java:567)
	at org.apache.hadoop.ozone.container.common.transport.server.ratis.ContainerStateMachine.lambda$applyTransaction$8(ContainerStateMachine.java:1061)
	at org.apache.ratis.util.TaskQueue.lambda$submit$0(TaskQueue.java:121)
	at org.apache.ratis.util.LogUtils.runAndLog(LogUtils.java:38)
	at org.apache.ratis.util.LogUtils$1.run(LogUtils.java:78)
	at java.base/java.util.concurrent.Executors$RunnableAdapter.call(Executors.java:572)
	at java.base/java.util.concurrent.FutureTask.run(FutureTask.java:317)
	at java.base/java.util.concurrent.ThreadPoolExecutor.runWorker(ThreadPoolExecutor.java:1144)
	at java.base/java.util.concurrent.ThreadPoolExecutor$Worker.run(ThreadPoolExecutor.java:642)
	at java.base/java.lang.Thread.run(Thread.java:1583)
2025-10-17 11:03:04,048 [309ab1ff-9f5a-4058-8b2f-94d451ce5267-ContainerOp-72e95c79-0fe3-4346-a9e3-bd423c7185ab-4] INFO  keyvalue.KeyValueHandler (KeyValueHandler.java:handleFinalizeBlock(714)) - Finalized Block request received conID: 16 locID: 115816896921600461 bcsId: 0 replicaIndex: null 
2025-10-17 11:03:04,048 [309ab1ff-9f5a-4058-8b2f-94d451ce5267-ContainerOp-72e95c79-0fe3-4346-a9e3-bd423c7185ab-4] WARN  keyvalue.KeyValueHandler (ContainerUtils.java:logAndReturnError(94)) - Operation: FinalizeBlock , Trace ID:  , Message: Unable to find the block. BlockID : conID: 16 locID: 115816896921600461 bcsId: 0 replicaIndex: null , Result: NO_SUCH_BLOCK , StorageContainerException Occurred.
org.apache.hadoop.hdds.scm.container.common.helpers.StorageContainerException: Unable to find the block. BlockID : conID: 16 locID: 115816896921600461 bcsId: 0 replicaIndex: null
	at org.apache.hadoop.ozone.container.metadata.DatanodeStoreWithIncrementalChunkList.getCompleteBlockData(DatanodeStoreWithIncrementalChunkList.java:67)
	at org.apache.hadoop.ozone.container.metadata.DatanodeStore.getBlockByID(DatanodeStore.java:90)
	at org.apache.hadoop.ozone.container.keyvalue.impl.BlockManagerImpl.getBlockByID(BlockManagerImpl.java:462)
	at org.apache.hadoop.ozone.container.keyvalue.impl.BlockManagerImpl.getBlock(BlockManagerImpl.java:347)
	at org.apache.hadoop.ozone.container.keyvalue.KeyValueHandler.handleFinalizeBlock(KeyValueHandler.java:716)
	at org.apache.hadoop.ozone.container.keyvalue.KeyValueHandler.dispatchRequest(KeyValueHandler.java:357)
	at org.apache.hadoop.ozone.container.keyvalue.KeyValueHandler.handle(KeyValueHandler.java:293)
	at org.apache.hadoop.ozone.container.common.impl.HddsDispatcher.dispatchRequest(HddsDispatcher.java:365)
	at org.apache.hadoop.ozone.container.common.impl.HddsDispatcher.lambda$dispatch$1(HddsDispatcher.java:190)
	at org.apache.hadoop.hdds.server.OzoneProtocolMessageDispatcher.processRequest(OzoneProtocolMessageDispatcher.java:89)
	at org.apache.hadoop.ozone.container.common.impl.HddsDispatcher.dispatch(HddsDispatcher.java:189)
	at org.apache.hadoop.ozone.container.common.transport.server.ratis.ContainerStateMachine.dispatchCommand(ContainerStateMachine.java:567)
	at org.apache.hadoop.ozone.container.common.transport.server.ratis.ContainerStateMachine.lambda$applyTransaction$8(ContainerStateMachine.java:1061)
	at org.apache.ratis.util.TaskQueue.lambda$submit$0(TaskQueue.java:121)
	at org.apache.ratis.util.LogUtils.runAndLog(LogUtils.java:38)
	at org.apache.ratis.util.LogUtils$1.run(LogUtils.java:78)
	at java.base/java.util.concurrent.Executors$RunnableAdapter.call(Executors.java:572)
	at java.base/java.util.concurrent.FutureTask.run(FutureTask.java:317)
	at java.base/java.util.concurrent.ThreadPoolExecutor.runWorker(ThreadPoolExecutor.java:1144)
	at java.base/java.util.concurrent.ThreadPoolExecutor$Worker.run(ThreadPoolExecutor.java:642)
	at java.base/java.lang.Thread.run(Thread.java:1583)
2025-10-17 11:03:04,051 [99c47355-c013-4450-a734-aff6d3c99677-ContainerOp-72e95c79-0fe3-4346-a9e3-bd423c7185ab-2] WARN  keyvalue.KeyValueContainer (KeyValueContainer.java:markContainerUnhealthy(397)) - Marked container UNHEALTHY from OPEN: KeyValueContainerData #16 (UNHEALTHY, non-empty, ri=0, origin=[dn_99c47355-c013-4450-a734-aff6d3c99677, pipeline_72e95c79-0fe3-4346-a9e3-bd423c7185ab])
2025-10-17 11:03:04,051 [309ab1ff-9f5a-4058-8b2f-94d451ce5267-ContainerOp-72e95c79-0fe3-4346-a9e3-bd423c7185ab-4] WARN  keyvalue.KeyValueContainer (KeyValueContainer.java:markContainerUnhealthy(397)) - Marked container UNHEALTHY from OPEN: KeyValueContainerData #16 (UNHEALTHY, non-empty, ri=0, origin=[dn_309ab1ff-9f5a-4058-8b2f-94d451ce5267, pipeline_72e95c79-0fe3-4346-a9e3-bd423c7185ab])
2025-10-17 11:03:04,051 [b292b6be-9482-4c30-a3e0-c9f721931b72-ContainerOp-72e95c79-0fe3-4346-a9e3-bd423c7185ab-4] WARN  keyvalue.KeyValueContainer (KeyValueContainer.java:markContainerUnhealthy(397)) - Marked container UNHEALTHY from OPEN: KeyValueContainerData #16 (UNHEALTHY, non-empty, ri=0, origin=[dn_b292b6be-9482-4c30-a3e0-c9f721931b72, pipeline_72e95c79-0fe3-4346-a9e3-bd423c7185ab])
2025-10-17 11:03:04,054 | ERROR | ContainerLog | ID=16 | Index=0 | BCSID=199 | State=UNHEALTHY | Volume=/home/runner/work/ozone/ozone/hadoop-ozone/integration-test/target/test-dir/MiniOzoneClusterImpl-d1ffa5d3-3301-45c3-9f44-1ffa6967d237/ozone-metadata/datanode-2/data-0/hdds | DataChecksum=3a77bfe7 | Container has 1 error: WRITE_FAILURE for file /home/runner/work/ozone/ozone/hadoop-ozone/integration-test/target/test-dir/MiniOzoneClusterImpl-d1ffa5d3-3301-45c3-9f44-1ffa6967d237/ozone-metadata/datanode-2/data-0/hdds/d1ffa5d3-3301-45c3-9f44-1ffa6967d237/current/containerDir0/16 with exception: org.apache.hadoop.hdds.scm.container.common.helpers.StorageContainerException |  
2025-10-17 11:03:04,055 [99c47355-c013-4450-a734-aff6d3c99677-ContainerOp-72e95c79-0fe3-4346-a9e3-bd423c7185ab-2] INFO  impl.HddsDispatcher (HddsDispatcher.java:dispatchRequest(412)) - Marked Container UNHEALTHY, ContainerID: 16
2025-10-17 11:03:04,056 | ERROR | DNAudit | user=null | ip=null | op=FINALIZE_BLOCK {"blockData":"conID: 16 locID: 115816896921600461 bcsId: 0 replicaIndex: null"} | ret=FAILURE | 
java.lang.Exception: Unable to find the block. BlockID : conID: 16 locID: 115816896921600461 bcsId: 0 replicaIndex: null
	at org.apache.hadoop.ozone.container.common.impl.HddsDispatcher.dispatchRequest(HddsDispatcher.java:440)
	at org.apache.hadoop.ozone.container.common.impl.HddsDispatcher.lambda$dispatch$1(HddsDispatcher.java:190)
 
2025-10-17 11:03:04,056 [99c47355-c013-4450-a734-aff6d3c99677-ContainerOp-72e95c79-0fe3-4346-a9e3-bd423c7185ab-2] ERROR ratis.ContainerStateMachine (ContainerStateMachine.java:lambda$applyTransaction$11(1163)) - gid group-BD423C7185AB : ApplyTransaction failed. cmd FinalizeBlock logIndex 202 msg : Unable to find the block. BlockID : conID: 16 locID: 115816896921600461 bcsId: 0 replicaIndex: null Container Result: NO_SUCH_BLOCK
2025-10-17 11:03:04,056 | ERROR | ContainerLog | ID=16 | Index=0 | BCSID=199 | State=UNHEALTHY | Volume=/home/runner/work/ozone/ozone/hadoop-ozone/integration-test/target/test-dir/MiniOzoneClusterImpl-d1ffa5d3-3301-45c3-9f44-1ffa6967d237/ozone-metadata/datanode-3/data-0/hdds | DataChecksum=3a77bfe7 | Container has 1 error: WRITE_FAILURE for file /home/runner/work/ozone/ozone/hadoop-ozone/integration-test/target/test-dir/MiniOzoneClusterImpl-d1ffa5d3-3301-45c3-9f44-1ffa6967d237/ozone-metadata/datanode-3/data-0/hdds/d1ffa5d3-3301-45c3-9f44-1ffa6967d237/current/containerDir0/16 with exception: org.apache.hadoop.hdds.scm.container.common.helpers.StorageContainerException |  
2025-10-17 11:03:04,056 [99c47355-c013-4450-a734-aff6d3c99677-ContainerOp-72e95c79-0fe3-4346-a9e3-bd423c7185ab-2] ERROR impl.StateMachineUpdater (StateMachineUpdater.java:lambda$applyLog$3(259)) - Exception while 99c47355-c013-4450-a734-aff6d3c99677@group-BD423C7185AB-StateMachineUpdater: applying txn index=202, nextLog=(t:1, i:202), STATEMACHINELOGENTRY, WRITE: logData.size=104, stateMachineData.size=0, logEntryProtoSerializedSize=0
java.util.concurrent.CompletionException: org.apache.hadoop.hdds.scm.container.common.helpers.StorageContainerException: Unable to find the block. BlockID : conID: 16 locID: 115816896921600461 bcsId: 0 replicaIndex: null
	at java.base/java.util.concurrent.CompletableFuture.encodeThrowable(CompletableFuture.java:332)
	at java.base/java.util.concurrent.CompletableFuture.completeThrowable(CompletableFuture.java:347)
	at java.base/java.util.concurrent.CompletableFuture.uniWhenComplete(CompletableFuture.java:874)
	at java.base/java.util.concurrent.CompletableFuture$UniWhenComplete.tryFire(CompletableFuture.java:841)
	at java.base/java.util.concurrent.CompletableFuture.postComplete(CompletableFuture.java:510)
	at java.base/java.util.concurrent.CompletableFuture.completeExceptionally(CompletableFuture.java:2194)
	at org.apache.hadoop.ozone.container.common.transport.server.ratis.ContainerStateMachine.lambda$applyTransaction$11(ContainerStateMachine.java:1172)
	at java.base/java.util.concurrent.CompletableFuture$UniApply.tryFire(CompletableFuture.java:646)
	at java.base/java.util.concurrent.CompletableFuture.postComplete(CompletableFuture.java:510)
	at java.base/java.util.concurrent.CompletableFuture.complete(CompletableFuture.java:2179)
	at org.apache.ratis.util.TaskQueue.lambda$submit$0(TaskQueue.java:133)
	at org.apache.ratis.util.LogUtils.runAndLog(LogUtils.java:38)
	at org.apache.ratis.util.LogUtils$1.run(LogUtils.java:78)
	at java.base/java.util.concurrent.Executors$RunnableAdapter.call(Executors.java:572)
	at java.base/java.util.concurrent.FutureTask.run(FutureTask.java:317)
	at java.base/java.util.concurrent.ThreadPoolExecutor.runWorker(ThreadPoolExecutor.java:1144)
	at java.base/java.util.concurrent.ThreadPoolExecutor$Worker.run(ThreadPoolExecutor.java:642)
	at java.base/java.lang.Thread.run(Thread.java:1583)
Caused by: org.apache.hadoop.hdds.scm.container.common.helpers.StorageContainerException: Unable to find the block. BlockID : conID: 16 locID: 115816896921600461 bcsId: 0 replicaIndex: null
	at org.apache.hadoop.ozone.container.common.transport.server.ratis.ContainerStateMachine.lambda$applyTransaction$11(ContainerStateMachine.java:1162)
	... 11 more
2025-10-17 11:03:04,057 [b292b6be-9482-4c30-a3e0-c9f721931b72-ContainerOp-72e95c79-0fe3-4346-a9e3-bd423c7185ab-4] INFO  impl.HddsDispatcher (HddsDispatcher.java:dispatchRequest(412)) - Marked Container UNHEALTHY, ContainerID: 16
2025-10-17 11:03:04,057 | ERROR | DNAudit | user=null | ip=null | op=FINALIZE_BLOCK {"blockData":"conID: 16 locID: 115816896921600461 bcsId: 0 replicaIndex: null"} | ret=FAILURE | 
java.lang.Exception: Unable to find the block. BlockID : conID: 16 locID: 115816896921600461 bcsId: 0 replicaIndex: null
	at org.apache.hadoop.ozone.container.common.impl.HddsDispatcher.dispatchRequest(HddsDispatcher.java:440)
	at org.apache.hadoop.ozone.container.common.impl.HddsDispatcher.lambda$dispatch$1(HddsDispatcher.java:190)
 
2025-10-17 11:03:04,057 [b292b6be-9482-4c30-a3e0-c9f721931b72-ContainerOp-72e95c79-0fe3-4346-a9e3-bd423c7185ab-4] ERROR ratis.ContainerStateMachine (ContainerStateMachine.java:lambda$applyTransaction$11(1163)) - gid group-BD423C7185AB : ApplyTransaction failed. cmd FinalizeBlock logIndex 202 msg : Unable to find the block. BlockID : conID: 16 locID: 115816896921600461 bcsId: 0 replicaIndex: null Container Result: NO_SUCH_BLOCK
2025-10-17 11:03:04,057 [b292b6be-9482-4c30-a3e0-c9f721931b72-ContainerOp-72e95c79-0fe3-4346-a9e3-bd423c7185ab-4] ERROR impl.StateMachineUpdater (StateMachineUpdater.java:lambda$applyLog$3(259)) - Exception while b292b6be-9482-4c30-a3e0-c9f721931b72@group-BD423C7185AB-StateMachineUpdater: applying txn index=202, nextLog=(t:1, i:202), STATEMACHINELOGENTRY, WRITE: logData.size=104, stateMachineData.size=0, logEntryProtoSerializedSize=0
java.util.concurrent.CompletionException: org.apache.hadoop.hdds.scm.container.common.helpers.StorageContainerException: Unable to find the block. BlockID : conID: 16 locID: 115816896921600461 bcsId: 0 replicaIndex: null
	at java.base/java.util.concurrent.CompletableFuture.encodeThrowable(CompletableFuture.java:332)
	at java.base/java.util.concurrent.CompletableFuture.completeThrowable(CompletableFuture.java:347)
	at java.base/java.util.concurrent.CompletableFuture.uniWhenComplete(CompletableFuture.java:874)
	at java.base/java.util.concurrent.CompletableFuture$UniWhenComplete.tryFire(CompletableFuture.java:841)
	at java.base/java.util.concurrent.CompletableFuture.postComplete(CompletableFuture.java:510)
	at java.base/java.util.concurrent.CompletableFuture.completeExceptionally(CompletableFuture.java:2194)
	at org.apache.hadoop.ozone.container.common.transport.server.ratis.ContainerStateMachine.lambda$applyTransaction$11(ContainerStateMachine.java:1172)
	at java.base/java.util.concurrent.CompletableFuture$UniApply.tryFire(CompletableFuture.java:646)
	at java.base/java.util.concurrent.CompletableFuture.postComplete(CompletableFuture.java:510)
	at java.base/java.util.concurrent.CompletableFuture.complete(CompletableFuture.java:2179)
	at org.apache.ratis.util.TaskQueue.lambda$submit$0(TaskQueue.java:133)
	at org.apache.ratis.util.LogUtils.runAndLog(LogUtils.java:38)
	at org.apache.ratis.util.LogUtils$1.run(LogUtils.java:78)
	at java.base/java.util.concurrent.Executors$RunnableAdapter.call(Executors.java:572)
	at java.base/java.util.concurrent.FutureTask.run(FutureTask.java:317)
	at java.base/java.util.concurrent.ThreadPoolExecutor.runWorker(ThreadPoolExecutor.java:1144)
	at java.base/java.util.concurrent.ThreadPoolExecutor$Worker.run(ThreadPoolExecutor.java:642)
	at java.base/java.lang.Thread.run(Thread.java:1583)
Caused by: org.apache.hadoop.hdds.scm.container.common.helpers.StorageContainerException: Unable to find the block. BlockID : conID: 16 locID: 115816896921600461 bcsId: 0 replicaIndex: null
	at org.apache.hadoop.ozone.container.common.transport.server.ratis.ContainerStateMachine.lambda$applyTransaction$11(ContainerStateMachine.java:1162)
	... 11 more
2025-10-17 11:03:04,057 [b292b6be-9482-4c30-a3e0-c9f721931b72-ContainerOp-72e95c79-0fe3-4346-a9e3-bd423c7185ab-4] WARN  ratis.XceiverServerRatis (XceiverServerRatis.java:triggerPipelineClose(767)) - pipeline Action CLOSE on pipeline Pipeline-72e95c79-0fe3-4346-a9e3-bd423c7185ab.Reason : Ratis Transaction failure in datanode b292b6be-9482-4c30-a3e0-c9f721931b72 with role LEADER .Triggering pipeline close action.
2025-10-17 11:03:04,057 | INFO  | SCMAudit | user=runner | ip=127.0.0.1 | op=SEND_HEARTBEAT {"datanodeUUID":"99c47355-c013-4450-a734-aff6d3c99677","term":"2","command":"[]"} | ret=SUCCESS |  
2025-10-17 11:03:04,058 | ERROR | ContainerLog | ID=16 | Index=0 | BCSID=199 | State=UNHEALTHY | Volume=/home/runner/work/ozone/ozone/hadoop-ozone/integration-test/target/test-dir/MiniOzoneClusterImpl-d1ffa5d3-3301-45c3-9f44-1ffa6967d237/ozone-metadata/datanode-1/data-0/hdds | DataChecksum=3a77bfe7 | Container has 1 error: WRITE_FAILURE for file /home/runner/work/ozone/ozone/hadoop-ozone/integration-test/target/test-dir/MiniOzoneClusterImpl-d1ffa5d3-3301-45c3-9f44-1ffa6967d237/ozone-metadata/datanode-1/data-0/hdds/d1ffa5d3-3301-45c3-9f44-1ffa6967d237/current/containerDir0/16 with exception: org.apache.hadoop.hdds.scm.container.common.helpers.StorageContainerException |  
2025-10-17 11:03:04,058 [FixedThreadPoolWithAffinityExecutor-0-0] INFO  container.IncrementalContainerReportHandler (AbstractContainerReportHandler.java:updateContainerState(253)) - FINALIZE (i.e. CLOSING) Container #16 (OPEN, sid=0) r0 (UNHEALTHY, bcsid=199, origin=99c47355-c013-4450-a734-aff6d3c99677, non-empty) from dn 99c47355-c013-4450-a734-aff6d3c99677(localhost/127.0.0.1)
2025-10-17 11:03:04,057 [99c47355-c013-4450-a734-aff6d3c99677-ContainerOp-72e95c79-0fe3-4346-a9e3-bd423c7185ab-2] WARN  ratis.XceiverServerRatis (XceiverServerRatis.java:triggerPipelineClose(767)) - pipeline Action CLOSE on pipeline Pipeline-72e95c79-0fe3-4346-a9e3-bd423c7185ab.Reason : Ratis Transaction failure in datanode 99c47355-c013-4450-a734-aff6d3c99677 with role FOLLOWER .Triggering pipeline close action.
2025-10-17 11:03:04,059 | INFO  | SCMAudit | user=runner | ip=127.0.0.1 | op=SEND_HEARTBEAT {"datanodeUUID":"b292b6be-9482-4c30-a3e0-c9f721931b72","term":"2","command":"[]"} | ret=SUCCESS |  
2025-10-17 11:03:04,059 [EventQueue-PipelineActionsForPipelineActionHandler] INFO  pipeline.PipelineActionHandler (PipelineActionHandler.java:processPipelineAction(89)) - Received pipeline action CLOSE for Pipeline-72e95c79-0fe3-4346-a9e3-bd423c7185ab from datanode b292b6be-9482-4c30-a3e0-c9f721931b72(localhost/127.0.0.1). Reason : Ratis Transaction failure in datanode b292b6be-9482-4c30-a3e0-c9f721931b72 with role LEADER .Triggering pipeline close action.
2025-10-17 11:03:04,059 | INFO  | SCMAudit | user=runner | ip=127.0.0.1 | op=SEND_HEARTBEAT {"datanodeUUID":"99c47355-c013-4450-a734-aff6d3c99677","term":"2","command":"[]"} | ret=SUCCESS |  
2025-10-17 11:03:04,059 [EventQueue-PipelineActionsForPipelineActionHandler] INFO  pipeline.PipelineManagerImpl (PipelineManagerImpl.java:closeContainersForPipeline(489)) - Container #16 closed for pipeline=Pipeline-72e95c79-0fe3-4346-a9e3-bd423c7185ab
2025-10-17 11:03:04,060 [EventQueue-CloseContainerForCloseContainerEventHandler] INFO  container.CloseContainerEventHandler (CloseContainerEventHandler.java:onMessage(88)) - Close container Event triggered for container : #16, current state: CLOSING
2025-10-17 11:03:04,060 [EventQueue-CloseContainerForCloseContainerEventHandler] INFO  container.CloseContainerEventHandler (CloseContainerEventHandler.java:onMessage(88)) - Close container Event triggered for container : #16, current state: CLOSING
2025-10-17 11:03:04,060 [EventQueue-CloseContainerForCloseContainerEventHandler] INFO  container.CloseContainerEventHandler (CloseContainerEventHandler.java:onMessage(88)) - Close container Event triggered for container : #16, current state: CLOSING
2025-10-17 11:03:04,060 [EventQueue-PipelineActionsForPipelineActionHandler] INFO  pipeline.PipelineManagerImpl (PipelineManagerImpl.java:closePipeline(511)) - Pipeline Pipeline-72e95c79-0fe3-4346-a9e3-bd423c7185ab moved to CLOSED state
2025-10-17 11:03:04,061 [EventQueue-PipelineActionsForPipelineActionHandler] INFO  pipeline.PipelineActionHandler (PipelineActionHandler.java:processPipelineAction(89)) - Received pipeline action CLOSE for Pipeline-72e95c79-0fe3-4346-a9e3-bd423c7185ab from datanode 99c47355-c013-4450-a734-aff6d3c99677(localhost/127.0.0.1). Reason : Ratis Transaction failure in datanode 99c47355-c013-4450-a734-aff6d3c99677 with role FOLLOWER .Triggering pipeline close action.
2025-10-17 11:03:04,061 | INFO  | SCMAudit | user=runner | ip=127.0.0.1 | op=SEND_HEARTBEAT {"datanodeUUID":"309ab1ff-9f5a-4058-8b2f-94d451ce5267","term":"2","command":"[]"} | ret=SUCCESS |  
2025-10-17 11:03:04,062 | INFO  | SCMAudit | user=runner | ip=127.0.0.1 | op=SEND_HEARTBEAT {"datanodeUUID":"b292b6be-9482-4c30-a3e0-c9f721931b72","term":"2","command":"[]"} | ret=SUCCESS |  
2025-10-17 11:03:04,062 [EventQueue-PipelineActionsForPipelineActionHandler] INFO  pipeline.PipelineActionHandler (PipelineActionHandler.java:processPipelineAction(89)) - Received pipeline action CLOSE for Pipeline-72e95c79-0fe3-4346-a9e3-bd423c7185ab from datanode b292b6be-9482-4c30-a3e0-c9f721931b72(localhost/127.0.0.1). Reason : Ratis Transaction failure in datanode b292b6be-9482-4c30-a3e0-c9f721931b72 with role LEADER .Triggering pipeline close action.
2025-10-17 11:03:04,062 | INFO  | SCMAudit | user=runner | ip=127.0.0.1 | op=SEND_HEARTBEAT {"datanodeUUID":"99c47355-c013-4450-a734-aff6d3c99677","term":"2","command":"[]"} | ret=SUCCESS |  
2025-10-17 11:03:04,062 [309ab1ff-9f5a-4058-8b2f-94d451ce5267-ContainerOp-72e95c79-0fe3-4346-a9e3-bd423c7185ab-4] INFO  impl.HddsDispatcher (HddsDispatcher.java:dispatchRequest(412)) - Marked Container UNHEALTHY, ContainerID: 16
2025-10-17 11:03:04,063 | ERROR | DNAudit | user=null | ip=null | op=FINALIZE_BLOCK {"blockData":"conID: 16 locID: 115816896921600461 bcsId: 0 replicaIndex: null"} | ret=FAILURE | 
java.lang.Exception: Unable to find the block. BlockID : conID: 16 locID: 115816896921600461 bcsId: 0 replicaIndex: null
	at org.apache.hadoop.ozone.container.common.impl.HddsDispatcher.dispatchRequest(HddsDispatcher.java:440)
	at org.apache.hadoop.ozone.container.common.impl.HddsDispatcher.lambda$dispatch$1(HddsDispatcher.java:190)
 
2025-10-17 11:03:04,063 | INFO  | SCMAudit | user=runner | ip=127.0.0.1 | op=SEND_HEARTBEAT {"datanodeUUID":"309ab1ff-9f5a-4058-8b2f-94d451ce5267","term":"2","command":"[]"} | ret=SUCCESS |  
2025-10-17 11:03:04,062 [grpc-default-executor-3] ERROR impl.OrderedAsync (OrderedAsync.java:lambda$send$4(181)) - Failed to send request, message=cmdType: FinalizeBlock traceID: "" containerID: 16 datanodeUuid: "99c47355-c013-4450-a734-aff6d3c99677" encodedToken: "VAoGcnVubmVyEiNjb25JRDogMTYgbG9jSUQ6IDExNTgxNjg5NjkyMTYwMDQ2MRjlhPO3nzMoASgCMICAgAI6FQifgbWbiNf4t3AQ982K__Ou7ZeGASBVfsAWn_NIqTpXq5DgU5E_vnx1zYOcpvP8OfXvosKumRBIRERTX0JMT0NLX1RPS0VOJmNvbklEOiAxNiBsb2NJRDogMTE1ODE2ODk2OTIxNjAwNDYxAAAA" version: 3 finalizeBlock { blockID { containerID: 16 localID: 115816896921600461 blockCommitSequenceId: 0 } }, data.size=0
java.util.concurrent.CompletionException: org.apache.ratis.protocol.exceptions.StateMachineException: org.apache.hadoop.hdds.scm.container.common.helpers.StorageContainerException: Unable to find the block. BlockID : conID: 16 locID: 115816896921600461 bcsId: 0 replicaIndex: null
	at org.apache.ratis.client.impl.RaftClientImpl.handleRaftException(RaftClientImpl.java:373)
	at org.apache.ratis.client.impl.OrderedAsync.lambda$send$3(OrderedAsync.java:175)
	at java.base/java.util.concurrent.CompletableFuture$UniApply.tryFire(CompletableFuture.java:646)
	at java.base/java.util.concurrent.CompletableFuture.postComplete(CompletableFuture.java:510)
	at java.base/java.util.concurrent.CompletableFuture.complete(CompletableFuture.java:2179)
	at org.apache.ratis.client.impl.OrderedAsync$PendingOrderedRequest.setReply(OrderedAsync.java:105)
	at org.apache.ratis.client.impl.OrderedAsync$PendingOrderedRequest.setReply(OrderedAsync.java:66)
	at org.apache.ratis.util.SlidingWindow$RequestMap.setReply(SlidingWindow.java:147)
	at org.apache.ratis.util.SlidingWindow$Client.receiveReply(SlidingWindow.java:351)
	at org.apache.ratis.client.impl.OrderedAsync.lambda$sendRequestWithRetry$5(OrderedAsync.java:210)
	at java.base/java.util.concurrent.CompletableFuture$UniAccept.tryFire(CompletableFuture.java:718)
	at java.base/java.util.concurrent.CompletableFuture.postComplete(CompletableFuture.java:510)
	at java.base/java.util.concurrent.CompletableFuture.complete(CompletableFuture.java:2179)
	at org.apache.ratis.grpc.client.GrpcClientProtocolClient$AsyncStreamObservers$1.lambda$onNext$0(GrpcClientProtocolClient.java:325)
	at java.base/java.util.Optional.ifPresent(Optional.java:178)
	at org.apache.ratis.grpc.client.GrpcClientProtocolClient$AsyncStreamObservers.handleReplyFuture(GrpcClientProtocolClient.java:381)
	at org.apache.ratis.grpc.client.GrpcClientProtocolClient$AsyncStreamObservers.access$100(GrpcClientProtocolClient.java:303)
	at org.apache.ratis.grpc.client.GrpcClientProtocolClient$AsyncStreamObservers$1.onNext(GrpcClientProtocolClient.java:325)
	at org.apache.ratis.grpc.client.GrpcClientProtocolClient$AsyncStreamObservers$1.onNext(GrpcClientProtocolClient.java:308)
	at org.apache.ratis.thirdparty.io.grpc.stub.ClientCalls$StreamObserverToCallListenerAdapter.onMessage(ClientCalls.java:551)
	at org.apache.ratis.thirdparty.io.grpc.ForwardingClientCallListener.onMessage(ForwardingClientCallListener.java:33)
	at org.apache.ratis.thirdparty.io.grpc.internal.ClientCallImpl$ClientStreamListenerImpl$1MessagesAvailable.runInternal(ClientCallImpl.java:661)
	at org.apache.ratis.thirdparty.io.grpc.internal.ClientCallImpl$ClientStreamListenerImpl$1MessagesAvailable.runInContext(ClientCallImpl.java:648)
	at org.apache.ratis.thirdparty.io.grpc.internal.ContextRunnable.run(ContextRunnable.java:37)
	at org.apache.ratis.thirdparty.io.grpc.internal.SerializingExecutor.run(SerializingExecutor.java:133)
	at java.base/java.util.concurrent.ThreadPoolExecutor.runWorker(ThreadPoolExecutor.java:1144)
	at java.base/java.util.concurrent.ThreadPoolExecutor$Worker.run(ThreadPoolExecutor.java:642)
	at java.base/java.lang.Thread.run(Thread.java:1583)
Caused by: org.apache.ratis.protocol.exceptions.StateMachineException: org.apache.hadoop.hdds.scm.container.common.helpers.StorageContainerException: Unable to find the block. BlockID : conID: 16 locID: 115816896921600461 bcsId: 0 replicaIndex: null
	at org.apache.hadoop.ozone.container.common.transport.server.ratis.ContainerStateMachine.lambda$applyTransaction$11(ContainerStateMachine.java:1162)
	at java.base/java.util.concurrent.CompletableFuture$UniApply.tryFire(CompletableFuture.java:646)
	at java.base/java.util.concurrent.CompletableFuture.postComplete(CompletableFuture.java:510)
	at java.base/java.util.concurrent.CompletableFuture.complete(CompletableFuture.java:2179)
	at org.apache.ratis.util.TaskQueue.lambda$submit$0(TaskQueue.java:133)
	at org.apache.ratis.util.LogUtils.runAndLog(LogUtils.java:38)
	at org.apache.ratis.util.LogUtils$1.run(LogUtils.java:78)
	at java.base/java.util.concurrent.Executors$RunnableAdapter.call(Executors.java:572)
	at java.base/java.util.concurrent.FutureTask.run(FutureTask.java:317)
	... 3 more
2025-10-17 11:03:04,064 [309ab1ff-9f5a-4058-8b2f-94d451ce5267-ContainerOp-72e95c79-0fe3-4346-a9e3-bd423c7185ab-4] ERROR ratis.ContainerStateMachine (ContainerStateMachine.java:lambda$applyTransaction$11(1163)) - gid group-BD423C7185AB : ApplyTransaction failed. cmd FinalizeBlock logIndex 202 msg : Unable to find the block. BlockID : conID: 16 locID: 115816896921600461 bcsId: 0 replicaIndex: null Container Result: NO_SUCH_BLOCK
2025-10-17 11:03:04,066 [309ab1ff-9f5a-4058-8b2f-94d451ce5267-ContainerOp-72e95c79-0fe3-4346-a9e3-bd423c7185ab-4] ERROR impl.StateMachineUpdater (StateMachineUpdater.java:lambda$applyLog$3(259)) - Exception while 309ab1ff-9f5a-4058-8b2f-94d451ce5267@group-BD423C7185AB-StateMachineUpdater: applying txn index=202, nextLog=(t:1, i:202), STATEMACHINELOGENTRY, WRITE: logData.size=104, stateMachineData.size=0, logEntryProtoSerializedSize=0
java.util.concurrent.CompletionException: org.apache.hadoop.hdds.scm.container.common.helpers.StorageContainerException: Unable to find the block. BlockID : conID: 16 locID: 115816896921600461 bcsId: 0 replicaIndex: null
	at java.base/java.util.concurrent.CompletableFuture.encodeThrowable(CompletableFuture.java:332)
	at java.base/java.util.concurrent.CompletableFuture.completeThrowable(CompletableFuture.java:347)
	at java.base/java.util.concurrent.CompletableFuture.uniWhenComplete(CompletableFuture.java:874)
	at java.base/java.util.concurrent.CompletableFuture$UniWhenComplete.tryFire(CompletableFuture.java:841)
	at java.base/java.util.concurrent.CompletableFuture.postComplete(CompletableFuture.java:510)
	at java.base/java.util.concurrent.CompletableFuture.completeExceptionally(CompletableFuture.java:2194)
	at org.apache.hadoop.ozone.container.common.transport.server.ratis.ContainerStateMachine.lambda$applyTransaction$11(ContainerStateMachine.java:1172)
	at java.base/java.util.concurrent.CompletableFuture$UniApply.tryFire(CompletableFuture.java:646)
	at java.base/java.util.concurrent.CompletableFuture.postComplete(CompletableFuture.java:510)
	at java.base/java.util.concurrent.CompletableFuture.complete(CompletableFuture.java:2179)
	at org.apache.ratis.util.TaskQueue.lambda$submit$0(TaskQueue.java:133)
	at org.apache.ratis.util.LogUtils.runAndLog(LogUtils.java:38)
	at org.apache.ratis.util.LogUtils$1.run(LogUtils.java:78)
	at java.base/java.util.concurrent.Executors$RunnableAdapter.call(Executors.java:572)
	at java.base/java.util.concurrent.FutureTask.run(FutureTask.java:317)
	at java.base/java.util.concurrent.ThreadPoolExecutor.runWorker(ThreadPoolExecutor.java:1144)
	at java.base/java.util.concurrent.ThreadPoolExecutor$Worker.run(ThreadPoolExecutor.java:642)
	at java.base/java.lang.Thread.run(Thread.java:1583)
Caused by: org.apache.hadoop.hdds.scm.container.common.helpers.StorageContainerException: Unable to find the block. BlockID : conID: 16 locID: 115816896921600461 bcsId: 0 replicaIndex: null
	at org.apache.hadoop.ozone.container.common.transport.server.ratis.ContainerStateMachine.lambda$applyTransaction$11(ContainerStateMachine.java:1162)
	... 11 more
2025-10-17 11:03:04,066 [309ab1ff-9f5a-4058-8b2f-94d451ce5267-ContainerOp-72e95c79-0fe3-4346-a9e3-bd423c7185ab-4] WARN  ratis.XceiverServerRatis (XceiverServerRatis.java:triggerPipelineClose(767)) - pipeline Action CLOSE on pipeline Pipeline-72e95c79-0fe3-4346-a9e3-bd423c7185ab.Reason : Ratis Transaction failure in datanode 309ab1ff-9f5a-4058-8b2f-94d451ce5267 with role FOLLOWER .Triggering pipeline close action.
2025-10-17 11:03:04,063 [EventQueue-CloseContainerForCloseContainerEventHandler] INFO  container.CloseContainerEventHandler (CloseContainerEventHandler.java:onMessage(88)) - Close container Event triggered for container : #16, current state: CLOSING
2025-10-17 11:03:04,063 [EventQueue-PipelineActionsForPipelineActionHandler] INFO  pipeline.PipelineActionHandler (PipelineActionHandler.java:processPipelineAction(89)) - Received pipeline action CLOSE for Pipeline-72e95c79-0fe3-4346-a9e3-bd423c7185ab from datanode 99c47355-c013-4450-a734-aff6d3c99677(localhost/127.0.0.1). Reason : Ratis Transaction failure in datanode 99c47355-c013-4450-a734-aff6d3c99677 with role FOLLOWER .Triggering pipeline close action.
2025-10-17 11:03:04,066 | INFO  | SCMAudit | user=runner | ip=127.0.0.1 | op=SEND_HEARTBEAT {"datanodeUUID":"309ab1ff-9f5a-4058-8b2f-94d451ce5267","term":"2","command":"[]"} | ret=SUCCESS |  
2025-10-17 11:03:04,066 [EventQueue-PipelineActionsForPipelineActionHandler] INFO  pipeline.PipelineActionHandler (PipelineActionHandler.java:processPipelineAction(89)) - Received pipeline action CLOSE for Pipeline-72e95c79-0fe3-4346-a9e3-bd423c7185ab from datanode 309ab1ff-9f5a-4058-8b2f-94d451ce5267(localhost/127.0.0.1). Reason : Ratis Transaction failure in datanode 309ab1ff-9f5a-4058-8b2f-94d451ce5267 with role FOLLOWER .Triggering pipeline close action.
2025-10-17 11:03:04,067 [ForkJoinPool-1-worker-1] WARN  ozone.BasicRootedOzoneClientAdapterImpl (BasicRootedOzoneClientAdapterImpl.java:finalizeBlock(1489)) - Failed to execute finalizeBlock command
java.io.IOException: Failed to execute command cmdType: FinalizeBlock containerID: 16 datanodeUuid: "99c47355-c013-4450-a734-aff6d3c99677" encodedToken: "VAoGcnVubmVyEiNjb25JRDogMTYgbG9jSUQ6IDExNTgxNjg5NjkyMTYwMDQ2MRjlhPO3nzMoASgCMICAgAI6FQifgbWbiNf4t3AQ982K__Ou7ZeGASBVfsAWn_NIqTpXq5DgU5E_vnx1zYOcpvP8OfXvosKumRBIRERTX0JMT0NLX1RPS0VOJmNvbklEOiAxNiBsb2NJRDogMTE1ODE2ODk2OTIxNjAwNDYxAAAA" finalizeBlock { blockID { containerID: 16 localID: 115816896921600461 blockCommitSequenceId: 0 } }
	at org.apache.hadoop.hdds.scm.XceiverClientSpi.getIOExceptionForSendCommand(XceiverClientSpi.java:150)
	at org.apache.hadoop.hdds.scm.XceiverClientSpi.sendCommand(XceiverClientSpi.java:143)
	at org.apache.hadoop.hdds.scm.storage.ContainerProtocolCalls.finalizeBlock(ContainerProtocolCalls.java:322)
	at org.apache.hadoop.fs.ozone.BasicRootedOzoneClientAdapterImpl.finalizeBlock(BasicRootedOzoneClientAdapterImpl.java:1484)
	at org.apache.hadoop.fs.ozone.LeaseRecoveryClientDNHandler.getOmKeyLocationInfos(LeaseRecoveryClientDNHandler.java:81)
	at org.apache.hadoop.fs.ozone.RootedOzoneFileSystem.recoverLeaseTraced(RootedOzoneFileSystem.java:165)
	at org.apache.hadoop.fs.ozone.RootedOzoneFileSystem.lambda$recoverLease$0(RootedOzoneFileSystem.java:143)
	at org.apache.hadoop.hdds.tracing.TracingUtil.executeInSpan(TracingUtil.java:205)
	at org.apache.hadoop.hdds.tracing.TracingUtil.executeInNewSpan(TracingUtil.java:195)
	at org.apache.hadoop.fs.ozone.RootedOzoneFileSystem.recoverLease(RootedOzoneFileSystem.java:142)
	at org.apache.hadoop.ozone.client.rpc.TestSecureOzoneRpcClient.testPreallocateFileRecovery(TestSecureOzoneRpcClient.java:305)
	at java.base/jdk.internal.reflect.DirectMethodHandleAccessor.invoke(DirectMethodHandleAccessor.java:103)
	at java.base/java.lang.reflect.Method.invoke(Method.java:580)
	at org.junit.platform.commons.util.ReflectionUtils.invokeMethod(ReflectionUtils.java:786)
	at org.junit.platform.commons.support.ReflectionSupport.invokeMethod(ReflectionSupport.java:514)
	at org.junit.jupiter.engine.execution.MethodInvocation.proceed(MethodInvocation.java:60)
	at org.junit.jupiter.engine.execution.InvocationInterceptorChain$ValidatingInvocation.proceed(InvocationInterceptorChain.java:131)
	at org.junit.jupiter.engine.extension.SameThreadTimeoutInvocation.proceed(SameThreadTimeoutInvocation.java:49)
	at org.junit.jupiter.engine.extension.TimeoutExtension.intercept(TimeoutExtension.java:161)
	at org.junit.jupiter.engine.extension.TimeoutExtension.interceptTestableMethod(TimeoutExtension.java:152)
	at org.junit.jupiter.engine.extension.TimeoutExtension.interceptTestTemplateMethod(TimeoutExtension.java:99)
	at org.junit.jupiter.engine.execution.InterceptingExecutableInvoker$ReflectiveInterceptorCall.lambda$ofVoidMethod$0(InterceptingExecutableInvoker.java:112)
	at org.junit.jupiter.engine.execution.InterceptingExecutableInvoker.lambda$invoke$0(InterceptingExecutableInvoker.java:94)
	at org.junit.jupiter.engine.execution.InvocationInterceptorChain$InterceptedInvocation.proceed(InvocationInterceptorChain.java:106)
	at org.junit.jupiter.engine.execution.InvocationInterceptorChain.proceed(InvocationInterceptorChain.java:64)
	at org.junit.jupiter.engine.execution.InvocationInterceptorChain.chainAndInvoke(InvocationInterceptorChain.java:45)
	at org.junit.jupiter.engine.execution.InvocationInterceptorChain.invoke(InvocationInterceptorChain.java:37)
	at org.junit.jupiter.engine.execution.InterceptingExecutableInvoker.invoke(InterceptingExecutableInvoker.java:93)
	at org.junit.jupiter.engine.execution.InterceptingExecutableInvoker.invoke(InterceptingExecutableInvoker.java:87)
	at org.junit.jupiter.engine.descriptor.TestMethodTestDescriptor.lambda$invokeTestMethod$4(TestMethodTestDescriptor.java:221)
	at org.junit.platform.engine.support.hierarchical.ThrowableCollector.execute(ThrowableCollector.java:73)
	at org.junit.jupiter.engine.descriptor.TestMethodTestDescriptor.invokeTestMethod(TestMethodTestDescriptor.java:217)
	at org.junit.jupiter.engine.descriptor.TestMethodTestDescriptor.execute(TestMethodTestDescriptor.java:159)
	at org.junit.jupiter.engine.descriptor.TestMethodTestDescriptor.execute(TestMethodTestDescriptor.java:70)
	at org.junit.platform.engine.support.hierarchical.NodeTestTask.lambda$executeRecursively$6(NodeTestTask.java:157)
	at org.junit.platform.engine.support.hierarchical.ThrowableCollector.execute(ThrowableCollector.java:73)
	at org.junit.platform.engine.support.hierarchical.NodeTestTask.lambda$executeRecursively$8(NodeTestTask.java:147)
	at org.junit.platform.engine.support.hierarchical.Node.around(Node.java:137)
	at org.junit.platform.engine.support.hierarchical.NodeTestTask.lambda$executeRecursively$9(NodeTestTask.java:145)
	at org.junit.platform.engine.support.hierarchical.ThrowableCollector.execute(ThrowableCollector.java:73)
	at org.junit.platform.engine.support.hierarchical.NodeTestTask.executeRecursively(NodeTestTask.java:144)
	at org.junit.platform.engine.support.hierarchical.NodeTestTask.execute(NodeTestTask.java:101)
	at org.junit.platform.engine.support.hierarchical.ForkJoinPoolHierarchicalTestExecutorService$ExclusiveTask.exec(ForkJoinPoolHierarchicalTestExecutorService.java:274)
	at org.junit.platform.engine.support.hierarchical.ForkJoinPoolHierarchicalTestExecutorService$ExclusiveTask.execSync(ForkJoinPoolHierarchicalTestExecutorService.java:247)
	at org.junit.platform.engine.support.hierarchical.ForkJoinPoolHierarchicalTestExecutorService.submit(ForkJoinPoolHierarchicalTestExecutorService.java:148)
	at org.junit.platform.engine.support.hierarchical.NodeTestTask$DefaultDynamicTestExecutor.execute(NodeTestTask.java:232)
	at org.junit.platform.engine.support.hierarchical.NodeTestTask$DefaultDynamicTestExecutor.execute(NodeTestTask.java:210)
	at org.junit.jupiter.engine.descriptor.TemplateExecutor.execute(TemplateExecutor.java:98)
	at org.junit.jupiter.engine.descriptor.TemplateExecutor.lambda$executeForProvider$0(TemplateExecutor.java:61)
	at java.base/java.util.Optional.ifPresent(Optional.java:178)
	at org.junit.jupiter.engine.descriptor.TemplateExecutor.lambda$executeForProvider$1(TemplateExecutor.java:61)
	at java.base/java.util.stream.ForEachOps$ForEachOp$OfRef.accept(ForEachOps.java:184)
	at java.base/java.util.stream.ReferencePipeline$3$1.accept(ReferencePipeline.java:197)
	at java.base/java.util.stream.ForEachOps$ForEachOp$OfRef.accept(ForEachOps.java:184)
	at java.base/java.util.stream.ForEachOps$ForEachOp$OfRef.accept(ForEachOps.java:184)
	at java.base/java.util.stream.ReferencePipeline$3$1.accept(ReferencePipeline.java:197)
	at java.base/java.util.Spliterators$ArraySpliterator.forEachRemaining(Spliterators.java:1024)
	at java.base/java.util.stream.AbstractPipeline.copyInto(AbstractPipeline.java:509)
	at java.base/java.util.stream.AbstractPipeline.wrapAndCopyInto(AbstractPipeline.java:499)
	at java.base/java.util.stream.ForEachOps$ForEachOp.evaluateSequential(ForEachOps.java:151)
	at java.base/java.util.stream.ForEachOps$ForEachOp$OfRef.evaluateSequential(ForEachOps.java:174)
	at java.base/java.util.stream.AbstractPipeline.evaluate(AbstractPipeline.java:234)
	at java.base/java.util.stream.ReferencePipeline.forEach(ReferencePipeline.java:596)
	at java.base/java.util.stream.ReferencePipeline$7$1.accept(ReferencePipeline.java:276)
	at java.base/java.util.ArrayList$ArrayListSpliterator.forEachRemaining(ArrayList.java:1708)
	at java.base/java.util.stream.AbstractPipeline.copyInto(AbstractPipeline.java:509)
	at java.base/java.util.stream.AbstractPipeline.wrapAndCopyInto(AbstractPipeline.java:499)
	at java.base/java.util.stream.ForEachOps$ForEachOp.evaluateSequential(ForEachOps.java:151)
	at java.base/java.util.stream.ForEachOps$ForEachOp$OfRef.evaluateSequential(ForEachOps.java:174)
	at java.base/java.util.stream.AbstractPipeline.evaluate(AbstractPipeline.java:234)
	at java.base/java.util.stream.ReferencePipeline.forEach(ReferencePipeline.java:596)
	at java.base/java.util.stream.ReferencePipeline$7$1.accept(ReferencePipeline.java:276)
	at java.base/java.util.stream.ReferencePipeline$3$1.accept(ReferencePipeline.java:197)
	at java.base/java.util.stream.ReferencePipeline$3$1.accept(ReferencePipeline.java:197)
	at java.base/java.util.stream.ReferencePipeline$3$1.accept(ReferencePipeline.java:197)
	at java.base/java.util.ArrayList$ArrayListSpliterator.forEachRemaining(ArrayList.java:1708)
	at java.base/java.util.stream.AbstractPipeline.copyInto(AbstractPipeline.java:509)
	at java.base/java.util.stream.AbstractPipeline.wrapAndCopyInto(AbstractPipeline.java:499)
	at java.base/java.util.stream.ForEachOps$ForEachOp.evaluateSequential(ForEachOps.java:151)
	at java.base/java.util.stream.ForEachOps$ForEachOp$OfRef.evaluateSequential(ForEachOps.java:174)
	at java.base/java.util.stream.AbstractPipeline.evaluate(AbstractPipeline.java:234)
	at java.base/java.util.stream.ReferencePipeline.forEach(ReferencePipeline.java:596)
	at org.junit.jupiter.engine.descriptor.TemplateExecutor.executeForProvider(TemplateExecutor.java:59)
	at org.junit.jupiter.engine.descriptor.TemplateExecutor.execute(TemplateExecutor.java:48)
	at org.junit.jupiter.engine.descriptor.TestTemplateTestDescriptor.execute(TestTemplateTestDescriptor.java:112)
	at org.junit.jupiter.engine.descriptor.TestTemplateTestDescriptor.execute(TestTemplateTestDescriptor.java:40)
	at org.junit.platform.engine.support.hierarchical.NodeTestTask.lambda$executeRecursively$6(NodeTestTask.java:157)
	at org.junit.platform.engine.support.hierarchical.ThrowableCollector.execute(ThrowableCollector.java:73)
	at org.junit.platform.engine.support.hierarchical.NodeTestTask.lambda$executeRecursively$8(NodeTestTask.java:147)
	at org.junit.platform.engine.support.hierarchical.Node.around(Node.java:137)
	at org.junit.platform.engine.support.hierarchical.NodeTestTask.lambda$executeRecursively$9(NodeTestTask.java:145)
	at org.junit.platform.engine.support.hierarchical.ThrowableCollector.execute(ThrowableCollector.java:73)
	at org.junit.platform.engine.support.hierarchical.NodeTestTask.executeRecursively(NodeTestTask.java:144)
	at org.junit.platform.engine.support.hierarchical.NodeTestTask.execute(NodeTestTask.java:101)
	at org.junit.platform.engine.support.hierarchical.ForkJoinPoolHierarchicalTestExecutorService$ExclusiveTask.exec(ForkJoinPoolHierarchicalTestExecutorService.java:274)
	at org.junit.platform.engine.support.hierarchical.ForkJoinPoolHierarchicalTestExecutorService$ExclusiveTask.execSync(ForkJoinPoolHierarchicalTestExecutorService.java:247)
	at org.junit.platform.engine.support.hierarchical.ForkJoinPoolHierarchicalTestExecutorService.executeSync(ForkJoinPoolHierarchicalTestExecutorService.java:194)
	at org.junit.platform.engine.support.hierarchical.ForkJoinPoolHierarchicalTestExecutorService.invokeAll(ForkJoinPoolHierarchicalTestExecutorService.java:166)
	at org.junit.platform.engine.support.hierarchical.NodeTestTask.lambda$executeRecursively$6(NodeTestTask.java:161)
	at org.junit.platform.engine.support.hierarchical.ThrowableCollector.execute(ThrowableCollector.java:73)
	at org.junit.platform.engine.support.hierarchical.NodeTestTask.lambda$executeRecursively$8(NodeTestTask.java:147)
	at org.junit.platform.engine.support.hierarchical.Node.around(Node.java:137)
	at org.junit.platform.engine.support.hierarchical.NodeTestTask.lambda$executeRecursively$9(NodeTestTask.java:145)
	at org.junit.platform.engine.support.hierarchical.ThrowableCollector.execute(ThrowableCollector.java:73)
	at org.junit.platform.engine.support.hierarchical.NodeTestTask.executeRecursively(NodeTestTask.java:144)
	at org.junit.platform.engine.support.hierarchical.NodeTestTask.execute(NodeTestTask.java:101)
	at org.junit.platform.engine.support.hierarchical.ForkJoinPoolHierarchicalTestExecutorService$ExclusiveTask.exec(ForkJoinPoolHierarchicalTestExecutorService.java:274)
	at org.junit.platform.engine.support.hierarchical.ForkJoinPoolHierarchicalTestExecutorService$ExclusiveTask.execSync(ForkJoinPoolHierarchicalTestExecutorService.java:247)
	at org.junit.platform.engine.support.hierarchical.ForkJoinPoolHierarchicalTestExecutorService.invokeAll(ForkJoinPoolHierarchicalTestExecutorService.java:159)
	at org.junit.platform.engine.support.hierarchical.NodeTestTask.lambda$executeRecursively$6(NodeTestTask.java:161)
	at org.junit.platform.engine.support.hierarchical.ThrowableCollector.execute(ThrowableCollector.java:73)
	at org.junit.platform.engine.support.hierarchical.NodeTestTask.lambda$executeRecursively$8(NodeTestTask.java:147)
	at org.junit.platform.engine.support.hierarchical.Node.around(Node.java:137)
	at org.junit.platform.engine.support.hierarchical.NodeTestTask.lambda$executeRecursively$9(NodeTestTask.java:145)
	at org.junit.platform.engine.support.hierarchical.ThrowableCollector.execute(ThrowableCollector.java:73)
	at org.junit.platform.engine.support.hierarchical.NodeTestTask.executeRecursively(NodeTestTask.java:144)
	at org.junit.platform.engine.support.hierarchical.NodeTestTask.execute(NodeTestTask.java:101)
	at org.junit.platform.engine.support.hierarchical.ForkJoinPoolHierarchicalTestExecutorService$ExclusiveTask.exec(ForkJoinPoolHierarchicalTestExecutorService.java:274)
	at java.base/java.util.concurrent.ForkJoinTask.doExec(ForkJoinTask.java:387)
	at java.base/java.util.concurrent.ForkJoinPool$WorkQueue.topLevelExec(ForkJoinPool.java:1312)
	at java.base/java.util.concurrent.ForkJoinPool.scan(ForkJoinPool.java:1843)
	at java.base/java.util.concurrent.ForkJoinPool.runWorker(ForkJoinPool.java:1808)
	at java.base/java.util.concurrent.ForkJoinWorkerThread.run(ForkJoinWorkerThread.java:188)
Caused by: java.util.concurrent.ExecutionException: org.apache.ratis.protocol.exceptions.StateMachineException: org.apache.hadoop.hdds.scm.container.common.helpers.StorageContainerException: Unable to find the block. BlockID : conID: 16 locID: 115816896921600461 bcsId: 0 replicaIndex: null
	at java.base/java.util.concurrent.CompletableFuture.reportGet(CompletableFuture.java:396)
	at java.base/java.util.concurrent.CompletableFuture.get(CompletableFuture.java:2073)
	at org.apache.hadoop.hdds.scm.XceiverClientSpi.sendCommand(XceiverClientSpi.java:133)
	... 121 more
Caused by: org.apache.ratis.protocol.exceptions.StateMachineException: org.apache.hadoop.hdds.scm.container.common.helpers.StorageContainerException: Unable to find the block. BlockID : conID: 16 locID: 115816896921600461 bcsId: 0 replicaIndex: null
	at org.apache.hadoop.ozone.container.common.transport.server.ratis.ContainerStateMachine.lambda$applyTransaction$11(ContainerStateMachine.java:1162)
	at java.base/java.util.concurrent.CompletableFuture$UniApply.tryFire(CompletableFuture.java:646)
	at java.base/java.util.concurrent.CompletableFuture.postComplete(CompletableFuture.java:510)
	at java.base/java.util.concurrent.CompletableFuture.complete(CompletableFuture.java:2179)
	at org.apache.ratis.util.TaskQueue.lambda$submit$0(TaskQueue.java:133)
	at org.apache.ratis.util.LogUtils.runAndLog(LogUtils.java:38)
	at org.apache.ratis.util.LogUtils$1.run(LogUtils.java:78)
	at java.base/java.util.concurrent.Executors$RunnableAdapter.call(Executors.java:572)
	at java.base/java.util.concurrent.FutureTask.run(FutureTask.java:317)
	at java.base/java.util.concurrent.ThreadPoolExecutor.runWorker(ThreadPoolExecutor.java:1144)
	at java.base/java.util.concurrent.ThreadPoolExecutor$Worker.run(ThreadPoolExecutor.java:642)
	at java.base/java.lang.Thread.run(Thread.java:1583)
2025-10-17 11:03:04,077 [99c47355-c013-4450-a734-aff6d3c99677-ChunkReader-9] WARN  keyvalue.KeyValueHandler (ContainerUtils.java:logAndReturnError(94)) - Operation: GetCommittedBlockLength , Trace ID:  , Message: Unable to find the block. BlockID : conID: 16 locID: 115816896921600461 bcsId: 0 replicaIndex: null , Result: NO_SUCH_BLOCK , StorageContainerException Occurred.
org.apache.hadoop.hdds.scm.container.common.helpers.StorageContainerException: Unable to find the block. BlockID : conID: 16 locID: 115816896921600461 bcsId: 0 replicaIndex: null
	at org.apache.hadoop.ozone.container.metadata.DatanodeStoreWithIncrementalChunkList.getCompleteBlockData(DatanodeStoreWithIncrementalChunkList.java:67)
	at org.apache.hadoop.ozone.container.metadata.DatanodeStore.getBlockByID(DatanodeStore.java:90)
	at org.apache.hadoop.ozone.container.keyvalue.impl.BlockManagerImpl.getBlockByID(BlockManagerImpl.java:462)
	at org.apache.hadoop.ozone.container.keyvalue.impl.BlockManagerImpl.getCommittedBlockLength(BlockManagerImpl.java:367)
	at org.apache.hadoop.ozone.container.keyvalue.KeyValueHandler.handleGetCommittedBlockLength(KeyValueHandler.java:860)
	at org.apache.hadoop.ozone.container.keyvalue.KeyValueHandler.dispatchRequest(KeyValueHandler.java:355)
	at org.apache.hadoop.ozone.container.keyvalue.KeyValueHandler.handle(KeyValueHandler.java:293)
	at org.apache.hadoop.ozone.container.common.impl.HddsDispatcher.dispatchRequest(HddsDispatcher.java:365)
	at org.apache.hadoop.ozone.container.common.impl.HddsDispatcher.lambda$dispatch$1(HddsDispatcher.java:190)
	at org.apache.hadoop.hdds.server.OzoneProtocolMessageDispatcher.processRequest(OzoneProtocolMessageDispatcher.java:89)
	at org.apache.hadoop.ozone.container.common.impl.HddsDispatcher.dispatch(HddsDispatcher.java:189)
	at org.apache.hadoop.ozone.container.common.transport.server.GrpcXceiverService$1.onNext(GrpcXceiverService.java:107)
	at org.apache.hadoop.ozone.container.common.transport.server.GrpcXceiverService$1.onNext(GrpcXceiverService.java:96)
	at org.apache.ratis.thirdparty.io.grpc.stub.ServerCalls$StreamingServerCallHandler$StreamingServerCallListener.onMessage(ServerCalls.java:262)
	at org.apache.ratis.thirdparty.io.grpc.ForwardingServerCallListener.onMessage(ForwardingServerCallListener.java:33)
	at org.apache.hadoop.hdds.tracing.GrpcServerInterceptor$1.onMessage(GrpcServerInterceptor.java:49)
	at org.apache.ratis.thirdparty.io.grpc.internal.ServerCallImpl$ServerStreamListenerImpl.messagesAvailableInternal(ServerCallImpl.java:334)
	at org.apache.ratis.thirdparty.io.grpc.internal.ServerCallImpl$ServerStreamListenerImpl.messagesAvailable(ServerCallImpl.java:319)
	at org.apache.ratis.thirdparty.io.grpc.internal.ServerImpl$JumpToApplicationThreadServerStreamListener$1MessagesAvailable.runInContext(ServerImpl.java:834)
	at org.apache.ratis.thirdparty.io.grpc.internal.ContextRunnable.run(ContextRunnable.java:37)
	at org.apache.ratis.thirdparty.io.grpc.internal.SerializingExecutor.run(SerializingExecutor.java:133)
	at java.base/java.util.concurrent.ThreadPoolExecutor.runWorker(ThreadPoolExecutor.java:1144)
	at java.base/java.util.concurrent.ThreadPoolExecutor$Worker.run(ThreadPoolExecutor.java:642)
	at java.base/java.lang.Thread.run(Thread.java:1583)
2025-10-17 11:03:04,077 | ERROR | DNAudit | user=null | ip=null | op=GET_COMMITTED_BLOCK_LENGTH {"blockData":"conID: 16 locID: 115816896921600461 bcsId: 0 replicaIndex: null"} | ret=FAILURE | 
java.lang.Exception: Unable to find the block. BlockID : conID: 16 locID: 115816896921600461 bcsId: 0 replicaIndex: null
	at org.apache.hadoop.ozone.container.common.impl.HddsDispatcher.dispatchRequest(HddsDispatcher.java:440)
	at org.apache.hadoop.ozone.container.common.impl.HddsDispatcher.lambda$dispatch$1(HddsDispatcher.java:190)
 
2025-10-17 11:03:04,082 [b292b6be-9482-4c30-a3e0-c9f721931b72-ChunkReader-6] WARN  keyvalue.KeyValueHandler (ContainerUtils.java:logAndReturnError(94)) - Operation: GetCommittedBlockLength , Trace ID:  , Message: Unable to find the block. BlockID : conID: 16 locID: 115816896921600461 bcsId: 0 replicaIndex: null , Result: NO_SUCH_BLOCK , StorageContainerException Occurred.
org.apache.hadoop.hdds.scm.container.common.helpers.StorageContainerException: Unable to find the block. BlockID : conID: 16 locID: 115816896921600461 bcsId: 0 replicaIndex: null
	at org.apache.hadoop.ozone.container.metadata.DatanodeStoreWithIncrementalChunkList.getCompleteBlockData(DatanodeStoreWithIncrementalChunkList.java:67)
	at org.apache.hadoop.ozone.container.metadata.DatanodeStore.getBlockByID(DatanodeStore.java:90)
	at org.apache.hadoop.ozone.container.keyvalue.impl.BlockManagerImpl.getBlockByID(BlockManagerImpl.java:462)
	at org.apache.hadoop.ozone.container.keyvalue.impl.BlockManagerImpl.getCommittedBlockLength(BlockManagerImpl.java:367)
	at org.apache.hadoop.ozone.container.keyvalue.KeyValueHandler.handleGetCommittedBlockLength(KeyValueHandler.java:860)
	at org.apache.hadoop.ozone.container.keyvalue.KeyValueHandler.dispatchRequest(KeyValueHandler.java:355)
	at org.apache.hadoop.ozone.container.keyvalue.KeyValueHandler.handle(KeyValueHandler.java:293)
	at org.apache.hadoop.ozone.container.common.impl.HddsDispatcher.dispatchRequest(HddsDispatcher.java:365)
	at org.apache.hadoop.ozone.container.common.impl.HddsDispatcher.lambda$dispatch$1(HddsDispatcher.java:190)
	at org.apache.hadoop.hdds.server.OzoneProtocolMessageDispatcher.processRequest(OzoneProtocolMessageDispatcher.java:89)
	at org.apache.hadoop.ozone.container.common.impl.HddsDispatcher.dispatch(HddsDispatcher.java:189)
	at org.apache.hadoop.ozone.container.common.transport.server.GrpcXceiverService$1.onNext(GrpcXceiverService.java:107)
	at org.apache.hadoop.ozone.container.common.transport.server.GrpcXceiverService$1.onNext(GrpcXceiverService.java:96)
	at org.apache.ratis.thirdparty.io.grpc.stub.ServerCalls$StreamingServerCallHandler$StreamingServerCallListener.onMessage(ServerCalls.java:262)
	at org.apache.ratis.thirdparty.io.grpc.ForwardingServerCallListener.onMessage(ForwardingServerCallListener.java:33)
	at org.apache.hadoop.hdds.tracing.GrpcServerInterceptor$1.onMessage(GrpcServerInterceptor.java:49)
	at org.apache.ratis.thirdparty.io.grpc.internal.ServerCallImpl$ServerStreamListenerImpl.messagesAvailableInternal(ServerCallImpl.java:334)
	at org.apache.ratis.thirdparty.io.grpc.internal.ServerCallImpl$ServerStreamListenerImpl.messagesAvailable(ServerCallImpl.java:319)
	at org.apache.ratis.thirdparty.io.grpc.internal.ServerImpl$JumpToApplicationThreadServerStreamListener$1MessagesAvailable.runInContext(ServerImpl.java:834)
	at org.apache.ratis.thirdparty.io.grpc.internal.ContextRunnable.run(ContextRunnable.java:37)
	at org.apache.ratis.thirdparty.io.grpc.internal.SerializingExecutor.run(SerializingExecutor.java:133)
	at java.base/java.util.concurrent.ThreadPoolExecutor.runWorker(ThreadPoolExecutor.java:1144)
	at java.base/java.util.concurrent.ThreadPoolExecutor$Worker.run(ThreadPoolExecutor.java:642)
	at java.base/java.lang.Thread.run(Thread.java:1583)
2025-10-17 11:03:04,083 | ERROR | DNAudit | user=null | ip=null | op=GET_COMMITTED_BLOCK_LENGTH {"blockData":"conID: 16 locID: 115816896921600461 bcsId: 0 replicaIndex: null"} | ret=FAILURE | 
java.lang.Exception: Unable to find the block. BlockID : conID: 16 locID: 115816896921600461 bcsId: 0 replicaIndex: null
	at org.apache.hadoop.ozone.container.common.impl.HddsDispatcher.dispatchRequest(HddsDispatcher.java:440)
	at org.apache.hadoop.ozone.container.common.impl.HddsDispatcher.lambda$dispatch$1(HddsDispatcher.java:190)
 
2025-10-17 11:03:04,086 [309ab1ff-9f5a-4058-8b2f-94d451ce5267-ChunkReader-5] WARN  keyvalue.KeyValueHandler (ContainerUtils.java:logAndReturnError(94)) - Operation: GetCommittedBlockLength , Trace ID:  , Message: Unable to find the block. BlockID : conID: 16 locID: 115816896921600461 bcsId: 0 replicaIndex: null , Result: NO_SUCH_BLOCK , StorageContainerException Occurred.
org.apache.hadoop.hdds.scm.container.common.helpers.StorageContainerException: Unable to find the block. BlockID : conID: 16 locID: 115816896921600461 bcsId: 0 replicaIndex: null
	at org.apache.hadoop.ozone.container.metadata.DatanodeStoreWithIncrementalChunkList.getCompleteBlockData(DatanodeStoreWithIncrementalChunkList.java:67)
	at org.apache.hadoop.ozone.container.metadata.DatanodeStore.getBlockByID(DatanodeStore.java:90)
	at org.apache.hadoop.ozone.container.keyvalue.impl.BlockManagerImpl.getBlockByID(BlockManagerImpl.java:462)
	at org.apache.hadoop.ozone.container.keyvalue.impl.BlockManagerImpl.getCommittedBlockLength(BlockManagerImpl.java:367)
	at org.apache.hadoop.ozone.container.keyvalue.KeyValueHandler.handleGetCommittedBlockLength(KeyValueHandler.java:860)
	at org.apache.hadoop.ozone.container.keyvalue.KeyValueHandler.dispatchRequest(KeyValueHandler.java:355)
	at org.apache.hadoop.ozone.container.keyvalue.KeyValueHandler.handle(KeyValueHandler.java:293)
	at org.apache.hadoop.ozone.container.common.impl.HddsDispatcher.dispatchRequest(HddsDispatcher.java:365)
	at org.apache.hadoop.ozone.container.common.impl.HddsDispatcher.lambda$dispatch$1(HddsDispatcher.java:190)
	at org.apache.hadoop.hdds.server.OzoneProtocolMessageDispatcher.processRequest(OzoneProtocolMessageDispatcher.java:89)
	at org.apache.hadoop.ozone.container.common.impl.HddsDispatcher.dispatch(HddsDispatcher.java:189)
	at org.apache.hadoop.ozone.container.common.transport.server.GrpcXceiverService$1.onNext(GrpcXceiverService.java:107)
	at org.apache.hadoop.ozone.container.common.transport.server.GrpcXceiverService$1.onNext(GrpcXceiverService.java:96)
	at org.apache.ratis.thirdparty.io.grpc.stub.ServerCalls$StreamingServerCallHandler$StreamingServerCallListener.onMessage(ServerCalls.java:262)
	at org.apache.ratis.thirdparty.io.grpc.ForwardingServerCallListener.onMessage(ForwardingServerCallListener.java:33)
	at org.apache.hadoop.hdds.tracing.GrpcServerInterceptor$1.onMessage(GrpcServerInterceptor.java:49)
	at org.apache.ratis.thirdparty.io.grpc.internal.ServerCallImpl$ServerStreamListenerImpl.messagesAvailableInternal(ServerCallImpl.java:334)
	at org.apache.ratis.thirdparty.io.grpc.internal.ServerCallImpl$ServerStreamListenerImpl.messagesAvailable(ServerCallImpl.java:319)
	at org.apache.ratis.thirdparty.io.grpc.internal.ServerImpl$JumpToApplicationThreadServerStreamListener$1MessagesAvailable.runInContext(ServerImpl.java:834)
	at org.apache.ratis.thirdparty.io.grpc.internal.ContextRunnable.run(ContextRunnable.java:37)
	at org.apache.ratis.thirdparty.io.grpc.internal.SerializingExecutor.run(SerializingExecutor.java:133)
	at java.base/java.util.concurrent.ThreadPoolExecutor.runWorker(ThreadPoolExecutor.java:1144)
	at java.base/java.util.concurrent.ThreadPoolExecutor$Worker.run(ThreadPoolExecutor.java:642)
	at java.base/java.lang.Thread.run(Thread.java:1583)
2025-10-17 11:03:04,087 | ERROR | DNAudit | user=null | ip=null | op=GET_COMMITTED_BLOCK_LENGTH {"blockData":"conID: 16 locID: 115816896921600461 bcsId: 0 replicaIndex: null"} | ret=FAILURE | 
java.lang.Exception: Unable to find the block. BlockID : conID: 16 locID: 115816896921600461 bcsId: 0 replicaIndex: null
	at org.apache.hadoop.ozone.container.common.impl.HddsDispatcher.dispatchRequest(HddsDispatcher.java:440)
	at org.apache.hadoop.ozone.container.common.impl.HddsDispatcher.lambda$dispatch$1(HddsDispatcher.java:190)
 
2025-10-17 11:03:04,087 [ForkJoinPool-1-worker-1] WARN  scm.XceiverClientGrpc (XceiverClientGrpc.java:sendCommandWithRetry(500)) - Failed to execute command GetCommittedBlockLength on the pipeline Pipeline{ Id: 8a988a92-4274-43e6-b100-1fc345d5746b, Nodes: [ {99c47355-c013-4450-a734-aff6d3c99677(localhost/127.0.0.1), ReplicaIndex: 0}, {b292b6be-9482-4c30-a3e0-c9f721931b72(localhost/127.0.0.1), ReplicaIndex: 0}, {309ab1ff-9f5a-4058-8b2f-94d451ce5267(localhost/127.0.0.1), ReplicaIndex: 0},], ReplicationConfig: STANDALONE/THREE, State:OPEN, leaderId:, CreationTimestamp2025-10-17T11:03:04.071340492Z[Etc/UTC]}.
2025-10-17 11:03:04,088 [ForkJoinPool-1-worker-1] WARN  ozone.LeaseRecoveryClientDNHandler (LeaseRecoveryClientDNHandler.java:getOmKeyLocationInfos(114)) - Failed to finalize block. Continue to recover the file since OZONE.CLIENT.RECOVER.LEASE.FORCE is enabled.
org.apache.hadoop.hdds.scm.container.common.helpers.StorageContainerException: Unable to find the block. BlockID : conID: 16 locID: 115816896921600461 bcsId: 0 replicaIndex: null
	at org.apache.hadoop.hdds.scm.storage.ContainerProtocolCalls.validateContainerResponse(ContainerProtocolCalls.java:822)
	at org.apache.hadoop.hdds.scm.storage.ContainerProtocolCalls.lambda$createValidators$4(ContainerProtocolCalls.java:831)
	at org.apache.hadoop.hdds.scm.XceiverClientGrpc.sendCommandWithRetry(XceiverClientGrpc.java:457)
	at org.apache.hadoop.hdds.scm.XceiverClientGrpc.lambda$sendCommandWithTraceIDAndRetry$1(XceiverClientGrpc.java:383)
	at org.apache.hadoop.hdds.tracing.TracingUtil.executeInSpan(TracingUtil.java:205)
	at org.apache.hadoop.hdds.tracing.TracingUtil.executeInNewSpan(TracingUtil.java:195)
	at org.apache.hadoop.hdds.scm.XceiverClientGrpc.sendCommandWithTraceIDAndRetry(XceiverClientGrpc.java:375)
	at org.apache.hadoop.hdds.scm.XceiverClientGrpc.sendCommand(XceiverClientGrpc.java:356)
	at org.apache.hadoop.hdds.scm.storage.ContainerProtocolCalls.getCommittedBlockLength(ContainerProtocolCalls.java:272)
	at org.apache.hadoop.fs.ozone.BasicRootedOzoneClientAdapterImpl.finalizeBlock(BasicRootedOzoneClientAdapterImpl.java:1509)
	at org.apache.hadoop.fs.ozone.LeaseRecoveryClientDNHandler.getOmKeyLocationInfos(LeaseRecoveryClientDNHandler.java:81)
	at org.apache.hadoop.fs.ozone.RootedOzoneFileSystem.recoverLeaseTraced(RootedOzoneFileSystem.java:165)
	at org.apache.hadoop.fs.ozone.RootedOzoneFileSystem.lambda$recoverLease$0(RootedOzoneFileSystem.java:143)
	at org.apache.hadoop.hdds.tracing.TracingUtil.executeInSpan(TracingUtil.java:205)
	at org.apache.hadoop.hdds.tracing.TracingUtil.executeInNewSpan(TracingUtil.java:195)
	at org.apache.hadoop.fs.ozone.RootedOzoneFileSystem.recoverLease(RootedOzoneFileSystem.java:142)
	at org.apache.hadoop.ozone.client.rpc.TestSecureOzoneRpcClient.testPreallocateFileRecovery(TestSecureOzoneRpcClient.java:305)
	at java.base/jdk.internal.reflect.DirectMethodHandleAccessor.invoke(DirectMethodHandleAccessor.java:103)
	at java.base/java.lang.reflect.Method.invoke(Method.java:580)
	at org.junit.platform.commons.util.ReflectionUtils.invokeMethod(ReflectionUtils.java:786)
	at org.junit.platform.commons.support.ReflectionSupport.invokeMethod(ReflectionSupport.java:514)
	at org.junit.jupiter.engine.execution.MethodInvocation.proceed(MethodInvocation.java:60)
	at org.junit.jupiter.engine.execution.InvocationInterceptorChain$ValidatingInvocation.proceed(InvocationInterceptorChain.java:131)
	at org.junit.jupiter.engine.extension.SameThreadTimeoutInvocation.proceed(SameThreadTimeoutInvocation.java:49)
	at org.junit.jupiter.engine.extension.TimeoutExtension.intercept(TimeoutExtension.java:161)
	at org.junit.jupiter.engine.extension.TimeoutExtension.interceptTestableMethod(TimeoutExtension.java:152)
	at org.junit.jupiter.engine.extension.TimeoutExtension.interceptTestTemplateMethod(TimeoutExtension.java:99)
	at org.junit.jupiter.engine.execution.InterceptingExecutableInvoker$ReflectiveInterceptorCall.lambda$ofVoidMethod$0(InterceptingExecutableInvoker.java:112)
	at org.junit.jupiter.engine.execution.InterceptingExecutableInvoker.lambda$invoke$0(InterceptingExecutableInvoker.java:94)
	at org.junit.jupiter.engine.execution.InvocationInterceptorChain$InterceptedInvocation.proceed(InvocationInterceptorChain.java:106)
	at org.junit.jupiter.engine.execution.InvocationInterceptorChain.proceed(InvocationInterceptorChain.java:64)
	at org.junit.jupiter.engine.execution.InvocationInterceptorChain.chainAndInvoke(InvocationInterceptorChain.java:45)
	at org.junit.jupiter.engine.execution.InvocationInterceptorChain.invoke(InvocationInterceptorChain.java:37)
	at org.junit.jupiter.engine.execution.InterceptingExecutableInvoker.invoke(InterceptingExecutableInvoker.java:93)
	at org.junit.jupiter.engine.execution.InterceptingExecutableInvoker.invoke(InterceptingExecutableInvoker.java:87)
	at org.junit.jupiter.engine.descriptor.TestMethodTestDescriptor.lambda$invokeTestMethod$4(TestMethodTestDescriptor.java:221)
	at org.junit.platform.engine.support.hierarchical.ThrowableCollector.execute(ThrowableCollector.java:73)
	at org.junit.jupiter.engine.descriptor.TestMethodTestDescriptor.invokeTestMethod(TestMethodTestDescriptor.java:217)
	at org.junit.jupiter.engine.descriptor.TestMethodTestDescriptor.execute(TestMethodTestDescriptor.java:159)
	at org.junit.jupiter.engine.descriptor.TestMethodTestDescriptor.execute(TestMethodTestDescriptor.java:70)
	at org.junit.platform.engine.support.hierarchical.NodeTestTask.lambda$executeRecursively$6(NodeTestTask.java:157)
	at org.junit.platform.engine.support.hierarchical.ThrowableCollector.execute(ThrowableCollector.java:73)
	at org.junit.platform.engine.support.hierarchical.NodeTestTask.lambda$executeRecursively$8(NodeTestTask.java:147)
	at org.junit.platform.engine.support.hierarchical.Node.around(Node.java:137)
	at org.junit.platform.engine.support.hierarchical.NodeTestTask.lambda$executeRecursively$9(NodeTestTask.java:145)
	at org.junit.platform.engine.support.hierarchical.ThrowableCollector.execute(ThrowableCollector.java:73)
	at org.junit.platform.engine.support.hierarchical.NodeTestTask.executeRecursively(NodeTestTask.java:144)
	at org.junit.platform.engine.support.hierarchical.NodeTestTask.execute(NodeTestTask.java:101)
	at org.junit.platform.engine.support.hierarchical.ForkJoinPoolHierarchicalTestExecutorService$ExclusiveTask.exec(ForkJoinPoolHierarchicalTestExecutorService.java:274)
	at org.junit.platform.engine.support.hierarchical.ForkJoinPoolHierarchicalTestExecutorService$ExclusiveTask.execSync(ForkJoinPoolHierarchicalTestExecutorService.java:247)
	at org.junit.platform.engine.support.hierarchical.ForkJoinPoolHierarchicalTestExecutorService.submit(ForkJoinPoolHierarchicalTestExecutorService.java:148)
	at org.junit.platform.engine.support.hierarchical.NodeTestTask$DefaultDynamicTestExecutor.execute(NodeTestTask.java:232)
	at org.junit.platform.engine.support.hierarchical.NodeTestTask$DefaultDynamicTestExecutor.execute(NodeTestTask.java:210)
	at org.junit.jupiter.engine.descriptor.TemplateExecutor.execute(TemplateExecutor.java:98)
	at org.junit.jupiter.engine.descriptor.TemplateExecutor.lambda$executeForProvider$0(TemplateExecutor.java:61)
	at java.base/java.util.Optional.ifPresent(Optional.java:178)
	at org.junit.jupiter.engine.descriptor.TemplateExecutor.lambda$executeForProvider$1(TemplateExecutor.java:61)
	at java.base/java.util.stream.ForEachOps$ForEachOp$OfRef.accept(ForEachOps.java:184)
	at java.base/java.util.stream.ReferencePipeline$3$1.accept(ReferencePipeline.java:197)
	at java.base/java.util.stream.ForEachOps$ForEachOp$OfRef.accept(ForEachOps.java:184)
	at java.base/java.util.stream.ForEachOps$ForEachOp$OfRef.accept(ForEachOps.java:184)
	at java.base/java.util.stream.ReferencePipeline$3$1.accept(ReferencePipeline.java:197)
	at java.base/java.util.Spliterators$ArraySpliterator.forEachRemaining(Spliterators.java:1024)
	at java.base/java.util.stream.AbstractPipeline.copyInto(AbstractPipeline.java:509)
	at java.base/java.util.stream.AbstractPipeline.wrapAndCopyInto(AbstractPipeline.java:499)
	at java.base/java.util.stream.ForEachOps$ForEachOp.evaluateSequential(ForEachOps.java:151)
	at java.base/java.util.stream.ForEachOps$ForEachOp$OfRef.evaluateSequential(ForEachOps.java:174)
	at java.base/java.util.stream.AbstractPipeline.evaluate(AbstractPipeline.java:234)
	at java.base/java.util.stream.ReferencePipeline.forEach(ReferencePipeline.java:596)
	at java.base/java.util.stream.ReferencePipeline$7$1.accept(ReferencePipeline.java:276)
	at java.base/java.util.ArrayList$ArrayListSpliterator.forEachRemaining(ArrayList.java:1708)
	at java.base/java.util.stream.AbstractPipeline.copyInto(AbstractPipeline.java:509)
	at java.base/java.util.stream.AbstractPipeline.wrapAndCopyInto(AbstractPipeline.java:499)
	at java.base/java.util.stream.ForEachOps$ForEachOp.evaluateSequential(ForEachOps.java:151)
	at java.base/java.util.stream.ForEachOps$ForEachOp$OfRef.evaluateSequential(ForEachOps.java:174)
	at java.base/java.util.stream.AbstractPipeline.evaluate(AbstractPipeline.java:234)
	at java.base/java.util.stream.ReferencePipeline.forEach(ReferencePipeline.java:596)
	at java.base/java.util.stream.ReferencePipeline$7$1.accept(ReferencePipeline.java:276)
	at java.base/java.util.stream.ReferencePipeline$3$1.accept(ReferencePipeline.java:197)
	at java.base/java.util.stream.ReferencePipeline$3$1.accept(ReferencePipeline.java:197)
	at java.base/java.util.stream.ReferencePipeline$3$1.accept(ReferencePipeline.java:197)
	at java.base/java.util.ArrayList$ArrayListSpliterator.forEachRemaining(ArrayList.java:1708)
	at java.base/java.util.stream.AbstractPipeline.copyInto(AbstractPipeline.java:509)
	at java.base/java.util.stream.AbstractPipeline.wrapAndCopyInto(AbstractPipeline.java:499)
	at java.base/java.util.stream.ForEachOps$ForEachOp.evaluateSequential(ForEachOps.java:151)
	at java.base/java.util.stream.ForEachOps$ForEachOp$OfRef.evaluateSequential(ForEachOps.java:174)
	at java.base/java.util.stream.AbstractPipeline.evaluate(AbstractPipeline.java:234)
	at java.base/java.util.stream.ReferencePipeline.forEach(ReferencePipeline.java:596)
	at org.junit.jupiter.engine.descriptor.TemplateExecutor.executeForProvider(TemplateExecutor.java:59)
	at org.junit.jupiter.engine.descriptor.TemplateExecutor.execute(TemplateExecutor.java:48)
	at org.junit.jupiter.engine.descriptor.TestTemplateTestDescriptor.execute(TestTemplateTestDescriptor.java:112)
	at org.junit.jupiter.engine.descriptor.TestTemplateTestDescriptor.execute(TestTemplateTestDescriptor.java:40)
	at org.junit.platform.engine.support.hierarchical.NodeTestTask.lambda$executeRecursively$6(NodeTestTask.java:157)
	at org.junit.platform.engine.support.hierarchical.ThrowableCollector.execute(ThrowableCollector.java:73)
	at org.junit.platform.engine.support.hierarchical.NodeTestTask.lambda$executeRecursively$8(NodeTestTask.java:147)
	at org.junit.platform.engine.support.hierarchical.Node.around(Node.java:137)
	at org.junit.platform.engine.support.hierarchical.NodeTestTask.lambda$executeRecursively$9(NodeTestTask.java:145)
	at org.junit.platform.engine.support.hierarchical.ThrowableCollector.execute(ThrowableCollector.java:73)
	at org.junit.platform.engine.support.hierarchical.NodeTestTask.executeRecursively(NodeTestTask.java:144)
	at org.junit.platform.engine.support.hierarchical.NodeTestTask.execute(NodeTestTask.java:101)
	at org.junit.platform.engine.support.hierarchical.ForkJoinPoolHierarchicalTestExecutorService$ExclusiveTask.exec(ForkJoinPoolHierarchicalTestExecutorService.java:274)
	at org.junit.platform.engine.support.hierarchical.ForkJoinPoolHierarchicalTestExecutorService$ExclusiveTask.execSync(ForkJoinPoolHierarchicalTestExecutorService.java:247)
	at org.junit.platform.engine.support.hierarchical.ForkJoinPoolHierarchicalTestExecutorService.executeSync(ForkJoinPoolHierarchicalTestExecutorService.java:194)
	at org.junit.platform.engine.support.hierarchical.ForkJoinPoolHierarchicalTestExecutorService.invokeAll(ForkJoinPoolHierarchicalTestExecutorService.java:166)
	at org.junit.platform.engine.support.hierarchical.NodeTestTask.lambda$executeRecursively$6(NodeTestTask.java:161)
	at org.junit.platform.engine.support.hierarchical.ThrowableCollector.execute(ThrowableCollector.java:73)
	at org.junit.platform.engine.support.hierarchical.NodeTestTask.lambda$executeRecursively$8(NodeTestTask.java:147)
	at org.junit.platform.engine.support.hierarchical.Node.around(Node.java:137)
	at org.junit.platform.engine.support.hierarchical.NodeTestTask.lambda$executeRecursively$9(NodeTestTask.java:145)
	at org.junit.platform.engine.support.hierarchical.ThrowableCollector.execute(ThrowableCollector.java:73)
	at org.junit.platform.engine.support.hierarchical.NodeTestTask.executeRecursively(NodeTestTask.java:144)
	at org.junit.platform.engine.support.hierarchical.NodeTestTask.execute(NodeTestTask.java:101)
	at org.junit.platform.engine.support.hierarchical.ForkJoinPoolHierarchicalTestExecutorService$ExclusiveTask.exec(ForkJoinPoolHierarchicalTestExecutorService.java:274)
	at org.junit.platform.engine.support.hierarchical.ForkJoinPoolHierarchicalTestExecutorService$ExclusiveTask.execSync(ForkJoinPoolHierarchicalTestExecutorService.java:247)
	at org.junit.platform.engine.support.hierarchical.ForkJoinPoolHierarchicalTestExecutorService.invokeAll(ForkJoinPoolHierarchicalTestExecutorService.java:159)
	at org.junit.platform.engine.support.hierarchical.NodeTestTask.lambda$executeRecursively$6(NodeTestTask.java:161)
	at org.junit.platform.engine.support.hierarchical.ThrowableCollector.execute(ThrowableCollector.java:73)
	at org.junit.platform.engine.support.hierarchical.NodeTestTask.lambda$executeRecursively$8(NodeTestTask.java:147)
	at org.junit.platform.engine.support.hierarchical.Node.around(Node.java:137)
	at org.junit.platform.engine.support.hierarchical.NodeTestTask.lambda$executeRecursively$9(NodeTestTask.java:145)
	at org.junit.platform.engine.support.hierarchical.ThrowableCollector.execute(ThrowableCollector.java:73)
	at org.junit.platform.engine.support.hierarchical.NodeTestTask.executeRecursively(NodeTestTask.java:144)
	at org.junit.platform.engine.support.hierarchical.NodeTestTask.execute(NodeTestTask.java:101)
	at org.junit.platform.engine.support.hierarchical.ForkJoinPoolHierarchicalTestExecutorService$ExclusiveTask.exec(ForkJoinPoolHierarchicalTestExecutorService.java:274)
	at java.base/java.util.concurrent.ForkJoinTask.doExec(ForkJoinTask.java:387)
	at java.base/java.util.concurrent.ForkJoinPool$WorkQueue.topLevelExec(ForkJoinPool.java:1312)
	at java.base/java.util.concurrent.ForkJoinPool.scan(ForkJoinPool.java:1843)
	at java.base/java.util.concurrent.ForkJoinPool.runWorker(ForkJoinPool.java:1808)
	at java.base/java.util.concurrent.ForkJoinWorkerThread.run(ForkJoinWorkerThread.java:188)
2025-10-17 11:03:04,090 | INFO  | OMAudit | user=runner | ip=127.0.0.1 | op=COMMIT_KEY {"volume":"7d1239fd-7c63-44be-bb9d-7abcba1f6f16","bucket":"29ee2250-9fe2-4eef-93f1-f28a1301d4d4","key":"f0019589-5be9-4135-aff1-76cada8f1e67","dataSize":"16777215","replicationType":"RATIS","replicationFactor":"THREE","Transaction":"1681"} | ret=SUCCESS |  
2025-10-17 11:03:04,091 | INFO  | OMAudit | user=runner | ip=127.0.0.1 | op=READ_BUCKET {"volume":"7d1239fd-7c63-44be-bb9d-7abcba1f6f16","bucket":"29ee2250-9fe2-4eef-93f1-f28a1301d4d4"} | ret=SUCCESS |  
2025-10-17 11:03:04,093 | INFO  | SCMAudit | user=runner | ip=127.0.0.1 | op=GET_CONTAINER_WITH_PIPELINE_BATCH {"containerIDs":"#19,#22,#15,"} | ret=SUCCESS |  
2025-10-17 11:03:04,093 | INFO  | OMAudit | user=runner | ip=127.0.0.1 | op=GET_FILE_STATUS {"volume":"7d1239fd-7c63-44be-bb9d-7abcba1f6f16","bucket":"29ee2250-9fe2-4eef-93f1-f28a1301d4d4","key":"f0019589-5be9-4135-aff1-76cada8f1e67","owner":null,"dataSize":"0","replicationConfig":null} | ret=SUCCESS |  
2025-10-17 11:03:04,095 | INFO  | OMAudit | user=runner | ip=127.0.0.1 | op=READ_BUCKET {"volume":"7d1239fd-7c63-44be-bb9d-7abcba1f6f16","bucket":"29ee2250-9fe2-4eef-93f1-f28a1301d4d4"} | ret=SUCCESS |  
2025-10-17 11:03:04,096 | INFO  | OMAudit | user=runner | ip=127.0.0.1 | op=READ_BUCKET {"volume":"7d1239fd-7c63-44be-bb9d-7abcba1f6f16","bucket":"29ee2250-9fe2-4eef-93f1-f28a1301d4d4"} | ret=SUCCESS |  
2025-10-17 11:03:04,101 [om1-OMStateMachineApplyTransactionThread - 0] ERROR key.OMKeyCommitRequest (OMKeyCommitRequest.java:processResult(486)) - Key committed failed. Volume:7d1239fd-7c63-44be-bb9d-7abcba1f6f16, Bucket:29ee2250-9fe2-4eef-93f1-f28a1301d4d4, Key:f0019589-5be9-4135-aff1-76cada8f1e67. Exception:{}
KEY_NOT_FOUND org.apache.hadoop.ozone.om.exceptions.OMException: Failed to commit key, as /-9223372036854346752/-9223372036854346496/-9223372036854346496/f0019589-5be9-4135-aff1-76cada8f1e67/115389168608215445 entry is not found in the OpenKey table
	at org.apache.hadoop.ozone.om.request.key.OMKeyCommitRequestWithFSO.validateAndUpdateCache(OMKeyCommitRequestWithFSO.java:181)
	at org.apache.hadoop.ozone.protocolPB.OzoneManagerRequestHandler.lambda$0(OzoneManagerRequestHandler.java:418)
	at org.apache.hadoop.ozone.util.MetricUtil.captureLatencyNs(MetricUtil.java:45)
	at org.apache.hadoop.ozone.protocolPB.OzoneManagerRequestHandler.handleWriteRequestImpl(OzoneManagerRequestHandler.java:416)
	at org.apache.hadoop.ozone.protocolPB.RequestHandler.handleWriteRequest(RequestHandler.java:62)
	at org.apache.hadoop.ozone.om.ratis.OzoneManagerStateMachine.runCommand(OzoneManagerStateMachine.java:599)
	at org.apache.hadoop.ozone.om.ratis.OzoneManagerStateMachine.lambda$3(OzoneManagerStateMachine.java:415)
	at java.base/java.util.concurrent.CompletableFuture$AsyncSupply.run(CompletableFuture.java:1768)
	at java.base/java.util.concurrent.ThreadPoolExecutor.runWorker(ThreadPoolExecutor.java:1144)
	at java.base/java.util.concurrent.ThreadPoolExecutor$Worker.run(ThreadPoolExecutor.java:642)
	at java.base/java.lang.Thread.run(Thread.java:1583)
2025-10-17 11:03:04,102 | ERROR | OMAudit | user=runner | ip=127.0.0.1 | op=COMMIT_KEY {"volume":"7d1239fd-7c63-44be-bb9d-7abcba1f6f16","bucket":"29ee2250-9fe2-4eef-93f1-f28a1301d4d4","key":"f0019589-5be9-4135-aff1-76cada8f1e67","dataSize":"16777215","replicationType":"RATIS","replicationFactor":"THREE","Transaction":"1682"} | ret=FAILURE | 
org.apache.hadoop.ozone.om.exceptions.OMException: Failed to commit key, as /-9223372036854346752/-9223372036854346496/-9223372036854346496/f0019589-5be9-4135-aff1-76cada8f1e67/115389168608215445 entry is not found in the OpenKey table
	at org.apache.hadoop.ozone.om.request.key.OMKeyCommitRequestWithFSO.validateAndUpdateCache(OMKeyCommitRequestWithFSO.java:181)
	at org.apache.hadoop.ozone.protocolPB.OzoneManagerRequestHandler.lambda$0(OzoneManagerRequestHandler.java:418)
 
]]></system-out>
  </testcase>
  <testcase name="testPutKey" classname="org.apache.hadoop.ozone.client.rpc.TestSecureOzoneRpcClient" time="0.193">
    <system-out><![CDATA[2025-10-17 11:03:04,106 [ForkJoinPool-1-worker-1] INFO  rpc.RpcClient (RpcClient.java:createVolume(461)) - Creating Volume: 599c89b3-982b-47b6-b95c-5e9d397029a0, with runner as owner and space quota set to -1 bytes, counts quota set to -1
2025-10-17 11:03:04,107 [om1-OMStateMachineApplyTransactionThread - 0] INFO  volume.OMVolumeCreateRequest (OMVolumeCreateRequest.java:validateAndUpdateCache(213)) - created volume:599c89b3-982b-47b6-b95c-5e9d397029a0 for user:runner
2025-10-17 11:03:04,107 | INFO  | OMAudit | user=runner | ip=127.0.0.1 | op=CREATE_VOLUME {"admin":"runner","owner":"runner","volume":"599c89b3-982b-47b6-b95c-5e9d397029a0","creationTime":"1760698984106","modificationTime":"1760698984106","quotaInBytes":"-1","quotaInNamespace":"-1","usedNamespace":"0","objectID":"-9223372036854344960","updateID":"1683","Transaction":"1683"} | ret=SUCCESS |  
2025-10-17 11:03:04,108 | INFO  | OMAudit | user=runner | ip=127.0.0.1 | op=READ_VOLUME {"volume":"599c89b3-982b-47b6-b95c-5e9d397029a0"} | ret=SUCCESS |  
2025-10-17 11:03:04,109 [ForkJoinPool-1-worker-1] INFO  rpc.RpcClient (RpcClient.java:createBucket(686)) - Creating Bucket: 599c89b3-982b-47b6-b95c-5e9d397029a0/0f77b6c1-456b-469f-9704-812ba4ac03ab, with server-side default bucket layout, runner as owner, Versioning false, Storage Type set to DISK and Encryption set to false, Replication Type set to server-side default replication type, Namespace Quota set to -1, Space Quota set to -1 
2025-10-17 11:03:04,110 [om1-OMStateMachineApplyTransactionThread - 0] INFO  bucket.OMBucketCreateRequest (OMBucketCreateRequest.java:validateAndUpdateCache(303)) - created bucket: 0f77b6c1-456b-469f-9704-812ba4ac03ab of layout FILE_SYSTEM_OPTIMIZED in volume: 599c89b3-982b-47b6-b95c-5e9d397029a0
2025-10-17 11:03:04,110 | INFO  | OMAudit | user=runner | ip=127.0.0.1 | op=CREATE_BUCKET {"volume":"599c89b3-982b-47b6-b95c-5e9d397029a0","bucket":"0f77b6c1-456b-469f-9704-812ba4ac03ab","bucketLayout":"FILE_SYSTEM_OPTIMIZED","gdprEnabled":null,"acls":"[user:runner:a[ACCESS], group:runner:rl[ACCESS]]","isVersionEnabled":"false","storageType":"DISK","creationTime":"1760698984109","bucketEncryptionKey":null,"modificationTime":"1760698984109","usedBytes":"0","usedNamespace":"0","snapshotUsedBytes":"0","snapshotUsedNamespace":"0","owner":"runner","replicationType":null,"replicationConfig":null,"quotaInBytes":"-1","quotaInNamespace":"-1","Transaction":"1684"} | ret=SUCCESS |  
2025-10-17 11:03:04,111 | INFO  | OMAudit | user=runner | ip=127.0.0.1 | op=READ_BUCKET {"volume":"599c89b3-982b-47b6-b95c-5e9d397029a0","bucket":"0f77b6c1-456b-469f-9704-812ba4ac03ab"} | ret=SUCCESS |  
2025-10-17 11:03:04,112 | INFO  | OMAudit | user=runner | ip=127.0.0.1 | op=READ_BUCKET {"volume":"599c89b3-982b-47b6-b95c-5e9d397029a0","bucket":"0f77b6c1-456b-469f-9704-812ba4ac03ab"} | ret=SUCCESS |  
2025-10-17 11:03:04,112 | INFO  | SCMAudit | user=runner | ip=127.0.0.1 | op=ALLOCATE_BLOCK {"replication":"RATIS/ONE","owner":"omServiceIdDefault","size":"4194304","sampleBlocks":"[conID: 9 locID: 115816896921600462]","num":"1","client":"","allocated":"1"} | ret=SUCCESS |  
2025-10-17 11:03:04,114 | INFO  | OMAudit | user=runner | ip=127.0.0.1 | op=ALLOCATE_KEY {"volume":"599c89b3-982b-47b6-b95c-5e9d397029a0","bucket":"0f77b6c1-456b-469f-9704-812ba4ac03ab","key":"e0cf3883-2bf0-4f61-98e2-d399fe61ccaa","dataSize":"12","replicationType":"RATIS","replicationFactor":"ONE","Transaction":"1685"} | ret=SUCCESS |  
2025-10-17 11:03:04,118 | INFO  | OMAudit | user=runner | ip=127.0.0.1 | op=COMMIT_KEY {"volume":"599c89b3-982b-47b6-b95c-5e9d397029a0","bucket":"0f77b6c1-456b-469f-9704-812ba4ac03ab","key":"e0cf3883-2bf0-4f61-98e2-d399fe61ccaa","dataSize":"12","replicationType":"RATIS","replicationFactor":"ONE","Transaction":"1686"} | ret=SUCCESS |  
2025-10-17 11:03:04,119 | INFO  | OMAudit | user=runner | ip=127.0.0.1 | op=READ_KEY {"volume":"599c89b3-982b-47b6-b95c-5e9d397029a0","bucket":"0f77b6c1-456b-469f-9704-812ba4ac03ab","key":"e0cf3883-2bf0-4f61-98e2-d399fe61ccaa","owner":null,"dataSize":"0","replicationConfig":null} | ret=SUCCESS |  
2025-10-17 11:03:04,120 | INFO  | OMAudit | user=runner | ip=127.0.0.1 | op=READ_KEY {"volume":"599c89b3-982b-47b6-b95c-5e9d397029a0","bucket":"0f77b6c1-456b-469f-9704-812ba4ac03ab","key":"e0cf3883-2bf0-4f61-98e2-d399fe61ccaa","owner":null,"dataSize":"0","replicationConfig":null} | ret=SUCCESS |  
2025-10-17 11:03:04,124 | INFO  | SCMAudit | user=runner | ip=127.0.0.1 | op=GET_CONTAINER_WITH_PIPELINE_BATCH {"containerIDs":"#9,"} | ret=SUCCESS |  
2025-10-17 11:03:04,124 | INFO  | OMAudit | user=null | ip= | op=READ_KEY {"volume":"599c89b3-982b-47b6-b95c-5e9d397029a0","bucket":"0f77b6c1-456b-469f-9704-812ba4ac03ab","key":"e0cf3883-2bf0-4f61-98e2-d399fe61ccaa","owner":null,"dataSize":"0","replicationConfig":null} | ret=SUCCESS |  
2025-10-17 11:03:04,125 | INFO  | SCMAudit | user=runner | ip=127.0.0.1 | op=GET_CONTAINER {"containerID":"9"} | ret=SUCCESS |  
2025-10-17 11:03:04,126 | INFO  | OMAudit | user=runner | ip=127.0.0.1 | op=READ_BUCKET {"volume":"599c89b3-982b-47b6-b95c-5e9d397029a0","bucket":"0f77b6c1-456b-469f-9704-812ba4ac03ab"} | ret=SUCCESS |  
2025-10-17 11:03:04,126 | INFO  | SCMAudit | user=runner | ip=127.0.0.1 | op=ALLOCATE_BLOCK {"replication":"RATIS/ONE","owner":"omServiceIdDefault","size":"4194304","sampleBlocks":"[conID: 5 locID: 115816896921600463]","num":"1","client":"","allocated":"1"} | ret=SUCCESS |  
2025-10-17 11:03:04,127 | INFO  | OMAudit | user=runner | ip=127.0.0.1 | op=ALLOCATE_KEY {"volume":"599c89b3-982b-47b6-b95c-5e9d397029a0","bucket":"0f77b6c1-456b-469f-9704-812ba4ac03ab","key":"3d39c149-af15-427e-bf14-58306d667e3a","dataSize":"12","replicationType":"RATIS","replicationFactor":"ONE","Transaction":"1687"} | ret=SUCCESS |  
2025-10-17 11:03:04,132 | INFO  | OMAudit | user=runner | ip=127.0.0.1 | op=COMMIT_KEY {"volume":"599c89b3-982b-47b6-b95c-5e9d397029a0","bucket":"0f77b6c1-456b-469f-9704-812ba4ac03ab","key":"3d39c149-af15-427e-bf14-58306d667e3a","dataSize":"12","replicationType":"RATIS","replicationFactor":"ONE","Transaction":"1688"} | ret=SUCCESS |  
2025-10-17 11:03:04,134 | INFO  | OMAudit | user=runner | ip=127.0.0.1 | op=READ_KEY {"volume":"599c89b3-982b-47b6-b95c-5e9d397029a0","bucket":"0f77b6c1-456b-469f-9704-812ba4ac03ab","key":"3d39c149-af15-427e-bf14-58306d667e3a","owner":null,"dataSize":"0","replicationConfig":null} | ret=SUCCESS |  
2025-10-17 11:03:04,135 | INFO  | OMAudit | user=runner | ip=127.0.0.1 | op=READ_KEY {"volume":"599c89b3-982b-47b6-b95c-5e9d397029a0","bucket":"0f77b6c1-456b-469f-9704-812ba4ac03ab","key":"3d39c149-af15-427e-bf14-58306d667e3a","owner":null,"dataSize":"0","replicationConfig":null} | ret=SUCCESS |  
2025-10-17 11:03:04,138 [om1-KeyDeletingService#8] INFO  service.KeyDeletingService (KeyDeletingService.java:processKeyDeletes(151)) - Send 1 key(s) to SCM, first 1 keys: [PurgedKey{blockGroup=BlockGroup[groupID='/7d1239fd-7c63-44be-bb9d-7abcba1f6f16/29ee2250-9fe2-4eef-93f1-f28a1301d4d4/f0019589-5be9-4135-aff1-76cada8f1e67/-9223372036854345472/0', blockIDs=[conID: 16 locID: 115816896921600461 bcsId: 0 replicaIndex: null, conID: 21 locID: 115816896921600456 bcsId: 0 replicaIndex: null, conID: 22 locID: 115816896921600457 bcsId: 0 replicaIndex: null, conID: 21 locID: 115816896921600458 bcsId: 0 replicaIndex: null, conID: 16 locID: 115816896921600459 bcsId: 0 replicaIndex: null, conID: 16 locID: 115816896921600460 bcsId: 0 replicaIndex: null]], volume='7d1239fd-7c63-44be-bb9d-7abcba1f6f16', bucket='29ee2250-9fe2-4eef-93f1-f28a1301d4d4', bucketId=-9223372036854346496, purgedBytes=75497472, isCommittedKey=false, deleteKeyName='/7d1239fd-7c63-44be-bb9d-7abcba1f6f16/29ee2250-9fe2-4eef-93f1-f28a1301d4d4/f0019589-5be9-4135-aff1-76cada8f1e67/-9223372036854345472'}]
2025-10-17 11:03:04,139 | INFO  | SCMAudit | user=runner | ip=127.0.0.1 | op=DELETE_KEY_BLOCK {"KeyBlockToDelete":"[BlockGroup[groupID='/7d1239fd-7c63-44be-bb9d-7abcba1f6f16/29ee2250-9fe2-4eef-93f1-f28a1301d4d4/f0019589-5be9-4135-aff1-76cada8f1e67/-9223372036854345472/0', blockIDs=[conID: 16 locID: 115816896921600461 bcsId: 0 replicaIndex: null, conID: 21 locID: 115816896921600456 bcsId: 0 replicaIndex: null, conID: 22 locID: 115816896921600457 bcsId: 0 replicaIndex: null, conID: 21 locID: 115816896921600458 bcsId: 0 replicaIndex: null, conID: 16 locID: 115816896921600459 bcsId: 0 replicaIndex: null, conID: 16 locID: 115816896921600460 bcsId: 0 replicaIndex: null]]]"} | ret=SUCCESS |  
2025-10-17 11:03:04,140 [om1-KeyDeletingService#8] INFO  service.KeyDeletingService (KeyDeletingService.java:processKeyDeletes(158)) - 1 BlockGroup deletion are acked by SCM in 2 ms
2025-10-17 11:03:04,141 [om1-KeyDeletingService#8] INFO  service.KeyDeletingService (KeyDeletingService.java:processKeyDeletes(166)) - Blocks for 1 (out of 1) keys are deleted from DB in 1 ms. Limit per task is 50000.
2025-10-17 11:03:04,141 | INFO  | SCMAudit | user=runner | ip=127.0.0.1 | op=GET_CONTAINER_WITH_PIPELINE_BATCH {"containerIDs":"#5,"} | ret=SUCCESS |  
2025-10-17 11:03:04,142 | INFO  | OMAudit | user=null | ip= | op=READ_KEY {"volume":"599c89b3-982b-47b6-b95c-5e9d397029a0","bucket":"0f77b6c1-456b-469f-9704-812ba4ac03ab","key":"3d39c149-af15-427e-bf14-58306d667e3a","owner":null,"dataSize":"0","replicationConfig":null} | ret=SUCCESS |  
2025-10-17 11:03:04,143 | INFO  | SCMAudit | user=runner | ip=127.0.0.1 | op=GET_CONTAINER {"containerID":"5"} | ret=SUCCESS |  
2025-10-17 11:03:04,144 | INFO  | OMAudit | user=runner | ip=127.0.0.1 | op=READ_BUCKET {"volume":"599c89b3-982b-47b6-b95c-5e9d397029a0","bucket":"0f77b6c1-456b-469f-9704-812ba4ac03ab"} | ret=SUCCESS |  
2025-10-17 11:03:04,144 | INFO  | SCMAudit | user=runner | ip=127.0.0.1 | op=ALLOCATE_BLOCK {"replication":"RATIS/ONE","owner":"omServiceIdDefault","size":"4194304","sampleBlocks":"[conID: 10 locID: 115816896921600464]","num":"1","client":"","allocated":"1"} | ret=SUCCESS |  
2025-10-17 11:03:04,146 | INFO  | OMAudit | user=runner | ip=127.0.0.1 | op=ALLOCATE_KEY {"volume":"599c89b3-982b-47b6-b95c-5e9d397029a0","bucket":"0f77b6c1-456b-469f-9704-812ba4ac03ab","key":"60674a7d-80d0-440a-9ee9-216af04d98e2","dataSize":"12","replicationType":"RATIS","replicationFactor":"ONE","Transaction":"1690"} | ret=SUCCESS |  
2025-10-17 11:03:04,151 | INFO  | OMAudit | user=runner | ip=127.0.0.1 | op=COMMIT_KEY {"volume":"599c89b3-982b-47b6-b95c-5e9d397029a0","bucket":"0f77b6c1-456b-469f-9704-812ba4ac03ab","key":"60674a7d-80d0-440a-9ee9-216af04d98e2","dataSize":"12","replicationType":"RATIS","replicationFactor":"ONE","Transaction":"1691"} | ret=SUCCESS |  
2025-10-17 11:03:04,153 | INFO  | OMAudit | user=runner | ip=127.0.0.1 | op=READ_KEY {"volume":"599c89b3-982b-47b6-b95c-5e9d397029a0","bucket":"0f77b6c1-456b-469f-9704-812ba4ac03ab","key":"60674a7d-80d0-440a-9ee9-216af04d98e2","owner":null,"dataSize":"0","replicationConfig":null} | ret=SUCCESS |  
2025-10-17 11:03:04,154 | INFO  | OMAudit | user=runner | ip=127.0.0.1 | op=READ_KEY {"volume":"599c89b3-982b-47b6-b95c-5e9d397029a0","bucket":"0f77b6c1-456b-469f-9704-812ba4ac03ab","key":"60674a7d-80d0-440a-9ee9-216af04d98e2","owner":null,"dataSize":"0","replicationConfig":null} | ret=SUCCESS |  
2025-10-17 11:03:04,161 | INFO  | SCMAudit | user=runner | ip=127.0.0.1 | op=GET_CONTAINER_WITH_PIPELINE_BATCH {"containerIDs":"#10,"} | ret=SUCCESS |  
2025-10-17 11:03:04,161 | INFO  | OMAudit | user=null | ip= | op=READ_KEY {"volume":"599c89b3-982b-47b6-b95c-5e9d397029a0","bucket":"0f77b6c1-456b-469f-9704-812ba4ac03ab","key":"60674a7d-80d0-440a-9ee9-216af04d98e2","owner":null,"dataSize":"0","replicationConfig":null} | ret=SUCCESS |  
2025-10-17 11:03:04,162 | INFO  | SCMAudit | user=runner | ip=127.0.0.1 | op=GET_CONTAINER {"containerID":"10"} | ret=SUCCESS |  
2025-10-17 11:03:04,163 | INFO  | OMAudit | user=runner | ip=127.0.0.1 | op=READ_BUCKET {"volume":"599c89b3-982b-47b6-b95c-5e9d397029a0","bucket":"0f77b6c1-456b-469f-9704-812ba4ac03ab"} | ret=SUCCESS |  
2025-10-17 11:03:04,163 | INFO  | SCMAudit | user=runner | ip=127.0.0.1 | op=ALLOCATE_BLOCK {"replication":"RATIS/ONE","owner":"omServiceIdDefault","size":"4194304","sampleBlocks":"[conID: 6 locID: 115816896921600465]","num":"1","client":"","allocated":"1"} | ret=SUCCESS |  
2025-10-17 11:03:04,165 | INFO  | OMAudit | user=runner | ip=127.0.0.1 | op=ALLOCATE_KEY {"volume":"599c89b3-982b-47b6-b95c-5e9d397029a0","bucket":"0f77b6c1-456b-469f-9704-812ba4ac03ab","key":"e5b46776-6bb4-4a13-afaa-d024325ad3bd","dataSize":"12","replicationType":"RATIS","replicationFactor":"ONE","Transaction":"1692"} | ret=SUCCESS |  
2025-10-17 11:03:04,171 | INFO  | OMAudit | user=runner | ip=127.0.0.1 | op=COMMIT_KEY {"volume":"599c89b3-982b-47b6-b95c-5e9d397029a0","bucket":"0f77b6c1-456b-469f-9704-812ba4ac03ab","key":"e5b46776-6bb4-4a13-afaa-d024325ad3bd","dataSize":"12","replicationType":"RATIS","replicationFactor":"ONE","Transaction":"1693"} | ret=SUCCESS |  
2025-10-17 11:03:04,173 | INFO  | OMAudit | user=runner | ip=127.0.0.1 | op=READ_KEY {"volume":"599c89b3-982b-47b6-b95c-5e9d397029a0","bucket":"0f77b6c1-456b-469f-9704-812ba4ac03ab","key":"e5b46776-6bb4-4a13-afaa-d024325ad3bd","owner":null,"dataSize":"0","replicationConfig":null} | ret=SUCCESS |  
2025-10-17 11:03:04,174 | INFO  | OMAudit | user=runner | ip=127.0.0.1 | op=READ_KEY {"volume":"599c89b3-982b-47b6-b95c-5e9d397029a0","bucket":"0f77b6c1-456b-469f-9704-812ba4ac03ab","key":"e5b46776-6bb4-4a13-afaa-d024325ad3bd","owner":null,"dataSize":"0","replicationConfig":null} | ret=SUCCESS |  
2025-10-17 11:03:04,180 | INFO  | SCMAudit | user=runner | ip=127.0.0.1 | op=GET_CONTAINER_WITH_PIPELINE_BATCH {"containerIDs":"#6,"} | ret=SUCCESS |  
2025-10-17 11:03:04,181 | INFO  | OMAudit | user=null | ip= | op=READ_KEY {"volume":"599c89b3-982b-47b6-b95c-5e9d397029a0","bucket":"0f77b6c1-456b-469f-9704-812ba4ac03ab","key":"e5b46776-6bb4-4a13-afaa-d024325ad3bd","owner":null,"dataSize":"0","replicationConfig":null} | ret=SUCCESS |  
2025-10-17 11:03:04,181 | INFO  | SCMAudit | user=runner | ip=127.0.0.1 | op=GET_CONTAINER {"containerID":"6"} | ret=SUCCESS |  
2025-10-17 11:03:04,182 | INFO  | OMAudit | user=runner | ip=127.0.0.1 | op=READ_BUCKET {"volume":"599c89b3-982b-47b6-b95c-5e9d397029a0","bucket":"0f77b6c1-456b-469f-9704-812ba4ac03ab"} | ret=SUCCESS |  
2025-10-17 11:03:04,183 | INFO  | SCMAudit | user=runner | ip=127.0.0.1 | op=ALLOCATE_BLOCK {"replication":"RATIS/ONE","owner":"omServiceIdDefault","size":"4194304","sampleBlocks":"[conID: 12 locID: 115816896921600466]","num":"1","client":"","allocated":"1"} | ret=SUCCESS |  
2025-10-17 11:03:04,185 | INFO  | OMAudit | user=runner | ip=127.0.0.1 | op=ALLOCATE_KEY {"volume":"599c89b3-982b-47b6-b95c-5e9d397029a0","bucket":"0f77b6c1-456b-469f-9704-812ba4ac03ab","key":"6f6dc21b-c247-4605-a138-1158400087ab","dataSize":"12","replicationType":"RATIS","replicationFactor":"ONE","Transaction":"1694"} | ret=SUCCESS |  
2025-10-17 11:03:04,190 | INFO  | OMAudit | user=runner | ip=127.0.0.1 | op=COMMIT_KEY {"volume":"599c89b3-982b-47b6-b95c-5e9d397029a0","bucket":"0f77b6c1-456b-469f-9704-812ba4ac03ab","key":"6f6dc21b-c247-4605-a138-1158400087ab","dataSize":"12","replicationType":"RATIS","replicationFactor":"ONE","Transaction":"1695"} | ret=SUCCESS |  
2025-10-17 11:03:04,191 | INFO  | OMAudit | user=runner | ip=127.0.0.1 | op=READ_KEY {"volume":"599c89b3-982b-47b6-b95c-5e9d397029a0","bucket":"0f77b6c1-456b-469f-9704-812ba4ac03ab","key":"6f6dc21b-c247-4605-a138-1158400087ab","owner":null,"dataSize":"0","replicationConfig":null} | ret=SUCCESS |  
2025-10-17 11:03:04,193 | INFO  | OMAudit | user=runner | ip=127.0.0.1 | op=READ_KEY {"volume":"599c89b3-982b-47b6-b95c-5e9d397029a0","bucket":"0f77b6c1-456b-469f-9704-812ba4ac03ab","key":"6f6dc21b-c247-4605-a138-1158400087ab","owner":null,"dataSize":"0","replicationConfig":null} | ret=SUCCESS |  
2025-10-17 11:03:04,197 | INFO  | SCMAudit | user=runner | ip=127.0.0.1 | op=GET_CONTAINER_WITH_PIPELINE_BATCH {"containerIDs":"#12,"} | ret=SUCCESS |  
2025-10-17 11:03:04,197 | INFO  | OMAudit | user=null | ip= | op=READ_KEY {"volume":"599c89b3-982b-47b6-b95c-5e9d397029a0","bucket":"0f77b6c1-456b-469f-9704-812ba4ac03ab","key":"6f6dc21b-c247-4605-a138-1158400087ab","owner":null,"dataSize":"0","replicationConfig":null} | ret=SUCCESS |  
2025-10-17 11:03:04,198 | INFO  | SCMAudit | user=runner | ip=127.0.0.1 | op=GET_CONTAINER {"containerID":"12"} | ret=SUCCESS |  
2025-10-17 11:03:04,198 | INFO  | OMAudit | user=runner | ip=127.0.0.1 | op=READ_BUCKET {"volume":"599c89b3-982b-47b6-b95c-5e9d397029a0","bucket":"0f77b6c1-456b-469f-9704-812ba4ac03ab"} | ret=SUCCESS |  
2025-10-17 11:03:04,199 | INFO  | SCMAudit | user=runner | ip=127.0.0.1 | op=ALLOCATE_BLOCK {"replication":"RATIS/ONE","owner":"omServiceIdDefault","size":"4194304","sampleBlocks":"[conID: 2 locID: 115816896921600467]","num":"1","client":"","allocated":"1"} | ret=SUCCESS |  
2025-10-17 11:03:04,200 | INFO  | OMAudit | user=runner | ip=127.0.0.1 | op=ALLOCATE_KEY {"volume":"599c89b3-982b-47b6-b95c-5e9d397029a0","bucket":"0f77b6c1-456b-469f-9704-812ba4ac03ab","key":"d4c53c34-d52b-4d75-a469-1556b11f1c5d","dataSize":"12","replicationType":"RATIS","replicationFactor":"ONE","Transaction":"1696"} | ret=SUCCESS |  
2025-10-17 11:03:04,206 | INFO  | OMAudit | user=runner | ip=127.0.0.1 | op=COMMIT_KEY {"volume":"599c89b3-982b-47b6-b95c-5e9d397029a0","bucket":"0f77b6c1-456b-469f-9704-812ba4ac03ab","key":"d4c53c34-d52b-4d75-a469-1556b11f1c5d","dataSize":"12","replicationType":"RATIS","replicationFactor":"ONE","Transaction":"1697"} | ret=SUCCESS |  
2025-10-17 11:03:04,207 | INFO  | OMAudit | user=runner | ip=127.0.0.1 | op=READ_KEY {"volume":"599c89b3-982b-47b6-b95c-5e9d397029a0","bucket":"0f77b6c1-456b-469f-9704-812ba4ac03ab","key":"d4c53c34-d52b-4d75-a469-1556b11f1c5d","owner":null,"dataSize":"0","replicationConfig":null} | ret=SUCCESS |  
2025-10-17 11:03:04,208 | INFO  | OMAudit | user=runner | ip=127.0.0.1 | op=READ_KEY {"volume":"599c89b3-982b-47b6-b95c-5e9d397029a0","bucket":"0f77b6c1-456b-469f-9704-812ba4ac03ab","key":"d4c53c34-d52b-4d75-a469-1556b11f1c5d","owner":null,"dataSize":"0","replicationConfig":null} | ret=SUCCESS |  
2025-10-17 11:03:04,214 | INFO  | SCMAudit | user=runner | ip=127.0.0.1 | op=GET_CONTAINER_WITH_PIPELINE_BATCH {"containerIDs":"#2,"} | ret=SUCCESS |  
2025-10-17 11:03:04,214 | INFO  | OMAudit | user=null | ip= | op=READ_KEY {"volume":"599c89b3-982b-47b6-b95c-5e9d397029a0","bucket":"0f77b6c1-456b-469f-9704-812ba4ac03ab","key":"d4c53c34-d52b-4d75-a469-1556b11f1c5d","owner":null,"dataSize":"0","replicationConfig":null} | ret=SUCCESS |  
2025-10-17 11:03:04,215 | INFO  | SCMAudit | user=runner | ip=127.0.0.1 | op=GET_CONTAINER {"containerID":"2"} | ret=SUCCESS |  
2025-10-17 11:03:04,220 | INFO  | OMAudit | user=runner | ip=127.0.0.1 | op=READ_BUCKET {"volume":"599c89b3-982b-47b6-b95c-5e9d397029a0","bucket":"0f77b6c1-456b-469f-9704-812ba4ac03ab"} | ret=SUCCESS |  
2025-10-17 11:03:04,221 | INFO  | SCMAudit | user=runner | ip=127.0.0.1 | op=ALLOCATE_BLOCK {"replication":"RATIS/ONE","owner":"omServiceIdDefault","size":"4194304","sampleBlocks":"[conID: 3 locID: 115816896921600468]","num":"1","client":"","allocated":"1"} | ret=SUCCESS |  
2025-10-17 11:03:04,222 | INFO  | SCMAudit | user=runner | ip=127.0.0.1 | op=SEND_HEARTBEAT {"datanodeUUID":"50dccd39-549f-4f43-8b1f-597bf98f9c16","term":"2","command":"[]"} | ret=SUCCESS |  
2025-10-17 11:03:04,227 | INFO  | OMAudit | user=runner | ip=127.0.0.1 | op=ALLOCATE_KEY {"volume":"599c89b3-982b-47b6-b95c-5e9d397029a0","bucket":"0f77b6c1-456b-469f-9704-812ba4ac03ab","key":"99c0ca8b-05f4-43f1-be1e-c49b2b4fcbb3","dataSize":"12","replicationType":"RATIS","replicationFactor":"ONE","Transaction":"1698"} | ret=SUCCESS |  
2025-10-17 11:03:04,240 | INFO  | OMAudit | user=runner | ip=127.0.0.1 | op=COMMIT_KEY {"volume":"599c89b3-982b-47b6-b95c-5e9d397029a0","bucket":"0f77b6c1-456b-469f-9704-812ba4ac03ab","key":"99c0ca8b-05f4-43f1-be1e-c49b2b4fcbb3","dataSize":"12","replicationType":"RATIS","replicationFactor":"ONE","Transaction":"1699"} | ret=SUCCESS |  
2025-10-17 11:03:04,242 | INFO  | OMAudit | user=runner | ip=127.0.0.1 | op=READ_KEY {"volume":"599c89b3-982b-47b6-b95c-5e9d397029a0","bucket":"0f77b6c1-456b-469f-9704-812ba4ac03ab","key":"99c0ca8b-05f4-43f1-be1e-c49b2b4fcbb3","owner":null,"dataSize":"0","replicationConfig":null} | ret=SUCCESS |  
2025-10-17 11:03:04,244 | INFO  | OMAudit | user=runner | ip=127.0.0.1 | op=READ_KEY {"volume":"599c89b3-982b-47b6-b95c-5e9d397029a0","bucket":"0f77b6c1-456b-469f-9704-812ba4ac03ab","key":"99c0ca8b-05f4-43f1-be1e-c49b2b4fcbb3","owner":null,"dataSize":"0","replicationConfig":null} | ret=SUCCESS |  
2025-10-17 11:03:04,248 | INFO  | SCMAudit | user=runner | ip=127.0.0.1 | op=GET_CONTAINER_WITH_PIPELINE_BATCH {"containerIDs":"#3,"} | ret=SUCCESS |  
2025-10-17 11:03:04,249 | INFO  | OMAudit | user=null | ip= | op=READ_KEY {"volume":"599c89b3-982b-47b6-b95c-5e9d397029a0","bucket":"0f77b6c1-456b-469f-9704-812ba4ac03ab","key":"99c0ca8b-05f4-43f1-be1e-c49b2b4fcbb3","owner":null,"dataSize":"0","replicationConfig":null} | ret=SUCCESS |  
2025-10-17 11:03:04,249 | INFO  | SCMAudit | user=runner | ip=127.0.0.1 | op=GET_CONTAINER {"containerID":"3"} | ret=SUCCESS |  
2025-10-17 11:03:04,250 | INFO  | OMAudit | user=runner | ip=127.0.0.1 | op=READ_BUCKET {"volume":"599c89b3-982b-47b6-b95c-5e9d397029a0","bucket":"0f77b6c1-456b-469f-9704-812ba4ac03ab"} | ret=SUCCESS |  
2025-10-17 11:03:04,251 | INFO  | SCMAudit | user=runner | ip=127.0.0.1 | op=ALLOCATE_BLOCK {"replication":"RATIS/ONE","owner":"omServiceIdDefault","size":"4194304","sampleBlocks":"[conID: 6 locID: 115816896921600469]","num":"1","client":"","allocated":"1"} | ret=SUCCESS |  
2025-10-17 11:03:04,253 | INFO  | OMAudit | user=runner | ip=127.0.0.1 | op=ALLOCATE_KEY {"volume":"599c89b3-982b-47b6-b95c-5e9d397029a0","bucket":"0f77b6c1-456b-469f-9704-812ba4ac03ab","key":"fedc87e3-09d4-4f87-8301-920043f19654","dataSize":"12","replicationType":"RATIS","replicationFactor":"ONE","Transaction":"1700"} | ret=SUCCESS |  
2025-10-17 11:03:04,259 | INFO  | OMAudit | user=runner | ip=127.0.0.1 | op=COMMIT_KEY {"volume":"599c89b3-982b-47b6-b95c-5e9d397029a0","bucket":"0f77b6c1-456b-469f-9704-812ba4ac03ab","key":"fedc87e3-09d4-4f87-8301-920043f19654","dataSize":"12","replicationType":"RATIS","replicationFactor":"ONE","Transaction":"1701"} | ret=SUCCESS |  
2025-10-17 11:03:04,260 | INFO  | OMAudit | user=runner | ip=127.0.0.1 | op=READ_KEY {"volume":"599c89b3-982b-47b6-b95c-5e9d397029a0","bucket":"0f77b6c1-456b-469f-9704-812ba4ac03ab","key":"fedc87e3-09d4-4f87-8301-920043f19654","owner":null,"dataSize":"0","replicationConfig":null} | ret=SUCCESS |  
2025-10-17 11:03:04,262 | INFO  | OMAudit | user=runner | ip=127.0.0.1 | op=READ_KEY {"volume":"599c89b3-982b-47b6-b95c-5e9d397029a0","bucket":"0f77b6c1-456b-469f-9704-812ba4ac03ab","key":"fedc87e3-09d4-4f87-8301-920043f19654","owner":null,"dataSize":"0","replicationConfig":null} | ret=SUCCESS |  
2025-10-17 11:03:04,266 | INFO  | SCMAudit | user=runner | ip=127.0.0.1 | op=GET_CONTAINER_WITH_PIPELINE_BATCH {"containerIDs":"#6,"} | ret=SUCCESS |  
2025-10-17 11:03:04,267 | INFO  | OMAudit | user=null | ip= | op=READ_KEY {"volume":"599c89b3-982b-47b6-b95c-5e9d397029a0","bucket":"0f77b6c1-456b-469f-9704-812ba4ac03ab","key":"fedc87e3-09d4-4f87-8301-920043f19654","owner":null,"dataSize":"0","replicationConfig":null} | ret=SUCCESS |  
2025-10-17 11:03:04,267 | INFO  | SCMAudit | user=runner | ip=127.0.0.1 | op=GET_CONTAINER {"containerID":"6"} | ret=SUCCESS |  
2025-10-17 11:03:04,268 | INFO  | OMAudit | user=runner | ip=127.0.0.1 | op=READ_BUCKET {"volume":"599c89b3-982b-47b6-b95c-5e9d397029a0","bucket":"0f77b6c1-456b-469f-9704-812ba4ac03ab"} | ret=SUCCESS |  
2025-10-17 11:03:04,269 | INFO  | SCMAudit | user=runner | ip=127.0.0.1 | op=ALLOCATE_BLOCK {"replication":"RATIS/ONE","owner":"omServiceIdDefault","size":"4194304","sampleBlocks":"[conID: 4 locID: 115816896921600470]","num":"1","client":"","allocated":"1"} | ret=SUCCESS |  
2025-10-17 11:03:04,270 | INFO  | OMAudit | user=runner | ip=127.0.0.1 | op=ALLOCATE_KEY {"volume":"599c89b3-982b-47b6-b95c-5e9d397029a0","bucket":"0f77b6c1-456b-469f-9704-812ba4ac03ab","key":"609fad7f-2f25-44b1-9bb1-97036de85e88","dataSize":"12","replicationType":"RATIS","replicationFactor":"ONE","Transaction":"1702"} | ret=SUCCESS |  
2025-10-17 11:03:04,275 | INFO  | OMAudit | user=runner | ip=127.0.0.1 | op=COMMIT_KEY {"volume":"599c89b3-982b-47b6-b95c-5e9d397029a0","bucket":"0f77b6c1-456b-469f-9704-812ba4ac03ab","key":"609fad7f-2f25-44b1-9bb1-97036de85e88","dataSize":"12","replicationType":"RATIS","replicationFactor":"ONE","Transaction":"1703"} | ret=SUCCESS |  
2025-10-17 11:03:04,276 | INFO  | OMAudit | user=runner | ip=127.0.0.1 | op=READ_KEY {"volume":"599c89b3-982b-47b6-b95c-5e9d397029a0","bucket":"0f77b6c1-456b-469f-9704-812ba4ac03ab","key":"609fad7f-2f25-44b1-9bb1-97036de85e88","owner":null,"dataSize":"0","replicationConfig":null} | ret=SUCCESS |  
2025-10-17 11:03:04,277 | INFO  | OMAudit | user=runner | ip=127.0.0.1 | op=READ_KEY {"volume":"599c89b3-982b-47b6-b95c-5e9d397029a0","bucket":"0f77b6c1-456b-469f-9704-812ba4ac03ab","key":"609fad7f-2f25-44b1-9bb1-97036de85e88","owner":null,"dataSize":"0","replicationConfig":null} | ret=SUCCESS |  
2025-10-17 11:03:04,280 | INFO  | SCMAudit | user=runner | ip=127.0.0.1 | op=GET_CONTAINER_WITH_PIPELINE_BATCH {"containerIDs":"#4,"} | ret=SUCCESS |  
2025-10-17 11:03:04,280 | INFO  | OMAudit | user=null | ip= | op=READ_KEY {"volume":"599c89b3-982b-47b6-b95c-5e9d397029a0","bucket":"0f77b6c1-456b-469f-9704-812ba4ac03ab","key":"609fad7f-2f25-44b1-9bb1-97036de85e88","owner":null,"dataSize":"0","replicationConfig":null} | ret=SUCCESS |  
2025-10-17 11:03:04,281 | INFO  | SCMAudit | user=runner | ip=127.0.0.1 | op=GET_CONTAINER {"containerID":"4"} | ret=SUCCESS |  
2025-10-17 11:03:04,282 | INFO  | OMAudit | user=runner | ip=127.0.0.1 | op=READ_BUCKET {"volume":"599c89b3-982b-47b6-b95c-5e9d397029a0","bucket":"0f77b6c1-456b-469f-9704-812ba4ac03ab"} | ret=SUCCESS |  
2025-10-17 11:03:04,282 | INFO  | SCMAudit | user=runner | ip=127.0.0.1 | op=ALLOCATE_BLOCK {"replication":"RATIS/ONE","owner":"omServiceIdDefault","size":"4194304","sampleBlocks":"[conID: 1 locID: 115816896921600471]","num":"1","client":"","allocated":"1"} | ret=SUCCESS |  
2025-10-17 11:03:04,284 | INFO  | OMAudit | user=runner | ip=127.0.0.1 | op=ALLOCATE_KEY {"volume":"599c89b3-982b-47b6-b95c-5e9d397029a0","bucket":"0f77b6c1-456b-469f-9704-812ba4ac03ab","key":"c699eb82-758d-4b3c-bf3b-f03fde37fc3a","dataSize":"12","replicationType":"RATIS","replicationFactor":"ONE","Transaction":"1704"} | ret=SUCCESS |  
2025-10-17 11:03:04,290 | INFO  | OMAudit | user=runner | ip=127.0.0.1 | op=COMMIT_KEY {"volume":"599c89b3-982b-47b6-b95c-5e9d397029a0","bucket":"0f77b6c1-456b-469f-9704-812ba4ac03ab","key":"c699eb82-758d-4b3c-bf3b-f03fde37fc3a","dataSize":"12","replicationType":"RATIS","replicationFactor":"ONE","Transaction":"1705"} | ret=SUCCESS |  
2025-10-17 11:03:04,291 | INFO  | OMAudit | user=runner | ip=127.0.0.1 | op=READ_KEY {"volume":"599c89b3-982b-47b6-b95c-5e9d397029a0","bucket":"0f77b6c1-456b-469f-9704-812ba4ac03ab","key":"c699eb82-758d-4b3c-bf3b-f03fde37fc3a","owner":null,"dataSize":"0","replicationConfig":null} | ret=SUCCESS |  
2025-10-17 11:03:04,292 | INFO  | OMAudit | user=runner | ip=127.0.0.1 | op=READ_KEY {"volume":"599c89b3-982b-47b6-b95c-5e9d397029a0","bucket":"0f77b6c1-456b-469f-9704-812ba4ac03ab","key":"c699eb82-758d-4b3c-bf3b-f03fde37fc3a","owner":null,"dataSize":"0","replicationConfig":null} | ret=SUCCESS |  
2025-10-17 11:03:04,296 | INFO  | SCMAudit | user=runner | ip=127.0.0.1 | op=GET_CONTAINER_WITH_PIPELINE_BATCH {"containerIDs":"#1,"} | ret=SUCCESS |  
2025-10-17 11:03:04,297 | INFO  | OMAudit | user=null | ip= | op=READ_KEY {"volume":"599c89b3-982b-47b6-b95c-5e9d397029a0","bucket":"0f77b6c1-456b-469f-9704-812ba4ac03ab","key":"c699eb82-758d-4b3c-bf3b-f03fde37fc3a","owner":null,"dataSize":"0","replicationConfig":null} | ret=SUCCESS |  
2025-10-17 11:03:04,297 | INFO  | SCMAudit | user=runner | ip=127.0.0.1 | op=GET_CONTAINER {"containerID":"1"} | ret=SUCCESS |  
]]></system-out>
  </testcase>
  <testcase name="testPutKeyRatisOneNode" classname="org.apache.hadoop.ozone.client.rpc.TestSecureOzoneRpcClient" time="0.166">
    <system-out><![CDATA[2025-10-17 11:03:04,299 [ForkJoinPool-1-worker-1] INFO  rpc.RpcClient (RpcClient.java:createVolume(461)) - Creating Volume: 188b2992-b565-4c3c-a057-c2d44b33cac4, with runner as owner and space quota set to -1 bytes, counts quota set to -1
2025-10-17 11:03:04,300 [om1-OMStateMachineApplyTransactionThread - 0] INFO  volume.OMVolumeCreateRequest (OMVolumeCreateRequest.java:validateAndUpdateCache(213)) - created volume:188b2992-b565-4c3c-a057-c2d44b33cac4 for user:runner
2025-10-17 11:03:04,300 | INFO  | OMAudit | user=runner | ip=127.0.0.1 | op=CREATE_VOLUME {"admin":"runner","owner":"runner","volume":"188b2992-b565-4c3c-a057-c2d44b33cac4","creationTime":"1760698984299","modificationTime":"1760698984299","quotaInBytes":"-1","quotaInNamespace":"-1","usedNamespace":"0","objectID":"-9223372036854339072","updateID":"1706","Transaction":"1706"} | ret=SUCCESS |  
2025-10-17 11:03:04,301 | INFO  | OMAudit | user=runner | ip=127.0.0.1 | op=READ_VOLUME {"volume":"188b2992-b565-4c3c-a057-c2d44b33cac4"} | ret=SUCCESS |  
2025-10-17 11:03:04,301 [ForkJoinPool-1-worker-1] INFO  rpc.RpcClient (RpcClient.java:createBucket(686)) - Creating Bucket: 188b2992-b565-4c3c-a057-c2d44b33cac4/881fdfdd-56ff-42ed-b83a-1cd5a8160a30, with server-side default bucket layout, runner as owner, Versioning false, Storage Type set to DISK and Encryption set to false, Replication Type set to server-side default replication type, Namespace Quota set to -1, Space Quota set to -1 
2025-10-17 11:03:04,302 [om1-OMStateMachineApplyTransactionThread - 0] INFO  bucket.OMBucketCreateRequest (OMBucketCreateRequest.java:validateAndUpdateCache(303)) - created bucket: 881fdfdd-56ff-42ed-b83a-1cd5a8160a30 of layout FILE_SYSTEM_OPTIMIZED in volume: 188b2992-b565-4c3c-a057-c2d44b33cac4
2025-10-17 11:03:04,303 | INFO  | OMAudit | user=runner | ip=127.0.0.1 | op=CREATE_BUCKET {"volume":"188b2992-b565-4c3c-a057-c2d44b33cac4","bucket":"881fdfdd-56ff-42ed-b83a-1cd5a8160a30","bucketLayout":"FILE_SYSTEM_OPTIMIZED","gdprEnabled":null,"acls":"[user:runner:a[ACCESS], group:runner:rl[ACCESS]]","isVersionEnabled":"false","storageType":"DISK","creationTime":"1760698984302","bucketEncryptionKey":null,"modificationTime":"1760698984302","usedBytes":"0","usedNamespace":"0","snapshotUsedBytes":"0","snapshotUsedNamespace":"0","owner":"runner","replicationType":null,"replicationConfig":null,"quotaInBytes":"-1","quotaInNamespace":"-1","Transaction":"1707"} | ret=SUCCESS |  
2025-10-17 11:03:04,303 | INFO  | OMAudit | user=runner | ip=127.0.0.1 | op=READ_BUCKET {"volume":"188b2992-b565-4c3c-a057-c2d44b33cac4","bucket":"881fdfdd-56ff-42ed-b83a-1cd5a8160a30"} | ret=SUCCESS |  
2025-10-17 11:03:04,304 | INFO  | OMAudit | user=runner | ip=127.0.0.1 | op=READ_BUCKET {"volume":"188b2992-b565-4c3c-a057-c2d44b33cac4","bucket":"881fdfdd-56ff-42ed-b83a-1cd5a8160a30"} | ret=SUCCESS |  
2025-10-17 11:03:04,304 | INFO  | SCMAudit | user=runner | ip=127.0.0.1 | op=ALLOCATE_BLOCK {"replication":"RATIS/ONE","owner":"omServiceIdDefault","size":"4194304","sampleBlocks":"[conID: 8 locID: 115816896921600472]","num":"1","client":"","allocated":"1"} | ret=SUCCESS |  
2025-10-17 11:03:04,306 | INFO  | OMAudit | user=runner | ip=127.0.0.1 | op=ALLOCATE_KEY {"volume":"188b2992-b565-4c3c-a057-c2d44b33cac4","bucket":"881fdfdd-56ff-42ed-b83a-1cd5a8160a30","key":"e1518331-42ab-4b6d-9f74-de86ee604cc4","dataSize":"12","replicationType":"RATIS","replicationFactor":"ONE","Transaction":"1708"} | ret=SUCCESS |  
2025-10-17 11:03:04,313 | INFO  | OMAudit | user=runner | ip=127.0.0.1 | op=COMMIT_KEY {"volume":"188b2992-b565-4c3c-a057-c2d44b33cac4","bucket":"881fdfdd-56ff-42ed-b83a-1cd5a8160a30","key":"e1518331-42ab-4b6d-9f74-de86ee604cc4","dataSize":"12","replicationType":"RATIS","replicationFactor":"ONE","Transaction":"1709"} | ret=SUCCESS |  
2025-10-17 11:03:04,314 | INFO  | OMAudit | user=runner | ip=127.0.0.1 | op=READ_KEY {"volume":"188b2992-b565-4c3c-a057-c2d44b33cac4","bucket":"881fdfdd-56ff-42ed-b83a-1cd5a8160a30","key":"e1518331-42ab-4b6d-9f74-de86ee604cc4","owner":null,"dataSize":"0","replicationConfig":null} | ret=SUCCESS |  
2025-10-17 11:03:04,316 | INFO  | OMAudit | user=runner | ip=127.0.0.1 | op=READ_KEY {"volume":"188b2992-b565-4c3c-a057-c2d44b33cac4","bucket":"881fdfdd-56ff-42ed-b83a-1cd5a8160a30","key":"e1518331-42ab-4b6d-9f74-de86ee604cc4","owner":null,"dataSize":"0","replicationConfig":null} | ret=SUCCESS |  
2025-10-17 11:03:04,321 | INFO  | SCMAudit | user=runner | ip=127.0.0.1 | op=GET_CONTAINER_WITH_PIPELINE_BATCH {"containerIDs":"#8,"} | ret=SUCCESS |  
2025-10-17 11:03:04,322 | INFO  | OMAudit | user=null | ip= | op=READ_KEY {"volume":"188b2992-b565-4c3c-a057-c2d44b33cac4","bucket":"881fdfdd-56ff-42ed-b83a-1cd5a8160a30","key":"e1518331-42ab-4b6d-9f74-de86ee604cc4","owner":null,"dataSize":"0","replicationConfig":null} | ret=SUCCESS |  
2025-10-17 11:03:04,322 | INFO  | SCMAudit | user=runner | ip=127.0.0.1 | op=GET_CONTAINER {"containerID":"8"} | ret=SUCCESS |  
2025-10-17 11:03:04,323 | INFO  | OMAudit | user=runner | ip=127.0.0.1 | op=READ_BUCKET {"volume":"188b2992-b565-4c3c-a057-c2d44b33cac4","bucket":"881fdfdd-56ff-42ed-b83a-1cd5a8160a30"} | ret=SUCCESS |  
2025-10-17 11:03:04,324 | INFO  | SCMAudit | user=runner | ip=127.0.0.1 | op=ALLOCATE_BLOCK {"replication":"RATIS/ONE","owner":"omServiceIdDefault","size":"4194304","sampleBlocks":"[conID: 13 locID: 115816896921600473]","num":"1","client":"","allocated":"1"} | ret=SUCCESS |  
2025-10-17 11:03:04,326 | INFO  | OMAudit | user=runner | ip=127.0.0.1 | op=ALLOCATE_KEY {"volume":"188b2992-b565-4c3c-a057-c2d44b33cac4","bucket":"881fdfdd-56ff-42ed-b83a-1cd5a8160a30","key":"e9d3fde6-8a65-493c-aeec-9fb351c1f808","dataSize":"12","replicationType":"RATIS","replicationFactor":"ONE","Transaction":"1710"} | ret=SUCCESS |  
2025-10-17 11:03:04,331 | INFO  | OMAudit | user=runner | ip=127.0.0.1 | op=COMMIT_KEY {"volume":"188b2992-b565-4c3c-a057-c2d44b33cac4","bucket":"881fdfdd-56ff-42ed-b83a-1cd5a8160a30","key":"e9d3fde6-8a65-493c-aeec-9fb351c1f808","dataSize":"12","replicationType":"RATIS","replicationFactor":"ONE","Transaction":"1711"} | ret=SUCCESS |  
2025-10-17 11:03:04,333 | INFO  | OMAudit | user=runner | ip=127.0.0.1 | op=READ_KEY {"volume":"188b2992-b565-4c3c-a057-c2d44b33cac4","bucket":"881fdfdd-56ff-42ed-b83a-1cd5a8160a30","key":"e9d3fde6-8a65-493c-aeec-9fb351c1f808","owner":null,"dataSize":"0","replicationConfig":null} | ret=SUCCESS |  
2025-10-17 11:03:04,335 | INFO  | OMAudit | user=runner | ip=127.0.0.1 | op=READ_KEY {"volume":"188b2992-b565-4c3c-a057-c2d44b33cac4","bucket":"881fdfdd-56ff-42ed-b83a-1cd5a8160a30","key":"e9d3fde6-8a65-493c-aeec-9fb351c1f808","owner":null,"dataSize":"0","replicationConfig":null} | ret=SUCCESS |  
2025-10-17 11:03:04,341 | INFO  | SCMAudit | user=runner | ip=127.0.0.1 | op=GET_CONTAINER_WITH_PIPELINE_BATCH {"containerIDs":"#13,"} | ret=SUCCESS |  
2025-10-17 11:03:04,341 | INFO  | OMAudit | user=null | ip= | op=READ_KEY {"volume":"188b2992-b565-4c3c-a057-c2d44b33cac4","bucket":"881fdfdd-56ff-42ed-b83a-1cd5a8160a30","key":"e9d3fde6-8a65-493c-aeec-9fb351c1f808","owner":null,"dataSize":"0","replicationConfig":null} | ret=SUCCESS |  
2025-10-17 11:03:04,342 | INFO  | SCMAudit | user=runner | ip=127.0.0.1 | op=GET_CONTAINER {"containerID":"13"} | ret=SUCCESS |  
2025-10-17 11:03:04,343 | INFO  | OMAudit | user=runner | ip=127.0.0.1 | op=READ_BUCKET {"volume":"188b2992-b565-4c3c-a057-c2d44b33cac4","bucket":"881fdfdd-56ff-42ed-b83a-1cd5a8160a30"} | ret=SUCCESS |  
2025-10-17 11:03:04,344 | INFO  | SCMAudit | user=runner | ip=127.0.0.1 | op=ALLOCATE_BLOCK {"replication":"RATIS/ONE","owner":"omServiceIdDefault","size":"4194304","sampleBlocks":"[conID: 10 locID: 115816896921600474]","num":"1","client":"","allocated":"1"} | ret=SUCCESS |  
2025-10-17 11:03:04,345 | INFO  | OMAudit | user=runner | ip=127.0.0.1 | op=ALLOCATE_KEY {"volume":"188b2992-b565-4c3c-a057-c2d44b33cac4","bucket":"881fdfdd-56ff-42ed-b83a-1cd5a8160a30","key":"478bf186-cb7e-4cfc-86a5-038414b1c510","dataSize":"12","replicationType":"RATIS","replicationFactor":"ONE","Transaction":"1712"} | ret=SUCCESS |  
2025-10-17 11:03:04,351 | INFO  | OMAudit | user=runner | ip=127.0.0.1 | op=COMMIT_KEY {"volume":"188b2992-b565-4c3c-a057-c2d44b33cac4","bucket":"881fdfdd-56ff-42ed-b83a-1cd5a8160a30","key":"478bf186-cb7e-4cfc-86a5-038414b1c510","dataSize":"12","replicationType":"RATIS","replicationFactor":"ONE","Transaction":"1713"} | ret=SUCCESS |  
2025-10-17 11:03:04,352 | INFO  | OMAudit | user=runner | ip=127.0.0.1 | op=READ_KEY {"volume":"188b2992-b565-4c3c-a057-c2d44b33cac4","bucket":"881fdfdd-56ff-42ed-b83a-1cd5a8160a30","key":"478bf186-cb7e-4cfc-86a5-038414b1c510","owner":null,"dataSize":"0","replicationConfig":null} | ret=SUCCESS |  
2025-10-17 11:03:04,353 | INFO  | OMAudit | user=runner | ip=127.0.0.1 | op=READ_KEY {"volume":"188b2992-b565-4c3c-a057-c2d44b33cac4","bucket":"881fdfdd-56ff-42ed-b83a-1cd5a8160a30","key":"478bf186-cb7e-4cfc-86a5-038414b1c510","owner":null,"dataSize":"0","replicationConfig":null} | ret=SUCCESS |  
2025-10-17 11:03:04,357 | INFO  | SCMAudit | user=runner | ip=127.0.0.1 | op=GET_CONTAINER_WITH_PIPELINE_BATCH {"containerIDs":"#10,"} | ret=SUCCESS |  
2025-10-17 11:03:04,358 | INFO  | OMAudit | user=null | ip= | op=READ_KEY {"volume":"188b2992-b565-4c3c-a057-c2d44b33cac4","bucket":"881fdfdd-56ff-42ed-b83a-1cd5a8160a30","key":"478bf186-cb7e-4cfc-86a5-038414b1c510","owner":null,"dataSize":"0","replicationConfig":null} | ret=SUCCESS |  
2025-10-17 11:03:04,358 | INFO  | SCMAudit | user=runner | ip=127.0.0.1 | op=GET_CONTAINER {"containerID":"10"} | ret=SUCCESS |  
2025-10-17 11:03:04,359 | INFO  | OMAudit | user=runner | ip=127.0.0.1 | op=READ_BUCKET {"volume":"188b2992-b565-4c3c-a057-c2d44b33cac4","bucket":"881fdfdd-56ff-42ed-b83a-1cd5a8160a30"} | ret=SUCCESS |  
2025-10-17 11:03:04,360 | INFO  | SCMAudit | user=runner | ip=127.0.0.1 | op=ALLOCATE_BLOCK {"replication":"RATIS/ONE","owner":"omServiceIdDefault","size":"4194304","sampleBlocks":"[conID: 14 locID: 115816896921600475]","num":"1","client":"","allocated":"1"} | ret=SUCCESS |  
2025-10-17 11:03:04,361 | INFO  | OMAudit | user=runner | ip=127.0.0.1 | op=ALLOCATE_KEY {"volume":"188b2992-b565-4c3c-a057-c2d44b33cac4","bucket":"881fdfdd-56ff-42ed-b83a-1cd5a8160a30","key":"72fcae9a-fe60-4222-8945-0e65a86e5610","dataSize":"12","replicationType":"RATIS","replicationFactor":"ONE","Transaction":"1714"} | ret=SUCCESS |  
2025-10-17 11:03:04,365 | INFO  | OMAudit | user=runner | ip=127.0.0.1 | op=COMMIT_KEY {"volume":"188b2992-b565-4c3c-a057-c2d44b33cac4","bucket":"881fdfdd-56ff-42ed-b83a-1cd5a8160a30","key":"72fcae9a-fe60-4222-8945-0e65a86e5610","dataSize":"12","replicationType":"RATIS","replicationFactor":"ONE","Transaction":"1715"} | ret=SUCCESS |  
2025-10-17 11:03:04,366 | INFO  | OMAudit | user=runner | ip=127.0.0.1 | op=READ_KEY {"volume":"188b2992-b565-4c3c-a057-c2d44b33cac4","bucket":"881fdfdd-56ff-42ed-b83a-1cd5a8160a30","key":"72fcae9a-fe60-4222-8945-0e65a86e5610","owner":null,"dataSize":"0","replicationConfig":null} | ret=SUCCESS |  
2025-10-17 11:03:04,367 | INFO  | OMAudit | user=runner | ip=127.0.0.1 | op=READ_KEY {"volume":"188b2992-b565-4c3c-a057-c2d44b33cac4","bucket":"881fdfdd-56ff-42ed-b83a-1cd5a8160a30","key":"72fcae9a-fe60-4222-8945-0e65a86e5610","owner":null,"dataSize":"0","replicationConfig":null} | ret=SUCCESS |  
2025-10-17 11:03:04,371 | INFO  | SCMAudit | user=runner | ip=127.0.0.1 | op=GET_CONTAINER_WITH_PIPELINE_BATCH {"containerIDs":"#14,"} | ret=SUCCESS |  
2025-10-17 11:03:04,372 | INFO  | OMAudit | user=null | ip= | op=READ_KEY {"volume":"188b2992-b565-4c3c-a057-c2d44b33cac4","bucket":"881fdfdd-56ff-42ed-b83a-1cd5a8160a30","key":"72fcae9a-fe60-4222-8945-0e65a86e5610","owner":null,"dataSize":"0","replicationConfig":null} | ret=SUCCESS |  
2025-10-17 11:03:04,372 | INFO  | SCMAudit | user=runner | ip=127.0.0.1 | op=GET_CONTAINER {"containerID":"14"} | ret=SUCCESS |  
2025-10-17 11:03:04,373 | INFO  | OMAudit | user=runner | ip=127.0.0.1 | op=READ_BUCKET {"volume":"188b2992-b565-4c3c-a057-c2d44b33cac4","bucket":"881fdfdd-56ff-42ed-b83a-1cd5a8160a30"} | ret=SUCCESS |  
2025-10-17 11:03:04,374 | INFO  | SCMAudit | user=runner | ip=127.0.0.1 | op=ALLOCATE_BLOCK {"replication":"RATIS/ONE","owner":"omServiceIdDefault","size":"4194304","sampleBlocks":"[conID: 3 locID: 115816896921600476]","num":"1","client":"","allocated":"1"} | ret=SUCCESS |  
2025-10-17 11:03:04,376 | INFO  | OMAudit | user=runner | ip=127.0.0.1 | op=ALLOCATE_KEY {"volume":"188b2992-b565-4c3c-a057-c2d44b33cac4","bucket":"881fdfdd-56ff-42ed-b83a-1cd5a8160a30","key":"59ee1db2-834c-4320-833f-e66d0f052b86","dataSize":"12","replicationType":"RATIS","replicationFactor":"ONE","Transaction":"1716"} | ret=SUCCESS |  
2025-10-17 11:03:04,381 | INFO  | OMAudit | user=runner | ip=127.0.0.1 | op=COMMIT_KEY {"volume":"188b2992-b565-4c3c-a057-c2d44b33cac4","bucket":"881fdfdd-56ff-42ed-b83a-1cd5a8160a30","key":"59ee1db2-834c-4320-833f-e66d0f052b86","dataSize":"12","replicationType":"RATIS","replicationFactor":"ONE","Transaction":"1717"} | ret=SUCCESS |  
2025-10-17 11:03:04,382 | INFO  | OMAudit | user=runner | ip=127.0.0.1 | op=READ_KEY {"volume":"188b2992-b565-4c3c-a057-c2d44b33cac4","bucket":"881fdfdd-56ff-42ed-b83a-1cd5a8160a30","key":"59ee1db2-834c-4320-833f-e66d0f052b86","owner":null,"dataSize":"0","replicationConfig":null} | ret=SUCCESS |  
2025-10-17 11:03:04,384 | INFO  | OMAudit | user=runner | ip=127.0.0.1 | op=READ_KEY {"volume":"188b2992-b565-4c3c-a057-c2d44b33cac4","bucket":"881fdfdd-56ff-42ed-b83a-1cd5a8160a30","key":"59ee1db2-834c-4320-833f-e66d0f052b86","owner":null,"dataSize":"0","replicationConfig":null} | ret=SUCCESS |  
2025-10-17 11:03:04,388 | INFO  | SCMAudit | user=runner | ip=127.0.0.1 | op=GET_CONTAINER_WITH_PIPELINE_BATCH {"containerIDs":"#3,"} | ret=SUCCESS |  
2025-10-17 11:03:04,389 | INFO  | OMAudit | user=null | ip= | op=READ_KEY {"volume":"188b2992-b565-4c3c-a057-c2d44b33cac4","bucket":"881fdfdd-56ff-42ed-b83a-1cd5a8160a30","key":"59ee1db2-834c-4320-833f-e66d0f052b86","owner":null,"dataSize":"0","replicationConfig":null} | ret=SUCCESS |  
2025-10-17 11:03:04,389 | INFO  | SCMAudit | user=runner | ip=127.0.0.1 | op=GET_CONTAINER {"containerID":"3"} | ret=SUCCESS |  
2025-10-17 11:03:04,390 | INFO  | OMAudit | user=runner | ip=127.0.0.1 | op=READ_BUCKET {"volume":"188b2992-b565-4c3c-a057-c2d44b33cac4","bucket":"881fdfdd-56ff-42ed-b83a-1cd5a8160a30"} | ret=SUCCESS |  
2025-10-17 11:03:04,391 | INFO  | SCMAudit | user=runner | ip=127.0.0.1 | op=ALLOCATE_BLOCK {"replication":"RATIS/ONE","owner":"omServiceIdDefault","size":"4194304","sampleBlocks":"[conID: 8 locID: 115816896921600477]","num":"1","client":"","allocated":"1"} | ret=SUCCESS |  
2025-10-17 11:03:04,392 | INFO  | OMAudit | user=runner | ip=127.0.0.1 | op=ALLOCATE_KEY {"volume":"188b2992-b565-4c3c-a057-c2d44b33cac4","bucket":"881fdfdd-56ff-42ed-b83a-1cd5a8160a30","key":"228d72c1-1cda-46a7-89df-d4c5a2ca67f5","dataSize":"12","replicationType":"RATIS","replicationFactor":"ONE","Transaction":"1718"} | ret=SUCCESS |  
2025-10-17 11:03:04,397 | INFO  | OMAudit | user=runner | ip=127.0.0.1 | op=COMMIT_KEY {"volume":"188b2992-b565-4c3c-a057-c2d44b33cac4","bucket":"881fdfdd-56ff-42ed-b83a-1cd5a8160a30","key":"228d72c1-1cda-46a7-89df-d4c5a2ca67f5","dataSize":"12","replicationType":"RATIS","replicationFactor":"ONE","Transaction":"1719"} | ret=SUCCESS |  
2025-10-17 11:03:04,398 | INFO  | OMAudit | user=runner | ip=127.0.0.1 | op=READ_KEY {"volume":"188b2992-b565-4c3c-a057-c2d44b33cac4","bucket":"881fdfdd-56ff-42ed-b83a-1cd5a8160a30","key":"228d72c1-1cda-46a7-89df-d4c5a2ca67f5","owner":null,"dataSize":"0","replicationConfig":null} | ret=SUCCESS |  
2025-10-17 11:03:04,399 | INFO  | OMAudit | user=runner | ip=127.0.0.1 | op=READ_KEY {"volume":"188b2992-b565-4c3c-a057-c2d44b33cac4","bucket":"881fdfdd-56ff-42ed-b83a-1cd5a8160a30","key":"228d72c1-1cda-46a7-89df-d4c5a2ca67f5","owner":null,"dataSize":"0","replicationConfig":null} | ret=SUCCESS |  
2025-10-17 11:03:04,402 | INFO  | SCMAudit | user=runner | ip=127.0.0.1 | op=GET_CONTAINER_WITH_PIPELINE_BATCH {"containerIDs":"#8,"} | ret=SUCCESS |  
2025-10-17 11:03:04,403 | INFO  | OMAudit | user=null | ip= | op=READ_KEY {"volume":"188b2992-b565-4c3c-a057-c2d44b33cac4","bucket":"881fdfdd-56ff-42ed-b83a-1cd5a8160a30","key":"228d72c1-1cda-46a7-89df-d4c5a2ca67f5","owner":null,"dataSize":"0","replicationConfig":null} | ret=SUCCESS |  
2025-10-17 11:03:04,403 | INFO  | SCMAudit | user=runner | ip=127.0.0.1 | op=GET_CONTAINER {"containerID":"8"} | ret=SUCCESS |  
2025-10-17 11:03:04,404 | INFO  | OMAudit | user=runner | ip=127.0.0.1 | op=READ_BUCKET {"volume":"188b2992-b565-4c3c-a057-c2d44b33cac4","bucket":"881fdfdd-56ff-42ed-b83a-1cd5a8160a30"} | ret=SUCCESS |  
2025-10-17 11:03:04,404 | INFO  | SCMAudit | user=runner | ip=127.0.0.1 | op=ALLOCATE_BLOCK {"replication":"RATIS/ONE","owner":"omServiceIdDefault","size":"4194304","sampleBlocks":"[conID: 10 locID: 115816896921600478]","num":"1","client":"","allocated":"1"} | ret=SUCCESS |  
2025-10-17 11:03:04,406 | INFO  | OMAudit | user=runner | ip=127.0.0.1 | op=ALLOCATE_KEY {"volume":"188b2992-b565-4c3c-a057-c2d44b33cac4","bucket":"881fdfdd-56ff-42ed-b83a-1cd5a8160a30","key":"69dfe04e-1e2a-4837-8d9c-9f1a616a10bf","dataSize":"12","replicationType":"RATIS","replicationFactor":"ONE","Transaction":"1720"} | ret=SUCCESS |  
2025-10-17 11:03:04,411 | INFO  | OMAudit | user=runner | ip=127.0.0.1 | op=COMMIT_KEY {"volume":"188b2992-b565-4c3c-a057-c2d44b33cac4","bucket":"881fdfdd-56ff-42ed-b83a-1cd5a8160a30","key":"69dfe04e-1e2a-4837-8d9c-9f1a616a10bf","dataSize":"12","replicationType":"RATIS","replicationFactor":"ONE","Transaction":"1721"} | ret=SUCCESS |  
2025-10-17 11:03:04,413 | INFO  | OMAudit | user=runner | ip=127.0.0.1 | op=READ_KEY {"volume":"188b2992-b565-4c3c-a057-c2d44b33cac4","bucket":"881fdfdd-56ff-42ed-b83a-1cd5a8160a30","key":"69dfe04e-1e2a-4837-8d9c-9f1a616a10bf","owner":null,"dataSize":"0","replicationConfig":null} | ret=SUCCESS |  
2025-10-17 11:03:04,414 | INFO  | OMAudit | user=runner | ip=127.0.0.1 | op=READ_KEY {"volume":"188b2992-b565-4c3c-a057-c2d44b33cac4","bucket":"881fdfdd-56ff-42ed-b83a-1cd5a8160a30","key":"69dfe04e-1e2a-4837-8d9c-9f1a616a10bf","owner":null,"dataSize":"0","replicationConfig":null} | ret=SUCCESS |  
2025-10-17 11:03:04,419 | INFO  | SCMAudit | user=runner | ip=127.0.0.1 | op=GET_CONTAINER_WITH_PIPELINE_BATCH {"containerIDs":"#10,"} | ret=SUCCESS |  
2025-10-17 11:03:04,419 | INFO  | OMAudit | user=null | ip= | op=READ_KEY {"volume":"188b2992-b565-4c3c-a057-c2d44b33cac4","bucket":"881fdfdd-56ff-42ed-b83a-1cd5a8160a30","key":"69dfe04e-1e2a-4837-8d9c-9f1a616a10bf","owner":null,"dataSize":"0","replicationConfig":null} | ret=SUCCESS |  
2025-10-17 11:03:04,420 | INFO  | SCMAudit | user=runner | ip=127.0.0.1 | op=GET_CONTAINER {"containerID":"10"} | ret=SUCCESS |  
2025-10-17 11:03:04,421 | INFO  | OMAudit | user=runner | ip=127.0.0.1 | op=READ_BUCKET {"volume":"188b2992-b565-4c3c-a057-c2d44b33cac4","bucket":"881fdfdd-56ff-42ed-b83a-1cd5a8160a30"} | ret=SUCCESS |  
2025-10-17 11:03:04,422 | INFO  | SCMAudit | user=runner | ip=127.0.0.1 | op=ALLOCATE_BLOCK {"replication":"RATIS/ONE","owner":"omServiceIdDefault","size":"4194304","sampleBlocks":"[conID: 1 locID: 115816896921600479]","num":"1","client":"","allocated":"1"} | ret=SUCCESS |  
2025-10-17 11:03:04,423 | INFO  | OMAudit | user=runner | ip=127.0.0.1 | op=ALLOCATE_KEY {"volume":"188b2992-b565-4c3c-a057-c2d44b33cac4","bucket":"881fdfdd-56ff-42ed-b83a-1cd5a8160a30","key":"ad2561b4-76e5-4790-8ffd-417434bfdb7a","dataSize":"12","replicationType":"RATIS","replicationFactor":"ONE","Transaction":"1722"} | ret=SUCCESS |  
2025-10-17 11:03:04,429 | INFO  | OMAudit | user=runner | ip=127.0.0.1 | op=COMMIT_KEY {"volume":"188b2992-b565-4c3c-a057-c2d44b33cac4","bucket":"881fdfdd-56ff-42ed-b83a-1cd5a8160a30","key":"ad2561b4-76e5-4790-8ffd-417434bfdb7a","dataSize":"12","replicationType":"RATIS","replicationFactor":"ONE","Transaction":"1723"} | ret=SUCCESS |  
2025-10-17 11:03:04,431 | INFO  | OMAudit | user=runner | ip=127.0.0.1 | op=READ_KEY {"volume":"188b2992-b565-4c3c-a057-c2d44b33cac4","bucket":"881fdfdd-56ff-42ed-b83a-1cd5a8160a30","key":"ad2561b4-76e5-4790-8ffd-417434bfdb7a","owner":null,"dataSize":"0","replicationConfig":null} | ret=SUCCESS |  
2025-10-17 11:03:04,433 | INFO  | OMAudit | user=runner | ip=127.0.0.1 | op=READ_KEY {"volume":"188b2992-b565-4c3c-a057-c2d44b33cac4","bucket":"881fdfdd-56ff-42ed-b83a-1cd5a8160a30","key":"ad2561b4-76e5-4790-8ffd-417434bfdb7a","owner":null,"dataSize":"0","replicationConfig":null} | ret=SUCCESS |  
2025-10-17 11:03:04,436 | INFO  | SCMAudit | user=runner | ip=127.0.0.1 | op=GET_CONTAINER_WITH_PIPELINE_BATCH {"containerIDs":"#1,"} | ret=SUCCESS |  
2025-10-17 11:03:04,436 | INFO  | OMAudit | user=null | ip= | op=READ_KEY {"volume":"188b2992-b565-4c3c-a057-c2d44b33cac4","bucket":"881fdfdd-56ff-42ed-b83a-1cd5a8160a30","key":"ad2561b4-76e5-4790-8ffd-417434bfdb7a","owner":null,"dataSize":"0","replicationConfig":null} | ret=SUCCESS |  
2025-10-17 11:03:04,437 | INFO  | SCMAudit | user=runner | ip=127.0.0.1 | op=GET_CONTAINER {"containerID":"1"} | ret=SUCCESS |  
2025-10-17 11:03:04,437 | INFO  | OMAudit | user=runner | ip=127.0.0.1 | op=READ_BUCKET {"volume":"188b2992-b565-4c3c-a057-c2d44b33cac4","bucket":"881fdfdd-56ff-42ed-b83a-1cd5a8160a30"} | ret=SUCCESS |  
2025-10-17 11:03:04,438 | INFO  | SCMAudit | user=runner | ip=127.0.0.1 | op=ALLOCATE_BLOCK {"replication":"RATIS/ONE","owner":"omServiceIdDefault","size":"4194304","sampleBlocks":"[conID: 3 locID: 115816896921600480]","num":"1","client":"","allocated":"1"} | ret=SUCCESS |  
2025-10-17 11:03:04,439 | INFO  | OMAudit | user=runner | ip=127.0.0.1 | op=ALLOCATE_KEY {"volume":"188b2992-b565-4c3c-a057-c2d44b33cac4","bucket":"881fdfdd-56ff-42ed-b83a-1cd5a8160a30","key":"a5bbb2e7-a11b-4596-9e48-20c2d33d1741","dataSize":"12","replicationType":"RATIS","replicationFactor":"ONE","Transaction":"1724"} | ret=SUCCESS |  
2025-10-17 11:03:04,444 | INFO  | OMAudit | user=runner | ip=127.0.0.1 | op=COMMIT_KEY {"volume":"188b2992-b565-4c3c-a057-c2d44b33cac4","bucket":"881fdfdd-56ff-42ed-b83a-1cd5a8160a30","key":"a5bbb2e7-a11b-4596-9e48-20c2d33d1741","dataSize":"12","replicationType":"RATIS","replicationFactor":"ONE","Transaction":"1725"} | ret=SUCCESS |  
2025-10-17 11:03:04,446 | INFO  | OMAudit | user=runner | ip=127.0.0.1 | op=READ_KEY {"volume":"188b2992-b565-4c3c-a057-c2d44b33cac4","bucket":"881fdfdd-56ff-42ed-b83a-1cd5a8160a30","key":"a5bbb2e7-a11b-4596-9e48-20c2d33d1741","owner":null,"dataSize":"0","replicationConfig":null} | ret=SUCCESS |  
2025-10-17 11:03:04,447 | INFO  | OMAudit | user=runner | ip=127.0.0.1 | op=READ_KEY {"volume":"188b2992-b565-4c3c-a057-c2d44b33cac4","bucket":"881fdfdd-56ff-42ed-b83a-1cd5a8160a30","key":"a5bbb2e7-a11b-4596-9e48-20c2d33d1741","owner":null,"dataSize":"0","replicationConfig":null} | ret=SUCCESS |  
2025-10-17 11:03:04,451 | INFO  | SCMAudit | user=runner | ip=127.0.0.1 | op=GET_CONTAINER_WITH_PIPELINE_BATCH {"containerIDs":"#3,"} | ret=SUCCESS |  
2025-10-17 11:03:04,451 | INFO  | OMAudit | user=null | ip= | op=READ_KEY {"volume":"188b2992-b565-4c3c-a057-c2d44b33cac4","bucket":"881fdfdd-56ff-42ed-b83a-1cd5a8160a30","key":"a5bbb2e7-a11b-4596-9e48-20c2d33d1741","owner":null,"dataSize":"0","replicationConfig":null} | ret=SUCCESS |  
2025-10-17 11:03:04,452 | INFO  | SCMAudit | user=runner | ip=127.0.0.1 | op=GET_CONTAINER {"containerID":"3"} | ret=SUCCESS |  
2025-10-17 11:03:04,452 | INFO  | OMAudit | user=runner | ip=127.0.0.1 | op=READ_BUCKET {"volume":"188b2992-b565-4c3c-a057-c2d44b33cac4","bucket":"881fdfdd-56ff-42ed-b83a-1cd5a8160a30"} | ret=SUCCESS |  
2025-10-17 11:03:04,453 | INFO  | SCMAudit | user=runner | ip=127.0.0.1 | op=ALLOCATE_BLOCK {"replication":"RATIS/ONE","owner":"omServiceIdDefault","size":"4194304","sampleBlocks":"[conID: 10 locID: 115816896921600481]","num":"1","client":"","allocated":"1"} | ret=SUCCESS |  
2025-10-17 11:03:04,454 | INFO  | OMAudit | user=runner | ip=127.0.0.1 | op=ALLOCATE_KEY {"volume":"188b2992-b565-4c3c-a057-c2d44b33cac4","bucket":"881fdfdd-56ff-42ed-b83a-1cd5a8160a30","key":"43c1df3b-083b-44e7-8697-b073b6cc74e6","dataSize":"12","replicationType":"RATIS","replicationFactor":"ONE","Transaction":"1726"} | ret=SUCCESS |  
2025-10-17 11:03:04,458 | INFO  | OMAudit | user=runner | ip=127.0.0.1 | op=COMMIT_KEY {"volume":"188b2992-b565-4c3c-a057-c2d44b33cac4","bucket":"881fdfdd-56ff-42ed-b83a-1cd5a8160a30","key":"43c1df3b-083b-44e7-8697-b073b6cc74e6","dataSize":"12","replicationType":"RATIS","replicationFactor":"ONE","Transaction":"1727"} | ret=SUCCESS |  
2025-10-17 11:03:04,459 | INFO  | OMAudit | user=runner | ip=127.0.0.1 | op=READ_KEY {"volume":"188b2992-b565-4c3c-a057-c2d44b33cac4","bucket":"881fdfdd-56ff-42ed-b83a-1cd5a8160a30","key":"43c1df3b-083b-44e7-8697-b073b6cc74e6","owner":null,"dataSize":"0","replicationConfig":null} | ret=SUCCESS |  
2025-10-17 11:03:04,460 | INFO  | OMAudit | user=runner | ip=127.0.0.1 | op=READ_KEY {"volume":"188b2992-b565-4c3c-a057-c2d44b33cac4","bucket":"881fdfdd-56ff-42ed-b83a-1cd5a8160a30","key":"43c1df3b-083b-44e7-8697-b073b6cc74e6","owner":null,"dataSize":"0","replicationConfig":null} | ret=SUCCESS |  
2025-10-17 11:03:04,463 | INFO  | SCMAudit | user=runner | ip=127.0.0.1 | op=GET_CONTAINER_WITH_PIPELINE_BATCH {"containerIDs":"#10,"} | ret=SUCCESS |  
2025-10-17 11:03:04,463 | INFO  | OMAudit | user=null | ip= | op=READ_KEY {"volume":"188b2992-b565-4c3c-a057-c2d44b33cac4","bucket":"881fdfdd-56ff-42ed-b83a-1cd5a8160a30","key":"43c1df3b-083b-44e7-8697-b073b6cc74e6","owner":null,"dataSize":"0","replicationConfig":null} | ret=SUCCESS |  
2025-10-17 11:03:04,464 | INFO  | SCMAudit | user=runner | ip=127.0.0.1 | op=GET_CONTAINER {"containerID":"10"} | ret=SUCCESS |  
]]></system-out>
  </testcase>
  <testcase name="testPutKeyRatisThreeNodes" classname="org.apache.hadoop.ozone.client.rpc.TestSecureOzoneRpcClient" time="0.255">
    <system-out><![CDATA[2025-10-17 11:03:04,465 [ForkJoinPool-1-worker-1] INFO  rpc.RpcClient (RpcClient.java:createVolume(461)) - Creating Volume: 6b035877-a204-4a2f-bcbb-70a4ca6c6f4e, with runner as owner and space quota set to -1 bytes, counts quota set to -1
2025-10-17 11:03:04,467 [om1-OMStateMachineApplyTransactionThread - 0] INFO  volume.OMVolumeCreateRequest (OMVolumeCreateRequest.java:validateAndUpdateCache(213)) - created volume:6b035877-a204-4a2f-bcbb-70a4ca6c6f4e for user:runner
2025-10-17 11:03:04,467 | INFO  | OMAudit | user=runner | ip=127.0.0.1 | op=CREATE_VOLUME {"admin":"runner","owner":"runner","volume":"6b035877-a204-4a2f-bcbb-70a4ca6c6f4e","creationTime":"1760698984466","modificationTime":"1760698984466","quotaInBytes":"-1","quotaInNamespace":"-1","usedNamespace":"0","objectID":"-9223372036854333440","updateID":"1728","Transaction":"1728"} | ret=SUCCESS |  
2025-10-17 11:03:04,468 | INFO  | OMAudit | user=runner | ip=127.0.0.1 | op=READ_VOLUME {"volume":"6b035877-a204-4a2f-bcbb-70a4ca6c6f4e"} | ret=SUCCESS |  
2025-10-17 11:03:04,468 [ForkJoinPool-1-worker-1] INFO  rpc.RpcClient (RpcClient.java:createBucket(686)) - Creating Bucket: 6b035877-a204-4a2f-bcbb-70a4ca6c6f4e/8da6a590-276d-4d39-a9de-1cf8401ef4f4, with server-side default bucket layout, runner as owner, Versioning false, Storage Type set to DISK and Encryption set to false, Replication Type set to server-side default replication type, Namespace Quota set to -1, Space Quota set to -1 
2025-10-17 11:03:04,469 [om1-OMStateMachineApplyTransactionThread - 0] INFO  bucket.OMBucketCreateRequest (OMBucketCreateRequest.java:validateAndUpdateCache(303)) - created bucket: 8da6a590-276d-4d39-a9de-1cf8401ef4f4 of layout FILE_SYSTEM_OPTIMIZED in volume: 6b035877-a204-4a2f-bcbb-70a4ca6c6f4e
2025-10-17 11:03:04,469 | INFO  | OMAudit | user=runner | ip=127.0.0.1 | op=CREATE_BUCKET {"volume":"6b035877-a204-4a2f-bcbb-70a4ca6c6f4e","bucket":"8da6a590-276d-4d39-a9de-1cf8401ef4f4","bucketLayout":"FILE_SYSTEM_OPTIMIZED","gdprEnabled":null,"acls":"[user:runner:a[ACCESS], group:runner:rl[ACCESS]]","isVersionEnabled":"false","storageType":"DISK","creationTime":"1760698984469","bucketEncryptionKey":null,"modificationTime":"1760698984469","usedBytes":"0","usedNamespace":"0","snapshotUsedBytes":"0","snapshotUsedNamespace":"0","owner":"runner","replicationType":null,"replicationConfig":null,"quotaInBytes":"-1","quotaInNamespace":"-1","Transaction":"1729"} | ret=SUCCESS |  
2025-10-17 11:03:04,470 | INFO  | OMAudit | user=runner | ip=127.0.0.1 | op=READ_BUCKET {"volume":"6b035877-a204-4a2f-bcbb-70a4ca6c6f4e","bucket":"8da6a590-276d-4d39-a9de-1cf8401ef4f4"} | ret=SUCCESS |  
2025-10-17 11:03:04,471 | INFO  | OMAudit | user=runner | ip=127.0.0.1 | op=READ_BUCKET {"volume":"6b035877-a204-4a2f-bcbb-70a4ca6c6f4e","bucket":"8da6a590-276d-4d39-a9de-1cf8401ef4f4"} | ret=SUCCESS |  
2025-10-17 11:03:04,471 | INFO  | SCMAudit | user=runner | ip=127.0.0.1 | op=ALLOCATE_BLOCK {"replication":"RATIS/THREE","owner":"omServiceIdDefault","size":"4194304","sampleBlocks":"[conID: 19 locID: 115816896921600482]","num":"1","client":"","allocated":"1"} | ret=SUCCESS |  
2025-10-17 11:03:04,473 | INFO  | OMAudit | user=runner | ip=127.0.0.1 | op=ALLOCATE_KEY {"volume":"6b035877-a204-4a2f-bcbb-70a4ca6c6f4e","bucket":"8da6a590-276d-4d39-a9de-1cf8401ef4f4","key":"be779411-4fb2-455c-81e1-c93a3123afb0","dataSize":"12","replicationType":"RATIS","replicationFactor":"THREE","Transaction":"1730"} | ret=SUCCESS |  
2025-10-17 11:03:04,482 | INFO  | OMAudit | user=runner | ip=127.0.0.1 | op=COMMIT_KEY {"volume":"6b035877-a204-4a2f-bcbb-70a4ca6c6f4e","bucket":"8da6a590-276d-4d39-a9de-1cf8401ef4f4","key":"be779411-4fb2-455c-81e1-c93a3123afb0","dataSize":"12","replicationType":"RATIS","replicationFactor":"THREE","Transaction":"1731"} | ret=SUCCESS |  
2025-10-17 11:03:04,483 | INFO  | OMAudit | user=runner | ip=127.0.0.1 | op=READ_KEY {"volume":"6b035877-a204-4a2f-bcbb-70a4ca6c6f4e","bucket":"8da6a590-276d-4d39-a9de-1cf8401ef4f4","key":"be779411-4fb2-455c-81e1-c93a3123afb0","owner":null,"dataSize":"0","replicationConfig":null} | ret=SUCCESS |  
2025-10-17 11:03:04,484 [EventQueue-PipelineActionsForPipelineActionHandler] INFO  pipeline.PipelineActionHandler (PipelineActionHandler.java:processPipelineAction(89)) - Received pipeline action CLOSE for Pipeline-94abbb40-729e-490b-8eb4-7468994f70af from datanode 718bfa29-2c47-4ab5-ac61-3dfe9c6b9d5c(localhost/127.0.0.1). Reason : Ratis Transaction failure in datanode 718bfa29-2c47-4ab5-ac61-3dfe9c6b9d5c with role FOLLOWER .Triggering pipeline close action.
2025-10-17 11:03:04,484 | INFO  | SCMAudit | user=runner | ip=127.0.0.1 | op=SEND_HEARTBEAT {"datanodeUUID":"718bfa29-2c47-4ab5-ac61-3dfe9c6b9d5c","term":"2","command":"[]"} | ret=SUCCESS |  
2025-10-17 11:03:04,484 | INFO  | OMAudit | user=runner | ip=127.0.0.1 | op=READ_KEY {"volume":"6b035877-a204-4a2f-bcbb-70a4ca6c6f4e","bucket":"8da6a590-276d-4d39-a9de-1cf8401ef4f4","key":"be779411-4fb2-455c-81e1-c93a3123afb0","owner":null,"dataSize":"0","replicationConfig":null} | ret=SUCCESS |  
2025-10-17 11:03:04,485 | INFO  | SCMAudit | user=runner | ip=127.0.0.1 | op=SEND_HEARTBEAT {"datanodeUUID":"b1eee25a-1fdf-4744-83c7-58e0513fce3b","term":"2","command":"[]"} | ret=SUCCESS |  
2025-10-17 11:03:04,485 [EventQueue-PipelineActionsForPipelineActionHandler] INFO  pipeline.PipelineActionHandler (PipelineActionHandler.java:processPipelineAction(89)) - Received pipeline action CLOSE for Pipeline-94abbb40-729e-490b-8eb4-7468994f70af from datanode b1eee25a-1fdf-4744-83c7-58e0513fce3b(localhost/127.0.0.1). Reason : Ratis Transaction failure in datanode b1eee25a-1fdf-4744-83c7-58e0513fce3b with role FOLLOWER .Triggering pipeline close action.
2025-10-17 11:03:04,485 | INFO  | SCMAudit | user=runner | ip=127.0.0.1 | op=SEND_HEARTBEAT {"datanodeUUID":"2b4cc429-f9c1-416c-9a38-6239a2e149ea","term":"2","command":"[]"} | ret=SUCCESS |  
2025-10-17 11:03:04,486 [EventQueue-PipelineActionsForPipelineActionHandler] INFO  pipeline.PipelineActionHandler (PipelineActionHandler.java:processPipelineAction(89)) - Received pipeline action CLOSE for Pipeline-94abbb40-729e-490b-8eb4-7468994f70af from datanode 2b4cc429-f9c1-416c-9a38-6239a2e149ea(localhost/127.0.0.1). Reason : Ratis Transaction failure in datanode 2b4cc429-f9c1-416c-9a38-6239a2e149ea with role LEADER .Triggering pipeline close action.
2025-10-17 11:03:04,488 | INFO  | SCMAudit | user=runner | ip=127.0.0.1 | op=GET_CONTAINER_WITH_PIPELINE_BATCH {"containerIDs":"#19,"} | ret=SUCCESS |  
2025-10-17 11:03:04,489 | INFO  | OMAudit | user=null | ip= | op=READ_KEY {"volume":"6b035877-a204-4a2f-bcbb-70a4ca6c6f4e","bucket":"8da6a590-276d-4d39-a9de-1cf8401ef4f4","key":"be779411-4fb2-455c-81e1-c93a3123afb0","owner":null,"dataSize":"0","replicationConfig":null} | ret=SUCCESS |  
2025-10-17 11:03:04,489 | INFO  | SCMAudit | user=runner | ip=127.0.0.1 | op=GET_CONTAINER {"containerID":"19"} | ret=SUCCESS |  
2025-10-17 11:03:04,490 | INFO  | OMAudit | user=runner | ip=127.0.0.1 | op=READ_BUCKET {"volume":"6b035877-a204-4a2f-bcbb-70a4ca6c6f4e","bucket":"8da6a590-276d-4d39-a9de-1cf8401ef4f4"} | ret=SUCCESS |  
2025-10-17 11:03:04,491 | INFO  | SCMAudit | user=runner | ip=127.0.0.1 | op=ALLOCATE_BLOCK {"replication":"RATIS/THREE","owner":"omServiceIdDefault","size":"4194304","sampleBlocks":"[conID: 15 locID: 115816896921600483]","num":"1","client":"","allocated":"1"} | ret=SUCCESS |  
2025-10-17 11:03:04,492 | INFO  | OMAudit | user=runner | ip=127.0.0.1 | op=ALLOCATE_KEY {"volume":"6b035877-a204-4a2f-bcbb-70a4ca6c6f4e","bucket":"8da6a590-276d-4d39-a9de-1cf8401ef4f4","key":"3e5b2abf-6664-4f46-9b4d-6cc8ad843461","dataSize":"12","replicationType":"RATIS","replicationFactor":"THREE","Transaction":"1732"} | ret=SUCCESS |  
2025-10-17 11:03:04,499 | INFO  | OMAudit | user=runner | ip=127.0.0.1 | op=COMMIT_KEY {"volume":"6b035877-a204-4a2f-bcbb-70a4ca6c6f4e","bucket":"8da6a590-276d-4d39-a9de-1cf8401ef4f4","key":"3e5b2abf-6664-4f46-9b4d-6cc8ad843461","dataSize":"12","replicationType":"RATIS","replicationFactor":"THREE","Transaction":"1733"} | ret=SUCCESS |  
2025-10-17 11:03:04,501 | INFO  | OMAudit | user=runner | ip=127.0.0.1 | op=READ_KEY {"volume":"6b035877-a204-4a2f-bcbb-70a4ca6c6f4e","bucket":"8da6a590-276d-4d39-a9de-1cf8401ef4f4","key":"3e5b2abf-6664-4f46-9b4d-6cc8ad843461","owner":null,"dataSize":"0","replicationConfig":null} | ret=SUCCESS |  
2025-10-17 11:03:04,502 | INFO  | OMAudit | user=runner | ip=127.0.0.1 | op=READ_KEY {"volume":"6b035877-a204-4a2f-bcbb-70a4ca6c6f4e","bucket":"8da6a590-276d-4d39-a9de-1cf8401ef4f4","key":"3e5b2abf-6664-4f46-9b4d-6cc8ad843461","owner":null,"dataSize":"0","replicationConfig":null} | ret=SUCCESS |  
2025-10-17 11:03:04,506 | INFO  | SCMAudit | user=runner | ip=127.0.0.1 | op=GET_CONTAINER_WITH_PIPELINE_BATCH {"containerIDs":"#15,"} | ret=SUCCESS |  
2025-10-17 11:03:04,506 | INFO  | OMAudit | user=null | ip= | op=READ_KEY {"volume":"6b035877-a204-4a2f-bcbb-70a4ca6c6f4e","bucket":"8da6a590-276d-4d39-a9de-1cf8401ef4f4","key":"3e5b2abf-6664-4f46-9b4d-6cc8ad843461","owner":null,"dataSize":"0","replicationConfig":null} | ret=SUCCESS |  
2025-10-17 11:03:04,507 | INFO  | SCMAudit | user=runner | ip=127.0.0.1 | op=GET_CONTAINER {"containerID":"15"} | ret=SUCCESS |  
2025-10-17 11:03:04,507 | INFO  | OMAudit | user=runner | ip=127.0.0.1 | op=READ_BUCKET {"volume":"6b035877-a204-4a2f-bcbb-70a4ca6c6f4e","bucket":"8da6a590-276d-4d39-a9de-1cf8401ef4f4"} | ret=SUCCESS |  
2025-10-17 11:03:04,508 | INFO  | SCMAudit | user=runner | ip=127.0.0.1 | op=ALLOCATE_BLOCK {"replication":"RATIS/THREE","owner":"omServiceIdDefault","size":"4194304","sampleBlocks":"[conID: 20 locID: 115816896921600484]","num":"1","client":"","allocated":"1"} | ret=SUCCESS |  
2025-10-17 11:03:04,513 | INFO  | OMAudit | user=runner | ip=127.0.0.1 | op=ALLOCATE_KEY {"volume":"6b035877-a204-4a2f-bcbb-70a4ca6c6f4e","bucket":"8da6a590-276d-4d39-a9de-1cf8401ef4f4","key":"d3f4a277-2377-4a07-95d3-43965141e1b7","dataSize":"12","replicationType":"RATIS","replicationFactor":"THREE","Transaction":"1734"} | ret=SUCCESS |  
2025-10-17 11:03:04,526 | INFO  | OMAudit | user=runner | ip=127.0.0.1 | op=COMMIT_KEY {"volume":"6b035877-a204-4a2f-bcbb-70a4ca6c6f4e","bucket":"8da6a590-276d-4d39-a9de-1cf8401ef4f4","key":"d3f4a277-2377-4a07-95d3-43965141e1b7","dataSize":"12","replicationType":"RATIS","replicationFactor":"THREE","Transaction":"1735"} | ret=SUCCESS |  
2025-10-17 11:03:04,528 | INFO  | OMAudit | user=runner | ip=127.0.0.1 | op=READ_KEY {"volume":"6b035877-a204-4a2f-bcbb-70a4ca6c6f4e","bucket":"8da6a590-276d-4d39-a9de-1cf8401ef4f4","key":"d3f4a277-2377-4a07-95d3-43965141e1b7","owner":null,"dataSize":"0","replicationConfig":null} | ret=SUCCESS |  
2025-10-17 11:03:04,529 | INFO  | OMAudit | user=runner | ip=127.0.0.1 | op=READ_KEY {"volume":"6b035877-a204-4a2f-bcbb-70a4ca6c6f4e","bucket":"8da6a590-276d-4d39-a9de-1cf8401ef4f4","key":"d3f4a277-2377-4a07-95d3-43965141e1b7","owner":null,"dataSize":"0","replicationConfig":null} | ret=SUCCESS |  
2025-10-17 11:03:04,533 | INFO  | SCMAudit | user=runner | ip=127.0.0.1 | op=GET_CONTAINER_WITH_PIPELINE_BATCH {"containerIDs":"#20,"} | ret=SUCCESS |  
2025-10-17 11:03:04,534 | INFO  | OMAudit | user=null | ip= | op=READ_KEY {"volume":"6b035877-a204-4a2f-bcbb-70a4ca6c6f4e","bucket":"8da6a590-276d-4d39-a9de-1cf8401ef4f4","key":"d3f4a277-2377-4a07-95d3-43965141e1b7","owner":null,"dataSize":"0","replicationConfig":null} | ret=SUCCESS |  
2025-10-17 11:03:04,535 | INFO  | SCMAudit | user=runner | ip=127.0.0.1 | op=GET_CONTAINER {"containerID":"20"} | ret=SUCCESS |  
2025-10-17 11:03:04,536 | INFO  | OMAudit | user=runner | ip=127.0.0.1 | op=READ_BUCKET {"volume":"6b035877-a204-4a2f-bcbb-70a4ca6c6f4e","bucket":"8da6a590-276d-4d39-a9de-1cf8401ef4f4"} | ret=SUCCESS |  
2025-10-17 11:03:04,537 | INFO  | SCMAudit | user=runner | ip=127.0.0.1 | op=ALLOCATE_BLOCK {"replication":"RATIS/THREE","owner":"omServiceIdDefault","size":"4194304","sampleBlocks":"[conID: 21 locID: 115816896921600485]","num":"1","client":"","allocated":"1"} | ret=SUCCESS |  
2025-10-17 11:03:04,539 | INFO  | OMAudit | user=runner | ip=127.0.0.1 | op=ALLOCATE_KEY {"volume":"6b035877-a204-4a2f-bcbb-70a4ca6c6f4e","bucket":"8da6a590-276d-4d39-a9de-1cf8401ef4f4","key":"9dfbb416-2cf0-40e4-b111-ffdd5e843f67","dataSize":"12","replicationType":"RATIS","replicationFactor":"THREE","Transaction":"1736"} | ret=SUCCESS |  
2025-10-17 11:03:04,549 | INFO  | OMAudit | user=runner | ip=127.0.0.1 | op=COMMIT_KEY {"volume":"6b035877-a204-4a2f-bcbb-70a4ca6c6f4e","bucket":"8da6a590-276d-4d39-a9de-1cf8401ef4f4","key":"9dfbb416-2cf0-40e4-b111-ffdd5e843f67","dataSize":"12","replicationType":"RATIS","replicationFactor":"THREE","Transaction":"1737"} | ret=SUCCESS |  
2025-10-17 11:03:04,550 | INFO  | OMAudit | user=runner | ip=127.0.0.1 | op=READ_KEY {"volume":"6b035877-a204-4a2f-bcbb-70a4ca6c6f4e","bucket":"8da6a590-276d-4d39-a9de-1cf8401ef4f4","key":"9dfbb416-2cf0-40e4-b111-ffdd5e843f67","owner":null,"dataSize":"0","replicationConfig":null} | ret=SUCCESS |  
2025-10-17 11:03:04,552 | INFO  | OMAudit | user=runner | ip=127.0.0.1 | op=READ_KEY {"volume":"6b035877-a204-4a2f-bcbb-70a4ca6c6f4e","bucket":"8da6a590-276d-4d39-a9de-1cf8401ef4f4","key":"9dfbb416-2cf0-40e4-b111-ffdd5e843f67","owner":null,"dataSize":"0","replicationConfig":null} | ret=SUCCESS |  
2025-10-17 11:03:04,561 | INFO  | SCMAudit | user=runner | ip=127.0.0.1 | op=GET_CONTAINER_WITH_PIPELINE_BATCH {"containerIDs":"#21,"} | ret=SUCCESS |  
2025-10-17 11:03:04,563 | INFO  | OMAudit | user=null | ip= | op=READ_KEY {"volume":"6b035877-a204-4a2f-bcbb-70a4ca6c6f4e","bucket":"8da6a590-276d-4d39-a9de-1cf8401ef4f4","key":"9dfbb416-2cf0-40e4-b111-ffdd5e843f67","owner":null,"dataSize":"0","replicationConfig":null} | ret=SUCCESS |  
2025-10-17 11:03:04,563 | INFO  | SCMAudit | user=runner | ip=127.0.0.1 | op=GET_CONTAINER {"containerID":"21"} | ret=SUCCESS |  
2025-10-17 11:03:04,564 | INFO  | OMAudit | user=runner | ip=127.0.0.1 | op=READ_BUCKET {"volume":"6b035877-a204-4a2f-bcbb-70a4ca6c6f4e","bucket":"8da6a590-276d-4d39-a9de-1cf8401ef4f4"} | ret=SUCCESS |  
2025-10-17 11:03:04,565 | INFO  | SCMAudit | user=runner | ip=127.0.0.1 | op=ALLOCATE_BLOCK {"replication":"RATIS/THREE","owner":"omServiceIdDefault","size":"4194304","sampleBlocks":"[conID: 20 locID: 115816896921600486]","num":"1","client":"","allocated":"1"} | ret=SUCCESS |  
2025-10-17 11:03:04,569 | INFO  | OMAudit | user=runner | ip=127.0.0.1 | op=ALLOCATE_KEY {"volume":"6b035877-a204-4a2f-bcbb-70a4ca6c6f4e","bucket":"8da6a590-276d-4d39-a9de-1cf8401ef4f4","key":"95dae60e-4e8c-4d2e-8a3b-303ffa0e9cb2","dataSize":"12","replicationType":"RATIS","replicationFactor":"THREE","Transaction":"1738"} | ret=SUCCESS |  
2025-10-17 11:03:04,591 | INFO  | OMAudit | user=runner | ip=127.0.0.1 | op=COMMIT_KEY {"volume":"6b035877-a204-4a2f-bcbb-70a4ca6c6f4e","bucket":"8da6a590-276d-4d39-a9de-1cf8401ef4f4","key":"95dae60e-4e8c-4d2e-8a3b-303ffa0e9cb2","dataSize":"12","replicationType":"RATIS","replicationFactor":"THREE","Transaction":"1739"} | ret=SUCCESS |  
2025-10-17 11:03:04,594 | INFO  | OMAudit | user=runner | ip=127.0.0.1 | op=READ_KEY {"volume":"6b035877-a204-4a2f-bcbb-70a4ca6c6f4e","bucket":"8da6a590-276d-4d39-a9de-1cf8401ef4f4","key":"95dae60e-4e8c-4d2e-8a3b-303ffa0e9cb2","owner":null,"dataSize":"0","replicationConfig":null} | ret=SUCCESS |  
2025-10-17 11:03:04,596 | INFO  | OMAudit | user=runner | ip=127.0.0.1 | op=READ_KEY {"volume":"6b035877-a204-4a2f-bcbb-70a4ca6c6f4e","bucket":"8da6a590-276d-4d39-a9de-1cf8401ef4f4","key":"95dae60e-4e8c-4d2e-8a3b-303ffa0e9cb2","owner":null,"dataSize":"0","replicationConfig":null} | ret=SUCCESS |  
2025-10-17 11:03:04,601 | INFO  | SCMAudit | user=runner | ip=127.0.0.1 | op=GET_CONTAINER_WITH_PIPELINE_BATCH {"containerIDs":"#20,"} | ret=SUCCESS |  
2025-10-17 11:03:04,601 | INFO  | OMAudit | user=null | ip= | op=READ_KEY {"volume":"6b035877-a204-4a2f-bcbb-70a4ca6c6f4e","bucket":"8da6a590-276d-4d39-a9de-1cf8401ef4f4","key":"95dae60e-4e8c-4d2e-8a3b-303ffa0e9cb2","owner":null,"dataSize":"0","replicationConfig":null} | ret=SUCCESS |  
2025-10-17 11:03:04,602 | INFO  | SCMAudit | user=runner | ip=127.0.0.1 | op=GET_CONTAINER {"containerID":"20"} | ret=SUCCESS |  
2025-10-17 11:03:04,603 | INFO  | OMAudit | user=runner | ip=127.0.0.1 | op=READ_BUCKET {"volume":"6b035877-a204-4a2f-bcbb-70a4ca6c6f4e","bucket":"8da6a590-276d-4d39-a9de-1cf8401ef4f4"} | ret=SUCCESS |  
2025-10-17 11:03:04,603 | INFO  | SCMAudit | user=runner | ip=127.0.0.1 | op=ALLOCATE_BLOCK {"replication":"RATIS/THREE","owner":"omServiceIdDefault","size":"4194304","sampleBlocks":"[conID: 22 locID: 115816896921600487]","num":"1","client":"","allocated":"1"} | ret=SUCCESS |  
2025-10-17 11:03:04,605 | INFO  | OMAudit | user=runner | ip=127.0.0.1 | op=ALLOCATE_KEY {"volume":"6b035877-a204-4a2f-bcbb-70a4ca6c6f4e","bucket":"8da6a590-276d-4d39-a9de-1cf8401ef4f4","key":"93b85884-0407-41c4-af00-91fe23b7433c","dataSize":"12","replicationType":"RATIS","replicationFactor":"THREE","Transaction":"1740"} | ret=SUCCESS |  
2025-10-17 11:03:04,617 | INFO  | OMAudit | user=runner | ip=127.0.0.1 | op=COMMIT_KEY {"volume":"6b035877-a204-4a2f-bcbb-70a4ca6c6f4e","bucket":"8da6a590-276d-4d39-a9de-1cf8401ef4f4","key":"93b85884-0407-41c4-af00-91fe23b7433c","dataSize":"12","replicationType":"RATIS","replicationFactor":"THREE","Transaction":"1741"} | ret=SUCCESS |  
2025-10-17 11:03:04,619 | INFO  | OMAudit | user=runner | ip=127.0.0.1 | op=READ_KEY {"volume":"6b035877-a204-4a2f-bcbb-70a4ca6c6f4e","bucket":"8da6a590-276d-4d39-a9de-1cf8401ef4f4","key":"93b85884-0407-41c4-af00-91fe23b7433c","owner":null,"dataSize":"0","replicationConfig":null} | ret=SUCCESS |  
2025-10-17 11:03:04,620 | INFO  | OMAudit | user=runner | ip=127.0.0.1 | op=READ_KEY {"volume":"6b035877-a204-4a2f-bcbb-70a4ca6c6f4e","bucket":"8da6a590-276d-4d39-a9de-1cf8401ef4f4","key":"93b85884-0407-41c4-af00-91fe23b7433c","owner":null,"dataSize":"0","replicationConfig":null} | ret=SUCCESS |  
2025-10-17 11:03:04,624 | INFO  | SCMAudit | user=runner | ip=127.0.0.1 | op=GET_CONTAINER_WITH_PIPELINE_BATCH {"containerIDs":"#22,"} | ret=SUCCESS |  
2025-10-17 11:03:04,625 | INFO  | OMAudit | user=null | ip= | op=READ_KEY {"volume":"6b035877-a204-4a2f-bcbb-70a4ca6c6f4e","bucket":"8da6a590-276d-4d39-a9de-1cf8401ef4f4","key":"93b85884-0407-41c4-af00-91fe23b7433c","owner":null,"dataSize":"0","replicationConfig":null} | ret=SUCCESS |  
2025-10-17 11:03:04,626 | INFO  | SCMAudit | user=runner | ip=127.0.0.1 | op=GET_CONTAINER {"containerID":"22"} | ret=SUCCESS |  
2025-10-17 11:03:04,627 | INFO  | OMAudit | user=runner | ip=127.0.0.1 | op=READ_BUCKET {"volume":"6b035877-a204-4a2f-bcbb-70a4ca6c6f4e","bucket":"8da6a590-276d-4d39-a9de-1cf8401ef4f4"} | ret=SUCCESS |  
2025-10-17 11:03:04,628 | INFO  | SCMAudit | user=runner | ip=127.0.0.1 | op=ALLOCATE_BLOCK {"replication":"RATIS/THREE","owner":"omServiceIdDefault","size":"4194304","sampleBlocks":"[conID: 22 locID: 115816896921600488]","num":"1","client":"","allocated":"1"} | ret=SUCCESS |  
2025-10-17 11:03:04,630 | INFO  | OMAudit | user=runner | ip=127.0.0.1 | op=ALLOCATE_KEY {"volume":"6b035877-a204-4a2f-bcbb-70a4ca6c6f4e","bucket":"8da6a590-276d-4d39-a9de-1cf8401ef4f4","key":"3f5d3aca-57db-4d10-9729-65e79878997c","dataSize":"12","replicationType":"RATIS","replicationFactor":"THREE","Transaction":"1742"} | ret=SUCCESS |  
2025-10-17 11:03:04,638 | INFO  | OMAudit | user=runner | ip=127.0.0.1 | op=COMMIT_KEY {"volume":"6b035877-a204-4a2f-bcbb-70a4ca6c6f4e","bucket":"8da6a590-276d-4d39-a9de-1cf8401ef4f4","key":"3f5d3aca-57db-4d10-9729-65e79878997c","dataSize":"12","replicationType":"RATIS","replicationFactor":"THREE","Transaction":"1743"} | ret=SUCCESS |  
2025-10-17 11:03:04,640 | INFO  | OMAudit | user=runner | ip=127.0.0.1 | op=READ_KEY {"volume":"6b035877-a204-4a2f-bcbb-70a4ca6c6f4e","bucket":"8da6a590-276d-4d39-a9de-1cf8401ef4f4","key":"3f5d3aca-57db-4d10-9729-65e79878997c","owner":null,"dataSize":"0","replicationConfig":null} | ret=SUCCESS |  
2025-10-17 11:03:04,641 | INFO  | OMAudit | user=runner | ip=127.0.0.1 | op=READ_KEY {"volume":"6b035877-a204-4a2f-bcbb-70a4ca6c6f4e","bucket":"8da6a590-276d-4d39-a9de-1cf8401ef4f4","key":"3f5d3aca-57db-4d10-9729-65e79878997c","owner":null,"dataSize":"0","replicationConfig":null} | ret=SUCCESS |  
2025-10-17 11:03:04,647 | INFO  | SCMAudit | user=runner | ip=127.0.0.1 | op=GET_CONTAINER_WITH_PIPELINE_BATCH {"containerIDs":"#22,"} | ret=SUCCESS |  
2025-10-17 11:03:04,648 | INFO  | OMAudit | user=null | ip= | op=READ_KEY {"volume":"6b035877-a204-4a2f-bcbb-70a4ca6c6f4e","bucket":"8da6a590-276d-4d39-a9de-1cf8401ef4f4","key":"3f5d3aca-57db-4d10-9729-65e79878997c","owner":null,"dataSize":"0","replicationConfig":null} | ret=SUCCESS |  
2025-10-17 11:03:04,649 | INFO  | SCMAudit | user=runner | ip=127.0.0.1 | op=GET_CONTAINER {"containerID":"22"} | ret=SUCCESS |  
2025-10-17 11:03:04,651 | INFO  | OMAudit | user=runner | ip=127.0.0.1 | op=READ_BUCKET {"volume":"6b035877-a204-4a2f-bcbb-70a4ca6c6f4e","bucket":"8da6a590-276d-4d39-a9de-1cf8401ef4f4"} | ret=SUCCESS |  
2025-10-17 11:03:04,651 | INFO  | SCMAudit | user=runner | ip=127.0.0.1 | op=ALLOCATE_BLOCK {"replication":"RATIS/THREE","owner":"omServiceIdDefault","size":"4194304","sampleBlocks":"[conID: 21 locID: 115816896921600489]","num":"1","client":"","allocated":"1"} | ret=SUCCESS |  
2025-10-17 11:03:04,653 | INFO  | OMAudit | user=runner | ip=127.0.0.1 | op=ALLOCATE_KEY {"volume":"6b035877-a204-4a2f-bcbb-70a4ca6c6f4e","bucket":"8da6a590-276d-4d39-a9de-1cf8401ef4f4","key":"5c7476e8-9454-42e6-9dc6-8a5f838a62c5","dataSize":"12","replicationType":"RATIS","replicationFactor":"THREE","Transaction":"1744"} | ret=SUCCESS |  
2025-10-17 11:03:04,661 | INFO  | OMAudit | user=runner | ip=127.0.0.1 | op=COMMIT_KEY {"volume":"6b035877-a204-4a2f-bcbb-70a4ca6c6f4e","bucket":"8da6a590-276d-4d39-a9de-1cf8401ef4f4","key":"5c7476e8-9454-42e6-9dc6-8a5f838a62c5","dataSize":"12","replicationType":"RATIS","replicationFactor":"THREE","Transaction":"1745"} | ret=SUCCESS |  
2025-10-17 11:03:04,664 | INFO  | OMAudit | user=runner | ip=127.0.0.1 | op=READ_KEY {"volume":"6b035877-a204-4a2f-bcbb-70a4ca6c6f4e","bucket":"8da6a590-276d-4d39-a9de-1cf8401ef4f4","key":"5c7476e8-9454-42e6-9dc6-8a5f838a62c5","owner":null,"dataSize":"0","replicationConfig":null} | ret=SUCCESS |  
2025-10-17 11:03:04,665 | INFO  | OMAudit | user=runner | ip=127.0.0.1 | op=READ_KEY {"volume":"6b035877-a204-4a2f-bcbb-70a4ca6c6f4e","bucket":"8da6a590-276d-4d39-a9de-1cf8401ef4f4","key":"5c7476e8-9454-42e6-9dc6-8a5f838a62c5","owner":null,"dataSize":"0","replicationConfig":null} | ret=SUCCESS |  
2025-10-17 11:03:04,670 | INFO  | SCMAudit | user=runner | ip=127.0.0.1 | op=GET_CONTAINER_WITH_PIPELINE_BATCH {"containerIDs":"#21,"} | ret=SUCCESS |  
2025-10-17 11:03:04,670 | INFO  | OMAudit | user=null | ip= | op=READ_KEY {"volume":"6b035877-a204-4a2f-bcbb-70a4ca6c6f4e","bucket":"8da6a590-276d-4d39-a9de-1cf8401ef4f4","key":"5c7476e8-9454-42e6-9dc6-8a5f838a62c5","owner":null,"dataSize":"0","replicationConfig":null} | ret=SUCCESS |  
2025-10-17 11:03:04,671 | INFO  | SCMAudit | user=runner | ip=127.0.0.1 | op=GET_CONTAINER {"containerID":"21"} | ret=SUCCESS |  
2025-10-17 11:03:04,672 | INFO  | OMAudit | user=runner | ip=127.0.0.1 | op=READ_BUCKET {"volume":"6b035877-a204-4a2f-bcbb-70a4ca6c6f4e","bucket":"8da6a590-276d-4d39-a9de-1cf8401ef4f4"} | ret=SUCCESS |  
2025-10-17 11:03:04,673 | INFO  | SCMAudit | user=runner | ip=127.0.0.1 | op=ALLOCATE_BLOCK {"replication":"RATIS/THREE","owner":"omServiceIdDefault","size":"4194304","sampleBlocks":"[conID: 21 locID: 115816896921600490]","num":"1","client":"","allocated":"1"} | ret=SUCCESS |  
2025-10-17 11:03:04,675 | INFO  | OMAudit | user=runner | ip=127.0.0.1 | op=ALLOCATE_KEY {"volume":"6b035877-a204-4a2f-bcbb-70a4ca6c6f4e","bucket":"8da6a590-276d-4d39-a9de-1cf8401ef4f4","key":"cd6859f5-8092-46d4-aee9-dc5280c363cc","dataSize":"12","replicationType":"RATIS","replicationFactor":"THREE","Transaction":"1746"} | ret=SUCCESS |  
2025-10-17 11:03:04,686 | INFO  | OMAudit | user=runner | ip=127.0.0.1 | op=COMMIT_KEY {"volume":"6b035877-a204-4a2f-bcbb-70a4ca6c6f4e","bucket":"8da6a590-276d-4d39-a9de-1cf8401ef4f4","key":"cd6859f5-8092-46d4-aee9-dc5280c363cc","dataSize":"12","replicationType":"RATIS","replicationFactor":"THREE","Transaction":"1747"} | ret=SUCCESS |  
2025-10-17 11:03:04,687 | INFO  | OMAudit | user=runner | ip=127.0.0.1 | op=READ_KEY {"volume":"6b035877-a204-4a2f-bcbb-70a4ca6c6f4e","bucket":"8da6a590-276d-4d39-a9de-1cf8401ef4f4","key":"cd6859f5-8092-46d4-aee9-dc5280c363cc","owner":null,"dataSize":"0","replicationConfig":null} | ret=SUCCESS |  
2025-10-17 11:03:04,689 | INFO  | OMAudit | user=runner | ip=127.0.0.1 | op=READ_KEY {"volume":"6b035877-a204-4a2f-bcbb-70a4ca6c6f4e","bucket":"8da6a590-276d-4d39-a9de-1cf8401ef4f4","key":"cd6859f5-8092-46d4-aee9-dc5280c363cc","owner":null,"dataSize":"0","replicationConfig":null} | ret=SUCCESS |  
2025-10-17 11:03:04,695 | INFO  | SCMAudit | user=runner | ip=127.0.0.1 | op=GET_CONTAINER_WITH_PIPELINE_BATCH {"containerIDs":"#21,"} | ret=SUCCESS |  
2025-10-17 11:03:04,695 | INFO  | OMAudit | user=null | ip= | op=READ_KEY {"volume":"6b035877-a204-4a2f-bcbb-70a4ca6c6f4e","bucket":"8da6a590-276d-4d39-a9de-1cf8401ef4f4","key":"cd6859f5-8092-46d4-aee9-dc5280c363cc","owner":null,"dataSize":"0","replicationConfig":null} | ret=SUCCESS |  
2025-10-17 11:03:04,696 | INFO  | SCMAudit | user=runner | ip=127.0.0.1 | op=GET_CONTAINER {"containerID":"21"} | ret=SUCCESS |  
2025-10-17 11:03:04,697 | INFO  | OMAudit | user=runner | ip=127.0.0.1 | op=READ_BUCKET {"volume":"6b035877-a204-4a2f-bcbb-70a4ca6c6f4e","bucket":"8da6a590-276d-4d39-a9de-1cf8401ef4f4"} | ret=SUCCESS |  
2025-10-17 11:03:04,698 | INFO  | SCMAudit | user=runner | ip=127.0.0.1 | op=ALLOCATE_BLOCK {"replication":"RATIS/THREE","owner":"omServiceIdDefault","size":"4194304","sampleBlocks":"[conID: 20 locID: 115816896921600491]","num":"1","client":"","allocated":"1"} | ret=SUCCESS |  
2025-10-17 11:03:04,701 | INFO  | OMAudit | user=runner | ip=127.0.0.1 | op=ALLOCATE_KEY {"volume":"6b035877-a204-4a2f-bcbb-70a4ca6c6f4e","bucket":"8da6a590-276d-4d39-a9de-1cf8401ef4f4","key":"77914c0d-026b-4f77-b909-505f281cefb5","dataSize":"12","replicationType":"RATIS","replicationFactor":"THREE","Transaction":"1748"} | ret=SUCCESS |  
2025-10-17 11:03:04,711 | INFO  | OMAudit | user=runner | ip=127.0.0.1 | op=COMMIT_KEY {"volume":"6b035877-a204-4a2f-bcbb-70a4ca6c6f4e","bucket":"8da6a590-276d-4d39-a9de-1cf8401ef4f4","key":"77914c0d-026b-4f77-b909-505f281cefb5","dataSize":"12","replicationType":"RATIS","replicationFactor":"THREE","Transaction":"1749"} | ret=SUCCESS |  
2025-10-17 11:03:04,712 | INFO  | OMAudit | user=runner | ip=127.0.0.1 | op=READ_KEY {"volume":"6b035877-a204-4a2f-bcbb-70a4ca6c6f4e","bucket":"8da6a590-276d-4d39-a9de-1cf8401ef4f4","key":"77914c0d-026b-4f77-b909-505f281cefb5","owner":null,"dataSize":"0","replicationConfig":null} | ret=SUCCESS |  
2025-10-17 11:03:04,714 | INFO  | OMAudit | user=runner | ip=127.0.0.1 | op=READ_KEY {"volume":"6b035877-a204-4a2f-bcbb-70a4ca6c6f4e","bucket":"8da6a590-276d-4d39-a9de-1cf8401ef4f4","key":"77914c0d-026b-4f77-b909-505f281cefb5","owner":null,"dataSize":"0","replicationConfig":null} | ret=SUCCESS |  
2025-10-17 11:03:04,719 | INFO  | SCMAudit | user=runner | ip=127.0.0.1 | op=GET_CONTAINER_WITH_PIPELINE_BATCH {"containerIDs":"#20,"} | ret=SUCCESS |  
2025-10-17 11:03:04,719 | INFO  | OMAudit | user=null | ip= | op=READ_KEY {"volume":"6b035877-a204-4a2f-bcbb-70a4ca6c6f4e","bucket":"8da6a590-276d-4d39-a9de-1cf8401ef4f4","key":"77914c0d-026b-4f77-b909-505f281cefb5","owner":null,"dataSize":"0","replicationConfig":null} | ret=SUCCESS |  
2025-10-17 11:03:04,720 | INFO  | SCMAudit | user=runner | ip=127.0.0.1 | op=GET_CONTAINER {"containerID":"20"} | ret=SUCCESS |  
]]></system-out>
  </testcase>
  <testcase name="testPutKeySuccessWithBlockToken" classname="org.apache.hadoop.ozone.client.rpc.TestSecureOzoneRpcClient" time="0.365">
    <system-out><![CDATA[2025-10-17 11:03:04,721 [ForkJoinPool-1-worker-1] INFO  rpc.RpcClient (RpcClient.java:createVolume(461)) - Creating Volume: 4494f2d7-5f94-4ffd-b1c1-6e0878c62fde, with runner as owner and space quota set to -1 bytes, counts quota set to -1
2025-10-17 11:03:04,723 [om1-OMStateMachineApplyTransactionThread - 0] INFO  volume.OMVolumeCreateRequest (OMVolumeCreateRequest.java:validateAndUpdateCache(213)) - created volume:4494f2d7-5f94-4ffd-b1c1-6e0878c62fde for user:runner
2025-10-17 11:03:04,723 | INFO  | OMAudit | user=runner | ip=127.0.0.1 | op=CREATE_VOLUME {"admin":"runner","owner":"runner","volume":"4494f2d7-5f94-4ffd-b1c1-6e0878c62fde","creationTime":"1760698984722","modificationTime":"1760698984722","quotaInBytes":"-1","quotaInNamespace":"-1","usedNamespace":"0","objectID":"-9223372036854327808","updateID":"1750","Transaction":"1750"} | ret=SUCCESS |  
2025-10-17 11:03:04,725 | INFO  | OMAudit | user=runner | ip=127.0.0.1 | op=READ_VOLUME {"volume":"4494f2d7-5f94-4ffd-b1c1-6e0878c62fde"} | ret=SUCCESS |  
2025-10-17 11:03:04,725 [ForkJoinPool-1-worker-1] INFO  rpc.RpcClient (RpcClient.java:createBucket(686)) - Creating Bucket: 4494f2d7-5f94-4ffd-b1c1-6e0878c62fde/bb77a0de-4a1c-4c42-abb2-236becfbd313, with bucket layout OBJECT_STORE, runner as owner, Versioning false, Storage Type set to DISK and Encryption set to false, Replication Type set to server-side default replication type, Namespace Quota set to -1, Space Quota set to -1 
2025-10-17 11:03:04,726 [om1-OMStateMachineApplyTransactionThread - 0] INFO  bucket.OMBucketCreateRequest (OMBucketCreateRequest.java:validateAndUpdateCache(303)) - created bucket: bb77a0de-4a1c-4c42-abb2-236becfbd313 of layout OBJECT_STORE in volume: 4494f2d7-5f94-4ffd-b1c1-6e0878c62fde
2025-10-17 11:03:04,727 | INFO  | OMAudit | user=runner | ip=127.0.0.1 | op=CREATE_BUCKET {"volume":"4494f2d7-5f94-4ffd-b1c1-6e0878c62fde","bucket":"bb77a0de-4a1c-4c42-abb2-236becfbd313","bucketLayout":"OBJECT_STORE","gdprEnabled":null,"acls":"[user:runner:a[ACCESS], group:runner:rl[ACCESS]]","isVersionEnabled":"false","storageType":"DISK","creationTime":"1760698984726","bucketEncryptionKey":null,"modificationTime":"1760698984726","usedBytes":"0","usedNamespace":"0","snapshotUsedBytes":"0","snapshotUsedNamespace":"0","owner":"runner","replicationType":null,"replicationConfig":null,"quotaInBytes":"-1","quotaInNamespace":"-1","Transaction":"1751"} | ret=SUCCESS |  
2025-10-17 11:03:04,727 | INFO  | OMAudit | user=runner | ip=127.0.0.1 | op=READ_BUCKET {"volume":"4494f2d7-5f94-4ffd-b1c1-6e0878c62fde","bucket":"bb77a0de-4a1c-4c42-abb2-236becfbd313"} | ret=SUCCESS |  
2025-10-17 11:03:04,728 | INFO  | OMAudit | user=runner | ip=127.0.0.1 | op=READ_BUCKET {"volume":"4494f2d7-5f94-4ffd-b1c1-6e0878c62fde","bucket":"bb77a0de-4a1c-4c42-abb2-236becfbd313"} | ret=SUCCESS |  
2025-10-17 11:03:04,729 | INFO  | SCMAudit | user=runner | ip=127.0.0.1 | op=ALLOCATE_BLOCK {"replication":"RATIS/ONE","owner":"omServiceIdDefault","size":"4194304","sampleBlocks":"[conID: 10 locID: 115816896921600492]","num":"1","client":"","allocated":"1"} | ret=SUCCESS |  
2025-10-17 11:03:04,730 | INFO  | OMAudit | user=runner | ip=127.0.0.1 | op=ALLOCATE_KEY {"volume":"4494f2d7-5f94-4ffd-b1c1-6e0878c62fde","bucket":"bb77a0de-4a1c-4c42-abb2-236becfbd313","key":"aa083e23-fb05-4d3e-a898-a2f1b44814e1","dataSize":"12","replicationType":"RATIS","replicationFactor":"ONE","Transaction":"1752"} | ret=SUCCESS |  
2025-10-17 11:03:04,735 | INFO  | OMAudit | user=runner | ip=127.0.0.1 | op=COMMIT_KEY {"volume":"4494f2d7-5f94-4ffd-b1c1-6e0878c62fde","bucket":"bb77a0de-4a1c-4c42-abb2-236becfbd313","key":"aa083e23-fb05-4d3e-a898-a2f1b44814e1","dataSize":"12","replicationType":"RATIS","replicationFactor":"ONE","Transaction":"1753"} | ret=SUCCESS |  
2025-10-17 11:03:04,736 | INFO  | OMAudit | user=runner | ip=127.0.0.1 | op=READ_KEY {"volume":"4494f2d7-5f94-4ffd-b1c1-6e0878c62fde","bucket":"bb77a0de-4a1c-4c42-abb2-236becfbd313","key":"aa083e23-fb05-4d3e-a898-a2f1b44814e1","owner":null,"dataSize":"0","replicationConfig":null} | ret=SUCCESS |  
2025-10-17 11:03:04,737 | INFO  | SCMAudit | user=runner | ip=127.0.0.1 | op=SEND_HEARTBEAT {"datanodeUUID":"b6f92338-e951-49df-a986-ea31ece96e9e","term":"2","command":"[]"} | ret=SUCCESS |  
2025-10-17 11:03:04,738 | INFO  | OMAudit | user=runner | ip=127.0.0.1 | op=READ_KEY {"volume":"4494f2d7-5f94-4ffd-b1c1-6e0878c62fde","bucket":"bb77a0de-4a1c-4c42-abb2-236becfbd313","key":"aa083e23-fb05-4d3e-a898-a2f1b44814e1","owner":null,"dataSize":"0","replicationConfig":null} | ret=SUCCESS |  
2025-10-17 11:03:04,742 | INFO  | SCMAudit | user=runner | ip=127.0.0.1 | op=GET_CONTAINER_WITH_PIPELINE_BATCH {"containerIDs":"#10,"} | ret=SUCCESS |  
2025-10-17 11:03:04,743 | INFO  | OMAudit | user=null | ip= | op=READ_KEY {"volume":"4494f2d7-5f94-4ffd-b1c1-6e0878c62fde","bucket":"bb77a0de-4a1c-4c42-abb2-236becfbd313","key":"aa083e23-fb05-4d3e-a898-a2f1b44814e1","owner":null,"dataSize":"0","replicationConfig":null} | ret=SUCCESS |  
2025-10-17 11:03:04,743 | INFO  | SCMAudit | user=runner | ip=127.0.0.1 | op=GET_CONTAINER {"containerID":"10"} | ret=SUCCESS |  
2025-10-17 11:03:04,744 | INFO  | OMAudit | user=runner | ip=127.0.0.1 | op=READ_BUCKET {"volume":"4494f2d7-5f94-4ffd-b1c1-6e0878c62fde","bucket":"bb77a0de-4a1c-4c42-abb2-236becfbd313"} | ret=SUCCESS |  
2025-10-17 11:03:04,745 | INFO  | SCMAudit | user=runner | ip=127.0.0.1 | op=ALLOCATE_BLOCK {"replication":"RATIS/ONE","owner":"omServiceIdDefault","size":"4194304","sampleBlocks":"[conID: 14 locID: 115816896921600493]","num":"1","client":"","allocated":"1"} | ret=SUCCESS |  
2025-10-17 11:03:04,746 | INFO  | OMAudit | user=runner | ip=127.0.0.1 | op=ALLOCATE_KEY {"volume":"4494f2d7-5f94-4ffd-b1c1-6e0878c62fde","bucket":"bb77a0de-4a1c-4c42-abb2-236becfbd313","key":"ab606b3c-f613-40de-b2f4-dd76c8d7cb93","dataSize":"12","replicationType":"RATIS","replicationFactor":"ONE","Transaction":"1754"} | ret=SUCCESS |  
2025-10-17 11:03:04,751 | INFO  | OMAudit | user=runner | ip=127.0.0.1 | op=COMMIT_KEY {"volume":"4494f2d7-5f94-4ffd-b1c1-6e0878c62fde","bucket":"bb77a0de-4a1c-4c42-abb2-236becfbd313","key":"ab606b3c-f613-40de-b2f4-dd76c8d7cb93","dataSize":"12","replicationType":"RATIS","replicationFactor":"ONE","Transaction":"1755"} | ret=SUCCESS |  
2025-10-17 11:03:04,752 | INFO  | OMAudit | user=runner | ip=127.0.0.1 | op=READ_KEY {"volume":"4494f2d7-5f94-4ffd-b1c1-6e0878c62fde","bucket":"bb77a0de-4a1c-4c42-abb2-236becfbd313","key":"ab606b3c-f613-40de-b2f4-dd76c8d7cb93","owner":null,"dataSize":"0","replicationConfig":null} | ret=SUCCESS |  
2025-10-17 11:03:04,754 | INFO  | OMAudit | user=runner | ip=127.0.0.1 | op=READ_KEY {"volume":"4494f2d7-5f94-4ffd-b1c1-6e0878c62fde","bucket":"bb77a0de-4a1c-4c42-abb2-236becfbd313","key":"ab606b3c-f613-40de-b2f4-dd76c8d7cb93","owner":null,"dataSize":"0","replicationConfig":null} | ret=SUCCESS |  
2025-10-17 11:03:04,758 | INFO  | SCMAudit | user=runner | ip=127.0.0.1 | op=GET_CONTAINER_WITH_PIPELINE_BATCH {"containerIDs":"#14,"} | ret=SUCCESS |  
2025-10-17 11:03:04,758 | INFO  | OMAudit | user=null | ip= | op=READ_KEY {"volume":"4494f2d7-5f94-4ffd-b1c1-6e0878c62fde","bucket":"bb77a0de-4a1c-4c42-abb2-236becfbd313","key":"ab606b3c-f613-40de-b2f4-dd76c8d7cb93","owner":null,"dataSize":"0","replicationConfig":null} | ret=SUCCESS |  
2025-10-17 11:03:04,759 | INFO  | SCMAudit | user=runner | ip=127.0.0.1 | op=GET_CONTAINER {"containerID":"14"} | ret=SUCCESS |  
2025-10-17 11:03:04,760 | INFO  | OMAudit | user=runner | ip=127.0.0.1 | op=READ_BUCKET {"volume":"4494f2d7-5f94-4ffd-b1c1-6e0878c62fde","bucket":"bb77a0de-4a1c-4c42-abb2-236becfbd313"} | ret=SUCCESS |  
2025-10-17 11:03:04,760 | INFO  | SCMAudit | user=runner | ip=127.0.0.1 | op=ALLOCATE_BLOCK {"replication":"RATIS/ONE","owner":"omServiceIdDefault","size":"4194304","sampleBlocks":"[conID: 9 locID: 115816896921600494]","num":"1","client":"","allocated":"1"} | ret=SUCCESS |  
2025-10-17 11:03:04,762 | INFO  | OMAudit | user=runner | ip=127.0.0.1 | op=ALLOCATE_KEY {"volume":"4494f2d7-5f94-4ffd-b1c1-6e0878c62fde","bucket":"bb77a0de-4a1c-4c42-abb2-236becfbd313","key":"472fe356-1bab-4a2d-b367-126886e154d2","dataSize":"12","replicationType":"RATIS","replicationFactor":"ONE","Transaction":"1756"} | ret=SUCCESS |  
2025-10-17 11:03:04,763 | INFO  | SCMAudit | user=runner | ip=127.0.0.1 | op=SEND_HEARTBEAT {"datanodeUUID":"dbd6f242-9b73-4bca-a110-3e2ec656b979","term":"2","command":"[]"} | ret=SUCCESS |  
2025-10-17 11:03:04,767 | INFO  | OMAudit | user=runner | ip=127.0.0.1 | op=COMMIT_KEY {"volume":"4494f2d7-5f94-4ffd-b1c1-6e0878c62fde","bucket":"bb77a0de-4a1c-4c42-abb2-236becfbd313","key":"472fe356-1bab-4a2d-b367-126886e154d2","dataSize":"12","replicationType":"RATIS","replicationFactor":"ONE","Transaction":"1757"} | ret=SUCCESS |  
2025-10-17 11:03:04,768 | INFO  | SCMAudit | user=runner | ip=127.0.0.1 | op=SEND_HEARTBEAT {"datanodeUUID":"ed6e9581-5875-4278-a8db-50829892434b","term":"2","command":"[]"} | ret=SUCCESS |  
2025-10-17 11:03:04,768 | INFO  | OMAudit | user=runner | ip=127.0.0.1 | op=READ_KEY {"volume":"4494f2d7-5f94-4ffd-b1c1-6e0878c62fde","bucket":"bb77a0de-4a1c-4c42-abb2-236becfbd313","key":"472fe356-1bab-4a2d-b367-126886e154d2","owner":null,"dataSize":"0","replicationConfig":null} | ret=SUCCESS |  
2025-10-17 11:03:04,770 | INFO  | OMAudit | user=runner | ip=127.0.0.1 | op=READ_KEY {"volume":"4494f2d7-5f94-4ffd-b1c1-6e0878c62fde","bucket":"bb77a0de-4a1c-4c42-abb2-236becfbd313","key":"472fe356-1bab-4a2d-b367-126886e154d2","owner":null,"dataSize":"0","replicationConfig":null} | ret=SUCCESS |  
2025-10-17 11:03:04,771 | INFO  | SCMAudit | user=runner | ip=127.0.0.1 | op=SEND_HEARTBEAT {"datanodeUUID":"3a11eef6-a527-493c-8ba3-ae39ecaefa56","term":"2","command":"[]"} | ret=SUCCESS |  
2025-10-17 11:03:04,771 [EventQueue-PipelineActionsForPipelineActionHandler] INFO  pipeline.PipelineActionHandler (PipelineActionHandler.java:processPipelineAction(89)) - Received pipeline action CLOSE for Pipeline-7345f0ea-8df2-4439-b2f1-0dbc4bfeaa43 from datanode 3a11eef6-a527-493c-8ba3-ae39ecaefa56(localhost/127.0.0.1). Reason : Ratis Transaction failure in datanode 3a11eef6-a527-493c-8ba3-ae39ecaefa56 with role LEADER .Triggering pipeline close action.
2025-10-17 11:03:04,775 | INFO  | SCMAudit | user=runner | ip=127.0.0.1 | op=GET_CONTAINER_WITH_PIPELINE_BATCH {"containerIDs":"#9,"} | ret=SUCCESS |  
2025-10-17 11:03:04,775 | INFO  | OMAudit | user=null | ip= | op=READ_KEY {"volume":"4494f2d7-5f94-4ffd-b1c1-6e0878c62fde","bucket":"bb77a0de-4a1c-4c42-abb2-236becfbd313","key":"472fe356-1bab-4a2d-b367-126886e154d2","owner":null,"dataSize":"0","replicationConfig":null} | ret=SUCCESS |  
2025-10-17 11:03:04,776 | INFO  | SCMAudit | user=runner | ip=127.0.0.1 | op=GET_CONTAINER {"containerID":"9"} | ret=SUCCESS |  
2025-10-17 11:03:04,776 | INFO  | OMAudit | user=runner | ip=127.0.0.1 | op=READ_BUCKET {"volume":"4494f2d7-5f94-4ffd-b1c1-6e0878c62fde","bucket":"bb77a0de-4a1c-4c42-abb2-236becfbd313"} | ret=SUCCESS |  
2025-10-17 11:03:04,777 | INFO  | SCMAudit | user=runner | ip=127.0.0.1 | op=ALLOCATE_BLOCK {"replication":"RATIS/ONE","owner":"omServiceIdDefault","size":"4194304","sampleBlocks":"[conID: 11 locID: 115816896921600495]","num":"1","client":"","allocated":"1"} | ret=SUCCESS |  
2025-10-17 11:03:04,778 | INFO  | OMAudit | user=runner | ip=127.0.0.1 | op=ALLOCATE_KEY {"volume":"4494f2d7-5f94-4ffd-b1c1-6e0878c62fde","bucket":"bb77a0de-4a1c-4c42-abb2-236becfbd313","key":"48c98abb-2a9f-4794-96b2-5ef80ee43935","dataSize":"12","replicationType":"RATIS","replicationFactor":"ONE","Transaction":"1758"} | ret=SUCCESS |  
2025-10-17 11:03:04,783 | INFO  | OMAudit | user=runner | ip=127.0.0.1 | op=COMMIT_KEY {"volume":"4494f2d7-5f94-4ffd-b1c1-6e0878c62fde","bucket":"bb77a0de-4a1c-4c42-abb2-236becfbd313","key":"48c98abb-2a9f-4794-96b2-5ef80ee43935","dataSize":"12","replicationType":"RATIS","replicationFactor":"ONE","Transaction":"1759"} | ret=SUCCESS |  
2025-10-17 11:03:04,784 | INFO  | OMAudit | user=runner | ip=127.0.0.1 | op=READ_KEY {"volume":"4494f2d7-5f94-4ffd-b1c1-6e0878c62fde","bucket":"bb77a0de-4a1c-4c42-abb2-236becfbd313","key":"48c98abb-2a9f-4794-96b2-5ef80ee43935","owner":null,"dataSize":"0","replicationConfig":null} | ret=SUCCESS |  
2025-10-17 11:03:04,786 [EventQueue-PipelineActionsForPipelineActionHandler] INFO  pipeline.PipelineActionHandler (PipelineActionHandler.java:processPipelineAction(89)) - Received pipeline action CLOSE for Pipeline-7345f0ea-8df2-4439-b2f1-0dbc4bfeaa43 from datanode 28c08cd4-c049-4c66-8210-e254cf68b291(localhost/127.0.0.1). Reason : Ratis Transaction failure in datanode 28c08cd4-c049-4c66-8210-e254cf68b291 with role FOLLOWER .Triggering pipeline close action.
2025-10-17 11:03:04,787 | INFO  | OMAudit | user=runner | ip=127.0.0.1 | op=READ_KEY {"volume":"4494f2d7-5f94-4ffd-b1c1-6e0878c62fde","bucket":"bb77a0de-4a1c-4c42-abb2-236becfbd313","key":"48c98abb-2a9f-4794-96b2-5ef80ee43935","owner":null,"dataSize":"0","replicationConfig":null} | ret=SUCCESS |  
2025-10-17 11:03:04,787 | INFO  | SCMAudit | user=runner | ip=127.0.0.1 | op=SEND_HEARTBEAT {"datanodeUUID":"7995ae7b-77ec-4e72-809d-814459f62ee0","term":"2","command":"[commandType: closeContainerCommand closeContainerCommandProto { containerID: 18 pipelineID { id: \"7345f0ea-8df2-4439-b2f1-0dbc4bfeaa43\" uuid128 { mostSigBits: 8306309977949226041 leastSigBits: -5552641763191117245 } } cmdId: 18 force: false } term: 2 encodedToken: \"\" deadlineMsSinceEpoch: 0]"} | ret=SUCCESS |  
2025-10-17 11:03:04,788 [EventQueue-PipelineActionsForPipelineActionHandler] INFO  pipeline.PipelineActionHandler (PipelineActionHandler.java:processPipelineAction(89)) - Received pipeline action CLOSE for Pipeline-7345f0ea-8df2-4439-b2f1-0dbc4bfeaa43 from datanode 7995ae7b-77ec-4e72-809d-814459f62ee0(localhost/127.0.0.1). Reason : Ratis Transaction failure in datanode 7995ae7b-77ec-4e72-809d-814459f62ee0 with role FOLLOWER .Triggering pipeline close action.
2025-10-17 11:03:04,789 | INFO  | SCMAudit | user=runner | ip=127.0.0.1 | op=SEND_HEARTBEAT {"datanodeUUID":"28c08cd4-c049-4c66-8210-e254cf68b291","term":"2","command":"[commandType: closeContainerCommand closeContainerCommandProto { containerID: 18 pipelineID { id: \"7345f0ea-8df2-4439-b2f1-0dbc4bfeaa43\" uuid128 { mostSigBits: 8306309977949226041 leastSigBits: -5552641763191117245 } } cmdId: 18 force: false } term: 2 encodedToken: \"\" deadlineMsSinceEpoch: 0]"} | ret=SUCCESS |  
2025-10-17 11:03:04,796 | INFO  | SCMAudit | user=runner | ip=127.0.0.1 | op=GET_CONTAINER_WITH_PIPELINE_BATCH {"containerIDs":"#11,"} | ret=SUCCESS |  
2025-10-17 11:03:04,797 | INFO  | OMAudit | user=null | ip= | op=READ_KEY {"volume":"4494f2d7-5f94-4ffd-b1c1-6e0878c62fde","bucket":"bb77a0de-4a1c-4c42-abb2-236becfbd313","key":"48c98abb-2a9f-4794-96b2-5ef80ee43935","owner":null,"dataSize":"0","replicationConfig":null} | ret=SUCCESS |  
2025-10-17 11:03:04,798 | INFO  | SCMAudit | user=runner | ip=127.0.0.1 | op=GET_CONTAINER {"containerID":"11"} | ret=SUCCESS |  
2025-10-17 11:03:04,799 | INFO  | OMAudit | user=runner | ip=127.0.0.1 | op=READ_BUCKET {"volume":"4494f2d7-5f94-4ffd-b1c1-6e0878c62fde","bucket":"bb77a0de-4a1c-4c42-abb2-236becfbd313"} | ret=SUCCESS |  
2025-10-17 11:03:04,799 | INFO  | SCMAudit | user=runner | ip=127.0.0.1 | op=ALLOCATE_BLOCK {"replication":"RATIS/ONE","owner":"omServiceIdDefault","size":"4194304","sampleBlocks":"[conID: 10 locID: 115816896921600496]","num":"1","client":"","allocated":"1"} | ret=SUCCESS |  
2025-10-17 11:03:04,801 | INFO  | OMAudit | user=runner | ip=127.0.0.1 | op=ALLOCATE_KEY {"volume":"4494f2d7-5f94-4ffd-b1c1-6e0878c62fde","bucket":"bb77a0de-4a1c-4c42-abb2-236becfbd313","key":"460ce639-0e01-437a-a32e-ecc515bd4758","dataSize":"12","replicationType":"RATIS","replicationFactor":"ONE","Transaction":"1760"} | ret=SUCCESS |  
2025-10-17 11:03:04,807 | INFO  | OMAudit | user=runner | ip=127.0.0.1 | op=COMMIT_KEY {"volume":"4494f2d7-5f94-4ffd-b1c1-6e0878c62fde","bucket":"bb77a0de-4a1c-4c42-abb2-236becfbd313","key":"460ce639-0e01-437a-a32e-ecc515bd4758","dataSize":"12","replicationType":"RATIS","replicationFactor":"ONE","Transaction":"1761"} | ret=SUCCESS |  
2025-10-17 11:03:04,808 | INFO  | OMAudit | user=runner | ip=127.0.0.1 | op=READ_KEY {"volume":"4494f2d7-5f94-4ffd-b1c1-6e0878c62fde","bucket":"bb77a0de-4a1c-4c42-abb2-236becfbd313","key":"460ce639-0e01-437a-a32e-ecc515bd4758","owner":null,"dataSize":"0","replicationConfig":null} | ret=SUCCESS |  
2025-10-17 11:03:04,810 | INFO  | OMAudit | user=runner | ip=127.0.0.1 | op=READ_KEY {"volume":"4494f2d7-5f94-4ffd-b1c1-6e0878c62fde","bucket":"bb77a0de-4a1c-4c42-abb2-236becfbd313","key":"460ce639-0e01-437a-a32e-ecc515bd4758","owner":null,"dataSize":"0","replicationConfig":null} | ret=SUCCESS |  
2025-10-17 11:03:04,814 | INFO  | SCMAudit | user=runner | ip=127.0.0.1 | op=GET_CONTAINER_WITH_PIPELINE_BATCH {"containerIDs":"#10,"} | ret=SUCCESS |  
2025-10-17 11:03:04,814 | INFO  | OMAudit | user=null | ip= | op=READ_KEY {"volume":"4494f2d7-5f94-4ffd-b1c1-6e0878c62fde","bucket":"bb77a0de-4a1c-4c42-abb2-236becfbd313","key":"460ce639-0e01-437a-a32e-ecc515bd4758","owner":null,"dataSize":"0","replicationConfig":null} | ret=SUCCESS |  
2025-10-17 11:03:04,815 | INFO  | SCMAudit | user=runner | ip=127.0.0.1 | op=GET_CONTAINER {"containerID":"10"} | ret=SUCCESS |  
2025-10-17 11:03:04,816 | INFO  | OMAudit | user=runner | ip=127.0.0.1 | op=READ_BUCKET {"volume":"4494f2d7-5f94-4ffd-b1c1-6e0878c62fde","bucket":"bb77a0de-4a1c-4c42-abb2-236becfbd313"} | ret=SUCCESS |  
2025-10-17 11:03:04,816 | INFO  | SCMAudit | user=runner | ip=127.0.0.1 | op=ALLOCATE_BLOCK {"replication":"RATIS/ONE","owner":"omServiceIdDefault","size":"4194304","sampleBlocks":"[conID: 1 locID: 115816896921600497]","num":"1","client":"","allocated":"1"} | ret=SUCCESS |  
2025-10-17 11:03:04,818 | INFO  | OMAudit | user=runner | ip=127.0.0.1 | op=ALLOCATE_KEY {"volume":"4494f2d7-5f94-4ffd-b1c1-6e0878c62fde","bucket":"bb77a0de-4a1c-4c42-abb2-236becfbd313","key":"a45f4764-0abe-4440-afa2-850d5b522537","dataSize":"12","replicationType":"RATIS","replicationFactor":"ONE","Transaction":"1762"} | ret=SUCCESS |  
2025-10-17 11:03:04,823 | INFO  | OMAudit | user=runner | ip=127.0.0.1 | op=COMMIT_KEY {"volume":"4494f2d7-5f94-4ffd-b1c1-6e0878c62fde","bucket":"bb77a0de-4a1c-4c42-abb2-236becfbd313","key":"a45f4764-0abe-4440-afa2-850d5b522537","dataSize":"12","replicationType":"RATIS","replicationFactor":"ONE","Transaction":"1763"} | ret=SUCCESS |  
2025-10-17 11:03:04,825 | INFO  | OMAudit | user=runner | ip=127.0.0.1 | op=READ_KEY {"volume":"4494f2d7-5f94-4ffd-b1c1-6e0878c62fde","bucket":"bb77a0de-4a1c-4c42-abb2-236becfbd313","key":"a45f4764-0abe-4440-afa2-850d5b522537","owner":null,"dataSize":"0","replicationConfig":null} | ret=SUCCESS |  
2025-10-17 11:03:04,826 | INFO  | OMAudit | user=runner | ip=127.0.0.1 | op=READ_KEY {"volume":"4494f2d7-5f94-4ffd-b1c1-6e0878c62fde","bucket":"bb77a0de-4a1c-4c42-abb2-236becfbd313","key":"a45f4764-0abe-4440-afa2-850d5b522537","owner":null,"dataSize":"0","replicationConfig":null} | ret=SUCCESS |  
2025-10-17 11:03:04,830 | INFO  | SCMAudit | user=runner | ip=127.0.0.1 | op=GET_CONTAINER_WITH_PIPELINE_BATCH {"containerIDs":"#1,"} | ret=SUCCESS |  
2025-10-17 11:03:04,831 | INFO  | OMAudit | user=null | ip= | op=READ_KEY {"volume":"4494f2d7-5f94-4ffd-b1c1-6e0878c62fde","bucket":"bb77a0de-4a1c-4c42-abb2-236becfbd313","key":"a45f4764-0abe-4440-afa2-850d5b522537","owner":null,"dataSize":"0","replicationConfig":null} | ret=SUCCESS |  
2025-10-17 11:03:04,831 | INFO  | SCMAudit | user=runner | ip=127.0.0.1 | op=GET_CONTAINER {"containerID":"1"} | ret=SUCCESS |  
2025-10-17 11:03:04,832 | INFO  | OMAudit | user=runner | ip=127.0.0.1 | op=READ_BUCKET {"volume":"4494f2d7-5f94-4ffd-b1c1-6e0878c62fde","bucket":"bb77a0de-4a1c-4c42-abb2-236becfbd313"} | ret=SUCCESS |  
2025-10-17 11:03:04,833 | INFO  | SCMAudit | user=runner | ip=127.0.0.1 | op=ALLOCATE_BLOCK {"replication":"RATIS/ONE","owner":"omServiceIdDefault","size":"4194304","sampleBlocks":"[conID: 7 locID: 115816896921600498]","num":"1","client":"","allocated":"1"} | ret=SUCCESS |  
2025-10-17 11:03:04,834 | INFO  | OMAudit | user=runner | ip=127.0.0.1 | op=ALLOCATE_KEY {"volume":"4494f2d7-5f94-4ffd-b1c1-6e0878c62fde","bucket":"bb77a0de-4a1c-4c42-abb2-236becfbd313","key":"fccd37a0-56cc-430d-8da2-b8ce2a606604","dataSize":"12","replicationType":"RATIS","replicationFactor":"ONE","Transaction":"1764"} | ret=SUCCESS |  
2025-10-17 11:03:04,839 | INFO  | OMAudit | user=runner | ip=127.0.0.1 | op=COMMIT_KEY {"volume":"4494f2d7-5f94-4ffd-b1c1-6e0878c62fde","bucket":"bb77a0de-4a1c-4c42-abb2-236becfbd313","key":"fccd37a0-56cc-430d-8da2-b8ce2a606604","dataSize":"12","replicationType":"RATIS","replicationFactor":"ONE","Transaction":"1765"} | ret=SUCCESS |  
2025-10-17 11:03:04,841 | INFO  | OMAudit | user=runner | ip=127.0.0.1 | op=READ_KEY {"volume":"4494f2d7-5f94-4ffd-b1c1-6e0878c62fde","bucket":"bb77a0de-4a1c-4c42-abb2-236becfbd313","key":"fccd37a0-56cc-430d-8da2-b8ce2a606604","owner":null,"dataSize":"0","replicationConfig":null} | ret=SUCCESS |  
2025-10-17 11:03:04,842 | INFO  | OMAudit | user=runner | ip=127.0.0.1 | op=READ_KEY {"volume":"4494f2d7-5f94-4ffd-b1c1-6e0878c62fde","bucket":"bb77a0de-4a1c-4c42-abb2-236becfbd313","key":"fccd37a0-56cc-430d-8da2-b8ce2a606604","owner":null,"dataSize":"0","replicationConfig":null} | ret=SUCCESS |  
2025-10-17 11:03:04,846 | INFO  | SCMAudit | user=runner | ip=127.0.0.1 | op=GET_CONTAINER_WITH_PIPELINE_BATCH {"containerIDs":"#7,"} | ret=SUCCESS |  
2025-10-17 11:03:04,847 | INFO  | OMAudit | user=null | ip= | op=READ_KEY {"volume":"4494f2d7-5f94-4ffd-b1c1-6e0878c62fde","bucket":"bb77a0de-4a1c-4c42-abb2-236becfbd313","key":"fccd37a0-56cc-430d-8da2-b8ce2a606604","owner":null,"dataSize":"0","replicationConfig":null} | ret=SUCCESS |  
2025-10-17 11:03:04,847 | INFO  | SCMAudit | user=runner | ip=127.0.0.1 | op=GET_CONTAINER {"containerID":"7"} | ret=SUCCESS |  
2025-10-17 11:03:04,848 | INFO  | OMAudit | user=runner | ip=127.0.0.1 | op=READ_BUCKET {"volume":"4494f2d7-5f94-4ffd-b1c1-6e0878c62fde","bucket":"bb77a0de-4a1c-4c42-abb2-236becfbd313"} | ret=SUCCESS |  
2025-10-17 11:03:04,849 | INFO  | SCMAudit | user=runner | ip=127.0.0.1 | op=ALLOCATE_BLOCK {"replication":"RATIS/ONE","owner":"omServiceIdDefault","size":"4194304","sampleBlocks":"[conID: 11 locID: 115816896921600499]","num":"1","client":"","allocated":"1"} | ret=SUCCESS |  
2025-10-17 11:03:04,850 | INFO  | OMAudit | user=runner | ip=127.0.0.1 | op=ALLOCATE_KEY {"volume":"4494f2d7-5f94-4ffd-b1c1-6e0878c62fde","bucket":"bb77a0de-4a1c-4c42-abb2-236becfbd313","key":"e17ebf36-9e81-43ae-8a53-5afe3f15ddb1","dataSize":"12","replicationType":"RATIS","replicationFactor":"ONE","Transaction":"1766"} | ret=SUCCESS |  
2025-10-17 11:03:04,855 | INFO  | OMAudit | user=runner | ip=127.0.0.1 | op=COMMIT_KEY {"volume":"4494f2d7-5f94-4ffd-b1c1-6e0878c62fde","bucket":"bb77a0de-4a1c-4c42-abb2-236becfbd313","key":"e17ebf36-9e81-43ae-8a53-5afe3f15ddb1","dataSize":"12","replicationType":"RATIS","replicationFactor":"ONE","Transaction":"1767"} | ret=SUCCESS |  
2025-10-17 11:03:04,856 | INFO  | OMAudit | user=runner | ip=127.0.0.1 | op=READ_KEY {"volume":"4494f2d7-5f94-4ffd-b1c1-6e0878c62fde","bucket":"bb77a0de-4a1c-4c42-abb2-236becfbd313","key":"e17ebf36-9e81-43ae-8a53-5afe3f15ddb1","owner":null,"dataSize":"0","replicationConfig":null} | ret=SUCCESS |  
2025-10-17 11:03:04,857 | INFO  | OMAudit | user=runner | ip=127.0.0.1 | op=READ_KEY {"volume":"4494f2d7-5f94-4ffd-b1c1-6e0878c62fde","bucket":"bb77a0de-4a1c-4c42-abb2-236becfbd313","key":"e17ebf36-9e81-43ae-8a53-5afe3f15ddb1","owner":null,"dataSize":"0","replicationConfig":null} | ret=SUCCESS |  
2025-10-17 11:03:04,862 | INFO  | SCMAudit | user=runner | ip=127.0.0.1 | op=GET_CONTAINER_WITH_PIPELINE_BATCH {"containerIDs":"#11,"} | ret=SUCCESS |  
2025-10-17 11:03:04,862 | INFO  | OMAudit | user=null | ip= | op=READ_KEY {"volume":"4494f2d7-5f94-4ffd-b1c1-6e0878c62fde","bucket":"bb77a0de-4a1c-4c42-abb2-236becfbd313","key":"e17ebf36-9e81-43ae-8a53-5afe3f15ddb1","owner":null,"dataSize":"0","replicationConfig":null} | ret=SUCCESS |  
2025-10-17 11:03:04,863 | INFO  | SCMAudit | user=runner | ip=127.0.0.1 | op=GET_CONTAINER {"containerID":"11"} | ret=SUCCESS |  
2025-10-17 11:03:04,863 | INFO  | OMAudit | user=runner | ip=127.0.0.1 | op=READ_BUCKET {"volume":"4494f2d7-5f94-4ffd-b1c1-6e0878c62fde","bucket":"bb77a0de-4a1c-4c42-abb2-236becfbd313"} | ret=SUCCESS |  
2025-10-17 11:03:04,864 | INFO  | SCMAudit | user=runner | ip=127.0.0.1 | op=ALLOCATE_BLOCK {"replication":"RATIS/ONE","owner":"omServiceIdDefault","size":"4194304","sampleBlocks":"[conID: 2 locID: 115816896921600500]","num":"1","client":"","allocated":"1"} | ret=SUCCESS |  
2025-10-17 11:03:04,865 | INFO  | OMAudit | user=runner | ip=127.0.0.1 | op=ALLOCATE_KEY {"volume":"4494f2d7-5f94-4ffd-b1c1-6e0878c62fde","bucket":"bb77a0de-4a1c-4c42-abb2-236becfbd313","key":"244390b6-7cd9-4ebf-86d7-b08187341bac","dataSize":"12","replicationType":"RATIS","replicationFactor":"ONE","Transaction":"1768"} | ret=SUCCESS |  
2025-10-17 11:03:04,872 | INFO  | OMAudit | user=runner | ip=127.0.0.1 | op=COMMIT_KEY {"volume":"4494f2d7-5f94-4ffd-b1c1-6e0878c62fde","bucket":"bb77a0de-4a1c-4c42-abb2-236becfbd313","key":"244390b6-7cd9-4ebf-86d7-b08187341bac","dataSize":"12","replicationType":"RATIS","replicationFactor":"ONE","Transaction":"1769"} | ret=SUCCESS |  
2025-10-17 11:03:04,873 | INFO  | OMAudit | user=runner | ip=127.0.0.1 | op=READ_KEY {"volume":"4494f2d7-5f94-4ffd-b1c1-6e0878c62fde","bucket":"bb77a0de-4a1c-4c42-abb2-236becfbd313","key":"244390b6-7cd9-4ebf-86d7-b08187341bac","owner":null,"dataSize":"0","replicationConfig":null} | ret=SUCCESS |  
2025-10-17 11:03:04,875 | INFO  | OMAudit | user=runner | ip=127.0.0.1 | op=READ_KEY {"volume":"4494f2d7-5f94-4ffd-b1c1-6e0878c62fde","bucket":"bb77a0de-4a1c-4c42-abb2-236becfbd313","key":"244390b6-7cd9-4ebf-86d7-b08187341bac","owner":null,"dataSize":"0","replicationConfig":null} | ret=SUCCESS |  
2025-10-17 11:03:04,879 | INFO  | SCMAudit | user=runner | ip=127.0.0.1 | op=GET_CONTAINER_WITH_PIPELINE_BATCH {"containerIDs":"#2,"} | ret=SUCCESS |  
2025-10-17 11:03:04,879 | INFO  | OMAudit | user=null | ip= | op=READ_KEY {"volume":"4494f2d7-5f94-4ffd-b1c1-6e0878c62fde","bucket":"bb77a0de-4a1c-4c42-abb2-236becfbd313","key":"244390b6-7cd9-4ebf-86d7-b08187341bac","owner":null,"dataSize":"0","replicationConfig":null} | ret=SUCCESS |  
2025-10-17 11:03:04,880 | INFO  | SCMAudit | user=runner | ip=127.0.0.1 | op=GET_CONTAINER {"containerID":"2"} | ret=SUCCESS |  
2025-10-17 11:03:04,881 | INFO  | OMAudit | user=runner | ip=127.0.0.1 | op=READ_BUCKET {"volume":"4494f2d7-5f94-4ffd-b1c1-6e0878c62fde","bucket":"bb77a0de-4a1c-4c42-abb2-236becfbd313"} | ret=SUCCESS |  
2025-10-17 11:03:04,881 | INFO  | SCMAudit | user=runner | ip=127.0.0.1 | op=ALLOCATE_BLOCK {"replication":"RATIS/ONE","owner":"omServiceIdDefault","size":"4194304","sampleBlocks":"[conID: 3 locID: 115816896921600501]","num":"1","client":"","allocated":"1"} | ret=SUCCESS |  
2025-10-17 11:03:04,883 | INFO  | OMAudit | user=runner | ip=127.0.0.1 | op=ALLOCATE_KEY {"volume":"4494f2d7-5f94-4ffd-b1c1-6e0878c62fde","bucket":"bb77a0de-4a1c-4c42-abb2-236becfbd313","key":"3a4de62a-f949-4ade-811b-3cfa608d789d","dataSize":"12","replicationType":"RATIS","replicationFactor":"ONE","Transaction":"1770"} | ret=SUCCESS |  
2025-10-17 11:03:04,887 | INFO  | OMAudit | user=runner | ip=127.0.0.1 | op=COMMIT_KEY {"volume":"4494f2d7-5f94-4ffd-b1c1-6e0878c62fde","bucket":"bb77a0de-4a1c-4c42-abb2-236becfbd313","key":"3a4de62a-f949-4ade-811b-3cfa608d789d","dataSize":"12","replicationType":"RATIS","replicationFactor":"ONE","Transaction":"1771"} | ret=SUCCESS |  
2025-10-17 11:03:04,889 | INFO  | OMAudit | user=runner | ip=127.0.0.1 | op=READ_KEY {"volume":"4494f2d7-5f94-4ffd-b1c1-6e0878c62fde","bucket":"bb77a0de-4a1c-4c42-abb2-236becfbd313","key":"3a4de62a-f949-4ade-811b-3cfa608d789d","owner":null,"dataSize":"0","replicationConfig":null} | ret=SUCCESS |  
2025-10-17 11:03:04,890 | INFO  | OMAudit | user=runner | ip=127.0.0.1 | op=READ_KEY {"volume":"4494f2d7-5f94-4ffd-b1c1-6e0878c62fde","bucket":"bb77a0de-4a1c-4c42-abb2-236becfbd313","key":"3a4de62a-f949-4ade-811b-3cfa608d789d","owner":null,"dataSize":"0","replicationConfig":null} | ret=SUCCESS |  
2025-10-17 11:03:04,891 | INFO  | SCMAudit | user=runner | ip=127.0.0.1 | op=SEND_HEARTBEAT {"datanodeUUID":"a5293c95-44e9-4ea9-88ca-89089eac4b59","term":"2","command":"[]"} | ret=SUCCESS |  
2025-10-17 11:03:04,895 | INFO  | SCMAudit | user=runner | ip=127.0.0.1 | op=GET_CONTAINER_WITH_PIPELINE_BATCH {"containerIDs":"#3,"} | ret=SUCCESS |  
2025-10-17 11:03:04,895 | INFO  | OMAudit | user=null | ip= | op=READ_KEY {"volume":"4494f2d7-5f94-4ffd-b1c1-6e0878c62fde","bucket":"bb77a0de-4a1c-4c42-abb2-236becfbd313","key":"3a4de62a-f949-4ade-811b-3cfa608d789d","owner":null,"dataSize":"0","replicationConfig":null} | ret=SUCCESS |  
2025-10-17 11:03:04,895 | INFO  | SCMAudit | user=runner | ip=127.0.0.1 | op=GET_CONTAINER {"containerID":"3"} | ret=SUCCESS |  
2025-10-17 11:03:04,896 [ForkJoinPool-1-worker-1] INFO  rpc.RpcClient (RpcClient.java:createVolume(461)) - Creating Volume: e02114e4-48e9-4d5f-b091-d692692ac29f, with runner as owner and space quota set to -1 bytes, counts quota set to -1
2025-10-17 11:03:04,897 [om1-OMStateMachineApplyTransactionThread - 0] INFO  volume.OMVolumeCreateRequest (OMVolumeCreateRequest.java:validateAndUpdateCache(213)) - created volume:e02114e4-48e9-4d5f-b091-d692692ac29f for user:runner
2025-10-17 11:03:04,897 | INFO  | OMAudit | user=runner | ip=127.0.0.1 | op=CREATE_VOLUME {"admin":"runner","owner":"runner","volume":"e02114e4-48e9-4d5f-b091-d692692ac29f","creationTime":"1760698984896","modificationTime":"1760698984896","quotaInBytes":"-1","quotaInNamespace":"-1","usedNamespace":"0","objectID":"-9223372036854322176","updateID":"1772","Transaction":"1772"} | ret=SUCCESS |  
2025-10-17 11:03:04,898 | INFO  | OMAudit | user=runner | ip=127.0.0.1 | op=READ_VOLUME {"volume":"e02114e4-48e9-4d5f-b091-d692692ac29f"} | ret=SUCCESS |  
2025-10-17 11:03:04,898 [ForkJoinPool-1-worker-1] INFO  rpc.RpcClient (RpcClient.java:createBucket(686)) - Creating Bucket: e02114e4-48e9-4d5f-b091-d692692ac29f/a6a7bc6b-0e7e-4682-858e-85b0285b44a7, with bucket layout FILE_SYSTEM_OPTIMIZED, runner as owner, Versioning false, Storage Type set to DISK and Encryption set to false, Replication Type set to server-side default replication type, Namespace Quota set to -1, Space Quota set to -1 
2025-10-17 11:03:04,900 [om1-OMStateMachineApplyTransactionThread - 0] INFO  bucket.OMBucketCreateRequest (OMBucketCreateRequest.java:validateAndUpdateCache(303)) - created bucket: a6a7bc6b-0e7e-4682-858e-85b0285b44a7 of layout FILE_SYSTEM_OPTIMIZED in volume: e02114e4-48e9-4d5f-b091-d692692ac29f
2025-10-17 11:03:04,900 | INFO  | OMAudit | user=runner | ip=127.0.0.1 | op=CREATE_BUCKET {"volume":"e02114e4-48e9-4d5f-b091-d692692ac29f","bucket":"a6a7bc6b-0e7e-4682-858e-85b0285b44a7","bucketLayout":"FILE_SYSTEM_OPTIMIZED","gdprEnabled":null,"acls":"[user:runner:a[ACCESS], group:runner:rl[ACCESS]]","isVersionEnabled":"false","storageType":"DISK","creationTime":"1760698984899","bucketEncryptionKey":null,"modificationTime":"1760698984899","usedBytes":"0","usedNamespace":"0","snapshotUsedBytes":"0","snapshotUsedNamespace":"0","owner":"runner","replicationType":null,"replicationConfig":null,"quotaInBytes":"-1","quotaInNamespace":"-1","Transaction":"1773"} | ret=SUCCESS |  
2025-10-17 11:03:04,901 | INFO  | OMAudit | user=runner | ip=127.0.0.1 | op=READ_BUCKET {"volume":"e02114e4-48e9-4d5f-b091-d692692ac29f","bucket":"a6a7bc6b-0e7e-4682-858e-85b0285b44a7"} | ret=SUCCESS |  
2025-10-17 11:03:04,902 | INFO  | OMAudit | user=runner | ip=127.0.0.1 | op=READ_BUCKET {"volume":"e02114e4-48e9-4d5f-b091-d692692ac29f","bucket":"a6a7bc6b-0e7e-4682-858e-85b0285b44a7"} | ret=SUCCESS |  
2025-10-17 11:03:04,902 | INFO  | SCMAudit | user=runner | ip=127.0.0.1 | op=ALLOCATE_BLOCK {"replication":"RATIS/ONE","owner":"omServiceIdDefault","size":"4194304","sampleBlocks":"[conID: 9 locID: 115816896921600502]","num":"1","client":"","allocated":"1"} | ret=SUCCESS |  
2025-10-17 11:03:04,904 | INFO  | OMAudit | user=runner | ip=127.0.0.1 | op=ALLOCATE_KEY {"volume":"e02114e4-48e9-4d5f-b091-d692692ac29f","bucket":"a6a7bc6b-0e7e-4682-858e-85b0285b44a7","key":"3b6de9c3-e471-4833-896e-3721a09daa86","dataSize":"12","replicationType":"RATIS","replicationFactor":"ONE","Transaction":"1774"} | ret=SUCCESS |  
2025-10-17 11:03:04,909 | INFO  | OMAudit | user=runner | ip=127.0.0.1 | op=COMMIT_KEY {"volume":"e02114e4-48e9-4d5f-b091-d692692ac29f","bucket":"a6a7bc6b-0e7e-4682-858e-85b0285b44a7","key":"3b6de9c3-e471-4833-896e-3721a09daa86","dataSize":"12","replicationType":"RATIS","replicationFactor":"ONE","Transaction":"1775"} | ret=SUCCESS |  
2025-10-17 11:03:04,910 | INFO  | OMAudit | user=runner | ip=127.0.0.1 | op=READ_KEY {"volume":"e02114e4-48e9-4d5f-b091-d692692ac29f","bucket":"a6a7bc6b-0e7e-4682-858e-85b0285b44a7","key":"3b6de9c3-e471-4833-896e-3721a09daa86","owner":null,"dataSize":"0","replicationConfig":null} | ret=SUCCESS |  
2025-10-17 11:03:04,912 | INFO  | OMAudit | user=runner | ip=127.0.0.1 | op=READ_KEY {"volume":"e02114e4-48e9-4d5f-b091-d692692ac29f","bucket":"a6a7bc6b-0e7e-4682-858e-85b0285b44a7","key":"3b6de9c3-e471-4833-896e-3721a09daa86","owner":null,"dataSize":"0","replicationConfig":null} | ret=SUCCESS |  
2025-10-17 11:03:04,916 | INFO  | SCMAudit | user=runner | ip=127.0.0.1 | op=GET_CONTAINER_WITH_PIPELINE_BATCH {"containerIDs":"#9,"} | ret=SUCCESS |  
2025-10-17 11:03:04,917 | INFO  | OMAudit | user=null | ip= | op=READ_KEY {"volume":"e02114e4-48e9-4d5f-b091-d692692ac29f","bucket":"a6a7bc6b-0e7e-4682-858e-85b0285b44a7","key":"3b6de9c3-e471-4833-896e-3721a09daa86","owner":null,"dataSize":"0","replicationConfig":null} | ret=SUCCESS |  
2025-10-17 11:03:04,918 | INFO  | SCMAudit | user=runner | ip=127.0.0.1 | op=GET_CONTAINER {"containerID":"9"} | ret=SUCCESS |  
2025-10-17 11:03:04,918 | INFO  | OMAudit | user=runner | ip=127.0.0.1 | op=READ_BUCKET {"volume":"e02114e4-48e9-4d5f-b091-d692692ac29f","bucket":"a6a7bc6b-0e7e-4682-858e-85b0285b44a7"} | ret=SUCCESS |  
2025-10-17 11:03:04,919 | INFO  | SCMAudit | user=runner | ip=127.0.0.1 | op=ALLOCATE_BLOCK {"replication":"RATIS/ONE","owner":"omServiceIdDefault","size":"4194304","sampleBlocks":"[conID: 6 locID: 115816896921600503]","num":"1","client":"","allocated":"1"} | ret=SUCCESS |  
2025-10-17 11:03:04,921 | INFO  | OMAudit | user=runner | ip=127.0.0.1 | op=ALLOCATE_KEY {"volume":"e02114e4-48e9-4d5f-b091-d692692ac29f","bucket":"a6a7bc6b-0e7e-4682-858e-85b0285b44a7","key":"eac1e115-ca71-40df-82ec-9178e6ad41d2","dataSize":"12","replicationType":"RATIS","replicationFactor":"ONE","Transaction":"1776"} | ret=SUCCESS |  
2025-10-17 11:03:04,927 | INFO  | OMAudit | user=runner | ip=127.0.0.1 | op=COMMIT_KEY {"volume":"e02114e4-48e9-4d5f-b091-d692692ac29f","bucket":"a6a7bc6b-0e7e-4682-858e-85b0285b44a7","key":"eac1e115-ca71-40df-82ec-9178e6ad41d2","dataSize":"12","replicationType":"RATIS","replicationFactor":"ONE","Transaction":"1777"} | ret=SUCCESS |  
2025-10-17 11:03:04,928 | INFO  | OMAudit | user=runner | ip=127.0.0.1 | op=READ_KEY {"volume":"e02114e4-48e9-4d5f-b091-d692692ac29f","bucket":"a6a7bc6b-0e7e-4682-858e-85b0285b44a7","key":"eac1e115-ca71-40df-82ec-9178e6ad41d2","owner":null,"dataSize":"0","replicationConfig":null} | ret=SUCCESS |  
2025-10-17 11:03:04,929 | INFO  | OMAudit | user=runner | ip=127.0.0.1 | op=READ_KEY {"volume":"e02114e4-48e9-4d5f-b091-d692692ac29f","bucket":"a6a7bc6b-0e7e-4682-858e-85b0285b44a7","key":"eac1e115-ca71-40df-82ec-9178e6ad41d2","owner":null,"dataSize":"0","replicationConfig":null} | ret=SUCCESS |  
2025-10-17 11:03:04,934 | INFO  | SCMAudit | user=runner | ip=127.0.0.1 | op=GET_CONTAINER_WITH_PIPELINE_BATCH {"containerIDs":"#6,"} | ret=SUCCESS |  
2025-10-17 11:03:04,935 | INFO  | OMAudit | user=null | ip= | op=READ_KEY {"volume":"e02114e4-48e9-4d5f-b091-d692692ac29f","bucket":"a6a7bc6b-0e7e-4682-858e-85b0285b44a7","key":"eac1e115-ca71-40df-82ec-9178e6ad41d2","owner":null,"dataSize":"0","replicationConfig":null} | ret=SUCCESS |  
2025-10-17 11:03:04,936 | INFO  | SCMAudit | user=runner | ip=127.0.0.1 | op=GET_CONTAINER {"containerID":"6"} | ret=SUCCESS |  
2025-10-17 11:03:04,937 | INFO  | OMAudit | user=runner | ip=127.0.0.1 | op=READ_BUCKET {"volume":"e02114e4-48e9-4d5f-b091-d692692ac29f","bucket":"a6a7bc6b-0e7e-4682-858e-85b0285b44a7"} | ret=SUCCESS |  
2025-10-17 11:03:04,938 | INFO  | SCMAudit | user=runner | ip=127.0.0.1 | op=ALLOCATE_BLOCK {"replication":"RATIS/ONE","owner":"omServiceIdDefault","size":"4194304","sampleBlocks":"[conID: 2 locID: 115816896921600504]","num":"1","client":"","allocated":"1"} | ret=SUCCESS |  
2025-10-17 11:03:04,940 | INFO  | OMAudit | user=runner | ip=127.0.0.1 | op=ALLOCATE_KEY {"volume":"e02114e4-48e9-4d5f-b091-d692692ac29f","bucket":"a6a7bc6b-0e7e-4682-858e-85b0285b44a7","key":"7b792915-63ed-4c02-898a-bf3f8af4404d","dataSize":"12","replicationType":"RATIS","replicationFactor":"ONE","Transaction":"1778"} | ret=SUCCESS |  
2025-10-17 11:03:04,945 | INFO  | OMAudit | user=runner | ip=127.0.0.1 | op=COMMIT_KEY {"volume":"e02114e4-48e9-4d5f-b091-d692692ac29f","bucket":"a6a7bc6b-0e7e-4682-858e-85b0285b44a7","key":"7b792915-63ed-4c02-898a-bf3f8af4404d","dataSize":"12","replicationType":"RATIS","replicationFactor":"ONE","Transaction":"1779"} | ret=SUCCESS |  
2025-10-17 11:03:04,946 | INFO  | OMAudit | user=runner | ip=127.0.0.1 | op=READ_KEY {"volume":"e02114e4-48e9-4d5f-b091-d692692ac29f","bucket":"a6a7bc6b-0e7e-4682-858e-85b0285b44a7","key":"7b792915-63ed-4c02-898a-bf3f8af4404d","owner":null,"dataSize":"0","replicationConfig":null} | ret=SUCCESS |  
2025-10-17 11:03:04,948 | INFO  | OMAudit | user=runner | ip=127.0.0.1 | op=READ_KEY {"volume":"e02114e4-48e9-4d5f-b091-d692692ac29f","bucket":"a6a7bc6b-0e7e-4682-858e-85b0285b44a7","key":"7b792915-63ed-4c02-898a-bf3f8af4404d","owner":null,"dataSize":"0","replicationConfig":null} | ret=SUCCESS |  
2025-10-17 11:03:04,952 | INFO  | SCMAudit | user=runner | ip=127.0.0.1 | op=GET_CONTAINER_WITH_PIPELINE_BATCH {"containerIDs":"#2,"} | ret=SUCCESS |  
2025-10-17 11:03:04,953 | INFO  | OMAudit | user=null | ip= | op=READ_KEY {"volume":"e02114e4-48e9-4d5f-b091-d692692ac29f","bucket":"a6a7bc6b-0e7e-4682-858e-85b0285b44a7","key":"7b792915-63ed-4c02-898a-bf3f8af4404d","owner":null,"dataSize":"0","replicationConfig":null} | ret=SUCCESS |  
2025-10-17 11:03:04,954 | INFO  | SCMAudit | user=runner | ip=127.0.0.1 | op=GET_CONTAINER {"containerID":"2"} | ret=SUCCESS |  
2025-10-17 11:03:04,955 | INFO  | OMAudit | user=runner | ip=127.0.0.1 | op=READ_BUCKET {"volume":"e02114e4-48e9-4d5f-b091-d692692ac29f","bucket":"a6a7bc6b-0e7e-4682-858e-85b0285b44a7"} | ret=SUCCESS |  
2025-10-17 11:03:04,956 | INFO  | SCMAudit | user=runner | ip=127.0.0.1 | op=ALLOCATE_BLOCK {"replication":"RATIS/ONE","owner":"omServiceIdDefault","size":"4194304","sampleBlocks":"[conID: 1 locID: 115816896921600505]","num":"1","client":"","allocated":"1"} | ret=SUCCESS |  
2025-10-17 11:03:04,958 | INFO  | OMAudit | user=runner | ip=127.0.0.1 | op=ALLOCATE_KEY {"volume":"e02114e4-48e9-4d5f-b091-d692692ac29f","bucket":"a6a7bc6b-0e7e-4682-858e-85b0285b44a7","key":"c19395d1-e57e-485e-9286-a69adfb8f15c","dataSize":"12","replicationType":"RATIS","replicationFactor":"ONE","Transaction":"1780"} | ret=SUCCESS |  
2025-10-17 11:03:04,963 | INFO  | OMAudit | user=runner | ip=127.0.0.1 | op=COMMIT_KEY {"volume":"e02114e4-48e9-4d5f-b091-d692692ac29f","bucket":"a6a7bc6b-0e7e-4682-858e-85b0285b44a7","key":"c19395d1-e57e-485e-9286-a69adfb8f15c","dataSize":"12","replicationType":"RATIS","replicationFactor":"ONE","Transaction":"1781"} | ret=SUCCESS |  
2025-10-17 11:03:04,965 | INFO  | OMAudit | user=runner | ip=127.0.0.1 | op=READ_KEY {"volume":"e02114e4-48e9-4d5f-b091-d692692ac29f","bucket":"a6a7bc6b-0e7e-4682-858e-85b0285b44a7","key":"c19395d1-e57e-485e-9286-a69adfb8f15c","owner":null,"dataSize":"0","replicationConfig":null} | ret=SUCCESS |  
2025-10-17 11:03:04,967 | INFO  | OMAudit | user=runner | ip=127.0.0.1 | op=READ_KEY {"volume":"e02114e4-48e9-4d5f-b091-d692692ac29f","bucket":"a6a7bc6b-0e7e-4682-858e-85b0285b44a7","key":"c19395d1-e57e-485e-9286-a69adfb8f15c","owner":null,"dataSize":"0","replicationConfig":null} | ret=SUCCESS |  
2025-10-17 11:03:04,971 | INFO  | SCMAudit | user=runner | ip=127.0.0.1 | op=GET_CONTAINER_WITH_PIPELINE_BATCH {"containerIDs":"#1,"} | ret=SUCCESS |  
2025-10-17 11:03:04,972 | INFO  | OMAudit | user=null | ip= | op=READ_KEY {"volume":"e02114e4-48e9-4d5f-b091-d692692ac29f","bucket":"a6a7bc6b-0e7e-4682-858e-85b0285b44a7","key":"c19395d1-e57e-485e-9286-a69adfb8f15c","owner":null,"dataSize":"0","replicationConfig":null} | ret=SUCCESS |  
2025-10-17 11:03:04,973 | INFO  | SCMAudit | user=runner | ip=127.0.0.1 | op=GET_CONTAINER {"containerID":"1"} | ret=SUCCESS |  
2025-10-17 11:03:04,974 | INFO  | OMAudit | user=runner | ip=127.0.0.1 | op=READ_BUCKET {"volume":"e02114e4-48e9-4d5f-b091-d692692ac29f","bucket":"a6a7bc6b-0e7e-4682-858e-85b0285b44a7"} | ret=SUCCESS |  
2025-10-17 11:03:04,974 | INFO  | SCMAudit | user=runner | ip=127.0.0.1 | op=ALLOCATE_BLOCK {"replication":"RATIS/ONE","owner":"omServiceIdDefault","size":"4194304","sampleBlocks":"[conID: 3 locID: 115816896921600506]","num":"1","client":"","allocated":"1"} | ret=SUCCESS |  
2025-10-17 11:03:04,977 | INFO  | OMAudit | user=runner | ip=127.0.0.1 | op=ALLOCATE_KEY {"volume":"e02114e4-48e9-4d5f-b091-d692692ac29f","bucket":"a6a7bc6b-0e7e-4682-858e-85b0285b44a7","key":"e30510b3-eb9d-4034-b804-c60be25e521d","dataSize":"12","replicationType":"RATIS","replicationFactor":"ONE","Transaction":"1782"} | ret=SUCCESS |  
2025-10-17 11:03:04,982 | INFO  | OMAudit | user=runner | ip=127.0.0.1 | op=COMMIT_KEY {"volume":"e02114e4-48e9-4d5f-b091-d692692ac29f","bucket":"a6a7bc6b-0e7e-4682-858e-85b0285b44a7","key":"e30510b3-eb9d-4034-b804-c60be25e521d","dataSize":"12","replicationType":"RATIS","replicationFactor":"ONE","Transaction":"1783"} | ret=SUCCESS |  
2025-10-17 11:03:04,983 | INFO  | OMAudit | user=runner | ip=127.0.0.1 | op=READ_KEY {"volume":"e02114e4-48e9-4d5f-b091-d692692ac29f","bucket":"a6a7bc6b-0e7e-4682-858e-85b0285b44a7","key":"e30510b3-eb9d-4034-b804-c60be25e521d","owner":null,"dataSize":"0","replicationConfig":null} | ret=SUCCESS |  
2025-10-17 11:03:04,984 | INFO  | OMAudit | user=runner | ip=127.0.0.1 | op=READ_KEY {"volume":"e02114e4-48e9-4d5f-b091-d692692ac29f","bucket":"a6a7bc6b-0e7e-4682-858e-85b0285b44a7","key":"e30510b3-eb9d-4034-b804-c60be25e521d","owner":null,"dataSize":"0","replicationConfig":null} | ret=SUCCESS |  
2025-10-17 11:03:04,989 | INFO  | SCMAudit | user=runner | ip=127.0.0.1 | op=GET_CONTAINER_WITH_PIPELINE_BATCH {"containerIDs":"#3,"} | ret=SUCCESS |  
2025-10-17 11:03:04,989 | INFO  | OMAudit | user=null | ip= | op=READ_KEY {"volume":"e02114e4-48e9-4d5f-b091-d692692ac29f","bucket":"a6a7bc6b-0e7e-4682-858e-85b0285b44a7","key":"e30510b3-eb9d-4034-b804-c60be25e521d","owner":null,"dataSize":"0","replicationConfig":null} | ret=SUCCESS |  
2025-10-17 11:03:04,990 | INFO  | SCMAudit | user=runner | ip=127.0.0.1 | op=GET_CONTAINER {"containerID":"3"} | ret=SUCCESS |  
2025-10-17 11:03:04,990 | INFO  | OMAudit | user=runner | ip=127.0.0.1 | op=READ_BUCKET {"volume":"e02114e4-48e9-4d5f-b091-d692692ac29f","bucket":"a6a7bc6b-0e7e-4682-858e-85b0285b44a7"} | ret=SUCCESS |  
2025-10-17 11:03:04,991 | INFO  | SCMAudit | user=runner | ip=127.0.0.1 | op=ALLOCATE_BLOCK {"replication":"RATIS/ONE","owner":"omServiceIdDefault","size":"4194304","sampleBlocks":"[conID: 6 locID: 115816896921600507]","num":"1","client":"","allocated":"1"} | ret=SUCCESS |  
2025-10-17 11:03:04,992 | INFO  | OMAudit | user=runner | ip=127.0.0.1 | op=ALLOCATE_KEY {"volume":"e02114e4-48e9-4d5f-b091-d692692ac29f","bucket":"a6a7bc6b-0e7e-4682-858e-85b0285b44a7","key":"3aa7b3e9-6862-4cff-a921-98c81d6ce7b9","dataSize":"12","replicationType":"RATIS","replicationFactor":"ONE","Transaction":"1784"} | ret=SUCCESS |  
2025-10-17 11:03:04,997 | INFO  | OMAudit | user=runner | ip=127.0.0.1 | op=COMMIT_KEY {"volume":"e02114e4-48e9-4d5f-b091-d692692ac29f","bucket":"a6a7bc6b-0e7e-4682-858e-85b0285b44a7","key":"3aa7b3e9-6862-4cff-a921-98c81d6ce7b9","dataSize":"12","replicationType":"RATIS","replicationFactor":"ONE","Transaction":"1785"} | ret=SUCCESS |  
2025-10-17 11:03:04,998 | INFO  | OMAudit | user=runner | ip=127.0.0.1 | op=READ_KEY {"volume":"e02114e4-48e9-4d5f-b091-d692692ac29f","bucket":"a6a7bc6b-0e7e-4682-858e-85b0285b44a7","key":"3aa7b3e9-6862-4cff-a921-98c81d6ce7b9","owner":null,"dataSize":"0","replicationConfig":null} | ret=SUCCESS |  
2025-10-17 11:03:04,999 | INFO  | OMAudit | user=runner | ip=127.0.0.1 | op=READ_KEY {"volume":"e02114e4-48e9-4d5f-b091-d692692ac29f","bucket":"a6a7bc6b-0e7e-4682-858e-85b0285b44a7","key":"3aa7b3e9-6862-4cff-a921-98c81d6ce7b9","owner":null,"dataSize":"0","replicationConfig":null} | ret=SUCCESS |  
2025-10-17 11:03:05,003 | INFO  | SCMAudit | user=runner | ip=127.0.0.1 | op=GET_CONTAINER_WITH_PIPELINE_BATCH {"containerIDs":"#6,"} | ret=SUCCESS |  
2025-10-17 11:03:05,004 | INFO  | OMAudit | user=null | ip= | op=READ_KEY {"volume":"e02114e4-48e9-4d5f-b091-d692692ac29f","bucket":"a6a7bc6b-0e7e-4682-858e-85b0285b44a7","key":"3aa7b3e9-6862-4cff-a921-98c81d6ce7b9","owner":null,"dataSize":"0","replicationConfig":null} | ret=SUCCESS |  
2025-10-17 11:03:05,004 | INFO  | SCMAudit | user=runner | ip=127.0.0.1 | op=GET_CONTAINER {"containerID":"6"} | ret=SUCCESS |  
2025-10-17 11:03:05,005 | INFO  | OMAudit | user=runner | ip=127.0.0.1 | op=READ_BUCKET {"volume":"e02114e4-48e9-4d5f-b091-d692692ac29f","bucket":"a6a7bc6b-0e7e-4682-858e-85b0285b44a7"} | ret=SUCCESS |  
2025-10-17 11:03:05,005 | INFO  | SCMAudit | user=runner | ip=127.0.0.1 | op=ALLOCATE_BLOCK {"replication":"RATIS/ONE","owner":"omServiceIdDefault","size":"4194304","sampleBlocks":"[conID: 3 locID: 115816896921600508]","num":"1","client":"","allocated":"1"} | ret=SUCCESS |  
2025-10-17 11:03:05,007 | INFO  | OMAudit | user=runner | ip=127.0.0.1 | op=ALLOCATE_KEY {"volume":"e02114e4-48e9-4d5f-b091-d692692ac29f","bucket":"a6a7bc6b-0e7e-4682-858e-85b0285b44a7","key":"c9aee900-4d50-49e5-afb6-ab7c928ba655","dataSize":"12","replicationType":"RATIS","replicationFactor":"ONE","Transaction":"1786"} | ret=SUCCESS |  
2025-10-17 11:03:05,011 | INFO  | OMAudit | user=runner | ip=127.0.0.1 | op=COMMIT_KEY {"volume":"e02114e4-48e9-4d5f-b091-d692692ac29f","bucket":"a6a7bc6b-0e7e-4682-858e-85b0285b44a7","key":"c9aee900-4d50-49e5-afb6-ab7c928ba655","dataSize":"12","replicationType":"RATIS","replicationFactor":"ONE","Transaction":"1787"} | ret=SUCCESS |  
2025-10-17 11:03:05,013 | INFO  | OMAudit | user=runner | ip=127.0.0.1 | op=READ_KEY {"volume":"e02114e4-48e9-4d5f-b091-d692692ac29f","bucket":"a6a7bc6b-0e7e-4682-858e-85b0285b44a7","key":"c9aee900-4d50-49e5-afb6-ab7c928ba655","owner":null,"dataSize":"0","replicationConfig":null} | ret=SUCCESS |  
2025-10-17 11:03:05,014 | INFO  | OMAudit | user=runner | ip=127.0.0.1 | op=READ_KEY {"volume":"e02114e4-48e9-4d5f-b091-d692692ac29f","bucket":"a6a7bc6b-0e7e-4682-858e-85b0285b44a7","key":"c9aee900-4d50-49e5-afb6-ab7c928ba655","owner":null,"dataSize":"0","replicationConfig":null} | ret=SUCCESS |  
2025-10-17 11:03:05,018 | INFO  | SCMAudit | user=runner | ip=127.0.0.1 | op=GET_CONTAINER_WITH_PIPELINE_BATCH {"containerIDs":"#3,"} | ret=SUCCESS |  
2025-10-17 11:03:05,019 | INFO  | OMAudit | user=null | ip= | op=READ_KEY {"volume":"e02114e4-48e9-4d5f-b091-d692692ac29f","bucket":"a6a7bc6b-0e7e-4682-858e-85b0285b44a7","key":"c9aee900-4d50-49e5-afb6-ab7c928ba655","owner":null,"dataSize":"0","replicationConfig":null} | ret=SUCCESS |  
2025-10-17 11:03:05,019 | INFO  | SCMAudit | user=runner | ip=127.0.0.1 | op=GET_CONTAINER {"containerID":"3"} | ret=SUCCESS |  
2025-10-17 11:03:05,022 | INFO  | OMAudit | user=runner | ip=127.0.0.1 | op=READ_BUCKET {"volume":"e02114e4-48e9-4d5f-b091-d692692ac29f","bucket":"a6a7bc6b-0e7e-4682-858e-85b0285b44a7"} | ret=SUCCESS |  
2025-10-17 11:03:05,023 | INFO  | SCMAudit | user=runner | ip=127.0.0.1 | op=ALLOCATE_BLOCK {"replication":"RATIS/ONE","owner":"omServiceIdDefault","size":"4194304","sampleBlocks":"[conID: 4 locID: 115816896921600509]","num":"1","client":"","allocated":"1"} | ret=SUCCESS |  
2025-10-17 11:03:05,025 | INFO  | OMAudit | user=runner | ip=127.0.0.1 | op=ALLOCATE_KEY {"volume":"e02114e4-48e9-4d5f-b091-d692692ac29f","bucket":"a6a7bc6b-0e7e-4682-858e-85b0285b44a7","key":"8fd447d3-487d-43ff-8e33-d2ca28234ddf","dataSize":"12","replicationType":"RATIS","replicationFactor":"ONE","Transaction":"1788"} | ret=SUCCESS |  
2025-10-17 11:03:05,030 | INFO  | OMAudit | user=runner | ip=127.0.0.1 | op=COMMIT_KEY {"volume":"e02114e4-48e9-4d5f-b091-d692692ac29f","bucket":"a6a7bc6b-0e7e-4682-858e-85b0285b44a7","key":"8fd447d3-487d-43ff-8e33-d2ca28234ddf","dataSize":"12","replicationType":"RATIS","replicationFactor":"ONE","Transaction":"1789"} | ret=SUCCESS |  
2025-10-17 11:03:05,031 | INFO  | OMAudit | user=runner | ip=127.0.0.1 | op=READ_KEY {"volume":"e02114e4-48e9-4d5f-b091-d692692ac29f","bucket":"a6a7bc6b-0e7e-4682-858e-85b0285b44a7","key":"8fd447d3-487d-43ff-8e33-d2ca28234ddf","owner":null,"dataSize":"0","replicationConfig":null} | ret=SUCCESS |  
2025-10-17 11:03:05,033 | INFO  | OMAudit | user=runner | ip=127.0.0.1 | op=READ_KEY {"volume":"e02114e4-48e9-4d5f-b091-d692692ac29f","bucket":"a6a7bc6b-0e7e-4682-858e-85b0285b44a7","key":"8fd447d3-487d-43ff-8e33-d2ca28234ddf","owner":null,"dataSize":"0","replicationConfig":null} | ret=SUCCESS |  
2025-10-17 11:03:05,038 | INFO  | SCMAudit | user=runner | ip=127.0.0.1 | op=GET_CONTAINER_WITH_PIPELINE_BATCH {"containerIDs":"#4,"} | ret=SUCCESS |  
2025-10-17 11:03:05,038 | INFO  | OMAudit | user=null | ip= | op=READ_KEY {"volume":"e02114e4-48e9-4d5f-b091-d692692ac29f","bucket":"a6a7bc6b-0e7e-4682-858e-85b0285b44a7","key":"8fd447d3-487d-43ff-8e33-d2ca28234ddf","owner":null,"dataSize":"0","replicationConfig":null} | ret=SUCCESS |  
2025-10-17 11:03:05,039 | INFO  | SCMAudit | user=runner | ip=127.0.0.1 | op=GET_CONTAINER {"containerID":"4"} | ret=SUCCESS |  
2025-10-17 11:03:05,039 | INFO  | OMAudit | user=runner | ip=127.0.0.1 | op=READ_BUCKET {"volume":"e02114e4-48e9-4d5f-b091-d692692ac29f","bucket":"a6a7bc6b-0e7e-4682-858e-85b0285b44a7"} | ret=SUCCESS |  
2025-10-17 11:03:05,040 | INFO  | SCMAudit | user=runner | ip=127.0.0.1 | op=ALLOCATE_BLOCK {"replication":"RATIS/ONE","owner":"omServiceIdDefault","size":"4194304","sampleBlocks":"[conID: 13 locID: 115816896921600510]","num":"1","client":"","allocated":"1"} | ret=SUCCESS |  
2025-10-17 11:03:05,041 | INFO  | OMAudit | user=runner | ip=127.0.0.1 | op=ALLOCATE_KEY {"volume":"e02114e4-48e9-4d5f-b091-d692692ac29f","bucket":"a6a7bc6b-0e7e-4682-858e-85b0285b44a7","key":"f908af97-ba2f-4a60-8fd8-aecbf261a995","dataSize":"12","replicationType":"RATIS","replicationFactor":"ONE","Transaction":"1790"} | ret=SUCCESS |  
2025-10-17 11:03:05,046 | INFO  | OMAudit | user=runner | ip=127.0.0.1 | op=COMMIT_KEY {"volume":"e02114e4-48e9-4d5f-b091-d692692ac29f","bucket":"a6a7bc6b-0e7e-4682-858e-85b0285b44a7","key":"f908af97-ba2f-4a60-8fd8-aecbf261a995","dataSize":"12","replicationType":"RATIS","replicationFactor":"ONE","Transaction":"1791"} | ret=SUCCESS |  
2025-10-17 11:03:05,048 | INFO  | OMAudit | user=runner | ip=127.0.0.1 | op=READ_KEY {"volume":"e02114e4-48e9-4d5f-b091-d692692ac29f","bucket":"a6a7bc6b-0e7e-4682-858e-85b0285b44a7","key":"f908af97-ba2f-4a60-8fd8-aecbf261a995","owner":null,"dataSize":"0","replicationConfig":null} | ret=SUCCESS |  
2025-10-17 11:03:05,049 | INFO  | OMAudit | user=runner | ip=127.0.0.1 | op=READ_KEY {"volume":"e02114e4-48e9-4d5f-b091-d692692ac29f","bucket":"a6a7bc6b-0e7e-4682-858e-85b0285b44a7","key":"f908af97-ba2f-4a60-8fd8-aecbf261a995","owner":null,"dataSize":"0","replicationConfig":null} | ret=SUCCESS |  
2025-10-17 11:03:05,053 | INFO  | SCMAudit | user=runner | ip=127.0.0.1 | op=GET_CONTAINER_WITH_PIPELINE_BATCH {"containerIDs":"#13,"} | ret=SUCCESS |  
2025-10-17 11:03:05,054 | INFO  | OMAudit | user=null | ip= | op=READ_KEY {"volume":"e02114e4-48e9-4d5f-b091-d692692ac29f","bucket":"a6a7bc6b-0e7e-4682-858e-85b0285b44a7","key":"f908af97-ba2f-4a60-8fd8-aecbf261a995","owner":null,"dataSize":"0","replicationConfig":null} | ret=SUCCESS |  
2025-10-17 11:03:05,054 | INFO  | SCMAudit | user=runner | ip=127.0.0.1 | op=GET_CONTAINER {"containerID":"13"} | ret=SUCCESS |  
2025-10-17 11:03:05,055 | INFO  | OMAudit | user=runner | ip=127.0.0.1 | op=READ_BUCKET {"volume":"e02114e4-48e9-4d5f-b091-d692692ac29f","bucket":"a6a7bc6b-0e7e-4682-858e-85b0285b44a7"} | ret=SUCCESS |  
2025-10-17 11:03:05,056 | INFO  | SCMAudit | user=runner | ip=127.0.0.1 | op=ALLOCATE_BLOCK {"replication":"RATIS/ONE","owner":"omServiceIdDefault","size":"4194304","sampleBlocks":"[conID: 10 locID: 115816896921600511]","num":"1","client":"","allocated":"1"} | ret=SUCCESS |  
2025-10-17 11:03:05,057 | INFO  | OMAudit | user=runner | ip=127.0.0.1 | op=ALLOCATE_KEY {"volume":"e02114e4-48e9-4d5f-b091-d692692ac29f","bucket":"a6a7bc6b-0e7e-4682-858e-85b0285b44a7","key":"1ec3e077-45a5-4398-81ee-d3ff7b3033f2","dataSize":"12","replicationType":"RATIS","replicationFactor":"ONE","Transaction":"1792"} | ret=SUCCESS |  
2025-10-17 11:03:05,059 [EventQueue-PipelineActionsForPipelineActionHandler] INFO  pipeline.PipelineActionHandler (PipelineActionHandler.java:processPipelineAction(89)) - Received pipeline action CLOSE for Pipeline-72e95c79-0fe3-4346-a9e3-bd423c7185ab from datanode 99c47355-c013-4450-a734-aff6d3c99677(localhost/127.0.0.1). Reason : Ratis Transaction failure in datanode 99c47355-c013-4450-a734-aff6d3c99677 with role FOLLOWER .Triggering pipeline close action.
2025-10-17 11:03:05,059 | INFO  | SCMAudit | user=runner | ip=127.0.0.1 | op=SEND_HEARTBEAT {"datanodeUUID":"99c47355-c013-4450-a734-aff6d3c99677","term":"2","command":"[]"} | ret=SUCCESS |  
2025-10-17 11:03:05,060 [EventQueue-PipelineActionsForPipelineActionHandler] INFO  pipeline.PipelineActionHandler (PipelineActionHandler.java:processPipelineAction(89)) - Received pipeline action CLOSE for Pipeline-72e95c79-0fe3-4346-a9e3-bd423c7185ab from datanode b292b6be-9482-4c30-a3e0-c9f721931b72(localhost/127.0.0.1). Reason : Ratis Transaction failure in datanode b292b6be-9482-4c30-a3e0-c9f721931b72 with role LEADER .Triggering pipeline close action.
2025-10-17 11:03:05,060 | INFO  | SCMAudit | user=runner | ip=127.0.0.1 | op=SEND_HEARTBEAT {"datanodeUUID":"b292b6be-9482-4c30-a3e0-c9f721931b72","term":"2","command":"[commandType: closeContainerCommand closeContainerCommandProto { containerID: 16 pipelineID { id: \"72e95c79-0fe3-4346-a9e3-bd423c7185ab\" uuid128 { mostSigBits: 8280251064924717894 leastSigBits: -6204907769406847573 } } cmdId: 16 force: false } term: 2 encodedToken: \"\" deadlineMsSinceEpoch: 0]"} | ret=SUCCESS |  
2025-10-17 11:03:05,064 | INFO  | OMAudit | user=runner | ip=127.0.0.1 | op=COMMIT_KEY {"volume":"e02114e4-48e9-4d5f-b091-d692692ac29f","bucket":"a6a7bc6b-0e7e-4682-858e-85b0285b44a7","key":"1ec3e077-45a5-4398-81ee-d3ff7b3033f2","dataSize":"12","replicationType":"RATIS","replicationFactor":"ONE","Transaction":"1793"} | ret=SUCCESS |  
2025-10-17 11:03:05,066 | INFO  | SCMAudit | user=runner | ip=127.0.0.1 | op=SEND_HEARTBEAT {"datanodeUUID":"309ab1ff-9f5a-4058-8b2f-94d451ce5267","term":"2","command":"[commandType: closeContainerCommand closeContainerCommandProto { containerID: 16 pipelineID { id: \"72e95c79-0fe3-4346-a9e3-bd423c7185ab\" uuid128 { mostSigBits: 8280251064924717894 leastSigBits: -6204907769406847573 } } cmdId: 16 force: false } term: 2 encodedToken: \"\" deadlineMsSinceEpoch: 0]"} | ret=SUCCESS |  
2025-10-17 11:03:05,066 [EventQueue-PipelineActionsForPipelineActionHandler] INFO  pipeline.PipelineActionHandler (PipelineActionHandler.java:processPipelineAction(89)) - Received pipeline action CLOSE for Pipeline-72e95c79-0fe3-4346-a9e3-bd423c7185ab from datanode 309ab1ff-9f5a-4058-8b2f-94d451ce5267(localhost/127.0.0.1). Reason : Ratis Transaction failure in datanode 309ab1ff-9f5a-4058-8b2f-94d451ce5267 with role FOLLOWER .Triggering pipeline close action.
2025-10-17 11:03:05,069 | INFO  | OMAudit | user=runner | ip=127.0.0.1 | op=READ_KEY {"volume":"e02114e4-48e9-4d5f-b091-d692692ac29f","bucket":"a6a7bc6b-0e7e-4682-858e-85b0285b44a7","key":"1ec3e077-45a5-4398-81ee-d3ff7b3033f2","owner":null,"dataSize":"0","replicationConfig":null} | ret=SUCCESS |  
2025-10-17 11:03:05,074 | INFO  | OMAudit | user=runner | ip=127.0.0.1 | op=READ_KEY {"volume":"e02114e4-48e9-4d5f-b091-d692692ac29f","bucket":"a6a7bc6b-0e7e-4682-858e-85b0285b44a7","key":"1ec3e077-45a5-4398-81ee-d3ff7b3033f2","owner":null,"dataSize":"0","replicationConfig":null} | ret=SUCCESS |  
2025-10-17 11:03:05,084 | INFO  | SCMAudit | user=runner | ip=127.0.0.1 | op=GET_CONTAINER_WITH_PIPELINE_BATCH {"containerIDs":"#10,"} | ret=SUCCESS |  
2025-10-17 11:03:05,084 | INFO  | OMAudit | user=null | ip= | op=READ_KEY {"volume":"e02114e4-48e9-4d5f-b091-d692692ac29f","bucket":"a6a7bc6b-0e7e-4682-858e-85b0285b44a7","key":"1ec3e077-45a5-4398-81ee-d3ff7b3033f2","owner":null,"dataSize":"0","replicationConfig":null} | ret=SUCCESS |  
2025-10-17 11:03:05,085 | INFO  | SCMAudit | user=runner | ip=127.0.0.1 | op=GET_CONTAINER {"containerID":"10"} | ret=SUCCESS |  
]]></system-out>
  </testcase>
  <testcase name="testPutKeyWithReplicationConfig(String, boolean)[1]" classname="org.apache.hadoop.ozone.client.rpc.TestSecureOzoneRpcClient" time="0.011">
    <system-out><![CDATA[2025-10-17 11:03:05,090 [ForkJoinPool-1-worker-1] INFO  rpc.RpcClient (RpcClient.java:createVolume(461)) - Creating Volume: cd6f68bc-b5a1-4d06-be50-dcfc81bc4cc9, with runner as owner and space quota set to -1 bytes, counts quota set to -1
2025-10-17 11:03:05,093 [om1-OMStateMachineApplyTransactionThread - 0] INFO  volume.OMVolumeCreateRequest (OMVolumeCreateRequest.java:validateAndUpdateCache(213)) - created volume:cd6f68bc-b5a1-4d06-be50-dcfc81bc4cc9 for user:runner
2025-10-17 11:03:05,093 | INFO  | OMAudit | user=runner | ip=127.0.0.1 | op=CREATE_VOLUME {"admin":"runner","owner":"runner","volume":"cd6f68bc-b5a1-4d06-be50-dcfc81bc4cc9","creationTime":"1760698985091","modificationTime":"1760698985091","quotaInBytes":"-1","quotaInNamespace":"-1","usedNamespace":"0","objectID":"-9223372036854316544","updateID":"1794","Transaction":"1794"} | ret=SUCCESS |  
2025-10-17 11:03:05,095 | INFO  | OMAudit | user=runner | ip=127.0.0.1 | op=READ_VOLUME {"volume":"cd6f68bc-b5a1-4d06-be50-dcfc81bc4cc9"} | ret=SUCCESS |  
2025-10-17 11:03:05,095 [ForkJoinPool-1-worker-1] INFO  rpc.RpcClient (RpcClient.java:createBucket(686)) - Creating Bucket: cd6f68bc-b5a1-4d06-be50-dcfc81bc4cc9/9064ee23-c90d-43c9-8787-280ebcc3ec28, with server-side default bucket layout, runner as owner, Versioning false, Storage Type set to DISK and Encryption set to false, Replication Type set to server-side default replication type, Namespace Quota set to -1, Space Quota set to -1 
2025-10-17 11:03:05,097 [om1-OMStateMachineApplyTransactionThread - 0] INFO  bucket.OMBucketCreateRequest (OMBucketCreateRequest.java:validateAndUpdateCache(303)) - created bucket: 9064ee23-c90d-43c9-8787-280ebcc3ec28 of layout FILE_SYSTEM_OPTIMIZED in volume: cd6f68bc-b5a1-4d06-be50-dcfc81bc4cc9
2025-10-17 11:03:05,097 | INFO  | OMAudit | user=runner | ip=127.0.0.1 | op=CREATE_BUCKET {"volume":"cd6f68bc-b5a1-4d06-be50-dcfc81bc4cc9","bucket":"9064ee23-c90d-43c9-8787-280ebcc3ec28","bucketLayout":"FILE_SYSTEM_OPTIMIZED","gdprEnabled":null,"acls":"[user:runner:a[ACCESS], group:runner:rl[ACCESS]]","isVersionEnabled":"false","storageType":"DISK","creationTime":"1760698985096","bucketEncryptionKey":null,"modificationTime":"1760698985096","usedBytes":"0","usedNamespace":"0","snapshotUsedBytes":"0","snapshotUsedNamespace":"0","owner":"runner","replicationType":null,"replicationConfig":null,"quotaInBytes":"-1","quotaInNamespace":"-1","Transaction":"1795"} | ret=SUCCESS |  
2025-10-17 11:03:05,098 | INFO  | OMAudit | user=runner | ip=127.0.0.1 | op=READ_BUCKET {"volume":"cd6f68bc-b5a1-4d06-be50-dcfc81bc4cc9","bucket":"9064ee23-c90d-43c9-8787-280ebcc3ec28"} | ret=SUCCESS |  
]]></system-out>
  </testcase>
  <testcase name="testPutKeyWithReplicationConfig(String, boolean)[2]" classname="org.apache.hadoop.ozone.client.rpc.TestSecureOzoneRpcClient" time="0.009">
    <system-out><![CDATA[2025-10-17 11:03:05,101 [ForkJoinPool-1-worker-1] INFO  rpc.RpcClient (RpcClient.java:createVolume(461)) - Creating Volume: 73a8b9dd-361e-4787-afa6-9f0e47d32d09, with runner as owner and space quota set to -1 bytes, counts quota set to -1
2025-10-17 11:03:05,103 [om1-OMStateMachineApplyTransactionThread - 0] INFO  volume.OMVolumeCreateRequest (OMVolumeCreateRequest.java:validateAndUpdateCache(213)) - created volume:73a8b9dd-361e-4787-afa6-9f0e47d32d09 for user:runner
2025-10-17 11:03:05,103 | INFO  | OMAudit | user=runner | ip=127.0.0.1 | op=CREATE_VOLUME {"admin":"runner","owner":"runner","volume":"73a8b9dd-361e-4787-afa6-9f0e47d32d09","creationTime":"1760698985102","modificationTime":"1760698985102","quotaInBytes":"-1","quotaInNamespace":"-1","usedNamespace":"0","objectID":"-9223372036854316032","updateID":"1796","Transaction":"1796"} | ret=SUCCESS |  
2025-10-17 11:03:05,105 | INFO  | OMAudit | user=runner | ip=127.0.0.1 | op=READ_VOLUME {"volume":"73a8b9dd-361e-4787-afa6-9f0e47d32d09"} | ret=SUCCESS |  
2025-10-17 11:03:05,106 [ForkJoinPool-1-worker-1] INFO  rpc.RpcClient (RpcClient.java:createBucket(686)) - Creating Bucket: 73a8b9dd-361e-4787-afa6-9f0e47d32d09/d2d9902b-f4b7-4fbc-94b2-3f1e9a5893f6, with server-side default bucket layout, runner as owner, Versioning false, Storage Type set to DISK and Encryption set to false, Replication Type set to server-side default replication type, Namespace Quota set to -1, Space Quota set to -1 
2025-10-17 11:03:05,107 [om1-OMStateMachineApplyTransactionThread - 0] INFO  bucket.OMBucketCreateRequest (OMBucketCreateRequest.java:validateAndUpdateCache(303)) - created bucket: d2d9902b-f4b7-4fbc-94b2-3f1e9a5893f6 of layout FILE_SYSTEM_OPTIMIZED in volume: 73a8b9dd-361e-4787-afa6-9f0e47d32d09
2025-10-17 11:03:05,107 | INFO  | OMAudit | user=runner | ip=127.0.0.1 | op=CREATE_BUCKET {"volume":"73a8b9dd-361e-4787-afa6-9f0e47d32d09","bucket":"d2d9902b-f4b7-4fbc-94b2-3f1e9a5893f6","bucketLayout":"FILE_SYSTEM_OPTIMIZED","gdprEnabled":null,"acls":"[user:runner:a[ACCESS], group:runner:rl[ACCESS]]","isVersionEnabled":"false","storageType":"DISK","creationTime":"1760698985106","bucketEncryptionKey":null,"modificationTime":"1760698985106","usedBytes":"0","usedNamespace":"0","snapshotUsedBytes":"0","snapshotUsedNamespace":"0","owner":"runner","replicationType":null,"replicationConfig":null,"quotaInBytes":"-1","quotaInNamespace":"-1","Transaction":"1797"} | ret=SUCCESS |  
2025-10-17 11:03:05,109 | INFO  | OMAudit | user=runner | ip=127.0.0.1 | op=READ_BUCKET {"volume":"73a8b9dd-361e-4787-afa6-9f0e47d32d09","bucket":"d2d9902b-f4b7-4fbc-94b2-3f1e9a5893f6"} | ret=SUCCESS |  
]]></system-out>
  </testcase>
  <testcase name="testPutKeyWithReplicationConfig(String, boolean)[3]" classname="org.apache.hadoop.ozone.client.rpc.TestSecureOzoneRpcClient" time="0.037">
    <system-out><![CDATA[2025-10-17 11:03:05,110 [ForkJoinPool-1-worker-1] INFO  rpc.RpcClient (RpcClient.java:createVolume(461)) - Creating Volume: 5f310ce9-d0f4-4fce-9259-2ef5fe8a5f42, with runner as owner and space quota set to -1 bytes, counts quota set to -1
2025-10-17 11:03:05,113 [om1-OMStateMachineApplyTransactionThread - 0] INFO  volume.OMVolumeCreateRequest (OMVolumeCreateRequest.java:validateAndUpdateCache(213)) - created volume:5f310ce9-d0f4-4fce-9259-2ef5fe8a5f42 for user:runner
2025-10-17 11:03:05,113 | INFO  | OMAudit | user=runner | ip=127.0.0.1 | op=CREATE_VOLUME {"admin":"runner","owner":"runner","volume":"5f310ce9-d0f4-4fce-9259-2ef5fe8a5f42","creationTime":"1760698985112","modificationTime":"1760698985112","quotaInBytes":"-1","quotaInNamespace":"-1","usedNamespace":"0","objectID":"-9223372036854315520","updateID":"1798","Transaction":"1798"} | ret=SUCCESS |  
2025-10-17 11:03:05,114 | INFO  | OMAudit | user=runner | ip=127.0.0.1 | op=READ_VOLUME {"volume":"5f310ce9-d0f4-4fce-9259-2ef5fe8a5f42"} | ret=SUCCESS |  
2025-10-17 11:03:05,115 [ForkJoinPool-1-worker-1] INFO  rpc.RpcClient (RpcClient.java:createBucket(686)) - Creating Bucket: 5f310ce9-d0f4-4fce-9259-2ef5fe8a5f42/416c763b-3d5e-43a4-bdc4-96c5eb65ea43, with server-side default bucket layout, runner as owner, Versioning false, Storage Type set to DISK and Encryption set to false, Replication Type set to server-side default replication type, Namespace Quota set to -1, Space Quota set to -1 
2025-10-17 11:03:05,117 [om1-OMStateMachineApplyTransactionThread - 0] INFO  bucket.OMBucketCreateRequest (OMBucketCreateRequest.java:validateAndUpdateCache(303)) - created bucket: 416c763b-3d5e-43a4-bdc4-96c5eb65ea43 of layout FILE_SYSTEM_OPTIMIZED in volume: 5f310ce9-d0f4-4fce-9259-2ef5fe8a5f42
2025-10-17 11:03:05,117 | INFO  | OMAudit | user=runner | ip=127.0.0.1 | op=CREATE_BUCKET {"volume":"5f310ce9-d0f4-4fce-9259-2ef5fe8a5f42","bucket":"416c763b-3d5e-43a4-bdc4-96c5eb65ea43","bucketLayout":"FILE_SYSTEM_OPTIMIZED","gdprEnabled":null,"acls":"[user:runner:a[ACCESS], group:runner:rl[ACCESS]]","isVersionEnabled":"false","storageType":"DISK","creationTime":"1760698985116","bucketEncryptionKey":null,"modificationTime":"1760698985116","usedBytes":"0","usedNamespace":"0","snapshotUsedBytes":"0","snapshotUsedNamespace":"0","owner":"runner","replicationType":null,"replicationConfig":null,"quotaInBytes":"-1","quotaInNamespace":"-1","Transaction":"1799"} | ret=SUCCESS |  
2025-10-17 11:03:05,119 | INFO  | OMAudit | user=runner | ip=127.0.0.1 | op=READ_BUCKET {"volume":"5f310ce9-d0f4-4fce-9259-2ef5fe8a5f42","bucket":"416c763b-3d5e-43a4-bdc4-96c5eb65ea43"} | ret=SUCCESS |  
2025-10-17 11:03:05,120 | INFO  | OMAudit | user=runner | ip=127.0.0.1 | op=READ_BUCKET {"volume":"5f310ce9-d0f4-4fce-9259-2ef5fe8a5f42","bucket":"416c763b-3d5e-43a4-bdc4-96c5eb65ea43"} | ret=SUCCESS |  
2025-10-17 11:03:05,121 | INFO  | SCMAudit | user=runner | ip=127.0.0.1 | op=ALLOCATE_BLOCK {"replication":"EC{rs-3-2-1024k}","owner":"omServiceIdDefault","size":"4194304","sampleBlocks":"[conID: 23 locID: 115816896921600512]","num":"1","client":"","allocated":"1"} | ret=SUCCESS |  
2025-10-17 11:03:05,125 | INFO  | OMAudit | user=runner | ip=127.0.0.1 | op=ALLOCATE_KEY {"volume":"5f310ce9-d0f4-4fce-9259-2ef5fe8a5f42","bucket":"416c763b-3d5e-43a4-bdc4-96c5eb65ea43","key":"7ba83d93-3dc2-4f20-8ca0-a90d9313d9ce","dataSize":"36","replicationType":"EC","replicationConfig":"rs-3-2-1048576","Transaction":"1800"} | ret=SUCCESS |  
2025-10-17 11:03:05,138 | INFO  | OMAudit | user=runner | ip=127.0.0.1 | op=COMMIT_KEY {"volume":"5f310ce9-d0f4-4fce-9259-2ef5fe8a5f42","bucket":"416c763b-3d5e-43a4-bdc4-96c5eb65ea43","key":"7ba83d93-3dc2-4f20-8ca0-a90d9313d9ce","dataSize":"36","replicationType":"EC","replicationConfig":"rs-3-2-1048576","Transaction":"1801"} | ret=SUCCESS |  
2025-10-17 11:03:05,140 | INFO  | OMAudit | user=runner | ip=127.0.0.1 | op=READ_KEY {"volume":"5f310ce9-d0f4-4fce-9259-2ef5fe8a5f42","bucket":"416c763b-3d5e-43a4-bdc4-96c5eb65ea43","key":"7ba83d93-3dc2-4f20-8ca0-a90d9313d9ce","owner":null,"dataSize":"0","replicationConfig":null} | ret=SUCCESS |  
2025-10-17 11:03:05,142 | INFO  | OMAudit | user=runner | ip=127.0.0.1 | op=READ_KEY {"volume":"5f310ce9-d0f4-4fce-9259-2ef5fe8a5f42","bucket":"416c763b-3d5e-43a4-bdc4-96c5eb65ea43","key":"7ba83d93-3dc2-4f20-8ca0-a90d9313d9ce","owner":null,"dataSize":"0","replicationConfig":null} | ret=SUCCESS |  
]]></system-out>
  </testcase>
  <testcase name="testPutKeyWithReplicationConfig(String, boolean)[4]" classname="org.apache.hadoop.ozone.client.rpc.TestSecureOzoneRpcClient" time="0.061">
    <system-out><![CDATA[2025-10-17 11:03:05,149 [ForkJoinPool-1-worker-1] INFO  rpc.RpcClient (RpcClient.java:createVolume(461)) - Creating Volume: 046c00b6-bccf-4020-822f-0520831a9921, with runner as owner and space quota set to -1 bytes, counts quota set to -1
2025-10-17 11:03:05,150 [om1-OMStateMachineApplyTransactionThread - 0] INFO  volume.OMVolumeCreateRequest (OMVolumeCreateRequest.java:validateAndUpdateCache(213)) - created volume:046c00b6-bccf-4020-822f-0520831a9921 for user:runner
2025-10-17 11:03:05,150 | INFO  | OMAudit | user=runner | ip=127.0.0.1 | op=CREATE_VOLUME {"admin":"runner","owner":"runner","volume":"046c00b6-bccf-4020-822f-0520831a9921","creationTime":"1760698985149","modificationTime":"1760698985149","quotaInBytes":"-1","quotaInNamespace":"-1","usedNamespace":"0","objectID":"-9223372036854314496","updateID":"1802","Transaction":"1802"} | ret=SUCCESS |  
2025-10-17 11:03:05,151 | INFO  | OMAudit | user=runner | ip=127.0.0.1 | op=READ_VOLUME {"volume":"046c00b6-bccf-4020-822f-0520831a9921"} | ret=SUCCESS |  
2025-10-17 11:03:05,152 [ForkJoinPool-1-worker-1] INFO  rpc.RpcClient (RpcClient.java:createBucket(686)) - Creating Bucket: 046c00b6-bccf-4020-822f-0520831a9921/0bbab43d-1f44-443c-b15d-e7f0feecec40, with server-side default bucket layout, runner as owner, Versioning false, Storage Type set to DISK and Encryption set to false, Replication Type set to server-side default replication type, Namespace Quota set to -1, Space Quota set to -1 
2025-10-17 11:03:05,153 [om1-OMStateMachineApplyTransactionThread - 0] INFO  bucket.OMBucketCreateRequest (OMBucketCreateRequest.java:validateAndUpdateCache(303)) - created bucket: 0bbab43d-1f44-443c-b15d-e7f0feecec40 of layout FILE_SYSTEM_OPTIMIZED in volume: 046c00b6-bccf-4020-822f-0520831a9921
2025-10-17 11:03:05,153 | INFO  | OMAudit | user=runner | ip=127.0.0.1 | op=CREATE_BUCKET {"volume":"046c00b6-bccf-4020-822f-0520831a9921","bucket":"0bbab43d-1f44-443c-b15d-e7f0feecec40","bucketLayout":"FILE_SYSTEM_OPTIMIZED","gdprEnabled":null,"acls":"[user:runner:a[ACCESS], group:runner:rl[ACCESS]]","isVersionEnabled":"false","storageType":"DISK","creationTime":"1760698985152","bucketEncryptionKey":null,"modificationTime":"1760698985152","usedBytes":"0","usedNamespace":"0","snapshotUsedBytes":"0","snapshotUsedNamespace":"0","owner":"runner","replicationType":null,"replicationConfig":null,"quotaInBytes":"-1","quotaInNamespace":"-1","Transaction":"1803"} | ret=SUCCESS |  
2025-10-17 11:03:05,154 | INFO  | OMAudit | user=runner | ip=127.0.0.1 | op=READ_BUCKET {"volume":"046c00b6-bccf-4020-822f-0520831a9921","bucket":"0bbab43d-1f44-443c-b15d-e7f0feecec40"} | ret=SUCCESS |  
2025-10-17 11:03:05,155 | INFO  | OMAudit | user=runner | ip=127.0.0.1 | op=READ_BUCKET {"volume":"046c00b6-bccf-4020-822f-0520831a9921","bucket":"0bbab43d-1f44-443c-b15d-e7f0feecec40"} | ret=SUCCESS |  
2025-10-17 11:03:05,156 [IPC Server handler 40 on default port 15001] INFO  algorithms.SCMContainerPlacementRackScatter (SCMContainerPlacementRackScatter.java:chooseDatanodesInternal(369)) - Chosen nodes: [dbd6f242-9b73-4bca-a110-3e2ec656b979(localhost/127.0.0.1), b292b6be-9482-4c30-a3e0-c9f721931b72(localhost/127.0.0.1), 309ab1ff-9f5a-4058-8b2f-94d451ce5267(localhost/127.0.0.1), ed6e9581-5875-4278-a8db-50829892434b(localhost/127.0.0.1), a5293c95-44e9-4ea9-88ca-89089eac4b59(localhost/127.0.0.1), 7995ae7b-77ec-4e72-809d-814459f62ee0(localhost/127.0.0.1), b1eee25a-1fdf-4744-83c7-58e0513fce3b(localhost/127.0.0.1), 3a11eef6-a527-493c-8ba3-ae39ecaefa56(localhost/127.0.0.1), 50dccd39-549f-4f43-8b1f-597bf98f9c16(localhost/127.0.0.1)]. isPolicySatisfied: true.
2025-10-17 11:03:05,159 [IPC Server handler 40 on default port 15001] INFO  pipeline.WritableECContainerProvider (WritableECContainerProvider.java:allocateContainer(215)) - Created and opened new pipeline Pipeline{ Id: dd0d33d9-ffcd-47d0-b5ec-3207851fe7c6, Nodes: [ {dbd6f242-9b73-4bca-a110-3e2ec656b979(localhost/127.0.0.1), ReplicaIndex: 1}, {b292b6be-9482-4c30-a3e0-c9f721931b72(localhost/127.0.0.1), ReplicaIndex: 2}, {309ab1ff-9f5a-4058-8b2f-94d451ce5267(localhost/127.0.0.1), ReplicaIndex: 3}, {ed6e9581-5875-4278-a8db-50829892434b(localhost/127.0.0.1), ReplicaIndex: 4}, {a5293c95-44e9-4ea9-88ca-89089eac4b59(localhost/127.0.0.1), ReplicaIndex: 5}, {7995ae7b-77ec-4e72-809d-814459f62ee0(localhost/127.0.0.1), ReplicaIndex: 6}, {b1eee25a-1fdf-4744-83c7-58e0513fce3b(localhost/127.0.0.1), ReplicaIndex: 7}, {3a11eef6-a527-493c-8ba3-ae39ecaefa56(localhost/127.0.0.1), ReplicaIndex: 8}, {50dccd39-549f-4f43-8b1f-597bf98f9c16(localhost/127.0.0.1), ReplicaIndex: 9},], ReplicationConfig: EC{rs-6-3-1024k}, State:ALLOCATED, leaderId:, CreationTimestamp2025-10-17T11:03:05.156698575Z[Etc/UTC]}
2025-10-17 11:03:05,159 | INFO  | SCMAudit | user=runner | ip=127.0.0.1 | op=ALLOCATE_BLOCK {"replication":"EC{rs-6-3-1024k}","owner":"omServiceIdDefault","size":"4194304","sampleBlocks":"[conID: 28 locID: 115816896921600513]","num":"1","client":"","allocated":"1"} | ret=SUCCESS |  
2025-10-17 11:03:05,161 | INFO  | OMAudit | user=runner | ip=127.0.0.1 | op=ALLOCATE_KEY {"volume":"046c00b6-bccf-4020-822f-0520831a9921","bucket":"0bbab43d-1f44-443c-b15d-e7f0feecec40","key":"bac853f1-1c71-4ce5-a604-97f170c0ad96","dataSize":"36","replicationType":"EC","replicationConfig":"rs-6-3-1048576","Transaction":"1804"} | ret=SUCCESS |  
2025-10-17 11:03:05,174 | INFO  | ContainerLog | ID=28 | Index=1 | BCSID=0 | State=OPEN | Volume=/home/runner/work/ozone/ozone/hadoop-ozone/integration-test/target/test-dir/MiniOzoneClusterImpl-d1ffa5d3-3301-45c3-9f44-1ffa6967d237/ozone-metadata/datanode-8/data-0/hdds | DataChecksum=0 |  
2025-10-17 11:03:05,174 | INFO  | ContainerLog | ID=28 | Index=8 | BCSID=0 | State=OPEN | Volume=/home/runner/work/ozone/ozone/hadoop-ozone/integration-test/target/test-dir/MiniOzoneClusterImpl-d1ffa5d3-3301-45c3-9f44-1ffa6967d237/ozone-metadata/datanode-12/data-0/hdds | DataChecksum=0 |  
2025-10-17 11:03:05,175 | INFO  | ContainerLog | ID=28 | Index=9 | BCSID=0 | State=OPEN | Volume=/home/runner/work/ozone/ozone/hadoop-ozone/integration-test/target/test-dir/MiniOzoneClusterImpl-d1ffa5d3-3301-45c3-9f44-1ffa6967d237/ozone-metadata/datanode-7/data-0/hdds | DataChecksum=0 |  
2025-10-17 11:03:05,176 | INFO  | SCMAudit | user=runner | ip=127.0.0.1 | op=SEND_HEARTBEAT {"datanodeUUID":"dbd6f242-9b73-4bca-a110-3e2ec656b979","term":"2","command":"[]"} | ret=SUCCESS |  
2025-10-17 11:03:05,177 | INFO  | SCMAudit | user=runner | ip=127.0.0.1 | op=SEND_HEARTBEAT {"datanodeUUID":"50dccd39-549f-4f43-8b1f-597bf98f9c16","term":"2","command":"[]"} | ret=SUCCESS |  
2025-10-17 11:03:05,177 | INFO  | SCMAudit | user=runner | ip=127.0.0.1 | op=SEND_HEARTBEAT {"datanodeUUID":"3a11eef6-a527-493c-8ba3-ae39ecaefa56","term":"2","command":"[commandType: closeContainerCommand closeContainerCommandProto { containerID: 18 pipelineID { id: \"7345f0ea-8df2-4439-b2f1-0dbc4bfeaa43\" uuid128 { mostSigBits: 8306309977949226041 leastSigBits: -5552641763191117245 } } cmdId: 18 force: false } term: 2 encodedToken: \"\" deadlineMsSinceEpoch: 0]"} | ret=SUCCESS |  
2025-10-17 11:03:05,177 [EventQueue-PipelineActionsForPipelineActionHandler] INFO  pipeline.PipelineActionHandler (PipelineActionHandler.java:processPipelineAction(89)) - Received pipeline action CLOSE for Pipeline-7345f0ea-8df2-4439-b2f1-0dbc4bfeaa43 from datanode 3a11eef6-a527-493c-8ba3-ae39ecaefa56(localhost/127.0.0.1). Reason : Ratis Transaction failure in datanode 3a11eef6-a527-493c-8ba3-ae39ecaefa56 with role LEADER .Triggering pipeline close action.
2025-10-17 11:03:05,179 | INFO  | ContainerLog | ID=28 | Index=7 | BCSID=0 | State=OPEN | Volume=/home/runner/work/ozone/ozone/hadoop-ozone/integration-test/target/test-dir/MiniOzoneClusterImpl-d1ffa5d3-3301-45c3-9f44-1ffa6967d237/ozone-metadata/datanode-5/data-0/hdds | DataChecksum=0 |  
2025-10-17 11:03:05,180 | INFO  | SCMAudit | user=runner | ip=127.0.0.1 | op=SEND_HEARTBEAT {"datanodeUUID":"b1eee25a-1fdf-4744-83c7-58e0513fce3b","term":"2","command":"[commandType: closeContainerCommand closeContainerCommandProto { containerID: 17 pipelineID { id: \"94abbb40-729e-490b-8eb4-7468994f70af\" uuid128 { mostSigBits: -7733882049603417845 leastSigBits: -8163772231918325585 } } cmdId: 17 force: false } term: 2 encodedToken: \"\" deadlineMsSinceEpoch: 0]"} | ret=SUCCESS |  
2025-10-17 11:03:05,180 [EventQueue-PipelineActionsForPipelineActionHandler] INFO  pipeline.PipelineActionHandler (PipelineActionHandler.java:processPipelineAction(89)) - Received pipeline action CLOSE for Pipeline-94abbb40-729e-490b-8eb4-7468994f70af from datanode b1eee25a-1fdf-4744-83c7-58e0513fce3b(localhost/127.0.0.1). Reason : Ratis Transaction failure in datanode b1eee25a-1fdf-4744-83c7-58e0513fce3b with role FOLLOWER .Triggering pipeline close action.
2025-10-17 11:03:05,189 | INFO  | ContainerLog | ID=28 | Index=3 | BCSID=0 | State=OPEN | Volume=/home/runner/work/ozone/ozone/hadoop-ozone/integration-test/target/test-dir/MiniOzoneClusterImpl-d1ffa5d3-3301-45c3-9f44-1ffa6967d237/ozone-metadata/datanode-1/data-0/hdds | DataChecksum=0 |  
2025-10-17 11:03:05,190 | INFO  | ContainerLog | ID=28 | Index=6 | BCSID=0 | State=OPEN | Volume=/home/runner/work/ozone/ozone/hadoop-ozone/integration-test/target/test-dir/MiniOzoneClusterImpl-d1ffa5d3-3301-45c3-9f44-1ffa6967d237/ozone-metadata/datanode-11/data-0/hdds | DataChecksum=0 |  
2025-10-17 11:03:05,190 | INFO  | SCMAudit | user=runner | ip=127.0.0.1 | op=SEND_HEARTBEAT {"datanodeUUID":"309ab1ff-9f5a-4058-8b2f-94d451ce5267","term":"2","command":"[]"} | ret=SUCCESS |  
2025-10-17 11:03:05,190 | INFO  | ContainerLog | ID=28 | Index=4 | BCSID=0 | State=OPEN | Volume=/home/runner/work/ozone/ozone/hadoop-ozone/integration-test/target/test-dir/MiniOzoneClusterImpl-d1ffa5d3-3301-45c3-9f44-1ffa6967d237/ozone-metadata/datanode-9/data-0/hdds | DataChecksum=0 |  
2025-10-17 11:03:05,192 | INFO  | SCMAudit | user=runner | ip=127.0.0.1 | op=SEND_HEARTBEAT {"datanodeUUID":"7995ae7b-77ec-4e72-809d-814459f62ee0","term":"2","command":"[]"} | ret=SUCCESS |  
2025-10-17 11:03:05,192 [EventQueue-PipelineActionsForPipelineActionHandler] INFO  pipeline.PipelineActionHandler (PipelineActionHandler.java:processPipelineAction(89)) - Received pipeline action CLOSE for Pipeline-72e95c79-0fe3-4346-a9e3-bd423c7185ab from datanode 309ab1ff-9f5a-4058-8b2f-94d451ce5267(localhost/127.0.0.1). Reason : Ratis Transaction failure in datanode 309ab1ff-9f5a-4058-8b2f-94d451ce5267 with role FOLLOWER .Triggering pipeline close action.
2025-10-17 11:03:05,193 [EventQueue-PipelineActionsForPipelineActionHandler] INFO  pipeline.PipelineActionHandler (PipelineActionHandler.java:processPipelineAction(89)) - Received pipeline action CLOSE for Pipeline-7345f0ea-8df2-4439-b2f1-0dbc4bfeaa43 from datanode 7995ae7b-77ec-4e72-809d-814459f62ee0(localhost/127.0.0.1). Reason : Ratis Transaction failure in datanode 7995ae7b-77ec-4e72-809d-814459f62ee0 with role FOLLOWER .Triggering pipeline close action.
2025-10-17 11:03:05,193 | INFO  | SCMAudit | user=runner | ip=127.0.0.1 | op=SEND_HEARTBEAT {"datanodeUUID":"ed6e9581-5875-4278-a8db-50829892434b","term":"2","command":"[]"} | ret=SUCCESS |  
2025-10-17 11:03:05,193 | INFO  | ContainerLog | ID=28 | Index=5 | BCSID=0 | State=OPEN | Volume=/home/runner/work/ozone/ozone/hadoop-ozone/integration-test/target/test-dir/MiniOzoneClusterImpl-d1ffa5d3-3301-45c3-9f44-1ffa6967d237/ozone-metadata/datanode-14/data-0/hdds | DataChecksum=0 |  
2025-10-17 11:03:05,195 | INFO  | SCMAudit | user=runner | ip=127.0.0.1 | op=SEND_HEARTBEAT {"datanodeUUID":"a5293c95-44e9-4ea9-88ca-89089eac4b59","term":"2","command":"[]"} | ret=SUCCESS |  
2025-10-17 11:03:05,196 | INFO  | ContainerLog | ID=28 | Index=2 | BCSID=0 | State=OPEN | Volume=/home/runner/work/ozone/ozone/hadoop-ozone/integration-test/target/test-dir/MiniOzoneClusterImpl-d1ffa5d3-3301-45c3-9f44-1ffa6967d237/ozone-metadata/datanode-3/data-0/hdds | DataChecksum=0 |  
2025-10-17 11:03:05,197 [EventQueue-PipelineActionsForPipelineActionHandler] INFO  pipeline.PipelineActionHandler (PipelineActionHandler.java:processPipelineAction(89)) - Received pipeline action CLOSE for Pipeline-72e95c79-0fe3-4346-a9e3-bd423c7185ab from datanode b292b6be-9482-4c30-a3e0-c9f721931b72(localhost/127.0.0.1). Reason : Ratis Transaction failure in datanode b292b6be-9482-4c30-a3e0-c9f721931b72 with role LEADER .Triggering pipeline close action.
2025-10-17 11:03:05,197 | INFO  | SCMAudit | user=runner | ip=127.0.0.1 | op=SEND_HEARTBEAT {"datanodeUUID":"b292b6be-9482-4c30-a3e0-c9f721931b72","term":"2","command":"[]"} | ret=SUCCESS |  
2025-10-17 11:03:05,200 | INFO  | OMAudit | user=runner | ip=127.0.0.1 | op=COMMIT_KEY {"volume":"046c00b6-bccf-4020-822f-0520831a9921","bucket":"0bbab43d-1f44-443c-b15d-e7f0feecec40","key":"bac853f1-1c71-4ce5-a604-97f170c0ad96","dataSize":"36","replicationType":"EC","replicationConfig":"rs-6-3-1048576","Transaction":"1805"} | ret=SUCCESS |  
2025-10-17 11:03:05,202 | INFO  | SCMAudit | user=runner | ip=127.0.0.1 | op=GET_CONTAINER_WITH_PIPELINE_BATCH {"containerIDs":"#28,"} | ret=SUCCESS |  
2025-10-17 11:03:05,203 | INFO  | OMAudit | user=runner | ip=127.0.0.1 | op=READ_KEY {"volume":"046c00b6-bccf-4020-822f-0520831a9921","bucket":"0bbab43d-1f44-443c-b15d-e7f0feecec40","key":"bac853f1-1c71-4ce5-a604-97f170c0ad96","owner":null,"dataSize":"0","replicationConfig":null} | ret=SUCCESS |  
2025-10-17 11:03:05,204 | INFO  | OMAudit | user=runner | ip=127.0.0.1 | op=READ_KEY {"volume":"046c00b6-bccf-4020-822f-0520831a9921","bucket":"0bbab43d-1f44-443c-b15d-e7f0feecec40","key":"bac853f1-1c71-4ce5-a604-97f170c0ad96","owner":null,"dataSize":"0","replicationConfig":null} | ret=SUCCESS |  
]]></system-out>
  </testcase>
  <testcase name="testPutKeyWithReplicationConfig(String, boolean)[5]" classname="org.apache.hadoop.ozone.client.rpc.TestSecureOzoneRpcClient" time="0.075">
    <system-out><![CDATA[2025-10-17 11:03:05,210 [ForkJoinPool-1-worker-1] INFO  rpc.RpcClient (RpcClient.java:createVolume(461)) - Creating Volume: ad72032f-9f54-4714-be35-9bb839775ed0, with runner as owner and space quota set to -1 bytes, counts quota set to -1
2025-10-17 11:03:05,211 [om1-OMStateMachineApplyTransactionThread - 0] INFO  volume.OMVolumeCreateRequest (OMVolumeCreateRequest.java:validateAndUpdateCache(213)) - created volume:ad72032f-9f54-4714-be35-9bb839775ed0 for user:runner
2025-10-17 11:03:05,212 | INFO  | OMAudit | user=runner | ip=127.0.0.1 | op=CREATE_VOLUME {"admin":"runner","owner":"runner","volume":"ad72032f-9f54-4714-be35-9bb839775ed0","creationTime":"1760698985211","modificationTime":"1760698985211","quotaInBytes":"-1","quotaInNamespace":"-1","usedNamespace":"0","objectID":"-9223372036854313472","updateID":"1806","Transaction":"1806"} | ret=SUCCESS |  
2025-10-17 11:03:05,212 | INFO  | OMAudit | user=runner | ip=127.0.0.1 | op=READ_VOLUME {"volume":"ad72032f-9f54-4714-be35-9bb839775ed0"} | ret=SUCCESS |  
2025-10-17 11:03:05,213 [ForkJoinPool-1-worker-1] INFO  rpc.RpcClient (RpcClient.java:createBucket(686)) - Creating Bucket: ad72032f-9f54-4714-be35-9bb839775ed0/0f1b3fe7-bfb6-4582-ab86-2c03242cbb04, with server-side default bucket layout, runner as owner, Versioning false, Storage Type set to DISK and Encryption set to false, Replication Type set to server-side default replication type, Namespace Quota set to -1, Space Quota set to -1 
2025-10-17 11:03:05,214 [om1-OMStateMachineApplyTransactionThread - 0] INFO  bucket.OMBucketCreateRequest (OMBucketCreateRequest.java:validateAndUpdateCache(303)) - created bucket: 0f1b3fe7-bfb6-4582-ab86-2c03242cbb04 of layout FILE_SYSTEM_OPTIMIZED in volume: ad72032f-9f54-4714-be35-9bb839775ed0
2025-10-17 11:03:05,214 | INFO  | OMAudit | user=runner | ip=127.0.0.1 | op=CREATE_BUCKET {"volume":"ad72032f-9f54-4714-be35-9bb839775ed0","bucket":"0f1b3fe7-bfb6-4582-ab86-2c03242cbb04","bucketLayout":"FILE_SYSTEM_OPTIMIZED","gdprEnabled":null,"acls":"[user:runner:a[ACCESS], group:runner:rl[ACCESS]]","isVersionEnabled":"false","storageType":"DISK","creationTime":"1760698985213","bucketEncryptionKey":null,"modificationTime":"1760698985213","usedBytes":"0","usedNamespace":"0","snapshotUsedBytes":"0","snapshotUsedNamespace":"0","owner":"runner","replicationType":null,"replicationConfig":null,"quotaInBytes":"-1","quotaInNamespace":"-1","Transaction":"1807"} | ret=SUCCESS |  
2025-10-17 11:03:05,215 | INFO  | OMAudit | user=runner | ip=127.0.0.1 | op=READ_BUCKET {"volume":"ad72032f-9f54-4714-be35-9bb839775ed0","bucket":"0f1b3fe7-bfb6-4582-ab86-2c03242cbb04"} | ret=SUCCESS |  
2025-10-17 11:03:05,216 | INFO  | OMAudit | user=runner | ip=127.0.0.1 | op=READ_BUCKET {"volume":"ad72032f-9f54-4714-be35-9bb839775ed0","bucket":"0f1b3fe7-bfb6-4582-ab86-2c03242cbb04"} | ret=SUCCESS |  
2025-10-17 11:03:05,218 [IPC Server handler 56 on default port 15001] INFO  algorithms.SCMContainerPlacementRackScatter (SCMContainerPlacementRackScatter.java:chooseDatanodesInternal(369)) - Chosen nodes: [50dccd39-549f-4f43-8b1f-597bf98f9c16(localhost/127.0.0.1), dbd6f242-9b73-4bca-a110-3e2ec656b979(localhost/127.0.0.1), b1eee25a-1fdf-4744-83c7-58e0513fce3b(localhost/127.0.0.1), 309ab1ff-9f5a-4058-8b2f-94d451ce5267(localhost/127.0.0.1), 3a11eef6-a527-493c-8ba3-ae39ecaefa56(localhost/127.0.0.1), a5293c95-44e9-4ea9-88ca-89089eac4b59(localhost/127.0.0.1), 99c47355-c013-4450-a734-aff6d3c99677(localhost/127.0.0.1), ed6e9581-5875-4278-a8db-50829892434b(localhost/127.0.0.1), 718bfa29-2c47-4ab5-ac61-3dfe9c6b9d5c(localhost/127.0.0.1), b6f92338-e951-49df-a986-ea31ece96e9e(localhost/127.0.0.1), 2b4cc429-f9c1-416c-9a38-6239a2e149ea(localhost/127.0.0.1), 28c08cd4-c049-4c66-8210-e254cf68b291(localhost/127.0.0.1), b292b6be-9482-4c30-a3e0-c9f721931b72(localhost/127.0.0.1), 7995ae7b-77ec-4e72-809d-814459f62ee0(localhost/127.0.0.1)]. isPolicySatisfied: true.
2025-10-17 11:03:05,221 [IPC Server handler 56 on default port 15001] INFO  pipeline.WritableECContainerProvider (WritableECContainerProvider.java:allocateContainer(215)) - Created and opened new pipeline Pipeline{ Id: 9f173356-7854-4eb4-99ce-dfe587ba88f7, Nodes: [ {50dccd39-549f-4f43-8b1f-597bf98f9c16(localhost/127.0.0.1), ReplicaIndex: 1}, {dbd6f242-9b73-4bca-a110-3e2ec656b979(localhost/127.0.0.1), ReplicaIndex: 2}, {b1eee25a-1fdf-4744-83c7-58e0513fce3b(localhost/127.0.0.1), ReplicaIndex: 3}, {309ab1ff-9f5a-4058-8b2f-94d451ce5267(localhost/127.0.0.1), ReplicaIndex: 4}, {3a11eef6-a527-493c-8ba3-ae39ecaefa56(localhost/127.0.0.1), ReplicaIndex: 5}, {a5293c95-44e9-4ea9-88ca-89089eac4b59(localhost/127.0.0.1), ReplicaIndex: 6}, {99c47355-c013-4450-a734-aff6d3c99677(localhost/127.0.0.1), ReplicaIndex: 7}, {ed6e9581-5875-4278-a8db-50829892434b(localhost/127.0.0.1), ReplicaIndex: 8}, {718bfa29-2c47-4ab5-ac61-3dfe9c6b9d5c(localhost/127.0.0.1), ReplicaIndex: 9}, {b6f92338-e951-49df-a986-ea31ece96e9e(localhost/127.0.0.1), ReplicaIndex: 10}, {2b4cc429-f9c1-416c-9a38-6239a2e149ea(localhost/127.0.0.1), ReplicaIndex: 11}, {28c08cd4-c049-4c66-8210-e254cf68b291(localhost/127.0.0.1), ReplicaIndex: 12}, {b292b6be-9482-4c30-a3e0-c9f721931b72(localhost/127.0.0.1), ReplicaIndex: 13}, {7995ae7b-77ec-4e72-809d-814459f62ee0(localhost/127.0.0.1), ReplicaIndex: 14},], ReplicationConfig: EC{rs-10-4-1024k}, State:ALLOCATED, leaderId:, CreationTimestamp2025-10-17T11:03:05.218342431Z[Etc/UTC]}
2025-10-17 11:03:05,221 | INFO  | SCMAudit | user=runner | ip=127.0.0.1 | op=ALLOCATE_BLOCK {"replication":"EC{rs-10-4-1024k}","owner":"omServiceIdDefault","size":"4194304","sampleBlocks":"[conID: 29 locID: 115816896921600514]","num":"1","client":"","allocated":"1"} | ret=SUCCESS |  
2025-10-17 11:03:05,222 | INFO  | OMAudit | user=runner | ip=127.0.0.1 | op=ALLOCATE_KEY {"volume":"ad72032f-9f54-4714-be35-9bb839775ed0","bucket":"0f1b3fe7-bfb6-4582-ab86-2c03242cbb04","key":"0d1deaad-80a3-4d10-bbf8-831816f3bcac","dataSize":"36","replicationType":"EC","replicationConfig":"rs-10-4-1048576","Transaction":"1808"} | ret=SUCCESS |  
2025-10-17 11:03:05,240 | INFO  | ContainerLog | ID=29 | Index=12 | BCSID=0 | State=OPEN | Volume=/home/runner/work/ozone/ozone/hadoop-ozone/integration-test/target/test-dir/MiniOzoneClusterImpl-d1ffa5d3-3301-45c3-9f44-1ffa6967d237/ozone-metadata/datanode-10/data-0/hdds | DataChecksum=0 |  
2025-10-17 11:03:05,241 | INFO  | ContainerLog | ID=29 | Index=1 | BCSID=0 | State=OPEN | Volume=/home/runner/work/ozone/ozone/hadoop-ozone/integration-test/target/test-dir/MiniOzoneClusterImpl-d1ffa5d3-3301-45c3-9f44-1ffa6967d237/ozone-metadata/datanode-7/data-0/hdds | DataChecksum=0 |  
2025-10-17 11:03:05,241 | INFO  | ContainerLog | ID=29 | Index=11 | BCSID=0 | State=OPEN | Volume=/home/runner/work/ozone/ozone/hadoop-ozone/integration-test/target/test-dir/MiniOzoneClusterImpl-d1ffa5d3-3301-45c3-9f44-1ffa6967d237/ozone-metadata/datanode-6/data-0/hdds | DataChecksum=0 |  
2025-10-17 11:03:05,244 [EventQueue-PipelineActionsForPipelineActionHandler] INFO  pipeline.PipelineActionHandler (PipelineActionHandler.java:processPipelineAction(89)) - Received pipeline action CLOSE for Pipeline-94abbb40-729e-490b-8eb4-7468994f70af from datanode 2b4cc429-f9c1-416c-9a38-6239a2e149ea(localhost/127.0.0.1). Reason : Ratis Transaction failure in datanode 2b4cc429-f9c1-416c-9a38-6239a2e149ea with role LEADER .Triggering pipeline close action.
2025-10-17 11:03:05,243 | INFO  | ContainerLog | ID=29 | Index=14 | BCSID=0 | State=OPEN | Volume=/home/runner/work/ozone/ozone/hadoop-ozone/integration-test/target/test-dir/MiniOzoneClusterImpl-d1ffa5d3-3301-45c3-9f44-1ffa6967d237/ozone-metadata/datanode-11/data-0/hdds | DataChecksum=0 |  
2025-10-17 11:03:05,244 | INFO  | SCMAudit | user=runner | ip=127.0.0.1 | op=SEND_HEARTBEAT {"datanodeUUID":"50dccd39-549f-4f43-8b1f-597bf98f9c16","term":"2","command":"[]"} | ret=SUCCESS |  
2025-10-17 11:03:05,244 | INFO  | SCMAudit | user=runner | ip=127.0.0.1 | op=SEND_HEARTBEAT {"datanodeUUID":"28c08cd4-c049-4c66-8210-e254cf68b291","term":"2","command":"[]"} | ret=SUCCESS |  
2025-10-17 11:03:05,245 | INFO  | ContainerLog | ID=29 | Index=13 | BCSID=0 | State=OPEN | Volume=/home/runner/work/ozone/ozone/hadoop-ozone/integration-test/target/test-dir/MiniOzoneClusterImpl-d1ffa5d3-3301-45c3-9f44-1ffa6967d237/ozone-metadata/datanode-3/data-0/hdds | DataChecksum=0 |  
2025-10-17 11:03:05,244 | INFO  | SCMAudit | user=runner | ip=127.0.0.1 | op=SEND_HEARTBEAT {"datanodeUUID":"2b4cc429-f9c1-416c-9a38-6239a2e149ea","term":"2","command":"[commandType: closeContainerCommand closeContainerCommandProto { containerID: 17 pipelineID { id: \"94abbb40-729e-490b-8eb4-7468994f70af\" uuid128 { mostSigBits: -7733882049603417845 leastSigBits: -8163772231918325585 } } cmdId: 17 force: false } term: 2 encodedToken: \"\" deadlineMsSinceEpoch: 0]"} | ret=SUCCESS |  
2025-10-17 11:03:05,244 [EventQueue-PipelineActionsForPipelineActionHandler] INFO  pipeline.PipelineActionHandler (PipelineActionHandler.java:processPipelineAction(89)) - Received pipeline action CLOSE for Pipeline-7345f0ea-8df2-4439-b2f1-0dbc4bfeaa43 from datanode 28c08cd4-c049-4c66-8210-e254cf68b291(localhost/127.0.0.1). Reason : Ratis Transaction failure in datanode 28c08cd4-c049-4c66-8210-e254cf68b291 with role FOLLOWER .Triggering pipeline close action.
2025-10-17 11:03:05,246 [EventQueue-PipelineActionsForPipelineActionHandler] INFO  pipeline.PipelineActionHandler (PipelineActionHandler.java:processPipelineAction(89)) - Received pipeline action CLOSE for Pipeline-7345f0ea-8df2-4439-b2f1-0dbc4bfeaa43 from datanode 7995ae7b-77ec-4e72-809d-814459f62ee0(localhost/127.0.0.1). Reason : Ratis Transaction failure in datanode 7995ae7b-77ec-4e72-809d-814459f62ee0 with role FOLLOWER .Triggering pipeline close action.
2025-10-17 11:03:05,245 | INFO  | SCMAudit | user=runner | ip=127.0.0.1 | op=SEND_HEARTBEAT {"datanodeUUID":"7995ae7b-77ec-4e72-809d-814459f62ee0","term":"2","command":"[]"} | ret=SUCCESS |  
2025-10-17 11:03:05,247 | INFO  | SCMAudit | user=runner | ip=127.0.0.1 | op=SEND_HEARTBEAT {"datanodeUUID":"b292b6be-9482-4c30-a3e0-c9f721931b72","term":"2","command":"[]"} | ret=SUCCESS |  
2025-10-17 11:03:05,247 [EventQueue-PipelineActionsForPipelineActionHandler] INFO  pipeline.PipelineActionHandler (PipelineActionHandler.java:processPipelineAction(89)) - Received pipeline action CLOSE for Pipeline-72e95c79-0fe3-4346-a9e3-bd423c7185ab from datanode b292b6be-9482-4c30-a3e0-c9f721931b72(localhost/127.0.0.1). Reason : Ratis Transaction failure in datanode b292b6be-9482-4c30-a3e0-c9f721931b72 with role LEADER .Triggering pipeline close action.
2025-10-17 11:03:05,262 | INFO  | ContainerLog | ID=29 | Index=6 | BCSID=0 | State=OPEN | Volume=/home/runner/work/ozone/ozone/hadoop-ozone/integration-test/target/test-dir/MiniOzoneClusterImpl-d1ffa5d3-3301-45c3-9f44-1ffa6967d237/ozone-metadata/datanode-14/data-0/hdds | DataChecksum=0 |  
2025-10-17 11:03:05,263 | INFO  | ContainerLog | ID=29 | Index=4 | BCSID=0 | State=OPEN | Volume=/home/runner/work/ozone/ozone/hadoop-ozone/integration-test/target/test-dir/MiniOzoneClusterImpl-d1ffa5d3-3301-45c3-9f44-1ffa6967d237/ozone-metadata/datanode-1/data-0/hdds | DataChecksum=0 |  
2025-10-17 11:03:05,264 | INFO  | ContainerLog | ID=29 | Index=7 | BCSID=0 | State=OPEN | Volume=/home/runner/work/ozone/ozone/hadoop-ozone/integration-test/target/test-dir/MiniOzoneClusterImpl-d1ffa5d3-3301-45c3-9f44-1ffa6967d237/ozone-metadata/datanode-2/data-0/hdds | DataChecksum=0 |  
2025-10-17 11:03:05,265 | INFO  | ContainerLog | ID=29 | Index=2 | BCSID=0 | State=OPEN | Volume=/home/runner/work/ozone/ozone/hadoop-ozone/integration-test/target/test-dir/MiniOzoneClusterImpl-d1ffa5d3-3301-45c3-9f44-1ffa6967d237/ozone-metadata/datanode-8/data-0/hdds | DataChecksum=0 |  
2025-10-17 11:03:05,265 | INFO  | ContainerLog | ID=29 | Index=5 | BCSID=0 | State=OPEN | Volume=/home/runner/work/ozone/ozone/hadoop-ozone/integration-test/target/test-dir/MiniOzoneClusterImpl-d1ffa5d3-3301-45c3-9f44-1ffa6967d237/ozone-metadata/datanode-12/data-0/hdds | DataChecksum=0 |  
2025-10-17 11:03:05,265 | INFO  | ContainerLog | ID=29 | Index=10 | BCSID=0 | State=OPEN | Volume=/home/runner/work/ozone/ozone/hadoop-ozone/integration-test/target/test-dir/MiniOzoneClusterImpl-d1ffa5d3-3301-45c3-9f44-1ffa6967d237/ozone-metadata/datanode-13/data-0/hdds | DataChecksum=0 |  
2025-10-17 11:03:05,266 | INFO  | SCMAudit | user=runner | ip=127.0.0.1 | op=SEND_HEARTBEAT {"datanodeUUID":"a5293c95-44e9-4ea9-88ca-89089eac4b59","term":"2","command":"[]"} | ret=SUCCESS |  
2025-10-17 11:03:05,266 | INFO  | SCMAudit | user=runner | ip=127.0.0.1 | op=SEND_HEARTBEAT {"datanodeUUID":"3a11eef6-a527-493c-8ba3-ae39ecaefa56","term":"2","command":"[]"} | ret=SUCCESS |  
2025-10-17 11:03:05,266 [EventQueue-PipelineActionsForPipelineActionHandler] INFO  pipeline.PipelineActionHandler (PipelineActionHandler.java:processPipelineAction(89)) - Received pipeline action CLOSE for Pipeline-7345f0ea-8df2-4439-b2f1-0dbc4bfeaa43 from datanode 3a11eef6-a527-493c-8ba3-ae39ecaefa56(localhost/127.0.0.1). Reason : Ratis Transaction failure in datanode 3a11eef6-a527-493c-8ba3-ae39ecaefa56 with role LEADER .Triggering pipeline close action.
2025-10-17 11:03:05,267 | INFO  | SCMAudit | user=runner | ip=127.0.0.1 | op=SEND_HEARTBEAT {"datanodeUUID":"b6f92338-e951-49df-a986-ea31ece96e9e","term":"2","command":"[]"} | ret=SUCCESS |  
2025-10-17 11:03:05,268 [EventQueue-PipelineActionsForPipelineActionHandler] INFO  pipeline.PipelineActionHandler (PipelineActionHandler.java:processPipelineAction(89)) - Received pipeline action CLOSE for Pipeline-72e95c79-0fe3-4346-a9e3-bd423c7185ab from datanode 99c47355-c013-4450-a734-aff6d3c99677(localhost/127.0.0.1). Reason : Ratis Transaction failure in datanode 99c47355-c013-4450-a734-aff6d3c99677 with role FOLLOWER .Triggering pipeline close action.
2025-10-17 11:03:05,268 | INFO  | SCMAudit | user=runner | ip=127.0.0.1 | op=SEND_HEARTBEAT {"datanodeUUID":"99c47355-c013-4450-a734-aff6d3c99677","term":"2","command":"[commandType: closeContainerCommand closeContainerCommandProto { containerID: 16 pipelineID { id: \"72e95c79-0fe3-4346-a9e3-bd423c7185ab\" uuid128 { mostSigBits: 8280251064924717894 leastSigBits: -6204907769406847573 } } cmdId: 16 force: false } term: 2 encodedToken: \"\" deadlineMsSinceEpoch: 0]"} | ret=SUCCESS |  
2025-10-17 11:03:05,268 | INFO  | SCMAudit | user=runner | ip=127.0.0.1 | op=SEND_HEARTBEAT {"datanodeUUID":"309ab1ff-9f5a-4058-8b2f-94d451ce5267","term":"2","command":"[]"} | ret=SUCCESS |  
2025-10-17 11:03:05,268 [EventQueue-PipelineActionsForPipelineActionHandler] INFO  pipeline.PipelineActionHandler (PipelineActionHandler.java:processPipelineAction(89)) - Received pipeline action CLOSE for Pipeline-72e95c79-0fe3-4346-a9e3-bd423c7185ab from datanode 309ab1ff-9f5a-4058-8b2f-94d451ce5267(localhost/127.0.0.1). Reason : Ratis Transaction failure in datanode 309ab1ff-9f5a-4058-8b2f-94d451ce5267 with role FOLLOWER .Triggering pipeline close action.
2025-10-17 11:03:05,268 | INFO  | SCMAudit | user=runner | ip=127.0.0.1 | op=SEND_HEARTBEAT {"datanodeUUID":"dbd6f242-9b73-4bca-a110-3e2ec656b979","term":"2","command":"[]"} | ret=SUCCESS |  
2025-10-17 11:03:05,269 | INFO  | ContainerLog | ID=29 | Index=3 | BCSID=0 | State=OPEN | Volume=/home/runner/work/ozone/ozone/hadoop-ozone/integration-test/target/test-dir/MiniOzoneClusterImpl-d1ffa5d3-3301-45c3-9f44-1ffa6967d237/ozone-metadata/datanode-5/data-0/hdds | DataChecksum=0 |  
2025-10-17 11:03:05,270 | INFO  | ContainerLog | ID=29 | Index=8 | BCSID=0 | State=OPEN | Volume=/home/runner/work/ozone/ozone/hadoop-ozone/integration-test/target/test-dir/MiniOzoneClusterImpl-d1ffa5d3-3301-45c3-9f44-1ffa6967d237/ozone-metadata/datanode-9/data-0/hdds | DataChecksum=0 |  
2025-10-17 11:03:05,271 | INFO  | SCMAudit | user=runner | ip=127.0.0.1 | op=SEND_HEARTBEAT {"datanodeUUID":"ed6e9581-5875-4278-a8db-50829892434b","term":"2","command":"[]"} | ret=SUCCESS |  
2025-10-17 11:03:05,272 | INFO  | SCMAudit | user=runner | ip=127.0.0.1 | op=SEND_HEARTBEAT {"datanodeUUID":"b1eee25a-1fdf-4744-83c7-58e0513fce3b","term":"2","command":"[]"} | ret=SUCCESS |  
2025-10-17 11:03:05,272 [EventQueue-PipelineActionsForPipelineActionHandler] INFO  pipeline.PipelineActionHandler (PipelineActionHandler.java:processPipelineAction(89)) - Received pipeline action CLOSE for Pipeline-94abbb40-729e-490b-8eb4-7468994f70af from datanode b1eee25a-1fdf-4744-83c7-58e0513fce3b(localhost/127.0.0.1). Reason : Ratis Transaction failure in datanode b1eee25a-1fdf-4744-83c7-58e0513fce3b with role FOLLOWER .Triggering pipeline close action.
2025-10-17 11:03:05,273 | INFO  | ContainerLog | ID=29 | Index=9 | BCSID=0 | State=OPEN | Volume=/home/runner/work/ozone/ozone/hadoop-ozone/integration-test/target/test-dir/MiniOzoneClusterImpl-d1ffa5d3-3301-45c3-9f44-1ffa6967d237/ozone-metadata/datanode-4/data-0/hdds | DataChecksum=0 |  
2025-10-17 11:03:05,274 [EventQueue-PipelineActionsForPipelineActionHandler] INFO  pipeline.PipelineActionHandler (PipelineActionHandler.java:processPipelineAction(89)) - Received pipeline action CLOSE for Pipeline-94abbb40-729e-490b-8eb4-7468994f70af from datanode 718bfa29-2c47-4ab5-ac61-3dfe9c6b9d5c(localhost/127.0.0.1). Reason : Ratis Transaction failure in datanode 718bfa29-2c47-4ab5-ac61-3dfe9c6b9d5c with role FOLLOWER .Triggering pipeline close action.
2025-10-17 11:03:05,274 | INFO  | SCMAudit | user=runner | ip=127.0.0.1 | op=SEND_HEARTBEAT {"datanodeUUID":"718bfa29-2c47-4ab5-ac61-3dfe9c6b9d5c","term":"2","command":"[commandType: closeContainerCommand closeContainerCommandProto { containerID: 17 pipelineID { id: \"94abbb40-729e-490b-8eb4-7468994f70af\" uuid128 { mostSigBits: -7733882049603417845 leastSigBits: -8163772231918325585 } } cmdId: 17 force: false } term: 2 encodedToken: \"\" deadlineMsSinceEpoch: 0]"} | ret=SUCCESS |  
2025-10-17 11:03:05,277 | INFO  | OMAudit | user=runner | ip=127.0.0.1 | op=COMMIT_KEY {"volume":"ad72032f-9f54-4714-be35-9bb839775ed0","bucket":"0f1b3fe7-bfb6-4582-ab86-2c03242cbb04","key":"0d1deaad-80a3-4d10-bbf8-831816f3bcac","dataSize":"36","replicationType":"EC","replicationConfig":"rs-10-4-1048576","Transaction":"1809"} | ret=SUCCESS |  
2025-10-17 11:03:05,279 | INFO  | SCMAudit | user=runner | ip=127.0.0.1 | op=GET_CONTAINER_WITH_PIPELINE_BATCH {"containerIDs":"#29,"} | ret=SUCCESS |  
2025-10-17 11:03:05,280 | INFO  | OMAudit | user=runner | ip=127.0.0.1 | op=READ_KEY {"volume":"ad72032f-9f54-4714-be35-9bb839775ed0","bucket":"0f1b3fe7-bfb6-4582-ab86-2c03242cbb04","key":"0d1deaad-80a3-4d10-bbf8-831816f3bcac","owner":null,"dataSize":"0","replicationConfig":null} | ret=SUCCESS |  
2025-10-17 11:03:05,282 | INFO  | OMAudit | user=runner | ip=127.0.0.1 | op=READ_KEY {"volume":"ad72032f-9f54-4714-be35-9bb839775ed0","bucket":"0f1b3fe7-bfb6-4582-ab86-2c03242cbb04","key":"0d1deaad-80a3-4d10-bbf8-831816f3bcac","owner":null,"dataSize":"0","replicationConfig":null} | ret=SUCCESS |  
]]></system-out>
  </testcase>
  <testcase name="testPutObjectTagging(BucketLayout)[1]" classname="org.apache.hadoop.ozone.client.rpc.TestSecureOzoneRpcClient" time="0.031">
    <system-out><![CDATA[2025-10-17 11:03:05,288 [ForkJoinPool-1-worker-1] INFO  rpc.RpcClient (RpcClient.java:createVolume(461)) - Creating Volume: 24aba2b9-6f7a-4741-9811-96f134e5076d, with runner as owner and space quota set to -1 bytes, counts quota set to -1
2025-10-17 11:03:05,290 [om1-OMStateMachineApplyTransactionThread - 0] INFO  volume.OMVolumeCreateRequest (OMVolumeCreateRequest.java:validateAndUpdateCache(213)) - created volume:24aba2b9-6f7a-4741-9811-96f134e5076d for user:runner
2025-10-17 11:03:05,290 | INFO  | OMAudit | user=runner | ip=127.0.0.1 | op=CREATE_VOLUME {"admin":"runner","owner":"runner","volume":"24aba2b9-6f7a-4741-9811-96f134e5076d","creationTime":"1760698985289","modificationTime":"1760698985289","quotaInBytes":"-1","quotaInNamespace":"-1","usedNamespace":"0","objectID":"-9223372036854312448","updateID":"1810","Transaction":"1810"} | ret=SUCCESS |  
2025-10-17 11:03:05,292 | INFO  | OMAudit | user=runner | ip=127.0.0.1 | op=READ_VOLUME {"volume":"24aba2b9-6f7a-4741-9811-96f134e5076d"} | ret=SUCCESS |  
2025-10-17 11:03:05,293 [ForkJoinPool-1-worker-1] INFO  rpc.RpcClient (RpcClient.java:createBucket(686)) - Creating Bucket: 24aba2b9-6f7a-4741-9811-96f134e5076d/2ef2de51-c334-478a-89fd-306391694718, with bucket layout OBJECT_STORE, runner as owner, Versioning false, Storage Type set to DISK and Encryption set to false, Replication Type set to server-side default replication type, Namespace Quota set to -1, Space Quota set to -1 
2025-10-17 11:03:05,295 [om1-OMStateMachineApplyTransactionThread - 0] INFO  bucket.OMBucketCreateRequest (OMBucketCreateRequest.java:validateAndUpdateCache(303)) - created bucket: 2ef2de51-c334-478a-89fd-306391694718 of layout OBJECT_STORE in volume: 24aba2b9-6f7a-4741-9811-96f134e5076d
2025-10-17 11:03:05,295 | INFO  | OMAudit | user=runner | ip=127.0.0.1 | op=CREATE_BUCKET {"volume":"24aba2b9-6f7a-4741-9811-96f134e5076d","bucket":"2ef2de51-c334-478a-89fd-306391694718","bucketLayout":"OBJECT_STORE","gdprEnabled":null,"acls":"[user:runner:a[ACCESS], group:runner:rl[ACCESS]]","isVersionEnabled":"false","storageType":"DISK","creationTime":"1760698985294","bucketEncryptionKey":null,"modificationTime":"1760698985294","usedBytes":"0","usedNamespace":"0","snapshotUsedBytes":"0","snapshotUsedNamespace":"0","owner":"runner","replicationType":null,"replicationConfig":null,"quotaInBytes":"-1","quotaInNamespace":"-1","Transaction":"1811"} | ret=SUCCESS |  
2025-10-17 11:03:05,296 | INFO  | OMAudit | user=runner | ip=127.0.0.1 | op=READ_BUCKET {"volume":"24aba2b9-6f7a-4741-9811-96f134e5076d","bucket":"2ef2de51-c334-478a-89fd-306391694718"} | ret=SUCCESS |  
2025-10-17 11:03:05,297 | INFO  | OMAudit | user=runner | ip=127.0.0.1 | op=READ_BUCKET {"volume":"24aba2b9-6f7a-4741-9811-96f134e5076d","bucket":"2ef2de51-c334-478a-89fd-306391694718"} | ret=SUCCESS |  
2025-10-17 11:03:05,298 | INFO  | SCMAudit | user=runner | ip=127.0.0.1 | op=ALLOCATE_BLOCK {"replication":"RATIS/ONE","owner":"omServiceIdDefault","size":"4194304","sampleBlocks":"[conID: 1 locID: 115816896921600515]","num":"1","client":"","allocated":"1"} | ret=SUCCESS |  
2025-10-17 11:03:05,299 | INFO  | OMAudit | user=runner | ip=127.0.0.1 | op=ALLOCATE_KEY {"volume":"24aba2b9-6f7a-4741-9811-96f134e5076d","bucket":"2ef2de51-c334-478a-89fd-306391694718","key":"41d053a9-cb3f-4369-96e6-7c411b9f0145","dataSize":"12","replicationType":"RATIS","replicationFactor":"ONE","Transaction":"1812"} | ret=SUCCESS |  
2025-10-17 11:03:05,305 | INFO  | OMAudit | user=runner | ip=127.0.0.1 | op=COMMIT_KEY {"volume":"24aba2b9-6f7a-4741-9811-96f134e5076d","bucket":"2ef2de51-c334-478a-89fd-306391694718","key":"41d053a9-cb3f-4369-96e6-7c411b9f0145","dataSize":"12","replicationType":"RATIS","replicationFactor":"ONE","Transaction":"1813"} | ret=SUCCESS |  
2025-10-17 11:03:05,306 | INFO  | OMAudit | user=runner | ip=127.0.0.1 | op=READ_KEY {"volume":"24aba2b9-6f7a-4741-9811-96f134e5076d","bucket":"2ef2de51-c334-478a-89fd-306391694718","key":"41d053a9-cb3f-4369-96e6-7c411b9f0145","owner":null,"dataSize":"0","replicationConfig":null} | ret=SUCCESS |  
2025-10-17 11:03:05,312 | INFO  | OMAudit | user=runner | ip=127.0.0.1 | op=PUT_OBJECT_TAGGING {"volume":"24aba2b9-6f7a-4741-9811-96f134e5076d","bucket":"2ef2de51-c334-478a-89fd-306391694718","key":"41d053a9-cb3f-4369-96e6-7c411b9f0145","dataSize":"0","Transaction":"1814"} | ret=SUCCESS |  
2025-10-17 11:03:05,314 | INFO  | OMAudit | user=runner | ip=127.0.0.1 | op=READ_KEY {"volume":"24aba2b9-6f7a-4741-9811-96f134e5076d","bucket":"2ef2de51-c334-478a-89fd-306391694718","key":"41d053a9-cb3f-4369-96e6-7c411b9f0145","owner":null,"dataSize":"0","replicationConfig":null} | ret=SUCCESS |  
2025-10-17 11:03:05,316 | INFO  | OMAudit | user=runner | ip=127.0.0.1 | op=PUT_OBJECT_TAGGING {"volume":"24aba2b9-6f7a-4741-9811-96f134e5076d","bucket":"2ef2de51-c334-478a-89fd-306391694718","key":"41d053a9-cb3f-4369-96e6-7c411b9f0145","dataSize":"0","Transaction":"1815"} | ret=SUCCESS |  
2025-10-17 11:03:05,317 | INFO  | OMAudit | user=runner | ip=127.0.0.1 | op=READ_KEY {"volume":"24aba2b9-6f7a-4741-9811-96f134e5076d","bucket":"2ef2de51-c334-478a-89fd-306391694718","key":"41d053a9-cb3f-4369-96e6-7c411b9f0145","owner":null,"dataSize":"0","replicationConfig":null} | ret=SUCCESS |  
]]></system-out>
  </testcase>
  <testcase name="testPutObjectTagging(BucketLayout)[2]" classname="org.apache.hadoop.ozone.client.rpc.TestSecureOzoneRpcClient" time="0.031">
    <system-out><![CDATA[2025-10-17 11:03:05,319 [ForkJoinPool-1-worker-1] INFO  rpc.RpcClient (RpcClient.java:createVolume(461)) - Creating Volume: 8c17ca00-47bf-403e-88b1-0dbb3fa3cd64, with runner as owner and space quota set to -1 bytes, counts quota set to -1
2025-10-17 11:03:05,321 [om1-OMStateMachineApplyTransactionThread - 0] INFO  volume.OMVolumeCreateRequest (OMVolumeCreateRequest.java:validateAndUpdateCache(213)) - created volume:8c17ca00-47bf-403e-88b1-0dbb3fa3cd64 for user:runner
2025-10-17 11:03:05,321 | INFO  | OMAudit | user=runner | ip=127.0.0.1 | op=CREATE_VOLUME {"admin":"runner","owner":"runner","volume":"8c17ca00-47bf-403e-88b1-0dbb3fa3cd64","creationTime":"1760698985320","modificationTime":"1760698985320","quotaInBytes":"-1","quotaInNamespace":"-1","usedNamespace":"0","objectID":"-9223372036854310912","updateID":"1816","Transaction":"1816"} | ret=SUCCESS |  
2025-10-17 11:03:05,322 | INFO  | OMAudit | user=runner | ip=127.0.0.1 | op=READ_VOLUME {"volume":"8c17ca00-47bf-403e-88b1-0dbb3fa3cd64"} | ret=SUCCESS |  
2025-10-17 11:03:05,323 [ForkJoinPool-1-worker-1] INFO  rpc.RpcClient (RpcClient.java:createBucket(686)) - Creating Bucket: 8c17ca00-47bf-403e-88b1-0dbb3fa3cd64/a7e8b047-ca07-47ba-bd67-cb8407c6a1ae, with bucket layout LEGACY, runner as owner, Versioning false, Storage Type set to DISK and Encryption set to false, Replication Type set to server-side default replication type, Namespace Quota set to -1, Space Quota set to -1 
2025-10-17 11:03:05,324 [om1-OMStateMachineApplyTransactionThread - 0] INFO  bucket.OMBucketCreateRequest (OMBucketCreateRequest.java:validateAndUpdateCache(303)) - created bucket: a7e8b047-ca07-47ba-bd67-cb8407c6a1ae of layout LEGACY in volume: 8c17ca00-47bf-403e-88b1-0dbb3fa3cd64
2025-10-17 11:03:05,325 | INFO  | OMAudit | user=runner | ip=127.0.0.1 | op=CREATE_BUCKET {"volume":"8c17ca00-47bf-403e-88b1-0dbb3fa3cd64","bucket":"a7e8b047-ca07-47ba-bd67-cb8407c6a1ae","bucketLayout":"LEGACY","gdprEnabled":null,"acls":"[user:runner:a[ACCESS], group:runner:rl[ACCESS]]","isVersionEnabled":"false","storageType":"DISK","creationTime":"1760698985324","bucketEncryptionKey":null,"modificationTime":"1760698985324","usedBytes":"0","usedNamespace":"0","snapshotUsedBytes":"0","snapshotUsedNamespace":"0","owner":"runner","replicationType":null,"replicationConfig":null,"quotaInBytes":"-1","quotaInNamespace":"-1","Transaction":"1817"} | ret=SUCCESS |  
2025-10-17 11:03:05,326 | INFO  | OMAudit | user=runner | ip=127.0.0.1 | op=READ_BUCKET {"volume":"8c17ca00-47bf-403e-88b1-0dbb3fa3cd64","bucket":"a7e8b047-ca07-47ba-bd67-cb8407c6a1ae"} | ret=SUCCESS |  
2025-10-17 11:03:05,327 | INFO  | OMAudit | user=runner | ip=127.0.0.1 | op=READ_BUCKET {"volume":"8c17ca00-47bf-403e-88b1-0dbb3fa3cd64","bucket":"a7e8b047-ca07-47ba-bd67-cb8407c6a1ae"} | ret=SUCCESS |  
2025-10-17 11:03:05,328 | INFO  | SCMAudit | user=runner | ip=127.0.0.1 | op=ALLOCATE_BLOCK {"replication":"RATIS/ONE","owner":"omServiceIdDefault","size":"4194304","sampleBlocks":"[conID: 14 locID: 115816896921600516]","num":"1","client":"","allocated":"1"} | ret=SUCCESS |  
2025-10-17 11:03:05,330 | INFO  | OMAudit | user=runner | ip=127.0.0.1 | op=ALLOCATE_KEY {"volume":"8c17ca00-47bf-403e-88b1-0dbb3fa3cd64","bucket":"a7e8b047-ca07-47ba-bd67-cb8407c6a1ae","key":"b2609394-7649-4345-b0ac-fc51e77f7269","dataSize":"12","replicationType":"RATIS","replicationFactor":"ONE","Transaction":"1818"} | ret=SUCCESS |  
2025-10-17 11:03:05,336 | INFO  | OMAudit | user=runner | ip=127.0.0.1 | op=COMMIT_KEY {"volume":"8c17ca00-47bf-403e-88b1-0dbb3fa3cd64","bucket":"a7e8b047-ca07-47ba-bd67-cb8407c6a1ae","key":"b2609394-7649-4345-b0ac-fc51e77f7269","dataSize":"12","replicationType":"RATIS","replicationFactor":"ONE","Transaction":"1819"} | ret=SUCCESS |  
2025-10-17 11:03:05,338 | INFO  | OMAudit | user=runner | ip=127.0.0.1 | op=READ_KEY {"volume":"8c17ca00-47bf-403e-88b1-0dbb3fa3cd64","bucket":"a7e8b047-ca07-47ba-bd67-cb8407c6a1ae","key":"b2609394-7649-4345-b0ac-fc51e77f7269","owner":null,"dataSize":"0","replicationConfig":null} | ret=SUCCESS |  
2025-10-17 11:03:05,340 | INFO  | OMAudit | user=runner | ip=127.0.0.1 | op=PUT_OBJECT_TAGGING {"volume":"8c17ca00-47bf-403e-88b1-0dbb3fa3cd64","bucket":"a7e8b047-ca07-47ba-bd67-cb8407c6a1ae","key":"b2609394-7649-4345-b0ac-fc51e77f7269","dataSize":"0","Transaction":"1820"} | ret=SUCCESS |  
2025-10-17 11:03:05,341 | INFO  | OMAudit | user=runner | ip=127.0.0.1 | op=READ_KEY {"volume":"8c17ca00-47bf-403e-88b1-0dbb3fa3cd64","bucket":"a7e8b047-ca07-47ba-bd67-cb8407c6a1ae","key":"b2609394-7649-4345-b0ac-fc51e77f7269","owner":null,"dataSize":"0","replicationConfig":null} | ret=SUCCESS |  
2025-10-17 11:03:05,344 | INFO  | OMAudit | user=runner | ip=127.0.0.1 | op=PUT_OBJECT_TAGGING {"volume":"8c17ca00-47bf-403e-88b1-0dbb3fa3cd64","bucket":"a7e8b047-ca07-47ba-bd67-cb8407c6a1ae","key":"b2609394-7649-4345-b0ac-fc51e77f7269","dataSize":"0","Transaction":"1821"} | ret=SUCCESS |  
2025-10-17 11:03:05,348 | INFO  | OMAudit | user=runner | ip=127.0.0.1 | op=READ_KEY {"volume":"8c17ca00-47bf-403e-88b1-0dbb3fa3cd64","bucket":"a7e8b047-ca07-47ba-bd67-cb8407c6a1ae","key":"b2609394-7649-4345-b0ac-fc51e77f7269","owner":null,"dataSize":"0","replicationConfig":null} | ret=SUCCESS |  
]]></system-out>
  </testcase>
  <testcase name="testPutObjectTagging(BucketLayout)[3]" classname="org.apache.hadoop.ozone.client.rpc.TestSecureOzoneRpcClient" time="0.046">
    <system-out><![CDATA[2025-10-17 11:03:05,353 [ForkJoinPool-1-worker-1] INFO  rpc.RpcClient (RpcClient.java:createVolume(461)) - Creating Volume: bc015065-e4e9-4878-99f8-6366ed41ca27, with runner as owner and space quota set to -1 bytes, counts quota set to -1
2025-10-17 11:03:05,356 [om1-OMStateMachineApplyTransactionThread - 0] INFO  volume.OMVolumeCreateRequest (OMVolumeCreateRequest.java:validateAndUpdateCache(213)) - created volume:bc015065-e4e9-4878-99f8-6366ed41ca27 for user:runner
2025-10-17 11:03:05,357 | INFO  | OMAudit | user=runner | ip=127.0.0.1 | op=CREATE_VOLUME {"admin":"runner","owner":"runner","volume":"bc015065-e4e9-4878-99f8-6366ed41ca27","creationTime":"1760698985355","modificationTime":"1760698985355","quotaInBytes":"-1","quotaInNamespace":"-1","usedNamespace":"0","objectID":"-9223372036854309376","updateID":"1822","Transaction":"1822"} | ret=SUCCESS |  
2025-10-17 11:03:05,359 | INFO  | OMAudit | user=runner | ip=127.0.0.1 | op=READ_VOLUME {"volume":"bc015065-e4e9-4878-99f8-6366ed41ca27"} | ret=SUCCESS |  
2025-10-17 11:03:05,360 [ForkJoinPool-1-worker-1] INFO  rpc.RpcClient (RpcClient.java:createBucket(686)) - Creating Bucket: bc015065-e4e9-4878-99f8-6366ed41ca27/68420dde-7827-498b-be98-da48d11c7dbb, with bucket layout FILE_SYSTEM_OPTIMIZED, runner as owner, Versioning false, Storage Type set to DISK and Encryption set to false, Replication Type set to server-side default replication type, Namespace Quota set to -1, Space Quota set to -1 
2025-10-17 11:03:05,364 [om1-OMStateMachineApplyTransactionThread - 0] INFO  bucket.OMBucketCreateRequest (OMBucketCreateRequest.java:validateAndUpdateCache(303)) - created bucket: 68420dde-7827-498b-be98-da48d11c7dbb of layout FILE_SYSTEM_OPTIMIZED in volume: bc015065-e4e9-4878-99f8-6366ed41ca27
2025-10-17 11:03:05,364 | INFO  | OMAudit | user=runner | ip=127.0.0.1 | op=CREATE_BUCKET {"volume":"bc015065-e4e9-4878-99f8-6366ed41ca27","bucket":"68420dde-7827-498b-be98-da48d11c7dbb","bucketLayout":"FILE_SYSTEM_OPTIMIZED","gdprEnabled":null,"acls":"[user:runner:a[ACCESS], group:runner:rl[ACCESS]]","isVersionEnabled":"false","storageType":"DISK","creationTime":"1760698985363","bucketEncryptionKey":null,"modificationTime":"1760698985363","usedBytes":"0","usedNamespace":"0","snapshotUsedBytes":"0","snapshotUsedNamespace":"0","owner":"runner","replicationType":null,"replicationConfig":null,"quotaInBytes":"-1","quotaInNamespace":"-1","Transaction":"1823"} | ret=SUCCESS |  
2025-10-17 11:03:05,366 | INFO  | OMAudit | user=runner | ip=127.0.0.1 | op=READ_BUCKET {"volume":"bc015065-e4e9-4878-99f8-6366ed41ca27","bucket":"68420dde-7827-498b-be98-da48d11c7dbb"} | ret=SUCCESS |  
2025-10-17 11:03:05,369 | INFO  | OMAudit | user=runner | ip=127.0.0.1 | op=READ_BUCKET {"volume":"bc015065-e4e9-4878-99f8-6366ed41ca27","bucket":"68420dde-7827-498b-be98-da48d11c7dbb"} | ret=SUCCESS |  
2025-10-17 11:03:05,370 | INFO  | SCMAudit | user=runner | ip=127.0.0.1 | op=ALLOCATE_BLOCK {"replication":"RATIS/ONE","owner":"omServiceIdDefault","size":"4194304","sampleBlocks":"[conID: 1 locID: 115816896921600517]","num":"1","client":"","allocated":"1"} | ret=SUCCESS |  
2025-10-17 11:03:05,372 | INFO  | OMAudit | user=runner | ip=127.0.0.1 | op=ALLOCATE_KEY {"volume":"bc015065-e4e9-4878-99f8-6366ed41ca27","bucket":"68420dde-7827-498b-be98-da48d11c7dbb","key":"7843dca3-08de-41c2-a85d-86116d845e16","dataSize":"12","replicationType":"RATIS","replicationFactor":"ONE","Transaction":"1824"} | ret=SUCCESS |  
2025-10-17 11:03:05,380 | INFO  | OMAudit | user=runner | ip=127.0.0.1 | op=COMMIT_KEY {"volume":"bc015065-e4e9-4878-99f8-6366ed41ca27","bucket":"68420dde-7827-498b-be98-da48d11c7dbb","key":"7843dca3-08de-41c2-a85d-86116d845e16","dataSize":"12","replicationType":"RATIS","replicationFactor":"ONE","Transaction":"1825"} | ret=SUCCESS |  
2025-10-17 11:03:05,382 | INFO  | OMAudit | user=runner | ip=127.0.0.1 | op=READ_KEY {"volume":"bc015065-e4e9-4878-99f8-6366ed41ca27","bucket":"68420dde-7827-498b-be98-da48d11c7dbb","key":"7843dca3-08de-41c2-a85d-86116d845e16","owner":null,"dataSize":"0","replicationConfig":null} | ret=SUCCESS |  
2025-10-17 11:03:05,387 | INFO  | OMAudit | user=runner | ip=127.0.0.1 | op=READ_KEY {"volume":"bc015065-e4e9-4878-99f8-6366ed41ca27","bucket":"68420dde-7827-498b-be98-da48d11c7dbb","key":"7843dca3-08de-41c2-a85d-86116d845e16","owner":null,"dataSize":"0","replicationConfig":null} | ret=SUCCESS |  
2025-10-17 11:03:05,390 | INFO  | OMAudit | user=runner | ip=127.0.0.1 | op=READ_KEY {"volume":"bc015065-e4e9-4878-99f8-6366ed41ca27","bucket":"68420dde-7827-498b-be98-da48d11c7dbb","key":"7843dca3-08de-41c2-a85d-86116d845e16","owner":null,"dataSize":"0","replicationConfig":null} | ret=SUCCESS |  
2025-10-17 11:03:05,393 | INFO  | OMAudit | user=runner | ip=127.0.0.1 | op=CREATE_DIRECTORY {"volume":"bc015065-e4e9-4878-99f8-6366ed41ca27","bucket":"68420dde-7827-498b-be98-da48d11c7dbb","key":"dir1/","dataSize":"0","Transaction":"1828"} | ret=SUCCESS |  
2025-10-17 11:03:05,396 [om1-OMStateMachineApplyTransactionThread - 0] ERROR tagging.S3PutObjectTaggingRequestWithFSO (S3PutObjectTaggingRequestWithFSO.java:validateAndUpdateCache(164)) - Put object tagging failed. Volume:bc015065-e4e9-4878-99f8-6366ed41ca27, Bucket:68420dde-7827-498b-be98-da48d11c7dbb, Key:dir1.
NOT_SUPPORTED_OPERATION org.apache.hadoop.ozone.om.exceptions.OMException: PutObjectTagging is not currently supported for FSO directory
	at org.apache.hadoop.ozone.om.request.s3.tagging.S3PutObjectTaggingRequestWithFSO.validateAndUpdateCache(S3PutObjectTaggingRequestWithFSO.java:106)
	at org.apache.hadoop.ozone.protocolPB.OzoneManagerRequestHandler.lambda$0(OzoneManagerRequestHandler.java:418)
	at org.apache.hadoop.ozone.util.MetricUtil.captureLatencyNs(MetricUtil.java:45)
	at org.apache.hadoop.ozone.protocolPB.OzoneManagerRequestHandler.handleWriteRequestImpl(OzoneManagerRequestHandler.java:416)
	at org.apache.hadoop.ozone.protocolPB.RequestHandler.handleWriteRequest(RequestHandler.java:62)
	at org.apache.hadoop.ozone.om.ratis.OzoneManagerStateMachine.runCommand(OzoneManagerStateMachine.java:599)
	at org.apache.hadoop.ozone.om.ratis.OzoneManagerStateMachine.lambda$3(OzoneManagerStateMachine.java:415)
	at java.base/java.util.concurrent.CompletableFuture$AsyncSupply.run(CompletableFuture.java:1768)
	at java.base/java.util.concurrent.ThreadPoolExecutor.runWorker(ThreadPoolExecutor.java:1144)
	at java.base/java.util.concurrent.ThreadPoolExecutor$Worker.run(ThreadPoolExecutor.java:642)
	at java.base/java.lang.Thread.run(Thread.java:1583)
]]></system-out>
  </testcase>
  <testcase name="testReadKeyWithCorruptedData" classname="org.apache.hadoop.ozone.client.rpc.TestSecureOzoneRpcClient" time="2.04">
    <system-out><![CDATA[2025-10-17 11:03:05,398 [ForkJoinPool-1-worker-1] INFO  rpc.RpcClient (RpcClient.java:createVolume(461)) - Creating Volume: ea140735-3eda-4f59-9952-cbe1c356c9b0, with runner as owner and space quota set to -1 bytes, counts quota set to -1
2025-10-17 11:03:05,400 [om1-OMStateMachineApplyTransactionThread - 0] INFO  volume.OMVolumeCreateRequest (OMVolumeCreateRequest.java:validateAndUpdateCache(213)) - created volume:ea140735-3eda-4f59-9952-cbe1c356c9b0 for user:runner
2025-10-17 11:03:05,400 | INFO  | OMAudit | user=runner | ip=127.0.0.1 | op=CREATE_VOLUME {"admin":"runner","owner":"runner","volume":"ea140735-3eda-4f59-9952-cbe1c356c9b0","creationTime":"1760698985399","modificationTime":"1760698985399","quotaInBytes":"-1","quotaInNamespace":"-1","usedNamespace":"0","objectID":"-9223372036854307328","updateID":"1830","Transaction":"1830"} | ret=SUCCESS |  
2025-10-17 11:03:05,402 | INFO  | OMAudit | user=runner | ip=127.0.0.1 | op=READ_VOLUME {"volume":"ea140735-3eda-4f59-9952-cbe1c356c9b0"} | ret=SUCCESS |  
2025-10-17 11:03:05,402 [ForkJoinPool-1-worker-1] INFO  rpc.RpcClient (RpcClient.java:createBucket(686)) - Creating Bucket: ea140735-3eda-4f59-9952-cbe1c356c9b0/9726aae9-074d-4365-96c4-fff9bc3e3f10, with server-side default bucket layout, runner as owner, Versioning false, Storage Type set to DISK and Encryption set to false, Replication Type set to server-side default replication type, Namespace Quota set to -1, Space Quota set to -1 
2025-10-17 11:03:05,404 [om1-OMStateMachineApplyTransactionThread - 0] INFO  bucket.OMBucketCreateRequest (OMBucketCreateRequest.java:validateAndUpdateCache(303)) - created bucket: 9726aae9-074d-4365-96c4-fff9bc3e3f10 of layout FILE_SYSTEM_OPTIMIZED in volume: ea140735-3eda-4f59-9952-cbe1c356c9b0
2025-10-17 11:03:05,404 | INFO  | OMAudit | user=runner | ip=127.0.0.1 | op=CREATE_BUCKET {"volume":"ea140735-3eda-4f59-9952-cbe1c356c9b0","bucket":"9726aae9-074d-4365-96c4-fff9bc3e3f10","bucketLayout":"FILE_SYSTEM_OPTIMIZED","gdprEnabled":null,"acls":"[user:runner:a[ACCESS], group:runner:rl[ACCESS]]","isVersionEnabled":"false","storageType":"DISK","creationTime":"1760698985403","bucketEncryptionKey":null,"modificationTime":"1760698985403","usedBytes":"0","usedNamespace":"0","snapshotUsedBytes":"0","snapshotUsedNamespace":"0","owner":"runner","replicationType":null,"replicationConfig":null,"quotaInBytes":"-1","quotaInNamespace":"-1","Transaction":"1831"} | ret=SUCCESS |  
2025-10-17 11:03:05,405 | INFO  | OMAudit | user=runner | ip=127.0.0.1 | op=READ_BUCKET {"volume":"ea140735-3eda-4f59-9952-cbe1c356c9b0","bucket":"9726aae9-074d-4365-96c4-fff9bc3e3f10"} | ret=SUCCESS |  
2025-10-17 11:03:05,406 | INFO  | OMAudit | user=runner | ip=127.0.0.1 | op=READ_BUCKET {"volume":"ea140735-3eda-4f59-9952-cbe1c356c9b0","bucket":"9726aae9-074d-4365-96c4-fff9bc3e3f10"} | ret=SUCCESS |  
2025-10-17 11:03:05,407 | INFO  | SCMAudit | user=runner | ip=127.0.0.1 | op=ALLOCATE_BLOCK {"replication":"RATIS/ONE","owner":"omServiceIdDefault","size":"4194304","sampleBlocks":"[conID: 3 locID: 115816896921600518]","num":"1","client":"","allocated":"1"} | ret=SUCCESS |  
2025-10-17 11:03:05,408 | INFO  | OMAudit | user=runner | ip=127.0.0.1 | op=ALLOCATE_KEY {"volume":"ea140735-3eda-4f59-9952-cbe1c356c9b0","bucket":"9726aae9-074d-4365-96c4-fff9bc3e3f10","key":"e2eecd86-a93a-49b2-aa78-7193ddfc113e","dataSize":"12","replicationType":"RATIS","replicationFactor":"ONE","Transaction":"1832"} | ret=SUCCESS |  
2025-10-17 11:03:05,413 | INFO  | OMAudit | user=runner | ip=127.0.0.1 | op=COMMIT_KEY {"volume":"ea140735-3eda-4f59-9952-cbe1c356c9b0","bucket":"9726aae9-074d-4365-96c4-fff9bc3e3f10","key":"e2eecd86-a93a-49b2-aa78-7193ddfc113e","dataSize":"12","replicationType":"RATIS","replicationFactor":"ONE","Transaction":"1833"} | ret=SUCCESS |  
2025-10-17 11:03:05,415 | INFO  | OMAudit | user=runner | ip=127.0.0.1 | op=READ_KEY {"volume":"ea140735-3eda-4f59-9952-cbe1c356c9b0","bucket":"9726aae9-074d-4365-96c4-fff9bc3e3f10","key":"e2eecd86-a93a-49b2-aa78-7193ddfc113e","owner":null,"dataSize":"0","replicationConfig":null} | ret=SUCCESS |  
2025-10-17 11:03:05,417 | INFO  | SCMAudit | user=null | ip=null | op=GET_SCM_INFO {} | ret=SUCCESS |  
2025-10-17 11:03:05,427 | INFO  | OMAudit | user=runner | ip=127.0.0.1 | op=READ_KEY {"volume":"ea140735-3eda-4f59-9952-cbe1c356c9b0","bucket":"9726aae9-074d-4365-96c4-fff9bc3e3f10","key":"e2eecd86-a93a-49b2-aa78-7193ddfc113e","owner":null,"dataSize":"0","replicationConfig":null} | ret=SUCCESS |  
2025-10-17 11:03:05,432 [ForkJoinPool-1-worker-1] WARN  scm.XceiverClientGrpc (XceiverClientGrpc.java:sendCommandWithRetry(500)) - Failed to execute command ReadChunk on the pipeline Pipeline{ Id: 6b95370b-02ef-41c9-9de6-95d8efae7158, Nodes: [ {718bfa29-2c47-4ab5-ac61-3dfe9c6b9d5c(localhost/127.0.0.1), ReplicaIndex: 0},], ReplicationConfig: STANDALONE/ONE, State:OPEN, leaderId:718bfa29-2c47-4ab5-ac61-3dfe9c6b9d5c, CreationTimestamp2025-10-17T11:01:18.506Z[Etc/UTC]}.
2025-10-17 11:03:06,241 | INFO  | SCMAudit | user=runner | ip=127.0.0.1 | op=SEND_HEARTBEAT {"datanodeUUID":"28c08cd4-c049-4c66-8210-e254cf68b291","term":"2","command":"[]"} | ret=SUCCESS |  
2025-10-17 11:03:06,241 | INFO  | SCMAudit | user=runner | ip=127.0.0.1 | op=SEND_HEARTBEAT {"datanodeUUID":"50dccd39-549f-4f43-8b1f-597bf98f9c16","term":"2","command":"[]"} | ret=SUCCESS |  
2025-10-17 11:03:06,241 [EventQueue-PipelineActionsForPipelineActionHandler] INFO  pipeline.PipelineActionHandler (PipelineActionHandler.java:processPipelineAction(89)) - Received pipeline action CLOSE for Pipeline-7345f0ea-8df2-4439-b2f1-0dbc4bfeaa43 from datanode 28c08cd4-c049-4c66-8210-e254cf68b291(localhost/127.0.0.1). Reason : Ratis Transaction failure in datanode 28c08cd4-c049-4c66-8210-e254cf68b291 with role FOLLOWER .Triggering pipeline close action.
2025-10-17 11:03:06,242 | INFO  | SCMAudit | user=runner | ip=127.0.0.1 | op=SEND_HEARTBEAT {"datanodeUUID":"2b4cc429-f9c1-416c-9a38-6239a2e149ea","term":"2","command":"[]"} | ret=SUCCESS |  
2025-10-17 11:03:06,242 [EventQueue-PipelineActionsForPipelineActionHandler] INFO  pipeline.PipelineActionHandler (PipelineActionHandler.java:processPipelineAction(89)) - Received pipeline action CLOSE for Pipeline-94abbb40-729e-490b-8eb4-7468994f70af from datanode 2b4cc429-f9c1-416c-9a38-6239a2e149ea(localhost/127.0.0.1). Reason : Ratis Transaction failure in datanode 2b4cc429-f9c1-416c-9a38-6239a2e149ea with role LEADER .Triggering pipeline close action.
2025-10-17 11:03:06,244 | INFO  | SCMAudit | user=runner | ip=127.0.0.1 | op=SEND_HEARTBEAT {"datanodeUUID":"7995ae7b-77ec-4e72-809d-814459f62ee0","term":"2","command":"[]"} | ret=SUCCESS |  
2025-10-17 11:03:06,244 [EventQueue-PipelineActionsForPipelineActionHandler] INFO  pipeline.PipelineActionHandler (PipelineActionHandler.java:processPipelineAction(89)) - Received pipeline action CLOSE for Pipeline-7345f0ea-8df2-4439-b2f1-0dbc4bfeaa43 from datanode 7995ae7b-77ec-4e72-809d-814459f62ee0(localhost/127.0.0.1). Reason : Ratis Transaction failure in datanode 7995ae7b-77ec-4e72-809d-814459f62ee0 with role FOLLOWER .Triggering pipeline close action.
2025-10-17 11:03:06,246 | INFO  | SCMAudit | user=runner | ip=127.0.0.1 | op=SEND_HEARTBEAT {"datanodeUUID":"b292b6be-9482-4c30-a3e0-c9f721931b72","term":"2","command":"[]"} | ret=SUCCESS |  
2025-10-17 11:03:06,246 [EventQueue-PipelineActionsForPipelineActionHandler] INFO  pipeline.PipelineActionHandler (PipelineActionHandler.java:processPipelineAction(89)) - Received pipeline action CLOSE for Pipeline-72e95c79-0fe3-4346-a9e3-bd423c7185ab from datanode b292b6be-9482-4c30-a3e0-c9f721931b72(localhost/127.0.0.1). Reason : Ratis Transaction failure in datanode b292b6be-9482-4c30-a3e0-c9f721931b72 with role LEADER .Triggering pipeline close action.
2025-10-17 11:03:06,264 | INFO  | SCMAudit | user=runner | ip=127.0.0.1 | op=SEND_HEARTBEAT {"datanodeUUID":"a5293c95-44e9-4ea9-88ca-89089eac4b59","term":"2","command":"[]"} | ret=SUCCESS |  
2025-10-17 11:03:06,264 | INFO  | SCMAudit | user=runner | ip=127.0.0.1 | op=SEND_HEARTBEAT {"datanodeUUID":"309ab1ff-9f5a-4058-8b2f-94d451ce5267","term":"2","command":"[]"} | ret=SUCCESS |  
2025-10-17 11:03:06,264 [EventQueue-PipelineActionsForPipelineActionHandler] INFO  pipeline.PipelineActionHandler (PipelineActionHandler.java:processPipelineAction(89)) - Received pipeline action CLOSE for Pipeline-72e95c79-0fe3-4346-a9e3-bd423c7185ab from datanode 309ab1ff-9f5a-4058-8b2f-94d451ce5267(localhost/127.0.0.1). Reason : Ratis Transaction failure in datanode 309ab1ff-9f5a-4058-8b2f-94d451ce5267 with role FOLLOWER .Triggering pipeline close action.
2025-10-17 11:03:06,265 | INFO  | SCMAudit | user=runner | ip=127.0.0.1 | op=SEND_HEARTBEAT {"datanodeUUID":"99c47355-c013-4450-a734-aff6d3c99677","term":"2","command":"[]"} | ret=SUCCESS |  
2025-10-17 11:03:06,265 [EventQueue-PipelineActionsForPipelineActionHandler] INFO  pipeline.PipelineActionHandler (PipelineActionHandler.java:processPipelineAction(89)) - Received pipeline action CLOSE for Pipeline-72e95c79-0fe3-4346-a9e3-bd423c7185ab from datanode 99c47355-c013-4450-a734-aff6d3c99677(localhost/127.0.0.1). Reason : Ratis Transaction failure in datanode 99c47355-c013-4450-a734-aff6d3c99677 with role FOLLOWER .Triggering pipeline close action.
2025-10-17 11:03:06,265 | INFO  | SCMAudit | user=runner | ip=127.0.0.1 | op=SEND_HEARTBEAT {"datanodeUUID":"dbd6f242-9b73-4bca-a110-3e2ec656b979","term":"2","command":"[]"} | ret=SUCCESS |  
2025-10-17 11:03:06,266 | INFO  | SCMAudit | user=runner | ip=127.0.0.1 | op=SEND_HEARTBEAT {"datanodeUUID":"3a11eef6-a527-493c-8ba3-ae39ecaefa56","term":"2","command":"[]"} | ret=SUCCESS |  
2025-10-17 11:03:06,266 [EventQueue-PipelineActionsForPipelineActionHandler] INFO  pipeline.PipelineActionHandler (PipelineActionHandler.java:processPipelineAction(89)) - Received pipeline action CLOSE for Pipeline-7345f0ea-8df2-4439-b2f1-0dbc4bfeaa43 from datanode 3a11eef6-a527-493c-8ba3-ae39ecaefa56(localhost/127.0.0.1). Reason : Ratis Transaction failure in datanode 3a11eef6-a527-493c-8ba3-ae39ecaefa56 with role LEADER .Triggering pipeline close action.
2025-10-17 11:03:06,266 | INFO  | SCMAudit | user=runner | ip=127.0.0.1 | op=SEND_HEARTBEAT {"datanodeUUID":"b6f92338-e951-49df-a986-ea31ece96e9e","term":"2","command":"[]"} | ret=SUCCESS |  
2025-10-17 11:03:06,270 | INFO  | SCMAudit | user=runner | ip=127.0.0.1 | op=SEND_HEARTBEAT {"datanodeUUID":"ed6e9581-5875-4278-a8db-50829892434b","term":"2","command":"[]"} | ret=SUCCESS |  
2025-10-17 11:03:06,272 | INFO  | SCMAudit | user=runner | ip=127.0.0.1 | op=SEND_HEARTBEAT {"datanodeUUID":"b1eee25a-1fdf-4744-83c7-58e0513fce3b","term":"2","command":"[]"} | ret=SUCCESS |  
2025-10-17 11:03:06,272 [EventQueue-PipelineActionsForPipelineActionHandler] INFO  pipeline.PipelineActionHandler (PipelineActionHandler.java:processPipelineAction(89)) - Received pipeline action CLOSE for Pipeline-94abbb40-729e-490b-8eb4-7468994f70af from datanode b1eee25a-1fdf-4744-83c7-58e0513fce3b(localhost/127.0.0.1). Reason : Ratis Transaction failure in datanode b1eee25a-1fdf-4744-83c7-58e0513fce3b with role FOLLOWER .Triggering pipeline close action.
2025-10-17 11:03:06,274 | INFO  | SCMAudit | user=runner | ip=127.0.0.1 | op=SEND_HEARTBEAT {"datanodeUUID":"718bfa29-2c47-4ab5-ac61-3dfe9c6b9d5c","term":"2","command":"[]"} | ret=SUCCESS |  
2025-10-17 11:03:06,274 [EventQueue-PipelineActionsForPipelineActionHandler] INFO  pipeline.PipelineActionHandler (PipelineActionHandler.java:processPipelineAction(89)) - Received pipeline action CLOSE for Pipeline-94abbb40-729e-490b-8eb4-7468994f70af from datanode 718bfa29-2c47-4ab5-ac61-3dfe9c6b9d5c(localhost/127.0.0.1). Reason : Ratis Transaction failure in datanode 718bfa29-2c47-4ab5-ac61-3dfe9c6b9d5c with role FOLLOWER .Triggering pipeline close action.
2025-10-17 11:03:06,434 [ForkJoinPool-1-worker-1] WARN  scm.XceiverClientGrpc (XceiverClientGrpc.java:sendCommandWithRetry(500)) - Failed to execute command ReadChunk on the pipeline Pipeline{ Id: 6b95370b-02ef-41c9-9de6-95d8efae7158, Nodes: [ {718bfa29-2c47-4ab5-ac61-3dfe9c6b9d5c(localhost/127.0.0.1), ReplicaIndex: 0},], ReplicationConfig: STANDALONE/ONE, State:OPEN, leaderId:718bfa29-2c47-4ab5-ac61-3dfe9c6b9d5c, CreationTimestamp2025-10-17T11:01:18.506Z[Etc/UTC]}.
2025-10-17 11:03:07,241 | INFO  | SCMAudit | user=runner | ip=127.0.0.1 | op=SEND_HEARTBEAT {"datanodeUUID":"50dccd39-549f-4f43-8b1f-597bf98f9c16","term":"2","command":"[]"} | ret=SUCCESS |  
2025-10-17 11:03:07,241 | INFO  | SCMAudit | user=runner | ip=127.0.0.1 | op=SEND_HEARTBEAT {"datanodeUUID":"28c08cd4-c049-4c66-8210-e254cf68b291","term":"2","command":"[]"} | ret=SUCCESS |  
2025-10-17 11:03:07,241 [EventQueue-PipelineActionsForPipelineActionHandler] INFO  pipeline.PipelineActionHandler (PipelineActionHandler.java:processPipelineAction(89)) - Received pipeline action CLOSE for Pipeline-7345f0ea-8df2-4439-b2f1-0dbc4bfeaa43 from datanode 28c08cd4-c049-4c66-8210-e254cf68b291(localhost/127.0.0.1). Reason : Ratis Transaction failure in datanode 28c08cd4-c049-4c66-8210-e254cf68b291 with role FOLLOWER .Triggering pipeline close action.
2025-10-17 11:03:07,242 | INFO  | SCMAudit | user=runner | ip=127.0.0.1 | op=SEND_HEARTBEAT {"datanodeUUID":"2b4cc429-f9c1-416c-9a38-6239a2e149ea","term":"2","command":"[]"} | ret=SUCCESS |  
2025-10-17 11:03:07,242 [EventQueue-PipelineActionsForPipelineActionHandler] INFO  pipeline.PipelineActionHandler (PipelineActionHandler.java:processPipelineAction(89)) - Received pipeline action CLOSE for Pipeline-94abbb40-729e-490b-8eb4-7468994f70af from datanode 2b4cc429-f9c1-416c-9a38-6239a2e149ea(localhost/127.0.0.1). Reason : Ratis Transaction failure in datanode 2b4cc429-f9c1-416c-9a38-6239a2e149ea with role LEADER .Triggering pipeline close action.
2025-10-17 11:03:07,244 | INFO  | SCMAudit | user=runner | ip=127.0.0.1 | op=SEND_HEARTBEAT {"datanodeUUID":"7995ae7b-77ec-4e72-809d-814459f62ee0","term":"2","command":"[]"} | ret=SUCCESS |  
2025-10-17 11:03:07,244 [EventQueue-PipelineActionsForPipelineActionHandler] INFO  pipeline.PipelineActionHandler (PipelineActionHandler.java:processPipelineAction(89)) - Received pipeline action CLOSE for Pipeline-7345f0ea-8df2-4439-b2f1-0dbc4bfeaa43 from datanode 7995ae7b-77ec-4e72-809d-814459f62ee0(localhost/127.0.0.1). Reason : Ratis Transaction failure in datanode 7995ae7b-77ec-4e72-809d-814459f62ee0 with role FOLLOWER .Triggering pipeline close action.
2025-10-17 11:03:07,246 | INFO  | SCMAudit | user=runner | ip=127.0.0.1 | op=SEND_HEARTBEAT {"datanodeUUID":"b292b6be-9482-4c30-a3e0-c9f721931b72","term":"2","command":"[]"} | ret=SUCCESS |  
2025-10-17 11:03:07,246 [EventQueue-PipelineActionsForPipelineActionHandler] INFO  pipeline.PipelineActionHandler (PipelineActionHandler.java:processPipelineAction(89)) - Received pipeline action CLOSE for Pipeline-72e95c79-0fe3-4346-a9e3-bd423c7185ab from datanode b292b6be-9482-4c30-a3e0-c9f721931b72(localhost/127.0.0.1). Reason : Ratis Transaction failure in datanode b292b6be-9482-4c30-a3e0-c9f721931b72 with role LEADER .Triggering pipeline close action.
2025-10-17 11:03:07,263 | INFO  | SCMAudit | user=runner | ip=127.0.0.1 | op=SEND_HEARTBEAT {"datanodeUUID":"a5293c95-44e9-4ea9-88ca-89089eac4b59","term":"2","command":"[]"} | ret=SUCCESS |  
2025-10-17 11:03:07,264 | INFO  | SCMAudit | user=runner | ip=127.0.0.1 | op=SEND_HEARTBEAT {"datanodeUUID":"309ab1ff-9f5a-4058-8b2f-94d451ce5267","term":"2","command":"[]"} | ret=SUCCESS |  
2025-10-17 11:03:07,264 [EventQueue-PipelineActionsForPipelineActionHandler] INFO  pipeline.PipelineActionHandler (PipelineActionHandler.java:processPipelineAction(89)) - Received pipeline action CLOSE for Pipeline-72e95c79-0fe3-4346-a9e3-bd423c7185ab from datanode 309ab1ff-9f5a-4058-8b2f-94d451ce5267(localhost/127.0.0.1). Reason : Ratis Transaction failure in datanode 309ab1ff-9f5a-4058-8b2f-94d451ce5267 with role FOLLOWER .Triggering pipeline close action.
2025-10-17 11:03:07,265 | INFO  | SCMAudit | user=runner | ip=127.0.0.1 | op=SEND_HEARTBEAT {"datanodeUUID":"99c47355-c013-4450-a734-aff6d3c99677","term":"2","command":"[]"} | ret=SUCCESS |  
2025-10-17 11:03:07,265 [EventQueue-PipelineActionsForPipelineActionHandler] INFO  pipeline.PipelineActionHandler (PipelineActionHandler.java:processPipelineAction(89)) - Received pipeline action CLOSE for Pipeline-72e95c79-0fe3-4346-a9e3-bd423c7185ab from datanode 99c47355-c013-4450-a734-aff6d3c99677(localhost/127.0.0.1). Reason : Ratis Transaction failure in datanode 99c47355-c013-4450-a734-aff6d3c99677 with role FOLLOWER .Triggering pipeline close action.
2025-10-17 11:03:07,266 | INFO  | SCMAudit | user=runner | ip=127.0.0.1 | op=SEND_HEARTBEAT {"datanodeUUID":"dbd6f242-9b73-4bca-a110-3e2ec656b979","term":"2","command":"[]"} | ret=SUCCESS |  
2025-10-17 11:03:07,267 | INFO  | SCMAudit | user=runner | ip=127.0.0.1 | op=SEND_HEARTBEAT {"datanodeUUID":"3a11eef6-a527-493c-8ba3-ae39ecaefa56","term":"2","command":"[]"} | ret=SUCCESS |  
2025-10-17 11:03:07,267 [EventQueue-PipelineActionsForPipelineActionHandler] INFO  pipeline.PipelineActionHandler (PipelineActionHandler.java:processPipelineAction(89)) - Received pipeline action CLOSE for Pipeline-7345f0ea-8df2-4439-b2f1-0dbc4bfeaa43 from datanode 3a11eef6-a527-493c-8ba3-ae39ecaefa56(localhost/127.0.0.1). Reason : Ratis Transaction failure in datanode 3a11eef6-a527-493c-8ba3-ae39ecaefa56 with role LEADER .Triggering pipeline close action.
2025-10-17 11:03:07,267 | INFO  | SCMAudit | user=runner | ip=127.0.0.1 | op=SEND_HEARTBEAT {"datanodeUUID":"b6f92338-e951-49df-a986-ea31ece96e9e","term":"2","command":"[]"} | ret=SUCCESS |  
2025-10-17 11:03:07,271 | INFO  | SCMAudit | user=runner | ip=127.0.0.1 | op=SEND_HEARTBEAT {"datanodeUUID":"ed6e9581-5875-4278-a8db-50829892434b","term":"2","command":"[]"} | ret=SUCCESS |  
2025-10-17 11:03:07,272 | INFO  | SCMAudit | user=runner | ip=127.0.0.1 | op=SEND_HEARTBEAT {"datanodeUUID":"b1eee25a-1fdf-4744-83c7-58e0513fce3b","term":"2","command":"[]"} | ret=SUCCESS |  
2025-10-17 11:03:07,272 [EventQueue-PipelineActionsForPipelineActionHandler] INFO  pipeline.PipelineActionHandler (PipelineActionHandler.java:processPipelineAction(89)) - Received pipeline action CLOSE for Pipeline-94abbb40-729e-490b-8eb4-7468994f70af from datanode b1eee25a-1fdf-4744-83c7-58e0513fce3b(localhost/127.0.0.1). Reason : Ratis Transaction failure in datanode b1eee25a-1fdf-4744-83c7-58e0513fce3b with role FOLLOWER .Triggering pipeline close action.
2025-10-17 11:03:07,274 | INFO  | SCMAudit | user=runner | ip=127.0.0.1 | op=SEND_HEARTBEAT {"datanodeUUID":"718bfa29-2c47-4ab5-ac61-3dfe9c6b9d5c","term":"2","command":"[]"} | ret=SUCCESS |  
2025-10-17 11:03:07,274 [EventQueue-PipelineActionsForPipelineActionHandler] INFO  pipeline.PipelineActionHandler (PipelineActionHandler.java:processPipelineAction(89)) - Received pipeline action CLOSE for Pipeline-94abbb40-729e-490b-8eb4-7468994f70af from datanode 718bfa29-2c47-4ab5-ac61-3dfe9c6b9d5c(localhost/127.0.0.1). Reason : Ratis Transaction failure in datanode 718bfa29-2c47-4ab5-ac61-3dfe9c6b9d5c with role FOLLOWER .Triggering pipeline close action.
2025-10-17 11:03:07,436 [ForkJoinPool-1-worker-1] WARN  scm.XceiverClientGrpc (XceiverClientGrpc.java:sendCommandWithRetry(500)) - Failed to execute command ReadChunk on the pipeline Pipeline{ Id: 6b95370b-02ef-41c9-9de6-95d8efae7158, Nodes: [ {718bfa29-2c47-4ab5-ac61-3dfe9c6b9d5c(localhost/127.0.0.1), ReplicaIndex: 0},], ReplicationConfig: STANDALONE/ONE, State:OPEN, leaderId:718bfa29-2c47-4ab5-ac61-3dfe9c6b9d5c, CreationTimestamp2025-10-17T11:01:18.506Z[Etc/UTC]}.
]]></system-out>
  </testcase>
  <testcase name="testReadKeyWithCorruptedDataWithMutiNodes" classname="org.apache.hadoop.ozone.client.rpc.TestSecureOzoneRpcClient" time="2.082">
    <system-out><![CDATA[2025-10-17 11:03:07,437 [ForkJoinPool-1-worker-1] INFO  rpc.RpcClient (RpcClient.java:createVolume(461)) - Creating Volume: d8270b77-dcee-4c81-aa75-faa037c5ba82, with runner as owner and space quota set to -1 bytes, counts quota set to -1
2025-10-17 11:03:07,439 [om1-OMStateMachineApplyTransactionThread - 0] INFO  volume.OMVolumeCreateRequest (OMVolumeCreateRequest.java:validateAndUpdateCache(213)) - created volume:d8270b77-dcee-4c81-aa75-faa037c5ba82 for user:runner
2025-10-17 11:03:07,439 | INFO  | OMAudit | user=runner | ip=127.0.0.1 | op=CREATE_VOLUME {"admin":"runner","owner":"runner","volume":"d8270b77-dcee-4c81-aa75-faa037c5ba82","creationTime":"1760698987438","modificationTime":"1760698987438","quotaInBytes":"-1","quotaInNamespace":"-1","usedNamespace":"0","objectID":"-9223372036854306304","updateID":"1834","Transaction":"1834"} | ret=SUCCESS |  
2025-10-17 11:03:07,440 | INFO  | OMAudit | user=runner | ip=127.0.0.1 | op=READ_VOLUME {"volume":"d8270b77-dcee-4c81-aa75-faa037c5ba82"} | ret=SUCCESS |  
2025-10-17 11:03:07,440 [ForkJoinPool-1-worker-1] INFO  rpc.RpcClient (RpcClient.java:createBucket(686)) - Creating Bucket: d8270b77-dcee-4c81-aa75-faa037c5ba82/9ca4a13d-6aed-44e8-adba-228967893af0, with server-side default bucket layout, runner as owner, Versioning false, Storage Type set to DISK and Encryption set to false, Replication Type set to server-side default replication type, Namespace Quota set to -1, Space Quota set to -1 
2025-10-17 11:03:07,442 [om1-OMStateMachineApplyTransactionThread - 0] INFO  bucket.OMBucketCreateRequest (OMBucketCreateRequest.java:validateAndUpdateCache(303)) - created bucket: 9ca4a13d-6aed-44e8-adba-228967893af0 of layout FILE_SYSTEM_OPTIMIZED in volume: d8270b77-dcee-4c81-aa75-faa037c5ba82
2025-10-17 11:03:07,442 | INFO  | OMAudit | user=runner | ip=127.0.0.1 | op=CREATE_BUCKET {"volume":"d8270b77-dcee-4c81-aa75-faa037c5ba82","bucket":"9ca4a13d-6aed-44e8-adba-228967893af0","bucketLayout":"FILE_SYSTEM_OPTIMIZED","gdprEnabled":null,"acls":"[user:runner:a[ACCESS], group:runner:rl[ACCESS]]","isVersionEnabled":"false","storageType":"DISK","creationTime":"1760698987441","bucketEncryptionKey":null,"modificationTime":"1760698987441","usedBytes":"0","usedNamespace":"0","snapshotUsedBytes":"0","snapshotUsedNamespace":"0","owner":"runner","replicationType":null,"replicationConfig":null,"quotaInBytes":"-1","quotaInNamespace":"-1","Transaction":"1835"} | ret=SUCCESS |  
2025-10-17 11:03:07,443 | INFO  | OMAudit | user=runner | ip=127.0.0.1 | op=READ_BUCKET {"volume":"d8270b77-dcee-4c81-aa75-faa037c5ba82","bucket":"9ca4a13d-6aed-44e8-adba-228967893af0"} | ret=SUCCESS |  
2025-10-17 11:03:07,443 | INFO  | OMAudit | user=runner | ip=127.0.0.1 | op=READ_BUCKET {"volume":"d8270b77-dcee-4c81-aa75-faa037c5ba82","bucket":"9ca4a13d-6aed-44e8-adba-228967893af0"} | ret=SUCCESS |  
2025-10-17 11:03:07,444 | INFO  | SCMAudit | user=runner | ip=127.0.0.1 | op=ALLOCATE_BLOCK {"replication":"RATIS/THREE","owner":"omServiceIdDefault","size":"4194304","sampleBlocks":"[conID: 19 locID: 115816896921600519]","num":"1","client":"","allocated":"1"} | ret=SUCCESS |  
2025-10-17 11:03:07,445 | INFO  | OMAudit | user=runner | ip=127.0.0.1 | op=ALLOCATE_KEY {"volume":"d8270b77-dcee-4c81-aa75-faa037c5ba82","bucket":"9ca4a13d-6aed-44e8-adba-228967893af0","key":"daae52d4-c7aa-4148-8179-cc31039c2f26","dataSize":"12","replicationType":"RATIS","replicationFactor":"THREE","Transaction":"1836"} | ret=SUCCESS |  
2025-10-17 11:03:07,454 | INFO  | OMAudit | user=runner | ip=127.0.0.1 | op=COMMIT_KEY {"volume":"d8270b77-dcee-4c81-aa75-faa037c5ba82","bucket":"9ca4a13d-6aed-44e8-adba-228967893af0","key":"daae52d4-c7aa-4148-8179-cc31039c2f26","dataSize":"12","replicationType":"RATIS","replicationFactor":"THREE","Transaction":"1837"} | ret=SUCCESS |  
2025-10-17 11:03:07,456 | INFO  | OMAudit | user=runner | ip=127.0.0.1 | op=READ_KEY {"volume":"d8270b77-dcee-4c81-aa75-faa037c5ba82","bucket":"9ca4a13d-6aed-44e8-adba-228967893af0","key":"daae52d4-c7aa-4148-8179-cc31039c2f26","owner":null,"dataSize":"0","replicationConfig":null} | ret=SUCCESS |  
2025-10-17 11:03:07,457 | INFO  | SCMAudit | user=null | ip=null | op=GET_SCM_INFO {} | ret=SUCCESS |  
2025-10-17 11:03:07,465 | INFO  | OMAudit | user=runner | ip=127.0.0.1 | op=READ_KEY {"volume":"d8270b77-dcee-4c81-aa75-faa037c5ba82","bucket":"9ca4a13d-6aed-44e8-adba-228967893af0","key":"daae52d4-c7aa-4148-8179-cc31039c2f26","owner":null,"dataSize":"0","replicationConfig":null} | ret=SUCCESS |  
2025-10-17 11:03:07,472 | INFO  | SCMAudit | user=null | ip=null | op=GET_SCM_INFO {} | ret=SUCCESS |  
2025-10-17 11:03:07,480 | INFO  | OMAudit | user=runner | ip=127.0.0.1 | op=READ_KEY {"volume":"d8270b77-dcee-4c81-aa75-faa037c5ba82","bucket":"9ca4a13d-6aed-44e8-adba-228967893af0","key":"daae52d4-c7aa-4148-8179-cc31039c2f26","owner":null,"dataSize":"0","replicationConfig":null} | ret=SUCCESS |  
2025-10-17 11:03:07,485 | INFO  | SCMAudit | user=null | ip=null | op=GET_SCM_INFO {} | ret=SUCCESS |  
2025-10-17 11:03:07,492 | INFO  | OMAudit | user=runner | ip=127.0.0.1 | op=READ_KEY {"volume":"d8270b77-dcee-4c81-aa75-faa037c5ba82","bucket":"9ca4a13d-6aed-44e8-adba-228967893af0","key":"daae52d4-c7aa-4148-8179-cc31039c2f26","owner":null,"dataSize":"0","replicationConfig":null} | ret=SUCCESS |  
2025-10-17 11:03:07,495 [ForkJoinPool-1-worker-1] WARN  scm.XceiverClientGrpc (XceiverClientGrpc.java:sendCommandWithRetry(500)) - Failed to execute command ReadChunk on the pipeline Pipeline{ Id: 4324291b-b287-433b-ae36-5c170ccb5e2d, Nodes: [ {3a11eef6-a527-493c-8ba3-ae39ecaefa56(localhost/127.0.0.1), ReplicaIndex: 0}, {7995ae7b-77ec-4e72-809d-814459f62ee0(localhost/127.0.0.1), ReplicaIndex: 0}, {28c08cd4-c049-4c66-8210-e254cf68b291(localhost/127.0.0.1), ReplicaIndex: 0},], ReplicationConfig: STANDALONE/THREE, State:OPEN, leaderId:28c08cd4-c049-4c66-8210-e254cf68b291, CreationTimestamp2025-10-17T11:01:20.391Z[Etc/UTC]}.
2025-10-17 11:03:07,496 [ForkJoinPool-1-worker-1] WARN  storage.ContainerProtocolCalls (ContainerProtocolCalls.java:tryEachDatanode(169)) - Failed to read chunk 115816896921600519_chunk_1 (len=12) containerID: 19
localID: 115816896921600519
blockCommitSequenceId: 160
 from 3a11eef6-a527-493c-8ba3-ae39ecaefa56(localhost/127.0.0.1); will try another datanode.
org.apache.hadoop.ozone.common.OzoneChecksumException: Checksum mismatched: this.checksums(0) != that.checksums(0), thisStartIndex=0, this=ChecksumData{CRC32, bytesPerChecksum=16384, checksums=[EF D2 EC 2F]}, that=ChecksumData{CRC32, bytesPerChecksum=16384, checksums=[B5 48 85 73]}
	at org.apache.hadoop.ozone.common.ChecksumData.verifyChecksumDataMatches(ChecksumData.java:127)
	at org.apache.hadoop.ozone.common.Checksum.verifyChecksum(Checksum.java:306)
	at org.apache.hadoop.ozone.common.Checksum.verifyChecksum(Checksum.java:282)
	at org.apache.hadoop.ozone.common.Checksum.verifyChecksum(Checksum.java:330)
	at org.apache.hadoop.hdds.scm.storage.ChunkInputStream.validateChunk(ChunkInputStream.java:500)
	at org.apache.hadoop.hdds.scm.XceiverClientGrpc.sendCommandWithRetry(XceiverClientGrpc.java:457)
	at org.apache.hadoop.hdds.scm.XceiverClientGrpc.lambda$sendCommandWithTraceIDAndRetry$1(XceiverClientGrpc.java:383)
	at org.apache.hadoop.hdds.tracing.TracingUtil.executeInSpan(TracingUtil.java:205)
	at org.apache.hadoop.hdds.tracing.TracingUtil.executeInNewSpan(TracingUtil.java:195)
	at org.apache.hadoop.hdds.scm.XceiverClientGrpc.sendCommandWithTraceIDAndRetry(XceiverClientGrpc.java:375)
	at org.apache.hadoop.hdds.scm.XceiverClientGrpc.sendCommand(XceiverClientGrpc.java:356)
	at org.apache.hadoop.hdds.scm.storage.ContainerProtocolCalls.readChunk(ContainerProtocolCalls.java:397)
	at org.apache.hadoop.hdds.scm.storage.ContainerProtocolCalls.lambda$readChunk$2(ContainerProtocolCalls.java:379)
	at org.apache.hadoop.hdds.scm.storage.ContainerProtocolCalls.tryEachDatanode(ContainerProtocolCalls.java:154)
	at org.apache.hadoop.hdds.scm.storage.ContainerProtocolCalls.readChunk(ContainerProtocolCalls.java:378)
	at org.apache.hadoop.hdds.scm.storage.ChunkInputStream.readChunk(ChunkInputStream.java:440)
	at org.apache.hadoop.hdds.scm.storage.ChunkInputStream.readChunkDataIntoBuffers(ChunkInputStream.java:417)
	at org.apache.hadoop.hdds.scm.storage.ChunkInputStream.readChunkFromContainer(ChunkInputStream.java:402)
	at org.apache.hadoop.hdds.scm.storage.ChunkInputStream.prepareRead(ChunkInputStream.java:344)
	at org.apache.hadoop.hdds.scm.storage.ChunkInputStream.read(ChunkInputStream.java:174)
	at org.apache.hadoop.hdds.scm.storage.ByteArrayReader.readFromBlock(ByteArrayReader.java:51)
	at org.apache.hadoop.hdds.scm.storage.BlockInputStream.readWithStrategy(BlockInputStream.java:376)
	at org.apache.hadoop.hdds.scm.storage.ExtendedInputStream.read(ExtendedInputStream.java:55)
	at org.apache.hadoop.hdds.scm.storage.ByteArrayReader.readFromBlock(ByteArrayReader.java:51)
	at org.apache.hadoop.hdds.scm.storage.MultipartInputStream.readWithStrategy(MultipartInputStream.java:96)
	at org.apache.hadoop.hdds.scm.storage.ExtendedInputStream.read(ExtendedInputStream.java:55)
	at org.apache.hadoop.ozone.client.io.OzoneInputStream.read(OzoneInputStream.java:56)
	at org.apache.commons.io.IOUtils.read(IOUtils.java:1955)
	at org.apache.commons.io.IOUtils.read(IOUtils.java:1931)
	at org.apache.commons.io.IOUtils.readFully(IOUtils.java:2075)
	at org.apache.commons.io.IOUtils.readFully(IOUtils.java:2053)
	at org.apache.hadoop.ozone.client.rpc.OzoneRpcClientTests.lambda$testReadKeyWithCorruptedDataWithMutiNodes$55(OzoneRpcClientTests.java:2539)
	at org.junit.jupiter.api.AssertThrows.assertThrows(AssertThrows.java:53)
	at org.junit.jupiter.api.AssertThrows.assertThrows(AssertThrows.java:35)
	at org.junit.jupiter.api.Assertions.assertThrows(Assertions.java:3128)
	at org.apache.hadoop.ozone.client.rpc.OzoneRpcClientTests.testReadKeyWithCorruptedDataWithMutiNodes(OzoneRpcClientTests.java:2536)
	at java.base/jdk.internal.reflect.DirectMethodHandleAccessor.invoke(DirectMethodHandleAccessor.java:103)
	at java.base/java.lang.reflect.Method.invoke(Method.java:580)
	at org.junit.platform.commons.util.ReflectionUtils.invokeMethod(ReflectionUtils.java:786)
	at org.junit.platform.commons.support.ReflectionSupport.invokeMethod(ReflectionSupport.java:514)
	at org.junit.jupiter.engine.execution.MethodInvocation.proceed(MethodInvocation.java:60)
	at org.junit.jupiter.engine.execution.InvocationInterceptorChain$ValidatingInvocation.proceed(InvocationInterceptorChain.java:131)
	at org.junit.jupiter.engine.extension.SameThreadTimeoutInvocation.proceed(SameThreadTimeoutInvocation.java:49)
	at org.junit.jupiter.engine.extension.TimeoutExtension.intercept(TimeoutExtension.java:161)
	at org.junit.jupiter.engine.extension.TimeoutExtension.interceptTestableMethod(TimeoutExtension.java:152)
	at org.junit.jupiter.engine.extension.TimeoutExtension.interceptTestMethod(TimeoutExtension.java:91)
	at org.junit.jupiter.engine.execution.InterceptingExecutableInvoker$ReflectiveInterceptorCall.lambda$ofVoidMethod$0(InterceptingExecutableInvoker.java:112)
	at org.junit.jupiter.engine.execution.InterceptingExecutableInvoker.lambda$invoke$0(InterceptingExecutableInvoker.java:94)
	at org.junit.jupiter.engine.execution.InvocationInterceptorChain$InterceptedInvocation.proceed(InvocationInterceptorChain.java:106)
	at org.junit.jupiter.engine.execution.InvocationInterceptorChain.proceed(InvocationInterceptorChain.java:64)
	at org.junit.jupiter.engine.execution.InvocationInterceptorChain.chainAndInvoke(InvocationInterceptorChain.java:45)
	at org.junit.jupiter.engine.execution.InvocationInterceptorChain.invoke(InvocationInterceptorChain.java:37)
	at org.junit.jupiter.engine.execution.InterceptingExecutableInvoker.invoke(InterceptingExecutableInvoker.java:93)
	at org.junit.jupiter.engine.execution.InterceptingExecutableInvoker.invoke(InterceptingExecutableInvoker.java:87)
	at org.junit.jupiter.engine.descriptor.TestMethodTestDescriptor.lambda$invokeTestMethod$4(TestMethodTestDescriptor.java:221)
	at org.junit.platform.engine.support.hierarchical.ThrowableCollector.execute(ThrowableCollector.java:73)
	at org.junit.jupiter.engine.descriptor.TestMethodTestDescriptor.invokeTestMethod(TestMethodTestDescriptor.java:217)
	at org.junit.jupiter.engine.descriptor.TestMethodTestDescriptor.execute(TestMethodTestDescriptor.java:159)
	at org.junit.jupiter.engine.descriptor.TestMethodTestDescriptor.execute(TestMethodTestDescriptor.java:70)
	at org.junit.platform.engine.support.hierarchical.NodeTestTask.lambda$executeRecursively$6(NodeTestTask.java:157)
	at org.junit.platform.engine.support.hierarchical.ThrowableCollector.execute(ThrowableCollector.java:73)
	at org.junit.platform.engine.support.hierarchical.NodeTestTask.lambda$executeRecursively$8(NodeTestTask.java:147)
	at org.junit.platform.engine.support.hierarchical.Node.around(Node.java:137)
	at org.junit.platform.engine.support.hierarchical.NodeTestTask.lambda$executeRecursively$9(NodeTestTask.java:145)
	at org.junit.platform.engine.support.hierarchical.ThrowableCollector.execute(ThrowableCollector.java:73)
	at org.junit.platform.engine.support.hierarchical.NodeTestTask.executeRecursively(NodeTestTask.java:144)
	at org.junit.platform.engine.support.hierarchical.NodeTestTask.execute(NodeTestTask.java:101)
	at org.junit.platform.engine.support.hierarchical.ForkJoinPoolHierarchicalTestExecutorService$ExclusiveTask.exec(ForkJoinPoolHierarchicalTestExecutorService.java:274)
	at org.junit.platform.engine.support.hierarchical.ForkJoinPoolHierarchicalTestExecutorService$ExclusiveTask.execSync(ForkJoinPoolHierarchicalTestExecutorService.java:247)
	at org.junit.platform.engine.support.hierarchical.ForkJoinPoolHierarchicalTestExecutorService.executeSync(ForkJoinPoolHierarchicalTestExecutorService.java:194)
	at org.junit.platform.engine.support.hierarchical.ForkJoinPoolHierarchicalTestExecutorService.invokeAll(ForkJoinPoolHierarchicalTestExecutorService.java:166)
	at org.junit.platform.engine.support.hierarchical.NodeTestTask.lambda$executeRecursively$6(NodeTestTask.java:161)
	at org.junit.platform.engine.support.hierarchical.ThrowableCollector.execute(ThrowableCollector.java:73)
	at org.junit.platform.engine.support.hierarchical.NodeTestTask.lambda$executeRecursively$8(NodeTestTask.java:147)
	at org.junit.platform.engine.support.hierarchical.Node.around(Node.java:137)
	at org.junit.platform.engine.support.hierarchical.NodeTestTask.lambda$executeRecursively$9(NodeTestTask.java:145)
	at org.junit.platform.engine.support.hierarchical.ThrowableCollector.execute(ThrowableCollector.java:73)
	at org.junit.platform.engine.support.hierarchical.NodeTestTask.executeRecursively(NodeTestTask.java:144)
	at org.junit.platform.engine.support.hierarchical.NodeTestTask.execute(NodeTestTask.java:101)
	at org.junit.platform.engine.support.hierarchical.ForkJoinPoolHierarchicalTestExecutorService$ExclusiveTask.exec(ForkJoinPoolHierarchicalTestExecutorService.java:274)
	at org.junit.platform.engine.support.hierarchical.ForkJoinPoolHierarchicalTestExecutorService$ExclusiveTask.execSync(ForkJoinPoolHierarchicalTestExecutorService.java:247)
	at org.junit.platform.engine.support.hierarchical.ForkJoinPoolHierarchicalTestExecutorService.invokeAll(ForkJoinPoolHierarchicalTestExecutorService.java:159)
	at org.junit.platform.engine.support.hierarchical.NodeTestTask.lambda$executeRecursively$6(NodeTestTask.java:161)
	at org.junit.platform.engine.support.hierarchical.ThrowableCollector.execute(ThrowableCollector.java:73)
	at org.junit.platform.engine.support.hierarchical.NodeTestTask.lambda$executeRecursively$8(NodeTestTask.java:147)
	at org.junit.platform.engine.support.hierarchical.Node.around(Node.java:137)
	at org.junit.platform.engine.support.hierarchical.NodeTestTask.lambda$executeRecursively$9(NodeTestTask.java:145)
	at org.junit.platform.engine.support.hierarchical.ThrowableCollector.execute(ThrowableCollector.java:73)
	at org.junit.platform.engine.support.hierarchical.NodeTestTask.executeRecursively(NodeTestTask.java:144)
	at org.junit.platform.engine.support.hierarchical.NodeTestTask.execute(NodeTestTask.java:101)
	at org.junit.platform.engine.support.hierarchical.ForkJoinPoolHierarchicalTestExecutorService$ExclusiveTask.exec(ForkJoinPoolHierarchicalTestExecutorService.java:274)
	at java.base/java.util.concurrent.ForkJoinTask.doExec(ForkJoinTask.java:387)
	at java.base/java.util.concurrent.ForkJoinPool$WorkQueue.topLevelExec(ForkJoinPool.java:1312)
	at java.base/java.util.concurrent.ForkJoinPool.scan(ForkJoinPool.java:1843)
	at java.base/java.util.concurrent.ForkJoinPool.runWorker(ForkJoinPool.java:1808)
	at java.base/java.util.concurrent.ForkJoinWorkerThread.run(ForkJoinWorkerThread.java:188)
2025-10-17 11:03:07,499 [ForkJoinPool-1-worker-1] WARN  scm.XceiverClientGrpc (XceiverClientGrpc.java:sendCommandWithRetry(500)) - Failed to execute command ReadChunk on the pipeline Pipeline{ Id: 4324291b-b287-433b-ae36-5c170ccb5e2d, Nodes: [ {3a11eef6-a527-493c-8ba3-ae39ecaefa56(localhost/127.0.0.1), ReplicaIndex: 0}, {7995ae7b-77ec-4e72-809d-814459f62ee0(localhost/127.0.0.1), ReplicaIndex: 0}, {28c08cd4-c049-4c66-8210-e254cf68b291(localhost/127.0.0.1), ReplicaIndex: 0},], ReplicationConfig: STANDALONE/THREE, State:OPEN, leaderId:28c08cd4-c049-4c66-8210-e254cf68b291, CreationTimestamp2025-10-17T11:01:20.391Z[Etc/UTC]}.
2025-10-17 11:03:07,499 [ForkJoinPool-1-worker-1] WARN  storage.ContainerProtocolCalls (ContainerProtocolCalls.java:tryEachDatanode(169)) - Failed to read chunk 115816896921600519_chunk_1 (len=12) containerID: 19
localID: 115816896921600519
blockCommitSequenceId: 160
 from 7995ae7b-77ec-4e72-809d-814459f62ee0(localhost/127.0.0.1); will try another datanode.
org.apache.hadoop.ozone.common.OzoneChecksumException: Checksum mismatched: this.checksums(0) != that.checksums(0), thisStartIndex=0, this=ChecksumData{CRC32, bytesPerChecksum=16384, checksums=[EF D2 EC 2F]}, that=ChecksumData{CRC32, bytesPerChecksum=16384, checksums=[B5 48 85 73]}
	at org.apache.hadoop.ozone.common.ChecksumData.verifyChecksumDataMatches(ChecksumData.java:127)
	at org.apache.hadoop.ozone.common.Checksum.verifyChecksum(Checksum.java:306)
	at org.apache.hadoop.ozone.common.Checksum.verifyChecksum(Checksum.java:282)
	at org.apache.hadoop.ozone.common.Checksum.verifyChecksum(Checksum.java:330)
	at org.apache.hadoop.hdds.scm.storage.ChunkInputStream.validateChunk(ChunkInputStream.java:500)
	at org.apache.hadoop.hdds.scm.XceiverClientGrpc.sendCommandWithRetry(XceiverClientGrpc.java:457)
	at org.apache.hadoop.hdds.scm.XceiverClientGrpc.lambda$sendCommandWithTraceIDAndRetry$1(XceiverClientGrpc.java:383)
	at org.apache.hadoop.hdds.tracing.TracingUtil.executeInSpan(TracingUtil.java:205)
	at org.apache.hadoop.hdds.tracing.TracingUtil.executeInNewSpan(TracingUtil.java:195)
	at org.apache.hadoop.hdds.scm.XceiverClientGrpc.sendCommandWithTraceIDAndRetry(XceiverClientGrpc.java:375)
	at org.apache.hadoop.hdds.scm.XceiverClientGrpc.sendCommand(XceiverClientGrpc.java:356)
	at org.apache.hadoop.hdds.scm.storage.ContainerProtocolCalls.readChunk(ContainerProtocolCalls.java:397)
	at org.apache.hadoop.hdds.scm.storage.ContainerProtocolCalls.lambda$readChunk$2(ContainerProtocolCalls.java:379)
	at org.apache.hadoop.hdds.scm.storage.ContainerProtocolCalls.tryEachDatanode(ContainerProtocolCalls.java:154)
	at org.apache.hadoop.hdds.scm.storage.ContainerProtocolCalls.readChunk(ContainerProtocolCalls.java:378)
	at org.apache.hadoop.hdds.scm.storage.ChunkInputStream.readChunk(ChunkInputStream.java:440)
	at org.apache.hadoop.hdds.scm.storage.ChunkInputStream.readChunkDataIntoBuffers(ChunkInputStream.java:417)
	at org.apache.hadoop.hdds.scm.storage.ChunkInputStream.readChunkFromContainer(ChunkInputStream.java:402)
	at org.apache.hadoop.hdds.scm.storage.ChunkInputStream.prepareRead(ChunkInputStream.java:344)
	at org.apache.hadoop.hdds.scm.storage.ChunkInputStream.read(ChunkInputStream.java:174)
	at org.apache.hadoop.hdds.scm.storage.ByteArrayReader.readFromBlock(ByteArrayReader.java:51)
	at org.apache.hadoop.hdds.scm.storage.BlockInputStream.readWithStrategy(BlockInputStream.java:376)
	at org.apache.hadoop.hdds.scm.storage.ExtendedInputStream.read(ExtendedInputStream.java:55)
	at org.apache.hadoop.hdds.scm.storage.ByteArrayReader.readFromBlock(ByteArrayReader.java:51)
	at org.apache.hadoop.hdds.scm.storage.MultipartInputStream.readWithStrategy(MultipartInputStream.java:96)
	at org.apache.hadoop.hdds.scm.storage.ExtendedInputStream.read(ExtendedInputStream.java:55)
	at org.apache.hadoop.ozone.client.io.OzoneInputStream.read(OzoneInputStream.java:56)
	at org.apache.commons.io.IOUtils.read(IOUtils.java:1955)
	at org.apache.commons.io.IOUtils.read(IOUtils.java:1931)
	at org.apache.commons.io.IOUtils.readFully(IOUtils.java:2075)
	at org.apache.commons.io.IOUtils.readFully(IOUtils.java:2053)
	at org.apache.hadoop.ozone.client.rpc.OzoneRpcClientTests.lambda$testReadKeyWithCorruptedDataWithMutiNodes$55(OzoneRpcClientTests.java:2539)
	at org.junit.jupiter.api.AssertThrows.assertThrows(AssertThrows.java:53)
	at org.junit.jupiter.api.AssertThrows.assertThrows(AssertThrows.java:35)
	at org.junit.jupiter.api.Assertions.assertThrows(Assertions.java:3128)
	at org.apache.hadoop.ozone.client.rpc.OzoneRpcClientTests.testReadKeyWithCorruptedDataWithMutiNodes(OzoneRpcClientTests.java:2536)
	at java.base/jdk.internal.reflect.DirectMethodHandleAccessor.invoke(DirectMethodHandleAccessor.java:103)
	at java.base/java.lang.reflect.Method.invoke(Method.java:580)
	at org.junit.platform.commons.util.ReflectionUtils.invokeMethod(ReflectionUtils.java:786)
	at org.junit.platform.commons.support.ReflectionSupport.invokeMethod(ReflectionSupport.java:514)
	at org.junit.jupiter.engine.execution.MethodInvocation.proceed(MethodInvocation.java:60)
	at org.junit.jupiter.engine.execution.InvocationInterceptorChain$ValidatingInvocation.proceed(InvocationInterceptorChain.java:131)
	at org.junit.jupiter.engine.extension.SameThreadTimeoutInvocation.proceed(SameThreadTimeoutInvocation.java:49)
	at org.junit.jupiter.engine.extension.TimeoutExtension.intercept(TimeoutExtension.java:161)
	at org.junit.jupiter.engine.extension.TimeoutExtension.interceptTestableMethod(TimeoutExtension.java:152)
	at org.junit.jupiter.engine.extension.TimeoutExtension.interceptTestMethod(TimeoutExtension.java:91)
	at org.junit.jupiter.engine.execution.InterceptingExecutableInvoker$ReflectiveInterceptorCall.lambda$ofVoidMethod$0(InterceptingExecutableInvoker.java:112)
	at org.junit.jupiter.engine.execution.InterceptingExecutableInvoker.lambda$invoke$0(InterceptingExecutableInvoker.java:94)
	at org.junit.jupiter.engine.execution.InvocationInterceptorChain$InterceptedInvocation.proceed(InvocationInterceptorChain.java:106)
	at org.junit.jupiter.engine.execution.InvocationInterceptorChain.proceed(InvocationInterceptorChain.java:64)
	at org.junit.jupiter.engine.execution.InvocationInterceptorChain.chainAndInvoke(InvocationInterceptorChain.java:45)
	at org.junit.jupiter.engine.execution.InvocationInterceptorChain.invoke(InvocationInterceptorChain.java:37)
	at org.junit.jupiter.engine.execution.InterceptingExecutableInvoker.invoke(InterceptingExecutableInvoker.java:93)
	at org.junit.jupiter.engine.execution.InterceptingExecutableInvoker.invoke(InterceptingExecutableInvoker.java:87)
	at org.junit.jupiter.engine.descriptor.TestMethodTestDescriptor.lambda$invokeTestMethod$4(TestMethodTestDescriptor.java:221)
	at org.junit.platform.engine.support.hierarchical.ThrowableCollector.execute(ThrowableCollector.java:73)
	at org.junit.jupiter.engine.descriptor.TestMethodTestDescriptor.invokeTestMethod(TestMethodTestDescriptor.java:217)
	at org.junit.jupiter.engine.descriptor.TestMethodTestDescriptor.execute(TestMethodTestDescriptor.java:159)
	at org.junit.jupiter.engine.descriptor.TestMethodTestDescriptor.execute(TestMethodTestDescriptor.java:70)
	at org.junit.platform.engine.support.hierarchical.NodeTestTask.lambda$executeRecursively$6(NodeTestTask.java:157)
	at org.junit.platform.engine.support.hierarchical.ThrowableCollector.execute(ThrowableCollector.java:73)
	at org.junit.platform.engine.support.hierarchical.NodeTestTask.lambda$executeRecursively$8(NodeTestTask.java:147)
	at org.junit.platform.engine.support.hierarchical.Node.around(Node.java:137)
	at org.junit.platform.engine.support.hierarchical.NodeTestTask.lambda$executeRecursively$9(NodeTestTask.java:145)
	at org.junit.platform.engine.support.hierarchical.ThrowableCollector.execute(ThrowableCollector.java:73)
	at org.junit.platform.engine.support.hierarchical.NodeTestTask.executeRecursively(NodeTestTask.java:144)
	at org.junit.platform.engine.support.hierarchical.NodeTestTask.execute(NodeTestTask.java:101)
	at org.junit.platform.engine.support.hierarchical.ForkJoinPoolHierarchicalTestExecutorService$ExclusiveTask.exec(ForkJoinPoolHierarchicalTestExecutorService.java:274)
	at org.junit.platform.engine.support.hierarchical.ForkJoinPoolHierarchicalTestExecutorService$ExclusiveTask.execSync(ForkJoinPoolHierarchicalTestExecutorService.java:247)
	at org.junit.platform.engine.support.hierarchical.ForkJoinPoolHierarchicalTestExecutorService.executeSync(ForkJoinPoolHierarchicalTestExecutorService.java:194)
	at org.junit.platform.engine.support.hierarchical.ForkJoinPoolHierarchicalTestExecutorService.invokeAll(ForkJoinPoolHierarchicalTestExecutorService.java:166)
	at org.junit.platform.engine.support.hierarchical.NodeTestTask.lambda$executeRecursively$6(NodeTestTask.java:161)
	at org.junit.platform.engine.support.hierarchical.ThrowableCollector.execute(ThrowableCollector.java:73)
	at org.junit.platform.engine.support.hierarchical.NodeTestTask.lambda$executeRecursively$8(NodeTestTask.java:147)
	at org.junit.platform.engine.support.hierarchical.Node.around(Node.java:137)
	at org.junit.platform.engine.support.hierarchical.NodeTestTask.lambda$executeRecursively$9(NodeTestTask.java:145)
	at org.junit.platform.engine.support.hierarchical.ThrowableCollector.execute(ThrowableCollector.java:73)
	at org.junit.platform.engine.support.hierarchical.NodeTestTask.executeRecursively(NodeTestTask.java:144)
	at org.junit.platform.engine.support.hierarchical.NodeTestTask.execute(NodeTestTask.java:101)
	at org.junit.platform.engine.support.hierarchical.ForkJoinPoolHierarchicalTestExecutorService$ExclusiveTask.exec(ForkJoinPoolHierarchicalTestExecutorService.java:274)
	at org.junit.platform.engine.support.hierarchical.ForkJoinPoolHierarchicalTestExecutorService$ExclusiveTask.execSync(ForkJoinPoolHierarchicalTestExecutorService.java:247)
	at org.junit.platform.engine.support.hierarchical.ForkJoinPoolHierarchicalTestExecutorService.invokeAll(ForkJoinPoolHierarchicalTestExecutorService.java:159)
	at org.junit.platform.engine.support.hierarchical.NodeTestTask.lambda$executeRecursively$6(NodeTestTask.java:161)
	at org.junit.platform.engine.support.hierarchical.ThrowableCollector.execute(ThrowableCollector.java:73)
	at org.junit.platform.engine.support.hierarchical.NodeTestTask.lambda$executeRecursively$8(NodeTestTask.java:147)
	at org.junit.platform.engine.support.hierarchical.Node.around(Node.java:137)
	at org.junit.platform.engine.support.hierarchical.NodeTestTask.lambda$executeRecursively$9(NodeTestTask.java:145)
	at org.junit.platform.engine.support.hierarchical.ThrowableCollector.execute(ThrowableCollector.java:73)
	at org.junit.platform.engine.support.hierarchical.NodeTestTask.executeRecursively(NodeTestTask.java:144)
	at org.junit.platform.engine.support.hierarchical.NodeTestTask.execute(NodeTestTask.java:101)
	at org.junit.platform.engine.support.hierarchical.ForkJoinPoolHierarchicalTestExecutorService$ExclusiveTask.exec(ForkJoinPoolHierarchicalTestExecutorService.java:274)
	at java.base/java.util.concurrent.ForkJoinTask.doExec(ForkJoinTask.java:387)
	at java.base/java.util.concurrent.ForkJoinPool$WorkQueue.topLevelExec(ForkJoinPool.java:1312)
	at java.base/java.util.concurrent.ForkJoinPool.scan(ForkJoinPool.java:1843)
	at java.base/java.util.concurrent.ForkJoinPool.runWorker(ForkJoinPool.java:1808)
	at java.base/java.util.concurrent.ForkJoinWorkerThread.run(ForkJoinWorkerThread.java:188)
2025-10-17 11:03:07,502 [ForkJoinPool-1-worker-1] WARN  scm.XceiverClientGrpc (XceiverClientGrpc.java:sendCommandWithRetry(500)) - Failed to execute command ReadChunk on the pipeline Pipeline{ Id: 4324291b-b287-433b-ae36-5c170ccb5e2d, Nodes: [ {3a11eef6-a527-493c-8ba3-ae39ecaefa56(localhost/127.0.0.1), ReplicaIndex: 0}, {7995ae7b-77ec-4e72-809d-814459f62ee0(localhost/127.0.0.1), ReplicaIndex: 0}, {28c08cd4-c049-4c66-8210-e254cf68b291(localhost/127.0.0.1), ReplicaIndex: 0},], ReplicationConfig: STANDALONE/THREE, State:OPEN, leaderId:28c08cd4-c049-4c66-8210-e254cf68b291, CreationTimestamp2025-10-17T11:01:20.391Z[Etc/UTC]}.
2025-10-17 11:03:08,241 | INFO  | SCMAudit | user=runner | ip=127.0.0.1 | op=SEND_HEARTBEAT {"datanodeUUID":"50dccd39-549f-4f43-8b1f-597bf98f9c16","term":"2","command":"[]"} | ret=SUCCESS |  
2025-10-17 11:03:08,241 | INFO  | SCMAudit | user=runner | ip=127.0.0.1 | op=SEND_HEARTBEAT {"datanodeUUID":"28c08cd4-c049-4c66-8210-e254cf68b291","term":"2","command":"[]"} | ret=SUCCESS |  
2025-10-17 11:03:08,241 [EventQueue-PipelineActionsForPipelineActionHandler] INFO  pipeline.PipelineActionHandler (PipelineActionHandler.java:processPipelineAction(89)) - Received pipeline action CLOSE for Pipeline-7345f0ea-8df2-4439-b2f1-0dbc4bfeaa43 from datanode 28c08cd4-c049-4c66-8210-e254cf68b291(localhost/127.0.0.1). Reason : Ratis Transaction failure in datanode 28c08cd4-c049-4c66-8210-e254cf68b291 with role FOLLOWER .Triggering pipeline close action.
2025-10-17 11:03:08,242 | INFO  | SCMAudit | user=runner | ip=127.0.0.1 | op=SEND_HEARTBEAT {"datanodeUUID":"2b4cc429-f9c1-416c-9a38-6239a2e149ea","term":"2","command":"[]"} | ret=SUCCESS |  
2025-10-17 11:03:08,242 [EventQueue-PipelineActionsForPipelineActionHandler] INFO  pipeline.PipelineActionHandler (PipelineActionHandler.java:processPipelineAction(89)) - Received pipeline action CLOSE for Pipeline-94abbb40-729e-490b-8eb4-7468994f70af from datanode 2b4cc429-f9c1-416c-9a38-6239a2e149ea(localhost/127.0.0.1). Reason : Ratis Transaction failure in datanode 2b4cc429-f9c1-416c-9a38-6239a2e149ea with role LEADER .Triggering pipeline close action.
2025-10-17 11:03:08,244 | INFO  | SCMAudit | user=runner | ip=127.0.0.1 | op=SEND_HEARTBEAT {"datanodeUUID":"7995ae7b-77ec-4e72-809d-814459f62ee0","term":"2","command":"[]"} | ret=SUCCESS |  
2025-10-17 11:03:08,244 [EventQueue-PipelineActionsForPipelineActionHandler] INFO  pipeline.PipelineActionHandler (PipelineActionHandler.java:processPipelineAction(89)) - Received pipeline action CLOSE for Pipeline-7345f0ea-8df2-4439-b2f1-0dbc4bfeaa43 from datanode 7995ae7b-77ec-4e72-809d-814459f62ee0(localhost/127.0.0.1). Reason : Ratis Transaction failure in datanode 7995ae7b-77ec-4e72-809d-814459f62ee0 with role FOLLOWER .Triggering pipeline close action.
2025-10-17 11:03:08,246 | INFO  | SCMAudit | user=runner | ip=127.0.0.1 | op=SEND_HEARTBEAT {"datanodeUUID":"b292b6be-9482-4c30-a3e0-c9f721931b72","term":"2","command":"[]"} | ret=SUCCESS |  
2025-10-17 11:03:08,246 [EventQueue-PipelineActionsForPipelineActionHandler] INFO  pipeline.PipelineActionHandler (PipelineActionHandler.java:processPipelineAction(89)) - Received pipeline action CLOSE for Pipeline-72e95c79-0fe3-4346-a9e3-bd423c7185ab from datanode b292b6be-9482-4c30-a3e0-c9f721931b72(localhost/127.0.0.1). Reason : Ratis Transaction failure in datanode b292b6be-9482-4c30-a3e0-c9f721931b72 with role LEADER .Triggering pipeline close action.
2025-10-17 11:03:08,264 | INFO  | SCMAudit | user=runner | ip=127.0.0.1 | op=SEND_HEARTBEAT {"datanodeUUID":"309ab1ff-9f5a-4058-8b2f-94d451ce5267","term":"2","command":"[]"} | ret=SUCCESS |  
2025-10-17 11:03:08,264 [EventQueue-PipelineActionsForPipelineActionHandler] INFO  pipeline.PipelineActionHandler (PipelineActionHandler.java:processPipelineAction(89)) - Received pipeline action CLOSE for Pipeline-72e95c79-0fe3-4346-a9e3-bd423c7185ab from datanode 309ab1ff-9f5a-4058-8b2f-94d451ce5267(localhost/127.0.0.1). Reason : Ratis Transaction failure in datanode 309ab1ff-9f5a-4058-8b2f-94d451ce5267 with role FOLLOWER .Triggering pipeline close action.
2025-10-17 11:03:08,264 | INFO  | SCMAudit | user=runner | ip=127.0.0.1 | op=SEND_HEARTBEAT {"datanodeUUID":"a5293c95-44e9-4ea9-88ca-89089eac4b59","term":"2","command":"[]"} | ret=SUCCESS |  
2025-10-17 11:03:08,265 | INFO  | SCMAudit | user=runner | ip=127.0.0.1 | op=SEND_HEARTBEAT {"datanodeUUID":"99c47355-c013-4450-a734-aff6d3c99677","term":"2","command":"[]"} | ret=SUCCESS |  
2025-10-17 11:03:08,265 [EventQueue-PipelineActionsForPipelineActionHandler] INFO  pipeline.PipelineActionHandler (PipelineActionHandler.java:processPipelineAction(89)) - Received pipeline action CLOSE for Pipeline-72e95c79-0fe3-4346-a9e3-bd423c7185ab from datanode 99c47355-c013-4450-a734-aff6d3c99677(localhost/127.0.0.1). Reason : Ratis Transaction failure in datanode 99c47355-c013-4450-a734-aff6d3c99677 with role FOLLOWER .Triggering pipeline close action.
2025-10-17 11:03:08,266 | INFO  | SCMAudit | user=runner | ip=127.0.0.1 | op=SEND_HEARTBEAT {"datanodeUUID":"dbd6f242-9b73-4bca-a110-3e2ec656b979","term":"2","command":"[]"} | ret=SUCCESS |  
2025-10-17 11:03:08,267 | INFO  | SCMAudit | user=runner | ip=127.0.0.1 | op=SEND_HEARTBEAT {"datanodeUUID":"3a11eef6-a527-493c-8ba3-ae39ecaefa56","term":"2","command":"[]"} | ret=SUCCESS |  
2025-10-17 11:03:08,267 [EventQueue-PipelineActionsForPipelineActionHandler] INFO  pipeline.PipelineActionHandler (PipelineActionHandler.java:processPipelineAction(89)) - Received pipeline action CLOSE for Pipeline-7345f0ea-8df2-4439-b2f1-0dbc4bfeaa43 from datanode 3a11eef6-a527-493c-8ba3-ae39ecaefa56(localhost/127.0.0.1). Reason : Ratis Transaction failure in datanode 3a11eef6-a527-493c-8ba3-ae39ecaefa56 with role LEADER .Triggering pipeline close action.
2025-10-17 11:03:08,267 | INFO  | SCMAudit | user=runner | ip=127.0.0.1 | op=SEND_HEARTBEAT {"datanodeUUID":"b6f92338-e951-49df-a986-ea31ece96e9e","term":"2","command":"[]"} | ret=SUCCESS |  
2025-10-17 11:03:08,270 | INFO  | SCMAudit | user=runner | ip=127.0.0.1 | op=SEND_HEARTBEAT {"datanodeUUID":"ed6e9581-5875-4278-a8db-50829892434b","term":"2","command":"[]"} | ret=SUCCESS |  
2025-10-17 11:03:08,272 | INFO  | SCMAudit | user=runner | ip=127.0.0.1 | op=SEND_HEARTBEAT {"datanodeUUID":"b1eee25a-1fdf-4744-83c7-58e0513fce3b","term":"2","command":"[]"} | ret=SUCCESS |  
2025-10-17 11:03:08,272 [EventQueue-PipelineActionsForPipelineActionHandler] INFO  pipeline.PipelineActionHandler (PipelineActionHandler.java:processPipelineAction(89)) - Received pipeline action CLOSE for Pipeline-94abbb40-729e-490b-8eb4-7468994f70af from datanode b1eee25a-1fdf-4744-83c7-58e0513fce3b(localhost/127.0.0.1). Reason : Ratis Transaction failure in datanode b1eee25a-1fdf-4744-83c7-58e0513fce3b with role FOLLOWER .Triggering pipeline close action.
2025-10-17 11:03:08,274 | INFO  | SCMAudit | user=runner | ip=127.0.0.1 | op=SEND_HEARTBEAT {"datanodeUUID":"718bfa29-2c47-4ab5-ac61-3dfe9c6b9d5c","term":"2","command":"[]"} | ret=SUCCESS |  
2025-10-17 11:03:08,274 [EventQueue-PipelineActionsForPipelineActionHandler] INFO  pipeline.PipelineActionHandler (PipelineActionHandler.java:processPipelineAction(89)) - Received pipeline action CLOSE for Pipeline-94abbb40-729e-490b-8eb4-7468994f70af from datanode 718bfa29-2c47-4ab5-ac61-3dfe9c6b9d5c(localhost/127.0.0.1). Reason : Ratis Transaction failure in datanode 718bfa29-2c47-4ab5-ac61-3dfe9c6b9d5c with role FOLLOWER .Triggering pipeline close action.
2025-10-17 11:03:08,505 [ForkJoinPool-1-worker-1] WARN  scm.XceiverClientGrpc (XceiverClientGrpc.java:sendCommandWithRetry(500)) - Failed to execute command ReadChunk on the pipeline Pipeline{ Id: 4324291b-b287-433b-ae36-5c170ccb5e2d, Nodes: [ {3a11eef6-a527-493c-8ba3-ae39ecaefa56(localhost/127.0.0.1), ReplicaIndex: 0}, {7995ae7b-77ec-4e72-809d-814459f62ee0(localhost/127.0.0.1), ReplicaIndex: 0}, {28c08cd4-c049-4c66-8210-e254cf68b291(localhost/127.0.0.1), ReplicaIndex: 0},], ReplicationConfig: STANDALONE/THREE, State:OPEN, leaderId:28c08cd4-c049-4c66-8210-e254cf68b291, CreationTimestamp2025-10-17T11:01:20.391Z[Etc/UTC]}.
2025-10-17 11:03:08,505 [ForkJoinPool-1-worker-1] WARN  storage.ContainerProtocolCalls (ContainerProtocolCalls.java:tryEachDatanode(169)) - Failed to read chunk 115816896921600519_chunk_1 (len=12) containerID: 19
localID: 115816896921600519
blockCommitSequenceId: 160
 from 3a11eef6-a527-493c-8ba3-ae39ecaefa56(localhost/127.0.0.1); will try another datanode.
org.apache.hadoop.ozone.common.OzoneChecksumException: Checksum mismatched: this.checksums(0) != that.checksums(0), thisStartIndex=0, this=ChecksumData{CRC32, bytesPerChecksum=16384, checksums=[EF D2 EC 2F]}, that=ChecksumData{CRC32, bytesPerChecksum=16384, checksums=[B5 48 85 73]}
	at org.apache.hadoop.ozone.common.ChecksumData.verifyChecksumDataMatches(ChecksumData.java:127)
	at org.apache.hadoop.ozone.common.Checksum.verifyChecksum(Checksum.java:306)
	at org.apache.hadoop.ozone.common.Checksum.verifyChecksum(Checksum.java:282)
	at org.apache.hadoop.ozone.common.Checksum.verifyChecksum(Checksum.java:330)
	at org.apache.hadoop.hdds.scm.storage.ChunkInputStream.validateChunk(ChunkInputStream.java:500)
	at org.apache.hadoop.hdds.scm.XceiverClientGrpc.sendCommandWithRetry(XceiverClientGrpc.java:457)
	at org.apache.hadoop.hdds.scm.XceiverClientGrpc.lambda$sendCommandWithTraceIDAndRetry$1(XceiverClientGrpc.java:383)
	at org.apache.hadoop.hdds.tracing.TracingUtil.executeInSpan(TracingUtil.java:205)
	at org.apache.hadoop.hdds.tracing.TracingUtil.executeInNewSpan(TracingUtil.java:195)
	at org.apache.hadoop.hdds.scm.XceiverClientGrpc.sendCommandWithTraceIDAndRetry(XceiverClientGrpc.java:375)
	at org.apache.hadoop.hdds.scm.XceiverClientGrpc.sendCommand(XceiverClientGrpc.java:356)
	at org.apache.hadoop.hdds.scm.storage.ContainerProtocolCalls.readChunk(ContainerProtocolCalls.java:397)
	at org.apache.hadoop.hdds.scm.storage.ContainerProtocolCalls.lambda$readChunk$2(ContainerProtocolCalls.java:379)
	at org.apache.hadoop.hdds.scm.storage.ContainerProtocolCalls.tryEachDatanode(ContainerProtocolCalls.java:154)
	at org.apache.hadoop.hdds.scm.storage.ContainerProtocolCalls.readChunk(ContainerProtocolCalls.java:378)
	at org.apache.hadoop.hdds.scm.storage.ChunkInputStream.readChunk(ChunkInputStream.java:440)
	at org.apache.hadoop.hdds.scm.storage.ChunkInputStream.readChunkDataIntoBuffers(ChunkInputStream.java:417)
	at org.apache.hadoop.hdds.scm.storage.ChunkInputStream.readChunkFromContainer(ChunkInputStream.java:402)
	at org.apache.hadoop.hdds.scm.storage.ChunkInputStream.prepareRead(ChunkInputStream.java:334)
	at org.apache.hadoop.hdds.scm.storage.ChunkInputStream.read(ChunkInputStream.java:174)
	at org.apache.hadoop.hdds.scm.storage.ByteArrayReader.readFromBlock(ByteArrayReader.java:51)
	at org.apache.hadoop.hdds.scm.storage.BlockInputStream.readWithStrategy(BlockInputStream.java:376)
	at org.apache.hadoop.hdds.scm.storage.ExtendedInputStream.read(ExtendedInputStream.java:55)
	at org.apache.hadoop.hdds.scm.storage.ByteArrayReader.readFromBlock(ByteArrayReader.java:51)
	at org.apache.hadoop.hdds.scm.storage.MultipartInputStream.readWithStrategy(MultipartInputStream.java:96)
	at org.apache.hadoop.hdds.scm.storage.ExtendedInputStream.read(ExtendedInputStream.java:55)
	at org.apache.hadoop.ozone.client.io.OzoneInputStream.read(OzoneInputStream.java:56)
	at org.apache.commons.io.IOUtils.read(IOUtils.java:1955)
	at org.apache.commons.io.IOUtils.read(IOUtils.java:1931)
	at org.apache.commons.io.IOUtils.readFully(IOUtils.java:2075)
	at org.apache.commons.io.IOUtils.readFully(IOUtils.java:2053)
	at org.apache.hadoop.ozone.client.rpc.OzoneRpcClientTests.lambda$testReadKeyWithCorruptedDataWithMutiNodes$55(OzoneRpcClientTests.java:2539)
	at org.junit.jupiter.api.AssertThrows.assertThrows(AssertThrows.java:53)
	at org.junit.jupiter.api.AssertThrows.assertThrows(AssertThrows.java:35)
	at org.junit.jupiter.api.Assertions.assertThrows(Assertions.java:3128)
	at org.apache.hadoop.ozone.client.rpc.OzoneRpcClientTests.testReadKeyWithCorruptedDataWithMutiNodes(OzoneRpcClientTests.java:2536)
	at java.base/jdk.internal.reflect.DirectMethodHandleAccessor.invoke(DirectMethodHandleAccessor.java:103)
	at java.base/java.lang.reflect.Method.invoke(Method.java:580)
	at org.junit.platform.commons.util.ReflectionUtils.invokeMethod(ReflectionUtils.java:786)
	at org.junit.platform.commons.support.ReflectionSupport.invokeMethod(ReflectionSupport.java:514)
	at org.junit.jupiter.engine.execution.MethodInvocation.proceed(MethodInvocation.java:60)
	at org.junit.jupiter.engine.execution.InvocationInterceptorChain$ValidatingInvocation.proceed(InvocationInterceptorChain.java:131)
	at org.junit.jupiter.engine.extension.SameThreadTimeoutInvocation.proceed(SameThreadTimeoutInvocation.java:49)
	at org.junit.jupiter.engine.extension.TimeoutExtension.intercept(TimeoutExtension.java:161)
	at org.junit.jupiter.engine.extension.TimeoutExtension.interceptTestableMethod(TimeoutExtension.java:152)
	at org.junit.jupiter.engine.extension.TimeoutExtension.interceptTestMethod(TimeoutExtension.java:91)
	at org.junit.jupiter.engine.execution.InterceptingExecutableInvoker$ReflectiveInterceptorCall.lambda$ofVoidMethod$0(InterceptingExecutableInvoker.java:112)
	at org.junit.jupiter.engine.execution.InterceptingExecutableInvoker.lambda$invoke$0(InterceptingExecutableInvoker.java:94)
	at org.junit.jupiter.engine.execution.InvocationInterceptorChain$InterceptedInvocation.proceed(InvocationInterceptorChain.java:106)
	at org.junit.jupiter.engine.execution.InvocationInterceptorChain.proceed(InvocationInterceptorChain.java:64)
	at org.junit.jupiter.engine.execution.InvocationInterceptorChain.chainAndInvoke(InvocationInterceptorChain.java:45)
	at org.junit.jupiter.engine.execution.InvocationInterceptorChain.invoke(InvocationInterceptorChain.java:37)
	at org.junit.jupiter.engine.execution.InterceptingExecutableInvoker.invoke(InterceptingExecutableInvoker.java:93)
	at org.junit.jupiter.engine.execution.InterceptingExecutableInvoker.invoke(InterceptingExecutableInvoker.java:87)
	at org.junit.jupiter.engine.descriptor.TestMethodTestDescriptor.lambda$invokeTestMethod$4(TestMethodTestDescriptor.java:221)
	at org.junit.platform.engine.support.hierarchical.ThrowableCollector.execute(ThrowableCollector.java:73)
	at org.junit.jupiter.engine.descriptor.TestMethodTestDescriptor.invokeTestMethod(TestMethodTestDescriptor.java:217)
	at org.junit.jupiter.engine.descriptor.TestMethodTestDescriptor.execute(TestMethodTestDescriptor.java:159)
	at org.junit.jupiter.engine.descriptor.TestMethodTestDescriptor.execute(TestMethodTestDescriptor.java:70)
	at org.junit.platform.engine.support.hierarchical.NodeTestTask.lambda$executeRecursively$6(NodeTestTask.java:157)
	at org.junit.platform.engine.support.hierarchical.ThrowableCollector.execute(ThrowableCollector.java:73)
	at org.junit.platform.engine.support.hierarchical.NodeTestTask.lambda$executeRecursively$8(NodeTestTask.java:147)
	at org.junit.platform.engine.support.hierarchical.Node.around(Node.java:137)
	at org.junit.platform.engine.support.hierarchical.NodeTestTask.lambda$executeRecursively$9(NodeTestTask.java:145)
	at org.junit.platform.engine.support.hierarchical.ThrowableCollector.execute(ThrowableCollector.java:73)
	at org.junit.platform.engine.support.hierarchical.NodeTestTask.executeRecursively(NodeTestTask.java:144)
	at org.junit.platform.engine.support.hierarchical.NodeTestTask.execute(NodeTestTask.java:101)
	at org.junit.platform.engine.support.hierarchical.ForkJoinPoolHierarchicalTestExecutorService$ExclusiveTask.exec(ForkJoinPoolHierarchicalTestExecutorService.java:274)
	at org.junit.platform.engine.support.hierarchical.ForkJoinPoolHierarchicalTestExecutorService$ExclusiveTask.execSync(ForkJoinPoolHierarchicalTestExecutorService.java:247)
	at org.junit.platform.engine.support.hierarchical.ForkJoinPoolHierarchicalTestExecutorService.executeSync(ForkJoinPoolHierarchicalTestExecutorService.java:194)
	at org.junit.platform.engine.support.hierarchical.ForkJoinPoolHierarchicalTestExecutorService.invokeAll(ForkJoinPoolHierarchicalTestExecutorService.java:166)
	at org.junit.platform.engine.support.hierarchical.NodeTestTask.lambda$executeRecursively$6(NodeTestTask.java:161)
	at org.junit.platform.engine.support.hierarchical.ThrowableCollector.execute(ThrowableCollector.java:73)
	at org.junit.platform.engine.support.hierarchical.NodeTestTask.lambda$executeRecursively$8(NodeTestTask.java:147)
	at org.junit.platform.engine.support.hierarchical.Node.around(Node.java:137)
	at org.junit.platform.engine.support.hierarchical.NodeTestTask.lambda$executeRecursively$9(NodeTestTask.java:145)
	at org.junit.platform.engine.support.hierarchical.ThrowableCollector.execute(ThrowableCollector.java:73)
	at org.junit.platform.engine.support.hierarchical.NodeTestTask.executeRecursively(NodeTestTask.java:144)
	at org.junit.platform.engine.support.hierarchical.NodeTestTask.execute(NodeTestTask.java:101)
	at org.junit.platform.engine.support.hierarchical.ForkJoinPoolHierarchicalTestExecutorService$ExclusiveTask.exec(ForkJoinPoolHierarchicalTestExecutorService.java:274)
	at org.junit.platform.engine.support.hierarchical.ForkJoinPoolHierarchicalTestExecutorService$ExclusiveTask.execSync(ForkJoinPoolHierarchicalTestExecutorService.java:247)
	at org.junit.platform.engine.support.hierarchical.ForkJoinPoolHierarchicalTestExecutorService.invokeAll(ForkJoinPoolHierarchicalTestExecutorService.java:159)
	at org.junit.platform.engine.support.hierarchical.NodeTestTask.lambda$executeRecursively$6(NodeTestTask.java:161)
	at org.junit.platform.engine.support.hierarchical.ThrowableCollector.execute(ThrowableCollector.java:73)
	at org.junit.platform.engine.support.hierarchical.NodeTestTask.lambda$executeRecursively$8(NodeTestTask.java:147)
	at org.junit.platform.engine.support.hierarchical.Node.around(Node.java:137)
	at org.junit.platform.engine.support.hierarchical.NodeTestTask.lambda$executeRecursively$9(NodeTestTask.java:145)
	at org.junit.platform.engine.support.hierarchical.ThrowableCollector.execute(ThrowableCollector.java:73)
	at org.junit.platform.engine.support.hierarchical.NodeTestTask.executeRecursively(NodeTestTask.java:144)
	at org.junit.platform.engine.support.hierarchical.NodeTestTask.execute(NodeTestTask.java:101)
	at org.junit.platform.engine.support.hierarchical.ForkJoinPoolHierarchicalTestExecutorService$ExclusiveTask.exec(ForkJoinPoolHierarchicalTestExecutorService.java:274)
	at java.base/java.util.concurrent.ForkJoinTask.doExec(ForkJoinTask.java:387)
	at java.base/java.util.concurrent.ForkJoinPool$WorkQueue.topLevelExec(ForkJoinPool.java:1312)
	at java.base/java.util.concurrent.ForkJoinPool.scan(ForkJoinPool.java:1843)
	at java.base/java.util.concurrent.ForkJoinPool.runWorker(ForkJoinPool.java:1808)
	at java.base/java.util.concurrent.ForkJoinWorkerThread.run(ForkJoinWorkerThread.java:188)
2025-10-17 11:03:08,508 [ForkJoinPool-1-worker-1] WARN  scm.XceiverClientGrpc (XceiverClientGrpc.java:sendCommandWithRetry(500)) - Failed to execute command ReadChunk on the pipeline Pipeline{ Id: 4324291b-b287-433b-ae36-5c170ccb5e2d, Nodes: [ {3a11eef6-a527-493c-8ba3-ae39ecaefa56(localhost/127.0.0.1), ReplicaIndex: 0}, {7995ae7b-77ec-4e72-809d-814459f62ee0(localhost/127.0.0.1), ReplicaIndex: 0}, {28c08cd4-c049-4c66-8210-e254cf68b291(localhost/127.0.0.1), ReplicaIndex: 0},], ReplicationConfig: STANDALONE/THREE, State:OPEN, leaderId:28c08cd4-c049-4c66-8210-e254cf68b291, CreationTimestamp2025-10-17T11:01:20.391Z[Etc/UTC]}.
2025-10-17 11:03:08,508 [ForkJoinPool-1-worker-1] WARN  storage.ContainerProtocolCalls (ContainerProtocolCalls.java:tryEachDatanode(169)) - Failed to read chunk 115816896921600519_chunk_1 (len=12) containerID: 19
localID: 115816896921600519
blockCommitSequenceId: 160
 from 7995ae7b-77ec-4e72-809d-814459f62ee0(localhost/127.0.0.1); will try another datanode.
org.apache.hadoop.ozone.common.OzoneChecksumException: Checksum mismatched: this.checksums(0) != that.checksums(0), thisStartIndex=0, this=ChecksumData{CRC32, bytesPerChecksum=16384, checksums=[EF D2 EC 2F]}, that=ChecksumData{CRC32, bytesPerChecksum=16384, checksums=[B5 48 85 73]}
	at org.apache.hadoop.ozone.common.ChecksumData.verifyChecksumDataMatches(ChecksumData.java:127)
	at org.apache.hadoop.ozone.common.Checksum.verifyChecksum(Checksum.java:306)
	at org.apache.hadoop.ozone.common.Checksum.verifyChecksum(Checksum.java:282)
	at org.apache.hadoop.ozone.common.Checksum.verifyChecksum(Checksum.java:330)
	at org.apache.hadoop.hdds.scm.storage.ChunkInputStream.validateChunk(ChunkInputStream.java:500)
	at org.apache.hadoop.hdds.scm.XceiverClientGrpc.sendCommandWithRetry(XceiverClientGrpc.java:457)
	at org.apache.hadoop.hdds.scm.XceiverClientGrpc.lambda$sendCommandWithTraceIDAndRetry$1(XceiverClientGrpc.java:383)
	at org.apache.hadoop.hdds.tracing.TracingUtil.executeInSpan(TracingUtil.java:205)
	at org.apache.hadoop.hdds.tracing.TracingUtil.executeInNewSpan(TracingUtil.java:195)
	at org.apache.hadoop.hdds.scm.XceiverClientGrpc.sendCommandWithTraceIDAndRetry(XceiverClientGrpc.java:375)
	at org.apache.hadoop.hdds.scm.XceiverClientGrpc.sendCommand(XceiverClientGrpc.java:356)
	at org.apache.hadoop.hdds.scm.storage.ContainerProtocolCalls.readChunk(ContainerProtocolCalls.java:397)
	at org.apache.hadoop.hdds.scm.storage.ContainerProtocolCalls.lambda$readChunk$2(ContainerProtocolCalls.java:379)
	at org.apache.hadoop.hdds.scm.storage.ContainerProtocolCalls.tryEachDatanode(ContainerProtocolCalls.java:154)
	at org.apache.hadoop.hdds.scm.storage.ContainerProtocolCalls.readChunk(ContainerProtocolCalls.java:378)
	at org.apache.hadoop.hdds.scm.storage.ChunkInputStream.readChunk(ChunkInputStream.java:440)
	at org.apache.hadoop.hdds.scm.storage.ChunkInputStream.readChunkDataIntoBuffers(ChunkInputStream.java:417)
	at org.apache.hadoop.hdds.scm.storage.ChunkInputStream.readChunkFromContainer(ChunkInputStream.java:402)
	at org.apache.hadoop.hdds.scm.storage.ChunkInputStream.prepareRead(ChunkInputStream.java:334)
	at org.apache.hadoop.hdds.scm.storage.ChunkInputStream.read(ChunkInputStream.java:174)
	at org.apache.hadoop.hdds.scm.storage.ByteArrayReader.readFromBlock(ByteArrayReader.java:51)
	at org.apache.hadoop.hdds.scm.storage.BlockInputStream.readWithStrategy(BlockInputStream.java:376)
	at org.apache.hadoop.hdds.scm.storage.ExtendedInputStream.read(ExtendedInputStream.java:55)
	at org.apache.hadoop.hdds.scm.storage.ByteArrayReader.readFromBlock(ByteArrayReader.java:51)
	at org.apache.hadoop.hdds.scm.storage.MultipartInputStream.readWithStrategy(MultipartInputStream.java:96)
	at org.apache.hadoop.hdds.scm.storage.ExtendedInputStream.read(ExtendedInputStream.java:55)
	at org.apache.hadoop.ozone.client.io.OzoneInputStream.read(OzoneInputStream.java:56)
	at org.apache.commons.io.IOUtils.read(IOUtils.java:1955)
	at org.apache.commons.io.IOUtils.read(IOUtils.java:1931)
	at org.apache.commons.io.IOUtils.readFully(IOUtils.java:2075)
	at org.apache.commons.io.IOUtils.readFully(IOUtils.java:2053)
	at org.apache.hadoop.ozone.client.rpc.OzoneRpcClientTests.lambda$testReadKeyWithCorruptedDataWithMutiNodes$55(OzoneRpcClientTests.java:2539)
	at org.junit.jupiter.api.AssertThrows.assertThrows(AssertThrows.java:53)
	at org.junit.jupiter.api.AssertThrows.assertThrows(AssertThrows.java:35)
	at org.junit.jupiter.api.Assertions.assertThrows(Assertions.java:3128)
	at org.apache.hadoop.ozone.client.rpc.OzoneRpcClientTests.testReadKeyWithCorruptedDataWithMutiNodes(OzoneRpcClientTests.java:2536)
	at java.base/jdk.internal.reflect.DirectMethodHandleAccessor.invoke(DirectMethodHandleAccessor.java:103)
	at java.base/java.lang.reflect.Method.invoke(Method.java:580)
	at org.junit.platform.commons.util.ReflectionUtils.invokeMethod(ReflectionUtils.java:786)
	at org.junit.platform.commons.support.ReflectionSupport.invokeMethod(ReflectionSupport.java:514)
	at org.junit.jupiter.engine.execution.MethodInvocation.proceed(MethodInvocation.java:60)
	at org.junit.jupiter.engine.execution.InvocationInterceptorChain$ValidatingInvocation.proceed(InvocationInterceptorChain.java:131)
	at org.junit.jupiter.engine.extension.SameThreadTimeoutInvocation.proceed(SameThreadTimeoutInvocation.java:49)
	at org.junit.jupiter.engine.extension.TimeoutExtension.intercept(TimeoutExtension.java:161)
	at org.junit.jupiter.engine.extension.TimeoutExtension.interceptTestableMethod(TimeoutExtension.java:152)
	at org.junit.jupiter.engine.extension.TimeoutExtension.interceptTestMethod(TimeoutExtension.java:91)
	at org.junit.jupiter.engine.execution.InterceptingExecutableInvoker$ReflectiveInterceptorCall.lambda$ofVoidMethod$0(InterceptingExecutableInvoker.java:112)
	at org.junit.jupiter.engine.execution.InterceptingExecutableInvoker.lambda$invoke$0(InterceptingExecutableInvoker.java:94)
	at org.junit.jupiter.engine.execution.InvocationInterceptorChain$InterceptedInvocation.proceed(InvocationInterceptorChain.java:106)
	at org.junit.jupiter.engine.execution.InvocationInterceptorChain.proceed(InvocationInterceptorChain.java:64)
	at org.junit.jupiter.engine.execution.InvocationInterceptorChain.chainAndInvoke(InvocationInterceptorChain.java:45)
	at org.junit.jupiter.engine.execution.InvocationInterceptorChain.invoke(InvocationInterceptorChain.java:37)
	at org.junit.jupiter.engine.execution.InterceptingExecutableInvoker.invoke(InterceptingExecutableInvoker.java:93)
	at org.junit.jupiter.engine.execution.InterceptingExecutableInvoker.invoke(InterceptingExecutableInvoker.java:87)
	at org.junit.jupiter.engine.descriptor.TestMethodTestDescriptor.lambda$invokeTestMethod$4(TestMethodTestDescriptor.java:221)
	at org.junit.platform.engine.support.hierarchical.ThrowableCollector.execute(ThrowableCollector.java:73)
	at org.junit.jupiter.engine.descriptor.TestMethodTestDescriptor.invokeTestMethod(TestMethodTestDescriptor.java:217)
	at org.junit.jupiter.engine.descriptor.TestMethodTestDescriptor.execute(TestMethodTestDescriptor.java:159)
	at org.junit.jupiter.engine.descriptor.TestMethodTestDescriptor.execute(TestMethodTestDescriptor.java:70)
	at org.junit.platform.engine.support.hierarchical.NodeTestTask.lambda$executeRecursively$6(NodeTestTask.java:157)
	at org.junit.platform.engine.support.hierarchical.ThrowableCollector.execute(ThrowableCollector.java:73)
	at org.junit.platform.engine.support.hierarchical.NodeTestTask.lambda$executeRecursively$8(NodeTestTask.java:147)
	at org.junit.platform.engine.support.hierarchical.Node.around(Node.java:137)
	at org.junit.platform.engine.support.hierarchical.NodeTestTask.lambda$executeRecursively$9(NodeTestTask.java:145)
	at org.junit.platform.engine.support.hierarchical.ThrowableCollector.execute(ThrowableCollector.java:73)
	at org.junit.platform.engine.support.hierarchical.NodeTestTask.executeRecursively(NodeTestTask.java:144)
	at org.junit.platform.engine.support.hierarchical.NodeTestTask.execute(NodeTestTask.java:101)
	at org.junit.platform.engine.support.hierarchical.ForkJoinPoolHierarchicalTestExecutorService$ExclusiveTask.exec(ForkJoinPoolHierarchicalTestExecutorService.java:274)
	at org.junit.platform.engine.support.hierarchical.ForkJoinPoolHierarchicalTestExecutorService$ExclusiveTask.execSync(ForkJoinPoolHierarchicalTestExecutorService.java:247)
	at org.junit.platform.engine.support.hierarchical.ForkJoinPoolHierarchicalTestExecutorService.executeSync(ForkJoinPoolHierarchicalTestExecutorService.java:194)
	at org.junit.platform.engine.support.hierarchical.ForkJoinPoolHierarchicalTestExecutorService.invokeAll(ForkJoinPoolHierarchicalTestExecutorService.java:166)
	at org.junit.platform.engine.support.hierarchical.NodeTestTask.lambda$executeRecursively$6(NodeTestTask.java:161)
	at org.junit.platform.engine.support.hierarchical.ThrowableCollector.execute(ThrowableCollector.java:73)
	at org.junit.platform.engine.support.hierarchical.NodeTestTask.lambda$executeRecursively$8(NodeTestTask.java:147)
	at org.junit.platform.engine.support.hierarchical.Node.around(Node.java:137)
	at org.junit.platform.engine.support.hierarchical.NodeTestTask.lambda$executeRecursively$9(NodeTestTask.java:145)
	at org.junit.platform.engine.support.hierarchical.ThrowableCollector.execute(ThrowableCollector.java:73)
	at org.junit.platform.engine.support.hierarchical.NodeTestTask.executeRecursively(NodeTestTask.java:144)
	at org.junit.platform.engine.support.hierarchical.NodeTestTask.execute(NodeTestTask.java:101)
	at org.junit.platform.engine.support.hierarchical.ForkJoinPoolHierarchicalTestExecutorService$ExclusiveTask.exec(ForkJoinPoolHierarchicalTestExecutorService.java:274)
	at org.junit.platform.engine.support.hierarchical.ForkJoinPoolHierarchicalTestExecutorService$ExclusiveTask.execSync(ForkJoinPoolHierarchicalTestExecutorService.java:247)
	at org.junit.platform.engine.support.hierarchical.ForkJoinPoolHierarchicalTestExecutorService.invokeAll(ForkJoinPoolHierarchicalTestExecutorService.java:159)
	at org.junit.platform.engine.support.hierarchical.NodeTestTask.lambda$executeRecursively$6(NodeTestTask.java:161)
	at org.junit.platform.engine.support.hierarchical.ThrowableCollector.execute(ThrowableCollector.java:73)
	at org.junit.platform.engine.support.hierarchical.NodeTestTask.lambda$executeRecursively$8(NodeTestTask.java:147)
	at org.junit.platform.engine.support.hierarchical.Node.around(Node.java:137)
	at org.junit.platform.engine.support.hierarchical.NodeTestTask.lambda$executeRecursively$9(NodeTestTask.java:145)
	at org.junit.platform.engine.support.hierarchical.ThrowableCollector.execute(ThrowableCollector.java:73)
	at org.junit.platform.engine.support.hierarchical.NodeTestTask.executeRecursively(NodeTestTask.java:144)
	at org.junit.platform.engine.support.hierarchical.NodeTestTask.execute(NodeTestTask.java:101)
	at org.junit.platform.engine.support.hierarchical.ForkJoinPoolHierarchicalTestExecutorService$ExclusiveTask.exec(ForkJoinPoolHierarchicalTestExecutorService.java:274)
	at java.base/java.util.concurrent.ForkJoinTask.doExec(ForkJoinTask.java:387)
	at java.base/java.util.concurrent.ForkJoinPool$WorkQueue.topLevelExec(ForkJoinPool.java:1312)
	at java.base/java.util.concurrent.ForkJoinPool.scan(ForkJoinPool.java:1843)
	at java.base/java.util.concurrent.ForkJoinPool.runWorker(ForkJoinPool.java:1808)
	at java.base/java.util.concurrent.ForkJoinWorkerThread.run(ForkJoinWorkerThread.java:188)
2025-10-17 11:03:08,510 [ForkJoinPool-1-worker-1] WARN  scm.XceiverClientGrpc (XceiverClientGrpc.java:sendCommandWithRetry(500)) - Failed to execute command ReadChunk on the pipeline Pipeline{ Id: 4324291b-b287-433b-ae36-5c170ccb5e2d, Nodes: [ {3a11eef6-a527-493c-8ba3-ae39ecaefa56(localhost/127.0.0.1), ReplicaIndex: 0}, {7995ae7b-77ec-4e72-809d-814459f62ee0(localhost/127.0.0.1), ReplicaIndex: 0}, {28c08cd4-c049-4c66-8210-e254cf68b291(localhost/127.0.0.1), ReplicaIndex: 0},], ReplicationConfig: STANDALONE/THREE, State:OPEN, leaderId:28c08cd4-c049-4c66-8210-e254cf68b291, CreationTimestamp2025-10-17T11:01:20.391Z[Etc/UTC]}.
2025-10-17 11:03:09,242 | INFO  | SCMAudit | user=runner | ip=127.0.0.1 | op=SEND_HEARTBEAT {"datanodeUUID":"2b4cc429-f9c1-416c-9a38-6239a2e149ea","term":"2","command":"[]"} | ret=SUCCESS |  
2025-10-17 11:03:09,242 | INFO  | SCMAudit | user=runner | ip=127.0.0.1 | op=SEND_HEARTBEAT {"datanodeUUID":"28c08cd4-c049-4c66-8210-e254cf68b291","term":"2","command":"[]"} | ret=SUCCESS |  
2025-10-17 11:03:09,242 [EventQueue-PipelineActionsForPipelineActionHandler] INFO  pipeline.PipelineActionHandler (PipelineActionHandler.java:processPipelineAction(89)) - Received pipeline action CLOSE for Pipeline-94abbb40-729e-490b-8eb4-7468994f70af from datanode 2b4cc429-f9c1-416c-9a38-6239a2e149ea(localhost/127.0.0.1). Reason : Ratis Transaction failure in datanode 2b4cc429-f9c1-416c-9a38-6239a2e149ea with role LEADER .Triggering pipeline close action.
2025-10-17 11:03:09,242 | INFO  | SCMAudit | user=runner | ip=127.0.0.1 | op=SEND_HEARTBEAT {"datanodeUUID":"50dccd39-549f-4f43-8b1f-597bf98f9c16","term":"2","command":"[]"} | ret=SUCCESS |  
2025-10-17 11:03:09,242 [EventQueue-PipelineActionsForPipelineActionHandler] INFO  pipeline.PipelineActionHandler (PipelineActionHandler.java:processPipelineAction(89)) - Received pipeline action CLOSE for Pipeline-7345f0ea-8df2-4439-b2f1-0dbc4bfeaa43 from datanode 28c08cd4-c049-4c66-8210-e254cf68b291(localhost/127.0.0.1). Reason : Ratis Transaction failure in datanode 28c08cd4-c049-4c66-8210-e254cf68b291 with role FOLLOWER .Triggering pipeline close action.
2025-10-17 11:03:09,244 | INFO  | SCMAudit | user=runner | ip=127.0.0.1 | op=SEND_HEARTBEAT {"datanodeUUID":"7995ae7b-77ec-4e72-809d-814459f62ee0","term":"2","command":"[]"} | ret=SUCCESS |  
2025-10-17 11:03:09,244 [EventQueue-PipelineActionsForPipelineActionHandler] INFO  pipeline.PipelineActionHandler (PipelineActionHandler.java:processPipelineAction(89)) - Received pipeline action CLOSE for Pipeline-7345f0ea-8df2-4439-b2f1-0dbc4bfeaa43 from datanode 7995ae7b-77ec-4e72-809d-814459f62ee0(localhost/127.0.0.1). Reason : Ratis Transaction failure in datanode 7995ae7b-77ec-4e72-809d-814459f62ee0 with role FOLLOWER .Triggering pipeline close action.
2025-10-17 11:03:09,246 | INFO  | SCMAudit | user=runner | ip=127.0.0.1 | op=SEND_HEARTBEAT {"datanodeUUID":"b292b6be-9482-4c30-a3e0-c9f721931b72","term":"2","command":"[]"} | ret=SUCCESS |  
2025-10-17 11:03:09,246 [EventQueue-PipelineActionsForPipelineActionHandler] INFO  pipeline.PipelineActionHandler (PipelineActionHandler.java:processPipelineAction(89)) - Received pipeline action CLOSE for Pipeline-72e95c79-0fe3-4346-a9e3-bd423c7185ab from datanode b292b6be-9482-4c30-a3e0-c9f721931b72(localhost/127.0.0.1). Reason : Ratis Transaction failure in datanode b292b6be-9482-4c30-a3e0-c9f721931b72 with role LEADER .Triggering pipeline close action.
2025-10-17 11:03:09,264 | INFO  | SCMAudit | user=runner | ip=127.0.0.1 | op=SEND_HEARTBEAT {"datanodeUUID":"a5293c95-44e9-4ea9-88ca-89089eac4b59","term":"2","command":"[]"} | ret=SUCCESS |  
2025-10-17 11:03:09,264 | INFO  | SCMAudit | user=runner | ip=127.0.0.1 | op=SEND_HEARTBEAT {"datanodeUUID":"309ab1ff-9f5a-4058-8b2f-94d451ce5267","term":"2","command":"[]"} | ret=SUCCESS |  
2025-10-17 11:03:09,264 [EventQueue-PipelineActionsForPipelineActionHandler] INFO  pipeline.PipelineActionHandler (PipelineActionHandler.java:processPipelineAction(89)) - Received pipeline action CLOSE for Pipeline-72e95c79-0fe3-4346-a9e3-bd423c7185ab from datanode 309ab1ff-9f5a-4058-8b2f-94d451ce5267(localhost/127.0.0.1). Reason : Ratis Transaction failure in datanode 309ab1ff-9f5a-4058-8b2f-94d451ce5267 with role FOLLOWER .Triggering pipeline close action.
2025-10-17 11:03:09,265 | INFO  | SCMAudit | user=runner | ip=127.0.0.1 | op=SEND_HEARTBEAT {"datanodeUUID":"99c47355-c013-4450-a734-aff6d3c99677","term":"2","command":"[]"} | ret=SUCCESS |  
2025-10-17 11:03:09,265 [EventQueue-PipelineActionsForPipelineActionHandler] INFO  pipeline.PipelineActionHandler (PipelineActionHandler.java:processPipelineAction(89)) - Received pipeline action CLOSE for Pipeline-72e95c79-0fe3-4346-a9e3-bd423c7185ab from datanode 99c47355-c013-4450-a734-aff6d3c99677(localhost/127.0.0.1). Reason : Ratis Transaction failure in datanode 99c47355-c013-4450-a734-aff6d3c99677 with role FOLLOWER .Triggering pipeline close action.
2025-10-17 11:03:09,265 | INFO  | SCMAudit | user=runner | ip=127.0.0.1 | op=SEND_HEARTBEAT {"datanodeUUID":"dbd6f242-9b73-4bca-a110-3e2ec656b979","term":"2","command":"[]"} | ret=SUCCESS |  
2025-10-17 11:03:09,267 | INFO  | SCMAudit | user=runner | ip=127.0.0.1 | op=SEND_HEARTBEAT {"datanodeUUID":"3a11eef6-a527-493c-8ba3-ae39ecaefa56","term":"2","command":"[]"} | ret=SUCCESS |  
2025-10-17 11:03:09,267 [EventQueue-PipelineActionsForPipelineActionHandler] INFO  pipeline.PipelineActionHandler (PipelineActionHandler.java:processPipelineAction(89)) - Received pipeline action CLOSE for Pipeline-7345f0ea-8df2-4439-b2f1-0dbc4bfeaa43 from datanode 3a11eef6-a527-493c-8ba3-ae39ecaefa56(localhost/127.0.0.1). Reason : Ratis Transaction failure in datanode 3a11eef6-a527-493c-8ba3-ae39ecaefa56 with role LEADER .Triggering pipeline close action.
2025-10-17 11:03:09,268 | INFO  | SCMAudit | user=runner | ip=127.0.0.1 | op=SEND_HEARTBEAT {"datanodeUUID":"b6f92338-e951-49df-a986-ea31ece96e9e","term":"2","command":"[]"} | ret=SUCCESS |  
2025-10-17 11:03:09,271 | INFO  | SCMAudit | user=runner | ip=127.0.0.1 | op=SEND_HEARTBEAT {"datanodeUUID":"ed6e9581-5875-4278-a8db-50829892434b","term":"2","command":"[]"} | ret=SUCCESS |  
2025-10-17 11:03:09,272 | INFO  | SCMAudit | user=runner | ip=127.0.0.1 | op=SEND_HEARTBEAT {"datanodeUUID":"b1eee25a-1fdf-4744-83c7-58e0513fce3b","term":"2","command":"[]"} | ret=SUCCESS |  
2025-10-17 11:03:09,272 [EventQueue-PipelineActionsForPipelineActionHandler] INFO  pipeline.PipelineActionHandler (PipelineActionHandler.java:processPipelineAction(89)) - Received pipeline action CLOSE for Pipeline-94abbb40-729e-490b-8eb4-7468994f70af from datanode b1eee25a-1fdf-4744-83c7-58e0513fce3b(localhost/127.0.0.1). Reason : Ratis Transaction failure in datanode b1eee25a-1fdf-4744-83c7-58e0513fce3b with role FOLLOWER .Triggering pipeline close action.
2025-10-17 11:03:09,273 | INFO  | SCMAudit | user=runner | ip=127.0.0.1 | op=SEND_HEARTBEAT {"datanodeUUID":"718bfa29-2c47-4ab5-ac61-3dfe9c6b9d5c","term":"2","command":"[]"} | ret=SUCCESS |  
2025-10-17 11:03:09,273 [EventQueue-PipelineActionsForPipelineActionHandler] INFO  pipeline.PipelineActionHandler (PipelineActionHandler.java:processPipelineAction(89)) - Received pipeline action CLOSE for Pipeline-94abbb40-729e-490b-8eb4-7468994f70af from datanode 718bfa29-2c47-4ab5-ac61-3dfe9c6b9d5c(localhost/127.0.0.1). Reason : Ratis Transaction failure in datanode 718bfa29-2c47-4ab5-ac61-3dfe9c6b9d5c with role FOLLOWER .Triggering pipeline close action.
2025-10-17 11:03:09,513 [ForkJoinPool-1-worker-1] WARN  scm.XceiverClientGrpc (XceiverClientGrpc.java:sendCommandWithRetry(500)) - Failed to execute command ReadChunk on the pipeline Pipeline{ Id: 4324291b-b287-433b-ae36-5c170ccb5e2d, Nodes: [ {3a11eef6-a527-493c-8ba3-ae39ecaefa56(localhost/127.0.0.1), ReplicaIndex: 0}, {7995ae7b-77ec-4e72-809d-814459f62ee0(localhost/127.0.0.1), ReplicaIndex: 0}, {28c08cd4-c049-4c66-8210-e254cf68b291(localhost/127.0.0.1), ReplicaIndex: 0},], ReplicationConfig: STANDALONE/THREE, State:OPEN, leaderId:28c08cd4-c049-4c66-8210-e254cf68b291, CreationTimestamp2025-10-17T11:01:20.391Z[Etc/UTC]}.
2025-10-17 11:03:09,513 [ForkJoinPool-1-worker-1] WARN  storage.ContainerProtocolCalls (ContainerProtocolCalls.java:tryEachDatanode(169)) - Failed to read chunk 115816896921600519_chunk_1 (len=12) containerID: 19
localID: 115816896921600519
blockCommitSequenceId: 160
 from 3a11eef6-a527-493c-8ba3-ae39ecaefa56(localhost/127.0.0.1); will try another datanode.
org.apache.hadoop.ozone.common.OzoneChecksumException: Checksum mismatched: this.checksums(0) != that.checksums(0), thisStartIndex=0, this=ChecksumData{CRC32, bytesPerChecksum=16384, checksums=[EF D2 EC 2F]}, that=ChecksumData{CRC32, bytesPerChecksum=16384, checksums=[B5 48 85 73]}
	at org.apache.hadoop.ozone.common.ChecksumData.verifyChecksumDataMatches(ChecksumData.java:127)
	at org.apache.hadoop.ozone.common.Checksum.verifyChecksum(Checksum.java:306)
	at org.apache.hadoop.ozone.common.Checksum.verifyChecksum(Checksum.java:282)
	at org.apache.hadoop.ozone.common.Checksum.verifyChecksum(Checksum.java:330)
	at org.apache.hadoop.hdds.scm.storage.ChunkInputStream.validateChunk(ChunkInputStream.java:500)
	at org.apache.hadoop.hdds.scm.XceiverClientGrpc.sendCommandWithRetry(XceiverClientGrpc.java:457)
	at org.apache.hadoop.hdds.scm.XceiverClientGrpc.lambda$sendCommandWithTraceIDAndRetry$1(XceiverClientGrpc.java:383)
	at org.apache.hadoop.hdds.tracing.TracingUtil.executeInSpan(TracingUtil.java:205)
	at org.apache.hadoop.hdds.tracing.TracingUtil.executeInNewSpan(TracingUtil.java:195)
	at org.apache.hadoop.hdds.scm.XceiverClientGrpc.sendCommandWithTraceIDAndRetry(XceiverClientGrpc.java:375)
	at org.apache.hadoop.hdds.scm.XceiverClientGrpc.sendCommand(XceiverClientGrpc.java:356)
	at org.apache.hadoop.hdds.scm.storage.ContainerProtocolCalls.readChunk(ContainerProtocolCalls.java:397)
	at org.apache.hadoop.hdds.scm.storage.ContainerProtocolCalls.lambda$readChunk$2(ContainerProtocolCalls.java:379)
	at org.apache.hadoop.hdds.scm.storage.ContainerProtocolCalls.tryEachDatanode(ContainerProtocolCalls.java:154)
	at org.apache.hadoop.hdds.scm.storage.ContainerProtocolCalls.readChunk(ContainerProtocolCalls.java:378)
	at org.apache.hadoop.hdds.scm.storage.ChunkInputStream.readChunk(ChunkInputStream.java:440)
	at org.apache.hadoop.hdds.scm.storage.ChunkInputStream.readChunkDataIntoBuffers(ChunkInputStream.java:417)
	at org.apache.hadoop.hdds.scm.storage.ChunkInputStream.readChunkFromContainer(ChunkInputStream.java:402)
	at org.apache.hadoop.hdds.scm.storage.ChunkInputStream.prepareRead(ChunkInputStream.java:334)
	at org.apache.hadoop.hdds.scm.storage.ChunkInputStream.read(ChunkInputStream.java:174)
	at org.apache.hadoop.hdds.scm.storage.ByteArrayReader.readFromBlock(ByteArrayReader.java:51)
	at org.apache.hadoop.hdds.scm.storage.BlockInputStream.readWithStrategy(BlockInputStream.java:376)
	at org.apache.hadoop.hdds.scm.storage.ExtendedInputStream.read(ExtendedInputStream.java:55)
	at org.apache.hadoop.hdds.scm.storage.ByteArrayReader.readFromBlock(ByteArrayReader.java:51)
	at org.apache.hadoop.hdds.scm.storage.MultipartInputStream.readWithStrategy(MultipartInputStream.java:96)
	at org.apache.hadoop.hdds.scm.storage.ExtendedInputStream.read(ExtendedInputStream.java:55)
	at org.apache.hadoop.ozone.client.io.OzoneInputStream.read(OzoneInputStream.java:56)
	at org.apache.commons.io.IOUtils.read(IOUtils.java:1955)
	at org.apache.commons.io.IOUtils.read(IOUtils.java:1931)
	at org.apache.commons.io.IOUtils.readFully(IOUtils.java:2075)
	at org.apache.commons.io.IOUtils.readFully(IOUtils.java:2053)
	at org.apache.hadoop.ozone.client.rpc.OzoneRpcClientTests.lambda$testReadKeyWithCorruptedDataWithMutiNodes$55(OzoneRpcClientTests.java:2539)
	at org.junit.jupiter.api.AssertThrows.assertThrows(AssertThrows.java:53)
	at org.junit.jupiter.api.AssertThrows.assertThrows(AssertThrows.java:35)
	at org.junit.jupiter.api.Assertions.assertThrows(Assertions.java:3128)
	at org.apache.hadoop.ozone.client.rpc.OzoneRpcClientTests.testReadKeyWithCorruptedDataWithMutiNodes(OzoneRpcClientTests.java:2536)
	at java.base/jdk.internal.reflect.DirectMethodHandleAccessor.invoke(DirectMethodHandleAccessor.java:103)
	at java.base/java.lang.reflect.Method.invoke(Method.java:580)
	at org.junit.platform.commons.util.ReflectionUtils.invokeMethod(ReflectionUtils.java:786)
	at org.junit.platform.commons.support.ReflectionSupport.invokeMethod(ReflectionSupport.java:514)
	at org.junit.jupiter.engine.execution.MethodInvocation.proceed(MethodInvocation.java:60)
	at org.junit.jupiter.engine.execution.InvocationInterceptorChain$ValidatingInvocation.proceed(InvocationInterceptorChain.java:131)
	at org.junit.jupiter.engine.extension.SameThreadTimeoutInvocation.proceed(SameThreadTimeoutInvocation.java:49)
	at org.junit.jupiter.engine.extension.TimeoutExtension.intercept(TimeoutExtension.java:161)
	at org.junit.jupiter.engine.extension.TimeoutExtension.interceptTestableMethod(TimeoutExtension.java:152)
	at org.junit.jupiter.engine.extension.TimeoutExtension.interceptTestMethod(TimeoutExtension.java:91)
	at org.junit.jupiter.engine.execution.InterceptingExecutableInvoker$ReflectiveInterceptorCall.lambda$ofVoidMethod$0(InterceptingExecutableInvoker.java:112)
	at org.junit.jupiter.engine.execution.InterceptingExecutableInvoker.lambda$invoke$0(InterceptingExecutableInvoker.java:94)
	at org.junit.jupiter.engine.execution.InvocationInterceptorChain$InterceptedInvocation.proceed(InvocationInterceptorChain.java:106)
	at org.junit.jupiter.engine.execution.InvocationInterceptorChain.proceed(InvocationInterceptorChain.java:64)
	at org.junit.jupiter.engine.execution.InvocationInterceptorChain.chainAndInvoke(InvocationInterceptorChain.java:45)
	at org.junit.jupiter.engine.execution.InvocationInterceptorChain.invoke(InvocationInterceptorChain.java:37)
	at org.junit.jupiter.engine.execution.InterceptingExecutableInvoker.invoke(InterceptingExecutableInvoker.java:93)
	at org.junit.jupiter.engine.execution.InterceptingExecutableInvoker.invoke(InterceptingExecutableInvoker.java:87)
	at org.junit.jupiter.engine.descriptor.TestMethodTestDescriptor.lambda$invokeTestMethod$4(TestMethodTestDescriptor.java:221)
	at org.junit.platform.engine.support.hierarchical.ThrowableCollector.execute(ThrowableCollector.java:73)
	at org.junit.jupiter.engine.descriptor.TestMethodTestDescriptor.invokeTestMethod(TestMethodTestDescriptor.java:217)
	at org.junit.jupiter.engine.descriptor.TestMethodTestDescriptor.execute(TestMethodTestDescriptor.java:159)
	at org.junit.jupiter.engine.descriptor.TestMethodTestDescriptor.execute(TestMethodTestDescriptor.java:70)
	at org.junit.platform.engine.support.hierarchical.NodeTestTask.lambda$executeRecursively$6(NodeTestTask.java:157)
	at org.junit.platform.engine.support.hierarchical.ThrowableCollector.execute(ThrowableCollector.java:73)
	at org.junit.platform.engine.support.hierarchical.NodeTestTask.lambda$executeRecursively$8(NodeTestTask.java:147)
	at org.junit.platform.engine.support.hierarchical.Node.around(Node.java:137)
	at org.junit.platform.engine.support.hierarchical.NodeTestTask.lambda$executeRecursively$9(NodeTestTask.java:145)
	at org.junit.platform.engine.support.hierarchical.ThrowableCollector.execute(ThrowableCollector.java:73)
	at org.junit.platform.engine.support.hierarchical.NodeTestTask.executeRecursively(NodeTestTask.java:144)
	at org.junit.platform.engine.support.hierarchical.NodeTestTask.execute(NodeTestTask.java:101)
	at org.junit.platform.engine.support.hierarchical.ForkJoinPoolHierarchicalTestExecutorService$ExclusiveTask.exec(ForkJoinPoolHierarchicalTestExecutorService.java:274)
	at org.junit.platform.engine.support.hierarchical.ForkJoinPoolHierarchicalTestExecutorService$ExclusiveTask.execSync(ForkJoinPoolHierarchicalTestExecutorService.java:247)
	at org.junit.platform.engine.support.hierarchical.ForkJoinPoolHierarchicalTestExecutorService.executeSync(ForkJoinPoolHierarchicalTestExecutorService.java:194)
	at org.junit.platform.engine.support.hierarchical.ForkJoinPoolHierarchicalTestExecutorService.invokeAll(ForkJoinPoolHierarchicalTestExecutorService.java:166)
	at org.junit.platform.engine.support.hierarchical.NodeTestTask.lambda$executeRecursively$6(NodeTestTask.java:161)
	at org.junit.platform.engine.support.hierarchical.ThrowableCollector.execute(ThrowableCollector.java:73)
	at org.junit.platform.engine.support.hierarchical.NodeTestTask.lambda$executeRecursively$8(NodeTestTask.java:147)
	at org.junit.platform.engine.support.hierarchical.Node.around(Node.java:137)
	at org.junit.platform.engine.support.hierarchical.NodeTestTask.lambda$executeRecursively$9(NodeTestTask.java:145)
	at org.junit.platform.engine.support.hierarchical.ThrowableCollector.execute(ThrowableCollector.java:73)
	at org.junit.platform.engine.support.hierarchical.NodeTestTask.executeRecursively(NodeTestTask.java:144)
	at org.junit.platform.engine.support.hierarchical.NodeTestTask.execute(NodeTestTask.java:101)
	at org.junit.platform.engine.support.hierarchical.ForkJoinPoolHierarchicalTestExecutorService$ExclusiveTask.exec(ForkJoinPoolHierarchicalTestExecutorService.java:274)
	at org.junit.platform.engine.support.hierarchical.ForkJoinPoolHierarchicalTestExecutorService$ExclusiveTask.execSync(ForkJoinPoolHierarchicalTestExecutorService.java:247)
	at org.junit.platform.engine.support.hierarchical.ForkJoinPoolHierarchicalTestExecutorService.invokeAll(ForkJoinPoolHierarchicalTestExecutorService.java:159)
	at org.junit.platform.engine.support.hierarchical.NodeTestTask.lambda$executeRecursively$6(NodeTestTask.java:161)
	at org.junit.platform.engine.support.hierarchical.ThrowableCollector.execute(ThrowableCollector.java:73)
	at org.junit.platform.engine.support.hierarchical.NodeTestTask.lambda$executeRecursively$8(NodeTestTask.java:147)
	at org.junit.platform.engine.support.hierarchical.Node.around(Node.java:137)
	at org.junit.platform.engine.support.hierarchical.NodeTestTask.lambda$executeRecursively$9(NodeTestTask.java:145)
	at org.junit.platform.engine.support.hierarchical.ThrowableCollector.execute(ThrowableCollector.java:73)
	at org.junit.platform.engine.support.hierarchical.NodeTestTask.executeRecursively(NodeTestTask.java:144)
	at org.junit.platform.engine.support.hierarchical.NodeTestTask.execute(NodeTestTask.java:101)
	at org.junit.platform.engine.support.hierarchical.ForkJoinPoolHierarchicalTestExecutorService$ExclusiveTask.exec(ForkJoinPoolHierarchicalTestExecutorService.java:274)
	at java.base/java.util.concurrent.ForkJoinTask.doExec(ForkJoinTask.java:387)
	at java.base/java.util.concurrent.ForkJoinPool$WorkQueue.topLevelExec(ForkJoinPool.java:1312)
	at java.base/java.util.concurrent.ForkJoinPool.scan(ForkJoinPool.java:1843)
	at java.base/java.util.concurrent.ForkJoinPool.runWorker(ForkJoinPool.java:1808)
	at java.base/java.util.concurrent.ForkJoinWorkerThread.run(ForkJoinWorkerThread.java:188)
2025-10-17 11:03:09,516 [ForkJoinPool-1-worker-1] WARN  scm.XceiverClientGrpc (XceiverClientGrpc.java:sendCommandWithRetry(500)) - Failed to execute command ReadChunk on the pipeline Pipeline{ Id: 4324291b-b287-433b-ae36-5c170ccb5e2d, Nodes: [ {3a11eef6-a527-493c-8ba3-ae39ecaefa56(localhost/127.0.0.1), ReplicaIndex: 0}, {7995ae7b-77ec-4e72-809d-814459f62ee0(localhost/127.0.0.1), ReplicaIndex: 0}, {28c08cd4-c049-4c66-8210-e254cf68b291(localhost/127.0.0.1), ReplicaIndex: 0},], ReplicationConfig: STANDALONE/THREE, State:OPEN, leaderId:28c08cd4-c049-4c66-8210-e254cf68b291, CreationTimestamp2025-10-17T11:01:20.391Z[Etc/UTC]}.
2025-10-17 11:03:09,516 [ForkJoinPool-1-worker-1] WARN  storage.ContainerProtocolCalls (ContainerProtocolCalls.java:tryEachDatanode(169)) - Failed to read chunk 115816896921600519_chunk_1 (len=12) containerID: 19
localID: 115816896921600519
blockCommitSequenceId: 160
 from 7995ae7b-77ec-4e72-809d-814459f62ee0(localhost/127.0.0.1); will try another datanode.
org.apache.hadoop.ozone.common.OzoneChecksumException: Checksum mismatched: this.checksums(0) != that.checksums(0), thisStartIndex=0, this=ChecksumData{CRC32, bytesPerChecksum=16384, checksums=[EF D2 EC 2F]}, that=ChecksumData{CRC32, bytesPerChecksum=16384, checksums=[B5 48 85 73]}
	at org.apache.hadoop.ozone.common.ChecksumData.verifyChecksumDataMatches(ChecksumData.java:127)
	at org.apache.hadoop.ozone.common.Checksum.verifyChecksum(Checksum.java:306)
	at org.apache.hadoop.ozone.common.Checksum.verifyChecksum(Checksum.java:282)
	at org.apache.hadoop.ozone.common.Checksum.verifyChecksum(Checksum.java:330)
	at org.apache.hadoop.hdds.scm.storage.ChunkInputStream.validateChunk(ChunkInputStream.java:500)
	at org.apache.hadoop.hdds.scm.XceiverClientGrpc.sendCommandWithRetry(XceiverClientGrpc.java:457)
	at org.apache.hadoop.hdds.scm.XceiverClientGrpc.lambda$sendCommandWithTraceIDAndRetry$1(XceiverClientGrpc.java:383)
	at org.apache.hadoop.hdds.tracing.TracingUtil.executeInSpan(TracingUtil.java:205)
	at org.apache.hadoop.hdds.tracing.TracingUtil.executeInNewSpan(TracingUtil.java:195)
	at org.apache.hadoop.hdds.scm.XceiverClientGrpc.sendCommandWithTraceIDAndRetry(XceiverClientGrpc.java:375)
	at org.apache.hadoop.hdds.scm.XceiverClientGrpc.sendCommand(XceiverClientGrpc.java:356)
	at org.apache.hadoop.hdds.scm.storage.ContainerProtocolCalls.readChunk(ContainerProtocolCalls.java:397)
	at org.apache.hadoop.hdds.scm.storage.ContainerProtocolCalls.lambda$readChunk$2(ContainerProtocolCalls.java:379)
	at org.apache.hadoop.hdds.scm.storage.ContainerProtocolCalls.tryEachDatanode(ContainerProtocolCalls.java:154)
	at org.apache.hadoop.hdds.scm.storage.ContainerProtocolCalls.readChunk(ContainerProtocolCalls.java:378)
	at org.apache.hadoop.hdds.scm.storage.ChunkInputStream.readChunk(ChunkInputStream.java:440)
	at org.apache.hadoop.hdds.scm.storage.ChunkInputStream.readChunkDataIntoBuffers(ChunkInputStream.java:417)
	at org.apache.hadoop.hdds.scm.storage.ChunkInputStream.readChunkFromContainer(ChunkInputStream.java:402)
	at org.apache.hadoop.hdds.scm.storage.ChunkInputStream.prepareRead(ChunkInputStream.java:334)
	at org.apache.hadoop.hdds.scm.storage.ChunkInputStream.read(ChunkInputStream.java:174)
	at org.apache.hadoop.hdds.scm.storage.ByteArrayReader.readFromBlock(ByteArrayReader.java:51)
	at org.apache.hadoop.hdds.scm.storage.BlockInputStream.readWithStrategy(BlockInputStream.java:376)
	at org.apache.hadoop.hdds.scm.storage.ExtendedInputStream.read(ExtendedInputStream.java:55)
	at org.apache.hadoop.hdds.scm.storage.ByteArrayReader.readFromBlock(ByteArrayReader.java:51)
	at org.apache.hadoop.hdds.scm.storage.MultipartInputStream.readWithStrategy(MultipartInputStream.java:96)
	at org.apache.hadoop.hdds.scm.storage.ExtendedInputStream.read(ExtendedInputStream.java:55)
	at org.apache.hadoop.ozone.client.io.OzoneInputStream.read(OzoneInputStream.java:56)
	at org.apache.commons.io.IOUtils.read(IOUtils.java:1955)
	at org.apache.commons.io.IOUtils.read(IOUtils.java:1931)
	at org.apache.commons.io.IOUtils.readFully(IOUtils.java:2075)
	at org.apache.commons.io.IOUtils.readFully(IOUtils.java:2053)
	at org.apache.hadoop.ozone.client.rpc.OzoneRpcClientTests.lambda$testReadKeyWithCorruptedDataWithMutiNodes$55(OzoneRpcClientTests.java:2539)
	at org.junit.jupiter.api.AssertThrows.assertThrows(AssertThrows.java:53)
	at org.junit.jupiter.api.AssertThrows.assertThrows(AssertThrows.java:35)
	at org.junit.jupiter.api.Assertions.assertThrows(Assertions.java:3128)
	at org.apache.hadoop.ozone.client.rpc.OzoneRpcClientTests.testReadKeyWithCorruptedDataWithMutiNodes(OzoneRpcClientTests.java:2536)
	at java.base/jdk.internal.reflect.DirectMethodHandleAccessor.invoke(DirectMethodHandleAccessor.java:103)
	at java.base/java.lang.reflect.Method.invoke(Method.java:580)
	at org.junit.platform.commons.util.ReflectionUtils.invokeMethod(ReflectionUtils.java:786)
	at org.junit.platform.commons.support.ReflectionSupport.invokeMethod(ReflectionSupport.java:514)
	at org.junit.jupiter.engine.execution.MethodInvocation.proceed(MethodInvocation.java:60)
	at org.junit.jupiter.engine.execution.InvocationInterceptorChain$ValidatingInvocation.proceed(InvocationInterceptorChain.java:131)
	at org.junit.jupiter.engine.extension.SameThreadTimeoutInvocation.proceed(SameThreadTimeoutInvocation.java:49)
	at org.junit.jupiter.engine.extension.TimeoutExtension.intercept(TimeoutExtension.java:161)
	at org.junit.jupiter.engine.extension.TimeoutExtension.interceptTestableMethod(TimeoutExtension.java:152)
	at org.junit.jupiter.engine.extension.TimeoutExtension.interceptTestMethod(TimeoutExtension.java:91)
	at org.junit.jupiter.engine.execution.InterceptingExecutableInvoker$ReflectiveInterceptorCall.lambda$ofVoidMethod$0(InterceptingExecutableInvoker.java:112)
	at org.junit.jupiter.engine.execution.InterceptingExecutableInvoker.lambda$invoke$0(InterceptingExecutableInvoker.java:94)
	at org.junit.jupiter.engine.execution.InvocationInterceptorChain$InterceptedInvocation.proceed(InvocationInterceptorChain.java:106)
	at org.junit.jupiter.engine.execution.InvocationInterceptorChain.proceed(InvocationInterceptorChain.java:64)
	at org.junit.jupiter.engine.execution.InvocationInterceptorChain.chainAndInvoke(InvocationInterceptorChain.java:45)
	at org.junit.jupiter.engine.execution.InvocationInterceptorChain.invoke(InvocationInterceptorChain.java:37)
	at org.junit.jupiter.engine.execution.InterceptingExecutableInvoker.invoke(InterceptingExecutableInvoker.java:93)
	at org.junit.jupiter.engine.execution.InterceptingExecutableInvoker.invoke(InterceptingExecutableInvoker.java:87)
	at org.junit.jupiter.engine.descriptor.TestMethodTestDescriptor.lambda$invokeTestMethod$4(TestMethodTestDescriptor.java:221)
	at org.junit.platform.engine.support.hierarchical.ThrowableCollector.execute(ThrowableCollector.java:73)
	at org.junit.jupiter.engine.descriptor.TestMethodTestDescriptor.invokeTestMethod(TestMethodTestDescriptor.java:217)
	at org.junit.jupiter.engine.descriptor.TestMethodTestDescriptor.execute(TestMethodTestDescriptor.java:159)
	at org.junit.jupiter.engine.descriptor.TestMethodTestDescriptor.execute(TestMethodTestDescriptor.java:70)
	at org.junit.platform.engine.support.hierarchical.NodeTestTask.lambda$executeRecursively$6(NodeTestTask.java:157)
	at org.junit.platform.engine.support.hierarchical.ThrowableCollector.execute(ThrowableCollector.java:73)
	at org.junit.platform.engine.support.hierarchical.NodeTestTask.lambda$executeRecursively$8(NodeTestTask.java:147)
	at org.junit.platform.engine.support.hierarchical.Node.around(Node.java:137)
	at org.junit.platform.engine.support.hierarchical.NodeTestTask.lambda$executeRecursively$9(NodeTestTask.java:145)
	at org.junit.platform.engine.support.hierarchical.ThrowableCollector.execute(ThrowableCollector.java:73)
	at org.junit.platform.engine.support.hierarchical.NodeTestTask.executeRecursively(NodeTestTask.java:144)
	at org.junit.platform.engine.support.hierarchical.NodeTestTask.execute(NodeTestTask.java:101)
	at org.junit.platform.engine.support.hierarchical.ForkJoinPoolHierarchicalTestExecutorService$ExclusiveTask.exec(ForkJoinPoolHierarchicalTestExecutorService.java:274)
	at org.junit.platform.engine.support.hierarchical.ForkJoinPoolHierarchicalTestExecutorService$ExclusiveTask.execSync(ForkJoinPoolHierarchicalTestExecutorService.java:247)
	at org.junit.platform.engine.support.hierarchical.ForkJoinPoolHierarchicalTestExecutorService.executeSync(ForkJoinPoolHierarchicalTestExecutorService.java:194)
	at org.junit.platform.engine.support.hierarchical.ForkJoinPoolHierarchicalTestExecutorService.invokeAll(ForkJoinPoolHierarchicalTestExecutorService.java:166)
	at org.junit.platform.engine.support.hierarchical.NodeTestTask.lambda$executeRecursively$6(NodeTestTask.java:161)
	at org.junit.platform.engine.support.hierarchical.ThrowableCollector.execute(ThrowableCollector.java:73)
	at org.junit.platform.engine.support.hierarchical.NodeTestTask.lambda$executeRecursively$8(NodeTestTask.java:147)
	at org.junit.platform.engine.support.hierarchical.Node.around(Node.java:137)
	at org.junit.platform.engine.support.hierarchical.NodeTestTask.lambda$executeRecursively$9(NodeTestTask.java:145)
	at org.junit.platform.engine.support.hierarchical.ThrowableCollector.execute(ThrowableCollector.java:73)
	at org.junit.platform.engine.support.hierarchical.NodeTestTask.executeRecursively(NodeTestTask.java:144)
	at org.junit.platform.engine.support.hierarchical.NodeTestTask.execute(NodeTestTask.java:101)
	at org.junit.platform.engine.support.hierarchical.ForkJoinPoolHierarchicalTestExecutorService$ExclusiveTask.exec(ForkJoinPoolHierarchicalTestExecutorService.java:274)
	at org.junit.platform.engine.support.hierarchical.ForkJoinPoolHierarchicalTestExecutorService$ExclusiveTask.execSync(ForkJoinPoolHierarchicalTestExecutorService.java:247)
	at org.junit.platform.engine.support.hierarchical.ForkJoinPoolHierarchicalTestExecutorService.invokeAll(ForkJoinPoolHierarchicalTestExecutorService.java:159)
	at org.junit.platform.engine.support.hierarchical.NodeTestTask.lambda$executeRecursively$6(NodeTestTask.java:161)
	at org.junit.platform.engine.support.hierarchical.ThrowableCollector.execute(ThrowableCollector.java:73)
	at org.junit.platform.engine.support.hierarchical.NodeTestTask.lambda$executeRecursively$8(NodeTestTask.java:147)
	at org.junit.platform.engine.support.hierarchical.Node.around(Node.java:137)
	at org.junit.platform.engine.support.hierarchical.NodeTestTask.lambda$executeRecursively$9(NodeTestTask.java:145)
	at org.junit.platform.engine.support.hierarchical.ThrowableCollector.execute(ThrowableCollector.java:73)
	at org.junit.platform.engine.support.hierarchical.NodeTestTask.executeRecursively(NodeTestTask.java:144)
	at org.junit.platform.engine.support.hierarchical.NodeTestTask.execute(NodeTestTask.java:101)
	at org.junit.platform.engine.support.hierarchical.ForkJoinPoolHierarchicalTestExecutorService$ExclusiveTask.exec(ForkJoinPoolHierarchicalTestExecutorService.java:274)
	at java.base/java.util.concurrent.ForkJoinTask.doExec(ForkJoinTask.java:387)
	at java.base/java.util.concurrent.ForkJoinPool$WorkQueue.topLevelExec(ForkJoinPool.java:1312)
	at java.base/java.util.concurrent.ForkJoinPool.scan(ForkJoinPool.java:1843)
	at java.base/java.util.concurrent.ForkJoinPool.runWorker(ForkJoinPool.java:1808)
	at java.base/java.util.concurrent.ForkJoinWorkerThread.run(ForkJoinWorkerThread.java:188)
2025-10-17 11:03:09,519 [ForkJoinPool-1-worker-1] WARN  scm.XceiverClientGrpc (XceiverClientGrpc.java:sendCommandWithRetry(500)) - Failed to execute command ReadChunk on the pipeline Pipeline{ Id: 4324291b-b287-433b-ae36-5c170ccb5e2d, Nodes: [ {3a11eef6-a527-493c-8ba3-ae39ecaefa56(localhost/127.0.0.1), ReplicaIndex: 0}, {7995ae7b-77ec-4e72-809d-814459f62ee0(localhost/127.0.0.1), ReplicaIndex: 0}, {28c08cd4-c049-4c66-8210-e254cf68b291(localhost/127.0.0.1), ReplicaIndex: 0},], ReplicationConfig: STANDALONE/THREE, State:OPEN, leaderId:28c08cd4-c049-4c66-8210-e254cf68b291, CreationTimestamp2025-10-17T11:01:20.391Z[Etc/UTC]}.
]]></system-out>
  </testcase>
  <testcase name="testReadKeyWithVerifyChecksumFlagDisable" classname="org.apache.hadoop.ozone.client.rpc.TestSecureOzoneRpcClient" time="0.026">
    <system-out><![CDATA[2025-10-17 11:03:09,520 [ForkJoinPool-1-worker-1] INFO  rpc.RpcClient (RpcClient.java:createVolume(461)) - Creating Volume: d08f6604-8cac-47aa-a012-5041e098ffff, with runner as owner and space quota set to -1 bytes, counts quota set to -1
2025-10-17 11:03:09,522 [om1-OMStateMachineApplyTransactionThread - 0] INFO  volume.OMVolumeCreateRequest (OMVolumeCreateRequest.java:validateAndUpdateCache(213)) - created volume:d08f6604-8cac-47aa-a012-5041e098ffff for user:runner
2025-10-17 11:03:09,522 | INFO  | OMAudit | user=runner | ip=127.0.0.1 | op=CREATE_VOLUME {"admin":"runner","owner":"runner","volume":"d08f6604-8cac-47aa-a012-5041e098ffff","creationTime":"1760698989521","modificationTime":"1760698989521","quotaInBytes":"-1","quotaInNamespace":"-1","usedNamespace":"0","objectID":"-9223372036854305280","updateID":"1838","Transaction":"1838"} | ret=SUCCESS |  
2025-10-17 11:03:09,523 | INFO  | OMAudit | user=runner | ip=127.0.0.1 | op=READ_VOLUME {"volume":"d08f6604-8cac-47aa-a012-5041e098ffff"} | ret=SUCCESS |  
2025-10-17 11:03:09,523 [ForkJoinPool-1-worker-1] INFO  rpc.RpcClient (RpcClient.java:createBucket(686)) - Creating Bucket: d08f6604-8cac-47aa-a012-5041e098ffff/6e8263fa-d5ce-4f5e-8886-401635af49fd, with server-side default bucket layout, runner as owner, Versioning false, Storage Type set to DISK and Encryption set to false, Replication Type set to server-side default replication type, Namespace Quota set to -1, Space Quota set to -1 
2025-10-17 11:03:09,524 [om1-OMStateMachineApplyTransactionThread - 0] INFO  bucket.OMBucketCreateRequest (OMBucketCreateRequest.java:validateAndUpdateCache(303)) - created bucket: 6e8263fa-d5ce-4f5e-8886-401635af49fd of layout FILE_SYSTEM_OPTIMIZED in volume: d08f6604-8cac-47aa-a012-5041e098ffff
2025-10-17 11:03:09,524 | INFO  | OMAudit | user=runner | ip=127.0.0.1 | op=CREATE_BUCKET {"volume":"d08f6604-8cac-47aa-a012-5041e098ffff","bucket":"6e8263fa-d5ce-4f5e-8886-401635af49fd","bucketLayout":"FILE_SYSTEM_OPTIMIZED","gdprEnabled":null,"acls":"[user:runner:a[ACCESS], group:runner:rl[ACCESS]]","isVersionEnabled":"false","storageType":"DISK","creationTime":"1760698989524","bucketEncryptionKey":null,"modificationTime":"1760698989524","usedBytes":"0","usedNamespace":"0","snapshotUsedBytes":"0","snapshotUsedNamespace":"0","owner":"runner","replicationType":null,"replicationConfig":null,"quotaInBytes":"-1","quotaInNamespace":"-1","Transaction":"1839"} | ret=SUCCESS |  
2025-10-17 11:03:09,525 | INFO  | OMAudit | user=runner | ip=127.0.0.1 | op=READ_BUCKET {"volume":"d08f6604-8cac-47aa-a012-5041e098ffff","bucket":"6e8263fa-d5ce-4f5e-8886-401635af49fd"} | ret=SUCCESS |  
2025-10-17 11:03:09,526 | INFO  | OMAudit | user=runner | ip=127.0.0.1 | op=READ_BUCKET {"volume":"d08f6604-8cac-47aa-a012-5041e098ffff","bucket":"6e8263fa-d5ce-4f5e-8886-401635af49fd"} | ret=SUCCESS |  
2025-10-17 11:03:09,527 | INFO  | SCMAudit | user=runner | ip=127.0.0.1 | op=ALLOCATE_BLOCK {"replication":"RATIS/ONE","owner":"omServiceIdDefault","size":"4194304","sampleBlocks":"[conID: 2 locID: 115816896921600520]","num":"1","client":"","allocated":"1"} | ret=SUCCESS |  
2025-10-17 11:03:09,528 | INFO  | OMAudit | user=runner | ip=127.0.0.1 | op=ALLOCATE_KEY {"volume":"d08f6604-8cac-47aa-a012-5041e098ffff","bucket":"6e8263fa-d5ce-4f5e-8886-401635af49fd","key":"e211f47b-d77c-4d0f-867d-97c55c6b5a89","dataSize":"12","replicationType":"RATIS","replicationFactor":"ONE","Transaction":"1840"} | ret=SUCCESS |  
2025-10-17 11:03:09,532 | INFO  | OMAudit | user=runner | ip=127.0.0.1 | op=COMMIT_KEY {"volume":"d08f6604-8cac-47aa-a012-5041e098ffff","bucket":"6e8263fa-d5ce-4f5e-8886-401635af49fd","key":"e211f47b-d77c-4d0f-867d-97c55c6b5a89","dataSize":"12","replicationType":"RATIS","replicationFactor":"ONE","Transaction":"1841"} | ret=SUCCESS |  
2025-10-17 11:03:09,533 | INFO  | OMAudit | user=runner | ip=127.0.0.1 | op=READ_KEY {"volume":"d08f6604-8cac-47aa-a012-5041e098ffff","bucket":"6e8263fa-d5ce-4f5e-8886-401635af49fd","key":"e211f47b-d77c-4d0f-867d-97c55c6b5a89","owner":null,"dataSize":"0","replicationConfig":null} | ret=SUCCESS |  
2025-10-17 11:03:09,534 | INFO  | SCMAudit | user=null | ip=null | op=GET_SCM_INFO {} | ret=SUCCESS |  
2025-10-17 11:03:09,537 | INFO  | OMAudit | user=runner | ip=127.0.0.1 | op=GET_SERVICE_LIST {} | ret=SUCCESS |  
2025-10-17 11:03:09,539 | INFO  | OMAudit | user=runner | ip=127.0.0.1 | op=READ_KEY {"volume":"d08f6604-8cac-47aa-a012-5041e098ffff","bucket":"6e8263fa-d5ce-4f5e-8886-401635af49fd","key":"e211f47b-d77c-4d0f-867d-97c55c6b5a89","owner":null,"dataSize":"0","replicationConfig":null} | ret=SUCCESS |  
2025-10-17 11:03:09,540 | INFO  | OMAudit | user=runner | ip=127.0.0.1 | op=READ_KEY {"volume":"d08f6604-8cac-47aa-a012-5041e098ffff","bucket":"6e8263fa-d5ce-4f5e-8886-401635af49fd","key":"e211f47b-d77c-4d0f-867d-97c55c6b5a89","owner":null,"dataSize":"0","replicationConfig":null} | ret=SUCCESS |  
]]></system-out>
  </testcase>
  <testcase name="testReadKeyWithVerifyChecksumFlagEnable" classname="org.apache.hadoop.ozone.client.rpc.TestSecureOzoneRpcClient" time="2.034">
    <system-out><![CDATA[2025-10-17 11:03:09,547 [ForkJoinPool-1-worker-1] INFO  rpc.RpcClient (RpcClient.java:createVolume(461)) - Creating Volume: 2a255a6a-cce8-425e-9356-96cfb575da2b, with runner as owner and space quota set to -1 bytes, counts quota set to -1
2025-10-17 11:03:09,549 [om1-OMStateMachineApplyTransactionThread - 0] INFO  volume.OMVolumeCreateRequest (OMVolumeCreateRequest.java:validateAndUpdateCache(213)) - created volume:2a255a6a-cce8-425e-9356-96cfb575da2b for user:runner
2025-10-17 11:03:09,549 | INFO  | OMAudit | user=runner | ip=127.0.0.1 | op=CREATE_VOLUME {"admin":"runner","owner":"runner","volume":"2a255a6a-cce8-425e-9356-96cfb575da2b","creationTime":"1760698989548","modificationTime":"1760698989548","quotaInBytes":"-1","quotaInNamespace":"-1","usedNamespace":"0","objectID":"-9223372036854304256","updateID":"1842","Transaction":"1842"} | ret=SUCCESS |  
2025-10-17 11:03:09,550 | INFO  | OMAudit | user=runner | ip=127.0.0.1 | op=READ_VOLUME {"volume":"2a255a6a-cce8-425e-9356-96cfb575da2b"} | ret=SUCCESS |  
2025-10-17 11:03:09,551 [ForkJoinPool-1-worker-1] INFO  rpc.RpcClient (RpcClient.java:createBucket(686)) - Creating Bucket: 2a255a6a-cce8-425e-9356-96cfb575da2b/d6821a50-c16f-4a9c-bf24-e0191c03b561, with server-side default bucket layout, runner as owner, Versioning false, Storage Type set to DISK and Encryption set to false, Replication Type set to server-side default replication type, Namespace Quota set to -1, Space Quota set to -1 
2025-10-17 11:03:09,552 [om1-OMStateMachineApplyTransactionThread - 0] INFO  bucket.OMBucketCreateRequest (OMBucketCreateRequest.java:validateAndUpdateCache(303)) - created bucket: d6821a50-c16f-4a9c-bf24-e0191c03b561 of layout FILE_SYSTEM_OPTIMIZED in volume: 2a255a6a-cce8-425e-9356-96cfb575da2b
2025-10-17 11:03:09,552 | INFO  | OMAudit | user=runner | ip=127.0.0.1 | op=CREATE_BUCKET {"volume":"2a255a6a-cce8-425e-9356-96cfb575da2b","bucket":"d6821a50-c16f-4a9c-bf24-e0191c03b561","bucketLayout":"FILE_SYSTEM_OPTIMIZED","gdprEnabled":null,"acls":"[user:runner:a[ACCESS], group:runner:rl[ACCESS]]","isVersionEnabled":"false","storageType":"DISK","creationTime":"1760698989551","bucketEncryptionKey":null,"modificationTime":"1760698989551","usedBytes":"0","usedNamespace":"0","snapshotUsedBytes":"0","snapshotUsedNamespace":"0","owner":"runner","replicationType":null,"replicationConfig":null,"quotaInBytes":"-1","quotaInNamespace":"-1","Transaction":"1843"} | ret=SUCCESS |  
2025-10-17 11:03:09,553 | INFO  | OMAudit | user=runner | ip=127.0.0.1 | op=READ_BUCKET {"volume":"2a255a6a-cce8-425e-9356-96cfb575da2b","bucket":"d6821a50-c16f-4a9c-bf24-e0191c03b561"} | ret=SUCCESS |  
2025-10-17 11:03:09,554 | INFO  | OMAudit | user=runner | ip=127.0.0.1 | op=READ_BUCKET {"volume":"2a255a6a-cce8-425e-9356-96cfb575da2b","bucket":"d6821a50-c16f-4a9c-bf24-e0191c03b561"} | ret=SUCCESS |  
2025-10-17 11:03:09,555 | INFO  | SCMAudit | user=runner | ip=127.0.0.1 | op=ALLOCATE_BLOCK {"replication":"RATIS/ONE","owner":"omServiceIdDefault","size":"4194304","sampleBlocks":"[conID: 9 locID: 115816896921600521]","num":"1","client":"","allocated":"1"} | ret=SUCCESS |  
2025-10-17 11:03:09,556 | INFO  | OMAudit | user=runner | ip=127.0.0.1 | op=ALLOCATE_KEY {"volume":"2a255a6a-cce8-425e-9356-96cfb575da2b","bucket":"d6821a50-c16f-4a9c-bf24-e0191c03b561","key":"b06c3bc2-1e55-4a38-8b31-c456b6844942","dataSize":"12","replicationType":"RATIS","replicationFactor":"ONE","Transaction":"1844"} | ret=SUCCESS |  
2025-10-17 11:03:09,561 | INFO  | OMAudit | user=runner | ip=127.0.0.1 | op=COMMIT_KEY {"volume":"2a255a6a-cce8-425e-9356-96cfb575da2b","bucket":"d6821a50-c16f-4a9c-bf24-e0191c03b561","key":"b06c3bc2-1e55-4a38-8b31-c456b6844942","dataSize":"12","replicationType":"RATIS","replicationFactor":"ONE","Transaction":"1845"} | ret=SUCCESS |  
2025-10-17 11:03:09,563 | INFO  | OMAudit | user=runner | ip=127.0.0.1 | op=READ_KEY {"volume":"2a255a6a-cce8-425e-9356-96cfb575da2b","bucket":"d6821a50-c16f-4a9c-bf24-e0191c03b561","key":"b06c3bc2-1e55-4a38-8b31-c456b6844942","owner":null,"dataSize":"0","replicationConfig":null} | ret=SUCCESS |  
2025-10-17 11:03:09,563 | INFO  | SCMAudit | user=null | ip=null | op=GET_SCM_INFO {} | ret=SUCCESS |  
2025-10-17 11:03:09,568 | INFO  | OMAudit | user=runner | ip=127.0.0.1 | op=GET_SERVICE_LIST {} | ret=SUCCESS |  
2025-10-17 11:03:09,570 | INFO  | OMAudit | user=runner | ip=127.0.0.1 | op=READ_KEY {"volume":"2a255a6a-cce8-425e-9356-96cfb575da2b","bucket":"d6821a50-c16f-4a9c-bf24-e0191c03b561","key":"b06c3bc2-1e55-4a38-8b31-c456b6844942","owner":null,"dataSize":"0","replicationConfig":null} | ret=SUCCESS |  
2025-10-17 11:03:09,571 | INFO  | OMAudit | user=runner | ip=127.0.0.1 | op=READ_KEY {"volume":"2a255a6a-cce8-425e-9356-96cfb575da2b","bucket":"d6821a50-c16f-4a9c-bf24-e0191c03b561","key":"b06c3bc2-1e55-4a38-8b31-c456b6844942","owner":null,"dataSize":"0","replicationConfig":null} | ret=SUCCESS |  
2025-10-17 11:03:09,576 [ForkJoinPool-1-worker-1] WARN  scm.XceiverClientGrpc (XceiverClientGrpc.java:sendCommandWithRetry(500)) - Failed to execute command ReadChunk on the pipeline Pipeline{ Id: 5f4e9118-c366-43aa-be7d-5a0e63d108f7, Nodes: [ {2b4cc429-f9c1-416c-9a38-6239a2e149ea(localhost/127.0.0.1), ReplicaIndex: 0},], ReplicationConfig: STANDALONE/ONE, State:OPEN, leaderId:2b4cc429-f9c1-416c-9a38-6239a2e149ea, CreationTimestamp2025-10-17T11:01:19.020Z[Etc/UTC]}.
2025-10-17 11:03:10,241 | INFO  | SCMAudit | user=runner | ip=127.0.0.1 | op=SEND_HEARTBEAT {"datanodeUUID":"50dccd39-549f-4f43-8b1f-597bf98f9c16","term":"2","command":"[]"} | ret=SUCCESS |  
2025-10-17 11:03:10,241 | INFO  | SCMAudit | user=runner | ip=127.0.0.1 | op=SEND_HEARTBEAT {"datanodeUUID":"28c08cd4-c049-4c66-8210-e254cf68b291","term":"2","command":"[]"} | ret=SUCCESS |  
2025-10-17 11:03:10,241 [EventQueue-PipelineActionsForPipelineActionHandler] INFO  pipeline.PipelineActionHandler (PipelineActionHandler.java:processPipelineAction(89)) - Received pipeline action CLOSE for Pipeline-7345f0ea-8df2-4439-b2f1-0dbc4bfeaa43 from datanode 28c08cd4-c049-4c66-8210-e254cf68b291(localhost/127.0.0.1). Reason : Ratis Transaction failure in datanode 28c08cd4-c049-4c66-8210-e254cf68b291 with role FOLLOWER .Triggering pipeline close action.
2025-10-17 11:03:10,242 | INFO  | SCMAudit | user=runner | ip=127.0.0.1 | op=SEND_HEARTBEAT {"datanodeUUID":"2b4cc429-f9c1-416c-9a38-6239a2e149ea","term":"2","command":"[]"} | ret=SUCCESS |  
2025-10-17 11:03:10,242 [EventQueue-PipelineActionsForPipelineActionHandler] INFO  pipeline.PipelineActionHandler (PipelineActionHandler.java:processPipelineAction(89)) - Received pipeline action CLOSE for Pipeline-94abbb40-729e-490b-8eb4-7468994f70af from datanode 2b4cc429-f9c1-416c-9a38-6239a2e149ea(localhost/127.0.0.1). Reason : Ratis Transaction failure in datanode 2b4cc429-f9c1-416c-9a38-6239a2e149ea with role LEADER .Triggering pipeline close action.
2025-10-17 11:03:10,244 | INFO  | SCMAudit | user=runner | ip=127.0.0.1 | op=SEND_HEARTBEAT {"datanodeUUID":"7995ae7b-77ec-4e72-809d-814459f62ee0","term":"2","command":"[]"} | ret=SUCCESS |  
2025-10-17 11:03:10,244 [EventQueue-PipelineActionsForPipelineActionHandler] INFO  pipeline.PipelineActionHandler (PipelineActionHandler.java:processPipelineAction(89)) - Received pipeline action CLOSE for Pipeline-7345f0ea-8df2-4439-b2f1-0dbc4bfeaa43 from datanode 7995ae7b-77ec-4e72-809d-814459f62ee0(localhost/127.0.0.1). Reason : Ratis Transaction failure in datanode 7995ae7b-77ec-4e72-809d-814459f62ee0 with role FOLLOWER .Triggering pipeline close action.
2025-10-17 11:03:10,245 | INFO  | SCMAudit | user=runner | ip=127.0.0.1 | op=SEND_HEARTBEAT {"datanodeUUID":"b292b6be-9482-4c30-a3e0-c9f721931b72","term":"2","command":"[]"} | ret=SUCCESS |  
2025-10-17 11:03:10,245 [EventQueue-PipelineActionsForPipelineActionHandler] INFO  pipeline.PipelineActionHandler (PipelineActionHandler.java:processPipelineAction(89)) - Received pipeline action CLOSE for Pipeline-72e95c79-0fe3-4346-a9e3-bd423c7185ab from datanode b292b6be-9482-4c30-a3e0-c9f721931b72(localhost/127.0.0.1). Reason : Ratis Transaction failure in datanode b292b6be-9482-4c30-a3e0-c9f721931b72 with role LEADER .Triggering pipeline close action.
2025-10-17 11:03:10,263 | INFO  | SCMAudit | user=runner | ip=127.0.0.1 | op=SEND_HEARTBEAT {"datanodeUUID":"a5293c95-44e9-4ea9-88ca-89089eac4b59","term":"2","command":"[]"} | ret=SUCCESS |  
2025-10-17 11:03:10,264 | INFO  | SCMAudit | user=runner | ip=127.0.0.1 | op=SEND_HEARTBEAT {"datanodeUUID":"309ab1ff-9f5a-4058-8b2f-94d451ce5267","term":"2","command":"[]"} | ret=SUCCESS |  
2025-10-17 11:03:10,264 [EventQueue-PipelineActionsForPipelineActionHandler] INFO  pipeline.PipelineActionHandler (PipelineActionHandler.java:processPipelineAction(89)) - Received pipeline action CLOSE for Pipeline-72e95c79-0fe3-4346-a9e3-bd423c7185ab from datanode 309ab1ff-9f5a-4058-8b2f-94d451ce5267(localhost/127.0.0.1). Reason : Ratis Transaction failure in datanode 309ab1ff-9f5a-4058-8b2f-94d451ce5267 with role FOLLOWER .Triggering pipeline close action.
2025-10-17 11:03:10,265 | INFO  | SCMAudit | user=runner | ip=127.0.0.1 | op=SEND_HEARTBEAT {"datanodeUUID":"99c47355-c013-4450-a734-aff6d3c99677","term":"2","command":"[]"} | ret=SUCCESS |  
2025-10-17 11:03:10,265 [EventQueue-PipelineActionsForPipelineActionHandler] INFO  pipeline.PipelineActionHandler (PipelineActionHandler.java:processPipelineAction(89)) - Received pipeline action CLOSE for Pipeline-72e95c79-0fe3-4346-a9e3-bd423c7185ab from datanode 99c47355-c013-4450-a734-aff6d3c99677(localhost/127.0.0.1). Reason : Ratis Transaction failure in datanode 99c47355-c013-4450-a734-aff6d3c99677 with role FOLLOWER .Triggering pipeline close action.
2025-10-17 11:03:10,266 | INFO  | SCMAudit | user=runner | ip=127.0.0.1 | op=SEND_HEARTBEAT {"datanodeUUID":"dbd6f242-9b73-4bca-a110-3e2ec656b979","term":"2","command":"[]"} | ret=SUCCESS |  
2025-10-17 11:03:10,267 | INFO  | SCMAudit | user=runner | ip=127.0.0.1 | op=SEND_HEARTBEAT {"datanodeUUID":"3a11eef6-a527-493c-8ba3-ae39ecaefa56","term":"2","command":"[]"} | ret=SUCCESS |  
2025-10-17 11:03:10,267 [EventQueue-PipelineActionsForPipelineActionHandler] INFO  pipeline.PipelineActionHandler (PipelineActionHandler.java:processPipelineAction(89)) - Received pipeline action CLOSE for Pipeline-7345f0ea-8df2-4439-b2f1-0dbc4bfeaa43 from datanode 3a11eef6-a527-493c-8ba3-ae39ecaefa56(localhost/127.0.0.1). Reason : Ratis Transaction failure in datanode 3a11eef6-a527-493c-8ba3-ae39ecaefa56 with role LEADER .Triggering pipeline close action.
2025-10-17 11:03:10,268 | INFO  | SCMAudit | user=runner | ip=127.0.0.1 | op=SEND_HEARTBEAT {"datanodeUUID":"b6f92338-e951-49df-a986-ea31ece96e9e","term":"2","command":"[]"} | ret=SUCCESS |  
2025-10-17 11:03:10,271 | INFO  | SCMAudit | user=runner | ip=127.0.0.1 | op=SEND_HEARTBEAT {"datanodeUUID":"ed6e9581-5875-4278-a8db-50829892434b","term":"2","command":"[]"} | ret=SUCCESS |  
2025-10-17 11:03:10,272 | INFO  | SCMAudit | user=runner | ip=127.0.0.1 | op=SEND_HEARTBEAT {"datanodeUUID":"b1eee25a-1fdf-4744-83c7-58e0513fce3b","term":"2","command":"[]"} | ret=SUCCESS |  
2025-10-17 11:03:10,272 [EventQueue-PipelineActionsForPipelineActionHandler] INFO  pipeline.PipelineActionHandler (PipelineActionHandler.java:processPipelineAction(89)) - Received pipeline action CLOSE for Pipeline-94abbb40-729e-490b-8eb4-7468994f70af from datanode b1eee25a-1fdf-4744-83c7-58e0513fce3b(localhost/127.0.0.1). Reason : Ratis Transaction failure in datanode b1eee25a-1fdf-4744-83c7-58e0513fce3b with role FOLLOWER .Triggering pipeline close action.
2025-10-17 11:03:10,274 | INFO  | SCMAudit | user=runner | ip=127.0.0.1 | op=SEND_HEARTBEAT {"datanodeUUID":"718bfa29-2c47-4ab5-ac61-3dfe9c6b9d5c","term":"2","command":"[]"} | ret=SUCCESS |  
2025-10-17 11:03:10,274 [EventQueue-PipelineActionsForPipelineActionHandler] INFO  pipeline.PipelineActionHandler (PipelineActionHandler.java:processPipelineAction(89)) - Received pipeline action CLOSE for Pipeline-94abbb40-729e-490b-8eb4-7468994f70af from datanode 718bfa29-2c47-4ab5-ac61-3dfe9c6b9d5c(localhost/127.0.0.1). Reason : Ratis Transaction failure in datanode 718bfa29-2c47-4ab5-ac61-3dfe9c6b9d5c with role FOLLOWER .Triggering pipeline close action.
2025-10-17 11:03:10,578 [ForkJoinPool-1-worker-1] WARN  scm.XceiverClientGrpc (XceiverClientGrpc.java:sendCommandWithRetry(500)) - Failed to execute command ReadChunk on the pipeline Pipeline{ Id: 5f4e9118-c366-43aa-be7d-5a0e63d108f7, Nodes: [ {2b4cc429-f9c1-416c-9a38-6239a2e149ea(localhost/127.0.0.1), ReplicaIndex: 0},], ReplicationConfig: STANDALONE/ONE, State:OPEN, leaderId:2b4cc429-f9c1-416c-9a38-6239a2e149ea, CreationTimestamp2025-10-17T11:01:19.020Z[Etc/UTC]}.
2025-10-17 11:03:11,241 | INFO  | SCMAudit | user=runner | ip=127.0.0.1 | op=SEND_HEARTBEAT {"datanodeUUID":"50dccd39-549f-4f43-8b1f-597bf98f9c16","term":"2","command":"[]"} | ret=SUCCESS |  
2025-10-17 11:03:11,241 | INFO  | SCMAudit | user=runner | ip=127.0.0.1 | op=SEND_HEARTBEAT {"datanodeUUID":"28c08cd4-c049-4c66-8210-e254cf68b291","term":"2","command":"[]"} | ret=SUCCESS |  
2025-10-17 11:03:11,241 [EventQueue-PipelineActionsForPipelineActionHandler] INFO  pipeline.PipelineActionHandler (PipelineActionHandler.java:processPipelineAction(89)) - Received pipeline action CLOSE for Pipeline-7345f0ea-8df2-4439-b2f1-0dbc4bfeaa43 from datanode 28c08cd4-c049-4c66-8210-e254cf68b291(localhost/127.0.0.1). Reason : Ratis Transaction failure in datanode 28c08cd4-c049-4c66-8210-e254cf68b291 with role FOLLOWER .Triggering pipeline close action.
2025-10-17 11:03:11,242 | INFO  | SCMAudit | user=runner | ip=127.0.0.1 | op=SEND_HEARTBEAT {"datanodeUUID":"2b4cc429-f9c1-416c-9a38-6239a2e149ea","term":"2","command":"[]"} | ret=SUCCESS |  
2025-10-17 11:03:11,242 [EventQueue-PipelineActionsForPipelineActionHandler] INFO  pipeline.PipelineActionHandler (PipelineActionHandler.java:processPipelineAction(89)) - Received pipeline action CLOSE for Pipeline-94abbb40-729e-490b-8eb4-7468994f70af from datanode 2b4cc429-f9c1-416c-9a38-6239a2e149ea(localhost/127.0.0.1). Reason : Ratis Transaction failure in datanode 2b4cc429-f9c1-416c-9a38-6239a2e149ea with role LEADER .Triggering pipeline close action.
2025-10-17 11:03:11,244 | INFO  | SCMAudit | user=runner | ip=127.0.0.1 | op=SEND_HEARTBEAT {"datanodeUUID":"7995ae7b-77ec-4e72-809d-814459f62ee0","term":"2","command":"[]"} | ret=SUCCESS |  
2025-10-17 11:03:11,244 [EventQueue-PipelineActionsForPipelineActionHandler] INFO  pipeline.PipelineActionHandler (PipelineActionHandler.java:processPipelineAction(89)) - Received pipeline action CLOSE for Pipeline-7345f0ea-8df2-4439-b2f1-0dbc4bfeaa43 from datanode 7995ae7b-77ec-4e72-809d-814459f62ee0(localhost/127.0.0.1). Reason : Ratis Transaction failure in datanode 7995ae7b-77ec-4e72-809d-814459f62ee0 with role FOLLOWER .Triggering pipeline close action.
2025-10-17 11:03:11,246 | INFO  | SCMAudit | user=runner | ip=127.0.0.1 | op=SEND_HEARTBEAT {"datanodeUUID":"b292b6be-9482-4c30-a3e0-c9f721931b72","term":"2","command":"[]"} | ret=SUCCESS |  
2025-10-17 11:03:11,246 [EventQueue-PipelineActionsForPipelineActionHandler] INFO  pipeline.PipelineActionHandler (PipelineActionHandler.java:processPipelineAction(89)) - Received pipeline action CLOSE for Pipeline-72e95c79-0fe3-4346-a9e3-bd423c7185ab from datanode b292b6be-9482-4c30-a3e0-c9f721931b72(localhost/127.0.0.1). Reason : Ratis Transaction failure in datanode b292b6be-9482-4c30-a3e0-c9f721931b72 with role LEADER .Triggering pipeline close action.
2025-10-17 11:03:11,264 | INFO  | SCMAudit | user=runner | ip=127.0.0.1 | op=SEND_HEARTBEAT {"datanodeUUID":"309ab1ff-9f5a-4058-8b2f-94d451ce5267","term":"2","command":"[]"} | ret=SUCCESS |  
2025-10-17 11:03:11,264 [EventQueue-PipelineActionsForPipelineActionHandler] INFO  pipeline.PipelineActionHandler (PipelineActionHandler.java:processPipelineAction(89)) - Received pipeline action CLOSE for Pipeline-72e95c79-0fe3-4346-a9e3-bd423c7185ab from datanode 309ab1ff-9f5a-4058-8b2f-94d451ce5267(localhost/127.0.0.1). Reason : Ratis Transaction failure in datanode 309ab1ff-9f5a-4058-8b2f-94d451ce5267 with role FOLLOWER .Triggering pipeline close action.
2025-10-17 11:03:11,264 | INFO  | SCMAudit | user=runner | ip=127.0.0.1 | op=SEND_HEARTBEAT {"datanodeUUID":"a5293c95-44e9-4ea9-88ca-89089eac4b59","term":"2","command":"[]"} | ret=SUCCESS |  
2025-10-17 11:03:11,265 | INFO  | SCMAudit | user=runner | ip=127.0.0.1 | op=SEND_HEARTBEAT {"datanodeUUID":"99c47355-c013-4450-a734-aff6d3c99677","term":"2","command":"[]"} | ret=SUCCESS |  
2025-10-17 11:03:11,265 [EventQueue-PipelineActionsForPipelineActionHandler] INFO  pipeline.PipelineActionHandler (PipelineActionHandler.java:processPipelineAction(89)) - Received pipeline action CLOSE for Pipeline-72e95c79-0fe3-4346-a9e3-bd423c7185ab from datanode 99c47355-c013-4450-a734-aff6d3c99677(localhost/127.0.0.1). Reason : Ratis Transaction failure in datanode 99c47355-c013-4450-a734-aff6d3c99677 with role FOLLOWER .Triggering pipeline close action.
2025-10-17 11:03:11,266 | INFO  | SCMAudit | user=runner | ip=127.0.0.1 | op=SEND_HEARTBEAT {"datanodeUUID":"dbd6f242-9b73-4bca-a110-3e2ec656b979","term":"2","command":"[]"} | ret=SUCCESS |  
2025-10-17 11:03:11,266 | INFO  | SCMAudit | user=runner | ip=127.0.0.1 | op=SEND_HEARTBEAT {"datanodeUUID":"3a11eef6-a527-493c-8ba3-ae39ecaefa56","term":"2","command":"[]"} | ret=SUCCESS |  
2025-10-17 11:03:11,267 [EventQueue-PipelineActionsForPipelineActionHandler] INFO  pipeline.PipelineActionHandler (PipelineActionHandler.java:processPipelineAction(89)) - Received pipeline action CLOSE for Pipeline-7345f0ea-8df2-4439-b2f1-0dbc4bfeaa43 from datanode 3a11eef6-a527-493c-8ba3-ae39ecaefa56(localhost/127.0.0.1). Reason : Ratis Transaction failure in datanode 3a11eef6-a527-493c-8ba3-ae39ecaefa56 with role LEADER .Triggering pipeline close action.
2025-10-17 11:03:11,268 | INFO  | SCMAudit | user=runner | ip=127.0.0.1 | op=SEND_HEARTBEAT {"datanodeUUID":"b6f92338-e951-49df-a986-ea31ece96e9e","term":"2","command":"[]"} | ret=SUCCESS |  
2025-10-17 11:03:11,271 | INFO  | SCMAudit | user=runner | ip=127.0.0.1 | op=SEND_HEARTBEAT {"datanodeUUID":"ed6e9581-5875-4278-a8db-50829892434b","term":"2","command":"[]"} | ret=SUCCESS |  
2025-10-17 11:03:11,272 | INFO  | SCMAudit | user=runner | ip=127.0.0.1 | op=SEND_HEARTBEAT {"datanodeUUID":"b1eee25a-1fdf-4744-83c7-58e0513fce3b","term":"2","command":"[]"} | ret=SUCCESS |  
2025-10-17 11:03:11,272 [EventQueue-PipelineActionsForPipelineActionHandler] INFO  pipeline.PipelineActionHandler (PipelineActionHandler.java:processPipelineAction(89)) - Received pipeline action CLOSE for Pipeline-94abbb40-729e-490b-8eb4-7468994f70af from datanode b1eee25a-1fdf-4744-83c7-58e0513fce3b(localhost/127.0.0.1). Reason : Ratis Transaction failure in datanode b1eee25a-1fdf-4744-83c7-58e0513fce3b with role FOLLOWER .Triggering pipeline close action.
2025-10-17 11:03:11,274 [EventQueue-PipelineActionsForPipelineActionHandler] INFO  pipeline.PipelineActionHandler (PipelineActionHandler.java:processPipelineAction(89)) - Received pipeline action CLOSE for Pipeline-94abbb40-729e-490b-8eb4-7468994f70af from datanode 718bfa29-2c47-4ab5-ac61-3dfe9c6b9d5c(localhost/127.0.0.1). Reason : Ratis Transaction failure in datanode 718bfa29-2c47-4ab5-ac61-3dfe9c6b9d5c with role FOLLOWER .Triggering pipeline close action.
2025-10-17 11:03:11,274 | INFO  | SCMAudit | user=runner | ip=127.0.0.1 | op=SEND_HEARTBEAT {"datanodeUUID":"718bfa29-2c47-4ab5-ac61-3dfe9c6b9d5c","term":"2","command":"[]"} | ret=SUCCESS |  
2025-10-17 11:03:11,580 [ForkJoinPool-1-worker-1] WARN  scm.XceiverClientGrpc (XceiverClientGrpc.java:sendCommandWithRetry(500)) - Failed to execute command ReadChunk on the pipeline Pipeline{ Id: 5f4e9118-c366-43aa-be7d-5a0e63d108f7, Nodes: [ {2b4cc429-f9c1-416c-9a38-6239a2e149ea(localhost/127.0.0.1), ReplicaIndex: 0},], ReplicationConfig: STANDALONE/ONE, State:OPEN, leaderId:2b4cc429-f9c1-416c-9a38-6239a2e149ea, CreationTimestamp2025-10-17T11:01:19.020Z[Etc/UTC]}.
]]></system-out>
  </testcase>
  <testcase name="testRemoteException" classname="org.apache.hadoop.ozone.client.rpc.TestSecureOzoneRpcClient" time="0.038">
    <system-out><![CDATA[2025-10-17 11:03:11,611 [Socket Reader #7 for port 15006] INFO  ipc.Server (Server.java:authorizeConnection(3032)) - Connection from 127.0.0.1:39974 for protocol org.apache.hadoop.ozone.om.protocol.OzoneManagerProtocol is unauthorized for user user (auth:PROXY) via realUser (auth:SIMPLE)
2025-10-17 11:03:11,618 [ForkJoinPool-1-worker-1] ERROR client.OzoneClientFactory (OzoneClientFactory.java:getClientProtocol(261)) - Couldn't create RpcClient protocol exception: 
org.apache.hadoop.ipc.RemoteException(org.apache.hadoop.security.authorize.AuthorizationException): User: realUser is not allowed to impersonate user
	at org.apache.hadoop.ipc.Client.getRpcResponse(Client.java:1584)
	at org.apache.hadoop.ipc.Client.call(Client.java:1529)
	at org.apache.hadoop.ipc.Client.call(Client.java:1426)
	at org.apache.hadoop.ipc.ProtobufRpcEngine$Invoker.invoke(ProtobufRpcEngine.java:250)
	at org.apache.hadoop.ipc.ProtobufRpcEngine$Invoker.invoke(ProtobufRpcEngine.java:132)
	at jdk.proxy2/jdk.proxy2.$Proxy84.submitRequest(Unknown Source)
	at java.base/jdk.internal.reflect.DirectMethodHandleAccessor.invoke(DirectMethodHandleAccessor.java:103)
	at java.base/java.lang.reflect.Method.invoke(Method.java:580)
	at org.apache.hadoop.io.retry.RetryInvocationHandler.invokeMethod(RetryInvocationHandler.java:437)
	at org.apache.hadoop.io.retry.RetryInvocationHandler$Call.invokeMethod(RetryInvocationHandler.java:170)
	at org.apache.hadoop.io.retry.RetryInvocationHandler$Call.invoke(RetryInvocationHandler.java:162)
	at org.apache.hadoop.io.retry.RetryInvocationHandler$Call.invokeOnce(RetryInvocationHandler.java:100)
	at org.apache.hadoop.io.retry.RetryInvocationHandler.invoke(RetryInvocationHandler.java:366)
	at jdk.proxy2/jdk.proxy2.$Proxy84.submitRequest(Unknown Source)
	at org.apache.hadoop.ozone.om.protocolPB.Hadoop3OmTransport.submitRequest(Hadoop3OmTransport.java:73)
	at org.apache.hadoop.ozone.om.protocolPB.OzoneManagerProtocolClientSideTranslatorPB.submitRequest(OzoneManagerProtocolClientSideTranslatorPB.java:340)
	at org.apache.hadoop.ozone.om.protocolPB.OzoneManagerProtocolClientSideTranslatorPB.getServiceInfo(OzoneManagerProtocolClientSideTranslatorPB.java:1865)
	at org.apache.hadoop.ozone.client.rpc.RpcClient.<init>(RpcClient.java:260)
	at org.apache.hadoop.ozone.client.OzoneClientFactory.getClientProtocol(OzoneClientFactory.java:258)
	at org.apache.hadoop.ozone.client.OzoneClientFactory.getClientProtocol(OzoneClientFactory.java:241)
	at org.apache.hadoop.ozone.client.OzoneClientFactory.getRpcClient(OzoneClientFactory.java:161)
	at org.apache.hadoop.ozone.client.rpc.TestSecureOzoneRpcClient.lambda$testRemoteException$6(TestSecureOzoneRpcClient.java:442)
	at java.base/java.security.AccessController.doPrivileged(AccessController.java:714)
	at java.base/javax.security.auth.Subject.doAs(Subject.java:525)
	at org.apache.hadoop.security.UserGroupInformation.doAs(UserGroupInformation.java:1953)
	at org.apache.hadoop.ozone.client.rpc.TestSecureOzoneRpcClient.lambda$testRemoteException$7(TestSecureOzoneRpcClient.java:441)
	at org.junit.jupiter.api.AssertThrows.assertThrows(AssertThrows.java:53)
	at org.junit.jupiter.api.AssertThrows.assertThrows(AssertThrows.java:35)
	at org.junit.jupiter.api.Assertions.assertThrows(Assertions.java:3128)
	at org.apache.hadoop.ozone.client.rpc.TestSecureOzoneRpcClient.testRemoteException(TestSecureOzoneRpcClient.java:440)
	at java.base/jdk.internal.reflect.DirectMethodHandleAccessor.invoke(DirectMethodHandleAccessor.java:103)
	at java.base/java.lang.reflect.Method.invoke(Method.java:580)
	at org.junit.platform.commons.util.ReflectionUtils.invokeMethod(ReflectionUtils.java:786)
	at org.junit.platform.commons.support.ReflectionSupport.invokeMethod(ReflectionSupport.java:514)
	at org.junit.jupiter.engine.execution.MethodInvocation.proceed(MethodInvocation.java:60)
	at org.junit.jupiter.engine.execution.InvocationInterceptorChain$ValidatingInvocation.proceed(InvocationInterceptorChain.java:131)
	at org.junit.jupiter.engine.extension.SameThreadTimeoutInvocation.proceed(SameThreadTimeoutInvocation.java:49)
	at org.junit.jupiter.engine.extension.TimeoutExtension.intercept(TimeoutExtension.java:161)
	at org.junit.jupiter.engine.extension.TimeoutExtension.interceptTestableMethod(TimeoutExtension.java:152)
	at org.junit.jupiter.engine.extension.TimeoutExtension.interceptTestMethod(TimeoutExtension.java:91)
	at org.junit.jupiter.engine.execution.InterceptingExecutableInvoker$ReflectiveInterceptorCall.lambda$ofVoidMethod$0(InterceptingExecutableInvoker.java:112)
	at org.junit.jupiter.engine.execution.InterceptingExecutableInvoker.lambda$invoke$0(InterceptingExecutableInvoker.java:94)
	at org.junit.jupiter.engine.execution.InvocationInterceptorChain$InterceptedInvocation.proceed(InvocationInterceptorChain.java:106)
	at org.junit.jupiter.engine.execution.InvocationInterceptorChain.proceed(InvocationInterceptorChain.java:64)
	at org.junit.jupiter.engine.execution.InvocationInterceptorChain.chainAndInvoke(InvocationInterceptorChain.java:45)
	at org.junit.jupiter.engine.execution.InvocationInterceptorChain.invoke(InvocationInterceptorChain.java:37)
	at org.junit.jupiter.engine.execution.InterceptingExecutableInvoker.invoke(InterceptingExecutableInvoker.java:93)
	at org.junit.jupiter.engine.execution.InterceptingExecutableInvoker.invoke(InterceptingExecutableInvoker.java:87)
	at org.junit.jupiter.engine.descriptor.TestMethodTestDescriptor.lambda$invokeTestMethod$4(TestMethodTestDescriptor.java:221)
	at org.junit.platform.engine.support.hierarchical.ThrowableCollector.execute(ThrowableCollector.java:73)
	at org.junit.jupiter.engine.descriptor.TestMethodTestDescriptor.invokeTestMethod(TestMethodTestDescriptor.java:217)
	at org.junit.jupiter.engine.descriptor.TestMethodTestDescriptor.execute(TestMethodTestDescriptor.java:159)
	at org.junit.jupiter.engine.descriptor.TestMethodTestDescriptor.execute(TestMethodTestDescriptor.java:70)
	at org.junit.platform.engine.support.hierarchical.NodeTestTask.lambda$executeRecursively$6(NodeTestTask.java:157)
	at org.junit.platform.engine.support.hierarchical.ThrowableCollector.execute(ThrowableCollector.java:73)
	at org.junit.platform.engine.support.hierarchical.NodeTestTask.lambda$executeRecursively$8(NodeTestTask.java:147)
	at org.junit.platform.engine.support.hierarchical.Node.around(Node.java:137)
	at org.junit.platform.engine.support.hierarchical.NodeTestTask.lambda$executeRecursively$9(NodeTestTask.java:145)
	at org.junit.platform.engine.support.hierarchical.ThrowableCollector.execute(ThrowableCollector.java:73)
	at org.junit.platform.engine.support.hierarchical.NodeTestTask.executeRecursively(NodeTestTask.java:144)
	at org.junit.platform.engine.support.hierarchical.NodeTestTask.execute(NodeTestTask.java:101)
	at org.junit.platform.engine.support.hierarchical.ForkJoinPoolHierarchicalTestExecutorService$ExclusiveTask.exec(ForkJoinPoolHierarchicalTestExecutorService.java:274)
	at org.junit.platform.engine.support.hierarchical.ForkJoinPoolHierarchicalTestExecutorService$ExclusiveTask.execSync(ForkJoinPoolHierarchicalTestExecutorService.java:247)
	at org.junit.platform.engine.support.hierarchical.ForkJoinPoolHierarchicalTestExecutorService.executeSync(ForkJoinPoolHierarchicalTestExecutorService.java:194)
	at org.junit.platform.engine.support.hierarchical.ForkJoinPoolHierarchicalTestExecutorService.invokeAll(ForkJoinPoolHierarchicalTestExecutorService.java:166)
	at org.junit.platform.engine.support.hierarchical.NodeTestTask.lambda$executeRecursively$6(NodeTestTask.java:161)
	at org.junit.platform.engine.support.hierarchical.ThrowableCollector.execute(ThrowableCollector.java:73)
	at org.junit.platform.engine.support.hierarchical.NodeTestTask.lambda$executeRecursively$8(NodeTestTask.java:147)
	at org.junit.platform.engine.support.hierarchical.Node.around(Node.java:137)
	at org.junit.platform.engine.support.hierarchical.NodeTestTask.lambda$executeRecursively$9(NodeTestTask.java:145)
	at org.junit.platform.engine.support.hierarchical.ThrowableCollector.execute(ThrowableCollector.java:73)
	at org.junit.platform.engine.support.hierarchical.NodeTestTask.executeRecursively(NodeTestTask.java:144)
	at org.junit.platform.engine.support.hierarchical.NodeTestTask.execute(NodeTestTask.java:101)
	at org.junit.platform.engine.support.hierarchical.ForkJoinPoolHierarchicalTestExecutorService$ExclusiveTask.exec(ForkJoinPoolHierarchicalTestExecutorService.java:274)
	at org.junit.platform.engine.support.hierarchical.ForkJoinPoolHierarchicalTestExecutorService$ExclusiveTask.execSync(ForkJoinPoolHierarchicalTestExecutorService.java:247)
	at org.junit.platform.engine.support.hierarchical.ForkJoinPoolHierarchicalTestExecutorService.invokeAll(ForkJoinPoolHierarchicalTestExecutorService.java:159)
	at org.junit.platform.engine.support.hierarchical.NodeTestTask.lambda$executeRecursively$6(NodeTestTask.java:161)
	at org.junit.platform.engine.support.hierarchical.ThrowableCollector.execute(ThrowableCollector.java:73)
	at org.junit.platform.engine.support.hierarchical.NodeTestTask.lambda$executeRecursively$8(NodeTestTask.java:147)
	at org.junit.platform.engine.support.hierarchical.Node.around(Node.java:137)
	at org.junit.platform.engine.support.hierarchical.NodeTestTask.lambda$executeRecursively$9(NodeTestTask.java:145)
	at org.junit.platform.engine.support.hierarchical.ThrowableCollector.execute(ThrowableCollector.java:73)
	at org.junit.platform.engine.support.hierarchical.NodeTestTask.executeRecursively(NodeTestTask.java:144)
	at org.junit.platform.engine.support.hierarchical.NodeTestTask.execute(NodeTestTask.java:101)
	at org.junit.platform.engine.support.hierarchical.ForkJoinPoolHierarchicalTestExecutorService$ExclusiveTask.exec(ForkJoinPoolHierarchicalTestExecutorService.java:274)
	at java.base/java.util.concurrent.ForkJoinTask.doExec(ForkJoinTask.java:387)
	at java.base/java.util.concurrent.ForkJoinPool$WorkQueue.topLevelExec(ForkJoinPool.java:1312)
	at java.base/java.util.concurrent.ForkJoinPool.scan(ForkJoinPool.java:1843)
	at java.base/java.util.concurrent.ForkJoinPool.runWorker(ForkJoinPool.java:1808)
	at java.base/java.util.concurrent.ForkJoinWorkerThread.run(ForkJoinWorkerThread.java:188)
]]></system-out>
  </testcase>
  <testcase name="testRemoveBucketAcl" classname="org.apache.hadoop.ozone.client.rpc.TestSecureOzoneRpcClient" time="0.009">
    <system-out><![CDATA[2025-10-17 11:03:11,619 [ForkJoinPool-1-worker-1] INFO  rpc.RpcClient (RpcClient.java:createVolume(461)) - Creating Volume: fb9e0d1a-e8d1-4f6d-ab73-0d810978c950, with runner as owner and space quota set to -1 bytes, counts quota set to -1
2025-10-17 11:03:11,621 [om1-OMStateMachineApplyTransactionThread - 0] INFO  volume.OMVolumeCreateRequest (OMVolumeCreateRequest.java:validateAndUpdateCache(213)) - created volume:fb9e0d1a-e8d1-4f6d-ab73-0d810978c950 for user:runner
2025-10-17 11:03:11,621 | INFO  | OMAudit | user=runner | ip=127.0.0.1 | op=CREATE_VOLUME {"admin":"runner","owner":"runner","volume":"fb9e0d1a-e8d1-4f6d-ab73-0d810978c950","creationTime":"1760698991620","modificationTime":"1760698991620","quotaInBytes":"-1","quotaInNamespace":"-1","usedNamespace":"0","objectID":"-9223372036854303232","updateID":"1846","Transaction":"1846"} | ret=SUCCESS |  
2025-10-17 11:03:11,622 | INFO  | OMAudit | user=runner | ip=127.0.0.1 | op=READ_VOLUME {"volume":"fb9e0d1a-e8d1-4f6d-ab73-0d810978c950"} | ret=SUCCESS |  
2025-10-17 11:03:11,623 [ForkJoinPool-1-worker-1] INFO  rpc.RpcClient (RpcClient.java:createBucket(686)) - Creating Bucket: fb9e0d1a-e8d1-4f6d-ab73-0d810978c950/b61e530d-ef15-40a0-b18e-817cded20c7e, with server-side default bucket layout, runner as owner, Versioning false, Storage Type set to DISK and Encryption set to false, Replication Type set to server-side default replication type, Namespace Quota set to -1, Space Quota set to -1 
2025-10-17 11:03:11,624 [om1-OMStateMachineApplyTransactionThread - 0] INFO  bucket.OMBucketCreateRequest (OMBucketCreateRequest.java:validateAndUpdateCache(303)) - created bucket: b61e530d-ef15-40a0-b18e-817cded20c7e of layout FILE_SYSTEM_OPTIMIZED in volume: fb9e0d1a-e8d1-4f6d-ab73-0d810978c950
2025-10-17 11:03:11,624 | INFO  | OMAudit | user=runner | ip=127.0.0.1 | op=CREATE_BUCKET {"volume":"fb9e0d1a-e8d1-4f6d-ab73-0d810978c950","bucket":"b61e530d-ef15-40a0-b18e-817cded20c7e","bucketLayout":"FILE_SYSTEM_OPTIMIZED","gdprEnabled":null,"acls":"[user:runner:a[ACCESS], group:runner:rl[ACCESS], user:test:a[ACCESS]]","isVersionEnabled":"false","storageType":"DISK","creationTime":"1760698991623","bucketEncryptionKey":null,"modificationTime":"1760698991623","usedBytes":"0","usedNamespace":"0","snapshotUsedBytes":"0","snapshotUsedNamespace":"0","owner":"runner","replicationType":null,"replicationConfig":null,"quotaInBytes":"-1","quotaInNamespace":"-1","Transaction":"1847"} | ret=SUCCESS |  
2025-10-17 11:03:11,625 | INFO  | OMAudit | user=runner | ip=127.0.0.1 | op=READ_BUCKET {"volume":"fb9e0d1a-e8d1-4f6d-ab73-0d810978c950","bucket":"b61e530d-ef15-40a0-b18e-817cded20c7e"} | ret=SUCCESS |  
2025-10-17 11:03:11,626 | INFO  | OMAudit | user=runner | ip=127.0.0.1 | op=REMOVE_ACL {"resourceType":"bucket","storageType":"ozone","volume":"fb9e0d1a-e8d1-4f6d-ab73-0d810978c950","bucket":"b61e530d-ef15-40a0-b18e-817cded20c7e","key":null,"acl":"[user:test:a[ACCESS]]","Transaction":"1848"} | ret=SUCCESS |  
2025-10-17 11:03:11,627 | INFO  | OMAudit | user=runner | ip=127.0.0.1 | op=READ_BUCKET {"volume":"fb9e0d1a-e8d1-4f6d-ab73-0d810978c950","bucket":"b61e530d-ef15-40a0-b18e-817cded20c7e"} | ret=SUCCESS |  
2025-10-17 11:03:11,628 | INFO  | OMAudit | user=runner | ip=127.0.0.1 | op=GET_ACL {"resourceType":"bucket","storageType":"ozone","volume":"fb9e0d1a-e8d1-4f6d-ab73-0d810978c950","bucket":"b61e530d-ef15-40a0-b18e-817cded20c7e","key":null} | ret=SUCCESS |  
]]></system-out>
  </testcase>
  <testcase name="testRemoveBucketAclUsingRpcClientRemoveAcl" classname="org.apache.hadoop.ozone.client.rpc.TestSecureOzoneRpcClient" time="0.008">
    <system-out><![CDATA[2025-10-17 11:03:11,629 [ForkJoinPool-1-worker-1] INFO  rpc.RpcClient (RpcClient.java:createVolume(461)) - Creating Volume: 9d1d4259-defa-4e87-9ed3-3a06072193a9, with runner as owner and space quota set to -1 bytes, counts quota set to -1
2025-10-17 11:03:11,630 [om1-OMStateMachineApplyTransactionThread - 0] INFO  volume.OMVolumeCreateRequest (OMVolumeCreateRequest.java:validateAndUpdateCache(213)) - created volume:9d1d4259-defa-4e87-9ed3-3a06072193a9 for user:runner
2025-10-17 11:03:11,630 | INFO  | OMAudit | user=runner | ip=127.0.0.1 | op=CREATE_VOLUME {"admin":"runner","owner":"runner","volume":"9d1d4259-defa-4e87-9ed3-3a06072193a9","creationTime":"1760698991630","modificationTime":"1760698991630","quotaInBytes":"-1","quotaInNamespace":"-1","usedNamespace":"0","objectID":"-9223372036854302464","updateID":"1849","Transaction":"1849"} | ret=SUCCESS |  
2025-10-17 11:03:11,631 | INFO  | OMAudit | user=runner | ip=127.0.0.1 | op=READ_VOLUME {"volume":"9d1d4259-defa-4e87-9ed3-3a06072193a9"} | ret=SUCCESS |  
2025-10-17 11:03:11,631 [ForkJoinPool-1-worker-1] INFO  rpc.RpcClient (RpcClient.java:createBucket(686)) - Creating Bucket: 9d1d4259-defa-4e87-9ed3-3a06072193a9/f9b234a8-55eb-49d5-942f-215e0261c1ca, with server-side default bucket layout, runner as owner, Versioning false, Storage Type set to DISK and Encryption set to false, Replication Type set to server-side default replication type, Namespace Quota set to -1, Space Quota set to -1 
2025-10-17 11:03:11,632 [om1-OMStateMachineApplyTransactionThread - 0] INFO  bucket.OMBucketCreateRequest (OMBucketCreateRequest.java:validateAndUpdateCache(303)) - created bucket: f9b234a8-55eb-49d5-942f-215e0261c1ca of layout FILE_SYSTEM_OPTIMIZED in volume: 9d1d4259-defa-4e87-9ed3-3a06072193a9
2025-10-17 11:03:11,633 | INFO  | OMAudit | user=runner | ip=127.0.0.1 | op=CREATE_BUCKET {"volume":"9d1d4259-defa-4e87-9ed3-3a06072193a9","bucket":"f9b234a8-55eb-49d5-942f-215e0261c1ca","bucketLayout":"FILE_SYSTEM_OPTIMIZED","gdprEnabled":null,"acls":"[user:runner:a[ACCESS], group:runner:rl[ACCESS], user:test:a[ACCESS], user:test1:a[ACCESS]]","isVersionEnabled":"false","storageType":"DISK","creationTime":"1760698991632","bucketEncryptionKey":null,"modificationTime":"1760698991632","usedBytes":"0","usedNamespace":"0","snapshotUsedBytes":"0","snapshotUsedNamespace":"0","owner":"runner","replicationType":null,"replicationConfig":null,"quotaInBytes":"-1","quotaInNamespace":"-1","Transaction":"1850"} | ret=SUCCESS |  
2025-10-17 11:03:11,634 | INFO  | OMAudit | user=runner | ip=127.0.0.1 | op=REMOVE_ACL {"resourceType":"bucket","storageType":"ozone","volume":"9d1d4259-defa-4e87-9ed3-3a06072193a9","bucket":"f9b234a8-55eb-49d5-942f-215e0261c1ca","key":null,"acl":"[user:test1:a[ACCESS]]","Transaction":"1851"} | ret=SUCCESS |  
2025-10-17 11:03:11,635 | INFO  | OMAudit | user=runner | ip=127.0.0.1 | op=GET_ACL {"resourceType":"bucket","storageType":"ozone","volume":"9d1d4259-defa-4e87-9ed3-3a06072193a9","bucket":"f9b234a8-55eb-49d5-942f-215e0261c1ca","key":null} | ret=SUCCESS |  
2025-10-17 11:03:11,636 | INFO  | OMAudit | user=runner | ip=127.0.0.1 | op=REMOVE_ACL {"resourceType":"bucket","storageType":"ozone","volume":"9d1d4259-defa-4e87-9ed3-3a06072193a9","bucket":"f9b234a8-55eb-49d5-942f-215e0261c1ca","key":null,"acl":"[user:test:a[ACCESS]]","Transaction":"1852"} | ret=SUCCESS |  
2025-10-17 11:03:11,637 | INFO  | OMAudit | user=runner | ip=127.0.0.1 | op=GET_ACL {"resourceType":"bucket","storageType":"ozone","volume":"9d1d4259-defa-4e87-9ed3-3a06072193a9","bucket":"f9b234a8-55eb-49d5-942f-215e0261c1ca","key":null} | ret=SUCCESS |  
]]></system-out>
  </testcase>
  <testcase name="testRenameKey" classname="org.apache.hadoop.ozone.client.rpc.TestSecureOzoneRpcClient" time="0.023">
    <system-out><![CDATA[2025-10-17 11:03:11,638 [ForkJoinPool-1-worker-1] INFO  rpc.RpcClient (RpcClient.java:createVolume(461)) - Creating Volume: 99dcdb73-4ec8-4bb4-a80e-ca1ef0e9ad68, with runner as owner and space quota set to -1 bytes, counts quota set to -1
2025-10-17 11:03:11,639 [om1-OMStateMachineApplyTransactionThread - 0] INFO  volume.OMVolumeCreateRequest (OMVolumeCreateRequest.java:validateAndUpdateCache(213)) - created volume:99dcdb73-4ec8-4bb4-a80e-ca1ef0e9ad68 for user:runner
2025-10-17 11:03:11,639 | INFO  | OMAudit | user=runner | ip=127.0.0.1 | op=CREATE_VOLUME {"admin":"runner","owner":"runner","volume":"99dcdb73-4ec8-4bb4-a80e-ca1ef0e9ad68","creationTime":"1760698991638","modificationTime":"1760698991638","quotaInBytes":"-1","quotaInNamespace":"-1","usedNamespace":"0","objectID":"-9223372036854301440","updateID":"1853","Transaction":"1853"} | ret=SUCCESS |  
2025-10-17 11:03:11,640 | INFO  | OMAudit | user=runner | ip=127.0.0.1 | op=READ_VOLUME {"volume":"99dcdb73-4ec8-4bb4-a80e-ca1ef0e9ad68"} | ret=SUCCESS |  
2025-10-17 11:03:11,640 [ForkJoinPool-1-worker-1] INFO  rpc.RpcClient (RpcClient.java:createBucket(686)) - Creating Bucket: 99dcdb73-4ec8-4bb4-a80e-ca1ef0e9ad68/c043b2e5-31b5-4e74-8286-f78d09848e53, with server-side default bucket layout, runner as owner, Versioning false, Storage Type set to DISK and Encryption set to false, Replication Type set to server-side default replication type, Namespace Quota set to -1, Space Quota set to -1 
2025-10-17 11:03:11,641 [om1-OMStateMachineApplyTransactionThread - 0] INFO  bucket.OMBucketCreateRequest (OMBucketCreateRequest.java:validateAndUpdateCache(303)) - created bucket: c043b2e5-31b5-4e74-8286-f78d09848e53 of layout FILE_SYSTEM_OPTIMIZED in volume: 99dcdb73-4ec8-4bb4-a80e-ca1ef0e9ad68
2025-10-17 11:03:11,641 | INFO  | OMAudit | user=runner | ip=127.0.0.1 | op=CREATE_BUCKET {"volume":"99dcdb73-4ec8-4bb4-a80e-ca1ef0e9ad68","bucket":"c043b2e5-31b5-4e74-8286-f78d09848e53","bucketLayout":"FILE_SYSTEM_OPTIMIZED","gdprEnabled":null,"acls":"[user:runner:a[ACCESS], group:runner:rl[ACCESS]]","isVersionEnabled":"false","storageType":"DISK","creationTime":"1760698991641","bucketEncryptionKey":null,"modificationTime":"1760698991641","usedBytes":"0","usedNamespace":"0","snapshotUsedBytes":"0","snapshotUsedNamespace":"0","owner":"runner","replicationType":null,"replicationConfig":null,"quotaInBytes":"-1","quotaInNamespace":"-1","Transaction":"1854"} | ret=SUCCESS |  
2025-10-17 11:03:11,642 | INFO  | OMAudit | user=runner | ip=127.0.0.1 | op=READ_BUCKET {"volume":"99dcdb73-4ec8-4bb4-a80e-ca1ef0e9ad68","bucket":"c043b2e5-31b5-4e74-8286-f78d09848e53"} | ret=SUCCESS |  
2025-10-17 11:03:11,643 | INFO  | OMAudit | user=runner | ip=127.0.0.1 | op=READ_BUCKET {"volume":"99dcdb73-4ec8-4bb4-a80e-ca1ef0e9ad68","bucket":"c043b2e5-31b5-4e74-8286-f78d09848e53"} | ret=SUCCESS |  
2025-10-17 11:03:11,644 | INFO  | SCMAudit | user=runner | ip=127.0.0.1 | op=ALLOCATE_BLOCK {"replication":"RATIS/ONE","owner":"omServiceIdDefault","size":"4194304","sampleBlocks":"[conID: 2 locID: 115816896921600522]","num":"1","client":"","allocated":"1"} | ret=SUCCESS |  
2025-10-17 11:03:11,645 | INFO  | OMAudit | user=runner | ip=127.0.0.1 | op=ALLOCATE_KEY {"volume":"99dcdb73-4ec8-4bb4-a80e-ca1ef0e9ad68","bucket":"c043b2e5-31b5-4e74-8286-f78d09848e53","key":"3848c6f1-d4b9-48e3-a8b1-53a971bf1966","dataSize":"12","replicationType":"RATIS","replicationFactor":"ONE","Transaction":"1855"} | ret=SUCCESS |  
2025-10-17 11:03:11,650 | INFO  | OMAudit | user=runner | ip=127.0.0.1 | op=COMMIT_KEY {"volume":"99dcdb73-4ec8-4bb4-a80e-ca1ef0e9ad68","bucket":"c043b2e5-31b5-4e74-8286-f78d09848e53","key":"3848c6f1-d4b9-48e3-a8b1-53a971bf1966","dataSize":"12","replicationType":"RATIS","replicationFactor":"ONE","Transaction":"1856"} | ret=SUCCESS |  
2025-10-17 11:03:11,651 | INFO  | OMAudit | user=runner | ip=127.0.0.1 | op=READ_KEY {"volume":"99dcdb73-4ec8-4bb4-a80e-ca1ef0e9ad68","bucket":"c043b2e5-31b5-4e74-8286-f78d09848e53","key":"3848c6f1-d4b9-48e3-a8b1-53a971bf1966","owner":null,"dataSize":"0","replicationConfig":null} | ret=SUCCESS |  
2025-10-17 11:03:11,653 | INFO  | OMAudit | user=runner | ip=127.0.0.1 | op=RENAME_KEY {"volume":"99dcdb73-4ec8-4bb4-a80e-ca1ef0e9ad68","bucket":"c043b2e5-31b5-4e74-8286-f78d09848e53","dataSize":"0","srcKey":"3848c6f1-d4b9-48e3-a8b1-53a971bf1966","dstKey":"","Transaction":"1857"} | ret=SUCCESS |  
2025-10-17 11:03:11,654 | INFO  | OMAudit | user=runner | ip=127.0.0.1 | op=READ_KEY {"volume":"99dcdb73-4ec8-4bb4-a80e-ca1ef0e9ad68","bucket":"c043b2e5-31b5-4e74-8286-f78d09848e53","key":"3848c6f1-d4b9-48e3-a8b1-53a971bf1966","owner":null,"dataSize":"0","replicationConfig":null} | ret=SUCCESS |  
2025-10-17 11:03:11,657 | INFO  | OMAudit | user=runner | ip=127.0.0.1 | op=RENAME_KEY {"volume":"99dcdb73-4ec8-4bb4-a80e-ca1ef0e9ad68","bucket":"c043b2e5-31b5-4e74-8286-f78d09848e53","dataSize":"0","srcKey":"3848c6f1-d4b9-48e3-a8b1-53a971bf1966","dstKey":"4c9c4f33-c83b-4b31-9d66-23aa059e734c","Transaction":"1858"} | ret=SUCCESS |  
2025-10-17 11:03:11,658 | ERROR | OMAudit | user=runner | ip=127.0.0.1 | op=READ_KEY {"volume":"99dcdb73-4ec8-4bb4-a80e-ca1ef0e9ad68","bucket":"c043b2e5-31b5-4e74-8286-f78d09848e53","key":"3848c6f1-d4b9-48e3-a8b1-53a971bf1966","owner":null,"dataSize":"0","replicationConfig":null} | ret=FAILURE | 
org.apache.hadoop.ozone.om.exceptions.OMException: Key:3848c6f1-d4b9-48e3-a8b1-53a971bf1966 not found
	at org.apache.hadoop.ozone.om.KeyManagerImpl.readKeyInfo(KeyManagerImpl.java:614)
	at org.apache.hadoop.ozone.om.KeyManagerImpl.lambda$22(KeyManagerImpl.java:2340)
 
2025-10-17 11:03:11,659 | INFO  | OMAudit | user=runner | ip=127.0.0.1 | op=READ_KEY {"volume":"99dcdb73-4ec8-4bb4-a80e-ca1ef0e9ad68","bucket":"c043b2e5-31b5-4e74-8286-f78d09848e53","key":"4c9c4f33-c83b-4b31-9d66-23aa059e734c","owner":null,"dataSize":"0","replicationConfig":null} | ret=SUCCESS |  
]]></system-out>
  </testcase>
  <testcase name="testS3Auth" classname="org.apache.hadoop.ozone.client.rpc.TestSecureOzoneRpcClient" time="0.006">
    <system-out><![CDATA[2025-10-17 11:03:11,661 [ForkJoinPool-1-worker-1] INFO  om.S3SecretManager (S3SecretManager.java:updateCache(103)) - Updating cache for accessId/user: runner.
2025-10-17 11:03:11,663 [om1-OMStateMachineApplyTransactionThread - 0] INFO  volume.OMVolumeCreateRequest (OMVolumeCreateRequest.java:validateAndUpdateCache(213)) - created volume:913d5810-3731-4cc7-8e62-a98ab9be1873 for user:runner
2025-10-17 11:03:11,663 | INFO  | OMAudit | user=runner | ip= | op=CREATE_VOLUME {"admin":"runner","owner":"runner","volume":"913d5810-3731-4cc7-8e62-a98ab9be1873","creationTime":"1760698991662","modificationTime":"1760698991662","quotaInBytes":"0","quotaInNamespace":"-2","usedNamespace":"0","objectID":"-9223372036854299904","updateID":"1859","Transaction":"1859"} | ret=SUCCESS |  
2025-10-17 11:03:11,664 | INFO  | OMAudit | user=null | ip= | op=READ_VOLUME {"volume":"913d5810-3731-4cc7-8e62-a98ab9be1873"} | ret=SUCCESS |  
2025-10-17 11:03:11,665 [ForkJoinPool-1-worker-1] INFO  om.S3SecretManager (S3SecretManager.java:updateCache(103)) - Updating cache for accessId/user: runner.
2025-10-17 11:03:11,665 [ForkJoinPool-1-worker-1] ERROR protocolPB.OzoneManagerProtocolServerSideTranslatorPB (S3SecurityUtil.java:validateS3Credential(70)) - signatures do NOT match for S3 identifier:OzoneToken owner=runner, renewer=, realUser=, issueDate=1970-01-01T00:00:00Z, maxDate=1970-01-01T00:00:00Z, sequenceNumber=0, masterKeyId=0, strToSign=AWS4-HMAC-SHA256
20150830T123600Z
20150830/us-east-1/iam/aws4_request
f536975d06c0309214f805bb90ccff089219ecd68b2577efef23edd43b7e1a59, signature=5d672d79c15b13162d9279b0855cfba6789a8edb4c82c400e06b5924a6f2b5d7, awsAccessKeyId=runner, omServiceId=null, omCertSerialId=null, secretKeyId=null
org.apache.hadoop.security.token.SecretManager$InvalidToken: Invalid S3 identifier:OzoneToken owner=runner, renewer=, realUser=, issueDate=1970-01-01T00:00:00Z, maxDate=1970-01-01T00:00:00Z, sequenceNumber=0, masterKeyId=0, strToSign=AWS4-HMAC-SHA256
20150830T123600Z
20150830/us-east-1/iam/aws4_request
f536975d06c0309214f805bb90ccff089219ecd68b2577efef23edd43b7e1a59, signature=5d672d79c15b13162d9279b0855cfba6789a8edb4c82c400e06b5924a6f2b5d7, awsAccessKeyId=runner, omServiceId=null, omCertSerialId=null, secretKeyId=null
	at org.apache.hadoop.ozone.security.OzoneDelegationTokenSecretManager.validateS3AuthInfo(OzoneDelegationTokenSecretManager.java:502)
	at org.apache.hadoop.ozone.security.OzoneDelegationTokenSecretManager.retrievePassword(OzoneDelegationTokenSecretManager.java:375)
	at org.apache.hadoop.ozone.security.S3SecurityUtil.validateS3Credential(S3SecurityUtil.java:61)
	at org.apache.hadoop.ozone.protocolPB.OzoneManagerProtocolServerSideTranslatorPB.internalProcessRequest(OzoneManagerProtocolServerSideTranslatorPB.java:151)
	at org.apache.hadoop.ozone.protocolPB.OzoneManagerProtocolServerSideTranslatorPB.processRequest(OzoneManagerProtocolServerSideTranslatorPB.java:124)
	at org.apache.hadoop.hdds.server.OzoneProtocolMessageDispatcher.processRequest(OzoneProtocolMessageDispatcher.java:89)
	at org.apache.hadoop.ozone.protocolPB.OzoneManagerProtocolServerSideTranslatorPB.submitRequest(OzoneManagerProtocolServerSideTranslatorPB.java:115)
	at org.apache.hadoop.ozone.client.rpc.TestSecureOzoneRpcClient.testS3Auth(TestSecureOzoneRpcClient.java:426)
	at java.base/jdk.internal.reflect.DirectMethodHandleAccessor.invoke(DirectMethodHandleAccessor.java:103)
	at java.base/java.lang.reflect.Method.invoke(Method.java:580)
	at org.junit.platform.commons.util.ReflectionUtils.invokeMethod(ReflectionUtils.java:786)
	at org.junit.platform.commons.support.ReflectionSupport.invokeMethod(ReflectionSupport.java:514)
	at org.junit.jupiter.engine.execution.MethodInvocation.proceed(MethodInvocation.java:60)
	at org.junit.jupiter.engine.execution.InvocationInterceptorChain$ValidatingInvocation.proceed(InvocationInterceptorChain.java:131)
	at org.junit.jupiter.engine.extension.SameThreadTimeoutInvocation.proceed(SameThreadTimeoutInvocation.java:49)
	at org.junit.jupiter.engine.extension.TimeoutExtension.intercept(TimeoutExtension.java:161)
	at org.junit.jupiter.engine.extension.TimeoutExtension.interceptTestableMethod(TimeoutExtension.java:152)
	at org.junit.jupiter.engine.extension.TimeoutExtension.interceptTestMethod(TimeoutExtension.java:91)
	at org.junit.jupiter.engine.execution.InterceptingExecutableInvoker$ReflectiveInterceptorCall.lambda$ofVoidMethod$0(InterceptingExecutableInvoker.java:112)
	at org.junit.jupiter.engine.execution.InterceptingExecutableInvoker.lambda$invoke$0(InterceptingExecutableInvoker.java:94)
	at org.junit.jupiter.engine.execution.InvocationInterceptorChain$InterceptedInvocation.proceed(InvocationInterceptorChain.java:106)
	at org.junit.jupiter.engine.execution.InvocationInterceptorChain.proceed(InvocationInterceptorChain.java:64)
	at org.junit.jupiter.engine.execution.InvocationInterceptorChain.chainAndInvoke(InvocationInterceptorChain.java:45)
	at org.junit.jupiter.engine.execution.InvocationInterceptorChain.invoke(InvocationInterceptorChain.java:37)
	at org.junit.jupiter.engine.execution.InterceptingExecutableInvoker.invoke(InterceptingExecutableInvoker.java:93)
	at org.junit.jupiter.engine.execution.InterceptingExecutableInvoker.invoke(InterceptingExecutableInvoker.java:87)
	at org.junit.jupiter.engine.descriptor.TestMethodTestDescriptor.lambda$invokeTestMethod$4(TestMethodTestDescriptor.java:221)
	at org.junit.platform.engine.support.hierarchical.ThrowableCollector.execute(ThrowableCollector.java:73)
	at org.junit.jupiter.engine.descriptor.TestMethodTestDescriptor.invokeTestMethod(TestMethodTestDescriptor.java:217)
	at org.junit.jupiter.engine.descriptor.TestMethodTestDescriptor.execute(TestMethodTestDescriptor.java:159)
	at org.junit.jupiter.engine.descriptor.TestMethodTestDescriptor.execute(TestMethodTestDescriptor.java:70)
	at org.junit.platform.engine.support.hierarchical.NodeTestTask.lambda$executeRecursively$6(NodeTestTask.java:157)
	at org.junit.platform.engine.support.hierarchical.ThrowableCollector.execute(ThrowableCollector.java:73)
	at org.junit.platform.engine.support.hierarchical.NodeTestTask.lambda$executeRecursively$8(NodeTestTask.java:147)
	at org.junit.platform.engine.support.hierarchical.Node.around(Node.java:137)
	at org.junit.platform.engine.support.hierarchical.NodeTestTask.lambda$executeRecursively$9(NodeTestTask.java:145)
	at org.junit.platform.engine.support.hierarchical.ThrowableCollector.execute(ThrowableCollector.java:73)
	at org.junit.platform.engine.support.hierarchical.NodeTestTask.executeRecursively(NodeTestTask.java:144)
	at org.junit.platform.engine.support.hierarchical.NodeTestTask.execute(NodeTestTask.java:101)
	at org.junit.platform.engine.support.hierarchical.ForkJoinPoolHierarchicalTestExecutorService$ExclusiveTask.exec(ForkJoinPoolHierarchicalTestExecutorService.java:274)
	at org.junit.platform.engine.support.hierarchical.ForkJoinPoolHierarchicalTestExecutorService$ExclusiveTask.execSync(ForkJoinPoolHierarchicalTestExecutorService.java:247)
	at org.junit.platform.engine.support.hierarchical.ForkJoinPoolHierarchicalTestExecutorService.executeSync(ForkJoinPoolHierarchicalTestExecutorService.java:194)
	at org.junit.platform.engine.support.hierarchical.ForkJoinPoolHierarchicalTestExecutorService.invokeAll(ForkJoinPoolHierarchicalTestExecutorService.java:166)
	at org.junit.platform.engine.support.hierarchical.NodeTestTask.lambda$executeRecursively$6(NodeTestTask.java:161)
	at org.junit.platform.engine.support.hierarchical.ThrowableCollector.execute(ThrowableCollector.java:73)
	at org.junit.platform.engine.support.hierarchical.NodeTestTask.lambda$executeRecursively$8(NodeTestTask.java:147)
	at org.junit.platform.engine.support.hierarchical.Node.around(Node.java:137)
	at org.junit.platform.engine.support.hierarchical.NodeTestTask.lambda$executeRecursively$9(NodeTestTask.java:145)
	at org.junit.platform.engine.support.hierarchical.ThrowableCollector.execute(ThrowableCollector.java:73)
	at org.junit.platform.engine.support.hierarchical.NodeTestTask.executeRecursively(NodeTestTask.java:144)
	at org.junit.platform.engine.support.hierarchical.NodeTestTask.execute(NodeTestTask.java:101)
	at org.junit.platform.engine.support.hierarchical.ForkJoinPoolHierarchicalTestExecutorService$ExclusiveTask.exec(ForkJoinPoolHierarchicalTestExecutorService.java:274)
	at org.junit.platform.engine.support.hierarchical.ForkJoinPoolHierarchicalTestExecutorService$ExclusiveTask.execSync(ForkJoinPoolHierarchicalTestExecutorService.java:247)
	at org.junit.platform.engine.support.hierarchical.ForkJoinPoolHierarchicalTestExecutorService.invokeAll(ForkJoinPoolHierarchicalTestExecutorService.java:159)
	at org.junit.platform.engine.support.hierarchical.NodeTestTask.lambda$executeRecursively$6(NodeTestTask.java:161)
	at org.junit.platform.engine.support.hierarchical.ThrowableCollector.execute(ThrowableCollector.java:73)
	at org.junit.platform.engine.support.hierarchical.NodeTestTask.lambda$executeRecursively$8(NodeTestTask.java:147)
	at org.junit.platform.engine.support.hierarchical.Node.around(Node.java:137)
	at org.junit.platform.engine.support.hierarchical.NodeTestTask.lambda$executeRecursively$9(NodeTestTask.java:145)
	at org.junit.platform.engine.support.hierarchical.ThrowableCollector.execute(ThrowableCollector.java:73)
	at org.junit.platform.engine.support.hierarchical.NodeTestTask.executeRecursively(NodeTestTask.java:144)
	at org.junit.platform.engine.support.hierarchical.NodeTestTask.execute(NodeTestTask.java:101)
	at org.junit.platform.engine.support.hierarchical.ForkJoinPoolHierarchicalTestExecutorService$ExclusiveTask.exec(ForkJoinPoolHierarchicalTestExecutorService.java:274)
	at java.base/java.util.concurrent.ForkJoinTask.doExec(ForkJoinTask.java:387)
	at java.base/java.util.concurrent.ForkJoinPool$WorkQueue.topLevelExec(ForkJoinPool.java:1312)
	at java.base/java.util.concurrent.ForkJoinPool.scan(ForkJoinPool.java:1843)
	at java.base/java.util.concurrent.ForkJoinPool.runWorker(ForkJoinPool.java:1808)
	at java.base/java.util.concurrent.ForkJoinWorkerThread.run(ForkJoinWorkerThread.java:188)
2025-10-17 11:03:11,666 [ForkJoinPool-1-worker-1] ERROR protocolPB.OzoneManagerProtocolServerSideTranslatorPB (S3SecurityUtil.java:validateS3Credential(70)) - signatures do NOT match for S3 identifier:OzoneToken owner=runner, renewer=, realUser=, issueDate=1970-01-01T00:00:00Z, maxDate=1970-01-01T00:00:00Z, sequenceNumber=0, masterKeyId=0, strToSign=AWS4-HMAC-SHA256
20150830T123600Z
20150830/us-east-1/iam/aws4_request
f536975d06c0309214f805bb90ccff089219ecd68b2577efef23edd43b7e1a59, signature=5d672d79c15b13162d9279b0855cfba6789a8edb4c82c400e06b5924a6f2b5d7, awsAccessKeyId=runner, omServiceId=null, omCertSerialId=null, secretKeyId=null
org.apache.hadoop.security.token.SecretManager$InvalidToken: Invalid S3 identifier:OzoneToken owner=runner, renewer=, realUser=, issueDate=1970-01-01T00:00:00Z, maxDate=1970-01-01T00:00:00Z, sequenceNumber=0, masterKeyId=0, strToSign=AWS4-HMAC-SHA256
20150830T123600Z
20150830/us-east-1/iam/aws4_request
f536975d06c0309214f805bb90ccff089219ecd68b2577efef23edd43b7e1a59, signature=5d672d79c15b13162d9279b0855cfba6789a8edb4c82c400e06b5924a6f2b5d7, awsAccessKeyId=runner, omServiceId=null, omCertSerialId=null, secretKeyId=null
	at org.apache.hadoop.ozone.security.OzoneDelegationTokenSecretManager.validateS3AuthInfo(OzoneDelegationTokenSecretManager.java:502)
	at org.apache.hadoop.ozone.security.OzoneDelegationTokenSecretManager.retrievePassword(OzoneDelegationTokenSecretManager.java:375)
	at org.apache.hadoop.ozone.security.S3SecurityUtil.validateS3Credential(S3SecurityUtil.java:61)
	at org.apache.hadoop.ozone.protocolPB.OzoneManagerProtocolServerSideTranslatorPB.internalProcessRequest(OzoneManagerProtocolServerSideTranslatorPB.java:151)
	at org.apache.hadoop.ozone.protocolPB.OzoneManagerProtocolServerSideTranslatorPB.processRequest(OzoneManagerProtocolServerSideTranslatorPB.java:124)
	at org.apache.hadoop.hdds.server.OzoneProtocolMessageDispatcher.processRequest(OzoneProtocolMessageDispatcher.java:89)
	at org.apache.hadoop.ozone.protocolPB.OzoneManagerProtocolServerSideTranslatorPB.submitRequest(OzoneManagerProtocolServerSideTranslatorPB.java:115)
	at org.apache.hadoop.ozone.client.rpc.TestSecureOzoneRpcClient.testS3Auth(TestSecureOzoneRpcClient.java:431)
	at java.base/jdk.internal.reflect.DirectMethodHandleAccessor.invoke(DirectMethodHandleAccessor.java:103)
	at java.base/java.lang.reflect.Method.invoke(Method.java:580)
	at org.junit.platform.commons.util.ReflectionUtils.invokeMethod(ReflectionUtils.java:786)
	at org.junit.platform.commons.support.ReflectionSupport.invokeMethod(ReflectionSupport.java:514)
	at org.junit.jupiter.engine.execution.MethodInvocation.proceed(MethodInvocation.java:60)
	at org.junit.jupiter.engine.execution.InvocationInterceptorChain$ValidatingInvocation.proceed(InvocationInterceptorChain.java:131)
	at org.junit.jupiter.engine.extension.SameThreadTimeoutInvocation.proceed(SameThreadTimeoutInvocation.java:49)
	at org.junit.jupiter.engine.extension.TimeoutExtension.intercept(TimeoutExtension.java:161)
	at org.junit.jupiter.engine.extension.TimeoutExtension.interceptTestableMethod(TimeoutExtension.java:152)
	at org.junit.jupiter.engine.extension.TimeoutExtension.interceptTestMethod(TimeoutExtension.java:91)
	at org.junit.jupiter.engine.execution.InterceptingExecutableInvoker$ReflectiveInterceptorCall.lambda$ofVoidMethod$0(InterceptingExecutableInvoker.java:112)
	at org.junit.jupiter.engine.execution.InterceptingExecutableInvoker.lambda$invoke$0(InterceptingExecutableInvoker.java:94)
	at org.junit.jupiter.engine.execution.InvocationInterceptorChain$InterceptedInvocation.proceed(InvocationInterceptorChain.java:106)
	at org.junit.jupiter.engine.execution.InvocationInterceptorChain.proceed(InvocationInterceptorChain.java:64)
	at org.junit.jupiter.engine.execution.InvocationInterceptorChain.chainAndInvoke(InvocationInterceptorChain.java:45)
	at org.junit.jupiter.engine.execution.InvocationInterceptorChain.invoke(InvocationInterceptorChain.java:37)
	at org.junit.jupiter.engine.execution.InterceptingExecutableInvoker.invoke(InterceptingExecutableInvoker.java:93)
	at org.junit.jupiter.engine.execution.InterceptingExecutableInvoker.invoke(InterceptingExecutableInvoker.java:87)
	at org.junit.jupiter.engine.descriptor.TestMethodTestDescriptor.lambda$invokeTestMethod$4(TestMethodTestDescriptor.java:221)
	at org.junit.platform.engine.support.hierarchical.ThrowableCollector.execute(ThrowableCollector.java:73)
	at org.junit.jupiter.engine.descriptor.TestMethodTestDescriptor.invokeTestMethod(TestMethodTestDescriptor.java:217)
	at org.junit.jupiter.engine.descriptor.TestMethodTestDescriptor.execute(TestMethodTestDescriptor.java:159)
	at org.junit.jupiter.engine.descriptor.TestMethodTestDescriptor.execute(TestMethodTestDescriptor.java:70)
	at org.junit.platform.engine.support.hierarchical.NodeTestTask.lambda$executeRecursively$6(NodeTestTask.java:157)
	at org.junit.platform.engine.support.hierarchical.ThrowableCollector.execute(ThrowableCollector.java:73)
	at org.junit.platform.engine.support.hierarchical.NodeTestTask.lambda$executeRecursively$8(NodeTestTask.java:147)
	at org.junit.platform.engine.support.hierarchical.Node.around(Node.java:137)
	at org.junit.platform.engine.support.hierarchical.NodeTestTask.lambda$executeRecursively$9(NodeTestTask.java:145)
	at org.junit.platform.engine.support.hierarchical.ThrowableCollector.execute(ThrowableCollector.java:73)
	at org.junit.platform.engine.support.hierarchical.NodeTestTask.executeRecursively(NodeTestTask.java:144)
	at org.junit.platform.engine.support.hierarchical.NodeTestTask.execute(NodeTestTask.java:101)
	at org.junit.platform.engine.support.hierarchical.ForkJoinPoolHierarchicalTestExecutorService$ExclusiveTask.exec(ForkJoinPoolHierarchicalTestExecutorService.java:274)
	at org.junit.platform.engine.support.hierarchical.ForkJoinPoolHierarchicalTestExecutorService$ExclusiveTask.execSync(ForkJoinPoolHierarchicalTestExecutorService.java:247)
	at org.junit.platform.engine.support.hierarchical.ForkJoinPoolHierarchicalTestExecutorService.executeSync(ForkJoinPoolHierarchicalTestExecutorService.java:194)
	at org.junit.platform.engine.support.hierarchical.ForkJoinPoolHierarchicalTestExecutorService.invokeAll(ForkJoinPoolHierarchicalTestExecutorService.java:166)
	at org.junit.platform.engine.support.hierarchical.NodeTestTask.lambda$executeRecursively$6(NodeTestTask.java:161)
	at org.junit.platform.engine.support.hierarchical.ThrowableCollector.execute(ThrowableCollector.java:73)
	at org.junit.platform.engine.support.hierarchical.NodeTestTask.lambda$executeRecursively$8(NodeTestTask.java:147)
	at org.junit.platform.engine.support.hierarchical.Node.around(Node.java:137)
	at org.junit.platform.engine.support.hierarchical.NodeTestTask.lambda$executeRecursively$9(NodeTestTask.java:145)
	at org.junit.platform.engine.support.hierarchical.ThrowableCollector.execute(ThrowableCollector.java:73)
	at org.junit.platform.engine.support.hierarchical.NodeTestTask.executeRecursively(NodeTestTask.java:144)
	at org.junit.platform.engine.support.hierarchical.NodeTestTask.execute(NodeTestTask.java:101)
	at org.junit.platform.engine.support.hierarchical.ForkJoinPoolHierarchicalTestExecutorService$ExclusiveTask.exec(ForkJoinPoolHierarchicalTestExecutorService.java:274)
	at org.junit.platform.engine.support.hierarchical.ForkJoinPoolHierarchicalTestExecutorService$ExclusiveTask.execSync(ForkJoinPoolHierarchicalTestExecutorService.java:247)
	at org.junit.platform.engine.support.hierarchical.ForkJoinPoolHierarchicalTestExecutorService.invokeAll(ForkJoinPoolHierarchicalTestExecutorService.java:159)
	at org.junit.platform.engine.support.hierarchical.NodeTestTask.lambda$executeRecursively$6(NodeTestTask.java:161)
	at org.junit.platform.engine.support.hierarchical.ThrowableCollector.execute(ThrowableCollector.java:73)
	at org.junit.platform.engine.support.hierarchical.NodeTestTask.lambda$executeRecursively$8(NodeTestTask.java:147)
	at org.junit.platform.engine.support.hierarchical.Node.around(Node.java:137)
	at org.junit.platform.engine.support.hierarchical.NodeTestTask.lambda$executeRecursively$9(NodeTestTask.java:145)
	at org.junit.platform.engine.support.hierarchical.ThrowableCollector.execute(ThrowableCollector.java:73)
	at org.junit.platform.engine.support.hierarchical.NodeTestTask.executeRecursively(NodeTestTask.java:144)
	at org.junit.platform.engine.support.hierarchical.NodeTestTask.execute(NodeTestTask.java:101)
	at org.junit.platform.engine.support.hierarchical.ForkJoinPoolHierarchicalTestExecutorService$ExclusiveTask.exec(ForkJoinPoolHierarchicalTestExecutorService.java:274)
	at java.base/java.util.concurrent.ForkJoinTask.doExec(ForkJoinTask.java:387)
	at java.base/java.util.concurrent.ForkJoinPool$WorkQueue.topLevelExec(ForkJoinPool.java:1312)
	at java.base/java.util.concurrent.ForkJoinPool.scan(ForkJoinPool.java:1843)
	at java.base/java.util.concurrent.ForkJoinPool.runWorker(ForkJoinPool.java:1808)
	at java.base/java.util.concurrent.ForkJoinWorkerThread.run(ForkJoinWorkerThread.java:188)
]]></system-out>
  </testcase>
  <testcase name="testSetAndClrQuota" classname="org.apache.hadoop.ozone.client.rpc.TestSecureOzoneRpcClient" time="0.066">
    <system-out><![CDATA[2025-10-17 11:03:11,667 [ForkJoinPool-1-worker-1] INFO  rpc.RpcClient (RpcClient.java:createVolume(461)) - Creating Volume: 0d2881d6-7ec6-4035-bd3a-52478ea551f1, with runner as owner and space quota set to -1 bytes, counts quota set to -1
2025-10-17 11:03:11,669 [om1-OMStateMachineApplyTransactionThread - 0] INFO  volume.OMVolumeCreateRequest (OMVolumeCreateRequest.java:validateAndUpdateCache(213)) - created volume:0d2881d6-7ec6-4035-bd3a-52478ea551f1 for user:runner
2025-10-17 11:03:11,669 | INFO  | OMAudit | user=runner | ip=127.0.0.1 | op=CREATE_VOLUME {"admin":"runner","owner":"runner","volume":"0d2881d6-7ec6-4035-bd3a-52478ea551f1","creationTime":"1760698991668","modificationTime":"1760698991668","quotaInBytes":"-1","quotaInNamespace":"-1","usedNamespace":"0","objectID":"-9223372036854299648","updateID":"1860","Transaction":"1860"} | ret=SUCCESS |  
2025-10-17 11:03:11,671 | INFO  | OMAudit | user=runner | ip=127.0.0.1 | op=READ_VOLUME {"volume":"0d2881d6-7ec6-4035-bd3a-52478ea551f1"} | ret=SUCCESS |  
2025-10-17 11:03:11,672 [ForkJoinPool-1-worker-1] INFO  rpc.RpcClient (RpcClient.java:createBucket(686)) - Creating Bucket: 0d2881d6-7ec6-4035-bd3a-52478ea551f1/7b137a7e-a4d3-494a-9b08-78b12320fa4f, with server-side default bucket layout, runner as owner, Versioning false, Storage Type set to DISK and Encryption set to false, Replication Type set to server-side default replication type, Namespace Quota set to -1, Space Quota set to -1 
2025-10-17 11:03:11,674 [om1-OMStateMachineApplyTransactionThread - 0] INFO  bucket.OMBucketCreateRequest (OMBucketCreateRequest.java:validateAndUpdateCache(303)) - created bucket: 7b137a7e-a4d3-494a-9b08-78b12320fa4f of layout FILE_SYSTEM_OPTIMIZED in volume: 0d2881d6-7ec6-4035-bd3a-52478ea551f1
2025-10-17 11:03:11,675 | INFO  | OMAudit | user=runner | ip=127.0.0.1 | op=CREATE_BUCKET {"volume":"0d2881d6-7ec6-4035-bd3a-52478ea551f1","bucket":"7b137a7e-a4d3-494a-9b08-78b12320fa4f","bucketLayout":"FILE_SYSTEM_OPTIMIZED","gdprEnabled":null,"acls":"[user:runner:a[ACCESS], group:runner:rl[ACCESS]]","isVersionEnabled":"false","storageType":"DISK","creationTime":"1760698991674","bucketEncryptionKey":null,"modificationTime":"1760698991674","usedBytes":"0","usedNamespace":"0","snapshotUsedBytes":"0","snapshotUsedNamespace":"0","owner":"runner","replicationType":null,"replicationConfig":null,"quotaInBytes":"-1","quotaInNamespace":"-1","Transaction":"1861"} | ret=SUCCESS |  
2025-10-17 11:03:11,676 | INFO  | OMAudit | user=runner | ip=127.0.0.1 | op=READ_VOLUME {"volume":"0d2881d6-7ec6-4035-bd3a-52478ea551f1"} | ret=SUCCESS |  
2025-10-17 11:03:11,677 | INFO  | OMAudit | user=runner | ip=127.0.0.1 | op=READ_BUCKET {"volume":"0d2881d6-7ec6-4035-bd3a-52478ea551f1","bucket":"7b137a7e-a4d3-494a-9b08-78b12320fa4f"} | ret=SUCCESS |  
2025-10-17 11:03:11,677 | INFO  | OMAudit | user=runner | ip=127.0.0.1 | op=READ_VOLUME {"volume":"0d2881d6-7ec6-4035-bd3a-52478ea551f1"} | ret=SUCCESS |  
2025-10-17 11:03:11,678 | INFO  | OMAudit | user=runner | ip=127.0.0.1 | op=READ_BUCKET {"volume":"0d2881d6-7ec6-4035-bd3a-52478ea551f1","bucket":"7b137a7e-a4d3-494a-9b08-78b12320fa4f"} | ret=SUCCESS |  
2025-10-17 11:03:11,679 | INFO  | OMAudit | user=runner | ip=127.0.0.1 | op=READ_BUCKET {"volume":"0d2881d6-7ec6-4035-bd3a-52478ea551f1","bucket":"7b137a7e-a4d3-494a-9b08-78b12320fa4f"} | ret=SUCCESS |  
2025-10-17 11:03:11,681 | INFO  | OMAudit | user=runner | ip=127.0.0.1 | op=UPDATE_BUCKET {"volume":"0d2881d6-7ec6-4035-bd3a-52478ea551f1","bucket":"7b137a7e-a4d3-494a-9b08-78b12320fa4f","gdprEnabled":null,"isVersionEnabled":"null","quotaInBytes":"1073741824","quotaInNamespace":"1000","Transaction":"1862"} | ret=SUCCESS |  
2025-10-17 11:03:11,682 | INFO  | OMAudit | user=runner | ip=127.0.0.1 | op=READ_VOLUME {"volume":"0d2881d6-7ec6-4035-bd3a-52478ea551f1"} | ret=SUCCESS |  
2025-10-17 11:03:11,683 | INFO  | OMAudit | user=runner | ip=127.0.0.1 | op=READ_BUCKET {"volume":"0d2881d6-7ec6-4035-bd3a-52478ea551f1","bucket":"7b137a7e-a4d3-494a-9b08-78b12320fa4f"} | ret=SUCCESS |  
2025-10-17 11:03:11,684 | INFO  | OMAudit | user=runner | ip=127.0.0.1 | op=READ_VOLUME {"volume":"0d2881d6-7ec6-4035-bd3a-52478ea551f1"} | ret=SUCCESS |  
2025-10-17 11:03:11,684 [ForkJoinPool-1-worker-1] INFO  rpc.RpcClient (RpcClient.java:createBucket(686)) - Creating Bucket: 0d2881d6-7ec6-4035-bd3a-52478ea551f1/d863f5b0-19c8-4eb5-8e2d-5935f07f5517, with server-side default bucket layout, runner as owner, Versioning false, Storage Type set to DISK and Encryption set to false, Replication Type set to server-side default replication type, Namespace Quota set to -1, Space Quota set to -1 
2025-10-17 11:03:11,685 [om1-OMStateMachineApplyTransactionThread - 0] INFO  bucket.OMBucketCreateRequest (OMBucketCreateRequest.java:validateAndUpdateCache(303)) - created bucket: d863f5b0-19c8-4eb5-8e2d-5935f07f5517 of layout FILE_SYSTEM_OPTIMIZED in volume: 0d2881d6-7ec6-4035-bd3a-52478ea551f1
2025-10-17 11:03:11,686 | INFO  | OMAudit | user=runner | ip=127.0.0.1 | op=CREATE_BUCKET {"volume":"0d2881d6-7ec6-4035-bd3a-52478ea551f1","bucket":"d863f5b0-19c8-4eb5-8e2d-5935f07f5517","bucketLayout":"FILE_SYSTEM_OPTIMIZED","gdprEnabled":null,"acls":"[user:runner:a[ACCESS], group:runner:rl[ACCESS]]","isVersionEnabled":"false","storageType":"DISK","creationTime":"1760698991685","bucketEncryptionKey":null,"modificationTime":"1760698991685","usedBytes":"0","usedNamespace":"0","snapshotUsedBytes":"0","snapshotUsedNamespace":"0","owner":"runner","replicationType":null,"replicationConfig":null,"quotaInBytes":"-1","quotaInNamespace":"-1","Transaction":"1863"} | ret=SUCCESS |  
2025-10-17 11:03:11,687 | INFO  | OMAudit | user=runner | ip=127.0.0.1 | op=READ_VOLUME {"volume":"0d2881d6-7ec6-4035-bd3a-52478ea551f1"} | ret=SUCCESS |  
2025-10-17 11:03:11,688 | INFO  | OMAudit | user=runner | ip=127.0.0.1 | op=READ_BUCKET {"volume":"0d2881d6-7ec6-4035-bd3a-52478ea551f1","bucket":"d863f5b0-19c8-4eb5-8e2d-5935f07f5517"} | ret=SUCCESS |  
2025-10-17 11:03:11,688 | INFO  | OMAudit | user=runner | ip=127.0.0.1 | op=READ_BUCKET {"volume":"0d2881d6-7ec6-4035-bd3a-52478ea551f1","bucket":"d863f5b0-19c8-4eb5-8e2d-5935f07f5517"} | ret=SUCCESS |  
2025-10-17 11:03:11,690 | INFO  | OMAudit | user=runner | ip=127.0.0.1 | op=UPDATE_BUCKET {"volume":"0d2881d6-7ec6-4035-bd3a-52478ea551f1","bucket":"d863f5b0-19c8-4eb5-8e2d-5935f07f5517","gdprEnabled":null,"isVersionEnabled":"null","quotaInBytes":"1024","quotaInNamespace":"1000","Transaction":"1864"} | ret=SUCCESS |  
2025-10-17 11:03:11,691 | INFO  | OMAudit | user=runner | ip=127.0.0.1 | op=READ_VOLUME {"volume":"0d2881d6-7ec6-4035-bd3a-52478ea551f1"} | ret=SUCCESS |  
2025-10-17 11:03:11,691 | INFO  | OMAudit | user=runner | ip=127.0.0.1 | op=READ_BUCKET {"volume":"0d2881d6-7ec6-4035-bd3a-52478ea551f1","bucket":"d863f5b0-19c8-4eb5-8e2d-5935f07f5517"} | ret=SUCCESS |  
2025-10-17 11:03:11,692 | INFO  | OMAudit | user=runner | ip=127.0.0.1 | op=READ_VOLUME {"volume":"0d2881d6-7ec6-4035-bd3a-52478ea551f1"} | ret=SUCCESS |  
2025-10-17 11:03:11,693 | INFO  | OMAudit | user=runner | ip=127.0.0.1 | op=READ_VOLUME {"volume":"0d2881d6-7ec6-4035-bd3a-52478ea551f1"} | ret=SUCCESS |  
2025-10-17 11:03:11,694 | INFO  | OMAudit | user=runner | ip=127.0.0.1 | op=SET_QUOTA {"volume":"0d2881d6-7ec6-4035-bd3a-52478ea551f1","quotaInBytes":"10737418240","Transaction":"1865"} | ret=SUCCESS |  
2025-10-17 11:03:11,695 | INFO  | OMAudit | user=runner | ip=127.0.0.1 | op=READ_VOLUME {"volume":"0d2881d6-7ec6-4035-bd3a-52478ea551f1"} | ret=SUCCESS |  
2025-10-17 11:03:11,696 | INFO  | OMAudit | user=runner | ip=127.0.0.1 | op=READ_BUCKET {"volume":"0d2881d6-7ec6-4035-bd3a-52478ea551f1","bucket":"7b137a7e-a4d3-494a-9b08-78b12320fa4f"} | ret=SUCCESS |  
2025-10-17 11:03:11,697 | INFO  | OMAudit | user=runner | ip=127.0.0.1 | op=READ_BUCKET {"volume":"0d2881d6-7ec6-4035-bd3a-52478ea551f1","bucket":"7b137a7e-a4d3-494a-9b08-78b12320fa4f"} | ret=SUCCESS |  
2025-10-17 11:03:11,698 [om1-OMStateMachineApplyTransactionThread - 0] ERROR bucket.OMBucketSetPropertyRequest (OMBucketSetPropertyRequest.java:validateAndUpdateCache(244)) - Setting bucket property failed for bucket:7b137a7e-a4d3-494a-9b08-78b12320fa4f in volume:0d2881d6-7ec6-4035-bd3a-52478ea551f1
QUOTA_ERROR org.apache.hadoop.ozone.om.exceptions.OMException: Can not clear bucket spaceQuota because volume spaceQuota is not cleared.
	at org.apache.hadoop.ozone.om.request.bucket.OMBucketSetPropertyRequest.checkQuotaBytesValid(OMBucketSetPropertyRequest.java:284)
	at org.apache.hadoop.ozone.om.request.bucket.OMBucketSetPropertyRequest.validateAndUpdateCache(OMBucketSetPropertyRequest.java:187)
	at org.apache.hadoop.ozone.protocolPB.OzoneManagerRequestHandler.lambda$0(OzoneManagerRequestHandler.java:418)
	at org.apache.hadoop.ozone.util.MetricUtil.captureLatencyNs(MetricUtil.java:45)
	at org.apache.hadoop.ozone.protocolPB.OzoneManagerRequestHandler.handleWriteRequestImpl(OzoneManagerRequestHandler.java:416)
	at org.apache.hadoop.ozone.protocolPB.RequestHandler.handleWriteRequest(RequestHandler.java:62)
	at org.apache.hadoop.ozone.om.ratis.OzoneManagerStateMachine.runCommand(OzoneManagerStateMachine.java:599)
	at org.apache.hadoop.ozone.om.ratis.OzoneManagerStateMachine.lambda$3(OzoneManagerStateMachine.java:415)
	at java.base/java.util.concurrent.CompletableFuture$AsyncSupply.run(CompletableFuture.java:1768)
	at java.base/java.util.concurrent.ThreadPoolExecutor.runWorker(ThreadPoolExecutor.java:1144)
	at java.base/java.util.concurrent.ThreadPoolExecutor$Worker.run(ThreadPoolExecutor.java:642)
	at java.base/java.lang.Thread.run(Thread.java:1583)
2025-10-17 11:03:11,698 | ERROR | OMAudit | user=runner | ip=127.0.0.1 | op=UPDATE_BUCKET {"volume":"0d2881d6-7ec6-4035-bd3a-52478ea551f1","bucket":"7b137a7e-a4d3-494a-9b08-78b12320fa4f","gdprEnabled":null,"isVersionEnabled":"null","quotaInNamespace":"1000","Transaction":"1866"} | ret=FAILURE | 
org.apache.hadoop.ozone.om.exceptions.OMException: Can not clear bucket spaceQuota because volume spaceQuota is not cleared.
	at org.apache.hadoop.ozone.om.request.bucket.OMBucketSetPropertyRequest.checkQuotaBytesValid(OMBucketSetPropertyRequest.java:284)
	at org.apache.hadoop.ozone.om.request.bucket.OMBucketSetPropertyRequest.validateAndUpdateCache(OMBucketSetPropertyRequest.java:187)
 
2025-10-17 11:03:11,699 | INFO  | OMAudit | user=runner | ip=127.0.0.1 | op=READ_BUCKET {"volume":"0d2881d6-7ec6-4035-bd3a-52478ea551f1","bucket":"7b137a7e-a4d3-494a-9b08-78b12320fa4f"} | ret=SUCCESS |  
2025-10-17 11:03:11,700 | INFO  | SCMAudit | user=runner | ip=127.0.0.1 | op=ALLOCATE_BLOCK {"replication":"RATIS/ONE","owner":"omServiceIdDefault","size":"4194304","sampleBlocks":"[conID: 8 locID: 115816896921600523]","num":"1","client":"","allocated":"1"} | ret=SUCCESS |  
2025-10-17 11:03:11,701 | INFO  | OMAudit | user=runner | ip=127.0.0.1 | op=ALLOCATE_KEY {"volume":"0d2881d6-7ec6-4035-bd3a-52478ea551f1","bucket":"7b137a7e-a4d3-494a-9b08-78b12320fa4f","key":"0d2423b4-877d-4437-ba3b-8c6eaa1740fa","dataSize":"12","replicationType":"RATIS","replicationFactor":"ONE","Transaction":"1867"} | ret=SUCCESS |  
2025-10-17 11:03:11,706 | INFO  | OMAudit | user=runner | ip=127.0.0.1 | op=COMMIT_KEY {"volume":"0d2881d6-7ec6-4035-bd3a-52478ea551f1","bucket":"7b137a7e-a4d3-494a-9b08-78b12320fa4f","key":"0d2423b4-877d-4437-ba3b-8c6eaa1740fa","dataSize":"12","replicationType":"RATIS","replicationFactor":"ONE","Transaction":"1868"} | ret=SUCCESS |  
2025-10-17 11:03:11,707 | INFO  | OMAudit | user=runner | ip=127.0.0.1 | op=READ_VOLUME {"volume":"0d2881d6-7ec6-4035-bd3a-52478ea551f1"} | ret=SUCCESS |  
2025-10-17 11:03:11,708 | INFO  | OMAudit | user=runner | ip=127.0.0.1 | op=READ_BUCKET {"volume":"0d2881d6-7ec6-4035-bd3a-52478ea551f1","bucket":"7b137a7e-a4d3-494a-9b08-78b12320fa4f"} | ret=SUCCESS |  
2025-10-17 11:03:11,709 | INFO  | OMAudit | user=runner | ip=127.0.0.1 | op=READ_VOLUME {"volume":"0d2881d6-7ec6-4035-bd3a-52478ea551f1"} | ret=SUCCESS |  
2025-10-17 11:03:11,710 | INFO  | OMAudit | user=runner | ip=127.0.0.1 | op=READ_BUCKET {"volume":"0d2881d6-7ec6-4035-bd3a-52478ea551f1","bucket":"7b137a7e-a4d3-494a-9b08-78b12320fa4f"} | ret=SUCCESS |  
2025-10-17 11:03:11,711 | INFO  | OMAudit | user=runner | ip=127.0.0.1 | op=READ_VOLUME {"volume":"0d2881d6-7ec6-4035-bd3a-52478ea551f1"} | ret=SUCCESS |  
2025-10-17 11:03:11,712 | INFO  | OMAudit | user=runner | ip=127.0.0.1 | op=READ_VOLUME {"volume":"0d2881d6-7ec6-4035-bd3a-52478ea551f1"} | ret=SUCCESS |  
2025-10-17 11:03:11,713 | INFO  | OMAudit | user=runner | ip=127.0.0.1 | op=READ_VOLUME {"volume":"0d2881d6-7ec6-4035-bd3a-52478ea551f1"} | ret=SUCCESS |  
2025-10-17 11:03:11,714 | INFO  | OMAudit | user=runner | ip=127.0.0.1 | op=READ_VOLUME {"volume":"0d2881d6-7ec6-4035-bd3a-52478ea551f1"} | ret=SUCCESS |  
2025-10-17 11:03:11,715 | INFO  | OMAudit | user=runner | ip=127.0.0.1 | op=SET_QUOTA {"volume":"0d2881d6-7ec6-4035-bd3a-52478ea551f1","quotaInBytes":"-1","Transaction":"1869"} | ret=SUCCESS |  
2025-10-17 11:03:11,716 | INFO  | OMAudit | user=runner | ip=127.0.0.1 | op=READ_VOLUME {"volume":"0d2881d6-7ec6-4035-bd3a-52478ea551f1"} | ret=SUCCESS |  
2025-10-17 11:03:11,717 | INFO  | OMAudit | user=runner | ip=127.0.0.1 | op=READ_VOLUME {"volume":"0d2881d6-7ec6-4035-bd3a-52478ea551f1"} | ret=SUCCESS |  
2025-10-17 11:03:11,717 | INFO  | OMAudit | user=runner | ip=127.0.0.1 | op=READ_VOLUME {"volume":"0d2881d6-7ec6-4035-bd3a-52478ea551f1"} | ret=SUCCESS |  
2025-10-17 11:03:11,719 | INFO  | OMAudit | user=runner | ip=127.0.0.1 | op=SET_QUOTA {"volume":"0d2881d6-7ec6-4035-bd3a-52478ea551f1","quotaInBytes":"-1","Transaction":"1870"} | ret=SUCCESS |  
2025-10-17 11:03:11,720 | INFO  | OMAudit | user=runner | ip=127.0.0.1 | op=READ_VOLUME {"volume":"0d2881d6-7ec6-4035-bd3a-52478ea551f1"} | ret=SUCCESS |  
2025-10-17 11:03:11,721 | INFO  | OMAudit | user=runner | ip=127.0.0.1 | op=READ_BUCKET {"volume":"0d2881d6-7ec6-4035-bd3a-52478ea551f1","bucket":"7b137a7e-a4d3-494a-9b08-78b12320fa4f"} | ret=SUCCESS |  
2025-10-17 11:03:11,722 | INFO  | OMAudit | user=runner | ip=127.0.0.1 | op=READ_BUCKET {"volume":"0d2881d6-7ec6-4035-bd3a-52478ea551f1","bucket":"7b137a7e-a4d3-494a-9b08-78b12320fa4f"} | ret=SUCCESS |  
2025-10-17 11:03:11,723 | INFO  | OMAudit | user=runner | ip=127.0.0.1 | op=UPDATE_BUCKET {"volume":"0d2881d6-7ec6-4035-bd3a-52478ea551f1","bucket":"7b137a7e-a4d3-494a-9b08-78b12320fa4f","gdprEnabled":null,"isVersionEnabled":"null","quotaInNamespace":"1000","Transaction":"1871"} | ret=SUCCESS |  
2025-10-17 11:03:11,724 | INFO  | OMAudit | user=runner | ip=127.0.0.1 | op=READ_BUCKET {"volume":"0d2881d6-7ec6-4035-bd3a-52478ea551f1","bucket":"7b137a7e-a4d3-494a-9b08-78b12320fa4f"} | ret=SUCCESS |  
2025-10-17 11:03:11,725 | INFO  | OMAudit | user=runner | ip=127.0.0.1 | op=READ_BUCKET {"volume":"0d2881d6-7ec6-4035-bd3a-52478ea551f1","bucket":"7b137a7e-a4d3-494a-9b08-78b12320fa4f"} | ret=SUCCESS |  
2025-10-17 11:03:11,726 | INFO  | OMAudit | user=runner | ip=127.0.0.1 | op=UPDATE_BUCKET {"volume":"0d2881d6-7ec6-4035-bd3a-52478ea551f1","bucket":"7b137a7e-a4d3-494a-9b08-78b12320fa4f","gdprEnabled":null,"isVersionEnabled":"null","Transaction":"1872"} | ret=SUCCESS |  
2025-10-17 11:03:11,727 | INFO  | OMAudit | user=runner | ip=127.0.0.1 | op=READ_VOLUME {"volume":"0d2881d6-7ec6-4035-bd3a-52478ea551f1"} | ret=SUCCESS |  
2025-10-17 11:03:11,728 | INFO  | OMAudit | user=runner | ip=127.0.0.1 | op=READ_BUCKET {"volume":"0d2881d6-7ec6-4035-bd3a-52478ea551f1","bucket":"7b137a7e-a4d3-494a-9b08-78b12320fa4f"} | ret=SUCCESS |  
2025-10-17 11:03:11,729 | INFO  | OMAudit | user=runner | ip=127.0.0.1 | op=READ_VOLUME {"volume":"0d2881d6-7ec6-4035-bd3a-52478ea551f1"} | ret=SUCCESS |  
2025-10-17 11:03:11,729 | INFO  | OMAudit | user=runner | ip=127.0.0.1 | op=READ_BUCKET {"volume":"0d2881d6-7ec6-4035-bd3a-52478ea551f1","bucket":"7b137a7e-a4d3-494a-9b08-78b12320fa4f"} | ret=SUCCESS |  
2025-10-17 11:03:11,730 | INFO  | OMAudit | user=runner | ip=127.0.0.1 | op=READ_VOLUME {"volume":"0d2881d6-7ec6-4035-bd3a-52478ea551f1"} | ret=SUCCESS |  
2025-10-17 11:03:11,731 | INFO  | OMAudit | user=runner | ip=127.0.0.1 | op=READ_BUCKET {"volume":"0d2881d6-7ec6-4035-bd3a-52478ea551f1","bucket":"7b137a7e-a4d3-494a-9b08-78b12320fa4f"} | ret=SUCCESS |  
2025-10-17 11:03:11,732 | INFO  | OMAudit | user=runner | ip=127.0.0.1 | op=READ_VOLUME {"volume":"0d2881d6-7ec6-4035-bd3a-52478ea551f1"} | ret=SUCCESS |  
]]></system-out>
  </testcase>
  <testcase name="testSetBucketQuotaIllegal" classname="org.apache.hadoop.ozone.client.rpc.TestSecureOzoneRpcClient" time="0.017">
    <system-out><![CDATA[2025-10-17 11:03:11,735 [ForkJoinPool-1-worker-1] INFO  rpc.RpcClient (RpcClient.java:createVolume(461)) - Creating Volume: e980d666-07c3-46df-9652-822d04dde9f9, with runner as owner and space quota set to -1 bytes, counts quota set to -1
2025-10-17 11:03:11,736 [om1-OMStateMachineApplyTransactionThread - 0] INFO  volume.OMVolumeCreateRequest (OMVolumeCreateRequest.java:validateAndUpdateCache(213)) - created volume:e980d666-07c3-46df-9652-822d04dde9f9 for user:runner
2025-10-17 11:03:11,737 | INFO  | OMAudit | user=runner | ip=127.0.0.1 | op=CREATE_VOLUME {"admin":"runner","owner":"runner","volume":"e980d666-07c3-46df-9652-822d04dde9f9","creationTime":"1760698991736","modificationTime":"1760698991736","quotaInBytes":"-1","quotaInNamespace":"-1","usedNamespace":"0","objectID":"-9223372036854296320","updateID":"1873","Transaction":"1873"} | ret=SUCCESS |  
2025-10-17 11:03:11,738 | INFO  | OMAudit | user=runner | ip=127.0.0.1 | op=READ_VOLUME {"volume":"e980d666-07c3-46df-9652-822d04dde9f9"} | ret=SUCCESS |  
2025-10-17 11:03:11,738 [ForkJoinPool-1-worker-1] INFO  rpc.RpcClient (RpcClient.java:createBucket(686)) - Creating Bucket: e980d666-07c3-46df-9652-822d04dde9f9/8ee8f013-289f-47b3-8f74-ed68b14b14ed, with server-side default bucket layout, runner as owner, Versioning false, Storage Type set to DISK and Encryption set to false, Replication Type set to server-side default replication type, Namespace Quota set to -1, Space Quota set to -1 
2025-10-17 11:03:11,739 [om1-OMStateMachineApplyTransactionThread - 0] INFO  bucket.OMBucketCreateRequest (OMBucketCreateRequest.java:validateAndUpdateCache(303)) - created bucket: 8ee8f013-289f-47b3-8f74-ed68b14b14ed of layout FILE_SYSTEM_OPTIMIZED in volume: e980d666-07c3-46df-9652-822d04dde9f9
2025-10-17 11:03:11,739 | INFO  | OMAudit | user=runner | ip=127.0.0.1 | op=CREATE_BUCKET {"volume":"e980d666-07c3-46df-9652-822d04dde9f9","bucket":"8ee8f013-289f-47b3-8f74-ed68b14b14ed","bucketLayout":"FILE_SYSTEM_OPTIMIZED","gdprEnabled":null,"acls":"[user:runner:a[ACCESS], group:runner:rl[ACCESS]]","isVersionEnabled":"false","storageType":"DISK","creationTime":"1760698991739","bucketEncryptionKey":null,"modificationTime":"1760698991739","usedBytes":"0","usedNamespace":"0","snapshotUsedBytes":"0","snapshotUsedNamespace":"0","owner":"runner","replicationType":null,"replicationConfig":null,"quotaInBytes":"-1","quotaInNamespace":"-1","Transaction":"1874"} | ret=SUCCESS |  
2025-10-17 11:03:11,741 | INFO  | OMAudit | user=runner | ip=127.0.0.1 | op=READ_VOLUME {"volume":"e980d666-07c3-46df-9652-822d04dde9f9"} | ret=SUCCESS |  
2025-10-17 11:03:11,741 | INFO  | OMAudit | user=runner | ip=127.0.0.1 | op=READ_BUCKET {"volume":"e980d666-07c3-46df-9652-822d04dde9f9","bucket":"8ee8f013-289f-47b3-8f74-ed68b14b14ed"} | ret=SUCCESS |  
2025-10-17 11:03:11,743 | INFO  | OMAudit | user=runner | ip=127.0.0.1 | op=READ_VOLUME {"volume":"e980d666-07c3-46df-9652-822d04dde9f9"} | ret=SUCCESS |  
2025-10-17 11:03:11,743 | INFO  | OMAudit | user=runner | ip=127.0.0.1 | op=READ_BUCKET {"volume":"e980d666-07c3-46df-9652-822d04dde9f9","bucket":"8ee8f013-289f-47b3-8f74-ed68b14b14ed"} | ret=SUCCESS |  
2025-10-17 11:03:11,744 | INFO  | OMAudit | user=runner | ip=127.0.0.1 | op=READ_VOLUME {"volume":"e980d666-07c3-46df-9652-822d04dde9f9"} | ret=SUCCESS |  
2025-10-17 11:03:11,745 | INFO  | OMAudit | user=runner | ip=127.0.0.1 | op=READ_BUCKET {"volume":"e980d666-07c3-46df-9652-822d04dde9f9","bucket":"8ee8f013-289f-47b3-8f74-ed68b14b14ed"} | ret=SUCCESS |  
2025-10-17 11:03:11,746 | INFO  | OMAudit | user=runner | ip=127.0.0.1 | op=READ_VOLUME {"volume":"e980d666-07c3-46df-9652-822d04dde9f9"} | ret=SUCCESS |  
2025-10-17 11:03:11,746 | INFO  | OMAudit | user=runner | ip=127.0.0.1 | op=READ_BUCKET {"volume":"e980d666-07c3-46df-9652-822d04dde9f9","bucket":"8ee8f013-289f-47b3-8f74-ed68b14b14ed"} | ret=SUCCESS |  
2025-10-17 11:03:11,747 | INFO  | OMAudit | user=runner | ip=127.0.0.1 | op=READ_VOLUME {"volume":"e980d666-07c3-46df-9652-822d04dde9f9"} | ret=SUCCESS |  
2025-10-17 11:03:11,748 | INFO  | OMAudit | user=runner | ip=127.0.0.1 | op=READ_BUCKET {"volume":"e980d666-07c3-46df-9652-822d04dde9f9","bucket":"8ee8f013-289f-47b3-8f74-ed68b14b14ed"} | ret=SUCCESS |  
2025-10-17 11:03:11,749 | INFO  | OMAudit | user=runner | ip=127.0.0.1 | op=READ_VOLUME {"volume":"e980d666-07c3-46df-9652-822d04dde9f9"} | ret=SUCCESS |  
2025-10-17 11:03:11,750 | INFO  | OMAudit | user=runner | ip=127.0.0.1 | op=READ_BUCKET {"volume":"e980d666-07c3-46df-9652-822d04dde9f9","bucket":"8ee8f013-289f-47b3-8f74-ed68b14b14ed"} | ret=SUCCESS |  
]]></system-out>
  </testcase>
  <testcase name="testSetBucketStorageType" classname="org.apache.hadoop.ozone.client.rpc.TestSecureOzoneRpcClient" time="0.01">
    <system-out><![CDATA[2025-10-17 11:03:11,752 [ForkJoinPool-1-worker-1] INFO  rpc.RpcClient (RpcClient.java:createVolume(461)) - Creating Volume: 680d81cf-d2fc-42de-94d3-365e705fc197, with runner as owner and space quota set to -1 bytes, counts quota set to -1
2025-10-17 11:03:11,754 [om1-OMStateMachineApplyTransactionThread - 0] INFO  volume.OMVolumeCreateRequest (OMVolumeCreateRequest.java:validateAndUpdateCache(213)) - created volume:680d81cf-d2fc-42de-94d3-365e705fc197 for user:runner
2025-10-17 11:03:11,754 | INFO  | OMAudit | user=runner | ip=127.0.0.1 | op=CREATE_VOLUME {"admin":"runner","owner":"runner","volume":"680d81cf-d2fc-42de-94d3-365e705fc197","creationTime":"1760698991753","modificationTime":"1760698991753","quotaInBytes":"-1","quotaInNamespace":"-1","usedNamespace":"0","objectID":"-9223372036854295808","updateID":"1875","Transaction":"1875"} | ret=SUCCESS |  
2025-10-17 11:03:11,755 | INFO  | OMAudit | user=runner | ip=127.0.0.1 | op=READ_VOLUME {"volume":"680d81cf-d2fc-42de-94d3-365e705fc197"} | ret=SUCCESS |  
2025-10-17 11:03:11,756 [ForkJoinPool-1-worker-1] INFO  rpc.RpcClient (RpcClient.java:createBucket(686)) - Creating Bucket: 680d81cf-d2fc-42de-94d3-365e705fc197/5d228d82-3c5f-4b74-b39e-701b635f30e4, with server-side default bucket layout, runner as owner, Versioning false, Storage Type set to DISK and Encryption set to false, Replication Type set to server-side default replication type, Namespace Quota set to -1, Space Quota set to -1 
2025-10-17 11:03:11,757 [om1-OMStateMachineApplyTransactionThread - 0] INFO  bucket.OMBucketCreateRequest (OMBucketCreateRequest.java:validateAndUpdateCache(303)) - created bucket: 5d228d82-3c5f-4b74-b39e-701b635f30e4 of layout FILE_SYSTEM_OPTIMIZED in volume: 680d81cf-d2fc-42de-94d3-365e705fc197
2025-10-17 11:03:11,757 | INFO  | OMAudit | user=runner | ip=127.0.0.1 | op=CREATE_BUCKET {"volume":"680d81cf-d2fc-42de-94d3-365e705fc197","bucket":"5d228d82-3c5f-4b74-b39e-701b635f30e4","bucketLayout":"FILE_SYSTEM_OPTIMIZED","gdprEnabled":null,"acls":"[user:runner:a[ACCESS], group:runner:rl[ACCESS]]","isVersionEnabled":"false","storageType":"DISK","creationTime":"1760698991756","bucketEncryptionKey":null,"modificationTime":"1760698991756","usedBytes":"0","usedNamespace":"0","snapshotUsedBytes":"0","snapshotUsedNamespace":"0","owner":"runner","replicationType":null,"replicationConfig":null,"quotaInBytes":"-1","quotaInNamespace":"-1","Transaction":"1876"} | ret=SUCCESS |  
2025-10-17 11:03:11,758 | INFO  | OMAudit | user=runner | ip=127.0.0.1 | op=READ_BUCKET {"volume":"680d81cf-d2fc-42de-94d3-365e705fc197","bucket":"5d228d82-3c5f-4b74-b39e-701b635f30e4"} | ret=SUCCESS |  
2025-10-17 11:03:11,760 | INFO  | OMAudit | user=runner | ip=127.0.0.1 | op=UPDATE_BUCKET {"volume":"680d81cf-d2fc-42de-94d3-365e705fc197","bucket":"5d228d82-3c5f-4b74-b39e-701b635f30e4","gdprEnabled":null,"isVersionEnabled":"null","storageType":"SSD","Transaction":"1877"} | ret=SUCCESS |  
2025-10-17 11:03:11,760 | INFO  | OMAudit | user=runner | ip=127.0.0.1 | op=READ_BUCKET {"volume":"680d81cf-d2fc-42de-94d3-365e705fc197","bucket":"5d228d82-3c5f-4b74-b39e-701b635f30e4"} | ret=SUCCESS |  
]]></system-out>
  </testcase>
  <testcase name="testSetBucketVersioning" classname="org.apache.hadoop.ozone.client.rpc.TestSecureOzoneRpcClient" time="0.009">
    <system-out><![CDATA[2025-10-17 11:03:11,762 [ForkJoinPool-1-worker-1] INFO  rpc.RpcClient (RpcClient.java:createVolume(461)) - Creating Volume: fc0148b1-d265-4230-a3ba-90f208a54948, with runner as owner and space quota set to -1 bytes, counts quota set to -1
2025-10-17 11:03:11,764 [om1-OMStateMachineApplyTransactionThread - 0] INFO  volume.OMVolumeCreateRequest (OMVolumeCreateRequest.java:validateAndUpdateCache(213)) - created volume:fc0148b1-d265-4230-a3ba-90f208a54948 for user:runner
2025-10-17 11:03:11,764 | INFO  | OMAudit | user=runner | ip=127.0.0.1 | op=CREATE_VOLUME {"admin":"runner","owner":"runner","volume":"fc0148b1-d265-4230-a3ba-90f208a54948","creationTime":"1760698991763","modificationTime":"1760698991763","quotaInBytes":"-1","quotaInNamespace":"-1","usedNamespace":"0","objectID":"-9223372036854295040","updateID":"1878","Transaction":"1878"} | ret=SUCCESS |  
2025-10-17 11:03:11,765 | INFO  | OMAudit | user=runner | ip=127.0.0.1 | op=READ_VOLUME {"volume":"fc0148b1-d265-4230-a3ba-90f208a54948"} | ret=SUCCESS |  
2025-10-17 11:03:11,766 [ForkJoinPool-1-worker-1] INFO  rpc.RpcClient (RpcClient.java:createBucket(686)) - Creating Bucket: fc0148b1-d265-4230-a3ba-90f208a54948/73aabb4b-7faa-4828-b969-a153dcd15958, with server-side default bucket layout, runner as owner, Versioning false, Storage Type set to DISK and Encryption set to false, Replication Type set to server-side default replication type, Namespace Quota set to -1, Space Quota set to -1 
2025-10-17 11:03:11,767 [om1-OMStateMachineApplyTransactionThread - 0] INFO  bucket.OMBucketCreateRequest (OMBucketCreateRequest.java:validateAndUpdateCache(303)) - created bucket: 73aabb4b-7faa-4828-b969-a153dcd15958 of layout FILE_SYSTEM_OPTIMIZED in volume: fc0148b1-d265-4230-a3ba-90f208a54948
2025-10-17 11:03:11,767 | INFO  | OMAudit | user=runner | ip=127.0.0.1 | op=CREATE_BUCKET {"volume":"fc0148b1-d265-4230-a3ba-90f208a54948","bucket":"73aabb4b-7faa-4828-b969-a153dcd15958","bucketLayout":"FILE_SYSTEM_OPTIMIZED","gdprEnabled":null,"acls":"[user:runner:a[ACCESS], group:runner:rl[ACCESS]]","isVersionEnabled":"false","storageType":"DISK","creationTime":"1760698991767","bucketEncryptionKey":null,"modificationTime":"1760698991767","usedBytes":"0","usedNamespace":"0","snapshotUsedBytes":"0","snapshotUsedNamespace":"0","owner":"runner","replicationType":null,"replicationConfig":null,"quotaInBytes":"-1","quotaInNamespace":"-1","Transaction":"1879"} | ret=SUCCESS |  
2025-10-17 11:03:11,768 | INFO  | OMAudit | user=runner | ip=127.0.0.1 | op=READ_BUCKET {"volume":"fc0148b1-d265-4230-a3ba-90f208a54948","bucket":"73aabb4b-7faa-4828-b969-a153dcd15958"} | ret=SUCCESS |  
2025-10-17 11:03:11,769 | INFO  | OMAudit | user=runner | ip=127.0.0.1 | op=UPDATE_BUCKET {"volume":"fc0148b1-d265-4230-a3ba-90f208a54948","bucket":"73aabb4b-7faa-4828-b969-a153dcd15958","gdprEnabled":null,"isVersionEnabled":"true","Transaction":"1880"} | ret=SUCCESS |  
2025-10-17 11:03:11,771 | INFO  | OMAudit | user=runner | ip=127.0.0.1 | op=READ_BUCKET {"volume":"fc0148b1-d265-4230-a3ba-90f208a54948","bucket":"73aabb4b-7faa-4828-b969-a153dcd15958"} | ret=SUCCESS |  
]]></system-out>
  </testcase>
  <testcase name="testSetECReplicationConfigOnBucket" classname="org.apache.hadoop.ozone.client.rpc.TestSecureOzoneRpcClient" time="0.014">
    <system-out><![CDATA[2025-10-17 11:03:11,773 [ForkJoinPool-1-worker-1] INFO  rpc.RpcClient (RpcClient.java:createVolume(461)) - Creating Volume: d7b1961d-4090-4c9d-b0da-cd5a4f8e6a5a, with runner as owner and space quota set to -1 bytes, counts quota set to -1
2025-10-17 11:03:11,774 [om1-OMStateMachineApplyTransactionThread - 0] INFO  volume.OMVolumeCreateRequest (OMVolumeCreateRequest.java:validateAndUpdateCache(213)) - created volume:d7b1961d-4090-4c9d-b0da-cd5a4f8e6a5a for user:runner
2025-10-17 11:03:11,774 | INFO  | OMAudit | user=runner | ip=127.0.0.1 | op=CREATE_VOLUME {"admin":"runner","owner":"runner","volume":"d7b1961d-4090-4c9d-b0da-cd5a4f8e6a5a","creationTime":"1760698991773","modificationTime":"1760698991773","quotaInBytes":"-1","quotaInNamespace":"-1","usedNamespace":"0","objectID":"-9223372036854294272","updateID":"1881","Transaction":"1881"} | ret=SUCCESS |  
2025-10-17 11:03:11,775 | INFO  | OMAudit | user=runner | ip=127.0.0.1 | op=READ_VOLUME {"volume":"d7b1961d-4090-4c9d-b0da-cd5a4f8e6a5a"} | ret=SUCCESS |  
2025-10-17 11:03:11,775 [ForkJoinPool-1-worker-1] INFO  rpc.RpcClient (RpcClient.java:createBucket(686)) - Creating Bucket: d7b1961d-4090-4c9d-b0da-cd5a4f8e6a5a/718a2c70-5dd2-4171-b3f0-0dfb5f6742b7, with server-side default bucket layout, runner as owner, Versioning true, Storage Type set to DISK and Encryption set to false, Replication Type set to STAND_ALONE, Namespace Quota set to -1, Space Quota set to -1 
2025-10-17 11:03:11,777 [om1-OMStateMachineApplyTransactionThread - 0] INFO  bucket.OMBucketCreateRequest (OMBucketCreateRequest.java:validateAndUpdateCache(303)) - created bucket: 718a2c70-5dd2-4171-b3f0-0dfb5f6742b7 of layout FILE_SYSTEM_OPTIMIZED in volume: d7b1961d-4090-4c9d-b0da-cd5a4f8e6a5a
2025-10-17 11:03:11,777 | INFO  | OMAudit | user=runner | ip=127.0.0.1 | op=CREATE_BUCKET {"volume":"d7b1961d-4090-4c9d-b0da-cd5a4f8e6a5a","bucket":"718a2c70-5dd2-4171-b3f0-0dfb5f6742b7","bucketLayout":"FILE_SYSTEM_OPTIMIZED","gdprEnabled":null,"acls":"[user:runner:a[ACCESS], group:runner:rl[ACCESS]]","isVersionEnabled":"true","storageType":"DISK","creationTime":"1760698991776","bucketEncryptionKey":null,"modificationTime":"1760698991776","usedBytes":"0","usedNamespace":"0","snapshotUsedBytes":"0","snapshotUsedNamespace":"0","owner":"runner","replicationType":"STAND_ALONE","replicationConfig":"ONE","quotaInBytes":"-1","quotaInNamespace":"-1","Transaction":"1882"} | ret=SUCCESS |  
2025-10-17 11:03:11,778 | INFO  | OMAudit | user=runner | ip=127.0.0.1 | op=READ_BUCKET {"volume":"d7b1961d-4090-4c9d-b0da-cd5a4f8e6a5a","bucket":"718a2c70-5dd2-4171-b3f0-0dfb5f6742b7"} | ret=SUCCESS |  
2025-10-17 11:03:11,779 | INFO  | OMAudit | user=runner | ip=127.0.0.1 | op=UPDATE_BUCKET {"volume":"d7b1961d-4090-4c9d-b0da-cd5a4f8e6a5a","bucket":"718a2c70-5dd2-4171-b3f0-0dfb5f6742b7","gdprEnabled":null,"isVersionEnabled":"null","replicationType":"EC","replicationConfig":"rs-3-2-1024k","Transaction":"1883"} | ret=SUCCESS |  
2025-10-17 11:03:11,780 | INFO  | OMAudit | user=runner | ip=127.0.0.1 | op=READ_BUCKET {"volume":"d7b1961d-4090-4c9d-b0da-cd5a4f8e6a5a","bucket":"718a2c70-5dd2-4171-b3f0-0dfb5f6742b7"} | ret=SUCCESS |  
2025-10-17 11:03:11,783 | INFO  | OMAudit | user=runner | ip=127.0.0.1 | op=UPDATE_BUCKET {"volume":"d7b1961d-4090-4c9d-b0da-cd5a4f8e6a5a","bucket":"718a2c70-5dd2-4171-b3f0-0dfb5f6742b7","gdprEnabled":null,"isVersionEnabled":"null","replicationType":"RATIS","replicationConfig":"THREE","Transaction":"1884"} | ret=SUCCESS |  
2025-10-17 11:03:11,784 | INFO  | OMAudit | user=runner | ip=127.0.0.1 | op=READ_BUCKET {"volume":"d7b1961d-4090-4c9d-b0da-cd5a4f8e6a5a","bucket":"718a2c70-5dd2-4171-b3f0-0dfb5f6742b7"} | ret=SUCCESS |  
2025-10-17 11:03:11,785 | INFO  | OMAudit | user=runner | ip=127.0.0.1 | op=UPDATE_BUCKET {"volume":"d7b1961d-4090-4c9d-b0da-cd5a4f8e6a5a","bucket":"718a2c70-5dd2-4171-b3f0-0dfb5f6742b7","gdprEnabled":null,"isVersionEnabled":"null","replicationType":"STAND_ALONE","replicationConfig":"ONE","Transaction":"1885"} | ret=SUCCESS |  
]]></system-out>
  </testcase>
  <testcase name="testSetS3VolumeAcl" classname="org.apache.hadoop.ozone.client.rpc.TestSecureOzoneRpcClient" time="0.004">
    <system-out><![CDATA[2025-10-17 11:03:11,788 | INFO  | OMAudit | user=runner | ip=127.0.0.1 | op=ADD_ACL {"resourceType":"volume","storageType":"ozone","volume":"s3v","bucket":null,"key":null,"acl":"[user:remoteUser:w[DEFAULT]]","Transaction":"1886"} | ret=SUCCESS |  
2025-10-17 11:03:11,789 | INFO  | OMAudit | user=runner | ip=127.0.0.1 | op=GET_ACL {"resourceType":"volume","storageType":"ozone","volume":"s3v","bucket":null,"key":null} | ret=SUCCESS |  
]]></system-out>
  </testcase>
  <testcase name="testSetVolumeQuota" classname="org.apache.hadoop.ozone.client.rpc.TestSecureOzoneRpcClient" time="0.01">
    <system-out><![CDATA[2025-10-17 11:03:11,790 [ForkJoinPool-1-worker-1] INFO  rpc.RpcClient (RpcClient.java:createVolume(461)) - Creating Volume: 6f8ec498-a4f5-43c3-b0e2-4ab1b8fdec82, with runner as owner and space quota set to -1 bytes, counts quota set to -1
2025-10-17 11:03:11,792 [om1-OMStateMachineApplyTransactionThread - 0] INFO  volume.OMVolumeCreateRequest (OMVolumeCreateRequest.java:validateAndUpdateCache(213)) - created volume:6f8ec498-a4f5-43c3-b0e2-4ab1b8fdec82 for user:runner
2025-10-17 11:03:11,792 | INFO  | OMAudit | user=runner | ip=127.0.0.1 | op=CREATE_VOLUME {"admin":"runner","owner":"runner","volume":"6f8ec498-a4f5-43c3-b0e2-4ab1b8fdec82","creationTime":"1760698991791","modificationTime":"1760698991791","quotaInBytes":"-1","quotaInNamespace":"-1","usedNamespace":"0","objectID":"-9223372036854292736","updateID":"1887","Transaction":"1887"} | ret=SUCCESS |  
2025-10-17 11:03:11,793 | INFO  | OMAudit | user=runner | ip=127.0.0.1 | op=READ_VOLUME {"volume":"6f8ec498-a4f5-43c3-b0e2-4ab1b8fdec82"} | ret=SUCCESS |  
2025-10-17 11:03:11,794 | INFO  | OMAudit | user=runner | ip=127.0.0.1 | op=READ_VOLUME {"volume":"6f8ec498-a4f5-43c3-b0e2-4ab1b8fdec82"} | ret=SUCCESS |  
2025-10-17 11:03:11,795 | INFO  | OMAudit | user=runner | ip=127.0.0.1 | op=READ_VOLUME {"volume":"6f8ec498-a4f5-43c3-b0e2-4ab1b8fdec82"} | ret=SUCCESS |  
2025-10-17 11:03:11,796 | INFO  | OMAudit | user=runner | ip=127.0.0.1 | op=READ_VOLUME {"volume":"6f8ec498-a4f5-43c3-b0e2-4ab1b8fdec82"} | ret=SUCCESS |  
2025-10-17 11:03:11,798 | INFO  | OMAudit | user=runner | ip=127.0.0.1 | op=SET_QUOTA {"volume":"6f8ec498-a4f5-43c3-b0e2-4ab1b8fdec82","quotaInBytes":"1073741824","Transaction":"1888"} | ret=SUCCESS |  
2025-10-17 11:03:11,799 | INFO  | OMAudit | user=runner | ip=127.0.0.1 | op=READ_VOLUME {"volume":"6f8ec498-a4f5-43c3-b0e2-4ab1b8fdec82"} | ret=SUCCESS |  
]]></system-out>
  </testcase>
  <testcase name="testSetVolumeQuotaIllegal" classname="org.apache.hadoop.ozone.client.rpc.TestSecureOzoneRpcClient" time="0.007">
    <system-out><![CDATA[2025-10-17 11:03:11,801 [ForkJoinPool-1-worker-1] INFO  rpc.RpcClient (RpcClient.java:createVolume(461)) - Creating Volume: 56bc9c6e-acf4-4ee7-85f3-599846678c7c, with runner as owner and space quota set to -1 bytes, counts quota set to -1
2025-10-17 11:03:11,802 [om1-OMStateMachineApplyTransactionThread - 0] INFO  volume.OMVolumeCreateRequest (OMVolumeCreateRequest.java:validateAndUpdateCache(213)) - created volume:56bc9c6e-acf4-4ee7-85f3-599846678c7c for user:runner
2025-10-17 11:03:11,802 | INFO  | OMAudit | user=runner | ip=127.0.0.1 | op=CREATE_VOLUME {"admin":"runner","owner":"runner","volume":"56bc9c6e-acf4-4ee7-85f3-599846678c7c","creationTime":"1760698991801","modificationTime":"1760698991801","quotaInBytes":"-1","quotaInNamespace":"-1","usedNamespace":"0","objectID":"-9223372036854292224","updateID":"1889","Transaction":"1889"} | ret=SUCCESS |  
2025-10-17 11:03:11,803 | INFO  | OMAudit | user=runner | ip=127.0.0.1 | op=READ_VOLUME {"volume":"56bc9c6e-acf4-4ee7-85f3-599846678c7c"} | ret=SUCCESS |  
2025-10-17 11:03:11,805 | INFO  | OMAudit | user=runner | ip=127.0.0.1 | op=READ_VOLUME {"volume":"56bc9c6e-acf4-4ee7-85f3-599846678c7c"} | ret=SUCCESS |  
2025-10-17 11:03:11,805 | INFO  | OMAudit | user=runner | ip=127.0.0.1 | op=READ_VOLUME {"volume":"56bc9c6e-acf4-4ee7-85f3-599846678c7c"} | ret=SUCCESS |  
2025-10-17 11:03:11,806 | INFO  | OMAudit | user=runner | ip=127.0.0.1 | op=READ_VOLUME {"volume":"56bc9c6e-acf4-4ee7-85f3-599846678c7c"} | ret=SUCCESS |  
2025-10-17 11:03:11,807 | INFO  | OMAudit | user=runner | ip=127.0.0.1 | op=READ_VOLUME {"volume":"56bc9c6e-acf4-4ee7-85f3-599846678c7c"} | ret=SUCCESS |  
]]></system-out>
  </testcase>
  <testcase name="testUploadPartOverride(ReplicationConfig)[1]" classname="org.apache.hadoop.ozone.client.rpc.TestSecureOzoneRpcClient" time="0.03">
    <system-out><![CDATA[2025-10-17 11:03:11,809 [ForkJoinPool-1-worker-1] INFO  rpc.RpcClient (RpcClient.java:createVolume(461)) - Creating Volume: b16dddfb-c7a7-4d45-bc96-680e0c28e762, with runner as owner and space quota set to -1 bytes, counts quota set to -1
2025-10-17 11:03:11,811 [om1-OMStateMachineApplyTransactionThread - 0] INFO  volume.OMVolumeCreateRequest (OMVolumeCreateRequest.java:validateAndUpdateCache(213)) - created volume:b16dddfb-c7a7-4d45-bc96-680e0c28e762 for user:runner
2025-10-17 11:03:11,811 | INFO  | OMAudit | user=runner | ip=127.0.0.1 | op=CREATE_VOLUME {"admin":"runner","owner":"runner","volume":"b16dddfb-c7a7-4d45-bc96-680e0c28e762","creationTime":"1760698991810","modificationTime":"1760698991810","quotaInBytes":"-1","quotaInNamespace":"-1","usedNamespace":"0","objectID":"-9223372036854291968","updateID":"1890","Transaction":"1890"} | ret=SUCCESS |  
2025-10-17 11:03:11,812 | INFO  | OMAudit | user=runner | ip=127.0.0.1 | op=READ_VOLUME {"volume":"b16dddfb-c7a7-4d45-bc96-680e0c28e762"} | ret=SUCCESS |  
2025-10-17 11:03:11,812 [ForkJoinPool-1-worker-1] INFO  rpc.RpcClient (RpcClient.java:createBucket(686)) - Creating Bucket: b16dddfb-c7a7-4d45-bc96-680e0c28e762/d0f21d71-d4f5-460c-ae7e-c7ca324505e6, with server-side default bucket layout, runner as owner, Versioning false, Storage Type set to DISK and Encryption set to false, Replication Type set to server-side default replication type, Namespace Quota set to -1, Space Quota set to -1 
2025-10-17 11:03:11,813 [om1-OMStateMachineApplyTransactionThread - 0] INFO  bucket.OMBucketCreateRequest (OMBucketCreateRequest.java:validateAndUpdateCache(303)) - created bucket: d0f21d71-d4f5-460c-ae7e-c7ca324505e6 of layout FILE_SYSTEM_OPTIMIZED in volume: b16dddfb-c7a7-4d45-bc96-680e0c28e762
2025-10-17 11:03:11,814 | INFO  | OMAudit | user=runner | ip=127.0.0.1 | op=CREATE_BUCKET {"volume":"b16dddfb-c7a7-4d45-bc96-680e0c28e762","bucket":"d0f21d71-d4f5-460c-ae7e-c7ca324505e6","bucketLayout":"FILE_SYSTEM_OPTIMIZED","gdprEnabled":null,"acls":"[user:runner:a[ACCESS], group:runner:rl[ACCESS]]","isVersionEnabled":"false","storageType":"DISK","creationTime":"1760698991813","bucketEncryptionKey":null,"modificationTime":"1760698991813","usedBytes":"0","usedNamespace":"0","snapshotUsedBytes":"0","snapshotUsedNamespace":"0","owner":"runner","replicationType":null,"replicationConfig":null,"quotaInBytes":"-1","quotaInNamespace":"-1","Transaction":"1891"} | ret=SUCCESS |  
2025-10-17 11:03:11,815 | INFO  | OMAudit | user=runner | ip=127.0.0.1 | op=READ_BUCKET {"volume":"b16dddfb-c7a7-4d45-bc96-680e0c28e762","bucket":"d0f21d71-d4f5-460c-ae7e-c7ca324505e6"} | ret=SUCCESS |  
2025-10-17 11:03:11,817 | INFO  | OMAudit | user=runner | ip=127.0.0.1 | op=INITIATE_MULTIPART_UPLOAD {"volume":"b16dddfb-c7a7-4d45-bc96-680e0c28e762","bucket":"d0f21d71-d4f5-460c-ae7e-c7ca324505e6","key":"aeb91efa-6908-4d7b-b6a8-03f594bc5ecb","dataSize":"0","replicationType":"RATIS","replicationFactor":"ONE","uploadID":"0199f1d6-84c8-7c83-9471-d36d48371568-115389169127653844","Transaction":"1892"} | ret=SUCCESS |  
2025-10-17 11:03:11,820 | INFO  | OMAudit | user=runner | ip=127.0.0.1 | op=ALLOCATE_KEY {"volume":"b16dddfb-c7a7-4d45-bc96-680e0c28e762","bucket":"d0f21d71-d4f5-460c-ae7e-c7ca324505e6","key":"aeb91efa-6908-4d7b-b6a8-03f594bc5ecb","dataSize":"12","Transaction":"1893"} | ret=SUCCESS |  
2025-10-17 11:03:11,821 | INFO  | SCMAudit | user=runner | ip=127.0.0.1 | op=ALLOCATE_BLOCK {"replication":"RATIS/ONE","owner":"omServiceIdDefault","size":"4194304","sampleBlocks":"[conID: 6 locID: 115816896921600524]","num":"1","client":"","allocated":"1"} | ret=SUCCESS |  
2025-10-17 11:03:11,823 | INFO  | OMAudit | user=runner | ip=127.0.0.1 | op=ALLOCATE_BLOCK {"volume":"b16dddfb-c7a7-4d45-bc96-680e0c28e762","bucket":"d0f21d71-d4f5-460c-ae7e-c7ca324505e6","key":"aeb91efa-6908-4d7b-b6a8-03f594bc5ecb","dataSize":"12","replicationType":"RATIS","replicationFactor":"ONE","clientID":"115389169127850453","Transaction":"1894"} | ret=SUCCESS |  
2025-10-17 11:03:11,829 | INFO  | OMAudit | user=runner | ip=127.0.0.1 | op=COMMIT_MULTIPART_UPLOAD_PARTKEY {"volume":"b16dddfb-c7a7-4d45-bc96-680e0c28e762","bucket":"d0f21d71-d4f5-460c-ae7e-c7ca324505e6","key":"aeb91efa-6908-4d7b-b6a8-03f594bc5ecb","dataSize":"12","ETag":"1f8d5e1785e8ff978c10fa408d915c7e","uploadID":"0199f1d6-84c8-7c83-9471-d36d48371568-115389169127653844","partNumber":"1","partName":"/b16dddfb-c7a7-4d45-bc96-680e0c28e762/d0f21d71-d4f5-460c-ae7e-c7ca324505e6/aeb91efa-6908-4d7b-b6a8-03f594bc5ecb-0199f1d6-84c8-7c83-9471-d36d48371568-115389169127653844-1","Transaction":"1895"} | ret=SUCCESS |  
2025-10-17 11:03:11,831 | INFO  | OMAudit | user=runner | ip=127.0.0.1 | op=ALLOCATE_KEY {"volume":"b16dddfb-c7a7-4d45-bc96-680e0c28e762","bucket":"d0f21d71-d4f5-460c-ae7e-c7ca324505e6","key":"aeb91efa-6908-4d7b-b6a8-03f594bc5ecb","dataSize":"19","Transaction":"1896"} | ret=SUCCESS |  
2025-10-17 11:03:11,833 | INFO  | SCMAudit | user=runner | ip=127.0.0.1 | op=ALLOCATE_BLOCK {"replication":"RATIS/ONE","owner":"omServiceIdDefault","size":"4194304","sampleBlocks":"[conID: 12 locID: 115816896921600525]","num":"1","client":"","allocated":"1"} | ret=SUCCESS |  
2025-10-17 11:03:11,834 | INFO  | OMAudit | user=runner | ip=127.0.0.1 | op=ALLOCATE_BLOCK {"volume":"b16dddfb-c7a7-4d45-bc96-680e0c28e762","bucket":"d0f21d71-d4f5-460c-ae7e-c7ca324505e6","key":"aeb91efa-6908-4d7b-b6a8-03f594bc5ecb","dataSize":"19","replicationType":"RATIS","replicationFactor":"ONE","clientID":"115389169128636886","Transaction":"1897"} | ret=SUCCESS |  
2025-10-17 11:03:11,839 | INFO  | OMAudit | user=runner | ip=127.0.0.1 | op=COMMIT_MULTIPART_UPLOAD_PARTKEY {"volume":"b16dddfb-c7a7-4d45-bc96-680e0c28e762","bucket":"d0f21d71-d4f5-460c-ae7e-c7ca324505e6","key":"aeb91efa-6908-4d7b-b6a8-03f594bc5ecb","dataSize":"4","ETag":"e12719338b2ff7c1f1e2c73fda9b6a17","uploadID":"0199f1d6-84c8-7c83-9471-d36d48371568-115389169127653844","partNumber":"1","partName":"/b16dddfb-c7a7-4d45-bc96-680e0c28e762/d0f21d71-d4f5-460c-ae7e-c7ca324505e6/aeb91efa-6908-4d7b-b6a8-03f594bc5ecb-0199f1d6-84c8-7c83-9471-d36d48371568-115389169127653844-1","Transaction":"1898"} | ret=SUCCESS |  
]]></system-out>
  </testcase>
  <testcase name="testUploadPartOverride(ReplicationConfig)[2]" classname="org.apache.hadoop.ozone.client.rpc.TestSecureOzoneRpcClient" time="0.029">
    <system-out><![CDATA[2025-10-17 11:03:11,840 [ForkJoinPool-1-worker-1] INFO  rpc.RpcClient (RpcClient.java:createVolume(461)) - Creating Volume: d537342d-438f-4946-906e-39722051037c, with runner as owner and space quota set to -1 bytes, counts quota set to -1
2025-10-17 11:03:11,842 [om1-OMStateMachineApplyTransactionThread - 0] INFO  volume.OMVolumeCreateRequest (OMVolumeCreateRequest.java:validateAndUpdateCache(213)) - created volume:d537342d-438f-4946-906e-39722051037c for user:runner
2025-10-17 11:03:11,842 | INFO  | OMAudit | user=runner | ip=127.0.0.1 | op=CREATE_VOLUME {"admin":"runner","owner":"runner","volume":"d537342d-438f-4946-906e-39722051037c","creationTime":"1760698991841","modificationTime":"1760698991841","quotaInBytes":"-1","quotaInNamespace":"-1","usedNamespace":"0","objectID":"-9223372036854289664","updateID":"1899","Transaction":"1899"} | ret=SUCCESS |  
2025-10-17 11:03:11,843 | INFO  | OMAudit | user=runner | ip=127.0.0.1 | op=READ_VOLUME {"volume":"d537342d-438f-4946-906e-39722051037c"} | ret=SUCCESS |  
2025-10-17 11:03:11,843 [ForkJoinPool-1-worker-1] INFO  rpc.RpcClient (RpcClient.java:createBucket(686)) - Creating Bucket: d537342d-438f-4946-906e-39722051037c/55823a18-c1a6-477c-a2cb-6a2c086cff01, with server-side default bucket layout, runner as owner, Versioning false, Storage Type set to DISK and Encryption set to false, Replication Type set to server-side default replication type, Namespace Quota set to -1, Space Quota set to -1 
2025-10-17 11:03:11,844 [om1-OMStateMachineApplyTransactionThread - 0] INFO  bucket.OMBucketCreateRequest (OMBucketCreateRequest.java:validateAndUpdateCache(303)) - created bucket: 55823a18-c1a6-477c-a2cb-6a2c086cff01 of layout FILE_SYSTEM_OPTIMIZED in volume: d537342d-438f-4946-906e-39722051037c
2025-10-17 11:03:11,844 | INFO  | OMAudit | user=runner | ip=127.0.0.1 | op=CREATE_BUCKET {"volume":"d537342d-438f-4946-906e-39722051037c","bucket":"55823a18-c1a6-477c-a2cb-6a2c086cff01","bucketLayout":"FILE_SYSTEM_OPTIMIZED","gdprEnabled":null,"acls":"[user:runner:a[ACCESS], group:runner:rl[ACCESS]]","isVersionEnabled":"false","storageType":"DISK","creationTime":"1760698991843","bucketEncryptionKey":null,"modificationTime":"1760698991843","usedBytes":"0","usedNamespace":"0","snapshotUsedBytes":"0","snapshotUsedNamespace":"0","owner":"runner","replicationType":null,"replicationConfig":null,"quotaInBytes":"-1","quotaInNamespace":"-1","Transaction":"1900"} | ret=SUCCESS |  
2025-10-17 11:03:11,845 | INFO  | OMAudit | user=runner | ip=127.0.0.1 | op=READ_BUCKET {"volume":"d537342d-438f-4946-906e-39722051037c","bucket":"55823a18-c1a6-477c-a2cb-6a2c086cff01"} | ret=SUCCESS |  
2025-10-17 11:03:11,846 | INFO  | OMAudit | user=runner | ip=127.0.0.1 | op=INITIATE_MULTIPART_UPLOAD {"volume":"d537342d-438f-4946-906e-39722051037c","bucket":"55823a18-c1a6-477c-a2cb-6a2c086cff01","key":"5f46f92c-8db8-4288-8db6-60e473569cb7","dataSize":"0","replicationType":"RATIS","replicationFactor":"THREE","uploadID":"0199f1d6-84e5-7f10-9299-7e0aecdfc4f6-115389169129554391","Transaction":"1901"} | ret=SUCCESS |  
2025-10-17 11:03:11,848 | INFO  | OMAudit | user=runner | ip=127.0.0.1 | op=ALLOCATE_KEY {"volume":"d537342d-438f-4946-906e-39722051037c","bucket":"55823a18-c1a6-477c-a2cb-6a2c086cff01","key":"5f46f92c-8db8-4288-8db6-60e473569cb7","dataSize":"12","Transaction":"1902"} | ret=SUCCESS |  
2025-10-17 11:03:11,849 | INFO  | SCMAudit | user=runner | ip=127.0.0.1 | op=ALLOCATE_BLOCK {"replication":"RATIS/THREE","owner":"omServiceIdDefault","size":"4194304","sampleBlocks":"[conID: 19 locID: 115816896921600526]","num":"1","client":"","allocated":"1"} | ret=SUCCESS |  
2025-10-17 11:03:11,851 | INFO  | OMAudit | user=runner | ip=127.0.0.1 | op=ALLOCATE_BLOCK {"volume":"d537342d-438f-4946-906e-39722051037c","bucket":"55823a18-c1a6-477c-a2cb-6a2c086cff01","key":"5f46f92c-8db8-4288-8db6-60e473569cb7","dataSize":"12","replicationType":"RATIS","replicationFactor":"THREE","clientID":"115389169129685464","Transaction":"1903"} | ret=SUCCESS |  
2025-10-17 11:03:11,857 | INFO  | OMAudit | user=runner | ip=127.0.0.1 | op=COMMIT_MULTIPART_UPLOAD_PARTKEY {"volume":"d537342d-438f-4946-906e-39722051037c","bucket":"55823a18-c1a6-477c-a2cb-6a2c086cff01","key":"5f46f92c-8db8-4288-8db6-60e473569cb7","dataSize":"12","ETag":"1f8d5e1785e8ff978c10fa408d915c7e","uploadID":"0199f1d6-84e5-7f10-9299-7e0aecdfc4f6-115389169129554391","partNumber":"1","partName":"/d537342d-438f-4946-906e-39722051037c/55823a18-c1a6-477c-a2cb-6a2c086cff01/5f46f92c-8db8-4288-8db6-60e473569cb7-0199f1d6-84e5-7f10-9299-7e0aecdfc4f6-115389169129554391-1","Transaction":"1904"} | ret=SUCCESS |  
2025-10-17 11:03:11,859 | INFO  | OMAudit | user=runner | ip=127.0.0.1 | op=ALLOCATE_KEY {"volume":"d537342d-438f-4946-906e-39722051037c","bucket":"55823a18-c1a6-477c-a2cb-6a2c086cff01","key":"5f46f92c-8db8-4288-8db6-60e473569cb7","dataSize":"19","Transaction":"1905"} | ret=SUCCESS |  
2025-10-17 11:03:11,861 | INFO  | SCMAudit | user=runner | ip=127.0.0.1 | op=ALLOCATE_BLOCK {"replication":"RATIS/THREE","owner":"omServiceIdDefault","size":"4194304","sampleBlocks":"[conID: 15 locID: 115816896921600527]","num":"1","client":"","allocated":"1"} | ret=SUCCESS |  
2025-10-17 11:03:11,862 | INFO  | OMAudit | user=runner | ip=127.0.0.1 | op=ALLOCATE_BLOCK {"volume":"d537342d-438f-4946-906e-39722051037c","bucket":"55823a18-c1a6-477c-a2cb-6a2c086cff01","key":"5f46f92c-8db8-4288-8db6-60e473569cb7","dataSize":"19","replicationType":"RATIS","replicationFactor":"THREE","clientID":"115389169130471897","Transaction":"1906"} | ret=SUCCESS |  
2025-10-17 11:03:11,868 | INFO  | OMAudit | user=runner | ip=127.0.0.1 | op=COMMIT_MULTIPART_UPLOAD_PARTKEY {"volume":"d537342d-438f-4946-906e-39722051037c","bucket":"55823a18-c1a6-477c-a2cb-6a2c086cff01","key":"5f46f92c-8db8-4288-8db6-60e473569cb7","dataSize":"4","ETag":"e12719338b2ff7c1f1e2c73fda9b6a17","uploadID":"0199f1d6-84e5-7f10-9299-7e0aecdfc4f6-115389169129554391","partNumber":"1","partName":"/d537342d-438f-4946-906e-39722051037c/55823a18-c1a6-477c-a2cb-6a2c086cff01/5f46f92c-8db8-4288-8db6-60e473569cb7-0199f1d6-84e5-7f10-9299-7e0aecdfc4f6-115389169129554391-1","Transaction":"1907"} | ret=SUCCESS |  
]]></system-out>
  </testcase>
  <testcase name="testUploadPartOverride(ReplicationConfig)[3]" classname="org.apache.hadoop.ozone.client.rpc.TestSecureOzoneRpcClient" time="0.051">
    <system-out><![CDATA[2025-10-17 11:03:11,871 [ForkJoinPool-1-worker-1] INFO  rpc.RpcClient (RpcClient.java:createVolume(461)) - Creating Volume: e5b13f2e-a9e2-4dd5-98ce-6d0d866d99c3, with runner as owner and space quota set to -1 bytes, counts quota set to -1
2025-10-17 11:03:11,872 [om1-OMStateMachineApplyTransactionThread - 0] INFO  volume.OMVolumeCreateRequest (OMVolumeCreateRequest.java:validateAndUpdateCache(213)) - created volume:e5b13f2e-a9e2-4dd5-98ce-6d0d866d99c3 for user:runner
2025-10-17 11:03:11,872 | INFO  | OMAudit | user=runner | ip=127.0.0.1 | op=CREATE_VOLUME {"admin":"runner","owner":"runner","volume":"e5b13f2e-a9e2-4dd5-98ce-6d0d866d99c3","creationTime":"1760698991871","modificationTime":"1760698991871","quotaInBytes":"-1","quotaInNamespace":"-1","usedNamespace":"0","objectID":"-9223372036854287360","updateID":"1908","Transaction":"1908"} | ret=SUCCESS |  
2025-10-17 11:03:11,873 | INFO  | OMAudit | user=runner | ip=127.0.0.1 | op=READ_VOLUME {"volume":"e5b13f2e-a9e2-4dd5-98ce-6d0d866d99c3"} | ret=SUCCESS |  
2025-10-17 11:03:11,873 [ForkJoinPool-1-worker-1] INFO  rpc.RpcClient (RpcClient.java:createBucket(686)) - Creating Bucket: e5b13f2e-a9e2-4dd5-98ce-6d0d866d99c3/ad6a8a03-7c6d-43c2-9369-40bfa76af146, with server-side default bucket layout, runner as owner, Versioning false, Storage Type set to DISK and Encryption set to false, Replication Type set to server-side default replication type, Namespace Quota set to -1, Space Quota set to -1 
2025-10-17 11:03:11,874 [om1-OMStateMachineApplyTransactionThread - 0] INFO  bucket.OMBucketCreateRequest (OMBucketCreateRequest.java:validateAndUpdateCache(303)) - created bucket: ad6a8a03-7c6d-43c2-9369-40bfa76af146 of layout FILE_SYSTEM_OPTIMIZED in volume: e5b13f2e-a9e2-4dd5-98ce-6d0d866d99c3
2025-10-17 11:03:11,874 | INFO  | OMAudit | user=runner | ip=127.0.0.1 | op=CREATE_BUCKET {"volume":"e5b13f2e-a9e2-4dd5-98ce-6d0d866d99c3","bucket":"ad6a8a03-7c6d-43c2-9369-40bfa76af146","bucketLayout":"FILE_SYSTEM_OPTIMIZED","gdprEnabled":null,"acls":"[user:runner:a[ACCESS], group:runner:rl[ACCESS]]","isVersionEnabled":"false","storageType":"DISK","creationTime":"1760698991874","bucketEncryptionKey":null,"modificationTime":"1760698991874","usedBytes":"0","usedNamespace":"0","snapshotUsedBytes":"0","snapshotUsedNamespace":"0","owner":"runner","replicationType":null,"replicationConfig":null,"quotaInBytes":"-1","quotaInNamespace":"-1","Transaction":"1909"} | ret=SUCCESS |  
2025-10-17 11:03:11,875 | INFO  | OMAudit | user=runner | ip=127.0.0.1 | op=READ_BUCKET {"volume":"e5b13f2e-a9e2-4dd5-98ce-6d0d866d99c3","bucket":"ad6a8a03-7c6d-43c2-9369-40bfa76af146"} | ret=SUCCESS |  
2025-10-17 11:03:11,876 | INFO  | OMAudit | user=runner | ip=127.0.0.1 | op=INITIATE_MULTIPART_UPLOAD {"volume":"e5b13f2e-a9e2-4dd5-98ce-6d0d866d99c3","bucket":"ad6a8a03-7c6d-43c2-9369-40bfa76af146","key":"f20e340b-0eac-4f70-8893-520b72e211ab","dataSize":"0","replicationType":"EC","replicationConfig":"rs-3-2-1048576","uploadID":"0199f1d6-8504-755d-ac08-0f5b2d204788-115389169131586010","Transaction":"1910"} | ret=SUCCESS |  
2025-10-17 11:03:11,879 | INFO  | OMAudit | user=runner | ip=127.0.0.1 | op=ALLOCATE_KEY {"volume":"e5b13f2e-a9e2-4dd5-98ce-6d0d866d99c3","bucket":"ad6a8a03-7c6d-43c2-9369-40bfa76af146","key":"f20e340b-0eac-4f70-8893-520b72e211ab","dataSize":"12","Transaction":"1911"} | ret=SUCCESS |  
2025-10-17 11:03:11,880 | INFO  | SCMAudit | user=runner | ip=127.0.0.1 | op=ALLOCATE_BLOCK {"replication":"EC{rs-3-2-1024k}","owner":"omServiceIdDefault","size":"4194304","sampleBlocks":"[conID: 25 locID: 115816896921600528]","num":"1","client":"","allocated":"1"} | ret=SUCCESS |  
2025-10-17 11:03:11,882 | INFO  | OMAudit | user=runner | ip=127.0.0.1 | op=ALLOCATE_BLOCK {"volume":"e5b13f2e-a9e2-4dd5-98ce-6d0d866d99c3","bucket":"ad6a8a03-7c6d-43c2-9369-40bfa76af146","key":"f20e340b-0eac-4f70-8893-520b72e211ab","dataSize":"12","replicationType":"EC","replicationConfig":"rs-3-2-1048576","clientID":"115389169131717083","Transaction":"1912"} | ret=SUCCESS |  
2025-10-17 11:03:11,900 | INFO  | OMAudit | user=runner | ip=127.0.0.1 | op=COMMIT_MULTIPART_UPLOAD_PARTKEY {"volume":"e5b13f2e-a9e2-4dd5-98ce-6d0d866d99c3","bucket":"ad6a8a03-7c6d-43c2-9369-40bfa76af146","key":"f20e340b-0eac-4f70-8893-520b72e211ab","dataSize":"12","ETag":"1f8d5e1785e8ff978c10fa408d915c7e","uploadID":"0199f1d6-8504-755d-ac08-0f5b2d204788-115389169131586010","partNumber":"1","partName":"/e5b13f2e-a9e2-4dd5-98ce-6d0d866d99c3/ad6a8a03-7c6d-43c2-9369-40bfa76af146/f20e340b-0eac-4f70-8893-520b72e211ab-0199f1d6-8504-755d-ac08-0f5b2d204788-115389169131586010-1","Transaction":"1913"} | ret=SUCCESS |  
2025-10-17 11:03:11,902 | INFO  | OMAudit | user=runner | ip=127.0.0.1 | op=ALLOCATE_KEY {"volume":"e5b13f2e-a9e2-4dd5-98ce-6d0d866d99c3","bucket":"ad6a8a03-7c6d-43c2-9369-40bfa76af146","key":"f20e340b-0eac-4f70-8893-520b72e211ab","dataSize":"19","Transaction":"1914"} | ret=SUCCESS |  
2025-10-17 11:03:11,904 | INFO  | SCMAudit | user=runner | ip=127.0.0.1 | op=ALLOCATE_BLOCK {"replication":"EC{rs-3-2-1024k}","owner":"omServiceIdDefault","size":"4194304","sampleBlocks":"[conID: 24 locID: 115816896921600529]","num":"1","client":"","allocated":"1"} | ret=SUCCESS |  
2025-10-17 11:03:11,905 | INFO  | OMAudit | user=runner | ip=127.0.0.1 | op=ALLOCATE_BLOCK {"volume":"e5b13f2e-a9e2-4dd5-98ce-6d0d866d99c3","bucket":"ad6a8a03-7c6d-43c2-9369-40bfa76af146","key":"f20e340b-0eac-4f70-8893-520b72e211ab","dataSize":"19","replicationType":"EC","replicationConfig":"rs-3-2-1048576","clientID":"115389169133224412","Transaction":"1915"} | ret=SUCCESS |  
2025-10-17 11:03:11,920 | INFO  | OMAudit | user=runner | ip=127.0.0.1 | op=COMMIT_MULTIPART_UPLOAD_PARTKEY {"volume":"e5b13f2e-a9e2-4dd5-98ce-6d0d866d99c3","bucket":"ad6a8a03-7c6d-43c2-9369-40bfa76af146","key":"f20e340b-0eac-4f70-8893-520b72e211ab","dataSize":"4","ETag":"e12719338b2ff7c1f1e2c73fda9b6a17","uploadID":"0199f1d6-8504-755d-ac08-0f5b2d204788-115389169131586010","partNumber":"1","partName":"/e5b13f2e-a9e2-4dd5-98ce-6d0d866d99c3/ad6a8a03-7c6d-43c2-9369-40bfa76af146/f20e340b-0eac-4f70-8893-520b72e211ab-0199f1d6-8504-755d-ac08-0f5b2d204788-115389169131586010-1","Transaction":"1916"} | ret=SUCCESS |  
]]></system-out>
  </testcase>
  <testcase name="testUploadPartWithNoOverride(ReplicationConfig)[1]" classname="org.apache.hadoop.ozone.client.rpc.TestSecureOzoneRpcClient" time="0.019">
    <system-out><![CDATA[2025-10-17 11:03:11,924 [ForkJoinPool-1-worker-1] INFO  rpc.RpcClient (RpcClient.java:createVolume(461)) - Creating Volume: 0b2a0873-ef74-47ae-b75a-900e6b5b6ce4, with runner as owner and space quota set to -1 bytes, counts quota set to -1
2025-10-17 11:03:11,925 [om1-OMStateMachineApplyTransactionThread - 0] INFO  volume.OMVolumeCreateRequest (OMVolumeCreateRequest.java:validateAndUpdateCache(213)) - created volume:0b2a0873-ef74-47ae-b75a-900e6b5b6ce4 for user:runner
2025-10-17 11:03:11,925 | INFO  | OMAudit | user=runner | ip=127.0.0.1 | op=CREATE_VOLUME {"admin":"runner","owner":"runner","volume":"0b2a0873-ef74-47ae-b75a-900e6b5b6ce4","creationTime":"1760698991924","modificationTime":"1760698991924","quotaInBytes":"-1","quotaInNamespace":"-1","usedNamespace":"0","objectID":"-9223372036854285056","updateID":"1917","Transaction":"1917"} | ret=SUCCESS |  
2025-10-17 11:03:11,926 | INFO  | OMAudit | user=runner | ip=127.0.0.1 | op=READ_VOLUME {"volume":"0b2a0873-ef74-47ae-b75a-900e6b5b6ce4"} | ret=SUCCESS |  
2025-10-17 11:03:11,926 [ForkJoinPool-1-worker-1] INFO  rpc.RpcClient (RpcClient.java:createBucket(686)) - Creating Bucket: 0b2a0873-ef74-47ae-b75a-900e6b5b6ce4/0e2a424d-28c0-4951-9b5f-7ad101fd2340, with server-side default bucket layout, runner as owner, Versioning false, Storage Type set to DISK and Encryption set to false, Replication Type set to server-side default replication type, Namespace Quota set to -1, Space Quota set to -1 
2025-10-17 11:03:11,928 [om1-OMStateMachineApplyTransactionThread - 0] INFO  bucket.OMBucketCreateRequest (OMBucketCreateRequest.java:validateAndUpdateCache(303)) - created bucket: 0e2a424d-28c0-4951-9b5f-7ad101fd2340 of layout FILE_SYSTEM_OPTIMIZED in volume: 0b2a0873-ef74-47ae-b75a-900e6b5b6ce4
2025-10-17 11:03:11,928 | INFO  | OMAudit | user=runner | ip=127.0.0.1 | op=CREATE_BUCKET {"volume":"0b2a0873-ef74-47ae-b75a-900e6b5b6ce4","bucket":"0e2a424d-28c0-4951-9b5f-7ad101fd2340","bucketLayout":"FILE_SYSTEM_OPTIMIZED","gdprEnabled":null,"acls":"[user:runner:a[ACCESS], group:runner:rl[ACCESS]]","isVersionEnabled":"false","storageType":"DISK","creationTime":"1760698991927","bucketEncryptionKey":null,"modificationTime":"1760698991927","usedBytes":"0","usedNamespace":"0","snapshotUsedBytes":"0","snapshotUsedNamespace":"0","owner":"runner","replicationType":null,"replicationConfig":null,"quotaInBytes":"-1","quotaInNamespace":"-1","Transaction":"1918"} | ret=SUCCESS |  
2025-10-17 11:03:11,929 | INFO  | OMAudit | user=runner | ip=127.0.0.1 | op=READ_BUCKET {"volume":"0b2a0873-ef74-47ae-b75a-900e6b5b6ce4","bucket":"0e2a424d-28c0-4951-9b5f-7ad101fd2340"} | ret=SUCCESS |  
2025-10-17 11:03:11,931 | INFO  | OMAudit | user=runner | ip=127.0.0.1 | op=INITIATE_MULTIPART_UPLOAD {"volume":"0b2a0873-ef74-47ae-b75a-900e6b5b6ce4","bucket":"0e2a424d-28c0-4951-9b5f-7ad101fd2340","key":"316c777d-74db-4c06-b5e3-fa696db77ace","dataSize":"0","replicationType":"RATIS","replicationFactor":"ONE","uploadID":"0199f1d6-853a-714e-8e72-418078cb0aa6-115389169135124957","Transaction":"1919"} | ret=SUCCESS |  
2025-10-17 11:03:11,933 | INFO  | OMAudit | user=runner | ip=127.0.0.1 | op=ALLOCATE_KEY {"volume":"0b2a0873-ef74-47ae-b75a-900e6b5b6ce4","bucket":"0e2a424d-28c0-4951-9b5f-7ad101fd2340","key":"316c777d-74db-4c06-b5e3-fa696db77ace","dataSize":"12","Transaction":"1920"} | ret=SUCCESS |  
2025-10-17 11:03:11,935 | INFO  | SCMAudit | user=runner | ip=127.0.0.1 | op=ALLOCATE_BLOCK {"replication":"RATIS/ONE","owner":"omServiceIdDefault","size":"4194304","sampleBlocks":"[conID: 7 locID: 115816896921600530]","num":"1","client":"","allocated":"1"} | ret=SUCCESS |  
2025-10-17 11:03:11,936 | INFO  | OMAudit | user=runner | ip=127.0.0.1 | op=ALLOCATE_BLOCK {"volume":"0b2a0873-ef74-47ae-b75a-900e6b5b6ce4","bucket":"0e2a424d-28c0-4951-9b5f-7ad101fd2340","key":"316c777d-74db-4c06-b5e3-fa696db77ace","dataSize":"12","replicationType":"RATIS","replicationFactor":"ONE","clientID":"115389169135256030","Transaction":"1921"} | ret=SUCCESS |  
2025-10-17 11:03:11,942 | INFO  | OMAudit | user=runner | ip=127.0.0.1 | op=COMMIT_MULTIPART_UPLOAD_PARTKEY {"volume":"0b2a0873-ef74-47ae-b75a-900e6b5b6ce4","bucket":"0e2a424d-28c0-4951-9b5f-7ad101fd2340","key":"316c777d-74db-4c06-b5e3-fa696db77ace","dataSize":"12","ETag":"1f8d5e1785e8ff978c10fa408d915c7e","uploadID":"0199f1d6-853a-714e-8e72-418078cb0aa6-115389169135124957","partNumber":"1","partName":"/0b2a0873-ef74-47ae-b75a-900e6b5b6ce4/0e2a424d-28c0-4951-9b5f-7ad101fd2340/316c777d-74db-4c06-b5e3-fa696db77ace-0199f1d6-853a-714e-8e72-418078cb0aa6-115389169135124957-1","Transaction":"1922"} | ret=SUCCESS |  
]]></system-out>
  </testcase>
  <testcase name="testUploadPartWithNoOverride(ReplicationConfig)[2]" classname="org.apache.hadoop.ozone.client.rpc.TestSecureOzoneRpcClient" time="0.022">
    <system-out><![CDATA[2025-10-17 11:03:11,944 [ForkJoinPool-1-worker-1] INFO  rpc.RpcClient (RpcClient.java:createVolume(461)) - Creating Volume: 81c8e256-a9c6-4e52-878a-cc84f1e1fac9, with runner as owner and space quota set to -1 bytes, counts quota set to -1
2025-10-17 11:03:11,945 [om1-OMStateMachineApplyTransactionThread - 0] INFO  volume.OMVolumeCreateRequest (OMVolumeCreateRequest.java:validateAndUpdateCache(213)) - created volume:81c8e256-a9c6-4e52-878a-cc84f1e1fac9 for user:runner
2025-10-17 11:03:11,945 | INFO  | OMAudit | user=runner | ip=127.0.0.1 | op=CREATE_VOLUME {"admin":"runner","owner":"runner","volume":"81c8e256-a9c6-4e52-878a-cc84f1e1fac9","creationTime":"1760698991944","modificationTime":"1760698991944","quotaInBytes":"-1","quotaInNamespace":"-1","usedNamespace":"0","objectID":"-9223372036854283520","updateID":"1923","Transaction":"1923"} | ret=SUCCESS |  
2025-10-17 11:03:11,946 | INFO  | OMAudit | user=runner | ip=127.0.0.1 | op=READ_VOLUME {"volume":"81c8e256-a9c6-4e52-878a-cc84f1e1fac9"} | ret=SUCCESS |  
2025-10-17 11:03:11,947 [ForkJoinPool-1-worker-1] INFO  rpc.RpcClient (RpcClient.java:createBucket(686)) - Creating Bucket: 81c8e256-a9c6-4e52-878a-cc84f1e1fac9/a674e40e-fafa-4550-9776-068982f8e0ba, with server-side default bucket layout, runner as owner, Versioning false, Storage Type set to DISK and Encryption set to false, Replication Type set to server-side default replication type, Namespace Quota set to -1, Space Quota set to -1 
2025-10-17 11:03:11,948 [om1-OMStateMachineApplyTransactionThread - 0] INFO  bucket.OMBucketCreateRequest (OMBucketCreateRequest.java:validateAndUpdateCache(303)) - created bucket: a674e40e-fafa-4550-9776-068982f8e0ba of layout FILE_SYSTEM_OPTIMIZED in volume: 81c8e256-a9c6-4e52-878a-cc84f1e1fac9
2025-10-17 11:03:11,948 | INFO  | OMAudit | user=runner | ip=127.0.0.1 | op=CREATE_BUCKET {"volume":"81c8e256-a9c6-4e52-878a-cc84f1e1fac9","bucket":"a674e40e-fafa-4550-9776-068982f8e0ba","bucketLayout":"FILE_SYSTEM_OPTIMIZED","gdprEnabled":null,"acls":"[user:runner:a[ACCESS], group:runner:rl[ACCESS]]","isVersionEnabled":"false","storageType":"DISK","creationTime":"1760698991947","bucketEncryptionKey":null,"modificationTime":"1760698991947","usedBytes":"0","usedNamespace":"0","snapshotUsedBytes":"0","snapshotUsedNamespace":"0","owner":"runner","replicationType":null,"replicationConfig":null,"quotaInBytes":"-1","quotaInNamespace":"-1","Transaction":"1924"} | ret=SUCCESS |  
2025-10-17 11:03:11,949 | INFO  | OMAudit | user=runner | ip=127.0.0.1 | op=READ_BUCKET {"volume":"81c8e256-a9c6-4e52-878a-cc84f1e1fac9","bucket":"a674e40e-fafa-4550-9776-068982f8e0ba"} | ret=SUCCESS |  
2025-10-17 11:03:11,951 | INFO  | OMAudit | user=runner | ip=127.0.0.1 | op=INITIATE_MULTIPART_UPLOAD {"volume":"81c8e256-a9c6-4e52-878a-cc84f1e1fac9","bucket":"a674e40e-fafa-4550-9776-068982f8e0ba","key":"faf0cbf4-f31f-4a15-88a5-05090aa47f9d","dataSize":"0","replicationType":"RATIS","replicationFactor":"THREE","uploadID":"0199f1d6-854e-7f33-9c52-c3dd3c7315ee-115389169136435679","Transaction":"1925"} | ret=SUCCESS |  
2025-10-17 11:03:11,953 | INFO  | OMAudit | user=runner | ip=127.0.0.1 | op=ALLOCATE_KEY {"volume":"81c8e256-a9c6-4e52-878a-cc84f1e1fac9","bucket":"a674e40e-fafa-4550-9776-068982f8e0ba","key":"faf0cbf4-f31f-4a15-88a5-05090aa47f9d","dataSize":"12","Transaction":"1926"} | ret=SUCCESS |  
2025-10-17 11:03:11,955 | INFO  | SCMAudit | user=runner | ip=127.0.0.1 | op=ALLOCATE_BLOCK {"replication":"RATIS/THREE","owner":"omServiceIdDefault","size":"4194304","sampleBlocks":"[conID: 22 locID: 115816896921600531]","num":"1","client":"","allocated":"1"} | ret=SUCCESS |  
2025-10-17 11:03:11,956 | INFO  | OMAudit | user=runner | ip=127.0.0.1 | op=ALLOCATE_BLOCK {"volume":"81c8e256-a9c6-4e52-878a-cc84f1e1fac9","bucket":"a674e40e-fafa-4550-9776-068982f8e0ba","key":"faf0cbf4-f31f-4a15-88a5-05090aa47f9d","dataSize":"12","replicationType":"RATIS","replicationFactor":"THREE","clientID":"115389169136566752","Transaction":"1927"} | ret=SUCCESS |  
2025-10-17 11:03:11,964 | INFO  | OMAudit | user=runner | ip=127.0.0.1 | op=COMMIT_MULTIPART_UPLOAD_PARTKEY {"volume":"81c8e256-a9c6-4e52-878a-cc84f1e1fac9","bucket":"a674e40e-fafa-4550-9776-068982f8e0ba","key":"faf0cbf4-f31f-4a15-88a5-05090aa47f9d","dataSize":"12","ETag":"1f8d5e1785e8ff978c10fa408d915c7e","uploadID":"0199f1d6-854e-7f33-9c52-c3dd3c7315ee-115389169136435679","partNumber":"1","partName":"/81c8e256-a9c6-4e52-878a-cc84f1e1fac9/a674e40e-fafa-4550-9776-068982f8e0ba/faf0cbf4-f31f-4a15-88a5-05090aa47f9d-0199f1d6-854e-7f33-9c52-c3dd3c7315ee-115389169136435679-1","Transaction":"1928"} | ret=SUCCESS |  
]]></system-out>
  </testcase>
  <testcase name="testUploadPartWithNoOverride(ReplicationConfig)[3]" classname="org.apache.hadoop.ozone.client.rpc.TestSecureOzoneRpcClient" time="0.02">
    <system-out><![CDATA[2025-10-17 11:03:11,966 [ForkJoinPool-1-worker-1] INFO  rpc.RpcClient (RpcClient.java:createVolume(461)) - Creating Volume: 14fb40c4-462f-41d5-a40f-5f5d6996d49c, with runner as owner and space quota set to -1 bytes, counts quota set to -1
2025-10-17 11:03:11,967 [om1-OMStateMachineApplyTransactionThread - 0] INFO  volume.OMVolumeCreateRequest (OMVolumeCreateRequest.java:validateAndUpdateCache(213)) - created volume:14fb40c4-462f-41d5-a40f-5f5d6996d49c for user:runner
2025-10-17 11:03:11,967 | INFO  | OMAudit | user=runner | ip=127.0.0.1 | op=CREATE_VOLUME {"admin":"runner","owner":"runner","volume":"14fb40c4-462f-41d5-a40f-5f5d6996d49c","creationTime":"1760698991967","modificationTime":"1760698991967","quotaInBytes":"-1","quotaInNamespace":"-1","usedNamespace":"0","objectID":"-9223372036854281984","updateID":"1929","Transaction":"1929"} | ret=SUCCESS |  
2025-10-17 11:03:11,968 | INFO  | OMAudit | user=runner | ip=127.0.0.1 | op=READ_VOLUME {"volume":"14fb40c4-462f-41d5-a40f-5f5d6996d49c"} | ret=SUCCESS |  
2025-10-17 11:03:11,969 [ForkJoinPool-1-worker-1] INFO  rpc.RpcClient (RpcClient.java:createBucket(686)) - Creating Bucket: 14fb40c4-462f-41d5-a40f-5f5d6996d49c/a6091b6e-01f8-416e-bdf0-6b8e90075d0e, with server-side default bucket layout, runner as owner, Versioning false, Storage Type set to DISK and Encryption set to false, Replication Type set to server-side default replication type, Namespace Quota set to -1, Space Quota set to -1 
2025-10-17 11:03:11,970 [om1-OMStateMachineApplyTransactionThread - 0] INFO  bucket.OMBucketCreateRequest (OMBucketCreateRequest.java:validateAndUpdateCache(303)) - created bucket: a6091b6e-01f8-416e-bdf0-6b8e90075d0e of layout FILE_SYSTEM_OPTIMIZED in volume: 14fb40c4-462f-41d5-a40f-5f5d6996d49c
2025-10-17 11:03:11,970 | INFO  | OMAudit | user=runner | ip=127.0.0.1 | op=CREATE_BUCKET {"volume":"14fb40c4-462f-41d5-a40f-5f5d6996d49c","bucket":"a6091b6e-01f8-416e-bdf0-6b8e90075d0e","bucketLayout":"FILE_SYSTEM_OPTIMIZED","gdprEnabled":null,"acls":"[user:runner:a[ACCESS], group:runner:rl[ACCESS]]","isVersionEnabled":"false","storageType":"DISK","creationTime":"1760698991969","bucketEncryptionKey":null,"modificationTime":"1760698991969","usedBytes":"0","usedNamespace":"0","snapshotUsedBytes":"0","snapshotUsedNamespace":"0","owner":"runner","replicationType":null,"replicationConfig":null,"quotaInBytes":"-1","quotaInNamespace":"-1","Transaction":"1930"} | ret=SUCCESS |  
2025-10-17 11:03:11,971 | INFO  | OMAudit | user=runner | ip=127.0.0.1 | op=READ_BUCKET {"volume":"14fb40c4-462f-41d5-a40f-5f5d6996d49c","bucket":"a6091b6e-01f8-416e-bdf0-6b8e90075d0e"} | ret=SUCCESS |  
2025-10-17 11:03:11,973 | INFO  | OMAudit | user=runner | ip=127.0.0.1 | op=INITIATE_MULTIPART_UPLOAD {"volume":"14fb40c4-462f-41d5-a40f-5f5d6996d49c","bucket":"a6091b6e-01f8-416e-bdf0-6b8e90075d0e","key":"3a02ed3e-d2be-43cb-9485-6a5201d60582","dataSize":"0","replicationType":"EC","replicationConfig":"rs-3-2-1048576","uploadID":"0199f1d6-8564-7c47-af75-94e4eadf546c-115389169137877473","Transaction":"1931"} | ret=SUCCESS |  
2025-10-17 11:03:11,975 | INFO  | OMAudit | user=runner | ip=127.0.0.1 | op=ALLOCATE_KEY {"volume":"14fb40c4-462f-41d5-a40f-5f5d6996d49c","bucket":"a6091b6e-01f8-416e-bdf0-6b8e90075d0e","key":"3a02ed3e-d2be-43cb-9485-6a5201d60582","dataSize":"12","Transaction":"1932"} | ret=SUCCESS |  
2025-10-17 11:03:11,977 | INFO  | SCMAudit | user=runner | ip=127.0.0.1 | op=ALLOCATE_BLOCK {"replication":"EC{rs-3-2-1024k}","owner":"omServiceIdDefault","size":"4194304","sampleBlocks":"[conID: 25 locID: 115816896921600532]","num":"1","client":"","allocated":"1"} | ret=SUCCESS |  
2025-10-17 11:03:11,978 | INFO  | OMAudit | user=runner | ip=127.0.0.1 | op=ALLOCATE_BLOCK {"volume":"14fb40c4-462f-41d5-a40f-5f5d6996d49c","bucket":"a6091b6e-01f8-416e-bdf0-6b8e90075d0e","key":"3a02ed3e-d2be-43cb-9485-6a5201d60582","dataSize":"12","replicationType":"EC","replicationConfig":"rs-3-2-1048576","clientID":"115389169138008546","Transaction":"1933"} | ret=SUCCESS |  
2025-10-17 11:03:11,985 | INFO  | OMAudit | user=runner | ip=127.0.0.1 | op=COMMIT_MULTIPART_UPLOAD_PARTKEY {"volume":"14fb40c4-462f-41d5-a40f-5f5d6996d49c","bucket":"a6091b6e-01f8-416e-bdf0-6b8e90075d0e","key":"3a02ed3e-d2be-43cb-9485-6a5201d60582","dataSize":"12","ETag":"1f8d5e1785e8ff978c10fa408d915c7e","uploadID":"0199f1d6-8564-7c47-af75-94e4eadf546c-115389169137877473","partNumber":"1","partName":"/14fb40c4-462f-41d5-a40f-5f5d6996d49c/a6091b6e-01f8-416e-bdf0-6b8e90075d0e/3a02ed3e-d2be-43cb-9485-6a5201d60582-0199f1d6-8564-7c47-af75-94e4eadf546c-115389169137877473-1","Transaction":"1934"} | ret=SUCCESS |  
]]></system-out>
  </testcase>
  <testcase name="testUploadWithStreamAndMemoryMappedBuffer(Path)" classname="org.apache.hadoop.ozone.client.rpc.TestSecureOzoneRpcClient" time="0.056">
    <system-out><![CDATA[2025-10-17 11:03:11,988 [ForkJoinPool-1-worker-1] INFO  rpc.RpcClient (RpcClient.java:createVolume(461)) - Creating Volume: vol-51a0543e-c980-405f-81ab-08131c6feee3, with runner as owner and space quota set to -1 bytes, counts quota set to -1
2025-10-17 11:03:11,990 [om1-OMStateMachineApplyTransactionThread - 0] INFO  volume.OMVolumeCreateRequest (OMVolumeCreateRequest.java:validateAndUpdateCache(213)) - created volume:vol-51a0543e-c980-405f-81ab-08131c6feee3 for user:runner
2025-10-17 11:03:11,990 | INFO  | OMAudit | user=runner | ip=127.0.0.1 | op=CREATE_VOLUME {"admin":"runner","owner":"runner","volume":"vol-51a0543e-c980-405f-81ab-08131c6feee3","creationTime":"1760698991989","modificationTime":"1760698991989","quotaInBytes":"-1","quotaInNamespace":"-1","usedNamespace":"0","objectID":"-9223372036854280448","updateID":"1935","Transaction":"1935"} | ret=SUCCESS |  
2025-10-17 11:03:11,991 | INFO  | OMAudit | user=runner | ip=127.0.0.1 | op=READ_VOLUME {"volume":"vol-51a0543e-c980-405f-81ab-08131c6feee3"} | ret=SUCCESS |  
2025-10-17 11:03:11,991 [ForkJoinPool-1-worker-1] INFO  rpc.RpcClient (RpcClient.java:createBucket(686)) - Creating Bucket: vol-51a0543e-c980-405f-81ab-08131c6feee3/buck-c0e98e29-5ab4-4716-a15d-d93cbfe12f91, with server-side default bucket layout, runner as owner, Versioning false, Storage Type set to DISK and Encryption set to false, Replication Type set to RATIS, Namespace Quota set to -1, Space Quota set to -1 
2025-10-17 11:03:11,993 [om1-OMStateMachineApplyTransactionThread - 0] INFO  bucket.OMBucketCreateRequest (OMBucketCreateRequest.java:validateAndUpdateCache(303)) - created bucket: buck-c0e98e29-5ab4-4716-a15d-d93cbfe12f91 of layout FILE_SYSTEM_OPTIMIZED in volume: vol-51a0543e-c980-405f-81ab-08131c6feee3
2025-10-17 11:03:11,993 | INFO  | OMAudit | user=runner | ip=127.0.0.1 | op=CREATE_BUCKET {"volume":"vol-51a0543e-c980-405f-81ab-08131c6feee3","bucket":"buck-c0e98e29-5ab4-4716-a15d-d93cbfe12f91","bucketLayout":"FILE_SYSTEM_OPTIMIZED","gdprEnabled":null,"acls":"[user:runner:a[ACCESS], group:runner:rl[ACCESS]]","isVersionEnabled":"false","storageType":"DISK","creationTime":"1760698991992","bucketEncryptionKey":null,"modificationTime":"1760698991992","usedBytes":"0","usedNamespace":"0","snapshotUsedBytes":"0","snapshotUsedNamespace":"0","owner":"runner","replicationType":"RATIS","replicationConfig":"THREE","quotaInBytes":"-1","quotaInNamespace":"-1","Transaction":"1936"} | ret=SUCCESS |  
2025-10-17 11:03:11,994 | INFO  | OMAudit | user=runner | ip=127.0.0.1 | op=READ_BUCKET {"volume":"vol-51a0543e-c980-405f-81ab-08131c6feee3","bucket":"buck-c0e98e29-5ab4-4716-a15d-d93cbfe12f91"} | ret=SUCCESS |  
2025-10-17 11:03:11,995 | INFO  | OMAudit | user=runner | ip=127.0.0.1 | op=READ_BUCKET {"volume":"vol-51a0543e-c980-405f-81ab-08131c6feee3","bucket":"buck-c0e98e29-5ab4-4716-a15d-d93cbfe12f91"} | ret=SUCCESS |  
2025-10-17 11:03:11,996 | INFO  | SCMAudit | user=runner | ip=127.0.0.1 | op=ALLOCATE_BLOCK {"replication":"RATIS/THREE","owner":"omServiceIdDefault","size":"4194304","sampleBlocks":"[conID: 15 locID: 115816896921600533]","num":"1","client":"127.0.0.1","allocated":"1"} | ret=SUCCESS |  
2025-10-17 11:03:11,997 | INFO  | OMAudit | user=runner | ip=127.0.0.1 | op=ALLOCATE_KEY {"volume":"vol-51a0543e-c980-405f-81ab-08131c6feee3","bucket":"buck-c0e98e29-5ab4-4716-a15d-d93cbfe12f91","key":"key-98f870c0-659c-4e12-bdee-d4fcc6d95dc7","dataSize":"8192","replicationType":"RATIS","replicationFactor":"THREE","Transaction":"1937"} | ret=SUCCESS |  
2025-10-17 11:03:12,004 [2b4cc429-f9c1-416c-9a38-6239a2e149ea-NettyServerStreamRpc-bossGroup--thread1] INFO  logging.LoggingHandler (AbstractInternalLogger.java:log(148)) - [id: 0x849c3418, L:/0.0.0.0:15056] READ: [id: 0xa62555f9, L:/127.0.0.1:15056 - R:/127.0.0.1:57280]
2025-10-17 11:03:12,005 [2b4cc429-f9c1-416c-9a38-6239a2e149ea-NettyServerStreamRpc-bossGroup--thread1] INFO  logging.LoggingHandler (AbstractInternalLogger.java:log(148)) - [id: 0x849c3418, L:/0.0.0.0:15056] READ COMPLETE
2025-10-17 11:03:12,007 [718bfa29-2c47-4ab5-ac61-3dfe9c6b9d5c-NettyServerStreamRpc-bossGroup--thread1] INFO  logging.LoggingHandler (AbstractInternalLogger.java:log(148)) - [id: 0x8a3c6ae6, L:/0.0.0.0:15040] READ: [id: 0x7a8013a1, L:/127.0.0.1:15040 - R:/127.0.0.1:34950]
2025-10-17 11:03:12,008 [718bfa29-2c47-4ab5-ac61-3dfe9c6b9d5c-NettyServerStreamRpc-bossGroup--thread1] INFO  logging.LoggingHandler (AbstractInternalLogger.java:log(148)) - [id: 0x8a3c6ae6, L:/0.0.0.0:15040] READ COMPLETE
2025-10-17 11:03:12,010 [b1eee25a-1fdf-4744-83c7-58e0513fce3b-NettyServerStreamRpc-bossGroup--thread1] INFO  logging.LoggingHandler (AbstractInternalLogger.java:log(148)) - [id: 0x449a6007, L:/0.0.0.0:15048] READ: [id: 0x4f1bb7a6, L:/127.0.0.1:15048 - R:/127.0.0.1:54878]
2025-10-17 11:03:12,011 [b1eee25a-1fdf-4744-83c7-58e0513fce3b-NettyServerStreamRpc-bossGroup--thread1] INFO  logging.LoggingHandler (AbstractInternalLogger.java:log(148)) - [id: 0x449a6007, L:/0.0.0.0:15048] READ COMPLETE
2025-10-17 11:03:12,035 | INFO  | OMAudit | user=runner | ip=127.0.0.1 | op=COMMIT_KEY {"volume":"vol-51a0543e-c980-405f-81ab-08131c6feee3","bucket":"buck-c0e98e29-5ab4-4716-a15d-d93cbfe12f91","key":"key-98f870c0-659c-4e12-bdee-d4fcc6d95dc7","dataSize":"8192","replicationType":"RATIS","replicationFactor":"THREE","Transaction":"1938"} | ret=SUCCESS |  
2025-10-17 11:03:12,037 | INFO  | OMAudit | user=runner | ip=127.0.0.1 | op=READ_KEY {"volume":"vol-51a0543e-c980-405f-81ab-08131c6feee3","bucket":"buck-c0e98e29-5ab4-4716-a15d-d93cbfe12f91","key":"key-98f870c0-659c-4e12-bdee-d4fcc6d95dc7","owner":null,"dataSize":"0","replicationConfig":null} | ret=SUCCESS |  
]]></system-out>
  </testcase>
  <testcase name="testUsedBytesWithUploadPart" classname="org.apache.hadoop.ozone.client.rpc.TestSecureOzoneRpcClient" time="0.197">
    <system-out><![CDATA[2025-10-17 11:03:12,113 [ForkJoinPool-1-worker-1] INFO  rpc.RpcClient (RpcClient.java:createVolume(461)) - Creating Volume: 02d0c981-864f-4545-b859-4901bb6126a6, with runner as owner and space quota set to -1 bytes, counts quota set to -1
2025-10-17 11:03:12,115 [om1-OMStateMachineApplyTransactionThread - 0] INFO  volume.OMVolumeCreateRequest (OMVolumeCreateRequest.java:validateAndUpdateCache(213)) - created volume:02d0c981-864f-4545-b859-4901bb6126a6 for user:runner
2025-10-17 11:03:12,115 | INFO  | OMAudit | user=runner | ip=127.0.0.1 | op=CREATE_VOLUME {"admin":"runner","owner":"runner","volume":"02d0c981-864f-4545-b859-4901bb6126a6","creationTime":"1760698992114","modificationTime":"1760698992114","quotaInBytes":"-1","quotaInNamespace":"-1","usedNamespace":"0","objectID":"-9223372036854279424","updateID":"1939","Transaction":"1939"} | ret=SUCCESS |  
2025-10-17 11:03:12,116 | INFO  | OMAudit | user=runner | ip=127.0.0.1 | op=READ_VOLUME {"volume":"02d0c981-864f-4545-b859-4901bb6126a6"} | ret=SUCCESS |  
2025-10-17 11:03:12,117 [ForkJoinPool-1-worker-1] INFO  rpc.RpcClient (RpcClient.java:createBucket(686)) - Creating Bucket: 02d0c981-864f-4545-b859-4901bb6126a6/8d6d3cf8-ed76-477f-958d-a2df84b8dfeb, with server-side default bucket layout, runner as owner, Versioning false, Storage Type set to DISK and Encryption set to false, Replication Type set to server-side default replication type, Namespace Quota set to -1, Space Quota set to -1 
2025-10-17 11:03:12,118 [om1-OMStateMachineApplyTransactionThread - 0] INFO  bucket.OMBucketCreateRequest (OMBucketCreateRequest.java:validateAndUpdateCache(303)) - created bucket: 8d6d3cf8-ed76-477f-958d-a2df84b8dfeb of layout FILE_SYSTEM_OPTIMIZED in volume: 02d0c981-864f-4545-b859-4901bb6126a6
2025-10-17 11:03:12,118 | INFO  | OMAudit | user=runner | ip=127.0.0.1 | op=CREATE_BUCKET {"volume":"02d0c981-864f-4545-b859-4901bb6126a6","bucket":"8d6d3cf8-ed76-477f-958d-a2df84b8dfeb","bucketLayout":"FILE_SYSTEM_OPTIMIZED","gdprEnabled":null,"acls":"[user:runner:a[ACCESS], group:runner:rl[ACCESS]]","isVersionEnabled":"false","storageType":"DISK","creationTime":"1760698992117","bucketEncryptionKey":null,"modificationTime":"1760698992117","usedBytes":"0","usedNamespace":"0","snapshotUsedBytes":"0","snapshotUsedNamespace":"0","owner":"runner","replicationType":null,"replicationConfig":null,"quotaInBytes":"-1","quotaInNamespace":"-1","Transaction":"1940"} | ret=SUCCESS |  
2025-10-17 11:03:12,119 | INFO  | OMAudit | user=runner | ip=127.0.0.1 | op=READ_BUCKET {"volume":"02d0c981-864f-4545-b859-4901bb6126a6","bucket":"8d6d3cf8-ed76-477f-958d-a2df84b8dfeb"} | ret=SUCCESS |  
2025-10-17 11:03:12,120 | INFO  | OMAudit | user=runner | ip=127.0.0.1 | op=INITIATE_MULTIPART_UPLOAD {"volume":"02d0c981-864f-4545-b859-4901bb6126a6","bucket":"8d6d3cf8-ed76-477f-958d-a2df84b8dfeb","key":"90dd3995-1dd7-4b0d-8800-c25b51be52d7","dataSize":"0","replicationType":"RATIS","replicationFactor":"ONE","uploadID":"0199f1d6-85f7-7ea5-9b40-a2dd8907ad69-115389169147511268","Transaction":"1941"} | ret=SUCCESS |  
2025-10-17 11:03:12,122 | INFO  | OMAudit | user=runner | ip=127.0.0.1 | op=ALLOCATE_KEY {"volume":"02d0c981-864f-4545-b859-4901bb6126a6","bucket":"8d6d3cf8-ed76-477f-958d-a2df84b8dfeb","key":"90dd3995-1dd7-4b0d-8800-c25b51be52d7","dataSize":"16777616","Transaction":"1942"} | ret=SUCCESS |  
2025-10-17 11:03:12,131 | INFO  | SCMAudit | user=runner | ip=127.0.0.1 | op=ALLOCATE_BLOCK {"replication":"RATIS/ONE","owner":"omServiceIdDefault","size":"4194304","sampleBlocks":"[conID: 10 locID: 115816896921600534]","num":"1","client":"","allocated":"1"} | ret=SUCCESS |  
2025-10-17 11:03:12,133 | INFO  | OMAudit | user=runner | ip=127.0.0.1 | op=ALLOCATE_BLOCK {"volume":"02d0c981-864f-4545-b859-4901bb6126a6","bucket":"8d6d3cf8-ed76-477f-958d-a2df84b8dfeb","key":"90dd3995-1dd7-4b0d-8800-c25b51be52d7","dataSize":"16777616","replicationType":"RATIS","replicationFactor":"ONE","clientID":"115389169147642341","Transaction":"1943"} | ret=SUCCESS |  
2025-10-17 11:03:12,139 [om1-KeyDeletingService#6] INFO  service.KeyDeletingService (KeyDeletingService.java:processKeyDeletes(151)) - Send 3 key(s) to SCM, first 3 keys: [PurgedKey{blockGroup=BlockGroup[groupID='/d537342d-438f-4946-906e-39722051037c/55823a18-c1a6-477c-a2cb-6a2c086cff01/5f46f92c-8db8-4288-8db6-60e473569cb7/0199f1d6-84e5-7f10-9299-7e0aecdfc4f6-115389169129554391/-9223372036854288895/0', blockIDs=[conID: 19 locID: 115816896921600526 bcsId: 0 replicaIndex: null]], volume='d537342d-438f-4946-906e-39722051037c', bucket='55823a18-c1a6-477c-a2cb-6a2c086cff01', bucketId=-9223372036854289408, purgedBytes=36, isCommittedKey=false, deleteKeyName='/d537342d-438f-4946-906e-39722051037c/55823a18-c1a6-477c-a2cb-6a2c086cff01/5f46f92c-8db8-4288-8db6-60e473569cb7/0199f1d6-84e5-7f10-9299-7e0aecdfc4f6-115389169129554391/-9223372036854288895'}, PurgedKey{blockGroup=BlockGroup[groupID='/e5b13f2e-a9e2-4dd5-98ce-6d0d866d99c3/ad6a8a03-7c6d-43c2-9369-40bfa76af146/f20e340b-0eac-4f70-8893-520b72e211ab/0199f1d6-8504-755d-ac08-0f5b2d204788-115389169131586010/-9223372036854286591/0', blockIDs=[conID: 25 locID: 115816896921600528 bcsId: 0 replicaIndex: null]], volume='e5b13f2e-a9e2-4dd5-98ce-6d0d866d99c3', bucket='ad6a8a03-7c6d-43c2-9369-40bfa76af146', bucketId=-9223372036854287104, purgedBytes=36, isCommittedKey=false, deleteKeyName='/e5b13f2e-a9e2-4dd5-98ce-6d0d866d99c3/ad6a8a03-7c6d-43c2-9369-40bfa76af146/f20e340b-0eac-4f70-8893-520b72e211ab/0199f1d6-8504-755d-ac08-0f5b2d204788-115389169131586010/-9223372036854286591'}, PurgedKey{blockGroup=BlockGroup[groupID='/b16dddfb-c7a7-4d45-bc96-680e0c28e762/d0f21d71-d4f5-460c-ae7e-c7ca324505e6/aeb91efa-6908-4d7b-b6a8-03f594bc5ecb/0199f1d6-84c8-7c83-9471-d36d48371568-115389169127653844/-9223372036854291199/0', blockIDs=[conID: 6 locID: 115816896921600524 bcsId: 0 replicaIndex: null]], volume='b16dddfb-c7a7-4d45-bc96-680e0c28e762', bucket='d0f21d71-d4f5-460c-ae7e-c7ca324505e6', bucketId=-9223372036854291712, purgedBytes=12, isCommittedKey=false, deleteKeyName='/b16dddfb-c7a7-4d45-bc96-680e0c28e762/d0f21d71-d4f5-460c-ae7e-c7ca324505e6/aeb91efa-6908-4d7b-b6a8-03f594bc5ecb/0199f1d6-84c8-7c83-9471-d36d48371568-115389169127653844/-9223372036854291199'}]
2025-10-17 11:03:12,141 | INFO  | SCMAudit | user=runner | ip=127.0.0.1 | op=DELETE_KEY_BLOCK {"KeyBlockToDelete":"[BlockGroup[groupID='/e5b13f2e-a9e2-4dd5-98ce-6d0d866d99c3/ad6a8a03-7c6d-43c2-9369-40bfa76af146/f20e340b-0eac-4f70-8893-520b72e211ab/0199f1d6-8504-755d-ac08-0f5b2d204788-115389169131586010/-9223372036854286591/0', blockIDs=[conID: 25 locID: 115816896921600528 bcsId: 0 replicaIndex: null]], BlockGroup[groupID='/b16dddfb-c7a7-4d45-bc96-680e0c28e762/d0f21d71-d4f5-460c-ae7e-c7ca324505e6/aeb91efa-6908-4d7b-b6a8-03f594bc5ecb/0199f1d6-84c8-7c83-9471-d36d48371568-115389169127653844/-9223372036854291199/0', blockIDs=[conID: 6 locID: 115816896921600524 bcsId: 0 replicaIndex: null]], BlockGroup[groupID='/d537342d-438f-4946-906e-39722051037c/55823a18-c1a6-477c-a2cb-6a2c086cff01/5f46f92c-8db8-4288-8db6-60e473569cb7/0199f1d6-84e5-7f10-9299-7e0aecdfc4f6-115389169129554391/-9223372036854288895/0', blockIDs=[conID: 19 locID: 115816896921600526 bcsId: 0 replicaIndex: null]]]"} | ret=SUCCESS |  
2025-10-17 11:03:12,142 [om1-KeyDeletingService#6] INFO  service.KeyDeletingService (KeyDeletingService.java:processKeyDeletes(158)) - 3 BlockGroup deletion are acked by SCM in 2 ms
2025-10-17 11:03:12,144 [om1-KeyDeletingService#6] INFO  service.KeyDeletingService (KeyDeletingService.java:processKeyDeletes(166)) - Blocks for 3 (out of 3) keys are deleted from DB in 2 ms. Limit per task is 50000.
2025-10-17 11:03:12,145 | INFO  | SCMAudit | user=runner | ip=127.0.0.1 | op=ALLOCATE_BLOCK {"replication":"RATIS/ONE","owner":"omServiceIdDefault","size":"4194304","sampleBlocks":"[conID: 9 locID: 115816896921600535]","num":"1","client":"","allocated":"1"} | ret=SUCCESS |  
2025-10-17 11:03:12,147 | INFO  | OMAudit | user=runner | ip=127.0.0.1 | op=ALLOCATE_BLOCK {"volume":"02d0c981-864f-4545-b859-4901bb6126a6","bucket":"8d6d3cf8-ed76-477f-958d-a2df84b8dfeb","key":"90dd3995-1dd7-4b0d-8800-c25b51be52d7","dataSize":"16777616","replicationType":"RATIS","replicationFactor":"ONE","clientID":"115389169147642341","Transaction":"1945"} | ret=SUCCESS |  
2025-10-17 11:03:12,161 | INFO  | SCMAudit | user=runner | ip=127.0.0.1 | op=ALLOCATE_BLOCK {"replication":"RATIS/ONE","owner":"omServiceIdDefault","size":"4194304","sampleBlocks":"[conID: 2 locID: 115816896921600536]","num":"1","client":"","allocated":"1"} | ret=SUCCESS |  
2025-10-17 11:03:12,163 | INFO  | OMAudit | user=runner | ip=127.0.0.1 | op=ALLOCATE_BLOCK {"volume":"02d0c981-864f-4545-b859-4901bb6126a6","bucket":"8d6d3cf8-ed76-477f-958d-a2df84b8dfeb","key":"90dd3995-1dd7-4b0d-8800-c25b51be52d7","dataSize":"16777616","replicationType":"RATIS","replicationFactor":"ONE","clientID":"115389169147642341","Transaction":"1946"} | ret=SUCCESS |  
2025-10-17 11:03:12,178 | INFO  | SCMAudit | user=runner | ip=127.0.0.1 | op=ALLOCATE_BLOCK {"replication":"RATIS/ONE","owner":"omServiceIdDefault","size":"4194304","sampleBlocks":"[conID: 4 locID: 115816896921600537]","num":"1","client":"","allocated":"1"} | ret=SUCCESS |  
2025-10-17 11:03:12,180 | INFO  | OMAudit | user=runner | ip=127.0.0.1 | op=ALLOCATE_BLOCK {"volume":"02d0c981-864f-4545-b859-4901bb6126a6","bucket":"8d6d3cf8-ed76-477f-958d-a2df84b8dfeb","key":"90dd3995-1dd7-4b0d-8800-c25b51be52d7","dataSize":"16777616","replicationType":"RATIS","replicationFactor":"ONE","clientID":"115389169147642341","Transaction":"1947"} | ret=SUCCESS |  
2025-10-17 11:03:12,191 | INFO  | SCMAudit | user=runner | ip=127.0.0.1 | op=ALLOCATE_BLOCK {"replication":"RATIS/ONE","owner":"omServiceIdDefault","size":"4194304","sampleBlocks":"[conID: 2 locID: 115816896921600538]","num":"1","client":"","allocated":"1"} | ret=SUCCESS |  
2025-10-17 11:03:12,193 | INFO  | OMAudit | user=runner | ip=127.0.0.1 | op=ALLOCATE_BLOCK {"volume":"02d0c981-864f-4545-b859-4901bb6126a6","bucket":"8d6d3cf8-ed76-477f-958d-a2df84b8dfeb","key":"90dd3995-1dd7-4b0d-8800-c25b51be52d7","dataSize":"16777616","replicationType":"RATIS","replicationFactor":"ONE","clientID":"115389169147642341","Transaction":"1948"} | ret=SUCCESS |  
2025-10-17 11:03:12,235 | INFO  | OMAudit | user=runner | ip=127.0.0.1 | op=COMMIT_MULTIPART_UPLOAD_PARTKEY {"volume":"02d0c981-864f-4545-b859-4901bb6126a6","bucket":"8d6d3cf8-ed76-477f-958d-a2df84b8dfeb","key":"90dd3995-1dd7-4b0d-8800-c25b51be52d7","dataSize":"16777616","ETag":"7325c9a117f66feaf1fdb34ed66e1a1b","uploadID":"0199f1d6-85f7-7ea5-9b40-a2dd8907ad69-115389169147511268","partNumber":"1","partName":"/02d0c981-864f-4545-b859-4901bb6126a6/8d6d3cf8-ed76-477f-958d-a2df84b8dfeb/90dd3995-1dd7-4b0d-8800-c25b51be52d7-0199f1d6-85f7-7ea5-9b40-a2dd8907ad69-115389169147511268-1","Transaction":"1949"} | ret=SUCCESS |  
2025-10-17 11:03:12,236 | INFO  | OMAudit | user=runner | ip=127.0.0.1 | op=READ_VOLUME {"volume":"02d0c981-864f-4545-b859-4901bb6126a6"} | ret=SUCCESS |  
2025-10-17 11:03:12,237 | INFO  | OMAudit | user=runner | ip=127.0.0.1 | op=READ_BUCKET {"volume":"02d0c981-864f-4545-b859-4901bb6126a6","bucket":"8d6d3cf8-ed76-477f-958d-a2df84b8dfeb"} | ret=SUCCESS |  
2025-10-17 11:03:12,238 | INFO  | OMAudit | user=runner | ip=127.0.0.1 | op=ABORT_MULTIPART_UPLOAD {"volume":"02d0c981-864f-4545-b859-4901bb6126a6","bucket":"8d6d3cf8-ed76-477f-958d-a2df84b8dfeb","key":"90dd3995-1dd7-4b0d-8800-c25b51be52d7","dataSize":"0","uploadID":"0199f1d6-85f7-7ea5-9b40-a2dd8907ad69-115389169147511268","Transaction":"1950"} | ret=SUCCESS |  
2025-10-17 11:03:12,239 | INFO  | OMAudit | user=runner | ip=127.0.0.1 | op=READ_VOLUME {"volume":"02d0c981-864f-4545-b859-4901bb6126a6"} | ret=SUCCESS |  
2025-10-17 11:03:12,240 | INFO  | OMAudit | user=runner | ip=127.0.0.1 | op=READ_BUCKET {"volume":"02d0c981-864f-4545-b859-4901bb6126a6","bucket":"8d6d3cf8-ed76-477f-958d-a2df84b8dfeb"} | ret=SUCCESS |  
]]></system-out>
  </testcase>
  <testcase name="testValidateBlockLengthWithCommitKey" classname="org.apache.hadoop.ozone.client.rpc.TestSecureOzoneRpcClient" time="0.014">
    <system-out><![CDATA[2025-10-17 11:03:12,241 | INFO  | SCMAudit | user=runner | ip=127.0.0.1 | op=SEND_HEARTBEAT {"datanodeUUID":"28c08cd4-c049-4c66-8210-e254cf68b291","term":"2","command":"[]"} | ret=SUCCESS |  
2025-10-17 11:03:12,241 [EventQueue-PipelineActionsForPipelineActionHandler] INFO  pipeline.PipelineActionHandler (PipelineActionHandler.java:processPipelineAction(89)) - Received pipeline action CLOSE for Pipeline-7345f0ea-8df2-4439-b2f1-0dbc4bfeaa43 from datanode 28c08cd4-c049-4c66-8210-e254cf68b291(localhost/127.0.0.1). Reason : Ratis Transaction failure in datanode 28c08cd4-c049-4c66-8210-e254cf68b291 with role FOLLOWER .Triggering pipeline close action.
2025-10-17 11:03:12,241 | INFO  | SCMAudit | user=runner | ip=127.0.0.1 | op=SEND_HEARTBEAT {"datanodeUUID":"50dccd39-549f-4f43-8b1f-597bf98f9c16","term":"2","command":"[]"} | ret=SUCCESS |  
2025-10-17 11:03:12,242 [ForkJoinPool-1-worker-1] INFO  rpc.RpcClient (RpcClient.java:createVolume(461)) - Creating Volume: c4f17ae3-f94a-420b-a21f-c8b7a22866a4, with runner as owner and space quota set to -1 bytes, counts quota set to -1
2025-10-17 11:03:12,242 | INFO  | SCMAudit | user=runner | ip=127.0.0.1 | op=SEND_HEARTBEAT {"datanodeUUID":"2b4cc429-f9c1-416c-9a38-6239a2e149ea","term":"2","command":"[]"} | ret=SUCCESS |  
2025-10-17 11:03:12,242 [EventQueue-PipelineActionsForPipelineActionHandler] INFO  pipeline.PipelineActionHandler (PipelineActionHandler.java:processPipelineAction(89)) - Received pipeline action CLOSE for Pipeline-94abbb40-729e-490b-8eb4-7468994f70af from datanode 2b4cc429-f9c1-416c-9a38-6239a2e149ea(localhost/127.0.0.1). Reason : Ratis Transaction failure in datanode 2b4cc429-f9c1-416c-9a38-6239a2e149ea with role LEADER .Triggering pipeline close action.
2025-10-17 11:03:12,243 [om1-OMStateMachineApplyTransactionThread - 0] INFO  volume.OMVolumeCreateRequest (OMVolumeCreateRequest.java:validateAndUpdateCache(213)) - created volume:c4f17ae3-f94a-420b-a21f-c8b7a22866a4 for user:runner
2025-10-17 11:03:12,243 | INFO  | OMAudit | user=runner | ip=127.0.0.1 | op=CREATE_VOLUME {"admin":"runner","owner":"runner","volume":"c4f17ae3-f94a-420b-a21f-c8b7a22866a4","creationTime":"1760698992242","modificationTime":"1760698992242","quotaInBytes":"-1","quotaInNamespace":"-1","usedNamespace":"0","objectID":"-9223372036854276352","updateID":"1951","Transaction":"1951"} | ret=SUCCESS |  
2025-10-17 11:03:12,243 | INFO  | OMAudit | user=runner | ip=127.0.0.1 | op=READ_VOLUME {"volume":"c4f17ae3-f94a-420b-a21f-c8b7a22866a4"} | ret=SUCCESS |  
2025-10-17 11:03:12,244 [ForkJoinPool-1-worker-1] INFO  rpc.RpcClient (RpcClient.java:createBucket(686)) - Creating Bucket: c4f17ae3-f94a-420b-a21f-c8b7a22866a4/e56c259a-e781-453f-9cb1-4d24e910d3ec, with server-side default bucket layout, runner as owner, Versioning false, Storage Type set to DISK and Encryption set to false, Replication Type set to server-side default replication type, Namespace Quota set to -1, Space Quota set to -1 
2025-10-17 11:03:12,244 | INFO  | SCMAudit | user=runner | ip=127.0.0.1 | op=SEND_HEARTBEAT {"datanodeUUID":"7995ae7b-77ec-4e72-809d-814459f62ee0","term":"2","command":"[]"} | ret=SUCCESS |  
2025-10-17 11:03:12,244 [EventQueue-PipelineActionsForPipelineActionHandler] INFO  pipeline.PipelineActionHandler (PipelineActionHandler.java:processPipelineAction(89)) - Received pipeline action CLOSE for Pipeline-7345f0ea-8df2-4439-b2f1-0dbc4bfeaa43 from datanode 7995ae7b-77ec-4e72-809d-814459f62ee0(localhost/127.0.0.1). Reason : Ratis Transaction failure in datanode 7995ae7b-77ec-4e72-809d-814459f62ee0 with role FOLLOWER .Triggering pipeline close action.
2025-10-17 11:03:12,245 [om1-OMStateMachineApplyTransactionThread - 0] INFO  bucket.OMBucketCreateRequest (OMBucketCreateRequest.java:validateAndUpdateCache(303)) - created bucket: e56c259a-e781-453f-9cb1-4d24e910d3ec of layout FILE_SYSTEM_OPTIMIZED in volume: c4f17ae3-f94a-420b-a21f-c8b7a22866a4
2025-10-17 11:03:12,245 | INFO  | OMAudit | user=runner | ip=127.0.0.1 | op=CREATE_BUCKET {"volume":"c4f17ae3-f94a-420b-a21f-c8b7a22866a4","bucket":"e56c259a-e781-453f-9cb1-4d24e910d3ec","bucketLayout":"FILE_SYSTEM_OPTIMIZED","gdprEnabled":null,"acls":"[user:runner:a[ACCESS], group:runner:rl[ACCESS]]","isVersionEnabled":"false","storageType":"DISK","creationTime":"1760698992244","bucketEncryptionKey":null,"modificationTime":"1760698992244","usedBytes":"0","usedNamespace":"0","snapshotUsedBytes":"0","snapshotUsedNamespace":"0","owner":"runner","replicationType":null,"replicationConfig":null,"quotaInBytes":"-1","quotaInNamespace":"-1","Transaction":"1952"} | ret=SUCCESS |  
2025-10-17 11:03:12,245 | INFO  | OMAudit | user=runner | ip=127.0.0.1 | op=READ_BUCKET {"volume":"c4f17ae3-f94a-420b-a21f-c8b7a22866a4","bucket":"e56c259a-e781-453f-9cb1-4d24e910d3ec"} | ret=SUCCESS |  
2025-10-17 11:03:12,246 | INFO  | SCMAudit | user=runner | ip=127.0.0.1 | op=SEND_HEARTBEAT {"datanodeUUID":"b292b6be-9482-4c30-a3e0-c9f721931b72","term":"2","command":"[]"} | ret=SUCCESS |  
2025-10-17 11:03:12,246 [EventQueue-PipelineActionsForPipelineActionHandler] INFO  pipeline.PipelineActionHandler (PipelineActionHandler.java:processPipelineAction(89)) - Received pipeline action CLOSE for Pipeline-72e95c79-0fe3-4346-a9e3-bd423c7185ab from datanode b292b6be-9482-4c30-a3e0-c9f721931b72(localhost/127.0.0.1). Reason : Ratis Transaction failure in datanode b292b6be-9482-4c30-a3e0-c9f721931b72 with role LEADER .Triggering pipeline close action.
2025-10-17 11:03:12,246 | INFO  | OMAudit | user=runner | ip=127.0.0.1 | op=READ_BUCKET {"volume":"c4f17ae3-f94a-420b-a21f-c8b7a22866a4","bucket":"e56c259a-e781-453f-9cb1-4d24e910d3ec"} | ret=SUCCESS |  
2025-10-17 11:03:12,247 | INFO  | SCMAudit | user=runner | ip=127.0.0.1 | op=ALLOCATE_BLOCK {"replication":"RATIS/ONE","owner":"omServiceIdDefault","size":"4194304","sampleBlocks":"[conID: 9 locID: 115816896921600539]","num":"1","client":"","allocated":"1"} | ret=SUCCESS |  
2025-10-17 11:03:12,248 | INFO  | OMAudit | user=runner | ip=127.0.0.1 | op=ALLOCATE_KEY {"volume":"c4f17ae3-f94a-420b-a21f-c8b7a22866a4","bucket":"e56c259a-e781-453f-9cb1-4d24e910d3ec","key":"0372bfed-c42f-40a4-afdf-0886902f41e9","dataSize":"694","replicationType":"RATIS","replicationFactor":"ONE","Transaction":"1953"} | ret=SUCCESS |  
2025-10-17 11:03:12,252 | INFO  | OMAudit | user=runner | ip=127.0.0.1 | op=COMMIT_KEY {"volume":"c4f17ae3-f94a-420b-a21f-c8b7a22866a4","bucket":"e56c259a-e781-453f-9cb1-4d24e910d3ec","key":"0372bfed-c42f-40a4-afdf-0886902f41e9","dataSize":"694","replicationType":"RATIS","replicationFactor":"ONE","Transaction":"1954"} | ret=SUCCESS |  
2025-10-17 11:03:12,254 | INFO  | SCMAudit | user=runner | ip=127.0.0.1 | op=GET_CONTAINER_WITH_PIPELINE_BATCH {"containerIDs":"#9,"} | ret=SUCCESS |  
2025-10-17 11:03:12,254 | INFO  | OMAudit | user=null | ip= | op=READ_KEY {"volume":"c4f17ae3-f94a-420b-a21f-c8b7a22866a4","bucket":"e56c259a-e781-453f-9cb1-4d24e910d3ec","key":"0372bfed-c42f-40a4-afdf-0886902f41e9","owner":null,"dataSize":"0","replicationConfig":null} | ret=SUCCESS |  
]]></system-out>
  </testcase>
  <testcase name="testVolumeSetOwner" classname="org.apache.hadoop.ozone.client.rpc.TestSecureOzoneRpcClient" time="0.007">
    <system-out><![CDATA[2025-10-17 11:03:12,256 [ForkJoinPool-1-worker-1] INFO  rpc.RpcClient (RpcClient.java:createVolume(461)) - Creating Volume: 129627b9-06f3-4f35-be82-451514d4ca79, with runner as owner and space quota set to -1 bytes, counts quota set to -1
2025-10-17 11:03:12,257 [om1-OMStateMachineApplyTransactionThread - 0] INFO  volume.OMVolumeCreateRequest (OMVolumeCreateRequest.java:validateAndUpdateCache(213)) - created volume:129627b9-06f3-4f35-be82-451514d4ca79 for user:runner
2025-10-17 11:03:12,257 | INFO  | OMAudit | user=runner | ip=127.0.0.1 | op=CREATE_VOLUME {"admin":"runner","owner":"runner","volume":"129627b9-06f3-4f35-be82-451514d4ca79","creationTime":"1760698992256","modificationTime":"1760698992256","quotaInBytes":"-1","quotaInNamespace":"-1","usedNamespace":"0","objectID":"-9223372036854275328","updateID":"1955","Transaction":"1955"} | ret=SUCCESS |  
2025-10-17 11:03:12,260 | INFO  | OMAudit | user=runner | ip=127.0.0.1 | op=SET_OWNER {"volume":"129627b9-06f3-4f35-be82-451514d4ca79","owner":"someRandomUser1","Transaction":"1956"} | ret=SUCCESS |  
2025-10-17 11:03:12,261 [om1-OMStateMachineApplyTransactionThread - 0] WARN  volume.OMVolumeSetOwnerRequest (OMVolumeSetOwnerRequest.java:validateAndUpdateCache(131)) - Volume '129627b9-06f3-4f35-be82-451514d4ca79' owner is already user 'someRandomUser1'.
]]></system-out>
  </testcase>
  <testcase name="testVolumeUsedNamespace" classname="org.apache.hadoop.ozone.client.rpc.TestSecureOzoneRpcClient" time="0.019">
    <system-out><![CDATA[2025-10-17 11:03:12,262 [ForkJoinPool-1-worker-1] INFO  rpc.RpcClient (RpcClient.java:createVolume(461)) - Creating Volume: e5b5afa8-383c-47ab-b62b-699fd6a61b7a, with runner as owner and space quota set to -1 bytes, counts quota set to 1
2025-10-17 11:03:12,263 [om1-OMStateMachineApplyTransactionThread - 0] INFO  volume.OMVolumeCreateRequest (OMVolumeCreateRequest.java:validateAndUpdateCache(213)) - created volume:e5b5afa8-383c-47ab-b62b-699fd6a61b7a for user:runner
2025-10-17 11:03:12,263 | INFO  | OMAudit | user=runner | ip=127.0.0.1 | op=CREATE_VOLUME {"admin":"runner","owner":"runner","volume":"e5b5afa8-383c-47ab-b62b-699fd6a61b7a","creationTime":"1760698992263","modificationTime":"1760698992263","quotaInBytes":"-1","quotaInNamespace":"1","usedNamespace":"0","objectID":"-9223372036854274560","updateID":"1958","Transaction":"1958"} | ret=SUCCESS |  
2025-10-17 11:03:12,264 | INFO  | SCMAudit | user=runner | ip=127.0.0.1 | op=SEND_HEARTBEAT {"datanodeUUID":"a5293c95-44e9-4ea9-88ca-89089eac4b59","term":"2","command":"[]"} | ret=SUCCESS |  
2025-10-17 11:03:12,264 | INFO  | OMAudit | user=runner | ip=127.0.0.1 | op=READ_VOLUME {"volume":"e5b5afa8-383c-47ab-b62b-699fd6a61b7a"} | ret=SUCCESS |  
2025-10-17 11:03:12,264 | INFO  | SCMAudit | user=runner | ip=127.0.0.1 | op=SEND_HEARTBEAT {"datanodeUUID":"309ab1ff-9f5a-4058-8b2f-94d451ce5267","term":"2","command":"[]"} | ret=SUCCESS |  
2025-10-17 11:03:12,264 [ForkJoinPool-1-worker-1] INFO  rpc.RpcClient (RpcClient.java:createBucket(686)) - Creating Bucket: e5b5afa8-383c-47ab-b62b-699fd6a61b7a/c730405b-0011-4753-8f7a-87cf5040e15b, with server-side default bucket layout, runner as owner, Versioning false, Storage Type set to DISK and Encryption set to false, Replication Type set to server-side default replication type, Namespace Quota set to -1, Space Quota set to -1 
2025-10-17 11:03:12,264 [EventQueue-PipelineActionsForPipelineActionHandler] INFO  pipeline.PipelineActionHandler (PipelineActionHandler.java:processPipelineAction(89)) - Received pipeline action CLOSE for Pipeline-72e95c79-0fe3-4346-a9e3-bd423c7185ab from datanode 309ab1ff-9f5a-4058-8b2f-94d451ce5267(localhost/127.0.0.1). Reason : Ratis Transaction failure in datanode 309ab1ff-9f5a-4058-8b2f-94d451ce5267 with role FOLLOWER .Triggering pipeline close action.
2025-10-17 11:03:12,265 | INFO  | SCMAudit | user=runner | ip=127.0.0.1 | op=SEND_HEARTBEAT {"datanodeUUID":"99c47355-c013-4450-a734-aff6d3c99677","term":"2","command":"[]"} | ret=SUCCESS |  
2025-10-17 11:03:12,265 [EventQueue-PipelineActionsForPipelineActionHandler] INFO  pipeline.PipelineActionHandler (PipelineActionHandler.java:processPipelineAction(89)) - Received pipeline action CLOSE for Pipeline-72e95c79-0fe3-4346-a9e3-bd423c7185ab from datanode 99c47355-c013-4450-a734-aff6d3c99677(localhost/127.0.0.1). Reason : Ratis Transaction failure in datanode 99c47355-c013-4450-a734-aff6d3c99677 with role FOLLOWER .Triggering pipeline close action.
2025-10-17 11:03:12,266 [om1-OMStateMachineApplyTransactionThread - 0] INFO  bucket.OMBucketCreateRequest (OMBucketCreateRequest.java:validateAndUpdateCache(303)) - created bucket: c730405b-0011-4753-8f7a-87cf5040e15b of layout FILE_SYSTEM_OPTIMIZED in volume: e5b5afa8-383c-47ab-b62b-699fd6a61b7a
2025-10-17 11:03:12,266 | INFO  | OMAudit | user=runner | ip=127.0.0.1 | op=CREATE_BUCKET {"volume":"e5b5afa8-383c-47ab-b62b-699fd6a61b7a","bucket":"c730405b-0011-4753-8f7a-87cf5040e15b","bucketLayout":"FILE_SYSTEM_OPTIMIZED","gdprEnabled":null,"acls":"[user:runner:a[ACCESS], group:runner:rl[ACCESS]]","isVersionEnabled":"false","storageType":"DISK","creationTime":"1760698992265","bucketEncryptionKey":null,"modificationTime":"1760698992265","usedBytes":"0","usedNamespace":"0","snapshotUsedBytes":"0","snapshotUsedNamespace":"0","owner":"runner","replicationType":null,"replicationConfig":null,"quotaInBytes":"-1","quotaInNamespace":"-1","Transaction":"1959"} | ret=SUCCESS |  
2025-10-17 11:03:12,266 | INFO  | SCMAudit | user=runner | ip=127.0.0.1 | op=SEND_HEARTBEAT {"datanodeUUID":"dbd6f242-9b73-4bca-a110-3e2ec656b979","term":"2","command":"[]"} | ret=SUCCESS |  
2025-10-17 11:03:12,267 | INFO  | OMAudit | user=runner | ip=127.0.0.1 | op=READ_VOLUME {"volume":"e5b5afa8-383c-47ab-b62b-699fd6a61b7a"} | ret=SUCCESS |  
2025-10-17 11:03:12,267 [EventQueue-PipelineActionsForPipelineActionHandler] INFO  pipeline.PipelineActionHandler (PipelineActionHandler.java:processPipelineAction(89)) - Received pipeline action CLOSE for Pipeline-7345f0ea-8df2-4439-b2f1-0dbc4bfeaa43 from datanode 3a11eef6-a527-493c-8ba3-ae39ecaefa56(localhost/127.0.0.1). Reason : Ratis Transaction failure in datanode 3a11eef6-a527-493c-8ba3-ae39ecaefa56 with role LEADER .Triggering pipeline close action.
2025-10-17 11:03:12,267 | INFO  | SCMAudit | user=runner | ip=127.0.0.1 | op=SEND_HEARTBEAT {"datanodeUUID":"3a11eef6-a527-493c-8ba3-ae39ecaefa56","term":"2","command":"[]"} | ret=SUCCESS |  
2025-10-17 11:03:12,268 [ForkJoinPool-1-worker-1] INFO  rpc.RpcClient (RpcClient.java:createBucket(686)) - Creating Bucket: e5b5afa8-383c-47ab-b62b-699fd6a61b7a/48884d11-f590-44ed-ae47-8d3fdd63eaec, with server-side default bucket layout, runner as owner, Versioning false, Storage Type set to DISK and Encryption set to false, Replication Type set to server-side default replication type, Namespace Quota set to -1, Space Quota set to -1 
2025-10-17 11:03:12,268 | INFO  | SCMAudit | user=runner | ip=127.0.0.1 | op=SEND_HEARTBEAT {"datanodeUUID":"b6f92338-e951-49df-a986-ea31ece96e9e","term":"2","command":"[]"} | ret=SUCCESS |  
2025-10-17 11:03:12,269 [om1-OMStateMachineApplyTransactionThread - 0] ERROR bucket.OMBucketCreateRequest (OMBucketCreateRequest.java:validateAndUpdateCache(315)) - Bucket creation failed for bucket:48884d11-f590-44ed-ae47-8d3fdd63eaec in volume:e5b5afa8-383c-47ab-b62b-699fd6a61b7a
QUOTA_EXCEEDED org.apache.hadoop.ozone.om.exceptions.OMException: The namespace quota of Volume:e5b5afa8-383c-47ab-b62b-699fd6a61b7a exceeded: quotaInNamespace: 1 but namespace consumed: 2.
	at org.apache.hadoop.ozone.om.request.bucket.OMBucketCreateRequest.checkQuotaInNamespace(OMBucketCreateRequest.java:361)
	at org.apache.hadoop.ozone.om.request.bucket.OMBucketCreateRequest.validateAndUpdateCache(OMBucketCreateRequest.java:263)
	at org.apache.hadoop.ozone.protocolPB.OzoneManagerRequestHandler.lambda$0(OzoneManagerRequestHandler.java:418)
	at org.apache.hadoop.ozone.util.MetricUtil.captureLatencyNs(MetricUtil.java:45)
	at org.apache.hadoop.ozone.protocolPB.OzoneManagerRequestHandler.handleWriteRequestImpl(OzoneManagerRequestHandler.java:416)
	at org.apache.hadoop.ozone.protocolPB.RequestHandler.handleWriteRequest(RequestHandler.java:62)
	at org.apache.hadoop.ozone.om.ratis.OzoneManagerStateMachine.runCommand(OzoneManagerStateMachine.java:599)
	at org.apache.hadoop.ozone.om.ratis.OzoneManagerStateMachine.lambda$3(OzoneManagerStateMachine.java:415)
	at java.base/java.util.concurrent.CompletableFuture$AsyncSupply.run(CompletableFuture.java:1768)
	at java.base/java.util.concurrent.ThreadPoolExecutor.runWorker(ThreadPoolExecutor.java:1144)
	at java.base/java.util.concurrent.ThreadPoolExecutor$Worker.run(ThreadPoolExecutor.java:642)
	at java.base/java.lang.Thread.run(Thread.java:1583)
2025-10-17 11:03:12,269 | ERROR | OMAudit | user=runner | ip=127.0.0.1 | op=CREATE_BUCKET {"volume":"e5b5afa8-383c-47ab-b62b-699fd6a61b7a","bucket":"48884d11-f590-44ed-ae47-8d3fdd63eaec","bucketLayout":"FILE_SYSTEM_OPTIMIZED","gdprEnabled":null,"acls":"[user:runner:a[ACCESS], group:runner:rl[ACCESS]]","isVersionEnabled":"false","storageType":"DISK","creationTime":"1760698992268","bucketEncryptionKey":null,"modificationTime":"1760698992268","usedBytes":"0","usedNamespace":"0","snapshotUsedBytes":"0","snapshotUsedNamespace":"0","owner":"runner","replicationType":null,"replicationConfig":null,"quotaInBytes":"-1","quotaInNamespace":"-1","Transaction":"1960"} | ret=FAILURE | 
org.apache.hadoop.ozone.om.exceptions.OMException: The namespace quota of Volume:e5b5afa8-383c-47ab-b62b-699fd6a61b7a exceeded: quotaInNamespace: 1 but namespace consumed: 2.
	at org.apache.hadoop.ozone.om.request.bucket.OMBucketCreateRequest.checkQuotaInNamespace(OMBucketCreateRequest.java:361)
	at org.apache.hadoop.ozone.om.request.bucket.OMBucketCreateRequest.validateAndUpdateCache(OMBucketCreateRequest.java:263)
 
2025-10-17 11:03:12,269 [ForkJoinPool-1-worker-1] INFO  rpc.RpcClient (RpcClient.java:createVolume(461)) - Creating Volume: 370489bc-1686-4969-887d-0b15314a558a, with runner as owner and space quota set to -1 bytes, counts quota set to -1
2025-10-17 11:03:12,270 [om1-OMStateMachineApplyTransactionThread - 0] INFO  volume.OMVolumeCreateRequest (OMVolumeCreateRequest.java:validateAndUpdateCache(213)) - created volume:370489bc-1686-4969-887d-0b15314a558a for user:runner
2025-10-17 11:03:12,270 | INFO  | OMAudit | user=runner | ip=127.0.0.1 | op=CREATE_VOLUME {"admin":"runner","owner":"runner","volume":"370489bc-1686-4969-887d-0b15314a558a","creationTime":"1760698992270","modificationTime":"1760698992270","quotaInBytes":"-1","quotaInNamespace":"-1","usedNamespace":"0","objectID":"-9223372036854273792","updateID":"1961","Transaction":"1961"} | ret=SUCCESS |  
2025-10-17 11:03:12,271 | INFO  | SCMAudit | user=runner | ip=127.0.0.1 | op=SEND_HEARTBEAT {"datanodeUUID":"ed6e9581-5875-4278-a8db-50829892434b","term":"2","command":"[]"} | ret=SUCCESS |  
2025-10-17 11:03:12,272 | INFO  | SCMAudit | user=runner | ip=127.0.0.1 | op=SEND_HEARTBEAT {"datanodeUUID":"b1eee25a-1fdf-4744-83c7-58e0513fce3b","term":"2","command":"[]"} | ret=SUCCESS |  
2025-10-17 11:03:12,272 [EventQueue-PipelineActionsForPipelineActionHandler] INFO  pipeline.PipelineActionHandler (PipelineActionHandler.java:processPipelineAction(89)) - Received pipeline action CLOSE for Pipeline-94abbb40-729e-490b-8eb4-7468994f70af from datanode b1eee25a-1fdf-4744-83c7-58e0513fce3b(localhost/127.0.0.1). Reason : Ratis Transaction failure in datanode b1eee25a-1fdf-4744-83c7-58e0513fce3b with role FOLLOWER .Triggering pipeline close action.
2025-10-17 11:03:12,272 | INFO  | OMAudit | user=runner | ip=127.0.0.1 | op=READ_VOLUME {"volume":"370489bc-1686-4969-887d-0b15314a558a"} | ret=SUCCESS |  
2025-10-17 11:03:12,272 [ForkJoinPool-1-worker-1] INFO  rpc.RpcClient (RpcClient.java:createBucket(686)) - Creating Bucket: 370489bc-1686-4969-887d-0b15314a558a/418140b7-7747-45f4-b05c-9582ffef07e5, with server-side default bucket layout, runner as owner, Versioning false, Storage Type set to DISK and Encryption set to false, Replication Type set to server-side default replication type, Namespace Quota set to -1, Space Quota set to -1 
2025-10-17 11:03:12,274 | INFO  | SCMAudit | user=runner | ip=127.0.0.1 | op=SEND_HEARTBEAT {"datanodeUUID":"718bfa29-2c47-4ab5-ac61-3dfe9c6b9d5c","term":"2","command":"[]"} | ret=SUCCESS |  
2025-10-17 11:03:12,274 [om1-OMStateMachineApplyTransactionThread - 0] INFO  bucket.OMBucketCreateRequest (OMBucketCreateRequest.java:validateAndUpdateCache(303)) - created bucket: 418140b7-7747-45f4-b05c-9582ffef07e5 of layout FILE_SYSTEM_OPTIMIZED in volume: 370489bc-1686-4969-887d-0b15314a558a
2025-10-17 11:03:12,274 [EventQueue-PipelineActionsForPipelineActionHandler] INFO  pipeline.PipelineActionHandler (PipelineActionHandler.java:processPipelineAction(89)) - Received pipeline action CLOSE for Pipeline-94abbb40-729e-490b-8eb4-7468994f70af from datanode 718bfa29-2c47-4ab5-ac61-3dfe9c6b9d5c(localhost/127.0.0.1). Reason : Ratis Transaction failure in datanode 718bfa29-2c47-4ab5-ac61-3dfe9c6b9d5c with role FOLLOWER .Triggering pipeline close action.
2025-10-17 11:03:12,274 | INFO  | OMAudit | user=runner | ip=127.0.0.1 | op=CREATE_BUCKET {"volume":"370489bc-1686-4969-887d-0b15314a558a","bucket":"418140b7-7747-45f4-b05c-9582ffef07e5","bucketLayout":"FILE_SYSTEM_OPTIMIZED","gdprEnabled":null,"acls":"[user:runner:a[ACCESS], group:runner:rl[ACCESS], world:WORLD:rw[ACCESS]]","isVersionEnabled":"false","storageType":"DISK","creationTime":"1760698992273","bucketEncryptionKey":null,"modificationTime":"1760698992273","sourceVolume":"e5b5afa8-383c-47ab-b62b-699fd6a61b7a","sourceBucket":"c730405b-0011-4753-8f7a-87cf5040e15b","usedBytes":"0","usedNamespace":"0","snapshotUsedBytes":"0","snapshotUsedNamespace":"0","owner":"runner","replicationType":null,"replicationConfig":null,"quotaInBytes":"-1","quotaInNamespace":"-1","Transaction":"1962"} | ret=SUCCESS |  
2025-10-17 11:03:12,275 | INFO  | OMAudit | user=runner | ip=127.0.0.1 | op=READ_VOLUME {"volume":"e5b5afa8-383c-47ab-b62b-699fd6a61b7a"} | ret=SUCCESS |  
2025-10-17 11:03:12,275 | INFO  | OMAudit | user=runner | ip=127.0.0.1 | op=READ_VOLUME {"volume":"e5b5afa8-383c-47ab-b62b-699fd6a61b7a"} | ret=SUCCESS |  
2025-10-17 11:03:12,277 | INFO  | OMAudit | user=runner | ip=127.0.0.1 | op=SET_QUOTA {"volume":"e5b5afa8-383c-47ab-b62b-699fd6a61b7a","quotaInBytes":"-1","Transaction":"1963"} | ret=SUCCESS |  
2025-10-17 11:03:12,277 | INFO  | OMAudit | user=runner | ip=127.0.0.1 | op=READ_VOLUME {"volume":"e5b5afa8-383c-47ab-b62b-699fd6a61b7a"} | ret=SUCCESS |  
2025-10-17 11:03:12,279 [om1-OMStateMachineApplyTransactionThread - 0] DEBUG db.CodecBuffer (CodecBuffer.java:setCapacity(331)) - setCapacity: 4096 -> 7897, max=2147483647
2025-10-17 11:03:12,280 | INFO  | OMAudit | user=runner | ip=127.0.0.1 | op=DELETE_BUCKET {"volume":"e5b5afa8-383c-47ab-b62b-699fd6a61b7a","bucket":"c730405b-0011-4753-8f7a-87cf5040e15b","Transaction":"1964"} | ret=SUCCESS |  
2025-10-17 11:03:12,281 | INFO  | OMAudit | user=runner | ip=127.0.0.1 | op=READ_VOLUME {"volume":"e5b5afa8-383c-47ab-b62b-699fd6a61b7a"} | ret=SUCCESS |  
]]></system-out>
  </testcase>
  <testcase name="testZReadKeyWithUnhealthyContainerReplica" classname="org.apache.hadoop.ozone.client.rpc.TestSecureOzoneRpcClient" time="0.001"/>
</testsuite>